<?xml version="1.0" encoding="UTF-8"?>
<testsuite xmlns:xsi="http://www.w3.org/2001/XMLSchema-instance" xsi:noNamespaceSchemaLocation="https://maven.apache.org/surefire/maven-surefire-plugin/xsd/surefire-test-report.xsd" name="org.apache.hadoop.ozone.client.rpc.TestMultiBlockWritesWithDnFailures" time="111.913" tests="2" errors="0" skipped="0" failures="1">
  <properties>
    <property name="awt.toolkit" value="sun.awt.X11.XToolkit"/>
    <property name="file.encoding.pkg" value="sun.io"/>
    <property name="java.specification.version" value="1.8"/>
    <property name="sun.cpu.isalist" value=""/>
    <property name="sun.jnu.encoding" value="ANSI_X3.4-1968"/>
    <property name="java.class.path" value="/workdir/hadoop-ozone/integration-test/target/test-classes:/workdir/hadoop-ozone/integration-test/target/classes:/home/user/.m2/repository/org/apache/hadoop/hadoop-ozone-common/0.5.0-SNAPSHOT/hadoop-ozone-common-0.5.0-SNAPSHOT.jar:/home/user/.m2/repository/org/apache/commons/commons-compress/1.4.1/commons-compress-1.4.1.jar:/home/user/.m2/repository/org/tukaani/xz/1.0/xz-1.0.jar:/home/user/.m2/repository/org/apache/hadoop/hadoop-common/3.2.0/hadoop-common-3.2.0.jar:/home/user/.m2/repository/org/apache/hadoop/hadoop-hdfs/3.2.0/hadoop-hdfs-3.2.0.jar:/home/user/.m2/repository/org/apache/hadoop/hadoop-hdfs-client/3.2.0/hadoop-hdfs-client-3.2.0.jar:/home/user/.m2/repository/com/fasterxml/jackson/core/jackson-annotations/2.9.9/jackson-annotations-2.9.9.jar:/home/user/.m2/repository/org/apache/hadoop/hadoop-hdds-common/0.5.0-SNAPSHOT/hadoop-hdds-common-0.5.0-SNAPSHOT.jar:/home/user/.m2/repository/javax/annotation/javax.annotation-api/1.2/javax.annotation-api-1.2.jar:/home/user/.m2/repository/org/apache/ratis/ratis-server/0.5.0-3f446aa-SNAPSHOT/ratis-server-0.5.0-3f446aa-SNAPSHOT.jar:/home/user/.m2/repository/org/apache/ratis/ratis-thirdparty-misc/0.2.0/ratis-thirdparty-misc-0.2.0.jar:/home/user/.m2/repository/org/apache/ratis/ratis-proto/0.5.0-3f446aa-SNAPSHOT/ratis-proto-0.5.0-3f446aa-SNAPSHOT.jar:/home/user/.m2/repository/org/apache/ratis/ratis-common/0.5.0-3f446aa-SNAPSHOT/ratis-common-0.5.0-3f446aa-SNAPSHOT.jar:/home/user/.m2/repository/org/apache/ratis/ratis-client/0.5.0-3f446aa-SNAPSHOT/ratis-client-0.5.0-3f446aa-SNAPSHOT.jar:/home/user/.m2/repository/org/apache/ratis/ratis-metrics/0.5.0-3f446aa-SNAPSHOT/ratis-metrics-0.5.0-3f446aa-SNAPSHOT.jar:/home/user/.m2/repository/com/github/joshelser/dropwizard-metrics-hadoop-metrics2-reporter/0.1.2/dropwizard-metrics-hadoop-metrics2-reporter-0.1.2.jar:/home/user/.m2/repository/io/dropwizard/metrics/metrics-jvm/3.2.5/metrics-jvm-3.2.5.jar:/home/user/.m2/repository/io/dropwizard/metrics/metrics-ganglia/3.2.5/metrics-ganglia-3.2.5.jar:/home/user/.m2/repository/info/ganglia/gmetric4j/gmetric4j/1.0.7/gmetric4j-1.0.7.jar:/home/user/.m2/repository/org/apache/ratis/ratis-netty/0.5.0-3f446aa-SNAPSHOT/ratis-netty-0.5.0-3f446aa-SNAPSHOT.jar:/home/user/.m2/repository/org/apache/ratis/ratis-grpc/0.5.0-3f446aa-SNAPSHOT/ratis-grpc-0.5.0-3f446aa-SNAPSHOT.jar:/home/user/.m2/repository/org/rocksdb/rocksdbjni/6.0.1/rocksdbjni-6.0.1.jar:/home/user/.m2/repository/org/apache/logging/log4j/log4j-api/2.11.0/log4j-api-2.11.0.jar:/home/user/.m2/repository/org/apache/logging/log4j/log4j-core/2.11.0/log4j-core-2.11.0.jar:/home/user/.m2/repository/com/lmax/disruptor/3.4.2/disruptor-3.4.2.jar:/home/user/.m2/repository/org/apache/commons/commons-pool2/2.6.0/commons-pool2-2.6.0.jar:/home/user/.m2/repository/org/bouncycastle/bcpkix-jdk15on/1.60/bcpkix-jdk15on-1.60.jar:/home/user/.m2/repository/commons-validator/commons-validator/1.6/commons-validator-1.6.jar:/home/user/.m2/repository/commons-digester/commons-digester/1.8.1/commons-digester-1.8.1.jar:/home/user/.m2/repository/io/jaegertracing/jaeger-client/0.34.0/jaeger-client-0.34.0.jar:/home/user/.m2/repository/io/jaegertracing/jaeger-thrift/0.34.0/jaeger-thrift-0.34.0.jar:/home/user/.m2/repository/org/apache/thrift/libthrift/0.12.0/libthrift-0.12.0.jar:/home/user/.m2/repository/com/squareup/okhttp3/okhttp/3.9.0/okhttp-3.9.0.jar:/home/user/.m2/repository/com/squareup/okio/okio/1.13.0/okio-1.13.0.jar:/home/user/.m2/repository/io/jaegertracing/jaeger-core/0.34.0/jaeger-core-0.34.0.jar:/home/user/.m2/repository/io/jaegertracing/jaeger-tracerresolver/0.34.0/jaeger-tracerresolver-0.34.0.jar:/home/user/.m2/repository/io/opentracing/contrib/opentracing-tracerresolver/0.1.5/opentracing-tracerresolver-0.1.5.jar:/home/user/.m2/repository/io/opentracing/opentracing-util/0.31.0/opentracing-util-0.31.0.jar:/home/user/.m2/repository/io/opentracing/opentracing-api/0.31.0/opentracing-api-0.31.0.jar:/home/user/.m2/repository/io/opentracing/opentracing-noop/0.31.0/opentracing-noop-0.31.0.jar:/home/user/.m2/repository/org/apache/hadoop/hadoop-hdds-server-framework/0.5.0-SNAPSHOT/hadoop-hdds-server-framework-0.5.0-SNAPSHOT.jar:/home/user/.m2/repository/org/apache/hadoop/hadoop-hdds-container-service/0.5.0-SNAPSHOT/hadoop-hdds-container-service-0.5.0-SNAPSHOT.jar:/home/user/.m2/repository/org/apache/hadoop/hadoop-hdds-client/0.5.0-SNAPSHOT/hadoop-hdds-client-0.5.0-SNAPSHOT.jar:/home/user/.m2/repository/org/apache/hadoop/hadoop-hdds-tools/0.5.0-SNAPSHOT/hadoop-hdds-tools-0.5.0-SNAPSHOT.jar:/home/user/.m2/repository/org/apache/hadoop/hadoop-hdds-server-scm/0.5.0-SNAPSHOT/hadoop-hdds-server-scm-0.5.0-SNAPSHOT.jar:/home/user/.m2/repository/org/apache/hadoop/hadoop-hdds-docs/0.5.0-SNAPSHOT/hadoop-hdds-docs-0.5.0-SNAPSHOT.jar:/home/user/.m2/repository/io/dropwizard/metrics/metrics-core/3.2.4/metrics-core-3.2.4.jar:/home/user/.m2/repository/org/hamcrest/hamcrest-all/1.3/hamcrest-all-1.3.jar:/home/user/.m2/repository/org/bouncycastle/bcprov-jdk15on/1.60/bcprov-jdk15on-1.60.jar:/home/user/.m2/repository/info/picocli/picocli/3.9.6/picocli-3.9.6.jar:/home/user/.m2/repository/com/google/protobuf/protobuf-java/2.5.0/protobuf-java-2.5.0.jar:/home/user/.m2/repository/com/google/guava/guava/11.0.2/guava-11.0.2.jar:/home/user/.m2/repository/org/apache/hadoop/hadoop-ozone-ozone-manager/0.5.0-SNAPSHOT/hadoop-ozone-ozone-manager-0.5.0-SNAPSHOT.jar:/home/user/.m2/repository/org/apache/hadoop/hadoop-minikdc/3.2.0/hadoop-minikdc-3.2.0.jar:/home/user/.m2/repository/commons-io/commons-io/2.5/commons-io-2.5.jar:/home/user/.m2/repository/org/apache/kerby/kerb-simplekdc/1.0.1/kerb-simplekdc-1.0.1.jar:/home/user/.m2/repository/org/apache/kerby/kerb-client/1.0.1/kerb-client-1.0.1.jar:/home/user/.m2/repository/org/apache/kerby/kerby-config/1.0.1/kerby-config-1.0.1.jar:/home/user/.m2/repository/org/apache/kerby/kerb-core/1.0.1/kerb-core-1.0.1.jar:/home/user/.m2/repository/org/apache/kerby/kerby-pkix/1.0.1/kerby-pkix-1.0.1.jar:/home/user/.m2/repository/org/apache/kerby/kerby-asn1/1.0.1/kerby-asn1-1.0.1.jar:/home/user/.m2/repository/org/apache/kerby/kerby-util/1.0.1/kerby-util-1.0.1.jar:/home/user/.m2/repository/org/apache/kerby/kerb-common/1.0.1/kerb-common-1.0.1.jar:/home/user/.m2/repository/org/apache/kerby/kerb-crypto/1.0.1/kerb-crypto-1.0.1.jar:/home/user/.m2/repository/org/apache/kerby/kerb-util/1.0.1/kerb-util-1.0.1.jar:/home/user/.m2/repository/org/apache/kerby/token-provider/1.0.1/token-provider-1.0.1.jar:/home/user/.m2/repository/org/apache/kerby/kerb-admin/1.0.1/kerb-admin-1.0.1.jar:/home/user/.m2/repository/org/apache/kerby/kerb-server/1.0.1/kerb-server-1.0.1.jar:/home/user/.m2/repository/org/apache/kerby/kerb-identity/1.0.1/kerb-identity-1.0.1.jar:/home/user/.m2/repository/org/apache/kerby/kerby-xdr/1.0.1/kerby-xdr-1.0.1.jar:/home/user/.m2/repository/org/slf4j/slf4j-log4j12/1.7.25/slf4j-log4j12-1.7.25.jar:/home/user/.m2/repository/org/apache/hadoop/hadoop-ozone-s3gateway/0.5.0-SNAPSHOT/hadoop-ozone-s3gateway-0.5.0-SNAPSHOT.jar:/home/user/.m2/repository/org/jboss/weld/servlet/weld-servlet/2.4.7.Final/weld-servlet-2.4.7.Final.jar:/home/user/.m2/repository/org/glassfish/jersey/containers/jersey-container-servlet-core/2.27/jersey-container-servlet-core-2.27.jar:/home/user/.m2/repository/org/glassfish/hk2/external/javax.inject/2.5.0-b42/javax.inject-2.5.0-b42.jar:/home/user/.m2/repository/org/glassfish/jersey/core/jersey-common/2.27/jersey-common-2.27.jar:/home/user/.m2/repository/org/glassfish/hk2/osgi-resource-locator/1.0.1/osgi-resource-locator-1.0.1.jar:/home/user/.m2/repository/javax/ws/rs/javax.ws.rs-api/2.1/javax.ws.rs-api-2.1.jar:/home/user/.m2/repository/org/glassfish/jersey/ext/cdi/jersey-cdi1x/2.27/jersey-cdi1x-2.27.jar:/home/user/.m2/repository/org/glassfish/jersey/inject/jersey-hk2/2.27/jersey-hk2-2.27.jar:/home/user/.m2/repository/org/glassfish/hk2/hk2-locator/2.5.0-b42/hk2-locator-2.5.0-b42.jar:/home/user/.m2/repository/org/javassist/javassist/3.22.0-CR2/javassist-3.22.0-CR2.jar:/home/user/.m2/repository/org/glassfish/hk2/hk2-api/2.5.0/hk2-api-2.5.0.jar:/home/user/.m2/repository/org/glassfish/hk2/external/jakarta.inject/2.5.0/jakarta.inject-2.5.0.jar:/home/user/.m2/repository/org/glassfish/hk2/hk2-utils/2.5.0/hk2-utils-2.5.0.jar:/home/user/.m2/repository/jakarta/annotation/jakarta.annotation-api/1.3.4/jakarta.annotation-api-1.3.4.jar:/home/user/.m2/repository/org/glassfish/hk2/external/aopalliance-repackaged/2.5.0/aopalliance-repackaged-2.5.0.jar:/home/user/.m2/repository/com/fasterxml/jackson/dataformat/jackson-dataformat-xml/2.9.0/jackson-dataformat-xml-2.9.0.jar:/home/user/.m2/repository/com/fasterxml/jackson/core/jackson-core/2.9.9/jackson-core-2.9.9.jar:/home/user/.m2/repository/com/fasterxml/jackson/module/jackson-module-jaxb-annotations/2.9.9/jackson-module-jaxb-annotations-2.9.9.jar:/home/user/.m2/repository/javax/enterprise/cdi-api/1.2/cdi-api-1.2.jar:/home/user/.m2/repository/javax/el/javax.el-api/3.0.0/javax.el-api-3.0.0.jar:/home/user/.m2/repository/javax/interceptor/javax.interceptor-api/1.2/javax.interceptor-api-1.2.jar:/home/user/.m2/repository/javax/inject/javax.inject/1/javax.inject-1.jar:/home/user/.m2/repository/com/sun/xml/bind/jaxb-impl/2.3.0.1/jaxb-impl-2.3.0.1.jar:/home/user/.m2/repository/com/sun/xml/bind/jaxb-core/2.3.0.1/jaxb-core-2.3.0.1.jar:/home/user/.m2/repository/javax/xml/bind/jaxb-api/2.3.0/jaxb-api-2.3.0.jar:/home/user/.m2/repository/javax/activation/activation/1.1.1/activation-1.1.1.jar:/home/user/.m2/repository/org/apache/hadoop/hadoop-ozone-csi/0.5.0-SNAPSHOT/hadoop-ozone-csi-0.5.0-SNAPSHOT.jar:/home/user/.m2/repository/com/google/protobuf/protobuf-java-util/3.5.1/protobuf-java-util-3.5.1.jar:/home/user/.m2/repository/org/apache/hadoop/hadoop-hdds-config/0.5.0-SNAPSHOT/hadoop-hdds-config-0.5.0-SNAPSHOT.jar:/home/user/.m2/repository/io/grpc/grpc-netty/1.17.1/grpc-netty-1.17.1.jar:/home/user/.m2/repository/io/grpc/grpc-core/1.17.1/grpc-core-1.17.1.jar:/home/user/.m2/repository/io/grpc/grpc-context/1.17.1/grpc-context-1.17.1.jar:/home/user/.m2/repository/com/google/errorprone/error_prone_annotations/2.2.0/error_prone_annotations-2.2.0.jar:/home/user/.m2/repository/org/codehaus/mojo/animal-sniffer-annotations/1.17/animal-sniffer-annotations-1.17.jar:/home/user/.m2/repository/io/opencensus/opencensus-api/0.17.0/opencensus-api-0.17.0.jar:/home/user/.m2/repository/io/opencensus/opencensus-contrib-grpc-metrics/0.17.0/opencensus-contrib-grpc-metrics-0.17.0.jar:/home/user/.m2/repository/io/netty/netty-codec-http2/4.1.30.Final/netty-codec-http2-4.1.30.Final.jar:/home/user/.m2/repository/io/netty/netty-codec-http/4.1.30.Final/netty-codec-http-4.1.30.Final.jar:/home/user/.m2/repository/io/netty/netty-codec/4.1.30.Final/netty-codec-4.1.30.Final.jar:/home/user/.m2/repository/io/netty/netty-handler/4.1.30.Final/netty-handler-4.1.30.Final.jar:/home/user/.m2/repository/io/netty/netty-handler-proxy/4.1.30.Final/netty-handler-proxy-4.1.30.Final.jar:/home/user/.m2/repository/io/netty/netty-codec-socks/4.1.30.Final/netty-codec-socks-4.1.30.Final.jar:/home/user/.m2/repository/io/netty/netty-transport-native-epoll/4.1.30.Final/netty-transport-native-epoll-4.1.30.Final.jar:/home/user/.m2/repository/io/netty/netty-common/4.1.30.Final/netty-common-4.1.30.Final.jar:/home/user/.m2/repository/io/netty/netty-buffer/4.1.30.Final/netty-buffer-4.1.30.Final.jar:/home/user/.m2/repository/io/netty/netty-transport/4.1.30.Final/netty-transport-4.1.30.Final.jar:/home/user/.m2/repository/io/netty/netty-resolver/4.1.30.Final/netty-resolver-4.1.30.Final.jar:/home/user/.m2/repository/io/netty/netty-transport-native-unix-common/4.1.30.Final/netty-transport-native-unix-common-4.1.30.Final.jar:/home/user/.m2/repository/io/grpc/grpc-protobuf/1.17.1/grpc-protobuf-1.17.1.jar:/home/user/.m2/repository/com/google/api/grpc/proto-google-common-protos/1.0.0/proto-google-common-protos-1.0.0.jar:/home/user/.m2/repository/io/grpc/grpc-protobuf-lite/1.17.1/grpc-protobuf-lite-1.17.1.jar:/home/user/.m2/repository/io/grpc/grpc-stub/1.17.1/grpc-stub-1.17.1.jar:/home/user/.m2/repository/org/apache/hadoop/hadoop-ozone-recon/0.5.0-SNAPSHOT/hadoop-ozone-recon-0.5.0-SNAPSHOT.jar:/home/user/.m2/repository/org/apache/hadoop/hadoop-ozone-reconcodegen/0.5.0-SNAPSHOT/hadoop-ozone-reconcodegen-0.5.0-SNAPSHOT.jar:/home/user/.m2/repository/com/google/inject/extensions/guice-multibindings/4.0/guice-multibindings-4.0.jar:/home/user/.m2/repository/com/google/inject/guice/4.0/guice-4.0.jar:/home/user/.m2/repository/aopalliance/aopalliance/1.0/aopalliance-1.0.jar:/home/user/.m2/repository/com/google/inject/extensions/guice-servlet/4.0/guice-servlet-4.0.jar:/home/user/.m2/repository/org/glassfish/jersey/containers/jersey-container-servlet/2.27/jersey-container-servlet-2.27.jar:/home/user/.m2/repository/org/glassfish/hk2/guice-bridge/2.5.0/guice-bridge-2.5.0.jar:/home/user/.m2/repository/org/glassfish/jersey/core/jersey-server/2.27/jersey-server-2.27.jar:/home/user/.m2/repository/org/glassfish/jersey/core/jersey-client/2.27/jersey-client-2.27.jar:/home/user/.m2/repository/org/glassfish/jersey/media/jersey-media-jaxb/2.27/jersey-media-jaxb-2.27.jar:/home/user/.m2/repository/javax/validation/validation-api/1.1.0.Final/validation-api-1.1.0.Final.jar:/home/user/.m2/repository/org/glassfish/jersey/media/jersey-media-json-jackson/2.27/jersey-media-json-jackson-2.27.jar:/home/user/.m2/repository/org/glassfish/jersey/ext/jersey-entity-filtering/2.27/jersey-entity-filtering-2.27.jar:/home/user/.m2/repository/com/google/inject/extensions/guice-assistedinject/4.0/guice-assistedinject-4.0.jar:/home/user/.m2/repository/org/jooq/jooq/3.11.10/jooq-3.11.10.jar:/home/user/.m2/repository/org/jooq/jooq-meta/3.11.10/jooq-meta-3.11.10.jar:/home/user/.m2/repository/org/jooq/jooq-codegen/3.11.10/jooq-codegen-3.11.10.jar:/home/user/.m2/repository/com/jolbox/bonecp/0.8.0.RELEASE/bonecp-0.8.0.RELEASE.jar:/home/user/.m2/repository/org/xerial/sqlite-jdbc/3.25.2/sqlite-jdbc-3.25.2.jar:/home/user/.m2/repository/org/springframework/spring-jdbc/5.1.3.RELEASE/spring-jdbc-5.1.3.RELEASE.jar:/home/user/.m2/repository/org/springframework/spring-beans/5.1.3.RELEASE/spring-beans-5.1.3.RELEASE.jar:/home/user/.m2/repository/org/springframework/spring-core/5.1.3.RELEASE/spring-core-5.1.3.RELEASE.jar:/home/user/.m2/repository/org/springframework/spring-jcl/5.1.3.RELEASE/spring-jcl-5.1.3.RELEASE.jar:/home/user/.m2/repository/org/springframework/spring-tx/5.1.3.RELEASE/spring-tx-5.1.3.RELEASE.jar:/home/user/.m2/repository/org/apache/hadoop/hadoop-ozone-client/0.5.0-SNAPSHOT/hadoop-ozone-client-0.5.0-SNAPSHOT.jar:/home/user/.m2/repository/commons-lang/commons-lang/2.6/commons-lang-2.6.jar:/home/user/.m2/repository/org/apache/hadoop/hadoop-ozone-ozone-manager/0.5.0-SNAPSHOT/hadoop-ozone-ozone-manager-0.5.0-SNAPSHOT-tests.jar:/home/user/.m2/repository/junit/junit/4.11/junit-4.11.jar:/home/user/.m2/repository/org/hamcrest/hamcrest-core/1.3/hamcrest-core-1.3.jar:/home/user/.m2/repository/org/openjdk/jmh/jmh-core/1.19/jmh-core-1.19.jar:/home/user/.m2/repository/net/sf/jopt-simple/jopt-simple/4.6/jopt-simple-4.6.jar:/home/user/.m2/repository/org/apache/commons/commons-math3/3.1.1/commons-math3-3.1.1.jar:/home/user/.m2/repository/org/openjdk/jmh/jmh-generator-annprocess/1.19/jmh-generator-annprocess-1.19.jar:/home/user/.m2/repository/org/mockito/mockito-all/1.8.5/mockito-all-1.8.5.jar:/home/user/.m2/repository/org/apache/hadoop/hadoop-kms/3.2.0/hadoop-kms-3.2.0.jar:/home/user/.m2/repository/org/apache/hadoop/hadoop-auth/3.2.0/hadoop-auth-3.2.0.jar:/home/user/.m2/repository/com/nimbusds/nimbus-jose-jwt/4.41.1/nimbus-jose-jwt-4.41.1.jar:/home/user/.m2/repository/com/github/stephenc/jcip/jcip-annotations/1.0-1/jcip-annotations-1.0-1.jar:/home/user/.m2/repository/net/minidev/json-smart/2.3/json-smart-2.3.jar:/home/user/.m2/repository/net/minidev/accessors-smart/1.2/accessors-smart-1.2.jar:/home/user/.m2/repository/org/ow2/asm/asm/5.0.4/asm-5.0.4.jar:/home/user/.m2/repository/org/apache/curator/curator-framework/2.12.0/curator-framework-2.12.0.jar:/home/user/.m2/repository/com/sun/jersey/jersey-core/1.19/jersey-core-1.19.jar:/home/user/.m2/repository/javax/ws/rs/jsr311-api/1.1.1/jsr311-api-1.1.1.jar:/home/user/.m2/repository/com/sun/jersey/jersey-server/1.19/jersey-server-1.19.jar:/home/user/.m2/repository/javax/servlet/javax.servlet-api/3.1.0/javax.servlet-api-3.1.0.jar:/home/user/.m2/repository/org/eclipse/jetty/jetty-server/9.3.25.v20180904/jetty-server-9.3.25.v20180904.jar:/home/user/.m2/repository/org/eclipse/jetty/jetty-http/9.3.25.v20180904/jetty-http-9.3.25.v20180904.jar:/home/user/.m2/repository/org/eclipse/jetty/jetty-io/9.3.25.v20180904/jetty-io-9.3.25.v20180904.jar:/home/user/.m2/repository/org/eclipse/jetty/jetty-webapp/9.3.25.v20180904/jetty-webapp-9.3.25.v20180904.jar:/home/user/.m2/repository/org/eclipse/jetty/jetty-xml/9.3.25.v20180904/jetty-xml-9.3.25.v20180904.jar:/home/user/.m2/repository/log4j/log4j/1.2.17/log4j-1.2.17.jar:/home/user/.m2/repository/org/slf4j/slf4j-api/1.7.25/slf4j-api-1.7.25.jar:/home/user/.m2/repository/org/slf4j/jul-to-slf4j/1.7.25/jul-to-slf4j-1.7.25.jar:/home/user/.m2/repository/org/eclipse/jetty/jetty-util/9.3.25.v20180904/jetty-util-9.3.25.v20180904.jar:/home/user/.m2/repository/com/fasterxml/jackson/core/jackson-databind/2.9.9/jackson-databind-2.9.9.jar:/home/user/.m2/repository/org/apache/hadoop/hadoop-kms/3.2.0/hadoop-kms-3.2.0-tests.jar:/home/user/.m2/repository/org/apache/hadoop/hadoop-hdds-server-scm/0.5.0-SNAPSHOT/hadoop-hdds-server-scm-0.5.0-SNAPSHOT-tests.jar:/home/user/.m2/repository/org/apache/hadoop/hadoop-hdds-container-service/0.5.0-SNAPSHOT/hadoop-hdds-container-service-0.5.0-SNAPSHOT-tests.jar:/home/user/.m2/repository/org/yaml/snakeyaml/1.16/snakeyaml-1.16.jar:/home/user/.m2/repository/org/apache/hadoop/hadoop-common/3.2.0/hadoop-common-3.2.0-tests.jar:/home/user/.m2/repository/org/apache/hadoop/hadoop-annotations/3.2.0/hadoop-annotations-3.2.0.jar:/usr/lib/jvm/java-1.8.0-openjdk-1.8.0.222.b10-1.el7_7.x86_64/jre/../lib/tools.jar:/home/user/.m2/repository/commons-cli/commons-cli/1.2/commons-cli-1.2.jar:/home/user/.m2/repository/org/apache/httpcomponents/httpclient/4.5.2/httpclient-4.5.2.jar:/home/user/.m2/repository/org/apache/httpcomponents/httpcore/4.4.4/httpcore-4.4.4.jar:/home/user/.m2/repository/commons-codec/commons-codec/1.11/commons-codec-1.11.jar:/home/user/.m2/repository/commons-net/commons-net/3.6/commons-net-3.6.jar:/home/user/.m2/repository/commons-collections/commons-collections/3.2.2/commons-collections-3.2.2.jar:/home/user/.m2/repository/org/eclipse/jetty/jetty-servlet/9.3.25.v20180904/jetty-servlet-9.3.25.v20180904.jar:/home/user/.m2/repository/org/eclipse/jetty/jetty-security/9.3.25.v20180904/jetty-security-9.3.25.v20180904.jar:/home/user/.m2/repository/javax/servlet/jsp/jsp-api/2.1/jsp-api-2.1.jar:/home/user/.m2/repository/com/sun/jersey/jersey-servlet/1.19/jersey-servlet-1.19.jar:/home/user/.m2/repository/com/sun/jersey/jersey-json/1.19/jersey-json-1.19.jar:/home/user/.m2/repository/org/codehaus/jettison/jettison/1.1/jettison-1.1.jar:/home/user/.m2/repository/org/codehaus/jackson/jackson-core-asl/1.9.13/jackson-core-asl-1.9.13.jar:/home/user/.m2/repository/org/codehaus/jackson/jackson-mapper-asl/1.9.13/jackson-mapper-asl-1.9.13.jar:/home/user/.m2/repository/org/codehaus/jackson/jackson-jaxrs/1.9.13/jackson-jaxrs-1.9.13.jar:/home/user/.m2/repository/org/codehaus/jackson/jackson-xc/1.9.13/jackson-xc-1.9.13.jar:/home/user/.m2/repository/commons-logging/commons-logging/1.1.3/commons-logging-1.1.3.jar:/home/user/.m2/repository/commons-beanutils/commons-beanutils/1.9.4/commons-beanutils-1.9.4.jar:/home/user/.m2/repository/org/apache/commons/commons-configuration2/2.1.1/commons-configuration2-2.1.1.jar:/home/user/.m2/repository/org/apache/commons/commons-lang3/3.7/commons-lang3-3.7.jar:/home/user/.m2/repository/org/apache/commons/commons-text/1.4/commons-text-1.4.jar:/home/user/.m2/repository/org/apache/avro/avro/1.7.7/avro-1.7.7.jar:/home/user/.m2/repository/com/thoughtworks/paranamer/paranamer/2.3/paranamer-2.3.jar:/home/user/.m2/repository/org/xerial/snappy/snappy-java/1.0.5/snappy-java-1.0.5.jar:/home/user/.m2/repository/com/google/re2j/re2j/1.1/re2j-1.1.jar:/home/user/.m2/repository/com/google/code/gson/gson/2.2.4/gson-2.2.4.jar:/home/user/.m2/repository/com/jcraft/jsch/0.1.54/jsch-0.1.54.jar:/home/user/.m2/repository/org/apache/curator/curator-client/2.12.0/curator-client-2.12.0.jar:/home/user/.m2/repository/org/apache/curator/curator-recipes/2.12.0/curator-recipes-2.12.0.jar:/home/user/.m2/repository/com/google/code/findbugs/jsr305/3.0.0/jsr305-3.0.0.jar:/home/user/.m2/repository/org/apache/htrace/htrace-core4/4.1.0-incubating/htrace-core4-4.1.0-incubating.jar:/home/user/.m2/repository/org/apache/zookeeper/zookeeper/3.4.13/zookeeper-3.4.13.jar:/home/user/.m2/repository/jline/jline/0.9.94/jline-0.9.94.jar:/home/user/.m2/repository/org/apache/yetus/audience-annotations/0.5.0/audience-annotations-0.5.0.jar:/home/user/.m2/repository/org/codehaus/woodstox/stax2-api/3.1.4/stax2-api-3.1.4.jar:/home/user/.m2/repository/com/fasterxml/woodstox/woodstox-core/5.0.3/woodstox-core-5.0.3.jar:/home/user/.m2/repository/dnsjava/dnsjava/2.1.7/dnsjava-2.1.7.jar:/home/user/.m2/repository/org/apache/hadoop/hadoop-hdfs/3.2.0/hadoop-hdfs-3.2.0-tests.jar:/home/user/.m2/repository/org/eclipse/jetty/jetty-util-ajax/9.3.25.v20180904/jetty-util-ajax-9.3.25.v20180904.jar:/home/user/.m2/repository/commons-daemon/commons-daemon/1.0.13/commons-daemon-1.0.13.jar:/home/user/.m2/repository/io/netty/netty/3.10.5.Final/netty-3.10.5.Final.jar:/home/user/.m2/repository/io/netty/netty-all/4.0.52.Final/netty-all-4.0.52.Final.jar:/home/user/.m2/repository/org/fusesource/leveldbjni/leveldbjni-all/1.8/leveldbjni-all-1.8.jar:"/>
    <property name="java.vm.vendor" value="Oracle Corporation"/>
    <property name="sun.arch.data.model" value="64"/>
    <property name="test.build.dir" value="/workdir/hadoop-ozone/integration-test/target/test-dir"/>
    <property name="test.cache.data" value=""/>
    <property name="java.vendor.url" value="http://java.oracle.com/"/>
    <property name="user.timezone" value=""/>
    <property name="java.vm.specification.version" value="1.8"/>
    <property name="os.name" value="Linux"/>
    <property name="test.build.data" value="/workdir/hadoop-ozone/integration-test/target/test-dir"/>
    <property name="user.country" value="US"/>
    <property name="sun.java.launcher" value="SUN_STANDARD"/>
    <property name="sun.boot.library.path" value="/usr/lib/jvm/java-1.8.0-openjdk-1.8.0.222.b10-1.el7_7.x86_64/jre/lib/amd64"/>
    <property name="sun.java.command" value="/workdir/hadoop-ozone/integration-test/target/surefire/surefirebooter3948507985430619427.jar /workdir/hadoop-ozone/integration-test/target/surefire 2019-11-05T07-31-44_498-jvmRun1 surefire2379185913880589342tmp surefire_469206937933246555362tmp"/>
    <property name="surefire.test.class.path" value="/workdir/hadoop-ozone/integration-test/target/test-classes:/workdir/hadoop-ozone/integration-test/target/classes:/home/user/.m2/repository/org/apache/hadoop/hadoop-ozone-common/0.5.0-SNAPSHOT/hadoop-ozone-common-0.5.0-SNAPSHOT.jar:/home/user/.m2/repository/org/apache/commons/commons-compress/1.4.1/commons-compress-1.4.1.jar:/home/user/.m2/repository/org/tukaani/xz/1.0/xz-1.0.jar:/home/user/.m2/repository/org/apache/hadoop/hadoop-common/3.2.0/hadoop-common-3.2.0.jar:/home/user/.m2/repository/org/apache/hadoop/hadoop-hdfs/3.2.0/hadoop-hdfs-3.2.0.jar:/home/user/.m2/repository/org/apache/hadoop/hadoop-hdfs-client/3.2.0/hadoop-hdfs-client-3.2.0.jar:/home/user/.m2/repository/com/fasterxml/jackson/core/jackson-annotations/2.9.9/jackson-annotations-2.9.9.jar:/home/user/.m2/repository/org/apache/hadoop/hadoop-hdds-common/0.5.0-SNAPSHOT/hadoop-hdds-common-0.5.0-SNAPSHOT.jar:/home/user/.m2/repository/javax/annotation/javax.annotation-api/1.2/javax.annotation-api-1.2.jar:/home/user/.m2/repository/org/apache/ratis/ratis-server/0.5.0-3f446aa-SNAPSHOT/ratis-server-0.5.0-3f446aa-SNAPSHOT.jar:/home/user/.m2/repository/org/apache/ratis/ratis-thirdparty-misc/0.2.0/ratis-thirdparty-misc-0.2.0.jar:/home/user/.m2/repository/org/apache/ratis/ratis-proto/0.5.0-3f446aa-SNAPSHOT/ratis-proto-0.5.0-3f446aa-SNAPSHOT.jar:/home/user/.m2/repository/org/apache/ratis/ratis-common/0.5.0-3f446aa-SNAPSHOT/ratis-common-0.5.0-3f446aa-SNAPSHOT.jar:/home/user/.m2/repository/org/apache/ratis/ratis-client/0.5.0-3f446aa-SNAPSHOT/ratis-client-0.5.0-3f446aa-SNAPSHOT.jar:/home/user/.m2/repository/org/apache/ratis/ratis-metrics/0.5.0-3f446aa-SNAPSHOT/ratis-metrics-0.5.0-3f446aa-SNAPSHOT.jar:/home/user/.m2/repository/com/github/joshelser/dropwizard-metrics-hadoop-metrics2-reporter/0.1.2/dropwizard-metrics-hadoop-metrics2-reporter-0.1.2.jar:/home/user/.m2/repository/io/dropwizard/metrics/metrics-jvm/3.2.5/metrics-jvm-3.2.5.jar:/home/user/.m2/repository/io/dropwizard/metrics/metrics-ganglia/3.2.5/metrics-ganglia-3.2.5.jar:/home/user/.m2/repository/info/ganglia/gmetric4j/gmetric4j/1.0.7/gmetric4j-1.0.7.jar:/home/user/.m2/repository/org/apache/ratis/ratis-netty/0.5.0-3f446aa-SNAPSHOT/ratis-netty-0.5.0-3f446aa-SNAPSHOT.jar:/home/user/.m2/repository/org/apache/ratis/ratis-grpc/0.5.0-3f446aa-SNAPSHOT/ratis-grpc-0.5.0-3f446aa-SNAPSHOT.jar:/home/user/.m2/repository/org/rocksdb/rocksdbjni/6.0.1/rocksdbjni-6.0.1.jar:/home/user/.m2/repository/org/apache/logging/log4j/log4j-api/2.11.0/log4j-api-2.11.0.jar:/home/user/.m2/repository/org/apache/logging/log4j/log4j-core/2.11.0/log4j-core-2.11.0.jar:/home/user/.m2/repository/com/lmax/disruptor/3.4.2/disruptor-3.4.2.jar:/home/user/.m2/repository/org/apache/commons/commons-pool2/2.6.0/commons-pool2-2.6.0.jar:/home/user/.m2/repository/org/bouncycastle/bcpkix-jdk15on/1.60/bcpkix-jdk15on-1.60.jar:/home/user/.m2/repository/commons-validator/commons-validator/1.6/commons-validator-1.6.jar:/home/user/.m2/repository/commons-digester/commons-digester/1.8.1/commons-digester-1.8.1.jar:/home/user/.m2/repository/io/jaegertracing/jaeger-client/0.34.0/jaeger-client-0.34.0.jar:/home/user/.m2/repository/io/jaegertracing/jaeger-thrift/0.34.0/jaeger-thrift-0.34.0.jar:/home/user/.m2/repository/org/apache/thrift/libthrift/0.12.0/libthrift-0.12.0.jar:/home/user/.m2/repository/com/squareup/okhttp3/okhttp/3.9.0/okhttp-3.9.0.jar:/home/user/.m2/repository/com/squareup/okio/okio/1.13.0/okio-1.13.0.jar:/home/user/.m2/repository/io/jaegertracing/jaeger-core/0.34.0/jaeger-core-0.34.0.jar:/home/user/.m2/repository/io/jaegertracing/jaeger-tracerresolver/0.34.0/jaeger-tracerresolver-0.34.0.jar:/home/user/.m2/repository/io/opentracing/contrib/opentracing-tracerresolver/0.1.5/opentracing-tracerresolver-0.1.5.jar:/home/user/.m2/repository/io/opentracing/opentracing-util/0.31.0/opentracing-util-0.31.0.jar:/home/user/.m2/repository/io/opentracing/opentracing-api/0.31.0/opentracing-api-0.31.0.jar:/home/user/.m2/repository/io/opentracing/opentracing-noop/0.31.0/opentracing-noop-0.31.0.jar:/home/user/.m2/repository/org/apache/hadoop/hadoop-hdds-server-framework/0.5.0-SNAPSHOT/hadoop-hdds-server-framework-0.5.0-SNAPSHOT.jar:/home/user/.m2/repository/org/apache/hadoop/hadoop-hdds-container-service/0.5.0-SNAPSHOT/hadoop-hdds-container-service-0.5.0-SNAPSHOT.jar:/home/user/.m2/repository/org/apache/hadoop/hadoop-hdds-client/0.5.0-SNAPSHOT/hadoop-hdds-client-0.5.0-SNAPSHOT.jar:/home/user/.m2/repository/org/apache/hadoop/hadoop-hdds-tools/0.5.0-SNAPSHOT/hadoop-hdds-tools-0.5.0-SNAPSHOT.jar:/home/user/.m2/repository/org/apache/hadoop/hadoop-hdds-server-scm/0.5.0-SNAPSHOT/hadoop-hdds-server-scm-0.5.0-SNAPSHOT.jar:/home/user/.m2/repository/org/apache/hadoop/hadoop-hdds-docs/0.5.0-SNAPSHOT/hadoop-hdds-docs-0.5.0-SNAPSHOT.jar:/home/user/.m2/repository/io/dropwizard/metrics/metrics-core/3.2.4/metrics-core-3.2.4.jar:/home/user/.m2/repository/org/hamcrest/hamcrest-all/1.3/hamcrest-all-1.3.jar:/home/user/.m2/repository/org/bouncycastle/bcprov-jdk15on/1.60/bcprov-jdk15on-1.60.jar:/home/user/.m2/repository/info/picocli/picocli/3.9.6/picocli-3.9.6.jar:/home/user/.m2/repository/com/google/protobuf/protobuf-java/2.5.0/protobuf-java-2.5.0.jar:/home/user/.m2/repository/com/google/guava/guava/11.0.2/guava-11.0.2.jar:/home/user/.m2/repository/org/apache/hadoop/hadoop-ozone-ozone-manager/0.5.0-SNAPSHOT/hadoop-ozone-ozone-manager-0.5.0-SNAPSHOT.jar:/home/user/.m2/repository/org/apache/hadoop/hadoop-minikdc/3.2.0/hadoop-minikdc-3.2.0.jar:/home/user/.m2/repository/commons-io/commons-io/2.5/commons-io-2.5.jar:/home/user/.m2/repository/org/apache/kerby/kerb-simplekdc/1.0.1/kerb-simplekdc-1.0.1.jar:/home/user/.m2/repository/org/apache/kerby/kerb-client/1.0.1/kerb-client-1.0.1.jar:/home/user/.m2/repository/org/apache/kerby/kerby-config/1.0.1/kerby-config-1.0.1.jar:/home/user/.m2/repository/org/apache/kerby/kerb-core/1.0.1/kerb-core-1.0.1.jar:/home/user/.m2/repository/org/apache/kerby/kerby-pkix/1.0.1/kerby-pkix-1.0.1.jar:/home/user/.m2/repository/org/apache/kerby/kerby-asn1/1.0.1/kerby-asn1-1.0.1.jar:/home/user/.m2/repository/org/apache/kerby/kerby-util/1.0.1/kerby-util-1.0.1.jar:/home/user/.m2/repository/org/apache/kerby/kerb-common/1.0.1/kerb-common-1.0.1.jar:/home/user/.m2/repository/org/apache/kerby/kerb-crypto/1.0.1/kerb-crypto-1.0.1.jar:/home/user/.m2/repository/org/apache/kerby/kerb-util/1.0.1/kerb-util-1.0.1.jar:/home/user/.m2/repository/org/apache/kerby/token-provider/1.0.1/token-provider-1.0.1.jar:/home/user/.m2/repository/org/apache/kerby/kerb-admin/1.0.1/kerb-admin-1.0.1.jar:/home/user/.m2/repository/org/apache/kerby/kerb-server/1.0.1/kerb-server-1.0.1.jar:/home/user/.m2/repository/org/apache/kerby/kerb-identity/1.0.1/kerb-identity-1.0.1.jar:/home/user/.m2/repository/org/apache/kerby/kerby-xdr/1.0.1/kerby-xdr-1.0.1.jar:/home/user/.m2/repository/org/slf4j/slf4j-log4j12/1.7.25/slf4j-log4j12-1.7.25.jar:/home/user/.m2/repository/org/apache/hadoop/hadoop-ozone-s3gateway/0.5.0-SNAPSHOT/hadoop-ozone-s3gateway-0.5.0-SNAPSHOT.jar:/home/user/.m2/repository/org/jboss/weld/servlet/weld-servlet/2.4.7.Final/weld-servlet-2.4.7.Final.jar:/home/user/.m2/repository/org/glassfish/jersey/containers/jersey-container-servlet-core/2.27/jersey-container-servlet-core-2.27.jar:/home/user/.m2/repository/org/glassfish/hk2/external/javax.inject/2.5.0-b42/javax.inject-2.5.0-b42.jar:/home/user/.m2/repository/org/glassfish/jersey/core/jersey-common/2.27/jersey-common-2.27.jar:/home/user/.m2/repository/org/glassfish/hk2/osgi-resource-locator/1.0.1/osgi-resource-locator-1.0.1.jar:/home/user/.m2/repository/javax/ws/rs/javax.ws.rs-api/2.1/javax.ws.rs-api-2.1.jar:/home/user/.m2/repository/org/glassfish/jersey/ext/cdi/jersey-cdi1x/2.27/jersey-cdi1x-2.27.jar:/home/user/.m2/repository/org/glassfish/jersey/inject/jersey-hk2/2.27/jersey-hk2-2.27.jar:/home/user/.m2/repository/org/glassfish/hk2/hk2-locator/2.5.0-b42/hk2-locator-2.5.0-b42.jar:/home/user/.m2/repository/org/javassist/javassist/3.22.0-CR2/javassist-3.22.0-CR2.jar:/home/user/.m2/repository/org/glassfish/hk2/hk2-api/2.5.0/hk2-api-2.5.0.jar:/home/user/.m2/repository/org/glassfish/hk2/external/jakarta.inject/2.5.0/jakarta.inject-2.5.0.jar:/home/user/.m2/repository/org/glassfish/hk2/hk2-utils/2.5.0/hk2-utils-2.5.0.jar:/home/user/.m2/repository/jakarta/annotation/jakarta.annotation-api/1.3.4/jakarta.annotation-api-1.3.4.jar:/home/user/.m2/repository/org/glassfish/hk2/external/aopalliance-repackaged/2.5.0/aopalliance-repackaged-2.5.0.jar:/home/user/.m2/repository/com/fasterxml/jackson/dataformat/jackson-dataformat-xml/2.9.0/jackson-dataformat-xml-2.9.0.jar:/home/user/.m2/repository/com/fasterxml/jackson/core/jackson-core/2.9.9/jackson-core-2.9.9.jar:/home/user/.m2/repository/com/fasterxml/jackson/module/jackson-module-jaxb-annotations/2.9.9/jackson-module-jaxb-annotations-2.9.9.jar:/home/user/.m2/repository/javax/enterprise/cdi-api/1.2/cdi-api-1.2.jar:/home/user/.m2/repository/javax/el/javax.el-api/3.0.0/javax.el-api-3.0.0.jar:/home/user/.m2/repository/javax/interceptor/javax.interceptor-api/1.2/javax.interceptor-api-1.2.jar:/home/user/.m2/repository/javax/inject/javax.inject/1/javax.inject-1.jar:/home/user/.m2/repository/com/sun/xml/bind/jaxb-impl/2.3.0.1/jaxb-impl-2.3.0.1.jar:/home/user/.m2/repository/com/sun/xml/bind/jaxb-core/2.3.0.1/jaxb-core-2.3.0.1.jar:/home/user/.m2/repository/javax/xml/bind/jaxb-api/2.3.0/jaxb-api-2.3.0.jar:/home/user/.m2/repository/javax/activation/activation/1.1.1/activation-1.1.1.jar:/home/user/.m2/repository/org/apache/hadoop/hadoop-ozone-csi/0.5.0-SNAPSHOT/hadoop-ozone-csi-0.5.0-SNAPSHOT.jar:/home/user/.m2/repository/com/google/protobuf/protobuf-java-util/3.5.1/protobuf-java-util-3.5.1.jar:/home/user/.m2/repository/org/apache/hadoop/hadoop-hdds-config/0.5.0-SNAPSHOT/hadoop-hdds-config-0.5.0-SNAPSHOT.jar:/home/user/.m2/repository/io/grpc/grpc-netty/1.17.1/grpc-netty-1.17.1.jar:/home/user/.m2/repository/io/grpc/grpc-core/1.17.1/grpc-core-1.17.1.jar:/home/user/.m2/repository/io/grpc/grpc-context/1.17.1/grpc-context-1.17.1.jar:/home/user/.m2/repository/com/google/errorprone/error_prone_annotations/2.2.0/error_prone_annotations-2.2.0.jar:/home/user/.m2/repository/org/codehaus/mojo/animal-sniffer-annotations/1.17/animal-sniffer-annotations-1.17.jar:/home/user/.m2/repository/io/opencensus/opencensus-api/0.17.0/opencensus-api-0.17.0.jar:/home/user/.m2/repository/io/opencensus/opencensus-contrib-grpc-metrics/0.17.0/opencensus-contrib-grpc-metrics-0.17.0.jar:/home/user/.m2/repository/io/netty/netty-codec-http2/4.1.30.Final/netty-codec-http2-4.1.30.Final.jar:/home/user/.m2/repository/io/netty/netty-codec-http/4.1.30.Final/netty-codec-http-4.1.30.Final.jar:/home/user/.m2/repository/io/netty/netty-codec/4.1.30.Final/netty-codec-4.1.30.Final.jar:/home/user/.m2/repository/io/netty/netty-handler/4.1.30.Final/netty-handler-4.1.30.Final.jar:/home/user/.m2/repository/io/netty/netty-handler-proxy/4.1.30.Final/netty-handler-proxy-4.1.30.Final.jar:/home/user/.m2/repository/io/netty/netty-codec-socks/4.1.30.Final/netty-codec-socks-4.1.30.Final.jar:/home/user/.m2/repository/io/netty/netty-transport-native-epoll/4.1.30.Final/netty-transport-native-epoll-4.1.30.Final.jar:/home/user/.m2/repository/io/netty/netty-common/4.1.30.Final/netty-common-4.1.30.Final.jar:/home/user/.m2/repository/io/netty/netty-buffer/4.1.30.Final/netty-buffer-4.1.30.Final.jar:/home/user/.m2/repository/io/netty/netty-transport/4.1.30.Final/netty-transport-4.1.30.Final.jar:/home/user/.m2/repository/io/netty/netty-resolver/4.1.30.Final/netty-resolver-4.1.30.Final.jar:/home/user/.m2/repository/io/netty/netty-transport-native-unix-common/4.1.30.Final/netty-transport-native-unix-common-4.1.30.Final.jar:/home/user/.m2/repository/io/grpc/grpc-protobuf/1.17.1/grpc-protobuf-1.17.1.jar:/home/user/.m2/repository/com/google/api/grpc/proto-google-common-protos/1.0.0/proto-google-common-protos-1.0.0.jar:/home/user/.m2/repository/io/grpc/grpc-protobuf-lite/1.17.1/grpc-protobuf-lite-1.17.1.jar:/home/user/.m2/repository/io/grpc/grpc-stub/1.17.1/grpc-stub-1.17.1.jar:/home/user/.m2/repository/org/apache/hadoop/hadoop-ozone-recon/0.5.0-SNAPSHOT/hadoop-ozone-recon-0.5.0-SNAPSHOT.jar:/home/user/.m2/repository/org/apache/hadoop/hadoop-ozone-reconcodegen/0.5.0-SNAPSHOT/hadoop-ozone-reconcodegen-0.5.0-SNAPSHOT.jar:/home/user/.m2/repository/com/google/inject/extensions/guice-multibindings/4.0/guice-multibindings-4.0.jar:/home/user/.m2/repository/com/google/inject/guice/4.0/guice-4.0.jar:/home/user/.m2/repository/aopalliance/aopalliance/1.0/aopalliance-1.0.jar:/home/user/.m2/repository/com/google/inject/extensions/guice-servlet/4.0/guice-servlet-4.0.jar:/home/user/.m2/repository/org/glassfish/jersey/containers/jersey-container-servlet/2.27/jersey-container-servlet-2.27.jar:/home/user/.m2/repository/org/glassfish/hk2/guice-bridge/2.5.0/guice-bridge-2.5.0.jar:/home/user/.m2/repository/org/glassfish/jersey/core/jersey-server/2.27/jersey-server-2.27.jar:/home/user/.m2/repository/org/glassfish/jersey/core/jersey-client/2.27/jersey-client-2.27.jar:/home/user/.m2/repository/org/glassfish/jersey/media/jersey-media-jaxb/2.27/jersey-media-jaxb-2.27.jar:/home/user/.m2/repository/javax/validation/validation-api/1.1.0.Final/validation-api-1.1.0.Final.jar:/home/user/.m2/repository/org/glassfish/jersey/media/jersey-media-json-jackson/2.27/jersey-media-json-jackson-2.27.jar:/home/user/.m2/repository/org/glassfish/jersey/ext/jersey-entity-filtering/2.27/jersey-entity-filtering-2.27.jar:/home/user/.m2/repository/com/google/inject/extensions/guice-assistedinject/4.0/guice-assistedinject-4.0.jar:/home/user/.m2/repository/org/jooq/jooq/3.11.10/jooq-3.11.10.jar:/home/user/.m2/repository/org/jooq/jooq-meta/3.11.10/jooq-meta-3.11.10.jar:/home/user/.m2/repository/org/jooq/jooq-codegen/3.11.10/jooq-codegen-3.11.10.jar:/home/user/.m2/repository/com/jolbox/bonecp/0.8.0.RELEASE/bonecp-0.8.0.RELEASE.jar:/home/user/.m2/repository/org/xerial/sqlite-jdbc/3.25.2/sqlite-jdbc-3.25.2.jar:/home/user/.m2/repository/org/springframework/spring-jdbc/5.1.3.RELEASE/spring-jdbc-5.1.3.RELEASE.jar:/home/user/.m2/repository/org/springframework/spring-beans/5.1.3.RELEASE/spring-beans-5.1.3.RELEASE.jar:/home/user/.m2/repository/org/springframework/spring-core/5.1.3.RELEASE/spring-core-5.1.3.RELEASE.jar:/home/user/.m2/repository/org/springframework/spring-jcl/5.1.3.RELEASE/spring-jcl-5.1.3.RELEASE.jar:/home/user/.m2/repository/org/springframework/spring-tx/5.1.3.RELEASE/spring-tx-5.1.3.RELEASE.jar:/home/user/.m2/repository/org/apache/hadoop/hadoop-ozone-client/0.5.0-SNAPSHOT/hadoop-ozone-client-0.5.0-SNAPSHOT.jar:/home/user/.m2/repository/commons-lang/commons-lang/2.6/commons-lang-2.6.jar:/home/user/.m2/repository/org/apache/hadoop/hadoop-ozone-ozone-manager/0.5.0-SNAPSHOT/hadoop-ozone-ozone-manager-0.5.0-SNAPSHOT-tests.jar:/home/user/.m2/repository/junit/junit/4.11/junit-4.11.jar:/home/user/.m2/repository/org/hamcrest/hamcrest-core/1.3/hamcrest-core-1.3.jar:/home/user/.m2/repository/org/openjdk/jmh/jmh-core/1.19/jmh-core-1.19.jar:/home/user/.m2/repository/net/sf/jopt-simple/jopt-simple/4.6/jopt-simple-4.6.jar:/home/user/.m2/repository/org/apache/commons/commons-math3/3.1.1/commons-math3-3.1.1.jar:/home/user/.m2/repository/org/openjdk/jmh/jmh-generator-annprocess/1.19/jmh-generator-annprocess-1.19.jar:/home/user/.m2/repository/org/mockito/mockito-all/1.8.5/mockito-all-1.8.5.jar:/home/user/.m2/repository/org/apache/hadoop/hadoop-kms/3.2.0/hadoop-kms-3.2.0.jar:/home/user/.m2/repository/org/apache/hadoop/hadoop-auth/3.2.0/hadoop-auth-3.2.0.jar:/home/user/.m2/repository/com/nimbusds/nimbus-jose-jwt/4.41.1/nimbus-jose-jwt-4.41.1.jar:/home/user/.m2/repository/com/github/stephenc/jcip/jcip-annotations/1.0-1/jcip-annotations-1.0-1.jar:/home/user/.m2/repository/net/minidev/json-smart/2.3/json-smart-2.3.jar:/home/user/.m2/repository/net/minidev/accessors-smart/1.2/accessors-smart-1.2.jar:/home/user/.m2/repository/org/ow2/asm/asm/5.0.4/asm-5.0.4.jar:/home/user/.m2/repository/org/apache/curator/curator-framework/2.12.0/curator-framework-2.12.0.jar:/home/user/.m2/repository/com/sun/jersey/jersey-core/1.19/jersey-core-1.19.jar:/home/user/.m2/repository/javax/ws/rs/jsr311-api/1.1.1/jsr311-api-1.1.1.jar:/home/user/.m2/repository/com/sun/jersey/jersey-server/1.19/jersey-server-1.19.jar:/home/user/.m2/repository/javax/servlet/javax.servlet-api/3.1.0/javax.servlet-api-3.1.0.jar:/home/user/.m2/repository/org/eclipse/jetty/jetty-server/9.3.25.v20180904/jetty-server-9.3.25.v20180904.jar:/home/user/.m2/repository/org/eclipse/jetty/jetty-http/9.3.25.v20180904/jetty-http-9.3.25.v20180904.jar:/home/user/.m2/repository/org/eclipse/jetty/jetty-io/9.3.25.v20180904/jetty-io-9.3.25.v20180904.jar:/home/user/.m2/repository/org/eclipse/jetty/jetty-webapp/9.3.25.v20180904/jetty-webapp-9.3.25.v20180904.jar:/home/user/.m2/repository/org/eclipse/jetty/jetty-xml/9.3.25.v20180904/jetty-xml-9.3.25.v20180904.jar:/home/user/.m2/repository/log4j/log4j/1.2.17/log4j-1.2.17.jar:/home/user/.m2/repository/org/slf4j/slf4j-api/1.7.25/slf4j-api-1.7.25.jar:/home/user/.m2/repository/org/slf4j/jul-to-slf4j/1.7.25/jul-to-slf4j-1.7.25.jar:/home/user/.m2/repository/org/eclipse/jetty/jetty-util/9.3.25.v20180904/jetty-util-9.3.25.v20180904.jar:/home/user/.m2/repository/com/fasterxml/jackson/core/jackson-databind/2.9.9/jackson-databind-2.9.9.jar:/home/user/.m2/repository/org/apache/hadoop/hadoop-kms/3.2.0/hadoop-kms-3.2.0-tests.jar:/home/user/.m2/repository/org/apache/hadoop/hadoop-hdds-server-scm/0.5.0-SNAPSHOT/hadoop-hdds-server-scm-0.5.0-SNAPSHOT-tests.jar:/home/user/.m2/repository/org/apache/hadoop/hadoop-hdds-container-service/0.5.0-SNAPSHOT/hadoop-hdds-container-service-0.5.0-SNAPSHOT-tests.jar:/home/user/.m2/repository/org/yaml/snakeyaml/1.16/snakeyaml-1.16.jar:/home/user/.m2/repository/org/apache/hadoop/hadoop-common/3.2.0/hadoop-common-3.2.0-tests.jar:/home/user/.m2/repository/org/apache/hadoop/hadoop-annotations/3.2.0/hadoop-annotations-3.2.0.jar:/usr/lib/jvm/java-1.8.0-openjdk-1.8.0.222.b10-1.el7_7.x86_64/jre/../lib/tools.jar:/home/user/.m2/repository/commons-cli/commons-cli/1.2/commons-cli-1.2.jar:/home/user/.m2/repository/org/apache/httpcomponents/httpclient/4.5.2/httpclient-4.5.2.jar:/home/user/.m2/repository/org/apache/httpcomponents/httpcore/4.4.4/httpcore-4.4.4.jar:/home/user/.m2/repository/commons-codec/commons-codec/1.11/commons-codec-1.11.jar:/home/user/.m2/repository/commons-net/commons-net/3.6/commons-net-3.6.jar:/home/user/.m2/repository/commons-collections/commons-collections/3.2.2/commons-collections-3.2.2.jar:/home/user/.m2/repository/org/eclipse/jetty/jetty-servlet/9.3.25.v20180904/jetty-servlet-9.3.25.v20180904.jar:/home/user/.m2/repository/org/eclipse/jetty/jetty-security/9.3.25.v20180904/jetty-security-9.3.25.v20180904.jar:/home/user/.m2/repository/javax/servlet/jsp/jsp-api/2.1/jsp-api-2.1.jar:/home/user/.m2/repository/com/sun/jersey/jersey-servlet/1.19/jersey-servlet-1.19.jar:/home/user/.m2/repository/com/sun/jersey/jersey-json/1.19/jersey-json-1.19.jar:/home/user/.m2/repository/org/codehaus/jettison/jettison/1.1/jettison-1.1.jar:/home/user/.m2/repository/org/codehaus/jackson/jackson-core-asl/1.9.13/jackson-core-asl-1.9.13.jar:/home/user/.m2/repository/org/codehaus/jackson/jackson-mapper-asl/1.9.13/jackson-mapper-asl-1.9.13.jar:/home/user/.m2/repository/org/codehaus/jackson/jackson-jaxrs/1.9.13/jackson-jaxrs-1.9.13.jar:/home/user/.m2/repository/org/codehaus/jackson/jackson-xc/1.9.13/jackson-xc-1.9.13.jar:/home/user/.m2/repository/commons-logging/commons-logging/1.1.3/commons-logging-1.1.3.jar:/home/user/.m2/repository/commons-beanutils/commons-beanutils/1.9.4/commons-beanutils-1.9.4.jar:/home/user/.m2/repository/org/apache/commons/commons-configuration2/2.1.1/commons-configuration2-2.1.1.jar:/home/user/.m2/repository/org/apache/commons/commons-lang3/3.7/commons-lang3-3.7.jar:/home/user/.m2/repository/org/apache/commons/commons-text/1.4/commons-text-1.4.jar:/home/user/.m2/repository/org/apache/avro/avro/1.7.7/avro-1.7.7.jar:/home/user/.m2/repository/com/thoughtworks/paranamer/paranamer/2.3/paranamer-2.3.jar:/home/user/.m2/repository/org/xerial/snappy/snappy-java/1.0.5/snappy-java-1.0.5.jar:/home/user/.m2/repository/com/google/re2j/re2j/1.1/re2j-1.1.jar:/home/user/.m2/repository/com/google/code/gson/gson/2.2.4/gson-2.2.4.jar:/home/user/.m2/repository/com/jcraft/jsch/0.1.54/jsch-0.1.54.jar:/home/user/.m2/repository/org/apache/curator/curator-client/2.12.0/curator-client-2.12.0.jar:/home/user/.m2/repository/org/apache/curator/curator-recipes/2.12.0/curator-recipes-2.12.0.jar:/home/user/.m2/repository/com/google/code/findbugs/jsr305/3.0.0/jsr305-3.0.0.jar:/home/user/.m2/repository/org/apache/htrace/htrace-core4/4.1.0-incubating/htrace-core4-4.1.0-incubating.jar:/home/user/.m2/repository/org/apache/zookeeper/zookeeper/3.4.13/zookeeper-3.4.13.jar:/home/user/.m2/repository/jline/jline/0.9.94/jline-0.9.94.jar:/home/user/.m2/repository/org/apache/yetus/audience-annotations/0.5.0/audience-annotations-0.5.0.jar:/home/user/.m2/repository/org/codehaus/woodstox/stax2-api/3.1.4/stax2-api-3.1.4.jar:/home/user/.m2/repository/com/fasterxml/woodstox/woodstox-core/5.0.3/woodstox-core-5.0.3.jar:/home/user/.m2/repository/dnsjava/dnsjava/2.1.7/dnsjava-2.1.7.jar:/home/user/.m2/repository/org/apache/hadoop/hadoop-hdfs/3.2.0/hadoop-hdfs-3.2.0-tests.jar:/home/user/.m2/repository/org/eclipse/jetty/jetty-util-ajax/9.3.25.v20180904/jetty-util-ajax-9.3.25.v20180904.jar:/home/user/.m2/repository/commons-daemon/commons-daemon/1.0.13/commons-daemon-1.0.13.jar:/home/user/.m2/repository/io/netty/netty/3.10.5.Final/netty-3.10.5.Final.jar:/home/user/.m2/repository/io/netty/netty-all/4.0.52.Final/netty-all-4.0.52.Final.jar:/home/user/.m2/repository/org/fusesource/leveldbjni/leveldbjni-all/1.8/leveldbjni-all-1.8.jar:"/>
    <property name="sun.cpu.endian" value="little"/>
    <property name="user.home" value="/home/user"/>
    <property name="user.language" value="en"/>
    <property name="java.specification.vendor" value="Oracle Corporation"/>
    <property name="java.home" value="/usr/lib/jvm/java-1.8.0-openjdk-1.8.0.222.b10-1.el7_7.x86_64/jre"/>
    <property name="surefire.excludesFile" value="/tools/ozone-bad-unit-tests"/>
    <property name="java.security.krb5.conf" value="/workdir/hadoop-ozone/integration-test/target/test-classes/krb5.conf"/>
    <property name="basedir" value="/workdir/hadoop-ozone/integration-test"/>
    <property name="file.separator" value="/"/>
    <property name="line.separator" value="&#10;"/>
    <property name="java.vm.specification.vendor" value="Oracle Corporation"/>
    <property name="java.specification.name" value="Java Platform API Specification"/>
    <property name="java.awt.graphicsenv" value="sun.awt.X11GraphicsEnvironment"/>
    <property name="surefire.real.class.path" value="/workdir/hadoop-ozone/integration-test/target/surefire/surefirebooter3948507985430619427.jar"/>
    <property name="hadoop.log.dir" value="/workdir/hadoop-ozone/integration-test/target/log"/>
    <property name="sun.boot.class.path" value="/usr/lib/jvm/java-1.8.0-openjdk-1.8.0.222.b10-1.el7_7.x86_64/jre/lib/resources.jar:/usr/lib/jvm/java-1.8.0-openjdk-1.8.0.222.b10-1.el7_7.x86_64/jre/lib/rt.jar:/usr/lib/jvm/java-1.8.0-openjdk-1.8.0.222.b10-1.el7_7.x86_64/jre/lib/sunrsasign.jar:/usr/lib/jvm/java-1.8.0-openjdk-1.8.0.222.b10-1.el7_7.x86_64/jre/lib/jsse.jar:/usr/lib/jvm/java-1.8.0-openjdk-1.8.0.222.b10-1.el7_7.x86_64/jre/lib/jce.jar:/usr/lib/jvm/java-1.8.0-openjdk-1.8.0.222.b10-1.el7_7.x86_64/jre/lib/charsets.jar:/usr/lib/jvm/java-1.8.0-openjdk-1.8.0.222.b10-1.el7_7.x86_64/jre/lib/jfr.jar:/usr/lib/jvm/java-1.8.0-openjdk-1.8.0.222.b10-1.el7_7.x86_64/jre/classes"/>
    <property name="sun.management.compiler" value="HotSpot 64-Bit Tiered Compilers"/>
    <property name="java.runtime.version" value="1.8.0_222-b10"/>
    <property name="java.net.preferIPv4Stack" value="true"/>
    <property name="user.name" value="jenkins1000"/>
    <property name="path.separator" value=":"/>
    <property name="java.security.egd" value="file:///dev/urandom"/>
    <property name="os.version" value="3.10.0-957.12.2.el7.x86_64"/>
    <property name="java.endorsed.dirs" value="/usr/lib/jvm/java-1.8.0-openjdk-1.8.0.222.b10-1.el7_7.x86_64/jre/lib/endorsed"/>
    <property name="java.runtime.name" value="OpenJDK Runtime Environment"/>
    <property name="file.encoding" value="ANSI_X3.4-1968"/>
    <property name="java.vm.name" value="OpenJDK 64-Bit Server VM"/>
    <property name="test.build.webapps" value=""/>
    <property name="localRepository" value="/home/user/.m2/repository"/>
    <property name="java.vendor.url.bug" value="http://bugreport.sun.com/bugreport/"/>
    <property name="java.io.tmpdir" value="/tmp"/>
    <property name="require.test.libhadoop" value=""/>
    <property name="java.version" value="1.8.0_222"/>
    <property name="user.dir" value="/workdir/hadoop-ozone/integration-test"/>
    <property name="os.arch" value="amd64"/>
    <property name="java.vm.specification.name" value="Java Virtual Machine Specification"/>
    <property name="test.build.classes" value="/workdir/hadoop-ozone/integration-test/target/test-classes"/>
    <property name="java.awt.printerjob" value="sun.print.PSPrinterJob"/>
    <property name="sun.os.patch.level" value="unknown"/>
    <property name="hadoop.tmp.dir" value="/workdir/hadoop-ozone/integration-test/target/tmp"/>
    <property name="java.library.path" value="/usr/lib:/workdir/hadoop-ozone/integration-test/target/native/target/usr/local/lib:/workdir/hadoop-ozone/integration-test/../../hadoop-common-project/hadoop-common/target/native/target/usr/local/lib:/usr/java/packages/lib/amd64:/usr/lib64:/lib64:/lib:/usr/lib"/>
    <property name="java.vm.info" value="mixed mode"/>
    <property name="java.vendor" value="Oracle Corporation"/>
    <property name="java.vm.version" value="25.222-b10"/>
    <property name="java.ext.dirs" value="/usr/lib/jvm/java-1.8.0-openjdk-1.8.0.222.b10-1.el7_7.x86_64/jre/lib/ext:/usr/java/packages/lib/ext"/>
    <property name="sun.io.unicode.encoding" value="UnicodeLittle"/>
    <property name="java.class.version" value="52.0"/>
  </properties>
  <testcase name="testMultiBlockWritesWithIntermittentDnFailures" classname="org.apache.hadoop.ozone.client.rpc.TestMultiBlockWritesWithDnFailures" time="58.05">
    <failure message="expected:&lt;6&gt; but was:&lt;4&gt;" type="java.lang.AssertionError"><![CDATA[java.lang.AssertionError: expected:<6> but was:<4>
	at org.junit.Assert.fail(Assert.java:88)
	at org.junit.Assert.failNotEquals(Assert.java:743)
	at org.junit.Assert.assertEquals(Assert.java:118)
	at org.junit.Assert.assertEquals(Assert.java:555)
	at org.junit.Assert.assertEquals(Assert.java:542)
	at org.apache.hadoop.ozone.client.rpc.TestMultiBlockWritesWithDnFailures.testMultiBlockWritesWithIntermittentDnFailures(TestMultiBlockWritesWithDnFailures.java:176)
	at sun.reflect.NativeMethodAccessorImpl.invoke0(Native Method)
	at sun.reflect.NativeMethodAccessorImpl.invoke(NativeMethodAccessorImpl.java:62)
	at sun.reflect.DelegatingMethodAccessorImpl.invoke(DelegatingMethodAccessorImpl.java:43)
	at java.lang.reflect.Method.invoke(Method.java:498)
	at org.junit.runners.model.FrameworkMethod$1.runReflectiveCall(FrameworkMethod.java:47)
	at org.junit.internal.runners.model.ReflectiveCallable.run(ReflectiveCallable.java:12)
	at org.junit.runners.model.FrameworkMethod.invokeExplosively(FrameworkMethod.java:44)
	at org.junit.internal.runners.statements.InvokeMethod.evaluate(InvokeMethod.java:17)
	at org.junit.internal.runners.statements.RunAfters.evaluate(RunAfters.java:27)
	at org.junit.runners.ParentRunner.runLeaf(ParentRunner.java:271)
	at org.junit.runners.BlockJUnit4ClassRunner.runChild(BlockJUnit4ClassRunner.java:70)
	at org.junit.runners.BlockJUnit4ClassRunner.runChild(BlockJUnit4ClassRunner.java:50)
	at org.junit.runners.ParentRunner$3.run(ParentRunner.java:238)
	at org.junit.runners.ParentRunner$1.schedule(ParentRunner.java:63)
	at org.junit.runners.ParentRunner.runChildren(ParentRunner.java:236)
	at org.junit.runners.ParentRunner.access$000(ParentRunner.java:53)
	at org.junit.runners.ParentRunner$2.evaluate(ParentRunner.java:229)
	at org.junit.runners.ParentRunner.run(ParentRunner.java:309)
	at org.apache.maven.surefire.junit4.JUnit4Provider.execute(JUnit4Provider.java:365)
	at org.apache.maven.surefire.junit4.JUnit4Provider.executeWithRerun(JUnit4Provider.java:273)
	at org.apache.maven.surefire.junit4.JUnit4Provider.executeTestSet(JUnit4Provider.java:238)
	at org.apache.maven.surefire.junit4.JUnit4Provider.invoke(JUnit4Provider.java:159)
	at org.apache.maven.surefire.booter.ForkedBooter.invokeProviderInSameClassLoader(ForkedBooter.java:384)
	at org.apache.maven.surefire.booter.ForkedBooter.runSuitesInProcess(ForkedBooter.java:345)
	at org.apache.maven.surefire.booter.ForkedBooter.execute(ForkedBooter.java:126)
	at org.apache.maven.surefire.booter.ForkedBooter.main(ForkedBooter.java:418)
]]></failure>
    <system-out><![CDATA[2019-11-05 08:23:36,941 [main] WARN  server.ServerUtils (ServerUtils.java:getScmDbDir(145)) - ozone.scm.db.dirs is not configured. We recommend adding this setting. Falling back to ozone.metadata.dirs instead.
2019-11-05 08:23:37,046 [main] WARN  server.ServerUtils (ServerUtils.java:getScmDbDir(145)) - ozone.scm.db.dirs is not configured. We recommend adding this setting. Falling back to ozone.metadata.dirs instead.
2019-11-05 08:23:37,049 [main] WARN  server.ServerUtils (ServerUtils.java:getScmDbDir(145)) - ozone.scm.db.dirs is not configured. We recommend adding this setting. Falling back to ozone.metadata.dirs instead.
2019-11-05 08:23:37,075 [main] INFO  util.log (Log.java:initialized(192)) - Logging initialized @863ms
2019-11-05 08:23:37,171 [main] INFO  db.DBStoreBuilder (DBStoreBuilder.java:addTable(117)) - using custom profile for table: deletedBlocks
2019-11-05 08:23:37,171 [main] INFO  db.DBStoreBuilder (DBStoreBuilder.java:processTables(168)) - Using default column profile:DBProfile.DISK for Table:deletedBlocks
2019-11-05 08:23:37,172 [main] INFO  db.DBStoreBuilder (DBStoreBuilder.java:addTable(117)) - using custom profile for table: validCerts
2019-11-05 08:23:37,172 [main] INFO  db.DBStoreBuilder (DBStoreBuilder.java:processTables(168)) - Using default column profile:DBProfile.DISK for Table:validCerts
2019-11-05 08:23:37,172 [main] INFO  db.DBStoreBuilder (DBStoreBuilder.java:addTable(117)) - using custom profile for table: revokedCerts
2019-11-05 08:23:37,173 [main] INFO  db.DBStoreBuilder (DBStoreBuilder.java:processTables(168)) - Using default column profile:DBProfile.DISK for Table:revokedCerts
2019-11-05 08:23:37,183 [main] INFO  db.DBStoreBuilder (DBStoreBuilder.java:addTable(117)) - using custom profile for table: default
2019-11-05 08:23:37,183 [main] INFO  db.DBStoreBuilder (DBStoreBuilder.java:processTables(174)) - Using default column profile:DBProfile.DISK for Table:default
2019-11-05 08:23:37,185 [main] INFO  db.DBStoreBuilder (DBStoreBuilder.java:getDbProfile(205)) - Using default options. DBProfile.DISK
2019-11-05 08:23:37,365 [main] INFO  net.NodeSchemaLoader (NodeSchemaLoader.java:loadSchemaFromFile(125)) - Loading file from sun.misc.CompoundEnumeration@6b2ea799
2019-11-05 08:23:37,367 [main] INFO  net.NodeSchemaLoader (NodeSchemaLoader.java:loadSchema(171)) - Loading network topology layer schema file
2019-11-05 08:23:37,426 [main] INFO  node.SCMNodeManager (SCMNodeManager.java:<init>(116)) - Entering startup safe mode.
2019-11-05 08:23:37,486 [main] INFO  algorithms.ContainerPlacementPolicyFactory (ContainerPlacementPolicyFactory.java:getPolicy(57)) - Create container placement policy of type org.apache.hadoop.hdds.scm.container.placement.algorithms.SCMContainerPlacementRandom
2019-11-05 08:23:37,499 [main] WARN  server.ServerUtils (ServerUtils.java:getScmDbDir(145)) - ozone.scm.db.dirs is not configured. We recommend adding this setting. Falling back to ozone.metadata.dirs instead.
2019-11-05 08:23:37,623 [main] INFO  pipeline.SCMPipelineManager (SCMPipelineManager.java:initializePipelineState(132)) - No pipeline exists in current db
2019-11-05 08:23:37,626 [main] WARN  server.ServerUtils (ServerUtils.java:getScmDbDir(145)) - ozone.scm.db.dirs is not configured. We recommend adding this setting. Falling back to ozone.metadata.dirs instead.
2019-11-05 08:23:37,764 [main] WARN  events.EventQueue (EventQueue.java:fireEvent(183)) - No event handler registered for event TypedEvent{payloadType=SafeModeStatus, name='SafeModeStatus'}
2019-11-05 08:23:38,143 [main] INFO  ipc.CallQueueManager (CallQueueManager.java:<init>(84)) - Using callQueue: class java.util.concurrent.LinkedBlockingQueue, queueCapacity: 2000, scheduler: class org.apache.hadoop.ipc.DefaultRpcScheduler, ipcBackoff: false.
2019-11-05 08:23:38,168 [Socket Reader #1 for port 33184] INFO  ipc.Server (Server.java:run(1074)) - Starting Socket Reader #1 for port 33184
2019-11-05 08:23:38,317 [main] INFO  ipc.CallQueueManager (CallQueueManager.java:<init>(84)) - Using callQueue: class java.util.concurrent.LinkedBlockingQueue, queueCapacity: 2000, scheduler: class org.apache.hadoop.ipc.DefaultRpcScheduler, ipcBackoff: false.
2019-11-05 08:23:38,318 [Socket Reader #1 for port 46608] INFO  ipc.Server (Server.java:run(1074)) - Starting Socket Reader #1 for port 46608
2019-11-05 08:23:38,328 [main] INFO  ipc.CallQueueManager (CallQueueManager.java:<init>(84)) - Using callQueue: class java.util.concurrent.LinkedBlockingQueue, queueCapacity: 2000, scheduler: class org.apache.hadoop.ipc.DefaultRpcScheduler, ipcBackoff: false.
2019-11-05 08:23:38,329 [Socket Reader #1 for port 45059] INFO  ipc.Server (Server.java:run(1074)) - Starting Socket Reader #1 for port 45059
2019-11-05 08:23:38,356 [main] INFO  hdfs.DFSUtil (DFSUtil.java:httpServerTemplateForNNAndJN(1641)) - Starting Web-server for scm at: http://0.0.0.0:0
2019-11-05 08:23:38,481 [main] INFO  server.AuthenticationFilter (AuthenticationFilter.java:constructSecretProvider(240)) - Unable to initialize FileSignerSecretProvider, falling back to use random secrets.
2019-11-05 08:23:38,488 [main] WARN  http.HttpRequestLog (HttpRequestLog.java:getRequestLog(97)) - Jetty request log can only be enabled using Log4j
2019-11-05 08:23:38,494 [main] INFO  http.HttpServer2 (HttpServer2.java:addGlobalFilter(975)) - Added global filter 'safety' (class=org.apache.hadoop.http.HttpServer2$QuotingInputFilter)
2019-11-05 08:23:38,497 [main] INFO  http.HttpServer2 (HttpServer2.java:addFilter(948)) - Added filter static_user_filter (class=org.apache.hadoop.http.lib.StaticUserWebFilter$StaticUserFilter) to context scm
2019-11-05 08:23:38,497 [main] INFO  http.HttpServer2 (HttpServer2.java:addFilter(958)) - Added filter static_user_filter (class=org.apache.hadoop.http.lib.StaticUserWebFilter$StaticUserFilter) to context static
2019-11-05 08:23:38,497 [main] INFO  http.HttpServer2 (HttpServer2.java:addFilter(958)) - Added filter static_user_filter (class=org.apache.hadoop.http.lib.StaticUserWebFilter$StaticUserFilter) to context logs
2019-11-05 08:23:38,523 [main] INFO  server.StorageContainerManager (StorageContainerManager.java:start(772)) - StorageContainerLocationProtocol RPC server is listening at /0.0.0.0:45059
2019-11-05 08:23:38,574 [main] WARN  impl.MetricsConfig (MetricsConfig.java:loadFirst(134)) - Cannot locate configuration: tried hadoop-metrics2-storagecontainermanager.properties,hadoop-metrics2.properties
2019-11-05 08:23:38,585 [main] INFO  impl.MetricsSystemImpl (MetricsSystemImpl.java:startTimer(374)) - Scheduled Metric snapshot period at 10 second(s).
2019-11-05 08:23:38,585 [main] INFO  impl.MetricsSystemImpl (MetricsSystemImpl.java:start(191)) - StorageContainerManager metrics system started
2019-11-05 08:23:38,829 [main] INFO  server.SCMClientProtocolServer (SCMClientProtocolServer.java:start(159)) - RPC server for Client  is listening at /0.0.0.0:45059
2019-11-05 08:23:38,829 [IPC Server Responder] INFO  ipc.Server (Server.java:run(1314)) - IPC Server Responder: starting
2019-11-05 08:23:38,829 [IPC Server listener on 45059] INFO  ipc.Server (Server.java:run(1153)) - IPC Server listener on 45059: starting
2019-11-05 08:23:38,833 [main] INFO  server.StorageContainerManager (StorageContainerManager.java:start(782)) - ScmBlockLocationProtocol RPC server is listening at /0.0.0.0:46608
2019-11-05 08:23:38,834 [main] INFO  server.SCMBlockProtocolServer (SCMBlockProtocolServer.java:start(146)) - RPC server for Block Protocol is listening at /0.0.0.0:46608
2019-11-05 08:23:38,834 [IPC Server Responder] INFO  ipc.Server (Server.java:run(1314)) - IPC Server Responder: starting
2019-11-05 08:23:38,834 [IPC Server listener on 46608] INFO  ipc.Server (Server.java:run(1153)) - IPC Server listener on 46608: starting
2019-11-05 08:23:38,837 [main] INFO  server.StorageContainerManager (StorageContainerManager.java:start(786)) - ScmDatanodeProtocl RPC server is listening at /0.0.0.0:33184
2019-11-05 08:23:38,837 [main] INFO  server.SCMDatanodeProtocolServer (SCMDatanodeProtocolServer.java:start(169)) - RPC server for DataNodes is listening at /0.0.0.0:33184
2019-11-05 08:23:38,838 [IPC Server Responder] INFO  ipc.Server (Server.java:run(1314)) - IPC Server Responder: starting
2019-11-05 08:23:38,839 [IPC Server listener on 33184] INFO  ipc.Server (Server.java:run(1153)) - IPC Server listener on 33184: starting
2019-11-05 08:23:38,843 [main] INFO  http.HttpServer2 (HttpServer2.java:bindListener(1191)) - Jetty bound to port 44400
2019-11-05 08:23:38,845 [main] INFO  server.Server (Server.java:doStart(351)) - jetty-9.3.25.v20180904, build timestamp: 2018-09-04T21:11:46Z, git hash: 3ce520221d0240229c862b122d2b06c12a625732
2019-11-05 08:23:38,894 [main] INFO  handler.ContextHandler (ContextHandler.java:doStart(781)) - Started o.e.j.s.ServletContextHandler@180da663{/logs,file:///workdir/hadoop-ozone/integration-test/target/log,AVAILABLE}
2019-11-05 08:23:38,895 [main] INFO  handler.ContextHandler (ContextHandler.java:doStart(781)) - Started o.e.j.s.ServletContextHandler@340da44c{/static,file:///workdir/hadoop-ozone/integration-test/target/test-classes/webapps/static,AVAILABLE}
2019-11-05 08:23:38,931 [main] INFO  handler.ContextHandler (ContextHandler.java:doStart(781)) - Started o.e.j.w.WebAppContext@410954b{/,file:///workdir/hadoop-ozone/integration-test/target/test-classes/webapps/scm/,AVAILABLE}{/scm}
2019-11-05 08:23:38,938 [main] INFO  server.AbstractConnector (AbstractConnector.java:doStart(278)) - Started ServerConnector@5f7f2382{HTTP/1.1,[http/1.1]}{0.0.0.0:44400}
2019-11-05 08:23:38,938 [main] INFO  server.Server (Server.java:doStart(419)) - Started @2726ms
2019-11-05 08:23:38,940 [main] INFO  impl.MetricsSinkAdapter (MetricsSinkAdapter.java:start(204)) - Sink prometheus started
2019-11-05 08:23:38,941 [main] INFO  impl.MetricsSystemImpl (MetricsSystemImpl.java:registerSink(301)) - Registered sink prometheus
2019-11-05 08:23:38,942 [main] INFO  server.BaseHttpServer (BaseHttpServer.java:updateConnectorAddress(215)) - HTTP server of SCM is listening at http://0.0.0.0:44400
2019-11-05 08:23:38,950 [org.apache.hadoop.util.JvmPauseMonitor$Monitor@37cd92d6] INFO  util.JvmPauseMonitor (JvmPauseMonitor.java:run(188)) - Starting JVM pause monitor
2019-11-05 08:23:38,955 [main] WARN  server.ServerUtils (ServerUtils.java:getDBPath(222)) - ozone.om.db.dirs is not configured. We recommend adding this setting. Falling back to ozone.metadata.dirs instead.
2019-11-05 08:23:39,096 [main] INFO  ha.OMHANodeDetails (OMHANodeDetails.java:loadOMHAConfig(190)) - Configuration either no ozone.om.address set. Falling back to the default OM address /127.0.0.1:0
2019-11-05 08:23:39,096 [main] INFO  ha.OMHANodeDetails (OMHANodeDetails.java:getOMNodeDetails(220)) - OM Service ID is not set. Setting it to the default ID: omServiceIdDefault
2019-11-05 08:23:39,098 [main] WARN  server.ServerUtils (ServerUtils.java:getDBPath(222)) - ozone.om.db.dirs is not configured. We recommend adding this setting. Falling back to ozone.metadata.dirs instead.
2019-11-05 08:23:39,099 [main] WARN  server.ServerUtils (ServerUtils.java:getDBPath(222)) - ozone.om.db.dirs is not configured. We recommend adding this setting. Falling back to ozone.metadata.dirs instead.
2019-11-05 08:23:39,725 [main] WARN  server.ServerUtils (ServerUtils.java:getDBPath(222)) - ozone.om.db.dirs is not configured. We recommend adding this setting. Falling back to ozone.metadata.dirs instead.
2019-11-05 08:23:39,733 [main] INFO  db.DBStoreBuilder (DBStoreBuilder.java:addTable(117)) - using custom profile for table: userTable
2019-11-05 08:23:39,733 [main] INFO  db.DBStoreBuilder (DBStoreBuilder.java:processTables(168)) - Using default column profile:DBProfile.DISK for Table:userTable
2019-11-05 08:23:39,733 [main] INFO  db.DBStoreBuilder (DBStoreBuilder.java:addTable(117)) - using custom profile for table: volumeTable
2019-11-05 08:23:39,734 [main] INFO  db.DBStoreBuilder (DBStoreBuilder.java:processTables(168)) - Using default column profile:DBProfile.DISK for Table:volumeTable
2019-11-05 08:23:39,734 [main] INFO  db.DBStoreBuilder (DBStoreBuilder.java:addTable(117)) - using custom profile for table: bucketTable
2019-11-05 08:23:39,734 [main] INFO  db.DBStoreBuilder (DBStoreBuilder.java:processTables(168)) - Using default column profile:DBProfile.DISK for Table:bucketTable
2019-11-05 08:23:39,734 [main] INFO  db.DBStoreBuilder (DBStoreBuilder.java:addTable(117)) - using custom profile for table: keyTable
2019-11-05 08:23:39,735 [main] INFO  db.DBStoreBuilder (DBStoreBuilder.java:processTables(168)) - Using default column profile:DBProfile.DISK for Table:keyTable
2019-11-05 08:23:39,735 [main] INFO  db.DBStoreBuilder (DBStoreBuilder.java:addTable(117)) - using custom profile for table: deletedTable
2019-11-05 08:23:39,735 [main] INFO  db.DBStoreBuilder (DBStoreBuilder.java:processTables(168)) - Using default column profile:DBProfile.DISK for Table:deletedTable
2019-11-05 08:23:39,735 [main] INFO  db.DBStoreBuilder (DBStoreBuilder.java:addTable(117)) - using custom profile for table: openKeyTable
2019-11-05 08:23:39,736 [main] INFO  db.DBStoreBuilder (DBStoreBuilder.java:processTables(168)) - Using default column profile:DBProfile.DISK for Table:openKeyTable
2019-11-05 08:23:39,736 [main] INFO  db.DBStoreBuilder (DBStoreBuilder.java:addTable(117)) - using custom profile for table: s3Table
2019-11-05 08:23:39,736 [main] INFO  db.DBStoreBuilder (DBStoreBuilder.java:processTables(168)) - Using default column profile:DBProfile.DISK for Table:s3Table
2019-11-05 08:23:39,736 [main] INFO  db.DBStoreBuilder (DBStoreBuilder.java:addTable(117)) - using custom profile for table: multipartInfoTable
2019-11-05 08:23:39,737 [main] INFO  db.DBStoreBuilder (DBStoreBuilder.java:processTables(168)) - Using default column profile:DBProfile.DISK for Table:multipartInfoTable
2019-11-05 08:23:39,737 [main] INFO  db.DBStoreBuilder (DBStoreBuilder.java:addTable(117)) - using custom profile for table: dTokenTable
2019-11-05 08:23:39,737 [main] INFO  db.DBStoreBuilder (DBStoreBuilder.java:processTables(168)) - Using default column profile:DBProfile.DISK for Table:dTokenTable
2019-11-05 08:23:39,737 [main] INFO  db.DBStoreBuilder (DBStoreBuilder.java:addTable(117)) - using custom profile for table: s3SecretTable
2019-11-05 08:23:39,738 [main] INFO  db.DBStoreBuilder (DBStoreBuilder.java:processTables(168)) - Using default column profile:DBProfile.DISK for Table:s3SecretTable
2019-11-05 08:23:39,738 [main] INFO  db.DBStoreBuilder (DBStoreBuilder.java:addTable(117)) - using custom profile for table: prefixTable
2019-11-05 08:23:39,738 [main] INFO  db.DBStoreBuilder (DBStoreBuilder.java:processTables(168)) - Using default column profile:DBProfile.DISK for Table:prefixTable
2019-11-05 08:23:39,738 [main] INFO  db.DBStoreBuilder (DBStoreBuilder.java:addTable(117)) - using custom profile for table: default
2019-11-05 08:23:39,739 [main] INFO  db.DBStoreBuilder (DBStoreBuilder.java:processTables(174)) - Using default column profile:DBProfile.DISK for Table:default
2019-11-05 08:23:39,739 [main] INFO  db.DBStoreBuilder (DBStoreBuilder.java:getDbProfile(205)) - Using default options. DBProfile.DISK
2019-11-05 08:23:40,050 [main] INFO  ipc.CallQueueManager (CallQueueManager.java:<init>(84)) - Using callQueue: class java.util.concurrent.LinkedBlockingQueue, queueCapacity: 2000, scheduler: class org.apache.hadoop.ipc.DefaultRpcScheduler, ipcBackoff: false.
2019-11-05 08:23:40,051 [Socket Reader #1 for port 39126] INFO  ipc.Server (Server.java:run(1074)) - Starting Socket Reader #1 for port 39126
2019-11-05 08:23:40,074 [main] INFO  om.OzoneManager (OzoneManager.java:start(1074)) - OzoneManager RPC server is listening at localhost/127.0.0.1:39126
2019-11-05 08:23:40,074 [main] INFO  impl.MetricsSystemImpl (MetricsSystemImpl.java:init(158)) - OzoneManager metrics system started (again)
2019-11-05 08:23:40,082 [IPC Server listener on 39126] INFO  ipc.Server (Server.java:run(1153)) - IPC Server listener on 39126: starting
2019-11-05 08:23:40,082 [IPC Server Responder] INFO  ipc.Server (Server.java:run(1314)) - IPC Server Responder: starting
2019-11-05 08:23:40,089 [main] INFO  hdfs.DFSUtil (DFSUtil.java:httpServerTemplateForNNAndJN(1641)) - Starting Web-server for ozoneManager at: http://0.0.0.0:0
2019-11-05 08:23:40,092 [main] INFO  server.AuthenticationFilter (AuthenticationFilter.java:constructSecretProvider(240)) - Unable to initialize FileSignerSecretProvider, falling back to use random secrets.
2019-11-05 08:23:40,093 [main] WARN  http.HttpRequestLog (HttpRequestLog.java:getRequestLog(97)) - Jetty request log can only be enabled using Log4j
2019-11-05 08:23:40,096 [main] INFO  http.HttpServer2 (HttpServer2.java:addGlobalFilter(975)) - Added global filter 'safety' (class=org.apache.hadoop.http.HttpServer2$QuotingInputFilter)
2019-11-05 08:23:40,098 [main] INFO  http.HttpServer2 (HttpServer2.java:addFilter(948)) - Added filter static_user_filter (class=org.apache.hadoop.http.lib.StaticUserWebFilter$StaticUserFilter) to context ozoneManager
2019-11-05 08:23:40,098 [main] INFO  http.HttpServer2 (HttpServer2.java:addFilter(958)) - Added filter static_user_filter (class=org.apache.hadoop.http.lib.StaticUserWebFilter$StaticUserFilter) to context logs
2019-11-05 08:23:40,099 [main] INFO  http.HttpServer2 (HttpServer2.java:addFilter(958)) - Added filter static_user_filter (class=org.apache.hadoop.http.lib.StaticUserWebFilter$StaticUserFilter) to context static
2019-11-05 08:23:40,102 [main] INFO  http.HttpServer2 (HttpServer2.java:bindListener(1191)) - Jetty bound to port 42486
2019-11-05 08:23:40,102 [main] INFO  server.Server (Server.java:doStart(351)) - jetty-9.3.25.v20180904, build timestamp: 2018-09-04T21:11:46Z, git hash: 3ce520221d0240229c862b122d2b06c12a625732
2019-11-05 08:23:40,105 [main] INFO  handler.ContextHandler (ContextHandler.java:doStart(781)) - Started o.e.j.s.ServletContextHandler@43826ec{/logs,file:///workdir/hadoop-ozone/integration-test/target/log,AVAILABLE}
2019-11-05 08:23:40,106 [main] INFO  handler.ContextHandler (ContextHandler.java:doStart(781)) - Started o.e.j.s.ServletContextHandler@6b63d445{/static,file:///workdir/hadoop-ozone/integration-test/target/test-classes/webapps/static,AVAILABLE}
2019-11-05 08:23:40,113 [main] INFO  handler.ContextHandler (ContextHandler.java:doStart(781)) - Started o.e.j.w.WebAppContext@71391b3f{/,file:///workdir/hadoop-ozone/integration-test/target/test-classes/webapps/ozoneManager/,AVAILABLE}{/ozoneManager}
2019-11-05 08:23:40,114 [main] INFO  server.AbstractConnector (AbstractConnector.java:doStart(278)) - Started ServerConnector@2cfbeac4{HTTP/1.1,[http/1.1]}{0.0.0.0:42486}
2019-11-05 08:23:40,115 [main] INFO  server.Server (Server.java:doStart(419)) - Started @3902ms
2019-11-05 08:23:40,115 [main] WARN  impl.MetricsSystemImpl (MetricsSystemImpl.java:register(276)) - Sink prometheus already exists!
2019-11-05 08:23:40,116 [main] INFO  server.BaseHttpServer (BaseHttpServer.java:updateConnectorAddress(215)) - HTTP server of OZONEMANAGER is listening at http://0.0.0.0:42486
2019-11-05 08:23:40,400 [main] INFO  impl.MetricsSystemImpl (MetricsSystemImpl.java:init(158)) - HddsDatanode metrics system started (again)
2019-11-05 08:23:40,447 [main] INFO  ozone.HddsDatanodeService (HddsDatanodeService.java:start(184)) - HddsDatanodeService host:pr-hdds-1643-8bmlk-2934350033 ip:192.168.164.217
2019-11-05 08:23:40,479 [main] INFO  volume.HddsVolume (HddsVolume.java:<init>(176)) - Creating Volume: /workdir/hadoop-ozone/integration-test/target/test-dir/MiniOzoneClusterImpl-0ddfd79e-5774-4abb-9b8b-55ac0c17dbc1/datanode-0/data/containers/hdds of  storage type : DISK and capacity : 1482555576320
2019-11-05 08:23:40,481 [main] INFO  volume.VolumeSet (VolumeSet.java:initializeVolumeSet(170)) - Added Volume : /workdir/hadoop-ozone/integration-test/target/test-dir/MiniOzoneClusterImpl-0ddfd79e-5774-4abb-9b8b-55ac0c17dbc1/datanode-0/data/containers/hdds to VolumeSet
2019-11-05 08:23:40,484 [main] INFO  volume.ThrottledAsyncChecker (ThrottledAsyncChecker.java:schedule(141)) - Scheduling a check for /workdir/hadoop-ozone/integration-test/target/test-dir/MiniOzoneClusterImpl-0ddfd79e-5774-4abb-9b8b-55ac0c17dbc1/datanode-0/data/containers/hdds
2019-11-05 08:23:40,500 [main] INFO  volume.HddsVolumeChecker (HddsVolumeChecker.java:checkAllVolumes(204)) - Scheduled health check for volume /workdir/hadoop-ozone/integration-test/target/test-dir/MiniOzoneClusterImpl-0ddfd79e-5774-4abb-9b8b-55ac0c17dbc1/datanode-0/data/containers/hdds
2019-11-05 08:23:40,606 [main] INFO  impl.RaftServerProxy (ConfUtils.java:logGet(43)) - raft.rpc.type = GRPC (default)
2019-11-05 08:23:40,693 [main] INFO  grpc.GrpcFactory (GrpcFactory.java:checkPooledByteBufAllocatorUseCacheForAllThreads(45)) - PERFORMANCE WARNING: useCacheForAllThreads is true that may cause Netty to create a lot garbage objects and, as a result, trigger GC.
	It is recommended to disable useCacheForAllThreads by setting -Dorg.apache.ratis.thirdparty.io.netty.allocator.useCacheForAllThreads=false in command line.
2019-11-05 08:23:40,700 [main] INFO  grpc.GrpcConfigKeys$Server (ConfUtils.java:logGet(43)) - raft.grpc.server.port = 0 (default)
2019-11-05 08:23:40,701 [main] INFO  server.GrpcService (ConfUtils.java:logGet(43)) - raft.grpc.message.size.max = 33570816 (custom)
2019-11-05 08:23:40,703 [main] INFO  server.RaftServerConfigKeys (ConfUtils.java:logGet(43)) - raft.server.log.appender.buffer.byte-limit = 33554432 (custom)
2019-11-05 08:23:40,704 [main] INFO  server.GrpcService (ConfUtils.java:logGet(43)) - raft.grpc.flow.control.window = 1MB (=1048576) (default)
2019-11-05 08:23:40,705 [main] INFO  server.RaftServerConfigKeys (ConfUtils.java:logGet(43)) - raft.server.rpc.request.timeout = 3000ms (default)
2019-11-05 08:23:40,874 [main] INFO  server.RaftServerConfigKeys (ConfUtils.java:logGet(43)) - raft.server.storage.dir = [/workdir/hadoop-ozone/integration-test/target/test-dir/MiniOzoneClusterImpl-0ddfd79e-5774-4abb-9b8b-55ac0c17dbc1/datanode-0/data/ratis] (custom)
2019-11-05 08:23:40,926 [main] INFO  hdfs.DFSUtil (DFSUtil.java:httpServerTemplateForNNAndJN(1641)) - Starting Web-server for hddsDatanode at: http://0.0.0.0:0
2019-11-05 08:23:40,929 [main] INFO  server.AuthenticationFilter (AuthenticationFilter.java:constructSecretProvider(240)) - Unable to initialize FileSignerSecretProvider, falling back to use random secrets.
2019-11-05 08:23:40,930 [main] WARN  http.HttpRequestLog (HttpRequestLog.java:getRequestLog(97)) - Jetty request log can only be enabled using Log4j
2019-11-05 08:23:40,933 [main] INFO  http.HttpServer2 (HttpServer2.java:addGlobalFilter(975)) - Added global filter 'safety' (class=org.apache.hadoop.http.HttpServer2$QuotingInputFilter)
2019-11-05 08:23:40,934 [main] INFO  http.HttpServer2 (HttpServer2.java:addFilter(948)) - Added filter static_user_filter (class=org.apache.hadoop.http.lib.StaticUserWebFilter$StaticUserFilter) to context hddsDatanode
2019-11-05 08:23:40,934 [main] INFO  http.HttpServer2 (HttpServer2.java:addFilter(958)) - Added filter static_user_filter (class=org.apache.hadoop.http.lib.StaticUserWebFilter$StaticUserFilter) to context logs
2019-11-05 08:23:40,935 [main] INFO  http.HttpServer2 (HttpServer2.java:addFilter(958)) - Added filter static_user_filter (class=org.apache.hadoop.http.lib.StaticUserWebFilter$StaticUserFilter) to context static
2019-11-05 08:23:40,936 [main] INFO  http.HttpServer2 (HttpServer2.java:bindListener(1191)) - Jetty bound to port 46620
2019-11-05 08:23:40,937 [main] INFO  server.Server (Server.java:doStart(351)) - jetty-9.3.25.v20180904, build timestamp: 2018-09-04T21:11:46Z, git hash: 3ce520221d0240229c862b122d2b06c12a625732
2019-11-05 08:23:40,941 [main] INFO  handler.ContextHandler (ContextHandler.java:doStart(781)) - Started o.e.j.s.ServletContextHandler@290d10ef{/logs,file:///workdir/hadoop-ozone/integration-test/target/log,AVAILABLE}
2019-11-05 08:23:40,941 [main] INFO  handler.ContextHandler (ContextHandler.java:doStart(781)) - Started o.e.j.s.ServletContextHandler@644ded04{/static,jar:file:/home/user/.m2/repository/org/apache/hadoop/hadoop-hdds-container-service/0.5.0-SNAPSHOT/hadoop-hdds-container-service-0.5.0-SNAPSHOT.jar!/webapps/static,AVAILABLE}
2019-11-05 08:23:40,992 [main] INFO  handler.ContextHandler (ContextHandler.java:doStart(781)) - Started o.e.j.w.WebAppContext@4339baec{/,file:///tmp/jetty-0.0.0.0-46620-hddsDatanode-_-any-7622985313052243488.dir/webapp/,AVAILABLE}{/hddsDatanode}
2019-11-05 08:23:40,993 [main] INFO  server.AbstractConnector (AbstractConnector.java:doStart(278)) - Started ServerConnector@62db3891{HTTP/1.1,[http/1.1]}{0.0.0.0:46620}
2019-11-05 08:23:40,994 [main] INFO  server.Server (Server.java:doStart(419)) - Started @4781ms
2019-11-05 08:23:40,994 [main] WARN  impl.MetricsSystemImpl (MetricsSystemImpl.java:register(276)) - Sink prometheus already exists!
2019-11-05 08:23:40,996 [main] INFO  server.BaseHttpServer (BaseHttpServer.java:updateConnectorAddress(215)) - HTTP server of HDDSDATANODE is listening at http://0.0.0.0:46620
2019-11-05 08:23:40,997 [main] INFO  impl.MetricsSystemImpl (MetricsSystemImpl.java:init(158)) - HddsDatanode metrics system started (again)
2019-11-05 08:23:41,000 [main] INFO  ozone.HddsDatanodeService (HddsDatanodeService.java:start(184)) - HddsDatanodeService host:pr-hdds-1643-8bmlk-2934350033 ip:192.168.164.217
2019-11-05 08:23:41,004 [org.apache.hadoop.util.JvmPauseMonitor$Monitor@48bc0f68] INFO  util.JvmPauseMonitor (JvmPauseMonitor.java:run(188)) - Starting JVM pause monitor
2019-11-05 08:23:41,011 [main] INFO  volume.HddsVolume (HddsVolume.java:<init>(176)) - Creating Volume: /workdir/hadoop-ozone/integration-test/target/test-dir/MiniOzoneClusterImpl-0ddfd79e-5774-4abb-9b8b-55ac0c17dbc1/datanode-1/data/containers/hdds of  storage type : DISK and capacity : 1482555576320
2019-11-05 08:23:41,012 [main] INFO  volume.VolumeSet (VolumeSet.java:initializeVolumeSet(170)) - Added Volume : /workdir/hadoop-ozone/integration-test/target/test-dir/MiniOzoneClusterImpl-0ddfd79e-5774-4abb-9b8b-55ac0c17dbc1/datanode-1/data/containers/hdds to VolumeSet
2019-11-05 08:23:41,012 [main] INFO  volume.ThrottledAsyncChecker (ThrottledAsyncChecker.java:schedule(141)) - Scheduling a check for /workdir/hadoop-ozone/integration-test/target/test-dir/MiniOzoneClusterImpl-0ddfd79e-5774-4abb-9b8b-55ac0c17dbc1/datanode-1/data/containers/hdds
2019-11-05 08:23:41,013 [main] INFO  volume.HddsVolumeChecker (HddsVolumeChecker.java:checkAllVolumes(204)) - Scheduled health check for volume /workdir/hadoop-ozone/integration-test/target/test-dir/MiniOzoneClusterImpl-0ddfd79e-5774-4abb-9b8b-55ac0c17dbc1/datanode-1/data/containers/hdds
2019-11-05 08:23:41,034 [main] INFO  impl.RaftServerProxy (ConfUtils.java:logGet(43)) - raft.rpc.type = GRPC (default)
2019-11-05 08:23:41,035 [main] INFO  grpc.GrpcFactory (GrpcFactory.java:checkPooledByteBufAllocatorUseCacheForAllThreads(45)) - PERFORMANCE WARNING: useCacheForAllThreads is true that may cause Netty to create a lot garbage objects and, as a result, trigger GC.
	It is recommended to disable useCacheForAllThreads by setting -Dorg.apache.ratis.thirdparty.io.netty.allocator.useCacheForAllThreads=false in command line.
2019-11-05 08:23:41,035 [main] INFO  grpc.GrpcConfigKeys$Server (ConfUtils.java:logGet(43)) - raft.grpc.server.port = 0 (default)
2019-11-05 08:23:41,036 [main] INFO  server.GrpcService (ConfUtils.java:logGet(43)) - raft.grpc.message.size.max = 33570816 (custom)
2019-11-05 08:23:41,036 [main] INFO  server.RaftServerConfigKeys (ConfUtils.java:logGet(43)) - raft.server.log.appender.buffer.byte-limit = 33554432 (custom)
2019-11-05 08:23:41,036 [main] INFO  server.GrpcService (ConfUtils.java:logGet(43)) - raft.grpc.flow.control.window = 1MB (=1048576) (default)
2019-11-05 08:23:41,037 [main] INFO  server.RaftServerConfigKeys (ConfUtils.java:logGet(43)) - raft.server.rpc.request.timeout = 3000ms (default)
2019-11-05 08:23:41,038 [main] INFO  server.RaftServerConfigKeys (ConfUtils.java:logGet(43)) - raft.server.storage.dir = [/workdir/hadoop-ozone/integration-test/target/test-dir/MiniOzoneClusterImpl-0ddfd79e-5774-4abb-9b8b-55ac0c17dbc1/datanode-1/data/ratis] (custom)
2019-11-05 08:23:41,040 [main] INFO  hdfs.DFSUtil (DFSUtil.java:httpServerTemplateForNNAndJN(1641)) - Starting Web-server for hddsDatanode at: http://0.0.0.0:0
2019-11-05 08:23:41,042 [main] INFO  server.AuthenticationFilter (AuthenticationFilter.java:constructSecretProvider(240)) - Unable to initialize FileSignerSecretProvider, falling back to use random secrets.
2019-11-05 08:23:41,043 [main] WARN  http.HttpRequestLog (HttpRequestLog.java:getRequestLog(97)) - Jetty request log can only be enabled using Log4j
2019-11-05 08:23:41,046 [main] INFO  http.HttpServer2 (HttpServer2.java:addGlobalFilter(975)) - Added global filter 'safety' (class=org.apache.hadoop.http.HttpServer2$QuotingInputFilter)
2019-11-05 08:23:41,047 [main] INFO  http.HttpServer2 (HttpServer2.java:addFilter(948)) - Added filter static_user_filter (class=org.apache.hadoop.http.lib.StaticUserWebFilter$StaticUserFilter) to context hddsDatanode
2019-11-05 08:23:41,048 [main] INFO  http.HttpServer2 (HttpServer2.java:addFilter(958)) - Added filter static_user_filter (class=org.apache.hadoop.http.lib.StaticUserWebFilter$StaticUserFilter) to context logs
2019-11-05 08:23:41,048 [main] INFO  http.HttpServer2 (HttpServer2.java:addFilter(958)) - Added filter static_user_filter (class=org.apache.hadoop.http.lib.StaticUserWebFilter$StaticUserFilter) to context static
2019-11-05 08:23:41,049 [main] INFO  http.HttpServer2 (HttpServer2.java:bindListener(1191)) - Jetty bound to port 43467
2019-11-05 08:23:41,050 [main] INFO  server.Server (Server.java:doStart(351)) - jetty-9.3.25.v20180904, build timestamp: 2018-09-04T21:11:46Z, git hash: 3ce520221d0240229c862b122d2b06c12a625732
2019-11-05 08:23:41,053 [main] INFO  handler.ContextHandler (ContextHandler.java:doStart(781)) - Started o.e.j.s.ServletContextHandler@277bf091{/logs,file:///workdir/hadoop-ozone/integration-test/target/log,AVAILABLE}
2019-11-05 08:23:41,054 [main] INFO  handler.ContextHandler (ContextHandler.java:doStart(781)) - Started o.e.j.s.ServletContextHandler@6a094db2{/static,jar:file:/home/user/.m2/repository/org/apache/hadoop/hadoop-hdds-container-service/0.5.0-SNAPSHOT/hadoop-hdds-container-service-0.5.0-SNAPSHOT.jar!/webapps/static,AVAILABLE}
2019-11-05 08:23:41,101 [main] INFO  handler.ContextHandler (ContextHandler.java:doStart(781)) - Started o.e.j.w.WebAppContext@508a65bf{/,file:///tmp/jetty-0.0.0.0-43467-hddsDatanode-_-any-7579170754030794276.dir/webapp/,AVAILABLE}{/hddsDatanode}
2019-11-05 08:23:41,103 [main] INFO  server.AbstractConnector (AbstractConnector.java:doStart(278)) - Started ServerConnector@17f2dd85{HTTP/1.1,[http/1.1]}{0.0.0.0:43467}
2019-11-05 08:23:41,103 [main] INFO  server.Server (Server.java:doStart(419)) - Started @4890ms
2019-11-05 08:23:41,104 [main] WARN  impl.MetricsSystemImpl (MetricsSystemImpl.java:register(276)) - Sink prometheus already exists!
2019-11-05 08:23:41,105 [main] INFO  server.BaseHttpServer (BaseHttpServer.java:updateConnectorAddress(215)) - HTTP server of HDDSDATANODE is listening at http://0.0.0.0:43467
2019-11-05 08:23:41,105 [main] INFO  impl.MetricsSystemImpl (MetricsSystemImpl.java:init(158)) - HddsDatanode metrics system started (again)
2019-11-05 08:23:41,109 [main] INFO  ozone.HddsDatanodeService (HddsDatanodeService.java:start(184)) - HddsDatanodeService host:pr-hdds-1643-8bmlk-2934350033 ip:192.168.164.217
2019-11-05 08:23:41,109 [org.apache.hadoop.util.JvmPauseMonitor$Monitor@fc3bd9e] INFO  util.JvmPauseMonitor (JvmPauseMonitor.java:run(188)) - Starting JVM pause monitor
2019-11-05 08:23:41,117 [main] INFO  volume.HddsVolume (HddsVolume.java:<init>(176)) - Creating Volume: /workdir/hadoop-ozone/integration-test/target/test-dir/MiniOzoneClusterImpl-0ddfd79e-5774-4abb-9b8b-55ac0c17dbc1/datanode-2/data/containers/hdds of  storage type : DISK and capacity : 1482555576320
2019-11-05 08:23:41,118 [main] INFO  volume.VolumeSet (VolumeSet.java:initializeVolumeSet(170)) - Added Volume : /workdir/hadoop-ozone/integration-test/target/test-dir/MiniOzoneClusterImpl-0ddfd79e-5774-4abb-9b8b-55ac0c17dbc1/datanode-2/data/containers/hdds to VolumeSet
2019-11-05 08:23:41,118 [main] INFO  volume.ThrottledAsyncChecker (ThrottledAsyncChecker.java:schedule(141)) - Scheduling a check for /workdir/hadoop-ozone/integration-test/target/test-dir/MiniOzoneClusterImpl-0ddfd79e-5774-4abb-9b8b-55ac0c17dbc1/datanode-2/data/containers/hdds
2019-11-05 08:23:41,119 [main] INFO  volume.HddsVolumeChecker (HddsVolumeChecker.java:checkAllVolumes(204)) - Scheduled health check for volume /workdir/hadoop-ozone/integration-test/target/test-dir/MiniOzoneClusterImpl-0ddfd79e-5774-4abb-9b8b-55ac0c17dbc1/datanode-2/data/containers/hdds
2019-11-05 08:23:41,133 [main] INFO  impl.RaftServerProxy (ConfUtils.java:logGet(43)) - raft.rpc.type = GRPC (default)
2019-11-05 08:23:41,133 [main] INFO  grpc.GrpcFactory (GrpcFactory.java:checkPooledByteBufAllocatorUseCacheForAllThreads(45)) - PERFORMANCE WARNING: useCacheForAllThreads is true that may cause Netty to create a lot garbage objects and, as a result, trigger GC.
	It is recommended to disable useCacheForAllThreads by setting -Dorg.apache.ratis.thirdparty.io.netty.allocator.useCacheForAllThreads=false in command line.
2019-11-05 08:23:41,135 [main] INFO  grpc.GrpcConfigKeys$Server (ConfUtils.java:logGet(43)) - raft.grpc.server.port = 0 (default)
2019-11-05 08:23:41,135 [main] INFO  server.GrpcService (ConfUtils.java:logGet(43)) - raft.grpc.message.size.max = 33570816 (custom)
2019-11-05 08:23:41,135 [main] INFO  server.RaftServerConfigKeys (ConfUtils.java:logGet(43)) - raft.server.log.appender.buffer.byte-limit = 33554432 (custom)
2019-11-05 08:23:41,136 [main] INFO  server.GrpcService (ConfUtils.java:logGet(43)) - raft.grpc.flow.control.window = 1MB (=1048576) (default)
2019-11-05 08:23:41,136 [main] INFO  server.RaftServerConfigKeys (ConfUtils.java:logGet(43)) - raft.server.rpc.request.timeout = 3000ms (default)
2019-11-05 08:23:41,138 [main] INFO  server.RaftServerConfigKeys (ConfUtils.java:logGet(43)) - raft.server.storage.dir = [/workdir/hadoop-ozone/integration-test/target/test-dir/MiniOzoneClusterImpl-0ddfd79e-5774-4abb-9b8b-55ac0c17dbc1/datanode-2/data/ratis] (custom)
2019-11-05 08:23:41,142 [main] INFO  hdfs.DFSUtil (DFSUtil.java:httpServerTemplateForNNAndJN(1641)) - Starting Web-server for hddsDatanode at: http://0.0.0.0:0
2019-11-05 08:23:41,144 [main] INFO  server.AuthenticationFilter (AuthenticationFilter.java:constructSecretProvider(240)) - Unable to initialize FileSignerSecretProvider, falling back to use random secrets.
2019-11-05 08:23:41,144 [main] WARN  http.HttpRequestLog (HttpRequestLog.java:getRequestLog(97)) - Jetty request log can only be enabled using Log4j
2019-11-05 08:23:41,146 [main] INFO  http.HttpServer2 (HttpServer2.java:addGlobalFilter(975)) - Added global filter 'safety' (class=org.apache.hadoop.http.HttpServer2$QuotingInputFilter)
2019-11-05 08:23:41,147 [main] INFO  http.HttpServer2 (HttpServer2.java:addFilter(948)) - Added filter static_user_filter (class=org.apache.hadoop.http.lib.StaticUserWebFilter$StaticUserFilter) to context hddsDatanode
2019-11-05 08:23:41,147 [main] INFO  http.HttpServer2 (HttpServer2.java:addFilter(958)) - Added filter static_user_filter (class=org.apache.hadoop.http.lib.StaticUserWebFilter$StaticUserFilter) to context logs
2019-11-05 08:23:41,147 [main] INFO  http.HttpServer2 (HttpServer2.java:addFilter(958)) - Added filter static_user_filter (class=org.apache.hadoop.http.lib.StaticUserWebFilter$StaticUserFilter) to context static
2019-11-05 08:23:41,148 [main] INFO  http.HttpServer2 (HttpServer2.java:bindListener(1191)) - Jetty bound to port 39549
2019-11-05 08:23:41,148 [main] INFO  server.Server (Server.java:doStart(351)) - jetty-9.3.25.v20180904, build timestamp: 2018-09-04T21:11:46Z, git hash: 3ce520221d0240229c862b122d2b06c12a625732
2019-11-05 08:23:41,151 [main] INFO  handler.ContextHandler (ContextHandler.java:doStart(781)) - Started o.e.j.s.ServletContextHandler@4eba373c{/logs,file:///workdir/hadoop-ozone/integration-test/target/log,AVAILABLE}
2019-11-05 08:23:41,152 [main] INFO  handler.ContextHandler (ContextHandler.java:doStart(781)) - Started o.e.j.s.ServletContextHandler@d109c4f{/static,jar:file:/home/user/.m2/repository/org/apache/hadoop/hadoop-hdds-container-service/0.5.0-SNAPSHOT/hadoop-hdds-container-service-0.5.0-SNAPSHOT.jar!/webapps/static,AVAILABLE}
2019-11-05 08:23:41,153 [Datanode State Machine Thread - 0] INFO  datanode.InitDatanodeState (InitDatanodeState.java:persistContainerDatanodeDetails(140)) - DatanodeDetails is persisted to /workdir/hadoop-ozone/integration-test/target/test-dir/MiniOzoneClusterImpl-0ddfd79e-5774-4abb-9b8b-55ac0c17dbc1/datanode-0/meta/datanode.id
2019-11-05 08:23:41,157 [Datanode State Machine Thread - 0] INFO  datanode.InitDatanodeState (InitDatanodeState.java:persistContainerDatanodeDetails(140)) - DatanodeDetails is persisted to /workdir/hadoop-ozone/integration-test/target/test-dir/MiniOzoneClusterImpl-0ddfd79e-5774-4abb-9b8b-55ac0c17dbc1/datanode-1/meta/datanode.id
2019-11-05 08:23:41,183 [main] INFO  handler.ContextHandler (ContextHandler.java:doStart(781)) - Started o.e.j.w.WebAppContext@80bfdc6{/,file:///tmp/jetty-0.0.0.0-39549-hddsDatanode-_-any-1181370899204751753.dir/webapp/,AVAILABLE}{/hddsDatanode}
2019-11-05 08:23:41,184 [main] INFO  server.AbstractConnector (AbstractConnector.java:doStart(278)) - Started ServerConnector@6edcad64{HTTP/1.1,[http/1.1]}{0.0.0.0:39549}
2019-11-05 08:23:41,184 [main] INFO  server.Server (Server.java:doStart(419)) - Started @4972ms
2019-11-05 08:23:41,185 [main] WARN  impl.MetricsSystemImpl (MetricsSystemImpl.java:register(276)) - Sink prometheus already exists!
2019-11-05 08:23:41,187 [main] INFO  server.BaseHttpServer (BaseHttpServer.java:updateConnectorAddress(215)) - HTTP server of HDDSDATANODE is listening at http://0.0.0.0:39549
2019-11-05 08:23:41,187 [main] INFO  impl.MetricsSystemImpl (MetricsSystemImpl.java:init(158)) - HddsDatanode metrics system started (again)
2019-11-05 08:23:41,190 [org.apache.hadoop.util.JvmPauseMonitor$Monitor@3a36b5b3] INFO  util.JvmPauseMonitor (JvmPauseMonitor.java:run(188)) - Starting JVM pause monitor
2019-11-05 08:23:41,190 [main] INFO  ozone.HddsDatanodeService (HddsDatanodeService.java:start(184)) - HddsDatanodeService host:pr-hdds-1643-8bmlk-2934350033 ip:192.168.164.217
2019-11-05 08:23:41,193 [Datanode State Machine Thread - 0] INFO  datanode.InitDatanodeState (InitDatanodeState.java:persistContainerDatanodeDetails(140)) - DatanodeDetails is persisted to /workdir/hadoop-ozone/integration-test/target/test-dir/MiniOzoneClusterImpl-0ddfd79e-5774-4abb-9b8b-55ac0c17dbc1/datanode-2/meta/datanode.id
2019-11-05 08:23:41,199 [main] INFO  volume.HddsVolume (HddsVolume.java:<init>(176)) - Creating Volume: /workdir/hadoop-ozone/integration-test/target/test-dir/MiniOzoneClusterImpl-0ddfd79e-5774-4abb-9b8b-55ac0c17dbc1/datanode-3/data/containers/hdds of  storage type : DISK and capacity : 1482555576320
2019-11-05 08:23:41,199 [main] INFO  volume.VolumeSet (VolumeSet.java:initializeVolumeSet(170)) - Added Volume : /workdir/hadoop-ozone/integration-test/target/test-dir/MiniOzoneClusterImpl-0ddfd79e-5774-4abb-9b8b-55ac0c17dbc1/datanode-3/data/containers/hdds to VolumeSet
2019-11-05 08:23:41,200 [main] INFO  volume.ThrottledAsyncChecker (ThrottledAsyncChecker.java:schedule(141)) - Scheduling a check for /workdir/hadoop-ozone/integration-test/target/test-dir/MiniOzoneClusterImpl-0ddfd79e-5774-4abb-9b8b-55ac0c17dbc1/datanode-3/data/containers/hdds
2019-11-05 08:23:41,200 [main] INFO  volume.HddsVolumeChecker (HddsVolumeChecker.java:checkAllVolumes(204)) - Scheduled health check for volume /workdir/hadoop-ozone/integration-test/target/test-dir/MiniOzoneClusterImpl-0ddfd79e-5774-4abb-9b8b-55ac0c17dbc1/datanode-3/data/containers/hdds
2019-11-05 08:23:41,213 [main] INFO  impl.RaftServerProxy (ConfUtils.java:logGet(43)) - raft.rpc.type = GRPC (default)
2019-11-05 08:23:41,214 [main] INFO  grpc.GrpcFactory (GrpcFactory.java:checkPooledByteBufAllocatorUseCacheForAllThreads(45)) - PERFORMANCE WARNING: useCacheForAllThreads is true that may cause Netty to create a lot garbage objects and, as a result, trigger GC.
	It is recommended to disable useCacheForAllThreads by setting -Dorg.apache.ratis.thirdparty.io.netty.allocator.useCacheForAllThreads=false in command line.
2019-11-05 08:23:41,214 [main] INFO  grpc.GrpcConfigKeys$Server (ConfUtils.java:logGet(43)) - raft.grpc.server.port = 0 (default)
2019-11-05 08:23:41,214 [main] INFO  server.GrpcService (ConfUtils.java:logGet(43)) - raft.grpc.message.size.max = 33570816 (custom)
2019-11-05 08:23:41,214 [main] INFO  server.RaftServerConfigKeys (ConfUtils.java:logGet(43)) - raft.server.log.appender.buffer.byte-limit = 33554432 (custom)
2019-11-05 08:23:41,215 [main] INFO  server.GrpcService (ConfUtils.java:logGet(43)) - raft.grpc.flow.control.window = 1MB (=1048576) (default)
2019-11-05 08:23:41,215 [main] INFO  server.RaftServerConfigKeys (ConfUtils.java:logGet(43)) - raft.server.rpc.request.timeout = 3000ms (default)
2019-11-05 08:23:41,215 [main] INFO  server.RaftServerConfigKeys (ConfUtils.java:logGet(43)) - raft.server.storage.dir = [/workdir/hadoop-ozone/integration-test/target/test-dir/MiniOzoneClusterImpl-0ddfd79e-5774-4abb-9b8b-55ac0c17dbc1/datanode-3/data/ratis] (custom)
2019-11-05 08:23:41,217 [main] INFO  hdfs.DFSUtil (DFSUtil.java:httpServerTemplateForNNAndJN(1641)) - Starting Web-server for hddsDatanode at: http://0.0.0.0:0
2019-11-05 08:23:41,219 [main] INFO  server.AuthenticationFilter (AuthenticationFilter.java:constructSecretProvider(240)) - Unable to initialize FileSignerSecretProvider, falling back to use random secrets.
2019-11-05 08:23:41,219 [main] WARN  http.HttpRequestLog (HttpRequestLog.java:getRequestLog(97)) - Jetty request log can only be enabled using Log4j
2019-11-05 08:23:41,221 [main] INFO  http.HttpServer2 (HttpServer2.java:addGlobalFilter(975)) - Added global filter 'safety' (class=org.apache.hadoop.http.HttpServer2$QuotingInputFilter)
2019-11-05 08:23:41,221 [main] INFO  http.HttpServer2 (HttpServer2.java:addFilter(948)) - Added filter static_user_filter (class=org.apache.hadoop.http.lib.StaticUserWebFilter$StaticUserFilter) to context hddsDatanode
2019-11-05 08:23:41,222 [main] INFO  http.HttpServer2 (HttpServer2.java:addFilter(958)) - Added filter static_user_filter (class=org.apache.hadoop.http.lib.StaticUserWebFilter$StaticUserFilter) to context logs
2019-11-05 08:23:41,222 [main] INFO  http.HttpServer2 (HttpServer2.java:addFilter(958)) - Added filter static_user_filter (class=org.apache.hadoop.http.lib.StaticUserWebFilter$StaticUserFilter) to context static
2019-11-05 08:23:41,223 [main] INFO  http.HttpServer2 (HttpServer2.java:bindListener(1191)) - Jetty bound to port 36471
2019-11-05 08:23:41,223 [main] INFO  server.Server (Server.java:doStart(351)) - jetty-9.3.25.v20180904, build timestamp: 2018-09-04T21:11:46Z, git hash: 3ce520221d0240229c862b122d2b06c12a625732
2019-11-05 08:23:41,225 [main] INFO  handler.ContextHandler (ContextHandler.java:doStart(781)) - Started o.e.j.s.ServletContextHandler@a9f023e{/logs,file:///workdir/hadoop-ozone/integration-test/target/log,AVAILABLE}
2019-11-05 08:23:41,226 [main] INFO  handler.ContextHandler (ContextHandler.java:doStart(781)) - Started o.e.j.s.ServletContextHandler@4b200971{/static,jar:file:/home/user/.m2/repository/org/apache/hadoop/hadoop-hdds-container-service/0.5.0-SNAPSHOT/hadoop-hdds-container-service-0.5.0-SNAPSHOT.jar!/webapps/static,AVAILABLE}
2019-11-05 08:23:41,256 [main] INFO  handler.ContextHandler (ContextHandler.java:doStart(781)) - Started o.e.j.w.WebAppContext@337bbfdf{/,file:///tmp/jetty-0.0.0.0-36471-hddsDatanode-_-any-7270762160801660176.dir/webapp/,AVAILABLE}{/hddsDatanode}
2019-11-05 08:23:41,256 [main] INFO  server.AbstractConnector (AbstractConnector.java:doStart(278)) - Started ServerConnector@52d97ab6{HTTP/1.1,[http/1.1]}{0.0.0.0:36471}
2019-11-05 08:23:41,258 [main] INFO  server.Server (Server.java:doStart(419)) - Started @5045ms
2019-11-05 08:23:41,258 [main] WARN  impl.MetricsSystemImpl (MetricsSystemImpl.java:register(276)) - Sink prometheus already exists!
2019-11-05 08:23:41,259 [main] INFO  server.BaseHttpServer (BaseHttpServer.java:updateConnectorAddress(215)) - HTTP server of HDDSDATANODE is listening at http://0.0.0.0:36471
2019-11-05 08:23:41,259 [main] INFO  impl.MetricsSystemImpl (MetricsSystemImpl.java:init(158)) - HddsDatanode metrics system started (again)
2019-11-05 08:23:41,262 [main] INFO  ozone.HddsDatanodeService (HddsDatanodeService.java:start(184)) - HddsDatanodeService host:pr-hdds-1643-8bmlk-2934350033 ip:192.168.164.217
2019-11-05 08:23:41,263 [org.apache.hadoop.util.JvmPauseMonitor$Monitor@6dee4e] INFO  util.JvmPauseMonitor (JvmPauseMonitor.java:run(188)) - Starting JVM pause monitor
2019-11-05 08:23:41,266 [Datanode State Machine Thread - 0] INFO  datanode.InitDatanodeState (InitDatanodeState.java:persistContainerDatanodeDetails(140)) - DatanodeDetails is persisted to /workdir/hadoop-ozone/integration-test/target/test-dir/MiniOzoneClusterImpl-0ddfd79e-5774-4abb-9b8b-55ac0c17dbc1/datanode-3/meta/datanode.id
2019-11-05 08:23:41,271 [main] INFO  volume.HddsVolume (HddsVolume.java:<init>(176)) - Creating Volume: /workdir/hadoop-ozone/integration-test/target/test-dir/MiniOzoneClusterImpl-0ddfd79e-5774-4abb-9b8b-55ac0c17dbc1/datanode-4/data/containers/hdds of  storage type : DISK and capacity : 1482555576320
2019-11-05 08:23:41,272 [main] INFO  volume.VolumeSet (VolumeSet.java:initializeVolumeSet(170)) - Added Volume : /workdir/hadoop-ozone/integration-test/target/test-dir/MiniOzoneClusterImpl-0ddfd79e-5774-4abb-9b8b-55ac0c17dbc1/datanode-4/data/containers/hdds to VolumeSet
2019-11-05 08:23:41,272 [main] INFO  volume.ThrottledAsyncChecker (ThrottledAsyncChecker.java:schedule(141)) - Scheduling a check for /workdir/hadoop-ozone/integration-test/target/test-dir/MiniOzoneClusterImpl-0ddfd79e-5774-4abb-9b8b-55ac0c17dbc1/datanode-4/data/containers/hdds
2019-11-05 08:23:41,272 [main] INFO  volume.HddsVolumeChecker (HddsVolumeChecker.java:checkAllVolumes(204)) - Scheduled health check for volume /workdir/hadoop-ozone/integration-test/target/test-dir/MiniOzoneClusterImpl-0ddfd79e-5774-4abb-9b8b-55ac0c17dbc1/datanode-4/data/containers/hdds
2019-11-05 08:23:41,286 [main] INFO  impl.RaftServerProxy (ConfUtils.java:logGet(43)) - raft.rpc.type = GRPC (default)
2019-11-05 08:23:41,286 [main] INFO  grpc.GrpcFactory (GrpcFactory.java:checkPooledByteBufAllocatorUseCacheForAllThreads(45)) - PERFORMANCE WARNING: useCacheForAllThreads is true that may cause Netty to create a lot garbage objects and, as a result, trigger GC.
	It is recommended to disable useCacheForAllThreads by setting -Dorg.apache.ratis.thirdparty.io.netty.allocator.useCacheForAllThreads=false in command line.
2019-11-05 08:23:41,287 [main] INFO  grpc.GrpcConfigKeys$Server (ConfUtils.java:logGet(43)) - raft.grpc.server.port = 0 (default)
2019-11-05 08:23:41,287 [main] INFO  server.GrpcService (ConfUtils.java:logGet(43)) - raft.grpc.message.size.max = 33570816 (custom)
2019-11-05 08:23:41,287 [main] INFO  server.RaftServerConfigKeys (ConfUtils.java:logGet(43)) - raft.server.log.appender.buffer.byte-limit = 33554432 (custom)
2019-11-05 08:23:41,287 [main] INFO  server.GrpcService (ConfUtils.java:logGet(43)) - raft.grpc.flow.control.window = 1MB (=1048576) (default)
2019-11-05 08:23:41,287 [main] INFO  server.RaftServerConfigKeys (ConfUtils.java:logGet(43)) - raft.server.rpc.request.timeout = 3000ms (default)
2019-11-05 08:23:41,288 [main] INFO  server.RaftServerConfigKeys (ConfUtils.java:logGet(43)) - raft.server.storage.dir = [/workdir/hadoop-ozone/integration-test/target/test-dir/MiniOzoneClusterImpl-0ddfd79e-5774-4abb-9b8b-55ac0c17dbc1/datanode-4/data/ratis] (custom)
2019-11-05 08:23:41,290 [main] INFO  hdfs.DFSUtil (DFSUtil.java:httpServerTemplateForNNAndJN(1641)) - Starting Web-server for hddsDatanode at: http://0.0.0.0:0
2019-11-05 08:23:41,292 [main] INFO  server.AuthenticationFilter (AuthenticationFilter.java:constructSecretProvider(240)) - Unable to initialize FileSignerSecretProvider, falling back to use random secrets.
2019-11-05 08:23:41,293 [main] WARN  http.HttpRequestLog (HttpRequestLog.java:getRequestLog(97)) - Jetty request log can only be enabled using Log4j
2019-11-05 08:23:41,295 [main] INFO  http.HttpServer2 (HttpServer2.java:addGlobalFilter(975)) - Added global filter 'safety' (class=org.apache.hadoop.http.HttpServer2$QuotingInputFilter)
2019-11-05 08:23:41,296 [main] INFO  http.HttpServer2 (HttpServer2.java:addFilter(948)) - Added filter static_user_filter (class=org.apache.hadoop.http.lib.StaticUserWebFilter$StaticUserFilter) to context hddsDatanode
2019-11-05 08:23:41,296 [main] INFO  http.HttpServer2 (HttpServer2.java:addFilter(958)) - Added filter static_user_filter (class=org.apache.hadoop.http.lib.StaticUserWebFilter$StaticUserFilter) to context static
2019-11-05 08:23:41,296 [main] INFO  http.HttpServer2 (HttpServer2.java:addFilter(958)) - Added filter static_user_filter (class=org.apache.hadoop.http.lib.StaticUserWebFilter$StaticUserFilter) to context logs
2019-11-05 08:23:41,297 [main] INFO  http.HttpServer2 (HttpServer2.java:bindListener(1191)) - Jetty bound to port 37771
2019-11-05 08:23:41,297 [main] INFO  server.Server (Server.java:doStart(351)) - jetty-9.3.25.v20180904, build timestamp: 2018-09-04T21:11:46Z, git hash: 3ce520221d0240229c862b122d2b06c12a625732
2019-11-05 08:23:41,302 [main] INFO  handler.ContextHandler (ContextHandler.java:doStart(781)) - Started o.e.j.s.ServletContextHandler@4d21c56e{/logs,file:///workdir/hadoop-ozone/integration-test/target/log,AVAILABLE}
2019-11-05 08:23:41,302 [main] INFO  handler.ContextHandler (ContextHandler.java:doStart(781)) - Started o.e.j.s.ServletContextHandler@7100dea{/static,jar:file:/home/user/.m2/repository/org/apache/hadoop/hadoop-hdds-container-service/0.5.0-SNAPSHOT/hadoop-hdds-container-service-0.5.0-SNAPSHOT.jar!/webapps/static,AVAILABLE}
2019-11-05 08:23:41,335 [main] INFO  handler.ContextHandler (ContextHandler.java:doStart(781)) - Started o.e.j.w.WebAppContext@6b350309{/,file:///tmp/jetty-0.0.0.0-37771-hddsDatanode-_-any-884741336998839710.dir/webapp/,AVAILABLE}{/hddsDatanode}
2019-11-05 08:23:41,335 [main] INFO  server.AbstractConnector (AbstractConnector.java:doStart(278)) - Started ServerConnector@7ecec90d{HTTP/1.1,[http/1.1]}{0.0.0.0:37771}
2019-11-05 08:23:41,336 [main] INFO  server.Server (Server.java:doStart(419)) - Started @5124ms
2019-11-05 08:23:41,337 [main] WARN  impl.MetricsSystemImpl (MetricsSystemImpl.java:register(276)) - Sink prometheus already exists!
2019-11-05 08:23:41,338 [main] INFO  server.BaseHttpServer (BaseHttpServer.java:updateConnectorAddress(215)) - HTTP server of HDDSDATANODE is listening at http://0.0.0.0:37771
2019-11-05 08:23:41,338 [main] INFO  impl.MetricsSystemImpl (MetricsSystemImpl.java:init(158)) - HddsDatanode metrics system started (again)
2019-11-05 08:23:41,341 [main] INFO  ozone.HddsDatanodeService (HddsDatanodeService.java:start(184)) - HddsDatanodeService host:pr-hdds-1643-8bmlk-2934350033 ip:192.168.164.217
2019-11-05 08:23:41,342 [org.apache.hadoop.util.JvmPauseMonitor$Monitor@3d1d1129] INFO  util.JvmPauseMonitor (JvmPauseMonitor.java:run(188)) - Starting JVM pause monitor
2019-11-05 08:23:41,344 [Datanode State Machine Thread - 0] INFO  datanode.InitDatanodeState (InitDatanodeState.java:persistContainerDatanodeDetails(140)) - DatanodeDetails is persisted to /workdir/hadoop-ozone/integration-test/target/test-dir/MiniOzoneClusterImpl-0ddfd79e-5774-4abb-9b8b-55ac0c17dbc1/datanode-4/meta/datanode.id
2019-11-05 08:23:41,350 [main] INFO  volume.HddsVolume (HddsVolume.java:<init>(176)) - Creating Volume: /workdir/hadoop-ozone/integration-test/target/test-dir/MiniOzoneClusterImpl-0ddfd79e-5774-4abb-9b8b-55ac0c17dbc1/datanode-5/data/containers/hdds of  storage type : DISK and capacity : 1482555576320
2019-11-05 08:23:41,350 [main] INFO  volume.VolumeSet (VolumeSet.java:initializeVolumeSet(170)) - Added Volume : /workdir/hadoop-ozone/integration-test/target/test-dir/MiniOzoneClusterImpl-0ddfd79e-5774-4abb-9b8b-55ac0c17dbc1/datanode-5/data/containers/hdds to VolumeSet
2019-11-05 08:23:41,351 [main] INFO  volume.ThrottledAsyncChecker (ThrottledAsyncChecker.java:schedule(141)) - Scheduling a check for /workdir/hadoop-ozone/integration-test/target/test-dir/MiniOzoneClusterImpl-0ddfd79e-5774-4abb-9b8b-55ac0c17dbc1/datanode-5/data/containers/hdds
2019-11-05 08:23:41,351 [main] INFO  volume.HddsVolumeChecker (HddsVolumeChecker.java:checkAllVolumes(204)) - Scheduled health check for volume /workdir/hadoop-ozone/integration-test/target/test-dir/MiniOzoneClusterImpl-0ddfd79e-5774-4abb-9b8b-55ac0c17dbc1/datanode-5/data/containers/hdds
2019-11-05 08:23:41,365 [main] INFO  impl.RaftServerProxy (ConfUtils.java:logGet(43)) - raft.rpc.type = GRPC (default)
2019-11-05 08:23:41,365 [main] INFO  grpc.GrpcFactory (GrpcFactory.java:checkPooledByteBufAllocatorUseCacheForAllThreads(45)) - PERFORMANCE WARNING: useCacheForAllThreads is true that may cause Netty to create a lot garbage objects and, as a result, trigger GC.
	It is recommended to disable useCacheForAllThreads by setting -Dorg.apache.ratis.thirdparty.io.netty.allocator.useCacheForAllThreads=false in command line.
2019-11-05 08:23:41,365 [main] INFO  grpc.GrpcConfigKeys$Server (ConfUtils.java:logGet(43)) - raft.grpc.server.port = 0 (default)
2019-11-05 08:23:41,366 [main] INFO  server.GrpcService (ConfUtils.java:logGet(43)) - raft.grpc.message.size.max = 33570816 (custom)
2019-11-05 08:23:41,366 [main] INFO  server.RaftServerConfigKeys (ConfUtils.java:logGet(43)) - raft.server.log.appender.buffer.byte-limit = 33554432 (custom)
2019-11-05 08:23:41,366 [main] INFO  server.GrpcService (ConfUtils.java:logGet(43)) - raft.grpc.flow.control.window = 1MB (=1048576) (default)
2019-11-05 08:23:41,366 [main] INFO  server.RaftServerConfigKeys (ConfUtils.java:logGet(43)) - raft.server.rpc.request.timeout = 3000ms (default)
2019-11-05 08:23:41,367 [main] INFO  server.RaftServerConfigKeys (ConfUtils.java:logGet(43)) - raft.server.storage.dir = [/workdir/hadoop-ozone/integration-test/target/test-dir/MiniOzoneClusterImpl-0ddfd79e-5774-4abb-9b8b-55ac0c17dbc1/datanode-5/data/ratis] (custom)
2019-11-05 08:23:41,369 [main] INFO  hdfs.DFSUtil (DFSUtil.java:httpServerTemplateForNNAndJN(1641)) - Starting Web-server for hddsDatanode at: http://0.0.0.0:0
2019-11-05 08:23:41,371 [main] INFO  server.AuthenticationFilter (AuthenticationFilter.java:constructSecretProvider(240)) - Unable to initialize FileSignerSecretProvider, falling back to use random secrets.
2019-11-05 08:23:41,371 [main] WARN  http.HttpRequestLog (HttpRequestLog.java:getRequestLog(97)) - Jetty request log can only be enabled using Log4j
2019-11-05 08:23:41,373 [main] INFO  http.HttpServer2 (HttpServer2.java:addGlobalFilter(975)) - Added global filter 'safety' (class=org.apache.hadoop.http.HttpServer2$QuotingInputFilter)
2019-11-05 08:23:41,374 [main] INFO  http.HttpServer2 (HttpServer2.java:addFilter(948)) - Added filter static_user_filter (class=org.apache.hadoop.http.lib.StaticUserWebFilter$StaticUserFilter) to context hddsDatanode
2019-11-05 08:23:41,374 [main] INFO  http.HttpServer2 (HttpServer2.java:addFilter(958)) - Added filter static_user_filter (class=org.apache.hadoop.http.lib.StaticUserWebFilter$StaticUserFilter) to context logs
2019-11-05 08:23:41,374 [main] INFO  http.HttpServer2 (HttpServer2.java:addFilter(958)) - Added filter static_user_filter (class=org.apache.hadoop.http.lib.StaticUserWebFilter$StaticUserFilter) to context static
2019-11-05 08:23:41,375 [main] INFO  http.HttpServer2 (HttpServer2.java:bindListener(1191)) - Jetty bound to port 38349
2019-11-05 08:23:41,376 [main] INFO  server.Server (Server.java:doStart(351)) - jetty-9.3.25.v20180904, build timestamp: 2018-09-04T21:11:46Z, git hash: 3ce520221d0240229c862b122d2b06c12a625732
2019-11-05 08:23:41,378 [main] INFO  handler.ContextHandler (ContextHandler.java:doStart(781)) - Started o.e.j.s.ServletContextHandler@5e7c141d{/logs,file:///workdir/hadoop-ozone/integration-test/target/log,AVAILABLE}
2019-11-05 08:23:41,378 [main] INFO  handler.ContextHandler (ContextHandler.java:doStart(781)) - Started o.e.j.s.ServletContextHandler@1305c126{/static,jar:file:/home/user/.m2/repository/org/apache/hadoop/hadoop-hdds-container-service/0.5.0-SNAPSHOT/hadoop-hdds-container-service-0.5.0-SNAPSHOT.jar!/webapps/static,AVAILABLE}
2019-11-05 08:23:41,416 [main] INFO  handler.ContextHandler (ContextHandler.java:doStart(781)) - Started o.e.j.w.WebAppContext@317a118b{/,file:///tmp/jetty-0.0.0.0-38349-hddsDatanode-_-any-3112961643284149525.dir/webapp/,AVAILABLE}{/hddsDatanode}
2019-11-05 08:23:41,417 [main] INFO  server.AbstractConnector (AbstractConnector.java:doStart(278)) - Started ServerConnector@56dfab87{HTTP/1.1,[http/1.1]}{0.0.0.0:38349}
2019-11-05 08:23:41,418 [main] INFO  server.Server (Server.java:doStart(419)) - Started @5205ms
2019-11-05 08:23:41,419 [main] WARN  impl.MetricsSystemImpl (MetricsSystemImpl.java:register(276)) - Sink prometheus already exists!
2019-11-05 08:23:41,420 [main] INFO  server.BaseHttpServer (BaseHttpServer.java:updateConnectorAddress(215)) - HTTP server of HDDSDATANODE is listening at http://0.0.0.0:38349
2019-11-05 08:23:41,420 [main] INFO  impl.MetricsSystemImpl (MetricsSystemImpl.java:init(158)) - HddsDatanode metrics system started (again)
2019-11-05 08:23:41,424 [main] INFO  ozone.HddsDatanodeService (HddsDatanodeService.java:start(184)) - HddsDatanodeService host:pr-hdds-1643-8bmlk-2934350033 ip:192.168.164.217
2019-11-05 08:23:41,424 [org.apache.hadoop.util.JvmPauseMonitor$Monitor@156affb] INFO  util.JvmPauseMonitor (JvmPauseMonitor.java:run(188)) - Starting JVM pause monitor
2019-11-05 08:23:41,428 [Datanode State Machine Thread - 0] INFO  datanode.InitDatanodeState (InitDatanodeState.java:persistContainerDatanodeDetails(140)) - DatanodeDetails is persisted to /workdir/hadoop-ozone/integration-test/target/test-dir/MiniOzoneClusterImpl-0ddfd79e-5774-4abb-9b8b-55ac0c17dbc1/datanode-5/meta/datanode.id
2019-11-05 08:23:41,434 [main] INFO  volume.HddsVolume (HddsVolume.java:<init>(176)) - Creating Volume: /workdir/hadoop-ozone/integration-test/target/test-dir/MiniOzoneClusterImpl-0ddfd79e-5774-4abb-9b8b-55ac0c17dbc1/datanode-6/data/containers/hdds of  storage type : DISK and capacity : 1482555576320
2019-11-05 08:23:41,434 [main] INFO  volume.VolumeSet (VolumeSet.java:initializeVolumeSet(170)) - Added Volume : /workdir/hadoop-ozone/integration-test/target/test-dir/MiniOzoneClusterImpl-0ddfd79e-5774-4abb-9b8b-55ac0c17dbc1/datanode-6/data/containers/hdds to VolumeSet
2019-11-05 08:23:41,435 [main] INFO  volume.ThrottledAsyncChecker (ThrottledAsyncChecker.java:schedule(141)) - Scheduling a check for /workdir/hadoop-ozone/integration-test/target/test-dir/MiniOzoneClusterImpl-0ddfd79e-5774-4abb-9b8b-55ac0c17dbc1/datanode-6/data/containers/hdds
2019-11-05 08:23:41,435 [main] INFO  volume.HddsVolumeChecker (HddsVolumeChecker.java:checkAllVolumes(204)) - Scheduled health check for volume /workdir/hadoop-ozone/integration-test/target/test-dir/MiniOzoneClusterImpl-0ddfd79e-5774-4abb-9b8b-55ac0c17dbc1/datanode-6/data/containers/hdds
2019-11-05 08:23:41,450 [main] INFO  impl.RaftServerProxy (ConfUtils.java:logGet(43)) - raft.rpc.type = GRPC (default)
2019-11-05 08:23:41,450 [main] INFO  grpc.GrpcFactory (GrpcFactory.java:checkPooledByteBufAllocatorUseCacheForAllThreads(45)) - PERFORMANCE WARNING: useCacheForAllThreads is true that may cause Netty to create a lot garbage objects and, as a result, trigger GC.
	It is recommended to disable useCacheForAllThreads by setting -Dorg.apache.ratis.thirdparty.io.netty.allocator.useCacheForAllThreads=false in command line.
2019-11-05 08:23:41,451 [main] INFO  grpc.GrpcConfigKeys$Server (ConfUtils.java:logGet(43)) - raft.grpc.server.port = 0 (default)
2019-11-05 08:23:41,451 [main] INFO  server.GrpcService (ConfUtils.java:logGet(43)) - raft.grpc.message.size.max = 33570816 (custom)
2019-11-05 08:23:41,451 [main] INFO  server.RaftServerConfigKeys (ConfUtils.java:logGet(43)) - raft.server.log.appender.buffer.byte-limit = 33554432 (custom)
2019-11-05 08:23:41,451 [main] INFO  server.GrpcService (ConfUtils.java:logGet(43)) - raft.grpc.flow.control.window = 1MB (=1048576) (default)
2019-11-05 08:23:41,452 [main] INFO  server.RaftServerConfigKeys (ConfUtils.java:logGet(43)) - raft.server.rpc.request.timeout = 3000ms (default)
2019-11-05 08:23:41,452 [main] INFO  server.RaftServerConfigKeys (ConfUtils.java:logGet(43)) - raft.server.storage.dir = [/workdir/hadoop-ozone/integration-test/target/test-dir/MiniOzoneClusterImpl-0ddfd79e-5774-4abb-9b8b-55ac0c17dbc1/datanode-6/data/ratis] (custom)
2019-11-05 08:23:41,454 [main] INFO  hdfs.DFSUtil (DFSUtil.java:httpServerTemplateForNNAndJN(1641)) - Starting Web-server for hddsDatanode at: http://0.0.0.0:0
2019-11-05 08:23:41,456 [main] INFO  server.AuthenticationFilter (AuthenticationFilter.java:constructSecretProvider(240)) - Unable to initialize FileSignerSecretProvider, falling back to use random secrets.
2019-11-05 08:23:41,456 [main] WARN  http.HttpRequestLog (HttpRequestLog.java:getRequestLog(97)) - Jetty request log can only be enabled using Log4j
2019-11-05 08:23:41,458 [main] INFO  http.HttpServer2 (HttpServer2.java:addGlobalFilter(975)) - Added global filter 'safety' (class=org.apache.hadoop.http.HttpServer2$QuotingInputFilter)
2019-11-05 08:23:41,459 [main] INFO  http.HttpServer2 (HttpServer2.java:addFilter(948)) - Added filter static_user_filter (class=org.apache.hadoop.http.lib.StaticUserWebFilter$StaticUserFilter) to context hddsDatanode
2019-11-05 08:23:41,460 [main] INFO  http.HttpServer2 (HttpServer2.java:addFilter(958)) - Added filter static_user_filter (class=org.apache.hadoop.http.lib.StaticUserWebFilter$StaticUserFilter) to context logs
2019-11-05 08:23:41,460 [main] INFO  http.HttpServer2 (HttpServer2.java:addFilter(958)) - Added filter static_user_filter (class=org.apache.hadoop.http.lib.StaticUserWebFilter$StaticUserFilter) to context static
2019-11-05 08:23:41,461 [main] INFO  http.HttpServer2 (HttpServer2.java:bindListener(1191)) - Jetty bound to port 35061
2019-11-05 08:23:41,461 [main] INFO  server.Server (Server.java:doStart(351)) - jetty-9.3.25.v20180904, build timestamp: 2018-09-04T21:11:46Z, git hash: 3ce520221d0240229c862b122d2b06c12a625732
2019-11-05 08:23:41,463 [main] INFO  handler.ContextHandler (ContextHandler.java:doStart(781)) - Started o.e.j.s.ServletContextHandler@2cae9b8{/logs,file:///workdir/hadoop-ozone/integration-test/target/log,AVAILABLE}
2019-11-05 08:23:41,464 [main] INFO  handler.ContextHandler (ContextHandler.java:doStart(781)) - Started o.e.j.s.ServletContextHandler@6f94fb9d{/static,jar:file:/home/user/.m2/repository/org/apache/hadoop/hadoop-hdds-container-service/0.5.0-SNAPSHOT/hadoop-hdds-container-service-0.5.0-SNAPSHOT.jar!/webapps/static,AVAILABLE}
2019-11-05 08:23:41,504 [main] INFO  handler.ContextHandler (ContextHandler.java:doStart(781)) - Started o.e.j.w.WebAppContext@7b306b9f{/,file:///tmp/jetty-0.0.0.0-35061-hddsDatanode-_-any-1029225857115177908.dir/webapp/,AVAILABLE}{/hddsDatanode}
2019-11-05 08:23:41,504 [main] INFO  server.AbstractConnector (AbstractConnector.java:doStart(278)) - Started ServerConnector@142213d5{HTTP/1.1,[http/1.1]}{0.0.0.0:35061}
2019-11-05 08:23:41,505 [main] INFO  server.Server (Server.java:doStart(419)) - Started @5293ms
2019-11-05 08:23:41,505 [main] WARN  impl.MetricsSystemImpl (MetricsSystemImpl.java:register(276)) - Sink prometheus already exists!
2019-11-05 08:23:41,509 [main] INFO  server.BaseHttpServer (BaseHttpServer.java:updateConnectorAddress(215)) - HTTP server of HDDSDATANODE is listening at http://0.0.0.0:35061
2019-11-05 08:23:41,509 [main] INFO  impl.MetricsSystemImpl (MetricsSystemImpl.java:init(158)) - HddsDatanode metrics system started (again)
2019-11-05 08:23:41,513 [main] INFO  ozone.HddsDatanodeService (HddsDatanodeService.java:start(184)) - HddsDatanodeService host:pr-hdds-1643-8bmlk-2934350033 ip:192.168.164.217
2019-11-05 08:23:41,513 [org.apache.hadoop.util.JvmPauseMonitor$Monitor@b9ac0d2] INFO  util.JvmPauseMonitor (JvmPauseMonitor.java:run(188)) - Starting JVM pause monitor
2019-11-05 08:23:41,516 [Datanode State Machine Thread - 0] INFO  datanode.InitDatanodeState (InitDatanodeState.java:persistContainerDatanodeDetails(140)) - DatanodeDetails is persisted to /workdir/hadoop-ozone/integration-test/target/test-dir/MiniOzoneClusterImpl-0ddfd79e-5774-4abb-9b8b-55ac0c17dbc1/datanode-6/meta/datanode.id
2019-11-05 08:23:41,521 [main] INFO  volume.HddsVolume (HddsVolume.java:<init>(176)) - Creating Volume: /workdir/hadoop-ozone/integration-test/target/test-dir/MiniOzoneClusterImpl-0ddfd79e-5774-4abb-9b8b-55ac0c17dbc1/datanode-7/data/containers/hdds of  storage type : DISK and capacity : 1482555576320
2019-11-05 08:23:41,522 [main] INFO  volume.VolumeSet (VolumeSet.java:initializeVolumeSet(170)) - Added Volume : /workdir/hadoop-ozone/integration-test/target/test-dir/MiniOzoneClusterImpl-0ddfd79e-5774-4abb-9b8b-55ac0c17dbc1/datanode-7/data/containers/hdds to VolumeSet
2019-11-05 08:23:41,522 [main] INFO  volume.ThrottledAsyncChecker (ThrottledAsyncChecker.java:schedule(141)) - Scheduling a check for /workdir/hadoop-ozone/integration-test/target/test-dir/MiniOzoneClusterImpl-0ddfd79e-5774-4abb-9b8b-55ac0c17dbc1/datanode-7/data/containers/hdds
2019-11-05 08:23:41,522 [main] INFO  volume.HddsVolumeChecker (HddsVolumeChecker.java:checkAllVolumes(204)) - Scheduled health check for volume /workdir/hadoop-ozone/integration-test/target/test-dir/MiniOzoneClusterImpl-0ddfd79e-5774-4abb-9b8b-55ac0c17dbc1/datanode-7/data/containers/hdds
2019-11-05 08:23:41,536 [main] INFO  impl.RaftServerProxy (ConfUtils.java:logGet(43)) - raft.rpc.type = GRPC (default)
2019-11-05 08:23:41,537 [main] INFO  grpc.GrpcFactory (GrpcFactory.java:checkPooledByteBufAllocatorUseCacheForAllThreads(45)) - PERFORMANCE WARNING: useCacheForAllThreads is true that may cause Netty to create a lot garbage objects and, as a result, trigger GC.
	It is recommended to disable useCacheForAllThreads by setting -Dorg.apache.ratis.thirdparty.io.netty.allocator.useCacheForAllThreads=false in command line.
2019-11-05 08:23:41,537 [main] INFO  grpc.GrpcConfigKeys$Server (ConfUtils.java:logGet(43)) - raft.grpc.server.port = 0 (default)
2019-11-05 08:23:41,537 [main] INFO  server.GrpcService (ConfUtils.java:logGet(43)) - raft.grpc.message.size.max = 33570816 (custom)
2019-11-05 08:23:41,537 [main] INFO  server.RaftServerConfigKeys (ConfUtils.java:logGet(43)) - raft.server.log.appender.buffer.byte-limit = 33554432 (custom)
2019-11-05 08:23:41,537 [main] INFO  server.GrpcService (ConfUtils.java:logGet(43)) - raft.grpc.flow.control.window = 1MB (=1048576) (default)
2019-11-05 08:23:41,538 [main] INFO  server.RaftServerConfigKeys (ConfUtils.java:logGet(43)) - raft.server.rpc.request.timeout = 3000ms (default)
2019-11-05 08:23:41,538 [main] INFO  server.RaftServerConfigKeys (ConfUtils.java:logGet(43)) - raft.server.storage.dir = [/workdir/hadoop-ozone/integration-test/target/test-dir/MiniOzoneClusterImpl-0ddfd79e-5774-4abb-9b8b-55ac0c17dbc1/datanode-7/data/ratis] (custom)
2019-11-05 08:23:41,540 [main] INFO  hdfs.DFSUtil (DFSUtil.java:httpServerTemplateForNNAndJN(1641)) - Starting Web-server for hddsDatanode at: http://0.0.0.0:0
2019-11-05 08:23:41,542 [main] INFO  server.AuthenticationFilter (AuthenticationFilter.java:constructSecretProvider(240)) - Unable to initialize FileSignerSecretProvider, falling back to use random secrets.
2019-11-05 08:23:41,543 [main] WARN  http.HttpRequestLog (HttpRequestLog.java:getRequestLog(97)) - Jetty request log can only be enabled using Log4j
2019-11-05 08:23:41,545 [main] INFO  http.HttpServer2 (HttpServer2.java:addGlobalFilter(975)) - Added global filter 'safety' (class=org.apache.hadoop.http.HttpServer2$QuotingInputFilter)
2019-11-05 08:23:41,546 [main] INFO  http.HttpServer2 (HttpServer2.java:addFilter(948)) - Added filter static_user_filter (class=org.apache.hadoop.http.lib.StaticUserWebFilter$StaticUserFilter) to context hddsDatanode
2019-11-05 08:23:41,547 [main] INFO  http.HttpServer2 (HttpServer2.java:addFilter(958)) - Added filter static_user_filter (class=org.apache.hadoop.http.lib.StaticUserWebFilter$StaticUserFilter) to context logs
2019-11-05 08:23:41,547 [main] INFO  http.HttpServer2 (HttpServer2.java:addFilter(958)) - Added filter static_user_filter (class=org.apache.hadoop.http.lib.StaticUserWebFilter$StaticUserFilter) to context static
2019-11-05 08:23:41,548 [main] INFO  http.HttpServer2 (HttpServer2.java:bindListener(1191)) - Jetty bound to port 37441
2019-11-05 08:23:41,549 [main] INFO  server.Server (Server.java:doStart(351)) - jetty-9.3.25.v20180904, build timestamp: 2018-09-04T21:11:46Z, git hash: 3ce520221d0240229c862b122d2b06c12a625732
2019-11-05 08:23:41,551 [main] INFO  handler.ContextHandler (ContextHandler.java:doStart(781)) - Started o.e.j.s.ServletContextHandler@7e53339{/logs,file:///workdir/hadoop-ozone/integration-test/target/log,AVAILABLE}
2019-11-05 08:23:41,552 [main] INFO  handler.ContextHandler (ContextHandler.java:doStart(781)) - Started o.e.j.s.ServletContextHandler@31ddb930{/static,jar:file:/home/user/.m2/repository/org/apache/hadoop/hadoop-hdds-container-service/0.5.0-SNAPSHOT/hadoop-hdds-container-service-0.5.0-SNAPSHOT.jar!/webapps/static,AVAILABLE}
2019-11-05 08:23:41,596 [main] INFO  handler.ContextHandler (ContextHandler.java:doStart(781)) - Started o.e.j.w.WebAppContext@100c8b75{/,file:///tmp/jetty-0.0.0.0-37441-hddsDatanode-_-any-2955198121342975033.dir/webapp/,AVAILABLE}{/hddsDatanode}
2019-11-05 08:23:41,597 [main] INFO  server.AbstractConnector (AbstractConnector.java:doStart(278)) - Started ServerConnector@2bc378f7{HTTP/1.1,[http/1.1]}{0.0.0.0:37441}
2019-11-05 08:23:41,598 [main] INFO  server.Server (Server.java:doStart(419)) - Started @5386ms
2019-11-05 08:23:41,598 [main] WARN  impl.MetricsSystemImpl (MetricsSystemImpl.java:register(276)) - Sink prometheus already exists!
2019-11-05 08:23:41,600 [main] INFO  server.BaseHttpServer (BaseHttpServer.java:updateConnectorAddress(215)) - HTTP server of HDDSDATANODE is listening at http://0.0.0.0:37441
2019-11-05 08:23:41,600 [main] INFO  impl.MetricsSystemImpl (MetricsSystemImpl.java:init(158)) - HddsDatanode metrics system started (again)
2019-11-05 08:23:41,605 [org.apache.hadoop.util.JvmPauseMonitor$Monitor@56d353] INFO  util.JvmPauseMonitor (JvmPauseMonitor.java:run(188)) - Starting JVM pause monitor
2019-11-05 08:23:41,605 [main] INFO  ozone.HddsDatanodeService (HddsDatanodeService.java:start(184)) - HddsDatanodeService host:pr-hdds-1643-8bmlk-2934350033 ip:192.168.164.217
2019-11-05 08:23:41,608 [Datanode State Machine Thread - 0] INFO  datanode.InitDatanodeState (InitDatanodeState.java:persistContainerDatanodeDetails(140)) - DatanodeDetails is persisted to /workdir/hadoop-ozone/integration-test/target/test-dir/MiniOzoneClusterImpl-0ddfd79e-5774-4abb-9b8b-55ac0c17dbc1/datanode-7/meta/datanode.id
2019-11-05 08:23:41,614 [main] INFO  volume.HddsVolume (HddsVolume.java:<init>(176)) - Creating Volume: /workdir/hadoop-ozone/integration-test/target/test-dir/MiniOzoneClusterImpl-0ddfd79e-5774-4abb-9b8b-55ac0c17dbc1/datanode-8/data/containers/hdds of  storage type : DISK and capacity : 1482555576320
2019-11-05 08:23:41,615 [main] INFO  volume.VolumeSet (VolumeSet.java:initializeVolumeSet(170)) - Added Volume : /workdir/hadoop-ozone/integration-test/target/test-dir/MiniOzoneClusterImpl-0ddfd79e-5774-4abb-9b8b-55ac0c17dbc1/datanode-8/data/containers/hdds to VolumeSet
2019-11-05 08:23:41,615 [main] INFO  volume.ThrottledAsyncChecker (ThrottledAsyncChecker.java:schedule(141)) - Scheduling a check for /workdir/hadoop-ozone/integration-test/target/test-dir/MiniOzoneClusterImpl-0ddfd79e-5774-4abb-9b8b-55ac0c17dbc1/datanode-8/data/containers/hdds
2019-11-05 08:23:41,615 [main] INFO  volume.HddsVolumeChecker (HddsVolumeChecker.java:checkAllVolumes(204)) - Scheduled health check for volume /workdir/hadoop-ozone/integration-test/target/test-dir/MiniOzoneClusterImpl-0ddfd79e-5774-4abb-9b8b-55ac0c17dbc1/datanode-8/data/containers/hdds
2019-11-05 08:23:41,634 [main] INFO  impl.RaftServerProxy (ConfUtils.java:logGet(43)) - raft.rpc.type = GRPC (default)
2019-11-05 08:23:41,634 [main] INFO  grpc.GrpcFactory (GrpcFactory.java:checkPooledByteBufAllocatorUseCacheForAllThreads(45)) - PERFORMANCE WARNING: useCacheForAllThreads is true that may cause Netty to create a lot garbage objects and, as a result, trigger GC.
	It is recommended to disable useCacheForAllThreads by setting -Dorg.apache.ratis.thirdparty.io.netty.allocator.useCacheForAllThreads=false in command line.
2019-11-05 08:23:41,634 [main] INFO  grpc.GrpcConfigKeys$Server (ConfUtils.java:logGet(43)) - raft.grpc.server.port = 0 (default)
2019-11-05 08:23:41,635 [main] INFO  server.GrpcService (ConfUtils.java:logGet(43)) - raft.grpc.message.size.max = 33570816 (custom)
2019-11-05 08:23:41,635 [main] INFO  server.RaftServerConfigKeys (ConfUtils.java:logGet(43)) - raft.server.log.appender.buffer.byte-limit = 33554432 (custom)
2019-11-05 08:23:41,635 [main] INFO  server.GrpcService (ConfUtils.java:logGet(43)) - raft.grpc.flow.control.window = 1MB (=1048576) (default)
2019-11-05 08:23:41,635 [main] INFO  server.RaftServerConfigKeys (ConfUtils.java:logGet(43)) - raft.server.rpc.request.timeout = 3000ms (default)
2019-11-05 08:23:41,636 [main] INFO  server.RaftServerConfigKeys (ConfUtils.java:logGet(43)) - raft.server.storage.dir = [/workdir/hadoop-ozone/integration-test/target/test-dir/MiniOzoneClusterImpl-0ddfd79e-5774-4abb-9b8b-55ac0c17dbc1/datanode-8/data/ratis] (custom)
2019-11-05 08:23:41,639 [main] INFO  hdfs.DFSUtil (DFSUtil.java:httpServerTemplateForNNAndJN(1641)) - Starting Web-server for hddsDatanode at: http://0.0.0.0:0
2019-11-05 08:23:41,641 [main] INFO  server.AuthenticationFilter (AuthenticationFilter.java:constructSecretProvider(240)) - Unable to initialize FileSignerSecretProvider, falling back to use random secrets.
2019-11-05 08:23:41,641 [main] WARN  http.HttpRequestLog (HttpRequestLog.java:getRequestLog(97)) - Jetty request log can only be enabled using Log4j
2019-11-05 08:23:41,643 [main] INFO  http.HttpServer2 (HttpServer2.java:addGlobalFilter(975)) - Added global filter 'safety' (class=org.apache.hadoop.http.HttpServer2$QuotingInputFilter)
2019-11-05 08:23:41,644 [main] INFO  http.HttpServer2 (HttpServer2.java:addFilter(948)) - Added filter static_user_filter (class=org.apache.hadoop.http.lib.StaticUserWebFilter$StaticUserFilter) to context hddsDatanode
2019-11-05 08:23:41,645 [main] INFO  http.HttpServer2 (HttpServer2.java:addFilter(958)) - Added filter static_user_filter (class=org.apache.hadoop.http.lib.StaticUserWebFilter$StaticUserFilter) to context logs
2019-11-05 08:23:41,645 [main] INFO  http.HttpServer2 (HttpServer2.java:addFilter(958)) - Added filter static_user_filter (class=org.apache.hadoop.http.lib.StaticUserWebFilter$StaticUserFilter) to context static
2019-11-05 08:23:41,646 [main] INFO  http.HttpServer2 (HttpServer2.java:bindListener(1191)) - Jetty bound to port 40566
2019-11-05 08:23:41,646 [main] INFO  server.Server (Server.java:doStart(351)) - jetty-9.3.25.v20180904, build timestamp: 2018-09-04T21:11:46Z, git hash: 3ce520221d0240229c862b122d2b06c12a625732
2019-11-05 08:23:41,648 [main] INFO  handler.ContextHandler (ContextHandler.java:doStart(781)) - Started o.e.j.s.ServletContextHandler@1ab5f08a{/logs,file:///workdir/hadoop-ozone/integration-test/target/log,AVAILABLE}
2019-11-05 08:23:41,649 [main] INFO  handler.ContextHandler (ContextHandler.java:doStart(781)) - Started o.e.j.s.ServletContextHandler@79a04e5f{/static,jar:file:/home/user/.m2/repository/org/apache/hadoop/hadoop-hdds-container-service/0.5.0-SNAPSHOT/hadoop-hdds-container-service-0.5.0-SNAPSHOT.jar!/webapps/static,AVAILABLE}
2019-11-05 08:23:41,696 [main] INFO  handler.ContextHandler (ContextHandler.java:doStart(781)) - Started o.e.j.w.WebAppContext@5a08efdc{/,file:///tmp/jetty-0.0.0.0-40566-hddsDatanode-_-any-8708069830046490144.dir/webapp/,AVAILABLE}{/hddsDatanode}
2019-11-05 08:23:41,697 [main] INFO  server.AbstractConnector (AbstractConnector.java:doStart(278)) - Started ServerConnector@57272109{HTTP/1.1,[http/1.1]}{0.0.0.0:40566}
2019-11-05 08:23:41,698 [main] INFO  server.Server (Server.java:doStart(419)) - Started @5485ms
2019-11-05 08:23:41,698 [main] WARN  impl.MetricsSystemImpl (MetricsSystemImpl.java:register(276)) - Sink prometheus already exists!
2019-11-05 08:23:41,699 [main] INFO  server.BaseHttpServer (BaseHttpServer.java:updateConnectorAddress(215)) - HTTP server of HDDSDATANODE is listening at http://0.0.0.0:40566
2019-11-05 08:23:41,699 [main] INFO  impl.MetricsSystemImpl (MetricsSystemImpl.java:init(158)) - HddsDatanode metrics system started (again)
2019-11-05 08:23:41,704 [org.apache.hadoop.util.JvmPauseMonitor$Monitor@780d3bb1] INFO  util.JvmPauseMonitor (JvmPauseMonitor.java:run(188)) - Starting JVM pause monitor
2019-11-05 08:23:41,704 [main] INFO  ozone.HddsDatanodeService (HddsDatanodeService.java:start(184)) - HddsDatanodeService host:pr-hdds-1643-8bmlk-2934350033 ip:192.168.164.217
2019-11-05 08:23:41,707 [Datanode State Machine Thread - 0] INFO  datanode.InitDatanodeState (InitDatanodeState.java:persistContainerDatanodeDetails(140)) - DatanodeDetails is persisted to /workdir/hadoop-ozone/integration-test/target/test-dir/MiniOzoneClusterImpl-0ddfd79e-5774-4abb-9b8b-55ac0c17dbc1/datanode-8/meta/datanode.id
2019-11-05 08:23:41,713 [main] INFO  volume.HddsVolume (HddsVolume.java:<init>(176)) - Creating Volume: /workdir/hadoop-ozone/integration-test/target/test-dir/MiniOzoneClusterImpl-0ddfd79e-5774-4abb-9b8b-55ac0c17dbc1/datanode-9/data/containers/hdds of  storage type : DISK and capacity : 1482555576320
2019-11-05 08:23:41,713 [main] INFO  volume.VolumeSet (VolumeSet.java:initializeVolumeSet(170)) - Added Volume : /workdir/hadoop-ozone/integration-test/target/test-dir/MiniOzoneClusterImpl-0ddfd79e-5774-4abb-9b8b-55ac0c17dbc1/datanode-9/data/containers/hdds to VolumeSet
2019-11-05 08:23:41,713 [main] INFO  volume.ThrottledAsyncChecker (ThrottledAsyncChecker.java:schedule(141)) - Scheduling a check for /workdir/hadoop-ozone/integration-test/target/test-dir/MiniOzoneClusterImpl-0ddfd79e-5774-4abb-9b8b-55ac0c17dbc1/datanode-9/data/containers/hdds
2019-11-05 08:23:41,714 [main] INFO  volume.HddsVolumeChecker (HddsVolumeChecker.java:checkAllVolumes(204)) - Scheduled health check for volume /workdir/hadoop-ozone/integration-test/target/test-dir/MiniOzoneClusterImpl-0ddfd79e-5774-4abb-9b8b-55ac0c17dbc1/datanode-9/data/containers/hdds
2019-11-05 08:23:41,728 [main] INFO  impl.RaftServerProxy (ConfUtils.java:logGet(43)) - raft.rpc.type = GRPC (default)
2019-11-05 08:23:41,728 [main] INFO  grpc.GrpcFactory (GrpcFactory.java:checkPooledByteBufAllocatorUseCacheForAllThreads(45)) - PERFORMANCE WARNING: useCacheForAllThreads is true that may cause Netty to create a lot garbage objects and, as a result, trigger GC.
	It is recommended to disable useCacheForAllThreads by setting -Dorg.apache.ratis.thirdparty.io.netty.allocator.useCacheForAllThreads=false in command line.
2019-11-05 08:23:41,729 [main] INFO  grpc.GrpcConfigKeys$Server (ConfUtils.java:logGet(43)) - raft.grpc.server.port = 0 (default)
2019-11-05 08:23:41,729 [main] INFO  server.GrpcService (ConfUtils.java:logGet(43)) - raft.grpc.message.size.max = 33570816 (custom)
2019-11-05 08:23:41,729 [main] INFO  server.RaftServerConfigKeys (ConfUtils.java:logGet(43)) - raft.server.log.appender.buffer.byte-limit = 33554432 (custom)
2019-11-05 08:23:41,729 [main] INFO  server.GrpcService (ConfUtils.java:logGet(43)) - raft.grpc.flow.control.window = 1MB (=1048576) (default)
2019-11-05 08:23:41,729 [main] INFO  server.RaftServerConfigKeys (ConfUtils.java:logGet(43)) - raft.server.rpc.request.timeout = 3000ms (default)
2019-11-05 08:23:41,730 [main] INFO  server.RaftServerConfigKeys (ConfUtils.java:logGet(43)) - raft.server.storage.dir = [/workdir/hadoop-ozone/integration-test/target/test-dir/MiniOzoneClusterImpl-0ddfd79e-5774-4abb-9b8b-55ac0c17dbc1/datanode-9/data/ratis] (custom)
2019-11-05 08:23:41,732 [main] INFO  hdfs.DFSUtil (DFSUtil.java:httpServerTemplateForNNAndJN(1641)) - Starting Web-server for hddsDatanode at: http://0.0.0.0:0
2019-11-05 08:23:41,733 [main] INFO  server.AuthenticationFilter (AuthenticationFilter.java:constructSecretProvider(240)) - Unable to initialize FileSignerSecretProvider, falling back to use random secrets.
2019-11-05 08:23:41,734 [main] WARN  http.HttpRequestLog (HttpRequestLog.java:getRequestLog(97)) - Jetty request log can only be enabled using Log4j
2019-11-05 08:23:41,736 [main] INFO  http.HttpServer2 (HttpServer2.java:addGlobalFilter(975)) - Added global filter 'safety' (class=org.apache.hadoop.http.HttpServer2$QuotingInputFilter)
2019-11-05 08:23:41,737 [main] INFO  http.HttpServer2 (HttpServer2.java:addFilter(948)) - Added filter static_user_filter (class=org.apache.hadoop.http.lib.StaticUserWebFilter$StaticUserFilter) to context hddsDatanode
2019-11-05 08:23:41,738 [main] INFO  http.HttpServer2 (HttpServer2.java:addFilter(958)) - Added filter static_user_filter (class=org.apache.hadoop.http.lib.StaticUserWebFilter$StaticUserFilter) to context logs
2019-11-05 08:23:41,738 [main] INFO  http.HttpServer2 (HttpServer2.java:addFilter(958)) - Added filter static_user_filter (class=org.apache.hadoop.http.lib.StaticUserWebFilter$StaticUserFilter) to context static
2019-11-05 08:23:41,739 [main] INFO  http.HttpServer2 (HttpServer2.java:bindListener(1191)) - Jetty bound to port 35039
2019-11-05 08:23:41,740 [main] INFO  server.Server (Server.java:doStart(351)) - jetty-9.3.25.v20180904, build timestamp: 2018-09-04T21:11:46Z, git hash: 3ce520221d0240229c862b122d2b06c12a625732
2019-11-05 08:23:41,743 [main] INFO  handler.ContextHandler (ContextHandler.java:doStart(781)) - Started o.e.j.s.ServletContextHandler@6325f352{/logs,file:///workdir/hadoop-ozone/integration-test/target/log,AVAILABLE}
2019-11-05 08:23:41,743 [main] INFO  handler.ContextHandler (ContextHandler.java:doStart(781)) - Started o.e.j.s.ServletContextHandler@6cbd0674{/static,jar:file:/home/user/.m2/repository/org/apache/hadoop/hadoop-hdds-container-service/0.5.0-SNAPSHOT/hadoop-hdds-container-service-0.5.0-SNAPSHOT.jar!/webapps/static,AVAILABLE}
2019-11-05 08:23:41,794 [main] INFO  handler.ContextHandler (ContextHandler.java:doStart(781)) - Started o.e.j.w.WebAppContext@7a8b9166{/,file:///tmp/jetty-0.0.0.0-35039-hddsDatanode-_-any-8901252539972925244.dir/webapp/,AVAILABLE}{/hddsDatanode}
2019-11-05 08:23:41,796 [main] INFO  server.AbstractConnector (AbstractConnector.java:doStart(278)) - Started ServerConnector@4acc5dff{HTTP/1.1,[http/1.1]}{0.0.0.0:35039}
2019-11-05 08:23:41,796 [main] INFO  server.Server (Server.java:doStart(419)) - Started @5584ms
2019-11-05 08:23:41,797 [main] WARN  impl.MetricsSystemImpl (MetricsSystemImpl.java:register(276)) - Sink prometheus already exists!
2019-11-05 08:23:41,798 [main] INFO  server.BaseHttpServer (BaseHttpServer.java:updateConnectorAddress(215)) - HTTP server of HDDSDATANODE is listening at http://0.0.0.0:35039
2019-11-05 08:23:41,800 [main] INFO  ozone.MiniOzoneClusterImpl (MiniOzoneClusterImpl.java:lambda$waitForClusterToBeReady$0(147)) - Waiting for cluster to be ready. Got 0 of 10 DN Heartbeats.
2019-11-05 08:23:41,801 [org.apache.hadoop.util.JvmPauseMonitor$Monitor@31ca67a4] INFO  util.JvmPauseMonitor (JvmPauseMonitor.java:run(188)) - Starting JVM pause monitor
2019-11-05 08:23:41,805 [Datanode State Machine Thread - 0] INFO  datanode.InitDatanodeState (InitDatanodeState.java:persistContainerDatanodeDetails(140)) - DatanodeDetails is persisted to /workdir/hadoop-ozone/integration-test/target/test-dir/MiniOzoneClusterImpl-0ddfd79e-5774-4abb-9b8b-55ac0c17dbc1/datanode-9/meta/datanode.id
2019-11-05 08:23:42,801 [main] INFO  ozone.MiniOzoneClusterImpl (MiniOzoneClusterImpl.java:lambda$waitForClusterToBeReady$0(147)) - Waiting for cluster to be ready. Got 0 of 10 DN Heartbeats.
2019-11-05 08:23:43,110 [Datanode State Machine Thread - 0] INFO  ozoneimpl.OzoneContainer (OzoneContainer.java:start(213)) - Attempting to start container services.
2019-11-05 08:23:43,117 [Datanode State Machine Thread - 0] INFO  ozoneimpl.OzoneContainer (OzoneContainer.java:startContainerScrub(177)) - Background container scanner has been disabled.
2019-11-05 08:23:43,117 [Datanode State Machine Thread - 0] INFO  ratis.XceiverServerRatis (XceiverServerRatis.java:start(418)) - Starting XceiverServerRatis 77ab65e6-d942-49df-83a3-1d4c0bf152b3 at port 0
2019-11-05 08:23:43,131 [Datanode State Machine Thread - 0] INFO  ozoneimpl.OzoneContainer (OzoneContainer.java:start(213)) - Attempting to start container services.
2019-11-05 08:23:43,145 [Datanode State Machine Thread - 0] INFO  ozoneimpl.OzoneContainer (OzoneContainer.java:startContainerScrub(177)) - Background container scanner has been disabled.
2019-11-05 08:23:43,146 [Datanode State Machine Thread - 0] INFO  ratis.XceiverServerRatis (XceiverServerRatis.java:start(418)) - Starting XceiverServerRatis 4a682f4f-c3f2-4b77-88b7-f0ab78890feb at port 0
2019-11-05 08:23:43,157 [Datanode State Machine Thread - 0] INFO  impl.RaftServerProxy (RaftServerProxy.java:lambda$start$3(299)) - 77ab65e6-d942-49df-83a3-1d4c0bf152b3: start RPC server
2019-11-05 08:23:43,159 [Datanode State Machine Thread - 0] INFO  impl.RaftServerProxy (RaftServerProxy.java:lambda$start$3(299)) - 4a682f4f-c3f2-4b77-88b7-f0ab78890feb: start RPC server
2019-11-05 08:23:43,208 [Datanode State Machine Thread - 0] INFO  ozoneimpl.OzoneContainer (OzoneContainer.java:start(213)) - Attempting to start container services.
2019-11-05 08:23:43,208 [Datanode State Machine Thread - 0] INFO  ozoneimpl.OzoneContainer (OzoneContainer.java:startContainerScrub(177)) - Background container scanner has been disabled.
2019-11-05 08:23:43,208 [Datanode State Machine Thread - 0] INFO  ratis.XceiverServerRatis (XceiverServerRatis.java:start(418)) - Starting XceiverServerRatis caafcba9-090a-41f5-a5f9-cba5a6a81e94 at port 0
2019-11-05 08:23:43,219 [Datanode State Machine Thread - 0] INFO  impl.RaftServerProxy (RaftServerProxy.java:lambda$start$3(299)) - caafcba9-090a-41f5-a5f9-cba5a6a81e94: start RPC server
2019-11-05 08:23:43,279 [Datanode State Machine Thread - 0] INFO  ozoneimpl.OzoneContainer (OzoneContainer.java:start(213)) - Attempting to start container services.
2019-11-05 08:23:43,280 [Datanode State Machine Thread - 0] INFO  ozoneimpl.OzoneContainer (OzoneContainer.java:startContainerScrub(177)) - Background container scanner has been disabled.
2019-11-05 08:23:43,280 [Datanode State Machine Thread - 0] INFO  ratis.XceiverServerRatis (XceiverServerRatis.java:start(418)) - Starting XceiverServerRatis a8ae9c07-6d89-4a49-a594-cacd4b776180 at port 0
2019-11-05 08:23:43,288 [Datanode State Machine Thread - 0] INFO  impl.RaftServerProxy (RaftServerProxy.java:lambda$start$3(299)) - a8ae9c07-6d89-4a49-a594-cacd4b776180: start RPC server
2019-11-05 08:23:43,329 [Datanode State Machine Thread - 0] INFO  server.GrpcService (GrpcService.java:startImpl(158)) - 77ab65e6-d942-49df-83a3-1d4c0bf152b3: GrpcService started, listening on 0.0.0.0/0.0.0.0:39381
2019-11-05 08:23:43,329 [Datanode State Machine Thread - 0] INFO  server.GrpcService (GrpcService.java:startImpl(158)) - 4a682f4f-c3f2-4b77-88b7-f0ab78890feb: GrpcService started, listening on 0.0.0.0/0.0.0.0:34174
2019-11-05 08:23:43,329 [Datanode State Machine Thread - 0] INFO  server.GrpcService (GrpcService.java:startImpl(158)) - a8ae9c07-6d89-4a49-a594-cacd4b776180: GrpcService started, listening on 0.0.0.0/0.0.0.0:42719
2019-11-05 08:23:43,329 [Datanode State Machine Thread - 0] INFO  server.GrpcService (GrpcService.java:startImpl(158)) - caafcba9-090a-41f5-a5f9-cba5a6a81e94: GrpcService started, listening on 0.0.0.0/0.0.0.0:37197
2019-11-05 08:23:43,330 [Datanode State Machine Thread - 0] INFO  ratis.XceiverServerRatis (XceiverServerRatis.java:start(428)) - XceiverServerRatis a8ae9c07-6d89-4a49-a594-cacd4b776180 is started using port 42719
2019-11-05 08:23:43,330 [Datanode State Machine Thread - 0] INFO  ratis.XceiverServerRatis (XceiverServerRatis.java:start(428)) - XceiverServerRatis 4a682f4f-c3f2-4b77-88b7-f0ab78890feb is started using port 34174
2019-11-05 08:23:43,330 [Datanode State Machine Thread - 0] INFO  ratis.XceiverServerRatis (XceiverServerRatis.java:start(428)) - XceiverServerRatis 77ab65e6-d942-49df-83a3-1d4c0bf152b3 is started using port 39381
2019-11-05 08:23:43,330 [Datanode State Machine Thread - 0] INFO  ratis.XceiverServerRatis (XceiverServerRatis.java:start(428)) - XceiverServerRatis caafcba9-090a-41f5-a5f9-cba5a6a81e94 is started using port 37197
2019-11-05 08:23:43,338 [Datanode State Machine Thread - 0] INFO  server.XceiverServerGrpc (XceiverServerGrpc.java:start(149)) - XceiverServerGrpc caafcba9-090a-41f5-a5f9-cba5a6a81e94 is started using port 42430
2019-11-05 08:23:43,338 [Datanode State Machine Thread - 0] INFO  server.XceiverServerGrpc (XceiverServerGrpc.java:start(149)) - XceiverServerGrpc a8ae9c07-6d89-4a49-a594-cacd4b776180 is started using port 45624
2019-11-05 08:23:43,339 [Datanode State Machine Thread - 0] INFO  server.XceiverServerGrpc (XceiverServerGrpc.java:start(149)) - XceiverServerGrpc 4a682f4f-c3f2-4b77-88b7-f0ab78890feb is started using port 38474
2019-11-05 08:23:43,338 [Datanode State Machine Thread - 0] INFO  server.XceiverServerGrpc (XceiverServerGrpc.java:start(149)) - XceiverServerGrpc 77ab65e6-d942-49df-83a3-1d4c0bf152b3 is started using port 45067
2019-11-05 08:23:43,359 [Datanode State Machine Thread - 0] INFO  ozoneimpl.OzoneContainer (OzoneContainer.java:start(213)) - Attempting to start container services.
2019-11-05 08:23:43,360 [Datanode State Machine Thread - 0] INFO  ozoneimpl.OzoneContainer (OzoneContainer.java:startContainerScrub(177)) - Background container scanner has been disabled.
2019-11-05 08:23:43,360 [Datanode State Machine Thread - 0] INFO  ratis.XceiverServerRatis (XceiverServerRatis.java:start(418)) - Starting XceiverServerRatis b3bb9051-8089-4c51-a999-81579e5913f2 at port 0
2019-11-05 08:23:43,367 [Datanode State Machine Thread - 0] INFO  impl.RaftServerProxy (RaftServerProxy.java:lambda$start$3(299)) - b3bb9051-8089-4c51-a999-81579e5913f2: start RPC server
2019-11-05 08:23:43,369 [Datanode State Machine Thread - 0] INFO  server.GrpcService (GrpcService.java:startImpl(158)) - b3bb9051-8089-4c51-a999-81579e5913f2: GrpcService started, listening on 0.0.0.0/0.0.0.0:36516
2019-11-05 08:23:43,369 [Datanode State Machine Thread - 0] INFO  ratis.XceiverServerRatis (XceiverServerRatis.java:start(428)) - XceiverServerRatis b3bb9051-8089-4c51-a999-81579e5913f2 is started using port 36516
2019-11-05 08:23:43,372 [Datanode State Machine Thread - 0] INFO  server.XceiverServerGrpc (XceiverServerGrpc.java:start(149)) - XceiverServerGrpc b3bb9051-8089-4c51-a999-81579e5913f2 is started using port 34899
2019-11-05 08:23:43,441 [Datanode State Machine Thread - 0] INFO  ozoneimpl.OzoneContainer (OzoneContainer.java:start(213)) - Attempting to start container services.
2019-11-05 08:23:43,442 [Datanode State Machine Thread - 0] INFO  ozoneimpl.OzoneContainer (OzoneContainer.java:startContainerScrub(177)) - Background container scanner has been disabled.
2019-11-05 08:23:43,442 [Datanode State Machine Thread - 0] INFO  ratis.XceiverServerRatis (XceiverServerRatis.java:start(418)) - Starting XceiverServerRatis fe5257f1-588f-41af-bf70-1c04126c8968 at port 0
2019-11-05 08:23:43,450 [Datanode State Machine Thread - 0] INFO  impl.RaftServerProxy (RaftServerProxy.java:lambda$start$3(299)) - fe5257f1-588f-41af-bf70-1c04126c8968: start RPC server
2019-11-05 08:23:43,453 [Datanode State Machine Thread - 0] INFO  server.GrpcService (GrpcService.java:startImpl(158)) - fe5257f1-588f-41af-bf70-1c04126c8968: GrpcService started, listening on 0.0.0.0/0.0.0.0:33003
2019-11-05 08:23:43,453 [Datanode State Machine Thread - 0] INFO  ratis.XceiverServerRatis (XceiverServerRatis.java:start(428)) - XceiverServerRatis fe5257f1-588f-41af-bf70-1c04126c8968 is started using port 33003
2019-11-05 08:23:43,455 [Datanode State Machine Thread - 0] INFO  server.XceiverServerGrpc (XceiverServerGrpc.java:start(149)) - XceiverServerGrpc fe5257f1-588f-41af-bf70-1c04126c8968 is started using port 35286
2019-11-05 08:23:43,530 [Datanode State Machine Thread - 0] INFO  ozoneimpl.OzoneContainer (OzoneContainer.java:start(213)) - Attempting to start container services.
2019-11-05 08:23:43,531 [Datanode State Machine Thread - 0] INFO  ozoneimpl.OzoneContainer (OzoneContainer.java:startContainerScrub(177)) - Background container scanner has been disabled.
2019-11-05 08:23:43,531 [Datanode State Machine Thread - 0] INFO  ratis.XceiverServerRatis (XceiverServerRatis.java:start(418)) - Starting XceiverServerRatis ac6ced45-6015-42db-b667-e8b45303208a at port 0
2019-11-05 08:23:43,541 [Datanode State Machine Thread - 0] INFO  impl.RaftServerProxy (RaftServerProxy.java:lambda$start$3(299)) - ac6ced45-6015-42db-b667-e8b45303208a: start RPC server
2019-11-05 08:23:43,545 [Datanode State Machine Thread - 0] INFO  server.GrpcService (GrpcService.java:startImpl(158)) - ac6ced45-6015-42db-b667-e8b45303208a: GrpcService started, listening on 0.0.0.0/0.0.0.0:40560
2019-11-05 08:23:43,545 [Datanode State Machine Thread - 0] INFO  ratis.XceiverServerRatis (XceiverServerRatis.java:start(428)) - XceiverServerRatis ac6ced45-6015-42db-b667-e8b45303208a is started using port 40560
2019-11-05 08:23:43,548 [Datanode State Machine Thread - 0] INFO  server.XceiverServerGrpc (XceiverServerGrpc.java:start(149)) - XceiverServerGrpc ac6ced45-6015-42db-b667-e8b45303208a is started using port 43865
2019-11-05 08:23:43,630 [Datanode State Machine Thread - 0] INFO  ozoneimpl.OzoneContainer (OzoneContainer.java:start(213)) - Attempting to start container services.
2019-11-05 08:23:43,630 [Datanode State Machine Thread - 0] INFO  ozoneimpl.OzoneContainer (OzoneContainer.java:startContainerScrub(177)) - Background container scanner has been disabled.
2019-11-05 08:23:43,630 [Datanode State Machine Thread - 0] INFO  ratis.XceiverServerRatis (XceiverServerRatis.java:start(418)) - Starting XceiverServerRatis 6189f8a4-91dd-451f-abcb-72b2dcd73465 at port 0
2019-11-05 08:23:43,639 [Datanode State Machine Thread - 0] INFO  impl.RaftServerProxy (RaftServerProxy.java:lambda$start$3(299)) - 6189f8a4-91dd-451f-abcb-72b2dcd73465: start RPC server
2019-11-05 08:23:43,643 [Datanode State Machine Thread - 0] INFO  server.GrpcService (GrpcService.java:startImpl(158)) - 6189f8a4-91dd-451f-abcb-72b2dcd73465: GrpcService started, listening on 0.0.0.0/0.0.0.0:36585
2019-11-05 08:23:43,643 [Datanode State Machine Thread - 0] INFO  ratis.XceiverServerRatis (XceiverServerRatis.java:start(428)) - XceiverServerRatis 6189f8a4-91dd-451f-abcb-72b2dcd73465 is started using port 36585
2019-11-05 08:23:43,646 [Datanode State Machine Thread - 0] INFO  server.XceiverServerGrpc (XceiverServerGrpc.java:start(149)) - XceiverServerGrpc 6189f8a4-91dd-451f-abcb-72b2dcd73465 is started using port 46748
2019-11-05 08:23:43,721 [Datanode State Machine Thread - 0] INFO  ozoneimpl.OzoneContainer (OzoneContainer.java:start(213)) - Attempting to start container services.
2019-11-05 08:23:43,721 [Datanode State Machine Thread - 0] INFO  ozoneimpl.OzoneContainer (OzoneContainer.java:startContainerScrub(177)) - Background container scanner has been disabled.
2019-11-05 08:23:43,721 [Datanode State Machine Thread - 0] INFO  ratis.XceiverServerRatis (XceiverServerRatis.java:start(418)) - Starting XceiverServerRatis c3e88256-f771-43b4-b3fb-c682fc5ee06f at port 0
2019-11-05 08:23:43,736 [Datanode State Machine Thread - 0] INFO  impl.RaftServerProxy (RaftServerProxy.java:lambda$start$3(299)) - c3e88256-f771-43b4-b3fb-c682fc5ee06f: start RPC server
2019-11-05 08:23:43,740 [Datanode State Machine Thread - 0] INFO  server.GrpcService (GrpcService.java:startImpl(158)) - c3e88256-f771-43b4-b3fb-c682fc5ee06f: GrpcService started, listening on 0.0.0.0/0.0.0.0:37319
2019-11-05 08:23:43,740 [Datanode State Machine Thread - 0] INFO  ratis.XceiverServerRatis (XceiverServerRatis.java:start(428)) - XceiverServerRatis c3e88256-f771-43b4-b3fb-c682fc5ee06f is started using port 37319
2019-11-05 08:23:43,744 [Datanode State Machine Thread - 0] INFO  server.XceiverServerGrpc (XceiverServerGrpc.java:start(149)) - XceiverServerGrpc c3e88256-f771-43b4-b3fb-c682fc5ee06f is started using port 40530
2019-11-05 08:23:43,801 [main] INFO  ozone.MiniOzoneClusterImpl (MiniOzoneClusterImpl.java:lambda$waitForClusterToBeReady$0(147)) - Waiting for cluster to be ready. Got 0 of 10 DN Heartbeats.
2019-11-05 08:23:43,821 [Datanode State Machine Thread - 0] INFO  ozoneimpl.OzoneContainer (OzoneContainer.java:start(213)) - Attempting to start container services.
2019-11-05 08:23:43,821 [Datanode State Machine Thread - 0] INFO  ozoneimpl.OzoneContainer (OzoneContainer.java:startContainerScrub(177)) - Background container scanner has been disabled.
2019-11-05 08:23:43,822 [Datanode State Machine Thread - 0] INFO  ratis.XceiverServerRatis (XceiverServerRatis.java:start(418)) - Starting XceiverServerRatis 7e1b84a9-a041-44fd-8008-f2679426984c at port 0
2019-11-05 08:23:43,835 [Datanode State Machine Thread - 0] INFO  impl.RaftServerProxy (RaftServerProxy.java:lambda$start$3(299)) - 7e1b84a9-a041-44fd-8008-f2679426984c: start RPC server
2019-11-05 08:23:43,853 [Datanode State Machine Thread - 0] INFO  server.GrpcService (GrpcService.java:startImpl(158)) - 7e1b84a9-a041-44fd-8008-f2679426984c: GrpcService started, listening on 0.0.0.0/0.0.0.0:44149
2019-11-05 08:23:43,853 [Datanode State Machine Thread - 0] INFO  ratis.XceiverServerRatis (XceiverServerRatis.java:start(428)) - XceiverServerRatis 7e1b84a9-a041-44fd-8008-f2679426984c is started using port 44149
2019-11-05 08:23:43,875 [Datanode State Machine Thread - 0] INFO  server.XceiverServerGrpc (XceiverServerGrpc.java:start(149)) - XceiverServerGrpc 7e1b84a9-a041-44fd-8008-f2679426984c is started using port 36608
2019-11-05 08:23:44,802 [main] INFO  ozone.MiniOzoneClusterImpl (MiniOzoneClusterImpl.java:lambda$waitForClusterToBeReady$0(147)) - Waiting for cluster to be ready. Got 0 of 10 DN Heartbeats.
2019-11-05 08:23:45,051 [IPC Server handler 0 on 33184] INFO  net.NetworkTopology (NetworkTopologyImpl.java:add(111)) - Added a new node: /default-rack/77ab65e6-d942-49df-83a3-1d4c0bf152b3
2019-11-05 08:23:45,051 [IPC Server handler 0 on 33184] INFO  node.SCMNodeManager (SCMNodeManager.java:register(268)) - Registered Data node : 77ab65e6-d942-49df-83a3-1d4c0bf152b3{ip: 192.168.164.217, host: pr-hdds-1643-8bmlk-2934350033, networkLocation: /default-rack, certSerialId: null}
2019-11-05 08:23:45,057 [EventQueue-NodeRegistrationContainerReportForDataNodeSafeModeRule] INFO  safemode.SCMSafeModeManager (DataNodeSafeModeRule.java:process(71)) - SCM in safe mode. 1 DataNodes registered, 1 required.
2019-11-05 08:23:45,057 [EventQueue-NodeRegistrationContainerReportForDataNodeSafeModeRule] INFO  safemode.SCMSafeModeManager (SCMSafeModeManager.java:validateSafeModeExitRules(177)) - ScmSafeModeManager, all rules are successfully validated
2019-11-05 08:23:45,057 [EventQueue-NodeRegistrationContainerReportForDataNodeSafeModeRule] INFO  safemode.SCMSafeModeManager (SCMSafeModeManager.java:exitSafeMode(193)) - SCM exiting safe mode.
2019-11-05 08:23:45,112 [IPC Server handler 2 on 33184] INFO  net.NetworkTopology (NetworkTopologyImpl.java:add(111)) - Added a new node: /default-rack/4a682f4f-c3f2-4b77-88b7-f0ab78890feb
2019-11-05 08:23:45,112 [IPC Server handler 2 on 33184] INFO  node.SCMNodeManager (SCMNodeManager.java:register(268)) - Registered Data node : 4a682f4f-c3f2-4b77-88b7-f0ab78890feb{ip: 192.168.164.217, host: pr-hdds-1643-8bmlk-2934350033, networkLocation: /default-rack, certSerialId: null}
2019-11-05 08:23:45,195 [IPC Server handler 1 on 33184] INFO  net.NetworkTopology (NetworkTopologyImpl.java:add(111)) - Added a new node: /default-rack/caafcba9-090a-41f5-a5f9-cba5a6a81e94
2019-11-05 08:23:45,195 [IPC Server handler 1 on 33184] INFO  node.SCMNodeManager (SCMNodeManager.java:register(268)) - Registered Data node : caafcba9-090a-41f5-a5f9-cba5a6a81e94{ip: 192.168.164.217, host: pr-hdds-1643-8bmlk-2934350033, networkLocation: /default-rack, certSerialId: null}
2019-11-05 08:23:45,266 [IPC Server handler 4 on 33184] INFO  net.NetworkTopology (NetworkTopologyImpl.java:add(111)) - Added a new node: /default-rack/a8ae9c07-6d89-4a49-a594-cacd4b776180
2019-11-05 08:23:45,267 [IPC Server handler 4 on 33184] INFO  node.SCMNodeManager (SCMNodeManager.java:register(268)) - Registered Data node : a8ae9c07-6d89-4a49-a594-cacd4b776180{ip: 192.168.164.217, host: pr-hdds-1643-8bmlk-2934350033, networkLocation: /default-rack, certSerialId: null}
2019-11-05 08:23:45,347 [IPC Server handler 3 on 33184] INFO  net.NetworkTopology (NetworkTopologyImpl.java:add(111)) - Added a new node: /default-rack/b3bb9051-8089-4c51-a999-81579e5913f2
2019-11-05 08:23:45,348 [IPC Server handler 3 on 33184] INFO  node.SCMNodeManager (SCMNodeManager.java:register(268)) - Registered Data node : b3bb9051-8089-4c51-a999-81579e5913f2{ip: 192.168.164.217, host: pr-hdds-1643-8bmlk-2934350033, networkLocation: /default-rack, certSerialId: null}
2019-11-05 08:23:45,449 [IPC Server handler 7 on 33184] INFO  net.NetworkTopology (NetworkTopologyImpl.java:add(111)) - Added a new node: /default-rack/fe5257f1-588f-41af-bf70-1c04126c8968
2019-11-05 08:23:45,450 [IPC Server handler 7 on 33184] INFO  node.SCMNodeManager (SCMNodeManager.java:register(268)) - Registered Data node : fe5257f1-588f-41af-bf70-1c04126c8968{ip: 192.168.164.217, host: pr-hdds-1643-8bmlk-2934350033, networkLocation: /default-rack, certSerialId: null}
2019-11-05 08:23:45,517 [IPC Server handler 6 on 33184] INFO  net.NetworkTopology (NetworkTopologyImpl.java:add(111)) - Added a new node: /default-rack/ac6ced45-6015-42db-b667-e8b45303208a
2019-11-05 08:23:45,518 [IPC Server handler 6 on 33184] INFO  node.SCMNodeManager (SCMNodeManager.java:register(268)) - Registered Data node : ac6ced45-6015-42db-b667-e8b45303208a{ip: 192.168.164.217, host: pr-hdds-1643-8bmlk-2934350033, networkLocation: /default-rack, certSerialId: null}
2019-11-05 08:23:45,611 [IPC Server handler 9 on 33184] INFO  net.NetworkTopology (NetworkTopologyImpl.java:add(111)) - Added a new node: /default-rack/6189f8a4-91dd-451f-abcb-72b2dcd73465
2019-11-05 08:23:45,611 [IPC Server handler 9 on 33184] INFO  node.SCMNodeManager (SCMNodeManager.java:register(268)) - Registered Data node : 6189f8a4-91dd-451f-abcb-72b2dcd73465{ip: 192.168.164.217, host: pr-hdds-1643-8bmlk-2934350033, networkLocation: /default-rack, certSerialId: null}
2019-11-05 08:23:45,629 [grpc-default-executor-0] INFO  impl.RaftServerProxy (RaftServerProxy.java:addNew(89)) - 77ab65e6-d942-49df-83a3-1d4c0bf152b3: addNew group-63E6C67CF9E0:[77ab65e6-d942-49df-83a3-1d4c0bf152b3:192.168.164.217:39381] returns group-63E6C67CF9E0:java.util.concurrent.CompletableFuture@67f0ad17[Not completed]
2019-11-05 08:23:45,648 [pool-27-thread-1] INFO  impl.RaftServerImpl (RaftServerImpl.java:<init>(104)) - 77ab65e6-d942-49df-83a3-1d4c0bf152b3: new RaftServerImpl for group-63E6C67CF9E0:[77ab65e6-d942-49df-83a3-1d4c0bf152b3:192.168.164.217:39381] with ContainerStateMachine:uninitialized
2019-11-05 08:23:45,650 [pool-27-thread-1] INFO  server.RaftServerConfigKeys (ConfUtils.java:logGet(43)) - raft.server.rpc.timeout.min = 1s (custom)
2019-11-05 08:23:45,652 [pool-27-thread-1] INFO  server.RaftServerConfigKeys (ConfUtils.java:logGet(43)) - raft.server.rpc.timeout.max = 1200ms (custom)
2019-11-05 08:23:45,652 [pool-27-thread-1] INFO  server.RaftServerConfigKeys (ConfUtils.java:logGet(43)) - raft.server.rpcslowness.timeout = 120s (custom)
2019-11-05 08:23:45,653 [pool-27-thread-1] INFO  server.RaftServerConfigKeys (ConfUtils.java:logGet(43)) - raft.server.sleep.deviation.threshold = 300 (default)
2019-11-05 08:23:45,654 [pool-27-thread-1] INFO  server.RaftServerConfigKeys (ConfUtils.java:logGet(43)) - raft.server.log.appender.install.snapshot.enabled = false (custom)
2019-11-05 08:23:45,664 [pool-27-thread-1] INFO  impl.RaftServerImpl (ServerState.java:<init>(103)) - 77ab65e6-d942-49df-83a3-1d4c0bf152b3@group-63E6C67CF9E0: ConfigurationManager, init=-1: [77ab65e6-d942-49df-83a3-1d4c0bf152b3:192.168.164.217:39381], old=null, confs=<EMPTY_MAP>
2019-11-05 08:23:45,665 [pool-27-thread-1] INFO  server.RaftServerConfigKeys (ConfUtils.java:logGet(43)) - raft.server.storage.dir = [/workdir/hadoop-ozone/integration-test/target/test-dir/MiniOzoneClusterImpl-0ddfd79e-5774-4abb-9b8b-55ac0c17dbc1/datanode-0/data/ratis] (custom)
2019-11-05 08:23:45,676 [pool-27-thread-1] INFO  server.RaftServerConfigKeys (ConfUtils.java:logGet(43)) - raft.server.log.corruption.policy = EXCEPTION (default)
2019-11-05 08:23:45,690 [pool-27-thread-1] INFO  storage.RaftStorageDirectory (RaftStorageDirectory.java:analyzeStorage(246)) - The storage directory /workdir/hadoop-ozone/integration-test/target/test-dir/MiniOzoneClusterImpl-0ddfd79e-5774-4abb-9b8b-55ac0c17dbc1/datanode-0/data/ratis/e0f9af69-4e90-4512-9620-63e6c67cf9e0 does not exist. Creating ...
2019-11-05 08:23:45,713 [pool-27-thread-1] INFO  storage.RaftStorageDirectory (RaftStorageDirectory.java:tryLock(328)) - Lock on /workdir/hadoop-ozone/integration-test/target/test-dir/MiniOzoneClusterImpl-0ddfd79e-5774-4abb-9b8b-55ac0c17dbc1/datanode-0/data/ratis/e0f9af69-4e90-4512-9620-63e6c67cf9e0/in_use.lock acquired by nodename 26210@pr-hdds-1643-8bmlk-2934350033
2019-11-05 08:23:45,716 [IPC Server handler 8 on 33184] INFO  net.NetworkTopology (NetworkTopologyImpl.java:add(111)) - Added a new node: /default-rack/c3e88256-f771-43b4-b3fb-c682fc5ee06f
2019-11-05 08:23:45,717 [IPC Server handler 8 on 33184] INFO  node.SCMNodeManager (SCMNodeManager.java:register(268)) - Registered Data node : c3e88256-f771-43b4-b3fb-c682fc5ee06f{ip: 192.168.164.217, host: pr-hdds-1643-8bmlk-2934350033, networkLocation: /default-rack, certSerialId: null}
2019-11-05 08:23:45,731 [pool-27-thread-1] INFO  storage.RaftStorage (RaftStorage.java:format(84)) - Storage directory /workdir/hadoop-ozone/integration-test/target/test-dir/MiniOzoneClusterImpl-0ddfd79e-5774-4abb-9b8b-55ac0c17dbc1/datanode-0/data/ratis/e0f9af69-4e90-4512-9620-63e6c67cf9e0 has been successfully formatted.
2019-11-05 08:23:45,736 [pool-27-thread-1] INFO  ratis.ContainerStateMachine (ContainerStateMachine.java:loadSnapshot(231)) - group-63E6C67CF9E0: The snapshot info is null. Setting the last applied indexto:(t:0, i:~)
2019-11-05 08:23:45,736 [pool-27-thread-1] INFO  server.RaftServerConfigKeys (ConfUtils.java:logGet(43)) - raft.server.notification.no-leader.timeout = 120s (custom)
2019-11-05 08:23:45,740 [pool-27-thread-1] INFO  server.RaftServerConfigKeys (ConfUtils.java:logGet(43)) - raft.server.log.use.memory = false (default)
2019-11-05 08:23:45,750 [pool-27-thread-1] INFO  server.RaftServerConfigKeys (ConfUtils.java:logGet(43)) - raft.server.log.purge.gap = 1000000 (custom)
2019-11-05 08:23:45,750 [pool-27-thread-1] INFO  server.RaftServerConfigKeys (ConfUtils.java:logGet(43)) - raft.server.log.appender.buffer.byte-limit = 33554432 (custom)
2019-11-05 08:23:45,754 [pool-27-thread-1] INFO  server.RaftServerConfigKeys (ConfUtils.java:logGet(43)) - raft.server.log.segment.size.max = 1048576 (custom)
2019-11-05 08:23:45,758 [pool-27-thread-1] INFO  impl.MetricsSystemImpl (MetricsSystemImpl.java:init(158)) - ratis metrics system started (again)
2019-11-05 08:23:45,782 [pool-27-thread-1] INFO  metrics.MetricRegistries (MetricRegistriesLoader.java:load(64)) - Loaded MetricRegistries class org.apache.ratis.metrics.impl.MetricRegistriesImpl
2019-11-05 08:23:45,807 [main] INFO  ozone.MiniOzoneClusterImpl (MiniOzoneClusterImpl.java:lambda$waitForClusterToBeReady$0(147)) - Waiting for cluster to be ready. Got 9 of 10 DN Heartbeats.
2019-11-05 08:23:45,825 [IPC Server handler 10 on 33184] INFO  net.NetworkTopology (NetworkTopologyImpl.java:add(111)) - Added a new node: /default-rack/7e1b84a9-a041-44fd-8008-f2679426984c
2019-11-05 08:23:45,825 [IPC Server handler 10 on 33184] INFO  node.SCMNodeManager (SCMNodeManager.java:register(268)) - Registered Data node : 7e1b84a9-a041-44fd-8008-f2679426984c{ip: 192.168.164.217, host: pr-hdds-1643-8bmlk-2934350033, networkLocation: /default-rack, certSerialId: null}
2019-11-05 08:23:45,855 [pool-27-thread-1] INFO  server.RaftServerConfigKeys (ConfUtils.java:logGet(43)) - raft.server.log.segment.cache.num.max = 2 (custom)
2019-11-05 08:23:45,861 [pool-27-thread-1] INFO  segmented.SegmentedRaftLogWorker (SegmentedRaftLogWorker.java:<init>(173)) - new 77ab65e6-d942-49df-83a3-1d4c0bf152b3@group-63E6C67CF9E0-SegmentedRaftLogWorker for RaftStorage:Storage Directory /workdir/hadoop-ozone/integration-test/target/test-dir/MiniOzoneClusterImpl-0ddfd79e-5774-4abb-9b8b-55ac0c17dbc1/datanode-0/data/ratis/e0f9af69-4e90-4512-9620-63e6c67cf9e0
2019-11-05 08:23:45,862 [pool-27-thread-1] INFO  server.RaftServerConfigKeys (ConfUtils.java:logGet(43)) - raft.server.log.queue.byte-limit = 2147483647 (custom)
2019-11-05 08:23:45,862 [pool-27-thread-1] INFO  server.RaftServerConfigKeys (ConfUtils.java:logGet(43)) - raft.server.log.queue.element-limit = 1024 (custom)
2019-11-05 08:23:45,863 [pool-27-thread-1] INFO  server.RaftServerConfigKeys (ConfUtils.java:logGet(43)) - raft.server.log.segment.size.max = 1048576 (custom)
2019-11-05 08:23:45,864 [pool-27-thread-1] INFO  server.RaftServerConfigKeys (ConfUtils.java:logGet(43)) - raft.server.log.preallocated.size = 16384 (custom)
2019-11-05 08:23:45,864 [pool-27-thread-1] INFO  server.RaftServerConfigKeys (ConfUtils.java:logGet(43)) - raft.server.log.write.buffer.size = 33554432 (custom)
2019-11-05 08:23:45,865 [pool-27-thread-1] INFO  server.RaftServerConfigKeys (ConfUtils.java:logGet(43)) - raft.server.log.force.sync.num = 128 (default)
2019-11-05 08:23:45,866 [pool-27-thread-1] INFO  server.RaftServerConfigKeys (ConfUtils.java:logGet(43)) - raft.server.log.statemachine.data.sync = true (default)
2019-11-05 08:23:45,866 [pool-27-thread-1] INFO  server.RaftServerConfigKeys (ConfUtils.java:logGet(43)) - raft.server.log.statemachine.data.sync.timeout = 10s (default)
2019-11-05 08:23:45,866 [pool-27-thread-1] INFO  server.RaftServerConfigKeys (ConfUtils.java:logGet(43)) - raft.server.log.statemachine.data.sync.timeout.retry = -1 (default)
2019-11-05 08:23:45,878 [pool-27-thread-1] INFO  server.RaftServerConfigKeys (ConfUtils.java:logGet(43)) - raft.server.log.statemachine.data.caching.enabled = true (custom)
2019-11-05 08:23:45,884 [pool-27-thread-1] INFO  segmented.SegmentedRaftLogWorker (SegmentedRaftLogWorker.java:lambda$new$0(128)) - 77ab65e6-d942-49df-83a3-1d4c0bf152b3@group-63E6C67CF9E0-SegmentedRaftLogWorker: flushIndex: setUnconditionally 0 -> -1
2019-11-05 08:23:45,889 [pool-27-thread-1] INFO  server.RaftServerConfigKeys (ConfUtils.java:logGet(43)) - raft.server.snapshot.auto.trigger.enabled = true (custom)
2019-11-05 08:23:45,890 [pool-27-thread-1] INFO  server.RaftServerConfigKeys (ConfUtils.java:logGet(43)) - raft.server.snapshot.auto.trigger.threshold = 10000 (custom)
2019-11-05 08:23:45,891 [pool-27-thread-1] INFO  server.RaftServerConfigKeys (ConfUtils.java:logGet(43)) - raft.server.snapshot.retention.file.num = 5 (custom)
2019-11-05 08:23:45,891 [pool-27-thread-1] INFO  server.RaftServerConfigKeys (ConfUtils.java:logGet(43)) - raft.server.retrycache.expirytime = 600000ms (custom)
2019-11-05 08:23:45,922 [pool-27-thread-1] INFO  impl.RaftServerImpl (RaftServerImpl.java:start(195)) - 77ab65e6-d942-49df-83a3-1d4c0bf152b3@group-63E6C67CF9E0: start as a follower, conf=-1: [77ab65e6-d942-49df-83a3-1d4c0bf152b3:192.168.164.217:39381], old=null
2019-11-05 08:23:45,923 [pool-27-thread-1] INFO  impl.RaftServerImpl (RaftServerImpl.java:setRole(184)) - 77ab65e6-d942-49df-83a3-1d4c0bf152b3@group-63E6C67CF9E0: changes role from      null to FOLLOWER at term 0 for startAsFollower
2019-11-05 08:23:45,924 [pool-27-thread-1] INFO  impl.RoleInfo (RoleInfo.java:updateAndGet(143)) - 77ab65e6-d942-49df-83a3-1d4c0bf152b3: start FollowerState
2019-11-05 08:23:45,926 [pool-27-thread-1] INFO  util.JmxRegister (JmxRegister.java:tryRegister(44)) - Successfully registered JMX Bean with object name Ratis:service=RaftServer,group=group-63E6C67CF9E0,id=77ab65e6-d942-49df-83a3-1d4c0bf152b3
2019-11-05 08:23:46,010 [RatisPipelineUtilsThread] INFO  pipeline.PipelineStateManager (PipelineStateManager.java:addPipeline(56)) - Created pipeline Pipeline[ Id: e0f9af69-4e90-4512-9620-63e6c67cf9e0, Nodes: 77ab65e6-d942-49df-83a3-1d4c0bf152b3{ip: 192.168.164.217, host: pr-hdds-1643-8bmlk-2934350033, networkLocation: /default-rack, certSerialId: null}, Type:RATIS, Factor:ONE, State:OPEN]
2019-11-05 08:23:46,038 [grpc-default-executor-0] INFO  impl.RaftServerProxy (RaftServerProxy.java:addNew(89)) - fe5257f1-588f-41af-bf70-1c04126c8968: addNew group-031C9BB6C8CD:[fe5257f1-588f-41af-bf70-1c04126c8968:192.168.164.217:33003] returns group-031C9BB6C8CD:java.util.concurrent.CompletableFuture@6890211b[Not completed]
2019-11-05 08:23:46,099 [pool-77-thread-1] INFO  impl.RaftServerImpl (RaftServerImpl.java:<init>(104)) - fe5257f1-588f-41af-bf70-1c04126c8968: new RaftServerImpl for group-031C9BB6C8CD:[fe5257f1-588f-41af-bf70-1c04126c8968:192.168.164.217:33003] with ContainerStateMachine:uninitialized
2019-11-05 08:23:46,101 [pool-77-thread-1] INFO  server.RaftServerConfigKeys (ConfUtils.java:logGet(43)) - raft.server.rpc.timeout.min = 1s (custom)
2019-11-05 08:23:46,101 [pool-77-thread-1] INFO  server.RaftServerConfigKeys (ConfUtils.java:logGet(43)) - raft.server.rpc.timeout.max = 1200ms (custom)
2019-11-05 08:23:46,101 [pool-77-thread-1] INFO  server.RaftServerConfigKeys (ConfUtils.java:logGet(43)) - raft.server.rpcslowness.timeout = 120s (custom)
2019-11-05 08:23:46,101 [pool-77-thread-1] INFO  server.RaftServerConfigKeys (ConfUtils.java:logGet(43)) - raft.server.sleep.deviation.threshold = 300 (default)
2019-11-05 08:23:46,102 [pool-77-thread-1] INFO  server.RaftServerConfigKeys (ConfUtils.java:logGet(43)) - raft.server.log.appender.install.snapshot.enabled = false (custom)
2019-11-05 08:23:46,102 [pool-77-thread-1] INFO  impl.RaftServerImpl (ServerState.java:<init>(103)) - fe5257f1-588f-41af-bf70-1c04126c8968@group-031C9BB6C8CD: ConfigurationManager, init=-1: [fe5257f1-588f-41af-bf70-1c04126c8968:192.168.164.217:33003], old=null, confs=<EMPTY_MAP>
2019-11-05 08:23:46,102 [pool-77-thread-1] INFO  server.RaftServerConfigKeys (ConfUtils.java:logGet(43)) - raft.server.storage.dir = [/workdir/hadoop-ozone/integration-test/target/test-dir/MiniOzoneClusterImpl-0ddfd79e-5774-4abb-9b8b-55ac0c17dbc1/datanode-5/data/ratis] (custom)
2019-11-05 08:23:46,103 [pool-77-thread-1] INFO  server.RaftServerConfigKeys (ConfUtils.java:logGet(43)) - raft.server.log.corruption.policy = EXCEPTION (default)
2019-11-05 08:23:46,103 [pool-77-thread-1] INFO  storage.RaftStorageDirectory (RaftStorageDirectory.java:analyzeStorage(246)) - The storage directory /workdir/hadoop-ozone/integration-test/target/test-dir/MiniOzoneClusterImpl-0ddfd79e-5774-4abb-9b8b-55ac0c17dbc1/datanode-5/data/ratis/b297c6f7-be1c-49dd-a155-031c9bb6c8cd does not exist. Creating ...
2019-11-05 08:23:46,105 [Thread-285] INFO  impl.FollowerState (FollowerState.java:run(108)) - 77ab65e6-d942-49df-83a3-1d4c0bf152b3@group-63E6C67CF9E0-FollowerState: change to CANDIDATE, lastRpcTime:181ms, electionTimeout:180ms
2019-11-05 08:23:46,109 [Thread-285] INFO  impl.RoleInfo (RoleInfo.java:shutdownFollowerState(121)) - 77ab65e6-d942-49df-83a3-1d4c0bf152b3: shutdown FollowerState
2019-11-05 08:23:46,111 [Thread-285] INFO  impl.RaftServerImpl (RaftServerImpl.java:setRole(184)) - 77ab65e6-d942-49df-83a3-1d4c0bf152b3@group-63E6C67CF9E0: changes role from  FOLLOWER to CANDIDATE at term 0 for changeToCandidate
2019-11-05 08:23:46,117 [Thread-285] INFO  impl.RoleInfo (RoleInfo.java:updateAndGet(143)) - 77ab65e6-d942-49df-83a3-1d4c0bf152b3: start LeaderElection
2019-11-05 08:23:46,119 [pool-77-thread-1] INFO  storage.RaftStorageDirectory (RaftStorageDirectory.java:tryLock(328)) - Lock on /workdir/hadoop-ozone/integration-test/target/test-dir/MiniOzoneClusterImpl-0ddfd79e-5774-4abb-9b8b-55ac0c17dbc1/datanode-5/data/ratis/b297c6f7-be1c-49dd-a155-031c9bb6c8cd/in_use.lock acquired by nodename 26210@pr-hdds-1643-8bmlk-2934350033
2019-11-05 08:23:46,136 [pool-77-thread-1] INFO  storage.RaftStorage (RaftStorage.java:format(84)) - Storage directory /workdir/hadoop-ozone/integration-test/target/test-dir/MiniOzoneClusterImpl-0ddfd79e-5774-4abb-9b8b-55ac0c17dbc1/datanode-5/data/ratis/b297c6f7-be1c-49dd-a155-031c9bb6c8cd has been successfully formatted.
2019-11-05 08:23:46,138 [77ab65e6-d942-49df-83a3-1d4c0bf152b3@group-63E6C67CF9E0-LeaderElection1] INFO  impl.LeaderElection (LeaderElection.java:askForVotes(178)) - 77ab65e6-d942-49df-83a3-1d4c0bf152b3@group-63E6C67CF9E0-LeaderElection1: begin an election at term 1 for -1: [77ab65e6-d942-49df-83a3-1d4c0bf152b3:192.168.164.217:39381], old=null
2019-11-05 08:23:46,138 [pool-77-thread-1] INFO  ratis.ContainerStateMachine (ContainerStateMachine.java:loadSnapshot(231)) - group-031C9BB6C8CD: The snapshot info is null. Setting the last applied indexto:(t:0, i:~)
2019-11-05 08:23:46,140 [pool-77-thread-1] INFO  server.RaftServerConfigKeys (ConfUtils.java:logGet(43)) - raft.server.notification.no-leader.timeout = 120s (custom)
2019-11-05 08:23:46,140 [pool-77-thread-1] INFO  server.RaftServerConfigKeys (ConfUtils.java:logGet(43)) - raft.server.log.use.memory = false (default)
2019-11-05 08:23:46,140 [pool-77-thread-1] INFO  server.RaftServerConfigKeys (ConfUtils.java:logGet(43)) - raft.server.log.purge.gap = 1000000 (custom)
2019-11-05 08:23:46,140 [pool-77-thread-1] INFO  server.RaftServerConfigKeys (ConfUtils.java:logGet(43)) - raft.server.log.appender.buffer.byte-limit = 33554432 (custom)
2019-11-05 08:23:46,140 [pool-77-thread-1] INFO  server.RaftServerConfigKeys (ConfUtils.java:logGet(43)) - raft.server.log.segment.size.max = 1048576 (custom)
2019-11-05 08:23:46,141 [77ab65e6-d942-49df-83a3-1d4c0bf152b3@group-63E6C67CF9E0-LeaderElection1] INFO  impl.RoleInfo (RoleInfo.java:shutdownLeaderElection(134)) - 77ab65e6-d942-49df-83a3-1d4c0bf152b3: shutdown LeaderElection
2019-11-05 08:23:46,142 [77ab65e6-d942-49df-83a3-1d4c0bf152b3@group-63E6C67CF9E0-LeaderElection1] INFO  impl.RaftServerImpl (RaftServerImpl.java:setRole(184)) - 77ab65e6-d942-49df-83a3-1d4c0bf152b3@group-63E6C67CF9E0: changes role from CANDIDATE to LEADER at term 1 for changeToLeader
2019-11-05 08:23:46,142 [77ab65e6-d942-49df-83a3-1d4c0bf152b3@group-63E6C67CF9E0-LeaderElection1] INFO  impl.RaftServerImpl (ServerState.java:setLeader(256)) - 77ab65e6-d942-49df-83a3-1d4c0bf152b3@group-63E6C67CF9E0: change Leader from null to 77ab65e6-d942-49df-83a3-1d4c0bf152b3 at term 1 for becomeLeader, leader elected after 406ms
2019-11-05 08:23:46,144 [pool-77-thread-1] INFO  server.RaftServerConfigKeys (ConfUtils.java:logGet(43)) - raft.server.log.segment.cache.num.max = 2 (custom)
2019-11-05 08:23:46,145 [pool-77-thread-1] INFO  segmented.SegmentedRaftLogWorker (SegmentedRaftLogWorker.java:<init>(173)) - new fe5257f1-588f-41af-bf70-1c04126c8968@group-031C9BB6C8CD-SegmentedRaftLogWorker for RaftStorage:Storage Directory /workdir/hadoop-ozone/integration-test/target/test-dir/MiniOzoneClusterImpl-0ddfd79e-5774-4abb-9b8b-55ac0c17dbc1/datanode-5/data/ratis/b297c6f7-be1c-49dd-a155-031c9bb6c8cd
2019-11-05 08:23:46,146 [pool-77-thread-1] INFO  server.RaftServerConfigKeys (ConfUtils.java:logGet(43)) - raft.server.log.queue.byte-limit = 2147483647 (custom)
2019-11-05 08:23:46,146 [pool-77-thread-1] INFO  server.RaftServerConfigKeys (ConfUtils.java:logGet(43)) - raft.server.log.queue.element-limit = 1024 (custom)
2019-11-05 08:23:46,146 [pool-77-thread-1] INFO  server.RaftServerConfigKeys (ConfUtils.java:logGet(43)) - raft.server.log.segment.size.max = 1048576 (custom)
2019-11-05 08:23:46,147 [pool-77-thread-1] INFO  server.RaftServerConfigKeys (ConfUtils.java:logGet(43)) - raft.server.log.preallocated.size = 16384 (custom)
2019-11-05 08:23:46,147 [pool-77-thread-1] INFO  server.RaftServerConfigKeys (ConfUtils.java:logGet(43)) - raft.server.log.write.buffer.size = 33554432 (custom)
2019-11-05 08:23:46,147 [pool-77-thread-1] INFO  server.RaftServerConfigKeys (ConfUtils.java:logGet(43)) - raft.server.log.force.sync.num = 128 (default)
2019-11-05 08:23:46,147 [pool-77-thread-1] INFO  server.RaftServerConfigKeys (ConfUtils.java:logGet(43)) - raft.server.log.statemachine.data.sync = true (default)
2019-11-05 08:23:46,147 [pool-77-thread-1] INFO  server.RaftServerConfigKeys (ConfUtils.java:logGet(43)) - raft.server.log.statemachine.data.sync.timeout = 10s (default)
2019-11-05 08:23:46,147 [pool-77-thread-1] INFO  server.RaftServerConfigKeys (ConfUtils.java:logGet(43)) - raft.server.log.statemachine.data.sync.timeout.retry = -1 (default)
2019-11-05 08:23:46,148 [pool-77-thread-1] INFO  server.RaftServerConfigKeys (ConfUtils.java:logGet(43)) - raft.server.log.statemachine.data.caching.enabled = true (custom)
2019-11-05 08:23:46,148 [pool-77-thread-1] INFO  segmented.SegmentedRaftLogWorker (SegmentedRaftLogWorker.java:lambda$new$0(128)) - fe5257f1-588f-41af-bf70-1c04126c8968@group-031C9BB6C8CD-SegmentedRaftLogWorker: flushIndex: setUnconditionally 0 -> -1
2019-11-05 08:23:46,149 [pool-77-thread-1] INFO  server.RaftServerConfigKeys (ConfUtils.java:logGet(43)) - raft.server.snapshot.auto.trigger.enabled = true (custom)
2019-11-05 08:23:46,149 [pool-77-thread-1] INFO  server.RaftServerConfigKeys (ConfUtils.java:logGet(43)) - raft.server.snapshot.auto.trigger.threshold = 10000 (custom)
2019-11-05 08:23:46,149 [pool-77-thread-1] INFO  server.RaftServerConfigKeys (ConfUtils.java:logGet(43)) - raft.server.snapshot.retention.file.num = 5 (custom)
2019-11-05 08:23:46,149 [pool-77-thread-1] INFO  server.RaftServerConfigKeys (ConfUtils.java:logGet(43)) - raft.server.retrycache.expirytime = 600000ms (custom)
2019-11-05 08:23:46,153 [77ab65e6-d942-49df-83a3-1d4c0bf152b3@group-63E6C67CF9E0-LeaderElection1] INFO  server.RaftServerConfigKeys (ConfUtils.java:logGet(43)) - raft.server.staging.catchup.gap = 1000 (default)
2019-11-05 08:23:46,153 [77ab65e6-d942-49df-83a3-1d4c0bf152b3@group-63E6C67CF9E0-LeaderElection1] INFO  server.RaftServerConfigKeys (ConfUtils.java:logGet(43)) - raft.server.rpc.sleep.time = 25ms (default)
2019-11-05 08:23:46,159 [77ab65e6-d942-49df-83a3-1d4c0bf152b3@group-63E6C67CF9E0-LeaderElection1] INFO  server.RaftServerConfigKeys (ConfUtils.java:logGet(43)) - raft.server.write.element-limit = 4096 (default)
2019-11-05 08:23:46,159 [pool-77-thread-1] INFO  impl.RaftServerImpl (RaftServerImpl.java:start(195)) - fe5257f1-588f-41af-bf70-1c04126c8968@group-031C9BB6C8CD: start as a follower, conf=-1: [fe5257f1-588f-41af-bf70-1c04126c8968:192.168.164.217:33003], old=null
2019-11-05 08:23:46,160 [pool-77-thread-1] INFO  impl.RaftServerImpl (RaftServerImpl.java:setRole(184)) - fe5257f1-588f-41af-bf70-1c04126c8968@group-031C9BB6C8CD: changes role from      null to FOLLOWER at term 0 for startAsFollower
2019-11-05 08:23:46,160 [pool-77-thread-1] INFO  impl.RoleInfo (RoleInfo.java:updateAndGet(143)) - fe5257f1-588f-41af-bf70-1c04126c8968: start FollowerState
2019-11-05 08:23:46,160 [pool-77-thread-1] INFO  util.JmxRegister (JmxRegister.java:tryRegister(44)) - Successfully registered JMX Bean with object name Ratis:service=RaftServer,group=group-031C9BB6C8CD,id=fe5257f1-588f-41af-bf70-1c04126c8968
2019-11-05 08:23:46,162 [Thread-290] INFO  impl.FollowerState (FollowerState.java:run(108)) - fe5257f1-588f-41af-bf70-1c04126c8968@group-031C9BB6C8CD-FollowerState: change to CANDIDATE, lastRpcTime:2ms, electionTimeout:2ms
2019-11-05 08:23:46,164 [Thread-290] INFO  impl.RoleInfo (RoleInfo.java:shutdownFollowerState(121)) - fe5257f1-588f-41af-bf70-1c04126c8968: shutdown FollowerState
2019-11-05 08:23:46,164 [Thread-290] INFO  impl.RaftServerImpl (RaftServerImpl.java:setRole(184)) - fe5257f1-588f-41af-bf70-1c04126c8968@group-031C9BB6C8CD: changes role from  FOLLOWER to CANDIDATE at term 0 for changeToCandidate
2019-11-05 08:23:46,165 [Thread-290] INFO  impl.RoleInfo (RoleInfo.java:updateAndGet(143)) - fe5257f1-588f-41af-bf70-1c04126c8968: start LeaderElection
2019-11-05 08:23:46,169 [77ab65e6-d942-49df-83a3-1d4c0bf152b3@group-63E6C67CF9E0-LeaderElection1] INFO  server.RaftServerConfigKeys (ConfUtils.java:logGet(43)) - raft.server.watch.timeout = 10s (default)
2019-11-05 08:23:46,169 [77ab65e6-d942-49df-83a3-1d4c0bf152b3@group-63E6C67CF9E0-LeaderElection1] INFO  server.RaftServerConfigKeys (ConfUtils.java:logGet(43)) - raft.server.watch.timeout.denomination = 1s (default)
2019-11-05 08:23:46,170 [77ab65e6-d942-49df-83a3-1d4c0bf152b3@group-63E6C67CF9E0-LeaderElection1] INFO  server.RaftServerConfigKeys (ConfUtils.java:logGet(43)) - raft.server.watch.element-limit = 65536 (default)
2019-11-05 08:23:46,182 [fe5257f1-588f-41af-bf70-1c04126c8968@group-031C9BB6C8CD-LeaderElection2] INFO  impl.LeaderElection (LeaderElection.java:askForVotes(178)) - fe5257f1-588f-41af-bf70-1c04126c8968@group-031C9BB6C8CD-LeaderElection2: begin an election at term 1 for -1: [fe5257f1-588f-41af-bf70-1c04126c8968:192.168.164.217:33003], old=null
2019-11-05 08:23:46,191 [fe5257f1-588f-41af-bf70-1c04126c8968@group-031C9BB6C8CD-LeaderElection2] INFO  impl.RoleInfo (RoleInfo.java:shutdownLeaderElection(134)) - fe5257f1-588f-41af-bf70-1c04126c8968: shutdown LeaderElection
2019-11-05 08:23:46,191 [fe5257f1-588f-41af-bf70-1c04126c8968@group-031C9BB6C8CD-LeaderElection2] INFO  impl.RaftServerImpl (RaftServerImpl.java:setRole(184)) - fe5257f1-588f-41af-bf70-1c04126c8968@group-031C9BB6C8CD: changes role from CANDIDATE to LEADER at term 1 for changeToLeader
2019-11-05 08:23:46,192 [fe5257f1-588f-41af-bf70-1c04126c8968@group-031C9BB6C8CD-LeaderElection2] INFO  impl.RaftServerImpl (ServerState.java:setLeader(256)) - fe5257f1-588f-41af-bf70-1c04126c8968@group-031C9BB6C8CD: change Leader from null to fe5257f1-588f-41af-bf70-1c04126c8968 at term 1 for becomeLeader, leader elected after 51ms
2019-11-05 08:23:46,193 [fe5257f1-588f-41af-bf70-1c04126c8968@group-031C9BB6C8CD-LeaderElection2] INFO  server.RaftServerConfigKeys (ConfUtils.java:logGet(43)) - raft.server.staging.catchup.gap = 1000 (default)
2019-11-05 08:23:46,194 [fe5257f1-588f-41af-bf70-1c04126c8968@group-031C9BB6C8CD-LeaderElection2] INFO  server.RaftServerConfigKeys (ConfUtils.java:logGet(43)) - raft.server.rpc.sleep.time = 25ms (default)
2019-11-05 08:23:46,195 [fe5257f1-588f-41af-bf70-1c04126c8968@group-031C9BB6C8CD-LeaderElection2] INFO  server.RaftServerConfigKeys (ConfUtils.java:logGet(43)) - raft.server.write.element-limit = 4096 (default)
2019-11-05 08:23:46,196 [fe5257f1-588f-41af-bf70-1c04126c8968@group-031C9BB6C8CD-LeaderElection2] INFO  server.RaftServerConfigKeys (ConfUtils.java:logGet(43)) - raft.server.watch.timeout = 10s (default)
2019-11-05 08:23:46,206 [fe5257f1-588f-41af-bf70-1c04126c8968@group-031C9BB6C8CD-LeaderElection2] INFO  server.RaftServerConfigKeys (ConfUtils.java:logGet(43)) - raft.server.watch.timeout.denomination = 1s (default)
2019-11-05 08:23:46,245 [fe5257f1-588f-41af-bf70-1c04126c8968@group-031C9BB6C8CD-LeaderElection2] INFO  server.RaftServerConfigKeys (ConfUtils.java:logGet(43)) - raft.server.watch.element-limit = 65536 (default)
2019-11-05 08:23:46,255 [RatisPipelineUtilsThread] INFO  pipeline.PipelineStateManager (PipelineStateManager.java:addPipeline(56)) - Created pipeline Pipeline[ Id: b297c6f7-be1c-49dd-a155-031c9bb6c8cd, Nodes: fe5257f1-588f-41af-bf70-1c04126c8968{ip: 192.168.164.217, host: pr-hdds-1643-8bmlk-2934350033, networkLocation: /default-rack, certSerialId: null}, Type:RATIS, Factor:ONE, State:OPEN]
2019-11-05 08:23:46,277 [fe5257f1-588f-41af-bf70-1c04126c8968@group-031C9BB6C8CD-LeaderElection2] INFO  impl.RoleInfo (RoleInfo.java:updateAndGet(143)) - fe5257f1-588f-41af-bf70-1c04126c8968: start LeaderState
2019-11-05 08:23:46,277 [77ab65e6-d942-49df-83a3-1d4c0bf152b3@group-63E6C67CF9E0-LeaderElection1] INFO  impl.RoleInfo (RoleInfo.java:updateAndGet(143)) - 77ab65e6-d942-49df-83a3-1d4c0bf152b3: start LeaderState
2019-11-05 08:23:46,281 [grpc-default-executor-0] INFO  impl.RaftServerProxy (RaftServerProxy.java:addNew(89)) - c3e88256-f771-43b4-b3fb-c682fc5ee06f: addNew group-1DA5BBF3F5F9:[c3e88256-f771-43b4-b3fb-c682fc5ee06f:192.168.164.217:37319] returns group-1DA5BBF3F5F9:java.util.concurrent.CompletableFuture@2b0fd2eb[Not completed]
2019-11-05 08:23:46,357 [pool-107-thread-1] INFO  impl.RaftServerImpl (RaftServerImpl.java:<init>(104)) - c3e88256-f771-43b4-b3fb-c682fc5ee06f: new RaftServerImpl for group-1DA5BBF3F5F9:[c3e88256-f771-43b4-b3fb-c682fc5ee06f:192.168.164.217:37319] with ContainerStateMachine:uninitialized
2019-11-05 08:23:46,358 [pool-107-thread-1] INFO  server.RaftServerConfigKeys (ConfUtils.java:logGet(43)) - raft.server.rpc.timeout.min = 1s (custom)
2019-11-05 08:23:46,358 [pool-107-thread-1] INFO  server.RaftServerConfigKeys (ConfUtils.java:logGet(43)) - raft.server.rpc.timeout.max = 1200ms (custom)
2019-11-05 08:23:46,358 [pool-107-thread-1] INFO  server.RaftServerConfigKeys (ConfUtils.java:logGet(43)) - raft.server.rpcslowness.timeout = 120s (custom)
2019-11-05 08:23:46,358 [pool-107-thread-1] INFO  server.RaftServerConfigKeys (ConfUtils.java:logGet(43)) - raft.server.sleep.deviation.threshold = 300 (default)
2019-11-05 08:23:46,358 [pool-107-thread-1] INFO  server.RaftServerConfigKeys (ConfUtils.java:logGet(43)) - raft.server.log.appender.install.snapshot.enabled = false (custom)
2019-11-05 08:23:46,358 [pool-107-thread-1] INFO  impl.RaftServerImpl (ServerState.java:<init>(103)) - c3e88256-f771-43b4-b3fb-c682fc5ee06f@group-1DA5BBF3F5F9: ConfigurationManager, init=-1: [c3e88256-f771-43b4-b3fb-c682fc5ee06f:192.168.164.217:37319], old=null, confs=<EMPTY_MAP>
2019-11-05 08:23:46,358 [pool-107-thread-1] INFO  server.RaftServerConfigKeys (ConfUtils.java:logGet(43)) - raft.server.storage.dir = [/workdir/hadoop-ozone/integration-test/target/test-dir/MiniOzoneClusterImpl-0ddfd79e-5774-4abb-9b8b-55ac0c17dbc1/datanode-8/data/ratis] (custom)
2019-11-05 08:23:46,359 [pool-107-thread-1] INFO  server.RaftServerConfigKeys (ConfUtils.java:logGet(43)) - raft.server.log.corruption.policy = EXCEPTION (default)
2019-11-05 08:23:46,359 [pool-107-thread-1] INFO  storage.RaftStorageDirectory (RaftStorageDirectory.java:analyzeStorage(246)) - The storage directory /workdir/hadoop-ozone/integration-test/target/test-dir/MiniOzoneClusterImpl-0ddfd79e-5774-4abb-9b8b-55ac0c17dbc1/datanode-8/data/ratis/b4f05ab6-0833-4ca1-a38b-1da5bbf3f5f9 does not exist. Creating ...
2019-11-05 08:23:46,372 [pool-107-thread-1] INFO  storage.RaftStorageDirectory (RaftStorageDirectory.java:tryLock(328)) - Lock on /workdir/hadoop-ozone/integration-test/target/test-dir/MiniOzoneClusterImpl-0ddfd79e-5774-4abb-9b8b-55ac0c17dbc1/datanode-8/data/ratis/b4f05ab6-0833-4ca1-a38b-1da5bbf3f5f9/in_use.lock acquired by nodename 26210@pr-hdds-1643-8bmlk-2934350033
2019-11-05 08:23:46,404 [pool-107-thread-1] INFO  storage.RaftStorage (RaftStorage.java:format(84)) - Storage directory /workdir/hadoop-ozone/integration-test/target/test-dir/MiniOzoneClusterImpl-0ddfd79e-5774-4abb-9b8b-55ac0c17dbc1/datanode-8/data/ratis/b4f05ab6-0833-4ca1-a38b-1da5bbf3f5f9 has been successfully formatted.
2019-11-05 08:23:46,407 [pool-107-thread-1] INFO  ratis.ContainerStateMachine (ContainerStateMachine.java:loadSnapshot(231)) - group-1DA5BBF3F5F9: The snapshot info is null. Setting the last applied indexto:(t:0, i:~)
2019-11-05 08:23:46,407 [pool-107-thread-1] INFO  server.RaftServerConfigKeys (ConfUtils.java:logGet(43)) - raft.server.notification.no-leader.timeout = 120s (custom)
2019-11-05 08:23:46,407 [pool-107-thread-1] INFO  server.RaftServerConfigKeys (ConfUtils.java:logGet(43)) - raft.server.log.use.memory = false (default)
2019-11-05 08:23:46,408 [pool-107-thread-1] INFO  server.RaftServerConfigKeys (ConfUtils.java:logGet(43)) - raft.server.log.purge.gap = 1000000 (custom)
2019-11-05 08:23:46,408 [pool-107-thread-1] INFO  server.RaftServerConfigKeys (ConfUtils.java:logGet(43)) - raft.server.log.appender.buffer.byte-limit = 33554432 (custom)
2019-11-05 08:23:46,408 [pool-107-thread-1] INFO  server.RaftServerConfigKeys (ConfUtils.java:logGet(43)) - raft.server.log.segment.size.max = 1048576 (custom)
2019-11-05 08:23:46,416 [pool-107-thread-1] INFO  server.RaftServerConfigKeys (ConfUtils.java:logGet(43)) - raft.server.log.segment.cache.num.max = 2 (custom)
2019-11-05 08:23:46,416 [pool-107-thread-1] INFO  segmented.SegmentedRaftLogWorker (SegmentedRaftLogWorker.java:<init>(173)) - new c3e88256-f771-43b4-b3fb-c682fc5ee06f@group-1DA5BBF3F5F9-SegmentedRaftLogWorker for RaftStorage:Storage Directory /workdir/hadoop-ozone/integration-test/target/test-dir/MiniOzoneClusterImpl-0ddfd79e-5774-4abb-9b8b-55ac0c17dbc1/datanode-8/data/ratis/b4f05ab6-0833-4ca1-a38b-1da5bbf3f5f9
2019-11-05 08:23:46,416 [pool-107-thread-1] INFO  server.RaftServerConfigKeys (ConfUtils.java:logGet(43)) - raft.server.log.queue.byte-limit = 2147483647 (custom)
2019-11-05 08:23:46,416 [pool-107-thread-1] INFO  server.RaftServerConfigKeys (ConfUtils.java:logGet(43)) - raft.server.log.queue.element-limit = 1024 (custom)
2019-11-05 08:23:46,416 [pool-107-thread-1] INFO  server.RaftServerConfigKeys (ConfUtils.java:logGet(43)) - raft.server.log.segment.size.max = 1048576 (custom)
2019-11-05 08:23:46,417 [pool-107-thread-1] INFO  server.RaftServerConfigKeys (ConfUtils.java:logGet(43)) - raft.server.log.preallocated.size = 16384 (custom)
2019-11-05 08:23:46,417 [pool-107-thread-1] INFO  server.RaftServerConfigKeys (ConfUtils.java:logGet(43)) - raft.server.log.write.buffer.size = 33554432 (custom)
2019-11-05 08:23:46,417 [pool-107-thread-1] INFO  server.RaftServerConfigKeys (ConfUtils.java:logGet(43)) - raft.server.log.force.sync.num = 128 (default)
2019-11-05 08:23:46,417 [pool-107-thread-1] INFO  server.RaftServerConfigKeys (ConfUtils.java:logGet(43)) - raft.server.log.statemachine.data.sync = true (default)
2019-11-05 08:23:46,417 [77ab65e6-d942-49df-83a3-1d4c0bf152b3@group-63E6C67CF9E0-LeaderElection1] INFO  segmented.SegmentedRaftLogWorker (SegmentedRaftLogWorker.java:startLogSegment(385)) - 77ab65e6-d942-49df-83a3-1d4c0bf152b3@group-63E6C67CF9E0-SegmentedRaftLogWorker: Starting segment from index:0
2019-11-05 08:23:46,417 [pool-107-thread-1] INFO  server.RaftServerConfigKeys (ConfUtils.java:logGet(43)) - raft.server.log.statemachine.data.sync.timeout = 10s (default)
2019-11-05 08:23:46,417 [fe5257f1-588f-41af-bf70-1c04126c8968@group-031C9BB6C8CD-LeaderElection2] INFO  segmented.SegmentedRaftLogWorker (SegmentedRaftLogWorker.java:startLogSegment(385)) - fe5257f1-588f-41af-bf70-1c04126c8968@group-031C9BB6C8CD-SegmentedRaftLogWorker: Starting segment from index:0
2019-11-05 08:23:46,417 [pool-107-thread-1] INFO  server.RaftServerConfigKeys (ConfUtils.java:logGet(43)) - raft.server.log.statemachine.data.sync.timeout.retry = -1 (default)
2019-11-05 08:23:46,419 [pool-107-thread-1] INFO  server.RaftServerConfigKeys (ConfUtils.java:logGet(43)) - raft.server.log.statemachine.data.caching.enabled = true (custom)
2019-11-05 08:23:46,420 [pool-107-thread-1] INFO  segmented.SegmentedRaftLogWorker (SegmentedRaftLogWorker.java:lambda$new$0(128)) - c3e88256-f771-43b4-b3fb-c682fc5ee06f@group-1DA5BBF3F5F9-SegmentedRaftLogWorker: flushIndex: setUnconditionally 0 -> -1
2019-11-05 08:23:46,420 [pool-107-thread-1] INFO  server.RaftServerConfigKeys (ConfUtils.java:logGet(43)) - raft.server.snapshot.auto.trigger.enabled = true (custom)
2019-11-05 08:23:46,420 [pool-107-thread-1] INFO  server.RaftServerConfigKeys (ConfUtils.java:logGet(43)) - raft.server.snapshot.auto.trigger.threshold = 10000 (custom)
2019-11-05 08:23:46,421 [pool-107-thread-1] INFO  server.RaftServerConfigKeys (ConfUtils.java:logGet(43)) - raft.server.snapshot.retention.file.num = 5 (custom)
2019-11-05 08:23:46,421 [pool-107-thread-1] INFO  server.RaftServerConfigKeys (ConfUtils.java:logGet(43)) - raft.server.retrycache.expirytime = 600000ms (custom)
2019-11-05 08:23:46,428 [pool-107-thread-1] INFO  impl.RaftServerImpl (RaftServerImpl.java:start(195)) - c3e88256-f771-43b4-b3fb-c682fc5ee06f@group-1DA5BBF3F5F9: start as a follower, conf=-1: [c3e88256-f771-43b4-b3fb-c682fc5ee06f:192.168.164.217:37319], old=null
2019-11-05 08:23:46,428 [pool-107-thread-1] INFO  impl.RaftServerImpl (RaftServerImpl.java:setRole(184)) - c3e88256-f771-43b4-b3fb-c682fc5ee06f@group-1DA5BBF3F5F9: changes role from      null to FOLLOWER at term 0 for startAsFollower
2019-11-05 08:23:46,429 [pool-107-thread-1] INFO  impl.RoleInfo (RoleInfo.java:updateAndGet(143)) - c3e88256-f771-43b4-b3fb-c682fc5ee06f: start FollowerState
2019-11-05 08:23:46,430 [pool-107-thread-1] INFO  util.JmxRegister (JmxRegister.java:tryRegister(44)) - Successfully registered JMX Bean with object name Ratis:service=RaftServer,group=group-1DA5BBF3F5F9,id=c3e88256-f771-43b4-b3fb-c682fc5ee06f
2019-11-05 08:23:46,432 [fe5257f1-588f-41af-bf70-1c04126c8968@group-031C9BB6C8CD-LeaderElection2] INFO  impl.RaftServerImpl (ServerState.java:setRaftConf(357)) - fe5257f1-588f-41af-bf70-1c04126c8968@group-031C9BB6C8CD: set configuration 0: [fe5257f1-588f-41af-bf70-1c04126c8968:192.168.164.217:33003], old=null at 0
2019-11-05 08:23:46,432 [77ab65e6-d942-49df-83a3-1d4c0bf152b3@group-63E6C67CF9E0-LeaderElection1] INFO  impl.RaftServerImpl (ServerState.java:setRaftConf(357)) - 77ab65e6-d942-49df-83a3-1d4c0bf152b3@group-63E6C67CF9E0: set configuration 0: [77ab65e6-d942-49df-83a3-1d4c0bf152b3:192.168.164.217:39381], old=null at 0
2019-11-05 08:23:46,450 [RatisPipelineUtilsThread] INFO  pipeline.PipelineStateManager (PipelineStateManager.java:addPipeline(56)) - Created pipeline Pipeline[ Id: b4f05ab6-0833-4ca1-a38b-1da5bbf3f5f9, Nodes: c3e88256-f771-43b4-b3fb-c682fc5ee06f{ip: 192.168.164.217, host: pr-hdds-1643-8bmlk-2934350033, networkLocation: /default-rack, certSerialId: null}, Type:RATIS, Factor:ONE, State:OPEN]
2019-11-05 08:23:46,472 [grpc-default-executor-0] INFO  impl.RaftServerProxy (RaftServerProxy.java:addNew(89)) - 6189f8a4-91dd-451f-abcb-72b2dcd73465: addNew group-CED1125BED2E:[6189f8a4-91dd-451f-abcb-72b2dcd73465:192.168.164.217:36585] returns group-CED1125BED2E:java.util.concurrent.CompletableFuture@7ca98a8b[Not completed]
2019-11-05 08:23:46,476 [pool-97-thread-1] INFO  impl.RaftServerImpl (RaftServerImpl.java:<init>(104)) - 6189f8a4-91dd-451f-abcb-72b2dcd73465: new RaftServerImpl for group-CED1125BED2E:[6189f8a4-91dd-451f-abcb-72b2dcd73465:192.168.164.217:36585] with ContainerStateMachine:uninitialized
2019-11-05 08:23:46,476 [pool-97-thread-1] INFO  server.RaftServerConfigKeys (ConfUtils.java:logGet(43)) - raft.server.rpc.timeout.min = 1s (custom)
2019-11-05 08:23:46,476 [pool-97-thread-1] INFO  server.RaftServerConfigKeys (ConfUtils.java:logGet(43)) - raft.server.rpc.timeout.max = 1200ms (custom)
2019-11-05 08:23:46,476 [pool-97-thread-1] INFO  server.RaftServerConfigKeys (ConfUtils.java:logGet(43)) - raft.server.rpcslowness.timeout = 120s (custom)
2019-11-05 08:23:46,476 [pool-97-thread-1] INFO  server.RaftServerConfigKeys (ConfUtils.java:logGet(43)) - raft.server.sleep.deviation.threshold = 300 (default)
2019-11-05 08:23:46,476 [pool-97-thread-1] INFO  server.RaftServerConfigKeys (ConfUtils.java:logGet(43)) - raft.server.log.appender.install.snapshot.enabled = false (custom)
2019-11-05 08:23:46,477 [pool-97-thread-1] INFO  impl.RaftServerImpl (ServerState.java:<init>(103)) - 6189f8a4-91dd-451f-abcb-72b2dcd73465@group-CED1125BED2E: ConfigurationManager, init=-1: [6189f8a4-91dd-451f-abcb-72b2dcd73465:192.168.164.217:36585], old=null, confs=<EMPTY_MAP>
2019-11-05 08:23:46,477 [pool-97-thread-1] INFO  server.RaftServerConfigKeys (ConfUtils.java:logGet(43)) - raft.server.storage.dir = [/workdir/hadoop-ozone/integration-test/target/test-dir/MiniOzoneClusterImpl-0ddfd79e-5774-4abb-9b8b-55ac0c17dbc1/datanode-7/data/ratis] (custom)
2019-11-05 08:23:46,477 [pool-97-thread-1] INFO  server.RaftServerConfigKeys (ConfUtils.java:logGet(43)) - raft.server.log.corruption.policy = EXCEPTION (default)
2019-11-05 08:23:46,477 [pool-97-thread-1] INFO  storage.RaftStorageDirectory (RaftStorageDirectory.java:analyzeStorage(246)) - The storage directory /workdir/hadoop-ozone/integration-test/target/test-dir/MiniOzoneClusterImpl-0ddfd79e-5774-4abb-9b8b-55ac0c17dbc1/datanode-7/data/ratis/f77b951c-9184-4fc4-a6c7-ced1125bed2e does not exist. Creating ...
2019-11-05 08:23:46,491 [pool-97-thread-1] INFO  storage.RaftStorageDirectory (RaftStorageDirectory.java:tryLock(328)) - Lock on /workdir/hadoop-ozone/integration-test/target/test-dir/MiniOzoneClusterImpl-0ddfd79e-5774-4abb-9b8b-55ac0c17dbc1/datanode-7/data/ratis/f77b951c-9184-4fc4-a6c7-ced1125bed2e/in_use.lock acquired by nodename 26210@pr-hdds-1643-8bmlk-2934350033
2019-11-05 08:23:46,504 [pool-97-thread-1] INFO  storage.RaftStorage (RaftStorage.java:format(84)) - Storage directory /workdir/hadoop-ozone/integration-test/target/test-dir/MiniOzoneClusterImpl-0ddfd79e-5774-4abb-9b8b-55ac0c17dbc1/datanode-7/data/ratis/f77b951c-9184-4fc4-a6c7-ced1125bed2e has been successfully formatted.
2019-11-05 08:23:46,505 [pool-97-thread-1] INFO  ratis.ContainerStateMachine (ContainerStateMachine.java:loadSnapshot(231)) - group-CED1125BED2E: The snapshot info is null. Setting the last applied indexto:(t:0, i:~)
2019-11-05 08:23:46,505 [pool-97-thread-1] INFO  server.RaftServerConfigKeys (ConfUtils.java:logGet(43)) - raft.server.notification.no-leader.timeout = 120s (custom)
2019-11-05 08:23:46,505 [pool-97-thread-1] INFO  server.RaftServerConfigKeys (ConfUtils.java:logGet(43)) - raft.server.log.use.memory = false (default)
2019-11-05 08:23:46,505 [pool-97-thread-1] INFO  server.RaftServerConfigKeys (ConfUtils.java:logGet(43)) - raft.server.log.purge.gap = 1000000 (custom)
2019-11-05 08:23:46,505 [pool-97-thread-1] INFO  server.RaftServerConfigKeys (ConfUtils.java:logGet(43)) - raft.server.log.appender.buffer.byte-limit = 33554432 (custom)
2019-11-05 08:23:46,505 [pool-97-thread-1] INFO  server.RaftServerConfigKeys (ConfUtils.java:logGet(43)) - raft.server.log.segment.size.max = 1048576 (custom)
2019-11-05 08:23:46,507 [pool-97-thread-1] INFO  server.RaftServerConfigKeys (ConfUtils.java:logGet(43)) - raft.server.log.segment.cache.num.max = 2 (custom)
2019-11-05 08:23:46,507 [pool-97-thread-1] INFO  segmented.SegmentedRaftLogWorker (SegmentedRaftLogWorker.java:<init>(173)) - new 6189f8a4-91dd-451f-abcb-72b2dcd73465@group-CED1125BED2E-SegmentedRaftLogWorker for RaftStorage:Storage Directory /workdir/hadoop-ozone/integration-test/target/test-dir/MiniOzoneClusterImpl-0ddfd79e-5774-4abb-9b8b-55ac0c17dbc1/datanode-7/data/ratis/f77b951c-9184-4fc4-a6c7-ced1125bed2e
2019-11-05 08:23:46,507 [pool-97-thread-1] INFO  server.RaftServerConfigKeys (ConfUtils.java:logGet(43)) - raft.server.log.queue.byte-limit = 2147483647 (custom)
2019-11-05 08:23:46,508 [pool-97-thread-1] INFO  server.RaftServerConfigKeys (ConfUtils.java:logGet(43)) - raft.server.log.queue.element-limit = 1024 (custom)
2019-11-05 08:23:46,508 [pool-97-thread-1] INFO  server.RaftServerConfigKeys (ConfUtils.java:logGet(43)) - raft.server.log.segment.size.max = 1048576 (custom)
2019-11-05 08:23:46,508 [pool-97-thread-1] INFO  server.RaftServerConfigKeys (ConfUtils.java:logGet(43)) - raft.server.log.preallocated.size = 16384 (custom)
2019-11-05 08:23:46,508 [pool-97-thread-1] INFO  server.RaftServerConfigKeys (ConfUtils.java:logGet(43)) - raft.server.log.write.buffer.size = 33554432 (custom)
2019-11-05 08:23:46,508 [pool-97-thread-1] INFO  server.RaftServerConfigKeys (ConfUtils.java:logGet(43)) - raft.server.log.force.sync.num = 128 (default)
2019-11-05 08:23:46,508 [pool-97-thread-1] INFO  server.RaftServerConfigKeys (ConfUtils.java:logGet(43)) - raft.server.log.statemachine.data.sync = true (default)
2019-11-05 08:23:46,508 [pool-97-thread-1] INFO  server.RaftServerConfigKeys (ConfUtils.java:logGet(43)) - raft.server.log.statemachine.data.sync.timeout = 10s (default)
2019-11-05 08:23:46,508 [pool-97-thread-1] INFO  server.RaftServerConfigKeys (ConfUtils.java:logGet(43)) - raft.server.log.statemachine.data.sync.timeout.retry = -1 (default)
2019-11-05 08:23:46,509 [pool-97-thread-1] INFO  server.RaftServerConfigKeys (ConfUtils.java:logGet(43)) - raft.server.log.statemachine.data.caching.enabled = true (custom)
2019-11-05 08:23:46,509 [pool-97-thread-1] INFO  segmented.SegmentedRaftLogWorker (SegmentedRaftLogWorker.java:lambda$new$0(128)) - 6189f8a4-91dd-451f-abcb-72b2dcd73465@group-CED1125BED2E-SegmentedRaftLogWorker: flushIndex: setUnconditionally 0 -> -1
2019-11-05 08:23:46,509 [pool-97-thread-1] INFO  server.RaftServerConfigKeys (ConfUtils.java:logGet(43)) - raft.server.snapshot.auto.trigger.enabled = true (custom)
2019-11-05 08:23:46,509 [pool-97-thread-1] INFO  server.RaftServerConfigKeys (ConfUtils.java:logGet(43)) - raft.server.snapshot.auto.trigger.threshold = 10000 (custom)
2019-11-05 08:23:46,510 [pool-97-thread-1] INFO  server.RaftServerConfigKeys (ConfUtils.java:logGet(43)) - raft.server.snapshot.retention.file.num = 5 (custom)
2019-11-05 08:23:46,510 [pool-97-thread-1] INFO  server.RaftServerConfigKeys (ConfUtils.java:logGet(43)) - raft.server.retrycache.expirytime = 600000ms (custom)
2019-11-05 08:23:46,513 [pool-97-thread-1] INFO  impl.RaftServerImpl (RaftServerImpl.java:start(195)) - 6189f8a4-91dd-451f-abcb-72b2dcd73465@group-CED1125BED2E: start as a follower, conf=-1: [6189f8a4-91dd-451f-abcb-72b2dcd73465:192.168.164.217:36585], old=null
2019-11-05 08:23:46,513 [pool-97-thread-1] INFO  impl.RaftServerImpl (RaftServerImpl.java:setRole(184)) - 6189f8a4-91dd-451f-abcb-72b2dcd73465@group-CED1125BED2E: changes role from      null to FOLLOWER at term 0 for startAsFollower
2019-11-05 08:23:46,514 [pool-97-thread-1] INFO  impl.RoleInfo (RoleInfo.java:updateAndGet(143)) - 6189f8a4-91dd-451f-abcb-72b2dcd73465: start FollowerState
2019-11-05 08:23:46,514 [pool-97-thread-1] INFO  util.JmxRegister (JmxRegister.java:tryRegister(44)) - Successfully registered JMX Bean with object name Ratis:service=RaftServer,group=group-CED1125BED2E,id=6189f8a4-91dd-451f-abcb-72b2dcd73465
2019-11-05 08:23:46,514 [Thread-298] INFO  impl.FollowerState (FollowerState.java:run(108)) - 6189f8a4-91dd-451f-abcb-72b2dcd73465@group-CED1125BED2E-FollowerState: change to CANDIDATE, lastRpcTime:0ms, electionTimeout:0ms
2019-11-05 08:23:46,514 [Thread-298] INFO  impl.RoleInfo (RoleInfo.java:shutdownFollowerState(121)) - 6189f8a4-91dd-451f-abcb-72b2dcd73465: shutdown FollowerState
2019-11-05 08:23:46,514 [Thread-298] INFO  impl.RaftServerImpl (RaftServerImpl.java:setRole(184)) - 6189f8a4-91dd-451f-abcb-72b2dcd73465@group-CED1125BED2E: changes role from  FOLLOWER to CANDIDATE at term 0 for changeToCandidate
2019-11-05 08:23:46,515 [Thread-298] INFO  impl.RoleInfo (RoleInfo.java:updateAndGet(143)) - 6189f8a4-91dd-451f-abcb-72b2dcd73465: start LeaderElection
2019-11-05 08:23:46,533 [6189f8a4-91dd-451f-abcb-72b2dcd73465@group-CED1125BED2E-LeaderElection3] INFO  impl.LeaderElection (LeaderElection.java:askForVotes(178)) - 6189f8a4-91dd-451f-abcb-72b2dcd73465@group-CED1125BED2E-LeaderElection3: begin an election at term 1 for -1: [6189f8a4-91dd-451f-abcb-72b2dcd73465:192.168.164.217:36585], old=null
2019-11-05 08:23:46,535 [6189f8a4-91dd-451f-abcb-72b2dcd73465@group-CED1125BED2E-LeaderElection3] INFO  impl.RoleInfo (RoleInfo.java:shutdownLeaderElection(134)) - 6189f8a4-91dd-451f-abcb-72b2dcd73465: shutdown LeaderElection
2019-11-05 08:23:46,536 [6189f8a4-91dd-451f-abcb-72b2dcd73465@group-CED1125BED2E-LeaderElection3] INFO  impl.RaftServerImpl (RaftServerImpl.java:setRole(184)) - 6189f8a4-91dd-451f-abcb-72b2dcd73465@group-CED1125BED2E: changes role from CANDIDATE to LEADER at term 1 for changeToLeader
2019-11-05 08:23:46,537 [6189f8a4-91dd-451f-abcb-72b2dcd73465@group-CED1125BED2E-LeaderElection3] INFO  impl.RaftServerImpl (ServerState.java:setLeader(256)) - 6189f8a4-91dd-451f-abcb-72b2dcd73465@group-CED1125BED2E: change Leader from null to 6189f8a4-91dd-451f-abcb-72b2dcd73465 at term 1 for becomeLeader, leader elected after 31ms
2019-11-05 08:23:46,540 [6189f8a4-91dd-451f-abcb-72b2dcd73465@group-CED1125BED2E-LeaderElection3] INFO  server.RaftServerConfigKeys (ConfUtils.java:logGet(43)) - raft.server.staging.catchup.gap = 1000 (default)
2019-11-05 08:23:46,540 [6189f8a4-91dd-451f-abcb-72b2dcd73465@group-CED1125BED2E-LeaderElection3] INFO  server.RaftServerConfigKeys (ConfUtils.java:logGet(43)) - raft.server.rpc.sleep.time = 25ms (default)
2019-11-05 08:23:46,542 [6189f8a4-91dd-451f-abcb-72b2dcd73465@group-CED1125BED2E-LeaderElection3] INFO  server.RaftServerConfigKeys (ConfUtils.java:logGet(43)) - raft.server.write.element-limit = 4096 (default)
2019-11-05 08:23:46,542 [6189f8a4-91dd-451f-abcb-72b2dcd73465@group-CED1125BED2E-LeaderElection3] INFO  server.RaftServerConfigKeys (ConfUtils.java:logGet(43)) - raft.server.watch.timeout = 10s (default)
2019-11-05 08:23:46,542 [6189f8a4-91dd-451f-abcb-72b2dcd73465@group-CED1125BED2E-LeaderElection3] INFO  server.RaftServerConfigKeys (ConfUtils.java:logGet(43)) - raft.server.watch.timeout.denomination = 1s (default)
2019-11-05 08:23:46,542 [6189f8a4-91dd-451f-abcb-72b2dcd73465@group-CED1125BED2E-LeaderElection3] INFO  server.RaftServerConfigKeys (ConfUtils.java:logGet(43)) - raft.server.watch.element-limit = 65536 (default)
2019-11-05 08:23:46,542 [RatisPipelineUtilsThread] INFO  pipeline.PipelineStateManager (PipelineStateManager.java:addPipeline(56)) - Created pipeline Pipeline[ Id: f77b951c-9184-4fc4-a6c7-ced1125bed2e, Nodes: 6189f8a4-91dd-451f-abcb-72b2dcd73465{ip: 192.168.164.217, host: pr-hdds-1643-8bmlk-2934350033, networkLocation: /default-rack, certSerialId: null}, Type:RATIS, Factor:ONE, State:OPEN]
2019-11-05 08:23:46,545 [6189f8a4-91dd-451f-abcb-72b2dcd73465@group-CED1125BED2E-LeaderElection3] INFO  impl.RoleInfo (RoleInfo.java:updateAndGet(143)) - 6189f8a4-91dd-451f-abcb-72b2dcd73465: start LeaderState
2019-11-05 08:23:46,547 [6189f8a4-91dd-451f-abcb-72b2dcd73465@group-CED1125BED2E-LeaderElection3] INFO  segmented.SegmentedRaftLogWorker (SegmentedRaftLogWorker.java:startLogSegment(385)) - 6189f8a4-91dd-451f-abcb-72b2dcd73465@group-CED1125BED2E-SegmentedRaftLogWorker: Starting segment from index:0
2019-11-05 08:23:46,550 [6189f8a4-91dd-451f-abcb-72b2dcd73465@group-CED1125BED2E-LeaderElection3] INFO  impl.RaftServerImpl (ServerState.java:setRaftConf(357)) - 6189f8a4-91dd-451f-abcb-72b2dcd73465@group-CED1125BED2E: set configuration 0: [6189f8a4-91dd-451f-abcb-72b2dcd73465:192.168.164.217:36585], old=null at 0
2019-11-05 08:23:46,561 [grpc-default-executor-0] INFO  impl.RaftServerProxy (RaftServerProxy.java:addNew(89)) - a8ae9c07-6d89-4a49-a594-cacd4b776180: addNew group-0C360FE707B6:[a8ae9c07-6d89-4a49-a594-cacd4b776180:192.168.164.217:42719] returns group-0C360FE707B6:java.util.concurrent.CompletableFuture@35aa7098[Not completed]
2019-11-05 08:23:46,565 [pool-57-thread-1] INFO  impl.RaftServerImpl (RaftServerImpl.java:<init>(104)) - a8ae9c07-6d89-4a49-a594-cacd4b776180: new RaftServerImpl for group-0C360FE707B6:[a8ae9c07-6d89-4a49-a594-cacd4b776180:192.168.164.217:42719] with ContainerStateMachine:uninitialized
2019-11-05 08:23:46,565 [pool-57-thread-1] INFO  server.RaftServerConfigKeys (ConfUtils.java:logGet(43)) - raft.server.rpc.timeout.min = 1s (custom)
2019-11-05 08:23:46,566 [pool-57-thread-1] INFO  server.RaftServerConfigKeys (ConfUtils.java:logGet(43)) - raft.server.rpc.timeout.max = 1200ms (custom)
2019-11-05 08:23:46,566 [pool-57-thread-1] INFO  server.RaftServerConfigKeys (ConfUtils.java:logGet(43)) - raft.server.rpcslowness.timeout = 120s (custom)
2019-11-05 08:23:46,566 [pool-57-thread-1] INFO  server.RaftServerConfigKeys (ConfUtils.java:logGet(43)) - raft.server.sleep.deviation.threshold = 300 (default)
2019-11-05 08:23:46,566 [pool-57-thread-1] INFO  server.RaftServerConfigKeys (ConfUtils.java:logGet(43)) - raft.server.log.appender.install.snapshot.enabled = false (custom)
2019-11-05 08:23:46,566 [pool-57-thread-1] INFO  impl.RaftServerImpl (ServerState.java:<init>(103)) - a8ae9c07-6d89-4a49-a594-cacd4b776180@group-0C360FE707B6: ConfigurationManager, init=-1: [a8ae9c07-6d89-4a49-a594-cacd4b776180:192.168.164.217:42719], old=null, confs=<EMPTY_MAP>
2019-11-05 08:23:46,566 [pool-57-thread-1] INFO  server.RaftServerConfigKeys (ConfUtils.java:logGet(43)) - raft.server.storage.dir = [/workdir/hadoop-ozone/integration-test/target/test-dir/MiniOzoneClusterImpl-0ddfd79e-5774-4abb-9b8b-55ac0c17dbc1/datanode-3/data/ratis] (custom)
2019-11-05 08:23:46,567 [pool-57-thread-1] INFO  server.RaftServerConfigKeys (ConfUtils.java:logGet(43)) - raft.server.log.corruption.policy = EXCEPTION (default)
2019-11-05 08:23:46,567 [pool-57-thread-1] INFO  storage.RaftStorageDirectory (RaftStorageDirectory.java:analyzeStorage(246)) - The storage directory /workdir/hadoop-ozone/integration-test/target/test-dir/MiniOzoneClusterImpl-0ddfd79e-5774-4abb-9b8b-55ac0c17dbc1/datanode-3/data/ratis/1adacd32-1716-4db1-be12-0c360fe707b6 does not exist. Creating ...
2019-11-05 08:23:46,571 [Thread-295] INFO  impl.FollowerState (FollowerState.java:run(108)) - c3e88256-f771-43b4-b3fb-c682fc5ee06f@group-1DA5BBF3F5F9-FollowerState: change to CANDIDATE, lastRpcTime:141ms, electionTimeout:141ms
2019-11-05 08:23:46,571 [Thread-295] INFO  impl.RoleInfo (RoleInfo.java:shutdownFollowerState(121)) - c3e88256-f771-43b4-b3fb-c682fc5ee06f: shutdown FollowerState
2019-11-05 08:23:46,571 [Thread-295] INFO  impl.RaftServerImpl (RaftServerImpl.java:setRole(184)) - c3e88256-f771-43b4-b3fb-c682fc5ee06f@group-1DA5BBF3F5F9: changes role from  FOLLOWER to CANDIDATE at term 0 for changeToCandidate
2019-11-05 08:23:46,572 [Thread-295] INFO  impl.RoleInfo (RoleInfo.java:updateAndGet(143)) - c3e88256-f771-43b4-b3fb-c682fc5ee06f: start LeaderElection
2019-11-05 08:23:46,581 [pool-57-thread-1] INFO  storage.RaftStorageDirectory (RaftStorageDirectory.java:tryLock(328)) - Lock on /workdir/hadoop-ozone/integration-test/target/test-dir/MiniOzoneClusterImpl-0ddfd79e-5774-4abb-9b8b-55ac0c17dbc1/datanode-3/data/ratis/1adacd32-1716-4db1-be12-0c360fe707b6/in_use.lock acquired by nodename 26210@pr-hdds-1643-8bmlk-2934350033
2019-11-05 08:23:46,581 [c3e88256-f771-43b4-b3fb-c682fc5ee06f@group-1DA5BBF3F5F9-LeaderElection4] INFO  impl.LeaderElection (LeaderElection.java:askForVotes(178)) - c3e88256-f771-43b4-b3fb-c682fc5ee06f@group-1DA5BBF3F5F9-LeaderElection4: begin an election at term 1 for -1: [c3e88256-f771-43b4-b3fb-c682fc5ee06f:192.168.164.217:37319], old=null
2019-11-05 08:23:46,581 [c3e88256-f771-43b4-b3fb-c682fc5ee06f@group-1DA5BBF3F5F9-LeaderElection4] INFO  impl.RoleInfo (RoleInfo.java:shutdownLeaderElection(134)) - c3e88256-f771-43b4-b3fb-c682fc5ee06f: shutdown LeaderElection
2019-11-05 08:23:46,581 [c3e88256-f771-43b4-b3fb-c682fc5ee06f@group-1DA5BBF3F5F9-LeaderElection4] INFO  impl.RaftServerImpl (RaftServerImpl.java:setRole(184)) - c3e88256-f771-43b4-b3fb-c682fc5ee06f@group-1DA5BBF3F5F9: changes role from CANDIDATE to LEADER at term 1 for changeToLeader
2019-11-05 08:23:46,581 [c3e88256-f771-43b4-b3fb-c682fc5ee06f@group-1DA5BBF3F5F9-LeaderElection4] INFO  impl.RaftServerImpl (ServerState.java:setLeader(256)) - c3e88256-f771-43b4-b3fb-c682fc5ee06f@group-1DA5BBF3F5F9: change Leader from null to c3e88256-f771-43b4-b3fb-c682fc5ee06f at term 1 for becomeLeader, leader elected after 174ms
2019-11-05 08:23:46,583 [c3e88256-f771-43b4-b3fb-c682fc5ee06f@group-1DA5BBF3F5F9-LeaderElection4] INFO  server.RaftServerConfigKeys (ConfUtils.java:logGet(43)) - raft.server.staging.catchup.gap = 1000 (default)
2019-11-05 08:23:46,583 [c3e88256-f771-43b4-b3fb-c682fc5ee06f@group-1DA5BBF3F5F9-LeaderElection4] INFO  server.RaftServerConfigKeys (ConfUtils.java:logGet(43)) - raft.server.rpc.sleep.time = 25ms (default)
2019-11-05 08:23:46,583 [c3e88256-f771-43b4-b3fb-c682fc5ee06f@group-1DA5BBF3F5F9-LeaderElection4] INFO  server.RaftServerConfigKeys (ConfUtils.java:logGet(43)) - raft.server.write.element-limit = 4096 (default)
2019-11-05 08:23:46,583 [c3e88256-f771-43b4-b3fb-c682fc5ee06f@group-1DA5BBF3F5F9-LeaderElection4] INFO  server.RaftServerConfigKeys (ConfUtils.java:logGet(43)) - raft.server.watch.timeout = 10s (default)
2019-11-05 08:23:46,584 [c3e88256-f771-43b4-b3fb-c682fc5ee06f@group-1DA5BBF3F5F9-LeaderElection4] INFO  server.RaftServerConfigKeys (ConfUtils.java:logGet(43)) - raft.server.watch.timeout.denomination = 1s (default)
2019-11-05 08:23:46,584 [c3e88256-f771-43b4-b3fb-c682fc5ee06f@group-1DA5BBF3F5F9-LeaderElection4] INFO  server.RaftServerConfigKeys (ConfUtils.java:logGet(43)) - raft.server.watch.element-limit = 65536 (default)
2019-11-05 08:23:46,587 [c3e88256-f771-43b4-b3fb-c682fc5ee06f@group-1DA5BBF3F5F9-LeaderElection4] INFO  impl.RoleInfo (RoleInfo.java:updateAndGet(143)) - c3e88256-f771-43b4-b3fb-c682fc5ee06f: start LeaderState
2019-11-05 08:23:46,587 [c3e88256-f771-43b4-b3fb-c682fc5ee06f@group-1DA5BBF3F5F9-LeaderElection4] INFO  segmented.SegmentedRaftLogWorker (SegmentedRaftLogWorker.java:startLogSegment(385)) - c3e88256-f771-43b4-b3fb-c682fc5ee06f@group-1DA5BBF3F5F9-SegmentedRaftLogWorker: Starting segment from index:0
2019-11-05 08:23:46,588 [c3e88256-f771-43b4-b3fb-c682fc5ee06f@group-1DA5BBF3F5F9-LeaderElection4] INFO  impl.RaftServerImpl (ServerState.java:setRaftConf(357)) - c3e88256-f771-43b4-b3fb-c682fc5ee06f@group-1DA5BBF3F5F9: set configuration 0: [c3e88256-f771-43b4-b3fb-c682fc5ee06f:192.168.164.217:37319], old=null at 0
2019-11-05 08:23:46,594 [pool-57-thread-1] INFO  storage.RaftStorage (RaftStorage.java:format(84)) - Storage directory /workdir/hadoop-ozone/integration-test/target/test-dir/MiniOzoneClusterImpl-0ddfd79e-5774-4abb-9b8b-55ac0c17dbc1/datanode-3/data/ratis/1adacd32-1716-4db1-be12-0c360fe707b6 has been successfully formatted.
2019-11-05 08:23:46,594 [pool-57-thread-1] INFO  ratis.ContainerStateMachine (ContainerStateMachine.java:loadSnapshot(231)) - group-0C360FE707B6: The snapshot info is null. Setting the last applied indexto:(t:0, i:~)
2019-11-05 08:23:46,594 [pool-57-thread-1] INFO  server.RaftServerConfigKeys (ConfUtils.java:logGet(43)) - raft.server.notification.no-leader.timeout = 120s (custom)
2019-11-05 08:23:46,594 [pool-57-thread-1] INFO  server.RaftServerConfigKeys (ConfUtils.java:logGet(43)) - raft.server.log.use.memory = false (default)
2019-11-05 08:23:46,595 [pool-57-thread-1] INFO  server.RaftServerConfigKeys (ConfUtils.java:logGet(43)) - raft.server.log.purge.gap = 1000000 (custom)
2019-11-05 08:23:46,595 [pool-57-thread-1] INFO  server.RaftServerConfigKeys (ConfUtils.java:logGet(43)) - raft.server.log.appender.buffer.byte-limit = 33554432 (custom)
2019-11-05 08:23:46,595 [pool-57-thread-1] INFO  server.RaftServerConfigKeys (ConfUtils.java:logGet(43)) - raft.server.log.segment.size.max = 1048576 (custom)
2019-11-05 08:23:46,597 [pool-57-thread-1] INFO  server.RaftServerConfigKeys (ConfUtils.java:logGet(43)) - raft.server.log.segment.cache.num.max = 2 (custom)
2019-11-05 08:23:46,598 [pool-57-thread-1] INFO  segmented.SegmentedRaftLogWorker (SegmentedRaftLogWorker.java:<init>(173)) - new a8ae9c07-6d89-4a49-a594-cacd4b776180@group-0C360FE707B6-SegmentedRaftLogWorker for RaftStorage:Storage Directory /workdir/hadoop-ozone/integration-test/target/test-dir/MiniOzoneClusterImpl-0ddfd79e-5774-4abb-9b8b-55ac0c17dbc1/datanode-3/data/ratis/1adacd32-1716-4db1-be12-0c360fe707b6
2019-11-05 08:23:46,598 [pool-57-thread-1] INFO  server.RaftServerConfigKeys (ConfUtils.java:logGet(43)) - raft.server.log.queue.byte-limit = 2147483647 (custom)
2019-11-05 08:23:46,598 [pool-57-thread-1] INFO  server.RaftServerConfigKeys (ConfUtils.java:logGet(43)) - raft.server.log.queue.element-limit = 1024 (custom)
2019-11-05 08:23:46,598 [pool-57-thread-1] INFO  server.RaftServerConfigKeys (ConfUtils.java:logGet(43)) - raft.server.log.segment.size.max = 1048576 (custom)
2019-11-05 08:23:46,598 [pool-57-thread-1] INFO  server.RaftServerConfigKeys (ConfUtils.java:logGet(43)) - raft.server.log.preallocated.size = 16384 (custom)
2019-11-05 08:23:46,598 [pool-57-thread-1] INFO  server.RaftServerConfigKeys (ConfUtils.java:logGet(43)) - raft.server.log.write.buffer.size = 33554432 (custom)
2019-11-05 08:23:46,598 [pool-57-thread-1] INFO  server.RaftServerConfigKeys (ConfUtils.java:logGet(43)) - raft.server.log.force.sync.num = 128 (default)
2019-11-05 08:23:46,599 [pool-57-thread-1] INFO  server.RaftServerConfigKeys (ConfUtils.java:logGet(43)) - raft.server.log.statemachine.data.sync = true (default)
2019-11-05 08:23:46,599 [pool-57-thread-1] INFO  server.RaftServerConfigKeys (ConfUtils.java:logGet(43)) - raft.server.log.statemachine.data.sync.timeout = 10s (default)
2019-11-05 08:23:46,599 [pool-57-thread-1] INFO  server.RaftServerConfigKeys (ConfUtils.java:logGet(43)) - raft.server.log.statemachine.data.sync.timeout.retry = -1 (default)
2019-11-05 08:23:46,599 [pool-57-thread-1] INFO  server.RaftServerConfigKeys (ConfUtils.java:logGet(43)) - raft.server.log.statemachine.data.caching.enabled = true (custom)
2019-11-05 08:23:46,600 [pool-57-thread-1] INFO  segmented.SegmentedRaftLogWorker (SegmentedRaftLogWorker.java:lambda$new$0(128)) - a8ae9c07-6d89-4a49-a594-cacd4b776180@group-0C360FE707B6-SegmentedRaftLogWorker: flushIndex: setUnconditionally 0 -> -1
2019-11-05 08:23:46,600 [pool-57-thread-1] INFO  server.RaftServerConfigKeys (ConfUtils.java:logGet(43)) - raft.server.snapshot.auto.trigger.enabled = true (custom)
2019-11-05 08:23:46,600 [pool-57-thread-1] INFO  server.RaftServerConfigKeys (ConfUtils.java:logGet(43)) - raft.server.snapshot.auto.trigger.threshold = 10000 (custom)
2019-11-05 08:23:46,601 [pool-57-thread-1] INFO  server.RaftServerConfigKeys (ConfUtils.java:logGet(43)) - raft.server.snapshot.retention.file.num = 5 (custom)
2019-11-05 08:23:46,601 [pool-57-thread-1] INFO  server.RaftServerConfigKeys (ConfUtils.java:logGet(43)) - raft.server.retrycache.expirytime = 600000ms (custom)
2019-11-05 08:23:46,605 [pool-57-thread-1] INFO  impl.RaftServerImpl (RaftServerImpl.java:start(195)) - a8ae9c07-6d89-4a49-a594-cacd4b776180@group-0C360FE707B6: start as a follower, conf=-1: [a8ae9c07-6d89-4a49-a594-cacd4b776180:192.168.164.217:42719], old=null
2019-11-05 08:23:46,606 [pool-57-thread-1] INFO  impl.RaftServerImpl (RaftServerImpl.java:setRole(184)) - a8ae9c07-6d89-4a49-a594-cacd4b776180@group-0C360FE707B6: changes role from      null to FOLLOWER at term 0 for startAsFollower
2019-11-05 08:23:46,606 [pool-57-thread-1] INFO  impl.RoleInfo (RoleInfo.java:updateAndGet(143)) - a8ae9c07-6d89-4a49-a594-cacd4b776180: start FollowerState
2019-11-05 08:23:46,606 [pool-57-thread-1] INFO  util.JmxRegister (JmxRegister.java:tryRegister(44)) - Successfully registered JMX Bean with object name Ratis:service=RaftServer,group=group-0C360FE707B6,id=a8ae9c07-6d89-4a49-a594-cacd4b776180
2019-11-05 08:23:46,645 [Thread-305] INFO  impl.FollowerState (FollowerState.java:run(108)) - a8ae9c07-6d89-4a49-a594-cacd4b776180@group-0C360FE707B6-FollowerState: change to CANDIDATE, lastRpcTime:38ms, electionTimeout:18ms
2019-11-05 08:23:46,645 [Thread-305] INFO  impl.RoleInfo (RoleInfo.java:shutdownFollowerState(121)) - a8ae9c07-6d89-4a49-a594-cacd4b776180: shutdown FollowerState
2019-11-05 08:23:46,645 [Thread-305] INFO  impl.RaftServerImpl (RaftServerImpl.java:setRole(184)) - a8ae9c07-6d89-4a49-a594-cacd4b776180@group-0C360FE707B6: changes role from  FOLLOWER to CANDIDATE at term 0 for changeToCandidate
2019-11-05 08:23:46,645 [Thread-305] INFO  impl.RoleInfo (RoleInfo.java:updateAndGet(143)) - a8ae9c07-6d89-4a49-a594-cacd4b776180: start LeaderElection
2019-11-05 08:23:46,660 [RatisPipelineUtilsThread] INFO  pipeline.PipelineStateManager (PipelineStateManager.java:addPipeline(56)) - Created pipeline Pipeline[ Id: 1adacd32-1716-4db1-be12-0c360fe707b6, Nodes: a8ae9c07-6d89-4a49-a594-cacd4b776180{ip: 192.168.164.217, host: pr-hdds-1643-8bmlk-2934350033, networkLocation: /default-rack, certSerialId: null}, Type:RATIS, Factor:ONE, State:OPEN]
2019-11-05 08:23:46,666 [c3e88256-f771-43b4-b3fb-c682fc5ee06f@group-1DA5BBF3F5F9-SegmentedRaftLogWorker] INFO  segmented.SegmentedRaftLogWorker (SegmentedRaftLogWorker.java:execute(576)) - c3e88256-f771-43b4-b3fb-c682fc5ee06f@group-1DA5BBF3F5F9-SegmentedRaftLogWorker: created new log segment /workdir/hadoop-ozone/integration-test/target/test-dir/MiniOzoneClusterImpl-0ddfd79e-5774-4abb-9b8b-55ac0c17dbc1/datanode-8/data/ratis/b4f05ab6-0833-4ca1-a38b-1da5bbf3f5f9/current/log_inprogress_0
2019-11-05 08:23:46,666 [fe5257f1-588f-41af-bf70-1c04126c8968@group-031C9BB6C8CD-SegmentedRaftLogWorker] INFO  segmented.SegmentedRaftLogWorker (SegmentedRaftLogWorker.java:execute(576)) - fe5257f1-588f-41af-bf70-1c04126c8968@group-031C9BB6C8CD-SegmentedRaftLogWorker: created new log segment /workdir/hadoop-ozone/integration-test/target/test-dir/MiniOzoneClusterImpl-0ddfd79e-5774-4abb-9b8b-55ac0c17dbc1/datanode-5/data/ratis/b297c6f7-be1c-49dd-a155-031c9bb6c8cd/current/log_inprogress_0
2019-11-05 08:23:46,666 [a8ae9c07-6d89-4a49-a594-cacd4b776180@group-0C360FE707B6-LeaderElection5] INFO  impl.LeaderElection (LeaderElection.java:askForVotes(178)) - a8ae9c07-6d89-4a49-a594-cacd4b776180@group-0C360FE707B6-LeaderElection5: begin an election at term 1 for -1: [a8ae9c07-6d89-4a49-a594-cacd4b776180:192.168.164.217:42719], old=null
2019-11-05 08:23:46,666 [6189f8a4-91dd-451f-abcb-72b2dcd73465@group-CED1125BED2E-SegmentedRaftLogWorker] INFO  segmented.SegmentedRaftLogWorker (SegmentedRaftLogWorker.java:execute(576)) - 6189f8a4-91dd-451f-abcb-72b2dcd73465@group-CED1125BED2E-SegmentedRaftLogWorker: created new log segment /workdir/hadoop-ozone/integration-test/target/test-dir/MiniOzoneClusterImpl-0ddfd79e-5774-4abb-9b8b-55ac0c17dbc1/datanode-7/data/ratis/f77b951c-9184-4fc4-a6c7-ced1125bed2e/current/log_inprogress_0
2019-11-05 08:23:46,666 [77ab65e6-d942-49df-83a3-1d4c0bf152b3@group-63E6C67CF9E0-SegmentedRaftLogWorker] INFO  segmented.SegmentedRaftLogWorker (SegmentedRaftLogWorker.java:execute(576)) - 77ab65e6-d942-49df-83a3-1d4c0bf152b3@group-63E6C67CF9E0-SegmentedRaftLogWorker: created new log segment /workdir/hadoop-ozone/integration-test/target/test-dir/MiniOzoneClusterImpl-0ddfd79e-5774-4abb-9b8b-55ac0c17dbc1/datanode-0/data/ratis/e0f9af69-4e90-4512-9620-63e6c67cf9e0/current/log_inprogress_0
2019-11-05 08:23:46,666 [a8ae9c07-6d89-4a49-a594-cacd4b776180@group-0C360FE707B6-LeaderElection5] INFO  impl.RoleInfo (RoleInfo.java:shutdownLeaderElection(134)) - a8ae9c07-6d89-4a49-a594-cacd4b776180: shutdown LeaderElection
2019-11-05 08:23:46,667 [a8ae9c07-6d89-4a49-a594-cacd4b776180@group-0C360FE707B6-LeaderElection5] INFO  impl.RaftServerImpl (RaftServerImpl.java:setRole(184)) - a8ae9c07-6d89-4a49-a594-cacd4b776180@group-0C360FE707B6: changes role from CANDIDATE to LEADER at term 1 for changeToLeader
2019-11-05 08:23:46,667 [a8ae9c07-6d89-4a49-a594-cacd4b776180@group-0C360FE707B6-LeaderElection5] INFO  impl.RaftServerImpl (ServerState.java:setLeader(256)) - a8ae9c07-6d89-4a49-a594-cacd4b776180@group-0C360FE707B6: change Leader from null to a8ae9c07-6d89-4a49-a594-cacd4b776180 at term 1 for becomeLeader, leader elected after 72ms
2019-11-05 08:23:46,669 [a8ae9c07-6d89-4a49-a594-cacd4b776180@group-0C360FE707B6-LeaderElection5] INFO  server.RaftServerConfigKeys (ConfUtils.java:logGet(43)) - raft.server.staging.catchup.gap = 1000 (default)
2019-11-05 08:23:46,669 [a8ae9c07-6d89-4a49-a594-cacd4b776180@group-0C360FE707B6-LeaderElection5] INFO  server.RaftServerConfigKeys (ConfUtils.java:logGet(43)) - raft.server.rpc.sleep.time = 25ms (default)
2019-11-05 08:23:46,670 [a8ae9c07-6d89-4a49-a594-cacd4b776180@group-0C360FE707B6-LeaderElection5] INFO  server.RaftServerConfigKeys (ConfUtils.java:logGet(43)) - raft.server.write.element-limit = 4096 (default)
2019-11-05 08:23:46,670 [a8ae9c07-6d89-4a49-a594-cacd4b776180@group-0C360FE707B6-LeaderElection5] INFO  server.RaftServerConfigKeys (ConfUtils.java:logGet(43)) - raft.server.watch.timeout = 10s (default)
2019-11-05 08:23:46,671 [a8ae9c07-6d89-4a49-a594-cacd4b776180@group-0C360FE707B6-LeaderElection5] INFO  server.RaftServerConfigKeys (ConfUtils.java:logGet(43)) - raft.server.watch.timeout.denomination = 1s (default)
2019-11-05 08:23:46,672 [a8ae9c07-6d89-4a49-a594-cacd4b776180@group-0C360FE707B6-LeaderElection5] INFO  server.RaftServerConfigKeys (ConfUtils.java:logGet(43)) - raft.server.watch.element-limit = 65536 (default)
2019-11-05 08:23:46,674 [a8ae9c07-6d89-4a49-a594-cacd4b776180@group-0C360FE707B6-LeaderElection5] INFO  impl.RoleInfo (RoleInfo.java:updateAndGet(143)) - a8ae9c07-6d89-4a49-a594-cacd4b776180: start LeaderState
2019-11-05 08:23:46,674 [a8ae9c07-6d89-4a49-a594-cacd4b776180@group-0C360FE707B6-LeaderElection5] INFO  segmented.SegmentedRaftLogWorker (SegmentedRaftLogWorker.java:startLogSegment(385)) - a8ae9c07-6d89-4a49-a594-cacd4b776180@group-0C360FE707B6-SegmentedRaftLogWorker: Starting segment from index:0
2019-11-05 08:23:46,675 [a8ae9c07-6d89-4a49-a594-cacd4b776180@group-0C360FE707B6-LeaderElection5] INFO  impl.RaftServerImpl (ServerState.java:setRaftConf(357)) - a8ae9c07-6d89-4a49-a594-cacd4b776180@group-0C360FE707B6: set configuration 0: [a8ae9c07-6d89-4a49-a594-cacd4b776180:192.168.164.217:42719], old=null at 0
2019-11-05 08:23:46,717 [grpc-default-executor-0] INFO  impl.RaftServerProxy (RaftServerProxy.java:addNew(89)) - b3bb9051-8089-4c51-a999-81579e5913f2: addNew group-7007C91C52DE:[b3bb9051-8089-4c51-a999-81579e5913f2:192.168.164.217:36516] returns group-7007C91C52DE:java.util.concurrent.CompletableFuture@670af942[Not completed]
2019-11-05 08:23:46,722 [pool-67-thread-1] INFO  impl.RaftServerImpl (RaftServerImpl.java:<init>(104)) - b3bb9051-8089-4c51-a999-81579e5913f2: new RaftServerImpl for group-7007C91C52DE:[b3bb9051-8089-4c51-a999-81579e5913f2:192.168.164.217:36516] with ContainerStateMachine:uninitialized
2019-11-05 08:23:46,723 [pool-67-thread-1] INFO  server.RaftServerConfigKeys (ConfUtils.java:logGet(43)) - raft.server.rpc.timeout.min = 1s (custom)
2019-11-05 08:23:46,723 [pool-67-thread-1] INFO  server.RaftServerConfigKeys (ConfUtils.java:logGet(43)) - raft.server.rpc.timeout.max = 1200ms (custom)
2019-11-05 08:23:46,723 [pool-67-thread-1] INFO  server.RaftServerConfigKeys (ConfUtils.java:logGet(43)) - raft.server.rpcslowness.timeout = 120s (custom)
2019-11-05 08:23:46,723 [pool-67-thread-1] INFO  server.RaftServerConfigKeys (ConfUtils.java:logGet(43)) - raft.server.sleep.deviation.threshold = 300 (default)
2019-11-05 08:23:46,723 [pool-67-thread-1] INFO  server.RaftServerConfigKeys (ConfUtils.java:logGet(43)) - raft.server.log.appender.install.snapshot.enabled = false (custom)
2019-11-05 08:23:46,723 [pool-67-thread-1] INFO  impl.RaftServerImpl (ServerState.java:<init>(103)) - b3bb9051-8089-4c51-a999-81579e5913f2@group-7007C91C52DE: ConfigurationManager, init=-1: [b3bb9051-8089-4c51-a999-81579e5913f2:192.168.164.217:36516], old=null, confs=<EMPTY_MAP>
2019-11-05 08:23:46,724 [pool-67-thread-1] INFO  server.RaftServerConfigKeys (ConfUtils.java:logGet(43)) - raft.server.storage.dir = [/workdir/hadoop-ozone/integration-test/target/test-dir/MiniOzoneClusterImpl-0ddfd79e-5774-4abb-9b8b-55ac0c17dbc1/datanode-4/data/ratis] (custom)
2019-11-05 08:23:46,724 [pool-67-thread-1] INFO  server.RaftServerConfigKeys (ConfUtils.java:logGet(43)) - raft.server.log.corruption.policy = EXCEPTION (default)
2019-11-05 08:23:46,724 [pool-67-thread-1] INFO  storage.RaftStorageDirectory (RaftStorageDirectory.java:analyzeStorage(246)) - The storage directory /workdir/hadoop-ozone/integration-test/target/test-dir/MiniOzoneClusterImpl-0ddfd79e-5774-4abb-9b8b-55ac0c17dbc1/datanode-4/data/ratis/158d2d34-b18e-477b-9bca-7007c91c52de does not exist. Creating ...
2019-11-05 08:23:46,724 [a8ae9c07-6d89-4a49-a594-cacd4b776180@group-0C360FE707B6-SegmentedRaftLogWorker] INFO  segmented.SegmentedRaftLogWorker (SegmentedRaftLogWorker.java:execute(576)) - a8ae9c07-6d89-4a49-a594-cacd4b776180@group-0C360FE707B6-SegmentedRaftLogWorker: created new log segment /workdir/hadoop-ozone/integration-test/target/test-dir/MiniOzoneClusterImpl-0ddfd79e-5774-4abb-9b8b-55ac0c17dbc1/datanode-3/data/ratis/1adacd32-1716-4db1-be12-0c360fe707b6/current/log_inprogress_0
2019-11-05 08:23:46,738 [pool-67-thread-1] INFO  storage.RaftStorageDirectory (RaftStorageDirectory.java:tryLock(328)) - Lock on /workdir/hadoop-ozone/integration-test/target/test-dir/MiniOzoneClusterImpl-0ddfd79e-5774-4abb-9b8b-55ac0c17dbc1/datanode-4/data/ratis/158d2d34-b18e-477b-9bca-7007c91c52de/in_use.lock acquired by nodename 26210@pr-hdds-1643-8bmlk-2934350033
2019-11-05 08:23:46,752 [pool-67-thread-1] INFO  storage.RaftStorage (RaftStorage.java:format(84)) - Storage directory /workdir/hadoop-ozone/integration-test/target/test-dir/MiniOzoneClusterImpl-0ddfd79e-5774-4abb-9b8b-55ac0c17dbc1/datanode-4/data/ratis/158d2d34-b18e-477b-9bca-7007c91c52de has been successfully formatted.
2019-11-05 08:23:46,752 [pool-67-thread-1] INFO  ratis.ContainerStateMachine (ContainerStateMachine.java:loadSnapshot(231)) - group-7007C91C52DE: The snapshot info is null. Setting the last applied indexto:(t:0, i:~)
2019-11-05 08:23:46,752 [pool-67-thread-1] INFO  server.RaftServerConfigKeys (ConfUtils.java:logGet(43)) - raft.server.notification.no-leader.timeout = 120s (custom)
2019-11-05 08:23:46,752 [pool-67-thread-1] INFO  server.RaftServerConfigKeys (ConfUtils.java:logGet(43)) - raft.server.log.use.memory = false (default)
2019-11-05 08:23:46,753 [pool-67-thread-1] INFO  server.RaftServerConfigKeys (ConfUtils.java:logGet(43)) - raft.server.log.purge.gap = 1000000 (custom)
2019-11-05 08:23:46,753 [pool-67-thread-1] INFO  server.RaftServerConfigKeys (ConfUtils.java:logGet(43)) - raft.server.log.appender.buffer.byte-limit = 33554432 (custom)
2019-11-05 08:23:46,753 [pool-67-thread-1] INFO  server.RaftServerConfigKeys (ConfUtils.java:logGet(43)) - raft.server.log.segment.size.max = 1048576 (custom)
2019-11-05 08:23:46,760 [pool-67-thread-1] INFO  server.RaftServerConfigKeys (ConfUtils.java:logGet(43)) - raft.server.log.segment.cache.num.max = 2 (custom)
2019-11-05 08:23:46,760 [pool-67-thread-1] INFO  segmented.SegmentedRaftLogWorker (SegmentedRaftLogWorker.java:<init>(173)) - new b3bb9051-8089-4c51-a999-81579e5913f2@group-7007C91C52DE-SegmentedRaftLogWorker for RaftStorage:Storage Directory /workdir/hadoop-ozone/integration-test/target/test-dir/MiniOzoneClusterImpl-0ddfd79e-5774-4abb-9b8b-55ac0c17dbc1/datanode-4/data/ratis/158d2d34-b18e-477b-9bca-7007c91c52de
2019-11-05 08:23:46,760 [pool-67-thread-1] INFO  server.RaftServerConfigKeys (ConfUtils.java:logGet(43)) - raft.server.log.queue.byte-limit = 2147483647 (custom)
2019-11-05 08:23:46,761 [pool-67-thread-1] INFO  server.RaftServerConfigKeys (ConfUtils.java:logGet(43)) - raft.server.log.queue.element-limit = 1024 (custom)
2019-11-05 08:23:46,761 [pool-67-thread-1] INFO  server.RaftServerConfigKeys (ConfUtils.java:logGet(43)) - raft.server.log.segment.size.max = 1048576 (custom)
2019-11-05 08:23:46,761 [pool-67-thread-1] INFO  server.RaftServerConfigKeys (ConfUtils.java:logGet(43)) - raft.server.log.preallocated.size = 16384 (custom)
2019-11-05 08:23:46,761 [pool-67-thread-1] INFO  server.RaftServerConfigKeys (ConfUtils.java:logGet(43)) - raft.server.log.write.buffer.size = 33554432 (custom)
2019-11-05 08:23:46,761 [pool-67-thread-1] INFO  server.RaftServerConfigKeys (ConfUtils.java:logGet(43)) - raft.server.log.force.sync.num = 128 (default)
2019-11-05 08:23:46,761 [pool-67-thread-1] INFO  server.RaftServerConfigKeys (ConfUtils.java:logGet(43)) - raft.server.log.statemachine.data.sync = true (default)
2019-11-05 08:23:46,761 [pool-67-thread-1] INFO  server.RaftServerConfigKeys (ConfUtils.java:logGet(43)) - raft.server.log.statemachine.data.sync.timeout = 10s (default)
2019-11-05 08:23:46,762 [pool-67-thread-1] INFO  server.RaftServerConfigKeys (ConfUtils.java:logGet(43)) - raft.server.log.statemachine.data.sync.timeout.retry = -1 (default)
2019-11-05 08:23:46,762 [pool-67-thread-1] INFO  server.RaftServerConfigKeys (ConfUtils.java:logGet(43)) - raft.server.log.statemachine.data.caching.enabled = true (custom)
2019-11-05 08:23:46,763 [pool-67-thread-1] INFO  segmented.SegmentedRaftLogWorker (SegmentedRaftLogWorker.java:lambda$new$0(128)) - b3bb9051-8089-4c51-a999-81579e5913f2@group-7007C91C52DE-SegmentedRaftLogWorker: flushIndex: setUnconditionally 0 -> -1
2019-11-05 08:23:46,763 [pool-67-thread-1] INFO  server.RaftServerConfigKeys (ConfUtils.java:logGet(43)) - raft.server.snapshot.auto.trigger.enabled = true (custom)
2019-11-05 08:23:46,763 [pool-67-thread-1] INFO  server.RaftServerConfigKeys (ConfUtils.java:logGet(43)) - raft.server.snapshot.auto.trigger.threshold = 10000 (custom)
2019-11-05 08:23:46,763 [pool-67-thread-1] INFO  server.RaftServerConfigKeys (ConfUtils.java:logGet(43)) - raft.server.snapshot.retention.file.num = 5 (custom)
2019-11-05 08:23:46,764 [pool-67-thread-1] INFO  server.RaftServerConfigKeys (ConfUtils.java:logGet(43)) - raft.server.retrycache.expirytime = 600000ms (custom)
2019-11-05 08:23:46,768 [pool-67-thread-1] INFO  impl.RaftServerImpl (RaftServerImpl.java:start(195)) - b3bb9051-8089-4c51-a999-81579e5913f2@group-7007C91C52DE: start as a follower, conf=-1: [b3bb9051-8089-4c51-a999-81579e5913f2:192.168.164.217:36516], old=null
2019-11-05 08:23:46,768 [pool-67-thread-1] INFO  impl.RaftServerImpl (RaftServerImpl.java:setRole(184)) - b3bb9051-8089-4c51-a999-81579e5913f2@group-7007C91C52DE: changes role from      null to FOLLOWER at term 0 for startAsFollower
2019-11-05 08:23:46,769 [pool-67-thread-1] INFO  impl.RoleInfo (RoleInfo.java:updateAndGet(143)) - b3bb9051-8089-4c51-a999-81579e5913f2: start FollowerState
2019-11-05 08:23:46,769 [pool-67-thread-1] INFO  util.JmxRegister (JmxRegister.java:tryRegister(44)) - Successfully registered JMX Bean with object name Ratis:service=RaftServer,group=group-7007C91C52DE,id=b3bb9051-8089-4c51-a999-81579e5913f2
2019-11-05 08:23:46,787 [RatisPipelineUtilsThread] INFO  pipeline.PipelineStateManager (PipelineStateManager.java:addPipeline(56)) - Created pipeline Pipeline[ Id: 158d2d34-b18e-477b-9bca-7007c91c52de, Nodes: b3bb9051-8089-4c51-a999-81579e5913f2{ip: 192.168.164.217, host: pr-hdds-1643-8bmlk-2934350033, networkLocation: /default-rack, certSerialId: null}, Type:RATIS, Factor:ONE, State:OPEN]
2019-11-05 08:23:46,808 [main] INFO  ozone.MiniOzoneClusterImpl (MiniOzoneClusterImpl.java:lambda$waitForClusterToBeReady$0(147)) - Cluster is ready. Got 10 of 10 DN Heartbeats.
2019-11-05 08:23:46,814 [grpc-default-executor-0] INFO  impl.RaftServerProxy (RaftServerProxy.java:addNew(89)) - caafcba9-090a-41f5-a5f9-cba5a6a81e94: addNew group-E966CE950C78:[caafcba9-090a-41f5-a5f9-cba5a6a81e94:192.168.164.217:37197] returns group-E966CE950C78:java.util.concurrent.CompletableFuture@198dfb85[Not completed]
2019-11-05 08:23:46,820 [pool-47-thread-1] INFO  impl.RaftServerImpl (RaftServerImpl.java:<init>(104)) - caafcba9-090a-41f5-a5f9-cba5a6a81e94: new RaftServerImpl for group-E966CE950C78:[caafcba9-090a-41f5-a5f9-cba5a6a81e94:192.168.164.217:37197] with ContainerStateMachine:uninitialized
2019-11-05 08:23:46,820 [pool-47-thread-1] INFO  server.RaftServerConfigKeys (ConfUtils.java:logGet(43)) - raft.server.rpc.timeout.min = 1s (custom)
2019-11-05 08:23:46,820 [pool-47-thread-1] INFO  server.RaftServerConfigKeys (ConfUtils.java:logGet(43)) - raft.server.rpc.timeout.max = 1200ms (custom)
2019-11-05 08:23:46,820 [pool-47-thread-1] INFO  server.RaftServerConfigKeys (ConfUtils.java:logGet(43)) - raft.server.rpcslowness.timeout = 120s (custom)
2019-11-05 08:23:46,820 [pool-47-thread-1] INFO  server.RaftServerConfigKeys (ConfUtils.java:logGet(43)) - raft.server.sleep.deviation.threshold = 300 (default)
2019-11-05 08:23:46,820 [pool-47-thread-1] INFO  server.RaftServerConfigKeys (ConfUtils.java:logGet(43)) - raft.server.log.appender.install.snapshot.enabled = false (custom)
2019-11-05 08:23:46,820 [pool-47-thread-1] INFO  impl.RaftServerImpl (ServerState.java:<init>(103)) - caafcba9-090a-41f5-a5f9-cba5a6a81e94@group-E966CE950C78: ConfigurationManager, init=-1: [caafcba9-090a-41f5-a5f9-cba5a6a81e94:192.168.164.217:37197], old=null, confs=<EMPTY_MAP>
2019-11-05 08:23:46,821 [pool-47-thread-1] INFO  server.RaftServerConfigKeys (ConfUtils.java:logGet(43)) - raft.server.storage.dir = [/workdir/hadoop-ozone/integration-test/target/test-dir/MiniOzoneClusterImpl-0ddfd79e-5774-4abb-9b8b-55ac0c17dbc1/datanode-2/data/ratis] (custom)
2019-11-05 08:23:46,821 [pool-47-thread-1] INFO  server.RaftServerConfigKeys (ConfUtils.java:logGet(43)) - raft.server.log.corruption.policy = EXCEPTION (default)
2019-11-05 08:23:46,821 [pool-47-thread-1] INFO  storage.RaftStorageDirectory (RaftStorageDirectory.java:analyzeStorage(246)) - The storage directory /workdir/hadoop-ozone/integration-test/target/test-dir/MiniOzoneClusterImpl-0ddfd79e-5774-4abb-9b8b-55ac0c17dbc1/datanode-2/data/ratis/f512d8d4-e3e4-4777-b409-e966ce950c78 does not exist. Creating ...
2019-11-05 08:23:46,835 [pool-47-thread-1] INFO  storage.RaftStorageDirectory (RaftStorageDirectory.java:tryLock(328)) - Lock on /workdir/hadoop-ozone/integration-test/target/test-dir/MiniOzoneClusterImpl-0ddfd79e-5774-4abb-9b8b-55ac0c17dbc1/datanode-2/data/ratis/f512d8d4-e3e4-4777-b409-e966ce950c78/in_use.lock acquired by nodename 26210@pr-hdds-1643-8bmlk-2934350033
2019-11-05 08:23:46,848 [pool-47-thread-1] INFO  storage.RaftStorage (RaftStorage.java:format(84)) - Storage directory /workdir/hadoop-ozone/integration-test/target/test-dir/MiniOzoneClusterImpl-0ddfd79e-5774-4abb-9b8b-55ac0c17dbc1/datanode-2/data/ratis/f512d8d4-e3e4-4777-b409-e966ce950c78 has been successfully formatted.
2019-11-05 08:23:46,849 [pool-47-thread-1] INFO  ratis.ContainerStateMachine (ContainerStateMachine.java:loadSnapshot(231)) - group-E966CE950C78: The snapshot info is null. Setting the last applied indexto:(t:0, i:~)
2019-11-05 08:23:46,849 [pool-47-thread-1] INFO  server.RaftServerConfigKeys (ConfUtils.java:logGet(43)) - raft.server.notification.no-leader.timeout = 120s (custom)
2019-11-05 08:23:46,849 [pool-47-thread-1] INFO  server.RaftServerConfigKeys (ConfUtils.java:logGet(43)) - raft.server.log.use.memory = false (default)
2019-11-05 08:23:46,849 [pool-47-thread-1] INFO  server.RaftServerConfigKeys (ConfUtils.java:logGet(43)) - raft.server.log.purge.gap = 1000000 (custom)
2019-11-05 08:23:46,849 [pool-47-thread-1] INFO  server.RaftServerConfigKeys (ConfUtils.java:logGet(43)) - raft.server.log.appender.buffer.byte-limit = 33554432 (custom)
2019-11-05 08:23:46,849 [pool-47-thread-1] INFO  server.RaftServerConfigKeys (ConfUtils.java:logGet(43)) - raft.server.log.segment.size.max = 1048576 (custom)
2019-11-05 08:23:46,852 [pool-47-thread-1] INFO  server.RaftServerConfigKeys (ConfUtils.java:logGet(43)) - raft.server.log.segment.cache.num.max = 2 (custom)
2019-11-05 08:23:46,852 [pool-47-thread-1] INFO  segmented.SegmentedRaftLogWorker (SegmentedRaftLogWorker.java:<init>(173)) - new caafcba9-090a-41f5-a5f9-cba5a6a81e94@group-E966CE950C78-SegmentedRaftLogWorker for RaftStorage:Storage Directory /workdir/hadoop-ozone/integration-test/target/test-dir/MiniOzoneClusterImpl-0ddfd79e-5774-4abb-9b8b-55ac0c17dbc1/datanode-2/data/ratis/f512d8d4-e3e4-4777-b409-e966ce950c78
2019-11-05 08:23:46,852 [pool-47-thread-1] INFO  server.RaftServerConfigKeys (ConfUtils.java:logGet(43)) - raft.server.log.queue.byte-limit = 2147483647 (custom)
2019-11-05 08:23:46,852 [pool-47-thread-1] INFO  server.RaftServerConfigKeys (ConfUtils.java:logGet(43)) - raft.server.log.queue.element-limit = 1024 (custom)
2019-11-05 08:23:46,852 [pool-47-thread-1] INFO  server.RaftServerConfigKeys (ConfUtils.java:logGet(43)) - raft.server.log.segment.size.max = 1048576 (custom)
2019-11-05 08:23:46,853 [pool-47-thread-1] INFO  server.RaftServerConfigKeys (ConfUtils.java:logGet(43)) - raft.server.log.preallocated.size = 16384 (custom)
2019-11-05 08:23:46,853 [pool-47-thread-1] INFO  server.RaftServerConfigKeys (ConfUtils.java:logGet(43)) - raft.server.log.write.buffer.size = 33554432 (custom)
2019-11-05 08:23:46,853 [pool-47-thread-1] INFO  server.RaftServerConfigKeys (ConfUtils.java:logGet(43)) - raft.server.log.force.sync.num = 128 (default)
2019-11-05 08:23:46,853 [pool-47-thread-1] INFO  server.RaftServerConfigKeys (ConfUtils.java:logGet(43)) - raft.server.log.statemachine.data.sync = true (default)
2019-11-05 08:23:46,853 [pool-47-thread-1] INFO  server.RaftServerConfigKeys (ConfUtils.java:logGet(43)) - raft.server.log.statemachine.data.sync.timeout = 10s (default)
2019-11-05 08:23:46,853 [pool-47-thread-1] INFO  server.RaftServerConfigKeys (ConfUtils.java:logGet(43)) - raft.server.log.statemachine.data.sync.timeout.retry = -1 (default)
2019-11-05 08:23:46,854 [pool-47-thread-1] INFO  server.RaftServerConfigKeys (ConfUtils.java:logGet(43)) - raft.server.log.statemachine.data.caching.enabled = true (custom)
2019-11-05 08:23:46,854 [pool-47-thread-1] INFO  segmented.SegmentedRaftLogWorker (SegmentedRaftLogWorker.java:lambda$new$0(128)) - caafcba9-090a-41f5-a5f9-cba5a6a81e94@group-E966CE950C78-SegmentedRaftLogWorker: flushIndex: setUnconditionally 0 -> -1
2019-11-05 08:23:46,854 [pool-47-thread-1] INFO  server.RaftServerConfigKeys (ConfUtils.java:logGet(43)) - raft.server.snapshot.auto.trigger.enabled = true (custom)
2019-11-05 08:23:46,855 [pool-47-thread-1] INFO  server.RaftServerConfigKeys (ConfUtils.java:logGet(43)) - raft.server.snapshot.auto.trigger.threshold = 10000 (custom)
2019-11-05 08:23:46,855 [pool-47-thread-1] INFO  server.RaftServerConfigKeys (ConfUtils.java:logGet(43)) - raft.server.snapshot.retention.file.num = 5 (custom)
2019-11-05 08:23:46,855 [pool-47-thread-1] INFO  server.RaftServerConfigKeys (ConfUtils.java:logGet(43)) - raft.server.retrycache.expirytime = 600000ms (custom)
2019-11-05 08:23:46,859 [pool-47-thread-1] INFO  impl.RaftServerImpl (RaftServerImpl.java:start(195)) - caafcba9-090a-41f5-a5f9-cba5a6a81e94@group-E966CE950C78: start as a follower, conf=-1: [caafcba9-090a-41f5-a5f9-cba5a6a81e94:192.168.164.217:37197], old=null
2019-11-05 08:23:46,859 [pool-47-thread-1] INFO  impl.RaftServerImpl (RaftServerImpl.java:setRole(184)) - caafcba9-090a-41f5-a5f9-cba5a6a81e94@group-E966CE950C78: changes role from      null to FOLLOWER at term 0 for startAsFollower
2019-11-05 08:23:46,859 [pool-47-thread-1] INFO  impl.RoleInfo (RoleInfo.java:updateAndGet(143)) - caafcba9-090a-41f5-a5f9-cba5a6a81e94: start FollowerState
2019-11-05 08:23:46,859 [pool-47-thread-1] INFO  util.JmxRegister (JmxRegister.java:tryRegister(44)) - Successfully registered JMX Bean with object name Ratis:service=RaftServer,group=group-E966CE950C78,id=caafcba9-090a-41f5-a5f9-cba5a6a81e94
2019-11-05 08:23:46,884 [RatisPipelineUtilsThread] INFO  pipeline.PipelineStateManager (PipelineStateManager.java:addPipeline(56)) - Created pipeline Pipeline[ Id: f512d8d4-e3e4-4777-b409-e966ce950c78, Nodes: caafcba9-090a-41f5-a5f9-cba5a6a81e94{ip: 192.168.164.217, host: pr-hdds-1643-8bmlk-2934350033, networkLocation: /default-rack, certSerialId: null}, Type:RATIS, Factor:ONE, State:OPEN]
2019-11-05 08:23:46,904 [grpc-default-executor-0] INFO  impl.RaftServerProxy (RaftServerProxy.java:addNew(89)) - 7e1b84a9-a041-44fd-8008-f2679426984c: addNew group-FF8F6D821110:[7e1b84a9-a041-44fd-8008-f2679426984c:192.168.164.217:44149] returns group-FF8F6D821110:java.util.concurrent.CompletableFuture@ce68086[Not completed]
2019-11-05 08:23:46,917 [pool-117-thread-1] INFO  impl.RaftServerImpl (RaftServerImpl.java:<init>(104)) - 7e1b84a9-a041-44fd-8008-f2679426984c: new RaftServerImpl for group-FF8F6D821110:[7e1b84a9-a041-44fd-8008-f2679426984c:192.168.164.217:44149] with ContainerStateMachine:uninitialized
2019-11-05 08:23:46,919 [pool-117-thread-1] INFO  server.RaftServerConfigKeys (ConfUtils.java:logGet(43)) - raft.server.rpc.timeout.min = 1s (custom)
2019-11-05 08:23:46,919 [pool-117-thread-1] INFO  server.RaftServerConfigKeys (ConfUtils.java:logGet(43)) - raft.server.rpc.timeout.max = 1200ms (custom)
2019-11-05 08:23:46,920 [pool-117-thread-1] INFO  server.RaftServerConfigKeys (ConfUtils.java:logGet(43)) - raft.server.rpcslowness.timeout = 120s (custom)
2019-11-05 08:23:46,920 [pool-117-thread-1] INFO  server.RaftServerConfigKeys (ConfUtils.java:logGet(43)) - raft.server.sleep.deviation.threshold = 300 (default)
2019-11-05 08:23:46,920 [pool-117-thread-1] INFO  server.RaftServerConfigKeys (ConfUtils.java:logGet(43)) - raft.server.log.appender.install.snapshot.enabled = false (custom)
2019-11-05 08:23:46,920 [pool-117-thread-1] INFO  impl.RaftServerImpl (ServerState.java:<init>(103)) - 7e1b84a9-a041-44fd-8008-f2679426984c@group-FF8F6D821110: ConfigurationManager, init=-1: [7e1b84a9-a041-44fd-8008-f2679426984c:192.168.164.217:44149], old=null, confs=<EMPTY_MAP>
2019-11-05 08:23:46,920 [pool-117-thread-1] INFO  server.RaftServerConfigKeys (ConfUtils.java:logGet(43)) - raft.server.storage.dir = [/workdir/hadoop-ozone/integration-test/target/test-dir/MiniOzoneClusterImpl-0ddfd79e-5774-4abb-9b8b-55ac0c17dbc1/datanode-9/data/ratis] (custom)
2019-11-05 08:23:46,921 [pool-117-thread-1] INFO  server.RaftServerConfigKeys (ConfUtils.java:logGet(43)) - raft.server.log.corruption.policy = EXCEPTION (default)
2019-11-05 08:23:46,921 [pool-117-thread-1] INFO  storage.RaftStorageDirectory (RaftStorageDirectory.java:analyzeStorage(246)) - The storage directory /workdir/hadoop-ozone/integration-test/target/test-dir/MiniOzoneClusterImpl-0ddfd79e-5774-4abb-9b8b-55ac0c17dbc1/datanode-9/data/ratis/b8c710b7-b775-46a9-b23b-ff8f6d821110 does not exist. Creating ...
2019-11-05 08:23:46,924 [Thread-313] INFO  impl.FollowerState (FollowerState.java:run(108)) - caafcba9-090a-41f5-a5f9-cba5a6a81e94@group-E966CE950C78-FollowerState: change to CANDIDATE, lastRpcTime:65ms, electionTimeout:63ms
2019-11-05 08:23:46,925 [Thread-313] INFO  impl.RoleInfo (RoleInfo.java:shutdownFollowerState(121)) - caafcba9-090a-41f5-a5f9-cba5a6a81e94: shutdown FollowerState
2019-11-05 08:23:46,925 [Thread-313] INFO  impl.RaftServerImpl (RaftServerImpl.java:setRole(184)) - caafcba9-090a-41f5-a5f9-cba5a6a81e94@group-E966CE950C78: changes role from  FOLLOWER to CANDIDATE at term 0 for changeToCandidate
2019-11-05 08:23:46,925 [Thread-313] INFO  impl.RoleInfo (RoleInfo.java:updateAndGet(143)) - caafcba9-090a-41f5-a5f9-cba5a6a81e94: start LeaderElection
2019-11-05 08:23:46,935 [pool-117-thread-1] INFO  storage.RaftStorageDirectory (RaftStorageDirectory.java:tryLock(328)) - Lock on /workdir/hadoop-ozone/integration-test/target/test-dir/MiniOzoneClusterImpl-0ddfd79e-5774-4abb-9b8b-55ac0c17dbc1/datanode-9/data/ratis/b8c710b7-b775-46a9-b23b-ff8f6d821110/in_use.lock acquired by nodename 26210@pr-hdds-1643-8bmlk-2934350033
2019-11-05 08:23:46,935 [caafcba9-090a-41f5-a5f9-cba5a6a81e94@group-E966CE950C78-LeaderElection6] INFO  impl.LeaderElection (LeaderElection.java:askForVotes(178)) - caafcba9-090a-41f5-a5f9-cba5a6a81e94@group-E966CE950C78-LeaderElection6: begin an election at term 1 for -1: [caafcba9-090a-41f5-a5f9-cba5a6a81e94:192.168.164.217:37197], old=null
2019-11-05 08:23:46,935 [caafcba9-090a-41f5-a5f9-cba5a6a81e94@group-E966CE950C78-LeaderElection6] INFO  impl.RoleInfo (RoleInfo.java:shutdownLeaderElection(134)) - caafcba9-090a-41f5-a5f9-cba5a6a81e94: shutdown LeaderElection
2019-11-05 08:23:46,935 [caafcba9-090a-41f5-a5f9-cba5a6a81e94@group-E966CE950C78-LeaderElection6] INFO  impl.RaftServerImpl (RaftServerImpl.java:setRole(184)) - caafcba9-090a-41f5-a5f9-cba5a6a81e94@group-E966CE950C78: changes role from CANDIDATE to LEADER at term 1 for changeToLeader
2019-11-05 08:23:46,936 [caafcba9-090a-41f5-a5f9-cba5a6a81e94@group-E966CE950C78-LeaderElection6] INFO  impl.RaftServerImpl (ServerState.java:setLeader(256)) - caafcba9-090a-41f5-a5f9-cba5a6a81e94@group-E966CE950C78: change Leader from null to caafcba9-090a-41f5-a5f9-cba5a6a81e94 at term 1 for becomeLeader, leader elected after 86ms
2019-11-05 08:23:46,936 [caafcba9-090a-41f5-a5f9-cba5a6a81e94@group-E966CE950C78-LeaderElection6] INFO  server.RaftServerConfigKeys (ConfUtils.java:logGet(43)) - raft.server.staging.catchup.gap = 1000 (default)
2019-11-05 08:23:46,936 [caafcba9-090a-41f5-a5f9-cba5a6a81e94@group-E966CE950C78-LeaderElection6] INFO  server.RaftServerConfigKeys (ConfUtils.java:logGet(43)) - raft.server.rpc.sleep.time = 25ms (default)
2019-11-05 08:23:46,936 [caafcba9-090a-41f5-a5f9-cba5a6a81e94@group-E966CE950C78-LeaderElection6] INFO  server.RaftServerConfigKeys (ConfUtils.java:logGet(43)) - raft.server.write.element-limit = 4096 (default)
2019-11-05 08:23:46,936 [caafcba9-090a-41f5-a5f9-cba5a6a81e94@group-E966CE950C78-LeaderElection6] INFO  server.RaftServerConfigKeys (ConfUtils.java:logGet(43)) - raft.server.watch.timeout = 10s (default)
2019-11-05 08:23:46,937 [caafcba9-090a-41f5-a5f9-cba5a6a81e94@group-E966CE950C78-LeaderElection6] INFO  server.RaftServerConfigKeys (ConfUtils.java:logGet(43)) - raft.server.watch.timeout.denomination = 1s (default)
2019-11-05 08:23:46,937 [caafcba9-090a-41f5-a5f9-cba5a6a81e94@group-E966CE950C78-LeaderElection6] INFO  server.RaftServerConfigKeys (ConfUtils.java:logGet(43)) - raft.server.watch.element-limit = 65536 (default)
2019-11-05 08:23:46,940 [caafcba9-090a-41f5-a5f9-cba5a6a81e94@group-E966CE950C78-LeaderElection6] INFO  impl.RoleInfo (RoleInfo.java:updateAndGet(143)) - caafcba9-090a-41f5-a5f9-cba5a6a81e94: start LeaderState
2019-11-05 08:23:46,940 [caafcba9-090a-41f5-a5f9-cba5a6a81e94@group-E966CE950C78-LeaderElection6] INFO  segmented.SegmentedRaftLogWorker (SegmentedRaftLogWorker.java:startLogSegment(385)) - caafcba9-090a-41f5-a5f9-cba5a6a81e94@group-E966CE950C78-SegmentedRaftLogWorker: Starting segment from index:0
2019-11-05 08:23:46,941 [caafcba9-090a-41f5-a5f9-cba5a6a81e94@group-E966CE950C78-LeaderElection6] INFO  impl.RaftServerImpl (ServerState.java:setRaftConf(357)) - caafcba9-090a-41f5-a5f9-cba5a6a81e94@group-E966CE950C78: set configuration 0: [caafcba9-090a-41f5-a5f9-cba5a6a81e94:192.168.164.217:37197], old=null at 0
2019-11-05 08:23:46,979 [pool-117-thread-1] INFO  storage.RaftStorage (RaftStorage.java:format(84)) - Storage directory /workdir/hadoop-ozone/integration-test/target/test-dir/MiniOzoneClusterImpl-0ddfd79e-5774-4abb-9b8b-55ac0c17dbc1/datanode-9/data/ratis/b8c710b7-b775-46a9-b23b-ff8f6d821110 has been successfully formatted.
2019-11-05 08:23:46,979 [Thread-310] INFO  impl.FollowerState (FollowerState.java:run(108)) - b3bb9051-8089-4c51-a999-81579e5913f2@group-7007C91C52DE-FollowerState: change to CANDIDATE, lastRpcTime:210ms, electionTimeout:177ms
2019-11-05 08:23:46,979 [pool-117-thread-1] INFO  ratis.ContainerStateMachine (ContainerStateMachine.java:loadSnapshot(231)) - group-FF8F6D821110: The snapshot info is null. Setting the last applied indexto:(t:0, i:~)
2019-11-05 08:23:46,979 [Thread-310] INFO  impl.RoleInfo (RoleInfo.java:shutdownFollowerState(121)) - b3bb9051-8089-4c51-a999-81579e5913f2: shutdown FollowerState
2019-11-05 08:23:46,979 [pool-117-thread-1] INFO  server.RaftServerConfigKeys (ConfUtils.java:logGet(43)) - raft.server.notification.no-leader.timeout = 120s (custom)
2019-11-05 08:23:46,979 [Thread-310] INFO  impl.RaftServerImpl (RaftServerImpl.java:setRole(184)) - b3bb9051-8089-4c51-a999-81579e5913f2@group-7007C91C52DE: changes role from  FOLLOWER to CANDIDATE at term 0 for changeToCandidate
2019-11-05 08:23:46,980 [pool-117-thread-1] INFO  server.RaftServerConfigKeys (ConfUtils.java:logGet(43)) - raft.server.log.use.memory = false (default)
2019-11-05 08:23:46,980 [Thread-310] INFO  impl.RoleInfo (RoleInfo.java:updateAndGet(143)) - b3bb9051-8089-4c51-a999-81579e5913f2: start LeaderElection
2019-11-05 08:23:46,980 [pool-117-thread-1] INFO  server.RaftServerConfigKeys (ConfUtils.java:logGet(43)) - raft.server.log.purge.gap = 1000000 (custom)
2019-11-05 08:23:46,980 [pool-117-thread-1] INFO  server.RaftServerConfigKeys (ConfUtils.java:logGet(43)) - raft.server.log.appender.buffer.byte-limit = 33554432 (custom)
2019-11-05 08:23:46,983 [pool-117-thread-1] INFO  server.RaftServerConfigKeys (ConfUtils.java:logGet(43)) - raft.server.log.segment.size.max = 1048576 (custom)
2019-11-05 08:23:46,990 [pool-117-thread-1] INFO  server.RaftServerConfigKeys (ConfUtils.java:logGet(43)) - raft.server.log.segment.cache.num.max = 2 (custom)
2019-11-05 08:23:46,990 [pool-117-thread-1] INFO  segmented.SegmentedRaftLogWorker (SegmentedRaftLogWorker.java:<init>(173)) - new 7e1b84a9-a041-44fd-8008-f2679426984c@group-FF8F6D821110-SegmentedRaftLogWorker for RaftStorage:Storage Directory /workdir/hadoop-ozone/integration-test/target/test-dir/MiniOzoneClusterImpl-0ddfd79e-5774-4abb-9b8b-55ac0c17dbc1/datanode-9/data/ratis/b8c710b7-b775-46a9-b23b-ff8f6d821110
2019-11-05 08:23:46,990 [pool-117-thread-1] INFO  server.RaftServerConfigKeys (ConfUtils.java:logGet(43)) - raft.server.log.queue.byte-limit = 2147483647 (custom)
2019-11-05 08:23:46,990 [pool-117-thread-1] INFO  server.RaftServerConfigKeys (ConfUtils.java:logGet(43)) - raft.server.log.queue.element-limit = 1024 (custom)
2019-11-05 08:23:46,990 [pool-117-thread-1] INFO  server.RaftServerConfigKeys (ConfUtils.java:logGet(43)) - raft.server.log.segment.size.max = 1048576 (custom)
2019-11-05 08:23:46,991 [pool-117-thread-1] INFO  server.RaftServerConfigKeys (ConfUtils.java:logGet(43)) - raft.server.log.preallocated.size = 16384 (custom)
2019-11-05 08:23:46,991 [pool-117-thread-1] INFO  server.RaftServerConfigKeys (ConfUtils.java:logGet(43)) - raft.server.log.write.buffer.size = 33554432 (custom)
2019-11-05 08:23:46,991 [pool-117-thread-1] INFO  server.RaftServerConfigKeys (ConfUtils.java:logGet(43)) - raft.server.log.force.sync.num = 128 (default)
2019-11-05 08:23:46,991 [pool-117-thread-1] INFO  server.RaftServerConfigKeys (ConfUtils.java:logGet(43)) - raft.server.log.statemachine.data.sync = true (default)
2019-11-05 08:23:46,991 [pool-117-thread-1] INFO  server.RaftServerConfigKeys (ConfUtils.java:logGet(43)) - raft.server.log.statemachine.data.sync.timeout = 10s (default)
2019-11-05 08:23:46,991 [pool-117-thread-1] INFO  server.RaftServerConfigKeys (ConfUtils.java:logGet(43)) - raft.server.log.statemachine.data.sync.timeout.retry = -1 (default)
2019-11-05 08:23:46,992 [caafcba9-090a-41f5-a5f9-cba5a6a81e94@group-E966CE950C78-SegmentedRaftLogWorker] INFO  segmented.SegmentedRaftLogWorker (SegmentedRaftLogWorker.java:execute(576)) - caafcba9-090a-41f5-a5f9-cba5a6a81e94@group-E966CE950C78-SegmentedRaftLogWorker: created new log segment /workdir/hadoop-ozone/integration-test/target/test-dir/MiniOzoneClusterImpl-0ddfd79e-5774-4abb-9b8b-55ac0c17dbc1/datanode-2/data/ratis/f512d8d4-e3e4-4777-b409-e966ce950c78/current/log_inprogress_0
2019-11-05 08:23:46,992 [b3bb9051-8089-4c51-a999-81579e5913f2@group-7007C91C52DE-LeaderElection7] INFO  impl.LeaderElection (LeaderElection.java:askForVotes(178)) - b3bb9051-8089-4c51-a999-81579e5913f2@group-7007C91C52DE-LeaderElection7: begin an election at term 1 for -1: [b3bb9051-8089-4c51-a999-81579e5913f2:192.168.164.217:36516], old=null
2019-11-05 08:23:46,992 [b3bb9051-8089-4c51-a999-81579e5913f2@group-7007C91C52DE-LeaderElection7] INFO  impl.RoleInfo (RoleInfo.java:shutdownLeaderElection(134)) - b3bb9051-8089-4c51-a999-81579e5913f2: shutdown LeaderElection
2019-11-05 08:23:46,992 [pool-117-thread-1] INFO  server.RaftServerConfigKeys (ConfUtils.java:logGet(43)) - raft.server.log.statemachine.data.caching.enabled = true (custom)
2019-11-05 08:23:46,992 [b3bb9051-8089-4c51-a999-81579e5913f2@group-7007C91C52DE-LeaderElection7] INFO  impl.RaftServerImpl (RaftServerImpl.java:setRole(184)) - b3bb9051-8089-4c51-a999-81579e5913f2@group-7007C91C52DE: changes role from CANDIDATE to LEADER at term 1 for changeToLeader
2019-11-05 08:23:46,992 [b3bb9051-8089-4c51-a999-81579e5913f2@group-7007C91C52DE-LeaderElection7] INFO  impl.RaftServerImpl (ServerState.java:setLeader(256)) - b3bb9051-8089-4c51-a999-81579e5913f2@group-7007C91C52DE: change Leader from null to b3bb9051-8089-4c51-a999-81579e5913f2 at term 1 for becomeLeader, leader elected after 240ms
2019-11-05 08:23:46,992 [pool-117-thread-1] INFO  segmented.SegmentedRaftLogWorker (SegmentedRaftLogWorker.java:lambda$new$0(128)) - 7e1b84a9-a041-44fd-8008-f2679426984c@group-FF8F6D821110-SegmentedRaftLogWorker: flushIndex: setUnconditionally 0 -> -1
2019-11-05 08:23:46,993 [b3bb9051-8089-4c51-a999-81579e5913f2@group-7007C91C52DE-LeaderElection7] INFO  server.RaftServerConfigKeys (ConfUtils.java:logGet(43)) - raft.server.staging.catchup.gap = 1000 (default)
2019-11-05 08:23:46,993 [b3bb9051-8089-4c51-a999-81579e5913f2@group-7007C91C52DE-LeaderElection7] INFO  server.RaftServerConfigKeys (ConfUtils.java:logGet(43)) - raft.server.rpc.sleep.time = 25ms (default)
2019-11-05 08:23:46,993 [pool-117-thread-1] INFO  server.RaftServerConfigKeys (ConfUtils.java:logGet(43)) - raft.server.snapshot.auto.trigger.enabled = true (custom)
2019-11-05 08:23:46,993 [b3bb9051-8089-4c51-a999-81579e5913f2@group-7007C91C52DE-LeaderElection7] INFO  server.RaftServerConfigKeys (ConfUtils.java:logGet(43)) - raft.server.write.element-limit = 4096 (default)
2019-11-05 08:23:46,993 [pool-117-thread-1] INFO  server.RaftServerConfigKeys (ConfUtils.java:logGet(43)) - raft.server.snapshot.auto.trigger.threshold = 10000 (custom)
2019-11-05 08:23:46,993 [b3bb9051-8089-4c51-a999-81579e5913f2@group-7007C91C52DE-LeaderElection7] INFO  server.RaftServerConfigKeys (ConfUtils.java:logGet(43)) - raft.server.watch.timeout = 10s (default)
2019-11-05 08:23:46,993 [pool-117-thread-1] INFO  server.RaftServerConfigKeys (ConfUtils.java:logGet(43)) - raft.server.snapshot.retention.file.num = 5 (custom)
2019-11-05 08:23:46,994 [b3bb9051-8089-4c51-a999-81579e5913f2@group-7007C91C52DE-LeaderElection7] INFO  server.RaftServerConfigKeys (ConfUtils.java:logGet(43)) - raft.server.watch.timeout.denomination = 1s (default)
2019-11-05 08:23:46,994 [pool-117-thread-1] INFO  server.RaftServerConfigKeys (ConfUtils.java:logGet(43)) - raft.server.retrycache.expirytime = 600000ms (custom)
2019-11-05 08:23:46,994 [b3bb9051-8089-4c51-a999-81579e5913f2@group-7007C91C52DE-LeaderElection7] INFO  server.RaftServerConfigKeys (ConfUtils.java:logGet(43)) - raft.server.watch.element-limit = 65536 (default)
2019-11-05 08:23:46,998 [b3bb9051-8089-4c51-a999-81579e5913f2@group-7007C91C52DE-LeaderElection7] INFO  impl.RoleInfo (RoleInfo.java:updateAndGet(143)) - b3bb9051-8089-4c51-a999-81579e5913f2: start LeaderState
2019-11-05 08:23:46,999 [b3bb9051-8089-4c51-a999-81579e5913f2@group-7007C91C52DE-LeaderElection7] INFO  segmented.SegmentedRaftLogWorker (SegmentedRaftLogWorker.java:startLogSegment(385)) - b3bb9051-8089-4c51-a999-81579e5913f2@group-7007C91C52DE-SegmentedRaftLogWorker: Starting segment from index:0
2019-11-05 08:23:47,000 [b3bb9051-8089-4c51-a999-81579e5913f2@group-7007C91C52DE-LeaderElection7] INFO  impl.RaftServerImpl (ServerState.java:setRaftConf(357)) - b3bb9051-8089-4c51-a999-81579e5913f2@group-7007C91C52DE: set configuration 0: [b3bb9051-8089-4c51-a999-81579e5913f2:192.168.164.217:36516], old=null at 0
2019-11-05 08:23:47,037 [pool-117-thread-1] INFO  impl.RaftServerImpl (RaftServerImpl.java:start(195)) - 7e1b84a9-a041-44fd-8008-f2679426984c@group-FF8F6D821110: start as a follower, conf=-1: [7e1b84a9-a041-44fd-8008-f2679426984c:192.168.164.217:44149], old=null
2019-11-05 08:23:47,037 [pool-117-thread-1] INFO  impl.RaftServerImpl (RaftServerImpl.java:setRole(184)) - 7e1b84a9-a041-44fd-8008-f2679426984c@group-FF8F6D821110: changes role from      null to FOLLOWER at term 0 for startAsFollower
2019-11-05 08:23:47,037 [pool-117-thread-1] INFO  impl.RoleInfo (RoleInfo.java:updateAndGet(143)) - 7e1b84a9-a041-44fd-8008-f2679426984c: start FollowerState
2019-11-05 08:23:47,038 [pool-117-thread-1] INFO  util.JmxRegister (JmxRegister.java:tryRegister(44)) - Successfully registered JMX Bean with object name Ratis:service=RaftServer,group=group-FF8F6D821110,id=7e1b84a9-a041-44fd-8008-f2679426984c
2019-11-05 08:23:47,051 [b3bb9051-8089-4c51-a999-81579e5913f2@group-7007C91C52DE-SegmentedRaftLogWorker] INFO  segmented.SegmentedRaftLogWorker (SegmentedRaftLogWorker.java:execute(576)) - b3bb9051-8089-4c51-a999-81579e5913f2@group-7007C91C52DE-SegmentedRaftLogWorker: created new log segment /workdir/hadoop-ozone/integration-test/target/test-dir/MiniOzoneClusterImpl-0ddfd79e-5774-4abb-9b8b-55ac0c17dbc1/datanode-4/data/ratis/158d2d34-b18e-477b-9bca-7007c91c52de/current/log_inprogress_0
2019-11-05 08:23:47,061 [RatisPipelineUtilsThread] INFO  pipeline.PipelineStateManager (PipelineStateManager.java:addPipeline(56)) - Created pipeline Pipeline[ Id: b8c710b7-b775-46a9-b23b-ff8f6d821110, Nodes: 7e1b84a9-a041-44fd-8008-f2679426984c{ip: 192.168.164.217, host: pr-hdds-1643-8bmlk-2934350033, networkLocation: /default-rack, certSerialId: null}, Type:RATIS, Factor:ONE, State:OPEN]
2019-11-05 08:23:47,067 [Thread-320] INFO  impl.FollowerState (FollowerState.java:run(108)) - 7e1b84a9-a041-44fd-8008-f2679426984c@group-FF8F6D821110-FollowerState: change to CANDIDATE, lastRpcTime:29ms, electionTimeout:29ms
2019-11-05 08:23:47,067 [Thread-320] INFO  impl.RoleInfo (RoleInfo.java:shutdownFollowerState(121)) - 7e1b84a9-a041-44fd-8008-f2679426984c: shutdown FollowerState
2019-11-05 08:23:47,067 [Thread-320] INFO  impl.RaftServerImpl (RaftServerImpl.java:setRole(184)) - 7e1b84a9-a041-44fd-8008-f2679426984c@group-FF8F6D821110: changes role from  FOLLOWER to CANDIDATE at term 0 for changeToCandidate
2019-11-05 08:23:47,069 [Thread-320] INFO  impl.RoleInfo (RoleInfo.java:updateAndGet(143)) - 7e1b84a9-a041-44fd-8008-f2679426984c: start LeaderElection
2019-11-05 08:23:47,085 [grpc-default-executor-0] INFO  impl.RaftServerProxy (RaftServerProxy.java:addNew(89)) - 4a682f4f-c3f2-4b77-88b7-f0ab78890feb: addNew group-BC4C2997BE07:[4a682f4f-c3f2-4b77-88b7-f0ab78890feb:192.168.164.217:34174] returns group-BC4C2997BE07:java.util.concurrent.CompletableFuture@d7e532d[Not completed]
2019-11-05 08:23:47,094 [7e1b84a9-a041-44fd-8008-f2679426984c@group-FF8F6D821110-LeaderElection8] INFO  impl.LeaderElection (LeaderElection.java:askForVotes(178)) - 7e1b84a9-a041-44fd-8008-f2679426984c@group-FF8F6D821110-LeaderElection8: begin an election at term 1 for -1: [7e1b84a9-a041-44fd-8008-f2679426984c:192.168.164.217:44149], old=null
2019-11-05 08:23:47,094 [7e1b84a9-a041-44fd-8008-f2679426984c@group-FF8F6D821110-LeaderElection8] INFO  impl.RoleInfo (RoleInfo.java:shutdownLeaderElection(134)) - 7e1b84a9-a041-44fd-8008-f2679426984c: shutdown LeaderElection
2019-11-05 08:23:47,094 [7e1b84a9-a041-44fd-8008-f2679426984c@group-FF8F6D821110-LeaderElection8] INFO  impl.RaftServerImpl (RaftServerImpl.java:setRole(184)) - 7e1b84a9-a041-44fd-8008-f2679426984c@group-FF8F6D821110: changes role from CANDIDATE to LEADER at term 1 for changeToLeader
2019-11-05 08:23:47,094 [7e1b84a9-a041-44fd-8008-f2679426984c@group-FF8F6D821110-LeaderElection8] INFO  impl.RaftServerImpl (ServerState.java:setLeader(256)) - 7e1b84a9-a041-44fd-8008-f2679426984c@group-FF8F6D821110: change Leader from null to 7e1b84a9-a041-44fd-8008-f2679426984c at term 1 for becomeLeader, leader elected after 114ms
2019-11-05 08:23:47,094 [7e1b84a9-a041-44fd-8008-f2679426984c@group-FF8F6D821110-LeaderElection8] INFO  server.RaftServerConfigKeys (ConfUtils.java:logGet(43)) - raft.server.staging.catchup.gap = 1000 (default)
2019-11-05 08:23:47,095 [7e1b84a9-a041-44fd-8008-f2679426984c@group-FF8F6D821110-LeaderElection8] INFO  server.RaftServerConfigKeys (ConfUtils.java:logGet(43)) - raft.server.rpc.sleep.time = 25ms (default)
2019-11-05 08:23:47,095 [7e1b84a9-a041-44fd-8008-f2679426984c@group-FF8F6D821110-LeaderElection8] INFO  server.RaftServerConfigKeys (ConfUtils.java:logGet(43)) - raft.server.write.element-limit = 4096 (default)
2019-11-05 08:23:47,095 [7e1b84a9-a041-44fd-8008-f2679426984c@group-FF8F6D821110-LeaderElection8] INFO  server.RaftServerConfigKeys (ConfUtils.java:logGet(43)) - raft.server.watch.timeout = 10s (default)
2019-11-05 08:23:47,095 [7e1b84a9-a041-44fd-8008-f2679426984c@group-FF8F6D821110-LeaderElection8] INFO  server.RaftServerConfigKeys (ConfUtils.java:logGet(43)) - raft.server.watch.timeout.denomination = 1s (default)
2019-11-05 08:23:47,095 [7e1b84a9-a041-44fd-8008-f2679426984c@group-FF8F6D821110-LeaderElection8] INFO  server.RaftServerConfigKeys (ConfUtils.java:logGet(43)) - raft.server.watch.element-limit = 65536 (default)
2019-11-05 08:23:47,096 [pool-37-thread-1] INFO  impl.RaftServerImpl (RaftServerImpl.java:<init>(104)) - 4a682f4f-c3f2-4b77-88b7-f0ab78890feb: new RaftServerImpl for group-BC4C2997BE07:[4a682f4f-c3f2-4b77-88b7-f0ab78890feb:192.168.164.217:34174] with ContainerStateMachine:uninitialized
2019-11-05 08:23:47,096 [pool-37-thread-1] INFO  server.RaftServerConfigKeys (ConfUtils.java:logGet(43)) - raft.server.rpc.timeout.min = 1s (custom)
2019-11-05 08:23:47,096 [pool-37-thread-1] INFO  server.RaftServerConfigKeys (ConfUtils.java:logGet(43)) - raft.server.rpc.timeout.max = 1200ms (custom)
2019-11-05 08:23:47,096 [pool-37-thread-1] INFO  server.RaftServerConfigKeys (ConfUtils.java:logGet(43)) - raft.server.rpcslowness.timeout = 120s (custom)
2019-11-05 08:23:47,096 [pool-37-thread-1] INFO  server.RaftServerConfigKeys (ConfUtils.java:logGet(43)) - raft.server.sleep.deviation.threshold = 300 (default)
2019-11-05 08:23:47,096 [pool-37-thread-1] INFO  server.RaftServerConfigKeys (ConfUtils.java:logGet(43)) - raft.server.log.appender.install.snapshot.enabled = false (custom)
2019-11-05 08:23:47,097 [pool-37-thread-1] INFO  impl.RaftServerImpl (ServerState.java:<init>(103)) - 4a682f4f-c3f2-4b77-88b7-f0ab78890feb@group-BC4C2997BE07: ConfigurationManager, init=-1: [4a682f4f-c3f2-4b77-88b7-f0ab78890feb:192.168.164.217:34174], old=null, confs=<EMPTY_MAP>
2019-11-05 08:23:47,097 [pool-37-thread-1] INFO  server.RaftServerConfigKeys (ConfUtils.java:logGet(43)) - raft.server.storage.dir = [/workdir/hadoop-ozone/integration-test/target/test-dir/MiniOzoneClusterImpl-0ddfd79e-5774-4abb-9b8b-55ac0c17dbc1/datanode-1/data/ratis] (custom)
2019-11-05 08:23:47,097 [pool-37-thread-1] INFO  server.RaftServerConfigKeys (ConfUtils.java:logGet(43)) - raft.server.log.corruption.policy = EXCEPTION (default)
2019-11-05 08:23:47,097 [pool-37-thread-1] INFO  storage.RaftStorageDirectory (RaftStorageDirectory.java:analyzeStorage(246)) - The storage directory /workdir/hadoop-ozone/integration-test/target/test-dir/MiniOzoneClusterImpl-0ddfd79e-5774-4abb-9b8b-55ac0c17dbc1/datanode-1/data/ratis/24dca762-d79a-4ee3-a790-bc4c2997be07 does not exist. Creating ...
2019-11-05 08:23:47,098 [7e1b84a9-a041-44fd-8008-f2679426984c@group-FF8F6D821110-LeaderElection8] INFO  impl.RoleInfo (RoleInfo.java:updateAndGet(143)) - 7e1b84a9-a041-44fd-8008-f2679426984c: start LeaderState
2019-11-05 08:23:47,099 [7e1b84a9-a041-44fd-8008-f2679426984c@group-FF8F6D821110-LeaderElection8] INFO  segmented.SegmentedRaftLogWorker (SegmentedRaftLogWorker.java:startLogSegment(385)) - 7e1b84a9-a041-44fd-8008-f2679426984c@group-FF8F6D821110-SegmentedRaftLogWorker: Starting segment from index:0
2019-11-05 08:23:47,100 [7e1b84a9-a041-44fd-8008-f2679426984c@group-FF8F6D821110-LeaderElection8] INFO  impl.RaftServerImpl (ServerState.java:setRaftConf(357)) - 7e1b84a9-a041-44fd-8008-f2679426984c@group-FF8F6D821110: set configuration 0: [7e1b84a9-a041-44fd-8008-f2679426984c:192.168.164.217:44149], old=null at 0
2019-11-05 08:23:47,141 [pool-37-thread-1] INFO  storage.RaftStorageDirectory (RaftStorageDirectory.java:tryLock(328)) - Lock on /workdir/hadoop-ozone/integration-test/target/test-dir/MiniOzoneClusterImpl-0ddfd79e-5774-4abb-9b8b-55ac0c17dbc1/datanode-1/data/ratis/24dca762-d79a-4ee3-a790-bc4c2997be07/in_use.lock acquired by nodename 26210@pr-hdds-1643-8bmlk-2934350033
2019-11-05 08:23:47,154 [pool-37-thread-1] INFO  storage.RaftStorage (RaftStorage.java:format(84)) - Storage directory /workdir/hadoop-ozone/integration-test/target/test-dir/MiniOzoneClusterImpl-0ddfd79e-5774-4abb-9b8b-55ac0c17dbc1/datanode-1/data/ratis/24dca762-d79a-4ee3-a790-bc4c2997be07 has been successfully formatted.
2019-11-05 08:23:47,154 [7e1b84a9-a041-44fd-8008-f2679426984c@group-FF8F6D821110-SegmentedRaftLogWorker] INFO  segmented.SegmentedRaftLogWorker (SegmentedRaftLogWorker.java:execute(576)) - 7e1b84a9-a041-44fd-8008-f2679426984c@group-FF8F6D821110-SegmentedRaftLogWorker: created new log segment /workdir/hadoop-ozone/integration-test/target/test-dir/MiniOzoneClusterImpl-0ddfd79e-5774-4abb-9b8b-55ac0c17dbc1/datanode-9/data/ratis/b8c710b7-b775-46a9-b23b-ff8f6d821110/current/log_inprogress_0
2019-11-05 08:23:47,154 [pool-37-thread-1] INFO  ratis.ContainerStateMachine (ContainerStateMachine.java:loadSnapshot(231)) - group-BC4C2997BE07: The snapshot info is null. Setting the last applied indexto:(t:0, i:~)
2019-11-05 08:23:47,154 [pool-37-thread-1] INFO  server.RaftServerConfigKeys (ConfUtils.java:logGet(43)) - raft.server.notification.no-leader.timeout = 120s (custom)
2019-11-05 08:23:47,154 [pool-37-thread-1] INFO  server.RaftServerConfigKeys (ConfUtils.java:logGet(43)) - raft.server.log.use.memory = false (default)
2019-11-05 08:23:47,155 [pool-37-thread-1] INFO  server.RaftServerConfigKeys (ConfUtils.java:logGet(43)) - raft.server.log.purge.gap = 1000000 (custom)
2019-11-05 08:23:47,155 [pool-37-thread-1] INFO  server.RaftServerConfigKeys (ConfUtils.java:logGet(43)) - raft.server.log.appender.buffer.byte-limit = 33554432 (custom)
2019-11-05 08:23:47,155 [pool-37-thread-1] INFO  server.RaftServerConfigKeys (ConfUtils.java:logGet(43)) - raft.server.log.segment.size.max = 1048576 (custom)
2019-11-05 08:23:47,158 [pool-37-thread-1] INFO  server.RaftServerConfigKeys (ConfUtils.java:logGet(43)) - raft.server.log.segment.cache.num.max = 2 (custom)
2019-11-05 08:23:47,158 [pool-37-thread-1] INFO  segmented.SegmentedRaftLogWorker (SegmentedRaftLogWorker.java:<init>(173)) - new 4a682f4f-c3f2-4b77-88b7-f0ab78890feb@group-BC4C2997BE07-SegmentedRaftLogWorker for RaftStorage:Storage Directory /workdir/hadoop-ozone/integration-test/target/test-dir/MiniOzoneClusterImpl-0ddfd79e-5774-4abb-9b8b-55ac0c17dbc1/datanode-1/data/ratis/24dca762-d79a-4ee3-a790-bc4c2997be07
2019-11-05 08:23:47,158 [pool-37-thread-1] INFO  server.RaftServerConfigKeys (ConfUtils.java:logGet(43)) - raft.server.log.queue.byte-limit = 2147483647 (custom)
2019-11-05 08:23:47,158 [pool-37-thread-1] INFO  server.RaftServerConfigKeys (ConfUtils.java:logGet(43)) - raft.server.log.queue.element-limit = 1024 (custom)
2019-11-05 08:23:47,159 [pool-37-thread-1] INFO  server.RaftServerConfigKeys (ConfUtils.java:logGet(43)) - raft.server.log.segment.size.max = 1048576 (custom)
2019-11-05 08:23:47,159 [pool-37-thread-1] INFO  server.RaftServerConfigKeys (ConfUtils.java:logGet(43)) - raft.server.log.preallocated.size = 16384 (custom)
2019-11-05 08:23:47,159 [pool-37-thread-1] INFO  server.RaftServerConfigKeys (ConfUtils.java:logGet(43)) - raft.server.log.write.buffer.size = 33554432 (custom)
2019-11-05 08:23:47,159 [pool-37-thread-1] INFO  server.RaftServerConfigKeys (ConfUtils.java:logGet(43)) - raft.server.log.force.sync.num = 128 (default)
2019-11-05 08:23:47,159 [pool-37-thread-1] INFO  server.RaftServerConfigKeys (ConfUtils.java:logGet(43)) - raft.server.log.statemachine.data.sync = true (default)
2019-11-05 08:23:47,159 [pool-37-thread-1] INFO  server.RaftServerConfigKeys (ConfUtils.java:logGet(43)) - raft.server.log.statemachine.data.sync.timeout = 10s (default)
2019-11-05 08:23:47,159 [pool-37-thread-1] INFO  server.RaftServerConfigKeys (ConfUtils.java:logGet(43)) - raft.server.log.statemachine.data.sync.timeout.retry = -1 (default)
2019-11-05 08:23:47,160 [pool-37-thread-1] INFO  server.RaftServerConfigKeys (ConfUtils.java:logGet(43)) - raft.server.log.statemachine.data.caching.enabled = true (custom)
2019-11-05 08:23:47,160 [pool-37-thread-1] INFO  segmented.SegmentedRaftLogWorker (SegmentedRaftLogWorker.java:lambda$new$0(128)) - 4a682f4f-c3f2-4b77-88b7-f0ab78890feb@group-BC4C2997BE07-SegmentedRaftLogWorker: flushIndex: setUnconditionally 0 -> -1
2019-11-05 08:23:47,161 [pool-37-thread-1] INFO  server.RaftServerConfigKeys (ConfUtils.java:logGet(43)) - raft.server.snapshot.auto.trigger.enabled = true (custom)
2019-11-05 08:23:47,161 [pool-37-thread-1] INFO  server.RaftServerConfigKeys (ConfUtils.java:logGet(43)) - raft.server.snapshot.auto.trigger.threshold = 10000 (custom)
2019-11-05 08:23:47,161 [pool-37-thread-1] INFO  server.RaftServerConfigKeys (ConfUtils.java:logGet(43)) - raft.server.snapshot.retention.file.num = 5 (custom)
2019-11-05 08:23:47,161 [pool-37-thread-1] INFO  server.RaftServerConfigKeys (ConfUtils.java:logGet(43)) - raft.server.retrycache.expirytime = 600000ms (custom)
2019-11-05 08:23:47,167 [pool-37-thread-1] INFO  impl.RaftServerImpl (RaftServerImpl.java:start(195)) - 4a682f4f-c3f2-4b77-88b7-f0ab78890feb@group-BC4C2997BE07: start as a follower, conf=-1: [4a682f4f-c3f2-4b77-88b7-f0ab78890feb:192.168.164.217:34174], old=null
2019-11-05 08:23:47,167 [pool-37-thread-1] INFO  impl.RaftServerImpl (RaftServerImpl.java:setRole(184)) - 4a682f4f-c3f2-4b77-88b7-f0ab78890feb@group-BC4C2997BE07: changes role from      null to FOLLOWER at term 0 for startAsFollower
2019-11-05 08:23:47,167 [pool-37-thread-1] INFO  impl.RoleInfo (RoleInfo.java:updateAndGet(143)) - 4a682f4f-c3f2-4b77-88b7-f0ab78890feb: start FollowerState
2019-11-05 08:23:47,168 [pool-37-thread-1] INFO  util.JmxRegister (JmxRegister.java:tryRegister(44)) - Successfully registered JMX Bean with object name Ratis:service=RaftServer,group=group-BC4C2997BE07,id=4a682f4f-c3f2-4b77-88b7-f0ab78890feb
2019-11-05 08:23:47,187 [RatisPipelineUtilsThread] INFO  pipeline.PipelineStateManager (PipelineStateManager.java:addPipeline(56)) - Created pipeline Pipeline[ Id: 24dca762-d79a-4ee3-a790-bc4c2997be07, Nodes: 4a682f4f-c3f2-4b77-88b7-f0ab78890feb{ip: 192.168.164.217, host: pr-hdds-1643-8bmlk-2934350033, networkLocation: /default-rack, certSerialId: null}, Type:RATIS, Factor:ONE, State:OPEN]
2019-11-05 08:23:47,214 [grpc-default-executor-0] INFO  impl.RaftServerProxy (RaftServerProxy.java:addNew(89)) - ac6ced45-6015-42db-b667-e8b45303208a: addNew group-6ACD184DA147:[ac6ced45-6015-42db-b667-e8b45303208a:192.168.164.217:40560] returns group-6ACD184DA147:java.util.concurrent.CompletableFuture@645c843c[Not completed]
2019-11-05 08:23:47,216 [pool-87-thread-1] INFO  impl.RaftServerImpl (RaftServerImpl.java:<init>(104)) - ac6ced45-6015-42db-b667-e8b45303208a: new RaftServerImpl for group-6ACD184DA147:[ac6ced45-6015-42db-b667-e8b45303208a:192.168.164.217:40560] with ContainerStateMachine:uninitialized
2019-11-05 08:23:47,216 [pool-87-thread-1] INFO  server.RaftServerConfigKeys (ConfUtils.java:logGet(43)) - raft.server.rpc.timeout.min = 1s (custom)
2019-11-05 08:23:47,217 [pool-87-thread-1] INFO  server.RaftServerConfigKeys (ConfUtils.java:logGet(43)) - raft.server.rpc.timeout.max = 1200ms (custom)
2019-11-05 08:23:47,217 [pool-87-thread-1] INFO  server.RaftServerConfigKeys (ConfUtils.java:logGet(43)) - raft.server.rpcslowness.timeout = 120s (custom)
2019-11-05 08:23:47,217 [pool-87-thread-1] INFO  server.RaftServerConfigKeys (ConfUtils.java:logGet(43)) - raft.server.sleep.deviation.threshold = 300 (default)
2019-11-05 08:23:47,217 [pool-87-thread-1] INFO  server.RaftServerConfigKeys (ConfUtils.java:logGet(43)) - raft.server.log.appender.install.snapshot.enabled = false (custom)
2019-11-05 08:23:47,217 [pool-87-thread-1] INFO  impl.RaftServerImpl (ServerState.java:<init>(103)) - ac6ced45-6015-42db-b667-e8b45303208a@group-6ACD184DA147: ConfigurationManager, init=-1: [ac6ced45-6015-42db-b667-e8b45303208a:192.168.164.217:40560], old=null, confs=<EMPTY_MAP>
2019-11-05 08:23:47,217 [pool-87-thread-1] INFO  server.RaftServerConfigKeys (ConfUtils.java:logGet(43)) - raft.server.storage.dir = [/workdir/hadoop-ozone/integration-test/target/test-dir/MiniOzoneClusterImpl-0ddfd79e-5774-4abb-9b8b-55ac0c17dbc1/datanode-6/data/ratis] (custom)
2019-11-05 08:23:47,217 [pool-87-thread-1] INFO  server.RaftServerConfigKeys (ConfUtils.java:logGet(43)) - raft.server.log.corruption.policy = EXCEPTION (default)
2019-11-05 08:23:47,218 [pool-87-thread-1] INFO  storage.RaftStorageDirectory (RaftStorageDirectory.java:analyzeStorage(246)) - The storage directory /workdir/hadoop-ozone/integration-test/target/test-dir/MiniOzoneClusterImpl-0ddfd79e-5774-4abb-9b8b-55ac0c17dbc1/datanode-6/data/ratis/029db426-a9d2-4dca-abda-6acd184da147 does not exist. Creating ...
2019-11-05 08:23:47,231 [pool-87-thread-1] INFO  storage.RaftStorageDirectory (RaftStorageDirectory.java:tryLock(328)) - Lock on /workdir/hadoop-ozone/integration-test/target/test-dir/MiniOzoneClusterImpl-0ddfd79e-5774-4abb-9b8b-55ac0c17dbc1/datanode-6/data/ratis/029db426-a9d2-4dca-abda-6acd184da147/in_use.lock acquired by nodename 26210@pr-hdds-1643-8bmlk-2934350033
2019-11-05 08:23:47,244 [pool-87-thread-1] INFO  storage.RaftStorage (RaftStorage.java:format(84)) - Storage directory /workdir/hadoop-ozone/integration-test/target/test-dir/MiniOzoneClusterImpl-0ddfd79e-5774-4abb-9b8b-55ac0c17dbc1/datanode-6/data/ratis/029db426-a9d2-4dca-abda-6acd184da147 has been successfully formatted.
2019-11-05 08:23:47,244 [pool-87-thread-1] INFO  ratis.ContainerStateMachine (ContainerStateMachine.java:loadSnapshot(231)) - group-6ACD184DA147: The snapshot info is null. Setting the last applied indexto:(t:0, i:~)
2019-11-05 08:23:47,244 [pool-87-thread-1] INFO  server.RaftServerConfigKeys (ConfUtils.java:logGet(43)) - raft.server.notification.no-leader.timeout = 120s (custom)
2019-11-05 08:23:47,245 [pool-87-thread-1] INFO  server.RaftServerConfigKeys (ConfUtils.java:logGet(43)) - raft.server.log.use.memory = false (default)
2019-11-05 08:23:47,245 [pool-87-thread-1] INFO  server.RaftServerConfigKeys (ConfUtils.java:logGet(43)) - raft.server.log.purge.gap = 1000000 (custom)
2019-11-05 08:23:47,245 [pool-87-thread-1] INFO  server.RaftServerConfigKeys (ConfUtils.java:logGet(43)) - raft.server.log.appender.buffer.byte-limit = 33554432 (custom)
2019-11-05 08:23:47,245 [pool-87-thread-1] INFO  server.RaftServerConfigKeys (ConfUtils.java:logGet(43)) - raft.server.log.segment.size.max = 1048576 (custom)
2019-11-05 08:23:47,247 [pool-87-thread-1] INFO  server.RaftServerConfigKeys (ConfUtils.java:logGet(43)) - raft.server.log.segment.cache.num.max = 2 (custom)
2019-11-05 08:23:47,247 [pool-87-thread-1] INFO  segmented.SegmentedRaftLogWorker (SegmentedRaftLogWorker.java:<init>(173)) - new ac6ced45-6015-42db-b667-e8b45303208a@group-6ACD184DA147-SegmentedRaftLogWorker for RaftStorage:Storage Directory /workdir/hadoop-ozone/integration-test/target/test-dir/MiniOzoneClusterImpl-0ddfd79e-5774-4abb-9b8b-55ac0c17dbc1/datanode-6/data/ratis/029db426-a9d2-4dca-abda-6acd184da147
2019-11-05 08:23:47,247 [pool-87-thread-1] INFO  server.RaftServerConfigKeys (ConfUtils.java:logGet(43)) - raft.server.log.queue.byte-limit = 2147483647 (custom)
2019-11-05 08:23:47,247 [pool-87-thread-1] INFO  server.RaftServerConfigKeys (ConfUtils.java:logGet(43)) - raft.server.log.queue.element-limit = 1024 (custom)
2019-11-05 08:23:47,247 [pool-87-thread-1] INFO  server.RaftServerConfigKeys (ConfUtils.java:logGet(43)) - raft.server.log.segment.size.max = 1048576 (custom)
2019-11-05 08:23:47,247 [pool-87-thread-1] INFO  server.RaftServerConfigKeys (ConfUtils.java:logGet(43)) - raft.server.log.preallocated.size = 16384 (custom)
2019-11-05 08:23:47,247 [pool-87-thread-1] INFO  server.RaftServerConfigKeys (ConfUtils.java:logGet(43)) - raft.server.log.write.buffer.size = 33554432 (custom)
2019-11-05 08:23:47,247 [pool-87-thread-1] INFO  server.RaftServerConfigKeys (ConfUtils.java:logGet(43)) - raft.server.log.force.sync.num = 128 (default)
2019-11-05 08:23:47,248 [pool-87-thread-1] INFO  server.RaftServerConfigKeys (ConfUtils.java:logGet(43)) - raft.server.log.statemachine.data.sync = true (default)
2019-11-05 08:23:47,248 [pool-87-thread-1] INFO  server.RaftServerConfigKeys (ConfUtils.java:logGet(43)) - raft.server.log.statemachine.data.sync.timeout = 10s (default)
2019-11-05 08:23:47,248 [pool-87-thread-1] INFO  server.RaftServerConfigKeys (ConfUtils.java:logGet(43)) - raft.server.log.statemachine.data.sync.timeout.retry = -1 (default)
2019-11-05 08:23:47,248 [pool-87-thread-1] INFO  server.RaftServerConfigKeys (ConfUtils.java:logGet(43)) - raft.server.log.statemachine.data.caching.enabled = true (custom)
2019-11-05 08:23:47,249 [pool-87-thread-1] INFO  segmented.SegmentedRaftLogWorker (SegmentedRaftLogWorker.java:lambda$new$0(128)) - ac6ced45-6015-42db-b667-e8b45303208a@group-6ACD184DA147-SegmentedRaftLogWorker: flushIndex: setUnconditionally 0 -> -1
2019-11-05 08:23:47,249 [pool-87-thread-1] INFO  server.RaftServerConfigKeys (ConfUtils.java:logGet(43)) - raft.server.snapshot.auto.trigger.enabled = true (custom)
2019-11-05 08:23:47,249 [pool-87-thread-1] INFO  server.RaftServerConfigKeys (ConfUtils.java:logGet(43)) - raft.server.snapshot.auto.trigger.threshold = 10000 (custom)
2019-11-05 08:23:47,249 [pool-87-thread-1] INFO  server.RaftServerConfigKeys (ConfUtils.java:logGet(43)) - raft.server.snapshot.retention.file.num = 5 (custom)
2019-11-05 08:23:47,249 [pool-87-thread-1] INFO  server.RaftServerConfigKeys (ConfUtils.java:logGet(43)) - raft.server.retrycache.expirytime = 600000ms (custom)
2019-11-05 08:23:47,253 [pool-87-thread-1] INFO  impl.RaftServerImpl (RaftServerImpl.java:start(195)) - ac6ced45-6015-42db-b667-e8b45303208a@group-6ACD184DA147: start as a follower, conf=-1: [ac6ced45-6015-42db-b667-e8b45303208a:192.168.164.217:40560], old=null
2019-11-05 08:23:47,253 [pool-87-thread-1] INFO  impl.RaftServerImpl (RaftServerImpl.java:setRole(184)) - ac6ced45-6015-42db-b667-e8b45303208a@group-6ACD184DA147: changes role from      null to FOLLOWER at term 0 for startAsFollower
2019-11-05 08:23:47,253 [pool-87-thread-1] INFO  impl.RoleInfo (RoleInfo.java:updateAndGet(143)) - ac6ced45-6015-42db-b667-e8b45303208a: start FollowerState
2019-11-05 08:23:47,253 [pool-87-thread-1] INFO  util.JmxRegister (JmxRegister.java:tryRegister(44)) - Successfully registered JMX Bean with object name Ratis:service=RaftServer,group=group-6ACD184DA147,id=ac6ced45-6015-42db-b667-e8b45303208a
2019-11-05 08:23:47,269 [RatisPipelineUtilsThread] INFO  pipeline.PipelineStateManager (PipelineStateManager.java:addPipeline(56)) - Created pipeline Pipeline[ Id: 029db426-a9d2-4dca-abda-6acd184da147, Nodes: ac6ced45-6015-42db-b667-e8b45303208a{ip: 192.168.164.217, host: pr-hdds-1643-8bmlk-2934350033, networkLocation: /default-rack, certSerialId: null}, Type:RATIS, Factor:ONE, State:OPEN]
2019-11-05 08:23:47,291 [Thread-325] INFO  impl.FollowerState (FollowerState.java:run(108)) - 4a682f4f-c3f2-4b77-88b7-f0ab78890feb@group-BC4C2997BE07-FollowerState: change to CANDIDATE, lastRpcTime:123ms, electionTimeout:123ms
2019-11-05 08:23:47,293 [Thread-325] INFO  impl.RoleInfo (RoleInfo.java:shutdownFollowerState(121)) - 4a682f4f-c3f2-4b77-88b7-f0ab78890feb: shutdown FollowerState
2019-11-05 08:23:47,293 [Thread-325] INFO  impl.RaftServerImpl (RaftServerImpl.java:setRole(184)) - 4a682f4f-c3f2-4b77-88b7-f0ab78890feb@group-BC4C2997BE07: changes role from  FOLLOWER to CANDIDATE at term 0 for changeToCandidate
2019-11-05 08:23:47,293 [Thread-325] INFO  impl.RoleInfo (RoleInfo.java:updateAndGet(143)) - 4a682f4f-c3f2-4b77-88b7-f0ab78890feb: start LeaderElection
2019-11-05 08:23:47,300 [grpc-default-executor-1] INFO  impl.RaftServerProxy (RaftServerProxy.java:addNew(89)) - c3e88256-f771-43b4-b3fb-c682fc5ee06f: addNew group-9D53872EEF85:[fe5257f1-588f-41af-bf70-1c04126c8968:192.168.164.217:33003, 6189f8a4-91dd-451f-abcb-72b2dcd73465:192.168.164.217:36585, c3e88256-f771-43b4-b3fb-c682fc5ee06f:192.168.164.217:37319] returns group-9D53872EEF85:java.util.concurrent.CompletableFuture@626d6af[Not completed]
2019-11-05 08:23:47,317 [grpc-default-executor-1] INFO  impl.RaftServerProxy (RaftServerProxy.java:addNew(89)) - fe5257f1-588f-41af-bf70-1c04126c8968: addNew group-9D53872EEF85:[fe5257f1-588f-41af-bf70-1c04126c8968:192.168.164.217:33003, 6189f8a4-91dd-451f-abcb-72b2dcd73465:192.168.164.217:36585, c3e88256-f771-43b4-b3fb-c682fc5ee06f:192.168.164.217:37319] returns group-9D53872EEF85:java.util.concurrent.CompletableFuture@4324580f[Not completed]
2019-11-05 08:23:47,317 [4a682f4f-c3f2-4b77-88b7-f0ab78890feb@group-BC4C2997BE07-LeaderElection9] INFO  impl.LeaderElection (LeaderElection.java:askForVotes(178)) - 4a682f4f-c3f2-4b77-88b7-f0ab78890feb@group-BC4C2997BE07-LeaderElection9: begin an election at term 1 for -1: [4a682f4f-c3f2-4b77-88b7-f0ab78890feb:192.168.164.217:34174], old=null
2019-11-05 08:23:47,317 [pool-107-thread-1] INFO  impl.RaftServerImpl (RaftServerImpl.java:<init>(104)) - c3e88256-f771-43b4-b3fb-c682fc5ee06f: new RaftServerImpl for group-9D53872EEF85:[fe5257f1-588f-41af-bf70-1c04126c8968:192.168.164.217:33003, 6189f8a4-91dd-451f-abcb-72b2dcd73465:192.168.164.217:36585, c3e88256-f771-43b4-b3fb-c682fc5ee06f:192.168.164.217:37319] with ContainerStateMachine:uninitialized
2019-11-05 08:23:47,317 [4a682f4f-c3f2-4b77-88b7-f0ab78890feb@group-BC4C2997BE07-LeaderElection9] INFO  impl.RoleInfo (RoleInfo.java:shutdownLeaderElection(134)) - 4a682f4f-c3f2-4b77-88b7-f0ab78890feb: shutdown LeaderElection
2019-11-05 08:23:47,317 [pool-107-thread-1] INFO  server.RaftServerConfigKeys (ConfUtils.java:logGet(43)) - raft.server.rpc.timeout.min = 1s (custom)
2019-11-05 08:23:47,317 [grpc-default-executor-1] INFO  impl.RaftServerProxy (RaftServerProxy.java:addNew(89)) - 6189f8a4-91dd-451f-abcb-72b2dcd73465: addNew group-9D53872EEF85:[fe5257f1-588f-41af-bf70-1c04126c8968:192.168.164.217:33003, 6189f8a4-91dd-451f-abcb-72b2dcd73465:192.168.164.217:36585, c3e88256-f771-43b4-b3fb-c682fc5ee06f:192.168.164.217:37319] returns group-9D53872EEF85:java.util.concurrent.CompletableFuture@3a6d25f1[Not completed]
2019-11-05 08:23:47,317 [4a682f4f-c3f2-4b77-88b7-f0ab78890feb@group-BC4C2997BE07-LeaderElection9] INFO  impl.RaftServerImpl (RaftServerImpl.java:setRole(184)) - 4a682f4f-c3f2-4b77-88b7-f0ab78890feb@group-BC4C2997BE07: changes role from CANDIDATE to LEADER at term 1 for changeToLeader
2019-11-05 08:23:47,318 [pool-107-thread-1] INFO  server.RaftServerConfigKeys (ConfUtils.java:logGet(43)) - raft.server.rpc.timeout.max = 1200ms (custom)
2019-11-05 08:23:47,318 [4a682f4f-c3f2-4b77-88b7-f0ab78890feb@group-BC4C2997BE07-LeaderElection9] INFO  impl.RaftServerImpl (ServerState.java:setLeader(256)) - 4a682f4f-c3f2-4b77-88b7-f0ab78890feb@group-BC4C2997BE07: change Leader from null to 4a682f4f-c3f2-4b77-88b7-f0ab78890feb at term 1 for becomeLeader, leader elected after 163ms
2019-11-05 08:23:47,318 [pool-107-thread-1] INFO  server.RaftServerConfigKeys (ConfUtils.java:logGet(43)) - raft.server.rpcslowness.timeout = 120s (custom)
2019-11-05 08:23:47,318 [pool-77-thread-1] INFO  impl.RaftServerImpl (RaftServerImpl.java:<init>(104)) - fe5257f1-588f-41af-bf70-1c04126c8968: new RaftServerImpl for group-9D53872EEF85:[fe5257f1-588f-41af-bf70-1c04126c8968:192.168.164.217:33003, 6189f8a4-91dd-451f-abcb-72b2dcd73465:192.168.164.217:36585, c3e88256-f771-43b4-b3fb-c682fc5ee06f:192.168.164.217:37319] with ContainerStateMachine:uninitialized
2019-11-05 08:23:47,318 [pool-107-thread-1] INFO  server.RaftServerConfigKeys (ConfUtils.java:logGet(43)) - raft.server.sleep.deviation.threshold = 300 (default)
2019-11-05 08:23:47,318 [4a682f4f-c3f2-4b77-88b7-f0ab78890feb@group-BC4C2997BE07-LeaderElection9] INFO  server.RaftServerConfigKeys (ConfUtils.java:logGet(43)) - raft.server.staging.catchup.gap = 1000 (default)
2019-11-05 08:23:47,319 [pool-107-thread-1] INFO  server.RaftServerConfigKeys (ConfUtils.java:logGet(43)) - raft.server.log.appender.install.snapshot.enabled = false (custom)
2019-11-05 08:23:47,318 [pool-77-thread-1] INFO  server.RaftServerConfigKeys (ConfUtils.java:logGet(43)) - raft.server.rpc.timeout.min = 1s (custom)
2019-11-05 08:23:47,319 [pool-107-thread-1] INFO  impl.RaftServerImpl (ServerState.java:<init>(103)) - c3e88256-f771-43b4-b3fb-c682fc5ee06f@group-9D53872EEF85: ConfigurationManager, init=-1: [fe5257f1-588f-41af-bf70-1c04126c8968:192.168.164.217:33003, 6189f8a4-91dd-451f-abcb-72b2dcd73465:192.168.164.217:36585, c3e88256-f771-43b4-b3fb-c682fc5ee06f:192.168.164.217:37319], old=null, confs=<EMPTY_MAP>
2019-11-05 08:23:47,319 [4a682f4f-c3f2-4b77-88b7-f0ab78890feb@group-BC4C2997BE07-LeaderElection9] INFO  server.RaftServerConfigKeys (ConfUtils.java:logGet(43)) - raft.server.rpc.sleep.time = 25ms (default)
2019-11-05 08:23:47,319 [pool-107-thread-1] INFO  server.RaftServerConfigKeys (ConfUtils.java:logGet(43)) - raft.server.storage.dir = [/workdir/hadoop-ozone/integration-test/target/test-dir/MiniOzoneClusterImpl-0ddfd79e-5774-4abb-9b8b-55ac0c17dbc1/datanode-8/data/ratis] (custom)
2019-11-05 08:23:47,319 [pool-77-thread-1] INFO  server.RaftServerConfigKeys (ConfUtils.java:logGet(43)) - raft.server.rpc.timeout.max = 1200ms (custom)
2019-11-05 08:23:47,319 [4a682f4f-c3f2-4b77-88b7-f0ab78890feb@group-BC4C2997BE07-LeaderElection9] INFO  server.RaftServerConfigKeys (ConfUtils.java:logGet(43)) - raft.server.write.element-limit = 4096 (default)
2019-11-05 08:23:47,319 [pool-97-thread-1] INFO  impl.RaftServerImpl (RaftServerImpl.java:<init>(104)) - 6189f8a4-91dd-451f-abcb-72b2dcd73465: new RaftServerImpl for group-9D53872EEF85:[fe5257f1-588f-41af-bf70-1c04126c8968:192.168.164.217:33003, 6189f8a4-91dd-451f-abcb-72b2dcd73465:192.168.164.217:36585, c3e88256-f771-43b4-b3fb-c682fc5ee06f:192.168.164.217:37319] with ContainerStateMachine:uninitialized
2019-11-05 08:23:47,320 [4a682f4f-c3f2-4b77-88b7-f0ab78890feb@group-BC4C2997BE07-LeaderElection9] INFO  server.RaftServerConfigKeys (ConfUtils.java:logGet(43)) - raft.server.watch.timeout = 10s (default)
2019-11-05 08:23:47,320 [pool-107-thread-1] INFO  server.RaftServerConfigKeys (ConfUtils.java:logGet(43)) - raft.server.log.corruption.policy = EXCEPTION (default)
2019-11-05 08:23:47,320 [pool-77-thread-1] INFO  server.RaftServerConfigKeys (ConfUtils.java:logGet(43)) - raft.server.rpcslowness.timeout = 120s (custom)
2019-11-05 08:23:47,320 [pool-107-thread-1] INFO  storage.RaftStorageDirectory (RaftStorageDirectory.java:analyzeStorage(246)) - The storage directory /workdir/hadoop-ozone/integration-test/target/test-dir/MiniOzoneClusterImpl-0ddfd79e-5774-4abb-9b8b-55ac0c17dbc1/datanode-8/data/ratis/f7f0e17c-da69-4896-85e5-9d53872eef85 does not exist. Creating ...
2019-11-05 08:23:47,320 [4a682f4f-c3f2-4b77-88b7-f0ab78890feb@group-BC4C2997BE07-LeaderElection9] INFO  server.RaftServerConfigKeys (ConfUtils.java:logGet(43)) - raft.server.watch.timeout.denomination = 1s (default)
2019-11-05 08:23:47,320 [pool-97-thread-1] INFO  server.RaftServerConfigKeys (ConfUtils.java:logGet(43)) - raft.server.rpc.timeout.min = 1s (custom)
2019-11-05 08:23:47,321 [4a682f4f-c3f2-4b77-88b7-f0ab78890feb@group-BC4C2997BE07-LeaderElection9] INFO  server.RaftServerConfigKeys (ConfUtils.java:logGet(43)) - raft.server.watch.element-limit = 65536 (default)
2019-11-05 08:23:47,321 [pool-97-thread-1] INFO  server.RaftServerConfigKeys (ConfUtils.java:logGet(43)) - raft.server.rpc.timeout.max = 1200ms (custom)
2019-11-05 08:23:47,320 [pool-77-thread-1] INFO  server.RaftServerConfigKeys (ConfUtils.java:logGet(43)) - raft.server.sleep.deviation.threshold = 300 (default)
2019-11-05 08:23:47,321 [pool-97-thread-1] INFO  server.RaftServerConfigKeys (ConfUtils.java:logGet(43)) - raft.server.rpcslowness.timeout = 120s (custom)
2019-11-05 08:23:47,321 [pool-77-thread-1] INFO  server.RaftServerConfigKeys (ConfUtils.java:logGet(43)) - raft.server.log.appender.install.snapshot.enabled = false (custom)
2019-11-05 08:23:47,328 [pool-97-thread-1] INFO  server.RaftServerConfigKeys (ConfUtils.java:logGet(43)) - raft.server.sleep.deviation.threshold = 300 (default)
2019-11-05 08:23:47,328 [pool-77-thread-1] INFO  impl.RaftServerImpl (ServerState.java:<init>(103)) - fe5257f1-588f-41af-bf70-1c04126c8968@group-9D53872EEF85: ConfigurationManager, init=-1: [fe5257f1-588f-41af-bf70-1c04126c8968:192.168.164.217:33003, 6189f8a4-91dd-451f-abcb-72b2dcd73465:192.168.164.217:36585, c3e88256-f771-43b4-b3fb-c682fc5ee06f:192.168.164.217:37319], old=null, confs=<EMPTY_MAP>
2019-11-05 08:23:47,329 [pool-97-thread-1] INFO  server.RaftServerConfigKeys (ConfUtils.java:logGet(43)) - raft.server.log.appender.install.snapshot.enabled = false (custom)
2019-11-05 08:23:47,329 [pool-97-thread-1] INFO  impl.RaftServerImpl (ServerState.java:<init>(103)) - 6189f8a4-91dd-451f-abcb-72b2dcd73465@group-9D53872EEF85: ConfigurationManager, init=-1: [fe5257f1-588f-41af-bf70-1c04126c8968:192.168.164.217:33003, 6189f8a4-91dd-451f-abcb-72b2dcd73465:192.168.164.217:36585, c3e88256-f771-43b4-b3fb-c682fc5ee06f:192.168.164.217:37319], old=null, confs=<EMPTY_MAP>
2019-11-05 08:23:47,329 [pool-77-thread-1] INFO  server.RaftServerConfigKeys (ConfUtils.java:logGet(43)) - raft.server.storage.dir = [/workdir/hadoop-ozone/integration-test/target/test-dir/MiniOzoneClusterImpl-0ddfd79e-5774-4abb-9b8b-55ac0c17dbc1/datanode-5/data/ratis] (custom)
2019-11-05 08:23:47,329 [pool-97-thread-1] INFO  server.RaftServerConfigKeys (ConfUtils.java:logGet(43)) - raft.server.storage.dir = [/workdir/hadoop-ozone/integration-test/target/test-dir/MiniOzoneClusterImpl-0ddfd79e-5774-4abb-9b8b-55ac0c17dbc1/datanode-7/data/ratis] (custom)
2019-11-05 08:23:47,330 [pool-77-thread-1] INFO  server.RaftServerConfigKeys (ConfUtils.java:logGet(43)) - raft.server.log.corruption.policy = EXCEPTION (default)
2019-11-05 08:23:47,330 [pool-97-thread-1] INFO  server.RaftServerConfigKeys (ConfUtils.java:logGet(43)) - raft.server.log.corruption.policy = EXCEPTION (default)
2019-11-05 08:23:47,330 [pool-77-thread-1] INFO  storage.RaftStorageDirectory (RaftStorageDirectory.java:analyzeStorage(246)) - The storage directory /workdir/hadoop-ozone/integration-test/target/test-dir/MiniOzoneClusterImpl-0ddfd79e-5774-4abb-9b8b-55ac0c17dbc1/datanode-5/data/ratis/f7f0e17c-da69-4896-85e5-9d53872eef85 does not exist. Creating ...
2019-11-05 08:23:47,330 [pool-97-thread-1] INFO  storage.RaftStorageDirectory (RaftStorageDirectory.java:analyzeStorage(246)) - The storage directory /workdir/hadoop-ozone/integration-test/target/test-dir/MiniOzoneClusterImpl-0ddfd79e-5774-4abb-9b8b-55ac0c17dbc1/datanode-7/data/ratis/f7f0e17c-da69-4896-85e5-9d53872eef85 does not exist. Creating ...
2019-11-05 08:23:47,330 [4a682f4f-c3f2-4b77-88b7-f0ab78890feb@group-BC4C2997BE07-LeaderElection9] INFO  impl.RoleInfo (RoleInfo.java:updateAndGet(143)) - 4a682f4f-c3f2-4b77-88b7-f0ab78890feb: start LeaderState
2019-11-05 08:23:47,331 [4a682f4f-c3f2-4b77-88b7-f0ab78890feb@group-BC4C2997BE07-LeaderElection9] INFO  segmented.SegmentedRaftLogWorker (SegmentedRaftLogWorker.java:startLogSegment(385)) - 4a682f4f-c3f2-4b77-88b7-f0ab78890feb@group-BC4C2997BE07-SegmentedRaftLogWorker: Starting segment from index:0
2019-11-05 08:23:47,331 [4a682f4f-c3f2-4b77-88b7-f0ab78890feb@group-BC4C2997BE07-LeaderElection9] INFO  impl.RaftServerImpl (ServerState.java:setRaftConf(357)) - 4a682f4f-c3f2-4b77-88b7-f0ab78890feb@group-BC4C2997BE07: set configuration 0: [4a682f4f-c3f2-4b77-88b7-f0ab78890feb:192.168.164.217:34174], old=null at 0
2019-11-05 08:23:47,369 [pool-97-thread-1] INFO  storage.RaftStorageDirectory (RaftStorageDirectory.java:tryLock(328)) - Lock on /workdir/hadoop-ozone/integration-test/target/test-dir/MiniOzoneClusterImpl-0ddfd79e-5774-4abb-9b8b-55ac0c17dbc1/datanode-7/data/ratis/f7f0e17c-da69-4896-85e5-9d53872eef85/in_use.lock acquired by nodename 26210@pr-hdds-1643-8bmlk-2934350033
2019-11-05 08:23:47,369 [pool-107-thread-1] INFO  storage.RaftStorageDirectory (RaftStorageDirectory.java:tryLock(328)) - Lock on /workdir/hadoop-ozone/integration-test/target/test-dir/MiniOzoneClusterImpl-0ddfd79e-5774-4abb-9b8b-55ac0c17dbc1/datanode-8/data/ratis/f7f0e17c-da69-4896-85e5-9d53872eef85/in_use.lock acquired by nodename 26210@pr-hdds-1643-8bmlk-2934350033
2019-11-05 08:23:47,369 [pool-77-thread-1] INFO  storage.RaftStorageDirectory (RaftStorageDirectory.java:tryLock(328)) - Lock on /workdir/hadoop-ozone/integration-test/target/test-dir/MiniOzoneClusterImpl-0ddfd79e-5774-4abb-9b8b-55ac0c17dbc1/datanode-5/data/ratis/f7f0e17c-da69-4896-85e5-9d53872eef85/in_use.lock acquired by nodename 26210@pr-hdds-1643-8bmlk-2934350033
2019-11-05 08:23:47,382 [4a682f4f-c3f2-4b77-88b7-f0ab78890feb@group-BC4C2997BE07-SegmentedRaftLogWorker] INFO  segmented.SegmentedRaftLogWorker (SegmentedRaftLogWorker.java:execute(576)) - 4a682f4f-c3f2-4b77-88b7-f0ab78890feb@group-BC4C2997BE07-SegmentedRaftLogWorker: created new log segment /workdir/hadoop-ozone/integration-test/target/test-dir/MiniOzoneClusterImpl-0ddfd79e-5774-4abb-9b8b-55ac0c17dbc1/datanode-1/data/ratis/24dca762-d79a-4ee3-a790-bc4c2997be07/current/log_inprogress_0
2019-11-05 08:23:47,382 [pool-77-thread-1] INFO  storage.RaftStorage (RaftStorage.java:format(84)) - Storage directory /workdir/hadoop-ozone/integration-test/target/test-dir/MiniOzoneClusterImpl-0ddfd79e-5774-4abb-9b8b-55ac0c17dbc1/datanode-5/data/ratis/f7f0e17c-da69-4896-85e5-9d53872eef85 has been successfully formatted.
2019-11-05 08:23:47,382 [pool-97-thread-1] INFO  storage.RaftStorage (RaftStorage.java:format(84)) - Storage directory /workdir/hadoop-ozone/integration-test/target/test-dir/MiniOzoneClusterImpl-0ddfd79e-5774-4abb-9b8b-55ac0c17dbc1/datanode-7/data/ratis/f7f0e17c-da69-4896-85e5-9d53872eef85 has been successfully formatted.
2019-11-05 08:23:47,382 [pool-107-thread-1] INFO  storage.RaftStorage (RaftStorage.java:format(84)) - Storage directory /workdir/hadoop-ozone/integration-test/target/test-dir/MiniOzoneClusterImpl-0ddfd79e-5774-4abb-9b8b-55ac0c17dbc1/datanode-8/data/ratis/f7f0e17c-da69-4896-85e5-9d53872eef85 has been successfully formatted.
2019-11-05 08:23:47,383 [pool-107-thread-1] INFO  ratis.ContainerStateMachine (ContainerStateMachine.java:loadSnapshot(231)) - group-9D53872EEF85: The snapshot info is null. Setting the last applied indexto:(t:0, i:~)
2019-11-05 08:23:47,383 [pool-97-thread-1] INFO  ratis.ContainerStateMachine (ContainerStateMachine.java:loadSnapshot(231)) - group-9D53872EEF85: The snapshot info is null. Setting the last applied indexto:(t:0, i:~)
2019-11-05 08:23:47,383 [pool-77-thread-1] INFO  ratis.ContainerStateMachine (ContainerStateMachine.java:loadSnapshot(231)) - group-9D53872EEF85: The snapshot info is null. Setting the last applied indexto:(t:0, i:~)
2019-11-05 08:23:47,383 [pool-97-thread-1] INFO  server.RaftServerConfigKeys (ConfUtils.java:logGet(43)) - raft.server.notification.no-leader.timeout = 120s (custom)
2019-11-05 08:23:47,383 [pool-107-thread-1] INFO  server.RaftServerConfigKeys (ConfUtils.java:logGet(43)) - raft.server.notification.no-leader.timeout = 120s (custom)
2019-11-05 08:23:47,383 [pool-97-thread-1] INFO  server.RaftServerConfigKeys (ConfUtils.java:logGet(43)) - raft.server.log.use.memory = false (default)
2019-11-05 08:23:47,383 [pool-77-thread-1] INFO  server.RaftServerConfigKeys (ConfUtils.java:logGet(43)) - raft.server.notification.no-leader.timeout = 120s (custom)
2019-11-05 08:23:47,384 [pool-97-thread-1] INFO  server.RaftServerConfigKeys (ConfUtils.java:logGet(43)) - raft.server.log.purge.gap = 1000000 (custom)
2019-11-05 08:23:47,384 [pool-107-thread-1] INFO  server.RaftServerConfigKeys (ConfUtils.java:logGet(43)) - raft.server.log.use.memory = false (default)
2019-11-05 08:23:47,384 [pool-97-thread-1] INFO  server.RaftServerConfigKeys (ConfUtils.java:logGet(43)) - raft.server.log.appender.buffer.byte-limit = 33554432 (custom)
2019-11-05 08:23:47,384 [pool-77-thread-1] INFO  server.RaftServerConfigKeys (ConfUtils.java:logGet(43)) - raft.server.log.use.memory = false (default)
2019-11-05 08:23:47,384 [pool-97-thread-1] INFO  server.RaftServerConfigKeys (ConfUtils.java:logGet(43)) - raft.server.log.segment.size.max = 1048576 (custom)
2019-11-05 08:23:47,384 [pool-107-thread-1] INFO  server.RaftServerConfigKeys (ConfUtils.java:logGet(43)) - raft.server.log.purge.gap = 1000000 (custom)
2019-11-05 08:23:47,385 [pool-97-thread-1] INFO  server.RaftServerConfigKeys (ConfUtils.java:logGet(43)) - raft.server.log.segment.cache.num.max = 2 (custom)
2019-11-05 08:23:47,384 [pool-77-thread-1] INFO  server.RaftServerConfigKeys (ConfUtils.java:logGet(43)) - raft.server.log.purge.gap = 1000000 (custom)
2019-11-05 08:23:47,385 [pool-97-thread-1] INFO  segmented.SegmentedRaftLogWorker (SegmentedRaftLogWorker.java:<init>(173)) - new 6189f8a4-91dd-451f-abcb-72b2dcd73465@group-9D53872EEF85-SegmentedRaftLogWorker for RaftStorage:Storage Directory /workdir/hadoop-ozone/integration-test/target/test-dir/MiniOzoneClusterImpl-0ddfd79e-5774-4abb-9b8b-55ac0c17dbc1/datanode-7/data/ratis/f7f0e17c-da69-4896-85e5-9d53872eef85
2019-11-05 08:23:47,385 [pool-107-thread-1] INFO  server.RaftServerConfigKeys (ConfUtils.java:logGet(43)) - raft.server.log.appender.buffer.byte-limit = 33554432 (custom)
2019-11-05 08:23:47,385 [pool-97-thread-1] INFO  server.RaftServerConfigKeys (ConfUtils.java:logGet(43)) - raft.server.log.queue.byte-limit = 2147483647 (custom)
2019-11-05 08:23:47,385 [pool-77-thread-1] INFO  server.RaftServerConfigKeys (ConfUtils.java:logGet(43)) - raft.server.log.appender.buffer.byte-limit = 33554432 (custom)
2019-11-05 08:23:47,385 [pool-97-thread-1] INFO  server.RaftServerConfigKeys (ConfUtils.java:logGet(43)) - raft.server.log.queue.element-limit = 1024 (custom)
2019-11-05 08:23:47,385 [pool-107-thread-1] INFO  server.RaftServerConfigKeys (ConfUtils.java:logGet(43)) - raft.server.log.segment.size.max = 1048576 (custom)
2019-11-05 08:23:47,386 [pool-97-thread-1] INFO  server.RaftServerConfigKeys (ConfUtils.java:logGet(43)) - raft.server.log.segment.size.max = 1048576 (custom)
2019-11-05 08:23:47,385 [pool-77-thread-1] INFO  server.RaftServerConfigKeys (ConfUtils.java:logGet(43)) - raft.server.log.segment.size.max = 1048576 (custom)
2019-11-05 08:23:47,386 [pool-97-thread-1] INFO  server.RaftServerConfigKeys (ConfUtils.java:logGet(43)) - raft.server.log.preallocated.size = 16384 (custom)
2019-11-05 08:23:47,386 [pool-107-thread-1] INFO  server.RaftServerConfigKeys (ConfUtils.java:logGet(43)) - raft.server.log.segment.cache.num.max = 2 (custom)
2019-11-05 08:23:47,386 [pool-97-thread-1] INFO  server.RaftServerConfigKeys (ConfUtils.java:logGet(43)) - raft.server.log.write.buffer.size = 33554432 (custom)
2019-11-05 08:23:47,386 [pool-77-thread-1] INFO  server.RaftServerConfigKeys (ConfUtils.java:logGet(43)) - raft.server.log.segment.cache.num.max = 2 (custom)
2019-11-05 08:23:47,387 [pool-97-thread-1] INFO  server.RaftServerConfigKeys (ConfUtils.java:logGet(43)) - raft.server.log.force.sync.num = 128 (default)
2019-11-05 08:23:47,386 [pool-107-thread-1] INFO  segmented.SegmentedRaftLogWorker (SegmentedRaftLogWorker.java:<init>(173)) - new c3e88256-f771-43b4-b3fb-c682fc5ee06f@group-9D53872EEF85-SegmentedRaftLogWorker for RaftStorage:Storage Directory /workdir/hadoop-ozone/integration-test/target/test-dir/MiniOzoneClusterImpl-0ddfd79e-5774-4abb-9b8b-55ac0c17dbc1/datanode-8/data/ratis/f7f0e17c-da69-4896-85e5-9d53872eef85
2019-11-05 08:23:47,387 [pool-97-thread-1] INFO  server.RaftServerConfigKeys (ConfUtils.java:logGet(43)) - raft.server.log.statemachine.data.sync = true (default)
2019-11-05 08:23:47,387 [pool-77-thread-1] INFO  segmented.SegmentedRaftLogWorker (SegmentedRaftLogWorker.java:<init>(173)) - new fe5257f1-588f-41af-bf70-1c04126c8968@group-9D53872EEF85-SegmentedRaftLogWorker for RaftStorage:Storage Directory /workdir/hadoop-ozone/integration-test/target/test-dir/MiniOzoneClusterImpl-0ddfd79e-5774-4abb-9b8b-55ac0c17dbc1/datanode-5/data/ratis/f7f0e17c-da69-4896-85e5-9d53872eef85
2019-11-05 08:23:47,387 [pool-97-thread-1] INFO  server.RaftServerConfigKeys (ConfUtils.java:logGet(43)) - raft.server.log.statemachine.data.sync.timeout = 10s (default)
2019-11-05 08:23:47,387 [pool-107-thread-1] INFO  server.RaftServerConfigKeys (ConfUtils.java:logGet(43)) - raft.server.log.queue.byte-limit = 2147483647 (custom)
2019-11-05 08:23:47,388 [pool-97-thread-1] INFO  server.RaftServerConfigKeys (ConfUtils.java:logGet(43)) - raft.server.log.statemachine.data.sync.timeout.retry = -1 (default)
2019-11-05 08:23:47,387 [pool-77-thread-1] INFO  server.RaftServerConfigKeys (ConfUtils.java:logGet(43)) - raft.server.log.queue.byte-limit = 2147483647 (custom)
2019-11-05 08:23:47,388 [pool-107-thread-1] INFO  server.RaftServerConfigKeys (ConfUtils.java:logGet(43)) - raft.server.log.queue.element-limit = 1024 (custom)
2019-11-05 08:23:47,388 [pool-97-thread-1] INFO  server.RaftServerConfigKeys (ConfUtils.java:logGet(43)) - raft.server.log.statemachine.data.caching.enabled = true (custom)
2019-11-05 08:23:47,388 [pool-77-thread-1] INFO  server.RaftServerConfigKeys (ConfUtils.java:logGet(43)) - raft.server.log.queue.element-limit = 1024 (custom)
2019-11-05 08:23:47,388 [pool-107-thread-1] INFO  server.RaftServerConfigKeys (ConfUtils.java:logGet(43)) - raft.server.log.segment.size.max = 1048576 (custom)
2019-11-05 08:23:47,388 [pool-97-thread-1] INFO  segmented.SegmentedRaftLogWorker (SegmentedRaftLogWorker.java:lambda$new$0(128)) - 6189f8a4-91dd-451f-abcb-72b2dcd73465@group-9D53872EEF85-SegmentedRaftLogWorker: flushIndex: setUnconditionally 0 -> -1
2019-11-05 08:23:47,388 [pool-77-thread-1] INFO  server.RaftServerConfigKeys (ConfUtils.java:logGet(43)) - raft.server.log.segment.size.max = 1048576 (custom)
2019-11-05 08:23:47,389 [pool-107-thread-1] INFO  server.RaftServerConfigKeys (ConfUtils.java:logGet(43)) - raft.server.log.preallocated.size = 16384 (custom)
2019-11-05 08:23:47,389 [pool-97-thread-1] INFO  server.RaftServerConfigKeys (ConfUtils.java:logGet(43)) - raft.server.snapshot.auto.trigger.enabled = true (custom)
2019-11-05 08:23:47,389 [pool-77-thread-1] INFO  server.RaftServerConfigKeys (ConfUtils.java:logGet(43)) - raft.server.log.preallocated.size = 16384 (custom)
2019-11-05 08:23:47,389 [pool-97-thread-1] INFO  server.RaftServerConfigKeys (ConfUtils.java:logGet(43)) - raft.server.snapshot.auto.trigger.threshold = 10000 (custom)
2019-11-05 08:23:47,389 [pool-97-thread-1] INFO  server.RaftServerConfigKeys (ConfUtils.java:logGet(43)) - raft.server.snapshot.retention.file.num = 5 (custom)
2019-11-05 08:23:47,389 [pool-107-thread-1] INFO  server.RaftServerConfigKeys (ConfUtils.java:logGet(43)) - raft.server.log.write.buffer.size = 33554432 (custom)
2019-11-05 08:23:47,390 [pool-97-thread-1] INFO  server.RaftServerConfigKeys (ConfUtils.java:logGet(43)) - raft.server.retrycache.expirytime = 600000ms (custom)
2019-11-05 08:23:47,389 [pool-77-thread-1] INFO  server.RaftServerConfigKeys (ConfUtils.java:logGet(43)) - raft.server.log.write.buffer.size = 33554432 (custom)
2019-11-05 08:23:47,390 [pool-107-thread-1] INFO  server.RaftServerConfigKeys (ConfUtils.java:logGet(43)) - raft.server.log.force.sync.num = 128 (default)
2019-11-05 08:23:47,390 [pool-107-thread-1] INFO  server.RaftServerConfigKeys (ConfUtils.java:logGet(43)) - raft.server.log.statemachine.data.sync = true (default)
2019-11-05 08:23:47,390 [pool-77-thread-1] INFO  server.RaftServerConfigKeys (ConfUtils.java:logGet(43)) - raft.server.log.force.sync.num = 128 (default)
2019-11-05 08:23:47,390 [pool-107-thread-1] INFO  server.RaftServerConfigKeys (ConfUtils.java:logGet(43)) - raft.server.log.statemachine.data.sync.timeout = 10s (default)
2019-11-05 08:23:47,390 [pool-77-thread-1] INFO  server.RaftServerConfigKeys (ConfUtils.java:logGet(43)) - raft.server.log.statemachine.data.sync = true (default)
2019-11-05 08:23:47,391 [pool-107-thread-1] INFO  server.RaftServerConfigKeys (ConfUtils.java:logGet(43)) - raft.server.log.statemachine.data.sync.timeout.retry = -1 (default)
2019-11-05 08:23:47,391 [pool-77-thread-1] INFO  server.RaftServerConfigKeys (ConfUtils.java:logGet(43)) - raft.server.log.statemachine.data.sync.timeout = 10s (default)
2019-11-05 08:23:47,391 [pool-107-thread-1] INFO  server.RaftServerConfigKeys (ConfUtils.java:logGet(43)) - raft.server.log.statemachine.data.caching.enabled = true (custom)
2019-11-05 08:23:47,391 [pool-77-thread-1] INFO  server.RaftServerConfigKeys (ConfUtils.java:logGet(43)) - raft.server.log.statemachine.data.sync.timeout.retry = -1 (default)
2019-11-05 08:23:47,391 [pool-107-thread-1] INFO  segmented.SegmentedRaftLogWorker (SegmentedRaftLogWorker.java:lambda$new$0(128)) - c3e88256-f771-43b4-b3fb-c682fc5ee06f@group-9D53872EEF85-SegmentedRaftLogWorker: flushIndex: setUnconditionally 0 -> -1
2019-11-05 08:23:47,392 [pool-77-thread-1] INFO  server.RaftServerConfigKeys (ConfUtils.java:logGet(43)) - raft.server.log.statemachine.data.caching.enabled = true (custom)
2019-11-05 08:23:47,392 [pool-107-thread-1] INFO  server.RaftServerConfigKeys (ConfUtils.java:logGet(43)) - raft.server.snapshot.auto.trigger.enabled = true (custom)
2019-11-05 08:23:47,392 [pool-77-thread-1] INFO  segmented.SegmentedRaftLogWorker (SegmentedRaftLogWorker.java:lambda$new$0(128)) - fe5257f1-588f-41af-bf70-1c04126c8968@group-9D53872EEF85-SegmentedRaftLogWorker: flushIndex: setUnconditionally 0 -> -1
2019-11-05 08:23:47,392 [pool-107-thread-1] INFO  server.RaftServerConfigKeys (ConfUtils.java:logGet(43)) - raft.server.snapshot.auto.trigger.threshold = 10000 (custom)
2019-11-05 08:23:47,392 [pool-107-thread-1] INFO  server.RaftServerConfigKeys (ConfUtils.java:logGet(43)) - raft.server.snapshot.retention.file.num = 5 (custom)
2019-11-05 08:23:47,392 [pool-77-thread-1] INFO  server.RaftServerConfigKeys (ConfUtils.java:logGet(43)) - raft.server.snapshot.auto.trigger.enabled = true (custom)
2019-11-05 08:23:47,393 [pool-107-thread-1] INFO  server.RaftServerConfigKeys (ConfUtils.java:logGet(43)) - raft.server.retrycache.expirytime = 600000ms (custom)
2019-11-05 08:23:47,393 [pool-77-thread-1] INFO  server.RaftServerConfigKeys (ConfUtils.java:logGet(43)) - raft.server.snapshot.auto.trigger.threshold = 10000 (custom)
2019-11-05 08:23:47,393 [pool-97-thread-1] INFO  impl.RaftServerImpl (RaftServerImpl.java:start(195)) - 6189f8a4-91dd-451f-abcb-72b2dcd73465@group-9D53872EEF85: start as a follower, conf=-1: [fe5257f1-588f-41af-bf70-1c04126c8968:192.168.164.217:33003, 6189f8a4-91dd-451f-abcb-72b2dcd73465:192.168.164.217:36585, c3e88256-f771-43b4-b3fb-c682fc5ee06f:192.168.164.217:37319], old=null
2019-11-05 08:23:47,393 [pool-77-thread-1] INFO  server.RaftServerConfigKeys (ConfUtils.java:logGet(43)) - raft.server.snapshot.retention.file.num = 5 (custom)
2019-11-05 08:23:47,393 [pool-97-thread-1] INFO  impl.RaftServerImpl (RaftServerImpl.java:setRole(184)) - 6189f8a4-91dd-451f-abcb-72b2dcd73465@group-9D53872EEF85: changes role from      null to FOLLOWER at term 0 for startAsFollower
2019-11-05 08:23:47,393 [pool-77-thread-1] INFO  server.RaftServerConfigKeys (ConfUtils.java:logGet(43)) - raft.server.retrycache.expirytime = 600000ms (custom)
2019-11-05 08:23:47,393 [pool-97-thread-1] INFO  impl.RoleInfo (RoleInfo.java:updateAndGet(143)) - 6189f8a4-91dd-451f-abcb-72b2dcd73465: start FollowerState
2019-11-05 08:23:47,394 [pool-97-thread-1] INFO  util.JmxRegister (JmxRegister.java:tryRegister(44)) - Successfully registered JMX Bean with object name Ratis:service=RaftServer,group=group-9D53872EEF85,id=6189f8a4-91dd-451f-abcb-72b2dcd73465
2019-11-05 08:23:47,397 [pool-107-thread-1] INFO  impl.RaftServerImpl (RaftServerImpl.java:start(195)) - c3e88256-f771-43b4-b3fb-c682fc5ee06f@group-9D53872EEF85: start as a follower, conf=-1: [fe5257f1-588f-41af-bf70-1c04126c8968:192.168.164.217:33003, 6189f8a4-91dd-451f-abcb-72b2dcd73465:192.168.164.217:36585, c3e88256-f771-43b4-b3fb-c682fc5ee06f:192.168.164.217:37319], old=null
2019-11-05 08:23:47,397 [pool-107-thread-1] INFO  impl.RaftServerImpl (RaftServerImpl.java:setRole(184)) - c3e88256-f771-43b4-b3fb-c682fc5ee06f@group-9D53872EEF85: changes role from      null to FOLLOWER at term 0 for startAsFollower
2019-11-05 08:23:47,397 [pool-107-thread-1] INFO  impl.RoleInfo (RoleInfo.java:updateAndGet(143)) - c3e88256-f771-43b4-b3fb-c682fc5ee06f: start FollowerState
2019-11-05 08:23:47,398 [pool-77-thread-1] INFO  impl.RaftServerImpl (RaftServerImpl.java:start(195)) - fe5257f1-588f-41af-bf70-1c04126c8968@group-9D53872EEF85: start as a follower, conf=-1: [fe5257f1-588f-41af-bf70-1c04126c8968:192.168.164.217:33003, 6189f8a4-91dd-451f-abcb-72b2dcd73465:192.168.164.217:36585, c3e88256-f771-43b4-b3fb-c682fc5ee06f:192.168.164.217:37319], old=null
2019-11-05 08:23:47,398 [pool-107-thread-1] INFO  util.JmxRegister (JmxRegister.java:tryRegister(44)) - Successfully registered JMX Bean with object name Ratis:service=RaftServer,group=group-9D53872EEF85,id=c3e88256-f771-43b4-b3fb-c682fc5ee06f
2019-11-05 08:23:47,398 [pool-77-thread-1] INFO  impl.RaftServerImpl (RaftServerImpl.java:setRole(184)) - fe5257f1-588f-41af-bf70-1c04126c8968@group-9D53872EEF85: changes role from      null to FOLLOWER at term 0 for startAsFollower
2019-11-05 08:23:47,398 [pool-77-thread-1] INFO  impl.RoleInfo (RoleInfo.java:updateAndGet(143)) - fe5257f1-588f-41af-bf70-1c04126c8968: start FollowerState
2019-11-05 08:23:47,399 [pool-77-thread-1] INFO  util.JmxRegister (JmxRegister.java:tryRegister(44)) - Successfully registered JMX Bean with object name Ratis:service=RaftServer,group=group-9D53872EEF85,id=fe5257f1-588f-41af-bf70-1c04126c8968
2019-11-05 08:23:47,411 [Thread-328] INFO  impl.FollowerState (FollowerState.java:run(108)) - ac6ced45-6015-42db-b667-e8b45303208a@group-6ACD184DA147-FollowerState: change to CANDIDATE, lastRpcTime:157ms, electionTimeout:157ms
2019-11-05 08:23:47,411 [Thread-328] INFO  impl.RoleInfo (RoleInfo.java:shutdownFollowerState(121)) - ac6ced45-6015-42db-b667-e8b45303208a: shutdown FollowerState
2019-11-05 08:23:47,412 [Thread-328] INFO  impl.RaftServerImpl (RaftServerImpl.java:setRole(184)) - ac6ced45-6015-42db-b667-e8b45303208a@group-6ACD184DA147: changes role from  FOLLOWER to CANDIDATE at term 0 for changeToCandidate
2019-11-05 08:23:47,413 [Thread-328] INFO  impl.RoleInfo (RoleInfo.java:updateAndGet(143)) - ac6ced45-6015-42db-b667-e8b45303208a: start LeaderElection
2019-11-05 08:23:47,430 [ac6ced45-6015-42db-b667-e8b45303208a@group-6ACD184DA147-LeaderElection10] INFO  impl.LeaderElection (LeaderElection.java:askForVotes(178)) - ac6ced45-6015-42db-b667-e8b45303208a@group-6ACD184DA147-LeaderElection10: begin an election at term 1 for -1: [ac6ced45-6015-42db-b667-e8b45303208a:192.168.164.217:40560], old=null
2019-11-05 08:23:47,430 [ac6ced45-6015-42db-b667-e8b45303208a@group-6ACD184DA147-LeaderElection10] INFO  impl.RoleInfo (RoleInfo.java:shutdownLeaderElection(134)) - ac6ced45-6015-42db-b667-e8b45303208a: shutdown LeaderElection
2019-11-05 08:23:47,430 [ac6ced45-6015-42db-b667-e8b45303208a@group-6ACD184DA147-LeaderElection10] INFO  impl.RaftServerImpl (RaftServerImpl.java:setRole(184)) - ac6ced45-6015-42db-b667-e8b45303208a@group-6ACD184DA147: changes role from CANDIDATE to LEADER at term 1 for changeToLeader
2019-11-05 08:23:47,431 [ac6ced45-6015-42db-b667-e8b45303208a@group-6ACD184DA147-LeaderElection10] INFO  impl.RaftServerImpl (ServerState.java:setLeader(256)) - ac6ced45-6015-42db-b667-e8b45303208a@group-6ACD184DA147: change Leader from null to ac6ced45-6015-42db-b667-e8b45303208a at term 1 for becomeLeader, leader elected after 186ms
2019-11-05 08:23:47,431 [ac6ced45-6015-42db-b667-e8b45303208a@group-6ACD184DA147-LeaderElection10] INFO  server.RaftServerConfigKeys (ConfUtils.java:logGet(43)) - raft.server.staging.catchup.gap = 1000 (default)
2019-11-05 08:23:47,431 [ac6ced45-6015-42db-b667-e8b45303208a@group-6ACD184DA147-LeaderElection10] INFO  server.RaftServerConfigKeys (ConfUtils.java:logGet(43)) - raft.server.rpc.sleep.time = 25ms (default)
2019-11-05 08:23:47,431 [ac6ced45-6015-42db-b667-e8b45303208a@group-6ACD184DA147-LeaderElection10] INFO  server.RaftServerConfigKeys (ConfUtils.java:logGet(43)) - raft.server.write.element-limit = 4096 (default)
2019-11-05 08:23:47,431 [ac6ced45-6015-42db-b667-e8b45303208a@group-6ACD184DA147-LeaderElection10] INFO  server.RaftServerConfigKeys (ConfUtils.java:logGet(43)) - raft.server.watch.timeout = 10s (default)
2019-11-05 08:23:47,431 [RatisPipelineUtilsThread] INFO  pipeline.PipelineStateManager (PipelineStateManager.java:addPipeline(56)) - Created pipeline Pipeline[ Id: f7f0e17c-da69-4896-85e5-9d53872eef85, Nodes: fe5257f1-588f-41af-bf70-1c04126c8968{ip: 192.168.164.217, host: pr-hdds-1643-8bmlk-2934350033, networkLocation: /default-rack, certSerialId: null}c3e88256-f771-43b4-b3fb-c682fc5ee06f{ip: 192.168.164.217, host: pr-hdds-1643-8bmlk-2934350033, networkLocation: /default-rack, certSerialId: null}6189f8a4-91dd-451f-abcb-72b2dcd73465{ip: 192.168.164.217, host: pr-hdds-1643-8bmlk-2934350033, networkLocation: /default-rack, certSerialId: null}, Type:RATIS, Factor:THREE, State:OPEN]
2019-11-05 08:23:47,431 [ac6ced45-6015-42db-b667-e8b45303208a@group-6ACD184DA147-LeaderElection10] INFO  server.RaftServerConfigKeys (ConfUtils.java:logGet(43)) - raft.server.watch.timeout.denomination = 1s (default)
2019-11-05 08:23:47,432 [ac6ced45-6015-42db-b667-e8b45303208a@group-6ACD184DA147-LeaderElection10] INFO  server.RaftServerConfigKeys (ConfUtils.java:logGet(43)) - raft.server.watch.element-limit = 65536 (default)
2019-11-05 08:23:47,438 [ac6ced45-6015-42db-b667-e8b45303208a@group-6ACD184DA147-LeaderElection10] INFO  impl.RoleInfo (RoleInfo.java:updateAndGet(143)) - ac6ced45-6015-42db-b667-e8b45303208a: start LeaderState
2019-11-05 08:23:47,438 [ac6ced45-6015-42db-b667-e8b45303208a@group-6ACD184DA147-LeaderElection10] INFO  segmented.SegmentedRaftLogWorker (SegmentedRaftLogWorker.java:startLogSegment(385)) - ac6ced45-6015-42db-b667-e8b45303208a@group-6ACD184DA147-SegmentedRaftLogWorker: Starting segment from index:0
2019-11-05 08:23:47,438 [ac6ced45-6015-42db-b667-e8b45303208a@group-6ACD184DA147-LeaderElection10] INFO  impl.RaftServerImpl (ServerState.java:setRaftConf(357)) - ac6ced45-6015-42db-b667-e8b45303208a@group-6ACD184DA147: set configuration 0: [ac6ced45-6015-42db-b667-e8b45303208a:192.168.164.217:40560], old=null at 0
2019-11-05 08:23:47,474 [Thread-337] INFO  impl.FollowerState (FollowerState.java:run(108)) - c3e88256-f771-43b4-b3fb-c682fc5ee06f@group-9D53872EEF85-FollowerState: change to CANDIDATE, lastRpcTime:76ms, electionTimeout:64ms
2019-11-05 08:23:47,476 [Thread-338] INFO  impl.FollowerState (FollowerState.java:run(108)) - fe5257f1-588f-41af-bf70-1c04126c8968@group-9D53872EEF85-FollowerState: change to CANDIDATE, lastRpcTime:77ms, electionTimeout:46ms
2019-11-05 08:23:47,476 [Thread-336] INFO  impl.FollowerState (FollowerState.java:run(108)) - 6189f8a4-91dd-451f-abcb-72b2dcd73465@group-9D53872EEF85-FollowerState: change to CANDIDATE, lastRpcTime:82ms, electionTimeout:52ms
2019-11-05 08:23:47,476 [Thread-338] INFO  impl.RoleInfo (RoleInfo.java:shutdownFollowerState(121)) - fe5257f1-588f-41af-bf70-1c04126c8968: shutdown FollowerState
2019-11-05 08:23:47,476 [Thread-336] INFO  impl.RoleInfo (RoleInfo.java:shutdownFollowerState(121)) - 6189f8a4-91dd-451f-abcb-72b2dcd73465: shutdown FollowerState
2019-11-05 08:23:47,476 [Thread-337] INFO  impl.RoleInfo (RoleInfo.java:shutdownFollowerState(121)) - c3e88256-f771-43b4-b3fb-c682fc5ee06f: shutdown FollowerState
2019-11-05 08:23:47,479 [Thread-338] INFO  impl.RaftServerImpl (RaftServerImpl.java:setRole(184)) - fe5257f1-588f-41af-bf70-1c04126c8968@group-9D53872EEF85: changes role from  FOLLOWER to CANDIDATE at term 0 for changeToCandidate
2019-11-05 08:23:47,479 [Thread-336] INFO  impl.RaftServerImpl (RaftServerImpl.java:setRole(184)) - 6189f8a4-91dd-451f-abcb-72b2dcd73465@group-9D53872EEF85: changes role from  FOLLOWER to CANDIDATE at term 0 for changeToCandidate
2019-11-05 08:23:47,479 [Thread-337] INFO  impl.RaftServerImpl (RaftServerImpl.java:setRole(184)) - c3e88256-f771-43b4-b3fb-c682fc5ee06f@group-9D53872EEF85: changes role from  FOLLOWER to CANDIDATE at term 0 for changeToCandidate
2019-11-05 08:23:47,481 [Thread-336] INFO  impl.RoleInfo (RoleInfo.java:updateAndGet(143)) - 6189f8a4-91dd-451f-abcb-72b2dcd73465: start LeaderElection
2019-11-05 08:23:47,481 [Thread-337] INFO  impl.RoleInfo (RoleInfo.java:updateAndGet(143)) - c3e88256-f771-43b4-b3fb-c682fc5ee06f: start LeaderElection
2019-11-05 08:23:47,481 [Thread-338] INFO  impl.RoleInfo (RoleInfo.java:updateAndGet(143)) - fe5257f1-588f-41af-bf70-1c04126c8968: start LeaderElection
2019-11-05 08:23:47,494 [ac6ced45-6015-42db-b667-e8b45303208a@group-6ACD184DA147-SegmentedRaftLogWorker] INFO  segmented.SegmentedRaftLogWorker (SegmentedRaftLogWorker.java:execute(576)) - ac6ced45-6015-42db-b667-e8b45303208a@group-6ACD184DA147-SegmentedRaftLogWorker: created new log segment /workdir/hadoop-ozone/integration-test/target/test-dir/MiniOzoneClusterImpl-0ddfd79e-5774-4abb-9b8b-55ac0c17dbc1/datanode-6/data/ratis/029db426-a9d2-4dca-abda-6acd184da147/current/log_inprogress_0
2019-11-05 08:23:47,504 [grpc-default-executor-0] INFO  impl.RaftServerProxy (RaftServerProxy.java:addNew(89)) - b3bb9051-8089-4c51-a999-81579e5913f2: addNew group-0E159EE4F99E:[caafcba9-090a-41f5-a5f9-cba5a6a81e94:192.168.164.217:37197, a8ae9c07-6d89-4a49-a594-cacd4b776180:192.168.164.217:42719, b3bb9051-8089-4c51-a999-81579e5913f2:192.168.164.217:36516] returns group-0E159EE4F99E:java.util.concurrent.CompletableFuture@1987d9d0[Not completed]
2019-11-05 08:23:47,507 [grpc-default-executor-1] INFO  impl.RaftServerProxy (RaftServerProxy.java:addNew(89)) - caafcba9-090a-41f5-a5f9-cba5a6a81e94: addNew group-0E159EE4F99E:[caafcba9-090a-41f5-a5f9-cba5a6a81e94:192.168.164.217:37197, a8ae9c07-6d89-4a49-a594-cacd4b776180:192.168.164.217:42719, b3bb9051-8089-4c51-a999-81579e5913f2:192.168.164.217:36516] returns group-0E159EE4F99E:java.util.concurrent.CompletableFuture@230ba740[Not completed]
2019-11-05 08:23:47,507 [grpc-default-executor-0] INFO  impl.RaftServerProxy (RaftServerProxy.java:addNew(89)) - a8ae9c07-6d89-4a49-a594-cacd4b776180: addNew group-0E159EE4F99E:[caafcba9-090a-41f5-a5f9-cba5a6a81e94:192.168.164.217:37197, a8ae9c07-6d89-4a49-a594-cacd4b776180:192.168.164.217:42719, b3bb9051-8089-4c51-a999-81579e5913f2:192.168.164.217:36516] returns group-0E159EE4F99E:java.util.concurrent.CompletableFuture@11492213[Not completed]
2019-11-05 08:23:47,508 [pool-67-thread-1] INFO  impl.RaftServerImpl (RaftServerImpl.java:<init>(104)) - b3bb9051-8089-4c51-a999-81579e5913f2: new RaftServerImpl for group-0E159EE4F99E:[caafcba9-090a-41f5-a5f9-cba5a6a81e94:192.168.164.217:37197, a8ae9c07-6d89-4a49-a594-cacd4b776180:192.168.164.217:42719, b3bb9051-8089-4c51-a999-81579e5913f2:192.168.164.217:36516] with ContainerStateMachine:uninitialized
2019-11-05 08:23:47,508 [pool-67-thread-1] INFO  server.RaftServerConfigKeys (ConfUtils.java:logGet(43)) - raft.server.rpc.timeout.min = 1s (custom)
2019-11-05 08:23:47,509 [pool-67-thread-1] INFO  server.RaftServerConfigKeys (ConfUtils.java:logGet(43)) - raft.server.rpc.timeout.max = 1200ms (custom)
2019-11-05 08:23:47,509 [pool-67-thread-1] INFO  server.RaftServerConfigKeys (ConfUtils.java:logGet(43)) - raft.server.rpcslowness.timeout = 120s (custom)
2019-11-05 08:23:47,509 [pool-67-thread-1] INFO  server.RaftServerConfigKeys (ConfUtils.java:logGet(43)) - raft.server.sleep.deviation.threshold = 300 (default)
2019-11-05 08:23:47,509 [pool-67-thread-1] INFO  server.RaftServerConfigKeys (ConfUtils.java:logGet(43)) - raft.server.log.appender.install.snapshot.enabled = false (custom)
2019-11-05 08:23:47,509 [pool-67-thread-1] INFO  impl.RaftServerImpl (ServerState.java:<init>(103)) - b3bb9051-8089-4c51-a999-81579e5913f2@group-0E159EE4F99E: ConfigurationManager, init=-1: [caafcba9-090a-41f5-a5f9-cba5a6a81e94:192.168.164.217:37197, a8ae9c07-6d89-4a49-a594-cacd4b776180:192.168.164.217:42719, b3bb9051-8089-4c51-a999-81579e5913f2:192.168.164.217:36516], old=null, confs=<EMPTY_MAP>
2019-11-05 08:23:47,509 [pool-57-thread-1] INFO  impl.RaftServerImpl (RaftServerImpl.java:<init>(104)) - a8ae9c07-6d89-4a49-a594-cacd4b776180: new RaftServerImpl for group-0E159EE4F99E:[caafcba9-090a-41f5-a5f9-cba5a6a81e94:192.168.164.217:37197, a8ae9c07-6d89-4a49-a594-cacd4b776180:192.168.164.217:42719, b3bb9051-8089-4c51-a999-81579e5913f2:192.168.164.217:36516] with ContainerStateMachine:uninitialized
2019-11-05 08:23:47,509 [pool-67-thread-1] INFO  server.RaftServerConfigKeys (ConfUtils.java:logGet(43)) - raft.server.storage.dir = [/workdir/hadoop-ozone/integration-test/target/test-dir/MiniOzoneClusterImpl-0ddfd79e-5774-4abb-9b8b-55ac0c17dbc1/datanode-4/data/ratis] (custom)
2019-11-05 08:23:47,510 [pool-57-thread-1] INFO  server.RaftServerConfigKeys (ConfUtils.java:logGet(43)) - raft.server.rpc.timeout.min = 1s (custom)
2019-11-05 08:23:47,510 [pool-57-thread-1] INFO  server.RaftServerConfigKeys (ConfUtils.java:logGet(43)) - raft.server.rpc.timeout.max = 1200ms (custom)
2019-11-05 08:23:47,510 [pool-67-thread-1] INFO  server.RaftServerConfigKeys (ConfUtils.java:logGet(43)) - raft.server.log.corruption.policy = EXCEPTION (default)
2019-11-05 08:23:47,510 [pool-57-thread-1] INFO  server.RaftServerConfigKeys (ConfUtils.java:logGet(43)) - raft.server.rpcslowness.timeout = 120s (custom)
2019-11-05 08:23:47,510 [pool-67-thread-1] INFO  storage.RaftStorageDirectory (RaftStorageDirectory.java:analyzeStorage(246)) - The storage directory /workdir/hadoop-ozone/integration-test/target/test-dir/MiniOzoneClusterImpl-0ddfd79e-5774-4abb-9b8b-55ac0c17dbc1/datanode-4/data/ratis/653fd967-f43e-4de4-9174-0e159ee4f99e does not exist. Creating ...
2019-11-05 08:23:47,510 [pool-57-thread-1] INFO  server.RaftServerConfigKeys (ConfUtils.java:logGet(43)) - raft.server.sleep.deviation.threshold = 300 (default)
2019-11-05 08:23:47,511 [pool-57-thread-1] INFO  server.RaftServerConfigKeys (ConfUtils.java:logGet(43)) - raft.server.log.appender.install.snapshot.enabled = false (custom)
2019-11-05 08:23:47,511 [pool-57-thread-1] INFO  impl.RaftServerImpl (ServerState.java:<init>(103)) - a8ae9c07-6d89-4a49-a594-cacd4b776180@group-0E159EE4F99E: ConfigurationManager, init=-1: [caafcba9-090a-41f5-a5f9-cba5a6a81e94:192.168.164.217:37197, a8ae9c07-6d89-4a49-a594-cacd4b776180:192.168.164.217:42719, b3bb9051-8089-4c51-a999-81579e5913f2:192.168.164.217:36516], old=null, confs=<EMPTY_MAP>
2019-11-05 08:23:47,511 [pool-57-thread-1] INFO  server.RaftServerConfigKeys (ConfUtils.java:logGet(43)) - raft.server.storage.dir = [/workdir/hadoop-ozone/integration-test/target/test-dir/MiniOzoneClusterImpl-0ddfd79e-5774-4abb-9b8b-55ac0c17dbc1/datanode-3/data/ratis] (custom)
2019-11-05 08:23:47,511 [fe5257f1-588f-41af-bf70-1c04126c8968@group-9D53872EEF85-LeaderElection11] INFO  impl.LeaderElection (LeaderElection.java:askForVotes(178)) - fe5257f1-588f-41af-bf70-1c04126c8968@group-9D53872EEF85-LeaderElection11: begin an election at term 1 for -1: [fe5257f1-588f-41af-bf70-1c04126c8968:192.168.164.217:33003, 6189f8a4-91dd-451f-abcb-72b2dcd73465:192.168.164.217:36585, c3e88256-f771-43b4-b3fb-c682fc5ee06f:192.168.164.217:37319], old=null
2019-11-05 08:23:47,511 [pool-47-thread-1] INFO  impl.RaftServerImpl (RaftServerImpl.java:<init>(104)) - caafcba9-090a-41f5-a5f9-cba5a6a81e94: new RaftServerImpl for group-0E159EE4F99E:[caafcba9-090a-41f5-a5f9-cba5a6a81e94:192.168.164.217:37197, a8ae9c07-6d89-4a49-a594-cacd4b776180:192.168.164.217:42719, b3bb9051-8089-4c51-a999-81579e5913f2:192.168.164.217:36516] with ContainerStateMachine:uninitialized
2019-11-05 08:23:47,511 [pool-57-thread-1] INFO  server.RaftServerConfigKeys (ConfUtils.java:logGet(43)) - raft.server.log.corruption.policy = EXCEPTION (default)
2019-11-05 08:23:47,511 [c3e88256-f771-43b4-b3fb-c682fc5ee06f@group-9D53872EEF85-LeaderElection13] INFO  impl.LeaderElection (LeaderElection.java:askForVotes(178)) - c3e88256-f771-43b4-b3fb-c682fc5ee06f@group-9D53872EEF85-LeaderElection13: begin an election at term 1 for -1: [fe5257f1-588f-41af-bf70-1c04126c8968:192.168.164.217:33003, 6189f8a4-91dd-451f-abcb-72b2dcd73465:192.168.164.217:36585, c3e88256-f771-43b4-b3fb-c682fc5ee06f:192.168.164.217:37319], old=null
2019-11-05 08:23:47,512 [pool-57-thread-1] INFO  storage.RaftStorageDirectory (RaftStorageDirectory.java:analyzeStorage(246)) - The storage directory /workdir/hadoop-ozone/integration-test/target/test-dir/MiniOzoneClusterImpl-0ddfd79e-5774-4abb-9b8b-55ac0c17dbc1/datanode-3/data/ratis/653fd967-f43e-4de4-9174-0e159ee4f99e does not exist. Creating ...
2019-11-05 08:23:47,511 [6189f8a4-91dd-451f-abcb-72b2dcd73465@group-9D53872EEF85-LeaderElection12] INFO  impl.LeaderElection (LeaderElection.java:askForVotes(178)) - 6189f8a4-91dd-451f-abcb-72b2dcd73465@group-9D53872EEF85-LeaderElection12: begin an election at term 1 for -1: [fe5257f1-588f-41af-bf70-1c04126c8968:192.168.164.217:33003, 6189f8a4-91dd-451f-abcb-72b2dcd73465:192.168.164.217:36585, c3e88256-f771-43b4-b3fb-c682fc5ee06f:192.168.164.217:37319], old=null
2019-11-05 08:23:47,512 [pool-47-thread-1] INFO  server.RaftServerConfigKeys (ConfUtils.java:logGet(43)) - raft.server.rpc.timeout.min = 1s (custom)
2019-11-05 08:23:47,512 [pool-47-thread-1] INFO  server.RaftServerConfigKeys (ConfUtils.java:logGet(43)) - raft.server.rpc.timeout.max = 1200ms (custom)
2019-11-05 08:23:47,512 [pool-47-thread-1] INFO  server.RaftServerConfigKeys (ConfUtils.java:logGet(43)) - raft.server.rpcslowness.timeout = 120s (custom)
2019-11-05 08:23:47,513 [pool-47-thread-1] INFO  server.RaftServerConfigKeys (ConfUtils.java:logGet(43)) - raft.server.sleep.deviation.threshold = 300 (default)
2019-11-05 08:23:47,513 [pool-47-thread-1] INFO  server.RaftServerConfigKeys (ConfUtils.java:logGet(43)) - raft.server.log.appender.install.snapshot.enabled = false (custom)
2019-11-05 08:23:47,513 [pool-47-thread-1] INFO  impl.RaftServerImpl (ServerState.java:<init>(103)) - caafcba9-090a-41f5-a5f9-cba5a6a81e94@group-0E159EE4F99E: ConfigurationManager, init=-1: [caafcba9-090a-41f5-a5f9-cba5a6a81e94:192.168.164.217:37197, a8ae9c07-6d89-4a49-a594-cacd4b776180:192.168.164.217:42719, b3bb9051-8089-4c51-a999-81579e5913f2:192.168.164.217:36516], old=null, confs=<EMPTY_MAP>
2019-11-05 08:23:47,513 [pool-47-thread-1] INFO  server.RaftServerConfigKeys (ConfUtils.java:logGet(43)) - raft.server.storage.dir = [/workdir/hadoop-ozone/integration-test/target/test-dir/MiniOzoneClusterImpl-0ddfd79e-5774-4abb-9b8b-55ac0c17dbc1/datanode-2/data/ratis] (custom)
2019-11-05 08:23:47,515 [pool-67-thread-1] INFO  storage.RaftStorageDirectory (RaftStorageDirectory.java:tryLock(328)) - Lock on /workdir/hadoop-ozone/integration-test/target/test-dir/MiniOzoneClusterImpl-0ddfd79e-5774-4abb-9b8b-55ac0c17dbc1/datanode-4/data/ratis/653fd967-f43e-4de4-9174-0e159ee4f99e/in_use.lock acquired by nodename 26210@pr-hdds-1643-8bmlk-2934350033
2019-11-05 08:23:47,515 [pool-47-thread-1] INFO  server.RaftServerConfigKeys (ConfUtils.java:logGet(43)) - raft.server.log.corruption.policy = EXCEPTION (default)
2019-11-05 08:23:47,516 [pool-47-thread-1] INFO  storage.RaftStorageDirectory (RaftStorageDirectory.java:analyzeStorage(246)) - The storage directory /workdir/hadoop-ozone/integration-test/target/test-dir/MiniOzoneClusterImpl-0ddfd79e-5774-4abb-9b8b-55ac0c17dbc1/datanode-2/data/ratis/653fd967-f43e-4de4-9174-0e159ee4f99e does not exist. Creating ...
2019-11-05 08:23:47,516 [pool-57-thread-1] INFO  storage.RaftStorageDirectory (RaftStorageDirectory.java:tryLock(328)) - Lock on /workdir/hadoop-ozone/integration-test/target/test-dir/MiniOzoneClusterImpl-0ddfd79e-5774-4abb-9b8b-55ac0c17dbc1/datanode-3/data/ratis/653fd967-f43e-4de4-9174-0e159ee4f99e/in_use.lock acquired by nodename 26210@pr-hdds-1643-8bmlk-2934350033
2019-11-05 08:23:47,535 [pool-47-thread-1] INFO  storage.RaftStorageDirectory (RaftStorageDirectory.java:tryLock(328)) - Lock on /workdir/hadoop-ozone/integration-test/target/test-dir/MiniOzoneClusterImpl-0ddfd79e-5774-4abb-9b8b-55ac0c17dbc1/datanode-2/data/ratis/653fd967-f43e-4de4-9174-0e159ee4f99e/in_use.lock acquired by nodename 26210@pr-hdds-1643-8bmlk-2934350033
2019-11-05 08:23:47,535 [pool-67-thread-1] INFO  storage.RaftStorage (RaftStorage.java:format(84)) - Storage directory /workdir/hadoop-ozone/integration-test/target/test-dir/MiniOzoneClusterImpl-0ddfd79e-5774-4abb-9b8b-55ac0c17dbc1/datanode-4/data/ratis/653fd967-f43e-4de4-9174-0e159ee4f99e has been successfully formatted.
2019-11-05 08:23:47,535 [pool-57-thread-1] INFO  storage.RaftStorage (RaftStorage.java:format(84)) - Storage directory /workdir/hadoop-ozone/integration-test/target/test-dir/MiniOzoneClusterImpl-0ddfd79e-5774-4abb-9b8b-55ac0c17dbc1/datanode-3/data/ratis/653fd967-f43e-4de4-9174-0e159ee4f99e has been successfully formatted.
2019-11-05 08:23:47,535 [pool-67-thread-1] INFO  ratis.ContainerStateMachine (ContainerStateMachine.java:loadSnapshot(231)) - group-0E159EE4F99E: The snapshot info is null. Setting the last applied indexto:(t:0, i:~)
2019-11-05 08:23:47,538 [pool-67-thread-1] INFO  server.RaftServerConfigKeys (ConfUtils.java:logGet(43)) - raft.server.notification.no-leader.timeout = 120s (custom)
2019-11-05 08:23:47,538 [pool-67-thread-1] INFO  server.RaftServerConfigKeys (ConfUtils.java:logGet(43)) - raft.server.log.use.memory = false (default)
2019-11-05 08:23:47,538 [pool-67-thread-1] INFO  server.RaftServerConfigKeys (ConfUtils.java:logGet(43)) - raft.server.log.purge.gap = 1000000 (custom)
2019-11-05 08:23:47,538 [pool-57-thread-1] INFO  ratis.ContainerStateMachine (ContainerStateMachine.java:loadSnapshot(231)) - group-0E159EE4F99E: The snapshot info is null. Setting the last applied indexto:(t:0, i:~)
2019-11-05 08:23:47,538 [pool-67-thread-1] INFO  server.RaftServerConfigKeys (ConfUtils.java:logGet(43)) - raft.server.log.appender.buffer.byte-limit = 33554432 (custom)
2019-11-05 08:23:47,538 [pool-57-thread-1] INFO  server.RaftServerConfigKeys (ConfUtils.java:logGet(43)) - raft.server.notification.no-leader.timeout = 120s (custom)
2019-11-05 08:23:47,538 [pool-67-thread-1] INFO  server.RaftServerConfigKeys (ConfUtils.java:logGet(43)) - raft.server.log.segment.size.max = 1048576 (custom)
2019-11-05 08:23:47,538 [pool-57-thread-1] INFO  server.RaftServerConfigKeys (ConfUtils.java:logGet(43)) - raft.server.log.use.memory = false (default)
2019-11-05 08:23:47,539 [pool-67-thread-1] INFO  server.RaftServerConfigKeys (ConfUtils.java:logGet(43)) - raft.server.log.segment.cache.num.max = 2 (custom)
2019-11-05 08:23:47,539 [pool-57-thread-1] INFO  server.RaftServerConfigKeys (ConfUtils.java:logGet(43)) - raft.server.log.purge.gap = 1000000 (custom)
2019-11-05 08:23:47,539 [pool-67-thread-1] INFO  segmented.SegmentedRaftLogWorker (SegmentedRaftLogWorker.java:<init>(173)) - new b3bb9051-8089-4c51-a999-81579e5913f2@group-0E159EE4F99E-SegmentedRaftLogWorker for RaftStorage:Storage Directory /workdir/hadoop-ozone/integration-test/target/test-dir/MiniOzoneClusterImpl-0ddfd79e-5774-4abb-9b8b-55ac0c17dbc1/datanode-4/data/ratis/653fd967-f43e-4de4-9174-0e159ee4f99e
2019-11-05 08:23:47,539 [pool-57-thread-1] INFO  server.RaftServerConfigKeys (ConfUtils.java:logGet(43)) - raft.server.log.appender.buffer.byte-limit = 33554432 (custom)
2019-11-05 08:23:47,539 [pool-67-thread-1] INFO  server.RaftServerConfigKeys (ConfUtils.java:logGet(43)) - raft.server.log.queue.byte-limit = 2147483647 (custom)
2019-11-05 08:23:47,541 [pool-57-thread-1] INFO  server.RaftServerConfigKeys (ConfUtils.java:logGet(43)) - raft.server.log.segment.size.max = 1048576 (custom)
2019-11-05 08:23:47,541 [pool-67-thread-1] INFO  server.RaftServerConfigKeys (ConfUtils.java:logGet(43)) - raft.server.log.queue.element-limit = 1024 (custom)
2019-11-05 08:23:47,541 [pool-57-thread-1] INFO  server.RaftServerConfigKeys (ConfUtils.java:logGet(43)) - raft.server.log.segment.cache.num.max = 2 (custom)
2019-11-05 08:23:47,541 [pool-67-thread-1] INFO  server.RaftServerConfigKeys (ConfUtils.java:logGet(43)) - raft.server.log.segment.size.max = 1048576 (custom)
2019-11-05 08:23:47,541 [pool-57-thread-1] INFO  segmented.SegmentedRaftLogWorker (SegmentedRaftLogWorker.java:<init>(173)) - new a8ae9c07-6d89-4a49-a594-cacd4b776180@group-0E159EE4F99E-SegmentedRaftLogWorker for RaftStorage:Storage Directory /workdir/hadoop-ozone/integration-test/target/test-dir/MiniOzoneClusterImpl-0ddfd79e-5774-4abb-9b8b-55ac0c17dbc1/datanode-3/data/ratis/653fd967-f43e-4de4-9174-0e159ee4f99e
2019-11-05 08:23:47,542 [pool-67-thread-1] INFO  server.RaftServerConfigKeys (ConfUtils.java:logGet(43)) - raft.server.log.preallocated.size = 16384 (custom)
2019-11-05 08:23:47,542 [pool-57-thread-1] INFO  server.RaftServerConfigKeys (ConfUtils.java:logGet(43)) - raft.server.log.queue.byte-limit = 2147483647 (custom)
2019-11-05 08:23:47,542 [pool-67-thread-1] INFO  server.RaftServerConfigKeys (ConfUtils.java:logGet(43)) - raft.server.log.write.buffer.size = 33554432 (custom)
2019-11-05 08:23:47,542 [pool-57-thread-1] INFO  server.RaftServerConfigKeys (ConfUtils.java:logGet(43)) - raft.server.log.queue.element-limit = 1024 (custom)
2019-11-05 08:23:47,542 [pool-67-thread-1] INFO  server.RaftServerConfigKeys (ConfUtils.java:logGet(43)) - raft.server.log.force.sync.num = 128 (default)
2019-11-05 08:23:47,542 [pool-57-thread-1] INFO  server.RaftServerConfigKeys (ConfUtils.java:logGet(43)) - raft.server.log.segment.size.max = 1048576 (custom)
2019-11-05 08:23:47,542 [pool-67-thread-1] INFO  server.RaftServerConfigKeys (ConfUtils.java:logGet(43)) - raft.server.log.statemachine.data.sync = true (default)
2019-11-05 08:23:47,543 [pool-57-thread-1] INFO  server.RaftServerConfigKeys (ConfUtils.java:logGet(43)) - raft.server.log.preallocated.size = 16384 (custom)
2019-11-05 08:23:47,543 [pool-67-thread-1] INFO  server.RaftServerConfigKeys (ConfUtils.java:logGet(43)) - raft.server.log.statemachine.data.sync.timeout = 10s (default)
2019-11-05 08:23:47,543 [pool-57-thread-1] INFO  server.RaftServerConfigKeys (ConfUtils.java:logGet(43)) - raft.server.log.write.buffer.size = 33554432 (custom)
2019-11-05 08:23:47,543 [pool-67-thread-1] INFO  server.RaftServerConfigKeys (ConfUtils.java:logGet(43)) - raft.server.log.statemachine.data.sync.timeout.retry = -1 (default)
2019-11-05 08:23:47,543 [pool-57-thread-1] INFO  server.RaftServerConfigKeys (ConfUtils.java:logGet(43)) - raft.server.log.force.sync.num = 128 (default)
2019-11-05 08:23:47,543 [pool-67-thread-1] INFO  server.RaftServerConfigKeys (ConfUtils.java:logGet(43)) - raft.server.log.statemachine.data.caching.enabled = true (custom)
2019-11-05 08:23:47,543 [pool-57-thread-1] INFO  server.RaftServerConfigKeys (ConfUtils.java:logGet(43)) - raft.server.log.statemachine.data.sync = true (default)
2019-11-05 08:23:47,544 [pool-57-thread-1] INFO  server.RaftServerConfigKeys (ConfUtils.java:logGet(43)) - raft.server.log.statemachine.data.sync.timeout = 10s (default)
2019-11-05 08:23:47,544 [pool-67-thread-1] INFO  segmented.SegmentedRaftLogWorker (SegmentedRaftLogWorker.java:lambda$new$0(128)) - b3bb9051-8089-4c51-a999-81579e5913f2@group-0E159EE4F99E-SegmentedRaftLogWorker: flushIndex: setUnconditionally 0 -> -1
2019-11-05 08:23:47,544 [pool-57-thread-1] INFO  server.RaftServerConfigKeys (ConfUtils.java:logGet(43)) - raft.server.log.statemachine.data.sync.timeout.retry = -1 (default)
2019-11-05 08:23:47,544 [pool-67-thread-1] INFO  server.RaftServerConfigKeys (ConfUtils.java:logGet(43)) - raft.server.snapshot.auto.trigger.enabled = true (custom)
2019-11-05 08:23:47,544 [pool-57-thread-1] INFO  server.RaftServerConfigKeys (ConfUtils.java:logGet(43)) - raft.server.log.statemachine.data.caching.enabled = true (custom)
2019-11-05 08:23:47,544 [pool-67-thread-1] INFO  server.RaftServerConfigKeys (ConfUtils.java:logGet(43)) - raft.server.snapshot.auto.trigger.threshold = 10000 (custom)
2019-11-05 08:23:47,545 [pool-67-thread-1] INFO  server.RaftServerConfigKeys (ConfUtils.java:logGet(43)) - raft.server.snapshot.retention.file.num = 5 (custom)
2019-11-05 08:23:47,545 [pool-57-thread-1] INFO  segmented.SegmentedRaftLogWorker (SegmentedRaftLogWorker.java:lambda$new$0(128)) - a8ae9c07-6d89-4a49-a594-cacd4b776180@group-0E159EE4F99E-SegmentedRaftLogWorker: flushIndex: setUnconditionally 0 -> -1
2019-11-05 08:23:47,545 [pool-67-thread-1] INFO  server.RaftServerConfigKeys (ConfUtils.java:logGet(43)) - raft.server.retrycache.expirytime = 600000ms (custom)
2019-11-05 08:23:47,545 [pool-57-thread-1] INFO  server.RaftServerConfigKeys (ConfUtils.java:logGet(43)) - raft.server.snapshot.auto.trigger.enabled = true (custom)
2019-11-05 08:23:47,545 [pool-57-thread-1] INFO  server.RaftServerConfigKeys (ConfUtils.java:logGet(43)) - raft.server.snapshot.auto.trigger.threshold = 10000 (custom)
2019-11-05 08:23:47,545 [pool-57-thread-1] INFO  server.RaftServerConfigKeys (ConfUtils.java:logGet(43)) - raft.server.snapshot.retention.file.num = 5 (custom)
2019-11-05 08:23:47,546 [pool-57-thread-1] INFO  server.RaftServerConfigKeys (ConfUtils.java:logGet(43)) - raft.server.retrycache.expirytime = 600000ms (custom)
2019-11-05 08:23:47,551 [pool-47-thread-1] INFO  storage.RaftStorage (RaftStorage.java:format(84)) - Storage directory /workdir/hadoop-ozone/integration-test/target/test-dir/MiniOzoneClusterImpl-0ddfd79e-5774-4abb-9b8b-55ac0c17dbc1/datanode-2/data/ratis/653fd967-f43e-4de4-9174-0e159ee4f99e has been successfully formatted.
2019-11-05 08:23:47,551 [pool-47-thread-1] INFO  ratis.ContainerStateMachine (ContainerStateMachine.java:loadSnapshot(231)) - group-0E159EE4F99E: The snapshot info is null. Setting the last applied indexto:(t:0, i:~)
2019-11-05 08:23:47,559 [pool-47-thread-1] INFO  server.RaftServerConfigKeys (ConfUtils.java:logGet(43)) - raft.server.notification.no-leader.timeout = 120s (custom)
2019-11-05 08:23:47,559 [pool-47-thread-1] INFO  server.RaftServerConfigKeys (ConfUtils.java:logGet(43)) - raft.server.log.use.memory = false (default)
2019-11-05 08:23:47,559 [pool-47-thread-1] INFO  server.RaftServerConfigKeys (ConfUtils.java:logGet(43)) - raft.server.log.purge.gap = 1000000 (custom)
2019-11-05 08:23:47,559 [pool-47-thread-1] INFO  server.RaftServerConfigKeys (ConfUtils.java:logGet(43)) - raft.server.log.appender.buffer.byte-limit = 33554432 (custom)
2019-11-05 08:23:47,561 [pool-47-thread-1] INFO  server.RaftServerConfigKeys (ConfUtils.java:logGet(43)) - raft.server.log.segment.size.max = 1048576 (custom)
2019-11-05 08:23:47,562 [pool-47-thread-1] INFO  server.RaftServerConfigKeys (ConfUtils.java:logGet(43)) - raft.server.log.segment.cache.num.max = 2 (custom)
2019-11-05 08:23:47,563 [pool-67-thread-1] INFO  impl.RaftServerImpl (RaftServerImpl.java:start(195)) - b3bb9051-8089-4c51-a999-81579e5913f2@group-0E159EE4F99E: start as a follower, conf=-1: [caafcba9-090a-41f5-a5f9-cba5a6a81e94:192.168.164.217:37197, a8ae9c07-6d89-4a49-a594-cacd4b776180:192.168.164.217:42719, b3bb9051-8089-4c51-a999-81579e5913f2:192.168.164.217:36516], old=null
2019-11-05 08:23:47,563 [pool-47-thread-1] INFO  segmented.SegmentedRaftLogWorker (SegmentedRaftLogWorker.java:<init>(173)) - new caafcba9-090a-41f5-a5f9-cba5a6a81e94@group-0E159EE4F99E-SegmentedRaftLogWorker for RaftStorage:Storage Directory /workdir/hadoop-ozone/integration-test/target/test-dir/MiniOzoneClusterImpl-0ddfd79e-5774-4abb-9b8b-55ac0c17dbc1/datanode-2/data/ratis/653fd967-f43e-4de4-9174-0e159ee4f99e
2019-11-05 08:23:47,564 [fe5257f1-588f-41af-bf70-1c04126c8968@group-9D53872EEF85-LeaderElection11] INFO  impl.LeaderElection (LeaderElection.java:logAndReturn(56)) - fe5257f1-588f-41af-bf70-1c04126c8968@group-9D53872EEF85-LeaderElection11: Election TIMEOUT; received 0 response(s) [] and 0 exception(s); fe5257f1-588f-41af-bf70-1c04126c8968@group-9D53872EEF85:t1, leader=null, voted=fe5257f1-588f-41af-bf70-1c04126c8968, raftlog=fe5257f1-588f-41af-bf70-1c04126c8968@group-9D53872EEF85-SegmentedRaftLog:OPENED:c-1,f-1,i0, conf=-1: [fe5257f1-588f-41af-bf70-1c04126c8968:192.168.164.217:33003, 6189f8a4-91dd-451f-abcb-72b2dcd73465:192.168.164.217:36585, c3e88256-f771-43b4-b3fb-c682fc5ee06f:192.168.164.217:37319], old=null
2019-11-05 08:23:47,564 [pool-67-thread-1] INFO  impl.RaftServerImpl (RaftServerImpl.java:setRole(184)) - b3bb9051-8089-4c51-a999-81579e5913f2@group-0E159EE4F99E: changes role from      null to FOLLOWER at term 0 for startAsFollower
2019-11-05 08:23:47,564 [pool-57-thread-1] INFO  impl.RaftServerImpl (RaftServerImpl.java:start(195)) - a8ae9c07-6d89-4a49-a594-cacd4b776180@group-0E159EE4F99E: start as a follower, conf=-1: [caafcba9-090a-41f5-a5f9-cba5a6a81e94:192.168.164.217:37197, a8ae9c07-6d89-4a49-a594-cacd4b776180:192.168.164.217:42719, b3bb9051-8089-4c51-a999-81579e5913f2:192.168.164.217:36516], old=null
2019-11-05 08:23:47,566 [pool-67-thread-1] INFO  impl.RoleInfo (RoleInfo.java:updateAndGet(143)) - b3bb9051-8089-4c51-a999-81579e5913f2: start FollowerState
2019-11-05 08:23:47,564 [pool-47-thread-1] INFO  server.RaftServerConfigKeys (ConfUtils.java:logGet(43)) - raft.server.log.queue.byte-limit = 2147483647 (custom)
2019-11-05 08:23:47,566 [pool-57-thread-1] INFO  impl.RaftServerImpl (RaftServerImpl.java:setRole(184)) - a8ae9c07-6d89-4a49-a594-cacd4b776180@group-0E159EE4F99E: changes role from      null to FOLLOWER at term 0 for startAsFollower
2019-11-05 08:23:47,566 [pool-47-thread-1] INFO  server.RaftServerConfigKeys (ConfUtils.java:logGet(43)) - raft.server.log.queue.element-limit = 1024 (custom)
2019-11-05 08:23:47,566 [pool-57-thread-1] INFO  impl.RoleInfo (RoleInfo.java:updateAndGet(143)) - a8ae9c07-6d89-4a49-a594-cacd4b776180: start FollowerState
2019-11-05 08:23:47,566 [pool-67-thread-1] INFO  util.JmxRegister (JmxRegister.java:tryRegister(44)) - Successfully registered JMX Bean with object name Ratis:service=RaftServer,group=group-0E159EE4F99E,id=b3bb9051-8089-4c51-a999-81579e5913f2
2019-11-05 08:23:47,566 [pool-47-thread-1] INFO  server.RaftServerConfigKeys (ConfUtils.java:logGet(43)) - raft.server.log.segment.size.max = 1048576 (custom)
2019-11-05 08:23:47,567 [pool-57-thread-1] INFO  util.JmxRegister (JmxRegister.java:tryRegister(44)) - Successfully registered JMX Bean with object name Ratis:service=RaftServer,group=group-0E159EE4F99E,id=a8ae9c07-6d89-4a49-a594-cacd4b776180
2019-11-05 08:23:47,567 [pool-47-thread-1] INFO  server.RaftServerConfigKeys (ConfUtils.java:logGet(43)) - raft.server.log.preallocated.size = 16384 (custom)
2019-11-05 08:23:47,567 [pool-47-thread-1] INFO  server.RaftServerConfigKeys (ConfUtils.java:logGet(43)) - raft.server.log.write.buffer.size = 33554432 (custom)
2019-11-05 08:23:47,569 [pool-47-thread-1] INFO  server.RaftServerConfigKeys (ConfUtils.java:logGet(43)) - raft.server.log.force.sync.num = 128 (default)
2019-11-05 08:23:47,569 [pool-47-thread-1] INFO  server.RaftServerConfigKeys (ConfUtils.java:logGet(43)) - raft.server.log.statemachine.data.sync = true (default)
2019-11-05 08:23:47,576 [pool-47-thread-1] INFO  server.RaftServerConfigKeys (ConfUtils.java:logGet(43)) - raft.server.log.statemachine.data.sync.timeout = 10s (default)
2019-11-05 08:23:47,576 [pool-47-thread-1] INFO  server.RaftServerConfigKeys (ConfUtils.java:logGet(43)) - raft.server.log.statemachine.data.sync.timeout.retry = -1 (default)
2019-11-05 08:23:47,577 [pool-47-thread-1] INFO  server.RaftServerConfigKeys (ConfUtils.java:logGet(43)) - raft.server.log.statemachine.data.caching.enabled = true (custom)
2019-11-05 08:23:47,579 [pool-47-thread-1] INFO  segmented.SegmentedRaftLogWorker (SegmentedRaftLogWorker.java:lambda$new$0(128)) - caafcba9-090a-41f5-a5f9-cba5a6a81e94@group-0E159EE4F99E-SegmentedRaftLogWorker: flushIndex: setUnconditionally 0 -> -1
2019-11-05 08:23:47,580 [fe5257f1-588f-41af-bf70-1c04126c8968@group-9D53872EEF85-LeaderElection11] INFO  impl.LeaderElection (LeaderElection.java:askForVotes(178)) - fe5257f1-588f-41af-bf70-1c04126c8968@group-9D53872EEF85-LeaderElection11: begin an election at term 2 for -1: [fe5257f1-588f-41af-bf70-1c04126c8968:192.168.164.217:33003, 6189f8a4-91dd-451f-abcb-72b2dcd73465:192.168.164.217:36585, c3e88256-f771-43b4-b3fb-c682fc5ee06f:192.168.164.217:37319], old=null
2019-11-05 08:23:47,580 [pool-47-thread-1] INFO  server.RaftServerConfigKeys (ConfUtils.java:logGet(43)) - raft.server.snapshot.auto.trigger.enabled = true (custom)
2019-11-05 08:23:47,581 [pool-47-thread-1] INFO  server.RaftServerConfigKeys (ConfUtils.java:logGet(43)) - raft.server.snapshot.auto.trigger.threshold = 10000 (custom)
2019-11-05 08:23:47,581 [pool-47-thread-1] INFO  server.RaftServerConfigKeys (ConfUtils.java:logGet(43)) - raft.server.snapshot.retention.file.num = 5 (custom)
2019-11-05 08:23:47,583 [pool-47-thread-1] INFO  server.RaftServerConfigKeys (ConfUtils.java:logGet(43)) - raft.server.retrycache.expirytime = 600000ms (custom)
2019-11-05 08:23:47,591 [c3e88256-f771-43b4-b3fb-c682fc5ee06f@group-9D53872EEF85-LeaderElection13] INFO  impl.LeaderElection (LeaderElection.java:logAndReturn(56)) - c3e88256-f771-43b4-b3fb-c682fc5ee06f@group-9D53872EEF85-LeaderElection13: Election REJECTED; received 2 response(s) [c3e88256-f771-43b4-b3fb-c682fc5ee06f<-fe5257f1-588f-41af-bf70-1c04126c8968#0:FAIL-t1, c3e88256-f771-43b4-b3fb-c682fc5ee06f<-6189f8a4-91dd-451f-abcb-72b2dcd73465#0:FAIL-t1] and 0 exception(s); c3e88256-f771-43b4-b3fb-c682fc5ee06f@group-9D53872EEF85:t1, leader=null, voted=c3e88256-f771-43b4-b3fb-c682fc5ee06f, raftlog=c3e88256-f771-43b4-b3fb-c682fc5ee06f@group-9D53872EEF85-SegmentedRaftLog:OPENED:c-1,f-1,i0, conf=-1: [fe5257f1-588f-41af-bf70-1c04126c8968:192.168.164.217:33003, 6189f8a4-91dd-451f-abcb-72b2dcd73465:192.168.164.217:36585, c3e88256-f771-43b4-b3fb-c682fc5ee06f:192.168.164.217:37319], old=null
2019-11-05 08:23:47,591 [6189f8a4-91dd-451f-abcb-72b2dcd73465@group-9D53872EEF85-LeaderElection12] INFO  impl.LeaderElection (LeaderElection.java:logAndReturn(56)) - 6189f8a4-91dd-451f-abcb-72b2dcd73465@group-9D53872EEF85-LeaderElection12: Election DISCOVERED_A_NEW_TERM; received 2 response(s) [6189f8a4-91dd-451f-abcb-72b2dcd73465<-fe5257f1-588f-41af-bf70-1c04126c8968#0:FAIL-t2, 6189f8a4-91dd-451f-abcb-72b2dcd73465<-c3e88256-f771-43b4-b3fb-c682fc5ee06f#0:FAIL-t1] and 0 exception(s); 6189f8a4-91dd-451f-abcb-72b2dcd73465@group-9D53872EEF85:t1, leader=null, voted=6189f8a4-91dd-451f-abcb-72b2dcd73465, raftlog=6189f8a4-91dd-451f-abcb-72b2dcd73465@group-9D53872EEF85-SegmentedRaftLog:OPENED:c-1,f-1,i0, conf=-1: [fe5257f1-588f-41af-bf70-1c04126c8968:192.168.164.217:33003, 6189f8a4-91dd-451f-abcb-72b2dcd73465:192.168.164.217:36585, c3e88256-f771-43b4-b3fb-c682fc5ee06f:192.168.164.217:37319], old=null
2019-11-05 08:23:47,599 [pool-47-thread-1] INFO  impl.RaftServerImpl (RaftServerImpl.java:start(195)) - caafcba9-090a-41f5-a5f9-cba5a6a81e94@group-0E159EE4F99E: start as a follower, conf=-1: [caafcba9-090a-41f5-a5f9-cba5a6a81e94:192.168.164.217:37197, a8ae9c07-6d89-4a49-a594-cacd4b776180:192.168.164.217:42719, b3bb9051-8089-4c51-a999-81579e5913f2:192.168.164.217:36516], old=null
2019-11-05 08:23:47,600 [6189f8a4-91dd-451f-abcb-72b2dcd73465@group-9D53872EEF85-LeaderElection12] INFO  impl.RaftServerImpl (RaftServerImpl.java:setRole(184)) - 6189f8a4-91dd-451f-abcb-72b2dcd73465@group-9D53872EEF85: changes role from CANDIDATE to FOLLOWER at term 2 for DISCOVERED_A_NEW_TERM
2019-11-05 08:23:47,602 [c3e88256-f771-43b4-b3fb-c682fc5ee06f@group-9D53872EEF85-LeaderElection13] INFO  impl.RaftServerImpl (RaftServerImpl.java:setRole(184)) - c3e88256-f771-43b4-b3fb-c682fc5ee06f@group-9D53872EEF85: changes role from CANDIDATE to FOLLOWER at term 1 for DISCOVERED_A_NEW_TERM
2019-11-05 08:23:47,602 [6189f8a4-91dd-451f-abcb-72b2dcd73465@group-9D53872EEF85-LeaderElection12] INFO  impl.RoleInfo (RoleInfo.java:shutdownLeaderElection(134)) - 6189f8a4-91dd-451f-abcb-72b2dcd73465: shutdown LeaderElection
2019-11-05 08:23:47,602 [pool-47-thread-1] INFO  impl.RaftServerImpl (RaftServerImpl.java:setRole(184)) - caafcba9-090a-41f5-a5f9-cba5a6a81e94@group-0E159EE4F99E: changes role from      null to FOLLOWER at term 0 for startAsFollower
2019-11-05 08:23:47,609 [Thread-355] INFO  impl.FollowerState (FollowerState.java:run(108)) - b3bb9051-8089-4c51-a999-81579e5913f2@group-0E159EE4F99E-FollowerState: change to CANDIDATE, lastRpcTime:43ms, electionTimeout:39ms
2019-11-05 08:23:47,609 [6189f8a4-91dd-451f-abcb-72b2dcd73465@group-9D53872EEF85-LeaderElection12] INFO  impl.RoleInfo (RoleInfo.java:updateAndGet(143)) - 6189f8a4-91dd-451f-abcb-72b2dcd73465: start FollowerState
2019-11-05 08:23:47,602 [c3e88256-f771-43b4-b3fb-c682fc5ee06f@group-9D53872EEF85-LeaderElection13] INFO  impl.RoleInfo (RoleInfo.java:shutdownLeaderElection(134)) - c3e88256-f771-43b4-b3fb-c682fc5ee06f: shutdown LeaderElection
2019-11-05 08:23:47,610 [Thread-355] INFO  impl.RoleInfo (RoleInfo.java:shutdownFollowerState(121)) - b3bb9051-8089-4c51-a999-81579e5913f2: shutdown FollowerState
2019-11-05 08:23:47,609 [pool-47-thread-1] INFO  impl.RoleInfo (RoleInfo.java:updateAndGet(143)) - caafcba9-090a-41f5-a5f9-cba5a6a81e94: start FollowerState
2019-11-05 08:23:47,612 [Thread-355] INFO  impl.RaftServerImpl (RaftServerImpl.java:setRole(184)) - b3bb9051-8089-4c51-a999-81579e5913f2@group-0E159EE4F99E: changes role from  FOLLOWER to CANDIDATE at term 0 for changeToCandidate
2019-11-05 08:23:47,612 [c3e88256-f771-43b4-b3fb-c682fc5ee06f@group-9D53872EEF85-LeaderElection13] INFO  impl.RoleInfo (RoleInfo.java:updateAndGet(143)) - c3e88256-f771-43b4-b3fb-c682fc5ee06f: start FollowerState
2019-11-05 08:23:47,612 [Thread-355] INFO  impl.RoleInfo (RoleInfo.java:updateAndGet(143)) - b3bb9051-8089-4c51-a999-81579e5913f2: start LeaderElection
2019-11-05 08:23:47,612 [pool-47-thread-1] INFO  util.JmxRegister (JmxRegister.java:tryRegister(44)) - Successfully registered JMX Bean with object name Ratis:service=RaftServer,group=group-0E159EE4F99E,id=caafcba9-090a-41f5-a5f9-cba5a6a81e94
2019-11-05 08:23:47,619 [Thread-363] INFO  impl.FollowerState (FollowerState.java:run(108)) - caafcba9-090a-41f5-a5f9-cba5a6a81e94@group-0E159EE4F99E-FollowerState: change to CANDIDATE, lastRpcTime:9ms, electionTimeout:6ms
2019-11-05 08:23:47,619 [Thread-363] INFO  impl.RoleInfo (RoleInfo.java:shutdownFollowerState(121)) - caafcba9-090a-41f5-a5f9-cba5a6a81e94: shutdown FollowerState
2019-11-05 08:23:47,619 [Thread-363] INFO  impl.RaftServerImpl (RaftServerImpl.java:setRole(184)) - caafcba9-090a-41f5-a5f9-cba5a6a81e94@group-0E159EE4F99E: changes role from  FOLLOWER to CANDIDATE at term 0 for changeToCandidate
2019-11-05 08:23:47,620 [Thread-363] INFO  impl.RoleInfo (RoleInfo.java:updateAndGet(143)) - caafcba9-090a-41f5-a5f9-cba5a6a81e94: start LeaderElection
2019-11-05 08:23:47,620 [grpc-default-executor-2] INFO  impl.RaftServerImpl (RaftServerImpl.java:setRole(184)) - c3e88256-f771-43b4-b3fb-c682fc5ee06f@group-9D53872EEF85: changes role from  FOLLOWER to FOLLOWER at term 2 for recognizeCandidate:fe5257f1-588f-41af-bf70-1c04126c8968
2019-11-05 08:23:47,620 [grpc-default-executor-2] INFO  impl.RoleInfo (RoleInfo.java:shutdownFollowerState(121)) - c3e88256-f771-43b4-b3fb-c682fc5ee06f: shutdown FollowerState
2019-11-05 08:23:47,622 [Thread-364] INFO  impl.FollowerState (FollowerState.java:run(117)) - c3e88256-f771-43b4-b3fb-c682fc5ee06f@group-9D53872EEF85-FollowerState was interrupted: java.lang.InterruptedException: sleep interrupted
2019-11-05 08:23:47,623 [grpc-default-executor-2] INFO  impl.RoleInfo (RoleInfo.java:updateAndGet(143)) - c3e88256-f771-43b4-b3fb-c682fc5ee06f: start FollowerState
2019-11-05 08:23:47,626 [b3bb9051-8089-4c51-a999-81579e5913f2@group-0E159EE4F99E-LeaderElection14] INFO  impl.LeaderElection (LeaderElection.java:askForVotes(178)) - b3bb9051-8089-4c51-a999-81579e5913f2@group-0E159EE4F99E-LeaderElection14: begin an election at term 1 for -1: [caafcba9-090a-41f5-a5f9-cba5a6a81e94:192.168.164.217:37197, a8ae9c07-6d89-4a49-a594-cacd4b776180:192.168.164.217:42719, b3bb9051-8089-4c51-a999-81579e5913f2:192.168.164.217:36516], old=null
2019-11-05 08:23:47,627 [grpc-default-executor-3] INFO  impl.RaftServerImpl (RaftServerImpl.java:setRole(184)) - 6189f8a4-91dd-451f-abcb-72b2dcd73465@group-9D53872EEF85: changes role from  FOLLOWER to FOLLOWER at term 2 for recognizeCandidate:fe5257f1-588f-41af-bf70-1c04126c8968
2019-11-05 08:23:47,627 [grpc-default-executor-3] INFO  impl.RoleInfo (RoleInfo.java:shutdownFollowerState(121)) - 6189f8a4-91dd-451f-abcb-72b2dcd73465: shutdown FollowerState
2019-11-05 08:23:47,627 [grpc-default-executor-3] INFO  impl.RoleInfo (RoleInfo.java:updateAndGet(143)) - 6189f8a4-91dd-451f-abcb-72b2dcd73465: start FollowerState
2019-11-05 08:23:47,627 [Thread-362] INFO  impl.FollowerState (FollowerState.java:run(117)) - 6189f8a4-91dd-451f-abcb-72b2dcd73465@group-9D53872EEF85-FollowerState was interrupted: java.lang.InterruptedException: sleep interrupted
2019-11-05 08:23:47,628 [caafcba9-090a-41f5-a5f9-cba5a6a81e94@group-0E159EE4F99E-LeaderElection15] INFO  impl.LeaderElection (LeaderElection.java:askForVotes(178)) - caafcba9-090a-41f5-a5f9-cba5a6a81e94@group-0E159EE4F99E-LeaderElection15: begin an election at term 1 for -1: [caafcba9-090a-41f5-a5f9-cba5a6a81e94:192.168.164.217:37197, a8ae9c07-6d89-4a49-a594-cacd4b776180:192.168.164.217:42719, b3bb9051-8089-4c51-a999-81579e5913f2:192.168.164.217:36516], old=null
2019-11-05 08:23:47,637 [RatisPipelineUtilsThread] INFO  pipeline.PipelineStateManager (PipelineStateManager.java:addPipeline(56)) - Created pipeline Pipeline[ Id: 653fd967-f43e-4de4-9174-0e159ee4f99e, Nodes: a8ae9c07-6d89-4a49-a594-cacd4b776180{ip: 192.168.164.217, host: pr-hdds-1643-8bmlk-2934350033, networkLocation: /default-rack, certSerialId: null}b3bb9051-8089-4c51-a999-81579e5913f2{ip: 192.168.164.217, host: pr-hdds-1643-8bmlk-2934350033, networkLocation: /default-rack, certSerialId: null}caafcba9-090a-41f5-a5f9-cba5a6a81e94{ip: 192.168.164.217, host: pr-hdds-1643-8bmlk-2934350033, networkLocation: /default-rack, certSerialId: null}, Type:RATIS, Factor:THREE, State:OPEN]
2019-11-05 08:23:47,654 [fe5257f1-588f-41af-bf70-1c04126c8968@group-9D53872EEF85-LeaderElection11] INFO  impl.LeaderElection (LeaderElection.java:logAndReturn(56)) - fe5257f1-588f-41af-bf70-1c04126c8968@group-9D53872EEF85-LeaderElection11: Election PASSED; received 1 response(s) [fe5257f1-588f-41af-bf70-1c04126c8968<-c3e88256-f771-43b4-b3fb-c682fc5ee06f#0:OK-t2] and 0 exception(s); fe5257f1-588f-41af-bf70-1c04126c8968@group-9D53872EEF85:t2, leader=null, voted=fe5257f1-588f-41af-bf70-1c04126c8968, raftlog=fe5257f1-588f-41af-bf70-1c04126c8968@group-9D53872EEF85-SegmentedRaftLog:OPENED:c-1,f-1,i0, conf=-1: [fe5257f1-588f-41af-bf70-1c04126c8968:192.168.164.217:33003, 6189f8a4-91dd-451f-abcb-72b2dcd73465:192.168.164.217:36585, c3e88256-f771-43b4-b3fb-c682fc5ee06f:192.168.164.217:37319], old=null
2019-11-05 08:23:47,654 [fe5257f1-588f-41af-bf70-1c04126c8968@group-9D53872EEF85-LeaderElection11] INFO  impl.RoleInfo (RoleInfo.java:shutdownLeaderElection(134)) - fe5257f1-588f-41af-bf70-1c04126c8968: shutdown LeaderElection
2019-11-05 08:23:47,656 [grpc-default-executor-4] INFO  impl.RaftServerImpl (RaftServerImpl.java:setRole(184)) - a8ae9c07-6d89-4a49-a594-cacd4b776180@group-0E159EE4F99E: changes role from  FOLLOWER to FOLLOWER at term 1 for recognizeCandidate:caafcba9-090a-41f5-a5f9-cba5a6a81e94
2019-11-05 08:23:47,658 [fe5257f1-588f-41af-bf70-1c04126c8968@group-9D53872EEF85-LeaderElection11] INFO  impl.RaftServerImpl (RaftServerImpl.java:setRole(184)) - fe5257f1-588f-41af-bf70-1c04126c8968@group-9D53872EEF85: changes role from CANDIDATE to LEADER at term 2 for changeToLeader
2019-11-05 08:23:47,658 [grpc-default-executor-4] INFO  impl.RoleInfo (RoleInfo.java:shutdownFollowerState(121)) - a8ae9c07-6d89-4a49-a594-cacd4b776180: shutdown FollowerState
2019-11-05 08:23:47,658 [fe5257f1-588f-41af-bf70-1c04126c8968@group-9D53872EEF85-LeaderElection11] INFO  impl.RaftServerImpl (ServerState.java:setLeader(256)) - fe5257f1-588f-41af-bf70-1c04126c8968@group-9D53872EEF85: change Leader from null to fe5257f1-588f-41af-bf70-1c04126c8968 at term 2 for becomeLeader, leader elected after 274ms
2019-11-05 08:23:47,658 [grpc-default-executor-4] INFO  impl.RoleInfo (RoleInfo.java:updateAndGet(143)) - a8ae9c07-6d89-4a49-a594-cacd4b776180: start FollowerState
2019-11-05 08:23:47,658 [fe5257f1-588f-41af-bf70-1c04126c8968@group-9D53872EEF85-LeaderElection11] INFO  server.RaftServerConfigKeys (ConfUtils.java:logGet(43)) - raft.server.staging.catchup.gap = 1000 (default)
2019-11-05 08:23:47,658 [Thread-356] INFO  impl.FollowerState (FollowerState.java:run(117)) - a8ae9c07-6d89-4a49-a594-cacd4b776180@group-0E159EE4F99E-FollowerState was interrupted: java.lang.InterruptedException: sleep interrupted
2019-11-05 08:23:47,658 [fe5257f1-588f-41af-bf70-1c04126c8968@group-9D53872EEF85-LeaderElection11] INFO  server.RaftServerConfigKeys (ConfUtils.java:logGet(43)) - raft.server.rpc.sleep.time = 25ms (default)
2019-11-05 08:23:47,662 [fe5257f1-588f-41af-bf70-1c04126c8968@group-9D53872EEF85-LeaderElection11] INFO  server.RaftServerConfigKeys (ConfUtils.java:logGet(43)) - raft.server.write.element-limit = 4096 (default)
2019-11-05 08:23:47,664 [fe5257f1-588f-41af-bf70-1c04126c8968@group-9D53872EEF85-LeaderElection11] INFO  server.RaftServerConfigKeys (ConfUtils.java:logGet(43)) - raft.server.watch.timeout = 10s (default)
2019-11-05 08:23:47,667 [fe5257f1-588f-41af-bf70-1c04126c8968@group-9D53872EEF85-LeaderElection11] INFO  server.RaftServerConfigKeys (ConfUtils.java:logGet(43)) - raft.server.watch.timeout.denomination = 1s (default)
2019-11-05 08:23:47,667 [fe5257f1-588f-41af-bf70-1c04126c8968@group-9D53872EEF85-LeaderElection11] INFO  server.RaftServerConfigKeys (ConfUtils.java:logGet(43)) - raft.server.watch.element-limit = 65536 (default)
2019-11-05 08:23:47,685 [fe5257f1-588f-41af-bf70-1c04126c8968@group-9D53872EEF85-LeaderElection11] INFO  server.RaftServerConfigKeys (ConfUtils.java:logGet(43)) - raft.server.log.appender.snapshot.chunk.size.max = 16MB (=16777216) (default)
2019-11-05 08:23:47,685 [fe5257f1-588f-41af-bf70-1c04126c8968@group-9D53872EEF85-LeaderElection11] INFO  server.RaftServerConfigKeys (ConfUtils.java:logGet(43)) - raft.server.log.appender.buffer.byte-limit = 33554432 (custom)
2019-11-05 08:23:47,691 [fe5257f1-588f-41af-bf70-1c04126c8968@group-9D53872EEF85-LeaderElection11] INFO  server.RaftServerConfigKeys (ConfUtils.java:logGet(43)) - raft.server.log.appender.buffer.element-limit = 1 (custom)
2019-11-05 08:23:47,692 [grpc-default-executor-4] INFO  impl.RaftServerProxy (RaftServerProxy.java:addNew(89)) - 77ab65e6-d942-49df-83a3-1d4c0bf152b3: addNew group-0DB8C7688BF9:[77ab65e6-d942-49df-83a3-1d4c0bf152b3:192.168.164.217:39381, 7e1b84a9-a041-44fd-8008-f2679426984c:192.168.164.217:44149, 4a682f4f-c3f2-4b77-88b7-f0ab78890feb:192.168.164.217:34174] returns group-0DB8C7688BF9:java.util.concurrent.CompletableFuture@13e6065b[Not completed]
2019-11-05 08:23:47,693 [caafcba9-090a-41f5-a5f9-cba5a6a81e94@group-0E159EE4F99E-LeaderElection15] INFO  impl.LeaderElection (LeaderElection.java:logAndReturn(56)) - caafcba9-090a-41f5-a5f9-cba5a6a81e94@group-0E159EE4F99E-LeaderElection15: Election PASSED; received 1 response(s) [caafcba9-090a-41f5-a5f9-cba5a6a81e94<-a8ae9c07-6d89-4a49-a594-cacd4b776180#0:OK-t1] and 0 exception(s); caafcba9-090a-41f5-a5f9-cba5a6a81e94@group-0E159EE4F99E:t1, leader=null, voted=caafcba9-090a-41f5-a5f9-cba5a6a81e94, raftlog=caafcba9-090a-41f5-a5f9-cba5a6a81e94@group-0E159EE4F99E-SegmentedRaftLog:OPENED:c-1,f-1,i0, conf=-1: [caafcba9-090a-41f5-a5f9-cba5a6a81e94:192.168.164.217:37197, a8ae9c07-6d89-4a49-a594-cacd4b776180:192.168.164.217:42719, b3bb9051-8089-4c51-a999-81579e5913f2:192.168.164.217:36516], old=null
2019-11-05 08:23:47,693 [caafcba9-090a-41f5-a5f9-cba5a6a81e94@group-0E159EE4F99E-LeaderElection15] INFO  impl.RoleInfo (RoleInfo.java:shutdownLeaderElection(134)) - caafcba9-090a-41f5-a5f9-cba5a6a81e94: shutdown LeaderElection
2019-11-05 08:23:47,693 [caafcba9-090a-41f5-a5f9-cba5a6a81e94@group-0E159EE4F99E-LeaderElection15] INFO  impl.RaftServerImpl (RaftServerImpl.java:setRole(184)) - caafcba9-090a-41f5-a5f9-cba5a6a81e94@group-0E159EE4F99E: changes role from CANDIDATE to LEADER at term 1 for changeToLeader
2019-11-05 08:23:47,693 [b3bb9051-8089-4c51-a999-81579e5913f2@group-0E159EE4F99E-LeaderElection14] INFO  impl.LeaderElection (LeaderElection.java:logAndReturn(56)) - b3bb9051-8089-4c51-a999-81579e5913f2@group-0E159EE4F99E-LeaderElection14: Election REJECTED; received 2 response(s) [b3bb9051-8089-4c51-a999-81579e5913f2<-caafcba9-090a-41f5-a5f9-cba5a6a81e94#0:FAIL-t1, b3bb9051-8089-4c51-a999-81579e5913f2<-a8ae9c07-6d89-4a49-a594-cacd4b776180#0:FAIL-t1] and 0 exception(s); b3bb9051-8089-4c51-a999-81579e5913f2@group-0E159EE4F99E:t1, leader=null, voted=b3bb9051-8089-4c51-a999-81579e5913f2, raftlog=b3bb9051-8089-4c51-a999-81579e5913f2@group-0E159EE4F99E-SegmentedRaftLog:OPENED:c-1,f-1,i0, conf=-1: [caafcba9-090a-41f5-a5f9-cba5a6a81e94:192.168.164.217:37197, a8ae9c07-6d89-4a49-a594-cacd4b776180:192.168.164.217:42719, b3bb9051-8089-4c51-a999-81579e5913f2:192.168.164.217:36516], old=null
2019-11-05 08:23:47,693 [caafcba9-090a-41f5-a5f9-cba5a6a81e94@group-0E159EE4F99E-LeaderElection15] INFO  impl.RaftServerImpl (ServerState.java:setLeader(256)) - caafcba9-090a-41f5-a5f9-cba5a6a81e94@group-0E159EE4F99E: change Leader from null to caafcba9-090a-41f5-a5f9-cba5a6a81e94 at term 1 for becomeLeader, leader elected after 134ms
2019-11-05 08:23:47,693 [grpc-default-executor-4] INFO  impl.RaftServerProxy (RaftServerProxy.java:addNew(89)) - 4a682f4f-c3f2-4b77-88b7-f0ab78890feb: addNew group-0DB8C7688BF9:[77ab65e6-d942-49df-83a3-1d4c0bf152b3:192.168.164.217:39381, 7e1b84a9-a041-44fd-8008-f2679426984c:192.168.164.217:44149, 4a682f4f-c3f2-4b77-88b7-f0ab78890feb:192.168.164.217:34174] returns group-0DB8C7688BF9:java.util.concurrent.CompletableFuture@63c7d7b[Not completed]
2019-11-05 08:23:47,695 [caafcba9-090a-41f5-a5f9-cba5a6a81e94@group-0E159EE4F99E-LeaderElection15] INFO  server.RaftServerConfigKeys (ConfUtils.java:logGet(43)) - raft.server.staging.catchup.gap = 1000 (default)
2019-11-05 08:23:47,695 [b3bb9051-8089-4c51-a999-81579e5913f2@group-0E159EE4F99E-LeaderElection14] INFO  impl.RaftServerImpl (RaftServerImpl.java:setRole(184)) - b3bb9051-8089-4c51-a999-81579e5913f2@group-0E159EE4F99E: changes role from CANDIDATE to FOLLOWER at term 1 for DISCOVERED_A_NEW_TERM
2019-11-05 08:23:47,697 [caafcba9-090a-41f5-a5f9-cba5a6a81e94@group-0E159EE4F99E-LeaderElection15] INFO  server.RaftServerConfigKeys (ConfUtils.java:logGet(43)) - raft.server.rpc.sleep.time = 25ms (default)
2019-11-05 08:23:47,697 [b3bb9051-8089-4c51-a999-81579e5913f2@group-0E159EE4F99E-LeaderElection14] INFO  impl.RoleInfo (RoleInfo.java:shutdownLeaderElection(134)) - b3bb9051-8089-4c51-a999-81579e5913f2: shutdown LeaderElection
2019-11-05 08:23:47,699 [pool-27-thread-1] INFO  impl.RaftServerImpl (RaftServerImpl.java:<init>(104)) - 77ab65e6-d942-49df-83a3-1d4c0bf152b3: new RaftServerImpl for group-0DB8C7688BF9:[77ab65e6-d942-49df-83a3-1d4c0bf152b3:192.168.164.217:39381, 7e1b84a9-a041-44fd-8008-f2679426984c:192.168.164.217:44149, 4a682f4f-c3f2-4b77-88b7-f0ab78890feb:192.168.164.217:34174] with ContainerStateMachine:uninitialized
2019-11-05 08:23:47,699 [caafcba9-090a-41f5-a5f9-cba5a6a81e94@group-0E159EE4F99E-LeaderElection15] INFO  server.RaftServerConfigKeys (ConfUtils.java:logGet(43)) - raft.server.write.element-limit = 4096 (default)
2019-11-05 08:23:47,699 [pool-27-thread-1] INFO  server.RaftServerConfigKeys (ConfUtils.java:logGet(43)) - raft.server.rpc.timeout.min = 1s (custom)
2019-11-05 08:23:47,699 [b3bb9051-8089-4c51-a999-81579e5913f2@group-0E159EE4F99E-LeaderElection14] INFO  impl.RoleInfo (RoleInfo.java:updateAndGet(143)) - b3bb9051-8089-4c51-a999-81579e5913f2: start FollowerState
2019-11-05 08:23:47,699 [pool-27-thread-1] INFO  server.RaftServerConfigKeys (ConfUtils.java:logGet(43)) - raft.server.rpc.timeout.max = 1200ms (custom)
2019-11-05 08:23:47,699 [caafcba9-090a-41f5-a5f9-cba5a6a81e94@group-0E159EE4F99E-LeaderElection15] INFO  server.RaftServerConfigKeys (ConfUtils.java:logGet(43)) - raft.server.watch.timeout = 10s (default)
2019-11-05 08:23:47,699 [pool-27-thread-1] INFO  server.RaftServerConfigKeys (ConfUtils.java:logGet(43)) - raft.server.rpcslowness.timeout = 120s (custom)
2019-11-05 08:23:47,700 [pool-37-thread-1] INFO  impl.RaftServerImpl (RaftServerImpl.java:<init>(104)) - 4a682f4f-c3f2-4b77-88b7-f0ab78890feb: new RaftServerImpl for group-0DB8C7688BF9:[77ab65e6-d942-49df-83a3-1d4c0bf152b3:192.168.164.217:39381, 7e1b84a9-a041-44fd-8008-f2679426984c:192.168.164.217:44149, 4a682f4f-c3f2-4b77-88b7-f0ab78890feb:192.168.164.217:34174] with ContainerStateMachine:uninitialized
2019-11-05 08:23:47,700 [caafcba9-090a-41f5-a5f9-cba5a6a81e94@group-0E159EE4F99E-LeaderElection15] INFO  server.RaftServerConfigKeys (ConfUtils.java:logGet(43)) - raft.server.watch.timeout.denomination = 1s (default)
2019-11-05 08:23:47,701 [Thread-371] INFO  impl.FollowerState (FollowerState.java:run(108)) - 6189f8a4-91dd-451f-abcb-72b2dcd73465@group-9D53872EEF85-FollowerState: change to CANDIDATE, lastRpcTime:73ms, electionTimeout:72ms
2019-11-05 08:23:47,701 [pool-37-thread-1] INFO  server.RaftServerConfigKeys (ConfUtils.java:logGet(43)) - raft.server.rpc.timeout.min = 1s (custom)
2019-11-05 08:23:47,700 [pool-27-thread-1] INFO  server.RaftServerConfigKeys (ConfUtils.java:logGet(43)) - raft.server.sleep.deviation.threshold = 300 (default)
2019-11-05 08:23:47,702 [pool-37-thread-1] INFO  server.RaftServerConfigKeys (ConfUtils.java:logGet(43)) - raft.server.rpc.timeout.max = 1200ms (custom)
2019-11-05 08:23:47,702 [fe5257f1-588f-41af-bf70-1c04126c8968@group-9D53872EEF85-LeaderElection11] INFO  grpc.GrpcConfigKeys$Server (ConfUtils.java:logGet(43)) - raft.grpc.server.leader.outstanding.appends.max = 128 (default)
2019-11-05 08:23:47,702 [Thread-371] INFO  impl.RoleInfo (RoleInfo.java:shutdownFollowerState(121)) - 6189f8a4-91dd-451f-abcb-72b2dcd73465: shutdown FollowerState
2019-11-05 08:23:47,702 [fe5257f1-588f-41af-bf70-1c04126c8968@group-9D53872EEF85-LeaderElection11] INFO  server.RaftServerConfigKeys (ConfUtils.java:logGet(43)) - raft.server.rpc.request.timeout = 3000ms (default)
2019-11-05 08:23:47,701 [grpc-default-executor-4] INFO  impl.RaftServerProxy (RaftServerProxy.java:addNew(89)) - 7e1b84a9-a041-44fd-8008-f2679426984c: addNew group-0DB8C7688BF9:[77ab65e6-d942-49df-83a3-1d4c0bf152b3:192.168.164.217:39381, 7e1b84a9-a041-44fd-8008-f2679426984c:192.168.164.217:44149, 4a682f4f-c3f2-4b77-88b7-f0ab78890feb:192.168.164.217:34174] returns group-0DB8C7688BF9:java.util.concurrent.CompletableFuture@6b7149c5[Not completed]
2019-11-05 08:23:47,701 [caafcba9-090a-41f5-a5f9-cba5a6a81e94@group-0E159EE4F99E-LeaderElection15] INFO  server.RaftServerConfigKeys (ConfUtils.java:logGet(43)) - raft.server.watch.element-limit = 65536 (default)
2019-11-05 08:23:47,702 [fe5257f1-588f-41af-bf70-1c04126c8968@group-9D53872EEF85-LeaderElection11] INFO  server.RaftServerConfigKeys (ConfUtils.java:logGet(43)) - raft.server.log.appender.install.snapshot.enabled = false (custom)
2019-11-05 08:23:47,702 [Thread-371] INFO  impl.RaftServerImpl (RaftServerImpl.java:setRole(184)) - 6189f8a4-91dd-451f-abcb-72b2dcd73465@group-9D53872EEF85: changes role from  FOLLOWER to CANDIDATE at term 2 for changeToCandidate
2019-11-05 08:23:47,702 [pool-37-thread-1] INFO  server.RaftServerConfigKeys (ConfUtils.java:logGet(43)) - raft.server.rpcslowness.timeout = 120s (custom)
2019-11-05 08:23:47,702 [pool-27-thread-1] INFO  server.RaftServerConfigKeys (ConfUtils.java:logGet(43)) - raft.server.log.appender.install.snapshot.enabled = false (custom)
2019-11-05 08:23:47,703 [pool-37-thread-1] INFO  server.RaftServerConfigKeys (ConfUtils.java:logGet(43)) - raft.server.sleep.deviation.threshold = 300 (default)
2019-11-05 08:23:47,703 [Thread-371] INFO  impl.RoleInfo (RoleInfo.java:updateAndGet(143)) - 6189f8a4-91dd-451f-abcb-72b2dcd73465: start LeaderElection
2019-11-05 08:23:47,703 [pool-117-thread-1] INFO  impl.RaftServerImpl (RaftServerImpl.java:<init>(104)) - 7e1b84a9-a041-44fd-8008-f2679426984c: new RaftServerImpl for group-0DB8C7688BF9:[77ab65e6-d942-49df-83a3-1d4c0bf152b3:192.168.164.217:39381, 7e1b84a9-a041-44fd-8008-f2679426984c:192.168.164.217:44149, 4a682f4f-c3f2-4b77-88b7-f0ab78890feb:192.168.164.217:34174] with ContainerStateMachine:uninitialized
2019-11-05 08:23:47,703 [pool-37-thread-1] INFO  server.RaftServerConfigKeys (ConfUtils.java:logGet(43)) - raft.server.log.appender.install.snapshot.enabled = false (custom)
2019-11-05 08:23:47,703 [pool-27-thread-1] INFO  impl.RaftServerImpl (ServerState.java:<init>(103)) - 77ab65e6-d942-49df-83a3-1d4c0bf152b3@group-0DB8C7688BF9: ConfigurationManager, init=-1: [77ab65e6-d942-49df-83a3-1d4c0bf152b3:192.168.164.217:39381, 7e1b84a9-a041-44fd-8008-f2679426984c:192.168.164.217:44149, 4a682f4f-c3f2-4b77-88b7-f0ab78890feb:192.168.164.217:34174], old=null, confs=<EMPTY_MAP>
2019-11-05 08:23:47,705 [pool-37-thread-1] INFO  impl.RaftServerImpl (ServerState.java:<init>(103)) - 4a682f4f-c3f2-4b77-88b7-f0ab78890feb@group-0DB8C7688BF9: ConfigurationManager, init=-1: [77ab65e6-d942-49df-83a3-1d4c0bf152b3:192.168.164.217:39381, 7e1b84a9-a041-44fd-8008-f2679426984c:192.168.164.217:44149, 4a682f4f-c3f2-4b77-88b7-f0ab78890feb:192.168.164.217:34174], old=null, confs=<EMPTY_MAP>
2019-11-05 08:23:47,705 [pool-27-thread-1] INFO  server.RaftServerConfigKeys (ConfUtils.java:logGet(43)) - raft.server.storage.dir = [/workdir/hadoop-ozone/integration-test/target/test-dir/MiniOzoneClusterImpl-0ddfd79e-5774-4abb-9b8b-55ac0c17dbc1/datanode-0/data/ratis] (custom)
2019-11-05 08:23:47,703 [pool-117-thread-1] INFO  server.RaftServerConfigKeys (ConfUtils.java:logGet(43)) - raft.server.rpc.timeout.min = 1s (custom)
2019-11-05 08:23:47,705 [pool-37-thread-1] INFO  server.RaftServerConfigKeys (ConfUtils.java:logGet(43)) - raft.server.storage.dir = [/workdir/hadoop-ozone/integration-test/target/test-dir/MiniOzoneClusterImpl-0ddfd79e-5774-4abb-9b8b-55ac0c17dbc1/datanode-1/data/ratis] (custom)
2019-11-05 08:23:47,707 [pool-117-thread-1] INFO  server.RaftServerConfigKeys (ConfUtils.java:logGet(43)) - raft.server.rpc.timeout.max = 1200ms (custom)
2019-11-05 08:23:47,707 [pool-27-thread-1] INFO  server.RaftServerConfigKeys (ConfUtils.java:logGet(43)) - raft.server.log.corruption.policy = EXCEPTION (default)
2019-11-05 08:23:47,707 [pool-117-thread-1] INFO  server.RaftServerConfigKeys (ConfUtils.java:logGet(43)) - raft.server.rpcslowness.timeout = 120s (custom)
2019-11-05 08:23:47,707 [pool-37-thread-1] INFO  server.RaftServerConfigKeys (ConfUtils.java:logGet(43)) - raft.server.log.corruption.policy = EXCEPTION (default)
2019-11-05 08:23:47,707 [pool-117-thread-1] INFO  server.RaftServerConfigKeys (ConfUtils.java:logGet(43)) - raft.server.sleep.deviation.threshold = 300 (default)
2019-11-05 08:23:47,707 [pool-27-thread-1] INFO  storage.RaftStorageDirectory (RaftStorageDirectory.java:analyzeStorage(246)) - The storage directory /workdir/hadoop-ozone/integration-test/target/test-dir/MiniOzoneClusterImpl-0ddfd79e-5774-4abb-9b8b-55ac0c17dbc1/datanode-0/data/ratis/2f5caf52-f09c-400b-8f0f-0db8c7688bf9 does not exist. Creating ...
2019-11-05 08:23:47,707 [pool-37-thread-1] INFO  storage.RaftStorageDirectory (RaftStorageDirectory.java:analyzeStorage(246)) - The storage directory /workdir/hadoop-ozone/integration-test/target/test-dir/MiniOzoneClusterImpl-0ddfd79e-5774-4abb-9b8b-55ac0c17dbc1/datanode-1/data/ratis/2f5caf52-f09c-400b-8f0f-0db8c7688bf9 does not exist. Creating ...
2019-11-05 08:23:47,707 [pool-117-thread-1] INFO  server.RaftServerConfigKeys (ConfUtils.java:logGet(43)) - raft.server.log.appender.install.snapshot.enabled = false (custom)
2019-11-05 08:23:47,708 [pool-117-thread-1] INFO  impl.RaftServerImpl (ServerState.java:<init>(103)) - 7e1b84a9-a041-44fd-8008-f2679426984c@group-0DB8C7688BF9: ConfigurationManager, init=-1: [77ab65e6-d942-49df-83a3-1d4c0bf152b3:192.168.164.217:39381, 7e1b84a9-a041-44fd-8008-f2679426984c:192.168.164.217:44149, 4a682f4f-c3f2-4b77-88b7-f0ab78890feb:192.168.164.217:34174], old=null, confs=<EMPTY_MAP>
2019-11-05 08:23:47,708 [caafcba9-090a-41f5-a5f9-cba5a6a81e94@group-0E159EE4F99E-LeaderElection15] INFO  server.RaftServerConfigKeys (ConfUtils.java:logGet(43)) - raft.server.log.appender.snapshot.chunk.size.max = 16MB (=16777216) (default)
2019-11-05 08:23:47,708 [pool-117-thread-1] INFO  server.RaftServerConfigKeys (ConfUtils.java:logGet(43)) - raft.server.storage.dir = [/workdir/hadoop-ozone/integration-test/target/test-dir/MiniOzoneClusterImpl-0ddfd79e-5774-4abb-9b8b-55ac0c17dbc1/datanode-9/data/ratis] (custom)
2019-11-05 08:23:47,708 [caafcba9-090a-41f5-a5f9-cba5a6a81e94@group-0E159EE4F99E-LeaderElection15] INFO  server.RaftServerConfigKeys (ConfUtils.java:logGet(43)) - raft.server.log.appender.buffer.byte-limit = 33554432 (custom)
2019-11-05 08:23:47,708 [caafcba9-090a-41f5-a5f9-cba5a6a81e94@group-0E159EE4F99E-LeaderElection15] INFO  server.RaftServerConfigKeys (ConfUtils.java:logGet(43)) - raft.server.log.appender.buffer.element-limit = 1 (custom)
2019-11-05 08:23:47,708 [pool-117-thread-1] INFO  server.RaftServerConfigKeys (ConfUtils.java:logGet(43)) - raft.server.log.corruption.policy = EXCEPTION (default)
2019-11-05 08:23:47,708 [caafcba9-090a-41f5-a5f9-cba5a6a81e94@group-0E159EE4F99E-LeaderElection15] INFO  grpc.GrpcConfigKeys$Server (ConfUtils.java:logGet(43)) - raft.grpc.server.leader.outstanding.appends.max = 128 (default)
2019-11-05 08:23:47,710 [pool-117-thread-1] INFO  storage.RaftStorageDirectory (RaftStorageDirectory.java:analyzeStorage(246)) - The storage directory /workdir/hadoop-ozone/integration-test/target/test-dir/MiniOzoneClusterImpl-0ddfd79e-5774-4abb-9b8b-55ac0c17dbc1/datanode-9/data/ratis/2f5caf52-f09c-400b-8f0f-0db8c7688bf9 does not exist. Creating ...
2019-11-05 08:23:47,710 [caafcba9-090a-41f5-a5f9-cba5a6a81e94@group-0E159EE4F99E-LeaderElection15] INFO  server.RaftServerConfigKeys (ConfUtils.java:logGet(43)) - raft.server.rpc.request.timeout = 3000ms (default)
2019-11-05 08:23:47,710 [caafcba9-090a-41f5-a5f9-cba5a6a81e94@group-0E159EE4F99E-LeaderElection15] INFO  server.RaftServerConfigKeys (ConfUtils.java:logGet(43)) - raft.server.log.appender.install.snapshot.enabled = false (custom)
2019-11-05 08:23:47,711 [fe5257f1-588f-41af-bf70-1c04126c8968@group-9D53872EEF85-LeaderElection11] INFO  server.RaftServerConfigKeys (ConfUtils.java:logGet(43)) - raft.server.log.appender.snapshot.chunk.size.max = 16MB (=16777216) (default)
2019-11-05 08:23:47,711 [fe5257f1-588f-41af-bf70-1c04126c8968@group-9D53872EEF85-LeaderElection11] INFO  server.RaftServerConfigKeys (ConfUtils.java:logGet(43)) - raft.server.log.appender.buffer.byte-limit = 33554432 (custom)
2019-11-05 08:23:47,711 [fe5257f1-588f-41af-bf70-1c04126c8968@group-9D53872EEF85-LeaderElection11] INFO  server.RaftServerConfigKeys (ConfUtils.java:logGet(43)) - raft.server.log.appender.buffer.element-limit = 1 (custom)
2019-11-05 08:23:47,711 [fe5257f1-588f-41af-bf70-1c04126c8968@group-9D53872EEF85-LeaderElection11] INFO  grpc.GrpcConfigKeys$Server (ConfUtils.java:logGet(43)) - raft.grpc.server.leader.outstanding.appends.max = 128 (default)
2019-11-05 08:23:47,711 [fe5257f1-588f-41af-bf70-1c04126c8968@group-9D53872EEF85-LeaderElection11] INFO  server.RaftServerConfigKeys (ConfUtils.java:logGet(43)) - raft.server.rpc.request.timeout = 3000ms (default)
2019-11-05 08:23:47,711 [fe5257f1-588f-41af-bf70-1c04126c8968@group-9D53872EEF85-LeaderElection11] INFO  server.RaftServerConfigKeys (ConfUtils.java:logGet(43)) - raft.server.log.appender.install.snapshot.enabled = false (custom)
2019-11-05 08:23:47,712 [caafcba9-090a-41f5-a5f9-cba5a6a81e94@group-0E159EE4F99E-LeaderElection15] INFO  server.RaftServerConfigKeys (ConfUtils.java:logGet(43)) - raft.server.log.appender.snapshot.chunk.size.max = 16MB (=16777216) (default)
2019-11-05 08:23:47,712 [caafcba9-090a-41f5-a5f9-cba5a6a81e94@group-0E159EE4F99E-LeaderElection15] INFO  server.RaftServerConfigKeys (ConfUtils.java:logGet(43)) - raft.server.log.appender.buffer.byte-limit = 33554432 (custom)
2019-11-05 08:23:47,713 [caafcba9-090a-41f5-a5f9-cba5a6a81e94@group-0E159EE4F99E-LeaderElection15] INFO  server.RaftServerConfigKeys (ConfUtils.java:logGet(43)) - raft.server.log.appender.buffer.element-limit = 1 (custom)
2019-11-05 08:23:47,713 [caafcba9-090a-41f5-a5f9-cba5a6a81e94@group-0E159EE4F99E-LeaderElection15] INFO  grpc.GrpcConfigKeys$Server (ConfUtils.java:logGet(43)) - raft.grpc.server.leader.outstanding.appends.max = 128 (default)
2019-11-05 08:23:47,713 [caafcba9-090a-41f5-a5f9-cba5a6a81e94@group-0E159EE4F99E-LeaderElection15] INFO  server.RaftServerConfigKeys (ConfUtils.java:logGet(43)) - raft.server.rpc.request.timeout = 3000ms (default)
2019-11-05 08:23:47,713 [caafcba9-090a-41f5-a5f9-cba5a6a81e94@group-0E159EE4F99E-LeaderElection15] INFO  server.RaftServerConfigKeys (ConfUtils.java:logGet(43)) - raft.server.log.appender.install.snapshot.enabled = false (custom)
2019-11-05 08:23:47,716 [fe5257f1-588f-41af-bf70-1c04126c8968@group-9D53872EEF85-LeaderElection11] INFO  impl.RoleInfo (RoleInfo.java:updateAndGet(143)) - fe5257f1-588f-41af-bf70-1c04126c8968: start LeaderState
2019-11-05 08:23:47,716 [caafcba9-090a-41f5-a5f9-cba5a6a81e94@group-0E159EE4F99E-LeaderElection15] INFO  impl.RoleInfo (RoleInfo.java:updateAndGet(143)) - caafcba9-090a-41f5-a5f9-cba5a6a81e94: start LeaderState
2019-11-05 08:23:47,716 [fe5257f1-588f-41af-bf70-1c04126c8968@group-9D53872EEF85-LeaderElection11] INFO  segmented.SegmentedRaftLogWorker (SegmentedRaftLogWorker.java:startLogSegment(385)) - fe5257f1-588f-41af-bf70-1c04126c8968@group-9D53872EEF85-SegmentedRaftLogWorker: Starting segment from index:0
2019-11-05 08:23:47,716 [caafcba9-090a-41f5-a5f9-cba5a6a81e94@group-0E159EE4F99E-LeaderElection15] INFO  segmented.SegmentedRaftLogWorker (SegmentedRaftLogWorker.java:startLogSegment(385)) - caafcba9-090a-41f5-a5f9-cba5a6a81e94@group-0E159EE4F99E-SegmentedRaftLogWorker: Starting segment from index:0
2019-11-05 08:23:47,717 [fe5257f1-588f-41af-bf70-1c04126c8968@group-9D53872EEF85-LeaderElection11] INFO  impl.RaftServerImpl (ServerState.java:setRaftConf(357)) - fe5257f1-588f-41af-bf70-1c04126c8968@group-9D53872EEF85: set configuration 0: [fe5257f1-588f-41af-bf70-1c04126c8968:192.168.164.217:33003, 6189f8a4-91dd-451f-abcb-72b2dcd73465:192.168.164.217:36585, c3e88256-f771-43b4-b3fb-c682fc5ee06f:192.168.164.217:37319], old=null at 0
2019-11-05 08:23:47,717 [caafcba9-090a-41f5-a5f9-cba5a6a81e94@group-0E159EE4F99E-LeaderElection15] INFO  impl.RaftServerImpl (ServerState.java:setRaftConf(357)) - caafcba9-090a-41f5-a5f9-cba5a6a81e94@group-0E159EE4F99E: set configuration 0: [caafcba9-090a-41f5-a5f9-cba5a6a81e94:192.168.164.217:37197, a8ae9c07-6d89-4a49-a594-cacd4b776180:192.168.164.217:42719, b3bb9051-8089-4c51-a999-81579e5913f2:192.168.164.217:36516], old=null at 0
2019-11-05 08:23:47,719 [pool-27-thread-1] INFO  storage.RaftStorageDirectory (RaftStorageDirectory.java:tryLock(328)) - Lock on /workdir/hadoop-ozone/integration-test/target/test-dir/MiniOzoneClusterImpl-0ddfd79e-5774-4abb-9b8b-55ac0c17dbc1/datanode-0/data/ratis/2f5caf52-f09c-400b-8f0f-0db8c7688bf9/in_use.lock acquired by nodename 26210@pr-hdds-1643-8bmlk-2934350033
2019-11-05 08:23:47,719 [pool-37-thread-1] INFO  storage.RaftStorageDirectory (RaftStorageDirectory.java:tryLock(328)) - Lock on /workdir/hadoop-ozone/integration-test/target/test-dir/MiniOzoneClusterImpl-0ddfd79e-5774-4abb-9b8b-55ac0c17dbc1/datanode-1/data/ratis/2f5caf52-f09c-400b-8f0f-0db8c7688bf9/in_use.lock acquired by nodename 26210@pr-hdds-1643-8bmlk-2934350033
2019-11-05 08:23:47,719 [pool-117-thread-1] INFO  storage.RaftStorageDirectory (RaftStorageDirectory.java:tryLock(328)) - Lock on /workdir/hadoop-ozone/integration-test/target/test-dir/MiniOzoneClusterImpl-0ddfd79e-5774-4abb-9b8b-55ac0c17dbc1/datanode-9/data/ratis/2f5caf52-f09c-400b-8f0f-0db8c7688bf9/in_use.lock acquired by nodename 26210@pr-hdds-1643-8bmlk-2934350033
2019-11-05 08:23:47,719 [6189f8a4-91dd-451f-abcb-72b2dcd73465@group-9D53872EEF85-LeaderElection16] INFO  impl.LeaderElection (LeaderElection.java:askForVotes(178)) - 6189f8a4-91dd-451f-abcb-72b2dcd73465@group-9D53872EEF85-LeaderElection16: begin an election at term 3 for -1: [fe5257f1-588f-41af-bf70-1c04126c8968:192.168.164.217:33003, 6189f8a4-91dd-451f-abcb-72b2dcd73465:192.168.164.217:36585, c3e88256-f771-43b4-b3fb-c682fc5ee06f:192.168.164.217:37319], old=null
2019-11-05 08:23:47,752 [pool-37-thread-1] INFO  storage.RaftStorage (RaftStorage.java:format(84)) - Storage directory /workdir/hadoop-ozone/integration-test/target/test-dir/MiniOzoneClusterImpl-0ddfd79e-5774-4abb-9b8b-55ac0c17dbc1/datanode-1/data/ratis/2f5caf52-f09c-400b-8f0f-0db8c7688bf9 has been successfully formatted.
2019-11-05 08:23:47,755 [pool-117-thread-1] INFO  storage.RaftStorage (RaftStorage.java:format(84)) - Storage directory /workdir/hadoop-ozone/integration-test/target/test-dir/MiniOzoneClusterImpl-0ddfd79e-5774-4abb-9b8b-55ac0c17dbc1/datanode-9/data/ratis/2f5caf52-f09c-400b-8f0f-0db8c7688bf9 has been successfully formatted.
2019-11-05 08:23:47,754 [6189f8a4-91dd-451f-abcb-72b2dcd73465@group-9D53872EEF85-LeaderElection16] INFO  impl.LeaderElection (LeaderElection.java:logAndReturn(56)) - 6189f8a4-91dd-451f-abcb-72b2dcd73465@group-9D53872EEF85-LeaderElection16: Election TIMEOUT; received 0 response(s) [] and 0 exception(s); 6189f8a4-91dd-451f-abcb-72b2dcd73465@group-9D53872EEF85:t3, leader=null, voted=6189f8a4-91dd-451f-abcb-72b2dcd73465, raftlog=6189f8a4-91dd-451f-abcb-72b2dcd73465@group-9D53872EEF85-SegmentedRaftLog:OPENED:c-1,f-1,i0, conf=-1: [fe5257f1-588f-41af-bf70-1c04126c8968:192.168.164.217:33003, 6189f8a4-91dd-451f-abcb-72b2dcd73465:192.168.164.217:36585, c3e88256-f771-43b4-b3fb-c682fc5ee06f:192.168.164.217:37319], old=null
2019-11-05 08:23:47,759 [pool-37-thread-1] INFO  ratis.ContainerStateMachine (ContainerStateMachine.java:loadSnapshot(231)) - group-0DB8C7688BF9: The snapshot info is null. Setting the last applied indexto:(t:0, i:~)
2019-11-05 08:23:47,752 [pool-27-thread-1] INFO  storage.RaftStorage (RaftStorage.java:format(84)) - Storage directory /workdir/hadoop-ozone/integration-test/target/test-dir/MiniOzoneClusterImpl-0ddfd79e-5774-4abb-9b8b-55ac0c17dbc1/datanode-0/data/ratis/2f5caf52-f09c-400b-8f0f-0db8c7688bf9 has been successfully formatted.
2019-11-05 08:23:47,761 [grpc-default-executor-1] INFO  impl.RaftServerImpl (ServerState.java:setLeader(256)) - fe5257f1-588f-41af-bf70-1c04126c8968@group-9D53872EEF85: change Leader from fe5257f1-588f-41af-bf70-1c04126c8968 to null at term 3 for updateCurrentTerm
2019-11-05 08:23:47,753 [Thread-374] INFO  impl.FollowerState (FollowerState.java:run(108)) - a8ae9c07-6d89-4a49-a594-cacd4b776180@group-0E159EE4F99E-FollowerState: change to CANDIDATE, lastRpcTime:95ms, electionTimeout:71ms
2019-11-05 08:23:47,761 [grpc-default-executor-1] INFO  impl.RaftServerImpl (RaftServerImpl.java:setRole(184)) - fe5257f1-588f-41af-bf70-1c04126c8968@group-9D53872EEF85: changes role from    LEADER to FOLLOWER at term 3 for recognizeCandidate:6189f8a4-91dd-451f-abcb-72b2dcd73465
2019-11-05 08:23:47,761 [pool-27-thread-1] INFO  ratis.ContainerStateMachine (ContainerStateMachine.java:loadSnapshot(231)) - group-0DB8C7688BF9: The snapshot info is null. Setting the last applied indexto:(t:0, i:~)
2019-11-05 08:23:47,761 [pool-37-thread-1] INFO  server.RaftServerConfigKeys (ConfUtils.java:logGet(43)) - raft.server.notification.no-leader.timeout = 120s (custom)
2019-11-05 08:23:47,759 [pool-117-thread-1] INFO  ratis.ContainerStateMachine (ContainerStateMachine.java:loadSnapshot(231)) - group-0DB8C7688BF9: The snapshot info is null. Setting the last applied indexto:(t:0, i:~)
2019-11-05 08:23:47,759 [grpc-default-executor-4] INFO  impl.RaftServerImpl (RaftServerImpl.java:setRole(184)) - c3e88256-f771-43b4-b3fb-c682fc5ee06f@group-9D53872EEF85: changes role from  FOLLOWER to FOLLOWER at term 3 for recognizeCandidate:6189f8a4-91dd-451f-abcb-72b2dcd73465
2019-11-05 08:23:47,758 [Thread-377] INFO  impl.FollowerState (FollowerState.java:run(108)) - b3bb9051-8089-4c51-a999-81579e5913f2@group-0E159EE4F99E-FollowerState: change to CANDIDATE, lastRpcTime:59ms, electionTimeout:58ms
2019-11-05 08:23:47,762 [grpc-default-executor-4] INFO  impl.RoleInfo (RoleInfo.java:shutdownFollowerState(121)) - c3e88256-f771-43b4-b3fb-c682fc5ee06f: shutdown FollowerState
2019-11-05 08:23:47,762 [pool-117-thread-1] INFO  server.RaftServerConfigKeys (ConfUtils.java:logGet(43)) - raft.server.notification.no-leader.timeout = 120s (custom)
2019-11-05 08:23:47,761 [pool-37-thread-1] INFO  server.RaftServerConfigKeys (ConfUtils.java:logGet(43)) - raft.server.log.use.memory = false (default)
2019-11-05 08:23:47,761 [pool-27-thread-1] INFO  server.RaftServerConfigKeys (ConfUtils.java:logGet(43)) - raft.server.notification.no-leader.timeout = 120s (custom)
2019-11-05 08:23:47,761 [Thread-374] INFO  impl.RoleInfo (RoleInfo.java:shutdownFollowerState(121)) - a8ae9c07-6d89-4a49-a594-cacd4b776180: shutdown FollowerState
2019-11-05 08:23:47,761 [grpc-default-executor-1] INFO  impl.RoleInfo (RoleInfo.java:shutdownLeaderState(104)) - fe5257f1-588f-41af-bf70-1c04126c8968: shutdown LeaderState
2019-11-05 08:23:47,762 [Thread-374] INFO  impl.RaftServerImpl (RaftServerImpl.java:setRole(184)) - a8ae9c07-6d89-4a49-a594-cacd4b776180@group-0E159EE4F99E: changes role from  FOLLOWER to CANDIDATE at term 1 for changeToCandidate
2019-11-05 08:23:47,762 [pool-27-thread-1] INFO  server.RaftServerConfigKeys (ConfUtils.java:logGet(43)) - raft.server.log.use.memory = false (default)
2019-11-05 08:23:47,762 [pool-37-thread-1] INFO  server.RaftServerConfigKeys (ConfUtils.java:logGet(43)) - raft.server.log.purge.gap = 1000000 (custom)
2019-11-05 08:23:47,763 [pool-37-thread-1] INFO  server.RaftServerConfigKeys (ConfUtils.java:logGet(43)) - raft.server.log.appender.buffer.byte-limit = 33554432 (custom)
2019-11-05 08:23:47,762 [pool-117-thread-1] INFO  server.RaftServerConfigKeys (ConfUtils.java:logGet(43)) - raft.server.log.use.memory = false (default)
2019-11-05 08:23:47,762 [grpc-default-executor-4] INFO  impl.RoleInfo (RoleInfo.java:updateAndGet(143)) - c3e88256-f771-43b4-b3fb-c682fc5ee06f: start FollowerState
2019-11-05 08:23:47,762 [Thread-367] INFO  impl.FollowerState (FollowerState.java:run(117)) - c3e88256-f771-43b4-b3fb-c682fc5ee06f@group-9D53872EEF85-FollowerState was interrupted: java.lang.InterruptedException: sleep interrupted
2019-11-05 08:23:47,762 [Thread-377] INFO  impl.RoleInfo (RoleInfo.java:shutdownFollowerState(121)) - b3bb9051-8089-4c51-a999-81579e5913f2: shutdown FollowerState
2019-11-05 08:23:47,766 [6189f8a4-91dd-451f-abcb-72b2dcd73465@group-9D53872EEF85-LeaderElection16] INFO  impl.LeaderElection (LeaderElection.java:askForVotes(178)) - 6189f8a4-91dd-451f-abcb-72b2dcd73465@group-9D53872EEF85-LeaderElection16: begin an election at term 4 for -1: [fe5257f1-588f-41af-bf70-1c04126c8968:192.168.164.217:33003, 6189f8a4-91dd-451f-abcb-72b2dcd73465:192.168.164.217:36585, c3e88256-f771-43b4-b3fb-c682fc5ee06f:192.168.164.217:37319], old=null
2019-11-05 08:23:47,766 [pool-117-thread-1] INFO  server.RaftServerConfigKeys (ConfUtils.java:logGet(43)) - raft.server.log.purge.gap = 1000000 (custom)
2019-11-05 08:23:47,766 [fe5257f1-588f-41af-bf70-1c04126c8968@group-9D53872EEF85-SegmentedRaftLogWorker] INFO  segmented.SegmentedRaftLogWorker (SegmentedRaftLogWorker.java:execute(576)) - fe5257f1-588f-41af-bf70-1c04126c8968@group-9D53872EEF85-SegmentedRaftLogWorker: created new log segment /workdir/hadoop-ozone/integration-test/target/test-dir/MiniOzoneClusterImpl-0ddfd79e-5774-4abb-9b8b-55ac0c17dbc1/datanode-5/data/ratis/f7f0e17c-da69-4896-85e5-9d53872eef85/current/log_inprogress_0
2019-11-05 08:23:47,766 [caafcba9-090a-41f5-a5f9-cba5a6a81e94@group-0E159EE4F99E-SegmentedRaftLogWorker] INFO  segmented.SegmentedRaftLogWorker (SegmentedRaftLogWorker.java:execute(576)) - caafcba9-090a-41f5-a5f9-cba5a6a81e94@group-0E159EE4F99E-SegmentedRaftLogWorker: created new log segment /workdir/hadoop-ozone/integration-test/target/test-dir/MiniOzoneClusterImpl-0ddfd79e-5774-4abb-9b8b-55ac0c17dbc1/datanode-2/data/ratis/653fd967-f43e-4de4-9174-0e159ee4f99e/current/log_inprogress_0
2019-11-05 08:23:47,763 [pool-37-thread-1] INFO  server.RaftServerConfigKeys (ConfUtils.java:logGet(43)) - raft.server.log.segment.size.max = 1048576 (custom)
2019-11-05 08:23:47,763 [pool-27-thread-1] INFO  server.RaftServerConfigKeys (ConfUtils.java:logGet(43)) - raft.server.log.purge.gap = 1000000 (custom)
2019-11-05 08:23:47,778 [pool-37-thread-1] INFO  server.RaftServerConfigKeys (ConfUtils.java:logGet(43)) - raft.server.log.segment.cache.num.max = 2 (custom)
2019-11-05 08:23:47,763 [Thread-374] INFO  impl.RoleInfo (RoleInfo.java:updateAndGet(143)) - a8ae9c07-6d89-4a49-a594-cacd4b776180: start LeaderElection
2019-11-05 08:23:47,778 [pool-37-thread-1] INFO  segmented.SegmentedRaftLogWorker (SegmentedRaftLogWorker.java:<init>(173)) - new 4a682f4f-c3f2-4b77-88b7-f0ab78890feb@group-0DB8C7688BF9-SegmentedRaftLogWorker for RaftStorage:Storage Directory /workdir/hadoop-ozone/integration-test/target/test-dir/MiniOzoneClusterImpl-0ddfd79e-5774-4abb-9b8b-55ac0c17dbc1/datanode-1/data/ratis/2f5caf52-f09c-400b-8f0f-0db8c7688bf9
2019-11-05 08:23:47,778 [pool-27-thread-1] INFO  server.RaftServerConfigKeys (ConfUtils.java:logGet(43)) - raft.server.log.appender.buffer.byte-limit = 33554432 (custom)
2019-11-05 08:23:47,778 [org.apache.ratis.server.impl.LogAppender$AppenderDaemon$$Lambda$488/1415481503@696145d9] WARN  server.GrpcLogAppender (GrpcLogAppender.java:mayWait(149)) - fe5257f1-588f-41af-bf70-1c04126c8968@group-9D53872EEF85->6189f8a4-91dd-451f-abcb-72b2dcd73465-GrpcLogAppender: Wait interrupted by java.lang.InterruptedException
2019-11-05 08:23:47,777 [pool-117-thread-1] INFO  server.RaftServerConfigKeys (ConfUtils.java:logGet(43)) - raft.server.log.appender.buffer.byte-limit = 33554432 (custom)
2019-11-05 08:23:47,777 [grpc-default-executor-1] INFO  impl.PendingRequests (PendingRequests.java:sendNotLeaderResponses(202)) - fe5257f1-588f-41af-bf70-1c04126c8968@group-9D53872EEF85-PendingRequests: sendNotLeaderResponses
2019-11-05 08:23:47,777 [Thread-377] INFO  impl.RaftServerImpl (RaftServerImpl.java:setRole(184)) - b3bb9051-8089-4c51-a999-81579e5913f2@group-0E159EE4F99E: changes role from  FOLLOWER to CANDIDATE at term 1 for changeToCandidate
2019-11-05 08:23:47,783 [pool-27-thread-1] INFO  server.RaftServerConfigKeys (ConfUtils.java:logGet(43)) - raft.server.log.segment.size.max = 1048576 (custom)
2019-11-05 08:23:47,783 [pool-117-thread-1] INFO  server.RaftServerConfigKeys (ConfUtils.java:logGet(43)) - raft.server.log.segment.size.max = 1048576 (custom)
2019-11-05 08:23:47,778 [org.apache.ratis.server.impl.LogAppender$AppenderDaemon$$Lambda$488/1415481503@1c65061f] WARN  server.GrpcLogAppender (GrpcLogAppender.java:mayWait(149)) - fe5257f1-588f-41af-bf70-1c04126c8968@group-9D53872EEF85->c3e88256-f771-43b4-b3fb-c682fc5ee06f-GrpcLogAppender: Wait interrupted by java.lang.InterruptedException
2019-11-05 08:23:47,792 [pool-117-thread-1] INFO  server.RaftServerConfigKeys (ConfUtils.java:logGet(43)) - raft.server.log.segment.cache.num.max = 2 (custom)
2019-11-05 08:23:47,778 [pool-37-thread-1] INFO  server.RaftServerConfigKeys (ConfUtils.java:logGet(43)) - raft.server.log.queue.byte-limit = 2147483647 (custom)
2019-11-05 08:23:47,797 [pool-117-thread-1] INFO  segmented.SegmentedRaftLogWorker (SegmentedRaftLogWorker.java:<init>(173)) - new 7e1b84a9-a041-44fd-8008-f2679426984c@group-0DB8C7688BF9-SegmentedRaftLogWorker for RaftStorage:Storage Directory /workdir/hadoop-ozone/integration-test/target/test-dir/MiniOzoneClusterImpl-0ddfd79e-5774-4abb-9b8b-55ac0c17dbc1/datanode-9/data/ratis/2f5caf52-f09c-400b-8f0f-0db8c7688bf9
2019-11-05 08:23:47,792 [pool-27-thread-1] INFO  server.RaftServerConfigKeys (ConfUtils.java:logGet(43)) - raft.server.log.segment.cache.num.max = 2 (custom)
2019-11-05 08:23:47,792 [Thread-377] INFO  impl.RoleInfo (RoleInfo.java:updateAndGet(143)) - b3bb9051-8089-4c51-a999-81579e5913f2: start LeaderElection
2019-11-05 08:23:47,797 [pool-27-thread-1] INFO  segmented.SegmentedRaftLogWorker (SegmentedRaftLogWorker.java:<init>(173)) - new 77ab65e6-d942-49df-83a3-1d4c0bf152b3@group-0DB8C7688BF9-SegmentedRaftLogWorker for RaftStorage:Storage Directory /workdir/hadoop-ozone/integration-test/target/test-dir/MiniOzoneClusterImpl-0ddfd79e-5774-4abb-9b8b-55ac0c17dbc1/datanode-0/data/ratis/2f5caf52-f09c-400b-8f0f-0db8c7688bf9
2019-11-05 08:23:47,797 [pool-117-thread-1] INFO  server.RaftServerConfigKeys (ConfUtils.java:logGet(43)) - raft.server.log.queue.byte-limit = 2147483647 (custom)
2019-11-05 08:23:47,797 [pool-37-thread-1] INFO  server.RaftServerConfigKeys (ConfUtils.java:logGet(43)) - raft.server.log.queue.element-limit = 1024 (custom)
2019-11-05 08:23:47,798 [pool-117-thread-1] INFO  server.RaftServerConfigKeys (ConfUtils.java:logGet(43)) - raft.server.log.queue.element-limit = 1024 (custom)
2019-11-05 08:23:47,798 [pool-27-thread-1] INFO  server.RaftServerConfigKeys (ConfUtils.java:logGet(43)) - raft.server.log.queue.byte-limit = 2147483647 (custom)
2019-11-05 08:23:47,798 [pool-117-thread-1] INFO  server.RaftServerConfigKeys (ConfUtils.java:logGet(43)) - raft.server.log.segment.size.max = 1048576 (custom)
2019-11-05 08:23:47,798 [pool-37-thread-1] INFO  server.RaftServerConfigKeys (ConfUtils.java:logGet(43)) - raft.server.log.segment.size.max = 1048576 (custom)
2019-11-05 08:23:47,798 [pool-117-thread-1] INFO  server.RaftServerConfigKeys (ConfUtils.java:logGet(43)) - raft.server.log.preallocated.size = 16384 (custom)
2019-11-05 08:23:47,798 [grpc-default-executor-1] INFO  impl.RoleInfo (RoleInfo.java:updateAndGet(143)) - fe5257f1-588f-41af-bf70-1c04126c8968: start FollowerState
2019-11-05 08:23:47,798 [pool-27-thread-1] INFO  server.RaftServerConfigKeys (ConfUtils.java:logGet(43)) - raft.server.log.queue.element-limit = 1024 (custom)
2019-11-05 08:23:47,798 [pool-117-thread-1] INFO  server.RaftServerConfigKeys (ConfUtils.java:logGet(43)) - raft.server.log.write.buffer.size = 33554432 (custom)
2019-11-05 08:23:47,798 [pool-37-thread-1] INFO  server.RaftServerConfigKeys (ConfUtils.java:logGet(43)) - raft.server.log.preallocated.size = 16384 (custom)
2019-11-05 08:23:47,799 [pool-117-thread-1] INFO  server.RaftServerConfigKeys (ConfUtils.java:logGet(43)) - raft.server.log.force.sync.num = 128 (default)
2019-11-05 08:23:47,799 [pool-27-thread-1] INFO  server.RaftServerConfigKeys (ConfUtils.java:logGet(43)) - raft.server.log.segment.size.max = 1048576 (custom)
2019-11-05 08:23:47,799 [pool-117-thread-1] INFO  server.RaftServerConfigKeys (ConfUtils.java:logGet(43)) - raft.server.log.statemachine.data.sync = true (default)
2019-11-05 08:23:47,799 [pool-37-thread-1] INFO  server.RaftServerConfigKeys (ConfUtils.java:logGet(43)) - raft.server.log.write.buffer.size = 33554432 (custom)
2019-11-05 08:23:47,799 [pool-117-thread-1] INFO  server.RaftServerConfigKeys (ConfUtils.java:logGet(43)) - raft.server.log.statemachine.data.sync.timeout = 10s (default)
2019-11-05 08:23:47,799 [pool-27-thread-1] INFO  server.RaftServerConfigKeys (ConfUtils.java:logGet(43)) - raft.server.log.preallocated.size = 16384 (custom)
2019-11-05 08:23:47,799 [pool-37-thread-1] INFO  server.RaftServerConfigKeys (ConfUtils.java:logGet(43)) - raft.server.log.force.sync.num = 128 (default)
2019-11-05 08:23:47,801 [pool-27-thread-1] INFO  server.RaftServerConfigKeys (ConfUtils.java:logGet(43)) - raft.server.log.write.buffer.size = 33554432 (custom)
2019-11-05 08:23:47,801 [pool-117-thread-1] INFO  server.RaftServerConfigKeys (ConfUtils.java:logGet(43)) - raft.server.log.statemachine.data.sync.timeout.retry = -1 (default)
2019-11-05 08:23:47,803 [pool-27-thread-1] INFO  server.RaftServerConfigKeys (ConfUtils.java:logGet(43)) - raft.server.log.force.sync.num = 128 (default)
2019-11-05 08:23:47,803 [pool-37-thread-1] INFO  server.RaftServerConfigKeys (ConfUtils.java:logGet(43)) - raft.server.log.statemachine.data.sync = true (default)
2019-11-05 08:23:47,803 [pool-27-thread-1] INFO  server.RaftServerConfigKeys (ConfUtils.java:logGet(43)) - raft.server.log.statemachine.data.sync = true (default)
2019-11-05 08:23:47,803 [pool-117-thread-1] INFO  server.RaftServerConfigKeys (ConfUtils.java:logGet(43)) - raft.server.log.statemachine.data.caching.enabled = true (custom)
2019-11-05 08:23:47,805 [grpc-default-executor-3] INFO  impl.RaftServerImpl (RaftServerImpl.java:setRole(184)) - c3e88256-f771-43b4-b3fb-c682fc5ee06f@group-9D53872EEF85: changes role from  FOLLOWER to FOLLOWER at term 4 for recognizeCandidate:6189f8a4-91dd-451f-abcb-72b2dcd73465
2019-11-05 08:23:47,805 [pool-27-thread-1] INFO  server.RaftServerConfigKeys (ConfUtils.java:logGet(43)) - raft.server.log.statemachine.data.sync.timeout = 10s (default)
2019-11-05 08:23:47,805 [pool-37-thread-1] INFO  server.RaftServerConfigKeys (ConfUtils.java:logGet(43)) - raft.server.log.statemachine.data.sync.timeout = 10s (default)
2019-11-05 08:23:47,807 [pool-27-thread-1] INFO  server.RaftServerConfigKeys (ConfUtils.java:logGet(43)) - raft.server.log.statemachine.data.sync.timeout.retry = -1 (default)
2019-11-05 08:23:47,806 [grpc-default-executor-3] INFO  impl.RoleInfo (RoleInfo.java:shutdownFollowerState(121)) - c3e88256-f771-43b4-b3fb-c682fc5ee06f: shutdown FollowerState
2019-11-05 08:23:47,808 [pool-27-thread-1] INFO  server.RaftServerConfigKeys (ConfUtils.java:logGet(43)) - raft.server.log.statemachine.data.caching.enabled = true (custom)
2019-11-05 08:23:47,807 [pool-37-thread-1] INFO  server.RaftServerConfigKeys (ConfUtils.java:logGet(43)) - raft.server.log.statemachine.data.sync.timeout.retry = -1 (default)
2019-11-05 08:23:47,808 [grpc-default-executor-3] INFO  impl.RoleInfo (RoleInfo.java:updateAndGet(143)) - c3e88256-f771-43b4-b3fb-c682fc5ee06f: start FollowerState
2019-11-05 08:23:47,808 [grpc-default-executor-4] INFO  server.GrpcServerProtocolService (GrpcServerProtocolService.java:onCompleted(113)) - c3e88256-f771-43b4-b3fb-c682fc5ee06f: Completed APPEND_ENTRIES, lastRequest: null
2019-11-05 08:23:47,808 [Thread-385] INFO  impl.FollowerState (FollowerState.java:run(117)) - c3e88256-f771-43b4-b3fb-c682fc5ee06f@group-9D53872EEF85-FollowerState was interrupted: java.lang.InterruptedException: sleep interrupted
2019-11-05 08:23:47,808 [pool-37-thread-1] INFO  server.RaftServerConfigKeys (ConfUtils.java:logGet(43)) - raft.server.log.statemachine.data.caching.enabled = true (custom)
2019-11-05 08:23:47,808 [grpc-default-executor-2] INFO  server.GrpcServerProtocolService (GrpcServerProtocolService.java:onCompleted(113)) - 6189f8a4-91dd-451f-abcb-72b2dcd73465: Completed APPEND_ENTRIES, lastRequest: null
2019-11-05 08:23:47,811 [b3bb9051-8089-4c51-a999-81579e5913f2@group-0E159EE4F99E-LeaderElection18] INFO  impl.LeaderElection (LeaderElection.java:askForVotes(178)) - b3bb9051-8089-4c51-a999-81579e5913f2@group-0E159EE4F99E-LeaderElection18: begin an election at term 2 for -1: [caafcba9-090a-41f5-a5f9-cba5a6a81e94:192.168.164.217:37197, a8ae9c07-6d89-4a49-a594-cacd4b776180:192.168.164.217:42719, b3bb9051-8089-4c51-a999-81579e5913f2:192.168.164.217:36516], old=null
2019-11-05 08:23:47,811 [grpc-default-executor-5] INFO  impl.RaftServerImpl (RaftServerImpl.java:setRole(184)) - fe5257f1-588f-41af-bf70-1c04126c8968@group-9D53872EEF85: changes role from  FOLLOWER to FOLLOWER at term 4 for recognizeCandidate:6189f8a4-91dd-451f-abcb-72b2dcd73465
2019-11-05 08:23:47,811 [grpc-default-executor-4] INFO  server.GrpcLogAppender (GrpcLogAppender.java:onCompleted(308)) - fe5257f1-588f-41af-bf70-1c04126c8968@group-9D53872EEF85->6189f8a4-91dd-451f-abcb-72b2dcd73465-AppendLogResponseHandler: follower responses appendEntries COMPLETED
2019-11-05 08:23:47,811 [grpc-default-executor-2] INFO  server.GrpcLogAppender (GrpcLogAppender.java:onCompleted(308)) - fe5257f1-588f-41af-bf70-1c04126c8968@group-9D53872EEF85->c3e88256-f771-43b4-b3fb-c682fc5ee06f-AppendLogResponseHandler: follower responses appendEntries COMPLETED
2019-11-05 08:23:47,811 [a8ae9c07-6d89-4a49-a594-cacd4b776180@group-0E159EE4F99E-LeaderElection17] INFO  impl.LeaderElection (LeaderElection.java:askForVotes(178)) - a8ae9c07-6d89-4a49-a594-cacd4b776180@group-0E159EE4F99E-LeaderElection17: begin an election at term 2 for -1: [caafcba9-090a-41f5-a5f9-cba5a6a81e94:192.168.164.217:37197, a8ae9c07-6d89-4a49-a594-cacd4b776180:192.168.164.217:42719, b3bb9051-8089-4c51-a999-81579e5913f2:192.168.164.217:36516], old=null
2019-11-05 08:23:47,811 [grpc-default-executor-5] INFO  impl.RoleInfo (RoleInfo.java:shutdownFollowerState(121)) - fe5257f1-588f-41af-bf70-1c04126c8968: shutdown FollowerState
2019-11-05 08:23:47,825 [pool-117-thread-1] INFO  segmented.SegmentedRaftLogWorker (SegmentedRaftLogWorker.java:lambda$new$0(128)) - 7e1b84a9-a041-44fd-8008-f2679426984c@group-0DB8C7688BF9-SegmentedRaftLogWorker: flushIndex: setUnconditionally 0 -> -1
2019-11-05 08:23:47,825 [pool-27-thread-1] INFO  segmented.SegmentedRaftLogWorker (SegmentedRaftLogWorker.java:lambda$new$0(128)) - 77ab65e6-d942-49df-83a3-1d4c0bf152b3@group-0DB8C7688BF9-SegmentedRaftLogWorker: flushIndex: setUnconditionally 0 -> -1
2019-11-05 08:23:47,825 [pool-37-thread-1] INFO  segmented.SegmentedRaftLogWorker (SegmentedRaftLogWorker.java:lambda$new$0(128)) - 4a682f4f-c3f2-4b77-88b7-f0ab78890feb@group-0DB8C7688BF9-SegmentedRaftLogWorker: flushIndex: setUnconditionally 0 -> -1
2019-11-05 08:23:47,826 [Thread-390] INFO  impl.FollowerState (FollowerState.java:run(117)) - fe5257f1-588f-41af-bf70-1c04126c8968@group-9D53872EEF85-FollowerState was interrupted: java.lang.InterruptedException: sleep interrupted
2019-11-05 08:23:47,829 [pool-27-thread-1] INFO  server.RaftServerConfigKeys (ConfUtils.java:logGet(43)) - raft.server.snapshot.auto.trigger.enabled = true (custom)
2019-11-05 08:23:47,829 [pool-117-thread-1] INFO  server.RaftServerConfigKeys (ConfUtils.java:logGet(43)) - raft.server.snapshot.auto.trigger.enabled = true (custom)
2019-11-05 08:23:47,829 [pool-37-thread-1] INFO  server.RaftServerConfigKeys (ConfUtils.java:logGet(43)) - raft.server.snapshot.auto.trigger.enabled = true (custom)
2019-11-05 08:23:47,829 [pool-27-thread-1] INFO  server.RaftServerConfigKeys (ConfUtils.java:logGet(43)) - raft.server.snapshot.auto.trigger.threshold = 10000 (custom)
2019-11-05 08:23:47,829 [pool-37-thread-1] INFO  server.RaftServerConfigKeys (ConfUtils.java:logGet(43)) - raft.server.snapshot.auto.trigger.threshold = 10000 (custom)
2019-11-05 08:23:47,829 [grpc-default-executor-5] INFO  impl.RoleInfo (RoleInfo.java:updateAndGet(143)) - fe5257f1-588f-41af-bf70-1c04126c8968: start FollowerState
2019-11-05 08:23:47,829 [pool-117-thread-1] INFO  server.RaftServerConfigKeys (ConfUtils.java:logGet(43)) - raft.server.snapshot.auto.trigger.threshold = 10000 (custom)
2019-11-05 08:23:47,838 [pool-37-thread-1] INFO  server.RaftServerConfigKeys (ConfUtils.java:logGet(43)) - raft.server.snapshot.retention.file.num = 5 (custom)
2019-11-05 08:23:47,837 [pool-27-thread-1] INFO  server.RaftServerConfigKeys (ConfUtils.java:logGet(43)) - raft.server.snapshot.retention.file.num = 5 (custom)
2019-11-05 08:23:47,839 [pool-117-thread-1] INFO  server.RaftServerConfigKeys (ConfUtils.java:logGet(43)) - raft.server.snapshot.retention.file.num = 5 (custom)
2019-11-05 08:23:47,839 [grpc-default-executor-4] INFO  impl.FollowerInfo (FollowerInfo.java:lambda$new$0(51)) - fe5257f1-588f-41af-bf70-1c04126c8968@group-9D53872EEF85->6189f8a4-91dd-451f-abcb-72b2dcd73465: nextIndex: updateUnconditionally 0 -> 0
2019-11-05 08:23:47,839 [pool-37-thread-1] INFO  server.RaftServerConfigKeys (ConfUtils.java:logGet(43)) - raft.server.retrycache.expirytime = 600000ms (custom)
2019-11-05 08:23:47,842 [grpc-default-executor-2] INFO  impl.FollowerInfo (FollowerInfo.java:lambda$new$0(51)) - fe5257f1-588f-41af-bf70-1c04126c8968@group-9D53872EEF85->c3e88256-f771-43b4-b3fb-c682fc5ee06f: nextIndex: updateUnconditionally 0 -> 0
2019-11-05 08:23:47,840 [pool-117-thread-1] INFO  server.RaftServerConfigKeys (ConfUtils.java:logGet(43)) - raft.server.retrycache.expirytime = 600000ms (custom)
2019-11-05 08:23:47,839 [pool-27-thread-1] INFO  server.RaftServerConfigKeys (ConfUtils.java:logGet(43)) - raft.server.retrycache.expirytime = 600000ms (custom)
2019-11-05 08:23:47,846 [grpc-default-executor-3] INFO  impl.RaftServerImpl (ServerState.java:setLeader(256)) - caafcba9-090a-41f5-a5f9-cba5a6a81e94@group-0E159EE4F99E: change Leader from caafcba9-090a-41f5-a5f9-cba5a6a81e94 to null at term 2 for updateCurrentTerm
2019-11-05 08:23:47,847 [grpc-default-executor-3] INFO  impl.RaftServerImpl (RaftServerImpl.java:setRole(184)) - caafcba9-090a-41f5-a5f9-cba5a6a81e94@group-0E159EE4F99E: changes role from    LEADER to FOLLOWER at term 2 for recognizeCandidate:b3bb9051-8089-4c51-a999-81579e5913f2
2019-11-05 08:23:47,847 [6189f8a4-91dd-451f-abcb-72b2dcd73465@group-9D53872EEF85-LeaderElection16] INFO  impl.LeaderElection (LeaderElection.java:logAndReturn(56)) - 6189f8a4-91dd-451f-abcb-72b2dcd73465@group-9D53872EEF85-LeaderElection16: Election PASSED; received 1 response(s) [6189f8a4-91dd-451f-abcb-72b2dcd73465<-c3e88256-f771-43b4-b3fb-c682fc5ee06f#0:OK-t4] and 0 exception(s); 6189f8a4-91dd-451f-abcb-72b2dcd73465@group-9D53872EEF85:t4, leader=null, voted=6189f8a4-91dd-451f-abcb-72b2dcd73465, raftlog=6189f8a4-91dd-451f-abcb-72b2dcd73465@group-9D53872EEF85-SegmentedRaftLog:OPENED:c-1,f-1,i0, conf=-1: [fe5257f1-588f-41af-bf70-1c04126c8968:192.168.164.217:33003, 6189f8a4-91dd-451f-abcb-72b2dcd73465:192.168.164.217:36585, c3e88256-f771-43b4-b3fb-c682fc5ee06f:192.168.164.217:37319], old=null
2019-11-05 08:23:47,847 [grpc-default-executor-3] INFO  impl.RoleInfo (RoleInfo.java:shutdownLeaderState(104)) - caafcba9-090a-41f5-a5f9-cba5a6a81e94: shutdown LeaderState
2019-11-05 08:23:47,847 [6189f8a4-91dd-451f-abcb-72b2dcd73465@group-9D53872EEF85-LeaderElection16] INFO  impl.RoleInfo (RoleInfo.java:shutdownLeaderElection(134)) - 6189f8a4-91dd-451f-abcb-72b2dcd73465: shutdown LeaderElection
2019-11-05 08:23:47,852 [org.apache.ratis.server.impl.LogAppender$AppenderDaemon$$Lambda$488/1415481503@57248b25] WARN  server.GrpcLogAppender (GrpcLogAppender.java:mayWait(149)) - caafcba9-090a-41f5-a5f9-cba5a6a81e94@group-0E159EE4F99E->a8ae9c07-6d89-4a49-a594-cacd4b776180-GrpcLogAppender: Wait interrupted by java.lang.InterruptedException
2019-11-05 08:23:47,850 [grpc-default-executor-3] INFO  impl.PendingRequests (PendingRequests.java:sendNotLeaderResponses(202)) - caafcba9-090a-41f5-a5f9-cba5a6a81e94@group-0E159EE4F99E-PendingRequests: sendNotLeaderResponses
2019-11-05 08:23:47,850 [org.apache.ratis.server.impl.LogAppender$AppenderDaemon$$Lambda$488/1415481503@66b91f91] WARN  server.GrpcLogAppender (GrpcLogAppender.java:mayWait(149)) - caafcba9-090a-41f5-a5f9-cba5a6a81e94@group-0E159EE4F99E->b3bb9051-8089-4c51-a999-81579e5913f2-GrpcLogAppender: Wait interrupted by java.lang.InterruptedException
2019-11-05 08:23:47,852 [6189f8a4-91dd-451f-abcb-72b2dcd73465@group-9D53872EEF85-LeaderElection16] INFO  impl.RaftServerImpl (RaftServerImpl.java:setRole(184)) - 6189f8a4-91dd-451f-abcb-72b2dcd73465@group-9D53872EEF85: changes role from CANDIDATE to LEADER at term 4 for changeToLeader
2019-11-05 08:23:47,853 [grpc-default-executor-3] INFO  impl.RoleInfo (RoleInfo.java:updateAndGet(143)) - caafcba9-090a-41f5-a5f9-cba5a6a81e94: start FollowerState
2019-11-05 08:23:47,855 [6189f8a4-91dd-451f-abcb-72b2dcd73465@group-9D53872EEF85-LeaderElection16] INFO  impl.RaftServerImpl (ServerState.java:setLeader(256)) - 6189f8a4-91dd-451f-abcb-72b2dcd73465@group-9D53872EEF85: change Leader from null to 6189f8a4-91dd-451f-abcb-72b2dcd73465 at term 4 for becomeLeader, leader elected after 471ms
2019-11-05 08:23:47,855 [6189f8a4-91dd-451f-abcb-72b2dcd73465@group-9D53872EEF85-LeaderElection16] INFO  server.RaftServerConfigKeys (ConfUtils.java:logGet(43)) - raft.server.staging.catchup.gap = 1000 (default)
2019-11-05 08:23:47,855 [6189f8a4-91dd-451f-abcb-72b2dcd73465@group-9D53872EEF85-LeaderElection16] INFO  server.RaftServerConfigKeys (ConfUtils.java:logGet(43)) - raft.server.rpc.sleep.time = 25ms (default)
2019-11-05 08:23:47,856 [6189f8a4-91dd-451f-abcb-72b2dcd73465@group-9D53872EEF85-LeaderElection16] INFO  server.RaftServerConfigKeys (ConfUtils.java:logGet(43)) - raft.server.write.element-limit = 4096 (default)
2019-11-05 08:23:47,856 [6189f8a4-91dd-451f-abcb-72b2dcd73465@group-9D53872EEF85-LeaderElection16] INFO  server.RaftServerConfigKeys (ConfUtils.java:logGet(43)) - raft.server.watch.timeout = 10s (default)
2019-11-05 08:23:47,857 [6189f8a4-91dd-451f-abcb-72b2dcd73465@group-9D53872EEF85-LeaderElection16] INFO  server.RaftServerConfigKeys (ConfUtils.java:logGet(43)) - raft.server.watch.timeout.denomination = 1s (default)
2019-11-05 08:23:47,857 [6189f8a4-91dd-451f-abcb-72b2dcd73465@group-9D53872EEF85-LeaderElection16] INFO  server.RaftServerConfigKeys (ConfUtils.java:logGet(43)) - raft.server.watch.element-limit = 65536 (default)
2019-11-05 08:23:47,857 [grpc-default-executor-0] INFO  server.GrpcServerProtocolService (GrpcServerProtocolService.java:onCompleted(113)) - a8ae9c07-6d89-4a49-a594-cacd4b776180: Completed APPEND_ENTRIES, lastRequest: caafcba9-090a-41f5-a5f9-cba5a6a81e94->a8ae9c07-6d89-4a49-a594-cacd4b776180#0-t1, previous=(t:0, i:0), leaderCommit=-1, initializing? false, entries: <empty>
2019-11-05 08:23:47,869 [grpc-default-executor-5] INFO  server.GrpcServerProtocolService (GrpcServerProtocolService.java:onCompleted(113)) - b3bb9051-8089-4c51-a999-81579e5913f2: Completed APPEND_ENTRIES, lastRequest: caafcba9-090a-41f5-a5f9-cba5a6a81e94->b3bb9051-8089-4c51-a999-81579e5913f2#0-t1, previous=(t:0, i:0), leaderCommit=-1, initializing? false, entries: <empty>
2019-11-05 08:23:47,869 [grpc-default-executor-0] INFO  impl.RaftServerImpl (RaftServerImpl.java:setRole(184)) - caafcba9-090a-41f5-a5f9-cba5a6a81e94@group-0E159EE4F99E: changes role from  FOLLOWER to FOLLOWER at term 2 for recognizeCandidate:a8ae9c07-6d89-4a49-a594-cacd4b776180
2019-11-05 08:23:47,870 [grpc-default-executor-0] INFO  impl.RoleInfo (RoleInfo.java:shutdownFollowerState(121)) - caafcba9-090a-41f5-a5f9-cba5a6a81e94: shutdown FollowerState
2019-11-05 08:23:47,871 [Thread-402] INFO  impl.FollowerState (FollowerState.java:run(117)) - caafcba9-090a-41f5-a5f9-cba5a6a81e94@group-0E159EE4F99E-FollowerState was interrupted: java.lang.InterruptedException: sleep interrupted
2019-11-05 08:23:47,871 [grpc-default-executor-0] INFO  impl.RoleInfo (RoleInfo.java:updateAndGet(143)) - caafcba9-090a-41f5-a5f9-cba5a6a81e94: start FollowerState
2019-11-05 08:23:47,873 [grpc-default-executor-6] INFO  server.GrpcLogAppender (GrpcLogAppender.java:onCompleted(308)) - caafcba9-090a-41f5-a5f9-cba5a6a81e94@group-0E159EE4F99E->a8ae9c07-6d89-4a49-a594-cacd4b776180-AppendLogResponseHandler: follower responses appendEntries COMPLETED
2019-11-05 08:23:47,874 [grpc-default-executor-3] INFO  server.GrpcLogAppender (GrpcLogAppender.java:onCompleted(308)) - caafcba9-090a-41f5-a5f9-cba5a6a81e94@group-0E159EE4F99E->b3bb9051-8089-4c51-a999-81579e5913f2-AppendLogResponseHandler: follower responses appendEntries COMPLETED
2019-11-05 08:23:47,876 [grpc-default-executor-6] INFO  impl.FollowerInfo (FollowerInfo.java:lambda$new$0(51)) - caafcba9-090a-41f5-a5f9-cba5a6a81e94@group-0E159EE4F99E->a8ae9c07-6d89-4a49-a594-cacd4b776180: nextIndex: updateUnconditionally 0 -> 0
2019-11-05 08:23:47,879 [grpc-default-executor-3] INFO  impl.FollowerInfo (FollowerInfo.java:lambda$new$0(51)) - caafcba9-090a-41f5-a5f9-cba5a6a81e94@group-0E159EE4F99E->b3bb9051-8089-4c51-a999-81579e5913f2: nextIndex: updateUnconditionally 0 -> 0
2019-11-05 08:23:47,879 [b3bb9051-8089-4c51-a999-81579e5913f2@group-0E159EE4F99E-LeaderElection18] INFO  impl.LeaderElection (LeaderElection.java:logAndReturn(56)) - b3bb9051-8089-4c51-a999-81579e5913f2@group-0E159EE4F99E-LeaderElection18: Election REJECTED; received 2 response(s) [b3bb9051-8089-4c51-a999-81579e5913f2<-caafcba9-090a-41f5-a5f9-cba5a6a81e94#0:FAIL-t2, b3bb9051-8089-4c51-a999-81579e5913f2<-a8ae9c07-6d89-4a49-a594-cacd4b776180#0:FAIL-t2] and 0 exception(s); b3bb9051-8089-4c51-a999-81579e5913f2@group-0E159EE4F99E:t2, leader=null, voted=b3bb9051-8089-4c51-a999-81579e5913f2, raftlog=b3bb9051-8089-4c51-a999-81579e5913f2@group-0E159EE4F99E-SegmentedRaftLog:OPENED:c-1,f-1,i0, conf=-1: [caafcba9-090a-41f5-a5f9-cba5a6a81e94:192.168.164.217:37197, a8ae9c07-6d89-4a49-a594-cacd4b776180:192.168.164.217:42719, b3bb9051-8089-4c51-a999-81579e5913f2:192.168.164.217:36516], old=null
2019-11-05 08:23:47,879 [a8ae9c07-6d89-4a49-a594-cacd4b776180@group-0E159EE4F99E-LeaderElection17] INFO  impl.LeaderElection (LeaderElection.java:logAndReturn(56)) - a8ae9c07-6d89-4a49-a594-cacd4b776180@group-0E159EE4F99E-LeaderElection17: Election REJECTED; received 2 response(s) [a8ae9c07-6d89-4a49-a594-cacd4b776180<-caafcba9-090a-41f5-a5f9-cba5a6a81e94#0:FAIL-t2, a8ae9c07-6d89-4a49-a594-cacd4b776180<-b3bb9051-8089-4c51-a999-81579e5913f2#0:FAIL-t2] and 0 exception(s); a8ae9c07-6d89-4a49-a594-cacd4b776180@group-0E159EE4F99E:t2, leader=null, voted=a8ae9c07-6d89-4a49-a594-cacd4b776180, raftlog=a8ae9c07-6d89-4a49-a594-cacd4b776180@group-0E159EE4F99E-SegmentedRaftLog:OPENED:c-1,f-1,i0, conf=-1: [caafcba9-090a-41f5-a5f9-cba5a6a81e94:192.168.164.217:37197, a8ae9c07-6d89-4a49-a594-cacd4b776180:192.168.164.217:42719, b3bb9051-8089-4c51-a999-81579e5913f2:192.168.164.217:36516], old=null
2019-11-05 08:23:47,879 [b3bb9051-8089-4c51-a999-81579e5913f2@group-0E159EE4F99E-LeaderElection18] INFO  impl.RaftServerImpl (RaftServerImpl.java:setRole(184)) - b3bb9051-8089-4c51-a999-81579e5913f2@group-0E159EE4F99E: changes role from CANDIDATE to FOLLOWER at term 2 for DISCOVERED_A_NEW_TERM
2019-11-05 08:23:47,880 [b3bb9051-8089-4c51-a999-81579e5913f2@group-0E159EE4F99E-LeaderElection18] INFO  impl.RoleInfo (RoleInfo.java:shutdownLeaderElection(134)) - b3bb9051-8089-4c51-a999-81579e5913f2: shutdown LeaderElection
2019-11-05 08:23:47,881 [a8ae9c07-6d89-4a49-a594-cacd4b776180@group-0E159EE4F99E-LeaderElection17] INFO  impl.RaftServerImpl (RaftServerImpl.java:setRole(184)) - a8ae9c07-6d89-4a49-a594-cacd4b776180@group-0E159EE4F99E: changes role from CANDIDATE to FOLLOWER at term 2 for DISCOVERED_A_NEW_TERM
2019-11-05 08:23:47,883 [b3bb9051-8089-4c51-a999-81579e5913f2@group-0E159EE4F99E-LeaderElection18] INFO  impl.RoleInfo (RoleInfo.java:updateAndGet(143)) - b3bb9051-8089-4c51-a999-81579e5913f2: start FollowerState
2019-11-05 08:23:47,881 [pool-37-thread-1] INFO  impl.RaftServerImpl (RaftServerImpl.java:start(195)) - 4a682f4f-c3f2-4b77-88b7-f0ab78890feb@group-0DB8C7688BF9: start as a follower, conf=-1: [77ab65e6-d942-49df-83a3-1d4c0bf152b3:192.168.164.217:39381, 7e1b84a9-a041-44fd-8008-f2679426984c:192.168.164.217:44149, 4a682f4f-c3f2-4b77-88b7-f0ab78890feb:192.168.164.217:34174], old=null
2019-11-05 08:23:47,883 [pool-27-thread-1] INFO  impl.RaftServerImpl (RaftServerImpl.java:start(195)) - 77ab65e6-d942-49df-83a3-1d4c0bf152b3@group-0DB8C7688BF9: start as a follower, conf=-1: [77ab65e6-d942-49df-83a3-1d4c0bf152b3:192.168.164.217:39381, 7e1b84a9-a041-44fd-8008-f2679426984c:192.168.164.217:44149, 4a682f4f-c3f2-4b77-88b7-f0ab78890feb:192.168.164.217:34174], old=null
2019-11-05 08:23:47,883 [a8ae9c07-6d89-4a49-a594-cacd4b776180@group-0E159EE4F99E-LeaderElection17] INFO  impl.RoleInfo (RoleInfo.java:shutdownLeaderElection(134)) - a8ae9c07-6d89-4a49-a594-cacd4b776180: shutdown LeaderElection
2019-11-05 08:23:47,885 [pool-27-thread-1] INFO  impl.RaftServerImpl (RaftServerImpl.java:setRole(184)) - 77ab65e6-d942-49df-83a3-1d4c0bf152b3@group-0DB8C7688BF9: changes role from      null to FOLLOWER at term 0 for startAsFollower
2019-11-05 08:23:47,885 [pool-37-thread-1] INFO  impl.RaftServerImpl (RaftServerImpl.java:setRole(184)) - 4a682f4f-c3f2-4b77-88b7-f0ab78890feb@group-0DB8C7688BF9: changes role from      null to FOLLOWER at term 0 for startAsFollower
2019-11-05 08:23:47,885 [pool-27-thread-1] INFO  impl.RoleInfo (RoleInfo.java:updateAndGet(143)) - 77ab65e6-d942-49df-83a3-1d4c0bf152b3: start FollowerState
2019-11-05 08:23:47,885 [a8ae9c07-6d89-4a49-a594-cacd4b776180@group-0E159EE4F99E-LeaderElection17] INFO  impl.RoleInfo (RoleInfo.java:updateAndGet(143)) - a8ae9c07-6d89-4a49-a594-cacd4b776180: start FollowerState
2019-11-05 08:23:47,885 [pool-117-thread-1] INFO  impl.RaftServerImpl (RaftServerImpl.java:start(195)) - 7e1b84a9-a041-44fd-8008-f2679426984c@group-0DB8C7688BF9: start as a follower, conf=-1: [77ab65e6-d942-49df-83a3-1d4c0bf152b3:192.168.164.217:39381, 7e1b84a9-a041-44fd-8008-f2679426984c:192.168.164.217:44149, 4a682f4f-c3f2-4b77-88b7-f0ab78890feb:192.168.164.217:34174], old=null
2019-11-05 08:23:47,886 [6189f8a4-91dd-451f-abcb-72b2dcd73465@group-9D53872EEF85-LeaderElection16] INFO  server.RaftServerConfigKeys (ConfUtils.java:logGet(43)) - raft.server.log.appender.snapshot.chunk.size.max = 16MB (=16777216) (default)
2019-11-05 08:23:47,885 [pool-37-thread-1] INFO  impl.RoleInfo (RoleInfo.java:updateAndGet(143)) - 4a682f4f-c3f2-4b77-88b7-f0ab78890feb: start FollowerState
2019-11-05 08:23:47,888 [6189f8a4-91dd-451f-abcb-72b2dcd73465@group-9D53872EEF85-LeaderElection16] INFO  server.RaftServerConfigKeys (ConfUtils.java:logGet(43)) - raft.server.log.appender.buffer.byte-limit = 33554432 (custom)
2019-11-05 08:23:47,888 [pool-27-thread-1] INFO  util.JmxRegister (JmxRegister.java:tryRegister(44)) - Successfully registered JMX Bean with object name Ratis:service=RaftServer,group=group-0DB8C7688BF9,id=77ab65e6-d942-49df-83a3-1d4c0bf152b3
2019-11-05 08:23:47,888 [pool-117-thread-1] INFO  impl.RaftServerImpl (RaftServerImpl.java:setRole(184)) - 7e1b84a9-a041-44fd-8008-f2679426984c@group-0DB8C7688BF9: changes role from      null to FOLLOWER at term 0 for startAsFollower
2019-11-05 08:23:47,888 [pool-37-thread-1] INFO  util.JmxRegister (JmxRegister.java:tryRegister(44)) - Successfully registered JMX Bean with object name Ratis:service=RaftServer,group=group-0DB8C7688BF9,id=4a682f4f-c3f2-4b77-88b7-f0ab78890feb
2019-11-05 08:23:47,888 [6189f8a4-91dd-451f-abcb-72b2dcd73465@group-9D53872EEF85-LeaderElection16] INFO  server.RaftServerConfigKeys (ConfUtils.java:logGet(43)) - raft.server.log.appender.buffer.element-limit = 1 (custom)
2019-11-05 08:23:47,888 [pool-117-thread-1] INFO  impl.RoleInfo (RoleInfo.java:updateAndGet(143)) - 7e1b84a9-a041-44fd-8008-f2679426984c: start FollowerState
2019-11-05 08:23:47,889 [6189f8a4-91dd-451f-abcb-72b2dcd73465@group-9D53872EEF85-LeaderElection16] INFO  grpc.GrpcConfigKeys$Server (ConfUtils.java:logGet(43)) - raft.grpc.server.leader.outstanding.appends.max = 128 (default)
2019-11-05 08:23:47,889 [6189f8a4-91dd-451f-abcb-72b2dcd73465@group-9D53872EEF85-LeaderElection16] INFO  server.RaftServerConfigKeys (ConfUtils.java:logGet(43)) - raft.server.rpc.request.timeout = 3000ms (default)
2019-11-05 08:23:47,889 [pool-117-thread-1] INFO  util.JmxRegister (JmxRegister.java:tryRegister(44)) - Successfully registered JMX Bean with object name Ratis:service=RaftServer,group=group-0DB8C7688BF9,id=7e1b84a9-a041-44fd-8008-f2679426984c
2019-11-05 08:23:47,889 [6189f8a4-91dd-451f-abcb-72b2dcd73465@group-9D53872EEF85-LeaderElection16] INFO  server.RaftServerConfigKeys (ConfUtils.java:logGet(43)) - raft.server.log.appender.install.snapshot.enabled = false (custom)
2019-11-05 08:23:47,902 [6189f8a4-91dd-451f-abcb-72b2dcd73465@group-9D53872EEF85-LeaderElection16] INFO  server.RaftServerConfigKeys (ConfUtils.java:logGet(43)) - raft.server.log.appender.snapshot.chunk.size.max = 16MB (=16777216) (default)
2019-11-05 08:23:47,902 [6189f8a4-91dd-451f-abcb-72b2dcd73465@group-9D53872EEF85-LeaderElection16] INFO  server.RaftServerConfigKeys (ConfUtils.java:logGet(43)) - raft.server.log.appender.buffer.byte-limit = 33554432 (custom)
2019-11-05 08:23:47,903 [6189f8a4-91dd-451f-abcb-72b2dcd73465@group-9D53872EEF85-LeaderElection16] INFO  server.RaftServerConfigKeys (ConfUtils.java:logGet(43)) - raft.server.log.appender.buffer.element-limit = 1 (custom)
2019-11-05 08:23:47,904 [6189f8a4-91dd-451f-abcb-72b2dcd73465@group-9D53872EEF85-LeaderElection16] INFO  grpc.GrpcConfigKeys$Server (ConfUtils.java:logGet(43)) - raft.grpc.server.leader.outstanding.appends.max = 128 (default)
2019-11-05 08:23:47,904 [6189f8a4-91dd-451f-abcb-72b2dcd73465@group-9D53872EEF85-LeaderElection16] INFO  server.RaftServerConfigKeys (ConfUtils.java:logGet(43)) - raft.server.rpc.request.timeout = 3000ms (default)
2019-11-05 08:23:47,904 [6189f8a4-91dd-451f-abcb-72b2dcd73465@group-9D53872EEF85-LeaderElection16] INFO  server.RaftServerConfigKeys (ConfUtils.java:logGet(43)) - raft.server.log.appender.install.snapshot.enabled = false (custom)
2019-11-05 08:23:47,909 [6189f8a4-91dd-451f-abcb-72b2dcd73465@group-9D53872EEF85-LeaderElection16] INFO  impl.RoleInfo (RoleInfo.java:updateAndGet(143)) - 6189f8a4-91dd-451f-abcb-72b2dcd73465: start LeaderState
2019-11-05 08:23:47,909 [6189f8a4-91dd-451f-abcb-72b2dcd73465@group-9D53872EEF85-LeaderElection16] INFO  segmented.SegmentedRaftLogWorker (SegmentedRaftLogWorker.java:startLogSegment(385)) - 6189f8a4-91dd-451f-abcb-72b2dcd73465@group-9D53872EEF85-SegmentedRaftLogWorker: Starting segment from index:0
2019-11-05 08:23:47,910 [RatisPipelineUtilsThread] INFO  pipeline.PipelineStateManager (PipelineStateManager.java:addPipeline(56)) - Created pipeline Pipeline[ Id: 2f5caf52-f09c-400b-8f0f-0db8c7688bf9, Nodes: 7e1b84a9-a041-44fd-8008-f2679426984c{ip: 192.168.164.217, host: pr-hdds-1643-8bmlk-2934350033, networkLocation: /default-rack, certSerialId: null}4a682f4f-c3f2-4b77-88b7-f0ab78890feb{ip: 192.168.164.217, host: pr-hdds-1643-8bmlk-2934350033, networkLocation: /default-rack, certSerialId: null}77ab65e6-d942-49df-83a3-1d4c0bf152b3{ip: 192.168.164.217, host: pr-hdds-1643-8bmlk-2934350033, networkLocation: /default-rack, certSerialId: null}, Type:RATIS, Factor:THREE, State:OPEN]
2019-11-05 08:23:47,910 [6189f8a4-91dd-451f-abcb-72b2dcd73465@group-9D53872EEF85-LeaderElection16] INFO  impl.RaftServerImpl (ServerState.java:setRaftConf(357)) - 6189f8a4-91dd-451f-abcb-72b2dcd73465@group-9D53872EEF85: set configuration 0: [fe5257f1-588f-41af-bf70-1c04126c8968:192.168.164.217:33003, 6189f8a4-91dd-451f-abcb-72b2dcd73465:192.168.164.217:36585, c3e88256-f771-43b4-b3fb-c682fc5ee06f:192.168.164.217:37319], old=null at 0
2019-11-05 08:23:47,937 [Thread-408] INFO  impl.FollowerState (FollowerState.java:run(108)) - 4a682f4f-c3f2-4b77-88b7-f0ab78890feb@group-0DB8C7688BF9-FollowerState: change to CANDIDATE, lastRpcTime:51ms, electionTimeout:37ms
2019-11-05 08:23:47,939 [Thread-408] INFO  impl.RoleInfo (RoleInfo.java:shutdownFollowerState(121)) - 4a682f4f-c3f2-4b77-88b7-f0ab78890feb: shutdown FollowerState
2019-11-05 08:23:47,940 [Thread-408] INFO  impl.RaftServerImpl (RaftServerImpl.java:setRole(184)) - 4a682f4f-c3f2-4b77-88b7-f0ab78890feb@group-0DB8C7688BF9: changes role from  FOLLOWER to CANDIDATE at term 0 for changeToCandidate
2019-11-05 08:23:47,940 [Thread-408] INFO  impl.RoleInfo (RoleInfo.java:updateAndGet(143)) - 4a682f4f-c3f2-4b77-88b7-f0ab78890feb: start LeaderElection
2019-11-05 08:23:47,949 [grpc-default-executor-0] INFO  impl.RaftServerImpl (ServerState.java:setLeader(256)) - c3e88256-f771-43b4-b3fb-c682fc5ee06f@group-9D53872EEF85: change Leader from null to 6189f8a4-91dd-451f-abcb-72b2dcd73465 at term 4 for appendEntries, leader elected after 566ms
2019-11-05 08:23:47,949 [grpc-default-executor-3] INFO  impl.RaftServerImpl (ServerState.java:setLeader(256)) - fe5257f1-588f-41af-bf70-1c04126c8968@group-9D53872EEF85: change Leader from null to 6189f8a4-91dd-451f-abcb-72b2dcd73465 at term 4 for appendEntries, leader elected after 190ms
2019-11-05 08:23:47,950 [Thread-409] INFO  impl.FollowerState (FollowerState.java:run(108)) - 7e1b84a9-a041-44fd-8008-f2679426984c@group-0DB8C7688BF9-FollowerState: change to CANDIDATE, lastRpcTime:61ms, electionTimeout:61ms
2019-11-05 08:23:47,950 [Thread-409] INFO  impl.RoleInfo (RoleInfo.java:shutdownFollowerState(121)) - 7e1b84a9-a041-44fd-8008-f2679426984c: shutdown FollowerState
2019-11-05 08:23:47,951 [Thread-409] INFO  impl.RaftServerImpl (RaftServerImpl.java:setRole(184)) - 7e1b84a9-a041-44fd-8008-f2679426984c@group-0DB8C7688BF9: changes role from  FOLLOWER to CANDIDATE at term 0 for changeToCandidate
2019-11-05 08:23:47,951 [Thread-409] INFO  impl.RoleInfo (RoleInfo.java:updateAndGet(143)) - 7e1b84a9-a041-44fd-8008-f2679426984c: start LeaderElection
2019-11-05 08:23:47,954 [6189f8a4-91dd-451f-abcb-72b2dcd73465@group-9D53872EEF85-SegmentedRaftLogWorker] INFO  segmented.SegmentedRaftLogWorker (SegmentedRaftLogWorker.java:execute(576)) - 6189f8a4-91dd-451f-abcb-72b2dcd73465@group-9D53872EEF85-SegmentedRaftLogWorker: created new log segment /workdir/hadoop-ozone/integration-test/target/test-dir/MiniOzoneClusterImpl-0ddfd79e-5774-4abb-9b8b-55ac0c17dbc1/datanode-7/data/ratis/f7f0e17c-da69-4896-85e5-9d53872eef85/current/log_inprogress_0
2019-11-05 08:23:47,957 [4a682f4f-c3f2-4b77-88b7-f0ab78890feb@group-0DB8C7688BF9-LeaderElection19] INFO  impl.LeaderElection (LeaderElection.java:askForVotes(178)) - 4a682f4f-c3f2-4b77-88b7-f0ab78890feb@group-0DB8C7688BF9-LeaderElection19: begin an election at term 1 for -1: [77ab65e6-d942-49df-83a3-1d4c0bf152b3:192.168.164.217:39381, 7e1b84a9-a041-44fd-8008-f2679426984c:192.168.164.217:44149, 4a682f4f-c3f2-4b77-88b7-f0ab78890feb:192.168.164.217:34174], old=null
2019-11-05 08:23:48,292 [Thread-405] INFO  impl.FollowerState (FollowerState.java:run(108)) - b3bb9051-8089-4c51-a999-81579e5913f2@group-0E159EE4F99E-FollowerState: change to CANDIDATE, lastRpcTime:409ms, electionTimeout:193ms
2019-11-05 08:23:48,292 [Thread-406] INFO  impl.FollowerState (FollowerState.java:run(108)) - a8ae9c07-6d89-4a49-a594-cacd4b776180@group-0E159EE4F99E-FollowerState: change to CANDIDATE, lastRpcTime:407ms, electionTimeout:196ms
2019-11-05 08:23:48,293 [Thread-405] INFO  impl.RoleInfo (RoleInfo.java:shutdownFollowerState(121)) - b3bb9051-8089-4c51-a999-81579e5913f2: shutdown FollowerState
2019-11-05 08:23:48,293 [Thread-407] INFO  impl.FollowerState (FollowerState.java:run(108)) - 77ab65e6-d942-49df-83a3-1d4c0bf152b3@group-0DB8C7688BF9-FollowerState: change to CANDIDATE, lastRpcTime:407ms, electionTimeout:116ms
2019-11-05 08:23:48,297 [7e1b84a9-a041-44fd-8008-f2679426984c@group-0DB8C7688BF9-LeaderElection20] INFO  impl.LeaderElection (LeaderElection.java:askForVotes(178)) - 7e1b84a9-a041-44fd-8008-f2679426984c@group-0DB8C7688BF9-LeaderElection20: begin an election at term 1 for -1: [77ab65e6-d942-49df-83a3-1d4c0bf152b3:192.168.164.217:39381, 7e1b84a9-a041-44fd-8008-f2679426984c:192.168.164.217:44149, 4a682f4f-c3f2-4b77-88b7-f0ab78890feb:192.168.164.217:34174], old=null
2019-11-05 08:23:48,293 [Thread-393] WARN  util.JavaUtils (JavaUtils.java:sleep(250)) - Unexpected long sleep: sleep(180ms) actually took 484ms which is over the threshold 300ms
2019-11-05 08:23:48,293 [Thread-406] INFO  impl.RoleInfo (RoleInfo.java:shutdownFollowerState(121)) - a8ae9c07-6d89-4a49-a594-cacd4b776180: shutdown FollowerState
2019-11-05 08:23:48,298 [Thread-407] INFO  impl.RoleInfo (RoleInfo.java:shutdownFollowerState(121)) - 77ab65e6-d942-49df-83a3-1d4c0bf152b3: shutdown FollowerState
2019-11-05 08:23:48,297 [Thread-405] INFO  impl.RaftServerImpl (RaftServerImpl.java:setRole(184)) - b3bb9051-8089-4c51-a999-81579e5913f2@group-0E159EE4F99E: changes role from  FOLLOWER to CANDIDATE at term 2 for changeToCandidate
2019-11-05 08:23:48,300 [Thread-407] INFO  impl.RaftServerImpl (RaftServerImpl.java:setRole(184)) - 77ab65e6-d942-49df-83a3-1d4c0bf152b3@group-0DB8C7688BF9: changes role from  FOLLOWER to CANDIDATE at term 0 for changeToCandidate
2019-11-05 08:23:48,300 [Thread-406] INFO  impl.RaftServerImpl (RaftServerImpl.java:setRole(184)) - a8ae9c07-6d89-4a49-a594-cacd4b776180@group-0E159EE4F99E: changes role from  FOLLOWER to CANDIDATE at term 2 for changeToCandidate
2019-11-05 08:23:48,302 [Thread-407] INFO  impl.RoleInfo (RoleInfo.java:updateAndGet(143)) - 77ab65e6-d942-49df-83a3-1d4c0bf152b3: start LeaderElection
2019-11-05 08:23:48,303 [Thread-406] INFO  impl.RoleInfo (RoleInfo.java:updateAndGet(143)) - a8ae9c07-6d89-4a49-a594-cacd4b776180: start LeaderElection
2019-11-05 08:23:48,302 [Thread-405] INFO  impl.RoleInfo (RoleInfo.java:updateAndGet(143)) - b3bb9051-8089-4c51-a999-81579e5913f2: start LeaderElection
2019-11-05 08:23:48,313 [Thread-283] INFO  container.ReplicationManager (ReplicationManager.java:start(162)) - Starting Replication Monitor Thread.
2019-11-05 08:23:48,317 [ReplicationMonitor] INFO  container.ReplicationManager (ReplicationManager.java:run(225)) - Replication Monitor Thread took 1 milliseconds for processing 0 containers.
2019-11-05 08:23:48,327 [b3bb9051-8089-4c51-a999-81579e5913f2@group-0E159EE4F99E-LeaderElection21] INFO  impl.LeaderElection (LeaderElection.java:askForVotes(178)) - b3bb9051-8089-4c51-a999-81579e5913f2@group-0E159EE4F99E-LeaderElection21: begin an election at term 3 for -1: [caafcba9-090a-41f5-a5f9-cba5a6a81e94:192.168.164.217:37197, a8ae9c07-6d89-4a49-a594-cacd4b776180:192.168.164.217:42719, b3bb9051-8089-4c51-a999-81579e5913f2:192.168.164.217:36516], old=null
2019-11-05 08:23:48,327 [77ab65e6-d942-49df-83a3-1d4c0bf152b3@group-0DB8C7688BF9-LeaderElection22] INFO  impl.LeaderElection (LeaderElection.java:askForVotes(178)) - 77ab65e6-d942-49df-83a3-1d4c0bf152b3@group-0DB8C7688BF9-LeaderElection22: begin an election at term 1 for -1: [77ab65e6-d942-49df-83a3-1d4c0bf152b3:192.168.164.217:39381, 7e1b84a9-a041-44fd-8008-f2679426984c:192.168.164.217:44149, 4a682f4f-c3f2-4b77-88b7-f0ab78890feb:192.168.164.217:34174], old=null
2019-11-05 08:23:48,327 [a8ae9c07-6d89-4a49-a594-cacd4b776180@group-0E159EE4F99E-LeaderElection23] INFO  impl.LeaderElection (LeaderElection.java:askForVotes(178)) - a8ae9c07-6d89-4a49-a594-cacd4b776180@group-0E159EE4F99E-LeaderElection23: begin an election at term 3 for -1: [caafcba9-090a-41f5-a5f9-cba5a6a81e94:192.168.164.217:37197, a8ae9c07-6d89-4a49-a594-cacd4b776180:192.168.164.217:42719, b3bb9051-8089-4c51-a999-81579e5913f2:192.168.164.217:36516], old=null
2019-11-05 08:23:48,335 [7e1b84a9-a041-44fd-8008-f2679426984c@group-0DB8C7688BF9-LeaderElection20] INFO  impl.LeaderElection (LeaderElection.java:logAndReturn(56)) - 7e1b84a9-a041-44fd-8008-f2679426984c@group-0DB8C7688BF9-LeaderElection20: Election REJECTED; received 2 response(s) [7e1b84a9-a041-44fd-8008-f2679426984c<-77ab65e6-d942-49df-83a3-1d4c0bf152b3#0:FAIL-t1, 7e1b84a9-a041-44fd-8008-f2679426984c<-4a682f4f-c3f2-4b77-88b7-f0ab78890feb#0:FAIL-t1] and 0 exception(s); 7e1b84a9-a041-44fd-8008-f2679426984c@group-0DB8C7688BF9:t1, leader=null, voted=7e1b84a9-a041-44fd-8008-f2679426984c, raftlog=7e1b84a9-a041-44fd-8008-f2679426984c@group-0DB8C7688BF9-SegmentedRaftLog:OPENED:c-1,f-1,i0, conf=-1: [77ab65e6-d942-49df-83a3-1d4c0bf152b3:192.168.164.217:39381, 7e1b84a9-a041-44fd-8008-f2679426984c:192.168.164.217:44149, 4a682f4f-c3f2-4b77-88b7-f0ab78890feb:192.168.164.217:34174], old=null
2019-11-05 08:23:48,340 [4a682f4f-c3f2-4b77-88b7-f0ab78890feb@group-0DB8C7688BF9-LeaderElection19] INFO  impl.LeaderElection (LeaderElection.java:logAndReturn(56)) - 4a682f4f-c3f2-4b77-88b7-f0ab78890feb@group-0DB8C7688BF9-LeaderElection19: Election REJECTED; received 2 response(s) [4a682f4f-c3f2-4b77-88b7-f0ab78890feb<-77ab65e6-d942-49df-83a3-1d4c0bf152b3#0:FAIL-t1, 4a682f4f-c3f2-4b77-88b7-f0ab78890feb<-7e1b84a9-a041-44fd-8008-f2679426984c#0:FAIL-t1] and 0 exception(s); 4a682f4f-c3f2-4b77-88b7-f0ab78890feb@group-0DB8C7688BF9:t1, leader=null, voted=4a682f4f-c3f2-4b77-88b7-f0ab78890feb, raftlog=4a682f4f-c3f2-4b77-88b7-f0ab78890feb@group-0DB8C7688BF9-SegmentedRaftLog:OPENED:c-1,f-1,i0, conf=-1: [77ab65e6-d942-49df-83a3-1d4c0bf152b3:192.168.164.217:39381, 7e1b84a9-a041-44fd-8008-f2679426984c:192.168.164.217:44149, 4a682f4f-c3f2-4b77-88b7-f0ab78890feb:192.168.164.217:34174], old=null
2019-11-05 08:23:48,341 [7e1b84a9-a041-44fd-8008-f2679426984c@group-0DB8C7688BF9-LeaderElection20] INFO  impl.RaftServerImpl (RaftServerImpl.java:setRole(184)) - 7e1b84a9-a041-44fd-8008-f2679426984c@group-0DB8C7688BF9: changes role from CANDIDATE to FOLLOWER at term 1 for DISCOVERED_A_NEW_TERM
2019-11-05 08:23:48,342 [7e1b84a9-a041-44fd-8008-f2679426984c@group-0DB8C7688BF9-LeaderElection20] INFO  impl.RoleInfo (RoleInfo.java:shutdownLeaderElection(134)) - 7e1b84a9-a041-44fd-8008-f2679426984c: shutdown LeaderElection
2019-11-05 08:23:48,342 [7e1b84a9-a041-44fd-8008-f2679426984c@group-0DB8C7688BF9-LeaderElection20] INFO  impl.RoleInfo (RoleInfo.java:updateAndGet(143)) - 7e1b84a9-a041-44fd-8008-f2679426984c: start FollowerState
2019-11-05 08:23:48,343 [grpc-default-executor-4] INFO  impl.RaftServerImpl (RaftServerImpl.java:setRole(184)) - caafcba9-090a-41f5-a5f9-cba5a6a81e94@group-0E159EE4F99E: changes role from  FOLLOWER to FOLLOWER at term 3 for recognizeCandidate:b3bb9051-8089-4c51-a999-81579e5913f2
2019-11-05 08:23:48,345 [4a682f4f-c3f2-4b77-88b7-f0ab78890feb@group-0DB8C7688BF9-LeaderElection19] INFO  impl.RaftServerImpl (RaftServerImpl.java:setRole(184)) - 4a682f4f-c3f2-4b77-88b7-f0ab78890feb@group-0DB8C7688BF9: changes role from CANDIDATE to FOLLOWER at term 1 for DISCOVERED_A_NEW_TERM
2019-11-05 08:23:48,355 [grpc-default-executor-4] INFO  impl.RoleInfo (RoleInfo.java:shutdownFollowerState(121)) - caafcba9-090a-41f5-a5f9-cba5a6a81e94: shutdown FollowerState
2019-11-05 08:23:48,359 [4a682f4f-c3f2-4b77-88b7-f0ab78890feb@group-0DB8C7688BF9-LeaderElection19] INFO  impl.RoleInfo (RoleInfo.java:shutdownLeaderElection(134)) - 4a682f4f-c3f2-4b77-88b7-f0ab78890feb: shutdown LeaderElection
2019-11-05 08:23:48,360 [grpc-default-executor-4] INFO  impl.RoleInfo (RoleInfo.java:updateAndGet(143)) - caafcba9-090a-41f5-a5f9-cba5a6a81e94: start FollowerState
2019-11-05 08:23:48,360 [Thread-404] INFO  impl.FollowerState (FollowerState.java:run(117)) - caafcba9-090a-41f5-a5f9-cba5a6a81e94@group-0E159EE4F99E-FollowerState was interrupted: java.lang.InterruptedException: sleep interrupted
2019-11-05 08:23:48,360 [4a682f4f-c3f2-4b77-88b7-f0ab78890feb@group-0DB8C7688BF9-LeaderElection19] INFO  impl.RoleInfo (RoleInfo.java:updateAndGet(143)) - 4a682f4f-c3f2-4b77-88b7-f0ab78890feb: start FollowerState
2019-11-05 08:23:48,361 [Thread-436] INFO  impl.FollowerState (FollowerState.java:run(108)) - 7e1b84a9-a041-44fd-8008-f2679426984c@group-0DB8C7688BF9-FollowerState: change to CANDIDATE, lastRpcTime:19ms, electionTimeout:14ms
2019-11-05 08:23:48,362 [Thread-436] INFO  impl.RoleInfo (RoleInfo.java:shutdownFollowerState(121)) - 7e1b84a9-a041-44fd-8008-f2679426984c: shutdown FollowerState
2019-11-05 08:23:48,362 [Thread-436] INFO  impl.RaftServerImpl (RaftServerImpl.java:setRole(184)) - 7e1b84a9-a041-44fd-8008-f2679426984c@group-0DB8C7688BF9: changes role from  FOLLOWER to CANDIDATE at term 1 for changeToCandidate
2019-11-05 08:23:48,362 [Thread-436] INFO  impl.RoleInfo (RoleInfo.java:updateAndGet(143)) - 7e1b84a9-a041-44fd-8008-f2679426984c: start LeaderElection
2019-11-05 08:23:48,369 [grpc-default-executor-6] INFO  impl.RaftServerImpl (ServerState.java:setRaftConf(357)) - c3e88256-f771-43b4-b3fb-c682fc5ee06f@group-9D53872EEF85: set configuration 0: [fe5257f1-588f-41af-bf70-1c04126c8968:192.168.164.217:33003, 6189f8a4-91dd-451f-abcb-72b2dcd73465:192.168.164.217:36585, c3e88256-f771-43b4-b3fb-c682fc5ee06f:192.168.164.217:37319], old=null at 0
2019-11-05 08:23:48,369 [grpc-default-executor-5] INFO  impl.RaftServerImpl (ServerState.java:setRaftConf(357)) - fe5257f1-588f-41af-bf70-1c04126c8968@group-9D53872EEF85: set configuration 0: [fe5257f1-588f-41af-bf70-1c04126c8968:192.168.164.217:33003, 6189f8a4-91dd-451f-abcb-72b2dcd73465:192.168.164.217:36585, c3e88256-f771-43b4-b3fb-c682fc5ee06f:192.168.164.217:37319], old=null at 0
2019-11-05 08:23:48,371 [grpc-default-executor-6] INFO  segmented.SegmentedRaftLogWorker (SegmentedRaftLogWorker.java:startLogSegment(385)) - c3e88256-f771-43b4-b3fb-c682fc5ee06f@group-9D53872EEF85-SegmentedRaftLogWorker: Starting segment from index:0
2019-11-05 08:23:48,374 [grpc-default-executor-5] INFO  segmented.SegmentedRaftLogWorker (SegmentedRaftLogWorker.java:truncate(401)) - fe5257f1-588f-41af-bf70-1c04126c8968@group-9D53872EEF85-SegmentedRaftLogWorker: Truncating segments toTruncate: null
  toDelete: [(0, 0) isOpen? true, length=0, newEndIndex=-1], start index 0
2019-11-05 08:23:48,375 [grpc-default-executor-5] INFO  segmented.SegmentedRaftLogWorker (SegmentedRaftLogWorker.java:startLogSegment(385)) - fe5257f1-588f-41af-bf70-1c04126c8968@group-9D53872EEF85-SegmentedRaftLogWorker: Starting segment from index:0
2019-11-05 08:23:48,375 [7e1b84a9-a041-44fd-8008-f2679426984c@group-0DB8C7688BF9-LeaderElection24] INFO  impl.LeaderElection (LeaderElection.java:askForVotes(178)) - 7e1b84a9-a041-44fd-8008-f2679426984c@group-0DB8C7688BF9-LeaderElection24: begin an election at term 2 for -1: [77ab65e6-d942-49df-83a3-1d4c0bf152b3:192.168.164.217:39381, 7e1b84a9-a041-44fd-8008-f2679426984c:192.168.164.217:44149, 4a682f4f-c3f2-4b77-88b7-f0ab78890feb:192.168.164.217:34174], old=null
2019-11-05 08:23:48,375 [grpc-default-executor-2] INFO  impl.RaftServerImpl (RaftServerImpl.java:setRole(184)) - caafcba9-090a-41f5-a5f9-cba5a6a81e94@group-0E159EE4F99E: changes role from  FOLLOWER to FOLLOWER at term 3 for recognizeCandidate:a8ae9c07-6d89-4a49-a594-cacd4b776180
2019-11-05 08:23:48,375 [grpc-default-executor-2] INFO  impl.RoleInfo (RoleInfo.java:shutdownFollowerState(121)) - caafcba9-090a-41f5-a5f9-cba5a6a81e94: shutdown FollowerState
2019-11-05 08:23:48,375 [Thread-437] INFO  impl.FollowerState (FollowerState.java:run(117)) - caafcba9-090a-41f5-a5f9-cba5a6a81e94@group-0E159EE4F99E-FollowerState was interrupted: java.lang.InterruptedException: sleep interrupted
2019-11-05 08:23:48,375 [grpc-default-executor-2] INFO  impl.RoleInfo (RoleInfo.java:updateAndGet(143)) - caafcba9-090a-41f5-a5f9-cba5a6a81e94: start FollowerState
2019-11-05 08:23:48,404 [7e1b84a9-a041-44fd-8008-f2679426984c@group-0DB8C7688BF9-LeaderElection24] INFO  impl.LeaderElection (LeaderElection.java:logAndReturn(56)) - 7e1b84a9-a041-44fd-8008-f2679426984c@group-0DB8C7688BF9-LeaderElection24: Election TIMEOUT; received 0 response(s) [] and 0 exception(s); 7e1b84a9-a041-44fd-8008-f2679426984c@group-0DB8C7688BF9:t2, leader=null, voted=7e1b84a9-a041-44fd-8008-f2679426984c, raftlog=7e1b84a9-a041-44fd-8008-f2679426984c@group-0DB8C7688BF9-SegmentedRaftLog:OPENED:c-1,f-1,i0, conf=-1: [77ab65e6-d942-49df-83a3-1d4c0bf152b3:192.168.164.217:39381, 7e1b84a9-a041-44fd-8008-f2679426984c:192.168.164.217:44149, 4a682f4f-c3f2-4b77-88b7-f0ab78890feb:192.168.164.217:34174], old=null
2019-11-05 08:23:48,404 [fe5257f1-588f-41af-bf70-1c04126c8968@group-9D53872EEF85-SegmentedRaftLogWorker] INFO  segmented.SegmentedRaftLogWorker (SegmentedRaftLogWorker.java:execute(640)) - fe5257f1-588f-41af-bf70-1c04126c8968@group-9D53872EEF85-SegmentedRaftLogWorker: Deleted log file /workdir/hadoop-ozone/integration-test/target/test-dir/MiniOzoneClusterImpl-0ddfd79e-5774-4abb-9b8b-55ac0c17dbc1/datanode-5/data/ratis/f7f0e17c-da69-4896-85e5-9d53872eef85/current/log_inprogress_0
2019-11-05 08:23:48,405 [fe5257f1-588f-41af-bf70-1c04126c8968@group-9D53872EEF85-SegmentedRaftLogWorker] INFO  segmented.SegmentedRaftLogWorker (SegmentedRaftLogWorker.java:lambda$new$0(128)) - fe5257f1-588f-41af-bf70-1c04126c8968@group-9D53872EEF85-SegmentedRaftLogWorker: flushIndex: setUnconditionally 0 -> -1
2019-11-05 08:23:48,408 [77ab65e6-d942-49df-83a3-1d4c0bf152b3@group-0DB8C7688BF9-LeaderElection22] INFO  impl.LeaderElection (LeaderElection.java:logAndReturn(56)) - 77ab65e6-d942-49df-83a3-1d4c0bf152b3@group-0DB8C7688BF9-LeaderElection22: Election TIMEOUT; received 0 response(s) [] and 0 exception(s); 77ab65e6-d942-49df-83a3-1d4c0bf152b3@group-0DB8C7688BF9:t1, leader=null, voted=77ab65e6-d942-49df-83a3-1d4c0bf152b3, raftlog=77ab65e6-d942-49df-83a3-1d4c0bf152b3@group-0DB8C7688BF9-SegmentedRaftLog:OPENED:c-1,f-1,i0, conf=-1: [77ab65e6-d942-49df-83a3-1d4c0bf152b3:192.168.164.217:39381, 7e1b84a9-a041-44fd-8008-f2679426984c:192.168.164.217:44149, 4a682f4f-c3f2-4b77-88b7-f0ab78890feb:192.168.164.217:34174], old=null
2019-11-05 08:23:48,411 [b3bb9051-8089-4c51-a999-81579e5913f2@group-0E159EE4F99E-LeaderElection21] INFO  impl.LeaderElection (LeaderElection.java:logAndReturn(56)) - b3bb9051-8089-4c51-a999-81579e5913f2@group-0E159EE4F99E-LeaderElection21: Election REJECTED; received 2 response(s) [b3bb9051-8089-4c51-a999-81579e5913f2<-caafcba9-090a-41f5-a5f9-cba5a6a81e94#0:FAIL-t3, b3bb9051-8089-4c51-a999-81579e5913f2<-a8ae9c07-6d89-4a49-a594-cacd4b776180#0:FAIL-t3] and 0 exception(s); b3bb9051-8089-4c51-a999-81579e5913f2@group-0E159EE4F99E:t3, leader=null, voted=b3bb9051-8089-4c51-a999-81579e5913f2, raftlog=b3bb9051-8089-4c51-a999-81579e5913f2@group-0E159EE4F99E-SegmentedRaftLog:OPENED:c-1,f-1,i0, conf=-1: [caafcba9-090a-41f5-a5f9-cba5a6a81e94:192.168.164.217:37197, a8ae9c07-6d89-4a49-a594-cacd4b776180:192.168.164.217:42719, b3bb9051-8089-4c51-a999-81579e5913f2:192.168.164.217:36516], old=null
2019-11-05 08:23:48,411 [a8ae9c07-6d89-4a49-a594-cacd4b776180@group-0E159EE4F99E-LeaderElection23] INFO  impl.LeaderElection (LeaderElection.java:logAndReturn(56)) - a8ae9c07-6d89-4a49-a594-cacd4b776180@group-0E159EE4F99E-LeaderElection23: Election REJECTED; received 2 response(s) [a8ae9c07-6d89-4a49-a594-cacd4b776180<-caafcba9-090a-41f5-a5f9-cba5a6a81e94#0:FAIL-t3, a8ae9c07-6d89-4a49-a594-cacd4b776180<-b3bb9051-8089-4c51-a999-81579e5913f2#0:FAIL-t3] and 0 exception(s); a8ae9c07-6d89-4a49-a594-cacd4b776180@group-0E159EE4F99E:t3, leader=null, voted=a8ae9c07-6d89-4a49-a594-cacd4b776180, raftlog=a8ae9c07-6d89-4a49-a594-cacd4b776180@group-0E159EE4F99E-SegmentedRaftLog:OPENED:c-1,f-1,i0, conf=-1: [caafcba9-090a-41f5-a5f9-cba5a6a81e94:192.168.164.217:37197, a8ae9c07-6d89-4a49-a594-cacd4b776180:192.168.164.217:42719, b3bb9051-8089-4c51-a999-81579e5913f2:192.168.164.217:36516], old=null
2019-11-05 08:23:48,449 [7e1b84a9-a041-44fd-8008-f2679426984c@group-0DB8C7688BF9-LeaderElection24] INFO  impl.LeaderElection (LeaderElection.java:askForVotes(178)) - 7e1b84a9-a041-44fd-8008-f2679426984c@group-0DB8C7688BF9-LeaderElection24: begin an election at term 3 for -1: [77ab65e6-d942-49df-83a3-1d4c0bf152b3:192.168.164.217:39381, 7e1b84a9-a041-44fd-8008-f2679426984c:192.168.164.217:44149, 4a682f4f-c3f2-4b77-88b7-f0ab78890feb:192.168.164.217:34174], old=null
2019-11-05 08:23:48,449 [c3e88256-f771-43b4-b3fb-c682fc5ee06f@group-9D53872EEF85-SegmentedRaftLogWorker] INFO  segmented.SegmentedRaftLogWorker (SegmentedRaftLogWorker.java:execute(576)) - c3e88256-f771-43b4-b3fb-c682fc5ee06f@group-9D53872EEF85-SegmentedRaftLogWorker: created new log segment /workdir/hadoop-ozone/integration-test/target/test-dir/MiniOzoneClusterImpl-0ddfd79e-5774-4abb-9b8b-55ac0c17dbc1/datanode-8/data/ratis/f7f0e17c-da69-4896-85e5-9d53872eef85/current/log_inprogress_0
2019-11-05 08:23:48,451 [a8ae9c07-6d89-4a49-a594-cacd4b776180@group-0E159EE4F99E-LeaderElection23] INFO  impl.RaftServerImpl (RaftServerImpl.java:setRole(184)) - a8ae9c07-6d89-4a49-a594-cacd4b776180@group-0E159EE4F99E: changes role from CANDIDATE to FOLLOWER at term 3 for DISCOVERED_A_NEW_TERM
2019-11-05 08:23:48,451 [b3bb9051-8089-4c51-a999-81579e5913f2@group-0E159EE4F99E-LeaderElection21] INFO  impl.RaftServerImpl (RaftServerImpl.java:setRole(184)) - b3bb9051-8089-4c51-a999-81579e5913f2@group-0E159EE4F99E: changes role from CANDIDATE to FOLLOWER at term 3 for DISCOVERED_A_NEW_TERM
2019-11-05 08:23:48,449 [77ab65e6-d942-49df-83a3-1d4c0bf152b3@group-0DB8C7688BF9-LeaderElection22] INFO  impl.LeaderElection (LeaderElection.java:askForVotes(178)) - 77ab65e6-d942-49df-83a3-1d4c0bf152b3@group-0DB8C7688BF9-LeaderElection22: begin an election at term 2 for -1: [77ab65e6-d942-49df-83a3-1d4c0bf152b3:192.168.164.217:39381, 7e1b84a9-a041-44fd-8008-f2679426984c:192.168.164.217:44149, 4a682f4f-c3f2-4b77-88b7-f0ab78890feb:192.168.164.217:34174], old=null
2019-11-05 08:23:48,453 [b3bb9051-8089-4c51-a999-81579e5913f2@group-0E159EE4F99E-LeaderElection21] INFO  impl.RoleInfo (RoleInfo.java:shutdownLeaderElection(134)) - b3bb9051-8089-4c51-a999-81579e5913f2: shutdown LeaderElection
2019-11-05 08:23:48,453 [a8ae9c07-6d89-4a49-a594-cacd4b776180@group-0E159EE4F99E-LeaderElection23] INFO  impl.RoleInfo (RoleInfo.java:shutdownLeaderElection(134)) - a8ae9c07-6d89-4a49-a594-cacd4b776180: shutdown LeaderElection
2019-11-05 08:23:48,454 [b3bb9051-8089-4c51-a999-81579e5913f2@group-0E159EE4F99E-LeaderElection21] INFO  impl.RoleInfo (RoleInfo.java:updateAndGet(143)) - b3bb9051-8089-4c51-a999-81579e5913f2: start FollowerState
2019-11-05 08:23:48,454 [a8ae9c07-6d89-4a49-a594-cacd4b776180@group-0E159EE4F99E-LeaderElection23] INFO  impl.RoleInfo (RoleInfo.java:updateAndGet(143)) - a8ae9c07-6d89-4a49-a594-cacd4b776180: start FollowerState
2019-11-05 08:23:48,455 [grpc-default-executor-4] INFO  impl.RaftServerImpl (RaftServerImpl.java:setRole(184)) - 4a682f4f-c3f2-4b77-88b7-f0ab78890feb@group-0DB8C7688BF9: changes role from  FOLLOWER to FOLLOWER at term 2 for recognizeCandidate:7e1b84a9-a041-44fd-8008-f2679426984c
2019-11-05 08:23:48,455 [grpc-default-executor-4] INFO  impl.RoleInfo (RoleInfo.java:shutdownFollowerState(121)) - 4a682f4f-c3f2-4b77-88b7-f0ab78890feb: shutdown FollowerState
2019-11-05 08:23:48,456 [grpc-default-executor-4] INFO  impl.RoleInfo (RoleInfo.java:updateAndGet(143)) - 4a682f4f-c3f2-4b77-88b7-f0ab78890feb: start FollowerState
2019-11-05 08:23:48,456 [Thread-438] INFO  impl.FollowerState (FollowerState.java:run(117)) - 4a682f4f-c3f2-4b77-88b7-f0ab78890feb@group-0DB8C7688BF9-FollowerState was interrupted: java.lang.InterruptedException: sleep interrupted
2019-11-05 08:23:48,459 [grpc-default-executor-2] INFO  impl.RaftServerImpl (RaftServerImpl.java:setRole(184)) - 77ab65e6-d942-49df-83a3-1d4c0bf152b3@group-0DB8C7688BF9: changes role from CANDIDATE to FOLLOWER at term 3 for recognizeCandidate:7e1b84a9-a041-44fd-8008-f2679426984c
2019-11-05 08:23:48,460 [grpc-default-executor-2] INFO  impl.RoleInfo (RoleInfo.java:shutdownLeaderElection(134)) - 77ab65e6-d942-49df-83a3-1d4c0bf152b3: shutdown LeaderElection
2019-11-05 08:23:48,460 [grpc-default-executor-2] INFO  impl.RoleInfo (RoleInfo.java:updateAndGet(143)) - 77ab65e6-d942-49df-83a3-1d4c0bf152b3: start FollowerState
2019-11-05 08:23:48,461 [77ab65e6-d942-49df-83a3-1d4c0bf152b3@group-0DB8C7688BF9-LeaderElection22] INFO  impl.LeaderElection (LeaderElection.java:logAndReturn(56)) - 77ab65e6-d942-49df-83a3-1d4c0bf152b3@group-0DB8C7688BF9-LeaderElection22: Election DISCOVERED_A_NEW_TERM; received 1 response(s) [77ab65e6-d942-49df-83a3-1d4c0bf152b3<-7e1b84a9-a041-44fd-8008-f2679426984c#0:FAIL-t3] and 0 exception(s); 77ab65e6-d942-49df-83a3-1d4c0bf152b3@group-0DB8C7688BF9:t3, leader=null, voted=null, raftlog=77ab65e6-d942-49df-83a3-1d4c0bf152b3@group-0DB8C7688BF9-SegmentedRaftLog:OPENED:c-1,f-1,i0, conf=-1: [77ab65e6-d942-49df-83a3-1d4c0bf152b3:192.168.164.217:39381, 7e1b84a9-a041-44fd-8008-f2679426984c:192.168.164.217:44149, 4a682f4f-c3f2-4b77-88b7-f0ab78890feb:192.168.164.217:34174], old=null
2019-11-05 08:23:48,462 [fe5257f1-588f-41af-bf70-1c04126c8968@group-9D53872EEF85-SegmentedRaftLogWorker] INFO  segmented.SegmentedRaftLogWorker (SegmentedRaftLogWorker.java:execute(576)) - fe5257f1-588f-41af-bf70-1c04126c8968@group-9D53872EEF85-SegmentedRaftLogWorker: created new log segment /workdir/hadoop-ozone/integration-test/target/test-dir/MiniOzoneClusterImpl-0ddfd79e-5774-4abb-9b8b-55ac0c17dbc1/datanode-5/data/ratis/f7f0e17c-da69-4896-85e5-9d53872eef85/current/log_inprogress_0
2019-11-05 08:23:48,462 [grpc-default-executor-0] INFO  impl.RaftServerImpl (RaftServerImpl.java:setRole(184)) - 4a682f4f-c3f2-4b77-88b7-f0ab78890feb@group-0DB8C7688BF9: changes role from  FOLLOWER to FOLLOWER at term 3 for recognizeCandidate:7e1b84a9-a041-44fd-8008-f2679426984c
2019-11-05 08:23:48,464 [grpc-default-executor-0] INFO  impl.RoleInfo (RoleInfo.java:shutdownFollowerState(121)) - 4a682f4f-c3f2-4b77-88b7-f0ab78890feb: shutdown FollowerState
2019-11-05 08:23:48,464 [Thread-449] INFO  impl.FollowerState (FollowerState.java:run(117)) - 4a682f4f-c3f2-4b77-88b7-f0ab78890feb@group-0DB8C7688BF9-FollowerState was interrupted: java.lang.InterruptedException: sleep interrupted
2019-11-05 08:23:48,464 [grpc-default-executor-0] INFO  impl.RoleInfo (RoleInfo.java:updateAndGet(143)) - 4a682f4f-c3f2-4b77-88b7-f0ab78890feb: start FollowerState
2019-11-05 08:23:48,493 [Thread-447] INFO  impl.FollowerState (FollowerState.java:run(108)) - a8ae9c07-6d89-4a49-a594-cacd4b776180@group-0E159EE4F99E-FollowerState: change to CANDIDATE, lastRpcTime:38ms, electionTimeout:38ms
2019-11-05 08:23:48,493 [Thread-447] INFO  impl.RoleInfo (RoleInfo.java:shutdownFollowerState(121)) - a8ae9c07-6d89-4a49-a594-cacd4b776180: shutdown FollowerState
2019-11-05 08:23:48,493 [Thread-447] INFO  impl.RaftServerImpl (RaftServerImpl.java:setRole(184)) - a8ae9c07-6d89-4a49-a594-cacd4b776180@group-0E159EE4F99E: changes role from  FOLLOWER to CANDIDATE at term 3 for changeToCandidate
2019-11-05 08:23:48,493 [Thread-447] INFO  impl.RoleInfo (RoleInfo.java:updateAndGet(143)) - a8ae9c07-6d89-4a49-a594-cacd4b776180: start LeaderElection
2019-11-05 08:23:48,499 [Thread-445] INFO  impl.FollowerState (FollowerState.java:run(108)) - b3bb9051-8089-4c51-a999-81579e5913f2@group-0E159EE4F99E-FollowerState: change to CANDIDATE, lastRpcTime:44ms, electionTimeout:44ms
2019-11-05 08:23:48,499 [Thread-445] INFO  impl.RoleInfo (RoleInfo.java:shutdownFollowerState(121)) - b3bb9051-8089-4c51-a999-81579e5913f2: shutdown FollowerState
2019-11-05 08:23:48,499 [7e1b84a9-a041-44fd-8008-f2679426984c@group-0DB8C7688BF9-LeaderElection24] INFO  impl.LeaderElection (LeaderElection.java:logAndReturn(56)) - 7e1b84a9-a041-44fd-8008-f2679426984c@group-0DB8C7688BF9-LeaderElection24: Election PASSED; received 2 response(s) [7e1b84a9-a041-44fd-8008-f2679426984c<-77ab65e6-d942-49df-83a3-1d4c0bf152b3#0:FAIL-t3, 7e1b84a9-a041-44fd-8008-f2679426984c<-4a682f4f-c3f2-4b77-88b7-f0ab78890feb#0:OK-t3] and 0 exception(s); 7e1b84a9-a041-44fd-8008-f2679426984c@group-0DB8C7688BF9:t3, leader=null, voted=7e1b84a9-a041-44fd-8008-f2679426984c, raftlog=7e1b84a9-a041-44fd-8008-f2679426984c@group-0DB8C7688BF9-SegmentedRaftLog:OPENED:c-1,f-1,i0, conf=-1: [77ab65e6-d942-49df-83a3-1d4c0bf152b3:192.168.164.217:39381, 7e1b84a9-a041-44fd-8008-f2679426984c:192.168.164.217:44149, 4a682f4f-c3f2-4b77-88b7-f0ab78890feb:192.168.164.217:34174], old=null
2019-11-05 08:23:48,499 [Thread-445] INFO  impl.RaftServerImpl (RaftServerImpl.java:setRole(184)) - b3bb9051-8089-4c51-a999-81579e5913f2@group-0E159EE4F99E: changes role from  FOLLOWER to CANDIDATE at term 3 for changeToCandidate
2019-11-05 08:23:48,499 [7e1b84a9-a041-44fd-8008-f2679426984c@group-0DB8C7688BF9-LeaderElection24] INFO  impl.RoleInfo (RoleInfo.java:shutdownLeaderElection(134)) - 7e1b84a9-a041-44fd-8008-f2679426984c: shutdown LeaderElection
2019-11-05 08:23:48,510 [Thread-450] INFO  impl.FollowerState (FollowerState.java:run(108)) - 77ab65e6-d942-49df-83a3-1d4c0bf152b3@group-0DB8C7688BF9-FollowerState: change to CANDIDATE, lastRpcTime:49ms, electionTimeout:42ms
2019-11-05 08:23:48,512 [Thread-445] INFO  impl.RoleInfo (RoleInfo.java:updateAndGet(143)) - b3bb9051-8089-4c51-a999-81579e5913f2: start LeaderElection
2019-11-05 08:23:48,512 [7e1b84a9-a041-44fd-8008-f2679426984c@group-0DB8C7688BF9-LeaderElection24] INFO  impl.RaftServerImpl (RaftServerImpl.java:setRole(184)) - 7e1b84a9-a041-44fd-8008-f2679426984c@group-0DB8C7688BF9: changes role from CANDIDATE to LEADER at term 3 for changeToLeader
2019-11-05 08:23:48,512 [a8ae9c07-6d89-4a49-a594-cacd4b776180@group-0E159EE4F99E-LeaderElection25] INFO  impl.LeaderElection (LeaderElection.java:askForVotes(178)) - a8ae9c07-6d89-4a49-a594-cacd4b776180@group-0E159EE4F99E-LeaderElection25: begin an election at term 4 for -1: [caafcba9-090a-41f5-a5f9-cba5a6a81e94:192.168.164.217:37197, a8ae9c07-6d89-4a49-a594-cacd4b776180:192.168.164.217:42719, b3bb9051-8089-4c51-a999-81579e5913f2:192.168.164.217:36516], old=null
2019-11-05 08:23:48,512 [Thread-450] INFO  impl.RoleInfo (RoleInfo.java:shutdownFollowerState(121)) - 77ab65e6-d942-49df-83a3-1d4c0bf152b3: shutdown FollowerState
2019-11-05 08:23:48,513 [7e1b84a9-a041-44fd-8008-f2679426984c@group-0DB8C7688BF9-LeaderElection24] INFO  impl.RaftServerImpl (ServerState.java:setLeader(256)) - 7e1b84a9-a041-44fd-8008-f2679426984c@group-0DB8C7688BF9: change Leader from null to 7e1b84a9-a041-44fd-8008-f2679426984c at term 3 for becomeLeader, leader elected after 750ms
2019-11-05 08:23:48,515 [Thread-450] INFO  impl.RaftServerImpl (RaftServerImpl.java:setRole(184)) - 77ab65e6-d942-49df-83a3-1d4c0bf152b3@group-0DB8C7688BF9: changes role from  FOLLOWER to CANDIDATE at term 3 for changeToCandidate
2019-11-05 08:23:48,515 [7e1b84a9-a041-44fd-8008-f2679426984c@group-0DB8C7688BF9-LeaderElection24] INFO  server.RaftServerConfigKeys (ConfUtils.java:logGet(43)) - raft.server.staging.catchup.gap = 1000 (default)
2019-11-05 08:23:48,515 [Thread-450] INFO  impl.RoleInfo (RoleInfo.java:updateAndGet(143)) - 77ab65e6-d942-49df-83a3-1d4c0bf152b3: start LeaderElection
2019-11-05 08:23:48,515 [7e1b84a9-a041-44fd-8008-f2679426984c@group-0DB8C7688BF9-LeaderElection24] INFO  server.RaftServerConfigKeys (ConfUtils.java:logGet(43)) - raft.server.rpc.sleep.time = 25ms (default)
2019-11-05 08:23:48,519 [7e1b84a9-a041-44fd-8008-f2679426984c@group-0DB8C7688BF9-LeaderElection24] INFO  server.RaftServerConfigKeys (ConfUtils.java:logGet(43)) - raft.server.write.element-limit = 4096 (default)
2019-11-05 08:23:48,519 [7e1b84a9-a041-44fd-8008-f2679426984c@group-0DB8C7688BF9-LeaderElection24] INFO  server.RaftServerConfigKeys (ConfUtils.java:logGet(43)) - raft.server.watch.timeout = 10s (default)
2019-11-05 08:23:48,519 [7e1b84a9-a041-44fd-8008-f2679426984c@group-0DB8C7688BF9-LeaderElection24] INFO  server.RaftServerConfigKeys (ConfUtils.java:logGet(43)) - raft.server.watch.timeout.denomination = 1s (default)
2019-11-05 08:23:48,520 [7e1b84a9-a041-44fd-8008-f2679426984c@group-0DB8C7688BF9-LeaderElection24] INFO  server.RaftServerConfigKeys (ConfUtils.java:logGet(43)) - raft.server.watch.element-limit = 65536 (default)
2019-11-05 08:23:48,522 [grpc-default-executor-5] INFO  impl.RaftServerImpl (RaftServerImpl.java:setRole(184)) - caafcba9-090a-41f5-a5f9-cba5a6a81e94@group-0E159EE4F99E: changes role from  FOLLOWER to FOLLOWER at term 4 for recognizeCandidate:a8ae9c07-6d89-4a49-a594-cacd4b776180
2019-11-05 08:23:48,522 [grpc-default-executor-5] INFO  impl.RoleInfo (RoleInfo.java:shutdownFollowerState(121)) - caafcba9-090a-41f5-a5f9-cba5a6a81e94: shutdown FollowerState
2019-11-05 08:23:48,522 [Thread-441] INFO  impl.FollowerState (FollowerState.java:run(117)) - caafcba9-090a-41f5-a5f9-cba5a6a81e94@group-0E159EE4F99E-FollowerState was interrupted: java.lang.InterruptedException: sleep interrupted
2019-11-05 08:23:48,522 [grpc-default-executor-5] INFO  impl.RoleInfo (RoleInfo.java:updateAndGet(143)) - caafcba9-090a-41f5-a5f9-cba5a6a81e94: start FollowerState
2019-11-05 08:23:48,526 [Thread-452] INFO  impl.FollowerState (FollowerState.java:run(108)) - 4a682f4f-c3f2-4b77-88b7-f0ab78890feb@group-0DB8C7688BF9-FollowerState: change to CANDIDATE, lastRpcTime:62ms, electionTimeout:58ms
2019-11-05 08:23:48,527 [Thread-452] INFO  impl.RoleInfo (RoleInfo.java:shutdownFollowerState(121)) - 4a682f4f-c3f2-4b77-88b7-f0ab78890feb: shutdown FollowerState
2019-11-05 08:23:48,527 [7e1b84a9-a041-44fd-8008-f2679426984c@group-0DB8C7688BF9-LeaderElection24] INFO  server.RaftServerConfigKeys (ConfUtils.java:logGet(43)) - raft.server.log.appender.snapshot.chunk.size.max = 16MB (=16777216) (default)
2019-11-05 08:23:48,527 [Thread-452] INFO  impl.RaftServerImpl (RaftServerImpl.java:setRole(184)) - 4a682f4f-c3f2-4b77-88b7-f0ab78890feb@group-0DB8C7688BF9: changes role from  FOLLOWER to CANDIDATE at term 3 for changeToCandidate
2019-11-05 08:23:48,527 [7e1b84a9-a041-44fd-8008-f2679426984c@group-0DB8C7688BF9-LeaderElection24] INFO  server.RaftServerConfigKeys (ConfUtils.java:logGet(43)) - raft.server.log.appender.buffer.byte-limit = 33554432 (custom)
2019-11-05 08:23:48,527 [Thread-452] INFO  impl.RoleInfo (RoleInfo.java:updateAndGet(143)) - 4a682f4f-c3f2-4b77-88b7-f0ab78890feb: start LeaderElection
2019-11-05 08:23:48,527 [7e1b84a9-a041-44fd-8008-f2679426984c@group-0DB8C7688BF9-LeaderElection24] INFO  server.RaftServerConfigKeys (ConfUtils.java:logGet(43)) - raft.server.log.appender.buffer.element-limit = 1 (custom)
2019-11-05 08:23:48,530 [b3bb9051-8089-4c51-a999-81579e5913f2@group-0E159EE4F99E-LeaderElection26] INFO  impl.LeaderElection (LeaderElection.java:askForVotes(178)) - b3bb9051-8089-4c51-a999-81579e5913f2@group-0E159EE4F99E-LeaderElection26: begin an election at term 4 for -1: [caafcba9-090a-41f5-a5f9-cba5a6a81e94:192.168.164.217:37197, a8ae9c07-6d89-4a49-a594-cacd4b776180:192.168.164.217:42719, b3bb9051-8089-4c51-a999-81579e5913f2:192.168.164.217:36516], old=null
2019-11-05 08:23:48,530 [77ab65e6-d942-49df-83a3-1d4c0bf152b3@group-0DB8C7688BF9-LeaderElection27] INFO  impl.LeaderElection (LeaderElection.java:askForVotes(178)) - 77ab65e6-d942-49df-83a3-1d4c0bf152b3@group-0DB8C7688BF9-LeaderElection27: begin an election at term 4 for -1: [77ab65e6-d942-49df-83a3-1d4c0bf152b3:192.168.164.217:39381, 7e1b84a9-a041-44fd-8008-f2679426984c:192.168.164.217:44149, 4a682f4f-c3f2-4b77-88b7-f0ab78890feb:192.168.164.217:34174], old=null
2019-11-05 08:23:48,530 [7e1b84a9-a041-44fd-8008-f2679426984c@group-0DB8C7688BF9-LeaderElection24] INFO  grpc.GrpcConfigKeys$Server (ConfUtils.java:logGet(43)) - raft.grpc.server.leader.outstanding.appends.max = 128 (default)
2019-11-05 08:23:48,530 [7e1b84a9-a041-44fd-8008-f2679426984c@group-0DB8C7688BF9-LeaderElection24] INFO  server.RaftServerConfigKeys (ConfUtils.java:logGet(43)) - raft.server.rpc.request.timeout = 3000ms (default)
2019-11-05 08:23:48,530 [7e1b84a9-a041-44fd-8008-f2679426984c@group-0DB8C7688BF9-LeaderElection24] INFO  server.RaftServerConfigKeys (ConfUtils.java:logGet(43)) - raft.server.log.appender.install.snapshot.enabled = false (custom)
2019-11-05 08:23:48,532 [7e1b84a9-a041-44fd-8008-f2679426984c@group-0DB8C7688BF9-LeaderElection24] INFO  server.RaftServerConfigKeys (ConfUtils.java:logGet(43)) - raft.server.log.appender.snapshot.chunk.size.max = 16MB (=16777216) (default)
2019-11-05 08:23:48,533 [7e1b84a9-a041-44fd-8008-f2679426984c@group-0DB8C7688BF9-LeaderElection24] INFO  server.RaftServerConfigKeys (ConfUtils.java:logGet(43)) - raft.server.log.appender.buffer.byte-limit = 33554432 (custom)
2019-11-05 08:23:48,533 [7e1b84a9-a041-44fd-8008-f2679426984c@group-0DB8C7688BF9-LeaderElection24] INFO  server.RaftServerConfigKeys (ConfUtils.java:logGet(43)) - raft.server.log.appender.buffer.element-limit = 1 (custom)
2019-11-05 08:23:48,533 [7e1b84a9-a041-44fd-8008-f2679426984c@group-0DB8C7688BF9-LeaderElection24] INFO  grpc.GrpcConfigKeys$Server (ConfUtils.java:logGet(43)) - raft.grpc.server.leader.outstanding.appends.max = 128 (default)
2019-11-05 08:23:48,533 [7e1b84a9-a041-44fd-8008-f2679426984c@group-0DB8C7688BF9-LeaderElection24] INFO  server.RaftServerConfigKeys (ConfUtils.java:logGet(43)) - raft.server.rpc.request.timeout = 3000ms (default)
2019-11-05 08:23:48,533 [7e1b84a9-a041-44fd-8008-f2679426984c@group-0DB8C7688BF9-LeaderElection24] INFO  server.RaftServerConfigKeys (ConfUtils.java:logGet(43)) - raft.server.log.appender.install.snapshot.enabled = false (custom)
2019-11-05 08:23:48,535 [7e1b84a9-a041-44fd-8008-f2679426984c@group-0DB8C7688BF9-LeaderElection24] INFO  impl.RoleInfo (RoleInfo.java:updateAndGet(143)) - 7e1b84a9-a041-44fd-8008-f2679426984c: start LeaderState
2019-11-05 08:23:48,536 [7e1b84a9-a041-44fd-8008-f2679426984c@group-0DB8C7688BF9-LeaderElection24] INFO  segmented.SegmentedRaftLogWorker (SegmentedRaftLogWorker.java:startLogSegment(385)) - 7e1b84a9-a041-44fd-8008-f2679426984c@group-0DB8C7688BF9-SegmentedRaftLogWorker: Starting segment from index:0
2019-11-05 08:23:48,537 [7e1b84a9-a041-44fd-8008-f2679426984c@group-0DB8C7688BF9-LeaderElection24] INFO  impl.RaftServerImpl (ServerState.java:setRaftConf(357)) - 7e1b84a9-a041-44fd-8008-f2679426984c@group-0DB8C7688BF9: set configuration 0: [77ab65e6-d942-49df-83a3-1d4c0bf152b3:192.168.164.217:39381, 7e1b84a9-a041-44fd-8008-f2679426984c:192.168.164.217:44149, 4a682f4f-c3f2-4b77-88b7-f0ab78890feb:192.168.164.217:34174], old=null at 0
2019-11-05 08:23:48,537 [grpc-default-executor-2] INFO  impl.RaftServerImpl (ServerState.java:setLeader(256)) - 7e1b84a9-a041-44fd-8008-f2679426984c@group-0DB8C7688BF9: change Leader from 7e1b84a9-a041-44fd-8008-f2679426984c to null at term 4 for updateCurrentTerm
2019-11-05 08:23:48,537 [grpc-default-executor-2] INFO  impl.RaftServerImpl (RaftServerImpl.java:setRole(184)) - 7e1b84a9-a041-44fd-8008-f2679426984c@group-0DB8C7688BF9: changes role from    LEADER to FOLLOWER at term 4 for recognizeCandidate:77ab65e6-d942-49df-83a3-1d4c0bf152b3
2019-11-05 08:23:48,537 [grpc-default-executor-2] INFO  impl.RoleInfo (RoleInfo.java:shutdownLeaderState(104)) - 7e1b84a9-a041-44fd-8008-f2679426984c: shutdown LeaderState
2019-11-05 08:23:48,568 [grpc-default-executor-2] INFO  impl.PendingRequests (PendingRequests.java:sendNotLeaderResponses(202)) - 7e1b84a9-a041-44fd-8008-f2679426984c@group-0DB8C7688BF9-PendingRequests: sendNotLeaderResponses
2019-11-05 08:23:48,568 [grpc-default-executor-0] INFO  impl.RaftServerImpl (RaftServerImpl.java:setRole(184)) - caafcba9-090a-41f5-a5f9-cba5a6a81e94@group-0E159EE4F99E: changes role from  FOLLOWER to FOLLOWER at term 4 for recognizeCandidate:b3bb9051-8089-4c51-a999-81579e5913f2
2019-11-05 08:23:48,568 [4a682f4f-c3f2-4b77-88b7-f0ab78890feb@group-0DB8C7688BF9-LeaderElection28] INFO  impl.LeaderElection (LeaderElection.java:askForVotes(178)) - 4a682f4f-c3f2-4b77-88b7-f0ab78890feb@group-0DB8C7688BF9-LeaderElection28: begin an election at term 4 for -1: [77ab65e6-d942-49df-83a3-1d4c0bf152b3:192.168.164.217:39381, 7e1b84a9-a041-44fd-8008-f2679426984c:192.168.164.217:44149, 4a682f4f-c3f2-4b77-88b7-f0ab78890feb:192.168.164.217:34174], old=null
2019-11-05 08:23:48,568 [org.apache.ratis.server.impl.LogAppender$AppenderDaemon$$Lambda$488/1415481503@28ac792a] WARN  server.GrpcLogAppender (GrpcLogAppender.java:mayWait(149)) - 7e1b84a9-a041-44fd-8008-f2679426984c@group-0DB8C7688BF9->4a682f4f-c3f2-4b77-88b7-f0ab78890feb-GrpcLogAppender: Wait interrupted by java.lang.InterruptedException
2019-11-05 08:23:48,568 [grpc-default-executor-0] INFO  impl.RoleInfo (RoleInfo.java:shutdownFollowerState(121)) - caafcba9-090a-41f5-a5f9-cba5a6a81e94: shutdown FollowerState
2019-11-05 08:23:48,568 [grpc-default-executor-2] INFO  impl.RoleInfo (RoleInfo.java:updateAndGet(143)) - 7e1b84a9-a041-44fd-8008-f2679426984c: start FollowerState
2019-11-05 08:23:48,569 [Thread-460] INFO  impl.FollowerState (FollowerState.java:run(117)) - caafcba9-090a-41f5-a5f9-cba5a6a81e94@group-0E159EE4F99E-FollowerState was interrupted: java.lang.InterruptedException: sleep interrupted
2019-11-05 08:23:48,571 [grpc-default-executor-0] INFO  impl.RoleInfo (RoleInfo.java:updateAndGet(143)) - caafcba9-090a-41f5-a5f9-cba5a6a81e94: start FollowerState
2019-11-05 08:23:48,572 [org.apache.ratis.server.impl.LogAppender$AppenderDaemon$$Lambda$488/1415481503@7901aa78] WARN  server.GrpcLogAppender (GrpcLogAppender.java:mayWait(149)) - 7e1b84a9-a041-44fd-8008-f2679426984c@group-0DB8C7688BF9->77ab65e6-d942-49df-83a3-1d4c0bf152b3-GrpcLogAppender: Wait interrupted by java.lang.InterruptedException
2019-11-05 08:23:48,572 [a8ae9c07-6d89-4a49-a594-cacd4b776180@group-0E159EE4F99E-LeaderElection25] INFO  impl.LeaderElection (LeaderElection.java:logAndReturn(56)) - a8ae9c07-6d89-4a49-a594-cacd4b776180@group-0E159EE4F99E-LeaderElection25: Election REJECTED; received 2 response(s) [a8ae9c07-6d89-4a49-a594-cacd4b776180<-caafcba9-090a-41f5-a5f9-cba5a6a81e94#0:FAIL-t4, a8ae9c07-6d89-4a49-a594-cacd4b776180<-b3bb9051-8089-4c51-a999-81579e5913f2#0:FAIL-t4] and 0 exception(s); a8ae9c07-6d89-4a49-a594-cacd4b776180@group-0E159EE4F99E:t4, leader=null, voted=a8ae9c07-6d89-4a49-a594-cacd4b776180, raftlog=a8ae9c07-6d89-4a49-a594-cacd4b776180@group-0E159EE4F99E-SegmentedRaftLog:OPENED:c-1,f-1,i0, conf=-1: [caafcba9-090a-41f5-a5f9-cba5a6a81e94:192.168.164.217:37197, a8ae9c07-6d89-4a49-a594-cacd4b776180:192.168.164.217:42719, b3bb9051-8089-4c51-a999-81579e5913f2:192.168.164.217:36516], old=null
2019-11-05 08:23:48,572 [a8ae9c07-6d89-4a49-a594-cacd4b776180@group-0E159EE4F99E-LeaderElection25] INFO  impl.RaftServerImpl (RaftServerImpl.java:setRole(184)) - a8ae9c07-6d89-4a49-a594-cacd4b776180@group-0E159EE4F99E: changes role from CANDIDATE to FOLLOWER at term 4 for DISCOVERED_A_NEW_TERM
2019-11-05 08:23:48,572 [a8ae9c07-6d89-4a49-a594-cacd4b776180@group-0E159EE4F99E-LeaderElection25] INFO  impl.RoleInfo (RoleInfo.java:shutdownLeaderElection(134)) - a8ae9c07-6d89-4a49-a594-cacd4b776180: shutdown LeaderElection
2019-11-05 08:23:48,573 [a8ae9c07-6d89-4a49-a594-cacd4b776180@group-0E159EE4F99E-LeaderElection25] INFO  impl.RoleInfo (RoleInfo.java:updateAndGet(143)) - a8ae9c07-6d89-4a49-a594-cacd4b776180: start FollowerState
2019-11-05 08:23:48,573 [grpc-default-executor-4] INFO  server.GrpcServerProtocolService (GrpcServerProtocolService.java:onCompleted(113)) - 77ab65e6-d942-49df-83a3-1d4c0bf152b3: Completed APPEND_ENTRIES, lastRequest: 7e1b84a9-a041-44fd-8008-f2679426984c->77ab65e6-d942-49df-83a3-1d4c0bf152b3#0-t3, previous=(t:0, i:0), leaderCommit=-1, initializing? false, entries: <empty>
2019-11-05 08:23:48,575 [grpc-default-executor-0] INFO  server.GrpcServerProtocolService (GrpcServerProtocolService.java:onCompleted(113)) - 4a682f4f-c3f2-4b77-88b7-f0ab78890feb: Completed APPEND_ENTRIES, lastRequest: null
2019-11-05 08:23:48,576 [b3bb9051-8089-4c51-a999-81579e5913f2@group-0E159EE4F99E-LeaderElection26] INFO  impl.LeaderElection (LeaderElection.java:logAndReturn(56)) - b3bb9051-8089-4c51-a999-81579e5913f2@group-0E159EE4F99E-LeaderElection26: Election REJECTED; received 2 response(s) [b3bb9051-8089-4c51-a999-81579e5913f2<-caafcba9-090a-41f5-a5f9-cba5a6a81e94#0:FAIL-t4, b3bb9051-8089-4c51-a999-81579e5913f2<-a8ae9c07-6d89-4a49-a594-cacd4b776180#0:FAIL-t4] and 0 exception(s); b3bb9051-8089-4c51-a999-81579e5913f2@group-0E159EE4F99E:t4, leader=null, voted=b3bb9051-8089-4c51-a999-81579e5913f2, raftlog=b3bb9051-8089-4c51-a999-81579e5913f2@group-0E159EE4F99E-SegmentedRaftLog:OPENED:c-1,f-1,i0, conf=-1: [caafcba9-090a-41f5-a5f9-cba5a6a81e94:192.168.164.217:37197, a8ae9c07-6d89-4a49-a594-cacd4b776180:192.168.164.217:42719, b3bb9051-8089-4c51-a999-81579e5913f2:192.168.164.217:36516], old=null
2019-11-05 08:23:48,576 [b3bb9051-8089-4c51-a999-81579e5913f2@group-0E159EE4F99E-LeaderElection26] INFO  impl.RaftServerImpl (RaftServerImpl.java:setRole(184)) - b3bb9051-8089-4c51-a999-81579e5913f2@group-0E159EE4F99E: changes role from CANDIDATE to FOLLOWER at term 4 for DISCOVERED_A_NEW_TERM
2019-11-05 08:23:48,577 [grpc-default-executor-5] INFO  server.GrpcLogAppender (GrpcLogAppender.java:onCompleted(308)) - 7e1b84a9-a041-44fd-8008-f2679426984c@group-0DB8C7688BF9->4a682f4f-c3f2-4b77-88b7-f0ab78890feb-AppendLogResponseHandler: follower responses appendEntries COMPLETED
2019-11-05 08:23:48,579 [77ab65e6-d942-49df-83a3-1d4c0bf152b3@group-0DB8C7688BF9-LeaderElection27] INFO  impl.LeaderElection (LeaderElection.java:logAndReturn(56)) - 77ab65e6-d942-49df-83a3-1d4c0bf152b3@group-0DB8C7688BF9-LeaderElection27: Election TIMEOUT; received 1 response(s) [77ab65e6-d942-49df-83a3-1d4c0bf152b3<-4a682f4f-c3f2-4b77-88b7-f0ab78890feb#0:FAIL-t4] and 0 exception(s); 77ab65e6-d942-49df-83a3-1d4c0bf152b3@group-0DB8C7688BF9:t4, leader=null, voted=77ab65e6-d942-49df-83a3-1d4c0bf152b3, raftlog=77ab65e6-d942-49df-83a3-1d4c0bf152b3@group-0DB8C7688BF9-SegmentedRaftLog:OPENED:c-1,f-1,i0, conf=-1: [77ab65e6-d942-49df-83a3-1d4c0bf152b3:192.168.164.217:39381, 7e1b84a9-a041-44fd-8008-f2679426984c:192.168.164.217:44149, 4a682f4f-c3f2-4b77-88b7-f0ab78890feb:192.168.164.217:34174], old=null
2019-11-05 08:23:48,577 [b3bb9051-8089-4c51-a999-81579e5913f2@group-0E159EE4F99E-LeaderElection26] INFO  impl.RoleInfo (RoleInfo.java:shutdownLeaderElection(134)) - b3bb9051-8089-4c51-a999-81579e5913f2: shutdown LeaderElection
2019-11-05 08:23:48,581 [b3bb9051-8089-4c51-a999-81579e5913f2@group-0E159EE4F99E-LeaderElection26] INFO  impl.RoleInfo (RoleInfo.java:updateAndGet(143)) - b3bb9051-8089-4c51-a999-81579e5913f2: start FollowerState
2019-11-05 08:23:48,582 [7e1b84a9-a041-44fd-8008-f2679426984c@group-0DB8C7688BF9-SegmentedRaftLogWorker] INFO  segmented.SegmentedRaftLogWorker (SegmentedRaftLogWorker.java:execute(576)) - 7e1b84a9-a041-44fd-8008-f2679426984c@group-0DB8C7688BF9-SegmentedRaftLogWorker: created new log segment /workdir/hadoop-ozone/integration-test/target/test-dir/MiniOzoneClusterImpl-0ddfd79e-5774-4abb-9b8b-55ac0c17dbc1/datanode-9/data/ratis/2f5caf52-f09c-400b-8f0f-0db8c7688bf9/current/log_inprogress_0
2019-11-05 08:23:48,584 [grpc-default-executor-5] INFO  impl.FollowerInfo (FollowerInfo.java:lambda$new$0(51)) - 7e1b84a9-a041-44fd-8008-f2679426984c@group-0DB8C7688BF9->4a682f4f-c3f2-4b77-88b7-f0ab78890feb: nextIndex: updateUnconditionally 0 -> 0
2019-11-05 08:23:48,584 [grpc-default-executor-4] INFO  server.GrpcLogAppender (GrpcLogAppender.java:onCompleted(308)) - 7e1b84a9-a041-44fd-8008-f2679426984c@group-0DB8C7688BF9->77ab65e6-d942-49df-83a3-1d4c0bf152b3-AppendLogResponseHandler: follower responses appendEntries COMPLETED
2019-11-05 08:23:48,584 [grpc-default-executor-0] INFO  impl.RaftServerImpl (RaftServerImpl.java:setRole(184)) - 7e1b84a9-a041-44fd-8008-f2679426984c@group-0DB8C7688BF9: changes role from  FOLLOWER to FOLLOWER at term 4 for recognizeCandidate:4a682f4f-c3f2-4b77-88b7-f0ab78890feb
2019-11-05 08:23:48,587 [grpc-default-executor-0] INFO  impl.RoleInfo (RoleInfo.java:shutdownFollowerState(121)) - 7e1b84a9-a041-44fd-8008-f2679426984c: shutdown FollowerState
2019-11-05 08:23:48,584 [77ab65e6-d942-49df-83a3-1d4c0bf152b3@group-0DB8C7688BF9-LeaderElection27] INFO  impl.LeaderElection (LeaderElection.java:askForVotes(178)) - 77ab65e6-d942-49df-83a3-1d4c0bf152b3@group-0DB8C7688BF9-LeaderElection27: begin an election at term 5 for -1: [77ab65e6-d942-49df-83a3-1d4c0bf152b3:192.168.164.217:39381, 7e1b84a9-a041-44fd-8008-f2679426984c:192.168.164.217:44149, 4a682f4f-c3f2-4b77-88b7-f0ab78890feb:192.168.164.217:34174], old=null
2019-11-05 08:23:48,596 [Thread-474] INFO  impl.FollowerState (FollowerState.java:run(108)) - b3bb9051-8089-4c51-a999-81579e5913f2@group-0E159EE4F99E-FollowerState: change to CANDIDATE, lastRpcTime:15ms, electionTimeout:8ms
2019-11-05 08:23:48,605 [grpc-default-executor-0] INFO  impl.RoleInfo (RoleInfo.java:updateAndGet(143)) - 7e1b84a9-a041-44fd-8008-f2679426984c: start FollowerState
2019-11-05 08:23:48,605 [Thread-468] INFO  impl.FollowerState (FollowerState.java:run(117)) - 7e1b84a9-a041-44fd-8008-f2679426984c@group-0DB8C7688BF9-FollowerState was interrupted: java.lang.InterruptedException: sleep interrupted
2019-11-05 08:23:48,605 [grpc-default-executor-4] INFO  impl.FollowerInfo (FollowerInfo.java:lambda$new$0(51)) - 7e1b84a9-a041-44fd-8008-f2679426984c@group-0DB8C7688BF9->77ab65e6-d942-49df-83a3-1d4c0bf152b3: nextIndex: updateUnconditionally 0 -> 0
2019-11-05 08:23:48,605 [Thread-474] INFO  impl.RoleInfo (RoleInfo.java:shutdownFollowerState(121)) - b3bb9051-8089-4c51-a999-81579e5913f2: shutdown FollowerState
2019-11-05 08:23:48,608 [Thread-474] INFO  impl.RaftServerImpl (RaftServerImpl.java:setRole(184)) - b3bb9051-8089-4c51-a999-81579e5913f2@group-0E159EE4F99E: changes role from  FOLLOWER to CANDIDATE at term 4 for changeToCandidate
2019-11-05 08:23:48,608 [Thread-474] INFO  impl.RoleInfo (RoleInfo.java:updateAndGet(143)) - b3bb9051-8089-4c51-a999-81579e5913f2: start LeaderElection
2019-11-05 08:23:48,620 [4a682f4f-c3f2-4b77-88b7-f0ab78890feb@group-0DB8C7688BF9-LeaderElection28] INFO  impl.LeaderElection (LeaderElection.java:logAndReturn(56)) - 4a682f4f-c3f2-4b77-88b7-f0ab78890feb@group-0DB8C7688BF9-LeaderElection28: Election REJECTED; received 2 response(s) [4a682f4f-c3f2-4b77-88b7-f0ab78890feb<-77ab65e6-d942-49df-83a3-1d4c0bf152b3#0:FAIL-t4, 4a682f4f-c3f2-4b77-88b7-f0ab78890feb<-7e1b84a9-a041-44fd-8008-f2679426984c#0:FAIL-t4] and 0 exception(s); 4a682f4f-c3f2-4b77-88b7-f0ab78890feb@group-0DB8C7688BF9:t4, leader=null, voted=4a682f4f-c3f2-4b77-88b7-f0ab78890feb, raftlog=4a682f4f-c3f2-4b77-88b7-f0ab78890feb@group-0DB8C7688BF9-SegmentedRaftLog:OPENED:c-1,f-1,i0, conf=-1: [77ab65e6-d942-49df-83a3-1d4c0bf152b3:192.168.164.217:39381, 7e1b84a9-a041-44fd-8008-f2679426984c:192.168.164.217:44149, 4a682f4f-c3f2-4b77-88b7-f0ab78890feb:192.168.164.217:34174], old=null
2019-11-05 08:23:48,620 [4a682f4f-c3f2-4b77-88b7-f0ab78890feb@group-0DB8C7688BF9-LeaderElection28] INFO  impl.RaftServerImpl (RaftServerImpl.java:setRole(184)) - 4a682f4f-c3f2-4b77-88b7-f0ab78890feb@group-0DB8C7688BF9: changes role from CANDIDATE to FOLLOWER at term 4 for DISCOVERED_A_NEW_TERM
2019-11-05 08:23:48,620 [4a682f4f-c3f2-4b77-88b7-f0ab78890feb@group-0DB8C7688BF9-LeaderElection28] INFO  impl.RoleInfo (RoleInfo.java:shutdownLeaderElection(134)) - 4a682f4f-c3f2-4b77-88b7-f0ab78890feb: shutdown LeaderElection
2019-11-05 08:23:48,620 [4a682f4f-c3f2-4b77-88b7-f0ab78890feb@group-0DB8C7688BF9-LeaderElection28] INFO  impl.RoleInfo (RoleInfo.java:updateAndGet(143)) - 4a682f4f-c3f2-4b77-88b7-f0ab78890feb: start FollowerState
2019-11-05 08:23:48,621 [grpc-default-executor-0] INFO  impl.RaftServerImpl (RaftServerImpl.java:setRole(184)) - 7e1b84a9-a041-44fd-8008-f2679426984c@group-0DB8C7688BF9: changes role from  FOLLOWER to FOLLOWER at term 5 for recognizeCandidate:77ab65e6-d942-49df-83a3-1d4c0bf152b3
2019-11-05 08:23:48,623 [grpc-default-executor-0] INFO  impl.RoleInfo (RoleInfo.java:shutdownFollowerState(121)) - 7e1b84a9-a041-44fd-8008-f2679426984c: shutdown FollowerState
2019-11-05 08:23:48,623 [Thread-475] INFO  impl.FollowerState (FollowerState.java:run(117)) - 7e1b84a9-a041-44fd-8008-f2679426984c@group-0DB8C7688BF9-FollowerState was interrupted: java.lang.InterruptedException: sleep interrupted
2019-11-05 08:23:48,623 [grpc-default-executor-0] INFO  impl.RoleInfo (RoleInfo.java:updateAndGet(143)) - 7e1b84a9-a041-44fd-8008-f2679426984c: start FollowerState
2019-11-05 08:23:48,623 [grpc-default-executor-4] INFO  impl.RaftServerImpl (RaftServerImpl.java:setRole(184)) - 4a682f4f-c3f2-4b77-88b7-f0ab78890feb@group-0DB8C7688BF9: changes role from  FOLLOWER to FOLLOWER at term 5 for recognizeCandidate:77ab65e6-d942-49df-83a3-1d4c0bf152b3
2019-11-05 08:23:48,623 [grpc-default-executor-4] INFO  impl.RoleInfo (RoleInfo.java:shutdownFollowerState(121)) - 4a682f4f-c3f2-4b77-88b7-f0ab78890feb: shutdown FollowerState
2019-11-05 08:23:48,623 [Thread-479] INFO  impl.FollowerState (FollowerState.java:run(117)) - 4a682f4f-c3f2-4b77-88b7-f0ab78890feb@group-0DB8C7688BF9-FollowerState was interrupted: java.lang.InterruptedException: sleep interrupted
2019-11-05 08:23:48,623 [grpc-default-executor-4] INFO  impl.RoleInfo (RoleInfo.java:updateAndGet(143)) - 4a682f4f-c3f2-4b77-88b7-f0ab78890feb: start FollowerState
2019-11-05 08:23:48,643 [b3bb9051-8089-4c51-a999-81579e5913f2@group-0E159EE4F99E-LeaderElection29] INFO  impl.LeaderElection (LeaderElection.java:askForVotes(178)) - b3bb9051-8089-4c51-a999-81579e5913f2@group-0E159EE4F99E-LeaderElection29: begin an election at term 5 for -1: [caafcba9-090a-41f5-a5f9-cba5a6a81e94:192.168.164.217:37197, a8ae9c07-6d89-4a49-a594-cacd4b776180:192.168.164.217:42719, b3bb9051-8089-4c51-a999-81579e5913f2:192.168.164.217:36516], old=null
2019-11-05 08:23:48,646 [77ab65e6-d942-49df-83a3-1d4c0bf152b3@group-0DB8C7688BF9-LeaderElection27] INFO  impl.LeaderElection (LeaderElection.java:logAndReturn(56)) - 77ab65e6-d942-49df-83a3-1d4c0bf152b3@group-0DB8C7688BF9-LeaderElection27: Election PASSED; received 1 response(s) [77ab65e6-d942-49df-83a3-1d4c0bf152b3<-4a682f4f-c3f2-4b77-88b7-f0ab78890feb#0:OK-t5] and 0 exception(s); 77ab65e6-d942-49df-83a3-1d4c0bf152b3@group-0DB8C7688BF9:t5, leader=null, voted=77ab65e6-d942-49df-83a3-1d4c0bf152b3, raftlog=77ab65e6-d942-49df-83a3-1d4c0bf152b3@group-0DB8C7688BF9-SegmentedRaftLog:OPENED:c-1,f-1,i0, conf=-1: [77ab65e6-d942-49df-83a3-1d4c0bf152b3:192.168.164.217:39381, 7e1b84a9-a041-44fd-8008-f2679426984c:192.168.164.217:44149, 4a682f4f-c3f2-4b77-88b7-f0ab78890feb:192.168.164.217:34174], old=null
2019-11-05 08:23:48,647 [77ab65e6-d942-49df-83a3-1d4c0bf152b3@group-0DB8C7688BF9-LeaderElection27] INFO  impl.RoleInfo (RoleInfo.java:shutdownLeaderElection(134)) - 77ab65e6-d942-49df-83a3-1d4c0bf152b3: shutdown LeaderElection
2019-11-05 08:23:48,647 [77ab65e6-d942-49df-83a3-1d4c0bf152b3@group-0DB8C7688BF9-LeaderElection27] INFO  impl.RaftServerImpl (RaftServerImpl.java:setRole(184)) - 77ab65e6-d942-49df-83a3-1d4c0bf152b3@group-0DB8C7688BF9: changes role from CANDIDATE to LEADER at term 5 for changeToLeader
2019-11-05 08:23:48,647 [77ab65e6-d942-49df-83a3-1d4c0bf152b3@group-0DB8C7688BF9-LeaderElection27] INFO  impl.RaftServerImpl (ServerState.java:setLeader(256)) - 77ab65e6-d942-49df-83a3-1d4c0bf152b3@group-0DB8C7688BF9: change Leader from null to 77ab65e6-d942-49df-83a3-1d4c0bf152b3 at term 5 for becomeLeader, leader elected after 885ms
2019-11-05 08:23:48,647 [77ab65e6-d942-49df-83a3-1d4c0bf152b3@group-0DB8C7688BF9-LeaderElection27] INFO  server.RaftServerConfigKeys (ConfUtils.java:logGet(43)) - raft.server.staging.catchup.gap = 1000 (default)
2019-11-05 08:23:48,647 [77ab65e6-d942-49df-83a3-1d4c0bf152b3@group-0DB8C7688BF9-LeaderElection27] INFO  server.RaftServerConfigKeys (ConfUtils.java:logGet(43)) - raft.server.rpc.sleep.time = 25ms (default)
2019-11-05 08:23:48,647 [grpc-default-executor-4] INFO  impl.RaftServerImpl (RaftServerImpl.java:setRole(184)) - caafcba9-090a-41f5-a5f9-cba5a6a81e94@group-0E159EE4F99E: changes role from  FOLLOWER to FOLLOWER at term 5 for recognizeCandidate:b3bb9051-8089-4c51-a999-81579e5913f2
2019-11-05 08:23:48,673 [77ab65e6-d942-49df-83a3-1d4c0bf152b3@group-0DB8C7688BF9-LeaderElection27] INFO  server.RaftServerConfigKeys (ConfUtils.java:logGet(43)) - raft.server.write.element-limit = 4096 (default)
2019-11-05 08:23:48,648 [grpc-default-executor-0] INFO  impl.RaftServerImpl (RaftServerImpl.java:setRole(184)) - a8ae9c07-6d89-4a49-a594-cacd4b776180@group-0E159EE4F99E: changes role from  FOLLOWER to FOLLOWER at term 5 for recognizeCandidate:b3bb9051-8089-4c51-a999-81579e5913f2
2019-11-05 08:23:48,674 [77ab65e6-d942-49df-83a3-1d4c0bf152b3@group-0DB8C7688BF9-LeaderElection27] INFO  server.RaftServerConfigKeys (ConfUtils.java:logGet(43)) - raft.server.watch.timeout = 10s (default)
2019-11-05 08:23:48,674 [grpc-default-executor-4] INFO  impl.RoleInfo (RoleInfo.java:shutdownFollowerState(121)) - caafcba9-090a-41f5-a5f9-cba5a6a81e94: shutdown FollowerState
2019-11-05 08:23:48,674 [77ab65e6-d942-49df-83a3-1d4c0bf152b3@group-0DB8C7688BF9-LeaderElection27] INFO  server.RaftServerConfigKeys (ConfUtils.java:logGet(43)) - raft.server.watch.timeout.denomination = 1s (default)
2019-11-05 08:23:48,674 [grpc-default-executor-4] INFO  impl.RoleInfo (RoleInfo.java:updateAndGet(143)) - caafcba9-090a-41f5-a5f9-cba5a6a81e94: start FollowerState
2019-11-05 08:23:48,674 [grpc-default-executor-0] INFO  impl.RoleInfo (RoleInfo.java:shutdownFollowerState(121)) - a8ae9c07-6d89-4a49-a594-cacd4b776180: shutdown FollowerState
2019-11-05 08:23:48,674 [77ab65e6-d942-49df-83a3-1d4c0bf152b3@group-0DB8C7688BF9-LeaderElection27] INFO  server.RaftServerConfigKeys (ConfUtils.java:logGet(43)) - raft.server.watch.element-limit = 65536 (default)
2019-11-05 08:23:48,674 [Thread-472] INFO  impl.FollowerState (FollowerState.java:run(117)) - caafcba9-090a-41f5-a5f9-cba5a6a81e94@group-0E159EE4F99E-FollowerState was interrupted: java.lang.InterruptedException: sleep interrupted
2019-11-05 08:23:48,675 [grpc-default-executor-0] INFO  impl.RoleInfo (RoleInfo.java:updateAndGet(143)) - a8ae9c07-6d89-4a49-a594-cacd4b776180: start FollowerState
2019-11-05 08:23:48,675 [Thread-473] INFO  impl.FollowerState (FollowerState.java:run(117)) - a8ae9c07-6d89-4a49-a594-cacd4b776180@group-0E159EE4F99E-FollowerState was interrupted: java.lang.InterruptedException: sleep interrupted
2019-11-05 08:23:48,683 [b3bb9051-8089-4c51-a999-81579e5913f2@group-0E159EE4F99E-LeaderElection29] INFO  impl.LeaderElection (LeaderElection.java:logAndReturn(56)) - b3bb9051-8089-4c51-a999-81579e5913f2@group-0E159EE4F99E-LeaderElection29: Election TIMEOUT; received 0 response(s) [] and 0 exception(s); b3bb9051-8089-4c51-a999-81579e5913f2@group-0E159EE4F99E:t5, leader=null, voted=b3bb9051-8089-4c51-a999-81579e5913f2, raftlog=b3bb9051-8089-4c51-a999-81579e5913f2@group-0E159EE4F99E-SegmentedRaftLog:OPENED:c-1,f-1,i0, conf=-1: [caafcba9-090a-41f5-a5f9-cba5a6a81e94:192.168.164.217:37197, a8ae9c07-6d89-4a49-a594-cacd4b776180:192.168.164.217:42719, b3bb9051-8089-4c51-a999-81579e5913f2:192.168.164.217:36516], old=null
2019-11-05 08:23:48,741 [b3bb9051-8089-4c51-a999-81579e5913f2@group-0E159EE4F99E-LeaderElection29] INFO  impl.LeaderElection (LeaderElection.java:askForVotes(178)) - b3bb9051-8089-4c51-a999-81579e5913f2@group-0E159EE4F99E-LeaderElection29: begin an election at term 6 for -1: [caafcba9-090a-41f5-a5f9-cba5a6a81e94:192.168.164.217:37197, a8ae9c07-6d89-4a49-a594-cacd4b776180:192.168.164.217:42719, b3bb9051-8089-4c51-a999-81579e5913f2:192.168.164.217:36516], old=null
2019-11-05 08:23:48,746 [main] INFO  rpc.RpcClient (RpcClient.java:createVolume(272)) - Creating Volume: datanodefailurehandlingtest, with jenkins1000 as owner.
2019-11-05 08:23:48,765 [Thread-481] INFO  impl.FollowerState (FollowerState.java:run(108)) - 4a682f4f-c3f2-4b77-88b7-f0ab78890feb@group-0DB8C7688BF9-FollowerState: change to CANDIDATE, lastRpcTime:141ms, electionTimeout:141ms
2019-11-05 08:23:48,769 [Thread-481] INFO  impl.RoleInfo (RoleInfo.java:shutdownFollowerState(121)) - 4a682f4f-c3f2-4b77-88b7-f0ab78890feb: shutdown FollowerState
2019-11-05 08:23:48,769 [Thread-481] INFO  impl.RaftServerImpl (RaftServerImpl.java:setRole(184)) - 4a682f4f-c3f2-4b77-88b7-f0ab78890feb@group-0DB8C7688BF9: changes role from  FOLLOWER to CANDIDATE at term 5 for changeToCandidate
2019-11-05 08:23:48,769 [Thread-481] INFO  impl.RoleInfo (RoleInfo.java:updateAndGet(143)) - 4a682f4f-c3f2-4b77-88b7-f0ab78890feb: start LeaderElection
2019-11-05 08:23:48,793 [4a682f4f-c3f2-4b77-88b7-f0ab78890feb@group-0DB8C7688BF9-LeaderElection30] INFO  impl.LeaderElection (LeaderElection.java:askForVotes(178)) - 4a682f4f-c3f2-4b77-88b7-f0ab78890feb@group-0DB8C7688BF9-LeaderElection30: begin an election at term 6 for -1: [77ab65e6-d942-49df-83a3-1d4c0bf152b3:192.168.164.217:39381, 7e1b84a9-a041-44fd-8008-f2679426984c:192.168.164.217:44149, 4a682f4f-c3f2-4b77-88b7-f0ab78890feb:192.168.164.217:34174], old=null
2019-11-05 08:23:48,810 [grpc-default-executor-0] INFO  impl.RaftServerImpl (RaftServerImpl.java:setRole(184)) - a8ae9c07-6d89-4a49-a594-cacd4b776180@group-0E159EE4F99E: changes role from  FOLLOWER to FOLLOWER at term 6 for recognizeCandidate:b3bb9051-8089-4c51-a999-81579e5913f2
2019-11-05 08:23:48,810 [grpc-default-executor-4] INFO  impl.RaftServerImpl (RaftServerImpl.java:setRole(184)) - caafcba9-090a-41f5-a5f9-cba5a6a81e94@group-0E159EE4F99E: changes role from  FOLLOWER to FOLLOWER at term 6 for recognizeCandidate:b3bb9051-8089-4c51-a999-81579e5913f2
2019-11-05 08:23:48,810 [grpc-default-executor-0] INFO  impl.RoleInfo (RoleInfo.java:shutdownFollowerState(121)) - a8ae9c07-6d89-4a49-a594-cacd4b776180: shutdown FollowerState
2019-11-05 08:23:48,810 [grpc-default-executor-4] INFO  impl.RoleInfo (RoleInfo.java:shutdownFollowerState(121)) - caafcba9-090a-41f5-a5f9-cba5a6a81e94: shutdown FollowerState
2019-11-05 08:23:48,811 [grpc-default-executor-2] INFO  impl.RaftServerImpl (RaftServerImpl.java:setRole(184)) - 7e1b84a9-a041-44fd-8008-f2679426984c@group-0DB8C7688BF9: changes role from  FOLLOWER to FOLLOWER at term 6 for recognizeCandidate:4a682f4f-c3f2-4b77-88b7-f0ab78890feb
2019-11-05 08:23:48,811 [grpc-default-executor-2] INFO  impl.RoleInfo (RoleInfo.java:shutdownFollowerState(121)) - 7e1b84a9-a041-44fd-8008-f2679426984c: shutdown FollowerState
2019-11-05 08:23:48,833 [grpc-default-executor-2] INFO  impl.RoleInfo (RoleInfo.java:updateAndGet(143)) - 7e1b84a9-a041-44fd-8008-f2679426984c: start FollowerState
2019-11-05 08:23:48,833 [grpc-default-executor-4] INFO  impl.RoleInfo (RoleInfo.java:updateAndGet(143)) - caafcba9-090a-41f5-a5f9-cba5a6a81e94: start FollowerState
2019-11-05 08:23:48,833 [grpc-default-executor-0] INFO  impl.RoleInfo (RoleInfo.java:updateAndGet(143)) - a8ae9c07-6d89-4a49-a594-cacd4b776180: start FollowerState
2019-11-05 08:23:48,833 [Thread-480] INFO  impl.FollowerState (FollowerState.java:run(117)) - 7e1b84a9-a041-44fd-8008-f2679426984c@group-0DB8C7688BF9-FollowerState was interrupted: java.lang.InterruptedException: sleep interrupted
2019-11-05 08:23:48,833 [Thread-486] INFO  impl.FollowerState (FollowerState.java:run(117)) - caafcba9-090a-41f5-a5f9-cba5a6a81e94@group-0E159EE4F99E-FollowerState was interrupted: java.lang.InterruptedException: sleep interrupted
2019-11-05 08:23:48,833 [Thread-487] INFO  impl.FollowerState (FollowerState.java:run(117)) - a8ae9c07-6d89-4a49-a594-cacd4b776180@group-0E159EE4F99E-FollowerState was interrupted: java.lang.InterruptedException: sleep interrupted
2019-11-05 08:23:48,878 [Thread-495] INFO  impl.FollowerState (FollowerState.java:run(108)) - a8ae9c07-6d89-4a49-a594-cacd4b776180@group-0E159EE4F99E-FollowerState: change to CANDIDATE, lastRpcTime:35ms, electionTimeout:31ms
2019-11-05 08:23:48,879 [b3bb9051-8089-4c51-a999-81579e5913f2@group-0E159EE4F99E-LeaderElection29] INFO  impl.LeaderElection (LeaderElection.java:logAndReturn(56)) - b3bb9051-8089-4c51-a999-81579e5913f2@group-0E159EE4F99E-LeaderElection29: Election PASSED; received 1 response(s) [b3bb9051-8089-4c51-a999-81579e5913f2<-a8ae9c07-6d89-4a49-a594-cacd4b776180#0:OK-t6] and 0 exception(s); b3bb9051-8089-4c51-a999-81579e5913f2@group-0E159EE4F99E:t6, leader=null, voted=b3bb9051-8089-4c51-a999-81579e5913f2, raftlog=b3bb9051-8089-4c51-a999-81579e5913f2@group-0E159EE4F99E-SegmentedRaftLog:OPENED:c-1,f-1,i0, conf=-1: [caafcba9-090a-41f5-a5f9-cba5a6a81e94:192.168.164.217:37197, a8ae9c07-6d89-4a49-a594-cacd4b776180:192.168.164.217:42719, b3bb9051-8089-4c51-a999-81579e5913f2:192.168.164.217:36516], old=null
2019-11-05 08:23:48,879 [Thread-495] INFO  impl.RoleInfo (RoleInfo.java:shutdownFollowerState(121)) - a8ae9c07-6d89-4a49-a594-cacd4b776180: shutdown FollowerState
2019-11-05 08:23:48,879 [b3bb9051-8089-4c51-a999-81579e5913f2@group-0E159EE4F99E-LeaderElection29] INFO  impl.RoleInfo (RoleInfo.java:shutdownLeaderElection(134)) - b3bb9051-8089-4c51-a999-81579e5913f2: shutdown LeaderElection
2019-11-05 08:23:48,880 [Thread-495] INFO  impl.RaftServerImpl (RaftServerImpl.java:setRole(184)) - a8ae9c07-6d89-4a49-a594-cacd4b776180@group-0E159EE4F99E: changes role from  FOLLOWER to CANDIDATE at term 6 for changeToCandidate
2019-11-05 08:23:48,881 [b3bb9051-8089-4c51-a999-81579e5913f2@group-0E159EE4F99E-LeaderElection29] INFO  impl.RaftServerImpl (RaftServerImpl.java:setRole(184)) - b3bb9051-8089-4c51-a999-81579e5913f2@group-0E159EE4F99E: changes role from CANDIDATE to LEADER at term 6 for changeToLeader
2019-11-05 08:23:48,881 [b3bb9051-8089-4c51-a999-81579e5913f2@group-0E159EE4F99E-LeaderElection29] INFO  impl.RaftServerImpl (ServerState.java:setLeader(256)) - b3bb9051-8089-4c51-a999-81579e5913f2@group-0E159EE4F99E: change Leader from null to b3bb9051-8089-4c51-a999-81579e5913f2 at term 6 for becomeLeader, leader elected after 1343ms
2019-11-05 08:23:48,881 [Thread-495] INFO  impl.RoleInfo (RoleInfo.java:updateAndGet(143)) - a8ae9c07-6d89-4a49-a594-cacd4b776180: start LeaderElection
2019-11-05 08:23:48,881 [b3bb9051-8089-4c51-a999-81579e5913f2@group-0E159EE4F99E-LeaderElection29] INFO  server.RaftServerConfigKeys (ConfUtils.java:logGet(43)) - raft.server.staging.catchup.gap = 1000 (default)
2019-11-05 08:23:48,881 [b3bb9051-8089-4c51-a999-81579e5913f2@group-0E159EE4F99E-LeaderElection29] INFO  server.RaftServerConfigKeys (ConfUtils.java:logGet(43)) - raft.server.rpc.sleep.time = 25ms (default)
2019-11-05 08:23:48,883 [b3bb9051-8089-4c51-a999-81579e5913f2@group-0E159EE4F99E-LeaderElection29] INFO  server.RaftServerConfigKeys (ConfUtils.java:logGet(43)) - raft.server.write.element-limit = 4096 (default)
2019-11-05 08:23:48,883 [b3bb9051-8089-4c51-a999-81579e5913f2@group-0E159EE4F99E-LeaderElection29] INFO  server.RaftServerConfigKeys (ConfUtils.java:logGet(43)) - raft.server.watch.timeout = 10s (default)
2019-11-05 08:23:48,883 [b3bb9051-8089-4c51-a999-81579e5913f2@group-0E159EE4F99E-LeaderElection29] INFO  server.RaftServerConfigKeys (ConfUtils.java:logGet(43)) - raft.server.watch.timeout.denomination = 1s (default)
2019-11-05 08:23:48,883 [b3bb9051-8089-4c51-a999-81579e5913f2@group-0E159EE4F99E-LeaderElection29] INFO  server.RaftServerConfigKeys (ConfUtils.java:logGet(43)) - raft.server.watch.element-limit = 65536 (default)
2019-11-05 08:23:48,896 [a8ae9c07-6d89-4a49-a594-cacd4b776180@group-0E159EE4F99E-LeaderElection31] INFO  impl.LeaderElection (LeaderElection.java:askForVotes(178)) - a8ae9c07-6d89-4a49-a594-cacd4b776180@group-0E159EE4F99E-LeaderElection31: begin an election at term 7 for -1: [caafcba9-090a-41f5-a5f9-cba5a6a81e94:192.168.164.217:37197, a8ae9c07-6d89-4a49-a594-cacd4b776180:192.168.164.217:42719, b3bb9051-8089-4c51-a999-81579e5913f2:192.168.164.217:36516], old=null
2019-11-05 08:23:48,911 [grpc-default-executor-0] INFO  impl.RaftServerImpl (RaftServerImpl.java:setRole(184)) - caafcba9-090a-41f5-a5f9-cba5a6a81e94@group-0E159EE4F99E: changes role from  FOLLOWER to FOLLOWER at term 7 for recognizeCandidate:a8ae9c07-6d89-4a49-a594-cacd4b776180
2019-11-05 08:23:48,911 [grpc-default-executor-0] INFO  impl.RoleInfo (RoleInfo.java:shutdownFollowerState(121)) - caafcba9-090a-41f5-a5f9-cba5a6a81e94: shutdown FollowerState
2019-11-05 08:23:48,913 [IPC Server handler 19 on 39126] INFO  volume.OMVolumeCreateRequest (OMVolumeCreateRequest.java:validateAndUpdateCache(193)) - created volume:datanodefailurehandlingtest for user:jenkins1000
2019-11-05 08:23:48,933 [Thread-494] INFO  impl.FollowerState (FollowerState.java:run(117)) - caafcba9-090a-41f5-a5f9-cba5a6a81e94@group-0E159EE4F99E-FollowerState was interrupted: java.lang.InterruptedException: sleep interrupted
2019-11-05 08:23:48,933 [grpc-default-executor-0] INFO  impl.RoleInfo (RoleInfo.java:updateAndGet(143)) - caafcba9-090a-41f5-a5f9-cba5a6a81e94: start FollowerState
2019-11-05 08:23:48,973 [a8ae9c07-6d89-4a49-a594-cacd4b776180@group-0E159EE4F99E-LeaderElection31] INFO  impl.LeaderElection (LeaderElection.java:logAndReturn(56)) - a8ae9c07-6d89-4a49-a594-cacd4b776180@group-0E159EE4F99E-LeaderElection31: Election TIMEOUT; received 1 response(s) [a8ae9c07-6d89-4a49-a594-cacd4b776180<-caafcba9-090a-41f5-a5f9-cba5a6a81e94#0:FAIL-t7] and 0 exception(s); a8ae9c07-6d89-4a49-a594-cacd4b776180@group-0E159EE4F99E:t7, leader=null, voted=a8ae9c07-6d89-4a49-a594-cacd4b776180, raftlog=a8ae9c07-6d89-4a49-a594-cacd4b776180@group-0E159EE4F99E-SegmentedRaftLog:OPENED:c-1,f-1,i0, conf=-1: [caafcba9-090a-41f5-a5f9-cba5a6a81e94:192.168.164.217:37197, a8ae9c07-6d89-4a49-a594-cacd4b776180:192.168.164.217:42719, b3bb9051-8089-4c51-a999-81579e5913f2:192.168.164.217:36516], old=null
2019-11-05 08:23:48,983 [4a682f4f-c3f2-4b77-88b7-f0ab78890feb@group-0DB8C7688BF9-LeaderElection30] INFO  impl.LeaderElection (LeaderElection.java:logAndReturn(56)) - 4a682f4f-c3f2-4b77-88b7-f0ab78890feb@group-0DB8C7688BF9-LeaderElection30: Election TIMEOUT; received 1 response(s) [4a682f4f-c3f2-4b77-88b7-f0ab78890feb<-7e1b84a9-a041-44fd-8008-f2679426984c#0:FAIL-t6] and 0 exception(s); 4a682f4f-c3f2-4b77-88b7-f0ab78890feb@group-0DB8C7688BF9:t6, leader=null, voted=4a682f4f-c3f2-4b77-88b7-f0ab78890feb, raftlog=4a682f4f-c3f2-4b77-88b7-f0ab78890feb@group-0DB8C7688BF9-SegmentedRaftLog:OPENED:c-1,f-1,i0, conf=-1: [77ab65e6-d942-49df-83a3-1d4c0bf152b3:192.168.164.217:39381, 7e1b84a9-a041-44fd-8008-f2679426984c:192.168.164.217:44149, 4a682f4f-c3f2-4b77-88b7-f0ab78890feb:192.168.164.217:34174], old=null
2019-11-05 08:23:48,987 [a8ae9c07-6d89-4a49-a594-cacd4b776180@group-0E159EE4F99E-LeaderElection31] INFO  impl.LeaderElection (LeaderElection.java:askForVotes(178)) - a8ae9c07-6d89-4a49-a594-cacd4b776180@group-0E159EE4F99E-LeaderElection31: begin an election at term 8 for -1: [caafcba9-090a-41f5-a5f9-cba5a6a81e94:192.168.164.217:37197, a8ae9c07-6d89-4a49-a594-cacd4b776180:192.168.164.217:42719, b3bb9051-8089-4c51-a999-81579e5913f2:192.168.164.217:36516], old=null
2019-11-05 08:23:49,009 [grpc-default-executor-0] INFO  impl.RaftServerImpl (RaftServerImpl.java:setRole(184)) - caafcba9-090a-41f5-a5f9-cba5a6a81e94@group-0E159EE4F99E: changes role from  FOLLOWER to FOLLOWER at term 8 for recognizeCandidate:a8ae9c07-6d89-4a49-a594-cacd4b776180
2019-11-05 08:23:49,042 [grpc-default-executor-0] INFO  impl.RoleInfo (RoleInfo.java:shutdownFollowerState(121)) - caafcba9-090a-41f5-a5f9-cba5a6a81e94: shutdown FollowerState
2019-11-05 08:23:49,013 [main] INFO  rpc.RpcClient (RpcClient.java:createBucket(411)) - Creating Bucket: datanodefailurehandlingtest/datanodefailurehandlingtest, with Versioning false and Storage Type set to DISK and Encryption set to false 
2019-11-05 08:23:49,010 [4a682f4f-c3f2-4b77-88b7-f0ab78890feb@group-0DB8C7688BF9-LeaderElection30] INFO  impl.LeaderElection (LeaderElection.java:askForVotes(178)) - 4a682f4f-c3f2-4b77-88b7-f0ab78890feb@group-0DB8C7688BF9-LeaderElection30: begin an election at term 7 for -1: [77ab65e6-d942-49df-83a3-1d4c0bf152b3:192.168.164.217:39381, 7e1b84a9-a041-44fd-8008-f2679426984c:192.168.164.217:44149, 4a682f4f-c3f2-4b77-88b7-f0ab78890feb:192.168.164.217:34174], old=null
2019-11-05 08:23:49,043 [grpc-default-executor-0] INFO  impl.RoleInfo (RoleInfo.java:updateAndGet(143)) - caafcba9-090a-41f5-a5f9-cba5a6a81e94: start FollowerState
2019-11-05 08:23:49,043 [Thread-500] INFO  impl.FollowerState (FollowerState.java:run(117)) - caafcba9-090a-41f5-a5f9-cba5a6a81e94@group-0E159EE4F99E-FollowerState was interrupted: java.lang.InterruptedException: sleep interrupted
2019-11-05 08:23:49,054 [grpc-default-executor-3] INFO  impl.RaftServerImpl (RaftServerImpl.java:setRole(184)) - 7e1b84a9-a041-44fd-8008-f2679426984c@group-0DB8C7688BF9: changes role from  FOLLOWER to FOLLOWER at term 7 for recognizeCandidate:4a682f4f-c3f2-4b77-88b7-f0ab78890feb
2019-11-05 08:23:49,054 [grpc-default-executor-3] INFO  impl.RoleInfo (RoleInfo.java:shutdownFollowerState(121)) - 7e1b84a9-a041-44fd-8008-f2679426984c: shutdown FollowerState
2019-11-05 08:23:49,058 [Thread-493] INFO  impl.FollowerState (FollowerState.java:run(117)) - 7e1b84a9-a041-44fd-8008-f2679426984c@group-0DB8C7688BF9-FollowerState was interrupted: java.lang.InterruptedException: sleep interrupted
2019-11-05 08:23:49,060 [grpc-default-executor-3] INFO  impl.RoleInfo (RoleInfo.java:updateAndGet(143)) - 7e1b84a9-a041-44fd-8008-f2679426984c: start FollowerState
2019-11-05 08:23:49,091 [Timer for 'StorageContainerManager' metrics system] INFO  lib.Interns (Interns.java:removeEldestEntry(50)) - Metrics intern cache overflow at 2011 for MetricsSystem={MetricsSystem=MetricsInfoImpl{name=MetricsSystem, description=MetricsSystem}, MetricsSystem record=MetricsInfoImpl{name=MetricsSystem, description=MetricsSystem record}}
2019-11-05 08:23:49,099 [b3bb9051-8089-4c51-a999-81579e5913f2@group-0E159EE4F99E-LeaderElection29] INFO  server.RaftServerConfigKeys (ConfUtils.java:logGet(43)) - raft.server.log.appender.snapshot.chunk.size.max = 16MB (=16777216) (default)
2019-11-05 08:23:49,099 [b3bb9051-8089-4c51-a999-81579e5913f2@group-0E159EE4F99E-LeaderElection29] INFO  server.RaftServerConfigKeys (ConfUtils.java:logGet(43)) - raft.server.log.appender.buffer.byte-limit = 33554432 (custom)
2019-11-05 08:23:49,099 [b3bb9051-8089-4c51-a999-81579e5913f2@group-0E159EE4F99E-LeaderElection29] INFO  server.RaftServerConfigKeys (ConfUtils.java:logGet(43)) - raft.server.log.appender.buffer.element-limit = 1 (custom)
2019-11-05 08:23:49,099 [77ab65e6-d942-49df-83a3-1d4c0bf152b3@group-0DB8C7688BF9-LeaderElection27] INFO  server.RaftServerConfigKeys (ConfUtils.java:logGet(43)) - raft.server.log.appender.snapshot.chunk.size.max = 16MB (=16777216) (default)
2019-11-05 08:23:49,099 [b3bb9051-8089-4c51-a999-81579e5913f2@group-0E159EE4F99E-LeaderElection29] INFO  grpc.GrpcConfigKeys$Server (ConfUtils.java:logGet(43)) - raft.grpc.server.leader.outstanding.appends.max = 128 (default)
2019-11-05 08:23:49,099 [77ab65e6-d942-49df-83a3-1d4c0bf152b3@group-0DB8C7688BF9-LeaderElection27] INFO  server.RaftServerConfigKeys (ConfUtils.java:logGet(43)) - raft.server.log.appender.buffer.byte-limit = 33554432 (custom)
2019-11-05 08:23:49,100 [b3bb9051-8089-4c51-a999-81579e5913f2@group-0E159EE4F99E-LeaderElection29] INFO  server.RaftServerConfigKeys (ConfUtils.java:logGet(43)) - raft.server.rpc.request.timeout = 3000ms (default)
2019-11-05 08:23:49,100 [77ab65e6-d942-49df-83a3-1d4c0bf152b3@group-0DB8C7688BF9-LeaderElection27] INFO  server.RaftServerConfigKeys (ConfUtils.java:logGet(43)) - raft.server.log.appender.buffer.element-limit = 1 (custom)
2019-11-05 08:23:49,100 [b3bb9051-8089-4c51-a999-81579e5913f2@group-0E159EE4F99E-LeaderElection29] INFO  server.RaftServerConfigKeys (ConfUtils.java:logGet(43)) - raft.server.log.appender.install.snapshot.enabled = false (custom)
2019-11-05 08:23:49,100 [77ab65e6-d942-49df-83a3-1d4c0bf152b3@group-0DB8C7688BF9-LeaderElection27] INFO  grpc.GrpcConfigKeys$Server (ConfUtils.java:logGet(43)) - raft.grpc.server.leader.outstanding.appends.max = 128 (default)
2019-11-05 08:23:49,100 [77ab65e6-d942-49df-83a3-1d4c0bf152b3@group-0DB8C7688BF9-LeaderElection27] INFO  server.RaftServerConfigKeys (ConfUtils.java:logGet(43)) - raft.server.rpc.request.timeout = 3000ms (default)
2019-11-05 08:23:49,100 [77ab65e6-d942-49df-83a3-1d4c0bf152b3@group-0DB8C7688BF9-LeaderElection27] INFO  server.RaftServerConfigKeys (ConfUtils.java:logGet(43)) - raft.server.log.appender.install.snapshot.enabled = false (custom)
2019-11-05 08:23:49,103 [b3bb9051-8089-4c51-a999-81579e5913f2@group-0E159EE4F99E-LeaderElection29] INFO  server.RaftServerConfigKeys (ConfUtils.java:logGet(43)) - raft.server.log.appender.snapshot.chunk.size.max = 16MB (=16777216) (default)
2019-11-05 08:23:49,103 [b3bb9051-8089-4c51-a999-81579e5913f2@group-0E159EE4F99E-LeaderElection29] INFO  server.RaftServerConfigKeys (ConfUtils.java:logGet(43)) - raft.server.log.appender.buffer.byte-limit = 33554432 (custom)
2019-11-05 08:23:49,103 [77ab65e6-d942-49df-83a3-1d4c0bf152b3@group-0DB8C7688BF9-LeaderElection27] INFO  server.RaftServerConfigKeys (ConfUtils.java:logGet(43)) - raft.server.log.appender.snapshot.chunk.size.max = 16MB (=16777216) (default)
2019-11-05 08:23:49,103 [b3bb9051-8089-4c51-a999-81579e5913f2@group-0E159EE4F99E-LeaderElection29] INFO  server.RaftServerConfigKeys (ConfUtils.java:logGet(43)) - raft.server.log.appender.buffer.element-limit = 1 (custom)
2019-11-05 08:23:49,104 [77ab65e6-d942-49df-83a3-1d4c0bf152b3@group-0DB8C7688BF9-LeaderElection27] INFO  server.RaftServerConfigKeys (ConfUtils.java:logGet(43)) - raft.server.log.appender.buffer.byte-limit = 33554432 (custom)
2019-11-05 08:23:49,104 [b3bb9051-8089-4c51-a999-81579e5913f2@group-0E159EE4F99E-LeaderElection29] INFO  grpc.GrpcConfigKeys$Server (ConfUtils.java:logGet(43)) - raft.grpc.server.leader.outstanding.appends.max = 128 (default)
2019-11-05 08:23:49,104 [77ab65e6-d942-49df-83a3-1d4c0bf152b3@group-0DB8C7688BF9-LeaderElection27] INFO  server.RaftServerConfigKeys (ConfUtils.java:logGet(43)) - raft.server.log.appender.buffer.element-limit = 1 (custom)
2019-11-05 08:23:49,104 [b3bb9051-8089-4c51-a999-81579e5913f2@group-0E159EE4F99E-LeaderElection29] INFO  server.RaftServerConfigKeys (ConfUtils.java:logGet(43)) - raft.server.rpc.request.timeout = 3000ms (default)
2019-11-05 08:23:49,104 [77ab65e6-d942-49df-83a3-1d4c0bf152b3@group-0DB8C7688BF9-LeaderElection27] INFO  grpc.GrpcConfigKeys$Server (ConfUtils.java:logGet(43)) - raft.grpc.server.leader.outstanding.appends.max = 128 (default)
2019-11-05 08:23:49,104 [b3bb9051-8089-4c51-a999-81579e5913f2@group-0E159EE4F99E-LeaderElection29] INFO  server.RaftServerConfigKeys (ConfUtils.java:logGet(43)) - raft.server.log.appender.install.snapshot.enabled = false (custom)
2019-11-05 08:23:49,104 [77ab65e6-d942-49df-83a3-1d4c0bf152b3@group-0DB8C7688BF9-LeaderElection27] INFO  server.RaftServerConfigKeys (ConfUtils.java:logGet(43)) - raft.server.rpc.request.timeout = 3000ms (default)
2019-11-05 08:23:49,105 [77ab65e6-d942-49df-83a3-1d4c0bf152b3@group-0DB8C7688BF9-LeaderElection27] INFO  server.RaftServerConfigKeys (ConfUtils.java:logGet(43)) - raft.server.log.appender.install.snapshot.enabled = false (custom)
2019-11-05 08:23:49,108 [b3bb9051-8089-4c51-a999-81579e5913f2@group-0E159EE4F99E-LeaderElection29] INFO  impl.RoleInfo (RoleInfo.java:updateAndGet(143)) - b3bb9051-8089-4c51-a999-81579e5913f2: start LeaderState
2019-11-05 08:23:49,108 [b3bb9051-8089-4c51-a999-81579e5913f2@group-0E159EE4F99E-LeaderElection29] INFO  segmented.SegmentedRaftLogWorker (SegmentedRaftLogWorker.java:startLogSegment(385)) - b3bb9051-8089-4c51-a999-81579e5913f2@group-0E159EE4F99E-SegmentedRaftLogWorker: Starting segment from index:0
2019-11-05 08:23:49,108 [77ab65e6-d942-49df-83a3-1d4c0bf152b3@group-0DB8C7688BF9-LeaderElection27] INFO  impl.RoleInfo (RoleInfo.java:updateAndGet(143)) - 77ab65e6-d942-49df-83a3-1d4c0bf152b3: start LeaderState
2019-11-05 08:23:49,109 [77ab65e6-d942-49df-83a3-1d4c0bf152b3@group-0DB8C7688BF9-LeaderElection27] INFO  segmented.SegmentedRaftLogWorker (SegmentedRaftLogWorker.java:startLogSegment(385)) - 77ab65e6-d942-49df-83a3-1d4c0bf152b3@group-0DB8C7688BF9-SegmentedRaftLogWorker: Starting segment from index:0
2019-11-05 08:23:49,109 [b3bb9051-8089-4c51-a999-81579e5913f2@group-0E159EE4F99E-LeaderElection29] INFO  impl.RaftServerImpl (ServerState.java:setRaftConf(357)) - b3bb9051-8089-4c51-a999-81579e5913f2@group-0E159EE4F99E: set configuration 0: [caafcba9-090a-41f5-a5f9-cba5a6a81e94:192.168.164.217:37197, a8ae9c07-6d89-4a49-a594-cacd4b776180:192.168.164.217:42719, b3bb9051-8089-4c51-a999-81579e5913f2:192.168.164.217:36516], old=null at 0
2019-11-05 08:23:49,110 [grpc-default-executor-2] INFO  impl.RaftServerImpl (ServerState.java:setLeader(256)) - b3bb9051-8089-4c51-a999-81579e5913f2@group-0E159EE4F99E: change Leader from b3bb9051-8089-4c51-a999-81579e5913f2 to null at term 8 for updateCurrentTerm
2019-11-05 08:23:49,110 [grpc-default-executor-2] INFO  impl.RaftServerImpl (RaftServerImpl.java:setRole(184)) - b3bb9051-8089-4c51-a999-81579e5913f2@group-0E159EE4F99E: changes role from    LEADER to FOLLOWER at term 8 for recognizeCandidate:a8ae9c07-6d89-4a49-a594-cacd4b776180
2019-11-05 08:23:49,110 [grpc-default-executor-2] INFO  impl.RoleInfo (RoleInfo.java:shutdownLeaderState(104)) - b3bb9051-8089-4c51-a999-81579e5913f2: shutdown LeaderState
2019-11-05 08:23:49,110 [77ab65e6-d942-49df-83a3-1d4c0bf152b3@group-0DB8C7688BF9-LeaderElection27] INFO  impl.RaftServerImpl (ServerState.java:setRaftConf(357)) - 77ab65e6-d942-49df-83a3-1d4c0bf152b3@group-0DB8C7688BF9: set configuration 0: [77ab65e6-d942-49df-83a3-1d4c0bf152b3:192.168.164.217:39381, 7e1b84a9-a041-44fd-8008-f2679426984c:192.168.164.217:44149, 4a682f4f-c3f2-4b77-88b7-f0ab78890feb:192.168.164.217:34174], old=null at 0
2019-11-05 08:23:49,151 [grpc-default-executor-2] INFO  impl.PendingRequests (PendingRequests.java:sendNotLeaderResponses(202)) - b3bb9051-8089-4c51-a999-81579e5913f2@group-0E159EE4F99E-PendingRequests: sendNotLeaderResponses
2019-11-05 08:23:49,152 [org.apache.ratis.server.impl.LogAppender$AppenderDaemon$$Lambda$488/1415481503@28b52034] WARN  server.GrpcLogAppender (GrpcLogAppender.java:mayWait(149)) - b3bb9051-8089-4c51-a999-81579e5913f2@group-0E159EE4F99E->a8ae9c07-6d89-4a49-a594-cacd4b776180-GrpcLogAppender: Wait interrupted by java.lang.InterruptedException
2019-11-05 08:23:49,152 [org.apache.ratis.server.impl.LogAppender$AppenderDaemon$$Lambda$488/1415481503@7998722e] WARN  server.GrpcLogAppender (GrpcLogAppender.java:mayWait(149)) - b3bb9051-8089-4c51-a999-81579e5913f2@group-0E159EE4F99E->caafcba9-090a-41f5-a5f9-cba5a6a81e94-GrpcLogAppender: Wait interrupted by java.lang.InterruptedException
2019-11-05 08:23:49,152 [grpc-default-executor-6] INFO  impl.RaftServerImpl (ServerState.java:setLeader(256)) - 77ab65e6-d942-49df-83a3-1d4c0bf152b3@group-0DB8C7688BF9: change Leader from 77ab65e6-d942-49df-83a3-1d4c0bf152b3 to null at term 7 for updateCurrentTerm
2019-11-05 08:23:49,152 [grpc-default-executor-2] INFO  impl.RoleInfo (RoleInfo.java:updateAndGet(143)) - b3bb9051-8089-4c51-a999-81579e5913f2: start FollowerState
2019-11-05 08:23:49,152 [grpc-default-executor-6] INFO  impl.RaftServerImpl (RaftServerImpl.java:setRole(184)) - 77ab65e6-d942-49df-83a3-1d4c0bf152b3@group-0DB8C7688BF9: changes role from    LEADER to FOLLOWER at term 7 for recognizeCandidate:4a682f4f-c3f2-4b77-88b7-f0ab78890feb
2019-11-05 08:23:49,153 [grpc-default-executor-6] INFO  impl.RoleInfo (RoleInfo.java:shutdownLeaderState(104)) - 77ab65e6-d942-49df-83a3-1d4c0bf152b3: shutdown LeaderState
2019-11-05 08:23:49,156 [grpc-default-executor-6] INFO  impl.PendingRequests (PendingRequests.java:sendNotLeaderResponses(202)) - 77ab65e6-d942-49df-83a3-1d4c0bf152b3@group-0DB8C7688BF9-PendingRequests: sendNotLeaderResponses
2019-11-05 08:23:49,157 [org.apache.ratis.server.impl.LogAppender$AppenderDaemon$$Lambda$488/1415481503@25bcd1d7] WARN  server.GrpcLogAppender (GrpcLogAppender.java:mayWait(149)) - 77ab65e6-d942-49df-83a3-1d4c0bf152b3@group-0DB8C7688BF9->7e1b84a9-a041-44fd-8008-f2679426984c-GrpcLogAppender: Wait interrupted by java.lang.InterruptedException
2019-11-05 08:23:49,157 [org.apache.ratis.server.impl.LogAppender$AppenderDaemon$$Lambda$488/1415481503@74cdbf39] WARN  server.GrpcLogAppender (GrpcLogAppender.java:mayWait(149)) - 77ab65e6-d942-49df-83a3-1d4c0bf152b3@group-0DB8C7688BF9->4a682f4f-c3f2-4b77-88b7-f0ab78890feb-GrpcLogAppender: Wait interrupted by java.lang.InterruptedException
2019-11-05 08:23:49,157 [grpc-default-executor-3] INFO  server.GrpcServerProtocolService (GrpcServerProtocolService.java:onCompleted(113)) - caafcba9-090a-41f5-a5f9-cba5a6a81e94: Completed APPEND_ENTRIES, lastRequest: null
2019-11-05 08:23:49,157 [grpc-default-executor-6] INFO  impl.RoleInfo (RoleInfo.java:updateAndGet(143)) - 77ab65e6-d942-49df-83a3-1d4c0bf152b3: start FollowerState
2019-11-05 08:23:49,157 [grpc-default-executor-0] INFO  server.GrpcServerProtocolService (GrpcServerProtocolService.java:onCompleted(113)) - a8ae9c07-6d89-4a49-a594-cacd4b776180: Completed APPEND_ENTRIES, lastRequest: null
2019-11-05 08:23:49,158 [grpc-default-executor-0] INFO  server.GrpcLogAppender (GrpcLogAppender.java:onCompleted(308)) - b3bb9051-8089-4c51-a999-81579e5913f2@group-0E159EE4F99E->caafcba9-090a-41f5-a5f9-cba5a6a81e94-AppendLogResponseHandler: follower responses appendEntries COMPLETED
2019-11-05 08:23:49,160 [a8ae9c07-6d89-4a49-a594-cacd4b776180@group-0E159EE4F99E-LeaderElection31] INFO  impl.LeaderElection (LeaderElection.java:logAndReturn(56)) - a8ae9c07-6d89-4a49-a594-cacd4b776180@group-0E159EE4F99E-LeaderElection31: Election TIMEOUT; received 1 response(s) [a8ae9c07-6d89-4a49-a594-cacd4b776180<-caafcba9-090a-41f5-a5f9-cba5a6a81e94#0:FAIL-t8] and 0 exception(s); a8ae9c07-6d89-4a49-a594-cacd4b776180@group-0E159EE4F99E:t8, leader=null, voted=a8ae9c07-6d89-4a49-a594-cacd4b776180, raftlog=a8ae9c07-6d89-4a49-a594-cacd4b776180@group-0E159EE4F99E-SegmentedRaftLog:OPENED:c-1,f-1,i0, conf=-1: [caafcba9-090a-41f5-a5f9-cba5a6a81e94:192.168.164.217:37197, a8ae9c07-6d89-4a49-a594-cacd4b776180:192.168.164.217:42719, b3bb9051-8089-4c51-a999-81579e5913f2:192.168.164.217:36516], old=null
2019-11-05 08:23:49,160 [grpc-default-executor-3] INFO  server.GrpcServerProtocolService (GrpcServerProtocolService.java:onCompleted(113)) - 7e1b84a9-a041-44fd-8008-f2679426984c: Completed APPEND_ENTRIES, lastRequest: 77ab65e6-d942-49df-83a3-1d4c0bf152b3->7e1b84a9-a041-44fd-8008-f2679426984c#0-t5, previous=(t:0, i:0), leaderCommit=-1, initializing? false, entries: <empty>
2019-11-05 08:23:49,161 [grpc-default-executor-3] INFO  server.GrpcLogAppender (GrpcLogAppender.java:onCompleted(308)) - b3bb9051-8089-4c51-a999-81579e5913f2@group-0E159EE4F99E->a8ae9c07-6d89-4a49-a594-cacd4b776180-AppendLogResponseHandler: follower responses appendEntries COMPLETED
2019-11-05 08:23:49,161 [grpc-default-executor-1] INFO  server.GrpcServerProtocolService (GrpcServerProtocolService.java:onCompleted(113)) - 4a682f4f-c3f2-4b77-88b7-f0ab78890feb: Completed APPEND_ENTRIES, lastRequest: 77ab65e6-d942-49df-83a3-1d4c0bf152b3->4a682f4f-c3f2-4b77-88b7-f0ab78890feb#0-t5, previous=(t:0, i:0), leaderCommit=-1, initializing? false, entries: <empty>
2019-11-05 08:23:49,161 [grpc-default-executor-0] INFO  impl.FollowerInfo (FollowerInfo.java:lambda$new$0(51)) - b3bb9051-8089-4c51-a999-81579e5913f2@group-0E159EE4F99E->caafcba9-090a-41f5-a5f9-cba5a6a81e94: nextIndex: updateUnconditionally 0 -> 0
2019-11-05 08:23:49,164 [grpc-default-executor-3] INFO  impl.FollowerInfo (FollowerInfo.java:lambda$new$0(51)) - b3bb9051-8089-4c51-a999-81579e5913f2@group-0E159EE4F99E->a8ae9c07-6d89-4a49-a594-cacd4b776180: nextIndex: updateUnconditionally 0 -> 0
2019-11-05 08:23:49,165 [a8ae9c07-6d89-4a49-a594-cacd4b776180@group-0E159EE4F99E-LeaderElection31] INFO  impl.LeaderElection (LeaderElection.java:askForVotes(178)) - a8ae9c07-6d89-4a49-a594-cacd4b776180@group-0E159EE4F99E-LeaderElection31: begin an election at term 9 for -1: [caafcba9-090a-41f5-a5f9-cba5a6a81e94:192.168.164.217:37197, a8ae9c07-6d89-4a49-a594-cacd4b776180:192.168.164.217:42719, b3bb9051-8089-4c51-a999-81579e5913f2:192.168.164.217:36516], old=null
2019-11-05 08:23:49,164 [77ab65e6-d942-49df-83a3-1d4c0bf152b3@group-0DB8C7688BF9-SegmentedRaftLogWorker] INFO  segmented.SegmentedRaftLogWorker (SegmentedRaftLogWorker.java:execute(576)) - 77ab65e6-d942-49df-83a3-1d4c0bf152b3@group-0DB8C7688BF9-SegmentedRaftLogWorker: created new log segment /workdir/hadoop-ozone/integration-test/target/test-dir/MiniOzoneClusterImpl-0ddfd79e-5774-4abb-9b8b-55ac0c17dbc1/datanode-0/data/ratis/2f5caf52-f09c-400b-8f0f-0db8c7688bf9/current/log_inprogress_0
2019-11-05 08:23:49,164 [b3bb9051-8089-4c51-a999-81579e5913f2@group-0E159EE4F99E-SegmentedRaftLogWorker] INFO  segmented.SegmentedRaftLogWorker (SegmentedRaftLogWorker.java:execute(576)) - b3bb9051-8089-4c51-a999-81579e5913f2@group-0E159EE4F99E-SegmentedRaftLogWorker: created new log segment /workdir/hadoop-ozone/integration-test/target/test-dir/MiniOzoneClusterImpl-0ddfd79e-5774-4abb-9b8b-55ac0c17dbc1/datanode-4/data/ratis/653fd967-f43e-4de4-9174-0e159ee4f99e/current/log_inprogress_0
2019-11-05 08:23:49,165 [grpc-default-executor-0] INFO  server.GrpcLogAppender (GrpcLogAppender.java:onCompleted(308)) - 77ab65e6-d942-49df-83a3-1d4c0bf152b3@group-0DB8C7688BF9->4a682f4f-c3f2-4b77-88b7-f0ab78890feb-AppendLogResponseHandler: follower responses appendEntries COMPLETED
2019-11-05 08:23:49,165 [grpc-default-executor-1] INFO  server.GrpcLogAppender (GrpcLogAppender.java:onCompleted(308)) - 77ab65e6-d942-49df-83a3-1d4c0bf152b3@group-0DB8C7688BF9->7e1b84a9-a041-44fd-8008-f2679426984c-AppendLogResponseHandler: follower responses appendEntries COMPLETED
2019-11-05 08:23:49,167 [grpc-default-executor-0] INFO  impl.FollowerInfo (FollowerInfo.java:lambda$new$0(51)) - 77ab65e6-d942-49df-83a3-1d4c0bf152b3@group-0DB8C7688BF9->4a682f4f-c3f2-4b77-88b7-f0ab78890feb: nextIndex: updateUnconditionally 0 -> 0
2019-11-05 08:23:49,170 [grpc-default-executor-0] INFO  impl.RaftServerImpl (RaftServerImpl.java:setRole(184)) - caafcba9-090a-41f5-a5f9-cba5a6a81e94@group-0E159EE4F99E: changes role from  FOLLOWER to FOLLOWER at term 9 for recognizeCandidate:a8ae9c07-6d89-4a49-a594-cacd4b776180
2019-11-05 08:23:49,170 [grpc-default-executor-0] INFO  impl.RoleInfo (RoleInfo.java:shutdownFollowerState(121)) - caafcba9-090a-41f5-a5f9-cba5a6a81e94: shutdown FollowerState
2019-11-05 08:23:49,170 [grpc-default-executor-0] INFO  impl.RoleInfo (RoleInfo.java:updateAndGet(143)) - caafcba9-090a-41f5-a5f9-cba5a6a81e94: start FollowerState
2019-11-05 08:23:49,170 [Thread-505] INFO  impl.FollowerState (FollowerState.java:run(117)) - caafcba9-090a-41f5-a5f9-cba5a6a81e94@group-0E159EE4F99E-FollowerState was interrupted: java.lang.InterruptedException: sleep interrupted
2019-11-05 08:23:49,171 [grpc-default-executor-1] INFO  impl.FollowerInfo (FollowerInfo.java:lambda$new$0(51)) - 77ab65e6-d942-49df-83a3-1d4c0bf152b3@group-0DB8C7688BF9->7e1b84a9-a041-44fd-8008-f2679426984c: nextIndex: updateUnconditionally 0 -> 0
2019-11-05 08:23:49,171 [4a682f4f-c3f2-4b77-88b7-f0ab78890feb@group-0DB8C7688BF9-LeaderElection30] INFO  impl.LeaderElection (LeaderElection.java:logAndReturn(56)) - 4a682f4f-c3f2-4b77-88b7-f0ab78890feb@group-0DB8C7688BF9-LeaderElection30: Election REJECTED; received 2 response(s) [4a682f4f-c3f2-4b77-88b7-f0ab78890feb<-77ab65e6-d942-49df-83a3-1d4c0bf152b3#0:FAIL-t7, 4a682f4f-c3f2-4b77-88b7-f0ab78890feb<-7e1b84a9-a041-44fd-8008-f2679426984c#0:FAIL-t7] and 0 exception(s); 4a682f4f-c3f2-4b77-88b7-f0ab78890feb@group-0DB8C7688BF9:t7, leader=null, voted=4a682f4f-c3f2-4b77-88b7-f0ab78890feb, raftlog=4a682f4f-c3f2-4b77-88b7-f0ab78890feb@group-0DB8C7688BF9-SegmentedRaftLog:OPENED:c-1,f-1,i0, conf=-1: [77ab65e6-d942-49df-83a3-1d4c0bf152b3:192.168.164.217:39381, 7e1b84a9-a041-44fd-8008-f2679426984c:192.168.164.217:44149, 4a682f4f-c3f2-4b77-88b7-f0ab78890feb:192.168.164.217:34174], old=null
2019-11-05 08:23:49,172 [4a682f4f-c3f2-4b77-88b7-f0ab78890feb@group-0DB8C7688BF9-LeaderElection30] INFO  impl.RaftServerImpl (RaftServerImpl.java:setRole(184)) - 4a682f4f-c3f2-4b77-88b7-f0ab78890feb@group-0DB8C7688BF9: changes role from CANDIDATE to FOLLOWER at term 7 for DISCOVERED_A_NEW_TERM
2019-11-05 08:23:49,172 [4a682f4f-c3f2-4b77-88b7-f0ab78890feb@group-0DB8C7688BF9-LeaderElection30] INFO  impl.RoleInfo (RoleInfo.java:shutdownLeaderElection(134)) - 4a682f4f-c3f2-4b77-88b7-f0ab78890feb: shutdown LeaderElection
2019-11-05 08:23:49,172 [4a682f4f-c3f2-4b77-88b7-f0ab78890feb@group-0DB8C7688BF9-LeaderElection30] INFO  impl.RoleInfo (RoleInfo.java:updateAndGet(143)) - 4a682f4f-c3f2-4b77-88b7-f0ab78890feb: start FollowerState
2019-11-05 08:23:49,173 [grpc-default-executor-1] INFO  impl.RaftServerImpl (RaftServerImpl.java:setRole(184)) - b3bb9051-8089-4c51-a999-81579e5913f2@group-0E159EE4F99E: changes role from  FOLLOWER to FOLLOWER at term 9 for recognizeCandidate:a8ae9c07-6d89-4a49-a594-cacd4b776180
2019-11-05 08:23:49,174 [grpc-default-executor-1] INFO  impl.RoleInfo (RoleInfo.java:shutdownFollowerState(121)) - b3bb9051-8089-4c51-a999-81579e5913f2: shutdown FollowerState
2019-11-05 08:23:49,174 [Thread-513] INFO  impl.FollowerState (FollowerState.java:run(117)) - b3bb9051-8089-4c51-a999-81579e5913f2@group-0E159EE4F99E-FollowerState was interrupted: java.lang.InterruptedException: sleep interrupted
2019-11-05 08:23:49,175 [grpc-default-executor-1] INFO  impl.RoleInfo (RoleInfo.java:updateAndGet(143)) - b3bb9051-8089-4c51-a999-81579e5913f2: start FollowerState
2019-11-05 08:23:49,181 [a8ae9c07-6d89-4a49-a594-cacd4b776180@group-0E159EE4F99E-LeaderElection31] INFO  impl.LeaderElection (LeaderElection.java:logAndReturn(56)) - a8ae9c07-6d89-4a49-a594-cacd4b776180@group-0E159EE4F99E-LeaderElection31: Election REJECTED; received 2 response(s) [a8ae9c07-6d89-4a49-a594-cacd4b776180<-caafcba9-090a-41f5-a5f9-cba5a6a81e94#0:FAIL-t9, a8ae9c07-6d89-4a49-a594-cacd4b776180<-b3bb9051-8089-4c51-a999-81579e5913f2#0:FAIL-t9] and 0 exception(s); a8ae9c07-6d89-4a49-a594-cacd4b776180@group-0E159EE4F99E:t9, leader=null, voted=a8ae9c07-6d89-4a49-a594-cacd4b776180, raftlog=a8ae9c07-6d89-4a49-a594-cacd4b776180@group-0E159EE4F99E-SegmentedRaftLog:OPENED:c-1,f-1,i0, conf=-1: [caafcba9-090a-41f5-a5f9-cba5a6a81e94:192.168.164.217:37197, a8ae9c07-6d89-4a49-a594-cacd4b776180:192.168.164.217:42719, b3bb9051-8089-4c51-a999-81579e5913f2:192.168.164.217:36516], old=null
2019-11-05 08:23:49,181 [a8ae9c07-6d89-4a49-a594-cacd4b776180@group-0E159EE4F99E-LeaderElection31] INFO  impl.RaftServerImpl (RaftServerImpl.java:setRole(184)) - a8ae9c07-6d89-4a49-a594-cacd4b776180@group-0E159EE4F99E: changes role from CANDIDATE to FOLLOWER at term 9 for DISCOVERED_A_NEW_TERM
2019-11-05 08:23:49,182 [a8ae9c07-6d89-4a49-a594-cacd4b776180@group-0E159EE4F99E-LeaderElection31] INFO  impl.RoleInfo (RoleInfo.java:shutdownLeaderElection(134)) - a8ae9c07-6d89-4a49-a594-cacd4b776180: shutdown LeaderElection
2019-11-05 08:23:49,182 [a8ae9c07-6d89-4a49-a594-cacd4b776180@group-0E159EE4F99E-LeaderElection31] INFO  impl.RoleInfo (RoleInfo.java:updateAndGet(143)) - a8ae9c07-6d89-4a49-a594-cacd4b776180: start FollowerState
2019-11-05 08:23:49,184 [IPC Server handler 0 on 46608] INFO  server.SCMBlockProtocolServer (SCMBlockProtocolServer.java:allocateBlock(179)) - Allocating 6 blocks of size 4194304, with ExcludeList {datanodes = [], containerIds = [], pipelineIds = []}
2019-11-05 08:23:49,228 [Thread-520] INFO  impl.FollowerState (FollowerState.java:run(108)) - 4a682f4f-c3f2-4b77-88b7-f0ab78890feb@group-0DB8C7688BF9-FollowerState: change to CANDIDATE, lastRpcTime:55ms, electionTimeout:55ms
2019-11-05 08:23:49,228 [Thread-520] INFO  impl.RoleInfo (RoleInfo.java:shutdownFollowerState(121)) - 4a682f4f-c3f2-4b77-88b7-f0ab78890feb: shutdown FollowerState
2019-11-05 08:23:49,228 [Thread-520] INFO  impl.RaftServerImpl (RaftServerImpl.java:setRole(184)) - 4a682f4f-c3f2-4b77-88b7-f0ab78890feb@group-0DB8C7688BF9: changes role from  FOLLOWER to CANDIDATE at term 7 for changeToCandidate
2019-11-05 08:23:49,228 [Thread-520] INFO  impl.RoleInfo (RoleInfo.java:updateAndGet(143)) - 4a682f4f-c3f2-4b77-88b7-f0ab78890feb: start LeaderElection
2019-11-05 08:23:49,241 [4a682f4f-c3f2-4b77-88b7-f0ab78890feb@group-0DB8C7688BF9-LeaderElection32] INFO  impl.LeaderElection (LeaderElection.java:askForVotes(178)) - 4a682f4f-c3f2-4b77-88b7-f0ab78890feb@group-0DB8C7688BF9-LeaderElection32: begin an election at term 8 for -1: [77ab65e6-d942-49df-83a3-1d4c0bf152b3:192.168.164.217:39381, 7e1b84a9-a041-44fd-8008-f2679426984c:192.168.164.217:44149, 4a682f4f-c3f2-4b77-88b7-f0ab78890feb:192.168.164.217:34174], old=null
2019-11-05 08:23:49,245 [grpc-default-executor-0] INFO  impl.RaftServerImpl (RaftServerImpl.java:setRole(184)) - 77ab65e6-d942-49df-83a3-1d4c0bf152b3@group-0DB8C7688BF9: changes role from  FOLLOWER to FOLLOWER at term 8 for recognizeCandidate:4a682f4f-c3f2-4b77-88b7-f0ab78890feb
2019-11-05 08:23:49,245 [grpc-default-executor-1] INFO  impl.RaftServerImpl (RaftServerImpl.java:setRole(184)) - 7e1b84a9-a041-44fd-8008-f2679426984c@group-0DB8C7688BF9: changes role from  FOLLOWER to FOLLOWER at term 8 for recognizeCandidate:4a682f4f-c3f2-4b77-88b7-f0ab78890feb
2019-11-05 08:23:49,246 [grpc-default-executor-0] INFO  impl.RoleInfo (RoleInfo.java:shutdownFollowerState(121)) - 77ab65e6-d942-49df-83a3-1d4c0bf152b3: shutdown FollowerState
2019-11-05 08:23:49,246 [grpc-default-executor-1] INFO  impl.RoleInfo (RoleInfo.java:shutdownFollowerState(121)) - 7e1b84a9-a041-44fd-8008-f2679426984c: shutdown FollowerState
2019-11-05 08:23:49,246 [grpc-default-executor-0] INFO  impl.RoleInfo (RoleInfo.java:updateAndGet(143)) - 77ab65e6-d942-49df-83a3-1d4c0bf152b3: start FollowerState
2019-11-05 08:23:49,246 [grpc-default-executor-1] INFO  impl.RoleInfo (RoleInfo.java:updateAndGet(143)) - 7e1b84a9-a041-44fd-8008-f2679426984c: start FollowerState
2019-11-05 08:23:49,246 [Thread-516] INFO  impl.FollowerState (FollowerState.java:run(117)) - 77ab65e6-d942-49df-83a3-1d4c0bf152b3@group-0DB8C7688BF9-FollowerState was interrupted: java.lang.InterruptedException: sleep interrupted
2019-11-05 08:23:49,246 [Thread-508] INFO  impl.FollowerState (FollowerState.java:run(117)) - 7e1b84a9-a041-44fd-8008-f2679426984c@group-0DB8C7688BF9-FollowerState was interrupted: java.lang.InterruptedException: sleep interrupted
2019-11-05 08:23:49,261 [4a682f4f-c3f2-4b77-88b7-f0ab78890feb@group-0DB8C7688BF9-LeaderElection32] INFO  impl.LeaderElection (LeaderElection.java:logAndReturn(56)) - 4a682f4f-c3f2-4b77-88b7-f0ab78890feb@group-0DB8C7688BF9-LeaderElection32: Election REJECTED; received 2 response(s) [4a682f4f-c3f2-4b77-88b7-f0ab78890feb<-77ab65e6-d942-49df-83a3-1d4c0bf152b3#0:FAIL-t8, 4a682f4f-c3f2-4b77-88b7-f0ab78890feb<-7e1b84a9-a041-44fd-8008-f2679426984c#0:FAIL-t8] and 0 exception(s); 4a682f4f-c3f2-4b77-88b7-f0ab78890feb@group-0DB8C7688BF9:t8, leader=null, voted=4a682f4f-c3f2-4b77-88b7-f0ab78890feb, raftlog=4a682f4f-c3f2-4b77-88b7-f0ab78890feb@group-0DB8C7688BF9-SegmentedRaftLog:OPENED:c-1,f-1,i0, conf=-1: [77ab65e6-d942-49df-83a3-1d4c0bf152b3:192.168.164.217:39381, 7e1b84a9-a041-44fd-8008-f2679426984c:192.168.164.217:44149, 4a682f4f-c3f2-4b77-88b7-f0ab78890feb:192.168.164.217:34174], old=null
2019-11-05 08:23:49,261 [4a682f4f-c3f2-4b77-88b7-f0ab78890feb@group-0DB8C7688BF9-LeaderElection32] INFO  impl.RaftServerImpl (RaftServerImpl.java:setRole(184)) - 4a682f4f-c3f2-4b77-88b7-f0ab78890feb@group-0DB8C7688BF9: changes role from CANDIDATE to FOLLOWER at term 8 for DISCOVERED_A_NEW_TERM
2019-11-05 08:23:49,261 [4a682f4f-c3f2-4b77-88b7-f0ab78890feb@group-0DB8C7688BF9-LeaderElection32] INFO  impl.RoleInfo (RoleInfo.java:shutdownLeaderElection(134)) - 4a682f4f-c3f2-4b77-88b7-f0ab78890feb: shutdown LeaderElection
2019-11-05 08:23:49,261 [4a682f4f-c3f2-4b77-88b7-f0ab78890feb@group-0DB8C7688BF9-LeaderElection32] INFO  impl.RoleInfo (RoleInfo.java:updateAndGet(143)) - 4a682f4f-c3f2-4b77-88b7-f0ab78890feb: start FollowerState
2019-11-05 08:23:49,358 [Thread-522] INFO  impl.FollowerState (FollowerState.java:run(108)) - a8ae9c07-6d89-4a49-a594-cacd4b776180@group-0E159EE4F99E-FollowerState: change to CANDIDATE, lastRpcTime:176ms, electionTimeout:176ms
2019-11-05 08:23:49,362 [Thread-522] INFO  impl.RoleInfo (RoleInfo.java:shutdownFollowerState(121)) - a8ae9c07-6d89-4a49-a594-cacd4b776180: shutdown FollowerState
2019-11-05 08:23:49,362 [Thread-522] INFO  impl.RaftServerImpl (RaftServerImpl.java:setRole(184)) - a8ae9c07-6d89-4a49-a594-cacd4b776180@group-0E159EE4F99E: changes role from  FOLLOWER to CANDIDATE at term 9 for changeToCandidate
2019-11-05 08:23:49,362 [Thread-522] INFO  impl.RoleInfo (RoleInfo.java:updateAndGet(143)) - a8ae9c07-6d89-4a49-a594-cacd4b776180: start LeaderElection
2019-11-05 08:23:49,377 [a8ae9c07-6d89-4a49-a594-cacd4b776180@group-0E159EE4F99E-LeaderElection33] INFO  impl.LeaderElection (LeaderElection.java:askForVotes(178)) - a8ae9c07-6d89-4a49-a594-cacd4b776180@group-0E159EE4F99E-LeaderElection33: begin an election at term 10 for -1: [caafcba9-090a-41f5-a5f9-cba5a6a81e94:192.168.164.217:37197, a8ae9c07-6d89-4a49-a594-cacd4b776180:192.168.164.217:42719, b3bb9051-8089-4c51-a999-81579e5913f2:192.168.164.217:36516], old=null
2019-11-05 08:23:49,378 [Thread-528] INFO  impl.FollowerState (FollowerState.java:run(108)) - 4a682f4f-c3f2-4b77-88b7-f0ab78890feb@group-0DB8C7688BF9-FollowerState: change to CANDIDATE, lastRpcTime:116ms, electionTimeout:116ms
2019-11-05 08:23:49,378 [Thread-528] INFO  impl.RoleInfo (RoleInfo.java:shutdownFollowerState(121)) - 4a682f4f-c3f2-4b77-88b7-f0ab78890feb: shutdown FollowerState
2019-11-05 08:23:49,378 [Thread-528] INFO  impl.RaftServerImpl (RaftServerImpl.java:setRole(184)) - 4a682f4f-c3f2-4b77-88b7-f0ab78890feb@group-0DB8C7688BF9: changes role from  FOLLOWER to CANDIDATE at term 8 for changeToCandidate
2019-11-05 08:23:49,378 [Thread-528] INFO  impl.RoleInfo (RoleInfo.java:updateAndGet(143)) - 4a682f4f-c3f2-4b77-88b7-f0ab78890feb: start LeaderElection
2019-11-05 08:23:49,379 [main] INFO  impl.MetricsSystemImpl (MetricsSystemImpl.java:init(158)) - XceiverClientMetrics metrics system started (again)
2019-11-05 08:23:49,381 [grpc-default-executor-0] INFO  impl.RaftServerImpl (RaftServerImpl.java:setRole(184)) - b3bb9051-8089-4c51-a999-81579e5913f2@group-0E159EE4F99E: changes role from  FOLLOWER to FOLLOWER at term 10 for recognizeCandidate:a8ae9c07-6d89-4a49-a594-cacd4b776180
2019-11-05 08:23:49,381 [grpc-default-executor-0] INFO  impl.RoleInfo (RoleInfo.java:shutdownFollowerState(121)) - b3bb9051-8089-4c51-a999-81579e5913f2: shutdown FollowerState
2019-11-05 08:23:49,381 [grpc-default-executor-1] INFO  impl.RaftServerImpl (RaftServerImpl.java:setRole(184)) - caafcba9-090a-41f5-a5f9-cba5a6a81e94@group-0E159EE4F99E: changes role from  FOLLOWER to FOLLOWER at term 10 for recognizeCandidate:a8ae9c07-6d89-4a49-a594-cacd4b776180
2019-11-05 08:23:49,381 [Thread-521] INFO  impl.FollowerState (FollowerState.java:run(117)) - b3bb9051-8089-4c51-a999-81579e5913f2@group-0E159EE4F99E-FollowerState was interrupted: java.lang.InterruptedException: sleep interrupted
2019-11-05 08:23:49,381 [grpc-default-executor-0] INFO  impl.RoleInfo (RoleInfo.java:updateAndGet(143)) - b3bb9051-8089-4c51-a999-81579e5913f2: start FollowerState
2019-11-05 08:23:49,381 [grpc-default-executor-1] INFO  impl.RoleInfo (RoleInfo.java:shutdownFollowerState(121)) - caafcba9-090a-41f5-a5f9-cba5a6a81e94: shutdown FollowerState
2019-11-05 08:23:49,384 [Thread-519] INFO  impl.FollowerState (FollowerState.java:run(117)) - caafcba9-090a-41f5-a5f9-cba5a6a81e94@group-0E159EE4F99E-FollowerState was interrupted: java.lang.InterruptedException: sleep interrupted
2019-11-05 08:23:49,385 [grpc-default-executor-1] INFO  impl.RoleInfo (RoleInfo.java:updateAndGet(143)) - caafcba9-090a-41f5-a5f9-cba5a6a81e94: start FollowerState
2019-11-05 08:23:49,392 [4a682f4f-c3f2-4b77-88b7-f0ab78890feb@group-0DB8C7688BF9-LeaderElection34] INFO  impl.LeaderElection (LeaderElection.java:askForVotes(178)) - 4a682f4f-c3f2-4b77-88b7-f0ab78890feb@group-0DB8C7688BF9-LeaderElection34: begin an election at term 9 for -1: [77ab65e6-d942-49df-83a3-1d4c0bf152b3:192.168.164.217:39381, 7e1b84a9-a041-44fd-8008-f2679426984c:192.168.164.217:44149, 4a682f4f-c3f2-4b77-88b7-f0ab78890feb:192.168.164.217:34174], old=null
2019-11-05 08:23:49,394 [a8ae9c07-6d89-4a49-a594-cacd4b776180@group-0E159EE4F99E-LeaderElection33] INFO  impl.LeaderElection (LeaderElection.java:logAndReturn(56)) - a8ae9c07-6d89-4a49-a594-cacd4b776180@group-0E159EE4F99E-LeaderElection33: Election REJECTED; received 2 response(s) [a8ae9c07-6d89-4a49-a594-cacd4b776180<-caafcba9-090a-41f5-a5f9-cba5a6a81e94#0:FAIL-t10, a8ae9c07-6d89-4a49-a594-cacd4b776180<-b3bb9051-8089-4c51-a999-81579e5913f2#0:FAIL-t10] and 0 exception(s); a8ae9c07-6d89-4a49-a594-cacd4b776180@group-0E159EE4F99E:t10, leader=null, voted=a8ae9c07-6d89-4a49-a594-cacd4b776180, raftlog=a8ae9c07-6d89-4a49-a594-cacd4b776180@group-0E159EE4F99E-SegmentedRaftLog:OPENED:c-1,f-1,i0, conf=-1: [caafcba9-090a-41f5-a5f9-cba5a6a81e94:192.168.164.217:37197, a8ae9c07-6d89-4a49-a594-cacd4b776180:192.168.164.217:42719, b3bb9051-8089-4c51-a999-81579e5913f2:192.168.164.217:36516], old=null
2019-11-05 08:23:49,394 [a8ae9c07-6d89-4a49-a594-cacd4b776180@group-0E159EE4F99E-LeaderElection33] INFO  impl.RaftServerImpl (RaftServerImpl.java:setRole(184)) - a8ae9c07-6d89-4a49-a594-cacd4b776180@group-0E159EE4F99E: changes role from CANDIDATE to FOLLOWER at term 10 for DISCOVERED_A_NEW_TERM
2019-11-05 08:23:49,394 [a8ae9c07-6d89-4a49-a594-cacd4b776180@group-0E159EE4F99E-LeaderElection33] INFO  impl.RoleInfo (RoleInfo.java:shutdownLeaderElection(134)) - a8ae9c07-6d89-4a49-a594-cacd4b776180: shutdown LeaderElection
2019-11-05 08:23:49,394 [a8ae9c07-6d89-4a49-a594-cacd4b776180@group-0E159EE4F99E-LeaderElection33] INFO  impl.RoleInfo (RoleInfo.java:updateAndGet(143)) - a8ae9c07-6d89-4a49-a594-cacd4b776180: start FollowerState
2019-11-05 08:23:49,395 [grpc-default-executor-0] INFO  impl.RaftServerImpl (RaftServerImpl.java:setRole(184)) - 77ab65e6-d942-49df-83a3-1d4c0bf152b3@group-0DB8C7688BF9: changes role from  FOLLOWER to FOLLOWER at term 9 for recognizeCandidate:4a682f4f-c3f2-4b77-88b7-f0ab78890feb
2019-11-05 08:23:49,397 [grpc-default-executor-0] INFO  impl.RoleInfo (RoleInfo.java:shutdownFollowerState(121)) - 77ab65e6-d942-49df-83a3-1d4c0bf152b3: shutdown FollowerState
2019-11-05 08:23:49,397 [grpc-default-executor-1] INFO  impl.RaftServerImpl (RaftServerImpl.java:setRole(184)) - 7e1b84a9-a041-44fd-8008-f2679426984c@group-0DB8C7688BF9: changes role from  FOLLOWER to FOLLOWER at term 9 for recognizeCandidate:4a682f4f-c3f2-4b77-88b7-f0ab78890feb
2019-11-05 08:23:49,397 [grpc-default-executor-0] INFO  impl.RoleInfo (RoleInfo.java:updateAndGet(143)) - 77ab65e6-d942-49df-83a3-1d4c0bf152b3: start FollowerState
2019-11-05 08:23:49,397 [Thread-526] INFO  impl.FollowerState (FollowerState.java:run(117)) - 77ab65e6-d942-49df-83a3-1d4c0bf152b3@group-0DB8C7688BF9-FollowerState was interrupted: java.lang.InterruptedException: sleep interrupted
2019-11-05 08:23:49,398 [grpc-default-executor-1] INFO  impl.RoleInfo (RoleInfo.java:shutdownFollowerState(121)) - 7e1b84a9-a041-44fd-8008-f2679426984c: shutdown FollowerState
2019-11-05 08:23:49,398 [grpc-default-executor-1] INFO  impl.RoleInfo (RoleInfo.java:updateAndGet(143)) - 7e1b84a9-a041-44fd-8008-f2679426984c: start FollowerState
2019-11-05 08:23:49,398 [Thread-527] INFO  impl.FollowerState (FollowerState.java:run(117)) - 7e1b84a9-a041-44fd-8008-f2679426984c@group-0DB8C7688BF9-FollowerState was interrupted: java.lang.InterruptedException: sleep interrupted
2019-11-05 08:23:49,413 [4a682f4f-c3f2-4b77-88b7-f0ab78890feb@group-0DB8C7688BF9-LeaderElection34] INFO  impl.LeaderElection (LeaderElection.java:logAndReturn(56)) - 4a682f4f-c3f2-4b77-88b7-f0ab78890feb@group-0DB8C7688BF9-LeaderElection34: Election REJECTED; received 2 response(s) [4a682f4f-c3f2-4b77-88b7-f0ab78890feb<-77ab65e6-d942-49df-83a3-1d4c0bf152b3#0:FAIL-t9, 4a682f4f-c3f2-4b77-88b7-f0ab78890feb<-7e1b84a9-a041-44fd-8008-f2679426984c#0:FAIL-t9] and 0 exception(s); 4a682f4f-c3f2-4b77-88b7-f0ab78890feb@group-0DB8C7688BF9:t9, leader=null, voted=4a682f4f-c3f2-4b77-88b7-f0ab78890feb, raftlog=4a682f4f-c3f2-4b77-88b7-f0ab78890feb@group-0DB8C7688BF9-SegmentedRaftLog:OPENED:c-1,f-1,i0, conf=-1: [77ab65e6-d942-49df-83a3-1d4c0bf152b3:192.168.164.217:39381, 7e1b84a9-a041-44fd-8008-f2679426984c:192.168.164.217:44149, 4a682f4f-c3f2-4b77-88b7-f0ab78890feb:192.168.164.217:34174], old=null
2019-11-05 08:23:49,413 [4a682f4f-c3f2-4b77-88b7-f0ab78890feb@group-0DB8C7688BF9-LeaderElection34] INFO  impl.RaftServerImpl (RaftServerImpl.java:setRole(184)) - 4a682f4f-c3f2-4b77-88b7-f0ab78890feb@group-0DB8C7688BF9: changes role from CANDIDATE to FOLLOWER at term 9 for DISCOVERED_A_NEW_TERM
2019-11-05 08:23:49,413 [4a682f4f-c3f2-4b77-88b7-f0ab78890feb@group-0DB8C7688BF9-LeaderElection34] INFO  impl.RoleInfo (RoleInfo.java:shutdownLeaderElection(134)) - 4a682f4f-c3f2-4b77-88b7-f0ab78890feb: shutdown LeaderElection
2019-11-05 08:23:49,413 [4a682f4f-c3f2-4b77-88b7-f0ab78890feb@group-0DB8C7688BF9-LeaderElection34] INFO  impl.RoleInfo (RoleInfo.java:updateAndGet(143)) - 4a682f4f-c3f2-4b77-88b7-f0ab78890feb: start FollowerState
2019-11-05 08:23:49,509 [Thread-537] INFO  impl.FollowerState (FollowerState.java:run(108)) - a8ae9c07-6d89-4a49-a594-cacd4b776180@group-0E159EE4F99E-FollowerState: change to CANDIDATE, lastRpcTime:115ms, electionTimeout:114ms
2019-11-05 08:23:49,511 [Thread-537] INFO  impl.RoleInfo (RoleInfo.java:shutdownFollowerState(121)) - a8ae9c07-6d89-4a49-a594-cacd4b776180: shutdown FollowerState
2019-11-05 08:23:49,511 [Thread-537] INFO  impl.RaftServerImpl (RaftServerImpl.java:setRole(184)) - a8ae9c07-6d89-4a49-a594-cacd4b776180@group-0E159EE4F99E: changes role from  FOLLOWER to CANDIDATE at term 10 for changeToCandidate
2019-11-05 08:23:49,511 [Thread-537] INFO  impl.RoleInfo (RoleInfo.java:updateAndGet(143)) - a8ae9c07-6d89-4a49-a594-cacd4b776180: start LeaderElection
2019-11-05 08:23:49,528 [a8ae9c07-6d89-4a49-a594-cacd4b776180@group-0E159EE4F99E-LeaderElection35] INFO  impl.LeaderElection (LeaderElection.java:askForVotes(178)) - a8ae9c07-6d89-4a49-a594-cacd4b776180@group-0E159EE4F99E-LeaderElection35: begin an election at term 11 for -1: [caafcba9-090a-41f5-a5f9-cba5a6a81e94:192.168.164.217:37197, a8ae9c07-6d89-4a49-a594-cacd4b776180:192.168.164.217:42719, b3bb9051-8089-4c51-a999-81579e5913f2:192.168.164.217:36516], old=null
2019-11-05 08:23:49,531 [grpc-default-executor-0] INFO  impl.RaftServerImpl (RaftServerImpl.java:setRole(184)) - caafcba9-090a-41f5-a5f9-cba5a6a81e94@group-0E159EE4F99E: changes role from  FOLLOWER to FOLLOWER at term 11 for recognizeCandidate:a8ae9c07-6d89-4a49-a594-cacd4b776180
2019-11-05 08:23:49,532 [grpc-default-executor-1] INFO  impl.RaftServerImpl (RaftServerImpl.java:setRole(184)) - b3bb9051-8089-4c51-a999-81579e5913f2@group-0E159EE4F99E: changes role from  FOLLOWER to FOLLOWER at term 11 for recognizeCandidate:a8ae9c07-6d89-4a49-a594-cacd4b776180
2019-11-05 08:23:49,532 [grpc-default-executor-0] INFO  impl.RoleInfo (RoleInfo.java:shutdownFollowerState(121)) - caafcba9-090a-41f5-a5f9-cba5a6a81e94: shutdown FollowerState
2019-11-05 08:23:49,532 [grpc-default-executor-1] INFO  impl.RoleInfo (RoleInfo.java:shutdownFollowerState(121)) - b3bb9051-8089-4c51-a999-81579e5913f2: shutdown FollowerState
2019-11-05 08:23:49,532 [grpc-default-executor-0] INFO  impl.RoleInfo (RoleInfo.java:updateAndGet(143)) - caafcba9-090a-41f5-a5f9-cba5a6a81e94: start FollowerState
2019-11-05 08:23:49,532 [Thread-534] INFO  impl.FollowerState (FollowerState.java:run(117)) - caafcba9-090a-41f5-a5f9-cba5a6a81e94@group-0E159EE4F99E-FollowerState was interrupted: java.lang.InterruptedException: sleep interrupted
2019-11-05 08:23:49,532 [grpc-default-executor-1] INFO  impl.RoleInfo (RoleInfo.java:updateAndGet(143)) - b3bb9051-8089-4c51-a999-81579e5913f2: start FollowerState
2019-11-05 08:23:49,532 [Thread-533] INFO  impl.FollowerState (FollowerState.java:run(117)) - b3bb9051-8089-4c51-a999-81579e5913f2@group-0E159EE4F99E-FollowerState was interrupted: java.lang.InterruptedException: sleep interrupted
2019-11-05 08:23:49,549 [a8ae9c07-6d89-4a49-a594-cacd4b776180@group-0E159EE4F99E-LeaderElection35] INFO  impl.LeaderElection (LeaderElection.java:logAndReturn(56)) - a8ae9c07-6d89-4a49-a594-cacd4b776180@group-0E159EE4F99E-LeaderElection35: Election REJECTED; received 2 response(s) [a8ae9c07-6d89-4a49-a594-cacd4b776180<-caafcba9-090a-41f5-a5f9-cba5a6a81e94#0:FAIL-t11, a8ae9c07-6d89-4a49-a594-cacd4b776180<-b3bb9051-8089-4c51-a999-81579e5913f2#0:FAIL-t11] and 0 exception(s); a8ae9c07-6d89-4a49-a594-cacd4b776180@group-0E159EE4F99E:t11, leader=null, voted=a8ae9c07-6d89-4a49-a594-cacd4b776180, raftlog=a8ae9c07-6d89-4a49-a594-cacd4b776180@group-0E159EE4F99E-SegmentedRaftLog:OPENED:c-1,f-1,i0, conf=-1: [caafcba9-090a-41f5-a5f9-cba5a6a81e94:192.168.164.217:37197, a8ae9c07-6d89-4a49-a594-cacd4b776180:192.168.164.217:42719, b3bb9051-8089-4c51-a999-81579e5913f2:192.168.164.217:36516], old=null
2019-11-05 08:23:49,549 [a8ae9c07-6d89-4a49-a594-cacd4b776180@group-0E159EE4F99E-LeaderElection35] INFO  impl.RaftServerImpl (RaftServerImpl.java:setRole(184)) - a8ae9c07-6d89-4a49-a594-cacd4b776180@group-0E159EE4F99E: changes role from CANDIDATE to FOLLOWER at term 11 for DISCOVERED_A_NEW_TERM
2019-11-05 08:23:49,549 [a8ae9c07-6d89-4a49-a594-cacd4b776180@group-0E159EE4F99E-LeaderElection35] INFO  impl.RoleInfo (RoleInfo.java:shutdownLeaderElection(134)) - a8ae9c07-6d89-4a49-a594-cacd4b776180: shutdown LeaderElection
2019-11-05 08:23:49,549 [a8ae9c07-6d89-4a49-a594-cacd4b776180@group-0E159EE4F99E-LeaderElection35] INFO  impl.RoleInfo (RoleInfo.java:updateAndGet(143)) - a8ae9c07-6d89-4a49-a594-cacd4b776180: start FollowerState
2019-11-05 08:23:49,557 [Thread-551] INFO  impl.FollowerState (FollowerState.java:run(108)) - a8ae9c07-6d89-4a49-a594-cacd4b776180@group-0E159EE4F99E-FollowerState: change to CANDIDATE, lastRpcTime:7ms, electionTimeout:7ms
2019-11-05 08:23:49,558 [Thread-551] INFO  impl.RoleInfo (RoleInfo.java:shutdownFollowerState(121)) - a8ae9c07-6d89-4a49-a594-cacd4b776180: shutdown FollowerState
2019-11-05 08:23:49,558 [Thread-551] INFO  impl.RaftServerImpl (RaftServerImpl.java:setRole(184)) - a8ae9c07-6d89-4a49-a594-cacd4b776180@group-0E159EE4F99E: changes role from  FOLLOWER to CANDIDATE at term 11 for changeToCandidate
2019-11-05 08:23:49,558 [Thread-551] INFO  impl.RoleInfo (RoleInfo.java:updateAndGet(143)) - a8ae9c07-6d89-4a49-a594-cacd4b776180: start LeaderElection
2019-11-05 08:23:49,572 [a8ae9c07-6d89-4a49-a594-cacd4b776180@group-0E159EE4F99E-LeaderElection36] INFO  impl.LeaderElection (LeaderElection.java:askForVotes(178)) - a8ae9c07-6d89-4a49-a594-cacd4b776180@group-0E159EE4F99E-LeaderElection36: begin an election at term 12 for -1: [caafcba9-090a-41f5-a5f9-cba5a6a81e94:192.168.164.217:37197, a8ae9c07-6d89-4a49-a594-cacd4b776180:192.168.164.217:42719, b3bb9051-8089-4c51-a999-81579e5913f2:192.168.164.217:36516], old=null
2019-11-05 08:23:49,575 [grpc-default-executor-1] INFO  impl.RaftServerImpl (RaftServerImpl.java:setRole(184)) - caafcba9-090a-41f5-a5f9-cba5a6a81e94@group-0E159EE4F99E: changes role from  FOLLOWER to FOLLOWER at term 12 for recognizeCandidate:a8ae9c07-6d89-4a49-a594-cacd4b776180
2019-11-05 08:23:49,575 [grpc-default-executor-0] INFO  impl.RaftServerImpl (RaftServerImpl.java:setRole(184)) - b3bb9051-8089-4c51-a999-81579e5913f2@group-0E159EE4F99E: changes role from  FOLLOWER to FOLLOWER at term 12 for recognizeCandidate:a8ae9c07-6d89-4a49-a594-cacd4b776180
2019-11-05 08:23:49,575 [grpc-default-executor-1] INFO  impl.RoleInfo (RoleInfo.java:shutdownFollowerState(121)) - caafcba9-090a-41f5-a5f9-cba5a6a81e94: shutdown FollowerState
2019-11-05 08:23:49,575 [grpc-default-executor-0] INFO  impl.RoleInfo (RoleInfo.java:shutdownFollowerState(121)) - b3bb9051-8089-4c51-a999-81579e5913f2: shutdown FollowerState
2019-11-05 08:23:49,575 [Thread-548] INFO  impl.FollowerState (FollowerState.java:run(117)) - caafcba9-090a-41f5-a5f9-cba5a6a81e94@group-0E159EE4F99E-FollowerState was interrupted: java.lang.InterruptedException: sleep interrupted
2019-11-05 08:23:49,575 [Thread-549] INFO  impl.FollowerState (FollowerState.java:run(117)) - b3bb9051-8089-4c51-a999-81579e5913f2@group-0E159EE4F99E-FollowerState was interrupted: java.lang.InterruptedException: sleep interrupted
2019-11-05 08:23:49,575 [grpc-default-executor-1] INFO  impl.RoleInfo (RoleInfo.java:updateAndGet(143)) - caafcba9-090a-41f5-a5f9-cba5a6a81e94: start FollowerState
2019-11-05 08:23:49,575 [grpc-default-executor-0] INFO  impl.RoleInfo (RoleInfo.java:updateAndGet(143)) - b3bb9051-8089-4c51-a999-81579e5913f2: start FollowerState
2019-11-05 08:23:49,591 [a8ae9c07-6d89-4a49-a594-cacd4b776180@group-0E159EE4F99E-LeaderElection36] INFO  impl.LeaderElection (LeaderElection.java:logAndReturn(56)) - a8ae9c07-6d89-4a49-a594-cacd4b776180@group-0E159EE4F99E-LeaderElection36: Election REJECTED; received 2 response(s) [a8ae9c07-6d89-4a49-a594-cacd4b776180<-caafcba9-090a-41f5-a5f9-cba5a6a81e94#0:FAIL-t12, a8ae9c07-6d89-4a49-a594-cacd4b776180<-b3bb9051-8089-4c51-a999-81579e5913f2#0:FAIL-t12] and 0 exception(s); a8ae9c07-6d89-4a49-a594-cacd4b776180@group-0E159EE4F99E:t12, leader=null, voted=a8ae9c07-6d89-4a49-a594-cacd4b776180, raftlog=a8ae9c07-6d89-4a49-a594-cacd4b776180@group-0E159EE4F99E-SegmentedRaftLog:OPENED:c-1,f-1,i0, conf=-1: [caafcba9-090a-41f5-a5f9-cba5a6a81e94:192.168.164.217:37197, a8ae9c07-6d89-4a49-a594-cacd4b776180:192.168.164.217:42719, b3bb9051-8089-4c51-a999-81579e5913f2:192.168.164.217:36516], old=null
2019-11-05 08:23:49,591 [a8ae9c07-6d89-4a49-a594-cacd4b776180@group-0E159EE4F99E-LeaderElection36] INFO  impl.RaftServerImpl (RaftServerImpl.java:setRole(184)) - a8ae9c07-6d89-4a49-a594-cacd4b776180@group-0E159EE4F99E: changes role from CANDIDATE to FOLLOWER at term 12 for DISCOVERED_A_NEW_TERM
2019-11-05 08:23:49,591 [a8ae9c07-6d89-4a49-a594-cacd4b776180@group-0E159EE4F99E-LeaderElection36] INFO  impl.RoleInfo (RoleInfo.java:shutdownLeaderElection(134)) - a8ae9c07-6d89-4a49-a594-cacd4b776180: shutdown LeaderElection
2019-11-05 08:23:49,591 [a8ae9c07-6d89-4a49-a594-cacd4b776180@group-0E159EE4F99E-LeaderElection36] INFO  impl.RoleInfo (RoleInfo.java:updateAndGet(143)) - a8ae9c07-6d89-4a49-a594-cacd4b776180: start FollowerState
2019-11-05 08:23:49,611 [Thread-540] INFO  impl.FollowerState (FollowerState.java:run(108)) - 4a682f4f-c3f2-4b77-88b7-f0ab78890feb@group-0DB8C7688BF9-FollowerState: change to CANDIDATE, lastRpcTime:198ms, electionTimeout:198ms
2019-11-05 08:23:49,615 [Thread-540] INFO  impl.RoleInfo (RoleInfo.java:shutdownFollowerState(121)) - 4a682f4f-c3f2-4b77-88b7-f0ab78890feb: shutdown FollowerState
2019-11-05 08:23:49,615 [Thread-540] INFO  impl.RaftServerImpl (RaftServerImpl.java:setRole(184)) - 4a682f4f-c3f2-4b77-88b7-f0ab78890feb@group-0DB8C7688BF9: changes role from  FOLLOWER to CANDIDATE at term 9 for changeToCandidate
2019-11-05 08:23:49,615 [Thread-540] INFO  impl.RoleInfo (RoleInfo.java:updateAndGet(143)) - 4a682f4f-c3f2-4b77-88b7-f0ab78890feb: start LeaderElection
2019-11-05 08:23:49,629 [4a682f4f-c3f2-4b77-88b7-f0ab78890feb@group-0DB8C7688BF9-LeaderElection37] INFO  impl.LeaderElection (LeaderElection.java:askForVotes(178)) - 4a682f4f-c3f2-4b77-88b7-f0ab78890feb@group-0DB8C7688BF9-LeaderElection37: begin an election at term 10 for -1: [77ab65e6-d942-49df-83a3-1d4c0bf152b3:192.168.164.217:39381, 7e1b84a9-a041-44fd-8008-f2679426984c:192.168.164.217:44149, 4a682f4f-c3f2-4b77-88b7-f0ab78890feb:192.168.164.217:34174], old=null
2019-11-05 08:23:49,632 [grpc-default-executor-0] INFO  impl.RaftServerImpl (RaftServerImpl.java:setRole(184)) - 7e1b84a9-a041-44fd-8008-f2679426984c@group-0DB8C7688BF9: changes role from  FOLLOWER to FOLLOWER at term 10 for recognizeCandidate:4a682f4f-c3f2-4b77-88b7-f0ab78890feb
2019-11-05 08:23:49,632 [grpc-default-executor-0] INFO  impl.RoleInfo (RoleInfo.java:shutdownFollowerState(121)) - 7e1b84a9-a041-44fd-8008-f2679426984c: shutdown FollowerState
2019-11-05 08:23:49,632 [grpc-default-executor-1] INFO  impl.RaftServerImpl (RaftServerImpl.java:setRole(184)) - 77ab65e6-d942-49df-83a3-1d4c0bf152b3@group-0DB8C7688BF9: changes role from  FOLLOWER to FOLLOWER at term 10 for recognizeCandidate:4a682f4f-c3f2-4b77-88b7-f0ab78890feb
2019-11-05 08:23:49,632 [Thread-539] INFO  impl.FollowerState (FollowerState.java:run(117)) - 7e1b84a9-a041-44fd-8008-f2679426984c@group-0DB8C7688BF9-FollowerState was interrupted: java.lang.InterruptedException: sleep interrupted
2019-11-05 08:23:49,632 [grpc-default-executor-0] INFO  impl.RoleInfo (RoleInfo.java:updateAndGet(143)) - 7e1b84a9-a041-44fd-8008-f2679426984c: start FollowerState
2019-11-05 08:23:49,632 [grpc-default-executor-1] INFO  impl.RoleInfo (RoleInfo.java:shutdownFollowerState(121)) - 77ab65e6-d942-49df-83a3-1d4c0bf152b3: shutdown FollowerState
2019-11-05 08:23:49,633 [grpc-default-executor-1] INFO  impl.RoleInfo (RoleInfo.java:updateAndGet(143)) - 77ab65e6-d942-49df-83a3-1d4c0bf152b3: start FollowerState
2019-11-05 08:23:49,633 [Thread-538] INFO  impl.FollowerState (FollowerState.java:run(117)) - 77ab65e6-d942-49df-83a3-1d4c0bf152b3@group-0DB8C7688BF9-FollowerState was interrupted: java.lang.InterruptedException: sleep interrupted
2019-11-05 08:23:49,647 [4a682f4f-c3f2-4b77-88b7-f0ab78890feb@group-0DB8C7688BF9-LeaderElection37] INFO  impl.LeaderElection (LeaderElection.java:logAndReturn(56)) - 4a682f4f-c3f2-4b77-88b7-f0ab78890feb@group-0DB8C7688BF9-LeaderElection37: Election REJECTED; received 2 response(s) [4a682f4f-c3f2-4b77-88b7-f0ab78890feb<-77ab65e6-d942-49df-83a3-1d4c0bf152b3#0:FAIL-t10, 4a682f4f-c3f2-4b77-88b7-f0ab78890feb<-7e1b84a9-a041-44fd-8008-f2679426984c#0:FAIL-t10] and 0 exception(s); 4a682f4f-c3f2-4b77-88b7-f0ab78890feb@group-0DB8C7688BF9:t10, leader=null, voted=4a682f4f-c3f2-4b77-88b7-f0ab78890feb, raftlog=4a682f4f-c3f2-4b77-88b7-f0ab78890feb@group-0DB8C7688BF9-SegmentedRaftLog:OPENED:c-1,f-1,i0, conf=-1: [77ab65e6-d942-49df-83a3-1d4c0bf152b3:192.168.164.217:39381, 7e1b84a9-a041-44fd-8008-f2679426984c:192.168.164.217:44149, 4a682f4f-c3f2-4b77-88b7-f0ab78890feb:192.168.164.217:34174], old=null
2019-11-05 08:23:49,648 [4a682f4f-c3f2-4b77-88b7-f0ab78890feb@group-0DB8C7688BF9-LeaderElection37] INFO  impl.RaftServerImpl (RaftServerImpl.java:setRole(184)) - 4a682f4f-c3f2-4b77-88b7-f0ab78890feb@group-0DB8C7688BF9: changes role from CANDIDATE to FOLLOWER at term 10 for DISCOVERED_A_NEW_TERM
2019-11-05 08:23:49,648 [4a682f4f-c3f2-4b77-88b7-f0ab78890feb@group-0DB8C7688BF9-LeaderElection37] INFO  impl.RoleInfo (RoleInfo.java:shutdownLeaderElection(134)) - 4a682f4f-c3f2-4b77-88b7-f0ab78890feb: shutdown LeaderElection
2019-11-05 08:23:49,648 [4a682f4f-c3f2-4b77-88b7-f0ab78890feb@group-0DB8C7688BF9-LeaderElection37] INFO  impl.RoleInfo (RoleInfo.java:updateAndGet(143)) - 4a682f4f-c3f2-4b77-88b7-f0ab78890feb: start FollowerState
2019-11-05 08:23:49,686 [Thread-557] INFO  impl.FollowerState (FollowerState.java:run(108)) - a8ae9c07-6d89-4a49-a594-cacd4b776180@group-0E159EE4F99E-FollowerState: change to CANDIDATE, lastRpcTime:94ms, electionTimeout:94ms
2019-11-05 08:23:49,689 [Thread-557] INFO  impl.RoleInfo (RoleInfo.java:shutdownFollowerState(121)) - a8ae9c07-6d89-4a49-a594-cacd4b776180: shutdown FollowerState
2019-11-05 08:23:49,689 [Thread-557] INFO  impl.RaftServerImpl (RaftServerImpl.java:setRole(184)) - a8ae9c07-6d89-4a49-a594-cacd4b776180@group-0E159EE4F99E: changes role from  FOLLOWER to CANDIDATE at term 12 for changeToCandidate
2019-11-05 08:23:49,689 [Thread-557] INFO  impl.RoleInfo (RoleInfo.java:updateAndGet(143)) - a8ae9c07-6d89-4a49-a594-cacd4b776180: start LeaderElection
2019-11-05 08:23:49,703 [a8ae9c07-6d89-4a49-a594-cacd4b776180@group-0E159EE4F99E-LeaderElection38] INFO  impl.LeaderElection (LeaderElection.java:askForVotes(178)) - a8ae9c07-6d89-4a49-a594-cacd4b776180@group-0E159EE4F99E-LeaderElection38: begin an election at term 13 for -1: [caafcba9-090a-41f5-a5f9-cba5a6a81e94:192.168.164.217:37197, a8ae9c07-6d89-4a49-a594-cacd4b776180:192.168.164.217:42719, b3bb9051-8089-4c51-a999-81579e5913f2:192.168.164.217:36516], old=null
2019-11-05 08:23:49,706 [grpc-default-executor-0] INFO  impl.RaftServerImpl (RaftServerImpl.java:setRole(184)) - caafcba9-090a-41f5-a5f9-cba5a6a81e94@group-0E159EE4F99E: changes role from  FOLLOWER to FOLLOWER at term 13 for recognizeCandidate:a8ae9c07-6d89-4a49-a594-cacd4b776180
2019-11-05 08:23:49,706 [grpc-default-executor-0] INFO  impl.RoleInfo (RoleInfo.java:shutdownFollowerState(121)) - caafcba9-090a-41f5-a5f9-cba5a6a81e94: shutdown FollowerState
2019-11-05 08:23:49,706 [grpc-default-executor-1] INFO  impl.RaftServerImpl (RaftServerImpl.java:setRole(184)) - b3bb9051-8089-4c51-a999-81579e5913f2@group-0E159EE4F99E: changes role from  FOLLOWER to FOLLOWER at term 13 for recognizeCandidate:a8ae9c07-6d89-4a49-a594-cacd4b776180
2019-11-05 08:23:49,706 [Thread-555] INFO  impl.FollowerState (FollowerState.java:run(117)) - caafcba9-090a-41f5-a5f9-cba5a6a81e94@group-0E159EE4F99E-FollowerState was interrupted: java.lang.InterruptedException: sleep interrupted
2019-11-05 08:23:49,706 [grpc-default-executor-0] INFO  impl.RoleInfo (RoleInfo.java:updateAndGet(143)) - caafcba9-090a-41f5-a5f9-cba5a6a81e94: start FollowerState
2019-11-05 08:23:49,706 [grpc-default-executor-1] INFO  impl.RoleInfo (RoleInfo.java:shutdownFollowerState(121)) - b3bb9051-8089-4c51-a999-81579e5913f2: shutdown FollowerState
2019-11-05 08:23:49,707 [Thread-556] INFO  impl.FollowerState (FollowerState.java:run(117)) - b3bb9051-8089-4c51-a999-81579e5913f2@group-0E159EE4F99E-FollowerState was interrupted: java.lang.InterruptedException: sleep interrupted
2019-11-05 08:23:49,707 [grpc-default-executor-1] INFO  impl.RoleInfo (RoleInfo.java:updateAndGet(143)) - b3bb9051-8089-4c51-a999-81579e5913f2: start FollowerState
2019-11-05 08:23:49,716 [Thread-563] INFO  impl.FollowerState (FollowerState.java:run(108)) - 4a682f4f-c3f2-4b77-88b7-f0ab78890feb@group-0DB8C7688BF9-FollowerState: change to CANDIDATE, lastRpcTime:68ms, electionTimeout:68ms
2019-11-05 08:23:49,716 [Thread-563] INFO  impl.RoleInfo (RoleInfo.java:shutdownFollowerState(121)) - 4a682f4f-c3f2-4b77-88b7-f0ab78890feb: shutdown FollowerState
2019-11-05 08:23:49,717 [Thread-563] INFO  impl.RaftServerImpl (RaftServerImpl.java:setRole(184)) - 4a682f4f-c3f2-4b77-88b7-f0ab78890feb@group-0DB8C7688BF9: changes role from  FOLLOWER to CANDIDATE at term 10 for changeToCandidate
2019-11-05 08:23:49,717 [Thread-563] INFO  impl.RoleInfo (RoleInfo.java:updateAndGet(143)) - 4a682f4f-c3f2-4b77-88b7-f0ab78890feb: start LeaderElection
2019-11-05 08:23:49,721 [4a682f4f-c3f2-4b77-88b7-f0ab78890feb@group-0DB8C7688BF9-LeaderElection39] INFO  impl.LeaderElection (LeaderElection.java:askForVotes(178)) - 4a682f4f-c3f2-4b77-88b7-f0ab78890feb@group-0DB8C7688BF9-LeaderElection39: begin an election at term 11 for -1: [77ab65e6-d942-49df-83a3-1d4c0bf152b3:192.168.164.217:39381, 7e1b84a9-a041-44fd-8008-f2679426984c:192.168.164.217:44149, 4a682f4f-c3f2-4b77-88b7-f0ab78890feb:192.168.164.217:34174], old=null
2019-11-05 08:23:49,725 [a8ae9c07-6d89-4a49-a594-cacd4b776180@group-0E159EE4F99E-LeaderElection38] INFO  impl.LeaderElection (LeaderElection.java:logAndReturn(56)) - a8ae9c07-6d89-4a49-a594-cacd4b776180@group-0E159EE4F99E-LeaderElection38: Election REJECTED; received 2 response(s) [a8ae9c07-6d89-4a49-a594-cacd4b776180<-caafcba9-090a-41f5-a5f9-cba5a6a81e94#0:FAIL-t13, a8ae9c07-6d89-4a49-a594-cacd4b776180<-b3bb9051-8089-4c51-a999-81579e5913f2#0:FAIL-t13] and 0 exception(s); a8ae9c07-6d89-4a49-a594-cacd4b776180@group-0E159EE4F99E:t13, leader=null, voted=a8ae9c07-6d89-4a49-a594-cacd4b776180, raftlog=a8ae9c07-6d89-4a49-a594-cacd4b776180@group-0E159EE4F99E-SegmentedRaftLog:OPENED:c-1,f-1,i0, conf=-1: [caafcba9-090a-41f5-a5f9-cba5a6a81e94:192.168.164.217:37197, a8ae9c07-6d89-4a49-a594-cacd4b776180:192.168.164.217:42719, b3bb9051-8089-4c51-a999-81579e5913f2:192.168.164.217:36516], old=null
2019-11-05 08:23:49,726 [a8ae9c07-6d89-4a49-a594-cacd4b776180@group-0E159EE4F99E-LeaderElection38] INFO  impl.RaftServerImpl (RaftServerImpl.java:setRole(184)) - a8ae9c07-6d89-4a49-a594-cacd4b776180@group-0E159EE4F99E: changes role from CANDIDATE to FOLLOWER at term 13 for DISCOVERED_A_NEW_TERM
2019-11-05 08:23:49,726 [a8ae9c07-6d89-4a49-a594-cacd4b776180@group-0E159EE4F99E-LeaderElection38] INFO  impl.RoleInfo (RoleInfo.java:shutdownLeaderElection(134)) - a8ae9c07-6d89-4a49-a594-cacd4b776180: shutdown LeaderElection
2019-11-05 08:23:49,726 [a8ae9c07-6d89-4a49-a594-cacd4b776180@group-0E159EE4F99E-LeaderElection38] INFO  impl.RoleInfo (RoleInfo.java:updateAndGet(143)) - a8ae9c07-6d89-4a49-a594-cacd4b776180: start FollowerState
2019-11-05 08:23:49,727 [grpc-default-executor-0] INFO  impl.RaftServerImpl (RaftServerImpl.java:setRole(184)) - 7e1b84a9-a041-44fd-8008-f2679426984c@group-0DB8C7688BF9: changes role from  FOLLOWER to FOLLOWER at term 11 for recognizeCandidate:4a682f4f-c3f2-4b77-88b7-f0ab78890feb
2019-11-05 08:23:49,738 [4a682f4f-c3f2-4b77-88b7-f0ab78890feb@group-0DB8C7688BF9-LeaderElection39] INFO  impl.LeaderElection (LeaderElection.java:logAndReturn(56)) - 4a682f4f-c3f2-4b77-88b7-f0ab78890feb@group-0DB8C7688BF9-LeaderElection39: Election TIMEOUT; received 0 response(s) [] and 0 exception(s); 4a682f4f-c3f2-4b77-88b7-f0ab78890feb@group-0DB8C7688BF9:t11, leader=null, voted=4a682f4f-c3f2-4b77-88b7-f0ab78890feb, raftlog=4a682f4f-c3f2-4b77-88b7-f0ab78890feb@group-0DB8C7688BF9-SegmentedRaftLog:OPENED:c-1,f-1,i0, conf=-1: [77ab65e6-d942-49df-83a3-1d4c0bf152b3:192.168.164.217:39381, 7e1b84a9-a041-44fd-8008-f2679426984c:192.168.164.217:44149, 4a682f4f-c3f2-4b77-88b7-f0ab78890feb:192.168.164.217:34174], old=null
2019-11-05 08:23:49,738 [grpc-default-executor-0] INFO  impl.RoleInfo (RoleInfo.java:shutdownFollowerState(121)) - 7e1b84a9-a041-44fd-8008-f2679426984c: shutdown FollowerState
2019-11-05 08:23:49,738 [grpc-default-executor-1] INFO  impl.RaftServerImpl (RaftServerImpl.java:setRole(184)) - 77ab65e6-d942-49df-83a3-1d4c0bf152b3@group-0DB8C7688BF9: changes role from  FOLLOWER to FOLLOWER at term 11 for recognizeCandidate:4a682f4f-c3f2-4b77-88b7-f0ab78890feb
2019-11-05 08:23:49,738 [grpc-default-executor-0] INFO  impl.RoleInfo (RoleInfo.java:updateAndGet(143)) - 7e1b84a9-a041-44fd-8008-f2679426984c: start FollowerState
2019-11-05 08:23:49,738 [Thread-561] INFO  impl.FollowerState (FollowerState.java:run(117)) - 7e1b84a9-a041-44fd-8008-f2679426984c@group-0DB8C7688BF9-FollowerState was interrupted: java.lang.InterruptedException: sleep interrupted
2019-11-05 08:23:49,738 [grpc-default-executor-1] INFO  impl.RoleInfo (RoleInfo.java:shutdownFollowerState(121)) - 77ab65e6-d942-49df-83a3-1d4c0bf152b3: shutdown FollowerState
2019-11-05 08:23:49,739 [grpc-default-executor-1] INFO  impl.RoleInfo (RoleInfo.java:updateAndGet(143)) - 77ab65e6-d942-49df-83a3-1d4c0bf152b3: start FollowerState
2019-11-05 08:23:49,739 [Thread-562] INFO  impl.FollowerState (FollowerState.java:run(117)) - 77ab65e6-d942-49df-83a3-1d4c0bf152b3@group-0DB8C7688BF9-FollowerState was interrupted: java.lang.InterruptedException: sleep interrupted
2019-11-05 08:23:49,752 [4a682f4f-c3f2-4b77-88b7-f0ab78890feb@group-0DB8C7688BF9-LeaderElection39] INFO  impl.LeaderElection (LeaderElection.java:askForVotes(178)) - 4a682f4f-c3f2-4b77-88b7-f0ab78890feb@group-0DB8C7688BF9-LeaderElection39: begin an election at term 12 for -1: [77ab65e6-d942-49df-83a3-1d4c0bf152b3:192.168.164.217:39381, 7e1b84a9-a041-44fd-8008-f2679426984c:192.168.164.217:44149, 4a682f4f-c3f2-4b77-88b7-f0ab78890feb:192.168.164.217:34174], old=null
2019-11-05 08:23:49,757 [grpc-default-executor-0] INFO  impl.RaftServerImpl (RaftServerImpl.java:setRole(184)) - 77ab65e6-d942-49df-83a3-1d4c0bf152b3@group-0DB8C7688BF9: changes role from  FOLLOWER to FOLLOWER at term 12 for recognizeCandidate:4a682f4f-c3f2-4b77-88b7-f0ab78890feb
2019-11-05 08:23:49,757 [grpc-default-executor-0] INFO  impl.RoleInfo (RoleInfo.java:shutdownFollowerState(121)) - 77ab65e6-d942-49df-83a3-1d4c0bf152b3: shutdown FollowerState
2019-11-05 08:23:49,757 [grpc-default-executor-1] INFO  impl.RaftServerImpl (RaftServerImpl.java:setRole(184)) - 7e1b84a9-a041-44fd-8008-f2679426984c@group-0DB8C7688BF9: changes role from  FOLLOWER to FOLLOWER at term 12 for recognizeCandidate:4a682f4f-c3f2-4b77-88b7-f0ab78890feb
2019-11-05 08:23:49,758 [Thread-574] INFO  impl.FollowerState (FollowerState.java:run(117)) - 77ab65e6-d942-49df-83a3-1d4c0bf152b3@group-0DB8C7688BF9-FollowerState was interrupted: java.lang.InterruptedException: sleep interrupted
2019-11-05 08:23:49,758 [grpc-default-executor-0] INFO  impl.RoleInfo (RoleInfo.java:updateAndGet(143)) - 77ab65e6-d942-49df-83a3-1d4c0bf152b3: start FollowerState
2019-11-05 08:23:49,758 [grpc-default-executor-1] INFO  impl.RoleInfo (RoleInfo.java:shutdownFollowerState(121)) - 7e1b84a9-a041-44fd-8008-f2679426984c: shutdown FollowerState
2019-11-05 08:23:49,758 [grpc-default-executor-1] INFO  impl.RoleInfo (RoleInfo.java:updateAndGet(143)) - 7e1b84a9-a041-44fd-8008-f2679426984c: start FollowerState
2019-11-05 08:23:49,758 [Thread-573] INFO  impl.FollowerState (FollowerState.java:run(117)) - 7e1b84a9-a041-44fd-8008-f2679426984c@group-0DB8C7688BF9-FollowerState was interrupted: java.lang.InterruptedException: sleep interrupted
2019-11-05 08:23:49,769 [4a682f4f-c3f2-4b77-88b7-f0ab78890feb@group-0DB8C7688BF9-LeaderElection39] INFO  impl.LeaderElection (LeaderElection.java:logAndReturn(56)) - 4a682f4f-c3f2-4b77-88b7-f0ab78890feb@group-0DB8C7688BF9-LeaderElection39: Election TIMEOUT; received 0 response(s) [] and 0 exception(s); 4a682f4f-c3f2-4b77-88b7-f0ab78890feb@group-0DB8C7688BF9:t12, leader=null, voted=4a682f4f-c3f2-4b77-88b7-f0ab78890feb, raftlog=4a682f4f-c3f2-4b77-88b7-f0ab78890feb@group-0DB8C7688BF9-SegmentedRaftLog:OPENED:c-1,f-1,i0, conf=-1: [77ab65e6-d942-49df-83a3-1d4c0bf152b3:192.168.164.217:39381, 7e1b84a9-a041-44fd-8008-f2679426984c:192.168.164.217:44149, 4a682f4f-c3f2-4b77-88b7-f0ab78890feb:192.168.164.217:34174], old=null
2019-11-05 08:23:49,804 [4a682f4f-c3f2-4b77-88b7-f0ab78890feb@group-0DB8C7688BF9-LeaderElection39] INFO  impl.LeaderElection (LeaderElection.java:askForVotes(178)) - 4a682f4f-c3f2-4b77-88b7-f0ab78890feb@group-0DB8C7688BF9-LeaderElection39: begin an election at term 13 for -1: [77ab65e6-d942-49df-83a3-1d4c0bf152b3:192.168.164.217:39381, 7e1b84a9-a041-44fd-8008-f2679426984c:192.168.164.217:44149, 4a682f4f-c3f2-4b77-88b7-f0ab78890feb:192.168.164.217:34174], old=null
2019-11-05 08:23:49,807 [grpc-default-executor-1] INFO  impl.RaftServerImpl (RaftServerImpl.java:setRole(184)) - 7e1b84a9-a041-44fd-8008-f2679426984c@group-0DB8C7688BF9: changes role from  FOLLOWER to FOLLOWER at term 13 for recognizeCandidate:4a682f4f-c3f2-4b77-88b7-f0ab78890feb
2019-11-05 08:23:49,807 [grpc-default-executor-0] INFO  impl.RaftServerImpl (RaftServerImpl.java:setRole(184)) - 77ab65e6-d942-49df-83a3-1d4c0bf152b3@group-0DB8C7688BF9: changes role from  FOLLOWER to FOLLOWER at term 13 for recognizeCandidate:4a682f4f-c3f2-4b77-88b7-f0ab78890feb
2019-11-05 08:23:49,807 [grpc-default-executor-1] INFO  impl.RoleInfo (RoleInfo.java:shutdownFollowerState(121)) - 7e1b84a9-a041-44fd-8008-f2679426984c: shutdown FollowerState
2019-11-05 08:23:49,808 [grpc-default-executor-0] INFO  impl.RoleInfo (RoleInfo.java:shutdownFollowerState(121)) - 77ab65e6-d942-49df-83a3-1d4c0bf152b3: shutdown FollowerState
2019-11-05 08:23:49,808 [Thread-578] INFO  impl.FollowerState (FollowerState.java:run(117)) - 7e1b84a9-a041-44fd-8008-f2679426984c@group-0DB8C7688BF9-FollowerState was interrupted: java.lang.InterruptedException: sleep interrupted
2019-11-05 08:23:49,808 [grpc-default-executor-1] INFO  impl.RoleInfo (RoleInfo.java:updateAndGet(143)) - 7e1b84a9-a041-44fd-8008-f2679426984c: start FollowerState
2019-11-05 08:23:49,808 [Thread-577] INFO  impl.FollowerState (FollowerState.java:run(117)) - 77ab65e6-d942-49df-83a3-1d4c0bf152b3@group-0DB8C7688BF9-FollowerState was interrupted: java.lang.InterruptedException: sleep interrupted
2019-11-05 08:23:49,808 [grpc-default-executor-0] INFO  impl.RoleInfo (RoleInfo.java:updateAndGet(143)) - 77ab65e6-d942-49df-83a3-1d4c0bf152b3: start FollowerState
2019-11-05 08:23:49,819 [4a682f4f-c3f2-4b77-88b7-f0ab78890feb@group-0DB8C7688BF9-LeaderElection39] INFO  impl.LeaderElection (LeaderElection.java:logAndReturn(56)) - 4a682f4f-c3f2-4b77-88b7-f0ab78890feb@group-0DB8C7688BF9-LeaderElection39: Election REJECTED; received 2 response(s) [4a682f4f-c3f2-4b77-88b7-f0ab78890feb<-77ab65e6-d942-49df-83a3-1d4c0bf152b3#0:FAIL-t13, 4a682f4f-c3f2-4b77-88b7-f0ab78890feb<-7e1b84a9-a041-44fd-8008-f2679426984c#0:FAIL-t13] and 0 exception(s); 4a682f4f-c3f2-4b77-88b7-f0ab78890feb@group-0DB8C7688BF9:t13, leader=null, voted=4a682f4f-c3f2-4b77-88b7-f0ab78890feb, raftlog=4a682f4f-c3f2-4b77-88b7-f0ab78890feb@group-0DB8C7688BF9-SegmentedRaftLog:OPENED:c-1,f-1,i0, conf=-1: [77ab65e6-d942-49df-83a3-1d4c0bf152b3:192.168.164.217:39381, 7e1b84a9-a041-44fd-8008-f2679426984c:192.168.164.217:44149, 4a682f4f-c3f2-4b77-88b7-f0ab78890feb:192.168.164.217:34174], old=null
2019-11-05 08:23:49,819 [4a682f4f-c3f2-4b77-88b7-f0ab78890feb@group-0DB8C7688BF9-LeaderElection39] INFO  impl.RaftServerImpl (RaftServerImpl.java:setRole(184)) - 4a682f4f-c3f2-4b77-88b7-f0ab78890feb@group-0DB8C7688BF9: changes role from CANDIDATE to FOLLOWER at term 13 for DISCOVERED_A_NEW_TERM
2019-11-05 08:23:49,819 [4a682f4f-c3f2-4b77-88b7-f0ab78890feb@group-0DB8C7688BF9-LeaderElection39] INFO  impl.RoleInfo (RoleInfo.java:shutdownLeaderElection(134)) - 4a682f4f-c3f2-4b77-88b7-f0ab78890feb: shutdown LeaderElection
2019-11-05 08:23:49,819 [4a682f4f-c3f2-4b77-88b7-f0ab78890feb@group-0DB8C7688BF9-LeaderElection39] INFO  impl.RoleInfo (RoleInfo.java:updateAndGet(143)) - 4a682f4f-c3f2-4b77-88b7-f0ab78890feb: start FollowerState
2019-11-05 08:23:49,881 [Thread-572] INFO  impl.FollowerState (FollowerState.java:run(108)) - a8ae9c07-6d89-4a49-a594-cacd4b776180@group-0E159EE4F99E-FollowerState: change to CANDIDATE, lastRpcTime:155ms, electionTimeout:155ms
2019-11-05 08:23:49,882 [Thread-572] INFO  impl.RoleInfo (RoleInfo.java:shutdownFollowerState(121)) - a8ae9c07-6d89-4a49-a594-cacd4b776180: shutdown FollowerState
2019-11-05 08:23:49,882 [Thread-572] INFO  impl.RaftServerImpl (RaftServerImpl.java:setRole(184)) - a8ae9c07-6d89-4a49-a594-cacd4b776180@group-0E159EE4F99E: changes role from  FOLLOWER to CANDIDATE at term 13 for changeToCandidate
2019-11-05 08:23:49,882 [Thread-572] INFO  impl.RoleInfo (RoleInfo.java:updateAndGet(143)) - a8ae9c07-6d89-4a49-a594-cacd4b776180: start LeaderElection
2019-11-05 08:23:49,896 [a8ae9c07-6d89-4a49-a594-cacd4b776180@group-0E159EE4F99E-LeaderElection40] INFO  impl.LeaderElection (LeaderElection.java:askForVotes(178)) - a8ae9c07-6d89-4a49-a594-cacd4b776180@group-0E159EE4F99E-LeaderElection40: begin an election at term 14 for -1: [caafcba9-090a-41f5-a5f9-cba5a6a81e94:192.168.164.217:37197, a8ae9c07-6d89-4a49-a594-cacd4b776180:192.168.164.217:42719, b3bb9051-8089-4c51-a999-81579e5913f2:192.168.164.217:36516], old=null
2019-11-05 08:23:49,900 [grpc-default-executor-1] INFO  impl.RaftServerImpl (RaftServerImpl.java:setRole(184)) - caafcba9-090a-41f5-a5f9-cba5a6a81e94@group-0E159EE4F99E: changes role from  FOLLOWER to FOLLOWER at term 14 for recognizeCandidate:a8ae9c07-6d89-4a49-a594-cacd4b776180
2019-11-05 08:23:49,900 [grpc-default-executor-0] INFO  impl.RaftServerImpl (RaftServerImpl.java:setRole(184)) - b3bb9051-8089-4c51-a999-81579e5913f2@group-0E159EE4F99E: changes role from  FOLLOWER to FOLLOWER at term 14 for recognizeCandidate:a8ae9c07-6d89-4a49-a594-cacd4b776180
2019-11-05 08:23:49,900 [grpc-default-executor-1] INFO  impl.RoleInfo (RoleInfo.java:shutdownFollowerState(121)) - caafcba9-090a-41f5-a5f9-cba5a6a81e94: shutdown FollowerState
2019-11-05 08:23:49,901 [grpc-default-executor-0] INFO  impl.RoleInfo (RoleInfo.java:shutdownFollowerState(121)) - b3bb9051-8089-4c51-a999-81579e5913f2: shutdown FollowerState
2019-11-05 08:23:49,901 [Thread-567] INFO  impl.FollowerState (FollowerState.java:run(117)) - caafcba9-090a-41f5-a5f9-cba5a6a81e94@group-0E159EE4F99E-FollowerState was interrupted: java.lang.InterruptedException: sleep interrupted
2019-11-05 08:23:49,901 [grpc-default-executor-1] INFO  impl.RoleInfo (RoleInfo.java:updateAndGet(143)) - caafcba9-090a-41f5-a5f9-cba5a6a81e94: start FollowerState
2019-11-05 08:23:49,901 [grpc-default-executor-0] INFO  impl.RoleInfo (RoleInfo.java:updateAndGet(143)) - b3bb9051-8089-4c51-a999-81579e5913f2: start FollowerState
2019-11-05 08:23:49,901 [Thread-568] INFO  impl.FollowerState (FollowerState.java:run(117)) - b3bb9051-8089-4c51-a999-81579e5913f2@group-0E159EE4F99E-FollowerState was interrupted: java.lang.InterruptedException: sleep interrupted
2019-11-05 08:23:49,917 [a8ae9c07-6d89-4a49-a594-cacd4b776180@group-0E159EE4F99E-LeaderElection40] INFO  impl.LeaderElection (LeaderElection.java:logAndReturn(56)) - a8ae9c07-6d89-4a49-a594-cacd4b776180@group-0E159EE4F99E-LeaderElection40: Election TIMEOUT; received 0 response(s) [] and 0 exception(s); a8ae9c07-6d89-4a49-a594-cacd4b776180@group-0E159EE4F99E:t14, leader=null, voted=a8ae9c07-6d89-4a49-a594-cacd4b776180, raftlog=a8ae9c07-6d89-4a49-a594-cacd4b776180@group-0E159EE4F99E-SegmentedRaftLog:OPENED:c-1,f-1,i0, conf=-1: [caafcba9-090a-41f5-a5f9-cba5a6a81e94:192.168.164.217:37197, a8ae9c07-6d89-4a49-a594-cacd4b776180:192.168.164.217:42719, b3bb9051-8089-4c51-a999-81579e5913f2:192.168.164.217:36516], old=null
2019-11-05 08:23:49,931 [a8ae9c07-6d89-4a49-a594-cacd4b776180@group-0E159EE4F99E-LeaderElection40] INFO  impl.LeaderElection (LeaderElection.java:askForVotes(178)) - a8ae9c07-6d89-4a49-a594-cacd4b776180@group-0E159EE4F99E-LeaderElection40: begin an election at term 15 for -1: [caafcba9-090a-41f5-a5f9-cba5a6a81e94:192.168.164.217:37197, a8ae9c07-6d89-4a49-a594-cacd4b776180:192.168.164.217:42719, b3bb9051-8089-4c51-a999-81579e5913f2:192.168.164.217:36516], old=null
2019-11-05 08:23:49,934 [grpc-default-executor-1] INFO  impl.RaftServerImpl (RaftServerImpl.java:setRole(184)) - caafcba9-090a-41f5-a5f9-cba5a6a81e94@group-0E159EE4F99E: changes role from  FOLLOWER to FOLLOWER at term 15 for recognizeCandidate:a8ae9c07-6d89-4a49-a594-cacd4b776180
2019-11-05 08:23:49,934 [grpc-default-executor-1] INFO  impl.RoleInfo (RoleInfo.java:shutdownFollowerState(121)) - caafcba9-090a-41f5-a5f9-cba5a6a81e94: shutdown FollowerState
2019-11-05 08:23:49,934 [grpc-default-executor-0] INFO  impl.RaftServerImpl (RaftServerImpl.java:setRole(184)) - b3bb9051-8089-4c51-a999-81579e5913f2@group-0E159EE4F99E: changes role from  FOLLOWER to FOLLOWER at term 15 for recognizeCandidate:a8ae9c07-6d89-4a49-a594-cacd4b776180
2019-11-05 08:23:49,935 [Thread-587] INFO  impl.FollowerState (FollowerState.java:run(117)) - caafcba9-090a-41f5-a5f9-cba5a6a81e94@group-0E159EE4F99E-FollowerState was interrupted: java.lang.InterruptedException: sleep interrupted
2019-11-05 08:23:49,935 [grpc-default-executor-1] INFO  impl.RoleInfo (RoleInfo.java:updateAndGet(143)) - caafcba9-090a-41f5-a5f9-cba5a6a81e94: start FollowerState
2019-11-05 08:23:49,935 [grpc-default-executor-0] INFO  impl.RoleInfo (RoleInfo.java:shutdownFollowerState(121)) - b3bb9051-8089-4c51-a999-81579e5913f2: shutdown FollowerState
2019-11-05 08:23:49,935 [grpc-default-executor-0] INFO  impl.RoleInfo (RoleInfo.java:updateAndGet(143)) - b3bb9051-8089-4c51-a999-81579e5913f2: start FollowerState
2019-11-05 08:23:49,935 [Thread-588] INFO  impl.FollowerState (FollowerState.java:run(117)) - b3bb9051-8089-4c51-a999-81579e5913f2@group-0E159EE4F99E-FollowerState was interrupted: java.lang.InterruptedException: sleep interrupted
2019-11-05 08:23:49,938 [Thread-583] INFO  impl.FollowerState (FollowerState.java:run(108)) - 4a682f4f-c3f2-4b77-88b7-f0ab78890feb@group-0DB8C7688BF9-FollowerState: change to CANDIDATE, lastRpcTime:118ms, electionTimeout:118ms
2019-11-05 08:23:49,938 [Thread-583] INFO  impl.RoleInfo (RoleInfo.java:shutdownFollowerState(121)) - 4a682f4f-c3f2-4b77-88b7-f0ab78890feb: shutdown FollowerState
2019-11-05 08:23:49,938 [Thread-583] INFO  impl.RaftServerImpl (RaftServerImpl.java:setRole(184)) - 4a682f4f-c3f2-4b77-88b7-f0ab78890feb@group-0DB8C7688BF9: changes role from  FOLLOWER to CANDIDATE at term 13 for changeToCandidate
2019-11-05 08:23:49,938 [a8ae9c07-6d89-4a49-a594-cacd4b776180@group-0E159EE4F99E-LeaderElection40] INFO  impl.LeaderElection (LeaderElection.java:logAndReturn(56)) - a8ae9c07-6d89-4a49-a594-cacd4b776180@group-0E159EE4F99E-LeaderElection40: Election TIMEOUT; received 0 response(s) [] and 0 exception(s); a8ae9c07-6d89-4a49-a594-cacd4b776180@group-0E159EE4F99E:t15, leader=null, voted=a8ae9c07-6d89-4a49-a594-cacd4b776180, raftlog=a8ae9c07-6d89-4a49-a594-cacd4b776180@group-0E159EE4F99E-SegmentedRaftLog:OPENED:c-1,f-1,i0, conf=-1: [caafcba9-090a-41f5-a5f9-cba5a6a81e94:192.168.164.217:37197, a8ae9c07-6d89-4a49-a594-cacd4b776180:192.168.164.217:42719, b3bb9051-8089-4c51-a999-81579e5913f2:192.168.164.217:36516], old=null
2019-11-05 08:23:49,938 [Thread-583] INFO  impl.RoleInfo (RoleInfo.java:updateAndGet(143)) - 4a682f4f-c3f2-4b77-88b7-f0ab78890feb: start LeaderElection
2019-11-05 08:23:49,951 [a8ae9c07-6d89-4a49-a594-cacd4b776180@group-0E159EE4F99E-LeaderElection40] INFO  impl.LeaderElection (LeaderElection.java:askForVotes(178)) - a8ae9c07-6d89-4a49-a594-cacd4b776180@group-0E159EE4F99E-LeaderElection40: begin an election at term 16 for -1: [caafcba9-090a-41f5-a5f9-cba5a6a81e94:192.168.164.217:37197, a8ae9c07-6d89-4a49-a594-cacd4b776180:192.168.164.217:42719, b3bb9051-8089-4c51-a999-81579e5913f2:192.168.164.217:36516], old=null
2019-11-05 08:23:49,951 [4a682f4f-c3f2-4b77-88b7-f0ab78890feb@group-0DB8C7688BF9-LeaderElection41] INFO  impl.LeaderElection (LeaderElection.java:askForVotes(178)) - 4a682f4f-c3f2-4b77-88b7-f0ab78890feb@group-0DB8C7688BF9-LeaderElection41: begin an election at term 14 for -1: [77ab65e6-d942-49df-83a3-1d4c0bf152b3:192.168.164.217:39381, 7e1b84a9-a041-44fd-8008-f2679426984c:192.168.164.217:44149, 4a682f4f-c3f2-4b77-88b7-f0ab78890feb:192.168.164.217:34174], old=null
2019-11-05 08:23:49,957 [grpc-default-executor-4] INFO  impl.RaftServerImpl (RaftServerImpl.java:setRole(184)) - caafcba9-090a-41f5-a5f9-cba5a6a81e94@group-0E159EE4F99E: changes role from  FOLLOWER to FOLLOWER at term 16 for recognizeCandidate:a8ae9c07-6d89-4a49-a594-cacd4b776180
2019-11-05 08:23:49,957 [grpc-default-executor-1] INFO  impl.RaftServerImpl (RaftServerImpl.java:setRole(184)) - b3bb9051-8089-4c51-a999-81579e5913f2@group-0E159EE4F99E: changes role from  FOLLOWER to FOLLOWER at term 16 for recognizeCandidate:a8ae9c07-6d89-4a49-a594-cacd4b776180
2019-11-05 08:23:49,957 [grpc-default-executor-4] INFO  impl.RoleInfo (RoleInfo.java:shutdownFollowerState(121)) - caafcba9-090a-41f5-a5f9-cba5a6a81e94: shutdown FollowerState
2019-11-05 08:23:49,957 [grpc-default-executor-0] INFO  impl.RaftServerImpl (RaftServerImpl.java:setRole(184)) - 7e1b84a9-a041-44fd-8008-f2679426984c@group-0DB8C7688BF9: changes role from  FOLLOWER to FOLLOWER at term 14 for recognizeCandidate:4a682f4f-c3f2-4b77-88b7-f0ab78890feb
2019-11-05 08:23:49,957 [grpc-default-executor-4] INFO  impl.RoleInfo (RoleInfo.java:updateAndGet(143)) - caafcba9-090a-41f5-a5f9-cba5a6a81e94: start FollowerState
2019-11-05 08:23:49,957 [Thread-591] INFO  impl.FollowerState (FollowerState.java:run(117)) - caafcba9-090a-41f5-a5f9-cba5a6a81e94@group-0E159EE4F99E-FollowerState was interrupted: java.lang.InterruptedException: sleep interrupted
2019-11-05 08:23:49,957 [grpc-default-executor-1] INFO  impl.RoleInfo (RoleInfo.java:shutdownFollowerState(121)) - b3bb9051-8089-4c51-a999-81579e5913f2: shutdown FollowerState
2019-11-05 08:23:49,957 [grpc-default-executor-5] INFO  impl.RaftServerImpl (RaftServerImpl.java:setRole(184)) - 77ab65e6-d942-49df-83a3-1d4c0bf152b3@group-0DB8C7688BF9: changes role from  FOLLOWER to FOLLOWER at term 14 for recognizeCandidate:4a682f4f-c3f2-4b77-88b7-f0ab78890feb
2019-11-05 08:23:49,957 [grpc-default-executor-0] INFO  impl.RoleInfo (RoleInfo.java:shutdownFollowerState(121)) - 7e1b84a9-a041-44fd-8008-f2679426984c: shutdown FollowerState
2019-11-05 08:23:49,958 [grpc-default-executor-5] INFO  impl.RoleInfo (RoleInfo.java:shutdownFollowerState(121)) - 77ab65e6-d942-49df-83a3-1d4c0bf152b3: shutdown FollowerState
2019-11-05 08:23:49,958 [a8ae9c07-6d89-4a49-a594-cacd4b776180@group-0E159EE4F99E-LeaderElection40] INFO  impl.LeaderElection (LeaderElection.java:logAndReturn(56)) - a8ae9c07-6d89-4a49-a594-cacd4b776180@group-0E159EE4F99E-LeaderElection40: Election TIMEOUT; received 0 response(s) [] and 0 exception(s); a8ae9c07-6d89-4a49-a594-cacd4b776180@group-0E159EE4F99E:t16, leader=null, voted=a8ae9c07-6d89-4a49-a594-cacd4b776180, raftlog=a8ae9c07-6d89-4a49-a594-cacd4b776180@group-0E159EE4F99E-SegmentedRaftLog:OPENED:c-1,f-1,i0, conf=-1: [caafcba9-090a-41f5-a5f9-cba5a6a81e94:192.168.164.217:37197, a8ae9c07-6d89-4a49-a594-cacd4b776180:192.168.164.217:42719, b3bb9051-8089-4c51-a999-81579e5913f2:192.168.164.217:36516], old=null
2019-11-05 08:23:49,958 [Thread-582] INFO  impl.FollowerState (FollowerState.java:run(117)) - 77ab65e6-d942-49df-83a3-1d4c0bf152b3@group-0DB8C7688BF9-FollowerState was interrupted: java.lang.InterruptedException: sleep interrupted
2019-11-05 08:23:49,958 [Thread-592] INFO  impl.FollowerState (FollowerState.java:run(117)) - b3bb9051-8089-4c51-a999-81579e5913f2@group-0E159EE4F99E-FollowerState was interrupted: java.lang.InterruptedException: sleep interrupted
2019-11-05 08:23:49,958 [grpc-default-executor-1] INFO  impl.RoleInfo (RoleInfo.java:updateAndGet(143)) - b3bb9051-8089-4c51-a999-81579e5913f2: start FollowerState
2019-11-05 08:23:49,958 [grpc-default-executor-5] INFO  impl.RoleInfo (RoleInfo.java:updateAndGet(143)) - 77ab65e6-d942-49df-83a3-1d4c0bf152b3: start FollowerState
2019-11-05 08:23:49,958 [grpc-default-executor-0] INFO  impl.RoleInfo (RoleInfo.java:updateAndGet(143)) - 7e1b84a9-a041-44fd-8008-f2679426984c: start FollowerState
2019-11-05 08:23:49,958 [Thread-581] INFO  impl.FollowerState (FollowerState.java:run(117)) - 7e1b84a9-a041-44fd-8008-f2679426984c@group-0DB8C7688BF9-FollowerState was interrupted: java.lang.InterruptedException: sleep interrupted
2019-11-05 08:23:49,972 [a8ae9c07-6d89-4a49-a594-cacd4b776180@group-0E159EE4F99E-LeaderElection40] INFO  impl.LeaderElection (LeaderElection.java:askForVotes(178)) - a8ae9c07-6d89-4a49-a594-cacd4b776180@group-0E159EE4F99E-LeaderElection40: begin an election at term 17 for -1: [caafcba9-090a-41f5-a5f9-cba5a6a81e94:192.168.164.217:37197, a8ae9c07-6d89-4a49-a594-cacd4b776180:192.168.164.217:42719, b3bb9051-8089-4c51-a999-81579e5913f2:192.168.164.217:36516], old=null
2019-11-05 08:23:49,975 [grpc-default-executor-5] INFO  impl.RaftServerImpl (RaftServerImpl.java:setRole(184)) - caafcba9-090a-41f5-a5f9-cba5a6a81e94@group-0E159EE4F99E: changes role from  FOLLOWER to FOLLOWER at term 17 for recognizeCandidate:a8ae9c07-6d89-4a49-a594-cacd4b776180
2019-11-05 08:23:49,975 [grpc-default-executor-5] INFO  impl.RoleInfo (RoleInfo.java:shutdownFollowerState(121)) - caafcba9-090a-41f5-a5f9-cba5a6a81e94: shutdown FollowerState
2019-11-05 08:23:49,975 [grpc-default-executor-1] INFO  impl.RaftServerImpl (RaftServerImpl.java:setRole(184)) - b3bb9051-8089-4c51-a999-81579e5913f2@group-0E159EE4F99E: changes role from  FOLLOWER to FOLLOWER at term 17 for recognizeCandidate:a8ae9c07-6d89-4a49-a594-cacd4b776180
2019-11-05 08:23:49,975 [grpc-default-executor-1] INFO  impl.RoleInfo (RoleInfo.java:shutdownFollowerState(121)) - b3bb9051-8089-4c51-a999-81579e5913f2: shutdown FollowerState
2019-11-05 08:23:49,975 [4a682f4f-c3f2-4b77-88b7-f0ab78890feb@group-0DB8C7688BF9-LeaderElection41] INFO  impl.LeaderElection (LeaderElection.java:logAndReturn(56)) - 4a682f4f-c3f2-4b77-88b7-f0ab78890feb@group-0DB8C7688BF9-LeaderElection41: Election REJECTED; received 2 response(s) [4a682f4f-c3f2-4b77-88b7-f0ab78890feb<-77ab65e6-d942-49df-83a3-1d4c0bf152b3#0:FAIL-t14, 4a682f4f-c3f2-4b77-88b7-f0ab78890feb<-7e1b84a9-a041-44fd-8008-f2679426984c#0:FAIL-t14] and 0 exception(s); 4a682f4f-c3f2-4b77-88b7-f0ab78890feb@group-0DB8C7688BF9:t14, leader=null, voted=4a682f4f-c3f2-4b77-88b7-f0ab78890feb, raftlog=4a682f4f-c3f2-4b77-88b7-f0ab78890feb@group-0DB8C7688BF9-SegmentedRaftLog:OPENED:c-1,f-1,i0, conf=-1: [77ab65e6-d942-49df-83a3-1d4c0bf152b3:192.168.164.217:39381, 7e1b84a9-a041-44fd-8008-f2679426984c:192.168.164.217:44149, 4a682f4f-c3f2-4b77-88b7-f0ab78890feb:192.168.164.217:34174], old=null
2019-11-05 08:23:49,975 [Thread-599] INFO  impl.FollowerState (FollowerState.java:run(117)) - b3bb9051-8089-4c51-a999-81579e5913f2@group-0E159EE4F99E-FollowerState was interrupted: java.lang.InterruptedException: sleep interrupted
2019-11-05 08:23:49,975 [grpc-default-executor-1] INFO  impl.RoleInfo (RoleInfo.java:updateAndGet(143)) - b3bb9051-8089-4c51-a999-81579e5913f2: start FollowerState
2019-11-05 08:23:49,975 [Thread-598] INFO  impl.FollowerState (FollowerState.java:run(117)) - caafcba9-090a-41f5-a5f9-cba5a6a81e94@group-0E159EE4F99E-FollowerState was interrupted: java.lang.InterruptedException: sleep interrupted
2019-11-05 08:23:49,975 [grpc-default-executor-5] INFO  impl.RoleInfo (RoleInfo.java:updateAndGet(143)) - caafcba9-090a-41f5-a5f9-cba5a6a81e94: start FollowerState
2019-11-05 08:23:49,975 [4a682f4f-c3f2-4b77-88b7-f0ab78890feb@group-0DB8C7688BF9-LeaderElection41] INFO  impl.RaftServerImpl (RaftServerImpl.java:setRole(184)) - 4a682f4f-c3f2-4b77-88b7-f0ab78890feb@group-0DB8C7688BF9: changes role from CANDIDATE to FOLLOWER at term 14 for DISCOVERED_A_NEW_TERM
2019-11-05 08:23:49,976 [4a682f4f-c3f2-4b77-88b7-f0ab78890feb@group-0DB8C7688BF9-LeaderElection41] INFO  impl.RoleInfo (RoleInfo.java:shutdownLeaderElection(134)) - 4a682f4f-c3f2-4b77-88b7-f0ab78890feb: shutdown LeaderElection
2019-11-05 08:23:49,976 [4a682f4f-c3f2-4b77-88b7-f0ab78890feb@group-0DB8C7688BF9-LeaderElection41] INFO  impl.RoleInfo (RoleInfo.java:updateAndGet(143)) - 4a682f4f-c3f2-4b77-88b7-f0ab78890feb: start FollowerState
2019-11-05 08:23:49,995 [a8ae9c07-6d89-4a49-a594-cacd4b776180@group-0E159EE4F99E-LeaderElection40] INFO  impl.LeaderElection (LeaderElection.java:logAndReturn(56)) - a8ae9c07-6d89-4a49-a594-cacd4b776180@group-0E159EE4F99E-LeaderElection40: Election REJECTED; received 2 response(s) [a8ae9c07-6d89-4a49-a594-cacd4b776180<-caafcba9-090a-41f5-a5f9-cba5a6a81e94#0:FAIL-t17, a8ae9c07-6d89-4a49-a594-cacd4b776180<-b3bb9051-8089-4c51-a999-81579e5913f2#0:FAIL-t17] and 0 exception(s); a8ae9c07-6d89-4a49-a594-cacd4b776180@group-0E159EE4F99E:t17, leader=null, voted=a8ae9c07-6d89-4a49-a594-cacd4b776180, raftlog=a8ae9c07-6d89-4a49-a594-cacd4b776180@group-0E159EE4F99E-SegmentedRaftLog:OPENED:c-1,f-1,i0, conf=-1: [caafcba9-090a-41f5-a5f9-cba5a6a81e94:192.168.164.217:37197, a8ae9c07-6d89-4a49-a594-cacd4b776180:192.168.164.217:42719, b3bb9051-8089-4c51-a999-81579e5913f2:192.168.164.217:36516], old=null
2019-11-05 08:23:49,995 [a8ae9c07-6d89-4a49-a594-cacd4b776180@group-0E159EE4F99E-LeaderElection40] INFO  impl.RaftServerImpl (RaftServerImpl.java:setRole(184)) - a8ae9c07-6d89-4a49-a594-cacd4b776180@group-0E159EE4F99E: changes role from CANDIDATE to FOLLOWER at term 17 for DISCOVERED_A_NEW_TERM
2019-11-05 08:23:49,995 [a8ae9c07-6d89-4a49-a594-cacd4b776180@group-0E159EE4F99E-LeaderElection40] INFO  impl.RoleInfo (RoleInfo.java:shutdownLeaderElection(134)) - a8ae9c07-6d89-4a49-a594-cacd4b776180: shutdown LeaderElection
2019-11-05 08:23:49,995 [a8ae9c07-6d89-4a49-a594-cacd4b776180@group-0E159EE4F99E-LeaderElection40] INFO  impl.RoleInfo (RoleInfo.java:updateAndGet(143)) - a8ae9c07-6d89-4a49-a594-cacd4b776180: start FollowerState
2019-11-05 08:23:50,062 [Thread-606] INFO  impl.FollowerState (FollowerState.java:run(108)) - 4a682f4f-c3f2-4b77-88b7-f0ab78890feb@group-0DB8C7688BF9-FollowerState: change to CANDIDATE, lastRpcTime:85ms, electionTimeout:85ms
2019-11-05 08:23:50,062 [Thread-606] INFO  impl.RoleInfo (RoleInfo.java:shutdownFollowerState(121)) - 4a682f4f-c3f2-4b77-88b7-f0ab78890feb: shutdown FollowerState
2019-11-05 08:23:50,062 [Thread-606] INFO  impl.RaftServerImpl (RaftServerImpl.java:setRole(184)) - 4a682f4f-c3f2-4b77-88b7-f0ab78890feb@group-0DB8C7688BF9: changes role from  FOLLOWER to CANDIDATE at term 14 for changeToCandidate
2019-11-05 08:23:50,062 [Thread-606] INFO  impl.RoleInfo (RoleInfo.java:updateAndGet(143)) - 4a682f4f-c3f2-4b77-88b7-f0ab78890feb: start LeaderElection
2019-11-05 08:23:50,082 [4a682f4f-c3f2-4b77-88b7-f0ab78890feb@group-0DB8C7688BF9-LeaderElection42] INFO  impl.LeaderElection (LeaderElection.java:askForVotes(178)) - 4a682f4f-c3f2-4b77-88b7-f0ab78890feb@group-0DB8C7688BF9-LeaderElection42: begin an election at term 15 for -1: [77ab65e6-d942-49df-83a3-1d4c0bf152b3:192.168.164.217:39381, 7e1b84a9-a041-44fd-8008-f2679426984c:192.168.164.217:44149, 4a682f4f-c3f2-4b77-88b7-f0ab78890feb:192.168.164.217:34174], old=null
2019-11-05 08:23:50,085 [grpc-default-executor-5] INFO  impl.RaftServerImpl (RaftServerImpl.java:setRole(184)) - 77ab65e6-d942-49df-83a3-1d4c0bf152b3@group-0DB8C7688BF9: changes role from  FOLLOWER to FOLLOWER at term 15 for recognizeCandidate:4a682f4f-c3f2-4b77-88b7-f0ab78890feb
2019-11-05 08:23:50,085 [grpc-default-executor-5] INFO  impl.RoleInfo (RoleInfo.java:shutdownFollowerState(121)) - 77ab65e6-d942-49df-83a3-1d4c0bf152b3: shutdown FollowerState
2019-11-05 08:23:50,085 [grpc-default-executor-1] INFO  impl.RaftServerImpl (RaftServerImpl.java:setRole(184)) - 7e1b84a9-a041-44fd-8008-f2679426984c@group-0DB8C7688BF9: changes role from  FOLLOWER to FOLLOWER at term 15 for recognizeCandidate:4a682f4f-c3f2-4b77-88b7-f0ab78890feb
2019-11-05 08:23:50,085 [Thread-601] INFO  impl.FollowerState (FollowerState.java:run(117)) - 77ab65e6-d942-49df-83a3-1d4c0bf152b3@group-0DB8C7688BF9-FollowerState was interrupted: java.lang.InterruptedException: sleep interrupted
2019-11-05 08:23:50,085 [grpc-default-executor-1] INFO  impl.RoleInfo (RoleInfo.java:shutdownFollowerState(121)) - 7e1b84a9-a041-44fd-8008-f2679426984c: shutdown FollowerState
2019-11-05 08:23:50,085 [grpc-default-executor-5] INFO  impl.RoleInfo (RoleInfo.java:updateAndGet(143)) - 77ab65e6-d942-49df-83a3-1d4c0bf152b3: start FollowerState
2019-11-05 08:23:50,086 [Thread-600] INFO  impl.FollowerState (FollowerState.java:run(117)) - 7e1b84a9-a041-44fd-8008-f2679426984c@group-0DB8C7688BF9-FollowerState was interrupted: java.lang.InterruptedException: sleep interrupted
2019-11-05 08:23:50,086 [grpc-default-executor-1] INFO  impl.RoleInfo (RoleInfo.java:updateAndGet(143)) - 7e1b84a9-a041-44fd-8008-f2679426984c: start FollowerState
2019-11-05 08:23:50,098 [4a682f4f-c3f2-4b77-88b7-f0ab78890feb@group-0DB8C7688BF9-LeaderElection42] INFO  impl.LeaderElection (LeaderElection.java:logAndReturn(56)) - 4a682f4f-c3f2-4b77-88b7-f0ab78890feb@group-0DB8C7688BF9-LeaderElection42: Election TIMEOUT; received 0 response(s) [] and 0 exception(s); 4a682f4f-c3f2-4b77-88b7-f0ab78890feb@group-0DB8C7688BF9:t15, leader=null, voted=4a682f4f-c3f2-4b77-88b7-f0ab78890feb, raftlog=4a682f4f-c3f2-4b77-88b7-f0ab78890feb@group-0DB8C7688BF9-SegmentedRaftLog:OPENED:c-1,f-1,i0, conf=-1: [77ab65e6-d942-49df-83a3-1d4c0bf152b3:192.168.164.217:39381, 7e1b84a9-a041-44fd-8008-f2679426984c:192.168.164.217:44149, 4a682f4f-c3f2-4b77-88b7-f0ab78890feb:192.168.164.217:34174], old=null
2019-11-05 08:23:50,101 [Thread-607] INFO  impl.FollowerState (FollowerState.java:run(108)) - a8ae9c07-6d89-4a49-a594-cacd4b776180@group-0E159EE4F99E-FollowerState: change to CANDIDATE, lastRpcTime:106ms, electionTimeout:106ms
2019-11-05 08:23:50,101 [Thread-607] INFO  impl.RoleInfo (RoleInfo.java:shutdownFollowerState(121)) - a8ae9c07-6d89-4a49-a594-cacd4b776180: shutdown FollowerState
2019-11-05 08:23:50,102 [4a682f4f-c3f2-4b77-88b7-f0ab78890feb@group-0DB8C7688BF9-LeaderElection42] INFO  impl.LeaderElection (LeaderElection.java:askForVotes(178)) - 4a682f4f-c3f2-4b77-88b7-f0ab78890feb@group-0DB8C7688BF9-LeaderElection42: begin an election at term 16 for -1: [77ab65e6-d942-49df-83a3-1d4c0bf152b3:192.168.164.217:39381, 7e1b84a9-a041-44fd-8008-f2679426984c:192.168.164.217:44149, 4a682f4f-c3f2-4b77-88b7-f0ab78890feb:192.168.164.217:34174], old=null
2019-11-05 08:23:50,102 [Thread-607] INFO  impl.RaftServerImpl (RaftServerImpl.java:setRole(184)) - a8ae9c07-6d89-4a49-a594-cacd4b776180@group-0E159EE4F99E: changes role from  FOLLOWER to CANDIDATE at term 17 for changeToCandidate
2019-11-05 08:23:50,102 [Thread-607] INFO  impl.RoleInfo (RoleInfo.java:updateAndGet(143)) - a8ae9c07-6d89-4a49-a594-cacd4b776180: start LeaderElection
2019-11-05 08:23:50,105 [grpc-default-executor-5] INFO  impl.RaftServerImpl (RaftServerImpl.java:setRole(184)) - 7e1b84a9-a041-44fd-8008-f2679426984c@group-0DB8C7688BF9: changes role from  FOLLOWER to FOLLOWER at term 16 for recognizeCandidate:4a682f4f-c3f2-4b77-88b7-f0ab78890feb
2019-11-05 08:23:50,105 [grpc-default-executor-1] INFO  impl.RaftServerImpl (RaftServerImpl.java:setRole(184)) - 77ab65e6-d942-49df-83a3-1d4c0bf152b3@group-0DB8C7688BF9: changes role from  FOLLOWER to FOLLOWER at term 16 for recognizeCandidate:4a682f4f-c3f2-4b77-88b7-f0ab78890feb
2019-11-05 08:23:50,105 [grpc-default-executor-5] INFO  impl.RoleInfo (RoleInfo.java:shutdownFollowerState(121)) - 7e1b84a9-a041-44fd-8008-f2679426984c: shutdown FollowerState
2019-11-05 08:23:50,105 [grpc-default-executor-1] INFO  impl.RoleInfo (RoleInfo.java:shutdownFollowerState(121)) - 77ab65e6-d942-49df-83a3-1d4c0bf152b3: shutdown FollowerState
2019-11-05 08:23:50,105 [grpc-default-executor-5] INFO  impl.RoleInfo (RoleInfo.java:updateAndGet(143)) - 7e1b84a9-a041-44fd-8008-f2679426984c: start FollowerState
2019-11-05 08:23:50,105 [Thread-614] INFO  impl.FollowerState (FollowerState.java:run(117)) - 7e1b84a9-a041-44fd-8008-f2679426984c@group-0DB8C7688BF9-FollowerState was interrupted: java.lang.InterruptedException: sleep interrupted
2019-11-05 08:23:50,105 [Thread-613] INFO  impl.FollowerState (FollowerState.java:run(117)) - 77ab65e6-d942-49df-83a3-1d4c0bf152b3@group-0DB8C7688BF9-FollowerState was interrupted: java.lang.InterruptedException: sleep interrupted
2019-11-05 08:23:50,105 [grpc-default-executor-1] INFO  impl.RoleInfo (RoleInfo.java:updateAndGet(143)) - 77ab65e6-d942-49df-83a3-1d4c0bf152b3: start FollowerState
2019-11-05 08:23:50,117 [a8ae9c07-6d89-4a49-a594-cacd4b776180@group-0E159EE4F99E-LeaderElection43] INFO  impl.LeaderElection (LeaderElection.java:askForVotes(178)) - a8ae9c07-6d89-4a49-a594-cacd4b776180@group-0E159EE4F99E-LeaderElection43: begin an election at term 18 for -1: [caafcba9-090a-41f5-a5f9-cba5a6a81e94:192.168.164.217:37197, a8ae9c07-6d89-4a49-a594-cacd4b776180:192.168.164.217:42719, b3bb9051-8089-4c51-a999-81579e5913f2:192.168.164.217:36516], old=null
2019-11-05 08:23:50,119 [4a682f4f-c3f2-4b77-88b7-f0ab78890feb@group-0DB8C7688BF9-LeaderElection42] INFO  impl.LeaderElection (LeaderElection.java:logAndReturn(56)) - 4a682f4f-c3f2-4b77-88b7-f0ab78890feb@group-0DB8C7688BF9-LeaderElection42: Election REJECTED; received 2 response(s) [4a682f4f-c3f2-4b77-88b7-f0ab78890feb<-77ab65e6-d942-49df-83a3-1d4c0bf152b3#0:FAIL-t16, 4a682f4f-c3f2-4b77-88b7-f0ab78890feb<-7e1b84a9-a041-44fd-8008-f2679426984c#0:FAIL-t16] and 0 exception(s); 4a682f4f-c3f2-4b77-88b7-f0ab78890feb@group-0DB8C7688BF9:t16, leader=null, voted=4a682f4f-c3f2-4b77-88b7-f0ab78890feb, raftlog=4a682f4f-c3f2-4b77-88b7-f0ab78890feb@group-0DB8C7688BF9-SegmentedRaftLog:OPENED:c-1,f-1,i0, conf=-1: [77ab65e6-d942-49df-83a3-1d4c0bf152b3:192.168.164.217:39381, 7e1b84a9-a041-44fd-8008-f2679426984c:192.168.164.217:44149, 4a682f4f-c3f2-4b77-88b7-f0ab78890feb:192.168.164.217:34174], old=null
2019-11-05 08:23:50,119 [4a682f4f-c3f2-4b77-88b7-f0ab78890feb@group-0DB8C7688BF9-LeaderElection42] INFO  impl.RaftServerImpl (RaftServerImpl.java:setRole(184)) - 4a682f4f-c3f2-4b77-88b7-f0ab78890feb@group-0DB8C7688BF9: changes role from CANDIDATE to FOLLOWER at term 16 for DISCOVERED_A_NEW_TERM
2019-11-05 08:23:50,119 [4a682f4f-c3f2-4b77-88b7-f0ab78890feb@group-0DB8C7688BF9-LeaderElection42] INFO  impl.RoleInfo (RoleInfo.java:shutdownLeaderElection(134)) - 4a682f4f-c3f2-4b77-88b7-f0ab78890feb: shutdown LeaderElection
2019-11-05 08:23:50,119 [4a682f4f-c3f2-4b77-88b7-f0ab78890feb@group-0DB8C7688BF9-LeaderElection42] INFO  impl.RoleInfo (RoleInfo.java:updateAndGet(143)) - 4a682f4f-c3f2-4b77-88b7-f0ab78890feb: start FollowerState
2019-11-05 08:23:50,120 [grpc-default-executor-1] INFO  impl.RaftServerImpl (RaftServerImpl.java:setRole(184)) - caafcba9-090a-41f5-a5f9-cba5a6a81e94@group-0E159EE4F99E: changes role from  FOLLOWER to FOLLOWER at term 18 for recognizeCandidate:a8ae9c07-6d89-4a49-a594-cacd4b776180
2019-11-05 08:23:50,120 [grpc-default-executor-1] INFO  impl.RoleInfo (RoleInfo.java:shutdownFollowerState(121)) - caafcba9-090a-41f5-a5f9-cba5a6a81e94: shutdown FollowerState
2019-11-05 08:23:50,121 [grpc-default-executor-1] INFO  impl.RoleInfo (RoleInfo.java:updateAndGet(143)) - caafcba9-090a-41f5-a5f9-cba5a6a81e94: start FollowerState
2019-11-05 08:23:50,121 [grpc-default-executor-5] INFO  impl.RaftServerImpl (RaftServerImpl.java:setRole(184)) - b3bb9051-8089-4c51-a999-81579e5913f2@group-0E159EE4F99E: changes role from  FOLLOWER to FOLLOWER at term 18 for recognizeCandidate:a8ae9c07-6d89-4a49-a594-cacd4b776180
2019-11-05 08:23:50,121 [Thread-604] INFO  impl.FollowerState (FollowerState.java:run(117)) - caafcba9-090a-41f5-a5f9-cba5a6a81e94@group-0E159EE4F99E-FollowerState was interrupted: java.lang.InterruptedException: sleep interrupted
2019-11-05 08:23:50,121 [grpc-default-executor-5] INFO  impl.RoleInfo (RoleInfo.java:shutdownFollowerState(121)) - b3bb9051-8089-4c51-a999-81579e5913f2: shutdown FollowerState
2019-11-05 08:23:50,121 [grpc-default-executor-5] INFO  impl.RoleInfo (RoleInfo.java:updateAndGet(143)) - b3bb9051-8089-4c51-a999-81579e5913f2: start FollowerState
2019-11-05 08:23:50,121 [Thread-605] INFO  impl.FollowerState (FollowerState.java:run(117)) - b3bb9051-8089-4c51-a999-81579e5913f2@group-0E159EE4F99E-FollowerState was interrupted: java.lang.InterruptedException: sleep interrupted
2019-11-05 08:23:50,136 [a8ae9c07-6d89-4a49-a594-cacd4b776180@group-0E159EE4F99E-LeaderElection43] INFO  impl.LeaderElection (LeaderElection.java:logAndReturn(56)) - a8ae9c07-6d89-4a49-a594-cacd4b776180@group-0E159EE4F99E-LeaderElection43: Election REJECTED; received 2 response(s) [a8ae9c07-6d89-4a49-a594-cacd4b776180<-caafcba9-090a-41f5-a5f9-cba5a6a81e94#0:FAIL-t18, a8ae9c07-6d89-4a49-a594-cacd4b776180<-b3bb9051-8089-4c51-a999-81579e5913f2#0:FAIL-t18] and 0 exception(s); a8ae9c07-6d89-4a49-a594-cacd4b776180@group-0E159EE4F99E:t18, leader=null, voted=a8ae9c07-6d89-4a49-a594-cacd4b776180, raftlog=a8ae9c07-6d89-4a49-a594-cacd4b776180@group-0E159EE4F99E-SegmentedRaftLog:OPENED:c-1,f-1,i0, conf=-1: [caafcba9-090a-41f5-a5f9-cba5a6a81e94:192.168.164.217:37197, a8ae9c07-6d89-4a49-a594-cacd4b776180:192.168.164.217:42719, b3bb9051-8089-4c51-a999-81579e5913f2:192.168.164.217:36516], old=null
2019-11-05 08:23:50,136 [a8ae9c07-6d89-4a49-a594-cacd4b776180@group-0E159EE4F99E-LeaderElection43] INFO  impl.RaftServerImpl (RaftServerImpl.java:setRole(184)) - a8ae9c07-6d89-4a49-a594-cacd4b776180@group-0E159EE4F99E: changes role from CANDIDATE to FOLLOWER at term 18 for DISCOVERED_A_NEW_TERM
2019-11-05 08:23:50,136 [a8ae9c07-6d89-4a49-a594-cacd4b776180@group-0E159EE4F99E-LeaderElection43] INFO  impl.RoleInfo (RoleInfo.java:shutdownLeaderElection(134)) - a8ae9c07-6d89-4a49-a594-cacd4b776180: shutdown LeaderElection
2019-11-05 08:23:50,136 [a8ae9c07-6d89-4a49-a594-cacd4b776180@group-0E159EE4F99E-LeaderElection43] INFO  impl.RoleInfo (RoleInfo.java:updateAndGet(143)) - a8ae9c07-6d89-4a49-a594-cacd4b776180: start FollowerState
2019-11-05 08:23:50,227 [Thread-622] INFO  impl.FollowerState (FollowerState.java:run(108)) - 4a682f4f-c3f2-4b77-88b7-f0ab78890feb@group-0DB8C7688BF9-FollowerState: change to CANDIDATE, lastRpcTime:107ms, electionTimeout:107ms
2019-11-05 08:23:50,227 [Thread-622] INFO  impl.RoleInfo (RoleInfo.java:shutdownFollowerState(121)) - 4a682f4f-c3f2-4b77-88b7-f0ab78890feb: shutdown FollowerState
2019-11-05 08:23:50,227 [Thread-622] INFO  impl.RaftServerImpl (RaftServerImpl.java:setRole(184)) - 4a682f4f-c3f2-4b77-88b7-f0ab78890feb@group-0DB8C7688BF9: changes role from  FOLLOWER to CANDIDATE at term 16 for changeToCandidate
2019-11-05 08:23:50,227 [Thread-622] INFO  impl.RoleInfo (RoleInfo.java:updateAndGet(143)) - 4a682f4f-c3f2-4b77-88b7-f0ab78890feb: start LeaderElection
2019-11-05 08:23:50,241 [4a682f4f-c3f2-4b77-88b7-f0ab78890feb@group-0DB8C7688BF9-LeaderElection44] INFO  impl.LeaderElection (LeaderElection.java:askForVotes(178)) - 4a682f4f-c3f2-4b77-88b7-f0ab78890feb@group-0DB8C7688BF9-LeaderElection44: begin an election at term 17 for -1: [77ab65e6-d942-49df-83a3-1d4c0bf152b3:192.168.164.217:39381, 7e1b84a9-a041-44fd-8008-f2679426984c:192.168.164.217:44149, 4a682f4f-c3f2-4b77-88b7-f0ab78890feb:192.168.164.217:34174], old=null
2019-11-05 08:23:50,243 [grpc-default-executor-5] INFO  impl.RaftServerImpl (RaftServerImpl.java:setRole(184)) - 77ab65e6-d942-49df-83a3-1d4c0bf152b3@group-0DB8C7688BF9: changes role from  FOLLOWER to FOLLOWER at term 17 for recognizeCandidate:4a682f4f-c3f2-4b77-88b7-f0ab78890feb
2019-11-05 08:23:50,243 [grpc-default-executor-1] INFO  impl.RaftServerImpl (RaftServerImpl.java:setRole(184)) - 7e1b84a9-a041-44fd-8008-f2679426984c@group-0DB8C7688BF9: changes role from  FOLLOWER to FOLLOWER at term 17 for recognizeCandidate:4a682f4f-c3f2-4b77-88b7-f0ab78890feb
2019-11-05 08:23:50,243 [grpc-default-executor-5] INFO  impl.RoleInfo (RoleInfo.java:shutdownFollowerState(121)) - 77ab65e6-d942-49df-83a3-1d4c0bf152b3: shutdown FollowerState
2019-11-05 08:23:50,244 [grpc-default-executor-1] INFO  impl.RoleInfo (RoleInfo.java:shutdownFollowerState(121)) - 7e1b84a9-a041-44fd-8008-f2679426984c: shutdown FollowerState
2019-11-05 08:23:50,244 [Thread-619] INFO  impl.FollowerState (FollowerState.java:run(117)) - 77ab65e6-d942-49df-83a3-1d4c0bf152b3@group-0DB8C7688BF9-FollowerState was interrupted: java.lang.InterruptedException: sleep interrupted
2019-11-05 08:23:50,244 [grpc-default-executor-5] INFO  impl.RoleInfo (RoleInfo.java:updateAndGet(143)) - 77ab65e6-d942-49df-83a3-1d4c0bf152b3: start FollowerState
2019-11-05 08:23:50,244 [Thread-618] INFO  impl.FollowerState (FollowerState.java:run(117)) - 7e1b84a9-a041-44fd-8008-f2679426984c@group-0DB8C7688BF9-FollowerState was interrupted: java.lang.InterruptedException: sleep interrupted
2019-11-05 08:23:50,244 [grpc-default-executor-1] INFO  impl.RoleInfo (RoleInfo.java:updateAndGet(143)) - 7e1b84a9-a041-44fd-8008-f2679426984c: start FollowerState
2019-11-05 08:23:50,259 [4a682f4f-c3f2-4b77-88b7-f0ab78890feb@group-0DB8C7688BF9-LeaderElection44] INFO  impl.LeaderElection (LeaderElection.java:logAndReturn(56)) - 4a682f4f-c3f2-4b77-88b7-f0ab78890feb@group-0DB8C7688BF9-LeaderElection44: Election REJECTED; received 2 response(s) [4a682f4f-c3f2-4b77-88b7-f0ab78890feb<-77ab65e6-d942-49df-83a3-1d4c0bf152b3#0:FAIL-t17, 4a682f4f-c3f2-4b77-88b7-f0ab78890feb<-7e1b84a9-a041-44fd-8008-f2679426984c#0:FAIL-t17] and 0 exception(s); 4a682f4f-c3f2-4b77-88b7-f0ab78890feb@group-0DB8C7688BF9:t17, leader=null, voted=4a682f4f-c3f2-4b77-88b7-f0ab78890feb, raftlog=4a682f4f-c3f2-4b77-88b7-f0ab78890feb@group-0DB8C7688BF9-SegmentedRaftLog:OPENED:c-1,f-1,i0, conf=-1: [77ab65e6-d942-49df-83a3-1d4c0bf152b3:192.168.164.217:39381, 7e1b84a9-a041-44fd-8008-f2679426984c:192.168.164.217:44149, 4a682f4f-c3f2-4b77-88b7-f0ab78890feb:192.168.164.217:34174], old=null
2019-11-05 08:23:50,259 [4a682f4f-c3f2-4b77-88b7-f0ab78890feb@group-0DB8C7688BF9-LeaderElection44] INFO  impl.RaftServerImpl (RaftServerImpl.java:setRole(184)) - 4a682f4f-c3f2-4b77-88b7-f0ab78890feb@group-0DB8C7688BF9: changes role from CANDIDATE to FOLLOWER at term 17 for DISCOVERED_A_NEW_TERM
2019-11-05 08:23:50,259 [4a682f4f-c3f2-4b77-88b7-f0ab78890feb@group-0DB8C7688BF9-LeaderElection44] INFO  impl.RoleInfo (RoleInfo.java:shutdownLeaderElection(134)) - 4a682f4f-c3f2-4b77-88b7-f0ab78890feb: shutdown LeaderElection
2019-11-05 08:23:50,259 [4a682f4f-c3f2-4b77-88b7-f0ab78890feb@group-0DB8C7688BF9-LeaderElection44] INFO  impl.RoleInfo (RoleInfo.java:updateAndGet(143)) - 4a682f4f-c3f2-4b77-88b7-f0ab78890feb: start FollowerState
2019-11-05 08:23:50,297 [Thread-625] INFO  impl.FollowerState (FollowerState.java:run(108)) - a8ae9c07-6d89-4a49-a594-cacd4b776180@group-0E159EE4F99E-FollowerState: change to CANDIDATE, lastRpcTime:160ms, electionTimeout:160ms
2019-11-05 08:23:50,297 [Thread-625] INFO  impl.RoleInfo (RoleInfo.java:shutdownFollowerState(121)) - a8ae9c07-6d89-4a49-a594-cacd4b776180: shutdown FollowerState
2019-11-05 08:23:50,297 [Thread-625] INFO  impl.RaftServerImpl (RaftServerImpl.java:setRole(184)) - a8ae9c07-6d89-4a49-a594-cacd4b776180@group-0E159EE4F99E: changes role from  FOLLOWER to CANDIDATE at term 18 for changeToCandidate
2019-11-05 08:23:50,297 [Thread-625] INFO  impl.RoleInfo (RoleInfo.java:updateAndGet(143)) - a8ae9c07-6d89-4a49-a594-cacd4b776180: start LeaderElection
2019-11-05 08:23:50,313 [a8ae9c07-6d89-4a49-a594-cacd4b776180@group-0E159EE4F99E-LeaderElection45] INFO  impl.LeaderElection (LeaderElection.java:askForVotes(178)) - a8ae9c07-6d89-4a49-a594-cacd4b776180@group-0E159EE4F99E-LeaderElection45: begin an election at term 19 for -1: [caafcba9-090a-41f5-a5f9-cba5a6a81e94:192.168.164.217:37197, a8ae9c07-6d89-4a49-a594-cacd4b776180:192.168.164.217:42719, b3bb9051-8089-4c51-a999-81579e5913f2:192.168.164.217:36516], old=null
2019-11-05 08:23:50,316 [grpc-default-executor-1] INFO  impl.RaftServerImpl (RaftServerImpl.java:setRole(184)) - b3bb9051-8089-4c51-a999-81579e5913f2@group-0E159EE4F99E: changes role from  FOLLOWER to FOLLOWER at term 19 for recognizeCandidate:a8ae9c07-6d89-4a49-a594-cacd4b776180
2019-11-05 08:23:50,316 [grpc-default-executor-1] INFO  impl.RoleInfo (RoleInfo.java:shutdownFollowerState(121)) - b3bb9051-8089-4c51-a999-81579e5913f2: shutdown FollowerState
2019-11-05 08:23:50,316 [grpc-default-executor-5] INFO  impl.RaftServerImpl (RaftServerImpl.java:setRole(184)) - caafcba9-090a-41f5-a5f9-cba5a6a81e94@group-0E159EE4F99E: changes role from  FOLLOWER to FOLLOWER at term 19 for recognizeCandidate:a8ae9c07-6d89-4a49-a594-cacd4b776180
2019-11-05 08:23:50,316 [Thread-624] INFO  impl.FollowerState (FollowerState.java:run(117)) - b3bb9051-8089-4c51-a999-81579e5913f2@group-0E159EE4F99E-FollowerState was interrupted: java.lang.InterruptedException: sleep interrupted
2019-11-05 08:23:50,316 [grpc-default-executor-1] INFO  impl.RoleInfo (RoleInfo.java:updateAndGet(143)) - b3bb9051-8089-4c51-a999-81579e5913f2: start FollowerState
2019-11-05 08:23:50,316 [grpc-default-executor-5] INFO  impl.RoleInfo (RoleInfo.java:shutdownFollowerState(121)) - caafcba9-090a-41f5-a5f9-cba5a6a81e94: shutdown FollowerState
2019-11-05 08:23:50,316 [grpc-default-executor-5] INFO  impl.RoleInfo (RoleInfo.java:updateAndGet(143)) - caafcba9-090a-41f5-a5f9-cba5a6a81e94: start FollowerState
2019-11-05 08:23:50,316 [Thread-623] INFO  impl.FollowerState (FollowerState.java:run(117)) - caafcba9-090a-41f5-a5f9-cba5a6a81e94@group-0E159EE4F99E-FollowerState was interrupted: java.lang.InterruptedException: sleep interrupted
2019-11-05 08:23:50,322 [a8ae9c07-6d89-4a49-a594-cacd4b776180@group-0E159EE4F99E-LeaderElection45] INFO  impl.LeaderElection (LeaderElection.java:logAndReturn(56)) - a8ae9c07-6d89-4a49-a594-cacd4b776180@group-0E159EE4F99E-LeaderElection45: Election TIMEOUT; received 0 response(s) [] and 0 exception(s); a8ae9c07-6d89-4a49-a594-cacd4b776180@group-0E159EE4F99E:t19, leader=null, voted=a8ae9c07-6d89-4a49-a594-cacd4b776180, raftlog=a8ae9c07-6d89-4a49-a594-cacd4b776180@group-0E159EE4F99E-SegmentedRaftLog:OPENED:c-1,f-1,i0, conf=-1: [caafcba9-090a-41f5-a5f9-cba5a6a81e94:192.168.164.217:37197, a8ae9c07-6d89-4a49-a594-cacd4b776180:192.168.164.217:42719, b3bb9051-8089-4c51-a999-81579e5913f2:192.168.164.217:36516], old=null
2019-11-05 08:23:50,336 [a8ae9c07-6d89-4a49-a594-cacd4b776180@group-0E159EE4F99E-LeaderElection45] INFO  impl.LeaderElection (LeaderElection.java:askForVotes(178)) - a8ae9c07-6d89-4a49-a594-cacd4b776180@group-0E159EE4F99E-LeaderElection45: begin an election at term 20 for -1: [caafcba9-090a-41f5-a5f9-cba5a6a81e94:192.168.164.217:37197, a8ae9c07-6d89-4a49-a594-cacd4b776180:192.168.164.217:42719, b3bb9051-8089-4c51-a999-81579e5913f2:192.168.164.217:36516], old=null
2019-11-05 08:23:50,341 [grpc-default-executor-1] INFO  impl.RaftServerImpl (RaftServerImpl.java:setRole(184)) - caafcba9-090a-41f5-a5f9-cba5a6a81e94@group-0E159EE4F99E: changes role from  FOLLOWER to FOLLOWER at term 20 for recognizeCandidate:a8ae9c07-6d89-4a49-a594-cacd4b776180
2019-11-05 08:23:50,341 [grpc-default-executor-1] INFO  impl.RoleInfo (RoleInfo.java:shutdownFollowerState(121)) - caafcba9-090a-41f5-a5f9-cba5a6a81e94: shutdown FollowerState
2019-11-05 08:23:50,341 [grpc-default-executor-1] INFO  impl.RoleInfo (RoleInfo.java:updateAndGet(143)) - caafcba9-090a-41f5-a5f9-cba5a6a81e94: start FollowerState
2019-11-05 08:23:50,341 [Thread-636] INFO  impl.FollowerState (FollowerState.java:run(117)) - caafcba9-090a-41f5-a5f9-cba5a6a81e94@group-0E159EE4F99E-FollowerState was interrupted: java.lang.InterruptedException: sleep interrupted
2019-11-05 08:23:50,341 [grpc-default-executor-5] INFO  impl.RaftServerImpl (RaftServerImpl.java:setRole(184)) - b3bb9051-8089-4c51-a999-81579e5913f2@group-0E159EE4F99E: changes role from  FOLLOWER to FOLLOWER at term 20 for recognizeCandidate:a8ae9c07-6d89-4a49-a594-cacd4b776180
2019-11-05 08:23:50,341 [grpc-default-executor-5] INFO  impl.RoleInfo (RoleInfo.java:shutdownFollowerState(121)) - b3bb9051-8089-4c51-a999-81579e5913f2: shutdown FollowerState
2019-11-05 08:23:50,342 [grpc-default-executor-5] INFO  impl.RoleInfo (RoleInfo.java:updateAndGet(143)) - b3bb9051-8089-4c51-a999-81579e5913f2: start FollowerState
2019-11-05 08:23:50,342 [Thread-635] INFO  impl.FollowerState (FollowerState.java:run(117)) - b3bb9051-8089-4c51-a999-81579e5913f2@group-0E159EE4F99E-FollowerState was interrupted: java.lang.InterruptedException: sleep interrupted
2019-11-05 08:23:50,350 [a8ae9c07-6d89-4a49-a594-cacd4b776180@group-0E159EE4F99E-LeaderElection45] INFO  impl.LeaderElection (LeaderElection.java:logAndReturn(56)) - a8ae9c07-6d89-4a49-a594-cacd4b776180@group-0E159EE4F99E-LeaderElection45: Election REJECTED; received 2 response(s) [a8ae9c07-6d89-4a49-a594-cacd4b776180<-caafcba9-090a-41f5-a5f9-cba5a6a81e94#0:FAIL-t20, a8ae9c07-6d89-4a49-a594-cacd4b776180<-b3bb9051-8089-4c51-a999-81579e5913f2#0:FAIL-t20] and 0 exception(s); a8ae9c07-6d89-4a49-a594-cacd4b776180@group-0E159EE4F99E:t20, leader=null, voted=a8ae9c07-6d89-4a49-a594-cacd4b776180, raftlog=a8ae9c07-6d89-4a49-a594-cacd4b776180@group-0E159EE4F99E-SegmentedRaftLog:OPENED:c-1,f-1,i0, conf=-1: [caafcba9-090a-41f5-a5f9-cba5a6a81e94:192.168.164.217:37197, a8ae9c07-6d89-4a49-a594-cacd4b776180:192.168.164.217:42719, b3bb9051-8089-4c51-a999-81579e5913f2:192.168.164.217:36516], old=null
2019-11-05 08:23:50,350 [a8ae9c07-6d89-4a49-a594-cacd4b776180@group-0E159EE4F99E-LeaderElection45] INFO  impl.RaftServerImpl (RaftServerImpl.java:setRole(184)) - a8ae9c07-6d89-4a49-a594-cacd4b776180@group-0E159EE4F99E: changes role from CANDIDATE to FOLLOWER at term 20 for DISCOVERED_A_NEW_TERM
2019-11-05 08:23:50,350 [a8ae9c07-6d89-4a49-a594-cacd4b776180@group-0E159EE4F99E-LeaderElection45] INFO  impl.RoleInfo (RoleInfo.java:shutdownLeaderElection(134)) - a8ae9c07-6d89-4a49-a594-cacd4b776180: shutdown LeaderElection
2019-11-05 08:23:50,350 [a8ae9c07-6d89-4a49-a594-cacd4b776180@group-0E159EE4F99E-LeaderElection45] INFO  impl.RoleInfo (RoleInfo.java:updateAndGet(143)) - a8ae9c07-6d89-4a49-a594-cacd4b776180: start FollowerState
2019-11-05 08:23:50,423 [Thread-641] INFO  impl.FollowerState (FollowerState.java:run(108)) - a8ae9c07-6d89-4a49-a594-cacd4b776180@group-0E159EE4F99E-FollowerState: change to CANDIDATE, lastRpcTime:72ms, electionTimeout:72ms
2019-11-05 08:23:50,423 [Thread-641] INFO  impl.RoleInfo (RoleInfo.java:shutdownFollowerState(121)) - a8ae9c07-6d89-4a49-a594-cacd4b776180: shutdown FollowerState
2019-11-05 08:23:50,423 [Thread-641] INFO  impl.RaftServerImpl (RaftServerImpl.java:setRole(184)) - a8ae9c07-6d89-4a49-a594-cacd4b776180@group-0E159EE4F99E: changes role from  FOLLOWER to CANDIDATE at term 20 for changeToCandidate
2019-11-05 08:23:50,423 [Thread-641] INFO  impl.RoleInfo (RoleInfo.java:updateAndGet(143)) - a8ae9c07-6d89-4a49-a594-cacd4b776180: start LeaderElection
2019-11-05 08:23:50,437 [a8ae9c07-6d89-4a49-a594-cacd4b776180@group-0E159EE4F99E-LeaderElection46] INFO  impl.LeaderElection (LeaderElection.java:askForVotes(178)) - a8ae9c07-6d89-4a49-a594-cacd4b776180@group-0E159EE4F99E-LeaderElection46: begin an election at term 21 for -1: [caafcba9-090a-41f5-a5f9-cba5a6a81e94:192.168.164.217:37197, a8ae9c07-6d89-4a49-a594-cacd4b776180:192.168.164.217:42719, b3bb9051-8089-4c51-a999-81579e5913f2:192.168.164.217:36516], old=null
2019-11-05 08:23:50,439 [grpc-default-executor-5] INFO  impl.RaftServerImpl (RaftServerImpl.java:setRole(184)) - caafcba9-090a-41f5-a5f9-cba5a6a81e94@group-0E159EE4F99E: changes role from  FOLLOWER to FOLLOWER at term 21 for recognizeCandidate:a8ae9c07-6d89-4a49-a594-cacd4b776180
2019-11-05 08:23:50,440 [grpc-default-executor-5] INFO  impl.RoleInfo (RoleInfo.java:shutdownFollowerState(121)) - caafcba9-090a-41f5-a5f9-cba5a6a81e94: shutdown FollowerState
2019-11-05 08:23:50,440 [grpc-default-executor-1] INFO  impl.RaftServerImpl (RaftServerImpl.java:setRole(184)) - b3bb9051-8089-4c51-a999-81579e5913f2@group-0E159EE4F99E: changes role from  FOLLOWER to FOLLOWER at term 21 for recognizeCandidate:a8ae9c07-6d89-4a49-a594-cacd4b776180
2019-11-05 08:23:50,440 [Thread-639] INFO  impl.FollowerState (FollowerState.java:run(117)) - caafcba9-090a-41f5-a5f9-cba5a6a81e94@group-0E159EE4F99E-FollowerState was interrupted: java.lang.InterruptedException: sleep interrupted
2019-11-05 08:23:50,440 [grpc-default-executor-5] INFO  impl.RoleInfo (RoleInfo.java:updateAndGet(143)) - caafcba9-090a-41f5-a5f9-cba5a6a81e94: start FollowerState
2019-11-05 08:23:50,440 [grpc-default-executor-1] INFO  impl.RoleInfo (RoleInfo.java:shutdownFollowerState(121)) - b3bb9051-8089-4c51-a999-81579e5913f2: shutdown FollowerState
2019-11-05 08:23:50,441 [grpc-default-executor-1] INFO  impl.RoleInfo (RoleInfo.java:updateAndGet(143)) - b3bb9051-8089-4c51-a999-81579e5913f2: start FollowerState
2019-11-05 08:23:50,441 [Thread-640] INFO  impl.FollowerState (FollowerState.java:run(117)) - b3bb9051-8089-4c51-a999-81579e5913f2@group-0E159EE4F99E-FollowerState was interrupted: java.lang.InterruptedException: sleep interrupted
2019-11-05 08:23:50,443 [Thread-631] INFO  impl.FollowerState (FollowerState.java:run(108)) - 4a682f4f-c3f2-4b77-88b7-f0ab78890feb@group-0DB8C7688BF9-FollowerState: change to CANDIDATE, lastRpcTime:183ms, electionTimeout:183ms
2019-11-05 08:23:50,443 [Thread-631] INFO  impl.RoleInfo (RoleInfo.java:shutdownFollowerState(121)) - 4a682f4f-c3f2-4b77-88b7-f0ab78890feb: shutdown FollowerState
2019-11-05 08:23:50,443 [Thread-631] INFO  impl.RaftServerImpl (RaftServerImpl.java:setRole(184)) - 4a682f4f-c3f2-4b77-88b7-f0ab78890feb@group-0DB8C7688BF9: changes role from  FOLLOWER to CANDIDATE at term 17 for changeToCandidate
2019-11-05 08:23:50,443 [Thread-631] INFO  impl.RoleInfo (RoleInfo.java:updateAndGet(143)) - 4a682f4f-c3f2-4b77-88b7-f0ab78890feb: start LeaderElection
2019-11-05 08:23:50,454 [4a682f4f-c3f2-4b77-88b7-f0ab78890feb@group-0DB8C7688BF9-LeaderElection47] INFO  impl.LeaderElection (LeaderElection.java:askForVotes(178)) - 4a682f4f-c3f2-4b77-88b7-f0ab78890feb@group-0DB8C7688BF9-LeaderElection47: begin an election at term 18 for -1: [77ab65e6-d942-49df-83a3-1d4c0bf152b3:192.168.164.217:39381, 7e1b84a9-a041-44fd-8008-f2679426984c:192.168.164.217:44149, 4a682f4f-c3f2-4b77-88b7-f0ab78890feb:192.168.164.217:34174], old=null
2019-11-05 08:23:50,458 [a8ae9c07-6d89-4a49-a594-cacd4b776180@group-0E159EE4F99E-LeaderElection46] INFO  impl.LeaderElection (LeaderElection.java:logAndReturn(56)) - a8ae9c07-6d89-4a49-a594-cacd4b776180@group-0E159EE4F99E-LeaderElection46: Election REJECTED; received 2 response(s) [a8ae9c07-6d89-4a49-a594-cacd4b776180<-caafcba9-090a-41f5-a5f9-cba5a6a81e94#0:FAIL-t21, a8ae9c07-6d89-4a49-a594-cacd4b776180<-b3bb9051-8089-4c51-a999-81579e5913f2#0:FAIL-t21] and 0 exception(s); a8ae9c07-6d89-4a49-a594-cacd4b776180@group-0E159EE4F99E:t21, leader=null, voted=a8ae9c07-6d89-4a49-a594-cacd4b776180, raftlog=a8ae9c07-6d89-4a49-a594-cacd4b776180@group-0E159EE4F99E-SegmentedRaftLog:OPENED:c-1,f-1,i0, conf=-1: [caafcba9-090a-41f5-a5f9-cba5a6a81e94:192.168.164.217:37197, a8ae9c07-6d89-4a49-a594-cacd4b776180:192.168.164.217:42719, b3bb9051-8089-4c51-a999-81579e5913f2:192.168.164.217:36516], old=null
2019-11-05 08:23:50,458 [a8ae9c07-6d89-4a49-a594-cacd4b776180@group-0E159EE4F99E-LeaderElection46] INFO  impl.RaftServerImpl (RaftServerImpl.java:setRole(184)) - a8ae9c07-6d89-4a49-a594-cacd4b776180@group-0E159EE4F99E: changes role from CANDIDATE to FOLLOWER at term 21 for DISCOVERED_A_NEW_TERM
2019-11-05 08:23:50,458 [a8ae9c07-6d89-4a49-a594-cacd4b776180@group-0E159EE4F99E-LeaderElection46] INFO  impl.RoleInfo (RoleInfo.java:shutdownLeaderElection(134)) - a8ae9c07-6d89-4a49-a594-cacd4b776180: shutdown LeaderElection
2019-11-05 08:23:50,459 [a8ae9c07-6d89-4a49-a594-cacd4b776180@group-0E159EE4F99E-LeaderElection46] INFO  impl.RoleInfo (RoleInfo.java:updateAndGet(143)) - a8ae9c07-6d89-4a49-a594-cacd4b776180: start FollowerState
2019-11-05 08:23:50,459 [grpc-default-executor-5] INFO  impl.RaftServerImpl (RaftServerImpl.java:setRole(184)) - 77ab65e6-d942-49df-83a3-1d4c0bf152b3@group-0DB8C7688BF9: changes role from  FOLLOWER to FOLLOWER at term 18 for recognizeCandidate:4a682f4f-c3f2-4b77-88b7-f0ab78890feb
2019-11-05 08:23:50,459 [grpc-default-executor-5] INFO  impl.RoleInfo (RoleInfo.java:shutdownFollowerState(121)) - 77ab65e6-d942-49df-83a3-1d4c0bf152b3: shutdown FollowerState
2019-11-05 08:23:50,459 [grpc-default-executor-5] INFO  impl.RoleInfo (RoleInfo.java:updateAndGet(143)) - 77ab65e6-d942-49df-83a3-1d4c0bf152b3: start FollowerState
2019-11-05 08:23:50,459 [Thread-629] INFO  impl.FollowerState (FollowerState.java:run(117)) - 77ab65e6-d942-49df-83a3-1d4c0bf152b3@group-0DB8C7688BF9-FollowerState was interrupted: java.lang.InterruptedException: sleep interrupted
2019-11-05 08:23:50,459 [grpc-default-executor-1] INFO  impl.RaftServerImpl (RaftServerImpl.java:setRole(184)) - 7e1b84a9-a041-44fd-8008-f2679426984c@group-0DB8C7688BF9: changes role from  FOLLOWER to FOLLOWER at term 18 for recognizeCandidate:4a682f4f-c3f2-4b77-88b7-f0ab78890feb
2019-11-05 08:23:50,460 [grpc-default-executor-1] INFO  impl.RoleInfo (RoleInfo.java:shutdownFollowerState(121)) - 7e1b84a9-a041-44fd-8008-f2679426984c: shutdown FollowerState
2019-11-05 08:23:50,460 [grpc-default-executor-1] INFO  impl.RoleInfo (RoleInfo.java:updateAndGet(143)) - 7e1b84a9-a041-44fd-8008-f2679426984c: start FollowerState
2019-11-05 08:23:50,460 [Thread-630] INFO  impl.FollowerState (FollowerState.java:run(117)) - 7e1b84a9-a041-44fd-8008-f2679426984c@group-0DB8C7688BF9-FollowerState was interrupted: java.lang.InterruptedException: sleep interrupted
2019-11-05 08:23:50,474 [4a682f4f-c3f2-4b77-88b7-f0ab78890feb@group-0DB8C7688BF9-LeaderElection47] INFO  impl.LeaderElection (LeaderElection.java:logAndReturn(56)) - 4a682f4f-c3f2-4b77-88b7-f0ab78890feb@group-0DB8C7688BF9-LeaderElection47: Election REJECTED; received 2 response(s) [4a682f4f-c3f2-4b77-88b7-f0ab78890feb<-77ab65e6-d942-49df-83a3-1d4c0bf152b3#0:FAIL-t18, 4a682f4f-c3f2-4b77-88b7-f0ab78890feb<-7e1b84a9-a041-44fd-8008-f2679426984c#0:FAIL-t18] and 0 exception(s); 4a682f4f-c3f2-4b77-88b7-f0ab78890feb@group-0DB8C7688BF9:t18, leader=null, voted=4a682f4f-c3f2-4b77-88b7-f0ab78890feb, raftlog=4a682f4f-c3f2-4b77-88b7-f0ab78890feb@group-0DB8C7688BF9-SegmentedRaftLog:OPENED:c-1,f-1,i0, conf=-1: [77ab65e6-d942-49df-83a3-1d4c0bf152b3:192.168.164.217:39381, 7e1b84a9-a041-44fd-8008-f2679426984c:192.168.164.217:44149, 4a682f4f-c3f2-4b77-88b7-f0ab78890feb:192.168.164.217:34174], old=null
2019-11-05 08:23:50,475 [4a682f4f-c3f2-4b77-88b7-f0ab78890feb@group-0DB8C7688BF9-LeaderElection47] INFO  impl.RaftServerImpl (RaftServerImpl.java:setRole(184)) - 4a682f4f-c3f2-4b77-88b7-f0ab78890feb@group-0DB8C7688BF9: changes role from CANDIDATE to FOLLOWER at term 18 for DISCOVERED_A_NEW_TERM
2019-11-05 08:23:50,475 [4a682f4f-c3f2-4b77-88b7-f0ab78890feb@group-0DB8C7688BF9-LeaderElection47] INFO  impl.RoleInfo (RoleInfo.java:shutdownLeaderElection(134)) - 4a682f4f-c3f2-4b77-88b7-f0ab78890feb: shutdown LeaderElection
2019-11-05 08:23:50,475 [4a682f4f-c3f2-4b77-88b7-f0ab78890feb@group-0DB8C7688BF9-LeaderElection47] INFO  impl.RoleInfo (RoleInfo.java:updateAndGet(143)) - 4a682f4f-c3f2-4b77-88b7-f0ab78890feb: start FollowerState
2019-11-05 08:23:50,489 [Thread-650] INFO  impl.FollowerState (FollowerState.java:run(108)) - a8ae9c07-6d89-4a49-a594-cacd4b776180@group-0E159EE4F99E-FollowerState: change to CANDIDATE, lastRpcTime:30ms, electionTimeout:30ms
2019-11-05 08:23:50,489 [Thread-650] INFO  impl.RoleInfo (RoleInfo.java:shutdownFollowerState(121)) - a8ae9c07-6d89-4a49-a594-cacd4b776180: shutdown FollowerState
2019-11-05 08:23:50,489 [Thread-650] INFO  impl.RaftServerImpl (RaftServerImpl.java:setRole(184)) - a8ae9c07-6d89-4a49-a594-cacd4b776180@group-0E159EE4F99E: changes role from  FOLLOWER to CANDIDATE at term 21 for changeToCandidate
2019-11-05 08:23:50,489 [Thread-650] INFO  impl.RoleInfo (RoleInfo.java:updateAndGet(143)) - a8ae9c07-6d89-4a49-a594-cacd4b776180: start LeaderElection
2019-11-05 08:23:50,503 [a8ae9c07-6d89-4a49-a594-cacd4b776180@group-0E159EE4F99E-LeaderElection48] INFO  impl.LeaderElection (LeaderElection.java:askForVotes(178)) - a8ae9c07-6d89-4a49-a594-cacd4b776180@group-0E159EE4F99E-LeaderElection48: begin an election at term 22 for -1: [caafcba9-090a-41f5-a5f9-cba5a6a81e94:192.168.164.217:37197, a8ae9c07-6d89-4a49-a594-cacd4b776180:192.168.164.217:42719, b3bb9051-8089-4c51-a999-81579e5913f2:192.168.164.217:36516], old=null
2019-11-05 08:23:50,506 [grpc-default-executor-5] INFO  impl.RaftServerImpl (RaftServerImpl.java:setRole(184)) - caafcba9-090a-41f5-a5f9-cba5a6a81e94@group-0E159EE4F99E: changes role from  FOLLOWER to FOLLOWER at term 22 for recognizeCandidate:a8ae9c07-6d89-4a49-a594-cacd4b776180
2019-11-05 08:23:50,506 [grpc-default-executor-1] INFO  impl.RaftServerImpl (RaftServerImpl.java:setRole(184)) - b3bb9051-8089-4c51-a999-81579e5913f2@group-0E159EE4F99E: changes role from  FOLLOWER to FOLLOWER at term 22 for recognizeCandidate:a8ae9c07-6d89-4a49-a594-cacd4b776180
2019-11-05 08:23:50,506 [grpc-default-executor-5] INFO  impl.RoleInfo (RoleInfo.java:shutdownFollowerState(121)) - caafcba9-090a-41f5-a5f9-cba5a6a81e94: shutdown FollowerState
2019-11-05 08:23:50,506 [grpc-default-executor-1] INFO  impl.RoleInfo (RoleInfo.java:shutdownFollowerState(121)) - b3bb9051-8089-4c51-a999-81579e5913f2: shutdown FollowerState
2019-11-05 08:23:50,507 [grpc-default-executor-5] INFO  impl.RoleInfo (RoleInfo.java:updateAndGet(143)) - caafcba9-090a-41f5-a5f9-cba5a6a81e94: start FollowerState
2019-11-05 08:23:50,507 [Thread-645] INFO  impl.FollowerState (FollowerState.java:run(117)) - caafcba9-090a-41f5-a5f9-cba5a6a81e94@group-0E159EE4F99E-FollowerState was interrupted: java.lang.InterruptedException: sleep interrupted
2019-11-05 08:23:50,507 [Thread-646] INFO  impl.FollowerState (FollowerState.java:run(117)) - b3bb9051-8089-4c51-a999-81579e5913f2@group-0E159EE4F99E-FollowerState was interrupted: java.lang.InterruptedException: sleep interrupted
2019-11-05 08:23:50,507 [grpc-default-executor-1] INFO  impl.RoleInfo (RoleInfo.java:updateAndGet(143)) - b3bb9051-8089-4c51-a999-81579e5913f2: start FollowerState
2019-11-05 08:23:50,522 [a8ae9c07-6d89-4a49-a594-cacd4b776180@group-0E159EE4F99E-LeaderElection48] INFO  impl.LeaderElection (LeaderElection.java:logAndReturn(56)) - a8ae9c07-6d89-4a49-a594-cacd4b776180@group-0E159EE4F99E-LeaderElection48: Election REJECTED; received 2 response(s) [a8ae9c07-6d89-4a49-a594-cacd4b776180<-caafcba9-090a-41f5-a5f9-cba5a6a81e94#0:FAIL-t22, a8ae9c07-6d89-4a49-a594-cacd4b776180<-b3bb9051-8089-4c51-a999-81579e5913f2#0:FAIL-t22] and 0 exception(s); a8ae9c07-6d89-4a49-a594-cacd4b776180@group-0E159EE4F99E:t22, leader=null, voted=a8ae9c07-6d89-4a49-a594-cacd4b776180, raftlog=a8ae9c07-6d89-4a49-a594-cacd4b776180@group-0E159EE4F99E-SegmentedRaftLog:OPENED:c-1,f-1,i0, conf=-1: [caafcba9-090a-41f5-a5f9-cba5a6a81e94:192.168.164.217:37197, a8ae9c07-6d89-4a49-a594-cacd4b776180:192.168.164.217:42719, b3bb9051-8089-4c51-a999-81579e5913f2:192.168.164.217:36516], old=null
2019-11-05 08:23:50,522 [a8ae9c07-6d89-4a49-a594-cacd4b776180@group-0E159EE4F99E-LeaderElection48] INFO  impl.RaftServerImpl (RaftServerImpl.java:setRole(184)) - a8ae9c07-6d89-4a49-a594-cacd4b776180@group-0E159EE4F99E: changes role from CANDIDATE to FOLLOWER at term 22 for DISCOVERED_A_NEW_TERM
2019-11-05 08:23:50,522 [a8ae9c07-6d89-4a49-a594-cacd4b776180@group-0E159EE4F99E-LeaderElection48] INFO  impl.RoleInfo (RoleInfo.java:shutdownLeaderElection(134)) - a8ae9c07-6d89-4a49-a594-cacd4b776180: shutdown LeaderElection
2019-11-05 08:23:50,522 [a8ae9c07-6d89-4a49-a594-cacd4b776180@group-0E159EE4F99E-LeaderElection48] INFO  impl.RoleInfo (RoleInfo.java:updateAndGet(143)) - a8ae9c07-6d89-4a49-a594-cacd4b776180: start FollowerState
2019-11-05 08:23:50,527 [Thread-660] INFO  impl.FollowerState (FollowerState.java:run(108)) - a8ae9c07-6d89-4a49-a594-cacd4b776180@group-0E159EE4F99E-FollowerState: change to CANDIDATE, lastRpcTime:5ms, electionTimeout:3ms
2019-11-05 08:23:50,527 [Thread-660] INFO  impl.RoleInfo (RoleInfo.java:shutdownFollowerState(121)) - a8ae9c07-6d89-4a49-a594-cacd4b776180: shutdown FollowerState
2019-11-05 08:23:50,527 [Thread-660] INFO  impl.RaftServerImpl (RaftServerImpl.java:setRole(184)) - a8ae9c07-6d89-4a49-a594-cacd4b776180@group-0E159EE4F99E: changes role from  FOLLOWER to CANDIDATE at term 22 for changeToCandidate
2019-11-05 08:23:50,527 [Thread-660] INFO  impl.RoleInfo (RoleInfo.java:updateAndGet(143)) - a8ae9c07-6d89-4a49-a594-cacd4b776180: start LeaderElection
2019-11-05 08:23:50,546 [a8ae9c07-6d89-4a49-a594-cacd4b776180@group-0E159EE4F99E-LeaderElection49] INFO  impl.LeaderElection (LeaderElection.java:askForVotes(178)) - a8ae9c07-6d89-4a49-a594-cacd4b776180@group-0E159EE4F99E-LeaderElection49: begin an election at term 23 for -1: [caafcba9-090a-41f5-a5f9-cba5a6a81e94:192.168.164.217:37197, a8ae9c07-6d89-4a49-a594-cacd4b776180:192.168.164.217:42719, b3bb9051-8089-4c51-a999-81579e5913f2:192.168.164.217:36516], old=null
2019-11-05 08:23:50,554 [grpc-default-executor-1] INFO  impl.RaftServerImpl (RaftServerImpl.java:setRole(184)) - caafcba9-090a-41f5-a5f9-cba5a6a81e94@group-0E159EE4F99E: changes role from  FOLLOWER to FOLLOWER at term 23 for recognizeCandidate:a8ae9c07-6d89-4a49-a594-cacd4b776180
2019-11-05 08:23:50,554 [grpc-default-executor-1] INFO  impl.RoleInfo (RoleInfo.java:shutdownFollowerState(121)) - caafcba9-090a-41f5-a5f9-cba5a6a81e94: shutdown FollowerState
2019-11-05 08:23:50,556 [grpc-default-executor-1] INFO  impl.RoleInfo (RoleInfo.java:updateAndGet(143)) - caafcba9-090a-41f5-a5f9-cba5a6a81e94: start FollowerState
2019-11-05 08:23:50,556 [Thread-657] INFO  impl.FollowerState (FollowerState.java:run(117)) - caafcba9-090a-41f5-a5f9-cba5a6a81e94@group-0E159EE4F99E-FollowerState was interrupted: java.lang.InterruptedException: sleep interrupted
2019-11-05 08:23:50,557 [grpc-default-executor-0] INFO  impl.RaftServerImpl (RaftServerImpl.java:setRole(184)) - b3bb9051-8089-4c51-a999-81579e5913f2@group-0E159EE4F99E: changes role from  FOLLOWER to FOLLOWER at term 23 for recognizeCandidate:a8ae9c07-6d89-4a49-a594-cacd4b776180
2019-11-05 08:23:50,557 [grpc-default-executor-0] INFO  impl.RoleInfo (RoleInfo.java:shutdownFollowerState(121)) - b3bb9051-8089-4c51-a999-81579e5913f2: shutdown FollowerState
2019-11-05 08:23:50,557 [Thread-658] INFO  impl.FollowerState (FollowerState.java:run(117)) - b3bb9051-8089-4c51-a999-81579e5913f2@group-0E159EE4F99E-FollowerState was interrupted: java.lang.InterruptedException: sleep interrupted
2019-11-05 08:23:50,557 [grpc-default-executor-0] INFO  impl.RoleInfo (RoleInfo.java:updateAndGet(143)) - b3bb9051-8089-4c51-a999-81579e5913f2: start FollowerState
2019-11-05 08:23:50,573 [a8ae9c07-6d89-4a49-a594-cacd4b776180@group-0E159EE4F99E-LeaderElection49] INFO  impl.LeaderElection (LeaderElection.java:logAndReturn(56)) - a8ae9c07-6d89-4a49-a594-cacd4b776180@group-0E159EE4F99E-LeaderElection49: Election REJECTED; received 2 response(s) [a8ae9c07-6d89-4a49-a594-cacd4b776180<-caafcba9-090a-41f5-a5f9-cba5a6a81e94#0:FAIL-t23, a8ae9c07-6d89-4a49-a594-cacd4b776180<-b3bb9051-8089-4c51-a999-81579e5913f2#0:FAIL-t23] and 0 exception(s); a8ae9c07-6d89-4a49-a594-cacd4b776180@group-0E159EE4F99E:t23, leader=null, voted=a8ae9c07-6d89-4a49-a594-cacd4b776180, raftlog=a8ae9c07-6d89-4a49-a594-cacd4b776180@group-0E159EE4F99E-SegmentedRaftLog:OPENED:c-1,f-1,i0, conf=-1: [caafcba9-090a-41f5-a5f9-cba5a6a81e94:192.168.164.217:37197, a8ae9c07-6d89-4a49-a594-cacd4b776180:192.168.164.217:42719, b3bb9051-8089-4c51-a999-81579e5913f2:192.168.164.217:36516], old=null
2019-11-05 08:23:50,573 [a8ae9c07-6d89-4a49-a594-cacd4b776180@group-0E159EE4F99E-LeaderElection49] INFO  impl.RaftServerImpl (RaftServerImpl.java:setRole(184)) - a8ae9c07-6d89-4a49-a594-cacd4b776180@group-0E159EE4F99E: changes role from CANDIDATE to FOLLOWER at term 23 for DISCOVERED_A_NEW_TERM
2019-11-05 08:23:50,573 [a8ae9c07-6d89-4a49-a594-cacd4b776180@group-0E159EE4F99E-LeaderElection49] INFO  impl.RoleInfo (RoleInfo.java:shutdownLeaderElection(134)) - a8ae9c07-6d89-4a49-a594-cacd4b776180: shutdown LeaderElection
2019-11-05 08:23:50,573 [a8ae9c07-6d89-4a49-a594-cacd4b776180@group-0E159EE4F99E-LeaderElection49] INFO  impl.RoleInfo (RoleInfo.java:updateAndGet(143)) - a8ae9c07-6d89-4a49-a594-cacd4b776180: start FollowerState
2019-11-05 08:23:50,617 [Thread-653] INFO  impl.FollowerState (FollowerState.java:run(108)) - 4a682f4f-c3f2-4b77-88b7-f0ab78890feb@group-0DB8C7688BF9-FollowerState: change to CANDIDATE, lastRpcTime:142ms, electionTimeout:142ms
2019-11-05 08:23:50,618 [Thread-653] INFO  impl.RoleInfo (RoleInfo.java:shutdownFollowerState(121)) - 4a682f4f-c3f2-4b77-88b7-f0ab78890feb: shutdown FollowerState
2019-11-05 08:23:50,618 [Thread-653] INFO  impl.RaftServerImpl (RaftServerImpl.java:setRole(184)) - 4a682f4f-c3f2-4b77-88b7-f0ab78890feb@group-0DB8C7688BF9: changes role from  FOLLOWER to CANDIDATE at term 18 for changeToCandidate
2019-11-05 08:23:50,618 [Thread-653] INFO  impl.RoleInfo (RoleInfo.java:updateAndGet(143)) - 4a682f4f-c3f2-4b77-88b7-f0ab78890feb: start LeaderElection
2019-11-05 08:23:50,632 [4a682f4f-c3f2-4b77-88b7-f0ab78890feb@group-0DB8C7688BF9-LeaderElection50] INFO  impl.LeaderElection (LeaderElection.java:askForVotes(178)) - 4a682f4f-c3f2-4b77-88b7-f0ab78890feb@group-0DB8C7688BF9-LeaderElection50: begin an election at term 19 for -1: [77ab65e6-d942-49df-83a3-1d4c0bf152b3:192.168.164.217:39381, 7e1b84a9-a041-44fd-8008-f2679426984c:192.168.164.217:44149, 4a682f4f-c3f2-4b77-88b7-f0ab78890feb:192.168.164.217:34174], old=null
2019-11-05 08:23:50,635 [grpc-default-executor-1] INFO  impl.RaftServerImpl (RaftServerImpl.java:setRole(184)) - 77ab65e6-d942-49df-83a3-1d4c0bf152b3@group-0DB8C7688BF9: changes role from  FOLLOWER to FOLLOWER at term 19 for recognizeCandidate:4a682f4f-c3f2-4b77-88b7-f0ab78890feb
2019-11-05 08:23:50,635 [grpc-default-executor-0] INFO  impl.RaftServerImpl (RaftServerImpl.java:setRole(184)) - 7e1b84a9-a041-44fd-8008-f2679426984c@group-0DB8C7688BF9: changes role from  FOLLOWER to FOLLOWER at term 19 for recognizeCandidate:4a682f4f-c3f2-4b77-88b7-f0ab78890feb
2019-11-05 08:23:50,635 [grpc-default-executor-1] INFO  impl.RoleInfo (RoleInfo.java:shutdownFollowerState(121)) - 77ab65e6-d942-49df-83a3-1d4c0bf152b3: shutdown FollowerState
2019-11-05 08:23:50,635 [grpc-default-executor-0] INFO  impl.RoleInfo (RoleInfo.java:shutdownFollowerState(121)) - 7e1b84a9-a041-44fd-8008-f2679426984c: shutdown FollowerState
2019-11-05 08:23:50,636 [Thread-651] INFO  impl.FollowerState (FollowerState.java:run(117)) - 77ab65e6-d942-49df-83a3-1d4c0bf152b3@group-0DB8C7688BF9-FollowerState was interrupted: java.lang.InterruptedException: sleep interrupted
2019-11-05 08:23:50,636 [Thread-652] INFO  impl.FollowerState (FollowerState.java:run(117)) - 7e1b84a9-a041-44fd-8008-f2679426984c@group-0DB8C7688BF9-FollowerState was interrupted: java.lang.InterruptedException: sleep interrupted
2019-11-05 08:23:50,636 [grpc-default-executor-1] INFO  impl.RoleInfo (RoleInfo.java:updateAndGet(143)) - 77ab65e6-d942-49df-83a3-1d4c0bf152b3: start FollowerState
2019-11-05 08:23:50,636 [grpc-default-executor-0] INFO  impl.RoleInfo (RoleInfo.java:updateAndGet(143)) - 7e1b84a9-a041-44fd-8008-f2679426984c: start FollowerState
2019-11-05 08:23:50,637 [4a682f4f-c3f2-4b77-88b7-f0ab78890feb@group-0DB8C7688BF9-LeaderElection50] INFO  impl.LeaderElection (LeaderElection.java:logAndReturn(56)) - 4a682f4f-c3f2-4b77-88b7-f0ab78890feb@group-0DB8C7688BF9-LeaderElection50: Election TIMEOUT; received 0 response(s) [] and 0 exception(s); 4a682f4f-c3f2-4b77-88b7-f0ab78890feb@group-0DB8C7688BF9:t19, leader=null, voted=4a682f4f-c3f2-4b77-88b7-f0ab78890feb, raftlog=4a682f4f-c3f2-4b77-88b7-f0ab78890feb@group-0DB8C7688BF9-SegmentedRaftLog:OPENED:c-1,f-1,i0, conf=-1: [77ab65e6-d942-49df-83a3-1d4c0bf152b3:192.168.164.217:39381, 7e1b84a9-a041-44fd-8008-f2679426984c:192.168.164.217:44149, 4a682f4f-c3f2-4b77-88b7-f0ab78890feb:192.168.164.217:34174], old=null
2019-11-05 08:23:50,644 [Thread-669] INFO  impl.FollowerState (FollowerState.java:run(108)) - a8ae9c07-6d89-4a49-a594-cacd4b776180@group-0E159EE4F99E-FollowerState: change to CANDIDATE, lastRpcTime:70ms, electionTimeout:70ms
2019-11-05 08:23:50,644 [Thread-669] INFO  impl.RoleInfo (RoleInfo.java:shutdownFollowerState(121)) - a8ae9c07-6d89-4a49-a594-cacd4b776180: shutdown FollowerState
2019-11-05 08:23:50,644 [Thread-669] INFO  impl.RaftServerImpl (RaftServerImpl.java:setRole(184)) - a8ae9c07-6d89-4a49-a594-cacd4b776180@group-0E159EE4F99E: changes role from  FOLLOWER to CANDIDATE at term 23 for changeToCandidate
2019-11-05 08:23:50,644 [Thread-669] INFO  impl.RoleInfo (RoleInfo.java:updateAndGet(143)) - a8ae9c07-6d89-4a49-a594-cacd4b776180: start LeaderElection
2019-11-05 08:23:50,650 [4a682f4f-c3f2-4b77-88b7-f0ab78890feb@group-0DB8C7688BF9-LeaderElection50] INFO  impl.LeaderElection (LeaderElection.java:askForVotes(178)) - 4a682f4f-c3f2-4b77-88b7-f0ab78890feb@group-0DB8C7688BF9-LeaderElection50: begin an election at term 20 for -1: [77ab65e6-d942-49df-83a3-1d4c0bf152b3:192.168.164.217:39381, 7e1b84a9-a041-44fd-8008-f2679426984c:192.168.164.217:44149, 4a682f4f-c3f2-4b77-88b7-f0ab78890feb:192.168.164.217:34174], old=null
2019-11-05 08:23:50,650 [a8ae9c07-6d89-4a49-a594-cacd4b776180@group-0E159EE4F99E-LeaderElection51] INFO  impl.LeaderElection (LeaderElection.java:askForVotes(178)) - a8ae9c07-6d89-4a49-a594-cacd4b776180@group-0E159EE4F99E-LeaderElection51: begin an election at term 24 for -1: [caafcba9-090a-41f5-a5f9-cba5a6a81e94:192.168.164.217:37197, a8ae9c07-6d89-4a49-a594-cacd4b776180:192.168.164.217:42719, b3bb9051-8089-4c51-a999-81579e5913f2:192.168.164.217:36516], old=null
2019-11-05 08:23:50,652 [grpc-default-executor-0] INFO  impl.RaftServerImpl (RaftServerImpl.java:setRole(184)) - 77ab65e6-d942-49df-83a3-1d4c0bf152b3@group-0DB8C7688BF9: changes role from  FOLLOWER to FOLLOWER at term 20 for recognizeCandidate:4a682f4f-c3f2-4b77-88b7-f0ab78890feb
2019-11-05 08:23:50,652 [grpc-default-executor-0] INFO  impl.RoleInfo (RoleInfo.java:shutdownFollowerState(121)) - 77ab65e6-d942-49df-83a3-1d4c0bf152b3: shutdown FollowerState
2019-11-05 08:23:50,652 [grpc-default-executor-1] INFO  impl.RaftServerImpl (RaftServerImpl.java:setRole(184)) - caafcba9-090a-41f5-a5f9-cba5a6a81e94@group-0E159EE4F99E: changes role from  FOLLOWER to FOLLOWER at term 24 for recognizeCandidate:a8ae9c07-6d89-4a49-a594-cacd4b776180
2019-11-05 08:23:50,652 [Thread-673] INFO  impl.FollowerState (FollowerState.java:run(117)) - 77ab65e6-d942-49df-83a3-1d4c0bf152b3@group-0DB8C7688BF9-FollowerState was interrupted: java.lang.InterruptedException: sleep interrupted
2019-11-05 08:23:50,652 [grpc-default-executor-0] INFO  impl.RoleInfo (RoleInfo.java:updateAndGet(143)) - 77ab65e6-d942-49df-83a3-1d4c0bf152b3: start FollowerState
2019-11-05 08:23:50,652 [grpc-default-executor-5] INFO  impl.RaftServerImpl (RaftServerImpl.java:setRole(184)) - 7e1b84a9-a041-44fd-8008-f2679426984c@group-0DB8C7688BF9: changes role from  FOLLOWER to FOLLOWER at term 20 for recognizeCandidate:4a682f4f-c3f2-4b77-88b7-f0ab78890feb
2019-11-05 08:23:50,653 [grpc-default-executor-5] INFO  impl.RoleInfo (RoleInfo.java:shutdownFollowerState(121)) - 7e1b84a9-a041-44fd-8008-f2679426984c: shutdown FollowerState
2019-11-05 08:23:50,652 [grpc-default-executor-4] INFO  impl.RaftServerImpl (RaftServerImpl.java:setRole(184)) - b3bb9051-8089-4c51-a999-81579e5913f2@group-0E159EE4F99E: changes role from  FOLLOWER to FOLLOWER at term 24 for recognizeCandidate:a8ae9c07-6d89-4a49-a594-cacd4b776180
2019-11-05 08:23:50,653 [grpc-default-executor-4] INFO  impl.RoleInfo (RoleInfo.java:shutdownFollowerState(121)) - b3bb9051-8089-4c51-a999-81579e5913f2: shutdown FollowerState
2019-11-05 08:23:50,652 [grpc-default-executor-1] INFO  impl.RoleInfo (RoleInfo.java:shutdownFollowerState(121)) - caafcba9-090a-41f5-a5f9-cba5a6a81e94: shutdown FollowerState
2019-11-05 08:23:50,653 [Thread-668] INFO  impl.FollowerState (FollowerState.java:run(117)) - b3bb9051-8089-4c51-a999-81579e5913f2@group-0E159EE4F99E-FollowerState was interrupted: java.lang.InterruptedException: sleep interrupted
2019-11-05 08:23:50,653 [grpc-default-executor-4] INFO  impl.RoleInfo (RoleInfo.java:updateAndGet(143)) - b3bb9051-8089-4c51-a999-81579e5913f2: start FollowerState
2019-11-05 08:23:50,653 [Thread-674] INFO  impl.FollowerState (FollowerState.java:run(117)) - 7e1b84a9-a041-44fd-8008-f2679426984c@group-0DB8C7688BF9-FollowerState was interrupted: java.lang.InterruptedException: sleep interrupted
2019-11-05 08:23:50,653 [grpc-default-executor-5] INFO  impl.RoleInfo (RoleInfo.java:updateAndGet(143)) - 7e1b84a9-a041-44fd-8008-f2679426984c: start FollowerState
2019-11-05 08:23:50,653 [grpc-default-executor-1] INFO  impl.RoleInfo (RoleInfo.java:updateAndGet(143)) - caafcba9-090a-41f5-a5f9-cba5a6a81e94: start FollowerState
2019-11-05 08:23:50,653 [Thread-666] INFO  impl.FollowerState (FollowerState.java:run(117)) - caafcba9-090a-41f5-a5f9-cba5a6a81e94@group-0E159EE4F99E-FollowerState was interrupted: java.lang.InterruptedException: sleep interrupted
2019-11-05 08:23:50,668 [a8ae9c07-6d89-4a49-a594-cacd4b776180@group-0E159EE4F99E-LeaderElection51] INFO  impl.LeaderElection (LeaderElection.java:logAndReturn(56)) - a8ae9c07-6d89-4a49-a594-cacd4b776180@group-0E159EE4F99E-LeaderElection51: Election REJECTED; received 2 response(s) [a8ae9c07-6d89-4a49-a594-cacd4b776180<-caafcba9-090a-41f5-a5f9-cba5a6a81e94#0:FAIL-t24, a8ae9c07-6d89-4a49-a594-cacd4b776180<-b3bb9051-8089-4c51-a999-81579e5913f2#0:FAIL-t24] and 0 exception(s); a8ae9c07-6d89-4a49-a594-cacd4b776180@group-0E159EE4F99E:t24, leader=null, voted=a8ae9c07-6d89-4a49-a594-cacd4b776180, raftlog=a8ae9c07-6d89-4a49-a594-cacd4b776180@group-0E159EE4F99E-SegmentedRaftLog:OPENED:c-1,f-1,i0, conf=-1: [caafcba9-090a-41f5-a5f9-cba5a6a81e94:192.168.164.217:37197, a8ae9c07-6d89-4a49-a594-cacd4b776180:192.168.164.217:42719, b3bb9051-8089-4c51-a999-81579e5913f2:192.168.164.217:36516], old=null
2019-11-05 08:23:50,668 [a8ae9c07-6d89-4a49-a594-cacd4b776180@group-0E159EE4F99E-LeaderElection51] INFO  impl.RaftServerImpl (RaftServerImpl.java:setRole(184)) - a8ae9c07-6d89-4a49-a594-cacd4b776180@group-0E159EE4F99E: changes role from CANDIDATE to FOLLOWER at term 24 for DISCOVERED_A_NEW_TERM
2019-11-05 08:23:50,668 [4a682f4f-c3f2-4b77-88b7-f0ab78890feb@group-0DB8C7688BF9-LeaderElection50] INFO  impl.LeaderElection (LeaderElection.java:logAndReturn(56)) - 4a682f4f-c3f2-4b77-88b7-f0ab78890feb@group-0DB8C7688BF9-LeaderElection50: Election REJECTED; received 2 response(s) [4a682f4f-c3f2-4b77-88b7-f0ab78890feb<-77ab65e6-d942-49df-83a3-1d4c0bf152b3#0:FAIL-t20, 4a682f4f-c3f2-4b77-88b7-f0ab78890feb<-7e1b84a9-a041-44fd-8008-f2679426984c#0:FAIL-t20] and 0 exception(s); 4a682f4f-c3f2-4b77-88b7-f0ab78890feb@group-0DB8C7688BF9:t20, leader=null, voted=4a682f4f-c3f2-4b77-88b7-f0ab78890feb, raftlog=4a682f4f-c3f2-4b77-88b7-f0ab78890feb@group-0DB8C7688BF9-SegmentedRaftLog:OPENED:c-1,f-1,i0, conf=-1: [77ab65e6-d942-49df-83a3-1d4c0bf152b3:192.168.164.217:39381, 7e1b84a9-a041-44fd-8008-f2679426984c:192.168.164.217:44149, 4a682f4f-c3f2-4b77-88b7-f0ab78890feb:192.168.164.217:34174], old=null
2019-11-05 08:23:50,668 [a8ae9c07-6d89-4a49-a594-cacd4b776180@group-0E159EE4F99E-LeaderElection51] INFO  impl.RoleInfo (RoleInfo.java:shutdownLeaderElection(134)) - a8ae9c07-6d89-4a49-a594-cacd4b776180: shutdown LeaderElection
2019-11-05 08:23:50,668 [4a682f4f-c3f2-4b77-88b7-f0ab78890feb@group-0DB8C7688BF9-LeaderElection50] INFO  impl.RaftServerImpl (RaftServerImpl.java:setRole(184)) - 4a682f4f-c3f2-4b77-88b7-f0ab78890feb@group-0DB8C7688BF9: changes role from CANDIDATE to FOLLOWER at term 20 for DISCOVERED_A_NEW_TERM
2019-11-05 08:23:50,668 [a8ae9c07-6d89-4a49-a594-cacd4b776180@group-0E159EE4F99E-LeaderElection51] INFO  impl.RoleInfo (RoleInfo.java:updateAndGet(143)) - a8ae9c07-6d89-4a49-a594-cacd4b776180: start FollowerState
2019-11-05 08:23:50,668 [4a682f4f-c3f2-4b77-88b7-f0ab78890feb@group-0DB8C7688BF9-LeaderElection50] INFO  impl.RoleInfo (RoleInfo.java:shutdownLeaderElection(134)) - 4a682f4f-c3f2-4b77-88b7-f0ab78890feb: shutdown LeaderElection
2019-11-05 08:23:50,668 [4a682f4f-c3f2-4b77-88b7-f0ab78890feb@group-0DB8C7688BF9-LeaderElection50] INFO  impl.RoleInfo (RoleInfo.java:updateAndGet(143)) - 4a682f4f-c3f2-4b77-88b7-f0ab78890feb: start FollowerState
2019-11-05 08:23:50,743 [Thread-684] INFO  impl.FollowerState (FollowerState.java:run(108)) - a8ae9c07-6d89-4a49-a594-cacd4b776180@group-0E159EE4F99E-FollowerState: change to CANDIDATE, lastRpcTime:74ms, electionTimeout:74ms
2019-11-05 08:23:50,743 [Thread-684] INFO  impl.RoleInfo (RoleInfo.java:shutdownFollowerState(121)) - a8ae9c07-6d89-4a49-a594-cacd4b776180: shutdown FollowerState
2019-11-05 08:23:50,743 [Thread-684] INFO  impl.RaftServerImpl (RaftServerImpl.java:setRole(184)) - a8ae9c07-6d89-4a49-a594-cacd4b776180@group-0E159EE4F99E: changes role from  FOLLOWER to CANDIDATE at term 24 for changeToCandidate
2019-11-05 08:23:50,743 [Thread-684] INFO  impl.RoleInfo (RoleInfo.java:updateAndGet(143)) - a8ae9c07-6d89-4a49-a594-cacd4b776180: start LeaderElection
2019-11-05 08:23:50,750 [Thread-685] INFO  impl.FollowerState (FollowerState.java:run(108)) - 4a682f4f-c3f2-4b77-88b7-f0ab78890feb@group-0DB8C7688BF9-FollowerState: change to CANDIDATE, lastRpcTime:81ms, electionTimeout:81ms
2019-11-05 08:23:50,750 [Thread-685] INFO  impl.RoleInfo (RoleInfo.java:shutdownFollowerState(121)) - 4a682f4f-c3f2-4b77-88b7-f0ab78890feb: shutdown FollowerState
2019-11-05 08:23:50,750 [Thread-685] INFO  impl.RaftServerImpl (RaftServerImpl.java:setRole(184)) - 4a682f4f-c3f2-4b77-88b7-f0ab78890feb@group-0DB8C7688BF9: changes role from  FOLLOWER to CANDIDATE at term 20 for changeToCandidate
2019-11-05 08:23:50,750 [Thread-685] INFO  impl.RoleInfo (RoleInfo.java:updateAndGet(143)) - 4a682f4f-c3f2-4b77-88b7-f0ab78890feb: start LeaderElection
2019-11-05 08:23:50,758 [4a682f4f-c3f2-4b77-88b7-f0ab78890feb@group-0DB8C7688BF9-LeaderElection53] INFO  impl.LeaderElection (LeaderElection.java:askForVotes(178)) - 4a682f4f-c3f2-4b77-88b7-f0ab78890feb@group-0DB8C7688BF9-LeaderElection53: begin an election at term 21 for -1: [77ab65e6-d942-49df-83a3-1d4c0bf152b3:192.168.164.217:39381, 7e1b84a9-a041-44fd-8008-f2679426984c:192.168.164.217:44149, 4a682f4f-c3f2-4b77-88b7-f0ab78890feb:192.168.164.217:34174], old=null
2019-11-05 08:23:50,758 [a8ae9c07-6d89-4a49-a594-cacd4b776180@group-0E159EE4F99E-LeaderElection52] INFO  impl.LeaderElection (LeaderElection.java:askForVotes(178)) - a8ae9c07-6d89-4a49-a594-cacd4b776180@group-0E159EE4F99E-LeaderElection52: begin an election at term 25 for -1: [caafcba9-090a-41f5-a5f9-cba5a6a81e94:192.168.164.217:37197, a8ae9c07-6d89-4a49-a594-cacd4b776180:192.168.164.217:42719, b3bb9051-8089-4c51-a999-81579e5913f2:192.168.164.217:36516], old=null
2019-11-05 08:23:50,761 [grpc-default-executor-4] INFO  impl.RaftServerImpl (RaftServerImpl.java:setRole(184)) - caafcba9-090a-41f5-a5f9-cba5a6a81e94@group-0E159EE4F99E: changes role from  FOLLOWER to FOLLOWER at term 25 for recognizeCandidate:a8ae9c07-6d89-4a49-a594-cacd4b776180
2019-11-05 08:23:50,761 [grpc-default-executor-1] INFO  impl.RaftServerImpl (RaftServerImpl.java:setRole(184)) - 77ab65e6-d942-49df-83a3-1d4c0bf152b3@group-0DB8C7688BF9: changes role from  FOLLOWER to FOLLOWER at term 21 for recognizeCandidate:4a682f4f-c3f2-4b77-88b7-f0ab78890feb
2019-11-05 08:23:50,761 [grpc-default-executor-5] INFO  impl.RaftServerImpl (RaftServerImpl.java:setRole(184)) - b3bb9051-8089-4c51-a999-81579e5913f2@group-0E159EE4F99E: changes role from  FOLLOWER to FOLLOWER at term 25 for recognizeCandidate:a8ae9c07-6d89-4a49-a594-cacd4b776180
2019-11-05 08:23:50,761 [grpc-default-executor-5] INFO  impl.RoleInfo (RoleInfo.java:shutdownFollowerState(121)) - b3bb9051-8089-4c51-a999-81579e5913f2: shutdown FollowerState
2019-11-05 08:23:50,761 [grpc-default-executor-0] INFO  impl.RaftServerImpl (RaftServerImpl.java:setRole(184)) - 7e1b84a9-a041-44fd-8008-f2679426984c@group-0DB8C7688BF9: changes role from  FOLLOWER to FOLLOWER at term 21 for recognizeCandidate:4a682f4f-c3f2-4b77-88b7-f0ab78890feb
2019-11-05 08:23:50,761 [Thread-682] INFO  impl.FollowerState (FollowerState.java:run(117)) - b3bb9051-8089-4c51-a999-81579e5913f2@group-0E159EE4F99E-FollowerState was interrupted: java.lang.InterruptedException: sleep interrupted
2019-11-05 08:23:50,761 [grpc-default-executor-5] INFO  impl.RoleInfo (RoleInfo.java:updateAndGet(143)) - b3bb9051-8089-4c51-a999-81579e5913f2: start FollowerState
2019-11-05 08:23:50,761 [grpc-default-executor-1] INFO  impl.RoleInfo (RoleInfo.java:shutdownFollowerState(121)) - 77ab65e6-d942-49df-83a3-1d4c0bf152b3: shutdown FollowerState
2019-11-05 08:23:50,761 [grpc-default-executor-4] INFO  impl.RoleInfo (RoleInfo.java:shutdownFollowerState(121)) - caafcba9-090a-41f5-a5f9-cba5a6a81e94: shutdown FollowerState
2019-11-05 08:23:50,762 [Thread-680] INFO  impl.FollowerState (FollowerState.java:run(117)) - 77ab65e6-d942-49df-83a3-1d4c0bf152b3@group-0DB8C7688BF9-FollowerState was interrupted: java.lang.InterruptedException: sleep interrupted
2019-11-05 08:23:50,762 [grpc-default-executor-1] INFO  impl.RoleInfo (RoleInfo.java:updateAndGet(143)) - 77ab65e6-d942-49df-83a3-1d4c0bf152b3: start FollowerState
2019-11-05 08:23:50,761 [grpc-default-executor-0] INFO  impl.RoleInfo (RoleInfo.java:shutdownFollowerState(121)) - 7e1b84a9-a041-44fd-8008-f2679426984c: shutdown FollowerState
2019-11-05 08:23:50,762 [Thread-683] INFO  impl.FollowerState (FollowerState.java:run(117)) - caafcba9-090a-41f5-a5f9-cba5a6a81e94@group-0E159EE4F99E-FollowerState was interrupted: java.lang.InterruptedException: sleep interrupted
2019-11-05 08:23:50,762 [grpc-default-executor-4] INFO  impl.RoleInfo (RoleInfo.java:updateAndGet(143)) - caafcba9-090a-41f5-a5f9-cba5a6a81e94: start FollowerState
2019-11-05 08:23:50,763 [Thread-681] INFO  impl.FollowerState (FollowerState.java:run(117)) - 7e1b84a9-a041-44fd-8008-f2679426984c@group-0DB8C7688BF9-FollowerState was interrupted: java.lang.InterruptedException: sleep interrupted
2019-11-05 08:23:50,763 [grpc-default-executor-0] INFO  impl.RoleInfo (RoleInfo.java:updateAndGet(143)) - 7e1b84a9-a041-44fd-8008-f2679426984c: start FollowerState
2019-11-05 08:23:50,789 [a8ae9c07-6d89-4a49-a594-cacd4b776180@group-0E159EE4F99E-LeaderElection52] INFO  impl.LeaderElection (LeaderElection.java:logAndReturn(56)) - a8ae9c07-6d89-4a49-a594-cacd4b776180@group-0E159EE4F99E-LeaderElection52: Election REJECTED; received 2 response(s) [a8ae9c07-6d89-4a49-a594-cacd4b776180<-caafcba9-090a-41f5-a5f9-cba5a6a81e94#0:FAIL-t25, a8ae9c07-6d89-4a49-a594-cacd4b776180<-b3bb9051-8089-4c51-a999-81579e5913f2#0:FAIL-t25] and 0 exception(s); a8ae9c07-6d89-4a49-a594-cacd4b776180@group-0E159EE4F99E:t25, leader=null, voted=a8ae9c07-6d89-4a49-a594-cacd4b776180, raftlog=a8ae9c07-6d89-4a49-a594-cacd4b776180@group-0E159EE4F99E-SegmentedRaftLog:OPENED:c-1,f-1,i0, conf=-1: [caafcba9-090a-41f5-a5f9-cba5a6a81e94:192.168.164.217:37197, a8ae9c07-6d89-4a49-a594-cacd4b776180:192.168.164.217:42719, b3bb9051-8089-4c51-a999-81579e5913f2:192.168.164.217:36516], old=null
2019-11-05 08:23:50,789 [a8ae9c07-6d89-4a49-a594-cacd4b776180@group-0E159EE4F99E-LeaderElection52] INFO  impl.RaftServerImpl (RaftServerImpl.java:setRole(184)) - a8ae9c07-6d89-4a49-a594-cacd4b776180@group-0E159EE4F99E: changes role from CANDIDATE to FOLLOWER at term 25 for DISCOVERED_A_NEW_TERM
2019-11-05 08:23:50,790 [4a682f4f-c3f2-4b77-88b7-f0ab78890feb@group-0DB8C7688BF9-LeaderElection53] INFO  impl.LeaderElection (LeaderElection.java:logAndReturn(56)) - 4a682f4f-c3f2-4b77-88b7-f0ab78890feb@group-0DB8C7688BF9-LeaderElection53: Election REJECTED; received 2 response(s) [4a682f4f-c3f2-4b77-88b7-f0ab78890feb<-77ab65e6-d942-49df-83a3-1d4c0bf152b3#0:FAIL-t21, 4a682f4f-c3f2-4b77-88b7-f0ab78890feb<-7e1b84a9-a041-44fd-8008-f2679426984c#0:FAIL-t21] and 0 exception(s); 4a682f4f-c3f2-4b77-88b7-f0ab78890feb@group-0DB8C7688BF9:t21, leader=null, voted=4a682f4f-c3f2-4b77-88b7-f0ab78890feb, raftlog=4a682f4f-c3f2-4b77-88b7-f0ab78890feb@group-0DB8C7688BF9-SegmentedRaftLog:OPENED:c-1,f-1,i0, conf=-1: [77ab65e6-d942-49df-83a3-1d4c0bf152b3:192.168.164.217:39381, 7e1b84a9-a041-44fd-8008-f2679426984c:192.168.164.217:44149, 4a682f4f-c3f2-4b77-88b7-f0ab78890feb:192.168.164.217:34174], old=null
2019-11-05 08:23:50,790 [a8ae9c07-6d89-4a49-a594-cacd4b776180@group-0E159EE4F99E-LeaderElection52] INFO  impl.RoleInfo (RoleInfo.java:shutdownLeaderElection(134)) - a8ae9c07-6d89-4a49-a594-cacd4b776180: shutdown LeaderElection
2019-11-05 08:23:50,790 [4a682f4f-c3f2-4b77-88b7-f0ab78890feb@group-0DB8C7688BF9-LeaderElection53] INFO  impl.RaftServerImpl (RaftServerImpl.java:setRole(184)) - 4a682f4f-c3f2-4b77-88b7-f0ab78890feb@group-0DB8C7688BF9: changes role from CANDIDATE to FOLLOWER at term 21 for DISCOVERED_A_NEW_TERM
2019-11-05 08:23:50,790 [a8ae9c07-6d89-4a49-a594-cacd4b776180@group-0E159EE4F99E-LeaderElection52] INFO  impl.RoleInfo (RoleInfo.java:updateAndGet(143)) - a8ae9c07-6d89-4a49-a594-cacd4b776180: start FollowerState
2019-11-05 08:23:50,790 [4a682f4f-c3f2-4b77-88b7-f0ab78890feb@group-0DB8C7688BF9-LeaderElection53] INFO  impl.RoleInfo (RoleInfo.java:shutdownLeaderElection(134)) - 4a682f4f-c3f2-4b77-88b7-f0ab78890feb: shutdown LeaderElection
2019-11-05 08:23:50,790 [4a682f4f-c3f2-4b77-88b7-f0ab78890feb@group-0DB8C7688BF9-LeaderElection53] INFO  impl.RoleInfo (RoleInfo.java:updateAndGet(143)) - 4a682f4f-c3f2-4b77-88b7-f0ab78890feb: start FollowerState
2019-11-05 08:23:50,863 [Thread-696] INFO  impl.FollowerState (FollowerState.java:run(108)) - a8ae9c07-6d89-4a49-a594-cacd4b776180@group-0E159EE4F99E-FollowerState: change to CANDIDATE, lastRpcTime:73ms, electionTimeout:73ms
2019-11-05 08:23:50,864 [Thread-696] INFO  impl.RoleInfo (RoleInfo.java:shutdownFollowerState(121)) - a8ae9c07-6d89-4a49-a594-cacd4b776180: shutdown FollowerState
2019-11-05 08:23:50,864 [Thread-696] INFO  impl.RaftServerImpl (RaftServerImpl.java:setRole(184)) - a8ae9c07-6d89-4a49-a594-cacd4b776180@group-0E159EE4F99E: changes role from  FOLLOWER to CANDIDATE at term 25 for changeToCandidate
2019-11-05 08:23:50,864 [Thread-696] INFO  impl.RoleInfo (RoleInfo.java:updateAndGet(143)) - a8ae9c07-6d89-4a49-a594-cacd4b776180: start LeaderElection
2019-11-05 08:23:50,886 [a8ae9c07-6d89-4a49-a594-cacd4b776180@group-0E159EE4F99E-LeaderElection54] INFO  impl.LeaderElection (LeaderElection.java:askForVotes(178)) - a8ae9c07-6d89-4a49-a594-cacd4b776180@group-0E159EE4F99E-LeaderElection54: begin an election at term 26 for -1: [caafcba9-090a-41f5-a5f9-cba5a6a81e94:192.168.164.217:37197, a8ae9c07-6d89-4a49-a594-cacd4b776180:192.168.164.217:42719, b3bb9051-8089-4c51-a999-81579e5913f2:192.168.164.217:36516], old=null
2019-11-05 08:23:50,889 [grpc-default-executor-4] INFO  impl.RaftServerImpl (RaftServerImpl.java:setRole(184)) - caafcba9-090a-41f5-a5f9-cba5a6a81e94@group-0E159EE4F99E: changes role from  FOLLOWER to FOLLOWER at term 26 for recognizeCandidate:a8ae9c07-6d89-4a49-a594-cacd4b776180
2019-11-05 08:23:50,889 [grpc-default-executor-0] INFO  impl.RaftServerImpl (RaftServerImpl.java:setRole(184)) - b3bb9051-8089-4c51-a999-81579e5913f2@group-0E159EE4F99E: changes role from  FOLLOWER to FOLLOWER at term 26 for recognizeCandidate:a8ae9c07-6d89-4a49-a594-cacd4b776180
2019-11-05 08:23:50,889 [grpc-default-executor-0] INFO  impl.RoleInfo (RoleInfo.java:shutdownFollowerState(121)) - b3bb9051-8089-4c51-a999-81579e5913f2: shutdown FollowerState
2019-11-05 08:23:50,889 [grpc-default-executor-4] INFO  impl.RoleInfo (RoleInfo.java:shutdownFollowerState(121)) - caafcba9-090a-41f5-a5f9-cba5a6a81e94: shutdown FollowerState
2019-11-05 08:23:50,889 [Thread-692] INFO  impl.FollowerState (FollowerState.java:run(117)) - b3bb9051-8089-4c51-a999-81579e5913f2@group-0E159EE4F99E-FollowerState was interrupted: java.lang.InterruptedException: sleep interrupted
2019-11-05 08:23:50,889 [grpc-default-executor-0] INFO  impl.RoleInfo (RoleInfo.java:updateAndGet(143)) - b3bb9051-8089-4c51-a999-81579e5913f2: start FollowerState
2019-11-05 08:23:50,889 [Thread-694] INFO  impl.FollowerState (FollowerState.java:run(117)) - caafcba9-090a-41f5-a5f9-cba5a6a81e94@group-0E159EE4F99E-FollowerState was interrupted: java.lang.InterruptedException: sleep interrupted
2019-11-05 08:23:50,889 [grpc-default-executor-4] INFO  impl.RoleInfo (RoleInfo.java:updateAndGet(143)) - caafcba9-090a-41f5-a5f9-cba5a6a81e94: start FollowerState
2019-11-05 08:23:50,905 [a8ae9c07-6d89-4a49-a594-cacd4b776180@group-0E159EE4F99E-LeaderElection54] INFO  impl.LeaderElection (LeaderElection.java:logAndReturn(56)) - a8ae9c07-6d89-4a49-a594-cacd4b776180@group-0E159EE4F99E-LeaderElection54: Election REJECTED; received 2 response(s) [a8ae9c07-6d89-4a49-a594-cacd4b776180<-caafcba9-090a-41f5-a5f9-cba5a6a81e94#0:FAIL-t26, a8ae9c07-6d89-4a49-a594-cacd4b776180<-b3bb9051-8089-4c51-a999-81579e5913f2#0:FAIL-t26] and 0 exception(s); a8ae9c07-6d89-4a49-a594-cacd4b776180@group-0E159EE4F99E:t26, leader=null, voted=a8ae9c07-6d89-4a49-a594-cacd4b776180, raftlog=a8ae9c07-6d89-4a49-a594-cacd4b776180@group-0E159EE4F99E-SegmentedRaftLog:OPENED:c-1,f-1,i0, conf=-1: [caafcba9-090a-41f5-a5f9-cba5a6a81e94:192.168.164.217:37197, a8ae9c07-6d89-4a49-a594-cacd4b776180:192.168.164.217:42719, b3bb9051-8089-4c51-a999-81579e5913f2:192.168.164.217:36516], old=null
2019-11-05 08:23:50,905 [a8ae9c07-6d89-4a49-a594-cacd4b776180@group-0E159EE4F99E-LeaderElection54] INFO  impl.RaftServerImpl (RaftServerImpl.java:setRole(184)) - a8ae9c07-6d89-4a49-a594-cacd4b776180@group-0E159EE4F99E: changes role from CANDIDATE to FOLLOWER at term 26 for DISCOVERED_A_NEW_TERM
2019-11-05 08:23:50,905 [a8ae9c07-6d89-4a49-a594-cacd4b776180@group-0E159EE4F99E-LeaderElection54] INFO  impl.RoleInfo (RoleInfo.java:shutdownLeaderElection(134)) - a8ae9c07-6d89-4a49-a594-cacd4b776180: shutdown LeaderElection
2019-11-05 08:23:50,905 [a8ae9c07-6d89-4a49-a594-cacd4b776180@group-0E159EE4F99E-LeaderElection54] INFO  impl.RoleInfo (RoleInfo.java:updateAndGet(143)) - a8ae9c07-6d89-4a49-a594-cacd4b776180: start FollowerState
2019-11-05 08:23:50,964 [Thread-697] INFO  impl.FollowerState (FollowerState.java:run(108)) - 4a682f4f-c3f2-4b77-88b7-f0ab78890feb@group-0DB8C7688BF9-FollowerState: change to CANDIDATE, lastRpcTime:173ms, electionTimeout:173ms
2019-11-05 08:23:50,964 [Thread-697] INFO  impl.RoleInfo (RoleInfo.java:shutdownFollowerState(121)) - 4a682f4f-c3f2-4b77-88b7-f0ab78890feb: shutdown FollowerState
2019-11-05 08:23:50,964 [Thread-697] INFO  impl.RaftServerImpl (RaftServerImpl.java:setRole(184)) - 4a682f4f-c3f2-4b77-88b7-f0ab78890feb@group-0DB8C7688BF9: changes role from  FOLLOWER to CANDIDATE at term 21 for changeToCandidate
2019-11-05 08:23:50,964 [Thread-697] INFO  impl.RoleInfo (RoleInfo.java:updateAndGet(143)) - 4a682f4f-c3f2-4b77-88b7-f0ab78890feb: start LeaderElection
2019-11-05 08:23:50,978 [Thread-703] INFO  impl.FollowerState (FollowerState.java:run(108)) - a8ae9c07-6d89-4a49-a594-cacd4b776180@group-0E159EE4F99E-FollowerState: change to CANDIDATE, lastRpcTime:72ms, electionTimeout:72ms
2019-11-05 08:23:50,978 [Thread-703] INFO  impl.RoleInfo (RoleInfo.java:shutdownFollowerState(121)) - a8ae9c07-6d89-4a49-a594-cacd4b776180: shutdown FollowerState
2019-11-05 08:23:50,978 [Thread-703] INFO  impl.RaftServerImpl (RaftServerImpl.java:setRole(184)) - a8ae9c07-6d89-4a49-a594-cacd4b776180@group-0E159EE4F99E: changes role from  FOLLOWER to CANDIDATE at term 26 for changeToCandidate
2019-11-05 08:23:50,978 [Thread-703] INFO  impl.RoleInfo (RoleInfo.java:updateAndGet(143)) - a8ae9c07-6d89-4a49-a594-cacd4b776180: start LeaderElection
2019-11-05 08:23:50,978 [4a682f4f-c3f2-4b77-88b7-f0ab78890feb@group-0DB8C7688BF9-LeaderElection55] INFO  impl.LeaderElection (LeaderElection.java:askForVotes(178)) - 4a682f4f-c3f2-4b77-88b7-f0ab78890feb@group-0DB8C7688BF9-LeaderElection55: begin an election at term 22 for -1: [77ab65e6-d942-49df-83a3-1d4c0bf152b3:192.168.164.217:39381, 7e1b84a9-a041-44fd-8008-f2679426984c:192.168.164.217:44149, 4a682f4f-c3f2-4b77-88b7-f0ab78890feb:192.168.164.217:34174], old=null
2019-11-05 08:23:50,981 [grpc-default-executor-4] INFO  impl.RaftServerImpl (RaftServerImpl.java:setRole(184)) - 77ab65e6-d942-49df-83a3-1d4c0bf152b3@group-0DB8C7688BF9: changes role from  FOLLOWER to FOLLOWER at term 22 for recognizeCandidate:4a682f4f-c3f2-4b77-88b7-f0ab78890feb
2019-11-05 08:23:50,981 [grpc-default-executor-4] INFO  impl.RoleInfo (RoleInfo.java:shutdownFollowerState(121)) - 77ab65e6-d942-49df-83a3-1d4c0bf152b3: shutdown FollowerState
2019-11-05 08:23:50,981 [grpc-default-executor-0] INFO  impl.RaftServerImpl (RaftServerImpl.java:setRole(184)) - 7e1b84a9-a041-44fd-8008-f2679426984c@group-0DB8C7688BF9: changes role from  FOLLOWER to FOLLOWER at term 22 for recognizeCandidate:4a682f4f-c3f2-4b77-88b7-f0ab78890feb
2019-11-05 08:23:50,981 [Thread-693] INFO  impl.FollowerState (FollowerState.java:run(117)) - 77ab65e6-d942-49df-83a3-1d4c0bf152b3@group-0DB8C7688BF9-FollowerState was interrupted: java.lang.InterruptedException: sleep interrupted
2019-11-05 08:23:50,981 [grpc-default-executor-4] INFO  impl.RoleInfo (RoleInfo.java:updateAndGet(143)) - 77ab65e6-d942-49df-83a3-1d4c0bf152b3: start FollowerState
2019-11-05 08:23:50,982 [grpc-default-executor-0] INFO  impl.RoleInfo (RoleInfo.java:shutdownFollowerState(121)) - 7e1b84a9-a041-44fd-8008-f2679426984c: shutdown FollowerState
2019-11-05 08:23:50,982 [grpc-default-executor-0] INFO  impl.RoleInfo (RoleInfo.java:updateAndGet(143)) - 7e1b84a9-a041-44fd-8008-f2679426984c: start FollowerState
2019-11-05 08:23:50,982 [Thread-695] INFO  impl.FollowerState (FollowerState.java:run(117)) - 7e1b84a9-a041-44fd-8008-f2679426984c@group-0DB8C7688BF9-FollowerState was interrupted: java.lang.InterruptedException: sleep interrupted
2019-11-05 08:23:50,992 [a8ae9c07-6d89-4a49-a594-cacd4b776180@group-0E159EE4F99E-LeaderElection56] INFO  impl.LeaderElection (LeaderElection.java:askForVotes(178)) - a8ae9c07-6d89-4a49-a594-cacd4b776180@group-0E159EE4F99E-LeaderElection56: begin an election at term 27 for -1: [caafcba9-090a-41f5-a5f9-cba5a6a81e94:192.168.164.217:37197, a8ae9c07-6d89-4a49-a594-cacd4b776180:192.168.164.217:42719, b3bb9051-8089-4c51-a999-81579e5913f2:192.168.164.217:36516], old=null
2019-11-05 08:23:50,993 [4a682f4f-c3f2-4b77-88b7-f0ab78890feb@group-0DB8C7688BF9-LeaderElection55] INFO  impl.LeaderElection (LeaderElection.java:logAndReturn(56)) - 4a682f4f-c3f2-4b77-88b7-f0ab78890feb@group-0DB8C7688BF9-LeaderElection55: Election REJECTED; received 2 response(s) [4a682f4f-c3f2-4b77-88b7-f0ab78890feb<-77ab65e6-d942-49df-83a3-1d4c0bf152b3#0:FAIL-t22, 4a682f4f-c3f2-4b77-88b7-f0ab78890feb<-7e1b84a9-a041-44fd-8008-f2679426984c#0:FAIL-t22] and 0 exception(s); 4a682f4f-c3f2-4b77-88b7-f0ab78890feb@group-0DB8C7688BF9:t22, leader=null, voted=4a682f4f-c3f2-4b77-88b7-f0ab78890feb, raftlog=4a682f4f-c3f2-4b77-88b7-f0ab78890feb@group-0DB8C7688BF9-SegmentedRaftLog:OPENED:c-1,f-1,i0, conf=-1: [77ab65e6-d942-49df-83a3-1d4c0bf152b3:192.168.164.217:39381, 7e1b84a9-a041-44fd-8008-f2679426984c:192.168.164.217:44149, 4a682f4f-c3f2-4b77-88b7-f0ab78890feb:192.168.164.217:34174], old=null
2019-11-05 08:23:50,994 [4a682f4f-c3f2-4b77-88b7-f0ab78890feb@group-0DB8C7688BF9-LeaderElection55] INFO  impl.RaftServerImpl (RaftServerImpl.java:setRole(184)) - 4a682f4f-c3f2-4b77-88b7-f0ab78890feb@group-0DB8C7688BF9: changes role from CANDIDATE to FOLLOWER at term 22 for DISCOVERED_A_NEW_TERM
2019-11-05 08:23:50,994 [4a682f4f-c3f2-4b77-88b7-f0ab78890feb@group-0DB8C7688BF9-LeaderElection55] INFO  impl.RoleInfo (RoleInfo.java:shutdownLeaderElection(134)) - 4a682f4f-c3f2-4b77-88b7-f0ab78890feb: shutdown LeaderElection
2019-11-05 08:23:50,994 [4a682f4f-c3f2-4b77-88b7-f0ab78890feb@group-0DB8C7688BF9-LeaderElection55] INFO  impl.RoleInfo (RoleInfo.java:updateAndGet(143)) - 4a682f4f-c3f2-4b77-88b7-f0ab78890feb: start FollowerState
2019-11-05 08:23:50,994 [grpc-default-executor-4] INFO  impl.RaftServerImpl (RaftServerImpl.java:setRole(184)) - caafcba9-090a-41f5-a5f9-cba5a6a81e94@group-0E159EE4F99E: changes role from  FOLLOWER to FOLLOWER at term 27 for recognizeCandidate:a8ae9c07-6d89-4a49-a594-cacd4b776180
2019-11-05 08:23:50,994 [grpc-default-executor-0] INFO  impl.RaftServerImpl (RaftServerImpl.java:setRole(184)) - b3bb9051-8089-4c51-a999-81579e5913f2@group-0E159EE4F99E: changes role from  FOLLOWER to FOLLOWER at term 27 for recognizeCandidate:a8ae9c07-6d89-4a49-a594-cacd4b776180
2019-11-05 08:23:50,995 [grpc-default-executor-4] INFO  impl.RoleInfo (RoleInfo.java:shutdownFollowerState(121)) - caafcba9-090a-41f5-a5f9-cba5a6a81e94: shutdown FollowerState
2019-11-05 08:23:50,995 [grpc-default-executor-0] INFO  impl.RoleInfo (RoleInfo.java:shutdownFollowerState(121)) - b3bb9051-8089-4c51-a999-81579e5913f2: shutdown FollowerState
2019-11-05 08:23:50,995 [Thread-702] INFO  impl.FollowerState (FollowerState.java:run(117)) - caafcba9-090a-41f5-a5f9-cba5a6a81e94@group-0E159EE4F99E-FollowerState was interrupted: java.lang.InterruptedException: sleep interrupted
2019-11-05 08:23:50,995 [Thread-701] INFO  impl.FollowerState (FollowerState.java:run(117)) - b3bb9051-8089-4c51-a999-81579e5913f2@group-0E159EE4F99E-FollowerState was interrupted: java.lang.InterruptedException: sleep interrupted
2019-11-05 08:23:50,995 [grpc-default-executor-4] INFO  impl.RoleInfo (RoleInfo.java:updateAndGet(143)) - caafcba9-090a-41f5-a5f9-cba5a6a81e94: start FollowerState
2019-11-05 08:23:50,995 [grpc-default-executor-0] INFO  impl.RoleInfo (RoleInfo.java:updateAndGet(143)) - b3bb9051-8089-4c51-a999-81579e5913f2: start FollowerState
2019-11-05 08:23:51,011 [a8ae9c07-6d89-4a49-a594-cacd4b776180@group-0E159EE4F99E-LeaderElection56] INFO  impl.LeaderElection (LeaderElection.java:logAndReturn(56)) - a8ae9c07-6d89-4a49-a594-cacd4b776180@group-0E159EE4F99E-LeaderElection56: Election REJECTED; received 2 response(s) [a8ae9c07-6d89-4a49-a594-cacd4b776180<-caafcba9-090a-41f5-a5f9-cba5a6a81e94#0:FAIL-t27, a8ae9c07-6d89-4a49-a594-cacd4b776180<-b3bb9051-8089-4c51-a999-81579e5913f2#0:FAIL-t27] and 0 exception(s); a8ae9c07-6d89-4a49-a594-cacd4b776180@group-0E159EE4F99E:t27, leader=null, voted=a8ae9c07-6d89-4a49-a594-cacd4b776180, raftlog=a8ae9c07-6d89-4a49-a594-cacd4b776180@group-0E159EE4F99E-SegmentedRaftLog:OPENED:c-1,f-1,i0, conf=-1: [caafcba9-090a-41f5-a5f9-cba5a6a81e94:192.168.164.217:37197, a8ae9c07-6d89-4a49-a594-cacd4b776180:192.168.164.217:42719, b3bb9051-8089-4c51-a999-81579e5913f2:192.168.164.217:36516], old=null
2019-11-05 08:23:51,011 [a8ae9c07-6d89-4a49-a594-cacd4b776180@group-0E159EE4F99E-LeaderElection56] INFO  impl.RaftServerImpl (RaftServerImpl.java:setRole(184)) - a8ae9c07-6d89-4a49-a594-cacd4b776180@group-0E159EE4F99E: changes role from CANDIDATE to FOLLOWER at term 27 for DISCOVERED_A_NEW_TERM
2019-11-05 08:23:51,011 [a8ae9c07-6d89-4a49-a594-cacd4b776180@group-0E159EE4F99E-LeaderElection56] INFO  impl.RoleInfo (RoleInfo.java:shutdownLeaderElection(134)) - a8ae9c07-6d89-4a49-a594-cacd4b776180: shutdown LeaderElection
2019-11-05 08:23:51,011 [a8ae9c07-6d89-4a49-a594-cacd4b776180@group-0E159EE4F99E-LeaderElection56] INFO  impl.RoleInfo (RoleInfo.java:updateAndGet(143)) - a8ae9c07-6d89-4a49-a594-cacd4b776180: start FollowerState
2019-11-05 08:23:51,069 [Thread-715] INFO  impl.FollowerState (FollowerState.java:run(108)) - a8ae9c07-6d89-4a49-a594-cacd4b776180@group-0E159EE4F99E-FollowerState: change to CANDIDATE, lastRpcTime:57ms, electionTimeout:57ms
2019-11-05 08:23:51,069 [Thread-715] INFO  impl.RoleInfo (RoleInfo.java:shutdownFollowerState(121)) - a8ae9c07-6d89-4a49-a594-cacd4b776180: shutdown FollowerState
2019-11-05 08:23:51,069 [Thread-715] INFO  impl.RaftServerImpl (RaftServerImpl.java:setRole(184)) - a8ae9c07-6d89-4a49-a594-cacd4b776180@group-0E159EE4F99E: changes role from  FOLLOWER to CANDIDATE at term 27 for changeToCandidate
2019-11-05 08:23:51,069 [Thread-715] INFO  impl.RoleInfo (RoleInfo.java:updateAndGet(143)) - a8ae9c07-6d89-4a49-a594-cacd4b776180: start LeaderElection
2019-11-05 08:23:51,083 [a8ae9c07-6d89-4a49-a594-cacd4b776180@group-0E159EE4F99E-LeaderElection57] INFO  impl.LeaderElection (LeaderElection.java:askForVotes(178)) - a8ae9c07-6d89-4a49-a594-cacd4b776180@group-0E159EE4F99E-LeaderElection57: begin an election at term 28 for -1: [caafcba9-090a-41f5-a5f9-cba5a6a81e94:192.168.164.217:37197, a8ae9c07-6d89-4a49-a594-cacd4b776180:192.168.164.217:42719, b3bb9051-8089-4c51-a999-81579e5913f2:192.168.164.217:36516], old=null
2019-11-05 08:23:51,083 [a8ae9c07-6d89-4a49-a594-cacd4b776180@group-0E159EE4F99E-LeaderElection57] INFO  impl.LeaderElection (LeaderElection.java:logAndReturn(56)) - a8ae9c07-6d89-4a49-a594-cacd4b776180@group-0E159EE4F99E-LeaderElection57: Election TIMEOUT; received 0 response(s) [] and 0 exception(s); a8ae9c07-6d89-4a49-a594-cacd4b776180@group-0E159EE4F99E:t28, leader=null, voted=a8ae9c07-6d89-4a49-a594-cacd4b776180, raftlog=a8ae9c07-6d89-4a49-a594-cacd4b776180@group-0E159EE4F99E-SegmentedRaftLog:OPENED:c-1,f-1,i0, conf=-1: [caafcba9-090a-41f5-a5f9-cba5a6a81e94:192.168.164.217:37197, a8ae9c07-6d89-4a49-a594-cacd4b776180:192.168.164.217:42719, b3bb9051-8089-4c51-a999-81579e5913f2:192.168.164.217:36516], old=null
2019-11-05 08:23:51,085 [grpc-default-executor-4] INFO  impl.RaftServerImpl (RaftServerImpl.java:setRole(184)) - caafcba9-090a-41f5-a5f9-cba5a6a81e94@group-0E159EE4F99E: changes role from  FOLLOWER to FOLLOWER at term 28 for recognizeCandidate:a8ae9c07-6d89-4a49-a594-cacd4b776180
2019-11-05 08:23:51,085 [grpc-default-executor-0] INFO  impl.RaftServerImpl (RaftServerImpl.java:setRole(184)) - b3bb9051-8089-4c51-a999-81579e5913f2@group-0E159EE4F99E: changes role from  FOLLOWER to FOLLOWER at term 28 for recognizeCandidate:a8ae9c07-6d89-4a49-a594-cacd4b776180
2019-11-05 08:23:51,085 [grpc-default-executor-4] INFO  impl.RoleInfo (RoleInfo.java:shutdownFollowerState(121)) - caafcba9-090a-41f5-a5f9-cba5a6a81e94: shutdown FollowerState
2019-11-05 08:23:51,085 [grpc-default-executor-0] INFO  impl.RoleInfo (RoleInfo.java:shutdownFollowerState(121)) - b3bb9051-8089-4c51-a999-81579e5913f2: shutdown FollowerState
2019-11-05 08:23:51,085 [Thread-713] INFO  impl.FollowerState (FollowerState.java:run(117)) - caafcba9-090a-41f5-a5f9-cba5a6a81e94@group-0E159EE4F99E-FollowerState was interrupted: java.lang.InterruptedException: sleep interrupted
2019-11-05 08:23:51,085 [grpc-default-executor-4] INFO  impl.RoleInfo (RoleInfo.java:updateAndGet(143)) - caafcba9-090a-41f5-a5f9-cba5a6a81e94: start FollowerState
2019-11-05 08:23:51,086 [Thread-714] INFO  impl.FollowerState (FollowerState.java:run(117)) - b3bb9051-8089-4c51-a999-81579e5913f2@group-0E159EE4F99E-FollowerState was interrupted: java.lang.InterruptedException: sleep interrupted
2019-11-05 08:23:51,086 [grpc-default-executor-0] INFO  impl.RoleInfo (RoleInfo.java:updateAndGet(143)) - b3bb9051-8089-4c51-a999-81579e5913f2: start FollowerState
2019-11-05 08:23:51,097 [a8ae9c07-6d89-4a49-a594-cacd4b776180@group-0E159EE4F99E-LeaderElection57] INFO  impl.LeaderElection (LeaderElection.java:askForVotes(178)) - a8ae9c07-6d89-4a49-a594-cacd4b776180@group-0E159EE4F99E-LeaderElection57: begin an election at term 29 for -1: [caafcba9-090a-41f5-a5f9-cba5a6a81e94:192.168.164.217:37197, a8ae9c07-6d89-4a49-a594-cacd4b776180:192.168.164.217:42719, b3bb9051-8089-4c51-a999-81579e5913f2:192.168.164.217:36516], old=null
2019-11-05 08:23:51,099 [grpc-default-executor-0] INFO  impl.RaftServerImpl (RaftServerImpl.java:setRole(184)) - caafcba9-090a-41f5-a5f9-cba5a6a81e94@group-0E159EE4F99E: changes role from  FOLLOWER to FOLLOWER at term 29 for recognizeCandidate:a8ae9c07-6d89-4a49-a594-cacd4b776180
2019-11-05 08:23:51,099 [grpc-default-executor-4] INFO  impl.RaftServerImpl (RaftServerImpl.java:setRole(184)) - b3bb9051-8089-4c51-a999-81579e5913f2@group-0E159EE4F99E: changes role from  FOLLOWER to FOLLOWER at term 29 for recognizeCandidate:a8ae9c07-6d89-4a49-a594-cacd4b776180
2019-11-05 08:23:51,099 [grpc-default-executor-0] INFO  impl.RoleInfo (RoleInfo.java:shutdownFollowerState(121)) - caafcba9-090a-41f5-a5f9-cba5a6a81e94: shutdown FollowerState
2019-11-05 08:23:51,100 [grpc-default-executor-4] INFO  impl.RoleInfo (RoleInfo.java:shutdownFollowerState(121)) - b3bb9051-8089-4c51-a999-81579e5913f2: shutdown FollowerState
2019-11-05 08:23:51,100 [Thread-721] INFO  impl.FollowerState (FollowerState.java:run(117)) - caafcba9-090a-41f5-a5f9-cba5a6a81e94@group-0E159EE4F99E-FollowerState was interrupted: java.lang.InterruptedException: sleep interrupted
2019-11-05 08:23:51,100 [grpc-default-executor-0] INFO  impl.RoleInfo (RoleInfo.java:updateAndGet(143)) - caafcba9-090a-41f5-a5f9-cba5a6a81e94: start FollowerState
2019-11-05 08:23:51,100 [Thread-722] INFO  impl.FollowerState (FollowerState.java:run(117)) - b3bb9051-8089-4c51-a999-81579e5913f2@group-0E159EE4F99E-FollowerState was interrupted: java.lang.InterruptedException: sleep interrupted
2019-11-05 08:23:51,100 [grpc-default-executor-4] INFO  impl.RoleInfo (RoleInfo.java:updateAndGet(143)) - b3bb9051-8089-4c51-a999-81579e5913f2: start FollowerState
2019-11-05 08:23:51,107 [Thread-712] INFO  impl.FollowerState (FollowerState.java:run(108)) - 4a682f4f-c3f2-4b77-88b7-f0ab78890feb@group-0DB8C7688BF9-FollowerState: change to CANDIDATE, lastRpcTime:113ms, electionTimeout:113ms
2019-11-05 08:23:51,107 [Thread-712] INFO  impl.RoleInfo (RoleInfo.java:shutdownFollowerState(121)) - 4a682f4f-c3f2-4b77-88b7-f0ab78890feb: shutdown FollowerState
2019-11-05 08:23:51,107 [Thread-712] INFO  impl.RaftServerImpl (RaftServerImpl.java:setRole(184)) - 4a682f4f-c3f2-4b77-88b7-f0ab78890feb@group-0DB8C7688BF9: changes role from  FOLLOWER to CANDIDATE at term 22 for changeToCandidate
2019-11-05 08:23:51,108 [Thread-712] INFO  impl.RoleInfo (RoleInfo.java:updateAndGet(143)) - 4a682f4f-c3f2-4b77-88b7-f0ab78890feb: start LeaderElection
2019-11-05 08:23:51,115 [4a682f4f-c3f2-4b77-88b7-f0ab78890feb@group-0DB8C7688BF9-LeaderElection58] INFO  impl.LeaderElection (LeaderElection.java:askForVotes(178)) - 4a682f4f-c3f2-4b77-88b7-f0ab78890feb@group-0DB8C7688BF9-LeaderElection58: begin an election at term 23 for -1: [77ab65e6-d942-49df-83a3-1d4c0bf152b3:192.168.164.217:39381, 7e1b84a9-a041-44fd-8008-f2679426984c:192.168.164.217:44149, 4a682f4f-c3f2-4b77-88b7-f0ab78890feb:192.168.164.217:34174], old=null
2019-11-05 08:23:51,118 [a8ae9c07-6d89-4a49-a594-cacd4b776180@group-0E159EE4F99E-LeaderElection57] INFO  impl.LeaderElection (LeaderElection.java:logAndReturn(56)) - a8ae9c07-6d89-4a49-a594-cacd4b776180@group-0E159EE4F99E-LeaderElection57: Election REJECTED; received 2 response(s) [a8ae9c07-6d89-4a49-a594-cacd4b776180<-caafcba9-090a-41f5-a5f9-cba5a6a81e94#0:FAIL-t29, a8ae9c07-6d89-4a49-a594-cacd4b776180<-b3bb9051-8089-4c51-a999-81579e5913f2#0:FAIL-t29] and 0 exception(s); a8ae9c07-6d89-4a49-a594-cacd4b776180@group-0E159EE4F99E:t29, leader=null, voted=a8ae9c07-6d89-4a49-a594-cacd4b776180, raftlog=a8ae9c07-6d89-4a49-a594-cacd4b776180@group-0E159EE4F99E-SegmentedRaftLog:OPENED:c-1,f-1,i0, conf=-1: [caafcba9-090a-41f5-a5f9-cba5a6a81e94:192.168.164.217:37197, a8ae9c07-6d89-4a49-a594-cacd4b776180:192.168.164.217:42719, b3bb9051-8089-4c51-a999-81579e5913f2:192.168.164.217:36516], old=null
2019-11-05 08:23:51,119 [a8ae9c07-6d89-4a49-a594-cacd4b776180@group-0E159EE4F99E-LeaderElection57] INFO  impl.RaftServerImpl (RaftServerImpl.java:setRole(184)) - a8ae9c07-6d89-4a49-a594-cacd4b776180@group-0E159EE4F99E: changes role from CANDIDATE to FOLLOWER at term 29 for DISCOVERED_A_NEW_TERM
2019-11-05 08:23:51,119 [a8ae9c07-6d89-4a49-a594-cacd4b776180@group-0E159EE4F99E-LeaderElection57] INFO  impl.RoleInfo (RoleInfo.java:shutdownLeaderElection(134)) - a8ae9c07-6d89-4a49-a594-cacd4b776180: shutdown LeaderElection
2019-11-05 08:23:51,119 [a8ae9c07-6d89-4a49-a594-cacd4b776180@group-0E159EE4F99E-LeaderElection57] INFO  impl.RoleInfo (RoleInfo.java:updateAndGet(143)) - a8ae9c07-6d89-4a49-a594-cacd4b776180: start FollowerState
2019-11-05 08:23:51,119 [grpc-default-executor-4] INFO  impl.RaftServerImpl (RaftServerImpl.java:setRole(184)) - 7e1b84a9-a041-44fd-8008-f2679426984c@group-0DB8C7688BF9: changes role from  FOLLOWER to FOLLOWER at term 23 for recognizeCandidate:4a682f4f-c3f2-4b77-88b7-f0ab78890feb
2019-11-05 08:23:51,120 [grpc-default-executor-0] INFO  impl.RaftServerImpl (RaftServerImpl.java:setRole(184)) - 77ab65e6-d942-49df-83a3-1d4c0bf152b3@group-0DB8C7688BF9: changes role from  FOLLOWER to FOLLOWER at term 23 for recognizeCandidate:4a682f4f-c3f2-4b77-88b7-f0ab78890feb
2019-11-05 08:23:51,120 [grpc-default-executor-4] INFO  impl.RoleInfo (RoleInfo.java:shutdownFollowerState(121)) - 7e1b84a9-a041-44fd-8008-f2679426984c: shutdown FollowerState
2019-11-05 08:23:51,120 [grpc-default-executor-0] INFO  impl.RoleInfo (RoleInfo.java:shutdownFollowerState(121)) - 77ab65e6-d942-49df-83a3-1d4c0bf152b3: shutdown FollowerState
2019-11-05 08:23:51,120 [Thread-709] INFO  impl.FollowerState (FollowerState.java:run(117)) - 7e1b84a9-a041-44fd-8008-f2679426984c@group-0DB8C7688BF9-FollowerState was interrupted: java.lang.InterruptedException: sleep interrupted
2019-11-05 08:23:51,120 [grpc-default-executor-4] INFO  impl.RoleInfo (RoleInfo.java:updateAndGet(143)) - 7e1b84a9-a041-44fd-8008-f2679426984c: start FollowerState
2019-11-05 08:23:51,120 [Thread-708] INFO  impl.FollowerState (FollowerState.java:run(117)) - 77ab65e6-d942-49df-83a3-1d4c0bf152b3@group-0DB8C7688BF9-FollowerState was interrupted: java.lang.InterruptedException: sleep interrupted
2019-11-05 08:23:51,120 [grpc-default-executor-0] INFO  impl.RoleInfo (RoleInfo.java:updateAndGet(143)) - 77ab65e6-d942-49df-83a3-1d4c0bf152b3: start FollowerState
2019-11-05 08:23:51,135 [4a682f4f-c3f2-4b77-88b7-f0ab78890feb@group-0DB8C7688BF9-LeaderElection58] INFO  impl.LeaderElection (LeaderElection.java:logAndReturn(56)) - 4a682f4f-c3f2-4b77-88b7-f0ab78890feb@group-0DB8C7688BF9-LeaderElection58: Election REJECTED; received 2 response(s) [4a682f4f-c3f2-4b77-88b7-f0ab78890feb<-77ab65e6-d942-49df-83a3-1d4c0bf152b3#0:FAIL-t23, 4a682f4f-c3f2-4b77-88b7-f0ab78890feb<-7e1b84a9-a041-44fd-8008-f2679426984c#0:FAIL-t23] and 0 exception(s); 4a682f4f-c3f2-4b77-88b7-f0ab78890feb@group-0DB8C7688BF9:t23, leader=null, voted=4a682f4f-c3f2-4b77-88b7-f0ab78890feb, raftlog=4a682f4f-c3f2-4b77-88b7-f0ab78890feb@group-0DB8C7688BF9-SegmentedRaftLog:OPENED:c-1,f-1,i0, conf=-1: [77ab65e6-d942-49df-83a3-1d4c0bf152b3:192.168.164.217:39381, 7e1b84a9-a041-44fd-8008-f2679426984c:192.168.164.217:44149, 4a682f4f-c3f2-4b77-88b7-f0ab78890feb:192.168.164.217:34174], old=null
2019-11-05 08:23:51,135 [4a682f4f-c3f2-4b77-88b7-f0ab78890feb@group-0DB8C7688BF9-LeaderElection58] INFO  impl.RaftServerImpl (RaftServerImpl.java:setRole(184)) - 4a682f4f-c3f2-4b77-88b7-f0ab78890feb@group-0DB8C7688BF9: changes role from CANDIDATE to FOLLOWER at term 23 for DISCOVERED_A_NEW_TERM
2019-11-05 08:23:51,135 [4a682f4f-c3f2-4b77-88b7-f0ab78890feb@group-0DB8C7688BF9-LeaderElection58] INFO  impl.RoleInfo (RoleInfo.java:shutdownLeaderElection(134)) - 4a682f4f-c3f2-4b77-88b7-f0ab78890feb: shutdown LeaderElection
2019-11-05 08:23:51,136 [4a682f4f-c3f2-4b77-88b7-f0ab78890feb@group-0DB8C7688BF9-LeaderElection58] INFO  impl.RoleInfo (RoleInfo.java:updateAndGet(143)) - 4a682f4f-c3f2-4b77-88b7-f0ab78890feb: start FollowerState
2019-11-05 08:23:51,146 [Thread-730] INFO  impl.FollowerState (FollowerState.java:run(108)) - a8ae9c07-6d89-4a49-a594-cacd4b776180@group-0E159EE4F99E-FollowerState: change to CANDIDATE, lastRpcTime:27ms, electionTimeout:27ms
2019-11-05 08:23:51,146 [Thread-730] INFO  impl.RoleInfo (RoleInfo.java:shutdownFollowerState(121)) - a8ae9c07-6d89-4a49-a594-cacd4b776180: shutdown FollowerState
2019-11-05 08:23:51,146 [Thread-730] INFO  impl.RaftServerImpl (RaftServerImpl.java:setRole(184)) - a8ae9c07-6d89-4a49-a594-cacd4b776180@group-0E159EE4F99E: changes role from  FOLLOWER to CANDIDATE at term 29 for changeToCandidate
2019-11-05 08:23:51,146 [Thread-730] INFO  impl.RoleInfo (RoleInfo.java:updateAndGet(143)) - a8ae9c07-6d89-4a49-a594-cacd4b776180: start LeaderElection
2019-11-05 08:23:51,160 [a8ae9c07-6d89-4a49-a594-cacd4b776180@group-0E159EE4F99E-LeaderElection59] INFO  impl.LeaderElection (LeaderElection.java:askForVotes(178)) - a8ae9c07-6d89-4a49-a594-cacd4b776180@group-0E159EE4F99E-LeaderElection59: begin an election at term 30 for -1: [caafcba9-090a-41f5-a5f9-cba5a6a81e94:192.168.164.217:37197, a8ae9c07-6d89-4a49-a594-cacd4b776180:192.168.164.217:42719, b3bb9051-8089-4c51-a999-81579e5913f2:192.168.164.217:36516], old=null
2019-11-05 08:23:51,162 [grpc-default-executor-4] INFO  impl.RaftServerImpl (RaftServerImpl.java:setRole(184)) - b3bb9051-8089-4c51-a999-81579e5913f2@group-0E159EE4F99E: changes role from  FOLLOWER to FOLLOWER at term 30 for recognizeCandidate:a8ae9c07-6d89-4a49-a594-cacd4b776180
2019-11-05 08:23:51,162 [grpc-default-executor-4] INFO  impl.RoleInfo (RoleInfo.java:shutdownFollowerState(121)) - b3bb9051-8089-4c51-a999-81579e5913f2: shutdown FollowerState
2019-11-05 08:23:51,162 [grpc-default-executor-0] INFO  impl.RaftServerImpl (RaftServerImpl.java:setRole(184)) - caafcba9-090a-41f5-a5f9-cba5a6a81e94@group-0E159EE4F99E: changes role from  FOLLOWER to FOLLOWER at term 30 for recognizeCandidate:a8ae9c07-6d89-4a49-a594-cacd4b776180
2019-11-05 08:23:51,163 [Thread-726] INFO  impl.FollowerState (FollowerState.java:run(117)) - b3bb9051-8089-4c51-a999-81579e5913f2@group-0E159EE4F99E-FollowerState was interrupted: java.lang.InterruptedException: sleep interrupted
2019-11-05 08:23:51,163 [grpc-default-executor-4] INFO  impl.RoleInfo (RoleInfo.java:updateAndGet(143)) - b3bb9051-8089-4c51-a999-81579e5913f2: start FollowerState
2019-11-05 08:23:51,163 [grpc-default-executor-0] INFO  impl.RoleInfo (RoleInfo.java:shutdownFollowerState(121)) - caafcba9-090a-41f5-a5f9-cba5a6a81e94: shutdown FollowerState
2019-11-05 08:23:51,163 [grpc-default-executor-0] INFO  impl.RoleInfo (RoleInfo.java:updateAndGet(143)) - caafcba9-090a-41f5-a5f9-cba5a6a81e94: start FollowerState
2019-11-05 08:23:51,163 [Thread-725] INFO  impl.FollowerState (FollowerState.java:run(117)) - caafcba9-090a-41f5-a5f9-cba5a6a81e94@group-0E159EE4F99E-FollowerState was interrupted: java.lang.InterruptedException: sleep interrupted
2019-11-05 08:23:51,178 [a8ae9c07-6d89-4a49-a594-cacd4b776180@group-0E159EE4F99E-LeaderElection59] INFO  impl.LeaderElection (LeaderElection.java:logAndReturn(56)) - a8ae9c07-6d89-4a49-a594-cacd4b776180@group-0E159EE4F99E-LeaderElection59: Election REJECTED; received 2 response(s) [a8ae9c07-6d89-4a49-a594-cacd4b776180<-caafcba9-090a-41f5-a5f9-cba5a6a81e94#0:FAIL-t30, a8ae9c07-6d89-4a49-a594-cacd4b776180<-b3bb9051-8089-4c51-a999-81579e5913f2#0:FAIL-t30] and 0 exception(s); a8ae9c07-6d89-4a49-a594-cacd4b776180@group-0E159EE4F99E:t30, leader=null, voted=a8ae9c07-6d89-4a49-a594-cacd4b776180, raftlog=a8ae9c07-6d89-4a49-a594-cacd4b776180@group-0E159EE4F99E-SegmentedRaftLog:OPENED:c-1,f-1,i0, conf=-1: [caafcba9-090a-41f5-a5f9-cba5a6a81e94:192.168.164.217:37197, a8ae9c07-6d89-4a49-a594-cacd4b776180:192.168.164.217:42719, b3bb9051-8089-4c51-a999-81579e5913f2:192.168.164.217:36516], old=null
2019-11-05 08:23:51,178 [a8ae9c07-6d89-4a49-a594-cacd4b776180@group-0E159EE4F99E-LeaderElection59] INFO  impl.RaftServerImpl (RaftServerImpl.java:setRole(184)) - a8ae9c07-6d89-4a49-a594-cacd4b776180@group-0E159EE4F99E: changes role from CANDIDATE to FOLLOWER at term 30 for DISCOVERED_A_NEW_TERM
2019-11-05 08:23:51,178 [a8ae9c07-6d89-4a49-a594-cacd4b776180@group-0E159EE4F99E-LeaderElection59] INFO  impl.RoleInfo (RoleInfo.java:shutdownLeaderElection(134)) - a8ae9c07-6d89-4a49-a594-cacd4b776180: shutdown LeaderElection
2019-11-05 08:23:51,178 [a8ae9c07-6d89-4a49-a594-cacd4b776180@group-0E159EE4F99E-LeaderElection59] INFO  impl.RoleInfo (RoleInfo.java:updateAndGet(143)) - a8ae9c07-6d89-4a49-a594-cacd4b776180: start FollowerState
2019-11-05 08:23:51,182 [Thread-733] INFO  impl.FollowerState (FollowerState.java:run(108)) - 4a682f4f-c3f2-4b77-88b7-f0ab78890feb@group-0DB8C7688BF9-FollowerState: change to CANDIDATE, lastRpcTime:46ms, electionTimeout:46ms
2019-11-05 08:23:51,182 [Thread-733] INFO  impl.RoleInfo (RoleInfo.java:shutdownFollowerState(121)) - 4a682f4f-c3f2-4b77-88b7-f0ab78890feb: shutdown FollowerState
2019-11-05 08:23:51,182 [Thread-733] INFO  impl.RaftServerImpl (RaftServerImpl.java:setRole(184)) - 4a682f4f-c3f2-4b77-88b7-f0ab78890feb@group-0DB8C7688BF9: changes role from  FOLLOWER to CANDIDATE at term 23 for changeToCandidate
2019-11-05 08:23:51,182 [Thread-733] INFO  impl.RoleInfo (RoleInfo.java:updateAndGet(143)) - 4a682f4f-c3f2-4b77-88b7-f0ab78890feb: start LeaderElection
2019-11-05 08:23:51,196 [4a682f4f-c3f2-4b77-88b7-f0ab78890feb@group-0DB8C7688BF9-LeaderElection60] INFO  impl.LeaderElection (LeaderElection.java:askForVotes(178)) - 4a682f4f-c3f2-4b77-88b7-f0ab78890feb@group-0DB8C7688BF9-LeaderElection60: begin an election at term 24 for -1: [77ab65e6-d942-49df-83a3-1d4c0bf152b3:192.168.164.217:39381, 7e1b84a9-a041-44fd-8008-f2679426984c:192.168.164.217:44149, 4a682f4f-c3f2-4b77-88b7-f0ab78890feb:192.168.164.217:34174], old=null
2019-11-05 08:23:51,197 [grpc-default-executor-0] INFO  impl.RaftServerImpl (RaftServerImpl.java:setRole(184)) - 77ab65e6-d942-49df-83a3-1d4c0bf152b3@group-0DB8C7688BF9: changes role from  FOLLOWER to FOLLOWER at term 24 for recognizeCandidate:4a682f4f-c3f2-4b77-88b7-f0ab78890feb
2019-11-05 08:23:51,198 [grpc-default-executor-4] INFO  impl.RaftServerImpl (RaftServerImpl.java:setRole(184)) - 7e1b84a9-a041-44fd-8008-f2679426984c@group-0DB8C7688BF9: changes role from  FOLLOWER to FOLLOWER at term 24 for recognizeCandidate:4a682f4f-c3f2-4b77-88b7-f0ab78890feb
2019-11-05 08:23:51,198 [grpc-default-executor-0] INFO  impl.RoleInfo (RoleInfo.java:shutdownFollowerState(121)) - 77ab65e6-d942-49df-83a3-1d4c0bf152b3: shutdown FollowerState
2019-11-05 08:23:51,198 [grpc-default-executor-4] INFO  impl.RoleInfo (RoleInfo.java:shutdownFollowerState(121)) - 7e1b84a9-a041-44fd-8008-f2679426984c: shutdown FollowerState
2019-11-05 08:23:51,198 [Thread-732] INFO  impl.FollowerState (FollowerState.java:run(117)) - 77ab65e6-d942-49df-83a3-1d4c0bf152b3@group-0DB8C7688BF9-FollowerState was interrupted: java.lang.InterruptedException: sleep interrupted
2019-11-05 08:23:51,198 [grpc-default-executor-0] INFO  impl.RoleInfo (RoleInfo.java:updateAndGet(143)) - 77ab65e6-d942-49df-83a3-1d4c0bf152b3: start FollowerState
2019-11-05 08:23:51,198 [Thread-731] INFO  impl.FollowerState (FollowerState.java:run(117)) - 7e1b84a9-a041-44fd-8008-f2679426984c@group-0DB8C7688BF9-FollowerState was interrupted: java.lang.InterruptedException: sleep interrupted
2019-11-05 08:23:51,198 [grpc-default-executor-4] INFO  impl.RoleInfo (RoleInfo.java:updateAndGet(143)) - 7e1b84a9-a041-44fd-8008-f2679426984c: start FollowerState
2019-11-05 08:23:51,213 [4a682f4f-c3f2-4b77-88b7-f0ab78890feb@group-0DB8C7688BF9-LeaderElection60] INFO  impl.LeaderElection (LeaderElection.java:logAndReturn(56)) - 4a682f4f-c3f2-4b77-88b7-f0ab78890feb@group-0DB8C7688BF9-LeaderElection60: Election REJECTED; received 2 response(s) [4a682f4f-c3f2-4b77-88b7-f0ab78890feb<-77ab65e6-d942-49df-83a3-1d4c0bf152b3#0:FAIL-t24, 4a682f4f-c3f2-4b77-88b7-f0ab78890feb<-7e1b84a9-a041-44fd-8008-f2679426984c#0:FAIL-t24] and 0 exception(s); 4a682f4f-c3f2-4b77-88b7-f0ab78890feb@group-0DB8C7688BF9:t24, leader=null, voted=4a682f4f-c3f2-4b77-88b7-f0ab78890feb, raftlog=4a682f4f-c3f2-4b77-88b7-f0ab78890feb@group-0DB8C7688BF9-SegmentedRaftLog:OPENED:c-1,f-1,i0, conf=-1: [77ab65e6-d942-49df-83a3-1d4c0bf152b3:192.168.164.217:39381, 7e1b84a9-a041-44fd-8008-f2679426984c:192.168.164.217:44149, 4a682f4f-c3f2-4b77-88b7-f0ab78890feb:192.168.164.217:34174], old=null
2019-11-05 08:23:51,213 [4a682f4f-c3f2-4b77-88b7-f0ab78890feb@group-0DB8C7688BF9-LeaderElection60] INFO  impl.RaftServerImpl (RaftServerImpl.java:setRole(184)) - 4a682f4f-c3f2-4b77-88b7-f0ab78890feb@group-0DB8C7688BF9: changes role from CANDIDATE to FOLLOWER at term 24 for DISCOVERED_A_NEW_TERM
2019-11-05 08:23:51,213 [4a682f4f-c3f2-4b77-88b7-f0ab78890feb@group-0DB8C7688BF9-LeaderElection60] INFO  impl.RoleInfo (RoleInfo.java:shutdownLeaderElection(134)) - 4a682f4f-c3f2-4b77-88b7-f0ab78890feb: shutdown LeaderElection
2019-11-05 08:23:51,213 [4a682f4f-c3f2-4b77-88b7-f0ab78890feb@group-0DB8C7688BF9-LeaderElection60] INFO  impl.RoleInfo (RoleInfo.java:updateAndGet(143)) - 4a682f4f-c3f2-4b77-88b7-f0ab78890feb: start FollowerState
2019-11-05 08:23:51,231 [Thread-745] INFO  impl.FollowerState (FollowerState.java:run(108)) - 4a682f4f-c3f2-4b77-88b7-f0ab78890feb@group-0DB8C7688BF9-FollowerState: change to CANDIDATE, lastRpcTime:17ms, electionTimeout:17ms
2019-11-05 08:23:51,231 [Thread-745] INFO  impl.RoleInfo (RoleInfo.java:shutdownFollowerState(121)) - 4a682f4f-c3f2-4b77-88b7-f0ab78890feb: shutdown FollowerState
2019-11-05 08:23:51,231 [Thread-745] INFO  impl.RaftServerImpl (RaftServerImpl.java:setRole(184)) - 4a682f4f-c3f2-4b77-88b7-f0ab78890feb@group-0DB8C7688BF9: changes role from  FOLLOWER to CANDIDATE at term 24 for changeToCandidate
2019-11-05 08:23:51,231 [Thread-745] INFO  impl.RoleInfo (RoleInfo.java:updateAndGet(143)) - 4a682f4f-c3f2-4b77-88b7-f0ab78890feb: start LeaderElection
2019-11-05 08:23:51,244 [4a682f4f-c3f2-4b77-88b7-f0ab78890feb@group-0DB8C7688BF9-LeaderElection61] INFO  impl.LeaderElection (LeaderElection.java:askForVotes(178)) - 4a682f4f-c3f2-4b77-88b7-f0ab78890feb@group-0DB8C7688BF9-LeaderElection61: begin an election at term 25 for -1: [77ab65e6-d942-49df-83a3-1d4c0bf152b3:192.168.164.217:39381, 7e1b84a9-a041-44fd-8008-f2679426984c:192.168.164.217:44149, 4a682f4f-c3f2-4b77-88b7-f0ab78890feb:192.168.164.217:34174], old=null
2019-11-05 08:23:51,246 [grpc-default-executor-0] INFO  impl.RaftServerImpl (RaftServerImpl.java:setRole(184)) - 77ab65e6-d942-49df-83a3-1d4c0bf152b3@group-0DB8C7688BF9: changes role from  FOLLOWER to FOLLOWER at term 25 for recognizeCandidate:4a682f4f-c3f2-4b77-88b7-f0ab78890feb
2019-11-05 08:23:51,246 [grpc-default-executor-4] INFO  impl.RaftServerImpl (RaftServerImpl.java:setRole(184)) - 7e1b84a9-a041-44fd-8008-f2679426984c@group-0DB8C7688BF9: changes role from  FOLLOWER to FOLLOWER at term 25 for recognizeCandidate:4a682f4f-c3f2-4b77-88b7-f0ab78890feb
2019-11-05 08:23:51,246 [grpc-default-executor-4] INFO  impl.RoleInfo (RoleInfo.java:shutdownFollowerState(121)) - 7e1b84a9-a041-44fd-8008-f2679426984c: shutdown FollowerState
2019-11-05 08:23:51,246 [grpc-default-executor-0] INFO  impl.RoleInfo (RoleInfo.java:shutdownFollowerState(121)) - 77ab65e6-d942-49df-83a3-1d4c0bf152b3: shutdown FollowerState
2019-11-05 08:23:51,246 [Thread-744] INFO  impl.FollowerState (FollowerState.java:run(117)) - 7e1b84a9-a041-44fd-8008-f2679426984c@group-0DB8C7688BF9-FollowerState was interrupted: java.lang.InterruptedException: sleep interrupted
2019-11-05 08:23:51,246 [grpc-default-executor-4] INFO  impl.RoleInfo (RoleInfo.java:updateAndGet(143)) - 7e1b84a9-a041-44fd-8008-f2679426984c: start FollowerState
2019-11-05 08:23:51,246 [grpc-default-executor-0] INFO  impl.RoleInfo (RoleInfo.java:updateAndGet(143)) - 77ab65e6-d942-49df-83a3-1d4c0bf152b3: start FollowerState
2019-11-05 08:23:51,246 [Thread-743] INFO  impl.FollowerState (FollowerState.java:run(117)) - 77ab65e6-d942-49df-83a3-1d4c0bf152b3@group-0DB8C7688BF9-FollowerState was interrupted: java.lang.InterruptedException: sleep interrupted
2019-11-05 08:23:51,261 [4a682f4f-c3f2-4b77-88b7-f0ab78890feb@group-0DB8C7688BF9-LeaderElection61] INFO  impl.LeaderElection (LeaderElection.java:logAndReturn(56)) - 4a682f4f-c3f2-4b77-88b7-f0ab78890feb@group-0DB8C7688BF9-LeaderElection61: Election REJECTED; received 2 response(s) [4a682f4f-c3f2-4b77-88b7-f0ab78890feb<-77ab65e6-d942-49df-83a3-1d4c0bf152b3#0:FAIL-t25, 4a682f4f-c3f2-4b77-88b7-f0ab78890feb<-7e1b84a9-a041-44fd-8008-f2679426984c#0:FAIL-t25] and 0 exception(s); 4a682f4f-c3f2-4b77-88b7-f0ab78890feb@group-0DB8C7688BF9:t25, leader=null, voted=4a682f4f-c3f2-4b77-88b7-f0ab78890feb, raftlog=4a682f4f-c3f2-4b77-88b7-f0ab78890feb@group-0DB8C7688BF9-SegmentedRaftLog:OPENED:c-1,f-1,i0, conf=-1: [77ab65e6-d942-49df-83a3-1d4c0bf152b3:192.168.164.217:39381, 7e1b84a9-a041-44fd-8008-f2679426984c:192.168.164.217:44149, 4a682f4f-c3f2-4b77-88b7-f0ab78890feb:192.168.164.217:34174], old=null
2019-11-05 08:23:51,261 [4a682f4f-c3f2-4b77-88b7-f0ab78890feb@group-0DB8C7688BF9-LeaderElection61] INFO  impl.RaftServerImpl (RaftServerImpl.java:setRole(184)) - 4a682f4f-c3f2-4b77-88b7-f0ab78890feb@group-0DB8C7688BF9: changes role from CANDIDATE to FOLLOWER at term 25 for DISCOVERED_A_NEW_TERM
2019-11-05 08:23:51,261 [4a682f4f-c3f2-4b77-88b7-f0ab78890feb@group-0DB8C7688BF9-LeaderElection61] INFO  impl.RoleInfo (RoleInfo.java:shutdownLeaderElection(134)) - 4a682f4f-c3f2-4b77-88b7-f0ab78890feb: shutdown LeaderElection
2019-11-05 08:23:51,261 [4a682f4f-c3f2-4b77-88b7-f0ab78890feb@group-0DB8C7688BF9-LeaderElection61] INFO  impl.RoleInfo (RoleInfo.java:updateAndGet(143)) - 4a682f4f-c3f2-4b77-88b7-f0ab78890feb: start FollowerState
2019-11-05 08:23:51,287 [Thread-739] INFO  impl.FollowerState (FollowerState.java:run(108)) - a8ae9c07-6d89-4a49-a594-cacd4b776180@group-0E159EE4F99E-FollowerState: change to CANDIDATE, lastRpcTime:108ms, electionTimeout:108ms
2019-11-05 08:23:51,287 [Thread-739] INFO  impl.RoleInfo (RoleInfo.java:shutdownFollowerState(121)) - a8ae9c07-6d89-4a49-a594-cacd4b776180: shutdown FollowerState
2019-11-05 08:23:51,287 [Thread-739] INFO  impl.RaftServerImpl (RaftServerImpl.java:setRole(184)) - a8ae9c07-6d89-4a49-a594-cacd4b776180@group-0E159EE4F99E: changes role from  FOLLOWER to CANDIDATE at term 30 for changeToCandidate
2019-11-05 08:23:51,287 [Thread-739] INFO  impl.RoleInfo (RoleInfo.java:updateAndGet(143)) - a8ae9c07-6d89-4a49-a594-cacd4b776180: start LeaderElection
2019-11-05 08:23:51,300 [a8ae9c07-6d89-4a49-a594-cacd4b776180@group-0E159EE4F99E-LeaderElection62] INFO  impl.LeaderElection (LeaderElection.java:askForVotes(178)) - a8ae9c07-6d89-4a49-a594-cacd4b776180@group-0E159EE4F99E-LeaderElection62: begin an election at term 31 for -1: [caafcba9-090a-41f5-a5f9-cba5a6a81e94:192.168.164.217:37197, a8ae9c07-6d89-4a49-a594-cacd4b776180:192.168.164.217:42719, b3bb9051-8089-4c51-a999-81579e5913f2:192.168.164.217:36516], old=null
2019-11-05 08:23:51,302 [grpc-default-executor-4] INFO  impl.RaftServerImpl (RaftServerImpl.java:setRole(184)) - caafcba9-090a-41f5-a5f9-cba5a6a81e94@group-0E159EE4F99E: changes role from  FOLLOWER to FOLLOWER at term 31 for recognizeCandidate:a8ae9c07-6d89-4a49-a594-cacd4b776180
2019-11-05 08:23:51,302 [grpc-default-executor-0] INFO  impl.RaftServerImpl (RaftServerImpl.java:setRole(184)) - b3bb9051-8089-4c51-a999-81579e5913f2@group-0E159EE4F99E: changes role from  FOLLOWER to FOLLOWER at term 31 for recognizeCandidate:a8ae9c07-6d89-4a49-a594-cacd4b776180
2019-11-05 08:23:51,302 [grpc-default-executor-4] INFO  impl.RoleInfo (RoleInfo.java:shutdownFollowerState(121)) - caafcba9-090a-41f5-a5f9-cba5a6a81e94: shutdown FollowerState
2019-11-05 08:23:51,303 [grpc-default-executor-0] INFO  impl.RoleInfo (RoleInfo.java:shutdownFollowerState(121)) - b3bb9051-8089-4c51-a999-81579e5913f2: shutdown FollowerState
2019-11-05 08:23:51,303 [Thread-738] INFO  impl.FollowerState (FollowerState.java:run(117)) - caafcba9-090a-41f5-a5f9-cba5a6a81e94@group-0E159EE4F99E-FollowerState was interrupted: java.lang.InterruptedException: sleep interrupted
2019-11-05 08:23:51,303 [grpc-default-executor-4] INFO  impl.RoleInfo (RoleInfo.java:updateAndGet(143)) - caafcba9-090a-41f5-a5f9-cba5a6a81e94: start FollowerState
2019-11-05 08:23:51,303 [grpc-default-executor-0] INFO  impl.RoleInfo (RoleInfo.java:updateAndGet(143)) - b3bb9051-8089-4c51-a999-81579e5913f2: start FollowerState
2019-11-05 08:23:51,303 [Thread-737] INFO  impl.FollowerState (FollowerState.java:run(117)) - b3bb9051-8089-4c51-a999-81579e5913f2@group-0E159EE4F99E-FollowerState was interrupted: java.lang.InterruptedException: sleep interrupted
2019-11-05 08:23:51,320 [a8ae9c07-6d89-4a49-a594-cacd4b776180@group-0E159EE4F99E-LeaderElection62] INFO  impl.LeaderElection (LeaderElection.java:logAndReturn(56)) - a8ae9c07-6d89-4a49-a594-cacd4b776180@group-0E159EE4F99E-LeaderElection62: Election REJECTED; received 2 response(s) [a8ae9c07-6d89-4a49-a594-cacd4b776180<-caafcba9-090a-41f5-a5f9-cba5a6a81e94#0:FAIL-t31, a8ae9c07-6d89-4a49-a594-cacd4b776180<-b3bb9051-8089-4c51-a999-81579e5913f2#0:FAIL-t31] and 0 exception(s); a8ae9c07-6d89-4a49-a594-cacd4b776180@group-0E159EE4F99E:t31, leader=null, voted=a8ae9c07-6d89-4a49-a594-cacd4b776180, raftlog=a8ae9c07-6d89-4a49-a594-cacd4b776180@group-0E159EE4F99E-SegmentedRaftLog:OPENED:c-1,f-1,i0, conf=-1: [caafcba9-090a-41f5-a5f9-cba5a6a81e94:192.168.164.217:37197, a8ae9c07-6d89-4a49-a594-cacd4b776180:192.168.164.217:42719, b3bb9051-8089-4c51-a999-81579e5913f2:192.168.164.217:36516], old=null
2019-11-05 08:23:51,320 [a8ae9c07-6d89-4a49-a594-cacd4b776180@group-0E159EE4F99E-LeaderElection62] INFO  impl.RaftServerImpl (RaftServerImpl.java:setRole(184)) - a8ae9c07-6d89-4a49-a594-cacd4b776180@group-0E159EE4F99E: changes role from CANDIDATE to FOLLOWER at term 31 for DISCOVERED_A_NEW_TERM
2019-11-05 08:23:51,320 [a8ae9c07-6d89-4a49-a594-cacd4b776180@group-0E159EE4F99E-LeaderElection62] INFO  impl.RoleInfo (RoleInfo.java:shutdownLeaderElection(134)) - a8ae9c07-6d89-4a49-a594-cacd4b776180: shutdown LeaderElection
2019-11-05 08:23:51,320 [a8ae9c07-6d89-4a49-a594-cacd4b776180@group-0E159EE4F99E-LeaderElection62] INFO  impl.RoleInfo (RoleInfo.java:updateAndGet(143)) - a8ae9c07-6d89-4a49-a594-cacd4b776180: start FollowerState
2019-11-05 08:23:51,375 [Thread-751] INFO  impl.FollowerState (FollowerState.java:run(108)) - 4a682f4f-c3f2-4b77-88b7-f0ab78890feb@group-0DB8C7688BF9-FollowerState: change to CANDIDATE, lastRpcTime:114ms, electionTimeout:114ms
2019-11-05 08:23:51,376 [Thread-751] INFO  impl.RoleInfo (RoleInfo.java:shutdownFollowerState(121)) - 4a682f4f-c3f2-4b77-88b7-f0ab78890feb: shutdown FollowerState
2019-11-05 08:23:51,376 [Thread-751] INFO  impl.RaftServerImpl (RaftServerImpl.java:setRole(184)) - 4a682f4f-c3f2-4b77-88b7-f0ab78890feb@group-0DB8C7688BF9: changes role from  FOLLOWER to CANDIDATE at term 25 for changeToCandidate
2019-11-05 08:23:51,376 [Thread-751] INFO  impl.RoleInfo (RoleInfo.java:updateAndGet(143)) - 4a682f4f-c3f2-4b77-88b7-f0ab78890feb: start LeaderElection
2019-11-05 08:23:51,389 [4a682f4f-c3f2-4b77-88b7-f0ab78890feb@group-0DB8C7688BF9-LeaderElection63] INFO  impl.LeaderElection (LeaderElection.java:askForVotes(178)) - 4a682f4f-c3f2-4b77-88b7-f0ab78890feb@group-0DB8C7688BF9-LeaderElection63: begin an election at term 26 for -1: [77ab65e6-d942-49df-83a3-1d4c0bf152b3:192.168.164.217:39381, 7e1b84a9-a041-44fd-8008-f2679426984c:192.168.164.217:44149, 4a682f4f-c3f2-4b77-88b7-f0ab78890feb:192.168.164.217:34174], old=null
2019-11-05 08:23:51,392 [grpc-default-executor-0] INFO  impl.RaftServerImpl (RaftServerImpl.java:setRole(184)) - 77ab65e6-d942-49df-83a3-1d4c0bf152b3@group-0DB8C7688BF9: changes role from  FOLLOWER to FOLLOWER at term 26 for recognizeCandidate:4a682f4f-c3f2-4b77-88b7-f0ab78890feb
2019-11-05 08:23:51,392 [grpc-default-executor-4] INFO  impl.RaftServerImpl (RaftServerImpl.java:setRole(184)) - 7e1b84a9-a041-44fd-8008-f2679426984c@group-0DB8C7688BF9: changes role from  FOLLOWER to FOLLOWER at term 26 for recognizeCandidate:4a682f4f-c3f2-4b77-88b7-f0ab78890feb
2019-11-05 08:23:51,392 [grpc-default-executor-0] INFO  impl.RoleInfo (RoleInfo.java:shutdownFollowerState(121)) - 77ab65e6-d942-49df-83a3-1d4c0bf152b3: shutdown FollowerState
2019-11-05 08:23:51,392 [grpc-default-executor-4] INFO  impl.RoleInfo (RoleInfo.java:shutdownFollowerState(121)) - 7e1b84a9-a041-44fd-8008-f2679426984c: shutdown FollowerState
2019-11-05 08:23:51,392 [Thread-750] INFO  impl.FollowerState (FollowerState.java:run(117)) - 77ab65e6-d942-49df-83a3-1d4c0bf152b3@group-0DB8C7688BF9-FollowerState was interrupted: java.lang.InterruptedException: sleep interrupted
2019-11-05 08:23:51,392 [grpc-default-executor-0] INFO  impl.RoleInfo (RoleInfo.java:updateAndGet(143)) - 77ab65e6-d942-49df-83a3-1d4c0bf152b3: start FollowerState
2019-11-05 08:23:51,392 [Thread-749] INFO  impl.FollowerState (FollowerState.java:run(117)) - 7e1b84a9-a041-44fd-8008-f2679426984c@group-0DB8C7688BF9-FollowerState was interrupted: java.lang.InterruptedException: sleep interrupted
2019-11-05 08:23:51,392 [grpc-default-executor-4] INFO  impl.RoleInfo (RoleInfo.java:updateAndGet(143)) - 7e1b84a9-a041-44fd-8008-f2679426984c: start FollowerState
2019-11-05 08:23:51,416 [4a682f4f-c3f2-4b77-88b7-f0ab78890feb@group-0DB8C7688BF9-LeaderElection63] INFO  impl.LeaderElection (LeaderElection.java:logAndReturn(56)) - 4a682f4f-c3f2-4b77-88b7-f0ab78890feb@group-0DB8C7688BF9-LeaderElection63: Election REJECTED; received 2 response(s) [4a682f4f-c3f2-4b77-88b7-f0ab78890feb<-77ab65e6-d942-49df-83a3-1d4c0bf152b3#0:FAIL-t26, 4a682f4f-c3f2-4b77-88b7-f0ab78890feb<-7e1b84a9-a041-44fd-8008-f2679426984c#0:FAIL-t26] and 0 exception(s); 4a682f4f-c3f2-4b77-88b7-f0ab78890feb@group-0DB8C7688BF9:t26, leader=null, voted=4a682f4f-c3f2-4b77-88b7-f0ab78890feb, raftlog=4a682f4f-c3f2-4b77-88b7-f0ab78890feb@group-0DB8C7688BF9-SegmentedRaftLog:OPENED:c-1,f-1,i0, conf=-1: [77ab65e6-d942-49df-83a3-1d4c0bf152b3:192.168.164.217:39381, 7e1b84a9-a041-44fd-8008-f2679426984c:192.168.164.217:44149, 4a682f4f-c3f2-4b77-88b7-f0ab78890feb:192.168.164.217:34174], old=null
2019-11-05 08:23:51,416 [4a682f4f-c3f2-4b77-88b7-f0ab78890feb@group-0DB8C7688BF9-LeaderElection63] INFO  impl.RaftServerImpl (RaftServerImpl.java:setRole(184)) - 4a682f4f-c3f2-4b77-88b7-f0ab78890feb@group-0DB8C7688BF9: changes role from CANDIDATE to FOLLOWER at term 26 for DISCOVERED_A_NEW_TERM
2019-11-05 08:23:51,416 [4a682f4f-c3f2-4b77-88b7-f0ab78890feb@group-0DB8C7688BF9-LeaderElection63] INFO  impl.RoleInfo (RoleInfo.java:shutdownLeaderElection(134)) - 4a682f4f-c3f2-4b77-88b7-f0ab78890feb: shutdown LeaderElection
2019-11-05 08:23:51,416 [4a682f4f-c3f2-4b77-88b7-f0ab78890feb@group-0DB8C7688BF9-LeaderElection63] INFO  impl.RoleInfo (RoleInfo.java:updateAndGet(143)) - 4a682f4f-c3f2-4b77-88b7-f0ab78890feb: start FollowerState
2019-11-05 08:23:51,478 [Thread-763] INFO  impl.FollowerState (FollowerState.java:run(108)) - 4a682f4f-c3f2-4b77-88b7-f0ab78890feb@group-0DB8C7688BF9-FollowerState: change to CANDIDATE, lastRpcTime:62ms, electionTimeout:62ms
2019-11-05 08:23:51,479 [Thread-763] INFO  impl.RoleInfo (RoleInfo.java:shutdownFollowerState(121)) - 4a682f4f-c3f2-4b77-88b7-f0ab78890feb: shutdown FollowerState
2019-11-05 08:23:51,479 [Thread-763] INFO  impl.RaftServerImpl (RaftServerImpl.java:setRole(184)) - 4a682f4f-c3f2-4b77-88b7-f0ab78890feb@group-0DB8C7688BF9: changes role from  FOLLOWER to CANDIDATE at term 26 for changeToCandidate
2019-11-05 08:23:51,479 [Thread-763] INFO  impl.RoleInfo (RoleInfo.java:updateAndGet(143)) - 4a682f4f-c3f2-4b77-88b7-f0ab78890feb: start LeaderElection
2019-11-05 08:23:51,491 [Thread-757] INFO  impl.FollowerState (FollowerState.java:run(108)) - a8ae9c07-6d89-4a49-a594-cacd4b776180@group-0E159EE4F99E-FollowerState: change to CANDIDATE, lastRpcTime:171ms, electionTimeout:171ms
2019-11-05 08:23:51,492 [Thread-757] INFO  impl.RoleInfo (RoleInfo.java:shutdownFollowerState(121)) - a8ae9c07-6d89-4a49-a594-cacd4b776180: shutdown FollowerState
2019-11-05 08:23:51,492 [Thread-757] INFO  impl.RaftServerImpl (RaftServerImpl.java:setRole(184)) - a8ae9c07-6d89-4a49-a594-cacd4b776180@group-0E159EE4F99E: changes role from  FOLLOWER to CANDIDATE at term 31 for changeToCandidate
2019-11-05 08:23:51,492 [Thread-757] INFO  impl.RoleInfo (RoleInfo.java:updateAndGet(143)) - a8ae9c07-6d89-4a49-a594-cacd4b776180: start LeaderElection
2019-11-05 08:23:51,492 [4a682f4f-c3f2-4b77-88b7-f0ab78890feb@group-0DB8C7688BF9-LeaderElection64] INFO  impl.LeaderElection (LeaderElection.java:askForVotes(178)) - 4a682f4f-c3f2-4b77-88b7-f0ab78890feb@group-0DB8C7688BF9-LeaderElection64: begin an election at term 27 for -1: [77ab65e6-d942-49df-83a3-1d4c0bf152b3:192.168.164.217:39381, 7e1b84a9-a041-44fd-8008-f2679426984c:192.168.164.217:44149, 4a682f4f-c3f2-4b77-88b7-f0ab78890feb:192.168.164.217:34174], old=null
2019-11-05 08:23:51,495 [grpc-default-executor-4] INFO  impl.RaftServerImpl (RaftServerImpl.java:setRole(184)) - 77ab65e6-d942-49df-83a3-1d4c0bf152b3@group-0DB8C7688BF9: changes role from  FOLLOWER to FOLLOWER at term 27 for recognizeCandidate:4a682f4f-c3f2-4b77-88b7-f0ab78890feb
2019-11-05 08:23:51,495 [grpc-default-executor-0] INFO  impl.RaftServerImpl (RaftServerImpl.java:setRole(184)) - 7e1b84a9-a041-44fd-8008-f2679426984c@group-0DB8C7688BF9: changes role from  FOLLOWER to FOLLOWER at term 27 for recognizeCandidate:4a682f4f-c3f2-4b77-88b7-f0ab78890feb
2019-11-05 08:23:51,495 [grpc-default-executor-4] INFO  impl.RoleInfo (RoleInfo.java:shutdownFollowerState(121)) - 77ab65e6-d942-49df-83a3-1d4c0bf152b3: shutdown FollowerState
2019-11-05 08:23:51,495 [grpc-default-executor-0] INFO  impl.RoleInfo (RoleInfo.java:shutdownFollowerState(121)) - 7e1b84a9-a041-44fd-8008-f2679426984c: shutdown FollowerState
2019-11-05 08:23:51,495 [Thread-761] INFO  impl.FollowerState (FollowerState.java:run(117)) - 77ab65e6-d942-49df-83a3-1d4c0bf152b3@group-0DB8C7688BF9-FollowerState was interrupted: java.lang.InterruptedException: sleep interrupted
2019-11-05 08:23:51,495 [grpc-default-executor-4] INFO  impl.RoleInfo (RoleInfo.java:updateAndGet(143)) - 77ab65e6-d942-49df-83a3-1d4c0bf152b3: start FollowerState
2019-11-05 08:23:51,495 [Thread-762] INFO  impl.FollowerState (FollowerState.java:run(117)) - 7e1b84a9-a041-44fd-8008-f2679426984c@group-0DB8C7688BF9-FollowerState was interrupted: java.lang.InterruptedException: sleep interrupted
2019-11-05 08:23:51,495 [grpc-default-executor-0] INFO  impl.RoleInfo (RoleInfo.java:updateAndGet(143)) - 7e1b84a9-a041-44fd-8008-f2679426984c: start FollowerState
2019-11-05 08:23:51,506 [a8ae9c07-6d89-4a49-a594-cacd4b776180@group-0E159EE4F99E-LeaderElection65] INFO  impl.LeaderElection (LeaderElection.java:askForVotes(178)) - a8ae9c07-6d89-4a49-a594-cacd4b776180@group-0E159EE4F99E-LeaderElection65: begin an election at term 32 for -1: [caafcba9-090a-41f5-a5f9-cba5a6a81e94:192.168.164.217:37197, a8ae9c07-6d89-4a49-a594-cacd4b776180:192.168.164.217:42719, b3bb9051-8089-4c51-a999-81579e5913f2:192.168.164.217:36516], old=null
2019-11-05 08:23:51,507 [4a682f4f-c3f2-4b77-88b7-f0ab78890feb@group-0DB8C7688BF9-LeaderElection64] INFO  impl.LeaderElection (LeaderElection.java:logAndReturn(56)) - 4a682f4f-c3f2-4b77-88b7-f0ab78890feb@group-0DB8C7688BF9-LeaderElection64: Election REJECTED; received 2 response(s) [4a682f4f-c3f2-4b77-88b7-f0ab78890feb<-77ab65e6-d942-49df-83a3-1d4c0bf152b3#0:FAIL-t27, 4a682f4f-c3f2-4b77-88b7-f0ab78890feb<-7e1b84a9-a041-44fd-8008-f2679426984c#0:FAIL-t27] and 0 exception(s); 4a682f4f-c3f2-4b77-88b7-f0ab78890feb@group-0DB8C7688BF9:t27, leader=null, voted=4a682f4f-c3f2-4b77-88b7-f0ab78890feb, raftlog=4a682f4f-c3f2-4b77-88b7-f0ab78890feb@group-0DB8C7688BF9-SegmentedRaftLog:OPENED:c-1,f-1,i0, conf=-1: [77ab65e6-d942-49df-83a3-1d4c0bf152b3:192.168.164.217:39381, 7e1b84a9-a041-44fd-8008-f2679426984c:192.168.164.217:44149, 4a682f4f-c3f2-4b77-88b7-f0ab78890feb:192.168.164.217:34174], old=null
2019-11-05 08:23:51,507 [4a682f4f-c3f2-4b77-88b7-f0ab78890feb@group-0DB8C7688BF9-LeaderElection64] INFO  impl.RaftServerImpl (RaftServerImpl.java:setRole(184)) - 4a682f4f-c3f2-4b77-88b7-f0ab78890feb@group-0DB8C7688BF9: changes role from CANDIDATE to FOLLOWER at term 27 for DISCOVERED_A_NEW_TERM
2019-11-05 08:23:51,507 [4a682f4f-c3f2-4b77-88b7-f0ab78890feb@group-0DB8C7688BF9-LeaderElection64] INFO  impl.RoleInfo (RoleInfo.java:shutdownLeaderElection(134)) - 4a682f4f-c3f2-4b77-88b7-f0ab78890feb: shutdown LeaderElection
2019-11-05 08:23:51,508 [4a682f4f-c3f2-4b77-88b7-f0ab78890feb@group-0DB8C7688BF9-LeaderElection64] INFO  impl.RoleInfo (RoleInfo.java:updateAndGet(143)) - 4a682f4f-c3f2-4b77-88b7-f0ab78890feb: start FollowerState
2019-11-05 08:23:51,508 [grpc-default-executor-4] INFO  impl.RaftServerImpl (RaftServerImpl.java:setRole(184)) - b3bb9051-8089-4c51-a999-81579e5913f2@group-0E159EE4F99E: changes role from  FOLLOWER to FOLLOWER at term 32 for recognizeCandidate:a8ae9c07-6d89-4a49-a594-cacd4b776180
2019-11-05 08:23:51,508 [grpc-default-executor-0] INFO  impl.RaftServerImpl (RaftServerImpl.java:setRole(184)) - caafcba9-090a-41f5-a5f9-cba5a6a81e94@group-0E159EE4F99E: changes role from  FOLLOWER to FOLLOWER at term 32 for recognizeCandidate:a8ae9c07-6d89-4a49-a594-cacd4b776180
2019-11-05 08:23:51,508 [grpc-default-executor-4] INFO  impl.RoleInfo (RoleInfo.java:shutdownFollowerState(121)) - b3bb9051-8089-4c51-a999-81579e5913f2: shutdown FollowerState
2019-11-05 08:23:51,508 [grpc-default-executor-0] INFO  impl.RoleInfo (RoleInfo.java:shutdownFollowerState(121)) - caafcba9-090a-41f5-a5f9-cba5a6a81e94: shutdown FollowerState
2019-11-05 08:23:51,508 [Thread-756] INFO  impl.FollowerState (FollowerState.java:run(117)) - b3bb9051-8089-4c51-a999-81579e5913f2@group-0E159EE4F99E-FollowerState was interrupted: java.lang.InterruptedException: sleep interrupted
2019-11-05 08:23:51,508 [grpc-default-executor-4] INFO  impl.RoleInfo (RoleInfo.java:updateAndGet(143)) - b3bb9051-8089-4c51-a999-81579e5913f2: start FollowerState
2019-11-05 08:23:51,509 [Thread-755] INFO  impl.FollowerState (FollowerState.java:run(117)) - caafcba9-090a-41f5-a5f9-cba5a6a81e94@group-0E159EE4F99E-FollowerState was interrupted: java.lang.InterruptedException: sleep interrupted
2019-11-05 08:23:51,509 [grpc-default-executor-0] INFO  impl.RoleInfo (RoleInfo.java:updateAndGet(143)) - caafcba9-090a-41f5-a5f9-cba5a6a81e94: start FollowerState
2019-11-05 08:23:51,516 [a8ae9c07-6d89-4a49-a594-cacd4b776180@group-0E159EE4F99E-LeaderElection65] INFO  impl.LeaderElection (LeaderElection.java:logAndReturn(56)) - a8ae9c07-6d89-4a49-a594-cacd4b776180@group-0E159EE4F99E-LeaderElection65: Election TIMEOUT; received 0 response(s) [] and 0 exception(s); a8ae9c07-6d89-4a49-a594-cacd4b776180@group-0E159EE4F99E:t32, leader=null, voted=a8ae9c07-6d89-4a49-a594-cacd4b776180, raftlog=a8ae9c07-6d89-4a49-a594-cacd4b776180@group-0E159EE4F99E-SegmentedRaftLog:OPENED:c-1,f-1,i0, conf=-1: [caafcba9-090a-41f5-a5f9-cba5a6a81e94:192.168.164.217:37197, a8ae9c07-6d89-4a49-a594-cacd4b776180:192.168.164.217:42719, b3bb9051-8089-4c51-a999-81579e5913f2:192.168.164.217:36516], old=null
2019-11-05 08:23:51,522 [a8ae9c07-6d89-4a49-a594-cacd4b776180@group-0E159EE4F99E-LeaderElection65] INFO  impl.LeaderElection (LeaderElection.java:askForVotes(178)) - a8ae9c07-6d89-4a49-a594-cacd4b776180@group-0E159EE4F99E-LeaderElection65: begin an election at term 33 for -1: [caafcba9-090a-41f5-a5f9-cba5a6a81e94:192.168.164.217:37197, a8ae9c07-6d89-4a49-a594-cacd4b776180:192.168.164.217:42719, b3bb9051-8089-4c51-a999-81579e5913f2:192.168.164.217:36516], old=null
2019-11-05 08:23:51,527 [grpc-default-executor-0] INFO  impl.RaftServerImpl (RaftServerImpl.java:setRole(184)) - b3bb9051-8089-4c51-a999-81579e5913f2@group-0E159EE4F99E: changes role from  FOLLOWER to FOLLOWER at term 33 for recognizeCandidate:a8ae9c07-6d89-4a49-a594-cacd4b776180
2019-11-05 08:23:51,527 [grpc-default-executor-4] INFO  impl.RaftServerImpl (RaftServerImpl.java:setRole(184)) - caafcba9-090a-41f5-a5f9-cba5a6a81e94@group-0E159EE4F99E: changes role from  FOLLOWER to FOLLOWER at term 33 for recognizeCandidate:a8ae9c07-6d89-4a49-a594-cacd4b776180
2019-11-05 08:23:51,527 [grpc-default-executor-0] INFO  impl.RoleInfo (RoleInfo.java:shutdownFollowerState(121)) - b3bb9051-8089-4c51-a999-81579e5913f2: shutdown FollowerState
2019-11-05 08:23:51,527 [grpc-default-executor-4] INFO  impl.RoleInfo (RoleInfo.java:shutdownFollowerState(121)) - caafcba9-090a-41f5-a5f9-cba5a6a81e94: shutdown FollowerState
2019-11-05 08:23:51,528 [Thread-773] INFO  impl.FollowerState (FollowerState.java:run(117)) - b3bb9051-8089-4c51-a999-81579e5913f2@group-0E159EE4F99E-FollowerState was interrupted: java.lang.InterruptedException: sleep interrupted
2019-11-05 08:23:51,528 [grpc-default-executor-0] INFO  impl.RoleInfo (RoleInfo.java:updateAndGet(143)) - b3bb9051-8089-4c51-a999-81579e5913f2: start FollowerState
2019-11-05 08:23:51,528 [Thread-774] INFO  impl.FollowerState (FollowerState.java:run(117)) - caafcba9-090a-41f5-a5f9-cba5a6a81e94@group-0E159EE4F99E-FollowerState was interrupted: java.lang.InterruptedException: sleep interrupted
2019-11-05 08:23:51,528 [grpc-default-executor-4] INFO  impl.RoleInfo (RoleInfo.java:updateAndGet(143)) - caafcba9-090a-41f5-a5f9-cba5a6a81e94: start FollowerState
2019-11-05 08:23:51,545 [a8ae9c07-6d89-4a49-a594-cacd4b776180@group-0E159EE4F99E-LeaderElection65] INFO  impl.LeaderElection (LeaderElection.java:logAndReturn(56)) - a8ae9c07-6d89-4a49-a594-cacd4b776180@group-0E159EE4F99E-LeaderElection65: Election REJECTED; received 2 response(s) [a8ae9c07-6d89-4a49-a594-cacd4b776180<-caafcba9-090a-41f5-a5f9-cba5a6a81e94#0:FAIL-t33, a8ae9c07-6d89-4a49-a594-cacd4b776180<-b3bb9051-8089-4c51-a999-81579e5913f2#0:FAIL-t33] and 0 exception(s); a8ae9c07-6d89-4a49-a594-cacd4b776180@group-0E159EE4F99E:t33, leader=null, voted=a8ae9c07-6d89-4a49-a594-cacd4b776180, raftlog=a8ae9c07-6d89-4a49-a594-cacd4b776180@group-0E159EE4F99E-SegmentedRaftLog:OPENED:c-1,f-1,i0, conf=-1: [caafcba9-090a-41f5-a5f9-cba5a6a81e94:192.168.164.217:37197, a8ae9c07-6d89-4a49-a594-cacd4b776180:192.168.164.217:42719, b3bb9051-8089-4c51-a999-81579e5913f2:192.168.164.217:36516], old=null
2019-11-05 08:23:51,545 [a8ae9c07-6d89-4a49-a594-cacd4b776180@group-0E159EE4F99E-LeaderElection65] INFO  impl.RaftServerImpl (RaftServerImpl.java:setRole(184)) - a8ae9c07-6d89-4a49-a594-cacd4b776180@group-0E159EE4F99E: changes role from CANDIDATE to FOLLOWER at term 33 for DISCOVERED_A_NEW_TERM
2019-11-05 08:23:51,545 [a8ae9c07-6d89-4a49-a594-cacd4b776180@group-0E159EE4F99E-LeaderElection65] INFO  impl.RoleInfo (RoleInfo.java:shutdownLeaderElection(134)) - a8ae9c07-6d89-4a49-a594-cacd4b776180: shutdown LeaderElection
2019-11-05 08:23:51,545 [a8ae9c07-6d89-4a49-a594-cacd4b776180@group-0E159EE4F99E-LeaderElection65] INFO  impl.RoleInfo (RoleInfo.java:updateAndGet(143)) - a8ae9c07-6d89-4a49-a594-cacd4b776180: start FollowerState
2019-11-05 08:23:51,595 [Thread-772] INFO  impl.FollowerState (FollowerState.java:run(108)) - 4a682f4f-c3f2-4b77-88b7-f0ab78890feb@group-0DB8C7688BF9-FollowerState: change to CANDIDATE, lastRpcTime:87ms, electionTimeout:87ms
2019-11-05 08:23:51,595 [Thread-772] INFO  impl.RoleInfo (RoleInfo.java:shutdownFollowerState(121)) - 4a682f4f-c3f2-4b77-88b7-f0ab78890feb: shutdown FollowerState
2019-11-05 08:23:51,595 [Thread-772] INFO  impl.RaftServerImpl (RaftServerImpl.java:setRole(184)) - 4a682f4f-c3f2-4b77-88b7-f0ab78890feb@group-0DB8C7688BF9: changes role from  FOLLOWER to CANDIDATE at term 27 for changeToCandidate
2019-11-05 08:23:51,595 [Thread-772] INFO  impl.RoleInfo (RoleInfo.java:updateAndGet(143)) - 4a682f4f-c3f2-4b77-88b7-f0ab78890feb: start LeaderElection
2019-11-05 08:23:51,609 [4a682f4f-c3f2-4b77-88b7-f0ab78890feb@group-0DB8C7688BF9-LeaderElection66] INFO  impl.LeaderElection (LeaderElection.java:askForVotes(178)) - 4a682f4f-c3f2-4b77-88b7-f0ab78890feb@group-0DB8C7688BF9-LeaderElection66: begin an election at term 28 for -1: [77ab65e6-d942-49df-83a3-1d4c0bf152b3:192.168.164.217:39381, 7e1b84a9-a041-44fd-8008-f2679426984c:192.168.164.217:44149, 4a682f4f-c3f2-4b77-88b7-f0ab78890feb:192.168.164.217:34174], old=null
2019-11-05 08:23:51,611 [grpc-default-executor-4] INFO  impl.RaftServerImpl (RaftServerImpl.java:setRole(184)) - 77ab65e6-d942-49df-83a3-1d4c0bf152b3@group-0DB8C7688BF9: changes role from  FOLLOWER to FOLLOWER at term 28 for recognizeCandidate:4a682f4f-c3f2-4b77-88b7-f0ab78890feb
2019-11-05 08:23:51,611 [grpc-default-executor-4] INFO  impl.RoleInfo (RoleInfo.java:shutdownFollowerState(121)) - 77ab65e6-d942-49df-83a3-1d4c0bf152b3: shutdown FollowerState
2019-11-05 08:23:51,611 [grpc-default-executor-0] INFO  impl.RaftServerImpl (RaftServerImpl.java:setRole(184)) - 7e1b84a9-a041-44fd-8008-f2679426984c@group-0DB8C7688BF9: changes role from  FOLLOWER to FOLLOWER at term 28 for recognizeCandidate:4a682f4f-c3f2-4b77-88b7-f0ab78890feb
2019-11-05 08:23:51,611 [Thread-768] INFO  impl.FollowerState (FollowerState.java:run(117)) - 77ab65e6-d942-49df-83a3-1d4c0bf152b3@group-0DB8C7688BF9-FollowerState was interrupted: java.lang.InterruptedException: sleep interrupted
2019-11-05 08:23:51,611 [grpc-default-executor-4] INFO  impl.RoleInfo (RoleInfo.java:updateAndGet(143)) - 77ab65e6-d942-49df-83a3-1d4c0bf152b3: start FollowerState
2019-11-05 08:23:51,611 [grpc-default-executor-0] INFO  impl.RoleInfo (RoleInfo.java:shutdownFollowerState(121)) - 7e1b84a9-a041-44fd-8008-f2679426984c: shutdown FollowerState
2019-11-05 08:23:51,612 [grpc-default-executor-0] INFO  impl.RoleInfo (RoleInfo.java:updateAndGet(143)) - 7e1b84a9-a041-44fd-8008-f2679426984c: start FollowerState
2019-11-05 08:23:51,612 [Thread-769] INFO  impl.FollowerState (FollowerState.java:run(117)) - 7e1b84a9-a041-44fd-8008-f2679426984c@group-0DB8C7688BF9-FollowerState was interrupted: java.lang.InterruptedException: sleep interrupted
2019-11-05 08:23:51,627 [4a682f4f-c3f2-4b77-88b7-f0ab78890feb@group-0DB8C7688BF9-LeaderElection66] INFO  impl.LeaderElection (LeaderElection.java:logAndReturn(56)) - 4a682f4f-c3f2-4b77-88b7-f0ab78890feb@group-0DB8C7688BF9-LeaderElection66: Election REJECTED; received 2 response(s) [4a682f4f-c3f2-4b77-88b7-f0ab78890feb<-77ab65e6-d942-49df-83a3-1d4c0bf152b3#0:FAIL-t28, 4a682f4f-c3f2-4b77-88b7-f0ab78890feb<-7e1b84a9-a041-44fd-8008-f2679426984c#0:FAIL-t28] and 0 exception(s); 4a682f4f-c3f2-4b77-88b7-f0ab78890feb@group-0DB8C7688BF9:t28, leader=null, voted=4a682f4f-c3f2-4b77-88b7-f0ab78890feb, raftlog=4a682f4f-c3f2-4b77-88b7-f0ab78890feb@group-0DB8C7688BF9-SegmentedRaftLog:OPENED:c-1,f-1,i0, conf=-1: [77ab65e6-d942-49df-83a3-1d4c0bf152b3:192.168.164.217:39381, 7e1b84a9-a041-44fd-8008-f2679426984c:192.168.164.217:44149, 4a682f4f-c3f2-4b77-88b7-f0ab78890feb:192.168.164.217:34174], old=null
2019-11-05 08:23:51,627 [4a682f4f-c3f2-4b77-88b7-f0ab78890feb@group-0DB8C7688BF9-LeaderElection66] INFO  impl.RaftServerImpl (RaftServerImpl.java:setRole(184)) - 4a682f4f-c3f2-4b77-88b7-f0ab78890feb@group-0DB8C7688BF9: changes role from CANDIDATE to FOLLOWER at term 28 for DISCOVERED_A_NEW_TERM
2019-11-05 08:23:51,627 [4a682f4f-c3f2-4b77-88b7-f0ab78890feb@group-0DB8C7688BF9-LeaderElection66] INFO  impl.RoleInfo (RoleInfo.java:shutdownLeaderElection(134)) - 4a682f4f-c3f2-4b77-88b7-f0ab78890feb: shutdown LeaderElection
2019-11-05 08:23:51,627 [4a682f4f-c3f2-4b77-88b7-f0ab78890feb@group-0DB8C7688BF9-LeaderElection66] INFO  impl.RoleInfo (RoleInfo.java:updateAndGet(143)) - 4a682f4f-c3f2-4b77-88b7-f0ab78890feb: start FollowerState
2019-11-05 08:23:51,734 [Thread-780] INFO  impl.FollowerState (FollowerState.java:run(108)) - a8ae9c07-6d89-4a49-a594-cacd4b776180@group-0E159EE4F99E-FollowerState: change to CANDIDATE, lastRpcTime:189ms, electionTimeout:189ms
2019-11-05 08:23:51,734 [Thread-780] INFO  impl.RoleInfo (RoleInfo.java:shutdownFollowerState(121)) - a8ae9c07-6d89-4a49-a594-cacd4b776180: shutdown FollowerState
2019-11-05 08:23:51,735 [Thread-780] INFO  impl.RaftServerImpl (RaftServerImpl.java:setRole(184)) - a8ae9c07-6d89-4a49-a594-cacd4b776180@group-0E159EE4F99E: changes role from  FOLLOWER to CANDIDATE at term 33 for changeToCandidate
2019-11-05 08:23:51,735 [Thread-780] INFO  impl.RoleInfo (RoleInfo.java:updateAndGet(143)) - a8ae9c07-6d89-4a49-a594-cacd4b776180: start LeaderElection
2019-11-05 08:23:51,750 [a8ae9c07-6d89-4a49-a594-cacd4b776180@group-0E159EE4F99E-LeaderElection67] INFO  impl.LeaderElection (LeaderElection.java:askForVotes(178)) - a8ae9c07-6d89-4a49-a594-cacd4b776180@group-0E159EE4F99E-LeaderElection67: begin an election at term 34 for -1: [caafcba9-090a-41f5-a5f9-cba5a6a81e94:192.168.164.217:37197, a8ae9c07-6d89-4a49-a594-cacd4b776180:192.168.164.217:42719, b3bb9051-8089-4c51-a999-81579e5913f2:192.168.164.217:36516], old=null
2019-11-05 08:23:51,752 [grpc-default-executor-0] INFO  impl.RaftServerImpl (RaftServerImpl.java:setRole(184)) - caafcba9-090a-41f5-a5f9-cba5a6a81e94@group-0E159EE4F99E: changes role from  FOLLOWER to FOLLOWER at term 34 for recognizeCandidate:a8ae9c07-6d89-4a49-a594-cacd4b776180
2019-11-05 08:23:51,752 [grpc-default-executor-4] INFO  impl.RaftServerImpl (RaftServerImpl.java:setRole(184)) - b3bb9051-8089-4c51-a999-81579e5913f2@group-0E159EE4F99E: changes role from  FOLLOWER to FOLLOWER at term 34 for recognizeCandidate:a8ae9c07-6d89-4a49-a594-cacd4b776180
2019-11-05 08:23:51,752 [grpc-default-executor-0] INFO  impl.RoleInfo (RoleInfo.java:shutdownFollowerState(121)) - caafcba9-090a-41f5-a5f9-cba5a6a81e94: shutdown FollowerState
2019-11-05 08:23:51,752 [grpc-default-executor-4] INFO  impl.RoleInfo (RoleInfo.java:shutdownFollowerState(121)) - b3bb9051-8089-4c51-a999-81579e5913f2: shutdown FollowerState
2019-11-05 08:23:51,753 [Thread-778] INFO  impl.FollowerState (FollowerState.java:run(117)) - b3bb9051-8089-4c51-a999-81579e5913f2@group-0E159EE4F99E-FollowerState was interrupted: java.lang.InterruptedException: sleep interrupted
2019-11-05 08:23:51,753 [Thread-779] INFO  impl.FollowerState (FollowerState.java:run(117)) - caafcba9-090a-41f5-a5f9-cba5a6a81e94@group-0E159EE4F99E-FollowerState was interrupted: java.lang.InterruptedException: sleep interrupted
2019-11-05 08:23:51,753 [grpc-default-executor-0] INFO  impl.RoleInfo (RoleInfo.java:updateAndGet(143)) - caafcba9-090a-41f5-a5f9-cba5a6a81e94: start FollowerState
2019-11-05 08:23:51,753 [grpc-default-executor-4] INFO  impl.RoleInfo (RoleInfo.java:updateAndGet(143)) - b3bb9051-8089-4c51-a999-81579e5913f2: start FollowerState
2019-11-05 08:23:51,769 [a8ae9c07-6d89-4a49-a594-cacd4b776180@group-0E159EE4F99E-LeaderElection67] INFO  impl.LeaderElection (LeaderElection.java:logAndReturn(56)) - a8ae9c07-6d89-4a49-a594-cacd4b776180@group-0E159EE4F99E-LeaderElection67: Election REJECTED; received 2 response(s) [a8ae9c07-6d89-4a49-a594-cacd4b776180<-caafcba9-090a-41f5-a5f9-cba5a6a81e94#0:FAIL-t34, a8ae9c07-6d89-4a49-a594-cacd4b776180<-b3bb9051-8089-4c51-a999-81579e5913f2#0:FAIL-t34] and 0 exception(s); a8ae9c07-6d89-4a49-a594-cacd4b776180@group-0E159EE4F99E:t34, leader=null, voted=a8ae9c07-6d89-4a49-a594-cacd4b776180, raftlog=a8ae9c07-6d89-4a49-a594-cacd4b776180@group-0E159EE4F99E-SegmentedRaftLog:OPENED:c-1,f-1,i0, conf=-1: [caafcba9-090a-41f5-a5f9-cba5a6a81e94:192.168.164.217:37197, a8ae9c07-6d89-4a49-a594-cacd4b776180:192.168.164.217:42719, b3bb9051-8089-4c51-a999-81579e5913f2:192.168.164.217:36516], old=null
2019-11-05 08:23:51,769 [a8ae9c07-6d89-4a49-a594-cacd4b776180@group-0E159EE4F99E-LeaderElection67] INFO  impl.RaftServerImpl (RaftServerImpl.java:setRole(184)) - a8ae9c07-6d89-4a49-a594-cacd4b776180@group-0E159EE4F99E: changes role from CANDIDATE to FOLLOWER at term 34 for DISCOVERED_A_NEW_TERM
2019-11-05 08:23:51,769 [a8ae9c07-6d89-4a49-a594-cacd4b776180@group-0E159EE4F99E-LeaderElection67] INFO  impl.RoleInfo (RoleInfo.java:shutdownLeaderElection(134)) - a8ae9c07-6d89-4a49-a594-cacd4b776180: shutdown LeaderElection
2019-11-05 08:23:51,769 [a8ae9c07-6d89-4a49-a594-cacd4b776180@group-0E159EE4F99E-LeaderElection67] INFO  impl.RoleInfo (RoleInfo.java:updateAndGet(143)) - a8ae9c07-6d89-4a49-a594-cacd4b776180: start FollowerState
2019-11-05 08:23:51,820 [Thread-789] INFO  impl.FollowerState (FollowerState.java:run(108)) - 4a682f4f-c3f2-4b77-88b7-f0ab78890feb@group-0DB8C7688BF9-FollowerState: change to CANDIDATE, lastRpcTime:192ms, electionTimeout:192ms
2019-11-05 08:23:51,820 [Thread-789] INFO  impl.RoleInfo (RoleInfo.java:shutdownFollowerState(121)) - 4a682f4f-c3f2-4b77-88b7-f0ab78890feb: shutdown FollowerState
2019-11-05 08:23:51,820 [Thread-789] INFO  impl.RaftServerImpl (RaftServerImpl.java:setRole(184)) - 4a682f4f-c3f2-4b77-88b7-f0ab78890feb@group-0DB8C7688BF9: changes role from  FOLLOWER to CANDIDATE at term 28 for changeToCandidate
2019-11-05 08:23:51,820 [Thread-789] INFO  impl.RoleInfo (RoleInfo.java:updateAndGet(143)) - 4a682f4f-c3f2-4b77-88b7-f0ab78890feb: start LeaderElection
2019-11-05 08:23:51,834 [4a682f4f-c3f2-4b77-88b7-f0ab78890feb@group-0DB8C7688BF9-LeaderElection68] INFO  impl.LeaderElection (LeaderElection.java:askForVotes(178)) - 4a682f4f-c3f2-4b77-88b7-f0ab78890feb@group-0DB8C7688BF9-LeaderElection68: begin an election at term 29 for -1: [77ab65e6-d942-49df-83a3-1d4c0bf152b3:192.168.164.217:39381, 7e1b84a9-a041-44fd-8008-f2679426984c:192.168.164.217:44149, 4a682f4f-c3f2-4b77-88b7-f0ab78890feb:192.168.164.217:34174], old=null
2019-11-05 08:23:51,836 [grpc-default-executor-4] INFO  impl.RaftServerImpl (RaftServerImpl.java:setRole(184)) - 7e1b84a9-a041-44fd-8008-f2679426984c@group-0DB8C7688BF9: changes role from  FOLLOWER to FOLLOWER at term 29 for recognizeCandidate:4a682f4f-c3f2-4b77-88b7-f0ab78890feb
2019-11-05 08:23:51,836 [grpc-default-executor-0] INFO  impl.RaftServerImpl (RaftServerImpl.java:setRole(184)) - 77ab65e6-d942-49df-83a3-1d4c0bf152b3@group-0DB8C7688BF9: changes role from  FOLLOWER to FOLLOWER at term 29 for recognizeCandidate:4a682f4f-c3f2-4b77-88b7-f0ab78890feb
2019-11-05 08:23:51,837 [grpc-default-executor-4] INFO  impl.RoleInfo (RoleInfo.java:shutdownFollowerState(121)) - 7e1b84a9-a041-44fd-8008-f2679426984c: shutdown FollowerState
2019-11-05 08:23:51,837 [grpc-default-executor-0] INFO  impl.RoleInfo (RoleInfo.java:shutdownFollowerState(121)) - 77ab65e6-d942-49df-83a3-1d4c0bf152b3: shutdown FollowerState
2019-11-05 08:23:51,837 [Thread-788] INFO  impl.FollowerState (FollowerState.java:run(117)) - 7e1b84a9-a041-44fd-8008-f2679426984c@group-0DB8C7688BF9-FollowerState was interrupted: java.lang.InterruptedException: sleep interrupted
2019-11-05 08:23:51,837 [grpc-default-executor-4] INFO  impl.RoleInfo (RoleInfo.java:updateAndGet(143)) - 7e1b84a9-a041-44fd-8008-f2679426984c: start FollowerState
2019-11-05 08:23:51,837 [Thread-787] INFO  impl.FollowerState (FollowerState.java:run(117)) - 77ab65e6-d942-49df-83a3-1d4c0bf152b3@group-0DB8C7688BF9-FollowerState was interrupted: java.lang.InterruptedException: sleep interrupted
2019-11-05 08:23:51,837 [grpc-default-executor-0] INFO  impl.RoleInfo (RoleInfo.java:updateAndGet(143)) - 77ab65e6-d942-49df-83a3-1d4c0bf152b3: start FollowerState
2019-11-05 08:23:51,852 [4a682f4f-c3f2-4b77-88b7-f0ab78890feb@group-0DB8C7688BF9-LeaderElection68] INFO  impl.LeaderElection (LeaderElection.java:logAndReturn(56)) - 4a682f4f-c3f2-4b77-88b7-f0ab78890feb@group-0DB8C7688BF9-LeaderElection68: Election REJECTED; received 2 response(s) [4a682f4f-c3f2-4b77-88b7-f0ab78890feb<-77ab65e6-d942-49df-83a3-1d4c0bf152b3#0:FAIL-t29, 4a682f4f-c3f2-4b77-88b7-f0ab78890feb<-7e1b84a9-a041-44fd-8008-f2679426984c#0:FAIL-t29] and 0 exception(s); 4a682f4f-c3f2-4b77-88b7-f0ab78890feb@group-0DB8C7688BF9:t29, leader=null, voted=4a682f4f-c3f2-4b77-88b7-f0ab78890feb, raftlog=4a682f4f-c3f2-4b77-88b7-f0ab78890feb@group-0DB8C7688BF9-SegmentedRaftLog:OPENED:c-1,f-1,i0, conf=-1: [77ab65e6-d942-49df-83a3-1d4c0bf152b3:192.168.164.217:39381, 7e1b84a9-a041-44fd-8008-f2679426984c:192.168.164.217:44149, 4a682f4f-c3f2-4b77-88b7-f0ab78890feb:192.168.164.217:34174], old=null
2019-11-05 08:23:51,853 [4a682f4f-c3f2-4b77-88b7-f0ab78890feb@group-0DB8C7688BF9-LeaderElection68] INFO  impl.RaftServerImpl (RaftServerImpl.java:setRole(184)) - 4a682f4f-c3f2-4b77-88b7-f0ab78890feb@group-0DB8C7688BF9: changes role from CANDIDATE to FOLLOWER at term 29 for DISCOVERED_A_NEW_TERM
2019-11-05 08:23:51,853 [4a682f4f-c3f2-4b77-88b7-f0ab78890feb@group-0DB8C7688BF9-LeaderElection68] INFO  impl.RoleInfo (RoleInfo.java:shutdownLeaderElection(134)) - 4a682f4f-c3f2-4b77-88b7-f0ab78890feb: shutdown LeaderElection
2019-11-05 08:23:51,853 [4a682f4f-c3f2-4b77-88b7-f0ab78890feb@group-0DB8C7688BF9-LeaderElection68] INFO  impl.RoleInfo (RoleInfo.java:updateAndGet(143)) - 4a682f4f-c3f2-4b77-88b7-f0ab78890feb: start FollowerState
2019-11-05 08:23:51,909 [Thread-801] INFO  impl.FollowerState (FollowerState.java:run(108)) - 4a682f4f-c3f2-4b77-88b7-f0ab78890feb@group-0DB8C7688BF9-FollowerState: change to CANDIDATE, lastRpcTime:56ms, electionTimeout:56ms
2019-11-05 08:23:51,909 [Thread-801] INFO  impl.RoleInfo (RoleInfo.java:shutdownFollowerState(121)) - 4a682f4f-c3f2-4b77-88b7-f0ab78890feb: shutdown FollowerState
2019-11-05 08:23:51,910 [Thread-801] INFO  impl.RaftServerImpl (RaftServerImpl.java:setRole(184)) - 4a682f4f-c3f2-4b77-88b7-f0ab78890feb@group-0DB8C7688BF9: changes role from  FOLLOWER to CANDIDATE at term 29 for changeToCandidate
2019-11-05 08:23:51,910 [Thread-801] INFO  impl.RoleInfo (RoleInfo.java:updateAndGet(143)) - 4a682f4f-c3f2-4b77-88b7-f0ab78890feb: start LeaderElection
2019-11-05 08:23:51,923 [4a682f4f-c3f2-4b77-88b7-f0ab78890feb@group-0DB8C7688BF9-LeaderElection69] INFO  impl.LeaderElection (LeaderElection.java:askForVotes(178)) - 4a682f4f-c3f2-4b77-88b7-f0ab78890feb@group-0DB8C7688BF9-LeaderElection69: begin an election at term 30 for -1: [77ab65e6-d942-49df-83a3-1d4c0bf152b3:192.168.164.217:39381, 7e1b84a9-a041-44fd-8008-f2679426984c:192.168.164.217:44149, 4a682f4f-c3f2-4b77-88b7-f0ab78890feb:192.168.164.217:34174], old=null
2019-11-05 08:23:51,931 [grpc-default-executor-4] INFO  impl.RaftServerImpl (RaftServerImpl.java:setRole(184)) - 77ab65e6-d942-49df-83a3-1d4c0bf152b3@group-0DB8C7688BF9: changes role from  FOLLOWER to FOLLOWER at term 30 for recognizeCandidate:4a682f4f-c3f2-4b77-88b7-f0ab78890feb
2019-11-05 08:23:51,931 [grpc-default-executor-0] INFO  impl.RaftServerImpl (RaftServerImpl.java:setRole(184)) - 7e1b84a9-a041-44fd-8008-f2679426984c@group-0DB8C7688BF9: changes role from  FOLLOWER to FOLLOWER at term 30 for recognizeCandidate:4a682f4f-c3f2-4b77-88b7-f0ab78890feb
2019-11-05 08:23:51,931 [grpc-default-executor-4] INFO  impl.RoleInfo (RoleInfo.java:shutdownFollowerState(121)) - 77ab65e6-d942-49df-83a3-1d4c0bf152b3: shutdown FollowerState
2019-11-05 08:23:51,931 [grpc-default-executor-0] INFO  impl.RoleInfo (RoleInfo.java:shutdownFollowerState(121)) - 7e1b84a9-a041-44fd-8008-f2679426984c: shutdown FollowerState
2019-11-05 08:23:51,931 [Thread-800] INFO  impl.FollowerState (FollowerState.java:run(117)) - 77ab65e6-d942-49df-83a3-1d4c0bf152b3@group-0DB8C7688BF9-FollowerState was interrupted: java.lang.InterruptedException: sleep interrupted
2019-11-05 08:23:51,931 [grpc-default-executor-4] INFO  impl.RoleInfo (RoleInfo.java:updateAndGet(143)) - 77ab65e6-d942-49df-83a3-1d4c0bf152b3: start FollowerState
2019-11-05 08:23:51,931 [grpc-default-executor-0] INFO  impl.RoleInfo (RoleInfo.java:updateAndGet(143)) - 7e1b84a9-a041-44fd-8008-f2679426984c: start FollowerState
2019-11-05 08:23:51,934 [Thread-799] INFO  impl.FollowerState (FollowerState.java:run(117)) - 7e1b84a9-a041-44fd-8008-f2679426984c@group-0DB8C7688BF9-FollowerState was interrupted: java.lang.InterruptedException: sleep interrupted
2019-11-05 08:23:51,935 [4a682f4f-c3f2-4b77-88b7-f0ab78890feb@group-0DB8C7688BF9-LeaderElection69] INFO  impl.LeaderElection (LeaderElection.java:logAndReturn(56)) - 4a682f4f-c3f2-4b77-88b7-f0ab78890feb@group-0DB8C7688BF9-LeaderElection69: Election TIMEOUT; received 0 response(s) [] and 0 exception(s); 4a682f4f-c3f2-4b77-88b7-f0ab78890feb@group-0DB8C7688BF9:t30, leader=null, voted=4a682f4f-c3f2-4b77-88b7-f0ab78890feb, raftlog=4a682f4f-c3f2-4b77-88b7-f0ab78890feb@group-0DB8C7688BF9-SegmentedRaftLog:OPENED:c-1,f-1,i0, conf=-1: [77ab65e6-d942-49df-83a3-1d4c0bf152b3:192.168.164.217:39381, 7e1b84a9-a041-44fd-8008-f2679426984c:192.168.164.217:44149, 4a682f4f-c3f2-4b77-88b7-f0ab78890feb:192.168.164.217:34174], old=null
2019-11-05 08:23:51,943 [4a682f4f-c3f2-4b77-88b7-f0ab78890feb@group-0DB8C7688BF9-LeaderElection69] INFO  impl.LeaderElection (LeaderElection.java:askForVotes(178)) - 4a682f4f-c3f2-4b77-88b7-f0ab78890feb@group-0DB8C7688BF9-LeaderElection69: begin an election at term 31 for -1: [77ab65e6-d942-49df-83a3-1d4c0bf152b3:192.168.164.217:39381, 7e1b84a9-a041-44fd-8008-f2679426984c:192.168.164.217:44149, 4a682f4f-c3f2-4b77-88b7-f0ab78890feb:192.168.164.217:34174], old=null
2019-11-05 08:23:51,945 [grpc-default-executor-0] INFO  impl.RaftServerImpl (RaftServerImpl.java:setRole(184)) - 77ab65e6-d942-49df-83a3-1d4c0bf152b3@group-0DB8C7688BF9: changes role from  FOLLOWER to FOLLOWER at term 31 for recognizeCandidate:4a682f4f-c3f2-4b77-88b7-f0ab78890feb
2019-11-05 08:23:51,945 [grpc-default-executor-4] INFO  impl.RaftServerImpl (RaftServerImpl.java:setRole(184)) - 7e1b84a9-a041-44fd-8008-f2679426984c@group-0DB8C7688BF9: changes role from  FOLLOWER to FOLLOWER at term 31 for recognizeCandidate:4a682f4f-c3f2-4b77-88b7-f0ab78890feb
2019-11-05 08:23:51,945 [grpc-default-executor-0] INFO  impl.RoleInfo (RoleInfo.java:shutdownFollowerState(121)) - 77ab65e6-d942-49df-83a3-1d4c0bf152b3: shutdown FollowerState
2019-11-05 08:23:51,945 [grpc-default-executor-4] INFO  impl.RoleInfo (RoleInfo.java:shutdownFollowerState(121)) - 7e1b84a9-a041-44fd-8008-f2679426984c: shutdown FollowerState
2019-11-05 08:23:51,945 [Thread-805] INFO  impl.FollowerState (FollowerState.java:run(117)) - 77ab65e6-d942-49df-83a3-1d4c0bf152b3@group-0DB8C7688BF9-FollowerState was interrupted: java.lang.InterruptedException: sleep interrupted
2019-11-05 08:23:51,945 [grpc-default-executor-0] INFO  impl.RoleInfo (RoleInfo.java:updateAndGet(143)) - 77ab65e6-d942-49df-83a3-1d4c0bf152b3: start FollowerState
2019-11-05 08:23:51,946 [Thread-806] INFO  impl.FollowerState (FollowerState.java:run(117)) - 7e1b84a9-a041-44fd-8008-f2679426984c@group-0DB8C7688BF9-FollowerState was interrupted: java.lang.InterruptedException: sleep interrupted
2019-11-05 08:23:51,946 [grpc-default-executor-4] INFO  impl.RoleInfo (RoleInfo.java:updateAndGet(143)) - 7e1b84a9-a041-44fd-8008-f2679426984c: start FollowerState
2019-11-05 08:23:51,954 [4a682f4f-c3f2-4b77-88b7-f0ab78890feb@group-0DB8C7688BF9-LeaderElection69] INFO  impl.LeaderElection (LeaderElection.java:logAndReturn(56)) - 4a682f4f-c3f2-4b77-88b7-f0ab78890feb@group-0DB8C7688BF9-LeaderElection69: Election REJECTED; received 2 response(s) [4a682f4f-c3f2-4b77-88b7-f0ab78890feb<-77ab65e6-d942-49df-83a3-1d4c0bf152b3#0:FAIL-t31, 4a682f4f-c3f2-4b77-88b7-f0ab78890feb<-7e1b84a9-a041-44fd-8008-f2679426984c#0:FAIL-t31] and 0 exception(s); 4a682f4f-c3f2-4b77-88b7-f0ab78890feb@group-0DB8C7688BF9:t31, leader=null, voted=4a682f4f-c3f2-4b77-88b7-f0ab78890feb, raftlog=4a682f4f-c3f2-4b77-88b7-f0ab78890feb@group-0DB8C7688BF9-SegmentedRaftLog:OPENED:c-1,f-1,i0, conf=-1: [77ab65e6-d942-49df-83a3-1d4c0bf152b3:192.168.164.217:39381, 7e1b84a9-a041-44fd-8008-f2679426984c:192.168.164.217:44149, 4a682f4f-c3f2-4b77-88b7-f0ab78890feb:192.168.164.217:34174], old=null
2019-11-05 08:23:51,954 [4a682f4f-c3f2-4b77-88b7-f0ab78890feb@group-0DB8C7688BF9-LeaderElection69] INFO  impl.RaftServerImpl (RaftServerImpl.java:setRole(184)) - 4a682f4f-c3f2-4b77-88b7-f0ab78890feb@group-0DB8C7688BF9: changes role from CANDIDATE to FOLLOWER at term 31 for DISCOVERED_A_NEW_TERM
2019-11-05 08:23:51,955 [4a682f4f-c3f2-4b77-88b7-f0ab78890feb@group-0DB8C7688BF9-LeaderElection69] INFO  impl.RoleInfo (RoleInfo.java:shutdownLeaderElection(134)) - 4a682f4f-c3f2-4b77-88b7-f0ab78890feb: shutdown LeaderElection
2019-11-05 08:23:51,955 [4a682f4f-c3f2-4b77-88b7-f0ab78890feb@group-0DB8C7688BF9-LeaderElection69] INFO  impl.RoleInfo (RoleInfo.java:updateAndGet(143)) - 4a682f4f-c3f2-4b77-88b7-f0ab78890feb: start FollowerState
2019-11-05 08:23:51,960 [Thread-795] INFO  impl.FollowerState (FollowerState.java:run(108)) - a8ae9c07-6d89-4a49-a594-cacd4b776180@group-0E159EE4F99E-FollowerState: change to CANDIDATE, lastRpcTime:190ms, electionTimeout:190ms
2019-11-05 08:23:51,960 [Thread-795] INFO  impl.RoleInfo (RoleInfo.java:shutdownFollowerState(121)) - a8ae9c07-6d89-4a49-a594-cacd4b776180: shutdown FollowerState
2019-11-05 08:23:51,960 [Thread-795] INFO  impl.RaftServerImpl (RaftServerImpl.java:setRole(184)) - a8ae9c07-6d89-4a49-a594-cacd4b776180@group-0E159EE4F99E: changes role from  FOLLOWER to CANDIDATE at term 34 for changeToCandidate
2019-11-05 08:23:51,960 [Thread-795] INFO  impl.RoleInfo (RoleInfo.java:updateAndGet(143)) - a8ae9c07-6d89-4a49-a594-cacd4b776180: start LeaderElection
2019-11-05 08:23:51,973 [a8ae9c07-6d89-4a49-a594-cacd4b776180@group-0E159EE4F99E-LeaderElection70] INFO  impl.LeaderElection (LeaderElection.java:askForVotes(178)) - a8ae9c07-6d89-4a49-a594-cacd4b776180@group-0E159EE4F99E-LeaderElection70: begin an election at term 35 for -1: [caafcba9-090a-41f5-a5f9-cba5a6a81e94:192.168.164.217:37197, a8ae9c07-6d89-4a49-a594-cacd4b776180:192.168.164.217:42719, b3bb9051-8089-4c51-a999-81579e5913f2:192.168.164.217:36516], old=null
2019-11-05 08:23:51,976 [grpc-default-executor-4] INFO  impl.RaftServerImpl (RaftServerImpl.java:setRole(184)) - caafcba9-090a-41f5-a5f9-cba5a6a81e94@group-0E159EE4F99E: changes role from  FOLLOWER to FOLLOWER at term 35 for recognizeCandidate:a8ae9c07-6d89-4a49-a594-cacd4b776180
2019-11-05 08:23:51,976 [grpc-default-executor-4] INFO  impl.RoleInfo (RoleInfo.java:shutdownFollowerState(121)) - caafcba9-090a-41f5-a5f9-cba5a6a81e94: shutdown FollowerState
2019-11-05 08:23:51,976 [grpc-default-executor-4] INFO  impl.RoleInfo (RoleInfo.java:updateAndGet(143)) - caafcba9-090a-41f5-a5f9-cba5a6a81e94: start FollowerState
2019-11-05 08:23:51,976 [Thread-793] INFO  impl.FollowerState (FollowerState.java:run(117)) - caafcba9-090a-41f5-a5f9-cba5a6a81e94@group-0E159EE4F99E-FollowerState was interrupted: java.lang.InterruptedException: sleep interrupted
2019-11-05 08:23:51,976 [grpc-default-executor-0] INFO  impl.RaftServerImpl (RaftServerImpl.java:setRole(184)) - b3bb9051-8089-4c51-a999-81579e5913f2@group-0E159EE4F99E: changes role from  FOLLOWER to FOLLOWER at term 35 for recognizeCandidate:a8ae9c07-6d89-4a49-a594-cacd4b776180
2019-11-05 08:23:51,976 [grpc-default-executor-0] INFO  impl.RoleInfo (RoleInfo.java:shutdownFollowerState(121)) - b3bb9051-8089-4c51-a999-81579e5913f2: shutdown FollowerState
2019-11-05 08:23:51,977 [Thread-794] INFO  impl.FollowerState (FollowerState.java:run(117)) - b3bb9051-8089-4c51-a999-81579e5913f2@group-0E159EE4F99E-FollowerState was interrupted: java.lang.InterruptedException: sleep interrupted
2019-11-05 08:23:51,977 [grpc-default-executor-0] INFO  impl.RoleInfo (RoleInfo.java:updateAndGet(143)) - b3bb9051-8089-4c51-a999-81579e5913f2: start FollowerState
2019-11-05 08:23:51,977 [Thread-811] INFO  impl.FollowerState (FollowerState.java:run(108)) - 4a682f4f-c3f2-4b77-88b7-f0ab78890feb@group-0DB8C7688BF9-FollowerState: change to CANDIDATE, lastRpcTime:22ms, electionTimeout:22ms
2019-11-05 08:23:51,977 [Thread-811] INFO  impl.RoleInfo (RoleInfo.java:shutdownFollowerState(121)) - 4a682f4f-c3f2-4b77-88b7-f0ab78890feb: shutdown FollowerState
2019-11-05 08:23:51,977 [Thread-811] INFO  impl.RaftServerImpl (RaftServerImpl.java:setRole(184)) - 4a682f4f-c3f2-4b77-88b7-f0ab78890feb@group-0DB8C7688BF9: changes role from  FOLLOWER to CANDIDATE at term 31 for changeToCandidate
2019-11-05 08:23:51,977 [Thread-811] INFO  impl.RoleInfo (RoleInfo.java:updateAndGet(143)) - 4a682f4f-c3f2-4b77-88b7-f0ab78890feb: start LeaderElection
2019-11-05 08:23:51,990 [4a682f4f-c3f2-4b77-88b7-f0ab78890feb@group-0DB8C7688BF9-LeaderElection71] INFO  impl.LeaderElection (LeaderElection.java:askForVotes(178)) - 4a682f4f-c3f2-4b77-88b7-f0ab78890feb@group-0DB8C7688BF9-LeaderElection71: begin an election at term 32 for -1: [77ab65e6-d942-49df-83a3-1d4c0bf152b3:192.168.164.217:39381, 7e1b84a9-a041-44fd-8008-f2679426984c:192.168.164.217:44149, 4a682f4f-c3f2-4b77-88b7-f0ab78890feb:192.168.164.217:34174], old=null
2019-11-05 08:23:51,991 [a8ae9c07-6d89-4a49-a594-cacd4b776180@group-0E159EE4F99E-LeaderElection70] INFO  impl.LeaderElection (LeaderElection.java:logAndReturn(56)) - a8ae9c07-6d89-4a49-a594-cacd4b776180@group-0E159EE4F99E-LeaderElection70: Election REJECTED; received 2 response(s) [a8ae9c07-6d89-4a49-a594-cacd4b776180<-caafcba9-090a-41f5-a5f9-cba5a6a81e94#0:FAIL-t35, a8ae9c07-6d89-4a49-a594-cacd4b776180<-b3bb9051-8089-4c51-a999-81579e5913f2#0:FAIL-t35] and 0 exception(s); a8ae9c07-6d89-4a49-a594-cacd4b776180@group-0E159EE4F99E:t35, leader=null, voted=a8ae9c07-6d89-4a49-a594-cacd4b776180, raftlog=a8ae9c07-6d89-4a49-a594-cacd4b776180@group-0E159EE4F99E-SegmentedRaftLog:OPENED:c-1,f-1,i0, conf=-1: [caafcba9-090a-41f5-a5f9-cba5a6a81e94:192.168.164.217:37197, a8ae9c07-6d89-4a49-a594-cacd4b776180:192.168.164.217:42719, b3bb9051-8089-4c51-a999-81579e5913f2:192.168.164.217:36516], old=null
2019-11-05 08:23:51,991 [a8ae9c07-6d89-4a49-a594-cacd4b776180@group-0E159EE4F99E-LeaderElection70] INFO  impl.RaftServerImpl (RaftServerImpl.java:setRole(184)) - a8ae9c07-6d89-4a49-a594-cacd4b776180@group-0E159EE4F99E: changes role from CANDIDATE to FOLLOWER at term 35 for DISCOVERED_A_NEW_TERM
2019-11-05 08:23:51,991 [a8ae9c07-6d89-4a49-a594-cacd4b776180@group-0E159EE4F99E-LeaderElection70] INFO  impl.RoleInfo (RoleInfo.java:shutdownLeaderElection(134)) - a8ae9c07-6d89-4a49-a594-cacd4b776180: shutdown LeaderElection
2019-11-05 08:23:51,991 [a8ae9c07-6d89-4a49-a594-cacd4b776180@group-0E159EE4F99E-LeaderElection70] INFO  impl.RoleInfo (RoleInfo.java:updateAndGet(143)) - a8ae9c07-6d89-4a49-a594-cacd4b776180: start FollowerState
2019-11-05 08:23:51,992 [grpc-default-executor-0] INFO  impl.RaftServerImpl (RaftServerImpl.java:setRole(184)) - 77ab65e6-d942-49df-83a3-1d4c0bf152b3@group-0DB8C7688BF9: changes role from  FOLLOWER to FOLLOWER at term 32 for recognizeCandidate:4a682f4f-c3f2-4b77-88b7-f0ab78890feb
2019-11-05 08:23:51,992 [grpc-default-executor-4] INFO  impl.RaftServerImpl (RaftServerImpl.java:setRole(184)) - 7e1b84a9-a041-44fd-8008-f2679426984c@group-0DB8C7688BF9: changes role from  FOLLOWER to FOLLOWER at term 32 for recognizeCandidate:4a682f4f-c3f2-4b77-88b7-f0ab78890feb
2019-11-05 08:23:51,992 [grpc-default-executor-0] INFO  impl.RoleInfo (RoleInfo.java:shutdownFollowerState(121)) - 77ab65e6-d942-49df-83a3-1d4c0bf152b3: shutdown FollowerState
2019-11-05 08:23:51,992 [grpc-default-executor-4] INFO  impl.RoleInfo (RoleInfo.java:shutdownFollowerState(121)) - 7e1b84a9-a041-44fd-8008-f2679426984c: shutdown FollowerState
2019-11-05 08:23:51,992 [grpc-default-executor-0] INFO  impl.RoleInfo (RoleInfo.java:updateAndGet(143)) - 77ab65e6-d942-49df-83a3-1d4c0bf152b3: start FollowerState
2019-11-05 08:23:51,992 [Thread-809] INFO  impl.FollowerState (FollowerState.java:run(117)) - 77ab65e6-d942-49df-83a3-1d4c0bf152b3@group-0DB8C7688BF9-FollowerState was interrupted: java.lang.InterruptedException: sleep interrupted
2019-11-05 08:23:51,992 [grpc-default-executor-4] INFO  impl.RoleInfo (RoleInfo.java:updateAndGet(143)) - 7e1b84a9-a041-44fd-8008-f2679426984c: start FollowerState
2019-11-05 08:23:51,992 [Thread-810] INFO  impl.FollowerState (FollowerState.java:run(117)) - 7e1b84a9-a041-44fd-8008-f2679426984c@group-0DB8C7688BF9-FollowerState was interrupted: java.lang.InterruptedException: sleep interrupted
2019-11-05 08:23:52,007 [4a682f4f-c3f2-4b77-88b7-f0ab78890feb@group-0DB8C7688BF9-LeaderElection71] INFO  impl.LeaderElection (LeaderElection.java:logAndReturn(56)) - 4a682f4f-c3f2-4b77-88b7-f0ab78890feb@group-0DB8C7688BF9-LeaderElection71: Election REJECTED; received 2 response(s) [4a682f4f-c3f2-4b77-88b7-f0ab78890feb<-77ab65e6-d942-49df-83a3-1d4c0bf152b3#0:FAIL-t32, 4a682f4f-c3f2-4b77-88b7-f0ab78890feb<-7e1b84a9-a041-44fd-8008-f2679426984c#0:FAIL-t32] and 0 exception(s); 4a682f4f-c3f2-4b77-88b7-f0ab78890feb@group-0DB8C7688BF9:t32, leader=null, voted=4a682f4f-c3f2-4b77-88b7-f0ab78890feb, raftlog=4a682f4f-c3f2-4b77-88b7-f0ab78890feb@group-0DB8C7688BF9-SegmentedRaftLog:OPENED:c-1,f-1,i0, conf=-1: [77ab65e6-d942-49df-83a3-1d4c0bf152b3:192.168.164.217:39381, 7e1b84a9-a041-44fd-8008-f2679426984c:192.168.164.217:44149, 4a682f4f-c3f2-4b77-88b7-f0ab78890feb:192.168.164.217:34174], old=null
2019-11-05 08:23:52,007 [4a682f4f-c3f2-4b77-88b7-f0ab78890feb@group-0DB8C7688BF9-LeaderElection71] INFO  impl.RaftServerImpl (RaftServerImpl.java:setRole(184)) - 4a682f4f-c3f2-4b77-88b7-f0ab78890feb@group-0DB8C7688BF9: changes role from CANDIDATE to FOLLOWER at term 32 for DISCOVERED_A_NEW_TERM
2019-11-05 08:23:52,007 [4a682f4f-c3f2-4b77-88b7-f0ab78890feb@group-0DB8C7688BF9-LeaderElection71] INFO  impl.RoleInfo (RoleInfo.java:shutdownLeaderElection(134)) - 4a682f4f-c3f2-4b77-88b7-f0ab78890feb: shutdown LeaderElection
2019-11-05 08:23:52,007 [4a682f4f-c3f2-4b77-88b7-f0ab78890feb@group-0DB8C7688BF9-LeaderElection71] INFO  impl.RoleInfo (RoleInfo.java:updateAndGet(143)) - 4a682f4f-c3f2-4b77-88b7-f0ab78890feb: start FollowerState
2019-11-05 08:23:52,098 [Thread-820] INFO  impl.FollowerState (FollowerState.java:run(108)) - a8ae9c07-6d89-4a49-a594-cacd4b776180@group-0E159EE4F99E-FollowerState: change to CANDIDATE, lastRpcTime:106ms, electionTimeout:106ms
2019-11-05 08:23:52,098 [Thread-820] INFO  impl.RoleInfo (RoleInfo.java:shutdownFollowerState(121)) - a8ae9c07-6d89-4a49-a594-cacd4b776180: shutdown FollowerState
2019-11-05 08:23:52,098 [Thread-820] INFO  impl.RaftServerImpl (RaftServerImpl.java:setRole(184)) - a8ae9c07-6d89-4a49-a594-cacd4b776180@group-0E159EE4F99E: changes role from  FOLLOWER to CANDIDATE at term 35 for changeToCandidate
2019-11-05 08:23:52,098 [Thread-820] INFO  impl.RoleInfo (RoleInfo.java:updateAndGet(143)) - a8ae9c07-6d89-4a49-a594-cacd4b776180: start LeaderElection
2019-11-05 08:23:52,112 [a8ae9c07-6d89-4a49-a594-cacd4b776180@group-0E159EE4F99E-LeaderElection72] INFO  impl.LeaderElection (LeaderElection.java:askForVotes(178)) - a8ae9c07-6d89-4a49-a594-cacd4b776180@group-0E159EE4F99E-LeaderElection72: begin an election at term 36 for -1: [caafcba9-090a-41f5-a5f9-cba5a6a81e94:192.168.164.217:37197, a8ae9c07-6d89-4a49-a594-cacd4b776180:192.168.164.217:42719, b3bb9051-8089-4c51-a999-81579e5913f2:192.168.164.217:36516], old=null
2019-11-05 08:23:52,115 [grpc-default-executor-4] INFO  impl.RaftServerImpl (RaftServerImpl.java:setRole(184)) - caafcba9-090a-41f5-a5f9-cba5a6a81e94@group-0E159EE4F99E: changes role from  FOLLOWER to FOLLOWER at term 36 for recognizeCandidate:a8ae9c07-6d89-4a49-a594-cacd4b776180
2019-11-05 08:23:52,115 [grpc-default-executor-0] INFO  impl.RaftServerImpl (RaftServerImpl.java:setRole(184)) - b3bb9051-8089-4c51-a999-81579e5913f2@group-0E159EE4F99E: changes role from  FOLLOWER to FOLLOWER at term 36 for recognizeCandidate:a8ae9c07-6d89-4a49-a594-cacd4b776180
2019-11-05 08:23:52,115 [grpc-default-executor-4] INFO  impl.RoleInfo (RoleInfo.java:shutdownFollowerState(121)) - caafcba9-090a-41f5-a5f9-cba5a6a81e94: shutdown FollowerState
2019-11-05 08:23:52,115 [grpc-default-executor-0] INFO  impl.RoleInfo (RoleInfo.java:shutdownFollowerState(121)) - b3bb9051-8089-4c51-a999-81579e5913f2: shutdown FollowerState
2019-11-05 08:23:52,116 [Thread-815] INFO  impl.FollowerState (FollowerState.java:run(117)) - caafcba9-090a-41f5-a5f9-cba5a6a81e94@group-0E159EE4F99E-FollowerState was interrupted: java.lang.InterruptedException: sleep interrupted
2019-11-05 08:23:52,116 [grpc-default-executor-4] INFO  impl.RoleInfo (RoleInfo.java:updateAndGet(143)) - caafcba9-090a-41f5-a5f9-cba5a6a81e94: start FollowerState
2019-11-05 08:23:52,116 [Thread-816] INFO  impl.FollowerState (FollowerState.java:run(117)) - b3bb9051-8089-4c51-a999-81579e5913f2@group-0E159EE4F99E-FollowerState was interrupted: java.lang.InterruptedException: sleep interrupted
2019-11-05 08:23:52,116 [grpc-default-executor-0] INFO  impl.RoleInfo (RoleInfo.java:updateAndGet(143)) - b3bb9051-8089-4c51-a999-81579e5913f2: start FollowerState
2019-11-05 08:23:52,134 [a8ae9c07-6d89-4a49-a594-cacd4b776180@group-0E159EE4F99E-LeaderElection72] INFO  impl.LeaderElection (LeaderElection.java:logAndReturn(56)) - a8ae9c07-6d89-4a49-a594-cacd4b776180@group-0E159EE4F99E-LeaderElection72: Election REJECTED; received 2 response(s) [a8ae9c07-6d89-4a49-a594-cacd4b776180<-caafcba9-090a-41f5-a5f9-cba5a6a81e94#0:FAIL-t36, a8ae9c07-6d89-4a49-a594-cacd4b776180<-b3bb9051-8089-4c51-a999-81579e5913f2#0:FAIL-t36] and 0 exception(s); a8ae9c07-6d89-4a49-a594-cacd4b776180@group-0E159EE4F99E:t36, leader=null, voted=a8ae9c07-6d89-4a49-a594-cacd4b776180, raftlog=a8ae9c07-6d89-4a49-a594-cacd4b776180@group-0E159EE4F99E-SegmentedRaftLog:OPENED:c-1,f-1,i0, conf=-1: [caafcba9-090a-41f5-a5f9-cba5a6a81e94:192.168.164.217:37197, a8ae9c07-6d89-4a49-a594-cacd4b776180:192.168.164.217:42719, b3bb9051-8089-4c51-a999-81579e5913f2:192.168.164.217:36516], old=null
2019-11-05 08:23:52,134 [a8ae9c07-6d89-4a49-a594-cacd4b776180@group-0E159EE4F99E-LeaderElection72] INFO  impl.RaftServerImpl (RaftServerImpl.java:setRole(184)) - a8ae9c07-6d89-4a49-a594-cacd4b776180@group-0E159EE4F99E: changes role from CANDIDATE to FOLLOWER at term 36 for DISCOVERED_A_NEW_TERM
2019-11-05 08:23:52,135 [a8ae9c07-6d89-4a49-a594-cacd4b776180@group-0E159EE4F99E-LeaderElection72] INFO  impl.RoleInfo (RoleInfo.java:shutdownLeaderElection(134)) - a8ae9c07-6d89-4a49-a594-cacd4b776180: shutdown LeaderElection
2019-11-05 08:23:52,135 [a8ae9c07-6d89-4a49-a594-cacd4b776180@group-0E159EE4F99E-LeaderElection72] INFO  impl.RoleInfo (RoleInfo.java:updateAndGet(143)) - a8ae9c07-6d89-4a49-a594-cacd4b776180: start FollowerState
2019-11-05 08:23:52,140 [Thread-823] INFO  impl.FollowerState (FollowerState.java:run(108)) - 4a682f4f-c3f2-4b77-88b7-f0ab78890feb@group-0DB8C7688BF9-FollowerState: change to CANDIDATE, lastRpcTime:132ms, electionTimeout:132ms
2019-11-05 08:23:52,140 [Thread-823] INFO  impl.RoleInfo (RoleInfo.java:shutdownFollowerState(121)) - 4a682f4f-c3f2-4b77-88b7-f0ab78890feb: shutdown FollowerState
2019-11-05 08:23:52,140 [Thread-823] INFO  impl.RaftServerImpl (RaftServerImpl.java:setRole(184)) - 4a682f4f-c3f2-4b77-88b7-f0ab78890feb@group-0DB8C7688BF9: changes role from  FOLLOWER to CANDIDATE at term 32 for changeToCandidate
2019-11-05 08:23:52,140 [Thread-823] INFO  impl.RoleInfo (RoleInfo.java:updateAndGet(143)) - 4a682f4f-c3f2-4b77-88b7-f0ab78890feb: start LeaderElection
2019-11-05 08:23:52,163 [4a682f4f-c3f2-4b77-88b7-f0ab78890feb@group-0DB8C7688BF9-LeaderElection73] INFO  impl.LeaderElection (LeaderElection.java:askForVotes(178)) - 4a682f4f-c3f2-4b77-88b7-f0ab78890feb@group-0DB8C7688BF9-LeaderElection73: begin an election at term 33 for -1: [77ab65e6-d942-49df-83a3-1d4c0bf152b3:192.168.164.217:39381, 7e1b84a9-a041-44fd-8008-f2679426984c:192.168.164.217:44149, 4a682f4f-c3f2-4b77-88b7-f0ab78890feb:192.168.164.217:34174], old=null
2019-11-05 08:23:52,163 [Thread-831] INFO  impl.FollowerState (FollowerState.java:run(108)) - a8ae9c07-6d89-4a49-a594-cacd4b776180@group-0E159EE4F99E-FollowerState: change to CANDIDATE, lastRpcTime:28ms, electionTimeout:28ms
2019-11-05 08:23:52,164 [Thread-831] INFO  impl.RoleInfo (RoleInfo.java:shutdownFollowerState(121)) - a8ae9c07-6d89-4a49-a594-cacd4b776180: shutdown FollowerState
2019-11-05 08:23:52,164 [Thread-831] INFO  impl.RaftServerImpl (RaftServerImpl.java:setRole(184)) - a8ae9c07-6d89-4a49-a594-cacd4b776180@group-0E159EE4F99E: changes role from  FOLLOWER to CANDIDATE at term 36 for changeToCandidate
2019-11-05 08:23:52,164 [Thread-831] INFO  impl.RoleInfo (RoleInfo.java:updateAndGet(143)) - a8ae9c07-6d89-4a49-a594-cacd4b776180: start LeaderElection
2019-11-05 08:23:52,167 [grpc-default-executor-4] INFO  impl.RaftServerImpl (RaftServerImpl.java:setRole(184)) - 77ab65e6-d942-49df-83a3-1d4c0bf152b3@group-0DB8C7688BF9: changes role from  FOLLOWER to FOLLOWER at term 33 for recognizeCandidate:4a682f4f-c3f2-4b77-88b7-f0ab78890feb
2019-11-05 08:23:52,168 [grpc-default-executor-0] INFO  impl.RaftServerImpl (RaftServerImpl.java:setRole(184)) - 7e1b84a9-a041-44fd-8008-f2679426984c@group-0DB8C7688BF9: changes role from  FOLLOWER to FOLLOWER at term 33 for recognizeCandidate:4a682f4f-c3f2-4b77-88b7-f0ab78890feb
2019-11-05 08:23:52,168 [grpc-default-executor-4] INFO  impl.RoleInfo (RoleInfo.java:shutdownFollowerState(121)) - 77ab65e6-d942-49df-83a3-1d4c0bf152b3: shutdown FollowerState
2019-11-05 08:23:52,168 [grpc-default-executor-0] INFO  impl.RoleInfo (RoleInfo.java:shutdownFollowerState(121)) - 7e1b84a9-a041-44fd-8008-f2679426984c: shutdown FollowerState
2019-11-05 08:23:52,168 [Thread-821] INFO  impl.FollowerState (FollowerState.java:run(117)) - 77ab65e6-d942-49df-83a3-1d4c0bf152b3@group-0DB8C7688BF9-FollowerState was interrupted: java.lang.InterruptedException: sleep interrupted
2019-11-05 08:23:52,168 [Thread-822] INFO  impl.FollowerState (FollowerState.java:run(117)) - 7e1b84a9-a041-44fd-8008-f2679426984c@group-0DB8C7688BF9-FollowerState was interrupted: java.lang.InterruptedException: sleep interrupted
2019-11-05 08:23:52,168 [grpc-default-executor-4] INFO  impl.RoleInfo (RoleInfo.java:updateAndGet(143)) - 77ab65e6-d942-49df-83a3-1d4c0bf152b3: start FollowerState
2019-11-05 08:23:52,168 [grpc-default-executor-0] INFO  impl.RoleInfo (RoleInfo.java:updateAndGet(143)) - 7e1b84a9-a041-44fd-8008-f2679426984c: start FollowerState
2019-11-05 08:23:52,179 [a8ae9c07-6d89-4a49-a594-cacd4b776180@group-0E159EE4F99E-LeaderElection74] INFO  impl.LeaderElection (LeaderElection.java:askForVotes(178)) - a8ae9c07-6d89-4a49-a594-cacd4b776180@group-0E159EE4F99E-LeaderElection74: begin an election at term 37 for -1: [caafcba9-090a-41f5-a5f9-cba5a6a81e94:192.168.164.217:37197, a8ae9c07-6d89-4a49-a594-cacd4b776180:192.168.164.217:42719, b3bb9051-8089-4c51-a999-81579e5913f2:192.168.164.217:36516], old=null
2019-11-05 08:23:52,180 [4a682f4f-c3f2-4b77-88b7-f0ab78890feb@group-0DB8C7688BF9-LeaderElection73] INFO  impl.LeaderElection (LeaderElection.java:logAndReturn(56)) - 4a682f4f-c3f2-4b77-88b7-f0ab78890feb@group-0DB8C7688BF9-LeaderElection73: Election REJECTED; received 2 response(s) [4a682f4f-c3f2-4b77-88b7-f0ab78890feb<-77ab65e6-d942-49df-83a3-1d4c0bf152b3#0:FAIL-t33, 4a682f4f-c3f2-4b77-88b7-f0ab78890feb<-7e1b84a9-a041-44fd-8008-f2679426984c#0:FAIL-t33] and 0 exception(s); 4a682f4f-c3f2-4b77-88b7-f0ab78890feb@group-0DB8C7688BF9:t33, leader=null, voted=4a682f4f-c3f2-4b77-88b7-f0ab78890feb, raftlog=4a682f4f-c3f2-4b77-88b7-f0ab78890feb@group-0DB8C7688BF9-SegmentedRaftLog:OPENED:c-1,f-1,i0, conf=-1: [77ab65e6-d942-49df-83a3-1d4c0bf152b3:192.168.164.217:39381, 7e1b84a9-a041-44fd-8008-f2679426984c:192.168.164.217:44149, 4a682f4f-c3f2-4b77-88b7-f0ab78890feb:192.168.164.217:34174], old=null
2019-11-05 08:23:52,180 [4a682f4f-c3f2-4b77-88b7-f0ab78890feb@group-0DB8C7688BF9-LeaderElection73] INFO  impl.RaftServerImpl (RaftServerImpl.java:setRole(184)) - 4a682f4f-c3f2-4b77-88b7-f0ab78890feb@group-0DB8C7688BF9: changes role from CANDIDATE to FOLLOWER at term 33 for DISCOVERED_A_NEW_TERM
2019-11-05 08:23:52,181 [4a682f4f-c3f2-4b77-88b7-f0ab78890feb@group-0DB8C7688BF9-LeaderElection73] INFO  impl.RoleInfo (RoleInfo.java:shutdownLeaderElection(134)) - 4a682f4f-c3f2-4b77-88b7-f0ab78890feb: shutdown LeaderElection
2019-11-05 08:23:52,181 [4a682f4f-c3f2-4b77-88b7-f0ab78890feb@group-0DB8C7688BF9-LeaderElection73] INFO  impl.RoleInfo (RoleInfo.java:updateAndGet(143)) - 4a682f4f-c3f2-4b77-88b7-f0ab78890feb: start FollowerState
2019-11-05 08:23:52,181 [grpc-default-executor-0] INFO  impl.RaftServerImpl (RaftServerImpl.java:setRole(184)) - caafcba9-090a-41f5-a5f9-cba5a6a81e94@group-0E159EE4F99E: changes role from  FOLLOWER to FOLLOWER at term 37 for recognizeCandidate:a8ae9c07-6d89-4a49-a594-cacd4b776180
2019-11-05 08:23:52,181 [grpc-default-executor-4] INFO  impl.RaftServerImpl (RaftServerImpl.java:setRole(184)) - b3bb9051-8089-4c51-a999-81579e5913f2@group-0E159EE4F99E: changes role from  FOLLOWER to FOLLOWER at term 37 for recognizeCandidate:a8ae9c07-6d89-4a49-a594-cacd4b776180
2019-11-05 08:23:52,182 [grpc-default-executor-0] INFO  impl.RoleInfo (RoleInfo.java:shutdownFollowerState(121)) - caafcba9-090a-41f5-a5f9-cba5a6a81e94: shutdown FollowerState
2019-11-05 08:23:52,182 [grpc-default-executor-4] INFO  impl.RoleInfo (RoleInfo.java:shutdownFollowerState(121)) - b3bb9051-8089-4c51-a999-81579e5913f2: shutdown FollowerState
2019-11-05 08:23:52,182 [Thread-829] INFO  impl.FollowerState (FollowerState.java:run(117)) - caafcba9-090a-41f5-a5f9-cba5a6a81e94@group-0E159EE4F99E-FollowerState was interrupted: java.lang.InterruptedException: sleep interrupted
2019-11-05 08:23:52,182 [grpc-default-executor-0] INFO  impl.RoleInfo (RoleInfo.java:updateAndGet(143)) - caafcba9-090a-41f5-a5f9-cba5a6a81e94: start FollowerState
2019-11-05 08:23:52,182 [Thread-830] INFO  impl.FollowerState (FollowerState.java:run(117)) - b3bb9051-8089-4c51-a999-81579e5913f2@group-0E159EE4F99E-FollowerState was interrupted: java.lang.InterruptedException: sleep interrupted
2019-11-05 08:23:52,182 [grpc-default-executor-4] INFO  impl.RoleInfo (RoleInfo.java:updateAndGet(143)) - b3bb9051-8089-4c51-a999-81579e5913f2: start FollowerState
2019-11-05 08:23:52,201 [a8ae9c07-6d89-4a49-a594-cacd4b776180@group-0E159EE4F99E-LeaderElection74] INFO  impl.LeaderElection (LeaderElection.java:logAndReturn(56)) - a8ae9c07-6d89-4a49-a594-cacd4b776180@group-0E159EE4F99E-LeaderElection74: Election REJECTED; received 2 response(s) [a8ae9c07-6d89-4a49-a594-cacd4b776180<-caafcba9-090a-41f5-a5f9-cba5a6a81e94#0:FAIL-t37, a8ae9c07-6d89-4a49-a594-cacd4b776180<-b3bb9051-8089-4c51-a999-81579e5913f2#0:FAIL-t37] and 0 exception(s); a8ae9c07-6d89-4a49-a594-cacd4b776180@group-0E159EE4F99E:t37, leader=null, voted=a8ae9c07-6d89-4a49-a594-cacd4b776180, raftlog=a8ae9c07-6d89-4a49-a594-cacd4b776180@group-0E159EE4F99E-SegmentedRaftLog:OPENED:c-1,f-1,i0, conf=-1: [caafcba9-090a-41f5-a5f9-cba5a6a81e94:192.168.164.217:37197, a8ae9c07-6d89-4a49-a594-cacd4b776180:192.168.164.217:42719, b3bb9051-8089-4c51-a999-81579e5913f2:192.168.164.217:36516], old=null
2019-11-05 08:23:52,201 [a8ae9c07-6d89-4a49-a594-cacd4b776180@group-0E159EE4F99E-LeaderElection74] INFO  impl.RaftServerImpl (RaftServerImpl.java:setRole(184)) - a8ae9c07-6d89-4a49-a594-cacd4b776180@group-0E159EE4F99E: changes role from CANDIDATE to FOLLOWER at term 37 for DISCOVERED_A_NEW_TERM
2019-11-05 08:23:52,201 [a8ae9c07-6d89-4a49-a594-cacd4b776180@group-0E159EE4F99E-LeaderElection74] INFO  impl.RoleInfo (RoleInfo.java:shutdownLeaderElection(134)) - a8ae9c07-6d89-4a49-a594-cacd4b776180: shutdown LeaderElection
2019-11-05 08:23:52,201 [a8ae9c07-6d89-4a49-a594-cacd4b776180@group-0E159EE4F99E-LeaderElection74] INFO  impl.RoleInfo (RoleInfo.java:updateAndGet(143)) - a8ae9c07-6d89-4a49-a594-cacd4b776180: start FollowerState
2019-11-05 08:23:52,241 [Thread-843] INFO  impl.FollowerState (FollowerState.java:run(108)) - a8ae9c07-6d89-4a49-a594-cacd4b776180@group-0E159EE4F99E-FollowerState: change to CANDIDATE, lastRpcTime:39ms, electionTimeout:39ms
2019-11-05 08:23:52,241 [Thread-843] INFO  impl.RoleInfo (RoleInfo.java:shutdownFollowerState(121)) - a8ae9c07-6d89-4a49-a594-cacd4b776180: shutdown FollowerState
2019-11-05 08:23:52,241 [Thread-843] INFO  impl.RaftServerImpl (RaftServerImpl.java:setRole(184)) - a8ae9c07-6d89-4a49-a594-cacd4b776180@group-0E159EE4F99E: changes role from  FOLLOWER to CANDIDATE at term 37 for changeToCandidate
2019-11-05 08:23:52,241 [Thread-843] INFO  impl.RoleInfo (RoleInfo.java:updateAndGet(143)) - a8ae9c07-6d89-4a49-a594-cacd4b776180: start LeaderElection
2019-11-05 08:23:52,256 [a8ae9c07-6d89-4a49-a594-cacd4b776180@group-0E159EE4F99E-LeaderElection75] INFO  impl.LeaderElection (LeaderElection.java:askForVotes(178)) - a8ae9c07-6d89-4a49-a594-cacd4b776180@group-0E159EE4F99E-LeaderElection75: begin an election at term 38 for -1: [caafcba9-090a-41f5-a5f9-cba5a6a81e94:192.168.164.217:37197, a8ae9c07-6d89-4a49-a594-cacd4b776180:192.168.164.217:42719, b3bb9051-8089-4c51-a999-81579e5913f2:192.168.164.217:36516], old=null
2019-11-05 08:23:52,259 [grpc-default-executor-0] INFO  impl.RaftServerImpl (RaftServerImpl.java:setRole(184)) - caafcba9-090a-41f5-a5f9-cba5a6a81e94@group-0E159EE4F99E: changes role from  FOLLOWER to FOLLOWER at term 38 for recognizeCandidate:a8ae9c07-6d89-4a49-a594-cacd4b776180
2019-11-05 08:23:52,259 [grpc-default-executor-0] INFO  impl.RoleInfo (RoleInfo.java:shutdownFollowerState(121)) - caafcba9-090a-41f5-a5f9-cba5a6a81e94: shutdown FollowerState
2019-11-05 08:23:52,259 [grpc-default-executor-4] INFO  impl.RaftServerImpl (RaftServerImpl.java:setRole(184)) - b3bb9051-8089-4c51-a999-81579e5913f2@group-0E159EE4F99E: changes role from  FOLLOWER to FOLLOWER at term 38 for recognizeCandidate:a8ae9c07-6d89-4a49-a594-cacd4b776180
2019-11-05 08:23:52,260 [grpc-default-executor-0] INFO  impl.RoleInfo (RoleInfo.java:updateAndGet(143)) - caafcba9-090a-41f5-a5f9-cba5a6a81e94: start FollowerState
2019-11-05 08:23:52,260 [Thread-841] INFO  impl.FollowerState (FollowerState.java:run(117)) - caafcba9-090a-41f5-a5f9-cba5a6a81e94@group-0E159EE4F99E-FollowerState was interrupted: java.lang.InterruptedException: sleep interrupted
2019-11-05 08:23:52,260 [grpc-default-executor-4] INFO  impl.RoleInfo (RoleInfo.java:shutdownFollowerState(121)) - b3bb9051-8089-4c51-a999-81579e5913f2: shutdown FollowerState
2019-11-05 08:23:52,260 [Thread-842] INFO  impl.FollowerState (FollowerState.java:run(117)) - b3bb9051-8089-4c51-a999-81579e5913f2@group-0E159EE4F99E-FollowerState was interrupted: java.lang.InterruptedException: sleep interrupted
2019-11-05 08:23:52,261 [grpc-default-executor-4] INFO  impl.RoleInfo (RoleInfo.java:updateAndGet(143)) - b3bb9051-8089-4c51-a999-81579e5913f2: start FollowerState
2019-11-05 08:23:52,280 [a8ae9c07-6d89-4a49-a594-cacd4b776180@group-0E159EE4F99E-LeaderElection75] INFO  impl.LeaderElection (LeaderElection.java:logAndReturn(56)) - a8ae9c07-6d89-4a49-a594-cacd4b776180@group-0E159EE4F99E-LeaderElection75: Election REJECTED; received 2 response(s) [a8ae9c07-6d89-4a49-a594-cacd4b776180<-caafcba9-090a-41f5-a5f9-cba5a6a81e94#0:FAIL-t38, a8ae9c07-6d89-4a49-a594-cacd4b776180<-b3bb9051-8089-4c51-a999-81579e5913f2#0:FAIL-t38] and 0 exception(s); a8ae9c07-6d89-4a49-a594-cacd4b776180@group-0E159EE4F99E:t38, leader=null, voted=a8ae9c07-6d89-4a49-a594-cacd4b776180, raftlog=a8ae9c07-6d89-4a49-a594-cacd4b776180@group-0E159EE4F99E-SegmentedRaftLog:OPENED:c-1,f-1,i0, conf=-1: [caafcba9-090a-41f5-a5f9-cba5a6a81e94:192.168.164.217:37197, a8ae9c07-6d89-4a49-a594-cacd4b776180:192.168.164.217:42719, b3bb9051-8089-4c51-a999-81579e5913f2:192.168.164.217:36516], old=null
2019-11-05 08:23:52,280 [a8ae9c07-6d89-4a49-a594-cacd4b776180@group-0E159EE4F99E-LeaderElection75] INFO  impl.RaftServerImpl (RaftServerImpl.java:setRole(184)) - a8ae9c07-6d89-4a49-a594-cacd4b776180@group-0E159EE4F99E: changes role from CANDIDATE to FOLLOWER at term 38 for DISCOVERED_A_NEW_TERM
2019-11-05 08:23:52,280 [a8ae9c07-6d89-4a49-a594-cacd4b776180@group-0E159EE4F99E-LeaderElection75] INFO  impl.RoleInfo (RoleInfo.java:shutdownLeaderElection(134)) - a8ae9c07-6d89-4a49-a594-cacd4b776180: shutdown LeaderElection
2019-11-05 08:23:52,280 [a8ae9c07-6d89-4a49-a594-cacd4b776180@group-0E159EE4F99E-LeaderElection75] INFO  impl.RoleInfo (RoleInfo.java:updateAndGet(143)) - a8ae9c07-6d89-4a49-a594-cacd4b776180: start FollowerState
2019-11-05 08:23:52,298 [Thread-840] INFO  impl.FollowerState (FollowerState.java:run(108)) - 4a682f4f-c3f2-4b77-88b7-f0ab78890feb@group-0DB8C7688BF9-FollowerState: change to CANDIDATE, lastRpcTime:117ms, electionTimeout:117ms
2019-11-05 08:23:52,298 [Thread-840] INFO  impl.RoleInfo (RoleInfo.java:shutdownFollowerState(121)) - 4a682f4f-c3f2-4b77-88b7-f0ab78890feb: shutdown FollowerState
2019-11-05 08:23:52,298 [Thread-840] INFO  impl.RaftServerImpl (RaftServerImpl.java:setRole(184)) - 4a682f4f-c3f2-4b77-88b7-f0ab78890feb@group-0DB8C7688BF9: changes role from  FOLLOWER to CANDIDATE at term 33 for changeToCandidate
2019-11-05 08:23:52,298 [Thread-840] INFO  impl.RoleInfo (RoleInfo.java:updateAndGet(143)) - 4a682f4f-c3f2-4b77-88b7-f0ab78890feb: start LeaderElection
2019-11-05 08:23:52,312 [4a682f4f-c3f2-4b77-88b7-f0ab78890feb@group-0DB8C7688BF9-LeaderElection76] INFO  impl.LeaderElection (LeaderElection.java:askForVotes(178)) - 4a682f4f-c3f2-4b77-88b7-f0ab78890feb@group-0DB8C7688BF9-LeaderElection76: begin an election at term 34 for -1: [77ab65e6-d942-49df-83a3-1d4c0bf152b3:192.168.164.217:39381, 7e1b84a9-a041-44fd-8008-f2679426984c:192.168.164.217:44149, 4a682f4f-c3f2-4b77-88b7-f0ab78890feb:192.168.164.217:34174], old=null
2019-11-05 08:23:52,314 [grpc-default-executor-0] INFO  impl.RaftServerImpl (RaftServerImpl.java:setRole(184)) - 7e1b84a9-a041-44fd-8008-f2679426984c@group-0DB8C7688BF9: changes role from  FOLLOWER to FOLLOWER at term 34 for recognizeCandidate:4a682f4f-c3f2-4b77-88b7-f0ab78890feb
2019-11-05 08:23:52,315 [grpc-default-executor-0] INFO  impl.RoleInfo (RoleInfo.java:shutdownFollowerState(121)) - 7e1b84a9-a041-44fd-8008-f2679426984c: shutdown FollowerState
2019-11-05 08:23:52,314 [grpc-default-executor-4] INFO  impl.RaftServerImpl (RaftServerImpl.java:setRole(184)) - 77ab65e6-d942-49df-83a3-1d4c0bf152b3@group-0DB8C7688BF9: changes role from  FOLLOWER to FOLLOWER at term 34 for recognizeCandidate:4a682f4f-c3f2-4b77-88b7-f0ab78890feb
2019-11-05 08:23:52,315 [Thread-837] INFO  impl.FollowerState (FollowerState.java:run(117)) - 7e1b84a9-a041-44fd-8008-f2679426984c@group-0DB8C7688BF9-FollowerState was interrupted: java.lang.InterruptedException: sleep interrupted
2019-11-05 08:23:52,315 [grpc-default-executor-0] INFO  impl.RoleInfo (RoleInfo.java:updateAndGet(143)) - 7e1b84a9-a041-44fd-8008-f2679426984c: start FollowerState
2019-11-05 08:23:52,315 [grpc-default-executor-4] INFO  impl.RoleInfo (RoleInfo.java:shutdownFollowerState(121)) - 77ab65e6-d942-49df-83a3-1d4c0bf152b3: shutdown FollowerState
2019-11-05 08:23:52,315 [grpc-default-executor-4] INFO  impl.RoleInfo (RoleInfo.java:updateAndGet(143)) - 77ab65e6-d942-49df-83a3-1d4c0bf152b3: start FollowerState
2019-11-05 08:23:52,315 [Thread-836] INFO  impl.FollowerState (FollowerState.java:run(117)) - 77ab65e6-d942-49df-83a3-1d4c0bf152b3@group-0DB8C7688BF9-FollowerState was interrupted: java.lang.InterruptedException: sleep interrupted
2019-11-05 08:23:52,330 [4a682f4f-c3f2-4b77-88b7-f0ab78890feb@group-0DB8C7688BF9-LeaderElection76] INFO  impl.LeaderElection (LeaderElection.java:logAndReturn(56)) - 4a682f4f-c3f2-4b77-88b7-f0ab78890feb@group-0DB8C7688BF9-LeaderElection76: Election REJECTED; received 2 response(s) [4a682f4f-c3f2-4b77-88b7-f0ab78890feb<-77ab65e6-d942-49df-83a3-1d4c0bf152b3#0:FAIL-t34, 4a682f4f-c3f2-4b77-88b7-f0ab78890feb<-7e1b84a9-a041-44fd-8008-f2679426984c#0:FAIL-t34] and 0 exception(s); 4a682f4f-c3f2-4b77-88b7-f0ab78890feb@group-0DB8C7688BF9:t34, leader=null, voted=4a682f4f-c3f2-4b77-88b7-f0ab78890feb, raftlog=4a682f4f-c3f2-4b77-88b7-f0ab78890feb@group-0DB8C7688BF9-SegmentedRaftLog:OPENED:c-1,f-1,i0, conf=-1: [77ab65e6-d942-49df-83a3-1d4c0bf152b3:192.168.164.217:39381, 7e1b84a9-a041-44fd-8008-f2679426984c:192.168.164.217:44149, 4a682f4f-c3f2-4b77-88b7-f0ab78890feb:192.168.164.217:34174], old=null
2019-11-05 08:23:52,330 [4a682f4f-c3f2-4b77-88b7-f0ab78890feb@group-0DB8C7688BF9-LeaderElection76] INFO  impl.RaftServerImpl (RaftServerImpl.java:setRole(184)) - 4a682f4f-c3f2-4b77-88b7-f0ab78890feb@group-0DB8C7688BF9: changes role from CANDIDATE to FOLLOWER at term 34 for DISCOVERED_A_NEW_TERM
2019-11-05 08:23:52,330 [4a682f4f-c3f2-4b77-88b7-f0ab78890feb@group-0DB8C7688BF9-LeaderElection76] INFO  impl.RoleInfo (RoleInfo.java:shutdownLeaderElection(134)) - 4a682f4f-c3f2-4b77-88b7-f0ab78890feb: shutdown LeaderElection
2019-11-05 08:23:52,330 [4a682f4f-c3f2-4b77-88b7-f0ab78890feb@group-0DB8C7688BF9-LeaderElection76] INFO  impl.RoleInfo (RoleInfo.java:updateAndGet(143)) - 4a682f4f-c3f2-4b77-88b7-f0ab78890feb: start FollowerState
2019-11-05 08:23:52,347 [Thread-855] INFO  impl.FollowerState (FollowerState.java:run(108)) - 4a682f4f-c3f2-4b77-88b7-f0ab78890feb@group-0DB8C7688BF9-FollowerState: change to CANDIDATE, lastRpcTime:16ms, electionTimeout:16ms
2019-11-05 08:23:52,347 [Thread-855] INFO  impl.RoleInfo (RoleInfo.java:shutdownFollowerState(121)) - 4a682f4f-c3f2-4b77-88b7-f0ab78890feb: shutdown FollowerState
2019-11-05 08:23:52,347 [Thread-855] INFO  impl.RaftServerImpl (RaftServerImpl.java:setRole(184)) - 4a682f4f-c3f2-4b77-88b7-f0ab78890feb@group-0DB8C7688BF9: changes role from  FOLLOWER to CANDIDATE at term 34 for changeToCandidate
2019-11-05 08:23:52,347 [Thread-855] INFO  impl.RoleInfo (RoleInfo.java:updateAndGet(143)) - 4a682f4f-c3f2-4b77-88b7-f0ab78890feb: start LeaderElection
2019-11-05 08:23:52,360 [4a682f4f-c3f2-4b77-88b7-f0ab78890feb@group-0DB8C7688BF9-LeaderElection77] INFO  impl.LeaderElection (LeaderElection.java:askForVotes(178)) - 4a682f4f-c3f2-4b77-88b7-f0ab78890feb@group-0DB8C7688BF9-LeaderElection77: begin an election at term 35 for -1: [77ab65e6-d942-49df-83a3-1d4c0bf152b3:192.168.164.217:39381, 7e1b84a9-a041-44fd-8008-f2679426984c:192.168.164.217:44149, 4a682f4f-c3f2-4b77-88b7-f0ab78890feb:192.168.164.217:34174], old=null
2019-11-05 08:23:52,362 [grpc-default-executor-4] INFO  impl.RaftServerImpl (RaftServerImpl.java:setRole(184)) - 7e1b84a9-a041-44fd-8008-f2679426984c@group-0DB8C7688BF9: changes role from  FOLLOWER to FOLLOWER at term 35 for recognizeCandidate:4a682f4f-c3f2-4b77-88b7-f0ab78890feb
2019-11-05 08:23:52,362 [grpc-default-executor-0] INFO  impl.RaftServerImpl (RaftServerImpl.java:setRole(184)) - 77ab65e6-d942-49df-83a3-1d4c0bf152b3@group-0DB8C7688BF9: changes role from  FOLLOWER to FOLLOWER at term 35 for recognizeCandidate:4a682f4f-c3f2-4b77-88b7-f0ab78890feb
2019-11-05 08:23:52,362 [grpc-default-executor-4] INFO  impl.RoleInfo (RoleInfo.java:shutdownFollowerState(121)) - 7e1b84a9-a041-44fd-8008-f2679426984c: shutdown FollowerState
2019-11-05 08:23:52,362 [grpc-default-executor-0] INFO  impl.RoleInfo (RoleInfo.java:shutdownFollowerState(121)) - 77ab65e6-d942-49df-83a3-1d4c0bf152b3: shutdown FollowerState
2019-11-05 08:23:52,363 [Thread-853] INFO  impl.FollowerState (FollowerState.java:run(117)) - 7e1b84a9-a041-44fd-8008-f2679426984c@group-0DB8C7688BF9-FollowerState was interrupted: java.lang.InterruptedException: sleep interrupted
2019-11-05 08:23:52,363 [grpc-default-executor-4] INFO  impl.RoleInfo (RoleInfo.java:updateAndGet(143)) - 7e1b84a9-a041-44fd-8008-f2679426984c: start FollowerState
2019-11-05 08:23:52,363 [Thread-854] INFO  impl.FollowerState (FollowerState.java:run(117)) - 77ab65e6-d942-49df-83a3-1d4c0bf152b3@group-0DB8C7688BF9-FollowerState was interrupted: java.lang.InterruptedException: sleep interrupted
2019-11-05 08:23:52,363 [grpc-default-executor-0] INFO  impl.RoleInfo (RoleInfo.java:updateAndGet(143)) - 77ab65e6-d942-49df-83a3-1d4c0bf152b3: start FollowerState
2019-11-05 08:23:52,369 [Thread-849] INFO  impl.FollowerState (FollowerState.java:run(108)) - a8ae9c07-6d89-4a49-a594-cacd4b776180@group-0E159EE4F99E-FollowerState: change to CANDIDATE, lastRpcTime:88ms, electionTimeout:88ms
2019-11-05 08:23:52,369 [Thread-849] INFO  impl.RoleInfo (RoleInfo.java:shutdownFollowerState(121)) - a8ae9c07-6d89-4a49-a594-cacd4b776180: shutdown FollowerState
2019-11-05 08:23:52,369 [Thread-849] INFO  impl.RaftServerImpl (RaftServerImpl.java:setRole(184)) - a8ae9c07-6d89-4a49-a594-cacd4b776180@group-0E159EE4F99E: changes role from  FOLLOWER to CANDIDATE at term 38 for changeToCandidate
2019-11-05 08:23:52,369 [Thread-849] INFO  impl.RoleInfo (RoleInfo.java:updateAndGet(143)) - a8ae9c07-6d89-4a49-a594-cacd4b776180: start LeaderElection
2019-11-05 08:23:52,376 [a8ae9c07-6d89-4a49-a594-cacd4b776180@group-0E159EE4F99E-LeaderElection78] INFO  impl.LeaderElection (LeaderElection.java:askForVotes(178)) - a8ae9c07-6d89-4a49-a594-cacd4b776180@group-0E159EE4F99E-LeaderElection78: begin an election at term 39 for -1: [caafcba9-090a-41f5-a5f9-cba5a6a81e94:192.168.164.217:37197, a8ae9c07-6d89-4a49-a594-cacd4b776180:192.168.164.217:42719, b3bb9051-8089-4c51-a999-81579e5913f2:192.168.164.217:36516], old=null
2019-11-05 08:23:52,377 [4a682f4f-c3f2-4b77-88b7-f0ab78890feb@group-0DB8C7688BF9-LeaderElection77] INFO  impl.LeaderElection (LeaderElection.java:logAndReturn(56)) - 4a682f4f-c3f2-4b77-88b7-f0ab78890feb@group-0DB8C7688BF9-LeaderElection77: Election REJECTED; received 2 response(s) [4a682f4f-c3f2-4b77-88b7-f0ab78890feb<-77ab65e6-d942-49df-83a3-1d4c0bf152b3#0:FAIL-t35, 4a682f4f-c3f2-4b77-88b7-f0ab78890feb<-7e1b84a9-a041-44fd-8008-f2679426984c#0:FAIL-t35] and 0 exception(s); 4a682f4f-c3f2-4b77-88b7-f0ab78890feb@group-0DB8C7688BF9:t35, leader=null, voted=4a682f4f-c3f2-4b77-88b7-f0ab78890feb, raftlog=4a682f4f-c3f2-4b77-88b7-f0ab78890feb@group-0DB8C7688BF9-SegmentedRaftLog:OPENED:c-1,f-1,i0, conf=-1: [77ab65e6-d942-49df-83a3-1d4c0bf152b3:192.168.164.217:39381, 7e1b84a9-a041-44fd-8008-f2679426984c:192.168.164.217:44149, 4a682f4f-c3f2-4b77-88b7-f0ab78890feb:192.168.164.217:34174], old=null
2019-11-05 08:23:52,377 [4a682f4f-c3f2-4b77-88b7-f0ab78890feb@group-0DB8C7688BF9-LeaderElection77] INFO  impl.RaftServerImpl (RaftServerImpl.java:setRole(184)) - 4a682f4f-c3f2-4b77-88b7-f0ab78890feb@group-0DB8C7688BF9: changes role from CANDIDATE to FOLLOWER at term 35 for DISCOVERED_A_NEW_TERM
2019-11-05 08:23:52,377 [4a682f4f-c3f2-4b77-88b7-f0ab78890feb@group-0DB8C7688BF9-LeaderElection77] INFO  impl.RoleInfo (RoleInfo.java:shutdownLeaderElection(134)) - 4a682f4f-c3f2-4b77-88b7-f0ab78890feb: shutdown LeaderElection
2019-11-05 08:23:52,378 [4a682f4f-c3f2-4b77-88b7-f0ab78890feb@group-0DB8C7688BF9-LeaderElection77] INFO  impl.RoleInfo (RoleInfo.java:updateAndGet(143)) - 4a682f4f-c3f2-4b77-88b7-f0ab78890feb: start FollowerState
2019-11-05 08:23:52,378 [grpc-default-executor-4] INFO  impl.RaftServerImpl (RaftServerImpl.java:setRole(184)) - b3bb9051-8089-4c51-a999-81579e5913f2@group-0E159EE4F99E: changes role from  FOLLOWER to FOLLOWER at term 39 for recognizeCandidate:a8ae9c07-6d89-4a49-a594-cacd4b776180
2019-11-05 08:23:52,378 [grpc-default-executor-0] INFO  impl.RaftServerImpl (RaftServerImpl.java:setRole(184)) - caafcba9-090a-41f5-a5f9-cba5a6a81e94@group-0E159EE4F99E: changes role from  FOLLOWER to FOLLOWER at term 39 for recognizeCandidate:a8ae9c07-6d89-4a49-a594-cacd4b776180
2019-11-05 08:23:52,378 [grpc-default-executor-4] INFO  impl.RoleInfo (RoleInfo.java:shutdownFollowerState(121)) - b3bb9051-8089-4c51-a999-81579e5913f2: shutdown FollowerState
2019-11-05 08:23:52,378 [grpc-default-executor-0] INFO  impl.RoleInfo (RoleInfo.java:shutdownFollowerState(121)) - caafcba9-090a-41f5-a5f9-cba5a6a81e94: shutdown FollowerState
2019-11-05 08:23:52,378 [Thread-848] INFO  impl.FollowerState (FollowerState.java:run(117)) - b3bb9051-8089-4c51-a999-81579e5913f2@group-0E159EE4F99E-FollowerState was interrupted: java.lang.InterruptedException: sleep interrupted
2019-11-05 08:23:52,378 [Thread-847] INFO  impl.FollowerState (FollowerState.java:run(117)) - caafcba9-090a-41f5-a5f9-cba5a6a81e94@group-0E159EE4F99E-FollowerState was interrupted: java.lang.InterruptedException: sleep interrupted
2019-11-05 08:23:52,378 [grpc-default-executor-4] INFO  impl.RoleInfo (RoleInfo.java:updateAndGet(143)) - b3bb9051-8089-4c51-a999-81579e5913f2: start FollowerState
2019-11-05 08:23:52,378 [grpc-default-executor-0] INFO  impl.RoleInfo (RoleInfo.java:updateAndGet(143)) - caafcba9-090a-41f5-a5f9-cba5a6a81e94: start FollowerState
2019-11-05 08:23:52,393 [a8ae9c07-6d89-4a49-a594-cacd4b776180@group-0E159EE4F99E-LeaderElection78] INFO  impl.LeaderElection (LeaderElection.java:logAndReturn(56)) - a8ae9c07-6d89-4a49-a594-cacd4b776180@group-0E159EE4F99E-LeaderElection78: Election REJECTED; received 2 response(s) [a8ae9c07-6d89-4a49-a594-cacd4b776180<-caafcba9-090a-41f5-a5f9-cba5a6a81e94#0:FAIL-t39, a8ae9c07-6d89-4a49-a594-cacd4b776180<-b3bb9051-8089-4c51-a999-81579e5913f2#0:FAIL-t39] and 0 exception(s); a8ae9c07-6d89-4a49-a594-cacd4b776180@group-0E159EE4F99E:t39, leader=null, voted=a8ae9c07-6d89-4a49-a594-cacd4b776180, raftlog=a8ae9c07-6d89-4a49-a594-cacd4b776180@group-0E159EE4F99E-SegmentedRaftLog:OPENED:c-1,f-1,i0, conf=-1: [caafcba9-090a-41f5-a5f9-cba5a6a81e94:192.168.164.217:37197, a8ae9c07-6d89-4a49-a594-cacd4b776180:192.168.164.217:42719, b3bb9051-8089-4c51-a999-81579e5913f2:192.168.164.217:36516], old=null
2019-11-05 08:23:52,393 [a8ae9c07-6d89-4a49-a594-cacd4b776180@group-0E159EE4F99E-LeaderElection78] INFO  impl.RaftServerImpl (RaftServerImpl.java:setRole(184)) - a8ae9c07-6d89-4a49-a594-cacd4b776180@group-0E159EE4F99E: changes role from CANDIDATE to FOLLOWER at term 39 for DISCOVERED_A_NEW_TERM
2019-11-05 08:23:52,393 [a8ae9c07-6d89-4a49-a594-cacd4b776180@group-0E159EE4F99E-LeaderElection78] INFO  impl.RoleInfo (RoleInfo.java:shutdownLeaderElection(134)) - a8ae9c07-6d89-4a49-a594-cacd4b776180: shutdown LeaderElection
2019-11-05 08:23:52,394 [a8ae9c07-6d89-4a49-a594-cacd4b776180@group-0E159EE4F99E-LeaderElection78] INFO  impl.RoleInfo (RoleInfo.java:updateAndGet(143)) - a8ae9c07-6d89-4a49-a594-cacd4b776180: start FollowerState
2019-11-05 08:23:52,438 [Thread-864] INFO  impl.FollowerState (FollowerState.java:run(108)) - 4a682f4f-c3f2-4b77-88b7-f0ab78890feb@group-0DB8C7688BF9-FollowerState: change to CANDIDATE, lastRpcTime:60ms, electionTimeout:60ms
2019-11-05 08:23:52,438 [Thread-864] INFO  impl.RoleInfo (RoleInfo.java:shutdownFollowerState(121)) - 4a682f4f-c3f2-4b77-88b7-f0ab78890feb: shutdown FollowerState
2019-11-05 08:23:52,438 [Thread-864] INFO  impl.RaftServerImpl (RaftServerImpl.java:setRole(184)) - 4a682f4f-c3f2-4b77-88b7-f0ab78890feb@group-0DB8C7688BF9: changes role from  FOLLOWER to CANDIDATE at term 35 for changeToCandidate
2019-11-05 08:23:52,438 [Thread-864] INFO  impl.RoleInfo (RoleInfo.java:updateAndGet(143)) - 4a682f4f-c3f2-4b77-88b7-f0ab78890feb: start LeaderElection
2019-11-05 08:23:52,452 [4a682f4f-c3f2-4b77-88b7-f0ab78890feb@group-0DB8C7688BF9-LeaderElection79] INFO  impl.LeaderElection (LeaderElection.java:askForVotes(178)) - 4a682f4f-c3f2-4b77-88b7-f0ab78890feb@group-0DB8C7688BF9-LeaderElection79: begin an election at term 36 for -1: [77ab65e6-d942-49df-83a3-1d4c0bf152b3:192.168.164.217:39381, 7e1b84a9-a041-44fd-8008-f2679426984c:192.168.164.217:44149, 4a682f4f-c3f2-4b77-88b7-f0ab78890feb:192.168.164.217:34174], old=null
2019-11-05 08:23:52,454 [grpc-default-executor-4] INFO  impl.RaftServerImpl (RaftServerImpl.java:setRole(184)) - 77ab65e6-d942-49df-83a3-1d4c0bf152b3@group-0DB8C7688BF9: changes role from  FOLLOWER to FOLLOWER at term 36 for recognizeCandidate:4a682f4f-c3f2-4b77-88b7-f0ab78890feb
2019-11-05 08:23:52,454 [grpc-default-executor-4] INFO  impl.RoleInfo (RoleInfo.java:shutdownFollowerState(121)) - 77ab65e6-d942-49df-83a3-1d4c0bf152b3: shutdown FollowerState
2019-11-05 08:23:52,454 [grpc-default-executor-4] INFO  impl.RoleInfo (RoleInfo.java:updateAndGet(143)) - 77ab65e6-d942-49df-83a3-1d4c0bf152b3: start FollowerState
2019-11-05 08:23:52,454 [grpc-default-executor-0] INFO  impl.RaftServerImpl (RaftServerImpl.java:setRole(184)) - 7e1b84a9-a041-44fd-8008-f2679426984c@group-0DB8C7688BF9: changes role from  FOLLOWER to FOLLOWER at term 36 for recognizeCandidate:4a682f4f-c3f2-4b77-88b7-f0ab78890feb
2019-11-05 08:23:52,454 [Thread-860] INFO  impl.FollowerState (FollowerState.java:run(117)) - 77ab65e6-d942-49df-83a3-1d4c0bf152b3@group-0DB8C7688BF9-FollowerState was interrupted: java.lang.InterruptedException: sleep interrupted
2019-11-05 08:23:52,454 [grpc-default-executor-0] INFO  impl.RoleInfo (RoleInfo.java:shutdownFollowerState(121)) - 7e1b84a9-a041-44fd-8008-f2679426984c: shutdown FollowerState
2019-11-05 08:23:52,455 [grpc-default-executor-0] INFO  impl.RoleInfo (RoleInfo.java:updateAndGet(143)) - 7e1b84a9-a041-44fd-8008-f2679426984c: start FollowerState
2019-11-05 08:23:52,455 [Thread-859] INFO  impl.FollowerState (FollowerState.java:run(117)) - 7e1b84a9-a041-44fd-8008-f2679426984c@group-0DB8C7688BF9-FollowerState was interrupted: java.lang.InterruptedException: sleep interrupted
2019-11-05 08:23:52,475 [4a682f4f-c3f2-4b77-88b7-f0ab78890feb@group-0DB8C7688BF9-LeaderElection79] INFO  impl.LeaderElection (LeaderElection.java:logAndReturn(56)) - 4a682f4f-c3f2-4b77-88b7-f0ab78890feb@group-0DB8C7688BF9-LeaderElection79: Election REJECTED; received 2 response(s) [4a682f4f-c3f2-4b77-88b7-f0ab78890feb<-77ab65e6-d942-49df-83a3-1d4c0bf152b3#0:FAIL-t36, 4a682f4f-c3f2-4b77-88b7-f0ab78890feb<-7e1b84a9-a041-44fd-8008-f2679426984c#0:FAIL-t36] and 0 exception(s); 4a682f4f-c3f2-4b77-88b7-f0ab78890feb@group-0DB8C7688BF9:t36, leader=null, voted=4a682f4f-c3f2-4b77-88b7-f0ab78890feb, raftlog=4a682f4f-c3f2-4b77-88b7-f0ab78890feb@group-0DB8C7688BF9-SegmentedRaftLog:OPENED:c-1,f-1,i0, conf=-1: [77ab65e6-d942-49df-83a3-1d4c0bf152b3:192.168.164.217:39381, 7e1b84a9-a041-44fd-8008-f2679426984c:192.168.164.217:44149, 4a682f4f-c3f2-4b77-88b7-f0ab78890feb:192.168.164.217:34174], old=null
2019-11-05 08:23:52,475 [4a682f4f-c3f2-4b77-88b7-f0ab78890feb@group-0DB8C7688BF9-LeaderElection79] INFO  impl.RaftServerImpl (RaftServerImpl.java:setRole(184)) - 4a682f4f-c3f2-4b77-88b7-f0ab78890feb@group-0DB8C7688BF9: changes role from CANDIDATE to FOLLOWER at term 36 for DISCOVERED_A_NEW_TERM
2019-11-05 08:23:52,475 [4a682f4f-c3f2-4b77-88b7-f0ab78890feb@group-0DB8C7688BF9-LeaderElection79] INFO  impl.RoleInfo (RoleInfo.java:shutdownLeaderElection(134)) - 4a682f4f-c3f2-4b77-88b7-f0ab78890feb: shutdown LeaderElection
2019-11-05 08:23:52,476 [4a682f4f-c3f2-4b77-88b7-f0ab78890feb@group-0DB8C7688BF9-LeaderElection79] INFO  impl.RoleInfo (RoleInfo.java:updateAndGet(143)) - 4a682f4f-c3f2-4b77-88b7-f0ab78890feb: start FollowerState
2019-11-05 08:23:52,494 [Thread-867] INFO  impl.FollowerState (FollowerState.java:run(108)) - a8ae9c07-6d89-4a49-a594-cacd4b776180@group-0E159EE4F99E-FollowerState: change to CANDIDATE, lastRpcTime:100ms, electionTimeout:100ms
2019-11-05 08:23:52,494 [Thread-867] INFO  impl.RoleInfo (RoleInfo.java:shutdownFollowerState(121)) - a8ae9c07-6d89-4a49-a594-cacd4b776180: shutdown FollowerState
2019-11-05 08:23:52,494 [Thread-867] INFO  impl.RaftServerImpl (RaftServerImpl.java:setRole(184)) - a8ae9c07-6d89-4a49-a594-cacd4b776180@group-0E159EE4F99E: changes role from  FOLLOWER to CANDIDATE at term 39 for changeToCandidate
2019-11-05 08:23:52,495 [Thread-867] INFO  impl.RoleInfo (RoleInfo.java:updateAndGet(143)) - a8ae9c07-6d89-4a49-a594-cacd4b776180: start LeaderElection
2019-11-05 08:23:52,514 [a8ae9c07-6d89-4a49-a594-cacd4b776180@group-0E159EE4F99E-LeaderElection80] INFO  impl.LeaderElection (LeaderElection.java:askForVotes(178)) - a8ae9c07-6d89-4a49-a594-cacd4b776180@group-0E159EE4F99E-LeaderElection80: begin an election at term 40 for -1: [caafcba9-090a-41f5-a5f9-cba5a6a81e94:192.168.164.217:37197, a8ae9c07-6d89-4a49-a594-cacd4b776180:192.168.164.217:42719, b3bb9051-8089-4c51-a999-81579e5913f2:192.168.164.217:36516], old=null
2019-11-05 08:23:52,516 [grpc-default-executor-0] INFO  impl.RaftServerImpl (RaftServerImpl.java:setRole(184)) - caafcba9-090a-41f5-a5f9-cba5a6a81e94@group-0E159EE4F99E: changes role from  FOLLOWER to FOLLOWER at term 40 for recognizeCandidate:a8ae9c07-6d89-4a49-a594-cacd4b776180
2019-11-05 08:23:52,516 [grpc-default-executor-4] INFO  impl.RaftServerImpl (RaftServerImpl.java:setRole(184)) - b3bb9051-8089-4c51-a999-81579e5913f2@group-0E159EE4F99E: changes role from  FOLLOWER to FOLLOWER at term 40 for recognizeCandidate:a8ae9c07-6d89-4a49-a594-cacd4b776180
2019-11-05 08:23:52,516 [grpc-default-executor-0] INFO  impl.RoleInfo (RoleInfo.java:shutdownFollowerState(121)) - caafcba9-090a-41f5-a5f9-cba5a6a81e94: shutdown FollowerState
2019-11-05 08:23:52,516 [grpc-default-executor-4] INFO  impl.RoleInfo (RoleInfo.java:shutdownFollowerState(121)) - b3bb9051-8089-4c51-a999-81579e5913f2: shutdown FollowerState
2019-11-05 08:23:52,517 [Thread-866] INFO  impl.FollowerState (FollowerState.java:run(117)) - caafcba9-090a-41f5-a5f9-cba5a6a81e94@group-0E159EE4F99E-FollowerState was interrupted: java.lang.InterruptedException: sleep interrupted
2019-11-05 08:23:52,517 [grpc-default-executor-0] INFO  impl.RoleInfo (RoleInfo.java:updateAndGet(143)) - caafcba9-090a-41f5-a5f9-cba5a6a81e94: start FollowerState
2019-11-05 08:23:52,517 [Thread-865] INFO  impl.FollowerState (FollowerState.java:run(117)) - b3bb9051-8089-4c51-a999-81579e5913f2@group-0E159EE4F99E-FollowerState was interrupted: java.lang.InterruptedException: sleep interrupted
2019-11-05 08:23:52,517 [grpc-default-executor-4] INFO  impl.RoleInfo (RoleInfo.java:updateAndGet(143)) - b3bb9051-8089-4c51-a999-81579e5913f2: start FollowerState
2019-11-05 08:23:52,535 [a8ae9c07-6d89-4a49-a594-cacd4b776180@group-0E159EE4F99E-LeaderElection80] INFO  impl.LeaderElection (LeaderElection.java:logAndReturn(56)) - a8ae9c07-6d89-4a49-a594-cacd4b776180@group-0E159EE4F99E-LeaderElection80: Election REJECTED; received 2 response(s) [a8ae9c07-6d89-4a49-a594-cacd4b776180<-caafcba9-090a-41f5-a5f9-cba5a6a81e94#0:FAIL-t40, a8ae9c07-6d89-4a49-a594-cacd4b776180<-b3bb9051-8089-4c51-a999-81579e5913f2#0:FAIL-t40] and 0 exception(s); a8ae9c07-6d89-4a49-a594-cacd4b776180@group-0E159EE4F99E:t40, leader=null, voted=a8ae9c07-6d89-4a49-a594-cacd4b776180, raftlog=a8ae9c07-6d89-4a49-a594-cacd4b776180@group-0E159EE4F99E-SegmentedRaftLog:OPENED:c-1,f-1,i0, conf=-1: [caafcba9-090a-41f5-a5f9-cba5a6a81e94:192.168.164.217:37197, a8ae9c07-6d89-4a49-a594-cacd4b776180:192.168.164.217:42719, b3bb9051-8089-4c51-a999-81579e5913f2:192.168.164.217:36516], old=null
2019-11-05 08:23:52,536 [a8ae9c07-6d89-4a49-a594-cacd4b776180@group-0E159EE4F99E-LeaderElection80] INFO  impl.RaftServerImpl (RaftServerImpl.java:setRole(184)) - a8ae9c07-6d89-4a49-a594-cacd4b776180@group-0E159EE4F99E: changes role from CANDIDATE to FOLLOWER at term 40 for DISCOVERED_A_NEW_TERM
2019-11-05 08:23:52,536 [a8ae9c07-6d89-4a49-a594-cacd4b776180@group-0E159EE4F99E-LeaderElection80] INFO  impl.RoleInfo (RoleInfo.java:shutdownLeaderElection(134)) - a8ae9c07-6d89-4a49-a594-cacd4b776180: shutdown LeaderElection
2019-11-05 08:23:52,536 [a8ae9c07-6d89-4a49-a594-cacd4b776180@group-0E159EE4F99E-LeaderElection80] INFO  impl.RoleInfo (RoleInfo.java:updateAndGet(143)) - a8ae9c07-6d89-4a49-a594-cacd4b776180: start FollowerState
2019-11-05 08:23:52,602 [Thread-873] INFO  impl.FollowerState (FollowerState.java:run(108)) - 4a682f4f-c3f2-4b77-88b7-f0ab78890feb@group-0DB8C7688BF9-FollowerState: change to CANDIDATE, lastRpcTime:126ms, electionTimeout:126ms
2019-11-05 08:23:52,602 [Thread-873] INFO  impl.RoleInfo (RoleInfo.java:shutdownFollowerState(121)) - 4a682f4f-c3f2-4b77-88b7-f0ab78890feb: shutdown FollowerState
2019-11-05 08:23:52,602 [Thread-873] INFO  impl.RaftServerImpl (RaftServerImpl.java:setRole(184)) - 4a682f4f-c3f2-4b77-88b7-f0ab78890feb@group-0DB8C7688BF9: changes role from  FOLLOWER to CANDIDATE at term 36 for changeToCandidate
2019-11-05 08:23:52,603 [Thread-873] INFO  impl.RoleInfo (RoleInfo.java:updateAndGet(143)) - 4a682f4f-c3f2-4b77-88b7-f0ab78890feb: start LeaderElection
2019-11-05 08:23:52,616 [4a682f4f-c3f2-4b77-88b7-f0ab78890feb@group-0DB8C7688BF9-LeaderElection81] INFO  impl.LeaderElection (LeaderElection.java:askForVotes(178)) - 4a682f4f-c3f2-4b77-88b7-f0ab78890feb@group-0DB8C7688BF9-LeaderElection81: begin an election at term 37 for -1: [77ab65e6-d942-49df-83a3-1d4c0bf152b3:192.168.164.217:39381, 7e1b84a9-a041-44fd-8008-f2679426984c:192.168.164.217:44149, 4a682f4f-c3f2-4b77-88b7-f0ab78890feb:192.168.164.217:34174], old=null
2019-11-05 08:23:52,620 [grpc-default-executor-0] INFO  impl.RaftServerImpl (RaftServerImpl.java:setRole(184)) - 77ab65e6-d942-49df-83a3-1d4c0bf152b3@group-0DB8C7688BF9: changes role from  FOLLOWER to FOLLOWER at term 37 for recognizeCandidate:4a682f4f-c3f2-4b77-88b7-f0ab78890feb
2019-11-05 08:23:52,620 [grpc-default-executor-0] INFO  impl.RoleInfo (RoleInfo.java:shutdownFollowerState(121)) - 77ab65e6-d942-49df-83a3-1d4c0bf152b3: shutdown FollowerState
2019-11-05 08:23:52,620 [grpc-default-executor-0] INFO  impl.RoleInfo (RoleInfo.java:updateAndGet(143)) - 77ab65e6-d942-49df-83a3-1d4c0bf152b3: start FollowerState
2019-11-05 08:23:52,620 [grpc-default-executor-4] INFO  impl.RaftServerImpl (RaftServerImpl.java:setRole(184)) - 7e1b84a9-a041-44fd-8008-f2679426984c@group-0DB8C7688BF9: changes role from  FOLLOWER to FOLLOWER at term 37 for recognizeCandidate:4a682f4f-c3f2-4b77-88b7-f0ab78890feb
2019-11-05 08:23:52,620 [Thread-871] INFO  impl.FollowerState (FollowerState.java:run(117)) - 77ab65e6-d942-49df-83a3-1d4c0bf152b3@group-0DB8C7688BF9-FollowerState was interrupted: java.lang.InterruptedException: sleep interrupted
2019-11-05 08:23:52,621 [grpc-default-executor-4] INFO  impl.RoleInfo (RoleInfo.java:shutdownFollowerState(121)) - 7e1b84a9-a041-44fd-8008-f2679426984c: shutdown FollowerState
2019-11-05 08:23:52,621 [grpc-default-executor-4] INFO  impl.RoleInfo (RoleInfo.java:updateAndGet(143)) - 7e1b84a9-a041-44fd-8008-f2679426984c: start FollowerState
2019-11-05 08:23:52,621 [Thread-872] INFO  impl.FollowerState (FollowerState.java:run(117)) - 7e1b84a9-a041-44fd-8008-f2679426984c@group-0DB8C7688BF9-FollowerState was interrupted: java.lang.InterruptedException: sleep interrupted
2019-11-05 08:23:52,629 [Thread-879] INFO  impl.FollowerState (FollowerState.java:run(108)) - a8ae9c07-6d89-4a49-a594-cacd4b776180@group-0E159EE4F99E-FollowerState: change to CANDIDATE, lastRpcTime:93ms, electionTimeout:93ms
2019-11-05 08:23:52,629 [Thread-879] INFO  impl.RoleInfo (RoleInfo.java:shutdownFollowerState(121)) - a8ae9c07-6d89-4a49-a594-cacd4b776180: shutdown FollowerState
2019-11-05 08:23:52,630 [Thread-879] INFO  impl.RaftServerImpl (RaftServerImpl.java:setRole(184)) - a8ae9c07-6d89-4a49-a594-cacd4b776180@group-0E159EE4F99E: changes role from  FOLLOWER to CANDIDATE at term 40 for changeToCandidate
2019-11-05 08:23:52,630 [Thread-879] INFO  impl.RoleInfo (RoleInfo.java:updateAndGet(143)) - a8ae9c07-6d89-4a49-a594-cacd4b776180: start LeaderElection
2019-11-05 08:23:52,634 [a8ae9c07-6d89-4a49-a594-cacd4b776180@group-0E159EE4F99E-LeaderElection82] INFO  impl.LeaderElection (LeaderElection.java:askForVotes(178)) - a8ae9c07-6d89-4a49-a594-cacd4b776180@group-0E159EE4F99E-LeaderElection82: begin an election at term 41 for -1: [caafcba9-090a-41f5-a5f9-cba5a6a81e94:192.168.164.217:37197, a8ae9c07-6d89-4a49-a594-cacd4b776180:192.168.164.217:42719, b3bb9051-8089-4c51-a999-81579e5913f2:192.168.164.217:36516], old=null
2019-11-05 08:23:52,635 [4a682f4f-c3f2-4b77-88b7-f0ab78890feb@group-0DB8C7688BF9-LeaderElection81] INFO  impl.LeaderElection (LeaderElection.java:logAndReturn(56)) - 4a682f4f-c3f2-4b77-88b7-f0ab78890feb@group-0DB8C7688BF9-LeaderElection81: Election REJECTED; received 2 response(s) [4a682f4f-c3f2-4b77-88b7-f0ab78890feb<-77ab65e6-d942-49df-83a3-1d4c0bf152b3#0:FAIL-t37, 4a682f4f-c3f2-4b77-88b7-f0ab78890feb<-7e1b84a9-a041-44fd-8008-f2679426984c#0:FAIL-t37] and 0 exception(s); 4a682f4f-c3f2-4b77-88b7-f0ab78890feb@group-0DB8C7688BF9:t37, leader=null, voted=4a682f4f-c3f2-4b77-88b7-f0ab78890feb, raftlog=4a682f4f-c3f2-4b77-88b7-f0ab78890feb@group-0DB8C7688BF9-SegmentedRaftLog:OPENED:c-1,f-1,i0, conf=-1: [77ab65e6-d942-49df-83a3-1d4c0bf152b3:192.168.164.217:39381, 7e1b84a9-a041-44fd-8008-f2679426984c:192.168.164.217:44149, 4a682f4f-c3f2-4b77-88b7-f0ab78890feb:192.168.164.217:34174], old=null
2019-11-05 08:23:52,636 [4a682f4f-c3f2-4b77-88b7-f0ab78890feb@group-0DB8C7688BF9-LeaderElection81] INFO  impl.RaftServerImpl (RaftServerImpl.java:setRole(184)) - 4a682f4f-c3f2-4b77-88b7-f0ab78890feb@group-0DB8C7688BF9: changes role from CANDIDATE to FOLLOWER at term 37 for DISCOVERED_A_NEW_TERM
2019-11-05 08:23:52,636 [4a682f4f-c3f2-4b77-88b7-f0ab78890feb@group-0DB8C7688BF9-LeaderElection81] INFO  impl.RoleInfo (RoleInfo.java:shutdownLeaderElection(134)) - 4a682f4f-c3f2-4b77-88b7-f0ab78890feb: shutdown LeaderElection
2019-11-05 08:23:52,636 [4a682f4f-c3f2-4b77-88b7-f0ab78890feb@group-0DB8C7688BF9-LeaderElection81] INFO  impl.RoleInfo (RoleInfo.java:updateAndGet(143)) - 4a682f4f-c3f2-4b77-88b7-f0ab78890feb: start FollowerState
2019-11-05 08:23:52,636 [grpc-default-executor-4] INFO  impl.RaftServerImpl (RaftServerImpl.java:setRole(184)) - caafcba9-090a-41f5-a5f9-cba5a6a81e94@group-0E159EE4F99E: changes role from  FOLLOWER to FOLLOWER at term 41 for recognizeCandidate:a8ae9c07-6d89-4a49-a594-cacd4b776180
2019-11-05 08:23:52,636 [grpc-default-executor-0] INFO  impl.RaftServerImpl (RaftServerImpl.java:setRole(184)) - b3bb9051-8089-4c51-a999-81579e5913f2@group-0E159EE4F99E: changes role from  FOLLOWER to FOLLOWER at term 41 for recognizeCandidate:a8ae9c07-6d89-4a49-a594-cacd4b776180
2019-11-05 08:23:52,637 [grpc-default-executor-4] INFO  impl.RoleInfo (RoleInfo.java:shutdownFollowerState(121)) - caafcba9-090a-41f5-a5f9-cba5a6a81e94: shutdown FollowerState
2019-11-05 08:23:52,637 [grpc-default-executor-0] INFO  impl.RoleInfo (RoleInfo.java:shutdownFollowerState(121)) - b3bb9051-8089-4c51-a999-81579e5913f2: shutdown FollowerState
2019-11-05 08:23:52,637 [Thread-877] INFO  impl.FollowerState (FollowerState.java:run(117)) - caafcba9-090a-41f5-a5f9-cba5a6a81e94@group-0E159EE4F99E-FollowerState was interrupted: java.lang.InterruptedException: sleep interrupted
2019-11-05 08:23:52,637 [grpc-default-executor-4] INFO  impl.RoleInfo (RoleInfo.java:updateAndGet(143)) - caafcba9-090a-41f5-a5f9-cba5a6a81e94: start FollowerState
2019-11-05 08:23:52,637 [Thread-878] INFO  impl.FollowerState (FollowerState.java:run(117)) - b3bb9051-8089-4c51-a999-81579e5913f2@group-0E159EE4F99E-FollowerState was interrupted: java.lang.InterruptedException: sleep interrupted
2019-11-05 08:23:52,637 [grpc-default-executor-0] INFO  impl.RoleInfo (RoleInfo.java:updateAndGet(143)) - b3bb9051-8089-4c51-a999-81579e5913f2: start FollowerState
2019-11-05 08:23:52,653 [a8ae9c07-6d89-4a49-a594-cacd4b776180@group-0E159EE4F99E-LeaderElection82] INFO  impl.LeaderElection (LeaderElection.java:logAndReturn(56)) - a8ae9c07-6d89-4a49-a594-cacd4b776180@group-0E159EE4F99E-LeaderElection82: Election REJECTED; received 2 response(s) [a8ae9c07-6d89-4a49-a594-cacd4b776180<-caafcba9-090a-41f5-a5f9-cba5a6a81e94#0:FAIL-t41, a8ae9c07-6d89-4a49-a594-cacd4b776180<-b3bb9051-8089-4c51-a999-81579e5913f2#0:FAIL-t41] and 0 exception(s); a8ae9c07-6d89-4a49-a594-cacd4b776180@group-0E159EE4F99E:t41, leader=null, voted=a8ae9c07-6d89-4a49-a594-cacd4b776180, raftlog=a8ae9c07-6d89-4a49-a594-cacd4b776180@group-0E159EE4F99E-SegmentedRaftLog:OPENED:c-1,f-1,i0, conf=-1: [caafcba9-090a-41f5-a5f9-cba5a6a81e94:192.168.164.217:37197, a8ae9c07-6d89-4a49-a594-cacd4b776180:192.168.164.217:42719, b3bb9051-8089-4c51-a999-81579e5913f2:192.168.164.217:36516], old=null
2019-11-05 08:23:52,653 [a8ae9c07-6d89-4a49-a594-cacd4b776180@group-0E159EE4F99E-LeaderElection82] INFO  impl.RaftServerImpl (RaftServerImpl.java:setRole(184)) - a8ae9c07-6d89-4a49-a594-cacd4b776180@group-0E159EE4F99E: changes role from CANDIDATE to FOLLOWER at term 41 for DISCOVERED_A_NEW_TERM
2019-11-05 08:23:52,653 [a8ae9c07-6d89-4a49-a594-cacd4b776180@group-0E159EE4F99E-LeaderElection82] INFO  impl.RoleInfo (RoleInfo.java:shutdownLeaderElection(134)) - a8ae9c07-6d89-4a49-a594-cacd4b776180: shutdown LeaderElection
2019-11-05 08:23:52,653 [a8ae9c07-6d89-4a49-a594-cacd4b776180@group-0E159EE4F99E-LeaderElection82] INFO  impl.RoleInfo (RoleInfo.java:updateAndGet(143)) - a8ae9c07-6d89-4a49-a594-cacd4b776180: start FollowerState
2019-11-05 08:23:52,675 [Thread-892] INFO  impl.FollowerState (FollowerState.java:run(108)) - 4a682f4f-c3f2-4b77-88b7-f0ab78890feb@group-0DB8C7688BF9-FollowerState: change to CANDIDATE, lastRpcTime:38ms, electionTimeout:38ms
2019-11-05 08:23:52,675 [Thread-892] INFO  impl.RoleInfo (RoleInfo.java:shutdownFollowerState(121)) - 4a682f4f-c3f2-4b77-88b7-f0ab78890feb: shutdown FollowerState
2019-11-05 08:23:52,675 [Thread-892] INFO  impl.RaftServerImpl (RaftServerImpl.java:setRole(184)) - 4a682f4f-c3f2-4b77-88b7-f0ab78890feb@group-0DB8C7688BF9: changes role from  FOLLOWER to CANDIDATE at term 37 for changeToCandidate
2019-11-05 08:23:52,675 [Thread-892] INFO  impl.RoleInfo (RoleInfo.java:updateAndGet(143)) - 4a682f4f-c3f2-4b77-88b7-f0ab78890feb: start LeaderElection
2019-11-05 08:23:52,689 [4a682f4f-c3f2-4b77-88b7-f0ab78890feb@group-0DB8C7688BF9-LeaderElection83] INFO  impl.LeaderElection (LeaderElection.java:askForVotes(178)) - 4a682f4f-c3f2-4b77-88b7-f0ab78890feb@group-0DB8C7688BF9-LeaderElection83: begin an election at term 38 for -1: [77ab65e6-d942-49df-83a3-1d4c0bf152b3:192.168.164.217:39381, 7e1b84a9-a041-44fd-8008-f2679426984c:192.168.164.217:44149, 4a682f4f-c3f2-4b77-88b7-f0ab78890feb:192.168.164.217:34174], old=null
2019-11-05 08:23:52,691 [grpc-default-executor-4] INFO  impl.RaftServerImpl (RaftServerImpl.java:setRole(184)) - 7e1b84a9-a041-44fd-8008-f2679426984c@group-0DB8C7688BF9: changes role from  FOLLOWER to FOLLOWER at term 38 for recognizeCandidate:4a682f4f-c3f2-4b77-88b7-f0ab78890feb
2019-11-05 08:23:52,691 [grpc-default-executor-0] INFO  impl.RaftServerImpl (RaftServerImpl.java:setRole(184)) - 77ab65e6-d942-49df-83a3-1d4c0bf152b3@group-0DB8C7688BF9: changes role from  FOLLOWER to FOLLOWER at term 38 for recognizeCandidate:4a682f4f-c3f2-4b77-88b7-f0ab78890feb
2019-11-05 08:23:52,691 [grpc-default-executor-4] INFO  impl.RoleInfo (RoleInfo.java:shutdownFollowerState(121)) - 7e1b84a9-a041-44fd-8008-f2679426984c: shutdown FollowerState
2019-11-05 08:23:52,691 [grpc-default-executor-0] INFO  impl.RoleInfo (RoleInfo.java:shutdownFollowerState(121)) - 77ab65e6-d942-49df-83a3-1d4c0bf152b3: shutdown FollowerState
2019-11-05 08:23:52,691 [grpc-default-executor-4] INFO  impl.RoleInfo (RoleInfo.java:updateAndGet(143)) - 7e1b84a9-a041-44fd-8008-f2679426984c: start FollowerState
2019-11-05 08:23:52,691 [Thread-888] INFO  impl.FollowerState (FollowerState.java:run(117)) - 7e1b84a9-a041-44fd-8008-f2679426984c@group-0DB8C7688BF9-FollowerState was interrupted: java.lang.InterruptedException: sleep interrupted
2019-11-05 08:23:52,691 [Thread-887] INFO  impl.FollowerState (FollowerState.java:run(117)) - 77ab65e6-d942-49df-83a3-1d4c0bf152b3@group-0DB8C7688BF9-FollowerState was interrupted: java.lang.InterruptedException: sleep interrupted
2019-11-05 08:23:52,691 [grpc-default-executor-0] INFO  impl.RoleInfo (RoleInfo.java:updateAndGet(143)) - 77ab65e6-d942-49df-83a3-1d4c0bf152b3: start FollowerState
2019-11-05 08:23:52,706 [4a682f4f-c3f2-4b77-88b7-f0ab78890feb@group-0DB8C7688BF9-LeaderElection83] INFO  impl.LeaderElection (LeaderElection.java:logAndReturn(56)) - 4a682f4f-c3f2-4b77-88b7-f0ab78890feb@group-0DB8C7688BF9-LeaderElection83: Election REJECTED; received 2 response(s) [4a682f4f-c3f2-4b77-88b7-f0ab78890feb<-77ab65e6-d942-49df-83a3-1d4c0bf152b3#0:FAIL-t38, 4a682f4f-c3f2-4b77-88b7-f0ab78890feb<-7e1b84a9-a041-44fd-8008-f2679426984c#0:FAIL-t38] and 0 exception(s); 4a682f4f-c3f2-4b77-88b7-f0ab78890feb@group-0DB8C7688BF9:t38, leader=null, voted=4a682f4f-c3f2-4b77-88b7-f0ab78890feb, raftlog=4a682f4f-c3f2-4b77-88b7-f0ab78890feb@group-0DB8C7688BF9-SegmentedRaftLog:OPENED:c-1,f-1,i0, conf=-1: [77ab65e6-d942-49df-83a3-1d4c0bf152b3:192.168.164.217:39381, 7e1b84a9-a041-44fd-8008-f2679426984c:192.168.164.217:44149, 4a682f4f-c3f2-4b77-88b7-f0ab78890feb:192.168.164.217:34174], old=null
2019-11-05 08:23:52,706 [4a682f4f-c3f2-4b77-88b7-f0ab78890feb@group-0DB8C7688BF9-LeaderElection83] INFO  impl.RaftServerImpl (RaftServerImpl.java:setRole(184)) - 4a682f4f-c3f2-4b77-88b7-f0ab78890feb@group-0DB8C7688BF9: changes role from CANDIDATE to FOLLOWER at term 38 for DISCOVERED_A_NEW_TERM
2019-11-05 08:23:52,706 [4a682f4f-c3f2-4b77-88b7-f0ab78890feb@group-0DB8C7688BF9-LeaderElection83] INFO  impl.RoleInfo (RoleInfo.java:shutdownLeaderElection(134)) - 4a682f4f-c3f2-4b77-88b7-f0ab78890feb: shutdown LeaderElection
2019-11-05 08:23:52,706 [4a682f4f-c3f2-4b77-88b7-f0ab78890feb@group-0DB8C7688BF9-LeaderElection83] INFO  impl.RoleInfo (RoleInfo.java:updateAndGet(143)) - 4a682f4f-c3f2-4b77-88b7-f0ab78890feb: start FollowerState
2019-11-05 08:23:52,784 [Thread-901] INFO  impl.FollowerState (FollowerState.java:run(108)) - 4a682f4f-c3f2-4b77-88b7-f0ab78890feb@group-0DB8C7688BF9-FollowerState: change to CANDIDATE, lastRpcTime:77ms, electionTimeout:77ms
2019-11-05 08:23:52,784 [Thread-901] INFO  impl.RoleInfo (RoleInfo.java:shutdownFollowerState(121)) - 4a682f4f-c3f2-4b77-88b7-f0ab78890feb: shutdown FollowerState
2019-11-05 08:23:52,784 [Thread-901] INFO  impl.RaftServerImpl (RaftServerImpl.java:setRole(184)) - 4a682f4f-c3f2-4b77-88b7-f0ab78890feb@group-0DB8C7688BF9: changes role from  FOLLOWER to CANDIDATE at term 38 for changeToCandidate
2019-11-05 08:23:52,784 [Thread-901] INFO  impl.RoleInfo (RoleInfo.java:updateAndGet(143)) - 4a682f4f-c3f2-4b77-88b7-f0ab78890feb: start LeaderElection
2019-11-05 08:23:52,800 [4a682f4f-c3f2-4b77-88b7-f0ab78890feb@group-0DB8C7688BF9-LeaderElection84] INFO  impl.LeaderElection (LeaderElection.java:askForVotes(178)) - 4a682f4f-c3f2-4b77-88b7-f0ab78890feb@group-0DB8C7688BF9-LeaderElection84: begin an election at term 39 for -1: [77ab65e6-d942-49df-83a3-1d4c0bf152b3:192.168.164.217:39381, 7e1b84a9-a041-44fd-8008-f2679426984c:192.168.164.217:44149, 4a682f4f-c3f2-4b77-88b7-f0ab78890feb:192.168.164.217:34174], old=null
2019-11-05 08:23:52,802 [grpc-default-executor-4] INFO  impl.RaftServerImpl (RaftServerImpl.java:setRole(184)) - 77ab65e6-d942-49df-83a3-1d4c0bf152b3@group-0DB8C7688BF9: changes role from  FOLLOWER to FOLLOWER at term 39 for recognizeCandidate:4a682f4f-c3f2-4b77-88b7-f0ab78890feb
2019-11-05 08:23:52,802 [grpc-default-executor-4] INFO  impl.RoleInfo (RoleInfo.java:shutdownFollowerState(121)) - 77ab65e6-d942-49df-83a3-1d4c0bf152b3: shutdown FollowerState
2019-11-05 08:23:52,802 [grpc-default-executor-0] INFO  impl.RaftServerImpl (RaftServerImpl.java:setRole(184)) - 7e1b84a9-a041-44fd-8008-f2679426984c@group-0DB8C7688BF9: changes role from  FOLLOWER to FOLLOWER at term 39 for recognizeCandidate:4a682f4f-c3f2-4b77-88b7-f0ab78890feb
2019-11-05 08:23:52,802 [Thread-900] INFO  impl.FollowerState (FollowerState.java:run(117)) - 77ab65e6-d942-49df-83a3-1d4c0bf152b3@group-0DB8C7688BF9-FollowerState was interrupted: java.lang.InterruptedException: sleep interrupted
2019-11-05 08:23:52,802 [grpc-default-executor-4] INFO  impl.RoleInfo (RoleInfo.java:updateAndGet(143)) - 77ab65e6-d942-49df-83a3-1d4c0bf152b3: start FollowerState
2019-11-05 08:23:52,802 [grpc-default-executor-0] INFO  impl.RoleInfo (RoleInfo.java:shutdownFollowerState(121)) - 7e1b84a9-a041-44fd-8008-f2679426984c: shutdown FollowerState
2019-11-05 08:23:52,803 [grpc-default-executor-0] INFO  impl.RoleInfo (RoleInfo.java:updateAndGet(143)) - 7e1b84a9-a041-44fd-8008-f2679426984c: start FollowerState
2019-11-05 08:23:52,803 [Thread-899] INFO  impl.FollowerState (FollowerState.java:run(117)) - 7e1b84a9-a041-44fd-8008-f2679426984c@group-0DB8C7688BF9-FollowerState was interrupted: java.lang.InterruptedException: sleep interrupted
2019-11-05 08:23:52,811 [Thread-895] INFO  impl.FollowerState (FollowerState.java:run(108)) - a8ae9c07-6d89-4a49-a594-cacd4b776180@group-0E159EE4F99E-FollowerState: change to CANDIDATE, lastRpcTime:157ms, electionTimeout:157ms
2019-11-05 08:23:52,811 [Thread-895] INFO  impl.RoleInfo (RoleInfo.java:shutdownFollowerState(121)) - a8ae9c07-6d89-4a49-a594-cacd4b776180: shutdown FollowerState
2019-11-05 08:23:52,811 [Thread-895] INFO  impl.RaftServerImpl (RaftServerImpl.java:setRole(184)) - a8ae9c07-6d89-4a49-a594-cacd4b776180@group-0E159EE4F99E: changes role from  FOLLOWER to CANDIDATE at term 41 for changeToCandidate
2019-11-05 08:23:52,811 [Thread-895] INFO  impl.RoleInfo (RoleInfo.java:updateAndGet(143)) - a8ae9c07-6d89-4a49-a594-cacd4b776180: start LeaderElection
2019-11-05 08:23:52,817 [a8ae9c07-6d89-4a49-a594-cacd4b776180@group-0E159EE4F99E-LeaderElection85] INFO  impl.LeaderElection (LeaderElection.java:askForVotes(178)) - a8ae9c07-6d89-4a49-a594-cacd4b776180@group-0E159EE4F99E-LeaderElection85: begin an election at term 42 for -1: [caafcba9-090a-41f5-a5f9-cba5a6a81e94:192.168.164.217:37197, a8ae9c07-6d89-4a49-a594-cacd4b776180:192.168.164.217:42719, b3bb9051-8089-4c51-a999-81579e5913f2:192.168.164.217:36516], old=null
2019-11-05 08:23:52,818 [4a682f4f-c3f2-4b77-88b7-f0ab78890feb@group-0DB8C7688BF9-LeaderElection84] INFO  impl.LeaderElection (LeaderElection.java:logAndReturn(56)) - 4a682f4f-c3f2-4b77-88b7-f0ab78890feb@group-0DB8C7688BF9-LeaderElection84: Election REJECTED; received 2 response(s) [4a682f4f-c3f2-4b77-88b7-f0ab78890feb<-77ab65e6-d942-49df-83a3-1d4c0bf152b3#0:FAIL-t39, 4a682f4f-c3f2-4b77-88b7-f0ab78890feb<-7e1b84a9-a041-44fd-8008-f2679426984c#0:FAIL-t39] and 0 exception(s); 4a682f4f-c3f2-4b77-88b7-f0ab78890feb@group-0DB8C7688BF9:t39, leader=null, voted=4a682f4f-c3f2-4b77-88b7-f0ab78890feb, raftlog=4a682f4f-c3f2-4b77-88b7-f0ab78890feb@group-0DB8C7688BF9-SegmentedRaftLog:OPENED:c-1,f-1,i0, conf=-1: [77ab65e6-d942-49df-83a3-1d4c0bf152b3:192.168.164.217:39381, 7e1b84a9-a041-44fd-8008-f2679426984c:192.168.164.217:44149, 4a682f4f-c3f2-4b77-88b7-f0ab78890feb:192.168.164.217:34174], old=null
2019-11-05 08:23:52,818 [4a682f4f-c3f2-4b77-88b7-f0ab78890feb@group-0DB8C7688BF9-LeaderElection84] INFO  impl.RaftServerImpl (RaftServerImpl.java:setRole(184)) - 4a682f4f-c3f2-4b77-88b7-f0ab78890feb@group-0DB8C7688BF9: changes role from CANDIDATE to FOLLOWER at term 39 for DISCOVERED_A_NEW_TERM
2019-11-05 08:23:52,818 [4a682f4f-c3f2-4b77-88b7-f0ab78890feb@group-0DB8C7688BF9-LeaderElection84] INFO  impl.RoleInfo (RoleInfo.java:shutdownLeaderElection(134)) - 4a682f4f-c3f2-4b77-88b7-f0ab78890feb: shutdown LeaderElection
2019-11-05 08:23:52,819 [4a682f4f-c3f2-4b77-88b7-f0ab78890feb@group-0DB8C7688BF9-LeaderElection84] INFO  impl.RoleInfo (RoleInfo.java:updateAndGet(143)) - 4a682f4f-c3f2-4b77-88b7-f0ab78890feb: start FollowerState
2019-11-05 08:23:52,819 [grpc-default-executor-4] INFO  impl.RaftServerImpl (RaftServerImpl.java:setRole(184)) - caafcba9-090a-41f5-a5f9-cba5a6a81e94@group-0E159EE4F99E: changes role from  FOLLOWER to FOLLOWER at term 42 for recognizeCandidate:a8ae9c07-6d89-4a49-a594-cacd4b776180
2019-11-05 08:23:52,819 [grpc-default-executor-0] INFO  impl.RaftServerImpl (RaftServerImpl.java:setRole(184)) - b3bb9051-8089-4c51-a999-81579e5913f2@group-0E159EE4F99E: changes role from  FOLLOWER to FOLLOWER at term 42 for recognizeCandidate:a8ae9c07-6d89-4a49-a594-cacd4b776180
2019-11-05 08:23:52,819 [grpc-default-executor-4] INFO  impl.RoleInfo (RoleInfo.java:shutdownFollowerState(121)) - caafcba9-090a-41f5-a5f9-cba5a6a81e94: shutdown FollowerState
2019-11-05 08:23:52,819 [grpc-default-executor-0] INFO  impl.RoleInfo (RoleInfo.java:shutdownFollowerState(121)) - b3bb9051-8089-4c51-a999-81579e5913f2: shutdown FollowerState
2019-11-05 08:23:52,820 [Thread-893] INFO  impl.FollowerState (FollowerState.java:run(117)) - caafcba9-090a-41f5-a5f9-cba5a6a81e94@group-0E159EE4F99E-FollowerState was interrupted: java.lang.InterruptedException: sleep interrupted
2019-11-05 08:23:52,820 [grpc-default-executor-4] INFO  impl.RoleInfo (RoleInfo.java:updateAndGet(143)) - caafcba9-090a-41f5-a5f9-cba5a6a81e94: start FollowerState
2019-11-05 08:23:52,820 [grpc-default-executor-0] INFO  impl.RoleInfo (RoleInfo.java:updateAndGet(143)) - b3bb9051-8089-4c51-a999-81579e5913f2: start FollowerState
2019-11-05 08:23:52,820 [Thread-894] INFO  impl.FollowerState (FollowerState.java:run(117)) - b3bb9051-8089-4c51-a999-81579e5913f2@group-0E159EE4F99E-FollowerState was interrupted: java.lang.InterruptedException: sleep interrupted
2019-11-05 08:23:52,838 [a8ae9c07-6d89-4a49-a594-cacd4b776180@group-0E159EE4F99E-LeaderElection85] INFO  impl.LeaderElection (LeaderElection.java:logAndReturn(56)) - a8ae9c07-6d89-4a49-a594-cacd4b776180@group-0E159EE4F99E-LeaderElection85: Election REJECTED; received 2 response(s) [a8ae9c07-6d89-4a49-a594-cacd4b776180<-caafcba9-090a-41f5-a5f9-cba5a6a81e94#0:FAIL-t42, a8ae9c07-6d89-4a49-a594-cacd4b776180<-b3bb9051-8089-4c51-a999-81579e5913f2#0:FAIL-t42] and 0 exception(s); a8ae9c07-6d89-4a49-a594-cacd4b776180@group-0E159EE4F99E:t42, leader=null, voted=a8ae9c07-6d89-4a49-a594-cacd4b776180, raftlog=a8ae9c07-6d89-4a49-a594-cacd4b776180@group-0E159EE4F99E-SegmentedRaftLog:OPENED:c-1,f-1,i0, conf=-1: [caafcba9-090a-41f5-a5f9-cba5a6a81e94:192.168.164.217:37197, a8ae9c07-6d89-4a49-a594-cacd4b776180:192.168.164.217:42719, b3bb9051-8089-4c51-a999-81579e5913f2:192.168.164.217:36516], old=null
2019-11-05 08:23:52,838 [a8ae9c07-6d89-4a49-a594-cacd4b776180@group-0E159EE4F99E-LeaderElection85] INFO  impl.RaftServerImpl (RaftServerImpl.java:setRole(184)) - a8ae9c07-6d89-4a49-a594-cacd4b776180@group-0E159EE4F99E: changes role from CANDIDATE to FOLLOWER at term 42 for DISCOVERED_A_NEW_TERM
2019-11-05 08:23:52,838 [a8ae9c07-6d89-4a49-a594-cacd4b776180@group-0E159EE4F99E-LeaderElection85] INFO  impl.RoleInfo (RoleInfo.java:shutdownLeaderElection(134)) - a8ae9c07-6d89-4a49-a594-cacd4b776180: shutdown LeaderElection
2019-11-05 08:23:52,838 [a8ae9c07-6d89-4a49-a594-cacd4b776180@group-0E159EE4F99E-LeaderElection85] INFO  impl.RoleInfo (RoleInfo.java:updateAndGet(143)) - a8ae9c07-6d89-4a49-a594-cacd4b776180: start FollowerState
2019-11-05 08:23:52,861 [Thread-910] INFO  impl.FollowerState (FollowerState.java:run(108)) - 4a682f4f-c3f2-4b77-88b7-f0ab78890feb@group-0DB8C7688BF9-FollowerState: change to CANDIDATE, lastRpcTime:42ms, electionTimeout:42ms
2019-11-05 08:23:52,861 [Thread-910] INFO  impl.RoleInfo (RoleInfo.java:shutdownFollowerState(121)) - 4a682f4f-c3f2-4b77-88b7-f0ab78890feb: shutdown FollowerState
2019-11-05 08:23:52,861 [Thread-910] INFO  impl.RaftServerImpl (RaftServerImpl.java:setRole(184)) - 4a682f4f-c3f2-4b77-88b7-f0ab78890feb@group-0DB8C7688BF9: changes role from  FOLLOWER to CANDIDATE at term 39 for changeToCandidate
2019-11-05 08:23:52,861 [Thread-910] INFO  impl.RoleInfo (RoleInfo.java:updateAndGet(143)) - 4a682f4f-c3f2-4b77-88b7-f0ab78890feb: start LeaderElection
2019-11-05 08:23:52,875 [4a682f4f-c3f2-4b77-88b7-f0ab78890feb@group-0DB8C7688BF9-LeaderElection86] INFO  impl.LeaderElection (LeaderElection.java:askForVotes(178)) - 4a682f4f-c3f2-4b77-88b7-f0ab78890feb@group-0DB8C7688BF9-LeaderElection86: begin an election at term 40 for -1: [77ab65e6-d942-49df-83a3-1d4c0bf152b3:192.168.164.217:39381, 7e1b84a9-a041-44fd-8008-f2679426984c:192.168.164.217:44149, 4a682f4f-c3f2-4b77-88b7-f0ab78890feb:192.168.164.217:34174], old=null
2019-11-05 08:23:52,877 [grpc-default-executor-0] INFO  impl.RaftServerImpl (RaftServerImpl.java:setRole(184)) - 77ab65e6-d942-49df-83a3-1d4c0bf152b3@group-0DB8C7688BF9: changes role from  FOLLOWER to FOLLOWER at term 40 for recognizeCandidate:4a682f4f-c3f2-4b77-88b7-f0ab78890feb
2019-11-05 08:23:52,877 [grpc-default-executor-0] INFO  impl.RoleInfo (RoleInfo.java:shutdownFollowerState(121)) - 77ab65e6-d942-49df-83a3-1d4c0bf152b3: shutdown FollowerState
2019-11-05 08:23:52,878 [grpc-default-executor-0] INFO  impl.RoleInfo (RoleInfo.java:updateAndGet(143)) - 77ab65e6-d942-49df-83a3-1d4c0bf152b3: start FollowerState
2019-11-05 08:23:52,878 [Thread-905] INFO  impl.FollowerState (FollowerState.java:run(117)) - 77ab65e6-d942-49df-83a3-1d4c0bf152b3@group-0DB8C7688BF9-FollowerState was interrupted: java.lang.InterruptedException: sleep interrupted
2019-11-05 08:23:52,878 [grpc-default-executor-4] INFO  impl.RaftServerImpl (RaftServerImpl.java:setRole(184)) - 7e1b84a9-a041-44fd-8008-f2679426984c@group-0DB8C7688BF9: changes role from  FOLLOWER to FOLLOWER at term 40 for recognizeCandidate:4a682f4f-c3f2-4b77-88b7-f0ab78890feb
2019-11-05 08:23:52,878 [grpc-default-executor-4] INFO  impl.RoleInfo (RoleInfo.java:shutdownFollowerState(121)) - 7e1b84a9-a041-44fd-8008-f2679426984c: shutdown FollowerState
2019-11-05 08:23:52,878 [grpc-default-executor-4] INFO  impl.RoleInfo (RoleInfo.java:updateAndGet(143)) - 7e1b84a9-a041-44fd-8008-f2679426984c: start FollowerState
2019-11-05 08:23:52,878 [Thread-906] INFO  impl.FollowerState (FollowerState.java:run(117)) - 7e1b84a9-a041-44fd-8008-f2679426984c@group-0DB8C7688BF9-FollowerState was interrupted: java.lang.InterruptedException: sleep interrupted
2019-11-05 08:23:52,893 [4a682f4f-c3f2-4b77-88b7-f0ab78890feb@group-0DB8C7688BF9-LeaderElection86] INFO  impl.LeaderElection (LeaderElection.java:logAndReturn(56)) - 4a682f4f-c3f2-4b77-88b7-f0ab78890feb@group-0DB8C7688BF9-LeaderElection86: Election REJECTED; received 2 response(s) [4a682f4f-c3f2-4b77-88b7-f0ab78890feb<-77ab65e6-d942-49df-83a3-1d4c0bf152b3#0:FAIL-t40, 4a682f4f-c3f2-4b77-88b7-f0ab78890feb<-7e1b84a9-a041-44fd-8008-f2679426984c#0:FAIL-t40] and 0 exception(s); 4a682f4f-c3f2-4b77-88b7-f0ab78890feb@group-0DB8C7688BF9:t40, leader=null, voted=4a682f4f-c3f2-4b77-88b7-f0ab78890feb, raftlog=4a682f4f-c3f2-4b77-88b7-f0ab78890feb@group-0DB8C7688BF9-SegmentedRaftLog:OPENED:c-1,f-1,i0, conf=-1: [77ab65e6-d942-49df-83a3-1d4c0bf152b3:192.168.164.217:39381, 7e1b84a9-a041-44fd-8008-f2679426984c:192.168.164.217:44149, 4a682f4f-c3f2-4b77-88b7-f0ab78890feb:192.168.164.217:34174], old=null
2019-11-05 08:23:52,893 [4a682f4f-c3f2-4b77-88b7-f0ab78890feb@group-0DB8C7688BF9-LeaderElection86] INFO  impl.RaftServerImpl (RaftServerImpl.java:setRole(184)) - 4a682f4f-c3f2-4b77-88b7-f0ab78890feb@group-0DB8C7688BF9: changes role from CANDIDATE to FOLLOWER at term 40 for DISCOVERED_A_NEW_TERM
2019-11-05 08:23:52,893 [4a682f4f-c3f2-4b77-88b7-f0ab78890feb@group-0DB8C7688BF9-LeaderElection86] INFO  impl.RoleInfo (RoleInfo.java:shutdownLeaderElection(134)) - 4a682f4f-c3f2-4b77-88b7-f0ab78890feb: shutdown LeaderElection
2019-11-05 08:23:52,893 [4a682f4f-c3f2-4b77-88b7-f0ab78890feb@group-0DB8C7688BF9-LeaderElection86] INFO  impl.RoleInfo (RoleInfo.java:updateAndGet(143)) - 4a682f4f-c3f2-4b77-88b7-f0ab78890feb: start FollowerState
2019-11-05 08:23:52,915 [Thread-913] INFO  impl.FollowerState (FollowerState.java:run(108)) - a8ae9c07-6d89-4a49-a594-cacd4b776180@group-0E159EE4F99E-FollowerState: change to CANDIDATE, lastRpcTime:76ms, electionTimeout:76ms
2019-11-05 08:23:52,915 [Thread-913] INFO  impl.RoleInfo (RoleInfo.java:shutdownFollowerState(121)) - a8ae9c07-6d89-4a49-a594-cacd4b776180: shutdown FollowerState
2019-11-05 08:23:52,915 [Thread-913] INFO  impl.RaftServerImpl (RaftServerImpl.java:setRole(184)) - a8ae9c07-6d89-4a49-a594-cacd4b776180@group-0E159EE4F99E: changes role from  FOLLOWER to CANDIDATE at term 42 for changeToCandidate
2019-11-05 08:23:52,915 [Thread-913] INFO  impl.RoleInfo (RoleInfo.java:updateAndGet(143)) - a8ae9c07-6d89-4a49-a594-cacd4b776180: start LeaderElection
2019-11-05 08:23:52,930 [a8ae9c07-6d89-4a49-a594-cacd4b776180@group-0E159EE4F99E-LeaderElection87] INFO  impl.LeaderElection (LeaderElection.java:askForVotes(178)) - a8ae9c07-6d89-4a49-a594-cacd4b776180@group-0E159EE4F99E-LeaderElection87: begin an election at term 43 for -1: [caafcba9-090a-41f5-a5f9-cba5a6a81e94:192.168.164.217:37197, a8ae9c07-6d89-4a49-a594-cacd4b776180:192.168.164.217:42719, b3bb9051-8089-4c51-a999-81579e5913f2:192.168.164.217:36516], old=null
2019-11-05 08:23:52,932 [grpc-default-executor-0] INFO  impl.RaftServerImpl (RaftServerImpl.java:setRole(184)) - b3bb9051-8089-4c51-a999-81579e5913f2@group-0E159EE4F99E: changes role from  FOLLOWER to FOLLOWER at term 43 for recognizeCandidate:a8ae9c07-6d89-4a49-a594-cacd4b776180
2019-11-05 08:23:52,933 [grpc-default-executor-0] INFO  impl.RoleInfo (RoleInfo.java:shutdownFollowerState(121)) - b3bb9051-8089-4c51-a999-81579e5913f2: shutdown FollowerState
2019-11-05 08:23:52,933 [grpc-default-executor-0] INFO  impl.RoleInfo (RoleInfo.java:updateAndGet(143)) - b3bb9051-8089-4c51-a999-81579e5913f2: start FollowerState
2019-11-05 08:23:52,933 [grpc-default-executor-4] INFO  impl.RaftServerImpl (RaftServerImpl.java:setRole(184)) - caafcba9-090a-41f5-a5f9-cba5a6a81e94@group-0E159EE4F99E: changes role from  FOLLOWER to FOLLOWER at term 43 for recognizeCandidate:a8ae9c07-6d89-4a49-a594-cacd4b776180
2019-11-05 08:23:52,933 [Thread-912] INFO  impl.FollowerState (FollowerState.java:run(117)) - b3bb9051-8089-4c51-a999-81579e5913f2@group-0E159EE4F99E-FollowerState was interrupted: java.lang.InterruptedException: sleep interrupted
2019-11-05 08:23:52,933 [grpc-default-executor-4] INFO  impl.RoleInfo (RoleInfo.java:shutdownFollowerState(121)) - caafcba9-090a-41f5-a5f9-cba5a6a81e94: shutdown FollowerState
2019-11-05 08:23:52,933 [grpc-default-executor-4] INFO  impl.RoleInfo (RoleInfo.java:updateAndGet(143)) - caafcba9-090a-41f5-a5f9-cba5a6a81e94: start FollowerState
2019-11-05 08:23:52,934 [Thread-911] INFO  impl.FollowerState (FollowerState.java:run(117)) - caafcba9-090a-41f5-a5f9-cba5a6a81e94@group-0E159EE4F99E-FollowerState was interrupted: java.lang.InterruptedException: sleep interrupted
2019-11-05 08:23:52,953 [a8ae9c07-6d89-4a49-a594-cacd4b776180@group-0E159EE4F99E-LeaderElection87] INFO  impl.LeaderElection (LeaderElection.java:logAndReturn(56)) - a8ae9c07-6d89-4a49-a594-cacd4b776180@group-0E159EE4F99E-LeaderElection87: Election REJECTED; received 2 response(s) [a8ae9c07-6d89-4a49-a594-cacd4b776180<-caafcba9-090a-41f5-a5f9-cba5a6a81e94#0:FAIL-t43, a8ae9c07-6d89-4a49-a594-cacd4b776180<-b3bb9051-8089-4c51-a999-81579e5913f2#0:FAIL-t43] and 0 exception(s); a8ae9c07-6d89-4a49-a594-cacd4b776180@group-0E159EE4F99E:t43, leader=null, voted=a8ae9c07-6d89-4a49-a594-cacd4b776180, raftlog=a8ae9c07-6d89-4a49-a594-cacd4b776180@group-0E159EE4F99E-SegmentedRaftLog:OPENED:c-1,f-1,i0, conf=-1: [caafcba9-090a-41f5-a5f9-cba5a6a81e94:192.168.164.217:37197, a8ae9c07-6d89-4a49-a594-cacd4b776180:192.168.164.217:42719, b3bb9051-8089-4c51-a999-81579e5913f2:192.168.164.217:36516], old=null
2019-11-05 08:23:52,954 [a8ae9c07-6d89-4a49-a594-cacd4b776180@group-0E159EE4F99E-LeaderElection87] INFO  impl.RaftServerImpl (RaftServerImpl.java:setRole(184)) - a8ae9c07-6d89-4a49-a594-cacd4b776180@group-0E159EE4F99E: changes role from CANDIDATE to FOLLOWER at term 43 for DISCOVERED_A_NEW_TERM
2019-11-05 08:23:52,954 [a8ae9c07-6d89-4a49-a594-cacd4b776180@group-0E159EE4F99E-LeaderElection87] INFO  impl.RoleInfo (RoleInfo.java:shutdownLeaderElection(134)) - a8ae9c07-6d89-4a49-a594-cacd4b776180: shutdown LeaderElection
2019-11-05 08:23:52,954 [a8ae9c07-6d89-4a49-a594-cacd4b776180@group-0E159EE4F99E-LeaderElection87] INFO  impl.RoleInfo (RoleInfo.java:updateAndGet(143)) - a8ae9c07-6d89-4a49-a594-cacd4b776180: start FollowerState
2019-11-05 08:23:53,016 [Thread-919] INFO  impl.FollowerState (FollowerState.java:run(108)) - 4a682f4f-c3f2-4b77-88b7-f0ab78890feb@group-0DB8C7688BF9-FollowerState: change to CANDIDATE, lastRpcTime:123ms, electionTimeout:123ms
2019-11-05 08:23:53,017 [Thread-919] INFO  impl.RoleInfo (RoleInfo.java:shutdownFollowerState(121)) - 4a682f4f-c3f2-4b77-88b7-f0ab78890feb: shutdown FollowerState
2019-11-05 08:23:53,017 [Thread-919] INFO  impl.RaftServerImpl (RaftServerImpl.java:setRole(184)) - 4a682f4f-c3f2-4b77-88b7-f0ab78890feb@group-0DB8C7688BF9: changes role from  FOLLOWER to CANDIDATE at term 40 for changeToCandidate
2019-11-05 08:23:53,017 [Thread-919] INFO  impl.RoleInfo (RoleInfo.java:updateAndGet(143)) - 4a682f4f-c3f2-4b77-88b7-f0ab78890feb: start LeaderElection
2019-11-05 08:23:53,032 [4a682f4f-c3f2-4b77-88b7-f0ab78890feb@group-0DB8C7688BF9-LeaderElection88] INFO  impl.LeaderElection (LeaderElection.java:askForVotes(178)) - 4a682f4f-c3f2-4b77-88b7-f0ab78890feb@group-0DB8C7688BF9-LeaderElection88: begin an election at term 41 for -1: [77ab65e6-d942-49df-83a3-1d4c0bf152b3:192.168.164.217:39381, 7e1b84a9-a041-44fd-8008-f2679426984c:192.168.164.217:44149, 4a682f4f-c3f2-4b77-88b7-f0ab78890feb:192.168.164.217:34174], old=null
2019-11-05 08:23:53,034 [grpc-default-executor-4] INFO  impl.RaftServerImpl (RaftServerImpl.java:setRole(184)) - 77ab65e6-d942-49df-83a3-1d4c0bf152b3@group-0DB8C7688BF9: changes role from  FOLLOWER to FOLLOWER at term 41 for recognizeCandidate:4a682f4f-c3f2-4b77-88b7-f0ab78890feb
2019-11-05 08:23:53,034 [grpc-default-executor-0] INFO  impl.RaftServerImpl (RaftServerImpl.java:setRole(184)) - 7e1b84a9-a041-44fd-8008-f2679426984c@group-0DB8C7688BF9: changes role from  FOLLOWER to FOLLOWER at term 41 for recognizeCandidate:4a682f4f-c3f2-4b77-88b7-f0ab78890feb
2019-11-05 08:23:53,034 [grpc-default-executor-4] INFO  impl.RoleInfo (RoleInfo.java:shutdownFollowerState(121)) - 77ab65e6-d942-49df-83a3-1d4c0bf152b3: shutdown FollowerState
2019-11-05 08:23:53,035 [grpc-default-executor-0] INFO  impl.RoleInfo (RoleInfo.java:shutdownFollowerState(121)) - 7e1b84a9-a041-44fd-8008-f2679426984c: shutdown FollowerState
2019-11-05 08:23:53,035 [Thread-917] INFO  impl.FollowerState (FollowerState.java:run(117)) - 77ab65e6-d942-49df-83a3-1d4c0bf152b3@group-0DB8C7688BF9-FollowerState was interrupted: java.lang.InterruptedException: sleep interrupted
2019-11-05 08:23:53,035 [grpc-default-executor-4] INFO  impl.RoleInfo (RoleInfo.java:updateAndGet(143)) - 77ab65e6-d942-49df-83a3-1d4c0bf152b3: start FollowerState
2019-11-05 08:23:53,035 [grpc-default-executor-0] INFO  impl.RoleInfo (RoleInfo.java:updateAndGet(143)) - 7e1b84a9-a041-44fd-8008-f2679426984c: start FollowerState
2019-11-05 08:23:53,035 [Thread-918] INFO  impl.FollowerState (FollowerState.java:run(117)) - 7e1b84a9-a041-44fd-8008-f2679426984c@group-0DB8C7688BF9-FollowerState was interrupted: java.lang.InterruptedException: sleep interrupted
2019-11-05 08:23:53,050 [4a682f4f-c3f2-4b77-88b7-f0ab78890feb@group-0DB8C7688BF9-LeaderElection88] INFO  impl.LeaderElection (LeaderElection.java:logAndReturn(56)) - 4a682f4f-c3f2-4b77-88b7-f0ab78890feb@group-0DB8C7688BF9-LeaderElection88: Election REJECTED; received 2 response(s) [4a682f4f-c3f2-4b77-88b7-f0ab78890feb<-77ab65e6-d942-49df-83a3-1d4c0bf152b3#0:FAIL-t41, 4a682f4f-c3f2-4b77-88b7-f0ab78890feb<-7e1b84a9-a041-44fd-8008-f2679426984c#0:FAIL-t41] and 0 exception(s); 4a682f4f-c3f2-4b77-88b7-f0ab78890feb@group-0DB8C7688BF9:t41, leader=null, voted=4a682f4f-c3f2-4b77-88b7-f0ab78890feb, raftlog=4a682f4f-c3f2-4b77-88b7-f0ab78890feb@group-0DB8C7688BF9-SegmentedRaftLog:OPENED:c-1,f-1,i0, conf=-1: [77ab65e6-d942-49df-83a3-1d4c0bf152b3:192.168.164.217:39381, 7e1b84a9-a041-44fd-8008-f2679426984c:192.168.164.217:44149, 4a682f4f-c3f2-4b77-88b7-f0ab78890feb:192.168.164.217:34174], old=null
2019-11-05 08:23:53,051 [4a682f4f-c3f2-4b77-88b7-f0ab78890feb@group-0DB8C7688BF9-LeaderElection88] INFO  impl.RaftServerImpl (RaftServerImpl.java:setRole(184)) - 4a682f4f-c3f2-4b77-88b7-f0ab78890feb@group-0DB8C7688BF9: changes role from CANDIDATE to FOLLOWER at term 41 for DISCOVERED_A_NEW_TERM
2019-11-05 08:23:53,051 [4a682f4f-c3f2-4b77-88b7-f0ab78890feb@group-0DB8C7688BF9-LeaderElection88] INFO  impl.RoleInfo (RoleInfo.java:shutdownLeaderElection(134)) - 4a682f4f-c3f2-4b77-88b7-f0ab78890feb: shutdown LeaderElection
2019-11-05 08:23:53,051 [4a682f4f-c3f2-4b77-88b7-f0ab78890feb@group-0DB8C7688BF9-LeaderElection88] INFO  impl.RoleInfo (RoleInfo.java:updateAndGet(143)) - 4a682f4f-c3f2-4b77-88b7-f0ab78890feb: start FollowerState
2019-11-05 08:23:53,110 [Thread-925] INFO  impl.FollowerState (FollowerState.java:run(108)) - a8ae9c07-6d89-4a49-a594-cacd4b776180@group-0E159EE4F99E-FollowerState: change to CANDIDATE, lastRpcTime:155ms, electionTimeout:155ms
2019-11-05 08:23:53,110 [Thread-925] INFO  impl.RoleInfo (RoleInfo.java:shutdownFollowerState(121)) - a8ae9c07-6d89-4a49-a594-cacd4b776180: shutdown FollowerState
2019-11-05 08:23:53,110 [Thread-925] INFO  impl.RaftServerImpl (RaftServerImpl.java:setRole(184)) - a8ae9c07-6d89-4a49-a594-cacd4b776180@group-0E159EE4F99E: changes role from  FOLLOWER to CANDIDATE at term 43 for changeToCandidate
2019-11-05 08:23:53,110 [Thread-925] INFO  impl.RoleInfo (RoleInfo.java:updateAndGet(143)) - a8ae9c07-6d89-4a49-a594-cacd4b776180: start LeaderElection
2019-11-05 08:23:53,124 [a8ae9c07-6d89-4a49-a594-cacd4b776180@group-0E159EE4F99E-LeaderElection89] INFO  impl.LeaderElection (LeaderElection.java:askForVotes(178)) - a8ae9c07-6d89-4a49-a594-cacd4b776180@group-0E159EE4F99E-LeaderElection89: begin an election at term 44 for -1: [caafcba9-090a-41f5-a5f9-cba5a6a81e94:192.168.164.217:37197, a8ae9c07-6d89-4a49-a594-cacd4b776180:192.168.164.217:42719, b3bb9051-8089-4c51-a999-81579e5913f2:192.168.164.217:36516], old=null
2019-11-05 08:23:53,126 [grpc-default-executor-0] INFO  impl.RaftServerImpl (RaftServerImpl.java:setRole(184)) - caafcba9-090a-41f5-a5f9-cba5a6a81e94@group-0E159EE4F99E: changes role from  FOLLOWER to FOLLOWER at term 44 for recognizeCandidate:a8ae9c07-6d89-4a49-a594-cacd4b776180
2019-11-05 08:23:53,126 [grpc-default-executor-4] INFO  impl.RaftServerImpl (RaftServerImpl.java:setRole(184)) - b3bb9051-8089-4c51-a999-81579e5913f2@group-0E159EE4F99E: changes role from  FOLLOWER to FOLLOWER at term 44 for recognizeCandidate:a8ae9c07-6d89-4a49-a594-cacd4b776180
2019-11-05 08:23:53,126 [grpc-default-executor-0] INFO  impl.RoleInfo (RoleInfo.java:shutdownFollowerState(121)) - caafcba9-090a-41f5-a5f9-cba5a6a81e94: shutdown FollowerState
2019-11-05 08:23:53,126 [grpc-default-executor-4] INFO  impl.RoleInfo (RoleInfo.java:shutdownFollowerState(121)) - b3bb9051-8089-4c51-a999-81579e5913f2: shutdown FollowerState
2019-11-05 08:23:53,127 [Thread-924] INFO  impl.FollowerState (FollowerState.java:run(117)) - caafcba9-090a-41f5-a5f9-cba5a6a81e94@group-0E159EE4F99E-FollowerState was interrupted: java.lang.InterruptedException: sleep interrupted
2019-11-05 08:23:53,127 [grpc-default-executor-0] INFO  impl.RoleInfo (RoleInfo.java:updateAndGet(143)) - caafcba9-090a-41f5-a5f9-cba5a6a81e94: start FollowerState
2019-11-05 08:23:53,127 [Thread-923] INFO  impl.FollowerState (FollowerState.java:run(117)) - b3bb9051-8089-4c51-a999-81579e5913f2@group-0E159EE4F99E-FollowerState was interrupted: java.lang.InterruptedException: sleep interrupted
2019-11-05 08:23:53,127 [grpc-default-executor-4] INFO  impl.RoleInfo (RoleInfo.java:updateAndGet(143)) - b3bb9051-8089-4c51-a999-81579e5913f2: start FollowerState
2019-11-05 08:23:53,145 [a8ae9c07-6d89-4a49-a594-cacd4b776180@group-0E159EE4F99E-LeaderElection89] INFO  impl.LeaderElection (LeaderElection.java:logAndReturn(56)) - a8ae9c07-6d89-4a49-a594-cacd4b776180@group-0E159EE4F99E-LeaderElection89: Election REJECTED; received 2 response(s) [a8ae9c07-6d89-4a49-a594-cacd4b776180<-caafcba9-090a-41f5-a5f9-cba5a6a81e94#0:FAIL-t44, a8ae9c07-6d89-4a49-a594-cacd4b776180<-b3bb9051-8089-4c51-a999-81579e5913f2#0:FAIL-t44] and 0 exception(s); a8ae9c07-6d89-4a49-a594-cacd4b776180@group-0E159EE4F99E:t44, leader=null, voted=a8ae9c07-6d89-4a49-a594-cacd4b776180, raftlog=a8ae9c07-6d89-4a49-a594-cacd4b776180@group-0E159EE4F99E-SegmentedRaftLog:OPENED:c-1,f-1,i0, conf=-1: [caafcba9-090a-41f5-a5f9-cba5a6a81e94:192.168.164.217:37197, a8ae9c07-6d89-4a49-a594-cacd4b776180:192.168.164.217:42719, b3bb9051-8089-4c51-a999-81579e5913f2:192.168.164.217:36516], old=null
2019-11-05 08:23:53,145 [a8ae9c07-6d89-4a49-a594-cacd4b776180@group-0E159EE4F99E-LeaderElection89] INFO  impl.RaftServerImpl (RaftServerImpl.java:setRole(184)) - a8ae9c07-6d89-4a49-a594-cacd4b776180@group-0E159EE4F99E: changes role from CANDIDATE to FOLLOWER at term 44 for DISCOVERED_A_NEW_TERM
2019-11-05 08:23:53,145 [a8ae9c07-6d89-4a49-a594-cacd4b776180@group-0E159EE4F99E-LeaderElection89] INFO  impl.RoleInfo (RoleInfo.java:shutdownLeaderElection(134)) - a8ae9c07-6d89-4a49-a594-cacd4b776180: shutdown LeaderElection
2019-11-05 08:23:53,145 [a8ae9c07-6d89-4a49-a594-cacd4b776180@group-0E159EE4F99E-LeaderElection89] INFO  impl.RoleInfo (RoleInfo.java:updateAndGet(143)) - a8ae9c07-6d89-4a49-a594-cacd4b776180: start FollowerState
2019-11-05 08:23:53,175 [Thread-939] INFO  impl.FollowerState (FollowerState.java:run(108)) - a8ae9c07-6d89-4a49-a594-cacd4b776180@group-0E159EE4F99E-FollowerState: change to CANDIDATE, lastRpcTime:29ms, electionTimeout:29ms
2019-11-05 08:23:53,175 [Thread-939] INFO  impl.RoleInfo (RoleInfo.java:shutdownFollowerState(121)) - a8ae9c07-6d89-4a49-a594-cacd4b776180: shutdown FollowerState
2019-11-05 08:23:53,175 [Thread-939] INFO  impl.RaftServerImpl (RaftServerImpl.java:setRole(184)) - a8ae9c07-6d89-4a49-a594-cacd4b776180@group-0E159EE4F99E: changes role from  FOLLOWER to CANDIDATE at term 44 for changeToCandidate
2019-11-05 08:23:53,175 [Thread-939] INFO  impl.RoleInfo (RoleInfo.java:updateAndGet(143)) - a8ae9c07-6d89-4a49-a594-cacd4b776180: start LeaderElection
2019-11-05 08:23:53,188 [a8ae9c07-6d89-4a49-a594-cacd4b776180@group-0E159EE4F99E-LeaderElection90] INFO  impl.LeaderElection (LeaderElection.java:askForVotes(178)) - a8ae9c07-6d89-4a49-a594-cacd4b776180@group-0E159EE4F99E-LeaderElection90: begin an election at term 45 for -1: [caafcba9-090a-41f5-a5f9-cba5a6a81e94:192.168.164.217:37197, a8ae9c07-6d89-4a49-a594-cacd4b776180:192.168.164.217:42719, b3bb9051-8089-4c51-a999-81579e5913f2:192.168.164.217:36516], old=null
2019-11-05 08:23:53,190 [grpc-default-executor-4] INFO  impl.RaftServerImpl (RaftServerImpl.java:setRole(184)) - caafcba9-090a-41f5-a5f9-cba5a6a81e94@group-0E159EE4F99E: changes role from  FOLLOWER to FOLLOWER at term 45 for recognizeCandidate:a8ae9c07-6d89-4a49-a594-cacd4b776180
2019-11-05 08:23:53,190 [grpc-default-executor-0] INFO  impl.RaftServerImpl (RaftServerImpl.java:setRole(184)) - b3bb9051-8089-4c51-a999-81579e5913f2@group-0E159EE4F99E: changes role from  FOLLOWER to FOLLOWER at term 45 for recognizeCandidate:a8ae9c07-6d89-4a49-a594-cacd4b776180
2019-11-05 08:23:53,190 [grpc-default-executor-4] INFO  impl.RoleInfo (RoleInfo.java:shutdownFollowerState(121)) - caafcba9-090a-41f5-a5f9-cba5a6a81e94: shutdown FollowerState
2019-11-05 08:23:53,190 [grpc-default-executor-0] INFO  impl.RoleInfo (RoleInfo.java:shutdownFollowerState(121)) - b3bb9051-8089-4c51-a999-81579e5913f2: shutdown FollowerState
2019-11-05 08:23:53,191 [grpc-default-executor-4] INFO  impl.RoleInfo (RoleInfo.java:updateAndGet(143)) - caafcba9-090a-41f5-a5f9-cba5a6a81e94: start FollowerState
2019-11-05 08:23:53,191 [grpc-default-executor-0] INFO  impl.RoleInfo (RoleInfo.java:updateAndGet(143)) - b3bb9051-8089-4c51-a999-81579e5913f2: start FollowerState
2019-11-05 08:23:53,191 [Thread-937] INFO  impl.FollowerState (FollowerState.java:run(117)) - caafcba9-090a-41f5-a5f9-cba5a6a81e94@group-0E159EE4F99E-FollowerState was interrupted: java.lang.InterruptedException: sleep interrupted
2019-11-05 08:23:53,191 [Thread-938] INFO  impl.FollowerState (FollowerState.java:run(117)) - b3bb9051-8089-4c51-a999-81579e5913f2@group-0E159EE4F99E-FollowerState was interrupted: java.lang.InterruptedException: sleep interrupted
2019-11-05 08:23:53,206 [a8ae9c07-6d89-4a49-a594-cacd4b776180@group-0E159EE4F99E-LeaderElection90] INFO  impl.LeaderElection (LeaderElection.java:logAndReturn(56)) - a8ae9c07-6d89-4a49-a594-cacd4b776180@group-0E159EE4F99E-LeaderElection90: Election REJECTED; received 2 response(s) [a8ae9c07-6d89-4a49-a594-cacd4b776180<-caafcba9-090a-41f5-a5f9-cba5a6a81e94#0:FAIL-t45, a8ae9c07-6d89-4a49-a594-cacd4b776180<-b3bb9051-8089-4c51-a999-81579e5913f2#0:FAIL-t45] and 0 exception(s); a8ae9c07-6d89-4a49-a594-cacd4b776180@group-0E159EE4F99E:t45, leader=null, voted=a8ae9c07-6d89-4a49-a594-cacd4b776180, raftlog=a8ae9c07-6d89-4a49-a594-cacd4b776180@group-0E159EE4F99E-SegmentedRaftLog:OPENED:c-1,f-1,i0, conf=-1: [caafcba9-090a-41f5-a5f9-cba5a6a81e94:192.168.164.217:37197, a8ae9c07-6d89-4a49-a594-cacd4b776180:192.168.164.217:42719, b3bb9051-8089-4c51-a999-81579e5913f2:192.168.164.217:36516], old=null
2019-11-05 08:23:53,206 [a8ae9c07-6d89-4a49-a594-cacd4b776180@group-0E159EE4F99E-LeaderElection90] INFO  impl.RaftServerImpl (RaftServerImpl.java:setRole(184)) - a8ae9c07-6d89-4a49-a594-cacd4b776180@group-0E159EE4F99E: changes role from CANDIDATE to FOLLOWER at term 45 for DISCOVERED_A_NEW_TERM
2019-11-05 08:23:53,206 [a8ae9c07-6d89-4a49-a594-cacd4b776180@group-0E159EE4F99E-LeaderElection90] INFO  impl.RoleInfo (RoleInfo.java:shutdownLeaderElection(134)) - a8ae9c07-6d89-4a49-a594-cacd4b776180: shutdown LeaderElection
2019-11-05 08:23:53,206 [a8ae9c07-6d89-4a49-a594-cacd4b776180@group-0E159EE4F99E-LeaderElection90] INFO  impl.RoleInfo (RoleInfo.java:updateAndGet(143)) - a8ae9c07-6d89-4a49-a594-cacd4b776180: start FollowerState
2019-11-05 08:23:53,209 [Thread-932] INFO  impl.FollowerState (FollowerState.java:run(108)) - 4a682f4f-c3f2-4b77-88b7-f0ab78890feb@group-0DB8C7688BF9-FollowerState: change to CANDIDATE, lastRpcTime:158ms, electionTimeout:158ms
2019-11-05 08:23:53,209 [Thread-932] INFO  impl.RoleInfo (RoleInfo.java:shutdownFollowerState(121)) - 4a682f4f-c3f2-4b77-88b7-f0ab78890feb: shutdown FollowerState
2019-11-05 08:23:53,209 [Thread-932] INFO  impl.RaftServerImpl (RaftServerImpl.java:setRole(184)) - 4a682f4f-c3f2-4b77-88b7-f0ab78890feb@group-0DB8C7688BF9: changes role from  FOLLOWER to CANDIDATE at term 41 for changeToCandidate
2019-11-05 08:23:53,210 [Thread-932] INFO  impl.RoleInfo (RoleInfo.java:updateAndGet(143)) - 4a682f4f-c3f2-4b77-88b7-f0ab78890feb: start LeaderElection
2019-11-05 08:23:53,226 [4a682f4f-c3f2-4b77-88b7-f0ab78890feb@group-0DB8C7688BF9-LeaderElection91] INFO  impl.LeaderElection (LeaderElection.java:askForVotes(178)) - 4a682f4f-c3f2-4b77-88b7-f0ab78890feb@group-0DB8C7688BF9-LeaderElection91: begin an election at term 42 for -1: [77ab65e6-d942-49df-83a3-1d4c0bf152b3:192.168.164.217:39381, 7e1b84a9-a041-44fd-8008-f2679426984c:192.168.164.217:44149, 4a682f4f-c3f2-4b77-88b7-f0ab78890feb:192.168.164.217:34174], old=null
2019-11-05 08:23:53,227 [grpc-default-executor-4] INFO  impl.RaftServerImpl (RaftServerImpl.java:setRole(184)) - 77ab65e6-d942-49df-83a3-1d4c0bf152b3@group-0DB8C7688BF9: changes role from  FOLLOWER to FOLLOWER at term 42 for recognizeCandidate:4a682f4f-c3f2-4b77-88b7-f0ab78890feb
2019-11-05 08:23:53,227 [grpc-default-executor-4] INFO  impl.RoleInfo (RoleInfo.java:shutdownFollowerState(121)) - 77ab65e6-d942-49df-83a3-1d4c0bf152b3: shutdown FollowerState
2019-11-05 08:23:53,227 [grpc-default-executor-0] INFO  impl.RaftServerImpl (RaftServerImpl.java:setRole(184)) - 7e1b84a9-a041-44fd-8008-f2679426984c@group-0DB8C7688BF9: changes role from  FOLLOWER to FOLLOWER at term 42 for recognizeCandidate:4a682f4f-c3f2-4b77-88b7-f0ab78890feb
2019-11-05 08:23:53,228 [grpc-default-executor-0] INFO  impl.RoleInfo (RoleInfo.java:shutdownFollowerState(121)) - 7e1b84a9-a041-44fd-8008-f2679426984c: shutdown FollowerState
2019-11-05 08:23:53,228 [Thread-929] INFO  impl.FollowerState (FollowerState.java:run(117)) - 77ab65e6-d942-49df-83a3-1d4c0bf152b3@group-0DB8C7688BF9-FollowerState was interrupted: java.lang.InterruptedException: sleep interrupted
2019-11-05 08:23:53,228 [Thread-930] INFO  impl.FollowerState (FollowerState.java:run(117)) - 7e1b84a9-a041-44fd-8008-f2679426984c@group-0DB8C7688BF9-FollowerState was interrupted: java.lang.InterruptedException: sleep interrupted
2019-11-05 08:23:53,228 [grpc-default-executor-4] INFO  impl.RoleInfo (RoleInfo.java:updateAndGet(143)) - 77ab65e6-d942-49df-83a3-1d4c0bf152b3: start FollowerState
2019-11-05 08:23:53,228 [grpc-default-executor-0] INFO  impl.RoleInfo (RoleInfo.java:updateAndGet(143)) - 7e1b84a9-a041-44fd-8008-f2679426984c: start FollowerState
2019-11-05 08:23:53,237 [4a682f4f-c3f2-4b77-88b7-f0ab78890feb@group-0DB8C7688BF9-LeaderElection91] INFO  impl.LeaderElection (LeaderElection.java:logAndReturn(56)) - 4a682f4f-c3f2-4b77-88b7-f0ab78890feb@group-0DB8C7688BF9-LeaderElection91: Election REJECTED; received 2 response(s) [4a682f4f-c3f2-4b77-88b7-f0ab78890feb<-77ab65e6-d942-49df-83a3-1d4c0bf152b3#0:FAIL-t42, 4a682f4f-c3f2-4b77-88b7-f0ab78890feb<-7e1b84a9-a041-44fd-8008-f2679426984c#0:FAIL-t42] and 0 exception(s); 4a682f4f-c3f2-4b77-88b7-f0ab78890feb@group-0DB8C7688BF9:t42, leader=null, voted=4a682f4f-c3f2-4b77-88b7-f0ab78890feb, raftlog=4a682f4f-c3f2-4b77-88b7-f0ab78890feb@group-0DB8C7688BF9-SegmentedRaftLog:OPENED:c-1,f-1,i0, conf=-1: [77ab65e6-d942-49df-83a3-1d4c0bf152b3:192.168.164.217:39381, 7e1b84a9-a041-44fd-8008-f2679426984c:192.168.164.217:44149, 4a682f4f-c3f2-4b77-88b7-f0ab78890feb:192.168.164.217:34174], old=null
2019-11-05 08:23:53,237 [4a682f4f-c3f2-4b77-88b7-f0ab78890feb@group-0DB8C7688BF9-LeaderElection91] INFO  impl.RaftServerImpl (RaftServerImpl.java:setRole(184)) - 4a682f4f-c3f2-4b77-88b7-f0ab78890feb@group-0DB8C7688BF9: changes role from CANDIDATE to FOLLOWER at term 42 for DISCOVERED_A_NEW_TERM
2019-11-05 08:23:53,237 [4a682f4f-c3f2-4b77-88b7-f0ab78890feb@group-0DB8C7688BF9-LeaderElection91] INFO  impl.RoleInfo (RoleInfo.java:shutdownLeaderElection(134)) - 4a682f4f-c3f2-4b77-88b7-f0ab78890feb: shutdown LeaderElection
2019-11-05 08:23:53,237 [4a682f4f-c3f2-4b77-88b7-f0ab78890feb@group-0DB8C7688BF9-LeaderElection91] INFO  impl.RoleInfo (RoleInfo.java:updateAndGet(143)) - 4a682f4f-c3f2-4b77-88b7-f0ab78890feb: start FollowerState
2019-11-05 08:23:53,353 [Thread-945] INFO  impl.FollowerState (FollowerState.java:run(108)) - a8ae9c07-6d89-4a49-a594-cacd4b776180@group-0E159EE4F99E-FollowerState: change to CANDIDATE, lastRpcTime:147ms, electionTimeout:147ms
2019-11-05 08:23:53,354 [Thread-945] INFO  impl.RoleInfo (RoleInfo.java:shutdownFollowerState(121)) - a8ae9c07-6d89-4a49-a594-cacd4b776180: shutdown FollowerState
2019-11-05 08:23:53,354 [Thread-945] INFO  impl.RaftServerImpl (RaftServerImpl.java:setRole(184)) - a8ae9c07-6d89-4a49-a594-cacd4b776180@group-0E159EE4F99E: changes role from  FOLLOWER to CANDIDATE at term 45 for changeToCandidate
2019-11-05 08:23:53,354 [Thread-945] INFO  impl.RoleInfo (RoleInfo.java:updateAndGet(143)) - a8ae9c07-6d89-4a49-a594-cacd4b776180: start LeaderElection
2019-11-05 08:23:53,367 [a8ae9c07-6d89-4a49-a594-cacd4b776180@group-0E159EE4F99E-LeaderElection92] INFO  impl.LeaderElection (LeaderElection.java:askForVotes(178)) - a8ae9c07-6d89-4a49-a594-cacd4b776180@group-0E159EE4F99E-LeaderElection92: begin an election at term 46 for -1: [caafcba9-090a-41f5-a5f9-cba5a6a81e94:192.168.164.217:37197, a8ae9c07-6d89-4a49-a594-cacd4b776180:192.168.164.217:42719, b3bb9051-8089-4c51-a999-81579e5913f2:192.168.164.217:36516], old=null
2019-11-05 08:23:53,369 [grpc-default-executor-0] INFO  impl.RaftServerImpl (RaftServerImpl.java:setRole(184)) - caafcba9-090a-41f5-a5f9-cba5a6a81e94@group-0E159EE4F99E: changes role from  FOLLOWER to FOLLOWER at term 46 for recognizeCandidate:a8ae9c07-6d89-4a49-a594-cacd4b776180
2019-11-05 08:23:53,369 [grpc-default-executor-4] INFO  impl.RaftServerImpl (RaftServerImpl.java:setRole(184)) - b3bb9051-8089-4c51-a999-81579e5913f2@group-0E159EE4F99E: changes role from  FOLLOWER to FOLLOWER at term 46 for recognizeCandidate:a8ae9c07-6d89-4a49-a594-cacd4b776180
2019-11-05 08:23:53,370 [grpc-default-executor-0] INFO  impl.RoleInfo (RoleInfo.java:shutdownFollowerState(121)) - caafcba9-090a-41f5-a5f9-cba5a6a81e94: shutdown FollowerState
2019-11-05 08:23:53,370 [grpc-default-executor-4] INFO  impl.RoleInfo (RoleInfo.java:shutdownFollowerState(121)) - b3bb9051-8089-4c51-a999-81579e5913f2: shutdown FollowerState
2019-11-05 08:23:53,370 [Thread-943] INFO  impl.FollowerState (FollowerState.java:run(117)) - caafcba9-090a-41f5-a5f9-cba5a6a81e94@group-0E159EE4F99E-FollowerState was interrupted: java.lang.InterruptedException: sleep interrupted
2019-11-05 08:23:53,370 [grpc-default-executor-0] INFO  impl.RoleInfo (RoleInfo.java:updateAndGet(143)) - caafcba9-090a-41f5-a5f9-cba5a6a81e94: start FollowerState
2019-11-05 08:23:53,370 [Thread-944] INFO  impl.FollowerState (FollowerState.java:run(117)) - b3bb9051-8089-4c51-a999-81579e5913f2@group-0E159EE4F99E-FollowerState was interrupted: java.lang.InterruptedException: sleep interrupted
2019-11-05 08:23:53,370 [grpc-default-executor-4] INFO  impl.RoleInfo (RoleInfo.java:updateAndGet(143)) - b3bb9051-8089-4c51-a999-81579e5913f2: start FollowerState
2019-11-05 08:23:53,385 [a8ae9c07-6d89-4a49-a594-cacd4b776180@group-0E159EE4F99E-LeaderElection92] INFO  impl.LeaderElection (LeaderElection.java:logAndReturn(56)) - a8ae9c07-6d89-4a49-a594-cacd4b776180@group-0E159EE4F99E-LeaderElection92: Election REJECTED; received 2 response(s) [a8ae9c07-6d89-4a49-a594-cacd4b776180<-caafcba9-090a-41f5-a5f9-cba5a6a81e94#0:FAIL-t46, a8ae9c07-6d89-4a49-a594-cacd4b776180<-b3bb9051-8089-4c51-a999-81579e5913f2#0:FAIL-t46] and 0 exception(s); a8ae9c07-6d89-4a49-a594-cacd4b776180@group-0E159EE4F99E:t46, leader=null, voted=a8ae9c07-6d89-4a49-a594-cacd4b776180, raftlog=a8ae9c07-6d89-4a49-a594-cacd4b776180@group-0E159EE4F99E-SegmentedRaftLog:OPENED:c-1,f-1,i0, conf=-1: [caafcba9-090a-41f5-a5f9-cba5a6a81e94:192.168.164.217:37197, a8ae9c07-6d89-4a49-a594-cacd4b776180:192.168.164.217:42719, b3bb9051-8089-4c51-a999-81579e5913f2:192.168.164.217:36516], old=null
2019-11-05 08:23:53,385 [a8ae9c07-6d89-4a49-a594-cacd4b776180@group-0E159EE4F99E-LeaderElection92] INFO  impl.RaftServerImpl (RaftServerImpl.java:setRole(184)) - a8ae9c07-6d89-4a49-a594-cacd4b776180@group-0E159EE4F99E: changes role from CANDIDATE to FOLLOWER at term 46 for DISCOVERED_A_NEW_TERM
2019-11-05 08:23:53,385 [a8ae9c07-6d89-4a49-a594-cacd4b776180@group-0E159EE4F99E-LeaderElection92] INFO  impl.RoleInfo (RoleInfo.java:shutdownLeaderElection(134)) - a8ae9c07-6d89-4a49-a594-cacd4b776180: shutdown LeaderElection
2019-11-05 08:23:53,385 [a8ae9c07-6d89-4a49-a594-cacd4b776180@group-0E159EE4F99E-LeaderElection92] INFO  impl.RoleInfo (RoleInfo.java:updateAndGet(143)) - a8ae9c07-6d89-4a49-a594-cacd4b776180: start FollowerState
2019-11-05 08:23:53,418 [Thread-951] INFO  impl.FollowerState (FollowerState.java:run(108)) - 4a682f4f-c3f2-4b77-88b7-f0ab78890feb@group-0DB8C7688BF9-FollowerState: change to CANDIDATE, lastRpcTime:180ms, electionTimeout:180ms
2019-11-05 08:23:53,418 [Thread-951] INFO  impl.RoleInfo (RoleInfo.java:shutdownFollowerState(121)) - 4a682f4f-c3f2-4b77-88b7-f0ab78890feb: shutdown FollowerState
2019-11-05 08:23:53,418 [Thread-951] INFO  impl.RaftServerImpl (RaftServerImpl.java:setRole(184)) - 4a682f4f-c3f2-4b77-88b7-f0ab78890feb@group-0DB8C7688BF9: changes role from  FOLLOWER to CANDIDATE at term 42 for changeToCandidate
2019-11-05 08:23:53,418 [Thread-951] INFO  impl.RoleInfo (RoleInfo.java:updateAndGet(143)) - 4a682f4f-c3f2-4b77-88b7-f0ab78890feb: start LeaderElection
2019-11-05 08:23:53,432 [4a682f4f-c3f2-4b77-88b7-f0ab78890feb@group-0DB8C7688BF9-LeaderElection93] INFO  impl.LeaderElection (LeaderElection.java:askForVotes(178)) - 4a682f4f-c3f2-4b77-88b7-f0ab78890feb@group-0DB8C7688BF9-LeaderElection93: begin an election at term 43 for -1: [77ab65e6-d942-49df-83a3-1d4c0bf152b3:192.168.164.217:39381, 7e1b84a9-a041-44fd-8008-f2679426984c:192.168.164.217:44149, 4a682f4f-c3f2-4b77-88b7-f0ab78890feb:192.168.164.217:34174], old=null
2019-11-05 08:23:53,434 [grpc-default-executor-4] INFO  impl.RaftServerImpl (RaftServerImpl.java:setRole(184)) - 7e1b84a9-a041-44fd-8008-f2679426984c@group-0DB8C7688BF9: changes role from  FOLLOWER to FOLLOWER at term 43 for recognizeCandidate:4a682f4f-c3f2-4b77-88b7-f0ab78890feb
2019-11-05 08:23:53,434 [grpc-default-executor-0] INFO  impl.RaftServerImpl (RaftServerImpl.java:setRole(184)) - 77ab65e6-d942-49df-83a3-1d4c0bf152b3@group-0DB8C7688BF9: changes role from  FOLLOWER to FOLLOWER at term 43 for recognizeCandidate:4a682f4f-c3f2-4b77-88b7-f0ab78890feb
2019-11-05 08:23:53,434 [grpc-default-executor-4] INFO  impl.RoleInfo (RoleInfo.java:shutdownFollowerState(121)) - 7e1b84a9-a041-44fd-8008-f2679426984c: shutdown FollowerState
2019-11-05 08:23:53,434 [grpc-default-executor-0] INFO  impl.RoleInfo (RoleInfo.java:shutdownFollowerState(121)) - 77ab65e6-d942-49df-83a3-1d4c0bf152b3: shutdown FollowerState
2019-11-05 08:23:53,435 [Thread-950] INFO  impl.FollowerState (FollowerState.java:run(117)) - 7e1b84a9-a041-44fd-8008-f2679426984c@group-0DB8C7688BF9-FollowerState was interrupted: java.lang.InterruptedException: sleep interrupted
2019-11-05 08:23:53,435 [Thread-949] INFO  impl.FollowerState (FollowerState.java:run(117)) - 77ab65e6-d942-49df-83a3-1d4c0bf152b3@group-0DB8C7688BF9-FollowerState was interrupted: java.lang.InterruptedException: sleep interrupted
2019-11-05 08:23:53,435 [grpc-default-executor-4] INFO  impl.RoleInfo (RoleInfo.java:updateAndGet(143)) - 7e1b84a9-a041-44fd-8008-f2679426984c: start FollowerState
2019-11-05 08:23:53,435 [grpc-default-executor-0] INFO  impl.RoleInfo (RoleInfo.java:updateAndGet(143)) - 77ab65e6-d942-49df-83a3-1d4c0bf152b3: start FollowerState
2019-11-05 08:23:53,451 [4a682f4f-c3f2-4b77-88b7-f0ab78890feb@group-0DB8C7688BF9-LeaderElection93] INFO  impl.LeaderElection (LeaderElection.java:logAndReturn(56)) - 4a682f4f-c3f2-4b77-88b7-f0ab78890feb@group-0DB8C7688BF9-LeaderElection93: Election REJECTED; received 2 response(s) [4a682f4f-c3f2-4b77-88b7-f0ab78890feb<-77ab65e6-d942-49df-83a3-1d4c0bf152b3#0:FAIL-t43, 4a682f4f-c3f2-4b77-88b7-f0ab78890feb<-7e1b84a9-a041-44fd-8008-f2679426984c#0:FAIL-t43] and 0 exception(s); 4a682f4f-c3f2-4b77-88b7-f0ab78890feb@group-0DB8C7688BF9:t43, leader=null, voted=4a682f4f-c3f2-4b77-88b7-f0ab78890feb, raftlog=4a682f4f-c3f2-4b77-88b7-f0ab78890feb@group-0DB8C7688BF9-SegmentedRaftLog:OPENED:c-1,f-1,i0, conf=-1: [77ab65e6-d942-49df-83a3-1d4c0bf152b3:192.168.164.217:39381, 7e1b84a9-a041-44fd-8008-f2679426984c:192.168.164.217:44149, 4a682f4f-c3f2-4b77-88b7-f0ab78890feb:192.168.164.217:34174], old=null
2019-11-05 08:23:53,451 [4a682f4f-c3f2-4b77-88b7-f0ab78890feb@group-0DB8C7688BF9-LeaderElection93] INFO  impl.RaftServerImpl (RaftServerImpl.java:setRole(184)) - 4a682f4f-c3f2-4b77-88b7-f0ab78890feb@group-0DB8C7688BF9: changes role from CANDIDATE to FOLLOWER at term 43 for DISCOVERED_A_NEW_TERM
2019-11-05 08:23:53,452 [4a682f4f-c3f2-4b77-88b7-f0ab78890feb@group-0DB8C7688BF9-LeaderElection93] INFO  impl.RoleInfo (RoleInfo.java:shutdownLeaderElection(134)) - 4a682f4f-c3f2-4b77-88b7-f0ab78890feb: shutdown LeaderElection
2019-11-05 08:23:53,452 [4a682f4f-c3f2-4b77-88b7-f0ab78890feb@group-0DB8C7688BF9-LeaderElection93] INFO  impl.RoleInfo (RoleInfo.java:updateAndGet(143)) - 4a682f4f-c3f2-4b77-88b7-f0ab78890feb: start FollowerState
2019-11-05 08:23:53,462 [Thread-957] INFO  impl.FollowerState (FollowerState.java:run(108)) - a8ae9c07-6d89-4a49-a594-cacd4b776180@group-0E159EE4F99E-FollowerState: change to CANDIDATE, lastRpcTime:76ms, electionTimeout:76ms
2019-11-05 08:23:53,462 [Thread-957] INFO  impl.RoleInfo (RoleInfo.java:shutdownFollowerState(121)) - a8ae9c07-6d89-4a49-a594-cacd4b776180: shutdown FollowerState
2019-11-05 08:23:53,462 [Thread-957] INFO  impl.RaftServerImpl (RaftServerImpl.java:setRole(184)) - a8ae9c07-6d89-4a49-a594-cacd4b776180@group-0E159EE4F99E: changes role from  FOLLOWER to CANDIDATE at term 46 for changeToCandidate
2019-11-05 08:23:53,462 [Thread-957] INFO  impl.RoleInfo (RoleInfo.java:updateAndGet(143)) - a8ae9c07-6d89-4a49-a594-cacd4b776180: start LeaderElection
2019-11-05 08:23:53,476 [a8ae9c07-6d89-4a49-a594-cacd4b776180@group-0E159EE4F99E-LeaderElection94] INFO  impl.LeaderElection (LeaderElection.java:askForVotes(178)) - a8ae9c07-6d89-4a49-a594-cacd4b776180@group-0E159EE4F99E-LeaderElection94: begin an election at term 47 for -1: [caafcba9-090a-41f5-a5f9-cba5a6a81e94:192.168.164.217:37197, a8ae9c07-6d89-4a49-a594-cacd4b776180:192.168.164.217:42719, b3bb9051-8089-4c51-a999-81579e5913f2:192.168.164.217:36516], old=null
2019-11-05 08:23:53,478 [grpc-default-executor-4] INFO  impl.RaftServerImpl (RaftServerImpl.java:setRole(184)) - caafcba9-090a-41f5-a5f9-cba5a6a81e94@group-0E159EE4F99E: changes role from  FOLLOWER to FOLLOWER at term 47 for recognizeCandidate:a8ae9c07-6d89-4a49-a594-cacd4b776180
2019-11-05 08:23:53,478 [grpc-default-executor-0] INFO  impl.RaftServerImpl (RaftServerImpl.java:setRole(184)) - b3bb9051-8089-4c51-a999-81579e5913f2@group-0E159EE4F99E: changes role from  FOLLOWER to FOLLOWER at term 47 for recognizeCandidate:a8ae9c07-6d89-4a49-a594-cacd4b776180
2019-11-05 08:23:53,478 [grpc-default-executor-0] INFO  impl.RoleInfo (RoleInfo.java:shutdownFollowerState(121)) - b3bb9051-8089-4c51-a999-81579e5913f2: shutdown FollowerState
2019-11-05 08:23:53,478 [grpc-default-executor-4] INFO  impl.RoleInfo (RoleInfo.java:shutdownFollowerState(121)) - caafcba9-090a-41f5-a5f9-cba5a6a81e94: shutdown FollowerState
2019-11-05 08:23:53,479 [grpc-default-executor-0] INFO  impl.RoleInfo (RoleInfo.java:updateAndGet(143)) - b3bb9051-8089-4c51-a999-81579e5913f2: start FollowerState
2019-11-05 08:23:53,479 [Thread-956] INFO  impl.FollowerState (FollowerState.java:run(117)) - b3bb9051-8089-4c51-a999-81579e5913f2@group-0E159EE4F99E-FollowerState was interrupted: java.lang.InterruptedException: sleep interrupted
2019-11-05 08:23:53,479 [Thread-955] INFO  impl.FollowerState (FollowerState.java:run(117)) - caafcba9-090a-41f5-a5f9-cba5a6a81e94@group-0E159EE4F99E-FollowerState was interrupted: java.lang.InterruptedException: sleep interrupted
2019-11-05 08:23:53,479 [grpc-default-executor-4] INFO  impl.RoleInfo (RoleInfo.java:updateAndGet(143)) - caafcba9-090a-41f5-a5f9-cba5a6a81e94: start FollowerState
2019-11-05 08:23:53,500 [a8ae9c07-6d89-4a49-a594-cacd4b776180@group-0E159EE4F99E-LeaderElection94] INFO  impl.LeaderElection (LeaderElection.java:logAndReturn(56)) - a8ae9c07-6d89-4a49-a594-cacd4b776180@group-0E159EE4F99E-LeaderElection94: Election REJECTED; received 2 response(s) [a8ae9c07-6d89-4a49-a594-cacd4b776180<-caafcba9-090a-41f5-a5f9-cba5a6a81e94#0:FAIL-t47, a8ae9c07-6d89-4a49-a594-cacd4b776180<-b3bb9051-8089-4c51-a999-81579e5913f2#0:FAIL-t47] and 0 exception(s); a8ae9c07-6d89-4a49-a594-cacd4b776180@group-0E159EE4F99E:t47, leader=null, voted=a8ae9c07-6d89-4a49-a594-cacd4b776180, raftlog=a8ae9c07-6d89-4a49-a594-cacd4b776180@group-0E159EE4F99E-SegmentedRaftLog:OPENED:c-1,f-1,i0, conf=-1: [caafcba9-090a-41f5-a5f9-cba5a6a81e94:192.168.164.217:37197, a8ae9c07-6d89-4a49-a594-cacd4b776180:192.168.164.217:42719, b3bb9051-8089-4c51-a999-81579e5913f2:192.168.164.217:36516], old=null
2019-11-05 08:23:53,500 [a8ae9c07-6d89-4a49-a594-cacd4b776180@group-0E159EE4F99E-LeaderElection94] INFO  impl.RaftServerImpl (RaftServerImpl.java:setRole(184)) - a8ae9c07-6d89-4a49-a594-cacd4b776180@group-0E159EE4F99E: changes role from CANDIDATE to FOLLOWER at term 47 for DISCOVERED_A_NEW_TERM
2019-11-05 08:23:53,500 [a8ae9c07-6d89-4a49-a594-cacd4b776180@group-0E159EE4F99E-LeaderElection94] INFO  impl.RoleInfo (RoleInfo.java:shutdownLeaderElection(134)) - a8ae9c07-6d89-4a49-a594-cacd4b776180: shutdown LeaderElection
2019-11-05 08:23:53,500 [a8ae9c07-6d89-4a49-a594-cacd4b776180@group-0E159EE4F99E-LeaderElection94] INFO  impl.RoleInfo (RoleInfo.java:updateAndGet(143)) - a8ae9c07-6d89-4a49-a594-cacd4b776180: start FollowerState
2019-11-05 08:23:53,532 [Thread-969] INFO  impl.FollowerState (FollowerState.java:run(108)) - a8ae9c07-6d89-4a49-a594-cacd4b776180@group-0E159EE4F99E-FollowerState: change to CANDIDATE, lastRpcTime:31ms, electionTimeout:31ms
2019-11-05 08:23:53,532 [Thread-969] INFO  impl.RoleInfo (RoleInfo.java:shutdownFollowerState(121)) - a8ae9c07-6d89-4a49-a594-cacd4b776180: shutdown FollowerState
2019-11-05 08:23:53,532 [Thread-969] INFO  impl.RaftServerImpl (RaftServerImpl.java:setRole(184)) - a8ae9c07-6d89-4a49-a594-cacd4b776180@group-0E159EE4F99E: changes role from  FOLLOWER to CANDIDATE at term 47 for changeToCandidate
2019-11-05 08:23:53,533 [Thread-969] INFO  impl.RoleInfo (RoleInfo.java:updateAndGet(143)) - a8ae9c07-6d89-4a49-a594-cacd4b776180: start LeaderElection
2019-11-05 08:23:53,544 [Thread-963] INFO  impl.FollowerState (FollowerState.java:run(108)) - 4a682f4f-c3f2-4b77-88b7-f0ab78890feb@group-0DB8C7688BF9-FollowerState: change to CANDIDATE, lastRpcTime:92ms, electionTimeout:92ms
2019-11-05 08:23:53,544 [Thread-963] INFO  impl.RoleInfo (RoleInfo.java:shutdownFollowerState(121)) - 4a682f4f-c3f2-4b77-88b7-f0ab78890feb: shutdown FollowerState
2019-11-05 08:23:53,544 [Thread-963] INFO  impl.RaftServerImpl (RaftServerImpl.java:setRole(184)) - 4a682f4f-c3f2-4b77-88b7-f0ab78890feb@group-0DB8C7688BF9: changes role from  FOLLOWER to CANDIDATE at term 43 for changeToCandidate
2019-11-05 08:23:53,545 [Thread-963] INFO  impl.RoleInfo (RoleInfo.java:updateAndGet(143)) - 4a682f4f-c3f2-4b77-88b7-f0ab78890feb: start LeaderElection
2019-11-05 08:23:53,547 [a8ae9c07-6d89-4a49-a594-cacd4b776180@group-0E159EE4F99E-LeaderElection95] INFO  impl.LeaderElection (LeaderElection.java:askForVotes(178)) - a8ae9c07-6d89-4a49-a594-cacd4b776180@group-0E159EE4F99E-LeaderElection95: begin an election at term 48 for -1: [caafcba9-090a-41f5-a5f9-cba5a6a81e94:192.168.164.217:37197, a8ae9c07-6d89-4a49-a594-cacd4b776180:192.168.164.217:42719, b3bb9051-8089-4c51-a999-81579e5913f2:192.168.164.217:36516], old=null
2019-11-05 08:23:53,548 [4a682f4f-c3f2-4b77-88b7-f0ab78890feb@group-0DB8C7688BF9-LeaderElection96] INFO  impl.LeaderElection (LeaderElection.java:askForVotes(178)) - 4a682f4f-c3f2-4b77-88b7-f0ab78890feb@group-0DB8C7688BF9-LeaderElection96: begin an election at term 44 for -1: [77ab65e6-d942-49df-83a3-1d4c0bf152b3:192.168.164.217:39381, 7e1b84a9-a041-44fd-8008-f2679426984c:192.168.164.217:44149, 4a682f4f-c3f2-4b77-88b7-f0ab78890feb:192.168.164.217:34174], old=null
2019-11-05 08:23:53,549 [grpc-default-executor-0] INFO  impl.RaftServerImpl (RaftServerImpl.java:setRole(184)) - caafcba9-090a-41f5-a5f9-cba5a6a81e94@group-0E159EE4F99E: changes role from  FOLLOWER to FOLLOWER at term 48 for recognizeCandidate:a8ae9c07-6d89-4a49-a594-cacd4b776180
2019-11-05 08:23:53,550 [grpc-default-executor-0] INFO  impl.RoleInfo (RoleInfo.java:shutdownFollowerState(121)) - caafcba9-090a-41f5-a5f9-cba5a6a81e94: shutdown FollowerState
2019-11-05 08:23:53,550 [grpc-default-executor-4] INFO  impl.RaftServerImpl (RaftServerImpl.java:setRole(184)) - b3bb9051-8089-4c51-a999-81579e5913f2@group-0E159EE4F99E: changes role from  FOLLOWER to FOLLOWER at term 48 for recognizeCandidate:a8ae9c07-6d89-4a49-a594-cacd4b776180
2019-11-05 08:23:53,550 [Thread-968] INFO  impl.FollowerState (FollowerState.java:run(117)) - caafcba9-090a-41f5-a5f9-cba5a6a81e94@group-0E159EE4F99E-FollowerState was interrupted: java.lang.InterruptedException: sleep interrupted
2019-11-05 08:23:53,550 [grpc-default-executor-0] INFO  impl.RoleInfo (RoleInfo.java:updateAndGet(143)) - caafcba9-090a-41f5-a5f9-cba5a6a81e94: start FollowerState
2019-11-05 08:23:53,550 [grpc-default-executor-4] INFO  impl.RoleInfo (RoleInfo.java:shutdownFollowerState(121)) - b3bb9051-8089-4c51-a999-81579e5913f2: shutdown FollowerState
2019-11-05 08:23:53,550 [grpc-default-executor-1] INFO  impl.RaftServerImpl (RaftServerImpl.java:setRole(184)) - 77ab65e6-d942-49df-83a3-1d4c0bf152b3@group-0DB8C7688BF9: changes role from  FOLLOWER to FOLLOWER at term 44 for recognizeCandidate:4a682f4f-c3f2-4b77-88b7-f0ab78890feb
2019-11-05 08:23:53,550 [grpc-default-executor-1] INFO  impl.RoleInfo (RoleInfo.java:shutdownFollowerState(121)) - 77ab65e6-d942-49df-83a3-1d4c0bf152b3: shutdown FollowerState
2019-11-05 08:23:53,550 [Thread-967] INFO  impl.FollowerState (FollowerState.java:run(117)) - b3bb9051-8089-4c51-a999-81579e5913f2@group-0E159EE4F99E-FollowerState was interrupted: java.lang.InterruptedException: sleep interrupted
2019-11-05 08:23:53,550 [grpc-default-executor-5] INFO  impl.RaftServerImpl (RaftServerImpl.java:setRole(184)) - 7e1b84a9-a041-44fd-8008-f2679426984c@group-0DB8C7688BF9: changes role from  FOLLOWER to FOLLOWER at term 44 for recognizeCandidate:4a682f4f-c3f2-4b77-88b7-f0ab78890feb
2019-11-05 08:23:53,550 [grpc-default-executor-4] INFO  impl.RoleInfo (RoleInfo.java:updateAndGet(143)) - b3bb9051-8089-4c51-a999-81579e5913f2: start FollowerState
2019-11-05 08:23:53,551 [grpc-default-executor-5] INFO  impl.RoleInfo (RoleInfo.java:shutdownFollowerState(121)) - 7e1b84a9-a041-44fd-8008-f2679426984c: shutdown FollowerState
2019-11-05 08:23:53,551 [grpc-default-executor-1] INFO  impl.RoleInfo (RoleInfo.java:updateAndGet(143)) - 77ab65e6-d942-49df-83a3-1d4c0bf152b3: start FollowerState
2019-11-05 08:23:53,551 [Thread-962] INFO  impl.FollowerState (FollowerState.java:run(117)) - 77ab65e6-d942-49df-83a3-1d4c0bf152b3@group-0DB8C7688BF9-FollowerState was interrupted: java.lang.InterruptedException: sleep interrupted
2019-11-05 08:23:53,551 [Thread-961] INFO  impl.FollowerState (FollowerState.java:run(117)) - 7e1b84a9-a041-44fd-8008-f2679426984c@group-0DB8C7688BF9-FollowerState was interrupted: java.lang.InterruptedException: sleep interrupted
2019-11-05 08:23:53,551 [grpc-default-executor-5] INFO  impl.RoleInfo (RoleInfo.java:updateAndGet(143)) - 7e1b84a9-a041-44fd-8008-f2679426984c: start FollowerState
2019-11-05 08:23:53,565 [a8ae9c07-6d89-4a49-a594-cacd4b776180@group-0E159EE4F99E-LeaderElection95] INFO  impl.LeaderElection (LeaderElection.java:logAndReturn(56)) - a8ae9c07-6d89-4a49-a594-cacd4b776180@group-0E159EE4F99E-LeaderElection95: Election REJECTED; received 2 response(s) [a8ae9c07-6d89-4a49-a594-cacd4b776180<-caafcba9-090a-41f5-a5f9-cba5a6a81e94#0:FAIL-t48, a8ae9c07-6d89-4a49-a594-cacd4b776180<-b3bb9051-8089-4c51-a999-81579e5913f2#0:FAIL-t48] and 0 exception(s); a8ae9c07-6d89-4a49-a594-cacd4b776180@group-0E159EE4F99E:t48, leader=null, voted=a8ae9c07-6d89-4a49-a594-cacd4b776180, raftlog=a8ae9c07-6d89-4a49-a594-cacd4b776180@group-0E159EE4F99E-SegmentedRaftLog:OPENED:c-1,f-1,i0, conf=-1: [caafcba9-090a-41f5-a5f9-cba5a6a81e94:192.168.164.217:37197, a8ae9c07-6d89-4a49-a594-cacd4b776180:192.168.164.217:42719, b3bb9051-8089-4c51-a999-81579e5913f2:192.168.164.217:36516], old=null
2019-11-05 08:23:53,565 [4a682f4f-c3f2-4b77-88b7-f0ab78890feb@group-0DB8C7688BF9-LeaderElection96] INFO  impl.LeaderElection (LeaderElection.java:logAndReturn(56)) - 4a682f4f-c3f2-4b77-88b7-f0ab78890feb@group-0DB8C7688BF9-LeaderElection96: Election REJECTED; received 2 response(s) [4a682f4f-c3f2-4b77-88b7-f0ab78890feb<-77ab65e6-d942-49df-83a3-1d4c0bf152b3#0:FAIL-t44, 4a682f4f-c3f2-4b77-88b7-f0ab78890feb<-7e1b84a9-a041-44fd-8008-f2679426984c#0:FAIL-t44] and 0 exception(s); 4a682f4f-c3f2-4b77-88b7-f0ab78890feb@group-0DB8C7688BF9:t44, leader=null, voted=4a682f4f-c3f2-4b77-88b7-f0ab78890feb, raftlog=4a682f4f-c3f2-4b77-88b7-f0ab78890feb@group-0DB8C7688BF9-SegmentedRaftLog:OPENED:c-1,f-1,i0, conf=-1: [77ab65e6-d942-49df-83a3-1d4c0bf152b3:192.168.164.217:39381, 7e1b84a9-a041-44fd-8008-f2679426984c:192.168.164.217:44149, 4a682f4f-c3f2-4b77-88b7-f0ab78890feb:192.168.164.217:34174], old=null
2019-11-05 08:23:53,565 [a8ae9c07-6d89-4a49-a594-cacd4b776180@group-0E159EE4F99E-LeaderElection95] INFO  impl.RaftServerImpl (RaftServerImpl.java:setRole(184)) - a8ae9c07-6d89-4a49-a594-cacd4b776180@group-0E159EE4F99E: changes role from CANDIDATE to FOLLOWER at term 48 for DISCOVERED_A_NEW_TERM
2019-11-05 08:23:53,565 [4a682f4f-c3f2-4b77-88b7-f0ab78890feb@group-0DB8C7688BF9-LeaderElection96] INFO  impl.RaftServerImpl (RaftServerImpl.java:setRole(184)) - 4a682f4f-c3f2-4b77-88b7-f0ab78890feb@group-0DB8C7688BF9: changes role from CANDIDATE to FOLLOWER at term 44 for DISCOVERED_A_NEW_TERM
2019-11-05 08:23:53,565 [a8ae9c07-6d89-4a49-a594-cacd4b776180@group-0E159EE4F99E-LeaderElection95] INFO  impl.RoleInfo (RoleInfo.java:shutdownLeaderElection(134)) - a8ae9c07-6d89-4a49-a594-cacd4b776180: shutdown LeaderElection
2019-11-05 08:23:53,565 [4a682f4f-c3f2-4b77-88b7-f0ab78890feb@group-0DB8C7688BF9-LeaderElection96] INFO  impl.RoleInfo (RoleInfo.java:shutdownLeaderElection(134)) - 4a682f4f-c3f2-4b77-88b7-f0ab78890feb: shutdown LeaderElection
2019-11-05 08:23:53,566 [a8ae9c07-6d89-4a49-a594-cacd4b776180@group-0E159EE4F99E-LeaderElection95] INFO  impl.RoleInfo (RoleInfo.java:updateAndGet(143)) - a8ae9c07-6d89-4a49-a594-cacd4b776180: start FollowerState
2019-11-05 08:23:53,566 [4a682f4f-c3f2-4b77-88b7-f0ab78890feb@group-0DB8C7688BF9-LeaderElection96] INFO  impl.RoleInfo (RoleInfo.java:updateAndGet(143)) - 4a682f4f-c3f2-4b77-88b7-f0ab78890feb: start FollowerState
2019-11-05 08:23:53,567 [Thread-981] INFO  impl.FollowerState (FollowerState.java:run(108)) - a8ae9c07-6d89-4a49-a594-cacd4b776180@group-0E159EE4F99E-FollowerState: change to CANDIDATE, lastRpcTime:1ms, electionTimeout:1ms
2019-11-05 08:23:53,567 [Thread-981] INFO  impl.RoleInfo (RoleInfo.java:shutdownFollowerState(121)) - a8ae9c07-6d89-4a49-a594-cacd4b776180: shutdown FollowerState
2019-11-05 08:23:53,567 [Thread-981] INFO  impl.RaftServerImpl (RaftServerImpl.java:setRole(184)) - a8ae9c07-6d89-4a49-a594-cacd4b776180@group-0E159EE4F99E: changes role from  FOLLOWER to CANDIDATE at term 48 for changeToCandidate
2019-11-05 08:23:53,567 [Thread-981] INFO  impl.RoleInfo (RoleInfo.java:updateAndGet(143)) - a8ae9c07-6d89-4a49-a594-cacd4b776180: start LeaderElection
2019-11-05 08:23:53,581 [a8ae9c07-6d89-4a49-a594-cacd4b776180@group-0E159EE4F99E-LeaderElection97] INFO  impl.LeaderElection (LeaderElection.java:askForVotes(178)) - a8ae9c07-6d89-4a49-a594-cacd4b776180@group-0E159EE4F99E-LeaderElection97: begin an election at term 49 for -1: [caafcba9-090a-41f5-a5f9-cba5a6a81e94:192.168.164.217:37197, a8ae9c07-6d89-4a49-a594-cacd4b776180:192.168.164.217:42719, b3bb9051-8089-4c51-a999-81579e5913f2:192.168.164.217:36516], old=null
2019-11-05 08:23:53,583 [grpc-default-executor-0] INFO  impl.RaftServerImpl (RaftServerImpl.java:setRole(184)) - caafcba9-090a-41f5-a5f9-cba5a6a81e94@group-0E159EE4F99E: changes role from  FOLLOWER to FOLLOWER at term 49 for recognizeCandidate:a8ae9c07-6d89-4a49-a594-cacd4b776180
2019-11-05 08:23:53,583 [grpc-default-executor-0] INFO  impl.RoleInfo (RoleInfo.java:shutdownFollowerState(121)) - caafcba9-090a-41f5-a5f9-cba5a6a81e94: shutdown FollowerState
2019-11-05 08:23:53,583 [grpc-default-executor-5] INFO  impl.RaftServerImpl (RaftServerImpl.java:setRole(184)) - b3bb9051-8089-4c51-a999-81579e5913f2@group-0E159EE4F99E: changes role from  FOLLOWER to FOLLOWER at term 49 for recognizeCandidate:a8ae9c07-6d89-4a49-a594-cacd4b776180
2019-11-05 08:23:53,583 [grpc-default-executor-0] INFO  impl.RoleInfo (RoleInfo.java:updateAndGet(143)) - caafcba9-090a-41f5-a5f9-cba5a6a81e94: start FollowerState
2019-11-05 08:23:53,583 [Thread-977] INFO  impl.FollowerState (FollowerState.java:run(117)) - caafcba9-090a-41f5-a5f9-cba5a6a81e94@group-0E159EE4F99E-FollowerState was interrupted: java.lang.InterruptedException: sleep interrupted
2019-11-05 08:23:53,583 [grpc-default-executor-5] INFO  impl.RoleInfo (RoleInfo.java:shutdownFollowerState(121)) - b3bb9051-8089-4c51-a999-81579e5913f2: shutdown FollowerState
2019-11-05 08:23:53,584 [grpc-default-executor-5] INFO  impl.RoleInfo (RoleInfo.java:updateAndGet(143)) - b3bb9051-8089-4c51-a999-81579e5913f2: start FollowerState
2019-11-05 08:23:53,584 [Thread-978] INFO  impl.FollowerState (FollowerState.java:run(117)) - b3bb9051-8089-4c51-a999-81579e5913f2@group-0E159EE4F99E-FollowerState was interrupted: java.lang.InterruptedException: sleep interrupted
2019-11-05 08:23:53,601 [a8ae9c07-6d89-4a49-a594-cacd4b776180@group-0E159EE4F99E-LeaderElection97] INFO  impl.LeaderElection (LeaderElection.java:logAndReturn(56)) - a8ae9c07-6d89-4a49-a594-cacd4b776180@group-0E159EE4F99E-LeaderElection97: Election REJECTED; received 2 response(s) [a8ae9c07-6d89-4a49-a594-cacd4b776180<-caafcba9-090a-41f5-a5f9-cba5a6a81e94#0:FAIL-t49, a8ae9c07-6d89-4a49-a594-cacd4b776180<-b3bb9051-8089-4c51-a999-81579e5913f2#0:FAIL-t49] and 0 exception(s); a8ae9c07-6d89-4a49-a594-cacd4b776180@group-0E159EE4F99E:t49, leader=null, voted=a8ae9c07-6d89-4a49-a594-cacd4b776180, raftlog=a8ae9c07-6d89-4a49-a594-cacd4b776180@group-0E159EE4F99E-SegmentedRaftLog:OPENED:c-1,f-1,i0, conf=-1: [caafcba9-090a-41f5-a5f9-cba5a6a81e94:192.168.164.217:37197, a8ae9c07-6d89-4a49-a594-cacd4b776180:192.168.164.217:42719, b3bb9051-8089-4c51-a999-81579e5913f2:192.168.164.217:36516], old=null
2019-11-05 08:23:53,601 [a8ae9c07-6d89-4a49-a594-cacd4b776180@group-0E159EE4F99E-LeaderElection97] INFO  impl.RaftServerImpl (RaftServerImpl.java:setRole(184)) - a8ae9c07-6d89-4a49-a594-cacd4b776180@group-0E159EE4F99E: changes role from CANDIDATE to FOLLOWER at term 49 for DISCOVERED_A_NEW_TERM
2019-11-05 08:23:53,601 [a8ae9c07-6d89-4a49-a594-cacd4b776180@group-0E159EE4F99E-LeaderElection97] INFO  impl.RoleInfo (RoleInfo.java:shutdownLeaderElection(134)) - a8ae9c07-6d89-4a49-a594-cacd4b776180: shutdown LeaderElection
2019-11-05 08:23:53,602 [a8ae9c07-6d89-4a49-a594-cacd4b776180@group-0E159EE4F99E-LeaderElection97] INFO  impl.RoleInfo (RoleInfo.java:updateAndGet(143)) - a8ae9c07-6d89-4a49-a594-cacd4b776180: start FollowerState
2019-11-05 08:23:53,648 [Thread-982] INFO  impl.FollowerState (FollowerState.java:run(108)) - 4a682f4f-c3f2-4b77-88b7-f0ab78890feb@group-0DB8C7688BF9-FollowerState: change to CANDIDATE, lastRpcTime:82ms, electionTimeout:67ms
2019-11-05 08:23:53,648 [Thread-982] INFO  impl.RoleInfo (RoleInfo.java:shutdownFollowerState(121)) - 4a682f4f-c3f2-4b77-88b7-f0ab78890feb: shutdown FollowerState
2019-11-05 08:23:53,649 [Thread-982] INFO  impl.RaftServerImpl (RaftServerImpl.java:setRole(184)) - 4a682f4f-c3f2-4b77-88b7-f0ab78890feb@group-0DB8C7688BF9: changes role from  FOLLOWER to CANDIDATE at term 44 for changeToCandidate
2019-11-05 08:23:53,649 [Thread-982] INFO  impl.RoleInfo (RoleInfo.java:updateAndGet(143)) - 4a682f4f-c3f2-4b77-88b7-f0ab78890feb: start LeaderElection
2019-11-05 08:23:53,655 [Thread-989] INFO  impl.FollowerState (FollowerState.java:run(108)) - a8ae9c07-6d89-4a49-a594-cacd4b776180@group-0E159EE4F99E-FollowerState: change to CANDIDATE, lastRpcTime:53ms, electionTimeout:51ms
2019-11-05 08:23:53,655 [Thread-989] INFO  impl.RoleInfo (RoleInfo.java:shutdownFollowerState(121)) - a8ae9c07-6d89-4a49-a594-cacd4b776180: shutdown FollowerState
2019-11-05 08:23:53,655 [Thread-989] INFO  impl.RaftServerImpl (RaftServerImpl.java:setRole(184)) - a8ae9c07-6d89-4a49-a594-cacd4b776180@group-0E159EE4F99E: changes role from  FOLLOWER to CANDIDATE at term 49 for changeToCandidate
2019-11-05 08:23:53,655 [Thread-989] INFO  impl.RoleInfo (RoleInfo.java:updateAndGet(143)) - a8ae9c07-6d89-4a49-a594-cacd4b776180: start LeaderElection
2019-11-05 08:23:53,663 [a8ae9c07-6d89-4a49-a594-cacd4b776180@group-0E159EE4F99E-LeaderElection99] INFO  impl.LeaderElection (LeaderElection.java:askForVotes(178)) - a8ae9c07-6d89-4a49-a594-cacd4b776180@group-0E159EE4F99E-LeaderElection99: begin an election at term 50 for -1: [caafcba9-090a-41f5-a5f9-cba5a6a81e94:192.168.164.217:37197, a8ae9c07-6d89-4a49-a594-cacd4b776180:192.168.164.217:42719, b3bb9051-8089-4c51-a999-81579e5913f2:192.168.164.217:36516], old=null
2019-11-05 08:23:53,663 [4a682f4f-c3f2-4b77-88b7-f0ab78890feb@group-0DB8C7688BF9-LeaderElection98] INFO  impl.LeaderElection (LeaderElection.java:askForVotes(178)) - 4a682f4f-c3f2-4b77-88b7-f0ab78890feb@group-0DB8C7688BF9-LeaderElection98: begin an election at term 45 for -1: [77ab65e6-d942-49df-83a3-1d4c0bf152b3:192.168.164.217:39381, 7e1b84a9-a041-44fd-8008-f2679426984c:192.168.164.217:44149, 4a682f4f-c3f2-4b77-88b7-f0ab78890feb:192.168.164.217:34174], old=null
2019-11-05 08:23:53,666 [grpc-default-executor-5] INFO  impl.RaftServerImpl (RaftServerImpl.java:setRole(184)) - caafcba9-090a-41f5-a5f9-cba5a6a81e94@group-0E159EE4F99E: changes role from  FOLLOWER to FOLLOWER at term 50 for recognizeCandidate:a8ae9c07-6d89-4a49-a594-cacd4b776180
2019-11-05 08:23:53,667 [grpc-default-executor-5] INFO  impl.RoleInfo (RoleInfo.java:shutdownFollowerState(121)) - caafcba9-090a-41f5-a5f9-cba5a6a81e94: shutdown FollowerState
2019-11-05 08:23:53,667 [grpc-default-executor-1] INFO  impl.RaftServerImpl (RaftServerImpl.java:setRole(184)) - 77ab65e6-d942-49df-83a3-1d4c0bf152b3@group-0DB8C7688BF9: changes role from  FOLLOWER to FOLLOWER at term 45 for recognizeCandidate:4a682f4f-c3f2-4b77-88b7-f0ab78890feb
2019-11-05 08:23:53,667 [grpc-default-executor-1] INFO  impl.RoleInfo (RoleInfo.java:shutdownFollowerState(121)) - 77ab65e6-d942-49df-83a3-1d4c0bf152b3: shutdown FollowerState
2019-11-05 08:23:53,667 [grpc-default-executor-4] INFO  impl.RaftServerImpl (RaftServerImpl.java:setRole(184)) - b3bb9051-8089-4c51-a999-81579e5913f2@group-0E159EE4F99E: changes role from  FOLLOWER to FOLLOWER at term 50 for recognizeCandidate:a8ae9c07-6d89-4a49-a594-cacd4b776180
2019-11-05 08:23:53,667 [grpc-default-executor-4] INFO  impl.RoleInfo (RoleInfo.java:shutdownFollowerState(121)) - b3bb9051-8089-4c51-a999-81579e5913f2: shutdown FollowerState
2019-11-05 08:23:53,667 [grpc-default-executor-0] INFO  impl.RaftServerImpl (RaftServerImpl.java:setRole(184)) - 7e1b84a9-a041-44fd-8008-f2679426984c@group-0DB8C7688BF9: changes role from  FOLLOWER to FOLLOWER at term 45 for recognizeCandidate:4a682f4f-c3f2-4b77-88b7-f0ab78890feb
2019-11-05 08:23:53,667 [Thread-988] INFO  impl.FollowerState (FollowerState.java:run(117)) - b3bb9051-8089-4c51-a999-81579e5913f2@group-0E159EE4F99E-FollowerState was interrupted: java.lang.InterruptedException: sleep interrupted
2019-11-05 08:23:53,667 [grpc-default-executor-4] INFO  impl.RoleInfo (RoleInfo.java:updateAndGet(143)) - b3bb9051-8089-4c51-a999-81579e5913f2: start FollowerState
2019-11-05 08:23:53,667 [Thread-979] INFO  impl.FollowerState (FollowerState.java:run(117)) - 77ab65e6-d942-49df-83a3-1d4c0bf152b3@group-0DB8C7688BF9-FollowerState was interrupted: java.lang.InterruptedException: sleep interrupted
2019-11-05 08:23:53,667 [grpc-default-executor-1] INFO  impl.RoleInfo (RoleInfo.java:updateAndGet(143)) - 77ab65e6-d942-49df-83a3-1d4c0bf152b3: start FollowerState
2019-11-05 08:23:53,667 [Thread-987] INFO  impl.FollowerState (FollowerState.java:run(117)) - caafcba9-090a-41f5-a5f9-cba5a6a81e94@group-0E159EE4F99E-FollowerState was interrupted: java.lang.InterruptedException: sleep interrupted
2019-11-05 08:23:53,667 [grpc-default-executor-5] INFO  impl.RoleInfo (RoleInfo.java:updateAndGet(143)) - caafcba9-090a-41f5-a5f9-cba5a6a81e94: start FollowerState
2019-11-05 08:23:53,668 [grpc-default-executor-0] INFO  impl.RoleInfo (RoleInfo.java:shutdownFollowerState(121)) - 7e1b84a9-a041-44fd-8008-f2679426984c: shutdown FollowerState
2019-11-05 08:23:53,668 [grpc-default-executor-0] INFO  impl.RoleInfo (RoleInfo.java:updateAndGet(143)) - 7e1b84a9-a041-44fd-8008-f2679426984c: start FollowerState
2019-11-05 08:23:53,668 [Thread-980] INFO  impl.FollowerState (FollowerState.java:run(117)) - 7e1b84a9-a041-44fd-8008-f2679426984c@group-0DB8C7688BF9-FollowerState was interrupted: java.lang.InterruptedException: sleep interrupted
2019-11-05 08:23:53,682 [a8ae9c07-6d89-4a49-a594-cacd4b776180@group-0E159EE4F99E-LeaderElection99] INFO  impl.LeaderElection (LeaderElection.java:logAndReturn(56)) - a8ae9c07-6d89-4a49-a594-cacd4b776180@group-0E159EE4F99E-LeaderElection99: Election REJECTED; received 2 response(s) [a8ae9c07-6d89-4a49-a594-cacd4b776180<-caafcba9-090a-41f5-a5f9-cba5a6a81e94#0:FAIL-t50, a8ae9c07-6d89-4a49-a594-cacd4b776180<-b3bb9051-8089-4c51-a999-81579e5913f2#0:FAIL-t50] and 0 exception(s); a8ae9c07-6d89-4a49-a594-cacd4b776180@group-0E159EE4F99E:t50, leader=null, voted=a8ae9c07-6d89-4a49-a594-cacd4b776180, raftlog=a8ae9c07-6d89-4a49-a594-cacd4b776180@group-0E159EE4F99E-SegmentedRaftLog:OPENED:c-1,f-1,i0, conf=-1: [caafcba9-090a-41f5-a5f9-cba5a6a81e94:192.168.164.217:37197, a8ae9c07-6d89-4a49-a594-cacd4b776180:192.168.164.217:42719, b3bb9051-8089-4c51-a999-81579e5913f2:192.168.164.217:36516], old=null
2019-11-05 08:23:53,682 [a8ae9c07-6d89-4a49-a594-cacd4b776180@group-0E159EE4F99E-LeaderElection99] INFO  impl.RaftServerImpl (RaftServerImpl.java:setRole(184)) - a8ae9c07-6d89-4a49-a594-cacd4b776180@group-0E159EE4F99E: changes role from CANDIDATE to FOLLOWER at term 50 for DISCOVERED_A_NEW_TERM
2019-11-05 08:23:53,682 [4a682f4f-c3f2-4b77-88b7-f0ab78890feb@group-0DB8C7688BF9-LeaderElection98] INFO  impl.LeaderElection (LeaderElection.java:logAndReturn(56)) - 4a682f4f-c3f2-4b77-88b7-f0ab78890feb@group-0DB8C7688BF9-LeaderElection98: Election REJECTED; received 2 response(s) [4a682f4f-c3f2-4b77-88b7-f0ab78890feb<-77ab65e6-d942-49df-83a3-1d4c0bf152b3#0:FAIL-t45, 4a682f4f-c3f2-4b77-88b7-f0ab78890feb<-7e1b84a9-a041-44fd-8008-f2679426984c#0:FAIL-t45] and 0 exception(s); 4a682f4f-c3f2-4b77-88b7-f0ab78890feb@group-0DB8C7688BF9:t45, leader=null, voted=4a682f4f-c3f2-4b77-88b7-f0ab78890feb, raftlog=4a682f4f-c3f2-4b77-88b7-f0ab78890feb@group-0DB8C7688BF9-SegmentedRaftLog:OPENED:c-1,f-1,i0, conf=-1: [77ab65e6-d942-49df-83a3-1d4c0bf152b3:192.168.164.217:39381, 7e1b84a9-a041-44fd-8008-f2679426984c:192.168.164.217:44149, 4a682f4f-c3f2-4b77-88b7-f0ab78890feb:192.168.164.217:34174], old=null
2019-11-05 08:23:53,682 [a8ae9c07-6d89-4a49-a594-cacd4b776180@group-0E159EE4F99E-LeaderElection99] INFO  impl.RoleInfo (RoleInfo.java:shutdownLeaderElection(134)) - a8ae9c07-6d89-4a49-a594-cacd4b776180: shutdown LeaderElection
2019-11-05 08:23:53,683 [4a682f4f-c3f2-4b77-88b7-f0ab78890feb@group-0DB8C7688BF9-LeaderElection98] INFO  impl.RaftServerImpl (RaftServerImpl.java:setRole(184)) - 4a682f4f-c3f2-4b77-88b7-f0ab78890feb@group-0DB8C7688BF9: changes role from CANDIDATE to FOLLOWER at term 45 for DISCOVERED_A_NEW_TERM
2019-11-05 08:23:53,683 [a8ae9c07-6d89-4a49-a594-cacd4b776180@group-0E159EE4F99E-LeaderElection99] INFO  impl.RoleInfo (RoleInfo.java:updateAndGet(143)) - a8ae9c07-6d89-4a49-a594-cacd4b776180: start FollowerState
2019-11-05 08:23:53,683 [4a682f4f-c3f2-4b77-88b7-f0ab78890feb@group-0DB8C7688BF9-LeaderElection98] INFO  impl.RoleInfo (RoleInfo.java:shutdownLeaderElection(134)) - 4a682f4f-c3f2-4b77-88b7-f0ab78890feb: shutdown LeaderElection
2019-11-05 08:23:53,683 [4a682f4f-c3f2-4b77-88b7-f0ab78890feb@group-0DB8C7688BF9-LeaderElection98] INFO  impl.RoleInfo (RoleInfo.java:updateAndGet(143)) - 4a682f4f-c3f2-4b77-88b7-f0ab78890feb: start FollowerState
2019-11-05 08:23:53,812 [Thread-1003] INFO  impl.FollowerState (FollowerState.java:run(108)) - 4a682f4f-c3f2-4b77-88b7-f0ab78890feb@group-0DB8C7688BF9-FollowerState: change to CANDIDATE, lastRpcTime:129ms, electionTimeout:129ms
2019-11-05 08:23:53,813 [Thread-1003] INFO  impl.RoleInfo (RoleInfo.java:shutdownFollowerState(121)) - 4a682f4f-c3f2-4b77-88b7-f0ab78890feb: shutdown FollowerState
2019-11-05 08:23:53,813 [Thread-1003] INFO  impl.RaftServerImpl (RaftServerImpl.java:setRole(184)) - 4a682f4f-c3f2-4b77-88b7-f0ab78890feb@group-0DB8C7688BF9: changes role from  FOLLOWER to CANDIDATE at term 45 for changeToCandidate
2019-11-05 08:23:53,813 [Thread-1003] INFO  impl.RoleInfo (RoleInfo.java:updateAndGet(143)) - 4a682f4f-c3f2-4b77-88b7-f0ab78890feb: start LeaderElection
2019-11-05 08:23:53,839 [4a682f4f-c3f2-4b77-88b7-f0ab78890feb@group-0DB8C7688BF9-LeaderElection100] INFO  impl.LeaderElection (LeaderElection.java:askForVotes(178)) - 4a682f4f-c3f2-4b77-88b7-f0ab78890feb@group-0DB8C7688BF9-LeaderElection100: begin an election at term 46 for -1: [77ab65e6-d942-49df-83a3-1d4c0bf152b3:192.168.164.217:39381, 7e1b84a9-a041-44fd-8008-f2679426984c:192.168.164.217:44149, 4a682f4f-c3f2-4b77-88b7-f0ab78890feb:192.168.164.217:34174], old=null
2019-11-05 08:23:53,842 [grpc-default-executor-5] INFO  impl.RaftServerImpl (RaftServerImpl.java:setRole(184)) - 77ab65e6-d942-49df-83a3-1d4c0bf152b3@group-0DB8C7688BF9: changes role from  FOLLOWER to FOLLOWER at term 46 for recognizeCandidate:4a682f4f-c3f2-4b77-88b7-f0ab78890feb
2019-11-05 08:23:53,842 [grpc-default-executor-0] INFO  impl.RaftServerImpl (RaftServerImpl.java:setRole(184)) - 7e1b84a9-a041-44fd-8008-f2679426984c@group-0DB8C7688BF9: changes role from  FOLLOWER to FOLLOWER at term 46 for recognizeCandidate:4a682f4f-c3f2-4b77-88b7-f0ab78890feb
2019-11-05 08:23:53,842 [grpc-default-executor-5] INFO  impl.RoleInfo (RoleInfo.java:shutdownFollowerState(121)) - 77ab65e6-d942-49df-83a3-1d4c0bf152b3: shutdown FollowerState
2019-11-05 08:23:53,843 [grpc-default-executor-0] INFO  impl.RoleInfo (RoleInfo.java:shutdownFollowerState(121)) - 7e1b84a9-a041-44fd-8008-f2679426984c: shutdown FollowerState
2019-11-05 08:23:53,843 [Thread-999] INFO  impl.FollowerState (FollowerState.java:run(117)) - 77ab65e6-d942-49df-83a3-1d4c0bf152b3@group-0DB8C7688BF9-FollowerState was interrupted: java.lang.InterruptedException: sleep interrupted
2019-11-05 08:23:53,843 [grpc-default-executor-5] INFO  impl.RoleInfo (RoleInfo.java:updateAndGet(143)) - 77ab65e6-d942-49df-83a3-1d4c0bf152b3: start FollowerState
2019-11-05 08:23:53,843 [Thread-1001] INFO  impl.FollowerState (FollowerState.java:run(117)) - 7e1b84a9-a041-44fd-8008-f2679426984c@group-0DB8C7688BF9-FollowerState was interrupted: java.lang.InterruptedException: sleep interrupted
2019-11-05 08:23:53,843 [grpc-default-executor-0] INFO  impl.RoleInfo (RoleInfo.java:updateAndGet(143)) - 7e1b84a9-a041-44fd-8008-f2679426984c: start FollowerState
2019-11-05 08:23:53,858 [4a682f4f-c3f2-4b77-88b7-f0ab78890feb@group-0DB8C7688BF9-LeaderElection100] INFO  impl.LeaderElection (LeaderElection.java:logAndReturn(56)) - 4a682f4f-c3f2-4b77-88b7-f0ab78890feb@group-0DB8C7688BF9-LeaderElection100: Election REJECTED; received 2 response(s) [4a682f4f-c3f2-4b77-88b7-f0ab78890feb<-77ab65e6-d942-49df-83a3-1d4c0bf152b3#0:FAIL-t46, 4a682f4f-c3f2-4b77-88b7-f0ab78890feb<-7e1b84a9-a041-44fd-8008-f2679426984c#0:FAIL-t46] and 0 exception(s); 4a682f4f-c3f2-4b77-88b7-f0ab78890feb@group-0DB8C7688BF9:t46, leader=null, voted=4a682f4f-c3f2-4b77-88b7-f0ab78890feb, raftlog=4a682f4f-c3f2-4b77-88b7-f0ab78890feb@group-0DB8C7688BF9-SegmentedRaftLog:OPENED:c-1,f-1,i0, conf=-1: [77ab65e6-d942-49df-83a3-1d4c0bf152b3:192.168.164.217:39381, 7e1b84a9-a041-44fd-8008-f2679426984c:192.168.164.217:44149, 4a682f4f-c3f2-4b77-88b7-f0ab78890feb:192.168.164.217:34174], old=null
2019-11-05 08:23:53,858 [4a682f4f-c3f2-4b77-88b7-f0ab78890feb@group-0DB8C7688BF9-LeaderElection100] INFO  impl.RaftServerImpl (RaftServerImpl.java:setRole(184)) - 4a682f4f-c3f2-4b77-88b7-f0ab78890feb@group-0DB8C7688BF9: changes role from CANDIDATE to FOLLOWER at term 46 for DISCOVERED_A_NEW_TERM
2019-11-05 08:23:53,859 [4a682f4f-c3f2-4b77-88b7-f0ab78890feb@group-0DB8C7688BF9-LeaderElection100] INFO  impl.RoleInfo (RoleInfo.java:shutdownLeaderElection(134)) - 4a682f4f-c3f2-4b77-88b7-f0ab78890feb: shutdown LeaderElection
2019-11-05 08:23:53,859 [4a682f4f-c3f2-4b77-88b7-f0ab78890feb@group-0DB8C7688BF9-LeaderElection100] INFO  impl.RoleInfo (RoleInfo.java:updateAndGet(143)) - 4a682f4f-c3f2-4b77-88b7-f0ab78890feb: start FollowerState
2019-11-05 08:23:53,866 [Thread-1002] INFO  impl.FollowerState (FollowerState.java:run(108)) - a8ae9c07-6d89-4a49-a594-cacd4b776180@group-0E159EE4F99E-FollowerState: change to CANDIDATE, lastRpcTime:183ms, electionTimeout:183ms
2019-11-05 08:23:53,866 [Thread-1002] INFO  impl.RoleInfo (RoleInfo.java:shutdownFollowerState(121)) - a8ae9c07-6d89-4a49-a594-cacd4b776180: shutdown FollowerState
2019-11-05 08:23:53,866 [Thread-1002] INFO  impl.RaftServerImpl (RaftServerImpl.java:setRole(184)) - a8ae9c07-6d89-4a49-a594-cacd4b776180@group-0E159EE4F99E: changes role from  FOLLOWER to CANDIDATE at term 50 for changeToCandidate
2019-11-05 08:23:53,866 [Thread-1002] INFO  impl.RoleInfo (RoleInfo.java:updateAndGet(143)) - a8ae9c07-6d89-4a49-a594-cacd4b776180: start LeaderElection
2019-11-05 08:23:53,877 [Thread-1009] INFO  impl.FollowerState (FollowerState.java:run(108)) - 4a682f4f-c3f2-4b77-88b7-f0ab78890feb@group-0DB8C7688BF9-FollowerState: change to CANDIDATE, lastRpcTime:18ms, electionTimeout:18ms
2019-11-05 08:23:53,877 [Thread-1009] INFO  impl.RoleInfo (RoleInfo.java:shutdownFollowerState(121)) - 4a682f4f-c3f2-4b77-88b7-f0ab78890feb: shutdown FollowerState
2019-11-05 08:23:53,877 [Thread-1009] INFO  impl.RaftServerImpl (RaftServerImpl.java:setRole(184)) - 4a682f4f-c3f2-4b77-88b7-f0ab78890feb@group-0DB8C7688BF9: changes role from  FOLLOWER to CANDIDATE at term 46 for changeToCandidate
2019-11-05 08:23:53,878 [Thread-1009] INFO  impl.RoleInfo (RoleInfo.java:updateAndGet(143)) - 4a682f4f-c3f2-4b77-88b7-f0ab78890feb: start LeaderElection
2019-11-05 08:23:53,880 [a8ae9c07-6d89-4a49-a594-cacd4b776180@group-0E159EE4F99E-LeaderElection101] INFO  impl.LeaderElection (LeaderElection.java:askForVotes(178)) - a8ae9c07-6d89-4a49-a594-cacd4b776180@group-0E159EE4F99E-LeaderElection101: begin an election at term 51 for -1: [caafcba9-090a-41f5-a5f9-cba5a6a81e94:192.168.164.217:37197, a8ae9c07-6d89-4a49-a594-cacd4b776180:192.168.164.217:42719, b3bb9051-8089-4c51-a999-81579e5913f2:192.168.164.217:36516], old=null
2019-11-05 08:23:53,882 [4a682f4f-c3f2-4b77-88b7-f0ab78890feb@group-0DB8C7688BF9-LeaderElection102] INFO  impl.LeaderElection (LeaderElection.java:askForVotes(178)) - 4a682f4f-c3f2-4b77-88b7-f0ab78890feb@group-0DB8C7688BF9-LeaderElection102: begin an election at term 47 for -1: [77ab65e6-d942-49df-83a3-1d4c0bf152b3:192.168.164.217:39381, 7e1b84a9-a041-44fd-8008-f2679426984c:192.168.164.217:44149, 4a682f4f-c3f2-4b77-88b7-f0ab78890feb:192.168.164.217:34174], old=null
2019-11-05 08:23:53,882 [grpc-default-executor-5] INFO  impl.RaftServerImpl (RaftServerImpl.java:setRole(184)) - caafcba9-090a-41f5-a5f9-cba5a6a81e94@group-0E159EE4F99E: changes role from  FOLLOWER to FOLLOWER at term 51 for recognizeCandidate:a8ae9c07-6d89-4a49-a594-cacd4b776180
2019-11-05 08:23:53,882 [grpc-default-executor-0] INFO  impl.RaftServerImpl (RaftServerImpl.java:setRole(184)) - b3bb9051-8089-4c51-a999-81579e5913f2@group-0E159EE4F99E: changes role from  FOLLOWER to FOLLOWER at term 51 for recognizeCandidate:a8ae9c07-6d89-4a49-a594-cacd4b776180
2019-11-05 08:23:53,882 [grpc-default-executor-5] INFO  impl.RoleInfo (RoleInfo.java:shutdownFollowerState(121)) - caafcba9-090a-41f5-a5f9-cba5a6a81e94: shutdown FollowerState
2019-11-05 08:23:53,882 [grpc-default-executor-0] INFO  impl.RoleInfo (RoleInfo.java:shutdownFollowerState(121)) - b3bb9051-8089-4c51-a999-81579e5913f2: shutdown FollowerState
2019-11-05 08:23:53,883 [grpc-default-executor-5] INFO  impl.RoleInfo (RoleInfo.java:updateAndGet(143)) - caafcba9-090a-41f5-a5f9-cba5a6a81e94: start FollowerState
2019-11-05 08:23:53,883 [Thread-998] INFO  impl.FollowerState (FollowerState.java:run(117)) - caafcba9-090a-41f5-a5f9-cba5a6a81e94@group-0E159EE4F99E-FollowerState was interrupted: java.lang.InterruptedException: sleep interrupted
2019-11-05 08:23:53,883 [Thread-1000] INFO  impl.FollowerState (FollowerState.java:run(117)) - b3bb9051-8089-4c51-a999-81579e5913f2@group-0E159EE4F99E-FollowerState was interrupted: java.lang.InterruptedException: sleep interrupted
2019-11-05 08:23:53,883 [grpc-default-executor-0] INFO  impl.RoleInfo (RoleInfo.java:updateAndGet(143)) - b3bb9051-8089-4c51-a999-81579e5913f2: start FollowerState
2019-11-05 08:23:53,884 [grpc-default-executor-1] INFO  impl.RaftServerImpl (RaftServerImpl.java:setRole(184)) - 77ab65e6-d942-49df-83a3-1d4c0bf152b3@group-0DB8C7688BF9: changes role from  FOLLOWER to FOLLOWER at term 47 for recognizeCandidate:4a682f4f-c3f2-4b77-88b7-f0ab78890feb
2019-11-05 08:23:53,884 [grpc-default-executor-4] INFO  impl.RaftServerImpl (RaftServerImpl.java:setRole(184)) - 7e1b84a9-a041-44fd-8008-f2679426984c@group-0DB8C7688BF9: changes role from  FOLLOWER to FOLLOWER at term 47 for recognizeCandidate:4a682f4f-c3f2-4b77-88b7-f0ab78890feb
2019-11-05 08:23:53,884 [grpc-default-executor-1] INFO  impl.RoleInfo (RoleInfo.java:shutdownFollowerState(121)) - 77ab65e6-d942-49df-83a3-1d4c0bf152b3: shutdown FollowerState
2019-11-05 08:23:53,884 [grpc-default-executor-4] INFO  impl.RoleInfo (RoleInfo.java:shutdownFollowerState(121)) - 7e1b84a9-a041-44fd-8008-f2679426984c: shutdown FollowerState
2019-11-05 08:23:53,884 [Thread-1007] INFO  impl.FollowerState (FollowerState.java:run(117)) - 77ab65e6-d942-49df-83a3-1d4c0bf152b3@group-0DB8C7688BF9-FollowerState was interrupted: java.lang.InterruptedException: sleep interrupted
2019-11-05 08:23:53,884 [grpc-default-executor-1] INFO  impl.RoleInfo (RoleInfo.java:updateAndGet(143)) - 77ab65e6-d942-49df-83a3-1d4c0bf152b3: start FollowerState
2019-11-05 08:23:53,884 [Thread-1008] INFO  impl.FollowerState (FollowerState.java:run(117)) - 7e1b84a9-a041-44fd-8008-f2679426984c@group-0DB8C7688BF9-FollowerState was interrupted: java.lang.InterruptedException: sleep interrupted
2019-11-05 08:23:53,884 [grpc-default-executor-4] INFO  impl.RoleInfo (RoleInfo.java:updateAndGet(143)) - 7e1b84a9-a041-44fd-8008-f2679426984c: start FollowerState
2019-11-05 08:23:53,898 [4a682f4f-c3f2-4b77-88b7-f0ab78890feb@group-0DB8C7688BF9-LeaderElection102] INFO  impl.LeaderElection (LeaderElection.java:logAndReturn(56)) - 4a682f4f-c3f2-4b77-88b7-f0ab78890feb@group-0DB8C7688BF9-LeaderElection102: Election REJECTED; received 2 response(s) [4a682f4f-c3f2-4b77-88b7-f0ab78890feb<-77ab65e6-d942-49df-83a3-1d4c0bf152b3#0:FAIL-t47, 4a682f4f-c3f2-4b77-88b7-f0ab78890feb<-7e1b84a9-a041-44fd-8008-f2679426984c#0:FAIL-t47] and 0 exception(s); 4a682f4f-c3f2-4b77-88b7-f0ab78890feb@group-0DB8C7688BF9:t47, leader=null, voted=4a682f4f-c3f2-4b77-88b7-f0ab78890feb, raftlog=4a682f4f-c3f2-4b77-88b7-f0ab78890feb@group-0DB8C7688BF9-SegmentedRaftLog:OPENED:c-1,f-1,i0, conf=-1: [77ab65e6-d942-49df-83a3-1d4c0bf152b3:192.168.164.217:39381, 7e1b84a9-a041-44fd-8008-f2679426984c:192.168.164.217:44149, 4a682f4f-c3f2-4b77-88b7-f0ab78890feb:192.168.164.217:34174], old=null
2019-11-05 08:23:53,898 [4a682f4f-c3f2-4b77-88b7-f0ab78890feb@group-0DB8C7688BF9-LeaderElection102] INFO  impl.RaftServerImpl (RaftServerImpl.java:setRole(184)) - 4a682f4f-c3f2-4b77-88b7-f0ab78890feb@group-0DB8C7688BF9: changes role from CANDIDATE to FOLLOWER at term 47 for DISCOVERED_A_NEW_TERM
2019-11-05 08:23:53,898 [4a682f4f-c3f2-4b77-88b7-f0ab78890feb@group-0DB8C7688BF9-LeaderElection102] INFO  impl.RoleInfo (RoleInfo.java:shutdownLeaderElection(134)) - 4a682f4f-c3f2-4b77-88b7-f0ab78890feb: shutdown LeaderElection
2019-11-05 08:23:53,898 [a8ae9c07-6d89-4a49-a594-cacd4b776180@group-0E159EE4F99E-LeaderElection101] INFO  impl.LeaderElection (LeaderElection.java:logAndReturn(56)) - a8ae9c07-6d89-4a49-a594-cacd4b776180@group-0E159EE4F99E-LeaderElection101: Election REJECTED; received 2 response(s) [a8ae9c07-6d89-4a49-a594-cacd4b776180<-caafcba9-090a-41f5-a5f9-cba5a6a81e94#0:FAIL-t51, a8ae9c07-6d89-4a49-a594-cacd4b776180<-b3bb9051-8089-4c51-a999-81579e5913f2#0:FAIL-t51] and 0 exception(s); a8ae9c07-6d89-4a49-a594-cacd4b776180@group-0E159EE4F99E:t51, leader=null, voted=a8ae9c07-6d89-4a49-a594-cacd4b776180, raftlog=a8ae9c07-6d89-4a49-a594-cacd4b776180@group-0E159EE4F99E-SegmentedRaftLog:OPENED:c-1,f-1,i0, conf=-1: [caafcba9-090a-41f5-a5f9-cba5a6a81e94:192.168.164.217:37197, a8ae9c07-6d89-4a49-a594-cacd4b776180:192.168.164.217:42719, b3bb9051-8089-4c51-a999-81579e5913f2:192.168.164.217:36516], old=null
2019-11-05 08:23:53,898 [4a682f4f-c3f2-4b77-88b7-f0ab78890feb@group-0DB8C7688BF9-LeaderElection102] INFO  impl.RoleInfo (RoleInfo.java:updateAndGet(143)) - 4a682f4f-c3f2-4b77-88b7-f0ab78890feb: start FollowerState
2019-11-05 08:23:53,898 [a8ae9c07-6d89-4a49-a594-cacd4b776180@group-0E159EE4F99E-LeaderElection101] INFO  impl.RaftServerImpl (RaftServerImpl.java:setRole(184)) - a8ae9c07-6d89-4a49-a594-cacd4b776180@group-0E159EE4F99E: changes role from CANDIDATE to FOLLOWER at term 51 for DISCOVERED_A_NEW_TERM
2019-11-05 08:23:53,898 [a8ae9c07-6d89-4a49-a594-cacd4b776180@group-0E159EE4F99E-LeaderElection101] INFO  impl.RoleInfo (RoleInfo.java:shutdownLeaderElection(134)) - a8ae9c07-6d89-4a49-a594-cacd4b776180: shutdown LeaderElection
2019-11-05 08:23:53,899 [a8ae9c07-6d89-4a49-a594-cacd4b776180@group-0E159EE4F99E-LeaderElection101] INFO  impl.RoleInfo (RoleInfo.java:updateAndGet(143)) - a8ae9c07-6d89-4a49-a594-cacd4b776180: start FollowerState
2019-11-05 08:23:53,972 [Thread-1021] INFO  impl.FollowerState (FollowerState.java:run(108)) - a8ae9c07-6d89-4a49-a594-cacd4b776180@group-0E159EE4F99E-FollowerState: change to CANDIDATE, lastRpcTime:73ms, electionTimeout:72ms
2019-11-05 08:23:53,972 [Thread-1021] INFO  impl.RoleInfo (RoleInfo.java:shutdownFollowerState(121)) - a8ae9c07-6d89-4a49-a594-cacd4b776180: shutdown FollowerState
2019-11-05 08:23:53,972 [Thread-1021] INFO  impl.RaftServerImpl (RaftServerImpl.java:setRole(184)) - a8ae9c07-6d89-4a49-a594-cacd4b776180@group-0E159EE4F99E: changes role from  FOLLOWER to CANDIDATE at term 51 for changeToCandidate
2019-11-05 08:23:53,972 [Thread-1021] INFO  impl.RoleInfo (RoleInfo.java:updateAndGet(143)) - a8ae9c07-6d89-4a49-a594-cacd4b776180: start LeaderElection
2019-11-05 08:23:53,987 [a8ae9c07-6d89-4a49-a594-cacd4b776180@group-0E159EE4F99E-LeaderElection103] INFO  impl.LeaderElection (LeaderElection.java:askForVotes(178)) - a8ae9c07-6d89-4a49-a594-cacd4b776180@group-0E159EE4F99E-LeaderElection103: begin an election at term 52 for -1: [caafcba9-090a-41f5-a5f9-cba5a6a81e94:192.168.164.217:37197, a8ae9c07-6d89-4a49-a594-cacd4b776180:192.168.164.217:42719, b3bb9051-8089-4c51-a999-81579e5913f2:192.168.164.217:36516], old=null
2019-11-05 08:23:53,989 [grpc-default-executor-0] INFO  impl.RaftServerImpl (RaftServerImpl.java:setRole(184)) - b3bb9051-8089-4c51-a999-81579e5913f2@group-0E159EE4F99E: changes role from  FOLLOWER to FOLLOWER at term 52 for recognizeCandidate:a8ae9c07-6d89-4a49-a594-cacd4b776180
2019-11-05 08:23:53,989 [grpc-default-executor-5] INFO  impl.RaftServerImpl (RaftServerImpl.java:setRole(184)) - caafcba9-090a-41f5-a5f9-cba5a6a81e94@group-0E159EE4F99E: changes role from  FOLLOWER to FOLLOWER at term 52 for recognizeCandidate:a8ae9c07-6d89-4a49-a594-cacd4b776180
2019-11-05 08:23:53,990 [grpc-default-executor-0] INFO  impl.RoleInfo (RoleInfo.java:shutdownFollowerState(121)) - b3bb9051-8089-4c51-a999-81579e5913f2: shutdown FollowerState
2019-11-05 08:23:53,990 [grpc-default-executor-5] INFO  impl.RoleInfo (RoleInfo.java:shutdownFollowerState(121)) - caafcba9-090a-41f5-a5f9-cba5a6a81e94: shutdown FollowerState
2019-11-05 08:23:53,990 [Thread-1017] INFO  impl.FollowerState (FollowerState.java:run(117)) - b3bb9051-8089-4c51-a999-81579e5913f2@group-0E159EE4F99E-FollowerState was interrupted: java.lang.InterruptedException: sleep interrupted
2019-11-05 08:23:53,990 [grpc-default-executor-0] INFO  impl.RoleInfo (RoleInfo.java:updateAndGet(143)) - b3bb9051-8089-4c51-a999-81579e5913f2: start FollowerState
2019-11-05 08:23:53,990 [Thread-1016] INFO  impl.FollowerState (FollowerState.java:run(117)) - caafcba9-090a-41f5-a5f9-cba5a6a81e94@group-0E159EE4F99E-FollowerState was interrupted: java.lang.InterruptedException: sleep interrupted
2019-11-05 08:23:53,990 [grpc-default-executor-5] INFO  impl.RoleInfo (RoleInfo.java:updateAndGet(143)) - caafcba9-090a-41f5-a5f9-cba5a6a81e94: start FollowerState
2019-11-05 08:23:54,005 [a8ae9c07-6d89-4a49-a594-cacd4b776180@group-0E159EE4F99E-LeaderElection103] INFO  impl.LeaderElection (LeaderElection.java:logAndReturn(56)) - a8ae9c07-6d89-4a49-a594-cacd4b776180@group-0E159EE4F99E-LeaderElection103: Election REJECTED; received 2 response(s) [a8ae9c07-6d89-4a49-a594-cacd4b776180<-caafcba9-090a-41f5-a5f9-cba5a6a81e94#0:FAIL-t52, a8ae9c07-6d89-4a49-a594-cacd4b776180<-b3bb9051-8089-4c51-a999-81579e5913f2#0:FAIL-t52] and 0 exception(s); a8ae9c07-6d89-4a49-a594-cacd4b776180@group-0E159EE4F99E:t52, leader=null, voted=a8ae9c07-6d89-4a49-a594-cacd4b776180, raftlog=a8ae9c07-6d89-4a49-a594-cacd4b776180@group-0E159EE4F99E-SegmentedRaftLog:OPENED:c-1,f-1,i0, conf=-1: [caafcba9-090a-41f5-a5f9-cba5a6a81e94:192.168.164.217:37197, a8ae9c07-6d89-4a49-a594-cacd4b776180:192.168.164.217:42719, b3bb9051-8089-4c51-a999-81579e5913f2:192.168.164.217:36516], old=null
2019-11-05 08:23:54,006 [a8ae9c07-6d89-4a49-a594-cacd4b776180@group-0E159EE4F99E-LeaderElection103] INFO  impl.RaftServerImpl (RaftServerImpl.java:setRole(184)) - a8ae9c07-6d89-4a49-a594-cacd4b776180@group-0E159EE4F99E: changes role from CANDIDATE to FOLLOWER at term 52 for DISCOVERED_A_NEW_TERM
2019-11-05 08:23:54,006 [a8ae9c07-6d89-4a49-a594-cacd4b776180@group-0E159EE4F99E-LeaderElection103] INFO  impl.RoleInfo (RoleInfo.java:shutdownLeaderElection(134)) - a8ae9c07-6d89-4a49-a594-cacd4b776180: shutdown LeaderElection
2019-11-05 08:23:54,006 [a8ae9c07-6d89-4a49-a594-cacd4b776180@group-0E159EE4F99E-LeaderElection103] INFO  impl.RoleInfo (RoleInfo.java:updateAndGet(143)) - a8ae9c07-6d89-4a49-a594-cacd4b776180: start FollowerState
2019-11-05 08:23:54,019 [Thread-1020] INFO  impl.FollowerState (FollowerState.java:run(108)) - 4a682f4f-c3f2-4b77-88b7-f0ab78890feb@group-0DB8C7688BF9-FollowerState: change to CANDIDATE, lastRpcTime:120ms, electionTimeout:120ms
2019-11-05 08:23:54,019 [Thread-1020] INFO  impl.RoleInfo (RoleInfo.java:shutdownFollowerState(121)) - 4a682f4f-c3f2-4b77-88b7-f0ab78890feb: shutdown FollowerState
2019-11-05 08:23:54,019 [Thread-1020] INFO  impl.RaftServerImpl (RaftServerImpl.java:setRole(184)) - 4a682f4f-c3f2-4b77-88b7-f0ab78890feb@group-0DB8C7688BF9: changes role from  FOLLOWER to CANDIDATE at term 47 for changeToCandidate
2019-11-05 08:23:54,019 [Thread-1020] INFO  impl.RoleInfo (RoleInfo.java:updateAndGet(143)) - 4a682f4f-c3f2-4b77-88b7-f0ab78890feb: start LeaderElection
2019-11-05 08:23:54,026 [4a682f4f-c3f2-4b77-88b7-f0ab78890feb@group-0DB8C7688BF9-LeaderElection104] INFO  impl.LeaderElection (LeaderElection.java:askForVotes(178)) - 4a682f4f-c3f2-4b77-88b7-f0ab78890feb@group-0DB8C7688BF9-LeaderElection104: begin an election at term 48 for -1: [77ab65e6-d942-49df-83a3-1d4c0bf152b3:192.168.164.217:39381, 7e1b84a9-a041-44fd-8008-f2679426984c:192.168.164.217:44149, 4a682f4f-c3f2-4b77-88b7-f0ab78890feb:192.168.164.217:34174], old=null
2019-11-05 08:23:54,028 [grpc-default-executor-5] INFO  impl.RaftServerImpl (RaftServerImpl.java:setRole(184)) - 77ab65e6-d942-49df-83a3-1d4c0bf152b3@group-0DB8C7688BF9: changes role from  FOLLOWER to FOLLOWER at term 48 for recognizeCandidate:4a682f4f-c3f2-4b77-88b7-f0ab78890feb
2019-11-05 08:23:54,028 [grpc-default-executor-5] INFO  impl.RoleInfo (RoleInfo.java:shutdownFollowerState(121)) - 77ab65e6-d942-49df-83a3-1d4c0bf152b3: shutdown FollowerState
2019-11-05 08:23:54,028 [grpc-default-executor-0] INFO  impl.RaftServerImpl (RaftServerImpl.java:setRole(184)) - 7e1b84a9-a041-44fd-8008-f2679426984c@group-0DB8C7688BF9: changes role from  FOLLOWER to FOLLOWER at term 48 for recognizeCandidate:4a682f4f-c3f2-4b77-88b7-f0ab78890feb
2019-11-05 08:23:54,028 [grpc-default-executor-5] INFO  impl.RoleInfo (RoleInfo.java:updateAndGet(143)) - 77ab65e6-d942-49df-83a3-1d4c0bf152b3: start FollowerState
2019-11-05 08:23:54,028 [Thread-1018] INFO  impl.FollowerState (FollowerState.java:run(117)) - 77ab65e6-d942-49df-83a3-1d4c0bf152b3@group-0DB8C7688BF9-FollowerState was interrupted: java.lang.InterruptedException: sleep interrupted
2019-11-05 08:23:54,028 [grpc-default-executor-0] INFO  impl.RoleInfo (RoleInfo.java:shutdownFollowerState(121)) - 7e1b84a9-a041-44fd-8008-f2679426984c: shutdown FollowerState
2019-11-05 08:23:54,029 [grpc-default-executor-0] INFO  impl.RoleInfo (RoleInfo.java:updateAndGet(143)) - 7e1b84a9-a041-44fd-8008-f2679426984c: start FollowerState
2019-11-05 08:23:54,029 [Thread-1019] INFO  impl.FollowerState (FollowerState.java:run(117)) - 7e1b84a9-a041-44fd-8008-f2679426984c@group-0DB8C7688BF9-FollowerState was interrupted: java.lang.InterruptedException: sleep interrupted
2019-11-05 08:23:54,043 [4a682f4f-c3f2-4b77-88b7-f0ab78890feb@group-0DB8C7688BF9-LeaderElection104] INFO  impl.LeaderElection (LeaderElection.java:logAndReturn(56)) - 4a682f4f-c3f2-4b77-88b7-f0ab78890feb@group-0DB8C7688BF9-LeaderElection104: Election REJECTED; received 2 response(s) [4a682f4f-c3f2-4b77-88b7-f0ab78890feb<-77ab65e6-d942-49df-83a3-1d4c0bf152b3#0:FAIL-t48, 4a682f4f-c3f2-4b77-88b7-f0ab78890feb<-7e1b84a9-a041-44fd-8008-f2679426984c#0:FAIL-t48] and 0 exception(s); 4a682f4f-c3f2-4b77-88b7-f0ab78890feb@group-0DB8C7688BF9:t48, leader=null, voted=4a682f4f-c3f2-4b77-88b7-f0ab78890feb, raftlog=4a682f4f-c3f2-4b77-88b7-f0ab78890feb@group-0DB8C7688BF9-SegmentedRaftLog:OPENED:c-1,f-1,i0, conf=-1: [77ab65e6-d942-49df-83a3-1d4c0bf152b3:192.168.164.217:39381, 7e1b84a9-a041-44fd-8008-f2679426984c:192.168.164.217:44149, 4a682f4f-c3f2-4b77-88b7-f0ab78890feb:192.168.164.217:34174], old=null
2019-11-05 08:23:54,043 [4a682f4f-c3f2-4b77-88b7-f0ab78890feb@group-0DB8C7688BF9-LeaderElection104] INFO  impl.RaftServerImpl (RaftServerImpl.java:setRole(184)) - 4a682f4f-c3f2-4b77-88b7-f0ab78890feb@group-0DB8C7688BF9: changes role from CANDIDATE to FOLLOWER at term 48 for DISCOVERED_A_NEW_TERM
2019-11-05 08:23:54,044 [4a682f4f-c3f2-4b77-88b7-f0ab78890feb@group-0DB8C7688BF9-LeaderElection104] INFO  impl.RoleInfo (RoleInfo.java:shutdownLeaderElection(134)) - 4a682f4f-c3f2-4b77-88b7-f0ab78890feb: shutdown LeaderElection
2019-11-05 08:23:54,044 [4a682f4f-c3f2-4b77-88b7-f0ab78890feb@group-0DB8C7688BF9-LeaderElection104] INFO  impl.RoleInfo (RoleInfo.java:updateAndGet(143)) - 4a682f4f-c3f2-4b77-88b7-f0ab78890feb: start FollowerState
2019-11-05 08:23:54,183 [Thread-1027] INFO  impl.FollowerState (FollowerState.java:run(108)) - a8ae9c07-6d89-4a49-a594-cacd4b776180@group-0E159EE4F99E-FollowerState: change to CANDIDATE, lastRpcTime:177ms, electionTimeout:177ms
2019-11-05 08:23:54,184 [Thread-1027] INFO  impl.RoleInfo (RoleInfo.java:shutdownFollowerState(121)) - a8ae9c07-6d89-4a49-a594-cacd4b776180: shutdown FollowerState
2019-11-05 08:23:54,184 [Thread-1027] INFO  impl.RaftServerImpl (RaftServerImpl.java:setRole(184)) - a8ae9c07-6d89-4a49-a594-cacd4b776180@group-0E159EE4F99E: changes role from  FOLLOWER to CANDIDATE at term 52 for changeToCandidate
2019-11-05 08:23:54,184 [Thread-1027] INFO  impl.RoleInfo (RoleInfo.java:updateAndGet(143)) - a8ae9c07-6d89-4a49-a594-cacd4b776180: start LeaderElection
2019-11-05 08:23:54,199 [a8ae9c07-6d89-4a49-a594-cacd4b776180@group-0E159EE4F99E-LeaderElection105] INFO  impl.LeaderElection (LeaderElection.java:askForVotes(178)) - a8ae9c07-6d89-4a49-a594-cacd4b776180@group-0E159EE4F99E-LeaderElection105: begin an election at term 53 for -1: [caafcba9-090a-41f5-a5f9-cba5a6a81e94:192.168.164.217:37197, a8ae9c07-6d89-4a49-a594-cacd4b776180:192.168.164.217:42719, b3bb9051-8089-4c51-a999-81579e5913f2:192.168.164.217:36516], old=null
2019-11-05 08:23:54,201 [grpc-default-executor-0] INFO  impl.RaftServerImpl (RaftServerImpl.java:setRole(184)) - b3bb9051-8089-4c51-a999-81579e5913f2@group-0E159EE4F99E: changes role from  FOLLOWER to FOLLOWER at term 53 for recognizeCandidate:a8ae9c07-6d89-4a49-a594-cacd4b776180
2019-11-05 08:23:54,201 [grpc-default-executor-0] INFO  impl.RoleInfo (RoleInfo.java:shutdownFollowerState(121)) - b3bb9051-8089-4c51-a999-81579e5913f2: shutdown FollowerState
2019-11-05 08:23:54,201 [grpc-default-executor-5] INFO  impl.RaftServerImpl (RaftServerImpl.java:setRole(184)) - caafcba9-090a-41f5-a5f9-cba5a6a81e94@group-0E159EE4F99E: changes role from  FOLLOWER to FOLLOWER at term 53 for recognizeCandidate:a8ae9c07-6d89-4a49-a594-cacd4b776180
2019-11-05 08:23:54,201 [Thread-1025] INFO  impl.FollowerState (FollowerState.java:run(117)) - b3bb9051-8089-4c51-a999-81579e5913f2@group-0E159EE4F99E-FollowerState was interrupted: java.lang.InterruptedException: sleep interrupted
2019-11-05 08:23:54,201 [grpc-default-executor-0] INFO  impl.RoleInfo (RoleInfo.java:updateAndGet(143)) - b3bb9051-8089-4c51-a999-81579e5913f2: start FollowerState
2019-11-05 08:23:54,201 [grpc-default-executor-5] INFO  impl.RoleInfo (RoleInfo.java:shutdownFollowerState(121)) - caafcba9-090a-41f5-a5f9-cba5a6a81e94: shutdown FollowerState
2019-11-05 08:23:54,202 [grpc-default-executor-5] INFO  impl.RoleInfo (RoleInfo.java:updateAndGet(143)) - caafcba9-090a-41f5-a5f9-cba5a6a81e94: start FollowerState
2019-11-05 08:23:54,202 [Thread-1026] INFO  impl.FollowerState (FollowerState.java:run(117)) - caafcba9-090a-41f5-a5f9-cba5a6a81e94@group-0E159EE4F99E-FollowerState was interrupted: java.lang.InterruptedException: sleep interrupted
2019-11-05 08:23:54,217 [a8ae9c07-6d89-4a49-a594-cacd4b776180@group-0E159EE4F99E-LeaderElection105] INFO  impl.LeaderElection (LeaderElection.java:logAndReturn(56)) - a8ae9c07-6d89-4a49-a594-cacd4b776180@group-0E159EE4F99E-LeaderElection105: Election REJECTED; received 2 response(s) [a8ae9c07-6d89-4a49-a594-cacd4b776180<-caafcba9-090a-41f5-a5f9-cba5a6a81e94#0:FAIL-t53, a8ae9c07-6d89-4a49-a594-cacd4b776180<-b3bb9051-8089-4c51-a999-81579e5913f2#0:FAIL-t53] and 0 exception(s); a8ae9c07-6d89-4a49-a594-cacd4b776180@group-0E159EE4F99E:t53, leader=null, voted=a8ae9c07-6d89-4a49-a594-cacd4b776180, raftlog=a8ae9c07-6d89-4a49-a594-cacd4b776180@group-0E159EE4F99E-SegmentedRaftLog:OPENED:c-1,f-1,i0, conf=-1: [caafcba9-090a-41f5-a5f9-cba5a6a81e94:192.168.164.217:37197, a8ae9c07-6d89-4a49-a594-cacd4b776180:192.168.164.217:42719, b3bb9051-8089-4c51-a999-81579e5913f2:192.168.164.217:36516], old=null
2019-11-05 08:23:54,217 [a8ae9c07-6d89-4a49-a594-cacd4b776180@group-0E159EE4F99E-LeaderElection105] INFO  impl.RaftServerImpl (RaftServerImpl.java:setRole(184)) - a8ae9c07-6d89-4a49-a594-cacd4b776180@group-0E159EE4F99E: changes role from CANDIDATE to FOLLOWER at term 53 for DISCOVERED_A_NEW_TERM
2019-11-05 08:23:54,217 [a8ae9c07-6d89-4a49-a594-cacd4b776180@group-0E159EE4F99E-LeaderElection105] INFO  impl.RoleInfo (RoleInfo.java:shutdownLeaderElection(134)) - a8ae9c07-6d89-4a49-a594-cacd4b776180: shutdown LeaderElection
2019-11-05 08:23:54,217 [a8ae9c07-6d89-4a49-a594-cacd4b776180@group-0E159EE4F99E-LeaderElection105] INFO  impl.RoleInfo (RoleInfo.java:updateAndGet(143)) - a8ae9c07-6d89-4a49-a594-cacd4b776180: start FollowerState
2019-11-05 08:23:54,226 [Thread-1033] INFO  impl.FollowerState (FollowerState.java:run(108)) - 4a682f4f-c3f2-4b77-88b7-f0ab78890feb@group-0DB8C7688BF9-FollowerState: change to CANDIDATE, lastRpcTime:182ms, electionTimeout:182ms
2019-11-05 08:23:54,226 [Thread-1033] INFO  impl.RoleInfo (RoleInfo.java:shutdownFollowerState(121)) - 4a682f4f-c3f2-4b77-88b7-f0ab78890feb: shutdown FollowerState
2019-11-05 08:23:54,226 [Thread-1033] INFO  impl.RaftServerImpl (RaftServerImpl.java:setRole(184)) - 4a682f4f-c3f2-4b77-88b7-f0ab78890feb@group-0DB8C7688BF9: changes role from  FOLLOWER to CANDIDATE at term 48 for changeToCandidate
2019-11-05 08:23:54,226 [Thread-1033] INFO  impl.RoleInfo (RoleInfo.java:updateAndGet(143)) - 4a682f4f-c3f2-4b77-88b7-f0ab78890feb: start LeaderElection
2019-11-05 08:23:54,240 [4a682f4f-c3f2-4b77-88b7-f0ab78890feb@group-0DB8C7688BF9-LeaderElection106] INFO  impl.LeaderElection (LeaderElection.java:askForVotes(178)) - 4a682f4f-c3f2-4b77-88b7-f0ab78890feb@group-0DB8C7688BF9-LeaderElection106: begin an election at term 49 for -1: [77ab65e6-d942-49df-83a3-1d4c0bf152b3:192.168.164.217:39381, 7e1b84a9-a041-44fd-8008-f2679426984c:192.168.164.217:44149, 4a682f4f-c3f2-4b77-88b7-f0ab78890feb:192.168.164.217:34174], old=null
2019-11-05 08:23:54,243 [grpc-default-executor-0] INFO  impl.RaftServerImpl (RaftServerImpl.java:setRole(184)) - 7e1b84a9-a041-44fd-8008-f2679426984c@group-0DB8C7688BF9: changes role from  FOLLOWER to FOLLOWER at term 49 for recognizeCandidate:4a682f4f-c3f2-4b77-88b7-f0ab78890feb
2019-11-05 08:23:54,243 [grpc-default-executor-0] INFO  impl.RoleInfo (RoleInfo.java:shutdownFollowerState(121)) - 7e1b84a9-a041-44fd-8008-f2679426984c: shutdown FollowerState
2019-11-05 08:23:54,243 [grpc-default-executor-5] INFO  impl.RaftServerImpl (RaftServerImpl.java:setRole(184)) - 77ab65e6-d942-49df-83a3-1d4c0bf152b3@group-0DB8C7688BF9: changes role from  FOLLOWER to FOLLOWER at term 49 for recognizeCandidate:4a682f4f-c3f2-4b77-88b7-f0ab78890feb
2019-11-05 08:23:54,243 [Thread-1032] INFO  impl.FollowerState (FollowerState.java:run(117)) - 7e1b84a9-a041-44fd-8008-f2679426984c@group-0DB8C7688BF9-FollowerState was interrupted: java.lang.InterruptedException: sleep interrupted
2019-11-05 08:23:54,243 [grpc-default-executor-0] INFO  impl.RoleInfo (RoleInfo.java:updateAndGet(143)) - 7e1b84a9-a041-44fd-8008-f2679426984c: start FollowerState
2019-11-05 08:23:54,243 [grpc-default-executor-5] INFO  impl.RoleInfo (RoleInfo.java:shutdownFollowerState(121)) - 77ab65e6-d942-49df-83a3-1d4c0bf152b3: shutdown FollowerState
2019-11-05 08:23:54,243 [grpc-default-executor-5] INFO  impl.RoleInfo (RoleInfo.java:updateAndGet(143)) - 77ab65e6-d942-49df-83a3-1d4c0bf152b3: start FollowerState
2019-11-05 08:23:54,243 [Thread-1031] INFO  impl.FollowerState (FollowerState.java:run(117)) - 77ab65e6-d942-49df-83a3-1d4c0bf152b3@group-0DB8C7688BF9-FollowerState was interrupted: java.lang.InterruptedException: sleep interrupted
2019-11-05 08:23:54,258 [4a682f4f-c3f2-4b77-88b7-f0ab78890feb@group-0DB8C7688BF9-LeaderElection106] INFO  impl.LeaderElection (LeaderElection.java:logAndReturn(56)) - 4a682f4f-c3f2-4b77-88b7-f0ab78890feb@group-0DB8C7688BF9-LeaderElection106: Election REJECTED; received 2 response(s) [4a682f4f-c3f2-4b77-88b7-f0ab78890feb<-77ab65e6-d942-49df-83a3-1d4c0bf152b3#0:FAIL-t49, 4a682f4f-c3f2-4b77-88b7-f0ab78890feb<-7e1b84a9-a041-44fd-8008-f2679426984c#0:FAIL-t49] and 0 exception(s); 4a682f4f-c3f2-4b77-88b7-f0ab78890feb@group-0DB8C7688BF9:t49, leader=null, voted=4a682f4f-c3f2-4b77-88b7-f0ab78890feb, raftlog=4a682f4f-c3f2-4b77-88b7-f0ab78890feb@group-0DB8C7688BF9-SegmentedRaftLog:OPENED:c-1,f-1,i0, conf=-1: [77ab65e6-d942-49df-83a3-1d4c0bf152b3:192.168.164.217:39381, 7e1b84a9-a041-44fd-8008-f2679426984c:192.168.164.217:44149, 4a682f4f-c3f2-4b77-88b7-f0ab78890feb:192.168.164.217:34174], old=null
2019-11-05 08:23:54,258 [4a682f4f-c3f2-4b77-88b7-f0ab78890feb@group-0DB8C7688BF9-LeaderElection106] INFO  impl.RaftServerImpl (RaftServerImpl.java:setRole(184)) - 4a682f4f-c3f2-4b77-88b7-f0ab78890feb@group-0DB8C7688BF9: changes role from CANDIDATE to FOLLOWER at term 49 for DISCOVERED_A_NEW_TERM
2019-11-05 08:23:54,258 [4a682f4f-c3f2-4b77-88b7-f0ab78890feb@group-0DB8C7688BF9-LeaderElection106] INFO  impl.RoleInfo (RoleInfo.java:shutdownLeaderElection(134)) - 4a682f4f-c3f2-4b77-88b7-f0ab78890feb: shutdown LeaderElection
2019-11-05 08:23:54,258 [4a682f4f-c3f2-4b77-88b7-f0ab78890feb@group-0DB8C7688BF9-LeaderElection106] INFO  impl.RoleInfo (RoleInfo.java:updateAndGet(143)) - 4a682f4f-c3f2-4b77-88b7-f0ab78890feb: start FollowerState
2019-11-05 08:23:54,262 [Thread-1041] INFO  impl.FollowerState (FollowerState.java:run(108)) - a8ae9c07-6d89-4a49-a594-cacd4b776180@group-0E159EE4F99E-FollowerState: change to CANDIDATE, lastRpcTime:44ms, electionTimeout:44ms
2019-11-05 08:23:54,262 [Thread-1041] INFO  impl.RoleInfo (RoleInfo.java:shutdownFollowerState(121)) - a8ae9c07-6d89-4a49-a594-cacd4b776180: shutdown FollowerState
2019-11-05 08:23:54,262 [Thread-1041] INFO  impl.RaftServerImpl (RaftServerImpl.java:setRole(184)) - a8ae9c07-6d89-4a49-a594-cacd4b776180@group-0E159EE4F99E: changes role from  FOLLOWER to CANDIDATE at term 53 for changeToCandidate
2019-11-05 08:23:54,262 [Thread-1041] INFO  impl.RoleInfo (RoleInfo.java:updateAndGet(143)) - a8ae9c07-6d89-4a49-a594-cacd4b776180: start LeaderElection
2019-11-05 08:23:54,300 [a8ae9c07-6d89-4a49-a594-cacd4b776180@group-0E159EE4F99E-LeaderElection107] INFO  impl.LeaderElection (LeaderElection.java:askForVotes(178)) - a8ae9c07-6d89-4a49-a594-cacd4b776180@group-0E159EE4F99E-LeaderElection107: begin an election at term 54 for -1: [caafcba9-090a-41f5-a5f9-cba5a6a81e94:192.168.164.217:37197, a8ae9c07-6d89-4a49-a594-cacd4b776180:192.168.164.217:42719, b3bb9051-8089-4c51-a999-81579e5913f2:192.168.164.217:36516], old=null
2019-11-05 08:23:54,302 [grpc-default-executor-5] INFO  impl.RaftServerImpl (RaftServerImpl.java:setRole(184)) - b3bb9051-8089-4c51-a999-81579e5913f2@group-0E159EE4F99E: changes role from  FOLLOWER to FOLLOWER at term 54 for recognizeCandidate:a8ae9c07-6d89-4a49-a594-cacd4b776180
2019-11-05 08:23:54,302 [grpc-default-executor-5] INFO  impl.RoleInfo (RoleInfo.java:shutdownFollowerState(121)) - b3bb9051-8089-4c51-a999-81579e5913f2: shutdown FollowerState
2019-11-05 08:23:54,302 [grpc-default-executor-0] INFO  impl.RaftServerImpl (RaftServerImpl.java:setRole(184)) - caafcba9-090a-41f5-a5f9-cba5a6a81e94@group-0E159EE4F99E: changes role from  FOLLOWER to FOLLOWER at term 54 for recognizeCandidate:a8ae9c07-6d89-4a49-a594-cacd4b776180
2019-11-05 08:23:54,302 [Thread-1039] INFO  impl.FollowerState (FollowerState.java:run(117)) - b3bb9051-8089-4c51-a999-81579e5913f2@group-0E159EE4F99E-FollowerState was interrupted: java.lang.InterruptedException: sleep interrupted
2019-11-05 08:23:54,302 [grpc-default-executor-5] INFO  impl.RoleInfo (RoleInfo.java:updateAndGet(143)) - b3bb9051-8089-4c51-a999-81579e5913f2: start FollowerState
2019-11-05 08:23:54,302 [grpc-default-executor-0] INFO  impl.RoleInfo (RoleInfo.java:shutdownFollowerState(121)) - caafcba9-090a-41f5-a5f9-cba5a6a81e94: shutdown FollowerState
2019-11-05 08:23:54,303 [grpc-default-executor-0] INFO  impl.RoleInfo (RoleInfo.java:updateAndGet(143)) - caafcba9-090a-41f5-a5f9-cba5a6a81e94: start FollowerState
2019-11-05 08:23:54,303 [Thread-1040] INFO  impl.FollowerState (FollowerState.java:run(117)) - caafcba9-090a-41f5-a5f9-cba5a6a81e94@group-0E159EE4F99E-FollowerState was interrupted: java.lang.InterruptedException: sleep interrupted
2019-11-05 08:23:54,323 [a8ae9c07-6d89-4a49-a594-cacd4b776180@group-0E159EE4F99E-LeaderElection107] INFO  impl.LeaderElection (LeaderElection.java:logAndReturn(56)) - a8ae9c07-6d89-4a49-a594-cacd4b776180@group-0E159EE4F99E-LeaderElection107: Election REJECTED; received 2 response(s) [a8ae9c07-6d89-4a49-a594-cacd4b776180<-caafcba9-090a-41f5-a5f9-cba5a6a81e94#0:FAIL-t54, a8ae9c07-6d89-4a49-a594-cacd4b776180<-b3bb9051-8089-4c51-a999-81579e5913f2#0:FAIL-t54] and 0 exception(s); a8ae9c07-6d89-4a49-a594-cacd4b776180@group-0E159EE4F99E:t54, leader=null, voted=a8ae9c07-6d89-4a49-a594-cacd4b776180, raftlog=a8ae9c07-6d89-4a49-a594-cacd4b776180@group-0E159EE4F99E-SegmentedRaftLog:OPENED:c-1,f-1,i0, conf=-1: [caafcba9-090a-41f5-a5f9-cba5a6a81e94:192.168.164.217:37197, a8ae9c07-6d89-4a49-a594-cacd4b776180:192.168.164.217:42719, b3bb9051-8089-4c51-a999-81579e5913f2:192.168.164.217:36516], old=null
2019-11-05 08:23:54,323 [a8ae9c07-6d89-4a49-a594-cacd4b776180@group-0E159EE4F99E-LeaderElection107] INFO  impl.RaftServerImpl (RaftServerImpl.java:setRole(184)) - a8ae9c07-6d89-4a49-a594-cacd4b776180@group-0E159EE4F99E: changes role from CANDIDATE to FOLLOWER at term 54 for DISCOVERED_A_NEW_TERM
2019-11-05 08:23:54,323 [a8ae9c07-6d89-4a49-a594-cacd4b776180@group-0E159EE4F99E-LeaderElection107] INFO  impl.RoleInfo (RoleInfo.java:shutdownLeaderElection(134)) - a8ae9c07-6d89-4a49-a594-cacd4b776180: shutdown LeaderElection
2019-11-05 08:23:54,324 [a8ae9c07-6d89-4a49-a594-cacd4b776180@group-0E159EE4F99E-LeaderElection107] INFO  impl.RoleInfo (RoleInfo.java:updateAndGet(143)) - a8ae9c07-6d89-4a49-a594-cacd4b776180: start FollowerState
2019-11-05 08:23:54,377 [Thread-1053] INFO  impl.FollowerState (FollowerState.java:run(108)) - a8ae9c07-6d89-4a49-a594-cacd4b776180@group-0E159EE4F99E-FollowerState: change to CANDIDATE, lastRpcTime:53ms, electionTimeout:53ms
2019-11-05 08:23:54,377 [Thread-1053] INFO  impl.RoleInfo (RoleInfo.java:shutdownFollowerState(121)) - a8ae9c07-6d89-4a49-a594-cacd4b776180: shutdown FollowerState
2019-11-05 08:23:54,377 [Thread-1053] INFO  impl.RaftServerImpl (RaftServerImpl.java:setRole(184)) - a8ae9c07-6d89-4a49-a594-cacd4b776180@group-0E159EE4F99E: changes role from  FOLLOWER to CANDIDATE at term 54 for changeToCandidate
2019-11-05 08:23:54,377 [Thread-1053] INFO  impl.RoleInfo (RoleInfo.java:updateAndGet(143)) - a8ae9c07-6d89-4a49-a594-cacd4b776180: start LeaderElection
2019-11-05 08:23:54,391 [a8ae9c07-6d89-4a49-a594-cacd4b776180@group-0E159EE4F99E-LeaderElection108] INFO  impl.LeaderElection (LeaderElection.java:askForVotes(178)) - a8ae9c07-6d89-4a49-a594-cacd4b776180@group-0E159EE4F99E-LeaderElection108: begin an election at term 55 for -1: [caafcba9-090a-41f5-a5f9-cba5a6a81e94:192.168.164.217:37197, a8ae9c07-6d89-4a49-a594-cacd4b776180:192.168.164.217:42719, b3bb9051-8089-4c51-a999-81579e5913f2:192.168.164.217:36516], old=null
2019-11-05 08:23:54,393 [grpc-default-executor-0] INFO  impl.RaftServerImpl (RaftServerImpl.java:setRole(184)) - caafcba9-090a-41f5-a5f9-cba5a6a81e94@group-0E159EE4F99E: changes role from  FOLLOWER to FOLLOWER at term 55 for recognizeCandidate:a8ae9c07-6d89-4a49-a594-cacd4b776180
2019-11-05 08:23:54,393 [grpc-default-executor-0] INFO  impl.RoleInfo (RoleInfo.java:shutdownFollowerState(121)) - caafcba9-090a-41f5-a5f9-cba5a6a81e94: shutdown FollowerState
2019-11-05 08:23:54,393 [grpc-default-executor-5] INFO  impl.RaftServerImpl (RaftServerImpl.java:setRole(184)) - b3bb9051-8089-4c51-a999-81579e5913f2@group-0E159EE4F99E: changes role from  FOLLOWER to FOLLOWER at term 55 for recognizeCandidate:a8ae9c07-6d89-4a49-a594-cacd4b776180
2019-11-05 08:23:54,393 [Thread-1052] INFO  impl.FollowerState (FollowerState.java:run(117)) - caafcba9-090a-41f5-a5f9-cba5a6a81e94@group-0E159EE4F99E-FollowerState was interrupted: java.lang.InterruptedException: sleep interrupted
2019-11-05 08:23:54,393 [grpc-default-executor-0] INFO  impl.RoleInfo (RoleInfo.java:updateAndGet(143)) - caafcba9-090a-41f5-a5f9-cba5a6a81e94: start FollowerState
2019-11-05 08:23:54,394 [grpc-default-executor-5] INFO  impl.RoleInfo (RoleInfo.java:shutdownFollowerState(121)) - b3bb9051-8089-4c51-a999-81579e5913f2: shutdown FollowerState
2019-11-05 08:23:54,394 [Thread-1051] INFO  impl.FollowerState (FollowerState.java:run(117)) - b3bb9051-8089-4c51-a999-81579e5913f2@group-0E159EE4F99E-FollowerState was interrupted: java.lang.InterruptedException: sleep interrupted
2019-11-05 08:23:54,394 [grpc-default-executor-5] INFO  impl.RoleInfo (RoleInfo.java:updateAndGet(143)) - b3bb9051-8089-4c51-a999-81579e5913f2: start FollowerState
2019-11-05 08:23:54,398 [Thread-1047] INFO  impl.FollowerState (FollowerState.java:run(108)) - 4a682f4f-c3f2-4b77-88b7-f0ab78890feb@group-0DB8C7688BF9-FollowerState: change to CANDIDATE, lastRpcTime:140ms, electionTimeout:140ms
2019-11-05 08:23:54,399 [Thread-1047] INFO  impl.RoleInfo (RoleInfo.java:shutdownFollowerState(121)) - 4a682f4f-c3f2-4b77-88b7-f0ab78890feb: shutdown FollowerState
2019-11-05 08:23:54,399 [Thread-1047] INFO  impl.RaftServerImpl (RaftServerImpl.java:setRole(184)) - 4a682f4f-c3f2-4b77-88b7-f0ab78890feb@group-0DB8C7688BF9: changes role from  FOLLOWER to CANDIDATE at term 49 for changeToCandidate
2019-11-05 08:23:54,399 [Thread-1047] INFO  impl.RoleInfo (RoleInfo.java:updateAndGet(143)) - 4a682f4f-c3f2-4b77-88b7-f0ab78890feb: start LeaderElection
2019-11-05 08:23:54,408 [4a682f4f-c3f2-4b77-88b7-f0ab78890feb@group-0DB8C7688BF9-LeaderElection109] INFO  impl.LeaderElection (LeaderElection.java:askForVotes(178)) - 4a682f4f-c3f2-4b77-88b7-f0ab78890feb@group-0DB8C7688BF9-LeaderElection109: begin an election at term 50 for -1: [77ab65e6-d942-49df-83a3-1d4c0bf152b3:192.168.164.217:39381, 7e1b84a9-a041-44fd-8008-f2679426984c:192.168.164.217:44149, 4a682f4f-c3f2-4b77-88b7-f0ab78890feb:192.168.164.217:34174], old=null
2019-11-05 08:23:54,409 [a8ae9c07-6d89-4a49-a594-cacd4b776180@group-0E159EE4F99E-LeaderElection108] INFO  impl.LeaderElection (LeaderElection.java:logAndReturn(56)) - a8ae9c07-6d89-4a49-a594-cacd4b776180@group-0E159EE4F99E-LeaderElection108: Election REJECTED; received 2 response(s) [a8ae9c07-6d89-4a49-a594-cacd4b776180<-caafcba9-090a-41f5-a5f9-cba5a6a81e94#0:FAIL-t55, a8ae9c07-6d89-4a49-a594-cacd4b776180<-b3bb9051-8089-4c51-a999-81579e5913f2#0:FAIL-t55] and 0 exception(s); a8ae9c07-6d89-4a49-a594-cacd4b776180@group-0E159EE4F99E:t55, leader=null, voted=a8ae9c07-6d89-4a49-a594-cacd4b776180, raftlog=a8ae9c07-6d89-4a49-a594-cacd4b776180@group-0E159EE4F99E-SegmentedRaftLog:OPENED:c-1,f-1,i0, conf=-1: [caafcba9-090a-41f5-a5f9-cba5a6a81e94:192.168.164.217:37197, a8ae9c07-6d89-4a49-a594-cacd4b776180:192.168.164.217:42719, b3bb9051-8089-4c51-a999-81579e5913f2:192.168.164.217:36516], old=null
2019-11-05 08:23:54,409 [a8ae9c07-6d89-4a49-a594-cacd4b776180@group-0E159EE4F99E-LeaderElection108] INFO  impl.RaftServerImpl (RaftServerImpl.java:setRole(184)) - a8ae9c07-6d89-4a49-a594-cacd4b776180@group-0E159EE4F99E: changes role from CANDIDATE to FOLLOWER at term 55 for DISCOVERED_A_NEW_TERM
2019-11-05 08:23:54,409 [a8ae9c07-6d89-4a49-a594-cacd4b776180@group-0E159EE4F99E-LeaderElection108] INFO  impl.RoleInfo (RoleInfo.java:shutdownLeaderElection(134)) - a8ae9c07-6d89-4a49-a594-cacd4b776180: shutdown LeaderElection
2019-11-05 08:23:54,409 [a8ae9c07-6d89-4a49-a594-cacd4b776180@group-0E159EE4F99E-LeaderElection108] INFO  impl.RoleInfo (RoleInfo.java:updateAndGet(143)) - a8ae9c07-6d89-4a49-a594-cacd4b776180: start FollowerState
2019-11-05 08:23:54,410 [grpc-default-executor-5] INFO  impl.RaftServerImpl (RaftServerImpl.java:setRole(184)) - 77ab65e6-d942-49df-83a3-1d4c0bf152b3@group-0DB8C7688BF9: changes role from  FOLLOWER to FOLLOWER at term 50 for recognizeCandidate:4a682f4f-c3f2-4b77-88b7-f0ab78890feb
2019-11-05 08:23:54,410 [grpc-default-executor-5] INFO  impl.RoleInfo (RoleInfo.java:shutdownFollowerState(121)) - 77ab65e6-d942-49df-83a3-1d4c0bf152b3: shutdown FollowerState
2019-11-05 08:23:54,410 [grpc-default-executor-0] INFO  impl.RaftServerImpl (RaftServerImpl.java:setRole(184)) - 7e1b84a9-a041-44fd-8008-f2679426984c@group-0DB8C7688BF9: changes role from  FOLLOWER to FOLLOWER at term 50 for recognizeCandidate:4a682f4f-c3f2-4b77-88b7-f0ab78890feb
2019-11-05 08:23:54,410 [Thread-1046] INFO  impl.FollowerState (FollowerState.java:run(117)) - 77ab65e6-d942-49df-83a3-1d4c0bf152b3@group-0DB8C7688BF9-FollowerState was interrupted: java.lang.InterruptedException: sleep interrupted
2019-11-05 08:23:54,410 [grpc-default-executor-5] INFO  impl.RoleInfo (RoleInfo.java:updateAndGet(143)) - 77ab65e6-d942-49df-83a3-1d4c0bf152b3: start FollowerState
2019-11-05 08:23:54,410 [grpc-default-executor-0] INFO  impl.RoleInfo (RoleInfo.java:shutdownFollowerState(121)) - 7e1b84a9-a041-44fd-8008-f2679426984c: shutdown FollowerState
2019-11-05 08:23:54,411 [grpc-default-executor-0] INFO  impl.RoleInfo (RoleInfo.java:updateAndGet(143)) - 7e1b84a9-a041-44fd-8008-f2679426984c: start FollowerState
2019-11-05 08:23:54,411 [Thread-1045] INFO  impl.FollowerState (FollowerState.java:run(117)) - 7e1b84a9-a041-44fd-8008-f2679426984c@group-0DB8C7688BF9-FollowerState was interrupted: java.lang.InterruptedException: sleep interrupted
2019-11-05 08:23:54,412 [4a682f4f-c3f2-4b77-88b7-f0ab78890feb@group-0DB8C7688BF9-LeaderElection109] INFO  impl.LeaderElection (LeaderElection.java:logAndReturn(56)) - 4a682f4f-c3f2-4b77-88b7-f0ab78890feb@group-0DB8C7688BF9-LeaderElection109: Election TIMEOUT; received 0 response(s) [] and 0 exception(s); 4a682f4f-c3f2-4b77-88b7-f0ab78890feb@group-0DB8C7688BF9:t50, leader=null, voted=4a682f4f-c3f2-4b77-88b7-f0ab78890feb, raftlog=4a682f4f-c3f2-4b77-88b7-f0ab78890feb@group-0DB8C7688BF9-SegmentedRaftLog:OPENED:c-1,f-1,i0, conf=-1: [77ab65e6-d942-49df-83a3-1d4c0bf152b3:192.168.164.217:39381, 7e1b84a9-a041-44fd-8008-f2679426984c:192.168.164.217:44149, 4a682f4f-c3f2-4b77-88b7-f0ab78890feb:192.168.164.217:34174], old=null
2019-11-05 08:23:54,424 [4a682f4f-c3f2-4b77-88b7-f0ab78890feb@group-0DB8C7688BF9-LeaderElection109] INFO  impl.LeaderElection (LeaderElection.java:askForVotes(178)) - 4a682f4f-c3f2-4b77-88b7-f0ab78890feb@group-0DB8C7688BF9-LeaderElection109: begin an election at term 51 for -1: [77ab65e6-d942-49df-83a3-1d4c0bf152b3:192.168.164.217:39381, 7e1b84a9-a041-44fd-8008-f2679426984c:192.168.164.217:44149, 4a682f4f-c3f2-4b77-88b7-f0ab78890feb:192.168.164.217:34174], old=null
2019-11-05 08:23:54,426 [grpc-default-executor-0] INFO  impl.RaftServerImpl (RaftServerImpl.java:setRole(184)) - 77ab65e6-d942-49df-83a3-1d4c0bf152b3@group-0DB8C7688BF9: changes role from  FOLLOWER to FOLLOWER at term 51 for recognizeCandidate:4a682f4f-c3f2-4b77-88b7-f0ab78890feb
2019-11-05 08:23:54,426 [grpc-default-executor-5] INFO  impl.RaftServerImpl (RaftServerImpl.java:setRole(184)) - 7e1b84a9-a041-44fd-8008-f2679426984c@group-0DB8C7688BF9: changes role from  FOLLOWER to FOLLOWER at term 51 for recognizeCandidate:4a682f4f-c3f2-4b77-88b7-f0ab78890feb
2019-11-05 08:23:54,426 [grpc-default-executor-0] INFO  impl.RoleInfo (RoleInfo.java:shutdownFollowerState(121)) - 77ab65e6-d942-49df-83a3-1d4c0bf152b3: shutdown FollowerState
2019-11-05 08:23:54,426 [grpc-default-executor-5] INFO  impl.RoleInfo (RoleInfo.java:shutdownFollowerState(121)) - 7e1b84a9-a041-44fd-8008-f2679426984c: shutdown FollowerState
2019-11-05 08:23:54,427 [Thread-1063] INFO  impl.FollowerState (FollowerState.java:run(117)) - 77ab65e6-d942-49df-83a3-1d4c0bf152b3@group-0DB8C7688BF9-FollowerState was interrupted: java.lang.InterruptedException: sleep interrupted
2019-11-05 08:23:54,426 [grpc-default-executor-0] INFO  impl.RoleInfo (RoleInfo.java:updateAndGet(143)) - 77ab65e6-d942-49df-83a3-1d4c0bf152b3: start FollowerState
2019-11-05 08:23:54,427 [Thread-1064] INFO  impl.FollowerState (FollowerState.java:run(117)) - 7e1b84a9-a041-44fd-8008-f2679426984c@group-0DB8C7688BF9-FollowerState was interrupted: java.lang.InterruptedException: sleep interrupted
2019-11-05 08:23:54,427 [grpc-default-executor-5] INFO  impl.RoleInfo (RoleInfo.java:updateAndGet(143)) - 7e1b84a9-a041-44fd-8008-f2679426984c: start FollowerState
2019-11-05 08:23:54,441 [4a682f4f-c3f2-4b77-88b7-f0ab78890feb@group-0DB8C7688BF9-LeaderElection109] INFO  impl.LeaderElection (LeaderElection.java:logAndReturn(56)) - 4a682f4f-c3f2-4b77-88b7-f0ab78890feb@group-0DB8C7688BF9-LeaderElection109: Election REJECTED; received 2 response(s) [4a682f4f-c3f2-4b77-88b7-f0ab78890feb<-77ab65e6-d942-49df-83a3-1d4c0bf152b3#0:FAIL-t51, 4a682f4f-c3f2-4b77-88b7-f0ab78890feb<-7e1b84a9-a041-44fd-8008-f2679426984c#0:FAIL-t51] and 0 exception(s); 4a682f4f-c3f2-4b77-88b7-f0ab78890feb@group-0DB8C7688BF9:t51, leader=null, voted=4a682f4f-c3f2-4b77-88b7-f0ab78890feb, raftlog=4a682f4f-c3f2-4b77-88b7-f0ab78890feb@group-0DB8C7688BF9-SegmentedRaftLog:OPENED:c-1,f-1,i0, conf=-1: [77ab65e6-d942-49df-83a3-1d4c0bf152b3:192.168.164.217:39381, 7e1b84a9-a041-44fd-8008-f2679426984c:192.168.164.217:44149, 4a682f4f-c3f2-4b77-88b7-f0ab78890feb:192.168.164.217:34174], old=null
2019-11-05 08:23:54,441 [4a682f4f-c3f2-4b77-88b7-f0ab78890feb@group-0DB8C7688BF9-LeaderElection109] INFO  impl.RaftServerImpl (RaftServerImpl.java:setRole(184)) - 4a682f4f-c3f2-4b77-88b7-f0ab78890feb@group-0DB8C7688BF9: changes role from CANDIDATE to FOLLOWER at term 51 for DISCOVERED_A_NEW_TERM
2019-11-05 08:23:54,441 [4a682f4f-c3f2-4b77-88b7-f0ab78890feb@group-0DB8C7688BF9-LeaderElection109] INFO  impl.RoleInfo (RoleInfo.java:shutdownLeaderElection(134)) - 4a682f4f-c3f2-4b77-88b7-f0ab78890feb: shutdown LeaderElection
2019-11-05 08:23:54,441 [4a682f4f-c3f2-4b77-88b7-f0ab78890feb@group-0DB8C7688BF9-LeaderElection109] INFO  impl.RoleInfo (RoleInfo.java:updateAndGet(143)) - 4a682f4f-c3f2-4b77-88b7-f0ab78890feb: start FollowerState
2019-11-05 08:23:54,454 [Thread-1062] INFO  impl.FollowerState (FollowerState.java:run(108)) - a8ae9c07-6d89-4a49-a594-cacd4b776180@group-0E159EE4F99E-FollowerState: change to CANDIDATE, lastRpcTime:44ms, electionTimeout:44ms
2019-11-05 08:23:54,454 [Thread-1062] INFO  impl.RoleInfo (RoleInfo.java:shutdownFollowerState(121)) - a8ae9c07-6d89-4a49-a594-cacd4b776180: shutdown FollowerState
2019-11-05 08:23:54,454 [Thread-1062] INFO  impl.RaftServerImpl (RaftServerImpl.java:setRole(184)) - a8ae9c07-6d89-4a49-a594-cacd4b776180@group-0E159EE4F99E: changes role from  FOLLOWER to CANDIDATE at term 55 for changeToCandidate
2019-11-05 08:23:54,454 [Thread-1062] INFO  impl.RoleInfo (RoleInfo.java:updateAndGet(143)) - a8ae9c07-6d89-4a49-a594-cacd4b776180: start LeaderElection
2019-11-05 08:23:54,468 [a8ae9c07-6d89-4a49-a594-cacd4b776180@group-0E159EE4F99E-LeaderElection110] INFO  impl.LeaderElection (LeaderElection.java:askForVotes(178)) - a8ae9c07-6d89-4a49-a594-cacd4b776180@group-0E159EE4F99E-LeaderElection110: begin an election at term 56 for -1: [caafcba9-090a-41f5-a5f9-cba5a6a81e94:192.168.164.217:37197, a8ae9c07-6d89-4a49-a594-cacd4b776180:192.168.164.217:42719, b3bb9051-8089-4c51-a999-81579e5913f2:192.168.164.217:36516], old=null
2019-11-05 08:23:54,469 [grpc-default-executor-5] INFO  impl.RaftServerImpl (RaftServerImpl.java:setRole(184)) - b3bb9051-8089-4c51-a999-81579e5913f2@group-0E159EE4F99E: changes role from  FOLLOWER to FOLLOWER at term 56 for recognizeCandidate:a8ae9c07-6d89-4a49-a594-cacd4b776180
2019-11-05 08:23:54,469 [grpc-default-executor-0] INFO  impl.RaftServerImpl (RaftServerImpl.java:setRole(184)) - caafcba9-090a-41f5-a5f9-cba5a6a81e94@group-0E159EE4F99E: changes role from  FOLLOWER to FOLLOWER at term 56 for recognizeCandidate:a8ae9c07-6d89-4a49-a594-cacd4b776180
2019-11-05 08:23:54,469 [grpc-default-executor-5] INFO  impl.RoleInfo (RoleInfo.java:shutdownFollowerState(121)) - b3bb9051-8089-4c51-a999-81579e5913f2: shutdown FollowerState
2019-11-05 08:23:54,470 [grpc-default-executor-0] INFO  impl.RoleInfo (RoleInfo.java:shutdownFollowerState(121)) - caafcba9-090a-41f5-a5f9-cba5a6a81e94: shutdown FollowerState
2019-11-05 08:23:54,470 [Thread-1058] INFO  impl.FollowerState (FollowerState.java:run(117)) - b3bb9051-8089-4c51-a999-81579e5913f2@group-0E159EE4F99E-FollowerState was interrupted: java.lang.InterruptedException: sleep interrupted
2019-11-05 08:23:54,470 [grpc-default-executor-5] INFO  impl.RoleInfo (RoleInfo.java:updateAndGet(143)) - b3bb9051-8089-4c51-a999-81579e5913f2: start FollowerState
2019-11-05 08:23:54,470 [Thread-1057] INFO  impl.FollowerState (FollowerState.java:run(117)) - caafcba9-090a-41f5-a5f9-cba5a6a81e94@group-0E159EE4F99E-FollowerState was interrupted: java.lang.InterruptedException: sleep interrupted
2019-11-05 08:23:54,470 [grpc-default-executor-0] INFO  impl.RoleInfo (RoleInfo.java:updateAndGet(143)) - caafcba9-090a-41f5-a5f9-cba5a6a81e94: start FollowerState
2019-11-05 08:23:54,484 [a8ae9c07-6d89-4a49-a594-cacd4b776180@group-0E159EE4F99E-LeaderElection110] INFO  impl.LeaderElection (LeaderElection.java:logAndReturn(56)) - a8ae9c07-6d89-4a49-a594-cacd4b776180@group-0E159EE4F99E-LeaderElection110: Election REJECTED; received 2 response(s) [a8ae9c07-6d89-4a49-a594-cacd4b776180<-caafcba9-090a-41f5-a5f9-cba5a6a81e94#0:FAIL-t56, a8ae9c07-6d89-4a49-a594-cacd4b776180<-b3bb9051-8089-4c51-a999-81579e5913f2#0:FAIL-t56] and 0 exception(s); a8ae9c07-6d89-4a49-a594-cacd4b776180@group-0E159EE4F99E:t56, leader=null, voted=a8ae9c07-6d89-4a49-a594-cacd4b776180, raftlog=a8ae9c07-6d89-4a49-a594-cacd4b776180@group-0E159EE4F99E-SegmentedRaftLog:OPENED:c-1,f-1,i0, conf=-1: [caafcba9-090a-41f5-a5f9-cba5a6a81e94:192.168.164.217:37197, a8ae9c07-6d89-4a49-a594-cacd4b776180:192.168.164.217:42719, b3bb9051-8089-4c51-a999-81579e5913f2:192.168.164.217:36516], old=null
2019-11-05 08:23:54,485 [a8ae9c07-6d89-4a49-a594-cacd4b776180@group-0E159EE4F99E-LeaderElection110] INFO  impl.RaftServerImpl (RaftServerImpl.java:setRole(184)) - a8ae9c07-6d89-4a49-a594-cacd4b776180@group-0E159EE4F99E: changes role from CANDIDATE to FOLLOWER at term 56 for DISCOVERED_A_NEW_TERM
2019-11-05 08:23:54,485 [a8ae9c07-6d89-4a49-a594-cacd4b776180@group-0E159EE4F99E-LeaderElection110] INFO  impl.RoleInfo (RoleInfo.java:shutdownLeaderElection(134)) - a8ae9c07-6d89-4a49-a594-cacd4b776180: shutdown LeaderElection
2019-11-05 08:23:54,485 [a8ae9c07-6d89-4a49-a594-cacd4b776180@group-0E159EE4F99E-LeaderElection110] INFO  impl.RoleInfo (RoleInfo.java:updateAndGet(143)) - a8ae9c07-6d89-4a49-a594-cacd4b776180: start FollowerState
2019-11-05 08:23:54,514 [Thread-1075] INFO  impl.FollowerState (FollowerState.java:run(108)) - a8ae9c07-6d89-4a49-a594-cacd4b776180@group-0E159EE4F99E-FollowerState: change to CANDIDATE, lastRpcTime:29ms, electionTimeout:29ms
2019-11-05 08:23:54,514 [Thread-1075] INFO  impl.RoleInfo (RoleInfo.java:shutdownFollowerState(121)) - a8ae9c07-6d89-4a49-a594-cacd4b776180: shutdown FollowerState
2019-11-05 08:23:54,514 [Thread-1075] INFO  impl.RaftServerImpl (RaftServerImpl.java:setRole(184)) - a8ae9c07-6d89-4a49-a594-cacd4b776180@group-0E159EE4F99E: changes role from  FOLLOWER to CANDIDATE at term 56 for changeToCandidate
2019-11-05 08:23:54,515 [Thread-1075] INFO  impl.RoleInfo (RoleInfo.java:updateAndGet(143)) - a8ae9c07-6d89-4a49-a594-cacd4b776180: start LeaderElection
2019-11-05 08:23:54,529 [a8ae9c07-6d89-4a49-a594-cacd4b776180@group-0E159EE4F99E-LeaderElection111] INFO  impl.LeaderElection (LeaderElection.java:askForVotes(178)) - a8ae9c07-6d89-4a49-a594-cacd4b776180@group-0E159EE4F99E-LeaderElection111: begin an election at term 57 for -1: [caafcba9-090a-41f5-a5f9-cba5a6a81e94:192.168.164.217:37197, a8ae9c07-6d89-4a49-a594-cacd4b776180:192.168.164.217:42719, b3bb9051-8089-4c51-a999-81579e5913f2:192.168.164.217:36516], old=null
2019-11-05 08:23:54,531 [grpc-default-executor-5] INFO  impl.RaftServerImpl (RaftServerImpl.java:setRole(184)) - b3bb9051-8089-4c51-a999-81579e5913f2@group-0E159EE4F99E: changes role from  FOLLOWER to FOLLOWER at term 57 for recognizeCandidate:a8ae9c07-6d89-4a49-a594-cacd4b776180
2019-11-05 08:23:54,531 [grpc-default-executor-0] INFO  impl.RaftServerImpl (RaftServerImpl.java:setRole(184)) - caafcba9-090a-41f5-a5f9-cba5a6a81e94@group-0E159EE4F99E: changes role from  FOLLOWER to FOLLOWER at term 57 for recognizeCandidate:a8ae9c07-6d89-4a49-a594-cacd4b776180
2019-11-05 08:23:54,531 [grpc-default-executor-5] INFO  impl.RoleInfo (RoleInfo.java:shutdownFollowerState(121)) - b3bb9051-8089-4c51-a999-81579e5913f2: shutdown FollowerState
2019-11-05 08:23:54,531 [grpc-default-executor-0] INFO  impl.RoleInfo (RoleInfo.java:shutdownFollowerState(121)) - caafcba9-090a-41f5-a5f9-cba5a6a81e94: shutdown FollowerState
2019-11-05 08:23:54,531 [Thread-1073] INFO  impl.FollowerState (FollowerState.java:run(117)) - b3bb9051-8089-4c51-a999-81579e5913f2@group-0E159EE4F99E-FollowerState was interrupted: java.lang.InterruptedException: sleep interrupted
2019-11-05 08:23:54,531 [grpc-default-executor-0] INFO  impl.RoleInfo (RoleInfo.java:updateAndGet(143)) - caafcba9-090a-41f5-a5f9-cba5a6a81e94: start FollowerState
2019-11-05 08:23:54,531 [grpc-default-executor-5] INFO  impl.RoleInfo (RoleInfo.java:updateAndGet(143)) - b3bb9051-8089-4c51-a999-81579e5913f2: start FollowerState
2019-11-05 08:23:54,531 [Thread-1074] INFO  impl.FollowerState (FollowerState.java:run(117)) - caafcba9-090a-41f5-a5f9-cba5a6a81e94@group-0E159EE4F99E-FollowerState was interrupted: java.lang.InterruptedException: sleep interrupted
2019-11-05 08:23:54,549 [a8ae9c07-6d89-4a49-a594-cacd4b776180@group-0E159EE4F99E-LeaderElection111] INFO  impl.LeaderElection (LeaderElection.java:logAndReturn(56)) - a8ae9c07-6d89-4a49-a594-cacd4b776180@group-0E159EE4F99E-LeaderElection111: Election REJECTED; received 2 response(s) [a8ae9c07-6d89-4a49-a594-cacd4b776180<-caafcba9-090a-41f5-a5f9-cba5a6a81e94#0:FAIL-t57, a8ae9c07-6d89-4a49-a594-cacd4b776180<-b3bb9051-8089-4c51-a999-81579e5913f2#0:FAIL-t57] and 0 exception(s); a8ae9c07-6d89-4a49-a594-cacd4b776180@group-0E159EE4F99E:t57, leader=null, voted=a8ae9c07-6d89-4a49-a594-cacd4b776180, raftlog=a8ae9c07-6d89-4a49-a594-cacd4b776180@group-0E159EE4F99E-SegmentedRaftLog:OPENED:c-1,f-1,i0, conf=-1: [caafcba9-090a-41f5-a5f9-cba5a6a81e94:192.168.164.217:37197, a8ae9c07-6d89-4a49-a594-cacd4b776180:192.168.164.217:42719, b3bb9051-8089-4c51-a999-81579e5913f2:192.168.164.217:36516], old=null
2019-11-05 08:23:54,549 [a8ae9c07-6d89-4a49-a594-cacd4b776180@group-0E159EE4F99E-LeaderElection111] INFO  impl.RaftServerImpl (RaftServerImpl.java:setRole(184)) - a8ae9c07-6d89-4a49-a594-cacd4b776180@group-0E159EE4F99E: changes role from CANDIDATE to FOLLOWER at term 57 for DISCOVERED_A_NEW_TERM
2019-11-05 08:23:54,549 [a8ae9c07-6d89-4a49-a594-cacd4b776180@group-0E159EE4F99E-LeaderElection111] INFO  impl.RoleInfo (RoleInfo.java:shutdownLeaderElection(134)) - a8ae9c07-6d89-4a49-a594-cacd4b776180: shutdown LeaderElection
2019-11-05 08:23:54,550 [a8ae9c07-6d89-4a49-a594-cacd4b776180@group-0E159EE4F99E-LeaderElection111] INFO  impl.RoleInfo (RoleInfo.java:updateAndGet(143)) - a8ae9c07-6d89-4a49-a594-cacd4b776180: start FollowerState
2019-11-05 08:23:54,631 [Thread-1069] INFO  impl.FollowerState (FollowerState.java:run(108)) - 4a682f4f-c3f2-4b77-88b7-f0ab78890feb@group-0DB8C7688BF9-FollowerState: change to CANDIDATE, lastRpcTime:189ms, electionTimeout:189ms
2019-11-05 08:23:54,631 [Thread-1069] INFO  impl.RoleInfo (RoleInfo.java:shutdownFollowerState(121)) - 4a682f4f-c3f2-4b77-88b7-f0ab78890feb: shutdown FollowerState
2019-11-05 08:23:54,631 [Thread-1069] INFO  impl.RaftServerImpl (RaftServerImpl.java:setRole(184)) - 4a682f4f-c3f2-4b77-88b7-f0ab78890feb@group-0DB8C7688BF9: changes role from  FOLLOWER to CANDIDATE at term 51 for changeToCandidate
2019-11-05 08:23:54,631 [Thread-1069] INFO  impl.RoleInfo (RoleInfo.java:updateAndGet(143)) - 4a682f4f-c3f2-4b77-88b7-f0ab78890feb: start LeaderElection
2019-11-05 08:23:54,645 [4a682f4f-c3f2-4b77-88b7-f0ab78890feb@group-0DB8C7688BF9-LeaderElection112] INFO  impl.LeaderElection (LeaderElection.java:askForVotes(178)) - 4a682f4f-c3f2-4b77-88b7-f0ab78890feb@group-0DB8C7688BF9-LeaderElection112: begin an election at term 52 for -1: [77ab65e6-d942-49df-83a3-1d4c0bf152b3:192.168.164.217:39381, 7e1b84a9-a041-44fd-8008-f2679426984c:192.168.164.217:44149, 4a682f4f-c3f2-4b77-88b7-f0ab78890feb:192.168.164.217:34174], old=null
2019-11-05 08:23:54,647 [grpc-default-executor-5] INFO  impl.RaftServerImpl (RaftServerImpl.java:setRole(184)) - 77ab65e6-d942-49df-83a3-1d4c0bf152b3@group-0DB8C7688BF9: changes role from  FOLLOWER to FOLLOWER at term 52 for recognizeCandidate:4a682f4f-c3f2-4b77-88b7-f0ab78890feb
2019-11-05 08:23:54,647 [grpc-default-executor-0] INFO  impl.RaftServerImpl (RaftServerImpl.java:setRole(184)) - 7e1b84a9-a041-44fd-8008-f2679426984c@group-0DB8C7688BF9: changes role from  FOLLOWER to FOLLOWER at term 52 for recognizeCandidate:4a682f4f-c3f2-4b77-88b7-f0ab78890feb
2019-11-05 08:23:54,647 [grpc-default-executor-0] INFO  impl.RoleInfo (RoleInfo.java:shutdownFollowerState(121)) - 7e1b84a9-a041-44fd-8008-f2679426984c: shutdown FollowerState
2019-11-05 08:23:54,647 [grpc-default-executor-5] INFO  impl.RoleInfo (RoleInfo.java:shutdownFollowerState(121)) - 77ab65e6-d942-49df-83a3-1d4c0bf152b3: shutdown FollowerState
2019-11-05 08:23:54,648 [Thread-1068] INFO  impl.FollowerState (FollowerState.java:run(117)) - 7e1b84a9-a041-44fd-8008-f2679426984c@group-0DB8C7688BF9-FollowerState was interrupted: java.lang.InterruptedException: sleep interrupted
2019-11-05 08:23:54,648 [grpc-default-executor-5] INFO  impl.RoleInfo (RoleInfo.java:updateAndGet(143)) - 77ab65e6-d942-49df-83a3-1d4c0bf152b3: start FollowerState
2019-11-05 08:23:54,648 [grpc-default-executor-0] INFO  impl.RoleInfo (RoleInfo.java:updateAndGet(143)) - 7e1b84a9-a041-44fd-8008-f2679426984c: start FollowerState
2019-11-05 08:23:54,648 [Thread-1067] INFO  impl.FollowerState (FollowerState.java:run(117)) - 77ab65e6-d942-49df-83a3-1d4c0bf152b3@group-0DB8C7688BF9-FollowerState was interrupted: java.lang.InterruptedException: sleep interrupted
2019-11-05 08:23:54,662 [4a682f4f-c3f2-4b77-88b7-f0ab78890feb@group-0DB8C7688BF9-LeaderElection112] INFO  impl.LeaderElection (LeaderElection.java:logAndReturn(56)) - 4a682f4f-c3f2-4b77-88b7-f0ab78890feb@group-0DB8C7688BF9-LeaderElection112: Election REJECTED; received 2 response(s) [4a682f4f-c3f2-4b77-88b7-f0ab78890feb<-77ab65e6-d942-49df-83a3-1d4c0bf152b3#0:FAIL-t52, 4a682f4f-c3f2-4b77-88b7-f0ab78890feb<-7e1b84a9-a041-44fd-8008-f2679426984c#0:FAIL-t52] and 0 exception(s); 4a682f4f-c3f2-4b77-88b7-f0ab78890feb@group-0DB8C7688BF9:t52, leader=null, voted=4a682f4f-c3f2-4b77-88b7-f0ab78890feb, raftlog=4a682f4f-c3f2-4b77-88b7-f0ab78890feb@group-0DB8C7688BF9-SegmentedRaftLog:OPENED:c-1,f-1,i0, conf=-1: [77ab65e6-d942-49df-83a3-1d4c0bf152b3:192.168.164.217:39381, 7e1b84a9-a041-44fd-8008-f2679426984c:192.168.164.217:44149, 4a682f4f-c3f2-4b77-88b7-f0ab78890feb:192.168.164.217:34174], old=null
2019-11-05 08:23:54,662 [4a682f4f-c3f2-4b77-88b7-f0ab78890feb@group-0DB8C7688BF9-LeaderElection112] INFO  impl.RaftServerImpl (RaftServerImpl.java:setRole(184)) - 4a682f4f-c3f2-4b77-88b7-f0ab78890feb@group-0DB8C7688BF9: changes role from CANDIDATE to FOLLOWER at term 52 for DISCOVERED_A_NEW_TERM
2019-11-05 08:23:54,662 [4a682f4f-c3f2-4b77-88b7-f0ab78890feb@group-0DB8C7688BF9-LeaderElection112] INFO  impl.RoleInfo (RoleInfo.java:shutdownLeaderElection(134)) - 4a682f4f-c3f2-4b77-88b7-f0ab78890feb: shutdown LeaderElection
2019-11-05 08:23:54,662 [4a682f4f-c3f2-4b77-88b7-f0ab78890feb@group-0DB8C7688BF9-LeaderElection112] INFO  impl.RoleInfo (RoleInfo.java:updateAndGet(143)) - 4a682f4f-c3f2-4b77-88b7-f0ab78890feb: start FollowerState
2019-11-05 08:23:54,678 [Thread-1082] INFO  impl.FollowerState (FollowerState.java:run(108)) - a8ae9c07-6d89-4a49-a594-cacd4b776180@group-0E159EE4F99E-FollowerState: change to CANDIDATE, lastRpcTime:128ms, electionTimeout:128ms
2019-11-05 08:23:54,678 [Thread-1082] INFO  impl.RoleInfo (RoleInfo.java:shutdownFollowerState(121)) - a8ae9c07-6d89-4a49-a594-cacd4b776180: shutdown FollowerState
2019-11-05 08:23:54,682 [Thread-1082] INFO  impl.RaftServerImpl (RaftServerImpl.java:setRole(184)) - a8ae9c07-6d89-4a49-a594-cacd4b776180@group-0E159EE4F99E: changes role from  FOLLOWER to CANDIDATE at term 57 for changeToCandidate
2019-11-05 08:23:54,682 [Thread-1082] INFO  impl.RoleInfo (RoleInfo.java:updateAndGet(143)) - a8ae9c07-6d89-4a49-a594-cacd4b776180: start LeaderElection
2019-11-05 08:23:54,699 [a8ae9c07-6d89-4a49-a594-cacd4b776180@group-0E159EE4F99E-LeaderElection113] INFO  impl.LeaderElection (LeaderElection.java:askForVotes(178)) - a8ae9c07-6d89-4a49-a594-cacd4b776180@group-0E159EE4F99E-LeaderElection113: begin an election at term 58 for -1: [caafcba9-090a-41f5-a5f9-cba5a6a81e94:192.168.164.217:37197, a8ae9c07-6d89-4a49-a594-cacd4b776180:192.168.164.217:42719, b3bb9051-8089-4c51-a999-81579e5913f2:192.168.164.217:36516], old=null
2019-11-05 08:23:54,703 [grpc-default-executor-0] INFO  impl.RaftServerImpl (RaftServerImpl.java:setRole(184)) - caafcba9-090a-41f5-a5f9-cba5a6a81e94@group-0E159EE4F99E: changes role from  FOLLOWER to FOLLOWER at term 58 for recognizeCandidate:a8ae9c07-6d89-4a49-a594-cacd4b776180
2019-11-05 08:23:54,703 [grpc-default-executor-5] INFO  impl.RaftServerImpl (RaftServerImpl.java:setRole(184)) - b3bb9051-8089-4c51-a999-81579e5913f2@group-0E159EE4F99E: changes role from  FOLLOWER to FOLLOWER at term 58 for recognizeCandidate:a8ae9c07-6d89-4a49-a594-cacd4b776180
2019-11-05 08:23:54,703 [grpc-default-executor-0] INFO  impl.RoleInfo (RoleInfo.java:shutdownFollowerState(121)) - caafcba9-090a-41f5-a5f9-cba5a6a81e94: shutdown FollowerState
2019-11-05 08:23:54,703 [grpc-default-executor-5] INFO  impl.RoleInfo (RoleInfo.java:shutdownFollowerState(121)) - b3bb9051-8089-4c51-a999-81579e5913f2: shutdown FollowerState
2019-11-05 08:23:54,703 [Thread-1080] INFO  impl.FollowerState (FollowerState.java:run(117)) - caafcba9-090a-41f5-a5f9-cba5a6a81e94@group-0E159EE4F99E-FollowerState was interrupted: java.lang.InterruptedException: sleep interrupted
2019-11-05 08:23:54,703 [grpc-default-executor-0] INFO  impl.RoleInfo (RoleInfo.java:updateAndGet(143)) - caafcba9-090a-41f5-a5f9-cba5a6a81e94: start FollowerState
2019-11-05 08:23:54,703 [grpc-default-executor-5] INFO  impl.RoleInfo (RoleInfo.java:updateAndGet(143)) - b3bb9051-8089-4c51-a999-81579e5913f2: start FollowerState
2019-11-05 08:23:54,703 [Thread-1079] INFO  impl.FollowerState (FollowerState.java:run(117)) - b3bb9051-8089-4c51-a999-81579e5913f2@group-0E159EE4F99E-FollowerState was interrupted: java.lang.InterruptedException: sleep interrupted
2019-11-05 08:23:54,719 [a8ae9c07-6d89-4a49-a594-cacd4b776180@group-0E159EE4F99E-LeaderElection113] INFO  impl.LeaderElection (LeaderElection.java:logAndReturn(56)) - a8ae9c07-6d89-4a49-a594-cacd4b776180@group-0E159EE4F99E-LeaderElection113: Election REJECTED; received 2 response(s) [a8ae9c07-6d89-4a49-a594-cacd4b776180<-caafcba9-090a-41f5-a5f9-cba5a6a81e94#0:FAIL-t58, a8ae9c07-6d89-4a49-a594-cacd4b776180<-b3bb9051-8089-4c51-a999-81579e5913f2#0:FAIL-t58] and 0 exception(s); a8ae9c07-6d89-4a49-a594-cacd4b776180@group-0E159EE4F99E:t58, leader=null, voted=a8ae9c07-6d89-4a49-a594-cacd4b776180, raftlog=a8ae9c07-6d89-4a49-a594-cacd4b776180@group-0E159EE4F99E-SegmentedRaftLog:OPENED:c-1,f-1,i0, conf=-1: [caafcba9-090a-41f5-a5f9-cba5a6a81e94:192.168.164.217:37197, a8ae9c07-6d89-4a49-a594-cacd4b776180:192.168.164.217:42719, b3bb9051-8089-4c51-a999-81579e5913f2:192.168.164.217:36516], old=null
2019-11-05 08:23:54,719 [a8ae9c07-6d89-4a49-a594-cacd4b776180@group-0E159EE4F99E-LeaderElection113] INFO  impl.RaftServerImpl (RaftServerImpl.java:setRole(184)) - a8ae9c07-6d89-4a49-a594-cacd4b776180@group-0E159EE4F99E: changes role from CANDIDATE to FOLLOWER at term 58 for DISCOVERED_A_NEW_TERM
2019-11-05 08:23:54,719 [a8ae9c07-6d89-4a49-a594-cacd4b776180@group-0E159EE4F99E-LeaderElection113] INFO  impl.RoleInfo (RoleInfo.java:shutdownLeaderElection(134)) - a8ae9c07-6d89-4a49-a594-cacd4b776180: shutdown LeaderElection
2019-11-05 08:23:54,719 [a8ae9c07-6d89-4a49-a594-cacd4b776180@group-0E159EE4F99E-LeaderElection113] INFO  impl.RoleInfo (RoleInfo.java:updateAndGet(143)) - a8ae9c07-6d89-4a49-a594-cacd4b776180: start FollowerState
2019-11-05 08:23:54,823 [Thread-1089] INFO  impl.FollowerState (FollowerState.java:run(108)) - 4a682f4f-c3f2-4b77-88b7-f0ab78890feb@group-0DB8C7688BF9-FollowerState: change to CANDIDATE, lastRpcTime:161ms, electionTimeout:161ms
2019-11-05 08:23:54,824 [Thread-1089] INFO  impl.RoleInfo (RoleInfo.java:shutdownFollowerState(121)) - 4a682f4f-c3f2-4b77-88b7-f0ab78890feb: shutdown FollowerState
2019-11-05 08:23:54,824 [Thread-1089] INFO  impl.RaftServerImpl (RaftServerImpl.java:setRole(184)) - 4a682f4f-c3f2-4b77-88b7-f0ab78890feb@group-0DB8C7688BF9: changes role from  FOLLOWER to CANDIDATE at term 52 for changeToCandidate
2019-11-05 08:23:54,824 [Thread-1089] INFO  impl.RoleInfo (RoleInfo.java:updateAndGet(143)) - 4a682f4f-c3f2-4b77-88b7-f0ab78890feb: start LeaderElection
2019-11-05 08:23:54,838 [4a682f4f-c3f2-4b77-88b7-f0ab78890feb@group-0DB8C7688BF9-LeaderElection114] INFO  impl.LeaderElection (LeaderElection.java:askForVotes(178)) - 4a682f4f-c3f2-4b77-88b7-f0ab78890feb@group-0DB8C7688BF9-LeaderElection114: begin an election at term 53 for -1: [77ab65e6-d942-49df-83a3-1d4c0bf152b3:192.168.164.217:39381, 7e1b84a9-a041-44fd-8008-f2679426984c:192.168.164.217:44149, 4a682f4f-c3f2-4b77-88b7-f0ab78890feb:192.168.164.217:34174], old=null
2019-11-05 08:23:54,841 [grpc-default-executor-0] INFO  impl.RaftServerImpl (RaftServerImpl.java:setRole(184)) - 77ab65e6-d942-49df-83a3-1d4c0bf152b3@group-0DB8C7688BF9: changes role from  FOLLOWER to FOLLOWER at term 53 for recognizeCandidate:4a682f4f-c3f2-4b77-88b7-f0ab78890feb
2019-11-05 08:23:54,841 [grpc-default-executor-5] INFO  impl.RaftServerImpl (RaftServerImpl.java:setRole(184)) - 7e1b84a9-a041-44fd-8008-f2679426984c@group-0DB8C7688BF9: changes role from  FOLLOWER to FOLLOWER at term 53 for recognizeCandidate:4a682f4f-c3f2-4b77-88b7-f0ab78890feb
2019-11-05 08:23:54,841 [grpc-default-executor-0] INFO  impl.RoleInfo (RoleInfo.java:shutdownFollowerState(121)) - 77ab65e6-d942-49df-83a3-1d4c0bf152b3: shutdown FollowerState
2019-11-05 08:23:54,841 [grpc-default-executor-5] INFO  impl.RoleInfo (RoleInfo.java:shutdownFollowerState(121)) - 7e1b84a9-a041-44fd-8008-f2679426984c: shutdown FollowerState
2019-11-05 08:23:54,841 [Thread-1088] INFO  impl.FollowerState (FollowerState.java:run(117)) - 77ab65e6-d942-49df-83a3-1d4c0bf152b3@group-0DB8C7688BF9-FollowerState was interrupted: java.lang.InterruptedException: sleep interrupted
2019-11-05 08:23:54,841 [grpc-default-executor-0] INFO  impl.RoleInfo (RoleInfo.java:updateAndGet(143)) - 77ab65e6-d942-49df-83a3-1d4c0bf152b3: start FollowerState
2019-11-05 08:23:54,841 [Thread-1087] INFO  impl.FollowerState (FollowerState.java:run(117)) - 7e1b84a9-a041-44fd-8008-f2679426984c@group-0DB8C7688BF9-FollowerState was interrupted: java.lang.InterruptedException: sleep interrupted
2019-11-05 08:23:54,841 [grpc-default-executor-5] INFO  impl.RoleInfo (RoleInfo.java:updateAndGet(143)) - 7e1b84a9-a041-44fd-8008-f2679426984c: start FollowerState
2019-11-05 08:23:54,857 [4a682f4f-c3f2-4b77-88b7-f0ab78890feb@group-0DB8C7688BF9-LeaderElection114] INFO  impl.LeaderElection (LeaderElection.java:logAndReturn(56)) - 4a682f4f-c3f2-4b77-88b7-f0ab78890feb@group-0DB8C7688BF9-LeaderElection114: Election REJECTED; received 2 response(s) [4a682f4f-c3f2-4b77-88b7-f0ab78890feb<-77ab65e6-d942-49df-83a3-1d4c0bf152b3#0:FAIL-t53, 4a682f4f-c3f2-4b77-88b7-f0ab78890feb<-7e1b84a9-a041-44fd-8008-f2679426984c#0:FAIL-t53] and 0 exception(s); 4a682f4f-c3f2-4b77-88b7-f0ab78890feb@group-0DB8C7688BF9:t53, leader=null, voted=4a682f4f-c3f2-4b77-88b7-f0ab78890feb, raftlog=4a682f4f-c3f2-4b77-88b7-f0ab78890feb@group-0DB8C7688BF9-SegmentedRaftLog:OPENED:c-1,f-1,i0, conf=-1: [77ab65e6-d942-49df-83a3-1d4c0bf152b3:192.168.164.217:39381, 7e1b84a9-a041-44fd-8008-f2679426984c:192.168.164.217:44149, 4a682f4f-c3f2-4b77-88b7-f0ab78890feb:192.168.164.217:34174], old=null
2019-11-05 08:23:54,857 [4a682f4f-c3f2-4b77-88b7-f0ab78890feb@group-0DB8C7688BF9-LeaderElection114] INFO  impl.RaftServerImpl (RaftServerImpl.java:setRole(184)) - 4a682f4f-c3f2-4b77-88b7-f0ab78890feb@group-0DB8C7688BF9: changes role from CANDIDATE to FOLLOWER at term 53 for DISCOVERED_A_NEW_TERM
2019-11-05 08:23:54,857 [4a682f4f-c3f2-4b77-88b7-f0ab78890feb@group-0DB8C7688BF9-LeaderElection114] INFO  impl.RoleInfo (RoleInfo.java:shutdownLeaderElection(134)) - 4a682f4f-c3f2-4b77-88b7-f0ab78890feb: shutdown LeaderElection
2019-11-05 08:23:54,857 [4a682f4f-c3f2-4b77-88b7-f0ab78890feb@group-0DB8C7688BF9-LeaderElection114] INFO  impl.RoleInfo (RoleInfo.java:updateAndGet(143)) - 4a682f4f-c3f2-4b77-88b7-f0ab78890feb: start FollowerState
2019-11-05 08:23:54,907 [Thread-1097] INFO  impl.FollowerState (FollowerState.java:run(108)) - a8ae9c07-6d89-4a49-a594-cacd4b776180@group-0E159EE4F99E-FollowerState: change to CANDIDATE, lastRpcTime:188ms, electionTimeout:188ms
2019-11-05 08:23:54,908 [Thread-1097] INFO  impl.RoleInfo (RoleInfo.java:shutdownFollowerState(121)) - a8ae9c07-6d89-4a49-a594-cacd4b776180: shutdown FollowerState
2019-11-05 08:23:54,908 [Thread-1097] INFO  impl.RaftServerImpl (RaftServerImpl.java:setRole(184)) - a8ae9c07-6d89-4a49-a594-cacd4b776180@group-0E159EE4F99E: changes role from  FOLLOWER to CANDIDATE at term 58 for changeToCandidate
2019-11-05 08:23:54,908 [Thread-1097] INFO  impl.RoleInfo (RoleInfo.java:updateAndGet(143)) - a8ae9c07-6d89-4a49-a594-cacd4b776180: start LeaderElection
2019-11-05 08:23:54,922 [a8ae9c07-6d89-4a49-a594-cacd4b776180@group-0E159EE4F99E-LeaderElection115] INFO  impl.LeaderElection (LeaderElection.java:askForVotes(178)) - a8ae9c07-6d89-4a49-a594-cacd4b776180@group-0E159EE4F99E-LeaderElection115: begin an election at term 59 for -1: [caafcba9-090a-41f5-a5f9-cba5a6a81e94:192.168.164.217:37197, a8ae9c07-6d89-4a49-a594-cacd4b776180:192.168.164.217:42719, b3bb9051-8089-4c51-a999-81579e5913f2:192.168.164.217:36516], old=null
2019-11-05 08:23:54,924 [grpc-default-executor-0] INFO  impl.RaftServerImpl (RaftServerImpl.java:setRole(184)) - caafcba9-090a-41f5-a5f9-cba5a6a81e94@group-0E159EE4F99E: changes role from  FOLLOWER to FOLLOWER at term 59 for recognizeCandidate:a8ae9c07-6d89-4a49-a594-cacd4b776180
2019-11-05 08:23:54,924 [grpc-default-executor-0] INFO  impl.RoleInfo (RoleInfo.java:shutdownFollowerState(121)) - caafcba9-090a-41f5-a5f9-cba5a6a81e94: shutdown FollowerState
2019-11-05 08:23:54,924 [grpc-default-executor-5] INFO  impl.RaftServerImpl (RaftServerImpl.java:setRole(184)) - b3bb9051-8089-4c51-a999-81579e5913f2@group-0E159EE4F99E: changes role from  FOLLOWER to FOLLOWER at term 59 for recognizeCandidate:a8ae9c07-6d89-4a49-a594-cacd4b776180
2019-11-05 08:23:54,924 [Thread-1095] INFO  impl.FollowerState (FollowerState.java:run(117)) - caafcba9-090a-41f5-a5f9-cba5a6a81e94@group-0E159EE4F99E-FollowerState was interrupted: java.lang.InterruptedException: sleep interrupted
2019-11-05 08:23:54,924 [grpc-default-executor-0] INFO  impl.RoleInfo (RoleInfo.java:updateAndGet(143)) - caafcba9-090a-41f5-a5f9-cba5a6a81e94: start FollowerState
2019-11-05 08:23:54,924 [grpc-default-executor-5] INFO  impl.RoleInfo (RoleInfo.java:shutdownFollowerState(121)) - b3bb9051-8089-4c51-a999-81579e5913f2: shutdown FollowerState
2019-11-05 08:23:54,925 [grpc-default-executor-5] INFO  impl.RoleInfo (RoleInfo.java:updateAndGet(143)) - b3bb9051-8089-4c51-a999-81579e5913f2: start FollowerState
2019-11-05 08:23:54,925 [Thread-1096] INFO  impl.FollowerState (FollowerState.java:run(117)) - b3bb9051-8089-4c51-a999-81579e5913f2@group-0E159EE4F99E-FollowerState was interrupted: java.lang.InterruptedException: sleep interrupted
2019-11-05 08:23:54,940 [a8ae9c07-6d89-4a49-a594-cacd4b776180@group-0E159EE4F99E-LeaderElection115] INFO  impl.LeaderElection (LeaderElection.java:logAndReturn(56)) - a8ae9c07-6d89-4a49-a594-cacd4b776180@group-0E159EE4F99E-LeaderElection115: Election REJECTED; received 2 response(s) [a8ae9c07-6d89-4a49-a594-cacd4b776180<-caafcba9-090a-41f5-a5f9-cba5a6a81e94#0:FAIL-t59, a8ae9c07-6d89-4a49-a594-cacd4b776180<-b3bb9051-8089-4c51-a999-81579e5913f2#0:FAIL-t59] and 0 exception(s); a8ae9c07-6d89-4a49-a594-cacd4b776180@group-0E159EE4F99E:t59, leader=null, voted=a8ae9c07-6d89-4a49-a594-cacd4b776180, raftlog=a8ae9c07-6d89-4a49-a594-cacd4b776180@group-0E159EE4F99E-SegmentedRaftLog:OPENED:c-1,f-1,i0, conf=-1: [caafcba9-090a-41f5-a5f9-cba5a6a81e94:192.168.164.217:37197, a8ae9c07-6d89-4a49-a594-cacd4b776180:192.168.164.217:42719, b3bb9051-8089-4c51-a999-81579e5913f2:192.168.164.217:36516], old=null
2019-11-05 08:23:54,940 [a8ae9c07-6d89-4a49-a594-cacd4b776180@group-0E159EE4F99E-LeaderElection115] INFO  impl.RaftServerImpl (RaftServerImpl.java:setRole(184)) - a8ae9c07-6d89-4a49-a594-cacd4b776180@group-0E159EE4F99E: changes role from CANDIDATE to FOLLOWER at term 59 for DISCOVERED_A_NEW_TERM
2019-11-05 08:23:54,940 [a8ae9c07-6d89-4a49-a594-cacd4b776180@group-0E159EE4F99E-LeaderElection115] INFO  impl.RoleInfo (RoleInfo.java:shutdownLeaderElection(134)) - a8ae9c07-6d89-4a49-a594-cacd4b776180: shutdown LeaderElection
2019-11-05 08:23:54,940 [a8ae9c07-6d89-4a49-a594-cacd4b776180@group-0E159EE4F99E-LeaderElection115] INFO  impl.RoleInfo (RoleInfo.java:updateAndGet(143)) - a8ae9c07-6d89-4a49-a594-cacd4b776180: start FollowerState
2019-11-05 08:23:55,052 [Thread-1103] INFO  impl.FollowerState (FollowerState.java:run(108)) - 4a682f4f-c3f2-4b77-88b7-f0ab78890feb@group-0DB8C7688BF9-FollowerState: change to CANDIDATE, lastRpcTime:194ms, electionTimeout:194ms
2019-11-05 08:23:55,052 [Thread-1103] INFO  impl.RoleInfo (RoleInfo.java:shutdownFollowerState(121)) - 4a682f4f-c3f2-4b77-88b7-f0ab78890feb: shutdown FollowerState
2019-11-05 08:23:55,052 [Thread-1103] INFO  impl.RaftServerImpl (RaftServerImpl.java:setRole(184)) - 4a682f4f-c3f2-4b77-88b7-f0ab78890feb@group-0DB8C7688BF9: changes role from  FOLLOWER to CANDIDATE at term 53 for changeToCandidate
2019-11-05 08:23:55,052 [Thread-1103] INFO  impl.RoleInfo (RoleInfo.java:updateAndGet(143)) - 4a682f4f-c3f2-4b77-88b7-f0ab78890feb: start LeaderElection
2019-11-05 08:23:55,065 [Thread-1109] INFO  impl.FollowerState (FollowerState.java:run(108)) - a8ae9c07-6d89-4a49-a594-cacd4b776180@group-0E159EE4F99E-FollowerState: change to CANDIDATE, lastRpcTime:124ms, electionTimeout:124ms
2019-11-05 08:23:55,065 [Thread-1109] INFO  impl.RoleInfo (RoleInfo.java:shutdownFollowerState(121)) - a8ae9c07-6d89-4a49-a594-cacd4b776180: shutdown FollowerState
2019-11-05 08:23:55,065 [Thread-1109] INFO  impl.RaftServerImpl (RaftServerImpl.java:setRole(184)) - a8ae9c07-6d89-4a49-a594-cacd4b776180@group-0E159EE4F99E: changes role from  FOLLOWER to CANDIDATE at term 59 for changeToCandidate
2019-11-05 08:23:55,065 [Thread-1109] INFO  impl.RoleInfo (RoleInfo.java:updateAndGet(143)) - a8ae9c07-6d89-4a49-a594-cacd4b776180: start LeaderElection
2019-11-05 08:23:55,066 [4a682f4f-c3f2-4b77-88b7-f0ab78890feb@group-0DB8C7688BF9-LeaderElection116] INFO  impl.LeaderElection (LeaderElection.java:askForVotes(178)) - 4a682f4f-c3f2-4b77-88b7-f0ab78890feb@group-0DB8C7688BF9-LeaderElection116: begin an election at term 54 for -1: [77ab65e6-d942-49df-83a3-1d4c0bf152b3:192.168.164.217:39381, 7e1b84a9-a041-44fd-8008-f2679426984c:192.168.164.217:44149, 4a682f4f-c3f2-4b77-88b7-f0ab78890feb:192.168.164.217:34174], old=null
2019-11-05 08:23:55,068 [a8ae9c07-6d89-4a49-a594-cacd4b776180@group-0E159EE4F99E-LeaderElection117] INFO  impl.LeaderElection (LeaderElection.java:askForVotes(178)) - a8ae9c07-6d89-4a49-a594-cacd4b776180@group-0E159EE4F99E-LeaderElection117: begin an election at term 60 for -1: [caafcba9-090a-41f5-a5f9-cba5a6a81e94:192.168.164.217:37197, a8ae9c07-6d89-4a49-a594-cacd4b776180:192.168.164.217:42719, b3bb9051-8089-4c51-a999-81579e5913f2:192.168.164.217:36516], old=null
2019-11-05 08:23:55,068 [grpc-default-executor-0] INFO  impl.RaftServerImpl (RaftServerImpl.java:setRole(184)) - 77ab65e6-d942-49df-83a3-1d4c0bf152b3@group-0DB8C7688BF9: changes role from  FOLLOWER to FOLLOWER at term 54 for recognizeCandidate:4a682f4f-c3f2-4b77-88b7-f0ab78890feb
2019-11-05 08:23:55,069 [grpc-default-executor-5] INFO  impl.RaftServerImpl (RaftServerImpl.java:setRole(184)) - 7e1b84a9-a041-44fd-8008-f2679426984c@group-0DB8C7688BF9: changes role from  FOLLOWER to FOLLOWER at term 54 for recognizeCandidate:4a682f4f-c3f2-4b77-88b7-f0ab78890feb
2019-11-05 08:23:55,069 [grpc-default-executor-0] INFO  impl.RoleInfo (RoleInfo.java:shutdownFollowerState(121)) - 77ab65e6-d942-49df-83a3-1d4c0bf152b3: shutdown FollowerState
2019-11-05 08:23:55,069 [grpc-default-executor-5] INFO  impl.RoleInfo (RoleInfo.java:shutdownFollowerState(121)) - 7e1b84a9-a041-44fd-8008-f2679426984c: shutdown FollowerState
2019-11-05 08:23:55,069 [Thread-1101] INFO  impl.FollowerState (FollowerState.java:run(117)) - 77ab65e6-d942-49df-83a3-1d4c0bf152b3@group-0DB8C7688BF9-FollowerState was interrupted: java.lang.InterruptedException: sleep interrupted
2019-11-05 08:23:55,069 [grpc-default-executor-0] INFO  impl.RoleInfo (RoleInfo.java:updateAndGet(143)) - 77ab65e6-d942-49df-83a3-1d4c0bf152b3: start FollowerState
2019-11-05 08:23:55,069 [Thread-1102] INFO  impl.FollowerState (FollowerState.java:run(117)) - 7e1b84a9-a041-44fd-8008-f2679426984c@group-0DB8C7688BF9-FollowerState was interrupted: java.lang.InterruptedException: sleep interrupted
2019-11-05 08:23:55,069 [grpc-default-executor-5] INFO  impl.RoleInfo (RoleInfo.java:updateAndGet(143)) - 7e1b84a9-a041-44fd-8008-f2679426984c: start FollowerState
2019-11-05 08:23:55,070 [grpc-default-executor-4] INFO  impl.RaftServerImpl (RaftServerImpl.java:setRole(184)) - caafcba9-090a-41f5-a5f9-cba5a6a81e94@group-0E159EE4F99E: changes role from  FOLLOWER to FOLLOWER at term 60 for recognizeCandidate:a8ae9c07-6d89-4a49-a594-cacd4b776180
2019-11-05 08:23:55,070 [grpc-default-executor-4] INFO  impl.RoleInfo (RoleInfo.java:shutdownFollowerState(121)) - caafcba9-090a-41f5-a5f9-cba5a6a81e94: shutdown FollowerState
2019-11-05 08:23:55,070 [grpc-default-executor-1] INFO  impl.RaftServerImpl (RaftServerImpl.java:setRole(184)) - b3bb9051-8089-4c51-a999-81579e5913f2@group-0E159EE4F99E: changes role from  FOLLOWER to FOLLOWER at term 60 for recognizeCandidate:a8ae9c07-6d89-4a49-a594-cacd4b776180
2019-11-05 08:23:55,070 [Thread-1107] INFO  impl.FollowerState (FollowerState.java:run(117)) - caafcba9-090a-41f5-a5f9-cba5a6a81e94@group-0E159EE4F99E-FollowerState was interrupted: java.lang.InterruptedException: sleep interrupted
2019-11-05 08:23:55,070 [grpc-default-executor-4] INFO  impl.RoleInfo (RoleInfo.java:updateAndGet(143)) - caafcba9-090a-41f5-a5f9-cba5a6a81e94: start FollowerState
2019-11-05 08:23:55,071 [grpc-default-executor-1] INFO  impl.RoleInfo (RoleInfo.java:shutdownFollowerState(121)) - b3bb9051-8089-4c51-a999-81579e5913f2: shutdown FollowerState
2019-11-05 08:23:55,071 [grpc-default-executor-1] INFO  impl.RoleInfo (RoleInfo.java:updateAndGet(143)) - b3bb9051-8089-4c51-a999-81579e5913f2: start FollowerState
2019-11-05 08:23:55,071 [Thread-1108] INFO  impl.FollowerState (FollowerState.java:run(117)) - b3bb9051-8089-4c51-a999-81579e5913f2@group-0E159EE4F99E-FollowerState was interrupted: java.lang.InterruptedException: sleep interrupted
2019-11-05 08:23:55,088 [a8ae9c07-6d89-4a49-a594-cacd4b776180@group-0E159EE4F99E-LeaderElection117] INFO  impl.LeaderElection (LeaderElection.java:logAndReturn(56)) - a8ae9c07-6d89-4a49-a594-cacd4b776180@group-0E159EE4F99E-LeaderElection117: Election REJECTED; received 2 response(s) [a8ae9c07-6d89-4a49-a594-cacd4b776180<-caafcba9-090a-41f5-a5f9-cba5a6a81e94#0:FAIL-t60, a8ae9c07-6d89-4a49-a594-cacd4b776180<-b3bb9051-8089-4c51-a999-81579e5913f2#0:FAIL-t60] and 0 exception(s); a8ae9c07-6d89-4a49-a594-cacd4b776180@group-0E159EE4F99E:t60, leader=null, voted=a8ae9c07-6d89-4a49-a594-cacd4b776180, raftlog=a8ae9c07-6d89-4a49-a594-cacd4b776180@group-0E159EE4F99E-SegmentedRaftLog:OPENED:c-1,f-1,i0, conf=-1: [caafcba9-090a-41f5-a5f9-cba5a6a81e94:192.168.164.217:37197, a8ae9c07-6d89-4a49-a594-cacd4b776180:192.168.164.217:42719, b3bb9051-8089-4c51-a999-81579e5913f2:192.168.164.217:36516], old=null
2019-11-05 08:23:55,088 [4a682f4f-c3f2-4b77-88b7-f0ab78890feb@group-0DB8C7688BF9-LeaderElection116] INFO  impl.LeaderElection (LeaderElection.java:logAndReturn(56)) - 4a682f4f-c3f2-4b77-88b7-f0ab78890feb@group-0DB8C7688BF9-LeaderElection116: Election REJECTED; received 2 response(s) [4a682f4f-c3f2-4b77-88b7-f0ab78890feb<-77ab65e6-d942-49df-83a3-1d4c0bf152b3#0:FAIL-t54, 4a682f4f-c3f2-4b77-88b7-f0ab78890feb<-7e1b84a9-a041-44fd-8008-f2679426984c#0:FAIL-t54] and 0 exception(s); 4a682f4f-c3f2-4b77-88b7-f0ab78890feb@group-0DB8C7688BF9:t54, leader=null, voted=4a682f4f-c3f2-4b77-88b7-f0ab78890feb, raftlog=4a682f4f-c3f2-4b77-88b7-f0ab78890feb@group-0DB8C7688BF9-SegmentedRaftLog:OPENED:c-1,f-1,i0, conf=-1: [77ab65e6-d942-49df-83a3-1d4c0bf152b3:192.168.164.217:39381, 7e1b84a9-a041-44fd-8008-f2679426984c:192.168.164.217:44149, 4a682f4f-c3f2-4b77-88b7-f0ab78890feb:192.168.164.217:34174], old=null
2019-11-05 08:23:55,088 [a8ae9c07-6d89-4a49-a594-cacd4b776180@group-0E159EE4F99E-LeaderElection117] INFO  impl.RaftServerImpl (RaftServerImpl.java:setRole(184)) - a8ae9c07-6d89-4a49-a594-cacd4b776180@group-0E159EE4F99E: changes role from CANDIDATE to FOLLOWER at term 60 for DISCOVERED_A_NEW_TERM
2019-11-05 08:23:55,088 [a8ae9c07-6d89-4a49-a594-cacd4b776180@group-0E159EE4F99E-LeaderElection117] INFO  impl.RoleInfo (RoleInfo.java:shutdownLeaderElection(134)) - a8ae9c07-6d89-4a49-a594-cacd4b776180: shutdown LeaderElection
2019-11-05 08:23:55,088 [4a682f4f-c3f2-4b77-88b7-f0ab78890feb@group-0DB8C7688BF9-LeaderElection116] INFO  impl.RaftServerImpl (RaftServerImpl.java:setRole(184)) - 4a682f4f-c3f2-4b77-88b7-f0ab78890feb@group-0DB8C7688BF9: changes role from CANDIDATE to FOLLOWER at term 54 for DISCOVERED_A_NEW_TERM
2019-11-05 08:23:55,089 [a8ae9c07-6d89-4a49-a594-cacd4b776180@group-0E159EE4F99E-LeaderElection117] INFO  impl.RoleInfo (RoleInfo.java:updateAndGet(143)) - a8ae9c07-6d89-4a49-a594-cacd4b776180: start FollowerState
2019-11-05 08:23:55,089 [4a682f4f-c3f2-4b77-88b7-f0ab78890feb@group-0DB8C7688BF9-LeaderElection116] INFO  impl.RoleInfo (RoleInfo.java:shutdownLeaderElection(134)) - 4a682f4f-c3f2-4b77-88b7-f0ab78890feb: shutdown LeaderElection
2019-11-05 08:23:55,089 [4a682f4f-c3f2-4b77-88b7-f0ab78890feb@group-0DB8C7688BF9-LeaderElection116] INFO  impl.RoleInfo (RoleInfo.java:updateAndGet(143)) - 4a682f4f-c3f2-4b77-88b7-f0ab78890feb: start FollowerState
2019-11-05 08:23:55,116 [Thread-1122] INFO  impl.FollowerState (FollowerState.java:run(108)) - a8ae9c07-6d89-4a49-a594-cacd4b776180@group-0E159EE4F99E-FollowerState: change to CANDIDATE, lastRpcTime:27ms, electionTimeout:27ms
2019-11-05 08:23:55,116 [Thread-1122] INFO  impl.RoleInfo (RoleInfo.java:shutdownFollowerState(121)) - a8ae9c07-6d89-4a49-a594-cacd4b776180: shutdown FollowerState
2019-11-05 08:23:55,116 [Thread-1122] INFO  impl.RaftServerImpl (RaftServerImpl.java:setRole(184)) - a8ae9c07-6d89-4a49-a594-cacd4b776180@group-0E159EE4F99E: changes role from  FOLLOWER to CANDIDATE at term 60 for changeToCandidate
2019-11-05 08:23:55,117 [Thread-1122] INFO  impl.RoleInfo (RoleInfo.java:updateAndGet(143)) - a8ae9c07-6d89-4a49-a594-cacd4b776180: start LeaderElection
2019-11-05 08:23:55,131 [a8ae9c07-6d89-4a49-a594-cacd4b776180@group-0E159EE4F99E-LeaderElection118] INFO  impl.LeaderElection (LeaderElection.java:askForVotes(178)) - a8ae9c07-6d89-4a49-a594-cacd4b776180@group-0E159EE4F99E-LeaderElection118: begin an election at term 61 for -1: [caafcba9-090a-41f5-a5f9-cba5a6a81e94:192.168.164.217:37197, a8ae9c07-6d89-4a49-a594-cacd4b776180:192.168.164.217:42719, b3bb9051-8089-4c51-a999-81579e5913f2:192.168.164.217:36516], old=null
2019-11-05 08:23:55,133 [grpc-default-executor-1] INFO  impl.RaftServerImpl (RaftServerImpl.java:setRole(184)) - caafcba9-090a-41f5-a5f9-cba5a6a81e94@group-0E159EE4F99E: changes role from  FOLLOWER to FOLLOWER at term 61 for recognizeCandidate:a8ae9c07-6d89-4a49-a594-cacd4b776180
2019-11-05 08:23:55,133 [grpc-default-executor-1] INFO  impl.RoleInfo (RoleInfo.java:shutdownFollowerState(121)) - caafcba9-090a-41f5-a5f9-cba5a6a81e94: shutdown FollowerState
2019-11-05 08:23:55,133 [grpc-default-executor-1] INFO  impl.RoleInfo (RoleInfo.java:updateAndGet(143)) - caafcba9-090a-41f5-a5f9-cba5a6a81e94: start FollowerState
2019-11-05 08:23:55,133 [grpc-default-executor-0] INFO  impl.RaftServerImpl (RaftServerImpl.java:setRole(184)) - b3bb9051-8089-4c51-a999-81579e5913f2@group-0E159EE4F99E: changes role from  FOLLOWER to FOLLOWER at term 61 for recognizeCandidate:a8ae9c07-6d89-4a49-a594-cacd4b776180
2019-11-05 08:23:55,133 [Thread-1119] INFO  impl.FollowerState (FollowerState.java:run(117)) - caafcba9-090a-41f5-a5f9-cba5a6a81e94@group-0E159EE4F99E-FollowerState was interrupted: java.lang.InterruptedException: sleep interrupted
2019-11-05 08:23:55,133 [grpc-default-executor-0] INFO  impl.RoleInfo (RoleInfo.java:shutdownFollowerState(121)) - b3bb9051-8089-4c51-a999-81579e5913f2: shutdown FollowerState
2019-11-05 08:23:55,133 [grpc-default-executor-0] INFO  impl.RoleInfo (RoleInfo.java:updateAndGet(143)) - b3bb9051-8089-4c51-a999-81579e5913f2: start FollowerState
2019-11-05 08:23:55,133 [Thread-1120] INFO  impl.FollowerState (FollowerState.java:run(117)) - b3bb9051-8089-4c51-a999-81579e5913f2@group-0E159EE4F99E-FollowerState was interrupted: java.lang.InterruptedException: sleep interrupted
2019-11-05 08:23:55,147 [a8ae9c07-6d89-4a49-a594-cacd4b776180@group-0E159EE4F99E-LeaderElection118] INFO  impl.LeaderElection (LeaderElection.java:logAndReturn(56)) - a8ae9c07-6d89-4a49-a594-cacd4b776180@group-0E159EE4F99E-LeaderElection118: Election REJECTED; received 2 response(s) [a8ae9c07-6d89-4a49-a594-cacd4b776180<-caafcba9-090a-41f5-a5f9-cba5a6a81e94#0:FAIL-t61, a8ae9c07-6d89-4a49-a594-cacd4b776180<-b3bb9051-8089-4c51-a999-81579e5913f2#0:FAIL-t61] and 0 exception(s); a8ae9c07-6d89-4a49-a594-cacd4b776180@group-0E159EE4F99E:t61, leader=null, voted=a8ae9c07-6d89-4a49-a594-cacd4b776180, raftlog=a8ae9c07-6d89-4a49-a594-cacd4b776180@group-0E159EE4F99E-SegmentedRaftLog:OPENED:c-1,f-1,i0, conf=-1: [caafcba9-090a-41f5-a5f9-cba5a6a81e94:192.168.164.217:37197, a8ae9c07-6d89-4a49-a594-cacd4b776180:192.168.164.217:42719, b3bb9051-8089-4c51-a999-81579e5913f2:192.168.164.217:36516], old=null
2019-11-05 08:23:55,147 [a8ae9c07-6d89-4a49-a594-cacd4b776180@group-0E159EE4F99E-LeaderElection118] INFO  impl.RaftServerImpl (RaftServerImpl.java:setRole(184)) - a8ae9c07-6d89-4a49-a594-cacd4b776180@group-0E159EE4F99E: changes role from CANDIDATE to FOLLOWER at term 61 for DISCOVERED_A_NEW_TERM
2019-11-05 08:23:55,147 [a8ae9c07-6d89-4a49-a594-cacd4b776180@group-0E159EE4F99E-LeaderElection118] INFO  impl.RoleInfo (RoleInfo.java:shutdownLeaderElection(134)) - a8ae9c07-6d89-4a49-a594-cacd4b776180: shutdown LeaderElection
2019-11-05 08:23:55,147 [a8ae9c07-6d89-4a49-a594-cacd4b776180@group-0E159EE4F99E-LeaderElection118] INFO  impl.RoleInfo (RoleInfo.java:updateAndGet(143)) - a8ae9c07-6d89-4a49-a594-cacd4b776180: start FollowerState
2019-11-05 08:23:55,154 [Thread-1123] INFO  impl.FollowerState (FollowerState.java:run(108)) - 4a682f4f-c3f2-4b77-88b7-f0ab78890feb@group-0DB8C7688BF9-FollowerState: change to CANDIDATE, lastRpcTime:65ms, electionTimeout:65ms
2019-11-05 08:23:55,154 [Thread-1123] INFO  impl.RoleInfo (RoleInfo.java:shutdownFollowerState(121)) - 4a682f4f-c3f2-4b77-88b7-f0ab78890feb: shutdown FollowerState
2019-11-05 08:23:55,154 [Thread-1123] INFO  impl.RaftServerImpl (RaftServerImpl.java:setRole(184)) - 4a682f4f-c3f2-4b77-88b7-f0ab78890feb@group-0DB8C7688BF9: changes role from  FOLLOWER to CANDIDATE at term 54 for changeToCandidate
2019-11-05 08:23:55,155 [Thread-1123] INFO  impl.RoleInfo (RoleInfo.java:updateAndGet(143)) - 4a682f4f-c3f2-4b77-88b7-f0ab78890feb: start LeaderElection
2019-11-05 08:23:55,168 [4a682f4f-c3f2-4b77-88b7-f0ab78890feb@group-0DB8C7688BF9-LeaderElection119] INFO  impl.LeaderElection (LeaderElection.java:askForVotes(178)) - 4a682f4f-c3f2-4b77-88b7-f0ab78890feb@group-0DB8C7688BF9-LeaderElection119: begin an election at term 55 for -1: [77ab65e6-d942-49df-83a3-1d4c0bf152b3:192.168.164.217:39381, 7e1b84a9-a041-44fd-8008-f2679426984c:192.168.164.217:44149, 4a682f4f-c3f2-4b77-88b7-f0ab78890feb:192.168.164.217:34174], old=null
2019-11-05 08:23:55,170 [grpc-default-executor-1] INFO  impl.RaftServerImpl (RaftServerImpl.java:setRole(184)) - 77ab65e6-d942-49df-83a3-1d4c0bf152b3@group-0DB8C7688BF9: changes role from  FOLLOWER to FOLLOWER at term 55 for recognizeCandidate:4a682f4f-c3f2-4b77-88b7-f0ab78890feb
2019-11-05 08:23:55,170 [grpc-default-executor-1] INFO  impl.RoleInfo (RoleInfo.java:shutdownFollowerState(121)) - 77ab65e6-d942-49df-83a3-1d4c0bf152b3: shutdown FollowerState
2019-11-05 08:23:55,170 [grpc-default-executor-0] INFO  impl.RaftServerImpl (RaftServerImpl.java:setRole(184)) - 7e1b84a9-a041-44fd-8008-f2679426984c@group-0DB8C7688BF9: changes role from  FOLLOWER to FOLLOWER at term 55 for recognizeCandidate:4a682f4f-c3f2-4b77-88b7-f0ab78890feb
2019-11-05 08:23:55,170 [Thread-1117] INFO  impl.FollowerState (FollowerState.java:run(117)) - 77ab65e6-d942-49df-83a3-1d4c0bf152b3@group-0DB8C7688BF9-FollowerState was interrupted: java.lang.InterruptedException: sleep interrupted
2019-11-05 08:23:55,170 [grpc-default-executor-1] INFO  impl.RoleInfo (RoleInfo.java:updateAndGet(143)) - 77ab65e6-d942-49df-83a3-1d4c0bf152b3: start FollowerState
2019-11-05 08:23:55,170 [grpc-default-executor-0] INFO  impl.RoleInfo (RoleInfo.java:shutdownFollowerState(121)) - 7e1b84a9-a041-44fd-8008-f2679426984c: shutdown FollowerState
2019-11-05 08:23:55,171 [grpc-default-executor-0] INFO  impl.RoleInfo (RoleInfo.java:updateAndGet(143)) - 7e1b84a9-a041-44fd-8008-f2679426984c: start FollowerState
2019-11-05 08:23:55,171 [Thread-1118] INFO  impl.FollowerState (FollowerState.java:run(117)) - 7e1b84a9-a041-44fd-8008-f2679426984c@group-0DB8C7688BF9-FollowerState was interrupted: java.lang.InterruptedException: sleep interrupted
2019-11-05 08:23:55,185 [4a682f4f-c3f2-4b77-88b7-f0ab78890feb@group-0DB8C7688BF9-LeaderElection119] INFO  impl.LeaderElection (LeaderElection.java:logAndReturn(56)) - 4a682f4f-c3f2-4b77-88b7-f0ab78890feb@group-0DB8C7688BF9-LeaderElection119: Election REJECTED; received 2 response(s) [4a682f4f-c3f2-4b77-88b7-f0ab78890feb<-77ab65e6-d942-49df-83a3-1d4c0bf152b3#0:FAIL-t55, 4a682f4f-c3f2-4b77-88b7-f0ab78890feb<-7e1b84a9-a041-44fd-8008-f2679426984c#0:FAIL-t55] and 0 exception(s); 4a682f4f-c3f2-4b77-88b7-f0ab78890feb@group-0DB8C7688BF9:t55, leader=null, voted=4a682f4f-c3f2-4b77-88b7-f0ab78890feb, raftlog=4a682f4f-c3f2-4b77-88b7-f0ab78890feb@group-0DB8C7688BF9-SegmentedRaftLog:OPENED:c-1,f-1,i0, conf=-1: [77ab65e6-d942-49df-83a3-1d4c0bf152b3:192.168.164.217:39381, 7e1b84a9-a041-44fd-8008-f2679426984c:192.168.164.217:44149, 4a682f4f-c3f2-4b77-88b7-f0ab78890feb:192.168.164.217:34174], old=null
2019-11-05 08:23:55,185 [4a682f4f-c3f2-4b77-88b7-f0ab78890feb@group-0DB8C7688BF9-LeaderElection119] INFO  impl.RaftServerImpl (RaftServerImpl.java:setRole(184)) - 4a682f4f-c3f2-4b77-88b7-f0ab78890feb@group-0DB8C7688BF9: changes role from CANDIDATE to FOLLOWER at term 55 for DISCOVERED_A_NEW_TERM
2019-11-05 08:23:55,185 [4a682f4f-c3f2-4b77-88b7-f0ab78890feb@group-0DB8C7688BF9-LeaderElection119] INFO  impl.RoleInfo (RoleInfo.java:shutdownLeaderElection(134)) - 4a682f4f-c3f2-4b77-88b7-f0ab78890feb: shutdown LeaderElection
2019-11-05 08:23:55,186 [4a682f4f-c3f2-4b77-88b7-f0ab78890feb@group-0DB8C7688BF9-LeaderElection119] INFO  impl.RoleInfo (RoleInfo.java:updateAndGet(143)) - 4a682f4f-c3f2-4b77-88b7-f0ab78890feb: start FollowerState
2019-11-05 08:23:55,216 [Thread-1129] INFO  impl.FollowerState (FollowerState.java:run(108)) - a8ae9c07-6d89-4a49-a594-cacd4b776180@group-0E159EE4F99E-FollowerState: change to CANDIDATE, lastRpcTime:68ms, electionTimeout:68ms
2019-11-05 08:23:55,216 [Thread-1129] INFO  impl.RoleInfo (RoleInfo.java:shutdownFollowerState(121)) - a8ae9c07-6d89-4a49-a594-cacd4b776180: shutdown FollowerState
2019-11-05 08:23:55,216 [Thread-1129] INFO  impl.RaftServerImpl (RaftServerImpl.java:setRole(184)) - a8ae9c07-6d89-4a49-a594-cacd4b776180@group-0E159EE4F99E: changes role from  FOLLOWER to CANDIDATE at term 61 for changeToCandidate
2019-11-05 08:23:55,217 [Thread-1129] INFO  impl.RoleInfo (RoleInfo.java:updateAndGet(143)) - a8ae9c07-6d89-4a49-a594-cacd4b776180: start LeaderElection
2019-11-05 08:23:55,230 [a8ae9c07-6d89-4a49-a594-cacd4b776180@group-0E159EE4F99E-LeaderElection120] INFO  impl.LeaderElection (LeaderElection.java:askForVotes(178)) - a8ae9c07-6d89-4a49-a594-cacd4b776180@group-0E159EE4F99E-LeaderElection120: begin an election at term 62 for -1: [caafcba9-090a-41f5-a5f9-cba5a6a81e94:192.168.164.217:37197, a8ae9c07-6d89-4a49-a594-cacd4b776180:192.168.164.217:42719, b3bb9051-8089-4c51-a999-81579e5913f2:192.168.164.217:36516], old=null
2019-11-05 08:23:55,232 [grpc-default-executor-0] INFO  impl.RaftServerImpl (RaftServerImpl.java:setRole(184)) - caafcba9-090a-41f5-a5f9-cba5a6a81e94@group-0E159EE4F99E: changes role from  FOLLOWER to FOLLOWER at term 62 for recognizeCandidate:a8ae9c07-6d89-4a49-a594-cacd4b776180
2019-11-05 08:23:55,232 [grpc-default-executor-1] INFO  impl.RaftServerImpl (RaftServerImpl.java:setRole(184)) - b3bb9051-8089-4c51-a999-81579e5913f2@group-0E159EE4F99E: changes role from  FOLLOWER to FOLLOWER at term 62 for recognizeCandidate:a8ae9c07-6d89-4a49-a594-cacd4b776180
2019-11-05 08:23:55,232 [grpc-default-executor-0] INFO  impl.RoleInfo (RoleInfo.java:shutdownFollowerState(121)) - caafcba9-090a-41f5-a5f9-cba5a6a81e94: shutdown FollowerState
2019-11-05 08:23:55,232 [grpc-default-executor-1] INFO  impl.RoleInfo (RoleInfo.java:shutdownFollowerState(121)) - b3bb9051-8089-4c51-a999-81579e5913f2: shutdown FollowerState
2019-11-05 08:23:55,232 [Thread-1127] INFO  impl.FollowerState (FollowerState.java:run(117)) - caafcba9-090a-41f5-a5f9-cba5a6a81e94@group-0E159EE4F99E-FollowerState was interrupted: java.lang.InterruptedException: sleep interrupted
2019-11-05 08:23:55,232 [Thread-1128] INFO  impl.FollowerState (FollowerState.java:run(117)) - b3bb9051-8089-4c51-a999-81579e5913f2@group-0E159EE4F99E-FollowerState was interrupted: java.lang.InterruptedException: sleep interrupted
2019-11-05 08:23:55,232 [grpc-default-executor-1] INFO  impl.RoleInfo (RoleInfo.java:updateAndGet(143)) - b3bb9051-8089-4c51-a999-81579e5913f2: start FollowerState
2019-11-05 08:23:55,232 [grpc-default-executor-0] INFO  impl.RoleInfo (RoleInfo.java:updateAndGet(143)) - caafcba9-090a-41f5-a5f9-cba5a6a81e94: start FollowerState
2019-11-05 08:23:55,247 [a8ae9c07-6d89-4a49-a594-cacd4b776180@group-0E159EE4F99E-LeaderElection120] INFO  impl.LeaderElection (LeaderElection.java:logAndReturn(56)) - a8ae9c07-6d89-4a49-a594-cacd4b776180@group-0E159EE4F99E-LeaderElection120: Election REJECTED; received 2 response(s) [a8ae9c07-6d89-4a49-a594-cacd4b776180<-caafcba9-090a-41f5-a5f9-cba5a6a81e94#0:FAIL-t62, a8ae9c07-6d89-4a49-a594-cacd4b776180<-b3bb9051-8089-4c51-a999-81579e5913f2#0:FAIL-t62] and 0 exception(s); a8ae9c07-6d89-4a49-a594-cacd4b776180@group-0E159EE4F99E:t62, leader=null, voted=a8ae9c07-6d89-4a49-a594-cacd4b776180, raftlog=a8ae9c07-6d89-4a49-a594-cacd4b776180@group-0E159EE4F99E-SegmentedRaftLog:OPENED:c-1,f-1,i0, conf=-1: [caafcba9-090a-41f5-a5f9-cba5a6a81e94:192.168.164.217:37197, a8ae9c07-6d89-4a49-a594-cacd4b776180:192.168.164.217:42719, b3bb9051-8089-4c51-a999-81579e5913f2:192.168.164.217:36516], old=null
2019-11-05 08:23:55,247 [Thread-1135] INFO  impl.FollowerState (FollowerState.java:run(108)) - 4a682f4f-c3f2-4b77-88b7-f0ab78890feb@group-0DB8C7688BF9-FollowerState: change to CANDIDATE, lastRpcTime:61ms, electionTimeout:61ms
2019-11-05 08:23:55,247 [a8ae9c07-6d89-4a49-a594-cacd4b776180@group-0E159EE4F99E-LeaderElection120] INFO  impl.RaftServerImpl (RaftServerImpl.java:setRole(184)) - a8ae9c07-6d89-4a49-a594-cacd4b776180@group-0E159EE4F99E: changes role from CANDIDATE to FOLLOWER at term 62 for DISCOVERED_A_NEW_TERM
2019-11-05 08:23:55,247 [Thread-1135] INFO  impl.RoleInfo (RoleInfo.java:shutdownFollowerState(121)) - 4a682f4f-c3f2-4b77-88b7-f0ab78890feb: shutdown FollowerState
2019-11-05 08:23:55,247 [a8ae9c07-6d89-4a49-a594-cacd4b776180@group-0E159EE4F99E-LeaderElection120] INFO  impl.RoleInfo (RoleInfo.java:shutdownLeaderElection(134)) - a8ae9c07-6d89-4a49-a594-cacd4b776180: shutdown LeaderElection
2019-11-05 08:23:55,247 [Thread-1135] INFO  impl.RaftServerImpl (RaftServerImpl.java:setRole(184)) - 4a682f4f-c3f2-4b77-88b7-f0ab78890feb@group-0DB8C7688BF9: changes role from  FOLLOWER to CANDIDATE at term 55 for changeToCandidate
2019-11-05 08:23:55,247 [a8ae9c07-6d89-4a49-a594-cacd4b776180@group-0E159EE4F99E-LeaderElection120] INFO  impl.RoleInfo (RoleInfo.java:updateAndGet(143)) - a8ae9c07-6d89-4a49-a594-cacd4b776180: start FollowerState
2019-11-05 08:23:55,248 [Thread-1135] INFO  impl.RoleInfo (RoleInfo.java:updateAndGet(143)) - 4a682f4f-c3f2-4b77-88b7-f0ab78890feb: start LeaderElection
2019-11-05 08:23:55,261 [4a682f4f-c3f2-4b77-88b7-f0ab78890feb@group-0DB8C7688BF9-LeaderElection121] INFO  impl.LeaderElection (LeaderElection.java:askForVotes(178)) - 4a682f4f-c3f2-4b77-88b7-f0ab78890feb@group-0DB8C7688BF9-LeaderElection121: begin an election at term 56 for -1: [77ab65e6-d942-49df-83a3-1d4c0bf152b3:192.168.164.217:39381, 7e1b84a9-a041-44fd-8008-f2679426984c:192.168.164.217:44149, 4a682f4f-c3f2-4b77-88b7-f0ab78890feb:192.168.164.217:34174], old=null
2019-11-05 08:23:55,263 [grpc-default-executor-0] INFO  impl.RaftServerImpl (RaftServerImpl.java:setRole(184)) - 77ab65e6-d942-49df-83a3-1d4c0bf152b3@group-0DB8C7688BF9: changes role from  FOLLOWER to FOLLOWER at term 56 for recognizeCandidate:4a682f4f-c3f2-4b77-88b7-f0ab78890feb
2019-11-05 08:23:55,263 [grpc-default-executor-0] INFO  impl.RoleInfo (RoleInfo.java:shutdownFollowerState(121)) - 77ab65e6-d942-49df-83a3-1d4c0bf152b3: shutdown FollowerState
2019-11-05 08:23:55,263 [grpc-default-executor-0] INFO  impl.RoleInfo (RoleInfo.java:updateAndGet(143)) - 77ab65e6-d942-49df-83a3-1d4c0bf152b3: start FollowerState
2019-11-05 08:23:55,263 [Thread-1133] INFO  impl.FollowerState (FollowerState.java:run(117)) - 77ab65e6-d942-49df-83a3-1d4c0bf152b3@group-0DB8C7688BF9-FollowerState was interrupted: java.lang.InterruptedException: sleep interrupted
2019-11-05 08:23:55,263 [grpc-default-executor-1] INFO  impl.RaftServerImpl (RaftServerImpl.java:setRole(184)) - 7e1b84a9-a041-44fd-8008-f2679426984c@group-0DB8C7688BF9: changes role from  FOLLOWER to FOLLOWER at term 56 for recognizeCandidate:4a682f4f-c3f2-4b77-88b7-f0ab78890feb
2019-11-05 08:23:55,263 [grpc-default-executor-1] INFO  impl.RoleInfo (RoleInfo.java:shutdownFollowerState(121)) - 7e1b84a9-a041-44fd-8008-f2679426984c: shutdown FollowerState
2019-11-05 08:23:55,264 [grpc-default-executor-1] INFO  impl.RoleInfo (RoleInfo.java:updateAndGet(143)) - 7e1b84a9-a041-44fd-8008-f2679426984c: start FollowerState
2019-11-05 08:23:55,264 [Thread-1134] INFO  impl.FollowerState (FollowerState.java:run(117)) - 7e1b84a9-a041-44fd-8008-f2679426984c@group-0DB8C7688BF9-FollowerState was interrupted: java.lang.InterruptedException: sleep interrupted
2019-11-05 08:23:55,277 [4a682f4f-c3f2-4b77-88b7-f0ab78890feb@group-0DB8C7688BF9-LeaderElection121] INFO  impl.LeaderElection (LeaderElection.java:logAndReturn(56)) - 4a682f4f-c3f2-4b77-88b7-f0ab78890feb@group-0DB8C7688BF9-LeaderElection121: Election REJECTED; received 2 response(s) [4a682f4f-c3f2-4b77-88b7-f0ab78890feb<-77ab65e6-d942-49df-83a3-1d4c0bf152b3#0:FAIL-t56, 4a682f4f-c3f2-4b77-88b7-f0ab78890feb<-7e1b84a9-a041-44fd-8008-f2679426984c#0:FAIL-t56] and 0 exception(s); 4a682f4f-c3f2-4b77-88b7-f0ab78890feb@group-0DB8C7688BF9:t56, leader=null, voted=4a682f4f-c3f2-4b77-88b7-f0ab78890feb, raftlog=4a682f4f-c3f2-4b77-88b7-f0ab78890feb@group-0DB8C7688BF9-SegmentedRaftLog:OPENED:c-1,f-1,i0, conf=-1: [77ab65e6-d942-49df-83a3-1d4c0bf152b3:192.168.164.217:39381, 7e1b84a9-a041-44fd-8008-f2679426984c:192.168.164.217:44149, 4a682f4f-c3f2-4b77-88b7-f0ab78890feb:192.168.164.217:34174], old=null
2019-11-05 08:23:55,277 [4a682f4f-c3f2-4b77-88b7-f0ab78890feb@group-0DB8C7688BF9-LeaderElection121] INFO  impl.RaftServerImpl (RaftServerImpl.java:setRole(184)) - 4a682f4f-c3f2-4b77-88b7-f0ab78890feb@group-0DB8C7688BF9: changes role from CANDIDATE to FOLLOWER at term 56 for DISCOVERED_A_NEW_TERM
2019-11-05 08:23:55,277 [4a682f4f-c3f2-4b77-88b7-f0ab78890feb@group-0DB8C7688BF9-LeaderElection121] INFO  impl.RoleInfo (RoleInfo.java:shutdownLeaderElection(134)) - 4a682f4f-c3f2-4b77-88b7-f0ab78890feb: shutdown LeaderElection
2019-11-05 08:23:55,278 [4a682f4f-c3f2-4b77-88b7-f0ab78890feb@group-0DB8C7688BF9-LeaderElection121] INFO  impl.RoleInfo (RoleInfo.java:updateAndGet(143)) - 4a682f4f-c3f2-4b77-88b7-f0ab78890feb: start FollowerState
2019-11-05 08:23:55,287 [Thread-1147] INFO  impl.FollowerState (FollowerState.java:run(108)) - 4a682f4f-c3f2-4b77-88b7-f0ab78890feb@group-0DB8C7688BF9-FollowerState: change to CANDIDATE, lastRpcTime:9ms, electionTimeout:9ms
2019-11-05 08:23:55,287 [Thread-1147] INFO  impl.RoleInfo (RoleInfo.java:shutdownFollowerState(121)) - 4a682f4f-c3f2-4b77-88b7-f0ab78890feb: shutdown FollowerState
2019-11-05 08:23:55,287 [Thread-1147] INFO  impl.RaftServerImpl (RaftServerImpl.java:setRole(184)) - 4a682f4f-c3f2-4b77-88b7-f0ab78890feb@group-0DB8C7688BF9: changes role from  FOLLOWER to CANDIDATE at term 56 for changeToCandidate
2019-11-05 08:23:55,287 [Thread-1147] INFO  impl.RoleInfo (RoleInfo.java:updateAndGet(143)) - 4a682f4f-c3f2-4b77-88b7-f0ab78890feb: start LeaderElection
2019-11-05 08:23:55,300 [4a682f4f-c3f2-4b77-88b7-f0ab78890feb@group-0DB8C7688BF9-LeaderElection122] INFO  impl.LeaderElection (LeaderElection.java:askForVotes(178)) - 4a682f4f-c3f2-4b77-88b7-f0ab78890feb@group-0DB8C7688BF9-LeaderElection122: begin an election at term 57 for -1: [77ab65e6-d942-49df-83a3-1d4c0bf152b3:192.168.164.217:39381, 7e1b84a9-a041-44fd-8008-f2679426984c:192.168.164.217:44149, 4a682f4f-c3f2-4b77-88b7-f0ab78890feb:192.168.164.217:34174], old=null
2019-11-05 08:23:55,302 [grpc-default-executor-1] INFO  impl.RaftServerImpl (RaftServerImpl.java:setRole(184)) - 7e1b84a9-a041-44fd-8008-f2679426984c@group-0DB8C7688BF9: changes role from  FOLLOWER to FOLLOWER at term 57 for recognizeCandidate:4a682f4f-c3f2-4b77-88b7-f0ab78890feb
2019-11-05 08:23:55,302 [grpc-default-executor-1] INFO  impl.RoleInfo (RoleInfo.java:shutdownFollowerState(121)) - 7e1b84a9-a041-44fd-8008-f2679426984c: shutdown FollowerState
2019-11-05 08:23:55,302 [grpc-default-executor-0] INFO  impl.RaftServerImpl (RaftServerImpl.java:setRole(184)) - 77ab65e6-d942-49df-83a3-1d4c0bf152b3@group-0DB8C7688BF9: changes role from  FOLLOWER to FOLLOWER at term 57 for recognizeCandidate:4a682f4f-c3f2-4b77-88b7-f0ab78890feb
2019-11-05 08:23:55,302 [grpc-default-executor-1] INFO  impl.RoleInfo (RoleInfo.java:updateAndGet(143)) - 7e1b84a9-a041-44fd-8008-f2679426984c: start FollowerState
2019-11-05 08:23:55,303 [Thread-1146] INFO  impl.FollowerState (FollowerState.java:run(117)) - 7e1b84a9-a041-44fd-8008-f2679426984c@group-0DB8C7688BF9-FollowerState was interrupted: java.lang.InterruptedException: sleep interrupted
2019-11-05 08:23:55,302 [grpc-default-executor-0] INFO  impl.RoleInfo (RoleInfo.java:shutdownFollowerState(121)) - 77ab65e6-d942-49df-83a3-1d4c0bf152b3: shutdown FollowerState
2019-11-05 08:23:55,303 [grpc-default-executor-0] INFO  impl.RoleInfo (RoleInfo.java:updateAndGet(143)) - 77ab65e6-d942-49df-83a3-1d4c0bf152b3: start FollowerState
2019-11-05 08:23:55,303 [Thread-1145] INFO  impl.FollowerState (FollowerState.java:run(117)) - 77ab65e6-d942-49df-83a3-1d4c0bf152b3@group-0DB8C7688BF9-FollowerState was interrupted: java.lang.InterruptedException: sleep interrupted
2019-11-05 08:23:55,317 [4a682f4f-c3f2-4b77-88b7-f0ab78890feb@group-0DB8C7688BF9-LeaderElection122] INFO  impl.LeaderElection (LeaderElection.java:logAndReturn(56)) - 4a682f4f-c3f2-4b77-88b7-f0ab78890feb@group-0DB8C7688BF9-LeaderElection122: Election REJECTED; received 2 response(s) [4a682f4f-c3f2-4b77-88b7-f0ab78890feb<-77ab65e6-d942-49df-83a3-1d4c0bf152b3#0:FAIL-t57, 4a682f4f-c3f2-4b77-88b7-f0ab78890feb<-7e1b84a9-a041-44fd-8008-f2679426984c#0:FAIL-t57] and 0 exception(s); 4a682f4f-c3f2-4b77-88b7-f0ab78890feb@group-0DB8C7688BF9:t57, leader=null, voted=4a682f4f-c3f2-4b77-88b7-f0ab78890feb, raftlog=4a682f4f-c3f2-4b77-88b7-f0ab78890feb@group-0DB8C7688BF9-SegmentedRaftLog:OPENED:c-1,f-1,i0, conf=-1: [77ab65e6-d942-49df-83a3-1d4c0bf152b3:192.168.164.217:39381, 7e1b84a9-a041-44fd-8008-f2679426984c:192.168.164.217:44149, 4a682f4f-c3f2-4b77-88b7-f0ab78890feb:192.168.164.217:34174], old=null
2019-11-05 08:23:55,317 [4a682f4f-c3f2-4b77-88b7-f0ab78890feb@group-0DB8C7688BF9-LeaderElection122] INFO  impl.RaftServerImpl (RaftServerImpl.java:setRole(184)) - 4a682f4f-c3f2-4b77-88b7-f0ab78890feb@group-0DB8C7688BF9: changes role from CANDIDATE to FOLLOWER at term 57 for DISCOVERED_A_NEW_TERM
2019-11-05 08:23:55,317 [4a682f4f-c3f2-4b77-88b7-f0ab78890feb@group-0DB8C7688BF9-LeaderElection122] INFO  impl.RoleInfo (RoleInfo.java:shutdownLeaderElection(134)) - 4a682f4f-c3f2-4b77-88b7-f0ab78890feb: shutdown LeaderElection
2019-11-05 08:23:55,317 [4a682f4f-c3f2-4b77-88b7-f0ab78890feb@group-0DB8C7688BF9-LeaderElection122] INFO  impl.RoleInfo (RoleInfo.java:updateAndGet(143)) - 4a682f4f-c3f2-4b77-88b7-f0ab78890feb: start FollowerState
2019-11-05 08:23:55,439 [Thread-1141] INFO  impl.FollowerState (FollowerState.java:run(108)) - a8ae9c07-6d89-4a49-a594-cacd4b776180@group-0E159EE4F99E-FollowerState: change to CANDIDATE, lastRpcTime:191ms, electionTimeout:191ms
2019-11-05 08:23:55,439 [Thread-1141] INFO  impl.RoleInfo (RoleInfo.java:shutdownFollowerState(121)) - a8ae9c07-6d89-4a49-a594-cacd4b776180: shutdown FollowerState
2019-11-05 08:23:55,439 [Thread-1141] INFO  impl.RaftServerImpl (RaftServerImpl.java:setRole(184)) - a8ae9c07-6d89-4a49-a594-cacd4b776180@group-0E159EE4F99E: changes role from  FOLLOWER to CANDIDATE at term 62 for changeToCandidate
2019-11-05 08:23:55,439 [Thread-1141] INFO  impl.RoleInfo (RoleInfo.java:updateAndGet(143)) - a8ae9c07-6d89-4a49-a594-cacd4b776180: start LeaderElection
2019-11-05 08:23:55,453 [a8ae9c07-6d89-4a49-a594-cacd4b776180@group-0E159EE4F99E-LeaderElection123] INFO  impl.LeaderElection (LeaderElection.java:askForVotes(178)) - a8ae9c07-6d89-4a49-a594-cacd4b776180@group-0E159EE4F99E-LeaderElection123: begin an election at term 63 for -1: [caafcba9-090a-41f5-a5f9-cba5a6a81e94:192.168.164.217:37197, a8ae9c07-6d89-4a49-a594-cacd4b776180:192.168.164.217:42719, b3bb9051-8089-4c51-a999-81579e5913f2:192.168.164.217:36516], old=null
2019-11-05 08:23:55,456 [grpc-default-executor-1] INFO  impl.RaftServerImpl (RaftServerImpl.java:setRole(184)) - caafcba9-090a-41f5-a5f9-cba5a6a81e94@group-0E159EE4F99E: changes role from  FOLLOWER to FOLLOWER at term 63 for recognizeCandidate:a8ae9c07-6d89-4a49-a594-cacd4b776180
2019-11-05 08:23:55,456 [grpc-default-executor-1] INFO  impl.RoleInfo (RoleInfo.java:shutdownFollowerState(121)) - caafcba9-090a-41f5-a5f9-cba5a6a81e94: shutdown FollowerState
2019-11-05 08:23:55,456 [grpc-default-executor-0] INFO  impl.RaftServerImpl (RaftServerImpl.java:setRole(184)) - b3bb9051-8089-4c51-a999-81579e5913f2@group-0E159EE4F99E: changes role from  FOLLOWER to FOLLOWER at term 63 for recognizeCandidate:a8ae9c07-6d89-4a49-a594-cacd4b776180
2019-11-05 08:23:55,456 [grpc-default-executor-0] INFO  impl.RoleInfo (RoleInfo.java:shutdownFollowerState(121)) - b3bb9051-8089-4c51-a999-81579e5913f2: shutdown FollowerState
2019-11-05 08:23:55,456 [Thread-1139] INFO  impl.FollowerState (FollowerState.java:run(117)) - caafcba9-090a-41f5-a5f9-cba5a6a81e94@group-0E159EE4F99E-FollowerState was interrupted: java.lang.InterruptedException: sleep interrupted
2019-11-05 08:23:55,456 [grpc-default-executor-1] INFO  impl.RoleInfo (RoleInfo.java:updateAndGet(143)) - caafcba9-090a-41f5-a5f9-cba5a6a81e94: start FollowerState
2019-11-05 08:23:55,457 [Thread-1140] INFO  impl.FollowerState (FollowerState.java:run(117)) - b3bb9051-8089-4c51-a999-81579e5913f2@group-0E159EE4F99E-FollowerState was interrupted: java.lang.InterruptedException: sleep interrupted
2019-11-05 08:23:55,456 [grpc-default-executor-0] INFO  impl.RoleInfo (RoleInfo.java:updateAndGet(143)) - b3bb9051-8089-4c51-a999-81579e5913f2: start FollowerState
2019-11-05 08:23:55,471 [a8ae9c07-6d89-4a49-a594-cacd4b776180@group-0E159EE4F99E-LeaderElection123] INFO  impl.LeaderElection (LeaderElection.java:logAndReturn(56)) - a8ae9c07-6d89-4a49-a594-cacd4b776180@group-0E159EE4F99E-LeaderElection123: Election REJECTED; received 2 response(s) [a8ae9c07-6d89-4a49-a594-cacd4b776180<-caafcba9-090a-41f5-a5f9-cba5a6a81e94#0:FAIL-t63, a8ae9c07-6d89-4a49-a594-cacd4b776180<-b3bb9051-8089-4c51-a999-81579e5913f2#0:FAIL-t63] and 0 exception(s); a8ae9c07-6d89-4a49-a594-cacd4b776180@group-0E159EE4F99E:t63, leader=null, voted=a8ae9c07-6d89-4a49-a594-cacd4b776180, raftlog=a8ae9c07-6d89-4a49-a594-cacd4b776180@group-0E159EE4F99E-SegmentedRaftLog:OPENED:c-1,f-1,i0, conf=-1: [caafcba9-090a-41f5-a5f9-cba5a6a81e94:192.168.164.217:37197, a8ae9c07-6d89-4a49-a594-cacd4b776180:192.168.164.217:42719, b3bb9051-8089-4c51-a999-81579e5913f2:192.168.164.217:36516], old=null
2019-11-05 08:23:55,471 [a8ae9c07-6d89-4a49-a594-cacd4b776180@group-0E159EE4F99E-LeaderElection123] INFO  impl.RaftServerImpl (RaftServerImpl.java:setRole(184)) - a8ae9c07-6d89-4a49-a594-cacd4b776180@group-0E159EE4F99E: changes role from CANDIDATE to FOLLOWER at term 63 for DISCOVERED_A_NEW_TERM
2019-11-05 08:23:55,471 [a8ae9c07-6d89-4a49-a594-cacd4b776180@group-0E159EE4F99E-LeaderElection123] INFO  impl.RoleInfo (RoleInfo.java:shutdownLeaderElection(134)) - a8ae9c07-6d89-4a49-a594-cacd4b776180: shutdown LeaderElection
2019-11-05 08:23:55,472 [a8ae9c07-6d89-4a49-a594-cacd4b776180@group-0E159EE4F99E-LeaderElection123] INFO  impl.RoleInfo (RoleInfo.java:updateAndGet(143)) - a8ae9c07-6d89-4a49-a594-cacd4b776180: start FollowerState
2019-11-05 08:23:55,479 [Thread-1153] INFO  impl.FollowerState (FollowerState.java:run(108)) - 4a682f4f-c3f2-4b77-88b7-f0ab78890feb@group-0DB8C7688BF9-FollowerState: change to CANDIDATE, lastRpcTime:162ms, electionTimeout:162ms
2019-11-05 08:23:55,480 [Thread-1153] INFO  impl.RoleInfo (RoleInfo.java:shutdownFollowerState(121)) - 4a682f4f-c3f2-4b77-88b7-f0ab78890feb: shutdown FollowerState
2019-11-05 08:23:55,480 [Thread-1153] INFO  impl.RaftServerImpl (RaftServerImpl.java:setRole(184)) - 4a682f4f-c3f2-4b77-88b7-f0ab78890feb@group-0DB8C7688BF9: changes role from  FOLLOWER to CANDIDATE at term 57 for changeToCandidate
2019-11-05 08:23:55,480 [Thread-1153] INFO  impl.RoleInfo (RoleInfo.java:updateAndGet(143)) - 4a682f4f-c3f2-4b77-88b7-f0ab78890feb: start LeaderElection
2019-11-05 08:23:55,494 [4a682f4f-c3f2-4b77-88b7-f0ab78890feb@group-0DB8C7688BF9-LeaderElection124] INFO  impl.LeaderElection (LeaderElection.java:askForVotes(178)) - 4a682f4f-c3f2-4b77-88b7-f0ab78890feb@group-0DB8C7688BF9-LeaderElection124: begin an election at term 58 for -1: [77ab65e6-d942-49df-83a3-1d4c0bf152b3:192.168.164.217:39381, 7e1b84a9-a041-44fd-8008-f2679426984c:192.168.164.217:44149, 4a682f4f-c3f2-4b77-88b7-f0ab78890feb:192.168.164.217:34174], old=null
2019-11-05 08:23:55,496 [grpc-default-executor-1] INFO  impl.RaftServerImpl (RaftServerImpl.java:setRole(184)) - 77ab65e6-d942-49df-83a3-1d4c0bf152b3@group-0DB8C7688BF9: changes role from  FOLLOWER to FOLLOWER at term 58 for recognizeCandidate:4a682f4f-c3f2-4b77-88b7-f0ab78890feb
2019-11-05 08:23:55,496 [grpc-default-executor-1] INFO  impl.RoleInfo (RoleInfo.java:shutdownFollowerState(121)) - 77ab65e6-d942-49df-83a3-1d4c0bf152b3: shutdown FollowerState
2019-11-05 08:23:55,496 [grpc-default-executor-1] INFO  impl.RoleInfo (RoleInfo.java:updateAndGet(143)) - 77ab65e6-d942-49df-83a3-1d4c0bf152b3: start FollowerState
2019-11-05 08:23:55,496 [grpc-default-executor-0] INFO  impl.RaftServerImpl (RaftServerImpl.java:setRole(184)) - 7e1b84a9-a041-44fd-8008-f2679426984c@group-0DB8C7688BF9: changes role from  FOLLOWER to FOLLOWER at term 58 for recognizeCandidate:4a682f4f-c3f2-4b77-88b7-f0ab78890feb
2019-11-05 08:23:55,497 [Thread-1152] INFO  impl.FollowerState (FollowerState.java:run(117)) - 77ab65e6-d942-49df-83a3-1d4c0bf152b3@group-0DB8C7688BF9-FollowerState was interrupted: java.lang.InterruptedException: sleep interrupted
2019-11-05 08:23:55,497 [grpc-default-executor-0] INFO  impl.RoleInfo (RoleInfo.java:shutdownFollowerState(121)) - 7e1b84a9-a041-44fd-8008-f2679426984c: shutdown FollowerState
2019-11-05 08:23:55,497 [grpc-default-executor-0] INFO  impl.RoleInfo (RoleInfo.java:updateAndGet(143)) - 7e1b84a9-a041-44fd-8008-f2679426984c: start FollowerState
2019-11-05 08:23:55,497 [Thread-1151] INFO  impl.FollowerState (FollowerState.java:run(117)) - 7e1b84a9-a041-44fd-8008-f2679426984c@group-0DB8C7688BF9-FollowerState was interrupted: java.lang.InterruptedException: sleep interrupted
2019-11-05 08:23:55,500 [Thread-1159] INFO  impl.FollowerState (FollowerState.java:run(108)) - a8ae9c07-6d89-4a49-a594-cacd4b776180@group-0E159EE4F99E-FollowerState: change to CANDIDATE, lastRpcTime:28ms, electionTimeout:28ms
2019-11-05 08:23:55,500 [Thread-1159] INFO  impl.RoleInfo (RoleInfo.java:shutdownFollowerState(121)) - a8ae9c07-6d89-4a49-a594-cacd4b776180: shutdown FollowerState
2019-11-05 08:23:55,500 [Thread-1159] INFO  impl.RaftServerImpl (RaftServerImpl.java:setRole(184)) - a8ae9c07-6d89-4a49-a594-cacd4b776180@group-0E159EE4F99E: changes role from  FOLLOWER to CANDIDATE at term 63 for changeToCandidate
2019-11-05 08:23:55,500 [Thread-1159] INFO  impl.RoleInfo (RoleInfo.java:updateAndGet(143)) - a8ae9c07-6d89-4a49-a594-cacd4b776180: start LeaderElection
2019-11-05 08:23:55,511 [a8ae9c07-6d89-4a49-a594-cacd4b776180@group-0E159EE4F99E-LeaderElection125] INFO  impl.LeaderElection (LeaderElection.java:askForVotes(178)) - a8ae9c07-6d89-4a49-a594-cacd4b776180@group-0E159EE4F99E-LeaderElection125: begin an election at term 64 for -1: [caafcba9-090a-41f5-a5f9-cba5a6a81e94:192.168.164.217:37197, a8ae9c07-6d89-4a49-a594-cacd4b776180:192.168.164.217:42719, b3bb9051-8089-4c51-a999-81579e5913f2:192.168.164.217:36516], old=null
2019-11-05 08:23:55,511 [4a682f4f-c3f2-4b77-88b7-f0ab78890feb@group-0DB8C7688BF9-LeaderElection124] INFO  impl.LeaderElection (LeaderElection.java:logAndReturn(56)) - 4a682f4f-c3f2-4b77-88b7-f0ab78890feb@group-0DB8C7688BF9-LeaderElection124: Election REJECTED; received 2 response(s) [4a682f4f-c3f2-4b77-88b7-f0ab78890feb<-77ab65e6-d942-49df-83a3-1d4c0bf152b3#0:FAIL-t58, 4a682f4f-c3f2-4b77-88b7-f0ab78890feb<-7e1b84a9-a041-44fd-8008-f2679426984c#0:FAIL-t58] and 0 exception(s); 4a682f4f-c3f2-4b77-88b7-f0ab78890feb@group-0DB8C7688BF9:t58, leader=null, voted=4a682f4f-c3f2-4b77-88b7-f0ab78890feb, raftlog=4a682f4f-c3f2-4b77-88b7-f0ab78890feb@group-0DB8C7688BF9-SegmentedRaftLog:OPENED:c-1,f-1,i0, conf=-1: [77ab65e6-d942-49df-83a3-1d4c0bf152b3:192.168.164.217:39381, 7e1b84a9-a041-44fd-8008-f2679426984c:192.168.164.217:44149, 4a682f4f-c3f2-4b77-88b7-f0ab78890feb:192.168.164.217:34174], old=null
2019-11-05 08:23:55,512 [4a682f4f-c3f2-4b77-88b7-f0ab78890feb@group-0DB8C7688BF9-LeaderElection124] INFO  impl.RaftServerImpl (RaftServerImpl.java:setRole(184)) - 4a682f4f-c3f2-4b77-88b7-f0ab78890feb@group-0DB8C7688BF9: changes role from CANDIDATE to FOLLOWER at term 58 for DISCOVERED_A_NEW_TERM
2019-11-05 08:23:55,512 [4a682f4f-c3f2-4b77-88b7-f0ab78890feb@group-0DB8C7688BF9-LeaderElection124] INFO  impl.RoleInfo (RoleInfo.java:shutdownLeaderElection(134)) - 4a682f4f-c3f2-4b77-88b7-f0ab78890feb: shutdown LeaderElection
2019-11-05 08:23:55,512 [4a682f4f-c3f2-4b77-88b7-f0ab78890feb@group-0DB8C7688BF9-LeaderElection124] INFO  impl.RoleInfo (RoleInfo.java:updateAndGet(143)) - 4a682f4f-c3f2-4b77-88b7-f0ab78890feb: start FollowerState
2019-11-05 08:23:55,513 [grpc-default-executor-1] INFO  impl.RaftServerImpl (RaftServerImpl.java:setRole(184)) - caafcba9-090a-41f5-a5f9-cba5a6a81e94@group-0E159EE4F99E: changes role from  FOLLOWER to FOLLOWER at term 64 for recognizeCandidate:a8ae9c07-6d89-4a49-a594-cacd4b776180
2019-11-05 08:23:55,513 [grpc-default-executor-1] INFO  impl.RoleInfo (RoleInfo.java:shutdownFollowerState(121)) - caafcba9-090a-41f5-a5f9-cba5a6a81e94: shutdown FollowerState
2019-11-05 08:23:55,513 [grpc-default-executor-0] INFO  impl.RaftServerImpl (RaftServerImpl.java:setRole(184)) - b3bb9051-8089-4c51-a999-81579e5913f2@group-0E159EE4F99E: changes role from  FOLLOWER to FOLLOWER at term 64 for recognizeCandidate:a8ae9c07-6d89-4a49-a594-cacd4b776180
2019-11-05 08:23:55,513 [Thread-1157] INFO  impl.FollowerState (FollowerState.java:run(117)) - caafcba9-090a-41f5-a5f9-cba5a6a81e94@group-0E159EE4F99E-FollowerState was interrupted: java.lang.InterruptedException: sleep interrupted
2019-11-05 08:23:55,513 [grpc-default-executor-1] INFO  impl.RoleInfo (RoleInfo.java:updateAndGet(143)) - caafcba9-090a-41f5-a5f9-cba5a6a81e94: start FollowerState
2019-11-05 08:23:55,513 [grpc-default-executor-0] INFO  impl.RoleInfo (RoleInfo.java:shutdownFollowerState(121)) - b3bb9051-8089-4c51-a999-81579e5913f2: shutdown FollowerState
2019-11-05 08:23:55,514 [grpc-default-executor-0] INFO  impl.RoleInfo (RoleInfo.java:updateAndGet(143)) - b3bb9051-8089-4c51-a999-81579e5913f2: start FollowerState
2019-11-05 08:23:55,514 [Thread-1158] INFO  impl.FollowerState (FollowerState.java:run(117)) - b3bb9051-8089-4c51-a999-81579e5913f2@group-0E159EE4F99E-FollowerState was interrupted: java.lang.InterruptedException: sleep interrupted
2019-11-05 08:23:55,528 [a8ae9c07-6d89-4a49-a594-cacd4b776180@group-0E159EE4F99E-LeaderElection125] INFO  impl.LeaderElection (LeaderElection.java:logAndReturn(56)) - a8ae9c07-6d89-4a49-a594-cacd4b776180@group-0E159EE4F99E-LeaderElection125: Election REJECTED; received 2 response(s) [a8ae9c07-6d89-4a49-a594-cacd4b776180<-caafcba9-090a-41f5-a5f9-cba5a6a81e94#0:FAIL-t64, a8ae9c07-6d89-4a49-a594-cacd4b776180<-b3bb9051-8089-4c51-a999-81579e5913f2#0:FAIL-t64] and 0 exception(s); a8ae9c07-6d89-4a49-a594-cacd4b776180@group-0E159EE4F99E:t64, leader=null, voted=a8ae9c07-6d89-4a49-a594-cacd4b776180, raftlog=a8ae9c07-6d89-4a49-a594-cacd4b776180@group-0E159EE4F99E-SegmentedRaftLog:OPENED:c-1,f-1,i0, conf=-1: [caafcba9-090a-41f5-a5f9-cba5a6a81e94:192.168.164.217:37197, a8ae9c07-6d89-4a49-a594-cacd4b776180:192.168.164.217:42719, b3bb9051-8089-4c51-a999-81579e5913f2:192.168.164.217:36516], old=null
2019-11-05 08:23:55,529 [a8ae9c07-6d89-4a49-a594-cacd4b776180@group-0E159EE4F99E-LeaderElection125] INFO  impl.RaftServerImpl (RaftServerImpl.java:setRole(184)) - a8ae9c07-6d89-4a49-a594-cacd4b776180@group-0E159EE4F99E: changes role from CANDIDATE to FOLLOWER at term 64 for DISCOVERED_A_NEW_TERM
2019-11-05 08:23:55,529 [a8ae9c07-6d89-4a49-a594-cacd4b776180@group-0E159EE4F99E-LeaderElection125] INFO  impl.RoleInfo (RoleInfo.java:shutdownLeaderElection(134)) - a8ae9c07-6d89-4a49-a594-cacd4b776180: shutdown LeaderElection
2019-11-05 08:23:55,529 [a8ae9c07-6d89-4a49-a594-cacd4b776180@group-0E159EE4F99E-LeaderElection125] INFO  impl.RoleInfo (RoleInfo.java:updateAndGet(143)) - a8ae9c07-6d89-4a49-a594-cacd4b776180: start FollowerState
2019-11-05 08:23:55,543 [Thread-1171] INFO  impl.FollowerState (FollowerState.java:run(108)) - a8ae9c07-6d89-4a49-a594-cacd4b776180@group-0E159EE4F99E-FollowerState: change to CANDIDATE, lastRpcTime:14ms, electionTimeout:14ms
2019-11-05 08:23:55,544 [Thread-1171] INFO  impl.RoleInfo (RoleInfo.java:shutdownFollowerState(121)) - a8ae9c07-6d89-4a49-a594-cacd4b776180: shutdown FollowerState
2019-11-05 08:23:55,544 [Thread-1171] INFO  impl.RaftServerImpl (RaftServerImpl.java:setRole(184)) - a8ae9c07-6d89-4a49-a594-cacd4b776180@group-0E159EE4F99E: changes role from  FOLLOWER to CANDIDATE at term 64 for changeToCandidate
2019-11-05 08:23:55,544 [Thread-1171] INFO  impl.RoleInfo (RoleInfo.java:updateAndGet(143)) - a8ae9c07-6d89-4a49-a594-cacd4b776180: start LeaderElection
2019-11-05 08:23:55,558 [a8ae9c07-6d89-4a49-a594-cacd4b776180@group-0E159EE4F99E-LeaderElection126] INFO  impl.LeaderElection (LeaderElection.java:askForVotes(178)) - a8ae9c07-6d89-4a49-a594-cacd4b776180@group-0E159EE4F99E-LeaderElection126: begin an election at term 65 for -1: [caafcba9-090a-41f5-a5f9-cba5a6a81e94:192.168.164.217:37197, a8ae9c07-6d89-4a49-a594-cacd4b776180:192.168.164.217:42719, b3bb9051-8089-4c51-a999-81579e5913f2:192.168.164.217:36516], old=null
2019-11-05 08:23:55,559 [grpc-default-executor-1] INFO  impl.RaftServerImpl (RaftServerImpl.java:setRole(184)) - caafcba9-090a-41f5-a5f9-cba5a6a81e94@group-0E159EE4F99E: changes role from  FOLLOWER to FOLLOWER at term 65 for recognizeCandidate:a8ae9c07-6d89-4a49-a594-cacd4b776180
2019-11-05 08:23:55,560 [grpc-default-executor-1] INFO  impl.RoleInfo (RoleInfo.java:shutdownFollowerState(121)) - caafcba9-090a-41f5-a5f9-cba5a6a81e94: shutdown FollowerState
2019-11-05 08:23:55,560 [grpc-default-executor-0] INFO  impl.RaftServerImpl (RaftServerImpl.java:setRole(184)) - b3bb9051-8089-4c51-a999-81579e5913f2@group-0E159EE4F99E: changes role from  FOLLOWER to FOLLOWER at term 65 for recognizeCandidate:a8ae9c07-6d89-4a49-a594-cacd4b776180
2019-11-05 08:23:55,560 [Thread-1169] INFO  impl.FollowerState (FollowerState.java:run(117)) - caafcba9-090a-41f5-a5f9-cba5a6a81e94@group-0E159EE4F99E-FollowerState was interrupted: java.lang.InterruptedException: sleep interrupted
2019-11-05 08:23:55,560 [grpc-default-executor-0] INFO  impl.RoleInfo (RoleInfo.java:shutdownFollowerState(121)) - b3bb9051-8089-4c51-a999-81579e5913f2: shutdown FollowerState
2019-11-05 08:23:55,560 [grpc-default-executor-1] INFO  impl.RoleInfo (RoleInfo.java:updateAndGet(143)) - caafcba9-090a-41f5-a5f9-cba5a6a81e94: start FollowerState
2019-11-05 08:23:55,560 [grpc-default-executor-0] INFO  impl.RoleInfo (RoleInfo.java:updateAndGet(143)) - b3bb9051-8089-4c51-a999-81579e5913f2: start FollowerState
2019-11-05 08:23:55,560 [Thread-1170] INFO  impl.FollowerState (FollowerState.java:run(117)) - b3bb9051-8089-4c51-a999-81579e5913f2@group-0E159EE4F99E-FollowerState was interrupted: java.lang.InterruptedException: sleep interrupted
2019-11-05 08:23:55,575 [a8ae9c07-6d89-4a49-a594-cacd4b776180@group-0E159EE4F99E-LeaderElection126] INFO  impl.LeaderElection (LeaderElection.java:logAndReturn(56)) - a8ae9c07-6d89-4a49-a594-cacd4b776180@group-0E159EE4F99E-LeaderElection126: Election REJECTED; received 2 response(s) [a8ae9c07-6d89-4a49-a594-cacd4b776180<-caafcba9-090a-41f5-a5f9-cba5a6a81e94#0:FAIL-t65, a8ae9c07-6d89-4a49-a594-cacd4b776180<-b3bb9051-8089-4c51-a999-81579e5913f2#0:FAIL-t65] and 0 exception(s); a8ae9c07-6d89-4a49-a594-cacd4b776180@group-0E159EE4F99E:t65, leader=null, voted=a8ae9c07-6d89-4a49-a594-cacd4b776180, raftlog=a8ae9c07-6d89-4a49-a594-cacd4b776180@group-0E159EE4F99E-SegmentedRaftLog:OPENED:c-1,f-1,i0, conf=-1: [caafcba9-090a-41f5-a5f9-cba5a6a81e94:192.168.164.217:37197, a8ae9c07-6d89-4a49-a594-cacd4b776180:192.168.164.217:42719, b3bb9051-8089-4c51-a999-81579e5913f2:192.168.164.217:36516], old=null
2019-11-05 08:23:55,575 [a8ae9c07-6d89-4a49-a594-cacd4b776180@group-0E159EE4F99E-LeaderElection126] INFO  impl.RaftServerImpl (RaftServerImpl.java:setRole(184)) - a8ae9c07-6d89-4a49-a594-cacd4b776180@group-0E159EE4F99E: changes role from CANDIDATE to FOLLOWER at term 65 for DISCOVERED_A_NEW_TERM
2019-11-05 08:23:55,575 [a8ae9c07-6d89-4a49-a594-cacd4b776180@group-0E159EE4F99E-LeaderElection126] INFO  impl.RoleInfo (RoleInfo.java:shutdownLeaderElection(134)) - a8ae9c07-6d89-4a49-a594-cacd4b776180: shutdown LeaderElection
2019-11-05 08:23:55,575 [a8ae9c07-6d89-4a49-a594-cacd4b776180@group-0E159EE4F99E-LeaderElection126] INFO  impl.RoleInfo (RoleInfo.java:updateAndGet(143)) - a8ae9c07-6d89-4a49-a594-cacd4b776180: start FollowerState
2019-11-05 08:23:55,617 [Thread-1168] INFO  impl.FollowerState (FollowerState.java:run(108)) - 4a682f4f-c3f2-4b77-88b7-f0ab78890feb@group-0DB8C7688BF9-FollowerState: change to CANDIDATE, lastRpcTime:105ms, electionTimeout:105ms
2019-11-05 08:23:55,618 [Thread-1168] INFO  impl.RoleInfo (RoleInfo.java:shutdownFollowerState(121)) - 4a682f4f-c3f2-4b77-88b7-f0ab78890feb: shutdown FollowerState
2019-11-05 08:23:55,618 [Thread-1168] INFO  impl.RaftServerImpl (RaftServerImpl.java:setRole(184)) - 4a682f4f-c3f2-4b77-88b7-f0ab78890feb@group-0DB8C7688BF9: changes role from  FOLLOWER to CANDIDATE at term 58 for changeToCandidate
2019-11-05 08:23:55,618 [Thread-1168] INFO  impl.RoleInfo (RoleInfo.java:updateAndGet(143)) - 4a682f4f-c3f2-4b77-88b7-f0ab78890feb: start LeaderElection
2019-11-05 08:23:55,630 [Thread-1178] INFO  impl.FollowerState (FollowerState.java:run(108)) - a8ae9c07-6d89-4a49-a594-cacd4b776180@group-0E159EE4F99E-FollowerState: change to CANDIDATE, lastRpcTime:55ms, electionTimeout:55ms
2019-11-05 08:23:55,631 [Thread-1178] INFO  impl.RoleInfo (RoleInfo.java:shutdownFollowerState(121)) - a8ae9c07-6d89-4a49-a594-cacd4b776180: shutdown FollowerState
2019-11-05 08:23:55,631 [Thread-1178] INFO  impl.RaftServerImpl (RaftServerImpl.java:setRole(184)) - a8ae9c07-6d89-4a49-a594-cacd4b776180@group-0E159EE4F99E: changes role from  FOLLOWER to CANDIDATE at term 65 for changeToCandidate
2019-11-05 08:23:55,631 [Thread-1178] INFO  impl.RoleInfo (RoleInfo.java:updateAndGet(143)) - a8ae9c07-6d89-4a49-a594-cacd4b776180: start LeaderElection
2019-11-05 08:23:55,631 [4a682f4f-c3f2-4b77-88b7-f0ab78890feb@group-0DB8C7688BF9-LeaderElection127] INFO  impl.LeaderElection (LeaderElection.java:askForVotes(178)) - 4a682f4f-c3f2-4b77-88b7-f0ab78890feb@group-0DB8C7688BF9-LeaderElection127: begin an election at term 59 for -1: [77ab65e6-d942-49df-83a3-1d4c0bf152b3:192.168.164.217:39381, 7e1b84a9-a041-44fd-8008-f2679426984c:192.168.164.217:44149, 4a682f4f-c3f2-4b77-88b7-f0ab78890feb:192.168.164.217:34174], old=null
2019-11-05 08:23:55,633 [grpc-default-executor-1] INFO  impl.RaftServerImpl (RaftServerImpl.java:setRole(184)) - 77ab65e6-d942-49df-83a3-1d4c0bf152b3@group-0DB8C7688BF9: changes role from  FOLLOWER to FOLLOWER at term 59 for recognizeCandidate:4a682f4f-c3f2-4b77-88b7-f0ab78890feb
2019-11-05 08:23:55,634 [grpc-default-executor-1] INFO  impl.RoleInfo (RoleInfo.java:shutdownFollowerState(121)) - 77ab65e6-d942-49df-83a3-1d4c0bf152b3: shutdown FollowerState
2019-11-05 08:23:55,634 [grpc-default-executor-0] INFO  impl.RaftServerImpl (RaftServerImpl.java:setRole(184)) - 7e1b84a9-a041-44fd-8008-f2679426984c@group-0DB8C7688BF9: changes role from  FOLLOWER to FOLLOWER at term 59 for recognizeCandidate:4a682f4f-c3f2-4b77-88b7-f0ab78890feb
2019-11-05 08:23:55,634 [Thread-1163] INFO  impl.FollowerState (FollowerState.java:run(117)) - 77ab65e6-d942-49df-83a3-1d4c0bf152b3@group-0DB8C7688BF9-FollowerState was interrupted: java.lang.InterruptedException: sleep interrupted
2019-11-05 08:23:55,634 [grpc-default-executor-1] INFO  impl.RoleInfo (RoleInfo.java:updateAndGet(143)) - 77ab65e6-d942-49df-83a3-1d4c0bf152b3: start FollowerState
2019-11-05 08:23:55,634 [grpc-default-executor-0] INFO  impl.RoleInfo (RoleInfo.java:shutdownFollowerState(121)) - 7e1b84a9-a041-44fd-8008-f2679426984c: shutdown FollowerState
2019-11-05 08:23:55,635 [grpc-default-executor-0] INFO  impl.RoleInfo (RoleInfo.java:updateAndGet(143)) - 7e1b84a9-a041-44fd-8008-f2679426984c: start FollowerState
2019-11-05 08:23:55,635 [Thread-1164] INFO  impl.FollowerState (FollowerState.java:run(117)) - 7e1b84a9-a041-44fd-8008-f2679426984c@group-0DB8C7688BF9-FollowerState was interrupted: java.lang.InterruptedException: sleep interrupted
2019-11-05 08:23:55,645 [a8ae9c07-6d89-4a49-a594-cacd4b776180@group-0E159EE4F99E-LeaderElection128] INFO  impl.LeaderElection (LeaderElection.java:askForVotes(178)) - a8ae9c07-6d89-4a49-a594-cacd4b776180@group-0E159EE4F99E-LeaderElection128: begin an election at term 66 for -1: [caafcba9-090a-41f5-a5f9-cba5a6a81e94:192.168.164.217:37197, a8ae9c07-6d89-4a49-a594-cacd4b776180:192.168.164.217:42719, b3bb9051-8089-4c51-a999-81579e5913f2:192.168.164.217:36516], old=null
2019-11-05 08:23:55,646 [4a682f4f-c3f2-4b77-88b7-f0ab78890feb@group-0DB8C7688BF9-LeaderElection127] INFO  impl.LeaderElection (LeaderElection.java:logAndReturn(56)) - 4a682f4f-c3f2-4b77-88b7-f0ab78890feb@group-0DB8C7688BF9-LeaderElection127: Election REJECTED; received 2 response(s) [4a682f4f-c3f2-4b77-88b7-f0ab78890feb<-77ab65e6-d942-49df-83a3-1d4c0bf152b3#0:FAIL-t59, 4a682f4f-c3f2-4b77-88b7-f0ab78890feb<-7e1b84a9-a041-44fd-8008-f2679426984c#0:FAIL-t59] and 0 exception(s); 4a682f4f-c3f2-4b77-88b7-f0ab78890feb@group-0DB8C7688BF9:t59, leader=null, voted=4a682f4f-c3f2-4b77-88b7-f0ab78890feb, raftlog=4a682f4f-c3f2-4b77-88b7-f0ab78890feb@group-0DB8C7688BF9-SegmentedRaftLog:OPENED:c-1,f-1,i0, conf=-1: [77ab65e6-d942-49df-83a3-1d4c0bf152b3:192.168.164.217:39381, 7e1b84a9-a041-44fd-8008-f2679426984c:192.168.164.217:44149, 4a682f4f-c3f2-4b77-88b7-f0ab78890feb:192.168.164.217:34174], old=null
2019-11-05 08:23:55,647 [4a682f4f-c3f2-4b77-88b7-f0ab78890feb@group-0DB8C7688BF9-LeaderElection127] INFO  impl.RaftServerImpl (RaftServerImpl.java:setRole(184)) - 4a682f4f-c3f2-4b77-88b7-f0ab78890feb@group-0DB8C7688BF9: changes role from CANDIDATE to FOLLOWER at term 59 for DISCOVERED_A_NEW_TERM
2019-11-05 08:23:55,647 [4a682f4f-c3f2-4b77-88b7-f0ab78890feb@group-0DB8C7688BF9-LeaderElection127] INFO  impl.RoleInfo (RoleInfo.java:shutdownLeaderElection(134)) - 4a682f4f-c3f2-4b77-88b7-f0ab78890feb: shutdown LeaderElection
2019-11-05 08:23:55,647 [4a682f4f-c3f2-4b77-88b7-f0ab78890feb@group-0DB8C7688BF9-LeaderElection127] INFO  impl.RoleInfo (RoleInfo.java:updateAndGet(143)) - 4a682f4f-c3f2-4b77-88b7-f0ab78890feb: start FollowerState
2019-11-05 08:23:55,648 [grpc-default-executor-1] INFO  impl.RaftServerImpl (RaftServerImpl.java:setRole(184)) - caafcba9-090a-41f5-a5f9-cba5a6a81e94@group-0E159EE4F99E: changes role from  FOLLOWER to FOLLOWER at term 66 for recognizeCandidate:a8ae9c07-6d89-4a49-a594-cacd4b776180
2019-11-05 08:23:55,648 [grpc-default-executor-1] INFO  impl.RoleInfo (RoleInfo.java:shutdownFollowerState(121)) - caafcba9-090a-41f5-a5f9-cba5a6a81e94: shutdown FollowerState
2019-11-05 08:23:55,648 [grpc-default-executor-0] INFO  impl.RaftServerImpl (RaftServerImpl.java:setRole(184)) - b3bb9051-8089-4c51-a999-81579e5913f2@group-0E159EE4F99E: changes role from  FOLLOWER to FOLLOWER at term 66 for recognizeCandidate:a8ae9c07-6d89-4a49-a594-cacd4b776180
2019-11-05 08:23:55,648 [Thread-1176] INFO  impl.FollowerState (FollowerState.java:run(117)) - caafcba9-090a-41f5-a5f9-cba5a6a81e94@group-0E159EE4F99E-FollowerState was interrupted: java.lang.InterruptedException: sleep interrupted
2019-11-05 08:23:55,648 [grpc-default-executor-1] INFO  impl.RoleInfo (RoleInfo.java:updateAndGet(143)) - caafcba9-090a-41f5-a5f9-cba5a6a81e94: start FollowerState
2019-11-05 08:23:55,648 [grpc-default-executor-0] INFO  impl.RoleInfo (RoleInfo.java:shutdownFollowerState(121)) - b3bb9051-8089-4c51-a999-81579e5913f2: shutdown FollowerState
2019-11-05 08:23:55,649 [grpc-default-executor-0] INFO  impl.RoleInfo (RoleInfo.java:updateAndGet(143)) - b3bb9051-8089-4c51-a999-81579e5913f2: start FollowerState
2019-11-05 08:23:55,649 [Thread-1177] INFO  impl.FollowerState (FollowerState.java:run(117)) - b3bb9051-8089-4c51-a999-81579e5913f2@group-0E159EE4F99E-FollowerState was interrupted: java.lang.InterruptedException: sleep interrupted
2019-11-05 08:23:55,663 [a8ae9c07-6d89-4a49-a594-cacd4b776180@group-0E159EE4F99E-LeaderElection128] INFO  impl.LeaderElection (LeaderElection.java:logAndReturn(56)) - a8ae9c07-6d89-4a49-a594-cacd4b776180@group-0E159EE4F99E-LeaderElection128: Election REJECTED; received 2 response(s) [a8ae9c07-6d89-4a49-a594-cacd4b776180<-caafcba9-090a-41f5-a5f9-cba5a6a81e94#0:FAIL-t66, a8ae9c07-6d89-4a49-a594-cacd4b776180<-b3bb9051-8089-4c51-a999-81579e5913f2#0:FAIL-t66] and 0 exception(s); a8ae9c07-6d89-4a49-a594-cacd4b776180@group-0E159EE4F99E:t66, leader=null, voted=a8ae9c07-6d89-4a49-a594-cacd4b776180, raftlog=a8ae9c07-6d89-4a49-a594-cacd4b776180@group-0E159EE4F99E-SegmentedRaftLog:OPENED:c-1,f-1,i0, conf=-1: [caafcba9-090a-41f5-a5f9-cba5a6a81e94:192.168.164.217:37197, a8ae9c07-6d89-4a49-a594-cacd4b776180:192.168.164.217:42719, b3bb9051-8089-4c51-a999-81579e5913f2:192.168.164.217:36516], old=null
2019-11-05 08:23:55,663 [a8ae9c07-6d89-4a49-a594-cacd4b776180@group-0E159EE4F99E-LeaderElection128] INFO  impl.RaftServerImpl (RaftServerImpl.java:setRole(184)) - a8ae9c07-6d89-4a49-a594-cacd4b776180@group-0E159EE4F99E: changes role from CANDIDATE to FOLLOWER at term 66 for DISCOVERED_A_NEW_TERM
2019-11-05 08:23:55,663 [a8ae9c07-6d89-4a49-a594-cacd4b776180@group-0E159EE4F99E-LeaderElection128] INFO  impl.RoleInfo (RoleInfo.java:shutdownLeaderElection(134)) - a8ae9c07-6d89-4a49-a594-cacd4b776180: shutdown LeaderElection
2019-11-05 08:23:55,663 [a8ae9c07-6d89-4a49-a594-cacd4b776180@group-0E159EE4F99E-LeaderElection128] INFO  impl.RoleInfo (RoleInfo.java:updateAndGet(143)) - a8ae9c07-6d89-4a49-a594-cacd4b776180: start FollowerState
2019-11-05 08:23:55,732 [Thread-1188] INFO  impl.FollowerState (FollowerState.java:run(108)) - 4a682f4f-c3f2-4b77-88b7-f0ab78890feb@group-0DB8C7688BF9-FollowerState: change to CANDIDATE, lastRpcTime:85ms, electionTimeout:85ms
2019-11-05 08:23:55,732 [Thread-1188] INFO  impl.RoleInfo (RoleInfo.java:shutdownFollowerState(121)) - 4a682f4f-c3f2-4b77-88b7-f0ab78890feb: shutdown FollowerState
2019-11-05 08:23:55,733 [Thread-1188] INFO  impl.RaftServerImpl (RaftServerImpl.java:setRole(184)) - 4a682f4f-c3f2-4b77-88b7-f0ab78890feb@group-0DB8C7688BF9: changes role from  FOLLOWER to CANDIDATE at term 59 for changeToCandidate
2019-11-05 08:23:55,733 [Thread-1188] INFO  impl.RoleInfo (RoleInfo.java:updateAndGet(143)) - 4a682f4f-c3f2-4b77-88b7-f0ab78890feb: start LeaderElection
2019-11-05 08:23:55,747 [4a682f4f-c3f2-4b77-88b7-f0ab78890feb@group-0DB8C7688BF9-LeaderElection129] INFO  impl.LeaderElection (LeaderElection.java:askForVotes(178)) - 4a682f4f-c3f2-4b77-88b7-f0ab78890feb@group-0DB8C7688BF9-LeaderElection129: begin an election at term 60 for -1: [77ab65e6-d942-49df-83a3-1d4c0bf152b3:192.168.164.217:39381, 7e1b84a9-a041-44fd-8008-f2679426984c:192.168.164.217:44149, 4a682f4f-c3f2-4b77-88b7-f0ab78890feb:192.168.164.217:34174], old=null
2019-11-05 08:23:55,749 [grpc-default-executor-1] INFO  impl.RaftServerImpl (RaftServerImpl.java:setRole(184)) - 77ab65e6-d942-49df-83a3-1d4c0bf152b3@group-0DB8C7688BF9: changes role from  FOLLOWER to FOLLOWER at term 60 for recognizeCandidate:4a682f4f-c3f2-4b77-88b7-f0ab78890feb
2019-11-05 08:23:55,749 [grpc-default-executor-1] INFO  impl.RoleInfo (RoleInfo.java:shutdownFollowerState(121)) - 77ab65e6-d942-49df-83a3-1d4c0bf152b3: shutdown FollowerState
2019-11-05 08:23:55,750 [grpc-default-executor-0] INFO  impl.RaftServerImpl (RaftServerImpl.java:setRole(184)) - 7e1b84a9-a041-44fd-8008-f2679426984c@group-0DB8C7688BF9: changes role from  FOLLOWER to FOLLOWER at term 60 for recognizeCandidate:4a682f4f-c3f2-4b77-88b7-f0ab78890feb
2019-11-05 08:23:55,750 [Thread-1184] INFO  impl.FollowerState (FollowerState.java:run(117)) - 77ab65e6-d942-49df-83a3-1d4c0bf152b3@group-0DB8C7688BF9-FollowerState was interrupted: java.lang.InterruptedException: sleep interrupted
2019-11-05 08:23:55,750 [grpc-default-executor-1] INFO  impl.RoleInfo (RoleInfo.java:updateAndGet(143)) - 77ab65e6-d942-49df-83a3-1d4c0bf152b3: start FollowerState
2019-11-05 08:23:55,750 [grpc-default-executor-0] INFO  impl.RoleInfo (RoleInfo.java:shutdownFollowerState(121)) - 7e1b84a9-a041-44fd-8008-f2679426984c: shutdown FollowerState
2019-11-05 08:23:55,750 [grpc-default-executor-0] INFO  impl.RoleInfo (RoleInfo.java:updateAndGet(143)) - 7e1b84a9-a041-44fd-8008-f2679426984c: start FollowerState
2019-11-05 08:23:55,750 [Thread-1185] INFO  impl.FollowerState (FollowerState.java:run(117)) - 7e1b84a9-a041-44fd-8008-f2679426984c@group-0DB8C7688BF9-FollowerState was interrupted: java.lang.InterruptedException: sleep interrupted
2019-11-05 08:23:55,765 [4a682f4f-c3f2-4b77-88b7-f0ab78890feb@group-0DB8C7688BF9-LeaderElection129] INFO  impl.LeaderElection (LeaderElection.java:logAndReturn(56)) - 4a682f4f-c3f2-4b77-88b7-f0ab78890feb@group-0DB8C7688BF9-LeaderElection129: Election REJECTED; received 2 response(s) [4a682f4f-c3f2-4b77-88b7-f0ab78890feb<-77ab65e6-d942-49df-83a3-1d4c0bf152b3#0:FAIL-t60, 4a682f4f-c3f2-4b77-88b7-f0ab78890feb<-7e1b84a9-a041-44fd-8008-f2679426984c#0:FAIL-t60] and 0 exception(s); 4a682f4f-c3f2-4b77-88b7-f0ab78890feb@group-0DB8C7688BF9:t60, leader=null, voted=4a682f4f-c3f2-4b77-88b7-f0ab78890feb, raftlog=4a682f4f-c3f2-4b77-88b7-f0ab78890feb@group-0DB8C7688BF9-SegmentedRaftLog:OPENED:c-1,f-1,i0, conf=-1: [77ab65e6-d942-49df-83a3-1d4c0bf152b3:192.168.164.217:39381, 7e1b84a9-a041-44fd-8008-f2679426984c:192.168.164.217:44149, 4a682f4f-c3f2-4b77-88b7-f0ab78890feb:192.168.164.217:34174], old=null
2019-11-05 08:23:55,766 [4a682f4f-c3f2-4b77-88b7-f0ab78890feb@group-0DB8C7688BF9-LeaderElection129] INFO  impl.RaftServerImpl (RaftServerImpl.java:setRole(184)) - 4a682f4f-c3f2-4b77-88b7-f0ab78890feb@group-0DB8C7688BF9: changes role from CANDIDATE to FOLLOWER at term 60 for DISCOVERED_A_NEW_TERM
2019-11-05 08:23:55,766 [4a682f4f-c3f2-4b77-88b7-f0ab78890feb@group-0DB8C7688BF9-LeaderElection129] INFO  impl.RoleInfo (RoleInfo.java:shutdownLeaderElection(134)) - 4a682f4f-c3f2-4b77-88b7-f0ab78890feb: shutdown LeaderElection
2019-11-05 08:23:55,766 [4a682f4f-c3f2-4b77-88b7-f0ab78890feb@group-0DB8C7688BF9-LeaderElection129] INFO  impl.RoleInfo (RoleInfo.java:updateAndGet(143)) - 4a682f4f-c3f2-4b77-88b7-f0ab78890feb: start FollowerState
2019-11-05 08:23:55,861 [Thread-1191] INFO  impl.FollowerState (FollowerState.java:run(108)) - a8ae9c07-6d89-4a49-a594-cacd4b776180@group-0E159EE4F99E-FollowerState: change to CANDIDATE, lastRpcTime:198ms, electionTimeout:198ms
2019-11-05 08:23:55,862 [Thread-1191] INFO  impl.RoleInfo (RoleInfo.java:shutdownFollowerState(121)) - a8ae9c07-6d89-4a49-a594-cacd4b776180: shutdown FollowerState
2019-11-05 08:23:55,862 [Thread-1191] INFO  impl.RaftServerImpl (RaftServerImpl.java:setRole(184)) - a8ae9c07-6d89-4a49-a594-cacd4b776180@group-0E159EE4F99E: changes role from  FOLLOWER to CANDIDATE at term 66 for changeToCandidate
2019-11-05 08:23:55,862 [Thread-1191] INFO  impl.RoleInfo (RoleInfo.java:updateAndGet(143)) - a8ae9c07-6d89-4a49-a594-cacd4b776180: start LeaderElection
2019-11-05 08:23:55,877 [a8ae9c07-6d89-4a49-a594-cacd4b776180@group-0E159EE4F99E-LeaderElection130] INFO  impl.LeaderElection (LeaderElection.java:askForVotes(178)) - a8ae9c07-6d89-4a49-a594-cacd4b776180@group-0E159EE4F99E-LeaderElection130: begin an election at term 67 for -1: [caafcba9-090a-41f5-a5f9-cba5a6a81e94:192.168.164.217:37197, a8ae9c07-6d89-4a49-a594-cacd4b776180:192.168.164.217:42719, b3bb9051-8089-4c51-a999-81579e5913f2:192.168.164.217:36516], old=null
2019-11-05 08:23:55,880 [grpc-default-executor-0] INFO  impl.RaftServerImpl (RaftServerImpl.java:setRole(184)) - b3bb9051-8089-4c51-a999-81579e5913f2@group-0E159EE4F99E: changes role from  FOLLOWER to FOLLOWER at term 67 for recognizeCandidate:a8ae9c07-6d89-4a49-a594-cacd4b776180
2019-11-05 08:23:55,880 [grpc-default-executor-1] INFO  impl.RaftServerImpl (RaftServerImpl.java:setRole(184)) - caafcba9-090a-41f5-a5f9-cba5a6a81e94@group-0E159EE4F99E: changes role from  FOLLOWER to FOLLOWER at term 67 for recognizeCandidate:a8ae9c07-6d89-4a49-a594-cacd4b776180
2019-11-05 08:23:55,881 [grpc-default-executor-0] INFO  impl.RoleInfo (RoleInfo.java:shutdownFollowerState(121)) - b3bb9051-8089-4c51-a999-81579e5913f2: shutdown FollowerState
2019-11-05 08:23:55,881 [grpc-default-executor-1] INFO  impl.RoleInfo (RoleInfo.java:shutdownFollowerState(121)) - caafcba9-090a-41f5-a5f9-cba5a6a81e94: shutdown FollowerState
2019-11-05 08:23:55,881 [Thread-1190] INFO  impl.FollowerState (FollowerState.java:run(117)) - b3bb9051-8089-4c51-a999-81579e5913f2@group-0E159EE4F99E-FollowerState was interrupted: java.lang.InterruptedException: sleep interrupted
2019-11-05 08:23:55,881 [grpc-default-executor-0] INFO  impl.RoleInfo (RoleInfo.java:updateAndGet(143)) - b3bb9051-8089-4c51-a999-81579e5913f2: start FollowerState
2019-11-05 08:23:55,881 [grpc-default-executor-1] INFO  impl.RoleInfo (RoleInfo.java:updateAndGet(143)) - caafcba9-090a-41f5-a5f9-cba5a6a81e94: start FollowerState
2019-11-05 08:23:55,881 [Thread-1189] INFO  impl.FollowerState (FollowerState.java:run(117)) - caafcba9-090a-41f5-a5f9-cba5a6a81e94@group-0E159EE4F99E-FollowerState was interrupted: java.lang.InterruptedException: sleep interrupted
2019-11-05 08:23:55,896 [a8ae9c07-6d89-4a49-a594-cacd4b776180@group-0E159EE4F99E-LeaderElection130] INFO  impl.LeaderElection (LeaderElection.java:logAndReturn(56)) - a8ae9c07-6d89-4a49-a594-cacd4b776180@group-0E159EE4F99E-LeaderElection130: Election REJECTED; received 2 response(s) [a8ae9c07-6d89-4a49-a594-cacd4b776180<-caafcba9-090a-41f5-a5f9-cba5a6a81e94#0:FAIL-t67, a8ae9c07-6d89-4a49-a594-cacd4b776180<-b3bb9051-8089-4c51-a999-81579e5913f2#0:FAIL-t67] and 0 exception(s); a8ae9c07-6d89-4a49-a594-cacd4b776180@group-0E159EE4F99E:t67, leader=null, voted=a8ae9c07-6d89-4a49-a594-cacd4b776180, raftlog=a8ae9c07-6d89-4a49-a594-cacd4b776180@group-0E159EE4F99E-SegmentedRaftLog:OPENED:c-1,f-1,i0, conf=-1: [caafcba9-090a-41f5-a5f9-cba5a6a81e94:192.168.164.217:37197, a8ae9c07-6d89-4a49-a594-cacd4b776180:192.168.164.217:42719, b3bb9051-8089-4c51-a999-81579e5913f2:192.168.164.217:36516], old=null
2019-11-05 08:23:55,896 [a8ae9c07-6d89-4a49-a594-cacd4b776180@group-0E159EE4F99E-LeaderElection130] INFO  impl.RaftServerImpl (RaftServerImpl.java:setRole(184)) - a8ae9c07-6d89-4a49-a594-cacd4b776180@group-0E159EE4F99E: changes role from CANDIDATE to FOLLOWER at term 67 for DISCOVERED_A_NEW_TERM
2019-11-05 08:23:55,896 [a8ae9c07-6d89-4a49-a594-cacd4b776180@group-0E159EE4F99E-LeaderElection130] INFO  impl.RoleInfo (RoleInfo.java:shutdownLeaderElection(134)) - a8ae9c07-6d89-4a49-a594-cacd4b776180: shutdown LeaderElection
2019-11-05 08:23:55,897 [a8ae9c07-6d89-4a49-a594-cacd4b776180@group-0E159EE4F99E-LeaderElection130] INFO  impl.RoleInfo (RoleInfo.java:updateAndGet(143)) - a8ae9c07-6d89-4a49-a594-cacd4b776180: start FollowerState
2019-11-05 08:23:55,950 [Thread-1199] INFO  impl.FollowerState (FollowerState.java:run(108)) - 4a682f4f-c3f2-4b77-88b7-f0ab78890feb@group-0DB8C7688BF9-FollowerState: change to CANDIDATE, lastRpcTime:184ms, electionTimeout:184ms
2019-11-05 08:23:55,951 [Thread-1199] INFO  impl.RoleInfo (RoleInfo.java:shutdownFollowerState(121)) - 4a682f4f-c3f2-4b77-88b7-f0ab78890feb: shutdown FollowerState
2019-11-05 08:23:55,951 [Thread-1199] INFO  impl.RaftServerImpl (RaftServerImpl.java:setRole(184)) - 4a682f4f-c3f2-4b77-88b7-f0ab78890feb@group-0DB8C7688BF9: changes role from  FOLLOWER to CANDIDATE at term 60 for changeToCandidate
2019-11-05 08:23:55,951 [Thread-1199] INFO  impl.RoleInfo (RoleInfo.java:updateAndGet(143)) - 4a682f4f-c3f2-4b77-88b7-f0ab78890feb: start LeaderElection
2019-11-05 08:23:55,966 [4a682f4f-c3f2-4b77-88b7-f0ab78890feb@group-0DB8C7688BF9-LeaderElection131] INFO  impl.LeaderElection (LeaderElection.java:askForVotes(178)) - 4a682f4f-c3f2-4b77-88b7-f0ab78890feb@group-0DB8C7688BF9-LeaderElection131: begin an election at term 61 for -1: [77ab65e6-d942-49df-83a3-1d4c0bf152b3:192.168.164.217:39381, 7e1b84a9-a041-44fd-8008-f2679426984c:192.168.164.217:44149, 4a682f4f-c3f2-4b77-88b7-f0ab78890feb:192.168.164.217:34174], old=null
2019-11-05 08:23:55,969 [grpc-default-executor-0] INFO  impl.RaftServerImpl (RaftServerImpl.java:setRole(184)) - 7e1b84a9-a041-44fd-8008-f2679426984c@group-0DB8C7688BF9: changes role from  FOLLOWER to FOLLOWER at term 61 for recognizeCandidate:4a682f4f-c3f2-4b77-88b7-f0ab78890feb
2019-11-05 08:23:55,969 [grpc-default-executor-1] INFO  impl.RaftServerImpl (RaftServerImpl.java:setRole(184)) - 77ab65e6-d942-49df-83a3-1d4c0bf152b3@group-0DB8C7688BF9: changes role from  FOLLOWER to FOLLOWER at term 61 for recognizeCandidate:4a682f4f-c3f2-4b77-88b7-f0ab78890feb
2019-11-05 08:23:55,969 [grpc-default-executor-1] INFO  impl.RoleInfo (RoleInfo.java:shutdownFollowerState(121)) - 77ab65e6-d942-49df-83a3-1d4c0bf152b3: shutdown FollowerState
2019-11-05 08:23:55,969 [grpc-default-executor-0] INFO  impl.RoleInfo (RoleInfo.java:shutdownFollowerState(121)) - 7e1b84a9-a041-44fd-8008-f2679426984c: shutdown FollowerState
2019-11-05 08:23:55,969 [Thread-1197] INFO  impl.FollowerState (FollowerState.java:run(117)) - 77ab65e6-d942-49df-83a3-1d4c0bf152b3@group-0DB8C7688BF9-FollowerState was interrupted: java.lang.InterruptedException: sleep interrupted
2019-11-05 08:23:55,969 [grpc-default-executor-1] INFO  impl.RoleInfo (RoleInfo.java:updateAndGet(143)) - 77ab65e6-d942-49df-83a3-1d4c0bf152b3: start FollowerState
2019-11-05 08:23:55,969 [Thread-1198] INFO  impl.FollowerState (FollowerState.java:run(117)) - 7e1b84a9-a041-44fd-8008-f2679426984c@group-0DB8C7688BF9-FollowerState was interrupted: java.lang.InterruptedException: sleep interrupted
2019-11-05 08:23:55,969 [grpc-default-executor-0] INFO  impl.RoleInfo (RoleInfo.java:updateAndGet(143)) - 7e1b84a9-a041-44fd-8008-f2679426984c: start FollowerState
2019-11-05 08:23:55,984 [4a682f4f-c3f2-4b77-88b7-f0ab78890feb@group-0DB8C7688BF9-LeaderElection131] INFO  impl.LeaderElection (LeaderElection.java:logAndReturn(56)) - 4a682f4f-c3f2-4b77-88b7-f0ab78890feb@group-0DB8C7688BF9-LeaderElection131: Election REJECTED; received 2 response(s) [4a682f4f-c3f2-4b77-88b7-f0ab78890feb<-77ab65e6-d942-49df-83a3-1d4c0bf152b3#0:FAIL-t61, 4a682f4f-c3f2-4b77-88b7-f0ab78890feb<-7e1b84a9-a041-44fd-8008-f2679426984c#0:FAIL-t61] and 0 exception(s); 4a682f4f-c3f2-4b77-88b7-f0ab78890feb@group-0DB8C7688BF9:t61, leader=null, voted=4a682f4f-c3f2-4b77-88b7-f0ab78890feb, raftlog=4a682f4f-c3f2-4b77-88b7-f0ab78890feb@group-0DB8C7688BF9-SegmentedRaftLog:OPENED:c-1,f-1,i0, conf=-1: [77ab65e6-d942-49df-83a3-1d4c0bf152b3:192.168.164.217:39381, 7e1b84a9-a041-44fd-8008-f2679426984c:192.168.164.217:44149, 4a682f4f-c3f2-4b77-88b7-f0ab78890feb:192.168.164.217:34174], old=null
2019-11-05 08:23:55,984 [4a682f4f-c3f2-4b77-88b7-f0ab78890feb@group-0DB8C7688BF9-LeaderElection131] INFO  impl.RaftServerImpl (RaftServerImpl.java:setRole(184)) - 4a682f4f-c3f2-4b77-88b7-f0ab78890feb@group-0DB8C7688BF9: changes role from CANDIDATE to FOLLOWER at term 61 for DISCOVERED_A_NEW_TERM
2019-11-05 08:23:55,985 [4a682f4f-c3f2-4b77-88b7-f0ab78890feb@group-0DB8C7688BF9-LeaderElection131] INFO  impl.RoleInfo (RoleInfo.java:shutdownLeaderElection(134)) - 4a682f4f-c3f2-4b77-88b7-f0ab78890feb: shutdown LeaderElection
2019-11-05 08:23:55,985 [4a682f4f-c3f2-4b77-88b7-f0ab78890feb@group-0DB8C7688BF9-LeaderElection131] INFO  impl.RoleInfo (RoleInfo.java:updateAndGet(143)) - 4a682f4f-c3f2-4b77-88b7-f0ab78890feb: start FollowerState
2019-11-05 08:23:56,066 [Thread-1205] INFO  impl.FollowerState (FollowerState.java:run(108)) - a8ae9c07-6d89-4a49-a594-cacd4b776180@group-0E159EE4F99E-FollowerState: change to CANDIDATE, lastRpcTime:169ms, electionTimeout:169ms
2019-11-05 08:23:56,066 [Thread-1205] INFO  impl.RoleInfo (RoleInfo.java:shutdownFollowerState(121)) - a8ae9c07-6d89-4a49-a594-cacd4b776180: shutdown FollowerState
2019-11-05 08:23:56,066 [Thread-1205] INFO  impl.RaftServerImpl (RaftServerImpl.java:setRole(184)) - a8ae9c07-6d89-4a49-a594-cacd4b776180@group-0E159EE4F99E: changes role from  FOLLOWER to CANDIDATE at term 67 for changeToCandidate
2019-11-05 08:23:56,067 [Thread-1205] INFO  impl.RoleInfo (RoleInfo.java:updateAndGet(143)) - a8ae9c07-6d89-4a49-a594-cacd4b776180: start LeaderElection
2019-11-05 08:23:56,081 [a8ae9c07-6d89-4a49-a594-cacd4b776180@group-0E159EE4F99E-LeaderElection132] INFO  impl.LeaderElection (LeaderElection.java:askForVotes(178)) - a8ae9c07-6d89-4a49-a594-cacd4b776180@group-0E159EE4F99E-LeaderElection132: begin an election at term 68 for -1: [caafcba9-090a-41f5-a5f9-cba5a6a81e94:192.168.164.217:37197, a8ae9c07-6d89-4a49-a594-cacd4b776180:192.168.164.217:42719, b3bb9051-8089-4c51-a999-81579e5913f2:192.168.164.217:36516], old=null
2019-11-05 08:23:56,084 [grpc-default-executor-0] INFO  impl.RaftServerImpl (RaftServerImpl.java:setRole(184)) - caafcba9-090a-41f5-a5f9-cba5a6a81e94@group-0E159EE4F99E: changes role from  FOLLOWER to FOLLOWER at term 68 for recognizeCandidate:a8ae9c07-6d89-4a49-a594-cacd4b776180
2019-11-05 08:23:56,084 [grpc-default-executor-0] INFO  impl.RoleInfo (RoleInfo.java:shutdownFollowerState(121)) - caafcba9-090a-41f5-a5f9-cba5a6a81e94: shutdown FollowerState
2019-11-05 08:23:56,084 [grpc-default-executor-1] INFO  impl.RaftServerImpl (RaftServerImpl.java:setRole(184)) - b3bb9051-8089-4c51-a999-81579e5913f2@group-0E159EE4F99E: changes role from  FOLLOWER to FOLLOWER at term 68 for recognizeCandidate:a8ae9c07-6d89-4a49-a594-cacd4b776180
2019-11-05 08:23:56,084 [Thread-1204] INFO  impl.FollowerState (FollowerState.java:run(117)) - caafcba9-090a-41f5-a5f9-cba5a6a81e94@group-0E159EE4F99E-FollowerState was interrupted: java.lang.InterruptedException: sleep interrupted
2019-11-05 08:23:56,084 [grpc-default-executor-0] INFO  impl.RoleInfo (RoleInfo.java:updateAndGet(143)) - caafcba9-090a-41f5-a5f9-cba5a6a81e94: start FollowerState
2019-11-05 08:23:56,084 [grpc-default-executor-1] INFO  impl.RoleInfo (RoleInfo.java:shutdownFollowerState(121)) - b3bb9051-8089-4c51-a999-81579e5913f2: shutdown FollowerState
2019-11-05 08:23:56,085 [grpc-default-executor-1] INFO  impl.RoleInfo (RoleInfo.java:updateAndGet(143)) - b3bb9051-8089-4c51-a999-81579e5913f2: start FollowerState
2019-11-05 08:23:56,085 [Thread-1203] INFO  impl.FollowerState (FollowerState.java:run(117)) - b3bb9051-8089-4c51-a999-81579e5913f2@group-0E159EE4F99E-FollowerState was interrupted: java.lang.InterruptedException: sleep interrupted
2019-11-05 08:23:56,091 [a8ae9c07-6d89-4a49-a594-cacd4b776180@group-0E159EE4F99E-LeaderElection132] INFO  impl.LeaderElection (LeaderElection.java:logAndReturn(56)) - a8ae9c07-6d89-4a49-a594-cacd4b776180@group-0E159EE4F99E-LeaderElection132: Election TIMEOUT; received 0 response(s) [] and 0 exception(s); a8ae9c07-6d89-4a49-a594-cacd4b776180@group-0E159EE4F99E:t68, leader=null, voted=a8ae9c07-6d89-4a49-a594-cacd4b776180, raftlog=a8ae9c07-6d89-4a49-a594-cacd4b776180@group-0E159EE4F99E-SegmentedRaftLog:OPENED:c-1,f-1,i0, conf=-1: [caafcba9-090a-41f5-a5f9-cba5a6a81e94:192.168.164.217:37197, a8ae9c07-6d89-4a49-a594-cacd4b776180:192.168.164.217:42719, b3bb9051-8089-4c51-a999-81579e5913f2:192.168.164.217:36516], old=null
2019-11-05 08:23:56,098 [a8ae9c07-6d89-4a49-a594-cacd4b776180@group-0E159EE4F99E-LeaderElection132] INFO  impl.LeaderElection (LeaderElection.java:askForVotes(178)) - a8ae9c07-6d89-4a49-a594-cacd4b776180@group-0E159EE4F99E-LeaderElection132: begin an election at term 69 for -1: [caafcba9-090a-41f5-a5f9-cba5a6a81e94:192.168.164.217:37197, a8ae9c07-6d89-4a49-a594-cacd4b776180:192.168.164.217:42719, b3bb9051-8089-4c51-a999-81579e5913f2:192.168.164.217:36516], old=null
2019-11-05 08:23:56,100 [grpc-default-executor-1] INFO  impl.RaftServerImpl (RaftServerImpl.java:setRole(184)) - caafcba9-090a-41f5-a5f9-cba5a6a81e94@group-0E159EE4F99E: changes role from  FOLLOWER to FOLLOWER at term 69 for recognizeCandidate:a8ae9c07-6d89-4a49-a594-cacd4b776180
2019-11-05 08:23:56,101 [grpc-default-executor-0] INFO  impl.RaftServerImpl (RaftServerImpl.java:setRole(184)) - b3bb9051-8089-4c51-a999-81579e5913f2@group-0E159EE4F99E: changes role from  FOLLOWER to FOLLOWER at term 69 for recognizeCandidate:a8ae9c07-6d89-4a49-a594-cacd4b776180
2019-11-05 08:23:56,101 [grpc-default-executor-0] INFO  impl.RoleInfo (RoleInfo.java:shutdownFollowerState(121)) - b3bb9051-8089-4c51-a999-81579e5913f2: shutdown FollowerState
2019-11-05 08:23:56,101 [grpc-default-executor-1] INFO  impl.RoleInfo (RoleInfo.java:shutdownFollowerState(121)) - caafcba9-090a-41f5-a5f9-cba5a6a81e94: shutdown FollowerState
2019-11-05 08:23:56,101 [Thread-1217] INFO  impl.FollowerState (FollowerState.java:run(117)) - b3bb9051-8089-4c51-a999-81579e5913f2@group-0E159EE4F99E-FollowerState was interrupted: java.lang.InterruptedException: sleep interrupted
2019-11-05 08:23:56,101 [Thread-1216] INFO  impl.FollowerState (FollowerState.java:run(117)) - caafcba9-090a-41f5-a5f9-cba5a6a81e94@group-0E159EE4F99E-FollowerState was interrupted: java.lang.InterruptedException: sleep interrupted
2019-11-05 08:23:56,101 [grpc-default-executor-0] INFO  impl.RoleInfo (RoleInfo.java:updateAndGet(143)) - b3bb9051-8089-4c51-a999-81579e5913f2: start FollowerState
2019-11-05 08:23:56,101 [grpc-default-executor-1] INFO  impl.RoleInfo (RoleInfo.java:updateAndGet(143)) - caafcba9-090a-41f5-a5f9-cba5a6a81e94: start FollowerState
2019-11-05 08:23:56,116 [a8ae9c07-6d89-4a49-a594-cacd4b776180@group-0E159EE4F99E-LeaderElection132] INFO  impl.LeaderElection (LeaderElection.java:logAndReturn(56)) - a8ae9c07-6d89-4a49-a594-cacd4b776180@group-0E159EE4F99E-LeaderElection132: Election REJECTED; received 2 response(s) [a8ae9c07-6d89-4a49-a594-cacd4b776180<-caafcba9-090a-41f5-a5f9-cba5a6a81e94#0:FAIL-t69, a8ae9c07-6d89-4a49-a594-cacd4b776180<-b3bb9051-8089-4c51-a999-81579e5913f2#0:FAIL-t69] and 0 exception(s); a8ae9c07-6d89-4a49-a594-cacd4b776180@group-0E159EE4F99E:t69, leader=null, voted=a8ae9c07-6d89-4a49-a594-cacd4b776180, raftlog=a8ae9c07-6d89-4a49-a594-cacd4b776180@group-0E159EE4F99E-SegmentedRaftLog:OPENED:c-1,f-1,i0, conf=-1: [caafcba9-090a-41f5-a5f9-cba5a6a81e94:192.168.164.217:37197, a8ae9c07-6d89-4a49-a594-cacd4b776180:192.168.164.217:42719, b3bb9051-8089-4c51-a999-81579e5913f2:192.168.164.217:36516], old=null
2019-11-05 08:23:56,117 [a8ae9c07-6d89-4a49-a594-cacd4b776180@group-0E159EE4F99E-LeaderElection132] INFO  impl.RaftServerImpl (RaftServerImpl.java:setRole(184)) - a8ae9c07-6d89-4a49-a594-cacd4b776180@group-0E159EE4F99E: changes role from CANDIDATE to FOLLOWER at term 69 for DISCOVERED_A_NEW_TERM
2019-11-05 08:23:56,117 [a8ae9c07-6d89-4a49-a594-cacd4b776180@group-0E159EE4F99E-LeaderElection132] INFO  impl.RoleInfo (RoleInfo.java:shutdownLeaderElection(134)) - a8ae9c07-6d89-4a49-a594-cacd4b776180: shutdown LeaderElection
2019-11-05 08:23:56,117 [a8ae9c07-6d89-4a49-a594-cacd4b776180@group-0E159EE4F99E-LeaderElection132] INFO  impl.RoleInfo (RoleInfo.java:updateAndGet(143)) - a8ae9c07-6d89-4a49-a594-cacd4b776180: start FollowerState
2019-11-05 08:23:56,180 [Thread-1211] INFO  impl.FollowerState (FollowerState.java:run(108)) - 4a682f4f-c3f2-4b77-88b7-f0ab78890feb@group-0DB8C7688BF9-FollowerState: change to CANDIDATE, lastRpcTime:195ms, electionTimeout:195ms
2019-11-05 08:23:56,180 [Thread-1211] INFO  impl.RoleInfo (RoleInfo.java:shutdownFollowerState(121)) - 4a682f4f-c3f2-4b77-88b7-f0ab78890feb: shutdown FollowerState
2019-11-05 08:23:56,180 [Thread-1211] INFO  impl.RaftServerImpl (RaftServerImpl.java:setRole(184)) - 4a682f4f-c3f2-4b77-88b7-f0ab78890feb@group-0DB8C7688BF9: changes role from  FOLLOWER to CANDIDATE at term 61 for changeToCandidate
2019-11-05 08:23:56,181 [Thread-1211] INFO  impl.RoleInfo (RoleInfo.java:updateAndGet(143)) - 4a682f4f-c3f2-4b77-88b7-f0ab78890feb: start LeaderElection
2019-11-05 08:23:56,194 [4a682f4f-c3f2-4b77-88b7-f0ab78890feb@group-0DB8C7688BF9-LeaderElection133] INFO  impl.LeaderElection (LeaderElection.java:askForVotes(178)) - 4a682f4f-c3f2-4b77-88b7-f0ab78890feb@group-0DB8C7688BF9-LeaderElection133: begin an election at term 62 for -1: [77ab65e6-d942-49df-83a3-1d4c0bf152b3:192.168.164.217:39381, 7e1b84a9-a041-44fd-8008-f2679426984c:192.168.164.217:44149, 4a682f4f-c3f2-4b77-88b7-f0ab78890feb:192.168.164.217:34174], old=null
2019-11-05 08:23:56,196 [grpc-default-executor-1] INFO  impl.RaftServerImpl (RaftServerImpl.java:setRole(184)) - 77ab65e6-d942-49df-83a3-1d4c0bf152b3@group-0DB8C7688BF9: changes role from  FOLLOWER to FOLLOWER at term 62 for recognizeCandidate:4a682f4f-c3f2-4b77-88b7-f0ab78890feb
2019-11-05 08:23:56,196 [grpc-default-executor-1] INFO  impl.RoleInfo (RoleInfo.java:shutdownFollowerState(121)) - 77ab65e6-d942-49df-83a3-1d4c0bf152b3: shutdown FollowerState
2019-11-05 08:23:56,197 [grpc-default-executor-1] INFO  impl.RoleInfo (RoleInfo.java:updateAndGet(143)) - 77ab65e6-d942-49df-83a3-1d4c0bf152b3: start FollowerState
2019-11-05 08:23:56,197 [Thread-1209] INFO  impl.FollowerState (FollowerState.java:run(117)) - 77ab65e6-d942-49df-83a3-1d4c0bf152b3@group-0DB8C7688BF9-FollowerState was interrupted: java.lang.InterruptedException: sleep interrupted
2019-11-05 08:23:56,197 [grpc-default-executor-0] INFO  impl.RaftServerImpl (RaftServerImpl.java:setRole(184)) - 7e1b84a9-a041-44fd-8008-f2679426984c@group-0DB8C7688BF9: changes role from  FOLLOWER to FOLLOWER at term 62 for recognizeCandidate:4a682f4f-c3f2-4b77-88b7-f0ab78890feb
2019-11-05 08:23:56,197 [grpc-default-executor-0] INFO  impl.RoleInfo (RoleInfo.java:shutdownFollowerState(121)) - 7e1b84a9-a041-44fd-8008-f2679426984c: shutdown FollowerState
2019-11-05 08:23:56,197 [grpc-default-executor-0] INFO  impl.RoleInfo (RoleInfo.java:updateAndGet(143)) - 7e1b84a9-a041-44fd-8008-f2679426984c: start FollowerState
2019-11-05 08:23:56,197 [Thread-1210] INFO  impl.FollowerState (FollowerState.java:run(117)) - 7e1b84a9-a041-44fd-8008-f2679426984c@group-0DB8C7688BF9-FollowerState was interrupted: java.lang.InterruptedException: sleep interrupted
2019-11-05 08:23:56,211 [4a682f4f-c3f2-4b77-88b7-f0ab78890feb@group-0DB8C7688BF9-LeaderElection133] INFO  impl.LeaderElection (LeaderElection.java:logAndReturn(56)) - 4a682f4f-c3f2-4b77-88b7-f0ab78890feb@group-0DB8C7688BF9-LeaderElection133: Election REJECTED; received 2 response(s) [4a682f4f-c3f2-4b77-88b7-f0ab78890feb<-77ab65e6-d942-49df-83a3-1d4c0bf152b3#0:FAIL-t62, 4a682f4f-c3f2-4b77-88b7-f0ab78890feb<-7e1b84a9-a041-44fd-8008-f2679426984c#0:FAIL-t62] and 0 exception(s); 4a682f4f-c3f2-4b77-88b7-f0ab78890feb@group-0DB8C7688BF9:t62, leader=null, voted=4a682f4f-c3f2-4b77-88b7-f0ab78890feb, raftlog=4a682f4f-c3f2-4b77-88b7-f0ab78890feb@group-0DB8C7688BF9-SegmentedRaftLog:OPENED:c-1,f-1,i0, conf=-1: [77ab65e6-d942-49df-83a3-1d4c0bf152b3:192.168.164.217:39381, 7e1b84a9-a041-44fd-8008-f2679426984c:192.168.164.217:44149, 4a682f4f-c3f2-4b77-88b7-f0ab78890feb:192.168.164.217:34174], old=null
2019-11-05 08:23:56,212 [4a682f4f-c3f2-4b77-88b7-f0ab78890feb@group-0DB8C7688BF9-LeaderElection133] INFO  impl.RaftServerImpl (RaftServerImpl.java:setRole(184)) - 4a682f4f-c3f2-4b77-88b7-f0ab78890feb@group-0DB8C7688BF9: changes role from CANDIDATE to FOLLOWER at term 62 for DISCOVERED_A_NEW_TERM
2019-11-05 08:23:56,212 [4a682f4f-c3f2-4b77-88b7-f0ab78890feb@group-0DB8C7688BF9-LeaderElection133] INFO  impl.RoleInfo (RoleInfo.java:shutdownLeaderElection(134)) - 4a682f4f-c3f2-4b77-88b7-f0ab78890feb: shutdown LeaderElection
2019-11-05 08:23:56,212 [4a682f4f-c3f2-4b77-88b7-f0ab78890feb@group-0DB8C7688BF9-LeaderElection133] INFO  impl.RoleInfo (RoleInfo.java:updateAndGet(143)) - 4a682f4f-c3f2-4b77-88b7-f0ab78890feb: start FollowerState
2019-11-05 08:23:56,246 [Thread-1223] INFO  impl.FollowerState (FollowerState.java:run(108)) - a8ae9c07-6d89-4a49-a594-cacd4b776180@group-0E159EE4F99E-FollowerState: change to CANDIDATE, lastRpcTime:129ms, electionTimeout:129ms
2019-11-05 08:23:56,246 [Thread-1223] INFO  impl.RoleInfo (RoleInfo.java:shutdownFollowerState(121)) - a8ae9c07-6d89-4a49-a594-cacd4b776180: shutdown FollowerState
2019-11-05 08:23:56,246 [Thread-1223] INFO  impl.RaftServerImpl (RaftServerImpl.java:setRole(184)) - a8ae9c07-6d89-4a49-a594-cacd4b776180@group-0E159EE4F99E: changes role from  FOLLOWER to CANDIDATE at term 69 for changeToCandidate
2019-11-05 08:23:56,247 [Thread-1223] INFO  impl.RoleInfo (RoleInfo.java:updateAndGet(143)) - a8ae9c07-6d89-4a49-a594-cacd4b776180: start LeaderElection
2019-11-05 08:23:56,260 [a8ae9c07-6d89-4a49-a594-cacd4b776180@group-0E159EE4F99E-LeaderElection134] INFO  impl.LeaderElection (LeaderElection.java:askForVotes(178)) - a8ae9c07-6d89-4a49-a594-cacd4b776180@group-0E159EE4F99E-LeaderElection134: begin an election at term 70 for -1: [caafcba9-090a-41f5-a5f9-cba5a6a81e94:192.168.164.217:37197, a8ae9c07-6d89-4a49-a594-cacd4b776180:192.168.164.217:42719, b3bb9051-8089-4c51-a999-81579e5913f2:192.168.164.217:36516], old=null
2019-11-05 08:23:56,262 [grpc-default-executor-0] INFO  impl.RaftServerImpl (RaftServerImpl.java:setRole(184)) - caafcba9-090a-41f5-a5f9-cba5a6a81e94@group-0E159EE4F99E: changes role from  FOLLOWER to FOLLOWER at term 70 for recognizeCandidate:a8ae9c07-6d89-4a49-a594-cacd4b776180
2019-11-05 08:23:56,262 [grpc-default-executor-0] INFO  impl.RoleInfo (RoleInfo.java:shutdownFollowerState(121)) - caafcba9-090a-41f5-a5f9-cba5a6a81e94: shutdown FollowerState
2019-11-05 08:23:56,262 [grpc-default-executor-1] INFO  impl.RaftServerImpl (RaftServerImpl.java:setRole(184)) - b3bb9051-8089-4c51-a999-81579e5913f2@group-0E159EE4F99E: changes role from  FOLLOWER to FOLLOWER at term 70 for recognizeCandidate:a8ae9c07-6d89-4a49-a594-cacd4b776180
2019-11-05 08:23:56,262 [Thread-1222] INFO  impl.FollowerState (FollowerState.java:run(117)) - caafcba9-090a-41f5-a5f9-cba5a6a81e94@group-0E159EE4F99E-FollowerState was interrupted: java.lang.InterruptedException: sleep interrupted
2019-11-05 08:23:56,262 [grpc-default-executor-0] INFO  impl.RoleInfo (RoleInfo.java:updateAndGet(143)) - caafcba9-090a-41f5-a5f9-cba5a6a81e94: start FollowerState
2019-11-05 08:23:56,262 [grpc-default-executor-1] INFO  impl.RoleInfo (RoleInfo.java:shutdownFollowerState(121)) - b3bb9051-8089-4c51-a999-81579e5913f2: shutdown FollowerState
2019-11-05 08:23:56,263 [grpc-default-executor-1] INFO  impl.RoleInfo (RoleInfo.java:updateAndGet(143)) - b3bb9051-8089-4c51-a999-81579e5913f2: start FollowerState
2019-11-05 08:23:56,263 [Thread-1221] INFO  impl.FollowerState (FollowerState.java:run(117)) - b3bb9051-8089-4c51-a999-81579e5913f2@group-0E159EE4F99E-FollowerState was interrupted: java.lang.InterruptedException: sleep interrupted
2019-11-05 08:23:56,277 [a8ae9c07-6d89-4a49-a594-cacd4b776180@group-0E159EE4F99E-LeaderElection134] INFO  impl.LeaderElection (LeaderElection.java:logAndReturn(56)) - a8ae9c07-6d89-4a49-a594-cacd4b776180@group-0E159EE4F99E-LeaderElection134: Election REJECTED; received 2 response(s) [a8ae9c07-6d89-4a49-a594-cacd4b776180<-caafcba9-090a-41f5-a5f9-cba5a6a81e94#0:FAIL-t70, a8ae9c07-6d89-4a49-a594-cacd4b776180<-b3bb9051-8089-4c51-a999-81579e5913f2#0:FAIL-t70] and 0 exception(s); a8ae9c07-6d89-4a49-a594-cacd4b776180@group-0E159EE4F99E:t70, leader=null, voted=a8ae9c07-6d89-4a49-a594-cacd4b776180, raftlog=a8ae9c07-6d89-4a49-a594-cacd4b776180@group-0E159EE4F99E-SegmentedRaftLog:OPENED:c-1,f-1,i0, conf=-1: [caafcba9-090a-41f5-a5f9-cba5a6a81e94:192.168.164.217:37197, a8ae9c07-6d89-4a49-a594-cacd4b776180:192.168.164.217:42719, b3bb9051-8089-4c51-a999-81579e5913f2:192.168.164.217:36516], old=null
2019-11-05 08:23:56,278 [a8ae9c07-6d89-4a49-a594-cacd4b776180@group-0E159EE4F99E-LeaderElection134] INFO  impl.RaftServerImpl (RaftServerImpl.java:setRole(184)) - a8ae9c07-6d89-4a49-a594-cacd4b776180@group-0E159EE4F99E: changes role from CANDIDATE to FOLLOWER at term 70 for DISCOVERED_A_NEW_TERM
2019-11-05 08:23:56,278 [a8ae9c07-6d89-4a49-a594-cacd4b776180@group-0E159EE4F99E-LeaderElection134] INFO  impl.RoleInfo (RoleInfo.java:shutdownLeaderElection(134)) - a8ae9c07-6d89-4a49-a594-cacd4b776180: shutdown LeaderElection
2019-11-05 08:23:56,278 [a8ae9c07-6d89-4a49-a594-cacd4b776180@group-0E159EE4F99E-LeaderElection134] INFO  impl.RoleInfo (RoleInfo.java:updateAndGet(143)) - a8ae9c07-6d89-4a49-a594-cacd4b776180: start FollowerState
2019-11-05 08:23:56,318 [Thread-1229] INFO  impl.FollowerState (FollowerState.java:run(108)) - 4a682f4f-c3f2-4b77-88b7-f0ab78890feb@group-0DB8C7688BF9-FollowerState: change to CANDIDATE, lastRpcTime:106ms, electionTimeout:106ms
2019-11-05 08:23:56,318 [Thread-1229] INFO  impl.RoleInfo (RoleInfo.java:shutdownFollowerState(121)) - 4a682f4f-c3f2-4b77-88b7-f0ab78890feb: shutdown FollowerState
2019-11-05 08:23:56,318 [Thread-1229] INFO  impl.RaftServerImpl (RaftServerImpl.java:setRole(184)) - 4a682f4f-c3f2-4b77-88b7-f0ab78890feb@group-0DB8C7688BF9: changes role from  FOLLOWER to CANDIDATE at term 62 for changeToCandidate
2019-11-05 08:23:56,319 [Thread-1229] INFO  impl.RoleInfo (RoleInfo.java:updateAndGet(143)) - 4a682f4f-c3f2-4b77-88b7-f0ab78890feb: start LeaderElection
2019-11-05 08:23:56,332 [4a682f4f-c3f2-4b77-88b7-f0ab78890feb@group-0DB8C7688BF9-LeaderElection135] INFO  impl.LeaderElection (LeaderElection.java:askForVotes(178)) - 4a682f4f-c3f2-4b77-88b7-f0ab78890feb@group-0DB8C7688BF9-LeaderElection135: begin an election at term 63 for -1: [77ab65e6-d942-49df-83a3-1d4c0bf152b3:192.168.164.217:39381, 7e1b84a9-a041-44fd-8008-f2679426984c:192.168.164.217:44149, 4a682f4f-c3f2-4b77-88b7-f0ab78890feb:192.168.164.217:34174], old=null
2019-11-05 08:23:56,338 [grpc-default-executor-1] INFO  impl.RaftServerImpl (RaftServerImpl.java:setRole(184)) - 7e1b84a9-a041-44fd-8008-f2679426984c@group-0DB8C7688BF9: changes role from  FOLLOWER to FOLLOWER at term 63 for recognizeCandidate:4a682f4f-c3f2-4b77-88b7-f0ab78890feb
2019-11-05 08:23:56,338 [grpc-default-executor-0] INFO  impl.RaftServerImpl (RaftServerImpl.java:setRole(184)) - 77ab65e6-d942-49df-83a3-1d4c0bf152b3@group-0DB8C7688BF9: changes role from  FOLLOWER to FOLLOWER at term 63 for recognizeCandidate:4a682f4f-c3f2-4b77-88b7-f0ab78890feb
2019-11-05 08:23:56,338 [grpc-default-executor-0] INFO  impl.RoleInfo (RoleInfo.java:shutdownFollowerState(121)) - 77ab65e6-d942-49df-83a3-1d4c0bf152b3: shutdown FollowerState
2019-11-05 08:23:56,338 [grpc-default-executor-1] INFO  impl.RoleInfo (RoleInfo.java:shutdownFollowerState(121)) - 7e1b84a9-a041-44fd-8008-f2679426984c: shutdown FollowerState
2019-11-05 08:23:56,338 [grpc-default-executor-0] INFO  impl.RoleInfo (RoleInfo.java:updateAndGet(143)) - 77ab65e6-d942-49df-83a3-1d4c0bf152b3: start FollowerState
2019-11-05 08:23:56,339 [Thread-1227] INFO  impl.FollowerState (FollowerState.java:run(117)) - 77ab65e6-d942-49df-83a3-1d4c0bf152b3@group-0DB8C7688BF9-FollowerState was interrupted: java.lang.InterruptedException: sleep interrupted
2019-11-05 08:23:56,339 [grpc-default-executor-1] INFO  impl.RoleInfo (RoleInfo.java:updateAndGet(143)) - 7e1b84a9-a041-44fd-8008-f2679426984c: start FollowerState
2019-11-05 08:23:56,339 [Thread-1228] INFO  impl.FollowerState (FollowerState.java:run(117)) - 7e1b84a9-a041-44fd-8008-f2679426984c@group-0DB8C7688BF9-FollowerState was interrupted: java.lang.InterruptedException: sleep interrupted
2019-11-05 08:23:56,354 [4a682f4f-c3f2-4b77-88b7-f0ab78890feb@group-0DB8C7688BF9-LeaderElection135] INFO  impl.LeaderElection (LeaderElection.java:logAndReturn(56)) - 4a682f4f-c3f2-4b77-88b7-f0ab78890feb@group-0DB8C7688BF9-LeaderElection135: Election REJECTED; received 2 response(s) [4a682f4f-c3f2-4b77-88b7-f0ab78890feb<-77ab65e6-d942-49df-83a3-1d4c0bf152b3#0:FAIL-t63, 4a682f4f-c3f2-4b77-88b7-f0ab78890feb<-7e1b84a9-a041-44fd-8008-f2679426984c#0:FAIL-t63] and 0 exception(s); 4a682f4f-c3f2-4b77-88b7-f0ab78890feb@group-0DB8C7688BF9:t63, leader=null, voted=4a682f4f-c3f2-4b77-88b7-f0ab78890feb, raftlog=4a682f4f-c3f2-4b77-88b7-f0ab78890feb@group-0DB8C7688BF9-SegmentedRaftLog:OPENED:c-1,f-1,i0, conf=-1: [77ab65e6-d942-49df-83a3-1d4c0bf152b3:192.168.164.217:39381, 7e1b84a9-a041-44fd-8008-f2679426984c:192.168.164.217:44149, 4a682f4f-c3f2-4b77-88b7-f0ab78890feb:192.168.164.217:34174], old=null
2019-11-05 08:23:56,354 [4a682f4f-c3f2-4b77-88b7-f0ab78890feb@group-0DB8C7688BF9-LeaderElection135] INFO  impl.RaftServerImpl (RaftServerImpl.java:setRole(184)) - 4a682f4f-c3f2-4b77-88b7-f0ab78890feb@group-0DB8C7688BF9: changes role from CANDIDATE to FOLLOWER at term 63 for DISCOVERED_A_NEW_TERM
2019-11-05 08:23:56,354 [4a682f4f-c3f2-4b77-88b7-f0ab78890feb@group-0DB8C7688BF9-LeaderElection135] INFO  impl.RoleInfo (RoleInfo.java:shutdownLeaderElection(134)) - 4a682f4f-c3f2-4b77-88b7-f0ab78890feb: shutdown LeaderElection
2019-11-05 08:23:56,354 [4a682f4f-c3f2-4b77-88b7-f0ab78890feb@group-0DB8C7688BF9-LeaderElection135] INFO  impl.RoleInfo (RoleInfo.java:updateAndGet(143)) - 4a682f4f-c3f2-4b77-88b7-f0ab78890feb: start FollowerState
2019-11-05 08:23:56,388 [Thread-1235] INFO  impl.FollowerState (FollowerState.java:run(108)) - a8ae9c07-6d89-4a49-a594-cacd4b776180@group-0E159EE4F99E-FollowerState: change to CANDIDATE, lastRpcTime:110ms, electionTimeout:110ms
2019-11-05 08:23:56,388 [Thread-1235] INFO  impl.RoleInfo (RoleInfo.java:shutdownFollowerState(121)) - a8ae9c07-6d89-4a49-a594-cacd4b776180: shutdown FollowerState
2019-11-05 08:23:56,389 [Thread-1235] INFO  impl.RaftServerImpl (RaftServerImpl.java:setRole(184)) - a8ae9c07-6d89-4a49-a594-cacd4b776180@group-0E159EE4F99E: changes role from  FOLLOWER to CANDIDATE at term 70 for changeToCandidate
2019-11-05 08:23:56,389 [Thread-1235] INFO  impl.RoleInfo (RoleInfo.java:updateAndGet(143)) - a8ae9c07-6d89-4a49-a594-cacd4b776180: start LeaderElection
2019-11-05 08:23:56,403 [a8ae9c07-6d89-4a49-a594-cacd4b776180@group-0E159EE4F99E-LeaderElection136] INFO  impl.LeaderElection (LeaderElection.java:askForVotes(178)) - a8ae9c07-6d89-4a49-a594-cacd4b776180@group-0E159EE4F99E-LeaderElection136: begin an election at term 71 for -1: [caafcba9-090a-41f5-a5f9-cba5a6a81e94:192.168.164.217:37197, a8ae9c07-6d89-4a49-a594-cacd4b776180:192.168.164.217:42719, b3bb9051-8089-4c51-a999-81579e5913f2:192.168.164.217:36516], old=null
2019-11-05 08:23:56,405 [grpc-default-executor-1] INFO  impl.RaftServerImpl (RaftServerImpl.java:setRole(184)) - caafcba9-090a-41f5-a5f9-cba5a6a81e94@group-0E159EE4F99E: changes role from  FOLLOWER to FOLLOWER at term 71 for recognizeCandidate:a8ae9c07-6d89-4a49-a594-cacd4b776180
2019-11-05 08:23:56,406 [grpc-default-executor-1] INFO  impl.RoleInfo (RoleInfo.java:shutdownFollowerState(121)) - caafcba9-090a-41f5-a5f9-cba5a6a81e94: shutdown FollowerState
2019-11-05 08:23:56,406 [grpc-default-executor-0] INFO  impl.RaftServerImpl (RaftServerImpl.java:setRole(184)) - b3bb9051-8089-4c51-a999-81579e5913f2@group-0E159EE4F99E: changes role from  FOLLOWER to FOLLOWER at term 71 for recognizeCandidate:a8ae9c07-6d89-4a49-a594-cacd4b776180
2019-11-05 08:23:56,406 [Thread-1233] INFO  impl.FollowerState (FollowerState.java:run(117)) - caafcba9-090a-41f5-a5f9-cba5a6a81e94@group-0E159EE4F99E-FollowerState was interrupted: java.lang.InterruptedException: sleep interrupted
2019-11-05 08:23:56,406 [grpc-default-executor-1] INFO  impl.RoleInfo (RoleInfo.java:updateAndGet(143)) - caafcba9-090a-41f5-a5f9-cba5a6a81e94: start FollowerState
2019-11-05 08:23:56,406 [grpc-default-executor-0] INFO  impl.RoleInfo (RoleInfo.java:shutdownFollowerState(121)) - b3bb9051-8089-4c51-a999-81579e5913f2: shutdown FollowerState
2019-11-05 08:23:56,406 [grpc-default-executor-0] INFO  impl.RoleInfo (RoleInfo.java:updateAndGet(143)) - b3bb9051-8089-4c51-a999-81579e5913f2: start FollowerState
2019-11-05 08:23:56,407 [Thread-1234] INFO  impl.FollowerState (FollowerState.java:run(117)) - b3bb9051-8089-4c51-a999-81579e5913f2@group-0E159EE4F99E-FollowerState was interrupted: java.lang.InterruptedException: sleep interrupted
2019-11-05 08:23:56,431 [a8ae9c07-6d89-4a49-a594-cacd4b776180@group-0E159EE4F99E-LeaderElection136] INFO  impl.LeaderElection (LeaderElection.java:logAndReturn(56)) - a8ae9c07-6d89-4a49-a594-cacd4b776180@group-0E159EE4F99E-LeaderElection136: Election REJECTED; received 2 response(s) [a8ae9c07-6d89-4a49-a594-cacd4b776180<-caafcba9-090a-41f5-a5f9-cba5a6a81e94#0:FAIL-t71, a8ae9c07-6d89-4a49-a594-cacd4b776180<-b3bb9051-8089-4c51-a999-81579e5913f2#0:FAIL-t71] and 0 exception(s); a8ae9c07-6d89-4a49-a594-cacd4b776180@group-0E159EE4F99E:t71, leader=null, voted=a8ae9c07-6d89-4a49-a594-cacd4b776180, raftlog=a8ae9c07-6d89-4a49-a594-cacd4b776180@group-0E159EE4F99E-SegmentedRaftLog:OPENED:c-1,f-1,i0, conf=-1: [caafcba9-090a-41f5-a5f9-cba5a6a81e94:192.168.164.217:37197, a8ae9c07-6d89-4a49-a594-cacd4b776180:192.168.164.217:42719, b3bb9051-8089-4c51-a999-81579e5913f2:192.168.164.217:36516], old=null
2019-11-05 08:23:56,431 [a8ae9c07-6d89-4a49-a594-cacd4b776180@group-0E159EE4F99E-LeaderElection136] INFO  impl.RaftServerImpl (RaftServerImpl.java:setRole(184)) - a8ae9c07-6d89-4a49-a594-cacd4b776180@group-0E159EE4F99E: changes role from CANDIDATE to FOLLOWER at term 71 for DISCOVERED_A_NEW_TERM
2019-11-05 08:23:56,432 [a8ae9c07-6d89-4a49-a594-cacd4b776180@group-0E159EE4F99E-LeaderElection136] INFO  impl.RoleInfo (RoleInfo.java:shutdownLeaderElection(134)) - a8ae9c07-6d89-4a49-a594-cacd4b776180: shutdown LeaderElection
2019-11-05 08:23:56,432 [a8ae9c07-6d89-4a49-a594-cacd4b776180@group-0E159EE4F99E-LeaderElection136] INFO  impl.RoleInfo (RoleInfo.java:updateAndGet(143)) - a8ae9c07-6d89-4a49-a594-cacd4b776180: start FollowerState
2019-11-05 08:23:56,498 [Thread-1247] INFO  impl.FollowerState (FollowerState.java:run(108)) - a8ae9c07-6d89-4a49-a594-cacd4b776180@group-0E159EE4F99E-FollowerState: change to CANDIDATE, lastRpcTime:66ms, electionTimeout:66ms
2019-11-05 08:23:56,499 [Thread-1247] INFO  impl.RoleInfo (RoleInfo.java:shutdownFollowerState(121)) - a8ae9c07-6d89-4a49-a594-cacd4b776180: shutdown FollowerState
2019-11-05 08:23:56,499 [Thread-1247] INFO  impl.RaftServerImpl (RaftServerImpl.java:setRole(184)) - a8ae9c07-6d89-4a49-a594-cacd4b776180@group-0E159EE4F99E: changes role from  FOLLOWER to CANDIDATE at term 71 for changeToCandidate
2019-11-05 08:23:56,499 [Thread-1247] INFO  impl.RoleInfo (RoleInfo.java:updateAndGet(143)) - a8ae9c07-6d89-4a49-a594-cacd4b776180: start LeaderElection
2019-11-05 08:23:56,512 [a8ae9c07-6d89-4a49-a594-cacd4b776180@group-0E159EE4F99E-LeaderElection137] INFO  impl.LeaderElection (LeaderElection.java:askForVotes(178)) - a8ae9c07-6d89-4a49-a594-cacd4b776180@group-0E159EE4F99E-LeaderElection137: begin an election at term 72 for -1: [caafcba9-090a-41f5-a5f9-cba5a6a81e94:192.168.164.217:37197, a8ae9c07-6d89-4a49-a594-cacd4b776180:192.168.164.217:42719, b3bb9051-8089-4c51-a999-81579e5913f2:192.168.164.217:36516], old=null
2019-11-05 08:23:56,515 [grpc-default-executor-1] INFO  impl.RaftServerImpl (RaftServerImpl.java:setRole(184)) - caafcba9-090a-41f5-a5f9-cba5a6a81e94@group-0E159EE4F99E: changes role from  FOLLOWER to FOLLOWER at term 72 for recognizeCandidate:a8ae9c07-6d89-4a49-a594-cacd4b776180
2019-11-05 08:23:56,515 [grpc-default-executor-0] INFO  impl.RaftServerImpl (RaftServerImpl.java:setRole(184)) - b3bb9051-8089-4c51-a999-81579e5913f2@group-0E159EE4F99E: changes role from  FOLLOWER to FOLLOWER at term 72 for recognizeCandidate:a8ae9c07-6d89-4a49-a594-cacd4b776180
2019-11-05 08:23:56,515 [grpc-default-executor-0] INFO  impl.RoleInfo (RoleInfo.java:shutdownFollowerState(121)) - b3bb9051-8089-4c51-a999-81579e5913f2: shutdown FollowerState
2019-11-05 08:23:56,515 [grpc-default-executor-1] INFO  impl.RoleInfo (RoleInfo.java:shutdownFollowerState(121)) - caafcba9-090a-41f5-a5f9-cba5a6a81e94: shutdown FollowerState
2019-11-05 08:23:56,515 [grpc-default-executor-0] INFO  impl.RoleInfo (RoleInfo.java:updateAndGet(143)) - b3bb9051-8089-4c51-a999-81579e5913f2: start FollowerState
2019-11-05 08:23:56,516 [grpc-default-executor-1] INFO  impl.RoleInfo (RoleInfo.java:updateAndGet(143)) - caafcba9-090a-41f5-a5f9-cba5a6a81e94: start FollowerState
2019-11-05 08:23:56,516 [Thread-1246] INFO  impl.FollowerState (FollowerState.java:run(117)) - b3bb9051-8089-4c51-a999-81579e5913f2@group-0E159EE4F99E-FollowerState was interrupted: java.lang.InterruptedException: sleep interrupted
2019-11-05 08:23:56,516 [Thread-1245] INFO  impl.FollowerState (FollowerState.java:run(117)) - caafcba9-090a-41f5-a5f9-cba5a6a81e94@group-0E159EE4F99E-FollowerState was interrupted: java.lang.InterruptedException: sleep interrupted
2019-11-05 08:23:56,530 [a8ae9c07-6d89-4a49-a594-cacd4b776180@group-0E159EE4F99E-LeaderElection137] INFO  impl.LeaderElection (LeaderElection.java:logAndReturn(56)) - a8ae9c07-6d89-4a49-a594-cacd4b776180@group-0E159EE4F99E-LeaderElection137: Election REJECTED; received 2 response(s) [a8ae9c07-6d89-4a49-a594-cacd4b776180<-caafcba9-090a-41f5-a5f9-cba5a6a81e94#0:FAIL-t72, a8ae9c07-6d89-4a49-a594-cacd4b776180<-b3bb9051-8089-4c51-a999-81579e5913f2#0:FAIL-t72] and 0 exception(s); a8ae9c07-6d89-4a49-a594-cacd4b776180@group-0E159EE4F99E:t72, leader=null, voted=a8ae9c07-6d89-4a49-a594-cacd4b776180, raftlog=a8ae9c07-6d89-4a49-a594-cacd4b776180@group-0E159EE4F99E-SegmentedRaftLog:OPENED:c-1,f-1,i0, conf=-1: [caafcba9-090a-41f5-a5f9-cba5a6a81e94:192.168.164.217:37197, a8ae9c07-6d89-4a49-a594-cacd4b776180:192.168.164.217:42719, b3bb9051-8089-4c51-a999-81579e5913f2:192.168.164.217:36516], old=null
2019-11-05 08:23:56,530 [a8ae9c07-6d89-4a49-a594-cacd4b776180@group-0E159EE4F99E-LeaderElection137] INFO  impl.RaftServerImpl (RaftServerImpl.java:setRole(184)) - a8ae9c07-6d89-4a49-a594-cacd4b776180@group-0E159EE4F99E: changes role from CANDIDATE to FOLLOWER at term 72 for DISCOVERED_A_NEW_TERM
2019-11-05 08:23:56,530 [a8ae9c07-6d89-4a49-a594-cacd4b776180@group-0E159EE4F99E-LeaderElection137] INFO  impl.RoleInfo (RoleInfo.java:shutdownLeaderElection(134)) - a8ae9c07-6d89-4a49-a594-cacd4b776180: shutdown LeaderElection
2019-11-05 08:23:56,530 [a8ae9c07-6d89-4a49-a594-cacd4b776180@group-0E159EE4F99E-LeaderElection137] INFO  impl.RoleInfo (RoleInfo.java:updateAndGet(143)) - a8ae9c07-6d89-4a49-a594-cacd4b776180: start FollowerState
2019-11-05 08:23:56,533 [Thread-1241] INFO  impl.FollowerState (FollowerState.java:run(108)) - 4a682f4f-c3f2-4b77-88b7-f0ab78890feb@group-0DB8C7688BF9-FollowerState: change to CANDIDATE, lastRpcTime:178ms, electionTimeout:178ms
2019-11-05 08:23:56,533 [Thread-1241] INFO  impl.RoleInfo (RoleInfo.java:shutdownFollowerState(121)) - 4a682f4f-c3f2-4b77-88b7-f0ab78890feb: shutdown FollowerState
2019-11-05 08:23:56,533 [Thread-1241] INFO  impl.RaftServerImpl (RaftServerImpl.java:setRole(184)) - 4a682f4f-c3f2-4b77-88b7-f0ab78890feb@group-0DB8C7688BF9: changes role from  FOLLOWER to CANDIDATE at term 63 for changeToCandidate
2019-11-05 08:23:56,533 [Thread-1241] INFO  impl.RoleInfo (RoleInfo.java:updateAndGet(143)) - 4a682f4f-c3f2-4b77-88b7-f0ab78890feb: start LeaderElection
2019-11-05 08:23:56,547 [4a682f4f-c3f2-4b77-88b7-f0ab78890feb@group-0DB8C7688BF9-LeaderElection138] INFO  impl.LeaderElection (LeaderElection.java:askForVotes(178)) - 4a682f4f-c3f2-4b77-88b7-f0ab78890feb@group-0DB8C7688BF9-LeaderElection138: begin an election at term 64 for -1: [77ab65e6-d942-49df-83a3-1d4c0bf152b3:192.168.164.217:39381, 7e1b84a9-a041-44fd-8008-f2679426984c:192.168.164.217:44149, 4a682f4f-c3f2-4b77-88b7-f0ab78890feb:192.168.164.217:34174], old=null
2019-11-05 08:23:56,549 [grpc-default-executor-1] INFO  impl.RaftServerImpl (RaftServerImpl.java:setRole(184)) - 77ab65e6-d942-49df-83a3-1d4c0bf152b3@group-0DB8C7688BF9: changes role from  FOLLOWER to FOLLOWER at term 64 for recognizeCandidate:4a682f4f-c3f2-4b77-88b7-f0ab78890feb
2019-11-05 08:23:56,549 [grpc-default-executor-1] INFO  impl.RoleInfo (RoleInfo.java:shutdownFollowerState(121)) - 77ab65e6-d942-49df-83a3-1d4c0bf152b3: shutdown FollowerState
2019-11-05 08:23:56,549 [grpc-default-executor-0] INFO  impl.RaftServerImpl (RaftServerImpl.java:setRole(184)) - 7e1b84a9-a041-44fd-8008-f2679426984c@group-0DB8C7688BF9: changes role from  FOLLOWER to FOLLOWER at term 64 for recognizeCandidate:4a682f4f-c3f2-4b77-88b7-f0ab78890feb
2019-11-05 08:23:56,549 [grpc-default-executor-0] INFO  impl.RoleInfo (RoleInfo.java:shutdownFollowerState(121)) - 7e1b84a9-a041-44fd-8008-f2679426984c: shutdown FollowerState
2019-11-05 08:23:56,549 [grpc-default-executor-1] INFO  impl.RoleInfo (RoleInfo.java:updateAndGet(143)) - 77ab65e6-d942-49df-83a3-1d4c0bf152b3: start FollowerState
2019-11-05 08:23:56,549 [Thread-1240] INFO  impl.FollowerState (FollowerState.java:run(117)) - 7e1b84a9-a041-44fd-8008-f2679426984c@group-0DB8C7688BF9-FollowerState was interrupted: java.lang.InterruptedException: sleep interrupted
2019-11-05 08:23:56,549 [grpc-default-executor-0] INFO  impl.RoleInfo (RoleInfo.java:updateAndGet(143)) - 7e1b84a9-a041-44fd-8008-f2679426984c: start FollowerState
2019-11-05 08:23:56,549 [Thread-1239] INFO  impl.FollowerState (FollowerState.java:run(117)) - 77ab65e6-d942-49df-83a3-1d4c0bf152b3@group-0DB8C7688BF9-FollowerState was interrupted: java.lang.InterruptedException: sleep interrupted
2019-11-05 08:23:56,564 [4a682f4f-c3f2-4b77-88b7-f0ab78890feb@group-0DB8C7688BF9-LeaderElection138] INFO  impl.LeaderElection (LeaderElection.java:logAndReturn(56)) - 4a682f4f-c3f2-4b77-88b7-f0ab78890feb@group-0DB8C7688BF9-LeaderElection138: Election REJECTED; received 2 response(s) [4a682f4f-c3f2-4b77-88b7-f0ab78890feb<-77ab65e6-d942-49df-83a3-1d4c0bf152b3#0:FAIL-t64, 4a682f4f-c3f2-4b77-88b7-f0ab78890feb<-7e1b84a9-a041-44fd-8008-f2679426984c#0:FAIL-t64] and 0 exception(s); 4a682f4f-c3f2-4b77-88b7-f0ab78890feb@group-0DB8C7688BF9:t64, leader=null, voted=4a682f4f-c3f2-4b77-88b7-f0ab78890feb, raftlog=4a682f4f-c3f2-4b77-88b7-f0ab78890feb@group-0DB8C7688BF9-SegmentedRaftLog:OPENED:c-1,f-1,i0, conf=-1: [77ab65e6-d942-49df-83a3-1d4c0bf152b3:192.168.164.217:39381, 7e1b84a9-a041-44fd-8008-f2679426984c:192.168.164.217:44149, 4a682f4f-c3f2-4b77-88b7-f0ab78890feb:192.168.164.217:34174], old=null
2019-11-05 08:23:56,564 [4a682f4f-c3f2-4b77-88b7-f0ab78890feb@group-0DB8C7688BF9-LeaderElection138] INFO  impl.RaftServerImpl (RaftServerImpl.java:setRole(184)) - 4a682f4f-c3f2-4b77-88b7-f0ab78890feb@group-0DB8C7688BF9: changes role from CANDIDATE to FOLLOWER at term 64 for DISCOVERED_A_NEW_TERM
2019-11-05 08:23:56,564 [4a682f4f-c3f2-4b77-88b7-f0ab78890feb@group-0DB8C7688BF9-LeaderElection138] INFO  impl.RoleInfo (RoleInfo.java:shutdownLeaderElection(134)) - 4a682f4f-c3f2-4b77-88b7-f0ab78890feb: shutdown LeaderElection
2019-11-05 08:23:56,564 [4a682f4f-c3f2-4b77-88b7-f0ab78890feb@group-0DB8C7688BF9-LeaderElection138] INFO  impl.RoleInfo (RoleInfo.java:updateAndGet(143)) - 4a682f4f-c3f2-4b77-88b7-f0ab78890feb: start FollowerState
2019-11-05 08:23:56,588 [Thread-1260] INFO  impl.FollowerState (FollowerState.java:run(108)) - 4a682f4f-c3f2-4b77-88b7-f0ab78890feb@group-0DB8C7688BF9-FollowerState: change to CANDIDATE, lastRpcTime:23ms, electionTimeout:23ms
2019-11-05 08:23:56,588 [Thread-1260] INFO  impl.RoleInfo (RoleInfo.java:shutdownFollowerState(121)) - 4a682f4f-c3f2-4b77-88b7-f0ab78890feb: shutdown FollowerState
2019-11-05 08:23:56,588 [Thread-1260] INFO  impl.RaftServerImpl (RaftServerImpl.java:setRole(184)) - 4a682f4f-c3f2-4b77-88b7-f0ab78890feb@group-0DB8C7688BF9: changes role from  FOLLOWER to CANDIDATE at term 64 for changeToCandidate
2019-11-05 08:23:56,588 [Thread-1260] INFO  impl.RoleInfo (RoleInfo.java:updateAndGet(143)) - 4a682f4f-c3f2-4b77-88b7-f0ab78890feb: start LeaderElection
2019-11-05 08:23:56,602 [4a682f4f-c3f2-4b77-88b7-f0ab78890feb@group-0DB8C7688BF9-LeaderElection139] INFO  impl.LeaderElection (LeaderElection.java:askForVotes(178)) - 4a682f4f-c3f2-4b77-88b7-f0ab78890feb@group-0DB8C7688BF9-LeaderElection139: begin an election at term 65 for -1: [77ab65e6-d942-49df-83a3-1d4c0bf152b3:192.168.164.217:39381, 7e1b84a9-a041-44fd-8008-f2679426984c:192.168.164.217:44149, 4a682f4f-c3f2-4b77-88b7-f0ab78890feb:192.168.164.217:34174], old=null
2019-11-05 08:23:56,604 [grpc-default-executor-0] INFO  impl.RaftServerImpl (RaftServerImpl.java:setRole(184)) - 7e1b84a9-a041-44fd-8008-f2679426984c@group-0DB8C7688BF9: changes role from  FOLLOWER to FOLLOWER at term 65 for recognizeCandidate:4a682f4f-c3f2-4b77-88b7-f0ab78890feb
2019-11-05 08:23:56,604 [grpc-default-executor-0] INFO  impl.RoleInfo (RoleInfo.java:shutdownFollowerState(121)) - 7e1b84a9-a041-44fd-8008-f2679426984c: shutdown FollowerState
2019-11-05 08:23:56,604 [grpc-default-executor-0] INFO  impl.RoleInfo (RoleInfo.java:updateAndGet(143)) - 7e1b84a9-a041-44fd-8008-f2679426984c: start FollowerState
2019-11-05 08:23:56,604 [grpc-default-executor-1] INFO  impl.RaftServerImpl (RaftServerImpl.java:setRole(184)) - 77ab65e6-d942-49df-83a3-1d4c0bf152b3@group-0DB8C7688BF9: changes role from  FOLLOWER to FOLLOWER at term 65 for recognizeCandidate:4a682f4f-c3f2-4b77-88b7-f0ab78890feb
2019-11-05 08:23:56,604 [grpc-default-executor-1] INFO  impl.RoleInfo (RoleInfo.java:shutdownFollowerState(121)) - 77ab65e6-d942-49df-83a3-1d4c0bf152b3: shutdown FollowerState
2019-11-05 08:23:56,604 [Thread-1258] INFO  impl.FollowerState (FollowerState.java:run(117)) - 7e1b84a9-a041-44fd-8008-f2679426984c@group-0DB8C7688BF9-FollowerState was interrupted: java.lang.InterruptedException: sleep interrupted
2019-11-05 08:23:56,605 [grpc-default-executor-1] INFO  impl.RoleInfo (RoleInfo.java:updateAndGet(143)) - 77ab65e6-d942-49df-83a3-1d4c0bf152b3: start FollowerState
2019-11-05 08:23:56,605 [Thread-1257] INFO  impl.FollowerState (FollowerState.java:run(117)) - 77ab65e6-d942-49df-83a3-1d4c0bf152b3@group-0DB8C7688BF9-FollowerState was interrupted: java.lang.InterruptedException: sleep interrupted
2019-11-05 08:23:56,615 [4a682f4f-c3f2-4b77-88b7-f0ab78890feb@group-0DB8C7688BF9-LeaderElection139] INFO  impl.LeaderElection (LeaderElection.java:logAndReturn(56)) - 4a682f4f-c3f2-4b77-88b7-f0ab78890feb@group-0DB8C7688BF9-LeaderElection139: Election TIMEOUT; received 0 response(s) [] and 0 exception(s); 4a682f4f-c3f2-4b77-88b7-f0ab78890feb@group-0DB8C7688BF9:t65, leader=null, voted=4a682f4f-c3f2-4b77-88b7-f0ab78890feb, raftlog=4a682f4f-c3f2-4b77-88b7-f0ab78890feb@group-0DB8C7688BF9-SegmentedRaftLog:OPENED:c-1,f-1,i0, conf=-1: [77ab65e6-d942-49df-83a3-1d4c0bf152b3:192.168.164.217:39381, 7e1b84a9-a041-44fd-8008-f2679426984c:192.168.164.217:44149, 4a682f4f-c3f2-4b77-88b7-f0ab78890feb:192.168.164.217:34174], old=null
2019-11-05 08:23:56,620 [4a682f4f-c3f2-4b77-88b7-f0ab78890feb@group-0DB8C7688BF9-LeaderElection139] INFO  impl.LeaderElection (LeaderElection.java:askForVotes(178)) - 4a682f4f-c3f2-4b77-88b7-f0ab78890feb@group-0DB8C7688BF9-LeaderElection139: begin an election at term 66 for -1: [77ab65e6-d942-49df-83a3-1d4c0bf152b3:192.168.164.217:39381, 7e1b84a9-a041-44fd-8008-f2679426984c:192.168.164.217:44149, 4a682f4f-c3f2-4b77-88b7-f0ab78890feb:192.168.164.217:34174], old=null
2019-11-05 08:23:56,622 [grpc-default-executor-1] INFO  impl.RaftServerImpl (RaftServerImpl.java:setRole(184)) - 77ab65e6-d942-49df-83a3-1d4c0bf152b3@group-0DB8C7688BF9: changes role from  FOLLOWER to FOLLOWER at term 66 for recognizeCandidate:4a682f4f-c3f2-4b77-88b7-f0ab78890feb
2019-11-05 08:23:56,623 [grpc-default-executor-1] INFO  impl.RoleInfo (RoleInfo.java:shutdownFollowerState(121)) - 77ab65e6-d942-49df-83a3-1d4c0bf152b3: shutdown FollowerState
2019-11-05 08:23:56,623 [grpc-default-executor-0] INFO  impl.RaftServerImpl (RaftServerImpl.java:setRole(184)) - 7e1b84a9-a041-44fd-8008-f2679426984c@group-0DB8C7688BF9: changes role from  FOLLOWER to FOLLOWER at term 66 for recognizeCandidate:4a682f4f-c3f2-4b77-88b7-f0ab78890feb
2019-11-05 08:23:56,623 [grpc-default-executor-1] INFO  impl.RoleInfo (RoleInfo.java:updateAndGet(143)) - 77ab65e6-d942-49df-83a3-1d4c0bf152b3: start FollowerState
2019-11-05 08:23:56,623 [grpc-default-executor-0] INFO  impl.RoleInfo (RoleInfo.java:shutdownFollowerState(121)) - 7e1b84a9-a041-44fd-8008-f2679426984c: shutdown FollowerState
2019-11-05 08:23:56,623 [Thread-1266] INFO  impl.FollowerState (FollowerState.java:run(117)) - 77ab65e6-d942-49df-83a3-1d4c0bf152b3@group-0DB8C7688BF9-FollowerState was interrupted: java.lang.InterruptedException: sleep interrupted
2019-11-05 08:23:56,623 [grpc-default-executor-0] INFO  impl.RoleInfo (RoleInfo.java:updateAndGet(143)) - 7e1b84a9-a041-44fd-8008-f2679426984c: start FollowerState
2019-11-05 08:23:56,623 [Thread-1265] INFO  impl.FollowerState (FollowerState.java:run(117)) - 7e1b84a9-a041-44fd-8008-f2679426984c@group-0DB8C7688BF9-FollowerState was interrupted: java.lang.InterruptedException: sleep interrupted
2019-11-05 08:23:56,638 [4a682f4f-c3f2-4b77-88b7-f0ab78890feb@group-0DB8C7688BF9-LeaderElection139] INFO  impl.LeaderElection (LeaderElection.java:logAndReturn(56)) - 4a682f4f-c3f2-4b77-88b7-f0ab78890feb@group-0DB8C7688BF9-LeaderElection139: Election REJECTED; received 2 response(s) [4a682f4f-c3f2-4b77-88b7-f0ab78890feb<-77ab65e6-d942-49df-83a3-1d4c0bf152b3#0:FAIL-t66, 4a682f4f-c3f2-4b77-88b7-f0ab78890feb<-7e1b84a9-a041-44fd-8008-f2679426984c#0:FAIL-t66] and 0 exception(s); 4a682f4f-c3f2-4b77-88b7-f0ab78890feb@group-0DB8C7688BF9:t66, leader=null, voted=4a682f4f-c3f2-4b77-88b7-f0ab78890feb, raftlog=4a682f4f-c3f2-4b77-88b7-f0ab78890feb@group-0DB8C7688BF9-SegmentedRaftLog:OPENED:c-1,f-1,i0, conf=-1: [77ab65e6-d942-49df-83a3-1d4c0bf152b3:192.168.164.217:39381, 7e1b84a9-a041-44fd-8008-f2679426984c:192.168.164.217:44149, 4a682f4f-c3f2-4b77-88b7-f0ab78890feb:192.168.164.217:34174], old=null
2019-11-05 08:23:56,638 [4a682f4f-c3f2-4b77-88b7-f0ab78890feb@group-0DB8C7688BF9-LeaderElection139] INFO  impl.RaftServerImpl (RaftServerImpl.java:setRole(184)) - 4a682f4f-c3f2-4b77-88b7-f0ab78890feb@group-0DB8C7688BF9: changes role from CANDIDATE to FOLLOWER at term 66 for DISCOVERED_A_NEW_TERM
2019-11-05 08:23:56,639 [4a682f4f-c3f2-4b77-88b7-f0ab78890feb@group-0DB8C7688BF9-LeaderElection139] INFO  impl.RoleInfo (RoleInfo.java:shutdownLeaderElection(134)) - 4a682f4f-c3f2-4b77-88b7-f0ab78890feb: shutdown LeaderElection
2019-11-05 08:23:56,639 [4a682f4f-c3f2-4b77-88b7-f0ab78890feb@group-0DB8C7688BF9-LeaderElection139] INFO  impl.RoleInfo (RoleInfo.java:updateAndGet(143)) - 4a682f4f-c3f2-4b77-88b7-f0ab78890feb: start FollowerState
2019-11-05 08:23:56,658 [Thread-1271] INFO  impl.FollowerState (FollowerState.java:run(108)) - 4a682f4f-c3f2-4b77-88b7-f0ab78890feb@group-0DB8C7688BF9-FollowerState: change to CANDIDATE, lastRpcTime:19ms, electionTimeout:19ms
2019-11-05 08:23:56,658 [Thread-1271] INFO  impl.RoleInfo (RoleInfo.java:shutdownFollowerState(121)) - 4a682f4f-c3f2-4b77-88b7-f0ab78890feb: shutdown FollowerState
2019-11-05 08:23:56,658 [Thread-1271] INFO  impl.RaftServerImpl (RaftServerImpl.java:setRole(184)) - 4a682f4f-c3f2-4b77-88b7-f0ab78890feb@group-0DB8C7688BF9: changes role from  FOLLOWER to CANDIDATE at term 66 for changeToCandidate
2019-11-05 08:23:56,658 [Thread-1271] INFO  impl.RoleInfo (RoleInfo.java:updateAndGet(143)) - 4a682f4f-c3f2-4b77-88b7-f0ab78890feb: start LeaderElection
2019-11-05 08:23:56,712 [4a682f4f-c3f2-4b77-88b7-f0ab78890feb@group-0DB8C7688BF9-LeaderElection140] INFO  impl.LeaderElection (LeaderElection.java:askForVotes(178)) - 4a682f4f-c3f2-4b77-88b7-f0ab78890feb@group-0DB8C7688BF9-LeaderElection140: begin an election at term 67 for -1: [77ab65e6-d942-49df-83a3-1d4c0bf152b3:192.168.164.217:39381, 7e1b84a9-a041-44fd-8008-f2679426984c:192.168.164.217:44149, 4a682f4f-c3f2-4b77-88b7-f0ab78890feb:192.168.164.217:34174], old=null
2019-11-05 08:23:56,715 [grpc-default-executor-0] INFO  impl.RaftServerImpl (RaftServerImpl.java:setRole(184)) - 77ab65e6-d942-49df-83a3-1d4c0bf152b3@group-0DB8C7688BF9: changes role from  FOLLOWER to FOLLOWER at term 67 for recognizeCandidate:4a682f4f-c3f2-4b77-88b7-f0ab78890feb
2019-11-05 08:23:56,715 [grpc-default-executor-0] INFO  impl.RoleInfo (RoleInfo.java:shutdownFollowerState(121)) - 77ab65e6-d942-49df-83a3-1d4c0bf152b3: shutdown FollowerState
2019-11-05 08:23:56,715 [grpc-default-executor-0] INFO  impl.RoleInfo (RoleInfo.java:updateAndGet(143)) - 77ab65e6-d942-49df-83a3-1d4c0bf152b3: start FollowerState
2019-11-05 08:23:56,715 [Thread-1269] INFO  impl.FollowerState (FollowerState.java:run(117)) - 77ab65e6-d942-49df-83a3-1d4c0bf152b3@group-0DB8C7688BF9-FollowerState was interrupted: java.lang.InterruptedException: sleep interrupted
2019-11-05 08:23:56,715 [grpc-default-executor-5] INFO  impl.RaftServerImpl (RaftServerImpl.java:setRole(184)) - 7e1b84a9-a041-44fd-8008-f2679426984c@group-0DB8C7688BF9: changes role from  FOLLOWER to FOLLOWER at term 67 for recognizeCandidate:4a682f4f-c3f2-4b77-88b7-f0ab78890feb
2019-11-05 08:23:56,715 [grpc-default-executor-5] INFO  impl.RoleInfo (RoleInfo.java:shutdownFollowerState(121)) - 7e1b84a9-a041-44fd-8008-f2679426984c: shutdown FollowerState
2019-11-05 08:23:56,716 [grpc-default-executor-5] INFO  impl.RoleInfo (RoleInfo.java:updateAndGet(143)) - 7e1b84a9-a041-44fd-8008-f2679426984c: start FollowerState
2019-11-05 08:23:56,716 [Thread-1270] INFO  impl.FollowerState (FollowerState.java:run(117)) - 7e1b84a9-a041-44fd-8008-f2679426984c@group-0DB8C7688BF9-FollowerState was interrupted: java.lang.InterruptedException: sleep interrupted
2019-11-05 08:23:56,716 [Thread-1253] INFO  impl.FollowerState (FollowerState.java:run(108)) - a8ae9c07-6d89-4a49-a594-cacd4b776180@group-0E159EE4F99E-FollowerState: change to CANDIDATE, lastRpcTime:186ms, electionTimeout:186ms
2019-11-05 08:23:56,717 [Thread-1253] INFO  impl.RoleInfo (RoleInfo.java:shutdownFollowerState(121)) - a8ae9c07-6d89-4a49-a594-cacd4b776180: shutdown FollowerState
2019-11-05 08:23:56,717 [Thread-1253] INFO  impl.RaftServerImpl (RaftServerImpl.java:setRole(184)) - a8ae9c07-6d89-4a49-a594-cacd4b776180@group-0E159EE4F99E: changes role from  FOLLOWER to CANDIDATE at term 72 for changeToCandidate
2019-11-05 08:23:56,717 [Thread-1253] INFO  impl.RoleInfo (RoleInfo.java:updateAndGet(143)) - a8ae9c07-6d89-4a49-a594-cacd4b776180: start LeaderElection
2019-11-05 08:23:56,730 [a8ae9c07-6d89-4a49-a594-cacd4b776180@group-0E159EE4F99E-LeaderElection141] INFO  impl.LeaderElection (LeaderElection.java:askForVotes(178)) - a8ae9c07-6d89-4a49-a594-cacd4b776180@group-0E159EE4F99E-LeaderElection141: begin an election at term 73 for -1: [caafcba9-090a-41f5-a5f9-cba5a6a81e94:192.168.164.217:37197, a8ae9c07-6d89-4a49-a594-cacd4b776180:192.168.164.217:42719, b3bb9051-8089-4c51-a999-81579e5913f2:192.168.164.217:36516], old=null
2019-11-05 08:23:56,737 [4a682f4f-c3f2-4b77-88b7-f0ab78890feb@group-0DB8C7688BF9-LeaderElection140] INFO  impl.LeaderElection (LeaderElection.java:logAndReturn(56)) - 4a682f4f-c3f2-4b77-88b7-f0ab78890feb@group-0DB8C7688BF9-LeaderElection140: Election REJECTED; received 2 response(s) [4a682f4f-c3f2-4b77-88b7-f0ab78890feb<-77ab65e6-d942-49df-83a3-1d4c0bf152b3#0:FAIL-t67, 4a682f4f-c3f2-4b77-88b7-f0ab78890feb<-7e1b84a9-a041-44fd-8008-f2679426984c#0:FAIL-t67] and 0 exception(s); 4a682f4f-c3f2-4b77-88b7-f0ab78890feb@group-0DB8C7688BF9:t67, leader=null, voted=4a682f4f-c3f2-4b77-88b7-f0ab78890feb, raftlog=4a682f4f-c3f2-4b77-88b7-f0ab78890feb@group-0DB8C7688BF9-SegmentedRaftLog:OPENED:c-1,f-1,i0, conf=-1: [77ab65e6-d942-49df-83a3-1d4c0bf152b3:192.168.164.217:39381, 7e1b84a9-a041-44fd-8008-f2679426984c:192.168.164.217:44149, 4a682f4f-c3f2-4b77-88b7-f0ab78890feb:192.168.164.217:34174], old=null
2019-11-05 08:23:56,737 [4a682f4f-c3f2-4b77-88b7-f0ab78890feb@group-0DB8C7688BF9-LeaderElection140] INFO  impl.RaftServerImpl (RaftServerImpl.java:setRole(184)) - 4a682f4f-c3f2-4b77-88b7-f0ab78890feb@group-0DB8C7688BF9: changes role from CANDIDATE to FOLLOWER at term 67 for DISCOVERED_A_NEW_TERM
2019-11-05 08:23:56,737 [4a682f4f-c3f2-4b77-88b7-f0ab78890feb@group-0DB8C7688BF9-LeaderElection140] INFO  impl.RoleInfo (RoleInfo.java:shutdownLeaderElection(134)) - 4a682f4f-c3f2-4b77-88b7-f0ab78890feb: shutdown LeaderElection
2019-11-05 08:23:56,739 [4a682f4f-c3f2-4b77-88b7-f0ab78890feb@group-0DB8C7688BF9-LeaderElection140] INFO  impl.RoleInfo (RoleInfo.java:updateAndGet(143)) - 4a682f4f-c3f2-4b77-88b7-f0ab78890feb: start FollowerState
2019-11-05 08:23:56,740 [grpc-default-executor-4] INFO  impl.RaftServerImpl (RaftServerImpl.java:setRole(184)) - caafcba9-090a-41f5-a5f9-cba5a6a81e94@group-0E159EE4F99E: changes role from  FOLLOWER to FOLLOWER at term 73 for recognizeCandidate:a8ae9c07-6d89-4a49-a594-cacd4b776180
2019-11-05 08:23:56,740 [grpc-default-executor-5] INFO  impl.RaftServerImpl (RaftServerImpl.java:setRole(184)) - b3bb9051-8089-4c51-a999-81579e5913f2@group-0E159EE4F99E: changes role from  FOLLOWER to FOLLOWER at term 73 for recognizeCandidate:a8ae9c07-6d89-4a49-a594-cacd4b776180
2019-11-05 08:23:56,740 [grpc-default-executor-4] INFO  impl.RoleInfo (RoleInfo.java:shutdownFollowerState(121)) - caafcba9-090a-41f5-a5f9-cba5a6a81e94: shutdown FollowerState
2019-11-05 08:23:56,740 [grpc-default-executor-5] INFO  impl.RoleInfo (RoleInfo.java:shutdownFollowerState(121)) - b3bb9051-8089-4c51-a999-81579e5913f2: shutdown FollowerState
2019-11-05 08:23:56,740 [grpc-default-executor-4] INFO  impl.RoleInfo (RoleInfo.java:updateAndGet(143)) - caafcba9-090a-41f5-a5f9-cba5a6a81e94: start FollowerState
2019-11-05 08:23:56,740 [Thread-1251] INFO  impl.FollowerState (FollowerState.java:run(117)) - b3bb9051-8089-4c51-a999-81579e5913f2@group-0E159EE4F99E-FollowerState was interrupted: java.lang.InterruptedException: sleep interrupted
2019-11-05 08:23:56,740 [grpc-default-executor-5] INFO  impl.RoleInfo (RoleInfo.java:updateAndGet(143)) - b3bb9051-8089-4c51-a999-81579e5913f2: start FollowerState
2019-11-05 08:23:56,740 [Thread-1252] INFO  impl.FollowerState (FollowerState.java:run(117)) - caafcba9-090a-41f5-a5f9-cba5a6a81e94@group-0E159EE4F99E-FollowerState was interrupted: java.lang.InterruptedException: sleep interrupted
2019-11-05 08:23:56,755 [a8ae9c07-6d89-4a49-a594-cacd4b776180@group-0E159EE4F99E-LeaderElection141] INFO  impl.LeaderElection (LeaderElection.java:logAndReturn(56)) - a8ae9c07-6d89-4a49-a594-cacd4b776180@group-0E159EE4F99E-LeaderElection141: Election REJECTED; received 2 response(s) [a8ae9c07-6d89-4a49-a594-cacd4b776180<-caafcba9-090a-41f5-a5f9-cba5a6a81e94#0:FAIL-t73, a8ae9c07-6d89-4a49-a594-cacd4b776180<-b3bb9051-8089-4c51-a999-81579e5913f2#0:FAIL-t73] and 0 exception(s); a8ae9c07-6d89-4a49-a594-cacd4b776180@group-0E159EE4F99E:t73, leader=null, voted=a8ae9c07-6d89-4a49-a594-cacd4b776180, raftlog=a8ae9c07-6d89-4a49-a594-cacd4b776180@group-0E159EE4F99E-SegmentedRaftLog:OPENED:c-1,f-1,i0, conf=-1: [caafcba9-090a-41f5-a5f9-cba5a6a81e94:192.168.164.217:37197, a8ae9c07-6d89-4a49-a594-cacd4b776180:192.168.164.217:42719, b3bb9051-8089-4c51-a999-81579e5913f2:192.168.164.217:36516], old=null
2019-11-05 08:23:56,755 [a8ae9c07-6d89-4a49-a594-cacd4b776180@group-0E159EE4F99E-LeaderElection141] INFO  impl.RaftServerImpl (RaftServerImpl.java:setRole(184)) - a8ae9c07-6d89-4a49-a594-cacd4b776180@group-0E159EE4F99E: changes role from CANDIDATE to FOLLOWER at term 73 for DISCOVERED_A_NEW_TERM
2019-11-05 08:23:56,755 [a8ae9c07-6d89-4a49-a594-cacd4b776180@group-0E159EE4F99E-LeaderElection141] INFO  impl.RoleInfo (RoleInfo.java:shutdownLeaderElection(134)) - a8ae9c07-6d89-4a49-a594-cacd4b776180: shutdown LeaderElection
2019-11-05 08:23:56,755 [a8ae9c07-6d89-4a49-a594-cacd4b776180@group-0E159EE4F99E-LeaderElection141] INFO  impl.RoleInfo (RoleInfo.java:updateAndGet(143)) - a8ae9c07-6d89-4a49-a594-cacd4b776180: start FollowerState
2019-11-05 08:23:56,847 [Thread-1282] INFO  impl.FollowerState (FollowerState.java:run(108)) - 4a682f4f-c3f2-4b77-88b7-f0ab78890feb@group-0DB8C7688BF9-FollowerState: change to CANDIDATE, lastRpcTime:107ms, electionTimeout:107ms
2019-11-05 08:23:56,847 [Thread-1282] INFO  impl.RoleInfo (RoleInfo.java:shutdownFollowerState(121)) - 4a682f4f-c3f2-4b77-88b7-f0ab78890feb: shutdown FollowerState
2019-11-05 08:23:56,847 [Thread-1282] INFO  impl.RaftServerImpl (RaftServerImpl.java:setRole(184)) - 4a682f4f-c3f2-4b77-88b7-f0ab78890feb@group-0DB8C7688BF9: changes role from  FOLLOWER to CANDIDATE at term 67 for changeToCandidate
2019-11-05 08:23:56,847 [Thread-1282] INFO  impl.RoleInfo (RoleInfo.java:updateAndGet(143)) - 4a682f4f-c3f2-4b77-88b7-f0ab78890feb: start LeaderElection
2019-11-05 08:23:56,861 [4a682f4f-c3f2-4b77-88b7-f0ab78890feb@group-0DB8C7688BF9-LeaderElection142] INFO  impl.LeaderElection (LeaderElection.java:askForVotes(178)) - 4a682f4f-c3f2-4b77-88b7-f0ab78890feb@group-0DB8C7688BF9-LeaderElection142: begin an election at term 68 for -1: [77ab65e6-d942-49df-83a3-1d4c0bf152b3:192.168.164.217:39381, 7e1b84a9-a041-44fd-8008-f2679426984c:192.168.164.217:44149, 4a682f4f-c3f2-4b77-88b7-f0ab78890feb:192.168.164.217:34174], old=null
2019-11-05 08:23:56,863 [grpc-default-executor-4] INFO  impl.RaftServerImpl (RaftServerImpl.java:setRole(184)) - 77ab65e6-d942-49df-83a3-1d4c0bf152b3@group-0DB8C7688BF9: changes role from  FOLLOWER to FOLLOWER at term 68 for recognizeCandidate:4a682f4f-c3f2-4b77-88b7-f0ab78890feb
2019-11-05 08:23:56,863 [grpc-default-executor-5] INFO  impl.RaftServerImpl (RaftServerImpl.java:setRole(184)) - 7e1b84a9-a041-44fd-8008-f2679426984c@group-0DB8C7688BF9: changes role from  FOLLOWER to FOLLOWER at term 68 for recognizeCandidate:4a682f4f-c3f2-4b77-88b7-f0ab78890feb
2019-11-05 08:23:56,863 [grpc-default-executor-4] INFO  impl.RoleInfo (RoleInfo.java:shutdownFollowerState(121)) - 77ab65e6-d942-49df-83a3-1d4c0bf152b3: shutdown FollowerState
2019-11-05 08:23:56,864 [grpc-default-executor-5] INFO  impl.RoleInfo (RoleInfo.java:shutdownFollowerState(121)) - 7e1b84a9-a041-44fd-8008-f2679426984c: shutdown FollowerState
2019-11-05 08:23:56,864 [grpc-default-executor-4] INFO  impl.RoleInfo (RoleInfo.java:updateAndGet(143)) - 77ab65e6-d942-49df-83a3-1d4c0bf152b3: start FollowerState
2019-11-05 08:23:56,864 [Thread-1276] INFO  impl.FollowerState (FollowerState.java:run(117)) - 77ab65e6-d942-49df-83a3-1d4c0bf152b3@group-0DB8C7688BF9-FollowerState was interrupted: java.lang.InterruptedException: sleep interrupted
2019-11-05 08:23:56,864 [grpc-default-executor-5] INFO  impl.RoleInfo (RoleInfo.java:updateAndGet(143)) - 7e1b84a9-a041-44fd-8008-f2679426984c: start FollowerState
2019-11-05 08:23:56,864 [Thread-1277] INFO  impl.FollowerState (FollowerState.java:run(117)) - 7e1b84a9-a041-44fd-8008-f2679426984c@group-0DB8C7688BF9-FollowerState was interrupted: java.lang.InterruptedException: sleep interrupted
2019-11-05 08:23:56,879 [4a682f4f-c3f2-4b77-88b7-f0ab78890feb@group-0DB8C7688BF9-LeaderElection142] INFO  impl.LeaderElection (LeaderElection.java:logAndReturn(56)) - 4a682f4f-c3f2-4b77-88b7-f0ab78890feb@group-0DB8C7688BF9-LeaderElection142: Election REJECTED; received 2 response(s) [4a682f4f-c3f2-4b77-88b7-f0ab78890feb<-77ab65e6-d942-49df-83a3-1d4c0bf152b3#0:FAIL-t68, 4a682f4f-c3f2-4b77-88b7-f0ab78890feb<-7e1b84a9-a041-44fd-8008-f2679426984c#0:FAIL-t68] and 0 exception(s); 4a682f4f-c3f2-4b77-88b7-f0ab78890feb@group-0DB8C7688BF9:t68, leader=null, voted=4a682f4f-c3f2-4b77-88b7-f0ab78890feb, raftlog=4a682f4f-c3f2-4b77-88b7-f0ab78890feb@group-0DB8C7688BF9-SegmentedRaftLog:OPENED:c-1,f-1,i0, conf=-1: [77ab65e6-d942-49df-83a3-1d4c0bf152b3:192.168.164.217:39381, 7e1b84a9-a041-44fd-8008-f2679426984c:192.168.164.217:44149, 4a682f4f-c3f2-4b77-88b7-f0ab78890feb:192.168.164.217:34174], old=null
2019-11-05 08:23:56,879 [4a682f4f-c3f2-4b77-88b7-f0ab78890feb@group-0DB8C7688BF9-LeaderElection142] INFO  impl.RaftServerImpl (RaftServerImpl.java:setRole(184)) - 4a682f4f-c3f2-4b77-88b7-f0ab78890feb@group-0DB8C7688BF9: changes role from CANDIDATE to FOLLOWER at term 68 for DISCOVERED_A_NEW_TERM
2019-11-05 08:23:56,879 [4a682f4f-c3f2-4b77-88b7-f0ab78890feb@group-0DB8C7688BF9-LeaderElection142] INFO  impl.RoleInfo (RoleInfo.java:shutdownLeaderElection(134)) - 4a682f4f-c3f2-4b77-88b7-f0ab78890feb: shutdown LeaderElection
2019-11-05 08:23:56,879 [4a682f4f-c3f2-4b77-88b7-f0ab78890feb@group-0DB8C7688BF9-LeaderElection142] INFO  impl.RoleInfo (RoleInfo.java:updateAndGet(143)) - 4a682f4f-c3f2-4b77-88b7-f0ab78890feb: start FollowerState
2019-11-05 08:23:56,886 [Thread-1291] INFO  impl.FollowerState (FollowerState.java:run(108)) - 4a682f4f-c3f2-4b77-88b7-f0ab78890feb@group-0DB8C7688BF9-FollowerState: change to CANDIDATE, lastRpcTime:6ms, electionTimeout:6ms
2019-11-05 08:23:56,886 [Thread-1291] INFO  impl.RoleInfo (RoleInfo.java:shutdownFollowerState(121)) - 4a682f4f-c3f2-4b77-88b7-f0ab78890feb: shutdown FollowerState
2019-11-05 08:23:56,886 [Thread-1291] INFO  impl.RaftServerImpl (RaftServerImpl.java:setRole(184)) - 4a682f4f-c3f2-4b77-88b7-f0ab78890feb@group-0DB8C7688BF9: changes role from  FOLLOWER to CANDIDATE at term 68 for changeToCandidate
2019-11-05 08:23:56,886 [Thread-1291] INFO  impl.RoleInfo (RoleInfo.java:updateAndGet(143)) - 4a682f4f-c3f2-4b77-88b7-f0ab78890feb: start LeaderElection
2019-11-05 08:23:56,888 [Thread-1285] INFO  impl.FollowerState (FollowerState.java:run(108)) - a8ae9c07-6d89-4a49-a594-cacd4b776180@group-0E159EE4F99E-FollowerState: change to CANDIDATE, lastRpcTime:132ms, electionTimeout:132ms
2019-11-05 08:23:56,888 [Thread-1285] INFO  impl.RoleInfo (RoleInfo.java:shutdownFollowerState(121)) - a8ae9c07-6d89-4a49-a594-cacd4b776180: shutdown FollowerState
2019-11-05 08:23:56,888 [Thread-1285] INFO  impl.RaftServerImpl (RaftServerImpl.java:setRole(184)) - a8ae9c07-6d89-4a49-a594-cacd4b776180@group-0E159EE4F99E: changes role from  FOLLOWER to CANDIDATE at term 73 for changeToCandidate
2019-11-05 08:23:56,888 [Thread-1285] INFO  impl.RoleInfo (RoleInfo.java:updateAndGet(143)) - a8ae9c07-6d89-4a49-a594-cacd4b776180: start LeaderElection
2019-11-05 08:23:56,900 [4a682f4f-c3f2-4b77-88b7-f0ab78890feb@group-0DB8C7688BF9-LeaderElection143] INFO  impl.LeaderElection (LeaderElection.java:askForVotes(178)) - 4a682f4f-c3f2-4b77-88b7-f0ab78890feb@group-0DB8C7688BF9-LeaderElection143: begin an election at term 69 for -1: [77ab65e6-d942-49df-83a3-1d4c0bf152b3:192.168.164.217:39381, 7e1b84a9-a041-44fd-8008-f2679426984c:192.168.164.217:44149, 4a682f4f-c3f2-4b77-88b7-f0ab78890feb:192.168.164.217:34174], old=null
2019-11-05 08:23:56,900 [a8ae9c07-6d89-4a49-a594-cacd4b776180@group-0E159EE4F99E-LeaderElection144] INFO  impl.LeaderElection (LeaderElection.java:askForVotes(178)) - a8ae9c07-6d89-4a49-a594-cacd4b776180@group-0E159EE4F99E-LeaderElection144: begin an election at term 74 for -1: [caafcba9-090a-41f5-a5f9-cba5a6a81e94:192.168.164.217:37197, a8ae9c07-6d89-4a49-a594-cacd4b776180:192.168.164.217:42719, b3bb9051-8089-4c51-a999-81579e5913f2:192.168.164.217:36516], old=null
2019-11-05 08:23:56,902 [grpc-default-executor-4] INFO  impl.RaftServerImpl (RaftServerImpl.java:setRole(184)) - b3bb9051-8089-4c51-a999-81579e5913f2@group-0E159EE4F99E: changes role from  FOLLOWER to FOLLOWER at term 74 for recognizeCandidate:a8ae9c07-6d89-4a49-a594-cacd4b776180
2019-11-05 08:23:56,903 [grpc-default-executor-4] INFO  impl.RoleInfo (RoleInfo.java:shutdownFollowerState(121)) - b3bb9051-8089-4c51-a999-81579e5913f2: shutdown FollowerState
2019-11-05 08:23:56,902 [grpc-default-executor-5] INFO  impl.RaftServerImpl (RaftServerImpl.java:setRole(184)) - 7e1b84a9-a041-44fd-8008-f2679426984c@group-0DB8C7688BF9: changes role from  FOLLOWER to FOLLOWER at term 69 for recognizeCandidate:4a682f4f-c3f2-4b77-88b7-f0ab78890feb
2019-11-05 08:23:56,903 [grpc-default-executor-4] INFO  impl.RoleInfo (RoleInfo.java:updateAndGet(143)) - b3bb9051-8089-4c51-a999-81579e5913f2: start FollowerState
2019-11-05 08:23:56,903 [grpc-default-executor-1] INFO  impl.RaftServerImpl (RaftServerImpl.java:setRole(184)) - caafcba9-090a-41f5-a5f9-cba5a6a81e94@group-0E159EE4F99E: changes role from  FOLLOWER to FOLLOWER at term 74 for recognizeCandidate:a8ae9c07-6d89-4a49-a594-cacd4b776180
2019-11-05 08:23:56,903 [grpc-default-executor-1] INFO  impl.RoleInfo (RoleInfo.java:shutdownFollowerState(121)) - caafcba9-090a-41f5-a5f9-cba5a6a81e94: shutdown FollowerState
2019-11-05 08:23:56,903 [Thread-1284] INFO  impl.FollowerState (FollowerState.java:run(117)) - b3bb9051-8089-4c51-a999-81579e5913f2@group-0E159EE4F99E-FollowerState was interrupted: java.lang.InterruptedException: sleep interrupted
2019-11-05 08:23:56,903 [grpc-default-executor-0] INFO  impl.RaftServerImpl (RaftServerImpl.java:setRole(184)) - 77ab65e6-d942-49df-83a3-1d4c0bf152b3@group-0DB8C7688BF9: changes role from  FOLLOWER to FOLLOWER at term 69 for recognizeCandidate:4a682f4f-c3f2-4b77-88b7-f0ab78890feb
2019-11-05 08:23:56,904 [grpc-default-executor-0] INFO  impl.RoleInfo (RoleInfo.java:shutdownFollowerState(121)) - 77ab65e6-d942-49df-83a3-1d4c0bf152b3: shutdown FollowerState
2019-11-05 08:23:56,903 [grpc-default-executor-5] INFO  impl.RoleInfo (RoleInfo.java:shutdownFollowerState(121)) - 7e1b84a9-a041-44fd-8008-f2679426984c: shutdown FollowerState
2019-11-05 08:23:56,904 [Thread-1289] INFO  impl.FollowerState (FollowerState.java:run(117)) - 77ab65e6-d942-49df-83a3-1d4c0bf152b3@group-0DB8C7688BF9-FollowerState was interrupted: java.lang.InterruptedException: sleep interrupted
2019-11-05 08:23:56,904 [grpc-default-executor-0] INFO  impl.RoleInfo (RoleInfo.java:updateAndGet(143)) - 77ab65e6-d942-49df-83a3-1d4c0bf152b3: start FollowerState
2019-11-05 08:23:56,904 [Thread-1283] INFO  impl.FollowerState (FollowerState.java:run(117)) - caafcba9-090a-41f5-a5f9-cba5a6a81e94@group-0E159EE4F99E-FollowerState was interrupted: java.lang.InterruptedException: sleep interrupted
2019-11-05 08:23:56,904 [grpc-default-executor-1] INFO  impl.RoleInfo (RoleInfo.java:updateAndGet(143)) - caafcba9-090a-41f5-a5f9-cba5a6a81e94: start FollowerState
2019-11-05 08:23:56,904 [Thread-1290] INFO  impl.FollowerState (FollowerState.java:run(117)) - 7e1b84a9-a041-44fd-8008-f2679426984c@group-0DB8C7688BF9-FollowerState was interrupted: java.lang.InterruptedException: sleep interrupted
2019-11-05 08:23:56,904 [grpc-default-executor-5] INFO  impl.RoleInfo (RoleInfo.java:updateAndGet(143)) - 7e1b84a9-a041-44fd-8008-f2679426984c: start FollowerState
2019-11-05 08:23:56,917 [a8ae9c07-6d89-4a49-a594-cacd4b776180@group-0E159EE4F99E-LeaderElection144] INFO  impl.LeaderElection (LeaderElection.java:logAndReturn(56)) - a8ae9c07-6d89-4a49-a594-cacd4b776180@group-0E159EE4F99E-LeaderElection144: Election REJECTED; received 2 response(s) [a8ae9c07-6d89-4a49-a594-cacd4b776180<-caafcba9-090a-41f5-a5f9-cba5a6a81e94#0:FAIL-t74, a8ae9c07-6d89-4a49-a594-cacd4b776180<-b3bb9051-8089-4c51-a999-81579e5913f2#0:FAIL-t74] and 0 exception(s); a8ae9c07-6d89-4a49-a594-cacd4b776180@group-0E159EE4F99E:t74, leader=null, voted=a8ae9c07-6d89-4a49-a594-cacd4b776180, raftlog=a8ae9c07-6d89-4a49-a594-cacd4b776180@group-0E159EE4F99E-SegmentedRaftLog:OPENED:c-1,f-1,i0, conf=-1: [caafcba9-090a-41f5-a5f9-cba5a6a81e94:192.168.164.217:37197, a8ae9c07-6d89-4a49-a594-cacd4b776180:192.168.164.217:42719, b3bb9051-8089-4c51-a999-81579e5913f2:192.168.164.217:36516], old=null
2019-11-05 08:23:56,918 [a8ae9c07-6d89-4a49-a594-cacd4b776180@group-0E159EE4F99E-LeaderElection144] INFO  impl.RaftServerImpl (RaftServerImpl.java:setRole(184)) - a8ae9c07-6d89-4a49-a594-cacd4b776180@group-0E159EE4F99E: changes role from CANDIDATE to FOLLOWER at term 74 for DISCOVERED_A_NEW_TERM
2019-11-05 08:23:56,918 [a8ae9c07-6d89-4a49-a594-cacd4b776180@group-0E159EE4F99E-LeaderElection144] INFO  impl.RoleInfo (RoleInfo.java:shutdownLeaderElection(134)) - a8ae9c07-6d89-4a49-a594-cacd4b776180: shutdown LeaderElection
2019-11-05 08:23:56,918 [4a682f4f-c3f2-4b77-88b7-f0ab78890feb@group-0DB8C7688BF9-LeaderElection143] INFO  impl.LeaderElection (LeaderElection.java:logAndReturn(56)) - 4a682f4f-c3f2-4b77-88b7-f0ab78890feb@group-0DB8C7688BF9-LeaderElection143: Election REJECTED; received 2 response(s) [4a682f4f-c3f2-4b77-88b7-f0ab78890feb<-77ab65e6-d942-49df-83a3-1d4c0bf152b3#0:FAIL-t69, 4a682f4f-c3f2-4b77-88b7-f0ab78890feb<-7e1b84a9-a041-44fd-8008-f2679426984c#0:FAIL-t69] and 0 exception(s); 4a682f4f-c3f2-4b77-88b7-f0ab78890feb@group-0DB8C7688BF9:t69, leader=null, voted=4a682f4f-c3f2-4b77-88b7-f0ab78890feb, raftlog=4a682f4f-c3f2-4b77-88b7-f0ab78890feb@group-0DB8C7688BF9-SegmentedRaftLog:OPENED:c-1,f-1,i0, conf=-1: [77ab65e6-d942-49df-83a3-1d4c0bf152b3:192.168.164.217:39381, 7e1b84a9-a041-44fd-8008-f2679426984c:192.168.164.217:44149, 4a682f4f-c3f2-4b77-88b7-f0ab78890feb:192.168.164.217:34174], old=null
2019-11-05 08:23:56,918 [a8ae9c07-6d89-4a49-a594-cacd4b776180@group-0E159EE4F99E-LeaderElection144] INFO  impl.RoleInfo (RoleInfo.java:updateAndGet(143)) - a8ae9c07-6d89-4a49-a594-cacd4b776180: start FollowerState
2019-11-05 08:23:56,918 [4a682f4f-c3f2-4b77-88b7-f0ab78890feb@group-0DB8C7688BF9-LeaderElection143] INFO  impl.RaftServerImpl (RaftServerImpl.java:setRole(184)) - 4a682f4f-c3f2-4b77-88b7-f0ab78890feb@group-0DB8C7688BF9: changes role from CANDIDATE to FOLLOWER at term 69 for DISCOVERED_A_NEW_TERM
2019-11-05 08:23:56,918 [4a682f4f-c3f2-4b77-88b7-f0ab78890feb@group-0DB8C7688BF9-LeaderElection143] INFO  impl.RoleInfo (RoleInfo.java:shutdownLeaderElection(134)) - 4a682f4f-c3f2-4b77-88b7-f0ab78890feb: shutdown LeaderElection
2019-11-05 08:23:56,918 [4a682f4f-c3f2-4b77-88b7-f0ab78890feb@group-0DB8C7688BF9-LeaderElection143] INFO  impl.RoleInfo (RoleInfo.java:updateAndGet(143)) - 4a682f4f-c3f2-4b77-88b7-f0ab78890feb: start FollowerState
2019-11-05 08:23:57,017 [Thread-1303] INFO  impl.FollowerState (FollowerState.java:run(108)) - 4a682f4f-c3f2-4b77-88b7-f0ab78890feb@group-0DB8C7688BF9-FollowerState: change to CANDIDATE, lastRpcTime:98ms, electionTimeout:98ms
2019-11-05 08:23:57,017 [Thread-1303] INFO  impl.RoleInfo (RoleInfo.java:shutdownFollowerState(121)) - 4a682f4f-c3f2-4b77-88b7-f0ab78890feb: shutdown FollowerState
2019-11-05 08:23:57,017 [Thread-1303] INFO  impl.RaftServerImpl (RaftServerImpl.java:setRole(184)) - 4a682f4f-c3f2-4b77-88b7-f0ab78890feb@group-0DB8C7688BF9: changes role from  FOLLOWER to CANDIDATE at term 69 for changeToCandidate
2019-11-05 08:23:57,017 [Thread-1303] INFO  impl.RoleInfo (RoleInfo.java:updateAndGet(143)) - 4a682f4f-c3f2-4b77-88b7-f0ab78890feb: start LeaderElection
2019-11-05 08:23:57,032 [4a682f4f-c3f2-4b77-88b7-f0ab78890feb@group-0DB8C7688BF9-LeaderElection145] INFO  impl.LeaderElection (LeaderElection.java:askForVotes(178)) - 4a682f4f-c3f2-4b77-88b7-f0ab78890feb@group-0DB8C7688BF9-LeaderElection145: begin an election at term 70 for -1: [77ab65e6-d942-49df-83a3-1d4c0bf152b3:192.168.164.217:39381, 7e1b84a9-a041-44fd-8008-f2679426984c:192.168.164.217:44149, 4a682f4f-c3f2-4b77-88b7-f0ab78890feb:192.168.164.217:34174], old=null
2019-11-05 08:23:57,034 [grpc-default-executor-5] INFO  impl.RaftServerImpl (RaftServerImpl.java:setRole(184)) - 77ab65e6-d942-49df-83a3-1d4c0bf152b3@group-0DB8C7688BF9: changes role from  FOLLOWER to FOLLOWER at term 70 for recognizeCandidate:4a682f4f-c3f2-4b77-88b7-f0ab78890feb
2019-11-05 08:23:57,034 [grpc-default-executor-5] INFO  impl.RoleInfo (RoleInfo.java:shutdownFollowerState(121)) - 77ab65e6-d942-49df-83a3-1d4c0bf152b3: shutdown FollowerState
2019-11-05 08:23:57,034 [grpc-default-executor-5] INFO  impl.RoleInfo (RoleInfo.java:updateAndGet(143)) - 77ab65e6-d942-49df-83a3-1d4c0bf152b3: start FollowerState
2019-11-05 08:23:57,034 [grpc-default-executor-1] INFO  impl.RaftServerImpl (RaftServerImpl.java:setRole(184)) - 7e1b84a9-a041-44fd-8008-f2679426984c@group-0DB8C7688BF9: changes role from  FOLLOWER to FOLLOWER at term 70 for recognizeCandidate:4a682f4f-c3f2-4b77-88b7-f0ab78890feb
2019-11-05 08:23:57,034 [Thread-1300] INFO  impl.FollowerState (FollowerState.java:run(117)) - 77ab65e6-d942-49df-83a3-1d4c0bf152b3@group-0DB8C7688BF9-FollowerState was interrupted: java.lang.InterruptedException: sleep interrupted
2019-11-05 08:23:57,034 [grpc-default-executor-1] INFO  impl.RoleInfo (RoleInfo.java:shutdownFollowerState(121)) - 7e1b84a9-a041-44fd-8008-f2679426984c: shutdown FollowerState
2019-11-05 08:23:57,035 [grpc-default-executor-1] INFO  impl.RoleInfo (RoleInfo.java:updateAndGet(143)) - 7e1b84a9-a041-44fd-8008-f2679426984c: start FollowerState
2019-11-05 08:23:57,035 [Thread-1301] INFO  impl.FollowerState (FollowerState.java:run(117)) - 7e1b84a9-a041-44fd-8008-f2679426984c@group-0DB8C7688BF9-FollowerState was interrupted: java.lang.InterruptedException: sleep interrupted
2019-11-05 08:23:57,049 [4a682f4f-c3f2-4b77-88b7-f0ab78890feb@group-0DB8C7688BF9-LeaderElection145] INFO  impl.LeaderElection (LeaderElection.java:logAndReturn(56)) - 4a682f4f-c3f2-4b77-88b7-f0ab78890feb@group-0DB8C7688BF9-LeaderElection145: Election REJECTED; received 2 response(s) [4a682f4f-c3f2-4b77-88b7-f0ab78890feb<-77ab65e6-d942-49df-83a3-1d4c0bf152b3#0:FAIL-t70, 4a682f4f-c3f2-4b77-88b7-f0ab78890feb<-7e1b84a9-a041-44fd-8008-f2679426984c#0:FAIL-t70] and 0 exception(s); 4a682f4f-c3f2-4b77-88b7-f0ab78890feb@group-0DB8C7688BF9:t70, leader=null, voted=4a682f4f-c3f2-4b77-88b7-f0ab78890feb, raftlog=4a682f4f-c3f2-4b77-88b7-f0ab78890feb@group-0DB8C7688BF9-SegmentedRaftLog:OPENED:c-1,f-1,i0, conf=-1: [77ab65e6-d942-49df-83a3-1d4c0bf152b3:192.168.164.217:39381, 7e1b84a9-a041-44fd-8008-f2679426984c:192.168.164.217:44149, 4a682f4f-c3f2-4b77-88b7-f0ab78890feb:192.168.164.217:34174], old=null
2019-11-05 08:23:57,049 [4a682f4f-c3f2-4b77-88b7-f0ab78890feb@group-0DB8C7688BF9-LeaderElection145] INFO  impl.RaftServerImpl (RaftServerImpl.java:setRole(184)) - 4a682f4f-c3f2-4b77-88b7-f0ab78890feb@group-0DB8C7688BF9: changes role from CANDIDATE to FOLLOWER at term 70 for DISCOVERED_A_NEW_TERM
2019-11-05 08:23:57,049 [4a682f4f-c3f2-4b77-88b7-f0ab78890feb@group-0DB8C7688BF9-LeaderElection145] INFO  impl.RoleInfo (RoleInfo.java:shutdownLeaderElection(134)) - 4a682f4f-c3f2-4b77-88b7-f0ab78890feb: shutdown LeaderElection
2019-11-05 08:23:57,049 [4a682f4f-c3f2-4b77-88b7-f0ab78890feb@group-0DB8C7688BF9-LeaderElection145] INFO  impl.RoleInfo (RoleInfo.java:updateAndGet(143)) - 4a682f4f-c3f2-4b77-88b7-f0ab78890feb: start FollowerState
2019-11-05 08:23:57,055 [Thread-1302] INFO  impl.FollowerState (FollowerState.java:run(108)) - a8ae9c07-6d89-4a49-a594-cacd4b776180@group-0E159EE4F99E-FollowerState: change to CANDIDATE, lastRpcTime:137ms, electionTimeout:137ms
2019-11-05 08:23:57,055 [Thread-1302] INFO  impl.RoleInfo (RoleInfo.java:shutdownFollowerState(121)) - a8ae9c07-6d89-4a49-a594-cacd4b776180: shutdown FollowerState
2019-11-05 08:23:57,056 [Thread-1302] INFO  impl.RaftServerImpl (RaftServerImpl.java:setRole(184)) - a8ae9c07-6d89-4a49-a594-cacd4b776180@group-0E159EE4F99E: changes role from  FOLLOWER to CANDIDATE at term 74 for changeToCandidate
2019-11-05 08:23:57,056 [Thread-1302] INFO  impl.RoleInfo (RoleInfo.java:updateAndGet(143)) - a8ae9c07-6d89-4a49-a594-cacd4b776180: start LeaderElection
2019-11-05 08:23:57,070 [a8ae9c07-6d89-4a49-a594-cacd4b776180@group-0E159EE4F99E-LeaderElection146] INFO  impl.LeaderElection (LeaderElection.java:askForVotes(178)) - a8ae9c07-6d89-4a49-a594-cacd4b776180@group-0E159EE4F99E-LeaderElection146: begin an election at term 75 for -1: [caafcba9-090a-41f5-a5f9-cba5a6a81e94:192.168.164.217:37197, a8ae9c07-6d89-4a49-a594-cacd4b776180:192.168.164.217:42719, b3bb9051-8089-4c51-a999-81579e5913f2:192.168.164.217:36516], old=null
2019-11-05 08:23:57,072 [grpc-default-executor-1] INFO  impl.RaftServerImpl (RaftServerImpl.java:setRole(184)) - caafcba9-090a-41f5-a5f9-cba5a6a81e94@group-0E159EE4F99E: changes role from  FOLLOWER to FOLLOWER at term 75 for recognizeCandidate:a8ae9c07-6d89-4a49-a594-cacd4b776180
2019-11-05 08:23:57,072 [grpc-default-executor-1] INFO  impl.RoleInfo (RoleInfo.java:shutdownFollowerState(121)) - caafcba9-090a-41f5-a5f9-cba5a6a81e94: shutdown FollowerState
2019-11-05 08:23:57,072 [grpc-default-executor-5] INFO  impl.RaftServerImpl (RaftServerImpl.java:setRole(184)) - b3bb9051-8089-4c51-a999-81579e5913f2@group-0E159EE4F99E: changes role from  FOLLOWER to FOLLOWER at term 75 for recognizeCandidate:a8ae9c07-6d89-4a49-a594-cacd4b776180
2019-11-05 08:23:57,072 [grpc-default-executor-5] INFO  impl.RoleInfo (RoleInfo.java:shutdownFollowerState(121)) - b3bb9051-8089-4c51-a999-81579e5913f2: shutdown FollowerState
2019-11-05 08:23:57,072 [Thread-1299] INFO  impl.FollowerState (FollowerState.java:run(117)) - caafcba9-090a-41f5-a5f9-cba5a6a81e94@group-0E159EE4F99E-FollowerState was interrupted: java.lang.InterruptedException: sleep interrupted
2019-11-05 08:23:57,073 [Thread-1298] INFO  impl.FollowerState (FollowerState.java:run(117)) - b3bb9051-8089-4c51-a999-81579e5913f2@group-0E159EE4F99E-FollowerState was interrupted: java.lang.InterruptedException: sleep interrupted
2019-11-05 08:23:57,072 [grpc-default-executor-1] INFO  impl.RoleInfo (RoleInfo.java:updateAndGet(143)) - caafcba9-090a-41f5-a5f9-cba5a6a81e94: start FollowerState
2019-11-05 08:23:57,072 [grpc-default-executor-5] INFO  impl.RoleInfo (RoleInfo.java:updateAndGet(143)) - b3bb9051-8089-4c51-a999-81579e5913f2: start FollowerState
2019-11-05 08:23:57,087 [a8ae9c07-6d89-4a49-a594-cacd4b776180@group-0E159EE4F99E-LeaderElection146] INFO  impl.LeaderElection (LeaderElection.java:logAndReturn(56)) - a8ae9c07-6d89-4a49-a594-cacd4b776180@group-0E159EE4F99E-LeaderElection146: Election REJECTED; received 2 response(s) [a8ae9c07-6d89-4a49-a594-cacd4b776180<-caafcba9-090a-41f5-a5f9-cba5a6a81e94#0:FAIL-t75, a8ae9c07-6d89-4a49-a594-cacd4b776180<-b3bb9051-8089-4c51-a999-81579e5913f2#0:FAIL-t75] and 0 exception(s); a8ae9c07-6d89-4a49-a594-cacd4b776180@group-0E159EE4F99E:t75, leader=null, voted=a8ae9c07-6d89-4a49-a594-cacd4b776180, raftlog=a8ae9c07-6d89-4a49-a594-cacd4b776180@group-0E159EE4F99E-SegmentedRaftLog:OPENED:c-1,f-1,i0, conf=-1: [caafcba9-090a-41f5-a5f9-cba5a6a81e94:192.168.164.217:37197, a8ae9c07-6d89-4a49-a594-cacd4b776180:192.168.164.217:42719, b3bb9051-8089-4c51-a999-81579e5913f2:192.168.164.217:36516], old=null
2019-11-05 08:23:57,088 [a8ae9c07-6d89-4a49-a594-cacd4b776180@group-0E159EE4F99E-LeaderElection146] INFO  impl.RaftServerImpl (RaftServerImpl.java:setRole(184)) - a8ae9c07-6d89-4a49-a594-cacd4b776180@group-0E159EE4F99E: changes role from CANDIDATE to FOLLOWER at term 75 for DISCOVERED_A_NEW_TERM
2019-11-05 08:23:57,088 [a8ae9c07-6d89-4a49-a594-cacd4b776180@group-0E159EE4F99E-LeaderElection146] INFO  impl.RoleInfo (RoleInfo.java:shutdownLeaderElection(134)) - a8ae9c07-6d89-4a49-a594-cacd4b776180: shutdown LeaderElection
2019-11-05 08:23:57,088 [a8ae9c07-6d89-4a49-a594-cacd4b776180@group-0E159EE4F99E-LeaderElection146] INFO  impl.RoleInfo (RoleInfo.java:updateAndGet(143)) - a8ae9c07-6d89-4a49-a594-cacd4b776180: start FollowerState
2019-11-05 08:23:57,100 [Thread-1316] INFO  impl.FollowerState (FollowerState.java:run(108)) - a8ae9c07-6d89-4a49-a594-cacd4b776180@group-0E159EE4F99E-FollowerState: change to CANDIDATE, lastRpcTime:12ms, electionTimeout:12ms
2019-11-05 08:23:57,100 [Thread-1316] INFO  impl.RoleInfo (RoleInfo.java:shutdownFollowerState(121)) - a8ae9c07-6d89-4a49-a594-cacd4b776180: shutdown FollowerState
2019-11-05 08:23:57,100 [Thread-1316] INFO  impl.RaftServerImpl (RaftServerImpl.java:setRole(184)) - a8ae9c07-6d89-4a49-a594-cacd4b776180@group-0E159EE4F99E: changes role from  FOLLOWER to CANDIDATE at term 75 for changeToCandidate
2019-11-05 08:23:57,101 [Thread-1316] INFO  impl.RoleInfo (RoleInfo.java:updateAndGet(143)) - a8ae9c07-6d89-4a49-a594-cacd4b776180: start LeaderElection
2019-11-05 08:23:57,103 [Thread-1309] INFO  impl.FollowerState (FollowerState.java:run(108)) - 4a682f4f-c3f2-4b77-88b7-f0ab78890feb@group-0DB8C7688BF9-FollowerState: change to CANDIDATE, lastRpcTime:53ms, electionTimeout:53ms
2019-11-05 08:23:57,103 [Thread-1309] INFO  impl.RoleInfo (RoleInfo.java:shutdownFollowerState(121)) - 4a682f4f-c3f2-4b77-88b7-f0ab78890feb: shutdown FollowerState
2019-11-05 08:23:57,103 [Thread-1309] INFO  impl.RaftServerImpl (RaftServerImpl.java:setRole(184)) - 4a682f4f-c3f2-4b77-88b7-f0ab78890feb@group-0DB8C7688BF9: changes role from  FOLLOWER to CANDIDATE at term 70 for changeToCandidate
2019-11-05 08:23:57,103 [Thread-1309] INFO  impl.RoleInfo (RoleInfo.java:updateAndGet(143)) - 4a682f4f-c3f2-4b77-88b7-f0ab78890feb: start LeaderElection
2019-11-05 08:23:57,114 [a8ae9c07-6d89-4a49-a594-cacd4b776180@group-0E159EE4F99E-LeaderElection147] INFO  impl.LeaderElection (LeaderElection.java:askForVotes(178)) - a8ae9c07-6d89-4a49-a594-cacd4b776180@group-0E159EE4F99E-LeaderElection147: begin an election at term 76 for -1: [caafcba9-090a-41f5-a5f9-cba5a6a81e94:192.168.164.217:37197, a8ae9c07-6d89-4a49-a594-cacd4b776180:192.168.164.217:42719, b3bb9051-8089-4c51-a999-81579e5913f2:192.168.164.217:36516], old=null
2019-11-05 08:23:57,114 [4a682f4f-c3f2-4b77-88b7-f0ab78890feb@group-0DB8C7688BF9-LeaderElection148] INFO  impl.LeaderElection (LeaderElection.java:askForVotes(178)) - 4a682f4f-c3f2-4b77-88b7-f0ab78890feb@group-0DB8C7688BF9-LeaderElection148: begin an election at term 71 for -1: [77ab65e6-d942-49df-83a3-1d4c0bf152b3:192.168.164.217:39381, 7e1b84a9-a041-44fd-8008-f2679426984c:192.168.164.217:44149, 4a682f4f-c3f2-4b77-88b7-f0ab78890feb:192.168.164.217:34174], old=null
2019-11-05 08:23:57,116 [grpc-default-executor-1] INFO  impl.RaftServerImpl (RaftServerImpl.java:setRole(184)) - caafcba9-090a-41f5-a5f9-cba5a6a81e94@group-0E159EE4F99E: changes role from  FOLLOWER to FOLLOWER at term 76 for recognizeCandidate:a8ae9c07-6d89-4a49-a594-cacd4b776180
2019-11-05 08:23:57,116 [grpc-default-executor-1] INFO  impl.RoleInfo (RoleInfo.java:shutdownFollowerState(121)) - caafcba9-090a-41f5-a5f9-cba5a6a81e94: shutdown FollowerState
2019-11-05 08:23:57,116 [grpc-default-executor-1] INFO  impl.RoleInfo (RoleInfo.java:updateAndGet(143)) - caafcba9-090a-41f5-a5f9-cba5a6a81e94: start FollowerState
2019-11-05 08:23:57,116 [Thread-1314] INFO  impl.FollowerState (FollowerState.java:run(117)) - caafcba9-090a-41f5-a5f9-cba5a6a81e94@group-0E159EE4F99E-FollowerState was interrupted: java.lang.InterruptedException: sleep interrupted
2019-11-05 08:23:57,117 [grpc-default-executor-5] INFO  impl.RaftServerImpl (RaftServerImpl.java:setRole(184)) - b3bb9051-8089-4c51-a999-81579e5913f2@group-0E159EE4F99E: changes role from  FOLLOWER to FOLLOWER at term 76 for recognizeCandidate:a8ae9c07-6d89-4a49-a594-cacd4b776180
2019-11-05 08:23:57,117 [grpc-default-executor-5] INFO  impl.RoleInfo (RoleInfo.java:shutdownFollowerState(121)) - b3bb9051-8089-4c51-a999-81579e5913f2: shutdown FollowerState
2019-11-05 08:23:57,117 [grpc-default-executor-0] INFO  impl.RaftServerImpl (RaftServerImpl.java:setRole(184)) - 77ab65e6-d942-49df-83a3-1d4c0bf152b3@group-0DB8C7688BF9: changes role from  FOLLOWER to FOLLOWER at term 71 for recognizeCandidate:4a682f4f-c3f2-4b77-88b7-f0ab78890feb
2019-11-05 08:23:57,117 [Thread-1315] INFO  impl.FollowerState (FollowerState.java:run(117)) - b3bb9051-8089-4c51-a999-81579e5913f2@group-0E159EE4F99E-FollowerState was interrupted: java.lang.InterruptedException: sleep interrupted
2019-11-05 08:23:57,117 [grpc-default-executor-5] INFO  impl.RoleInfo (RoleInfo.java:updateAndGet(143)) - b3bb9051-8089-4c51-a999-81579e5913f2: start FollowerState
2019-11-05 08:23:57,117 [grpc-default-executor-4] INFO  impl.RaftServerImpl (RaftServerImpl.java:setRole(184)) - 7e1b84a9-a041-44fd-8008-f2679426984c@group-0DB8C7688BF9: changes role from  FOLLOWER to FOLLOWER at term 71 for recognizeCandidate:4a682f4f-c3f2-4b77-88b7-f0ab78890feb
2019-11-05 08:23:57,118 [grpc-default-executor-4] INFO  impl.RoleInfo (RoleInfo.java:shutdownFollowerState(121)) - 7e1b84a9-a041-44fd-8008-f2679426984c: shutdown FollowerState
2019-11-05 08:23:57,117 [grpc-default-executor-0] INFO  impl.RoleInfo (RoleInfo.java:shutdownFollowerState(121)) - 77ab65e6-d942-49df-83a3-1d4c0bf152b3: shutdown FollowerState
2019-11-05 08:23:57,118 [Thread-1308] INFO  impl.FollowerState (FollowerState.java:run(117)) - 7e1b84a9-a041-44fd-8008-f2679426984c@group-0DB8C7688BF9-FollowerState was interrupted: java.lang.InterruptedException: sleep interrupted
2019-11-05 08:23:57,118 [grpc-default-executor-4] INFO  impl.RoleInfo (RoleInfo.java:updateAndGet(143)) - 7e1b84a9-a041-44fd-8008-f2679426984c: start FollowerState
2019-11-05 08:23:57,118 [Thread-1307] INFO  impl.FollowerState (FollowerState.java:run(117)) - 77ab65e6-d942-49df-83a3-1d4c0bf152b3@group-0DB8C7688BF9-FollowerState was interrupted: java.lang.InterruptedException: sleep interrupted
2019-11-05 08:23:57,118 [grpc-default-executor-0] INFO  impl.RoleInfo (RoleInfo.java:updateAndGet(143)) - 77ab65e6-d942-49df-83a3-1d4c0bf152b3: start FollowerState
2019-11-05 08:23:57,131 [a8ae9c07-6d89-4a49-a594-cacd4b776180@group-0E159EE4F99E-LeaderElection147] INFO  impl.LeaderElection (LeaderElection.java:logAndReturn(56)) - a8ae9c07-6d89-4a49-a594-cacd4b776180@group-0E159EE4F99E-LeaderElection147: Election REJECTED; received 2 response(s) [a8ae9c07-6d89-4a49-a594-cacd4b776180<-caafcba9-090a-41f5-a5f9-cba5a6a81e94#0:FAIL-t76, a8ae9c07-6d89-4a49-a594-cacd4b776180<-b3bb9051-8089-4c51-a999-81579e5913f2#0:FAIL-t76] and 0 exception(s); a8ae9c07-6d89-4a49-a594-cacd4b776180@group-0E159EE4F99E:t76, leader=null, voted=a8ae9c07-6d89-4a49-a594-cacd4b776180, raftlog=a8ae9c07-6d89-4a49-a594-cacd4b776180@group-0E159EE4F99E-SegmentedRaftLog:OPENED:c-1,f-1,i0, conf=-1: [caafcba9-090a-41f5-a5f9-cba5a6a81e94:192.168.164.217:37197, a8ae9c07-6d89-4a49-a594-cacd4b776180:192.168.164.217:42719, b3bb9051-8089-4c51-a999-81579e5913f2:192.168.164.217:36516], old=null
2019-11-05 08:23:57,131 [4a682f4f-c3f2-4b77-88b7-f0ab78890feb@group-0DB8C7688BF9-LeaderElection148] INFO  impl.LeaderElection (LeaderElection.java:logAndReturn(56)) - 4a682f4f-c3f2-4b77-88b7-f0ab78890feb@group-0DB8C7688BF9-LeaderElection148: Election REJECTED; received 2 response(s) [4a682f4f-c3f2-4b77-88b7-f0ab78890feb<-77ab65e6-d942-49df-83a3-1d4c0bf152b3#0:FAIL-t71, 4a682f4f-c3f2-4b77-88b7-f0ab78890feb<-7e1b84a9-a041-44fd-8008-f2679426984c#0:FAIL-t71] and 0 exception(s); 4a682f4f-c3f2-4b77-88b7-f0ab78890feb@group-0DB8C7688BF9:t71, leader=null, voted=4a682f4f-c3f2-4b77-88b7-f0ab78890feb, raftlog=4a682f4f-c3f2-4b77-88b7-f0ab78890feb@group-0DB8C7688BF9-SegmentedRaftLog:OPENED:c-1,f-1,i0, conf=-1: [77ab65e6-d942-49df-83a3-1d4c0bf152b3:192.168.164.217:39381, 7e1b84a9-a041-44fd-8008-f2679426984c:192.168.164.217:44149, 4a682f4f-c3f2-4b77-88b7-f0ab78890feb:192.168.164.217:34174], old=null
2019-11-05 08:23:57,131 [a8ae9c07-6d89-4a49-a594-cacd4b776180@group-0E159EE4F99E-LeaderElection147] INFO  impl.RaftServerImpl (RaftServerImpl.java:setRole(184)) - a8ae9c07-6d89-4a49-a594-cacd4b776180@group-0E159EE4F99E: changes role from CANDIDATE to FOLLOWER at term 76 for DISCOVERED_A_NEW_TERM
2019-11-05 08:23:57,131 [4a682f4f-c3f2-4b77-88b7-f0ab78890feb@group-0DB8C7688BF9-LeaderElection148] INFO  impl.RaftServerImpl (RaftServerImpl.java:setRole(184)) - 4a682f4f-c3f2-4b77-88b7-f0ab78890feb@group-0DB8C7688BF9: changes role from CANDIDATE to FOLLOWER at term 71 for DISCOVERED_A_NEW_TERM
2019-11-05 08:23:57,131 [a8ae9c07-6d89-4a49-a594-cacd4b776180@group-0E159EE4F99E-LeaderElection147] INFO  impl.RoleInfo (RoleInfo.java:shutdownLeaderElection(134)) - a8ae9c07-6d89-4a49-a594-cacd4b776180: shutdown LeaderElection
2019-11-05 08:23:57,132 [4a682f4f-c3f2-4b77-88b7-f0ab78890feb@group-0DB8C7688BF9-LeaderElection148] INFO  impl.RoleInfo (RoleInfo.java:shutdownLeaderElection(134)) - 4a682f4f-c3f2-4b77-88b7-f0ab78890feb: shutdown LeaderElection
2019-11-05 08:23:57,132 [a8ae9c07-6d89-4a49-a594-cacd4b776180@group-0E159EE4F99E-LeaderElection147] INFO  impl.RoleInfo (RoleInfo.java:updateAndGet(143)) - a8ae9c07-6d89-4a49-a594-cacd4b776180: start FollowerState
2019-11-05 08:23:57,132 [4a682f4f-c3f2-4b77-88b7-f0ab78890feb@group-0DB8C7688BF9-LeaderElection148] INFO  impl.RoleInfo (RoleInfo.java:updateAndGet(143)) - 4a682f4f-c3f2-4b77-88b7-f0ab78890feb: start FollowerState
2019-11-05 08:23:57,159 [Thread-1328] INFO  impl.FollowerState (FollowerState.java:run(108)) - a8ae9c07-6d89-4a49-a594-cacd4b776180@group-0E159EE4F99E-FollowerState: change to CANDIDATE, lastRpcTime:27ms, electionTimeout:27ms
2019-11-05 08:23:57,159 [Thread-1328] INFO  impl.RoleInfo (RoleInfo.java:shutdownFollowerState(121)) - a8ae9c07-6d89-4a49-a594-cacd4b776180: shutdown FollowerState
2019-11-05 08:23:57,159 [Thread-1328] INFO  impl.RaftServerImpl (RaftServerImpl.java:setRole(184)) - a8ae9c07-6d89-4a49-a594-cacd4b776180@group-0E159EE4F99E: changes role from  FOLLOWER to CANDIDATE at term 76 for changeToCandidate
2019-11-05 08:23:57,159 [Thread-1328] INFO  impl.RoleInfo (RoleInfo.java:updateAndGet(143)) - a8ae9c07-6d89-4a49-a594-cacd4b776180: start LeaderElection
2019-11-05 08:23:57,173 [a8ae9c07-6d89-4a49-a594-cacd4b776180@group-0E159EE4F99E-LeaderElection149] INFO  impl.LeaderElection (LeaderElection.java:askForVotes(178)) - a8ae9c07-6d89-4a49-a594-cacd4b776180@group-0E159EE4F99E-LeaderElection149: begin an election at term 77 for -1: [caafcba9-090a-41f5-a5f9-cba5a6a81e94:192.168.164.217:37197, a8ae9c07-6d89-4a49-a594-cacd4b776180:192.168.164.217:42719, b3bb9051-8089-4c51-a999-81579e5913f2:192.168.164.217:36516], old=null
2019-11-05 08:23:57,175 [grpc-default-executor-0] INFO  impl.RaftServerImpl (RaftServerImpl.java:setRole(184)) - caafcba9-090a-41f5-a5f9-cba5a6a81e94@group-0E159EE4F99E: changes role from  FOLLOWER to FOLLOWER at term 77 for recognizeCandidate:a8ae9c07-6d89-4a49-a594-cacd4b776180
2019-11-05 08:23:57,175 [grpc-default-executor-0] INFO  impl.RoleInfo (RoleInfo.java:shutdownFollowerState(121)) - caafcba9-090a-41f5-a5f9-cba5a6a81e94: shutdown FollowerState
2019-11-05 08:23:57,175 [grpc-default-executor-5] INFO  impl.RaftServerImpl (RaftServerImpl.java:setRole(184)) - b3bb9051-8089-4c51-a999-81579e5913f2@group-0E159EE4F99E: changes role from  FOLLOWER to FOLLOWER at term 77 for recognizeCandidate:a8ae9c07-6d89-4a49-a594-cacd4b776180
2019-11-05 08:23:57,175 [grpc-default-executor-5] INFO  impl.RoleInfo (RoleInfo.java:shutdownFollowerState(121)) - b3bb9051-8089-4c51-a999-81579e5913f2: shutdown FollowerState
2019-11-05 08:23:57,175 [Thread-1324] INFO  impl.FollowerState (FollowerState.java:run(117)) - caafcba9-090a-41f5-a5f9-cba5a6a81e94@group-0E159EE4F99E-FollowerState was interrupted: java.lang.InterruptedException: sleep interrupted
2019-11-05 08:23:57,175 [grpc-default-executor-0] INFO  impl.RoleInfo (RoleInfo.java:updateAndGet(143)) - caafcba9-090a-41f5-a5f9-cba5a6a81e94: start FollowerState
2019-11-05 08:23:57,175 [Thread-1325] INFO  impl.FollowerState (FollowerState.java:run(117)) - b3bb9051-8089-4c51-a999-81579e5913f2@group-0E159EE4F99E-FollowerState was interrupted: java.lang.InterruptedException: sleep interrupted
2019-11-05 08:23:57,175 [grpc-default-executor-5] INFO  impl.RoleInfo (RoleInfo.java:updateAndGet(143)) - b3bb9051-8089-4c51-a999-81579e5913f2: start FollowerState
2019-11-05 08:23:57,196 [a8ae9c07-6d89-4a49-a594-cacd4b776180@group-0E159EE4F99E-LeaderElection149] INFO  impl.LeaderElection (LeaderElection.java:logAndReturn(56)) - a8ae9c07-6d89-4a49-a594-cacd4b776180@group-0E159EE4F99E-LeaderElection149: Election REJECTED; received 2 response(s) [a8ae9c07-6d89-4a49-a594-cacd4b776180<-caafcba9-090a-41f5-a5f9-cba5a6a81e94#0:FAIL-t77, a8ae9c07-6d89-4a49-a594-cacd4b776180<-b3bb9051-8089-4c51-a999-81579e5913f2#0:FAIL-t77] and 0 exception(s); a8ae9c07-6d89-4a49-a594-cacd4b776180@group-0E159EE4F99E:t77, leader=null, voted=a8ae9c07-6d89-4a49-a594-cacd4b776180, raftlog=a8ae9c07-6d89-4a49-a594-cacd4b776180@group-0E159EE4F99E-SegmentedRaftLog:OPENED:c-1,f-1,i0, conf=-1: [caafcba9-090a-41f5-a5f9-cba5a6a81e94:192.168.164.217:37197, a8ae9c07-6d89-4a49-a594-cacd4b776180:192.168.164.217:42719, b3bb9051-8089-4c51-a999-81579e5913f2:192.168.164.217:36516], old=null
2019-11-05 08:23:57,196 [a8ae9c07-6d89-4a49-a594-cacd4b776180@group-0E159EE4F99E-LeaderElection149] INFO  impl.RaftServerImpl (RaftServerImpl.java:setRole(184)) - a8ae9c07-6d89-4a49-a594-cacd4b776180@group-0E159EE4F99E: changes role from CANDIDATE to FOLLOWER at term 77 for DISCOVERED_A_NEW_TERM
2019-11-05 08:23:57,196 [a8ae9c07-6d89-4a49-a594-cacd4b776180@group-0E159EE4F99E-LeaderElection149] INFO  impl.RoleInfo (RoleInfo.java:shutdownLeaderElection(134)) - a8ae9c07-6d89-4a49-a594-cacd4b776180: shutdown LeaderElection
2019-11-05 08:23:57,196 [a8ae9c07-6d89-4a49-a594-cacd4b776180@group-0E159EE4F99E-LeaderElection149] INFO  impl.RoleInfo (RoleInfo.java:updateAndGet(143)) - a8ae9c07-6d89-4a49-a594-cacd4b776180: start FollowerState
2019-11-05 08:23:57,260 [Thread-1329] INFO  impl.FollowerState (FollowerState.java:run(108)) - 4a682f4f-c3f2-4b77-88b7-f0ab78890feb@group-0DB8C7688BF9-FollowerState: change to CANDIDATE, lastRpcTime:128ms, electionTimeout:128ms
2019-11-05 08:23:57,260 [Thread-1329] INFO  impl.RoleInfo (RoleInfo.java:shutdownFollowerState(121)) - 4a682f4f-c3f2-4b77-88b7-f0ab78890feb: shutdown FollowerState
2019-11-05 08:23:57,261 [Thread-1329] INFO  impl.RaftServerImpl (RaftServerImpl.java:setRole(184)) - 4a682f4f-c3f2-4b77-88b7-f0ab78890feb@group-0DB8C7688BF9: changes role from  FOLLOWER to CANDIDATE at term 71 for changeToCandidate
2019-11-05 08:23:57,261 [Thread-1329] INFO  impl.RoleInfo (RoleInfo.java:updateAndGet(143)) - 4a682f4f-c3f2-4b77-88b7-f0ab78890feb: start LeaderElection
2019-11-05 08:23:57,275 [4a682f4f-c3f2-4b77-88b7-f0ab78890feb@group-0DB8C7688BF9-LeaderElection150] INFO  impl.LeaderElection (LeaderElection.java:askForVotes(178)) - 4a682f4f-c3f2-4b77-88b7-f0ab78890feb@group-0DB8C7688BF9-LeaderElection150: begin an election at term 72 for -1: [77ab65e6-d942-49df-83a3-1d4c0bf152b3:192.168.164.217:39381, 7e1b84a9-a041-44fd-8008-f2679426984c:192.168.164.217:44149, 4a682f4f-c3f2-4b77-88b7-f0ab78890feb:192.168.164.217:34174], old=null
2019-11-05 08:23:57,276 [grpc-default-executor-0] INFO  impl.RaftServerImpl (RaftServerImpl.java:setRole(184)) - 77ab65e6-d942-49df-83a3-1d4c0bf152b3@group-0DB8C7688BF9: changes role from  FOLLOWER to FOLLOWER at term 72 for recognizeCandidate:4a682f4f-c3f2-4b77-88b7-f0ab78890feb
2019-11-05 08:23:57,276 [grpc-default-executor-5] INFO  impl.RaftServerImpl (RaftServerImpl.java:setRole(184)) - 7e1b84a9-a041-44fd-8008-f2679426984c@group-0DB8C7688BF9: changes role from  FOLLOWER to FOLLOWER at term 72 for recognizeCandidate:4a682f4f-c3f2-4b77-88b7-f0ab78890feb
2019-11-05 08:23:57,277 [grpc-default-executor-5] INFO  impl.RoleInfo (RoleInfo.java:shutdownFollowerState(121)) - 7e1b84a9-a041-44fd-8008-f2679426984c: shutdown FollowerState
2019-11-05 08:23:57,276 [grpc-default-executor-0] INFO  impl.RoleInfo (RoleInfo.java:shutdownFollowerState(121)) - 77ab65e6-d942-49df-83a3-1d4c0bf152b3: shutdown FollowerState
2019-11-05 08:23:57,277 [Thread-1326] INFO  impl.FollowerState (FollowerState.java:run(117)) - 7e1b84a9-a041-44fd-8008-f2679426984c@group-0DB8C7688BF9-FollowerState was interrupted: java.lang.InterruptedException: sleep interrupted
2019-11-05 08:23:57,277 [grpc-default-executor-5] INFO  impl.RoleInfo (RoleInfo.java:updateAndGet(143)) - 7e1b84a9-a041-44fd-8008-f2679426984c: start FollowerState
2019-11-05 08:23:57,277 [grpc-default-executor-0] INFO  impl.RoleInfo (RoleInfo.java:updateAndGet(143)) - 77ab65e6-d942-49df-83a3-1d4c0bf152b3: start FollowerState
2019-11-05 08:23:57,277 [Thread-1327] INFO  impl.FollowerState (FollowerState.java:run(117)) - 77ab65e6-d942-49df-83a3-1d4c0bf152b3@group-0DB8C7688BF9-FollowerState was interrupted: java.lang.InterruptedException: sleep interrupted
2019-11-05 08:23:57,291 [4a682f4f-c3f2-4b77-88b7-f0ab78890feb@group-0DB8C7688BF9-LeaderElection150] INFO  impl.LeaderElection (LeaderElection.java:logAndReturn(56)) - 4a682f4f-c3f2-4b77-88b7-f0ab78890feb@group-0DB8C7688BF9-LeaderElection150: Election REJECTED; received 2 response(s) [4a682f4f-c3f2-4b77-88b7-f0ab78890feb<-77ab65e6-d942-49df-83a3-1d4c0bf152b3#0:FAIL-t72, 4a682f4f-c3f2-4b77-88b7-f0ab78890feb<-7e1b84a9-a041-44fd-8008-f2679426984c#0:FAIL-t72] and 0 exception(s); 4a682f4f-c3f2-4b77-88b7-f0ab78890feb@group-0DB8C7688BF9:t72, leader=null, voted=4a682f4f-c3f2-4b77-88b7-f0ab78890feb, raftlog=4a682f4f-c3f2-4b77-88b7-f0ab78890feb@group-0DB8C7688BF9-SegmentedRaftLog:OPENED:c-1,f-1,i0, conf=-1: [77ab65e6-d942-49df-83a3-1d4c0bf152b3:192.168.164.217:39381, 7e1b84a9-a041-44fd-8008-f2679426984c:192.168.164.217:44149, 4a682f4f-c3f2-4b77-88b7-f0ab78890feb:192.168.164.217:34174], old=null
2019-11-05 08:23:57,291 [4a682f4f-c3f2-4b77-88b7-f0ab78890feb@group-0DB8C7688BF9-LeaderElection150] INFO  impl.RaftServerImpl (RaftServerImpl.java:setRole(184)) - 4a682f4f-c3f2-4b77-88b7-f0ab78890feb@group-0DB8C7688BF9: changes role from CANDIDATE to FOLLOWER at term 72 for DISCOVERED_A_NEW_TERM
2019-11-05 08:23:57,291 [4a682f4f-c3f2-4b77-88b7-f0ab78890feb@group-0DB8C7688BF9-LeaderElection150] INFO  impl.RoleInfo (RoleInfo.java:shutdownLeaderElection(134)) - 4a682f4f-c3f2-4b77-88b7-f0ab78890feb: shutdown LeaderElection
2019-11-05 08:23:57,291 [4a682f4f-c3f2-4b77-88b7-f0ab78890feb@group-0DB8C7688BF9-LeaderElection150] INFO  impl.RoleInfo (RoleInfo.java:updateAndGet(143)) - 4a682f4f-c3f2-4b77-88b7-f0ab78890feb: start FollowerState
2019-11-05 08:23:57,316 [Thread-1341] INFO  impl.FollowerState (FollowerState.java:run(108)) - 4a682f4f-c3f2-4b77-88b7-f0ab78890feb@group-0DB8C7688BF9-FollowerState: change to CANDIDATE, lastRpcTime:25ms, electionTimeout:25ms
2019-11-05 08:23:57,317 [Thread-1341] INFO  impl.RoleInfo (RoleInfo.java:shutdownFollowerState(121)) - 4a682f4f-c3f2-4b77-88b7-f0ab78890feb: shutdown FollowerState
2019-11-05 08:23:57,317 [Thread-1341] INFO  impl.RaftServerImpl (RaftServerImpl.java:setRole(184)) - 4a682f4f-c3f2-4b77-88b7-f0ab78890feb@group-0DB8C7688BF9: changes role from  FOLLOWER to CANDIDATE at term 72 for changeToCandidate
2019-11-05 08:23:57,317 [Thread-1341] INFO  impl.RoleInfo (RoleInfo.java:updateAndGet(143)) - 4a682f4f-c3f2-4b77-88b7-f0ab78890feb: start LeaderElection
2019-11-05 08:23:57,331 [4a682f4f-c3f2-4b77-88b7-f0ab78890feb@group-0DB8C7688BF9-LeaderElection151] INFO  impl.LeaderElection (LeaderElection.java:askForVotes(178)) - 4a682f4f-c3f2-4b77-88b7-f0ab78890feb@group-0DB8C7688BF9-LeaderElection151: begin an election at term 73 for -1: [77ab65e6-d942-49df-83a3-1d4c0bf152b3:192.168.164.217:39381, 7e1b84a9-a041-44fd-8008-f2679426984c:192.168.164.217:44149, 4a682f4f-c3f2-4b77-88b7-f0ab78890feb:192.168.164.217:34174], old=null
2019-11-05 08:23:57,332 [grpc-default-executor-0] INFO  impl.RaftServerImpl (RaftServerImpl.java:setRole(184)) - 77ab65e6-d942-49df-83a3-1d4c0bf152b3@group-0DB8C7688BF9: changes role from  FOLLOWER to FOLLOWER at term 73 for recognizeCandidate:4a682f4f-c3f2-4b77-88b7-f0ab78890feb
2019-11-05 08:23:57,333 [grpc-default-executor-0] INFO  impl.RoleInfo (RoleInfo.java:shutdownFollowerState(121)) - 77ab65e6-d942-49df-83a3-1d4c0bf152b3: shutdown FollowerState
2019-11-05 08:23:57,333 [grpc-default-executor-5] INFO  impl.RaftServerImpl (RaftServerImpl.java:setRole(184)) - 7e1b84a9-a041-44fd-8008-f2679426984c@group-0DB8C7688BF9: changes role from  FOLLOWER to FOLLOWER at term 73 for recognizeCandidate:4a682f4f-c3f2-4b77-88b7-f0ab78890feb
2019-11-05 08:23:57,333 [grpc-default-executor-5] INFO  impl.RoleInfo (RoleInfo.java:shutdownFollowerState(121)) - 7e1b84a9-a041-44fd-8008-f2679426984c: shutdown FollowerState
2019-11-05 08:23:57,333 [Thread-1340] INFO  impl.FollowerState (FollowerState.java:run(117)) - 77ab65e6-d942-49df-83a3-1d4c0bf152b3@group-0DB8C7688BF9-FollowerState was interrupted: java.lang.InterruptedException: sleep interrupted
2019-11-05 08:23:57,333 [grpc-default-executor-0] INFO  impl.RoleInfo (RoleInfo.java:updateAndGet(143)) - 77ab65e6-d942-49df-83a3-1d4c0bf152b3: start FollowerState
2019-11-05 08:23:57,333 [Thread-1339] INFO  impl.FollowerState (FollowerState.java:run(117)) - 7e1b84a9-a041-44fd-8008-f2679426984c@group-0DB8C7688BF9-FollowerState was interrupted: java.lang.InterruptedException: sleep interrupted
2019-11-05 08:23:57,333 [grpc-default-executor-5] INFO  impl.RoleInfo (RoleInfo.java:updateAndGet(143)) - 7e1b84a9-a041-44fd-8008-f2679426984c: start FollowerState
2019-11-05 08:23:57,347 [4a682f4f-c3f2-4b77-88b7-f0ab78890feb@group-0DB8C7688BF9-LeaderElection151] INFO  impl.LeaderElection (LeaderElection.java:logAndReturn(56)) - 4a682f4f-c3f2-4b77-88b7-f0ab78890feb@group-0DB8C7688BF9-LeaderElection151: Election REJECTED; received 2 response(s) [4a682f4f-c3f2-4b77-88b7-f0ab78890feb<-77ab65e6-d942-49df-83a3-1d4c0bf152b3#0:FAIL-t73, 4a682f4f-c3f2-4b77-88b7-f0ab78890feb<-7e1b84a9-a041-44fd-8008-f2679426984c#0:FAIL-t73] and 0 exception(s); 4a682f4f-c3f2-4b77-88b7-f0ab78890feb@group-0DB8C7688BF9:t73, leader=null, voted=4a682f4f-c3f2-4b77-88b7-f0ab78890feb, raftlog=4a682f4f-c3f2-4b77-88b7-f0ab78890feb@group-0DB8C7688BF9-SegmentedRaftLog:OPENED:c-1,f-1,i0, conf=-1: [77ab65e6-d942-49df-83a3-1d4c0bf152b3:192.168.164.217:39381, 7e1b84a9-a041-44fd-8008-f2679426984c:192.168.164.217:44149, 4a682f4f-c3f2-4b77-88b7-f0ab78890feb:192.168.164.217:34174], old=null
2019-11-05 08:23:57,347 [4a682f4f-c3f2-4b77-88b7-f0ab78890feb@group-0DB8C7688BF9-LeaderElection151] INFO  impl.RaftServerImpl (RaftServerImpl.java:setRole(184)) - 4a682f4f-c3f2-4b77-88b7-f0ab78890feb@group-0DB8C7688BF9: changes role from CANDIDATE to FOLLOWER at term 73 for DISCOVERED_A_NEW_TERM
2019-11-05 08:23:57,347 [4a682f4f-c3f2-4b77-88b7-f0ab78890feb@group-0DB8C7688BF9-LeaderElection151] INFO  impl.RoleInfo (RoleInfo.java:shutdownLeaderElection(134)) - 4a682f4f-c3f2-4b77-88b7-f0ab78890feb: shutdown LeaderElection
2019-11-05 08:23:57,348 [4a682f4f-c3f2-4b77-88b7-f0ab78890feb@group-0DB8C7688BF9-LeaderElection151] INFO  impl.RoleInfo (RoleInfo.java:updateAndGet(143)) - 4a682f4f-c3f2-4b77-88b7-f0ab78890feb: start FollowerState
2019-11-05 08:23:57,375 [Thread-1335] INFO  impl.FollowerState (FollowerState.java:run(108)) - a8ae9c07-6d89-4a49-a594-cacd4b776180@group-0E159EE4F99E-FollowerState: change to CANDIDATE, lastRpcTime:179ms, electionTimeout:179ms
2019-11-05 08:23:57,376 [Thread-1335] INFO  impl.RoleInfo (RoleInfo.java:shutdownFollowerState(121)) - a8ae9c07-6d89-4a49-a594-cacd4b776180: shutdown FollowerState
2019-11-05 08:23:57,376 [Thread-1335] INFO  impl.RaftServerImpl (RaftServerImpl.java:setRole(184)) - a8ae9c07-6d89-4a49-a594-cacd4b776180@group-0E159EE4F99E: changes role from  FOLLOWER to CANDIDATE at term 77 for changeToCandidate
2019-11-05 08:23:57,376 [Thread-1335] INFO  impl.RoleInfo (RoleInfo.java:updateAndGet(143)) - a8ae9c07-6d89-4a49-a594-cacd4b776180: start LeaderElection
2019-11-05 08:23:57,390 [a8ae9c07-6d89-4a49-a594-cacd4b776180@group-0E159EE4F99E-LeaderElection152] INFO  impl.LeaderElection (LeaderElection.java:askForVotes(178)) - a8ae9c07-6d89-4a49-a594-cacd4b776180@group-0E159EE4F99E-LeaderElection152: begin an election at term 78 for -1: [caafcba9-090a-41f5-a5f9-cba5a6a81e94:192.168.164.217:37197, a8ae9c07-6d89-4a49-a594-cacd4b776180:192.168.164.217:42719, b3bb9051-8089-4c51-a999-81579e5913f2:192.168.164.217:36516], old=null
2019-11-05 08:23:57,391 [grpc-default-executor-5] INFO  impl.RaftServerImpl (RaftServerImpl.java:setRole(184)) - caafcba9-090a-41f5-a5f9-cba5a6a81e94@group-0E159EE4F99E: changes role from  FOLLOWER to FOLLOWER at term 78 for recognizeCandidate:a8ae9c07-6d89-4a49-a594-cacd4b776180
2019-11-05 08:23:57,391 [grpc-default-executor-5] INFO  impl.RoleInfo (RoleInfo.java:shutdownFollowerState(121)) - caafcba9-090a-41f5-a5f9-cba5a6a81e94: shutdown FollowerState
2019-11-05 08:23:57,392 [grpc-default-executor-0] INFO  impl.RaftServerImpl (RaftServerImpl.java:setRole(184)) - b3bb9051-8089-4c51-a999-81579e5913f2@group-0E159EE4F99E: changes role from  FOLLOWER to FOLLOWER at term 78 for recognizeCandidate:a8ae9c07-6d89-4a49-a594-cacd4b776180
2019-11-05 08:23:57,392 [Thread-1333] INFO  impl.FollowerState (FollowerState.java:run(117)) - caafcba9-090a-41f5-a5f9-cba5a6a81e94@group-0E159EE4F99E-FollowerState was interrupted: java.lang.InterruptedException: sleep interrupted
2019-11-05 08:23:57,392 [grpc-default-executor-5] INFO  impl.RoleInfo (RoleInfo.java:updateAndGet(143)) - caafcba9-090a-41f5-a5f9-cba5a6a81e94: start FollowerState
2019-11-05 08:23:57,392 [grpc-default-executor-0] INFO  impl.RoleInfo (RoleInfo.java:shutdownFollowerState(121)) - b3bb9051-8089-4c51-a999-81579e5913f2: shutdown FollowerState
2019-11-05 08:23:57,392 [grpc-default-executor-0] INFO  impl.RoleInfo (RoleInfo.java:updateAndGet(143)) - b3bb9051-8089-4c51-a999-81579e5913f2: start FollowerState
2019-11-05 08:23:57,392 [Thread-1334] INFO  impl.FollowerState (FollowerState.java:run(117)) - b3bb9051-8089-4c51-a999-81579e5913f2@group-0E159EE4F99E-FollowerState was interrupted: java.lang.InterruptedException: sleep interrupted
2019-11-05 08:23:57,394 [a8ae9c07-6d89-4a49-a594-cacd4b776180@group-0E159EE4F99E-LeaderElection152] INFO  impl.LeaderElection (LeaderElection.java:logAndReturn(56)) - a8ae9c07-6d89-4a49-a594-cacd4b776180@group-0E159EE4F99E-LeaderElection152: Election TIMEOUT; received 0 response(s) [] and 0 exception(s); a8ae9c07-6d89-4a49-a594-cacd4b776180@group-0E159EE4F99E:t78, leader=null, voted=a8ae9c07-6d89-4a49-a594-cacd4b776180, raftlog=a8ae9c07-6d89-4a49-a594-cacd4b776180@group-0E159EE4F99E-SegmentedRaftLog:OPENED:c-1,f-1,i0, conf=-1: [caafcba9-090a-41f5-a5f9-cba5a6a81e94:192.168.164.217:37197, a8ae9c07-6d89-4a49-a594-cacd4b776180:192.168.164.217:42719, b3bb9051-8089-4c51-a999-81579e5913f2:192.168.164.217:36516], old=null
2019-11-05 08:23:57,406 [a8ae9c07-6d89-4a49-a594-cacd4b776180@group-0E159EE4F99E-LeaderElection152] INFO  impl.LeaderElection (LeaderElection.java:askForVotes(178)) - a8ae9c07-6d89-4a49-a594-cacd4b776180@group-0E159EE4F99E-LeaderElection152: begin an election at term 79 for -1: [caafcba9-090a-41f5-a5f9-cba5a6a81e94:192.168.164.217:37197, a8ae9c07-6d89-4a49-a594-cacd4b776180:192.168.164.217:42719, b3bb9051-8089-4c51-a999-81579e5913f2:192.168.164.217:36516], old=null
2019-11-05 08:23:57,407 [grpc-default-executor-5] INFO  impl.RaftServerImpl (RaftServerImpl.java:setRole(184)) - caafcba9-090a-41f5-a5f9-cba5a6a81e94@group-0E159EE4F99E: changes role from  FOLLOWER to FOLLOWER at term 79 for recognizeCandidate:a8ae9c07-6d89-4a49-a594-cacd4b776180
2019-11-05 08:23:57,407 [grpc-default-executor-5] INFO  impl.RoleInfo (RoleInfo.java:shutdownFollowerState(121)) - caafcba9-090a-41f5-a5f9-cba5a6a81e94: shutdown FollowerState
2019-11-05 08:23:57,408 [grpc-default-executor-0] INFO  impl.RaftServerImpl (RaftServerImpl.java:setRole(184)) - b3bb9051-8089-4c51-a999-81579e5913f2@group-0E159EE4F99E: changes role from  FOLLOWER to FOLLOWER at term 79 for recognizeCandidate:a8ae9c07-6d89-4a49-a594-cacd4b776180
2019-11-05 08:23:57,408 [grpc-default-executor-0] INFO  impl.RoleInfo (RoleInfo.java:shutdownFollowerState(121)) - b3bb9051-8089-4c51-a999-81579e5913f2: shutdown FollowerState
2019-11-05 08:23:57,408 [Thread-1351] INFO  impl.FollowerState (FollowerState.java:run(117)) - caafcba9-090a-41f5-a5f9-cba5a6a81e94@group-0E159EE4F99E-FollowerState was interrupted: java.lang.InterruptedException: sleep interrupted
2019-11-05 08:23:57,408 [grpc-default-executor-5] INFO  impl.RoleInfo (RoleInfo.java:updateAndGet(143)) - caafcba9-090a-41f5-a5f9-cba5a6a81e94: start FollowerState
2019-11-05 08:23:57,408 [Thread-1352] INFO  impl.FollowerState (FollowerState.java:run(117)) - b3bb9051-8089-4c51-a999-81579e5913f2@group-0E159EE4F99E-FollowerState was interrupted: java.lang.InterruptedException: sleep interrupted
2019-11-05 08:23:57,408 [grpc-default-executor-0] INFO  impl.RoleInfo (RoleInfo.java:updateAndGet(143)) - b3bb9051-8089-4c51-a999-81579e5913f2: start FollowerState
2019-11-05 08:23:57,423 [a8ae9c07-6d89-4a49-a594-cacd4b776180@group-0E159EE4F99E-LeaderElection152] INFO  impl.LeaderElection (LeaderElection.java:logAndReturn(56)) - a8ae9c07-6d89-4a49-a594-cacd4b776180@group-0E159EE4F99E-LeaderElection152: Election REJECTED; received 2 response(s) [a8ae9c07-6d89-4a49-a594-cacd4b776180<-caafcba9-090a-41f5-a5f9-cba5a6a81e94#0:FAIL-t79, a8ae9c07-6d89-4a49-a594-cacd4b776180<-b3bb9051-8089-4c51-a999-81579e5913f2#0:FAIL-t79] and 0 exception(s); a8ae9c07-6d89-4a49-a594-cacd4b776180@group-0E159EE4F99E:t79, leader=null, voted=a8ae9c07-6d89-4a49-a594-cacd4b776180, raftlog=a8ae9c07-6d89-4a49-a594-cacd4b776180@group-0E159EE4F99E-SegmentedRaftLog:OPENED:c-1,f-1,i0, conf=-1: [caafcba9-090a-41f5-a5f9-cba5a6a81e94:192.168.164.217:37197, a8ae9c07-6d89-4a49-a594-cacd4b776180:192.168.164.217:42719, b3bb9051-8089-4c51-a999-81579e5913f2:192.168.164.217:36516], old=null
2019-11-05 08:23:57,424 [a8ae9c07-6d89-4a49-a594-cacd4b776180@group-0E159EE4F99E-LeaderElection152] INFO  impl.RaftServerImpl (RaftServerImpl.java:setRole(184)) - a8ae9c07-6d89-4a49-a594-cacd4b776180@group-0E159EE4F99E: changes role from CANDIDATE to FOLLOWER at term 79 for DISCOVERED_A_NEW_TERM
2019-11-05 08:23:57,424 [a8ae9c07-6d89-4a49-a594-cacd4b776180@group-0E159EE4F99E-LeaderElection152] INFO  impl.RoleInfo (RoleInfo.java:shutdownLeaderElection(134)) - a8ae9c07-6d89-4a49-a594-cacd4b776180: shutdown LeaderElection
2019-11-05 08:23:57,424 [a8ae9c07-6d89-4a49-a594-cacd4b776180@group-0E159EE4F99E-LeaderElection152] INFO  impl.RoleInfo (RoleInfo.java:updateAndGet(143)) - a8ae9c07-6d89-4a49-a594-cacd4b776180: start FollowerState
2019-11-05 08:23:57,523 [Thread-1347] INFO  impl.FollowerState (FollowerState.java:run(108)) - 4a682f4f-c3f2-4b77-88b7-f0ab78890feb@group-0DB8C7688BF9-FollowerState: change to CANDIDATE, lastRpcTime:175ms, electionTimeout:175ms
2019-11-05 08:23:57,523 [Thread-1347] INFO  impl.RoleInfo (RoleInfo.java:shutdownFollowerState(121)) - 4a682f4f-c3f2-4b77-88b7-f0ab78890feb: shutdown FollowerState
2019-11-05 08:23:57,523 [Thread-1347] INFO  impl.RaftServerImpl (RaftServerImpl.java:setRole(184)) - 4a682f4f-c3f2-4b77-88b7-f0ab78890feb@group-0DB8C7688BF9: changes role from  FOLLOWER to CANDIDATE at term 73 for changeToCandidate
2019-11-05 08:23:57,523 [Thread-1347] INFO  impl.RoleInfo (RoleInfo.java:updateAndGet(143)) - 4a682f4f-c3f2-4b77-88b7-f0ab78890feb: start LeaderElection
2019-11-05 08:23:57,531 [Thread-1357] INFO  impl.FollowerState (FollowerState.java:run(108)) - a8ae9c07-6d89-4a49-a594-cacd4b776180@group-0E159EE4F99E-FollowerState: change to CANDIDATE, lastRpcTime:107ms, electionTimeout:107ms
2019-11-05 08:23:57,531 [Thread-1357] INFO  impl.RoleInfo (RoleInfo.java:shutdownFollowerState(121)) - a8ae9c07-6d89-4a49-a594-cacd4b776180: shutdown FollowerState
2019-11-05 08:23:57,532 [Thread-1357] INFO  impl.RaftServerImpl (RaftServerImpl.java:setRole(184)) - a8ae9c07-6d89-4a49-a594-cacd4b776180@group-0E159EE4F99E: changes role from  FOLLOWER to CANDIDATE at term 79 for changeToCandidate
2019-11-05 08:23:57,532 [Thread-1357] INFO  impl.RoleInfo (RoleInfo.java:updateAndGet(143)) - a8ae9c07-6d89-4a49-a594-cacd4b776180: start LeaderElection
2019-11-05 08:23:57,538 [4a682f4f-c3f2-4b77-88b7-f0ab78890feb@group-0DB8C7688BF9-LeaderElection153] INFO  impl.LeaderElection (LeaderElection.java:askForVotes(178)) - 4a682f4f-c3f2-4b77-88b7-f0ab78890feb@group-0DB8C7688BF9-LeaderElection153: begin an election at term 74 for -1: [77ab65e6-d942-49df-83a3-1d4c0bf152b3:192.168.164.217:39381, 7e1b84a9-a041-44fd-8008-f2679426984c:192.168.164.217:44149, 4a682f4f-c3f2-4b77-88b7-f0ab78890feb:192.168.164.217:34174], old=null
2019-11-05 08:23:57,538 [a8ae9c07-6d89-4a49-a594-cacd4b776180@group-0E159EE4F99E-LeaderElection154] INFO  impl.LeaderElection (LeaderElection.java:askForVotes(178)) - a8ae9c07-6d89-4a49-a594-cacd4b776180@group-0E159EE4F99E-LeaderElection154: begin an election at term 80 for -1: [caafcba9-090a-41f5-a5f9-cba5a6a81e94:192.168.164.217:37197, a8ae9c07-6d89-4a49-a594-cacd4b776180:192.168.164.217:42719, b3bb9051-8089-4c51-a999-81579e5913f2:192.168.164.217:36516], old=null
2019-11-05 08:23:57,539 [grpc-default-executor-0] INFO  impl.RaftServerImpl (RaftServerImpl.java:setRole(184)) - 77ab65e6-d942-49df-83a3-1d4c0bf152b3@group-0DB8C7688BF9: changes role from  FOLLOWER to FOLLOWER at term 74 for recognizeCandidate:4a682f4f-c3f2-4b77-88b7-f0ab78890feb
2019-11-05 08:23:57,540 [grpc-default-executor-0] INFO  impl.RoleInfo (RoleInfo.java:shutdownFollowerState(121)) - 77ab65e6-d942-49df-83a3-1d4c0bf152b3: shutdown FollowerState
2019-11-05 08:23:57,540 [grpc-default-executor-0] INFO  impl.RoleInfo (RoleInfo.java:updateAndGet(143)) - 77ab65e6-d942-49df-83a3-1d4c0bf152b3: start FollowerState
2019-11-05 08:23:57,540 [Thread-1345] INFO  impl.FollowerState (FollowerState.java:run(117)) - 77ab65e6-d942-49df-83a3-1d4c0bf152b3@group-0DB8C7688BF9-FollowerState was interrupted: java.lang.InterruptedException: sleep interrupted
2019-11-05 08:23:57,540 [grpc-default-executor-5] INFO  impl.RaftServerImpl (RaftServerImpl.java:setRole(184)) - b3bb9051-8089-4c51-a999-81579e5913f2@group-0E159EE4F99E: changes role from  FOLLOWER to FOLLOWER at term 80 for recognizeCandidate:a8ae9c07-6d89-4a49-a594-cacd4b776180
2019-11-05 08:23:57,540 [grpc-default-executor-4] INFO  impl.RaftServerImpl (RaftServerImpl.java:setRole(184)) - 7e1b84a9-a041-44fd-8008-f2679426984c@group-0DB8C7688BF9: changes role from  FOLLOWER to FOLLOWER at term 74 for recognizeCandidate:4a682f4f-c3f2-4b77-88b7-f0ab78890feb
2019-11-05 08:23:57,541 [grpc-default-executor-4] INFO  impl.RoleInfo (RoleInfo.java:shutdownFollowerState(121)) - 7e1b84a9-a041-44fd-8008-f2679426984c: shutdown FollowerState
2019-11-05 08:23:57,540 [grpc-default-executor-1] INFO  impl.RaftServerImpl (RaftServerImpl.java:setRole(184)) - caafcba9-090a-41f5-a5f9-cba5a6a81e94@group-0E159EE4F99E: changes role from  FOLLOWER to FOLLOWER at term 80 for recognizeCandidate:a8ae9c07-6d89-4a49-a594-cacd4b776180
2019-11-05 08:23:57,540 [grpc-default-executor-5] INFO  impl.RoleInfo (RoleInfo.java:shutdownFollowerState(121)) - b3bb9051-8089-4c51-a999-81579e5913f2: shutdown FollowerState
2019-11-05 08:23:57,541 [grpc-default-executor-1] INFO  impl.RoleInfo (RoleInfo.java:shutdownFollowerState(121)) - caafcba9-090a-41f5-a5f9-cba5a6a81e94: shutdown FollowerState
2019-11-05 08:23:57,541 [Thread-1346] INFO  impl.FollowerState (FollowerState.java:run(117)) - 7e1b84a9-a041-44fd-8008-f2679426984c@group-0DB8C7688BF9-FollowerState was interrupted: java.lang.InterruptedException: sleep interrupted
2019-11-05 08:23:57,541 [grpc-default-executor-4] INFO  impl.RoleInfo (RoleInfo.java:updateAndGet(143)) - 7e1b84a9-a041-44fd-8008-f2679426984c: start FollowerState
2019-11-05 08:23:57,541 [Thread-1355] INFO  impl.FollowerState (FollowerState.java:run(117)) - caafcba9-090a-41f5-a5f9-cba5a6a81e94@group-0E159EE4F99E-FollowerState was interrupted: java.lang.InterruptedException: sleep interrupted
2019-11-05 08:23:57,541 [grpc-default-executor-1] INFO  impl.RoleInfo (RoleInfo.java:updateAndGet(143)) - caafcba9-090a-41f5-a5f9-cba5a6a81e94: start FollowerState
2019-11-05 08:23:57,541 [Thread-1356] INFO  impl.FollowerState (FollowerState.java:run(117)) - b3bb9051-8089-4c51-a999-81579e5913f2@group-0E159EE4F99E-FollowerState was interrupted: java.lang.InterruptedException: sleep interrupted
2019-11-05 08:23:57,541 [grpc-default-executor-5] INFO  impl.RoleInfo (RoleInfo.java:updateAndGet(143)) - b3bb9051-8089-4c51-a999-81579e5913f2: start FollowerState
2019-11-05 08:23:57,543 [a8ae9c07-6d89-4a49-a594-cacd4b776180@group-0E159EE4F99E-LeaderElection154] INFO  impl.LeaderElection (LeaderElection.java:logAndReturn(56)) - a8ae9c07-6d89-4a49-a594-cacd4b776180@group-0E159EE4F99E-LeaderElection154: Election TIMEOUT; received 0 response(s) [] and 0 exception(s); a8ae9c07-6d89-4a49-a594-cacd4b776180@group-0E159EE4F99E:t80, leader=null, voted=a8ae9c07-6d89-4a49-a594-cacd4b776180, raftlog=a8ae9c07-6d89-4a49-a594-cacd4b776180@group-0E159EE4F99E-SegmentedRaftLog:OPENED:c-1,f-1,i0, conf=-1: [caafcba9-090a-41f5-a5f9-cba5a6a81e94:192.168.164.217:37197, a8ae9c07-6d89-4a49-a594-cacd4b776180:192.168.164.217:42719, b3bb9051-8089-4c51-a999-81579e5913f2:192.168.164.217:36516], old=null
2019-11-05 08:23:57,554 [a8ae9c07-6d89-4a49-a594-cacd4b776180@group-0E159EE4F99E-LeaderElection154] INFO  impl.LeaderElection (LeaderElection.java:askForVotes(178)) - a8ae9c07-6d89-4a49-a594-cacd4b776180@group-0E159EE4F99E-LeaderElection154: begin an election at term 81 for -1: [caafcba9-090a-41f5-a5f9-cba5a6a81e94:192.168.164.217:37197, a8ae9c07-6d89-4a49-a594-cacd4b776180:192.168.164.217:42719, b3bb9051-8089-4c51-a999-81579e5913f2:192.168.164.217:36516], old=null
2019-11-05 08:23:57,555 [4a682f4f-c3f2-4b77-88b7-f0ab78890feb@group-0DB8C7688BF9-LeaderElection153] INFO  impl.LeaderElection (LeaderElection.java:logAndReturn(56)) - 4a682f4f-c3f2-4b77-88b7-f0ab78890feb@group-0DB8C7688BF9-LeaderElection153: Election REJECTED; received 2 response(s) [4a682f4f-c3f2-4b77-88b7-f0ab78890feb<-77ab65e6-d942-49df-83a3-1d4c0bf152b3#0:FAIL-t74, 4a682f4f-c3f2-4b77-88b7-f0ab78890feb<-7e1b84a9-a041-44fd-8008-f2679426984c#0:FAIL-t74] and 0 exception(s); 4a682f4f-c3f2-4b77-88b7-f0ab78890feb@group-0DB8C7688BF9:t74, leader=null, voted=4a682f4f-c3f2-4b77-88b7-f0ab78890feb, raftlog=4a682f4f-c3f2-4b77-88b7-f0ab78890feb@group-0DB8C7688BF9-SegmentedRaftLog:OPENED:c-1,f-1,i0, conf=-1: [77ab65e6-d942-49df-83a3-1d4c0bf152b3:192.168.164.217:39381, 7e1b84a9-a041-44fd-8008-f2679426984c:192.168.164.217:44149, 4a682f4f-c3f2-4b77-88b7-f0ab78890feb:192.168.164.217:34174], old=null
2019-11-05 08:23:57,555 [4a682f4f-c3f2-4b77-88b7-f0ab78890feb@group-0DB8C7688BF9-LeaderElection153] INFO  impl.RaftServerImpl (RaftServerImpl.java:setRole(184)) - 4a682f4f-c3f2-4b77-88b7-f0ab78890feb@group-0DB8C7688BF9: changes role from CANDIDATE to FOLLOWER at term 74 for DISCOVERED_A_NEW_TERM
2019-11-05 08:23:57,555 [4a682f4f-c3f2-4b77-88b7-f0ab78890feb@group-0DB8C7688BF9-LeaderElection153] INFO  impl.RoleInfo (RoleInfo.java:shutdownLeaderElection(134)) - 4a682f4f-c3f2-4b77-88b7-f0ab78890feb: shutdown LeaderElection
2019-11-05 08:23:57,555 [4a682f4f-c3f2-4b77-88b7-f0ab78890feb@group-0DB8C7688BF9-LeaderElection153] INFO  impl.RoleInfo (RoleInfo.java:updateAndGet(143)) - 4a682f4f-c3f2-4b77-88b7-f0ab78890feb: start FollowerState
2019-11-05 08:23:57,555 [grpc-default-executor-4] INFO  impl.RaftServerImpl (RaftServerImpl.java:setRole(184)) - caafcba9-090a-41f5-a5f9-cba5a6a81e94@group-0E159EE4F99E: changes role from  FOLLOWER to FOLLOWER at term 81 for recognizeCandidate:a8ae9c07-6d89-4a49-a594-cacd4b776180
2019-11-05 08:23:57,556 [grpc-default-executor-4] INFO  impl.RoleInfo (RoleInfo.java:shutdownFollowerState(121)) - caafcba9-090a-41f5-a5f9-cba5a6a81e94: shutdown FollowerState
2019-11-05 08:23:57,556 [grpc-default-executor-4] INFO  impl.RoleInfo (RoleInfo.java:updateAndGet(143)) - caafcba9-090a-41f5-a5f9-cba5a6a81e94: start FollowerState
2019-11-05 08:23:57,556 [Thread-1367] INFO  impl.FollowerState (FollowerState.java:run(117)) - caafcba9-090a-41f5-a5f9-cba5a6a81e94@group-0E159EE4F99E-FollowerState was interrupted: java.lang.InterruptedException: sleep interrupted
2019-11-05 08:23:57,556 [grpc-default-executor-5] INFO  impl.RaftServerImpl (RaftServerImpl.java:setRole(184)) - b3bb9051-8089-4c51-a999-81579e5913f2@group-0E159EE4F99E: changes role from  FOLLOWER to FOLLOWER at term 81 for recognizeCandidate:a8ae9c07-6d89-4a49-a594-cacd4b776180
2019-11-05 08:23:57,556 [grpc-default-executor-5] INFO  impl.RoleInfo (RoleInfo.java:shutdownFollowerState(121)) - b3bb9051-8089-4c51-a999-81579e5913f2: shutdown FollowerState
2019-11-05 08:23:57,556 [grpc-default-executor-5] INFO  impl.RoleInfo (RoleInfo.java:updateAndGet(143)) - b3bb9051-8089-4c51-a999-81579e5913f2: start FollowerState
2019-11-05 08:23:57,556 [Thread-1366] INFO  impl.FollowerState (FollowerState.java:run(117)) - b3bb9051-8089-4c51-a999-81579e5913f2@group-0E159EE4F99E-FollowerState was interrupted: java.lang.InterruptedException: sleep interrupted
2019-11-05 08:23:57,570 [a8ae9c07-6d89-4a49-a594-cacd4b776180@group-0E159EE4F99E-LeaderElection154] INFO  impl.LeaderElection (LeaderElection.java:logAndReturn(56)) - a8ae9c07-6d89-4a49-a594-cacd4b776180@group-0E159EE4F99E-LeaderElection154: Election REJECTED; received 2 response(s) [a8ae9c07-6d89-4a49-a594-cacd4b776180<-caafcba9-090a-41f5-a5f9-cba5a6a81e94#0:FAIL-t81, a8ae9c07-6d89-4a49-a594-cacd4b776180<-b3bb9051-8089-4c51-a999-81579e5913f2#0:FAIL-t81] and 0 exception(s); a8ae9c07-6d89-4a49-a594-cacd4b776180@group-0E159EE4F99E:t81, leader=null, voted=a8ae9c07-6d89-4a49-a594-cacd4b776180, raftlog=a8ae9c07-6d89-4a49-a594-cacd4b776180@group-0E159EE4F99E-SegmentedRaftLog:OPENED:c-1,f-1,i0, conf=-1: [caafcba9-090a-41f5-a5f9-cba5a6a81e94:192.168.164.217:37197, a8ae9c07-6d89-4a49-a594-cacd4b776180:192.168.164.217:42719, b3bb9051-8089-4c51-a999-81579e5913f2:192.168.164.217:36516], old=null
2019-11-05 08:23:57,570 [a8ae9c07-6d89-4a49-a594-cacd4b776180@group-0E159EE4F99E-LeaderElection154] INFO  impl.RaftServerImpl (RaftServerImpl.java:setRole(184)) - a8ae9c07-6d89-4a49-a594-cacd4b776180@group-0E159EE4F99E: changes role from CANDIDATE to FOLLOWER at term 81 for DISCOVERED_A_NEW_TERM
2019-11-05 08:23:57,570 [a8ae9c07-6d89-4a49-a594-cacd4b776180@group-0E159EE4F99E-LeaderElection154] INFO  impl.RoleInfo (RoleInfo.java:shutdownLeaderElection(134)) - a8ae9c07-6d89-4a49-a594-cacd4b776180: shutdown LeaderElection
2019-11-05 08:23:57,570 [a8ae9c07-6d89-4a49-a594-cacd4b776180@group-0E159EE4F99E-LeaderElection154] INFO  impl.RoleInfo (RoleInfo.java:updateAndGet(143)) - a8ae9c07-6d89-4a49-a594-cacd4b776180: start FollowerState
2019-11-05 08:23:57,630 [Thread-1374] INFO  impl.FollowerState (FollowerState.java:run(108)) - a8ae9c07-6d89-4a49-a594-cacd4b776180@group-0E159EE4F99E-FollowerState: change to CANDIDATE, lastRpcTime:59ms, electionTimeout:59ms
2019-11-05 08:23:57,630 [Thread-1374] INFO  impl.RoleInfo (RoleInfo.java:shutdownFollowerState(121)) - a8ae9c07-6d89-4a49-a594-cacd4b776180: shutdown FollowerState
2019-11-05 08:23:57,630 [Thread-1374] INFO  impl.RaftServerImpl (RaftServerImpl.java:setRole(184)) - a8ae9c07-6d89-4a49-a594-cacd4b776180@group-0E159EE4F99E: changes role from  FOLLOWER to CANDIDATE at term 81 for changeToCandidate
2019-11-05 08:23:57,630 [Thread-1374] INFO  impl.RoleInfo (RoleInfo.java:updateAndGet(143)) - a8ae9c07-6d89-4a49-a594-cacd4b776180: start LeaderElection
2019-11-05 08:23:57,644 [a8ae9c07-6d89-4a49-a594-cacd4b776180@group-0E159EE4F99E-LeaderElection155] INFO  impl.LeaderElection (LeaderElection.java:askForVotes(178)) - a8ae9c07-6d89-4a49-a594-cacd4b776180@group-0E159EE4F99E-LeaderElection155: begin an election at term 82 for -1: [caafcba9-090a-41f5-a5f9-cba5a6a81e94:192.168.164.217:37197, a8ae9c07-6d89-4a49-a594-cacd4b776180:192.168.164.217:42719, b3bb9051-8089-4c51-a999-81579e5913f2:192.168.164.217:36516], old=null
2019-11-05 08:23:57,646 [grpc-default-executor-5] INFO  impl.RaftServerImpl (RaftServerImpl.java:setRole(184)) - caafcba9-090a-41f5-a5f9-cba5a6a81e94@group-0E159EE4F99E: changes role from  FOLLOWER to FOLLOWER at term 82 for recognizeCandidate:a8ae9c07-6d89-4a49-a594-cacd4b776180
2019-11-05 08:23:57,646 [grpc-default-executor-4] INFO  impl.RaftServerImpl (RaftServerImpl.java:setRole(184)) - b3bb9051-8089-4c51-a999-81579e5913f2@group-0E159EE4F99E: changes role from  FOLLOWER to FOLLOWER at term 82 for recognizeCandidate:a8ae9c07-6d89-4a49-a594-cacd4b776180
2019-11-05 08:23:57,646 [grpc-default-executor-5] INFO  impl.RoleInfo (RoleInfo.java:shutdownFollowerState(121)) - caafcba9-090a-41f5-a5f9-cba5a6a81e94: shutdown FollowerState
2019-11-05 08:23:57,646 [grpc-default-executor-4] INFO  impl.RoleInfo (RoleInfo.java:shutdownFollowerState(121)) - b3bb9051-8089-4c51-a999-81579e5913f2: shutdown FollowerState
2019-11-05 08:23:57,646 [Thread-1371] INFO  impl.FollowerState (FollowerState.java:run(117)) - caafcba9-090a-41f5-a5f9-cba5a6a81e94@group-0E159EE4F99E-FollowerState was interrupted: java.lang.InterruptedException: sleep interrupted
2019-11-05 08:23:57,646 [grpc-default-executor-5] INFO  impl.RoleInfo (RoleInfo.java:updateAndGet(143)) - caafcba9-090a-41f5-a5f9-cba5a6a81e94: start FollowerState
2019-11-05 08:23:57,647 [Thread-1372] INFO  impl.FollowerState (FollowerState.java:run(117)) - b3bb9051-8089-4c51-a999-81579e5913f2@group-0E159EE4F99E-FollowerState was interrupted: java.lang.InterruptedException: sleep interrupted
2019-11-05 08:23:57,646 [grpc-default-executor-4] INFO  impl.RoleInfo (RoleInfo.java:updateAndGet(143)) - b3bb9051-8089-4c51-a999-81579e5913f2: start FollowerState
2019-11-05 08:23:57,647 [Thread-1370] INFO  impl.FollowerState (FollowerState.java:run(108)) - 4a682f4f-c3f2-4b77-88b7-f0ab78890feb@group-0DB8C7688BF9-FollowerState: change to CANDIDATE, lastRpcTime:92ms, electionTimeout:92ms
2019-11-05 08:23:57,648 [Thread-1370] INFO  impl.RoleInfo (RoleInfo.java:shutdownFollowerState(121)) - 4a682f4f-c3f2-4b77-88b7-f0ab78890feb: shutdown FollowerState
2019-11-05 08:23:57,648 [Thread-1370] INFO  impl.RaftServerImpl (RaftServerImpl.java:setRole(184)) - 4a682f4f-c3f2-4b77-88b7-f0ab78890feb@group-0DB8C7688BF9: changes role from  FOLLOWER to CANDIDATE at term 74 for changeToCandidate
2019-11-05 08:23:57,648 [Thread-1370] INFO  impl.RoleInfo (RoleInfo.java:updateAndGet(143)) - 4a682f4f-c3f2-4b77-88b7-f0ab78890feb: start LeaderElection
2019-11-05 08:23:57,660 [4a682f4f-c3f2-4b77-88b7-f0ab78890feb@group-0DB8C7688BF9-LeaderElection156] INFO  impl.LeaderElection (LeaderElection.java:askForVotes(178)) - 4a682f4f-c3f2-4b77-88b7-f0ab78890feb@group-0DB8C7688BF9-LeaderElection156: begin an election at term 75 for -1: [77ab65e6-d942-49df-83a3-1d4c0bf152b3:192.168.164.217:39381, 7e1b84a9-a041-44fd-8008-f2679426984c:192.168.164.217:44149, 4a682f4f-c3f2-4b77-88b7-f0ab78890feb:192.168.164.217:34174], old=null
2019-11-05 08:23:57,661 [a8ae9c07-6d89-4a49-a594-cacd4b776180@group-0E159EE4F99E-LeaderElection155] INFO  impl.LeaderElection (LeaderElection.java:logAndReturn(56)) - a8ae9c07-6d89-4a49-a594-cacd4b776180@group-0E159EE4F99E-LeaderElection155: Election REJECTED; received 2 response(s) [a8ae9c07-6d89-4a49-a594-cacd4b776180<-caafcba9-090a-41f5-a5f9-cba5a6a81e94#0:FAIL-t82, a8ae9c07-6d89-4a49-a594-cacd4b776180<-b3bb9051-8089-4c51-a999-81579e5913f2#0:FAIL-t82] and 0 exception(s); a8ae9c07-6d89-4a49-a594-cacd4b776180@group-0E159EE4F99E:t82, leader=null, voted=a8ae9c07-6d89-4a49-a594-cacd4b776180, raftlog=a8ae9c07-6d89-4a49-a594-cacd4b776180@group-0E159EE4F99E-SegmentedRaftLog:OPENED:c-1,f-1,i0, conf=-1: [caafcba9-090a-41f5-a5f9-cba5a6a81e94:192.168.164.217:37197, a8ae9c07-6d89-4a49-a594-cacd4b776180:192.168.164.217:42719, b3bb9051-8089-4c51-a999-81579e5913f2:192.168.164.217:36516], old=null
2019-11-05 08:23:57,661 [a8ae9c07-6d89-4a49-a594-cacd4b776180@group-0E159EE4F99E-LeaderElection155] INFO  impl.RaftServerImpl (RaftServerImpl.java:setRole(184)) - a8ae9c07-6d89-4a49-a594-cacd4b776180@group-0E159EE4F99E: changes role from CANDIDATE to FOLLOWER at term 82 for DISCOVERED_A_NEW_TERM
2019-11-05 08:23:57,661 [a8ae9c07-6d89-4a49-a594-cacd4b776180@group-0E159EE4F99E-LeaderElection155] INFO  impl.RoleInfo (RoleInfo.java:shutdownLeaderElection(134)) - a8ae9c07-6d89-4a49-a594-cacd4b776180: shutdown LeaderElection
2019-11-05 08:23:57,661 [a8ae9c07-6d89-4a49-a594-cacd4b776180@group-0E159EE4F99E-LeaderElection155] INFO  impl.RoleInfo (RoleInfo.java:updateAndGet(143)) - a8ae9c07-6d89-4a49-a594-cacd4b776180: start FollowerState
2019-11-05 08:23:57,662 [grpc-default-executor-4] INFO  impl.RaftServerImpl (RaftServerImpl.java:setRole(184)) - 77ab65e6-d942-49df-83a3-1d4c0bf152b3@group-0DB8C7688BF9: changes role from  FOLLOWER to FOLLOWER at term 75 for recognizeCandidate:4a682f4f-c3f2-4b77-88b7-f0ab78890feb
2019-11-05 08:23:57,662 [grpc-default-executor-5] INFO  impl.RaftServerImpl (RaftServerImpl.java:setRole(184)) - 7e1b84a9-a041-44fd-8008-f2679426984c@group-0DB8C7688BF9: changes role from  FOLLOWER to FOLLOWER at term 75 for recognizeCandidate:4a682f4f-c3f2-4b77-88b7-f0ab78890feb
2019-11-05 08:23:57,662 [grpc-default-executor-4] INFO  impl.RoleInfo (RoleInfo.java:shutdownFollowerState(121)) - 77ab65e6-d942-49df-83a3-1d4c0bf152b3: shutdown FollowerState
2019-11-05 08:23:57,663 [grpc-default-executor-5] INFO  impl.RoleInfo (RoleInfo.java:shutdownFollowerState(121)) - 7e1b84a9-a041-44fd-8008-f2679426984c: shutdown FollowerState
2019-11-05 08:23:57,663 [Thread-1364] INFO  impl.FollowerState (FollowerState.java:run(117)) - 77ab65e6-d942-49df-83a3-1d4c0bf152b3@group-0DB8C7688BF9-FollowerState was interrupted: java.lang.InterruptedException: sleep interrupted
2019-11-05 08:23:57,663 [grpc-default-executor-4] INFO  impl.RoleInfo (RoleInfo.java:updateAndGet(143)) - 77ab65e6-d942-49df-83a3-1d4c0bf152b3: start FollowerState
2019-11-05 08:23:57,663 [Thread-1365] INFO  impl.FollowerState (FollowerState.java:run(117)) - 7e1b84a9-a041-44fd-8008-f2679426984c@group-0DB8C7688BF9-FollowerState was interrupted: java.lang.InterruptedException: sleep interrupted
2019-11-05 08:23:57,663 [grpc-default-executor-5] INFO  impl.RoleInfo (RoleInfo.java:updateAndGet(143)) - 7e1b84a9-a041-44fd-8008-f2679426984c: start FollowerState
2019-11-05 08:23:57,677 [4a682f4f-c3f2-4b77-88b7-f0ab78890feb@group-0DB8C7688BF9-LeaderElection156] INFO  impl.LeaderElection (LeaderElection.java:logAndReturn(56)) - 4a682f4f-c3f2-4b77-88b7-f0ab78890feb@group-0DB8C7688BF9-LeaderElection156: Election REJECTED; received 2 response(s) [4a682f4f-c3f2-4b77-88b7-f0ab78890feb<-77ab65e6-d942-49df-83a3-1d4c0bf152b3#0:FAIL-t75, 4a682f4f-c3f2-4b77-88b7-f0ab78890feb<-7e1b84a9-a041-44fd-8008-f2679426984c#0:FAIL-t75] and 0 exception(s); 4a682f4f-c3f2-4b77-88b7-f0ab78890feb@group-0DB8C7688BF9:t75, leader=null, voted=4a682f4f-c3f2-4b77-88b7-f0ab78890feb, raftlog=4a682f4f-c3f2-4b77-88b7-f0ab78890feb@group-0DB8C7688BF9-SegmentedRaftLog:OPENED:c-1,f-1,i0, conf=-1: [77ab65e6-d942-49df-83a3-1d4c0bf152b3:192.168.164.217:39381, 7e1b84a9-a041-44fd-8008-f2679426984c:192.168.164.217:44149, 4a682f4f-c3f2-4b77-88b7-f0ab78890feb:192.168.164.217:34174], old=null
2019-11-05 08:23:57,678 [4a682f4f-c3f2-4b77-88b7-f0ab78890feb@group-0DB8C7688BF9-LeaderElection156] INFO  impl.RaftServerImpl (RaftServerImpl.java:setRole(184)) - 4a682f4f-c3f2-4b77-88b7-f0ab78890feb@group-0DB8C7688BF9: changes role from CANDIDATE to FOLLOWER at term 75 for DISCOVERED_A_NEW_TERM
2019-11-05 08:23:57,678 [4a682f4f-c3f2-4b77-88b7-f0ab78890feb@group-0DB8C7688BF9-LeaderElection156] INFO  impl.RoleInfo (RoleInfo.java:shutdownLeaderElection(134)) - 4a682f4f-c3f2-4b77-88b7-f0ab78890feb: shutdown LeaderElection
2019-11-05 08:23:57,678 [4a682f4f-c3f2-4b77-88b7-f0ab78890feb@group-0DB8C7688BF9-LeaderElection156] INFO  impl.RoleInfo (RoleInfo.java:updateAndGet(143)) - 4a682f4f-c3f2-4b77-88b7-f0ab78890feb: start FollowerState
2019-11-05 08:23:57,739 [Thread-1384] INFO  impl.FollowerState (FollowerState.java:run(108)) - a8ae9c07-6d89-4a49-a594-cacd4b776180@group-0E159EE4F99E-FollowerState: change to CANDIDATE, lastRpcTime:77ms, electionTimeout:77ms
2019-11-05 08:23:57,739 [Thread-1384] INFO  impl.RoleInfo (RoleInfo.java:shutdownFollowerState(121)) - a8ae9c07-6d89-4a49-a594-cacd4b776180: shutdown FollowerState
2019-11-05 08:23:57,739 [Thread-1384] INFO  impl.RaftServerImpl (RaftServerImpl.java:setRole(184)) - a8ae9c07-6d89-4a49-a594-cacd4b776180@group-0E159EE4F99E: changes role from  FOLLOWER to CANDIDATE at term 82 for changeToCandidate
2019-11-05 08:23:57,739 [Thread-1384] INFO  impl.RoleInfo (RoleInfo.java:updateAndGet(143)) - a8ae9c07-6d89-4a49-a594-cacd4b776180: start LeaderElection
2019-11-05 08:23:57,744 [Thread-1387] INFO  impl.FollowerState (FollowerState.java:run(108)) - 4a682f4f-c3f2-4b77-88b7-f0ab78890feb@group-0DB8C7688BF9-FollowerState: change to CANDIDATE, lastRpcTime:66ms, electionTimeout:66ms
2019-11-05 08:23:57,744 [Thread-1387] INFO  impl.RoleInfo (RoleInfo.java:shutdownFollowerState(121)) - 4a682f4f-c3f2-4b77-88b7-f0ab78890feb: shutdown FollowerState
2019-11-05 08:23:57,745 [Thread-1387] INFO  impl.RaftServerImpl (RaftServerImpl.java:setRole(184)) - 4a682f4f-c3f2-4b77-88b7-f0ab78890feb@group-0DB8C7688BF9: changes role from  FOLLOWER to CANDIDATE at term 75 for changeToCandidate
2019-11-05 08:23:57,745 [Thread-1387] INFO  impl.RoleInfo (RoleInfo.java:updateAndGet(143)) - 4a682f4f-c3f2-4b77-88b7-f0ab78890feb: start LeaderElection
2019-11-05 08:23:57,757 [a8ae9c07-6d89-4a49-a594-cacd4b776180@group-0E159EE4F99E-LeaderElection157] INFO  impl.LeaderElection (LeaderElection.java:askForVotes(178)) - a8ae9c07-6d89-4a49-a594-cacd4b776180@group-0E159EE4F99E-LeaderElection157: begin an election at term 83 for -1: [caafcba9-090a-41f5-a5f9-cba5a6a81e94:192.168.164.217:37197, a8ae9c07-6d89-4a49-a594-cacd4b776180:192.168.164.217:42719, b3bb9051-8089-4c51-a999-81579e5913f2:192.168.164.217:36516], old=null
2019-11-05 08:23:57,757 [4a682f4f-c3f2-4b77-88b7-f0ab78890feb@group-0DB8C7688BF9-LeaderElection158] INFO  impl.LeaderElection (LeaderElection.java:askForVotes(178)) - 4a682f4f-c3f2-4b77-88b7-f0ab78890feb@group-0DB8C7688BF9-LeaderElection158: begin an election at term 76 for -1: [77ab65e6-d942-49df-83a3-1d4c0bf152b3:192.168.164.217:39381, 7e1b84a9-a041-44fd-8008-f2679426984c:192.168.164.217:44149, 4a682f4f-c3f2-4b77-88b7-f0ab78890feb:192.168.164.217:34174], old=null
2019-11-05 08:23:57,769 [grpc-default-executor-4] INFO  impl.RaftServerImpl (RaftServerImpl.java:setRole(184)) - b3bb9051-8089-4c51-a999-81579e5913f2@group-0E159EE4F99E: changes role from  FOLLOWER to FOLLOWER at term 83 for recognizeCandidate:a8ae9c07-6d89-4a49-a594-cacd4b776180
2019-11-05 08:23:57,771 [grpc-default-executor-4] INFO  impl.RoleInfo (RoleInfo.java:shutdownFollowerState(121)) - b3bb9051-8089-4c51-a999-81579e5913f2: shutdown FollowerState
2019-11-05 08:23:57,771 [grpc-default-executor-1] INFO  impl.RaftServerImpl (RaftServerImpl.java:setRole(184)) - caafcba9-090a-41f5-a5f9-cba5a6a81e94@group-0E159EE4F99E: changes role from  FOLLOWER to FOLLOWER at term 83 for recognizeCandidate:a8ae9c07-6d89-4a49-a594-cacd4b776180
2019-11-05 08:23:57,771 [grpc-default-executor-6] INFO  impl.RaftServerImpl (RaftServerImpl.java:setRole(184)) - 77ab65e6-d942-49df-83a3-1d4c0bf152b3@group-0DB8C7688BF9: changes role from  FOLLOWER to FOLLOWER at term 76 for recognizeCandidate:4a682f4f-c3f2-4b77-88b7-f0ab78890feb
2019-11-05 08:23:57,771 [grpc-default-executor-0] INFO  impl.RaftServerImpl (RaftServerImpl.java:setRole(184)) - 7e1b84a9-a041-44fd-8008-f2679426984c@group-0DB8C7688BF9: changes role from  FOLLOWER to FOLLOWER at term 76 for recognizeCandidate:4a682f4f-c3f2-4b77-88b7-f0ab78890feb
2019-11-05 08:23:57,771 [Thread-1380] INFO  impl.FollowerState (FollowerState.java:run(117)) - b3bb9051-8089-4c51-a999-81579e5913f2@group-0E159EE4F99E-FollowerState was interrupted: java.lang.InterruptedException: sleep interrupted
2019-11-05 08:23:57,771 [grpc-default-executor-4] INFO  impl.RoleInfo (RoleInfo.java:updateAndGet(143)) - b3bb9051-8089-4c51-a999-81579e5913f2: start FollowerState
2019-11-05 08:23:57,772 [grpc-default-executor-0] INFO  impl.RoleInfo (RoleInfo.java:shutdownFollowerState(121)) - 7e1b84a9-a041-44fd-8008-f2679426984c: shutdown FollowerState
2019-11-05 08:23:57,772 [grpc-default-executor-6] INFO  impl.RoleInfo (RoleInfo.java:shutdownFollowerState(121)) - 77ab65e6-d942-49df-83a3-1d4c0bf152b3: shutdown FollowerState
2019-11-05 08:23:57,771 [grpc-default-executor-1] INFO  impl.RoleInfo (RoleInfo.java:shutdownFollowerState(121)) - caafcba9-090a-41f5-a5f9-cba5a6a81e94: shutdown FollowerState
2019-11-05 08:23:57,773 [Thread-1385] INFO  impl.FollowerState (FollowerState.java:run(117)) - 77ab65e6-d942-49df-83a3-1d4c0bf152b3@group-0DB8C7688BF9-FollowerState was interrupted: java.lang.InterruptedException: sleep interrupted
2019-11-05 08:23:57,772 [grpc-default-executor-6] INFO  impl.RoleInfo (RoleInfo.java:updateAndGet(143)) - 77ab65e6-d942-49df-83a3-1d4c0bf152b3: start FollowerState
2019-11-05 08:23:57,772 [Thread-1386] INFO  impl.FollowerState (FollowerState.java:run(117)) - 7e1b84a9-a041-44fd-8008-f2679426984c@group-0DB8C7688BF9-FollowerState was interrupted: java.lang.InterruptedException: sleep interrupted
2019-11-05 08:23:57,772 [grpc-default-executor-0] INFO  impl.RoleInfo (RoleInfo.java:updateAndGet(143)) - 7e1b84a9-a041-44fd-8008-f2679426984c: start FollowerState
2019-11-05 08:23:57,773 [Thread-1379] INFO  impl.FollowerState (FollowerState.java:run(117)) - caafcba9-090a-41f5-a5f9-cba5a6a81e94@group-0E159EE4F99E-FollowerState was interrupted: java.lang.InterruptedException: sleep interrupted
2019-11-05 08:23:57,773 [grpc-default-executor-1] INFO  impl.RoleInfo (RoleInfo.java:updateAndGet(143)) - caafcba9-090a-41f5-a5f9-cba5a6a81e94: start FollowerState
2019-11-05 08:23:57,787 [4a682f4f-c3f2-4b77-88b7-f0ab78890feb@group-0DB8C7688BF9-LeaderElection158] INFO  impl.LeaderElection (LeaderElection.java:logAndReturn(56)) - 4a682f4f-c3f2-4b77-88b7-f0ab78890feb@group-0DB8C7688BF9-LeaderElection158: Election REJECTED; received 2 response(s) [4a682f4f-c3f2-4b77-88b7-f0ab78890feb<-77ab65e6-d942-49df-83a3-1d4c0bf152b3#0:FAIL-t76, 4a682f4f-c3f2-4b77-88b7-f0ab78890feb<-7e1b84a9-a041-44fd-8008-f2679426984c#0:FAIL-t76] and 0 exception(s); 4a682f4f-c3f2-4b77-88b7-f0ab78890feb@group-0DB8C7688BF9:t76, leader=null, voted=4a682f4f-c3f2-4b77-88b7-f0ab78890feb, raftlog=4a682f4f-c3f2-4b77-88b7-f0ab78890feb@group-0DB8C7688BF9-SegmentedRaftLog:OPENED:c-1,f-1,i0, conf=-1: [77ab65e6-d942-49df-83a3-1d4c0bf152b3:192.168.164.217:39381, 7e1b84a9-a041-44fd-8008-f2679426984c:192.168.164.217:44149, 4a682f4f-c3f2-4b77-88b7-f0ab78890feb:192.168.164.217:34174], old=null
2019-11-05 08:23:57,787 [a8ae9c07-6d89-4a49-a594-cacd4b776180@group-0E159EE4F99E-LeaderElection157] INFO  impl.LeaderElection (LeaderElection.java:logAndReturn(56)) - a8ae9c07-6d89-4a49-a594-cacd4b776180@group-0E159EE4F99E-LeaderElection157: Election REJECTED; received 2 response(s) [a8ae9c07-6d89-4a49-a594-cacd4b776180<-caafcba9-090a-41f5-a5f9-cba5a6a81e94#0:FAIL-t83, a8ae9c07-6d89-4a49-a594-cacd4b776180<-b3bb9051-8089-4c51-a999-81579e5913f2#0:FAIL-t83] and 0 exception(s); a8ae9c07-6d89-4a49-a594-cacd4b776180@group-0E159EE4F99E:t83, leader=null, voted=a8ae9c07-6d89-4a49-a594-cacd4b776180, raftlog=a8ae9c07-6d89-4a49-a594-cacd4b776180@group-0E159EE4F99E-SegmentedRaftLog:OPENED:c-1,f-1,i0, conf=-1: [caafcba9-090a-41f5-a5f9-cba5a6a81e94:192.168.164.217:37197, a8ae9c07-6d89-4a49-a594-cacd4b776180:192.168.164.217:42719, b3bb9051-8089-4c51-a999-81579e5913f2:192.168.164.217:36516], old=null
2019-11-05 08:23:57,787 [4a682f4f-c3f2-4b77-88b7-f0ab78890feb@group-0DB8C7688BF9-LeaderElection158] INFO  impl.RaftServerImpl (RaftServerImpl.java:setRole(184)) - 4a682f4f-c3f2-4b77-88b7-f0ab78890feb@group-0DB8C7688BF9: changes role from CANDIDATE to FOLLOWER at term 76 for DISCOVERED_A_NEW_TERM
2019-11-05 08:23:57,787 [a8ae9c07-6d89-4a49-a594-cacd4b776180@group-0E159EE4F99E-LeaderElection157] INFO  impl.RaftServerImpl (RaftServerImpl.java:setRole(184)) - a8ae9c07-6d89-4a49-a594-cacd4b776180@group-0E159EE4F99E: changes role from CANDIDATE to FOLLOWER at term 83 for DISCOVERED_A_NEW_TERM
2019-11-05 08:23:57,787 [4a682f4f-c3f2-4b77-88b7-f0ab78890feb@group-0DB8C7688BF9-LeaderElection158] INFO  impl.RoleInfo (RoleInfo.java:shutdownLeaderElection(134)) - 4a682f4f-c3f2-4b77-88b7-f0ab78890feb: shutdown LeaderElection
2019-11-05 08:23:57,787 [a8ae9c07-6d89-4a49-a594-cacd4b776180@group-0E159EE4F99E-LeaderElection157] INFO  impl.RoleInfo (RoleInfo.java:shutdownLeaderElection(134)) - a8ae9c07-6d89-4a49-a594-cacd4b776180: shutdown LeaderElection
2019-11-05 08:23:57,788 [4a682f4f-c3f2-4b77-88b7-f0ab78890feb@group-0DB8C7688BF9-LeaderElection158] INFO  impl.RoleInfo (RoleInfo.java:updateAndGet(143)) - 4a682f4f-c3f2-4b77-88b7-f0ab78890feb: start FollowerState
2019-11-05 08:23:57,788 [a8ae9c07-6d89-4a49-a594-cacd4b776180@group-0E159EE4F99E-LeaderElection157] INFO  impl.RoleInfo (RoleInfo.java:updateAndGet(143)) - a8ae9c07-6d89-4a49-a594-cacd4b776180: start FollowerState
2019-11-05 08:23:57,918 [Thread-1401] INFO  impl.FollowerState (FollowerState.java:run(108)) - a8ae9c07-6d89-4a49-a594-cacd4b776180@group-0E159EE4F99E-FollowerState: change to CANDIDATE, lastRpcTime:130ms, electionTimeout:130ms
2019-11-05 08:23:57,919 [Thread-1401] INFO  impl.RoleInfo (RoleInfo.java:shutdownFollowerState(121)) - a8ae9c07-6d89-4a49-a594-cacd4b776180: shutdown FollowerState
2019-11-05 08:23:57,919 [Thread-1401] INFO  impl.RaftServerImpl (RaftServerImpl.java:setRole(184)) - a8ae9c07-6d89-4a49-a594-cacd4b776180@group-0E159EE4F99E: changes role from  FOLLOWER to CANDIDATE at term 83 for changeToCandidate
2019-11-05 08:23:57,919 [Thread-1401] INFO  impl.RoleInfo (RoleInfo.java:updateAndGet(143)) - a8ae9c07-6d89-4a49-a594-cacd4b776180: start LeaderElection
2019-11-05 08:23:57,933 [a8ae9c07-6d89-4a49-a594-cacd4b776180@group-0E159EE4F99E-LeaderElection159] INFO  impl.LeaderElection (LeaderElection.java:askForVotes(178)) - a8ae9c07-6d89-4a49-a594-cacd4b776180@group-0E159EE4F99E-LeaderElection159: begin an election at term 84 for -1: [caafcba9-090a-41f5-a5f9-cba5a6a81e94:192.168.164.217:37197, a8ae9c07-6d89-4a49-a594-cacd4b776180:192.168.164.217:42719, b3bb9051-8089-4c51-a999-81579e5913f2:192.168.164.217:36516], old=null
2019-11-05 08:23:57,935 [grpc-default-executor-1] INFO  impl.RaftServerImpl (RaftServerImpl.java:setRole(184)) - b3bb9051-8089-4c51-a999-81579e5913f2@group-0E159EE4F99E: changes role from  FOLLOWER to FOLLOWER at term 84 for recognizeCandidate:a8ae9c07-6d89-4a49-a594-cacd4b776180
2019-11-05 08:23:57,936 [grpc-default-executor-1] INFO  impl.RoleInfo (RoleInfo.java:shutdownFollowerState(121)) - b3bb9051-8089-4c51-a999-81579e5913f2: shutdown FollowerState
2019-11-05 08:23:57,936 [grpc-default-executor-0] INFO  impl.RaftServerImpl (RaftServerImpl.java:setRole(184)) - caafcba9-090a-41f5-a5f9-cba5a6a81e94@group-0E159EE4F99E: changes role from  FOLLOWER to FOLLOWER at term 84 for recognizeCandidate:a8ae9c07-6d89-4a49-a594-cacd4b776180
2019-11-05 08:23:57,936 [Thread-1396] INFO  impl.FollowerState (FollowerState.java:run(117)) - b3bb9051-8089-4c51-a999-81579e5913f2@group-0E159EE4F99E-FollowerState was interrupted: java.lang.InterruptedException: sleep interrupted
2019-11-05 08:23:57,936 [grpc-default-executor-1] INFO  impl.RoleInfo (RoleInfo.java:updateAndGet(143)) - b3bb9051-8089-4c51-a999-81579e5913f2: start FollowerState
2019-11-05 08:23:57,936 [grpc-default-executor-0] INFO  impl.RoleInfo (RoleInfo.java:shutdownFollowerState(121)) - caafcba9-090a-41f5-a5f9-cba5a6a81e94: shutdown FollowerState
2019-11-05 08:23:57,937 [grpc-default-executor-0] INFO  impl.RoleInfo (RoleInfo.java:updateAndGet(143)) - caafcba9-090a-41f5-a5f9-cba5a6a81e94: start FollowerState
2019-11-05 08:23:57,937 [Thread-1399] INFO  impl.FollowerState (FollowerState.java:run(117)) - caafcba9-090a-41f5-a5f9-cba5a6a81e94@group-0E159EE4F99E-FollowerState was interrupted: java.lang.InterruptedException: sleep interrupted
2019-11-05 08:23:57,952 [Thread-1400] INFO  impl.FollowerState (FollowerState.java:run(108)) - 4a682f4f-c3f2-4b77-88b7-f0ab78890feb@group-0DB8C7688BF9-FollowerState: change to CANDIDATE, lastRpcTime:164ms, electionTimeout:164ms
2019-11-05 08:23:57,952 [Thread-1400] INFO  impl.RoleInfo (RoleInfo.java:shutdownFollowerState(121)) - 4a682f4f-c3f2-4b77-88b7-f0ab78890feb: shutdown FollowerState
2019-11-05 08:23:57,952 [Thread-1400] INFO  impl.RaftServerImpl (RaftServerImpl.java:setRole(184)) - 4a682f4f-c3f2-4b77-88b7-f0ab78890feb@group-0DB8C7688BF9: changes role from  FOLLOWER to CANDIDATE at term 76 for changeToCandidate
2019-11-05 08:23:57,953 [Thread-1400] INFO  impl.RoleInfo (RoleInfo.java:updateAndGet(143)) - 4a682f4f-c3f2-4b77-88b7-f0ab78890feb: start LeaderElection
2019-11-05 08:23:57,963 [4a682f4f-c3f2-4b77-88b7-f0ab78890feb@group-0DB8C7688BF9-LeaderElection160] INFO  impl.LeaderElection (LeaderElection.java:askForVotes(178)) - 4a682f4f-c3f2-4b77-88b7-f0ab78890feb@group-0DB8C7688BF9-LeaderElection160: begin an election at term 77 for -1: [77ab65e6-d942-49df-83a3-1d4c0bf152b3:192.168.164.217:39381, 7e1b84a9-a041-44fd-8008-f2679426984c:192.168.164.217:44149, 4a682f4f-c3f2-4b77-88b7-f0ab78890feb:192.168.164.217:34174], old=null
2019-11-05 08:23:57,964 [a8ae9c07-6d89-4a49-a594-cacd4b776180@group-0E159EE4F99E-LeaderElection159] INFO  impl.LeaderElection (LeaderElection.java:logAndReturn(56)) - a8ae9c07-6d89-4a49-a594-cacd4b776180@group-0E159EE4F99E-LeaderElection159: Election REJECTED; received 2 response(s) [a8ae9c07-6d89-4a49-a594-cacd4b776180<-caafcba9-090a-41f5-a5f9-cba5a6a81e94#0:FAIL-t84, a8ae9c07-6d89-4a49-a594-cacd4b776180<-b3bb9051-8089-4c51-a999-81579e5913f2#0:FAIL-t84] and 0 exception(s); a8ae9c07-6d89-4a49-a594-cacd4b776180@group-0E159EE4F99E:t84, leader=null, voted=a8ae9c07-6d89-4a49-a594-cacd4b776180, raftlog=a8ae9c07-6d89-4a49-a594-cacd4b776180@group-0E159EE4F99E-SegmentedRaftLog:OPENED:c-1,f-1,i0, conf=-1: [caafcba9-090a-41f5-a5f9-cba5a6a81e94:192.168.164.217:37197, a8ae9c07-6d89-4a49-a594-cacd4b776180:192.168.164.217:42719, b3bb9051-8089-4c51-a999-81579e5913f2:192.168.164.217:36516], old=null
2019-11-05 08:23:57,964 [a8ae9c07-6d89-4a49-a594-cacd4b776180@group-0E159EE4F99E-LeaderElection159] INFO  impl.RaftServerImpl (RaftServerImpl.java:setRole(184)) - a8ae9c07-6d89-4a49-a594-cacd4b776180@group-0E159EE4F99E: changes role from CANDIDATE to FOLLOWER at term 84 for DISCOVERED_A_NEW_TERM
2019-11-05 08:23:57,964 [a8ae9c07-6d89-4a49-a594-cacd4b776180@group-0E159EE4F99E-LeaderElection159] INFO  impl.RoleInfo (RoleInfo.java:shutdownLeaderElection(134)) - a8ae9c07-6d89-4a49-a594-cacd4b776180: shutdown LeaderElection
2019-11-05 08:23:57,964 [a8ae9c07-6d89-4a49-a594-cacd4b776180@group-0E159EE4F99E-LeaderElection159] INFO  impl.RoleInfo (RoleInfo.java:updateAndGet(143)) - a8ae9c07-6d89-4a49-a594-cacd4b776180: start FollowerState
2019-11-05 08:23:57,964 [grpc-default-executor-0] INFO  impl.RaftServerImpl (RaftServerImpl.java:setRole(184)) - 77ab65e6-d942-49df-83a3-1d4c0bf152b3@group-0DB8C7688BF9: changes role from  FOLLOWER to FOLLOWER at term 77 for recognizeCandidate:4a682f4f-c3f2-4b77-88b7-f0ab78890feb
2019-11-05 08:23:57,965 [grpc-default-executor-0] INFO  impl.RoleInfo (RoleInfo.java:shutdownFollowerState(121)) - 77ab65e6-d942-49df-83a3-1d4c0bf152b3: shutdown FollowerState
2019-11-05 08:23:57,965 [grpc-default-executor-1] INFO  impl.RaftServerImpl (RaftServerImpl.java:setRole(184)) - 7e1b84a9-a041-44fd-8008-f2679426984c@group-0DB8C7688BF9: changes role from  FOLLOWER to FOLLOWER at term 77 for recognizeCandidate:4a682f4f-c3f2-4b77-88b7-f0ab78890feb
2019-11-05 08:23:57,965 [Thread-1398] INFO  impl.FollowerState (FollowerState.java:run(117)) - 77ab65e6-d942-49df-83a3-1d4c0bf152b3@group-0DB8C7688BF9-FollowerState was interrupted: java.lang.InterruptedException: sleep interrupted
2019-11-05 08:23:57,965 [grpc-default-executor-0] INFO  impl.RoleInfo (RoleInfo.java:updateAndGet(143)) - 77ab65e6-d942-49df-83a3-1d4c0bf152b3: start FollowerState
2019-11-05 08:23:57,965 [grpc-default-executor-1] INFO  impl.RoleInfo (RoleInfo.java:shutdownFollowerState(121)) - 7e1b84a9-a041-44fd-8008-f2679426984c: shutdown FollowerState
2019-11-05 08:23:57,965 [grpc-default-executor-1] INFO  impl.RoleInfo (RoleInfo.java:updateAndGet(143)) - 7e1b84a9-a041-44fd-8008-f2679426984c: start FollowerState
2019-11-05 08:23:57,965 [Thread-1397] INFO  impl.FollowerState (FollowerState.java:run(117)) - 7e1b84a9-a041-44fd-8008-f2679426984c@group-0DB8C7688BF9-FollowerState was interrupted: java.lang.InterruptedException: sleep interrupted
2019-11-05 08:23:57,979 [4a682f4f-c3f2-4b77-88b7-f0ab78890feb@group-0DB8C7688BF9-LeaderElection160] INFO  impl.LeaderElection (LeaderElection.java:logAndReturn(56)) - 4a682f4f-c3f2-4b77-88b7-f0ab78890feb@group-0DB8C7688BF9-LeaderElection160: Election REJECTED; received 2 response(s) [4a682f4f-c3f2-4b77-88b7-f0ab78890feb<-77ab65e6-d942-49df-83a3-1d4c0bf152b3#0:FAIL-t77, 4a682f4f-c3f2-4b77-88b7-f0ab78890feb<-7e1b84a9-a041-44fd-8008-f2679426984c#0:FAIL-t77] and 0 exception(s); 4a682f4f-c3f2-4b77-88b7-f0ab78890feb@group-0DB8C7688BF9:t77, leader=null, voted=4a682f4f-c3f2-4b77-88b7-f0ab78890feb, raftlog=4a682f4f-c3f2-4b77-88b7-f0ab78890feb@group-0DB8C7688BF9-SegmentedRaftLog:OPENED:c-1,f-1,i0, conf=-1: [77ab65e6-d942-49df-83a3-1d4c0bf152b3:192.168.164.217:39381, 7e1b84a9-a041-44fd-8008-f2679426984c:192.168.164.217:44149, 4a682f4f-c3f2-4b77-88b7-f0ab78890feb:192.168.164.217:34174], old=null
2019-11-05 08:23:57,979 [4a682f4f-c3f2-4b77-88b7-f0ab78890feb@group-0DB8C7688BF9-LeaderElection160] INFO  impl.RaftServerImpl (RaftServerImpl.java:setRole(184)) - 4a682f4f-c3f2-4b77-88b7-f0ab78890feb@group-0DB8C7688BF9: changes role from CANDIDATE to FOLLOWER at term 77 for DISCOVERED_A_NEW_TERM
2019-11-05 08:23:57,979 [4a682f4f-c3f2-4b77-88b7-f0ab78890feb@group-0DB8C7688BF9-LeaderElection160] INFO  impl.RoleInfo (RoleInfo.java:shutdownLeaderElection(134)) - 4a682f4f-c3f2-4b77-88b7-f0ab78890feb: shutdown LeaderElection
2019-11-05 08:23:57,979 [4a682f4f-c3f2-4b77-88b7-f0ab78890feb@group-0DB8C7688BF9-LeaderElection160] INFO  impl.RoleInfo (RoleInfo.java:updateAndGet(143)) - 4a682f4f-c3f2-4b77-88b7-f0ab78890feb: start FollowerState
2019-11-05 08:23:58,045 [Thread-1410] INFO  impl.FollowerState (FollowerState.java:run(108)) - a8ae9c07-6d89-4a49-a594-cacd4b776180@group-0E159EE4F99E-FollowerState: change to CANDIDATE, lastRpcTime:80ms, electionTimeout:80ms
2019-11-05 08:23:58,045 [Thread-1410] INFO  impl.RoleInfo (RoleInfo.java:shutdownFollowerState(121)) - a8ae9c07-6d89-4a49-a594-cacd4b776180: shutdown FollowerState
2019-11-05 08:23:58,045 [Thread-1410] INFO  impl.RaftServerImpl (RaftServerImpl.java:setRole(184)) - a8ae9c07-6d89-4a49-a594-cacd4b776180@group-0E159EE4F99E: changes role from  FOLLOWER to CANDIDATE at term 84 for changeToCandidate
2019-11-05 08:23:58,045 [Thread-1410] INFO  impl.RoleInfo (RoleInfo.java:updateAndGet(143)) - a8ae9c07-6d89-4a49-a594-cacd4b776180: start LeaderElection
2019-11-05 08:23:58,059 [a8ae9c07-6d89-4a49-a594-cacd4b776180@group-0E159EE4F99E-LeaderElection161] INFO  impl.LeaderElection (LeaderElection.java:askForVotes(178)) - a8ae9c07-6d89-4a49-a594-cacd4b776180@group-0E159EE4F99E-LeaderElection161: begin an election at term 85 for -1: [caafcba9-090a-41f5-a5f9-cba5a6a81e94:192.168.164.217:37197, a8ae9c07-6d89-4a49-a594-cacd4b776180:192.168.164.217:42719, b3bb9051-8089-4c51-a999-81579e5913f2:192.168.164.217:36516], old=null
2019-11-05 08:23:58,061 [grpc-default-executor-1] INFO  impl.RaftServerImpl (RaftServerImpl.java:setRole(184)) - caafcba9-090a-41f5-a5f9-cba5a6a81e94@group-0E159EE4F99E: changes role from  FOLLOWER to FOLLOWER at term 85 for recognizeCandidate:a8ae9c07-6d89-4a49-a594-cacd4b776180
2019-11-05 08:23:58,061 [grpc-default-executor-0] INFO  impl.RaftServerImpl (RaftServerImpl.java:setRole(184)) - b3bb9051-8089-4c51-a999-81579e5913f2@group-0E159EE4F99E: changes role from  FOLLOWER to FOLLOWER at term 85 for recognizeCandidate:a8ae9c07-6d89-4a49-a594-cacd4b776180
2019-11-05 08:23:58,062 [grpc-default-executor-0] INFO  impl.RoleInfo (RoleInfo.java:shutdownFollowerState(121)) - b3bb9051-8089-4c51-a999-81579e5913f2: shutdown FollowerState
2019-11-05 08:23:58,061 [grpc-default-executor-1] INFO  impl.RoleInfo (RoleInfo.java:shutdownFollowerState(121)) - caafcba9-090a-41f5-a5f9-cba5a6a81e94: shutdown FollowerState
2019-11-05 08:23:58,062 [grpc-default-executor-1] INFO  impl.RoleInfo (RoleInfo.java:updateAndGet(143)) - caafcba9-090a-41f5-a5f9-cba5a6a81e94: start FollowerState
2019-11-05 08:23:58,062 [Thread-1405] INFO  impl.FollowerState (FollowerState.java:run(117)) - b3bb9051-8089-4c51-a999-81579e5913f2@group-0E159EE4F99E-FollowerState was interrupted: java.lang.InterruptedException: sleep interrupted
2019-11-05 08:23:58,062 [grpc-default-executor-0] INFO  impl.RoleInfo (RoleInfo.java:updateAndGet(143)) - b3bb9051-8089-4c51-a999-81579e5913f2: start FollowerState
2019-11-05 08:23:58,062 [Thread-1406] INFO  impl.FollowerState (FollowerState.java:run(117)) - caafcba9-090a-41f5-a5f9-cba5a6a81e94@group-0E159EE4F99E-FollowerState was interrupted: java.lang.InterruptedException: sleep interrupted
2019-11-05 08:23:58,077 [a8ae9c07-6d89-4a49-a594-cacd4b776180@group-0E159EE4F99E-LeaderElection161] INFO  impl.LeaderElection (LeaderElection.java:logAndReturn(56)) - a8ae9c07-6d89-4a49-a594-cacd4b776180@group-0E159EE4F99E-LeaderElection161: Election REJECTED; received 2 response(s) [a8ae9c07-6d89-4a49-a594-cacd4b776180<-caafcba9-090a-41f5-a5f9-cba5a6a81e94#0:FAIL-t85, a8ae9c07-6d89-4a49-a594-cacd4b776180<-b3bb9051-8089-4c51-a999-81579e5913f2#0:FAIL-t85] and 0 exception(s); a8ae9c07-6d89-4a49-a594-cacd4b776180@group-0E159EE4F99E:t85, leader=null, voted=a8ae9c07-6d89-4a49-a594-cacd4b776180, raftlog=a8ae9c07-6d89-4a49-a594-cacd4b776180@group-0E159EE4F99E-SegmentedRaftLog:OPENED:c-1,f-1,i0, conf=-1: [caafcba9-090a-41f5-a5f9-cba5a6a81e94:192.168.164.217:37197, a8ae9c07-6d89-4a49-a594-cacd4b776180:192.168.164.217:42719, b3bb9051-8089-4c51-a999-81579e5913f2:192.168.164.217:36516], old=null
2019-11-05 08:23:58,077 [a8ae9c07-6d89-4a49-a594-cacd4b776180@group-0E159EE4F99E-LeaderElection161] INFO  impl.RaftServerImpl (RaftServerImpl.java:setRole(184)) - a8ae9c07-6d89-4a49-a594-cacd4b776180@group-0E159EE4F99E: changes role from CANDIDATE to FOLLOWER at term 85 for DISCOVERED_A_NEW_TERM
2019-11-05 08:23:58,077 [a8ae9c07-6d89-4a49-a594-cacd4b776180@group-0E159EE4F99E-LeaderElection161] INFO  impl.RoleInfo (RoleInfo.java:shutdownLeaderElection(134)) - a8ae9c07-6d89-4a49-a594-cacd4b776180: shutdown LeaderElection
2019-11-05 08:23:58,077 [a8ae9c07-6d89-4a49-a594-cacd4b776180@group-0E159EE4F99E-LeaderElection161] INFO  impl.RoleInfo (RoleInfo.java:updateAndGet(143)) - a8ae9c07-6d89-4a49-a594-cacd4b776180: start FollowerState
2019-11-05 08:23:58,171 [Thread-1413] INFO  impl.FollowerState (FollowerState.java:run(108)) - 4a682f4f-c3f2-4b77-88b7-f0ab78890feb@group-0DB8C7688BF9-FollowerState: change to CANDIDATE, lastRpcTime:191ms, electionTimeout:191ms
2019-11-05 08:23:58,171 [Thread-1413] INFO  impl.RoleInfo (RoleInfo.java:shutdownFollowerState(121)) - 4a682f4f-c3f2-4b77-88b7-f0ab78890feb: shutdown FollowerState
2019-11-05 08:23:58,171 [Thread-1413] INFO  impl.RaftServerImpl (RaftServerImpl.java:setRole(184)) - 4a682f4f-c3f2-4b77-88b7-f0ab78890feb@group-0DB8C7688BF9: changes role from  FOLLOWER to CANDIDATE at term 77 for changeToCandidate
2019-11-05 08:23:58,171 [Thread-1413] INFO  impl.RoleInfo (RoleInfo.java:updateAndGet(143)) - 4a682f4f-c3f2-4b77-88b7-f0ab78890feb: start LeaderElection
2019-11-05 08:23:58,184 [4a682f4f-c3f2-4b77-88b7-f0ab78890feb@group-0DB8C7688BF9-LeaderElection162] INFO  impl.LeaderElection (LeaderElection.java:askForVotes(178)) - 4a682f4f-c3f2-4b77-88b7-f0ab78890feb@group-0DB8C7688BF9-LeaderElection162: begin an election at term 78 for -1: [77ab65e6-d942-49df-83a3-1d4c0bf152b3:192.168.164.217:39381, 7e1b84a9-a041-44fd-8008-f2679426984c:192.168.164.217:44149, 4a682f4f-c3f2-4b77-88b7-f0ab78890feb:192.168.164.217:34174], old=null
2019-11-05 08:23:58,186 [grpc-default-executor-0] INFO  impl.RaftServerImpl (RaftServerImpl.java:setRole(184)) - 77ab65e6-d942-49df-83a3-1d4c0bf152b3@group-0DB8C7688BF9: changes role from  FOLLOWER to FOLLOWER at term 78 for recognizeCandidate:4a682f4f-c3f2-4b77-88b7-f0ab78890feb
2019-11-05 08:23:58,187 [grpc-default-executor-0] INFO  impl.RoleInfo (RoleInfo.java:shutdownFollowerState(121)) - 77ab65e6-d942-49df-83a3-1d4c0bf152b3: shutdown FollowerState
2019-11-05 08:23:58,186 [grpc-default-executor-1] INFO  impl.RaftServerImpl (RaftServerImpl.java:setRole(184)) - 7e1b84a9-a041-44fd-8008-f2679426984c@group-0DB8C7688BF9: changes role from  FOLLOWER to FOLLOWER at term 78 for recognizeCandidate:4a682f4f-c3f2-4b77-88b7-f0ab78890feb
2019-11-05 08:23:58,187 [Thread-1411] INFO  impl.FollowerState (FollowerState.java:run(117)) - 77ab65e6-d942-49df-83a3-1d4c0bf152b3@group-0DB8C7688BF9-FollowerState was interrupted: java.lang.InterruptedException: sleep interrupted
2019-11-05 08:23:58,187 [grpc-default-executor-0] INFO  impl.RoleInfo (RoleInfo.java:updateAndGet(143)) - 77ab65e6-d942-49df-83a3-1d4c0bf152b3: start FollowerState
2019-11-05 08:23:58,187 [grpc-default-executor-1] INFO  impl.RoleInfo (RoleInfo.java:shutdownFollowerState(121)) - 7e1b84a9-a041-44fd-8008-f2679426984c: shutdown FollowerState
2019-11-05 08:23:58,187 [grpc-default-executor-1] INFO  impl.RoleInfo (RoleInfo.java:updateAndGet(143)) - 7e1b84a9-a041-44fd-8008-f2679426984c: start FollowerState
2019-11-05 08:23:58,187 [Thread-1412] INFO  impl.FollowerState (FollowerState.java:run(117)) - 7e1b84a9-a041-44fd-8008-f2679426984c@group-0DB8C7688BF9-FollowerState was interrupted: java.lang.InterruptedException: sleep interrupted
2019-11-05 08:23:58,229 [4a682f4f-c3f2-4b77-88b7-f0ab78890feb@group-0DB8C7688BF9-LeaderElection162] INFO  impl.LeaderElection (LeaderElection.java:logAndReturn(56)) - 4a682f4f-c3f2-4b77-88b7-f0ab78890feb@group-0DB8C7688BF9-LeaderElection162: Election REJECTED; received 2 response(s) [4a682f4f-c3f2-4b77-88b7-f0ab78890feb<-77ab65e6-d942-49df-83a3-1d4c0bf152b3#0:FAIL-t78, 4a682f4f-c3f2-4b77-88b7-f0ab78890feb<-7e1b84a9-a041-44fd-8008-f2679426984c#0:FAIL-t78] and 0 exception(s); 4a682f4f-c3f2-4b77-88b7-f0ab78890feb@group-0DB8C7688BF9:t78, leader=null, voted=4a682f4f-c3f2-4b77-88b7-f0ab78890feb, raftlog=4a682f4f-c3f2-4b77-88b7-f0ab78890feb@group-0DB8C7688BF9-SegmentedRaftLog:OPENED:c-1,f-1,i0, conf=-1: [77ab65e6-d942-49df-83a3-1d4c0bf152b3:192.168.164.217:39381, 7e1b84a9-a041-44fd-8008-f2679426984c:192.168.164.217:44149, 4a682f4f-c3f2-4b77-88b7-f0ab78890feb:192.168.164.217:34174], old=null
2019-11-05 08:23:58,229 [4a682f4f-c3f2-4b77-88b7-f0ab78890feb@group-0DB8C7688BF9-LeaderElection162] INFO  impl.RaftServerImpl (RaftServerImpl.java:setRole(184)) - 4a682f4f-c3f2-4b77-88b7-f0ab78890feb@group-0DB8C7688BF9: changes role from CANDIDATE to FOLLOWER at term 78 for DISCOVERED_A_NEW_TERM
2019-11-05 08:23:58,229 [4a682f4f-c3f2-4b77-88b7-f0ab78890feb@group-0DB8C7688BF9-LeaderElection162] INFO  impl.RoleInfo (RoleInfo.java:shutdownLeaderElection(134)) - 4a682f4f-c3f2-4b77-88b7-f0ab78890feb: shutdown LeaderElection
2019-11-05 08:23:58,229 [4a682f4f-c3f2-4b77-88b7-f0ab78890feb@group-0DB8C7688BF9-LeaderElection162] INFO  impl.RoleInfo (RoleInfo.java:updateAndGet(143)) - 4a682f4f-c3f2-4b77-88b7-f0ab78890feb: start FollowerState
2019-11-05 08:23:58,253 [Thread-1420] INFO  impl.FollowerState (FollowerState.java:run(108)) - a8ae9c07-6d89-4a49-a594-cacd4b776180@group-0E159EE4F99E-FollowerState: change to CANDIDATE, lastRpcTime:175ms, electionTimeout:175ms
2019-11-05 08:23:58,253 [Thread-1420] INFO  impl.RoleInfo (RoleInfo.java:shutdownFollowerState(121)) - a8ae9c07-6d89-4a49-a594-cacd4b776180: shutdown FollowerState
2019-11-05 08:23:58,253 [Thread-1420] INFO  impl.RaftServerImpl (RaftServerImpl.java:setRole(184)) - a8ae9c07-6d89-4a49-a594-cacd4b776180@group-0E159EE4F99E: changes role from  FOLLOWER to CANDIDATE at term 85 for changeToCandidate
2019-11-05 08:23:58,253 [Thread-1420] INFO  impl.RoleInfo (RoleInfo.java:updateAndGet(143)) - a8ae9c07-6d89-4a49-a594-cacd4b776180: start LeaderElection
2019-11-05 08:23:58,267 [a8ae9c07-6d89-4a49-a594-cacd4b776180@group-0E159EE4F99E-LeaderElection163] INFO  impl.LeaderElection (LeaderElection.java:askForVotes(178)) - a8ae9c07-6d89-4a49-a594-cacd4b776180@group-0E159EE4F99E-LeaderElection163: begin an election at term 86 for -1: [caafcba9-090a-41f5-a5f9-cba5a6a81e94:192.168.164.217:37197, a8ae9c07-6d89-4a49-a594-cacd4b776180:192.168.164.217:42719, b3bb9051-8089-4c51-a999-81579e5913f2:192.168.164.217:36516], old=null
2019-11-05 08:23:58,269 [grpc-default-executor-1] INFO  impl.RaftServerImpl (RaftServerImpl.java:setRole(184)) - caafcba9-090a-41f5-a5f9-cba5a6a81e94@group-0E159EE4F99E: changes role from  FOLLOWER to FOLLOWER at term 86 for recognizeCandidate:a8ae9c07-6d89-4a49-a594-cacd4b776180
2019-11-05 08:23:58,269 [grpc-default-executor-1] INFO  impl.RoleInfo (RoleInfo.java:shutdownFollowerState(121)) - caafcba9-090a-41f5-a5f9-cba5a6a81e94: shutdown FollowerState
2019-11-05 08:23:58,269 [grpc-default-executor-0] INFO  impl.RaftServerImpl (RaftServerImpl.java:setRole(184)) - b3bb9051-8089-4c51-a999-81579e5913f2@group-0E159EE4F99E: changes role from  FOLLOWER to FOLLOWER at term 86 for recognizeCandidate:a8ae9c07-6d89-4a49-a594-cacd4b776180
2019-11-05 08:23:58,269 [grpc-default-executor-1] INFO  impl.RoleInfo (RoleInfo.java:updateAndGet(143)) - caafcba9-090a-41f5-a5f9-cba5a6a81e94: start FollowerState
2019-11-05 08:23:58,270 [Thread-1418] INFO  impl.FollowerState (FollowerState.java:run(117)) - caafcba9-090a-41f5-a5f9-cba5a6a81e94@group-0E159EE4F99E-FollowerState was interrupted: java.lang.InterruptedException: sleep interrupted
2019-11-05 08:23:58,270 [grpc-default-executor-0] INFO  impl.RoleInfo (RoleInfo.java:shutdownFollowerState(121)) - b3bb9051-8089-4c51-a999-81579e5913f2: shutdown FollowerState
2019-11-05 08:23:58,270 [grpc-default-executor-0] INFO  impl.RoleInfo (RoleInfo.java:updateAndGet(143)) - b3bb9051-8089-4c51-a999-81579e5913f2: start FollowerState
2019-11-05 08:23:58,270 [Thread-1417] INFO  impl.FollowerState (FollowerState.java:run(117)) - b3bb9051-8089-4c51-a999-81579e5913f2@group-0E159EE4F99E-FollowerState was interrupted: java.lang.InterruptedException: sleep interrupted
2019-11-05 08:23:58,285 [a8ae9c07-6d89-4a49-a594-cacd4b776180@group-0E159EE4F99E-LeaderElection163] INFO  impl.LeaderElection (LeaderElection.java:logAndReturn(56)) - a8ae9c07-6d89-4a49-a594-cacd4b776180@group-0E159EE4F99E-LeaderElection163: Election REJECTED; received 2 response(s) [a8ae9c07-6d89-4a49-a594-cacd4b776180<-caafcba9-090a-41f5-a5f9-cba5a6a81e94#0:FAIL-t86, a8ae9c07-6d89-4a49-a594-cacd4b776180<-b3bb9051-8089-4c51-a999-81579e5913f2#0:FAIL-t86] and 0 exception(s); a8ae9c07-6d89-4a49-a594-cacd4b776180@group-0E159EE4F99E:t86, leader=null, voted=a8ae9c07-6d89-4a49-a594-cacd4b776180, raftlog=a8ae9c07-6d89-4a49-a594-cacd4b776180@group-0E159EE4F99E-SegmentedRaftLog:OPENED:c-1,f-1,i0, conf=-1: [caafcba9-090a-41f5-a5f9-cba5a6a81e94:192.168.164.217:37197, a8ae9c07-6d89-4a49-a594-cacd4b776180:192.168.164.217:42719, b3bb9051-8089-4c51-a999-81579e5913f2:192.168.164.217:36516], old=null
2019-11-05 08:23:58,285 [a8ae9c07-6d89-4a49-a594-cacd4b776180@group-0E159EE4F99E-LeaderElection163] INFO  impl.RaftServerImpl (RaftServerImpl.java:setRole(184)) - a8ae9c07-6d89-4a49-a594-cacd4b776180@group-0E159EE4F99E: changes role from CANDIDATE to FOLLOWER at term 86 for DISCOVERED_A_NEW_TERM
2019-11-05 08:23:58,285 [a8ae9c07-6d89-4a49-a594-cacd4b776180@group-0E159EE4F99E-LeaderElection163] INFO  impl.RoleInfo (RoleInfo.java:shutdownLeaderElection(134)) - a8ae9c07-6d89-4a49-a594-cacd4b776180: shutdown LeaderElection
2019-11-05 08:23:58,285 [a8ae9c07-6d89-4a49-a594-cacd4b776180@group-0E159EE4F99E-LeaderElection163] INFO  impl.RoleInfo (RoleInfo.java:updateAndGet(143)) - a8ae9c07-6d89-4a49-a594-cacd4b776180: start FollowerState
2019-11-05 08:23:58,300 [Thread-1427] INFO  impl.FollowerState (FollowerState.java:run(108)) - 4a682f4f-c3f2-4b77-88b7-f0ab78890feb@group-0DB8C7688BF9-FollowerState: change to CANDIDATE, lastRpcTime:70ms, electionTimeout:70ms
2019-11-05 08:23:58,300 [Thread-1427] INFO  impl.RoleInfo (RoleInfo.java:shutdownFollowerState(121)) - 4a682f4f-c3f2-4b77-88b7-f0ab78890feb: shutdown FollowerState
2019-11-05 08:23:58,300 [Thread-1427] INFO  impl.RaftServerImpl (RaftServerImpl.java:setRole(184)) - 4a682f4f-c3f2-4b77-88b7-f0ab78890feb@group-0DB8C7688BF9: changes role from  FOLLOWER to CANDIDATE at term 78 for changeToCandidate
2019-11-05 08:23:58,300 [Thread-1427] INFO  impl.RoleInfo (RoleInfo.java:updateAndGet(143)) - 4a682f4f-c3f2-4b77-88b7-f0ab78890feb: start LeaderElection
2019-11-05 08:23:58,313 [4a682f4f-c3f2-4b77-88b7-f0ab78890feb@group-0DB8C7688BF9-LeaderElection164] INFO  impl.LeaderElection (LeaderElection.java:askForVotes(178)) - 4a682f4f-c3f2-4b77-88b7-f0ab78890feb@group-0DB8C7688BF9-LeaderElection164: begin an election at term 79 for -1: [77ab65e6-d942-49df-83a3-1d4c0bf152b3:192.168.164.217:39381, 7e1b84a9-a041-44fd-8008-f2679426984c:192.168.164.217:44149, 4a682f4f-c3f2-4b77-88b7-f0ab78890feb:192.168.164.217:34174], old=null
2019-11-05 08:23:58,315 [grpc-default-executor-1] INFO  impl.RaftServerImpl (RaftServerImpl.java:setRole(184)) - 77ab65e6-d942-49df-83a3-1d4c0bf152b3@group-0DB8C7688BF9: changes role from  FOLLOWER to FOLLOWER at term 79 for recognizeCandidate:4a682f4f-c3f2-4b77-88b7-f0ab78890feb
2019-11-05 08:23:58,315 [grpc-default-executor-0] INFO  impl.RaftServerImpl (RaftServerImpl.java:setRole(184)) - 7e1b84a9-a041-44fd-8008-f2679426984c@group-0DB8C7688BF9: changes role from  FOLLOWER to FOLLOWER at term 79 for recognizeCandidate:4a682f4f-c3f2-4b77-88b7-f0ab78890feb
2019-11-05 08:23:58,315 [grpc-default-executor-0] INFO  impl.RoleInfo (RoleInfo.java:shutdownFollowerState(121)) - 7e1b84a9-a041-44fd-8008-f2679426984c: shutdown FollowerState
2019-11-05 08:23:58,315 [grpc-default-executor-1] INFO  impl.RoleInfo (RoleInfo.java:shutdownFollowerState(121)) - 77ab65e6-d942-49df-83a3-1d4c0bf152b3: shutdown FollowerState
2019-11-05 08:23:58,315 [Thread-1426] INFO  impl.FollowerState (FollowerState.java:run(117)) - 7e1b84a9-a041-44fd-8008-f2679426984c@group-0DB8C7688BF9-FollowerState was interrupted: java.lang.InterruptedException: sleep interrupted
2019-11-05 08:23:58,315 [grpc-default-executor-0] INFO  impl.RoleInfo (RoleInfo.java:updateAndGet(143)) - 7e1b84a9-a041-44fd-8008-f2679426984c: start FollowerState
2019-11-05 08:23:58,315 [Thread-1425] INFO  impl.FollowerState (FollowerState.java:run(117)) - 77ab65e6-d942-49df-83a3-1d4c0bf152b3@group-0DB8C7688BF9-FollowerState was interrupted: java.lang.InterruptedException: sleep interrupted
2019-11-05 08:23:58,315 [grpc-default-executor-1] INFO  impl.RoleInfo (RoleInfo.java:updateAndGet(143)) - 77ab65e6-d942-49df-83a3-1d4c0bf152b3: start FollowerState
2019-11-05 08:23:58,330 [4a682f4f-c3f2-4b77-88b7-f0ab78890feb@group-0DB8C7688BF9-LeaderElection164] INFO  impl.LeaderElection (LeaderElection.java:logAndReturn(56)) - 4a682f4f-c3f2-4b77-88b7-f0ab78890feb@group-0DB8C7688BF9-LeaderElection164: Election REJECTED; received 2 response(s) [4a682f4f-c3f2-4b77-88b7-f0ab78890feb<-77ab65e6-d942-49df-83a3-1d4c0bf152b3#0:FAIL-t79, 4a682f4f-c3f2-4b77-88b7-f0ab78890feb<-7e1b84a9-a041-44fd-8008-f2679426984c#0:FAIL-t79] and 0 exception(s); 4a682f4f-c3f2-4b77-88b7-f0ab78890feb@group-0DB8C7688BF9:t79, leader=null, voted=4a682f4f-c3f2-4b77-88b7-f0ab78890feb, raftlog=4a682f4f-c3f2-4b77-88b7-f0ab78890feb@group-0DB8C7688BF9-SegmentedRaftLog:OPENED:c-1,f-1,i0, conf=-1: [77ab65e6-d942-49df-83a3-1d4c0bf152b3:192.168.164.217:39381, 7e1b84a9-a041-44fd-8008-f2679426984c:192.168.164.217:44149, 4a682f4f-c3f2-4b77-88b7-f0ab78890feb:192.168.164.217:34174], old=null
2019-11-05 08:23:58,330 [4a682f4f-c3f2-4b77-88b7-f0ab78890feb@group-0DB8C7688BF9-LeaderElection164] INFO  impl.RaftServerImpl (RaftServerImpl.java:setRole(184)) - 4a682f4f-c3f2-4b77-88b7-f0ab78890feb@group-0DB8C7688BF9: changes role from CANDIDATE to FOLLOWER at term 79 for DISCOVERED_A_NEW_TERM
2019-11-05 08:23:58,330 [4a682f4f-c3f2-4b77-88b7-f0ab78890feb@group-0DB8C7688BF9-LeaderElection164] INFO  impl.RoleInfo (RoleInfo.java:shutdownLeaderElection(134)) - 4a682f4f-c3f2-4b77-88b7-f0ab78890feb: shutdown LeaderElection
2019-11-05 08:23:58,330 [4a682f4f-c3f2-4b77-88b7-f0ab78890feb@group-0DB8C7688BF9-LeaderElection164] INFO  impl.RoleInfo (RoleInfo.java:updateAndGet(143)) - 4a682f4f-c3f2-4b77-88b7-f0ab78890feb: start FollowerState
2019-11-05 08:23:58,387 [Thread-1439] INFO  impl.FollowerState (FollowerState.java:run(108)) - 4a682f4f-c3f2-4b77-88b7-f0ab78890feb@group-0DB8C7688BF9-FollowerState: change to CANDIDATE, lastRpcTime:57ms, electionTimeout:57ms
2019-11-05 08:23:58,387 [Thread-1439] INFO  impl.RoleInfo (RoleInfo.java:shutdownFollowerState(121)) - 4a682f4f-c3f2-4b77-88b7-f0ab78890feb: shutdown FollowerState
2019-11-05 08:23:58,388 [Thread-1439] INFO  impl.RaftServerImpl (RaftServerImpl.java:setRole(184)) - 4a682f4f-c3f2-4b77-88b7-f0ab78890feb@group-0DB8C7688BF9: changes role from  FOLLOWER to CANDIDATE at term 79 for changeToCandidate
2019-11-05 08:23:58,388 [Thread-1439] INFO  impl.RoleInfo (RoleInfo.java:updateAndGet(143)) - 4a682f4f-c3f2-4b77-88b7-f0ab78890feb: start LeaderElection
2019-11-05 08:23:58,401 [4a682f4f-c3f2-4b77-88b7-f0ab78890feb@group-0DB8C7688BF9-LeaderElection165] INFO  impl.LeaderElection (LeaderElection.java:askForVotes(178)) - 4a682f4f-c3f2-4b77-88b7-f0ab78890feb@group-0DB8C7688BF9-LeaderElection165: begin an election at term 80 for -1: [77ab65e6-d942-49df-83a3-1d4c0bf152b3:192.168.164.217:39381, 7e1b84a9-a041-44fd-8008-f2679426984c:192.168.164.217:44149, 4a682f4f-c3f2-4b77-88b7-f0ab78890feb:192.168.164.217:34174], old=null
2019-11-05 08:23:58,403 [grpc-default-executor-1] INFO  impl.RaftServerImpl (RaftServerImpl.java:setRole(184)) - 7e1b84a9-a041-44fd-8008-f2679426984c@group-0DB8C7688BF9: changes role from  FOLLOWER to FOLLOWER at term 80 for recognizeCandidate:4a682f4f-c3f2-4b77-88b7-f0ab78890feb
2019-11-05 08:23:58,403 [grpc-default-executor-1] INFO  impl.RoleInfo (RoleInfo.java:shutdownFollowerState(121)) - 7e1b84a9-a041-44fd-8008-f2679426984c: shutdown FollowerState
2019-11-05 08:23:58,403 [grpc-default-executor-0] INFO  impl.RaftServerImpl (RaftServerImpl.java:setRole(184)) - 77ab65e6-d942-49df-83a3-1d4c0bf152b3@group-0DB8C7688BF9: changes role from  FOLLOWER to FOLLOWER at term 80 for recognizeCandidate:4a682f4f-c3f2-4b77-88b7-f0ab78890feb
2019-11-05 08:23:58,404 [Thread-1437] INFO  impl.FollowerState (FollowerState.java:run(117)) - 7e1b84a9-a041-44fd-8008-f2679426984c@group-0DB8C7688BF9-FollowerState was interrupted: java.lang.InterruptedException: sleep interrupted
2019-11-05 08:23:58,404 [grpc-default-executor-1] INFO  impl.RoleInfo (RoleInfo.java:updateAndGet(143)) - 7e1b84a9-a041-44fd-8008-f2679426984c: start FollowerState
2019-11-05 08:23:58,404 [grpc-default-executor-0] INFO  impl.RoleInfo (RoleInfo.java:shutdownFollowerState(121)) - 77ab65e6-d942-49df-83a3-1d4c0bf152b3: shutdown FollowerState
2019-11-05 08:23:58,404 [grpc-default-executor-0] INFO  impl.RoleInfo (RoleInfo.java:updateAndGet(143)) - 77ab65e6-d942-49df-83a3-1d4c0bf152b3: start FollowerState
2019-11-05 08:23:58,404 [Thread-1438] INFO  impl.FollowerState (FollowerState.java:run(117)) - 77ab65e6-d942-49df-83a3-1d4c0bf152b3@group-0DB8C7688BF9-FollowerState was interrupted: java.lang.InterruptedException: sleep interrupted
2019-11-05 08:23:58,418 [4a682f4f-c3f2-4b77-88b7-f0ab78890feb@group-0DB8C7688BF9-LeaderElection165] INFO  impl.LeaderElection (LeaderElection.java:logAndReturn(56)) - 4a682f4f-c3f2-4b77-88b7-f0ab78890feb@group-0DB8C7688BF9-LeaderElection165: Election REJECTED; received 2 response(s) [4a682f4f-c3f2-4b77-88b7-f0ab78890feb<-77ab65e6-d942-49df-83a3-1d4c0bf152b3#0:FAIL-t80, 4a682f4f-c3f2-4b77-88b7-f0ab78890feb<-7e1b84a9-a041-44fd-8008-f2679426984c#0:FAIL-t80] and 0 exception(s); 4a682f4f-c3f2-4b77-88b7-f0ab78890feb@group-0DB8C7688BF9:t80, leader=null, voted=4a682f4f-c3f2-4b77-88b7-f0ab78890feb, raftlog=4a682f4f-c3f2-4b77-88b7-f0ab78890feb@group-0DB8C7688BF9-SegmentedRaftLog:OPENED:c-1,f-1,i0, conf=-1: [77ab65e6-d942-49df-83a3-1d4c0bf152b3:192.168.164.217:39381, 7e1b84a9-a041-44fd-8008-f2679426984c:192.168.164.217:44149, 4a682f4f-c3f2-4b77-88b7-f0ab78890feb:192.168.164.217:34174], old=null
2019-11-05 08:23:58,419 [4a682f4f-c3f2-4b77-88b7-f0ab78890feb@group-0DB8C7688BF9-LeaderElection165] INFO  impl.RaftServerImpl (RaftServerImpl.java:setRole(184)) - 4a682f4f-c3f2-4b77-88b7-f0ab78890feb@group-0DB8C7688BF9: changes role from CANDIDATE to FOLLOWER at term 80 for DISCOVERED_A_NEW_TERM
2019-11-05 08:23:58,419 [4a682f4f-c3f2-4b77-88b7-f0ab78890feb@group-0DB8C7688BF9-LeaderElection165] INFO  impl.RoleInfo (RoleInfo.java:shutdownLeaderElection(134)) - 4a682f4f-c3f2-4b77-88b7-f0ab78890feb: shutdown LeaderElection
2019-11-05 08:23:58,419 [4a682f4f-c3f2-4b77-88b7-f0ab78890feb@group-0DB8C7688BF9-LeaderElection165] INFO  impl.RoleInfo (RoleInfo.java:updateAndGet(143)) - 4a682f4f-c3f2-4b77-88b7-f0ab78890feb: start FollowerState
2019-11-05 08:23:58,464 [Thread-1433] INFO  impl.FollowerState (FollowerState.java:run(108)) - a8ae9c07-6d89-4a49-a594-cacd4b776180@group-0E159EE4F99E-FollowerState: change to CANDIDATE, lastRpcTime:179ms, electionTimeout:179ms
2019-11-05 08:23:58,465 [Thread-1433] INFO  impl.RoleInfo (RoleInfo.java:shutdownFollowerState(121)) - a8ae9c07-6d89-4a49-a594-cacd4b776180: shutdown FollowerState
2019-11-05 08:23:58,465 [Thread-1433] INFO  impl.RaftServerImpl (RaftServerImpl.java:setRole(184)) - a8ae9c07-6d89-4a49-a594-cacd4b776180@group-0E159EE4F99E: changes role from  FOLLOWER to CANDIDATE at term 86 for changeToCandidate
2019-11-05 08:23:58,465 [Thread-1433] INFO  impl.RoleInfo (RoleInfo.java:updateAndGet(143)) - a8ae9c07-6d89-4a49-a594-cacd4b776180: start LeaderElection
2019-11-05 08:23:58,490 [a8ae9c07-6d89-4a49-a594-cacd4b776180@group-0E159EE4F99E-LeaderElection166] INFO  impl.LeaderElection (LeaderElection.java:askForVotes(178)) - a8ae9c07-6d89-4a49-a594-cacd4b776180@group-0E159EE4F99E-LeaderElection166: begin an election at term 87 for -1: [caafcba9-090a-41f5-a5f9-cba5a6a81e94:192.168.164.217:37197, a8ae9c07-6d89-4a49-a594-cacd4b776180:192.168.164.217:42719, b3bb9051-8089-4c51-a999-81579e5913f2:192.168.164.217:36516], old=null
2019-11-05 08:23:58,493 [grpc-default-executor-0] INFO  impl.RaftServerImpl (RaftServerImpl.java:setRole(184)) - caafcba9-090a-41f5-a5f9-cba5a6a81e94@group-0E159EE4F99E: changes role from  FOLLOWER to FOLLOWER at term 87 for recognizeCandidate:a8ae9c07-6d89-4a49-a594-cacd4b776180
2019-11-05 08:23:58,493 [grpc-default-executor-0] INFO  impl.RoleInfo (RoleInfo.java:shutdownFollowerState(121)) - caafcba9-090a-41f5-a5f9-cba5a6a81e94: shutdown FollowerState
2019-11-05 08:23:58,493 [grpc-default-executor-1] INFO  impl.RaftServerImpl (RaftServerImpl.java:setRole(184)) - b3bb9051-8089-4c51-a999-81579e5913f2@group-0E159EE4F99E: changes role from  FOLLOWER to FOLLOWER at term 87 for recognizeCandidate:a8ae9c07-6d89-4a49-a594-cacd4b776180
2019-11-05 08:23:58,493 [grpc-default-executor-1] INFO  impl.RoleInfo (RoleInfo.java:shutdownFollowerState(121)) - b3bb9051-8089-4c51-a999-81579e5913f2: shutdown FollowerState
2019-11-05 08:23:58,493 [Thread-1431] INFO  impl.FollowerState (FollowerState.java:run(117)) - caafcba9-090a-41f5-a5f9-cba5a6a81e94@group-0E159EE4F99E-FollowerState was interrupted: java.lang.InterruptedException: sleep interrupted
2019-11-05 08:23:58,493 [grpc-default-executor-0] INFO  impl.RoleInfo (RoleInfo.java:updateAndGet(143)) - caafcba9-090a-41f5-a5f9-cba5a6a81e94: start FollowerState
2019-11-05 08:23:58,494 [Thread-1432] INFO  impl.FollowerState (FollowerState.java:run(117)) - b3bb9051-8089-4c51-a999-81579e5913f2@group-0E159EE4F99E-FollowerState was interrupted: java.lang.InterruptedException: sleep interrupted
2019-11-05 08:23:58,494 [grpc-default-executor-1] INFO  impl.RoleInfo (RoleInfo.java:updateAndGet(143)) - b3bb9051-8089-4c51-a999-81579e5913f2: start FollowerState
2019-11-05 08:23:58,509 [a8ae9c07-6d89-4a49-a594-cacd4b776180@group-0E159EE4F99E-LeaderElection166] INFO  impl.LeaderElection (LeaderElection.java:logAndReturn(56)) - a8ae9c07-6d89-4a49-a594-cacd4b776180@group-0E159EE4F99E-LeaderElection166: Election REJECTED; received 2 response(s) [a8ae9c07-6d89-4a49-a594-cacd4b776180<-caafcba9-090a-41f5-a5f9-cba5a6a81e94#0:FAIL-t87, a8ae9c07-6d89-4a49-a594-cacd4b776180<-b3bb9051-8089-4c51-a999-81579e5913f2#0:FAIL-t87] and 0 exception(s); a8ae9c07-6d89-4a49-a594-cacd4b776180@group-0E159EE4F99E:t87, leader=null, voted=a8ae9c07-6d89-4a49-a594-cacd4b776180, raftlog=a8ae9c07-6d89-4a49-a594-cacd4b776180@group-0E159EE4F99E-SegmentedRaftLog:OPENED:c-1,f-1,i0, conf=-1: [caafcba9-090a-41f5-a5f9-cba5a6a81e94:192.168.164.217:37197, a8ae9c07-6d89-4a49-a594-cacd4b776180:192.168.164.217:42719, b3bb9051-8089-4c51-a999-81579e5913f2:192.168.164.217:36516], old=null
2019-11-05 08:23:58,509 [a8ae9c07-6d89-4a49-a594-cacd4b776180@group-0E159EE4F99E-LeaderElection166] INFO  impl.RaftServerImpl (RaftServerImpl.java:setRole(184)) - a8ae9c07-6d89-4a49-a594-cacd4b776180@group-0E159EE4F99E: changes role from CANDIDATE to FOLLOWER at term 87 for DISCOVERED_A_NEW_TERM
2019-11-05 08:23:58,509 [a8ae9c07-6d89-4a49-a594-cacd4b776180@group-0E159EE4F99E-LeaderElection166] INFO  impl.RoleInfo (RoleInfo.java:shutdownLeaderElection(134)) - a8ae9c07-6d89-4a49-a594-cacd4b776180: shutdown LeaderElection
2019-11-05 08:23:58,509 [a8ae9c07-6d89-4a49-a594-cacd4b776180@group-0E159EE4F99E-LeaderElection166] INFO  impl.RoleInfo (RoleInfo.java:updateAndGet(143)) - a8ae9c07-6d89-4a49-a594-cacd4b776180: start FollowerState
2019-11-05 08:23:58,514 [Thread-1445] INFO  impl.FollowerState (FollowerState.java:run(108)) - 4a682f4f-c3f2-4b77-88b7-f0ab78890feb@group-0DB8C7688BF9-FollowerState: change to CANDIDATE, lastRpcTime:95ms, electionTimeout:95ms
2019-11-05 08:23:58,514 [Thread-1445] INFO  impl.RoleInfo (RoleInfo.java:shutdownFollowerState(121)) - 4a682f4f-c3f2-4b77-88b7-f0ab78890feb: shutdown FollowerState
2019-11-05 08:23:58,515 [Thread-1445] INFO  impl.RaftServerImpl (RaftServerImpl.java:setRole(184)) - 4a682f4f-c3f2-4b77-88b7-f0ab78890feb@group-0DB8C7688BF9: changes role from  FOLLOWER to CANDIDATE at term 80 for changeToCandidate
2019-11-05 08:23:58,515 [Thread-1445] INFO  impl.RoleInfo (RoleInfo.java:updateAndGet(143)) - 4a682f4f-c3f2-4b77-88b7-f0ab78890feb: start LeaderElection
2019-11-05 08:23:58,528 [4a682f4f-c3f2-4b77-88b7-f0ab78890feb@group-0DB8C7688BF9-LeaderElection167] INFO  impl.LeaderElection (LeaderElection.java:askForVotes(178)) - 4a682f4f-c3f2-4b77-88b7-f0ab78890feb@group-0DB8C7688BF9-LeaderElection167: begin an election at term 81 for -1: [77ab65e6-d942-49df-83a3-1d4c0bf152b3:192.168.164.217:39381, 7e1b84a9-a041-44fd-8008-f2679426984c:192.168.164.217:44149, 4a682f4f-c3f2-4b77-88b7-f0ab78890feb:192.168.164.217:34174], old=null
2019-11-05 08:23:58,530 [grpc-default-executor-1] INFO  impl.RaftServerImpl (RaftServerImpl.java:setRole(184)) - 77ab65e6-d942-49df-83a3-1d4c0bf152b3@group-0DB8C7688BF9: changes role from  FOLLOWER to FOLLOWER at term 81 for recognizeCandidate:4a682f4f-c3f2-4b77-88b7-f0ab78890feb
2019-11-05 08:23:58,531 [grpc-default-executor-1] INFO  impl.RoleInfo (RoleInfo.java:shutdownFollowerState(121)) - 77ab65e6-d942-49df-83a3-1d4c0bf152b3: shutdown FollowerState
2019-11-05 08:23:58,531 [grpc-default-executor-0] INFO  impl.RaftServerImpl (RaftServerImpl.java:setRole(184)) - 7e1b84a9-a041-44fd-8008-f2679426984c@group-0DB8C7688BF9: changes role from  FOLLOWER to FOLLOWER at term 81 for recognizeCandidate:4a682f4f-c3f2-4b77-88b7-f0ab78890feb
2019-11-05 08:23:58,531 [grpc-default-executor-0] INFO  impl.RoleInfo (RoleInfo.java:shutdownFollowerState(121)) - 7e1b84a9-a041-44fd-8008-f2679426984c: shutdown FollowerState
2019-11-05 08:23:58,531 [Thread-1444] INFO  impl.FollowerState (FollowerState.java:run(117)) - 77ab65e6-d942-49df-83a3-1d4c0bf152b3@group-0DB8C7688BF9-FollowerState was interrupted: java.lang.InterruptedException: sleep interrupted
2019-11-05 08:23:58,531 [grpc-default-executor-1] INFO  impl.RoleInfo (RoleInfo.java:updateAndGet(143)) - 77ab65e6-d942-49df-83a3-1d4c0bf152b3: start FollowerState
2019-11-05 08:23:58,531 [Thread-1443] INFO  impl.FollowerState (FollowerState.java:run(117)) - 7e1b84a9-a041-44fd-8008-f2679426984c@group-0DB8C7688BF9-FollowerState was interrupted: java.lang.InterruptedException: sleep interrupted
2019-11-05 08:23:58,531 [grpc-default-executor-0] INFO  impl.RoleInfo (RoleInfo.java:updateAndGet(143)) - 7e1b84a9-a041-44fd-8008-f2679426984c: start FollowerState
2019-11-05 08:23:58,536 [4a682f4f-c3f2-4b77-88b7-f0ab78890feb@group-0DB8C7688BF9-LeaderElection167] INFO  impl.LeaderElection (LeaderElection.java:logAndReturn(56)) - 4a682f4f-c3f2-4b77-88b7-f0ab78890feb@group-0DB8C7688BF9-LeaderElection167: Election TIMEOUT; received 0 response(s) [] and 0 exception(s); 4a682f4f-c3f2-4b77-88b7-f0ab78890feb@group-0DB8C7688BF9:t81, leader=null, voted=4a682f4f-c3f2-4b77-88b7-f0ab78890feb, raftlog=4a682f4f-c3f2-4b77-88b7-f0ab78890feb@group-0DB8C7688BF9-SegmentedRaftLog:OPENED:c-1,f-1,i0, conf=-1: [77ab65e6-d942-49df-83a3-1d4c0bf152b3:192.168.164.217:39381, 7e1b84a9-a041-44fd-8008-f2679426984c:192.168.164.217:44149, 4a682f4f-c3f2-4b77-88b7-f0ab78890feb:192.168.164.217:34174], old=null
2019-11-05 08:23:58,538 [Thread-1451] INFO  impl.FollowerState (FollowerState.java:run(108)) - a8ae9c07-6d89-4a49-a594-cacd4b776180@group-0E159EE4F99E-FollowerState: change to CANDIDATE, lastRpcTime:28ms, electionTimeout:28ms
2019-11-05 08:23:58,538 [Thread-1451] INFO  impl.RoleInfo (RoleInfo.java:shutdownFollowerState(121)) - a8ae9c07-6d89-4a49-a594-cacd4b776180: shutdown FollowerState
2019-11-05 08:23:58,538 [Thread-1451] INFO  impl.RaftServerImpl (RaftServerImpl.java:setRole(184)) - a8ae9c07-6d89-4a49-a594-cacd4b776180@group-0E159EE4F99E: changes role from  FOLLOWER to CANDIDATE at term 87 for changeToCandidate
2019-11-05 08:23:58,538 [Thread-1451] INFO  impl.RoleInfo (RoleInfo.java:updateAndGet(143)) - a8ae9c07-6d89-4a49-a594-cacd4b776180: start LeaderElection
2019-11-05 08:23:58,545 [a8ae9c07-6d89-4a49-a594-cacd4b776180@group-0E159EE4F99E-LeaderElection168] INFO  impl.LeaderElection (LeaderElection.java:askForVotes(178)) - a8ae9c07-6d89-4a49-a594-cacd4b776180@group-0E159EE4F99E-LeaderElection168: begin an election at term 88 for -1: [caafcba9-090a-41f5-a5f9-cba5a6a81e94:192.168.164.217:37197, a8ae9c07-6d89-4a49-a594-cacd4b776180:192.168.164.217:42719, b3bb9051-8089-4c51-a999-81579e5913f2:192.168.164.217:36516], old=null
2019-11-05 08:23:58,545 [4a682f4f-c3f2-4b77-88b7-f0ab78890feb@group-0DB8C7688BF9-LeaderElection167] INFO  impl.LeaderElection (LeaderElection.java:askForVotes(178)) - 4a682f4f-c3f2-4b77-88b7-f0ab78890feb@group-0DB8C7688BF9-LeaderElection167: begin an election at term 82 for -1: [77ab65e6-d942-49df-83a3-1d4c0bf152b3:192.168.164.217:39381, 7e1b84a9-a041-44fd-8008-f2679426984c:192.168.164.217:44149, 4a682f4f-c3f2-4b77-88b7-f0ab78890feb:192.168.164.217:34174], old=null
2019-11-05 08:23:58,548 [grpc-default-executor-0] INFO  impl.RaftServerImpl (RaftServerImpl.java:setRole(184)) - b3bb9051-8089-4c51-a999-81579e5913f2@group-0E159EE4F99E: changes role from  FOLLOWER to FOLLOWER at term 88 for recognizeCandidate:a8ae9c07-6d89-4a49-a594-cacd4b776180
2019-11-05 08:23:58,548 [grpc-default-executor-0] INFO  impl.RoleInfo (RoleInfo.java:shutdownFollowerState(121)) - b3bb9051-8089-4c51-a999-81579e5913f2: shutdown FollowerState
2019-11-05 08:23:58,548 [grpc-default-executor-1] INFO  impl.RaftServerImpl (RaftServerImpl.java:setRole(184)) - caafcba9-090a-41f5-a5f9-cba5a6a81e94@group-0E159EE4F99E: changes role from  FOLLOWER to FOLLOWER at term 88 for recognizeCandidate:a8ae9c07-6d89-4a49-a594-cacd4b776180
2019-11-05 08:23:58,548 [Thread-1450] INFO  impl.FollowerState (FollowerState.java:run(117)) - b3bb9051-8089-4c51-a999-81579e5913f2@group-0E159EE4F99E-FollowerState was interrupted: java.lang.InterruptedException: sleep interrupted
2019-11-05 08:23:58,548 [grpc-default-executor-0] INFO  impl.RoleInfo (RoleInfo.java:updateAndGet(143)) - b3bb9051-8089-4c51-a999-81579e5913f2: start FollowerState
2019-11-05 08:23:58,548 [grpc-default-executor-4] INFO  impl.RaftServerImpl (RaftServerImpl.java:setRole(184)) - 7e1b84a9-a041-44fd-8008-f2679426984c@group-0DB8C7688BF9: changes role from  FOLLOWER to FOLLOWER at term 82 for recognizeCandidate:4a682f4f-c3f2-4b77-88b7-f0ab78890feb
2019-11-05 08:23:58,549 [grpc-default-executor-6] INFO  impl.RaftServerImpl (RaftServerImpl.java:setRole(184)) - 77ab65e6-d942-49df-83a3-1d4c0bf152b3@group-0DB8C7688BF9: changes role from  FOLLOWER to FOLLOWER at term 82 for recognizeCandidate:4a682f4f-c3f2-4b77-88b7-f0ab78890feb
2019-11-05 08:23:58,549 [grpc-default-executor-6] INFO  impl.RoleInfo (RoleInfo.java:shutdownFollowerState(121)) - 77ab65e6-d942-49df-83a3-1d4c0bf152b3: shutdown FollowerState
2019-11-05 08:23:58,548 [grpc-default-executor-1] INFO  impl.RoleInfo (RoleInfo.java:shutdownFollowerState(121)) - caafcba9-090a-41f5-a5f9-cba5a6a81e94: shutdown FollowerState
2019-11-05 08:23:58,549 [Thread-1455] INFO  impl.FollowerState (FollowerState.java:run(117)) - 77ab65e6-d942-49df-83a3-1d4c0bf152b3@group-0DB8C7688BF9-FollowerState was interrupted: java.lang.InterruptedException: sleep interrupted
2019-11-05 08:23:58,549 [grpc-default-executor-6] INFO  impl.RoleInfo (RoleInfo.java:updateAndGet(143)) - 77ab65e6-d942-49df-83a3-1d4c0bf152b3: start FollowerState
2019-11-05 08:23:58,549 [grpc-default-executor-4] INFO  impl.RoleInfo (RoleInfo.java:shutdownFollowerState(121)) - 7e1b84a9-a041-44fd-8008-f2679426984c: shutdown FollowerState
2019-11-05 08:23:58,549 [Thread-1449] INFO  impl.FollowerState (FollowerState.java:run(117)) - caafcba9-090a-41f5-a5f9-cba5a6a81e94@group-0E159EE4F99E-FollowerState was interrupted: java.lang.InterruptedException: sleep interrupted
2019-11-05 08:23:58,550 [Thread-1456] INFO  impl.FollowerState (FollowerState.java:run(117)) - 7e1b84a9-a041-44fd-8008-f2679426984c@group-0DB8C7688BF9-FollowerState was interrupted: java.lang.InterruptedException: sleep interrupted
2019-11-05 08:23:58,549 [grpc-default-executor-1] INFO  impl.RoleInfo (RoleInfo.java:updateAndGet(143)) - caafcba9-090a-41f5-a5f9-cba5a6a81e94: start FollowerState
2019-11-05 08:23:58,550 [grpc-default-executor-4] INFO  impl.RoleInfo (RoleInfo.java:updateAndGet(143)) - 7e1b84a9-a041-44fd-8008-f2679426984c: start FollowerState
2019-11-05 08:23:58,563 [a8ae9c07-6d89-4a49-a594-cacd4b776180@group-0E159EE4F99E-LeaderElection168] INFO  impl.LeaderElection (LeaderElection.java:logAndReturn(56)) - a8ae9c07-6d89-4a49-a594-cacd4b776180@group-0E159EE4F99E-LeaderElection168: Election REJECTED; received 2 response(s) [a8ae9c07-6d89-4a49-a594-cacd4b776180<-caafcba9-090a-41f5-a5f9-cba5a6a81e94#0:FAIL-t88, a8ae9c07-6d89-4a49-a594-cacd4b776180<-b3bb9051-8089-4c51-a999-81579e5913f2#0:FAIL-t88] and 0 exception(s); a8ae9c07-6d89-4a49-a594-cacd4b776180@group-0E159EE4F99E:t88, leader=null, voted=a8ae9c07-6d89-4a49-a594-cacd4b776180, raftlog=a8ae9c07-6d89-4a49-a594-cacd4b776180@group-0E159EE4F99E-SegmentedRaftLog:OPENED:c-1,f-1,i0, conf=-1: [caafcba9-090a-41f5-a5f9-cba5a6a81e94:192.168.164.217:37197, a8ae9c07-6d89-4a49-a594-cacd4b776180:192.168.164.217:42719, b3bb9051-8089-4c51-a999-81579e5913f2:192.168.164.217:36516], old=null
2019-11-05 08:23:58,563 [a8ae9c07-6d89-4a49-a594-cacd4b776180@group-0E159EE4F99E-LeaderElection168] INFO  impl.RaftServerImpl (RaftServerImpl.java:setRole(184)) - a8ae9c07-6d89-4a49-a594-cacd4b776180@group-0E159EE4F99E: changes role from CANDIDATE to FOLLOWER at term 88 for DISCOVERED_A_NEW_TERM
2019-11-05 08:23:58,563 [4a682f4f-c3f2-4b77-88b7-f0ab78890feb@group-0DB8C7688BF9-LeaderElection167] INFO  impl.LeaderElection (LeaderElection.java:logAndReturn(56)) - 4a682f4f-c3f2-4b77-88b7-f0ab78890feb@group-0DB8C7688BF9-LeaderElection167: Election REJECTED; received 2 response(s) [4a682f4f-c3f2-4b77-88b7-f0ab78890feb<-77ab65e6-d942-49df-83a3-1d4c0bf152b3#0:FAIL-t82, 4a682f4f-c3f2-4b77-88b7-f0ab78890feb<-7e1b84a9-a041-44fd-8008-f2679426984c#0:FAIL-t82] and 0 exception(s); 4a682f4f-c3f2-4b77-88b7-f0ab78890feb@group-0DB8C7688BF9:t82, leader=null, voted=4a682f4f-c3f2-4b77-88b7-f0ab78890feb, raftlog=4a682f4f-c3f2-4b77-88b7-f0ab78890feb@group-0DB8C7688BF9-SegmentedRaftLog:OPENED:c-1,f-1,i0, conf=-1: [77ab65e6-d942-49df-83a3-1d4c0bf152b3:192.168.164.217:39381, 7e1b84a9-a041-44fd-8008-f2679426984c:192.168.164.217:44149, 4a682f4f-c3f2-4b77-88b7-f0ab78890feb:192.168.164.217:34174], old=null
2019-11-05 08:23:58,563 [a8ae9c07-6d89-4a49-a594-cacd4b776180@group-0E159EE4F99E-LeaderElection168] INFO  impl.RoleInfo (RoleInfo.java:shutdownLeaderElection(134)) - a8ae9c07-6d89-4a49-a594-cacd4b776180: shutdown LeaderElection
2019-11-05 08:23:58,564 [4a682f4f-c3f2-4b77-88b7-f0ab78890feb@group-0DB8C7688BF9-LeaderElection167] INFO  impl.RaftServerImpl (RaftServerImpl.java:setRole(184)) - 4a682f4f-c3f2-4b77-88b7-f0ab78890feb@group-0DB8C7688BF9: changes role from CANDIDATE to FOLLOWER at term 82 for DISCOVERED_A_NEW_TERM
2019-11-05 08:23:58,564 [a8ae9c07-6d89-4a49-a594-cacd4b776180@group-0E159EE4F99E-LeaderElection168] INFO  impl.RoleInfo (RoleInfo.java:updateAndGet(143)) - a8ae9c07-6d89-4a49-a594-cacd4b776180: start FollowerState
2019-11-05 08:23:58,564 [4a682f4f-c3f2-4b77-88b7-f0ab78890feb@group-0DB8C7688BF9-LeaderElection167] INFO  impl.RoleInfo (RoleInfo.java:shutdownLeaderElection(134)) - 4a682f4f-c3f2-4b77-88b7-f0ab78890feb: shutdown LeaderElection
2019-11-05 08:23:58,564 [4a682f4f-c3f2-4b77-88b7-f0ab78890feb@group-0DB8C7688BF9-LeaderElection167] INFO  impl.RoleInfo (RoleInfo.java:updateAndGet(143)) - 4a682f4f-c3f2-4b77-88b7-f0ab78890feb: start FollowerState
2019-11-05 08:23:58,616 [Thread-1466] INFO  impl.FollowerState (FollowerState.java:run(108)) - a8ae9c07-6d89-4a49-a594-cacd4b776180@group-0E159EE4F99E-FollowerState: change to CANDIDATE, lastRpcTime:52ms, electionTimeout:52ms
2019-11-05 08:23:58,617 [Thread-1466] INFO  impl.RoleInfo (RoleInfo.java:shutdownFollowerState(121)) - a8ae9c07-6d89-4a49-a594-cacd4b776180: shutdown FollowerState
2019-11-05 08:23:58,617 [Thread-1466] INFO  impl.RaftServerImpl (RaftServerImpl.java:setRole(184)) - a8ae9c07-6d89-4a49-a594-cacd4b776180@group-0E159EE4F99E: changes role from  FOLLOWER to CANDIDATE at term 88 for changeToCandidate
2019-11-05 08:23:58,654 [Thread-1466] INFO  impl.RoleInfo (RoleInfo.java:updateAndGet(143)) - a8ae9c07-6d89-4a49-a594-cacd4b776180: start LeaderElection
2019-11-05 08:23:58,655 [Thread-1467] INFO  impl.FollowerState (FollowerState.java:run(108)) - 4a682f4f-c3f2-4b77-88b7-f0ab78890feb@group-0DB8C7688BF9-FollowerState: change to CANDIDATE, lastRpcTime:90ms, electionTimeout:90ms
2019-11-05 08:23:58,655 [Thread-1467] INFO  impl.RoleInfo (RoleInfo.java:shutdownFollowerState(121)) - 4a682f4f-c3f2-4b77-88b7-f0ab78890feb: shutdown FollowerState
2019-11-05 08:23:58,655 [Thread-1467] INFO  impl.RaftServerImpl (RaftServerImpl.java:setRole(184)) - 4a682f4f-c3f2-4b77-88b7-f0ab78890feb@group-0DB8C7688BF9: changes role from  FOLLOWER to CANDIDATE at term 82 for changeToCandidate
2019-11-05 08:23:58,655 [Thread-1467] INFO  impl.RoleInfo (RoleInfo.java:updateAndGet(143)) - 4a682f4f-c3f2-4b77-88b7-f0ab78890feb: start LeaderElection
2019-11-05 08:23:58,670 [4a682f4f-c3f2-4b77-88b7-f0ab78890feb@group-0DB8C7688BF9-LeaderElection170] INFO  impl.LeaderElection (LeaderElection.java:askForVotes(178)) - 4a682f4f-c3f2-4b77-88b7-f0ab78890feb@group-0DB8C7688BF9-LeaderElection170: begin an election at term 83 for -1: [77ab65e6-d942-49df-83a3-1d4c0bf152b3:192.168.164.217:39381, 7e1b84a9-a041-44fd-8008-f2679426984c:192.168.164.217:44149, 4a682f4f-c3f2-4b77-88b7-f0ab78890feb:192.168.164.217:34174], old=null
2019-11-05 08:23:58,670 [a8ae9c07-6d89-4a49-a594-cacd4b776180@group-0E159EE4F99E-LeaderElection169] INFO  impl.LeaderElection (LeaderElection.java:askForVotes(178)) - a8ae9c07-6d89-4a49-a594-cacd4b776180@group-0E159EE4F99E-LeaderElection169: begin an election at term 89 for -1: [caafcba9-090a-41f5-a5f9-cba5a6a81e94:192.168.164.217:37197, a8ae9c07-6d89-4a49-a594-cacd4b776180:192.168.164.217:42719, b3bb9051-8089-4c51-a999-81579e5913f2:192.168.164.217:36516], old=null
2019-11-05 08:23:58,694 [grpc-default-executor-4] INFO  impl.RaftServerImpl (RaftServerImpl.java:setRole(184)) - caafcba9-090a-41f5-a5f9-cba5a6a81e94@group-0E159EE4F99E: changes role from  FOLLOWER to FOLLOWER at term 89 for recognizeCandidate:a8ae9c07-6d89-4a49-a594-cacd4b776180
2019-11-05 08:23:58,694 [grpc-default-executor-4] INFO  impl.RoleInfo (RoleInfo.java:shutdownFollowerState(121)) - caafcba9-090a-41f5-a5f9-cba5a6a81e94: shutdown FollowerState
2019-11-05 08:23:58,694 [grpc-default-executor-6] INFO  impl.RaftServerImpl (RaftServerImpl.java:setRole(184)) - 7e1b84a9-a041-44fd-8008-f2679426984c@group-0DB8C7688BF9: changes role from  FOLLOWER to FOLLOWER at term 83 for recognizeCandidate:4a682f4f-c3f2-4b77-88b7-f0ab78890feb
2019-11-05 08:23:58,694 [grpc-default-executor-6] INFO  impl.RoleInfo (RoleInfo.java:shutdownFollowerState(121)) - 7e1b84a9-a041-44fd-8008-f2679426984c: shutdown FollowerState
2019-11-05 08:23:58,694 [grpc-default-executor-1] INFO  impl.RaftServerImpl (RaftServerImpl.java:setRole(184)) - 77ab65e6-d942-49df-83a3-1d4c0bf152b3@group-0DB8C7688BF9: changes role from  FOLLOWER to FOLLOWER at term 83 for recognizeCandidate:4a682f4f-c3f2-4b77-88b7-f0ab78890feb
2019-11-05 08:23:58,695 [grpc-default-executor-1] INFO  impl.RoleInfo (RoleInfo.java:shutdownFollowerState(121)) - 77ab65e6-d942-49df-83a3-1d4c0bf152b3: shutdown FollowerState
2019-11-05 08:23:58,694 [grpc-default-executor-0] INFO  impl.RaftServerImpl (RaftServerImpl.java:setRole(184)) - b3bb9051-8089-4c51-a999-81579e5913f2@group-0E159EE4F99E: changes role from  FOLLOWER to FOLLOWER at term 89 for recognizeCandidate:a8ae9c07-6d89-4a49-a594-cacd4b776180
2019-11-05 08:23:58,695 [grpc-default-executor-0] INFO  impl.RoleInfo (RoleInfo.java:shutdownFollowerState(121)) - b3bb9051-8089-4c51-a999-81579e5913f2: shutdown FollowerState
2019-11-05 08:23:58,727 [grpc-default-executor-0] INFO  impl.RoleInfo (RoleInfo.java:updateAndGet(143)) - b3bb9051-8089-4c51-a999-81579e5913f2: start FollowerState
2019-11-05 08:23:58,727 [grpc-default-executor-4] INFO  impl.RoleInfo (RoleInfo.java:updateAndGet(143)) - caafcba9-090a-41f5-a5f9-cba5a6a81e94: start FollowerState
2019-11-05 08:23:58,727 [Thread-1464] INFO  impl.FollowerState (FollowerState.java:run(117)) - caafcba9-090a-41f5-a5f9-cba5a6a81e94@group-0E159EE4F99E-FollowerState was interrupted: java.lang.InterruptedException: sleep interrupted
2019-11-05 08:23:58,727 [Thread-1465] INFO  impl.FollowerState (FollowerState.java:run(117)) - 7e1b84a9-a041-44fd-8008-f2679426984c@group-0DB8C7688BF9-FollowerState was interrupted: java.lang.InterruptedException: sleep interrupted
2019-11-05 08:23:58,727 [Thread-1463] INFO  impl.FollowerState (FollowerState.java:run(117)) - 77ab65e6-d942-49df-83a3-1d4c0bf152b3@group-0DB8C7688BF9-FollowerState was interrupted: java.lang.InterruptedException: sleep interrupted
2019-11-05 08:23:58,727 [Thread-1462] INFO  impl.FollowerState (FollowerState.java:run(117)) - b3bb9051-8089-4c51-a999-81579e5913f2@group-0E159EE4F99E-FollowerState was interrupted: java.lang.InterruptedException: sleep interrupted
2019-11-05 08:23:58,727 [grpc-default-executor-6] INFO  impl.RoleInfo (RoleInfo.java:updateAndGet(143)) - 7e1b84a9-a041-44fd-8008-f2679426984c: start FollowerState
2019-11-05 08:23:58,727 [grpc-default-executor-1] INFO  impl.RoleInfo (RoleInfo.java:updateAndGet(143)) - 77ab65e6-d942-49df-83a3-1d4c0bf152b3: start FollowerState
2019-11-05 08:23:58,759 [4a682f4f-c3f2-4b77-88b7-f0ab78890feb@group-0DB8C7688BF9-LeaderElection170] INFO  impl.LeaderElection (LeaderElection.java:logAndReturn(56)) - 4a682f4f-c3f2-4b77-88b7-f0ab78890feb@group-0DB8C7688BF9-LeaderElection170: Election REJECTED; received 2 response(s) [4a682f4f-c3f2-4b77-88b7-f0ab78890feb<-77ab65e6-d942-49df-83a3-1d4c0bf152b3#0:FAIL-t83, 4a682f4f-c3f2-4b77-88b7-f0ab78890feb<-7e1b84a9-a041-44fd-8008-f2679426984c#0:FAIL-t83] and 0 exception(s); 4a682f4f-c3f2-4b77-88b7-f0ab78890feb@group-0DB8C7688BF9:t83, leader=null, voted=4a682f4f-c3f2-4b77-88b7-f0ab78890feb, raftlog=4a682f4f-c3f2-4b77-88b7-f0ab78890feb@group-0DB8C7688BF9-SegmentedRaftLog:OPENED:c-1,f-1,i0, conf=-1: [77ab65e6-d942-49df-83a3-1d4c0bf152b3:192.168.164.217:39381, 7e1b84a9-a041-44fd-8008-f2679426984c:192.168.164.217:44149, 4a682f4f-c3f2-4b77-88b7-f0ab78890feb:192.168.164.217:34174], old=null
2019-11-05 08:23:58,759 [a8ae9c07-6d89-4a49-a594-cacd4b776180@group-0E159EE4F99E-LeaderElection169] INFO  impl.LeaderElection (LeaderElection.java:logAndReturn(56)) - a8ae9c07-6d89-4a49-a594-cacd4b776180@group-0E159EE4F99E-LeaderElection169: Election REJECTED; received 2 response(s) [a8ae9c07-6d89-4a49-a594-cacd4b776180<-caafcba9-090a-41f5-a5f9-cba5a6a81e94#0:FAIL-t89, a8ae9c07-6d89-4a49-a594-cacd4b776180<-b3bb9051-8089-4c51-a999-81579e5913f2#0:FAIL-t89] and 0 exception(s); a8ae9c07-6d89-4a49-a594-cacd4b776180@group-0E159EE4F99E:t89, leader=null, voted=a8ae9c07-6d89-4a49-a594-cacd4b776180, raftlog=a8ae9c07-6d89-4a49-a594-cacd4b776180@group-0E159EE4F99E-SegmentedRaftLog:OPENED:c-1,f-1,i0, conf=-1: [caafcba9-090a-41f5-a5f9-cba5a6a81e94:192.168.164.217:37197, a8ae9c07-6d89-4a49-a594-cacd4b776180:192.168.164.217:42719, b3bb9051-8089-4c51-a999-81579e5913f2:192.168.164.217:36516], old=null
2019-11-05 08:23:58,759 [4a682f4f-c3f2-4b77-88b7-f0ab78890feb@group-0DB8C7688BF9-LeaderElection170] INFO  impl.RaftServerImpl (RaftServerImpl.java:setRole(184)) - 4a682f4f-c3f2-4b77-88b7-f0ab78890feb@group-0DB8C7688BF9: changes role from CANDIDATE to FOLLOWER at term 83 for DISCOVERED_A_NEW_TERM
2019-11-05 08:23:58,760 [a8ae9c07-6d89-4a49-a594-cacd4b776180@group-0E159EE4F99E-LeaderElection169] INFO  impl.RaftServerImpl (RaftServerImpl.java:setRole(184)) - a8ae9c07-6d89-4a49-a594-cacd4b776180@group-0E159EE4F99E: changes role from CANDIDATE to FOLLOWER at term 89 for DISCOVERED_A_NEW_TERM
2019-11-05 08:23:58,760 [4a682f4f-c3f2-4b77-88b7-f0ab78890feb@group-0DB8C7688BF9-LeaderElection170] INFO  impl.RoleInfo (RoleInfo.java:shutdownLeaderElection(134)) - 4a682f4f-c3f2-4b77-88b7-f0ab78890feb: shutdown LeaderElection
2019-11-05 08:23:58,760 [a8ae9c07-6d89-4a49-a594-cacd4b776180@group-0E159EE4F99E-LeaderElection169] INFO  impl.RoleInfo (RoleInfo.java:shutdownLeaderElection(134)) - a8ae9c07-6d89-4a49-a594-cacd4b776180: shutdown LeaderElection
2019-11-05 08:23:58,760 [4a682f4f-c3f2-4b77-88b7-f0ab78890feb@group-0DB8C7688BF9-LeaderElection170] INFO  impl.RoleInfo (RoleInfo.java:updateAndGet(143)) - 4a682f4f-c3f2-4b77-88b7-f0ab78890feb: start FollowerState
2019-11-05 08:23:58,760 [a8ae9c07-6d89-4a49-a594-cacd4b776180@group-0E159EE4F99E-LeaderElection169] INFO  impl.RoleInfo (RoleInfo.java:updateAndGet(143)) - a8ae9c07-6d89-4a49-a594-cacd4b776180: start FollowerState
2019-11-05 08:23:58,903 [Thread-1481] INFO  impl.FollowerState (FollowerState.java:run(108)) - a8ae9c07-6d89-4a49-a594-cacd4b776180@group-0E159EE4F99E-FollowerState: change to CANDIDATE, lastRpcTime:142ms, electionTimeout:142ms
2019-11-05 08:23:58,903 [Thread-1481] INFO  impl.RoleInfo (RoleInfo.java:shutdownFollowerState(121)) - a8ae9c07-6d89-4a49-a594-cacd4b776180: shutdown FollowerState
2019-11-05 08:23:58,903 [Thread-1481] INFO  impl.RaftServerImpl (RaftServerImpl.java:setRole(184)) - a8ae9c07-6d89-4a49-a594-cacd4b776180@group-0E159EE4F99E: changes role from  FOLLOWER to CANDIDATE at term 89 for changeToCandidate
2019-11-05 08:23:58,926 [Thread-1481] INFO  impl.RoleInfo (RoleInfo.java:updateAndGet(143)) - a8ae9c07-6d89-4a49-a594-cacd4b776180: start LeaderElection
2019-11-05 08:23:58,945 [a8ae9c07-6d89-4a49-a594-cacd4b776180@group-0E159EE4F99E-LeaderElection171] INFO  impl.LeaderElection (LeaderElection.java:askForVotes(178)) - a8ae9c07-6d89-4a49-a594-cacd4b776180@group-0E159EE4F99E-LeaderElection171: begin an election at term 90 for -1: [caafcba9-090a-41f5-a5f9-cba5a6a81e94:192.168.164.217:37197, a8ae9c07-6d89-4a49-a594-cacd4b776180:192.168.164.217:42719, b3bb9051-8089-4c51-a999-81579e5913f2:192.168.164.217:36516], old=null
2019-11-05 08:23:58,963 [Thread-1480] INFO  impl.FollowerState (FollowerState.java:run(108)) - 4a682f4f-c3f2-4b77-88b7-f0ab78890feb@group-0DB8C7688BF9-FollowerState: change to CANDIDATE, lastRpcTime:202ms, electionTimeout:200ms
2019-11-05 08:23:58,963 [Thread-1480] INFO  impl.RoleInfo (RoleInfo.java:shutdownFollowerState(121)) - 4a682f4f-c3f2-4b77-88b7-f0ab78890feb: shutdown FollowerState
2019-11-05 08:23:58,963 [Thread-1480] INFO  impl.RaftServerImpl (RaftServerImpl.java:setRole(184)) - 4a682f4f-c3f2-4b77-88b7-f0ab78890feb@group-0DB8C7688BF9: changes role from  FOLLOWER to CANDIDATE at term 83 for changeToCandidate
2019-11-05 08:23:58,964 [main] WARN  io.KeyOutputStream (KeyOutputStream.java:handleException(274)) - Encountered exception java.io.IOException: Unexpected Storage Container Exception: java.util.concurrent.CompletionException: java.util.concurrent.CompletionException: org.apache.ratis.protocol.RaftRetryFailureException: Failed RaftClientRequest:client-AA75772BFFE9->7e1b84a9-a041-44fd-8008-f2679426984c@group-0DB8C7688BF9, cid=19, seq=1*, RW, cmdType: WriteChunk
traceID: "9c0786b13f389c03:9c0786b13f389c03:0:0"
containerID: 1
datanodeUuid: "7e1b84a9-a041-44fd-8008-f2679426984c"
writeChunk {
  blockID {
    containerID: 1
    localID: 103084341932785664
    blockCommitSequenceId: 0
  }
  chunkData {
    chunkName: "103084341932785664_chunk_1"
    offset: 0
    len: 1048576
    checksumData {
      type: CRC32
      bytesPerChecksum: 1048576
      checksums: "\361\003\002\247"
    }
  }
}
, data.size=1048576 for 10 attempts with RetryLimited(maxAttempts=10, sleepTime=1000ms) on the pipeline Pipeline[ Id: 2f5caf52-f09c-400b-8f0f-0db8c7688bf9, Nodes: 7e1b84a9-a041-44fd-8008-f2679426984c{ip: 192.168.164.217, host: pr-hdds-1643-8bmlk-2934350033, networkLocation: /default-rack, certSerialId: null}4a682f4f-c3f2-4b77-88b7-f0ab78890feb{ip: 192.168.164.217, host: pr-hdds-1643-8bmlk-2934350033, networkLocation: /default-rack, certSerialId: null}77ab65e6-d942-49df-83a3-1d4c0bf152b3{ip: 192.168.164.217, host: pr-hdds-1643-8bmlk-2934350033, networkLocation: /default-rack, certSerialId: null}, Type:RATIS, Factor:THREE, State:OPEN]. The last committed block length is 0, uncommitted data length is 2097152 retry count 0
2019-11-05 08:23:58,964 [Thread-1480] INFO  impl.RoleInfo (RoleInfo.java:updateAndGet(143)) - 4a682f4f-c3f2-4b77-88b7-f0ab78890feb: start LeaderElection
2019-11-05 08:23:58,967 [grpc-default-executor-0] INFO  impl.RaftServerImpl (RaftServerImpl.java:setRole(184)) - b3bb9051-8089-4c51-a999-81579e5913f2@group-0E159EE4F99E: changes role from  FOLLOWER to FOLLOWER at term 90 for recognizeCandidate:a8ae9c07-6d89-4a49-a594-cacd4b776180
2019-11-05 08:23:58,967 [grpc-default-executor-0] INFO  impl.RoleInfo (RoleInfo.java:shutdownFollowerState(121)) - b3bb9051-8089-4c51-a999-81579e5913f2: shutdown FollowerState
2019-11-05 08:23:58,967 [grpc-default-executor-6] INFO  impl.RaftServerImpl (RaftServerImpl.java:setRole(184)) - caafcba9-090a-41f5-a5f9-cba5a6a81e94@group-0E159EE4F99E: changes role from  FOLLOWER to FOLLOWER at term 90 for recognizeCandidate:a8ae9c07-6d89-4a49-a594-cacd4b776180
2019-11-05 08:23:58,968 [grpc-default-executor-0] INFO  impl.RoleInfo (RoleInfo.java:updateAndGet(143)) - b3bb9051-8089-4c51-a999-81579e5913f2: start FollowerState
2019-11-05 08:23:58,968 [Thread-1476] INFO  impl.FollowerState (FollowerState.java:run(117)) - b3bb9051-8089-4c51-a999-81579e5913f2@group-0E159EE4F99E-FollowerState was interrupted: java.lang.InterruptedException: sleep interrupted
2019-11-05 08:23:58,968 [grpc-default-executor-6] INFO  impl.RoleInfo (RoleInfo.java:shutdownFollowerState(121)) - caafcba9-090a-41f5-a5f9-cba5a6a81e94: shutdown FollowerState
2019-11-05 08:23:58,968 [grpc-default-executor-6] INFO  impl.RoleInfo (RoleInfo.java:updateAndGet(143)) - caafcba9-090a-41f5-a5f9-cba5a6a81e94: start FollowerState
2019-11-05 08:23:58,969 [Thread-1479] INFO  impl.FollowerState (FollowerState.java:run(117)) - caafcba9-090a-41f5-a5f9-cba5a6a81e94@group-0E159EE4F99E-FollowerState was interrupted: java.lang.InterruptedException: sleep interrupted
2019-11-05 08:23:58,981 [4a682f4f-c3f2-4b77-88b7-f0ab78890feb@group-0DB8C7688BF9-LeaderElection172] INFO  impl.LeaderElection (LeaderElection.java:askForVotes(178)) - 4a682f4f-c3f2-4b77-88b7-f0ab78890feb@group-0DB8C7688BF9-LeaderElection172: begin an election at term 84 for -1: [77ab65e6-d942-49df-83a3-1d4c0bf152b3:192.168.164.217:39381, 7e1b84a9-a041-44fd-8008-f2679426984c:192.168.164.217:44149, 4a682f4f-c3f2-4b77-88b7-f0ab78890feb:192.168.164.217:34174], old=null
2019-11-05 08:23:58,985 [a8ae9c07-6d89-4a49-a594-cacd4b776180@group-0E159EE4F99E-LeaderElection171] INFO  impl.LeaderElection (LeaderElection.java:logAndReturn(56)) - a8ae9c07-6d89-4a49-a594-cacd4b776180@group-0E159EE4F99E-LeaderElection171: Election REJECTED; received 2 response(s) [a8ae9c07-6d89-4a49-a594-cacd4b776180<-caafcba9-090a-41f5-a5f9-cba5a6a81e94#0:FAIL-t90, a8ae9c07-6d89-4a49-a594-cacd4b776180<-b3bb9051-8089-4c51-a999-81579e5913f2#0:FAIL-t90] and 0 exception(s); a8ae9c07-6d89-4a49-a594-cacd4b776180@group-0E159EE4F99E:t90, leader=null, voted=a8ae9c07-6d89-4a49-a594-cacd4b776180, raftlog=a8ae9c07-6d89-4a49-a594-cacd4b776180@group-0E159EE4F99E-SegmentedRaftLog:OPENED:c-1,f-1,i0, conf=-1: [caafcba9-090a-41f5-a5f9-cba5a6a81e94:192.168.164.217:37197, a8ae9c07-6d89-4a49-a594-cacd4b776180:192.168.164.217:42719, b3bb9051-8089-4c51-a999-81579e5913f2:192.168.164.217:36516], old=null
2019-11-05 08:23:58,985 [a8ae9c07-6d89-4a49-a594-cacd4b776180@group-0E159EE4F99E-LeaderElection171] INFO  impl.RaftServerImpl (RaftServerImpl.java:setRole(184)) - a8ae9c07-6d89-4a49-a594-cacd4b776180@group-0E159EE4F99E: changes role from CANDIDATE to FOLLOWER at term 90 for DISCOVERED_A_NEW_TERM
2019-11-05 08:23:58,985 [a8ae9c07-6d89-4a49-a594-cacd4b776180@group-0E159EE4F99E-LeaderElection171] INFO  impl.RoleInfo (RoleInfo.java:shutdownLeaderElection(134)) - a8ae9c07-6d89-4a49-a594-cacd4b776180: shutdown LeaderElection
2019-11-05 08:23:58,988 [a8ae9c07-6d89-4a49-a594-cacd4b776180@group-0E159EE4F99E-LeaderElection171] INFO  impl.RoleInfo (RoleInfo.java:updateAndGet(143)) - a8ae9c07-6d89-4a49-a594-cacd4b776180: start FollowerState
2019-11-05 08:23:58,988 [grpc-default-executor-0] INFO  impl.RaftServerImpl (RaftServerImpl.java:setRole(184)) - 7e1b84a9-a041-44fd-8008-f2679426984c@group-0DB8C7688BF9: changes role from  FOLLOWER to FOLLOWER at term 84 for recognizeCandidate:4a682f4f-c3f2-4b77-88b7-f0ab78890feb
2019-11-05 08:23:58,988 [grpc-default-executor-6] INFO  impl.RaftServerImpl (RaftServerImpl.java:setRole(184)) - 77ab65e6-d942-49df-83a3-1d4c0bf152b3@group-0DB8C7688BF9: changes role from  FOLLOWER to FOLLOWER at term 84 for recognizeCandidate:4a682f4f-c3f2-4b77-88b7-f0ab78890feb
2019-11-05 08:23:58,988 [grpc-default-executor-0] INFO  impl.RoleInfo (RoleInfo.java:shutdownFollowerState(121)) - 7e1b84a9-a041-44fd-8008-f2679426984c: shutdown FollowerState
2019-11-05 08:23:58,989 [grpc-default-executor-6] INFO  impl.RoleInfo (RoleInfo.java:shutdownFollowerState(121)) - 77ab65e6-d942-49df-83a3-1d4c0bf152b3: shutdown FollowerState
2019-11-05 08:23:58,989 [grpc-default-executor-0] INFO  impl.RoleInfo (RoleInfo.java:updateAndGet(143)) - 7e1b84a9-a041-44fd-8008-f2679426984c: start FollowerState
2019-11-05 08:23:58,989 [grpc-default-executor-6] INFO  impl.RoleInfo (RoleInfo.java:updateAndGet(143)) - 77ab65e6-d942-49df-83a3-1d4c0bf152b3: start FollowerState
2019-11-05 08:23:58,989 [Thread-1478] INFO  impl.FollowerState (FollowerState.java:run(117)) - 7e1b84a9-a041-44fd-8008-f2679426984c@group-0DB8C7688BF9-FollowerState was interrupted: java.lang.InterruptedException: sleep interrupted
2019-11-05 08:23:58,989 [Thread-1477] INFO  impl.FollowerState (FollowerState.java:run(117)) - 77ab65e6-d942-49df-83a3-1d4c0bf152b3@group-0DB8C7688BF9-FollowerState was interrupted: java.lang.InterruptedException: sleep interrupted
2019-11-05 08:23:59,031 [4a682f4f-c3f2-4b77-88b7-f0ab78890feb@group-0DB8C7688BF9-LeaderElection172] INFO  impl.LeaderElection (LeaderElection.java:logAndReturn(56)) - 4a682f4f-c3f2-4b77-88b7-f0ab78890feb@group-0DB8C7688BF9-LeaderElection172: Election REJECTED; received 2 response(s) [4a682f4f-c3f2-4b77-88b7-f0ab78890feb<-77ab65e6-d942-49df-83a3-1d4c0bf152b3#0:FAIL-t84, 4a682f4f-c3f2-4b77-88b7-f0ab78890feb<-7e1b84a9-a041-44fd-8008-f2679426984c#0:FAIL-t84] and 0 exception(s); 4a682f4f-c3f2-4b77-88b7-f0ab78890feb@group-0DB8C7688BF9:t84, leader=null, voted=4a682f4f-c3f2-4b77-88b7-f0ab78890feb, raftlog=4a682f4f-c3f2-4b77-88b7-f0ab78890feb@group-0DB8C7688BF9-SegmentedRaftLog:OPENED:c-1,f-1,i0, conf=-1: [77ab65e6-d942-49df-83a3-1d4c0bf152b3:192.168.164.217:39381, 7e1b84a9-a041-44fd-8008-f2679426984c:192.168.164.217:44149, 4a682f4f-c3f2-4b77-88b7-f0ab78890feb:192.168.164.217:34174], old=null
2019-11-05 08:23:59,032 [4a682f4f-c3f2-4b77-88b7-f0ab78890feb@group-0DB8C7688BF9-LeaderElection172] INFO  impl.RaftServerImpl (RaftServerImpl.java:setRole(184)) - 4a682f4f-c3f2-4b77-88b7-f0ab78890feb@group-0DB8C7688BF9: changes role from CANDIDATE to FOLLOWER at term 84 for DISCOVERED_A_NEW_TERM
2019-11-05 08:23:59,032 [4a682f4f-c3f2-4b77-88b7-f0ab78890feb@group-0DB8C7688BF9-LeaderElection172] INFO  impl.RoleInfo (RoleInfo.java:shutdownLeaderElection(134)) - 4a682f4f-c3f2-4b77-88b7-f0ab78890feb: shutdown LeaderElection
2019-11-05 08:23:59,032 [4a682f4f-c3f2-4b77-88b7-f0ab78890feb@group-0DB8C7688BF9-LeaderElection172] INFO  impl.RoleInfo (RoleInfo.java:updateAndGet(143)) - 4a682f4f-c3f2-4b77-88b7-f0ab78890feb: start FollowerState
2019-11-05 08:23:59,173 [Thread-1495] INFO  impl.FollowerState (FollowerState.java:run(108)) - 4a682f4f-c3f2-4b77-88b7-f0ab78890feb@group-0DB8C7688BF9-FollowerState: change to CANDIDATE, lastRpcTime:140ms, electionTimeout:140ms
2019-11-05 08:23:59,173 [Thread-1495] INFO  impl.RoleInfo (RoleInfo.java:shutdownFollowerState(121)) - 4a682f4f-c3f2-4b77-88b7-f0ab78890feb: shutdown FollowerState
2019-11-05 08:23:59,173 [Thread-1495] INFO  impl.RaftServerImpl (RaftServerImpl.java:setRole(184)) - 4a682f4f-c3f2-4b77-88b7-f0ab78890feb@group-0DB8C7688BF9: changes role from  FOLLOWER to CANDIDATE at term 84 for changeToCandidate
2019-11-05 08:23:59,173 [Thread-1495] INFO  impl.RoleInfo (RoleInfo.java:updateAndGet(143)) - 4a682f4f-c3f2-4b77-88b7-f0ab78890feb: start LeaderElection
2019-11-05 08:23:59,175 [Thread-1492] INFO  impl.FollowerState (FollowerState.java:run(108)) - a8ae9c07-6d89-4a49-a594-cacd4b776180@group-0E159EE4F99E-FollowerState: change to CANDIDATE, lastRpcTime:187ms, electionTimeout:187ms
2019-11-05 08:23:59,175 [Thread-1492] INFO  impl.RoleInfo (RoleInfo.java:shutdownFollowerState(121)) - a8ae9c07-6d89-4a49-a594-cacd4b776180: shutdown FollowerState
2019-11-05 08:23:59,176 [Thread-1492] INFO  impl.RaftServerImpl (RaftServerImpl.java:setRole(184)) - a8ae9c07-6d89-4a49-a594-cacd4b776180@group-0E159EE4F99E: changes role from  FOLLOWER to CANDIDATE at term 90 for changeToCandidate
2019-11-05 08:23:59,176 [Thread-1492] INFO  impl.RoleInfo (RoleInfo.java:updateAndGet(143)) - a8ae9c07-6d89-4a49-a594-cacd4b776180: start LeaderElection
2019-11-05 08:23:59,188 [a8ae9c07-6d89-4a49-a594-cacd4b776180@group-0E159EE4F99E-LeaderElection174] INFO  impl.LeaderElection (LeaderElection.java:askForVotes(178)) - a8ae9c07-6d89-4a49-a594-cacd4b776180@group-0E159EE4F99E-LeaderElection174: begin an election at term 91 for -1: [caafcba9-090a-41f5-a5f9-cba5a6a81e94:192.168.164.217:37197, a8ae9c07-6d89-4a49-a594-cacd4b776180:192.168.164.217:42719, b3bb9051-8089-4c51-a999-81579e5913f2:192.168.164.217:36516], old=null
2019-11-05 08:23:59,188 [4a682f4f-c3f2-4b77-88b7-f0ab78890feb@group-0DB8C7688BF9-LeaderElection173] INFO  impl.LeaderElection (LeaderElection.java:askForVotes(178)) - 4a682f4f-c3f2-4b77-88b7-f0ab78890feb@group-0DB8C7688BF9-LeaderElection173: begin an election at term 85 for -1: [77ab65e6-d942-49df-83a3-1d4c0bf152b3:192.168.164.217:39381, 7e1b84a9-a041-44fd-8008-f2679426984c:192.168.164.217:44149, 4a682f4f-c3f2-4b77-88b7-f0ab78890feb:192.168.164.217:34174], old=null
2019-11-05 08:23:59,191 [grpc-default-executor-6] INFO  impl.RaftServerImpl (RaftServerImpl.java:setRole(184)) - b3bb9051-8089-4c51-a999-81579e5913f2@group-0E159EE4F99E: changes role from  FOLLOWER to FOLLOWER at term 91 for recognizeCandidate:a8ae9c07-6d89-4a49-a594-cacd4b776180
2019-11-05 08:23:59,192 [grpc-default-executor-6] INFO  impl.RoleInfo (RoleInfo.java:shutdownFollowerState(121)) - b3bb9051-8089-4c51-a999-81579e5913f2: shutdown FollowerState
2019-11-05 08:23:59,192 [grpc-default-executor-0] INFO  impl.RaftServerImpl (RaftServerImpl.java:setRole(184)) - 7e1b84a9-a041-44fd-8008-f2679426984c@group-0DB8C7688BF9: changes role from  FOLLOWER to FOLLOWER at term 85 for recognizeCandidate:4a682f4f-c3f2-4b77-88b7-f0ab78890feb
2019-11-05 08:23:59,192 [grpc-default-executor-4] INFO  impl.RaftServerImpl (RaftServerImpl.java:setRole(184)) - 77ab65e6-d942-49df-83a3-1d4c0bf152b3@group-0DB8C7688BF9: changes role from  FOLLOWER to FOLLOWER at term 85 for recognizeCandidate:4a682f4f-c3f2-4b77-88b7-f0ab78890feb
2019-11-05 08:23:59,192 [Thread-1488] INFO  impl.FollowerState (FollowerState.java:run(117)) - b3bb9051-8089-4c51-a999-81579e5913f2@group-0E159EE4F99E-FollowerState was interrupted: java.lang.InterruptedException: sleep interrupted
2019-11-05 08:23:59,192 [grpc-default-executor-6] INFO  impl.RoleInfo (RoleInfo.java:updateAndGet(143)) - b3bb9051-8089-4c51-a999-81579e5913f2: start FollowerState
2019-11-05 08:23:59,192 [grpc-default-executor-4] INFO  impl.RoleInfo (RoleInfo.java:shutdownFollowerState(121)) - 77ab65e6-d942-49df-83a3-1d4c0bf152b3: shutdown FollowerState
2019-11-05 08:23:59,192 [grpc-default-executor-0] INFO  impl.RoleInfo (RoleInfo.java:shutdownFollowerState(121)) - 7e1b84a9-a041-44fd-8008-f2679426984c: shutdown FollowerState
2019-11-05 08:23:59,193 [Thread-1494] INFO  impl.FollowerState (FollowerState.java:run(117)) - 77ab65e6-d942-49df-83a3-1d4c0bf152b3@group-0DB8C7688BF9-FollowerState was interrupted: java.lang.InterruptedException: sleep interrupted
2019-11-05 08:23:59,193 [grpc-default-executor-4] INFO  impl.RoleInfo (RoleInfo.java:updateAndGet(143)) - 77ab65e6-d942-49df-83a3-1d4c0bf152b3: start FollowerState
2019-11-05 08:23:59,193 [grpc-default-executor-1] INFO  impl.RaftServerImpl (RaftServerImpl.java:setRole(184)) - caafcba9-090a-41f5-a5f9-cba5a6a81e94@group-0E159EE4F99E: changes role from  FOLLOWER to FOLLOWER at term 91 for recognizeCandidate:a8ae9c07-6d89-4a49-a594-cacd4b776180
2019-11-05 08:23:59,193 [Thread-1493] INFO  impl.FollowerState (FollowerState.java:run(117)) - 7e1b84a9-a041-44fd-8008-f2679426984c@group-0DB8C7688BF9-FollowerState was interrupted: java.lang.InterruptedException: sleep interrupted
2019-11-05 08:23:59,193 [grpc-default-executor-0] INFO  impl.RoleInfo (RoleInfo.java:updateAndGet(143)) - 7e1b84a9-a041-44fd-8008-f2679426984c: start FollowerState
2019-11-05 08:23:59,194 [grpc-default-executor-1] INFO  impl.RoleInfo (RoleInfo.java:shutdownFollowerState(121)) - caafcba9-090a-41f5-a5f9-cba5a6a81e94: shutdown FollowerState
2019-11-05 08:23:59,194 [grpc-default-executor-1] INFO  impl.RoleInfo (RoleInfo.java:updateAndGet(143)) - caafcba9-090a-41f5-a5f9-cba5a6a81e94: start FollowerState
2019-11-05 08:23:59,194 [Thread-1489] INFO  impl.FollowerState (FollowerState.java:run(117)) - caafcba9-090a-41f5-a5f9-cba5a6a81e94@group-0E159EE4F99E-FollowerState was interrupted: java.lang.InterruptedException: sleep interrupted
2019-11-05 08:23:59,207 [a8ae9c07-6d89-4a49-a594-cacd4b776180@group-0E159EE4F99E-LeaderElection174] INFO  impl.LeaderElection (LeaderElection.java:logAndReturn(56)) - a8ae9c07-6d89-4a49-a594-cacd4b776180@group-0E159EE4F99E-LeaderElection174: Election REJECTED; received 2 response(s) [a8ae9c07-6d89-4a49-a594-cacd4b776180<-caafcba9-090a-41f5-a5f9-cba5a6a81e94#0:FAIL-t91, a8ae9c07-6d89-4a49-a594-cacd4b776180<-b3bb9051-8089-4c51-a999-81579e5913f2#0:FAIL-t91] and 0 exception(s); a8ae9c07-6d89-4a49-a594-cacd4b776180@group-0E159EE4F99E:t91, leader=null, voted=a8ae9c07-6d89-4a49-a594-cacd4b776180, raftlog=a8ae9c07-6d89-4a49-a594-cacd4b776180@group-0E159EE4F99E-SegmentedRaftLog:OPENED:c-1,f-1,i0, conf=-1: [caafcba9-090a-41f5-a5f9-cba5a6a81e94:192.168.164.217:37197, a8ae9c07-6d89-4a49-a594-cacd4b776180:192.168.164.217:42719, b3bb9051-8089-4c51-a999-81579e5913f2:192.168.164.217:36516], old=null
2019-11-05 08:23:59,207 [4a682f4f-c3f2-4b77-88b7-f0ab78890feb@group-0DB8C7688BF9-LeaderElection173] INFO  impl.LeaderElection (LeaderElection.java:logAndReturn(56)) - 4a682f4f-c3f2-4b77-88b7-f0ab78890feb@group-0DB8C7688BF9-LeaderElection173: Election REJECTED; received 2 response(s) [4a682f4f-c3f2-4b77-88b7-f0ab78890feb<-77ab65e6-d942-49df-83a3-1d4c0bf152b3#0:FAIL-t85, 4a682f4f-c3f2-4b77-88b7-f0ab78890feb<-7e1b84a9-a041-44fd-8008-f2679426984c#0:FAIL-t85] and 0 exception(s); 4a682f4f-c3f2-4b77-88b7-f0ab78890feb@group-0DB8C7688BF9:t85, leader=null, voted=4a682f4f-c3f2-4b77-88b7-f0ab78890feb, raftlog=4a682f4f-c3f2-4b77-88b7-f0ab78890feb@group-0DB8C7688BF9-SegmentedRaftLog:OPENED:c-1,f-1,i0, conf=-1: [77ab65e6-d942-49df-83a3-1d4c0bf152b3:192.168.164.217:39381, 7e1b84a9-a041-44fd-8008-f2679426984c:192.168.164.217:44149, 4a682f4f-c3f2-4b77-88b7-f0ab78890feb:192.168.164.217:34174], old=null
2019-11-05 08:23:59,207 [a8ae9c07-6d89-4a49-a594-cacd4b776180@group-0E159EE4F99E-LeaderElection174] INFO  impl.RaftServerImpl (RaftServerImpl.java:setRole(184)) - a8ae9c07-6d89-4a49-a594-cacd4b776180@group-0E159EE4F99E: changes role from CANDIDATE to FOLLOWER at term 91 for DISCOVERED_A_NEW_TERM
2019-11-05 08:23:59,208 [4a682f4f-c3f2-4b77-88b7-f0ab78890feb@group-0DB8C7688BF9-LeaderElection173] INFO  impl.RaftServerImpl (RaftServerImpl.java:setRole(184)) - 4a682f4f-c3f2-4b77-88b7-f0ab78890feb@group-0DB8C7688BF9: changes role from CANDIDATE to FOLLOWER at term 85 for DISCOVERED_A_NEW_TERM
2019-11-05 08:23:59,208 [a8ae9c07-6d89-4a49-a594-cacd4b776180@group-0E159EE4F99E-LeaderElection174] INFO  impl.RoleInfo (RoleInfo.java:shutdownLeaderElection(134)) - a8ae9c07-6d89-4a49-a594-cacd4b776180: shutdown LeaderElection
2019-11-05 08:23:59,208 [4a682f4f-c3f2-4b77-88b7-f0ab78890feb@group-0DB8C7688BF9-LeaderElection173] INFO  impl.RoleInfo (RoleInfo.java:shutdownLeaderElection(134)) - 4a682f4f-c3f2-4b77-88b7-f0ab78890feb: shutdown LeaderElection
2019-11-05 08:23:59,208 [a8ae9c07-6d89-4a49-a594-cacd4b776180@group-0E159EE4F99E-LeaderElection174] INFO  impl.RoleInfo (RoleInfo.java:updateAndGet(143)) - a8ae9c07-6d89-4a49-a594-cacd4b776180: start FollowerState
2019-11-05 08:23:59,208 [4a682f4f-c3f2-4b77-88b7-f0ab78890feb@group-0DB8C7688BF9-LeaderElection173] INFO  impl.RoleInfo (RoleInfo.java:updateAndGet(143)) - 4a682f4f-c3f2-4b77-88b7-f0ab78890feb: start FollowerState
2019-11-05 08:23:59,294 [Thread-1511] INFO  impl.FollowerState (FollowerState.java:run(108)) - a8ae9c07-6d89-4a49-a594-cacd4b776180@group-0E159EE4F99E-FollowerState: change to CANDIDATE, lastRpcTime:85ms, electionTimeout:85ms
2019-11-05 08:23:59,294 [Thread-1511] INFO  impl.RoleInfo (RoleInfo.java:shutdownFollowerState(121)) - a8ae9c07-6d89-4a49-a594-cacd4b776180: shutdown FollowerState
2019-11-05 08:23:59,294 [Thread-1511] INFO  impl.RaftServerImpl (RaftServerImpl.java:setRole(184)) - a8ae9c07-6d89-4a49-a594-cacd4b776180@group-0E159EE4F99E: changes role from  FOLLOWER to CANDIDATE at term 91 for changeToCandidate
2019-11-05 08:23:59,294 [Thread-1511] INFO  impl.RoleInfo (RoleInfo.java:updateAndGet(143)) - a8ae9c07-6d89-4a49-a594-cacd4b776180: start LeaderElection
2019-11-05 08:23:59,303 [Thread-1512] INFO  impl.FollowerState (FollowerState.java:run(108)) - 4a682f4f-c3f2-4b77-88b7-f0ab78890feb@group-0DB8C7688BF9-FollowerState: change to CANDIDATE, lastRpcTime:94ms, electionTimeout:94ms
2019-11-05 08:23:59,303 [Thread-1512] INFO  impl.RoleInfo (RoleInfo.java:shutdownFollowerState(121)) - 4a682f4f-c3f2-4b77-88b7-f0ab78890feb: shutdown FollowerState
2019-11-05 08:23:59,303 [Thread-1512] INFO  impl.RaftServerImpl (RaftServerImpl.java:setRole(184)) - 4a682f4f-c3f2-4b77-88b7-f0ab78890feb@group-0DB8C7688BF9: changes role from  FOLLOWER to CANDIDATE at term 85 for changeToCandidate
2019-11-05 08:23:59,303 [Thread-1512] INFO  impl.RoleInfo (RoleInfo.java:updateAndGet(143)) - 4a682f4f-c3f2-4b77-88b7-f0ab78890feb: start LeaderElection
2019-11-05 08:23:59,309 [4a682f4f-c3f2-4b77-88b7-f0ab78890feb@group-0DB8C7688BF9-LeaderElection176] INFO  impl.LeaderElection (LeaderElection.java:askForVotes(178)) - 4a682f4f-c3f2-4b77-88b7-f0ab78890feb@group-0DB8C7688BF9-LeaderElection176: begin an election at term 86 for -1: [77ab65e6-d942-49df-83a3-1d4c0bf152b3:192.168.164.217:39381, 7e1b84a9-a041-44fd-8008-f2679426984c:192.168.164.217:44149, 4a682f4f-c3f2-4b77-88b7-f0ab78890feb:192.168.164.217:34174], old=null
2019-11-05 08:23:59,309 [a8ae9c07-6d89-4a49-a594-cacd4b776180@group-0E159EE4F99E-LeaderElection175] INFO  impl.LeaderElection (LeaderElection.java:askForVotes(178)) - a8ae9c07-6d89-4a49-a594-cacd4b776180@group-0E159EE4F99E-LeaderElection175: begin an election at term 92 for -1: [caafcba9-090a-41f5-a5f9-cba5a6a81e94:192.168.164.217:37197, a8ae9c07-6d89-4a49-a594-cacd4b776180:192.168.164.217:42719, b3bb9051-8089-4c51-a999-81579e5913f2:192.168.164.217:36516], old=null
2019-11-05 08:23:59,311 [grpc-default-executor-1] INFO  impl.RaftServerImpl (RaftServerImpl.java:setRole(184)) - 77ab65e6-d942-49df-83a3-1d4c0bf152b3@group-0DB8C7688BF9: changes role from  FOLLOWER to FOLLOWER at term 86 for recognizeCandidate:4a682f4f-c3f2-4b77-88b7-f0ab78890feb
2019-11-05 08:23:59,312 [grpc-default-executor-1] INFO  impl.RoleInfo (RoleInfo.java:shutdownFollowerState(121)) - 77ab65e6-d942-49df-83a3-1d4c0bf152b3: shutdown FollowerState
2019-11-05 08:23:59,311 [grpc-default-executor-6] INFO  impl.RaftServerImpl (RaftServerImpl.java:setRole(184)) - 7e1b84a9-a041-44fd-8008-f2679426984c@group-0DB8C7688BF9: changes role from  FOLLOWER to FOLLOWER at term 86 for recognizeCandidate:4a682f4f-c3f2-4b77-88b7-f0ab78890feb
2019-11-05 08:23:59,312 [Thread-1508] INFO  impl.FollowerState (FollowerState.java:run(117)) - 77ab65e6-d942-49df-83a3-1d4c0bf152b3@group-0DB8C7688BF9-FollowerState was interrupted: java.lang.InterruptedException: sleep interrupted
2019-11-05 08:23:59,312 [grpc-default-executor-1] INFO  impl.RoleInfo (RoleInfo.java:updateAndGet(143)) - 77ab65e6-d942-49df-83a3-1d4c0bf152b3: start FollowerState
2019-11-05 08:23:59,312 [grpc-default-executor-4] INFO  impl.RaftServerImpl (RaftServerImpl.java:setRole(184)) - b3bb9051-8089-4c51-a999-81579e5913f2@group-0E159EE4F99E: changes role from  FOLLOWER to FOLLOWER at term 92 for recognizeCandidate:a8ae9c07-6d89-4a49-a594-cacd4b776180
2019-11-05 08:23:59,312 [grpc-default-executor-4] INFO  impl.RoleInfo (RoleInfo.java:shutdownFollowerState(121)) - b3bb9051-8089-4c51-a999-81579e5913f2: shutdown FollowerState
2019-11-05 08:23:59,312 [grpc-default-executor-0] INFO  impl.RaftServerImpl (RaftServerImpl.java:setRole(184)) - caafcba9-090a-41f5-a5f9-cba5a6a81e94@group-0E159EE4F99E: changes role from  FOLLOWER to FOLLOWER at term 92 for recognizeCandidate:a8ae9c07-6d89-4a49-a594-cacd4b776180
2019-11-05 08:23:59,313 [grpc-default-executor-0] INFO  impl.RoleInfo (RoleInfo.java:shutdownFollowerState(121)) - caafcba9-090a-41f5-a5f9-cba5a6a81e94: shutdown FollowerState
2019-11-05 08:23:59,312 [grpc-default-executor-6] INFO  impl.RoleInfo (RoleInfo.java:shutdownFollowerState(121)) - 7e1b84a9-a041-44fd-8008-f2679426984c: shutdown FollowerState
2019-11-05 08:23:59,313 [Thread-1510] INFO  impl.FollowerState (FollowerState.java:run(117)) - caafcba9-090a-41f5-a5f9-cba5a6a81e94@group-0E159EE4F99E-FollowerState was interrupted: java.lang.InterruptedException: sleep interrupted
2019-11-05 08:23:59,313 [Thread-1509] INFO  impl.FollowerState (FollowerState.java:run(117)) - 7e1b84a9-a041-44fd-8008-f2679426984c@group-0DB8C7688BF9-FollowerState was interrupted: java.lang.InterruptedException: sleep interrupted
2019-11-05 08:23:59,313 [grpc-default-executor-0] INFO  impl.RoleInfo (RoleInfo.java:updateAndGet(143)) - caafcba9-090a-41f5-a5f9-cba5a6a81e94: start FollowerState
2019-11-05 08:23:59,313 [Thread-1507] INFO  impl.FollowerState (FollowerState.java:run(117)) - b3bb9051-8089-4c51-a999-81579e5913f2@group-0E159EE4F99E-FollowerState was interrupted: java.lang.InterruptedException: sleep interrupted
2019-11-05 08:23:59,313 [grpc-default-executor-4] INFO  impl.RoleInfo (RoleInfo.java:updateAndGet(143)) - b3bb9051-8089-4c51-a999-81579e5913f2: start FollowerState
2019-11-05 08:23:59,313 [grpc-default-executor-6] INFO  impl.RoleInfo (RoleInfo.java:updateAndGet(143)) - 7e1b84a9-a041-44fd-8008-f2679426984c: start FollowerState
2019-11-05 08:23:59,327 [4a682f4f-c3f2-4b77-88b7-f0ab78890feb@group-0DB8C7688BF9-LeaderElection176] INFO  impl.LeaderElection (LeaderElection.java:logAndReturn(56)) - 4a682f4f-c3f2-4b77-88b7-f0ab78890feb@group-0DB8C7688BF9-LeaderElection176: Election REJECTED; received 2 response(s) [4a682f4f-c3f2-4b77-88b7-f0ab78890feb<-77ab65e6-d942-49df-83a3-1d4c0bf152b3#0:FAIL-t86, 4a682f4f-c3f2-4b77-88b7-f0ab78890feb<-7e1b84a9-a041-44fd-8008-f2679426984c#0:FAIL-t86] and 0 exception(s); 4a682f4f-c3f2-4b77-88b7-f0ab78890feb@group-0DB8C7688BF9:t86, leader=null, voted=4a682f4f-c3f2-4b77-88b7-f0ab78890feb, raftlog=4a682f4f-c3f2-4b77-88b7-f0ab78890feb@group-0DB8C7688BF9-SegmentedRaftLog:OPENED:c-1,f-1,i0, conf=-1: [77ab65e6-d942-49df-83a3-1d4c0bf152b3:192.168.164.217:39381, 7e1b84a9-a041-44fd-8008-f2679426984c:192.168.164.217:44149, 4a682f4f-c3f2-4b77-88b7-f0ab78890feb:192.168.164.217:34174], old=null
2019-11-05 08:23:59,327 [4a682f4f-c3f2-4b77-88b7-f0ab78890feb@group-0DB8C7688BF9-LeaderElection176] INFO  impl.RaftServerImpl (RaftServerImpl.java:setRole(184)) - 4a682f4f-c3f2-4b77-88b7-f0ab78890feb@group-0DB8C7688BF9: changes role from CANDIDATE to FOLLOWER at term 86 for DISCOVERED_A_NEW_TERM
2019-11-05 08:23:59,327 [a8ae9c07-6d89-4a49-a594-cacd4b776180@group-0E159EE4F99E-LeaderElection175] INFO  impl.LeaderElection (LeaderElection.java:logAndReturn(56)) - a8ae9c07-6d89-4a49-a594-cacd4b776180@group-0E159EE4F99E-LeaderElection175: Election REJECTED; received 2 response(s) [a8ae9c07-6d89-4a49-a594-cacd4b776180<-caafcba9-090a-41f5-a5f9-cba5a6a81e94#0:FAIL-t92, a8ae9c07-6d89-4a49-a594-cacd4b776180<-b3bb9051-8089-4c51-a999-81579e5913f2#0:FAIL-t92] and 0 exception(s); a8ae9c07-6d89-4a49-a594-cacd4b776180@group-0E159EE4F99E:t92, leader=null, voted=a8ae9c07-6d89-4a49-a594-cacd4b776180, raftlog=a8ae9c07-6d89-4a49-a594-cacd4b776180@group-0E159EE4F99E-SegmentedRaftLog:OPENED:c-1,f-1,i0, conf=-1: [caafcba9-090a-41f5-a5f9-cba5a6a81e94:192.168.164.217:37197, a8ae9c07-6d89-4a49-a594-cacd4b776180:192.168.164.217:42719, b3bb9051-8089-4c51-a999-81579e5913f2:192.168.164.217:36516], old=null
2019-11-05 08:23:59,327 [4a682f4f-c3f2-4b77-88b7-f0ab78890feb@group-0DB8C7688BF9-LeaderElection176] INFO  impl.RoleInfo (RoleInfo.java:shutdownLeaderElection(134)) - 4a682f4f-c3f2-4b77-88b7-f0ab78890feb: shutdown LeaderElection
2019-11-05 08:23:59,328 [a8ae9c07-6d89-4a49-a594-cacd4b776180@group-0E159EE4F99E-LeaderElection175] INFO  impl.RaftServerImpl (RaftServerImpl.java:setRole(184)) - a8ae9c07-6d89-4a49-a594-cacd4b776180@group-0E159EE4F99E: changes role from CANDIDATE to FOLLOWER at term 92 for DISCOVERED_A_NEW_TERM
2019-11-05 08:23:59,328 [4a682f4f-c3f2-4b77-88b7-f0ab78890feb@group-0DB8C7688BF9-LeaderElection176] INFO  impl.RoleInfo (RoleInfo.java:updateAndGet(143)) - 4a682f4f-c3f2-4b77-88b7-f0ab78890feb: start FollowerState
2019-11-05 08:23:59,328 [a8ae9c07-6d89-4a49-a594-cacd4b776180@group-0E159EE4F99E-LeaderElection175] INFO  impl.RoleInfo (RoleInfo.java:shutdownLeaderElection(134)) - a8ae9c07-6d89-4a49-a594-cacd4b776180: shutdown LeaderElection
2019-11-05 08:23:59,328 [a8ae9c07-6d89-4a49-a594-cacd4b776180@group-0E159EE4F99E-LeaderElection175] INFO  impl.RoleInfo (RoleInfo.java:updateAndGet(143)) - a8ae9c07-6d89-4a49-a594-cacd4b776180: start FollowerState
2019-11-05 08:23:59,411 [Thread-1524] INFO  impl.FollowerState (FollowerState.java:run(108)) - a8ae9c07-6d89-4a49-a594-cacd4b776180@group-0E159EE4F99E-FollowerState: change to CANDIDATE, lastRpcTime:83ms, electionTimeout:83ms
2019-11-05 08:23:59,412 [Thread-1524] INFO  impl.RoleInfo (RoleInfo.java:shutdownFollowerState(121)) - a8ae9c07-6d89-4a49-a594-cacd4b776180: shutdown FollowerState
2019-11-05 08:23:59,412 [Thread-1524] INFO  impl.RaftServerImpl (RaftServerImpl.java:setRole(184)) - a8ae9c07-6d89-4a49-a594-cacd4b776180@group-0E159EE4F99E: changes role from  FOLLOWER to CANDIDATE at term 92 for changeToCandidate
2019-11-05 08:23:59,412 [Thread-1524] INFO  impl.RoleInfo (RoleInfo.java:updateAndGet(143)) - a8ae9c07-6d89-4a49-a594-cacd4b776180: start LeaderElection
2019-11-05 08:23:59,426 [a8ae9c07-6d89-4a49-a594-cacd4b776180@group-0E159EE4F99E-LeaderElection177] INFO  impl.LeaderElection (LeaderElection.java:askForVotes(178)) - a8ae9c07-6d89-4a49-a594-cacd4b776180@group-0E159EE4F99E-LeaderElection177: begin an election at term 93 for -1: [caafcba9-090a-41f5-a5f9-cba5a6a81e94:192.168.164.217:37197, a8ae9c07-6d89-4a49-a594-cacd4b776180:192.168.164.217:42719, b3bb9051-8089-4c51-a999-81579e5913f2:192.168.164.217:36516], old=null
2019-11-05 08:23:59,429 [grpc-default-executor-1] INFO  impl.RaftServerImpl (RaftServerImpl.java:setRole(184)) - b3bb9051-8089-4c51-a999-81579e5913f2@group-0E159EE4F99E: changes role from  FOLLOWER to FOLLOWER at term 93 for recognizeCandidate:a8ae9c07-6d89-4a49-a594-cacd4b776180
2019-11-05 08:23:59,429 [grpc-default-executor-6] INFO  impl.RaftServerImpl (RaftServerImpl.java:setRole(184)) - caafcba9-090a-41f5-a5f9-cba5a6a81e94@group-0E159EE4F99E: changes role from  FOLLOWER to FOLLOWER at term 93 for recognizeCandidate:a8ae9c07-6d89-4a49-a594-cacd4b776180
2019-11-05 08:23:59,429 [grpc-default-executor-1] INFO  impl.RoleInfo (RoleInfo.java:shutdownFollowerState(121)) - b3bb9051-8089-4c51-a999-81579e5913f2: shutdown FollowerState
2019-11-05 08:23:59,429 [grpc-default-executor-6] INFO  impl.RoleInfo (RoleInfo.java:shutdownFollowerState(121)) - caafcba9-090a-41f5-a5f9-cba5a6a81e94: shutdown FollowerState
2019-11-05 08:23:59,430 [grpc-default-executor-1] INFO  impl.RoleInfo (RoleInfo.java:updateAndGet(143)) - b3bb9051-8089-4c51-a999-81579e5913f2: start FollowerState
2019-11-05 08:23:59,430 [grpc-default-executor-6] INFO  impl.RoleInfo (RoleInfo.java:updateAndGet(143)) - caafcba9-090a-41f5-a5f9-cba5a6a81e94: start FollowerState
2019-11-05 08:23:59,430 [Thread-1520] INFO  impl.FollowerState (FollowerState.java:run(117)) - b3bb9051-8089-4c51-a999-81579e5913f2@group-0E159EE4F99E-FollowerState was interrupted: java.lang.InterruptedException: sleep interrupted
2019-11-05 08:23:59,430 [Thread-1521] INFO  impl.FollowerState (FollowerState.java:run(117)) - caafcba9-090a-41f5-a5f9-cba5a6a81e94@group-0E159EE4F99E-FollowerState was interrupted: java.lang.InterruptedException: sleep interrupted
2019-11-05 08:23:59,444 [a8ae9c07-6d89-4a49-a594-cacd4b776180@group-0E159EE4F99E-LeaderElection177] INFO  impl.LeaderElection (LeaderElection.java:logAndReturn(56)) - a8ae9c07-6d89-4a49-a594-cacd4b776180@group-0E159EE4F99E-LeaderElection177: Election REJECTED; received 2 response(s) [a8ae9c07-6d89-4a49-a594-cacd4b776180<-caafcba9-090a-41f5-a5f9-cba5a6a81e94#0:FAIL-t93, a8ae9c07-6d89-4a49-a594-cacd4b776180<-b3bb9051-8089-4c51-a999-81579e5913f2#0:FAIL-t93] and 0 exception(s); a8ae9c07-6d89-4a49-a594-cacd4b776180@group-0E159EE4F99E:t93, leader=null, voted=a8ae9c07-6d89-4a49-a594-cacd4b776180, raftlog=a8ae9c07-6d89-4a49-a594-cacd4b776180@group-0E159EE4F99E-SegmentedRaftLog:OPENED:c-1,f-1,i0, conf=-1: [caafcba9-090a-41f5-a5f9-cba5a6a81e94:192.168.164.217:37197, a8ae9c07-6d89-4a49-a594-cacd4b776180:192.168.164.217:42719, b3bb9051-8089-4c51-a999-81579e5913f2:192.168.164.217:36516], old=null
2019-11-05 08:23:59,444 [a8ae9c07-6d89-4a49-a594-cacd4b776180@group-0E159EE4F99E-LeaderElection177] INFO  impl.RaftServerImpl (RaftServerImpl.java:setRole(184)) - a8ae9c07-6d89-4a49-a594-cacd4b776180@group-0E159EE4F99E: changes role from CANDIDATE to FOLLOWER at term 93 for DISCOVERED_A_NEW_TERM
2019-11-05 08:23:59,444 [a8ae9c07-6d89-4a49-a594-cacd4b776180@group-0E159EE4F99E-LeaderElection177] INFO  impl.RoleInfo (RoleInfo.java:shutdownLeaderElection(134)) - a8ae9c07-6d89-4a49-a594-cacd4b776180: shutdown LeaderElection
2019-11-05 08:23:59,444 [a8ae9c07-6d89-4a49-a594-cacd4b776180@group-0E159EE4F99E-LeaderElection177] INFO  impl.RoleInfo (RoleInfo.java:updateAndGet(143)) - a8ae9c07-6d89-4a49-a594-cacd4b776180: start FollowerState
2019-11-05 08:23:59,494 [Thread-1523] INFO  impl.FollowerState (FollowerState.java:run(108)) - 4a682f4f-c3f2-4b77-88b7-f0ab78890feb@group-0DB8C7688BF9-FollowerState: change to CANDIDATE, lastRpcTime:166ms, electionTimeout:166ms
2019-11-05 08:23:59,494 [Thread-1523] INFO  impl.RoleInfo (RoleInfo.java:shutdownFollowerState(121)) - 4a682f4f-c3f2-4b77-88b7-f0ab78890feb: shutdown FollowerState
2019-11-05 08:23:59,494 [Thread-1523] INFO  impl.RaftServerImpl (RaftServerImpl.java:setRole(184)) - 4a682f4f-c3f2-4b77-88b7-f0ab78890feb@group-0DB8C7688BF9: changes role from  FOLLOWER to CANDIDATE at term 86 for changeToCandidate
2019-11-05 08:23:59,495 [Thread-1523] INFO  impl.RoleInfo (RoleInfo.java:updateAndGet(143)) - 4a682f4f-c3f2-4b77-88b7-f0ab78890feb: start LeaderElection
2019-11-05 08:23:59,508 [4a682f4f-c3f2-4b77-88b7-f0ab78890feb@group-0DB8C7688BF9-LeaderElection178] INFO  impl.LeaderElection (LeaderElection.java:askForVotes(178)) - 4a682f4f-c3f2-4b77-88b7-f0ab78890feb@group-0DB8C7688BF9-LeaderElection178: begin an election at term 87 for -1: [77ab65e6-d942-49df-83a3-1d4c0bf152b3:192.168.164.217:39381, 7e1b84a9-a041-44fd-8008-f2679426984c:192.168.164.217:44149, 4a682f4f-c3f2-4b77-88b7-f0ab78890feb:192.168.164.217:34174], old=null
2019-11-05 08:23:59,510 [grpc-default-executor-1] INFO  impl.RaftServerImpl (RaftServerImpl.java:setRole(184)) - 7e1b84a9-a041-44fd-8008-f2679426984c@group-0DB8C7688BF9: changes role from  FOLLOWER to FOLLOWER at term 87 for recognizeCandidate:4a682f4f-c3f2-4b77-88b7-f0ab78890feb
2019-11-05 08:23:59,511 [grpc-default-executor-6] INFO  impl.RaftServerImpl (RaftServerImpl.java:setRole(184)) - 77ab65e6-d942-49df-83a3-1d4c0bf152b3@group-0DB8C7688BF9: changes role from  FOLLOWER to FOLLOWER at term 87 for recognizeCandidate:4a682f4f-c3f2-4b77-88b7-f0ab78890feb
2019-11-05 08:23:59,511 [grpc-default-executor-1] INFO  impl.RoleInfo (RoleInfo.java:shutdownFollowerState(121)) - 7e1b84a9-a041-44fd-8008-f2679426984c: shutdown FollowerState
2019-11-05 08:23:59,511 [grpc-default-executor-6] INFO  impl.RoleInfo (RoleInfo.java:shutdownFollowerState(121)) - 77ab65e6-d942-49df-83a3-1d4c0bf152b3: shutdown FollowerState
2019-11-05 08:23:59,511 [Thread-1522] INFO  impl.FollowerState (FollowerState.java:run(117)) - 7e1b84a9-a041-44fd-8008-f2679426984c@group-0DB8C7688BF9-FollowerState was interrupted: java.lang.InterruptedException: sleep interrupted
2019-11-05 08:23:59,511 [grpc-default-executor-6] INFO  impl.RoleInfo (RoleInfo.java:updateAndGet(143)) - 77ab65e6-d942-49df-83a3-1d4c0bf152b3: start FollowerState
2019-11-05 08:23:59,511 [grpc-default-executor-1] INFO  impl.RoleInfo (RoleInfo.java:updateAndGet(143)) - 7e1b84a9-a041-44fd-8008-f2679426984c: start FollowerState
2019-11-05 08:23:59,511 [Thread-1519] INFO  impl.FollowerState (FollowerState.java:run(117)) - 77ab65e6-d942-49df-83a3-1d4c0bf152b3@group-0DB8C7688BF9-FollowerState was interrupted: java.lang.InterruptedException: sleep interrupted
2019-11-05 08:23:59,531 [4a682f4f-c3f2-4b77-88b7-f0ab78890feb@group-0DB8C7688BF9-LeaderElection178] INFO  impl.LeaderElection (LeaderElection.java:logAndReturn(56)) - 4a682f4f-c3f2-4b77-88b7-f0ab78890feb@group-0DB8C7688BF9-LeaderElection178: Election REJECTED; received 2 response(s) [4a682f4f-c3f2-4b77-88b7-f0ab78890feb<-77ab65e6-d942-49df-83a3-1d4c0bf152b3#0:FAIL-t87, 4a682f4f-c3f2-4b77-88b7-f0ab78890feb<-7e1b84a9-a041-44fd-8008-f2679426984c#0:FAIL-t87] and 0 exception(s); 4a682f4f-c3f2-4b77-88b7-f0ab78890feb@group-0DB8C7688BF9:t87, leader=null, voted=4a682f4f-c3f2-4b77-88b7-f0ab78890feb, raftlog=4a682f4f-c3f2-4b77-88b7-f0ab78890feb@group-0DB8C7688BF9-SegmentedRaftLog:OPENED:c-1,f-1,i0, conf=-1: [77ab65e6-d942-49df-83a3-1d4c0bf152b3:192.168.164.217:39381, 7e1b84a9-a041-44fd-8008-f2679426984c:192.168.164.217:44149, 4a682f4f-c3f2-4b77-88b7-f0ab78890feb:192.168.164.217:34174], old=null
2019-11-05 08:23:59,531 [4a682f4f-c3f2-4b77-88b7-f0ab78890feb@group-0DB8C7688BF9-LeaderElection178] INFO  impl.RaftServerImpl (RaftServerImpl.java:setRole(184)) - 4a682f4f-c3f2-4b77-88b7-f0ab78890feb@group-0DB8C7688BF9: changes role from CANDIDATE to FOLLOWER at term 87 for DISCOVERED_A_NEW_TERM
2019-11-05 08:23:59,531 [4a682f4f-c3f2-4b77-88b7-f0ab78890feb@group-0DB8C7688BF9-LeaderElection178] INFO  impl.RoleInfo (RoleInfo.java:shutdownLeaderElection(134)) - 4a682f4f-c3f2-4b77-88b7-f0ab78890feb: shutdown LeaderElection
2019-11-05 08:23:59,531 [4a682f4f-c3f2-4b77-88b7-f0ab78890feb@group-0DB8C7688BF9-LeaderElection178] INFO  impl.RoleInfo (RoleInfo.java:updateAndGet(143)) - 4a682f4f-c3f2-4b77-88b7-f0ab78890feb: start FollowerState
2019-11-05 08:23:59,540 [Thread-1530] INFO  impl.FollowerState (FollowerState.java:run(108)) - a8ae9c07-6d89-4a49-a594-cacd4b776180@group-0E159EE4F99E-FollowerState: change to CANDIDATE, lastRpcTime:95ms, electionTimeout:95ms
2019-11-05 08:23:59,540 [Thread-1530] INFO  impl.RoleInfo (RoleInfo.java:shutdownFollowerState(121)) - a8ae9c07-6d89-4a49-a594-cacd4b776180: shutdown FollowerState
2019-11-05 08:23:59,540 [Thread-1530] INFO  impl.RaftServerImpl (RaftServerImpl.java:setRole(184)) - a8ae9c07-6d89-4a49-a594-cacd4b776180@group-0E159EE4F99E: changes role from  FOLLOWER to CANDIDATE at term 93 for changeToCandidate
2019-11-05 08:23:59,540 [Thread-1530] INFO  impl.RoleInfo (RoleInfo.java:updateAndGet(143)) - a8ae9c07-6d89-4a49-a594-cacd4b776180: start LeaderElection
2019-11-05 08:23:59,554 [a8ae9c07-6d89-4a49-a594-cacd4b776180@group-0E159EE4F99E-LeaderElection179] INFO  impl.LeaderElection (LeaderElection.java:askForVotes(178)) - a8ae9c07-6d89-4a49-a594-cacd4b776180@group-0E159EE4F99E-LeaderElection179: begin an election at term 94 for -1: [caafcba9-090a-41f5-a5f9-cba5a6a81e94:192.168.164.217:37197, a8ae9c07-6d89-4a49-a594-cacd4b776180:192.168.164.217:42719, b3bb9051-8089-4c51-a999-81579e5913f2:192.168.164.217:36516], old=null
2019-11-05 08:23:59,556 [grpc-default-executor-1] INFO  impl.RaftServerImpl (RaftServerImpl.java:setRole(184)) - caafcba9-090a-41f5-a5f9-cba5a6a81e94@group-0E159EE4F99E: changes role from  FOLLOWER to FOLLOWER at term 94 for recognizeCandidate:a8ae9c07-6d89-4a49-a594-cacd4b776180
2019-11-05 08:23:59,556 [grpc-default-executor-1] INFO  impl.RoleInfo (RoleInfo.java:shutdownFollowerState(121)) - caafcba9-090a-41f5-a5f9-cba5a6a81e94: shutdown FollowerState
2019-11-05 08:23:59,556 [grpc-default-executor-6] INFO  impl.RaftServerImpl (RaftServerImpl.java:setRole(184)) - b3bb9051-8089-4c51-a999-81579e5913f2@group-0E159EE4F99E: changes role from  FOLLOWER to FOLLOWER at term 94 for recognizeCandidate:a8ae9c07-6d89-4a49-a594-cacd4b776180
2019-11-05 08:23:59,556 [grpc-default-executor-6] INFO  impl.RoleInfo (RoleInfo.java:shutdownFollowerState(121)) - b3bb9051-8089-4c51-a999-81579e5913f2: shutdown FollowerState
2019-11-05 08:23:59,556 [Thread-1529] INFO  impl.FollowerState (FollowerState.java:run(117)) - caafcba9-090a-41f5-a5f9-cba5a6a81e94@group-0E159EE4F99E-FollowerState was interrupted: java.lang.InterruptedException: sleep interrupted
2019-11-05 08:23:59,556 [grpc-default-executor-1] INFO  impl.RoleInfo (RoleInfo.java:updateAndGet(143)) - caafcba9-090a-41f5-a5f9-cba5a6a81e94: start FollowerState
2019-11-05 08:23:59,556 [Thread-1528] INFO  impl.FollowerState (FollowerState.java:run(117)) - b3bb9051-8089-4c51-a999-81579e5913f2@group-0E159EE4F99E-FollowerState was interrupted: java.lang.InterruptedException: sleep interrupted
2019-11-05 08:23:59,556 [grpc-default-executor-6] INFO  impl.RoleInfo (RoleInfo.java:updateAndGet(143)) - b3bb9051-8089-4c51-a999-81579e5913f2: start FollowerState
2019-11-05 08:23:59,571 [a8ae9c07-6d89-4a49-a594-cacd4b776180@group-0E159EE4F99E-LeaderElection179] INFO  impl.LeaderElection (LeaderElection.java:logAndReturn(56)) - a8ae9c07-6d89-4a49-a594-cacd4b776180@group-0E159EE4F99E-LeaderElection179: Election REJECTED; received 2 response(s) [a8ae9c07-6d89-4a49-a594-cacd4b776180<-caafcba9-090a-41f5-a5f9-cba5a6a81e94#0:FAIL-t94, a8ae9c07-6d89-4a49-a594-cacd4b776180<-b3bb9051-8089-4c51-a999-81579e5913f2#0:FAIL-t94] and 0 exception(s); a8ae9c07-6d89-4a49-a594-cacd4b776180@group-0E159EE4F99E:t94, leader=null, voted=a8ae9c07-6d89-4a49-a594-cacd4b776180, raftlog=a8ae9c07-6d89-4a49-a594-cacd4b776180@group-0E159EE4F99E-SegmentedRaftLog:OPENED:c-1,f-1,i0, conf=-1: [caafcba9-090a-41f5-a5f9-cba5a6a81e94:192.168.164.217:37197, a8ae9c07-6d89-4a49-a594-cacd4b776180:192.168.164.217:42719, b3bb9051-8089-4c51-a999-81579e5913f2:192.168.164.217:36516], old=null
2019-11-05 08:23:59,571 [a8ae9c07-6d89-4a49-a594-cacd4b776180@group-0E159EE4F99E-LeaderElection179] INFO  impl.RaftServerImpl (RaftServerImpl.java:setRole(184)) - a8ae9c07-6d89-4a49-a594-cacd4b776180@group-0E159EE4F99E: changes role from CANDIDATE to FOLLOWER at term 94 for DISCOVERED_A_NEW_TERM
2019-11-05 08:23:59,571 [a8ae9c07-6d89-4a49-a594-cacd4b776180@group-0E159EE4F99E-LeaderElection179] INFO  impl.RoleInfo (RoleInfo.java:shutdownLeaderElection(134)) - a8ae9c07-6d89-4a49-a594-cacd4b776180: shutdown LeaderElection
2019-11-05 08:23:59,571 [a8ae9c07-6d89-4a49-a594-cacd4b776180@group-0E159EE4F99E-LeaderElection179] INFO  impl.RoleInfo (RoleInfo.java:updateAndGet(143)) - a8ae9c07-6d89-4a49-a594-cacd4b776180: start FollowerState
2019-11-05 08:23:59,594 [Thread-1542] INFO  impl.FollowerState (FollowerState.java:run(108)) - a8ae9c07-6d89-4a49-a594-cacd4b776180@group-0E159EE4F99E-FollowerState: change to CANDIDATE, lastRpcTime:22ms, electionTimeout:22ms
2019-11-05 08:23:59,594 [Thread-1542] INFO  impl.RoleInfo (RoleInfo.java:shutdownFollowerState(121)) - a8ae9c07-6d89-4a49-a594-cacd4b776180: shutdown FollowerState
2019-11-05 08:23:59,594 [Thread-1542] INFO  impl.RaftServerImpl (RaftServerImpl.java:setRole(184)) - a8ae9c07-6d89-4a49-a594-cacd4b776180@group-0E159EE4F99E: changes role from  FOLLOWER to CANDIDATE at term 94 for changeToCandidate
2019-11-05 08:23:59,594 [Thread-1542] INFO  impl.RoleInfo (RoleInfo.java:updateAndGet(143)) - a8ae9c07-6d89-4a49-a594-cacd4b776180: start LeaderElection
2019-11-05 08:23:59,607 [a8ae9c07-6d89-4a49-a594-cacd4b776180@group-0E159EE4F99E-LeaderElection180] INFO  impl.LeaderElection (LeaderElection.java:askForVotes(178)) - a8ae9c07-6d89-4a49-a594-cacd4b776180@group-0E159EE4F99E-LeaderElection180: begin an election at term 95 for -1: [caafcba9-090a-41f5-a5f9-cba5a6a81e94:192.168.164.217:37197, a8ae9c07-6d89-4a49-a594-cacd4b776180:192.168.164.217:42719, b3bb9051-8089-4c51-a999-81579e5913f2:192.168.164.217:36516], old=null
2019-11-05 08:23:59,609 [grpc-default-executor-6] INFO  impl.RaftServerImpl (RaftServerImpl.java:setRole(184)) - b3bb9051-8089-4c51-a999-81579e5913f2@group-0E159EE4F99E: changes role from  FOLLOWER to FOLLOWER at term 95 for recognizeCandidate:a8ae9c07-6d89-4a49-a594-cacd4b776180
2019-11-05 08:23:59,610 [grpc-default-executor-6] INFO  impl.RoleInfo (RoleInfo.java:shutdownFollowerState(121)) - b3bb9051-8089-4c51-a999-81579e5913f2: shutdown FollowerState
2019-11-05 08:23:59,609 [grpc-default-executor-1] INFO  impl.RaftServerImpl (RaftServerImpl.java:setRole(184)) - caafcba9-090a-41f5-a5f9-cba5a6a81e94@group-0E159EE4F99E: changes role from  FOLLOWER to FOLLOWER at term 95 for recognizeCandidate:a8ae9c07-6d89-4a49-a594-cacd4b776180
2019-11-05 08:23:59,610 [grpc-default-executor-1] INFO  impl.RoleInfo (RoleInfo.java:shutdownFollowerState(121)) - caafcba9-090a-41f5-a5f9-cba5a6a81e94: shutdown FollowerState
2019-11-05 08:23:59,610 [Thread-1541] INFO  impl.FollowerState (FollowerState.java:run(117)) - b3bb9051-8089-4c51-a999-81579e5913f2@group-0E159EE4F99E-FollowerState was interrupted: java.lang.InterruptedException: sleep interrupted
2019-11-05 08:23:59,610 [grpc-default-executor-6] INFO  impl.RoleInfo (RoleInfo.java:updateAndGet(143)) - b3bb9051-8089-4c51-a999-81579e5913f2: start FollowerState
2019-11-05 08:23:59,610 [Thread-1540] INFO  impl.FollowerState (FollowerState.java:run(117)) - caafcba9-090a-41f5-a5f9-cba5a6a81e94@group-0E159EE4F99E-FollowerState was interrupted: java.lang.InterruptedException: sleep interrupted
2019-11-05 08:23:59,610 [grpc-default-executor-1] INFO  impl.RoleInfo (RoleInfo.java:updateAndGet(143)) - caafcba9-090a-41f5-a5f9-cba5a6a81e94: start FollowerState
2019-11-05 08:23:59,619 [Thread-1536] INFO  impl.FollowerState (FollowerState.java:run(108)) - 4a682f4f-c3f2-4b77-88b7-f0ab78890feb@group-0DB8C7688BF9-FollowerState: change to CANDIDATE, lastRpcTime:87ms, electionTimeout:87ms
2019-11-05 08:23:59,619 [Thread-1536] INFO  impl.RoleInfo (RoleInfo.java:shutdownFollowerState(121)) - 4a682f4f-c3f2-4b77-88b7-f0ab78890feb: shutdown FollowerState
2019-11-05 08:23:59,619 [Thread-1536] INFO  impl.RaftServerImpl (RaftServerImpl.java:setRole(184)) - 4a682f4f-c3f2-4b77-88b7-f0ab78890feb@group-0DB8C7688BF9: changes role from  FOLLOWER to CANDIDATE at term 87 for changeToCandidate
2019-11-05 08:23:59,619 [Thread-1536] INFO  impl.RoleInfo (RoleInfo.java:updateAndGet(143)) - 4a682f4f-c3f2-4b77-88b7-f0ab78890feb: start LeaderElection
2019-11-05 08:23:59,624 [4a682f4f-c3f2-4b77-88b7-f0ab78890feb@group-0DB8C7688BF9-LeaderElection181] INFO  impl.LeaderElection (LeaderElection.java:askForVotes(178)) - 4a682f4f-c3f2-4b77-88b7-f0ab78890feb@group-0DB8C7688BF9-LeaderElection181: begin an election at term 88 for -1: [77ab65e6-d942-49df-83a3-1d4c0bf152b3:192.168.164.217:39381, 7e1b84a9-a041-44fd-8008-f2679426984c:192.168.164.217:44149, 4a682f4f-c3f2-4b77-88b7-f0ab78890feb:192.168.164.217:34174], old=null
2019-11-05 08:23:59,625 [a8ae9c07-6d89-4a49-a594-cacd4b776180@group-0E159EE4F99E-LeaderElection180] INFO  impl.LeaderElection (LeaderElection.java:logAndReturn(56)) - a8ae9c07-6d89-4a49-a594-cacd4b776180@group-0E159EE4F99E-LeaderElection180: Election REJECTED; received 2 response(s) [a8ae9c07-6d89-4a49-a594-cacd4b776180<-caafcba9-090a-41f5-a5f9-cba5a6a81e94#0:FAIL-t95, a8ae9c07-6d89-4a49-a594-cacd4b776180<-b3bb9051-8089-4c51-a999-81579e5913f2#0:FAIL-t95] and 0 exception(s); a8ae9c07-6d89-4a49-a594-cacd4b776180@group-0E159EE4F99E:t95, leader=null, voted=a8ae9c07-6d89-4a49-a594-cacd4b776180, raftlog=a8ae9c07-6d89-4a49-a594-cacd4b776180@group-0E159EE4F99E-SegmentedRaftLog:OPENED:c-1,f-1,i0, conf=-1: [caafcba9-090a-41f5-a5f9-cba5a6a81e94:192.168.164.217:37197, a8ae9c07-6d89-4a49-a594-cacd4b776180:192.168.164.217:42719, b3bb9051-8089-4c51-a999-81579e5913f2:192.168.164.217:36516], old=null
2019-11-05 08:23:59,625 [a8ae9c07-6d89-4a49-a594-cacd4b776180@group-0E159EE4F99E-LeaderElection180] INFO  impl.RaftServerImpl (RaftServerImpl.java:setRole(184)) - a8ae9c07-6d89-4a49-a594-cacd4b776180@group-0E159EE4F99E: changes role from CANDIDATE to FOLLOWER at term 95 for DISCOVERED_A_NEW_TERM
2019-11-05 08:23:59,625 [a8ae9c07-6d89-4a49-a594-cacd4b776180@group-0E159EE4F99E-LeaderElection180] INFO  impl.RoleInfo (RoleInfo.java:shutdownLeaderElection(134)) - a8ae9c07-6d89-4a49-a594-cacd4b776180: shutdown LeaderElection
2019-11-05 08:23:59,625 [a8ae9c07-6d89-4a49-a594-cacd4b776180@group-0E159EE4F99E-LeaderElection180] INFO  impl.RoleInfo (RoleInfo.java:updateAndGet(143)) - a8ae9c07-6d89-4a49-a594-cacd4b776180: start FollowerState
2019-11-05 08:23:59,626 [grpc-default-executor-1] INFO  impl.RaftServerImpl (RaftServerImpl.java:setRole(184)) - 77ab65e6-d942-49df-83a3-1d4c0bf152b3@group-0DB8C7688BF9: changes role from  FOLLOWER to FOLLOWER at term 88 for recognizeCandidate:4a682f4f-c3f2-4b77-88b7-f0ab78890feb
2019-11-05 08:23:59,626 [grpc-default-executor-6] INFO  impl.RaftServerImpl (RaftServerImpl.java:setRole(184)) - 7e1b84a9-a041-44fd-8008-f2679426984c@group-0DB8C7688BF9: changes role from  FOLLOWER to FOLLOWER at term 88 for recognizeCandidate:4a682f4f-c3f2-4b77-88b7-f0ab78890feb
2019-11-05 08:23:59,626 [grpc-default-executor-1] INFO  impl.RoleInfo (RoleInfo.java:shutdownFollowerState(121)) - 77ab65e6-d942-49df-83a3-1d4c0bf152b3: shutdown FollowerState
2019-11-05 08:23:59,626 [grpc-default-executor-6] INFO  impl.RoleInfo (RoleInfo.java:shutdownFollowerState(121)) - 7e1b84a9-a041-44fd-8008-f2679426984c: shutdown FollowerState
2019-11-05 08:23:59,627 [grpc-default-executor-1] INFO  impl.RoleInfo (RoleInfo.java:updateAndGet(143)) - 77ab65e6-d942-49df-83a3-1d4c0bf152b3: start FollowerState
2019-11-05 08:23:59,627 [Thread-1534] INFO  impl.FollowerState (FollowerState.java:run(117)) - 7e1b84a9-a041-44fd-8008-f2679426984c@group-0DB8C7688BF9-FollowerState was interrupted: java.lang.InterruptedException: sleep interrupted
2019-11-05 08:23:59,627 [grpc-default-executor-6] INFO  impl.RoleInfo (RoleInfo.java:updateAndGet(143)) - 7e1b84a9-a041-44fd-8008-f2679426984c: start FollowerState
2019-11-05 08:23:59,627 [Thread-1535] INFO  impl.FollowerState (FollowerState.java:run(117)) - 77ab65e6-d942-49df-83a3-1d4c0bf152b3@group-0DB8C7688BF9-FollowerState was interrupted: java.lang.InterruptedException: sleep interrupted
2019-11-05 08:23:59,641 [4a682f4f-c3f2-4b77-88b7-f0ab78890feb@group-0DB8C7688BF9-LeaderElection181] INFO  impl.LeaderElection (LeaderElection.java:logAndReturn(56)) - 4a682f4f-c3f2-4b77-88b7-f0ab78890feb@group-0DB8C7688BF9-LeaderElection181: Election REJECTED; received 2 response(s) [4a682f4f-c3f2-4b77-88b7-f0ab78890feb<-77ab65e6-d942-49df-83a3-1d4c0bf152b3#0:FAIL-t88, 4a682f4f-c3f2-4b77-88b7-f0ab78890feb<-7e1b84a9-a041-44fd-8008-f2679426984c#0:FAIL-t88] and 0 exception(s); 4a682f4f-c3f2-4b77-88b7-f0ab78890feb@group-0DB8C7688BF9:t88, leader=null, voted=4a682f4f-c3f2-4b77-88b7-f0ab78890feb, raftlog=4a682f4f-c3f2-4b77-88b7-f0ab78890feb@group-0DB8C7688BF9-SegmentedRaftLog:OPENED:c-1,f-1,i0, conf=-1: [77ab65e6-d942-49df-83a3-1d4c0bf152b3:192.168.164.217:39381, 7e1b84a9-a041-44fd-8008-f2679426984c:192.168.164.217:44149, 4a682f4f-c3f2-4b77-88b7-f0ab78890feb:192.168.164.217:34174], old=null
2019-11-05 08:23:59,641 [4a682f4f-c3f2-4b77-88b7-f0ab78890feb@group-0DB8C7688BF9-LeaderElection181] INFO  impl.RaftServerImpl (RaftServerImpl.java:setRole(184)) - 4a682f4f-c3f2-4b77-88b7-f0ab78890feb@group-0DB8C7688BF9: changes role from CANDIDATE to FOLLOWER at term 88 for DISCOVERED_A_NEW_TERM
2019-11-05 08:23:59,641 [4a682f4f-c3f2-4b77-88b7-f0ab78890feb@group-0DB8C7688BF9-LeaderElection181] INFO  impl.RoleInfo (RoleInfo.java:shutdownLeaderElection(134)) - 4a682f4f-c3f2-4b77-88b7-f0ab78890feb: shutdown LeaderElection
2019-11-05 08:23:59,641 [4a682f4f-c3f2-4b77-88b7-f0ab78890feb@group-0DB8C7688BF9-LeaderElection181] INFO  impl.RoleInfo (RoleInfo.java:updateAndGet(143)) - 4a682f4f-c3f2-4b77-88b7-f0ab78890feb: start FollowerState
2019-11-05 08:23:59,812 [Thread-1553] INFO  impl.FollowerState (FollowerState.java:run(108)) - a8ae9c07-6d89-4a49-a594-cacd4b776180@group-0E159EE4F99E-FollowerState: change to CANDIDATE, lastRpcTime:186ms, electionTimeout:186ms
2019-11-05 08:23:59,812 [Thread-1553] INFO  impl.RoleInfo (RoleInfo.java:shutdownFollowerState(121)) - a8ae9c07-6d89-4a49-a594-cacd4b776180: shutdown FollowerState
2019-11-05 08:23:59,812 [Thread-1553] INFO  impl.RaftServerImpl (RaftServerImpl.java:setRole(184)) - a8ae9c07-6d89-4a49-a594-cacd4b776180@group-0E159EE4F99E: changes role from  FOLLOWER to CANDIDATE at term 95 for changeToCandidate
2019-11-05 08:23:59,812 [Thread-1553] INFO  impl.RoleInfo (RoleInfo.java:updateAndGet(143)) - a8ae9c07-6d89-4a49-a594-cacd4b776180: start LeaderElection
2019-11-05 08:23:59,818 [Thread-1556] INFO  impl.FollowerState (FollowerState.java:run(108)) - 4a682f4f-c3f2-4b77-88b7-f0ab78890feb@group-0DB8C7688BF9-FollowerState: change to CANDIDATE, lastRpcTime:176ms, electionTimeout:176ms
2019-11-05 08:23:59,818 [Thread-1556] INFO  impl.RoleInfo (RoleInfo.java:shutdownFollowerState(121)) - 4a682f4f-c3f2-4b77-88b7-f0ab78890feb: shutdown FollowerState
2019-11-05 08:23:59,818 [Thread-1556] INFO  impl.RaftServerImpl (RaftServerImpl.java:setRole(184)) - 4a682f4f-c3f2-4b77-88b7-f0ab78890feb@group-0DB8C7688BF9: changes role from  FOLLOWER to CANDIDATE at term 88 for changeToCandidate
2019-11-05 08:23:59,818 [Thread-1556] INFO  impl.RoleInfo (RoleInfo.java:updateAndGet(143)) - 4a682f4f-c3f2-4b77-88b7-f0ab78890feb: start LeaderElection
2019-11-05 08:23:59,846 [a8ae9c07-6d89-4a49-a594-cacd4b776180@group-0E159EE4F99E-LeaderElection182] INFO  impl.LeaderElection (LeaderElection.java:askForVotes(178)) - a8ae9c07-6d89-4a49-a594-cacd4b776180@group-0E159EE4F99E-LeaderElection182: begin an election at term 96 for -1: [caafcba9-090a-41f5-a5f9-cba5a6a81e94:192.168.164.217:37197, a8ae9c07-6d89-4a49-a594-cacd4b776180:192.168.164.217:42719, b3bb9051-8089-4c51-a999-81579e5913f2:192.168.164.217:36516], old=null
2019-11-05 08:23:59,846 [4a682f4f-c3f2-4b77-88b7-f0ab78890feb@group-0DB8C7688BF9-LeaderElection183] INFO  impl.LeaderElection (LeaderElection.java:askForVotes(178)) - 4a682f4f-c3f2-4b77-88b7-f0ab78890feb@group-0DB8C7688BF9-LeaderElection183: begin an election at term 89 for -1: [77ab65e6-d942-49df-83a3-1d4c0bf152b3:192.168.164.217:39381, 7e1b84a9-a041-44fd-8008-f2679426984c:192.168.164.217:44149, 4a682f4f-c3f2-4b77-88b7-f0ab78890feb:192.168.164.217:34174], old=null
2019-11-05 08:23:59,848 [grpc-default-executor-6] INFO  impl.RaftServerImpl (RaftServerImpl.java:setRole(184)) - caafcba9-090a-41f5-a5f9-cba5a6a81e94@group-0E159EE4F99E: changes role from  FOLLOWER to FOLLOWER at term 96 for recognizeCandidate:a8ae9c07-6d89-4a49-a594-cacd4b776180
2019-11-05 08:23:59,849 [grpc-default-executor-0] INFO  impl.RaftServerImpl (RaftServerImpl.java:setRole(184)) - 7e1b84a9-a041-44fd-8008-f2679426984c@group-0DB8C7688BF9: changes role from  FOLLOWER to FOLLOWER at term 89 for recognizeCandidate:4a682f4f-c3f2-4b77-88b7-f0ab78890feb
2019-11-05 08:23:59,848 [grpc-default-executor-1] INFO  impl.RaftServerImpl (RaftServerImpl.java:setRole(184)) - 77ab65e6-d942-49df-83a3-1d4c0bf152b3@group-0DB8C7688BF9: changes role from  FOLLOWER to FOLLOWER at term 89 for recognizeCandidate:4a682f4f-c3f2-4b77-88b7-f0ab78890feb
2019-11-05 08:23:59,849 [grpc-default-executor-1] INFO  impl.RoleInfo (RoleInfo.java:shutdownFollowerState(121)) - 77ab65e6-d942-49df-83a3-1d4c0bf152b3: shutdown FollowerState
2019-11-05 08:23:59,849 [grpc-default-executor-0] INFO  impl.RoleInfo (RoleInfo.java:shutdownFollowerState(121)) - 7e1b84a9-a041-44fd-8008-f2679426984c: shutdown FollowerState
2019-11-05 08:23:59,849 [Thread-1554] INFO  impl.FollowerState (FollowerState.java:run(117)) - 77ab65e6-d942-49df-83a3-1d4c0bf152b3@group-0DB8C7688BF9-FollowerState was interrupted: java.lang.InterruptedException: sleep interrupted
2019-11-05 08:23:59,849 [grpc-default-executor-4] INFO  impl.RaftServerImpl (RaftServerImpl.java:setRole(184)) - b3bb9051-8089-4c51-a999-81579e5913f2@group-0E159EE4F99E: changes role from  FOLLOWER to FOLLOWER at term 96 for recognizeCandidate:a8ae9c07-6d89-4a49-a594-cacd4b776180
2019-11-05 08:23:59,850 [grpc-default-executor-4] INFO  impl.RoleInfo (RoleInfo.java:shutdownFollowerState(121)) - b3bb9051-8089-4c51-a999-81579e5913f2: shutdown FollowerState
2019-11-05 08:23:59,849 [grpc-default-executor-6] INFO  impl.RoleInfo (RoleInfo.java:shutdownFollowerState(121)) - caafcba9-090a-41f5-a5f9-cba5a6a81e94: shutdown FollowerState
2019-11-05 08:23:59,850 [Thread-1547] INFO  impl.FollowerState (FollowerState.java:run(117)) - b3bb9051-8089-4c51-a999-81579e5913f2@group-0E159EE4F99E-FollowerState was interrupted: java.lang.InterruptedException: sleep interrupted
2019-11-05 08:23:59,850 [grpc-default-executor-4] INFO  impl.RoleInfo (RoleInfo.java:updateAndGet(143)) - b3bb9051-8089-4c51-a999-81579e5913f2: start FollowerState
2019-11-05 08:23:59,850 [Thread-1555] INFO  impl.FollowerState (FollowerState.java:run(117)) - 7e1b84a9-a041-44fd-8008-f2679426984c@group-0DB8C7688BF9-FollowerState was interrupted: java.lang.InterruptedException: sleep interrupted
2019-11-05 08:23:59,849 [grpc-default-executor-0] INFO  impl.RoleInfo (RoleInfo.java:updateAndGet(143)) - 7e1b84a9-a041-44fd-8008-f2679426984c: start FollowerState
2019-11-05 08:23:59,849 [grpc-default-executor-1] INFO  impl.RoleInfo (RoleInfo.java:updateAndGet(143)) - 77ab65e6-d942-49df-83a3-1d4c0bf152b3: start FollowerState
2019-11-05 08:23:59,850 [Thread-1548] INFO  impl.FollowerState (FollowerState.java:run(117)) - caafcba9-090a-41f5-a5f9-cba5a6a81e94@group-0E159EE4F99E-FollowerState was interrupted: java.lang.InterruptedException: sleep interrupted
2019-11-05 08:23:59,850 [grpc-default-executor-6] INFO  impl.RoleInfo (RoleInfo.java:updateAndGet(143)) - caafcba9-090a-41f5-a5f9-cba5a6a81e94: start FollowerState
2019-11-05 08:23:59,866 [a8ae9c07-6d89-4a49-a594-cacd4b776180@group-0E159EE4F99E-LeaderElection182] INFO  impl.LeaderElection (LeaderElection.java:logAndReturn(56)) - a8ae9c07-6d89-4a49-a594-cacd4b776180@group-0E159EE4F99E-LeaderElection182: Election REJECTED; received 2 response(s) [a8ae9c07-6d89-4a49-a594-cacd4b776180<-caafcba9-090a-41f5-a5f9-cba5a6a81e94#0:FAIL-t96, a8ae9c07-6d89-4a49-a594-cacd4b776180<-b3bb9051-8089-4c51-a999-81579e5913f2#0:FAIL-t96] and 0 exception(s); a8ae9c07-6d89-4a49-a594-cacd4b776180@group-0E159EE4F99E:t96, leader=null, voted=a8ae9c07-6d89-4a49-a594-cacd4b776180, raftlog=a8ae9c07-6d89-4a49-a594-cacd4b776180@group-0E159EE4F99E-SegmentedRaftLog:OPENED:c-1,f-1,i0, conf=-1: [caafcba9-090a-41f5-a5f9-cba5a6a81e94:192.168.164.217:37197, a8ae9c07-6d89-4a49-a594-cacd4b776180:192.168.164.217:42719, b3bb9051-8089-4c51-a999-81579e5913f2:192.168.164.217:36516], old=null
2019-11-05 08:23:59,866 [4a682f4f-c3f2-4b77-88b7-f0ab78890feb@group-0DB8C7688BF9-LeaderElection183] INFO  impl.LeaderElection (LeaderElection.java:logAndReturn(56)) - 4a682f4f-c3f2-4b77-88b7-f0ab78890feb@group-0DB8C7688BF9-LeaderElection183: Election REJECTED; received 2 response(s) [4a682f4f-c3f2-4b77-88b7-f0ab78890feb<-77ab65e6-d942-49df-83a3-1d4c0bf152b3#0:FAIL-t89, 4a682f4f-c3f2-4b77-88b7-f0ab78890feb<-7e1b84a9-a041-44fd-8008-f2679426984c#0:FAIL-t89] and 0 exception(s); 4a682f4f-c3f2-4b77-88b7-f0ab78890feb@group-0DB8C7688BF9:t89, leader=null, voted=4a682f4f-c3f2-4b77-88b7-f0ab78890feb, raftlog=4a682f4f-c3f2-4b77-88b7-f0ab78890feb@group-0DB8C7688BF9-SegmentedRaftLog:OPENED:c-1,f-1,i0, conf=-1: [77ab65e6-d942-49df-83a3-1d4c0bf152b3:192.168.164.217:39381, 7e1b84a9-a041-44fd-8008-f2679426984c:192.168.164.217:44149, 4a682f4f-c3f2-4b77-88b7-f0ab78890feb:192.168.164.217:34174], old=null
2019-11-05 08:23:59,866 [a8ae9c07-6d89-4a49-a594-cacd4b776180@group-0E159EE4F99E-LeaderElection182] INFO  impl.RaftServerImpl (RaftServerImpl.java:setRole(184)) - a8ae9c07-6d89-4a49-a594-cacd4b776180@group-0E159EE4F99E: changes role from CANDIDATE to FOLLOWER at term 96 for DISCOVERED_A_NEW_TERM
2019-11-05 08:23:59,866 [4a682f4f-c3f2-4b77-88b7-f0ab78890feb@group-0DB8C7688BF9-LeaderElection183] INFO  impl.RaftServerImpl (RaftServerImpl.java:setRole(184)) - 4a682f4f-c3f2-4b77-88b7-f0ab78890feb@group-0DB8C7688BF9: changes role from CANDIDATE to FOLLOWER at term 89 for DISCOVERED_A_NEW_TERM
2019-11-05 08:23:59,867 [a8ae9c07-6d89-4a49-a594-cacd4b776180@group-0E159EE4F99E-LeaderElection182] INFO  impl.RoleInfo (RoleInfo.java:shutdownLeaderElection(134)) - a8ae9c07-6d89-4a49-a594-cacd4b776180: shutdown LeaderElection
2019-11-05 08:23:59,867 [4a682f4f-c3f2-4b77-88b7-f0ab78890feb@group-0DB8C7688BF9-LeaderElection183] INFO  impl.RoleInfo (RoleInfo.java:shutdownLeaderElection(134)) - 4a682f4f-c3f2-4b77-88b7-f0ab78890feb: shutdown LeaderElection
2019-11-05 08:23:59,867 [a8ae9c07-6d89-4a49-a594-cacd4b776180@group-0E159EE4F99E-LeaderElection182] INFO  impl.RoleInfo (RoleInfo.java:updateAndGet(143)) - a8ae9c07-6d89-4a49-a594-cacd4b776180: start FollowerState
2019-11-05 08:23:59,867 [4a682f4f-c3f2-4b77-88b7-f0ab78890feb@group-0DB8C7688BF9-LeaderElection183] INFO  impl.RoleInfo (RoleInfo.java:updateAndGet(143)) - 4a682f4f-c3f2-4b77-88b7-f0ab78890feb: start FollowerState
2019-11-05 08:23:59,964 [Thread-1567] INFO  impl.FollowerState (FollowerState.java:run(108)) - a8ae9c07-6d89-4a49-a594-cacd4b776180@group-0E159EE4F99E-FollowerState: change to CANDIDATE, lastRpcTime:97ms, electionTimeout:97ms
2019-11-05 08:23:59,965 [Thread-1567] INFO  impl.RoleInfo (RoleInfo.java:shutdownFollowerState(121)) - a8ae9c07-6d89-4a49-a594-cacd4b776180: shutdown FollowerState
2019-11-05 08:23:59,965 [Thread-1567] INFO  impl.RaftServerImpl (RaftServerImpl.java:setRole(184)) - a8ae9c07-6d89-4a49-a594-cacd4b776180@group-0E159EE4F99E: changes role from  FOLLOWER to CANDIDATE at term 96 for changeToCandidate
2019-11-05 08:23:59,965 [Thread-1567] INFO  impl.RoleInfo (RoleInfo.java:updateAndGet(143)) - a8ae9c07-6d89-4a49-a594-cacd4b776180: start LeaderElection
2019-11-05 08:23:59,975 [Thread-1568] INFO  impl.FollowerState (FollowerState.java:run(108)) - 4a682f4f-c3f2-4b77-88b7-f0ab78890feb@group-0DB8C7688BF9-FollowerState: change to CANDIDATE, lastRpcTime:107ms, electionTimeout:107ms
2019-11-05 08:23:59,975 [Thread-1568] INFO  impl.RoleInfo (RoleInfo.java:shutdownFollowerState(121)) - 4a682f4f-c3f2-4b77-88b7-f0ab78890feb: shutdown FollowerState
2019-11-05 08:23:59,975 [Thread-1568] INFO  impl.RaftServerImpl (RaftServerImpl.java:setRole(184)) - 4a682f4f-c3f2-4b77-88b7-f0ab78890feb@group-0DB8C7688BF9: changes role from  FOLLOWER to CANDIDATE at term 89 for changeToCandidate
2019-11-05 08:23:59,975 [Thread-1568] INFO  impl.RoleInfo (RoleInfo.java:updateAndGet(143)) - 4a682f4f-c3f2-4b77-88b7-f0ab78890feb: start LeaderElection
2019-11-05 08:23:59,980 [a8ae9c07-6d89-4a49-a594-cacd4b776180@group-0E159EE4F99E-LeaderElection184] INFO  impl.LeaderElection (LeaderElection.java:askForVotes(178)) - a8ae9c07-6d89-4a49-a594-cacd4b776180@group-0E159EE4F99E-LeaderElection184: begin an election at term 97 for -1: [caafcba9-090a-41f5-a5f9-cba5a6a81e94:192.168.164.217:37197, a8ae9c07-6d89-4a49-a594-cacd4b776180:192.168.164.217:42719, b3bb9051-8089-4c51-a999-81579e5913f2:192.168.164.217:36516], old=null
2019-11-05 08:23:59,980 [4a682f4f-c3f2-4b77-88b7-f0ab78890feb@group-0DB8C7688BF9-LeaderElection185] INFO  impl.LeaderElection (LeaderElection.java:askForVotes(178)) - 4a682f4f-c3f2-4b77-88b7-f0ab78890feb@group-0DB8C7688BF9-LeaderElection185: begin an election at term 90 for -1: [77ab65e6-d942-49df-83a3-1d4c0bf152b3:192.168.164.217:39381, 7e1b84a9-a041-44fd-8008-f2679426984c:192.168.164.217:44149, 4a682f4f-c3f2-4b77-88b7-f0ab78890feb:192.168.164.217:34174], old=null
2019-11-05 08:23:59,983 [grpc-default-executor-6] INFO  impl.RaftServerImpl (RaftServerImpl.java:setRole(184)) - b3bb9051-8089-4c51-a999-81579e5913f2@group-0E159EE4F99E: changes role from  FOLLOWER to FOLLOWER at term 97 for recognizeCandidate:a8ae9c07-6d89-4a49-a594-cacd4b776180
2019-11-05 08:23:59,983 [grpc-default-executor-0] INFO  impl.RaftServerImpl (RaftServerImpl.java:setRole(184)) - caafcba9-090a-41f5-a5f9-cba5a6a81e94@group-0E159EE4F99E: changes role from  FOLLOWER to FOLLOWER at term 97 for recognizeCandidate:a8ae9c07-6d89-4a49-a594-cacd4b776180
2019-11-05 08:23:59,983 [grpc-default-executor-0] INFO  impl.RoleInfo (RoleInfo.java:shutdownFollowerState(121)) - caafcba9-090a-41f5-a5f9-cba5a6a81e94: shutdown FollowerState
2019-11-05 08:23:59,983 [grpc-default-executor-1] INFO  impl.RaftServerImpl (RaftServerImpl.java:setRole(184)) - 7e1b84a9-a041-44fd-8008-f2679426984c@group-0DB8C7688BF9: changes role from  FOLLOWER to FOLLOWER at term 90 for recognizeCandidate:4a682f4f-c3f2-4b77-88b7-f0ab78890feb
2019-11-05 08:23:59,983 [grpc-default-executor-1] INFO  impl.RoleInfo (RoleInfo.java:shutdownFollowerState(121)) - 7e1b84a9-a041-44fd-8008-f2679426984c: shutdown FollowerState
2019-11-05 08:23:59,983 [grpc-default-executor-6] INFO  impl.RoleInfo (RoleInfo.java:shutdownFollowerState(121)) - b3bb9051-8089-4c51-a999-81579e5913f2: shutdown FollowerState
2019-11-05 08:23:59,984 [Thread-1564] INFO  impl.FollowerState (FollowerState.java:run(117)) - 7e1b84a9-a041-44fd-8008-f2679426984c@group-0DB8C7688BF9-FollowerState was interrupted: java.lang.InterruptedException: sleep interrupted
2019-11-05 08:23:59,984 [grpc-default-executor-1] INFO  impl.RoleInfo (RoleInfo.java:updateAndGet(143)) - 7e1b84a9-a041-44fd-8008-f2679426984c: start FollowerState
2019-11-05 08:23:59,984 [Thread-1566] INFO  impl.FollowerState (FollowerState.java:run(117)) - caafcba9-090a-41f5-a5f9-cba5a6a81e94@group-0E159EE4F99E-FollowerState was interrupted: java.lang.InterruptedException: sleep interrupted
2019-11-05 08:23:59,983 [grpc-default-executor-0] INFO  impl.RoleInfo (RoleInfo.java:updateAndGet(143)) - caafcba9-090a-41f5-a5f9-cba5a6a81e94: start FollowerState
2019-11-05 08:23:59,983 [grpc-default-executor-4] INFO  impl.RaftServerImpl (RaftServerImpl.java:setRole(184)) - 77ab65e6-d942-49df-83a3-1d4c0bf152b3@group-0DB8C7688BF9: changes role from  FOLLOWER to FOLLOWER at term 90 for recognizeCandidate:4a682f4f-c3f2-4b77-88b7-f0ab78890feb
2019-11-05 08:23:59,985 [grpc-default-executor-4] INFO  impl.RoleInfo (RoleInfo.java:shutdownFollowerState(121)) - 77ab65e6-d942-49df-83a3-1d4c0bf152b3: shutdown FollowerState
2019-11-05 08:23:59,984 [Thread-1565] INFO  impl.FollowerState (FollowerState.java:run(117)) - b3bb9051-8089-4c51-a999-81579e5913f2@group-0E159EE4F99E-FollowerState was interrupted: java.lang.InterruptedException: sleep interrupted
2019-11-05 08:23:59,985 [Thread-1563] INFO  impl.FollowerState (FollowerState.java:run(117)) - 77ab65e6-d942-49df-83a3-1d4c0bf152b3@group-0DB8C7688BF9-FollowerState was interrupted: java.lang.InterruptedException: sleep interrupted
2019-11-05 08:23:59,984 [grpc-default-executor-6] INFO  impl.RoleInfo (RoleInfo.java:updateAndGet(143)) - b3bb9051-8089-4c51-a999-81579e5913f2: start FollowerState
2019-11-05 08:23:59,985 [grpc-default-executor-4] INFO  impl.RoleInfo (RoleInfo.java:updateAndGet(143)) - 77ab65e6-d942-49df-83a3-1d4c0bf152b3: start FollowerState
2019-11-05 08:23:59,992 [a8ae9c07-6d89-4a49-a594-cacd4b776180@group-0E159EE4F99E-LeaderElection184] INFO  impl.LeaderElection (LeaderElection.java:logAndReturn(56)) - a8ae9c07-6d89-4a49-a594-cacd4b776180@group-0E159EE4F99E-LeaderElection184: Election TIMEOUT; received 0 response(s) [] and 0 exception(s); a8ae9c07-6d89-4a49-a594-cacd4b776180@group-0E159EE4F99E:t97, leader=null, voted=a8ae9c07-6d89-4a49-a594-cacd4b776180, raftlog=a8ae9c07-6d89-4a49-a594-cacd4b776180@group-0E159EE4F99E-SegmentedRaftLog:OPENED:c-1,f-1,i0, conf=-1: [caafcba9-090a-41f5-a5f9-cba5a6a81e94:192.168.164.217:37197, a8ae9c07-6d89-4a49-a594-cacd4b776180:192.168.164.217:42719, b3bb9051-8089-4c51-a999-81579e5913f2:192.168.164.217:36516], old=null
2019-11-05 08:23:59,998 [a8ae9c07-6d89-4a49-a594-cacd4b776180@group-0E159EE4F99E-LeaderElection184] INFO  impl.LeaderElection (LeaderElection.java:askForVotes(178)) - a8ae9c07-6d89-4a49-a594-cacd4b776180@group-0E159EE4F99E-LeaderElection184: begin an election at term 98 for -1: [caafcba9-090a-41f5-a5f9-cba5a6a81e94:192.168.164.217:37197, a8ae9c07-6d89-4a49-a594-cacd4b776180:192.168.164.217:42719, b3bb9051-8089-4c51-a999-81579e5913f2:192.168.164.217:36516], old=null
2019-11-05 08:23:59,999 [4a682f4f-c3f2-4b77-88b7-f0ab78890feb@group-0DB8C7688BF9-LeaderElection185] INFO  impl.LeaderElection (LeaderElection.java:logAndReturn(56)) - 4a682f4f-c3f2-4b77-88b7-f0ab78890feb@group-0DB8C7688BF9-LeaderElection185: Election REJECTED; received 2 response(s) [4a682f4f-c3f2-4b77-88b7-f0ab78890feb<-77ab65e6-d942-49df-83a3-1d4c0bf152b3#0:FAIL-t90, 4a682f4f-c3f2-4b77-88b7-f0ab78890feb<-7e1b84a9-a041-44fd-8008-f2679426984c#0:FAIL-t90] and 0 exception(s); 4a682f4f-c3f2-4b77-88b7-f0ab78890feb@group-0DB8C7688BF9:t90, leader=null, voted=4a682f4f-c3f2-4b77-88b7-f0ab78890feb, raftlog=4a682f4f-c3f2-4b77-88b7-f0ab78890feb@group-0DB8C7688BF9-SegmentedRaftLog:OPENED:c-1,f-1,i0, conf=-1: [77ab65e6-d942-49df-83a3-1d4c0bf152b3:192.168.164.217:39381, 7e1b84a9-a041-44fd-8008-f2679426984c:192.168.164.217:44149, 4a682f4f-c3f2-4b77-88b7-f0ab78890feb:192.168.164.217:34174], old=null
2019-11-05 08:23:59,999 [4a682f4f-c3f2-4b77-88b7-f0ab78890feb@group-0DB8C7688BF9-LeaderElection185] INFO  impl.RaftServerImpl (RaftServerImpl.java:setRole(184)) - 4a682f4f-c3f2-4b77-88b7-f0ab78890feb@group-0DB8C7688BF9: changes role from CANDIDATE to FOLLOWER at term 90 for DISCOVERED_A_NEW_TERM
2019-11-05 08:23:59,999 [4a682f4f-c3f2-4b77-88b7-f0ab78890feb@group-0DB8C7688BF9-LeaderElection185] INFO  impl.RoleInfo (RoleInfo.java:shutdownLeaderElection(134)) - 4a682f4f-c3f2-4b77-88b7-f0ab78890feb: shutdown LeaderElection
2019-11-05 08:23:59,999 [4a682f4f-c3f2-4b77-88b7-f0ab78890feb@group-0DB8C7688BF9-LeaderElection185] INFO  impl.RoleInfo (RoleInfo.java:updateAndGet(143)) - 4a682f4f-c3f2-4b77-88b7-f0ab78890feb: start FollowerState
2019-11-05 08:24:00,000 [grpc-default-executor-0] INFO  impl.RaftServerImpl (RaftServerImpl.java:setRole(184)) - caafcba9-090a-41f5-a5f9-cba5a6a81e94@group-0E159EE4F99E: changes role from  FOLLOWER to FOLLOWER at term 98 for recognizeCandidate:a8ae9c07-6d89-4a49-a594-cacd4b776180
2019-11-05 08:24:00,000 [grpc-default-executor-0] INFO  impl.RoleInfo (RoleInfo.java:shutdownFollowerState(121)) - caafcba9-090a-41f5-a5f9-cba5a6a81e94: shutdown FollowerState
2019-11-05 08:24:00,000 [grpc-default-executor-0] INFO  impl.RoleInfo (RoleInfo.java:updateAndGet(143)) - caafcba9-090a-41f5-a5f9-cba5a6a81e94: start FollowerState
2019-11-05 08:24:00,000 [Thread-1575] INFO  impl.FollowerState (FollowerState.java:run(117)) - caafcba9-090a-41f5-a5f9-cba5a6a81e94@group-0E159EE4F99E-FollowerState was interrupted: java.lang.InterruptedException: sleep interrupted
2019-11-05 08:24:00,000 [grpc-default-executor-6] INFO  impl.RaftServerImpl (RaftServerImpl.java:setRole(184)) - b3bb9051-8089-4c51-a999-81579e5913f2@group-0E159EE4F99E: changes role from  FOLLOWER to FOLLOWER at term 98 for recognizeCandidate:a8ae9c07-6d89-4a49-a594-cacd4b776180
2019-11-05 08:24:00,000 [grpc-default-executor-6] INFO  impl.RoleInfo (RoleInfo.java:shutdownFollowerState(121)) - b3bb9051-8089-4c51-a999-81579e5913f2: shutdown FollowerState
2019-11-05 08:24:00,001 [grpc-default-executor-6] INFO  impl.RoleInfo (RoleInfo.java:updateAndGet(143)) - b3bb9051-8089-4c51-a999-81579e5913f2: start FollowerState
2019-11-05 08:24:00,001 [Thread-1577] INFO  impl.FollowerState (FollowerState.java:run(117)) - b3bb9051-8089-4c51-a999-81579e5913f2@group-0E159EE4F99E-FollowerState was interrupted: java.lang.InterruptedException: sleep interrupted
2019-11-05 08:24:00,014 [a8ae9c07-6d89-4a49-a594-cacd4b776180@group-0E159EE4F99E-LeaderElection184] INFO  impl.LeaderElection (LeaderElection.java:logAndReturn(56)) - a8ae9c07-6d89-4a49-a594-cacd4b776180@group-0E159EE4F99E-LeaderElection184: Election REJECTED; received 2 response(s) [a8ae9c07-6d89-4a49-a594-cacd4b776180<-caafcba9-090a-41f5-a5f9-cba5a6a81e94#0:FAIL-t98, a8ae9c07-6d89-4a49-a594-cacd4b776180<-b3bb9051-8089-4c51-a999-81579e5913f2#0:FAIL-t98] and 0 exception(s); a8ae9c07-6d89-4a49-a594-cacd4b776180@group-0E159EE4F99E:t98, leader=null, voted=a8ae9c07-6d89-4a49-a594-cacd4b776180, raftlog=a8ae9c07-6d89-4a49-a594-cacd4b776180@group-0E159EE4F99E-SegmentedRaftLog:OPENED:c-1,f-1,i0, conf=-1: [caafcba9-090a-41f5-a5f9-cba5a6a81e94:192.168.164.217:37197, a8ae9c07-6d89-4a49-a594-cacd4b776180:192.168.164.217:42719, b3bb9051-8089-4c51-a999-81579e5913f2:192.168.164.217:36516], old=null
2019-11-05 08:24:00,014 [a8ae9c07-6d89-4a49-a594-cacd4b776180@group-0E159EE4F99E-LeaderElection184] INFO  impl.RaftServerImpl (RaftServerImpl.java:setRole(184)) - a8ae9c07-6d89-4a49-a594-cacd4b776180@group-0E159EE4F99E: changes role from CANDIDATE to FOLLOWER at term 98 for DISCOVERED_A_NEW_TERM
2019-11-05 08:24:00,015 [a8ae9c07-6d89-4a49-a594-cacd4b776180@group-0E159EE4F99E-LeaderElection184] INFO  impl.RoleInfo (RoleInfo.java:shutdownLeaderElection(134)) - a8ae9c07-6d89-4a49-a594-cacd4b776180: shutdown LeaderElection
2019-11-05 08:24:00,015 [a8ae9c07-6d89-4a49-a594-cacd4b776180@group-0E159EE4F99E-LeaderElection184] INFO  impl.RoleInfo (RoleInfo.java:updateAndGet(143)) - a8ae9c07-6d89-4a49-a594-cacd4b776180: start FollowerState
2019-11-05 08:24:00,049 [Thread-1581] INFO  impl.FollowerState (FollowerState.java:run(108)) - 4a682f4f-c3f2-4b77-88b7-f0ab78890feb@group-0DB8C7688BF9-FollowerState: change to CANDIDATE, lastRpcTime:49ms, electionTimeout:49ms
2019-11-05 08:24:00,049 [Thread-1581] INFO  impl.RoleInfo (RoleInfo.java:shutdownFollowerState(121)) - 4a682f4f-c3f2-4b77-88b7-f0ab78890feb: shutdown FollowerState
2019-11-05 08:24:00,049 [Thread-1581] INFO  impl.RaftServerImpl (RaftServerImpl.java:setRole(184)) - 4a682f4f-c3f2-4b77-88b7-f0ab78890feb@group-0DB8C7688BF9: changes role from  FOLLOWER to CANDIDATE at term 90 for changeToCandidate
2019-11-05 08:24:00,049 [Thread-1581] INFO  impl.RoleInfo (RoleInfo.java:updateAndGet(143)) - 4a682f4f-c3f2-4b77-88b7-f0ab78890feb: start LeaderElection
2019-11-05 08:24:00,055 [Thread-1584] INFO  impl.FollowerState (FollowerState.java:run(108)) - a8ae9c07-6d89-4a49-a594-cacd4b776180@group-0E159EE4F99E-FollowerState: change to CANDIDATE, lastRpcTime:40ms, electionTimeout:40ms
2019-11-05 08:24:00,055 [Thread-1584] INFO  impl.RoleInfo (RoleInfo.java:shutdownFollowerState(121)) - a8ae9c07-6d89-4a49-a594-cacd4b776180: shutdown FollowerState
2019-11-05 08:24:00,056 [Thread-1584] INFO  impl.RaftServerImpl (RaftServerImpl.java:setRole(184)) - a8ae9c07-6d89-4a49-a594-cacd4b776180@group-0E159EE4F99E: changes role from  FOLLOWER to CANDIDATE at term 98 for changeToCandidate
2019-11-05 08:24:00,056 [Thread-1584] INFO  impl.RoleInfo (RoleInfo.java:updateAndGet(143)) - a8ae9c07-6d89-4a49-a594-cacd4b776180: start LeaderElection
2019-11-05 08:24:00,069 [4a682f4f-c3f2-4b77-88b7-f0ab78890feb@group-0DB8C7688BF9-LeaderElection186] INFO  impl.LeaderElection (LeaderElection.java:askForVotes(178)) - 4a682f4f-c3f2-4b77-88b7-f0ab78890feb@group-0DB8C7688BF9-LeaderElection186: begin an election at term 91 for -1: [77ab65e6-d942-49df-83a3-1d4c0bf152b3:192.168.164.217:39381, 7e1b84a9-a041-44fd-8008-f2679426984c:192.168.164.217:44149, 4a682f4f-c3f2-4b77-88b7-f0ab78890feb:192.168.164.217:34174], old=null
2019-11-05 08:24:00,069 [a8ae9c07-6d89-4a49-a594-cacd4b776180@group-0E159EE4F99E-LeaderElection187] INFO  impl.LeaderElection (LeaderElection.java:askForVotes(178)) - a8ae9c07-6d89-4a49-a594-cacd4b776180@group-0E159EE4F99E-LeaderElection187: begin an election at term 99 for -1: [caafcba9-090a-41f5-a5f9-cba5a6a81e94:192.168.164.217:37197, a8ae9c07-6d89-4a49-a594-cacd4b776180:192.168.164.217:42719, b3bb9051-8089-4c51-a999-81579e5913f2:192.168.164.217:36516], old=null
2019-11-05 08:24:00,079 [grpc-default-executor-0] INFO  impl.RaftServerImpl (RaftServerImpl.java:setRole(184)) - 77ab65e6-d942-49df-83a3-1d4c0bf152b3@group-0DB8C7688BF9: changes role from  FOLLOWER to FOLLOWER at term 91 for recognizeCandidate:4a682f4f-c3f2-4b77-88b7-f0ab78890feb
2019-11-05 08:24:00,079 [grpc-default-executor-4] INFO  impl.RaftServerImpl (RaftServerImpl.java:setRole(184)) - b3bb9051-8089-4c51-a999-81579e5913f2@group-0E159EE4F99E: changes role from  FOLLOWER to FOLLOWER at term 99 for recognizeCandidate:a8ae9c07-6d89-4a49-a594-cacd4b776180
2019-11-05 08:24:00,079 [grpc-default-executor-0] INFO  impl.RoleInfo (RoleInfo.java:shutdownFollowerState(121)) - 77ab65e6-d942-49df-83a3-1d4c0bf152b3: shutdown FollowerState
2019-11-05 08:24:00,080 [grpc-default-executor-4] INFO  impl.RoleInfo (RoleInfo.java:shutdownFollowerState(121)) - b3bb9051-8089-4c51-a999-81579e5913f2: shutdown FollowerState
2019-11-05 08:24:00,080 [Thread-1578] INFO  impl.FollowerState (FollowerState.java:run(117)) - 77ab65e6-d942-49df-83a3-1d4c0bf152b3@group-0DB8C7688BF9-FollowerState was interrupted: java.lang.InterruptedException: sleep interrupted
2019-11-05 08:24:00,080 [grpc-default-executor-0] INFO  impl.RoleInfo (RoleInfo.java:updateAndGet(143)) - 77ab65e6-d942-49df-83a3-1d4c0bf152b3: start FollowerState
2019-11-05 08:24:00,080 [Thread-1583] INFO  impl.FollowerState (FollowerState.java:run(117)) - b3bb9051-8089-4c51-a999-81579e5913f2@group-0E159EE4F99E-FollowerState was interrupted: java.lang.InterruptedException: sleep interrupted
2019-11-05 08:24:00,080 [grpc-default-executor-4] INFO  impl.RoleInfo (RoleInfo.java:updateAndGet(143)) - b3bb9051-8089-4c51-a999-81579e5913f2: start FollowerState
2019-11-05 08:24:00,081 [grpc-default-executor-1] INFO  impl.RaftServerImpl (RaftServerImpl.java:setRole(184)) - 7e1b84a9-a041-44fd-8008-f2679426984c@group-0DB8C7688BF9: changes role from  FOLLOWER to FOLLOWER at term 91 for recognizeCandidate:4a682f4f-c3f2-4b77-88b7-f0ab78890feb
2019-11-05 08:24:00,081 [grpc-default-executor-1] INFO  impl.RoleInfo (RoleInfo.java:shutdownFollowerState(121)) - 7e1b84a9-a041-44fd-8008-f2679426984c: shutdown FollowerState
2019-11-05 08:24:00,081 [grpc-default-executor-5] INFO  impl.RaftServerImpl (RaftServerImpl.java:setRole(184)) - caafcba9-090a-41f5-a5f9-cba5a6a81e94@group-0E159EE4F99E: changes role from  FOLLOWER to FOLLOWER at term 99 for recognizeCandidate:a8ae9c07-6d89-4a49-a594-cacd4b776180
2019-11-05 08:24:00,082 [Thread-1576] INFO  impl.FollowerState (FollowerState.java:run(117)) - 7e1b84a9-a041-44fd-8008-f2679426984c@group-0DB8C7688BF9-FollowerState was interrupted: java.lang.InterruptedException: sleep interrupted
2019-11-05 08:24:00,081 [grpc-default-executor-1] INFO  impl.RoleInfo (RoleInfo.java:updateAndGet(143)) - 7e1b84a9-a041-44fd-8008-f2679426984c: start FollowerState
2019-11-05 08:24:00,082 [grpc-default-executor-5] INFO  impl.RoleInfo (RoleInfo.java:shutdownFollowerState(121)) - caafcba9-090a-41f5-a5f9-cba5a6a81e94: shutdown FollowerState
2019-11-05 08:24:00,083 [grpc-default-executor-5] INFO  impl.RoleInfo (RoleInfo.java:updateAndGet(143)) - caafcba9-090a-41f5-a5f9-cba5a6a81e94: start FollowerState
2019-11-05 08:24:00,083 [Thread-1582] INFO  impl.FollowerState (FollowerState.java:run(117)) - caafcba9-090a-41f5-a5f9-cba5a6a81e94@group-0E159EE4F99E-FollowerState was interrupted: java.lang.InterruptedException: sleep interrupted
2019-11-05 08:24:00,094 [4a682f4f-c3f2-4b77-88b7-f0ab78890feb@group-0DB8C7688BF9-LeaderElection186] INFO  impl.LeaderElection (LeaderElection.java:logAndReturn(56)) - 4a682f4f-c3f2-4b77-88b7-f0ab78890feb@group-0DB8C7688BF9-LeaderElection186: Election REJECTED; received 2 response(s) [4a682f4f-c3f2-4b77-88b7-f0ab78890feb<-77ab65e6-d942-49df-83a3-1d4c0bf152b3#0:FAIL-t91, 4a682f4f-c3f2-4b77-88b7-f0ab78890feb<-7e1b84a9-a041-44fd-8008-f2679426984c#0:FAIL-t91] and 0 exception(s); 4a682f4f-c3f2-4b77-88b7-f0ab78890feb@group-0DB8C7688BF9:t91, leader=null, voted=4a682f4f-c3f2-4b77-88b7-f0ab78890feb, raftlog=4a682f4f-c3f2-4b77-88b7-f0ab78890feb@group-0DB8C7688BF9-SegmentedRaftLog:OPENED:c-1,f-1,i0, conf=-1: [77ab65e6-d942-49df-83a3-1d4c0bf152b3:192.168.164.217:39381, 7e1b84a9-a041-44fd-8008-f2679426984c:192.168.164.217:44149, 4a682f4f-c3f2-4b77-88b7-f0ab78890feb:192.168.164.217:34174], old=null
2019-11-05 08:24:00,094 [a8ae9c07-6d89-4a49-a594-cacd4b776180@group-0E159EE4F99E-LeaderElection187] INFO  impl.LeaderElection (LeaderElection.java:logAndReturn(56)) - a8ae9c07-6d89-4a49-a594-cacd4b776180@group-0E159EE4F99E-LeaderElection187: Election REJECTED; received 2 response(s) [a8ae9c07-6d89-4a49-a594-cacd4b776180<-caafcba9-090a-41f5-a5f9-cba5a6a81e94#0:FAIL-t99, a8ae9c07-6d89-4a49-a594-cacd4b776180<-b3bb9051-8089-4c51-a999-81579e5913f2#0:FAIL-t99] and 0 exception(s); a8ae9c07-6d89-4a49-a594-cacd4b776180@group-0E159EE4F99E:t99, leader=null, voted=a8ae9c07-6d89-4a49-a594-cacd4b776180, raftlog=a8ae9c07-6d89-4a49-a594-cacd4b776180@group-0E159EE4F99E-SegmentedRaftLog:OPENED:c-1,f-1,i0, conf=-1: [caafcba9-090a-41f5-a5f9-cba5a6a81e94:192.168.164.217:37197, a8ae9c07-6d89-4a49-a594-cacd4b776180:192.168.164.217:42719, b3bb9051-8089-4c51-a999-81579e5913f2:192.168.164.217:36516], old=null
2019-11-05 08:24:00,094 [4a682f4f-c3f2-4b77-88b7-f0ab78890feb@group-0DB8C7688BF9-LeaderElection186] INFO  impl.RaftServerImpl (RaftServerImpl.java:setRole(184)) - 4a682f4f-c3f2-4b77-88b7-f0ab78890feb@group-0DB8C7688BF9: changes role from CANDIDATE to FOLLOWER at term 91 for DISCOVERED_A_NEW_TERM
2019-11-05 08:24:00,094 [a8ae9c07-6d89-4a49-a594-cacd4b776180@group-0E159EE4F99E-LeaderElection187] INFO  impl.RaftServerImpl (RaftServerImpl.java:setRole(184)) - a8ae9c07-6d89-4a49-a594-cacd4b776180@group-0E159EE4F99E: changes role from CANDIDATE to FOLLOWER at term 99 for DISCOVERED_A_NEW_TERM
2019-11-05 08:24:00,094 [4a682f4f-c3f2-4b77-88b7-f0ab78890feb@group-0DB8C7688BF9-LeaderElection186] INFO  impl.RoleInfo (RoleInfo.java:shutdownLeaderElection(134)) - 4a682f4f-c3f2-4b77-88b7-f0ab78890feb: shutdown LeaderElection
2019-11-05 08:24:00,095 [a8ae9c07-6d89-4a49-a594-cacd4b776180@group-0E159EE4F99E-LeaderElection187] INFO  impl.RoleInfo (RoleInfo.java:shutdownLeaderElection(134)) - a8ae9c07-6d89-4a49-a594-cacd4b776180: shutdown LeaderElection
2019-11-05 08:24:00,095 [4a682f4f-c3f2-4b77-88b7-f0ab78890feb@group-0DB8C7688BF9-LeaderElection186] INFO  impl.RoleInfo (RoleInfo.java:updateAndGet(143)) - 4a682f4f-c3f2-4b77-88b7-f0ab78890feb: start FollowerState
2019-11-05 08:24:00,095 [a8ae9c07-6d89-4a49-a594-cacd4b776180@group-0E159EE4F99E-LeaderElection187] INFO  impl.RoleInfo (RoleInfo.java:updateAndGet(143)) - a8ae9c07-6d89-4a49-a594-cacd4b776180: start FollowerState
2019-11-05 08:24:00,125 [Thread-1598] INFO  impl.FollowerState (FollowerState.java:run(108)) - a8ae9c07-6d89-4a49-a594-cacd4b776180@group-0E159EE4F99E-FollowerState: change to CANDIDATE, lastRpcTime:29ms, electionTimeout:29ms
2019-11-05 08:24:00,125 [Thread-1598] INFO  impl.RoleInfo (RoleInfo.java:shutdownFollowerState(121)) - a8ae9c07-6d89-4a49-a594-cacd4b776180: shutdown FollowerState
2019-11-05 08:24:00,125 [Thread-1598] INFO  impl.RaftServerImpl (RaftServerImpl.java:setRole(184)) - a8ae9c07-6d89-4a49-a594-cacd4b776180@group-0E159EE4F99E: changes role from  FOLLOWER to CANDIDATE at term 99 for changeToCandidate
2019-11-05 08:24:00,125 [Thread-1598] INFO  impl.RoleInfo (RoleInfo.java:updateAndGet(143)) - a8ae9c07-6d89-4a49-a594-cacd4b776180: start LeaderElection
2019-11-05 08:24:00,139 [a8ae9c07-6d89-4a49-a594-cacd4b776180@group-0E159EE4F99E-LeaderElection188] INFO  impl.LeaderElection (LeaderElection.java:askForVotes(178)) - a8ae9c07-6d89-4a49-a594-cacd4b776180@group-0E159EE4F99E-LeaderElection188: begin an election at term 100 for -1: [caafcba9-090a-41f5-a5f9-cba5a6a81e94:192.168.164.217:37197, a8ae9c07-6d89-4a49-a594-cacd4b776180:192.168.164.217:42719, b3bb9051-8089-4c51-a999-81579e5913f2:192.168.164.217:36516], old=null
2019-11-05 08:24:00,140 [grpc-default-executor-3] INFO  impl.RaftServerImpl (RaftServerImpl.java:setRole(184)) - caafcba9-090a-41f5-a5f9-cba5a6a81e94@group-0E159EE4F99E: changes role from  FOLLOWER to FOLLOWER at term 100 for recognizeCandidate:a8ae9c07-6d89-4a49-a594-cacd4b776180
2019-11-05 08:24:00,141 [grpc-default-executor-3] INFO  impl.RoleInfo (RoleInfo.java:shutdownFollowerState(121)) - caafcba9-090a-41f5-a5f9-cba5a6a81e94: shutdown FollowerState
2019-11-05 08:24:00,141 [grpc-default-executor-3] INFO  impl.RoleInfo (RoleInfo.java:updateAndGet(143)) - caafcba9-090a-41f5-a5f9-cba5a6a81e94: start FollowerState
2019-11-05 08:24:00,141 [Thread-1596] INFO  impl.FollowerState (FollowerState.java:run(117)) - caafcba9-090a-41f5-a5f9-cba5a6a81e94@group-0E159EE4F99E-FollowerState was interrupted: java.lang.InterruptedException: sleep interrupted
2019-11-05 08:24:00,141 [grpc-default-executor-5] INFO  impl.RaftServerImpl (RaftServerImpl.java:setRole(184)) - b3bb9051-8089-4c51-a999-81579e5913f2@group-0E159EE4F99E: changes role from  FOLLOWER to FOLLOWER at term 100 for recognizeCandidate:a8ae9c07-6d89-4a49-a594-cacd4b776180
2019-11-05 08:24:00,141 [grpc-default-executor-5] INFO  impl.RoleInfo (RoleInfo.java:shutdownFollowerState(121)) - b3bb9051-8089-4c51-a999-81579e5913f2: shutdown FollowerState
2019-11-05 08:24:00,142 [grpc-default-executor-5] INFO  impl.RoleInfo (RoleInfo.java:updateAndGet(143)) - b3bb9051-8089-4c51-a999-81579e5913f2: start FollowerState
2019-11-05 08:24:00,142 [Thread-1593] INFO  impl.FollowerState (FollowerState.java:run(117)) - b3bb9051-8089-4c51-a999-81579e5913f2@group-0E159EE4F99E-FollowerState was interrupted: java.lang.InterruptedException: sleep interrupted
2019-11-05 08:24:00,156 [a8ae9c07-6d89-4a49-a594-cacd4b776180@group-0E159EE4F99E-LeaderElection188] INFO  impl.LeaderElection (LeaderElection.java:logAndReturn(56)) - a8ae9c07-6d89-4a49-a594-cacd4b776180@group-0E159EE4F99E-LeaderElection188: Election REJECTED; received 2 response(s) [a8ae9c07-6d89-4a49-a594-cacd4b776180<-caafcba9-090a-41f5-a5f9-cba5a6a81e94#0:FAIL-t100, a8ae9c07-6d89-4a49-a594-cacd4b776180<-b3bb9051-8089-4c51-a999-81579e5913f2#0:FAIL-t100] and 0 exception(s); a8ae9c07-6d89-4a49-a594-cacd4b776180@group-0E159EE4F99E:t100, leader=null, voted=a8ae9c07-6d89-4a49-a594-cacd4b776180, raftlog=a8ae9c07-6d89-4a49-a594-cacd4b776180@group-0E159EE4F99E-SegmentedRaftLog:OPENED:c-1,f-1,i0, conf=-1: [caafcba9-090a-41f5-a5f9-cba5a6a81e94:192.168.164.217:37197, a8ae9c07-6d89-4a49-a594-cacd4b776180:192.168.164.217:42719, b3bb9051-8089-4c51-a999-81579e5913f2:192.168.164.217:36516], old=null
2019-11-05 08:24:00,156 [a8ae9c07-6d89-4a49-a594-cacd4b776180@group-0E159EE4F99E-LeaderElection188] INFO  impl.RaftServerImpl (RaftServerImpl.java:setRole(184)) - a8ae9c07-6d89-4a49-a594-cacd4b776180@group-0E159EE4F99E: changes role from CANDIDATE to FOLLOWER at term 100 for DISCOVERED_A_NEW_TERM
2019-11-05 08:24:00,156 [a8ae9c07-6d89-4a49-a594-cacd4b776180@group-0E159EE4F99E-LeaderElection188] INFO  impl.RoleInfo (RoleInfo.java:shutdownLeaderElection(134)) - a8ae9c07-6d89-4a49-a594-cacd4b776180: shutdown LeaderElection
2019-11-05 08:24:00,156 [a8ae9c07-6d89-4a49-a594-cacd4b776180@group-0E159EE4F99E-LeaderElection188] INFO  impl.RoleInfo (RoleInfo.java:updateAndGet(143)) - a8ae9c07-6d89-4a49-a594-cacd4b776180: start FollowerState
2019-11-05 08:24:00,200 [Thread-1597] INFO  impl.FollowerState (FollowerState.java:run(108)) - 4a682f4f-c3f2-4b77-88b7-f0ab78890feb@group-0DB8C7688BF9-FollowerState: change to CANDIDATE, lastRpcTime:105ms, electionTimeout:105ms
2019-11-05 08:24:00,200 [Thread-1597] INFO  impl.RoleInfo (RoleInfo.java:shutdownFollowerState(121)) - 4a682f4f-c3f2-4b77-88b7-f0ab78890feb: shutdown FollowerState
2019-11-05 08:24:00,201 [Thread-1597] INFO  impl.RaftServerImpl (RaftServerImpl.java:setRole(184)) - 4a682f4f-c3f2-4b77-88b7-f0ab78890feb@group-0DB8C7688BF9: changes role from  FOLLOWER to CANDIDATE at term 91 for changeToCandidate
2019-11-05 08:24:00,201 [Thread-1597] INFO  impl.RoleInfo (RoleInfo.java:updateAndGet(143)) - 4a682f4f-c3f2-4b77-88b7-f0ab78890feb: start LeaderElection
2019-11-05 08:24:00,213 [4a682f4f-c3f2-4b77-88b7-f0ab78890feb@group-0DB8C7688BF9-LeaderElection189] INFO  impl.LeaderElection (LeaderElection.java:askForVotes(178)) - 4a682f4f-c3f2-4b77-88b7-f0ab78890feb@group-0DB8C7688BF9-LeaderElection189: begin an election at term 92 for -1: [77ab65e6-d942-49df-83a3-1d4c0bf152b3:192.168.164.217:39381, 7e1b84a9-a041-44fd-8008-f2679426984c:192.168.164.217:44149, 4a682f4f-c3f2-4b77-88b7-f0ab78890feb:192.168.164.217:34174], old=null
2019-11-05 08:24:00,216 [grpc-default-executor-5] INFO  impl.RaftServerImpl (RaftServerImpl.java:setRole(184)) - 7e1b84a9-a041-44fd-8008-f2679426984c@group-0DB8C7688BF9: changes role from  FOLLOWER to FOLLOWER at term 92 for recognizeCandidate:4a682f4f-c3f2-4b77-88b7-f0ab78890feb
2019-11-05 08:24:00,216 [grpc-default-executor-5] INFO  impl.RoleInfo (RoleInfo.java:shutdownFollowerState(121)) - 7e1b84a9-a041-44fd-8008-f2679426984c: shutdown FollowerState
2019-11-05 08:24:00,216 [grpc-default-executor-5] INFO  impl.RoleInfo (RoleInfo.java:updateAndGet(143)) - 7e1b84a9-a041-44fd-8008-f2679426984c: start FollowerState
2019-11-05 08:24:00,216 [Thread-1595] INFO  impl.FollowerState (FollowerState.java:run(117)) - 7e1b84a9-a041-44fd-8008-f2679426984c@group-0DB8C7688BF9-FollowerState was interrupted: java.lang.InterruptedException: sleep interrupted
2019-11-05 08:24:00,216 [grpc-default-executor-3] INFO  impl.RaftServerImpl (RaftServerImpl.java:setRole(184)) - 77ab65e6-d942-49df-83a3-1d4c0bf152b3@group-0DB8C7688BF9: changes role from  FOLLOWER to FOLLOWER at term 92 for recognizeCandidate:4a682f4f-c3f2-4b77-88b7-f0ab78890feb
2019-11-05 08:24:00,216 [grpc-default-executor-3] INFO  impl.RoleInfo (RoleInfo.java:shutdownFollowerState(121)) - 77ab65e6-d942-49df-83a3-1d4c0bf152b3: shutdown FollowerState
2019-11-05 08:24:00,217 [grpc-default-executor-3] INFO  impl.RoleInfo (RoleInfo.java:updateAndGet(143)) - 77ab65e6-d942-49df-83a3-1d4c0bf152b3: start FollowerState
2019-11-05 08:24:00,217 [Thread-1592] INFO  impl.FollowerState (FollowerState.java:run(117)) - 77ab65e6-d942-49df-83a3-1d4c0bf152b3@group-0DB8C7688BF9-FollowerState was interrupted: java.lang.InterruptedException: sleep interrupted
2019-11-05 08:24:00,230 [4a682f4f-c3f2-4b77-88b7-f0ab78890feb@group-0DB8C7688BF9-LeaderElection189] INFO  impl.LeaderElection (LeaderElection.java:logAndReturn(56)) - 4a682f4f-c3f2-4b77-88b7-f0ab78890feb@group-0DB8C7688BF9-LeaderElection189: Election REJECTED; received 2 response(s) [4a682f4f-c3f2-4b77-88b7-f0ab78890feb<-77ab65e6-d942-49df-83a3-1d4c0bf152b3#0:FAIL-t92, 4a682f4f-c3f2-4b77-88b7-f0ab78890feb<-7e1b84a9-a041-44fd-8008-f2679426984c#0:FAIL-t92] and 0 exception(s); 4a682f4f-c3f2-4b77-88b7-f0ab78890feb@group-0DB8C7688BF9:t92, leader=null, voted=4a682f4f-c3f2-4b77-88b7-f0ab78890feb, raftlog=4a682f4f-c3f2-4b77-88b7-f0ab78890feb@group-0DB8C7688BF9-SegmentedRaftLog:OPENED:c-1,f-1,i0, conf=-1: [77ab65e6-d942-49df-83a3-1d4c0bf152b3:192.168.164.217:39381, 7e1b84a9-a041-44fd-8008-f2679426984c:192.168.164.217:44149, 4a682f4f-c3f2-4b77-88b7-f0ab78890feb:192.168.164.217:34174], old=null
2019-11-05 08:24:00,231 [4a682f4f-c3f2-4b77-88b7-f0ab78890feb@group-0DB8C7688BF9-LeaderElection189] INFO  impl.RaftServerImpl (RaftServerImpl.java:setRole(184)) - 4a682f4f-c3f2-4b77-88b7-f0ab78890feb@group-0DB8C7688BF9: changes role from CANDIDATE to FOLLOWER at term 92 for DISCOVERED_A_NEW_TERM
2019-11-05 08:24:00,231 [4a682f4f-c3f2-4b77-88b7-f0ab78890feb@group-0DB8C7688BF9-LeaderElection189] INFO  impl.RoleInfo (RoleInfo.java:shutdownLeaderElection(134)) - 4a682f4f-c3f2-4b77-88b7-f0ab78890feb: shutdown LeaderElection
2019-11-05 08:24:00,231 [4a682f4f-c3f2-4b77-88b7-f0ab78890feb@group-0DB8C7688BF9-LeaderElection189] INFO  impl.RoleInfo (RoleInfo.java:updateAndGet(143)) - 4a682f4f-c3f2-4b77-88b7-f0ab78890feb: start FollowerState
2019-11-05 08:24:00,342 [Thread-1606] INFO  impl.FollowerState (FollowerState.java:run(108)) - a8ae9c07-6d89-4a49-a594-cacd4b776180@group-0E159EE4F99E-FollowerState: change to CANDIDATE, lastRpcTime:186ms, electionTimeout:186ms
2019-11-05 08:24:00,343 [Thread-1606] INFO  impl.RoleInfo (RoleInfo.java:shutdownFollowerState(121)) - a8ae9c07-6d89-4a49-a594-cacd4b776180: shutdown FollowerState
2019-11-05 08:24:00,343 [Thread-1606] INFO  impl.RaftServerImpl (RaftServerImpl.java:setRole(184)) - a8ae9c07-6d89-4a49-a594-cacd4b776180@group-0E159EE4F99E: changes role from  FOLLOWER to CANDIDATE at term 100 for changeToCandidate
2019-11-05 08:24:00,343 [Thread-1606] INFO  impl.RoleInfo (RoleInfo.java:updateAndGet(143)) - a8ae9c07-6d89-4a49-a594-cacd4b776180: start LeaderElection
2019-11-05 08:24:00,357 [a8ae9c07-6d89-4a49-a594-cacd4b776180@group-0E159EE4F99E-LeaderElection190] INFO  impl.LeaderElection (LeaderElection.java:askForVotes(178)) - a8ae9c07-6d89-4a49-a594-cacd4b776180@group-0E159EE4F99E-LeaderElection190: begin an election at term 101 for -1: [caafcba9-090a-41f5-a5f9-cba5a6a81e94:192.168.164.217:37197, a8ae9c07-6d89-4a49-a594-cacd4b776180:192.168.164.217:42719, b3bb9051-8089-4c51-a999-81579e5913f2:192.168.164.217:36516], old=null
2019-11-05 08:24:00,359 [grpc-default-executor-3] INFO  impl.RaftServerImpl (RaftServerImpl.java:setRole(184)) - caafcba9-090a-41f5-a5f9-cba5a6a81e94@group-0E159EE4F99E: changes role from  FOLLOWER to FOLLOWER at term 101 for recognizeCandidate:a8ae9c07-6d89-4a49-a594-cacd4b776180
2019-11-05 08:24:00,359 [grpc-default-executor-3] INFO  impl.RoleInfo (RoleInfo.java:shutdownFollowerState(121)) - caafcba9-090a-41f5-a5f9-cba5a6a81e94: shutdown FollowerState
2019-11-05 08:24:00,359 [grpc-default-executor-3] INFO  impl.RoleInfo (RoleInfo.java:updateAndGet(143)) - caafcba9-090a-41f5-a5f9-cba5a6a81e94: start FollowerState
2019-11-05 08:24:00,359 [Thread-1604] INFO  impl.FollowerState (FollowerState.java:run(117)) - caafcba9-090a-41f5-a5f9-cba5a6a81e94@group-0E159EE4F99E-FollowerState was interrupted: java.lang.InterruptedException: sleep interrupted
2019-11-05 08:24:00,359 [grpc-default-executor-5] INFO  impl.RaftServerImpl (RaftServerImpl.java:setRole(184)) - b3bb9051-8089-4c51-a999-81579e5913f2@group-0E159EE4F99E: changes role from  FOLLOWER to FOLLOWER at term 101 for recognizeCandidate:a8ae9c07-6d89-4a49-a594-cacd4b776180
2019-11-05 08:24:00,360 [grpc-default-executor-5] INFO  impl.RoleInfo (RoleInfo.java:shutdownFollowerState(121)) - b3bb9051-8089-4c51-a999-81579e5913f2: shutdown FollowerState
2019-11-05 08:24:00,360 [grpc-default-executor-5] INFO  impl.RoleInfo (RoleInfo.java:updateAndGet(143)) - b3bb9051-8089-4c51-a999-81579e5913f2: start FollowerState
2019-11-05 08:24:00,360 [Thread-1605] INFO  impl.FollowerState (FollowerState.java:run(117)) - b3bb9051-8089-4c51-a999-81579e5913f2@group-0E159EE4F99E-FollowerState was interrupted: java.lang.InterruptedException: sleep interrupted
2019-11-05 08:24:00,360 [a8ae9c07-6d89-4a49-a594-cacd4b776180@group-0E159EE4F99E-LeaderElection190] INFO  impl.LeaderElection (LeaderElection.java:logAndReturn(56)) - a8ae9c07-6d89-4a49-a594-cacd4b776180@group-0E159EE4F99E-LeaderElection190: Election TIMEOUT; received 0 response(s) [] and 0 exception(s); a8ae9c07-6d89-4a49-a594-cacd4b776180@group-0E159EE4F99E:t101, leader=null, voted=a8ae9c07-6d89-4a49-a594-cacd4b776180, raftlog=a8ae9c07-6d89-4a49-a594-cacd4b776180@group-0E159EE4F99E-SegmentedRaftLog:OPENED:c-1,f-1,i0, conf=-1: [caafcba9-090a-41f5-a5f9-cba5a6a81e94:192.168.164.217:37197, a8ae9c07-6d89-4a49-a594-cacd4b776180:192.168.164.217:42719, b3bb9051-8089-4c51-a999-81579e5913f2:192.168.164.217:36516], old=null
2019-11-05 08:24:00,367 [Thread-1612] INFO  impl.FollowerState (FollowerState.java:run(108)) - 4a682f4f-c3f2-4b77-88b7-f0ab78890feb@group-0DB8C7688BF9-FollowerState: change to CANDIDATE, lastRpcTime:136ms, electionTimeout:136ms
2019-11-05 08:24:00,367 [Thread-1612] INFO  impl.RoleInfo (RoleInfo.java:shutdownFollowerState(121)) - 4a682f4f-c3f2-4b77-88b7-f0ab78890feb: shutdown FollowerState
2019-11-05 08:24:00,367 [Thread-1612] INFO  impl.RaftServerImpl (RaftServerImpl.java:setRole(184)) - 4a682f4f-c3f2-4b77-88b7-f0ab78890feb@group-0DB8C7688BF9: changes role from  FOLLOWER to CANDIDATE at term 92 for changeToCandidate
2019-11-05 08:24:00,368 [Thread-1612] INFO  impl.RoleInfo (RoleInfo.java:updateAndGet(143)) - 4a682f4f-c3f2-4b77-88b7-f0ab78890feb: start LeaderElection
2019-11-05 08:24:00,384 [4a682f4f-c3f2-4b77-88b7-f0ab78890feb@group-0DB8C7688BF9-LeaderElection191] INFO  impl.LeaderElection (LeaderElection.java:askForVotes(178)) - 4a682f4f-c3f2-4b77-88b7-f0ab78890feb@group-0DB8C7688BF9-LeaderElection191: begin an election at term 93 for -1: [77ab65e6-d942-49df-83a3-1d4c0bf152b3:192.168.164.217:39381, 7e1b84a9-a041-44fd-8008-f2679426984c:192.168.164.217:44149, 4a682f4f-c3f2-4b77-88b7-f0ab78890feb:192.168.164.217:34174], old=null
2019-11-05 08:24:00,384 [a8ae9c07-6d89-4a49-a594-cacd4b776180@group-0E159EE4F99E-LeaderElection190] INFO  impl.LeaderElection (LeaderElection.java:askForVotes(178)) - a8ae9c07-6d89-4a49-a594-cacd4b776180@group-0E159EE4F99E-LeaderElection190: begin an election at term 102 for -1: [caafcba9-090a-41f5-a5f9-cba5a6a81e94:192.168.164.217:37197, a8ae9c07-6d89-4a49-a594-cacd4b776180:192.168.164.217:42719, b3bb9051-8089-4c51-a999-81579e5913f2:192.168.164.217:36516], old=null
2019-11-05 08:24:00,387 [grpc-default-executor-3] INFO  impl.RaftServerImpl (RaftServerImpl.java:setRole(184)) - 77ab65e6-d942-49df-83a3-1d4c0bf152b3@group-0DB8C7688BF9: changes role from  FOLLOWER to FOLLOWER at term 93 for recognizeCandidate:4a682f4f-c3f2-4b77-88b7-f0ab78890feb
2019-11-05 08:24:00,387 [grpc-default-executor-3] INFO  impl.RoleInfo (RoleInfo.java:shutdownFollowerState(121)) - 77ab65e6-d942-49df-83a3-1d4c0bf152b3: shutdown FollowerState
2019-11-05 08:24:00,388 [grpc-default-executor-3] INFO  impl.RoleInfo (RoleInfo.java:updateAndGet(143)) - 77ab65e6-d942-49df-83a3-1d4c0bf152b3: start FollowerState
2019-11-05 08:24:00,388 [Thread-1611] INFO  impl.FollowerState (FollowerState.java:run(117)) - 77ab65e6-d942-49df-83a3-1d4c0bf152b3@group-0DB8C7688BF9-FollowerState was interrupted: java.lang.InterruptedException: sleep interrupted
2019-11-05 08:24:00,388 [grpc-default-executor-5] INFO  impl.RaftServerImpl (RaftServerImpl.java:setRole(184)) - caafcba9-090a-41f5-a5f9-cba5a6a81e94@group-0E159EE4F99E: changes role from  FOLLOWER to FOLLOWER at term 102 for recognizeCandidate:a8ae9c07-6d89-4a49-a594-cacd4b776180
2019-11-05 08:24:00,388 [grpc-default-executor-5] INFO  impl.RoleInfo (RoleInfo.java:shutdownFollowerState(121)) - caafcba9-090a-41f5-a5f9-cba5a6a81e94: shutdown FollowerState
2019-11-05 08:24:00,389 [grpc-default-executor-5] INFO  impl.RoleInfo (RoleInfo.java:updateAndGet(143)) - caafcba9-090a-41f5-a5f9-cba5a6a81e94: start FollowerState
2019-11-05 08:24:00,389 [Thread-1616] INFO  impl.FollowerState (FollowerState.java:run(117)) - caafcba9-090a-41f5-a5f9-cba5a6a81e94@group-0E159EE4F99E-FollowerState was interrupted: java.lang.InterruptedException: sleep interrupted
2019-11-05 08:24:00,389 [grpc-default-executor-1] INFO  impl.RaftServerImpl (RaftServerImpl.java:setRole(184)) - 7e1b84a9-a041-44fd-8008-f2679426984c@group-0DB8C7688BF9: changes role from  FOLLOWER to FOLLOWER at term 93 for recognizeCandidate:4a682f4f-c3f2-4b77-88b7-f0ab78890feb
2019-11-05 08:24:00,389 [grpc-default-executor-4] INFO  impl.RaftServerImpl (RaftServerImpl.java:setRole(184)) - b3bb9051-8089-4c51-a999-81579e5913f2@group-0E159EE4F99E: changes role from  FOLLOWER to FOLLOWER at term 102 for recognizeCandidate:a8ae9c07-6d89-4a49-a594-cacd4b776180
2019-11-05 08:24:00,389 [grpc-default-executor-1] INFO  impl.RoleInfo (RoleInfo.java:shutdownFollowerState(121)) - 7e1b84a9-a041-44fd-8008-f2679426984c: shutdown FollowerState
2019-11-05 08:24:00,390 [grpc-default-executor-4] INFO  impl.RoleInfo (RoleInfo.java:shutdownFollowerState(121)) - b3bb9051-8089-4c51-a999-81579e5913f2: shutdown FollowerState
2019-11-05 08:24:00,390 [Thread-1610] INFO  impl.FollowerState (FollowerState.java:run(117)) - 7e1b84a9-a041-44fd-8008-f2679426984c@group-0DB8C7688BF9-FollowerState was interrupted: java.lang.InterruptedException: sleep interrupted
2019-11-05 08:24:00,390 [grpc-default-executor-1] INFO  impl.RoleInfo (RoleInfo.java:updateAndGet(143)) - 7e1b84a9-a041-44fd-8008-f2679426984c: start FollowerState
2019-11-05 08:24:00,390 [Thread-1617] INFO  impl.FollowerState (FollowerState.java:run(117)) - b3bb9051-8089-4c51-a999-81579e5913f2@group-0E159EE4F99E-FollowerState was interrupted: java.lang.InterruptedException: sleep interrupted
2019-11-05 08:24:00,390 [grpc-default-executor-4] INFO  impl.RoleInfo (RoleInfo.java:updateAndGet(143)) - b3bb9051-8089-4c51-a999-81579e5913f2: start FollowerState
2019-11-05 08:24:00,412 [4a682f4f-c3f2-4b77-88b7-f0ab78890feb@group-0DB8C7688BF9-LeaderElection191] INFO  impl.LeaderElection (LeaderElection.java:logAndReturn(56)) - 4a682f4f-c3f2-4b77-88b7-f0ab78890feb@group-0DB8C7688BF9-LeaderElection191: Election REJECTED; received 2 response(s) [4a682f4f-c3f2-4b77-88b7-f0ab78890feb<-77ab65e6-d942-49df-83a3-1d4c0bf152b3#0:FAIL-t93, 4a682f4f-c3f2-4b77-88b7-f0ab78890feb<-7e1b84a9-a041-44fd-8008-f2679426984c#0:FAIL-t93] and 0 exception(s); 4a682f4f-c3f2-4b77-88b7-f0ab78890feb@group-0DB8C7688BF9:t93, leader=null, voted=4a682f4f-c3f2-4b77-88b7-f0ab78890feb, raftlog=4a682f4f-c3f2-4b77-88b7-f0ab78890feb@group-0DB8C7688BF9-SegmentedRaftLog:OPENED:c-1,f-1,i0, conf=-1: [77ab65e6-d942-49df-83a3-1d4c0bf152b3:192.168.164.217:39381, 7e1b84a9-a041-44fd-8008-f2679426984c:192.168.164.217:44149, 4a682f4f-c3f2-4b77-88b7-f0ab78890feb:192.168.164.217:34174], old=null
2019-11-05 08:24:00,413 [a8ae9c07-6d89-4a49-a594-cacd4b776180@group-0E159EE4F99E-LeaderElection190] INFO  impl.LeaderElection (LeaderElection.java:logAndReturn(56)) - a8ae9c07-6d89-4a49-a594-cacd4b776180@group-0E159EE4F99E-LeaderElection190: Election REJECTED; received 2 response(s) [a8ae9c07-6d89-4a49-a594-cacd4b776180<-caafcba9-090a-41f5-a5f9-cba5a6a81e94#0:FAIL-t102, a8ae9c07-6d89-4a49-a594-cacd4b776180<-b3bb9051-8089-4c51-a999-81579e5913f2#0:FAIL-t102] and 0 exception(s); a8ae9c07-6d89-4a49-a594-cacd4b776180@group-0E159EE4F99E:t102, leader=null, voted=a8ae9c07-6d89-4a49-a594-cacd4b776180, raftlog=a8ae9c07-6d89-4a49-a594-cacd4b776180@group-0E159EE4F99E-SegmentedRaftLog:OPENED:c-1,f-1,i0, conf=-1: [caafcba9-090a-41f5-a5f9-cba5a6a81e94:192.168.164.217:37197, a8ae9c07-6d89-4a49-a594-cacd4b776180:192.168.164.217:42719, b3bb9051-8089-4c51-a999-81579e5913f2:192.168.164.217:36516], old=null
2019-11-05 08:24:00,413 [4a682f4f-c3f2-4b77-88b7-f0ab78890feb@group-0DB8C7688BF9-LeaderElection191] INFO  impl.RaftServerImpl (RaftServerImpl.java:setRole(184)) - 4a682f4f-c3f2-4b77-88b7-f0ab78890feb@group-0DB8C7688BF9: changes role from CANDIDATE to FOLLOWER at term 93 for DISCOVERED_A_NEW_TERM
2019-11-05 08:24:00,413 [a8ae9c07-6d89-4a49-a594-cacd4b776180@group-0E159EE4F99E-LeaderElection190] INFO  impl.RaftServerImpl (RaftServerImpl.java:setRole(184)) - a8ae9c07-6d89-4a49-a594-cacd4b776180@group-0E159EE4F99E: changes role from CANDIDATE to FOLLOWER at term 102 for DISCOVERED_A_NEW_TERM
2019-11-05 08:24:00,413 [4a682f4f-c3f2-4b77-88b7-f0ab78890feb@group-0DB8C7688BF9-LeaderElection191] INFO  impl.RoleInfo (RoleInfo.java:shutdownLeaderElection(134)) - 4a682f4f-c3f2-4b77-88b7-f0ab78890feb: shutdown LeaderElection
2019-11-05 08:24:00,413 [a8ae9c07-6d89-4a49-a594-cacd4b776180@group-0E159EE4F99E-LeaderElection190] INFO  impl.RoleInfo (RoleInfo.java:shutdownLeaderElection(134)) - a8ae9c07-6d89-4a49-a594-cacd4b776180: shutdown LeaderElection
2019-11-05 08:24:00,413 [4a682f4f-c3f2-4b77-88b7-f0ab78890feb@group-0DB8C7688BF9-LeaderElection191] INFO  impl.RoleInfo (RoleInfo.java:updateAndGet(143)) - 4a682f4f-c3f2-4b77-88b7-f0ab78890feb: start FollowerState
2019-11-05 08:24:00,413 [a8ae9c07-6d89-4a49-a594-cacd4b776180@group-0E159EE4F99E-LeaderElection190] INFO  impl.RoleInfo (RoleInfo.java:updateAndGet(143)) - a8ae9c07-6d89-4a49-a594-cacd4b776180: start FollowerState
2019-11-05 08:24:00,511 [Thread-1627] INFO  impl.FollowerState (FollowerState.java:run(108)) - 4a682f4f-c3f2-4b77-88b7-f0ab78890feb@group-0DB8C7688BF9-FollowerState: change to CANDIDATE, lastRpcTime:97ms, electionTimeout:97ms
2019-11-05 08:24:00,511 [Thread-1627] INFO  impl.RoleInfo (RoleInfo.java:shutdownFollowerState(121)) - 4a682f4f-c3f2-4b77-88b7-f0ab78890feb: shutdown FollowerState
2019-11-05 08:24:00,511 [Thread-1627] INFO  impl.RaftServerImpl (RaftServerImpl.java:setRole(184)) - 4a682f4f-c3f2-4b77-88b7-f0ab78890feb@group-0DB8C7688BF9: changes role from  FOLLOWER to CANDIDATE at term 93 for changeToCandidate
2019-11-05 08:24:00,511 [Thread-1627] INFO  impl.RoleInfo (RoleInfo.java:updateAndGet(143)) - 4a682f4f-c3f2-4b77-88b7-f0ab78890feb: start LeaderElection
2019-11-05 08:24:00,525 [4a682f4f-c3f2-4b77-88b7-f0ab78890feb@group-0DB8C7688BF9-LeaderElection192] INFO  impl.LeaderElection (LeaderElection.java:askForVotes(178)) - 4a682f4f-c3f2-4b77-88b7-f0ab78890feb@group-0DB8C7688BF9-LeaderElection192: begin an election at term 94 for -1: [77ab65e6-d942-49df-83a3-1d4c0bf152b3:192.168.164.217:39381, 7e1b84a9-a041-44fd-8008-f2679426984c:192.168.164.217:44149, 4a682f4f-c3f2-4b77-88b7-f0ab78890feb:192.168.164.217:34174], old=null
2019-11-05 08:24:00,528 [grpc-default-executor-3] INFO  impl.RaftServerImpl (RaftServerImpl.java:setRole(184)) - 77ab65e6-d942-49df-83a3-1d4c0bf152b3@group-0DB8C7688BF9: changes role from  FOLLOWER to FOLLOWER at term 94 for recognizeCandidate:4a682f4f-c3f2-4b77-88b7-f0ab78890feb
2019-11-05 08:24:00,528 [grpc-default-executor-3] INFO  impl.RoleInfo (RoleInfo.java:shutdownFollowerState(121)) - 77ab65e6-d942-49df-83a3-1d4c0bf152b3: shutdown FollowerState
2019-11-05 08:24:00,528 [grpc-default-executor-1] INFO  impl.RaftServerImpl (RaftServerImpl.java:setRole(184)) - 7e1b84a9-a041-44fd-8008-f2679426984c@group-0DB8C7688BF9: changes role from  FOLLOWER to FOLLOWER at term 94 for recognizeCandidate:4a682f4f-c3f2-4b77-88b7-f0ab78890feb
2019-11-05 08:24:00,528 [grpc-default-executor-1] INFO  impl.RoleInfo (RoleInfo.java:shutdownFollowerState(121)) - 7e1b84a9-a041-44fd-8008-f2679426984c: shutdown FollowerState
2019-11-05 08:24:00,528 [Thread-1623] INFO  impl.FollowerState (FollowerState.java:run(117)) - 77ab65e6-d942-49df-83a3-1d4c0bf152b3@group-0DB8C7688BF9-FollowerState was interrupted: java.lang.InterruptedException: sleep interrupted
2019-11-05 08:24:00,529 [Thread-1625] INFO  impl.FollowerState (FollowerState.java:run(117)) - 7e1b84a9-a041-44fd-8008-f2679426984c@group-0DB8C7688BF9-FollowerState was interrupted: java.lang.InterruptedException: sleep interrupted
2019-11-05 08:24:00,528 [grpc-default-executor-3] INFO  impl.RoleInfo (RoleInfo.java:updateAndGet(143)) - 77ab65e6-d942-49df-83a3-1d4c0bf152b3: start FollowerState
2019-11-05 08:24:00,529 [grpc-default-executor-1] INFO  impl.RoleInfo (RoleInfo.java:updateAndGet(143)) - 7e1b84a9-a041-44fd-8008-f2679426984c: start FollowerState
2019-11-05 08:24:00,537 [Thread-1628] INFO  impl.FollowerState (FollowerState.java:run(108)) - a8ae9c07-6d89-4a49-a594-cacd4b776180@group-0E159EE4F99E-FollowerState: change to CANDIDATE, lastRpcTime:123ms, electionTimeout:123ms
2019-11-05 08:24:00,537 [Thread-1628] INFO  impl.RoleInfo (RoleInfo.java:shutdownFollowerState(121)) - a8ae9c07-6d89-4a49-a594-cacd4b776180: shutdown FollowerState
2019-11-05 08:24:00,537 [Thread-1628] INFO  impl.RaftServerImpl (RaftServerImpl.java:setRole(184)) - a8ae9c07-6d89-4a49-a594-cacd4b776180@group-0E159EE4F99E: changes role from  FOLLOWER to CANDIDATE at term 102 for changeToCandidate
2019-11-05 08:24:00,537 [Thread-1628] INFO  impl.RoleInfo (RoleInfo.java:updateAndGet(143)) - a8ae9c07-6d89-4a49-a594-cacd4b776180: start LeaderElection
2019-11-05 08:24:00,542 [a8ae9c07-6d89-4a49-a594-cacd4b776180@group-0E159EE4F99E-LeaderElection193] INFO  impl.LeaderElection (LeaderElection.java:askForVotes(178)) - a8ae9c07-6d89-4a49-a594-cacd4b776180@group-0E159EE4F99E-LeaderElection193: begin an election at term 103 for -1: [caafcba9-090a-41f5-a5f9-cba5a6a81e94:192.168.164.217:37197, a8ae9c07-6d89-4a49-a594-cacd4b776180:192.168.164.217:42719, b3bb9051-8089-4c51-a999-81579e5913f2:192.168.164.217:36516], old=null
2019-11-05 08:24:00,543 [4a682f4f-c3f2-4b77-88b7-f0ab78890feb@group-0DB8C7688BF9-LeaderElection192] INFO  impl.LeaderElection (LeaderElection.java:logAndReturn(56)) - 4a682f4f-c3f2-4b77-88b7-f0ab78890feb@group-0DB8C7688BF9-LeaderElection192: Election REJECTED; received 2 response(s) [4a682f4f-c3f2-4b77-88b7-f0ab78890feb<-77ab65e6-d942-49df-83a3-1d4c0bf152b3#0:FAIL-t94, 4a682f4f-c3f2-4b77-88b7-f0ab78890feb<-7e1b84a9-a041-44fd-8008-f2679426984c#0:FAIL-t94] and 0 exception(s); 4a682f4f-c3f2-4b77-88b7-f0ab78890feb@group-0DB8C7688BF9:t94, leader=null, voted=4a682f4f-c3f2-4b77-88b7-f0ab78890feb, raftlog=4a682f4f-c3f2-4b77-88b7-f0ab78890feb@group-0DB8C7688BF9-SegmentedRaftLog:OPENED:c-1,f-1,i0, conf=-1: [77ab65e6-d942-49df-83a3-1d4c0bf152b3:192.168.164.217:39381, 7e1b84a9-a041-44fd-8008-f2679426984c:192.168.164.217:44149, 4a682f4f-c3f2-4b77-88b7-f0ab78890feb:192.168.164.217:34174], old=null
2019-11-05 08:24:00,543 [4a682f4f-c3f2-4b77-88b7-f0ab78890feb@group-0DB8C7688BF9-LeaderElection192] INFO  impl.RaftServerImpl (RaftServerImpl.java:setRole(184)) - 4a682f4f-c3f2-4b77-88b7-f0ab78890feb@group-0DB8C7688BF9: changes role from CANDIDATE to FOLLOWER at term 94 for DISCOVERED_A_NEW_TERM
2019-11-05 08:24:00,544 [4a682f4f-c3f2-4b77-88b7-f0ab78890feb@group-0DB8C7688BF9-LeaderElection192] INFO  impl.RoleInfo (RoleInfo.java:shutdownLeaderElection(134)) - 4a682f4f-c3f2-4b77-88b7-f0ab78890feb: shutdown LeaderElection
2019-11-05 08:24:00,544 [4a682f4f-c3f2-4b77-88b7-f0ab78890feb@group-0DB8C7688BF9-LeaderElection192] INFO  impl.RoleInfo (RoleInfo.java:updateAndGet(143)) - 4a682f4f-c3f2-4b77-88b7-f0ab78890feb: start FollowerState
2019-11-05 08:24:00,544 [grpc-default-executor-3] INFO  impl.RaftServerImpl (RaftServerImpl.java:setRole(184)) - caafcba9-090a-41f5-a5f9-cba5a6a81e94@group-0E159EE4F99E: changes role from  FOLLOWER to FOLLOWER at term 103 for recognizeCandidate:a8ae9c07-6d89-4a49-a594-cacd4b776180
2019-11-05 08:24:00,544 [grpc-default-executor-3] INFO  impl.RoleInfo (RoleInfo.java:shutdownFollowerState(121)) - caafcba9-090a-41f5-a5f9-cba5a6a81e94: shutdown FollowerState
2019-11-05 08:24:00,545 [grpc-default-executor-3] INFO  impl.RoleInfo (RoleInfo.java:updateAndGet(143)) - caafcba9-090a-41f5-a5f9-cba5a6a81e94: start FollowerState
2019-11-05 08:24:00,545 [Thread-1624] INFO  impl.FollowerState (FollowerState.java:run(117)) - caafcba9-090a-41f5-a5f9-cba5a6a81e94@group-0E159EE4F99E-FollowerState was interrupted: java.lang.InterruptedException: sleep interrupted
2019-11-05 08:24:00,545 [grpc-default-executor-1] INFO  impl.RaftServerImpl (RaftServerImpl.java:setRole(184)) - b3bb9051-8089-4c51-a999-81579e5913f2@group-0E159EE4F99E: changes role from  FOLLOWER to FOLLOWER at term 103 for recognizeCandidate:a8ae9c07-6d89-4a49-a594-cacd4b776180
2019-11-05 08:24:00,545 [grpc-default-executor-1] INFO  impl.RoleInfo (RoleInfo.java:shutdownFollowerState(121)) - b3bb9051-8089-4c51-a999-81579e5913f2: shutdown FollowerState
2019-11-05 08:24:00,545 [grpc-default-executor-1] INFO  impl.RoleInfo (RoleInfo.java:updateAndGet(143)) - b3bb9051-8089-4c51-a999-81579e5913f2: start FollowerState
2019-11-05 08:24:00,545 [Thread-1626] INFO  impl.FollowerState (FollowerState.java:run(117)) - b3bb9051-8089-4c51-a999-81579e5913f2@group-0E159EE4F99E-FollowerState was interrupted: java.lang.InterruptedException: sleep interrupted
2019-11-05 08:24:00,560 [a8ae9c07-6d89-4a49-a594-cacd4b776180@group-0E159EE4F99E-LeaderElection193] INFO  impl.LeaderElection (LeaderElection.java:logAndReturn(56)) - a8ae9c07-6d89-4a49-a594-cacd4b776180@group-0E159EE4F99E-LeaderElection193: Election REJECTED; received 2 response(s) [a8ae9c07-6d89-4a49-a594-cacd4b776180<-caafcba9-090a-41f5-a5f9-cba5a6a81e94#0:FAIL-t103, a8ae9c07-6d89-4a49-a594-cacd4b776180<-b3bb9051-8089-4c51-a999-81579e5913f2#0:FAIL-t103] and 0 exception(s); a8ae9c07-6d89-4a49-a594-cacd4b776180@group-0E159EE4F99E:t103, leader=null, voted=a8ae9c07-6d89-4a49-a594-cacd4b776180, raftlog=a8ae9c07-6d89-4a49-a594-cacd4b776180@group-0E159EE4F99E-SegmentedRaftLog:OPENED:c-1,f-1,i0, conf=-1: [caafcba9-090a-41f5-a5f9-cba5a6a81e94:192.168.164.217:37197, a8ae9c07-6d89-4a49-a594-cacd4b776180:192.168.164.217:42719, b3bb9051-8089-4c51-a999-81579e5913f2:192.168.164.217:36516], old=null
2019-11-05 08:24:00,560 [a8ae9c07-6d89-4a49-a594-cacd4b776180@group-0E159EE4F99E-LeaderElection193] INFO  impl.RaftServerImpl (RaftServerImpl.java:setRole(184)) - a8ae9c07-6d89-4a49-a594-cacd4b776180@group-0E159EE4F99E: changes role from CANDIDATE to FOLLOWER at term 103 for DISCOVERED_A_NEW_TERM
2019-11-05 08:24:00,560 [a8ae9c07-6d89-4a49-a594-cacd4b776180@group-0E159EE4F99E-LeaderElection193] INFO  impl.RoleInfo (RoleInfo.java:shutdownLeaderElection(134)) - a8ae9c07-6d89-4a49-a594-cacd4b776180: shutdown LeaderElection
2019-11-05 08:24:00,560 [a8ae9c07-6d89-4a49-a594-cacd4b776180@group-0E159EE4F99E-LeaderElection193] INFO  impl.RoleInfo (RoleInfo.java:updateAndGet(143)) - a8ae9c07-6d89-4a49-a594-cacd4b776180: start FollowerState
2019-11-05 08:24:00,564 [Thread-1637] INFO  impl.FollowerState (FollowerState.java:run(108)) - 4a682f4f-c3f2-4b77-88b7-f0ab78890feb@group-0DB8C7688BF9-FollowerState: change to CANDIDATE, lastRpcTime:20ms, electionTimeout:20ms
2019-11-05 08:24:00,564 [Thread-1637] INFO  impl.RoleInfo (RoleInfo.java:shutdownFollowerState(121)) - 4a682f4f-c3f2-4b77-88b7-f0ab78890feb: shutdown FollowerState
2019-11-05 08:24:00,565 [Thread-1637] INFO  impl.RaftServerImpl (RaftServerImpl.java:setRole(184)) - 4a682f4f-c3f2-4b77-88b7-f0ab78890feb@group-0DB8C7688BF9: changes role from  FOLLOWER to CANDIDATE at term 94 for changeToCandidate
2019-11-05 08:24:00,565 [Thread-1637] INFO  impl.RoleInfo (RoleInfo.java:updateAndGet(143)) - 4a682f4f-c3f2-4b77-88b7-f0ab78890feb: start LeaderElection
2019-11-05 08:24:00,578 [4a682f4f-c3f2-4b77-88b7-f0ab78890feb@group-0DB8C7688BF9-LeaderElection194] INFO  impl.LeaderElection (LeaderElection.java:askForVotes(178)) - 4a682f4f-c3f2-4b77-88b7-f0ab78890feb@group-0DB8C7688BF9-LeaderElection194: begin an election at term 95 for -1: [77ab65e6-d942-49df-83a3-1d4c0bf152b3:192.168.164.217:39381, 7e1b84a9-a041-44fd-8008-f2679426984c:192.168.164.217:44149, 4a682f4f-c3f2-4b77-88b7-f0ab78890feb:192.168.164.217:34174], old=null
2019-11-05 08:24:00,581 [grpc-default-executor-3] INFO  impl.RaftServerImpl (RaftServerImpl.java:setRole(184)) - 77ab65e6-d942-49df-83a3-1d4c0bf152b3@group-0DB8C7688BF9: changes role from  FOLLOWER to FOLLOWER at term 95 for recognizeCandidate:4a682f4f-c3f2-4b77-88b7-f0ab78890feb
2019-11-05 08:24:00,581 [grpc-default-executor-3] INFO  impl.RoleInfo (RoleInfo.java:shutdownFollowerState(121)) - 77ab65e6-d942-49df-83a3-1d4c0bf152b3: shutdown FollowerState
2019-11-05 08:24:00,581 [grpc-default-executor-3] INFO  impl.RoleInfo (RoleInfo.java:updateAndGet(143)) - 77ab65e6-d942-49df-83a3-1d4c0bf152b3: start FollowerState
2019-11-05 08:24:00,581 [Thread-1632] INFO  impl.FollowerState (FollowerState.java:run(117)) - 77ab65e6-d942-49df-83a3-1d4c0bf152b3@group-0DB8C7688BF9-FollowerState was interrupted: java.lang.InterruptedException: sleep interrupted
2019-11-05 08:24:00,581 [grpc-default-executor-1] INFO  impl.RaftServerImpl (RaftServerImpl.java:setRole(184)) - 7e1b84a9-a041-44fd-8008-f2679426984c@group-0DB8C7688BF9: changes role from  FOLLOWER to FOLLOWER at term 95 for recognizeCandidate:4a682f4f-c3f2-4b77-88b7-f0ab78890feb
2019-11-05 08:24:00,582 [grpc-default-executor-1] INFO  impl.RoleInfo (RoleInfo.java:shutdownFollowerState(121)) - 7e1b84a9-a041-44fd-8008-f2679426984c: shutdown FollowerState
2019-11-05 08:24:00,582 [grpc-default-executor-1] INFO  impl.RoleInfo (RoleInfo.java:updateAndGet(143)) - 7e1b84a9-a041-44fd-8008-f2679426984c: start FollowerState
2019-11-05 08:24:00,582 [Thread-1633] INFO  impl.FollowerState (FollowerState.java:run(117)) - 7e1b84a9-a041-44fd-8008-f2679426984c@group-0DB8C7688BF9-FollowerState was interrupted: java.lang.InterruptedException: sleep interrupted
2019-11-05 08:24:00,596 [4a682f4f-c3f2-4b77-88b7-f0ab78890feb@group-0DB8C7688BF9-LeaderElection194] INFO  impl.LeaderElection (LeaderElection.java:logAndReturn(56)) - 4a682f4f-c3f2-4b77-88b7-f0ab78890feb@group-0DB8C7688BF9-LeaderElection194: Election REJECTED; received 2 response(s) [4a682f4f-c3f2-4b77-88b7-f0ab78890feb<-77ab65e6-d942-49df-83a3-1d4c0bf152b3#0:FAIL-t95, 4a682f4f-c3f2-4b77-88b7-f0ab78890feb<-7e1b84a9-a041-44fd-8008-f2679426984c#0:FAIL-t95] and 0 exception(s); 4a682f4f-c3f2-4b77-88b7-f0ab78890feb@group-0DB8C7688BF9:t95, leader=null, voted=4a682f4f-c3f2-4b77-88b7-f0ab78890feb, raftlog=4a682f4f-c3f2-4b77-88b7-f0ab78890feb@group-0DB8C7688BF9-SegmentedRaftLog:OPENED:c-1,f-1,i0, conf=-1: [77ab65e6-d942-49df-83a3-1d4c0bf152b3:192.168.164.217:39381, 7e1b84a9-a041-44fd-8008-f2679426984c:192.168.164.217:44149, 4a682f4f-c3f2-4b77-88b7-f0ab78890feb:192.168.164.217:34174], old=null
2019-11-05 08:24:00,596 [4a682f4f-c3f2-4b77-88b7-f0ab78890feb@group-0DB8C7688BF9-LeaderElection194] INFO  impl.RaftServerImpl (RaftServerImpl.java:setRole(184)) - 4a682f4f-c3f2-4b77-88b7-f0ab78890feb@group-0DB8C7688BF9: changes role from CANDIDATE to FOLLOWER at term 95 for DISCOVERED_A_NEW_TERM
2019-11-05 08:24:00,596 [4a682f4f-c3f2-4b77-88b7-f0ab78890feb@group-0DB8C7688BF9-LeaderElection194] INFO  impl.RoleInfo (RoleInfo.java:shutdownLeaderElection(134)) - 4a682f4f-c3f2-4b77-88b7-f0ab78890feb: shutdown LeaderElection
2019-11-05 08:24:00,596 [4a682f4f-c3f2-4b77-88b7-f0ab78890feb@group-0DB8C7688BF9-LeaderElection194] INFO  impl.RoleInfo (RoleInfo.java:updateAndGet(143)) - 4a682f4f-c3f2-4b77-88b7-f0ab78890feb: start FollowerState
2019-11-05 08:24:00,732 [Thread-1640] INFO  impl.FollowerState (FollowerState.java:run(108)) - a8ae9c07-6d89-4a49-a594-cacd4b776180@group-0E159EE4F99E-FollowerState: change to CANDIDATE, lastRpcTime:171ms, electionTimeout:171ms
2019-11-05 08:24:00,732 [Thread-1640] INFO  impl.RoleInfo (RoleInfo.java:shutdownFollowerState(121)) - a8ae9c07-6d89-4a49-a594-cacd4b776180: shutdown FollowerState
2019-11-05 08:24:00,732 [Thread-1640] INFO  impl.RaftServerImpl (RaftServerImpl.java:setRole(184)) - a8ae9c07-6d89-4a49-a594-cacd4b776180@group-0E159EE4F99E: changes role from  FOLLOWER to CANDIDATE at term 103 for changeToCandidate
2019-11-05 08:24:00,732 [Thread-1640] INFO  impl.RoleInfo (RoleInfo.java:updateAndGet(143)) - a8ae9c07-6d89-4a49-a594-cacd4b776180: start LeaderElection
2019-11-05 08:24:00,747 [a8ae9c07-6d89-4a49-a594-cacd4b776180@group-0E159EE4F99E-LeaderElection195] INFO  impl.LeaderElection (LeaderElection.java:askForVotes(178)) - a8ae9c07-6d89-4a49-a594-cacd4b776180@group-0E159EE4F99E-LeaderElection195: begin an election at term 104 for -1: [caafcba9-090a-41f5-a5f9-cba5a6a81e94:192.168.164.217:37197, a8ae9c07-6d89-4a49-a594-cacd4b776180:192.168.164.217:42719, b3bb9051-8089-4c51-a999-81579e5913f2:192.168.164.217:36516], old=null
2019-11-05 08:24:00,750 [grpc-default-executor-3] INFO  impl.RaftServerImpl (RaftServerImpl.java:setRole(184)) - caafcba9-090a-41f5-a5f9-cba5a6a81e94@group-0E159EE4F99E: changes role from  FOLLOWER to FOLLOWER at term 104 for recognizeCandidate:a8ae9c07-6d89-4a49-a594-cacd4b776180
2019-11-05 08:24:00,750 [grpc-default-executor-1] INFO  impl.RaftServerImpl (RaftServerImpl.java:setRole(184)) - b3bb9051-8089-4c51-a999-81579e5913f2@group-0E159EE4F99E: changes role from  FOLLOWER to FOLLOWER at term 104 for recognizeCandidate:a8ae9c07-6d89-4a49-a594-cacd4b776180
2019-11-05 08:24:00,751 [grpc-default-executor-1] INFO  impl.RoleInfo (RoleInfo.java:shutdownFollowerState(121)) - b3bb9051-8089-4c51-a999-81579e5913f2: shutdown FollowerState
2019-11-05 08:24:00,750 [grpc-default-executor-3] INFO  impl.RoleInfo (RoleInfo.java:shutdownFollowerState(121)) - caafcba9-090a-41f5-a5f9-cba5a6a81e94: shutdown FollowerState
2019-11-05 08:24:00,751 [grpc-default-executor-1] INFO  impl.RoleInfo (RoleInfo.java:updateAndGet(143)) - b3bb9051-8089-4c51-a999-81579e5913f2: start FollowerState
2019-11-05 08:24:00,751 [Thread-1638] INFO  impl.FollowerState (FollowerState.java:run(117)) - caafcba9-090a-41f5-a5f9-cba5a6a81e94@group-0E159EE4F99E-FollowerState was interrupted: java.lang.InterruptedException: sleep interrupted
2019-11-05 08:24:00,751 [grpc-default-executor-3] INFO  impl.RoleInfo (RoleInfo.java:updateAndGet(143)) - caafcba9-090a-41f5-a5f9-cba5a6a81e94: start FollowerState
2019-11-05 08:24:00,751 [Thread-1639] INFO  impl.FollowerState (FollowerState.java:run(117)) - b3bb9051-8089-4c51-a999-81579e5913f2@group-0E159EE4F99E-FollowerState was interrupted: java.lang.InterruptedException: sleep interrupted
2019-11-05 08:24:00,766 [a8ae9c07-6d89-4a49-a594-cacd4b776180@group-0E159EE4F99E-LeaderElection195] INFO  impl.LeaderElection (LeaderElection.java:logAndReturn(56)) - a8ae9c07-6d89-4a49-a594-cacd4b776180@group-0E159EE4F99E-LeaderElection195: Election REJECTED; received 2 response(s) [a8ae9c07-6d89-4a49-a594-cacd4b776180<-caafcba9-090a-41f5-a5f9-cba5a6a81e94#0:FAIL-t104, a8ae9c07-6d89-4a49-a594-cacd4b776180<-b3bb9051-8089-4c51-a999-81579e5913f2#0:FAIL-t104] and 0 exception(s); a8ae9c07-6d89-4a49-a594-cacd4b776180@group-0E159EE4F99E:t104, leader=null, voted=a8ae9c07-6d89-4a49-a594-cacd4b776180, raftlog=a8ae9c07-6d89-4a49-a594-cacd4b776180@group-0E159EE4F99E-SegmentedRaftLog:OPENED:c-1,f-1,i0, conf=-1: [caafcba9-090a-41f5-a5f9-cba5a6a81e94:192.168.164.217:37197, a8ae9c07-6d89-4a49-a594-cacd4b776180:192.168.164.217:42719, b3bb9051-8089-4c51-a999-81579e5913f2:192.168.164.217:36516], old=null
2019-11-05 08:24:00,766 [a8ae9c07-6d89-4a49-a594-cacd4b776180@group-0E159EE4F99E-LeaderElection195] INFO  impl.RaftServerImpl (RaftServerImpl.java:setRole(184)) - a8ae9c07-6d89-4a49-a594-cacd4b776180@group-0E159EE4F99E: changes role from CANDIDATE to FOLLOWER at term 104 for DISCOVERED_A_NEW_TERM
2019-11-05 08:24:00,767 [a8ae9c07-6d89-4a49-a594-cacd4b776180@group-0E159EE4F99E-LeaderElection195] INFO  impl.RoleInfo (RoleInfo.java:shutdownLeaderElection(134)) - a8ae9c07-6d89-4a49-a594-cacd4b776180: shutdown LeaderElection
2019-11-05 08:24:00,767 [a8ae9c07-6d89-4a49-a594-cacd4b776180@group-0E159EE4F99E-LeaderElection195] INFO  impl.RoleInfo (RoleInfo.java:updateAndGet(143)) - a8ae9c07-6d89-4a49-a594-cacd4b776180: start FollowerState
2019-11-05 08:24:00,777 [Thread-1647] INFO  impl.FollowerState (FollowerState.java:run(108)) - 4a682f4f-c3f2-4b77-88b7-f0ab78890feb@group-0DB8C7688BF9-FollowerState: change to CANDIDATE, lastRpcTime:180ms, electionTimeout:180ms
2019-11-05 08:24:00,777 [Thread-1647] INFO  impl.RoleInfo (RoleInfo.java:shutdownFollowerState(121)) - 4a682f4f-c3f2-4b77-88b7-f0ab78890feb: shutdown FollowerState
2019-11-05 08:24:00,777 [Thread-1647] INFO  impl.RaftServerImpl (RaftServerImpl.java:setRole(184)) - 4a682f4f-c3f2-4b77-88b7-f0ab78890feb@group-0DB8C7688BF9: changes role from  FOLLOWER to CANDIDATE at term 95 for changeToCandidate
2019-11-05 08:24:00,777 [Thread-1647] INFO  impl.RoleInfo (RoleInfo.java:updateAndGet(143)) - 4a682f4f-c3f2-4b77-88b7-f0ab78890feb: start LeaderElection
2019-11-05 08:24:00,791 [4a682f4f-c3f2-4b77-88b7-f0ab78890feb@group-0DB8C7688BF9-LeaderElection196] INFO  impl.LeaderElection (LeaderElection.java:askForVotes(178)) - 4a682f4f-c3f2-4b77-88b7-f0ab78890feb@group-0DB8C7688BF9-LeaderElection196: begin an election at term 96 for -1: [77ab65e6-d942-49df-83a3-1d4c0bf152b3:192.168.164.217:39381, 7e1b84a9-a041-44fd-8008-f2679426984c:192.168.164.217:44149, 4a682f4f-c3f2-4b77-88b7-f0ab78890feb:192.168.164.217:34174], old=null
2019-11-05 08:24:00,793 [grpc-default-executor-3] INFO  impl.RaftServerImpl (RaftServerImpl.java:setRole(184)) - 77ab65e6-d942-49df-83a3-1d4c0bf152b3@group-0DB8C7688BF9: changes role from  FOLLOWER to FOLLOWER at term 96 for recognizeCandidate:4a682f4f-c3f2-4b77-88b7-f0ab78890feb
2019-11-05 08:24:00,793 [grpc-default-executor-3] INFO  impl.RoleInfo (RoleInfo.java:shutdownFollowerState(121)) - 77ab65e6-d942-49df-83a3-1d4c0bf152b3: shutdown FollowerState
2019-11-05 08:24:00,794 [grpc-default-executor-1] INFO  impl.RaftServerImpl (RaftServerImpl.java:setRole(184)) - 7e1b84a9-a041-44fd-8008-f2679426984c@group-0DB8C7688BF9: changes role from  FOLLOWER to FOLLOWER at term 96 for recognizeCandidate:4a682f4f-c3f2-4b77-88b7-f0ab78890feb
2019-11-05 08:24:00,794 [Thread-1644] INFO  impl.FollowerState (FollowerState.java:run(117)) - 77ab65e6-d942-49df-83a3-1d4c0bf152b3@group-0DB8C7688BF9-FollowerState was interrupted: java.lang.InterruptedException: sleep interrupted
2019-11-05 08:24:00,794 [grpc-default-executor-3] INFO  impl.RoleInfo (RoleInfo.java:updateAndGet(143)) - 77ab65e6-d942-49df-83a3-1d4c0bf152b3: start FollowerState
2019-11-05 08:24:00,794 [grpc-default-executor-1] INFO  impl.RoleInfo (RoleInfo.java:shutdownFollowerState(121)) - 7e1b84a9-a041-44fd-8008-f2679426984c: shutdown FollowerState
2019-11-05 08:24:00,794 [grpc-default-executor-1] INFO  impl.RoleInfo (RoleInfo.java:updateAndGet(143)) - 7e1b84a9-a041-44fd-8008-f2679426984c: start FollowerState
2019-11-05 08:24:00,794 [Thread-1645] INFO  impl.FollowerState (FollowerState.java:run(117)) - 7e1b84a9-a041-44fd-8008-f2679426984c@group-0DB8C7688BF9-FollowerState was interrupted: java.lang.InterruptedException: sleep interrupted
2019-11-05 08:24:00,808 [4a682f4f-c3f2-4b77-88b7-f0ab78890feb@group-0DB8C7688BF9-LeaderElection196] INFO  impl.LeaderElection (LeaderElection.java:logAndReturn(56)) - 4a682f4f-c3f2-4b77-88b7-f0ab78890feb@group-0DB8C7688BF9-LeaderElection196: Election REJECTED; received 2 response(s) [4a682f4f-c3f2-4b77-88b7-f0ab78890feb<-77ab65e6-d942-49df-83a3-1d4c0bf152b3#0:FAIL-t96, 4a682f4f-c3f2-4b77-88b7-f0ab78890feb<-7e1b84a9-a041-44fd-8008-f2679426984c#0:FAIL-t96] and 0 exception(s); 4a682f4f-c3f2-4b77-88b7-f0ab78890feb@group-0DB8C7688BF9:t96, leader=null, voted=4a682f4f-c3f2-4b77-88b7-f0ab78890feb, raftlog=4a682f4f-c3f2-4b77-88b7-f0ab78890feb@group-0DB8C7688BF9-SegmentedRaftLog:OPENED:c-1,f-1,i0, conf=-1: [77ab65e6-d942-49df-83a3-1d4c0bf152b3:192.168.164.217:39381, 7e1b84a9-a041-44fd-8008-f2679426984c:192.168.164.217:44149, 4a682f4f-c3f2-4b77-88b7-f0ab78890feb:192.168.164.217:34174], old=null
2019-11-05 08:24:00,809 [4a682f4f-c3f2-4b77-88b7-f0ab78890feb@group-0DB8C7688BF9-LeaderElection196] INFO  impl.RaftServerImpl (RaftServerImpl.java:setRole(184)) - 4a682f4f-c3f2-4b77-88b7-f0ab78890feb@group-0DB8C7688BF9: changes role from CANDIDATE to FOLLOWER at term 96 for DISCOVERED_A_NEW_TERM
2019-11-05 08:24:00,809 [4a682f4f-c3f2-4b77-88b7-f0ab78890feb@group-0DB8C7688BF9-LeaderElection196] INFO  impl.RoleInfo (RoleInfo.java:shutdownLeaderElection(134)) - 4a682f4f-c3f2-4b77-88b7-f0ab78890feb: shutdown LeaderElection
2019-11-05 08:24:00,809 [4a682f4f-c3f2-4b77-88b7-f0ab78890feb@group-0DB8C7688BF9-LeaderElection196] INFO  impl.RoleInfo (RoleInfo.java:updateAndGet(143)) - 4a682f4f-c3f2-4b77-88b7-f0ab78890feb: start FollowerState
2019-11-05 08:24:00,842 [Thread-1654] INFO  impl.FollowerState (FollowerState.java:run(108)) - a8ae9c07-6d89-4a49-a594-cacd4b776180@group-0E159EE4F99E-FollowerState: change to CANDIDATE, lastRpcTime:75ms, electionTimeout:75ms
2019-11-05 08:24:00,842 [Thread-1654] INFO  impl.RoleInfo (RoleInfo.java:shutdownFollowerState(121)) - a8ae9c07-6d89-4a49-a594-cacd4b776180: shutdown FollowerState
2019-11-05 08:24:00,843 [Thread-1654] INFO  impl.RaftServerImpl (RaftServerImpl.java:setRole(184)) - a8ae9c07-6d89-4a49-a594-cacd4b776180@group-0E159EE4F99E: changes role from  FOLLOWER to CANDIDATE at term 104 for changeToCandidate
2019-11-05 08:24:00,843 [Thread-1654] INFO  impl.RoleInfo (RoleInfo.java:updateAndGet(143)) - a8ae9c07-6d89-4a49-a594-cacd4b776180: start LeaderElection
2019-11-05 08:24:00,856 [a8ae9c07-6d89-4a49-a594-cacd4b776180@group-0E159EE4F99E-LeaderElection197] INFO  impl.LeaderElection (LeaderElection.java:askForVotes(178)) - a8ae9c07-6d89-4a49-a594-cacd4b776180@group-0E159EE4F99E-LeaderElection197: begin an election at term 105 for -1: [caafcba9-090a-41f5-a5f9-cba5a6a81e94:192.168.164.217:37197, a8ae9c07-6d89-4a49-a594-cacd4b776180:192.168.164.217:42719, b3bb9051-8089-4c51-a999-81579e5913f2:192.168.164.217:36516], old=null
2019-11-05 08:24:00,858 [grpc-default-executor-1] INFO  impl.RaftServerImpl (RaftServerImpl.java:setRole(184)) - b3bb9051-8089-4c51-a999-81579e5913f2@group-0E159EE4F99E: changes role from  FOLLOWER to FOLLOWER at term 105 for recognizeCandidate:a8ae9c07-6d89-4a49-a594-cacd4b776180
2019-11-05 08:24:00,859 [grpc-default-executor-1] INFO  impl.RoleInfo (RoleInfo.java:shutdownFollowerState(121)) - b3bb9051-8089-4c51-a999-81579e5913f2: shutdown FollowerState
2019-11-05 08:24:00,859 [grpc-default-executor-3] INFO  impl.RaftServerImpl (RaftServerImpl.java:setRole(184)) - caafcba9-090a-41f5-a5f9-cba5a6a81e94@group-0E159EE4F99E: changes role from  FOLLOWER to FOLLOWER at term 105 for recognizeCandidate:a8ae9c07-6d89-4a49-a594-cacd4b776180
2019-11-05 08:24:00,859 [grpc-default-executor-3] INFO  impl.RoleInfo (RoleInfo.java:shutdownFollowerState(121)) - caafcba9-090a-41f5-a5f9-cba5a6a81e94: shutdown FollowerState
2019-11-05 08:24:00,859 [Thread-1652] INFO  impl.FollowerState (FollowerState.java:run(117)) - b3bb9051-8089-4c51-a999-81579e5913f2@group-0E159EE4F99E-FollowerState was interrupted: java.lang.InterruptedException: sleep interrupted
2019-11-05 08:24:00,859 [grpc-default-executor-1] INFO  impl.RoleInfo (RoleInfo.java:updateAndGet(143)) - b3bb9051-8089-4c51-a999-81579e5913f2: start FollowerState
2019-11-05 08:24:00,859 [Thread-1653] INFO  impl.FollowerState (FollowerState.java:run(117)) - caafcba9-090a-41f5-a5f9-cba5a6a81e94@group-0E159EE4F99E-FollowerState was interrupted: java.lang.InterruptedException: sleep interrupted
2019-11-05 08:24:00,859 [grpc-default-executor-3] INFO  impl.RoleInfo (RoleInfo.java:updateAndGet(143)) - caafcba9-090a-41f5-a5f9-cba5a6a81e94: start FollowerState
2019-11-05 08:24:00,879 [a8ae9c07-6d89-4a49-a594-cacd4b776180@group-0E159EE4F99E-LeaderElection197] INFO  impl.LeaderElection (LeaderElection.java:logAndReturn(56)) - a8ae9c07-6d89-4a49-a594-cacd4b776180@group-0E159EE4F99E-LeaderElection197: Election REJECTED; received 2 response(s) [a8ae9c07-6d89-4a49-a594-cacd4b776180<-caafcba9-090a-41f5-a5f9-cba5a6a81e94#0:FAIL-t105, a8ae9c07-6d89-4a49-a594-cacd4b776180<-b3bb9051-8089-4c51-a999-81579e5913f2#0:FAIL-t105] and 0 exception(s); a8ae9c07-6d89-4a49-a594-cacd4b776180@group-0E159EE4F99E:t105, leader=null, voted=a8ae9c07-6d89-4a49-a594-cacd4b776180, raftlog=a8ae9c07-6d89-4a49-a594-cacd4b776180@group-0E159EE4F99E-SegmentedRaftLog:OPENED:c-1,f-1,i0, conf=-1: [caafcba9-090a-41f5-a5f9-cba5a6a81e94:192.168.164.217:37197, a8ae9c07-6d89-4a49-a594-cacd4b776180:192.168.164.217:42719, b3bb9051-8089-4c51-a999-81579e5913f2:192.168.164.217:36516], old=null
2019-11-05 08:24:00,879 [a8ae9c07-6d89-4a49-a594-cacd4b776180@group-0E159EE4F99E-LeaderElection197] INFO  impl.RaftServerImpl (RaftServerImpl.java:setRole(184)) - a8ae9c07-6d89-4a49-a594-cacd4b776180@group-0E159EE4F99E: changes role from CANDIDATE to FOLLOWER at term 105 for DISCOVERED_A_NEW_TERM
2019-11-05 08:24:00,879 [a8ae9c07-6d89-4a49-a594-cacd4b776180@group-0E159EE4F99E-LeaderElection197] INFO  impl.RoleInfo (RoleInfo.java:shutdownLeaderElection(134)) - a8ae9c07-6d89-4a49-a594-cacd4b776180: shutdown LeaderElection
2019-11-05 08:24:00,879 [a8ae9c07-6d89-4a49-a594-cacd4b776180@group-0E159EE4F99E-LeaderElection197] INFO  impl.RoleInfo (RoleInfo.java:updateAndGet(143)) - a8ae9c07-6d89-4a49-a594-cacd4b776180: start FollowerState
2019-11-05 08:24:00,884 [Thread-1666] INFO  impl.FollowerState (FollowerState.java:run(108)) - a8ae9c07-6d89-4a49-a594-cacd4b776180@group-0E159EE4F99E-FollowerState: change to CANDIDATE, lastRpcTime:4ms, electionTimeout:4ms
2019-11-05 08:24:00,884 [Thread-1666] INFO  impl.RoleInfo (RoleInfo.java:shutdownFollowerState(121)) - a8ae9c07-6d89-4a49-a594-cacd4b776180: shutdown FollowerState
2019-11-05 08:24:00,884 [Thread-1666] INFO  impl.RaftServerImpl (RaftServerImpl.java:setRole(184)) - a8ae9c07-6d89-4a49-a594-cacd4b776180@group-0E159EE4F99E: changes role from  FOLLOWER to CANDIDATE at term 105 for changeToCandidate
2019-11-05 08:24:00,884 [Thread-1666] INFO  impl.RoleInfo (RoleInfo.java:updateAndGet(143)) - a8ae9c07-6d89-4a49-a594-cacd4b776180: start LeaderElection
2019-11-05 08:24:00,898 [a8ae9c07-6d89-4a49-a594-cacd4b776180@group-0E159EE4F99E-LeaderElection198] INFO  impl.LeaderElection (LeaderElection.java:askForVotes(178)) - a8ae9c07-6d89-4a49-a594-cacd4b776180@group-0E159EE4F99E-LeaderElection198: begin an election at term 106 for -1: [caafcba9-090a-41f5-a5f9-cba5a6a81e94:192.168.164.217:37197, a8ae9c07-6d89-4a49-a594-cacd4b776180:192.168.164.217:42719, b3bb9051-8089-4c51-a999-81579e5913f2:192.168.164.217:36516], old=null
2019-11-05 08:24:00,900 [grpc-default-executor-1] INFO  impl.RaftServerImpl (RaftServerImpl.java:setRole(184)) - caafcba9-090a-41f5-a5f9-cba5a6a81e94@group-0E159EE4F99E: changes role from  FOLLOWER to FOLLOWER at term 106 for recognizeCandidate:a8ae9c07-6d89-4a49-a594-cacd4b776180
2019-11-05 08:24:00,900 [grpc-default-executor-1] INFO  impl.RoleInfo (RoleInfo.java:shutdownFollowerState(121)) - caafcba9-090a-41f5-a5f9-cba5a6a81e94: shutdown FollowerState
2019-11-05 08:24:00,900 [grpc-default-executor-1] INFO  impl.RoleInfo (RoleInfo.java:updateAndGet(143)) - caafcba9-090a-41f5-a5f9-cba5a6a81e94: start FollowerState
2019-11-05 08:24:00,900 [Thread-1665] INFO  impl.FollowerState (FollowerState.java:run(117)) - caafcba9-090a-41f5-a5f9-cba5a6a81e94@group-0E159EE4F99E-FollowerState was interrupted: java.lang.InterruptedException: sleep interrupted
2019-11-05 08:24:00,900 [grpc-default-executor-3] INFO  impl.RaftServerImpl (RaftServerImpl.java:setRole(184)) - b3bb9051-8089-4c51-a999-81579e5913f2@group-0E159EE4F99E: changes role from  FOLLOWER to FOLLOWER at term 106 for recognizeCandidate:a8ae9c07-6d89-4a49-a594-cacd4b776180
2019-11-05 08:24:00,901 [grpc-default-executor-3] INFO  impl.RoleInfo (RoleInfo.java:shutdownFollowerState(121)) - b3bb9051-8089-4c51-a999-81579e5913f2: shutdown FollowerState
2019-11-05 08:24:00,901 [grpc-default-executor-3] INFO  impl.RoleInfo (RoleInfo.java:updateAndGet(143)) - b3bb9051-8089-4c51-a999-81579e5913f2: start FollowerState
2019-11-05 08:24:00,901 [Thread-1664] INFO  impl.FollowerState (FollowerState.java:run(117)) - b3bb9051-8089-4c51-a999-81579e5913f2@group-0E159EE4F99E-FollowerState was interrupted: java.lang.InterruptedException: sleep interrupted
2019-11-05 08:24:00,914 [a8ae9c07-6d89-4a49-a594-cacd4b776180@group-0E159EE4F99E-LeaderElection198] INFO  impl.LeaderElection (LeaderElection.java:logAndReturn(56)) - a8ae9c07-6d89-4a49-a594-cacd4b776180@group-0E159EE4F99E-LeaderElection198: Election REJECTED; received 2 response(s) [a8ae9c07-6d89-4a49-a594-cacd4b776180<-caafcba9-090a-41f5-a5f9-cba5a6a81e94#0:FAIL-t106, a8ae9c07-6d89-4a49-a594-cacd4b776180<-b3bb9051-8089-4c51-a999-81579e5913f2#0:FAIL-t106] and 0 exception(s); a8ae9c07-6d89-4a49-a594-cacd4b776180@group-0E159EE4F99E:t106, leader=null, voted=a8ae9c07-6d89-4a49-a594-cacd4b776180, raftlog=a8ae9c07-6d89-4a49-a594-cacd4b776180@group-0E159EE4F99E-SegmentedRaftLog:OPENED:c-1,f-1,i0, conf=-1: [caafcba9-090a-41f5-a5f9-cba5a6a81e94:192.168.164.217:37197, a8ae9c07-6d89-4a49-a594-cacd4b776180:192.168.164.217:42719, b3bb9051-8089-4c51-a999-81579e5913f2:192.168.164.217:36516], old=null
2019-11-05 08:24:00,915 [a8ae9c07-6d89-4a49-a594-cacd4b776180@group-0E159EE4F99E-LeaderElection198] INFO  impl.RaftServerImpl (RaftServerImpl.java:setRole(184)) - a8ae9c07-6d89-4a49-a594-cacd4b776180@group-0E159EE4F99E: changes role from CANDIDATE to FOLLOWER at term 106 for DISCOVERED_A_NEW_TERM
2019-11-05 08:24:00,915 [a8ae9c07-6d89-4a49-a594-cacd4b776180@group-0E159EE4F99E-LeaderElection198] INFO  impl.RoleInfo (RoleInfo.java:shutdownLeaderElection(134)) - a8ae9c07-6d89-4a49-a594-cacd4b776180: shutdown LeaderElection
2019-11-05 08:24:00,915 [a8ae9c07-6d89-4a49-a594-cacd4b776180@group-0E159EE4F99E-LeaderElection198] INFO  impl.RoleInfo (RoleInfo.java:updateAndGet(143)) - a8ae9c07-6d89-4a49-a594-cacd4b776180: start FollowerState
2019-11-05 08:24:00,992 [Thread-1660] INFO  impl.FollowerState (FollowerState.java:run(108)) - 4a682f4f-c3f2-4b77-88b7-f0ab78890feb@group-0DB8C7688BF9-FollowerState: change to CANDIDATE, lastRpcTime:183ms, electionTimeout:183ms
2019-11-05 08:24:00,993 [Thread-1660] INFO  impl.RoleInfo (RoleInfo.java:shutdownFollowerState(121)) - 4a682f4f-c3f2-4b77-88b7-f0ab78890feb: shutdown FollowerState
2019-11-05 08:24:00,993 [Thread-1660] INFO  impl.RaftServerImpl (RaftServerImpl.java:setRole(184)) - 4a682f4f-c3f2-4b77-88b7-f0ab78890feb@group-0DB8C7688BF9: changes role from  FOLLOWER to CANDIDATE at term 96 for changeToCandidate
2019-11-05 08:24:00,993 [Thread-1660] INFO  impl.RoleInfo (RoleInfo.java:updateAndGet(143)) - 4a682f4f-c3f2-4b77-88b7-f0ab78890feb: start LeaderElection
2019-11-05 08:24:01,007 [4a682f4f-c3f2-4b77-88b7-f0ab78890feb@group-0DB8C7688BF9-LeaderElection199] INFO  impl.LeaderElection (LeaderElection.java:askForVotes(178)) - 4a682f4f-c3f2-4b77-88b7-f0ab78890feb@group-0DB8C7688BF9-LeaderElection199: begin an election at term 97 for -1: [77ab65e6-d942-49df-83a3-1d4c0bf152b3:192.168.164.217:39381, 7e1b84a9-a041-44fd-8008-f2679426984c:192.168.164.217:44149, 4a682f4f-c3f2-4b77-88b7-f0ab78890feb:192.168.164.217:34174], old=null
2019-11-05 08:24:01,008 [Thread-1672] INFO  impl.FollowerState (FollowerState.java:run(108)) - a8ae9c07-6d89-4a49-a594-cacd4b776180@group-0E159EE4F99E-FollowerState: change to CANDIDATE, lastRpcTime:93ms, electionTimeout:93ms
2019-11-05 08:24:01,008 [Thread-1672] INFO  impl.RoleInfo (RoleInfo.java:shutdownFollowerState(121)) - a8ae9c07-6d89-4a49-a594-cacd4b776180: shutdown FollowerState
2019-11-05 08:24:01,008 [Thread-1672] INFO  impl.RaftServerImpl (RaftServerImpl.java:setRole(184)) - a8ae9c07-6d89-4a49-a594-cacd4b776180@group-0E159EE4F99E: changes role from  FOLLOWER to CANDIDATE at term 106 for changeToCandidate
2019-11-05 08:24:01,009 [Thread-1672] INFO  impl.RoleInfo (RoleInfo.java:updateAndGet(143)) - a8ae9c07-6d89-4a49-a594-cacd4b776180: start LeaderElection
2019-11-05 08:24:01,010 [grpc-default-executor-1] INFO  impl.RaftServerImpl (RaftServerImpl.java:setRole(184)) - 7e1b84a9-a041-44fd-8008-f2679426984c@group-0DB8C7688BF9: changes role from  FOLLOWER to FOLLOWER at term 97 for recognizeCandidate:4a682f4f-c3f2-4b77-88b7-f0ab78890feb
2019-11-05 08:24:01,010 [grpc-default-executor-1] INFO  impl.RoleInfo (RoleInfo.java:shutdownFollowerState(121)) - 7e1b84a9-a041-44fd-8008-f2679426984c: shutdown FollowerState
2019-11-05 08:24:01,010 [grpc-default-executor-3] INFO  impl.RaftServerImpl (RaftServerImpl.java:setRole(184)) - 77ab65e6-d942-49df-83a3-1d4c0bf152b3@group-0DB8C7688BF9: changes role from  FOLLOWER to FOLLOWER at term 97 for recognizeCandidate:4a682f4f-c3f2-4b77-88b7-f0ab78890feb
2019-11-05 08:24:01,011 [grpc-default-executor-3] INFO  impl.RoleInfo (RoleInfo.java:shutdownFollowerState(121)) - 77ab65e6-d942-49df-83a3-1d4c0bf152b3: shutdown FollowerState
2019-11-05 08:24:01,011 [Thread-1659] INFO  impl.FollowerState (FollowerState.java:run(117)) - 7e1b84a9-a041-44fd-8008-f2679426984c@group-0DB8C7688BF9-FollowerState was interrupted: java.lang.InterruptedException: sleep interrupted
2019-11-05 08:24:01,010 [grpc-default-executor-1] INFO  impl.RoleInfo (RoleInfo.java:updateAndGet(143)) - 7e1b84a9-a041-44fd-8008-f2679426984c: start FollowerState
2019-11-05 08:24:01,011 [Thread-1658] INFO  impl.FollowerState (FollowerState.java:run(117)) - 77ab65e6-d942-49df-83a3-1d4c0bf152b3@group-0DB8C7688BF9-FollowerState was interrupted: java.lang.InterruptedException: sleep interrupted
2019-11-05 08:24:01,011 [grpc-default-executor-3] INFO  impl.RoleInfo (RoleInfo.java:updateAndGet(143)) - 77ab65e6-d942-49df-83a3-1d4c0bf152b3: start FollowerState
2019-11-05 08:24:01,023 [a8ae9c07-6d89-4a49-a594-cacd4b776180@group-0E159EE4F99E-LeaderElection200] INFO  impl.LeaderElection (LeaderElection.java:askForVotes(178)) - a8ae9c07-6d89-4a49-a594-cacd4b776180@group-0E159EE4F99E-LeaderElection200: begin an election at term 107 for -1: [caafcba9-090a-41f5-a5f9-cba5a6a81e94:192.168.164.217:37197, a8ae9c07-6d89-4a49-a594-cacd4b776180:192.168.164.217:42719, b3bb9051-8089-4c51-a999-81579e5913f2:192.168.164.217:36516], old=null
2019-11-05 08:24:01,024 [4a682f4f-c3f2-4b77-88b7-f0ab78890feb@group-0DB8C7688BF9-LeaderElection199] INFO  impl.LeaderElection (LeaderElection.java:logAndReturn(56)) - 4a682f4f-c3f2-4b77-88b7-f0ab78890feb@group-0DB8C7688BF9-LeaderElection199: Election REJECTED; received 2 response(s) [4a682f4f-c3f2-4b77-88b7-f0ab78890feb<-77ab65e6-d942-49df-83a3-1d4c0bf152b3#0:FAIL-t97, 4a682f4f-c3f2-4b77-88b7-f0ab78890feb<-7e1b84a9-a041-44fd-8008-f2679426984c#0:FAIL-t97] and 0 exception(s); 4a682f4f-c3f2-4b77-88b7-f0ab78890feb@group-0DB8C7688BF9:t97, leader=null, voted=4a682f4f-c3f2-4b77-88b7-f0ab78890feb, raftlog=4a682f4f-c3f2-4b77-88b7-f0ab78890feb@group-0DB8C7688BF9-SegmentedRaftLog:OPENED:c-1,f-1,i0, conf=-1: [77ab65e6-d942-49df-83a3-1d4c0bf152b3:192.168.164.217:39381, 7e1b84a9-a041-44fd-8008-f2679426984c:192.168.164.217:44149, 4a682f4f-c3f2-4b77-88b7-f0ab78890feb:192.168.164.217:34174], old=null
2019-11-05 08:24:01,024 [4a682f4f-c3f2-4b77-88b7-f0ab78890feb@group-0DB8C7688BF9-LeaderElection199] INFO  impl.RaftServerImpl (RaftServerImpl.java:setRole(184)) - 4a682f4f-c3f2-4b77-88b7-f0ab78890feb@group-0DB8C7688BF9: changes role from CANDIDATE to FOLLOWER at term 97 for DISCOVERED_A_NEW_TERM
2019-11-05 08:24:01,024 [4a682f4f-c3f2-4b77-88b7-f0ab78890feb@group-0DB8C7688BF9-LeaderElection199] INFO  impl.RoleInfo (RoleInfo.java:shutdownLeaderElection(134)) - 4a682f4f-c3f2-4b77-88b7-f0ab78890feb: shutdown LeaderElection
2019-11-05 08:24:01,024 [4a682f4f-c3f2-4b77-88b7-f0ab78890feb@group-0DB8C7688BF9-LeaderElection199] INFO  impl.RoleInfo (RoleInfo.java:updateAndGet(143)) - 4a682f4f-c3f2-4b77-88b7-f0ab78890feb: start FollowerState
2019-11-05 08:24:01,025 [grpc-default-executor-3] INFO  impl.RaftServerImpl (RaftServerImpl.java:setRole(184)) - caafcba9-090a-41f5-a5f9-cba5a6a81e94@group-0E159EE4F99E: changes role from  FOLLOWER to FOLLOWER at term 107 for recognizeCandidate:a8ae9c07-6d89-4a49-a594-cacd4b776180
2019-11-05 08:24:01,025 [grpc-default-executor-3] INFO  impl.RoleInfo (RoleInfo.java:shutdownFollowerState(121)) - caafcba9-090a-41f5-a5f9-cba5a6a81e94: shutdown FollowerState
2019-11-05 08:24:01,025 [grpc-default-executor-3] INFO  impl.RoleInfo (RoleInfo.java:updateAndGet(143)) - caafcba9-090a-41f5-a5f9-cba5a6a81e94: start FollowerState
2019-11-05 08:24:01,025 [Thread-1670] INFO  impl.FollowerState (FollowerState.java:run(117)) - caafcba9-090a-41f5-a5f9-cba5a6a81e94@group-0E159EE4F99E-FollowerState was interrupted: java.lang.InterruptedException: sleep interrupted
2019-11-05 08:24:01,025 [grpc-default-executor-1] INFO  impl.RaftServerImpl (RaftServerImpl.java:setRole(184)) - b3bb9051-8089-4c51-a999-81579e5913f2@group-0E159EE4F99E: changes role from  FOLLOWER to FOLLOWER at term 107 for recognizeCandidate:a8ae9c07-6d89-4a49-a594-cacd4b776180
2019-11-05 08:24:01,026 [grpc-default-executor-1] INFO  impl.RoleInfo (RoleInfo.java:shutdownFollowerState(121)) - b3bb9051-8089-4c51-a999-81579e5913f2: shutdown FollowerState
2019-11-05 08:24:01,026 [grpc-default-executor-1] INFO  impl.RoleInfo (RoleInfo.java:updateAndGet(143)) - b3bb9051-8089-4c51-a999-81579e5913f2: start FollowerState
2019-11-05 08:24:01,026 [Thread-1671] INFO  impl.FollowerState (FollowerState.java:run(117)) - b3bb9051-8089-4c51-a999-81579e5913f2@group-0E159EE4F99E-FollowerState was interrupted: java.lang.InterruptedException: sleep interrupted
2019-11-05 08:24:01,040 [a8ae9c07-6d89-4a49-a594-cacd4b776180@group-0E159EE4F99E-LeaderElection200] INFO  impl.LeaderElection (LeaderElection.java:logAndReturn(56)) - a8ae9c07-6d89-4a49-a594-cacd4b776180@group-0E159EE4F99E-LeaderElection200: Election REJECTED; received 2 response(s) [a8ae9c07-6d89-4a49-a594-cacd4b776180<-caafcba9-090a-41f5-a5f9-cba5a6a81e94#0:FAIL-t107, a8ae9c07-6d89-4a49-a594-cacd4b776180<-b3bb9051-8089-4c51-a999-81579e5913f2#0:FAIL-t107] and 0 exception(s); a8ae9c07-6d89-4a49-a594-cacd4b776180@group-0E159EE4F99E:t107, leader=null, voted=a8ae9c07-6d89-4a49-a594-cacd4b776180, raftlog=a8ae9c07-6d89-4a49-a594-cacd4b776180@group-0E159EE4F99E-SegmentedRaftLog:OPENED:c-1,f-1,i0, conf=-1: [caafcba9-090a-41f5-a5f9-cba5a6a81e94:192.168.164.217:37197, a8ae9c07-6d89-4a49-a594-cacd4b776180:192.168.164.217:42719, b3bb9051-8089-4c51-a999-81579e5913f2:192.168.164.217:36516], old=null
2019-11-05 08:24:01,040 [a8ae9c07-6d89-4a49-a594-cacd4b776180@group-0E159EE4F99E-LeaderElection200] INFO  impl.RaftServerImpl (RaftServerImpl.java:setRole(184)) - a8ae9c07-6d89-4a49-a594-cacd4b776180@group-0E159EE4F99E: changes role from CANDIDATE to FOLLOWER at term 107 for DISCOVERED_A_NEW_TERM
2019-11-05 08:24:01,040 [a8ae9c07-6d89-4a49-a594-cacd4b776180@group-0E159EE4F99E-LeaderElection200] INFO  impl.RoleInfo (RoleInfo.java:shutdownLeaderElection(134)) - a8ae9c07-6d89-4a49-a594-cacd4b776180: shutdown LeaderElection
2019-11-05 08:24:01,040 [a8ae9c07-6d89-4a49-a594-cacd4b776180@group-0E159EE4F99E-LeaderElection200] INFO  impl.RoleInfo (RoleInfo.java:updateAndGet(143)) - a8ae9c07-6d89-4a49-a594-cacd4b776180: start FollowerState
2019-11-05 08:24:01,198 [Thread-1684] INFO  impl.FollowerState (FollowerState.java:run(108)) - a8ae9c07-6d89-4a49-a594-cacd4b776180@group-0E159EE4F99E-FollowerState: change to CANDIDATE, lastRpcTime:158ms, electionTimeout:158ms
2019-11-05 08:24:01,198 [Thread-1684] INFO  impl.RoleInfo (RoleInfo.java:shutdownFollowerState(121)) - a8ae9c07-6d89-4a49-a594-cacd4b776180: shutdown FollowerState
2019-11-05 08:24:01,199 [Thread-1684] INFO  impl.RaftServerImpl (RaftServerImpl.java:setRole(184)) - a8ae9c07-6d89-4a49-a594-cacd4b776180@group-0E159EE4F99E: changes role from  FOLLOWER to CANDIDATE at term 107 for changeToCandidate
2019-11-05 08:24:01,199 [Thread-1684] INFO  impl.RoleInfo (RoleInfo.java:updateAndGet(143)) - a8ae9c07-6d89-4a49-a594-cacd4b776180: start LeaderElection
2019-11-05 08:24:01,213 [a8ae9c07-6d89-4a49-a594-cacd4b776180@group-0E159EE4F99E-LeaderElection201] INFO  impl.LeaderElection (LeaderElection.java:askForVotes(178)) - a8ae9c07-6d89-4a49-a594-cacd4b776180@group-0E159EE4F99E-LeaderElection201: begin an election at term 108 for -1: [caafcba9-090a-41f5-a5f9-cba5a6a81e94:192.168.164.217:37197, a8ae9c07-6d89-4a49-a594-cacd4b776180:192.168.164.217:42719, b3bb9051-8089-4c51-a999-81579e5913f2:192.168.164.217:36516], old=null
2019-11-05 08:24:01,215 [grpc-default-executor-3] INFO  impl.RaftServerImpl (RaftServerImpl.java:setRole(184)) - caafcba9-090a-41f5-a5f9-cba5a6a81e94@group-0E159EE4F99E: changes role from  FOLLOWER to FOLLOWER at term 108 for recognizeCandidate:a8ae9c07-6d89-4a49-a594-cacd4b776180
2019-11-05 08:24:01,215 [grpc-default-executor-3] INFO  impl.RoleInfo (RoleInfo.java:shutdownFollowerState(121)) - caafcba9-090a-41f5-a5f9-cba5a6a81e94: shutdown FollowerState
2019-11-05 08:24:01,216 [grpc-default-executor-1] INFO  impl.RaftServerImpl (RaftServerImpl.java:setRole(184)) - b3bb9051-8089-4c51-a999-81579e5913f2@group-0E159EE4F99E: changes role from  FOLLOWER to FOLLOWER at term 108 for recognizeCandidate:a8ae9c07-6d89-4a49-a594-cacd4b776180
2019-11-05 08:24:01,216 [grpc-default-executor-3] INFO  impl.RoleInfo (RoleInfo.java:updateAndGet(143)) - caafcba9-090a-41f5-a5f9-cba5a6a81e94: start FollowerState
2019-11-05 08:24:01,216 [grpc-default-executor-1] INFO  impl.RoleInfo (RoleInfo.java:shutdownFollowerState(121)) - b3bb9051-8089-4c51-a999-81579e5913f2: shutdown FollowerState
2019-11-05 08:24:01,216 [Thread-1682] INFO  impl.FollowerState (FollowerState.java:run(117)) - caafcba9-090a-41f5-a5f9-cba5a6a81e94@group-0E159EE4F99E-FollowerState was interrupted: java.lang.InterruptedException: sleep interrupted
2019-11-05 08:24:01,216 [grpc-default-executor-1] INFO  impl.RoleInfo (RoleInfo.java:updateAndGet(143)) - b3bb9051-8089-4c51-a999-81579e5913f2: start FollowerState
2019-11-05 08:24:01,216 [Thread-1683] INFO  impl.FollowerState (FollowerState.java:run(117)) - b3bb9051-8089-4c51-a999-81579e5913f2@group-0E159EE4F99E-FollowerState was interrupted: java.lang.InterruptedException: sleep interrupted
2019-11-05 08:24:01,222 [Thread-1681] INFO  impl.FollowerState (FollowerState.java:run(108)) - 4a682f4f-c3f2-4b77-88b7-f0ab78890feb@group-0DB8C7688BF9-FollowerState: change to CANDIDATE, lastRpcTime:197ms, electionTimeout:197ms
2019-11-05 08:24:01,222 [Thread-1681] INFO  impl.RoleInfo (RoleInfo.java:shutdownFollowerState(121)) - 4a682f4f-c3f2-4b77-88b7-f0ab78890feb: shutdown FollowerState
2019-11-05 08:24:01,222 [Thread-1681] INFO  impl.RaftServerImpl (RaftServerImpl.java:setRole(184)) - 4a682f4f-c3f2-4b77-88b7-f0ab78890feb@group-0DB8C7688BF9: changes role from  FOLLOWER to CANDIDATE at term 97 for changeToCandidate
2019-11-05 08:24:01,222 [Thread-1681] INFO  impl.RoleInfo (RoleInfo.java:updateAndGet(143)) - 4a682f4f-c3f2-4b77-88b7-f0ab78890feb: start LeaderElection
2019-11-05 08:24:01,229 [4a682f4f-c3f2-4b77-88b7-f0ab78890feb@group-0DB8C7688BF9-LeaderElection202] INFO  impl.LeaderElection (LeaderElection.java:askForVotes(178)) - 4a682f4f-c3f2-4b77-88b7-f0ab78890feb@group-0DB8C7688BF9-LeaderElection202: begin an election at term 98 for -1: [77ab65e6-d942-49df-83a3-1d4c0bf152b3:192.168.164.217:39381, 7e1b84a9-a041-44fd-8008-f2679426984c:192.168.164.217:44149, 4a682f4f-c3f2-4b77-88b7-f0ab78890feb:192.168.164.217:34174], old=null
2019-11-05 08:24:01,230 [a8ae9c07-6d89-4a49-a594-cacd4b776180@group-0E159EE4F99E-LeaderElection201] INFO  impl.LeaderElection (LeaderElection.java:logAndReturn(56)) - a8ae9c07-6d89-4a49-a594-cacd4b776180@group-0E159EE4F99E-LeaderElection201: Election REJECTED; received 2 response(s) [a8ae9c07-6d89-4a49-a594-cacd4b776180<-caafcba9-090a-41f5-a5f9-cba5a6a81e94#0:FAIL-t108, a8ae9c07-6d89-4a49-a594-cacd4b776180<-b3bb9051-8089-4c51-a999-81579e5913f2#0:FAIL-t108] and 0 exception(s); a8ae9c07-6d89-4a49-a594-cacd4b776180@group-0E159EE4F99E:t108, leader=null, voted=a8ae9c07-6d89-4a49-a594-cacd4b776180, raftlog=a8ae9c07-6d89-4a49-a594-cacd4b776180@group-0E159EE4F99E-SegmentedRaftLog:OPENED:c-1,f-1,i0, conf=-1: [caafcba9-090a-41f5-a5f9-cba5a6a81e94:192.168.164.217:37197, a8ae9c07-6d89-4a49-a594-cacd4b776180:192.168.164.217:42719, b3bb9051-8089-4c51-a999-81579e5913f2:192.168.164.217:36516], old=null
2019-11-05 08:24:01,230 [a8ae9c07-6d89-4a49-a594-cacd4b776180@group-0E159EE4F99E-LeaderElection201] INFO  impl.RaftServerImpl (RaftServerImpl.java:setRole(184)) - a8ae9c07-6d89-4a49-a594-cacd4b776180@group-0E159EE4F99E: changes role from CANDIDATE to FOLLOWER at term 108 for DISCOVERED_A_NEW_TERM
2019-11-05 08:24:01,230 [a8ae9c07-6d89-4a49-a594-cacd4b776180@group-0E159EE4F99E-LeaderElection201] INFO  impl.RoleInfo (RoleInfo.java:shutdownLeaderElection(134)) - a8ae9c07-6d89-4a49-a594-cacd4b776180: shutdown LeaderElection
2019-11-05 08:24:01,230 [a8ae9c07-6d89-4a49-a594-cacd4b776180@group-0E159EE4F99E-LeaderElection201] INFO  impl.RoleInfo (RoleInfo.java:updateAndGet(143)) - a8ae9c07-6d89-4a49-a594-cacd4b776180: start FollowerState
2019-11-05 08:24:01,232 [grpc-default-executor-3] INFO  impl.RaftServerImpl (RaftServerImpl.java:setRole(184)) - 77ab65e6-d942-49df-83a3-1d4c0bf152b3@group-0DB8C7688BF9: changes role from  FOLLOWER to FOLLOWER at term 98 for recognizeCandidate:4a682f4f-c3f2-4b77-88b7-f0ab78890feb
2019-11-05 08:24:01,232 [grpc-default-executor-3] INFO  impl.RoleInfo (RoleInfo.java:shutdownFollowerState(121)) - 77ab65e6-d942-49df-83a3-1d4c0bf152b3: shutdown FollowerState
2019-11-05 08:24:01,232 [grpc-default-executor-3] INFO  impl.RoleInfo (RoleInfo.java:updateAndGet(143)) - 77ab65e6-d942-49df-83a3-1d4c0bf152b3: start FollowerState
2019-11-05 08:24:01,232 [grpc-default-executor-1] INFO  impl.RaftServerImpl (RaftServerImpl.java:setRole(184)) - 7e1b84a9-a041-44fd-8008-f2679426984c@group-0DB8C7688BF9: changes role from  FOLLOWER to FOLLOWER at term 98 for recognizeCandidate:4a682f4f-c3f2-4b77-88b7-f0ab78890feb
2019-11-05 08:24:01,232 [Thread-1678] INFO  impl.FollowerState (FollowerState.java:run(117)) - 77ab65e6-d942-49df-83a3-1d4c0bf152b3@group-0DB8C7688BF9-FollowerState was interrupted: java.lang.InterruptedException: sleep interrupted
2019-11-05 08:24:01,232 [grpc-default-executor-1] INFO  impl.RoleInfo (RoleInfo.java:shutdownFollowerState(121)) - 7e1b84a9-a041-44fd-8008-f2679426984c: shutdown FollowerState
2019-11-05 08:24:01,233 [grpc-default-executor-1] INFO  impl.RoleInfo (RoleInfo.java:updateAndGet(143)) - 7e1b84a9-a041-44fd-8008-f2679426984c: start FollowerState
2019-11-05 08:24:01,233 [Thread-1677] INFO  impl.FollowerState (FollowerState.java:run(117)) - 7e1b84a9-a041-44fd-8008-f2679426984c@group-0DB8C7688BF9-FollowerState was interrupted: java.lang.InterruptedException: sleep interrupted
2019-11-05 08:24:01,246 [4a682f4f-c3f2-4b77-88b7-f0ab78890feb@group-0DB8C7688BF9-LeaderElection202] INFO  impl.LeaderElection (LeaderElection.java:logAndReturn(56)) - 4a682f4f-c3f2-4b77-88b7-f0ab78890feb@group-0DB8C7688BF9-LeaderElection202: Election REJECTED; received 2 response(s) [4a682f4f-c3f2-4b77-88b7-f0ab78890feb<-77ab65e6-d942-49df-83a3-1d4c0bf152b3#0:FAIL-t98, 4a682f4f-c3f2-4b77-88b7-f0ab78890feb<-7e1b84a9-a041-44fd-8008-f2679426984c#0:FAIL-t98] and 0 exception(s); 4a682f4f-c3f2-4b77-88b7-f0ab78890feb@group-0DB8C7688BF9:t98, leader=null, voted=4a682f4f-c3f2-4b77-88b7-f0ab78890feb, raftlog=4a682f4f-c3f2-4b77-88b7-f0ab78890feb@group-0DB8C7688BF9-SegmentedRaftLog:OPENED:c-1,f-1,i0, conf=-1: [77ab65e6-d942-49df-83a3-1d4c0bf152b3:192.168.164.217:39381, 7e1b84a9-a041-44fd-8008-f2679426984c:192.168.164.217:44149, 4a682f4f-c3f2-4b77-88b7-f0ab78890feb:192.168.164.217:34174], old=null
2019-11-05 08:24:01,246 [4a682f4f-c3f2-4b77-88b7-f0ab78890feb@group-0DB8C7688BF9-LeaderElection202] INFO  impl.RaftServerImpl (RaftServerImpl.java:setRole(184)) - 4a682f4f-c3f2-4b77-88b7-f0ab78890feb@group-0DB8C7688BF9: changes role from CANDIDATE to FOLLOWER at term 98 for DISCOVERED_A_NEW_TERM
2019-11-05 08:24:01,246 [4a682f4f-c3f2-4b77-88b7-f0ab78890feb@group-0DB8C7688BF9-LeaderElection202] INFO  impl.RoleInfo (RoleInfo.java:shutdownLeaderElection(134)) - 4a682f4f-c3f2-4b77-88b7-f0ab78890feb: shutdown LeaderElection
2019-11-05 08:24:01,247 [4a682f4f-c3f2-4b77-88b7-f0ab78890feb@group-0DB8C7688BF9-LeaderElection202] INFO  impl.RoleInfo (RoleInfo.java:updateAndGet(143)) - 4a682f4f-c3f2-4b77-88b7-f0ab78890feb: start FollowerState
2019-11-05 08:24:01,353 [Thread-1697] INFO  impl.FollowerState (FollowerState.java:run(108)) - a8ae9c07-6d89-4a49-a594-cacd4b776180@group-0E159EE4F99E-FollowerState: change to CANDIDATE, lastRpcTime:122ms, electionTimeout:122ms
2019-11-05 08:24:01,353 [Thread-1697] INFO  impl.RoleInfo (RoleInfo.java:shutdownFollowerState(121)) - a8ae9c07-6d89-4a49-a594-cacd4b776180: shutdown FollowerState
2019-11-05 08:24:01,353 [Thread-1697] INFO  impl.RaftServerImpl (RaftServerImpl.java:setRole(184)) - a8ae9c07-6d89-4a49-a594-cacd4b776180@group-0E159EE4F99E: changes role from  FOLLOWER to CANDIDATE at term 108 for changeToCandidate
2019-11-05 08:24:01,353 [Thread-1697] INFO  impl.RoleInfo (RoleInfo.java:updateAndGet(143)) - a8ae9c07-6d89-4a49-a594-cacd4b776180: start LeaderElection
2019-11-05 08:24:01,364 [Thread-1700] INFO  impl.FollowerState (FollowerState.java:run(108)) - 4a682f4f-c3f2-4b77-88b7-f0ab78890feb@group-0DB8C7688BF9-FollowerState: change to CANDIDATE, lastRpcTime:117ms, electionTimeout:117ms
2019-11-05 08:24:01,364 [Thread-1700] INFO  impl.RoleInfo (RoleInfo.java:shutdownFollowerState(121)) - 4a682f4f-c3f2-4b77-88b7-f0ab78890feb: shutdown FollowerState
2019-11-05 08:24:01,364 [Thread-1700] INFO  impl.RaftServerImpl (RaftServerImpl.java:setRole(184)) - 4a682f4f-c3f2-4b77-88b7-f0ab78890feb@group-0DB8C7688BF9: changes role from  FOLLOWER to CANDIDATE at term 98 for changeToCandidate
2019-11-05 08:24:01,364 [Thread-1700] INFO  impl.RoleInfo (RoleInfo.java:updateAndGet(143)) - 4a682f4f-c3f2-4b77-88b7-f0ab78890feb: start LeaderElection
2019-11-05 08:24:01,367 [a8ae9c07-6d89-4a49-a594-cacd4b776180@group-0E159EE4F99E-LeaderElection203] INFO  impl.LeaderElection (LeaderElection.java:askForVotes(178)) - a8ae9c07-6d89-4a49-a594-cacd4b776180@group-0E159EE4F99E-LeaderElection203: begin an election at term 109 for -1: [caafcba9-090a-41f5-a5f9-cba5a6a81e94:192.168.164.217:37197, a8ae9c07-6d89-4a49-a594-cacd4b776180:192.168.164.217:42719, b3bb9051-8089-4c51-a999-81579e5913f2:192.168.164.217:36516], old=null
2019-11-05 08:24:01,369 [4a682f4f-c3f2-4b77-88b7-f0ab78890feb@group-0DB8C7688BF9-LeaderElection204] INFO  impl.LeaderElection (LeaderElection.java:askForVotes(178)) - 4a682f4f-c3f2-4b77-88b7-f0ab78890feb@group-0DB8C7688BF9-LeaderElection204: begin an election at term 99 for -1: [77ab65e6-d942-49df-83a3-1d4c0bf152b3:192.168.164.217:39381, 7e1b84a9-a041-44fd-8008-f2679426984c:192.168.164.217:44149, 4a682f4f-c3f2-4b77-88b7-f0ab78890feb:192.168.164.217:34174], old=null
2019-11-05 08:24:01,370 [grpc-default-executor-1] INFO  impl.RaftServerImpl (RaftServerImpl.java:setRole(184)) - caafcba9-090a-41f5-a5f9-cba5a6a81e94@group-0E159EE4F99E: changes role from  FOLLOWER to FOLLOWER at term 109 for recognizeCandidate:a8ae9c07-6d89-4a49-a594-cacd4b776180
2019-11-05 08:24:01,370 [grpc-default-executor-1] INFO  impl.RoleInfo (RoleInfo.java:shutdownFollowerState(121)) - caafcba9-090a-41f5-a5f9-cba5a6a81e94: shutdown FollowerState
2019-11-05 08:24:01,370 [grpc-default-executor-1] INFO  impl.RoleInfo (RoleInfo.java:updateAndGet(143)) - caafcba9-090a-41f5-a5f9-cba5a6a81e94: start FollowerState
2019-11-05 08:24:01,370 [Thread-1692] INFO  impl.FollowerState (FollowerState.java:run(117)) - caafcba9-090a-41f5-a5f9-cba5a6a81e94@group-0E159EE4F99E-FollowerState was interrupted: java.lang.InterruptedException: sleep interrupted
2019-11-05 08:24:01,371 [grpc-default-executor-3] INFO  impl.RaftServerImpl (RaftServerImpl.java:setRole(184)) - b3bb9051-8089-4c51-a999-81579e5913f2@group-0E159EE4F99E: changes role from  FOLLOWER to FOLLOWER at term 109 for recognizeCandidate:a8ae9c07-6d89-4a49-a594-cacd4b776180
2019-11-05 08:24:01,371 [grpc-default-executor-3] INFO  impl.RoleInfo (RoleInfo.java:shutdownFollowerState(121)) - b3bb9051-8089-4c51-a999-81579e5913f2: shutdown FollowerState
2019-11-05 08:24:01,371 [grpc-default-executor-3] INFO  impl.RoleInfo (RoleInfo.java:updateAndGet(143)) - b3bb9051-8089-4c51-a999-81579e5913f2: start FollowerState
2019-11-05 08:24:01,371 [Thread-1693] INFO  impl.FollowerState (FollowerState.java:run(117)) - b3bb9051-8089-4c51-a999-81579e5913f2@group-0E159EE4F99E-FollowerState was interrupted: java.lang.InterruptedException: sleep interrupted
2019-11-05 08:24:01,372 [grpc-default-executor-4] INFO  impl.RaftServerImpl (RaftServerImpl.java:setRole(184)) - 77ab65e6-d942-49df-83a3-1d4c0bf152b3@group-0DB8C7688BF9: changes role from  FOLLOWER to FOLLOWER at term 99 for recognizeCandidate:4a682f4f-c3f2-4b77-88b7-f0ab78890feb
2019-11-05 08:24:01,372 [grpc-default-executor-4] INFO  impl.RoleInfo (RoleInfo.java:shutdownFollowerState(121)) - 77ab65e6-d942-49df-83a3-1d4c0bf152b3: shutdown FollowerState
2019-11-05 08:24:01,372 [grpc-default-executor-5] INFO  impl.RaftServerImpl (RaftServerImpl.java:setRole(184)) - 7e1b84a9-a041-44fd-8008-f2679426984c@group-0DB8C7688BF9: changes role from  FOLLOWER to FOLLOWER at term 99 for recognizeCandidate:4a682f4f-c3f2-4b77-88b7-f0ab78890feb
2019-11-05 08:24:01,372 [Thread-1698] INFO  impl.FollowerState (FollowerState.java:run(117)) - 77ab65e6-d942-49df-83a3-1d4c0bf152b3@group-0DB8C7688BF9-FollowerState was interrupted: java.lang.InterruptedException: sleep interrupted
2019-11-05 08:24:01,372 [grpc-default-executor-4] INFO  impl.RoleInfo (RoleInfo.java:updateAndGet(143)) - 77ab65e6-d942-49df-83a3-1d4c0bf152b3: start FollowerState
2019-11-05 08:24:01,372 [grpc-default-executor-5] INFO  impl.RoleInfo (RoleInfo.java:shutdownFollowerState(121)) - 7e1b84a9-a041-44fd-8008-f2679426984c: shutdown FollowerState
2019-11-05 08:24:01,373 [grpc-default-executor-5] INFO  impl.RoleInfo (RoleInfo.java:updateAndGet(143)) - 7e1b84a9-a041-44fd-8008-f2679426984c: start FollowerState
2019-11-05 08:24:01,373 [Thread-1699] INFO  impl.FollowerState (FollowerState.java:run(117)) - 7e1b84a9-a041-44fd-8008-f2679426984c@group-0DB8C7688BF9-FollowerState was interrupted: java.lang.InterruptedException: sleep interrupted
2019-11-05 08:24:01,379 [4a682f4f-c3f2-4b77-88b7-f0ab78890feb@group-0DB8C7688BF9-LeaderElection204] INFO  impl.LeaderElection (LeaderElection.java:logAndReturn(56)) - 4a682f4f-c3f2-4b77-88b7-f0ab78890feb@group-0DB8C7688BF9-LeaderElection204: Election TIMEOUT; received 0 response(s) [] and 0 exception(s); 4a682f4f-c3f2-4b77-88b7-f0ab78890feb@group-0DB8C7688BF9:t99, leader=null, voted=4a682f4f-c3f2-4b77-88b7-f0ab78890feb, raftlog=4a682f4f-c3f2-4b77-88b7-f0ab78890feb@group-0DB8C7688BF9-SegmentedRaftLog:OPENED:c-1,f-1,i0, conf=-1: [77ab65e6-d942-49df-83a3-1d4c0bf152b3:192.168.164.217:39381, 7e1b84a9-a041-44fd-8008-f2679426984c:192.168.164.217:44149, 4a682f4f-c3f2-4b77-88b7-f0ab78890feb:192.168.164.217:34174], old=null
2019-11-05 08:24:01,384 [4a682f4f-c3f2-4b77-88b7-f0ab78890feb@group-0DB8C7688BF9-LeaderElection204] INFO  impl.LeaderElection (LeaderElection.java:askForVotes(178)) - 4a682f4f-c3f2-4b77-88b7-f0ab78890feb@group-0DB8C7688BF9-LeaderElection204: begin an election at term 100 for -1: [77ab65e6-d942-49df-83a3-1d4c0bf152b3:192.168.164.217:39381, 7e1b84a9-a041-44fd-8008-f2679426984c:192.168.164.217:44149, 4a682f4f-c3f2-4b77-88b7-f0ab78890feb:192.168.164.217:34174], old=null
2019-11-05 08:24:01,385 [grpc-default-executor-4] INFO  impl.RaftServerImpl (RaftServerImpl.java:setRole(184)) - 77ab65e6-d942-49df-83a3-1d4c0bf152b3@group-0DB8C7688BF9: changes role from  FOLLOWER to FOLLOWER at term 100 for recognizeCandidate:4a682f4f-c3f2-4b77-88b7-f0ab78890feb
2019-11-05 08:24:01,386 [grpc-default-executor-4] INFO  impl.RoleInfo (RoleInfo.java:shutdownFollowerState(121)) - 77ab65e6-d942-49df-83a3-1d4c0bf152b3: shutdown FollowerState
2019-11-05 08:24:01,386 [grpc-default-executor-4] INFO  impl.RoleInfo (RoleInfo.java:updateAndGet(143)) - 77ab65e6-d942-49df-83a3-1d4c0bf152b3: start FollowerState
2019-11-05 08:24:01,386 [Thread-1709] INFO  impl.FollowerState (FollowerState.java:run(117)) - 77ab65e6-d942-49df-83a3-1d4c0bf152b3@group-0DB8C7688BF9-FollowerState was interrupted: java.lang.InterruptedException: sleep interrupted
2019-11-05 08:24:01,386 [a8ae9c07-6d89-4a49-a594-cacd4b776180@group-0E159EE4F99E-LeaderElection203] INFO  impl.LeaderElection (LeaderElection.java:logAndReturn(56)) - a8ae9c07-6d89-4a49-a594-cacd4b776180@group-0E159EE4F99E-LeaderElection203: Election REJECTED; received 2 response(s) [a8ae9c07-6d89-4a49-a594-cacd4b776180<-caafcba9-090a-41f5-a5f9-cba5a6a81e94#0:FAIL-t109, a8ae9c07-6d89-4a49-a594-cacd4b776180<-b3bb9051-8089-4c51-a999-81579e5913f2#0:FAIL-t109] and 0 exception(s); a8ae9c07-6d89-4a49-a594-cacd4b776180@group-0E159EE4F99E:t109, leader=null, voted=a8ae9c07-6d89-4a49-a594-cacd4b776180, raftlog=a8ae9c07-6d89-4a49-a594-cacd4b776180@group-0E159EE4F99E-SegmentedRaftLog:OPENED:c-1,f-1,i0, conf=-1: [caafcba9-090a-41f5-a5f9-cba5a6a81e94:192.168.164.217:37197, a8ae9c07-6d89-4a49-a594-cacd4b776180:192.168.164.217:42719, b3bb9051-8089-4c51-a999-81579e5913f2:192.168.164.217:36516], old=null
2019-11-05 08:24:01,386 [a8ae9c07-6d89-4a49-a594-cacd4b776180@group-0E159EE4F99E-LeaderElection203] INFO  impl.RaftServerImpl (RaftServerImpl.java:setRole(184)) - a8ae9c07-6d89-4a49-a594-cacd4b776180@group-0E159EE4F99E: changes role from CANDIDATE to FOLLOWER at term 109 for DISCOVERED_A_NEW_TERM
2019-11-05 08:24:01,387 [a8ae9c07-6d89-4a49-a594-cacd4b776180@group-0E159EE4F99E-LeaderElection203] INFO  impl.RoleInfo (RoleInfo.java:shutdownLeaderElection(134)) - a8ae9c07-6d89-4a49-a594-cacd4b776180: shutdown LeaderElection
2019-11-05 08:24:01,387 [grpc-default-executor-1] INFO  impl.RaftServerImpl (RaftServerImpl.java:setRole(184)) - 7e1b84a9-a041-44fd-8008-f2679426984c@group-0DB8C7688BF9: changes role from  FOLLOWER to FOLLOWER at term 100 for recognizeCandidate:4a682f4f-c3f2-4b77-88b7-f0ab78890feb
2019-11-05 08:24:01,387 [a8ae9c07-6d89-4a49-a594-cacd4b776180@group-0E159EE4F99E-LeaderElection203] INFO  impl.RoleInfo (RoleInfo.java:updateAndGet(143)) - a8ae9c07-6d89-4a49-a594-cacd4b776180: start FollowerState
2019-11-05 08:24:01,387 [grpc-default-executor-1] INFO  impl.RoleInfo (RoleInfo.java:shutdownFollowerState(121)) - 7e1b84a9-a041-44fd-8008-f2679426984c: shutdown FollowerState
2019-11-05 08:24:01,387 [grpc-default-executor-1] INFO  impl.RoleInfo (RoleInfo.java:updateAndGet(143)) - 7e1b84a9-a041-44fd-8008-f2679426984c: start FollowerState
2019-11-05 08:24:01,387 [Thread-1710] INFO  impl.FollowerState (FollowerState.java:run(117)) - 7e1b84a9-a041-44fd-8008-f2679426984c@group-0DB8C7688BF9-FollowerState was interrupted: java.lang.InterruptedException: sleep interrupted
2019-11-05 08:24:01,401 [4a682f4f-c3f2-4b77-88b7-f0ab78890feb@group-0DB8C7688BF9-LeaderElection204] INFO  impl.LeaderElection (LeaderElection.java:logAndReturn(56)) - 4a682f4f-c3f2-4b77-88b7-f0ab78890feb@group-0DB8C7688BF9-LeaderElection204: Election REJECTED; received 2 response(s) [4a682f4f-c3f2-4b77-88b7-f0ab78890feb<-77ab65e6-d942-49df-83a3-1d4c0bf152b3#0:FAIL-t100, 4a682f4f-c3f2-4b77-88b7-f0ab78890feb<-7e1b84a9-a041-44fd-8008-f2679426984c#0:FAIL-t100] and 0 exception(s); 4a682f4f-c3f2-4b77-88b7-f0ab78890feb@group-0DB8C7688BF9:t100, leader=null, voted=4a682f4f-c3f2-4b77-88b7-f0ab78890feb, raftlog=4a682f4f-c3f2-4b77-88b7-f0ab78890feb@group-0DB8C7688BF9-SegmentedRaftLog:OPENED:c-1,f-1,i0, conf=-1: [77ab65e6-d942-49df-83a3-1d4c0bf152b3:192.168.164.217:39381, 7e1b84a9-a041-44fd-8008-f2679426984c:192.168.164.217:44149, 4a682f4f-c3f2-4b77-88b7-f0ab78890feb:192.168.164.217:34174], old=null
2019-11-05 08:24:01,401 [4a682f4f-c3f2-4b77-88b7-f0ab78890feb@group-0DB8C7688BF9-LeaderElection204] INFO  impl.RaftServerImpl (RaftServerImpl.java:setRole(184)) - 4a682f4f-c3f2-4b77-88b7-f0ab78890feb@group-0DB8C7688BF9: changes role from CANDIDATE to FOLLOWER at term 100 for DISCOVERED_A_NEW_TERM
2019-11-05 08:24:01,401 [4a682f4f-c3f2-4b77-88b7-f0ab78890feb@group-0DB8C7688BF9-LeaderElection204] INFO  impl.RoleInfo (RoleInfo.java:shutdownLeaderElection(134)) - 4a682f4f-c3f2-4b77-88b7-f0ab78890feb: shutdown LeaderElection
2019-11-05 08:24:01,401 [4a682f4f-c3f2-4b77-88b7-f0ab78890feb@group-0DB8C7688BF9-LeaderElection204] INFO  impl.RoleInfo (RoleInfo.java:updateAndGet(143)) - 4a682f4f-c3f2-4b77-88b7-f0ab78890feb: start FollowerState
2019-11-05 08:24:01,402 [Thread-1716] INFO  impl.FollowerState (FollowerState.java:run(108)) - 4a682f4f-c3f2-4b77-88b7-f0ab78890feb@group-0DB8C7688BF9-FollowerState: change to CANDIDATE, lastRpcTime:1ms, electionTimeout:1ms
2019-11-05 08:24:01,402 [Thread-1716] INFO  impl.RoleInfo (RoleInfo.java:shutdownFollowerState(121)) - 4a682f4f-c3f2-4b77-88b7-f0ab78890feb: shutdown FollowerState
2019-11-05 08:24:01,403 [Thread-1716] INFO  impl.RaftServerImpl (RaftServerImpl.java:setRole(184)) - 4a682f4f-c3f2-4b77-88b7-f0ab78890feb@group-0DB8C7688BF9: changes role from  FOLLOWER to CANDIDATE at term 100 for changeToCandidate
2019-11-05 08:24:01,403 [Thread-1716] INFO  impl.RoleInfo (RoleInfo.java:updateAndGet(143)) - 4a682f4f-c3f2-4b77-88b7-f0ab78890feb: start LeaderElection
2019-11-05 08:24:01,417 [4a682f4f-c3f2-4b77-88b7-f0ab78890feb@group-0DB8C7688BF9-LeaderElection205] INFO  impl.LeaderElection (LeaderElection.java:askForVotes(178)) - 4a682f4f-c3f2-4b77-88b7-f0ab78890feb@group-0DB8C7688BF9-LeaderElection205: begin an election at term 101 for -1: [77ab65e6-d942-49df-83a3-1d4c0bf152b3:192.168.164.217:39381, 7e1b84a9-a041-44fd-8008-f2679426984c:192.168.164.217:44149, 4a682f4f-c3f2-4b77-88b7-f0ab78890feb:192.168.164.217:34174], old=null
2019-11-05 08:24:01,418 [grpc-default-executor-4] INFO  impl.RaftServerImpl (RaftServerImpl.java:setRole(184)) - 77ab65e6-d942-49df-83a3-1d4c0bf152b3@group-0DB8C7688BF9: changes role from  FOLLOWER to FOLLOWER at term 101 for recognizeCandidate:4a682f4f-c3f2-4b77-88b7-f0ab78890feb
2019-11-05 08:24:01,418 [grpc-default-executor-4] INFO  impl.RoleInfo (RoleInfo.java:shutdownFollowerState(121)) - 77ab65e6-d942-49df-83a3-1d4c0bf152b3: shutdown FollowerState
2019-11-05 08:24:01,419 [grpc-default-executor-4] INFO  impl.RoleInfo (RoleInfo.java:updateAndGet(143)) - 77ab65e6-d942-49df-83a3-1d4c0bf152b3: start FollowerState
2019-11-05 08:24:01,419 [Thread-1713] INFO  impl.FollowerState (FollowerState.java:run(117)) - 77ab65e6-d942-49df-83a3-1d4c0bf152b3@group-0DB8C7688BF9-FollowerState was interrupted: java.lang.InterruptedException: sleep interrupted
2019-11-05 08:24:01,419 [grpc-default-executor-1] INFO  impl.RaftServerImpl (RaftServerImpl.java:setRole(184)) - 7e1b84a9-a041-44fd-8008-f2679426984c@group-0DB8C7688BF9: changes role from  FOLLOWER to FOLLOWER at term 101 for recognizeCandidate:4a682f4f-c3f2-4b77-88b7-f0ab78890feb
2019-11-05 08:24:01,419 [grpc-default-executor-1] INFO  impl.RoleInfo (RoleInfo.java:shutdownFollowerState(121)) - 7e1b84a9-a041-44fd-8008-f2679426984c: shutdown FollowerState
2019-11-05 08:24:01,419 [grpc-default-executor-1] INFO  impl.RoleInfo (RoleInfo.java:updateAndGet(143)) - 7e1b84a9-a041-44fd-8008-f2679426984c: start FollowerState
2019-11-05 08:24:01,419 [Thread-1715] INFO  impl.FollowerState (FollowerState.java:run(117)) - 7e1b84a9-a041-44fd-8008-f2679426984c@group-0DB8C7688BF9-FollowerState was interrupted: java.lang.InterruptedException: sleep interrupted
2019-11-05 08:24:01,443 [4a682f4f-c3f2-4b77-88b7-f0ab78890feb@group-0DB8C7688BF9-LeaderElection205] INFO  impl.LeaderElection (LeaderElection.java:logAndReturn(56)) - 4a682f4f-c3f2-4b77-88b7-f0ab78890feb@group-0DB8C7688BF9-LeaderElection205: Election REJECTED; received 2 response(s) [4a682f4f-c3f2-4b77-88b7-f0ab78890feb<-77ab65e6-d942-49df-83a3-1d4c0bf152b3#0:FAIL-t101, 4a682f4f-c3f2-4b77-88b7-f0ab78890feb<-7e1b84a9-a041-44fd-8008-f2679426984c#0:FAIL-t101] and 0 exception(s); 4a682f4f-c3f2-4b77-88b7-f0ab78890feb@group-0DB8C7688BF9:t101, leader=null, voted=4a682f4f-c3f2-4b77-88b7-f0ab78890feb, raftlog=4a682f4f-c3f2-4b77-88b7-f0ab78890feb@group-0DB8C7688BF9-SegmentedRaftLog:OPENED:c-1,f-1,i0, conf=-1: [77ab65e6-d942-49df-83a3-1d4c0bf152b3:192.168.164.217:39381, 7e1b84a9-a041-44fd-8008-f2679426984c:192.168.164.217:44149, 4a682f4f-c3f2-4b77-88b7-f0ab78890feb:192.168.164.217:34174], old=null
2019-11-05 08:24:01,443 [4a682f4f-c3f2-4b77-88b7-f0ab78890feb@group-0DB8C7688BF9-LeaderElection205] INFO  impl.RaftServerImpl (RaftServerImpl.java:setRole(184)) - 4a682f4f-c3f2-4b77-88b7-f0ab78890feb@group-0DB8C7688BF9: changes role from CANDIDATE to FOLLOWER at term 101 for DISCOVERED_A_NEW_TERM
2019-11-05 08:24:01,443 [4a682f4f-c3f2-4b77-88b7-f0ab78890feb@group-0DB8C7688BF9-LeaderElection205] INFO  impl.RoleInfo (RoleInfo.java:shutdownLeaderElection(134)) - 4a682f4f-c3f2-4b77-88b7-f0ab78890feb: shutdown LeaderElection
2019-11-05 08:24:01,444 [4a682f4f-c3f2-4b77-88b7-f0ab78890feb@group-0DB8C7688BF9-LeaderElection205] INFO  impl.RoleInfo (RoleInfo.java:updateAndGet(143)) - 4a682f4f-c3f2-4b77-88b7-f0ab78890feb: start FollowerState
2019-11-05 08:24:01,510 [Thread-1722] INFO  impl.FollowerState (FollowerState.java:run(108)) - 4a682f4f-c3f2-4b77-88b7-f0ab78890feb@group-0DB8C7688BF9-FollowerState: change to CANDIDATE, lastRpcTime:66ms, electionTimeout:66ms
2019-11-05 08:24:01,510 [Thread-1722] INFO  impl.RoleInfo (RoleInfo.java:shutdownFollowerState(121)) - 4a682f4f-c3f2-4b77-88b7-f0ab78890feb: shutdown FollowerState
2019-11-05 08:24:01,510 [Thread-1722] INFO  impl.RaftServerImpl (RaftServerImpl.java:setRole(184)) - 4a682f4f-c3f2-4b77-88b7-f0ab78890feb@group-0DB8C7688BF9: changes role from  FOLLOWER to CANDIDATE at term 101 for changeToCandidate
2019-11-05 08:24:01,511 [Thread-1722] INFO  impl.RoleInfo (RoleInfo.java:updateAndGet(143)) - 4a682f4f-c3f2-4b77-88b7-f0ab78890feb: start LeaderElection
2019-11-05 08:24:01,525 [4a682f4f-c3f2-4b77-88b7-f0ab78890feb@group-0DB8C7688BF9-LeaderElection206] INFO  impl.LeaderElection (LeaderElection.java:askForVotes(178)) - 4a682f4f-c3f2-4b77-88b7-f0ab78890feb@group-0DB8C7688BF9-LeaderElection206: begin an election at term 102 for -1: [77ab65e6-d942-49df-83a3-1d4c0bf152b3:192.168.164.217:39381, 7e1b84a9-a041-44fd-8008-f2679426984c:192.168.164.217:44149, 4a682f4f-c3f2-4b77-88b7-f0ab78890feb:192.168.164.217:34174], old=null
2019-11-05 08:24:01,527 [grpc-default-executor-4] INFO  impl.RaftServerImpl (RaftServerImpl.java:setRole(184)) - 77ab65e6-d942-49df-83a3-1d4c0bf152b3@group-0DB8C7688BF9: changes role from  FOLLOWER to FOLLOWER at term 102 for recognizeCandidate:4a682f4f-c3f2-4b77-88b7-f0ab78890feb
2019-11-05 08:24:01,527 [grpc-default-executor-4] INFO  impl.RoleInfo (RoleInfo.java:shutdownFollowerState(121)) - 77ab65e6-d942-49df-83a3-1d4c0bf152b3: shutdown FollowerState
2019-11-05 08:24:01,527 [grpc-default-executor-1] INFO  impl.RaftServerImpl (RaftServerImpl.java:setRole(184)) - 7e1b84a9-a041-44fd-8008-f2679426984c@group-0DB8C7688BF9: changes role from  FOLLOWER to FOLLOWER at term 102 for recognizeCandidate:4a682f4f-c3f2-4b77-88b7-f0ab78890feb
2019-11-05 08:24:01,527 [grpc-default-executor-1] INFO  impl.RoleInfo (RoleInfo.java:shutdownFollowerState(121)) - 7e1b84a9-a041-44fd-8008-f2679426984c: shutdown FollowerState
2019-11-05 08:24:01,527 [Thread-1720] INFO  impl.FollowerState (FollowerState.java:run(117)) - 77ab65e6-d942-49df-83a3-1d4c0bf152b3@group-0DB8C7688BF9-FollowerState was interrupted: java.lang.InterruptedException: sleep interrupted
2019-11-05 08:24:01,527 [grpc-default-executor-4] INFO  impl.RoleInfo (RoleInfo.java:updateAndGet(143)) - 77ab65e6-d942-49df-83a3-1d4c0bf152b3: start FollowerState
2019-11-05 08:24:01,528 [Thread-1721] INFO  impl.FollowerState (FollowerState.java:run(117)) - 7e1b84a9-a041-44fd-8008-f2679426984c@group-0DB8C7688BF9-FollowerState was interrupted: java.lang.InterruptedException: sleep interrupted
2019-11-05 08:24:01,528 [grpc-default-executor-1] INFO  impl.RoleInfo (RoleInfo.java:updateAndGet(143)) - 7e1b84a9-a041-44fd-8008-f2679426984c: start FollowerState
2019-11-05 08:24:01,535 [Thread-1714] INFO  impl.FollowerState (FollowerState.java:run(108)) - a8ae9c07-6d89-4a49-a594-cacd4b776180@group-0E159EE4F99E-FollowerState: change to CANDIDATE, lastRpcTime:148ms, electionTimeout:148ms
2019-11-05 08:24:01,535 [Thread-1714] INFO  impl.RoleInfo (RoleInfo.java:shutdownFollowerState(121)) - a8ae9c07-6d89-4a49-a594-cacd4b776180: shutdown FollowerState
2019-11-05 08:24:01,536 [Thread-1714] INFO  impl.RaftServerImpl (RaftServerImpl.java:setRole(184)) - a8ae9c07-6d89-4a49-a594-cacd4b776180@group-0E159EE4F99E: changes role from  FOLLOWER to CANDIDATE at term 109 for changeToCandidate
2019-11-05 08:24:01,536 [Thread-1714] INFO  impl.RoleInfo (RoleInfo.java:updateAndGet(143)) - a8ae9c07-6d89-4a49-a594-cacd4b776180: start LeaderElection
2019-11-05 08:24:01,542 [a8ae9c07-6d89-4a49-a594-cacd4b776180@group-0E159EE4F99E-LeaderElection207] INFO  impl.LeaderElection (LeaderElection.java:askForVotes(178)) - a8ae9c07-6d89-4a49-a594-cacd4b776180@group-0E159EE4F99E-LeaderElection207: begin an election at term 110 for -1: [caafcba9-090a-41f5-a5f9-cba5a6a81e94:192.168.164.217:37197, a8ae9c07-6d89-4a49-a594-cacd4b776180:192.168.164.217:42719, b3bb9051-8089-4c51-a999-81579e5913f2:192.168.164.217:36516], old=null
2019-11-05 08:24:01,542 [4a682f4f-c3f2-4b77-88b7-f0ab78890feb@group-0DB8C7688BF9-LeaderElection206] INFO  impl.LeaderElection (LeaderElection.java:logAndReturn(56)) - 4a682f4f-c3f2-4b77-88b7-f0ab78890feb@group-0DB8C7688BF9-LeaderElection206: Election REJECTED; received 2 response(s) [4a682f4f-c3f2-4b77-88b7-f0ab78890feb<-77ab65e6-d942-49df-83a3-1d4c0bf152b3#0:FAIL-t102, 4a682f4f-c3f2-4b77-88b7-f0ab78890feb<-7e1b84a9-a041-44fd-8008-f2679426984c#0:FAIL-t102] and 0 exception(s); 4a682f4f-c3f2-4b77-88b7-f0ab78890feb@group-0DB8C7688BF9:t102, leader=null, voted=4a682f4f-c3f2-4b77-88b7-f0ab78890feb, raftlog=4a682f4f-c3f2-4b77-88b7-f0ab78890feb@group-0DB8C7688BF9-SegmentedRaftLog:OPENED:c-1,f-1,i0, conf=-1: [77ab65e6-d942-49df-83a3-1d4c0bf152b3:192.168.164.217:39381, 7e1b84a9-a041-44fd-8008-f2679426984c:192.168.164.217:44149, 4a682f4f-c3f2-4b77-88b7-f0ab78890feb:192.168.164.217:34174], old=null
2019-11-05 08:24:01,543 [4a682f4f-c3f2-4b77-88b7-f0ab78890feb@group-0DB8C7688BF9-LeaderElection206] INFO  impl.RaftServerImpl (RaftServerImpl.java:setRole(184)) - 4a682f4f-c3f2-4b77-88b7-f0ab78890feb@group-0DB8C7688BF9: changes role from CANDIDATE to FOLLOWER at term 102 for DISCOVERED_A_NEW_TERM
2019-11-05 08:24:01,543 [4a682f4f-c3f2-4b77-88b7-f0ab78890feb@group-0DB8C7688BF9-LeaderElection206] INFO  impl.RoleInfo (RoleInfo.java:shutdownLeaderElection(134)) - 4a682f4f-c3f2-4b77-88b7-f0ab78890feb: shutdown LeaderElection
2019-11-05 08:24:01,543 [4a682f4f-c3f2-4b77-88b7-f0ab78890feb@group-0DB8C7688BF9-LeaderElection206] INFO  impl.RoleInfo (RoleInfo.java:updateAndGet(143)) - 4a682f4f-c3f2-4b77-88b7-f0ab78890feb: start FollowerState
2019-11-05 08:24:01,543 [grpc-default-executor-4] INFO  impl.RaftServerImpl (RaftServerImpl.java:setRole(184)) - caafcba9-090a-41f5-a5f9-cba5a6a81e94@group-0E159EE4F99E: changes role from  FOLLOWER to FOLLOWER at term 110 for recognizeCandidate:a8ae9c07-6d89-4a49-a594-cacd4b776180
2019-11-05 08:24:01,544 [grpc-default-executor-4] INFO  impl.RoleInfo (RoleInfo.java:shutdownFollowerState(121)) - caafcba9-090a-41f5-a5f9-cba5a6a81e94: shutdown FollowerState
2019-11-05 08:24:01,544 [grpc-default-executor-4] INFO  impl.RoleInfo (RoleInfo.java:updateAndGet(143)) - caafcba9-090a-41f5-a5f9-cba5a6a81e94: start FollowerState
2019-11-05 08:24:01,544 [grpc-default-executor-1] INFO  impl.RaftServerImpl (RaftServerImpl.java:setRole(184)) - b3bb9051-8089-4c51-a999-81579e5913f2@group-0E159EE4F99E: changes role from  FOLLOWER to FOLLOWER at term 110 for recognizeCandidate:a8ae9c07-6d89-4a49-a594-cacd4b776180
2019-11-05 08:24:01,544 [Thread-1707] INFO  impl.FollowerState (FollowerState.java:run(117)) - caafcba9-090a-41f5-a5f9-cba5a6a81e94@group-0E159EE4F99E-FollowerState was interrupted: java.lang.InterruptedException: sleep interrupted
2019-11-05 08:24:01,544 [grpc-default-executor-1] INFO  impl.RoleInfo (RoleInfo.java:shutdownFollowerState(121)) - b3bb9051-8089-4c51-a999-81579e5913f2: shutdown FollowerState
2019-11-05 08:24:01,544 [grpc-default-executor-1] INFO  impl.RoleInfo (RoleInfo.java:updateAndGet(143)) - b3bb9051-8089-4c51-a999-81579e5913f2: start FollowerState
2019-11-05 08:24:01,544 [Thread-1708] INFO  impl.FollowerState (FollowerState.java:run(117)) - b3bb9051-8089-4c51-a999-81579e5913f2@group-0E159EE4F99E-FollowerState was interrupted: java.lang.InterruptedException: sleep interrupted
2019-11-05 08:24:01,558 [a8ae9c07-6d89-4a49-a594-cacd4b776180@group-0E159EE4F99E-LeaderElection207] INFO  impl.LeaderElection (LeaderElection.java:logAndReturn(56)) - a8ae9c07-6d89-4a49-a594-cacd4b776180@group-0E159EE4F99E-LeaderElection207: Election REJECTED; received 2 response(s) [a8ae9c07-6d89-4a49-a594-cacd4b776180<-caafcba9-090a-41f5-a5f9-cba5a6a81e94#0:FAIL-t110, a8ae9c07-6d89-4a49-a594-cacd4b776180<-b3bb9051-8089-4c51-a999-81579e5913f2#0:FAIL-t110] and 0 exception(s); a8ae9c07-6d89-4a49-a594-cacd4b776180@group-0E159EE4F99E:t110, leader=null, voted=a8ae9c07-6d89-4a49-a594-cacd4b776180, raftlog=a8ae9c07-6d89-4a49-a594-cacd4b776180@group-0E159EE4F99E-SegmentedRaftLog:OPENED:c-1,f-1,i0, conf=-1: [caafcba9-090a-41f5-a5f9-cba5a6a81e94:192.168.164.217:37197, a8ae9c07-6d89-4a49-a594-cacd4b776180:192.168.164.217:42719, b3bb9051-8089-4c51-a999-81579e5913f2:192.168.164.217:36516], old=null
2019-11-05 08:24:01,559 [a8ae9c07-6d89-4a49-a594-cacd4b776180@group-0E159EE4F99E-LeaderElection207] INFO  impl.RaftServerImpl (RaftServerImpl.java:setRole(184)) - a8ae9c07-6d89-4a49-a594-cacd4b776180@group-0E159EE4F99E: changes role from CANDIDATE to FOLLOWER at term 110 for DISCOVERED_A_NEW_TERM
2019-11-05 08:24:01,559 [a8ae9c07-6d89-4a49-a594-cacd4b776180@group-0E159EE4F99E-LeaderElection207] INFO  impl.RoleInfo (RoleInfo.java:shutdownLeaderElection(134)) - a8ae9c07-6d89-4a49-a594-cacd4b776180: shutdown LeaderElection
2019-11-05 08:24:01,559 [a8ae9c07-6d89-4a49-a594-cacd4b776180@group-0E159EE4F99E-LeaderElection207] INFO  impl.RoleInfo (RoleInfo.java:updateAndGet(143)) - a8ae9c07-6d89-4a49-a594-cacd4b776180: start FollowerState
2019-11-05 08:24:01,644 [Thread-1734] INFO  impl.FollowerState (FollowerState.java:run(108)) - a8ae9c07-6d89-4a49-a594-cacd4b776180@group-0E159EE4F99E-FollowerState: change to CANDIDATE, lastRpcTime:85ms, electionTimeout:85ms
2019-11-05 08:24:01,645 [Thread-1734] INFO  impl.RoleInfo (RoleInfo.java:shutdownFollowerState(121)) - a8ae9c07-6d89-4a49-a594-cacd4b776180: shutdown FollowerState
2019-11-05 08:24:01,645 [Thread-1734] INFO  impl.RaftServerImpl (RaftServerImpl.java:setRole(184)) - a8ae9c07-6d89-4a49-a594-cacd4b776180@group-0E159EE4F99E: changes role from  FOLLOWER to CANDIDATE at term 110 for changeToCandidate
2019-11-05 08:24:01,645 [Thread-1734] INFO  impl.RoleInfo (RoleInfo.java:updateAndGet(143)) - a8ae9c07-6d89-4a49-a594-cacd4b776180: start LeaderElection
2019-11-05 08:24:01,658 [a8ae9c07-6d89-4a49-a594-cacd4b776180@group-0E159EE4F99E-LeaderElection208] INFO  impl.LeaderElection (LeaderElection.java:askForVotes(178)) - a8ae9c07-6d89-4a49-a594-cacd4b776180@group-0E159EE4F99E-LeaderElection208: begin an election at term 111 for -1: [caafcba9-090a-41f5-a5f9-cba5a6a81e94:192.168.164.217:37197, a8ae9c07-6d89-4a49-a594-cacd4b776180:192.168.164.217:42719, b3bb9051-8089-4c51-a999-81579e5913f2:192.168.164.217:36516], old=null
2019-11-05 08:24:01,661 [grpc-default-executor-1] INFO  impl.RaftServerImpl (RaftServerImpl.java:setRole(184)) - caafcba9-090a-41f5-a5f9-cba5a6a81e94@group-0E159EE4F99E: changes role from  FOLLOWER to FOLLOWER at term 111 for recognizeCandidate:a8ae9c07-6d89-4a49-a594-cacd4b776180
2019-11-05 08:24:01,661 [grpc-default-executor-1] INFO  impl.RoleInfo (RoleInfo.java:shutdownFollowerState(121)) - caafcba9-090a-41f5-a5f9-cba5a6a81e94: shutdown FollowerState
2019-11-05 08:24:01,661 [grpc-default-executor-1] INFO  impl.RoleInfo (RoleInfo.java:updateAndGet(143)) - caafcba9-090a-41f5-a5f9-cba5a6a81e94: start FollowerState
2019-11-05 08:24:01,661 [grpc-default-executor-4] INFO  impl.RaftServerImpl (RaftServerImpl.java:setRole(184)) - b3bb9051-8089-4c51-a999-81579e5913f2@group-0E159EE4F99E: changes role from  FOLLOWER to FOLLOWER at term 111 for recognizeCandidate:a8ae9c07-6d89-4a49-a594-cacd4b776180
2019-11-05 08:24:01,661 [Thread-1732] INFO  impl.FollowerState (FollowerState.java:run(117)) - caafcba9-090a-41f5-a5f9-cba5a6a81e94@group-0E159EE4F99E-FollowerState was interrupted: java.lang.InterruptedException: sleep interrupted
2019-11-05 08:24:01,662 [grpc-default-executor-4] INFO  impl.RoleInfo (RoleInfo.java:shutdownFollowerState(121)) - b3bb9051-8089-4c51-a999-81579e5913f2: shutdown FollowerState
2019-11-05 08:24:01,662 [grpc-default-executor-4] INFO  impl.RoleInfo (RoleInfo.java:updateAndGet(143)) - b3bb9051-8089-4c51-a999-81579e5913f2: start FollowerState
2019-11-05 08:24:01,662 [Thread-1733] INFO  impl.FollowerState (FollowerState.java:run(117)) - b3bb9051-8089-4c51-a999-81579e5913f2@group-0E159EE4F99E-FollowerState was interrupted: java.lang.InterruptedException: sleep interrupted
2019-11-05 08:24:01,684 [a8ae9c07-6d89-4a49-a594-cacd4b776180@group-0E159EE4F99E-LeaderElection208] INFO  impl.LeaderElection (LeaderElection.java:logAndReturn(56)) - a8ae9c07-6d89-4a49-a594-cacd4b776180@group-0E159EE4F99E-LeaderElection208: Election REJECTED; received 2 response(s) [a8ae9c07-6d89-4a49-a594-cacd4b776180<-caafcba9-090a-41f5-a5f9-cba5a6a81e94#0:FAIL-t111, a8ae9c07-6d89-4a49-a594-cacd4b776180<-b3bb9051-8089-4c51-a999-81579e5913f2#0:FAIL-t111] and 0 exception(s); a8ae9c07-6d89-4a49-a594-cacd4b776180@group-0E159EE4F99E:t111, leader=null, voted=a8ae9c07-6d89-4a49-a594-cacd4b776180, raftlog=a8ae9c07-6d89-4a49-a594-cacd4b776180@group-0E159EE4F99E-SegmentedRaftLog:OPENED:c-1,f-1,i0, conf=-1: [caafcba9-090a-41f5-a5f9-cba5a6a81e94:192.168.164.217:37197, a8ae9c07-6d89-4a49-a594-cacd4b776180:192.168.164.217:42719, b3bb9051-8089-4c51-a999-81579e5913f2:192.168.164.217:36516], old=null
2019-11-05 08:24:01,685 [a8ae9c07-6d89-4a49-a594-cacd4b776180@group-0E159EE4F99E-LeaderElection208] INFO  impl.RaftServerImpl (RaftServerImpl.java:setRole(184)) - a8ae9c07-6d89-4a49-a594-cacd4b776180@group-0E159EE4F99E: changes role from CANDIDATE to FOLLOWER at term 111 for DISCOVERED_A_NEW_TERM
2019-11-05 08:24:01,685 [a8ae9c07-6d89-4a49-a594-cacd4b776180@group-0E159EE4F99E-LeaderElection208] INFO  impl.RoleInfo (RoleInfo.java:shutdownLeaderElection(134)) - a8ae9c07-6d89-4a49-a594-cacd4b776180: shutdown LeaderElection
2019-11-05 08:24:01,685 [a8ae9c07-6d89-4a49-a594-cacd4b776180@group-0E159EE4F99E-LeaderElection208] INFO  impl.RoleInfo (RoleInfo.java:updateAndGet(143)) - a8ae9c07-6d89-4a49-a594-cacd4b776180: start FollowerState
2019-11-05 08:24:01,695 [Thread-1742] INFO  impl.FollowerState (FollowerState.java:run(108)) - a8ae9c07-6d89-4a49-a594-cacd4b776180@group-0E159EE4F99E-FollowerState: change to CANDIDATE, lastRpcTime:10ms, electionTimeout:10ms
2019-11-05 08:24:01,696 [Thread-1742] INFO  impl.RoleInfo (RoleInfo.java:shutdownFollowerState(121)) - a8ae9c07-6d89-4a49-a594-cacd4b776180: shutdown FollowerState
2019-11-05 08:24:01,696 [Thread-1742] INFO  impl.RaftServerImpl (RaftServerImpl.java:setRole(184)) - a8ae9c07-6d89-4a49-a594-cacd4b776180@group-0E159EE4F99E: changes role from  FOLLOWER to CANDIDATE at term 111 for changeToCandidate
2019-11-05 08:24:01,696 [Thread-1742] INFO  impl.RoleInfo (RoleInfo.java:updateAndGet(143)) - a8ae9c07-6d89-4a49-a594-cacd4b776180: start LeaderElection
2019-11-05 08:24:01,719 [Thread-1731] INFO  impl.FollowerState (FollowerState.java:run(108)) - 4a682f4f-c3f2-4b77-88b7-f0ab78890feb@group-0DB8C7688BF9-FollowerState: change to CANDIDATE, lastRpcTime:176ms, electionTimeout:176ms
2019-11-05 08:24:01,720 [Thread-1731] INFO  impl.RoleInfo (RoleInfo.java:shutdownFollowerState(121)) - 4a682f4f-c3f2-4b77-88b7-f0ab78890feb: shutdown FollowerState
2019-11-05 08:24:01,720 [Thread-1731] INFO  impl.RaftServerImpl (RaftServerImpl.java:setRole(184)) - 4a682f4f-c3f2-4b77-88b7-f0ab78890feb@group-0DB8C7688BF9: changes role from  FOLLOWER to CANDIDATE at term 102 for changeToCandidate
2019-11-05 08:24:01,720 [Thread-1731] INFO  impl.RoleInfo (RoleInfo.java:updateAndGet(143)) - 4a682f4f-c3f2-4b77-88b7-f0ab78890feb: start LeaderElection
2019-11-05 08:24:01,730 [a8ae9c07-6d89-4a49-a594-cacd4b776180@group-0E159EE4F99E-LeaderElection209] INFO  impl.LeaderElection (LeaderElection.java:askForVotes(178)) - a8ae9c07-6d89-4a49-a594-cacd4b776180@group-0E159EE4F99E-LeaderElection209: begin an election at term 112 for -1: [caafcba9-090a-41f5-a5f9-cba5a6a81e94:192.168.164.217:37197, a8ae9c07-6d89-4a49-a594-cacd4b776180:192.168.164.217:42719, b3bb9051-8089-4c51-a999-81579e5913f2:192.168.164.217:36516], old=null
2019-11-05 08:24:01,730 [4a682f4f-c3f2-4b77-88b7-f0ab78890feb@group-0DB8C7688BF9-LeaderElection210] INFO  impl.LeaderElection (LeaderElection.java:askForVotes(178)) - 4a682f4f-c3f2-4b77-88b7-f0ab78890feb@group-0DB8C7688BF9-LeaderElection210: begin an election at term 103 for -1: [77ab65e6-d942-49df-83a3-1d4c0bf152b3:192.168.164.217:39381, 7e1b84a9-a041-44fd-8008-f2679426984c:192.168.164.217:44149, 4a682f4f-c3f2-4b77-88b7-f0ab78890feb:192.168.164.217:34174], old=null
2019-11-05 08:24:01,732 [grpc-default-executor-1] INFO  impl.RaftServerImpl (RaftServerImpl.java:setRole(184)) - caafcba9-090a-41f5-a5f9-cba5a6a81e94@group-0E159EE4F99E: changes role from  FOLLOWER to FOLLOWER at term 112 for recognizeCandidate:a8ae9c07-6d89-4a49-a594-cacd4b776180
2019-11-05 08:24:01,732 [grpc-default-executor-1] INFO  impl.RoleInfo (RoleInfo.java:shutdownFollowerState(121)) - caafcba9-090a-41f5-a5f9-cba5a6a81e94: shutdown FollowerState
2019-11-05 08:24:01,732 [grpc-default-executor-1] INFO  impl.RoleInfo (RoleInfo.java:updateAndGet(143)) - caafcba9-090a-41f5-a5f9-cba5a6a81e94: start FollowerState
2019-11-05 08:24:01,732 [grpc-default-executor-4] INFO  impl.RaftServerImpl (RaftServerImpl.java:setRole(184)) - 77ab65e6-d942-49df-83a3-1d4c0bf152b3@group-0DB8C7688BF9: changes role from  FOLLOWER to FOLLOWER at term 103 for recognizeCandidate:4a682f4f-c3f2-4b77-88b7-f0ab78890feb
2019-11-05 08:24:01,732 [Thread-1740] INFO  impl.FollowerState (FollowerState.java:run(117)) - caafcba9-090a-41f5-a5f9-cba5a6a81e94@group-0E159EE4F99E-FollowerState was interrupted: java.lang.InterruptedException: sleep interrupted
2019-11-05 08:24:01,732 [grpc-default-executor-4] INFO  impl.RoleInfo (RoleInfo.java:shutdownFollowerState(121)) - 77ab65e6-d942-49df-83a3-1d4c0bf152b3: shutdown FollowerState
2019-11-05 08:24:01,733 [grpc-default-executor-4] INFO  impl.RoleInfo (RoleInfo.java:updateAndGet(143)) - 77ab65e6-d942-49df-83a3-1d4c0bf152b3: start FollowerState
2019-11-05 08:24:01,733 [Thread-1726] INFO  impl.FollowerState (FollowerState.java:run(117)) - 77ab65e6-d942-49df-83a3-1d4c0bf152b3@group-0DB8C7688BF9-FollowerState was interrupted: java.lang.InterruptedException: sleep interrupted
2019-11-05 08:24:01,733 [grpc-default-executor-5] INFO  impl.RaftServerImpl (RaftServerImpl.java:setRole(184)) - 7e1b84a9-a041-44fd-8008-f2679426984c@group-0DB8C7688BF9: changes role from  FOLLOWER to FOLLOWER at term 103 for recognizeCandidate:4a682f4f-c3f2-4b77-88b7-f0ab78890feb
2019-11-05 08:24:01,733 [grpc-default-executor-5] INFO  impl.RoleInfo (RoleInfo.java:shutdownFollowerState(121)) - 7e1b84a9-a041-44fd-8008-f2679426984c: shutdown FollowerState
2019-11-05 08:24:01,733 [grpc-default-executor-3] INFO  impl.RaftServerImpl (RaftServerImpl.java:setRole(184)) - b3bb9051-8089-4c51-a999-81579e5913f2@group-0E159EE4F99E: changes role from  FOLLOWER to FOLLOWER at term 112 for recognizeCandidate:a8ae9c07-6d89-4a49-a594-cacd4b776180
2019-11-05 08:24:01,733 [Thread-1727] INFO  impl.FollowerState (FollowerState.java:run(117)) - 7e1b84a9-a041-44fd-8008-f2679426984c@group-0DB8C7688BF9-FollowerState was interrupted: java.lang.InterruptedException: sleep interrupted
2019-11-05 08:24:01,733 [grpc-default-executor-5] INFO  impl.RoleInfo (RoleInfo.java:updateAndGet(143)) - 7e1b84a9-a041-44fd-8008-f2679426984c: start FollowerState
2019-11-05 08:24:01,733 [grpc-default-executor-3] INFO  impl.RoleInfo (RoleInfo.java:shutdownFollowerState(121)) - b3bb9051-8089-4c51-a999-81579e5913f2: shutdown FollowerState
2019-11-05 08:24:01,734 [grpc-default-executor-3] INFO  impl.RoleInfo (RoleInfo.java:updateAndGet(143)) - b3bb9051-8089-4c51-a999-81579e5913f2: start FollowerState
2019-11-05 08:24:01,734 [Thread-1741] INFO  impl.FollowerState (FollowerState.java:run(117)) - b3bb9051-8089-4c51-a999-81579e5913f2@group-0E159EE4F99E-FollowerState was interrupted: java.lang.InterruptedException: sleep interrupted
2019-11-05 08:24:01,746 [a8ae9c07-6d89-4a49-a594-cacd4b776180@group-0E159EE4F99E-LeaderElection209] INFO  impl.LeaderElection (LeaderElection.java:logAndReturn(56)) - a8ae9c07-6d89-4a49-a594-cacd4b776180@group-0E159EE4F99E-LeaderElection209: Election REJECTED; received 2 response(s) [a8ae9c07-6d89-4a49-a594-cacd4b776180<-caafcba9-090a-41f5-a5f9-cba5a6a81e94#0:FAIL-t112, a8ae9c07-6d89-4a49-a594-cacd4b776180<-b3bb9051-8089-4c51-a999-81579e5913f2#0:FAIL-t112] and 0 exception(s); a8ae9c07-6d89-4a49-a594-cacd4b776180@group-0E159EE4F99E:t112, leader=null, voted=a8ae9c07-6d89-4a49-a594-cacd4b776180, raftlog=a8ae9c07-6d89-4a49-a594-cacd4b776180@group-0E159EE4F99E-SegmentedRaftLog:OPENED:c-1,f-1,i0, conf=-1: [caafcba9-090a-41f5-a5f9-cba5a6a81e94:192.168.164.217:37197, a8ae9c07-6d89-4a49-a594-cacd4b776180:192.168.164.217:42719, b3bb9051-8089-4c51-a999-81579e5913f2:192.168.164.217:36516], old=null
2019-11-05 08:24:01,747 [a8ae9c07-6d89-4a49-a594-cacd4b776180@group-0E159EE4F99E-LeaderElection209] INFO  impl.RaftServerImpl (RaftServerImpl.java:setRole(184)) - a8ae9c07-6d89-4a49-a594-cacd4b776180@group-0E159EE4F99E: changes role from CANDIDATE to FOLLOWER at term 112 for DISCOVERED_A_NEW_TERM
2019-11-05 08:24:01,747 [4a682f4f-c3f2-4b77-88b7-f0ab78890feb@group-0DB8C7688BF9-LeaderElection210] INFO  impl.LeaderElection (LeaderElection.java:logAndReturn(56)) - 4a682f4f-c3f2-4b77-88b7-f0ab78890feb@group-0DB8C7688BF9-LeaderElection210: Election REJECTED; received 2 response(s) [4a682f4f-c3f2-4b77-88b7-f0ab78890feb<-77ab65e6-d942-49df-83a3-1d4c0bf152b3#0:FAIL-t103, 4a682f4f-c3f2-4b77-88b7-f0ab78890feb<-7e1b84a9-a041-44fd-8008-f2679426984c#0:FAIL-t103] and 0 exception(s); 4a682f4f-c3f2-4b77-88b7-f0ab78890feb@group-0DB8C7688BF9:t103, leader=null, voted=4a682f4f-c3f2-4b77-88b7-f0ab78890feb, raftlog=4a682f4f-c3f2-4b77-88b7-f0ab78890feb@group-0DB8C7688BF9-SegmentedRaftLog:OPENED:c-1,f-1,i0, conf=-1: [77ab65e6-d942-49df-83a3-1d4c0bf152b3:192.168.164.217:39381, 7e1b84a9-a041-44fd-8008-f2679426984c:192.168.164.217:44149, 4a682f4f-c3f2-4b77-88b7-f0ab78890feb:192.168.164.217:34174], old=null
2019-11-05 08:24:01,747 [a8ae9c07-6d89-4a49-a594-cacd4b776180@group-0E159EE4F99E-LeaderElection209] INFO  impl.RoleInfo (RoleInfo.java:shutdownLeaderElection(134)) - a8ae9c07-6d89-4a49-a594-cacd4b776180: shutdown LeaderElection
2019-11-05 08:24:01,747 [4a682f4f-c3f2-4b77-88b7-f0ab78890feb@group-0DB8C7688BF9-LeaderElection210] INFO  impl.RaftServerImpl (RaftServerImpl.java:setRole(184)) - 4a682f4f-c3f2-4b77-88b7-f0ab78890feb@group-0DB8C7688BF9: changes role from CANDIDATE to FOLLOWER at term 103 for DISCOVERED_A_NEW_TERM
2019-11-05 08:24:01,747 [a8ae9c07-6d89-4a49-a594-cacd4b776180@group-0E159EE4F99E-LeaderElection209] INFO  impl.RoleInfo (RoleInfo.java:updateAndGet(143)) - a8ae9c07-6d89-4a49-a594-cacd4b776180: start FollowerState
2019-11-05 08:24:01,747 [4a682f4f-c3f2-4b77-88b7-f0ab78890feb@group-0DB8C7688BF9-LeaderElection210] INFO  impl.RoleInfo (RoleInfo.java:shutdownLeaderElection(134)) - 4a682f4f-c3f2-4b77-88b7-f0ab78890feb: shutdown LeaderElection
2019-11-05 08:24:01,748 [4a682f4f-c3f2-4b77-88b7-f0ab78890feb@group-0DB8C7688BF9-LeaderElection210] INFO  impl.RoleInfo (RoleInfo.java:updateAndGet(143)) - 4a682f4f-c3f2-4b77-88b7-f0ab78890feb: start FollowerState
2019-11-05 08:24:01,796 [Thread-1753] INFO  impl.FollowerState (FollowerState.java:run(108)) - a8ae9c07-6d89-4a49-a594-cacd4b776180@group-0E159EE4F99E-FollowerState: change to CANDIDATE, lastRpcTime:48ms, electionTimeout:48ms
2019-11-05 08:24:01,796 [Thread-1753] INFO  impl.RoleInfo (RoleInfo.java:shutdownFollowerState(121)) - a8ae9c07-6d89-4a49-a594-cacd4b776180: shutdown FollowerState
2019-11-05 08:24:01,796 [Thread-1753] INFO  impl.RaftServerImpl (RaftServerImpl.java:setRole(184)) - a8ae9c07-6d89-4a49-a594-cacd4b776180@group-0E159EE4F99E: changes role from  FOLLOWER to CANDIDATE at term 112 for changeToCandidate
2019-11-05 08:24:01,796 [Thread-1753] INFO  impl.RoleInfo (RoleInfo.java:updateAndGet(143)) - a8ae9c07-6d89-4a49-a594-cacd4b776180: start LeaderElection
2019-11-05 08:24:01,810 [a8ae9c07-6d89-4a49-a594-cacd4b776180@group-0E159EE4F99E-LeaderElection211] INFO  impl.LeaderElection (LeaderElection.java:askForVotes(178)) - a8ae9c07-6d89-4a49-a594-cacd4b776180@group-0E159EE4F99E-LeaderElection211: begin an election at term 113 for -1: [caafcba9-090a-41f5-a5f9-cba5a6a81e94:192.168.164.217:37197, a8ae9c07-6d89-4a49-a594-cacd4b776180:192.168.164.217:42719, b3bb9051-8089-4c51-a999-81579e5913f2:192.168.164.217:36516], old=null
2019-11-05 08:24:01,812 [grpc-default-executor-3] INFO  impl.RaftServerImpl (RaftServerImpl.java:setRole(184)) - caafcba9-090a-41f5-a5f9-cba5a6a81e94@group-0E159EE4F99E: changes role from  FOLLOWER to FOLLOWER at term 113 for recognizeCandidate:a8ae9c07-6d89-4a49-a594-cacd4b776180
2019-11-05 08:24:01,812 [grpc-default-executor-4] INFO  impl.RaftServerImpl (RaftServerImpl.java:setRole(184)) - b3bb9051-8089-4c51-a999-81579e5913f2@group-0E159EE4F99E: changes role from  FOLLOWER to FOLLOWER at term 113 for recognizeCandidate:a8ae9c07-6d89-4a49-a594-cacd4b776180
2019-11-05 08:24:01,812 [grpc-default-executor-3] INFO  impl.RoleInfo (RoleInfo.java:shutdownFollowerState(121)) - caafcba9-090a-41f5-a5f9-cba5a6a81e94: shutdown FollowerState
2019-11-05 08:24:01,812 [grpc-default-executor-4] INFO  impl.RoleInfo (RoleInfo.java:shutdownFollowerState(121)) - b3bb9051-8089-4c51-a999-81579e5913f2: shutdown FollowerState
2019-11-05 08:24:01,813 [Thread-1749] INFO  impl.FollowerState (FollowerState.java:run(117)) - caafcba9-090a-41f5-a5f9-cba5a6a81e94@group-0E159EE4F99E-FollowerState was interrupted: java.lang.InterruptedException: sleep interrupted
2019-11-05 08:24:01,813 [grpc-default-executor-3] INFO  impl.RoleInfo (RoleInfo.java:updateAndGet(143)) - caafcba9-090a-41f5-a5f9-cba5a6a81e94: start FollowerState
2019-11-05 08:24:01,813 [Thread-1752] INFO  impl.FollowerState (FollowerState.java:run(117)) - b3bb9051-8089-4c51-a999-81579e5913f2@group-0E159EE4F99E-FollowerState was interrupted: java.lang.InterruptedException: sleep interrupted
2019-11-05 08:24:01,813 [grpc-default-executor-4] INFO  impl.RoleInfo (RoleInfo.java:updateAndGet(143)) - b3bb9051-8089-4c51-a999-81579e5913f2: start FollowerState
2019-11-05 08:24:01,828 [a8ae9c07-6d89-4a49-a594-cacd4b776180@group-0E159EE4F99E-LeaderElection211] INFO  impl.LeaderElection (LeaderElection.java:logAndReturn(56)) - a8ae9c07-6d89-4a49-a594-cacd4b776180@group-0E159EE4F99E-LeaderElection211: Election REJECTED; received 2 response(s) [a8ae9c07-6d89-4a49-a594-cacd4b776180<-caafcba9-090a-41f5-a5f9-cba5a6a81e94#0:FAIL-t113, a8ae9c07-6d89-4a49-a594-cacd4b776180<-b3bb9051-8089-4c51-a999-81579e5913f2#0:FAIL-t113] and 0 exception(s); a8ae9c07-6d89-4a49-a594-cacd4b776180@group-0E159EE4F99E:t113, leader=null, voted=a8ae9c07-6d89-4a49-a594-cacd4b776180, raftlog=a8ae9c07-6d89-4a49-a594-cacd4b776180@group-0E159EE4F99E-SegmentedRaftLog:OPENED:c-1,f-1,i0, conf=-1: [caafcba9-090a-41f5-a5f9-cba5a6a81e94:192.168.164.217:37197, a8ae9c07-6d89-4a49-a594-cacd4b776180:192.168.164.217:42719, b3bb9051-8089-4c51-a999-81579e5913f2:192.168.164.217:36516], old=null
2019-11-05 08:24:01,828 [a8ae9c07-6d89-4a49-a594-cacd4b776180@group-0E159EE4F99E-LeaderElection211] INFO  impl.RaftServerImpl (RaftServerImpl.java:setRole(184)) - a8ae9c07-6d89-4a49-a594-cacd4b776180@group-0E159EE4F99E: changes role from CANDIDATE to FOLLOWER at term 113 for DISCOVERED_A_NEW_TERM
2019-11-05 08:24:01,828 [a8ae9c07-6d89-4a49-a594-cacd4b776180@group-0E159EE4F99E-LeaderElection211] INFO  impl.RoleInfo (RoleInfo.java:shutdownLeaderElection(134)) - a8ae9c07-6d89-4a49-a594-cacd4b776180: shutdown LeaderElection
2019-11-05 08:24:01,829 [a8ae9c07-6d89-4a49-a594-cacd4b776180@group-0E159EE4F99E-LeaderElection211] INFO  impl.RoleInfo (RoleInfo.java:updateAndGet(143)) - a8ae9c07-6d89-4a49-a594-cacd4b776180: start FollowerState
2019-11-05 08:24:01,875 [Thread-1754] INFO  impl.FollowerState (FollowerState.java:run(108)) - 4a682f4f-c3f2-4b77-88b7-f0ab78890feb@group-0DB8C7688BF9-FollowerState: change to CANDIDATE, lastRpcTime:127ms, electionTimeout:127ms
2019-11-05 08:24:01,875 [Thread-1754] INFO  impl.RoleInfo (RoleInfo.java:shutdownFollowerState(121)) - 4a682f4f-c3f2-4b77-88b7-f0ab78890feb: shutdown FollowerState
2019-11-05 08:24:01,876 [Thread-1754] INFO  impl.RaftServerImpl (RaftServerImpl.java:setRole(184)) - 4a682f4f-c3f2-4b77-88b7-f0ab78890feb@group-0DB8C7688BF9: changes role from  FOLLOWER to CANDIDATE at term 103 for changeToCandidate
2019-11-05 08:24:01,876 [Thread-1754] INFO  impl.RoleInfo (RoleInfo.java:updateAndGet(143)) - 4a682f4f-c3f2-4b77-88b7-f0ab78890feb: start LeaderElection
2019-11-05 08:24:01,890 [4a682f4f-c3f2-4b77-88b7-f0ab78890feb@group-0DB8C7688BF9-LeaderElection212] INFO  impl.LeaderElection (LeaderElection.java:askForVotes(178)) - 4a682f4f-c3f2-4b77-88b7-f0ab78890feb@group-0DB8C7688BF9-LeaderElection212: begin an election at term 104 for -1: [77ab65e6-d942-49df-83a3-1d4c0bf152b3:192.168.164.217:39381, 7e1b84a9-a041-44fd-8008-f2679426984c:192.168.164.217:44149, 4a682f4f-c3f2-4b77-88b7-f0ab78890feb:192.168.164.217:34174], old=null
2019-11-05 08:24:01,893 [grpc-default-executor-4] INFO  impl.RaftServerImpl (RaftServerImpl.java:setRole(184)) - 77ab65e6-d942-49df-83a3-1d4c0bf152b3@group-0DB8C7688BF9: changes role from  FOLLOWER to FOLLOWER at term 104 for recognizeCandidate:4a682f4f-c3f2-4b77-88b7-f0ab78890feb
2019-11-05 08:24:01,893 [grpc-default-executor-4] INFO  impl.RoleInfo (RoleInfo.java:shutdownFollowerState(121)) - 77ab65e6-d942-49df-83a3-1d4c0bf152b3: shutdown FollowerState
2019-11-05 08:24:01,893 [grpc-default-executor-3] INFO  impl.RaftServerImpl (RaftServerImpl.java:setRole(184)) - 7e1b84a9-a041-44fd-8008-f2679426984c@group-0DB8C7688BF9: changes role from  FOLLOWER to FOLLOWER at term 104 for recognizeCandidate:4a682f4f-c3f2-4b77-88b7-f0ab78890feb
2019-11-05 08:24:01,893 [grpc-default-executor-3] INFO  impl.RoleInfo (RoleInfo.java:shutdownFollowerState(121)) - 7e1b84a9-a041-44fd-8008-f2679426984c: shutdown FollowerState
2019-11-05 08:24:01,893 [Thread-1750] INFO  impl.FollowerState (FollowerState.java:run(117)) - 77ab65e6-d942-49df-83a3-1d4c0bf152b3@group-0DB8C7688BF9-FollowerState was interrupted: java.lang.InterruptedException: sleep interrupted
2019-11-05 08:24:01,893 [Thread-1751] INFO  impl.FollowerState (FollowerState.java:run(117)) - 7e1b84a9-a041-44fd-8008-f2679426984c@group-0DB8C7688BF9-FollowerState was interrupted: java.lang.InterruptedException: sleep interrupted
2019-11-05 08:24:01,893 [grpc-default-executor-4] INFO  impl.RoleInfo (RoleInfo.java:updateAndGet(143)) - 77ab65e6-d942-49df-83a3-1d4c0bf152b3: start FollowerState
2019-11-05 08:24:01,893 [grpc-default-executor-3] INFO  impl.RoleInfo (RoleInfo.java:updateAndGet(143)) - 7e1b84a9-a041-44fd-8008-f2679426984c: start FollowerState
2019-11-05 08:24:01,908 [4a682f4f-c3f2-4b77-88b7-f0ab78890feb@group-0DB8C7688BF9-LeaderElection212] INFO  impl.LeaderElection (LeaderElection.java:logAndReturn(56)) - 4a682f4f-c3f2-4b77-88b7-f0ab78890feb@group-0DB8C7688BF9-LeaderElection212: Election REJECTED; received 2 response(s) [4a682f4f-c3f2-4b77-88b7-f0ab78890feb<-77ab65e6-d942-49df-83a3-1d4c0bf152b3#0:FAIL-t104, 4a682f4f-c3f2-4b77-88b7-f0ab78890feb<-7e1b84a9-a041-44fd-8008-f2679426984c#0:FAIL-t104] and 0 exception(s); 4a682f4f-c3f2-4b77-88b7-f0ab78890feb@group-0DB8C7688BF9:t104, leader=null, voted=4a682f4f-c3f2-4b77-88b7-f0ab78890feb, raftlog=4a682f4f-c3f2-4b77-88b7-f0ab78890feb@group-0DB8C7688BF9-SegmentedRaftLog:OPENED:c-1,f-1,i0, conf=-1: [77ab65e6-d942-49df-83a3-1d4c0bf152b3:192.168.164.217:39381, 7e1b84a9-a041-44fd-8008-f2679426984c:192.168.164.217:44149, 4a682f4f-c3f2-4b77-88b7-f0ab78890feb:192.168.164.217:34174], old=null
2019-11-05 08:24:01,909 [4a682f4f-c3f2-4b77-88b7-f0ab78890feb@group-0DB8C7688BF9-LeaderElection212] INFO  impl.RaftServerImpl (RaftServerImpl.java:setRole(184)) - 4a682f4f-c3f2-4b77-88b7-f0ab78890feb@group-0DB8C7688BF9: changes role from CANDIDATE to FOLLOWER at term 104 for DISCOVERED_A_NEW_TERM
2019-11-05 08:24:01,909 [4a682f4f-c3f2-4b77-88b7-f0ab78890feb@group-0DB8C7688BF9-LeaderElection212] INFO  impl.RoleInfo (RoleInfo.java:shutdownLeaderElection(134)) - 4a682f4f-c3f2-4b77-88b7-f0ab78890feb: shutdown LeaderElection
2019-11-05 08:24:01,909 [4a682f4f-c3f2-4b77-88b7-f0ab78890feb@group-0DB8C7688BF9-LeaderElection212] INFO  impl.RoleInfo (RoleInfo.java:updateAndGet(143)) - 4a682f4f-c3f2-4b77-88b7-f0ab78890feb: start FollowerState
2019-11-05 08:24:01,934 [Thread-1760] INFO  impl.FollowerState (FollowerState.java:run(108)) - a8ae9c07-6d89-4a49-a594-cacd4b776180@group-0E159EE4F99E-FollowerState: change to CANDIDATE, lastRpcTime:105ms, electionTimeout:105ms
2019-11-05 08:24:01,934 [Thread-1760] INFO  impl.RoleInfo (RoleInfo.java:shutdownFollowerState(121)) - a8ae9c07-6d89-4a49-a594-cacd4b776180: shutdown FollowerState
2019-11-05 08:24:01,935 [Thread-1760] INFO  impl.RaftServerImpl (RaftServerImpl.java:setRole(184)) - a8ae9c07-6d89-4a49-a594-cacd4b776180@group-0E159EE4F99E: changes role from  FOLLOWER to CANDIDATE at term 113 for changeToCandidate
2019-11-05 08:24:01,935 [Thread-1760] INFO  impl.RoleInfo (RoleInfo.java:updateAndGet(143)) - a8ae9c07-6d89-4a49-a594-cacd4b776180: start LeaderElection
2019-11-05 08:24:01,949 [a8ae9c07-6d89-4a49-a594-cacd4b776180@group-0E159EE4F99E-LeaderElection213] INFO  impl.LeaderElection (LeaderElection.java:askForVotes(178)) - a8ae9c07-6d89-4a49-a594-cacd4b776180@group-0E159EE4F99E-LeaderElection213: begin an election at term 114 for -1: [caafcba9-090a-41f5-a5f9-cba5a6a81e94:192.168.164.217:37197, a8ae9c07-6d89-4a49-a594-cacd4b776180:192.168.164.217:42719, b3bb9051-8089-4c51-a999-81579e5913f2:192.168.164.217:36516], old=null
2019-11-05 08:24:01,951 [grpc-default-executor-4] INFO  impl.RaftServerImpl (RaftServerImpl.java:setRole(184)) - caafcba9-090a-41f5-a5f9-cba5a6a81e94@group-0E159EE4F99E: changes role from  FOLLOWER to FOLLOWER at term 114 for recognizeCandidate:a8ae9c07-6d89-4a49-a594-cacd4b776180
2019-11-05 08:24:01,951 [grpc-default-executor-4] INFO  impl.RoleInfo (RoleInfo.java:shutdownFollowerState(121)) - caafcba9-090a-41f5-a5f9-cba5a6a81e94: shutdown FollowerState
2019-11-05 08:24:01,951 [grpc-default-executor-3] INFO  impl.RaftServerImpl (RaftServerImpl.java:setRole(184)) - b3bb9051-8089-4c51-a999-81579e5913f2@group-0E159EE4F99E: changes role from  FOLLOWER to FOLLOWER at term 114 for recognizeCandidate:a8ae9c07-6d89-4a49-a594-cacd4b776180
2019-11-05 08:24:01,951 [grpc-default-executor-4] INFO  impl.RoleInfo (RoleInfo.java:updateAndGet(143)) - caafcba9-090a-41f5-a5f9-cba5a6a81e94: start FollowerState
2019-11-05 08:24:01,952 [Thread-1758] INFO  impl.FollowerState (FollowerState.java:run(117)) - caafcba9-090a-41f5-a5f9-cba5a6a81e94@group-0E159EE4F99E-FollowerState was interrupted: java.lang.InterruptedException: sleep interrupted
2019-11-05 08:24:01,952 [grpc-default-executor-3] INFO  impl.RoleInfo (RoleInfo.java:shutdownFollowerState(121)) - b3bb9051-8089-4c51-a999-81579e5913f2: shutdown FollowerState
2019-11-05 08:24:01,952 [grpc-default-executor-3] INFO  impl.RoleInfo (RoleInfo.java:updateAndGet(143)) - b3bb9051-8089-4c51-a999-81579e5913f2: start FollowerState
2019-11-05 08:24:01,952 [Thread-1759] INFO  impl.FollowerState (FollowerState.java:run(117)) - b3bb9051-8089-4c51-a999-81579e5913f2@group-0E159EE4F99E-FollowerState was interrupted: java.lang.InterruptedException: sleep interrupted
2019-11-05 08:24:01,961 [Thread-1766] INFO  impl.FollowerState (FollowerState.java:run(108)) - 4a682f4f-c3f2-4b77-88b7-f0ab78890feb@group-0DB8C7688BF9-FollowerState: change to CANDIDATE, lastRpcTime:52ms, electionTimeout:52ms
2019-11-05 08:24:01,962 [Thread-1766] INFO  impl.RoleInfo (RoleInfo.java:shutdownFollowerState(121)) - 4a682f4f-c3f2-4b77-88b7-f0ab78890feb: shutdown FollowerState
2019-11-05 08:24:01,962 [Thread-1766] INFO  impl.RaftServerImpl (RaftServerImpl.java:setRole(184)) - 4a682f4f-c3f2-4b77-88b7-f0ab78890feb@group-0DB8C7688BF9: changes role from  FOLLOWER to CANDIDATE at term 104 for changeToCandidate
2019-11-05 08:24:01,962 [Thread-1766] INFO  impl.RoleInfo (RoleInfo.java:updateAndGet(143)) - 4a682f4f-c3f2-4b77-88b7-f0ab78890feb: start LeaderElection
2019-11-05 08:24:01,980 [4a682f4f-c3f2-4b77-88b7-f0ab78890feb@group-0DB8C7688BF9-LeaderElection214] INFO  impl.LeaderElection (LeaderElection.java:askForVotes(178)) - 4a682f4f-c3f2-4b77-88b7-f0ab78890feb@group-0DB8C7688BF9-LeaderElection214: begin an election at term 105 for -1: [77ab65e6-d942-49df-83a3-1d4c0bf152b3:192.168.164.217:39381, 7e1b84a9-a041-44fd-8008-f2679426984c:192.168.164.217:44149, 4a682f4f-c3f2-4b77-88b7-f0ab78890feb:192.168.164.217:34174], old=null
2019-11-05 08:24:01,980 [a8ae9c07-6d89-4a49-a594-cacd4b776180@group-0E159EE4F99E-LeaderElection213] INFO  impl.LeaderElection (LeaderElection.java:logAndReturn(56)) - a8ae9c07-6d89-4a49-a594-cacd4b776180@group-0E159EE4F99E-LeaderElection213: Election REJECTED; received 2 response(s) [a8ae9c07-6d89-4a49-a594-cacd4b776180<-caafcba9-090a-41f5-a5f9-cba5a6a81e94#0:FAIL-t114, a8ae9c07-6d89-4a49-a594-cacd4b776180<-b3bb9051-8089-4c51-a999-81579e5913f2#0:FAIL-t114] and 0 exception(s); a8ae9c07-6d89-4a49-a594-cacd4b776180@group-0E159EE4F99E:t114, leader=null, voted=a8ae9c07-6d89-4a49-a594-cacd4b776180, raftlog=a8ae9c07-6d89-4a49-a594-cacd4b776180@group-0E159EE4F99E-SegmentedRaftLog:OPENED:c-1,f-1,i0, conf=-1: [caafcba9-090a-41f5-a5f9-cba5a6a81e94:192.168.164.217:37197, a8ae9c07-6d89-4a49-a594-cacd4b776180:192.168.164.217:42719, b3bb9051-8089-4c51-a999-81579e5913f2:192.168.164.217:36516], old=null
2019-11-05 08:24:01,981 [a8ae9c07-6d89-4a49-a594-cacd4b776180@group-0E159EE4F99E-LeaderElection213] INFO  impl.RaftServerImpl (RaftServerImpl.java:setRole(184)) - a8ae9c07-6d89-4a49-a594-cacd4b776180@group-0E159EE4F99E: changes role from CANDIDATE to FOLLOWER at term 114 for DISCOVERED_A_NEW_TERM
2019-11-05 08:24:01,981 [a8ae9c07-6d89-4a49-a594-cacd4b776180@group-0E159EE4F99E-LeaderElection213] INFO  impl.RoleInfo (RoleInfo.java:shutdownLeaderElection(134)) - a8ae9c07-6d89-4a49-a594-cacd4b776180: shutdown LeaderElection
2019-11-05 08:24:01,981 [a8ae9c07-6d89-4a49-a594-cacd4b776180@group-0E159EE4F99E-LeaderElection213] INFO  impl.RoleInfo (RoleInfo.java:updateAndGet(143)) - a8ae9c07-6d89-4a49-a594-cacd4b776180: start FollowerState
2019-11-05 08:24:01,982 [grpc-default-executor-4] INFO  impl.RaftServerImpl (RaftServerImpl.java:setRole(184)) - 77ab65e6-d942-49df-83a3-1d4c0bf152b3@group-0DB8C7688BF9: changes role from  FOLLOWER to FOLLOWER at term 105 for recognizeCandidate:4a682f4f-c3f2-4b77-88b7-f0ab78890feb
2019-11-05 08:24:01,982 [grpc-default-executor-4] INFO  impl.RoleInfo (RoleInfo.java:shutdownFollowerState(121)) - 77ab65e6-d942-49df-83a3-1d4c0bf152b3: shutdown FollowerState
2019-11-05 08:24:01,982 [grpc-default-executor-4] INFO  impl.RoleInfo (RoleInfo.java:updateAndGet(143)) - 77ab65e6-d942-49df-83a3-1d4c0bf152b3: start FollowerState
2019-11-05 08:24:01,982 [Thread-1764] INFO  impl.FollowerState (FollowerState.java:run(117)) - 77ab65e6-d942-49df-83a3-1d4c0bf152b3@group-0DB8C7688BF9-FollowerState was interrupted: java.lang.InterruptedException: sleep interrupted
2019-11-05 08:24:01,982 [grpc-default-executor-3] INFO  impl.RaftServerImpl (RaftServerImpl.java:setRole(184)) - 7e1b84a9-a041-44fd-8008-f2679426984c@group-0DB8C7688BF9: changes role from  FOLLOWER to FOLLOWER at term 105 for recognizeCandidate:4a682f4f-c3f2-4b77-88b7-f0ab78890feb
2019-11-05 08:24:01,983 [grpc-default-executor-3] INFO  impl.RoleInfo (RoleInfo.java:shutdownFollowerState(121)) - 7e1b84a9-a041-44fd-8008-f2679426984c: shutdown FollowerState
2019-11-05 08:24:01,983 [grpc-default-executor-3] INFO  impl.RoleInfo (RoleInfo.java:updateAndGet(143)) - 7e1b84a9-a041-44fd-8008-f2679426984c: start FollowerState
2019-11-05 08:24:01,983 [Thread-1765] INFO  impl.FollowerState (FollowerState.java:run(117)) - 7e1b84a9-a041-44fd-8008-f2679426984c@group-0DB8C7688BF9-FollowerState was interrupted: java.lang.InterruptedException: sleep interrupted
2019-11-05 08:24:01,996 [4a682f4f-c3f2-4b77-88b7-f0ab78890feb@group-0DB8C7688BF9-LeaderElection214] INFO  impl.LeaderElection (LeaderElection.java:logAndReturn(56)) - 4a682f4f-c3f2-4b77-88b7-f0ab78890feb@group-0DB8C7688BF9-LeaderElection214: Election REJECTED; received 2 response(s) [4a682f4f-c3f2-4b77-88b7-f0ab78890feb<-77ab65e6-d942-49df-83a3-1d4c0bf152b3#0:FAIL-t105, 4a682f4f-c3f2-4b77-88b7-f0ab78890feb<-7e1b84a9-a041-44fd-8008-f2679426984c#0:FAIL-t105] and 0 exception(s); 4a682f4f-c3f2-4b77-88b7-f0ab78890feb@group-0DB8C7688BF9:t105, leader=null, voted=4a682f4f-c3f2-4b77-88b7-f0ab78890feb, raftlog=4a682f4f-c3f2-4b77-88b7-f0ab78890feb@group-0DB8C7688BF9-SegmentedRaftLog:OPENED:c-1,f-1,i0, conf=-1: [77ab65e6-d942-49df-83a3-1d4c0bf152b3:192.168.164.217:39381, 7e1b84a9-a041-44fd-8008-f2679426984c:192.168.164.217:44149, 4a682f4f-c3f2-4b77-88b7-f0ab78890feb:192.168.164.217:34174], old=null
2019-11-05 08:24:01,996 [4a682f4f-c3f2-4b77-88b7-f0ab78890feb@group-0DB8C7688BF9-LeaderElection214] INFO  impl.RaftServerImpl (RaftServerImpl.java:setRole(184)) - 4a682f4f-c3f2-4b77-88b7-f0ab78890feb@group-0DB8C7688BF9: changes role from CANDIDATE to FOLLOWER at term 105 for DISCOVERED_A_NEW_TERM
2019-11-05 08:24:01,996 [4a682f4f-c3f2-4b77-88b7-f0ab78890feb@group-0DB8C7688BF9-LeaderElection214] INFO  impl.RoleInfo (RoleInfo.java:shutdownLeaderElection(134)) - 4a682f4f-c3f2-4b77-88b7-f0ab78890feb: shutdown LeaderElection
2019-11-05 08:24:01,996 [4a682f4f-c3f2-4b77-88b7-f0ab78890feb@group-0DB8C7688BF9-LeaderElection214] INFO  impl.RoleInfo (RoleInfo.java:updateAndGet(143)) - 4a682f4f-c3f2-4b77-88b7-f0ab78890feb: start FollowerState
2019-11-05 08:24:02,147 [Thread-1775] INFO  impl.FollowerState (FollowerState.java:run(108)) - a8ae9c07-6d89-4a49-a594-cacd4b776180@group-0E159EE4F99E-FollowerState: change to CANDIDATE, lastRpcTime:165ms, electionTimeout:165ms
2019-11-05 08:24:02,147 [Thread-1775] INFO  impl.RoleInfo (RoleInfo.java:shutdownFollowerState(121)) - a8ae9c07-6d89-4a49-a594-cacd4b776180: shutdown FollowerState
2019-11-05 08:24:02,147 [Thread-1775] INFO  impl.RaftServerImpl (RaftServerImpl.java:setRole(184)) - a8ae9c07-6d89-4a49-a594-cacd4b776180@group-0E159EE4F99E: changes role from  FOLLOWER to CANDIDATE at term 114 for changeToCandidate
2019-11-05 08:24:02,147 [Thread-1775] INFO  impl.RoleInfo (RoleInfo.java:updateAndGet(143)) - a8ae9c07-6d89-4a49-a594-cacd4b776180: start LeaderElection
2019-11-05 08:24:02,159 [Thread-1778] INFO  impl.FollowerState (FollowerState.java:run(108)) - 4a682f4f-c3f2-4b77-88b7-f0ab78890feb@group-0DB8C7688BF9-FollowerState: change to CANDIDATE, lastRpcTime:162ms, electionTimeout:161ms
2019-11-05 08:24:02,161 [a8ae9c07-6d89-4a49-a594-cacd4b776180@group-0E159EE4F99E-LeaderElection215] INFO  impl.LeaderElection (LeaderElection.java:askForVotes(178)) - a8ae9c07-6d89-4a49-a594-cacd4b776180@group-0E159EE4F99E-LeaderElection215: begin an election at term 115 for -1: [caafcba9-090a-41f5-a5f9-cba5a6a81e94:192.168.164.217:37197, a8ae9c07-6d89-4a49-a594-cacd4b776180:192.168.164.217:42719, b3bb9051-8089-4c51-a999-81579e5913f2:192.168.164.217:36516], old=null
2019-11-05 08:24:02,163 [Thread-1778] INFO  impl.RoleInfo (RoleInfo.java:shutdownFollowerState(121)) - 4a682f4f-c3f2-4b77-88b7-f0ab78890feb: shutdown FollowerState
2019-11-05 08:24:02,163 [Thread-1778] INFO  impl.RaftServerImpl (RaftServerImpl.java:setRole(184)) - 4a682f4f-c3f2-4b77-88b7-f0ab78890feb@group-0DB8C7688BF9: changes role from  FOLLOWER to CANDIDATE at term 105 for changeToCandidate
2019-11-05 08:24:02,163 [Thread-1778] INFO  impl.RoleInfo (RoleInfo.java:updateAndGet(143)) - 4a682f4f-c3f2-4b77-88b7-f0ab78890feb: start LeaderElection
2019-11-05 08:24:02,167 [grpc-default-executor-3] INFO  impl.RaftServerImpl (RaftServerImpl.java:setRole(184)) - caafcba9-090a-41f5-a5f9-cba5a6a81e94@group-0E159EE4F99E: changes role from  FOLLOWER to FOLLOWER at term 115 for recognizeCandidate:a8ae9c07-6d89-4a49-a594-cacd4b776180
2019-11-05 08:24:02,167 [grpc-default-executor-1] INFO  impl.RaftServerImpl (RaftServerImpl.java:setRole(184)) - b3bb9051-8089-4c51-a999-81579e5913f2@group-0E159EE4F99E: changes role from  FOLLOWER to FOLLOWER at term 115 for recognizeCandidate:a8ae9c07-6d89-4a49-a594-cacd4b776180
2019-11-05 08:24:02,167 [grpc-default-executor-3] INFO  impl.RoleInfo (RoleInfo.java:shutdownFollowerState(121)) - caafcba9-090a-41f5-a5f9-cba5a6a81e94: shutdown FollowerState
2019-11-05 08:24:02,168 [grpc-default-executor-1] INFO  impl.RoleInfo (RoleInfo.java:shutdownFollowerState(121)) - b3bb9051-8089-4c51-a999-81579e5913f2: shutdown FollowerState
2019-11-05 08:24:02,168 [Thread-1770] INFO  impl.FollowerState (FollowerState.java:run(117)) - caafcba9-090a-41f5-a5f9-cba5a6a81e94@group-0E159EE4F99E-FollowerState was interrupted: java.lang.InterruptedException: sleep interrupted
2019-11-05 08:24:02,168 [Thread-1771] INFO  impl.FollowerState (FollowerState.java:run(117)) - b3bb9051-8089-4c51-a999-81579e5913f2@group-0E159EE4F99E-FollowerState was interrupted: java.lang.InterruptedException: sleep interrupted
2019-11-05 08:24:02,168 [grpc-default-executor-3] INFO  impl.RoleInfo (RoleInfo.java:updateAndGet(143)) - caafcba9-090a-41f5-a5f9-cba5a6a81e94: start FollowerState
2019-11-05 08:24:02,168 [grpc-default-executor-1] INFO  impl.RoleInfo (RoleInfo.java:updateAndGet(143)) - b3bb9051-8089-4c51-a999-81579e5913f2: start FollowerState
2019-11-05 08:24:02,179 [4a682f4f-c3f2-4b77-88b7-f0ab78890feb@group-0DB8C7688BF9-LeaderElection216] INFO  impl.LeaderElection (LeaderElection.java:askForVotes(178)) - 4a682f4f-c3f2-4b77-88b7-f0ab78890feb@group-0DB8C7688BF9-LeaderElection216: begin an election at term 106 for -1: [77ab65e6-d942-49df-83a3-1d4c0bf152b3:192.168.164.217:39381, 7e1b84a9-a041-44fd-8008-f2679426984c:192.168.164.217:44149, 4a682f4f-c3f2-4b77-88b7-f0ab78890feb:192.168.164.217:34174], old=null
2019-11-05 08:24:02,180 [a8ae9c07-6d89-4a49-a594-cacd4b776180@group-0E159EE4F99E-LeaderElection215] INFO  impl.LeaderElection (LeaderElection.java:logAndReturn(56)) - a8ae9c07-6d89-4a49-a594-cacd4b776180@group-0E159EE4F99E-LeaderElection215: Election REJECTED; received 2 response(s) [a8ae9c07-6d89-4a49-a594-cacd4b776180<-caafcba9-090a-41f5-a5f9-cba5a6a81e94#0:FAIL-t115, a8ae9c07-6d89-4a49-a594-cacd4b776180<-b3bb9051-8089-4c51-a999-81579e5913f2#0:FAIL-t115] and 0 exception(s); a8ae9c07-6d89-4a49-a594-cacd4b776180@group-0E159EE4F99E:t115, leader=null, voted=a8ae9c07-6d89-4a49-a594-cacd4b776180, raftlog=a8ae9c07-6d89-4a49-a594-cacd4b776180@group-0E159EE4F99E-SegmentedRaftLog:OPENED:c-1,f-1,i0, conf=-1: [caafcba9-090a-41f5-a5f9-cba5a6a81e94:192.168.164.217:37197, a8ae9c07-6d89-4a49-a594-cacd4b776180:192.168.164.217:42719, b3bb9051-8089-4c51-a999-81579e5913f2:192.168.164.217:36516], old=null
2019-11-05 08:24:02,180 [a8ae9c07-6d89-4a49-a594-cacd4b776180@group-0E159EE4F99E-LeaderElection215] INFO  impl.RaftServerImpl (RaftServerImpl.java:setRole(184)) - a8ae9c07-6d89-4a49-a594-cacd4b776180@group-0E159EE4F99E: changes role from CANDIDATE to FOLLOWER at term 115 for DISCOVERED_A_NEW_TERM
2019-11-05 08:24:02,180 [a8ae9c07-6d89-4a49-a594-cacd4b776180@group-0E159EE4F99E-LeaderElection215] INFO  impl.RoleInfo (RoleInfo.java:shutdownLeaderElection(134)) - a8ae9c07-6d89-4a49-a594-cacd4b776180: shutdown LeaderElection
2019-11-05 08:24:02,180 [a8ae9c07-6d89-4a49-a594-cacd4b776180@group-0E159EE4F99E-LeaderElection215] INFO  impl.RoleInfo (RoleInfo.java:updateAndGet(143)) - a8ae9c07-6d89-4a49-a594-cacd4b776180: start FollowerState
2019-11-05 08:24:02,182 [grpc-default-executor-1] INFO  impl.RaftServerImpl (RaftServerImpl.java:setRole(184)) - 7e1b84a9-a041-44fd-8008-f2679426984c@group-0DB8C7688BF9: changes role from  FOLLOWER to FOLLOWER at term 106 for recognizeCandidate:4a682f4f-c3f2-4b77-88b7-f0ab78890feb
2019-11-05 08:24:02,182 [grpc-default-executor-1] INFO  impl.RoleInfo (RoleInfo.java:shutdownFollowerState(121)) - 7e1b84a9-a041-44fd-8008-f2679426984c: shutdown FollowerState
2019-11-05 08:24:02,182 [grpc-default-executor-1] INFO  impl.RoleInfo (RoleInfo.java:updateAndGet(143)) - 7e1b84a9-a041-44fd-8008-f2679426984c: start FollowerState
2019-11-05 08:24:02,182 [Thread-1777] INFO  impl.FollowerState (FollowerState.java:run(117)) - 7e1b84a9-a041-44fd-8008-f2679426984c@group-0DB8C7688BF9-FollowerState was interrupted: java.lang.InterruptedException: sleep interrupted
2019-11-05 08:24:02,182 [grpc-default-executor-3] INFO  impl.RaftServerImpl (RaftServerImpl.java:setRole(184)) - 77ab65e6-d942-49df-83a3-1d4c0bf152b3@group-0DB8C7688BF9: changes role from  FOLLOWER to FOLLOWER at term 106 for recognizeCandidate:4a682f4f-c3f2-4b77-88b7-f0ab78890feb
2019-11-05 08:24:02,183 [grpc-default-executor-3] INFO  impl.RoleInfo (RoleInfo.java:shutdownFollowerState(121)) - 77ab65e6-d942-49df-83a3-1d4c0bf152b3: shutdown FollowerState
2019-11-05 08:24:02,183 [grpc-default-executor-3] INFO  impl.RoleInfo (RoleInfo.java:updateAndGet(143)) - 77ab65e6-d942-49df-83a3-1d4c0bf152b3: start FollowerState
2019-11-05 08:24:02,183 [Thread-1776] INFO  impl.FollowerState (FollowerState.java:run(117)) - 77ab65e6-d942-49df-83a3-1d4c0bf152b3@group-0DB8C7688BF9-FollowerState was interrupted: java.lang.InterruptedException: sleep interrupted
2019-11-05 08:24:02,197 [4a682f4f-c3f2-4b77-88b7-f0ab78890feb@group-0DB8C7688BF9-LeaderElection216] INFO  impl.LeaderElection (LeaderElection.java:logAndReturn(56)) - 4a682f4f-c3f2-4b77-88b7-f0ab78890feb@group-0DB8C7688BF9-LeaderElection216: Election REJECTED; received 2 response(s) [4a682f4f-c3f2-4b77-88b7-f0ab78890feb<-77ab65e6-d942-49df-83a3-1d4c0bf152b3#0:FAIL-t106, 4a682f4f-c3f2-4b77-88b7-f0ab78890feb<-7e1b84a9-a041-44fd-8008-f2679426984c#0:FAIL-t106] and 0 exception(s); 4a682f4f-c3f2-4b77-88b7-f0ab78890feb@group-0DB8C7688BF9:t106, leader=null, voted=4a682f4f-c3f2-4b77-88b7-f0ab78890feb, raftlog=4a682f4f-c3f2-4b77-88b7-f0ab78890feb@group-0DB8C7688BF9-SegmentedRaftLog:OPENED:c-1,f-1,i0, conf=-1: [77ab65e6-d942-49df-83a3-1d4c0bf152b3:192.168.164.217:39381, 7e1b84a9-a041-44fd-8008-f2679426984c:192.168.164.217:44149, 4a682f4f-c3f2-4b77-88b7-f0ab78890feb:192.168.164.217:34174], old=null
2019-11-05 08:24:02,197 [4a682f4f-c3f2-4b77-88b7-f0ab78890feb@group-0DB8C7688BF9-LeaderElection216] INFO  impl.RaftServerImpl (RaftServerImpl.java:setRole(184)) - 4a682f4f-c3f2-4b77-88b7-f0ab78890feb@group-0DB8C7688BF9: changes role from CANDIDATE to FOLLOWER at term 106 for DISCOVERED_A_NEW_TERM
2019-11-05 08:24:02,197 [4a682f4f-c3f2-4b77-88b7-f0ab78890feb@group-0DB8C7688BF9-LeaderElection216] INFO  impl.RoleInfo (RoleInfo.java:shutdownLeaderElection(134)) - 4a682f4f-c3f2-4b77-88b7-f0ab78890feb: shutdown LeaderElection
2019-11-05 08:24:02,197 [4a682f4f-c3f2-4b77-88b7-f0ab78890feb@group-0DB8C7688BF9-LeaderElection216] INFO  impl.RoleInfo (RoleInfo.java:updateAndGet(143)) - 4a682f4f-c3f2-4b77-88b7-f0ab78890feb: start FollowerState
2019-11-05 08:24:02,271 [Thread-1794] INFO  impl.FollowerState (FollowerState.java:run(108)) - 4a682f4f-c3f2-4b77-88b7-f0ab78890feb@group-0DB8C7688BF9-FollowerState: change to CANDIDATE, lastRpcTime:73ms, electionTimeout:73ms
2019-11-05 08:24:02,271 [Thread-1794] INFO  impl.RoleInfo (RoleInfo.java:shutdownFollowerState(121)) - 4a682f4f-c3f2-4b77-88b7-f0ab78890feb: shutdown FollowerState
2019-11-05 08:24:02,271 [Thread-1794] INFO  impl.RaftServerImpl (RaftServerImpl.java:setRole(184)) - 4a682f4f-c3f2-4b77-88b7-f0ab78890feb@group-0DB8C7688BF9: changes role from  FOLLOWER to CANDIDATE at term 106 for changeToCandidate
2019-11-05 08:24:02,271 [Thread-1794] INFO  impl.RoleInfo (RoleInfo.java:updateAndGet(143)) - 4a682f4f-c3f2-4b77-88b7-f0ab78890feb: start LeaderElection
2019-11-05 08:24:02,285 [4a682f4f-c3f2-4b77-88b7-f0ab78890feb@group-0DB8C7688BF9-LeaderElection217] INFO  impl.LeaderElection (LeaderElection.java:askForVotes(178)) - 4a682f4f-c3f2-4b77-88b7-f0ab78890feb@group-0DB8C7688BF9-LeaderElection217: begin an election at term 107 for -1: [77ab65e6-d942-49df-83a3-1d4c0bf152b3:192.168.164.217:39381, 7e1b84a9-a041-44fd-8008-f2679426984c:192.168.164.217:44149, 4a682f4f-c3f2-4b77-88b7-f0ab78890feb:192.168.164.217:34174], old=null
2019-11-05 08:24:02,288 [grpc-default-executor-1] INFO  impl.RaftServerImpl (RaftServerImpl.java:setRole(184)) - 77ab65e6-d942-49df-83a3-1d4c0bf152b3@group-0DB8C7688BF9: changes role from  FOLLOWER to FOLLOWER at term 107 for recognizeCandidate:4a682f4f-c3f2-4b77-88b7-f0ab78890feb
2019-11-05 08:24:02,288 [grpc-default-executor-3] INFO  impl.RaftServerImpl (RaftServerImpl.java:setRole(184)) - 7e1b84a9-a041-44fd-8008-f2679426984c@group-0DB8C7688BF9: changes role from  FOLLOWER to FOLLOWER at term 107 for recognizeCandidate:4a682f4f-c3f2-4b77-88b7-f0ab78890feb
2019-11-05 08:24:02,288 [grpc-default-executor-1] INFO  impl.RoleInfo (RoleInfo.java:shutdownFollowerState(121)) - 77ab65e6-d942-49df-83a3-1d4c0bf152b3: shutdown FollowerState
2019-11-05 08:24:02,288 [grpc-default-executor-3] INFO  impl.RoleInfo (RoleInfo.java:shutdownFollowerState(121)) - 7e1b84a9-a041-44fd-8008-f2679426984c: shutdown FollowerState
2019-11-05 08:24:02,288 [Thread-1793] INFO  impl.FollowerState (FollowerState.java:run(117)) - 77ab65e6-d942-49df-83a3-1d4c0bf152b3@group-0DB8C7688BF9-FollowerState was interrupted: java.lang.InterruptedException: sleep interrupted
2019-11-05 08:24:02,288 [grpc-default-executor-1] INFO  impl.RoleInfo (RoleInfo.java:updateAndGet(143)) - 77ab65e6-d942-49df-83a3-1d4c0bf152b3: start FollowerState
2019-11-05 08:24:02,288 [Thread-1792] INFO  impl.FollowerState (FollowerState.java:run(117)) - 7e1b84a9-a041-44fd-8008-f2679426984c@group-0DB8C7688BF9-FollowerState was interrupted: java.lang.InterruptedException: sleep interrupted
2019-11-05 08:24:02,288 [grpc-default-executor-3] INFO  impl.RoleInfo (RoleInfo.java:updateAndGet(143)) - 7e1b84a9-a041-44fd-8008-f2679426984c: start FollowerState
2019-11-05 08:24:02,572 [4a682f4f-c3f2-4b77-88b7-f0ab78890feb@group-0DB8C7688BF9-LeaderElection217] INFO  impl.LeaderElection (LeaderElection.java:logAndReturn(56)) - 4a682f4f-c3f2-4b77-88b7-f0ab78890feb@group-0DB8C7688BF9-LeaderElection217: Election TIMEOUT; received 0 response(s) [] and 0 exception(s); 4a682f4f-c3f2-4b77-88b7-f0ab78890feb@group-0DB8C7688BF9:t107, leader=null, voted=4a682f4f-c3f2-4b77-88b7-f0ab78890feb, raftlog=4a682f4f-c3f2-4b77-88b7-f0ab78890feb@group-0DB8C7688BF9-SegmentedRaftLog:OPENED:c-1,f-1,i0, conf=-1: [77ab65e6-d942-49df-83a3-1d4c0bf152b3:192.168.164.217:39381, 7e1b84a9-a041-44fd-8008-f2679426984c:192.168.164.217:44149, 4a682f4f-c3f2-4b77-88b7-f0ab78890feb:192.168.164.217:34174], old=null
2019-11-05 08:24:02,573 [Thread-1791] INFO  impl.FollowerState (FollowerState.java:run(108)) - a8ae9c07-6d89-4a49-a594-cacd4b776180@group-0E159EE4F99E-FollowerState: change to CANDIDATE, lastRpcTime:392ms, electionTimeout:160ms
2019-11-05 08:24:02,573 [Thread-1791] INFO  impl.RoleInfo (RoleInfo.java:shutdownFollowerState(121)) - a8ae9c07-6d89-4a49-a594-cacd4b776180: shutdown FollowerState
2019-11-05 08:24:02,573 [Thread-1791] INFO  impl.RaftServerImpl (RaftServerImpl.java:setRole(184)) - a8ae9c07-6d89-4a49-a594-cacd4b776180@group-0E159EE4F99E: changes role from  FOLLOWER to CANDIDATE at term 115 for changeToCandidate
2019-11-05 08:24:02,573 [Thread-1791] INFO  impl.RoleInfo (RoleInfo.java:updateAndGet(143)) - a8ae9c07-6d89-4a49-a594-cacd4b776180: start LeaderElection
2019-11-05 08:24:02,633 [a8ae9c07-6d89-4a49-a594-cacd4b776180@group-0E159EE4F99E-LeaderElection218] INFO  impl.LeaderElection (LeaderElection.java:askForVotes(178)) - a8ae9c07-6d89-4a49-a594-cacd4b776180@group-0E159EE4F99E-LeaderElection218: begin an election at term 116 for -1: [caafcba9-090a-41f5-a5f9-cba5a6a81e94:192.168.164.217:37197, a8ae9c07-6d89-4a49-a594-cacd4b776180:192.168.164.217:42719, b3bb9051-8089-4c51-a999-81579e5913f2:192.168.164.217:36516], old=null
2019-11-05 08:24:02,633 [4a682f4f-c3f2-4b77-88b7-f0ab78890feb@group-0DB8C7688BF9-LeaderElection217] INFO  impl.LeaderElection (LeaderElection.java:askForVotes(178)) - 4a682f4f-c3f2-4b77-88b7-f0ab78890feb@group-0DB8C7688BF9-LeaderElection217: begin an election at term 108 for -1: [77ab65e6-d942-49df-83a3-1d4c0bf152b3:192.168.164.217:39381, 7e1b84a9-a041-44fd-8008-f2679426984c:192.168.164.217:44149, 4a682f4f-c3f2-4b77-88b7-f0ab78890feb:192.168.164.217:34174], old=null
2019-11-05 08:24:02,635 [grpc-default-executor-3] INFO  impl.RaftServerImpl (RaftServerImpl.java:setRole(184)) - caafcba9-090a-41f5-a5f9-cba5a6a81e94@group-0E159EE4F99E: changes role from  FOLLOWER to FOLLOWER at term 116 for recognizeCandidate:a8ae9c07-6d89-4a49-a594-cacd4b776180
2019-11-05 08:24:02,635 [grpc-default-executor-3] INFO  impl.RoleInfo (RoleInfo.java:shutdownFollowerState(121)) - caafcba9-090a-41f5-a5f9-cba5a6a81e94: shutdown FollowerState
2019-11-05 08:24:02,635 [grpc-default-executor-1] INFO  impl.RaftServerImpl (RaftServerImpl.java:setRole(184)) - 77ab65e6-d942-49df-83a3-1d4c0bf152b3@group-0DB8C7688BF9: changes role from  FOLLOWER to FOLLOWER at term 108 for recognizeCandidate:4a682f4f-c3f2-4b77-88b7-f0ab78890feb
2019-11-05 08:24:02,635 [Thread-1787] INFO  impl.FollowerState (FollowerState.java:run(117)) - caafcba9-090a-41f5-a5f9-cba5a6a81e94@group-0E159EE4F99E-FollowerState was interrupted: java.lang.InterruptedException: sleep interrupted
2019-11-05 08:24:02,635 [grpc-default-executor-3] INFO  impl.RoleInfo (RoleInfo.java:updateAndGet(143)) - caafcba9-090a-41f5-a5f9-cba5a6a81e94: start FollowerState
2019-11-05 08:24:02,636 [grpc-default-executor-4] INFO  impl.RaftServerImpl (RaftServerImpl.java:setRole(184)) - b3bb9051-8089-4c51-a999-81579e5913f2@group-0E159EE4F99E: changes role from  FOLLOWER to FOLLOWER at term 116 for recognizeCandidate:a8ae9c07-6d89-4a49-a594-cacd4b776180
2019-11-05 08:24:02,635 [grpc-default-executor-1] INFO  impl.RoleInfo (RoleInfo.java:shutdownFollowerState(121)) - 77ab65e6-d942-49df-83a3-1d4c0bf152b3: shutdown FollowerState
2019-11-05 08:24:02,636 [grpc-default-executor-4] INFO  impl.RoleInfo (RoleInfo.java:shutdownFollowerState(121)) - b3bb9051-8089-4c51-a999-81579e5913f2: shutdown FollowerState
2019-11-05 08:24:02,636 [Thread-1798] INFO  impl.FollowerState (FollowerState.java:run(117)) - 77ab65e6-d942-49df-83a3-1d4c0bf152b3@group-0DB8C7688BF9-FollowerState was interrupted: java.lang.InterruptedException: sleep interrupted
2019-11-05 08:24:02,636 [Thread-1788] INFO  impl.FollowerState (FollowerState.java:run(117)) - b3bb9051-8089-4c51-a999-81579e5913f2@group-0E159EE4F99E-FollowerState was interrupted: java.lang.InterruptedException: sleep interrupted
2019-11-05 08:24:02,636 [grpc-default-executor-4] INFO  impl.RoleInfo (RoleInfo.java:updateAndGet(143)) - b3bb9051-8089-4c51-a999-81579e5913f2: start FollowerState
2019-11-05 08:24:02,636 [grpc-default-executor-1] INFO  impl.RoleInfo (RoleInfo.java:updateAndGet(143)) - 77ab65e6-d942-49df-83a3-1d4c0bf152b3: start FollowerState
2019-11-05 08:24:02,636 [grpc-default-executor-5] INFO  impl.RaftServerImpl (RaftServerImpl.java:setRole(184)) - 7e1b84a9-a041-44fd-8008-f2679426984c@group-0DB8C7688BF9: changes role from  FOLLOWER to FOLLOWER at term 108 for recognizeCandidate:4a682f4f-c3f2-4b77-88b7-f0ab78890feb
2019-11-05 08:24:02,637 [grpc-default-executor-5] INFO  impl.RoleInfo (RoleInfo.java:shutdownFollowerState(121)) - 7e1b84a9-a041-44fd-8008-f2679426984c: shutdown FollowerState
2019-11-05 08:24:02,637 [grpc-default-executor-5] INFO  impl.RoleInfo (RoleInfo.java:updateAndGet(143)) - 7e1b84a9-a041-44fd-8008-f2679426984c: start FollowerState
2019-11-05 08:24:02,637 [Thread-1799] INFO  impl.FollowerState (FollowerState.java:run(117)) - 7e1b84a9-a041-44fd-8008-f2679426984c@group-0DB8C7688BF9-FollowerState was interrupted: java.lang.InterruptedException: sleep interrupted
2019-11-05 08:24:02,652 [a8ae9c07-6d89-4a49-a594-cacd4b776180@group-0E159EE4F99E-LeaderElection218] INFO  impl.LeaderElection (LeaderElection.java:logAndReturn(56)) - a8ae9c07-6d89-4a49-a594-cacd4b776180@group-0E159EE4F99E-LeaderElection218: Election REJECTED; received 2 response(s) [a8ae9c07-6d89-4a49-a594-cacd4b776180<-caafcba9-090a-41f5-a5f9-cba5a6a81e94#0:FAIL-t116, a8ae9c07-6d89-4a49-a594-cacd4b776180<-b3bb9051-8089-4c51-a999-81579e5913f2#0:FAIL-t116] and 0 exception(s); a8ae9c07-6d89-4a49-a594-cacd4b776180@group-0E159EE4F99E:t116, leader=null, voted=a8ae9c07-6d89-4a49-a594-cacd4b776180, raftlog=a8ae9c07-6d89-4a49-a594-cacd4b776180@group-0E159EE4F99E-SegmentedRaftLog:OPENED:c-1,f-1,i0, conf=-1: [caafcba9-090a-41f5-a5f9-cba5a6a81e94:192.168.164.217:37197, a8ae9c07-6d89-4a49-a594-cacd4b776180:192.168.164.217:42719, b3bb9051-8089-4c51-a999-81579e5913f2:192.168.164.217:36516], old=null
2019-11-05 08:24:02,652 [a8ae9c07-6d89-4a49-a594-cacd4b776180@group-0E159EE4F99E-LeaderElection218] INFO  impl.RaftServerImpl (RaftServerImpl.java:setRole(184)) - a8ae9c07-6d89-4a49-a594-cacd4b776180@group-0E159EE4F99E: changes role from CANDIDATE to FOLLOWER at term 116 for DISCOVERED_A_NEW_TERM
2019-11-05 08:24:02,652 [4a682f4f-c3f2-4b77-88b7-f0ab78890feb@group-0DB8C7688BF9-LeaderElection217] INFO  impl.LeaderElection (LeaderElection.java:logAndReturn(56)) - 4a682f4f-c3f2-4b77-88b7-f0ab78890feb@group-0DB8C7688BF9-LeaderElection217: Election REJECTED; received 2 response(s) [4a682f4f-c3f2-4b77-88b7-f0ab78890feb<-77ab65e6-d942-49df-83a3-1d4c0bf152b3#0:FAIL-t108, 4a682f4f-c3f2-4b77-88b7-f0ab78890feb<-7e1b84a9-a041-44fd-8008-f2679426984c#0:FAIL-t108] and 0 exception(s); 4a682f4f-c3f2-4b77-88b7-f0ab78890feb@group-0DB8C7688BF9:t108, leader=null, voted=4a682f4f-c3f2-4b77-88b7-f0ab78890feb, raftlog=4a682f4f-c3f2-4b77-88b7-f0ab78890feb@group-0DB8C7688BF9-SegmentedRaftLog:OPENED:c-1,f-1,i0, conf=-1: [77ab65e6-d942-49df-83a3-1d4c0bf152b3:192.168.164.217:39381, 7e1b84a9-a041-44fd-8008-f2679426984c:192.168.164.217:44149, 4a682f4f-c3f2-4b77-88b7-f0ab78890feb:192.168.164.217:34174], old=null
2019-11-05 08:24:02,652 [a8ae9c07-6d89-4a49-a594-cacd4b776180@group-0E159EE4F99E-LeaderElection218] INFO  impl.RoleInfo (RoleInfo.java:shutdownLeaderElection(134)) - a8ae9c07-6d89-4a49-a594-cacd4b776180: shutdown LeaderElection
2019-11-05 08:24:02,652 [4a682f4f-c3f2-4b77-88b7-f0ab78890feb@group-0DB8C7688BF9-LeaderElection217] INFO  impl.RaftServerImpl (RaftServerImpl.java:setRole(184)) - 4a682f4f-c3f2-4b77-88b7-f0ab78890feb@group-0DB8C7688BF9: changes role from CANDIDATE to FOLLOWER at term 108 for DISCOVERED_A_NEW_TERM
2019-11-05 08:24:02,652 [a8ae9c07-6d89-4a49-a594-cacd4b776180@group-0E159EE4F99E-LeaderElection218] INFO  impl.RoleInfo (RoleInfo.java:updateAndGet(143)) - a8ae9c07-6d89-4a49-a594-cacd4b776180: start FollowerState
2019-11-05 08:24:02,652 [4a682f4f-c3f2-4b77-88b7-f0ab78890feb@group-0DB8C7688BF9-LeaderElection217] INFO  impl.RoleInfo (RoleInfo.java:shutdownLeaderElection(134)) - 4a682f4f-c3f2-4b77-88b7-f0ab78890feb: shutdown LeaderElection
2019-11-05 08:24:02,653 [4a682f4f-c3f2-4b77-88b7-f0ab78890feb@group-0DB8C7688BF9-LeaderElection217] INFO  impl.RoleInfo (RoleInfo.java:updateAndGet(143)) - 4a682f4f-c3f2-4b77-88b7-f0ab78890feb: start FollowerState
2019-11-05 08:24:02,788 [Thread-1812] INFO  impl.FollowerState (FollowerState.java:run(108)) - 4a682f4f-c3f2-4b77-88b7-f0ab78890feb@group-0DB8C7688BF9-FollowerState: change to CANDIDATE, lastRpcTime:135ms, electionTimeout:135ms
2019-11-05 08:24:02,788 [Thread-1812] INFO  impl.RoleInfo (RoleInfo.java:shutdownFollowerState(121)) - 4a682f4f-c3f2-4b77-88b7-f0ab78890feb: shutdown FollowerState
2019-11-05 08:24:02,788 [Thread-1812] INFO  impl.RaftServerImpl (RaftServerImpl.java:setRole(184)) - 4a682f4f-c3f2-4b77-88b7-f0ab78890feb@group-0DB8C7688BF9: changes role from  FOLLOWER to CANDIDATE at term 108 for changeToCandidate
2019-11-05 08:24:02,789 [Thread-1812] INFO  impl.RoleInfo (RoleInfo.java:updateAndGet(143)) - 4a682f4f-c3f2-4b77-88b7-f0ab78890feb: start LeaderElection
2019-11-05 08:24:02,795 [4a682f4f-c3f2-4b77-88b7-f0ab78890feb@group-0DB8C7688BF9-LeaderElection219] INFO  impl.LeaderElection (LeaderElection.java:askForVotes(178)) - 4a682f4f-c3f2-4b77-88b7-f0ab78890feb@group-0DB8C7688BF9-LeaderElection219: begin an election at term 109 for -1: [77ab65e6-d942-49df-83a3-1d4c0bf152b3:192.168.164.217:39381, 7e1b84a9-a041-44fd-8008-f2679426984c:192.168.164.217:44149, 4a682f4f-c3f2-4b77-88b7-f0ab78890feb:192.168.164.217:34174], old=null
2019-11-05 08:24:02,797 [grpc-default-executor-5] INFO  impl.RaftServerImpl (RaftServerImpl.java:setRole(184)) - 77ab65e6-d942-49df-83a3-1d4c0bf152b3@group-0DB8C7688BF9: changes role from  FOLLOWER to FOLLOWER at term 109 for recognizeCandidate:4a682f4f-c3f2-4b77-88b7-f0ab78890feb
2019-11-05 08:24:02,797 [grpc-default-executor-5] INFO  impl.RoleInfo (RoleInfo.java:shutdownFollowerState(121)) - 77ab65e6-d942-49df-83a3-1d4c0bf152b3: shutdown FollowerState
2019-11-05 08:24:02,797 [grpc-default-executor-1] INFO  impl.RaftServerImpl (RaftServerImpl.java:setRole(184)) - 7e1b84a9-a041-44fd-8008-f2679426984c@group-0DB8C7688BF9: changes role from  FOLLOWER to FOLLOWER at term 109 for recognizeCandidate:4a682f4f-c3f2-4b77-88b7-f0ab78890feb
2019-11-05 08:24:02,797 [Thread-1808] INFO  impl.FollowerState (FollowerState.java:run(117)) - 77ab65e6-d942-49df-83a3-1d4c0bf152b3@group-0DB8C7688BF9-FollowerState was interrupted: java.lang.InterruptedException: sleep interrupted
2019-11-05 08:24:02,797 [grpc-default-executor-5] INFO  impl.RoleInfo (RoleInfo.java:updateAndGet(143)) - 77ab65e6-d942-49df-83a3-1d4c0bf152b3: start FollowerState
2019-11-05 08:24:02,798 [grpc-default-executor-1] INFO  impl.RoleInfo (RoleInfo.java:shutdownFollowerState(121)) - 7e1b84a9-a041-44fd-8008-f2679426984c: shutdown FollowerState
2019-11-05 08:24:02,798 [grpc-default-executor-1] INFO  impl.RoleInfo (RoleInfo.java:updateAndGet(143)) - 7e1b84a9-a041-44fd-8008-f2679426984c: start FollowerState
2019-11-05 08:24:02,798 [Thread-1810] INFO  impl.FollowerState (FollowerState.java:run(117)) - 7e1b84a9-a041-44fd-8008-f2679426984c@group-0DB8C7688BF9-FollowerState was interrupted: java.lang.InterruptedException: sleep interrupted
2019-11-05 08:24:02,808 [4a682f4f-c3f2-4b77-88b7-f0ab78890feb@group-0DB8C7688BF9-LeaderElection219] INFO  impl.LeaderElection (LeaderElection.java:logAndReturn(56)) - 4a682f4f-c3f2-4b77-88b7-f0ab78890feb@group-0DB8C7688BF9-LeaderElection219: Election REJECTED; received 2 response(s) [4a682f4f-c3f2-4b77-88b7-f0ab78890feb<-77ab65e6-d942-49df-83a3-1d4c0bf152b3#0:FAIL-t109, 4a682f4f-c3f2-4b77-88b7-f0ab78890feb<-7e1b84a9-a041-44fd-8008-f2679426984c#0:FAIL-t109] and 0 exception(s); 4a682f4f-c3f2-4b77-88b7-f0ab78890feb@group-0DB8C7688BF9:t109, leader=null, voted=4a682f4f-c3f2-4b77-88b7-f0ab78890feb, raftlog=4a682f4f-c3f2-4b77-88b7-f0ab78890feb@group-0DB8C7688BF9-SegmentedRaftLog:OPENED:c-1,f-1,i0, conf=-1: [77ab65e6-d942-49df-83a3-1d4c0bf152b3:192.168.164.217:39381, 7e1b84a9-a041-44fd-8008-f2679426984c:192.168.164.217:44149, 4a682f4f-c3f2-4b77-88b7-f0ab78890feb:192.168.164.217:34174], old=null
2019-11-05 08:24:02,808 [4a682f4f-c3f2-4b77-88b7-f0ab78890feb@group-0DB8C7688BF9-LeaderElection219] INFO  impl.RaftServerImpl (RaftServerImpl.java:setRole(184)) - 4a682f4f-c3f2-4b77-88b7-f0ab78890feb@group-0DB8C7688BF9: changes role from CANDIDATE to FOLLOWER at term 109 for DISCOVERED_A_NEW_TERM
2019-11-05 08:24:02,809 [4a682f4f-c3f2-4b77-88b7-f0ab78890feb@group-0DB8C7688BF9-LeaderElection219] INFO  impl.RoleInfo (RoleInfo.java:shutdownLeaderElection(134)) - 4a682f4f-c3f2-4b77-88b7-f0ab78890feb: shutdown LeaderElection
2019-11-05 08:24:02,809 [4a682f4f-c3f2-4b77-88b7-f0ab78890feb@group-0DB8C7688BF9-LeaderElection219] INFO  impl.RoleInfo (RoleInfo.java:updateAndGet(143)) - 4a682f4f-c3f2-4b77-88b7-f0ab78890feb: start FollowerState
2019-11-05 08:24:02,850 [Thread-1811] INFO  impl.FollowerState (FollowerState.java:run(108)) - a8ae9c07-6d89-4a49-a594-cacd4b776180@group-0E159EE4F99E-FollowerState: change to CANDIDATE, lastRpcTime:197ms, electionTimeout:197ms
2019-11-05 08:24:02,850 [Thread-1811] INFO  impl.RoleInfo (RoleInfo.java:shutdownFollowerState(121)) - a8ae9c07-6d89-4a49-a594-cacd4b776180: shutdown FollowerState
2019-11-05 08:24:02,850 [Thread-1811] INFO  impl.RaftServerImpl (RaftServerImpl.java:setRole(184)) - a8ae9c07-6d89-4a49-a594-cacd4b776180@group-0E159EE4F99E: changes role from  FOLLOWER to CANDIDATE at term 116 for changeToCandidate
2019-11-05 08:24:02,850 [Thread-1811] INFO  impl.RoleInfo (RoleInfo.java:updateAndGet(143)) - a8ae9c07-6d89-4a49-a594-cacd4b776180: start LeaderElection
2019-11-05 08:24:02,863 [a8ae9c07-6d89-4a49-a594-cacd4b776180@group-0E159EE4F99E-LeaderElection220] INFO  impl.LeaderElection (LeaderElection.java:askForVotes(178)) - a8ae9c07-6d89-4a49-a594-cacd4b776180@group-0E159EE4F99E-LeaderElection220: begin an election at term 117 for -1: [caafcba9-090a-41f5-a5f9-cba5a6a81e94:192.168.164.217:37197, a8ae9c07-6d89-4a49-a594-cacd4b776180:192.168.164.217:42719, b3bb9051-8089-4c51-a999-81579e5913f2:192.168.164.217:36516], old=null
2019-11-05 08:24:02,865 [grpc-default-executor-5] INFO  impl.RaftServerImpl (RaftServerImpl.java:setRole(184)) - caafcba9-090a-41f5-a5f9-cba5a6a81e94@group-0E159EE4F99E: changes role from  FOLLOWER to FOLLOWER at term 117 for recognizeCandidate:a8ae9c07-6d89-4a49-a594-cacd4b776180
2019-11-05 08:24:02,865 [grpc-default-executor-5] INFO  impl.RoleInfo (RoleInfo.java:shutdownFollowerState(121)) - caafcba9-090a-41f5-a5f9-cba5a6a81e94: shutdown FollowerState
2019-11-05 08:24:02,865 [grpc-default-executor-1] INFO  impl.RaftServerImpl (RaftServerImpl.java:setRole(184)) - b3bb9051-8089-4c51-a999-81579e5913f2@group-0E159EE4F99E: changes role from  FOLLOWER to FOLLOWER at term 117 for recognizeCandidate:a8ae9c07-6d89-4a49-a594-cacd4b776180
2019-11-05 08:24:02,865 [grpc-default-executor-1] INFO  impl.RoleInfo (RoleInfo.java:shutdownFollowerState(121)) - b3bb9051-8089-4c51-a999-81579e5913f2: shutdown FollowerState
2019-11-05 08:24:02,865 [Thread-1807] INFO  impl.FollowerState (FollowerState.java:run(117)) - caafcba9-090a-41f5-a5f9-cba5a6a81e94@group-0E159EE4F99E-FollowerState was interrupted: java.lang.InterruptedException: sleep interrupted
2019-11-05 08:24:02,865 [grpc-default-executor-5] INFO  impl.RoleInfo (RoleInfo.java:updateAndGet(143)) - caafcba9-090a-41f5-a5f9-cba5a6a81e94: start FollowerState
2019-11-05 08:24:02,866 [Thread-1809] INFO  impl.FollowerState (FollowerState.java:run(117)) - b3bb9051-8089-4c51-a999-81579e5913f2@group-0E159EE4F99E-FollowerState was interrupted: java.lang.InterruptedException: sleep interrupted
2019-11-05 08:24:02,865 [grpc-default-executor-1] INFO  impl.RoleInfo (RoleInfo.java:updateAndGet(143)) - b3bb9051-8089-4c51-a999-81579e5913f2: start FollowerState
2019-11-05 08:24:02,880 [a8ae9c07-6d89-4a49-a594-cacd4b776180@group-0E159EE4F99E-LeaderElection220] INFO  impl.LeaderElection (LeaderElection.java:logAndReturn(56)) - a8ae9c07-6d89-4a49-a594-cacd4b776180@group-0E159EE4F99E-LeaderElection220: Election REJECTED; received 2 response(s) [a8ae9c07-6d89-4a49-a594-cacd4b776180<-caafcba9-090a-41f5-a5f9-cba5a6a81e94#0:FAIL-t117, a8ae9c07-6d89-4a49-a594-cacd4b776180<-b3bb9051-8089-4c51-a999-81579e5913f2#0:FAIL-t117] and 0 exception(s); a8ae9c07-6d89-4a49-a594-cacd4b776180@group-0E159EE4F99E:t117, leader=null, voted=a8ae9c07-6d89-4a49-a594-cacd4b776180, raftlog=a8ae9c07-6d89-4a49-a594-cacd4b776180@group-0E159EE4F99E-SegmentedRaftLog:OPENED:c-1,f-1,i0, conf=-1: [caafcba9-090a-41f5-a5f9-cba5a6a81e94:192.168.164.217:37197, a8ae9c07-6d89-4a49-a594-cacd4b776180:192.168.164.217:42719, b3bb9051-8089-4c51-a999-81579e5913f2:192.168.164.217:36516], old=null
2019-11-05 08:24:02,880 [a8ae9c07-6d89-4a49-a594-cacd4b776180@group-0E159EE4F99E-LeaderElection220] INFO  impl.RaftServerImpl (RaftServerImpl.java:setRole(184)) - a8ae9c07-6d89-4a49-a594-cacd4b776180@group-0E159EE4F99E: changes role from CANDIDATE to FOLLOWER at term 117 for DISCOVERED_A_NEW_TERM
2019-11-05 08:24:02,881 [a8ae9c07-6d89-4a49-a594-cacd4b776180@group-0E159EE4F99E-LeaderElection220] INFO  impl.RoleInfo (RoleInfo.java:shutdownLeaderElection(134)) - a8ae9c07-6d89-4a49-a594-cacd4b776180: shutdown LeaderElection
2019-11-05 08:24:02,881 [a8ae9c07-6d89-4a49-a594-cacd4b776180@group-0E159EE4F99E-LeaderElection220] INFO  impl.RoleInfo (RoleInfo.java:updateAndGet(143)) - a8ae9c07-6d89-4a49-a594-cacd4b776180: start FollowerState
2019-11-05 08:24:02,920 [Thread-1824] INFO  impl.FollowerState (FollowerState.java:run(108)) - a8ae9c07-6d89-4a49-a594-cacd4b776180@group-0E159EE4F99E-FollowerState: change to CANDIDATE, lastRpcTime:39ms, electionTimeout:39ms
2019-11-05 08:24:02,920 [Thread-1824] INFO  impl.RoleInfo (RoleInfo.java:shutdownFollowerState(121)) - a8ae9c07-6d89-4a49-a594-cacd4b776180: shutdown FollowerState
2019-11-05 08:24:02,920 [Thread-1824] INFO  impl.RaftServerImpl (RaftServerImpl.java:setRole(184)) - a8ae9c07-6d89-4a49-a594-cacd4b776180@group-0E159EE4F99E: changes role from  FOLLOWER to CANDIDATE at term 117 for changeToCandidate
2019-11-05 08:24:02,920 [Thread-1824] INFO  impl.RoleInfo (RoleInfo.java:updateAndGet(143)) - a8ae9c07-6d89-4a49-a594-cacd4b776180: start LeaderElection
2019-11-05 08:24:02,934 [a8ae9c07-6d89-4a49-a594-cacd4b776180@group-0E159EE4F99E-LeaderElection221] INFO  impl.LeaderElection (LeaderElection.java:askForVotes(178)) - a8ae9c07-6d89-4a49-a594-cacd4b776180@group-0E159EE4F99E-LeaderElection221: begin an election at term 118 for -1: [caafcba9-090a-41f5-a5f9-cba5a6a81e94:192.168.164.217:37197, a8ae9c07-6d89-4a49-a594-cacd4b776180:192.168.164.217:42719, b3bb9051-8089-4c51-a999-81579e5913f2:192.168.164.217:36516], old=null
2019-11-05 08:24:02,936 [grpc-default-executor-5] INFO  impl.RaftServerImpl (RaftServerImpl.java:setRole(184)) - caafcba9-090a-41f5-a5f9-cba5a6a81e94@group-0E159EE4F99E: changes role from  FOLLOWER to FOLLOWER at term 118 for recognizeCandidate:a8ae9c07-6d89-4a49-a594-cacd4b776180
2019-11-05 08:24:02,936 [grpc-default-executor-5] INFO  impl.RoleInfo (RoleInfo.java:shutdownFollowerState(121)) - caafcba9-090a-41f5-a5f9-cba5a6a81e94: shutdown FollowerState
2019-11-05 08:24:02,936 [grpc-default-executor-5] INFO  impl.RoleInfo (RoleInfo.java:updateAndGet(143)) - caafcba9-090a-41f5-a5f9-cba5a6a81e94: start FollowerState
2019-11-05 08:24:02,937 [Thread-1822] INFO  impl.FollowerState (FollowerState.java:run(117)) - caafcba9-090a-41f5-a5f9-cba5a6a81e94@group-0E159EE4F99E-FollowerState was interrupted: java.lang.InterruptedException: sleep interrupted
2019-11-05 08:24:02,936 [grpc-default-executor-1] INFO  impl.RaftServerImpl (RaftServerImpl.java:setRole(184)) - b3bb9051-8089-4c51-a999-81579e5913f2@group-0E159EE4F99E: changes role from  FOLLOWER to FOLLOWER at term 118 for recognizeCandidate:a8ae9c07-6d89-4a49-a594-cacd4b776180
2019-11-05 08:24:02,937 [grpc-default-executor-1] INFO  impl.RoleInfo (RoleInfo.java:shutdownFollowerState(121)) - b3bb9051-8089-4c51-a999-81579e5913f2: shutdown FollowerState
2019-11-05 08:24:02,937 [grpc-default-executor-1] INFO  impl.RoleInfo (RoleInfo.java:updateAndGet(143)) - b3bb9051-8089-4c51-a999-81579e5913f2: start FollowerState
2019-11-05 08:24:02,937 [Thread-1823] INFO  impl.FollowerState (FollowerState.java:run(117)) - b3bb9051-8089-4c51-a999-81579e5913f2@group-0E159EE4F99E-FollowerState was interrupted: java.lang.InterruptedException: sleep interrupted
2019-11-05 08:24:02,964 [a8ae9c07-6d89-4a49-a594-cacd4b776180@group-0E159EE4F99E-LeaderElection221] INFO  impl.LeaderElection (LeaderElection.java:logAndReturn(56)) - a8ae9c07-6d89-4a49-a594-cacd4b776180@group-0E159EE4F99E-LeaderElection221: Election REJECTED; received 2 response(s) [a8ae9c07-6d89-4a49-a594-cacd4b776180<-caafcba9-090a-41f5-a5f9-cba5a6a81e94#0:FAIL-t118, a8ae9c07-6d89-4a49-a594-cacd4b776180<-b3bb9051-8089-4c51-a999-81579e5913f2#0:FAIL-t118] and 0 exception(s); a8ae9c07-6d89-4a49-a594-cacd4b776180@group-0E159EE4F99E:t118, leader=null, voted=a8ae9c07-6d89-4a49-a594-cacd4b776180, raftlog=a8ae9c07-6d89-4a49-a594-cacd4b776180@group-0E159EE4F99E-SegmentedRaftLog:OPENED:c-1,f-1,i0, conf=-1: [caafcba9-090a-41f5-a5f9-cba5a6a81e94:192.168.164.217:37197, a8ae9c07-6d89-4a49-a594-cacd4b776180:192.168.164.217:42719, b3bb9051-8089-4c51-a999-81579e5913f2:192.168.164.217:36516], old=null
2019-11-05 08:24:02,964 [a8ae9c07-6d89-4a49-a594-cacd4b776180@group-0E159EE4F99E-LeaderElection221] INFO  impl.RaftServerImpl (RaftServerImpl.java:setRole(184)) - a8ae9c07-6d89-4a49-a594-cacd4b776180@group-0E159EE4F99E: changes role from CANDIDATE to FOLLOWER at term 118 for DISCOVERED_A_NEW_TERM
2019-11-05 08:24:02,965 [a8ae9c07-6d89-4a49-a594-cacd4b776180@group-0E159EE4F99E-LeaderElection221] INFO  impl.RoleInfo (RoleInfo.java:shutdownLeaderElection(134)) - a8ae9c07-6d89-4a49-a594-cacd4b776180: shutdown LeaderElection
2019-11-05 08:24:02,965 [a8ae9c07-6d89-4a49-a594-cacd4b776180@group-0E159EE4F99E-LeaderElection221] INFO  impl.RoleInfo (RoleInfo.java:updateAndGet(143)) - a8ae9c07-6d89-4a49-a594-cacd4b776180: start FollowerState
2019-11-05 08:24:02,987 [Thread-1818] INFO  impl.FollowerState (FollowerState.java:run(108)) - 4a682f4f-c3f2-4b77-88b7-f0ab78890feb@group-0DB8C7688BF9-FollowerState: change to CANDIDATE, lastRpcTime:178ms, electionTimeout:178ms
2019-11-05 08:24:02,987 [Thread-1818] INFO  impl.RoleInfo (RoleInfo.java:shutdownFollowerState(121)) - 4a682f4f-c3f2-4b77-88b7-f0ab78890feb: shutdown FollowerState
2019-11-05 08:24:02,987 [Thread-1818] INFO  impl.RaftServerImpl (RaftServerImpl.java:setRole(184)) - 4a682f4f-c3f2-4b77-88b7-f0ab78890feb@group-0DB8C7688BF9: changes role from  FOLLOWER to CANDIDATE at term 109 for changeToCandidate
2019-11-05 08:24:02,988 [Thread-1818] INFO  impl.RoleInfo (RoleInfo.java:updateAndGet(143)) - 4a682f4f-c3f2-4b77-88b7-f0ab78890feb: start LeaderElection
2019-11-05 08:24:03,001 [4a682f4f-c3f2-4b77-88b7-f0ab78890feb@group-0DB8C7688BF9-LeaderElection222] INFO  impl.LeaderElection (LeaderElection.java:askForVotes(178)) - 4a682f4f-c3f2-4b77-88b7-f0ab78890feb@group-0DB8C7688BF9-LeaderElection222: begin an election at term 110 for -1: [77ab65e6-d942-49df-83a3-1d4c0bf152b3:192.168.164.217:39381, 7e1b84a9-a041-44fd-8008-f2679426984c:192.168.164.217:44149, 4a682f4f-c3f2-4b77-88b7-f0ab78890feb:192.168.164.217:34174], old=null
2019-11-05 08:24:03,003 [grpc-default-executor-5] INFO  impl.RaftServerImpl (RaftServerImpl.java:setRole(184)) - 77ab65e6-d942-49df-83a3-1d4c0bf152b3@group-0DB8C7688BF9: changes role from  FOLLOWER to FOLLOWER at term 110 for recognizeCandidate:4a682f4f-c3f2-4b77-88b7-f0ab78890feb
2019-11-05 08:24:03,003 [grpc-default-executor-5] INFO  impl.RoleInfo (RoleInfo.java:shutdownFollowerState(121)) - 77ab65e6-d942-49df-83a3-1d4c0bf152b3: shutdown FollowerState
2019-11-05 08:24:03,003 [grpc-default-executor-1] INFO  impl.RaftServerImpl (RaftServerImpl.java:setRole(184)) - 7e1b84a9-a041-44fd-8008-f2679426984c@group-0DB8C7688BF9: changes role from  FOLLOWER to FOLLOWER at term 110 for recognizeCandidate:4a682f4f-c3f2-4b77-88b7-f0ab78890feb
2019-11-05 08:24:03,004 [grpc-default-executor-1] INFO  impl.RoleInfo (RoleInfo.java:shutdownFollowerState(121)) - 7e1b84a9-a041-44fd-8008-f2679426984c: shutdown FollowerState
2019-11-05 08:24:03,004 [grpc-default-executor-5] INFO  impl.RoleInfo (RoleInfo.java:updateAndGet(143)) - 77ab65e6-d942-49df-83a3-1d4c0bf152b3: start FollowerState
2019-11-05 08:24:03,004 [grpc-default-executor-1] INFO  impl.RoleInfo (RoleInfo.java:updateAndGet(143)) - 7e1b84a9-a041-44fd-8008-f2679426984c: start FollowerState
2019-11-05 08:24:03,004 [Thread-1816] INFO  impl.FollowerState (FollowerState.java:run(117)) - 77ab65e6-d942-49df-83a3-1d4c0bf152b3@group-0DB8C7688BF9-FollowerState was interrupted: java.lang.InterruptedException: sleep interrupted
2019-11-05 08:24:03,004 [Thread-1817] INFO  impl.FollowerState (FollowerState.java:run(117)) - 7e1b84a9-a041-44fd-8008-f2679426984c@group-0DB8C7688BF9-FollowerState was interrupted: java.lang.InterruptedException: sleep interrupted
2019-11-05 08:24:03,018 [4a682f4f-c3f2-4b77-88b7-f0ab78890feb@group-0DB8C7688BF9-LeaderElection222] INFO  impl.LeaderElection (LeaderElection.java:logAndReturn(56)) - 4a682f4f-c3f2-4b77-88b7-f0ab78890feb@group-0DB8C7688BF9-LeaderElection222: Election REJECTED; received 2 response(s) [4a682f4f-c3f2-4b77-88b7-f0ab78890feb<-77ab65e6-d942-49df-83a3-1d4c0bf152b3#0:FAIL-t110, 4a682f4f-c3f2-4b77-88b7-f0ab78890feb<-7e1b84a9-a041-44fd-8008-f2679426984c#0:FAIL-t110] and 0 exception(s); 4a682f4f-c3f2-4b77-88b7-f0ab78890feb@group-0DB8C7688BF9:t110, leader=null, voted=4a682f4f-c3f2-4b77-88b7-f0ab78890feb, raftlog=4a682f4f-c3f2-4b77-88b7-f0ab78890feb@group-0DB8C7688BF9-SegmentedRaftLog:OPENED:c-1,f-1,i0, conf=-1: [77ab65e6-d942-49df-83a3-1d4c0bf152b3:192.168.164.217:39381, 7e1b84a9-a041-44fd-8008-f2679426984c:192.168.164.217:44149, 4a682f4f-c3f2-4b77-88b7-f0ab78890feb:192.168.164.217:34174], old=null
2019-11-05 08:24:03,019 [4a682f4f-c3f2-4b77-88b7-f0ab78890feb@group-0DB8C7688BF9-LeaderElection222] INFO  impl.RaftServerImpl (RaftServerImpl.java:setRole(184)) - 4a682f4f-c3f2-4b77-88b7-f0ab78890feb@group-0DB8C7688BF9: changes role from CANDIDATE to FOLLOWER at term 110 for DISCOVERED_A_NEW_TERM
2019-11-05 08:24:03,019 [4a682f4f-c3f2-4b77-88b7-f0ab78890feb@group-0DB8C7688BF9-LeaderElection222] INFO  impl.RoleInfo (RoleInfo.java:shutdownLeaderElection(134)) - 4a682f4f-c3f2-4b77-88b7-f0ab78890feb: shutdown LeaderElection
2019-11-05 08:24:03,019 [4a682f4f-c3f2-4b77-88b7-f0ab78890feb@group-0DB8C7688BF9-LeaderElection222] INFO  impl.RoleInfo (RoleInfo.java:updateAndGet(143)) - 4a682f4f-c3f2-4b77-88b7-f0ab78890feb: start FollowerState
2019-11-05 08:24:03,053 [Thread-1836] INFO  impl.FollowerState (FollowerState.java:run(108)) - 4a682f4f-c3f2-4b77-88b7-f0ab78890feb@group-0DB8C7688BF9-FollowerState: change to CANDIDATE, lastRpcTime:34ms, electionTimeout:34ms
2019-11-05 08:24:03,053 [Thread-1836] INFO  impl.RoleInfo (RoleInfo.java:shutdownFollowerState(121)) - 4a682f4f-c3f2-4b77-88b7-f0ab78890feb: shutdown FollowerState
2019-11-05 08:24:03,054 [Thread-1836] INFO  impl.RaftServerImpl (RaftServerImpl.java:setRole(184)) - 4a682f4f-c3f2-4b77-88b7-f0ab78890feb@group-0DB8C7688BF9: changes role from  FOLLOWER to CANDIDATE at term 110 for changeToCandidate
2019-11-05 08:24:03,054 [Thread-1836] INFO  impl.RoleInfo (RoleInfo.java:updateAndGet(143)) - 4a682f4f-c3f2-4b77-88b7-f0ab78890feb: start LeaderElection
2019-11-05 08:24:03,067 [4a682f4f-c3f2-4b77-88b7-f0ab78890feb@group-0DB8C7688BF9-LeaderElection223] INFO  impl.LeaderElection (LeaderElection.java:askForVotes(178)) - 4a682f4f-c3f2-4b77-88b7-f0ab78890feb@group-0DB8C7688BF9-LeaderElection223: begin an election at term 111 for -1: [77ab65e6-d942-49df-83a3-1d4c0bf152b3:192.168.164.217:39381, 7e1b84a9-a041-44fd-8008-f2679426984c:192.168.164.217:44149, 4a682f4f-c3f2-4b77-88b7-f0ab78890feb:192.168.164.217:34174], old=null
2019-11-05 08:24:03,067 [Thread-1830] INFO  impl.FollowerState (FollowerState.java:run(108)) - a8ae9c07-6d89-4a49-a594-cacd4b776180@group-0E159EE4F99E-FollowerState: change to CANDIDATE, lastRpcTime:102ms, electionTimeout:102ms
2019-11-05 08:24:03,067 [Thread-1830] INFO  impl.RoleInfo (RoleInfo.java:shutdownFollowerState(121)) - a8ae9c07-6d89-4a49-a594-cacd4b776180: shutdown FollowerState
2019-11-05 08:24:03,068 [Thread-1830] INFO  impl.RaftServerImpl (RaftServerImpl.java:setRole(184)) - a8ae9c07-6d89-4a49-a594-cacd4b776180@group-0E159EE4F99E: changes role from  FOLLOWER to CANDIDATE at term 118 for changeToCandidate
2019-11-05 08:24:03,068 [Thread-1830] INFO  impl.RoleInfo (RoleInfo.java:updateAndGet(143)) - a8ae9c07-6d89-4a49-a594-cacd4b776180: start LeaderElection
2019-11-05 08:24:03,069 [grpc-default-executor-1] INFO  impl.RaftServerImpl (RaftServerImpl.java:setRole(184)) - 77ab65e6-d942-49df-83a3-1d4c0bf152b3@group-0DB8C7688BF9: changes role from  FOLLOWER to FOLLOWER at term 111 for recognizeCandidate:4a682f4f-c3f2-4b77-88b7-f0ab78890feb
2019-11-05 08:24:03,069 [grpc-default-executor-1] INFO  impl.RoleInfo (RoleInfo.java:shutdownFollowerState(121)) - 77ab65e6-d942-49df-83a3-1d4c0bf152b3: shutdown FollowerState
2019-11-05 08:24:03,069 [grpc-default-executor-5] INFO  impl.RaftServerImpl (RaftServerImpl.java:setRole(184)) - 7e1b84a9-a041-44fd-8008-f2679426984c@group-0DB8C7688BF9: changes role from  FOLLOWER to FOLLOWER at term 111 for recognizeCandidate:4a682f4f-c3f2-4b77-88b7-f0ab78890feb
2019-11-05 08:24:03,069 [grpc-default-executor-5] INFO  impl.RoleInfo (RoleInfo.java:shutdownFollowerState(121)) - 7e1b84a9-a041-44fd-8008-f2679426984c: shutdown FollowerState
2019-11-05 08:24:03,069 [Thread-1834] INFO  impl.FollowerState (FollowerState.java:run(117)) - 77ab65e6-d942-49df-83a3-1d4c0bf152b3@group-0DB8C7688BF9-FollowerState was interrupted: java.lang.InterruptedException: sleep interrupted
2019-11-05 08:24:03,069 [grpc-default-executor-1] INFO  impl.RoleInfo (RoleInfo.java:updateAndGet(143)) - 77ab65e6-d942-49df-83a3-1d4c0bf152b3: start FollowerState
2019-11-05 08:24:03,070 [Thread-1835] INFO  impl.FollowerState (FollowerState.java:run(117)) - 7e1b84a9-a041-44fd-8008-f2679426984c@group-0DB8C7688BF9-FollowerState was interrupted: java.lang.InterruptedException: sleep interrupted
2019-11-05 08:24:03,070 [grpc-default-executor-5] INFO  impl.RoleInfo (RoleInfo.java:updateAndGet(143)) - 7e1b84a9-a041-44fd-8008-f2679426984c: start FollowerState
2019-11-05 08:24:03,082 [a8ae9c07-6d89-4a49-a594-cacd4b776180@group-0E159EE4F99E-LeaderElection224] INFO  impl.LeaderElection (LeaderElection.java:askForVotes(178)) - a8ae9c07-6d89-4a49-a594-cacd4b776180@group-0E159EE4F99E-LeaderElection224: begin an election at term 119 for -1: [caafcba9-090a-41f5-a5f9-cba5a6a81e94:192.168.164.217:37197, a8ae9c07-6d89-4a49-a594-cacd4b776180:192.168.164.217:42719, b3bb9051-8089-4c51-a999-81579e5913f2:192.168.164.217:36516], old=null
2019-11-05 08:24:03,083 [4a682f4f-c3f2-4b77-88b7-f0ab78890feb@group-0DB8C7688BF9-LeaderElection223] INFO  impl.LeaderElection (LeaderElection.java:logAndReturn(56)) - 4a682f4f-c3f2-4b77-88b7-f0ab78890feb@group-0DB8C7688BF9-LeaderElection223: Election REJECTED; received 2 response(s) [4a682f4f-c3f2-4b77-88b7-f0ab78890feb<-77ab65e6-d942-49df-83a3-1d4c0bf152b3#0:FAIL-t111, 4a682f4f-c3f2-4b77-88b7-f0ab78890feb<-7e1b84a9-a041-44fd-8008-f2679426984c#0:FAIL-t111] and 0 exception(s); 4a682f4f-c3f2-4b77-88b7-f0ab78890feb@group-0DB8C7688BF9:t111, leader=null, voted=4a682f4f-c3f2-4b77-88b7-f0ab78890feb, raftlog=4a682f4f-c3f2-4b77-88b7-f0ab78890feb@group-0DB8C7688BF9-SegmentedRaftLog:OPENED:c-1,f-1,i0, conf=-1: [77ab65e6-d942-49df-83a3-1d4c0bf152b3:192.168.164.217:39381, 7e1b84a9-a041-44fd-8008-f2679426984c:192.168.164.217:44149, 4a682f4f-c3f2-4b77-88b7-f0ab78890feb:192.168.164.217:34174], old=null
2019-11-05 08:24:03,083 [4a682f4f-c3f2-4b77-88b7-f0ab78890feb@group-0DB8C7688BF9-LeaderElection223] INFO  impl.RaftServerImpl (RaftServerImpl.java:setRole(184)) - 4a682f4f-c3f2-4b77-88b7-f0ab78890feb@group-0DB8C7688BF9: changes role from CANDIDATE to FOLLOWER at term 111 for DISCOVERED_A_NEW_TERM
2019-11-05 08:24:03,083 [4a682f4f-c3f2-4b77-88b7-f0ab78890feb@group-0DB8C7688BF9-LeaderElection223] INFO  impl.RoleInfo (RoleInfo.java:shutdownLeaderElection(134)) - 4a682f4f-c3f2-4b77-88b7-f0ab78890feb: shutdown LeaderElection
2019-11-05 08:24:03,083 [4a682f4f-c3f2-4b77-88b7-f0ab78890feb@group-0DB8C7688BF9-LeaderElection223] INFO  impl.RoleInfo (RoleInfo.java:updateAndGet(143)) - 4a682f4f-c3f2-4b77-88b7-f0ab78890feb: start FollowerState
2019-11-05 08:24:03,083 [grpc-default-executor-1] INFO  impl.RaftServerImpl (RaftServerImpl.java:setRole(184)) - caafcba9-090a-41f5-a5f9-cba5a6a81e94@group-0E159EE4F99E: changes role from  FOLLOWER to FOLLOWER at term 119 for recognizeCandidate:a8ae9c07-6d89-4a49-a594-cacd4b776180
2019-11-05 08:24:03,084 [grpc-default-executor-1] INFO  impl.RoleInfo (RoleInfo.java:shutdownFollowerState(121)) - caafcba9-090a-41f5-a5f9-cba5a6a81e94: shutdown FollowerState
2019-11-05 08:24:03,084 [grpc-default-executor-5] INFO  impl.RaftServerImpl (RaftServerImpl.java:setRole(184)) - b3bb9051-8089-4c51-a999-81579e5913f2@group-0E159EE4F99E: changes role from  FOLLOWER to FOLLOWER at term 119 for recognizeCandidate:a8ae9c07-6d89-4a49-a594-cacd4b776180
2019-11-05 08:24:03,084 [Thread-1828] INFO  impl.FollowerState (FollowerState.java:run(117)) - caafcba9-090a-41f5-a5f9-cba5a6a81e94@group-0E159EE4F99E-FollowerState was interrupted: java.lang.InterruptedException: sleep interrupted
2019-11-05 08:24:03,084 [grpc-default-executor-1] INFO  impl.RoleInfo (RoleInfo.java:updateAndGet(143)) - caafcba9-090a-41f5-a5f9-cba5a6a81e94: start FollowerState
2019-11-05 08:24:03,084 [grpc-default-executor-5] INFO  impl.RoleInfo (RoleInfo.java:shutdownFollowerState(121)) - b3bb9051-8089-4c51-a999-81579e5913f2: shutdown FollowerState
2019-11-05 08:24:03,084 [grpc-default-executor-5] INFO  impl.RoleInfo (RoleInfo.java:updateAndGet(143)) - b3bb9051-8089-4c51-a999-81579e5913f2: start FollowerState
2019-11-05 08:24:03,085 [Thread-1829] INFO  impl.FollowerState (FollowerState.java:run(117)) - b3bb9051-8089-4c51-a999-81579e5913f2@group-0E159EE4F99E-FollowerState was interrupted: java.lang.InterruptedException: sleep interrupted
2019-11-05 08:24:03,098 [a8ae9c07-6d89-4a49-a594-cacd4b776180@group-0E159EE4F99E-LeaderElection224] INFO  impl.LeaderElection (LeaderElection.java:logAndReturn(56)) - a8ae9c07-6d89-4a49-a594-cacd4b776180@group-0E159EE4F99E-LeaderElection224: Election REJECTED; received 2 response(s) [a8ae9c07-6d89-4a49-a594-cacd4b776180<-caafcba9-090a-41f5-a5f9-cba5a6a81e94#0:FAIL-t119, a8ae9c07-6d89-4a49-a594-cacd4b776180<-b3bb9051-8089-4c51-a999-81579e5913f2#0:FAIL-t119] and 0 exception(s); a8ae9c07-6d89-4a49-a594-cacd4b776180@group-0E159EE4F99E:t119, leader=null, voted=a8ae9c07-6d89-4a49-a594-cacd4b776180, raftlog=a8ae9c07-6d89-4a49-a594-cacd4b776180@group-0E159EE4F99E-SegmentedRaftLog:OPENED:c-1,f-1,i0, conf=-1: [caafcba9-090a-41f5-a5f9-cba5a6a81e94:192.168.164.217:37197, a8ae9c07-6d89-4a49-a594-cacd4b776180:192.168.164.217:42719, b3bb9051-8089-4c51-a999-81579e5913f2:192.168.164.217:36516], old=null
2019-11-05 08:24:03,099 [a8ae9c07-6d89-4a49-a594-cacd4b776180@group-0E159EE4F99E-LeaderElection224] INFO  impl.RaftServerImpl (RaftServerImpl.java:setRole(184)) - a8ae9c07-6d89-4a49-a594-cacd4b776180@group-0E159EE4F99E: changes role from CANDIDATE to FOLLOWER at term 119 for DISCOVERED_A_NEW_TERM
2019-11-05 08:24:03,099 [a8ae9c07-6d89-4a49-a594-cacd4b776180@group-0E159EE4F99E-LeaderElection224] INFO  impl.RoleInfo (RoleInfo.java:shutdownLeaderElection(134)) - a8ae9c07-6d89-4a49-a594-cacd4b776180: shutdown LeaderElection
2019-11-05 08:24:03,099 [a8ae9c07-6d89-4a49-a594-cacd4b776180@group-0E159EE4F99E-LeaderElection224] INFO  impl.RoleInfo (RoleInfo.java:updateAndGet(143)) - a8ae9c07-6d89-4a49-a594-cacd4b776180: start FollowerState
2019-11-05 08:24:03,118 [Thread-1848] INFO  impl.FollowerState (FollowerState.java:run(108)) - a8ae9c07-6d89-4a49-a594-cacd4b776180@group-0E159EE4F99E-FollowerState: change to CANDIDATE, lastRpcTime:19ms, electionTimeout:19ms
2019-11-05 08:24:03,119 [Thread-1848] INFO  impl.RoleInfo (RoleInfo.java:shutdownFollowerState(121)) - a8ae9c07-6d89-4a49-a594-cacd4b776180: shutdown FollowerState
2019-11-05 08:24:03,119 [Thread-1848] INFO  impl.RaftServerImpl (RaftServerImpl.java:setRole(184)) - a8ae9c07-6d89-4a49-a594-cacd4b776180@group-0E159EE4F99E: changes role from  FOLLOWER to CANDIDATE at term 119 for changeToCandidate
2019-11-05 08:24:03,119 [Thread-1848] INFO  impl.RoleInfo (RoleInfo.java:updateAndGet(143)) - a8ae9c07-6d89-4a49-a594-cacd4b776180: start LeaderElection
2019-11-05 08:24:03,132 [a8ae9c07-6d89-4a49-a594-cacd4b776180@group-0E159EE4F99E-LeaderElection225] INFO  impl.LeaderElection (LeaderElection.java:askForVotes(178)) - a8ae9c07-6d89-4a49-a594-cacd4b776180@group-0E159EE4F99E-LeaderElection225: begin an election at term 120 for -1: [caafcba9-090a-41f5-a5f9-cba5a6a81e94:192.168.164.217:37197, a8ae9c07-6d89-4a49-a594-cacd4b776180:192.168.164.217:42719, b3bb9051-8089-4c51-a999-81579e5913f2:192.168.164.217:36516], old=null
2019-11-05 08:24:03,135 [grpc-default-executor-5] INFO  impl.RaftServerImpl (RaftServerImpl.java:setRole(184)) - caafcba9-090a-41f5-a5f9-cba5a6a81e94@group-0E159EE4F99E: changes role from  FOLLOWER to FOLLOWER at term 120 for recognizeCandidate:a8ae9c07-6d89-4a49-a594-cacd4b776180
2019-11-05 08:24:03,135 [grpc-default-executor-5] INFO  impl.RoleInfo (RoleInfo.java:shutdownFollowerState(121)) - caafcba9-090a-41f5-a5f9-cba5a6a81e94: shutdown FollowerState
2019-11-05 08:24:03,135 [grpc-default-executor-5] INFO  impl.RoleInfo (RoleInfo.java:updateAndGet(143)) - caafcba9-090a-41f5-a5f9-cba5a6a81e94: start FollowerState
2019-11-05 08:24:03,135 [Thread-1846] INFO  impl.FollowerState (FollowerState.java:run(117)) - caafcba9-090a-41f5-a5f9-cba5a6a81e94@group-0E159EE4F99E-FollowerState was interrupted: java.lang.InterruptedException: sleep interrupted
2019-11-05 08:24:03,135 [grpc-default-executor-1] INFO  impl.RaftServerImpl (RaftServerImpl.java:setRole(184)) - b3bb9051-8089-4c51-a999-81579e5913f2@group-0E159EE4F99E: changes role from  FOLLOWER to FOLLOWER at term 120 for recognizeCandidate:a8ae9c07-6d89-4a49-a594-cacd4b776180
2019-11-05 08:24:03,135 [grpc-default-executor-1] INFO  impl.RoleInfo (RoleInfo.java:shutdownFollowerState(121)) - b3bb9051-8089-4c51-a999-81579e5913f2: shutdown FollowerState
2019-11-05 08:24:03,136 [grpc-default-executor-1] INFO  impl.RoleInfo (RoleInfo.java:updateAndGet(143)) - b3bb9051-8089-4c51-a999-81579e5913f2: start FollowerState
2019-11-05 08:24:03,136 [Thread-1847] INFO  impl.FollowerState (FollowerState.java:run(117)) - b3bb9051-8089-4c51-a999-81579e5913f2@group-0E159EE4F99E-FollowerState was interrupted: java.lang.InterruptedException: sleep interrupted
2019-11-05 08:24:03,149 [a8ae9c07-6d89-4a49-a594-cacd4b776180@group-0E159EE4F99E-LeaderElection225] INFO  impl.LeaderElection (LeaderElection.java:logAndReturn(56)) - a8ae9c07-6d89-4a49-a594-cacd4b776180@group-0E159EE4F99E-LeaderElection225: Election REJECTED; received 2 response(s) [a8ae9c07-6d89-4a49-a594-cacd4b776180<-caafcba9-090a-41f5-a5f9-cba5a6a81e94#0:FAIL-t120, a8ae9c07-6d89-4a49-a594-cacd4b776180<-b3bb9051-8089-4c51-a999-81579e5913f2#0:FAIL-t120] and 0 exception(s); a8ae9c07-6d89-4a49-a594-cacd4b776180@group-0E159EE4F99E:t120, leader=null, voted=a8ae9c07-6d89-4a49-a594-cacd4b776180, raftlog=a8ae9c07-6d89-4a49-a594-cacd4b776180@group-0E159EE4F99E-SegmentedRaftLog:OPENED:c-1,f-1,i0, conf=-1: [caafcba9-090a-41f5-a5f9-cba5a6a81e94:192.168.164.217:37197, a8ae9c07-6d89-4a49-a594-cacd4b776180:192.168.164.217:42719, b3bb9051-8089-4c51-a999-81579e5913f2:192.168.164.217:36516], old=null
2019-11-05 08:24:03,149 [a8ae9c07-6d89-4a49-a594-cacd4b776180@group-0E159EE4F99E-LeaderElection225] INFO  impl.RaftServerImpl (RaftServerImpl.java:setRole(184)) - a8ae9c07-6d89-4a49-a594-cacd4b776180@group-0E159EE4F99E: changes role from CANDIDATE to FOLLOWER at term 120 for DISCOVERED_A_NEW_TERM
2019-11-05 08:24:03,149 [a8ae9c07-6d89-4a49-a594-cacd4b776180@group-0E159EE4F99E-LeaderElection225] INFO  impl.RoleInfo (RoleInfo.java:shutdownLeaderElection(134)) - a8ae9c07-6d89-4a49-a594-cacd4b776180: shutdown LeaderElection
2019-11-05 08:24:03,149 [a8ae9c07-6d89-4a49-a594-cacd4b776180@group-0E159EE4F99E-LeaderElection225] INFO  impl.RoleInfo (RoleInfo.java:updateAndGet(143)) - a8ae9c07-6d89-4a49-a594-cacd4b776180: start FollowerState
2019-11-05 08:24:03,225 [Thread-1845] INFO  impl.FollowerState (FollowerState.java:run(108)) - 4a682f4f-c3f2-4b77-88b7-f0ab78890feb@group-0DB8C7688BF9-FollowerState: change to CANDIDATE, lastRpcTime:141ms, electionTimeout:141ms
2019-11-05 08:24:03,225 [Thread-1845] INFO  impl.RoleInfo (RoleInfo.java:shutdownFollowerState(121)) - 4a682f4f-c3f2-4b77-88b7-f0ab78890feb: shutdown FollowerState
2019-11-05 08:24:03,225 [Thread-1845] INFO  impl.RaftServerImpl (RaftServerImpl.java:setRole(184)) - 4a682f4f-c3f2-4b77-88b7-f0ab78890feb@group-0DB8C7688BF9: changes role from  FOLLOWER to CANDIDATE at term 111 for changeToCandidate
2019-11-05 08:24:03,225 [Thread-1845] INFO  impl.RoleInfo (RoleInfo.java:updateAndGet(143)) - 4a682f4f-c3f2-4b77-88b7-f0ab78890feb: start LeaderElection
2019-11-05 08:24:03,239 [4a682f4f-c3f2-4b77-88b7-f0ab78890feb@group-0DB8C7688BF9-LeaderElection226] INFO  impl.LeaderElection (LeaderElection.java:askForVotes(178)) - 4a682f4f-c3f2-4b77-88b7-f0ab78890feb@group-0DB8C7688BF9-LeaderElection226: begin an election at term 112 for -1: [77ab65e6-d942-49df-83a3-1d4c0bf152b3:192.168.164.217:39381, 7e1b84a9-a041-44fd-8008-f2679426984c:192.168.164.217:44149, 4a682f4f-c3f2-4b77-88b7-f0ab78890feb:192.168.164.217:34174], old=null
2019-11-05 08:24:03,241 [grpc-default-executor-5] INFO  impl.RaftServerImpl (RaftServerImpl.java:setRole(184)) - 77ab65e6-d942-49df-83a3-1d4c0bf152b3@group-0DB8C7688BF9: changes role from  FOLLOWER to FOLLOWER at term 112 for recognizeCandidate:4a682f4f-c3f2-4b77-88b7-f0ab78890feb
2019-11-05 08:24:03,242 [grpc-default-executor-5] INFO  impl.RoleInfo (RoleInfo.java:shutdownFollowerState(121)) - 77ab65e6-d942-49df-83a3-1d4c0bf152b3: shutdown FollowerState
2019-11-05 08:24:03,242 [grpc-default-executor-5] INFO  impl.RoleInfo (RoleInfo.java:updateAndGet(143)) - 77ab65e6-d942-49df-83a3-1d4c0bf152b3: start FollowerState
2019-11-05 08:24:03,242 [Thread-1841] INFO  impl.FollowerState (FollowerState.java:run(117)) - 77ab65e6-d942-49df-83a3-1d4c0bf152b3@group-0DB8C7688BF9-FollowerState was interrupted: java.lang.InterruptedException: sleep interrupted
2019-11-05 08:24:03,242 [grpc-default-executor-1] INFO  impl.RaftServerImpl (RaftServerImpl.java:setRole(184)) - 7e1b84a9-a041-44fd-8008-f2679426984c@group-0DB8C7688BF9: changes role from  FOLLOWER to FOLLOWER at term 112 for recognizeCandidate:4a682f4f-c3f2-4b77-88b7-f0ab78890feb
2019-11-05 08:24:03,242 [grpc-default-executor-1] INFO  impl.RoleInfo (RoleInfo.java:shutdownFollowerState(121)) - 7e1b84a9-a041-44fd-8008-f2679426984c: shutdown FollowerState
2019-11-05 08:24:03,242 [grpc-default-executor-1] INFO  impl.RoleInfo (RoleInfo.java:updateAndGet(143)) - 7e1b84a9-a041-44fd-8008-f2679426984c: start FollowerState
2019-11-05 08:24:03,243 [Thread-1842] INFO  impl.FollowerState (FollowerState.java:run(117)) - 7e1b84a9-a041-44fd-8008-f2679426984c@group-0DB8C7688BF9-FollowerState was interrupted: java.lang.InterruptedException: sleep interrupted
2019-11-05 08:24:03,256 [4a682f4f-c3f2-4b77-88b7-f0ab78890feb@group-0DB8C7688BF9-LeaderElection226] INFO  impl.LeaderElection (LeaderElection.java:logAndReturn(56)) - 4a682f4f-c3f2-4b77-88b7-f0ab78890feb@group-0DB8C7688BF9-LeaderElection226: Election REJECTED; received 2 response(s) [4a682f4f-c3f2-4b77-88b7-f0ab78890feb<-77ab65e6-d942-49df-83a3-1d4c0bf152b3#0:FAIL-t112, 4a682f4f-c3f2-4b77-88b7-f0ab78890feb<-7e1b84a9-a041-44fd-8008-f2679426984c#0:FAIL-t112] and 0 exception(s); 4a682f4f-c3f2-4b77-88b7-f0ab78890feb@group-0DB8C7688BF9:t112, leader=null, voted=4a682f4f-c3f2-4b77-88b7-f0ab78890feb, raftlog=4a682f4f-c3f2-4b77-88b7-f0ab78890feb@group-0DB8C7688BF9-SegmentedRaftLog:OPENED:c-1,f-1,i0, conf=-1: [77ab65e6-d942-49df-83a3-1d4c0bf152b3:192.168.164.217:39381, 7e1b84a9-a041-44fd-8008-f2679426984c:192.168.164.217:44149, 4a682f4f-c3f2-4b77-88b7-f0ab78890feb:192.168.164.217:34174], old=null
2019-11-05 08:24:03,256 [4a682f4f-c3f2-4b77-88b7-f0ab78890feb@group-0DB8C7688BF9-LeaderElection226] INFO  impl.RaftServerImpl (RaftServerImpl.java:setRole(184)) - 4a682f4f-c3f2-4b77-88b7-f0ab78890feb@group-0DB8C7688BF9: changes role from CANDIDATE to FOLLOWER at term 112 for DISCOVERED_A_NEW_TERM
2019-11-05 08:24:03,256 [4a682f4f-c3f2-4b77-88b7-f0ab78890feb@group-0DB8C7688BF9-LeaderElection226] INFO  impl.RoleInfo (RoleInfo.java:shutdownLeaderElection(134)) - 4a682f4f-c3f2-4b77-88b7-f0ab78890feb: shutdown LeaderElection
2019-11-05 08:24:03,256 [4a682f4f-c3f2-4b77-88b7-f0ab78890feb@group-0DB8C7688BF9-LeaderElection226] INFO  impl.RoleInfo (RoleInfo.java:updateAndGet(143)) - 4a682f4f-c3f2-4b77-88b7-f0ab78890feb: start FollowerState
2019-11-05 08:24:03,268 [Thread-1856] INFO  impl.FollowerState (FollowerState.java:run(108)) - a8ae9c07-6d89-4a49-a594-cacd4b776180@group-0E159EE4F99E-FollowerState: change to CANDIDATE, lastRpcTime:118ms, electionTimeout:118ms
2019-11-05 08:24:03,268 [Thread-1856] INFO  impl.RoleInfo (RoleInfo.java:shutdownFollowerState(121)) - a8ae9c07-6d89-4a49-a594-cacd4b776180: shutdown FollowerState
2019-11-05 08:24:03,268 [Thread-1856] INFO  impl.RaftServerImpl (RaftServerImpl.java:setRole(184)) - a8ae9c07-6d89-4a49-a594-cacd4b776180@group-0E159EE4F99E: changes role from  FOLLOWER to CANDIDATE at term 120 for changeToCandidate
2019-11-05 08:24:03,268 [Thread-1856] INFO  impl.RoleInfo (RoleInfo.java:updateAndGet(143)) - a8ae9c07-6d89-4a49-a594-cacd4b776180: start LeaderElection
2019-11-05 08:24:03,272 [a8ae9c07-6d89-4a49-a594-cacd4b776180@group-0E159EE4F99E-LeaderElection227] INFO  impl.LeaderElection (LeaderElection.java:askForVotes(178)) - a8ae9c07-6d89-4a49-a594-cacd4b776180@group-0E159EE4F99E-LeaderElection227: begin an election at term 121 for -1: [caafcba9-090a-41f5-a5f9-cba5a6a81e94:192.168.164.217:37197, a8ae9c07-6d89-4a49-a594-cacd4b776180:192.168.164.217:42719, b3bb9051-8089-4c51-a999-81579e5913f2:192.168.164.217:36516], old=null
2019-11-05 08:24:03,274 [grpc-default-executor-1] INFO  impl.RaftServerImpl (RaftServerImpl.java:setRole(184)) - caafcba9-090a-41f5-a5f9-cba5a6a81e94@group-0E159EE4F99E: changes role from  FOLLOWER to FOLLOWER at term 121 for recognizeCandidate:a8ae9c07-6d89-4a49-a594-cacd4b776180
2019-11-05 08:24:03,274 [grpc-default-executor-5] INFO  impl.RaftServerImpl (RaftServerImpl.java:setRole(184)) - b3bb9051-8089-4c51-a999-81579e5913f2@group-0E159EE4F99E: changes role from  FOLLOWER to FOLLOWER at term 121 for recognizeCandidate:a8ae9c07-6d89-4a49-a594-cacd4b776180
2019-11-05 08:24:03,274 [grpc-default-executor-1] INFO  impl.RoleInfo (RoleInfo.java:shutdownFollowerState(121)) - caafcba9-090a-41f5-a5f9-cba5a6a81e94: shutdown FollowerState
2019-11-05 08:24:03,274 [grpc-default-executor-5] INFO  impl.RoleInfo (RoleInfo.java:shutdownFollowerState(121)) - b3bb9051-8089-4c51-a999-81579e5913f2: shutdown FollowerState
2019-11-05 08:24:03,275 [Thread-1854] INFO  impl.FollowerState (FollowerState.java:run(117)) - caafcba9-090a-41f5-a5f9-cba5a6a81e94@group-0E159EE4F99E-FollowerState was interrupted: java.lang.InterruptedException: sleep interrupted
2019-11-05 08:24:03,275 [Thread-1855] INFO  impl.FollowerState (FollowerState.java:run(117)) - b3bb9051-8089-4c51-a999-81579e5913f2@group-0E159EE4F99E-FollowerState was interrupted: java.lang.InterruptedException: sleep interrupted
2019-11-05 08:24:03,275 [grpc-default-executor-5] INFO  impl.RoleInfo (RoleInfo.java:updateAndGet(143)) - b3bb9051-8089-4c51-a999-81579e5913f2: start FollowerState
2019-11-05 08:24:03,274 [grpc-default-executor-1] INFO  impl.RoleInfo (RoleInfo.java:updateAndGet(143)) - caafcba9-090a-41f5-a5f9-cba5a6a81e94: start FollowerState
2019-11-05 08:24:03,281 [a8ae9c07-6d89-4a49-a594-cacd4b776180@group-0E159EE4F99E-LeaderElection227] INFO  impl.LeaderElection (LeaderElection.java:logAndReturn(56)) - a8ae9c07-6d89-4a49-a594-cacd4b776180@group-0E159EE4F99E-LeaderElection227: Election REJECTED; received 2 response(s) [a8ae9c07-6d89-4a49-a594-cacd4b776180<-caafcba9-090a-41f5-a5f9-cba5a6a81e94#0:FAIL-t121, a8ae9c07-6d89-4a49-a594-cacd4b776180<-b3bb9051-8089-4c51-a999-81579e5913f2#0:FAIL-t121] and 0 exception(s); a8ae9c07-6d89-4a49-a594-cacd4b776180@group-0E159EE4F99E:t121, leader=null, voted=a8ae9c07-6d89-4a49-a594-cacd4b776180, raftlog=a8ae9c07-6d89-4a49-a594-cacd4b776180@group-0E159EE4F99E-SegmentedRaftLog:OPENED:c-1,f-1,i0, conf=-1: [caafcba9-090a-41f5-a5f9-cba5a6a81e94:192.168.164.217:37197, a8ae9c07-6d89-4a49-a594-cacd4b776180:192.168.164.217:42719, b3bb9051-8089-4c51-a999-81579e5913f2:192.168.164.217:36516], old=null
2019-11-05 08:24:03,282 [a8ae9c07-6d89-4a49-a594-cacd4b776180@group-0E159EE4F99E-LeaderElection227] INFO  impl.RaftServerImpl (RaftServerImpl.java:setRole(184)) - a8ae9c07-6d89-4a49-a594-cacd4b776180@group-0E159EE4F99E: changes role from CANDIDATE to FOLLOWER at term 121 for DISCOVERED_A_NEW_TERM
2019-11-05 08:24:03,282 [a8ae9c07-6d89-4a49-a594-cacd4b776180@group-0E159EE4F99E-LeaderElection227] INFO  impl.RoleInfo (RoleInfo.java:shutdownLeaderElection(134)) - a8ae9c07-6d89-4a49-a594-cacd4b776180: shutdown LeaderElection
2019-11-05 08:24:03,282 [a8ae9c07-6d89-4a49-a594-cacd4b776180@group-0E159EE4F99E-LeaderElection227] INFO  impl.RoleInfo (RoleInfo.java:updateAndGet(143)) - a8ae9c07-6d89-4a49-a594-cacd4b776180: start FollowerState
2019-11-05 08:24:03,309 [Thread-1870] INFO  impl.FollowerState (FollowerState.java:run(108)) - a8ae9c07-6d89-4a49-a594-cacd4b776180@group-0E159EE4F99E-FollowerState: change to CANDIDATE, lastRpcTime:27ms, electionTimeout:27ms
2019-11-05 08:24:03,309 [Thread-1870] INFO  impl.RoleInfo (RoleInfo.java:shutdownFollowerState(121)) - a8ae9c07-6d89-4a49-a594-cacd4b776180: shutdown FollowerState
2019-11-05 08:24:03,310 [Thread-1870] INFO  impl.RaftServerImpl (RaftServerImpl.java:setRole(184)) - a8ae9c07-6d89-4a49-a594-cacd4b776180@group-0E159EE4F99E: changes role from  FOLLOWER to CANDIDATE at term 121 for changeToCandidate
2019-11-05 08:24:03,310 [Thread-1870] INFO  impl.RoleInfo (RoleInfo.java:updateAndGet(143)) - a8ae9c07-6d89-4a49-a594-cacd4b776180: start LeaderElection
2019-11-05 08:24:03,322 [a8ae9c07-6d89-4a49-a594-cacd4b776180@group-0E159EE4F99E-LeaderElection228] INFO  impl.LeaderElection (LeaderElection.java:askForVotes(178)) - a8ae9c07-6d89-4a49-a594-cacd4b776180@group-0E159EE4F99E-LeaderElection228: begin an election at term 122 for -1: [caafcba9-090a-41f5-a5f9-cba5a6a81e94:192.168.164.217:37197, a8ae9c07-6d89-4a49-a594-cacd4b776180:192.168.164.217:42719, b3bb9051-8089-4c51-a999-81579e5913f2:192.168.164.217:36516], old=null
2019-11-05 08:24:03,324 [grpc-default-executor-5] INFO  impl.RaftServerImpl (RaftServerImpl.java:setRole(184)) - caafcba9-090a-41f5-a5f9-cba5a6a81e94@group-0E159EE4F99E: changes role from  FOLLOWER to FOLLOWER at term 122 for recognizeCandidate:a8ae9c07-6d89-4a49-a594-cacd4b776180
2019-11-05 08:24:03,324 [grpc-default-executor-5] INFO  impl.RoleInfo (RoleInfo.java:shutdownFollowerState(121)) - caafcba9-090a-41f5-a5f9-cba5a6a81e94: shutdown FollowerState
2019-11-05 08:24:03,324 [grpc-default-executor-1] INFO  impl.RaftServerImpl (RaftServerImpl.java:setRole(184)) - b3bb9051-8089-4c51-a999-81579e5913f2@group-0E159EE4F99E: changes role from  FOLLOWER to FOLLOWER at term 122 for recognizeCandidate:a8ae9c07-6d89-4a49-a594-cacd4b776180
2019-11-05 08:24:03,325 [grpc-default-executor-1] INFO  impl.RoleInfo (RoleInfo.java:shutdownFollowerState(121)) - b3bb9051-8089-4c51-a999-81579e5913f2: shutdown FollowerState
2019-11-05 08:24:03,325 [grpc-default-executor-5] INFO  impl.RoleInfo (RoleInfo.java:updateAndGet(143)) - caafcba9-090a-41f5-a5f9-cba5a6a81e94: start FollowerState
2019-11-05 08:24:03,325 [Thread-1868] INFO  impl.FollowerState (FollowerState.java:run(117)) - caafcba9-090a-41f5-a5f9-cba5a6a81e94@group-0E159EE4F99E-FollowerState was interrupted: java.lang.InterruptedException: sleep interrupted
2019-11-05 08:24:03,325 [Thread-1869] INFO  impl.FollowerState (FollowerState.java:run(117)) - b3bb9051-8089-4c51-a999-81579e5913f2@group-0E159EE4F99E-FollowerState was interrupted: java.lang.InterruptedException: sleep interrupted
2019-11-05 08:24:03,325 [grpc-default-executor-1] INFO  impl.RoleInfo (RoleInfo.java:updateAndGet(143)) - b3bb9051-8089-4c51-a999-81579e5913f2: start FollowerState
2019-11-05 08:24:03,339 [a8ae9c07-6d89-4a49-a594-cacd4b776180@group-0E159EE4F99E-LeaderElection228] INFO  impl.LeaderElection (LeaderElection.java:logAndReturn(56)) - a8ae9c07-6d89-4a49-a594-cacd4b776180@group-0E159EE4F99E-LeaderElection228: Election REJECTED; received 2 response(s) [a8ae9c07-6d89-4a49-a594-cacd4b776180<-caafcba9-090a-41f5-a5f9-cba5a6a81e94#0:FAIL-t122, a8ae9c07-6d89-4a49-a594-cacd4b776180<-b3bb9051-8089-4c51-a999-81579e5913f2#0:FAIL-t122] and 0 exception(s); a8ae9c07-6d89-4a49-a594-cacd4b776180@group-0E159EE4F99E:t122, leader=null, voted=a8ae9c07-6d89-4a49-a594-cacd4b776180, raftlog=a8ae9c07-6d89-4a49-a594-cacd4b776180@group-0E159EE4F99E-SegmentedRaftLog:OPENED:c-1,f-1,i0, conf=-1: [caafcba9-090a-41f5-a5f9-cba5a6a81e94:192.168.164.217:37197, a8ae9c07-6d89-4a49-a594-cacd4b776180:192.168.164.217:42719, b3bb9051-8089-4c51-a999-81579e5913f2:192.168.164.217:36516], old=null
2019-11-05 08:24:03,340 [a8ae9c07-6d89-4a49-a594-cacd4b776180@group-0E159EE4F99E-LeaderElection228] INFO  impl.RaftServerImpl (RaftServerImpl.java:setRole(184)) - a8ae9c07-6d89-4a49-a594-cacd4b776180@group-0E159EE4F99E: changes role from CANDIDATE to FOLLOWER at term 122 for DISCOVERED_A_NEW_TERM
2019-11-05 08:24:03,340 [a8ae9c07-6d89-4a49-a594-cacd4b776180@group-0E159EE4F99E-LeaderElection228] INFO  impl.RoleInfo (RoleInfo.java:shutdownLeaderElection(134)) - a8ae9c07-6d89-4a49-a594-cacd4b776180: shutdown LeaderElection
2019-11-05 08:24:03,340 [a8ae9c07-6d89-4a49-a594-cacd4b776180@group-0E159EE4F99E-LeaderElection228] INFO  impl.RoleInfo (RoleInfo.java:updateAndGet(143)) - a8ae9c07-6d89-4a49-a594-cacd4b776180: start FollowerState
2019-11-05 08:24:03,394 [Thread-1876] INFO  impl.FollowerState (FollowerState.java:run(108)) - a8ae9c07-6d89-4a49-a594-cacd4b776180@group-0E159EE4F99E-FollowerState: change to CANDIDATE, lastRpcTime:54ms, electionTimeout:54ms
2019-11-05 08:24:03,394 [Thread-1876] INFO  impl.RoleInfo (RoleInfo.java:shutdownFollowerState(121)) - a8ae9c07-6d89-4a49-a594-cacd4b776180: shutdown FollowerState
2019-11-05 08:24:03,394 [Thread-1876] INFO  impl.RaftServerImpl (RaftServerImpl.java:setRole(184)) - a8ae9c07-6d89-4a49-a594-cacd4b776180@group-0E159EE4F99E: changes role from  FOLLOWER to CANDIDATE at term 122 for changeToCandidate
2019-11-05 08:24:03,394 [Thread-1876] INFO  impl.RoleInfo (RoleInfo.java:updateAndGet(143)) - a8ae9c07-6d89-4a49-a594-cacd4b776180: start LeaderElection
2019-11-05 08:24:03,407 [Thread-1864] INFO  impl.FollowerState (FollowerState.java:run(108)) - 4a682f4f-c3f2-4b77-88b7-f0ab78890feb@group-0DB8C7688BF9-FollowerState: change to CANDIDATE, lastRpcTime:150ms, electionTimeout:150ms
2019-11-05 08:24:03,407 [a8ae9c07-6d89-4a49-a594-cacd4b776180@group-0E159EE4F99E-LeaderElection229] INFO  impl.LeaderElection (LeaderElection.java:askForVotes(178)) - a8ae9c07-6d89-4a49-a594-cacd4b776180@group-0E159EE4F99E-LeaderElection229: begin an election at term 123 for -1: [caafcba9-090a-41f5-a5f9-cba5a6a81e94:192.168.164.217:37197, a8ae9c07-6d89-4a49-a594-cacd4b776180:192.168.164.217:42719, b3bb9051-8089-4c51-a999-81579e5913f2:192.168.164.217:36516], old=null
2019-11-05 08:24:03,407 [Thread-1864] INFO  impl.RoleInfo (RoleInfo.java:shutdownFollowerState(121)) - 4a682f4f-c3f2-4b77-88b7-f0ab78890feb: shutdown FollowerState
2019-11-05 08:24:03,407 [Thread-1864] INFO  impl.RaftServerImpl (RaftServerImpl.java:setRole(184)) - 4a682f4f-c3f2-4b77-88b7-f0ab78890feb@group-0DB8C7688BF9: changes role from  FOLLOWER to CANDIDATE at term 112 for changeToCandidate
2019-11-05 08:24:03,407 [Thread-1864] INFO  impl.RoleInfo (RoleInfo.java:updateAndGet(143)) - 4a682f4f-c3f2-4b77-88b7-f0ab78890feb: start LeaderElection
2019-11-05 08:24:03,409 [grpc-default-executor-5] INFO  impl.RaftServerImpl (RaftServerImpl.java:setRole(184)) - caafcba9-090a-41f5-a5f9-cba5a6a81e94@group-0E159EE4F99E: changes role from  FOLLOWER to FOLLOWER at term 123 for recognizeCandidate:a8ae9c07-6d89-4a49-a594-cacd4b776180
2019-11-05 08:24:03,409 [grpc-default-executor-1] INFO  impl.RaftServerImpl (RaftServerImpl.java:setRole(184)) - b3bb9051-8089-4c51-a999-81579e5913f2@group-0E159EE4F99E: changes role from  FOLLOWER to FOLLOWER at term 123 for recognizeCandidate:a8ae9c07-6d89-4a49-a594-cacd4b776180
2019-11-05 08:24:03,409 [grpc-default-executor-1] INFO  impl.RoleInfo (RoleInfo.java:shutdownFollowerState(121)) - b3bb9051-8089-4c51-a999-81579e5913f2: shutdown FollowerState
2019-11-05 08:24:03,409 [grpc-default-executor-5] INFO  impl.RoleInfo (RoleInfo.java:shutdownFollowerState(121)) - caafcba9-090a-41f5-a5f9-cba5a6a81e94: shutdown FollowerState
2019-11-05 08:24:03,409 [Thread-1875] INFO  impl.FollowerState (FollowerState.java:run(117)) - b3bb9051-8089-4c51-a999-81579e5913f2@group-0E159EE4F99E-FollowerState was interrupted: java.lang.InterruptedException: sleep interrupted
2019-11-05 08:24:03,409 [grpc-default-executor-1] INFO  impl.RoleInfo (RoleInfo.java:updateAndGet(143)) - b3bb9051-8089-4c51-a999-81579e5913f2: start FollowerState
2019-11-05 08:24:03,409 [Thread-1874] INFO  impl.FollowerState (FollowerState.java:run(117)) - caafcba9-090a-41f5-a5f9-cba5a6a81e94@group-0E159EE4F99E-FollowerState was interrupted: java.lang.InterruptedException: sleep interrupted
2019-11-05 08:24:03,409 [grpc-default-executor-5] INFO  impl.RoleInfo (RoleInfo.java:updateAndGet(143)) - caafcba9-090a-41f5-a5f9-cba5a6a81e94: start FollowerState
2019-11-05 08:24:03,420 [4a682f4f-c3f2-4b77-88b7-f0ab78890feb@group-0DB8C7688BF9-LeaderElection230] INFO  impl.LeaderElection (LeaderElection.java:askForVotes(178)) - 4a682f4f-c3f2-4b77-88b7-f0ab78890feb@group-0DB8C7688BF9-LeaderElection230: begin an election at term 113 for -1: [77ab65e6-d942-49df-83a3-1d4c0bf152b3:192.168.164.217:39381, 7e1b84a9-a041-44fd-8008-f2679426984c:192.168.164.217:44149, 4a682f4f-c3f2-4b77-88b7-f0ab78890feb:192.168.164.217:34174], old=null
2019-11-05 08:24:03,421 [a8ae9c07-6d89-4a49-a594-cacd4b776180@group-0E159EE4F99E-LeaderElection229] INFO  impl.LeaderElection (LeaderElection.java:logAndReturn(56)) - a8ae9c07-6d89-4a49-a594-cacd4b776180@group-0E159EE4F99E-LeaderElection229: Election REJECTED; received 2 response(s) [a8ae9c07-6d89-4a49-a594-cacd4b776180<-caafcba9-090a-41f5-a5f9-cba5a6a81e94#0:FAIL-t123, a8ae9c07-6d89-4a49-a594-cacd4b776180<-b3bb9051-8089-4c51-a999-81579e5913f2#0:FAIL-t123] and 0 exception(s); a8ae9c07-6d89-4a49-a594-cacd4b776180@group-0E159EE4F99E:t123, leader=null, voted=a8ae9c07-6d89-4a49-a594-cacd4b776180, raftlog=a8ae9c07-6d89-4a49-a594-cacd4b776180@group-0E159EE4F99E-SegmentedRaftLog:OPENED:c-1,f-1,i0, conf=-1: [caafcba9-090a-41f5-a5f9-cba5a6a81e94:192.168.164.217:37197, a8ae9c07-6d89-4a49-a594-cacd4b776180:192.168.164.217:42719, b3bb9051-8089-4c51-a999-81579e5913f2:192.168.164.217:36516], old=null
2019-11-05 08:24:03,421 [a8ae9c07-6d89-4a49-a594-cacd4b776180@group-0E159EE4F99E-LeaderElection229] INFO  impl.RaftServerImpl (RaftServerImpl.java:setRole(184)) - a8ae9c07-6d89-4a49-a594-cacd4b776180@group-0E159EE4F99E: changes role from CANDIDATE to FOLLOWER at term 123 for DISCOVERED_A_NEW_TERM
2019-11-05 08:24:03,421 [a8ae9c07-6d89-4a49-a594-cacd4b776180@group-0E159EE4F99E-LeaderElection229] INFO  impl.RoleInfo (RoleInfo.java:shutdownLeaderElection(134)) - a8ae9c07-6d89-4a49-a594-cacd4b776180: shutdown LeaderElection
2019-11-05 08:24:03,421 [a8ae9c07-6d89-4a49-a594-cacd4b776180@group-0E159EE4F99E-LeaderElection229] INFO  impl.RoleInfo (RoleInfo.java:updateAndGet(143)) - a8ae9c07-6d89-4a49-a594-cacd4b776180: start FollowerState
2019-11-05 08:24:03,422 [grpc-default-executor-1] INFO  impl.RaftServerImpl (RaftServerImpl.java:setRole(184)) - 77ab65e6-d942-49df-83a3-1d4c0bf152b3@group-0DB8C7688BF9: changes role from  FOLLOWER to FOLLOWER at term 113 for recognizeCandidate:4a682f4f-c3f2-4b77-88b7-f0ab78890feb
2019-11-05 08:24:03,422 [grpc-default-executor-1] INFO  impl.RoleInfo (RoleInfo.java:shutdownFollowerState(121)) - 77ab65e6-d942-49df-83a3-1d4c0bf152b3: shutdown FollowerState
2019-11-05 08:24:03,422 [grpc-default-executor-5] INFO  impl.RaftServerImpl (RaftServerImpl.java:setRole(184)) - 7e1b84a9-a041-44fd-8008-f2679426984c@group-0DB8C7688BF9: changes role from  FOLLOWER to FOLLOWER at term 113 for recognizeCandidate:4a682f4f-c3f2-4b77-88b7-f0ab78890feb
2019-11-05 08:24:03,422 [Thread-1862] INFO  impl.FollowerState (FollowerState.java:run(117)) - 77ab65e6-d942-49df-83a3-1d4c0bf152b3@group-0DB8C7688BF9-FollowerState was interrupted: java.lang.InterruptedException: sleep interrupted
2019-11-05 08:24:03,422 [grpc-default-executor-1] INFO  impl.RoleInfo (RoleInfo.java:updateAndGet(143)) - 77ab65e6-d942-49df-83a3-1d4c0bf152b3: start FollowerState
2019-11-05 08:24:03,422 [grpc-default-executor-5] INFO  impl.RoleInfo (RoleInfo.java:shutdownFollowerState(121)) - 7e1b84a9-a041-44fd-8008-f2679426984c: shutdown FollowerState
2019-11-05 08:24:03,423 [grpc-default-executor-5] INFO  impl.RoleInfo (RoleInfo.java:updateAndGet(143)) - 7e1b84a9-a041-44fd-8008-f2679426984c: start FollowerState
2019-11-05 08:24:03,423 [Thread-1863] INFO  impl.FollowerState (FollowerState.java:run(117)) - 7e1b84a9-a041-44fd-8008-f2679426984c@group-0DB8C7688BF9-FollowerState was interrupted: java.lang.InterruptedException: sleep interrupted
2019-11-05 08:24:03,432 [4a682f4f-c3f2-4b77-88b7-f0ab78890feb@group-0DB8C7688BF9-LeaderElection230] INFO  impl.LeaderElection (LeaderElection.java:logAndReturn(56)) - 4a682f4f-c3f2-4b77-88b7-f0ab78890feb@group-0DB8C7688BF9-LeaderElection230: Election REJECTED; received 2 response(s) [4a682f4f-c3f2-4b77-88b7-f0ab78890feb<-77ab65e6-d942-49df-83a3-1d4c0bf152b3#0:FAIL-t113, 4a682f4f-c3f2-4b77-88b7-f0ab78890feb<-7e1b84a9-a041-44fd-8008-f2679426984c#0:FAIL-t113] and 0 exception(s); 4a682f4f-c3f2-4b77-88b7-f0ab78890feb@group-0DB8C7688BF9:t113, leader=null, voted=4a682f4f-c3f2-4b77-88b7-f0ab78890feb, raftlog=4a682f4f-c3f2-4b77-88b7-f0ab78890feb@group-0DB8C7688BF9-SegmentedRaftLog:OPENED:c-1,f-1,i0, conf=-1: [77ab65e6-d942-49df-83a3-1d4c0bf152b3:192.168.164.217:39381, 7e1b84a9-a041-44fd-8008-f2679426984c:192.168.164.217:44149, 4a682f4f-c3f2-4b77-88b7-f0ab78890feb:192.168.164.217:34174], old=null
2019-11-05 08:24:03,433 [4a682f4f-c3f2-4b77-88b7-f0ab78890feb@group-0DB8C7688BF9-LeaderElection230] INFO  impl.RaftServerImpl (RaftServerImpl.java:setRole(184)) - 4a682f4f-c3f2-4b77-88b7-f0ab78890feb@group-0DB8C7688BF9: changes role from CANDIDATE to FOLLOWER at term 113 for DISCOVERED_A_NEW_TERM
2019-11-05 08:24:03,433 [4a682f4f-c3f2-4b77-88b7-f0ab78890feb@group-0DB8C7688BF9-LeaderElection230] INFO  impl.RoleInfo (RoleInfo.java:shutdownLeaderElection(134)) - 4a682f4f-c3f2-4b77-88b7-f0ab78890feb: shutdown LeaderElection
2019-11-05 08:24:03,433 [4a682f4f-c3f2-4b77-88b7-f0ab78890feb@group-0DB8C7688BF9-LeaderElection230] INFO  impl.RoleInfo (RoleInfo.java:updateAndGet(143)) - 4a682f4f-c3f2-4b77-88b7-f0ab78890feb: start FollowerState
2019-11-05 08:24:03,525 [Thread-1888] INFO  impl.FollowerState (FollowerState.java:run(108)) - 4a682f4f-c3f2-4b77-88b7-f0ab78890feb@group-0DB8C7688BF9-FollowerState: change to CANDIDATE, lastRpcTime:92ms, electionTimeout:92ms
2019-11-05 08:24:03,525 [Thread-1888] INFO  impl.RoleInfo (RoleInfo.java:shutdownFollowerState(121)) - 4a682f4f-c3f2-4b77-88b7-f0ab78890feb: shutdown FollowerState
2019-11-05 08:24:03,526 [Thread-1888] INFO  impl.RaftServerImpl (RaftServerImpl.java:setRole(184)) - 4a682f4f-c3f2-4b77-88b7-f0ab78890feb@group-0DB8C7688BF9: changes role from  FOLLOWER to CANDIDATE at term 113 for changeToCandidate
2019-11-05 08:24:03,526 [Thread-1888] INFO  impl.RoleInfo (RoleInfo.java:updateAndGet(143)) - 4a682f4f-c3f2-4b77-88b7-f0ab78890feb: start LeaderElection
2019-11-05 08:24:03,531 [Thread-1885] INFO  impl.FollowerState (FollowerState.java:run(108)) - a8ae9c07-6d89-4a49-a594-cacd4b776180@group-0E159EE4F99E-FollowerState: change to CANDIDATE, lastRpcTime:110ms, electionTimeout:110ms
2019-11-05 08:24:03,531 [Thread-1885] INFO  impl.RoleInfo (RoleInfo.java:shutdownFollowerState(121)) - a8ae9c07-6d89-4a49-a594-cacd4b776180: shutdown FollowerState
2019-11-05 08:24:03,532 [Thread-1885] INFO  impl.RaftServerImpl (RaftServerImpl.java:setRole(184)) - a8ae9c07-6d89-4a49-a594-cacd4b776180@group-0E159EE4F99E: changes role from  FOLLOWER to CANDIDATE at term 123 for changeToCandidate
2019-11-05 08:24:03,532 [Thread-1885] INFO  impl.RoleInfo (RoleInfo.java:updateAndGet(143)) - a8ae9c07-6d89-4a49-a594-cacd4b776180: start LeaderElection
2019-11-05 08:24:03,539 [a8ae9c07-6d89-4a49-a594-cacd4b776180@group-0E159EE4F99E-LeaderElection232] INFO  impl.LeaderElection (LeaderElection.java:askForVotes(178)) - a8ae9c07-6d89-4a49-a594-cacd4b776180@group-0E159EE4F99E-LeaderElection232: begin an election at term 124 for -1: [caafcba9-090a-41f5-a5f9-cba5a6a81e94:192.168.164.217:37197, a8ae9c07-6d89-4a49-a594-cacd4b776180:192.168.164.217:42719, b3bb9051-8089-4c51-a999-81579e5913f2:192.168.164.217:36516], old=null
2019-11-05 08:24:03,539 [4a682f4f-c3f2-4b77-88b7-f0ab78890feb@group-0DB8C7688BF9-LeaderElection231] INFO  impl.LeaderElection (LeaderElection.java:askForVotes(178)) - 4a682f4f-c3f2-4b77-88b7-f0ab78890feb@group-0DB8C7688BF9-LeaderElection231: begin an election at term 114 for -1: [77ab65e6-d942-49df-83a3-1d4c0bf152b3:192.168.164.217:39381, 7e1b84a9-a041-44fd-8008-f2679426984c:192.168.164.217:44149, 4a682f4f-c3f2-4b77-88b7-f0ab78890feb:192.168.164.217:34174], old=null
2019-11-05 08:24:03,542 [grpc-default-executor-1] INFO  impl.RaftServerImpl (RaftServerImpl.java:setRole(184)) - caafcba9-090a-41f5-a5f9-cba5a6a81e94@group-0E159EE4F99E: changes role from  FOLLOWER to FOLLOWER at term 124 for recognizeCandidate:a8ae9c07-6d89-4a49-a594-cacd4b776180
2019-11-05 08:24:03,542 [grpc-default-executor-5] INFO  impl.RaftServerImpl (RaftServerImpl.java:setRole(184)) - 77ab65e6-d942-49df-83a3-1d4c0bf152b3@group-0DB8C7688BF9: changes role from  FOLLOWER to FOLLOWER at term 114 for recognizeCandidate:4a682f4f-c3f2-4b77-88b7-f0ab78890feb
2019-11-05 08:24:03,542 [grpc-default-executor-1] INFO  impl.RoleInfo (RoleInfo.java:shutdownFollowerState(121)) - caafcba9-090a-41f5-a5f9-cba5a6a81e94: shutdown FollowerState
2019-11-05 08:24:03,542 [grpc-default-executor-4] INFO  impl.RaftServerImpl (RaftServerImpl.java:setRole(184)) - 7e1b84a9-a041-44fd-8008-f2679426984c@group-0DB8C7688BF9: changes role from  FOLLOWER to FOLLOWER at term 114 for recognizeCandidate:4a682f4f-c3f2-4b77-88b7-f0ab78890feb
2019-11-05 08:24:03,542 [grpc-default-executor-5] INFO  impl.RoleInfo (RoleInfo.java:shutdownFollowerState(121)) - 77ab65e6-d942-49df-83a3-1d4c0bf152b3: shutdown FollowerState
2019-11-05 08:24:03,542 [grpc-default-executor-4] INFO  impl.RoleInfo (RoleInfo.java:shutdownFollowerState(121)) - 7e1b84a9-a041-44fd-8008-f2679426984c: shutdown FollowerState
2019-11-05 08:24:03,542 [Thread-1882] INFO  impl.FollowerState (FollowerState.java:run(117)) - caafcba9-090a-41f5-a5f9-cba5a6a81e94@group-0E159EE4F99E-FollowerState was interrupted: java.lang.InterruptedException: sleep interrupted
2019-11-05 08:24:03,542 [grpc-default-executor-1] INFO  impl.RoleInfo (RoleInfo.java:updateAndGet(143)) - caafcba9-090a-41f5-a5f9-cba5a6a81e94: start FollowerState
2019-11-05 08:24:03,543 [grpc-default-executor-4] INFO  impl.RoleInfo (RoleInfo.java:updateAndGet(143)) - 7e1b84a9-a041-44fd-8008-f2679426984c: start FollowerState
2019-11-05 08:24:03,543 [Thread-1887] INFO  impl.FollowerState (FollowerState.java:run(117)) - 7e1b84a9-a041-44fd-8008-f2679426984c@group-0DB8C7688BF9-FollowerState was interrupted: java.lang.InterruptedException: sleep interrupted
2019-11-05 08:24:03,543 [Thread-1886] INFO  impl.FollowerState (FollowerState.java:run(117)) - 77ab65e6-d942-49df-83a3-1d4c0bf152b3@group-0DB8C7688BF9-FollowerState was interrupted: java.lang.InterruptedException: sleep interrupted
2019-11-05 08:24:03,543 [grpc-default-executor-3] INFO  impl.RaftServerImpl (RaftServerImpl.java:setRole(184)) - b3bb9051-8089-4c51-a999-81579e5913f2@group-0E159EE4F99E: changes role from  FOLLOWER to FOLLOWER at term 124 for recognizeCandidate:a8ae9c07-6d89-4a49-a594-cacd4b776180
2019-11-05 08:24:03,544 [grpc-default-executor-3] INFO  impl.RoleInfo (RoleInfo.java:shutdownFollowerState(121)) - b3bb9051-8089-4c51-a999-81579e5913f2: shutdown FollowerState
2019-11-05 08:24:03,543 [grpc-default-executor-5] INFO  impl.RoleInfo (RoleInfo.java:updateAndGet(143)) - 77ab65e6-d942-49df-83a3-1d4c0bf152b3: start FollowerState
2019-11-05 08:24:03,544 [Thread-1881] INFO  impl.FollowerState (FollowerState.java:run(117)) - b3bb9051-8089-4c51-a999-81579e5913f2@group-0E159EE4F99E-FollowerState was interrupted: java.lang.InterruptedException: sleep interrupted
2019-11-05 08:24:03,544 [grpc-default-executor-3] INFO  impl.RoleInfo (RoleInfo.java:updateAndGet(143)) - b3bb9051-8089-4c51-a999-81579e5913f2: start FollowerState
2019-11-05 08:24:03,554 [a8ae9c07-6d89-4a49-a594-cacd4b776180@group-0E159EE4F99E-LeaderElection232] INFO  impl.LeaderElection (LeaderElection.java:logAndReturn(56)) - a8ae9c07-6d89-4a49-a594-cacd4b776180@group-0E159EE4F99E-LeaderElection232: Election REJECTED; received 2 response(s) [a8ae9c07-6d89-4a49-a594-cacd4b776180<-caafcba9-090a-41f5-a5f9-cba5a6a81e94#0:FAIL-t124, a8ae9c07-6d89-4a49-a594-cacd4b776180<-b3bb9051-8089-4c51-a999-81579e5913f2#0:FAIL-t124] and 0 exception(s); a8ae9c07-6d89-4a49-a594-cacd4b776180@group-0E159EE4F99E:t124, leader=null, voted=a8ae9c07-6d89-4a49-a594-cacd4b776180, raftlog=a8ae9c07-6d89-4a49-a594-cacd4b776180@group-0E159EE4F99E-SegmentedRaftLog:OPENED:c-1,f-1,i0, conf=-1: [caafcba9-090a-41f5-a5f9-cba5a6a81e94:192.168.164.217:37197, a8ae9c07-6d89-4a49-a594-cacd4b776180:192.168.164.217:42719, b3bb9051-8089-4c51-a999-81579e5913f2:192.168.164.217:36516], old=null
2019-11-05 08:24:03,554 [4a682f4f-c3f2-4b77-88b7-f0ab78890feb@group-0DB8C7688BF9-LeaderElection231] INFO  impl.LeaderElection (LeaderElection.java:logAndReturn(56)) - 4a682f4f-c3f2-4b77-88b7-f0ab78890feb@group-0DB8C7688BF9-LeaderElection231: Election REJECTED; received 2 response(s) [4a682f4f-c3f2-4b77-88b7-f0ab78890feb<-77ab65e6-d942-49df-83a3-1d4c0bf152b3#0:FAIL-t114, 4a682f4f-c3f2-4b77-88b7-f0ab78890feb<-7e1b84a9-a041-44fd-8008-f2679426984c#0:FAIL-t114] and 0 exception(s); 4a682f4f-c3f2-4b77-88b7-f0ab78890feb@group-0DB8C7688BF9:t114, leader=null, voted=4a682f4f-c3f2-4b77-88b7-f0ab78890feb, raftlog=4a682f4f-c3f2-4b77-88b7-f0ab78890feb@group-0DB8C7688BF9-SegmentedRaftLog:OPENED:c-1,f-1,i0, conf=-1: [77ab65e6-d942-49df-83a3-1d4c0bf152b3:192.168.164.217:39381, 7e1b84a9-a041-44fd-8008-f2679426984c:192.168.164.217:44149, 4a682f4f-c3f2-4b77-88b7-f0ab78890feb:192.168.164.217:34174], old=null
2019-11-05 08:24:03,554 [a8ae9c07-6d89-4a49-a594-cacd4b776180@group-0E159EE4F99E-LeaderElection232] INFO  impl.RaftServerImpl (RaftServerImpl.java:setRole(184)) - a8ae9c07-6d89-4a49-a594-cacd4b776180@group-0E159EE4F99E: changes role from CANDIDATE to FOLLOWER at term 124 for DISCOVERED_A_NEW_TERM
2019-11-05 08:24:03,554 [4a682f4f-c3f2-4b77-88b7-f0ab78890feb@group-0DB8C7688BF9-LeaderElection231] INFO  impl.RaftServerImpl (RaftServerImpl.java:setRole(184)) - 4a682f4f-c3f2-4b77-88b7-f0ab78890feb@group-0DB8C7688BF9: changes role from CANDIDATE to FOLLOWER at term 114 for DISCOVERED_A_NEW_TERM
2019-11-05 08:24:03,554 [a8ae9c07-6d89-4a49-a594-cacd4b776180@group-0E159EE4F99E-LeaderElection232] INFO  impl.RoleInfo (RoleInfo.java:shutdownLeaderElection(134)) - a8ae9c07-6d89-4a49-a594-cacd4b776180: shutdown LeaderElection
2019-11-05 08:24:03,554 [4a682f4f-c3f2-4b77-88b7-f0ab78890feb@group-0DB8C7688BF9-LeaderElection231] INFO  impl.RoleInfo (RoleInfo.java:shutdownLeaderElection(134)) - 4a682f4f-c3f2-4b77-88b7-f0ab78890feb: shutdown LeaderElection
2019-11-05 08:24:03,554 [a8ae9c07-6d89-4a49-a594-cacd4b776180@group-0E159EE4F99E-LeaderElection232] INFO  impl.RoleInfo (RoleInfo.java:updateAndGet(143)) - a8ae9c07-6d89-4a49-a594-cacd4b776180: start FollowerState
2019-11-05 08:24:03,555 [4a682f4f-c3f2-4b77-88b7-f0ab78890feb@group-0DB8C7688BF9-LeaderElection231] INFO  impl.RoleInfo (RoleInfo.java:updateAndGet(143)) - 4a682f4f-c3f2-4b77-88b7-f0ab78890feb: start FollowerState
2019-11-05 08:24:03,606 [Thread-1899] INFO  impl.FollowerState (FollowerState.java:run(108)) - a8ae9c07-6d89-4a49-a594-cacd4b776180@group-0E159EE4F99E-FollowerState: change to CANDIDATE, lastRpcTime:51ms, electionTimeout:51ms
2019-11-05 08:24:03,606 [Thread-1899] INFO  impl.RoleInfo (RoleInfo.java:shutdownFollowerState(121)) - a8ae9c07-6d89-4a49-a594-cacd4b776180: shutdown FollowerState
2019-11-05 08:24:03,606 [Thread-1899] INFO  impl.RaftServerImpl (RaftServerImpl.java:setRole(184)) - a8ae9c07-6d89-4a49-a594-cacd4b776180@group-0E159EE4F99E: changes role from  FOLLOWER to CANDIDATE at term 124 for changeToCandidate
2019-11-05 08:24:03,606 [Thread-1899] INFO  impl.RoleInfo (RoleInfo.java:updateAndGet(143)) - a8ae9c07-6d89-4a49-a594-cacd4b776180: start LeaderElection
2019-11-05 08:24:03,620 [a8ae9c07-6d89-4a49-a594-cacd4b776180@group-0E159EE4F99E-LeaderElection233] INFO  impl.LeaderElection (LeaderElection.java:askForVotes(178)) - a8ae9c07-6d89-4a49-a594-cacd4b776180@group-0E159EE4F99E-LeaderElection233: begin an election at term 125 for -1: [caafcba9-090a-41f5-a5f9-cba5a6a81e94:192.168.164.217:37197, a8ae9c07-6d89-4a49-a594-cacd4b776180:192.168.164.217:42719, b3bb9051-8089-4c51-a999-81579e5913f2:192.168.164.217:36516], old=null
2019-11-05 08:24:03,622 [grpc-default-executor-3] INFO  impl.RaftServerImpl (RaftServerImpl.java:setRole(184)) - caafcba9-090a-41f5-a5f9-cba5a6a81e94@group-0E159EE4F99E: changes role from  FOLLOWER to FOLLOWER at term 125 for recognizeCandidate:a8ae9c07-6d89-4a49-a594-cacd4b776180
2019-11-05 08:24:03,622 [grpc-default-executor-3] INFO  impl.RoleInfo (RoleInfo.java:shutdownFollowerState(121)) - caafcba9-090a-41f5-a5f9-cba5a6a81e94: shutdown FollowerState
2019-11-05 08:24:03,622 [grpc-default-executor-5] INFO  impl.RaftServerImpl (RaftServerImpl.java:setRole(184)) - b3bb9051-8089-4c51-a999-81579e5913f2@group-0E159EE4F99E: changes role from  FOLLOWER to FOLLOWER at term 125 for recognizeCandidate:a8ae9c07-6d89-4a49-a594-cacd4b776180
2019-11-05 08:24:03,622 [Thread-1895] INFO  impl.FollowerState (FollowerState.java:run(117)) - caafcba9-090a-41f5-a5f9-cba5a6a81e94@group-0E159EE4F99E-FollowerState was interrupted: java.lang.InterruptedException: sleep interrupted
2019-11-05 08:24:03,622 [grpc-default-executor-3] INFO  impl.RoleInfo (RoleInfo.java:updateAndGet(143)) - caafcba9-090a-41f5-a5f9-cba5a6a81e94: start FollowerState
2019-11-05 08:24:03,622 [grpc-default-executor-5] INFO  impl.RoleInfo (RoleInfo.java:shutdownFollowerState(121)) - b3bb9051-8089-4c51-a999-81579e5913f2: shutdown FollowerState
2019-11-05 08:24:03,623 [grpc-default-executor-5] INFO  impl.RoleInfo (RoleInfo.java:updateAndGet(143)) - b3bb9051-8089-4c51-a999-81579e5913f2: start FollowerState
2019-11-05 08:24:03,623 [Thread-1898] INFO  impl.FollowerState (FollowerState.java:run(117)) - b3bb9051-8089-4c51-a999-81579e5913f2@group-0E159EE4F99E-FollowerState was interrupted: java.lang.InterruptedException: sleep interrupted
2019-11-05 08:24:03,637 [a8ae9c07-6d89-4a49-a594-cacd4b776180@group-0E159EE4F99E-LeaderElection233] INFO  impl.LeaderElection (LeaderElection.java:logAndReturn(56)) - a8ae9c07-6d89-4a49-a594-cacd4b776180@group-0E159EE4F99E-LeaderElection233: Election REJECTED; received 2 response(s) [a8ae9c07-6d89-4a49-a594-cacd4b776180<-caafcba9-090a-41f5-a5f9-cba5a6a81e94#0:FAIL-t125, a8ae9c07-6d89-4a49-a594-cacd4b776180<-b3bb9051-8089-4c51-a999-81579e5913f2#0:FAIL-t125] and 0 exception(s); a8ae9c07-6d89-4a49-a594-cacd4b776180@group-0E159EE4F99E:t125, leader=null, voted=a8ae9c07-6d89-4a49-a594-cacd4b776180, raftlog=a8ae9c07-6d89-4a49-a594-cacd4b776180@group-0E159EE4F99E-SegmentedRaftLog:OPENED:c-1,f-1,i0, conf=-1: [caafcba9-090a-41f5-a5f9-cba5a6a81e94:192.168.164.217:37197, a8ae9c07-6d89-4a49-a594-cacd4b776180:192.168.164.217:42719, b3bb9051-8089-4c51-a999-81579e5913f2:192.168.164.217:36516], old=null
2019-11-05 08:24:03,637 [a8ae9c07-6d89-4a49-a594-cacd4b776180@group-0E159EE4F99E-LeaderElection233] INFO  impl.RaftServerImpl (RaftServerImpl.java:setRole(184)) - a8ae9c07-6d89-4a49-a594-cacd4b776180@group-0E159EE4F99E: changes role from CANDIDATE to FOLLOWER at term 125 for DISCOVERED_A_NEW_TERM
2019-11-05 08:24:03,637 [a8ae9c07-6d89-4a49-a594-cacd4b776180@group-0E159EE4F99E-LeaderElection233] INFO  impl.RoleInfo (RoleInfo.java:shutdownLeaderElection(134)) - a8ae9c07-6d89-4a49-a594-cacd4b776180: shutdown LeaderElection
2019-11-05 08:24:03,637 [a8ae9c07-6d89-4a49-a594-cacd4b776180@group-0E159EE4F99E-LeaderElection233] INFO  impl.RoleInfo (RoleInfo.java:updateAndGet(143)) - a8ae9c07-6d89-4a49-a594-cacd4b776180: start FollowerState
2019-11-05 08:24:03,671 [Thread-1900] INFO  impl.FollowerState (FollowerState.java:run(108)) - 4a682f4f-c3f2-4b77-88b7-f0ab78890feb@group-0DB8C7688BF9-FollowerState: change to CANDIDATE, lastRpcTime:116ms, electionTimeout:116ms
2019-11-05 08:24:03,671 [Thread-1900] INFO  impl.RoleInfo (RoleInfo.java:shutdownFollowerState(121)) - 4a682f4f-c3f2-4b77-88b7-f0ab78890feb: shutdown FollowerState
2019-11-05 08:24:03,671 [Thread-1900] INFO  impl.RaftServerImpl (RaftServerImpl.java:setRole(184)) - 4a682f4f-c3f2-4b77-88b7-f0ab78890feb@group-0DB8C7688BF9: changes role from  FOLLOWER to CANDIDATE at term 114 for changeToCandidate
2019-11-05 08:24:03,672 [Thread-1900] INFO  impl.RoleInfo (RoleInfo.java:updateAndGet(143)) - 4a682f4f-c3f2-4b77-88b7-f0ab78890feb: start LeaderElection
2019-11-05 08:24:03,684 [4a682f4f-c3f2-4b77-88b7-f0ab78890feb@group-0DB8C7688BF9-LeaderElection234] INFO  impl.LeaderElection (LeaderElection.java:askForVotes(178)) - 4a682f4f-c3f2-4b77-88b7-f0ab78890feb@group-0DB8C7688BF9-LeaderElection234: begin an election at term 115 for -1: [77ab65e6-d942-49df-83a3-1d4c0bf152b3:192.168.164.217:39381, 7e1b84a9-a041-44fd-8008-f2679426984c:192.168.164.217:44149, 4a682f4f-c3f2-4b77-88b7-f0ab78890feb:192.168.164.217:34174], old=null
2019-11-05 08:24:03,686 [grpc-default-executor-3] INFO  impl.RaftServerImpl (RaftServerImpl.java:setRole(184)) - 7e1b84a9-a041-44fd-8008-f2679426984c@group-0DB8C7688BF9: changes role from  FOLLOWER to FOLLOWER at term 115 for recognizeCandidate:4a682f4f-c3f2-4b77-88b7-f0ab78890feb
2019-11-05 08:24:03,687 [grpc-default-executor-3] INFO  impl.RoleInfo (RoleInfo.java:shutdownFollowerState(121)) - 7e1b84a9-a041-44fd-8008-f2679426984c: shutdown FollowerState
2019-11-05 08:24:03,687 [grpc-default-executor-3] INFO  impl.RoleInfo (RoleInfo.java:updateAndGet(143)) - 7e1b84a9-a041-44fd-8008-f2679426984c: start FollowerState
2019-11-05 08:24:03,687 [Thread-1897] INFO  impl.FollowerState (FollowerState.java:run(117)) - 7e1b84a9-a041-44fd-8008-f2679426984c@group-0DB8C7688BF9-FollowerState was interrupted: java.lang.InterruptedException: sleep interrupted
2019-11-05 08:24:03,687 [grpc-default-executor-5] INFO  impl.RaftServerImpl (RaftServerImpl.java:setRole(184)) - 77ab65e6-d942-49df-83a3-1d4c0bf152b3@group-0DB8C7688BF9: changes role from  FOLLOWER to FOLLOWER at term 115 for recognizeCandidate:4a682f4f-c3f2-4b77-88b7-f0ab78890feb
2019-11-05 08:24:03,687 [grpc-default-executor-5] INFO  impl.RoleInfo (RoleInfo.java:shutdownFollowerState(121)) - 77ab65e6-d942-49df-83a3-1d4c0bf152b3: shutdown FollowerState
2019-11-05 08:24:03,687 [grpc-default-executor-5] INFO  impl.RoleInfo (RoleInfo.java:updateAndGet(143)) - 77ab65e6-d942-49df-83a3-1d4c0bf152b3: start FollowerState
2019-11-05 08:24:03,687 [Thread-1896] INFO  impl.FollowerState (FollowerState.java:run(117)) - 77ab65e6-d942-49df-83a3-1d4c0bf152b3@group-0DB8C7688BF9-FollowerState was interrupted: java.lang.InterruptedException: sleep interrupted
2019-11-05 08:24:03,700 [4a682f4f-c3f2-4b77-88b7-f0ab78890feb@group-0DB8C7688BF9-LeaderElection234] INFO  impl.LeaderElection (LeaderElection.java:logAndReturn(56)) - 4a682f4f-c3f2-4b77-88b7-f0ab78890feb@group-0DB8C7688BF9-LeaderElection234: Election REJECTED; received 2 response(s) [4a682f4f-c3f2-4b77-88b7-f0ab78890feb<-77ab65e6-d942-49df-83a3-1d4c0bf152b3#0:FAIL-t115, 4a682f4f-c3f2-4b77-88b7-f0ab78890feb<-7e1b84a9-a041-44fd-8008-f2679426984c#0:FAIL-t115] and 0 exception(s); 4a682f4f-c3f2-4b77-88b7-f0ab78890feb@group-0DB8C7688BF9:t115, leader=null, voted=4a682f4f-c3f2-4b77-88b7-f0ab78890feb, raftlog=4a682f4f-c3f2-4b77-88b7-f0ab78890feb@group-0DB8C7688BF9-SegmentedRaftLog:OPENED:c-1,f-1,i0, conf=-1: [77ab65e6-d942-49df-83a3-1d4c0bf152b3:192.168.164.217:39381, 7e1b84a9-a041-44fd-8008-f2679426984c:192.168.164.217:44149, 4a682f4f-c3f2-4b77-88b7-f0ab78890feb:192.168.164.217:34174], old=null
2019-11-05 08:24:03,701 [4a682f4f-c3f2-4b77-88b7-f0ab78890feb@group-0DB8C7688BF9-LeaderElection234] INFO  impl.RaftServerImpl (RaftServerImpl.java:setRole(184)) - 4a682f4f-c3f2-4b77-88b7-f0ab78890feb@group-0DB8C7688BF9: changes role from CANDIDATE to FOLLOWER at term 115 for DISCOVERED_A_NEW_TERM
2019-11-05 08:24:03,701 [4a682f4f-c3f2-4b77-88b7-f0ab78890feb@group-0DB8C7688BF9-LeaderElection234] INFO  impl.RoleInfo (RoleInfo.java:shutdownLeaderElection(134)) - 4a682f4f-c3f2-4b77-88b7-f0ab78890feb: shutdown LeaderElection
2019-11-05 08:24:03,701 [4a682f4f-c3f2-4b77-88b7-f0ab78890feb@group-0DB8C7688BF9-LeaderElection234] INFO  impl.RoleInfo (RoleInfo.java:updateAndGet(143)) - 4a682f4f-c3f2-4b77-88b7-f0ab78890feb: start FollowerState
2019-11-05 08:24:03,736 [Thread-1908] INFO  impl.FollowerState (FollowerState.java:run(108)) - a8ae9c07-6d89-4a49-a594-cacd4b776180@group-0E159EE4F99E-FollowerState: change to CANDIDATE, lastRpcTime:99ms, electionTimeout:99ms
2019-11-05 08:24:03,736 [Thread-1908] INFO  impl.RoleInfo (RoleInfo.java:shutdownFollowerState(121)) - a8ae9c07-6d89-4a49-a594-cacd4b776180: shutdown FollowerState
2019-11-05 08:24:03,737 [Thread-1908] INFO  impl.RaftServerImpl (RaftServerImpl.java:setRole(184)) - a8ae9c07-6d89-4a49-a594-cacd4b776180@group-0E159EE4F99E: changes role from  FOLLOWER to CANDIDATE at term 125 for changeToCandidate
2019-11-05 08:24:03,737 [Thread-1908] INFO  impl.RoleInfo (RoleInfo.java:updateAndGet(143)) - a8ae9c07-6d89-4a49-a594-cacd4b776180: start LeaderElection
2019-11-05 08:24:03,750 [a8ae9c07-6d89-4a49-a594-cacd4b776180@group-0E159EE4F99E-LeaderElection235] INFO  impl.LeaderElection (LeaderElection.java:askForVotes(178)) - a8ae9c07-6d89-4a49-a594-cacd4b776180@group-0E159EE4F99E-LeaderElection235: begin an election at term 126 for -1: [caafcba9-090a-41f5-a5f9-cba5a6a81e94:192.168.164.217:37197, a8ae9c07-6d89-4a49-a594-cacd4b776180:192.168.164.217:42719, b3bb9051-8089-4c51-a999-81579e5913f2:192.168.164.217:36516], old=null
2019-11-05 08:24:03,752 [grpc-default-executor-5] INFO  impl.RaftServerImpl (RaftServerImpl.java:setRole(184)) - caafcba9-090a-41f5-a5f9-cba5a6a81e94@group-0E159EE4F99E: changes role from  FOLLOWER to FOLLOWER at term 126 for recognizeCandidate:a8ae9c07-6d89-4a49-a594-cacd4b776180
2019-11-05 08:24:03,752 [grpc-default-executor-5] INFO  impl.RoleInfo (RoleInfo.java:shutdownFollowerState(121)) - caafcba9-090a-41f5-a5f9-cba5a6a81e94: shutdown FollowerState
2019-11-05 08:24:03,752 [grpc-default-executor-3] INFO  impl.RaftServerImpl (RaftServerImpl.java:setRole(184)) - b3bb9051-8089-4c51-a999-81579e5913f2@group-0E159EE4F99E: changes role from  FOLLOWER to FOLLOWER at term 126 for recognizeCandidate:a8ae9c07-6d89-4a49-a594-cacd4b776180
2019-11-05 08:24:03,752 [Thread-1905] INFO  impl.FollowerState (FollowerState.java:run(117)) - caafcba9-090a-41f5-a5f9-cba5a6a81e94@group-0E159EE4F99E-FollowerState was interrupted: java.lang.InterruptedException: sleep interrupted
2019-11-05 08:24:03,752 [grpc-default-executor-5] INFO  impl.RoleInfo (RoleInfo.java:updateAndGet(143)) - caafcba9-090a-41f5-a5f9-cba5a6a81e94: start FollowerState
2019-11-05 08:24:03,752 [grpc-default-executor-3] INFO  impl.RoleInfo (RoleInfo.java:shutdownFollowerState(121)) - b3bb9051-8089-4c51-a999-81579e5913f2: shutdown FollowerState
2019-11-05 08:24:03,753 [grpc-default-executor-3] INFO  impl.RoleInfo (RoleInfo.java:updateAndGet(143)) - b3bb9051-8089-4c51-a999-81579e5913f2: start FollowerState
2019-11-05 08:24:03,753 [Thread-1906] INFO  impl.FollowerState (FollowerState.java:run(117)) - b3bb9051-8089-4c51-a999-81579e5913f2@group-0E159EE4F99E-FollowerState was interrupted: java.lang.InterruptedException: sleep interrupted
2019-11-05 08:24:03,757 [a8ae9c07-6d89-4a49-a594-cacd4b776180@group-0E159EE4F99E-LeaderElection235] INFO  impl.LeaderElection (LeaderElection.java:logAndReturn(56)) - a8ae9c07-6d89-4a49-a594-cacd4b776180@group-0E159EE4F99E-LeaderElection235: Election REJECTED; received 2 response(s) [a8ae9c07-6d89-4a49-a594-cacd4b776180<-caafcba9-090a-41f5-a5f9-cba5a6a81e94#0:FAIL-t126, a8ae9c07-6d89-4a49-a594-cacd4b776180<-b3bb9051-8089-4c51-a999-81579e5913f2#0:FAIL-t126] and 0 exception(s); a8ae9c07-6d89-4a49-a594-cacd4b776180@group-0E159EE4F99E:t126, leader=null, voted=a8ae9c07-6d89-4a49-a594-cacd4b776180, raftlog=a8ae9c07-6d89-4a49-a594-cacd4b776180@group-0E159EE4F99E-SegmentedRaftLog:OPENED:c-1,f-1,i0, conf=-1: [caafcba9-090a-41f5-a5f9-cba5a6a81e94:192.168.164.217:37197, a8ae9c07-6d89-4a49-a594-cacd4b776180:192.168.164.217:42719, b3bb9051-8089-4c51-a999-81579e5913f2:192.168.164.217:36516], old=null
2019-11-05 08:24:03,757 [a8ae9c07-6d89-4a49-a594-cacd4b776180@group-0E159EE4F99E-LeaderElection235] INFO  impl.RaftServerImpl (RaftServerImpl.java:setRole(184)) - a8ae9c07-6d89-4a49-a594-cacd4b776180@group-0E159EE4F99E: changes role from CANDIDATE to FOLLOWER at term 126 for DISCOVERED_A_NEW_TERM
2019-11-05 08:24:03,758 [a8ae9c07-6d89-4a49-a594-cacd4b776180@group-0E159EE4F99E-LeaderElection235] INFO  impl.RoleInfo (RoleInfo.java:shutdownLeaderElection(134)) - a8ae9c07-6d89-4a49-a594-cacd4b776180: shutdown LeaderElection
2019-11-05 08:24:03,758 [a8ae9c07-6d89-4a49-a594-cacd4b776180@group-0E159EE4F99E-LeaderElection235] INFO  impl.RoleInfo (RoleInfo.java:updateAndGet(143)) - a8ae9c07-6d89-4a49-a594-cacd4b776180: start FollowerState
2019-11-05 08:24:03,868 [Thread-1914] INFO  impl.FollowerState (FollowerState.java:run(108)) - 4a682f4f-c3f2-4b77-88b7-f0ab78890feb@group-0DB8C7688BF9-FollowerState: change to CANDIDATE, lastRpcTime:167ms, electionTimeout:167ms
2019-11-05 08:24:03,868 [Thread-1914] INFO  impl.RoleInfo (RoleInfo.java:shutdownFollowerState(121)) - 4a682f4f-c3f2-4b77-88b7-f0ab78890feb: shutdown FollowerState
2019-11-05 08:24:03,868 [Thread-1914] INFO  impl.RaftServerImpl (RaftServerImpl.java:setRole(184)) - 4a682f4f-c3f2-4b77-88b7-f0ab78890feb@group-0DB8C7688BF9: changes role from  FOLLOWER to CANDIDATE at term 115 for changeToCandidate
2019-11-05 08:24:03,869 [Thread-1914] INFO  impl.RoleInfo (RoleInfo.java:updateAndGet(143)) - 4a682f4f-c3f2-4b77-88b7-f0ab78890feb: start LeaderElection
2019-11-05 08:24:03,882 [4a682f4f-c3f2-4b77-88b7-f0ab78890feb@group-0DB8C7688BF9-LeaderElection236] INFO  impl.LeaderElection (LeaderElection.java:askForVotes(178)) - 4a682f4f-c3f2-4b77-88b7-f0ab78890feb@group-0DB8C7688BF9-LeaderElection236: begin an election at term 116 for -1: [77ab65e6-d942-49df-83a3-1d4c0bf152b3:192.168.164.217:39381, 7e1b84a9-a041-44fd-8008-f2679426984c:192.168.164.217:44149, 4a682f4f-c3f2-4b77-88b7-f0ab78890feb:192.168.164.217:34174], old=null
2019-11-05 08:24:03,884 [grpc-default-executor-3] INFO  impl.RaftServerImpl (RaftServerImpl.java:setRole(184)) - 77ab65e6-d942-49df-83a3-1d4c0bf152b3@group-0DB8C7688BF9: changes role from  FOLLOWER to FOLLOWER at term 116 for recognizeCandidate:4a682f4f-c3f2-4b77-88b7-f0ab78890feb
2019-11-05 08:24:03,885 [grpc-default-executor-3] INFO  impl.RoleInfo (RoleInfo.java:shutdownFollowerState(121)) - 77ab65e6-d942-49df-83a3-1d4c0bf152b3: shutdown FollowerState
2019-11-05 08:24:03,885 [grpc-default-executor-5] INFO  impl.RaftServerImpl (RaftServerImpl.java:setRole(184)) - 7e1b84a9-a041-44fd-8008-f2679426984c@group-0DB8C7688BF9: changes role from  FOLLOWER to FOLLOWER at term 116 for recognizeCandidate:4a682f4f-c3f2-4b77-88b7-f0ab78890feb
2019-11-05 08:24:03,885 [Thread-1913] INFO  impl.FollowerState (FollowerState.java:run(117)) - 77ab65e6-d942-49df-83a3-1d4c0bf152b3@group-0DB8C7688BF9-FollowerState was interrupted: java.lang.InterruptedException: sleep interrupted
2019-11-05 08:24:03,885 [grpc-default-executor-3] INFO  impl.RoleInfo (RoleInfo.java:updateAndGet(143)) - 77ab65e6-d942-49df-83a3-1d4c0bf152b3: start FollowerState
2019-11-05 08:24:03,885 [grpc-default-executor-5] INFO  impl.RoleInfo (RoleInfo.java:shutdownFollowerState(121)) - 7e1b84a9-a041-44fd-8008-f2679426984c: shutdown FollowerState
2019-11-05 08:24:03,886 [grpc-default-executor-5] INFO  impl.RoleInfo (RoleInfo.java:updateAndGet(143)) - 7e1b84a9-a041-44fd-8008-f2679426984c: start FollowerState
2019-11-05 08:24:03,886 [Thread-1912] INFO  impl.FollowerState (FollowerState.java:run(117)) - 7e1b84a9-a041-44fd-8008-f2679426984c@group-0DB8C7688BF9-FollowerState was interrupted: java.lang.InterruptedException: sleep interrupted
2019-11-05 08:24:03,892 [4a682f4f-c3f2-4b77-88b7-f0ab78890feb@group-0DB8C7688BF9-LeaderElection236] INFO  impl.LeaderElection (LeaderElection.java:logAndReturn(56)) - 4a682f4f-c3f2-4b77-88b7-f0ab78890feb@group-0DB8C7688BF9-LeaderElection236: Election REJECTED; received 2 response(s) [4a682f4f-c3f2-4b77-88b7-f0ab78890feb<-77ab65e6-d942-49df-83a3-1d4c0bf152b3#0:FAIL-t116, 4a682f4f-c3f2-4b77-88b7-f0ab78890feb<-7e1b84a9-a041-44fd-8008-f2679426984c#0:FAIL-t116] and 0 exception(s); 4a682f4f-c3f2-4b77-88b7-f0ab78890feb@group-0DB8C7688BF9:t116, leader=null, voted=4a682f4f-c3f2-4b77-88b7-f0ab78890feb, raftlog=4a682f4f-c3f2-4b77-88b7-f0ab78890feb@group-0DB8C7688BF9-SegmentedRaftLog:OPENED:c-1,f-1,i0, conf=-1: [77ab65e6-d942-49df-83a3-1d4c0bf152b3:192.168.164.217:39381, 7e1b84a9-a041-44fd-8008-f2679426984c:192.168.164.217:44149, 4a682f4f-c3f2-4b77-88b7-f0ab78890feb:192.168.164.217:34174], old=null
2019-11-05 08:24:03,892 [4a682f4f-c3f2-4b77-88b7-f0ab78890feb@group-0DB8C7688BF9-LeaderElection236] INFO  impl.RaftServerImpl (RaftServerImpl.java:setRole(184)) - 4a682f4f-c3f2-4b77-88b7-f0ab78890feb@group-0DB8C7688BF9: changes role from CANDIDATE to FOLLOWER at term 116 for DISCOVERED_A_NEW_TERM
2019-11-05 08:24:03,892 [4a682f4f-c3f2-4b77-88b7-f0ab78890feb@group-0DB8C7688BF9-LeaderElection236] INFO  impl.RoleInfo (RoleInfo.java:shutdownLeaderElection(134)) - 4a682f4f-c3f2-4b77-88b7-f0ab78890feb: shutdown LeaderElection
2019-11-05 08:24:03,893 [4a682f4f-c3f2-4b77-88b7-f0ab78890feb@group-0DB8C7688BF9-LeaderElection236] INFO  impl.RoleInfo (RoleInfo.java:updateAndGet(143)) - 4a682f4f-c3f2-4b77-88b7-f0ab78890feb: start FollowerState
2019-11-05 08:24:03,903 [Thread-1920] INFO  impl.FollowerState (FollowerState.java:run(108)) - a8ae9c07-6d89-4a49-a594-cacd4b776180@group-0E159EE4F99E-FollowerState: change to CANDIDATE, lastRpcTime:145ms, electionTimeout:145ms
2019-11-05 08:24:03,903 [Thread-1920] INFO  impl.RoleInfo (RoleInfo.java:shutdownFollowerState(121)) - a8ae9c07-6d89-4a49-a594-cacd4b776180: shutdown FollowerState
2019-11-05 08:24:03,903 [Thread-1920] INFO  impl.RaftServerImpl (RaftServerImpl.java:setRole(184)) - a8ae9c07-6d89-4a49-a594-cacd4b776180@group-0E159EE4F99E: changes role from  FOLLOWER to CANDIDATE at term 126 for changeToCandidate
2019-11-05 08:24:03,904 [Thread-1920] INFO  impl.RoleInfo (RoleInfo.java:updateAndGet(143)) - a8ae9c07-6d89-4a49-a594-cacd4b776180: start LeaderElection
2019-11-05 08:24:03,909 [a8ae9c07-6d89-4a49-a594-cacd4b776180@group-0E159EE4F99E-LeaderElection237] INFO  impl.LeaderElection (LeaderElection.java:askForVotes(178)) - a8ae9c07-6d89-4a49-a594-cacd4b776180@group-0E159EE4F99E-LeaderElection237: begin an election at term 127 for -1: [caafcba9-090a-41f5-a5f9-cba5a6a81e94:192.168.164.217:37197, a8ae9c07-6d89-4a49-a594-cacd4b776180:192.168.164.217:42719, b3bb9051-8089-4c51-a999-81579e5913f2:192.168.164.217:36516], old=null
2019-11-05 08:24:03,912 [grpc-default-executor-5] INFO  impl.RaftServerImpl (RaftServerImpl.java:setRole(184)) - b3bb9051-8089-4c51-a999-81579e5913f2@group-0E159EE4F99E: changes role from  FOLLOWER to FOLLOWER at term 127 for recognizeCandidate:a8ae9c07-6d89-4a49-a594-cacd4b776180
2019-11-05 08:24:03,913 [grpc-default-executor-5] INFO  impl.RoleInfo (RoleInfo.java:shutdownFollowerState(121)) - b3bb9051-8089-4c51-a999-81579e5913f2: shutdown FollowerState
2019-11-05 08:24:03,912 [grpc-default-executor-3] INFO  impl.RaftServerImpl (RaftServerImpl.java:setRole(184)) - caafcba9-090a-41f5-a5f9-cba5a6a81e94@group-0E159EE4F99E: changes role from  FOLLOWER to FOLLOWER at term 127 for recognizeCandidate:a8ae9c07-6d89-4a49-a594-cacd4b776180
2019-11-05 08:24:03,913 [Thread-1919] INFO  impl.FollowerState (FollowerState.java:run(117)) - b3bb9051-8089-4c51-a999-81579e5913f2@group-0E159EE4F99E-FollowerState was interrupted: java.lang.InterruptedException: sleep interrupted
2019-11-05 08:24:03,913 [grpc-default-executor-5] INFO  impl.RoleInfo (RoleInfo.java:updateAndGet(143)) - b3bb9051-8089-4c51-a999-81579e5913f2: start FollowerState
2019-11-05 08:24:03,913 [grpc-default-executor-3] INFO  impl.RoleInfo (RoleInfo.java:shutdownFollowerState(121)) - caafcba9-090a-41f5-a5f9-cba5a6a81e94: shutdown FollowerState
2019-11-05 08:24:03,914 [grpc-default-executor-3] INFO  impl.RoleInfo (RoleInfo.java:updateAndGet(143)) - caafcba9-090a-41f5-a5f9-cba5a6a81e94: start FollowerState
2019-11-05 08:24:03,914 [Thread-1918] INFO  impl.FollowerState (FollowerState.java:run(117)) - caafcba9-090a-41f5-a5f9-cba5a6a81e94@group-0E159EE4F99E-FollowerState was interrupted: java.lang.InterruptedException: sleep interrupted
2019-11-05 08:24:03,928 [a8ae9c07-6d89-4a49-a594-cacd4b776180@group-0E159EE4F99E-LeaderElection237] INFO  impl.LeaderElection (LeaderElection.java:logAndReturn(56)) - a8ae9c07-6d89-4a49-a594-cacd4b776180@group-0E159EE4F99E-LeaderElection237: Election REJECTED; received 2 response(s) [a8ae9c07-6d89-4a49-a594-cacd4b776180<-caafcba9-090a-41f5-a5f9-cba5a6a81e94#0:FAIL-t127, a8ae9c07-6d89-4a49-a594-cacd4b776180<-b3bb9051-8089-4c51-a999-81579e5913f2#0:FAIL-t127] and 0 exception(s); a8ae9c07-6d89-4a49-a594-cacd4b776180@group-0E159EE4F99E:t127, leader=null, voted=a8ae9c07-6d89-4a49-a594-cacd4b776180, raftlog=a8ae9c07-6d89-4a49-a594-cacd4b776180@group-0E159EE4F99E-SegmentedRaftLog:OPENED:c-1,f-1,i0, conf=-1: [caafcba9-090a-41f5-a5f9-cba5a6a81e94:192.168.164.217:37197, a8ae9c07-6d89-4a49-a594-cacd4b776180:192.168.164.217:42719, b3bb9051-8089-4c51-a999-81579e5913f2:192.168.164.217:36516], old=null
2019-11-05 08:24:03,929 [a8ae9c07-6d89-4a49-a594-cacd4b776180@group-0E159EE4F99E-LeaderElection237] INFO  impl.RaftServerImpl (RaftServerImpl.java:setRole(184)) - a8ae9c07-6d89-4a49-a594-cacd4b776180@group-0E159EE4F99E: changes role from CANDIDATE to FOLLOWER at term 127 for DISCOVERED_A_NEW_TERM
2019-11-05 08:24:03,929 [a8ae9c07-6d89-4a49-a594-cacd4b776180@group-0E159EE4F99E-LeaderElection237] INFO  impl.RoleInfo (RoleInfo.java:shutdownLeaderElection(134)) - a8ae9c07-6d89-4a49-a594-cacd4b776180: shutdown LeaderElection
2019-11-05 08:24:03,929 [a8ae9c07-6d89-4a49-a594-cacd4b776180@group-0E159EE4F99E-LeaderElection237] INFO  impl.RoleInfo (RoleInfo.java:updateAndGet(143)) - a8ae9c07-6d89-4a49-a594-cacd4b776180: start FollowerState
2019-11-05 08:24:03,983 [Thread-1932] INFO  impl.FollowerState (FollowerState.java:run(108)) - a8ae9c07-6d89-4a49-a594-cacd4b776180@group-0E159EE4F99E-FollowerState: change to CANDIDATE, lastRpcTime:54ms, electionTimeout:54ms
2019-11-05 08:24:03,983 [Thread-1932] INFO  impl.RoleInfo (RoleInfo.java:shutdownFollowerState(121)) - a8ae9c07-6d89-4a49-a594-cacd4b776180: shutdown FollowerState
2019-11-05 08:24:03,984 [Thread-1932] INFO  impl.RaftServerImpl (RaftServerImpl.java:setRole(184)) - a8ae9c07-6d89-4a49-a594-cacd4b776180@group-0E159EE4F99E: changes role from  FOLLOWER to CANDIDATE at term 127 for changeToCandidate
2019-11-05 08:24:03,984 [Thread-1932] INFO  impl.RoleInfo (RoleInfo.java:updateAndGet(143)) - a8ae9c07-6d89-4a49-a594-cacd4b776180: start LeaderElection
2019-11-05 08:24:03,997 [a8ae9c07-6d89-4a49-a594-cacd4b776180@group-0E159EE4F99E-LeaderElection238] INFO  impl.LeaderElection (LeaderElection.java:askForVotes(178)) - a8ae9c07-6d89-4a49-a594-cacd4b776180@group-0E159EE4F99E-LeaderElection238: begin an election at term 128 for -1: [caafcba9-090a-41f5-a5f9-cba5a6a81e94:192.168.164.217:37197, a8ae9c07-6d89-4a49-a594-cacd4b776180:192.168.164.217:42719, b3bb9051-8089-4c51-a999-81579e5913f2:192.168.164.217:36516], old=null
2019-11-05 08:24:03,999 [grpc-default-executor-5] INFO  impl.RaftServerImpl (RaftServerImpl.java:setRole(184)) - caafcba9-090a-41f5-a5f9-cba5a6a81e94@group-0E159EE4F99E: changes role from  FOLLOWER to FOLLOWER at term 128 for recognizeCandidate:a8ae9c07-6d89-4a49-a594-cacd4b776180
2019-11-05 08:24:04,000 [grpc-default-executor-3] INFO  impl.RaftServerImpl (RaftServerImpl.java:setRole(184)) - b3bb9051-8089-4c51-a999-81579e5913f2@group-0E159EE4F99E: changes role from  FOLLOWER to FOLLOWER at term 128 for recognizeCandidate:a8ae9c07-6d89-4a49-a594-cacd4b776180
2019-11-05 08:24:04,000 [grpc-default-executor-3] INFO  impl.RoleInfo (RoleInfo.java:shutdownFollowerState(121)) - b3bb9051-8089-4c51-a999-81579e5913f2: shutdown FollowerState
2019-11-05 08:24:04,000 [grpc-default-executor-5] INFO  impl.RoleInfo (RoleInfo.java:shutdownFollowerState(121)) - caafcba9-090a-41f5-a5f9-cba5a6a81e94: shutdown FollowerState
2019-11-05 08:24:04,000 [Thread-1930] INFO  impl.FollowerState (FollowerState.java:run(117)) - b3bb9051-8089-4c51-a999-81579e5913f2@group-0E159EE4F99E-FollowerState was interrupted: java.lang.InterruptedException: sleep interrupted
2019-11-05 08:24:04,000 [grpc-default-executor-3] INFO  impl.RoleInfo (RoleInfo.java:updateAndGet(143)) - b3bb9051-8089-4c51-a999-81579e5913f2: start FollowerState
2019-11-05 08:24:04,000 [grpc-default-executor-5] INFO  impl.RoleInfo (RoleInfo.java:updateAndGet(143)) - caafcba9-090a-41f5-a5f9-cba5a6a81e94: start FollowerState
2019-11-05 08:24:04,000 [Thread-1931] INFO  impl.FollowerState (FollowerState.java:run(117)) - caafcba9-090a-41f5-a5f9-cba5a6a81e94@group-0E159EE4F99E-FollowerState was interrupted: java.lang.InterruptedException: sleep interrupted
2019-11-05 08:24:04,015 [a8ae9c07-6d89-4a49-a594-cacd4b776180@group-0E159EE4F99E-LeaderElection238] INFO  impl.LeaderElection (LeaderElection.java:logAndReturn(56)) - a8ae9c07-6d89-4a49-a594-cacd4b776180@group-0E159EE4F99E-LeaderElection238: Election REJECTED; received 2 response(s) [a8ae9c07-6d89-4a49-a594-cacd4b776180<-caafcba9-090a-41f5-a5f9-cba5a6a81e94#0:FAIL-t128, a8ae9c07-6d89-4a49-a594-cacd4b776180<-b3bb9051-8089-4c51-a999-81579e5913f2#0:FAIL-t128] and 0 exception(s); a8ae9c07-6d89-4a49-a594-cacd4b776180@group-0E159EE4F99E:t128, leader=null, voted=a8ae9c07-6d89-4a49-a594-cacd4b776180, raftlog=a8ae9c07-6d89-4a49-a594-cacd4b776180@group-0E159EE4F99E-SegmentedRaftLog:OPENED:c-1,f-1,i0, conf=-1: [caafcba9-090a-41f5-a5f9-cba5a6a81e94:192.168.164.217:37197, a8ae9c07-6d89-4a49-a594-cacd4b776180:192.168.164.217:42719, b3bb9051-8089-4c51-a999-81579e5913f2:192.168.164.217:36516], old=null
2019-11-05 08:24:04,015 [a8ae9c07-6d89-4a49-a594-cacd4b776180@group-0E159EE4F99E-LeaderElection238] INFO  impl.RaftServerImpl (RaftServerImpl.java:setRole(184)) - a8ae9c07-6d89-4a49-a594-cacd4b776180@group-0E159EE4F99E: changes role from CANDIDATE to FOLLOWER at term 128 for DISCOVERED_A_NEW_TERM
2019-11-05 08:24:04,016 [a8ae9c07-6d89-4a49-a594-cacd4b776180@group-0E159EE4F99E-LeaderElection238] INFO  impl.RoleInfo (RoleInfo.java:shutdownLeaderElection(134)) - a8ae9c07-6d89-4a49-a594-cacd4b776180: shutdown LeaderElection
2019-11-05 08:24:04,016 [a8ae9c07-6d89-4a49-a594-cacd4b776180@group-0E159EE4F99E-LeaderElection238] INFO  impl.RoleInfo (RoleInfo.java:updateAndGet(143)) - a8ae9c07-6d89-4a49-a594-cacd4b776180: start FollowerState
2019-11-05 08:24:04,090 [Thread-1926] INFO  impl.FollowerState (FollowerState.java:run(108)) - 4a682f4f-c3f2-4b77-88b7-f0ab78890feb@group-0DB8C7688BF9-FollowerState: change to CANDIDATE, lastRpcTime:197ms, electionTimeout:197ms
2019-11-05 08:24:04,090 [Thread-1926] INFO  impl.RoleInfo (RoleInfo.java:shutdownFollowerState(121)) - 4a682f4f-c3f2-4b77-88b7-f0ab78890feb: shutdown FollowerState
2019-11-05 08:24:04,090 [Thread-1926] INFO  impl.RaftServerImpl (RaftServerImpl.java:setRole(184)) - 4a682f4f-c3f2-4b77-88b7-f0ab78890feb@group-0DB8C7688BF9: changes role from  FOLLOWER to CANDIDATE at term 116 for changeToCandidate
2019-11-05 08:24:04,091 [Thread-1926] INFO  impl.RoleInfo (RoleInfo.java:updateAndGet(143)) - 4a682f4f-c3f2-4b77-88b7-f0ab78890feb: start LeaderElection
2019-11-05 08:24:04,103 [4a682f4f-c3f2-4b77-88b7-f0ab78890feb@group-0DB8C7688BF9-LeaderElection239] INFO  impl.LeaderElection (LeaderElection.java:askForVotes(178)) - 4a682f4f-c3f2-4b77-88b7-f0ab78890feb@group-0DB8C7688BF9-LeaderElection239: begin an election at term 117 for -1: [77ab65e6-d942-49df-83a3-1d4c0bf152b3:192.168.164.217:39381, 7e1b84a9-a041-44fd-8008-f2679426984c:192.168.164.217:44149, 4a682f4f-c3f2-4b77-88b7-f0ab78890feb:192.168.164.217:34174], old=null
2019-11-05 08:24:04,105 [grpc-default-executor-5] INFO  impl.RaftServerImpl (RaftServerImpl.java:setRole(184)) - 77ab65e6-d942-49df-83a3-1d4c0bf152b3@group-0DB8C7688BF9: changes role from  FOLLOWER to FOLLOWER at term 117 for recognizeCandidate:4a682f4f-c3f2-4b77-88b7-f0ab78890feb
2019-11-05 08:24:04,105 [grpc-default-executor-5] INFO  impl.RoleInfo (RoleInfo.java:shutdownFollowerState(121)) - 77ab65e6-d942-49df-83a3-1d4c0bf152b3: shutdown FollowerState
2019-11-05 08:24:04,105 [grpc-default-executor-5] INFO  impl.RoleInfo (RoleInfo.java:updateAndGet(143)) - 77ab65e6-d942-49df-83a3-1d4c0bf152b3: start FollowerState
2019-11-05 08:24:04,105 [Thread-1924] INFO  impl.FollowerState (FollowerState.java:run(117)) - 77ab65e6-d942-49df-83a3-1d4c0bf152b3@group-0DB8C7688BF9-FollowerState was interrupted: java.lang.InterruptedException: sleep interrupted
2019-11-05 08:24:04,105 [grpc-default-executor-3] INFO  impl.RaftServerImpl (RaftServerImpl.java:setRole(184)) - 7e1b84a9-a041-44fd-8008-f2679426984c@group-0DB8C7688BF9: changes role from  FOLLOWER to FOLLOWER at term 117 for recognizeCandidate:4a682f4f-c3f2-4b77-88b7-f0ab78890feb
2019-11-05 08:24:04,106 [grpc-default-executor-3] INFO  impl.RoleInfo (RoleInfo.java:shutdownFollowerState(121)) - 7e1b84a9-a041-44fd-8008-f2679426984c: shutdown FollowerState
2019-11-05 08:24:04,106 [grpc-default-executor-3] INFO  impl.RoleInfo (RoleInfo.java:updateAndGet(143)) - 7e1b84a9-a041-44fd-8008-f2679426984c: start FollowerState
2019-11-05 08:24:04,106 [Thread-1925] INFO  impl.FollowerState (FollowerState.java:run(117)) - 7e1b84a9-a041-44fd-8008-f2679426984c@group-0DB8C7688BF9-FollowerState was interrupted: java.lang.InterruptedException: sleep interrupted
2019-11-05 08:24:04,111 [4a682f4f-c3f2-4b77-88b7-f0ab78890feb@group-0DB8C7688BF9-LeaderElection239] INFO  impl.LeaderElection (LeaderElection.java:logAndReturn(56)) - 4a682f4f-c3f2-4b77-88b7-f0ab78890feb@group-0DB8C7688BF9-LeaderElection239: Election REJECTED; received 2 response(s) [4a682f4f-c3f2-4b77-88b7-f0ab78890feb<-77ab65e6-d942-49df-83a3-1d4c0bf152b3#0:FAIL-t117, 4a682f4f-c3f2-4b77-88b7-f0ab78890feb<-7e1b84a9-a041-44fd-8008-f2679426984c#0:FAIL-t117] and 0 exception(s); 4a682f4f-c3f2-4b77-88b7-f0ab78890feb@group-0DB8C7688BF9:t117, leader=null, voted=4a682f4f-c3f2-4b77-88b7-f0ab78890feb, raftlog=4a682f4f-c3f2-4b77-88b7-f0ab78890feb@group-0DB8C7688BF9-SegmentedRaftLog:OPENED:c-1,f-1,i0, conf=-1: [77ab65e6-d942-49df-83a3-1d4c0bf152b3:192.168.164.217:39381, 7e1b84a9-a041-44fd-8008-f2679426984c:192.168.164.217:44149, 4a682f4f-c3f2-4b77-88b7-f0ab78890feb:192.168.164.217:34174], old=null
2019-11-05 08:24:04,111 [4a682f4f-c3f2-4b77-88b7-f0ab78890feb@group-0DB8C7688BF9-LeaderElection239] INFO  impl.RaftServerImpl (RaftServerImpl.java:setRole(184)) - 4a682f4f-c3f2-4b77-88b7-f0ab78890feb@group-0DB8C7688BF9: changes role from CANDIDATE to FOLLOWER at term 117 for DISCOVERED_A_NEW_TERM
2019-11-05 08:24:04,111 [4a682f4f-c3f2-4b77-88b7-f0ab78890feb@group-0DB8C7688BF9-LeaderElection239] INFO  impl.RoleInfo (RoleInfo.java:shutdownLeaderElection(134)) - 4a682f4f-c3f2-4b77-88b7-f0ab78890feb: shutdown LeaderElection
2019-11-05 08:24:04,111 [4a682f4f-c3f2-4b77-88b7-f0ab78890feb@group-0DB8C7688BF9-LeaderElection239] INFO  impl.RoleInfo (RoleInfo.java:updateAndGet(143)) - 4a682f4f-c3f2-4b77-88b7-f0ab78890feb: start FollowerState
2019-11-05 08:24:04,119 [Thread-1945] INFO  impl.FollowerState (FollowerState.java:run(108)) - 4a682f4f-c3f2-4b77-88b7-f0ab78890feb@group-0DB8C7688BF9-FollowerState: change to CANDIDATE, lastRpcTime:7ms, electionTimeout:7ms
2019-11-05 08:24:04,119 [Thread-1945] INFO  impl.RoleInfo (RoleInfo.java:shutdownFollowerState(121)) - 4a682f4f-c3f2-4b77-88b7-f0ab78890feb: shutdown FollowerState
2019-11-05 08:24:04,119 [Thread-1945] INFO  impl.RaftServerImpl (RaftServerImpl.java:setRole(184)) - 4a682f4f-c3f2-4b77-88b7-f0ab78890feb@group-0DB8C7688BF9: changes role from  FOLLOWER to CANDIDATE at term 117 for changeToCandidate
2019-11-05 08:24:04,119 [Thread-1945] INFO  impl.RoleInfo (RoleInfo.java:updateAndGet(143)) - 4a682f4f-c3f2-4b77-88b7-f0ab78890feb: start LeaderElection
2019-11-05 08:24:04,123 [4a682f4f-c3f2-4b77-88b7-f0ab78890feb@group-0DB8C7688BF9-LeaderElection240] INFO  impl.LeaderElection (LeaderElection.java:askForVotes(178)) - 4a682f4f-c3f2-4b77-88b7-f0ab78890feb@group-0DB8C7688BF9-LeaderElection240: begin an election at term 118 for -1: [77ab65e6-d942-49df-83a3-1d4c0bf152b3:192.168.164.217:39381, 7e1b84a9-a041-44fd-8008-f2679426984c:192.168.164.217:44149, 4a682f4f-c3f2-4b77-88b7-f0ab78890feb:192.168.164.217:34174], old=null
2019-11-05 08:24:04,125 [grpc-default-executor-1] INFO  impl.RaftServerImpl (RaftServerImpl.java:setRole(184)) - 77ab65e6-d942-49df-83a3-1d4c0bf152b3@group-0DB8C7688BF9: changes role from  FOLLOWER to FOLLOWER at term 118 for recognizeCandidate:4a682f4f-c3f2-4b77-88b7-f0ab78890feb
2019-11-05 08:24:04,125 [grpc-default-executor-1] INFO  impl.RoleInfo (RoleInfo.java:shutdownFollowerState(121)) - 77ab65e6-d942-49df-83a3-1d4c0bf152b3: shutdown FollowerState
2019-11-05 08:24:04,125 [grpc-default-executor-1] INFO  impl.RoleInfo (RoleInfo.java:updateAndGet(143)) - 77ab65e6-d942-49df-83a3-1d4c0bf152b3: start FollowerState
2019-11-05 08:24:04,125 [Thread-1942] INFO  impl.FollowerState (FollowerState.java:run(117)) - 77ab65e6-d942-49df-83a3-1d4c0bf152b3@group-0DB8C7688BF9-FollowerState was interrupted: java.lang.InterruptedException: sleep interrupted
2019-11-05 08:24:04,125 [grpc-default-executor-3] INFO  impl.RaftServerImpl (RaftServerImpl.java:setRole(184)) - 7e1b84a9-a041-44fd-8008-f2679426984c@group-0DB8C7688BF9: changes role from  FOLLOWER to FOLLOWER at term 118 for recognizeCandidate:4a682f4f-c3f2-4b77-88b7-f0ab78890feb
2019-11-05 08:24:04,126 [grpc-default-executor-3] INFO  impl.RoleInfo (RoleInfo.java:shutdownFollowerState(121)) - 7e1b84a9-a041-44fd-8008-f2679426984c: shutdown FollowerState
2019-11-05 08:24:04,126 [grpc-default-executor-3] INFO  impl.RoleInfo (RoleInfo.java:updateAndGet(143)) - 7e1b84a9-a041-44fd-8008-f2679426984c: start FollowerState
2019-11-05 08:24:04,126 [Thread-1943] INFO  impl.FollowerState (FollowerState.java:run(117)) - 7e1b84a9-a041-44fd-8008-f2679426984c@group-0DB8C7688BF9-FollowerState was interrupted: java.lang.InterruptedException: sleep interrupted
2019-11-05 08:24:04,133 [4a682f4f-c3f2-4b77-88b7-f0ab78890feb@group-0DB8C7688BF9-LeaderElection240] INFO  impl.LeaderElection (LeaderElection.java:logAndReturn(56)) - 4a682f4f-c3f2-4b77-88b7-f0ab78890feb@group-0DB8C7688BF9-LeaderElection240: Election REJECTED; received 2 response(s) [4a682f4f-c3f2-4b77-88b7-f0ab78890feb<-77ab65e6-d942-49df-83a3-1d4c0bf152b3#0:FAIL-t118, 4a682f4f-c3f2-4b77-88b7-f0ab78890feb<-7e1b84a9-a041-44fd-8008-f2679426984c#0:FAIL-t118] and 0 exception(s); 4a682f4f-c3f2-4b77-88b7-f0ab78890feb@group-0DB8C7688BF9:t118, leader=null, voted=4a682f4f-c3f2-4b77-88b7-f0ab78890feb, raftlog=4a682f4f-c3f2-4b77-88b7-f0ab78890feb@group-0DB8C7688BF9-SegmentedRaftLog:OPENED:c-1,f-1,i0, conf=-1: [77ab65e6-d942-49df-83a3-1d4c0bf152b3:192.168.164.217:39381, 7e1b84a9-a041-44fd-8008-f2679426984c:192.168.164.217:44149, 4a682f4f-c3f2-4b77-88b7-f0ab78890feb:192.168.164.217:34174], old=null
2019-11-05 08:24:04,133 [4a682f4f-c3f2-4b77-88b7-f0ab78890feb@group-0DB8C7688BF9-LeaderElection240] INFO  impl.RaftServerImpl (RaftServerImpl.java:setRole(184)) - 4a682f4f-c3f2-4b77-88b7-f0ab78890feb@group-0DB8C7688BF9: changes role from CANDIDATE to FOLLOWER at term 118 for DISCOVERED_A_NEW_TERM
2019-11-05 08:24:04,134 [4a682f4f-c3f2-4b77-88b7-f0ab78890feb@group-0DB8C7688BF9-LeaderElection240] INFO  impl.RoleInfo (RoleInfo.java:shutdownLeaderElection(134)) - 4a682f4f-c3f2-4b77-88b7-f0ab78890feb: shutdown LeaderElection
2019-11-05 08:24:04,134 [4a682f4f-c3f2-4b77-88b7-f0ab78890feb@group-0DB8C7688BF9-LeaderElection240] INFO  impl.RoleInfo (RoleInfo.java:updateAndGet(143)) - 4a682f4f-c3f2-4b77-88b7-f0ab78890feb: start FollowerState
2019-11-05 08:24:04,134 [Thread-1951] INFO  impl.FollowerState (FollowerState.java:run(108)) - 4a682f4f-c3f2-4b77-88b7-f0ab78890feb@group-0DB8C7688BF9-FollowerState: change to CANDIDATE, lastRpcTime:0ms, electionTimeout:0ms
2019-11-05 08:24:04,134 [Thread-1951] INFO  impl.RoleInfo (RoleInfo.java:shutdownFollowerState(121)) - 4a682f4f-c3f2-4b77-88b7-f0ab78890feb: shutdown FollowerState
2019-11-05 08:24:04,134 [Thread-1951] INFO  impl.RaftServerImpl (RaftServerImpl.java:setRole(184)) - 4a682f4f-c3f2-4b77-88b7-f0ab78890feb@group-0DB8C7688BF9: changes role from  FOLLOWER to CANDIDATE at term 118 for changeToCandidate
2019-11-05 08:24:04,134 [Thread-1951] INFO  impl.RoleInfo (RoleInfo.java:updateAndGet(143)) - 4a682f4f-c3f2-4b77-88b7-f0ab78890feb: start LeaderElection
2019-11-05 08:24:04,138 [4a682f4f-c3f2-4b77-88b7-f0ab78890feb@group-0DB8C7688BF9-LeaderElection241] INFO  impl.LeaderElection (LeaderElection.java:askForVotes(178)) - 4a682f4f-c3f2-4b77-88b7-f0ab78890feb@group-0DB8C7688BF9-LeaderElection241: begin an election at term 119 for -1: [77ab65e6-d942-49df-83a3-1d4c0bf152b3:192.168.164.217:39381, 7e1b84a9-a041-44fd-8008-f2679426984c:192.168.164.217:44149, 4a682f4f-c3f2-4b77-88b7-f0ab78890feb:192.168.164.217:34174], old=null
2019-11-05 08:24:04,143 [grpc-default-executor-1] INFO  impl.RaftServerImpl (RaftServerImpl.java:setRole(184)) - 77ab65e6-d942-49df-83a3-1d4c0bf152b3@group-0DB8C7688BF9: changes role from  FOLLOWER to FOLLOWER at term 119 for recognizeCandidate:4a682f4f-c3f2-4b77-88b7-f0ab78890feb
2019-11-05 08:24:04,144 [grpc-default-executor-1] INFO  impl.RoleInfo (RoleInfo.java:shutdownFollowerState(121)) - 77ab65e6-d942-49df-83a3-1d4c0bf152b3: shutdown FollowerState
2019-11-05 08:24:04,144 [grpc-default-executor-3] INFO  impl.RaftServerImpl (RaftServerImpl.java:setRole(184)) - 7e1b84a9-a041-44fd-8008-f2679426984c@group-0DB8C7688BF9: changes role from  FOLLOWER to FOLLOWER at term 119 for recognizeCandidate:4a682f4f-c3f2-4b77-88b7-f0ab78890feb
2019-11-05 08:24:04,144 [Thread-1949] INFO  impl.FollowerState (FollowerState.java:run(117)) - 77ab65e6-d942-49df-83a3-1d4c0bf152b3@group-0DB8C7688BF9-FollowerState was interrupted: java.lang.InterruptedException: sleep interrupted
2019-11-05 08:24:04,144 [grpc-default-executor-3] INFO  impl.RoleInfo (RoleInfo.java:shutdownFollowerState(121)) - 7e1b84a9-a041-44fd-8008-f2679426984c: shutdown FollowerState
2019-11-05 08:24:04,144 [grpc-default-executor-1] INFO  impl.RoleInfo (RoleInfo.java:updateAndGet(143)) - 77ab65e6-d942-49df-83a3-1d4c0bf152b3: start FollowerState
2019-11-05 08:24:04,144 [Thread-1950] INFO  impl.FollowerState (FollowerState.java:run(117)) - 7e1b84a9-a041-44fd-8008-f2679426984c@group-0DB8C7688BF9-FollowerState was interrupted: java.lang.InterruptedException: sleep interrupted
2019-11-05 08:24:04,144 [grpc-default-executor-3] INFO  impl.RoleInfo (RoleInfo.java:updateAndGet(143)) - 7e1b84a9-a041-44fd-8008-f2679426984c: start FollowerState
2019-11-05 08:24:04,162 [4a682f4f-c3f2-4b77-88b7-f0ab78890feb@group-0DB8C7688BF9-LeaderElection241] INFO  impl.LeaderElection (LeaderElection.java:logAndReturn(56)) - 4a682f4f-c3f2-4b77-88b7-f0ab78890feb@group-0DB8C7688BF9-LeaderElection241: Election REJECTED; received 2 response(s) [4a682f4f-c3f2-4b77-88b7-f0ab78890feb<-77ab65e6-d942-49df-83a3-1d4c0bf152b3#0:FAIL-t119, 4a682f4f-c3f2-4b77-88b7-f0ab78890feb<-7e1b84a9-a041-44fd-8008-f2679426984c#0:FAIL-t119] and 0 exception(s); 4a682f4f-c3f2-4b77-88b7-f0ab78890feb@group-0DB8C7688BF9:t119, leader=null, voted=4a682f4f-c3f2-4b77-88b7-f0ab78890feb, raftlog=4a682f4f-c3f2-4b77-88b7-f0ab78890feb@group-0DB8C7688BF9-SegmentedRaftLog:OPENED:c-1,f-1,i0, conf=-1: [77ab65e6-d942-49df-83a3-1d4c0bf152b3:192.168.164.217:39381, 7e1b84a9-a041-44fd-8008-f2679426984c:192.168.164.217:44149, 4a682f4f-c3f2-4b77-88b7-f0ab78890feb:192.168.164.217:34174], old=null
2019-11-05 08:24:04,162 [4a682f4f-c3f2-4b77-88b7-f0ab78890feb@group-0DB8C7688BF9-LeaderElection241] INFO  impl.RaftServerImpl (RaftServerImpl.java:setRole(184)) - 4a682f4f-c3f2-4b77-88b7-f0ab78890feb@group-0DB8C7688BF9: changes role from CANDIDATE to FOLLOWER at term 119 for DISCOVERED_A_NEW_TERM
2019-11-05 08:24:04,162 [4a682f4f-c3f2-4b77-88b7-f0ab78890feb@group-0DB8C7688BF9-LeaderElection241] INFO  impl.RoleInfo (RoleInfo.java:shutdownLeaderElection(134)) - 4a682f4f-c3f2-4b77-88b7-f0ab78890feb: shutdown LeaderElection
2019-11-05 08:24:04,162 [4a682f4f-c3f2-4b77-88b7-f0ab78890feb@group-0DB8C7688BF9-LeaderElection241] INFO  impl.RoleInfo (RoleInfo.java:updateAndGet(143)) - 4a682f4f-c3f2-4b77-88b7-f0ab78890feb: start FollowerState
2019-11-05 08:24:04,169 [Thread-1958] INFO  impl.FollowerState (FollowerState.java:run(108)) - 4a682f4f-c3f2-4b77-88b7-f0ab78890feb@group-0DB8C7688BF9-FollowerState: change to CANDIDATE, lastRpcTime:6ms, electionTimeout:6ms
2019-11-05 08:24:04,169 [Thread-1958] INFO  impl.RoleInfo (RoleInfo.java:shutdownFollowerState(121)) - 4a682f4f-c3f2-4b77-88b7-f0ab78890feb: shutdown FollowerState
2019-11-05 08:24:04,169 [Thread-1958] INFO  impl.RaftServerImpl (RaftServerImpl.java:setRole(184)) - 4a682f4f-c3f2-4b77-88b7-f0ab78890feb@group-0DB8C7688BF9: changes role from  FOLLOWER to CANDIDATE at term 119 for changeToCandidate
2019-11-05 08:24:04,169 [Thread-1958] INFO  impl.RoleInfo (RoleInfo.java:updateAndGet(143)) - 4a682f4f-c3f2-4b77-88b7-f0ab78890feb: start LeaderElection
2019-11-05 08:24:04,183 [4a682f4f-c3f2-4b77-88b7-f0ab78890feb@group-0DB8C7688BF9-LeaderElection242] INFO  impl.LeaderElection (LeaderElection.java:askForVotes(178)) - 4a682f4f-c3f2-4b77-88b7-f0ab78890feb@group-0DB8C7688BF9-LeaderElection242: begin an election at term 120 for -1: [77ab65e6-d942-49df-83a3-1d4c0bf152b3:192.168.164.217:39381, 7e1b84a9-a041-44fd-8008-f2679426984c:192.168.164.217:44149, 4a682f4f-c3f2-4b77-88b7-f0ab78890feb:192.168.164.217:34174], old=null
2019-11-05 08:24:04,184 [grpc-default-executor-3] INFO  impl.RaftServerImpl (RaftServerImpl.java:setRole(184)) - 77ab65e6-d942-49df-83a3-1d4c0bf152b3@group-0DB8C7688BF9: changes role from  FOLLOWER to FOLLOWER at term 120 for recognizeCandidate:4a682f4f-c3f2-4b77-88b7-f0ab78890feb
2019-11-05 08:24:04,185 [grpc-default-executor-1] INFO  impl.RaftServerImpl (RaftServerImpl.java:setRole(184)) - 7e1b84a9-a041-44fd-8008-f2679426984c@group-0DB8C7688BF9: changes role from  FOLLOWER to FOLLOWER at term 120 for recognizeCandidate:4a682f4f-c3f2-4b77-88b7-f0ab78890feb
2019-11-05 08:24:04,185 [grpc-default-executor-1] INFO  impl.RoleInfo (RoleInfo.java:shutdownFollowerState(121)) - 7e1b84a9-a041-44fd-8008-f2679426984c: shutdown FollowerState
2019-11-05 08:24:04,185 [grpc-default-executor-3] INFO  impl.RoleInfo (RoleInfo.java:shutdownFollowerState(121)) - 77ab65e6-d942-49df-83a3-1d4c0bf152b3: shutdown FollowerState
2019-11-05 08:24:04,185 [grpc-default-executor-3] INFO  impl.RoleInfo (RoleInfo.java:updateAndGet(143)) - 77ab65e6-d942-49df-83a3-1d4c0bf152b3: start FollowerState
2019-11-05 08:24:04,185 [Thread-1957] INFO  impl.FollowerState (FollowerState.java:run(117)) - 7e1b84a9-a041-44fd-8008-f2679426984c@group-0DB8C7688BF9-FollowerState was interrupted: java.lang.InterruptedException: sleep interrupted
2019-11-05 08:24:04,185 [grpc-default-executor-1] INFO  impl.RoleInfo (RoleInfo.java:updateAndGet(143)) - 7e1b84a9-a041-44fd-8008-f2679426984c: start FollowerState
2019-11-05 08:24:04,185 [Thread-1956] INFO  impl.FollowerState (FollowerState.java:run(117)) - 77ab65e6-d942-49df-83a3-1d4c0bf152b3@group-0DB8C7688BF9-FollowerState was interrupted: java.lang.InterruptedException: sleep interrupted
2019-11-05 08:24:04,191 [Thread-1938] INFO  impl.FollowerState (FollowerState.java:run(108)) - a8ae9c07-6d89-4a49-a594-cacd4b776180@group-0E159EE4F99E-FollowerState: change to CANDIDATE, lastRpcTime:175ms, electionTimeout:175ms
2019-11-05 08:24:04,191 [Thread-1938] INFO  impl.RoleInfo (RoleInfo.java:shutdownFollowerState(121)) - a8ae9c07-6d89-4a49-a594-cacd4b776180: shutdown FollowerState
2019-11-05 08:24:04,191 [Thread-1938] INFO  impl.RaftServerImpl (RaftServerImpl.java:setRole(184)) - a8ae9c07-6d89-4a49-a594-cacd4b776180@group-0E159EE4F99E: changes role from  FOLLOWER to CANDIDATE at term 128 for changeToCandidate
2019-11-05 08:24:04,192 [Thread-1938] INFO  impl.RoleInfo (RoleInfo.java:updateAndGet(143)) - a8ae9c07-6d89-4a49-a594-cacd4b776180: start LeaderElection
2019-11-05 08:24:04,199 [a8ae9c07-6d89-4a49-a594-cacd4b776180@group-0E159EE4F99E-LeaderElection243] INFO  impl.LeaderElection (LeaderElection.java:askForVotes(178)) - a8ae9c07-6d89-4a49-a594-cacd4b776180@group-0E159EE4F99E-LeaderElection243: begin an election at term 129 for -1: [caafcba9-090a-41f5-a5f9-cba5a6a81e94:192.168.164.217:37197, a8ae9c07-6d89-4a49-a594-cacd4b776180:192.168.164.217:42719, b3bb9051-8089-4c51-a999-81579e5913f2:192.168.164.217:36516], old=null
2019-11-05 08:24:04,199 [4a682f4f-c3f2-4b77-88b7-f0ab78890feb@group-0DB8C7688BF9-LeaderElection242] INFO  impl.LeaderElection (LeaderElection.java:logAndReturn(56)) - 4a682f4f-c3f2-4b77-88b7-f0ab78890feb@group-0DB8C7688BF9-LeaderElection242: Election REJECTED; received 2 response(s) [4a682f4f-c3f2-4b77-88b7-f0ab78890feb<-77ab65e6-d942-49df-83a3-1d4c0bf152b3#0:FAIL-t120, 4a682f4f-c3f2-4b77-88b7-f0ab78890feb<-7e1b84a9-a041-44fd-8008-f2679426984c#0:FAIL-t120] and 0 exception(s); 4a682f4f-c3f2-4b77-88b7-f0ab78890feb@group-0DB8C7688BF9:t120, leader=null, voted=4a682f4f-c3f2-4b77-88b7-f0ab78890feb, raftlog=4a682f4f-c3f2-4b77-88b7-f0ab78890feb@group-0DB8C7688BF9-SegmentedRaftLog:OPENED:c-1,f-1,i0, conf=-1: [77ab65e6-d942-49df-83a3-1d4c0bf152b3:192.168.164.217:39381, 7e1b84a9-a041-44fd-8008-f2679426984c:192.168.164.217:44149, 4a682f4f-c3f2-4b77-88b7-f0ab78890feb:192.168.164.217:34174], old=null
2019-11-05 08:24:04,200 [4a682f4f-c3f2-4b77-88b7-f0ab78890feb@group-0DB8C7688BF9-LeaderElection242] INFO  impl.RaftServerImpl (RaftServerImpl.java:setRole(184)) - 4a682f4f-c3f2-4b77-88b7-f0ab78890feb@group-0DB8C7688BF9: changes role from CANDIDATE to FOLLOWER at term 120 for DISCOVERED_A_NEW_TERM
2019-11-05 08:24:04,200 [4a682f4f-c3f2-4b77-88b7-f0ab78890feb@group-0DB8C7688BF9-LeaderElection242] INFO  impl.RoleInfo (RoleInfo.java:shutdownLeaderElection(134)) - 4a682f4f-c3f2-4b77-88b7-f0ab78890feb: shutdown LeaderElection
2019-11-05 08:24:04,200 [4a682f4f-c3f2-4b77-88b7-f0ab78890feb@group-0DB8C7688BF9-LeaderElection242] INFO  impl.RoleInfo (RoleInfo.java:updateAndGet(143)) - 4a682f4f-c3f2-4b77-88b7-f0ab78890feb: start FollowerState
2019-11-05 08:24:04,200 [grpc-default-executor-1] INFO  impl.RaftServerImpl (RaftServerImpl.java:setRole(184)) - caafcba9-090a-41f5-a5f9-cba5a6a81e94@group-0E159EE4F99E: changes role from  FOLLOWER to FOLLOWER at term 129 for recognizeCandidate:a8ae9c07-6d89-4a49-a594-cacd4b776180
2019-11-05 08:24:04,200 [grpc-default-executor-1] INFO  impl.RoleInfo (RoleInfo.java:shutdownFollowerState(121)) - caafcba9-090a-41f5-a5f9-cba5a6a81e94: shutdown FollowerState
2019-11-05 08:24:04,200 [grpc-default-executor-1] INFO  impl.RoleInfo (RoleInfo.java:updateAndGet(143)) - caafcba9-090a-41f5-a5f9-cba5a6a81e94: start FollowerState
2019-11-05 08:24:04,200 [grpc-default-executor-5] INFO  impl.RaftServerImpl (RaftServerImpl.java:setRole(184)) - b3bb9051-8089-4c51-a999-81579e5913f2@group-0E159EE4F99E: changes role from  FOLLOWER to FOLLOWER at term 129 for recognizeCandidate:a8ae9c07-6d89-4a49-a594-cacd4b776180
2019-11-05 08:24:04,200 [Thread-1937] INFO  impl.FollowerState (FollowerState.java:run(117)) - caafcba9-090a-41f5-a5f9-cba5a6a81e94@group-0E159EE4F99E-FollowerState was interrupted: java.lang.InterruptedException: sleep interrupted
2019-11-05 08:24:04,201 [grpc-default-executor-5] INFO  impl.RoleInfo (RoleInfo.java:shutdownFollowerState(121)) - b3bb9051-8089-4c51-a999-81579e5913f2: shutdown FollowerState
2019-11-05 08:24:04,201 [grpc-default-executor-5] INFO  impl.RoleInfo (RoleInfo.java:updateAndGet(143)) - b3bb9051-8089-4c51-a999-81579e5913f2: start FollowerState
2019-11-05 08:24:04,201 [Thread-1936] INFO  impl.FollowerState (FollowerState.java:run(117)) - b3bb9051-8089-4c51-a999-81579e5913f2@group-0E159EE4F99E-FollowerState was interrupted: java.lang.InterruptedException: sleep interrupted
2019-11-05 08:24:04,218 [a8ae9c07-6d89-4a49-a594-cacd4b776180@group-0E159EE4F99E-LeaderElection243] INFO  impl.LeaderElection (LeaderElection.java:logAndReturn(56)) - a8ae9c07-6d89-4a49-a594-cacd4b776180@group-0E159EE4F99E-LeaderElection243: Election REJECTED; received 2 response(s) [a8ae9c07-6d89-4a49-a594-cacd4b776180<-caafcba9-090a-41f5-a5f9-cba5a6a81e94#0:FAIL-t129, a8ae9c07-6d89-4a49-a594-cacd4b776180<-b3bb9051-8089-4c51-a999-81579e5913f2#0:FAIL-t129] and 0 exception(s); a8ae9c07-6d89-4a49-a594-cacd4b776180@group-0E159EE4F99E:t129, leader=null, voted=a8ae9c07-6d89-4a49-a594-cacd4b776180, raftlog=a8ae9c07-6d89-4a49-a594-cacd4b776180@group-0E159EE4F99E-SegmentedRaftLog:OPENED:c-1,f-1,i0, conf=-1: [caafcba9-090a-41f5-a5f9-cba5a6a81e94:192.168.164.217:37197, a8ae9c07-6d89-4a49-a594-cacd4b776180:192.168.164.217:42719, b3bb9051-8089-4c51-a999-81579e5913f2:192.168.164.217:36516], old=null
2019-11-05 08:24:04,220 [Thread-1968] INFO  impl.FollowerState (FollowerState.java:run(108)) - 4a682f4f-c3f2-4b77-88b7-f0ab78890feb@group-0DB8C7688BF9-FollowerState: change to CANDIDATE, lastRpcTime:20ms, electionTimeout:19ms
2019-11-05 08:24:04,220 [a8ae9c07-6d89-4a49-a594-cacd4b776180@group-0E159EE4F99E-LeaderElection243] INFO  impl.RaftServerImpl (RaftServerImpl.java:setRole(184)) - a8ae9c07-6d89-4a49-a594-cacd4b776180@group-0E159EE4F99E: changes role from CANDIDATE to FOLLOWER at term 129 for DISCOVERED_A_NEW_TERM
2019-11-05 08:24:04,220 [Thread-1968] INFO  impl.RoleInfo (RoleInfo.java:shutdownFollowerState(121)) - 4a682f4f-c3f2-4b77-88b7-f0ab78890feb: shutdown FollowerState
2019-11-05 08:24:04,220 [a8ae9c07-6d89-4a49-a594-cacd4b776180@group-0E159EE4F99E-LeaderElection243] INFO  impl.RoleInfo (RoleInfo.java:shutdownLeaderElection(134)) - a8ae9c07-6d89-4a49-a594-cacd4b776180: shutdown LeaderElection
2019-11-05 08:24:04,220 [Thread-1968] INFO  impl.RaftServerImpl (RaftServerImpl.java:setRole(184)) - 4a682f4f-c3f2-4b77-88b7-f0ab78890feb@group-0DB8C7688BF9: changes role from  FOLLOWER to CANDIDATE at term 120 for changeToCandidate
2019-11-05 08:24:04,220 [a8ae9c07-6d89-4a49-a594-cacd4b776180@group-0E159EE4F99E-LeaderElection243] INFO  impl.RoleInfo (RoleInfo.java:updateAndGet(143)) - a8ae9c07-6d89-4a49-a594-cacd4b776180: start FollowerState
2019-11-05 08:24:04,221 [Thread-1968] INFO  impl.RoleInfo (RoleInfo.java:updateAndGet(143)) - 4a682f4f-c3f2-4b77-88b7-f0ab78890feb: start LeaderElection
2019-11-05 08:24:04,234 [4a682f4f-c3f2-4b77-88b7-f0ab78890feb@group-0DB8C7688BF9-LeaderElection244] INFO  impl.LeaderElection (LeaderElection.java:askForVotes(178)) - 4a682f4f-c3f2-4b77-88b7-f0ab78890feb@group-0DB8C7688BF9-LeaderElection244: begin an election at term 121 for -1: [77ab65e6-d942-49df-83a3-1d4c0bf152b3:192.168.164.217:39381, 7e1b84a9-a041-44fd-8008-f2679426984c:192.168.164.217:44149, 4a682f4f-c3f2-4b77-88b7-f0ab78890feb:192.168.164.217:34174], old=null
2019-11-05 08:24:04,235 [grpc-default-executor-4] INFO  impl.RaftServerImpl (RaftServerImpl.java:setRole(184)) - 77ab65e6-d942-49df-83a3-1d4c0bf152b3@group-0DB8C7688BF9: changes role from  FOLLOWER to FOLLOWER at term 121 for recognizeCandidate:4a682f4f-c3f2-4b77-88b7-f0ab78890feb
2019-11-05 08:24:04,235 [grpc-default-executor-4] INFO  impl.RoleInfo (RoleInfo.java:shutdownFollowerState(121)) - 77ab65e6-d942-49df-83a3-1d4c0bf152b3: shutdown FollowerState
2019-11-05 08:24:04,236 [grpc-default-executor-0] INFO  impl.RaftServerImpl (RaftServerImpl.java:setRole(184)) - 7e1b84a9-a041-44fd-8008-f2679426984c@group-0DB8C7688BF9: changes role from  FOLLOWER to FOLLOWER at term 121 for recognizeCandidate:4a682f4f-c3f2-4b77-88b7-f0ab78890feb
2019-11-05 08:24:04,236 [grpc-default-executor-0] INFO  impl.RoleInfo (RoleInfo.java:shutdownFollowerState(121)) - 7e1b84a9-a041-44fd-8008-f2679426984c: shutdown FollowerState
2019-11-05 08:24:04,236 [Thread-1963] INFO  impl.FollowerState (FollowerState.java:run(117)) - 77ab65e6-d942-49df-83a3-1d4c0bf152b3@group-0DB8C7688BF9-FollowerState was interrupted: java.lang.InterruptedException: sleep interrupted
2019-11-05 08:24:04,236 [grpc-default-executor-4] INFO  impl.RoleInfo (RoleInfo.java:updateAndGet(143)) - 77ab65e6-d942-49df-83a3-1d4c0bf152b3: start FollowerState
2019-11-05 08:24:04,236 [Thread-1962] INFO  impl.FollowerState (FollowerState.java:run(117)) - 7e1b84a9-a041-44fd-8008-f2679426984c@group-0DB8C7688BF9-FollowerState was interrupted: java.lang.InterruptedException: sleep interrupted
2019-11-05 08:24:04,236 [grpc-default-executor-0] INFO  impl.RoleInfo (RoleInfo.java:updateAndGet(143)) - 7e1b84a9-a041-44fd-8008-f2679426984c: start FollowerState
2019-11-05 08:24:04,250 [4a682f4f-c3f2-4b77-88b7-f0ab78890feb@group-0DB8C7688BF9-LeaderElection244] INFO  impl.LeaderElection (LeaderElection.java:logAndReturn(56)) - 4a682f4f-c3f2-4b77-88b7-f0ab78890feb@group-0DB8C7688BF9-LeaderElection244: Election REJECTED; received 2 response(s) [4a682f4f-c3f2-4b77-88b7-f0ab78890feb<-77ab65e6-d942-49df-83a3-1d4c0bf152b3#0:FAIL-t121, 4a682f4f-c3f2-4b77-88b7-f0ab78890feb<-7e1b84a9-a041-44fd-8008-f2679426984c#0:FAIL-t121] and 0 exception(s); 4a682f4f-c3f2-4b77-88b7-f0ab78890feb@group-0DB8C7688BF9:t121, leader=null, voted=4a682f4f-c3f2-4b77-88b7-f0ab78890feb, raftlog=4a682f4f-c3f2-4b77-88b7-f0ab78890feb@group-0DB8C7688BF9-SegmentedRaftLog:OPENED:c-1,f-1,i0, conf=-1: [77ab65e6-d942-49df-83a3-1d4c0bf152b3:192.168.164.217:39381, 7e1b84a9-a041-44fd-8008-f2679426984c:192.168.164.217:44149, 4a682f4f-c3f2-4b77-88b7-f0ab78890feb:192.168.164.217:34174], old=null
2019-11-05 08:24:04,250 [4a682f4f-c3f2-4b77-88b7-f0ab78890feb@group-0DB8C7688BF9-LeaderElection244] INFO  impl.RaftServerImpl (RaftServerImpl.java:setRole(184)) - 4a682f4f-c3f2-4b77-88b7-f0ab78890feb@group-0DB8C7688BF9: changes role from CANDIDATE to FOLLOWER at term 121 for DISCOVERED_A_NEW_TERM
2019-11-05 08:24:04,250 [4a682f4f-c3f2-4b77-88b7-f0ab78890feb@group-0DB8C7688BF9-LeaderElection244] INFO  impl.RoleInfo (RoleInfo.java:shutdownLeaderElection(134)) - 4a682f4f-c3f2-4b77-88b7-f0ab78890feb: shutdown LeaderElection
2019-11-05 08:24:04,250 [4a682f4f-c3f2-4b77-88b7-f0ab78890feb@group-0DB8C7688BF9-LeaderElection244] INFO  impl.RoleInfo (RoleInfo.java:updateAndGet(143)) - 4a682f4f-c3f2-4b77-88b7-f0ab78890feb: start FollowerState
2019-11-05 08:24:04,351 [Thread-1978] INFO  impl.FollowerState (FollowerState.java:run(108)) - 4a682f4f-c3f2-4b77-88b7-f0ab78890feb@group-0DB8C7688BF9-FollowerState: change to CANDIDATE, lastRpcTime:100ms, electionTimeout:100ms
2019-11-05 08:24:04,351 [Thread-1978] INFO  impl.RoleInfo (RoleInfo.java:shutdownFollowerState(121)) - 4a682f4f-c3f2-4b77-88b7-f0ab78890feb: shutdown FollowerState
2019-11-05 08:24:04,351 [Thread-1978] INFO  impl.RaftServerImpl (RaftServerImpl.java:setRole(184)) - 4a682f4f-c3f2-4b77-88b7-f0ab78890feb@group-0DB8C7688BF9: changes role from  FOLLOWER to CANDIDATE at term 121 for changeToCandidate
2019-11-05 08:24:04,351 [Thread-1978] INFO  impl.RoleInfo (RoleInfo.java:updateAndGet(143)) - 4a682f4f-c3f2-4b77-88b7-f0ab78890feb: start LeaderElection
2019-11-05 08:24:04,365 [4a682f4f-c3f2-4b77-88b7-f0ab78890feb@group-0DB8C7688BF9-LeaderElection245] INFO  impl.LeaderElection (LeaderElection.java:askForVotes(178)) - 4a682f4f-c3f2-4b77-88b7-f0ab78890feb@group-0DB8C7688BF9-LeaderElection245: begin an election at term 122 for -1: [77ab65e6-d942-49df-83a3-1d4c0bf152b3:192.168.164.217:39381, 7e1b84a9-a041-44fd-8008-f2679426984c:192.168.164.217:44149, 4a682f4f-c3f2-4b77-88b7-f0ab78890feb:192.168.164.217:34174], old=null
2019-11-05 08:24:04,367 [grpc-default-executor-4] INFO  impl.RaftServerImpl (RaftServerImpl.java:setRole(184)) - 7e1b84a9-a041-44fd-8008-f2679426984c@group-0DB8C7688BF9: changes role from  FOLLOWER to FOLLOWER at term 122 for recognizeCandidate:4a682f4f-c3f2-4b77-88b7-f0ab78890feb
2019-11-05 08:24:04,367 [grpc-default-executor-4] INFO  impl.RoleInfo (RoleInfo.java:shutdownFollowerState(121)) - 7e1b84a9-a041-44fd-8008-f2679426984c: shutdown FollowerState
2019-11-05 08:24:04,367 [grpc-default-executor-0] INFO  impl.RaftServerImpl (RaftServerImpl.java:setRole(184)) - 77ab65e6-d942-49df-83a3-1d4c0bf152b3@group-0DB8C7688BF9: changes role from  FOLLOWER to FOLLOWER at term 122 for recognizeCandidate:4a682f4f-c3f2-4b77-88b7-f0ab78890feb
2019-11-05 08:24:04,367 [Thread-1977] INFO  impl.FollowerState (FollowerState.java:run(117)) - 7e1b84a9-a041-44fd-8008-f2679426984c@group-0DB8C7688BF9-FollowerState was interrupted: java.lang.InterruptedException: sleep interrupted
2019-11-05 08:24:04,367 [grpc-default-executor-4] INFO  impl.RoleInfo (RoleInfo.java:updateAndGet(143)) - 7e1b84a9-a041-44fd-8008-f2679426984c: start FollowerState
2019-11-05 08:24:04,367 [grpc-default-executor-0] INFO  impl.RoleInfo (RoleInfo.java:shutdownFollowerState(121)) - 77ab65e6-d942-49df-83a3-1d4c0bf152b3: shutdown FollowerState
2019-11-05 08:24:04,368 [grpc-default-executor-0] INFO  impl.RoleInfo (RoleInfo.java:updateAndGet(143)) - 77ab65e6-d942-49df-83a3-1d4c0bf152b3: start FollowerState
2019-11-05 08:24:04,368 [Thread-1976] INFO  impl.FollowerState (FollowerState.java:run(117)) - 77ab65e6-d942-49df-83a3-1d4c0bf152b3@group-0DB8C7688BF9-FollowerState was interrupted: java.lang.InterruptedException: sleep interrupted
2019-11-05 08:24:04,381 [4a682f4f-c3f2-4b77-88b7-f0ab78890feb@group-0DB8C7688BF9-LeaderElection245] INFO  impl.LeaderElection (LeaderElection.java:logAndReturn(56)) - 4a682f4f-c3f2-4b77-88b7-f0ab78890feb@group-0DB8C7688BF9-LeaderElection245: Election REJECTED; received 2 response(s) [4a682f4f-c3f2-4b77-88b7-f0ab78890feb<-77ab65e6-d942-49df-83a3-1d4c0bf152b3#0:FAIL-t122, 4a682f4f-c3f2-4b77-88b7-f0ab78890feb<-7e1b84a9-a041-44fd-8008-f2679426984c#0:FAIL-t122] and 0 exception(s); 4a682f4f-c3f2-4b77-88b7-f0ab78890feb@group-0DB8C7688BF9:t122, leader=null, voted=4a682f4f-c3f2-4b77-88b7-f0ab78890feb, raftlog=4a682f4f-c3f2-4b77-88b7-f0ab78890feb@group-0DB8C7688BF9-SegmentedRaftLog:OPENED:c-1,f-1,i0, conf=-1: [77ab65e6-d942-49df-83a3-1d4c0bf152b3:192.168.164.217:39381, 7e1b84a9-a041-44fd-8008-f2679426984c:192.168.164.217:44149, 4a682f4f-c3f2-4b77-88b7-f0ab78890feb:192.168.164.217:34174], old=null
2019-11-05 08:24:04,381 [4a682f4f-c3f2-4b77-88b7-f0ab78890feb@group-0DB8C7688BF9-LeaderElection245] INFO  impl.RaftServerImpl (RaftServerImpl.java:setRole(184)) - 4a682f4f-c3f2-4b77-88b7-f0ab78890feb@group-0DB8C7688BF9: changes role from CANDIDATE to FOLLOWER at term 122 for DISCOVERED_A_NEW_TERM
2019-11-05 08:24:04,381 [4a682f4f-c3f2-4b77-88b7-f0ab78890feb@group-0DB8C7688BF9-LeaderElection245] INFO  impl.RoleInfo (RoleInfo.java:shutdownLeaderElection(134)) - 4a682f4f-c3f2-4b77-88b7-f0ab78890feb: shutdown LeaderElection
2019-11-05 08:24:04,382 [4a682f4f-c3f2-4b77-88b7-f0ab78890feb@group-0DB8C7688BF9-LeaderElection245] INFO  impl.RoleInfo (RoleInfo.java:updateAndGet(143)) - 4a682f4f-c3f2-4b77-88b7-f0ab78890feb: start FollowerState
2019-11-05 08:24:04,398 [Thread-1972] INFO  impl.FollowerState (FollowerState.java:run(108)) - a8ae9c07-6d89-4a49-a594-cacd4b776180@group-0E159EE4F99E-FollowerState: change to CANDIDATE, lastRpcTime:177ms, electionTimeout:177ms
2019-11-05 08:24:04,398 [Thread-1972] INFO  impl.RoleInfo (RoleInfo.java:shutdownFollowerState(121)) - a8ae9c07-6d89-4a49-a594-cacd4b776180: shutdown FollowerState
2019-11-05 08:24:04,398 [Thread-1972] INFO  impl.RaftServerImpl (RaftServerImpl.java:setRole(184)) - a8ae9c07-6d89-4a49-a594-cacd4b776180@group-0E159EE4F99E: changes role from  FOLLOWER to CANDIDATE at term 129 for changeToCandidate
2019-11-05 08:24:04,398 [Thread-1972] INFO  impl.RoleInfo (RoleInfo.java:updateAndGet(143)) - a8ae9c07-6d89-4a49-a594-cacd4b776180: start LeaderElection
2019-11-05 08:24:04,412 [a8ae9c07-6d89-4a49-a594-cacd4b776180@group-0E159EE4F99E-LeaderElection246] INFO  impl.LeaderElection (LeaderElection.java:askForVotes(178)) - a8ae9c07-6d89-4a49-a594-cacd4b776180@group-0E159EE4F99E-LeaderElection246: begin an election at term 130 for -1: [caafcba9-090a-41f5-a5f9-cba5a6a81e94:192.168.164.217:37197, a8ae9c07-6d89-4a49-a594-cacd4b776180:192.168.164.217:42719, b3bb9051-8089-4c51-a999-81579e5913f2:192.168.164.217:36516], old=null
2019-11-05 08:24:04,414 [grpc-default-executor-4] INFO  impl.RaftServerImpl (RaftServerImpl.java:setRole(184)) - caafcba9-090a-41f5-a5f9-cba5a6a81e94@group-0E159EE4F99E: changes role from  FOLLOWER to FOLLOWER at term 130 for recognizeCandidate:a8ae9c07-6d89-4a49-a594-cacd4b776180
2019-11-05 08:24:04,414 [grpc-default-executor-4] INFO  impl.RoleInfo (RoleInfo.java:shutdownFollowerState(121)) - caafcba9-090a-41f5-a5f9-cba5a6a81e94: shutdown FollowerState
2019-11-05 08:24:04,414 [grpc-default-executor-4] INFO  impl.RoleInfo (RoleInfo.java:updateAndGet(143)) - caafcba9-090a-41f5-a5f9-cba5a6a81e94: start FollowerState
2019-11-05 08:24:04,415 [Thread-1969] INFO  impl.FollowerState (FollowerState.java:run(117)) - caafcba9-090a-41f5-a5f9-cba5a6a81e94@group-0E159EE4F99E-FollowerState was interrupted: java.lang.InterruptedException: sleep interrupted
2019-11-05 08:24:04,415 [grpc-default-executor-0] INFO  impl.RaftServerImpl (RaftServerImpl.java:setRole(184)) - b3bb9051-8089-4c51-a999-81579e5913f2@group-0E159EE4F99E: changes role from  FOLLOWER to FOLLOWER at term 130 for recognizeCandidate:a8ae9c07-6d89-4a49-a594-cacd4b776180
2019-11-05 08:24:04,415 [grpc-default-executor-0] INFO  impl.RoleInfo (RoleInfo.java:shutdownFollowerState(121)) - b3bb9051-8089-4c51-a999-81579e5913f2: shutdown FollowerState
2019-11-05 08:24:04,415 [grpc-default-executor-0] INFO  impl.RoleInfo (RoleInfo.java:updateAndGet(143)) - b3bb9051-8089-4c51-a999-81579e5913f2: start FollowerState
2019-11-05 08:24:04,415 [Thread-1970] INFO  impl.FollowerState (FollowerState.java:run(117)) - b3bb9051-8089-4c51-a999-81579e5913f2@group-0E159EE4F99E-FollowerState was interrupted: java.lang.InterruptedException: sleep interrupted
2019-11-05 08:24:04,422 [a8ae9c07-6d89-4a49-a594-cacd4b776180@group-0E159EE4F99E-LeaderElection246] INFO  impl.LeaderElection (LeaderElection.java:logAndReturn(56)) - a8ae9c07-6d89-4a49-a594-cacd4b776180@group-0E159EE4F99E-LeaderElection246: Election TIMEOUT; received 0 response(s) [] and 0 exception(s); a8ae9c07-6d89-4a49-a594-cacd4b776180@group-0E159EE4F99E:t130, leader=null, voted=a8ae9c07-6d89-4a49-a594-cacd4b776180, raftlog=a8ae9c07-6d89-4a49-a594-cacd4b776180@group-0E159EE4F99E-SegmentedRaftLog:OPENED:c-1,f-1,i0, conf=-1: [caafcba9-090a-41f5-a5f9-cba5a6a81e94:192.168.164.217:37197, a8ae9c07-6d89-4a49-a594-cacd4b776180:192.168.164.217:42719, b3bb9051-8089-4c51-a999-81579e5913f2:192.168.164.217:36516], old=null
2019-11-05 08:24:04,433 [a8ae9c07-6d89-4a49-a594-cacd4b776180@group-0E159EE4F99E-LeaderElection246] INFO  impl.LeaderElection (LeaderElection.java:askForVotes(178)) - a8ae9c07-6d89-4a49-a594-cacd4b776180@group-0E159EE4F99E-LeaderElection246: begin an election at term 131 for -1: [caafcba9-090a-41f5-a5f9-cba5a6a81e94:192.168.164.217:37197, a8ae9c07-6d89-4a49-a594-cacd4b776180:192.168.164.217:42719, b3bb9051-8089-4c51-a999-81579e5913f2:192.168.164.217:36516], old=null
2019-11-05 08:24:04,436 [grpc-default-executor-0] INFO  impl.RaftServerImpl (RaftServerImpl.java:setRole(184)) - caafcba9-090a-41f5-a5f9-cba5a6a81e94@group-0E159EE4F99E: changes role from  FOLLOWER to FOLLOWER at term 131 for recognizeCandidate:a8ae9c07-6d89-4a49-a594-cacd4b776180
2019-11-05 08:24:04,436 [grpc-default-executor-0] INFO  impl.RoleInfo (RoleInfo.java:shutdownFollowerState(121)) - caafcba9-090a-41f5-a5f9-cba5a6a81e94: shutdown FollowerState
2019-11-05 08:24:04,436 [grpc-default-executor-0] INFO  impl.RoleInfo (RoleInfo.java:updateAndGet(143)) - caafcba9-090a-41f5-a5f9-cba5a6a81e94: start FollowerState
2019-11-05 08:24:04,436 [Thread-1988] INFO  impl.FollowerState (FollowerState.java:run(117)) - caafcba9-090a-41f5-a5f9-cba5a6a81e94@group-0E159EE4F99E-FollowerState was interrupted: java.lang.InterruptedException: sleep interrupted
2019-11-05 08:24:04,436 [grpc-default-executor-4] INFO  impl.RaftServerImpl (RaftServerImpl.java:setRole(184)) - b3bb9051-8089-4c51-a999-81579e5913f2@group-0E159EE4F99E: changes role from  FOLLOWER to FOLLOWER at term 131 for recognizeCandidate:a8ae9c07-6d89-4a49-a594-cacd4b776180
2019-11-05 08:24:04,437 [grpc-default-executor-4] INFO  impl.RoleInfo (RoleInfo.java:shutdownFollowerState(121)) - b3bb9051-8089-4c51-a999-81579e5913f2: shutdown FollowerState
2019-11-05 08:24:04,437 [grpc-default-executor-4] INFO  impl.RoleInfo (RoleInfo.java:updateAndGet(143)) - b3bb9051-8089-4c51-a999-81579e5913f2: start FollowerState
2019-11-05 08:24:04,437 [Thread-1989] INFO  impl.FollowerState (FollowerState.java:run(117)) - b3bb9051-8089-4c51-a999-81579e5913f2@group-0E159EE4F99E-FollowerState was interrupted: java.lang.InterruptedException: sleep interrupted
2019-11-05 08:24:04,444 [a8ae9c07-6d89-4a49-a594-cacd4b776180@group-0E159EE4F99E-LeaderElection246] INFO  impl.LeaderElection (LeaderElection.java:logAndReturn(56)) - a8ae9c07-6d89-4a49-a594-cacd4b776180@group-0E159EE4F99E-LeaderElection246: Election REJECTED; received 2 response(s) [a8ae9c07-6d89-4a49-a594-cacd4b776180<-caafcba9-090a-41f5-a5f9-cba5a6a81e94#0:FAIL-t131, a8ae9c07-6d89-4a49-a594-cacd4b776180<-b3bb9051-8089-4c51-a999-81579e5913f2#0:FAIL-t131] and 0 exception(s); a8ae9c07-6d89-4a49-a594-cacd4b776180@group-0E159EE4F99E:t131, leader=null, voted=a8ae9c07-6d89-4a49-a594-cacd4b776180, raftlog=a8ae9c07-6d89-4a49-a594-cacd4b776180@group-0E159EE4F99E-SegmentedRaftLog:OPENED:c-1,f-1,i0, conf=-1: [caafcba9-090a-41f5-a5f9-cba5a6a81e94:192.168.164.217:37197, a8ae9c07-6d89-4a49-a594-cacd4b776180:192.168.164.217:42719, b3bb9051-8089-4c51-a999-81579e5913f2:192.168.164.217:36516], old=null
2019-11-05 08:24:04,444 [a8ae9c07-6d89-4a49-a594-cacd4b776180@group-0E159EE4F99E-LeaderElection246] INFO  impl.RaftServerImpl (RaftServerImpl.java:setRole(184)) - a8ae9c07-6d89-4a49-a594-cacd4b776180@group-0E159EE4F99E: changes role from CANDIDATE to FOLLOWER at term 131 for DISCOVERED_A_NEW_TERM
2019-11-05 08:24:04,444 [a8ae9c07-6d89-4a49-a594-cacd4b776180@group-0E159EE4F99E-LeaderElection246] INFO  impl.RoleInfo (RoleInfo.java:shutdownLeaderElection(134)) - a8ae9c07-6d89-4a49-a594-cacd4b776180: shutdown LeaderElection
2019-11-05 08:24:04,444 [a8ae9c07-6d89-4a49-a594-cacd4b776180@group-0E159EE4F99E-LeaderElection246] INFO  impl.RoleInfo (RoleInfo.java:updateAndGet(143)) - a8ae9c07-6d89-4a49-a594-cacd4b776180: start FollowerState
2019-11-05 08:24:04,510 [Thread-1984] INFO  impl.FollowerState (FollowerState.java:run(108)) - 4a682f4f-c3f2-4b77-88b7-f0ab78890feb@group-0DB8C7688BF9-FollowerState: change to CANDIDATE, lastRpcTime:128ms, electionTimeout:128ms
2019-11-05 08:24:04,510 [Thread-1984] INFO  impl.RoleInfo (RoleInfo.java:shutdownFollowerState(121)) - 4a682f4f-c3f2-4b77-88b7-f0ab78890feb: shutdown FollowerState
2019-11-05 08:24:04,510 [Thread-1984] INFO  impl.RaftServerImpl (RaftServerImpl.java:setRole(184)) - 4a682f4f-c3f2-4b77-88b7-f0ab78890feb@group-0DB8C7688BF9: changes role from  FOLLOWER to CANDIDATE at term 122 for changeToCandidate
2019-11-05 08:24:04,510 [Thread-1984] INFO  impl.RoleInfo (RoleInfo.java:updateAndGet(143)) - 4a682f4f-c3f2-4b77-88b7-f0ab78890feb: start LeaderElection
2019-11-05 08:24:04,536 [4a682f4f-c3f2-4b77-88b7-f0ab78890feb@group-0DB8C7688BF9-LeaderElection247] INFO  impl.LeaderElection (LeaderElection.java:askForVotes(178)) - 4a682f4f-c3f2-4b77-88b7-f0ab78890feb@group-0DB8C7688BF9-LeaderElection247: begin an election at term 123 for -1: [77ab65e6-d942-49df-83a3-1d4c0bf152b3:192.168.164.217:39381, 7e1b84a9-a041-44fd-8008-f2679426984c:192.168.164.217:44149, 4a682f4f-c3f2-4b77-88b7-f0ab78890feb:192.168.164.217:34174], old=null
2019-11-05 08:24:04,538 [grpc-default-executor-0] INFO  impl.RaftServerImpl (RaftServerImpl.java:setRole(184)) - 77ab65e6-d942-49df-83a3-1d4c0bf152b3@group-0DB8C7688BF9: changes role from  FOLLOWER to FOLLOWER at term 123 for recognizeCandidate:4a682f4f-c3f2-4b77-88b7-f0ab78890feb
2019-11-05 08:24:04,538 [grpc-default-executor-4] INFO  impl.RaftServerImpl (RaftServerImpl.java:setRole(184)) - 7e1b84a9-a041-44fd-8008-f2679426984c@group-0DB8C7688BF9: changes role from  FOLLOWER to FOLLOWER at term 123 for recognizeCandidate:4a682f4f-c3f2-4b77-88b7-f0ab78890feb
2019-11-05 08:24:04,539 [grpc-default-executor-4] INFO  impl.RoleInfo (RoleInfo.java:shutdownFollowerState(121)) - 7e1b84a9-a041-44fd-8008-f2679426984c: shutdown FollowerState
2019-11-05 08:24:04,538 [grpc-default-executor-0] INFO  impl.RoleInfo (RoleInfo.java:shutdownFollowerState(121)) - 77ab65e6-d942-49df-83a3-1d4c0bf152b3: shutdown FollowerState
2019-11-05 08:24:04,539 [Thread-1982] INFO  impl.FollowerState (FollowerState.java:run(117)) - 7e1b84a9-a041-44fd-8008-f2679426984c@group-0DB8C7688BF9-FollowerState was interrupted: java.lang.InterruptedException: sleep interrupted
2019-11-05 08:24:04,539 [grpc-default-executor-4] INFO  impl.RoleInfo (RoleInfo.java:updateAndGet(143)) - 7e1b84a9-a041-44fd-8008-f2679426984c: start FollowerState
2019-11-05 08:24:04,539 [Thread-1983] INFO  impl.FollowerState (FollowerState.java:run(117)) - 77ab65e6-d942-49df-83a3-1d4c0bf152b3@group-0DB8C7688BF9-FollowerState was interrupted: java.lang.InterruptedException: sleep interrupted
2019-11-05 08:24:04,539 [grpc-default-executor-0] INFO  impl.RoleInfo (RoleInfo.java:updateAndGet(143)) - 77ab65e6-d942-49df-83a3-1d4c0bf152b3: start FollowerState
2019-11-05 08:24:04,552 [4a682f4f-c3f2-4b77-88b7-f0ab78890feb@group-0DB8C7688BF9-LeaderElection247] INFO  impl.LeaderElection (LeaderElection.java:logAndReturn(56)) - 4a682f4f-c3f2-4b77-88b7-f0ab78890feb@group-0DB8C7688BF9-LeaderElection247: Election REJECTED; received 2 response(s) [4a682f4f-c3f2-4b77-88b7-f0ab78890feb<-77ab65e6-d942-49df-83a3-1d4c0bf152b3#0:FAIL-t123, 4a682f4f-c3f2-4b77-88b7-f0ab78890feb<-7e1b84a9-a041-44fd-8008-f2679426984c#0:FAIL-t123] and 0 exception(s); 4a682f4f-c3f2-4b77-88b7-f0ab78890feb@group-0DB8C7688BF9:t123, leader=null, voted=4a682f4f-c3f2-4b77-88b7-f0ab78890feb, raftlog=4a682f4f-c3f2-4b77-88b7-f0ab78890feb@group-0DB8C7688BF9-SegmentedRaftLog:OPENED:c-1,f-1,i0, conf=-1: [77ab65e6-d942-49df-83a3-1d4c0bf152b3:192.168.164.217:39381, 7e1b84a9-a041-44fd-8008-f2679426984c:192.168.164.217:44149, 4a682f4f-c3f2-4b77-88b7-f0ab78890feb:192.168.164.217:34174], old=null
2019-11-05 08:24:04,552 [4a682f4f-c3f2-4b77-88b7-f0ab78890feb@group-0DB8C7688BF9-LeaderElection247] INFO  impl.RaftServerImpl (RaftServerImpl.java:setRole(184)) - 4a682f4f-c3f2-4b77-88b7-f0ab78890feb@group-0DB8C7688BF9: changes role from CANDIDATE to FOLLOWER at term 123 for DISCOVERED_A_NEW_TERM
2019-11-05 08:24:04,552 [4a682f4f-c3f2-4b77-88b7-f0ab78890feb@group-0DB8C7688BF9-LeaderElection247] INFO  impl.RoleInfo (RoleInfo.java:shutdownLeaderElection(134)) - 4a682f4f-c3f2-4b77-88b7-f0ab78890feb: shutdown LeaderElection
2019-11-05 08:24:04,552 [4a682f4f-c3f2-4b77-88b7-f0ab78890feb@group-0DB8C7688BF9-LeaderElection247] INFO  impl.RoleInfo (RoleInfo.java:updateAndGet(143)) - 4a682f4f-c3f2-4b77-88b7-f0ab78890feb: start FollowerState
2019-11-05 08:24:04,553 [Thread-1994] INFO  impl.FollowerState (FollowerState.java:run(108)) - a8ae9c07-6d89-4a49-a594-cacd4b776180@group-0E159EE4F99E-FollowerState: change to CANDIDATE, lastRpcTime:108ms, electionTimeout:108ms
2019-11-05 08:24:04,553 [Thread-1994] INFO  impl.RoleInfo (RoleInfo.java:shutdownFollowerState(121)) - a8ae9c07-6d89-4a49-a594-cacd4b776180: shutdown FollowerState
2019-11-05 08:24:04,553 [Thread-1994] INFO  impl.RaftServerImpl (RaftServerImpl.java:setRole(184)) - a8ae9c07-6d89-4a49-a594-cacd4b776180@group-0E159EE4F99E: changes role from  FOLLOWER to CANDIDATE at term 131 for changeToCandidate
2019-11-05 08:24:04,553 [Thread-1994] INFO  impl.RoleInfo (RoleInfo.java:updateAndGet(143)) - a8ae9c07-6d89-4a49-a594-cacd4b776180: start LeaderElection
2019-11-05 08:24:04,565 [a8ae9c07-6d89-4a49-a594-cacd4b776180@group-0E159EE4F99E-LeaderElection248] INFO  impl.LeaderElection (LeaderElection.java:askForVotes(178)) - a8ae9c07-6d89-4a49-a594-cacd4b776180@group-0E159EE4F99E-LeaderElection248: begin an election at term 132 for -1: [caafcba9-090a-41f5-a5f9-cba5a6a81e94:192.168.164.217:37197, a8ae9c07-6d89-4a49-a594-cacd4b776180:192.168.164.217:42719, b3bb9051-8089-4c51-a999-81579e5913f2:192.168.164.217:36516], old=null
2019-11-05 08:24:04,567 [grpc-default-executor-0] INFO  impl.RaftServerImpl (RaftServerImpl.java:setRole(184)) - caafcba9-090a-41f5-a5f9-cba5a6a81e94@group-0E159EE4F99E: changes role from  FOLLOWER to FOLLOWER at term 132 for recognizeCandidate:a8ae9c07-6d89-4a49-a594-cacd4b776180
2019-11-05 08:24:04,567 [grpc-default-executor-0] INFO  impl.RoleInfo (RoleInfo.java:shutdownFollowerState(121)) - caafcba9-090a-41f5-a5f9-cba5a6a81e94: shutdown FollowerState
2019-11-05 08:24:04,567 [grpc-default-executor-4] INFO  impl.RaftServerImpl (RaftServerImpl.java:setRole(184)) - b3bb9051-8089-4c51-a999-81579e5913f2@group-0E159EE4F99E: changes role from  FOLLOWER to FOLLOWER at term 132 for recognizeCandidate:a8ae9c07-6d89-4a49-a594-cacd4b776180
2019-11-05 08:24:04,567 [grpc-default-executor-4] INFO  impl.RoleInfo (RoleInfo.java:shutdownFollowerState(121)) - b3bb9051-8089-4c51-a999-81579e5913f2: shutdown FollowerState
2019-11-05 08:24:04,567 [Thread-1992] INFO  impl.FollowerState (FollowerState.java:run(117)) - caafcba9-090a-41f5-a5f9-cba5a6a81e94@group-0E159EE4F99E-FollowerState was interrupted: java.lang.InterruptedException: sleep interrupted
2019-11-05 08:24:04,567 [grpc-default-executor-0] INFO  impl.RoleInfo (RoleInfo.java:updateAndGet(143)) - caafcba9-090a-41f5-a5f9-cba5a6a81e94: start FollowerState
2019-11-05 08:24:04,567 [Thread-1993] INFO  impl.FollowerState (FollowerState.java:run(117)) - b3bb9051-8089-4c51-a999-81579e5913f2@group-0E159EE4F99E-FollowerState was interrupted: java.lang.InterruptedException: sleep interrupted
2019-11-05 08:24:04,567 [grpc-default-executor-4] INFO  impl.RoleInfo (RoleInfo.java:updateAndGet(143)) - b3bb9051-8089-4c51-a999-81579e5913f2: start FollowerState
2019-11-05 08:24:04,582 [a8ae9c07-6d89-4a49-a594-cacd4b776180@group-0E159EE4F99E-LeaderElection248] INFO  impl.LeaderElection (LeaderElection.java:logAndReturn(56)) - a8ae9c07-6d89-4a49-a594-cacd4b776180@group-0E159EE4F99E-LeaderElection248: Election REJECTED; received 2 response(s) [a8ae9c07-6d89-4a49-a594-cacd4b776180<-caafcba9-090a-41f5-a5f9-cba5a6a81e94#0:FAIL-t132, a8ae9c07-6d89-4a49-a594-cacd4b776180<-b3bb9051-8089-4c51-a999-81579e5913f2#0:FAIL-t132] and 0 exception(s); a8ae9c07-6d89-4a49-a594-cacd4b776180@group-0E159EE4F99E:t132, leader=null, voted=a8ae9c07-6d89-4a49-a594-cacd4b776180, raftlog=a8ae9c07-6d89-4a49-a594-cacd4b776180@group-0E159EE4F99E-SegmentedRaftLog:OPENED:c-1,f-1,i0, conf=-1: [caafcba9-090a-41f5-a5f9-cba5a6a81e94:192.168.164.217:37197, a8ae9c07-6d89-4a49-a594-cacd4b776180:192.168.164.217:42719, b3bb9051-8089-4c51-a999-81579e5913f2:192.168.164.217:36516], old=null
2019-11-05 08:24:04,582 [a8ae9c07-6d89-4a49-a594-cacd4b776180@group-0E159EE4F99E-LeaderElection248] INFO  impl.RaftServerImpl (RaftServerImpl.java:setRole(184)) - a8ae9c07-6d89-4a49-a594-cacd4b776180@group-0E159EE4F99E: changes role from CANDIDATE to FOLLOWER at term 132 for DISCOVERED_A_NEW_TERM
2019-11-05 08:24:04,582 [a8ae9c07-6d89-4a49-a594-cacd4b776180@group-0E159EE4F99E-LeaderElection248] INFO  impl.RoleInfo (RoleInfo.java:shutdownLeaderElection(134)) - a8ae9c07-6d89-4a49-a594-cacd4b776180: shutdown LeaderElection
2019-11-05 08:24:04,582 [a8ae9c07-6d89-4a49-a594-cacd4b776180@group-0E159EE4F99E-LeaderElection248] INFO  impl.RoleInfo (RoleInfo.java:updateAndGet(143)) - a8ae9c07-6d89-4a49-a594-cacd4b776180: start FollowerState
2019-11-05 08:24:04,729 [Thread-2006] INFO  impl.FollowerState (FollowerState.java:run(108)) - a8ae9c07-6d89-4a49-a594-cacd4b776180@group-0E159EE4F99E-FollowerState: change to CANDIDATE, lastRpcTime:147ms, electionTimeout:147ms
2019-11-05 08:24:04,729 [Thread-2006] INFO  impl.RoleInfo (RoleInfo.java:shutdownFollowerState(121)) - a8ae9c07-6d89-4a49-a594-cacd4b776180: shutdown FollowerState
2019-11-05 08:24:04,729 [Thread-2006] INFO  impl.RaftServerImpl (RaftServerImpl.java:setRole(184)) - a8ae9c07-6d89-4a49-a594-cacd4b776180@group-0E159EE4F99E: changes role from  FOLLOWER to CANDIDATE at term 132 for changeToCandidate
2019-11-05 08:24:04,730 [Thread-2006] INFO  impl.RoleInfo (RoleInfo.java:updateAndGet(143)) - a8ae9c07-6d89-4a49-a594-cacd4b776180: start LeaderElection
2019-11-05 08:24:04,740 [Thread-2000] INFO  impl.FollowerState (FollowerState.java:run(108)) - 4a682f4f-c3f2-4b77-88b7-f0ab78890feb@group-0DB8C7688BF9-FollowerState: change to CANDIDATE, lastRpcTime:188ms, electionTimeout:188ms
2019-11-05 08:24:04,741 [Thread-2000] INFO  impl.RoleInfo (RoleInfo.java:shutdownFollowerState(121)) - 4a682f4f-c3f2-4b77-88b7-f0ab78890feb: shutdown FollowerState
2019-11-05 08:24:04,741 [Thread-2000] INFO  impl.RaftServerImpl (RaftServerImpl.java:setRole(184)) - 4a682f4f-c3f2-4b77-88b7-f0ab78890feb@group-0DB8C7688BF9: changes role from  FOLLOWER to CANDIDATE at term 123 for changeToCandidate
2019-11-05 08:24:04,741 [Thread-2000] INFO  impl.RoleInfo (RoleInfo.java:updateAndGet(143)) - 4a682f4f-c3f2-4b77-88b7-f0ab78890feb: start LeaderElection
2019-11-05 08:24:04,755 [a8ae9c07-6d89-4a49-a594-cacd4b776180@group-0E159EE4F99E-LeaderElection249] INFO  impl.LeaderElection (LeaderElection.java:askForVotes(178)) - a8ae9c07-6d89-4a49-a594-cacd4b776180@group-0E159EE4F99E-LeaderElection249: begin an election at term 133 for -1: [caafcba9-090a-41f5-a5f9-cba5a6a81e94:192.168.164.217:37197, a8ae9c07-6d89-4a49-a594-cacd4b776180:192.168.164.217:42719, b3bb9051-8089-4c51-a999-81579e5913f2:192.168.164.217:36516], old=null
2019-11-05 08:24:04,756 [4a682f4f-c3f2-4b77-88b7-f0ab78890feb@group-0DB8C7688BF9-LeaderElection250] INFO  impl.LeaderElection (LeaderElection.java:askForVotes(178)) - 4a682f4f-c3f2-4b77-88b7-f0ab78890feb@group-0DB8C7688BF9-LeaderElection250: begin an election at term 124 for -1: [77ab65e6-d942-49df-83a3-1d4c0bf152b3:192.168.164.217:39381, 7e1b84a9-a041-44fd-8008-f2679426984c:192.168.164.217:44149, 4a682f4f-c3f2-4b77-88b7-f0ab78890feb:192.168.164.217:34174], old=null
2019-11-05 08:24:04,758 [grpc-default-executor-0] INFO  impl.RaftServerImpl (RaftServerImpl.java:setRole(184)) - caafcba9-090a-41f5-a5f9-cba5a6a81e94@group-0E159EE4F99E: changes role from  FOLLOWER to FOLLOWER at term 133 for recognizeCandidate:a8ae9c07-6d89-4a49-a594-cacd4b776180
2019-11-05 08:24:04,758 [grpc-default-executor-0] INFO  impl.RoleInfo (RoleInfo.java:shutdownFollowerState(121)) - caafcba9-090a-41f5-a5f9-cba5a6a81e94: shutdown FollowerState
2019-11-05 08:24:04,758 [grpc-default-executor-4] INFO  impl.RaftServerImpl (RaftServerImpl.java:setRole(184)) - b3bb9051-8089-4c51-a999-81579e5913f2@group-0E159EE4F99E: changes role from  FOLLOWER to FOLLOWER at term 133 for recognizeCandidate:a8ae9c07-6d89-4a49-a594-cacd4b776180
2019-11-05 08:24:04,758 [Thread-2004] INFO  impl.FollowerState (FollowerState.java:run(117)) - caafcba9-090a-41f5-a5f9-cba5a6a81e94@group-0E159EE4F99E-FollowerState was interrupted: java.lang.InterruptedException: sleep interrupted
2019-11-05 08:24:04,758 [grpc-default-executor-0] INFO  impl.RoleInfo (RoleInfo.java:updateAndGet(143)) - caafcba9-090a-41f5-a5f9-cba5a6a81e94: start FollowerState
2019-11-05 08:24:04,758 [grpc-default-executor-4] INFO  impl.RoleInfo (RoleInfo.java:shutdownFollowerState(121)) - b3bb9051-8089-4c51-a999-81579e5913f2: shutdown FollowerState
2019-11-05 08:24:04,759 [grpc-default-executor-4] INFO  impl.RoleInfo (RoleInfo.java:updateAndGet(143)) - b3bb9051-8089-4c51-a999-81579e5913f2: start FollowerState
2019-11-05 08:24:04,759 [Thread-2005] INFO  impl.FollowerState (FollowerState.java:run(117)) - b3bb9051-8089-4c51-a999-81579e5913f2@group-0E159EE4F99E-FollowerState was interrupted: java.lang.InterruptedException: sleep interrupted
2019-11-05 08:24:04,759 [grpc-default-executor-5] INFO  impl.RaftServerImpl (RaftServerImpl.java:setRole(184)) - 77ab65e6-d942-49df-83a3-1d4c0bf152b3@group-0DB8C7688BF9: changes role from  FOLLOWER to FOLLOWER at term 124 for recognizeCandidate:4a682f4f-c3f2-4b77-88b7-f0ab78890feb
2019-11-05 08:24:04,759 [grpc-default-executor-5] INFO  impl.RoleInfo (RoleInfo.java:shutdownFollowerState(121)) - 77ab65e6-d942-49df-83a3-1d4c0bf152b3: shutdown FollowerState
2019-11-05 08:24:04,759 [grpc-default-executor-1] INFO  impl.RaftServerImpl (RaftServerImpl.java:setRole(184)) - 7e1b84a9-a041-44fd-8008-f2679426984c@group-0DB8C7688BF9: changes role from  FOLLOWER to FOLLOWER at term 124 for recognizeCandidate:4a682f4f-c3f2-4b77-88b7-f0ab78890feb
2019-11-05 08:24:04,759 [Thread-1999] INFO  impl.FollowerState (FollowerState.java:run(117)) - 77ab65e6-d942-49df-83a3-1d4c0bf152b3@group-0DB8C7688BF9-FollowerState was interrupted: java.lang.InterruptedException: sleep interrupted
2019-11-05 08:24:04,759 [grpc-default-executor-5] INFO  impl.RoleInfo (RoleInfo.java:updateAndGet(143)) - 77ab65e6-d942-49df-83a3-1d4c0bf152b3: start FollowerState
2019-11-05 08:24:04,760 [grpc-default-executor-1] INFO  impl.RoleInfo (RoleInfo.java:shutdownFollowerState(121)) - 7e1b84a9-a041-44fd-8008-f2679426984c: shutdown FollowerState
2019-11-05 08:24:04,760 [grpc-default-executor-1] INFO  impl.RoleInfo (RoleInfo.java:updateAndGet(143)) - 7e1b84a9-a041-44fd-8008-f2679426984c: start FollowerState
2019-11-05 08:24:04,760 [Thread-1998] INFO  impl.FollowerState (FollowerState.java:run(117)) - 7e1b84a9-a041-44fd-8008-f2679426984c@group-0DB8C7688BF9-FollowerState was interrupted: java.lang.InterruptedException: sleep interrupted
2019-11-05 08:24:04,764 [a8ae9c07-6d89-4a49-a594-cacd4b776180@group-0E159EE4F99E-LeaderElection249] INFO  impl.LeaderElection (LeaderElection.java:logAndReturn(56)) - a8ae9c07-6d89-4a49-a594-cacd4b776180@group-0E159EE4F99E-LeaderElection249: Election REJECTED; received 2 response(s) [a8ae9c07-6d89-4a49-a594-cacd4b776180<-caafcba9-090a-41f5-a5f9-cba5a6a81e94#0:FAIL-t133, a8ae9c07-6d89-4a49-a594-cacd4b776180<-b3bb9051-8089-4c51-a999-81579e5913f2#0:FAIL-t133] and 0 exception(s); a8ae9c07-6d89-4a49-a594-cacd4b776180@group-0E159EE4F99E:t133, leader=null, voted=a8ae9c07-6d89-4a49-a594-cacd4b776180, raftlog=a8ae9c07-6d89-4a49-a594-cacd4b776180@group-0E159EE4F99E-SegmentedRaftLog:OPENED:c-1,f-1,i0, conf=-1: [caafcba9-090a-41f5-a5f9-cba5a6a81e94:192.168.164.217:37197, a8ae9c07-6d89-4a49-a594-cacd4b776180:192.168.164.217:42719, b3bb9051-8089-4c51-a999-81579e5913f2:192.168.164.217:36516], old=null
2019-11-05 08:24:04,764 [4a682f4f-c3f2-4b77-88b7-f0ab78890feb@group-0DB8C7688BF9-LeaderElection250] INFO  impl.LeaderElection (LeaderElection.java:logAndReturn(56)) - 4a682f4f-c3f2-4b77-88b7-f0ab78890feb@group-0DB8C7688BF9-LeaderElection250: Election REJECTED; received 2 response(s) [4a682f4f-c3f2-4b77-88b7-f0ab78890feb<-77ab65e6-d942-49df-83a3-1d4c0bf152b3#0:FAIL-t124, 4a682f4f-c3f2-4b77-88b7-f0ab78890feb<-7e1b84a9-a041-44fd-8008-f2679426984c#0:FAIL-t124] and 0 exception(s); 4a682f4f-c3f2-4b77-88b7-f0ab78890feb@group-0DB8C7688BF9:t124, leader=null, voted=4a682f4f-c3f2-4b77-88b7-f0ab78890feb, raftlog=4a682f4f-c3f2-4b77-88b7-f0ab78890feb@group-0DB8C7688BF9-SegmentedRaftLog:OPENED:c-1,f-1,i0, conf=-1: [77ab65e6-d942-49df-83a3-1d4c0bf152b3:192.168.164.217:39381, 7e1b84a9-a041-44fd-8008-f2679426984c:192.168.164.217:44149, 4a682f4f-c3f2-4b77-88b7-f0ab78890feb:192.168.164.217:34174], old=null
2019-11-05 08:24:04,764 [a8ae9c07-6d89-4a49-a594-cacd4b776180@group-0E159EE4F99E-LeaderElection249] INFO  impl.RaftServerImpl (RaftServerImpl.java:setRole(184)) - a8ae9c07-6d89-4a49-a594-cacd4b776180@group-0E159EE4F99E: changes role from CANDIDATE to FOLLOWER at term 133 for DISCOVERED_A_NEW_TERM
2019-11-05 08:24:04,764 [4a682f4f-c3f2-4b77-88b7-f0ab78890feb@group-0DB8C7688BF9-LeaderElection250] INFO  impl.RaftServerImpl (RaftServerImpl.java:setRole(184)) - 4a682f4f-c3f2-4b77-88b7-f0ab78890feb@group-0DB8C7688BF9: changes role from CANDIDATE to FOLLOWER at term 124 for DISCOVERED_A_NEW_TERM
2019-11-05 08:24:04,764 [a8ae9c07-6d89-4a49-a594-cacd4b776180@group-0E159EE4F99E-LeaderElection249] INFO  impl.RoleInfo (RoleInfo.java:shutdownLeaderElection(134)) - a8ae9c07-6d89-4a49-a594-cacd4b776180: shutdown LeaderElection
2019-11-05 08:24:04,764 [4a682f4f-c3f2-4b77-88b7-f0ab78890feb@group-0DB8C7688BF9-LeaderElection250] INFO  impl.RoleInfo (RoleInfo.java:shutdownLeaderElection(134)) - 4a682f4f-c3f2-4b77-88b7-f0ab78890feb: shutdown LeaderElection
2019-11-05 08:24:04,764 [a8ae9c07-6d89-4a49-a594-cacd4b776180@group-0E159EE4F99E-LeaderElection249] INFO  impl.RoleInfo (RoleInfo.java:updateAndGet(143)) - a8ae9c07-6d89-4a49-a594-cacd4b776180: start FollowerState
2019-11-05 08:24:04,765 [4a682f4f-c3f2-4b77-88b7-f0ab78890feb@group-0DB8C7688BF9-LeaderElection250] INFO  impl.RoleInfo (RoleInfo.java:updateAndGet(143)) - 4a682f4f-c3f2-4b77-88b7-f0ab78890feb: start FollowerState
2019-11-05 08:24:04,776 [Thread-2019] INFO  impl.FollowerState (FollowerState.java:run(108)) - a8ae9c07-6d89-4a49-a594-cacd4b776180@group-0E159EE4F99E-FollowerState: change to CANDIDATE, lastRpcTime:11ms, electionTimeout:11ms
2019-11-05 08:24:04,776 [Thread-2019] INFO  impl.RoleInfo (RoleInfo.java:shutdownFollowerState(121)) - a8ae9c07-6d89-4a49-a594-cacd4b776180: shutdown FollowerState
2019-11-05 08:24:04,776 [Thread-2019] INFO  impl.RaftServerImpl (RaftServerImpl.java:setRole(184)) - a8ae9c07-6d89-4a49-a594-cacd4b776180@group-0E159EE4F99E: changes role from  FOLLOWER to CANDIDATE at term 133 for changeToCandidate
2019-11-05 08:24:04,776 [Thread-2019] INFO  impl.RoleInfo (RoleInfo.java:updateAndGet(143)) - a8ae9c07-6d89-4a49-a594-cacd4b776180: start LeaderElection
2019-11-05 08:24:04,783 [a8ae9c07-6d89-4a49-a594-cacd4b776180@group-0E159EE4F99E-LeaderElection251] INFO  impl.LeaderElection (LeaderElection.java:askForVotes(178)) - a8ae9c07-6d89-4a49-a594-cacd4b776180@group-0E159EE4F99E-LeaderElection251: begin an election at term 134 for -1: [caafcba9-090a-41f5-a5f9-cba5a6a81e94:192.168.164.217:37197, a8ae9c07-6d89-4a49-a594-cacd4b776180:192.168.164.217:42719, b3bb9051-8089-4c51-a999-81579e5913f2:192.168.164.217:36516], old=null
2019-11-05 08:24:04,785 [grpc-default-executor-5] INFO  impl.RaftServerImpl (RaftServerImpl.java:setRole(184)) - caafcba9-090a-41f5-a5f9-cba5a6a81e94@group-0E159EE4F99E: changes role from  FOLLOWER to FOLLOWER at term 134 for recognizeCandidate:a8ae9c07-6d89-4a49-a594-cacd4b776180
2019-11-05 08:24:04,785 [grpc-default-executor-5] INFO  impl.RoleInfo (RoleInfo.java:shutdownFollowerState(121)) - caafcba9-090a-41f5-a5f9-cba5a6a81e94: shutdown FollowerState
2019-11-05 08:24:04,785 [grpc-default-executor-5] INFO  impl.RoleInfo (RoleInfo.java:updateAndGet(143)) - caafcba9-090a-41f5-a5f9-cba5a6a81e94: start FollowerState
2019-11-05 08:24:04,785 [Thread-2015] INFO  impl.FollowerState (FollowerState.java:run(117)) - caafcba9-090a-41f5-a5f9-cba5a6a81e94@group-0E159EE4F99E-FollowerState was interrupted: java.lang.InterruptedException: sleep interrupted
2019-11-05 08:24:04,785 [grpc-default-executor-1] INFO  impl.RaftServerImpl (RaftServerImpl.java:setRole(184)) - b3bb9051-8089-4c51-a999-81579e5913f2@group-0E159EE4F99E: changes role from  FOLLOWER to FOLLOWER at term 134 for recognizeCandidate:a8ae9c07-6d89-4a49-a594-cacd4b776180
2019-11-05 08:24:04,785 [grpc-default-executor-1] INFO  impl.RoleInfo (RoleInfo.java:shutdownFollowerState(121)) - b3bb9051-8089-4c51-a999-81579e5913f2: shutdown FollowerState
2019-11-05 08:24:04,785 [grpc-default-executor-1] INFO  impl.RoleInfo (RoleInfo.java:updateAndGet(143)) - b3bb9051-8089-4c51-a999-81579e5913f2: start FollowerState
2019-11-05 08:24:04,785 [Thread-2016] INFO  impl.FollowerState (FollowerState.java:run(117)) - b3bb9051-8089-4c51-a999-81579e5913f2@group-0E159EE4F99E-FollowerState was interrupted: java.lang.InterruptedException: sleep interrupted
2019-11-05 08:24:04,792 [a8ae9c07-6d89-4a49-a594-cacd4b776180@group-0E159EE4F99E-LeaderElection251] INFO  impl.LeaderElection (LeaderElection.java:logAndReturn(56)) - a8ae9c07-6d89-4a49-a594-cacd4b776180@group-0E159EE4F99E-LeaderElection251: Election REJECTED; received 2 response(s) [a8ae9c07-6d89-4a49-a594-cacd4b776180<-caafcba9-090a-41f5-a5f9-cba5a6a81e94#0:FAIL-t134, a8ae9c07-6d89-4a49-a594-cacd4b776180<-b3bb9051-8089-4c51-a999-81579e5913f2#0:FAIL-t134] and 0 exception(s); a8ae9c07-6d89-4a49-a594-cacd4b776180@group-0E159EE4F99E:t134, leader=null, voted=a8ae9c07-6d89-4a49-a594-cacd4b776180, raftlog=a8ae9c07-6d89-4a49-a594-cacd4b776180@group-0E159EE4F99E-SegmentedRaftLog:OPENED:c-1,f-1,i0, conf=-1: [caafcba9-090a-41f5-a5f9-cba5a6a81e94:192.168.164.217:37197, a8ae9c07-6d89-4a49-a594-cacd4b776180:192.168.164.217:42719, b3bb9051-8089-4c51-a999-81579e5913f2:192.168.164.217:36516], old=null
2019-11-05 08:24:04,792 [a8ae9c07-6d89-4a49-a594-cacd4b776180@group-0E159EE4F99E-LeaderElection251] INFO  impl.RaftServerImpl (RaftServerImpl.java:setRole(184)) - a8ae9c07-6d89-4a49-a594-cacd4b776180@group-0E159EE4F99E: changes role from CANDIDATE to FOLLOWER at term 134 for DISCOVERED_A_NEW_TERM
2019-11-05 08:24:04,792 [a8ae9c07-6d89-4a49-a594-cacd4b776180@group-0E159EE4F99E-LeaderElection251] INFO  impl.RoleInfo (RoleInfo.java:shutdownLeaderElection(134)) - a8ae9c07-6d89-4a49-a594-cacd4b776180: shutdown LeaderElection
2019-11-05 08:24:04,792 [a8ae9c07-6d89-4a49-a594-cacd4b776180@group-0E159EE4F99E-LeaderElection251] INFO  impl.RoleInfo (RoleInfo.java:updateAndGet(143)) - a8ae9c07-6d89-4a49-a594-cacd4b776180: start FollowerState
2019-11-05 08:24:04,817 [Thread-2020] INFO  impl.FollowerState (FollowerState.java:run(108)) - 4a682f4f-c3f2-4b77-88b7-f0ab78890feb@group-0DB8C7688BF9-FollowerState: change to CANDIDATE, lastRpcTime:52ms, electionTimeout:52ms
2019-11-05 08:24:04,817 [Thread-2020] INFO  impl.RoleInfo (RoleInfo.java:shutdownFollowerState(121)) - 4a682f4f-c3f2-4b77-88b7-f0ab78890feb: shutdown FollowerState
2019-11-05 08:24:04,817 [Thread-2020] INFO  impl.RaftServerImpl (RaftServerImpl.java:setRole(184)) - 4a682f4f-c3f2-4b77-88b7-f0ab78890feb@group-0DB8C7688BF9: changes role from  FOLLOWER to CANDIDATE at term 124 for changeToCandidate
2019-11-05 08:24:04,817 [Thread-2020] INFO  impl.RoleInfo (RoleInfo.java:updateAndGet(143)) - 4a682f4f-c3f2-4b77-88b7-f0ab78890feb: start LeaderElection
2019-11-05 08:24:04,831 [4a682f4f-c3f2-4b77-88b7-f0ab78890feb@group-0DB8C7688BF9-LeaderElection252] INFO  impl.LeaderElection (LeaderElection.java:askForVotes(178)) - 4a682f4f-c3f2-4b77-88b7-f0ab78890feb@group-0DB8C7688BF9-LeaderElection252: begin an election at term 125 for -1: [77ab65e6-d942-49df-83a3-1d4c0bf152b3:192.168.164.217:39381, 7e1b84a9-a041-44fd-8008-f2679426984c:192.168.164.217:44149, 4a682f4f-c3f2-4b77-88b7-f0ab78890feb:192.168.164.217:34174], old=null
2019-11-05 08:24:04,833 [grpc-default-executor-1] INFO  impl.RaftServerImpl (RaftServerImpl.java:setRole(184)) - 77ab65e6-d942-49df-83a3-1d4c0bf152b3@group-0DB8C7688BF9: changes role from  FOLLOWER to FOLLOWER at term 125 for recognizeCandidate:4a682f4f-c3f2-4b77-88b7-f0ab78890feb
2019-11-05 08:24:04,833 [grpc-default-executor-1] INFO  impl.RoleInfo (RoleInfo.java:shutdownFollowerState(121)) - 77ab65e6-d942-49df-83a3-1d4c0bf152b3: shutdown FollowerState
2019-11-05 08:24:04,833 [grpc-default-executor-5] INFO  impl.RaftServerImpl (RaftServerImpl.java:setRole(184)) - 7e1b84a9-a041-44fd-8008-f2679426984c@group-0DB8C7688BF9: changes role from  FOLLOWER to FOLLOWER at term 125 for recognizeCandidate:4a682f4f-c3f2-4b77-88b7-f0ab78890feb
2019-11-05 08:24:04,833 [Thread-2017] INFO  impl.FollowerState (FollowerState.java:run(117)) - 77ab65e6-d942-49df-83a3-1d4c0bf152b3@group-0DB8C7688BF9-FollowerState was interrupted: java.lang.InterruptedException: sleep interrupted
2019-11-05 08:24:04,833 [grpc-default-executor-1] INFO  impl.RoleInfo (RoleInfo.java:updateAndGet(143)) - 77ab65e6-d942-49df-83a3-1d4c0bf152b3: start FollowerState
2019-11-05 08:24:04,833 [grpc-default-executor-5] INFO  impl.RoleInfo (RoleInfo.java:shutdownFollowerState(121)) - 7e1b84a9-a041-44fd-8008-f2679426984c: shutdown FollowerState
2019-11-05 08:24:04,834 [Thread-2018] INFO  impl.FollowerState (FollowerState.java:run(117)) - 7e1b84a9-a041-44fd-8008-f2679426984c@group-0DB8C7688BF9-FollowerState was interrupted: java.lang.InterruptedException: sleep interrupted
2019-11-05 08:24:04,834 [grpc-default-executor-5] INFO  impl.RoleInfo (RoleInfo.java:updateAndGet(143)) - 7e1b84a9-a041-44fd-8008-f2679426984c: start FollowerState
2019-11-05 08:24:04,847 [4a682f4f-c3f2-4b77-88b7-f0ab78890feb@group-0DB8C7688BF9-LeaderElection252] INFO  impl.LeaderElection (LeaderElection.java:logAndReturn(56)) - 4a682f4f-c3f2-4b77-88b7-f0ab78890feb@group-0DB8C7688BF9-LeaderElection252: Election REJECTED; received 2 response(s) [4a682f4f-c3f2-4b77-88b7-f0ab78890feb<-77ab65e6-d942-49df-83a3-1d4c0bf152b3#0:FAIL-t125, 4a682f4f-c3f2-4b77-88b7-f0ab78890feb<-7e1b84a9-a041-44fd-8008-f2679426984c#0:FAIL-t125] and 0 exception(s); 4a682f4f-c3f2-4b77-88b7-f0ab78890feb@group-0DB8C7688BF9:t125, leader=null, voted=4a682f4f-c3f2-4b77-88b7-f0ab78890feb, raftlog=4a682f4f-c3f2-4b77-88b7-f0ab78890feb@group-0DB8C7688BF9-SegmentedRaftLog:OPENED:c-1,f-1,i0, conf=-1: [77ab65e6-d942-49df-83a3-1d4c0bf152b3:192.168.164.217:39381, 7e1b84a9-a041-44fd-8008-f2679426984c:192.168.164.217:44149, 4a682f4f-c3f2-4b77-88b7-f0ab78890feb:192.168.164.217:34174], old=null
2019-11-05 08:24:04,848 [4a682f4f-c3f2-4b77-88b7-f0ab78890feb@group-0DB8C7688BF9-LeaderElection252] INFO  impl.RaftServerImpl (RaftServerImpl.java:setRole(184)) - 4a682f4f-c3f2-4b77-88b7-f0ab78890feb@group-0DB8C7688BF9: changes role from CANDIDATE to FOLLOWER at term 125 for DISCOVERED_A_NEW_TERM
2019-11-05 08:24:04,848 [4a682f4f-c3f2-4b77-88b7-f0ab78890feb@group-0DB8C7688BF9-LeaderElection252] INFO  impl.RoleInfo (RoleInfo.java:shutdownLeaderElection(134)) - 4a682f4f-c3f2-4b77-88b7-f0ab78890feb: shutdown LeaderElection
2019-11-05 08:24:04,848 [4a682f4f-c3f2-4b77-88b7-f0ab78890feb@group-0DB8C7688BF9-LeaderElection252] INFO  impl.RoleInfo (RoleInfo.java:updateAndGet(143)) - 4a682f4f-c3f2-4b77-88b7-f0ab78890feb: start FollowerState
2019-11-05 08:24:04,959 [Thread-2026] INFO  impl.FollowerState (FollowerState.java:run(108)) - a8ae9c07-6d89-4a49-a594-cacd4b776180@group-0E159EE4F99E-FollowerState: change to CANDIDATE, lastRpcTime:166ms, electionTimeout:166ms
2019-11-05 08:24:04,959 [Thread-2026] INFO  impl.RoleInfo (RoleInfo.java:shutdownFollowerState(121)) - a8ae9c07-6d89-4a49-a594-cacd4b776180: shutdown FollowerState
2019-11-05 08:24:04,959 [Thread-2026] INFO  impl.RaftServerImpl (RaftServerImpl.java:setRole(184)) - a8ae9c07-6d89-4a49-a594-cacd4b776180@group-0E159EE4F99E: changes role from  FOLLOWER to CANDIDATE at term 134 for changeToCandidate
2019-11-05 08:24:04,959 [Thread-2026] INFO  impl.RoleInfo (RoleInfo.java:updateAndGet(143)) - a8ae9c07-6d89-4a49-a594-cacd4b776180: start LeaderElection
2019-11-05 08:24:04,973 [a8ae9c07-6d89-4a49-a594-cacd4b776180@group-0E159EE4F99E-LeaderElection253] INFO  impl.LeaderElection (LeaderElection.java:askForVotes(178)) - a8ae9c07-6d89-4a49-a594-cacd4b776180@group-0E159EE4F99E-LeaderElection253: begin an election at term 135 for -1: [caafcba9-090a-41f5-a5f9-cba5a6a81e94:192.168.164.217:37197, a8ae9c07-6d89-4a49-a594-cacd4b776180:192.168.164.217:42719, b3bb9051-8089-4c51-a999-81579e5913f2:192.168.164.217:36516], old=null
2019-11-05 08:24:04,976 [grpc-default-executor-1] INFO  impl.RaftServerImpl (RaftServerImpl.java:setRole(184)) - caafcba9-090a-41f5-a5f9-cba5a6a81e94@group-0E159EE4F99E: changes role from  FOLLOWER to FOLLOWER at term 135 for recognizeCandidate:a8ae9c07-6d89-4a49-a594-cacd4b776180
2019-11-05 08:24:04,976 [grpc-default-executor-5] INFO  impl.RaftServerImpl (RaftServerImpl.java:setRole(184)) - b3bb9051-8089-4c51-a999-81579e5913f2@group-0E159EE4F99E: changes role from  FOLLOWER to FOLLOWER at term 135 for recognizeCandidate:a8ae9c07-6d89-4a49-a594-cacd4b776180
2019-11-05 08:24:04,976 [grpc-default-executor-1] INFO  impl.RoleInfo (RoleInfo.java:shutdownFollowerState(121)) - caafcba9-090a-41f5-a5f9-cba5a6a81e94: shutdown FollowerState
2019-11-05 08:24:04,976 [grpc-default-executor-5] INFO  impl.RoleInfo (RoleInfo.java:shutdownFollowerState(121)) - b3bb9051-8089-4c51-a999-81579e5913f2: shutdown FollowerState
2019-11-05 08:24:04,976 [Thread-2024] INFO  impl.FollowerState (FollowerState.java:run(117)) - caafcba9-090a-41f5-a5f9-cba5a6a81e94@group-0E159EE4F99E-FollowerState was interrupted: java.lang.InterruptedException: sleep interrupted
2019-11-05 08:24:04,976 [grpc-default-executor-1] INFO  impl.RoleInfo (RoleInfo.java:updateAndGet(143)) - caafcba9-090a-41f5-a5f9-cba5a6a81e94: start FollowerState
2019-11-05 08:24:04,977 [Thread-2025] INFO  impl.FollowerState (FollowerState.java:run(117)) - b3bb9051-8089-4c51-a999-81579e5913f2@group-0E159EE4F99E-FollowerState was interrupted: java.lang.InterruptedException: sleep interrupted
2019-11-05 08:24:04,977 [grpc-default-executor-5] INFO  impl.RoleInfo (RoleInfo.java:updateAndGet(143)) - b3bb9051-8089-4c51-a999-81579e5913f2: start FollowerState
2019-11-05 08:24:04,991 [a8ae9c07-6d89-4a49-a594-cacd4b776180@group-0E159EE4F99E-LeaderElection253] INFO  impl.LeaderElection (LeaderElection.java:logAndReturn(56)) - a8ae9c07-6d89-4a49-a594-cacd4b776180@group-0E159EE4F99E-LeaderElection253: Election REJECTED; received 2 response(s) [a8ae9c07-6d89-4a49-a594-cacd4b776180<-caafcba9-090a-41f5-a5f9-cba5a6a81e94#0:FAIL-t135, a8ae9c07-6d89-4a49-a594-cacd4b776180<-b3bb9051-8089-4c51-a999-81579e5913f2#0:FAIL-t135] and 0 exception(s); a8ae9c07-6d89-4a49-a594-cacd4b776180@group-0E159EE4F99E:t135, leader=null, voted=a8ae9c07-6d89-4a49-a594-cacd4b776180, raftlog=a8ae9c07-6d89-4a49-a594-cacd4b776180@group-0E159EE4F99E-SegmentedRaftLog:OPENED:c-1,f-1,i0, conf=-1: [caafcba9-090a-41f5-a5f9-cba5a6a81e94:192.168.164.217:37197, a8ae9c07-6d89-4a49-a594-cacd4b776180:192.168.164.217:42719, b3bb9051-8089-4c51-a999-81579e5913f2:192.168.164.217:36516], old=null
2019-11-05 08:24:04,991 [a8ae9c07-6d89-4a49-a594-cacd4b776180@group-0E159EE4F99E-LeaderElection253] INFO  impl.RaftServerImpl (RaftServerImpl.java:setRole(184)) - a8ae9c07-6d89-4a49-a594-cacd4b776180@group-0E159EE4F99E: changes role from CANDIDATE to FOLLOWER at term 135 for DISCOVERED_A_NEW_TERM
2019-11-05 08:24:04,992 [a8ae9c07-6d89-4a49-a594-cacd4b776180@group-0E159EE4F99E-LeaderElection253] INFO  impl.RoleInfo (RoleInfo.java:shutdownLeaderElection(134)) - a8ae9c07-6d89-4a49-a594-cacd4b776180: shutdown LeaderElection
2019-11-05 08:24:04,992 [a8ae9c07-6d89-4a49-a594-cacd4b776180@group-0E159EE4F99E-LeaderElection253] INFO  impl.RoleInfo (RoleInfo.java:updateAndGet(143)) - a8ae9c07-6d89-4a49-a594-cacd4b776180: start FollowerState
2019-11-05 08:24:05,030 [Thread-2038] INFO  impl.FollowerState (FollowerState.java:run(108)) - a8ae9c07-6d89-4a49-a594-cacd4b776180@group-0E159EE4F99E-FollowerState: change to CANDIDATE, lastRpcTime:38ms, electionTimeout:38ms
2019-11-05 08:24:05,031 [Thread-2038] INFO  impl.RoleInfo (RoleInfo.java:shutdownFollowerState(121)) - a8ae9c07-6d89-4a49-a594-cacd4b776180: shutdown FollowerState
2019-11-05 08:24:05,031 [Thread-2038] INFO  impl.RaftServerImpl (RaftServerImpl.java:setRole(184)) - a8ae9c07-6d89-4a49-a594-cacd4b776180@group-0E159EE4F99E: changes role from  FOLLOWER to CANDIDATE at term 135 for changeToCandidate
2019-11-05 08:24:05,031 [Thread-2038] INFO  impl.RoleInfo (RoleInfo.java:updateAndGet(143)) - a8ae9c07-6d89-4a49-a594-cacd4b776180: start LeaderElection
2019-11-05 08:24:05,035 [Thread-2032] INFO  impl.FollowerState (FollowerState.java:run(108)) - 4a682f4f-c3f2-4b77-88b7-f0ab78890feb@group-0DB8C7688BF9-FollowerState: change to CANDIDATE, lastRpcTime:187ms, electionTimeout:187ms
2019-11-05 08:24:05,035 [Thread-2032] INFO  impl.RoleInfo (RoleInfo.java:shutdownFollowerState(121)) - 4a682f4f-c3f2-4b77-88b7-f0ab78890feb: shutdown FollowerState
2019-11-05 08:24:05,035 [Thread-2032] INFO  impl.RaftServerImpl (RaftServerImpl.java:setRole(184)) - 4a682f4f-c3f2-4b77-88b7-f0ab78890feb@group-0DB8C7688BF9: changes role from  FOLLOWER to CANDIDATE at term 125 for changeToCandidate
2019-11-05 08:24:05,036 [Thread-2032] INFO  impl.RoleInfo (RoleInfo.java:updateAndGet(143)) - 4a682f4f-c3f2-4b77-88b7-f0ab78890feb: start LeaderElection
2019-11-05 08:24:05,045 [4a682f4f-c3f2-4b77-88b7-f0ab78890feb@group-0DB8C7688BF9-LeaderElection255] INFO  impl.LeaderElection (LeaderElection.java:askForVotes(178)) - 4a682f4f-c3f2-4b77-88b7-f0ab78890feb@group-0DB8C7688BF9-LeaderElection255: begin an election at term 126 for -1: [77ab65e6-d942-49df-83a3-1d4c0bf152b3:192.168.164.217:39381, 7e1b84a9-a041-44fd-8008-f2679426984c:192.168.164.217:44149, 4a682f4f-c3f2-4b77-88b7-f0ab78890feb:192.168.164.217:34174], old=null
2019-11-05 08:24:05,045 [a8ae9c07-6d89-4a49-a594-cacd4b776180@group-0E159EE4F99E-LeaderElection254] INFO  impl.LeaderElection (LeaderElection.java:askForVotes(178)) - a8ae9c07-6d89-4a49-a594-cacd4b776180@group-0E159EE4F99E-LeaderElection254: begin an election at term 136 for -1: [caafcba9-090a-41f5-a5f9-cba5a6a81e94:192.168.164.217:37197, a8ae9c07-6d89-4a49-a594-cacd4b776180:192.168.164.217:42719, b3bb9051-8089-4c51-a999-81579e5913f2:192.168.164.217:36516], old=null
2019-11-05 08:24:05,047 [grpc-default-executor-5] INFO  impl.RaftServerImpl (RaftServerImpl.java:setRole(184)) - 77ab65e6-d942-49df-83a3-1d4c0bf152b3@group-0DB8C7688BF9: changes role from  FOLLOWER to FOLLOWER at term 126 for recognizeCandidate:4a682f4f-c3f2-4b77-88b7-f0ab78890feb
2019-11-05 08:24:05,048 [grpc-default-executor-5] INFO  impl.RoleInfo (RoleInfo.java:shutdownFollowerState(121)) - 77ab65e6-d942-49df-83a3-1d4c0bf152b3: shutdown FollowerState
2019-11-05 08:24:05,048 [grpc-default-executor-0] INFO  impl.RaftServerImpl (RaftServerImpl.java:setRole(184)) - b3bb9051-8089-4c51-a999-81579e5913f2@group-0E159EE4F99E: changes role from  FOLLOWER to FOLLOWER at term 136 for recognizeCandidate:a8ae9c07-6d89-4a49-a594-cacd4b776180
2019-11-05 08:24:05,048 [grpc-default-executor-1] INFO  impl.RaftServerImpl (RaftServerImpl.java:setRole(184)) - caafcba9-090a-41f5-a5f9-cba5a6a81e94@group-0E159EE4F99E: changes role from  FOLLOWER to FOLLOWER at term 136 for recognizeCandidate:a8ae9c07-6d89-4a49-a594-cacd4b776180
2019-11-05 08:24:05,048 [grpc-default-executor-0] INFO  impl.RoleInfo (RoleInfo.java:shutdownFollowerState(121)) - b3bb9051-8089-4c51-a999-81579e5913f2: shutdown FollowerState
2019-11-05 08:24:05,048 [Thread-2030] INFO  impl.FollowerState (FollowerState.java:run(117)) - 77ab65e6-d942-49df-83a3-1d4c0bf152b3@group-0DB8C7688BF9-FollowerState was interrupted: java.lang.InterruptedException: sleep interrupted
2019-11-05 08:24:05,048 [grpc-default-executor-5] INFO  impl.RoleInfo (RoleInfo.java:updateAndGet(143)) - 77ab65e6-d942-49df-83a3-1d4c0bf152b3: start FollowerState
2019-11-05 08:24:05,048 [grpc-default-executor-4] INFO  impl.RaftServerImpl (RaftServerImpl.java:setRole(184)) - 7e1b84a9-a041-44fd-8008-f2679426984c@group-0DB8C7688BF9: changes role from  FOLLOWER to FOLLOWER at term 126 for recognizeCandidate:4a682f4f-c3f2-4b77-88b7-f0ab78890feb
2019-11-05 08:24:05,049 [grpc-default-executor-4] INFO  impl.RoleInfo (RoleInfo.java:shutdownFollowerState(121)) - 7e1b84a9-a041-44fd-8008-f2679426984c: shutdown FollowerState
2019-11-05 08:24:05,048 [Thread-2037] INFO  impl.FollowerState (FollowerState.java:run(117)) - b3bb9051-8089-4c51-a999-81579e5913f2@group-0E159EE4F99E-FollowerState was interrupted: java.lang.InterruptedException: sleep interrupted
2019-11-05 08:24:05,048 [grpc-default-executor-0] INFO  impl.RoleInfo (RoleInfo.java:updateAndGet(143)) - b3bb9051-8089-4c51-a999-81579e5913f2: start FollowerState
2019-11-05 08:24:05,048 [grpc-default-executor-1] INFO  impl.RoleInfo (RoleInfo.java:shutdownFollowerState(121)) - caafcba9-090a-41f5-a5f9-cba5a6a81e94: shutdown FollowerState
2019-11-05 08:24:05,049 [Thread-2031] INFO  impl.FollowerState (FollowerState.java:run(117)) - 7e1b84a9-a041-44fd-8008-f2679426984c@group-0DB8C7688BF9-FollowerState was interrupted: java.lang.InterruptedException: sleep interrupted
2019-11-05 08:24:05,049 [grpc-default-executor-4] INFO  impl.RoleInfo (RoleInfo.java:updateAndGet(143)) - 7e1b84a9-a041-44fd-8008-f2679426984c: start FollowerState
2019-11-05 08:24:05,050 [grpc-default-executor-1] INFO  impl.RoleInfo (RoleInfo.java:updateAndGet(143)) - caafcba9-090a-41f5-a5f9-cba5a6a81e94: start FollowerState
2019-11-05 08:24:05,050 [Thread-2036] INFO  impl.FollowerState (FollowerState.java:run(117)) - caafcba9-090a-41f5-a5f9-cba5a6a81e94@group-0E159EE4F99E-FollowerState was interrupted: java.lang.InterruptedException: sleep interrupted
2019-11-05 08:24:05,063 [4a682f4f-c3f2-4b77-88b7-f0ab78890feb@group-0DB8C7688BF9-LeaderElection255] INFO  impl.LeaderElection (LeaderElection.java:logAndReturn(56)) - 4a682f4f-c3f2-4b77-88b7-f0ab78890feb@group-0DB8C7688BF9-LeaderElection255: Election REJECTED; received 2 response(s) [4a682f4f-c3f2-4b77-88b7-f0ab78890feb<-77ab65e6-d942-49df-83a3-1d4c0bf152b3#0:FAIL-t126, 4a682f4f-c3f2-4b77-88b7-f0ab78890feb<-7e1b84a9-a041-44fd-8008-f2679426984c#0:FAIL-t126] and 0 exception(s); 4a682f4f-c3f2-4b77-88b7-f0ab78890feb@group-0DB8C7688BF9:t126, leader=null, voted=4a682f4f-c3f2-4b77-88b7-f0ab78890feb, raftlog=4a682f4f-c3f2-4b77-88b7-f0ab78890feb@group-0DB8C7688BF9-SegmentedRaftLog:OPENED:c-1,f-1,i0, conf=-1: [77ab65e6-d942-49df-83a3-1d4c0bf152b3:192.168.164.217:39381, 7e1b84a9-a041-44fd-8008-f2679426984c:192.168.164.217:44149, 4a682f4f-c3f2-4b77-88b7-f0ab78890feb:192.168.164.217:34174], old=null
2019-11-05 08:24:05,063 [a8ae9c07-6d89-4a49-a594-cacd4b776180@group-0E159EE4F99E-LeaderElection254] INFO  impl.LeaderElection (LeaderElection.java:logAndReturn(56)) - a8ae9c07-6d89-4a49-a594-cacd4b776180@group-0E159EE4F99E-LeaderElection254: Election REJECTED; received 2 response(s) [a8ae9c07-6d89-4a49-a594-cacd4b776180<-caafcba9-090a-41f5-a5f9-cba5a6a81e94#0:FAIL-t136, a8ae9c07-6d89-4a49-a594-cacd4b776180<-b3bb9051-8089-4c51-a999-81579e5913f2#0:FAIL-t136] and 0 exception(s); a8ae9c07-6d89-4a49-a594-cacd4b776180@group-0E159EE4F99E:t136, leader=null, voted=a8ae9c07-6d89-4a49-a594-cacd4b776180, raftlog=a8ae9c07-6d89-4a49-a594-cacd4b776180@group-0E159EE4F99E-SegmentedRaftLog:OPENED:c-1,f-1,i0, conf=-1: [caafcba9-090a-41f5-a5f9-cba5a6a81e94:192.168.164.217:37197, a8ae9c07-6d89-4a49-a594-cacd4b776180:192.168.164.217:42719, b3bb9051-8089-4c51-a999-81579e5913f2:192.168.164.217:36516], old=null
2019-11-05 08:24:05,063 [4a682f4f-c3f2-4b77-88b7-f0ab78890feb@group-0DB8C7688BF9-LeaderElection255] INFO  impl.RaftServerImpl (RaftServerImpl.java:setRole(184)) - 4a682f4f-c3f2-4b77-88b7-f0ab78890feb@group-0DB8C7688BF9: changes role from CANDIDATE to FOLLOWER at term 126 for DISCOVERED_A_NEW_TERM
2019-11-05 08:24:05,064 [a8ae9c07-6d89-4a49-a594-cacd4b776180@group-0E159EE4F99E-LeaderElection254] INFO  impl.RaftServerImpl (RaftServerImpl.java:setRole(184)) - a8ae9c07-6d89-4a49-a594-cacd4b776180@group-0E159EE4F99E: changes role from CANDIDATE to FOLLOWER at term 136 for DISCOVERED_A_NEW_TERM
2019-11-05 08:24:05,064 [4a682f4f-c3f2-4b77-88b7-f0ab78890feb@group-0DB8C7688BF9-LeaderElection255] INFO  impl.RoleInfo (RoleInfo.java:shutdownLeaderElection(134)) - 4a682f4f-c3f2-4b77-88b7-f0ab78890feb: shutdown LeaderElection
2019-11-05 08:24:05,064 [a8ae9c07-6d89-4a49-a594-cacd4b776180@group-0E159EE4F99E-LeaderElection254] INFO  impl.RoleInfo (RoleInfo.java:shutdownLeaderElection(134)) - a8ae9c07-6d89-4a49-a594-cacd4b776180: shutdown LeaderElection
2019-11-05 08:24:05,064 [4a682f4f-c3f2-4b77-88b7-f0ab78890feb@group-0DB8C7688BF9-LeaderElection255] INFO  impl.RoleInfo (RoleInfo.java:updateAndGet(143)) - 4a682f4f-c3f2-4b77-88b7-f0ab78890feb: start FollowerState
2019-11-05 08:24:05,064 [a8ae9c07-6d89-4a49-a594-cacd4b776180@group-0E159EE4F99E-LeaderElection254] INFO  impl.RoleInfo (RoleInfo.java:updateAndGet(143)) - a8ae9c07-6d89-4a49-a594-cacd4b776180: start FollowerState
2019-11-05 08:24:05,149 [Thread-2050] INFO  impl.FollowerState (FollowerState.java:run(108)) - a8ae9c07-6d89-4a49-a594-cacd4b776180@group-0E159EE4F99E-FollowerState: change to CANDIDATE, lastRpcTime:84ms, electionTimeout:84ms
2019-11-05 08:24:05,149 [Thread-2050] INFO  impl.RoleInfo (RoleInfo.java:shutdownFollowerState(121)) - a8ae9c07-6d89-4a49-a594-cacd4b776180: shutdown FollowerState
2019-11-05 08:24:05,149 [Thread-2050] INFO  impl.RaftServerImpl (RaftServerImpl.java:setRole(184)) - a8ae9c07-6d89-4a49-a594-cacd4b776180@group-0E159EE4F99E: changes role from  FOLLOWER to CANDIDATE at term 136 for changeToCandidate
2019-11-05 08:24:05,149 [Thread-2050] INFO  impl.RoleInfo (RoleInfo.java:updateAndGet(143)) - a8ae9c07-6d89-4a49-a594-cacd4b776180: start LeaderElection
2019-11-05 08:24:05,160 [a8ae9c07-6d89-4a49-a594-cacd4b776180@group-0E159EE4F99E-LeaderElection256] INFO  impl.LeaderElection (LeaderElection.java:askForVotes(178)) - a8ae9c07-6d89-4a49-a594-cacd4b776180@group-0E159EE4F99E-LeaderElection256: begin an election at term 137 for -1: [caafcba9-090a-41f5-a5f9-cba5a6a81e94:192.168.164.217:37197, a8ae9c07-6d89-4a49-a594-cacd4b776180:192.168.164.217:42719, b3bb9051-8089-4c51-a999-81579e5913f2:192.168.164.217:36516], old=null
2019-11-05 08:24:05,162 [grpc-default-executor-4] INFO  impl.RaftServerImpl (RaftServerImpl.java:setRole(184)) - caafcba9-090a-41f5-a5f9-cba5a6a81e94@group-0E159EE4F99E: changes role from  FOLLOWER to FOLLOWER at term 137 for recognizeCandidate:a8ae9c07-6d89-4a49-a594-cacd4b776180
2019-11-05 08:24:05,162 [grpc-default-executor-4] INFO  impl.RoleInfo (RoleInfo.java:shutdownFollowerState(121)) - caafcba9-090a-41f5-a5f9-cba5a6a81e94: shutdown FollowerState
2019-11-05 08:24:05,162 [grpc-default-executor-0] INFO  impl.RaftServerImpl (RaftServerImpl.java:setRole(184)) - b3bb9051-8089-4c51-a999-81579e5913f2@group-0E159EE4F99E: changes role from  FOLLOWER to FOLLOWER at term 137 for recognizeCandidate:a8ae9c07-6d89-4a49-a594-cacd4b776180
2019-11-05 08:24:05,163 [Thread-2048] INFO  impl.FollowerState (FollowerState.java:run(117)) - caafcba9-090a-41f5-a5f9-cba5a6a81e94@group-0E159EE4F99E-FollowerState was interrupted: java.lang.InterruptedException: sleep interrupted
2019-11-05 08:24:05,162 [grpc-default-executor-4] INFO  impl.RoleInfo (RoleInfo.java:updateAndGet(143)) - caafcba9-090a-41f5-a5f9-cba5a6a81e94: start FollowerState
2019-11-05 08:24:05,163 [grpc-default-executor-0] INFO  impl.RoleInfo (RoleInfo.java:shutdownFollowerState(121)) - b3bb9051-8089-4c51-a999-81579e5913f2: shutdown FollowerState
2019-11-05 08:24:05,163 [grpc-default-executor-0] INFO  impl.RoleInfo (RoleInfo.java:updateAndGet(143)) - b3bb9051-8089-4c51-a999-81579e5913f2: start FollowerState
2019-11-05 08:24:05,163 [Thread-2046] INFO  impl.FollowerState (FollowerState.java:run(117)) - b3bb9051-8089-4c51-a999-81579e5913f2@group-0E159EE4F99E-FollowerState was interrupted: java.lang.InterruptedException: sleep interrupted
2019-11-05 08:24:05,171 [a8ae9c07-6d89-4a49-a594-cacd4b776180@group-0E159EE4F99E-LeaderElection256] INFO  impl.LeaderElection (LeaderElection.java:logAndReturn(56)) - a8ae9c07-6d89-4a49-a594-cacd4b776180@group-0E159EE4F99E-LeaderElection256: Election REJECTED; received 2 response(s) [a8ae9c07-6d89-4a49-a594-cacd4b776180<-caafcba9-090a-41f5-a5f9-cba5a6a81e94#0:FAIL-t137, a8ae9c07-6d89-4a49-a594-cacd4b776180<-b3bb9051-8089-4c51-a999-81579e5913f2#0:FAIL-t137] and 0 exception(s); a8ae9c07-6d89-4a49-a594-cacd4b776180@group-0E159EE4F99E:t137, leader=null, voted=a8ae9c07-6d89-4a49-a594-cacd4b776180, raftlog=a8ae9c07-6d89-4a49-a594-cacd4b776180@group-0E159EE4F99E-SegmentedRaftLog:OPENED:c-1,f-1,i0, conf=-1: [caafcba9-090a-41f5-a5f9-cba5a6a81e94:192.168.164.217:37197, a8ae9c07-6d89-4a49-a594-cacd4b776180:192.168.164.217:42719, b3bb9051-8089-4c51-a999-81579e5913f2:192.168.164.217:36516], old=null
2019-11-05 08:24:05,171 [a8ae9c07-6d89-4a49-a594-cacd4b776180@group-0E159EE4F99E-LeaderElection256] INFO  impl.RaftServerImpl (RaftServerImpl.java:setRole(184)) - a8ae9c07-6d89-4a49-a594-cacd4b776180@group-0E159EE4F99E: changes role from CANDIDATE to FOLLOWER at term 137 for DISCOVERED_A_NEW_TERM
2019-11-05 08:24:05,171 [a8ae9c07-6d89-4a49-a594-cacd4b776180@group-0E159EE4F99E-LeaderElection256] INFO  impl.RoleInfo (RoleInfo.java:shutdownLeaderElection(134)) - a8ae9c07-6d89-4a49-a594-cacd4b776180: shutdown LeaderElection
2019-11-05 08:24:05,171 [a8ae9c07-6d89-4a49-a594-cacd4b776180@group-0E159EE4F99E-LeaderElection256] INFO  impl.RoleInfo (RoleInfo.java:updateAndGet(143)) - a8ae9c07-6d89-4a49-a594-cacd4b776180: start FollowerState
2019-11-05 08:24:05,232 [Thread-2058] INFO  impl.FollowerState (FollowerState.java:run(108)) - a8ae9c07-6d89-4a49-a594-cacd4b776180@group-0E159EE4F99E-FollowerState: change to CANDIDATE, lastRpcTime:60ms, electionTimeout:60ms
2019-11-05 08:24:05,232 [Thread-2058] INFO  impl.RoleInfo (RoleInfo.java:shutdownFollowerState(121)) - a8ae9c07-6d89-4a49-a594-cacd4b776180: shutdown FollowerState
2019-11-05 08:24:05,232 [Thread-2058] INFO  impl.RaftServerImpl (RaftServerImpl.java:setRole(184)) - a8ae9c07-6d89-4a49-a594-cacd4b776180@group-0E159EE4F99E: changes role from  FOLLOWER to CANDIDATE at term 137 for changeToCandidate
2019-11-05 08:24:05,232 [Thread-2058] INFO  impl.RoleInfo (RoleInfo.java:updateAndGet(143)) - a8ae9c07-6d89-4a49-a594-cacd4b776180: start LeaderElection
2019-11-05 08:24:05,239 [Thread-2049] INFO  impl.FollowerState (FollowerState.java:run(108)) - 4a682f4f-c3f2-4b77-88b7-f0ab78890feb@group-0DB8C7688BF9-FollowerState: change to CANDIDATE, lastRpcTime:174ms, electionTimeout:174ms
2019-11-05 08:24:05,239 [Thread-2049] INFO  impl.RoleInfo (RoleInfo.java:shutdownFollowerState(121)) - 4a682f4f-c3f2-4b77-88b7-f0ab78890feb: shutdown FollowerState
2019-11-05 08:24:05,239 [Thread-2049] INFO  impl.RaftServerImpl (RaftServerImpl.java:setRole(184)) - 4a682f4f-c3f2-4b77-88b7-f0ab78890feb@group-0DB8C7688BF9: changes role from  FOLLOWER to CANDIDATE at term 126 for changeToCandidate
2019-11-05 08:24:05,241 [Thread-2049] INFO  impl.RoleInfo (RoleInfo.java:updateAndGet(143)) - 4a682f4f-c3f2-4b77-88b7-f0ab78890feb: start LeaderElection
2019-11-05 08:24:05,241 [a8ae9c07-6d89-4a49-a594-cacd4b776180@group-0E159EE4F99E-LeaderElection257] INFO  impl.LeaderElection (LeaderElection.java:askForVotes(178)) - a8ae9c07-6d89-4a49-a594-cacd4b776180@group-0E159EE4F99E-LeaderElection257: begin an election at term 138 for -1: [caafcba9-090a-41f5-a5f9-cba5a6a81e94:192.168.164.217:37197, a8ae9c07-6d89-4a49-a594-cacd4b776180:192.168.164.217:42719, b3bb9051-8089-4c51-a999-81579e5913f2:192.168.164.217:36516], old=null
2019-11-05 08:24:05,245 [grpc-default-executor-0] INFO  impl.RaftServerImpl (RaftServerImpl.java:setRole(184)) - caafcba9-090a-41f5-a5f9-cba5a6a81e94@group-0E159EE4F99E: changes role from  FOLLOWER to FOLLOWER at term 138 for recognizeCandidate:a8ae9c07-6d89-4a49-a594-cacd4b776180
2019-11-05 08:24:05,245 [grpc-default-executor-0] INFO  impl.RoleInfo (RoleInfo.java:shutdownFollowerState(121)) - caafcba9-090a-41f5-a5f9-cba5a6a81e94: shutdown FollowerState
2019-11-05 08:24:05,245 [grpc-default-executor-5] INFO  impl.RaftServerImpl (RaftServerImpl.java:setRole(184)) - b3bb9051-8089-4c51-a999-81579e5913f2@group-0E159EE4F99E: changes role from  FOLLOWER to FOLLOWER at term 138 for recognizeCandidate:a8ae9c07-6d89-4a49-a594-cacd4b776180
2019-11-05 08:24:05,245 [grpc-default-executor-5] INFO  impl.RoleInfo (RoleInfo.java:shutdownFollowerState(121)) - b3bb9051-8089-4c51-a999-81579e5913f2: shutdown FollowerState
2019-11-05 08:24:05,245 [Thread-2056] INFO  impl.FollowerState (FollowerState.java:run(117)) - caafcba9-090a-41f5-a5f9-cba5a6a81e94@group-0E159EE4F99E-FollowerState was interrupted: java.lang.InterruptedException: sleep interrupted
2019-11-05 08:24:05,245 [grpc-default-executor-0] INFO  impl.RoleInfo (RoleInfo.java:updateAndGet(143)) - caafcba9-090a-41f5-a5f9-cba5a6a81e94: start FollowerState
2019-11-05 08:24:05,246 [Thread-2057] INFO  impl.FollowerState (FollowerState.java:run(117)) - b3bb9051-8089-4c51-a999-81579e5913f2@group-0E159EE4F99E-FollowerState was interrupted: java.lang.InterruptedException: sleep interrupted
2019-11-05 08:24:05,246 [grpc-default-executor-5] INFO  impl.RoleInfo (RoleInfo.java:updateAndGet(143)) - b3bb9051-8089-4c51-a999-81579e5913f2: start FollowerState
2019-11-05 08:24:05,250 [4a682f4f-c3f2-4b77-88b7-f0ab78890feb@group-0DB8C7688BF9-LeaderElection258] INFO  impl.LeaderElection (LeaderElection.java:askForVotes(178)) - 4a682f4f-c3f2-4b77-88b7-f0ab78890feb@group-0DB8C7688BF9-LeaderElection258: begin an election at term 127 for -1: [77ab65e6-d942-49df-83a3-1d4c0bf152b3:192.168.164.217:39381, 7e1b84a9-a041-44fd-8008-f2679426984c:192.168.164.217:44149, 4a682f4f-c3f2-4b77-88b7-f0ab78890feb:192.168.164.217:34174], old=null
2019-11-05 08:24:05,251 [a8ae9c07-6d89-4a49-a594-cacd4b776180@group-0E159EE4F99E-LeaderElection257] INFO  impl.LeaderElection (LeaderElection.java:logAndReturn(56)) - a8ae9c07-6d89-4a49-a594-cacd4b776180@group-0E159EE4F99E-LeaderElection257: Election REJECTED; received 2 response(s) [a8ae9c07-6d89-4a49-a594-cacd4b776180<-caafcba9-090a-41f5-a5f9-cba5a6a81e94#0:FAIL-t138, a8ae9c07-6d89-4a49-a594-cacd4b776180<-b3bb9051-8089-4c51-a999-81579e5913f2#0:FAIL-t138] and 0 exception(s); a8ae9c07-6d89-4a49-a594-cacd4b776180@group-0E159EE4F99E:t138, leader=null, voted=a8ae9c07-6d89-4a49-a594-cacd4b776180, raftlog=a8ae9c07-6d89-4a49-a594-cacd4b776180@group-0E159EE4F99E-SegmentedRaftLog:OPENED:c-1,f-1,i0, conf=-1: [caafcba9-090a-41f5-a5f9-cba5a6a81e94:192.168.164.217:37197, a8ae9c07-6d89-4a49-a594-cacd4b776180:192.168.164.217:42719, b3bb9051-8089-4c51-a999-81579e5913f2:192.168.164.217:36516], old=null
2019-11-05 08:24:05,251 [a8ae9c07-6d89-4a49-a594-cacd4b776180@group-0E159EE4F99E-LeaderElection257] INFO  impl.RaftServerImpl (RaftServerImpl.java:setRole(184)) - a8ae9c07-6d89-4a49-a594-cacd4b776180@group-0E159EE4F99E: changes role from CANDIDATE to FOLLOWER at term 138 for DISCOVERED_A_NEW_TERM
2019-11-05 08:24:05,251 [a8ae9c07-6d89-4a49-a594-cacd4b776180@group-0E159EE4F99E-LeaderElection257] INFO  impl.RoleInfo (RoleInfo.java:shutdownLeaderElection(134)) - a8ae9c07-6d89-4a49-a594-cacd4b776180: shutdown LeaderElection
2019-11-05 08:24:05,251 [a8ae9c07-6d89-4a49-a594-cacd4b776180@group-0E159EE4F99E-LeaderElection257] INFO  impl.RoleInfo (RoleInfo.java:updateAndGet(143)) - a8ae9c07-6d89-4a49-a594-cacd4b776180: start FollowerState
2019-11-05 08:24:05,251 [grpc-default-executor-0] INFO  impl.RaftServerImpl (RaftServerImpl.java:setRole(184)) - 77ab65e6-d942-49df-83a3-1d4c0bf152b3@group-0DB8C7688BF9: changes role from  FOLLOWER to FOLLOWER at term 127 for recognizeCandidate:4a682f4f-c3f2-4b77-88b7-f0ab78890feb
2019-11-05 08:24:05,252 [grpc-default-executor-5] INFO  impl.RaftServerImpl (RaftServerImpl.java:setRole(184)) - 7e1b84a9-a041-44fd-8008-f2679426984c@group-0DB8C7688BF9: changes role from  FOLLOWER to FOLLOWER at term 127 for recognizeCandidate:4a682f4f-c3f2-4b77-88b7-f0ab78890feb
2019-11-05 08:24:05,252 [grpc-default-executor-5] INFO  impl.RoleInfo (RoleInfo.java:shutdownFollowerState(121)) - 7e1b84a9-a041-44fd-8008-f2679426984c: shutdown FollowerState
2019-11-05 08:24:05,252 [grpc-default-executor-0] INFO  impl.RoleInfo (RoleInfo.java:shutdownFollowerState(121)) - 77ab65e6-d942-49df-83a3-1d4c0bf152b3: shutdown FollowerState
2019-11-05 08:24:05,252 [grpc-default-executor-5] INFO  impl.RoleInfo (RoleInfo.java:updateAndGet(143)) - 7e1b84a9-a041-44fd-8008-f2679426984c: start FollowerState
2019-11-05 08:24:05,252 [Thread-2047] INFO  impl.FollowerState (FollowerState.java:run(117)) - 7e1b84a9-a041-44fd-8008-f2679426984c@group-0DB8C7688BF9-FollowerState was interrupted: java.lang.InterruptedException: sleep interrupted
2019-11-05 08:24:05,252 [Thread-2045] INFO  impl.FollowerState (FollowerState.java:run(117)) - 77ab65e6-d942-49df-83a3-1d4c0bf152b3@group-0DB8C7688BF9-FollowerState was interrupted: java.lang.InterruptedException: sleep interrupted
2019-11-05 08:24:05,252 [grpc-default-executor-0] INFO  impl.RoleInfo (RoleInfo.java:updateAndGet(143)) - 77ab65e6-d942-49df-83a3-1d4c0bf152b3: start FollowerState
2019-11-05 08:24:05,259 [4a682f4f-c3f2-4b77-88b7-f0ab78890feb@group-0DB8C7688BF9-LeaderElection258] INFO  impl.LeaderElection (LeaderElection.java:logAndReturn(56)) - 4a682f4f-c3f2-4b77-88b7-f0ab78890feb@group-0DB8C7688BF9-LeaderElection258: Election REJECTED; received 2 response(s) [4a682f4f-c3f2-4b77-88b7-f0ab78890feb<-77ab65e6-d942-49df-83a3-1d4c0bf152b3#0:FAIL-t127, 4a682f4f-c3f2-4b77-88b7-f0ab78890feb<-7e1b84a9-a041-44fd-8008-f2679426984c#0:FAIL-t127] and 0 exception(s); 4a682f4f-c3f2-4b77-88b7-f0ab78890feb@group-0DB8C7688BF9:t127, leader=null, voted=4a682f4f-c3f2-4b77-88b7-f0ab78890feb, raftlog=4a682f4f-c3f2-4b77-88b7-f0ab78890feb@group-0DB8C7688BF9-SegmentedRaftLog:OPENED:c-1,f-1,i0, conf=-1: [77ab65e6-d942-49df-83a3-1d4c0bf152b3:192.168.164.217:39381, 7e1b84a9-a041-44fd-8008-f2679426984c:192.168.164.217:44149, 4a682f4f-c3f2-4b77-88b7-f0ab78890feb:192.168.164.217:34174], old=null
2019-11-05 08:24:05,259 [4a682f4f-c3f2-4b77-88b7-f0ab78890feb@group-0DB8C7688BF9-LeaderElection258] INFO  impl.RaftServerImpl (RaftServerImpl.java:setRole(184)) - 4a682f4f-c3f2-4b77-88b7-f0ab78890feb@group-0DB8C7688BF9: changes role from CANDIDATE to FOLLOWER at term 127 for DISCOVERED_A_NEW_TERM
2019-11-05 08:24:05,259 [4a682f4f-c3f2-4b77-88b7-f0ab78890feb@group-0DB8C7688BF9-LeaderElection258] INFO  impl.RoleInfo (RoleInfo.java:shutdownLeaderElection(134)) - 4a682f4f-c3f2-4b77-88b7-f0ab78890feb: shutdown LeaderElection
2019-11-05 08:24:05,259 [4a682f4f-c3f2-4b77-88b7-f0ab78890feb@group-0DB8C7688BF9-LeaderElection258] INFO  impl.RoleInfo (RoleInfo.java:updateAndGet(143)) - 4a682f4f-c3f2-4b77-88b7-f0ab78890feb: start FollowerState
2019-11-05 08:24:05,295 [Thread-2072] INFO  impl.FollowerState (FollowerState.java:run(108)) - 4a682f4f-c3f2-4b77-88b7-f0ab78890feb@group-0DB8C7688BF9-FollowerState: change to CANDIDATE, lastRpcTime:35ms, electionTimeout:35ms
2019-11-05 08:24:05,295 [Thread-2072] INFO  impl.RoleInfo (RoleInfo.java:shutdownFollowerState(121)) - 4a682f4f-c3f2-4b77-88b7-f0ab78890feb: shutdown FollowerState
2019-11-05 08:24:05,295 [Thread-2072] INFO  impl.RaftServerImpl (RaftServerImpl.java:setRole(184)) - 4a682f4f-c3f2-4b77-88b7-f0ab78890feb@group-0DB8C7688BF9: changes role from  FOLLOWER to CANDIDATE at term 127 for changeToCandidate
2019-11-05 08:24:05,295 [Thread-2072] INFO  impl.RoleInfo (RoleInfo.java:updateAndGet(143)) - 4a682f4f-c3f2-4b77-88b7-f0ab78890feb: start LeaderElection
2019-11-05 08:24:05,312 [4a682f4f-c3f2-4b77-88b7-f0ab78890feb@group-0DB8C7688BF9-LeaderElection259] INFO  impl.LeaderElection (LeaderElection.java:askForVotes(178)) - 4a682f4f-c3f2-4b77-88b7-f0ab78890feb@group-0DB8C7688BF9-LeaderElection259: begin an election at term 128 for -1: [77ab65e6-d942-49df-83a3-1d4c0bf152b3:192.168.164.217:39381, 7e1b84a9-a041-44fd-8008-f2679426984c:192.168.164.217:44149, 4a682f4f-c3f2-4b77-88b7-f0ab78890feb:192.168.164.217:34174], old=null
2019-11-05 08:24:05,313 [grpc-default-executor-0] INFO  impl.RaftServerImpl (RaftServerImpl.java:setRole(184)) - 7e1b84a9-a041-44fd-8008-f2679426984c@group-0DB8C7688BF9: changes role from  FOLLOWER to FOLLOWER at term 128 for recognizeCandidate:4a682f4f-c3f2-4b77-88b7-f0ab78890feb
2019-11-05 08:24:05,313 [grpc-default-executor-0] INFO  impl.RoleInfo (RoleInfo.java:shutdownFollowerState(121)) - 7e1b84a9-a041-44fd-8008-f2679426984c: shutdown FollowerState
2019-11-05 08:24:05,314 [grpc-default-executor-0] INFO  impl.RoleInfo (RoleInfo.java:updateAndGet(143)) - 7e1b84a9-a041-44fd-8008-f2679426984c: start FollowerState
2019-11-05 08:24:05,314 [Thread-2070] INFO  impl.FollowerState (FollowerState.java:run(117)) - 7e1b84a9-a041-44fd-8008-f2679426984c@group-0DB8C7688BF9-FollowerState was interrupted: java.lang.InterruptedException: sleep interrupted
2019-11-05 08:24:05,314 [grpc-default-executor-5] INFO  impl.RaftServerImpl (RaftServerImpl.java:setRole(184)) - 77ab65e6-d942-49df-83a3-1d4c0bf152b3@group-0DB8C7688BF9: changes role from  FOLLOWER to FOLLOWER at term 128 for recognizeCandidate:4a682f4f-c3f2-4b77-88b7-f0ab78890feb
2019-11-05 08:24:05,314 [grpc-default-executor-5] INFO  impl.RoleInfo (RoleInfo.java:shutdownFollowerState(121)) - 77ab65e6-d942-49df-83a3-1d4c0bf152b3: shutdown FollowerState
2019-11-05 08:24:05,314 [Thread-2071] INFO  impl.FollowerState (FollowerState.java:run(117)) - 77ab65e6-d942-49df-83a3-1d4c0bf152b3@group-0DB8C7688BF9-FollowerState was interrupted: java.lang.InterruptedException: sleep interrupted
2019-11-05 08:24:05,314 [grpc-default-executor-5] INFO  impl.RoleInfo (RoleInfo.java:updateAndGet(143)) - 77ab65e6-d942-49df-83a3-1d4c0bf152b3: start FollowerState
2019-11-05 08:24:05,321 [4a682f4f-c3f2-4b77-88b7-f0ab78890feb@group-0DB8C7688BF9-LeaderElection259] INFO  impl.LeaderElection (LeaderElection.java:logAndReturn(56)) - 4a682f4f-c3f2-4b77-88b7-f0ab78890feb@group-0DB8C7688BF9-LeaderElection259: Election REJECTED; received 2 response(s) [4a682f4f-c3f2-4b77-88b7-f0ab78890feb<-77ab65e6-d942-49df-83a3-1d4c0bf152b3#0:FAIL-t128, 4a682f4f-c3f2-4b77-88b7-f0ab78890feb<-7e1b84a9-a041-44fd-8008-f2679426984c#0:FAIL-t128] and 0 exception(s); 4a682f4f-c3f2-4b77-88b7-f0ab78890feb@group-0DB8C7688BF9:t128, leader=null, voted=4a682f4f-c3f2-4b77-88b7-f0ab78890feb, raftlog=4a682f4f-c3f2-4b77-88b7-f0ab78890feb@group-0DB8C7688BF9-SegmentedRaftLog:OPENED:c-1,f-1,i0, conf=-1: [77ab65e6-d942-49df-83a3-1d4c0bf152b3:192.168.164.217:39381, 7e1b84a9-a041-44fd-8008-f2679426984c:192.168.164.217:44149, 4a682f4f-c3f2-4b77-88b7-f0ab78890feb:192.168.164.217:34174], old=null
2019-11-05 08:24:05,321 [4a682f4f-c3f2-4b77-88b7-f0ab78890feb@group-0DB8C7688BF9-LeaderElection259] INFO  impl.RaftServerImpl (RaftServerImpl.java:setRole(184)) - 4a682f4f-c3f2-4b77-88b7-f0ab78890feb@group-0DB8C7688BF9: changes role from CANDIDATE to FOLLOWER at term 128 for DISCOVERED_A_NEW_TERM
2019-11-05 08:24:05,321 [4a682f4f-c3f2-4b77-88b7-f0ab78890feb@group-0DB8C7688BF9-LeaderElection259] INFO  impl.RoleInfo (RoleInfo.java:shutdownLeaderElection(134)) - 4a682f4f-c3f2-4b77-88b7-f0ab78890feb: shutdown LeaderElection
2019-11-05 08:24:05,321 [4a682f4f-c3f2-4b77-88b7-f0ab78890feb@group-0DB8C7688BF9-LeaderElection259] INFO  impl.RoleInfo (RoleInfo.java:updateAndGet(143)) - 4a682f4f-c3f2-4b77-88b7-f0ab78890feb: start FollowerState
2019-11-05 08:24:05,438 [Thread-2069] INFO  impl.FollowerState (FollowerState.java:run(108)) - a8ae9c07-6d89-4a49-a594-cacd4b776180@group-0E159EE4F99E-FollowerState: change to CANDIDATE, lastRpcTime:186ms, electionTimeout:186ms
2019-11-05 08:24:05,438 [Thread-2069] INFO  impl.RoleInfo (RoleInfo.java:shutdownFollowerState(121)) - a8ae9c07-6d89-4a49-a594-cacd4b776180: shutdown FollowerState
2019-11-05 08:24:05,438 [Thread-2069] INFO  impl.RaftServerImpl (RaftServerImpl.java:setRole(184)) - a8ae9c07-6d89-4a49-a594-cacd4b776180@group-0E159EE4F99E: changes role from  FOLLOWER to CANDIDATE at term 138 for changeToCandidate
2019-11-05 08:24:05,438 [Thread-2069] INFO  impl.RoleInfo (RoleInfo.java:updateAndGet(143)) - a8ae9c07-6d89-4a49-a594-cacd4b776180: start LeaderElection
2019-11-05 08:24:05,452 [a8ae9c07-6d89-4a49-a594-cacd4b776180@group-0E159EE4F99E-LeaderElection260] INFO  impl.LeaderElection (LeaderElection.java:askForVotes(178)) - a8ae9c07-6d89-4a49-a594-cacd4b776180@group-0E159EE4F99E-LeaderElection260: begin an election at term 139 for -1: [caafcba9-090a-41f5-a5f9-cba5a6a81e94:192.168.164.217:37197, a8ae9c07-6d89-4a49-a594-cacd4b776180:192.168.164.217:42719, b3bb9051-8089-4c51-a999-81579e5913f2:192.168.164.217:36516], old=null
2019-11-05 08:24:05,454 [grpc-default-executor-0] INFO  impl.RaftServerImpl (RaftServerImpl.java:setRole(184)) - b3bb9051-8089-4c51-a999-81579e5913f2@group-0E159EE4F99E: changes role from  FOLLOWER to FOLLOWER at term 139 for recognizeCandidate:a8ae9c07-6d89-4a49-a594-cacd4b776180
2019-11-05 08:24:05,454 [grpc-default-executor-0] INFO  impl.RoleInfo (RoleInfo.java:shutdownFollowerState(121)) - b3bb9051-8089-4c51-a999-81579e5913f2: shutdown FollowerState
2019-11-05 08:24:05,454 [grpc-default-executor-5] INFO  impl.RaftServerImpl (RaftServerImpl.java:setRole(184)) - caafcba9-090a-41f5-a5f9-cba5a6a81e94@group-0E159EE4F99E: changes role from  FOLLOWER to FOLLOWER at term 139 for recognizeCandidate:a8ae9c07-6d89-4a49-a594-cacd4b776180
2019-11-05 08:24:05,455 [grpc-default-executor-5] INFO  impl.RoleInfo (RoleInfo.java:shutdownFollowerState(121)) - caafcba9-090a-41f5-a5f9-cba5a6a81e94: shutdown FollowerState
2019-11-05 08:24:05,455 [Thread-2066] INFO  impl.FollowerState (FollowerState.java:run(117)) - b3bb9051-8089-4c51-a999-81579e5913f2@group-0E159EE4F99E-FollowerState was interrupted: java.lang.InterruptedException: sleep interrupted
2019-11-05 08:24:05,455 [grpc-default-executor-0] INFO  impl.RoleInfo (RoleInfo.java:updateAndGet(143)) - b3bb9051-8089-4c51-a999-81579e5913f2: start FollowerState
2019-11-05 08:24:05,455 [Thread-2065] INFO  impl.FollowerState (FollowerState.java:run(117)) - caafcba9-090a-41f5-a5f9-cba5a6a81e94@group-0E159EE4F99E-FollowerState was interrupted: java.lang.InterruptedException: sleep interrupted
2019-11-05 08:24:05,455 [grpc-default-executor-5] INFO  impl.RoleInfo (RoleInfo.java:updateAndGet(143)) - caafcba9-090a-41f5-a5f9-cba5a6a81e94: start FollowerState
2019-11-05 08:24:05,458 [Thread-2078] INFO  impl.FollowerState (FollowerState.java:run(108)) - 4a682f4f-c3f2-4b77-88b7-f0ab78890feb@group-0DB8C7688BF9-FollowerState: change to CANDIDATE, lastRpcTime:137ms, electionTimeout:137ms
2019-11-05 08:24:05,458 [Thread-2078] INFO  impl.RoleInfo (RoleInfo.java:shutdownFollowerState(121)) - 4a682f4f-c3f2-4b77-88b7-f0ab78890feb: shutdown FollowerState
2019-11-05 08:24:05,459 [Thread-2078] INFO  impl.RaftServerImpl (RaftServerImpl.java:setRole(184)) - 4a682f4f-c3f2-4b77-88b7-f0ab78890feb@group-0DB8C7688BF9: changes role from  FOLLOWER to CANDIDATE at term 128 for changeToCandidate
2019-11-05 08:24:05,459 [Thread-2078] INFO  impl.RoleInfo (RoleInfo.java:updateAndGet(143)) - 4a682f4f-c3f2-4b77-88b7-f0ab78890feb: start LeaderElection
2019-11-05 08:24:05,487 [4a682f4f-c3f2-4b77-88b7-f0ab78890feb@group-0DB8C7688BF9-LeaderElection261] INFO  impl.LeaderElection (LeaderElection.java:askForVotes(178)) - 4a682f4f-c3f2-4b77-88b7-f0ab78890feb@group-0DB8C7688BF9-LeaderElection261: begin an election at term 129 for -1: [77ab65e6-d942-49df-83a3-1d4c0bf152b3:192.168.164.217:39381, 7e1b84a9-a041-44fd-8008-f2679426984c:192.168.164.217:44149, 4a682f4f-c3f2-4b77-88b7-f0ab78890feb:192.168.164.217:34174], old=null
2019-11-05 08:24:05,488 [a8ae9c07-6d89-4a49-a594-cacd4b776180@group-0E159EE4F99E-LeaderElection260] INFO  impl.LeaderElection (LeaderElection.java:logAndReturn(56)) - a8ae9c07-6d89-4a49-a594-cacd4b776180@group-0E159EE4F99E-LeaderElection260: Election REJECTED; received 2 response(s) [a8ae9c07-6d89-4a49-a594-cacd4b776180<-caafcba9-090a-41f5-a5f9-cba5a6a81e94#0:FAIL-t139, a8ae9c07-6d89-4a49-a594-cacd4b776180<-b3bb9051-8089-4c51-a999-81579e5913f2#0:FAIL-t139] and 0 exception(s); a8ae9c07-6d89-4a49-a594-cacd4b776180@group-0E159EE4F99E:t139, leader=null, voted=a8ae9c07-6d89-4a49-a594-cacd4b776180, raftlog=a8ae9c07-6d89-4a49-a594-cacd4b776180@group-0E159EE4F99E-SegmentedRaftLog:OPENED:c-1,f-1,i0, conf=-1: [caafcba9-090a-41f5-a5f9-cba5a6a81e94:192.168.164.217:37197, a8ae9c07-6d89-4a49-a594-cacd4b776180:192.168.164.217:42719, b3bb9051-8089-4c51-a999-81579e5913f2:192.168.164.217:36516], old=null
2019-11-05 08:24:05,488 [a8ae9c07-6d89-4a49-a594-cacd4b776180@group-0E159EE4F99E-LeaderElection260] INFO  impl.RaftServerImpl (RaftServerImpl.java:setRole(184)) - a8ae9c07-6d89-4a49-a594-cacd4b776180@group-0E159EE4F99E: changes role from CANDIDATE to FOLLOWER at term 139 for DISCOVERED_A_NEW_TERM
2019-11-05 08:24:05,488 [a8ae9c07-6d89-4a49-a594-cacd4b776180@group-0E159EE4F99E-LeaderElection260] INFO  impl.RoleInfo (RoleInfo.java:shutdownLeaderElection(134)) - a8ae9c07-6d89-4a49-a594-cacd4b776180: shutdown LeaderElection
2019-11-05 08:24:05,488 [a8ae9c07-6d89-4a49-a594-cacd4b776180@group-0E159EE4F99E-LeaderElection260] INFO  impl.RoleInfo (RoleInfo.java:updateAndGet(143)) - a8ae9c07-6d89-4a49-a594-cacd4b776180: start FollowerState
2019-11-05 08:24:05,489 [grpc-default-executor-5] INFO  impl.RaftServerImpl (RaftServerImpl.java:setRole(184)) - 77ab65e6-d942-49df-83a3-1d4c0bf152b3@group-0DB8C7688BF9: changes role from  FOLLOWER to FOLLOWER at term 129 for recognizeCandidate:4a682f4f-c3f2-4b77-88b7-f0ab78890feb
2019-11-05 08:24:05,489 [grpc-default-executor-5] INFO  impl.RoleInfo (RoleInfo.java:shutdownFollowerState(121)) - 77ab65e6-d942-49df-83a3-1d4c0bf152b3: shutdown FollowerState
2019-11-05 08:24:05,489 [grpc-default-executor-0] INFO  impl.RaftServerImpl (RaftServerImpl.java:setRole(184)) - 7e1b84a9-a041-44fd-8008-f2679426984c@group-0DB8C7688BF9: changes role from  FOLLOWER to FOLLOWER at term 129 for recognizeCandidate:4a682f4f-c3f2-4b77-88b7-f0ab78890feb
2019-11-05 08:24:05,489 [Thread-2077] INFO  impl.FollowerState (FollowerState.java:run(117)) - 77ab65e6-d942-49df-83a3-1d4c0bf152b3@group-0DB8C7688BF9-FollowerState was interrupted: java.lang.InterruptedException: sleep interrupted
2019-11-05 08:24:05,489 [grpc-default-executor-5] INFO  impl.RoleInfo (RoleInfo.java:updateAndGet(143)) - 77ab65e6-d942-49df-83a3-1d4c0bf152b3: start FollowerState
2019-11-05 08:24:05,489 [grpc-default-executor-0] INFO  impl.RoleInfo (RoleInfo.java:shutdownFollowerState(121)) - 7e1b84a9-a041-44fd-8008-f2679426984c: shutdown FollowerState
2019-11-05 08:24:05,490 [grpc-default-executor-0] INFO  impl.RoleInfo (RoleInfo.java:updateAndGet(143)) - 7e1b84a9-a041-44fd-8008-f2679426984c: start FollowerState
2019-11-05 08:24:05,490 [Thread-2076] INFO  impl.FollowerState (FollowerState.java:run(117)) - 7e1b84a9-a041-44fd-8008-f2679426984c@group-0DB8C7688BF9-FollowerState was interrupted: java.lang.InterruptedException: sleep interrupted
2019-11-05 08:24:05,508 [4a682f4f-c3f2-4b77-88b7-f0ab78890feb@group-0DB8C7688BF9-LeaderElection261] INFO  impl.LeaderElection (LeaderElection.java:logAndReturn(56)) - 4a682f4f-c3f2-4b77-88b7-f0ab78890feb@group-0DB8C7688BF9-LeaderElection261: Election REJECTED; received 2 response(s) [4a682f4f-c3f2-4b77-88b7-f0ab78890feb<-77ab65e6-d942-49df-83a3-1d4c0bf152b3#0:FAIL-t129, 4a682f4f-c3f2-4b77-88b7-f0ab78890feb<-7e1b84a9-a041-44fd-8008-f2679426984c#0:FAIL-t129] and 0 exception(s); 4a682f4f-c3f2-4b77-88b7-f0ab78890feb@group-0DB8C7688BF9:t129, leader=null, voted=4a682f4f-c3f2-4b77-88b7-f0ab78890feb, raftlog=4a682f4f-c3f2-4b77-88b7-f0ab78890feb@group-0DB8C7688BF9-SegmentedRaftLog:OPENED:c-1,f-1,i0, conf=-1: [77ab65e6-d942-49df-83a3-1d4c0bf152b3:192.168.164.217:39381, 7e1b84a9-a041-44fd-8008-f2679426984c:192.168.164.217:44149, 4a682f4f-c3f2-4b77-88b7-f0ab78890feb:192.168.164.217:34174], old=null
2019-11-05 08:24:05,508 [4a682f4f-c3f2-4b77-88b7-f0ab78890feb@group-0DB8C7688BF9-LeaderElection261] INFO  impl.RaftServerImpl (RaftServerImpl.java:setRole(184)) - 4a682f4f-c3f2-4b77-88b7-f0ab78890feb@group-0DB8C7688BF9: changes role from CANDIDATE to FOLLOWER at term 129 for DISCOVERED_A_NEW_TERM
2019-11-05 08:24:05,508 [4a682f4f-c3f2-4b77-88b7-f0ab78890feb@group-0DB8C7688BF9-LeaderElection261] INFO  impl.RoleInfo (RoleInfo.java:shutdownLeaderElection(134)) - 4a682f4f-c3f2-4b77-88b7-f0ab78890feb: shutdown LeaderElection
2019-11-05 08:24:05,508 [4a682f4f-c3f2-4b77-88b7-f0ab78890feb@group-0DB8C7688BF9-LeaderElection261] INFO  impl.RoleInfo (RoleInfo.java:updateAndGet(143)) - 4a682f4f-c3f2-4b77-88b7-f0ab78890feb: start FollowerState
2019-11-05 08:24:05,576 [Thread-2087] INFO  impl.FollowerState (FollowerState.java:run(108)) - a8ae9c07-6d89-4a49-a594-cacd4b776180@group-0E159EE4F99E-FollowerState: change to CANDIDATE, lastRpcTime:87ms, electionTimeout:87ms
2019-11-05 08:24:05,576 [Thread-2087] INFO  impl.RoleInfo (RoleInfo.java:shutdownFollowerState(121)) - a8ae9c07-6d89-4a49-a594-cacd4b776180: shutdown FollowerState
2019-11-05 08:24:05,576 [Thread-2087] INFO  impl.RaftServerImpl (RaftServerImpl.java:setRole(184)) - a8ae9c07-6d89-4a49-a594-cacd4b776180@group-0E159EE4F99E: changes role from  FOLLOWER to CANDIDATE at term 139 for changeToCandidate
2019-11-05 08:24:05,576 [Thread-2087] INFO  impl.RoleInfo (RoleInfo.java:updateAndGet(143)) - a8ae9c07-6d89-4a49-a594-cacd4b776180: start LeaderElection
2019-11-05 08:24:05,590 [a8ae9c07-6d89-4a49-a594-cacd4b776180@group-0E159EE4F99E-LeaderElection262] INFO  impl.LeaderElection (LeaderElection.java:askForVotes(178)) - a8ae9c07-6d89-4a49-a594-cacd4b776180@group-0E159EE4F99E-LeaderElection262: begin an election at term 140 for -1: [caafcba9-090a-41f5-a5f9-cba5a6a81e94:192.168.164.217:37197, a8ae9c07-6d89-4a49-a594-cacd4b776180:192.168.164.217:42719, b3bb9051-8089-4c51-a999-81579e5913f2:192.168.164.217:36516], old=null
2019-11-05 08:24:05,592 [grpc-default-executor-5] INFO  impl.RaftServerImpl (RaftServerImpl.java:setRole(184)) - caafcba9-090a-41f5-a5f9-cba5a6a81e94@group-0E159EE4F99E: changes role from  FOLLOWER to FOLLOWER at term 140 for recognizeCandidate:a8ae9c07-6d89-4a49-a594-cacd4b776180
2019-11-05 08:24:05,592 [grpc-default-executor-5] INFO  impl.RoleInfo (RoleInfo.java:shutdownFollowerState(121)) - caafcba9-090a-41f5-a5f9-cba5a6a81e94: shutdown FollowerState
2019-11-05 08:24:05,592 [grpc-default-executor-0] INFO  impl.RaftServerImpl (RaftServerImpl.java:setRole(184)) - b3bb9051-8089-4c51-a999-81579e5913f2@group-0E159EE4F99E: changes role from  FOLLOWER to FOLLOWER at term 140 for recognizeCandidate:a8ae9c07-6d89-4a49-a594-cacd4b776180
2019-11-05 08:24:05,593 [Thread-2083] INFO  impl.FollowerState (FollowerState.java:run(117)) - caafcba9-090a-41f5-a5f9-cba5a6a81e94@group-0E159EE4F99E-FollowerState was interrupted: java.lang.InterruptedException: sleep interrupted
2019-11-05 08:24:05,593 [grpc-default-executor-5] INFO  impl.RoleInfo (RoleInfo.java:updateAndGet(143)) - caafcba9-090a-41f5-a5f9-cba5a6a81e94: start FollowerState
2019-11-05 08:24:05,593 [grpc-default-executor-0] INFO  impl.RoleInfo (RoleInfo.java:shutdownFollowerState(121)) - b3bb9051-8089-4c51-a999-81579e5913f2: shutdown FollowerState
2019-11-05 08:24:05,593 [grpc-default-executor-0] INFO  impl.RoleInfo (RoleInfo.java:updateAndGet(143)) - b3bb9051-8089-4c51-a999-81579e5913f2: start FollowerState
2019-11-05 08:24:05,593 [Thread-2082] INFO  impl.FollowerState (FollowerState.java:run(117)) - b3bb9051-8089-4c51-a999-81579e5913f2@group-0E159EE4F99E-FollowerState was interrupted: java.lang.InterruptedException: sleep interrupted
2019-11-05 08:24:05,608 [a8ae9c07-6d89-4a49-a594-cacd4b776180@group-0E159EE4F99E-LeaderElection262] INFO  impl.LeaderElection (LeaderElection.java:logAndReturn(56)) - a8ae9c07-6d89-4a49-a594-cacd4b776180@group-0E159EE4F99E-LeaderElection262: Election REJECTED; received 2 response(s) [a8ae9c07-6d89-4a49-a594-cacd4b776180<-caafcba9-090a-41f5-a5f9-cba5a6a81e94#0:FAIL-t140, a8ae9c07-6d89-4a49-a594-cacd4b776180<-b3bb9051-8089-4c51-a999-81579e5913f2#0:FAIL-t140] and 0 exception(s); a8ae9c07-6d89-4a49-a594-cacd4b776180@group-0E159EE4F99E:t140, leader=null, voted=a8ae9c07-6d89-4a49-a594-cacd4b776180, raftlog=a8ae9c07-6d89-4a49-a594-cacd4b776180@group-0E159EE4F99E-SegmentedRaftLog:OPENED:c-1,f-1,i0, conf=-1: [caafcba9-090a-41f5-a5f9-cba5a6a81e94:192.168.164.217:37197, a8ae9c07-6d89-4a49-a594-cacd4b776180:192.168.164.217:42719, b3bb9051-8089-4c51-a999-81579e5913f2:192.168.164.217:36516], old=null
2019-11-05 08:24:05,608 [a8ae9c07-6d89-4a49-a594-cacd4b776180@group-0E159EE4F99E-LeaderElection262] INFO  impl.RaftServerImpl (RaftServerImpl.java:setRole(184)) - a8ae9c07-6d89-4a49-a594-cacd4b776180@group-0E159EE4F99E: changes role from CANDIDATE to FOLLOWER at term 140 for DISCOVERED_A_NEW_TERM
2019-11-05 08:24:05,608 [a8ae9c07-6d89-4a49-a594-cacd4b776180@group-0E159EE4F99E-LeaderElection262] INFO  impl.RoleInfo (RoleInfo.java:shutdownLeaderElection(134)) - a8ae9c07-6d89-4a49-a594-cacd4b776180: shutdown LeaderElection
2019-11-05 08:24:05,608 [a8ae9c07-6d89-4a49-a594-cacd4b776180@group-0E159EE4F99E-LeaderElection262] INFO  impl.RoleInfo (RoleInfo.java:updateAndGet(143)) - a8ae9c07-6d89-4a49-a594-cacd4b776180: start FollowerState
2019-11-05 08:24:05,610 [Thread-2090] INFO  impl.FollowerState (FollowerState.java:run(108)) - 4a682f4f-c3f2-4b77-88b7-f0ab78890feb@group-0DB8C7688BF9-FollowerState: change to CANDIDATE, lastRpcTime:102ms, electionTimeout:102ms
2019-11-05 08:24:05,611 [Thread-2090] INFO  impl.RoleInfo (RoleInfo.java:shutdownFollowerState(121)) - 4a682f4f-c3f2-4b77-88b7-f0ab78890feb: shutdown FollowerState
2019-11-05 08:24:05,611 [Thread-2090] INFO  impl.RaftServerImpl (RaftServerImpl.java:setRole(184)) - 4a682f4f-c3f2-4b77-88b7-f0ab78890feb@group-0DB8C7688BF9: changes role from  FOLLOWER to CANDIDATE at term 129 for changeToCandidate
2019-11-05 08:24:05,611 [Thread-2090] INFO  impl.RoleInfo (RoleInfo.java:updateAndGet(143)) - 4a682f4f-c3f2-4b77-88b7-f0ab78890feb: start LeaderElection
2019-11-05 08:24:05,625 [4a682f4f-c3f2-4b77-88b7-f0ab78890feb@group-0DB8C7688BF9-LeaderElection263] INFO  impl.LeaderElection (LeaderElection.java:askForVotes(178)) - 4a682f4f-c3f2-4b77-88b7-f0ab78890feb@group-0DB8C7688BF9-LeaderElection263: begin an election at term 130 for -1: [77ab65e6-d942-49df-83a3-1d4c0bf152b3:192.168.164.217:39381, 7e1b84a9-a041-44fd-8008-f2679426984c:192.168.164.217:44149, 4a682f4f-c3f2-4b77-88b7-f0ab78890feb:192.168.164.217:34174], old=null
2019-11-05 08:24:05,626 [grpc-default-executor-0] INFO  impl.RaftServerImpl (RaftServerImpl.java:setRole(184)) - 77ab65e6-d942-49df-83a3-1d4c0bf152b3@group-0DB8C7688BF9: changes role from  FOLLOWER to FOLLOWER at term 130 for recognizeCandidate:4a682f4f-c3f2-4b77-88b7-f0ab78890feb
2019-11-05 08:24:05,627 [grpc-default-executor-0] INFO  impl.RoleInfo (RoleInfo.java:shutdownFollowerState(121)) - 77ab65e6-d942-49df-83a3-1d4c0bf152b3: shutdown FollowerState
2019-11-05 08:24:05,627 [grpc-default-executor-5] INFO  impl.RaftServerImpl (RaftServerImpl.java:setRole(184)) - 7e1b84a9-a041-44fd-8008-f2679426984c@group-0DB8C7688BF9: changes role from  FOLLOWER to FOLLOWER at term 130 for recognizeCandidate:4a682f4f-c3f2-4b77-88b7-f0ab78890feb
2019-11-05 08:24:05,627 [grpc-default-executor-5] INFO  impl.RoleInfo (RoleInfo.java:shutdownFollowerState(121)) - 7e1b84a9-a041-44fd-8008-f2679426984c: shutdown FollowerState
2019-11-05 08:24:05,627 [Thread-2088] INFO  impl.FollowerState (FollowerState.java:run(117)) - 77ab65e6-d942-49df-83a3-1d4c0bf152b3@group-0DB8C7688BF9-FollowerState was interrupted: java.lang.InterruptedException: sleep interrupted
2019-11-05 08:24:05,627 [grpc-default-executor-0] INFO  impl.RoleInfo (RoleInfo.java:updateAndGet(143)) - 77ab65e6-d942-49df-83a3-1d4c0bf152b3: start FollowerState
2019-11-05 08:24:05,627 [grpc-default-executor-5] INFO  impl.RoleInfo (RoleInfo.java:updateAndGet(143)) - 7e1b84a9-a041-44fd-8008-f2679426984c: start FollowerState
2019-11-05 08:24:05,627 [Thread-2089] INFO  impl.FollowerState (FollowerState.java:run(117)) - 7e1b84a9-a041-44fd-8008-f2679426984c@group-0DB8C7688BF9-FollowerState was interrupted: java.lang.InterruptedException: sleep interrupted
2019-11-05 08:24:05,641 [4a682f4f-c3f2-4b77-88b7-f0ab78890feb@group-0DB8C7688BF9-LeaderElection263] INFO  impl.LeaderElection (LeaderElection.java:logAndReturn(56)) - 4a682f4f-c3f2-4b77-88b7-f0ab78890feb@group-0DB8C7688BF9-LeaderElection263: Election REJECTED; received 2 response(s) [4a682f4f-c3f2-4b77-88b7-f0ab78890feb<-77ab65e6-d942-49df-83a3-1d4c0bf152b3#0:FAIL-t130, 4a682f4f-c3f2-4b77-88b7-f0ab78890feb<-7e1b84a9-a041-44fd-8008-f2679426984c#0:FAIL-t130] and 0 exception(s); 4a682f4f-c3f2-4b77-88b7-f0ab78890feb@group-0DB8C7688BF9:t130, leader=null, voted=4a682f4f-c3f2-4b77-88b7-f0ab78890feb, raftlog=4a682f4f-c3f2-4b77-88b7-f0ab78890feb@group-0DB8C7688BF9-SegmentedRaftLog:OPENED:c-1,f-1,i0, conf=-1: [77ab65e6-d942-49df-83a3-1d4c0bf152b3:192.168.164.217:39381, 7e1b84a9-a041-44fd-8008-f2679426984c:192.168.164.217:44149, 4a682f4f-c3f2-4b77-88b7-f0ab78890feb:192.168.164.217:34174], old=null
2019-11-05 08:24:05,641 [4a682f4f-c3f2-4b77-88b7-f0ab78890feb@group-0DB8C7688BF9-LeaderElection263] INFO  impl.RaftServerImpl (RaftServerImpl.java:setRole(184)) - 4a682f4f-c3f2-4b77-88b7-f0ab78890feb@group-0DB8C7688BF9: changes role from CANDIDATE to FOLLOWER at term 130 for DISCOVERED_A_NEW_TERM
2019-11-05 08:24:05,641 [4a682f4f-c3f2-4b77-88b7-f0ab78890feb@group-0DB8C7688BF9-LeaderElection263] INFO  impl.RoleInfo (RoleInfo.java:shutdownLeaderElection(134)) - 4a682f4f-c3f2-4b77-88b7-f0ab78890feb: shutdown LeaderElection
2019-11-05 08:24:05,641 [4a682f4f-c3f2-4b77-88b7-f0ab78890feb@group-0DB8C7688BF9-LeaderElection263] INFO  impl.RoleInfo (RoleInfo.java:updateAndGet(143)) - 4a682f4f-c3f2-4b77-88b7-f0ab78890feb: start FollowerState
2019-11-05 08:24:05,729 [Thread-2096] INFO  impl.FollowerState (FollowerState.java:run(108)) - a8ae9c07-6d89-4a49-a594-cacd4b776180@group-0E159EE4F99E-FollowerState: change to CANDIDATE, lastRpcTime:121ms, electionTimeout:121ms
2019-11-05 08:24:05,730 [Thread-2096] INFO  impl.RoleInfo (RoleInfo.java:shutdownFollowerState(121)) - a8ae9c07-6d89-4a49-a594-cacd4b776180: shutdown FollowerState
2019-11-05 08:24:05,730 [Thread-2096] INFO  impl.RaftServerImpl (RaftServerImpl.java:setRole(184)) - a8ae9c07-6d89-4a49-a594-cacd4b776180@group-0E159EE4F99E: changes role from  FOLLOWER to CANDIDATE at term 140 for changeToCandidate
2019-11-05 08:24:05,730 [Thread-2096] INFO  impl.RoleInfo (RoleInfo.java:updateAndGet(143)) - a8ae9c07-6d89-4a49-a594-cacd4b776180: start LeaderElection
2019-11-05 08:24:05,744 [a8ae9c07-6d89-4a49-a594-cacd4b776180@group-0E159EE4F99E-LeaderElection264] INFO  impl.LeaderElection (LeaderElection.java:askForVotes(178)) - a8ae9c07-6d89-4a49-a594-cacd4b776180@group-0E159EE4F99E-LeaderElection264: begin an election at term 141 for -1: [caafcba9-090a-41f5-a5f9-cba5a6a81e94:192.168.164.217:37197, a8ae9c07-6d89-4a49-a594-cacd4b776180:192.168.164.217:42719, b3bb9051-8089-4c51-a999-81579e5913f2:192.168.164.217:36516], old=null
2019-11-05 08:24:05,746 [grpc-default-executor-5] INFO  impl.RaftServerImpl (RaftServerImpl.java:setRole(184)) - caafcba9-090a-41f5-a5f9-cba5a6a81e94@group-0E159EE4F99E: changes role from  FOLLOWER to FOLLOWER at term 141 for recognizeCandidate:a8ae9c07-6d89-4a49-a594-cacd4b776180
2019-11-05 08:24:05,746 [grpc-default-executor-5] INFO  impl.RoleInfo (RoleInfo.java:shutdownFollowerState(121)) - caafcba9-090a-41f5-a5f9-cba5a6a81e94: shutdown FollowerState
2019-11-05 08:24:05,747 [grpc-default-executor-5] INFO  impl.RoleInfo (RoleInfo.java:updateAndGet(143)) - caafcba9-090a-41f5-a5f9-cba5a6a81e94: start FollowerState
2019-11-05 08:24:05,747 [Thread-2094] INFO  impl.FollowerState (FollowerState.java:run(117)) - caafcba9-090a-41f5-a5f9-cba5a6a81e94@group-0E159EE4F99E-FollowerState was interrupted: java.lang.InterruptedException: sleep interrupted
2019-11-05 08:24:05,747 [grpc-default-executor-0] INFO  impl.RaftServerImpl (RaftServerImpl.java:setRole(184)) - b3bb9051-8089-4c51-a999-81579e5913f2@group-0E159EE4F99E: changes role from  FOLLOWER to FOLLOWER at term 141 for recognizeCandidate:a8ae9c07-6d89-4a49-a594-cacd4b776180
2019-11-05 08:24:05,747 [grpc-default-executor-0] INFO  impl.RoleInfo (RoleInfo.java:shutdownFollowerState(121)) - b3bb9051-8089-4c51-a999-81579e5913f2: shutdown FollowerState
2019-11-05 08:24:05,747 [grpc-default-executor-0] INFO  impl.RoleInfo (RoleInfo.java:updateAndGet(143)) - b3bb9051-8089-4c51-a999-81579e5913f2: start FollowerState
2019-11-05 08:24:05,747 [Thread-2095] INFO  impl.FollowerState (FollowerState.java:run(117)) - b3bb9051-8089-4c51-a999-81579e5913f2@group-0E159EE4F99E-FollowerState was interrupted: java.lang.InterruptedException: sleep interrupted
2019-11-05 08:24:05,761 [a8ae9c07-6d89-4a49-a594-cacd4b776180@group-0E159EE4F99E-LeaderElection264] INFO  impl.LeaderElection (LeaderElection.java:logAndReturn(56)) - a8ae9c07-6d89-4a49-a594-cacd4b776180@group-0E159EE4F99E-LeaderElection264: Election REJECTED; received 2 response(s) [a8ae9c07-6d89-4a49-a594-cacd4b776180<-caafcba9-090a-41f5-a5f9-cba5a6a81e94#0:FAIL-t141, a8ae9c07-6d89-4a49-a594-cacd4b776180<-b3bb9051-8089-4c51-a999-81579e5913f2#0:FAIL-t141] and 0 exception(s); a8ae9c07-6d89-4a49-a594-cacd4b776180@group-0E159EE4F99E:t141, leader=null, voted=a8ae9c07-6d89-4a49-a594-cacd4b776180, raftlog=a8ae9c07-6d89-4a49-a594-cacd4b776180@group-0E159EE4F99E-SegmentedRaftLog:OPENED:c-1,f-1,i0, conf=-1: [caafcba9-090a-41f5-a5f9-cba5a6a81e94:192.168.164.217:37197, a8ae9c07-6d89-4a49-a594-cacd4b776180:192.168.164.217:42719, b3bb9051-8089-4c51-a999-81579e5913f2:192.168.164.217:36516], old=null
2019-11-05 08:24:05,761 [a8ae9c07-6d89-4a49-a594-cacd4b776180@group-0E159EE4F99E-LeaderElection264] INFO  impl.RaftServerImpl (RaftServerImpl.java:setRole(184)) - a8ae9c07-6d89-4a49-a594-cacd4b776180@group-0E159EE4F99E: changes role from CANDIDATE to FOLLOWER at term 141 for DISCOVERED_A_NEW_TERM
2019-11-05 08:24:05,761 [a8ae9c07-6d89-4a49-a594-cacd4b776180@group-0E159EE4F99E-LeaderElection264] INFO  impl.RoleInfo (RoleInfo.java:shutdownLeaderElection(134)) - a8ae9c07-6d89-4a49-a594-cacd4b776180: shutdown LeaderElection
2019-11-05 08:24:05,762 [a8ae9c07-6d89-4a49-a594-cacd4b776180@group-0E159EE4F99E-LeaderElection264] INFO  impl.RoleInfo (RoleInfo.java:updateAndGet(143)) - a8ae9c07-6d89-4a49-a594-cacd4b776180: start FollowerState
2019-11-05 08:24:05,790 [Thread-2103] INFO  impl.FollowerState (FollowerState.java:run(108)) - 4a682f4f-c3f2-4b77-88b7-f0ab78890feb@group-0DB8C7688BF9-FollowerState: change to CANDIDATE, lastRpcTime:148ms, electionTimeout:148ms
2019-11-05 08:24:05,790 [Thread-2103] INFO  impl.RoleInfo (RoleInfo.java:shutdownFollowerState(121)) - 4a682f4f-c3f2-4b77-88b7-f0ab78890feb: shutdown FollowerState
2019-11-05 08:24:05,790 [Thread-2103] INFO  impl.RaftServerImpl (RaftServerImpl.java:setRole(184)) - 4a682f4f-c3f2-4b77-88b7-f0ab78890feb@group-0DB8C7688BF9: changes role from  FOLLOWER to CANDIDATE at term 130 for changeToCandidate
2019-11-05 08:24:05,790 [Thread-2103] INFO  impl.RoleInfo (RoleInfo.java:updateAndGet(143)) - 4a682f4f-c3f2-4b77-88b7-f0ab78890feb: start LeaderElection
2019-11-05 08:24:05,804 [4a682f4f-c3f2-4b77-88b7-f0ab78890feb@group-0DB8C7688BF9-LeaderElection265] INFO  impl.LeaderElection (LeaderElection.java:askForVotes(178)) - 4a682f4f-c3f2-4b77-88b7-f0ab78890feb@group-0DB8C7688BF9-LeaderElection265: begin an election at term 131 for -1: [77ab65e6-d942-49df-83a3-1d4c0bf152b3:192.168.164.217:39381, 7e1b84a9-a041-44fd-8008-f2679426984c:192.168.164.217:44149, 4a682f4f-c3f2-4b77-88b7-f0ab78890feb:192.168.164.217:34174], old=null
2019-11-05 08:24:05,806 [grpc-default-executor-0] INFO  impl.RaftServerImpl (RaftServerImpl.java:setRole(184)) - 77ab65e6-d942-49df-83a3-1d4c0bf152b3@group-0DB8C7688BF9: changes role from  FOLLOWER to FOLLOWER at term 131 for recognizeCandidate:4a682f4f-c3f2-4b77-88b7-f0ab78890feb
2019-11-05 08:24:05,806 [grpc-default-executor-5] INFO  impl.RaftServerImpl (RaftServerImpl.java:setRole(184)) - 7e1b84a9-a041-44fd-8008-f2679426984c@group-0DB8C7688BF9: changes role from  FOLLOWER to FOLLOWER at term 131 for recognizeCandidate:4a682f4f-c3f2-4b77-88b7-f0ab78890feb
2019-11-05 08:24:05,807 [grpc-default-executor-0] INFO  impl.RoleInfo (RoleInfo.java:shutdownFollowerState(121)) - 77ab65e6-d942-49df-83a3-1d4c0bf152b3: shutdown FollowerState
2019-11-05 08:24:05,807 [grpc-default-executor-5] INFO  impl.RoleInfo (RoleInfo.java:shutdownFollowerState(121)) - 7e1b84a9-a041-44fd-8008-f2679426984c: shutdown FollowerState
2019-11-05 08:24:05,807 [Thread-2101] INFO  impl.FollowerState (FollowerState.java:run(117)) - 77ab65e6-d942-49df-83a3-1d4c0bf152b3@group-0DB8C7688BF9-FollowerState was interrupted: java.lang.InterruptedException: sleep interrupted
2019-11-05 08:24:05,807 [grpc-default-executor-0] INFO  impl.RoleInfo (RoleInfo.java:updateAndGet(143)) - 77ab65e6-d942-49df-83a3-1d4c0bf152b3: start FollowerState
2019-11-05 08:24:05,807 [Thread-2102] INFO  impl.FollowerState (FollowerState.java:run(117)) - 7e1b84a9-a041-44fd-8008-f2679426984c@group-0DB8C7688BF9-FollowerState was interrupted: java.lang.InterruptedException: sleep interrupted
2019-11-05 08:24:05,807 [grpc-default-executor-5] INFO  impl.RoleInfo (RoleInfo.java:updateAndGet(143)) - 7e1b84a9-a041-44fd-8008-f2679426984c: start FollowerState
2019-11-05 08:24:05,822 [4a682f4f-c3f2-4b77-88b7-f0ab78890feb@group-0DB8C7688BF9-LeaderElection265] INFO  impl.LeaderElection (LeaderElection.java:logAndReturn(56)) - 4a682f4f-c3f2-4b77-88b7-f0ab78890feb@group-0DB8C7688BF9-LeaderElection265: Election REJECTED; received 2 response(s) [4a682f4f-c3f2-4b77-88b7-f0ab78890feb<-77ab65e6-d942-49df-83a3-1d4c0bf152b3#0:FAIL-t131, 4a682f4f-c3f2-4b77-88b7-f0ab78890feb<-7e1b84a9-a041-44fd-8008-f2679426984c#0:FAIL-t131] and 0 exception(s); 4a682f4f-c3f2-4b77-88b7-f0ab78890feb@group-0DB8C7688BF9:t131, leader=null, voted=4a682f4f-c3f2-4b77-88b7-f0ab78890feb, raftlog=4a682f4f-c3f2-4b77-88b7-f0ab78890feb@group-0DB8C7688BF9-SegmentedRaftLog:OPENED:c-1,f-1,i0, conf=-1: [77ab65e6-d942-49df-83a3-1d4c0bf152b3:192.168.164.217:39381, 7e1b84a9-a041-44fd-8008-f2679426984c:192.168.164.217:44149, 4a682f4f-c3f2-4b77-88b7-f0ab78890feb:192.168.164.217:34174], old=null
2019-11-05 08:24:05,822 [4a682f4f-c3f2-4b77-88b7-f0ab78890feb@group-0DB8C7688BF9-LeaderElection265] INFO  impl.RaftServerImpl (RaftServerImpl.java:setRole(184)) - 4a682f4f-c3f2-4b77-88b7-f0ab78890feb@group-0DB8C7688BF9: changes role from CANDIDATE to FOLLOWER at term 131 for DISCOVERED_A_NEW_TERM
2019-11-05 08:24:05,822 [4a682f4f-c3f2-4b77-88b7-f0ab78890feb@group-0DB8C7688BF9-LeaderElection265] INFO  impl.RoleInfo (RoleInfo.java:shutdownLeaderElection(134)) - 4a682f4f-c3f2-4b77-88b7-f0ab78890feb: shutdown LeaderElection
2019-11-05 08:24:05,822 [4a682f4f-c3f2-4b77-88b7-f0ab78890feb@group-0DB8C7688BF9-LeaderElection265] INFO  impl.RoleInfo (RoleInfo.java:updateAndGet(143)) - 4a682f4f-c3f2-4b77-88b7-f0ab78890feb: start FollowerState
2019-11-05 08:24:05,884 [Thread-2116] INFO  impl.FollowerState (FollowerState.java:run(108)) - 4a682f4f-c3f2-4b77-88b7-f0ab78890feb@group-0DB8C7688BF9-FollowerState: change to CANDIDATE, lastRpcTime:62ms, electionTimeout:62ms
2019-11-05 08:24:05,885 [Thread-2116] INFO  impl.RoleInfo (RoleInfo.java:shutdownFollowerState(121)) - 4a682f4f-c3f2-4b77-88b7-f0ab78890feb: shutdown FollowerState
2019-11-05 08:24:05,885 [Thread-2116] INFO  impl.RaftServerImpl (RaftServerImpl.java:setRole(184)) - 4a682f4f-c3f2-4b77-88b7-f0ab78890feb@group-0DB8C7688BF9: changes role from  FOLLOWER to CANDIDATE at term 131 for changeToCandidate
2019-11-05 08:24:05,885 [Thread-2116] INFO  impl.RoleInfo (RoleInfo.java:updateAndGet(143)) - 4a682f4f-c3f2-4b77-88b7-f0ab78890feb: start LeaderElection
2019-11-05 08:24:05,900 [4a682f4f-c3f2-4b77-88b7-f0ab78890feb@group-0DB8C7688BF9-LeaderElection266] INFO  impl.LeaderElection (LeaderElection.java:askForVotes(178)) - 4a682f4f-c3f2-4b77-88b7-f0ab78890feb@group-0DB8C7688BF9-LeaderElection266: begin an election at term 132 for -1: [77ab65e6-d942-49df-83a3-1d4c0bf152b3:192.168.164.217:39381, 7e1b84a9-a041-44fd-8008-f2679426984c:192.168.164.217:44149, 4a682f4f-c3f2-4b77-88b7-f0ab78890feb:192.168.164.217:34174], old=null
2019-11-05 08:24:05,903 [grpc-default-executor-0] INFO  impl.RaftServerImpl (RaftServerImpl.java:setRole(184)) - 77ab65e6-d942-49df-83a3-1d4c0bf152b3@group-0DB8C7688BF9: changes role from  FOLLOWER to FOLLOWER at term 132 for recognizeCandidate:4a682f4f-c3f2-4b77-88b7-f0ab78890feb
2019-11-05 08:24:05,903 [grpc-default-executor-0] INFO  impl.RoleInfo (RoleInfo.java:shutdownFollowerState(121)) - 77ab65e6-d942-49df-83a3-1d4c0bf152b3: shutdown FollowerState
2019-11-05 08:24:05,903 [grpc-default-executor-5] INFO  impl.RaftServerImpl (RaftServerImpl.java:setRole(184)) - 7e1b84a9-a041-44fd-8008-f2679426984c@group-0DB8C7688BF9: changes role from  FOLLOWER to FOLLOWER at term 132 for recognizeCandidate:4a682f4f-c3f2-4b77-88b7-f0ab78890feb
2019-11-05 08:24:05,904 [grpc-default-executor-5] INFO  impl.RoleInfo (RoleInfo.java:shutdownFollowerState(121)) - 7e1b84a9-a041-44fd-8008-f2679426984c: shutdown FollowerState
2019-11-05 08:24:05,904 [Thread-2114] INFO  impl.FollowerState (FollowerState.java:run(117)) - 77ab65e6-d942-49df-83a3-1d4c0bf152b3@group-0DB8C7688BF9-FollowerState was interrupted: java.lang.InterruptedException: sleep interrupted
2019-11-05 08:24:05,904 [Thread-2115] INFO  impl.FollowerState (FollowerState.java:run(117)) - 7e1b84a9-a041-44fd-8008-f2679426984c@group-0DB8C7688BF9-FollowerState was interrupted: java.lang.InterruptedException: sleep interrupted
2019-11-05 08:24:05,904 [grpc-default-executor-0] INFO  impl.RoleInfo (RoleInfo.java:updateAndGet(143)) - 77ab65e6-d942-49df-83a3-1d4c0bf152b3: start FollowerState
2019-11-05 08:24:05,904 [grpc-default-executor-5] INFO  impl.RoleInfo (RoleInfo.java:updateAndGet(143)) - 7e1b84a9-a041-44fd-8008-f2679426984c: start FollowerState
2019-11-05 08:24:05,907 [4a682f4f-c3f2-4b77-88b7-f0ab78890feb@group-0DB8C7688BF9-LeaderElection266] INFO  impl.LeaderElection (LeaderElection.java:logAndReturn(56)) - 4a682f4f-c3f2-4b77-88b7-f0ab78890feb@group-0DB8C7688BF9-LeaderElection266: Election TIMEOUT; received 0 response(s) [] and 0 exception(s); 4a682f4f-c3f2-4b77-88b7-f0ab78890feb@group-0DB8C7688BF9:t132, leader=null, voted=4a682f4f-c3f2-4b77-88b7-f0ab78890feb, raftlog=4a682f4f-c3f2-4b77-88b7-f0ab78890feb@group-0DB8C7688BF9-SegmentedRaftLog:OPENED:c-1,f-1,i0, conf=-1: [77ab65e6-d942-49df-83a3-1d4c0bf152b3:192.168.164.217:39381, 7e1b84a9-a041-44fd-8008-f2679426984c:192.168.164.217:44149, 4a682f4f-c3f2-4b77-88b7-f0ab78890feb:192.168.164.217:34174], old=null
2019-11-05 08:24:05,919 [4a682f4f-c3f2-4b77-88b7-f0ab78890feb@group-0DB8C7688BF9-LeaderElection266] INFO  impl.LeaderElection (LeaderElection.java:askForVotes(178)) - 4a682f4f-c3f2-4b77-88b7-f0ab78890feb@group-0DB8C7688BF9-LeaderElection266: begin an election at term 133 for -1: [77ab65e6-d942-49df-83a3-1d4c0bf152b3:192.168.164.217:39381, 7e1b84a9-a041-44fd-8008-f2679426984c:192.168.164.217:44149, 4a682f4f-c3f2-4b77-88b7-f0ab78890feb:192.168.164.217:34174], old=null
2019-11-05 08:24:05,920 [grpc-default-executor-5] INFO  impl.RaftServerImpl (RaftServerImpl.java:setRole(184)) - 77ab65e6-d942-49df-83a3-1d4c0bf152b3@group-0DB8C7688BF9: changes role from  FOLLOWER to FOLLOWER at term 133 for recognizeCandidate:4a682f4f-c3f2-4b77-88b7-f0ab78890feb
2019-11-05 08:24:05,921 [grpc-default-executor-5] INFO  impl.RoleInfo (RoleInfo.java:shutdownFollowerState(121)) - 77ab65e6-d942-49df-83a3-1d4c0bf152b3: shutdown FollowerState
2019-11-05 08:24:05,921 [grpc-default-executor-5] INFO  impl.RoleInfo (RoleInfo.java:updateAndGet(143)) - 77ab65e6-d942-49df-83a3-1d4c0bf152b3: start FollowerState
2019-11-05 08:24:05,921 [Thread-2120] INFO  impl.FollowerState (FollowerState.java:run(117)) - 77ab65e6-d942-49df-83a3-1d4c0bf152b3@group-0DB8C7688BF9-FollowerState was interrupted: java.lang.InterruptedException: sleep interrupted
2019-11-05 08:24:05,921 [grpc-default-executor-0] INFO  impl.RaftServerImpl (RaftServerImpl.java:setRole(184)) - 7e1b84a9-a041-44fd-8008-f2679426984c@group-0DB8C7688BF9: changes role from  FOLLOWER to FOLLOWER at term 133 for recognizeCandidate:4a682f4f-c3f2-4b77-88b7-f0ab78890feb
2019-11-05 08:24:05,921 [grpc-default-executor-0] INFO  impl.RoleInfo (RoleInfo.java:shutdownFollowerState(121)) - 7e1b84a9-a041-44fd-8008-f2679426984c: shutdown FollowerState
2019-11-05 08:24:05,921 [grpc-default-executor-0] INFO  impl.RoleInfo (RoleInfo.java:updateAndGet(143)) - 7e1b84a9-a041-44fd-8008-f2679426984c: start FollowerState
2019-11-05 08:24:05,922 [Thread-2121] INFO  impl.FollowerState (FollowerState.java:run(117)) - 7e1b84a9-a041-44fd-8008-f2679426984c@group-0DB8C7688BF9-FollowerState was interrupted: java.lang.InterruptedException: sleep interrupted
2019-11-05 08:24:05,935 [4a682f4f-c3f2-4b77-88b7-f0ab78890feb@group-0DB8C7688BF9-LeaderElection266] INFO  impl.LeaderElection (LeaderElection.java:logAndReturn(56)) - 4a682f4f-c3f2-4b77-88b7-f0ab78890feb@group-0DB8C7688BF9-LeaderElection266: Election REJECTED; received 2 response(s) [4a682f4f-c3f2-4b77-88b7-f0ab78890feb<-77ab65e6-d942-49df-83a3-1d4c0bf152b3#0:FAIL-t133, 4a682f4f-c3f2-4b77-88b7-f0ab78890feb<-7e1b84a9-a041-44fd-8008-f2679426984c#0:FAIL-t133] and 0 exception(s); 4a682f4f-c3f2-4b77-88b7-f0ab78890feb@group-0DB8C7688BF9:t133, leader=null, voted=4a682f4f-c3f2-4b77-88b7-f0ab78890feb, raftlog=4a682f4f-c3f2-4b77-88b7-f0ab78890feb@group-0DB8C7688BF9-SegmentedRaftLog:OPENED:c-1,f-1,i0, conf=-1: [77ab65e6-d942-49df-83a3-1d4c0bf152b3:192.168.164.217:39381, 7e1b84a9-a041-44fd-8008-f2679426984c:192.168.164.217:44149, 4a682f4f-c3f2-4b77-88b7-f0ab78890feb:192.168.164.217:34174], old=null
2019-11-05 08:24:05,935 [4a682f4f-c3f2-4b77-88b7-f0ab78890feb@group-0DB8C7688BF9-LeaderElection266] INFO  impl.RaftServerImpl (RaftServerImpl.java:setRole(184)) - 4a682f4f-c3f2-4b77-88b7-f0ab78890feb@group-0DB8C7688BF9: changes role from CANDIDATE to FOLLOWER at term 133 for DISCOVERED_A_NEW_TERM
2019-11-05 08:24:05,935 [4a682f4f-c3f2-4b77-88b7-f0ab78890feb@group-0DB8C7688BF9-LeaderElection266] INFO  impl.RoleInfo (RoleInfo.java:shutdownLeaderElection(134)) - 4a682f4f-c3f2-4b77-88b7-f0ab78890feb: shutdown LeaderElection
2019-11-05 08:24:05,935 [4a682f4f-c3f2-4b77-88b7-f0ab78890feb@group-0DB8C7688BF9-LeaderElection266] INFO  impl.RoleInfo (RoleInfo.java:updateAndGet(143)) - 4a682f4f-c3f2-4b77-88b7-f0ab78890feb: start FollowerState
2019-11-05 08:24:05,944 [Thread-2110] INFO  impl.FollowerState (FollowerState.java:run(108)) - a8ae9c07-6d89-4a49-a594-cacd4b776180@group-0E159EE4F99E-FollowerState: change to CANDIDATE, lastRpcTime:182ms, electionTimeout:182ms
2019-11-05 08:24:05,944 [Thread-2110] INFO  impl.RoleInfo (RoleInfo.java:shutdownFollowerState(121)) - a8ae9c07-6d89-4a49-a594-cacd4b776180: shutdown FollowerState
2019-11-05 08:24:05,944 [Thread-2110] INFO  impl.RaftServerImpl (RaftServerImpl.java:setRole(184)) - a8ae9c07-6d89-4a49-a594-cacd4b776180@group-0E159EE4F99E: changes role from  FOLLOWER to CANDIDATE at term 141 for changeToCandidate
2019-11-05 08:24:05,944 [Thread-2110] INFO  impl.RoleInfo (RoleInfo.java:updateAndGet(143)) - a8ae9c07-6d89-4a49-a594-cacd4b776180: start LeaderElection
2019-11-05 08:24:05,957 [a8ae9c07-6d89-4a49-a594-cacd4b776180@group-0E159EE4F99E-LeaderElection267] INFO  impl.LeaderElection (LeaderElection.java:askForVotes(178)) - a8ae9c07-6d89-4a49-a594-cacd4b776180@group-0E159EE4F99E-LeaderElection267: begin an election at term 142 for -1: [caafcba9-090a-41f5-a5f9-cba5a6a81e94:192.168.164.217:37197, a8ae9c07-6d89-4a49-a594-cacd4b776180:192.168.164.217:42719, b3bb9051-8089-4c51-a999-81579e5913f2:192.168.164.217:36516], old=null
2019-11-05 08:24:05,959 [grpc-default-executor-5] INFO  impl.RaftServerImpl (RaftServerImpl.java:setRole(184)) - b3bb9051-8089-4c51-a999-81579e5913f2@group-0E159EE4F99E: changes role from  FOLLOWER to FOLLOWER at term 142 for recognizeCandidate:a8ae9c07-6d89-4a49-a594-cacd4b776180
2019-11-05 08:24:05,959 [grpc-default-executor-5] INFO  impl.RoleInfo (RoleInfo.java:shutdownFollowerState(121)) - b3bb9051-8089-4c51-a999-81579e5913f2: shutdown FollowerState
2019-11-05 08:24:05,959 [grpc-default-executor-5] INFO  impl.RoleInfo (RoleInfo.java:updateAndGet(143)) - b3bb9051-8089-4c51-a999-81579e5913f2: start FollowerState
2019-11-05 08:24:05,959 [grpc-default-executor-0] INFO  impl.RaftServerImpl (RaftServerImpl.java:setRole(184)) - caafcba9-090a-41f5-a5f9-cba5a6a81e94@group-0E159EE4F99E: changes role from  FOLLOWER to FOLLOWER at term 142 for recognizeCandidate:a8ae9c07-6d89-4a49-a594-cacd4b776180
2019-11-05 08:24:05,959 [Thread-2109] INFO  impl.FollowerState (FollowerState.java:run(117)) - b3bb9051-8089-4c51-a999-81579e5913f2@group-0E159EE4F99E-FollowerState was interrupted: java.lang.InterruptedException: sleep interrupted
2019-11-05 08:24:05,959 [grpc-default-executor-0] INFO  impl.RoleInfo (RoleInfo.java:shutdownFollowerState(121)) - caafcba9-090a-41f5-a5f9-cba5a6a81e94: shutdown FollowerState
2019-11-05 08:24:05,960 [grpc-default-executor-0] INFO  impl.RoleInfo (RoleInfo.java:updateAndGet(143)) - caafcba9-090a-41f5-a5f9-cba5a6a81e94: start FollowerState
2019-11-05 08:24:05,960 [Thread-2126] INFO  impl.FollowerState (FollowerState.java:run(108)) - 4a682f4f-c3f2-4b77-88b7-f0ab78890feb@group-0DB8C7688BF9-FollowerState: change to CANDIDATE, lastRpcTime:24ms, electionTimeout:24ms
2019-11-05 08:24:05,960 [Thread-2108] INFO  impl.FollowerState (FollowerState.java:run(117)) - caafcba9-090a-41f5-a5f9-cba5a6a81e94@group-0E159EE4F99E-FollowerState was interrupted: java.lang.InterruptedException: sleep interrupted
2019-11-05 08:24:05,960 [Thread-2126] INFO  impl.RoleInfo (RoleInfo.java:shutdownFollowerState(121)) - 4a682f4f-c3f2-4b77-88b7-f0ab78890feb: shutdown FollowerState
2019-11-05 08:24:05,960 [Thread-2126] INFO  impl.RaftServerImpl (RaftServerImpl.java:setRole(184)) - 4a682f4f-c3f2-4b77-88b7-f0ab78890feb@group-0DB8C7688BF9: changes role from  FOLLOWER to CANDIDATE at term 133 for changeToCandidate
2019-11-05 08:24:05,960 [Thread-2126] INFO  impl.RoleInfo (RoleInfo.java:updateAndGet(143)) - 4a682f4f-c3f2-4b77-88b7-f0ab78890feb: start LeaderElection
2019-11-05 08:24:05,980 [4a682f4f-c3f2-4b77-88b7-f0ab78890feb@group-0DB8C7688BF9-LeaderElection268] INFO  impl.LeaderElection (LeaderElection.java:askForVotes(178)) - 4a682f4f-c3f2-4b77-88b7-f0ab78890feb@group-0DB8C7688BF9-LeaderElection268: begin an election at term 134 for -1: [77ab65e6-d942-49df-83a3-1d4c0bf152b3:192.168.164.217:39381, 7e1b84a9-a041-44fd-8008-f2679426984c:192.168.164.217:44149, 4a682f4f-c3f2-4b77-88b7-f0ab78890feb:192.168.164.217:34174], old=null
2019-11-05 08:24:05,981 [a8ae9c07-6d89-4a49-a594-cacd4b776180@group-0E159EE4F99E-LeaderElection267] INFO  impl.LeaderElection (LeaderElection.java:logAndReturn(56)) - a8ae9c07-6d89-4a49-a594-cacd4b776180@group-0E159EE4F99E-LeaderElection267: Election REJECTED; received 2 response(s) [a8ae9c07-6d89-4a49-a594-cacd4b776180<-caafcba9-090a-41f5-a5f9-cba5a6a81e94#0:FAIL-t142, a8ae9c07-6d89-4a49-a594-cacd4b776180<-b3bb9051-8089-4c51-a999-81579e5913f2#0:FAIL-t142] and 0 exception(s); a8ae9c07-6d89-4a49-a594-cacd4b776180@group-0E159EE4F99E:t142, leader=null, voted=a8ae9c07-6d89-4a49-a594-cacd4b776180, raftlog=a8ae9c07-6d89-4a49-a594-cacd4b776180@group-0E159EE4F99E-SegmentedRaftLog:OPENED:c-1,f-1,i0, conf=-1: [caafcba9-090a-41f5-a5f9-cba5a6a81e94:192.168.164.217:37197, a8ae9c07-6d89-4a49-a594-cacd4b776180:192.168.164.217:42719, b3bb9051-8089-4c51-a999-81579e5913f2:192.168.164.217:36516], old=null
2019-11-05 08:24:05,981 [a8ae9c07-6d89-4a49-a594-cacd4b776180@group-0E159EE4F99E-LeaderElection267] INFO  impl.RaftServerImpl (RaftServerImpl.java:setRole(184)) - a8ae9c07-6d89-4a49-a594-cacd4b776180@group-0E159EE4F99E: changes role from CANDIDATE to FOLLOWER at term 142 for DISCOVERED_A_NEW_TERM
2019-11-05 08:24:05,981 [a8ae9c07-6d89-4a49-a594-cacd4b776180@group-0E159EE4F99E-LeaderElection267] INFO  impl.RoleInfo (RoleInfo.java:shutdownLeaderElection(134)) - a8ae9c07-6d89-4a49-a594-cacd4b776180: shutdown LeaderElection
2019-11-05 08:24:05,981 [a8ae9c07-6d89-4a49-a594-cacd4b776180@group-0E159EE4F99E-LeaderElection267] INFO  impl.RoleInfo (RoleInfo.java:updateAndGet(143)) - a8ae9c07-6d89-4a49-a594-cacd4b776180: start FollowerState
2019-11-05 08:24:05,982 [grpc-default-executor-5] INFO  impl.RaftServerImpl (RaftServerImpl.java:setRole(184)) - 77ab65e6-d942-49df-83a3-1d4c0bf152b3@group-0DB8C7688BF9: changes role from  FOLLOWER to FOLLOWER at term 134 for recognizeCandidate:4a682f4f-c3f2-4b77-88b7-f0ab78890feb
2019-11-05 08:24:05,982 [grpc-default-executor-5] INFO  impl.RoleInfo (RoleInfo.java:shutdownFollowerState(121)) - 77ab65e6-d942-49df-83a3-1d4c0bf152b3: shutdown FollowerState
2019-11-05 08:24:05,982 [grpc-default-executor-0] INFO  impl.RaftServerImpl (RaftServerImpl.java:setRole(184)) - 7e1b84a9-a041-44fd-8008-f2679426984c@group-0DB8C7688BF9: changes role from  FOLLOWER to FOLLOWER at term 134 for recognizeCandidate:4a682f4f-c3f2-4b77-88b7-f0ab78890feb
2019-11-05 08:24:05,983 [grpc-default-executor-0] INFO  impl.RoleInfo (RoleInfo.java:shutdownFollowerState(121)) - 7e1b84a9-a041-44fd-8008-f2679426984c: shutdown FollowerState
2019-11-05 08:24:05,983 [Thread-2124] INFO  impl.FollowerState (FollowerState.java:run(117)) - 77ab65e6-d942-49df-83a3-1d4c0bf152b3@group-0DB8C7688BF9-FollowerState was interrupted: java.lang.InterruptedException: sleep interrupted
2019-11-05 08:24:05,983 [Thread-2125] INFO  impl.FollowerState (FollowerState.java:run(117)) - 7e1b84a9-a041-44fd-8008-f2679426984c@group-0DB8C7688BF9-FollowerState was interrupted: java.lang.InterruptedException: sleep interrupted
2019-11-05 08:24:05,982 [grpc-default-executor-5] INFO  impl.RoleInfo (RoleInfo.java:updateAndGet(143)) - 77ab65e6-d942-49df-83a3-1d4c0bf152b3: start FollowerState
2019-11-05 08:24:05,983 [grpc-default-executor-0] INFO  impl.RoleInfo (RoleInfo.java:updateAndGet(143)) - 7e1b84a9-a041-44fd-8008-f2679426984c: start FollowerState
2019-11-05 08:24:05,992 [4a682f4f-c3f2-4b77-88b7-f0ab78890feb@group-0DB8C7688BF9-LeaderElection268] INFO  impl.LeaderElection (LeaderElection.java:logAndReturn(56)) - 4a682f4f-c3f2-4b77-88b7-f0ab78890feb@group-0DB8C7688BF9-LeaderElection268: Election REJECTED; received 2 response(s) [4a682f4f-c3f2-4b77-88b7-f0ab78890feb<-77ab65e6-d942-49df-83a3-1d4c0bf152b3#0:FAIL-t134, 4a682f4f-c3f2-4b77-88b7-f0ab78890feb<-7e1b84a9-a041-44fd-8008-f2679426984c#0:FAIL-t134] and 0 exception(s); 4a682f4f-c3f2-4b77-88b7-f0ab78890feb@group-0DB8C7688BF9:t134, leader=null, voted=4a682f4f-c3f2-4b77-88b7-f0ab78890feb, raftlog=4a682f4f-c3f2-4b77-88b7-f0ab78890feb@group-0DB8C7688BF9-SegmentedRaftLog:OPENED:c-1,f-1,i0, conf=-1: [77ab65e6-d942-49df-83a3-1d4c0bf152b3:192.168.164.217:39381, 7e1b84a9-a041-44fd-8008-f2679426984c:192.168.164.217:44149, 4a682f4f-c3f2-4b77-88b7-f0ab78890feb:192.168.164.217:34174], old=null
2019-11-05 08:24:05,992 [4a682f4f-c3f2-4b77-88b7-f0ab78890feb@group-0DB8C7688BF9-LeaderElection268] INFO  impl.RaftServerImpl (RaftServerImpl.java:setRole(184)) - 4a682f4f-c3f2-4b77-88b7-f0ab78890feb@group-0DB8C7688BF9: changes role from CANDIDATE to FOLLOWER at term 134 for DISCOVERED_A_NEW_TERM
2019-11-05 08:24:05,993 [4a682f4f-c3f2-4b77-88b7-f0ab78890feb@group-0DB8C7688BF9-LeaderElection268] INFO  impl.RoleInfo (RoleInfo.java:shutdownLeaderElection(134)) - 4a682f4f-c3f2-4b77-88b7-f0ab78890feb: shutdown LeaderElection
2019-11-05 08:24:05,993 [4a682f4f-c3f2-4b77-88b7-f0ab78890feb@group-0DB8C7688BF9-LeaderElection268] INFO  impl.RoleInfo (RoleInfo.java:updateAndGet(143)) - 4a682f4f-c3f2-4b77-88b7-f0ab78890feb: start FollowerState
2019-11-05 08:24:05,994 [Thread-2135] INFO  impl.FollowerState (FollowerState.java:run(108)) - a8ae9c07-6d89-4a49-a594-cacd4b776180@group-0E159EE4F99E-FollowerState: change to CANDIDATE, lastRpcTime:12ms, electionTimeout:12ms
2019-11-05 08:24:05,994 [Thread-2135] INFO  impl.RoleInfo (RoleInfo.java:shutdownFollowerState(121)) - a8ae9c07-6d89-4a49-a594-cacd4b776180: shutdown FollowerState
2019-11-05 08:24:05,994 [Thread-2135] INFO  impl.RaftServerImpl (RaftServerImpl.java:setRole(184)) - a8ae9c07-6d89-4a49-a594-cacd4b776180@group-0E159EE4F99E: changes role from  FOLLOWER to CANDIDATE at term 142 for changeToCandidate
2019-11-05 08:24:05,994 [Thread-2135] INFO  impl.RoleInfo (RoleInfo.java:updateAndGet(143)) - a8ae9c07-6d89-4a49-a594-cacd4b776180: start LeaderElection
2019-11-05 08:24:06,008 [a8ae9c07-6d89-4a49-a594-cacd4b776180@group-0E159EE4F99E-LeaderElection269] INFO  impl.LeaderElection (LeaderElection.java:askForVotes(178)) - a8ae9c07-6d89-4a49-a594-cacd4b776180@group-0E159EE4F99E-LeaderElection269: begin an election at term 143 for -1: [caafcba9-090a-41f5-a5f9-cba5a6a81e94:192.168.164.217:37197, a8ae9c07-6d89-4a49-a594-cacd4b776180:192.168.164.217:42719, b3bb9051-8089-4c51-a999-81579e5913f2:192.168.164.217:36516], old=null
2019-11-05 08:24:06,010 [grpc-default-executor-5] INFO  impl.RaftServerImpl (RaftServerImpl.java:setRole(184)) - b3bb9051-8089-4c51-a999-81579e5913f2@group-0E159EE4F99E: changes role from  FOLLOWER to FOLLOWER at term 143 for recognizeCandidate:a8ae9c07-6d89-4a49-a594-cacd4b776180
2019-11-05 08:24:06,010 [grpc-default-executor-5] INFO  impl.RoleInfo (RoleInfo.java:shutdownFollowerState(121)) - b3bb9051-8089-4c51-a999-81579e5913f2: shutdown FollowerState
2019-11-05 08:24:06,010 [grpc-default-executor-5] INFO  impl.RoleInfo (RoleInfo.java:updateAndGet(143)) - b3bb9051-8089-4c51-a999-81579e5913f2: start FollowerState
2019-11-05 08:24:06,010 [Thread-2130] INFO  impl.FollowerState (FollowerState.java:run(117)) - b3bb9051-8089-4c51-a999-81579e5913f2@group-0E159EE4F99E-FollowerState was interrupted: java.lang.InterruptedException: sleep interrupted
2019-11-05 08:24:06,011 [grpc-default-executor-0] INFO  impl.RaftServerImpl (RaftServerImpl.java:setRole(184)) - caafcba9-090a-41f5-a5f9-cba5a6a81e94@group-0E159EE4F99E: changes role from  FOLLOWER to FOLLOWER at term 143 for recognizeCandidate:a8ae9c07-6d89-4a49-a594-cacd4b776180
2019-11-05 08:24:06,011 [grpc-default-executor-0] INFO  impl.RoleInfo (RoleInfo.java:shutdownFollowerState(121)) - caafcba9-090a-41f5-a5f9-cba5a6a81e94: shutdown FollowerState
2019-11-05 08:24:06,011 [grpc-default-executor-0] INFO  impl.RoleInfo (RoleInfo.java:updateAndGet(143)) - caafcba9-090a-41f5-a5f9-cba5a6a81e94: start FollowerState
2019-11-05 08:24:06,011 [Thread-2131] INFO  impl.FollowerState (FollowerState.java:run(117)) - caafcba9-090a-41f5-a5f9-cba5a6a81e94@group-0E159EE4F99E-FollowerState was interrupted: java.lang.InterruptedException: sleep interrupted
2019-11-05 08:24:06,016 [Thread-2138] INFO  impl.FollowerState (FollowerState.java:run(108)) - 4a682f4f-c3f2-4b77-88b7-f0ab78890feb@group-0DB8C7688BF9-FollowerState: change to CANDIDATE, lastRpcTime:23ms, electionTimeout:23ms
2019-11-05 08:24:06,016 [Thread-2138] INFO  impl.RoleInfo (RoleInfo.java:shutdownFollowerState(121)) - 4a682f4f-c3f2-4b77-88b7-f0ab78890feb: shutdown FollowerState
2019-11-05 08:24:06,016 [Thread-2138] INFO  impl.RaftServerImpl (RaftServerImpl.java:setRole(184)) - 4a682f4f-c3f2-4b77-88b7-f0ab78890feb@group-0DB8C7688BF9: changes role from  FOLLOWER to CANDIDATE at term 134 for changeToCandidate
2019-11-05 08:24:06,017 [Thread-2138] INFO  impl.RoleInfo (RoleInfo.java:updateAndGet(143)) - 4a682f4f-c3f2-4b77-88b7-f0ab78890feb: start LeaderElection
2019-11-05 08:24:06,024 [4a682f4f-c3f2-4b77-88b7-f0ab78890feb@group-0DB8C7688BF9-LeaderElection270] INFO  impl.LeaderElection (LeaderElection.java:askForVotes(178)) - 4a682f4f-c3f2-4b77-88b7-f0ab78890feb@group-0DB8C7688BF9-LeaderElection270: begin an election at term 135 for -1: [77ab65e6-d942-49df-83a3-1d4c0bf152b3:192.168.164.217:39381, 7e1b84a9-a041-44fd-8008-f2679426984c:192.168.164.217:44149, 4a682f4f-c3f2-4b77-88b7-f0ab78890feb:192.168.164.217:34174], old=null
2019-11-05 08:24:06,025 [a8ae9c07-6d89-4a49-a594-cacd4b776180@group-0E159EE4F99E-LeaderElection269] INFO  impl.LeaderElection (LeaderElection.java:logAndReturn(56)) - a8ae9c07-6d89-4a49-a594-cacd4b776180@group-0E159EE4F99E-LeaderElection269: Election REJECTED; received 2 response(s) [a8ae9c07-6d89-4a49-a594-cacd4b776180<-caafcba9-090a-41f5-a5f9-cba5a6a81e94#0:FAIL-t143, a8ae9c07-6d89-4a49-a594-cacd4b776180<-b3bb9051-8089-4c51-a999-81579e5913f2#0:FAIL-t143] and 0 exception(s); a8ae9c07-6d89-4a49-a594-cacd4b776180@group-0E159EE4F99E:t143, leader=null, voted=a8ae9c07-6d89-4a49-a594-cacd4b776180, raftlog=a8ae9c07-6d89-4a49-a594-cacd4b776180@group-0E159EE4F99E-SegmentedRaftLog:OPENED:c-1,f-1,i0, conf=-1: [caafcba9-090a-41f5-a5f9-cba5a6a81e94:192.168.164.217:37197, a8ae9c07-6d89-4a49-a594-cacd4b776180:192.168.164.217:42719, b3bb9051-8089-4c51-a999-81579e5913f2:192.168.164.217:36516], old=null
2019-11-05 08:24:06,025 [a8ae9c07-6d89-4a49-a594-cacd4b776180@group-0E159EE4F99E-LeaderElection269] INFO  impl.RaftServerImpl (RaftServerImpl.java:setRole(184)) - a8ae9c07-6d89-4a49-a594-cacd4b776180@group-0E159EE4F99E: changes role from CANDIDATE to FOLLOWER at term 143 for DISCOVERED_A_NEW_TERM
2019-11-05 08:24:06,025 [a8ae9c07-6d89-4a49-a594-cacd4b776180@group-0E159EE4F99E-LeaderElection269] INFO  impl.RoleInfo (RoleInfo.java:shutdownLeaderElection(134)) - a8ae9c07-6d89-4a49-a594-cacd4b776180: shutdown LeaderElection
2019-11-05 08:24:06,025 [a8ae9c07-6d89-4a49-a594-cacd4b776180@group-0E159EE4F99E-LeaderElection269] INFO  impl.RoleInfo (RoleInfo.java:updateAndGet(143)) - a8ae9c07-6d89-4a49-a594-cacd4b776180: start FollowerState
2019-11-05 08:24:06,026 [grpc-default-executor-5] INFO  impl.RaftServerImpl (RaftServerImpl.java:setRole(184)) - 77ab65e6-d942-49df-83a3-1d4c0bf152b3@group-0DB8C7688BF9: changes role from  FOLLOWER to FOLLOWER at term 135 for recognizeCandidate:4a682f4f-c3f2-4b77-88b7-f0ab78890feb
2019-11-05 08:24:06,026 [grpc-default-executor-5] INFO  impl.RoleInfo (RoleInfo.java:shutdownFollowerState(121)) - 77ab65e6-d942-49df-83a3-1d4c0bf152b3: shutdown FollowerState
2019-11-05 08:24:06,026 [grpc-default-executor-5] INFO  impl.RoleInfo (RoleInfo.java:updateAndGet(143)) - 77ab65e6-d942-49df-83a3-1d4c0bf152b3: start FollowerState
2019-11-05 08:24:06,026 [Thread-2136] INFO  impl.FollowerState (FollowerState.java:run(117)) - 77ab65e6-d942-49df-83a3-1d4c0bf152b3@group-0DB8C7688BF9-FollowerState was interrupted: java.lang.InterruptedException: sleep interrupted
2019-11-05 08:24:06,027 [grpc-default-executor-0] INFO  impl.RaftServerImpl (RaftServerImpl.java:setRole(184)) - 7e1b84a9-a041-44fd-8008-f2679426984c@group-0DB8C7688BF9: changes role from  FOLLOWER to FOLLOWER at term 135 for recognizeCandidate:4a682f4f-c3f2-4b77-88b7-f0ab78890feb
2019-11-05 08:24:06,027 [grpc-default-executor-0] INFO  impl.RoleInfo (RoleInfo.java:shutdownFollowerState(121)) - 7e1b84a9-a041-44fd-8008-f2679426984c: shutdown FollowerState
2019-11-05 08:24:06,027 [grpc-default-executor-0] INFO  impl.RoleInfo (RoleInfo.java:updateAndGet(143)) - 7e1b84a9-a041-44fd-8008-f2679426984c: start FollowerState
2019-11-05 08:24:06,027 [Thread-2137] INFO  impl.FollowerState (FollowerState.java:run(117)) - 7e1b84a9-a041-44fd-8008-f2679426984c@group-0DB8C7688BF9-FollowerState was interrupted: java.lang.InterruptedException: sleep interrupted
2019-11-05 08:24:06,041 [4a682f4f-c3f2-4b77-88b7-f0ab78890feb@group-0DB8C7688BF9-LeaderElection270] INFO  impl.LeaderElection (LeaderElection.java:logAndReturn(56)) - 4a682f4f-c3f2-4b77-88b7-f0ab78890feb@group-0DB8C7688BF9-LeaderElection270: Election TIMEOUT; received 0 response(s) [] and 0 exception(s); 4a682f4f-c3f2-4b77-88b7-f0ab78890feb@group-0DB8C7688BF9:t135, leader=null, voted=4a682f4f-c3f2-4b77-88b7-f0ab78890feb, raftlog=4a682f4f-c3f2-4b77-88b7-f0ab78890feb@group-0DB8C7688BF9-SegmentedRaftLog:OPENED:c-1,f-1,i0, conf=-1: [77ab65e6-d942-49df-83a3-1d4c0bf152b3:192.168.164.217:39381, 7e1b84a9-a041-44fd-8008-f2679426984c:192.168.164.217:44149, 4a682f4f-c3f2-4b77-88b7-f0ab78890feb:192.168.164.217:34174], old=null
2019-11-05 08:24:06,054 [4a682f4f-c3f2-4b77-88b7-f0ab78890feb@group-0DB8C7688BF9-LeaderElection270] INFO  impl.LeaderElection (LeaderElection.java:askForVotes(178)) - 4a682f4f-c3f2-4b77-88b7-f0ab78890feb@group-0DB8C7688BF9-LeaderElection270: begin an election at term 136 for -1: [77ab65e6-d942-49df-83a3-1d4c0bf152b3:192.168.164.217:39381, 7e1b84a9-a041-44fd-8008-f2679426984c:192.168.164.217:44149, 4a682f4f-c3f2-4b77-88b7-f0ab78890feb:192.168.164.217:34174], old=null
2019-11-05 08:24:06,056 [grpc-default-executor-0] INFO  impl.RaftServerImpl (RaftServerImpl.java:setRole(184)) - 77ab65e6-d942-49df-83a3-1d4c0bf152b3@group-0DB8C7688BF9: changes role from  FOLLOWER to FOLLOWER at term 136 for recognizeCandidate:4a682f4f-c3f2-4b77-88b7-f0ab78890feb
2019-11-05 08:24:06,056 [grpc-default-executor-0] INFO  impl.RoleInfo (RoleInfo.java:shutdownFollowerState(121)) - 77ab65e6-d942-49df-83a3-1d4c0bf152b3: shutdown FollowerState
2019-11-05 08:24:06,056 [grpc-default-executor-0] INFO  impl.RoleInfo (RoleInfo.java:updateAndGet(143)) - 77ab65e6-d942-49df-83a3-1d4c0bf152b3: start FollowerState
2019-11-05 08:24:06,056 [Thread-2148] INFO  impl.FollowerState (FollowerState.java:run(117)) - 77ab65e6-d942-49df-83a3-1d4c0bf152b3@group-0DB8C7688BF9-FollowerState was interrupted: java.lang.InterruptedException: sleep interrupted
2019-11-05 08:24:06,056 [grpc-default-executor-5] INFO  impl.RaftServerImpl (RaftServerImpl.java:setRole(184)) - 7e1b84a9-a041-44fd-8008-f2679426984c@group-0DB8C7688BF9: changes role from  FOLLOWER to FOLLOWER at term 136 for recognizeCandidate:4a682f4f-c3f2-4b77-88b7-f0ab78890feb
2019-11-05 08:24:06,057 [grpc-default-executor-5] INFO  impl.RoleInfo (RoleInfo.java:shutdownFollowerState(121)) - 7e1b84a9-a041-44fd-8008-f2679426984c: shutdown FollowerState
2019-11-05 08:24:06,057 [grpc-default-executor-5] INFO  impl.RoleInfo (RoleInfo.java:updateAndGet(143)) - 7e1b84a9-a041-44fd-8008-f2679426984c: start FollowerState
2019-11-05 08:24:06,057 [Thread-2149] INFO  impl.FollowerState (FollowerState.java:run(117)) - 7e1b84a9-a041-44fd-8008-f2679426984c@group-0DB8C7688BF9-FollowerState was interrupted: java.lang.InterruptedException: sleep interrupted
2019-11-05 08:24:06,070 [4a682f4f-c3f2-4b77-88b7-f0ab78890feb@group-0DB8C7688BF9-LeaderElection270] INFO  impl.LeaderElection (LeaderElection.java:logAndReturn(56)) - 4a682f4f-c3f2-4b77-88b7-f0ab78890feb@group-0DB8C7688BF9-LeaderElection270: Election REJECTED; received 2 response(s) [4a682f4f-c3f2-4b77-88b7-f0ab78890feb<-77ab65e6-d942-49df-83a3-1d4c0bf152b3#0:FAIL-t136, 4a682f4f-c3f2-4b77-88b7-f0ab78890feb<-7e1b84a9-a041-44fd-8008-f2679426984c#0:FAIL-t136] and 0 exception(s); 4a682f4f-c3f2-4b77-88b7-f0ab78890feb@group-0DB8C7688BF9:t136, leader=null, voted=4a682f4f-c3f2-4b77-88b7-f0ab78890feb, raftlog=4a682f4f-c3f2-4b77-88b7-f0ab78890feb@group-0DB8C7688BF9-SegmentedRaftLog:OPENED:c-1,f-1,i0, conf=-1: [77ab65e6-d942-49df-83a3-1d4c0bf152b3:192.168.164.217:39381, 7e1b84a9-a041-44fd-8008-f2679426984c:192.168.164.217:44149, 4a682f4f-c3f2-4b77-88b7-f0ab78890feb:192.168.164.217:34174], old=null
2019-11-05 08:24:06,070 [4a682f4f-c3f2-4b77-88b7-f0ab78890feb@group-0DB8C7688BF9-LeaderElection270] INFO  impl.RaftServerImpl (RaftServerImpl.java:setRole(184)) - 4a682f4f-c3f2-4b77-88b7-f0ab78890feb@group-0DB8C7688BF9: changes role from CANDIDATE to FOLLOWER at term 136 for DISCOVERED_A_NEW_TERM
2019-11-05 08:24:06,071 [4a682f4f-c3f2-4b77-88b7-f0ab78890feb@group-0DB8C7688BF9-LeaderElection270] INFO  impl.RoleInfo (RoleInfo.java:shutdownLeaderElection(134)) - 4a682f4f-c3f2-4b77-88b7-f0ab78890feb: shutdown LeaderElection
2019-11-05 08:24:06,071 [4a682f4f-c3f2-4b77-88b7-f0ab78890feb@group-0DB8C7688BF9-LeaderElection270] INFO  impl.RoleInfo (RoleInfo.java:updateAndGet(143)) - 4a682f4f-c3f2-4b77-88b7-f0ab78890feb: start FollowerState
2019-11-05 08:24:06,190 [Thread-2147] INFO  impl.FollowerState (FollowerState.java:run(108)) - a8ae9c07-6d89-4a49-a594-cacd4b776180@group-0E159EE4F99E-FollowerState: change to CANDIDATE, lastRpcTime:164ms, electionTimeout:164ms
2019-11-05 08:24:06,190 [Thread-2147] INFO  impl.RoleInfo (RoleInfo.java:shutdownFollowerState(121)) - a8ae9c07-6d89-4a49-a594-cacd4b776180: shutdown FollowerState
2019-11-05 08:24:06,190 [Thread-2147] INFO  impl.RaftServerImpl (RaftServerImpl.java:setRole(184)) - a8ae9c07-6d89-4a49-a594-cacd4b776180@group-0E159EE4F99E: changes role from  FOLLOWER to CANDIDATE at term 143 for changeToCandidate
2019-11-05 08:24:06,190 [Thread-2147] INFO  impl.RoleInfo (RoleInfo.java:updateAndGet(143)) - a8ae9c07-6d89-4a49-a594-cacd4b776180: start LeaderElection
2019-11-05 08:24:06,203 [a8ae9c07-6d89-4a49-a594-cacd4b776180@group-0E159EE4F99E-LeaderElection271] INFO  impl.LeaderElection (LeaderElection.java:askForVotes(178)) - a8ae9c07-6d89-4a49-a594-cacd4b776180@group-0E159EE4F99E-LeaderElection271: begin an election at term 144 for -1: [caafcba9-090a-41f5-a5f9-cba5a6a81e94:192.168.164.217:37197, a8ae9c07-6d89-4a49-a594-cacd4b776180:192.168.164.217:42719, b3bb9051-8089-4c51-a999-81579e5913f2:192.168.164.217:36516], old=null
2019-11-05 08:24:06,206 [grpc-default-executor-0] INFO  impl.RaftServerImpl (RaftServerImpl.java:setRole(184)) - caafcba9-090a-41f5-a5f9-cba5a6a81e94@group-0E159EE4F99E: changes role from  FOLLOWER to FOLLOWER at term 144 for recognizeCandidate:a8ae9c07-6d89-4a49-a594-cacd4b776180
2019-11-05 08:24:06,206 [grpc-default-executor-0] INFO  impl.RoleInfo (RoleInfo.java:shutdownFollowerState(121)) - caafcba9-090a-41f5-a5f9-cba5a6a81e94: shutdown FollowerState
2019-11-05 08:24:06,206 [grpc-default-executor-0] INFO  impl.RoleInfo (RoleInfo.java:updateAndGet(143)) - caafcba9-090a-41f5-a5f9-cba5a6a81e94: start FollowerState
2019-11-05 08:24:06,206 [Thread-2143] INFO  impl.FollowerState (FollowerState.java:run(117)) - caafcba9-090a-41f5-a5f9-cba5a6a81e94@group-0E159EE4F99E-FollowerState was interrupted: java.lang.InterruptedException: sleep interrupted
2019-11-05 08:24:06,206 [grpc-default-executor-5] INFO  impl.RaftServerImpl (RaftServerImpl.java:setRole(184)) - b3bb9051-8089-4c51-a999-81579e5913f2@group-0E159EE4F99E: changes role from  FOLLOWER to FOLLOWER at term 144 for recognizeCandidate:a8ae9c07-6d89-4a49-a594-cacd4b776180
2019-11-05 08:24:06,207 [grpc-default-executor-5] INFO  impl.RoleInfo (RoleInfo.java:shutdownFollowerState(121)) - b3bb9051-8089-4c51-a999-81579e5913f2: shutdown FollowerState
2019-11-05 08:24:06,207 [grpc-default-executor-5] INFO  impl.RoleInfo (RoleInfo.java:updateAndGet(143)) - b3bb9051-8089-4c51-a999-81579e5913f2: start FollowerState
2019-11-05 08:24:06,207 [Thread-2142] INFO  impl.FollowerState (FollowerState.java:run(117)) - b3bb9051-8089-4c51-a999-81579e5913f2@group-0E159EE4F99E-FollowerState was interrupted: java.lang.InterruptedException: sleep interrupted
2019-11-05 08:24:06,220 [a8ae9c07-6d89-4a49-a594-cacd4b776180@group-0E159EE4F99E-LeaderElection271] INFO  impl.LeaderElection (LeaderElection.java:logAndReturn(56)) - a8ae9c07-6d89-4a49-a594-cacd4b776180@group-0E159EE4F99E-LeaderElection271: Election REJECTED; received 2 response(s) [a8ae9c07-6d89-4a49-a594-cacd4b776180<-caafcba9-090a-41f5-a5f9-cba5a6a81e94#0:FAIL-t144, a8ae9c07-6d89-4a49-a594-cacd4b776180<-b3bb9051-8089-4c51-a999-81579e5913f2#0:FAIL-t144] and 0 exception(s); a8ae9c07-6d89-4a49-a594-cacd4b776180@group-0E159EE4F99E:t144, leader=null, voted=a8ae9c07-6d89-4a49-a594-cacd4b776180, raftlog=a8ae9c07-6d89-4a49-a594-cacd4b776180@group-0E159EE4F99E-SegmentedRaftLog:OPENED:c-1,f-1,i0, conf=-1: [caafcba9-090a-41f5-a5f9-cba5a6a81e94:192.168.164.217:37197, a8ae9c07-6d89-4a49-a594-cacd4b776180:192.168.164.217:42719, b3bb9051-8089-4c51-a999-81579e5913f2:192.168.164.217:36516], old=null
2019-11-05 08:24:06,221 [a8ae9c07-6d89-4a49-a594-cacd4b776180@group-0E159EE4F99E-LeaderElection271] INFO  impl.RaftServerImpl (RaftServerImpl.java:setRole(184)) - a8ae9c07-6d89-4a49-a594-cacd4b776180@group-0E159EE4F99E: changes role from CANDIDATE to FOLLOWER at term 144 for DISCOVERED_A_NEW_TERM
2019-11-05 08:24:06,221 [a8ae9c07-6d89-4a49-a594-cacd4b776180@group-0E159EE4F99E-LeaderElection271] INFO  impl.RoleInfo (RoleInfo.java:shutdownLeaderElection(134)) - a8ae9c07-6d89-4a49-a594-cacd4b776180: shutdown LeaderElection
2019-11-05 08:24:06,221 [a8ae9c07-6d89-4a49-a594-cacd4b776180@group-0E159EE4F99E-LeaderElection271] INFO  impl.RoleInfo (RoleInfo.java:updateAndGet(143)) - a8ae9c07-6d89-4a49-a594-cacd4b776180: start FollowerState
2019-11-05 08:24:06,243 [Thread-2154] INFO  impl.FollowerState (FollowerState.java:run(108)) - 4a682f4f-c3f2-4b77-88b7-f0ab78890feb@group-0DB8C7688BF9-FollowerState: change to CANDIDATE, lastRpcTime:172ms, electionTimeout:172ms
2019-11-05 08:24:06,243 [Thread-2154] INFO  impl.RoleInfo (RoleInfo.java:shutdownFollowerState(121)) - 4a682f4f-c3f2-4b77-88b7-f0ab78890feb: shutdown FollowerState
2019-11-05 08:24:06,243 [Thread-2154] INFO  impl.RaftServerImpl (RaftServerImpl.java:setRole(184)) - 4a682f4f-c3f2-4b77-88b7-f0ab78890feb@group-0DB8C7688BF9: changes role from  FOLLOWER to CANDIDATE at term 136 for changeToCandidate
2019-11-05 08:24:06,243 [Thread-2154] INFO  impl.RoleInfo (RoleInfo.java:updateAndGet(143)) - 4a682f4f-c3f2-4b77-88b7-f0ab78890feb: start LeaderElection
2019-11-05 08:24:06,250 [4a682f4f-c3f2-4b77-88b7-f0ab78890feb@group-0DB8C7688BF9-LeaderElection272] INFO  impl.LeaderElection (LeaderElection.java:askForVotes(178)) - 4a682f4f-c3f2-4b77-88b7-f0ab78890feb@group-0DB8C7688BF9-LeaderElection272: begin an election at term 137 for -1: [77ab65e6-d942-49df-83a3-1d4c0bf152b3:192.168.164.217:39381, 7e1b84a9-a041-44fd-8008-f2679426984c:192.168.164.217:44149, 4a682f4f-c3f2-4b77-88b7-f0ab78890feb:192.168.164.217:34174], old=null
2019-11-05 08:24:06,255 [grpc-default-executor-5] INFO  impl.RaftServerImpl (RaftServerImpl.java:setRole(184)) - 77ab65e6-d942-49df-83a3-1d4c0bf152b3@group-0DB8C7688BF9: changes role from  FOLLOWER to FOLLOWER at term 137 for recognizeCandidate:4a682f4f-c3f2-4b77-88b7-f0ab78890feb
2019-11-05 08:24:06,256 [grpc-default-executor-0] INFO  impl.RaftServerImpl (RaftServerImpl.java:setRole(184)) - 7e1b84a9-a041-44fd-8008-f2679426984c@group-0DB8C7688BF9: changes role from  FOLLOWER to FOLLOWER at term 137 for recognizeCandidate:4a682f4f-c3f2-4b77-88b7-f0ab78890feb
2019-11-05 08:24:06,256 [grpc-default-executor-5] INFO  impl.RoleInfo (RoleInfo.java:shutdownFollowerState(121)) - 77ab65e6-d942-49df-83a3-1d4c0bf152b3: shutdown FollowerState
2019-11-05 08:24:06,256 [grpc-default-executor-0] INFO  impl.RoleInfo (RoleInfo.java:shutdownFollowerState(121)) - 7e1b84a9-a041-44fd-8008-f2679426984c: shutdown FollowerState
2019-11-05 08:24:06,256 [grpc-default-executor-5] INFO  impl.RoleInfo (RoleInfo.java:updateAndGet(143)) - 77ab65e6-d942-49df-83a3-1d4c0bf152b3: start FollowerState
2019-11-05 08:24:06,256 [Thread-2153] INFO  impl.FollowerState (FollowerState.java:run(117)) - 7e1b84a9-a041-44fd-8008-f2679426984c@group-0DB8C7688BF9-FollowerState was interrupted: java.lang.InterruptedException: sleep interrupted
2019-11-05 08:24:06,256 [Thread-2152] INFO  impl.FollowerState (FollowerState.java:run(117)) - 77ab65e6-d942-49df-83a3-1d4c0bf152b3@group-0DB8C7688BF9-FollowerState was interrupted: java.lang.InterruptedException: sleep interrupted
2019-11-05 08:24:06,256 [grpc-default-executor-0] INFO  impl.RoleInfo (RoleInfo.java:updateAndGet(143)) - 7e1b84a9-a041-44fd-8008-f2679426984c: start FollowerState
2019-11-05 08:24:06,277 [4a682f4f-c3f2-4b77-88b7-f0ab78890feb@group-0DB8C7688BF9-LeaderElection272] INFO  impl.LeaderElection (LeaderElection.java:logAndReturn(56)) - 4a682f4f-c3f2-4b77-88b7-f0ab78890feb@group-0DB8C7688BF9-LeaderElection272: Election REJECTED; received 2 response(s) [4a682f4f-c3f2-4b77-88b7-f0ab78890feb<-77ab65e6-d942-49df-83a3-1d4c0bf152b3#0:FAIL-t137, 4a682f4f-c3f2-4b77-88b7-f0ab78890feb<-7e1b84a9-a041-44fd-8008-f2679426984c#0:FAIL-t137] and 0 exception(s); 4a682f4f-c3f2-4b77-88b7-f0ab78890feb@group-0DB8C7688BF9:t137, leader=null, voted=4a682f4f-c3f2-4b77-88b7-f0ab78890feb, raftlog=4a682f4f-c3f2-4b77-88b7-f0ab78890feb@group-0DB8C7688BF9-SegmentedRaftLog:OPENED:c-1,f-1,i0, conf=-1: [77ab65e6-d942-49df-83a3-1d4c0bf152b3:192.168.164.217:39381, 7e1b84a9-a041-44fd-8008-f2679426984c:192.168.164.217:44149, 4a682f4f-c3f2-4b77-88b7-f0ab78890feb:192.168.164.217:34174], old=null
2019-11-05 08:24:06,277 [4a682f4f-c3f2-4b77-88b7-f0ab78890feb@group-0DB8C7688BF9-LeaderElection272] INFO  impl.RaftServerImpl (RaftServerImpl.java:setRole(184)) - 4a682f4f-c3f2-4b77-88b7-f0ab78890feb@group-0DB8C7688BF9: changes role from CANDIDATE to FOLLOWER at term 137 for DISCOVERED_A_NEW_TERM
2019-11-05 08:24:06,277 [4a682f4f-c3f2-4b77-88b7-f0ab78890feb@group-0DB8C7688BF9-LeaderElection272] INFO  impl.RoleInfo (RoleInfo.java:shutdownLeaderElection(134)) - 4a682f4f-c3f2-4b77-88b7-f0ab78890feb: shutdown LeaderElection
2019-11-05 08:24:06,277 [4a682f4f-c3f2-4b77-88b7-f0ab78890feb@group-0DB8C7688BF9-LeaderElection272] INFO  impl.RoleInfo (RoleInfo.java:updateAndGet(143)) - 4a682f4f-c3f2-4b77-88b7-f0ab78890feb: start FollowerState
2019-11-05 08:24:06,359 [Thread-2162] INFO  impl.FollowerState (FollowerState.java:run(108)) - a8ae9c07-6d89-4a49-a594-cacd4b776180@group-0E159EE4F99E-FollowerState: change to CANDIDATE, lastRpcTime:138ms, electionTimeout:138ms
2019-11-05 08:24:06,359 [Thread-2162] INFO  impl.RoleInfo (RoleInfo.java:shutdownFollowerState(121)) - a8ae9c07-6d89-4a49-a594-cacd4b776180: shutdown FollowerState
2019-11-05 08:24:06,360 [Thread-2162] INFO  impl.RaftServerImpl (RaftServerImpl.java:setRole(184)) - a8ae9c07-6d89-4a49-a594-cacd4b776180@group-0E159EE4F99E: changes role from  FOLLOWER to CANDIDATE at term 144 for changeToCandidate
2019-11-05 08:24:06,360 [Thread-2162] INFO  impl.RoleInfo (RoleInfo.java:updateAndGet(143)) - a8ae9c07-6d89-4a49-a594-cacd4b776180: start LeaderElection
2019-11-05 08:24:06,373 [a8ae9c07-6d89-4a49-a594-cacd4b776180@group-0E159EE4F99E-LeaderElection273] INFO  impl.LeaderElection (LeaderElection.java:askForVotes(178)) - a8ae9c07-6d89-4a49-a594-cacd4b776180@group-0E159EE4F99E-LeaderElection273: begin an election at term 145 for -1: [caafcba9-090a-41f5-a5f9-cba5a6a81e94:192.168.164.217:37197, a8ae9c07-6d89-4a49-a594-cacd4b776180:192.168.164.217:42719, b3bb9051-8089-4c51-a999-81579e5913f2:192.168.164.217:36516], old=null
2019-11-05 08:24:06,375 [grpc-default-executor-0] INFO  impl.RaftServerImpl (RaftServerImpl.java:setRole(184)) - caafcba9-090a-41f5-a5f9-cba5a6a81e94@group-0E159EE4F99E: changes role from  FOLLOWER to FOLLOWER at term 145 for recognizeCandidate:a8ae9c07-6d89-4a49-a594-cacd4b776180
2019-11-05 08:24:06,375 [grpc-default-executor-0] INFO  impl.RoleInfo (RoleInfo.java:shutdownFollowerState(121)) - caafcba9-090a-41f5-a5f9-cba5a6a81e94: shutdown FollowerState
2019-11-05 08:24:06,375 [grpc-default-executor-5] INFO  impl.RaftServerImpl (RaftServerImpl.java:setRole(184)) - b3bb9051-8089-4c51-a999-81579e5913f2@group-0E159EE4F99E: changes role from  FOLLOWER to FOLLOWER at term 145 for recognizeCandidate:a8ae9c07-6d89-4a49-a594-cacd4b776180
2019-11-05 08:24:06,375 [Thread-2160] INFO  impl.FollowerState (FollowerState.java:run(117)) - caafcba9-090a-41f5-a5f9-cba5a6a81e94@group-0E159EE4F99E-FollowerState was interrupted: java.lang.InterruptedException: sleep interrupted
2019-11-05 08:24:06,375 [grpc-default-executor-0] INFO  impl.RoleInfo (RoleInfo.java:updateAndGet(143)) - caafcba9-090a-41f5-a5f9-cba5a6a81e94: start FollowerState
2019-11-05 08:24:06,375 [grpc-default-executor-5] INFO  impl.RoleInfo (RoleInfo.java:shutdownFollowerState(121)) - b3bb9051-8089-4c51-a999-81579e5913f2: shutdown FollowerState
2019-11-05 08:24:06,376 [grpc-default-executor-5] INFO  impl.RoleInfo (RoleInfo.java:updateAndGet(143)) - b3bb9051-8089-4c51-a999-81579e5913f2: start FollowerState
2019-11-05 08:24:06,376 [Thread-2161] INFO  impl.FollowerState (FollowerState.java:run(117)) - b3bb9051-8089-4c51-a999-81579e5913f2@group-0E159EE4F99E-FollowerState was interrupted: java.lang.InterruptedException: sleep interrupted
2019-11-05 08:24:06,390 [a8ae9c07-6d89-4a49-a594-cacd4b776180@group-0E159EE4F99E-LeaderElection273] INFO  impl.LeaderElection (LeaderElection.java:logAndReturn(56)) - a8ae9c07-6d89-4a49-a594-cacd4b776180@group-0E159EE4F99E-LeaderElection273: Election REJECTED; received 2 response(s) [a8ae9c07-6d89-4a49-a594-cacd4b776180<-caafcba9-090a-41f5-a5f9-cba5a6a81e94#0:FAIL-t145, a8ae9c07-6d89-4a49-a594-cacd4b776180<-b3bb9051-8089-4c51-a999-81579e5913f2#0:FAIL-t145] and 0 exception(s); a8ae9c07-6d89-4a49-a594-cacd4b776180@group-0E159EE4F99E:t145, leader=null, voted=a8ae9c07-6d89-4a49-a594-cacd4b776180, raftlog=a8ae9c07-6d89-4a49-a594-cacd4b776180@group-0E159EE4F99E-SegmentedRaftLog:OPENED:c-1,f-1,i0, conf=-1: [caafcba9-090a-41f5-a5f9-cba5a6a81e94:192.168.164.217:37197, a8ae9c07-6d89-4a49-a594-cacd4b776180:192.168.164.217:42719, b3bb9051-8089-4c51-a999-81579e5913f2:192.168.164.217:36516], old=null
2019-11-05 08:24:06,390 [a8ae9c07-6d89-4a49-a594-cacd4b776180@group-0E159EE4F99E-LeaderElection273] INFO  impl.RaftServerImpl (RaftServerImpl.java:setRole(184)) - a8ae9c07-6d89-4a49-a594-cacd4b776180@group-0E159EE4F99E: changes role from CANDIDATE to FOLLOWER at term 145 for DISCOVERED_A_NEW_TERM
2019-11-05 08:24:06,390 [a8ae9c07-6d89-4a49-a594-cacd4b776180@group-0E159EE4F99E-LeaderElection273] INFO  impl.RoleInfo (RoleInfo.java:shutdownLeaderElection(134)) - a8ae9c07-6d89-4a49-a594-cacd4b776180: shutdown LeaderElection
2019-11-05 08:24:06,390 [a8ae9c07-6d89-4a49-a594-cacd4b776180@group-0E159EE4F99E-LeaderElection273] INFO  impl.RoleInfo (RoleInfo.java:updateAndGet(143)) - a8ae9c07-6d89-4a49-a594-cacd4b776180: start FollowerState
2019-11-05 08:24:06,462 [Thread-2170] INFO  impl.FollowerState (FollowerState.java:run(108)) - 4a682f4f-c3f2-4b77-88b7-f0ab78890feb@group-0DB8C7688BF9-FollowerState: change to CANDIDATE, lastRpcTime:184ms, electionTimeout:184ms
2019-11-05 08:24:06,462 [Thread-2170] INFO  impl.RoleInfo (RoleInfo.java:shutdownFollowerState(121)) - 4a682f4f-c3f2-4b77-88b7-f0ab78890feb: shutdown FollowerState
2019-11-05 08:24:06,462 [Thread-2170] INFO  impl.RaftServerImpl (RaftServerImpl.java:setRole(184)) - 4a682f4f-c3f2-4b77-88b7-f0ab78890feb@group-0DB8C7688BF9: changes role from  FOLLOWER to CANDIDATE at term 137 for changeToCandidate
2019-11-05 08:24:06,462 [Thread-2170] INFO  impl.RoleInfo (RoleInfo.java:updateAndGet(143)) - 4a682f4f-c3f2-4b77-88b7-f0ab78890feb: start LeaderElection
2019-11-05 08:24:06,476 [4a682f4f-c3f2-4b77-88b7-f0ab78890feb@group-0DB8C7688BF9-LeaderElection274] INFO  impl.LeaderElection (LeaderElection.java:askForVotes(178)) - 4a682f4f-c3f2-4b77-88b7-f0ab78890feb@group-0DB8C7688BF9-LeaderElection274: begin an election at term 138 for -1: [77ab65e6-d942-49df-83a3-1d4c0bf152b3:192.168.164.217:39381, 7e1b84a9-a041-44fd-8008-f2679426984c:192.168.164.217:44149, 4a682f4f-c3f2-4b77-88b7-f0ab78890feb:192.168.164.217:34174], old=null
2019-11-05 08:24:06,478 [grpc-default-executor-5] INFO  impl.RaftServerImpl (RaftServerImpl.java:setRole(184)) - 77ab65e6-d942-49df-83a3-1d4c0bf152b3@group-0DB8C7688BF9: changes role from  FOLLOWER to FOLLOWER at term 138 for recognizeCandidate:4a682f4f-c3f2-4b77-88b7-f0ab78890feb
2019-11-05 08:24:06,479 [grpc-default-executor-5] INFO  impl.RoleInfo (RoleInfo.java:shutdownFollowerState(121)) - 77ab65e6-d942-49df-83a3-1d4c0bf152b3: shutdown FollowerState
2019-11-05 08:24:06,479 [grpc-default-executor-0] INFO  impl.RaftServerImpl (RaftServerImpl.java:setRole(184)) - 7e1b84a9-a041-44fd-8008-f2679426984c@group-0DB8C7688BF9: changes role from  FOLLOWER to FOLLOWER at term 138 for recognizeCandidate:4a682f4f-c3f2-4b77-88b7-f0ab78890feb
2019-11-05 08:24:06,479 [Thread-2168] INFO  impl.FollowerState (FollowerState.java:run(117)) - 77ab65e6-d942-49df-83a3-1d4c0bf152b3@group-0DB8C7688BF9-FollowerState was interrupted: java.lang.InterruptedException: sleep interrupted
2019-11-05 08:24:06,479 [grpc-default-executor-5] INFO  impl.RoleInfo (RoleInfo.java:updateAndGet(143)) - 77ab65e6-d942-49df-83a3-1d4c0bf152b3: start FollowerState
2019-11-05 08:24:06,479 [grpc-default-executor-0] INFO  impl.RoleInfo (RoleInfo.java:shutdownFollowerState(121)) - 7e1b84a9-a041-44fd-8008-f2679426984c: shutdown FollowerState
2019-11-05 08:24:06,480 [grpc-default-executor-0] INFO  impl.RoleInfo (RoleInfo.java:updateAndGet(143)) - 7e1b84a9-a041-44fd-8008-f2679426984c: start FollowerState
2019-11-05 08:24:06,480 [Thread-2169] INFO  impl.FollowerState (FollowerState.java:run(117)) - 7e1b84a9-a041-44fd-8008-f2679426984c@group-0DB8C7688BF9-FollowerState was interrupted: java.lang.InterruptedException: sleep interrupted
2019-11-05 08:24:06,494 [4a682f4f-c3f2-4b77-88b7-f0ab78890feb@group-0DB8C7688BF9-LeaderElection274] INFO  impl.LeaderElection (LeaderElection.java:logAndReturn(56)) - 4a682f4f-c3f2-4b77-88b7-f0ab78890feb@group-0DB8C7688BF9-LeaderElection274: Election REJECTED; received 2 response(s) [4a682f4f-c3f2-4b77-88b7-f0ab78890feb<-77ab65e6-d942-49df-83a3-1d4c0bf152b3#0:FAIL-t138, 4a682f4f-c3f2-4b77-88b7-f0ab78890feb<-7e1b84a9-a041-44fd-8008-f2679426984c#0:FAIL-t138] and 0 exception(s); 4a682f4f-c3f2-4b77-88b7-f0ab78890feb@group-0DB8C7688BF9:t138, leader=null, voted=4a682f4f-c3f2-4b77-88b7-f0ab78890feb, raftlog=4a682f4f-c3f2-4b77-88b7-f0ab78890feb@group-0DB8C7688BF9-SegmentedRaftLog:OPENED:c-1,f-1,i0, conf=-1: [77ab65e6-d942-49df-83a3-1d4c0bf152b3:192.168.164.217:39381, 7e1b84a9-a041-44fd-8008-f2679426984c:192.168.164.217:44149, 4a682f4f-c3f2-4b77-88b7-f0ab78890feb:192.168.164.217:34174], old=null
2019-11-05 08:24:06,494 [4a682f4f-c3f2-4b77-88b7-f0ab78890feb@group-0DB8C7688BF9-LeaderElection274] INFO  impl.RaftServerImpl (RaftServerImpl.java:setRole(184)) - 4a682f4f-c3f2-4b77-88b7-f0ab78890feb@group-0DB8C7688BF9: changes role from CANDIDATE to FOLLOWER at term 138 for DISCOVERED_A_NEW_TERM
2019-11-05 08:24:06,494 [4a682f4f-c3f2-4b77-88b7-f0ab78890feb@group-0DB8C7688BF9-LeaderElection274] INFO  impl.RoleInfo (RoleInfo.java:shutdownLeaderElection(134)) - 4a682f4f-c3f2-4b77-88b7-f0ab78890feb: shutdown LeaderElection
2019-11-05 08:24:06,494 [4a682f4f-c3f2-4b77-88b7-f0ab78890feb@group-0DB8C7688BF9-LeaderElection274] INFO  impl.RoleInfo (RoleInfo.java:updateAndGet(143)) - 4a682f4f-c3f2-4b77-88b7-f0ab78890feb: start FollowerState
2019-11-05 08:24:06,562 [Thread-2182] INFO  impl.FollowerState (FollowerState.java:run(108)) - 4a682f4f-c3f2-4b77-88b7-f0ab78890feb@group-0DB8C7688BF9-FollowerState: change to CANDIDATE, lastRpcTime:67ms, electionTimeout:67ms
2019-11-05 08:24:06,562 [Thread-2182] INFO  impl.RoleInfo (RoleInfo.java:shutdownFollowerState(121)) - 4a682f4f-c3f2-4b77-88b7-f0ab78890feb: shutdown FollowerState
2019-11-05 08:24:06,562 [Thread-2182] INFO  impl.RaftServerImpl (RaftServerImpl.java:setRole(184)) - 4a682f4f-c3f2-4b77-88b7-f0ab78890feb@group-0DB8C7688BF9: changes role from  FOLLOWER to CANDIDATE at term 138 for changeToCandidate
2019-11-05 08:24:06,562 [Thread-2182] INFO  impl.RoleInfo (RoleInfo.java:updateAndGet(143)) - 4a682f4f-c3f2-4b77-88b7-f0ab78890feb: start LeaderElection
2019-11-05 08:24:06,564 [Thread-2176] INFO  impl.FollowerState (FollowerState.java:run(108)) - a8ae9c07-6d89-4a49-a594-cacd4b776180@group-0E159EE4F99E-FollowerState: change to CANDIDATE, lastRpcTime:174ms, electionTimeout:174ms
2019-11-05 08:24:06,564 [Thread-2176] INFO  impl.RoleInfo (RoleInfo.java:shutdownFollowerState(121)) - a8ae9c07-6d89-4a49-a594-cacd4b776180: shutdown FollowerState
2019-11-05 08:24:06,565 [Thread-2176] INFO  impl.RaftServerImpl (RaftServerImpl.java:setRole(184)) - a8ae9c07-6d89-4a49-a594-cacd4b776180@group-0E159EE4F99E: changes role from  FOLLOWER to CANDIDATE at term 145 for changeToCandidate
2019-11-05 08:24:06,565 [Thread-2176] INFO  impl.RoleInfo (RoleInfo.java:updateAndGet(143)) - a8ae9c07-6d89-4a49-a594-cacd4b776180: start LeaderElection
2019-11-05 08:24:06,576 [4a682f4f-c3f2-4b77-88b7-f0ab78890feb@group-0DB8C7688BF9-LeaderElection275] INFO  impl.LeaderElection (LeaderElection.java:askForVotes(178)) - 4a682f4f-c3f2-4b77-88b7-f0ab78890feb@group-0DB8C7688BF9-LeaderElection275: begin an election at term 139 for -1: [77ab65e6-d942-49df-83a3-1d4c0bf152b3:192.168.164.217:39381, 7e1b84a9-a041-44fd-8008-f2679426984c:192.168.164.217:44149, 4a682f4f-c3f2-4b77-88b7-f0ab78890feb:192.168.164.217:34174], old=null
2019-11-05 08:24:06,576 [a8ae9c07-6d89-4a49-a594-cacd4b776180@group-0E159EE4F99E-LeaderElection276] INFO  impl.LeaderElection (LeaderElection.java:askForVotes(178)) - a8ae9c07-6d89-4a49-a594-cacd4b776180@group-0E159EE4F99E-LeaderElection276: begin an election at term 146 for -1: [caafcba9-090a-41f5-a5f9-cba5a6a81e94:192.168.164.217:37197, a8ae9c07-6d89-4a49-a594-cacd4b776180:192.168.164.217:42719, b3bb9051-8089-4c51-a999-81579e5913f2:192.168.164.217:36516], old=null
2019-11-05 08:24:06,579 [grpc-default-executor-0] INFO  impl.RaftServerImpl (RaftServerImpl.java:setRole(184)) - b3bb9051-8089-4c51-a999-81579e5913f2@group-0E159EE4F99E: changes role from  FOLLOWER to FOLLOWER at term 146 for recognizeCandidate:a8ae9c07-6d89-4a49-a594-cacd4b776180
2019-11-05 08:24:06,579 [grpc-default-executor-0] INFO  impl.RoleInfo (RoleInfo.java:shutdownFollowerState(121)) - b3bb9051-8089-4c51-a999-81579e5913f2: shutdown FollowerState
2019-11-05 08:24:06,579 [grpc-default-executor-5] INFO  impl.RaftServerImpl (RaftServerImpl.java:setRole(184)) - caafcba9-090a-41f5-a5f9-cba5a6a81e94@group-0E159EE4F99E: changes role from  FOLLOWER to FOLLOWER at term 146 for recognizeCandidate:a8ae9c07-6d89-4a49-a594-cacd4b776180
2019-11-05 08:24:06,579 [Thread-2175] INFO  impl.FollowerState (FollowerState.java:run(117)) - b3bb9051-8089-4c51-a999-81579e5913f2@group-0E159EE4F99E-FollowerState was interrupted: java.lang.InterruptedException: sleep interrupted
2019-11-05 08:24:06,579 [grpc-default-executor-0] INFO  impl.RoleInfo (RoleInfo.java:updateAndGet(143)) - b3bb9051-8089-4c51-a999-81579e5913f2: start FollowerState
2019-11-05 08:24:06,579 [grpc-default-executor-4] INFO  impl.RaftServerImpl (RaftServerImpl.java:setRole(184)) - 7e1b84a9-a041-44fd-8008-f2679426984c@group-0DB8C7688BF9: changes role from  FOLLOWER to FOLLOWER at term 139 for recognizeCandidate:4a682f4f-c3f2-4b77-88b7-f0ab78890feb
2019-11-05 08:24:06,579 [grpc-default-executor-5] INFO  impl.RoleInfo (RoleInfo.java:shutdownFollowerState(121)) - caafcba9-090a-41f5-a5f9-cba5a6a81e94: shutdown FollowerState
2019-11-05 08:24:06,580 [grpc-default-executor-4] INFO  impl.RoleInfo (RoleInfo.java:shutdownFollowerState(121)) - 7e1b84a9-a041-44fd-8008-f2679426984c: shutdown FollowerState
2019-11-05 08:24:06,580 [grpc-default-executor-1] INFO  impl.RaftServerImpl (RaftServerImpl.java:setRole(184)) - 77ab65e6-d942-49df-83a3-1d4c0bf152b3@group-0DB8C7688BF9: changes role from  FOLLOWER to FOLLOWER at term 139 for recognizeCandidate:4a682f4f-c3f2-4b77-88b7-f0ab78890feb
2019-11-05 08:24:06,580 [grpc-default-executor-4] INFO  impl.RoleInfo (RoleInfo.java:updateAndGet(143)) - 7e1b84a9-a041-44fd-8008-f2679426984c: start FollowerState
2019-11-05 08:24:06,580 [Thread-2181] INFO  impl.FollowerState (FollowerState.java:run(117)) - 7e1b84a9-a041-44fd-8008-f2679426984c@group-0DB8C7688BF9-FollowerState was interrupted: java.lang.InterruptedException: sleep interrupted
2019-11-05 08:24:06,580 [Thread-2174] INFO  impl.FollowerState (FollowerState.java:run(117)) - caafcba9-090a-41f5-a5f9-cba5a6a81e94@group-0E159EE4F99E-FollowerState was interrupted: java.lang.InterruptedException: sleep interrupted
2019-11-05 08:24:06,580 [grpc-default-executor-5] INFO  impl.RoleInfo (RoleInfo.java:updateAndGet(143)) - caafcba9-090a-41f5-a5f9-cba5a6a81e94: start FollowerState
2019-11-05 08:24:06,581 [grpc-default-executor-1] INFO  impl.RoleInfo (RoleInfo.java:shutdownFollowerState(121)) - 77ab65e6-d942-49df-83a3-1d4c0bf152b3: shutdown FollowerState
2019-11-05 08:24:06,581 [grpc-default-executor-1] INFO  impl.RoleInfo (RoleInfo.java:updateAndGet(143)) - 77ab65e6-d942-49df-83a3-1d4c0bf152b3: start FollowerState
2019-11-05 08:24:06,581 [Thread-2180] INFO  impl.FollowerState (FollowerState.java:run(117)) - 77ab65e6-d942-49df-83a3-1d4c0bf152b3@group-0DB8C7688BF9-FollowerState was interrupted: java.lang.InterruptedException: sleep interrupted
2019-11-05 08:24:06,594 [4a682f4f-c3f2-4b77-88b7-f0ab78890feb@group-0DB8C7688BF9-LeaderElection275] INFO  impl.LeaderElection (LeaderElection.java:logAndReturn(56)) - 4a682f4f-c3f2-4b77-88b7-f0ab78890feb@group-0DB8C7688BF9-LeaderElection275: Election REJECTED; received 2 response(s) [4a682f4f-c3f2-4b77-88b7-f0ab78890feb<-77ab65e6-d942-49df-83a3-1d4c0bf152b3#0:FAIL-t139, 4a682f4f-c3f2-4b77-88b7-f0ab78890feb<-7e1b84a9-a041-44fd-8008-f2679426984c#0:FAIL-t139] and 0 exception(s); 4a682f4f-c3f2-4b77-88b7-f0ab78890feb@group-0DB8C7688BF9:t139, leader=null, voted=4a682f4f-c3f2-4b77-88b7-f0ab78890feb, raftlog=4a682f4f-c3f2-4b77-88b7-f0ab78890feb@group-0DB8C7688BF9-SegmentedRaftLog:OPENED:c-1,f-1,i0, conf=-1: [77ab65e6-d942-49df-83a3-1d4c0bf152b3:192.168.164.217:39381, 7e1b84a9-a041-44fd-8008-f2679426984c:192.168.164.217:44149, 4a682f4f-c3f2-4b77-88b7-f0ab78890feb:192.168.164.217:34174], old=null
2019-11-05 08:24:06,594 [a8ae9c07-6d89-4a49-a594-cacd4b776180@group-0E159EE4F99E-LeaderElection276] INFO  impl.LeaderElection (LeaderElection.java:logAndReturn(56)) - a8ae9c07-6d89-4a49-a594-cacd4b776180@group-0E159EE4F99E-LeaderElection276: Election REJECTED; received 2 response(s) [a8ae9c07-6d89-4a49-a594-cacd4b776180<-caafcba9-090a-41f5-a5f9-cba5a6a81e94#0:FAIL-t146, a8ae9c07-6d89-4a49-a594-cacd4b776180<-b3bb9051-8089-4c51-a999-81579e5913f2#0:FAIL-t146] and 0 exception(s); a8ae9c07-6d89-4a49-a594-cacd4b776180@group-0E159EE4F99E:t146, leader=null, voted=a8ae9c07-6d89-4a49-a594-cacd4b776180, raftlog=a8ae9c07-6d89-4a49-a594-cacd4b776180@group-0E159EE4F99E-SegmentedRaftLog:OPENED:c-1,f-1,i0, conf=-1: [caafcba9-090a-41f5-a5f9-cba5a6a81e94:192.168.164.217:37197, a8ae9c07-6d89-4a49-a594-cacd4b776180:192.168.164.217:42719, b3bb9051-8089-4c51-a999-81579e5913f2:192.168.164.217:36516], old=null
2019-11-05 08:24:06,594 [4a682f4f-c3f2-4b77-88b7-f0ab78890feb@group-0DB8C7688BF9-LeaderElection275] INFO  impl.RaftServerImpl (RaftServerImpl.java:setRole(184)) - 4a682f4f-c3f2-4b77-88b7-f0ab78890feb@group-0DB8C7688BF9: changes role from CANDIDATE to FOLLOWER at term 139 for DISCOVERED_A_NEW_TERM
2019-11-05 08:24:06,594 [a8ae9c07-6d89-4a49-a594-cacd4b776180@group-0E159EE4F99E-LeaderElection276] INFO  impl.RaftServerImpl (RaftServerImpl.java:setRole(184)) - a8ae9c07-6d89-4a49-a594-cacd4b776180@group-0E159EE4F99E: changes role from CANDIDATE to FOLLOWER at term 146 for DISCOVERED_A_NEW_TERM
2019-11-05 08:24:06,594 [4a682f4f-c3f2-4b77-88b7-f0ab78890feb@group-0DB8C7688BF9-LeaderElection275] INFO  impl.RoleInfo (RoleInfo.java:shutdownLeaderElection(134)) - 4a682f4f-c3f2-4b77-88b7-f0ab78890feb: shutdown LeaderElection
2019-11-05 08:24:06,594 [a8ae9c07-6d89-4a49-a594-cacd4b776180@group-0E159EE4F99E-LeaderElection276] INFO  impl.RoleInfo (RoleInfo.java:shutdownLeaderElection(134)) - a8ae9c07-6d89-4a49-a594-cacd4b776180: shutdown LeaderElection
2019-11-05 08:24:06,595 [4a682f4f-c3f2-4b77-88b7-f0ab78890feb@group-0DB8C7688BF9-LeaderElection275] INFO  impl.RoleInfo (RoleInfo.java:updateAndGet(143)) - 4a682f4f-c3f2-4b77-88b7-f0ab78890feb: start FollowerState
2019-11-05 08:24:06,595 [a8ae9c07-6d89-4a49-a594-cacd4b776180@group-0E159EE4F99E-LeaderElection276] INFO  impl.RoleInfo (RoleInfo.java:updateAndGet(143)) - a8ae9c07-6d89-4a49-a594-cacd4b776180: start FollowerState
2019-11-05 08:24:06,615 [Thread-2194] INFO  impl.FollowerState (FollowerState.java:run(108)) - a8ae9c07-6d89-4a49-a594-cacd4b776180@group-0E159EE4F99E-FollowerState: change to CANDIDATE, lastRpcTime:20ms, electionTimeout:20ms
2019-11-05 08:24:06,615 [Thread-2194] INFO  impl.RoleInfo (RoleInfo.java:shutdownFollowerState(121)) - a8ae9c07-6d89-4a49-a594-cacd4b776180: shutdown FollowerState
2019-11-05 08:24:06,616 [Thread-2194] INFO  impl.RaftServerImpl (RaftServerImpl.java:setRole(184)) - a8ae9c07-6d89-4a49-a594-cacd4b776180@group-0E159EE4F99E: changes role from  FOLLOWER to CANDIDATE at term 146 for changeToCandidate
2019-11-05 08:24:06,616 [Thread-2194] INFO  impl.RoleInfo (RoleInfo.java:updateAndGet(143)) - a8ae9c07-6d89-4a49-a594-cacd4b776180: start LeaderElection
2019-11-05 08:24:06,629 [a8ae9c07-6d89-4a49-a594-cacd4b776180@group-0E159EE4F99E-LeaderElection277] INFO  impl.LeaderElection (LeaderElection.java:askForVotes(178)) - a8ae9c07-6d89-4a49-a594-cacd4b776180@group-0E159EE4F99E-LeaderElection277: begin an election at term 147 for -1: [caafcba9-090a-41f5-a5f9-cba5a6a81e94:192.168.164.217:37197, a8ae9c07-6d89-4a49-a594-cacd4b776180:192.168.164.217:42719, b3bb9051-8089-4c51-a999-81579e5913f2:192.168.164.217:36516], old=null
2019-11-05 08:24:06,631 [grpc-default-executor-4] INFO  impl.RaftServerImpl (RaftServerImpl.java:setRole(184)) - caafcba9-090a-41f5-a5f9-cba5a6a81e94@group-0E159EE4F99E: changes role from  FOLLOWER to FOLLOWER at term 147 for recognizeCandidate:a8ae9c07-6d89-4a49-a594-cacd4b776180
2019-11-05 08:24:06,631 [grpc-default-executor-1] INFO  impl.RaftServerImpl (RaftServerImpl.java:setRole(184)) - b3bb9051-8089-4c51-a999-81579e5913f2@group-0E159EE4F99E: changes role from  FOLLOWER to FOLLOWER at term 147 for recognizeCandidate:a8ae9c07-6d89-4a49-a594-cacd4b776180
2019-11-05 08:24:06,632 [grpc-default-executor-1] INFO  impl.RoleInfo (RoleInfo.java:shutdownFollowerState(121)) - b3bb9051-8089-4c51-a999-81579e5913f2: shutdown FollowerState
2019-11-05 08:24:06,631 [grpc-default-executor-4] INFO  impl.RoleInfo (RoleInfo.java:shutdownFollowerState(121)) - caafcba9-090a-41f5-a5f9-cba5a6a81e94: shutdown FollowerState
2019-11-05 08:24:06,632 [Thread-2189] INFO  impl.FollowerState (FollowerState.java:run(117)) - b3bb9051-8089-4c51-a999-81579e5913f2@group-0E159EE4F99E-FollowerState was interrupted: java.lang.InterruptedException: sleep interrupted
2019-11-05 08:24:06,632 [grpc-default-executor-1] INFO  impl.RoleInfo (RoleInfo.java:updateAndGet(143)) - b3bb9051-8089-4c51-a999-81579e5913f2: start FollowerState
2019-11-05 08:24:06,632 [Thread-2190] INFO  impl.FollowerState (FollowerState.java:run(117)) - caafcba9-090a-41f5-a5f9-cba5a6a81e94@group-0E159EE4F99E-FollowerState was interrupted: java.lang.InterruptedException: sleep interrupted
2019-11-05 08:24:06,632 [grpc-default-executor-4] INFO  impl.RoleInfo (RoleInfo.java:updateAndGet(143)) - caafcba9-090a-41f5-a5f9-cba5a6a81e94: start FollowerState
2019-11-05 08:24:06,646 [a8ae9c07-6d89-4a49-a594-cacd4b776180@group-0E159EE4F99E-LeaderElection277] INFO  impl.LeaderElection (LeaderElection.java:logAndReturn(56)) - a8ae9c07-6d89-4a49-a594-cacd4b776180@group-0E159EE4F99E-LeaderElection277: Election REJECTED; received 2 response(s) [a8ae9c07-6d89-4a49-a594-cacd4b776180<-caafcba9-090a-41f5-a5f9-cba5a6a81e94#0:FAIL-t147, a8ae9c07-6d89-4a49-a594-cacd4b776180<-b3bb9051-8089-4c51-a999-81579e5913f2#0:FAIL-t147] and 0 exception(s); a8ae9c07-6d89-4a49-a594-cacd4b776180@group-0E159EE4F99E:t147, leader=null, voted=a8ae9c07-6d89-4a49-a594-cacd4b776180, raftlog=a8ae9c07-6d89-4a49-a594-cacd4b776180@group-0E159EE4F99E-SegmentedRaftLog:OPENED:c-1,f-1,i0, conf=-1: [caafcba9-090a-41f5-a5f9-cba5a6a81e94:192.168.164.217:37197, a8ae9c07-6d89-4a49-a594-cacd4b776180:192.168.164.217:42719, b3bb9051-8089-4c51-a999-81579e5913f2:192.168.164.217:36516], old=null
2019-11-05 08:24:06,646 [a8ae9c07-6d89-4a49-a594-cacd4b776180@group-0E159EE4F99E-LeaderElection277] INFO  impl.RaftServerImpl (RaftServerImpl.java:setRole(184)) - a8ae9c07-6d89-4a49-a594-cacd4b776180@group-0E159EE4F99E: changes role from CANDIDATE to FOLLOWER at term 147 for DISCOVERED_A_NEW_TERM
2019-11-05 08:24:06,647 [a8ae9c07-6d89-4a49-a594-cacd4b776180@group-0E159EE4F99E-LeaderElection277] INFO  impl.RoleInfo (RoleInfo.java:shutdownLeaderElection(134)) - a8ae9c07-6d89-4a49-a594-cacd4b776180: shutdown LeaderElection
2019-11-05 08:24:06,647 [a8ae9c07-6d89-4a49-a594-cacd4b776180@group-0E159EE4F99E-LeaderElection277] INFO  impl.RoleInfo (RoleInfo.java:updateAndGet(143)) - a8ae9c07-6d89-4a49-a594-cacd4b776180: start FollowerState
2019-11-05 08:24:06,656 [Thread-2193] INFO  impl.FollowerState (FollowerState.java:run(108)) - 4a682f4f-c3f2-4b77-88b7-f0ab78890feb@group-0DB8C7688BF9-FollowerState: change to CANDIDATE, lastRpcTime:61ms, electionTimeout:61ms
2019-11-05 08:24:06,656 [Thread-2193] INFO  impl.RoleInfo (RoleInfo.java:shutdownFollowerState(121)) - 4a682f4f-c3f2-4b77-88b7-f0ab78890feb: shutdown FollowerState
2019-11-05 08:24:06,656 [Thread-2193] INFO  impl.RaftServerImpl (RaftServerImpl.java:setRole(184)) - 4a682f4f-c3f2-4b77-88b7-f0ab78890feb@group-0DB8C7688BF9: changes role from  FOLLOWER to CANDIDATE at term 139 for changeToCandidate
2019-11-05 08:24:06,657 [Thread-2193] INFO  impl.RoleInfo (RoleInfo.java:updateAndGet(143)) - 4a682f4f-c3f2-4b77-88b7-f0ab78890feb: start LeaderElection
2019-11-05 08:24:06,669 [4a682f4f-c3f2-4b77-88b7-f0ab78890feb@group-0DB8C7688BF9-LeaderElection278] INFO  impl.LeaderElection (LeaderElection.java:askForVotes(178)) - 4a682f4f-c3f2-4b77-88b7-f0ab78890feb@group-0DB8C7688BF9-LeaderElection278: begin an election at term 140 for -1: [77ab65e6-d942-49df-83a3-1d4c0bf152b3:192.168.164.217:39381, 7e1b84a9-a041-44fd-8008-f2679426984c:192.168.164.217:44149, 4a682f4f-c3f2-4b77-88b7-f0ab78890feb:192.168.164.217:34174], old=null
2019-11-05 08:24:06,671 [grpc-default-executor-1] INFO  impl.RaftServerImpl (RaftServerImpl.java:setRole(184)) - 77ab65e6-d942-49df-83a3-1d4c0bf152b3@group-0DB8C7688BF9: changes role from  FOLLOWER to FOLLOWER at term 140 for recognizeCandidate:4a682f4f-c3f2-4b77-88b7-f0ab78890feb
2019-11-05 08:24:06,671 [grpc-default-executor-1] INFO  impl.RoleInfo (RoleInfo.java:shutdownFollowerState(121)) - 77ab65e6-d942-49df-83a3-1d4c0bf152b3: shutdown FollowerState
2019-11-05 08:24:06,671 [grpc-default-executor-4] INFO  impl.RaftServerImpl (RaftServerImpl.java:setRole(184)) - 7e1b84a9-a041-44fd-8008-f2679426984c@group-0DB8C7688BF9: changes role from  FOLLOWER to FOLLOWER at term 140 for recognizeCandidate:4a682f4f-c3f2-4b77-88b7-f0ab78890feb
2019-11-05 08:24:06,671 [Thread-2192] INFO  impl.FollowerState (FollowerState.java:run(117)) - 77ab65e6-d942-49df-83a3-1d4c0bf152b3@group-0DB8C7688BF9-FollowerState was interrupted: java.lang.InterruptedException: sleep interrupted
2019-11-05 08:24:06,671 [grpc-default-executor-1] INFO  impl.RoleInfo (RoleInfo.java:updateAndGet(143)) - 77ab65e6-d942-49df-83a3-1d4c0bf152b3: start FollowerState
2019-11-05 08:24:06,671 [grpc-default-executor-4] INFO  impl.RoleInfo (RoleInfo.java:shutdownFollowerState(121)) - 7e1b84a9-a041-44fd-8008-f2679426984c: shutdown FollowerState
2019-11-05 08:24:06,672 [grpc-default-executor-4] INFO  impl.RoleInfo (RoleInfo.java:updateAndGet(143)) - 7e1b84a9-a041-44fd-8008-f2679426984c: start FollowerState
2019-11-05 08:24:06,672 [Thread-2191] INFO  impl.FollowerState (FollowerState.java:run(117)) - 7e1b84a9-a041-44fd-8008-f2679426984c@group-0DB8C7688BF9-FollowerState was interrupted: java.lang.InterruptedException: sleep interrupted
2019-11-05 08:24:06,685 [4a682f4f-c3f2-4b77-88b7-f0ab78890feb@group-0DB8C7688BF9-LeaderElection278] INFO  impl.LeaderElection (LeaderElection.java:logAndReturn(56)) - 4a682f4f-c3f2-4b77-88b7-f0ab78890feb@group-0DB8C7688BF9-LeaderElection278: Election REJECTED; received 2 response(s) [4a682f4f-c3f2-4b77-88b7-f0ab78890feb<-77ab65e6-d942-49df-83a3-1d4c0bf152b3#0:FAIL-t140, 4a682f4f-c3f2-4b77-88b7-f0ab78890feb<-7e1b84a9-a041-44fd-8008-f2679426984c#0:FAIL-t140] and 0 exception(s); 4a682f4f-c3f2-4b77-88b7-f0ab78890feb@group-0DB8C7688BF9:t140, leader=null, voted=4a682f4f-c3f2-4b77-88b7-f0ab78890feb, raftlog=4a682f4f-c3f2-4b77-88b7-f0ab78890feb@group-0DB8C7688BF9-SegmentedRaftLog:OPENED:c-1,f-1,i0, conf=-1: [77ab65e6-d942-49df-83a3-1d4c0bf152b3:192.168.164.217:39381, 7e1b84a9-a041-44fd-8008-f2679426984c:192.168.164.217:44149, 4a682f4f-c3f2-4b77-88b7-f0ab78890feb:192.168.164.217:34174], old=null
2019-11-05 08:24:06,685 [4a682f4f-c3f2-4b77-88b7-f0ab78890feb@group-0DB8C7688BF9-LeaderElection278] INFO  impl.RaftServerImpl (RaftServerImpl.java:setRole(184)) - 4a682f4f-c3f2-4b77-88b7-f0ab78890feb@group-0DB8C7688BF9: changes role from CANDIDATE to FOLLOWER at term 140 for DISCOVERED_A_NEW_TERM
2019-11-05 08:24:06,685 [4a682f4f-c3f2-4b77-88b7-f0ab78890feb@group-0DB8C7688BF9-LeaderElection278] INFO  impl.RoleInfo (RoleInfo.java:shutdownLeaderElection(134)) - 4a682f4f-c3f2-4b77-88b7-f0ab78890feb: shutdown LeaderElection
2019-11-05 08:24:06,685 [4a682f4f-c3f2-4b77-88b7-f0ab78890feb@group-0DB8C7688BF9-LeaderElection278] INFO  impl.RoleInfo (RoleInfo.java:updateAndGet(143)) - 4a682f4f-c3f2-4b77-88b7-f0ab78890feb: start FollowerState
2019-11-05 08:24:06,757 [Thread-2201] INFO  impl.FollowerState (FollowerState.java:run(108)) - a8ae9c07-6d89-4a49-a594-cacd4b776180@group-0E159EE4F99E-FollowerState: change to CANDIDATE, lastRpcTime:110ms, electionTimeout:110ms
2019-11-05 08:24:06,757 [Thread-2201] INFO  impl.RoleInfo (RoleInfo.java:shutdownFollowerState(121)) - a8ae9c07-6d89-4a49-a594-cacd4b776180: shutdown FollowerState
2019-11-05 08:24:06,757 [Thread-2201] INFO  impl.RaftServerImpl (RaftServerImpl.java:setRole(184)) - a8ae9c07-6d89-4a49-a594-cacd4b776180@group-0E159EE4F99E: changes role from  FOLLOWER to CANDIDATE at term 147 for changeToCandidate
2019-11-05 08:24:06,758 [Thread-2201] INFO  impl.RoleInfo (RoleInfo.java:updateAndGet(143)) - a8ae9c07-6d89-4a49-a594-cacd4b776180: start LeaderElection
2019-11-05 08:24:06,796 [Thread-2208] INFO  impl.FollowerState (FollowerState.java:run(108)) - 4a682f4f-c3f2-4b77-88b7-f0ab78890feb@group-0DB8C7688BF9-FollowerState: change to CANDIDATE, lastRpcTime:110ms, electionTimeout:110ms
2019-11-05 08:24:06,796 [Thread-2208] INFO  impl.RoleInfo (RoleInfo.java:shutdownFollowerState(121)) - 4a682f4f-c3f2-4b77-88b7-f0ab78890feb: shutdown FollowerState
2019-11-05 08:24:06,796 [Thread-2208] INFO  impl.RaftServerImpl (RaftServerImpl.java:setRole(184)) - 4a682f4f-c3f2-4b77-88b7-f0ab78890feb@group-0DB8C7688BF9: changes role from  FOLLOWER to CANDIDATE at term 140 for changeToCandidate
2019-11-05 08:24:06,796 [Thread-2208] INFO  impl.RoleInfo (RoleInfo.java:updateAndGet(143)) - 4a682f4f-c3f2-4b77-88b7-f0ab78890feb: start LeaderElection
2019-11-05 08:24:06,834 [a8ae9c07-6d89-4a49-a594-cacd4b776180@group-0E159EE4F99E-LeaderElection279] INFO  impl.LeaderElection (LeaderElection.java:askForVotes(178)) - a8ae9c07-6d89-4a49-a594-cacd4b776180@group-0E159EE4F99E-LeaderElection279: begin an election at term 148 for -1: [caafcba9-090a-41f5-a5f9-cba5a6a81e94:192.168.164.217:37197, a8ae9c07-6d89-4a49-a594-cacd4b776180:192.168.164.217:42719, b3bb9051-8089-4c51-a999-81579e5913f2:192.168.164.217:36516], old=null
2019-11-05 08:24:06,834 [4a682f4f-c3f2-4b77-88b7-f0ab78890feb@group-0DB8C7688BF9-LeaderElection280] INFO  impl.LeaderElection (LeaderElection.java:askForVotes(178)) - 4a682f4f-c3f2-4b77-88b7-f0ab78890feb@group-0DB8C7688BF9-LeaderElection280: begin an election at term 141 for -1: [77ab65e6-d942-49df-83a3-1d4c0bf152b3:192.168.164.217:39381, 7e1b84a9-a041-44fd-8008-f2679426984c:192.168.164.217:44149, 4a682f4f-c3f2-4b77-88b7-f0ab78890feb:192.168.164.217:34174], old=null
2019-11-05 08:24:06,836 [grpc-default-executor-4] INFO  impl.RaftServerImpl (RaftServerImpl.java:setRole(184)) - b3bb9051-8089-4c51-a999-81579e5913f2@group-0E159EE4F99E: changes role from  FOLLOWER to FOLLOWER at term 148 for recognizeCandidate:a8ae9c07-6d89-4a49-a594-cacd4b776180
2019-11-05 08:24:06,836 [grpc-default-executor-4] INFO  impl.RoleInfo (RoleInfo.java:shutdownFollowerState(121)) - b3bb9051-8089-4c51-a999-81579e5913f2: shutdown FollowerState
2019-11-05 08:24:06,836 [grpc-default-executor-1] INFO  impl.RaftServerImpl (RaftServerImpl.java:setRole(184)) - caafcba9-090a-41f5-a5f9-cba5a6a81e94@group-0E159EE4F99E: changes role from  FOLLOWER to FOLLOWER at term 148 for recognizeCandidate:a8ae9c07-6d89-4a49-a594-cacd4b776180
2019-11-05 08:24:06,837 [grpc-default-executor-1] INFO  impl.RoleInfo (RoleInfo.java:shutdownFollowerState(121)) - caafcba9-090a-41f5-a5f9-cba5a6a81e94: shutdown FollowerState
2019-11-05 08:24:06,836 [grpc-default-executor-5] INFO  impl.RaftServerImpl (RaftServerImpl.java:setRole(184)) - 77ab65e6-d942-49df-83a3-1d4c0bf152b3@group-0DB8C7688BF9: changes role from  FOLLOWER to FOLLOWER at term 141 for recognizeCandidate:4a682f4f-c3f2-4b77-88b7-f0ab78890feb
2019-11-05 08:24:06,837 [Thread-2200] INFO  impl.FollowerState (FollowerState.java:run(117)) - caafcba9-090a-41f5-a5f9-cba5a6a81e94@group-0E159EE4F99E-FollowerState was interrupted: java.lang.InterruptedException: sleep interrupted
2019-11-05 08:24:06,837 [grpc-default-executor-1] INFO  impl.RoleInfo (RoleInfo.java:updateAndGet(143)) - caafcba9-090a-41f5-a5f9-cba5a6a81e94: start FollowerState
2019-11-05 08:24:06,836 [Thread-2199] INFO  impl.FollowerState (FollowerState.java:run(117)) - b3bb9051-8089-4c51-a999-81579e5913f2@group-0E159EE4F99E-FollowerState was interrupted: java.lang.InterruptedException: sleep interrupted
2019-11-05 08:24:06,836 [grpc-default-executor-4] INFO  impl.RoleInfo (RoleInfo.java:updateAndGet(143)) - b3bb9051-8089-4c51-a999-81579e5913f2: start FollowerState
2019-11-05 08:24:06,836 [grpc-default-executor-0] INFO  impl.RaftServerImpl (RaftServerImpl.java:setRole(184)) - 7e1b84a9-a041-44fd-8008-f2679426984c@group-0DB8C7688BF9: changes role from  FOLLOWER to FOLLOWER at term 141 for recognizeCandidate:4a682f4f-c3f2-4b77-88b7-f0ab78890feb
2019-11-05 08:24:06,838 [grpc-default-executor-0] INFO  impl.RoleInfo (RoleInfo.java:shutdownFollowerState(121)) - 7e1b84a9-a041-44fd-8008-f2679426984c: shutdown FollowerState
2019-11-05 08:24:06,837 [grpc-default-executor-5] INFO  impl.RoleInfo (RoleInfo.java:shutdownFollowerState(121)) - 77ab65e6-d942-49df-83a3-1d4c0bf152b3: shutdown FollowerState
2019-11-05 08:24:06,838 [Thread-2207] INFO  impl.FollowerState (FollowerState.java:run(117)) - 7e1b84a9-a041-44fd-8008-f2679426984c@group-0DB8C7688BF9-FollowerState was interrupted: java.lang.InterruptedException: sleep interrupted
2019-11-05 08:24:06,838 [Thread-2206] INFO  impl.FollowerState (FollowerState.java:run(117)) - 77ab65e6-d942-49df-83a3-1d4c0bf152b3@group-0DB8C7688BF9-FollowerState was interrupted: java.lang.InterruptedException: sleep interrupted
2019-11-05 08:24:06,838 [grpc-default-executor-5] INFO  impl.RoleInfo (RoleInfo.java:updateAndGet(143)) - 77ab65e6-d942-49df-83a3-1d4c0bf152b3: start FollowerState
2019-11-05 08:24:06,838 [grpc-default-executor-0] INFO  impl.RoleInfo (RoleInfo.java:updateAndGet(143)) - 7e1b84a9-a041-44fd-8008-f2679426984c: start FollowerState
2019-11-05 08:24:06,860 [a8ae9c07-6d89-4a49-a594-cacd4b776180@group-0E159EE4F99E-LeaderElection279] INFO  impl.LeaderElection (LeaderElection.java:logAndReturn(56)) - a8ae9c07-6d89-4a49-a594-cacd4b776180@group-0E159EE4F99E-LeaderElection279: Election REJECTED; received 2 response(s) [a8ae9c07-6d89-4a49-a594-cacd4b776180<-caafcba9-090a-41f5-a5f9-cba5a6a81e94#0:FAIL-t148, a8ae9c07-6d89-4a49-a594-cacd4b776180<-b3bb9051-8089-4c51-a999-81579e5913f2#0:FAIL-t148] and 0 exception(s); a8ae9c07-6d89-4a49-a594-cacd4b776180@group-0E159EE4F99E:t148, leader=null, voted=a8ae9c07-6d89-4a49-a594-cacd4b776180, raftlog=a8ae9c07-6d89-4a49-a594-cacd4b776180@group-0E159EE4F99E-SegmentedRaftLog:OPENED:c-1,f-1,i0, conf=-1: [caafcba9-090a-41f5-a5f9-cba5a6a81e94:192.168.164.217:37197, a8ae9c07-6d89-4a49-a594-cacd4b776180:192.168.164.217:42719, b3bb9051-8089-4c51-a999-81579e5913f2:192.168.164.217:36516], old=null
2019-11-05 08:24:06,860 [4a682f4f-c3f2-4b77-88b7-f0ab78890feb@group-0DB8C7688BF9-LeaderElection280] INFO  impl.LeaderElection (LeaderElection.java:logAndReturn(56)) - 4a682f4f-c3f2-4b77-88b7-f0ab78890feb@group-0DB8C7688BF9-LeaderElection280: Election REJECTED; received 2 response(s) [4a682f4f-c3f2-4b77-88b7-f0ab78890feb<-77ab65e6-d942-49df-83a3-1d4c0bf152b3#0:FAIL-t141, 4a682f4f-c3f2-4b77-88b7-f0ab78890feb<-7e1b84a9-a041-44fd-8008-f2679426984c#0:FAIL-t141] and 0 exception(s); 4a682f4f-c3f2-4b77-88b7-f0ab78890feb@group-0DB8C7688BF9:t141, leader=null, voted=4a682f4f-c3f2-4b77-88b7-f0ab78890feb, raftlog=4a682f4f-c3f2-4b77-88b7-f0ab78890feb@group-0DB8C7688BF9-SegmentedRaftLog:OPENED:c-1,f-1,i0, conf=-1: [77ab65e6-d942-49df-83a3-1d4c0bf152b3:192.168.164.217:39381, 7e1b84a9-a041-44fd-8008-f2679426984c:192.168.164.217:44149, 4a682f4f-c3f2-4b77-88b7-f0ab78890feb:192.168.164.217:34174], old=null
2019-11-05 08:24:06,860 [a8ae9c07-6d89-4a49-a594-cacd4b776180@group-0E159EE4F99E-LeaderElection279] INFO  impl.RaftServerImpl (RaftServerImpl.java:setRole(184)) - a8ae9c07-6d89-4a49-a594-cacd4b776180@group-0E159EE4F99E: changes role from CANDIDATE to FOLLOWER at term 148 for DISCOVERED_A_NEW_TERM
2019-11-05 08:24:06,860 [4a682f4f-c3f2-4b77-88b7-f0ab78890feb@group-0DB8C7688BF9-LeaderElection280] INFO  impl.RaftServerImpl (RaftServerImpl.java:setRole(184)) - 4a682f4f-c3f2-4b77-88b7-f0ab78890feb@group-0DB8C7688BF9: changes role from CANDIDATE to FOLLOWER at term 141 for DISCOVERED_A_NEW_TERM
2019-11-05 08:24:06,860 [a8ae9c07-6d89-4a49-a594-cacd4b776180@group-0E159EE4F99E-LeaderElection279] INFO  impl.RoleInfo (RoleInfo.java:shutdownLeaderElection(134)) - a8ae9c07-6d89-4a49-a594-cacd4b776180: shutdown LeaderElection
2019-11-05 08:24:06,860 [4a682f4f-c3f2-4b77-88b7-f0ab78890feb@group-0DB8C7688BF9-LeaderElection280] INFO  impl.RoleInfo (RoleInfo.java:shutdownLeaderElection(134)) - 4a682f4f-c3f2-4b77-88b7-f0ab78890feb: shutdown LeaderElection
2019-11-05 08:24:06,860 [a8ae9c07-6d89-4a49-a594-cacd4b776180@group-0E159EE4F99E-LeaderElection279] INFO  impl.RoleInfo (RoleInfo.java:updateAndGet(143)) - a8ae9c07-6d89-4a49-a594-cacd4b776180: start FollowerState
2019-11-05 08:24:06,860 [4a682f4f-c3f2-4b77-88b7-f0ab78890feb@group-0DB8C7688BF9-LeaderElection280] INFO  impl.RoleInfo (RoleInfo.java:updateAndGet(143)) - 4a682f4f-c3f2-4b77-88b7-f0ab78890feb: start FollowerState
2019-11-05 08:24:06,867 [Thread-2220] INFO  impl.FollowerState (FollowerState.java:run(108)) - 4a682f4f-c3f2-4b77-88b7-f0ab78890feb@group-0DB8C7688BF9-FollowerState: change to CANDIDATE, lastRpcTime:6ms, electionTimeout:6ms
2019-11-05 08:24:06,867 [Thread-2220] INFO  impl.RoleInfo (RoleInfo.java:shutdownFollowerState(121)) - 4a682f4f-c3f2-4b77-88b7-f0ab78890feb: shutdown FollowerState
2019-11-05 08:24:06,867 [Thread-2220] INFO  impl.RaftServerImpl (RaftServerImpl.java:setRole(184)) - 4a682f4f-c3f2-4b77-88b7-f0ab78890feb@group-0DB8C7688BF9: changes role from  FOLLOWER to CANDIDATE at term 141 for changeToCandidate
2019-11-05 08:24:06,867 [Thread-2220] INFO  impl.RoleInfo (RoleInfo.java:updateAndGet(143)) - 4a682f4f-c3f2-4b77-88b7-f0ab78890feb: start LeaderElection
2019-11-05 08:24:06,871 [4a682f4f-c3f2-4b77-88b7-f0ab78890feb@group-0DB8C7688BF9-LeaderElection281] INFO  impl.LeaderElection (LeaderElection.java:askForVotes(178)) - 4a682f4f-c3f2-4b77-88b7-f0ab78890feb@group-0DB8C7688BF9-LeaderElection281: begin an election at term 142 for -1: [77ab65e6-d942-49df-83a3-1d4c0bf152b3:192.168.164.217:39381, 7e1b84a9-a041-44fd-8008-f2679426984c:192.168.164.217:44149, 4a682f4f-c3f2-4b77-88b7-f0ab78890feb:192.168.164.217:34174], old=null
2019-11-05 08:24:06,873 [grpc-default-executor-0] INFO  impl.RaftServerImpl (RaftServerImpl.java:setRole(184)) - 77ab65e6-d942-49df-83a3-1d4c0bf152b3@group-0DB8C7688BF9: changes role from  FOLLOWER to FOLLOWER at term 142 for recognizeCandidate:4a682f4f-c3f2-4b77-88b7-f0ab78890feb
2019-11-05 08:24:06,873 [grpc-default-executor-0] INFO  impl.RoleInfo (RoleInfo.java:shutdownFollowerState(121)) - 77ab65e6-d942-49df-83a3-1d4c0bf152b3: shutdown FollowerState
2019-11-05 08:24:06,873 [grpc-default-executor-0] INFO  impl.RoleInfo (RoleInfo.java:updateAndGet(143)) - 77ab65e6-d942-49df-83a3-1d4c0bf152b3: start FollowerState
2019-11-05 08:24:06,873 [grpc-default-executor-5] INFO  impl.RaftServerImpl (RaftServerImpl.java:setRole(184)) - 7e1b84a9-a041-44fd-8008-f2679426984c@group-0DB8C7688BF9: changes role from  FOLLOWER to FOLLOWER at term 142 for recognizeCandidate:4a682f4f-c3f2-4b77-88b7-f0ab78890feb
2019-11-05 08:24:06,873 [grpc-default-executor-5] INFO  impl.RoleInfo (RoleInfo.java:shutdownFollowerState(121)) - 7e1b84a9-a041-44fd-8008-f2679426984c: shutdown FollowerState
2019-11-05 08:24:06,873 [Thread-2218] INFO  impl.FollowerState (FollowerState.java:run(117)) - 77ab65e6-d942-49df-83a3-1d4c0bf152b3@group-0DB8C7688BF9-FollowerState was interrupted: java.lang.InterruptedException: sleep interrupted
2019-11-05 08:24:06,874 [Thread-2217] INFO  impl.FollowerState (FollowerState.java:run(117)) - 7e1b84a9-a041-44fd-8008-f2679426984c@group-0DB8C7688BF9-FollowerState was interrupted: java.lang.InterruptedException: sleep interrupted
2019-11-05 08:24:06,874 [grpc-default-executor-5] INFO  impl.RoleInfo (RoleInfo.java:updateAndGet(143)) - 7e1b84a9-a041-44fd-8008-f2679426984c: start FollowerState
2019-11-05 08:24:06,878 [4a682f4f-c3f2-4b77-88b7-f0ab78890feb@group-0DB8C7688BF9-LeaderElection281] INFO  impl.LeaderElection (LeaderElection.java:logAndReturn(56)) - 4a682f4f-c3f2-4b77-88b7-f0ab78890feb@group-0DB8C7688BF9-LeaderElection281: Election REJECTED; received 2 response(s) [4a682f4f-c3f2-4b77-88b7-f0ab78890feb<-77ab65e6-d942-49df-83a3-1d4c0bf152b3#0:FAIL-t142, 4a682f4f-c3f2-4b77-88b7-f0ab78890feb<-7e1b84a9-a041-44fd-8008-f2679426984c#0:FAIL-t142] and 0 exception(s); 4a682f4f-c3f2-4b77-88b7-f0ab78890feb@group-0DB8C7688BF9:t142, leader=null, voted=4a682f4f-c3f2-4b77-88b7-f0ab78890feb, raftlog=4a682f4f-c3f2-4b77-88b7-f0ab78890feb@group-0DB8C7688BF9-SegmentedRaftLog:OPENED:c-1,f-1,i0, conf=-1: [77ab65e6-d942-49df-83a3-1d4c0bf152b3:192.168.164.217:39381, 7e1b84a9-a041-44fd-8008-f2679426984c:192.168.164.217:44149, 4a682f4f-c3f2-4b77-88b7-f0ab78890feb:192.168.164.217:34174], old=null
2019-11-05 08:24:06,878 [4a682f4f-c3f2-4b77-88b7-f0ab78890feb@group-0DB8C7688BF9-LeaderElection281] INFO  impl.RaftServerImpl (RaftServerImpl.java:setRole(184)) - 4a682f4f-c3f2-4b77-88b7-f0ab78890feb@group-0DB8C7688BF9: changes role from CANDIDATE to FOLLOWER at term 142 for DISCOVERED_A_NEW_TERM
2019-11-05 08:24:06,878 [4a682f4f-c3f2-4b77-88b7-f0ab78890feb@group-0DB8C7688BF9-LeaderElection281] INFO  impl.RoleInfo (RoleInfo.java:shutdownLeaderElection(134)) - 4a682f4f-c3f2-4b77-88b7-f0ab78890feb: shutdown LeaderElection
2019-11-05 08:24:06,878 [4a682f4f-c3f2-4b77-88b7-f0ab78890feb@group-0DB8C7688BF9-LeaderElection281] INFO  impl.RoleInfo (RoleInfo.java:updateAndGet(143)) - 4a682f4f-c3f2-4b77-88b7-f0ab78890feb: start FollowerState
2019-11-05 08:24:06,941 [Thread-2219] INFO  impl.FollowerState (FollowerState.java:run(108)) - a8ae9c07-6d89-4a49-a594-cacd4b776180@group-0E159EE4F99E-FollowerState: change to CANDIDATE, lastRpcTime:80ms, electionTimeout:80ms
2019-11-05 08:24:06,941 [Thread-2219] INFO  impl.RoleInfo (RoleInfo.java:shutdownFollowerState(121)) - a8ae9c07-6d89-4a49-a594-cacd4b776180: shutdown FollowerState
2019-11-05 08:24:06,941 [Thread-2219] INFO  impl.RaftServerImpl (RaftServerImpl.java:setRole(184)) - a8ae9c07-6d89-4a49-a594-cacd4b776180@group-0E159EE4F99E: changes role from  FOLLOWER to CANDIDATE at term 148 for changeToCandidate
2019-11-05 08:24:06,941 [Thread-2219] INFO  impl.RoleInfo (RoleInfo.java:updateAndGet(143)) - a8ae9c07-6d89-4a49-a594-cacd4b776180: start LeaderElection
2019-11-05 08:24:06,954 [a8ae9c07-6d89-4a49-a594-cacd4b776180@group-0E159EE4F99E-LeaderElection282] INFO  impl.LeaderElection (LeaderElection.java:askForVotes(178)) - a8ae9c07-6d89-4a49-a594-cacd4b776180@group-0E159EE4F99E-LeaderElection282: begin an election at term 149 for -1: [caafcba9-090a-41f5-a5f9-cba5a6a81e94:192.168.164.217:37197, a8ae9c07-6d89-4a49-a594-cacd4b776180:192.168.164.217:42719, b3bb9051-8089-4c51-a999-81579e5913f2:192.168.164.217:36516], old=null
2019-11-05 08:24:06,955 [grpc-default-executor-0] INFO  impl.RaftServerImpl (RaftServerImpl.java:setRole(184)) - caafcba9-090a-41f5-a5f9-cba5a6a81e94@group-0E159EE4F99E: changes role from  FOLLOWER to FOLLOWER at term 149 for recognizeCandidate:a8ae9c07-6d89-4a49-a594-cacd4b776180
2019-11-05 08:24:06,955 [grpc-default-executor-0] INFO  impl.RoleInfo (RoleInfo.java:shutdownFollowerState(121)) - caafcba9-090a-41f5-a5f9-cba5a6a81e94: shutdown FollowerState
2019-11-05 08:24:06,955 [grpc-default-executor-0] INFO  impl.RoleInfo (RoleInfo.java:updateAndGet(143)) - caafcba9-090a-41f5-a5f9-cba5a6a81e94: start FollowerState
2019-11-05 08:24:06,955 [grpc-default-executor-5] INFO  impl.RaftServerImpl (RaftServerImpl.java:setRole(184)) - b3bb9051-8089-4c51-a999-81579e5913f2@group-0E159EE4F99E: changes role from  FOLLOWER to FOLLOWER at term 149 for recognizeCandidate:a8ae9c07-6d89-4a49-a594-cacd4b776180
2019-11-05 08:24:06,955 [Thread-2216] INFO  impl.FollowerState (FollowerState.java:run(117)) - caafcba9-090a-41f5-a5f9-cba5a6a81e94@group-0E159EE4F99E-FollowerState was interrupted: java.lang.InterruptedException: sleep interrupted
2019-11-05 08:24:06,956 [grpc-default-executor-5] INFO  impl.RoleInfo (RoleInfo.java:shutdownFollowerState(121)) - b3bb9051-8089-4c51-a999-81579e5913f2: shutdown FollowerState
2019-11-05 08:24:06,956 [grpc-default-executor-5] INFO  impl.RoleInfo (RoleInfo.java:updateAndGet(143)) - b3bb9051-8089-4c51-a999-81579e5913f2: start FollowerState
2019-11-05 08:24:06,956 [Thread-2215] INFO  impl.FollowerState (FollowerState.java:run(117)) - b3bb9051-8089-4c51-a999-81579e5913f2@group-0E159EE4F99E-FollowerState was interrupted: java.lang.InterruptedException: sleep interrupted
2019-11-05 08:24:06,962 [a8ae9c07-6d89-4a49-a594-cacd4b776180@group-0E159EE4F99E-LeaderElection282] INFO  impl.LeaderElection (LeaderElection.java:logAndReturn(56)) - a8ae9c07-6d89-4a49-a594-cacd4b776180@group-0E159EE4F99E-LeaderElection282: Election REJECTED; received 2 response(s) [a8ae9c07-6d89-4a49-a594-cacd4b776180<-caafcba9-090a-41f5-a5f9-cba5a6a81e94#0:FAIL-t149, a8ae9c07-6d89-4a49-a594-cacd4b776180<-b3bb9051-8089-4c51-a999-81579e5913f2#0:FAIL-t149] and 0 exception(s); a8ae9c07-6d89-4a49-a594-cacd4b776180@group-0E159EE4F99E:t149, leader=null, voted=a8ae9c07-6d89-4a49-a594-cacd4b776180, raftlog=a8ae9c07-6d89-4a49-a594-cacd4b776180@group-0E159EE4F99E-SegmentedRaftLog:OPENED:c-1,f-1,i0, conf=-1: [caafcba9-090a-41f5-a5f9-cba5a6a81e94:192.168.164.217:37197, a8ae9c07-6d89-4a49-a594-cacd4b776180:192.168.164.217:42719, b3bb9051-8089-4c51-a999-81579e5913f2:192.168.164.217:36516], old=null
2019-11-05 08:24:06,962 [a8ae9c07-6d89-4a49-a594-cacd4b776180@group-0E159EE4F99E-LeaderElection282] INFO  impl.RaftServerImpl (RaftServerImpl.java:setRole(184)) - a8ae9c07-6d89-4a49-a594-cacd4b776180@group-0E159EE4F99E: changes role from CANDIDATE to FOLLOWER at term 149 for DISCOVERED_A_NEW_TERM
2019-11-05 08:24:06,963 [a8ae9c07-6d89-4a49-a594-cacd4b776180@group-0E159EE4F99E-LeaderElection282] INFO  impl.RoleInfo (RoleInfo.java:shutdownLeaderElection(134)) - a8ae9c07-6d89-4a49-a594-cacd4b776180: shutdown LeaderElection
2019-11-05 08:24:06,963 [a8ae9c07-6d89-4a49-a594-cacd4b776180@group-0E159EE4F99E-LeaderElection282] INFO  impl.RoleInfo (RoleInfo.java:updateAndGet(143)) - a8ae9c07-6d89-4a49-a594-cacd4b776180: start FollowerState
2019-11-05 08:24:06,993 [Thread-2232] INFO  impl.FollowerState (FollowerState.java:run(108)) - a8ae9c07-6d89-4a49-a594-cacd4b776180@group-0E159EE4F99E-FollowerState: change to CANDIDATE, lastRpcTime:30ms, electionTimeout:30ms
2019-11-05 08:24:06,993 [Thread-2232] INFO  impl.RoleInfo (RoleInfo.java:shutdownFollowerState(121)) - a8ae9c07-6d89-4a49-a594-cacd4b776180: shutdown FollowerState
2019-11-05 08:24:06,993 [Thread-2232] INFO  impl.RaftServerImpl (RaftServerImpl.java:setRole(184)) - a8ae9c07-6d89-4a49-a594-cacd4b776180@group-0E159EE4F99E: changes role from  FOLLOWER to CANDIDATE at term 149 for changeToCandidate
2019-11-05 08:24:06,994 [Thread-2232] INFO  impl.RoleInfo (RoleInfo.java:updateAndGet(143)) - a8ae9c07-6d89-4a49-a594-cacd4b776180: start LeaderElection
2019-11-05 08:24:06,998 [a8ae9c07-6d89-4a49-a594-cacd4b776180@group-0E159EE4F99E-LeaderElection283] INFO  impl.LeaderElection (LeaderElection.java:askForVotes(178)) - a8ae9c07-6d89-4a49-a594-cacd4b776180@group-0E159EE4F99E-LeaderElection283: begin an election at term 150 for -1: [caafcba9-090a-41f5-a5f9-cba5a6a81e94:192.168.164.217:37197, a8ae9c07-6d89-4a49-a594-cacd4b776180:192.168.164.217:42719, b3bb9051-8089-4c51-a999-81579e5913f2:192.168.164.217:36516], old=null
2019-11-05 08:24:07,000 [grpc-default-executor-5] INFO  impl.RaftServerImpl (RaftServerImpl.java:setRole(184)) - caafcba9-090a-41f5-a5f9-cba5a6a81e94@group-0E159EE4F99E: changes role from  FOLLOWER to FOLLOWER at term 150 for recognizeCandidate:a8ae9c07-6d89-4a49-a594-cacd4b776180
2019-11-05 08:24:07,000 [grpc-default-executor-5] INFO  impl.RoleInfo (RoleInfo.java:shutdownFollowerState(121)) - caafcba9-090a-41f5-a5f9-cba5a6a81e94: shutdown FollowerState
2019-11-05 08:24:07,000 [grpc-default-executor-0] INFO  impl.RaftServerImpl (RaftServerImpl.java:setRole(184)) - b3bb9051-8089-4c51-a999-81579e5913f2@group-0E159EE4F99E: changes role from  FOLLOWER to FOLLOWER at term 150 for recognizeCandidate:a8ae9c07-6d89-4a49-a594-cacd4b776180
2019-11-05 08:24:07,000 [Thread-2230] INFO  impl.FollowerState (FollowerState.java:run(117)) - caafcba9-090a-41f5-a5f9-cba5a6a81e94@group-0E159EE4F99E-FollowerState was interrupted: java.lang.InterruptedException: sleep interrupted
2019-11-05 08:24:07,000 [grpc-default-executor-5] INFO  impl.RoleInfo (RoleInfo.java:updateAndGet(143)) - caafcba9-090a-41f5-a5f9-cba5a6a81e94: start FollowerState
2019-11-05 08:24:07,000 [grpc-default-executor-0] INFO  impl.RoleInfo (RoleInfo.java:shutdownFollowerState(121)) - b3bb9051-8089-4c51-a999-81579e5913f2: shutdown FollowerState
2019-11-05 08:24:07,001 [grpc-default-executor-0] INFO  impl.RoleInfo (RoleInfo.java:updateAndGet(143)) - b3bb9051-8089-4c51-a999-81579e5913f2: start FollowerState
2019-11-05 08:24:07,001 [Thread-2231] INFO  impl.FollowerState (FollowerState.java:run(117)) - b3bb9051-8089-4c51-a999-81579e5913f2@group-0E159EE4F99E-FollowerState was interrupted: java.lang.InterruptedException: sleep interrupted
2019-11-05 08:24:07,006 [a8ae9c07-6d89-4a49-a594-cacd4b776180@group-0E159EE4F99E-LeaderElection283] INFO  impl.LeaderElection (LeaderElection.java:logAndReturn(56)) - a8ae9c07-6d89-4a49-a594-cacd4b776180@group-0E159EE4F99E-LeaderElection283: Election REJECTED; received 2 response(s) [a8ae9c07-6d89-4a49-a594-cacd4b776180<-caafcba9-090a-41f5-a5f9-cba5a6a81e94#0:FAIL-t150, a8ae9c07-6d89-4a49-a594-cacd4b776180<-b3bb9051-8089-4c51-a999-81579e5913f2#0:FAIL-t150] and 0 exception(s); a8ae9c07-6d89-4a49-a594-cacd4b776180@group-0E159EE4F99E:t150, leader=null, voted=a8ae9c07-6d89-4a49-a594-cacd4b776180, raftlog=a8ae9c07-6d89-4a49-a594-cacd4b776180@group-0E159EE4F99E-SegmentedRaftLog:OPENED:c-1,f-1,i0, conf=-1: [caafcba9-090a-41f5-a5f9-cba5a6a81e94:192.168.164.217:37197, a8ae9c07-6d89-4a49-a594-cacd4b776180:192.168.164.217:42719, b3bb9051-8089-4c51-a999-81579e5913f2:192.168.164.217:36516], old=null
2019-11-05 08:24:07,006 [a8ae9c07-6d89-4a49-a594-cacd4b776180@group-0E159EE4F99E-LeaderElection283] INFO  impl.RaftServerImpl (RaftServerImpl.java:setRole(184)) - a8ae9c07-6d89-4a49-a594-cacd4b776180@group-0E159EE4F99E: changes role from CANDIDATE to FOLLOWER at term 150 for DISCOVERED_A_NEW_TERM
2019-11-05 08:24:07,006 [a8ae9c07-6d89-4a49-a594-cacd4b776180@group-0E159EE4F99E-LeaderElection283] INFO  impl.RoleInfo (RoleInfo.java:shutdownLeaderElection(134)) - a8ae9c07-6d89-4a49-a594-cacd4b776180: shutdown LeaderElection
2019-11-05 08:24:07,006 [a8ae9c07-6d89-4a49-a594-cacd4b776180@group-0E159EE4F99E-LeaderElection283] INFO  impl.RoleInfo (RoleInfo.java:updateAndGet(143)) - a8ae9c07-6d89-4a49-a594-cacd4b776180: start FollowerState
2019-11-05 08:24:07,007 [Thread-2238] INFO  impl.FollowerState (FollowerState.java:run(108)) - a8ae9c07-6d89-4a49-a594-cacd4b776180@group-0E159EE4F99E-FollowerState: change to CANDIDATE, lastRpcTime:1ms, electionTimeout:1ms
2019-11-05 08:24:07,008 [Thread-2238] INFO  impl.RoleInfo (RoleInfo.java:shutdownFollowerState(121)) - a8ae9c07-6d89-4a49-a594-cacd4b776180: shutdown FollowerState
2019-11-05 08:24:07,008 [Thread-2238] INFO  impl.RaftServerImpl (RaftServerImpl.java:setRole(184)) - a8ae9c07-6d89-4a49-a594-cacd4b776180@group-0E159EE4F99E: changes role from  FOLLOWER to CANDIDATE at term 150 for changeToCandidate
2019-11-05 08:24:07,008 [Thread-2238] INFO  impl.RoleInfo (RoleInfo.java:updateAndGet(143)) - a8ae9c07-6d89-4a49-a594-cacd4b776180: start LeaderElection
2019-11-05 08:24:07,026 [a8ae9c07-6d89-4a49-a594-cacd4b776180@group-0E159EE4F99E-LeaderElection284] INFO  impl.LeaderElection (LeaderElection.java:askForVotes(178)) - a8ae9c07-6d89-4a49-a594-cacd4b776180@group-0E159EE4F99E-LeaderElection284: begin an election at term 151 for -1: [caafcba9-090a-41f5-a5f9-cba5a6a81e94:192.168.164.217:37197, a8ae9c07-6d89-4a49-a594-cacd4b776180:192.168.164.217:42719, b3bb9051-8089-4c51-a999-81579e5913f2:192.168.164.217:36516], old=null
2019-11-05 08:24:07,028 [grpc-default-executor-5] INFO  impl.RaftServerImpl (RaftServerImpl.java:setRole(184)) - caafcba9-090a-41f5-a5f9-cba5a6a81e94@group-0E159EE4F99E: changes role from  FOLLOWER to FOLLOWER at term 151 for recognizeCandidate:a8ae9c07-6d89-4a49-a594-cacd4b776180
2019-11-05 08:24:07,028 [grpc-default-executor-5] INFO  impl.RoleInfo (RoleInfo.java:shutdownFollowerState(121)) - caafcba9-090a-41f5-a5f9-cba5a6a81e94: shutdown FollowerState
2019-11-05 08:24:07,028 [grpc-default-executor-0] INFO  impl.RaftServerImpl (RaftServerImpl.java:setRole(184)) - b3bb9051-8089-4c51-a999-81579e5913f2@group-0E159EE4F99E: changes role from  FOLLOWER to FOLLOWER at term 151 for recognizeCandidate:a8ae9c07-6d89-4a49-a594-cacd4b776180
2019-11-05 08:24:07,029 [Thread-2236] INFO  impl.FollowerState (FollowerState.java:run(117)) - caafcba9-090a-41f5-a5f9-cba5a6a81e94@group-0E159EE4F99E-FollowerState was interrupted: java.lang.InterruptedException: sleep interrupted
2019-11-05 08:24:07,028 [grpc-default-executor-5] INFO  impl.RoleInfo (RoleInfo.java:updateAndGet(143)) - caafcba9-090a-41f5-a5f9-cba5a6a81e94: start FollowerState
2019-11-05 08:24:07,029 [grpc-default-executor-0] INFO  impl.RoleInfo (RoleInfo.java:shutdownFollowerState(121)) - b3bb9051-8089-4c51-a999-81579e5913f2: shutdown FollowerState
2019-11-05 08:24:07,029 [grpc-default-executor-0] INFO  impl.RoleInfo (RoleInfo.java:updateAndGet(143)) - b3bb9051-8089-4c51-a999-81579e5913f2: start FollowerState
2019-11-05 08:24:07,029 [Thread-2237] INFO  impl.FollowerState (FollowerState.java:run(117)) - b3bb9051-8089-4c51-a999-81579e5913f2@group-0E159EE4F99E-FollowerState was interrupted: java.lang.InterruptedException: sleep interrupted
2019-11-05 08:24:07,037 [a8ae9c07-6d89-4a49-a594-cacd4b776180@group-0E159EE4F99E-LeaderElection284] INFO  impl.LeaderElection (LeaderElection.java:logAndReturn(56)) - a8ae9c07-6d89-4a49-a594-cacd4b776180@group-0E159EE4F99E-LeaderElection284: Election REJECTED; received 2 response(s) [a8ae9c07-6d89-4a49-a594-cacd4b776180<-caafcba9-090a-41f5-a5f9-cba5a6a81e94#0:FAIL-t151, a8ae9c07-6d89-4a49-a594-cacd4b776180<-b3bb9051-8089-4c51-a999-81579e5913f2#0:FAIL-t151] and 0 exception(s); a8ae9c07-6d89-4a49-a594-cacd4b776180@group-0E159EE4F99E:t151, leader=null, voted=a8ae9c07-6d89-4a49-a594-cacd4b776180, raftlog=a8ae9c07-6d89-4a49-a594-cacd4b776180@group-0E159EE4F99E-SegmentedRaftLog:OPENED:c-1,f-1,i0, conf=-1: [caafcba9-090a-41f5-a5f9-cba5a6a81e94:192.168.164.217:37197, a8ae9c07-6d89-4a49-a594-cacd4b776180:192.168.164.217:42719, b3bb9051-8089-4c51-a999-81579e5913f2:192.168.164.217:36516], old=null
2019-11-05 08:24:07,037 [a8ae9c07-6d89-4a49-a594-cacd4b776180@group-0E159EE4F99E-LeaderElection284] INFO  impl.RaftServerImpl (RaftServerImpl.java:setRole(184)) - a8ae9c07-6d89-4a49-a594-cacd4b776180@group-0E159EE4F99E: changes role from CANDIDATE to FOLLOWER at term 151 for DISCOVERED_A_NEW_TERM
2019-11-05 08:24:07,037 [a8ae9c07-6d89-4a49-a594-cacd4b776180@group-0E159EE4F99E-LeaderElection284] INFO  impl.RoleInfo (RoleInfo.java:shutdownLeaderElection(134)) - a8ae9c07-6d89-4a49-a594-cacd4b776180: shutdown LeaderElection
2019-11-05 08:24:07,037 [a8ae9c07-6d89-4a49-a594-cacd4b776180@group-0E159EE4F99E-LeaderElection284] INFO  impl.RoleInfo (RoleInfo.java:updateAndGet(143)) - a8ae9c07-6d89-4a49-a594-cacd4b776180: start FollowerState
2019-11-05 08:24:07,073 [Thread-2226] INFO  impl.FollowerState (FollowerState.java:run(108)) - 4a682f4f-c3f2-4b77-88b7-f0ab78890feb@group-0DB8C7688BF9-FollowerState: change to CANDIDATE, lastRpcTime:195ms, electionTimeout:195ms
2019-11-05 08:24:07,073 [Thread-2226] INFO  impl.RoleInfo (RoleInfo.java:shutdownFollowerState(121)) - 4a682f4f-c3f2-4b77-88b7-f0ab78890feb: shutdown FollowerState
2019-11-05 08:24:07,074 [Thread-2226] INFO  impl.RaftServerImpl (RaftServerImpl.java:setRole(184)) - 4a682f4f-c3f2-4b77-88b7-f0ab78890feb@group-0DB8C7688BF9: changes role from  FOLLOWER to CANDIDATE at term 142 for changeToCandidate
2019-11-05 08:24:07,074 [Thread-2226] INFO  impl.RoleInfo (RoleInfo.java:updateAndGet(143)) - 4a682f4f-c3f2-4b77-88b7-f0ab78890feb: start LeaderElection
2019-11-05 08:24:07,088 [4a682f4f-c3f2-4b77-88b7-f0ab78890feb@group-0DB8C7688BF9-LeaderElection285] INFO  impl.LeaderElection (LeaderElection.java:askForVotes(178)) - 4a682f4f-c3f2-4b77-88b7-f0ab78890feb@group-0DB8C7688BF9-LeaderElection285: begin an election at term 143 for -1: [77ab65e6-d942-49df-83a3-1d4c0bf152b3:192.168.164.217:39381, 7e1b84a9-a041-44fd-8008-f2679426984c:192.168.164.217:44149, 4a682f4f-c3f2-4b77-88b7-f0ab78890feb:192.168.164.217:34174], old=null
2019-11-05 08:24:07,089 [grpc-default-executor-0] INFO  impl.RaftServerImpl (RaftServerImpl.java:setRole(184)) - 77ab65e6-d942-49df-83a3-1d4c0bf152b3@group-0DB8C7688BF9: changes role from  FOLLOWER to FOLLOWER at term 143 for recognizeCandidate:4a682f4f-c3f2-4b77-88b7-f0ab78890feb
2019-11-05 08:24:07,090 [grpc-default-executor-0] INFO  impl.RoleInfo (RoleInfo.java:shutdownFollowerState(121)) - 77ab65e6-d942-49df-83a3-1d4c0bf152b3: shutdown FollowerState
2019-11-05 08:24:07,090 [grpc-default-executor-0] INFO  impl.RoleInfo (RoleInfo.java:updateAndGet(143)) - 77ab65e6-d942-49df-83a3-1d4c0bf152b3: start FollowerState
2019-11-05 08:24:07,090 [Thread-2224] INFO  impl.FollowerState (FollowerState.java:run(117)) - 77ab65e6-d942-49df-83a3-1d4c0bf152b3@group-0DB8C7688BF9-FollowerState was interrupted: java.lang.InterruptedException: sleep interrupted
2019-11-05 08:24:07,090 [grpc-default-executor-5] INFO  impl.RaftServerImpl (RaftServerImpl.java:setRole(184)) - 7e1b84a9-a041-44fd-8008-f2679426984c@group-0DB8C7688BF9: changes role from  FOLLOWER to FOLLOWER at term 143 for recognizeCandidate:4a682f4f-c3f2-4b77-88b7-f0ab78890feb
2019-11-05 08:24:07,090 [grpc-default-executor-5] INFO  impl.RoleInfo (RoleInfo.java:shutdownFollowerState(121)) - 7e1b84a9-a041-44fd-8008-f2679426984c: shutdown FollowerState
2019-11-05 08:24:07,090 [grpc-default-executor-5] INFO  impl.RoleInfo (RoleInfo.java:updateAndGet(143)) - 7e1b84a9-a041-44fd-8008-f2679426984c: start FollowerState
2019-11-05 08:24:07,091 [Thread-2225] INFO  impl.FollowerState (FollowerState.java:run(117)) - 7e1b84a9-a041-44fd-8008-f2679426984c@group-0DB8C7688BF9-FollowerState was interrupted: java.lang.InterruptedException: sleep interrupted
2019-11-05 08:24:07,105 [4a682f4f-c3f2-4b77-88b7-f0ab78890feb@group-0DB8C7688BF9-LeaderElection285] INFO  impl.LeaderElection (LeaderElection.java:logAndReturn(56)) - 4a682f4f-c3f2-4b77-88b7-f0ab78890feb@group-0DB8C7688BF9-LeaderElection285: Election REJECTED; received 2 response(s) [4a682f4f-c3f2-4b77-88b7-f0ab78890feb<-77ab65e6-d942-49df-83a3-1d4c0bf152b3#0:FAIL-t143, 4a682f4f-c3f2-4b77-88b7-f0ab78890feb<-7e1b84a9-a041-44fd-8008-f2679426984c#0:FAIL-t143] and 0 exception(s); 4a682f4f-c3f2-4b77-88b7-f0ab78890feb@group-0DB8C7688BF9:t143, leader=null, voted=4a682f4f-c3f2-4b77-88b7-f0ab78890feb, raftlog=4a682f4f-c3f2-4b77-88b7-f0ab78890feb@group-0DB8C7688BF9-SegmentedRaftLog:OPENED:c-1,f-1,i0, conf=-1: [77ab65e6-d942-49df-83a3-1d4c0bf152b3:192.168.164.217:39381, 7e1b84a9-a041-44fd-8008-f2679426984c:192.168.164.217:44149, 4a682f4f-c3f2-4b77-88b7-f0ab78890feb:192.168.164.217:34174], old=null
2019-11-05 08:24:07,105 [4a682f4f-c3f2-4b77-88b7-f0ab78890feb@group-0DB8C7688BF9-LeaderElection285] INFO  impl.RaftServerImpl (RaftServerImpl.java:setRole(184)) - 4a682f4f-c3f2-4b77-88b7-f0ab78890feb@group-0DB8C7688BF9: changes role from CANDIDATE to FOLLOWER at term 143 for DISCOVERED_A_NEW_TERM
2019-11-05 08:24:07,105 [4a682f4f-c3f2-4b77-88b7-f0ab78890feb@group-0DB8C7688BF9-LeaderElection285] INFO  impl.RoleInfo (RoleInfo.java:shutdownLeaderElection(134)) - 4a682f4f-c3f2-4b77-88b7-f0ab78890feb: shutdown LeaderElection
2019-11-05 08:24:07,105 [4a682f4f-c3f2-4b77-88b7-f0ab78890feb@group-0DB8C7688BF9-LeaderElection285] INFO  impl.RoleInfo (RoleInfo.java:updateAndGet(143)) - 4a682f4f-c3f2-4b77-88b7-f0ab78890feb: start FollowerState
2019-11-05 08:24:07,163 [Thread-2244] INFO  impl.FollowerState (FollowerState.java:run(108)) - a8ae9c07-6d89-4a49-a594-cacd4b776180@group-0E159EE4F99E-FollowerState: change to CANDIDATE, lastRpcTime:125ms, electionTimeout:125ms
2019-11-05 08:24:07,163 [Thread-2244] INFO  impl.RoleInfo (RoleInfo.java:shutdownFollowerState(121)) - a8ae9c07-6d89-4a49-a594-cacd4b776180: shutdown FollowerState
2019-11-05 08:24:07,163 [Thread-2244] INFO  impl.RaftServerImpl (RaftServerImpl.java:setRole(184)) - a8ae9c07-6d89-4a49-a594-cacd4b776180@group-0E159EE4F99E: changes role from  FOLLOWER to CANDIDATE at term 151 for changeToCandidate
2019-11-05 08:24:07,163 [Thread-2244] INFO  impl.RoleInfo (RoleInfo.java:updateAndGet(143)) - a8ae9c07-6d89-4a49-a594-cacd4b776180: start LeaderElection
2019-11-05 08:24:07,177 [a8ae9c07-6d89-4a49-a594-cacd4b776180@group-0E159EE4F99E-LeaderElection286] INFO  impl.LeaderElection (LeaderElection.java:askForVotes(178)) - a8ae9c07-6d89-4a49-a594-cacd4b776180@group-0E159EE4F99E-LeaderElection286: begin an election at term 152 for -1: [caafcba9-090a-41f5-a5f9-cba5a6a81e94:192.168.164.217:37197, a8ae9c07-6d89-4a49-a594-cacd4b776180:192.168.164.217:42719, b3bb9051-8089-4c51-a999-81579e5913f2:192.168.164.217:36516], old=null
2019-11-05 08:24:07,178 [grpc-default-executor-5] INFO  impl.RaftServerImpl (RaftServerImpl.java:setRole(184)) - caafcba9-090a-41f5-a5f9-cba5a6a81e94@group-0E159EE4F99E: changes role from  FOLLOWER to FOLLOWER at term 152 for recognizeCandidate:a8ae9c07-6d89-4a49-a594-cacd4b776180
2019-11-05 08:24:07,178 [grpc-default-executor-5] INFO  impl.RoleInfo (RoleInfo.java:shutdownFollowerState(121)) - caafcba9-090a-41f5-a5f9-cba5a6a81e94: shutdown FollowerState
2019-11-05 08:24:07,179 [grpc-default-executor-0] INFO  impl.RaftServerImpl (RaftServerImpl.java:setRole(184)) - b3bb9051-8089-4c51-a999-81579e5913f2@group-0E159EE4F99E: changes role from  FOLLOWER to FOLLOWER at term 152 for recognizeCandidate:a8ae9c07-6d89-4a49-a594-cacd4b776180
2019-11-05 08:24:07,179 [Thread-2242] INFO  impl.FollowerState (FollowerState.java:run(117)) - caafcba9-090a-41f5-a5f9-cba5a6a81e94@group-0E159EE4F99E-FollowerState was interrupted: java.lang.InterruptedException: sleep interrupted
2019-11-05 08:24:07,179 [grpc-default-executor-5] INFO  impl.RoleInfo (RoleInfo.java:updateAndGet(143)) - caafcba9-090a-41f5-a5f9-cba5a6a81e94: start FollowerState
2019-11-05 08:24:07,179 [grpc-default-executor-0] INFO  impl.RoleInfo (RoleInfo.java:shutdownFollowerState(121)) - b3bb9051-8089-4c51-a999-81579e5913f2: shutdown FollowerState
2019-11-05 08:24:07,179 [grpc-default-executor-0] INFO  impl.RoleInfo (RoleInfo.java:updateAndGet(143)) - b3bb9051-8089-4c51-a999-81579e5913f2: start FollowerState
2019-11-05 08:24:07,179 [Thread-2243] INFO  impl.FollowerState (FollowerState.java:run(117)) - b3bb9051-8089-4c51-a999-81579e5913f2@group-0E159EE4F99E-FollowerState was interrupted: java.lang.InterruptedException: sleep interrupted
2019-11-05 08:24:07,193 [a8ae9c07-6d89-4a49-a594-cacd4b776180@group-0E159EE4F99E-LeaderElection286] INFO  impl.LeaderElection (LeaderElection.java:logAndReturn(56)) - a8ae9c07-6d89-4a49-a594-cacd4b776180@group-0E159EE4F99E-LeaderElection286: Election REJECTED; received 2 response(s) [a8ae9c07-6d89-4a49-a594-cacd4b776180<-caafcba9-090a-41f5-a5f9-cba5a6a81e94#0:FAIL-t152, a8ae9c07-6d89-4a49-a594-cacd4b776180<-b3bb9051-8089-4c51-a999-81579e5913f2#0:FAIL-t152] and 0 exception(s); a8ae9c07-6d89-4a49-a594-cacd4b776180@group-0E159EE4F99E:t152, leader=null, voted=a8ae9c07-6d89-4a49-a594-cacd4b776180, raftlog=a8ae9c07-6d89-4a49-a594-cacd4b776180@group-0E159EE4F99E-SegmentedRaftLog:OPENED:c-1,f-1,i0, conf=-1: [caafcba9-090a-41f5-a5f9-cba5a6a81e94:192.168.164.217:37197, a8ae9c07-6d89-4a49-a594-cacd4b776180:192.168.164.217:42719, b3bb9051-8089-4c51-a999-81579e5913f2:192.168.164.217:36516], old=null
2019-11-05 08:24:07,193 [a8ae9c07-6d89-4a49-a594-cacd4b776180@group-0E159EE4F99E-LeaderElection286] INFO  impl.RaftServerImpl (RaftServerImpl.java:setRole(184)) - a8ae9c07-6d89-4a49-a594-cacd4b776180@group-0E159EE4F99E: changes role from CANDIDATE to FOLLOWER at term 152 for DISCOVERED_A_NEW_TERM
2019-11-05 08:24:07,194 [a8ae9c07-6d89-4a49-a594-cacd4b776180@group-0E159EE4F99E-LeaderElection286] INFO  impl.RoleInfo (RoleInfo.java:shutdownLeaderElection(134)) - a8ae9c07-6d89-4a49-a594-cacd4b776180: shutdown LeaderElection
2019-11-05 08:24:07,194 [a8ae9c07-6d89-4a49-a594-cacd4b776180@group-0E159EE4F99E-LeaderElection286] INFO  impl.RoleInfo (RoleInfo.java:updateAndGet(143)) - a8ae9c07-6d89-4a49-a594-cacd4b776180: start FollowerState
2019-11-05 08:24:07,200 [Thread-2258] INFO  impl.FollowerState (FollowerState.java:run(108)) - a8ae9c07-6d89-4a49-a594-cacd4b776180@group-0E159EE4F99E-FollowerState: change to CANDIDATE, lastRpcTime:6ms, electionTimeout:6ms
2019-11-05 08:24:07,200 [Thread-2258] INFO  impl.RoleInfo (RoleInfo.java:shutdownFollowerState(121)) - a8ae9c07-6d89-4a49-a594-cacd4b776180: shutdown FollowerState
2019-11-05 08:24:07,200 [Thread-2258] INFO  impl.RaftServerImpl (RaftServerImpl.java:setRole(184)) - a8ae9c07-6d89-4a49-a594-cacd4b776180@group-0E159EE4F99E: changes role from  FOLLOWER to CANDIDATE at term 152 for changeToCandidate
2019-11-05 08:24:07,200 [Thread-2258] INFO  impl.RoleInfo (RoleInfo.java:updateAndGet(143)) - a8ae9c07-6d89-4a49-a594-cacd4b776180: start LeaderElection
2019-11-05 08:24:07,213 [a8ae9c07-6d89-4a49-a594-cacd4b776180@group-0E159EE4F99E-LeaderElection287] INFO  impl.LeaderElection (LeaderElection.java:askForVotes(178)) - a8ae9c07-6d89-4a49-a594-cacd4b776180@group-0E159EE4F99E-LeaderElection287: begin an election at term 153 for -1: [caafcba9-090a-41f5-a5f9-cba5a6a81e94:192.168.164.217:37197, a8ae9c07-6d89-4a49-a594-cacd4b776180:192.168.164.217:42719, b3bb9051-8089-4c51-a999-81579e5913f2:192.168.164.217:36516], old=null
2019-11-05 08:24:07,215 [grpc-default-executor-0] INFO  impl.RaftServerImpl (RaftServerImpl.java:setRole(184)) - b3bb9051-8089-4c51-a999-81579e5913f2@group-0E159EE4F99E: changes role from  FOLLOWER to FOLLOWER at term 153 for recognizeCandidate:a8ae9c07-6d89-4a49-a594-cacd4b776180
2019-11-05 08:24:07,215 [grpc-default-executor-0] INFO  impl.RoleInfo (RoleInfo.java:shutdownFollowerState(121)) - b3bb9051-8089-4c51-a999-81579e5913f2: shutdown FollowerState
2019-11-05 08:24:07,215 [grpc-default-executor-5] INFO  impl.RaftServerImpl (RaftServerImpl.java:setRole(184)) - caafcba9-090a-41f5-a5f9-cba5a6a81e94@group-0E159EE4F99E: changes role from  FOLLOWER to FOLLOWER at term 153 for recognizeCandidate:a8ae9c07-6d89-4a49-a594-cacd4b776180
2019-11-05 08:24:07,215 [grpc-default-executor-5] INFO  impl.RoleInfo (RoleInfo.java:shutdownFollowerState(121)) - caafcba9-090a-41f5-a5f9-cba5a6a81e94: shutdown FollowerState
2019-11-05 08:24:07,215 [Thread-2257] INFO  impl.FollowerState (FollowerState.java:run(117)) - b3bb9051-8089-4c51-a999-81579e5913f2@group-0E159EE4F99E-FollowerState was interrupted: java.lang.InterruptedException: sleep interrupted
2019-11-05 08:24:07,215 [grpc-default-executor-0] INFO  impl.RoleInfo (RoleInfo.java:updateAndGet(143)) - b3bb9051-8089-4c51-a999-81579e5913f2: start FollowerState
2019-11-05 08:24:07,215 [Thread-2256] INFO  impl.FollowerState (FollowerState.java:run(117)) - caafcba9-090a-41f5-a5f9-cba5a6a81e94@group-0E159EE4F99E-FollowerState was interrupted: java.lang.InterruptedException: sleep interrupted
2019-11-05 08:24:07,215 [grpc-default-executor-5] INFO  impl.RoleInfo (RoleInfo.java:updateAndGet(143)) - caafcba9-090a-41f5-a5f9-cba5a6a81e94: start FollowerState
2019-11-05 08:24:07,229 [a8ae9c07-6d89-4a49-a594-cacd4b776180@group-0E159EE4F99E-LeaderElection287] INFO  impl.LeaderElection (LeaderElection.java:logAndReturn(56)) - a8ae9c07-6d89-4a49-a594-cacd4b776180@group-0E159EE4F99E-LeaderElection287: Election REJECTED; received 2 response(s) [a8ae9c07-6d89-4a49-a594-cacd4b776180<-caafcba9-090a-41f5-a5f9-cba5a6a81e94#0:FAIL-t153, a8ae9c07-6d89-4a49-a594-cacd4b776180<-b3bb9051-8089-4c51-a999-81579e5913f2#0:FAIL-t153] and 0 exception(s); a8ae9c07-6d89-4a49-a594-cacd4b776180@group-0E159EE4F99E:t153, leader=null, voted=a8ae9c07-6d89-4a49-a594-cacd4b776180, raftlog=a8ae9c07-6d89-4a49-a594-cacd4b776180@group-0E159EE4F99E-SegmentedRaftLog:OPENED:c-1,f-1,i0, conf=-1: [caafcba9-090a-41f5-a5f9-cba5a6a81e94:192.168.164.217:37197, a8ae9c07-6d89-4a49-a594-cacd4b776180:192.168.164.217:42719, b3bb9051-8089-4c51-a999-81579e5913f2:192.168.164.217:36516], old=null
2019-11-05 08:24:07,230 [a8ae9c07-6d89-4a49-a594-cacd4b776180@group-0E159EE4F99E-LeaderElection287] INFO  impl.RaftServerImpl (RaftServerImpl.java:setRole(184)) - a8ae9c07-6d89-4a49-a594-cacd4b776180@group-0E159EE4F99E: changes role from CANDIDATE to FOLLOWER at term 153 for DISCOVERED_A_NEW_TERM
2019-11-05 08:24:07,230 [a8ae9c07-6d89-4a49-a594-cacd4b776180@group-0E159EE4F99E-LeaderElection287] INFO  impl.RoleInfo (RoleInfo.java:shutdownLeaderElection(134)) - a8ae9c07-6d89-4a49-a594-cacd4b776180: shutdown LeaderElection
2019-11-05 08:24:07,230 [a8ae9c07-6d89-4a49-a594-cacd4b776180@group-0E159EE4F99E-LeaderElection287] INFO  impl.RoleInfo (RoleInfo.java:updateAndGet(143)) - a8ae9c07-6d89-4a49-a594-cacd4b776180: start FollowerState
2019-11-05 08:24:07,243 [Thread-2250] INFO  impl.FollowerState (FollowerState.java:run(108)) - 4a682f4f-c3f2-4b77-88b7-f0ab78890feb@group-0DB8C7688BF9-FollowerState: change to CANDIDATE, lastRpcTime:137ms, electionTimeout:137ms
2019-11-05 08:24:07,243 [Thread-2250] INFO  impl.RoleInfo (RoleInfo.java:shutdownFollowerState(121)) - 4a682f4f-c3f2-4b77-88b7-f0ab78890feb: shutdown FollowerState
2019-11-05 08:24:07,243 [Thread-2250] INFO  impl.RaftServerImpl (RaftServerImpl.java:setRole(184)) - 4a682f4f-c3f2-4b77-88b7-f0ab78890feb@group-0DB8C7688BF9: changes role from  FOLLOWER to CANDIDATE at term 143 for changeToCandidate
2019-11-05 08:24:07,243 [Thread-2250] INFO  impl.RoleInfo (RoleInfo.java:updateAndGet(143)) - 4a682f4f-c3f2-4b77-88b7-f0ab78890feb: start LeaderElection
2019-11-05 08:24:07,257 [4a682f4f-c3f2-4b77-88b7-f0ab78890feb@group-0DB8C7688BF9-LeaderElection288] INFO  impl.LeaderElection (LeaderElection.java:askForVotes(178)) - 4a682f4f-c3f2-4b77-88b7-f0ab78890feb@group-0DB8C7688BF9-LeaderElection288: begin an election at term 144 for -1: [77ab65e6-d942-49df-83a3-1d4c0bf152b3:192.168.164.217:39381, 7e1b84a9-a041-44fd-8008-f2679426984c:192.168.164.217:44149, 4a682f4f-c3f2-4b77-88b7-f0ab78890feb:192.168.164.217:34174], old=null
2019-11-05 08:24:07,259 [grpc-default-executor-0] INFO  impl.RaftServerImpl (RaftServerImpl.java:setRole(184)) - 77ab65e6-d942-49df-83a3-1d4c0bf152b3@group-0DB8C7688BF9: changes role from  FOLLOWER to FOLLOWER at term 144 for recognizeCandidate:4a682f4f-c3f2-4b77-88b7-f0ab78890feb
2019-11-05 08:24:07,259 [grpc-default-executor-0] INFO  impl.RoleInfo (RoleInfo.java:shutdownFollowerState(121)) - 77ab65e6-d942-49df-83a3-1d4c0bf152b3: shutdown FollowerState
2019-11-05 08:24:07,259 [grpc-default-executor-5] INFO  impl.RaftServerImpl (RaftServerImpl.java:setRole(184)) - 7e1b84a9-a041-44fd-8008-f2679426984c@group-0DB8C7688BF9: changes role from  FOLLOWER to FOLLOWER at term 144 for recognizeCandidate:4a682f4f-c3f2-4b77-88b7-f0ab78890feb
2019-11-05 08:24:07,259 [Thread-2248] INFO  impl.FollowerState (FollowerState.java:run(117)) - 77ab65e6-d942-49df-83a3-1d4c0bf152b3@group-0DB8C7688BF9-FollowerState was interrupted: java.lang.InterruptedException: sleep interrupted
2019-11-05 08:24:07,259 [grpc-default-executor-0] INFO  impl.RoleInfo (RoleInfo.java:updateAndGet(143)) - 77ab65e6-d942-49df-83a3-1d4c0bf152b3: start FollowerState
2019-11-05 08:24:07,259 [grpc-default-executor-5] INFO  impl.RoleInfo (RoleInfo.java:shutdownFollowerState(121)) - 7e1b84a9-a041-44fd-8008-f2679426984c: shutdown FollowerState
2019-11-05 08:24:07,259 [grpc-default-executor-5] INFO  impl.RoleInfo (RoleInfo.java:updateAndGet(143)) - 7e1b84a9-a041-44fd-8008-f2679426984c: start FollowerState
2019-11-05 08:24:07,259 [Thread-2249] INFO  impl.FollowerState (FollowerState.java:run(117)) - 7e1b84a9-a041-44fd-8008-f2679426984c@group-0DB8C7688BF9-FollowerState was interrupted: java.lang.InterruptedException: sleep interrupted
2019-11-05 08:24:07,286 [4a682f4f-c3f2-4b77-88b7-f0ab78890feb@group-0DB8C7688BF9-LeaderElection288] INFO  impl.LeaderElection (LeaderElection.java:logAndReturn(56)) - 4a682f4f-c3f2-4b77-88b7-f0ab78890feb@group-0DB8C7688BF9-LeaderElection288: Election REJECTED; received 2 response(s) [4a682f4f-c3f2-4b77-88b7-f0ab78890feb<-77ab65e6-d942-49df-83a3-1d4c0bf152b3#0:FAIL-t144, 4a682f4f-c3f2-4b77-88b7-f0ab78890feb<-7e1b84a9-a041-44fd-8008-f2679426984c#0:FAIL-t144] and 0 exception(s); 4a682f4f-c3f2-4b77-88b7-f0ab78890feb@group-0DB8C7688BF9:t144, leader=null, voted=4a682f4f-c3f2-4b77-88b7-f0ab78890feb, raftlog=4a682f4f-c3f2-4b77-88b7-f0ab78890feb@group-0DB8C7688BF9-SegmentedRaftLog:OPENED:c-1,f-1,i0, conf=-1: [77ab65e6-d942-49df-83a3-1d4c0bf152b3:192.168.164.217:39381, 7e1b84a9-a041-44fd-8008-f2679426984c:192.168.164.217:44149, 4a682f4f-c3f2-4b77-88b7-f0ab78890feb:192.168.164.217:34174], old=null
2019-11-05 08:24:07,286 [4a682f4f-c3f2-4b77-88b7-f0ab78890feb@group-0DB8C7688BF9-LeaderElection288] INFO  impl.RaftServerImpl (RaftServerImpl.java:setRole(184)) - 4a682f4f-c3f2-4b77-88b7-f0ab78890feb@group-0DB8C7688BF9: changes role from CANDIDATE to FOLLOWER at term 144 for DISCOVERED_A_NEW_TERM
2019-11-05 08:24:07,286 [4a682f4f-c3f2-4b77-88b7-f0ab78890feb@group-0DB8C7688BF9-LeaderElection288] INFO  impl.RoleInfo (RoleInfo.java:shutdownLeaderElection(134)) - 4a682f4f-c3f2-4b77-88b7-f0ab78890feb: shutdown LeaderElection
2019-11-05 08:24:07,288 [4a682f4f-c3f2-4b77-88b7-f0ab78890feb@group-0DB8C7688BF9-LeaderElection288] INFO  impl.RoleInfo (RoleInfo.java:updateAndGet(143)) - 4a682f4f-c3f2-4b77-88b7-f0ab78890feb: start FollowerState
2019-11-05 08:24:07,305 [Thread-2272] INFO  impl.FollowerState (FollowerState.java:run(108)) - 4a682f4f-c3f2-4b77-88b7-f0ab78890feb@group-0DB8C7688BF9-FollowerState: change to CANDIDATE, lastRpcTime:16ms, electionTimeout:16ms
2019-11-05 08:24:07,305 [Thread-2272] INFO  impl.RoleInfo (RoleInfo.java:shutdownFollowerState(121)) - 4a682f4f-c3f2-4b77-88b7-f0ab78890feb: shutdown FollowerState
2019-11-05 08:24:07,305 [Thread-2272] INFO  impl.RaftServerImpl (RaftServerImpl.java:setRole(184)) - 4a682f4f-c3f2-4b77-88b7-f0ab78890feb@group-0DB8C7688BF9: changes role from  FOLLOWER to CANDIDATE at term 144 for changeToCandidate
2019-11-05 08:24:07,305 [Thread-2272] INFO  impl.RoleInfo (RoleInfo.java:updateAndGet(143)) - 4a682f4f-c3f2-4b77-88b7-f0ab78890feb: start LeaderElection
2019-11-05 08:24:07,318 [4a682f4f-c3f2-4b77-88b7-f0ab78890feb@group-0DB8C7688BF9-LeaderElection289] INFO  impl.LeaderElection (LeaderElection.java:askForVotes(178)) - 4a682f4f-c3f2-4b77-88b7-f0ab78890feb@group-0DB8C7688BF9-LeaderElection289: begin an election at term 145 for -1: [77ab65e6-d942-49df-83a3-1d4c0bf152b3:192.168.164.217:39381, 7e1b84a9-a041-44fd-8008-f2679426984c:192.168.164.217:44149, 4a682f4f-c3f2-4b77-88b7-f0ab78890feb:192.168.164.217:34174], old=null
2019-11-05 08:24:07,320 [grpc-default-executor-5] INFO  impl.RaftServerImpl (RaftServerImpl.java:setRole(184)) - 77ab65e6-d942-49df-83a3-1d4c0bf152b3@group-0DB8C7688BF9: changes role from  FOLLOWER to FOLLOWER at term 145 for recognizeCandidate:4a682f4f-c3f2-4b77-88b7-f0ab78890feb
2019-11-05 08:24:07,320 [grpc-default-executor-5] INFO  impl.RoleInfo (RoleInfo.java:shutdownFollowerState(121)) - 77ab65e6-d942-49df-83a3-1d4c0bf152b3: shutdown FollowerState
2019-11-05 08:24:07,320 [grpc-default-executor-0] INFO  impl.RaftServerImpl (RaftServerImpl.java:setRole(184)) - 7e1b84a9-a041-44fd-8008-f2679426984c@group-0DB8C7688BF9: changes role from  FOLLOWER to FOLLOWER at term 145 for recognizeCandidate:4a682f4f-c3f2-4b77-88b7-f0ab78890feb
2019-11-05 08:24:07,320 [Thread-2268] INFO  impl.FollowerState (FollowerState.java:run(117)) - 77ab65e6-d942-49df-83a3-1d4c0bf152b3@group-0DB8C7688BF9-FollowerState was interrupted: java.lang.InterruptedException: sleep interrupted
2019-11-05 08:24:07,320 [grpc-default-executor-5] INFO  impl.RoleInfo (RoleInfo.java:updateAndGet(143)) - 77ab65e6-d942-49df-83a3-1d4c0bf152b3: start FollowerState
2019-11-05 08:24:07,320 [grpc-default-executor-0] INFO  impl.RoleInfo (RoleInfo.java:shutdownFollowerState(121)) - 7e1b84a9-a041-44fd-8008-f2679426984c: shutdown FollowerState
2019-11-05 08:24:07,321 [grpc-default-executor-0] INFO  impl.RoleInfo (RoleInfo.java:updateAndGet(143)) - 7e1b84a9-a041-44fd-8008-f2679426984c: start FollowerState
2019-11-05 08:24:07,321 [Thread-2269] INFO  impl.FollowerState (FollowerState.java:run(117)) - 7e1b84a9-a041-44fd-8008-f2679426984c@group-0DB8C7688BF9-FollowerState was interrupted: java.lang.InterruptedException: sleep interrupted
2019-11-05 08:24:07,335 [4a682f4f-c3f2-4b77-88b7-f0ab78890feb@group-0DB8C7688BF9-LeaderElection289] INFO  impl.LeaderElection (LeaderElection.java:logAndReturn(56)) - 4a682f4f-c3f2-4b77-88b7-f0ab78890feb@group-0DB8C7688BF9-LeaderElection289: Election REJECTED; received 2 response(s) [4a682f4f-c3f2-4b77-88b7-f0ab78890feb<-77ab65e6-d942-49df-83a3-1d4c0bf152b3#0:FAIL-t145, 4a682f4f-c3f2-4b77-88b7-f0ab78890feb<-7e1b84a9-a041-44fd-8008-f2679426984c#0:FAIL-t145] and 0 exception(s); 4a682f4f-c3f2-4b77-88b7-f0ab78890feb@group-0DB8C7688BF9:t145, leader=null, voted=4a682f4f-c3f2-4b77-88b7-f0ab78890feb, raftlog=4a682f4f-c3f2-4b77-88b7-f0ab78890feb@group-0DB8C7688BF9-SegmentedRaftLog:OPENED:c-1,f-1,i0, conf=-1: [77ab65e6-d942-49df-83a3-1d4c0bf152b3:192.168.164.217:39381, 7e1b84a9-a041-44fd-8008-f2679426984c:192.168.164.217:44149, 4a682f4f-c3f2-4b77-88b7-f0ab78890feb:192.168.164.217:34174], old=null
2019-11-05 08:24:07,335 [4a682f4f-c3f2-4b77-88b7-f0ab78890feb@group-0DB8C7688BF9-LeaderElection289] INFO  impl.RaftServerImpl (RaftServerImpl.java:setRole(184)) - 4a682f4f-c3f2-4b77-88b7-f0ab78890feb@group-0DB8C7688BF9: changes role from CANDIDATE to FOLLOWER at term 145 for DISCOVERED_A_NEW_TERM
2019-11-05 08:24:07,335 [4a682f4f-c3f2-4b77-88b7-f0ab78890feb@group-0DB8C7688BF9-LeaderElection289] INFO  impl.RoleInfo (RoleInfo.java:shutdownLeaderElection(134)) - 4a682f4f-c3f2-4b77-88b7-f0ab78890feb: shutdown LeaderElection
2019-11-05 08:24:07,335 [4a682f4f-c3f2-4b77-88b7-f0ab78890feb@group-0DB8C7688BF9-LeaderElection289] INFO  impl.RoleInfo (RoleInfo.java:updateAndGet(143)) - 4a682f4f-c3f2-4b77-88b7-f0ab78890feb: start FollowerState
2019-11-05 08:24:07,382 [Thread-2278] INFO  impl.FollowerState (FollowerState.java:run(108)) - 4a682f4f-c3f2-4b77-88b7-f0ab78890feb@group-0DB8C7688BF9-FollowerState: change to CANDIDATE, lastRpcTime:47ms, electionTimeout:47ms
2019-11-05 08:24:07,382 [Thread-2278] INFO  impl.RoleInfo (RoleInfo.java:shutdownFollowerState(121)) - 4a682f4f-c3f2-4b77-88b7-f0ab78890feb: shutdown FollowerState
2019-11-05 08:24:07,383 [Thread-2278] INFO  impl.RaftServerImpl (RaftServerImpl.java:setRole(184)) - 4a682f4f-c3f2-4b77-88b7-f0ab78890feb@group-0DB8C7688BF9: changes role from  FOLLOWER to CANDIDATE at term 145 for changeToCandidate
2019-11-05 08:24:07,383 [Thread-2278] INFO  impl.RoleInfo (RoleInfo.java:updateAndGet(143)) - 4a682f4f-c3f2-4b77-88b7-f0ab78890feb: start LeaderElection
2019-11-05 08:24:07,396 [4a682f4f-c3f2-4b77-88b7-f0ab78890feb@group-0DB8C7688BF9-LeaderElection290] INFO  impl.LeaderElection (LeaderElection.java:askForVotes(178)) - 4a682f4f-c3f2-4b77-88b7-f0ab78890feb@group-0DB8C7688BF9-LeaderElection290: begin an election at term 146 for -1: [77ab65e6-d942-49df-83a3-1d4c0bf152b3:192.168.164.217:39381, 7e1b84a9-a041-44fd-8008-f2679426984c:192.168.164.217:44149, 4a682f4f-c3f2-4b77-88b7-f0ab78890feb:192.168.164.217:34174], old=null
2019-11-05 08:24:07,398 [grpc-default-executor-5] INFO  impl.RaftServerImpl (RaftServerImpl.java:setRole(184)) - 77ab65e6-d942-49df-83a3-1d4c0bf152b3@group-0DB8C7688BF9: changes role from  FOLLOWER to FOLLOWER at term 146 for recognizeCandidate:4a682f4f-c3f2-4b77-88b7-f0ab78890feb
2019-11-05 08:24:07,398 [grpc-default-executor-5] INFO  impl.RoleInfo (RoleInfo.java:shutdownFollowerState(121)) - 77ab65e6-d942-49df-83a3-1d4c0bf152b3: shutdown FollowerState
2019-11-05 08:24:07,398 [grpc-default-executor-0] INFO  impl.RaftServerImpl (RaftServerImpl.java:setRole(184)) - 7e1b84a9-a041-44fd-8008-f2679426984c@group-0DB8C7688BF9: changes role from  FOLLOWER to FOLLOWER at term 146 for recognizeCandidate:4a682f4f-c3f2-4b77-88b7-f0ab78890feb
2019-11-05 08:24:07,398 [grpc-default-executor-0] INFO  impl.RoleInfo (RoleInfo.java:shutdownFollowerState(121)) - 7e1b84a9-a041-44fd-8008-f2679426984c: shutdown FollowerState
2019-11-05 08:24:07,398 [Thread-2276] INFO  impl.FollowerState (FollowerState.java:run(117)) - 77ab65e6-d942-49df-83a3-1d4c0bf152b3@group-0DB8C7688BF9-FollowerState was interrupted: java.lang.InterruptedException: sleep interrupted
2019-11-05 08:24:07,398 [grpc-default-executor-5] INFO  impl.RoleInfo (RoleInfo.java:updateAndGet(143)) - 77ab65e6-d942-49df-83a3-1d4c0bf152b3: start FollowerState
2019-11-05 08:24:07,398 [Thread-2277] INFO  impl.FollowerState (FollowerState.java:run(117)) - 7e1b84a9-a041-44fd-8008-f2679426984c@group-0DB8C7688BF9-FollowerState was interrupted: java.lang.InterruptedException: sleep interrupted
2019-11-05 08:24:07,398 [grpc-default-executor-0] INFO  impl.RoleInfo (RoleInfo.java:updateAndGet(143)) - 7e1b84a9-a041-44fd-8008-f2679426984c: start FollowerState
2019-11-05 08:24:07,413 [4a682f4f-c3f2-4b77-88b7-f0ab78890feb@group-0DB8C7688BF9-LeaderElection290] INFO  impl.LeaderElection (LeaderElection.java:logAndReturn(56)) - 4a682f4f-c3f2-4b77-88b7-f0ab78890feb@group-0DB8C7688BF9-LeaderElection290: Election REJECTED; received 2 response(s) [4a682f4f-c3f2-4b77-88b7-f0ab78890feb<-77ab65e6-d942-49df-83a3-1d4c0bf152b3#0:FAIL-t146, 4a682f4f-c3f2-4b77-88b7-f0ab78890feb<-7e1b84a9-a041-44fd-8008-f2679426984c#0:FAIL-t146] and 0 exception(s); 4a682f4f-c3f2-4b77-88b7-f0ab78890feb@group-0DB8C7688BF9:t146, leader=null, voted=4a682f4f-c3f2-4b77-88b7-f0ab78890feb, raftlog=4a682f4f-c3f2-4b77-88b7-f0ab78890feb@group-0DB8C7688BF9-SegmentedRaftLog:OPENED:c-1,f-1,i0, conf=-1: [77ab65e6-d942-49df-83a3-1d4c0bf152b3:192.168.164.217:39381, 7e1b84a9-a041-44fd-8008-f2679426984c:192.168.164.217:44149, 4a682f4f-c3f2-4b77-88b7-f0ab78890feb:192.168.164.217:34174], old=null
2019-11-05 08:24:07,413 [4a682f4f-c3f2-4b77-88b7-f0ab78890feb@group-0DB8C7688BF9-LeaderElection290] INFO  impl.RaftServerImpl (RaftServerImpl.java:setRole(184)) - 4a682f4f-c3f2-4b77-88b7-f0ab78890feb@group-0DB8C7688BF9: changes role from CANDIDATE to FOLLOWER at term 146 for DISCOVERED_A_NEW_TERM
2019-11-05 08:24:07,413 [4a682f4f-c3f2-4b77-88b7-f0ab78890feb@group-0DB8C7688BF9-LeaderElection290] INFO  impl.RoleInfo (RoleInfo.java:shutdownLeaderElection(134)) - 4a682f4f-c3f2-4b77-88b7-f0ab78890feb: shutdown LeaderElection
2019-11-05 08:24:07,413 [4a682f4f-c3f2-4b77-88b7-f0ab78890feb@group-0DB8C7688BF9-LeaderElection290] INFO  impl.RoleInfo (RoleInfo.java:updateAndGet(143)) - 4a682f4f-c3f2-4b77-88b7-f0ab78890feb: start FollowerState
2019-11-05 08:24:07,414 [Thread-2264] INFO  impl.FollowerState (FollowerState.java:run(108)) - a8ae9c07-6d89-4a49-a594-cacd4b776180@group-0E159EE4F99E-FollowerState: change to CANDIDATE, lastRpcTime:184ms, electionTimeout:184ms
2019-11-05 08:24:07,414 [Thread-2264] INFO  impl.RoleInfo (RoleInfo.java:shutdownFollowerState(121)) - a8ae9c07-6d89-4a49-a594-cacd4b776180: shutdown FollowerState
2019-11-05 08:24:07,415 [Thread-2264] INFO  impl.RaftServerImpl (RaftServerImpl.java:setRole(184)) - a8ae9c07-6d89-4a49-a594-cacd4b776180@group-0E159EE4F99E: changes role from  FOLLOWER to CANDIDATE at term 153 for changeToCandidate
2019-11-05 08:24:07,415 [Thread-2264] INFO  impl.RoleInfo (RoleInfo.java:updateAndGet(143)) - a8ae9c07-6d89-4a49-a594-cacd4b776180: start LeaderElection
2019-11-05 08:24:07,428 [a8ae9c07-6d89-4a49-a594-cacd4b776180@group-0E159EE4F99E-LeaderElection291] INFO  impl.LeaderElection (LeaderElection.java:askForVotes(178)) - a8ae9c07-6d89-4a49-a594-cacd4b776180@group-0E159EE4F99E-LeaderElection291: begin an election at term 154 for -1: [caafcba9-090a-41f5-a5f9-cba5a6a81e94:192.168.164.217:37197, a8ae9c07-6d89-4a49-a594-cacd4b776180:192.168.164.217:42719, b3bb9051-8089-4c51-a999-81579e5913f2:192.168.164.217:36516], old=null
2019-11-05 08:24:07,430 [grpc-default-executor-5] INFO  impl.RaftServerImpl (RaftServerImpl.java:setRole(184)) - caafcba9-090a-41f5-a5f9-cba5a6a81e94@group-0E159EE4F99E: changes role from  FOLLOWER to FOLLOWER at term 154 for recognizeCandidate:a8ae9c07-6d89-4a49-a594-cacd4b776180
2019-11-05 08:24:07,430 [grpc-default-executor-5] INFO  impl.RoleInfo (RoleInfo.java:shutdownFollowerState(121)) - caafcba9-090a-41f5-a5f9-cba5a6a81e94: shutdown FollowerState
2019-11-05 08:24:07,430 [grpc-default-executor-0] INFO  impl.RaftServerImpl (RaftServerImpl.java:setRole(184)) - b3bb9051-8089-4c51-a999-81579e5913f2@group-0E159EE4F99E: changes role from  FOLLOWER to FOLLOWER at term 154 for recognizeCandidate:a8ae9c07-6d89-4a49-a594-cacd4b776180
2019-11-05 08:24:07,430 [grpc-default-executor-0] INFO  impl.RoleInfo (RoleInfo.java:shutdownFollowerState(121)) - b3bb9051-8089-4c51-a999-81579e5913f2: shutdown FollowerState
2019-11-05 08:24:07,430 [Thread-2263] INFO  impl.FollowerState (FollowerState.java:run(117)) - caafcba9-090a-41f5-a5f9-cba5a6a81e94@group-0E159EE4F99E-FollowerState was interrupted: java.lang.InterruptedException: sleep interrupted
2019-11-05 08:24:07,431 [Thread-2262] INFO  impl.FollowerState (FollowerState.java:run(117)) - b3bb9051-8089-4c51-a999-81579e5913f2@group-0E159EE4F99E-FollowerState was interrupted: java.lang.InterruptedException: sleep interrupted
2019-11-05 08:24:07,430 [grpc-default-executor-5] INFO  impl.RoleInfo (RoleInfo.java:updateAndGet(143)) - caafcba9-090a-41f5-a5f9-cba5a6a81e94: start FollowerState
2019-11-05 08:24:07,431 [grpc-default-executor-0] INFO  impl.RoleInfo (RoleInfo.java:updateAndGet(143)) - b3bb9051-8089-4c51-a999-81579e5913f2: start FollowerState
2019-11-05 08:24:07,444 [Thread-2284] INFO  impl.FollowerState (FollowerState.java:run(108)) - 4a682f4f-c3f2-4b77-88b7-f0ab78890feb@group-0DB8C7688BF9-FollowerState: change to CANDIDATE, lastRpcTime:31ms, electionTimeout:31ms
2019-11-05 08:24:07,445 [Thread-2284] INFO  impl.RoleInfo (RoleInfo.java:shutdownFollowerState(121)) - 4a682f4f-c3f2-4b77-88b7-f0ab78890feb: shutdown FollowerState
2019-11-05 08:24:07,445 [Thread-2284] INFO  impl.RaftServerImpl (RaftServerImpl.java:setRole(184)) - 4a682f4f-c3f2-4b77-88b7-f0ab78890feb@group-0DB8C7688BF9: changes role from  FOLLOWER to CANDIDATE at term 146 for changeToCandidate
2019-11-05 08:24:07,445 [Thread-2284] INFO  impl.RoleInfo (RoleInfo.java:updateAndGet(143)) - 4a682f4f-c3f2-4b77-88b7-f0ab78890feb: start LeaderElection
2019-11-05 08:24:07,445 [a8ae9c07-6d89-4a49-a594-cacd4b776180@group-0E159EE4F99E-LeaderElection291] INFO  impl.LeaderElection (LeaderElection.java:logAndReturn(56)) - a8ae9c07-6d89-4a49-a594-cacd4b776180@group-0E159EE4F99E-LeaderElection291: Election REJECTED; received 2 response(s) [a8ae9c07-6d89-4a49-a594-cacd4b776180<-caafcba9-090a-41f5-a5f9-cba5a6a81e94#0:FAIL-t154, a8ae9c07-6d89-4a49-a594-cacd4b776180<-b3bb9051-8089-4c51-a999-81579e5913f2#0:FAIL-t154] and 0 exception(s); a8ae9c07-6d89-4a49-a594-cacd4b776180@group-0E159EE4F99E:t154, leader=null, voted=a8ae9c07-6d89-4a49-a594-cacd4b776180, raftlog=a8ae9c07-6d89-4a49-a594-cacd4b776180@group-0E159EE4F99E-SegmentedRaftLog:OPENED:c-1,f-1,i0, conf=-1: [caafcba9-090a-41f5-a5f9-cba5a6a81e94:192.168.164.217:37197, a8ae9c07-6d89-4a49-a594-cacd4b776180:192.168.164.217:42719, b3bb9051-8089-4c51-a999-81579e5913f2:192.168.164.217:36516], old=null
2019-11-05 08:24:07,446 [a8ae9c07-6d89-4a49-a594-cacd4b776180@group-0E159EE4F99E-LeaderElection291] INFO  impl.RaftServerImpl (RaftServerImpl.java:setRole(184)) - a8ae9c07-6d89-4a49-a594-cacd4b776180@group-0E159EE4F99E: changes role from CANDIDATE to FOLLOWER at term 154 for DISCOVERED_A_NEW_TERM
2019-11-05 08:24:07,446 [a8ae9c07-6d89-4a49-a594-cacd4b776180@group-0E159EE4F99E-LeaderElection291] INFO  impl.RoleInfo (RoleInfo.java:shutdownLeaderElection(134)) - a8ae9c07-6d89-4a49-a594-cacd4b776180: shutdown LeaderElection
2019-11-05 08:24:07,446 [a8ae9c07-6d89-4a49-a594-cacd4b776180@group-0E159EE4F99E-LeaderElection291] INFO  impl.RoleInfo (RoleInfo.java:updateAndGet(143)) - a8ae9c07-6d89-4a49-a594-cacd4b776180: start FollowerState
2019-11-05 08:24:07,458 [4a682f4f-c3f2-4b77-88b7-f0ab78890feb@group-0DB8C7688BF9-LeaderElection292] INFO  impl.LeaderElection (LeaderElection.java:askForVotes(178)) - 4a682f4f-c3f2-4b77-88b7-f0ab78890feb@group-0DB8C7688BF9-LeaderElection292: begin an election at term 147 for -1: [77ab65e6-d942-49df-83a3-1d4c0bf152b3:192.168.164.217:39381, 7e1b84a9-a041-44fd-8008-f2679426984c:192.168.164.217:44149, 4a682f4f-c3f2-4b77-88b7-f0ab78890feb:192.168.164.217:34174], old=null
2019-11-05 08:24:07,460 [grpc-default-executor-0] INFO  impl.RaftServerImpl (RaftServerImpl.java:setRole(184)) - 77ab65e6-d942-49df-83a3-1d4c0bf152b3@group-0DB8C7688BF9: changes role from  FOLLOWER to FOLLOWER at term 147 for recognizeCandidate:4a682f4f-c3f2-4b77-88b7-f0ab78890feb
2019-11-05 08:24:07,460 [grpc-default-executor-0] INFO  impl.RoleInfo (RoleInfo.java:shutdownFollowerState(121)) - 77ab65e6-d942-49df-83a3-1d4c0bf152b3: shutdown FollowerState
2019-11-05 08:24:07,460 [grpc-default-executor-0] INFO  impl.RoleInfo (RoleInfo.java:updateAndGet(143)) - 77ab65e6-d942-49df-83a3-1d4c0bf152b3: start FollowerState
2019-11-05 08:24:07,460 [Thread-2282] INFO  impl.FollowerState (FollowerState.java:run(117)) - 77ab65e6-d942-49df-83a3-1d4c0bf152b3@group-0DB8C7688BF9-FollowerState was interrupted: java.lang.InterruptedException: sleep interrupted
2019-11-05 08:24:07,460 [grpc-default-executor-5] INFO  impl.RaftServerImpl (RaftServerImpl.java:setRole(184)) - 7e1b84a9-a041-44fd-8008-f2679426984c@group-0DB8C7688BF9: changes role from  FOLLOWER to FOLLOWER at term 147 for recognizeCandidate:4a682f4f-c3f2-4b77-88b7-f0ab78890feb
2019-11-05 08:24:07,461 [grpc-default-executor-5] INFO  impl.RoleInfo (RoleInfo.java:shutdownFollowerState(121)) - 7e1b84a9-a041-44fd-8008-f2679426984c: shutdown FollowerState
2019-11-05 08:24:07,461 [grpc-default-executor-5] INFO  impl.RoleInfo (RoleInfo.java:updateAndGet(143)) - 7e1b84a9-a041-44fd-8008-f2679426984c: start FollowerState
2019-11-05 08:24:07,461 [Thread-2283] INFO  impl.FollowerState (FollowerState.java:run(117)) - 7e1b84a9-a041-44fd-8008-f2679426984c@group-0DB8C7688BF9-FollowerState was interrupted: java.lang.InterruptedException: sleep interrupted
2019-11-05 08:24:07,474 [4a682f4f-c3f2-4b77-88b7-f0ab78890feb@group-0DB8C7688BF9-LeaderElection292] INFO  impl.LeaderElection (LeaderElection.java:logAndReturn(56)) - 4a682f4f-c3f2-4b77-88b7-f0ab78890feb@group-0DB8C7688BF9-LeaderElection292: Election REJECTED; received 2 response(s) [4a682f4f-c3f2-4b77-88b7-f0ab78890feb<-77ab65e6-d942-49df-83a3-1d4c0bf152b3#0:FAIL-t147, 4a682f4f-c3f2-4b77-88b7-f0ab78890feb<-7e1b84a9-a041-44fd-8008-f2679426984c#0:FAIL-t147] and 0 exception(s); 4a682f4f-c3f2-4b77-88b7-f0ab78890feb@group-0DB8C7688BF9:t147, leader=null, voted=4a682f4f-c3f2-4b77-88b7-f0ab78890feb, raftlog=4a682f4f-c3f2-4b77-88b7-f0ab78890feb@group-0DB8C7688BF9-SegmentedRaftLog:OPENED:c-1,f-1,i0, conf=-1: [77ab65e6-d942-49df-83a3-1d4c0bf152b3:192.168.164.217:39381, 7e1b84a9-a041-44fd-8008-f2679426984c:192.168.164.217:44149, 4a682f4f-c3f2-4b77-88b7-f0ab78890feb:192.168.164.217:34174], old=null
2019-11-05 08:24:07,474 [4a682f4f-c3f2-4b77-88b7-f0ab78890feb@group-0DB8C7688BF9-LeaderElection292] INFO  impl.RaftServerImpl (RaftServerImpl.java:setRole(184)) - 4a682f4f-c3f2-4b77-88b7-f0ab78890feb@group-0DB8C7688BF9: changes role from CANDIDATE to FOLLOWER at term 147 for DISCOVERED_A_NEW_TERM
2019-11-05 08:24:07,474 [4a682f4f-c3f2-4b77-88b7-f0ab78890feb@group-0DB8C7688BF9-LeaderElection292] INFO  impl.RoleInfo (RoleInfo.java:shutdownLeaderElection(134)) - 4a682f4f-c3f2-4b77-88b7-f0ab78890feb: shutdown LeaderElection
2019-11-05 08:24:07,474 [4a682f4f-c3f2-4b77-88b7-f0ab78890feb@group-0DB8C7688BF9-LeaderElection292] INFO  impl.RoleInfo (RoleInfo.java:updateAndGet(143)) - 4a682f4f-c3f2-4b77-88b7-f0ab78890feb: start FollowerState
2019-11-05 08:24:07,493 [Thread-2296] INFO  impl.FollowerState (FollowerState.java:run(108)) - 4a682f4f-c3f2-4b77-88b7-f0ab78890feb@group-0DB8C7688BF9-FollowerState: change to CANDIDATE, lastRpcTime:18ms, electionTimeout:18ms
2019-11-05 08:24:07,493 [Thread-2296] INFO  impl.RoleInfo (RoleInfo.java:shutdownFollowerState(121)) - 4a682f4f-c3f2-4b77-88b7-f0ab78890feb: shutdown FollowerState
2019-11-05 08:24:07,493 [Thread-2296] INFO  impl.RaftServerImpl (RaftServerImpl.java:setRole(184)) - 4a682f4f-c3f2-4b77-88b7-f0ab78890feb@group-0DB8C7688BF9: changes role from  FOLLOWER to CANDIDATE at term 147 for changeToCandidate
2019-11-05 08:24:07,493 [Thread-2296] INFO  impl.RoleInfo (RoleInfo.java:updateAndGet(143)) - 4a682f4f-c3f2-4b77-88b7-f0ab78890feb: start LeaderElection
2019-11-05 08:24:07,506 [4a682f4f-c3f2-4b77-88b7-f0ab78890feb@group-0DB8C7688BF9-LeaderElection293] INFO  impl.LeaderElection (LeaderElection.java:askForVotes(178)) - 4a682f4f-c3f2-4b77-88b7-f0ab78890feb@group-0DB8C7688BF9-LeaderElection293: begin an election at term 148 for -1: [77ab65e6-d942-49df-83a3-1d4c0bf152b3:192.168.164.217:39381, 7e1b84a9-a041-44fd-8008-f2679426984c:192.168.164.217:44149, 4a682f4f-c3f2-4b77-88b7-f0ab78890feb:192.168.164.217:34174], old=null
2019-11-05 08:24:07,508 [grpc-default-executor-5] INFO  impl.RaftServerImpl (RaftServerImpl.java:setRole(184)) - 77ab65e6-d942-49df-83a3-1d4c0bf152b3@group-0DB8C7688BF9: changes role from  FOLLOWER to FOLLOWER at term 148 for recognizeCandidate:4a682f4f-c3f2-4b77-88b7-f0ab78890feb
2019-11-05 08:24:07,508 [grpc-default-executor-5] INFO  impl.RoleInfo (RoleInfo.java:shutdownFollowerState(121)) - 77ab65e6-d942-49df-83a3-1d4c0bf152b3: shutdown FollowerState
2019-11-05 08:24:07,508 [grpc-default-executor-0] INFO  impl.RaftServerImpl (RaftServerImpl.java:setRole(184)) - 7e1b84a9-a041-44fd-8008-f2679426984c@group-0DB8C7688BF9: changes role from  FOLLOWER to FOLLOWER at term 148 for recognizeCandidate:4a682f4f-c3f2-4b77-88b7-f0ab78890feb
2019-11-05 08:24:07,508 [grpc-default-executor-0] INFO  impl.RoleInfo (RoleInfo.java:shutdownFollowerState(121)) - 7e1b84a9-a041-44fd-8008-f2679426984c: shutdown FollowerState
2019-11-05 08:24:07,508 [Thread-2294] INFO  impl.FollowerState (FollowerState.java:run(117)) - 77ab65e6-d942-49df-83a3-1d4c0bf152b3@group-0DB8C7688BF9-FollowerState was interrupted: java.lang.InterruptedException: sleep interrupted
2019-11-05 08:24:07,508 [grpc-default-executor-5] INFO  impl.RoleInfo (RoleInfo.java:updateAndGet(143)) - 77ab65e6-d942-49df-83a3-1d4c0bf152b3: start FollowerState
2019-11-05 08:24:07,508 [Thread-2295] INFO  impl.FollowerState (FollowerState.java:run(117)) - 7e1b84a9-a041-44fd-8008-f2679426984c@group-0DB8C7688BF9-FollowerState was interrupted: java.lang.InterruptedException: sleep interrupted
2019-11-05 08:24:07,508 [grpc-default-executor-0] INFO  impl.RoleInfo (RoleInfo.java:updateAndGet(143)) - 7e1b84a9-a041-44fd-8008-f2679426984c: start FollowerState
2019-11-05 08:24:07,523 [4a682f4f-c3f2-4b77-88b7-f0ab78890feb@group-0DB8C7688BF9-LeaderElection293] INFO  impl.LeaderElection (LeaderElection.java:logAndReturn(56)) - 4a682f4f-c3f2-4b77-88b7-f0ab78890feb@group-0DB8C7688BF9-LeaderElection293: Election REJECTED; received 2 response(s) [4a682f4f-c3f2-4b77-88b7-f0ab78890feb<-77ab65e6-d942-49df-83a3-1d4c0bf152b3#0:FAIL-t148, 4a682f4f-c3f2-4b77-88b7-f0ab78890feb<-7e1b84a9-a041-44fd-8008-f2679426984c#0:FAIL-t148] and 0 exception(s); 4a682f4f-c3f2-4b77-88b7-f0ab78890feb@group-0DB8C7688BF9:t148, leader=null, voted=4a682f4f-c3f2-4b77-88b7-f0ab78890feb, raftlog=4a682f4f-c3f2-4b77-88b7-f0ab78890feb@group-0DB8C7688BF9-SegmentedRaftLog:OPENED:c-1,f-1,i0, conf=-1: [77ab65e6-d942-49df-83a3-1d4c0bf152b3:192.168.164.217:39381, 7e1b84a9-a041-44fd-8008-f2679426984c:192.168.164.217:44149, 4a682f4f-c3f2-4b77-88b7-f0ab78890feb:192.168.164.217:34174], old=null
2019-11-05 08:24:07,523 [4a682f4f-c3f2-4b77-88b7-f0ab78890feb@group-0DB8C7688BF9-LeaderElection293] INFO  impl.RaftServerImpl (RaftServerImpl.java:setRole(184)) - 4a682f4f-c3f2-4b77-88b7-f0ab78890feb@group-0DB8C7688BF9: changes role from CANDIDATE to FOLLOWER at term 148 for DISCOVERED_A_NEW_TERM
2019-11-05 08:24:07,523 [4a682f4f-c3f2-4b77-88b7-f0ab78890feb@group-0DB8C7688BF9-LeaderElection293] INFO  impl.RoleInfo (RoleInfo.java:shutdownLeaderElection(134)) - 4a682f4f-c3f2-4b77-88b7-f0ab78890feb: shutdown LeaderElection
2019-11-05 08:24:07,523 [4a682f4f-c3f2-4b77-88b7-f0ab78890feb@group-0DB8C7688BF9-LeaderElection293] INFO  impl.RoleInfo (RoleInfo.java:updateAndGet(143)) - 4a682f4f-c3f2-4b77-88b7-f0ab78890feb: start FollowerState
2019-11-05 08:24:07,543 [Thread-2291] INFO  impl.FollowerState (FollowerState.java:run(108)) - a8ae9c07-6d89-4a49-a594-cacd4b776180@group-0E159EE4F99E-FollowerState: change to CANDIDATE, lastRpcTime:97ms, electionTimeout:97ms
2019-11-05 08:24:07,543 [Thread-2291] INFO  impl.RoleInfo (RoleInfo.java:shutdownFollowerState(121)) - a8ae9c07-6d89-4a49-a594-cacd4b776180: shutdown FollowerState
2019-11-05 08:24:07,544 [Thread-2291] INFO  impl.RaftServerImpl (RaftServerImpl.java:setRole(184)) - a8ae9c07-6d89-4a49-a594-cacd4b776180@group-0E159EE4F99E: changes role from  FOLLOWER to CANDIDATE at term 154 for changeToCandidate
2019-11-05 08:24:07,544 [Thread-2291] INFO  impl.RoleInfo (RoleInfo.java:updateAndGet(143)) - a8ae9c07-6d89-4a49-a594-cacd4b776180: start LeaderElection
2019-11-05 08:24:07,558 [a8ae9c07-6d89-4a49-a594-cacd4b776180@group-0E159EE4F99E-LeaderElection294] INFO  impl.LeaderElection (LeaderElection.java:askForVotes(178)) - a8ae9c07-6d89-4a49-a594-cacd4b776180@group-0E159EE4F99E-LeaderElection294: begin an election at term 155 for -1: [caafcba9-090a-41f5-a5f9-cba5a6a81e94:192.168.164.217:37197, a8ae9c07-6d89-4a49-a594-cacd4b776180:192.168.164.217:42719, b3bb9051-8089-4c51-a999-81579e5913f2:192.168.164.217:36516], old=null
2019-11-05 08:24:07,560 [grpc-default-executor-0] INFO  impl.RaftServerImpl (RaftServerImpl.java:setRole(184)) - caafcba9-090a-41f5-a5f9-cba5a6a81e94@group-0E159EE4F99E: changes role from  FOLLOWER to FOLLOWER at term 155 for recognizeCandidate:a8ae9c07-6d89-4a49-a594-cacd4b776180
2019-11-05 08:24:07,560 [grpc-default-executor-0] INFO  impl.RoleInfo (RoleInfo.java:shutdownFollowerState(121)) - caafcba9-090a-41f5-a5f9-cba5a6a81e94: shutdown FollowerState
2019-11-05 08:24:07,560 [grpc-default-executor-0] INFO  impl.RoleInfo (RoleInfo.java:updateAndGet(143)) - caafcba9-090a-41f5-a5f9-cba5a6a81e94: start FollowerState
2019-11-05 08:24:07,560 [Thread-2288] INFO  impl.FollowerState (FollowerState.java:run(117)) - caafcba9-090a-41f5-a5f9-cba5a6a81e94@group-0E159EE4F99E-FollowerState was interrupted: java.lang.InterruptedException: sleep interrupted
2019-11-05 08:24:07,560 [grpc-default-executor-5] INFO  impl.RaftServerImpl (RaftServerImpl.java:setRole(184)) - b3bb9051-8089-4c51-a999-81579e5913f2@group-0E159EE4F99E: changes role from  FOLLOWER to FOLLOWER at term 155 for recognizeCandidate:a8ae9c07-6d89-4a49-a594-cacd4b776180
2019-11-05 08:24:07,560 [grpc-default-executor-5] INFO  impl.RoleInfo (RoleInfo.java:shutdownFollowerState(121)) - b3bb9051-8089-4c51-a999-81579e5913f2: shutdown FollowerState
2019-11-05 08:24:07,561 [grpc-default-executor-5] INFO  impl.RoleInfo (RoleInfo.java:updateAndGet(143)) - b3bb9051-8089-4c51-a999-81579e5913f2: start FollowerState
2019-11-05 08:24:07,561 [Thread-2289] INFO  impl.FollowerState (FollowerState.java:run(117)) - b3bb9051-8089-4c51-a999-81579e5913f2@group-0E159EE4F99E-FollowerState was interrupted: java.lang.InterruptedException: sleep interrupted
2019-11-05 08:24:07,574 [a8ae9c07-6d89-4a49-a594-cacd4b776180@group-0E159EE4F99E-LeaderElection294] INFO  impl.LeaderElection (LeaderElection.java:logAndReturn(56)) - a8ae9c07-6d89-4a49-a594-cacd4b776180@group-0E159EE4F99E-LeaderElection294: Election REJECTED; received 2 response(s) [a8ae9c07-6d89-4a49-a594-cacd4b776180<-caafcba9-090a-41f5-a5f9-cba5a6a81e94#0:FAIL-t155, a8ae9c07-6d89-4a49-a594-cacd4b776180<-b3bb9051-8089-4c51-a999-81579e5913f2#0:FAIL-t155] and 0 exception(s); a8ae9c07-6d89-4a49-a594-cacd4b776180@group-0E159EE4F99E:t155, leader=null, voted=a8ae9c07-6d89-4a49-a594-cacd4b776180, raftlog=a8ae9c07-6d89-4a49-a594-cacd4b776180@group-0E159EE4F99E-SegmentedRaftLog:OPENED:c-1,f-1,i0, conf=-1: [caafcba9-090a-41f5-a5f9-cba5a6a81e94:192.168.164.217:37197, a8ae9c07-6d89-4a49-a594-cacd4b776180:192.168.164.217:42719, b3bb9051-8089-4c51-a999-81579e5913f2:192.168.164.217:36516], old=null
2019-11-05 08:24:07,574 [a8ae9c07-6d89-4a49-a594-cacd4b776180@group-0E159EE4F99E-LeaderElection294] INFO  impl.RaftServerImpl (RaftServerImpl.java:setRole(184)) - a8ae9c07-6d89-4a49-a594-cacd4b776180@group-0E159EE4F99E: changes role from CANDIDATE to FOLLOWER at term 155 for DISCOVERED_A_NEW_TERM
2019-11-05 08:24:07,575 [a8ae9c07-6d89-4a49-a594-cacd4b776180@group-0E159EE4F99E-LeaderElection294] INFO  impl.RoleInfo (RoleInfo.java:shutdownLeaderElection(134)) - a8ae9c07-6d89-4a49-a594-cacd4b776180: shutdown LeaderElection
2019-11-05 08:24:07,575 [a8ae9c07-6d89-4a49-a594-cacd4b776180@group-0E159EE4F99E-LeaderElection294] INFO  impl.RoleInfo (RoleInfo.java:updateAndGet(143)) - a8ae9c07-6d89-4a49-a594-cacd4b776180: start FollowerState
2019-11-05 08:24:07,596 [Thread-2302] INFO  impl.FollowerState (FollowerState.java:run(108)) - 4a682f4f-c3f2-4b77-88b7-f0ab78890feb@group-0DB8C7688BF9-FollowerState: change to CANDIDATE, lastRpcTime:72ms, electionTimeout:72ms
2019-11-05 08:24:07,596 [Thread-2302] INFO  impl.RoleInfo (RoleInfo.java:shutdownFollowerState(121)) - 4a682f4f-c3f2-4b77-88b7-f0ab78890feb: shutdown FollowerState
2019-11-05 08:24:07,596 [Thread-2302] INFO  impl.RaftServerImpl (RaftServerImpl.java:setRole(184)) - 4a682f4f-c3f2-4b77-88b7-f0ab78890feb@group-0DB8C7688BF9: changes role from  FOLLOWER to CANDIDATE at term 148 for changeToCandidate
2019-11-05 08:24:07,596 [Thread-2302] INFO  impl.RoleInfo (RoleInfo.java:updateAndGet(143)) - 4a682f4f-c3f2-4b77-88b7-f0ab78890feb: start LeaderElection
2019-11-05 08:24:07,610 [4a682f4f-c3f2-4b77-88b7-f0ab78890feb@group-0DB8C7688BF9-LeaderElection295] INFO  impl.LeaderElection (LeaderElection.java:askForVotes(178)) - 4a682f4f-c3f2-4b77-88b7-f0ab78890feb@group-0DB8C7688BF9-LeaderElection295: begin an election at term 149 for -1: [77ab65e6-d942-49df-83a3-1d4c0bf152b3:192.168.164.217:39381, 7e1b84a9-a041-44fd-8008-f2679426984c:192.168.164.217:44149, 4a682f4f-c3f2-4b77-88b7-f0ab78890feb:192.168.164.217:34174], old=null
2019-11-05 08:24:07,611 [grpc-default-executor-5] INFO  impl.RaftServerImpl (RaftServerImpl.java:setRole(184)) - 7e1b84a9-a041-44fd-8008-f2679426984c@group-0DB8C7688BF9: changes role from  FOLLOWER to FOLLOWER at term 149 for recognizeCandidate:4a682f4f-c3f2-4b77-88b7-f0ab78890feb
2019-11-05 08:24:07,611 [grpc-default-executor-5] INFO  impl.RoleInfo (RoleInfo.java:shutdownFollowerState(121)) - 7e1b84a9-a041-44fd-8008-f2679426984c: shutdown FollowerState
2019-11-05 08:24:07,611 [grpc-default-executor-0] INFO  impl.RaftServerImpl (RaftServerImpl.java:setRole(184)) - 77ab65e6-d942-49df-83a3-1d4c0bf152b3@group-0DB8C7688BF9: changes role from  FOLLOWER to FOLLOWER at term 149 for recognizeCandidate:4a682f4f-c3f2-4b77-88b7-f0ab78890feb
2019-11-05 08:24:07,612 [grpc-default-executor-0] INFO  impl.RoleInfo (RoleInfo.java:shutdownFollowerState(121)) - 77ab65e6-d942-49df-83a3-1d4c0bf152b3: shutdown FollowerState
2019-11-05 08:24:07,612 [Thread-2301] INFO  impl.FollowerState (FollowerState.java:run(117)) - 7e1b84a9-a041-44fd-8008-f2679426984c@group-0DB8C7688BF9-FollowerState was interrupted: java.lang.InterruptedException: sleep interrupted
2019-11-05 08:24:07,611 [grpc-default-executor-5] INFO  impl.RoleInfo (RoleInfo.java:updateAndGet(143)) - 7e1b84a9-a041-44fd-8008-f2679426984c: start FollowerState
2019-11-05 08:24:07,612 [Thread-2300] INFO  impl.FollowerState (FollowerState.java:run(117)) - 77ab65e6-d942-49df-83a3-1d4c0bf152b3@group-0DB8C7688BF9-FollowerState was interrupted: java.lang.InterruptedException: sleep interrupted
2019-11-05 08:24:07,612 [grpc-default-executor-0] INFO  impl.RoleInfo (RoleInfo.java:updateAndGet(143)) - 77ab65e6-d942-49df-83a3-1d4c0bf152b3: start FollowerState
2019-11-05 08:24:07,626 [4a682f4f-c3f2-4b77-88b7-f0ab78890feb@group-0DB8C7688BF9-LeaderElection295] INFO  impl.LeaderElection (LeaderElection.java:logAndReturn(56)) - 4a682f4f-c3f2-4b77-88b7-f0ab78890feb@group-0DB8C7688BF9-LeaderElection295: Election REJECTED; received 2 response(s) [4a682f4f-c3f2-4b77-88b7-f0ab78890feb<-77ab65e6-d942-49df-83a3-1d4c0bf152b3#0:FAIL-t149, 4a682f4f-c3f2-4b77-88b7-f0ab78890feb<-7e1b84a9-a041-44fd-8008-f2679426984c#0:FAIL-t149] and 0 exception(s); 4a682f4f-c3f2-4b77-88b7-f0ab78890feb@group-0DB8C7688BF9:t149, leader=null, voted=4a682f4f-c3f2-4b77-88b7-f0ab78890feb, raftlog=4a682f4f-c3f2-4b77-88b7-f0ab78890feb@group-0DB8C7688BF9-SegmentedRaftLog:OPENED:c-1,f-1,i0, conf=-1: [77ab65e6-d942-49df-83a3-1d4c0bf152b3:192.168.164.217:39381, 7e1b84a9-a041-44fd-8008-f2679426984c:192.168.164.217:44149, 4a682f4f-c3f2-4b77-88b7-f0ab78890feb:192.168.164.217:34174], old=null
2019-11-05 08:24:07,627 [4a682f4f-c3f2-4b77-88b7-f0ab78890feb@group-0DB8C7688BF9-LeaderElection295] INFO  impl.RaftServerImpl (RaftServerImpl.java:setRole(184)) - 4a682f4f-c3f2-4b77-88b7-f0ab78890feb@group-0DB8C7688BF9: changes role from CANDIDATE to FOLLOWER at term 149 for DISCOVERED_A_NEW_TERM
2019-11-05 08:24:07,627 [4a682f4f-c3f2-4b77-88b7-f0ab78890feb@group-0DB8C7688BF9-LeaderElection295] INFO  impl.RoleInfo (RoleInfo.java:shutdownLeaderElection(134)) - 4a682f4f-c3f2-4b77-88b7-f0ab78890feb: shutdown LeaderElection
2019-11-05 08:24:07,627 [4a682f4f-c3f2-4b77-88b7-f0ab78890feb@group-0DB8C7688BF9-LeaderElection295] INFO  impl.RoleInfo (RoleInfo.java:updateAndGet(143)) - 4a682f4f-c3f2-4b77-88b7-f0ab78890feb: start FollowerState
2019-11-05 08:24:07,719 [Thread-2308] INFO  impl.FollowerState (FollowerState.java:run(108)) - a8ae9c07-6d89-4a49-a594-cacd4b776180@group-0E159EE4F99E-FollowerState: change to CANDIDATE, lastRpcTime:144ms, electionTimeout:144ms
2019-11-05 08:24:07,719 [Thread-2308] INFO  impl.RoleInfo (RoleInfo.java:shutdownFollowerState(121)) - a8ae9c07-6d89-4a49-a594-cacd4b776180: shutdown FollowerState
2019-11-05 08:24:07,719 [Thread-2308] INFO  impl.RaftServerImpl (RaftServerImpl.java:setRole(184)) - a8ae9c07-6d89-4a49-a594-cacd4b776180@group-0E159EE4F99E: changes role from  FOLLOWER to CANDIDATE at term 155 for changeToCandidate
2019-11-05 08:24:07,720 [Thread-2308] INFO  impl.RoleInfo (RoleInfo.java:updateAndGet(143)) - a8ae9c07-6d89-4a49-a594-cacd4b776180: start LeaderElection
2019-11-05 08:24:07,733 [a8ae9c07-6d89-4a49-a594-cacd4b776180@group-0E159EE4F99E-LeaderElection296] INFO  impl.LeaderElection (LeaderElection.java:askForVotes(178)) - a8ae9c07-6d89-4a49-a594-cacd4b776180@group-0E159EE4F99E-LeaderElection296: begin an election at term 156 for -1: [caafcba9-090a-41f5-a5f9-cba5a6a81e94:192.168.164.217:37197, a8ae9c07-6d89-4a49-a594-cacd4b776180:192.168.164.217:42719, b3bb9051-8089-4c51-a999-81579e5913f2:192.168.164.217:36516], old=null
2019-11-05 08:24:07,735 [grpc-default-executor-5] INFO  impl.RaftServerImpl (RaftServerImpl.java:setRole(184)) - caafcba9-090a-41f5-a5f9-cba5a6a81e94@group-0E159EE4F99E: changes role from  FOLLOWER to FOLLOWER at term 156 for recognizeCandidate:a8ae9c07-6d89-4a49-a594-cacd4b776180
2019-11-05 08:24:07,735 [grpc-default-executor-5] INFO  impl.RoleInfo (RoleInfo.java:shutdownFollowerState(121)) - caafcba9-090a-41f5-a5f9-cba5a6a81e94: shutdown FollowerState
2019-11-05 08:24:07,735 [grpc-default-executor-0] INFO  impl.RaftServerImpl (RaftServerImpl.java:setRole(184)) - b3bb9051-8089-4c51-a999-81579e5913f2@group-0E159EE4F99E: changes role from  FOLLOWER to FOLLOWER at term 156 for recognizeCandidate:a8ae9c07-6d89-4a49-a594-cacd4b776180
2019-11-05 08:24:07,735 [grpc-default-executor-0] INFO  impl.RoleInfo (RoleInfo.java:shutdownFollowerState(121)) - b3bb9051-8089-4c51-a999-81579e5913f2: shutdown FollowerState
2019-11-05 08:24:07,735 [Thread-2306] INFO  impl.FollowerState (FollowerState.java:run(117)) - caafcba9-090a-41f5-a5f9-cba5a6a81e94@group-0E159EE4F99E-FollowerState was interrupted: java.lang.InterruptedException: sleep interrupted
2019-11-05 08:24:07,735 [grpc-default-executor-5] INFO  impl.RoleInfo (RoleInfo.java:updateAndGet(143)) - caafcba9-090a-41f5-a5f9-cba5a6a81e94: start FollowerState
2019-11-05 08:24:07,735 [Thread-2307] INFO  impl.FollowerState (FollowerState.java:run(117)) - b3bb9051-8089-4c51-a999-81579e5913f2@group-0E159EE4F99E-FollowerState was interrupted: java.lang.InterruptedException: sleep interrupted
2019-11-05 08:24:07,735 [grpc-default-executor-0] INFO  impl.RoleInfo (RoleInfo.java:updateAndGet(143)) - b3bb9051-8089-4c51-a999-81579e5913f2: start FollowerState
2019-11-05 08:24:07,750 [a8ae9c07-6d89-4a49-a594-cacd4b776180@group-0E159EE4F99E-LeaderElection296] INFO  impl.LeaderElection (LeaderElection.java:logAndReturn(56)) - a8ae9c07-6d89-4a49-a594-cacd4b776180@group-0E159EE4F99E-LeaderElection296: Election REJECTED; received 2 response(s) [a8ae9c07-6d89-4a49-a594-cacd4b776180<-caafcba9-090a-41f5-a5f9-cba5a6a81e94#0:FAIL-t156, a8ae9c07-6d89-4a49-a594-cacd4b776180<-b3bb9051-8089-4c51-a999-81579e5913f2#0:FAIL-t156] and 0 exception(s); a8ae9c07-6d89-4a49-a594-cacd4b776180@group-0E159EE4F99E:t156, leader=null, voted=a8ae9c07-6d89-4a49-a594-cacd4b776180, raftlog=a8ae9c07-6d89-4a49-a594-cacd4b776180@group-0E159EE4F99E-SegmentedRaftLog:OPENED:c-1,f-1,i0, conf=-1: [caafcba9-090a-41f5-a5f9-cba5a6a81e94:192.168.164.217:37197, a8ae9c07-6d89-4a49-a594-cacd4b776180:192.168.164.217:42719, b3bb9051-8089-4c51-a999-81579e5913f2:192.168.164.217:36516], old=null
2019-11-05 08:24:07,750 [a8ae9c07-6d89-4a49-a594-cacd4b776180@group-0E159EE4F99E-LeaderElection296] INFO  impl.RaftServerImpl (RaftServerImpl.java:setRole(184)) - a8ae9c07-6d89-4a49-a594-cacd4b776180@group-0E159EE4F99E: changes role from CANDIDATE to FOLLOWER at term 156 for DISCOVERED_A_NEW_TERM
2019-11-05 08:24:07,751 [a8ae9c07-6d89-4a49-a594-cacd4b776180@group-0E159EE4F99E-LeaderElection296] INFO  impl.RoleInfo (RoleInfo.java:shutdownLeaderElection(134)) - a8ae9c07-6d89-4a49-a594-cacd4b776180: shutdown LeaderElection
2019-11-05 08:24:07,751 [a8ae9c07-6d89-4a49-a594-cacd4b776180@group-0E159EE4F99E-LeaderElection296] INFO  impl.RoleInfo (RoleInfo.java:updateAndGet(143)) - a8ae9c07-6d89-4a49-a594-cacd4b776180: start FollowerState
2019-11-05 08:24:07,785 [Thread-2314] INFO  impl.FollowerState (FollowerState.java:run(108)) - 4a682f4f-c3f2-4b77-88b7-f0ab78890feb@group-0DB8C7688BF9-FollowerState: change to CANDIDATE, lastRpcTime:158ms, electionTimeout:158ms
2019-11-05 08:24:07,786 [Thread-2314] INFO  impl.RoleInfo (RoleInfo.java:shutdownFollowerState(121)) - 4a682f4f-c3f2-4b77-88b7-f0ab78890feb: shutdown FollowerState
2019-11-05 08:24:07,786 [Thread-2314] INFO  impl.RaftServerImpl (RaftServerImpl.java:setRole(184)) - 4a682f4f-c3f2-4b77-88b7-f0ab78890feb@group-0DB8C7688BF9: changes role from  FOLLOWER to CANDIDATE at term 149 for changeToCandidate
2019-11-05 08:24:07,786 [Thread-2314] INFO  impl.RoleInfo (RoleInfo.java:updateAndGet(143)) - 4a682f4f-c3f2-4b77-88b7-f0ab78890feb: start LeaderElection
2019-11-05 08:24:07,800 [4a682f4f-c3f2-4b77-88b7-f0ab78890feb@group-0DB8C7688BF9-LeaderElection297] INFO  impl.LeaderElection (LeaderElection.java:askForVotes(178)) - 4a682f4f-c3f2-4b77-88b7-f0ab78890feb@group-0DB8C7688BF9-LeaderElection297: begin an election at term 150 for -1: [77ab65e6-d942-49df-83a3-1d4c0bf152b3:192.168.164.217:39381, 7e1b84a9-a041-44fd-8008-f2679426984c:192.168.164.217:44149, 4a682f4f-c3f2-4b77-88b7-f0ab78890feb:192.168.164.217:34174], old=null
2019-11-05 08:24:07,802 [grpc-default-executor-0] INFO  impl.RaftServerImpl (RaftServerImpl.java:setRole(184)) - 7e1b84a9-a041-44fd-8008-f2679426984c@group-0DB8C7688BF9: changes role from  FOLLOWER to FOLLOWER at term 150 for recognizeCandidate:4a682f4f-c3f2-4b77-88b7-f0ab78890feb
2019-11-05 08:24:07,802 [grpc-default-executor-5] INFO  impl.RaftServerImpl (RaftServerImpl.java:setRole(184)) - 77ab65e6-d942-49df-83a3-1d4c0bf152b3@group-0DB8C7688BF9: changes role from  FOLLOWER to FOLLOWER at term 150 for recognizeCandidate:4a682f4f-c3f2-4b77-88b7-f0ab78890feb
2019-11-05 08:24:07,803 [grpc-default-executor-5] INFO  impl.RoleInfo (RoleInfo.java:shutdownFollowerState(121)) - 77ab65e6-d942-49df-83a3-1d4c0bf152b3: shutdown FollowerState
2019-11-05 08:24:07,802 [grpc-default-executor-0] INFO  impl.RoleInfo (RoleInfo.java:shutdownFollowerState(121)) - 7e1b84a9-a041-44fd-8008-f2679426984c: shutdown FollowerState
2019-11-05 08:24:07,803 [Thread-2313] INFO  impl.FollowerState (FollowerState.java:run(117)) - 77ab65e6-d942-49df-83a3-1d4c0bf152b3@group-0DB8C7688BF9-FollowerState was interrupted: java.lang.InterruptedException: sleep interrupted
2019-11-05 08:24:07,803 [Thread-2312] INFO  impl.FollowerState (FollowerState.java:run(117)) - 7e1b84a9-a041-44fd-8008-f2679426984c@group-0DB8C7688BF9-FollowerState was interrupted: java.lang.InterruptedException: sleep interrupted
2019-11-05 08:24:07,803 [grpc-default-executor-5] INFO  impl.RoleInfo (RoleInfo.java:updateAndGet(143)) - 77ab65e6-d942-49df-83a3-1d4c0bf152b3: start FollowerState
2019-11-05 08:24:07,803 [grpc-default-executor-0] INFO  impl.RoleInfo (RoleInfo.java:updateAndGet(143)) - 7e1b84a9-a041-44fd-8008-f2679426984c: start FollowerState
2019-11-05 08:24:07,822 [4a682f4f-c3f2-4b77-88b7-f0ab78890feb@group-0DB8C7688BF9-LeaderElection297] INFO  impl.LeaderElection (LeaderElection.java:logAndReturn(56)) - 4a682f4f-c3f2-4b77-88b7-f0ab78890feb@group-0DB8C7688BF9-LeaderElection297: Election REJECTED; received 2 response(s) [4a682f4f-c3f2-4b77-88b7-f0ab78890feb<-77ab65e6-d942-49df-83a3-1d4c0bf152b3#0:FAIL-t150, 4a682f4f-c3f2-4b77-88b7-f0ab78890feb<-7e1b84a9-a041-44fd-8008-f2679426984c#0:FAIL-t150] and 0 exception(s); 4a682f4f-c3f2-4b77-88b7-f0ab78890feb@group-0DB8C7688BF9:t150, leader=null, voted=4a682f4f-c3f2-4b77-88b7-f0ab78890feb, raftlog=4a682f4f-c3f2-4b77-88b7-f0ab78890feb@group-0DB8C7688BF9-SegmentedRaftLog:OPENED:c-1,f-1,i0, conf=-1: [77ab65e6-d942-49df-83a3-1d4c0bf152b3:192.168.164.217:39381, 7e1b84a9-a041-44fd-8008-f2679426984c:192.168.164.217:44149, 4a682f4f-c3f2-4b77-88b7-f0ab78890feb:192.168.164.217:34174], old=null
2019-11-05 08:24:07,822 [4a682f4f-c3f2-4b77-88b7-f0ab78890feb@group-0DB8C7688BF9-LeaderElection297] INFO  impl.RaftServerImpl (RaftServerImpl.java:setRole(184)) - 4a682f4f-c3f2-4b77-88b7-f0ab78890feb@group-0DB8C7688BF9: changes role from CANDIDATE to FOLLOWER at term 150 for DISCOVERED_A_NEW_TERM
2019-11-05 08:24:07,822 [4a682f4f-c3f2-4b77-88b7-f0ab78890feb@group-0DB8C7688BF9-LeaderElection297] INFO  impl.RoleInfo (RoleInfo.java:shutdownLeaderElection(134)) - 4a682f4f-c3f2-4b77-88b7-f0ab78890feb: shutdown LeaderElection
2019-11-05 08:24:07,822 [4a682f4f-c3f2-4b77-88b7-f0ab78890feb@group-0DB8C7688BF9-LeaderElection297] INFO  impl.RoleInfo (RoleInfo.java:updateAndGet(143)) - 4a682f4f-c3f2-4b77-88b7-f0ab78890feb: start FollowerState
2019-11-05 08:24:07,878 [Thread-2322] INFO  impl.FollowerState (FollowerState.java:run(108)) - a8ae9c07-6d89-4a49-a594-cacd4b776180@group-0E159EE4F99E-FollowerState: change to CANDIDATE, lastRpcTime:127ms, electionTimeout:127ms
2019-11-05 08:24:07,878 [Thread-2322] INFO  impl.RoleInfo (RoleInfo.java:shutdownFollowerState(121)) - a8ae9c07-6d89-4a49-a594-cacd4b776180: shutdown FollowerState
2019-11-05 08:24:07,878 [Thread-2322] INFO  impl.RaftServerImpl (RaftServerImpl.java:setRole(184)) - a8ae9c07-6d89-4a49-a594-cacd4b776180@group-0E159EE4F99E: changes role from  FOLLOWER to CANDIDATE at term 156 for changeToCandidate
2019-11-05 08:24:07,879 [Thread-2322] INFO  impl.RoleInfo (RoleInfo.java:updateAndGet(143)) - a8ae9c07-6d89-4a49-a594-cacd4b776180: start LeaderElection
2019-11-05 08:24:07,893 [a8ae9c07-6d89-4a49-a594-cacd4b776180@group-0E159EE4F99E-LeaderElection298] INFO  impl.LeaderElection (LeaderElection.java:askForVotes(178)) - a8ae9c07-6d89-4a49-a594-cacd4b776180@group-0E159EE4F99E-LeaderElection298: begin an election at term 157 for -1: [caafcba9-090a-41f5-a5f9-cba5a6a81e94:192.168.164.217:37197, a8ae9c07-6d89-4a49-a594-cacd4b776180:192.168.164.217:42719, b3bb9051-8089-4c51-a999-81579e5913f2:192.168.164.217:36516], old=null
2019-11-05 08:24:07,895 [grpc-default-executor-5] INFO  impl.RaftServerImpl (RaftServerImpl.java:setRole(184)) - caafcba9-090a-41f5-a5f9-cba5a6a81e94@group-0E159EE4F99E: changes role from  FOLLOWER to FOLLOWER at term 157 for recognizeCandidate:a8ae9c07-6d89-4a49-a594-cacd4b776180
2019-11-05 08:24:07,896 [grpc-default-executor-5] INFO  impl.RoleInfo (RoleInfo.java:shutdownFollowerState(121)) - caafcba9-090a-41f5-a5f9-cba5a6a81e94: shutdown FollowerState
2019-11-05 08:24:07,896 [grpc-default-executor-0] INFO  impl.RaftServerImpl (RaftServerImpl.java:setRole(184)) - b3bb9051-8089-4c51-a999-81579e5913f2@group-0E159EE4F99E: changes role from  FOLLOWER to FOLLOWER at term 157 for recognizeCandidate:a8ae9c07-6d89-4a49-a594-cacd4b776180
2019-11-05 08:24:07,896 [Thread-2320] INFO  impl.FollowerState (FollowerState.java:run(117)) - caafcba9-090a-41f5-a5f9-cba5a6a81e94@group-0E159EE4F99E-FollowerState was interrupted: java.lang.InterruptedException: sleep interrupted
2019-11-05 08:24:07,896 [grpc-default-executor-5] INFO  impl.RoleInfo (RoleInfo.java:updateAndGet(143)) - caafcba9-090a-41f5-a5f9-cba5a6a81e94: start FollowerState
2019-11-05 08:24:07,896 [grpc-default-executor-0] INFO  impl.RoleInfo (RoleInfo.java:shutdownFollowerState(121)) - b3bb9051-8089-4c51-a999-81579e5913f2: shutdown FollowerState
2019-11-05 08:24:07,896 [grpc-default-executor-0] INFO  impl.RoleInfo (RoleInfo.java:updateAndGet(143)) - b3bb9051-8089-4c51-a999-81579e5913f2: start FollowerState
2019-11-05 08:24:07,896 [Thread-2321] INFO  impl.FollowerState (FollowerState.java:run(117)) - b3bb9051-8089-4c51-a999-81579e5913f2@group-0E159EE4F99E-FollowerState was interrupted: java.lang.InterruptedException: sleep interrupted
2019-11-05 08:24:07,910 [a8ae9c07-6d89-4a49-a594-cacd4b776180@group-0E159EE4F99E-LeaderElection298] INFO  impl.LeaderElection (LeaderElection.java:logAndReturn(56)) - a8ae9c07-6d89-4a49-a594-cacd4b776180@group-0E159EE4F99E-LeaderElection298: Election REJECTED; received 2 response(s) [a8ae9c07-6d89-4a49-a594-cacd4b776180<-caafcba9-090a-41f5-a5f9-cba5a6a81e94#0:FAIL-t157, a8ae9c07-6d89-4a49-a594-cacd4b776180<-b3bb9051-8089-4c51-a999-81579e5913f2#0:FAIL-t157] and 0 exception(s); a8ae9c07-6d89-4a49-a594-cacd4b776180@group-0E159EE4F99E:t157, leader=null, voted=a8ae9c07-6d89-4a49-a594-cacd4b776180, raftlog=a8ae9c07-6d89-4a49-a594-cacd4b776180@group-0E159EE4F99E-SegmentedRaftLog:OPENED:c-1,f-1,i0, conf=-1: [caafcba9-090a-41f5-a5f9-cba5a6a81e94:192.168.164.217:37197, a8ae9c07-6d89-4a49-a594-cacd4b776180:192.168.164.217:42719, b3bb9051-8089-4c51-a999-81579e5913f2:192.168.164.217:36516], old=null
2019-11-05 08:24:07,911 [a8ae9c07-6d89-4a49-a594-cacd4b776180@group-0E159EE4F99E-LeaderElection298] INFO  impl.RaftServerImpl (RaftServerImpl.java:setRole(184)) - a8ae9c07-6d89-4a49-a594-cacd4b776180@group-0E159EE4F99E: changes role from CANDIDATE to FOLLOWER at term 157 for DISCOVERED_A_NEW_TERM
2019-11-05 08:24:07,911 [a8ae9c07-6d89-4a49-a594-cacd4b776180@group-0E159EE4F99E-LeaderElection298] INFO  impl.RoleInfo (RoleInfo.java:shutdownLeaderElection(134)) - a8ae9c07-6d89-4a49-a594-cacd4b776180: shutdown LeaderElection
2019-11-05 08:24:07,911 [a8ae9c07-6d89-4a49-a594-cacd4b776180@group-0E159EE4F99E-LeaderElection298] INFO  impl.RoleInfo (RoleInfo.java:updateAndGet(143)) - a8ae9c07-6d89-4a49-a594-cacd4b776180: start FollowerState
2019-11-05 08:24:08,009 [Thread-2328] INFO  impl.FollowerState (FollowerState.java:run(108)) - 4a682f4f-c3f2-4b77-88b7-f0ab78890feb@group-0DB8C7688BF9-FollowerState: change to CANDIDATE, lastRpcTime:186ms, electionTimeout:186ms
2019-11-05 08:24:08,009 [Thread-2328] INFO  impl.RoleInfo (RoleInfo.java:shutdownFollowerState(121)) - 4a682f4f-c3f2-4b77-88b7-f0ab78890feb: shutdown FollowerState
2019-11-05 08:24:08,009 [Thread-2328] INFO  impl.RaftServerImpl (RaftServerImpl.java:setRole(184)) - 4a682f4f-c3f2-4b77-88b7-f0ab78890feb@group-0DB8C7688BF9: changes role from  FOLLOWER to CANDIDATE at term 150 for changeToCandidate
2019-11-05 08:24:08,009 [Thread-2328] INFO  impl.RoleInfo (RoleInfo.java:updateAndGet(143)) - 4a682f4f-c3f2-4b77-88b7-f0ab78890feb: start LeaderElection
2019-11-05 08:24:08,023 [4a682f4f-c3f2-4b77-88b7-f0ab78890feb@group-0DB8C7688BF9-LeaderElection299] INFO  impl.LeaderElection (LeaderElection.java:askForVotes(178)) - 4a682f4f-c3f2-4b77-88b7-f0ab78890feb@group-0DB8C7688BF9-LeaderElection299: begin an election at term 151 for -1: [77ab65e6-d942-49df-83a3-1d4c0bf152b3:192.168.164.217:39381, 7e1b84a9-a041-44fd-8008-f2679426984c:192.168.164.217:44149, 4a682f4f-c3f2-4b77-88b7-f0ab78890feb:192.168.164.217:34174], old=null
2019-11-05 08:24:08,025 [grpc-default-executor-0] INFO  impl.RaftServerImpl (RaftServerImpl.java:setRole(184)) - 77ab65e6-d942-49df-83a3-1d4c0bf152b3@group-0DB8C7688BF9: changes role from  FOLLOWER to FOLLOWER at term 151 for recognizeCandidate:4a682f4f-c3f2-4b77-88b7-f0ab78890feb
2019-11-05 08:24:08,026 [grpc-default-executor-0] INFO  impl.RoleInfo (RoleInfo.java:shutdownFollowerState(121)) - 77ab65e6-d942-49df-83a3-1d4c0bf152b3: shutdown FollowerState
2019-11-05 08:24:08,025 [grpc-default-executor-5] INFO  impl.RaftServerImpl (RaftServerImpl.java:setRole(184)) - 7e1b84a9-a041-44fd-8008-f2679426984c@group-0DB8C7688BF9: changes role from  FOLLOWER to FOLLOWER at term 151 for recognizeCandidate:4a682f4f-c3f2-4b77-88b7-f0ab78890feb
2019-11-05 08:24:08,026 [grpc-default-executor-5] INFO  impl.RoleInfo (RoleInfo.java:shutdownFollowerState(121)) - 7e1b84a9-a041-44fd-8008-f2679426984c: shutdown FollowerState
2019-11-05 08:24:08,026 [Thread-2326] INFO  impl.FollowerState (FollowerState.java:run(117)) - 77ab65e6-d942-49df-83a3-1d4c0bf152b3@group-0DB8C7688BF9-FollowerState was interrupted: java.lang.InterruptedException: sleep interrupted
2019-11-05 08:24:08,026 [grpc-default-executor-0] INFO  impl.RoleInfo (RoleInfo.java:updateAndGet(143)) - 77ab65e6-d942-49df-83a3-1d4c0bf152b3: start FollowerState
2019-11-05 08:24:08,026 [Thread-2327] INFO  impl.FollowerState (FollowerState.java:run(117)) - 7e1b84a9-a041-44fd-8008-f2679426984c@group-0DB8C7688BF9-FollowerState was interrupted: java.lang.InterruptedException: sleep interrupted
2019-11-05 08:24:08,026 [grpc-default-executor-5] INFO  impl.RoleInfo (RoleInfo.java:updateAndGet(143)) - 7e1b84a9-a041-44fd-8008-f2679426984c: start FollowerState
2019-11-05 08:24:08,041 [4a682f4f-c3f2-4b77-88b7-f0ab78890feb@group-0DB8C7688BF9-LeaderElection299] INFO  impl.LeaderElection (LeaderElection.java:logAndReturn(56)) - 4a682f4f-c3f2-4b77-88b7-f0ab78890feb@group-0DB8C7688BF9-LeaderElection299: Election REJECTED; received 2 response(s) [4a682f4f-c3f2-4b77-88b7-f0ab78890feb<-77ab65e6-d942-49df-83a3-1d4c0bf152b3#0:FAIL-t151, 4a682f4f-c3f2-4b77-88b7-f0ab78890feb<-7e1b84a9-a041-44fd-8008-f2679426984c#0:FAIL-t151] and 0 exception(s); 4a682f4f-c3f2-4b77-88b7-f0ab78890feb@group-0DB8C7688BF9:t151, leader=null, voted=4a682f4f-c3f2-4b77-88b7-f0ab78890feb, raftlog=4a682f4f-c3f2-4b77-88b7-f0ab78890feb@group-0DB8C7688BF9-SegmentedRaftLog:OPENED:c-1,f-1,i0, conf=-1: [77ab65e6-d942-49df-83a3-1d4c0bf152b3:192.168.164.217:39381, 7e1b84a9-a041-44fd-8008-f2679426984c:192.168.164.217:44149, 4a682f4f-c3f2-4b77-88b7-f0ab78890feb:192.168.164.217:34174], old=null
2019-11-05 08:24:08,041 [4a682f4f-c3f2-4b77-88b7-f0ab78890feb@group-0DB8C7688BF9-LeaderElection299] INFO  impl.RaftServerImpl (RaftServerImpl.java:setRole(184)) - 4a682f4f-c3f2-4b77-88b7-f0ab78890feb@group-0DB8C7688BF9: changes role from CANDIDATE to FOLLOWER at term 151 for DISCOVERED_A_NEW_TERM
2019-11-05 08:24:08,041 [4a682f4f-c3f2-4b77-88b7-f0ab78890feb@group-0DB8C7688BF9-LeaderElection299] INFO  impl.RoleInfo (RoleInfo.java:shutdownLeaderElection(134)) - 4a682f4f-c3f2-4b77-88b7-f0ab78890feb: shutdown LeaderElection
2019-11-05 08:24:08,041 [4a682f4f-c3f2-4b77-88b7-f0ab78890feb@group-0DB8C7688BF9-LeaderElection299] INFO  impl.RoleInfo (RoleInfo.java:updateAndGet(143)) - 4a682f4f-c3f2-4b77-88b7-f0ab78890feb: start FollowerState
2019-11-05 08:24:08,059 [Thread-2334] INFO  impl.FollowerState (FollowerState.java:run(108)) - a8ae9c07-6d89-4a49-a594-cacd4b776180@group-0E159EE4F99E-FollowerState: change to CANDIDATE, lastRpcTime:148ms, electionTimeout:148ms
2019-11-05 08:24:08,059 [Thread-2334] INFO  impl.RoleInfo (RoleInfo.java:shutdownFollowerState(121)) - a8ae9c07-6d89-4a49-a594-cacd4b776180: shutdown FollowerState
2019-11-05 08:24:08,060 [Thread-2334] INFO  impl.RaftServerImpl (RaftServerImpl.java:setRole(184)) - a8ae9c07-6d89-4a49-a594-cacd4b776180@group-0E159EE4F99E: changes role from  FOLLOWER to CANDIDATE at term 157 for changeToCandidate
2019-11-05 08:24:08,060 [Thread-2334] INFO  impl.RoleInfo (RoleInfo.java:updateAndGet(143)) - a8ae9c07-6d89-4a49-a594-cacd4b776180: start LeaderElection
2019-11-05 08:24:08,074 [a8ae9c07-6d89-4a49-a594-cacd4b776180@group-0E159EE4F99E-LeaderElection300] INFO  impl.LeaderElection (LeaderElection.java:askForVotes(178)) - a8ae9c07-6d89-4a49-a594-cacd4b776180@group-0E159EE4F99E-LeaderElection300: begin an election at term 158 for -1: [caafcba9-090a-41f5-a5f9-cba5a6a81e94:192.168.164.217:37197, a8ae9c07-6d89-4a49-a594-cacd4b776180:192.168.164.217:42719, b3bb9051-8089-4c51-a999-81579e5913f2:192.168.164.217:36516], old=null
2019-11-05 08:24:08,076 [grpc-default-executor-5] INFO  impl.RaftServerImpl (RaftServerImpl.java:setRole(184)) - caafcba9-090a-41f5-a5f9-cba5a6a81e94@group-0E159EE4F99E: changes role from  FOLLOWER to FOLLOWER at term 158 for recognizeCandidate:a8ae9c07-6d89-4a49-a594-cacd4b776180
2019-11-05 08:24:08,076 [grpc-default-executor-5] INFO  impl.RoleInfo (RoleInfo.java:shutdownFollowerState(121)) - caafcba9-090a-41f5-a5f9-cba5a6a81e94: shutdown FollowerState
2019-11-05 08:24:08,076 [grpc-default-executor-5] INFO  impl.RoleInfo (RoleInfo.java:updateAndGet(143)) - caafcba9-090a-41f5-a5f9-cba5a6a81e94: start FollowerState
2019-11-05 08:24:08,076 [Thread-2332] INFO  impl.FollowerState (FollowerState.java:run(117)) - caafcba9-090a-41f5-a5f9-cba5a6a81e94@group-0E159EE4F99E-FollowerState was interrupted: java.lang.InterruptedException: sleep interrupted
2019-11-05 08:24:08,076 [grpc-default-executor-0] INFO  impl.RaftServerImpl (RaftServerImpl.java:setRole(184)) - b3bb9051-8089-4c51-a999-81579e5913f2@group-0E159EE4F99E: changes role from  FOLLOWER to FOLLOWER at term 158 for recognizeCandidate:a8ae9c07-6d89-4a49-a594-cacd4b776180
2019-11-05 08:24:08,077 [grpc-default-executor-0] INFO  impl.RoleInfo (RoleInfo.java:shutdownFollowerState(121)) - b3bb9051-8089-4c51-a999-81579e5913f2: shutdown FollowerState
2019-11-05 08:24:08,077 [grpc-default-executor-0] INFO  impl.RoleInfo (RoleInfo.java:updateAndGet(143)) - b3bb9051-8089-4c51-a999-81579e5913f2: start FollowerState
2019-11-05 08:24:08,077 [Thread-2333] INFO  impl.FollowerState (FollowerState.java:run(117)) - b3bb9051-8089-4c51-a999-81579e5913f2@group-0E159EE4F99E-FollowerState was interrupted: java.lang.InterruptedException: sleep interrupted
2019-11-05 08:24:08,090 [a8ae9c07-6d89-4a49-a594-cacd4b776180@group-0E159EE4F99E-LeaderElection300] INFO  impl.LeaderElection (LeaderElection.java:logAndReturn(56)) - a8ae9c07-6d89-4a49-a594-cacd4b776180@group-0E159EE4F99E-LeaderElection300: Election REJECTED; received 2 response(s) [a8ae9c07-6d89-4a49-a594-cacd4b776180<-caafcba9-090a-41f5-a5f9-cba5a6a81e94#0:FAIL-t158, a8ae9c07-6d89-4a49-a594-cacd4b776180<-b3bb9051-8089-4c51-a999-81579e5913f2#0:FAIL-t158] and 0 exception(s); a8ae9c07-6d89-4a49-a594-cacd4b776180@group-0E159EE4F99E:t158, leader=null, voted=a8ae9c07-6d89-4a49-a594-cacd4b776180, raftlog=a8ae9c07-6d89-4a49-a594-cacd4b776180@group-0E159EE4F99E-SegmentedRaftLog:OPENED:c-1,f-1,i0, conf=-1: [caafcba9-090a-41f5-a5f9-cba5a6a81e94:192.168.164.217:37197, a8ae9c07-6d89-4a49-a594-cacd4b776180:192.168.164.217:42719, b3bb9051-8089-4c51-a999-81579e5913f2:192.168.164.217:36516], old=null
2019-11-05 08:24:08,091 [a8ae9c07-6d89-4a49-a594-cacd4b776180@group-0E159EE4F99E-LeaderElection300] INFO  impl.RaftServerImpl (RaftServerImpl.java:setRole(184)) - a8ae9c07-6d89-4a49-a594-cacd4b776180@group-0E159EE4F99E: changes role from CANDIDATE to FOLLOWER at term 158 for DISCOVERED_A_NEW_TERM
2019-11-05 08:24:08,091 [a8ae9c07-6d89-4a49-a594-cacd4b776180@group-0E159EE4F99E-LeaderElection300] INFO  impl.RoleInfo (RoleInfo.java:shutdownLeaderElection(134)) - a8ae9c07-6d89-4a49-a594-cacd4b776180: shutdown LeaderElection
2019-11-05 08:24:08,091 [a8ae9c07-6d89-4a49-a594-cacd4b776180@group-0E159EE4F99E-LeaderElection300] INFO  impl.RoleInfo (RoleInfo.java:updateAndGet(143)) - a8ae9c07-6d89-4a49-a594-cacd4b776180: start FollowerState
2019-11-05 08:24:08,136 [Thread-2340] INFO  impl.FollowerState (FollowerState.java:run(108)) - 4a682f4f-c3f2-4b77-88b7-f0ab78890feb@group-0DB8C7688BF9-FollowerState: change to CANDIDATE, lastRpcTime:94ms, electionTimeout:94ms
2019-11-05 08:24:08,136 [Thread-2340] INFO  impl.RoleInfo (RoleInfo.java:shutdownFollowerState(121)) - 4a682f4f-c3f2-4b77-88b7-f0ab78890feb: shutdown FollowerState
2019-11-05 08:24:08,136 [Thread-2340] INFO  impl.RaftServerImpl (RaftServerImpl.java:setRole(184)) - 4a682f4f-c3f2-4b77-88b7-f0ab78890feb@group-0DB8C7688BF9: changes role from  FOLLOWER to CANDIDATE at term 151 for changeToCandidate
2019-11-05 08:24:08,136 [Thread-2340] INFO  impl.RoleInfo (RoleInfo.java:updateAndGet(143)) - 4a682f4f-c3f2-4b77-88b7-f0ab78890feb: start LeaderElection
2019-11-05 08:24:08,149 [4a682f4f-c3f2-4b77-88b7-f0ab78890feb@group-0DB8C7688BF9-LeaderElection301] INFO  impl.LeaderElection (LeaderElection.java:askForVotes(178)) - 4a682f4f-c3f2-4b77-88b7-f0ab78890feb@group-0DB8C7688BF9-LeaderElection301: begin an election at term 152 for -1: [77ab65e6-d942-49df-83a3-1d4c0bf152b3:192.168.164.217:39381, 7e1b84a9-a041-44fd-8008-f2679426984c:192.168.164.217:44149, 4a682f4f-c3f2-4b77-88b7-f0ab78890feb:192.168.164.217:34174], old=null
2019-11-05 08:24:08,153 [grpc-default-executor-0] INFO  impl.RaftServerImpl (RaftServerImpl.java:setRole(184)) - 7e1b84a9-a041-44fd-8008-f2679426984c@group-0DB8C7688BF9: changes role from  FOLLOWER to FOLLOWER at term 152 for recognizeCandidate:4a682f4f-c3f2-4b77-88b7-f0ab78890feb
2019-11-05 08:24:08,153 [grpc-default-executor-5] INFO  impl.RaftServerImpl (RaftServerImpl.java:setRole(184)) - 77ab65e6-d942-49df-83a3-1d4c0bf152b3@group-0DB8C7688BF9: changes role from  FOLLOWER to FOLLOWER at term 152 for recognizeCandidate:4a682f4f-c3f2-4b77-88b7-f0ab78890feb
2019-11-05 08:24:08,153 [grpc-default-executor-0] INFO  impl.RoleInfo (RoleInfo.java:shutdownFollowerState(121)) - 7e1b84a9-a041-44fd-8008-f2679426984c: shutdown FollowerState
2019-11-05 08:24:08,153 [grpc-default-executor-5] INFO  impl.RoleInfo (RoleInfo.java:shutdownFollowerState(121)) - 77ab65e6-d942-49df-83a3-1d4c0bf152b3: shutdown FollowerState
2019-11-05 08:24:08,154 [grpc-default-executor-0] INFO  impl.RoleInfo (RoleInfo.java:updateAndGet(143)) - 7e1b84a9-a041-44fd-8008-f2679426984c: start FollowerState
2019-11-05 08:24:08,154 [Thread-2339] INFO  impl.FollowerState (FollowerState.java:run(117)) - 7e1b84a9-a041-44fd-8008-f2679426984c@group-0DB8C7688BF9-FollowerState was interrupted: java.lang.InterruptedException: sleep interrupted
2019-11-05 08:24:08,154 [grpc-default-executor-5] INFO  impl.RoleInfo (RoleInfo.java:updateAndGet(143)) - 77ab65e6-d942-49df-83a3-1d4c0bf152b3: start FollowerState
2019-11-05 08:24:08,154 [Thread-2338] INFO  impl.FollowerState (FollowerState.java:run(117)) - 77ab65e6-d942-49df-83a3-1d4c0bf152b3@group-0DB8C7688BF9-FollowerState was interrupted: java.lang.InterruptedException: sleep interrupted
2019-11-05 08:24:08,164 [Thread-2346] INFO  impl.FollowerState (FollowerState.java:run(108)) - a8ae9c07-6d89-4a49-a594-cacd4b776180@group-0E159EE4F99E-FollowerState: change to CANDIDATE, lastRpcTime:73ms, electionTimeout:73ms
2019-11-05 08:24:08,164 [Thread-2346] INFO  impl.RoleInfo (RoleInfo.java:shutdownFollowerState(121)) - a8ae9c07-6d89-4a49-a594-cacd4b776180: shutdown FollowerState
2019-11-05 08:24:08,164 [Thread-2346] INFO  impl.RaftServerImpl (RaftServerImpl.java:setRole(184)) - a8ae9c07-6d89-4a49-a594-cacd4b776180@group-0E159EE4F99E: changes role from  FOLLOWER to CANDIDATE at term 158 for changeToCandidate
2019-11-05 08:24:08,165 [Thread-2346] INFO  impl.RoleInfo (RoleInfo.java:updateAndGet(143)) - a8ae9c07-6d89-4a49-a594-cacd4b776180: start LeaderElection
2019-11-05 08:24:08,168 [4a682f4f-c3f2-4b77-88b7-f0ab78890feb@group-0DB8C7688BF9-LeaderElection301] INFO  impl.LeaderElection (LeaderElection.java:logAndReturn(56)) - 4a682f4f-c3f2-4b77-88b7-f0ab78890feb@group-0DB8C7688BF9-LeaderElection301: Election REJECTED; received 2 response(s) [4a682f4f-c3f2-4b77-88b7-f0ab78890feb<-77ab65e6-d942-49df-83a3-1d4c0bf152b3#0:FAIL-t152, 4a682f4f-c3f2-4b77-88b7-f0ab78890feb<-7e1b84a9-a041-44fd-8008-f2679426984c#0:FAIL-t152] and 0 exception(s); 4a682f4f-c3f2-4b77-88b7-f0ab78890feb@group-0DB8C7688BF9:t152, leader=null, voted=4a682f4f-c3f2-4b77-88b7-f0ab78890feb, raftlog=4a682f4f-c3f2-4b77-88b7-f0ab78890feb@group-0DB8C7688BF9-SegmentedRaftLog:OPENED:c-1,f-1,i0, conf=-1: [77ab65e6-d942-49df-83a3-1d4c0bf152b3:192.168.164.217:39381, 7e1b84a9-a041-44fd-8008-f2679426984c:192.168.164.217:44149, 4a682f4f-c3f2-4b77-88b7-f0ab78890feb:192.168.164.217:34174], old=null
2019-11-05 08:24:08,168 [a8ae9c07-6d89-4a49-a594-cacd4b776180@group-0E159EE4F99E-LeaderElection302] INFO  impl.LeaderElection (LeaderElection.java:askForVotes(178)) - a8ae9c07-6d89-4a49-a594-cacd4b776180@group-0E159EE4F99E-LeaderElection302: begin an election at term 159 for -1: [caafcba9-090a-41f5-a5f9-cba5a6a81e94:192.168.164.217:37197, a8ae9c07-6d89-4a49-a594-cacd4b776180:192.168.164.217:42719, b3bb9051-8089-4c51-a999-81579e5913f2:192.168.164.217:36516], old=null
2019-11-05 08:24:08,168 [4a682f4f-c3f2-4b77-88b7-f0ab78890feb@group-0DB8C7688BF9-LeaderElection301] INFO  impl.RaftServerImpl (RaftServerImpl.java:setRole(184)) - 4a682f4f-c3f2-4b77-88b7-f0ab78890feb@group-0DB8C7688BF9: changes role from CANDIDATE to FOLLOWER at term 152 for DISCOVERED_A_NEW_TERM
2019-11-05 08:24:08,168 [4a682f4f-c3f2-4b77-88b7-f0ab78890feb@group-0DB8C7688BF9-LeaderElection301] INFO  impl.RoleInfo (RoleInfo.java:shutdownLeaderElection(134)) - 4a682f4f-c3f2-4b77-88b7-f0ab78890feb: shutdown LeaderElection
2019-11-05 08:24:08,169 [4a682f4f-c3f2-4b77-88b7-f0ab78890feb@group-0DB8C7688BF9-LeaderElection301] INFO  impl.RoleInfo (RoleInfo.java:updateAndGet(143)) - 4a682f4f-c3f2-4b77-88b7-f0ab78890feb: start FollowerState
2019-11-05 08:24:08,170 [grpc-default-executor-5] INFO  impl.RaftServerImpl (RaftServerImpl.java:setRole(184)) - caafcba9-090a-41f5-a5f9-cba5a6a81e94@group-0E159EE4F99E: changes role from  FOLLOWER to FOLLOWER at term 159 for recognizeCandidate:a8ae9c07-6d89-4a49-a594-cacd4b776180
2019-11-05 08:24:08,170 [grpc-default-executor-5] INFO  impl.RoleInfo (RoleInfo.java:shutdownFollowerState(121)) - caafcba9-090a-41f5-a5f9-cba5a6a81e94: shutdown FollowerState
2019-11-05 08:24:08,170 [grpc-default-executor-0] INFO  impl.RaftServerImpl (RaftServerImpl.java:setRole(184)) - b3bb9051-8089-4c51-a999-81579e5913f2@group-0E159EE4F99E: changes role from  FOLLOWER to FOLLOWER at term 159 for recognizeCandidate:a8ae9c07-6d89-4a49-a594-cacd4b776180
2019-11-05 08:24:08,170 [grpc-default-executor-0] INFO  impl.RoleInfo (RoleInfo.java:shutdownFollowerState(121)) - b3bb9051-8089-4c51-a999-81579e5913f2: shutdown FollowerState
2019-11-05 08:24:08,170 [Thread-2344] INFO  impl.FollowerState (FollowerState.java:run(117)) - caafcba9-090a-41f5-a5f9-cba5a6a81e94@group-0E159EE4F99E-FollowerState was interrupted: java.lang.InterruptedException: sleep interrupted
2019-11-05 08:24:08,170 [grpc-default-executor-5] INFO  impl.RoleInfo (RoleInfo.java:updateAndGet(143)) - caafcba9-090a-41f5-a5f9-cba5a6a81e94: start FollowerState
2019-11-05 08:24:08,171 [Thread-2345] INFO  impl.FollowerState (FollowerState.java:run(117)) - b3bb9051-8089-4c51-a999-81579e5913f2@group-0E159EE4F99E-FollowerState was interrupted: java.lang.InterruptedException: sleep interrupted
2019-11-05 08:24:08,170 [grpc-default-executor-0] INFO  impl.RoleInfo (RoleInfo.java:updateAndGet(143)) - b3bb9051-8089-4c51-a999-81579e5913f2: start FollowerState
2019-11-05 08:24:08,184 [a8ae9c07-6d89-4a49-a594-cacd4b776180@group-0E159EE4F99E-LeaderElection302] INFO  impl.LeaderElection (LeaderElection.java:logAndReturn(56)) - a8ae9c07-6d89-4a49-a594-cacd4b776180@group-0E159EE4F99E-LeaderElection302: Election REJECTED; received 2 response(s) [a8ae9c07-6d89-4a49-a594-cacd4b776180<-caafcba9-090a-41f5-a5f9-cba5a6a81e94#0:FAIL-t159, a8ae9c07-6d89-4a49-a594-cacd4b776180<-b3bb9051-8089-4c51-a999-81579e5913f2#0:FAIL-t159] and 0 exception(s); a8ae9c07-6d89-4a49-a594-cacd4b776180@group-0E159EE4F99E:t159, leader=null, voted=a8ae9c07-6d89-4a49-a594-cacd4b776180, raftlog=a8ae9c07-6d89-4a49-a594-cacd4b776180@group-0E159EE4F99E-SegmentedRaftLog:OPENED:c-1,f-1,i0, conf=-1: [caafcba9-090a-41f5-a5f9-cba5a6a81e94:192.168.164.217:37197, a8ae9c07-6d89-4a49-a594-cacd4b776180:192.168.164.217:42719, b3bb9051-8089-4c51-a999-81579e5913f2:192.168.164.217:36516], old=null
2019-11-05 08:24:08,184 [a8ae9c07-6d89-4a49-a594-cacd4b776180@group-0E159EE4F99E-LeaderElection302] INFO  impl.RaftServerImpl (RaftServerImpl.java:setRole(184)) - a8ae9c07-6d89-4a49-a594-cacd4b776180@group-0E159EE4F99E: changes role from CANDIDATE to FOLLOWER at term 159 for DISCOVERED_A_NEW_TERM
2019-11-05 08:24:08,185 [a8ae9c07-6d89-4a49-a594-cacd4b776180@group-0E159EE4F99E-LeaderElection302] INFO  impl.RoleInfo (RoleInfo.java:shutdownLeaderElection(134)) - a8ae9c07-6d89-4a49-a594-cacd4b776180: shutdown LeaderElection
2019-11-05 08:24:08,185 [a8ae9c07-6d89-4a49-a594-cacd4b776180@group-0E159EE4F99E-LeaderElection302] INFO  impl.RoleInfo (RoleInfo.java:updateAndGet(143)) - a8ae9c07-6d89-4a49-a594-cacd4b776180: start FollowerState
2019-11-05 08:24:08,255 [Thread-2356] INFO  impl.FollowerState (FollowerState.java:run(108)) - 4a682f4f-c3f2-4b77-88b7-f0ab78890feb@group-0DB8C7688BF9-FollowerState: change to CANDIDATE, lastRpcTime:86ms, electionTimeout:86ms
2019-11-05 08:24:08,255 [Thread-2356] INFO  impl.RoleInfo (RoleInfo.java:shutdownFollowerState(121)) - 4a682f4f-c3f2-4b77-88b7-f0ab78890feb: shutdown FollowerState
2019-11-05 08:24:08,255 [Thread-2356] INFO  impl.RaftServerImpl (RaftServerImpl.java:setRole(184)) - 4a682f4f-c3f2-4b77-88b7-f0ab78890feb@group-0DB8C7688BF9: changes role from  FOLLOWER to CANDIDATE at term 152 for changeToCandidate
2019-11-05 08:24:08,255 [Thread-2356] INFO  impl.RoleInfo (RoleInfo.java:updateAndGet(143)) - 4a682f4f-c3f2-4b77-88b7-f0ab78890feb: start LeaderElection
2019-11-05 08:24:08,268 [4a682f4f-c3f2-4b77-88b7-f0ab78890feb@group-0DB8C7688BF9-LeaderElection303] INFO  impl.LeaderElection (LeaderElection.java:askForVotes(178)) - 4a682f4f-c3f2-4b77-88b7-f0ab78890feb@group-0DB8C7688BF9-LeaderElection303: begin an election at term 153 for -1: [77ab65e6-d942-49df-83a3-1d4c0bf152b3:192.168.164.217:39381, 7e1b84a9-a041-44fd-8008-f2679426984c:192.168.164.217:44149, 4a682f4f-c3f2-4b77-88b7-f0ab78890feb:192.168.164.217:34174], old=null
2019-11-05 08:24:08,270 [grpc-default-executor-5] INFO  impl.RaftServerImpl (RaftServerImpl.java:setRole(184)) - 77ab65e6-d942-49df-83a3-1d4c0bf152b3@group-0DB8C7688BF9: changes role from  FOLLOWER to FOLLOWER at term 153 for recognizeCandidate:4a682f4f-c3f2-4b77-88b7-f0ab78890feb
2019-11-05 08:24:08,270 [grpc-default-executor-0] INFO  impl.RaftServerImpl (RaftServerImpl.java:setRole(184)) - 7e1b84a9-a041-44fd-8008-f2679426984c@group-0DB8C7688BF9: changes role from  FOLLOWER to FOLLOWER at term 153 for recognizeCandidate:4a682f4f-c3f2-4b77-88b7-f0ab78890feb
2019-11-05 08:24:08,270 [grpc-default-executor-5] INFO  impl.RoleInfo (RoleInfo.java:shutdownFollowerState(121)) - 77ab65e6-d942-49df-83a3-1d4c0bf152b3: shutdown FollowerState
2019-11-05 08:24:08,270 [grpc-default-executor-0] INFO  impl.RoleInfo (RoleInfo.java:shutdownFollowerState(121)) - 7e1b84a9-a041-44fd-8008-f2679426984c: shutdown FollowerState
2019-11-05 08:24:08,270 [grpc-default-executor-5] INFO  impl.RoleInfo (RoleInfo.java:updateAndGet(143)) - 77ab65e6-d942-49df-83a3-1d4c0bf152b3: start FollowerState
2019-11-05 08:24:08,270 [Thread-2351] INFO  impl.FollowerState (FollowerState.java:run(117)) - 7e1b84a9-a041-44fd-8008-f2679426984c@group-0DB8C7688BF9-FollowerState was interrupted: java.lang.InterruptedException: sleep interrupted
2019-11-05 08:24:08,270 [Thread-2352] INFO  impl.FollowerState (FollowerState.java:run(117)) - 77ab65e6-d942-49df-83a3-1d4c0bf152b3@group-0DB8C7688BF9-FollowerState was interrupted: java.lang.InterruptedException: sleep interrupted
2019-11-05 08:24:08,270 [grpc-default-executor-0] INFO  impl.RoleInfo (RoleInfo.java:updateAndGet(143)) - 7e1b84a9-a041-44fd-8008-f2679426984c: start FollowerState
2019-11-05 08:24:08,284 [4a682f4f-c3f2-4b77-88b7-f0ab78890feb@group-0DB8C7688BF9-LeaderElection303] INFO  impl.LeaderElection (LeaderElection.java:logAndReturn(56)) - 4a682f4f-c3f2-4b77-88b7-f0ab78890feb@group-0DB8C7688BF9-LeaderElection303: Election REJECTED; received 2 response(s) [4a682f4f-c3f2-4b77-88b7-f0ab78890feb<-77ab65e6-d942-49df-83a3-1d4c0bf152b3#0:FAIL-t153, 4a682f4f-c3f2-4b77-88b7-f0ab78890feb<-7e1b84a9-a041-44fd-8008-f2679426984c#0:FAIL-t153] and 0 exception(s); 4a682f4f-c3f2-4b77-88b7-f0ab78890feb@group-0DB8C7688BF9:t153, leader=null, voted=4a682f4f-c3f2-4b77-88b7-f0ab78890feb, raftlog=4a682f4f-c3f2-4b77-88b7-f0ab78890feb@group-0DB8C7688BF9-SegmentedRaftLog:OPENED:c-1,f-1,i0, conf=-1: [77ab65e6-d942-49df-83a3-1d4c0bf152b3:192.168.164.217:39381, 7e1b84a9-a041-44fd-8008-f2679426984c:192.168.164.217:44149, 4a682f4f-c3f2-4b77-88b7-f0ab78890feb:192.168.164.217:34174], old=null
2019-11-05 08:24:08,284 [4a682f4f-c3f2-4b77-88b7-f0ab78890feb@group-0DB8C7688BF9-LeaderElection303] INFO  impl.RaftServerImpl (RaftServerImpl.java:setRole(184)) - 4a682f4f-c3f2-4b77-88b7-f0ab78890feb@group-0DB8C7688BF9: changes role from CANDIDATE to FOLLOWER at term 153 for DISCOVERED_A_NEW_TERM
2019-11-05 08:24:08,284 [4a682f4f-c3f2-4b77-88b7-f0ab78890feb@group-0DB8C7688BF9-LeaderElection303] INFO  impl.RoleInfo (RoleInfo.java:shutdownLeaderElection(134)) - 4a682f4f-c3f2-4b77-88b7-f0ab78890feb: shutdown LeaderElection
2019-11-05 08:24:08,284 [4a682f4f-c3f2-4b77-88b7-f0ab78890feb@group-0DB8C7688BF9-LeaderElection303] INFO  impl.RoleInfo (RoleInfo.java:updateAndGet(143)) - 4a682f4f-c3f2-4b77-88b7-f0ab78890feb: start FollowerState
2019-11-05 08:24:08,329 [main] WARN  io.KeyOutputStream (KeyOutputStream.java:handleException(274)) - Encountered exception java.io.IOException: Unexpected Storage Container Exception: java.util.concurrent.CompletionException: java.util.concurrent.CompletionException: org.apache.ratis.protocol.RaftRetryFailureException: Failed RaftClientRequest:client-0B0FAE25EFD1->a8ae9c07-6d89-4a49-a594-cacd4b776180@group-0E159EE4F99E, cid=23, seq=1*, RW, cmdType: WriteChunk
traceID: "385612ac4b600e04:385612ac4b600e04:0:0"
containerID: 4
datanodeUuid: "a8ae9c07-6d89-4a49-a594-cacd4b776180"
writeChunk {
  blockID {
    containerID: 4
    localID: 103084341933113349
    blockCommitSequenceId: 0
  }
  chunkData {
    chunkName: "103084341933113349_chunk_1"
    offset: 0
    len: 1048576
    checksumData {
      type: CRC32
      bytesPerChecksum: 1048576
      checksums: "\361\003\002\247"
    }
  }
}
, data.size=1048576 for 10 attempts with RetryLimited(maxAttempts=10, sleepTime=1000ms) on the pipeline Pipeline[ Id: 653fd967-f43e-4de4-9174-0e159ee4f99e, Nodes: a8ae9c07-6d89-4a49-a594-cacd4b776180{ip: 192.168.164.217, host: pr-hdds-1643-8bmlk-2934350033, networkLocation: /default-rack, certSerialId: null}b3bb9051-8089-4c51-a999-81579e5913f2{ip: 192.168.164.217, host: pr-hdds-1643-8bmlk-2934350033, networkLocation: /default-rack, certSerialId: null}caafcba9-090a-41f5-a5f9-cba5a6a81e94{ip: 192.168.164.217, host: pr-hdds-1643-8bmlk-2934350033, networkLocation: /default-rack, certSerialId: null}, Type:RATIS, Factor:THREE, State:OPEN]. The last committed block length is 0, uncommitted data length is 2097152 retry count 1
2019-11-05 08:24:08,331 [Thread-2360] INFO  impl.FollowerState (FollowerState.java:run(108)) - a8ae9c07-6d89-4a49-a594-cacd4b776180@group-0E159EE4F99E-FollowerState: change to CANDIDATE, lastRpcTime:146ms, electionTimeout:145ms
2019-11-05 08:24:08,339 [Thread-2360] INFO  impl.RoleInfo (RoleInfo.java:shutdownFollowerState(121)) - a8ae9c07-6d89-4a49-a594-cacd4b776180: shutdown FollowerState
2019-11-05 08:24:08,340 [Thread-2360] INFO  impl.RaftServerImpl (RaftServerImpl.java:setRole(184)) - a8ae9c07-6d89-4a49-a594-cacd4b776180@group-0E159EE4F99E: changes role from  FOLLOWER to CANDIDATE at term 159 for changeToCandidate
2019-11-05 08:24:08,348 [Thread-2360] INFO  impl.RoleInfo (RoleInfo.java:updateAndGet(143)) - a8ae9c07-6d89-4a49-a594-cacd4b776180: start LeaderElection
2019-11-05 08:24:08,350 [main] INFO  io.BlockOutputStreamEntryPool (BlockOutputStreamEntryPool.java:allocateNewBlock(257)) - Allocating block with ExcludeList {datanodes = [], containerIds = [], pipelineIds = [PipelineID=2f5caf52-f09c-400b-8f0f-0db8c7688bf9, PipelineID=653fd967-f43e-4de4-9174-0e159ee4f99e]}
2019-11-05 08:24:08,364 [a8ae9c07-6d89-4a49-a594-cacd4b776180@group-0E159EE4F99E-LeaderElection304] INFO  impl.LeaderElection (LeaderElection.java:askForVotes(178)) - a8ae9c07-6d89-4a49-a594-cacd4b776180@group-0E159EE4F99E-LeaderElection304: begin an election at term 160 for -1: [caafcba9-090a-41f5-a5f9-cba5a6a81e94:192.168.164.217:37197, a8ae9c07-6d89-4a49-a594-cacd4b776180:192.168.164.217:42719, b3bb9051-8089-4c51-a999-81579e5913f2:192.168.164.217:36516], old=null
2019-11-05 08:24:08,366 [grpc-default-executor-5] INFO  impl.RaftServerImpl (RaftServerImpl.java:setRole(184)) - caafcba9-090a-41f5-a5f9-cba5a6a81e94@group-0E159EE4F99E: changes role from  FOLLOWER to FOLLOWER at term 160 for recognizeCandidate:a8ae9c07-6d89-4a49-a594-cacd4b776180
2019-11-05 08:24:08,366 [grpc-default-executor-5] INFO  impl.RoleInfo (RoleInfo.java:shutdownFollowerState(121)) - caafcba9-090a-41f5-a5f9-cba5a6a81e94: shutdown FollowerState
2019-11-05 08:24:08,366 [grpc-default-executor-0] INFO  impl.RaftServerImpl (RaftServerImpl.java:setRole(184)) - b3bb9051-8089-4c51-a999-81579e5913f2@group-0E159EE4F99E: changes role from  FOLLOWER to FOLLOWER at term 160 for recognizeCandidate:a8ae9c07-6d89-4a49-a594-cacd4b776180
2019-11-05 08:24:08,366 [grpc-default-executor-0] INFO  impl.RoleInfo (RoleInfo.java:shutdownFollowerState(121)) - b3bb9051-8089-4c51-a999-81579e5913f2: shutdown FollowerState
2019-11-05 08:24:08,366 [Thread-2358] INFO  impl.FollowerState (FollowerState.java:run(117)) - caafcba9-090a-41f5-a5f9-cba5a6a81e94@group-0E159EE4F99E-FollowerState was interrupted: java.lang.InterruptedException: sleep interrupted
2019-11-05 08:24:08,366 [grpc-default-executor-5] INFO  impl.RoleInfo (RoleInfo.java:updateAndGet(143)) - caafcba9-090a-41f5-a5f9-cba5a6a81e94: start FollowerState
2019-11-05 08:24:08,366 [Thread-2359] INFO  impl.FollowerState (FollowerState.java:run(117)) - b3bb9051-8089-4c51-a999-81579e5913f2@group-0E159EE4F99E-FollowerState was interrupted: java.lang.InterruptedException: sleep interrupted
2019-11-05 08:24:08,366 [grpc-default-executor-0] INFO  impl.RoleInfo (RoleInfo.java:updateAndGet(143)) - b3bb9051-8089-4c51-a999-81579e5913f2: start FollowerState
2019-11-05 08:24:08,382 [a8ae9c07-6d89-4a49-a594-cacd4b776180@group-0E159EE4F99E-LeaderElection304] INFO  impl.LeaderElection (LeaderElection.java:logAndReturn(56)) - a8ae9c07-6d89-4a49-a594-cacd4b776180@group-0E159EE4F99E-LeaderElection304: Election REJECTED; received 2 response(s) [a8ae9c07-6d89-4a49-a594-cacd4b776180<-caafcba9-090a-41f5-a5f9-cba5a6a81e94#0:FAIL-t160, a8ae9c07-6d89-4a49-a594-cacd4b776180<-b3bb9051-8089-4c51-a999-81579e5913f2#0:FAIL-t160] and 0 exception(s); a8ae9c07-6d89-4a49-a594-cacd4b776180@group-0E159EE4F99E:t160, leader=null, voted=a8ae9c07-6d89-4a49-a594-cacd4b776180, raftlog=a8ae9c07-6d89-4a49-a594-cacd4b776180@group-0E159EE4F99E-SegmentedRaftLog:OPENED:c-1,f-1,i0, conf=-1: [caafcba9-090a-41f5-a5f9-cba5a6a81e94:192.168.164.217:37197, a8ae9c07-6d89-4a49-a594-cacd4b776180:192.168.164.217:42719, b3bb9051-8089-4c51-a999-81579e5913f2:192.168.164.217:36516], old=null
2019-11-05 08:24:08,382 [a8ae9c07-6d89-4a49-a594-cacd4b776180@group-0E159EE4F99E-LeaderElection304] INFO  impl.RaftServerImpl (RaftServerImpl.java:setRole(184)) - a8ae9c07-6d89-4a49-a594-cacd4b776180@group-0E159EE4F99E: changes role from CANDIDATE to FOLLOWER at term 160 for DISCOVERED_A_NEW_TERM
2019-11-05 08:24:08,382 [a8ae9c07-6d89-4a49-a594-cacd4b776180@group-0E159EE4F99E-LeaderElection304] INFO  impl.RoleInfo (RoleInfo.java:shutdownLeaderElection(134)) - a8ae9c07-6d89-4a49-a594-cacd4b776180: shutdown LeaderElection
2019-11-05 08:24:08,383 [IPC Server handler 1 on 46608] INFO  server.SCMBlockProtocolServer (SCMBlockProtocolServer.java:allocateBlock(179)) - Allocating 1 blocks of size 4194304, with ExcludeList {datanodes = [], containerIds = [], pipelineIds = [PipelineID=2f5caf52-f09c-400b-8f0f-0db8c7688bf9, PipelineID=653fd967-f43e-4de4-9174-0e159ee4f99e]}
2019-11-05 08:24:08,383 [a8ae9c07-6d89-4a49-a594-cacd4b776180@group-0E159EE4F99E-LeaderElection304] INFO  impl.RoleInfo (RoleInfo.java:updateAndGet(143)) - a8ae9c07-6d89-4a49-a594-cacd4b776180: start FollowerState
2019-11-05 08:24:08,412 [Thread-2366] INFO  impl.FollowerState (FollowerState.java:run(108)) - 4a682f4f-c3f2-4b77-88b7-f0ab78890feb@group-0DB8C7688BF9-FollowerState: change to CANDIDATE, lastRpcTime:128ms, electionTimeout:128ms
2019-11-05 08:24:08,412 [Thread-2366] INFO  impl.RoleInfo (RoleInfo.java:shutdownFollowerState(121)) - 4a682f4f-c3f2-4b77-88b7-f0ab78890feb: shutdown FollowerState
2019-11-05 08:24:08,413 [Thread-2366] INFO  impl.RaftServerImpl (RaftServerImpl.java:setRole(184)) - 4a682f4f-c3f2-4b77-88b7-f0ab78890feb@group-0DB8C7688BF9: changes role from  FOLLOWER to CANDIDATE at term 153 for changeToCandidate
2019-11-05 08:24:08,413 [Thread-2366] INFO  impl.RoleInfo (RoleInfo.java:updateAndGet(143)) - 4a682f4f-c3f2-4b77-88b7-f0ab78890feb: start LeaderElection
2019-11-05 08:24:08,427 [4a682f4f-c3f2-4b77-88b7-f0ab78890feb@group-0DB8C7688BF9-LeaderElection305] INFO  impl.LeaderElection (LeaderElection.java:askForVotes(178)) - 4a682f4f-c3f2-4b77-88b7-f0ab78890feb@group-0DB8C7688BF9-LeaderElection305: begin an election at term 154 for -1: [77ab65e6-d942-49df-83a3-1d4c0bf152b3:192.168.164.217:39381, 7e1b84a9-a041-44fd-8008-f2679426984c:192.168.164.217:44149, 4a682f4f-c3f2-4b77-88b7-f0ab78890feb:192.168.164.217:34174], old=null
2019-11-05 08:24:08,430 [grpc-default-executor-1] INFO  impl.RaftServerImpl (RaftServerImpl.java:setRole(184)) - 7e1b84a9-a041-44fd-8008-f2679426984c@group-0DB8C7688BF9: changes role from  FOLLOWER to FOLLOWER at term 154 for recognizeCandidate:4a682f4f-c3f2-4b77-88b7-f0ab78890feb
2019-11-05 08:24:08,430 [grpc-default-executor-0] INFO  impl.RaftServerImpl (RaftServerImpl.java:setRole(184)) - 77ab65e6-d942-49df-83a3-1d4c0bf152b3@group-0DB8C7688BF9: changes role from  FOLLOWER to FOLLOWER at term 154 for recognizeCandidate:4a682f4f-c3f2-4b77-88b7-f0ab78890feb
2019-11-05 08:24:08,430 [grpc-default-executor-0] INFO  impl.RoleInfo (RoleInfo.java:shutdownFollowerState(121)) - 77ab65e6-d942-49df-83a3-1d4c0bf152b3: shutdown FollowerState
2019-11-05 08:24:08,430 [grpc-default-executor-1] INFO  impl.RoleInfo (RoleInfo.java:shutdownFollowerState(121)) - 7e1b84a9-a041-44fd-8008-f2679426984c: shutdown FollowerState
2019-11-05 08:24:08,431 [Thread-2364] INFO  impl.FollowerState (FollowerState.java:run(117)) - 77ab65e6-d942-49df-83a3-1d4c0bf152b3@group-0DB8C7688BF9-FollowerState was interrupted: java.lang.InterruptedException: sleep interrupted
2019-11-05 08:24:08,430 [grpc-default-executor-0] INFO  impl.RoleInfo (RoleInfo.java:updateAndGet(143)) - 77ab65e6-d942-49df-83a3-1d4c0bf152b3: start FollowerState
2019-11-05 08:24:08,431 [Thread-2365] INFO  impl.FollowerState (FollowerState.java:run(117)) - 7e1b84a9-a041-44fd-8008-f2679426984c@group-0DB8C7688BF9-FollowerState was interrupted: java.lang.InterruptedException: sleep interrupted
2019-11-05 08:24:08,431 [grpc-default-executor-1] INFO  impl.RoleInfo (RoleInfo.java:updateAndGet(143)) - 7e1b84a9-a041-44fd-8008-f2679426984c: start FollowerState
2019-11-05 08:24:08,445 [4a682f4f-c3f2-4b77-88b7-f0ab78890feb@group-0DB8C7688BF9-LeaderElection305] INFO  impl.LeaderElection (LeaderElection.java:logAndReturn(56)) - 4a682f4f-c3f2-4b77-88b7-f0ab78890feb@group-0DB8C7688BF9-LeaderElection305: Election REJECTED; received 2 response(s) [4a682f4f-c3f2-4b77-88b7-f0ab78890feb<-77ab65e6-d942-49df-83a3-1d4c0bf152b3#0:FAIL-t154, 4a682f4f-c3f2-4b77-88b7-f0ab78890feb<-7e1b84a9-a041-44fd-8008-f2679426984c#0:FAIL-t154] and 0 exception(s); 4a682f4f-c3f2-4b77-88b7-f0ab78890feb@group-0DB8C7688BF9:t154, leader=null, voted=4a682f4f-c3f2-4b77-88b7-f0ab78890feb, raftlog=4a682f4f-c3f2-4b77-88b7-f0ab78890feb@group-0DB8C7688BF9-SegmentedRaftLog:OPENED:c-1,f-1,i0, conf=-1: [77ab65e6-d942-49df-83a3-1d4c0bf152b3:192.168.164.217:39381, 7e1b84a9-a041-44fd-8008-f2679426984c:192.168.164.217:44149, 4a682f4f-c3f2-4b77-88b7-f0ab78890feb:192.168.164.217:34174], old=null
2019-11-05 08:24:08,445 [4a682f4f-c3f2-4b77-88b7-f0ab78890feb@group-0DB8C7688BF9-LeaderElection305] INFO  impl.RaftServerImpl (RaftServerImpl.java:setRole(184)) - 4a682f4f-c3f2-4b77-88b7-f0ab78890feb@group-0DB8C7688BF9: changes role from CANDIDATE to FOLLOWER at term 154 for DISCOVERED_A_NEW_TERM
2019-11-05 08:24:08,445 [4a682f4f-c3f2-4b77-88b7-f0ab78890feb@group-0DB8C7688BF9-LeaderElection305] INFO  impl.RoleInfo (RoleInfo.java:shutdownLeaderElection(134)) - 4a682f4f-c3f2-4b77-88b7-f0ab78890feb: shutdown LeaderElection
2019-11-05 08:24:08,445 [4a682f4f-c3f2-4b77-88b7-f0ab78890feb@group-0DB8C7688BF9-LeaderElection305] INFO  impl.RoleInfo (RoleInfo.java:updateAndGet(143)) - 4a682f4f-c3f2-4b77-88b7-f0ab78890feb: start FollowerState
2019-11-05 08:24:08,482 [Thread-2386] INFO  impl.FollowerState (FollowerState.java:run(108)) - 4a682f4f-c3f2-4b77-88b7-f0ab78890feb@group-0DB8C7688BF9-FollowerState: change to CANDIDATE, lastRpcTime:36ms, electionTimeout:36ms
2019-11-05 08:24:08,482 [Thread-2386] INFO  impl.RoleInfo (RoleInfo.java:shutdownFollowerState(121)) - 4a682f4f-c3f2-4b77-88b7-f0ab78890feb: shutdown FollowerState
2019-11-05 08:24:08,482 [Thread-2386] INFO  impl.RaftServerImpl (RaftServerImpl.java:setRole(184)) - 4a682f4f-c3f2-4b77-88b7-f0ab78890feb@group-0DB8C7688BF9: changes role from  FOLLOWER to CANDIDATE at term 154 for changeToCandidate
2019-11-05 08:24:08,483 [Thread-2386] INFO  impl.RoleInfo (RoleInfo.java:updateAndGet(143)) - 4a682f4f-c3f2-4b77-88b7-f0ab78890feb: start LeaderElection
2019-11-05 08:24:08,497 [4a682f4f-c3f2-4b77-88b7-f0ab78890feb@group-0DB8C7688BF9-LeaderElection306] INFO  impl.LeaderElection (LeaderElection.java:askForVotes(178)) - 4a682f4f-c3f2-4b77-88b7-f0ab78890feb@group-0DB8C7688BF9-LeaderElection306: begin an election at term 155 for -1: [77ab65e6-d942-49df-83a3-1d4c0bf152b3:192.168.164.217:39381, 7e1b84a9-a041-44fd-8008-f2679426984c:192.168.164.217:44149, 4a682f4f-c3f2-4b77-88b7-f0ab78890feb:192.168.164.217:34174], old=null
2019-11-05 08:24:08,499 [grpc-default-executor-3] INFO  impl.RaftServerImpl (RaftServerImpl.java:setRole(184)) - 77ab65e6-d942-49df-83a3-1d4c0bf152b3@group-0DB8C7688BF9: changes role from  FOLLOWER to FOLLOWER at term 155 for recognizeCandidate:4a682f4f-c3f2-4b77-88b7-f0ab78890feb
2019-11-05 08:24:08,499 [grpc-default-executor-0] INFO  impl.RaftServerImpl (RaftServerImpl.java:setRole(184)) - 7e1b84a9-a041-44fd-8008-f2679426984c@group-0DB8C7688BF9: changes role from  FOLLOWER to FOLLOWER at term 155 for recognizeCandidate:4a682f4f-c3f2-4b77-88b7-f0ab78890feb
2019-11-05 08:24:08,499 [grpc-default-executor-3] INFO  impl.RoleInfo (RoleInfo.java:shutdownFollowerState(121)) - 77ab65e6-d942-49df-83a3-1d4c0bf152b3: shutdown FollowerState
2019-11-05 08:24:08,499 [grpc-default-executor-0] INFO  impl.RoleInfo (RoleInfo.java:shutdownFollowerState(121)) - 7e1b84a9-a041-44fd-8008-f2679426984c: shutdown FollowerState
2019-11-05 08:24:08,500 [Thread-2384] INFO  impl.FollowerState (FollowerState.java:run(117)) - 77ab65e6-d942-49df-83a3-1d4c0bf152b3@group-0DB8C7688BF9-FollowerState was interrupted: java.lang.InterruptedException: sleep interrupted
2019-11-05 08:24:08,500 [grpc-default-executor-3] INFO  impl.RoleInfo (RoleInfo.java:updateAndGet(143)) - 77ab65e6-d942-49df-83a3-1d4c0bf152b3: start FollowerState
2019-11-05 08:24:08,500 [Thread-2385] INFO  impl.FollowerState (FollowerState.java:run(117)) - 7e1b84a9-a041-44fd-8008-f2679426984c@group-0DB8C7688BF9-FollowerState was interrupted: java.lang.InterruptedException: sleep interrupted
2019-11-05 08:24:08,500 [grpc-default-executor-0] INFO  impl.RoleInfo (RoleInfo.java:updateAndGet(143)) - 7e1b84a9-a041-44fd-8008-f2679426984c: start FollowerState
2019-11-05 08:24:08,513 [4a682f4f-c3f2-4b77-88b7-f0ab78890feb@group-0DB8C7688BF9-LeaderElection306] INFO  impl.LeaderElection (LeaderElection.java:logAndReturn(56)) - 4a682f4f-c3f2-4b77-88b7-f0ab78890feb@group-0DB8C7688BF9-LeaderElection306: Election REJECTED; received 2 response(s) [4a682f4f-c3f2-4b77-88b7-f0ab78890feb<-77ab65e6-d942-49df-83a3-1d4c0bf152b3#0:FAIL-t155, 4a682f4f-c3f2-4b77-88b7-f0ab78890feb<-7e1b84a9-a041-44fd-8008-f2679426984c#0:FAIL-t155] and 0 exception(s); 4a682f4f-c3f2-4b77-88b7-f0ab78890feb@group-0DB8C7688BF9:t155, leader=null, voted=4a682f4f-c3f2-4b77-88b7-f0ab78890feb, raftlog=4a682f4f-c3f2-4b77-88b7-f0ab78890feb@group-0DB8C7688BF9-SegmentedRaftLog:OPENED:c-1,f-1,i0, conf=-1: [77ab65e6-d942-49df-83a3-1d4c0bf152b3:192.168.164.217:39381, 7e1b84a9-a041-44fd-8008-f2679426984c:192.168.164.217:44149, 4a682f4f-c3f2-4b77-88b7-f0ab78890feb:192.168.164.217:34174], old=null
2019-11-05 08:24:08,513 [4a682f4f-c3f2-4b77-88b7-f0ab78890feb@group-0DB8C7688BF9-LeaderElection306] INFO  impl.RaftServerImpl (RaftServerImpl.java:setRole(184)) - 4a682f4f-c3f2-4b77-88b7-f0ab78890feb@group-0DB8C7688BF9: changes role from CANDIDATE to FOLLOWER at term 155 for DISCOVERED_A_NEW_TERM
2019-11-05 08:24:08,513 [4a682f4f-c3f2-4b77-88b7-f0ab78890feb@group-0DB8C7688BF9-LeaderElection306] INFO  impl.RoleInfo (RoleInfo.java:shutdownLeaderElection(134)) - 4a682f4f-c3f2-4b77-88b7-f0ab78890feb: shutdown LeaderElection
2019-11-05 08:24:08,514 [4a682f4f-c3f2-4b77-88b7-f0ab78890feb@group-0DB8C7688BF9-LeaderElection306] INFO  impl.RoleInfo (RoleInfo.java:updateAndGet(143)) - 4a682f4f-c3f2-4b77-88b7-f0ab78890feb: start FollowerState
2019-11-05 08:24:08,566 [Thread-2376] INFO  impl.FollowerState (FollowerState.java:run(108)) - a8ae9c07-6d89-4a49-a594-cacd4b776180@group-0E159EE4F99E-FollowerState: change to CANDIDATE, lastRpcTime:183ms, electionTimeout:183ms
2019-11-05 08:24:08,566 [Thread-2376] INFO  impl.RoleInfo (RoleInfo.java:shutdownFollowerState(121)) - a8ae9c07-6d89-4a49-a594-cacd4b776180: shutdown FollowerState
2019-11-05 08:24:08,566 [Thread-2376] INFO  impl.RaftServerImpl (RaftServerImpl.java:setRole(184)) - a8ae9c07-6d89-4a49-a594-cacd4b776180@group-0E159EE4F99E: changes role from  FOLLOWER to CANDIDATE at term 160 for changeToCandidate
2019-11-05 08:24:08,567 [Thread-2376] INFO  impl.RoleInfo (RoleInfo.java:updateAndGet(143)) - a8ae9c07-6d89-4a49-a594-cacd4b776180: start LeaderElection
2019-11-05 08:24:08,578 [a8ae9c07-6d89-4a49-a594-cacd4b776180@group-0E159EE4F99E-LeaderElection307] INFO  impl.LeaderElection (LeaderElection.java:askForVotes(178)) - a8ae9c07-6d89-4a49-a594-cacd4b776180@group-0E159EE4F99E-LeaderElection307: begin an election at term 161 for -1: [caafcba9-090a-41f5-a5f9-cba5a6a81e94:192.168.164.217:37197, a8ae9c07-6d89-4a49-a594-cacd4b776180:192.168.164.217:42719, b3bb9051-8089-4c51-a999-81579e5913f2:192.168.164.217:36516], old=null
2019-11-05 08:24:08,580 [grpc-default-executor-0] INFO  impl.RaftServerImpl (RaftServerImpl.java:setRole(184)) - caafcba9-090a-41f5-a5f9-cba5a6a81e94@group-0E159EE4F99E: changes role from  FOLLOWER to FOLLOWER at term 161 for recognizeCandidate:a8ae9c07-6d89-4a49-a594-cacd4b776180
2019-11-05 08:24:08,580 [grpc-default-executor-3] INFO  impl.RaftServerImpl (RaftServerImpl.java:setRole(184)) - b3bb9051-8089-4c51-a999-81579e5913f2@group-0E159EE4F99E: changes role from  FOLLOWER to FOLLOWER at term 161 for recognizeCandidate:a8ae9c07-6d89-4a49-a594-cacd4b776180
2019-11-05 08:24:08,580 [grpc-default-executor-0] INFO  impl.RoleInfo (RoleInfo.java:shutdownFollowerState(121)) - caafcba9-090a-41f5-a5f9-cba5a6a81e94: shutdown FollowerState
2019-11-05 08:24:08,580 [grpc-default-executor-3] INFO  impl.RoleInfo (RoleInfo.java:shutdownFollowerState(121)) - b3bb9051-8089-4c51-a999-81579e5913f2: shutdown FollowerState
2019-11-05 08:24:08,581 [Thread-2373] INFO  impl.FollowerState (FollowerState.java:run(117)) - caafcba9-090a-41f5-a5f9-cba5a6a81e94@group-0E159EE4F99E-FollowerState was interrupted: java.lang.InterruptedException: sleep interrupted
2019-11-05 08:24:08,581 [grpc-default-executor-0] INFO  impl.RoleInfo (RoleInfo.java:updateAndGet(143)) - caafcba9-090a-41f5-a5f9-cba5a6a81e94: start FollowerState
2019-11-05 08:24:08,581 [Thread-2374] INFO  impl.FollowerState (FollowerState.java:run(117)) - b3bb9051-8089-4c51-a999-81579e5913f2@group-0E159EE4F99E-FollowerState was interrupted: java.lang.InterruptedException: sleep interrupted
2019-11-05 08:24:08,581 [grpc-default-executor-3] INFO  impl.RoleInfo (RoleInfo.java:updateAndGet(143)) - b3bb9051-8089-4c51-a999-81579e5913f2: start FollowerState
2019-11-05 08:24:08,633 [a8ae9c07-6d89-4a49-a594-cacd4b776180@group-0E159EE4F99E-LeaderElection307] INFO  impl.LeaderElection (LeaderElection.java:logAndReturn(56)) - a8ae9c07-6d89-4a49-a594-cacd4b776180@group-0E159EE4F99E-LeaderElection307: Election REJECTED; received 2 response(s) [a8ae9c07-6d89-4a49-a594-cacd4b776180<-caafcba9-090a-41f5-a5f9-cba5a6a81e94#0:FAIL-t161, a8ae9c07-6d89-4a49-a594-cacd4b776180<-b3bb9051-8089-4c51-a999-81579e5913f2#0:FAIL-t161] and 0 exception(s); a8ae9c07-6d89-4a49-a594-cacd4b776180@group-0E159EE4F99E:t161, leader=null, voted=a8ae9c07-6d89-4a49-a594-cacd4b776180, raftlog=a8ae9c07-6d89-4a49-a594-cacd4b776180@group-0E159EE4F99E-SegmentedRaftLog:OPENED:c-1,f-1,i0, conf=-1: [caafcba9-090a-41f5-a5f9-cba5a6a81e94:192.168.164.217:37197, a8ae9c07-6d89-4a49-a594-cacd4b776180:192.168.164.217:42719, b3bb9051-8089-4c51-a999-81579e5913f2:192.168.164.217:36516], old=null
2019-11-05 08:24:08,635 [a8ae9c07-6d89-4a49-a594-cacd4b776180@group-0E159EE4F99E-LeaderElection307] INFO  impl.RaftServerImpl (RaftServerImpl.java:setRole(184)) - a8ae9c07-6d89-4a49-a594-cacd4b776180@group-0E159EE4F99E: changes role from CANDIDATE to FOLLOWER at term 161 for DISCOVERED_A_NEW_TERM
2019-11-05 08:24:08,635 [a8ae9c07-6d89-4a49-a594-cacd4b776180@group-0E159EE4F99E-LeaderElection307] INFO  impl.RoleInfo (RoleInfo.java:shutdownLeaderElection(134)) - a8ae9c07-6d89-4a49-a594-cacd4b776180: shutdown LeaderElection
2019-11-05 08:24:08,635 [a8ae9c07-6d89-4a49-a594-cacd4b776180@group-0E159EE4F99E-LeaderElection307] INFO  impl.RoleInfo (RoleInfo.java:updateAndGet(143)) - a8ae9c07-6d89-4a49-a594-cacd4b776180: start FollowerState
2019-11-05 08:24:08,650 [Thread-2392] INFO  impl.FollowerState (FollowerState.java:run(108)) - 4a682f4f-c3f2-4b77-88b7-f0ab78890feb@group-0DB8C7688BF9-FollowerState: change to CANDIDATE, lastRpcTime:136ms, electionTimeout:136ms
2019-11-05 08:24:08,650 [Thread-2392] INFO  impl.RoleInfo (RoleInfo.java:shutdownFollowerState(121)) - 4a682f4f-c3f2-4b77-88b7-f0ab78890feb: shutdown FollowerState
2019-11-05 08:24:08,650 [Thread-2392] INFO  impl.RaftServerImpl (RaftServerImpl.java:setRole(184)) - 4a682f4f-c3f2-4b77-88b7-f0ab78890feb@group-0DB8C7688BF9: changes role from  FOLLOWER to CANDIDATE at term 155 for changeToCandidate
2019-11-05 08:24:08,675 [Thread-2392] INFO  impl.RoleInfo (RoleInfo.java:updateAndGet(143)) - 4a682f4f-c3f2-4b77-88b7-f0ab78890feb: start LeaderElection
2019-11-05 08:24:08,695 [4a682f4f-c3f2-4b77-88b7-f0ab78890feb@group-0DB8C7688BF9-LeaderElection308] INFO  impl.LeaderElection (LeaderElection.java:askForVotes(178)) - 4a682f4f-c3f2-4b77-88b7-f0ab78890feb@group-0DB8C7688BF9-LeaderElection308: begin an election at term 156 for -1: [77ab65e6-d942-49df-83a3-1d4c0bf152b3:192.168.164.217:39381, 7e1b84a9-a041-44fd-8008-f2679426984c:192.168.164.217:44149, 4a682f4f-c3f2-4b77-88b7-f0ab78890feb:192.168.164.217:34174], old=null
2019-11-05 08:24:08,718 [grpc-default-executor-0] INFO  impl.RaftServerImpl (RaftServerImpl.java:setRole(184)) - 77ab65e6-d942-49df-83a3-1d4c0bf152b3@group-0DB8C7688BF9: changes role from  FOLLOWER to FOLLOWER at term 156 for recognizeCandidate:4a682f4f-c3f2-4b77-88b7-f0ab78890feb
2019-11-05 08:24:08,718 [grpc-default-executor-0] INFO  impl.RoleInfo (RoleInfo.java:shutdownFollowerState(121)) - 77ab65e6-d942-49df-83a3-1d4c0bf152b3: shutdown FollowerState
2019-11-05 08:24:08,718 [grpc-default-executor-0] INFO  impl.RoleInfo (RoleInfo.java:updateAndGet(143)) - 77ab65e6-d942-49df-83a3-1d4c0bf152b3: start FollowerState
2019-11-05 08:24:08,718 [Thread-2390] INFO  impl.FollowerState (FollowerState.java:run(117)) - 77ab65e6-d942-49df-83a3-1d4c0bf152b3@group-0DB8C7688BF9-FollowerState was interrupted: java.lang.InterruptedException: sleep interrupted
2019-11-05 08:24:08,719 [grpc-default-executor-3] INFO  impl.RaftServerImpl (RaftServerImpl.java:setRole(184)) - 7e1b84a9-a041-44fd-8008-f2679426984c@group-0DB8C7688BF9: changes role from  FOLLOWER to FOLLOWER at term 156 for recognizeCandidate:4a682f4f-c3f2-4b77-88b7-f0ab78890feb
2019-11-05 08:24:08,719 [grpc-default-executor-3] INFO  impl.RoleInfo (RoleInfo.java:shutdownFollowerState(121)) - 7e1b84a9-a041-44fd-8008-f2679426984c: shutdown FollowerState
2019-11-05 08:24:08,719 [grpc-default-executor-3] INFO  impl.RoleInfo (RoleInfo.java:updateAndGet(143)) - 7e1b84a9-a041-44fd-8008-f2679426984c: start FollowerState
2019-11-05 08:24:08,719 [Thread-2391] INFO  impl.FollowerState (FollowerState.java:run(117)) - 7e1b84a9-a041-44fd-8008-f2679426984c@group-0DB8C7688BF9-FollowerState was interrupted: java.lang.InterruptedException: sleep interrupted
2019-11-05 08:24:08,743 [4a682f4f-c3f2-4b77-88b7-f0ab78890feb@group-0DB8C7688BF9-LeaderElection308] INFO  impl.LeaderElection (LeaderElection.java:logAndReturn(56)) - 4a682f4f-c3f2-4b77-88b7-f0ab78890feb@group-0DB8C7688BF9-LeaderElection308: Election REJECTED; received 2 response(s) [4a682f4f-c3f2-4b77-88b7-f0ab78890feb<-77ab65e6-d942-49df-83a3-1d4c0bf152b3#0:FAIL-t156, 4a682f4f-c3f2-4b77-88b7-f0ab78890feb<-7e1b84a9-a041-44fd-8008-f2679426984c#0:FAIL-t156] and 0 exception(s); 4a682f4f-c3f2-4b77-88b7-f0ab78890feb@group-0DB8C7688BF9:t156, leader=null, voted=4a682f4f-c3f2-4b77-88b7-f0ab78890feb, raftlog=4a682f4f-c3f2-4b77-88b7-f0ab78890feb@group-0DB8C7688BF9-SegmentedRaftLog:OPENED:c-1,f-1,i0, conf=-1: [77ab65e6-d942-49df-83a3-1d4c0bf152b3:192.168.164.217:39381, 7e1b84a9-a041-44fd-8008-f2679426984c:192.168.164.217:44149, 4a682f4f-c3f2-4b77-88b7-f0ab78890feb:192.168.164.217:34174], old=null
2019-11-05 08:24:08,746 [4a682f4f-c3f2-4b77-88b7-f0ab78890feb@group-0DB8C7688BF9-LeaderElection308] INFO  impl.RaftServerImpl (RaftServerImpl.java:setRole(184)) - 4a682f4f-c3f2-4b77-88b7-f0ab78890feb@group-0DB8C7688BF9: changes role from CANDIDATE to FOLLOWER at term 156 for DISCOVERED_A_NEW_TERM
2019-11-05 08:24:08,747 [4a682f4f-c3f2-4b77-88b7-f0ab78890feb@group-0DB8C7688BF9-LeaderElection308] INFO  impl.RoleInfo (RoleInfo.java:shutdownLeaderElection(134)) - 4a682f4f-c3f2-4b77-88b7-f0ab78890feb: shutdown LeaderElection
2019-11-05 08:24:08,747 [4a682f4f-c3f2-4b77-88b7-f0ab78890feb@group-0DB8C7688BF9-LeaderElection308] INFO  impl.RoleInfo (RoleInfo.java:updateAndGet(143)) - 4a682f4f-c3f2-4b77-88b7-f0ab78890feb: start FollowerState
2019-11-05 08:24:08,752 [Thread-2398] INFO  impl.FollowerState (FollowerState.java:run(108)) - a8ae9c07-6d89-4a49-a594-cacd4b776180@group-0E159EE4F99E-FollowerState: change to CANDIDATE, lastRpcTime:116ms, electionTimeout:116ms
2019-11-05 08:24:08,752 [Thread-2398] INFO  impl.RoleInfo (RoleInfo.java:shutdownFollowerState(121)) - a8ae9c07-6d89-4a49-a594-cacd4b776180: shutdown FollowerState
2019-11-05 08:24:08,752 [Thread-2398] INFO  impl.RaftServerImpl (RaftServerImpl.java:setRole(184)) - a8ae9c07-6d89-4a49-a594-cacd4b776180@group-0E159EE4F99E: changes role from  FOLLOWER to CANDIDATE at term 161 for changeToCandidate
2019-11-05 08:24:08,753 [Thread-2398] INFO  impl.RoleInfo (RoleInfo.java:updateAndGet(143)) - a8ae9c07-6d89-4a49-a594-cacd4b776180: start LeaderElection
2019-11-05 08:24:08,777 [a8ae9c07-6d89-4a49-a594-cacd4b776180@group-0E159EE4F99E-LeaderElection309] INFO  impl.LeaderElection (LeaderElection.java:askForVotes(178)) - a8ae9c07-6d89-4a49-a594-cacd4b776180@group-0E159EE4F99E-LeaderElection309: begin an election at term 162 for -1: [caafcba9-090a-41f5-a5f9-cba5a6a81e94:192.168.164.217:37197, a8ae9c07-6d89-4a49-a594-cacd4b776180:192.168.164.217:42719, b3bb9051-8089-4c51-a999-81579e5913f2:192.168.164.217:36516], old=null
2019-11-05 08:24:08,797 [grpc-default-executor-3] INFO  impl.RaftServerImpl (RaftServerImpl.java:setRole(184)) - caafcba9-090a-41f5-a5f9-cba5a6a81e94@group-0E159EE4F99E: changes role from  FOLLOWER to FOLLOWER at term 162 for recognizeCandidate:a8ae9c07-6d89-4a49-a594-cacd4b776180
2019-11-05 08:24:08,798 [grpc-default-executor-3] INFO  impl.RoleInfo (RoleInfo.java:shutdownFollowerState(121)) - caafcba9-090a-41f5-a5f9-cba5a6a81e94: shutdown FollowerState
2019-11-05 08:24:08,798 [grpc-default-executor-3] INFO  impl.RoleInfo (RoleInfo.java:updateAndGet(143)) - caafcba9-090a-41f5-a5f9-cba5a6a81e94: start FollowerState
2019-11-05 08:24:08,798 [Thread-2396] INFO  impl.FollowerState (FollowerState.java:run(117)) - caafcba9-090a-41f5-a5f9-cba5a6a81e94@group-0E159EE4F99E-FollowerState was interrupted: java.lang.InterruptedException: sleep interrupted
2019-11-05 08:24:08,799 [grpc-default-executor-4] INFO  impl.RaftServerImpl (RaftServerImpl.java:setRole(184)) - b3bb9051-8089-4c51-a999-81579e5913f2@group-0E159EE4F99E: changes role from  FOLLOWER to FOLLOWER at term 162 for recognizeCandidate:a8ae9c07-6d89-4a49-a594-cacd4b776180
2019-11-05 08:24:08,800 [grpc-default-executor-4] INFO  impl.RoleInfo (RoleInfo.java:shutdownFollowerState(121)) - b3bb9051-8089-4c51-a999-81579e5913f2: shutdown FollowerState
2019-11-05 08:24:08,812 [a8ae9c07-6d89-4a49-a594-cacd4b776180@group-0E159EE4F99E-LeaderElection309] INFO  impl.LeaderElection (LeaderElection.java:logAndReturn(56)) - a8ae9c07-6d89-4a49-a594-cacd4b776180@group-0E159EE4F99E-LeaderElection309: Election TIMEOUT; received 0 response(s) [] and 0 exception(s); a8ae9c07-6d89-4a49-a594-cacd4b776180@group-0E159EE4F99E:t162, leader=null, voted=a8ae9c07-6d89-4a49-a594-cacd4b776180, raftlog=a8ae9c07-6d89-4a49-a594-cacd4b776180@group-0E159EE4F99E-SegmentedRaftLog:OPENED:c-1,f-1,i0, conf=-1: [caafcba9-090a-41f5-a5f9-cba5a6a81e94:192.168.164.217:37197, a8ae9c07-6d89-4a49-a594-cacd4b776180:192.168.164.217:42719, b3bb9051-8089-4c51-a999-81579e5913f2:192.168.164.217:36516], old=null
2019-11-05 08:24:08,823 [Thread-2397] INFO  impl.FollowerState (FollowerState.java:run(117)) - b3bb9051-8089-4c51-a999-81579e5913f2@group-0E159EE4F99E-FollowerState was interrupted: java.lang.InterruptedException: sleep interrupted
2019-11-05 08:24:08,823 [grpc-default-executor-4] INFO  impl.RoleInfo (RoleInfo.java:updateAndGet(143)) - b3bb9051-8089-4c51-a999-81579e5913f2: start FollowerState
2019-11-05 08:24:08,834 [a8ae9c07-6d89-4a49-a594-cacd4b776180@group-0E159EE4F99E-LeaderElection309] INFO  impl.LeaderElection (LeaderElection.java:askForVotes(178)) - a8ae9c07-6d89-4a49-a594-cacd4b776180@group-0E159EE4F99E-LeaderElection309: begin an election at term 163 for -1: [caafcba9-090a-41f5-a5f9-cba5a6a81e94:192.168.164.217:37197, a8ae9c07-6d89-4a49-a594-cacd4b776180:192.168.164.217:42719, b3bb9051-8089-4c51-a999-81579e5913f2:192.168.164.217:36516], old=null
2019-11-05 08:24:08,862 [grpc-default-executor-3] INFO  impl.RaftServerImpl (RaftServerImpl.java:setRole(184)) - caafcba9-090a-41f5-a5f9-cba5a6a81e94@group-0E159EE4F99E: changes role from  FOLLOWER to FOLLOWER at term 163 for recognizeCandidate:a8ae9c07-6d89-4a49-a594-cacd4b776180
2019-11-05 08:24:08,862 [grpc-default-executor-3] INFO  impl.RoleInfo (RoleInfo.java:shutdownFollowerState(121)) - caafcba9-090a-41f5-a5f9-cba5a6a81e94: shutdown FollowerState
2019-11-05 08:24:08,862 [grpc-default-executor-3] INFO  impl.RoleInfo (RoleInfo.java:updateAndGet(143)) - caafcba9-090a-41f5-a5f9-cba5a6a81e94: start FollowerState
2019-11-05 08:24:08,862 [Thread-2417] INFO  impl.FollowerState (FollowerState.java:run(117)) - caafcba9-090a-41f5-a5f9-cba5a6a81e94@group-0E159EE4F99E-FollowerState was interrupted: java.lang.InterruptedException: sleep interrupted
2019-11-05 08:24:08,863 [grpc-default-executor-4] INFO  impl.RaftServerImpl (RaftServerImpl.java:setRole(184)) - b3bb9051-8089-4c51-a999-81579e5913f2@group-0E159EE4F99E: changes role from  FOLLOWER to FOLLOWER at term 163 for recognizeCandidate:a8ae9c07-6d89-4a49-a594-cacd4b776180
2019-11-05 08:24:08,863 [grpc-default-executor-4] INFO  impl.RoleInfo (RoleInfo.java:shutdownFollowerState(121)) - b3bb9051-8089-4c51-a999-81579e5913f2: shutdown FollowerState
2019-11-05 08:24:08,869 [a8ae9c07-6d89-4a49-a594-cacd4b776180@group-0E159EE4F99E-LeaderElection309] INFO  impl.LeaderElection (LeaderElection.java:logAndReturn(56)) - a8ae9c07-6d89-4a49-a594-cacd4b776180@group-0E159EE4F99E-LeaderElection309: Election TIMEOUT; received 0 response(s) [] and 0 exception(s); a8ae9c07-6d89-4a49-a594-cacd4b776180@group-0E159EE4F99E:t163, leader=null, voted=a8ae9c07-6d89-4a49-a594-cacd4b776180, raftlog=a8ae9c07-6d89-4a49-a594-cacd4b776180@group-0E159EE4F99E-SegmentedRaftLog:OPENED:c-1,f-1,i0, conf=-1: [caafcba9-090a-41f5-a5f9-cba5a6a81e94:192.168.164.217:37197, a8ae9c07-6d89-4a49-a594-cacd4b776180:192.168.164.217:42719, b3bb9051-8089-4c51-a999-81579e5913f2:192.168.164.217:36516], old=null
2019-11-05 08:24:08,889 [grpc-default-executor-4] INFO  impl.RoleInfo (RoleInfo.java:updateAndGet(143)) - b3bb9051-8089-4c51-a999-81579e5913f2: start FollowerState
2019-11-05 08:24:08,889 [Thread-2418] INFO  impl.FollowerState (FollowerState.java:run(117)) - b3bb9051-8089-4c51-a999-81579e5913f2@group-0E159EE4F99E-FollowerState was interrupted: java.lang.InterruptedException: sleep interrupted
2019-11-05 08:24:08,893 [a8ae9c07-6d89-4a49-a594-cacd4b776180@group-0E159EE4F99E-LeaderElection309] INFO  impl.LeaderElection (LeaderElection.java:askForVotes(178)) - a8ae9c07-6d89-4a49-a594-cacd4b776180@group-0E159EE4F99E-LeaderElection309: begin an election at term 164 for -1: [caafcba9-090a-41f5-a5f9-cba5a6a81e94:192.168.164.217:37197, a8ae9c07-6d89-4a49-a594-cacd4b776180:192.168.164.217:42719, b3bb9051-8089-4c51-a999-81579e5913f2:192.168.164.217:36516], old=null
2019-11-05 08:24:08,896 [grpc-default-executor-4] INFO  impl.RaftServerImpl (RaftServerImpl.java:setRole(184)) - caafcba9-090a-41f5-a5f9-cba5a6a81e94@group-0E159EE4F99E: changes role from  FOLLOWER to FOLLOWER at term 164 for recognizeCandidate:a8ae9c07-6d89-4a49-a594-cacd4b776180
2019-11-05 08:24:08,896 [grpc-default-executor-4] INFO  impl.RoleInfo (RoleInfo.java:shutdownFollowerState(121)) - caafcba9-090a-41f5-a5f9-cba5a6a81e94: shutdown FollowerState
2019-11-05 08:24:08,917 [grpc-default-executor-4] INFO  impl.RoleInfo (RoleInfo.java:updateAndGet(143)) - caafcba9-090a-41f5-a5f9-cba5a6a81e94: start FollowerState
2019-11-05 08:24:08,917 [Thread-2423] INFO  impl.FollowerState (FollowerState.java:run(117)) - caafcba9-090a-41f5-a5f9-cba5a6a81e94@group-0E159EE4F99E-FollowerState was interrupted: java.lang.InterruptedException: sleep interrupted
2019-11-05 08:24:08,926 [grpc-default-executor-0] INFO  impl.RaftServerImpl (RaftServerImpl.java:setRole(184)) - b3bb9051-8089-4c51-a999-81579e5913f2@group-0E159EE4F99E: changes role from  FOLLOWER to FOLLOWER at term 164 for recognizeCandidate:a8ae9c07-6d89-4a49-a594-cacd4b776180
2019-11-05 08:24:08,926 [grpc-default-executor-0] INFO  impl.RoleInfo (RoleInfo.java:shutdownFollowerState(121)) - b3bb9051-8089-4c51-a999-81579e5913f2: shutdown FollowerState
2019-11-05 08:24:08,926 [grpc-default-executor-0] INFO  impl.RoleInfo (RoleInfo.java:updateAndGet(143)) - b3bb9051-8089-4c51-a999-81579e5913f2: start FollowerState
2019-11-05 08:24:08,926 [Thread-2424] INFO  impl.FollowerState (FollowerState.java:run(117)) - b3bb9051-8089-4c51-a999-81579e5913f2@group-0E159EE4F99E-FollowerState was interrupted: java.lang.InterruptedException: sleep interrupted
2019-11-05 08:24:08,933 [Thread-2410] INFO  impl.FollowerState (FollowerState.java:run(108)) - 4a682f4f-c3f2-4b77-88b7-f0ab78890feb@group-0DB8C7688BF9-FollowerState: change to CANDIDATE, lastRpcTime:186ms, electionTimeout:186ms
2019-11-05 08:24:08,933 [Thread-2410] INFO  impl.RoleInfo (RoleInfo.java:shutdownFollowerState(121)) - 4a682f4f-c3f2-4b77-88b7-f0ab78890feb: shutdown FollowerState
2019-11-05 08:24:08,934 [Thread-2410] INFO  impl.RaftServerImpl (RaftServerImpl.java:setRole(184)) - 4a682f4f-c3f2-4b77-88b7-f0ab78890feb@group-0DB8C7688BF9: changes role from  FOLLOWER to CANDIDATE at term 156 for changeToCandidate
2019-11-05 08:24:08,961 [Thread-2410] INFO  impl.RoleInfo (RoleInfo.java:updateAndGet(143)) - 4a682f4f-c3f2-4b77-88b7-f0ab78890feb: start LeaderElection
2019-11-05 08:24:08,961 [a8ae9c07-6d89-4a49-a594-cacd4b776180@group-0E159EE4F99E-LeaderElection309] INFO  impl.LeaderElection (LeaderElection.java:logAndReturn(56)) - a8ae9c07-6d89-4a49-a594-cacd4b776180@group-0E159EE4F99E-LeaderElection309: Election REJECTED; received 2 response(s) [a8ae9c07-6d89-4a49-a594-cacd4b776180<-caafcba9-090a-41f5-a5f9-cba5a6a81e94#0:FAIL-t164, a8ae9c07-6d89-4a49-a594-cacd4b776180<-b3bb9051-8089-4c51-a999-81579e5913f2#0:FAIL-t164] and 0 exception(s); a8ae9c07-6d89-4a49-a594-cacd4b776180@group-0E159EE4F99E:t164, leader=null, voted=a8ae9c07-6d89-4a49-a594-cacd4b776180, raftlog=a8ae9c07-6d89-4a49-a594-cacd4b776180@group-0E159EE4F99E-SegmentedRaftLog:OPENED:c-1,f-1,i0, conf=-1: [caafcba9-090a-41f5-a5f9-cba5a6a81e94:192.168.164.217:37197, a8ae9c07-6d89-4a49-a594-cacd4b776180:192.168.164.217:42719, b3bb9051-8089-4c51-a999-81579e5913f2:192.168.164.217:36516], old=null
2019-11-05 08:24:08,967 [a8ae9c07-6d89-4a49-a594-cacd4b776180@group-0E159EE4F99E-LeaderElection309] INFO  impl.RaftServerImpl (RaftServerImpl.java:setRole(184)) - a8ae9c07-6d89-4a49-a594-cacd4b776180@group-0E159EE4F99E: changes role from CANDIDATE to FOLLOWER at term 164 for DISCOVERED_A_NEW_TERM
2019-11-05 08:24:08,967 [a8ae9c07-6d89-4a49-a594-cacd4b776180@group-0E159EE4F99E-LeaderElection309] INFO  impl.RoleInfo (RoleInfo.java:shutdownLeaderElection(134)) - a8ae9c07-6d89-4a49-a594-cacd4b776180: shutdown LeaderElection
2019-11-05 08:24:08,967 [a8ae9c07-6d89-4a49-a594-cacd4b776180@group-0E159EE4F99E-LeaderElection309] INFO  impl.RoleInfo (RoleInfo.java:updateAndGet(143)) - a8ae9c07-6d89-4a49-a594-cacd4b776180: start FollowerState
2019-11-05 08:24:08,974 [4a682f4f-c3f2-4b77-88b7-f0ab78890feb@group-0DB8C7688BF9-LeaderElection310] INFO  impl.LeaderElection (LeaderElection.java:askForVotes(178)) - 4a682f4f-c3f2-4b77-88b7-f0ab78890feb@group-0DB8C7688BF9-LeaderElection310: begin an election at term 157 for -1: [77ab65e6-d942-49df-83a3-1d4c0bf152b3:192.168.164.217:39381, 7e1b84a9-a041-44fd-8008-f2679426984c:192.168.164.217:44149, 4a682f4f-c3f2-4b77-88b7-f0ab78890feb:192.168.164.217:34174], old=null
2019-11-05 08:24:09,001 [Thread-2439] INFO  impl.FollowerState (FollowerState.java:run(108)) - a8ae9c07-6d89-4a49-a594-cacd4b776180@group-0E159EE4F99E-FollowerState: change to CANDIDATE, lastRpcTime:33ms, electionTimeout:33ms
2019-11-05 08:24:09,001 [Thread-2439] INFO  impl.RoleInfo (RoleInfo.java:shutdownFollowerState(121)) - a8ae9c07-6d89-4a49-a594-cacd4b776180: shutdown FollowerState
2019-11-05 08:24:09,001 [Thread-2439] INFO  impl.RaftServerImpl (RaftServerImpl.java:setRole(184)) - a8ae9c07-6d89-4a49-a594-cacd4b776180@group-0E159EE4F99E: changes role from  FOLLOWER to CANDIDATE at term 164 for changeToCandidate
2019-11-05 08:24:09,002 [Thread-2439] INFO  impl.RoleInfo (RoleInfo.java:updateAndGet(143)) - a8ae9c07-6d89-4a49-a594-cacd4b776180: start LeaderElection
2019-11-05 08:24:09,009 [grpc-default-executor-4] INFO  impl.RaftServerImpl (RaftServerImpl.java:setRole(184)) - 77ab65e6-d942-49df-83a3-1d4c0bf152b3@group-0DB8C7688BF9: changes role from  FOLLOWER to FOLLOWER at term 157 for recognizeCandidate:4a682f4f-c3f2-4b77-88b7-f0ab78890feb
2019-11-05 08:24:09,009 [grpc-default-executor-0] INFO  impl.RaftServerImpl (RaftServerImpl.java:setRole(184)) - 7e1b84a9-a041-44fd-8008-f2679426984c@group-0DB8C7688BF9: changes role from  FOLLOWER to FOLLOWER at term 157 for recognizeCandidate:4a682f4f-c3f2-4b77-88b7-f0ab78890feb
2019-11-05 08:24:09,009 [grpc-default-executor-4] INFO  impl.RoleInfo (RoleInfo.java:shutdownFollowerState(121)) - 77ab65e6-d942-49df-83a3-1d4c0bf152b3: shutdown FollowerState
2019-11-05 08:24:09,009 [grpc-default-executor-0] INFO  impl.RoleInfo (RoleInfo.java:shutdownFollowerState(121)) - 7e1b84a9-a041-44fd-8008-f2679426984c: shutdown FollowerState
2019-11-05 08:24:09,009 [Thread-2405] INFO  impl.FollowerState (FollowerState.java:run(117)) - 77ab65e6-d942-49df-83a3-1d4c0bf152b3@group-0DB8C7688BF9-FollowerState was interrupted: java.lang.InterruptedException: sleep interrupted
2019-11-05 08:24:09,009 [grpc-default-executor-4] INFO  impl.RoleInfo (RoleInfo.java:updateAndGet(143)) - 77ab65e6-d942-49df-83a3-1d4c0bf152b3: start FollowerState
2019-11-05 08:24:09,009 [Thread-2406] INFO  impl.FollowerState (FollowerState.java:run(117)) - 7e1b84a9-a041-44fd-8008-f2679426984c@group-0DB8C7688BF9-FollowerState was interrupted: java.lang.InterruptedException: sleep interrupted
2019-11-05 08:24:09,009 [grpc-default-executor-0] INFO  impl.RoleInfo (RoleInfo.java:updateAndGet(143)) - 7e1b84a9-a041-44fd-8008-f2679426984c: start FollowerState
2019-11-05 08:24:09,021 [a8ae9c07-6d89-4a49-a594-cacd4b776180@group-0E159EE4F99E-LeaderElection311] INFO  impl.LeaderElection (LeaderElection.java:askForVotes(178)) - a8ae9c07-6d89-4a49-a594-cacd4b776180@group-0E159EE4F99E-LeaderElection311: begin an election at term 165 for -1: [caafcba9-090a-41f5-a5f9-cba5a6a81e94:192.168.164.217:37197, a8ae9c07-6d89-4a49-a594-cacd4b776180:192.168.164.217:42719, b3bb9051-8089-4c51-a999-81579e5913f2:192.168.164.217:36516], old=null
2019-11-05 08:24:09,022 [4a682f4f-c3f2-4b77-88b7-f0ab78890feb@group-0DB8C7688BF9-LeaderElection310] INFO  impl.LeaderElection (LeaderElection.java:logAndReturn(56)) - 4a682f4f-c3f2-4b77-88b7-f0ab78890feb@group-0DB8C7688BF9-LeaderElection310: Election REJECTED; received 2 response(s) [4a682f4f-c3f2-4b77-88b7-f0ab78890feb<-77ab65e6-d942-49df-83a3-1d4c0bf152b3#0:FAIL-t157, 4a682f4f-c3f2-4b77-88b7-f0ab78890feb<-7e1b84a9-a041-44fd-8008-f2679426984c#0:FAIL-t157] and 0 exception(s); 4a682f4f-c3f2-4b77-88b7-f0ab78890feb@group-0DB8C7688BF9:t157, leader=null, voted=4a682f4f-c3f2-4b77-88b7-f0ab78890feb, raftlog=4a682f4f-c3f2-4b77-88b7-f0ab78890feb@group-0DB8C7688BF9-SegmentedRaftLog:OPENED:c-1,f-1,i0, conf=-1: [77ab65e6-d942-49df-83a3-1d4c0bf152b3:192.168.164.217:39381, 7e1b84a9-a041-44fd-8008-f2679426984c:192.168.164.217:44149, 4a682f4f-c3f2-4b77-88b7-f0ab78890feb:192.168.164.217:34174], old=null
2019-11-05 08:24:09,022 [4a682f4f-c3f2-4b77-88b7-f0ab78890feb@group-0DB8C7688BF9-LeaderElection310] INFO  impl.RaftServerImpl (RaftServerImpl.java:setRole(184)) - 4a682f4f-c3f2-4b77-88b7-f0ab78890feb@group-0DB8C7688BF9: changes role from CANDIDATE to FOLLOWER at term 157 for DISCOVERED_A_NEW_TERM
2019-11-05 08:24:09,022 [4a682f4f-c3f2-4b77-88b7-f0ab78890feb@group-0DB8C7688BF9-LeaderElection310] INFO  impl.RoleInfo (RoleInfo.java:shutdownLeaderElection(134)) - 4a682f4f-c3f2-4b77-88b7-f0ab78890feb: shutdown LeaderElection
2019-11-05 08:24:09,022 [4a682f4f-c3f2-4b77-88b7-f0ab78890feb@group-0DB8C7688BF9-LeaderElection310] INFO  impl.RoleInfo (RoleInfo.java:updateAndGet(143)) - 4a682f4f-c3f2-4b77-88b7-f0ab78890feb: start FollowerState
2019-11-05 08:24:09,023 [grpc-default-executor-4] INFO  impl.RaftServerImpl (RaftServerImpl.java:setRole(184)) - caafcba9-090a-41f5-a5f9-cba5a6a81e94@group-0E159EE4F99E: changes role from  FOLLOWER to FOLLOWER at term 165 for recognizeCandidate:a8ae9c07-6d89-4a49-a594-cacd4b776180
2019-11-05 08:24:09,023 [grpc-default-executor-4] INFO  impl.RoleInfo (RoleInfo.java:shutdownFollowerState(121)) - caafcba9-090a-41f5-a5f9-cba5a6a81e94: shutdown FollowerState
2019-11-05 08:24:09,023 [grpc-default-executor-4] INFO  impl.RoleInfo (RoleInfo.java:updateAndGet(143)) - caafcba9-090a-41f5-a5f9-cba5a6a81e94: start FollowerState
2019-11-05 08:24:09,023 [Thread-2430] INFO  impl.FollowerState (FollowerState.java:run(117)) - caafcba9-090a-41f5-a5f9-cba5a6a81e94@group-0E159EE4F99E-FollowerState was interrupted: java.lang.InterruptedException: sleep interrupted
2019-11-05 08:24:09,027 [grpc-default-executor-0] INFO  impl.RaftServerImpl (RaftServerImpl.java:setRole(184)) - b3bb9051-8089-4c51-a999-81579e5913f2@group-0E159EE4F99E: changes role from  FOLLOWER to FOLLOWER at term 165 for recognizeCandidate:a8ae9c07-6d89-4a49-a594-cacd4b776180
2019-11-05 08:24:09,027 [grpc-default-executor-0] INFO  impl.RoleInfo (RoleInfo.java:shutdownFollowerState(121)) - b3bb9051-8089-4c51-a999-81579e5913f2: shutdown FollowerState
2019-11-05 08:24:09,027 [grpc-default-executor-0] INFO  impl.RoleInfo (RoleInfo.java:updateAndGet(143)) - b3bb9051-8089-4c51-a999-81579e5913f2: start FollowerState
2019-11-05 08:24:09,027 [Thread-2434] INFO  impl.FollowerState (FollowerState.java:run(117)) - b3bb9051-8089-4c51-a999-81579e5913f2@group-0E159EE4F99E-FollowerState was interrupted: java.lang.InterruptedException: sleep interrupted
2019-11-05 08:24:09,035 [a8ae9c07-6d89-4a49-a594-cacd4b776180@group-0E159EE4F99E-LeaderElection311] INFO  impl.LeaderElection (LeaderElection.java:logAndReturn(56)) - a8ae9c07-6d89-4a49-a594-cacd4b776180@group-0E159EE4F99E-LeaderElection311: Election REJECTED; received 2 response(s) [a8ae9c07-6d89-4a49-a594-cacd4b776180<-caafcba9-090a-41f5-a5f9-cba5a6a81e94#0:FAIL-t165, a8ae9c07-6d89-4a49-a594-cacd4b776180<-b3bb9051-8089-4c51-a999-81579e5913f2#0:FAIL-t165] and 0 exception(s); a8ae9c07-6d89-4a49-a594-cacd4b776180@group-0E159EE4F99E:t165, leader=null, voted=a8ae9c07-6d89-4a49-a594-cacd4b776180, raftlog=a8ae9c07-6d89-4a49-a594-cacd4b776180@group-0E159EE4F99E-SegmentedRaftLog:OPENED:c-1,f-1,i0, conf=-1: [caafcba9-090a-41f5-a5f9-cba5a6a81e94:192.168.164.217:37197, a8ae9c07-6d89-4a49-a594-cacd4b776180:192.168.164.217:42719, b3bb9051-8089-4c51-a999-81579e5913f2:192.168.164.217:36516], old=null
2019-11-05 08:24:09,035 [a8ae9c07-6d89-4a49-a594-cacd4b776180@group-0E159EE4F99E-LeaderElection311] INFO  impl.RaftServerImpl (RaftServerImpl.java:setRole(184)) - a8ae9c07-6d89-4a49-a594-cacd4b776180@group-0E159EE4F99E: changes role from CANDIDATE to FOLLOWER at term 165 for DISCOVERED_A_NEW_TERM
2019-11-05 08:24:09,036 [a8ae9c07-6d89-4a49-a594-cacd4b776180@group-0E159EE4F99E-LeaderElection311] INFO  impl.RoleInfo (RoleInfo.java:shutdownLeaderElection(134)) - a8ae9c07-6d89-4a49-a594-cacd4b776180: shutdown LeaderElection
2019-11-05 08:24:09,036 [a8ae9c07-6d89-4a49-a594-cacd4b776180@group-0E159EE4F99E-LeaderElection311] INFO  impl.RoleInfo (RoleInfo.java:updateAndGet(143)) - a8ae9c07-6d89-4a49-a594-cacd4b776180: start FollowerState
2019-11-05 08:24:09,099 [main] INFO  io.BlockOutputStreamEntryPool (BlockOutputStreamEntryPool.java:allocateNewBlock(257)) - Allocating block with ExcludeList {datanodes = [], containerIds = [], pipelineIds = [PipelineID=2f5caf52-f09c-400b-8f0f-0db8c7688bf9, PipelineID=653fd967-f43e-4de4-9174-0e159ee4f99e]}
2019-11-05 08:24:09,102 [IPC Server handler 0 on 46608] INFO  server.SCMBlockProtocolServer (SCMBlockProtocolServer.java:allocateBlock(179)) - Allocating 1 blocks of size 4194304, with ExcludeList {datanodes = [], containerIds = [], pipelineIds = [PipelineID=2f5caf52-f09c-400b-8f0f-0db8c7688bf9, PipelineID=653fd967-f43e-4de4-9174-0e159ee4f99e]}
2019-11-05 08:24:09,125 [main] INFO  ozone.MiniOzoneClusterImpl (MiniOzoneClusterImpl.java:shutdown(314)) - Shutting down the Mini Ozone Cluster
2019-11-05 08:24:09,125 [main] INFO  ozone.MiniOzoneClusterImpl (MiniOzoneClusterImpl.java:stop(330)) - Stopping the Mini Ozone Cluster
2019-11-05 08:24:09,126 [main] INFO  ozone.MiniOzoneClusterImpl (MiniOzoneClusterImpl.java:stopOM(400)) - Stopping the OzoneManager
2019-11-05 08:24:09,126 [main] INFO  ipc.Server (Server.java:stop(3082)) - Stopping server on 39126
2019-11-05 08:24:09,128 [IPC Server listener on 39126] INFO  ipc.Server (Server.java:run(1185)) - Stopping IPC Server listener on 39126
2019-11-05 08:24:09,128 [main] INFO  ratis.OzoneManagerDoubleBuffer (OzoneManagerDoubleBuffer.java:stop(250)) - Stopping OMDoubleBuffer flush thread
2019-11-05 08:24:09,128 [IPC Server Responder] INFO  ipc.Server (Server.java:run(1319)) - Stopping IPC Server Responder
2019-11-05 08:24:09,128 [OMDoubleBufferFlushThread] INFO  ratis.OzoneManagerDoubleBuffer (OzoneManagerDoubleBuffer.java:flushTransactions(193)) - OMDoubleBuffer flush thread OMDoubleBufferFlushThread is interrupted and will exit. OMDoubleBufferFlushThread
2019-11-05 08:24:09,129 [main] INFO  utils.BackgroundService (BackgroundService.java:shutdown(151)) - Shutting down service KeyDeletingService
2019-11-05 08:24:09,133 [main] INFO  handler.ContextHandler (ContextHandler.java:doStop(910)) - Stopped o.e.j.w.WebAppContext@71391b3f{/,null,UNAVAILABLE}{/ozoneManager}
2019-11-05 08:24:09,139 [main] INFO  server.AbstractConnector (AbstractConnector.java:doStop(318)) - Stopped ServerConnector@2cfbeac4{HTTP/1.1,[http/1.1]}{0.0.0.0:0}
2019-11-05 08:24:09,139 [main] INFO  handler.ContextHandler (ContextHandler.java:doStop(910)) - Stopped o.e.j.s.ServletContextHandler@6b63d445{/static,file:///workdir/hadoop-ozone/integration-test/target/test-classes/webapps/static,UNAVAILABLE}
2019-11-05 08:24:09,139 [main] INFO  handler.ContextHandler (ContextHandler.java:doStop(910)) - Stopped o.e.j.s.ServletContextHandler@43826ec{/logs,file:///workdir/hadoop-ozone/integration-test/target/log,UNAVAILABLE}
2019-11-05 08:24:09,146 [main] INFO  ozone.MiniOzoneClusterImpl (MiniOzoneClusterImpl.java:stopDatanodes(377)) - Stopping the HddsDatanodes
2019-11-05 08:24:09,175 [Thread-2454] INFO  impl.FollowerState (FollowerState.java:run(108)) - a8ae9c07-6d89-4a49-a594-cacd4b776180@group-0E159EE4F99E-FollowerState: change to CANDIDATE, lastRpcTime:139ms, electionTimeout:139ms
2019-11-05 08:24:09,175 [Thread-2454] INFO  impl.RoleInfo (RoleInfo.java:shutdownFollowerState(121)) - a8ae9c07-6d89-4a49-a594-cacd4b776180: shutdown FollowerState
2019-11-05 08:24:09,175 [Thread-2454] INFO  impl.RaftServerImpl (RaftServerImpl.java:setRole(184)) - a8ae9c07-6d89-4a49-a594-cacd4b776180@group-0E159EE4F99E: changes role from  FOLLOWER to CANDIDATE at term 165 for changeToCandidate
2019-11-05 08:24:09,175 [Thread-2454] INFO  impl.RoleInfo (RoleInfo.java:updateAndGet(143)) - a8ae9c07-6d89-4a49-a594-cacd4b776180: start LeaderElection
2019-11-05 08:24:09,183 [a8ae9c07-6d89-4a49-a594-cacd4b776180@group-0E159EE4F99E-LeaderElection312] INFO  impl.LeaderElection (LeaderElection.java:askForVotes(178)) - a8ae9c07-6d89-4a49-a594-cacd4b776180@group-0E159EE4F99E-LeaderElection312: begin an election at term 166 for -1: [caafcba9-090a-41f5-a5f9-cba5a6a81e94:192.168.164.217:37197, a8ae9c07-6d89-4a49-a594-cacd4b776180:192.168.164.217:42719, b3bb9051-8089-4c51-a999-81579e5913f2:192.168.164.217:36516], old=null
2019-11-05 08:24:09,184 [grpc-default-executor-4] INFO  impl.RaftServerImpl (RaftServerImpl.java:setRole(184)) - caafcba9-090a-41f5-a5f9-cba5a6a81e94@group-0E159EE4F99E: changes role from  FOLLOWER to FOLLOWER at term 166 for recognizeCandidate:a8ae9c07-6d89-4a49-a594-cacd4b776180
2019-11-05 08:24:09,184 [grpc-default-executor-3] INFO  impl.RaftServerImpl (RaftServerImpl.java:setRole(184)) - b3bb9051-8089-4c51-a999-81579e5913f2@group-0E159EE4F99E: changes role from  FOLLOWER to FOLLOWER at term 166 for recognizeCandidate:a8ae9c07-6d89-4a49-a594-cacd4b776180
2019-11-05 08:24:09,185 [grpc-default-executor-4] INFO  impl.RoleInfo (RoleInfo.java:shutdownFollowerState(121)) - caafcba9-090a-41f5-a5f9-cba5a6a81e94: shutdown FollowerState
2019-11-05 08:24:09,185 [grpc-default-executor-3] INFO  impl.RoleInfo (RoleInfo.java:shutdownFollowerState(121)) - b3bb9051-8089-4c51-a999-81579e5913f2: shutdown FollowerState
2019-11-05 08:24:09,185 [Thread-2451] INFO  impl.FollowerState (FollowerState.java:run(117)) - caafcba9-090a-41f5-a5f9-cba5a6a81e94@group-0E159EE4F99E-FollowerState was interrupted: java.lang.InterruptedException: sleep interrupted
2019-11-05 08:24:09,185 [grpc-default-executor-4] INFO  impl.RoleInfo (RoleInfo.java:updateAndGet(143)) - caafcba9-090a-41f5-a5f9-cba5a6a81e94: start FollowerState
2019-11-05 08:24:09,185 [Thread-2453] INFO  impl.FollowerState (FollowerState.java:run(117)) - b3bb9051-8089-4c51-a999-81579e5913f2@group-0E159EE4F99E-FollowerState was interrupted: java.lang.InterruptedException: sleep interrupted
2019-11-05 08:24:09,185 [grpc-default-executor-3] INFO  impl.RoleInfo (RoleInfo.java:updateAndGet(143)) - b3bb9051-8089-4c51-a999-81579e5913f2: start FollowerState
2019-11-05 08:24:09,194 [a8ae9c07-6d89-4a49-a594-cacd4b776180@group-0E159EE4F99E-LeaderElection312] INFO  impl.LeaderElection (LeaderElection.java:logAndReturn(56)) - a8ae9c07-6d89-4a49-a594-cacd4b776180@group-0E159EE4F99E-LeaderElection312: Election REJECTED; received 2 response(s) [a8ae9c07-6d89-4a49-a594-cacd4b776180<-caafcba9-090a-41f5-a5f9-cba5a6a81e94#0:FAIL-t166, a8ae9c07-6d89-4a49-a594-cacd4b776180<-b3bb9051-8089-4c51-a999-81579e5913f2#0:FAIL-t166] and 0 exception(s); a8ae9c07-6d89-4a49-a594-cacd4b776180@group-0E159EE4F99E:t166, leader=null, voted=a8ae9c07-6d89-4a49-a594-cacd4b776180, raftlog=a8ae9c07-6d89-4a49-a594-cacd4b776180@group-0E159EE4F99E-SegmentedRaftLog:OPENED:c-1,f-1,i0, conf=-1: [caafcba9-090a-41f5-a5f9-cba5a6a81e94:192.168.164.217:37197, a8ae9c07-6d89-4a49-a594-cacd4b776180:192.168.164.217:42719, b3bb9051-8089-4c51-a999-81579e5913f2:192.168.164.217:36516], old=null
2019-11-05 08:24:09,194 [a8ae9c07-6d89-4a49-a594-cacd4b776180@group-0E159EE4F99E-LeaderElection312] INFO  impl.RaftServerImpl (RaftServerImpl.java:setRole(184)) - a8ae9c07-6d89-4a49-a594-cacd4b776180@group-0E159EE4F99E: changes role from CANDIDATE to FOLLOWER at term 166 for DISCOVERED_A_NEW_TERM
2019-11-05 08:24:09,195 [a8ae9c07-6d89-4a49-a594-cacd4b776180@group-0E159EE4F99E-LeaderElection312] INFO  impl.RoleInfo (RoleInfo.java:shutdownLeaderElection(134)) - a8ae9c07-6d89-4a49-a594-cacd4b776180: shutdown LeaderElection
2019-11-05 08:24:09,195 [a8ae9c07-6d89-4a49-a594-cacd4b776180@group-0E159EE4F99E-LeaderElection312] INFO  impl.RoleInfo (RoleInfo.java:updateAndGet(143)) - a8ae9c07-6d89-4a49-a594-cacd4b776180: start FollowerState
2019-11-05 08:24:09,207 [Datanode State Machine Thread - 0] INFO  statemachine.DatanodeStateMachine (DatanodeStateMachine.java:lambda$startDaemon$0(350)) - Ozone container server started.
2019-11-05 08:24:09,213 [Thread-2450] INFO  impl.FollowerState (FollowerState.java:run(108)) - 4a682f4f-c3f2-4b77-88b7-f0ab78890feb@group-0DB8C7688BF9-FollowerState: change to CANDIDATE, lastRpcTime:190ms, electionTimeout:190ms
2019-11-05 08:24:09,213 [Thread-2450] INFO  impl.RoleInfo (RoleInfo.java:shutdownFollowerState(121)) - 4a682f4f-c3f2-4b77-88b7-f0ab78890feb: shutdown FollowerState
2019-11-05 08:24:09,213 [Thread-2450] INFO  impl.RaftServerImpl (RaftServerImpl.java:setRole(184)) - 4a682f4f-c3f2-4b77-88b7-f0ab78890feb@group-0DB8C7688BF9: changes role from  FOLLOWER to CANDIDATE at term 157 for changeToCandidate
2019-11-05 08:24:09,213 [Thread-2450] INFO  impl.RoleInfo (RoleInfo.java:updateAndGet(143)) - 4a682f4f-c3f2-4b77-88b7-f0ab78890feb: start LeaderElection
2019-11-05 08:24:09,217 [4a682f4f-c3f2-4b77-88b7-f0ab78890feb@group-0DB8C7688BF9-LeaderElection313] INFO  impl.LeaderElection (LeaderElection.java:askForVotes(178)) - 4a682f4f-c3f2-4b77-88b7-f0ab78890feb@group-0DB8C7688BF9-LeaderElection313: begin an election at term 158 for -1: [77ab65e6-d942-49df-83a3-1d4c0bf152b3:192.168.164.217:39381, 7e1b84a9-a041-44fd-8008-f2679426984c:192.168.164.217:44149, 4a682f4f-c3f2-4b77-88b7-f0ab78890feb:192.168.164.217:34174], old=null
2019-11-05 08:24:09,218 [grpc-default-executor-3] INFO  impl.RaftServerImpl (RaftServerImpl.java:setRole(184)) - 77ab65e6-d942-49df-83a3-1d4c0bf152b3@group-0DB8C7688BF9: changes role from  FOLLOWER to FOLLOWER at term 158 for recognizeCandidate:4a682f4f-c3f2-4b77-88b7-f0ab78890feb
2019-11-05 08:24:09,218 [grpc-default-executor-3] INFO  impl.RoleInfo (RoleInfo.java:shutdownFollowerState(121)) - 77ab65e6-d942-49df-83a3-1d4c0bf152b3: shutdown FollowerState
2019-11-05 08:24:09,219 [grpc-default-executor-3] INFO  impl.RoleInfo (RoleInfo.java:updateAndGet(143)) - 77ab65e6-d942-49df-83a3-1d4c0bf152b3: start FollowerState
2019-11-05 08:24:09,219 [Thread-2446] INFO  impl.FollowerState (FollowerState.java:run(117)) - 77ab65e6-d942-49df-83a3-1d4c0bf152b3@group-0DB8C7688BF9-FollowerState was interrupted: java.lang.InterruptedException: sleep interrupted
2019-11-05 08:24:09,219 [grpc-default-executor-4] INFO  impl.RaftServerImpl (RaftServerImpl.java:setRole(184)) - 7e1b84a9-a041-44fd-8008-f2679426984c@group-0DB8C7688BF9: changes role from  FOLLOWER to FOLLOWER at term 158 for recognizeCandidate:4a682f4f-c3f2-4b77-88b7-f0ab78890feb
2019-11-05 08:24:09,219 [grpc-default-executor-4] INFO  impl.RoleInfo (RoleInfo.java:shutdownFollowerState(121)) - 7e1b84a9-a041-44fd-8008-f2679426984c: shutdown FollowerState
2019-11-05 08:24:09,220 [Thread-2447] INFO  impl.FollowerState (FollowerState.java:run(117)) - 7e1b84a9-a041-44fd-8008-f2679426984c@group-0DB8C7688BF9-FollowerState was interrupted: java.lang.InterruptedException: sleep interrupted
2019-11-05 08:24:09,220 [grpc-default-executor-4] INFO  impl.RoleInfo (RoleInfo.java:updateAndGet(143)) - 7e1b84a9-a041-44fd-8008-f2679426984c: start FollowerState
2019-11-05 08:24:09,231 [4a682f4f-c3f2-4b77-88b7-f0ab78890feb@group-0DB8C7688BF9-LeaderElection313] INFO  impl.LeaderElection (LeaderElection.java:logAndReturn(56)) - 4a682f4f-c3f2-4b77-88b7-f0ab78890feb@group-0DB8C7688BF9-LeaderElection313: Election REJECTED; received 2 response(s) [4a682f4f-c3f2-4b77-88b7-f0ab78890feb<-77ab65e6-d942-49df-83a3-1d4c0bf152b3#0:FAIL-t158, 4a682f4f-c3f2-4b77-88b7-f0ab78890feb<-7e1b84a9-a041-44fd-8008-f2679426984c#0:FAIL-t158] and 0 exception(s); 4a682f4f-c3f2-4b77-88b7-f0ab78890feb@group-0DB8C7688BF9:t158, leader=null, voted=4a682f4f-c3f2-4b77-88b7-f0ab78890feb, raftlog=4a682f4f-c3f2-4b77-88b7-f0ab78890feb@group-0DB8C7688BF9-SegmentedRaftLog:OPENED:c-1,f-1,i0, conf=-1: [77ab65e6-d942-49df-83a3-1d4c0bf152b3:192.168.164.217:39381, 7e1b84a9-a041-44fd-8008-f2679426984c:192.168.164.217:44149, 4a682f4f-c3f2-4b77-88b7-f0ab78890feb:192.168.164.217:34174], old=null
2019-11-05 08:24:09,231 [4a682f4f-c3f2-4b77-88b7-f0ab78890feb@group-0DB8C7688BF9-LeaderElection313] INFO  impl.RaftServerImpl (RaftServerImpl.java:setRole(184)) - 4a682f4f-c3f2-4b77-88b7-f0ab78890feb@group-0DB8C7688BF9: changes role from CANDIDATE to FOLLOWER at term 158 for DISCOVERED_A_NEW_TERM
2019-11-05 08:24:09,231 [4a682f4f-c3f2-4b77-88b7-f0ab78890feb@group-0DB8C7688BF9-LeaderElection313] INFO  impl.RoleInfo (RoleInfo.java:shutdownLeaderElection(134)) - 4a682f4f-c3f2-4b77-88b7-f0ab78890feb: shutdown LeaderElection
2019-11-05 08:24:09,231 [4a682f4f-c3f2-4b77-88b7-f0ab78890feb@group-0DB8C7688BF9-LeaderElection313] INFO  impl.RoleInfo (RoleInfo.java:updateAndGet(143)) - 4a682f4f-c3f2-4b77-88b7-f0ab78890feb: start FollowerState
2019-11-05 08:24:09,247 [Thread-2482] INFO  impl.FollowerState (FollowerState.java:run(108)) - a8ae9c07-6d89-4a49-a594-cacd4b776180@group-0E159EE4F99E-FollowerState: change to CANDIDATE, lastRpcTime:52ms, electionTimeout:52ms
2019-11-05 08:24:09,247 [Thread-2482] INFO  impl.RoleInfo (RoleInfo.java:shutdownFollowerState(121)) - a8ae9c07-6d89-4a49-a594-cacd4b776180: shutdown FollowerState
2019-11-05 08:24:09,247 [Thread-2482] INFO  impl.RaftServerImpl (RaftServerImpl.java:setRole(184)) - a8ae9c07-6d89-4a49-a594-cacd4b776180@group-0E159EE4F99E: changes role from  FOLLOWER to CANDIDATE at term 166 for changeToCandidate
2019-11-05 08:24:09,247 [Thread-2482] INFO  impl.RoleInfo (RoleInfo.java:updateAndGet(143)) - a8ae9c07-6d89-4a49-a594-cacd4b776180: start LeaderElection
2019-11-05 08:24:09,267 [a8ae9c07-6d89-4a49-a594-cacd4b776180@group-0E159EE4F99E-LeaderElection314] INFO  impl.LeaderElection (LeaderElection.java:askForVotes(178)) - a8ae9c07-6d89-4a49-a594-cacd4b776180@group-0E159EE4F99E-LeaderElection314: begin an election at term 167 for -1: [caafcba9-090a-41f5-a5f9-cba5a6a81e94:192.168.164.217:37197, a8ae9c07-6d89-4a49-a594-cacd4b776180:192.168.164.217:42719, b3bb9051-8089-4c51-a999-81579e5913f2:192.168.164.217:36516], old=null
2019-11-05 08:24:09,268 [grpc-default-executor-4] INFO  impl.RaftServerImpl (RaftServerImpl.java:setRole(184)) - caafcba9-090a-41f5-a5f9-cba5a6a81e94@group-0E159EE4F99E: changes role from  FOLLOWER to FOLLOWER at term 167 for recognizeCandidate:a8ae9c07-6d89-4a49-a594-cacd4b776180
2019-11-05 08:24:09,268 [grpc-default-executor-4] INFO  impl.RoleInfo (RoleInfo.java:shutdownFollowerState(121)) - caafcba9-090a-41f5-a5f9-cba5a6a81e94: shutdown FollowerState
2019-11-05 08:24:09,268 [grpc-default-executor-3] INFO  impl.RaftServerImpl (RaftServerImpl.java:setRole(184)) - b3bb9051-8089-4c51-a999-81579e5913f2@group-0E159EE4F99E: changes role from  FOLLOWER to FOLLOWER at term 167 for recognizeCandidate:a8ae9c07-6d89-4a49-a594-cacd4b776180
2019-11-05 08:24:09,269 [Thread-2480] INFO  impl.FollowerState (FollowerState.java:run(117)) - caafcba9-090a-41f5-a5f9-cba5a6a81e94@group-0E159EE4F99E-FollowerState was interrupted: java.lang.InterruptedException: sleep interrupted
2019-11-05 08:24:09,269 [grpc-default-executor-4] INFO  impl.RoleInfo (RoleInfo.java:updateAndGet(143)) - caafcba9-090a-41f5-a5f9-cba5a6a81e94: start FollowerState
2019-11-05 08:24:09,269 [grpc-default-executor-3] INFO  impl.RoleInfo (RoleInfo.java:shutdownFollowerState(121)) - b3bb9051-8089-4c51-a999-81579e5913f2: shutdown FollowerState
2019-11-05 08:24:09,269 [grpc-default-executor-3] INFO  impl.RoleInfo (RoleInfo.java:updateAndGet(143)) - b3bb9051-8089-4c51-a999-81579e5913f2: start FollowerState
2019-11-05 08:24:09,269 [Thread-2481] INFO  impl.FollowerState (FollowerState.java:run(117)) - b3bb9051-8089-4c51-a999-81579e5913f2@group-0E159EE4F99E-FollowerState was interrupted: java.lang.InterruptedException: sleep interrupted
2019-11-05 08:24:09,279 [a8ae9c07-6d89-4a49-a594-cacd4b776180@group-0E159EE4F99E-LeaderElection314] INFO  impl.LeaderElection (LeaderElection.java:logAndReturn(56)) - a8ae9c07-6d89-4a49-a594-cacd4b776180@group-0E159EE4F99E-LeaderElection314: Election REJECTED; received 2 response(s) [a8ae9c07-6d89-4a49-a594-cacd4b776180<-caafcba9-090a-41f5-a5f9-cba5a6a81e94#0:FAIL-t167, a8ae9c07-6d89-4a49-a594-cacd4b776180<-b3bb9051-8089-4c51-a999-81579e5913f2#0:FAIL-t167] and 0 exception(s); a8ae9c07-6d89-4a49-a594-cacd4b776180@group-0E159EE4F99E:t167, leader=null, voted=a8ae9c07-6d89-4a49-a594-cacd4b776180, raftlog=a8ae9c07-6d89-4a49-a594-cacd4b776180@group-0E159EE4F99E-SegmentedRaftLog:OPENED:c-1,f-1,i0, conf=-1: [caafcba9-090a-41f5-a5f9-cba5a6a81e94:192.168.164.217:37197, a8ae9c07-6d89-4a49-a594-cacd4b776180:192.168.164.217:42719, b3bb9051-8089-4c51-a999-81579e5913f2:192.168.164.217:36516], old=null
2019-11-05 08:24:09,279 [a8ae9c07-6d89-4a49-a594-cacd4b776180@group-0E159EE4F99E-LeaderElection314] INFO  impl.RaftServerImpl (RaftServerImpl.java:setRole(184)) - a8ae9c07-6d89-4a49-a594-cacd4b776180@group-0E159EE4F99E: changes role from CANDIDATE to FOLLOWER at term 167 for DISCOVERED_A_NEW_TERM
2019-11-05 08:24:09,279 [a8ae9c07-6d89-4a49-a594-cacd4b776180@group-0E159EE4F99E-LeaderElection314] INFO  impl.RoleInfo (RoleInfo.java:shutdownLeaderElection(134)) - a8ae9c07-6d89-4a49-a594-cacd4b776180: shutdown LeaderElection
2019-11-05 08:24:09,279 [a8ae9c07-6d89-4a49-a594-cacd4b776180@group-0E159EE4F99E-LeaderElection314] INFO  impl.RoleInfo (RoleInfo.java:updateAndGet(143)) - a8ae9c07-6d89-4a49-a594-cacd4b776180: start FollowerState
2019-11-05 08:24:09,284 [Thread-2507] INFO  impl.FollowerState (FollowerState.java:run(108)) - a8ae9c07-6d89-4a49-a594-cacd4b776180@group-0E159EE4F99E-FollowerState: change to CANDIDATE, lastRpcTime:5ms, electionTimeout:5ms
2019-11-05 08:24:09,284 [Thread-2507] INFO  impl.RoleInfo (RoleInfo.java:shutdownFollowerState(121)) - a8ae9c07-6d89-4a49-a594-cacd4b776180: shutdown FollowerState
2019-11-05 08:24:09,285 [Thread-2507] INFO  impl.RaftServerImpl (RaftServerImpl.java:setRole(184)) - a8ae9c07-6d89-4a49-a594-cacd4b776180@group-0E159EE4F99E: changes role from  FOLLOWER to CANDIDATE at term 167 for changeToCandidate
2019-11-05 08:24:09,285 [Thread-2507] INFO  impl.RoleInfo (RoleInfo.java:updateAndGet(143)) - a8ae9c07-6d89-4a49-a594-cacd4b776180: start LeaderElection
2019-11-05 08:24:09,292 [a8ae9c07-6d89-4a49-a594-cacd4b776180@group-0E159EE4F99E-LeaderElection315] INFO  impl.LeaderElection (LeaderElection.java:askForVotes(178)) - a8ae9c07-6d89-4a49-a594-cacd4b776180@group-0E159EE4F99E-LeaderElection315: begin an election at term 168 for -1: [caafcba9-090a-41f5-a5f9-cba5a6a81e94:192.168.164.217:37197, a8ae9c07-6d89-4a49-a594-cacd4b776180:192.168.164.217:42719, b3bb9051-8089-4c51-a999-81579e5913f2:192.168.164.217:36516], old=null
2019-11-05 08:24:09,293 [grpc-default-executor-4] INFO  impl.RaftServerImpl (RaftServerImpl.java:setRole(184)) - caafcba9-090a-41f5-a5f9-cba5a6a81e94@group-0E159EE4F99E: changes role from  FOLLOWER to FOLLOWER at term 168 for recognizeCandidate:a8ae9c07-6d89-4a49-a594-cacd4b776180
2019-11-05 08:24:09,293 [grpc-default-executor-4] INFO  impl.RoleInfo (RoleInfo.java:shutdownFollowerState(121)) - caafcba9-090a-41f5-a5f9-cba5a6a81e94: shutdown FollowerState
2019-11-05 08:24:09,293 [grpc-default-executor-3] INFO  impl.RaftServerImpl (RaftServerImpl.java:setRole(184)) - b3bb9051-8089-4c51-a999-81579e5913f2@group-0E159EE4F99E: changes role from  FOLLOWER to FOLLOWER at term 168 for recognizeCandidate:a8ae9c07-6d89-4a49-a594-cacd4b776180
2019-11-05 08:24:09,293 [Thread-2504] INFO  impl.FollowerState (FollowerState.java:run(117)) - caafcba9-090a-41f5-a5f9-cba5a6a81e94@group-0E159EE4F99E-FollowerState was interrupted: java.lang.InterruptedException: sleep interrupted
2019-11-05 08:24:09,293 [grpc-default-executor-4] INFO  impl.RoleInfo (RoleInfo.java:updateAndGet(143)) - caafcba9-090a-41f5-a5f9-cba5a6a81e94: start FollowerState
2019-11-05 08:24:09,293 [grpc-default-executor-3] INFO  impl.RoleInfo (RoleInfo.java:shutdownFollowerState(121)) - b3bb9051-8089-4c51-a999-81579e5913f2: shutdown FollowerState
2019-11-05 08:24:09,294 [grpc-default-executor-3] INFO  impl.RoleInfo (RoleInfo.java:updateAndGet(143)) - b3bb9051-8089-4c51-a999-81579e5913f2: start FollowerState
2019-11-05 08:24:09,294 [Thread-2505] INFO  impl.FollowerState (FollowerState.java:run(117)) - b3bb9051-8089-4c51-a999-81579e5913f2@group-0E159EE4F99E-FollowerState was interrupted: java.lang.InterruptedException: sleep interrupted
2019-11-05 08:24:09,302 [a8ae9c07-6d89-4a49-a594-cacd4b776180@group-0E159EE4F99E-LeaderElection315] INFO  impl.LeaderElection (LeaderElection.java:logAndReturn(56)) - a8ae9c07-6d89-4a49-a594-cacd4b776180@group-0E159EE4F99E-LeaderElection315: Election REJECTED; received 2 response(s) [a8ae9c07-6d89-4a49-a594-cacd4b776180<-caafcba9-090a-41f5-a5f9-cba5a6a81e94#0:FAIL-t168, a8ae9c07-6d89-4a49-a594-cacd4b776180<-b3bb9051-8089-4c51-a999-81579e5913f2#0:FAIL-t168] and 0 exception(s); a8ae9c07-6d89-4a49-a594-cacd4b776180@group-0E159EE4F99E:t168, leader=null, voted=a8ae9c07-6d89-4a49-a594-cacd4b776180, raftlog=a8ae9c07-6d89-4a49-a594-cacd4b776180@group-0E159EE4F99E-SegmentedRaftLog:OPENED:c-1,f-1,i0, conf=-1: [caafcba9-090a-41f5-a5f9-cba5a6a81e94:192.168.164.217:37197, a8ae9c07-6d89-4a49-a594-cacd4b776180:192.168.164.217:42719, b3bb9051-8089-4c51-a999-81579e5913f2:192.168.164.217:36516], old=null
2019-11-05 08:24:09,302 [a8ae9c07-6d89-4a49-a594-cacd4b776180@group-0E159EE4F99E-LeaderElection315] INFO  impl.RaftServerImpl (RaftServerImpl.java:setRole(184)) - a8ae9c07-6d89-4a49-a594-cacd4b776180@group-0E159EE4F99E: changes role from CANDIDATE to FOLLOWER at term 168 for DISCOVERED_A_NEW_TERM
2019-11-05 08:24:09,302 [a8ae9c07-6d89-4a49-a594-cacd4b776180@group-0E159EE4F99E-LeaderElection315] INFO  impl.RoleInfo (RoleInfo.java:shutdownLeaderElection(134)) - a8ae9c07-6d89-4a49-a594-cacd4b776180: shutdown LeaderElection
2019-11-05 08:24:09,302 [a8ae9c07-6d89-4a49-a594-cacd4b776180@group-0E159EE4F99E-LeaderElection315] INFO  impl.RoleInfo (RoleInfo.java:updateAndGet(143)) - a8ae9c07-6d89-4a49-a594-cacd4b776180: start FollowerState
2019-11-05 08:24:09,311 [Thread-2513] INFO  impl.FollowerState (FollowerState.java:run(108)) - a8ae9c07-6d89-4a49-a594-cacd4b776180@group-0E159EE4F99E-FollowerState: change to CANDIDATE, lastRpcTime:9ms, electionTimeout:9ms
2019-11-05 08:24:09,312 [Thread-2513] INFO  impl.RoleInfo (RoleInfo.java:shutdownFollowerState(121)) - a8ae9c07-6d89-4a49-a594-cacd4b776180: shutdown FollowerState
2019-11-05 08:24:09,312 [Thread-2513] INFO  impl.RaftServerImpl (RaftServerImpl.java:setRole(184)) - a8ae9c07-6d89-4a49-a594-cacd4b776180@group-0E159EE4F99E: changes role from  FOLLOWER to CANDIDATE at term 168 for changeToCandidate
2019-11-05 08:24:09,312 [Thread-2513] INFO  impl.RoleInfo (RoleInfo.java:updateAndGet(143)) - a8ae9c07-6d89-4a49-a594-cacd4b776180: start LeaderElection
2019-11-05 08:24:09,318 [a8ae9c07-6d89-4a49-a594-cacd4b776180@group-0E159EE4F99E-LeaderElection316] INFO  impl.LeaderElection (LeaderElection.java:askForVotes(178)) - a8ae9c07-6d89-4a49-a594-cacd4b776180@group-0E159EE4F99E-LeaderElection316: begin an election at term 169 for -1: [caafcba9-090a-41f5-a5f9-cba5a6a81e94:192.168.164.217:37197, a8ae9c07-6d89-4a49-a594-cacd4b776180:192.168.164.217:42719, b3bb9051-8089-4c51-a999-81579e5913f2:192.168.164.217:36516], old=null
2019-11-05 08:24:09,320 [grpc-default-executor-4] INFO  impl.RaftServerImpl (RaftServerImpl.java:setRole(184)) - caafcba9-090a-41f5-a5f9-cba5a6a81e94@group-0E159EE4F99E: changes role from  FOLLOWER to FOLLOWER at term 169 for recognizeCandidate:a8ae9c07-6d89-4a49-a594-cacd4b776180
2019-11-05 08:24:09,320 [grpc-default-executor-4] INFO  impl.RoleInfo (RoleInfo.java:shutdownFollowerState(121)) - caafcba9-090a-41f5-a5f9-cba5a6a81e94: shutdown FollowerState
2019-11-05 08:24:09,320 [grpc-default-executor-3] INFO  impl.RaftServerImpl (RaftServerImpl.java:setRole(184)) - b3bb9051-8089-4c51-a999-81579e5913f2@group-0E159EE4F99E: changes role from  FOLLOWER to FOLLOWER at term 169 for recognizeCandidate:a8ae9c07-6d89-4a49-a594-cacd4b776180
2019-11-05 08:24:09,320 [grpc-default-executor-3] INFO  impl.RoleInfo (RoleInfo.java:shutdownFollowerState(121)) - b3bb9051-8089-4c51-a999-81579e5913f2: shutdown FollowerState
2019-11-05 08:24:09,320 [Thread-2511] INFO  impl.FollowerState (FollowerState.java:run(117)) - caafcba9-090a-41f5-a5f9-cba5a6a81e94@group-0E159EE4F99E-FollowerState was interrupted: java.lang.InterruptedException: sleep interrupted
2019-11-05 08:24:09,320 [Thread-2512] INFO  impl.FollowerState (FollowerState.java:run(117)) - b3bb9051-8089-4c51-a999-81579e5913f2@group-0E159EE4F99E-FollowerState was interrupted: java.lang.InterruptedException: sleep interrupted
2019-11-05 08:24:09,320 [grpc-default-executor-4] INFO  impl.RoleInfo (RoleInfo.java:updateAndGet(143)) - caafcba9-090a-41f5-a5f9-cba5a6a81e94: start FollowerState
2019-11-05 08:24:09,320 [grpc-default-executor-3] INFO  impl.RoleInfo (RoleInfo.java:updateAndGet(143)) - b3bb9051-8089-4c51-a999-81579e5913f2: start FollowerState
2019-11-05 08:24:09,333 [a8ae9c07-6d89-4a49-a594-cacd4b776180@group-0E159EE4F99E-LeaderElection316] INFO  impl.LeaderElection (LeaderElection.java:logAndReturn(56)) - a8ae9c07-6d89-4a49-a594-cacd4b776180@group-0E159EE4F99E-LeaderElection316: Election REJECTED; received 2 response(s) [a8ae9c07-6d89-4a49-a594-cacd4b776180<-caafcba9-090a-41f5-a5f9-cba5a6a81e94#0:FAIL-t169, a8ae9c07-6d89-4a49-a594-cacd4b776180<-b3bb9051-8089-4c51-a999-81579e5913f2#0:FAIL-t169] and 0 exception(s); a8ae9c07-6d89-4a49-a594-cacd4b776180@group-0E159EE4F99E:t169, leader=null, voted=a8ae9c07-6d89-4a49-a594-cacd4b776180, raftlog=a8ae9c07-6d89-4a49-a594-cacd4b776180@group-0E159EE4F99E-SegmentedRaftLog:OPENED:c-1,f-1,i0, conf=-1: [caafcba9-090a-41f5-a5f9-cba5a6a81e94:192.168.164.217:37197, a8ae9c07-6d89-4a49-a594-cacd4b776180:192.168.164.217:42719, b3bb9051-8089-4c51-a999-81579e5913f2:192.168.164.217:36516], old=null
2019-11-05 08:24:09,333 [a8ae9c07-6d89-4a49-a594-cacd4b776180@group-0E159EE4F99E-LeaderElection316] INFO  impl.RaftServerImpl (RaftServerImpl.java:setRole(184)) - a8ae9c07-6d89-4a49-a594-cacd4b776180@group-0E159EE4F99E: changes role from CANDIDATE to FOLLOWER at term 169 for DISCOVERED_A_NEW_TERM
2019-11-05 08:24:09,333 [a8ae9c07-6d89-4a49-a594-cacd4b776180@group-0E159EE4F99E-LeaderElection316] INFO  impl.RoleInfo (RoleInfo.java:shutdownLeaderElection(134)) - a8ae9c07-6d89-4a49-a594-cacd4b776180: shutdown LeaderElection
2019-11-05 08:24:09,333 [a8ae9c07-6d89-4a49-a594-cacd4b776180@group-0E159EE4F99E-LeaderElection316] INFO  impl.RoleInfo (RoleInfo.java:updateAndGet(143)) - a8ae9c07-6d89-4a49-a594-cacd4b776180: start FollowerState
2019-11-05 08:24:09,335 [Thread-2500] INFO  impl.FollowerState (FollowerState.java:run(108)) - 4a682f4f-c3f2-4b77-88b7-f0ab78890feb@group-0DB8C7688BF9-FollowerState: change to CANDIDATE, lastRpcTime:103ms, electionTimeout:103ms
2019-11-05 08:24:09,335 [Thread-2500] INFO  impl.RoleInfo (RoleInfo.java:shutdownFollowerState(121)) - 4a682f4f-c3f2-4b77-88b7-f0ab78890feb: shutdown FollowerState
2019-11-05 08:24:09,335 [Thread-2500] INFO  impl.RaftServerImpl (RaftServerImpl.java:setRole(184)) - 4a682f4f-c3f2-4b77-88b7-f0ab78890feb@group-0DB8C7688BF9: changes role from  FOLLOWER to CANDIDATE at term 158 for changeToCandidate
2019-11-05 08:24:09,335 [Thread-2500] INFO  impl.RoleInfo (RoleInfo.java:updateAndGet(143)) - 4a682f4f-c3f2-4b77-88b7-f0ab78890feb: start LeaderElection
2019-11-05 08:24:09,356 [4a682f4f-c3f2-4b77-88b7-f0ab78890feb@group-0DB8C7688BF9-LeaderElection317] INFO  impl.LeaderElection (LeaderElection.java:askForVotes(178)) - 4a682f4f-c3f2-4b77-88b7-f0ab78890feb@group-0DB8C7688BF9-LeaderElection317: begin an election at term 159 for -1: [77ab65e6-d942-49df-83a3-1d4c0bf152b3:192.168.164.217:39381, 7e1b84a9-a041-44fd-8008-f2679426984c:192.168.164.217:44149, 4a682f4f-c3f2-4b77-88b7-f0ab78890feb:192.168.164.217:34174], old=null
2019-11-05 08:24:09,358 [grpc-default-executor-4] INFO  impl.RaftServerImpl (RaftServerImpl.java:setRole(184)) - 77ab65e6-d942-49df-83a3-1d4c0bf152b3@group-0DB8C7688BF9: changes role from  FOLLOWER to FOLLOWER at term 159 for recognizeCandidate:4a682f4f-c3f2-4b77-88b7-f0ab78890feb
2019-11-05 08:24:09,358 [grpc-default-executor-4] INFO  impl.RoleInfo (RoleInfo.java:shutdownFollowerState(121)) - 77ab65e6-d942-49df-83a3-1d4c0bf152b3: shutdown FollowerState
2019-11-05 08:24:09,358 [grpc-default-executor-4] INFO  impl.RoleInfo (RoleInfo.java:updateAndGet(143)) - 77ab65e6-d942-49df-83a3-1d4c0bf152b3: start FollowerState
2019-11-05 08:24:09,358 [Thread-2494] INFO  impl.FollowerState (FollowerState.java:run(117)) - 77ab65e6-d942-49df-83a3-1d4c0bf152b3@group-0DB8C7688BF9-FollowerState was interrupted: java.lang.InterruptedException: sleep interrupted
2019-11-05 08:24:09,358 [grpc-default-executor-3] INFO  impl.RaftServerImpl (RaftServerImpl.java:setRole(184)) - 7e1b84a9-a041-44fd-8008-f2679426984c@group-0DB8C7688BF9: changes role from  FOLLOWER to FOLLOWER at term 159 for recognizeCandidate:4a682f4f-c3f2-4b77-88b7-f0ab78890feb
2019-11-05 08:24:09,358 [grpc-default-executor-3] INFO  impl.RoleInfo (RoleInfo.java:shutdownFollowerState(121)) - 7e1b84a9-a041-44fd-8008-f2679426984c: shutdown FollowerState
2019-11-05 08:24:09,359 [grpc-default-executor-3] INFO  impl.RoleInfo (RoleInfo.java:updateAndGet(143)) - 7e1b84a9-a041-44fd-8008-f2679426984c: start FollowerState
2019-11-05 08:24:09,359 [Thread-2498] INFO  impl.FollowerState (FollowerState.java:run(117)) - 7e1b84a9-a041-44fd-8008-f2679426984c@group-0DB8C7688BF9-FollowerState was interrupted: java.lang.InterruptedException: sleep interrupted
2019-11-05 08:24:09,369 [4a682f4f-c3f2-4b77-88b7-f0ab78890feb@group-0DB8C7688BF9-LeaderElection317] INFO  impl.LeaderElection (LeaderElection.java:logAndReturn(56)) - 4a682f4f-c3f2-4b77-88b7-f0ab78890feb@group-0DB8C7688BF9-LeaderElection317: Election REJECTED; received 2 response(s) [4a682f4f-c3f2-4b77-88b7-f0ab78890feb<-77ab65e6-d942-49df-83a3-1d4c0bf152b3#0:FAIL-t159, 4a682f4f-c3f2-4b77-88b7-f0ab78890feb<-7e1b84a9-a041-44fd-8008-f2679426984c#0:FAIL-t159] and 0 exception(s); 4a682f4f-c3f2-4b77-88b7-f0ab78890feb@group-0DB8C7688BF9:t159, leader=null, voted=4a682f4f-c3f2-4b77-88b7-f0ab78890feb, raftlog=4a682f4f-c3f2-4b77-88b7-f0ab78890feb@group-0DB8C7688BF9-SegmentedRaftLog:OPENED:c-1,f-1,i0, conf=-1: [77ab65e6-d942-49df-83a3-1d4c0bf152b3:192.168.164.217:39381, 7e1b84a9-a041-44fd-8008-f2679426984c:192.168.164.217:44149, 4a682f4f-c3f2-4b77-88b7-f0ab78890feb:192.168.164.217:34174], old=null
2019-11-05 08:24:09,369 [4a682f4f-c3f2-4b77-88b7-f0ab78890feb@group-0DB8C7688BF9-LeaderElection317] INFO  impl.RaftServerImpl (RaftServerImpl.java:setRole(184)) - 4a682f4f-c3f2-4b77-88b7-f0ab78890feb@group-0DB8C7688BF9: changes role from CANDIDATE to FOLLOWER at term 159 for DISCOVERED_A_NEW_TERM
2019-11-05 08:24:09,369 [4a682f4f-c3f2-4b77-88b7-f0ab78890feb@group-0DB8C7688BF9-LeaderElection317] INFO  impl.RoleInfo (RoleInfo.java:shutdownLeaderElection(134)) - 4a682f4f-c3f2-4b77-88b7-f0ab78890feb: shutdown LeaderElection
2019-11-05 08:24:09,369 [4a682f4f-c3f2-4b77-88b7-f0ab78890feb@group-0DB8C7688BF9-LeaderElection317] INFO  impl.RoleInfo (RoleInfo.java:updateAndGet(143)) - 4a682f4f-c3f2-4b77-88b7-f0ab78890feb: start FollowerState
2019-11-05 08:24:09,381 [Thread-2519] INFO  impl.FollowerState (FollowerState.java:run(108)) - a8ae9c07-6d89-4a49-a594-cacd4b776180@group-0E159EE4F99E-FollowerState: change to CANDIDATE, lastRpcTime:47ms, electionTimeout:47ms
2019-11-05 08:24:09,381 [Thread-2519] INFO  impl.RoleInfo (RoleInfo.java:shutdownFollowerState(121)) - a8ae9c07-6d89-4a49-a594-cacd4b776180: shutdown FollowerState
2019-11-05 08:24:09,381 [Thread-2519] INFO  impl.RaftServerImpl (RaftServerImpl.java:setRole(184)) - a8ae9c07-6d89-4a49-a594-cacd4b776180@group-0E159EE4F99E: changes role from  FOLLOWER to CANDIDATE at term 169 for changeToCandidate
2019-11-05 08:24:09,381 [Thread-2519] INFO  impl.RoleInfo (RoleInfo.java:updateAndGet(143)) - a8ae9c07-6d89-4a49-a594-cacd4b776180: start LeaderElection
2019-11-05 08:24:09,395 [a8ae9c07-6d89-4a49-a594-cacd4b776180@group-0E159EE4F99E-LeaderElection318] INFO  impl.LeaderElection (LeaderElection.java:askForVotes(178)) - a8ae9c07-6d89-4a49-a594-cacd4b776180@group-0E159EE4F99E-LeaderElection318: begin an election at term 170 for -1: [caafcba9-090a-41f5-a5f9-cba5a6a81e94:192.168.164.217:37197, a8ae9c07-6d89-4a49-a594-cacd4b776180:192.168.164.217:42719, b3bb9051-8089-4c51-a999-81579e5913f2:192.168.164.217:36516], old=null
2019-11-05 08:24:09,396 [grpc-default-executor-3] INFO  impl.RaftServerImpl (RaftServerImpl.java:setRole(184)) - caafcba9-090a-41f5-a5f9-cba5a6a81e94@group-0E159EE4F99E: changes role from  FOLLOWER to FOLLOWER at term 170 for recognizeCandidate:a8ae9c07-6d89-4a49-a594-cacd4b776180
2019-11-05 08:24:09,396 [grpc-default-executor-4] INFO  impl.RaftServerImpl (RaftServerImpl.java:setRole(184)) - b3bb9051-8089-4c51-a999-81579e5913f2@group-0E159EE4F99E: changes role from  FOLLOWER to FOLLOWER at term 170 for recognizeCandidate:a8ae9c07-6d89-4a49-a594-cacd4b776180
2019-11-05 08:24:09,396 [grpc-default-executor-4] INFO  impl.RoleInfo (RoleInfo.java:shutdownFollowerState(121)) - b3bb9051-8089-4c51-a999-81579e5913f2: shutdown FollowerState
2019-11-05 08:24:09,396 [grpc-default-executor-3] INFO  impl.RoleInfo (RoleInfo.java:shutdownFollowerState(121)) - caafcba9-090a-41f5-a5f9-cba5a6a81e94: shutdown FollowerState
2019-11-05 08:24:09,396 [Thread-2518] INFO  impl.FollowerState (FollowerState.java:run(117)) - b3bb9051-8089-4c51-a999-81579e5913f2@group-0E159EE4F99E-FollowerState was interrupted: java.lang.InterruptedException: sleep interrupted
2019-11-05 08:24:09,396 [grpc-default-executor-4] INFO  impl.RoleInfo (RoleInfo.java:updateAndGet(143)) - b3bb9051-8089-4c51-a999-81579e5913f2: start FollowerState
2019-11-05 08:24:09,397 [Thread-2517] INFO  impl.FollowerState (FollowerState.java:run(117)) - caafcba9-090a-41f5-a5f9-cba5a6a81e94@group-0E159EE4F99E-FollowerState was interrupted: java.lang.InterruptedException: sleep interrupted
2019-11-05 08:24:09,397 [grpc-default-executor-3] INFO  impl.RoleInfo (RoleInfo.java:updateAndGet(143)) - caafcba9-090a-41f5-a5f9-cba5a6a81e94: start FollowerState
2019-11-05 08:24:09,408 [a8ae9c07-6d89-4a49-a594-cacd4b776180@group-0E159EE4F99E-LeaderElection318] INFO  impl.LeaderElection (LeaderElection.java:logAndReturn(56)) - a8ae9c07-6d89-4a49-a594-cacd4b776180@group-0E159EE4F99E-LeaderElection318: Election REJECTED; received 2 response(s) [a8ae9c07-6d89-4a49-a594-cacd4b776180<-caafcba9-090a-41f5-a5f9-cba5a6a81e94#0:FAIL-t170, a8ae9c07-6d89-4a49-a594-cacd4b776180<-b3bb9051-8089-4c51-a999-81579e5913f2#0:FAIL-t170] and 0 exception(s); a8ae9c07-6d89-4a49-a594-cacd4b776180@group-0E159EE4F99E:t170, leader=null, voted=a8ae9c07-6d89-4a49-a594-cacd4b776180, raftlog=a8ae9c07-6d89-4a49-a594-cacd4b776180@group-0E159EE4F99E-SegmentedRaftLog:OPENED:c-1,f-1,i0, conf=-1: [caafcba9-090a-41f5-a5f9-cba5a6a81e94:192.168.164.217:37197, a8ae9c07-6d89-4a49-a594-cacd4b776180:192.168.164.217:42719, b3bb9051-8089-4c51-a999-81579e5913f2:192.168.164.217:36516], old=null
2019-11-05 08:24:09,408 [a8ae9c07-6d89-4a49-a594-cacd4b776180@group-0E159EE4F99E-LeaderElection318] INFO  impl.RaftServerImpl (RaftServerImpl.java:setRole(184)) - a8ae9c07-6d89-4a49-a594-cacd4b776180@group-0E159EE4F99E: changes role from CANDIDATE to FOLLOWER at term 170 for DISCOVERED_A_NEW_TERM
2019-11-05 08:24:09,408 [a8ae9c07-6d89-4a49-a594-cacd4b776180@group-0E159EE4F99E-LeaderElection318] INFO  impl.RoleInfo (RoleInfo.java:shutdownLeaderElection(134)) - a8ae9c07-6d89-4a49-a594-cacd4b776180: shutdown LeaderElection
2019-11-05 08:24:09,408 [a8ae9c07-6d89-4a49-a594-cacd4b776180@group-0E159EE4F99E-LeaderElection318] INFO  impl.RoleInfo (RoleInfo.java:updateAndGet(143)) - a8ae9c07-6d89-4a49-a594-cacd4b776180: start FollowerState
2019-11-05 08:24:09,465 [Thread-2525] INFO  impl.FollowerState (FollowerState.java:run(108)) - 4a682f4f-c3f2-4b77-88b7-f0ab78890feb@group-0DB8C7688BF9-FollowerState: change to CANDIDATE, lastRpcTime:96ms, electionTimeout:96ms
2019-11-05 08:24:09,466 [Thread-2525] INFO  impl.RoleInfo (RoleInfo.java:shutdownFollowerState(121)) - 4a682f4f-c3f2-4b77-88b7-f0ab78890feb: shutdown FollowerState
2019-11-05 08:24:09,466 [Thread-2525] INFO  impl.RaftServerImpl (RaftServerImpl.java:setRole(184)) - 4a682f4f-c3f2-4b77-88b7-f0ab78890feb@group-0DB8C7688BF9: changes role from  FOLLOWER to CANDIDATE at term 159 for changeToCandidate
2019-11-05 08:24:09,466 [Thread-2525] INFO  impl.RoleInfo (RoleInfo.java:updateAndGet(143)) - 4a682f4f-c3f2-4b77-88b7-f0ab78890feb: start LeaderElection
2019-11-05 08:24:09,480 [4a682f4f-c3f2-4b77-88b7-f0ab78890feb@group-0DB8C7688BF9-LeaderElection319] INFO  impl.LeaderElection (LeaderElection.java:askForVotes(178)) - 4a682f4f-c3f2-4b77-88b7-f0ab78890feb@group-0DB8C7688BF9-LeaderElection319: begin an election at term 160 for -1: [77ab65e6-d942-49df-83a3-1d4c0bf152b3:192.168.164.217:39381, 7e1b84a9-a041-44fd-8008-f2679426984c:192.168.164.217:44149, 4a682f4f-c3f2-4b77-88b7-f0ab78890feb:192.168.164.217:34174], old=null
2019-11-05 08:24:09,481 [grpc-default-executor-4] INFO  impl.RaftServerImpl (RaftServerImpl.java:setRole(184)) - 77ab65e6-d942-49df-83a3-1d4c0bf152b3@group-0DB8C7688BF9: changes role from  FOLLOWER to FOLLOWER at term 160 for recognizeCandidate:4a682f4f-c3f2-4b77-88b7-f0ab78890feb
2019-11-05 08:24:09,481 [grpc-default-executor-4] INFO  impl.RoleInfo (RoleInfo.java:shutdownFollowerState(121)) - 77ab65e6-d942-49df-83a3-1d4c0bf152b3: shutdown FollowerState
2019-11-05 08:24:09,481 [grpc-default-executor-3] INFO  impl.RaftServerImpl (RaftServerImpl.java:setRole(184)) - 7e1b84a9-a041-44fd-8008-f2679426984c@group-0DB8C7688BF9: changes role from  FOLLOWER to FOLLOWER at term 160 for recognizeCandidate:4a682f4f-c3f2-4b77-88b7-f0ab78890feb
2019-11-05 08:24:09,482 [grpc-default-executor-3] INFO  impl.RoleInfo (RoleInfo.java:shutdownFollowerState(121)) - 7e1b84a9-a041-44fd-8008-f2679426984c: shutdown FollowerState
2019-11-05 08:24:09,482 [grpc-default-executor-3] INFO  impl.RoleInfo (RoleInfo.java:updateAndGet(143)) - 7e1b84a9-a041-44fd-8008-f2679426984c: start FollowerState
2019-11-05 08:24:09,482 [Thread-2523] INFO  impl.FollowerState (FollowerState.java:run(117)) - 77ab65e6-d942-49df-83a3-1d4c0bf152b3@group-0DB8C7688BF9-FollowerState was interrupted: java.lang.InterruptedException: sleep interrupted
2019-11-05 08:24:09,482 [grpc-default-executor-4] INFO  impl.RoleInfo (RoleInfo.java:updateAndGet(143)) - 77ab65e6-d942-49df-83a3-1d4c0bf152b3: start FollowerState
2019-11-05 08:24:09,482 [Thread-2524] INFO  impl.FollowerState (FollowerState.java:run(117)) - 7e1b84a9-a041-44fd-8008-f2679426984c@group-0DB8C7688BF9-FollowerState was interrupted: java.lang.InterruptedException: sleep interrupted
2019-11-05 08:24:09,496 [4a682f4f-c3f2-4b77-88b7-f0ab78890feb@group-0DB8C7688BF9-LeaderElection319] INFO  impl.LeaderElection (LeaderElection.java:logAndReturn(56)) - 4a682f4f-c3f2-4b77-88b7-f0ab78890feb@group-0DB8C7688BF9-LeaderElection319: Election REJECTED; received 2 response(s) [4a682f4f-c3f2-4b77-88b7-f0ab78890feb<-77ab65e6-d942-49df-83a3-1d4c0bf152b3#0:FAIL-t160, 4a682f4f-c3f2-4b77-88b7-f0ab78890feb<-7e1b84a9-a041-44fd-8008-f2679426984c#0:FAIL-t160] and 0 exception(s); 4a682f4f-c3f2-4b77-88b7-f0ab78890feb@group-0DB8C7688BF9:t160, leader=null, voted=4a682f4f-c3f2-4b77-88b7-f0ab78890feb, raftlog=4a682f4f-c3f2-4b77-88b7-f0ab78890feb@group-0DB8C7688BF9-SegmentedRaftLog:OPENED:c-1,f-1,i0, conf=-1: [77ab65e6-d942-49df-83a3-1d4c0bf152b3:192.168.164.217:39381, 7e1b84a9-a041-44fd-8008-f2679426984c:192.168.164.217:44149, 4a682f4f-c3f2-4b77-88b7-f0ab78890feb:192.168.164.217:34174], old=null
2019-11-05 08:24:09,496 [4a682f4f-c3f2-4b77-88b7-f0ab78890feb@group-0DB8C7688BF9-LeaderElection319] INFO  impl.RaftServerImpl (RaftServerImpl.java:setRole(184)) - 4a682f4f-c3f2-4b77-88b7-f0ab78890feb@group-0DB8C7688BF9: changes role from CANDIDATE to FOLLOWER at term 160 for DISCOVERED_A_NEW_TERM
2019-11-05 08:24:09,496 [4a682f4f-c3f2-4b77-88b7-f0ab78890feb@group-0DB8C7688BF9-LeaderElection319] INFO  impl.RoleInfo (RoleInfo.java:shutdownLeaderElection(134)) - 4a682f4f-c3f2-4b77-88b7-f0ab78890feb: shutdown LeaderElection
2019-11-05 08:24:09,497 [4a682f4f-c3f2-4b77-88b7-f0ab78890feb@group-0DB8C7688BF9-LeaderElection319] INFO  impl.RoleInfo (RoleInfo.java:updateAndGet(143)) - 4a682f4f-c3f2-4b77-88b7-f0ab78890feb: start FollowerState
2019-11-05 08:24:09,514 [Thread-2531] INFO  impl.FollowerState (FollowerState.java:run(108)) - a8ae9c07-6d89-4a49-a594-cacd4b776180@group-0E159EE4F99E-FollowerState: change to CANDIDATE, lastRpcTime:106ms, electionTimeout:106ms
2019-11-05 08:24:09,514 [Thread-2531] INFO  impl.RoleInfo (RoleInfo.java:shutdownFollowerState(121)) - a8ae9c07-6d89-4a49-a594-cacd4b776180: shutdown FollowerState
2019-11-05 08:24:09,515 [Thread-2531] INFO  impl.RaftServerImpl (RaftServerImpl.java:setRole(184)) - a8ae9c07-6d89-4a49-a594-cacd4b776180@group-0E159EE4F99E: changes role from  FOLLOWER to CANDIDATE at term 170 for changeToCandidate
2019-11-05 08:24:09,515 [Thread-2531] INFO  impl.RoleInfo (RoleInfo.java:updateAndGet(143)) - a8ae9c07-6d89-4a49-a594-cacd4b776180: start LeaderElection
2019-11-05 08:24:09,528 [a8ae9c07-6d89-4a49-a594-cacd4b776180@group-0E159EE4F99E-LeaderElection320] INFO  impl.LeaderElection (LeaderElection.java:askForVotes(178)) - a8ae9c07-6d89-4a49-a594-cacd4b776180@group-0E159EE4F99E-LeaderElection320: begin an election at term 171 for -1: [caafcba9-090a-41f5-a5f9-cba5a6a81e94:192.168.164.217:37197, a8ae9c07-6d89-4a49-a594-cacd4b776180:192.168.164.217:42719, b3bb9051-8089-4c51-a999-81579e5913f2:192.168.164.217:36516], old=null
2019-11-05 08:24:09,530 [grpc-default-executor-4] INFO  impl.RaftServerImpl (RaftServerImpl.java:setRole(184)) - caafcba9-090a-41f5-a5f9-cba5a6a81e94@group-0E159EE4F99E: changes role from  FOLLOWER to FOLLOWER at term 171 for recognizeCandidate:a8ae9c07-6d89-4a49-a594-cacd4b776180
2019-11-05 08:24:09,530 [grpc-default-executor-3] INFO  impl.RaftServerImpl (RaftServerImpl.java:setRole(184)) - b3bb9051-8089-4c51-a999-81579e5913f2@group-0E159EE4F99E: changes role from  FOLLOWER to FOLLOWER at term 171 for recognizeCandidate:a8ae9c07-6d89-4a49-a594-cacd4b776180
2019-11-05 08:24:09,530 [grpc-default-executor-4] INFO  impl.RoleInfo (RoleInfo.java:shutdownFollowerState(121)) - caafcba9-090a-41f5-a5f9-cba5a6a81e94: shutdown FollowerState
2019-11-05 08:24:09,530 [grpc-default-executor-3] INFO  impl.RoleInfo (RoleInfo.java:shutdownFollowerState(121)) - b3bb9051-8089-4c51-a999-81579e5913f2: shutdown FollowerState
2019-11-05 08:24:09,530 [Thread-2530] INFO  impl.FollowerState (FollowerState.java:run(117)) - caafcba9-090a-41f5-a5f9-cba5a6a81e94@group-0E159EE4F99E-FollowerState was interrupted: java.lang.InterruptedException: sleep interrupted
2019-11-05 08:24:09,530 [grpc-default-executor-4] INFO  impl.RoleInfo (RoleInfo.java:updateAndGet(143)) - caafcba9-090a-41f5-a5f9-cba5a6a81e94: start FollowerState
2019-11-05 08:24:09,530 [grpc-default-executor-3] INFO  impl.RoleInfo (RoleInfo.java:updateAndGet(143)) - b3bb9051-8089-4c51-a999-81579e5913f2: start FollowerState
2019-11-05 08:24:09,530 [Thread-2529] INFO  impl.FollowerState (FollowerState.java:run(117)) - b3bb9051-8089-4c51-a999-81579e5913f2@group-0E159EE4F99E-FollowerState was interrupted: java.lang.InterruptedException: sleep interrupted
2019-11-05 08:24:09,534 [Thread-2537] INFO  impl.FollowerState (FollowerState.java:run(108)) - 4a682f4f-c3f2-4b77-88b7-f0ab78890feb@group-0DB8C7688BF9-FollowerState: change to CANDIDATE, lastRpcTime:37ms, electionTimeout:37ms
2019-11-05 08:24:09,534 [Thread-2537] INFO  impl.RoleInfo (RoleInfo.java:shutdownFollowerState(121)) - 4a682f4f-c3f2-4b77-88b7-f0ab78890feb: shutdown FollowerState
2019-11-05 08:24:09,534 [Thread-2537] INFO  impl.RaftServerImpl (RaftServerImpl.java:setRole(184)) - 4a682f4f-c3f2-4b77-88b7-f0ab78890feb@group-0DB8C7688BF9: changes role from  FOLLOWER to CANDIDATE at term 160 for changeToCandidate
2019-11-05 08:24:09,534 [Thread-2537] INFO  impl.RoleInfo (RoleInfo.java:updateAndGet(143)) - 4a682f4f-c3f2-4b77-88b7-f0ab78890feb: start LeaderElection
2019-11-05 08:24:09,559 [4a682f4f-c3f2-4b77-88b7-f0ab78890feb@group-0DB8C7688BF9-LeaderElection321] INFO  impl.LeaderElection (LeaderElection.java:askForVotes(178)) - 4a682f4f-c3f2-4b77-88b7-f0ab78890feb@group-0DB8C7688BF9-LeaderElection321: begin an election at term 161 for -1: [77ab65e6-d942-49df-83a3-1d4c0bf152b3:192.168.164.217:39381, 7e1b84a9-a041-44fd-8008-f2679426984c:192.168.164.217:44149, 4a682f4f-c3f2-4b77-88b7-f0ab78890feb:192.168.164.217:34174], old=null
2019-11-05 08:24:09,559 [a8ae9c07-6d89-4a49-a594-cacd4b776180@group-0E159EE4F99E-LeaderElection320] INFO  impl.LeaderElection (LeaderElection.java:logAndReturn(56)) - a8ae9c07-6d89-4a49-a594-cacd4b776180@group-0E159EE4F99E-LeaderElection320: Election REJECTED; received 2 response(s) [a8ae9c07-6d89-4a49-a594-cacd4b776180<-caafcba9-090a-41f5-a5f9-cba5a6a81e94#0:FAIL-t171, a8ae9c07-6d89-4a49-a594-cacd4b776180<-b3bb9051-8089-4c51-a999-81579e5913f2#0:FAIL-t171] and 0 exception(s); a8ae9c07-6d89-4a49-a594-cacd4b776180@group-0E159EE4F99E:t171, leader=null, voted=a8ae9c07-6d89-4a49-a594-cacd4b776180, raftlog=a8ae9c07-6d89-4a49-a594-cacd4b776180@group-0E159EE4F99E-SegmentedRaftLog:OPENED:c-1,f-1,i0, conf=-1: [caafcba9-090a-41f5-a5f9-cba5a6a81e94:192.168.164.217:37197, a8ae9c07-6d89-4a49-a594-cacd4b776180:192.168.164.217:42719, b3bb9051-8089-4c51-a999-81579e5913f2:192.168.164.217:36516], old=null
2019-11-05 08:24:09,559 [a8ae9c07-6d89-4a49-a594-cacd4b776180@group-0E159EE4F99E-LeaderElection320] INFO  impl.RaftServerImpl (RaftServerImpl.java:setRole(184)) - a8ae9c07-6d89-4a49-a594-cacd4b776180@group-0E159EE4F99E: changes role from CANDIDATE to FOLLOWER at term 171 for DISCOVERED_A_NEW_TERM
2019-11-05 08:24:09,560 [a8ae9c07-6d89-4a49-a594-cacd4b776180@group-0E159EE4F99E-LeaderElection320] INFO  impl.RoleInfo (RoleInfo.java:shutdownLeaderElection(134)) - a8ae9c07-6d89-4a49-a594-cacd4b776180: shutdown LeaderElection
2019-11-05 08:24:09,560 [a8ae9c07-6d89-4a49-a594-cacd4b776180@group-0E159EE4F99E-LeaderElection320] INFO  impl.RoleInfo (RoleInfo.java:updateAndGet(143)) - a8ae9c07-6d89-4a49-a594-cacd4b776180: start FollowerState
2019-11-05 08:24:09,560 [grpc-default-executor-4] INFO  impl.RaftServerImpl (RaftServerImpl.java:setRole(184)) - 77ab65e6-d942-49df-83a3-1d4c0bf152b3@group-0DB8C7688BF9: changes role from  FOLLOWER to FOLLOWER at term 161 for recognizeCandidate:4a682f4f-c3f2-4b77-88b7-f0ab78890feb
2019-11-05 08:24:09,560 [grpc-default-executor-4] INFO  impl.RoleInfo (RoleInfo.java:shutdownFollowerState(121)) - 77ab65e6-d942-49df-83a3-1d4c0bf152b3: shutdown FollowerState
2019-11-05 08:24:09,560 [grpc-default-executor-4] INFO  impl.RoleInfo (RoleInfo.java:updateAndGet(143)) - 77ab65e6-d942-49df-83a3-1d4c0bf152b3: start FollowerState
2019-11-05 08:24:09,560 [grpc-default-executor-3] INFO  impl.RaftServerImpl (RaftServerImpl.java:setRole(184)) - 7e1b84a9-a041-44fd-8008-f2679426984c@group-0DB8C7688BF9: changes role from  FOLLOWER to FOLLOWER at term 161 for recognizeCandidate:4a682f4f-c3f2-4b77-88b7-f0ab78890feb
2019-11-05 08:24:09,560 [Thread-2535] INFO  impl.FollowerState (FollowerState.java:run(117)) - 77ab65e6-d942-49df-83a3-1d4c0bf152b3@group-0DB8C7688BF9-FollowerState was interrupted: java.lang.InterruptedException: sleep interrupted
2019-11-05 08:24:09,561 [grpc-default-executor-3] INFO  impl.RoleInfo (RoleInfo.java:shutdownFollowerState(121)) - 7e1b84a9-a041-44fd-8008-f2679426984c: shutdown FollowerState
2019-11-05 08:24:09,561 [grpc-default-executor-3] INFO  impl.RoleInfo (RoleInfo.java:updateAndGet(143)) - 7e1b84a9-a041-44fd-8008-f2679426984c: start FollowerState
2019-11-05 08:24:09,561 [Thread-2536] INFO  impl.FollowerState (FollowerState.java:run(117)) - 7e1b84a9-a041-44fd-8008-f2679426984c@group-0DB8C7688BF9-FollowerState was interrupted: java.lang.InterruptedException: sleep interrupted
2019-11-05 08:24:09,574 [Datanode State Machine Thread - 0] INFO  statemachine.DatanodeStateMachine (DatanodeStateMachine.java:lambda$startDaemon$0(350)) - Ozone container server started.
2019-11-05 08:24:09,586 [4a682f4f-c3f2-4b77-88b7-f0ab78890feb@group-0DB8C7688BF9-LeaderElection321] INFO  impl.LeaderElection (LeaderElection.java:logAndReturn(56)) - 4a682f4f-c3f2-4b77-88b7-f0ab78890feb@group-0DB8C7688BF9-LeaderElection321: Election REJECTED; received 2 response(s) [4a682f4f-c3f2-4b77-88b7-f0ab78890feb<-77ab65e6-d942-49df-83a3-1d4c0bf152b3#0:FAIL-t161, 4a682f4f-c3f2-4b77-88b7-f0ab78890feb<-7e1b84a9-a041-44fd-8008-f2679426984c#0:FAIL-t161] and 0 exception(s); 4a682f4f-c3f2-4b77-88b7-f0ab78890feb@group-0DB8C7688BF9:t161, leader=null, voted=4a682f4f-c3f2-4b77-88b7-f0ab78890feb, raftlog=4a682f4f-c3f2-4b77-88b7-f0ab78890feb@group-0DB8C7688BF9-SegmentedRaftLog:OPENED:c-1,f-1,i0, conf=-1: [77ab65e6-d942-49df-83a3-1d4c0bf152b3:192.168.164.217:39381, 7e1b84a9-a041-44fd-8008-f2679426984c:192.168.164.217:44149, 4a682f4f-c3f2-4b77-88b7-f0ab78890feb:192.168.164.217:34174], old=null
2019-11-05 08:24:09,586 [4a682f4f-c3f2-4b77-88b7-f0ab78890feb@group-0DB8C7688BF9-LeaderElection321] INFO  impl.RaftServerImpl (RaftServerImpl.java:setRole(184)) - 4a682f4f-c3f2-4b77-88b7-f0ab78890feb@group-0DB8C7688BF9: changes role from CANDIDATE to FOLLOWER at term 161 for DISCOVERED_A_NEW_TERM
2019-11-05 08:24:09,586 [4a682f4f-c3f2-4b77-88b7-f0ab78890feb@group-0DB8C7688BF9-LeaderElection321] INFO  impl.RoleInfo (RoleInfo.java:shutdownLeaderElection(134)) - 4a682f4f-c3f2-4b77-88b7-f0ab78890feb: shutdown LeaderElection
2019-11-05 08:24:09,587 [4a682f4f-c3f2-4b77-88b7-f0ab78890feb@group-0DB8C7688BF9-LeaderElection321] INFO  impl.RoleInfo (RoleInfo.java:updateAndGet(143)) - 4a682f4f-c3f2-4b77-88b7-f0ab78890feb: start FollowerState
2019-11-05 08:24:09,696 [Thread-2546] INFO  impl.FollowerState (FollowerState.java:run(108)) - a8ae9c07-6d89-4a49-a594-cacd4b776180@group-0E159EE4F99E-FollowerState: change to CANDIDATE, lastRpcTime:136ms, electionTimeout:136ms
2019-11-05 08:24:09,696 [Thread-2546] INFO  impl.RoleInfo (RoleInfo.java:shutdownFollowerState(121)) - a8ae9c07-6d89-4a49-a594-cacd4b776180: shutdown FollowerState
2019-11-05 08:24:09,696 [Thread-2546] INFO  impl.RaftServerImpl (RaftServerImpl.java:setRole(184)) - a8ae9c07-6d89-4a49-a594-cacd4b776180@group-0E159EE4F99E: changes role from  FOLLOWER to CANDIDATE at term 171 for changeToCandidate
2019-11-05 08:24:09,696 [Thread-2546] INFO  impl.RoleInfo (RoleInfo.java:updateAndGet(143)) - a8ae9c07-6d89-4a49-a594-cacd4b776180: start LeaderElection
2019-11-05 08:24:09,710 [a8ae9c07-6d89-4a49-a594-cacd4b776180@group-0E159EE4F99E-LeaderElection322] INFO  impl.LeaderElection (LeaderElection.java:askForVotes(178)) - a8ae9c07-6d89-4a49-a594-cacd4b776180@group-0E159EE4F99E-LeaderElection322: begin an election at term 172 for -1: [caafcba9-090a-41f5-a5f9-cba5a6a81e94:192.168.164.217:37197, a8ae9c07-6d89-4a49-a594-cacd4b776180:192.168.164.217:42719, b3bb9051-8089-4c51-a999-81579e5913f2:192.168.164.217:36516], old=null
2019-11-05 08:24:09,712 [grpc-default-executor-3] INFO  impl.RaftServerImpl (RaftServerImpl.java:setRole(184)) - caafcba9-090a-41f5-a5f9-cba5a6a81e94@group-0E159EE4F99E: changes role from  FOLLOWER to FOLLOWER at term 172 for recognizeCandidate:a8ae9c07-6d89-4a49-a594-cacd4b776180
2019-11-05 08:24:09,712 [grpc-default-executor-3] INFO  impl.RoleInfo (RoleInfo.java:shutdownFollowerState(121)) - caafcba9-090a-41f5-a5f9-cba5a6a81e94: shutdown FollowerState
2019-11-05 08:24:09,712 [grpc-default-executor-4] INFO  impl.RaftServerImpl (RaftServerImpl.java:setRole(184)) - b3bb9051-8089-4c51-a999-81579e5913f2@group-0E159EE4F99E: changes role from  FOLLOWER to FOLLOWER at term 172 for recognizeCandidate:a8ae9c07-6d89-4a49-a594-cacd4b776180
2019-11-05 08:24:09,712 [Thread-2541] INFO  impl.FollowerState (FollowerState.java:run(117)) - caafcba9-090a-41f5-a5f9-cba5a6a81e94@group-0E159EE4F99E-FollowerState was interrupted: java.lang.InterruptedException: sleep interrupted
2019-11-05 08:24:09,712 [grpc-default-executor-3] INFO  impl.RoleInfo (RoleInfo.java:updateAndGet(143)) - caafcba9-090a-41f5-a5f9-cba5a6a81e94: start FollowerState
2019-11-05 08:24:09,712 [grpc-default-executor-4] INFO  impl.RoleInfo (RoleInfo.java:shutdownFollowerState(121)) - b3bb9051-8089-4c51-a999-81579e5913f2: shutdown FollowerState
2019-11-05 08:24:09,712 [grpc-default-executor-4] INFO  impl.RoleInfo (RoleInfo.java:updateAndGet(143)) - b3bb9051-8089-4c51-a999-81579e5913f2: start FollowerState
2019-11-05 08:24:09,713 [Thread-2542] INFO  impl.FollowerState (FollowerState.java:run(117)) - b3bb9051-8089-4c51-a999-81579e5913f2@group-0E159EE4F99E-FollowerState was interrupted: java.lang.InterruptedException: sleep interrupted
2019-11-05 08:24:09,726 [a8ae9c07-6d89-4a49-a594-cacd4b776180@group-0E159EE4F99E-LeaderElection322] INFO  impl.LeaderElection (LeaderElection.java:logAndReturn(56)) - a8ae9c07-6d89-4a49-a594-cacd4b776180@group-0E159EE4F99E-LeaderElection322: Election REJECTED; received 2 response(s) [a8ae9c07-6d89-4a49-a594-cacd4b776180<-caafcba9-090a-41f5-a5f9-cba5a6a81e94#0:FAIL-t172, a8ae9c07-6d89-4a49-a594-cacd4b776180<-b3bb9051-8089-4c51-a999-81579e5913f2#0:FAIL-t172] and 0 exception(s); a8ae9c07-6d89-4a49-a594-cacd4b776180@group-0E159EE4F99E:t172, leader=null, voted=a8ae9c07-6d89-4a49-a594-cacd4b776180, raftlog=a8ae9c07-6d89-4a49-a594-cacd4b776180@group-0E159EE4F99E-SegmentedRaftLog:OPENED:c-1,f-1,i0, conf=-1: [caafcba9-090a-41f5-a5f9-cba5a6a81e94:192.168.164.217:37197, a8ae9c07-6d89-4a49-a594-cacd4b776180:192.168.164.217:42719, b3bb9051-8089-4c51-a999-81579e5913f2:192.168.164.217:36516], old=null
2019-11-05 08:24:09,726 [a8ae9c07-6d89-4a49-a594-cacd4b776180@group-0E159EE4F99E-LeaderElection322] INFO  impl.RaftServerImpl (RaftServerImpl.java:setRole(184)) - a8ae9c07-6d89-4a49-a594-cacd4b776180@group-0E159EE4F99E: changes role from CANDIDATE to FOLLOWER at term 172 for DISCOVERED_A_NEW_TERM
2019-11-05 08:24:09,726 [a8ae9c07-6d89-4a49-a594-cacd4b776180@group-0E159EE4F99E-LeaderElection322] INFO  impl.RoleInfo (RoleInfo.java:shutdownLeaderElection(134)) - a8ae9c07-6d89-4a49-a594-cacd4b776180: shutdown LeaderElection
2019-11-05 08:24:09,726 [a8ae9c07-6d89-4a49-a594-cacd4b776180@group-0E159EE4F99E-LeaderElection322] INFO  impl.RoleInfo (RoleInfo.java:updateAndGet(143)) - a8ae9c07-6d89-4a49-a594-cacd4b776180: start FollowerState
2019-11-05 08:24:09,730 [Thread-2549] INFO  impl.FollowerState (FollowerState.java:run(108)) - 4a682f4f-c3f2-4b77-88b7-f0ab78890feb@group-0DB8C7688BF9-FollowerState: change to CANDIDATE, lastRpcTime:143ms, electionTimeout:143ms
2019-11-05 08:24:09,730 [Thread-2549] INFO  impl.RoleInfo (RoleInfo.java:shutdownFollowerState(121)) - 4a682f4f-c3f2-4b77-88b7-f0ab78890feb: shutdown FollowerState
2019-11-05 08:24:09,730 [Thread-2549] INFO  impl.RaftServerImpl (RaftServerImpl.java:setRole(184)) - 4a682f4f-c3f2-4b77-88b7-f0ab78890feb@group-0DB8C7688BF9: changes role from  FOLLOWER to CANDIDATE at term 161 for changeToCandidate
2019-11-05 08:24:09,730 [Thread-2549] INFO  impl.RoleInfo (RoleInfo.java:updateAndGet(143)) - 4a682f4f-c3f2-4b77-88b7-f0ab78890feb: start LeaderElection
2019-11-05 08:24:09,748 [4a682f4f-c3f2-4b77-88b7-f0ab78890feb@group-0DB8C7688BF9-LeaderElection323] INFO  impl.LeaderElection (LeaderElection.java:askForVotes(178)) - 4a682f4f-c3f2-4b77-88b7-f0ab78890feb@group-0DB8C7688BF9-LeaderElection323: begin an election at term 162 for -1: [77ab65e6-d942-49df-83a3-1d4c0bf152b3:192.168.164.217:39381, 7e1b84a9-a041-44fd-8008-f2679426984c:192.168.164.217:44149, 4a682f4f-c3f2-4b77-88b7-f0ab78890feb:192.168.164.217:34174], old=null
2019-11-05 08:24:09,749 [grpc-default-executor-3] INFO  impl.RaftServerImpl (RaftServerImpl.java:setRole(184)) - 77ab65e6-d942-49df-83a3-1d4c0bf152b3@group-0DB8C7688BF9: changes role from  FOLLOWER to FOLLOWER at term 162 for recognizeCandidate:4a682f4f-c3f2-4b77-88b7-f0ab78890feb
2019-11-05 08:24:09,749 [grpc-default-executor-3] INFO  impl.RoleInfo (RoleInfo.java:shutdownFollowerState(121)) - 77ab65e6-d942-49df-83a3-1d4c0bf152b3: shutdown FollowerState
2019-11-05 08:24:09,749 [grpc-default-executor-4] INFO  impl.RaftServerImpl (RaftServerImpl.java:setRole(184)) - 7e1b84a9-a041-44fd-8008-f2679426984c@group-0DB8C7688BF9: changes role from  FOLLOWER to FOLLOWER at term 162 for recognizeCandidate:4a682f4f-c3f2-4b77-88b7-f0ab78890feb
2019-11-05 08:24:09,749 [Thread-2547] INFO  impl.FollowerState (FollowerState.java:run(117)) - 77ab65e6-d942-49df-83a3-1d4c0bf152b3@group-0DB8C7688BF9-FollowerState was interrupted: java.lang.InterruptedException: sleep interrupted
2019-11-05 08:24:09,749 [grpc-default-executor-3] INFO  impl.RoleInfo (RoleInfo.java:updateAndGet(143)) - 77ab65e6-d942-49df-83a3-1d4c0bf152b3: start FollowerState
2019-11-05 08:24:09,750 [grpc-default-executor-4] INFO  impl.RoleInfo (RoleInfo.java:shutdownFollowerState(121)) - 7e1b84a9-a041-44fd-8008-f2679426984c: shutdown FollowerState
2019-11-05 08:24:09,750 [grpc-default-executor-4] INFO  impl.RoleInfo (RoleInfo.java:updateAndGet(143)) - 7e1b84a9-a041-44fd-8008-f2679426984c: start FollowerState
2019-11-05 08:24:09,750 [Thread-2548] INFO  impl.FollowerState (FollowerState.java:run(117)) - 7e1b84a9-a041-44fd-8008-f2679426984c@group-0DB8C7688BF9-FollowerState was interrupted: java.lang.InterruptedException: sleep interrupted
2019-11-05 08:24:09,762 [4a682f4f-c3f2-4b77-88b7-f0ab78890feb@group-0DB8C7688BF9-LeaderElection323] INFO  impl.LeaderElection (LeaderElection.java:logAndReturn(56)) - 4a682f4f-c3f2-4b77-88b7-f0ab78890feb@group-0DB8C7688BF9-LeaderElection323: Election REJECTED; received 2 response(s) [4a682f4f-c3f2-4b77-88b7-f0ab78890feb<-77ab65e6-d942-49df-83a3-1d4c0bf152b3#0:FAIL-t162, 4a682f4f-c3f2-4b77-88b7-f0ab78890feb<-7e1b84a9-a041-44fd-8008-f2679426984c#0:FAIL-t162] and 0 exception(s); 4a682f4f-c3f2-4b77-88b7-f0ab78890feb@group-0DB8C7688BF9:t162, leader=null, voted=4a682f4f-c3f2-4b77-88b7-f0ab78890feb, raftlog=4a682f4f-c3f2-4b77-88b7-f0ab78890feb@group-0DB8C7688BF9-SegmentedRaftLog:OPENED:c-1,f-1,i0, conf=-1: [77ab65e6-d942-49df-83a3-1d4c0bf152b3:192.168.164.217:39381, 7e1b84a9-a041-44fd-8008-f2679426984c:192.168.164.217:44149, 4a682f4f-c3f2-4b77-88b7-f0ab78890feb:192.168.164.217:34174], old=null
2019-11-05 08:24:09,762 [4a682f4f-c3f2-4b77-88b7-f0ab78890feb@group-0DB8C7688BF9-LeaderElection323] INFO  impl.RaftServerImpl (RaftServerImpl.java:setRole(184)) - 4a682f4f-c3f2-4b77-88b7-f0ab78890feb@group-0DB8C7688BF9: changes role from CANDIDATE to FOLLOWER at term 162 for DISCOVERED_A_NEW_TERM
2019-11-05 08:24:09,762 [4a682f4f-c3f2-4b77-88b7-f0ab78890feb@group-0DB8C7688BF9-LeaderElection323] INFO  impl.RoleInfo (RoleInfo.java:shutdownLeaderElection(134)) - 4a682f4f-c3f2-4b77-88b7-f0ab78890feb: shutdown LeaderElection
2019-11-05 08:24:09,762 [4a682f4f-c3f2-4b77-88b7-f0ab78890feb@group-0DB8C7688BF9-LeaderElection323] INFO  impl.RoleInfo (RoleInfo.java:updateAndGet(143)) - 4a682f4f-c3f2-4b77-88b7-f0ab78890feb: start FollowerState
2019-11-05 08:24:09,764 [Thread-2563] INFO  impl.FollowerState (FollowerState.java:run(108)) - 4a682f4f-c3f2-4b77-88b7-f0ab78890feb@group-0DB8C7688BF9-FollowerState: change to CANDIDATE, lastRpcTime:1ms, electionTimeout:1ms
2019-11-05 08:24:09,764 [Thread-2563] INFO  impl.RoleInfo (RoleInfo.java:shutdownFollowerState(121)) - 4a682f4f-c3f2-4b77-88b7-f0ab78890feb: shutdown FollowerState
2019-11-05 08:24:09,764 [Thread-2563] INFO  impl.RaftServerImpl (RaftServerImpl.java:setRole(184)) - 4a682f4f-c3f2-4b77-88b7-f0ab78890feb@group-0DB8C7688BF9: changes role from  FOLLOWER to CANDIDATE at term 162 for changeToCandidate
2019-11-05 08:24:09,764 [Thread-2563] INFO  impl.RoleInfo (RoleInfo.java:updateAndGet(143)) - 4a682f4f-c3f2-4b77-88b7-f0ab78890feb: start LeaderElection
2019-11-05 08:24:09,777 [4a682f4f-c3f2-4b77-88b7-f0ab78890feb@group-0DB8C7688BF9-LeaderElection324] INFO  impl.LeaderElection (LeaderElection.java:askForVotes(178)) - 4a682f4f-c3f2-4b77-88b7-f0ab78890feb@group-0DB8C7688BF9-LeaderElection324: begin an election at term 163 for -1: [77ab65e6-d942-49df-83a3-1d4c0bf152b3:192.168.164.217:39381, 7e1b84a9-a041-44fd-8008-f2679426984c:192.168.164.217:44149, 4a682f4f-c3f2-4b77-88b7-f0ab78890feb:192.168.164.217:34174], old=null
2019-11-05 08:24:09,784 [grpc-default-executor-3] INFO  impl.RaftServerImpl (RaftServerImpl.java:setRole(184)) - 77ab65e6-d942-49df-83a3-1d4c0bf152b3@group-0DB8C7688BF9: changes role from  FOLLOWER to FOLLOWER at term 163 for recognizeCandidate:4a682f4f-c3f2-4b77-88b7-f0ab78890feb
2019-11-05 08:24:09,785 [grpc-default-executor-3] INFO  impl.RoleInfo (RoleInfo.java:shutdownFollowerState(121)) - 77ab65e6-d942-49df-83a3-1d4c0bf152b3: shutdown FollowerState
2019-11-05 08:24:09,785 [grpc-default-executor-4] INFO  impl.RaftServerImpl (RaftServerImpl.java:setRole(184)) - 7e1b84a9-a041-44fd-8008-f2679426984c@group-0DB8C7688BF9: changes role from  FOLLOWER to FOLLOWER at term 163 for recognizeCandidate:4a682f4f-c3f2-4b77-88b7-f0ab78890feb
2019-11-05 08:24:09,785 [grpc-default-executor-4] INFO  impl.RoleInfo (RoleInfo.java:shutdownFollowerState(121)) - 7e1b84a9-a041-44fd-8008-f2679426984c: shutdown FollowerState
2019-11-05 08:24:09,785 [grpc-default-executor-3] INFO  impl.RoleInfo (RoleInfo.java:updateAndGet(143)) - 77ab65e6-d942-49df-83a3-1d4c0bf152b3: start FollowerState
2019-11-05 08:24:09,785 [Thread-2561] INFO  impl.FollowerState (FollowerState.java:run(117)) - 77ab65e6-d942-49df-83a3-1d4c0bf152b3@group-0DB8C7688BF9-FollowerState was interrupted: java.lang.InterruptedException: sleep interrupted
2019-11-05 08:24:09,785 [grpc-default-executor-4] INFO  impl.RoleInfo (RoleInfo.java:updateAndGet(143)) - 7e1b84a9-a041-44fd-8008-f2679426984c: start FollowerState
2019-11-05 08:24:09,785 [Thread-2562] INFO  impl.FollowerState (FollowerState.java:run(117)) - 7e1b84a9-a041-44fd-8008-f2679426984c@group-0DB8C7688BF9-FollowerState was interrupted: java.lang.InterruptedException: sleep interrupted
2019-11-05 08:24:09,799 [4a682f4f-c3f2-4b77-88b7-f0ab78890feb@group-0DB8C7688BF9-LeaderElection324] INFO  impl.LeaderElection (LeaderElection.java:logAndReturn(56)) - 4a682f4f-c3f2-4b77-88b7-f0ab78890feb@group-0DB8C7688BF9-LeaderElection324: Election REJECTED; received 2 response(s) [4a682f4f-c3f2-4b77-88b7-f0ab78890feb<-77ab65e6-d942-49df-83a3-1d4c0bf152b3#0:FAIL-t163, 4a682f4f-c3f2-4b77-88b7-f0ab78890feb<-7e1b84a9-a041-44fd-8008-f2679426984c#0:FAIL-t163] and 0 exception(s); 4a682f4f-c3f2-4b77-88b7-f0ab78890feb@group-0DB8C7688BF9:t163, leader=null, voted=4a682f4f-c3f2-4b77-88b7-f0ab78890feb, raftlog=4a682f4f-c3f2-4b77-88b7-f0ab78890feb@group-0DB8C7688BF9-SegmentedRaftLog:OPENED:c-1,f-1,i0, conf=-1: [77ab65e6-d942-49df-83a3-1d4c0bf152b3:192.168.164.217:39381, 7e1b84a9-a041-44fd-8008-f2679426984c:192.168.164.217:44149, 4a682f4f-c3f2-4b77-88b7-f0ab78890feb:192.168.164.217:34174], old=null
2019-11-05 08:24:09,799 [4a682f4f-c3f2-4b77-88b7-f0ab78890feb@group-0DB8C7688BF9-LeaderElection324] INFO  impl.RaftServerImpl (RaftServerImpl.java:setRole(184)) - 4a682f4f-c3f2-4b77-88b7-f0ab78890feb@group-0DB8C7688BF9: changes role from CANDIDATE to FOLLOWER at term 163 for DISCOVERED_A_NEW_TERM
2019-11-05 08:24:09,799 [4a682f4f-c3f2-4b77-88b7-f0ab78890feb@group-0DB8C7688BF9-LeaderElection324] INFO  impl.RoleInfo (RoleInfo.java:shutdownLeaderElection(134)) - 4a682f4f-c3f2-4b77-88b7-f0ab78890feb: shutdown LeaderElection
2019-11-05 08:24:09,800 [4a682f4f-c3f2-4b77-88b7-f0ab78890feb@group-0DB8C7688BF9-LeaderElection324] INFO  impl.RoleInfo (RoleInfo.java:updateAndGet(143)) - 4a682f4f-c3f2-4b77-88b7-f0ab78890feb: start FollowerState
2019-11-05 08:24:09,807 [Thread-2557] INFO  impl.FollowerState (FollowerState.java:run(108)) - a8ae9c07-6d89-4a49-a594-cacd4b776180@group-0E159EE4F99E-FollowerState: change to CANDIDATE, lastRpcTime:80ms, electionTimeout:80ms
2019-11-05 08:24:09,807 [Thread-2557] INFO  impl.RoleInfo (RoleInfo.java:shutdownFollowerState(121)) - a8ae9c07-6d89-4a49-a594-cacd4b776180: shutdown FollowerState
2019-11-05 08:24:09,807 [Thread-2557] INFO  impl.RaftServerImpl (RaftServerImpl.java:setRole(184)) - a8ae9c07-6d89-4a49-a594-cacd4b776180@group-0E159EE4F99E: changes role from  FOLLOWER to CANDIDATE at term 172 for changeToCandidate
2019-11-05 08:24:09,807 [Thread-2557] INFO  impl.RoleInfo (RoleInfo.java:updateAndGet(143)) - a8ae9c07-6d89-4a49-a594-cacd4b776180: start LeaderElection
2019-11-05 08:24:09,821 [a8ae9c07-6d89-4a49-a594-cacd4b776180@group-0E159EE4F99E-LeaderElection325] INFO  impl.LeaderElection (LeaderElection.java:askForVotes(178)) - a8ae9c07-6d89-4a49-a594-cacd4b776180@group-0E159EE4F99E-LeaderElection325: begin an election at term 173 for -1: [caafcba9-090a-41f5-a5f9-cba5a6a81e94:192.168.164.217:37197, a8ae9c07-6d89-4a49-a594-cacd4b776180:192.168.164.217:42719, b3bb9051-8089-4c51-a999-81579e5913f2:192.168.164.217:36516], old=null
2019-11-05 08:24:09,823 [grpc-default-executor-4] INFO  impl.RaftServerImpl (RaftServerImpl.java:setRole(184)) - b3bb9051-8089-4c51-a999-81579e5913f2@group-0E159EE4F99E: changes role from  FOLLOWER to FOLLOWER at term 173 for recognizeCandidate:a8ae9c07-6d89-4a49-a594-cacd4b776180
2019-11-05 08:24:09,823 [grpc-default-executor-3] INFO  impl.RaftServerImpl (RaftServerImpl.java:setRole(184)) - caafcba9-090a-41f5-a5f9-cba5a6a81e94@group-0E159EE4F99E: changes role from  FOLLOWER to FOLLOWER at term 173 for recognizeCandidate:a8ae9c07-6d89-4a49-a594-cacd4b776180
2019-11-05 08:24:09,823 [grpc-default-executor-4] INFO  impl.RoleInfo (RoleInfo.java:shutdownFollowerState(121)) - b3bb9051-8089-4c51-a999-81579e5913f2: shutdown FollowerState
2019-11-05 08:24:09,823 [grpc-default-executor-3] INFO  impl.RoleInfo (RoleInfo.java:shutdownFollowerState(121)) - caafcba9-090a-41f5-a5f9-cba5a6a81e94: shutdown FollowerState
2019-11-05 08:24:09,823 [Thread-2554] INFO  impl.FollowerState (FollowerState.java:run(117)) - b3bb9051-8089-4c51-a999-81579e5913f2@group-0E159EE4F99E-FollowerState was interrupted: java.lang.InterruptedException: sleep interrupted
2019-11-05 08:24:09,823 [Thread-2553] INFO  impl.FollowerState (FollowerState.java:run(117)) - caafcba9-090a-41f5-a5f9-cba5a6a81e94@group-0E159EE4F99E-FollowerState was interrupted: java.lang.InterruptedException: sleep interrupted
2019-11-05 08:24:09,823 [grpc-default-executor-4] INFO  impl.RoleInfo (RoleInfo.java:updateAndGet(143)) - b3bb9051-8089-4c51-a999-81579e5913f2: start FollowerState
2019-11-05 08:24:09,823 [grpc-default-executor-3] INFO  impl.RoleInfo (RoleInfo.java:updateAndGet(143)) - caafcba9-090a-41f5-a5f9-cba5a6a81e94: start FollowerState
2019-11-05 08:24:09,838 [a8ae9c07-6d89-4a49-a594-cacd4b776180@group-0E159EE4F99E-LeaderElection325] INFO  impl.LeaderElection (LeaderElection.java:logAndReturn(56)) - a8ae9c07-6d89-4a49-a594-cacd4b776180@group-0E159EE4F99E-LeaderElection325: Election REJECTED; received 2 response(s) [a8ae9c07-6d89-4a49-a594-cacd4b776180<-caafcba9-090a-41f5-a5f9-cba5a6a81e94#0:FAIL-t173, a8ae9c07-6d89-4a49-a594-cacd4b776180<-b3bb9051-8089-4c51-a999-81579e5913f2#0:FAIL-t173] and 0 exception(s); a8ae9c07-6d89-4a49-a594-cacd4b776180@group-0E159EE4F99E:t173, leader=null, voted=a8ae9c07-6d89-4a49-a594-cacd4b776180, raftlog=a8ae9c07-6d89-4a49-a594-cacd4b776180@group-0E159EE4F99E-SegmentedRaftLog:OPENED:c-1,f-1,i0, conf=-1: [caafcba9-090a-41f5-a5f9-cba5a6a81e94:192.168.164.217:37197, a8ae9c07-6d89-4a49-a594-cacd4b776180:192.168.164.217:42719, b3bb9051-8089-4c51-a999-81579e5913f2:192.168.164.217:36516], old=null
2019-11-05 08:24:09,838 [a8ae9c07-6d89-4a49-a594-cacd4b776180@group-0E159EE4F99E-LeaderElection325] INFO  impl.RaftServerImpl (RaftServerImpl.java:setRole(184)) - a8ae9c07-6d89-4a49-a594-cacd4b776180@group-0E159EE4F99E: changes role from CANDIDATE to FOLLOWER at term 173 for DISCOVERED_A_NEW_TERM
2019-11-05 08:24:09,838 [a8ae9c07-6d89-4a49-a594-cacd4b776180@group-0E159EE4F99E-LeaderElection325] INFO  impl.RoleInfo (RoleInfo.java:shutdownLeaderElection(134)) - a8ae9c07-6d89-4a49-a594-cacd4b776180: shutdown LeaderElection
2019-11-05 08:24:09,838 [a8ae9c07-6d89-4a49-a594-cacd4b776180@group-0E159EE4F99E-LeaderElection325] INFO  impl.RoleInfo (RoleInfo.java:updateAndGet(143)) - a8ae9c07-6d89-4a49-a594-cacd4b776180: start FollowerState
2019-11-05 08:24:09,845 [Thread-2575] INFO  impl.FollowerState (FollowerState.java:run(108)) - a8ae9c07-6d89-4a49-a594-cacd4b776180@group-0E159EE4F99E-FollowerState: change to CANDIDATE, lastRpcTime:7ms, electionTimeout:7ms
2019-11-05 08:24:09,845 [Thread-2575] INFO  impl.RoleInfo (RoleInfo.java:shutdownFollowerState(121)) - a8ae9c07-6d89-4a49-a594-cacd4b776180: shutdown FollowerState
2019-11-05 08:24:09,846 [Thread-2575] INFO  impl.RaftServerImpl (RaftServerImpl.java:setRole(184)) - a8ae9c07-6d89-4a49-a594-cacd4b776180@group-0E159EE4F99E: changes role from  FOLLOWER to CANDIDATE at term 173 for changeToCandidate
2019-11-05 08:24:09,846 [Thread-2575] INFO  impl.RoleInfo (RoleInfo.java:updateAndGet(143)) - a8ae9c07-6d89-4a49-a594-cacd4b776180: start LeaderElection
2019-11-05 08:24:09,857 [Thread-2569] INFO  impl.FollowerState (FollowerState.java:run(108)) - 4a682f4f-c3f2-4b77-88b7-f0ab78890feb@group-0DB8C7688BF9-FollowerState: change to CANDIDATE, lastRpcTime:57ms, electionTimeout:57ms
2019-11-05 08:24:09,857 [Thread-2569] INFO  impl.RoleInfo (RoleInfo.java:shutdownFollowerState(121)) - 4a682f4f-c3f2-4b77-88b7-f0ab78890feb: shutdown FollowerState
2019-11-05 08:24:09,857 [Thread-2569] INFO  impl.RaftServerImpl (RaftServerImpl.java:setRole(184)) - 4a682f4f-c3f2-4b77-88b7-f0ab78890feb@group-0DB8C7688BF9: changes role from  FOLLOWER to CANDIDATE at term 163 for changeToCandidate
2019-11-05 08:24:09,857 [Thread-2569] INFO  impl.RoleInfo (RoleInfo.java:updateAndGet(143)) - 4a682f4f-c3f2-4b77-88b7-f0ab78890feb: start LeaderElection
2019-11-05 08:24:09,859 [a8ae9c07-6d89-4a49-a594-cacd4b776180@group-0E159EE4F99E-LeaderElection326] INFO  impl.LeaderElection (LeaderElection.java:askForVotes(178)) - a8ae9c07-6d89-4a49-a594-cacd4b776180@group-0E159EE4F99E-LeaderElection326: begin an election at term 174 for -1: [caafcba9-090a-41f5-a5f9-cba5a6a81e94:192.168.164.217:37197, a8ae9c07-6d89-4a49-a594-cacd4b776180:192.168.164.217:42719, b3bb9051-8089-4c51-a999-81579e5913f2:192.168.164.217:36516], old=null
2019-11-05 08:24:09,860 [grpc-default-executor-4] INFO  impl.RaftServerImpl (RaftServerImpl.java:setRole(184)) - caafcba9-090a-41f5-a5f9-cba5a6a81e94@group-0E159EE4F99E: changes role from  FOLLOWER to FOLLOWER at term 174 for recognizeCandidate:a8ae9c07-6d89-4a49-a594-cacd4b776180
2019-11-05 08:24:09,860 [grpc-default-executor-4] INFO  impl.RoleInfo (RoleInfo.java:shutdownFollowerState(121)) - caafcba9-090a-41f5-a5f9-cba5a6a81e94: shutdown FollowerState
2019-11-05 08:24:09,860 [grpc-default-executor-3] INFO  impl.RaftServerImpl (RaftServerImpl.java:setRole(184)) - b3bb9051-8089-4c51-a999-81579e5913f2@group-0E159EE4F99E: changes role from  FOLLOWER to FOLLOWER at term 174 for recognizeCandidate:a8ae9c07-6d89-4a49-a594-cacd4b776180
2019-11-05 08:24:09,860 [Thread-2574] INFO  impl.FollowerState (FollowerState.java:run(117)) - caafcba9-090a-41f5-a5f9-cba5a6a81e94@group-0E159EE4F99E-FollowerState was interrupted: java.lang.InterruptedException: sleep interrupted
2019-11-05 08:24:09,860 [grpc-default-executor-4] INFO  impl.RoleInfo (RoleInfo.java:updateAndGet(143)) - caafcba9-090a-41f5-a5f9-cba5a6a81e94: start FollowerState
2019-11-05 08:24:09,861 [4a682f4f-c3f2-4b77-88b7-f0ab78890feb@group-0DB8C7688BF9-LeaderElection327] INFO  impl.LeaderElection (LeaderElection.java:askForVotes(178)) - 4a682f4f-c3f2-4b77-88b7-f0ab78890feb@group-0DB8C7688BF9-LeaderElection327: begin an election at term 164 for -1: [77ab65e6-d942-49df-83a3-1d4c0bf152b3:192.168.164.217:39381, 7e1b84a9-a041-44fd-8008-f2679426984c:192.168.164.217:44149, 4a682f4f-c3f2-4b77-88b7-f0ab78890feb:192.168.164.217:34174], old=null
2019-11-05 08:24:09,860 [grpc-default-executor-3] INFO  impl.RoleInfo (RoleInfo.java:shutdownFollowerState(121)) - b3bb9051-8089-4c51-a999-81579e5913f2: shutdown FollowerState
2019-11-05 08:24:09,861 [Thread-2573] INFO  impl.FollowerState (FollowerState.java:run(117)) - b3bb9051-8089-4c51-a999-81579e5913f2@group-0E159EE4F99E-FollowerState was interrupted: java.lang.InterruptedException: sleep interrupted
2019-11-05 08:24:09,861 [grpc-default-executor-3] INFO  impl.RoleInfo (RoleInfo.java:updateAndGet(143)) - b3bb9051-8089-4c51-a999-81579e5913f2: start FollowerState
2019-11-05 08:24:09,862 [grpc-default-executor-0] INFO  impl.RaftServerImpl (RaftServerImpl.java:setRole(184)) - 77ab65e6-d942-49df-83a3-1d4c0bf152b3@group-0DB8C7688BF9: changes role from  FOLLOWER to FOLLOWER at term 164 for recognizeCandidate:4a682f4f-c3f2-4b77-88b7-f0ab78890feb
2019-11-05 08:24:09,862 [grpc-default-executor-0] INFO  impl.RoleInfo (RoleInfo.java:shutdownFollowerState(121)) - 77ab65e6-d942-49df-83a3-1d4c0bf152b3: shutdown FollowerState
2019-11-05 08:24:09,862 [grpc-default-executor-0] INFO  impl.RoleInfo (RoleInfo.java:updateAndGet(143)) - 77ab65e6-d942-49df-83a3-1d4c0bf152b3: start FollowerState
2019-11-05 08:24:09,862 [Thread-2567] INFO  impl.FollowerState (FollowerState.java:run(117)) - 77ab65e6-d942-49df-83a3-1d4c0bf152b3@group-0DB8C7688BF9-FollowerState was interrupted: java.lang.InterruptedException: sleep interrupted
2019-11-05 08:24:09,862 [grpc-default-executor-1] INFO  impl.RaftServerImpl (RaftServerImpl.java:setRole(184)) - 7e1b84a9-a041-44fd-8008-f2679426984c@group-0DB8C7688BF9: changes role from  FOLLOWER to FOLLOWER at term 164 for recognizeCandidate:4a682f4f-c3f2-4b77-88b7-f0ab78890feb
2019-11-05 08:24:09,862 [grpc-default-executor-1] INFO  impl.RoleInfo (RoleInfo.java:shutdownFollowerState(121)) - 7e1b84a9-a041-44fd-8008-f2679426984c: shutdown FollowerState
2019-11-05 08:24:09,862 [grpc-default-executor-1] INFO  impl.RoleInfo (RoleInfo.java:updateAndGet(143)) - 7e1b84a9-a041-44fd-8008-f2679426984c: start FollowerState
2019-11-05 08:24:09,862 [Thread-2568] INFO  impl.FollowerState (FollowerState.java:run(117)) - 7e1b84a9-a041-44fd-8008-f2679426984c@group-0DB8C7688BF9-FollowerState was interrupted: java.lang.InterruptedException: sleep interrupted
2019-11-05 08:24:09,875 [a8ae9c07-6d89-4a49-a594-cacd4b776180@group-0E159EE4F99E-LeaderElection326] INFO  impl.LeaderElection (LeaderElection.java:logAndReturn(56)) - a8ae9c07-6d89-4a49-a594-cacd4b776180@group-0E159EE4F99E-LeaderElection326: Election REJECTED; received 2 response(s) [a8ae9c07-6d89-4a49-a594-cacd4b776180<-caafcba9-090a-41f5-a5f9-cba5a6a81e94#0:FAIL-t174, a8ae9c07-6d89-4a49-a594-cacd4b776180<-b3bb9051-8089-4c51-a999-81579e5913f2#0:FAIL-t174] and 0 exception(s); a8ae9c07-6d89-4a49-a594-cacd4b776180@group-0E159EE4F99E:t174, leader=null, voted=a8ae9c07-6d89-4a49-a594-cacd4b776180, raftlog=a8ae9c07-6d89-4a49-a594-cacd4b776180@group-0E159EE4F99E-SegmentedRaftLog:OPENED:c-1,f-1,i0, conf=-1: [caafcba9-090a-41f5-a5f9-cba5a6a81e94:192.168.164.217:37197, a8ae9c07-6d89-4a49-a594-cacd4b776180:192.168.164.217:42719, b3bb9051-8089-4c51-a999-81579e5913f2:192.168.164.217:36516], old=null
2019-11-05 08:24:09,875 [a8ae9c07-6d89-4a49-a594-cacd4b776180@group-0E159EE4F99E-LeaderElection326] INFO  impl.RaftServerImpl (RaftServerImpl.java:setRole(184)) - a8ae9c07-6d89-4a49-a594-cacd4b776180@group-0E159EE4F99E: changes role from CANDIDATE to FOLLOWER at term 174 for DISCOVERED_A_NEW_TERM
2019-11-05 08:24:09,875 [a8ae9c07-6d89-4a49-a594-cacd4b776180@group-0E159EE4F99E-LeaderElection326] INFO  impl.RoleInfo (RoleInfo.java:shutdownLeaderElection(134)) - a8ae9c07-6d89-4a49-a594-cacd4b776180: shutdown LeaderElection
2019-11-05 08:24:09,876 [a8ae9c07-6d89-4a49-a594-cacd4b776180@group-0E159EE4F99E-LeaderElection326] INFO  impl.RoleInfo (RoleInfo.java:updateAndGet(143)) - a8ae9c07-6d89-4a49-a594-cacd4b776180: start FollowerState
2019-11-05 08:24:09,876 [4a682f4f-c3f2-4b77-88b7-f0ab78890feb@group-0DB8C7688BF9-LeaderElection327] INFO  impl.LeaderElection (LeaderElection.java:logAndReturn(56)) - 4a682f4f-c3f2-4b77-88b7-f0ab78890feb@group-0DB8C7688BF9-LeaderElection327: Election REJECTED; received 2 response(s) [4a682f4f-c3f2-4b77-88b7-f0ab78890feb<-77ab65e6-d942-49df-83a3-1d4c0bf152b3#0:FAIL-t164, 4a682f4f-c3f2-4b77-88b7-f0ab78890feb<-7e1b84a9-a041-44fd-8008-f2679426984c#0:FAIL-t164] and 0 exception(s); 4a682f4f-c3f2-4b77-88b7-f0ab78890feb@group-0DB8C7688BF9:t164, leader=null, voted=4a682f4f-c3f2-4b77-88b7-f0ab78890feb, raftlog=4a682f4f-c3f2-4b77-88b7-f0ab78890feb@group-0DB8C7688BF9-SegmentedRaftLog:OPENED:c-1,f-1,i0, conf=-1: [77ab65e6-d942-49df-83a3-1d4c0bf152b3:192.168.164.217:39381, 7e1b84a9-a041-44fd-8008-f2679426984c:192.168.164.217:44149, 4a682f4f-c3f2-4b77-88b7-f0ab78890feb:192.168.164.217:34174], old=null
2019-11-05 08:24:09,876 [4a682f4f-c3f2-4b77-88b7-f0ab78890feb@group-0DB8C7688BF9-LeaderElection327] INFO  impl.RaftServerImpl (RaftServerImpl.java:setRole(184)) - 4a682f4f-c3f2-4b77-88b7-f0ab78890feb@group-0DB8C7688BF9: changes role from CANDIDATE to FOLLOWER at term 164 for DISCOVERED_A_NEW_TERM
2019-11-05 08:24:09,876 [4a682f4f-c3f2-4b77-88b7-f0ab78890feb@group-0DB8C7688BF9-LeaderElection327] INFO  impl.RoleInfo (RoleInfo.java:shutdownLeaderElection(134)) - 4a682f4f-c3f2-4b77-88b7-f0ab78890feb: shutdown LeaderElection
2019-11-05 08:24:09,876 [4a682f4f-c3f2-4b77-88b7-f0ab78890feb@group-0DB8C7688BF9-LeaderElection327] INFO  impl.RoleInfo (RoleInfo.java:updateAndGet(143)) - 4a682f4f-c3f2-4b77-88b7-f0ab78890feb: start FollowerState
2019-11-05 08:24:09,968 [Thread-2587] INFO  impl.FollowerState (FollowerState.java:run(108)) - 4a682f4f-c3f2-4b77-88b7-f0ab78890feb@group-0DB8C7688BF9-FollowerState: change to CANDIDATE, lastRpcTime:91ms, electionTimeout:91ms
2019-11-05 08:24:09,968 [Thread-2587] INFO  impl.RoleInfo (RoleInfo.java:shutdownFollowerState(121)) - 4a682f4f-c3f2-4b77-88b7-f0ab78890feb: shutdown FollowerState
2019-11-05 08:24:09,968 [Thread-2587] INFO  impl.RaftServerImpl (RaftServerImpl.java:setRole(184)) - 4a682f4f-c3f2-4b77-88b7-f0ab78890feb@group-0DB8C7688BF9: changes role from  FOLLOWER to CANDIDATE at term 164 for changeToCandidate
2019-11-05 08:24:09,968 [Thread-2587] INFO  impl.RoleInfo (RoleInfo.java:updateAndGet(143)) - 4a682f4f-c3f2-4b77-88b7-f0ab78890feb: start LeaderElection
2019-11-05 08:24:09,982 [4a682f4f-c3f2-4b77-88b7-f0ab78890feb@group-0DB8C7688BF9-LeaderElection328] INFO  impl.LeaderElection (LeaderElection.java:askForVotes(178)) - 4a682f4f-c3f2-4b77-88b7-f0ab78890feb@group-0DB8C7688BF9-LeaderElection328: begin an election at term 165 for -1: [77ab65e6-d942-49df-83a3-1d4c0bf152b3:192.168.164.217:39381, 7e1b84a9-a041-44fd-8008-f2679426984c:192.168.164.217:44149, 4a682f4f-c3f2-4b77-88b7-f0ab78890feb:192.168.164.217:34174], old=null
2019-11-05 08:24:09,984 [grpc-default-executor-3] INFO  impl.RaftServerImpl (RaftServerImpl.java:setRole(184)) - 77ab65e6-d942-49df-83a3-1d4c0bf152b3@group-0DB8C7688BF9: changes role from  FOLLOWER to FOLLOWER at term 165 for recognizeCandidate:4a682f4f-c3f2-4b77-88b7-f0ab78890feb
2019-11-05 08:24:09,984 [grpc-default-executor-0] INFO  impl.RaftServerImpl (RaftServerImpl.java:setRole(184)) - 7e1b84a9-a041-44fd-8008-f2679426984c@group-0DB8C7688BF9: changes role from  FOLLOWER to FOLLOWER at term 165 for recognizeCandidate:4a682f4f-c3f2-4b77-88b7-f0ab78890feb
2019-11-05 08:24:09,984 [grpc-default-executor-3] INFO  impl.RoleInfo (RoleInfo.java:shutdownFollowerState(121)) - 77ab65e6-d942-49df-83a3-1d4c0bf152b3: shutdown FollowerState
2019-11-05 08:24:09,985 [grpc-default-executor-0] INFO  impl.RoleInfo (RoleInfo.java:shutdownFollowerState(121)) - 7e1b84a9-a041-44fd-8008-f2679426984c: shutdown FollowerState
2019-11-05 08:24:09,985 [Thread-2584] INFO  impl.FollowerState (FollowerState.java:run(117)) - 77ab65e6-d942-49df-83a3-1d4c0bf152b3@group-0DB8C7688BF9-FollowerState was interrupted: java.lang.InterruptedException: sleep interrupted
2019-11-05 08:24:09,985 [grpc-default-executor-3] INFO  impl.RoleInfo (RoleInfo.java:updateAndGet(143)) - 77ab65e6-d942-49df-83a3-1d4c0bf152b3: start FollowerState
2019-11-05 08:24:09,985 [Thread-2585] INFO  impl.FollowerState (FollowerState.java:run(117)) - 7e1b84a9-a041-44fd-8008-f2679426984c@group-0DB8C7688BF9-FollowerState was interrupted: java.lang.InterruptedException: sleep interrupted
2019-11-05 08:24:09,985 [grpc-default-executor-0] INFO  impl.RoleInfo (RoleInfo.java:updateAndGet(143)) - 7e1b84a9-a041-44fd-8008-f2679426984c: start FollowerState
2019-11-05 08:24:09,999 [4a682f4f-c3f2-4b77-88b7-f0ab78890feb@group-0DB8C7688BF9-LeaderElection328] INFO  impl.LeaderElection (LeaderElection.java:logAndReturn(56)) - 4a682f4f-c3f2-4b77-88b7-f0ab78890feb@group-0DB8C7688BF9-LeaderElection328: Election REJECTED; received 2 response(s) [4a682f4f-c3f2-4b77-88b7-f0ab78890feb<-77ab65e6-d942-49df-83a3-1d4c0bf152b3#0:FAIL-t165, 4a682f4f-c3f2-4b77-88b7-f0ab78890feb<-7e1b84a9-a041-44fd-8008-f2679426984c#0:FAIL-t165] and 0 exception(s); 4a682f4f-c3f2-4b77-88b7-f0ab78890feb@group-0DB8C7688BF9:t165, leader=null, voted=4a682f4f-c3f2-4b77-88b7-f0ab78890feb, raftlog=4a682f4f-c3f2-4b77-88b7-f0ab78890feb@group-0DB8C7688BF9-SegmentedRaftLog:OPENED:c-1,f-1,i0, conf=-1: [77ab65e6-d942-49df-83a3-1d4c0bf152b3:192.168.164.217:39381, 7e1b84a9-a041-44fd-8008-f2679426984c:192.168.164.217:44149, 4a682f4f-c3f2-4b77-88b7-f0ab78890feb:192.168.164.217:34174], old=null
2019-11-05 08:24:09,999 [4a682f4f-c3f2-4b77-88b7-f0ab78890feb@group-0DB8C7688BF9-LeaderElection328] INFO  impl.RaftServerImpl (RaftServerImpl.java:setRole(184)) - 4a682f4f-c3f2-4b77-88b7-f0ab78890feb@group-0DB8C7688BF9: changes role from CANDIDATE to FOLLOWER at term 165 for DISCOVERED_A_NEW_TERM
2019-11-05 08:24:09,999 [4a682f4f-c3f2-4b77-88b7-f0ab78890feb@group-0DB8C7688BF9-LeaderElection328] INFO  impl.RoleInfo (RoleInfo.java:shutdownLeaderElection(134)) - 4a682f4f-c3f2-4b77-88b7-f0ab78890feb: shutdown LeaderElection
2019-11-05 08:24:09,999 [4a682f4f-c3f2-4b77-88b7-f0ab78890feb@group-0DB8C7688BF9-LeaderElection328] INFO  impl.RoleInfo (RoleInfo.java:updateAndGet(143)) - 4a682f4f-c3f2-4b77-88b7-f0ab78890feb: start FollowerState
2019-11-05 08:24:10,032 [Thread-2586] INFO  impl.FollowerState (FollowerState.java:run(108)) - a8ae9c07-6d89-4a49-a594-cacd4b776180@group-0E159EE4F99E-FollowerState: change to CANDIDATE, lastRpcTime:156ms, electionTimeout:156ms
2019-11-05 08:24:10,033 [Thread-2586] INFO  impl.RoleInfo (RoleInfo.java:shutdownFollowerState(121)) - a8ae9c07-6d89-4a49-a594-cacd4b776180: shutdown FollowerState
2019-11-05 08:24:10,033 [Thread-2586] INFO  impl.RaftServerImpl (RaftServerImpl.java:setRole(184)) - a8ae9c07-6d89-4a49-a594-cacd4b776180@group-0E159EE4F99E: changes role from  FOLLOWER to CANDIDATE at term 174 for changeToCandidate
2019-11-05 08:24:10,033 [Thread-2586] INFO  impl.RoleInfo (RoleInfo.java:updateAndGet(143)) - a8ae9c07-6d89-4a49-a594-cacd4b776180: start LeaderElection
2019-11-05 08:24:10,046 [a8ae9c07-6d89-4a49-a594-cacd4b776180@group-0E159EE4F99E-LeaderElection329] INFO  impl.LeaderElection (LeaderElection.java:askForVotes(178)) - a8ae9c07-6d89-4a49-a594-cacd4b776180@group-0E159EE4F99E-LeaderElection329: begin an election at term 175 for -1: [caafcba9-090a-41f5-a5f9-cba5a6a81e94:192.168.164.217:37197, a8ae9c07-6d89-4a49-a594-cacd4b776180:192.168.164.217:42719, b3bb9051-8089-4c51-a999-81579e5913f2:192.168.164.217:36516], old=null
2019-11-05 08:24:10,048 [grpc-default-executor-0] INFO  impl.RaftServerImpl (RaftServerImpl.java:setRole(184)) - caafcba9-090a-41f5-a5f9-cba5a6a81e94@group-0E159EE4F99E: changes role from  FOLLOWER to FOLLOWER at term 175 for recognizeCandidate:a8ae9c07-6d89-4a49-a594-cacd4b776180
2019-11-05 08:24:10,048 [grpc-default-executor-0] INFO  impl.RoleInfo (RoleInfo.java:shutdownFollowerState(121)) - caafcba9-090a-41f5-a5f9-cba5a6a81e94: shutdown FollowerState
2019-11-05 08:24:10,048 [grpc-default-executor-0] INFO  impl.RoleInfo (RoleInfo.java:updateAndGet(143)) - caafcba9-090a-41f5-a5f9-cba5a6a81e94: start FollowerState
2019-11-05 08:24:10,048 [Thread-2580] INFO  impl.FollowerState (FollowerState.java:run(117)) - caafcba9-090a-41f5-a5f9-cba5a6a81e94@group-0E159EE4F99E-FollowerState was interrupted: java.lang.InterruptedException: sleep interrupted
2019-11-05 08:24:10,049 [grpc-default-executor-3] INFO  impl.RaftServerImpl (RaftServerImpl.java:setRole(184)) - b3bb9051-8089-4c51-a999-81579e5913f2@group-0E159EE4F99E: changes role from  FOLLOWER to FOLLOWER at term 175 for recognizeCandidate:a8ae9c07-6d89-4a49-a594-cacd4b776180
2019-11-05 08:24:10,049 [grpc-default-executor-3] INFO  impl.RoleInfo (RoleInfo.java:shutdownFollowerState(121)) - b3bb9051-8089-4c51-a999-81579e5913f2: shutdown FollowerState
2019-11-05 08:24:10,049 [grpc-default-executor-3] INFO  impl.RoleInfo (RoleInfo.java:updateAndGet(143)) - b3bb9051-8089-4c51-a999-81579e5913f2: start FollowerState
2019-11-05 08:24:10,049 [Thread-2582] INFO  impl.FollowerState (FollowerState.java:run(117)) - b3bb9051-8089-4c51-a999-81579e5913f2@group-0E159EE4F99E-FollowerState was interrupted: java.lang.InterruptedException: sleep interrupted
2019-11-05 08:24:10,063 [a8ae9c07-6d89-4a49-a594-cacd4b776180@group-0E159EE4F99E-LeaderElection329] INFO  impl.LeaderElection (LeaderElection.java:logAndReturn(56)) - a8ae9c07-6d89-4a49-a594-cacd4b776180@group-0E159EE4F99E-LeaderElection329: Election REJECTED; received 2 response(s) [a8ae9c07-6d89-4a49-a594-cacd4b776180<-caafcba9-090a-41f5-a5f9-cba5a6a81e94#0:FAIL-t175, a8ae9c07-6d89-4a49-a594-cacd4b776180<-b3bb9051-8089-4c51-a999-81579e5913f2#0:FAIL-t175] and 0 exception(s); a8ae9c07-6d89-4a49-a594-cacd4b776180@group-0E159EE4F99E:t175, leader=null, voted=a8ae9c07-6d89-4a49-a594-cacd4b776180, raftlog=a8ae9c07-6d89-4a49-a594-cacd4b776180@group-0E159EE4F99E-SegmentedRaftLog:OPENED:c-1,f-1,i0, conf=-1: [caafcba9-090a-41f5-a5f9-cba5a6a81e94:192.168.164.217:37197, a8ae9c07-6d89-4a49-a594-cacd4b776180:192.168.164.217:42719, b3bb9051-8089-4c51-a999-81579e5913f2:192.168.164.217:36516], old=null
2019-11-05 08:24:10,063 [a8ae9c07-6d89-4a49-a594-cacd4b776180@group-0E159EE4F99E-LeaderElection329] INFO  impl.RaftServerImpl (RaftServerImpl.java:setRole(184)) - a8ae9c07-6d89-4a49-a594-cacd4b776180@group-0E159EE4F99E: changes role from CANDIDATE to FOLLOWER at term 175 for DISCOVERED_A_NEW_TERM
2019-11-05 08:24:10,063 [a8ae9c07-6d89-4a49-a594-cacd4b776180@group-0E159EE4F99E-LeaderElection329] INFO  impl.RoleInfo (RoleInfo.java:shutdownLeaderElection(134)) - a8ae9c07-6d89-4a49-a594-cacd4b776180: shutdown LeaderElection
2019-11-05 08:24:10,063 [a8ae9c07-6d89-4a49-a594-cacd4b776180@group-0E159EE4F99E-LeaderElection329] INFO  impl.RoleInfo (RoleInfo.java:updateAndGet(143)) - a8ae9c07-6d89-4a49-a594-cacd4b776180: start FollowerState
2019-11-05 08:24:10,096 [Thread-2593] INFO  impl.FollowerState (FollowerState.java:run(108)) - 4a682f4f-c3f2-4b77-88b7-f0ab78890feb@group-0DB8C7688BF9-FollowerState: change to CANDIDATE, lastRpcTime:96ms, electionTimeout:96ms
2019-11-05 08:24:10,096 [Thread-2593] INFO  impl.RoleInfo (RoleInfo.java:shutdownFollowerState(121)) - 4a682f4f-c3f2-4b77-88b7-f0ab78890feb: shutdown FollowerState
2019-11-05 08:24:10,096 [Thread-2593] INFO  impl.RaftServerImpl (RaftServerImpl.java:setRole(184)) - 4a682f4f-c3f2-4b77-88b7-f0ab78890feb@group-0DB8C7688BF9: changes role from  FOLLOWER to CANDIDATE at term 165 for changeToCandidate
2019-11-05 08:24:10,096 [Thread-2593] INFO  impl.RoleInfo (RoleInfo.java:updateAndGet(143)) - 4a682f4f-c3f2-4b77-88b7-f0ab78890feb: start LeaderElection
2019-11-05 08:24:10,110 [4a682f4f-c3f2-4b77-88b7-f0ab78890feb@group-0DB8C7688BF9-LeaderElection330] INFO  impl.LeaderElection (LeaderElection.java:askForVotes(178)) - 4a682f4f-c3f2-4b77-88b7-f0ab78890feb@group-0DB8C7688BF9-LeaderElection330: begin an election at term 166 for -1: [77ab65e6-d942-49df-83a3-1d4c0bf152b3:192.168.164.217:39381, 7e1b84a9-a041-44fd-8008-f2679426984c:192.168.164.217:44149, 4a682f4f-c3f2-4b77-88b7-f0ab78890feb:192.168.164.217:34174], old=null
2019-11-05 08:24:10,111 [grpc-default-executor-0] INFO  impl.RaftServerImpl (RaftServerImpl.java:setRole(184)) - 77ab65e6-d942-49df-83a3-1d4c0bf152b3@group-0DB8C7688BF9: changes role from  FOLLOWER to FOLLOWER at term 166 for recognizeCandidate:4a682f4f-c3f2-4b77-88b7-f0ab78890feb
2019-11-05 08:24:10,111 [grpc-default-executor-3] INFO  impl.RaftServerImpl (RaftServerImpl.java:setRole(184)) - 7e1b84a9-a041-44fd-8008-f2679426984c@group-0DB8C7688BF9: changes role from  FOLLOWER to FOLLOWER at term 166 for recognizeCandidate:4a682f4f-c3f2-4b77-88b7-f0ab78890feb
2019-11-05 08:24:10,112 [grpc-default-executor-3] INFO  impl.RoleInfo (RoleInfo.java:shutdownFollowerState(121)) - 7e1b84a9-a041-44fd-8008-f2679426984c: shutdown FollowerState
2019-11-05 08:24:10,111 [grpc-default-executor-0] INFO  impl.RoleInfo (RoleInfo.java:shutdownFollowerState(121)) - 77ab65e6-d942-49df-83a3-1d4c0bf152b3: shutdown FollowerState
2019-11-05 08:24:10,112 [Thread-2592] INFO  impl.FollowerState (FollowerState.java:run(117)) - 7e1b84a9-a041-44fd-8008-f2679426984c@group-0DB8C7688BF9-FollowerState was interrupted: java.lang.InterruptedException: sleep interrupted
2019-11-05 08:24:10,112 [grpc-default-executor-3] INFO  impl.RoleInfo (RoleInfo.java:updateAndGet(143)) - 7e1b84a9-a041-44fd-8008-f2679426984c: start FollowerState
2019-11-05 08:24:10,112 [Thread-2591] INFO  impl.FollowerState (FollowerState.java:run(117)) - 77ab65e6-d942-49df-83a3-1d4c0bf152b3@group-0DB8C7688BF9-FollowerState was interrupted: java.lang.InterruptedException: sleep interrupted
2019-11-05 08:24:10,112 [grpc-default-executor-0] INFO  impl.RoleInfo (RoleInfo.java:updateAndGet(143)) - 77ab65e6-d942-49df-83a3-1d4c0bf152b3: start FollowerState
2019-11-05 08:24:10,126 [4a682f4f-c3f2-4b77-88b7-f0ab78890feb@group-0DB8C7688BF9-LeaderElection330] INFO  impl.LeaderElection (LeaderElection.java:logAndReturn(56)) - 4a682f4f-c3f2-4b77-88b7-f0ab78890feb@group-0DB8C7688BF9-LeaderElection330: Election REJECTED; received 2 response(s) [4a682f4f-c3f2-4b77-88b7-f0ab78890feb<-77ab65e6-d942-49df-83a3-1d4c0bf152b3#0:FAIL-t166, 4a682f4f-c3f2-4b77-88b7-f0ab78890feb<-7e1b84a9-a041-44fd-8008-f2679426984c#0:FAIL-t166] and 0 exception(s); 4a682f4f-c3f2-4b77-88b7-f0ab78890feb@group-0DB8C7688BF9:t166, leader=null, voted=4a682f4f-c3f2-4b77-88b7-f0ab78890feb, raftlog=4a682f4f-c3f2-4b77-88b7-f0ab78890feb@group-0DB8C7688BF9-SegmentedRaftLog:OPENED:c-1,f-1,i0, conf=-1: [77ab65e6-d942-49df-83a3-1d4c0bf152b3:192.168.164.217:39381, 7e1b84a9-a041-44fd-8008-f2679426984c:192.168.164.217:44149, 4a682f4f-c3f2-4b77-88b7-f0ab78890feb:192.168.164.217:34174], old=null
2019-11-05 08:24:10,126 [4a682f4f-c3f2-4b77-88b7-f0ab78890feb@group-0DB8C7688BF9-LeaderElection330] INFO  impl.RaftServerImpl (RaftServerImpl.java:setRole(184)) - 4a682f4f-c3f2-4b77-88b7-f0ab78890feb@group-0DB8C7688BF9: changes role from CANDIDATE to FOLLOWER at term 166 for DISCOVERED_A_NEW_TERM
2019-11-05 08:24:10,126 [4a682f4f-c3f2-4b77-88b7-f0ab78890feb@group-0DB8C7688BF9-LeaderElection330] INFO  impl.RoleInfo (RoleInfo.java:shutdownLeaderElection(134)) - 4a682f4f-c3f2-4b77-88b7-f0ab78890feb: shutdown LeaderElection
2019-11-05 08:24:10,126 [4a682f4f-c3f2-4b77-88b7-f0ab78890feb@group-0DB8C7688BF9-LeaderElection330] INFO  impl.RoleInfo (RoleInfo.java:updateAndGet(143)) - 4a682f4f-c3f2-4b77-88b7-f0ab78890feb: start FollowerState
2019-11-05 08:24:10,128 [Thread-2599] INFO  impl.FollowerState (FollowerState.java:run(108)) - a8ae9c07-6d89-4a49-a594-cacd4b776180@group-0E159EE4F99E-FollowerState: change to CANDIDATE, lastRpcTime:65ms, electionTimeout:65ms
2019-11-05 08:24:10,128 [Thread-2599] INFO  impl.RoleInfo (RoleInfo.java:shutdownFollowerState(121)) - a8ae9c07-6d89-4a49-a594-cacd4b776180: shutdown FollowerState
2019-11-05 08:24:10,129 [Thread-2599] INFO  impl.RaftServerImpl (RaftServerImpl.java:setRole(184)) - a8ae9c07-6d89-4a49-a594-cacd4b776180@group-0E159EE4F99E: changes role from  FOLLOWER to CANDIDATE at term 175 for changeToCandidate
2019-11-05 08:24:10,129 [Thread-2599] INFO  impl.RoleInfo (RoleInfo.java:updateAndGet(143)) - a8ae9c07-6d89-4a49-a594-cacd4b776180: start LeaderElection
2019-11-05 08:24:10,140 [a8ae9c07-6d89-4a49-a594-cacd4b776180@group-0E159EE4F99E-LeaderElection331] INFO  impl.LeaderElection (LeaderElection.java:askForVotes(178)) - a8ae9c07-6d89-4a49-a594-cacd4b776180@group-0E159EE4F99E-LeaderElection331: begin an election at term 176 for -1: [caafcba9-090a-41f5-a5f9-cba5a6a81e94:192.168.164.217:37197, a8ae9c07-6d89-4a49-a594-cacd4b776180:192.168.164.217:42719, b3bb9051-8089-4c51-a999-81579e5913f2:192.168.164.217:36516], old=null
2019-11-05 08:24:10,141 [grpc-default-executor-0] INFO  impl.RaftServerImpl (RaftServerImpl.java:setRole(184)) - caafcba9-090a-41f5-a5f9-cba5a6a81e94@group-0E159EE4F99E: changes role from  FOLLOWER to FOLLOWER at term 176 for recognizeCandidate:a8ae9c07-6d89-4a49-a594-cacd4b776180
2019-11-05 08:24:10,142 [grpc-default-executor-3] INFO  impl.RaftServerImpl (RaftServerImpl.java:setRole(184)) - b3bb9051-8089-4c51-a999-81579e5913f2@group-0E159EE4F99E: changes role from  FOLLOWER to FOLLOWER at term 176 for recognizeCandidate:a8ae9c07-6d89-4a49-a594-cacd4b776180
2019-11-05 08:24:10,142 [grpc-default-executor-3] INFO  impl.RoleInfo (RoleInfo.java:shutdownFollowerState(121)) - b3bb9051-8089-4c51-a999-81579e5913f2: shutdown FollowerState
2019-11-05 08:24:10,142 [grpc-default-executor-0] INFO  impl.RoleInfo (RoleInfo.java:shutdownFollowerState(121)) - caafcba9-090a-41f5-a5f9-cba5a6a81e94: shutdown FollowerState
2019-11-05 08:24:10,142 [Thread-2598] INFO  impl.FollowerState (FollowerState.java:run(117)) - b3bb9051-8089-4c51-a999-81579e5913f2@group-0E159EE4F99E-FollowerState was interrupted: java.lang.InterruptedException: sleep interrupted
2019-11-05 08:24:10,142 [grpc-default-executor-3] INFO  impl.RoleInfo (RoleInfo.java:updateAndGet(143)) - b3bb9051-8089-4c51-a999-81579e5913f2: start FollowerState
2019-11-05 08:24:10,142 [grpc-default-executor-0] INFO  impl.RoleInfo (RoleInfo.java:updateAndGet(143)) - caafcba9-090a-41f5-a5f9-cba5a6a81e94: start FollowerState
2019-11-05 08:24:10,142 [Thread-2597] INFO  impl.FollowerState (FollowerState.java:run(117)) - caafcba9-090a-41f5-a5f9-cba5a6a81e94@group-0E159EE4F99E-FollowerState was interrupted: java.lang.InterruptedException: sleep interrupted
2019-11-05 08:24:10,157 [a8ae9c07-6d89-4a49-a594-cacd4b776180@group-0E159EE4F99E-LeaderElection331] INFO  impl.LeaderElection (LeaderElection.java:logAndReturn(56)) - a8ae9c07-6d89-4a49-a594-cacd4b776180@group-0E159EE4F99E-LeaderElection331: Election REJECTED; received 2 response(s) [a8ae9c07-6d89-4a49-a594-cacd4b776180<-caafcba9-090a-41f5-a5f9-cba5a6a81e94#0:FAIL-t176, a8ae9c07-6d89-4a49-a594-cacd4b776180<-b3bb9051-8089-4c51-a999-81579e5913f2#0:FAIL-t176] and 0 exception(s); a8ae9c07-6d89-4a49-a594-cacd4b776180@group-0E159EE4F99E:t176, leader=null, voted=a8ae9c07-6d89-4a49-a594-cacd4b776180, raftlog=a8ae9c07-6d89-4a49-a594-cacd4b776180@group-0E159EE4F99E-SegmentedRaftLog:OPENED:c-1,f-1,i0, conf=-1: [caafcba9-090a-41f5-a5f9-cba5a6a81e94:192.168.164.217:37197, a8ae9c07-6d89-4a49-a594-cacd4b776180:192.168.164.217:42719, b3bb9051-8089-4c51-a999-81579e5913f2:192.168.164.217:36516], old=null
2019-11-05 08:24:10,157 [a8ae9c07-6d89-4a49-a594-cacd4b776180@group-0E159EE4F99E-LeaderElection331] INFO  impl.RaftServerImpl (RaftServerImpl.java:setRole(184)) - a8ae9c07-6d89-4a49-a594-cacd4b776180@group-0E159EE4F99E: changes role from CANDIDATE to FOLLOWER at term 176 for DISCOVERED_A_NEW_TERM
2019-11-05 08:24:10,157 [a8ae9c07-6d89-4a49-a594-cacd4b776180@group-0E159EE4F99E-LeaderElection331] INFO  impl.RoleInfo (RoleInfo.java:shutdownLeaderElection(134)) - a8ae9c07-6d89-4a49-a594-cacd4b776180: shutdown LeaderElection
2019-11-05 08:24:10,157 [a8ae9c07-6d89-4a49-a594-cacd4b776180@group-0E159EE4F99E-LeaderElection331] INFO  impl.RoleInfo (RoleInfo.java:updateAndGet(143)) - a8ae9c07-6d89-4a49-a594-cacd4b776180: start FollowerState
2019-11-05 08:24:10,159 [Thread-2611] INFO  impl.FollowerState (FollowerState.java:run(108)) - a8ae9c07-6d89-4a49-a594-cacd4b776180@group-0E159EE4F99E-FollowerState: change to CANDIDATE, lastRpcTime:2ms, electionTimeout:2ms
2019-11-05 08:24:10,160 [Thread-2611] INFO  impl.RoleInfo (RoleInfo.java:shutdownFollowerState(121)) - a8ae9c07-6d89-4a49-a594-cacd4b776180: shutdown FollowerState
2019-11-05 08:24:10,160 [Thread-2611] INFO  impl.RaftServerImpl (RaftServerImpl.java:setRole(184)) - a8ae9c07-6d89-4a49-a594-cacd4b776180@group-0E159EE4F99E: changes role from  FOLLOWER to CANDIDATE at term 176 for changeToCandidate
2019-11-05 08:24:10,160 [Thread-2611] INFO  impl.RoleInfo (RoleInfo.java:updateAndGet(143)) - a8ae9c07-6d89-4a49-a594-cacd4b776180: start LeaderElection
2019-11-05 08:24:10,199 [Thread-2605] INFO  impl.FollowerState (FollowerState.java:run(108)) - 4a682f4f-c3f2-4b77-88b7-f0ab78890feb@group-0DB8C7688BF9-FollowerState: change to CANDIDATE, lastRpcTime:73ms, electionTimeout:73ms
2019-11-05 08:24:10,199 [Thread-2605] INFO  impl.RoleInfo (RoleInfo.java:shutdownFollowerState(121)) - 4a682f4f-c3f2-4b77-88b7-f0ab78890feb: shutdown FollowerState
2019-11-05 08:24:10,200 [Thread-2605] INFO  impl.RaftServerImpl (RaftServerImpl.java:setRole(184)) - 4a682f4f-c3f2-4b77-88b7-f0ab78890feb@group-0DB8C7688BF9: changes role from  FOLLOWER to CANDIDATE at term 166 for changeToCandidate
2019-11-05 08:24:10,200 [Thread-2605] INFO  impl.RoleInfo (RoleInfo.java:updateAndGet(143)) - 4a682f4f-c3f2-4b77-88b7-f0ab78890feb: start LeaderElection
2019-11-05 08:24:10,423 [a8ae9c07-6d89-4a49-a594-cacd4b776180@group-0E159EE4F99E-LeaderElection332] INFO  impl.LeaderElection (LeaderElection.java:askForVotes(178)) - a8ae9c07-6d89-4a49-a594-cacd4b776180@group-0E159EE4F99E-LeaderElection332: begin an election at term 177 for -1: [caafcba9-090a-41f5-a5f9-cba5a6a81e94:192.168.164.217:37197, a8ae9c07-6d89-4a49-a594-cacd4b776180:192.168.164.217:42719, b3bb9051-8089-4c51-a999-81579e5913f2:192.168.164.217:36516], old=null
2019-11-05 08:24:10,424 [4a682f4f-c3f2-4b77-88b7-f0ab78890feb@group-0DB8C7688BF9-LeaderElection333] INFO  impl.LeaderElection (LeaderElection.java:askForVotes(178)) - 4a682f4f-c3f2-4b77-88b7-f0ab78890feb@group-0DB8C7688BF9-LeaderElection333: begin an election at term 167 for -1: [77ab65e6-d942-49df-83a3-1d4c0bf152b3:192.168.164.217:39381, 7e1b84a9-a041-44fd-8008-f2679426984c:192.168.164.217:44149, 4a682f4f-c3f2-4b77-88b7-f0ab78890feb:192.168.164.217:34174], old=null
2019-11-05 08:24:10,425 [grpc-default-executor-3] INFO  impl.RaftServerImpl (RaftServerImpl.java:setRole(184)) - caafcba9-090a-41f5-a5f9-cba5a6a81e94@group-0E159EE4F99E: changes role from  FOLLOWER to FOLLOWER at term 177 for recognizeCandidate:a8ae9c07-6d89-4a49-a594-cacd4b776180
2019-11-05 08:24:10,425 [grpc-default-executor-3] INFO  impl.RoleInfo (RoleInfo.java:shutdownFollowerState(121)) - caafcba9-090a-41f5-a5f9-cba5a6a81e94: shutdown FollowerState
2019-11-05 08:24:10,426 [grpc-default-executor-3] INFO  impl.RoleInfo (RoleInfo.java:updateAndGet(143)) - caafcba9-090a-41f5-a5f9-cba5a6a81e94: start FollowerState
2019-11-05 08:24:10,426 [grpc-default-executor-1] INFO  impl.RaftServerImpl (RaftServerImpl.java:setRole(184)) - b3bb9051-8089-4c51-a999-81579e5913f2@group-0E159EE4F99E: changes role from  FOLLOWER to FOLLOWER at term 177 for recognizeCandidate:a8ae9c07-6d89-4a49-a594-cacd4b776180
2019-11-05 08:24:10,426 [Thread-2610] INFO  impl.FollowerState (FollowerState.java:run(117)) - caafcba9-090a-41f5-a5f9-cba5a6a81e94@group-0E159EE4F99E-FollowerState was interrupted: java.lang.InterruptedException: sleep interrupted
2019-11-05 08:24:10,426 [grpc-default-executor-1] INFO  impl.RoleInfo (RoleInfo.java:shutdownFollowerState(121)) - b3bb9051-8089-4c51-a999-81579e5913f2: shutdown FollowerState
2019-11-05 08:24:10,426 [grpc-default-executor-0] INFO  impl.RaftServerImpl (RaftServerImpl.java:setRole(184)) - 77ab65e6-d942-49df-83a3-1d4c0bf152b3@group-0DB8C7688BF9: changes role from  FOLLOWER to FOLLOWER at term 167 for recognizeCandidate:4a682f4f-c3f2-4b77-88b7-f0ab78890feb
2019-11-05 08:24:10,426 [grpc-default-executor-0] INFO  impl.RoleInfo (RoleInfo.java:shutdownFollowerState(121)) - 77ab65e6-d942-49df-83a3-1d4c0bf152b3: shutdown FollowerState
2019-11-05 08:24:10,426 [Thread-2609] INFO  impl.FollowerState (FollowerState.java:run(117)) - b3bb9051-8089-4c51-a999-81579e5913f2@group-0E159EE4F99E-FollowerState was interrupted: java.lang.InterruptedException: sleep interrupted
2019-11-05 08:24:10,426 [grpc-default-executor-1] INFO  impl.RoleInfo (RoleInfo.java:updateAndGet(143)) - b3bb9051-8089-4c51-a999-81579e5913f2: start FollowerState
2019-11-05 08:24:10,426 [grpc-default-executor-4] INFO  impl.RaftServerImpl (RaftServerImpl.java:setRole(184)) - 7e1b84a9-a041-44fd-8008-f2679426984c@group-0DB8C7688BF9: changes role from  FOLLOWER to FOLLOWER at term 167 for recognizeCandidate:4a682f4f-c3f2-4b77-88b7-f0ab78890feb
2019-11-05 08:24:10,427 [grpc-default-executor-4] INFO  impl.RoleInfo (RoleInfo.java:shutdownFollowerState(121)) - 7e1b84a9-a041-44fd-8008-f2679426984c: shutdown FollowerState
2019-11-05 08:24:10,426 [grpc-default-executor-0] INFO  impl.RoleInfo (RoleInfo.java:updateAndGet(143)) - 77ab65e6-d942-49df-83a3-1d4c0bf152b3: start FollowerState
2019-11-05 08:24:10,426 [Thread-2604] INFO  impl.FollowerState (FollowerState.java:run(117)) - 77ab65e6-d942-49df-83a3-1d4c0bf152b3@group-0DB8C7688BF9-FollowerState was interrupted: java.lang.InterruptedException: sleep interrupted
2019-11-05 08:24:10,427 [Thread-2603] INFO  impl.FollowerState (FollowerState.java:run(117)) - 7e1b84a9-a041-44fd-8008-f2679426984c@group-0DB8C7688BF9-FollowerState was interrupted: java.lang.InterruptedException: sleep interrupted
2019-11-05 08:24:10,427 [grpc-default-executor-4] INFO  impl.RoleInfo (RoleInfo.java:updateAndGet(143)) - 7e1b84a9-a041-44fd-8008-f2679426984c: start FollowerState
2019-11-05 08:24:10,435 [a8ae9c07-6d89-4a49-a594-cacd4b776180@group-0E159EE4F99E-LeaderElection332] INFO  impl.LeaderElection (LeaderElection.java:logAndReturn(56)) - a8ae9c07-6d89-4a49-a594-cacd4b776180@group-0E159EE4F99E-LeaderElection332: Election REJECTED; received 2 response(s) [a8ae9c07-6d89-4a49-a594-cacd4b776180<-caafcba9-090a-41f5-a5f9-cba5a6a81e94#0:FAIL-t177, a8ae9c07-6d89-4a49-a594-cacd4b776180<-b3bb9051-8089-4c51-a999-81579e5913f2#0:FAIL-t177] and 0 exception(s); a8ae9c07-6d89-4a49-a594-cacd4b776180@group-0E159EE4F99E:t177, leader=null, voted=a8ae9c07-6d89-4a49-a594-cacd4b776180, raftlog=a8ae9c07-6d89-4a49-a594-cacd4b776180@group-0E159EE4F99E-SegmentedRaftLog:OPENED:c-1,f-1,i0, conf=-1: [caafcba9-090a-41f5-a5f9-cba5a6a81e94:192.168.164.217:37197, a8ae9c07-6d89-4a49-a594-cacd4b776180:192.168.164.217:42719, b3bb9051-8089-4c51-a999-81579e5913f2:192.168.164.217:36516], old=null
2019-11-05 08:24:10,436 [4a682f4f-c3f2-4b77-88b7-f0ab78890feb@group-0DB8C7688BF9-LeaderElection333] INFO  impl.LeaderElection (LeaderElection.java:logAndReturn(56)) - 4a682f4f-c3f2-4b77-88b7-f0ab78890feb@group-0DB8C7688BF9-LeaderElection333: Election REJECTED; received 2 response(s) [4a682f4f-c3f2-4b77-88b7-f0ab78890feb<-77ab65e6-d942-49df-83a3-1d4c0bf152b3#0:FAIL-t167, 4a682f4f-c3f2-4b77-88b7-f0ab78890feb<-7e1b84a9-a041-44fd-8008-f2679426984c#0:FAIL-t167] and 0 exception(s); 4a682f4f-c3f2-4b77-88b7-f0ab78890feb@group-0DB8C7688BF9:t167, leader=null, voted=4a682f4f-c3f2-4b77-88b7-f0ab78890feb, raftlog=4a682f4f-c3f2-4b77-88b7-f0ab78890feb@group-0DB8C7688BF9-SegmentedRaftLog:OPENED:c-1,f-1,i0, conf=-1: [77ab65e6-d942-49df-83a3-1d4c0bf152b3:192.168.164.217:39381, 7e1b84a9-a041-44fd-8008-f2679426984c:192.168.164.217:44149, 4a682f4f-c3f2-4b77-88b7-f0ab78890feb:192.168.164.217:34174], old=null
2019-11-05 08:24:10,436 [a8ae9c07-6d89-4a49-a594-cacd4b776180@group-0E159EE4F99E-LeaderElection332] INFO  impl.RaftServerImpl (RaftServerImpl.java:setRole(184)) - a8ae9c07-6d89-4a49-a594-cacd4b776180@group-0E159EE4F99E: changes role from CANDIDATE to FOLLOWER at term 177 for DISCOVERED_A_NEW_TERM
2019-11-05 08:24:10,436 [4a682f4f-c3f2-4b77-88b7-f0ab78890feb@group-0DB8C7688BF9-LeaderElection333] INFO  impl.RaftServerImpl (RaftServerImpl.java:setRole(184)) - 4a682f4f-c3f2-4b77-88b7-f0ab78890feb@group-0DB8C7688BF9: changes role from CANDIDATE to FOLLOWER at term 167 for DISCOVERED_A_NEW_TERM
2019-11-05 08:24:10,436 [a8ae9c07-6d89-4a49-a594-cacd4b776180@group-0E159EE4F99E-LeaderElection332] INFO  impl.RoleInfo (RoleInfo.java:shutdownLeaderElection(134)) - a8ae9c07-6d89-4a49-a594-cacd4b776180: shutdown LeaderElection
2019-11-05 08:24:10,436 [4a682f4f-c3f2-4b77-88b7-f0ab78890feb@group-0DB8C7688BF9-LeaderElection333] INFO  impl.RoleInfo (RoleInfo.java:shutdownLeaderElection(134)) - 4a682f4f-c3f2-4b77-88b7-f0ab78890feb: shutdown LeaderElection
2019-11-05 08:24:10,436 [a8ae9c07-6d89-4a49-a594-cacd4b776180@group-0E159EE4F99E-LeaderElection332] INFO  impl.RoleInfo (RoleInfo.java:updateAndGet(143)) - a8ae9c07-6d89-4a49-a594-cacd4b776180: start FollowerState
2019-11-05 08:24:10,436 [4a682f4f-c3f2-4b77-88b7-f0ab78890feb@group-0DB8C7688BF9-LeaderElection333] INFO  impl.RoleInfo (RoleInfo.java:updateAndGet(143)) - 4a682f4f-c3f2-4b77-88b7-f0ab78890feb: start FollowerState
2019-11-05 08:24:10,482 [Thread-2624] INFO  impl.FollowerState (FollowerState.java:run(108)) - a8ae9c07-6d89-4a49-a594-cacd4b776180@group-0E159EE4F99E-FollowerState: change to CANDIDATE, lastRpcTime:45ms, electionTimeout:45ms
2019-11-05 08:24:10,482 [Thread-2624] INFO  impl.RoleInfo (RoleInfo.java:shutdownFollowerState(121)) - a8ae9c07-6d89-4a49-a594-cacd4b776180: shutdown FollowerState
2019-11-05 08:24:10,482 [Thread-2624] INFO  impl.RaftServerImpl (RaftServerImpl.java:setRole(184)) - a8ae9c07-6d89-4a49-a594-cacd4b776180@group-0E159EE4F99E: changes role from  FOLLOWER to CANDIDATE at term 177 for changeToCandidate
2019-11-05 08:24:10,482 [Thread-2624] INFO  impl.RoleInfo (RoleInfo.java:updateAndGet(143)) - a8ae9c07-6d89-4a49-a594-cacd4b776180: start LeaderElection
2019-11-05 08:24:10,496 [a8ae9c07-6d89-4a49-a594-cacd4b776180@group-0E159EE4F99E-LeaderElection334] INFO  impl.LeaderElection (LeaderElection.java:askForVotes(178)) - a8ae9c07-6d89-4a49-a594-cacd4b776180@group-0E159EE4F99E-LeaderElection334: begin an election at term 178 for -1: [caafcba9-090a-41f5-a5f9-cba5a6a81e94:192.168.164.217:37197, a8ae9c07-6d89-4a49-a594-cacd4b776180:192.168.164.217:42719, b3bb9051-8089-4c51-a999-81579e5913f2:192.168.164.217:36516], old=null
2019-11-05 08:24:10,498 [grpc-default-executor-0] INFO  impl.RaftServerImpl (RaftServerImpl.java:setRole(184)) - caafcba9-090a-41f5-a5f9-cba5a6a81e94@group-0E159EE4F99E: changes role from  FOLLOWER to FOLLOWER at term 178 for recognizeCandidate:a8ae9c07-6d89-4a49-a594-cacd4b776180
2019-11-05 08:24:10,498 [grpc-default-executor-0] INFO  impl.RoleInfo (RoleInfo.java:shutdownFollowerState(121)) - caafcba9-090a-41f5-a5f9-cba5a6a81e94: shutdown FollowerState
2019-11-05 08:24:10,498 [grpc-default-executor-1] INFO  impl.RaftServerImpl (RaftServerImpl.java:setRole(184)) - b3bb9051-8089-4c51-a999-81579e5913f2@group-0E159EE4F99E: changes role from  FOLLOWER to FOLLOWER at term 178 for recognizeCandidate:a8ae9c07-6d89-4a49-a594-cacd4b776180
2019-11-05 08:24:10,498 [grpc-default-executor-1] INFO  impl.RoleInfo (RoleInfo.java:shutdownFollowerState(121)) - b3bb9051-8089-4c51-a999-81579e5913f2: shutdown FollowerState
2019-11-05 08:24:10,498 [Thread-2620] INFO  impl.FollowerState (FollowerState.java:run(117)) - caafcba9-090a-41f5-a5f9-cba5a6a81e94@group-0E159EE4F99E-FollowerState was interrupted: java.lang.InterruptedException: sleep interrupted
2019-11-05 08:24:10,498 [grpc-default-executor-0] INFO  impl.RoleInfo (RoleInfo.java:updateAndGet(143)) - caafcba9-090a-41f5-a5f9-cba5a6a81e94: start FollowerState
2019-11-05 08:24:10,499 [Thread-2621] INFO  impl.FollowerState (FollowerState.java:run(117)) - b3bb9051-8089-4c51-a999-81579e5913f2@group-0E159EE4F99E-FollowerState was interrupted: java.lang.InterruptedException: sleep interrupted
2019-11-05 08:24:10,498 [grpc-default-executor-1] INFO  impl.RoleInfo (RoleInfo.java:updateAndGet(143)) - b3bb9051-8089-4c51-a999-81579e5913f2: start FollowerState
2019-11-05 08:24:10,508 [a8ae9c07-6d89-4a49-a594-cacd4b776180@group-0E159EE4F99E-LeaderElection334] INFO  impl.LeaderElection (LeaderElection.java:logAndReturn(56)) - a8ae9c07-6d89-4a49-a594-cacd4b776180@group-0E159EE4F99E-LeaderElection334: Election REJECTED; received 2 response(s) [a8ae9c07-6d89-4a49-a594-cacd4b776180<-caafcba9-090a-41f5-a5f9-cba5a6a81e94#0:FAIL-t178, a8ae9c07-6d89-4a49-a594-cacd4b776180<-b3bb9051-8089-4c51-a999-81579e5913f2#0:FAIL-t178] and 0 exception(s); a8ae9c07-6d89-4a49-a594-cacd4b776180@group-0E159EE4F99E:t178, leader=null, voted=a8ae9c07-6d89-4a49-a594-cacd4b776180, raftlog=a8ae9c07-6d89-4a49-a594-cacd4b776180@group-0E159EE4F99E-SegmentedRaftLog:OPENED:c-1,f-1,i0, conf=-1: [caafcba9-090a-41f5-a5f9-cba5a6a81e94:192.168.164.217:37197, a8ae9c07-6d89-4a49-a594-cacd4b776180:192.168.164.217:42719, b3bb9051-8089-4c51-a999-81579e5913f2:192.168.164.217:36516], old=null
2019-11-05 08:24:10,508 [a8ae9c07-6d89-4a49-a594-cacd4b776180@group-0E159EE4F99E-LeaderElection334] INFO  impl.RaftServerImpl (RaftServerImpl.java:setRole(184)) - a8ae9c07-6d89-4a49-a594-cacd4b776180@group-0E159EE4F99E: changes role from CANDIDATE to FOLLOWER at term 178 for DISCOVERED_A_NEW_TERM
2019-11-05 08:24:10,508 [a8ae9c07-6d89-4a49-a594-cacd4b776180@group-0E159EE4F99E-LeaderElection334] INFO  impl.RoleInfo (RoleInfo.java:shutdownLeaderElection(134)) - a8ae9c07-6d89-4a49-a594-cacd4b776180: shutdown LeaderElection
2019-11-05 08:24:10,508 [a8ae9c07-6d89-4a49-a594-cacd4b776180@group-0E159EE4F99E-LeaderElection334] INFO  impl.RoleInfo (RoleInfo.java:updateAndGet(143)) - a8ae9c07-6d89-4a49-a594-cacd4b776180: start FollowerState
2019-11-05 08:24:10,535 [Thread-2625] INFO  impl.FollowerState (FollowerState.java:run(108)) - 4a682f4f-c3f2-4b77-88b7-f0ab78890feb@group-0DB8C7688BF9-FollowerState: change to CANDIDATE, lastRpcTime:98ms, electionTimeout:98ms
2019-11-05 08:24:10,535 [Thread-2625] INFO  impl.RoleInfo (RoleInfo.java:shutdownFollowerState(121)) - 4a682f4f-c3f2-4b77-88b7-f0ab78890feb: shutdown FollowerState
2019-11-05 08:24:10,535 [Thread-2625] INFO  impl.RaftServerImpl (RaftServerImpl.java:setRole(184)) - 4a682f4f-c3f2-4b77-88b7-f0ab78890feb@group-0DB8C7688BF9: changes role from  FOLLOWER to CANDIDATE at term 167 for changeToCandidate
2019-11-05 08:24:10,535 [Thread-2625] INFO  impl.RoleInfo (RoleInfo.java:updateAndGet(143)) - 4a682f4f-c3f2-4b77-88b7-f0ab78890feb: start LeaderElection
2019-11-05 08:24:10,541 [4a682f4f-c3f2-4b77-88b7-f0ab78890feb@group-0DB8C7688BF9-LeaderElection335] INFO  impl.LeaderElection (LeaderElection.java:askForVotes(178)) - 4a682f4f-c3f2-4b77-88b7-f0ab78890feb@group-0DB8C7688BF9-LeaderElection335: begin an election at term 168 for -1: [77ab65e6-d942-49df-83a3-1d4c0bf152b3:192.168.164.217:39381, 7e1b84a9-a041-44fd-8008-f2679426984c:192.168.164.217:44149, 4a682f4f-c3f2-4b77-88b7-f0ab78890feb:192.168.164.217:34174], old=null
2019-11-05 08:24:10,542 [grpc-default-executor-1] INFO  impl.RaftServerImpl (RaftServerImpl.java:setRole(184)) - 77ab65e6-d942-49df-83a3-1d4c0bf152b3@group-0DB8C7688BF9: changes role from  FOLLOWER to FOLLOWER at term 168 for recognizeCandidate:4a682f4f-c3f2-4b77-88b7-f0ab78890feb
2019-11-05 08:24:10,542 [grpc-default-executor-0] INFO  impl.RaftServerImpl (RaftServerImpl.java:setRole(184)) - 7e1b84a9-a041-44fd-8008-f2679426984c@group-0DB8C7688BF9: changes role from  FOLLOWER to FOLLOWER at term 168 for recognizeCandidate:4a682f4f-c3f2-4b77-88b7-f0ab78890feb
2019-11-05 08:24:10,543 [grpc-default-executor-0] INFO  impl.RoleInfo (RoleInfo.java:shutdownFollowerState(121)) - 7e1b84a9-a041-44fd-8008-f2679426984c: shutdown FollowerState
2019-11-05 08:24:10,542 [grpc-default-executor-1] INFO  impl.RoleInfo (RoleInfo.java:shutdownFollowerState(121)) - 77ab65e6-d942-49df-83a3-1d4c0bf152b3: shutdown FollowerState
2019-11-05 08:24:10,543 [Thread-2623] INFO  impl.FollowerState (FollowerState.java:run(117)) - 7e1b84a9-a041-44fd-8008-f2679426984c@group-0DB8C7688BF9-FollowerState was interrupted: java.lang.InterruptedException: sleep interrupted
2019-11-05 08:24:10,543 [grpc-default-executor-0] INFO  impl.RoleInfo (RoleInfo.java:updateAndGet(143)) - 7e1b84a9-a041-44fd-8008-f2679426984c: start FollowerState
2019-11-05 08:24:10,543 [Thread-2622] INFO  impl.FollowerState (FollowerState.java:run(117)) - 77ab65e6-d942-49df-83a3-1d4c0bf152b3@group-0DB8C7688BF9-FollowerState was interrupted: java.lang.InterruptedException: sleep interrupted
2019-11-05 08:24:10,543 [grpc-default-executor-1] INFO  impl.RoleInfo (RoleInfo.java:updateAndGet(143)) - 77ab65e6-d942-49df-83a3-1d4c0bf152b3: start FollowerState
2019-11-05 08:24:10,550 [4a682f4f-c3f2-4b77-88b7-f0ab78890feb@group-0DB8C7688BF9-LeaderElection335] INFO  impl.LeaderElection (LeaderElection.java:logAndReturn(56)) - 4a682f4f-c3f2-4b77-88b7-f0ab78890feb@group-0DB8C7688BF9-LeaderElection335: Election REJECTED; received 2 response(s) [4a682f4f-c3f2-4b77-88b7-f0ab78890feb<-77ab65e6-d942-49df-83a3-1d4c0bf152b3#0:FAIL-t168, 4a682f4f-c3f2-4b77-88b7-f0ab78890feb<-7e1b84a9-a041-44fd-8008-f2679426984c#0:FAIL-t168] and 0 exception(s); 4a682f4f-c3f2-4b77-88b7-f0ab78890feb@group-0DB8C7688BF9:t168, leader=null, voted=4a682f4f-c3f2-4b77-88b7-f0ab78890feb, raftlog=4a682f4f-c3f2-4b77-88b7-f0ab78890feb@group-0DB8C7688BF9-SegmentedRaftLog:OPENED:c-1,f-1,i0, conf=-1: [77ab65e6-d942-49df-83a3-1d4c0bf152b3:192.168.164.217:39381, 7e1b84a9-a041-44fd-8008-f2679426984c:192.168.164.217:44149, 4a682f4f-c3f2-4b77-88b7-f0ab78890feb:192.168.164.217:34174], old=null
2019-11-05 08:24:10,550 [4a682f4f-c3f2-4b77-88b7-f0ab78890feb@group-0DB8C7688BF9-LeaderElection335] INFO  impl.RaftServerImpl (RaftServerImpl.java:setRole(184)) - 4a682f4f-c3f2-4b77-88b7-f0ab78890feb@group-0DB8C7688BF9: changes role from CANDIDATE to FOLLOWER at term 168 for DISCOVERED_A_NEW_TERM
2019-11-05 08:24:10,550 [4a682f4f-c3f2-4b77-88b7-f0ab78890feb@group-0DB8C7688BF9-LeaderElection335] INFO  impl.RoleInfo (RoleInfo.java:shutdownLeaderElection(134)) - 4a682f4f-c3f2-4b77-88b7-f0ab78890feb: shutdown LeaderElection
2019-11-05 08:24:10,550 [4a682f4f-c3f2-4b77-88b7-f0ab78890feb@group-0DB8C7688BF9-LeaderElection335] INFO  impl.RoleInfo (RoleInfo.java:updateAndGet(143)) - 4a682f4f-c3f2-4b77-88b7-f0ab78890feb: start FollowerState
2019-11-05 08:24:10,650 [Thread-2631] INFO  impl.FollowerState (FollowerState.java:run(108)) - a8ae9c07-6d89-4a49-a594-cacd4b776180@group-0E159EE4F99E-FollowerState: change to CANDIDATE, lastRpcTime:141ms, electionTimeout:141ms
2019-11-05 08:24:10,650 [Thread-2631] INFO  impl.RoleInfo (RoleInfo.java:shutdownFollowerState(121)) - a8ae9c07-6d89-4a49-a594-cacd4b776180: shutdown FollowerState
2019-11-05 08:24:10,650 [Thread-2631] INFO  impl.RaftServerImpl (RaftServerImpl.java:setRole(184)) - a8ae9c07-6d89-4a49-a594-cacd4b776180@group-0E159EE4F99E: changes role from  FOLLOWER to CANDIDATE at term 178 for changeToCandidate
2019-11-05 08:24:10,650 [Thread-2631] INFO  impl.RoleInfo (RoleInfo.java:updateAndGet(143)) - a8ae9c07-6d89-4a49-a594-cacd4b776180: start LeaderElection
2019-11-05 08:24:10,677 [Thread-2637] INFO  impl.FollowerState (FollowerState.java:run(108)) - 4a682f4f-c3f2-4b77-88b7-f0ab78890feb@group-0DB8C7688BF9-FollowerState: change to CANDIDATE, lastRpcTime:126ms, electionTimeout:126ms
2019-11-05 08:24:10,677 [Thread-2637] INFO  impl.RoleInfo (RoleInfo.java:shutdownFollowerState(121)) - 4a682f4f-c3f2-4b77-88b7-f0ab78890feb: shutdown FollowerState
2019-11-05 08:24:10,677 [Thread-2637] INFO  impl.RaftServerImpl (RaftServerImpl.java:setRole(184)) - 4a682f4f-c3f2-4b77-88b7-f0ab78890feb@group-0DB8C7688BF9: changes role from  FOLLOWER to CANDIDATE at term 168 for changeToCandidate
2019-11-05 08:24:10,677 [Thread-2637] INFO  impl.RoleInfo (RoleInfo.java:updateAndGet(143)) - 4a682f4f-c3f2-4b77-88b7-f0ab78890feb: start LeaderElection
2019-11-05 08:24:10,683 [4a682f4f-c3f2-4b77-88b7-f0ab78890feb@group-0DB8C7688BF9-LeaderElection337] INFO  impl.LeaderElection (LeaderElection.java:askForVotes(178)) - 4a682f4f-c3f2-4b77-88b7-f0ab78890feb@group-0DB8C7688BF9-LeaderElection337: begin an election at term 169 for -1: [77ab65e6-d942-49df-83a3-1d4c0bf152b3:192.168.164.217:39381, 7e1b84a9-a041-44fd-8008-f2679426984c:192.168.164.217:44149, 4a682f4f-c3f2-4b77-88b7-f0ab78890feb:192.168.164.217:34174], old=null
2019-11-05 08:24:10,683 [a8ae9c07-6d89-4a49-a594-cacd4b776180@group-0E159EE4F99E-LeaderElection336] INFO  impl.LeaderElection (LeaderElection.java:askForVotes(178)) - a8ae9c07-6d89-4a49-a594-cacd4b776180@group-0E159EE4F99E-LeaderElection336: begin an election at term 179 for -1: [caafcba9-090a-41f5-a5f9-cba5a6a81e94:192.168.164.217:37197, a8ae9c07-6d89-4a49-a594-cacd4b776180:192.168.164.217:42719, b3bb9051-8089-4c51-a999-81579e5913f2:192.168.164.217:36516], old=null
2019-11-05 08:24:10,685 [grpc-default-executor-1] INFO  impl.RaftServerImpl (RaftServerImpl.java:setRole(184)) - 77ab65e6-d942-49df-83a3-1d4c0bf152b3@group-0DB8C7688BF9: changes role from  FOLLOWER to FOLLOWER at term 169 for recognizeCandidate:4a682f4f-c3f2-4b77-88b7-f0ab78890feb
2019-11-05 08:24:10,685 [grpc-default-executor-1] INFO  impl.RoleInfo (RoleInfo.java:shutdownFollowerState(121)) - 77ab65e6-d942-49df-83a3-1d4c0bf152b3: shutdown FollowerState
2019-11-05 08:24:10,685 [grpc-default-executor-1] INFO  impl.RoleInfo (RoleInfo.java:updateAndGet(143)) - 77ab65e6-d942-49df-83a3-1d4c0bf152b3: start FollowerState
2019-11-05 08:24:10,685 [Thread-2636] INFO  impl.FollowerState (FollowerState.java:run(117)) - 77ab65e6-d942-49df-83a3-1d4c0bf152b3@group-0DB8C7688BF9-FollowerState was interrupted: java.lang.InterruptedException: sleep interrupted
2019-11-05 08:24:10,685 [grpc-default-executor-0] INFO  impl.RaftServerImpl (RaftServerImpl.java:setRole(184)) - caafcba9-090a-41f5-a5f9-cba5a6a81e94@group-0E159EE4F99E: changes role from  FOLLOWER to FOLLOWER at term 179 for recognizeCandidate:a8ae9c07-6d89-4a49-a594-cacd4b776180
2019-11-05 08:24:10,686 [grpc-default-executor-0] INFO  impl.RoleInfo (RoleInfo.java:shutdownFollowerState(121)) - caafcba9-090a-41f5-a5f9-cba5a6a81e94: shutdown FollowerState
2019-11-05 08:24:10,686 [grpc-default-executor-0] INFO  impl.RoleInfo (RoleInfo.java:updateAndGet(143)) - caafcba9-090a-41f5-a5f9-cba5a6a81e94: start FollowerState
2019-11-05 08:24:10,686 [Thread-2629] INFO  impl.FollowerState (FollowerState.java:run(117)) - caafcba9-090a-41f5-a5f9-cba5a6a81e94@group-0E159EE4F99E-FollowerState was interrupted: java.lang.InterruptedException: sleep interrupted
2019-11-05 08:24:10,686 [grpc-default-executor-4] INFO  impl.RaftServerImpl (RaftServerImpl.java:setRole(184)) - b3bb9051-8089-4c51-a999-81579e5913f2@group-0E159EE4F99E: changes role from  FOLLOWER to FOLLOWER at term 179 for recognizeCandidate:a8ae9c07-6d89-4a49-a594-cacd4b776180
2019-11-05 08:24:10,686 [grpc-default-executor-4] INFO  impl.RoleInfo (RoleInfo.java:shutdownFollowerState(121)) - b3bb9051-8089-4c51-a999-81579e5913f2: shutdown FollowerState
2019-11-05 08:24:10,686 [grpc-default-executor-3] INFO  impl.RaftServerImpl (RaftServerImpl.java:setRole(184)) - 7e1b84a9-a041-44fd-8008-f2679426984c@group-0DB8C7688BF9: changes role from  FOLLOWER to FOLLOWER at term 169 for recognizeCandidate:4a682f4f-c3f2-4b77-88b7-f0ab78890feb
2019-11-05 08:24:10,686 [grpc-default-executor-3] INFO  impl.RoleInfo (RoleInfo.java:shutdownFollowerState(121)) - 7e1b84a9-a041-44fd-8008-f2679426984c: shutdown FollowerState
2019-11-05 08:24:10,686 [grpc-default-executor-4] INFO  impl.RoleInfo (RoleInfo.java:updateAndGet(143)) - b3bb9051-8089-4c51-a999-81579e5913f2: start FollowerState
2019-11-05 08:24:10,686 [Thread-2630] INFO  impl.FollowerState (FollowerState.java:run(117)) - b3bb9051-8089-4c51-a999-81579e5913f2@group-0E159EE4F99E-FollowerState was interrupted: java.lang.InterruptedException: sleep interrupted
2019-11-05 08:24:10,687 [Thread-2635] INFO  impl.FollowerState (FollowerState.java:run(117)) - 7e1b84a9-a041-44fd-8008-f2679426984c@group-0DB8C7688BF9-FollowerState was interrupted: java.lang.InterruptedException: sleep interrupted
2019-11-05 08:24:10,686 [grpc-default-executor-3] INFO  impl.RoleInfo (RoleInfo.java:updateAndGet(143)) - 7e1b84a9-a041-44fd-8008-f2679426984c: start FollowerState
2019-11-05 08:24:10,697 [a8ae9c07-6d89-4a49-a594-cacd4b776180@group-0E159EE4F99E-LeaderElection336] INFO  impl.LeaderElection (LeaderElection.java:logAndReturn(56)) - a8ae9c07-6d89-4a49-a594-cacd4b776180@group-0E159EE4F99E-LeaderElection336: Election REJECTED; received 2 response(s) [a8ae9c07-6d89-4a49-a594-cacd4b776180<-caafcba9-090a-41f5-a5f9-cba5a6a81e94#0:FAIL-t179, a8ae9c07-6d89-4a49-a594-cacd4b776180<-b3bb9051-8089-4c51-a999-81579e5913f2#0:FAIL-t179] and 0 exception(s); a8ae9c07-6d89-4a49-a594-cacd4b776180@group-0E159EE4F99E:t179, leader=null, voted=a8ae9c07-6d89-4a49-a594-cacd4b776180, raftlog=a8ae9c07-6d89-4a49-a594-cacd4b776180@group-0E159EE4F99E-SegmentedRaftLog:OPENED:c-1,f-1,i0, conf=-1: [caafcba9-090a-41f5-a5f9-cba5a6a81e94:192.168.164.217:37197, a8ae9c07-6d89-4a49-a594-cacd4b776180:192.168.164.217:42719, b3bb9051-8089-4c51-a999-81579e5913f2:192.168.164.217:36516], old=null
2019-11-05 08:24:10,697 [4a682f4f-c3f2-4b77-88b7-f0ab78890feb@group-0DB8C7688BF9-LeaderElection337] INFO  impl.LeaderElection (LeaderElection.java:logAndReturn(56)) - 4a682f4f-c3f2-4b77-88b7-f0ab78890feb@group-0DB8C7688BF9-LeaderElection337: Election REJECTED; received 2 response(s) [4a682f4f-c3f2-4b77-88b7-f0ab78890feb<-77ab65e6-d942-49df-83a3-1d4c0bf152b3#0:FAIL-t169, 4a682f4f-c3f2-4b77-88b7-f0ab78890feb<-7e1b84a9-a041-44fd-8008-f2679426984c#0:FAIL-t169] and 0 exception(s); 4a682f4f-c3f2-4b77-88b7-f0ab78890feb@group-0DB8C7688BF9:t169, leader=null, voted=4a682f4f-c3f2-4b77-88b7-f0ab78890feb, raftlog=4a682f4f-c3f2-4b77-88b7-f0ab78890feb@group-0DB8C7688BF9-SegmentedRaftLog:OPENED:c-1,f-1,i0, conf=-1: [77ab65e6-d942-49df-83a3-1d4c0bf152b3:192.168.164.217:39381, 7e1b84a9-a041-44fd-8008-f2679426984c:192.168.164.217:44149, 4a682f4f-c3f2-4b77-88b7-f0ab78890feb:192.168.164.217:34174], old=null
2019-11-05 08:24:10,697 [a8ae9c07-6d89-4a49-a594-cacd4b776180@group-0E159EE4F99E-LeaderElection336] INFO  impl.RaftServerImpl (RaftServerImpl.java:setRole(184)) - a8ae9c07-6d89-4a49-a594-cacd4b776180@group-0E159EE4F99E: changes role from CANDIDATE to FOLLOWER at term 179 for DISCOVERED_A_NEW_TERM
2019-11-05 08:24:10,697 [4a682f4f-c3f2-4b77-88b7-f0ab78890feb@group-0DB8C7688BF9-LeaderElection337] INFO  impl.RaftServerImpl (RaftServerImpl.java:setRole(184)) - 4a682f4f-c3f2-4b77-88b7-f0ab78890feb@group-0DB8C7688BF9: changes role from CANDIDATE to FOLLOWER at term 169 for DISCOVERED_A_NEW_TERM
2019-11-05 08:24:10,697 [a8ae9c07-6d89-4a49-a594-cacd4b776180@group-0E159EE4F99E-LeaderElection336] INFO  impl.RoleInfo (RoleInfo.java:shutdownLeaderElection(134)) - a8ae9c07-6d89-4a49-a594-cacd4b776180: shutdown LeaderElection
2019-11-05 08:24:10,698 [4a682f4f-c3f2-4b77-88b7-f0ab78890feb@group-0DB8C7688BF9-LeaderElection337] INFO  impl.RoleInfo (RoleInfo.java:shutdownLeaderElection(134)) - 4a682f4f-c3f2-4b77-88b7-f0ab78890feb: shutdown LeaderElection
2019-11-05 08:24:10,698 [a8ae9c07-6d89-4a49-a594-cacd4b776180@group-0E159EE4F99E-LeaderElection336] INFO  impl.RoleInfo (RoleInfo.java:updateAndGet(143)) - a8ae9c07-6d89-4a49-a594-cacd4b776180: start FollowerState
2019-11-05 08:24:10,698 [4a682f4f-c3f2-4b77-88b7-f0ab78890feb@group-0DB8C7688BF9-LeaderElection337] INFO  impl.RoleInfo (RoleInfo.java:updateAndGet(143)) - 4a682f4f-c3f2-4b77-88b7-f0ab78890feb: start FollowerState
2019-11-05 08:24:10,797 [Thread-2649] INFO  impl.FollowerState (FollowerState.java:run(108)) - 4a682f4f-c3f2-4b77-88b7-f0ab78890feb@group-0DB8C7688BF9-FollowerState: change to CANDIDATE, lastRpcTime:99ms, electionTimeout:99ms
2019-11-05 08:24:10,797 [Thread-2649] INFO  impl.RoleInfo (RoleInfo.java:shutdownFollowerState(121)) - 4a682f4f-c3f2-4b77-88b7-f0ab78890feb: shutdown FollowerState
2019-11-05 08:24:10,798 [Thread-2649] INFO  impl.RaftServerImpl (RaftServerImpl.java:setRole(184)) - 4a682f4f-c3f2-4b77-88b7-f0ab78890feb@group-0DB8C7688BF9: changes role from  FOLLOWER to CANDIDATE at term 169 for changeToCandidate
2019-11-05 08:24:10,798 [Thread-2649] INFO  impl.RoleInfo (RoleInfo.java:updateAndGet(143)) - 4a682f4f-c3f2-4b77-88b7-f0ab78890feb: start LeaderElection
2019-11-05 08:24:10,811 [4a682f4f-c3f2-4b77-88b7-f0ab78890feb@group-0DB8C7688BF9-LeaderElection338] INFO  impl.LeaderElection (LeaderElection.java:askForVotes(178)) - 4a682f4f-c3f2-4b77-88b7-f0ab78890feb@group-0DB8C7688BF9-LeaderElection338: begin an election at term 170 for -1: [77ab65e6-d942-49df-83a3-1d4c0bf152b3:192.168.164.217:39381, 7e1b84a9-a041-44fd-8008-f2679426984c:192.168.164.217:44149, 4a682f4f-c3f2-4b77-88b7-f0ab78890feb:192.168.164.217:34174], old=null
2019-11-05 08:24:10,813 [grpc-default-executor-0] INFO  impl.RaftServerImpl (RaftServerImpl.java:setRole(184)) - 77ab65e6-d942-49df-83a3-1d4c0bf152b3@group-0DB8C7688BF9: changes role from  FOLLOWER to FOLLOWER at term 170 for recognizeCandidate:4a682f4f-c3f2-4b77-88b7-f0ab78890feb
2019-11-05 08:24:10,813 [grpc-default-executor-0] INFO  impl.RoleInfo (RoleInfo.java:shutdownFollowerState(121)) - 77ab65e6-d942-49df-83a3-1d4c0bf152b3: shutdown FollowerState
2019-11-05 08:24:10,813 [grpc-default-executor-4] INFO  impl.RaftServerImpl (RaftServerImpl.java:setRole(184)) - 7e1b84a9-a041-44fd-8008-f2679426984c@group-0DB8C7688BF9: changes role from  FOLLOWER to FOLLOWER at term 170 for recognizeCandidate:4a682f4f-c3f2-4b77-88b7-f0ab78890feb
2019-11-05 08:24:10,813 [grpc-default-executor-4] INFO  impl.RoleInfo (RoleInfo.java:shutdownFollowerState(121)) - 7e1b84a9-a041-44fd-8008-f2679426984c: shutdown FollowerState
2019-11-05 08:24:10,813 [Thread-2644] INFO  impl.FollowerState (FollowerState.java:run(117)) - 77ab65e6-d942-49df-83a3-1d4c0bf152b3@group-0DB8C7688BF9-FollowerState was interrupted: java.lang.InterruptedException: sleep interrupted
2019-11-05 08:24:10,813 [grpc-default-executor-0] INFO  impl.RoleInfo (RoleInfo.java:updateAndGet(143)) - 77ab65e6-d942-49df-83a3-1d4c0bf152b3: start FollowerState
2019-11-05 08:24:10,814 [Thread-2647] INFO  impl.FollowerState (FollowerState.java:run(117)) - 7e1b84a9-a041-44fd-8008-f2679426984c@group-0DB8C7688BF9-FollowerState was interrupted: java.lang.InterruptedException: sleep interrupted
2019-11-05 08:24:10,814 [grpc-default-executor-4] INFO  impl.RoleInfo (RoleInfo.java:updateAndGet(143)) - 7e1b84a9-a041-44fd-8008-f2679426984c: start FollowerState
2019-11-05 08:24:10,828 [4a682f4f-c3f2-4b77-88b7-f0ab78890feb@group-0DB8C7688BF9-LeaderElection338] INFO  impl.LeaderElection (LeaderElection.java:logAndReturn(56)) - 4a682f4f-c3f2-4b77-88b7-f0ab78890feb@group-0DB8C7688BF9-LeaderElection338: Election REJECTED; received 2 response(s) [4a682f4f-c3f2-4b77-88b7-f0ab78890feb<-77ab65e6-d942-49df-83a3-1d4c0bf152b3#0:FAIL-t170, 4a682f4f-c3f2-4b77-88b7-f0ab78890feb<-7e1b84a9-a041-44fd-8008-f2679426984c#0:FAIL-t170] and 0 exception(s); 4a682f4f-c3f2-4b77-88b7-f0ab78890feb@group-0DB8C7688BF9:t170, leader=null, voted=4a682f4f-c3f2-4b77-88b7-f0ab78890feb, raftlog=4a682f4f-c3f2-4b77-88b7-f0ab78890feb@group-0DB8C7688BF9-SegmentedRaftLog:OPENED:c-1,f-1,i0, conf=-1: [77ab65e6-d942-49df-83a3-1d4c0bf152b3:192.168.164.217:39381, 7e1b84a9-a041-44fd-8008-f2679426984c:192.168.164.217:44149, 4a682f4f-c3f2-4b77-88b7-f0ab78890feb:192.168.164.217:34174], old=null
2019-11-05 08:24:10,828 [4a682f4f-c3f2-4b77-88b7-f0ab78890feb@group-0DB8C7688BF9-LeaderElection338] INFO  impl.RaftServerImpl (RaftServerImpl.java:setRole(184)) - 4a682f4f-c3f2-4b77-88b7-f0ab78890feb@group-0DB8C7688BF9: changes role from CANDIDATE to FOLLOWER at term 170 for DISCOVERED_A_NEW_TERM
2019-11-05 08:24:10,828 [4a682f4f-c3f2-4b77-88b7-f0ab78890feb@group-0DB8C7688BF9-LeaderElection338] INFO  impl.RoleInfo (RoleInfo.java:shutdownLeaderElection(134)) - 4a682f4f-c3f2-4b77-88b7-f0ab78890feb: shutdown LeaderElection
2019-11-05 08:24:10,828 [4a682f4f-c3f2-4b77-88b7-f0ab78890feb@group-0DB8C7688BF9-LeaderElection338] INFO  impl.RoleInfo (RoleInfo.java:updateAndGet(143)) - 4a682f4f-c3f2-4b77-88b7-f0ab78890feb: start FollowerState
2019-11-05 08:24:10,835 [Thread-2648] INFO  impl.FollowerState (FollowerState.java:run(108)) - a8ae9c07-6d89-4a49-a594-cacd4b776180@group-0E159EE4F99E-FollowerState: change to CANDIDATE, lastRpcTime:137ms, electionTimeout:137ms
2019-11-05 08:24:10,835 [Thread-2648] INFO  impl.RoleInfo (RoleInfo.java:shutdownFollowerState(121)) - a8ae9c07-6d89-4a49-a594-cacd4b776180: shutdown FollowerState
2019-11-05 08:24:10,835 [Thread-2648] INFO  impl.RaftServerImpl (RaftServerImpl.java:setRole(184)) - a8ae9c07-6d89-4a49-a594-cacd4b776180@group-0E159EE4F99E: changes role from  FOLLOWER to CANDIDATE at term 179 for changeToCandidate
2019-11-05 08:24:10,835 [Thread-2648] INFO  impl.RoleInfo (RoleInfo.java:updateAndGet(143)) - a8ae9c07-6d89-4a49-a594-cacd4b776180: start LeaderElection
2019-11-05 08:24:10,849 [a8ae9c07-6d89-4a49-a594-cacd4b776180@group-0E159EE4F99E-LeaderElection339] INFO  impl.LeaderElection (LeaderElection.java:askForVotes(178)) - a8ae9c07-6d89-4a49-a594-cacd4b776180@group-0E159EE4F99E-LeaderElection339: begin an election at term 180 for -1: [caafcba9-090a-41f5-a5f9-cba5a6a81e94:192.168.164.217:37197, a8ae9c07-6d89-4a49-a594-cacd4b776180:192.168.164.217:42719, b3bb9051-8089-4c51-a999-81579e5913f2:192.168.164.217:36516], old=null
2019-11-05 08:24:10,851 [grpc-default-executor-4] INFO  impl.RaftServerImpl (RaftServerImpl.java:setRole(184)) - caafcba9-090a-41f5-a5f9-cba5a6a81e94@group-0E159EE4F99E: changes role from  FOLLOWER to FOLLOWER at term 180 for recognizeCandidate:a8ae9c07-6d89-4a49-a594-cacd4b776180
2019-11-05 08:24:10,851 [grpc-default-executor-4] INFO  impl.RoleInfo (RoleInfo.java:shutdownFollowerState(121)) - caafcba9-090a-41f5-a5f9-cba5a6a81e94: shutdown FollowerState
2019-11-05 08:24:10,851 [grpc-default-executor-0] INFO  impl.RaftServerImpl (RaftServerImpl.java:setRole(184)) - b3bb9051-8089-4c51-a999-81579e5913f2@group-0E159EE4F99E: changes role from  FOLLOWER to FOLLOWER at term 180 for recognizeCandidate:a8ae9c07-6d89-4a49-a594-cacd4b776180
2019-11-05 08:24:10,851 [grpc-default-executor-0] INFO  impl.RoleInfo (RoleInfo.java:shutdownFollowerState(121)) - b3bb9051-8089-4c51-a999-81579e5913f2: shutdown FollowerState
2019-11-05 08:24:10,851 [grpc-default-executor-4] INFO  impl.RoleInfo (RoleInfo.java:updateAndGet(143)) - caafcba9-090a-41f5-a5f9-cba5a6a81e94: start FollowerState
2019-11-05 08:24:10,851 [Thread-2645] INFO  impl.FollowerState (FollowerState.java:run(117)) - caafcba9-090a-41f5-a5f9-cba5a6a81e94@group-0E159EE4F99E-FollowerState was interrupted: java.lang.InterruptedException: sleep interrupted
2019-11-05 08:24:10,851 [Thread-2646] INFO  impl.FollowerState (FollowerState.java:run(117)) - b3bb9051-8089-4c51-a999-81579e5913f2@group-0E159EE4F99E-FollowerState was interrupted: java.lang.InterruptedException: sleep interrupted
2019-11-05 08:24:10,851 [grpc-default-executor-0] INFO  impl.RoleInfo (RoleInfo.java:updateAndGet(143)) - b3bb9051-8089-4c51-a999-81579e5913f2: start FollowerState
2019-11-05 08:24:10,866 [a8ae9c07-6d89-4a49-a594-cacd4b776180@group-0E159EE4F99E-LeaderElection339] INFO  impl.LeaderElection (LeaderElection.java:logAndReturn(56)) - a8ae9c07-6d89-4a49-a594-cacd4b776180@group-0E159EE4F99E-LeaderElection339: Election REJECTED; received 2 response(s) [a8ae9c07-6d89-4a49-a594-cacd4b776180<-caafcba9-090a-41f5-a5f9-cba5a6a81e94#0:FAIL-t180, a8ae9c07-6d89-4a49-a594-cacd4b776180<-b3bb9051-8089-4c51-a999-81579e5913f2#0:FAIL-t180] and 0 exception(s); a8ae9c07-6d89-4a49-a594-cacd4b776180@group-0E159EE4F99E:t180, leader=null, voted=a8ae9c07-6d89-4a49-a594-cacd4b776180, raftlog=a8ae9c07-6d89-4a49-a594-cacd4b776180@group-0E159EE4F99E-SegmentedRaftLog:OPENED:c-1,f-1,i0, conf=-1: [caafcba9-090a-41f5-a5f9-cba5a6a81e94:192.168.164.217:37197, a8ae9c07-6d89-4a49-a594-cacd4b776180:192.168.164.217:42719, b3bb9051-8089-4c51-a999-81579e5913f2:192.168.164.217:36516], old=null
2019-11-05 08:24:10,866 [a8ae9c07-6d89-4a49-a594-cacd4b776180@group-0E159EE4F99E-LeaderElection339] INFO  impl.RaftServerImpl (RaftServerImpl.java:setRole(184)) - a8ae9c07-6d89-4a49-a594-cacd4b776180@group-0E159EE4F99E: changes role from CANDIDATE to FOLLOWER at term 180 for DISCOVERED_A_NEW_TERM
2019-11-05 08:24:10,866 [a8ae9c07-6d89-4a49-a594-cacd4b776180@group-0E159EE4F99E-LeaderElection339] INFO  impl.RoleInfo (RoleInfo.java:shutdownLeaderElection(134)) - a8ae9c07-6d89-4a49-a594-cacd4b776180: shutdown LeaderElection
2019-11-05 08:24:10,866 [a8ae9c07-6d89-4a49-a594-cacd4b776180@group-0E159EE4F99E-LeaderElection339] INFO  impl.RoleInfo (RoleInfo.java:updateAndGet(143)) - a8ae9c07-6d89-4a49-a594-cacd4b776180: start FollowerState
2019-11-05 08:24:10,942 [Thread-2657] INFO  impl.FollowerState (FollowerState.java:run(108)) - 4a682f4f-c3f2-4b77-88b7-f0ab78890feb@group-0DB8C7688BF9-FollowerState: change to CANDIDATE, lastRpcTime:113ms, electionTimeout:113ms
2019-11-05 08:24:10,942 [Thread-2657] INFO  impl.RoleInfo (RoleInfo.java:shutdownFollowerState(121)) - 4a682f4f-c3f2-4b77-88b7-f0ab78890feb: shutdown FollowerState
2019-11-05 08:24:10,942 [Thread-2657] INFO  impl.RaftServerImpl (RaftServerImpl.java:setRole(184)) - 4a682f4f-c3f2-4b77-88b7-f0ab78890feb@group-0DB8C7688BF9: changes role from  FOLLOWER to CANDIDATE at term 170 for changeToCandidate
2019-11-05 08:24:10,942 [Thread-2657] INFO  impl.RoleInfo (RoleInfo.java:updateAndGet(143)) - 4a682f4f-c3f2-4b77-88b7-f0ab78890feb: start LeaderElection
2019-11-05 08:24:10,955 [4a682f4f-c3f2-4b77-88b7-f0ab78890feb@group-0DB8C7688BF9-LeaderElection340] INFO  impl.LeaderElection (LeaderElection.java:askForVotes(178)) - 4a682f4f-c3f2-4b77-88b7-f0ab78890feb@group-0DB8C7688BF9-LeaderElection340: begin an election at term 171 for -1: [77ab65e6-d942-49df-83a3-1d4c0bf152b3:192.168.164.217:39381, 7e1b84a9-a041-44fd-8008-f2679426984c:192.168.164.217:44149, 4a682f4f-c3f2-4b77-88b7-f0ab78890feb:192.168.164.217:34174], old=null
2019-11-05 08:24:10,957 [grpc-default-executor-4] INFO  impl.RaftServerImpl (RaftServerImpl.java:setRole(184)) - 77ab65e6-d942-49df-83a3-1d4c0bf152b3@group-0DB8C7688BF9: changes role from  FOLLOWER to FOLLOWER at term 171 for recognizeCandidate:4a682f4f-c3f2-4b77-88b7-f0ab78890feb
2019-11-05 08:24:10,957 [grpc-default-executor-4] INFO  impl.RoleInfo (RoleInfo.java:shutdownFollowerState(121)) - 77ab65e6-d942-49df-83a3-1d4c0bf152b3: shutdown FollowerState
2019-11-05 08:24:10,957 [grpc-default-executor-4] INFO  impl.RoleInfo (RoleInfo.java:updateAndGet(143)) - 77ab65e6-d942-49df-83a3-1d4c0bf152b3: start FollowerState
2019-11-05 08:24:10,957 [Thread-2655] INFO  impl.FollowerState (FollowerState.java:run(117)) - 77ab65e6-d942-49df-83a3-1d4c0bf152b3@group-0DB8C7688BF9-FollowerState was interrupted: java.lang.InterruptedException: sleep interrupted
2019-11-05 08:24:10,957 [grpc-default-executor-0] INFO  impl.RaftServerImpl (RaftServerImpl.java:setRole(184)) - 7e1b84a9-a041-44fd-8008-f2679426984c@group-0DB8C7688BF9: changes role from  FOLLOWER to FOLLOWER at term 171 for recognizeCandidate:4a682f4f-c3f2-4b77-88b7-f0ab78890feb
2019-11-05 08:24:10,958 [grpc-default-executor-0] INFO  impl.RoleInfo (RoleInfo.java:shutdownFollowerState(121)) - 7e1b84a9-a041-44fd-8008-f2679426984c: shutdown FollowerState
2019-11-05 08:24:10,958 [grpc-default-executor-0] INFO  impl.RoleInfo (RoleInfo.java:updateAndGet(143)) - 7e1b84a9-a041-44fd-8008-f2679426984c: start FollowerState
2019-11-05 08:24:10,958 [Thread-2656] INFO  impl.FollowerState (FollowerState.java:run(117)) - 7e1b84a9-a041-44fd-8008-f2679426984c@group-0DB8C7688BF9-FollowerState was interrupted: java.lang.InterruptedException: sleep interrupted
2019-11-05 08:24:10,974 [4a682f4f-c3f2-4b77-88b7-f0ab78890feb@group-0DB8C7688BF9-LeaderElection340] INFO  impl.LeaderElection (LeaderElection.java:logAndReturn(56)) - 4a682f4f-c3f2-4b77-88b7-f0ab78890feb@group-0DB8C7688BF9-LeaderElection340: Election REJECTED; received 2 response(s) [4a682f4f-c3f2-4b77-88b7-f0ab78890feb<-77ab65e6-d942-49df-83a3-1d4c0bf152b3#0:FAIL-t171, 4a682f4f-c3f2-4b77-88b7-f0ab78890feb<-7e1b84a9-a041-44fd-8008-f2679426984c#0:FAIL-t171] and 0 exception(s); 4a682f4f-c3f2-4b77-88b7-f0ab78890feb@group-0DB8C7688BF9:t171, leader=null, voted=4a682f4f-c3f2-4b77-88b7-f0ab78890feb, raftlog=4a682f4f-c3f2-4b77-88b7-f0ab78890feb@group-0DB8C7688BF9-SegmentedRaftLog:OPENED:c-1,f-1,i0, conf=-1: [77ab65e6-d942-49df-83a3-1d4c0bf152b3:192.168.164.217:39381, 7e1b84a9-a041-44fd-8008-f2679426984c:192.168.164.217:44149, 4a682f4f-c3f2-4b77-88b7-f0ab78890feb:192.168.164.217:34174], old=null
2019-11-05 08:24:10,974 [4a682f4f-c3f2-4b77-88b7-f0ab78890feb@group-0DB8C7688BF9-LeaderElection340] INFO  impl.RaftServerImpl (RaftServerImpl.java:setRole(184)) - 4a682f4f-c3f2-4b77-88b7-f0ab78890feb@group-0DB8C7688BF9: changes role from CANDIDATE to FOLLOWER at term 171 for DISCOVERED_A_NEW_TERM
2019-11-05 08:24:10,974 [4a682f4f-c3f2-4b77-88b7-f0ab78890feb@group-0DB8C7688BF9-LeaderElection340] INFO  impl.RoleInfo (RoleInfo.java:shutdownLeaderElection(134)) - 4a682f4f-c3f2-4b77-88b7-f0ab78890feb: shutdown LeaderElection
2019-11-05 08:24:10,974 [4a682f4f-c3f2-4b77-88b7-f0ab78890feb@group-0DB8C7688BF9-LeaderElection340] INFO  impl.RoleInfo (RoleInfo.java:updateAndGet(143)) - 4a682f4f-c3f2-4b77-88b7-f0ab78890feb: start FollowerState
2019-11-05 08:24:11,017 [Thread-2663] INFO  impl.FollowerState (FollowerState.java:run(108)) - a8ae9c07-6d89-4a49-a594-cacd4b776180@group-0E159EE4F99E-FollowerState: change to CANDIDATE, lastRpcTime:151ms, electionTimeout:151ms
2019-11-05 08:24:11,018 [Thread-2663] INFO  impl.RoleInfo (RoleInfo.java:shutdownFollowerState(121)) - a8ae9c07-6d89-4a49-a594-cacd4b776180: shutdown FollowerState
2019-11-05 08:24:11,018 [Thread-2663] INFO  impl.RaftServerImpl (RaftServerImpl.java:setRole(184)) - a8ae9c07-6d89-4a49-a594-cacd4b776180@group-0E159EE4F99E: changes role from  FOLLOWER to CANDIDATE at term 180 for changeToCandidate
2019-11-05 08:24:11,018 [Thread-2663] INFO  impl.RoleInfo (RoleInfo.java:updateAndGet(143)) - a8ae9c07-6d89-4a49-a594-cacd4b776180: start LeaderElection
2019-11-05 08:24:11,031 [a8ae9c07-6d89-4a49-a594-cacd4b776180@group-0E159EE4F99E-LeaderElection341] INFO  impl.LeaderElection (LeaderElection.java:askForVotes(178)) - a8ae9c07-6d89-4a49-a594-cacd4b776180@group-0E159EE4F99E-LeaderElection341: begin an election at term 181 for -1: [caafcba9-090a-41f5-a5f9-cba5a6a81e94:192.168.164.217:37197, a8ae9c07-6d89-4a49-a594-cacd4b776180:192.168.164.217:42719, b3bb9051-8089-4c51-a999-81579e5913f2:192.168.164.217:36516], old=null
2019-11-05 08:24:11,033 [grpc-default-executor-4] INFO  impl.RaftServerImpl (RaftServerImpl.java:setRole(184)) - caafcba9-090a-41f5-a5f9-cba5a6a81e94@group-0E159EE4F99E: changes role from  FOLLOWER to FOLLOWER at term 181 for recognizeCandidate:a8ae9c07-6d89-4a49-a594-cacd4b776180
2019-11-05 08:24:11,033 [grpc-default-executor-0] INFO  impl.RaftServerImpl (RaftServerImpl.java:setRole(184)) - b3bb9051-8089-4c51-a999-81579e5913f2@group-0E159EE4F99E: changes role from  FOLLOWER to FOLLOWER at term 181 for recognizeCandidate:a8ae9c07-6d89-4a49-a594-cacd4b776180
2019-11-05 08:24:11,033 [grpc-default-executor-4] INFO  impl.RoleInfo (RoleInfo.java:shutdownFollowerState(121)) - caafcba9-090a-41f5-a5f9-cba5a6a81e94: shutdown FollowerState
2019-11-05 08:24:11,033 [grpc-default-executor-0] INFO  impl.RoleInfo (RoleInfo.java:shutdownFollowerState(121)) - b3bb9051-8089-4c51-a999-81579e5913f2: shutdown FollowerState
2019-11-05 08:24:11,033 [Thread-2661] INFO  impl.FollowerState (FollowerState.java:run(117)) - caafcba9-090a-41f5-a5f9-cba5a6a81e94@group-0E159EE4F99E-FollowerState was interrupted: java.lang.InterruptedException: sleep interrupted
2019-11-05 08:24:11,033 [grpc-default-executor-4] INFO  impl.RoleInfo (RoleInfo.java:updateAndGet(143)) - caafcba9-090a-41f5-a5f9-cba5a6a81e94: start FollowerState
2019-11-05 08:24:11,033 [grpc-default-executor-0] INFO  impl.RoleInfo (RoleInfo.java:updateAndGet(143)) - b3bb9051-8089-4c51-a999-81579e5913f2: start FollowerState
2019-11-05 08:24:11,033 [Thread-2662] INFO  impl.FollowerState (FollowerState.java:run(117)) - b3bb9051-8089-4c51-a999-81579e5913f2@group-0E159EE4F99E-FollowerState was interrupted: java.lang.InterruptedException: sleep interrupted
2019-11-05 08:24:11,047 [a8ae9c07-6d89-4a49-a594-cacd4b776180@group-0E159EE4F99E-LeaderElection341] INFO  impl.LeaderElection (LeaderElection.java:logAndReturn(56)) - a8ae9c07-6d89-4a49-a594-cacd4b776180@group-0E159EE4F99E-LeaderElection341: Election REJECTED; received 2 response(s) [a8ae9c07-6d89-4a49-a594-cacd4b776180<-caafcba9-090a-41f5-a5f9-cba5a6a81e94#0:FAIL-t181, a8ae9c07-6d89-4a49-a594-cacd4b776180<-b3bb9051-8089-4c51-a999-81579e5913f2#0:FAIL-t181] and 0 exception(s); a8ae9c07-6d89-4a49-a594-cacd4b776180@group-0E159EE4F99E:t181, leader=null, voted=a8ae9c07-6d89-4a49-a594-cacd4b776180, raftlog=a8ae9c07-6d89-4a49-a594-cacd4b776180@group-0E159EE4F99E-SegmentedRaftLog:OPENED:c-1,f-1,i0, conf=-1: [caafcba9-090a-41f5-a5f9-cba5a6a81e94:192.168.164.217:37197, a8ae9c07-6d89-4a49-a594-cacd4b776180:192.168.164.217:42719, b3bb9051-8089-4c51-a999-81579e5913f2:192.168.164.217:36516], old=null
2019-11-05 08:24:11,047 [a8ae9c07-6d89-4a49-a594-cacd4b776180@group-0E159EE4F99E-LeaderElection341] INFO  impl.RaftServerImpl (RaftServerImpl.java:setRole(184)) - a8ae9c07-6d89-4a49-a594-cacd4b776180@group-0E159EE4F99E: changes role from CANDIDATE to FOLLOWER at term 181 for DISCOVERED_A_NEW_TERM
2019-11-05 08:24:11,048 [a8ae9c07-6d89-4a49-a594-cacd4b776180@group-0E159EE4F99E-LeaderElection341] INFO  impl.RoleInfo (RoleInfo.java:shutdownLeaderElection(134)) - a8ae9c07-6d89-4a49-a594-cacd4b776180: shutdown LeaderElection
2019-11-05 08:24:11,048 [a8ae9c07-6d89-4a49-a594-cacd4b776180@group-0E159EE4F99E-LeaderElection341] INFO  impl.RoleInfo (RoleInfo.java:updateAndGet(143)) - a8ae9c07-6d89-4a49-a594-cacd4b776180: start FollowerState
2019-11-05 08:24:11,069 [Thread-2669] INFO  impl.FollowerState (FollowerState.java:run(108)) - 4a682f4f-c3f2-4b77-88b7-f0ab78890feb@group-0DB8C7688BF9-FollowerState: change to CANDIDATE, lastRpcTime:95ms, electionTimeout:95ms
2019-11-05 08:24:11,069 [Thread-2669] INFO  impl.RoleInfo (RoleInfo.java:shutdownFollowerState(121)) - 4a682f4f-c3f2-4b77-88b7-f0ab78890feb: shutdown FollowerState
2019-11-05 08:24:11,070 [Thread-2669] INFO  impl.RaftServerImpl (RaftServerImpl.java:setRole(184)) - 4a682f4f-c3f2-4b77-88b7-f0ab78890feb@group-0DB8C7688BF9: changes role from  FOLLOWER to CANDIDATE at term 171 for changeToCandidate
2019-11-05 08:24:11,070 [Thread-2669] INFO  impl.RoleInfo (RoleInfo.java:updateAndGet(143)) - 4a682f4f-c3f2-4b77-88b7-f0ab78890feb: start LeaderElection
2019-11-05 08:24:11,084 [4a682f4f-c3f2-4b77-88b7-f0ab78890feb@group-0DB8C7688BF9-LeaderElection342] INFO  impl.LeaderElection (LeaderElection.java:askForVotes(178)) - 4a682f4f-c3f2-4b77-88b7-f0ab78890feb@group-0DB8C7688BF9-LeaderElection342: begin an election at term 172 for -1: [77ab65e6-d942-49df-83a3-1d4c0bf152b3:192.168.164.217:39381, 7e1b84a9-a041-44fd-8008-f2679426984c:192.168.164.217:44149, 4a682f4f-c3f2-4b77-88b7-f0ab78890feb:192.168.164.217:34174], old=null
2019-11-05 08:24:11,085 [grpc-default-executor-0] INFO  impl.RaftServerImpl (RaftServerImpl.java:setRole(184)) - 77ab65e6-d942-49df-83a3-1d4c0bf152b3@group-0DB8C7688BF9: changes role from  FOLLOWER to FOLLOWER at term 172 for recognizeCandidate:4a682f4f-c3f2-4b77-88b7-f0ab78890feb
2019-11-05 08:24:11,085 [grpc-default-executor-0] INFO  impl.RoleInfo (RoleInfo.java:shutdownFollowerState(121)) - 77ab65e6-d942-49df-83a3-1d4c0bf152b3: shutdown FollowerState
2019-11-05 08:24:11,085 [grpc-default-executor-0] INFO  impl.RoleInfo (RoleInfo.java:updateAndGet(143)) - 77ab65e6-d942-49df-83a3-1d4c0bf152b3: start FollowerState
2019-11-05 08:24:11,085 [Thread-2667] INFO  impl.FollowerState (FollowerState.java:run(117)) - 77ab65e6-d942-49df-83a3-1d4c0bf152b3@group-0DB8C7688BF9-FollowerState was interrupted: java.lang.InterruptedException: sleep interrupted
2019-11-05 08:24:11,085 [grpc-default-executor-4] INFO  impl.RaftServerImpl (RaftServerImpl.java:setRole(184)) - 7e1b84a9-a041-44fd-8008-f2679426984c@group-0DB8C7688BF9: changes role from  FOLLOWER to FOLLOWER at term 172 for recognizeCandidate:4a682f4f-c3f2-4b77-88b7-f0ab78890feb
2019-11-05 08:24:11,085 [grpc-default-executor-4] INFO  impl.RoleInfo (RoleInfo.java:shutdownFollowerState(121)) - 7e1b84a9-a041-44fd-8008-f2679426984c: shutdown FollowerState
2019-11-05 08:24:11,086 [grpc-default-executor-4] INFO  impl.RoleInfo (RoleInfo.java:updateAndGet(143)) - 7e1b84a9-a041-44fd-8008-f2679426984c: start FollowerState
2019-11-05 08:24:11,086 [Thread-2668] INFO  impl.FollowerState (FollowerState.java:run(117)) - 7e1b84a9-a041-44fd-8008-f2679426984c@group-0DB8C7688BF9-FollowerState was interrupted: java.lang.InterruptedException: sleep interrupted
2019-11-05 08:24:11,099 [4a682f4f-c3f2-4b77-88b7-f0ab78890feb@group-0DB8C7688BF9-LeaderElection342] INFO  impl.LeaderElection (LeaderElection.java:logAndReturn(56)) - 4a682f4f-c3f2-4b77-88b7-f0ab78890feb@group-0DB8C7688BF9-LeaderElection342: Election REJECTED; received 2 response(s) [4a682f4f-c3f2-4b77-88b7-f0ab78890feb<-77ab65e6-d942-49df-83a3-1d4c0bf152b3#0:FAIL-t172, 4a682f4f-c3f2-4b77-88b7-f0ab78890feb<-7e1b84a9-a041-44fd-8008-f2679426984c#0:FAIL-t172] and 0 exception(s); 4a682f4f-c3f2-4b77-88b7-f0ab78890feb@group-0DB8C7688BF9:t172, leader=null, voted=4a682f4f-c3f2-4b77-88b7-f0ab78890feb, raftlog=4a682f4f-c3f2-4b77-88b7-f0ab78890feb@group-0DB8C7688BF9-SegmentedRaftLog:OPENED:c-1,f-1,i0, conf=-1: [77ab65e6-d942-49df-83a3-1d4c0bf152b3:192.168.164.217:39381, 7e1b84a9-a041-44fd-8008-f2679426984c:192.168.164.217:44149, 4a682f4f-c3f2-4b77-88b7-f0ab78890feb:192.168.164.217:34174], old=null
2019-11-05 08:24:11,099 [4a682f4f-c3f2-4b77-88b7-f0ab78890feb@group-0DB8C7688BF9-LeaderElection342] INFO  impl.RaftServerImpl (RaftServerImpl.java:setRole(184)) - 4a682f4f-c3f2-4b77-88b7-f0ab78890feb@group-0DB8C7688BF9: changes role from CANDIDATE to FOLLOWER at term 172 for DISCOVERED_A_NEW_TERM
2019-11-05 08:24:11,100 [4a682f4f-c3f2-4b77-88b7-f0ab78890feb@group-0DB8C7688BF9-LeaderElection342] INFO  impl.RoleInfo (RoleInfo.java:shutdownLeaderElection(134)) - 4a682f4f-c3f2-4b77-88b7-f0ab78890feb: shutdown LeaderElection
2019-11-05 08:24:11,100 [4a682f4f-c3f2-4b77-88b7-f0ab78890feb@group-0DB8C7688BF9-LeaderElection342] INFO  impl.RoleInfo (RoleInfo.java:updateAndGet(143)) - 4a682f4f-c3f2-4b77-88b7-f0ab78890feb: start FollowerState
2019-11-05 08:24:11,115 [Thread-2681] INFO  impl.FollowerState (FollowerState.java:run(108)) - 4a682f4f-c3f2-4b77-88b7-f0ab78890feb@group-0DB8C7688BF9-FollowerState: change to CANDIDATE, lastRpcTime:15ms, electionTimeout:15ms
2019-11-05 08:24:11,115 [Thread-2681] INFO  impl.RoleInfo (RoleInfo.java:shutdownFollowerState(121)) - 4a682f4f-c3f2-4b77-88b7-f0ab78890feb: shutdown FollowerState
2019-11-05 08:24:11,115 [Thread-2681] INFO  impl.RaftServerImpl (RaftServerImpl.java:setRole(184)) - 4a682f4f-c3f2-4b77-88b7-f0ab78890feb@group-0DB8C7688BF9: changes role from  FOLLOWER to CANDIDATE at term 172 for changeToCandidate
2019-11-05 08:24:11,115 [Thread-2681] INFO  impl.RoleInfo (RoleInfo.java:updateAndGet(143)) - 4a682f4f-c3f2-4b77-88b7-f0ab78890feb: start LeaderElection
2019-11-05 08:24:11,120 [Thread-2675] INFO  impl.FollowerState (FollowerState.java:run(108)) - a8ae9c07-6d89-4a49-a594-cacd4b776180@group-0E159EE4F99E-FollowerState: change to CANDIDATE, lastRpcTime:72ms, electionTimeout:72ms
2019-11-05 08:24:11,120 [Thread-2675] INFO  impl.RoleInfo (RoleInfo.java:shutdownFollowerState(121)) - a8ae9c07-6d89-4a49-a594-cacd4b776180: shutdown FollowerState
2019-11-05 08:24:11,120 [Thread-2675] INFO  impl.RaftServerImpl (RaftServerImpl.java:setRole(184)) - a8ae9c07-6d89-4a49-a594-cacd4b776180@group-0E159EE4F99E: changes role from  FOLLOWER to CANDIDATE at term 181 for changeToCandidate
2019-11-05 08:24:11,120 [Thread-2675] INFO  impl.RoleInfo (RoleInfo.java:updateAndGet(143)) - a8ae9c07-6d89-4a49-a594-cacd4b776180: start LeaderElection
2019-11-05 08:24:11,129 [a8ae9c07-6d89-4a49-a594-cacd4b776180@group-0E159EE4F99E-LeaderElection344] INFO  impl.LeaderElection (LeaderElection.java:askForVotes(178)) - a8ae9c07-6d89-4a49-a594-cacd4b776180@group-0E159EE4F99E-LeaderElection344: begin an election at term 182 for -1: [caafcba9-090a-41f5-a5f9-cba5a6a81e94:192.168.164.217:37197, a8ae9c07-6d89-4a49-a594-cacd4b776180:192.168.164.217:42719, b3bb9051-8089-4c51-a999-81579e5913f2:192.168.164.217:36516], old=null
2019-11-05 08:24:11,129 [4a682f4f-c3f2-4b77-88b7-f0ab78890feb@group-0DB8C7688BF9-LeaderElection343] INFO  impl.LeaderElection (LeaderElection.java:askForVotes(178)) - 4a682f4f-c3f2-4b77-88b7-f0ab78890feb@group-0DB8C7688BF9-LeaderElection343: begin an election at term 173 for -1: [77ab65e6-d942-49df-83a3-1d4c0bf152b3:192.168.164.217:39381, 7e1b84a9-a041-44fd-8008-f2679426984c:192.168.164.217:44149, 4a682f4f-c3f2-4b77-88b7-f0ab78890feb:192.168.164.217:34174], old=null
2019-11-05 08:24:11,131 [grpc-default-executor-0] INFO  impl.RaftServerImpl (RaftServerImpl.java:setRole(184)) - caafcba9-090a-41f5-a5f9-cba5a6a81e94@group-0E159EE4F99E: changes role from  FOLLOWER to FOLLOWER at term 182 for recognizeCandidate:a8ae9c07-6d89-4a49-a594-cacd4b776180
2019-11-05 08:24:11,131 [grpc-default-executor-0] INFO  impl.RoleInfo (RoleInfo.java:shutdownFollowerState(121)) - caafcba9-090a-41f5-a5f9-cba5a6a81e94: shutdown FollowerState
2019-11-05 08:24:11,132 [grpc-default-executor-0] INFO  impl.RoleInfo (RoleInfo.java:updateAndGet(143)) - caafcba9-090a-41f5-a5f9-cba5a6a81e94: start FollowerState
2019-11-05 08:24:11,132 [Thread-2673] INFO  impl.FollowerState (FollowerState.java:run(117)) - caafcba9-090a-41f5-a5f9-cba5a6a81e94@group-0E159EE4F99E-FollowerState was interrupted: java.lang.InterruptedException: sleep interrupted
2019-11-05 08:24:11,132 [grpc-default-executor-4] INFO  impl.RaftServerImpl (RaftServerImpl.java:setRole(184)) - b3bb9051-8089-4c51-a999-81579e5913f2@group-0E159EE4F99E: changes role from  FOLLOWER to FOLLOWER at term 182 for recognizeCandidate:a8ae9c07-6d89-4a49-a594-cacd4b776180
2019-11-05 08:24:11,132 [grpc-default-executor-4] INFO  impl.RoleInfo (RoleInfo.java:shutdownFollowerState(121)) - b3bb9051-8089-4c51-a999-81579e5913f2: shutdown FollowerState
2019-11-05 08:24:11,132 [grpc-default-executor-1] INFO  impl.RaftServerImpl (RaftServerImpl.java:setRole(184)) - 7e1b84a9-a041-44fd-8008-f2679426984c@group-0DB8C7688BF9: changes role from  FOLLOWER to FOLLOWER at term 173 for recognizeCandidate:4a682f4f-c3f2-4b77-88b7-f0ab78890feb
2019-11-05 08:24:11,132 [grpc-default-executor-1] INFO  impl.RoleInfo (RoleInfo.java:shutdownFollowerState(121)) - 7e1b84a9-a041-44fd-8008-f2679426984c: shutdown FollowerState
2019-11-05 08:24:11,132 [Thread-2674] INFO  impl.FollowerState (FollowerState.java:run(117)) - b3bb9051-8089-4c51-a999-81579e5913f2@group-0E159EE4F99E-FollowerState was interrupted: java.lang.InterruptedException: sleep interrupted
2019-11-05 08:24:11,133 [grpc-default-executor-3] INFO  impl.RaftServerImpl (RaftServerImpl.java:setRole(184)) - 77ab65e6-d942-49df-83a3-1d4c0bf152b3@group-0DB8C7688BF9: changes role from  FOLLOWER to FOLLOWER at term 173 for recognizeCandidate:4a682f4f-c3f2-4b77-88b7-f0ab78890feb
2019-11-05 08:24:11,133 [grpc-default-executor-3] INFO  impl.RoleInfo (RoleInfo.java:shutdownFollowerState(121)) - 77ab65e6-d942-49df-83a3-1d4c0bf152b3: shutdown FollowerState
2019-11-05 08:24:11,132 [grpc-default-executor-4] INFO  impl.RoleInfo (RoleInfo.java:updateAndGet(143)) - b3bb9051-8089-4c51-a999-81579e5913f2: start FollowerState
2019-11-05 08:24:11,133 [grpc-default-executor-3] INFO  impl.RoleInfo (RoleInfo.java:updateAndGet(143)) - 77ab65e6-d942-49df-83a3-1d4c0bf152b3: start FollowerState
2019-11-05 08:24:11,133 [Thread-2679] INFO  impl.FollowerState (FollowerState.java:run(117)) - 77ab65e6-d942-49df-83a3-1d4c0bf152b3@group-0DB8C7688BF9-FollowerState was interrupted: java.lang.InterruptedException: sleep interrupted
2019-11-05 08:24:11,133 [Thread-2680] INFO  impl.FollowerState (FollowerState.java:run(117)) - 7e1b84a9-a041-44fd-8008-f2679426984c@group-0DB8C7688BF9-FollowerState was interrupted: java.lang.InterruptedException: sleep interrupted
2019-11-05 08:24:11,133 [grpc-default-executor-1] INFO  impl.RoleInfo (RoleInfo.java:updateAndGet(143)) - 7e1b84a9-a041-44fd-8008-f2679426984c: start FollowerState
2019-11-05 08:24:11,148 [4a682f4f-c3f2-4b77-88b7-f0ab78890feb@group-0DB8C7688BF9-LeaderElection343] INFO  impl.LeaderElection (LeaderElection.java:logAndReturn(56)) - 4a682f4f-c3f2-4b77-88b7-f0ab78890feb@group-0DB8C7688BF9-LeaderElection343: Election REJECTED; received 2 response(s) [4a682f4f-c3f2-4b77-88b7-f0ab78890feb<-77ab65e6-d942-49df-83a3-1d4c0bf152b3#0:FAIL-t173, 4a682f4f-c3f2-4b77-88b7-f0ab78890feb<-7e1b84a9-a041-44fd-8008-f2679426984c#0:FAIL-t173] and 0 exception(s); 4a682f4f-c3f2-4b77-88b7-f0ab78890feb@group-0DB8C7688BF9:t173, leader=null, voted=4a682f4f-c3f2-4b77-88b7-f0ab78890feb, raftlog=4a682f4f-c3f2-4b77-88b7-f0ab78890feb@group-0DB8C7688BF9-SegmentedRaftLog:OPENED:c-1,f-1,i0, conf=-1: [77ab65e6-d942-49df-83a3-1d4c0bf152b3:192.168.164.217:39381, 7e1b84a9-a041-44fd-8008-f2679426984c:192.168.164.217:44149, 4a682f4f-c3f2-4b77-88b7-f0ab78890feb:192.168.164.217:34174], old=null
2019-11-05 08:24:11,148 [a8ae9c07-6d89-4a49-a594-cacd4b776180@group-0E159EE4F99E-LeaderElection344] INFO  impl.LeaderElection (LeaderElection.java:logAndReturn(56)) - a8ae9c07-6d89-4a49-a594-cacd4b776180@group-0E159EE4F99E-LeaderElection344: Election REJECTED; received 2 response(s) [a8ae9c07-6d89-4a49-a594-cacd4b776180<-caafcba9-090a-41f5-a5f9-cba5a6a81e94#0:FAIL-t182, a8ae9c07-6d89-4a49-a594-cacd4b776180<-b3bb9051-8089-4c51-a999-81579e5913f2#0:FAIL-t182] and 0 exception(s); a8ae9c07-6d89-4a49-a594-cacd4b776180@group-0E159EE4F99E:t182, leader=null, voted=a8ae9c07-6d89-4a49-a594-cacd4b776180, raftlog=a8ae9c07-6d89-4a49-a594-cacd4b776180@group-0E159EE4F99E-SegmentedRaftLog:OPENED:c-1,f-1,i0, conf=-1: [caafcba9-090a-41f5-a5f9-cba5a6a81e94:192.168.164.217:37197, a8ae9c07-6d89-4a49-a594-cacd4b776180:192.168.164.217:42719, b3bb9051-8089-4c51-a999-81579e5913f2:192.168.164.217:36516], old=null
2019-11-05 08:24:11,148 [4a682f4f-c3f2-4b77-88b7-f0ab78890feb@group-0DB8C7688BF9-LeaderElection343] INFO  impl.RaftServerImpl (RaftServerImpl.java:setRole(184)) - 4a682f4f-c3f2-4b77-88b7-f0ab78890feb@group-0DB8C7688BF9: changes role from CANDIDATE to FOLLOWER at term 173 for DISCOVERED_A_NEW_TERM
2019-11-05 08:24:11,148 [a8ae9c07-6d89-4a49-a594-cacd4b776180@group-0E159EE4F99E-LeaderElection344] INFO  impl.RaftServerImpl (RaftServerImpl.java:setRole(184)) - a8ae9c07-6d89-4a49-a594-cacd4b776180@group-0E159EE4F99E: changes role from CANDIDATE to FOLLOWER at term 182 for DISCOVERED_A_NEW_TERM
2019-11-05 08:24:11,148 [4a682f4f-c3f2-4b77-88b7-f0ab78890feb@group-0DB8C7688BF9-LeaderElection343] INFO  impl.RoleInfo (RoleInfo.java:shutdownLeaderElection(134)) - 4a682f4f-c3f2-4b77-88b7-f0ab78890feb: shutdown LeaderElection
2019-11-05 08:24:11,148 [a8ae9c07-6d89-4a49-a594-cacd4b776180@group-0E159EE4F99E-LeaderElection344] INFO  impl.RoleInfo (RoleInfo.java:shutdownLeaderElection(134)) - a8ae9c07-6d89-4a49-a594-cacd4b776180: shutdown LeaderElection
2019-11-05 08:24:11,148 [4a682f4f-c3f2-4b77-88b7-f0ab78890feb@group-0DB8C7688BF9-LeaderElection343] INFO  impl.RoleInfo (RoleInfo.java:updateAndGet(143)) - 4a682f4f-c3f2-4b77-88b7-f0ab78890feb: start FollowerState
2019-11-05 08:24:11,148 [a8ae9c07-6d89-4a49-a594-cacd4b776180@group-0E159EE4F99E-LeaderElection344] INFO  impl.RoleInfo (RoleInfo.java:updateAndGet(143)) - a8ae9c07-6d89-4a49-a594-cacd4b776180: start FollowerState
2019-11-05 08:24:11,258 [Thread-2692] INFO  impl.FollowerState (FollowerState.java:run(108)) - 4a682f4f-c3f2-4b77-88b7-f0ab78890feb@group-0DB8C7688BF9-FollowerState: change to CANDIDATE, lastRpcTime:109ms, electionTimeout:109ms
2019-11-05 08:24:11,258 [Thread-2692] INFO  impl.RoleInfo (RoleInfo.java:shutdownFollowerState(121)) - 4a682f4f-c3f2-4b77-88b7-f0ab78890feb: shutdown FollowerState
2019-11-05 08:24:11,258 [Thread-2692] INFO  impl.RaftServerImpl (RaftServerImpl.java:setRole(184)) - 4a682f4f-c3f2-4b77-88b7-f0ab78890feb@group-0DB8C7688BF9: changes role from  FOLLOWER to CANDIDATE at term 173 for changeToCandidate
2019-11-05 08:24:11,258 [Thread-2692] INFO  impl.RoleInfo (RoleInfo.java:updateAndGet(143)) - 4a682f4f-c3f2-4b77-88b7-f0ab78890feb: start LeaderElection
2019-11-05 08:24:11,272 [4a682f4f-c3f2-4b77-88b7-f0ab78890feb@group-0DB8C7688BF9-LeaderElection345] INFO  impl.LeaderElection (LeaderElection.java:askForVotes(178)) - 4a682f4f-c3f2-4b77-88b7-f0ab78890feb@group-0DB8C7688BF9-LeaderElection345: begin an election at term 174 for -1: [77ab65e6-d942-49df-83a3-1d4c0bf152b3:192.168.164.217:39381, 7e1b84a9-a041-44fd-8008-f2679426984c:192.168.164.217:44149, 4a682f4f-c3f2-4b77-88b7-f0ab78890feb:192.168.164.217:34174], old=null
2019-11-05 08:24:11,274 [grpc-default-executor-4] INFO  impl.RaftServerImpl (RaftServerImpl.java:setRole(184)) - 77ab65e6-d942-49df-83a3-1d4c0bf152b3@group-0DB8C7688BF9: changes role from  FOLLOWER to FOLLOWER at term 174 for recognizeCandidate:4a682f4f-c3f2-4b77-88b7-f0ab78890feb
2019-11-05 08:24:11,274 [grpc-default-executor-4] INFO  impl.RoleInfo (RoleInfo.java:shutdownFollowerState(121)) - 77ab65e6-d942-49df-83a3-1d4c0bf152b3: shutdown FollowerState
2019-11-05 08:24:11,274 [grpc-default-executor-1] INFO  impl.RaftServerImpl (RaftServerImpl.java:setRole(184)) - 7e1b84a9-a041-44fd-8008-f2679426984c@group-0DB8C7688BF9: changes role from  FOLLOWER to FOLLOWER at term 174 for recognizeCandidate:4a682f4f-c3f2-4b77-88b7-f0ab78890feb
2019-11-05 08:24:11,274 [grpc-default-executor-1] INFO  impl.RoleInfo (RoleInfo.java:shutdownFollowerState(121)) - 7e1b84a9-a041-44fd-8008-f2679426984c: shutdown FollowerState
2019-11-05 08:24:11,274 [Thread-2691] INFO  impl.FollowerState (FollowerState.java:run(117)) - 77ab65e6-d942-49df-83a3-1d4c0bf152b3@group-0DB8C7688BF9-FollowerState was interrupted: java.lang.InterruptedException: sleep interrupted
2019-11-05 08:24:11,274 [grpc-default-executor-4] INFO  impl.RoleInfo (RoleInfo.java:updateAndGet(143)) - 77ab65e6-d942-49df-83a3-1d4c0bf152b3: start FollowerState
2019-11-05 08:24:11,274 [Thread-2690] INFO  impl.FollowerState (FollowerState.java:run(117)) - 7e1b84a9-a041-44fd-8008-f2679426984c@group-0DB8C7688BF9-FollowerState was interrupted: java.lang.InterruptedException: sleep interrupted
2019-11-05 08:24:11,274 [grpc-default-executor-1] INFO  impl.RoleInfo (RoleInfo.java:updateAndGet(143)) - 7e1b84a9-a041-44fd-8008-f2679426984c: start FollowerState
2019-11-05 08:24:11,286 [4a682f4f-c3f2-4b77-88b7-f0ab78890feb@group-0DB8C7688BF9-LeaderElection345] INFO  impl.LeaderElection (LeaderElection.java:logAndReturn(56)) - 4a682f4f-c3f2-4b77-88b7-f0ab78890feb@group-0DB8C7688BF9-LeaderElection345: Election REJECTED; received 2 response(s) [4a682f4f-c3f2-4b77-88b7-f0ab78890feb<-77ab65e6-d942-49df-83a3-1d4c0bf152b3#0:FAIL-t174, 4a682f4f-c3f2-4b77-88b7-f0ab78890feb<-7e1b84a9-a041-44fd-8008-f2679426984c#0:FAIL-t174] and 0 exception(s); 4a682f4f-c3f2-4b77-88b7-f0ab78890feb@group-0DB8C7688BF9:t174, leader=null, voted=4a682f4f-c3f2-4b77-88b7-f0ab78890feb, raftlog=4a682f4f-c3f2-4b77-88b7-f0ab78890feb@group-0DB8C7688BF9-SegmentedRaftLog:OPENED:c-1,f-1,i0, conf=-1: [77ab65e6-d942-49df-83a3-1d4c0bf152b3:192.168.164.217:39381, 7e1b84a9-a041-44fd-8008-f2679426984c:192.168.164.217:44149, 4a682f4f-c3f2-4b77-88b7-f0ab78890feb:192.168.164.217:34174], old=null
2019-11-05 08:24:11,286 [4a682f4f-c3f2-4b77-88b7-f0ab78890feb@group-0DB8C7688BF9-LeaderElection345] INFO  impl.RaftServerImpl (RaftServerImpl.java:setRole(184)) - 4a682f4f-c3f2-4b77-88b7-f0ab78890feb@group-0DB8C7688BF9: changes role from CANDIDATE to FOLLOWER at term 174 for DISCOVERED_A_NEW_TERM
2019-11-05 08:24:11,286 [4a682f4f-c3f2-4b77-88b7-f0ab78890feb@group-0DB8C7688BF9-LeaderElection345] INFO  impl.RoleInfo (RoleInfo.java:shutdownLeaderElection(134)) - 4a682f4f-c3f2-4b77-88b7-f0ab78890feb: shutdown LeaderElection
2019-11-05 08:24:11,286 [4a682f4f-c3f2-4b77-88b7-f0ab78890feb@group-0DB8C7688BF9-LeaderElection345] INFO  impl.RoleInfo (RoleInfo.java:updateAndGet(143)) - 4a682f4f-c3f2-4b77-88b7-f0ab78890feb: start FollowerState
2019-11-05 08:24:11,334 [Thread-2693] INFO  impl.FollowerState (FollowerState.java:run(108)) - a8ae9c07-6d89-4a49-a594-cacd4b776180@group-0E159EE4F99E-FollowerState: change to CANDIDATE, lastRpcTime:185ms, electionTimeout:185ms
2019-11-05 08:24:11,334 [Thread-2693] INFO  impl.RoleInfo (RoleInfo.java:shutdownFollowerState(121)) - a8ae9c07-6d89-4a49-a594-cacd4b776180: shutdown FollowerState
2019-11-05 08:24:11,334 [Thread-2693] INFO  impl.RaftServerImpl (RaftServerImpl.java:setRole(184)) - a8ae9c07-6d89-4a49-a594-cacd4b776180@group-0E159EE4F99E: changes role from  FOLLOWER to CANDIDATE at term 182 for changeToCandidate
2019-11-05 08:24:11,334 [Thread-2693] INFO  impl.RoleInfo (RoleInfo.java:updateAndGet(143)) - a8ae9c07-6d89-4a49-a594-cacd4b776180: start LeaderElection
2019-11-05 08:24:11,348 [a8ae9c07-6d89-4a49-a594-cacd4b776180@group-0E159EE4F99E-LeaderElection346] INFO  impl.LeaderElection (LeaderElection.java:askForVotes(178)) - a8ae9c07-6d89-4a49-a594-cacd4b776180@group-0E159EE4F99E-LeaderElection346: begin an election at term 183 for -1: [caafcba9-090a-41f5-a5f9-cba5a6a81e94:192.168.164.217:37197, a8ae9c07-6d89-4a49-a594-cacd4b776180:192.168.164.217:42719, b3bb9051-8089-4c51-a999-81579e5913f2:192.168.164.217:36516], old=null
2019-11-05 08:24:11,350 [grpc-default-executor-1] INFO  impl.RaftServerImpl (RaftServerImpl.java:setRole(184)) - caafcba9-090a-41f5-a5f9-cba5a6a81e94@group-0E159EE4F99E: changes role from  FOLLOWER to FOLLOWER at term 183 for recognizeCandidate:a8ae9c07-6d89-4a49-a594-cacd4b776180
2019-11-05 08:24:11,350 [grpc-default-executor-1] INFO  impl.RoleInfo (RoleInfo.java:shutdownFollowerState(121)) - caafcba9-090a-41f5-a5f9-cba5a6a81e94: shutdown FollowerState
2019-11-05 08:24:11,350 [grpc-default-executor-1] INFO  impl.RoleInfo (RoleInfo.java:updateAndGet(143)) - caafcba9-090a-41f5-a5f9-cba5a6a81e94: start FollowerState
2019-11-05 08:24:11,350 [grpc-default-executor-4] INFO  impl.RaftServerImpl (RaftServerImpl.java:setRole(184)) - b3bb9051-8089-4c51-a999-81579e5913f2@group-0E159EE4F99E: changes role from  FOLLOWER to FOLLOWER at term 183 for recognizeCandidate:a8ae9c07-6d89-4a49-a594-cacd4b776180
2019-11-05 08:24:11,350 [Thread-2688] INFO  impl.FollowerState (FollowerState.java:run(117)) - caafcba9-090a-41f5-a5f9-cba5a6a81e94@group-0E159EE4F99E-FollowerState was interrupted: java.lang.InterruptedException: sleep interrupted
2019-11-05 08:24:11,350 [grpc-default-executor-4] INFO  impl.RoleInfo (RoleInfo.java:shutdownFollowerState(121)) - b3bb9051-8089-4c51-a999-81579e5913f2: shutdown FollowerState
2019-11-05 08:24:11,350 [grpc-default-executor-4] INFO  impl.RoleInfo (RoleInfo.java:updateAndGet(143)) - b3bb9051-8089-4c51-a999-81579e5913f2: start FollowerState
2019-11-05 08:24:11,350 [Thread-2689] INFO  impl.FollowerState (FollowerState.java:run(117)) - b3bb9051-8089-4c51-a999-81579e5913f2@group-0E159EE4F99E-FollowerState was interrupted: java.lang.InterruptedException: sleep interrupted
2019-11-05 08:24:11,363 [a8ae9c07-6d89-4a49-a594-cacd4b776180@group-0E159EE4F99E-LeaderElection346] INFO  impl.LeaderElection (LeaderElection.java:logAndReturn(56)) - a8ae9c07-6d89-4a49-a594-cacd4b776180@group-0E159EE4F99E-LeaderElection346: Election REJECTED; received 2 response(s) [a8ae9c07-6d89-4a49-a594-cacd4b776180<-caafcba9-090a-41f5-a5f9-cba5a6a81e94#0:FAIL-t183, a8ae9c07-6d89-4a49-a594-cacd4b776180<-b3bb9051-8089-4c51-a999-81579e5913f2#0:FAIL-t183] and 0 exception(s); a8ae9c07-6d89-4a49-a594-cacd4b776180@group-0E159EE4F99E:t183, leader=null, voted=a8ae9c07-6d89-4a49-a594-cacd4b776180, raftlog=a8ae9c07-6d89-4a49-a594-cacd4b776180@group-0E159EE4F99E-SegmentedRaftLog:OPENED:c-1,f-1,i0, conf=-1: [caafcba9-090a-41f5-a5f9-cba5a6a81e94:192.168.164.217:37197, a8ae9c07-6d89-4a49-a594-cacd4b776180:192.168.164.217:42719, b3bb9051-8089-4c51-a999-81579e5913f2:192.168.164.217:36516], old=null
2019-11-05 08:24:11,364 [a8ae9c07-6d89-4a49-a594-cacd4b776180@group-0E159EE4F99E-LeaderElection346] INFO  impl.RaftServerImpl (RaftServerImpl.java:setRole(184)) - a8ae9c07-6d89-4a49-a594-cacd4b776180@group-0E159EE4F99E: changes role from CANDIDATE to FOLLOWER at term 183 for DISCOVERED_A_NEW_TERM
2019-11-05 08:24:11,364 [a8ae9c07-6d89-4a49-a594-cacd4b776180@group-0E159EE4F99E-LeaderElection346] INFO  impl.RoleInfo (RoleInfo.java:shutdownLeaderElection(134)) - a8ae9c07-6d89-4a49-a594-cacd4b776180: shutdown LeaderElection
2019-11-05 08:24:11,364 [a8ae9c07-6d89-4a49-a594-cacd4b776180@group-0E159EE4F99E-LeaderElection346] INFO  impl.RoleInfo (RoleInfo.java:updateAndGet(143)) - a8ae9c07-6d89-4a49-a594-cacd4b776180: start FollowerState
2019-11-05 08:24:11,366 [Thread-2701] INFO  impl.FollowerState (FollowerState.java:run(108)) - 4a682f4f-c3f2-4b77-88b7-f0ab78890feb@group-0DB8C7688BF9-FollowerState: change to CANDIDATE, lastRpcTime:79ms, electionTimeout:79ms
2019-11-05 08:24:11,366 [Thread-2701] INFO  impl.RoleInfo (RoleInfo.java:shutdownFollowerState(121)) - 4a682f4f-c3f2-4b77-88b7-f0ab78890feb: shutdown FollowerState
2019-11-05 08:24:11,366 [Thread-2701] INFO  impl.RaftServerImpl (RaftServerImpl.java:setRole(184)) - 4a682f4f-c3f2-4b77-88b7-f0ab78890feb@group-0DB8C7688BF9: changes role from  FOLLOWER to CANDIDATE at term 174 for changeToCandidate
2019-11-05 08:24:11,366 [Thread-2701] INFO  impl.RoleInfo (RoleInfo.java:updateAndGet(143)) - 4a682f4f-c3f2-4b77-88b7-f0ab78890feb: start LeaderElection
2019-11-05 08:24:11,380 [4a682f4f-c3f2-4b77-88b7-f0ab78890feb@group-0DB8C7688BF9-LeaderElection347] INFO  impl.LeaderElection (LeaderElection.java:askForVotes(178)) - 4a682f4f-c3f2-4b77-88b7-f0ab78890feb@group-0DB8C7688BF9-LeaderElection347: begin an election at term 175 for -1: [77ab65e6-d942-49df-83a3-1d4c0bf152b3:192.168.164.217:39381, 7e1b84a9-a041-44fd-8008-f2679426984c:192.168.164.217:44149, 4a682f4f-c3f2-4b77-88b7-f0ab78890feb:192.168.164.217:34174], old=null
2019-11-05 08:24:11,382 [grpc-default-executor-4] INFO  impl.RaftServerImpl (RaftServerImpl.java:setRole(184)) - 77ab65e6-d942-49df-83a3-1d4c0bf152b3@group-0DB8C7688BF9: changes role from  FOLLOWER to FOLLOWER at term 175 for recognizeCandidate:4a682f4f-c3f2-4b77-88b7-f0ab78890feb
2019-11-05 08:24:11,382 [grpc-default-executor-4] INFO  impl.RoleInfo (RoleInfo.java:shutdownFollowerState(121)) - 77ab65e6-d942-49df-83a3-1d4c0bf152b3: shutdown FollowerState
2019-11-05 08:24:11,382 [grpc-default-executor-4] INFO  impl.RoleInfo (RoleInfo.java:updateAndGet(143)) - 77ab65e6-d942-49df-83a3-1d4c0bf152b3: start FollowerState
2019-11-05 08:24:11,382 [Thread-2699] INFO  impl.FollowerState (FollowerState.java:run(117)) - 77ab65e6-d942-49df-83a3-1d4c0bf152b3@group-0DB8C7688BF9-FollowerState was interrupted: java.lang.InterruptedException: sleep interrupted
2019-11-05 08:24:11,382 [grpc-default-executor-1] INFO  impl.RaftServerImpl (RaftServerImpl.java:setRole(184)) - 7e1b84a9-a041-44fd-8008-f2679426984c@group-0DB8C7688BF9: changes role from  FOLLOWER to FOLLOWER at term 175 for recognizeCandidate:4a682f4f-c3f2-4b77-88b7-f0ab78890feb
2019-11-05 08:24:11,383 [grpc-default-executor-1] INFO  impl.RoleInfo (RoleInfo.java:shutdownFollowerState(121)) - 7e1b84a9-a041-44fd-8008-f2679426984c: shutdown FollowerState
2019-11-05 08:24:11,383 [grpc-default-executor-1] INFO  impl.RoleInfo (RoleInfo.java:updateAndGet(143)) - 7e1b84a9-a041-44fd-8008-f2679426984c: start FollowerState
2019-11-05 08:24:11,383 [Thread-2700] INFO  impl.FollowerState (FollowerState.java:run(117)) - 7e1b84a9-a041-44fd-8008-f2679426984c@group-0DB8C7688BF9-FollowerState was interrupted: java.lang.InterruptedException: sleep interrupted
2019-11-05 08:24:11,397 [4a682f4f-c3f2-4b77-88b7-f0ab78890feb@group-0DB8C7688BF9-LeaderElection347] INFO  impl.LeaderElection (LeaderElection.java:logAndReturn(56)) - 4a682f4f-c3f2-4b77-88b7-f0ab78890feb@group-0DB8C7688BF9-LeaderElection347: Election REJECTED; received 2 response(s) [4a682f4f-c3f2-4b77-88b7-f0ab78890feb<-77ab65e6-d942-49df-83a3-1d4c0bf152b3#0:FAIL-t175, 4a682f4f-c3f2-4b77-88b7-f0ab78890feb<-7e1b84a9-a041-44fd-8008-f2679426984c#0:FAIL-t175] and 0 exception(s); 4a682f4f-c3f2-4b77-88b7-f0ab78890feb@group-0DB8C7688BF9:t175, leader=null, voted=4a682f4f-c3f2-4b77-88b7-f0ab78890feb, raftlog=4a682f4f-c3f2-4b77-88b7-f0ab78890feb@group-0DB8C7688BF9-SegmentedRaftLog:OPENED:c-1,f-1,i0, conf=-1: [77ab65e6-d942-49df-83a3-1d4c0bf152b3:192.168.164.217:39381, 7e1b84a9-a041-44fd-8008-f2679426984c:192.168.164.217:44149, 4a682f4f-c3f2-4b77-88b7-f0ab78890feb:192.168.164.217:34174], old=null
2019-11-05 08:24:11,397 [4a682f4f-c3f2-4b77-88b7-f0ab78890feb@group-0DB8C7688BF9-LeaderElection347] INFO  impl.RaftServerImpl (RaftServerImpl.java:setRole(184)) - 4a682f4f-c3f2-4b77-88b7-f0ab78890feb@group-0DB8C7688BF9: changes role from CANDIDATE to FOLLOWER at term 175 for DISCOVERED_A_NEW_TERM
2019-11-05 08:24:11,398 [4a682f4f-c3f2-4b77-88b7-f0ab78890feb@group-0DB8C7688BF9-LeaderElection347] INFO  impl.RoleInfo (RoleInfo.java:shutdownLeaderElection(134)) - 4a682f4f-c3f2-4b77-88b7-f0ab78890feb: shutdown LeaderElection
2019-11-05 08:24:11,398 [4a682f4f-c3f2-4b77-88b7-f0ab78890feb@group-0DB8C7688BF9-LeaderElection347] INFO  impl.RoleInfo (RoleInfo.java:updateAndGet(143)) - 4a682f4f-c3f2-4b77-88b7-f0ab78890feb: start FollowerState
2019-11-05 08:24:11,405 [Thread-2707] INFO  impl.FollowerState (FollowerState.java:run(108)) - a8ae9c07-6d89-4a49-a594-cacd4b776180@group-0E159EE4F99E-FollowerState: change to CANDIDATE, lastRpcTime:41ms, electionTimeout:41ms
2019-11-05 08:24:11,406 [Thread-2707] INFO  impl.RoleInfo (RoleInfo.java:shutdownFollowerState(121)) - a8ae9c07-6d89-4a49-a594-cacd4b776180: shutdown FollowerState
2019-11-05 08:24:11,406 [Thread-2707] INFO  impl.RaftServerImpl (RaftServerImpl.java:setRole(184)) - a8ae9c07-6d89-4a49-a594-cacd4b776180@group-0E159EE4F99E: changes role from  FOLLOWER to CANDIDATE at term 183 for changeToCandidate
2019-11-05 08:24:11,406 [Thread-2707] INFO  impl.RoleInfo (RoleInfo.java:updateAndGet(143)) - a8ae9c07-6d89-4a49-a594-cacd4b776180: start LeaderElection
2019-11-05 08:24:11,419 [a8ae9c07-6d89-4a49-a594-cacd4b776180@group-0E159EE4F99E-LeaderElection348] INFO  impl.LeaderElection (LeaderElection.java:askForVotes(178)) - a8ae9c07-6d89-4a49-a594-cacd4b776180@group-0E159EE4F99E-LeaderElection348: begin an election at term 184 for -1: [caafcba9-090a-41f5-a5f9-cba5a6a81e94:192.168.164.217:37197, a8ae9c07-6d89-4a49-a594-cacd4b776180:192.168.164.217:42719, b3bb9051-8089-4c51-a999-81579e5913f2:192.168.164.217:36516], old=null
2019-11-05 08:24:11,421 [grpc-default-executor-4] INFO  impl.RaftServerImpl (RaftServerImpl.java:setRole(184)) - caafcba9-090a-41f5-a5f9-cba5a6a81e94@group-0E159EE4F99E: changes role from  FOLLOWER to FOLLOWER at term 184 for recognizeCandidate:a8ae9c07-6d89-4a49-a594-cacd4b776180
2019-11-05 08:24:11,421 [grpc-default-executor-4] INFO  impl.RoleInfo (RoleInfo.java:shutdownFollowerState(121)) - caafcba9-090a-41f5-a5f9-cba5a6a81e94: shutdown FollowerState
2019-11-05 08:24:11,421 [grpc-default-executor-1] INFO  impl.RaftServerImpl (RaftServerImpl.java:setRole(184)) - b3bb9051-8089-4c51-a999-81579e5913f2@group-0E159EE4F99E: changes role from  FOLLOWER to FOLLOWER at term 184 for recognizeCandidate:a8ae9c07-6d89-4a49-a594-cacd4b776180
2019-11-05 08:24:11,421 [grpc-default-executor-1] INFO  impl.RoleInfo (RoleInfo.java:shutdownFollowerState(121)) - b3bb9051-8089-4c51-a999-81579e5913f2: shutdown FollowerState
2019-11-05 08:24:11,421 [Thread-2705] INFO  impl.FollowerState (FollowerState.java:run(117)) - caafcba9-090a-41f5-a5f9-cba5a6a81e94@group-0E159EE4F99E-FollowerState was interrupted: java.lang.InterruptedException: sleep interrupted
2019-11-05 08:24:11,421 [grpc-default-executor-4] INFO  impl.RoleInfo (RoleInfo.java:updateAndGet(143)) - caafcba9-090a-41f5-a5f9-cba5a6a81e94: start FollowerState
2019-11-05 08:24:11,421 [Thread-2706] INFO  impl.FollowerState (FollowerState.java:run(117)) - b3bb9051-8089-4c51-a999-81579e5913f2@group-0E159EE4F99E-FollowerState was interrupted: java.lang.InterruptedException: sleep interrupted
2019-11-05 08:24:11,421 [grpc-default-executor-1] INFO  impl.RoleInfo (RoleInfo.java:updateAndGet(143)) - b3bb9051-8089-4c51-a999-81579e5913f2: start FollowerState
2019-11-05 08:24:11,434 [Thread-2713] INFO  impl.FollowerState (FollowerState.java:run(108)) - 4a682f4f-c3f2-4b77-88b7-f0ab78890feb@group-0DB8C7688BF9-FollowerState: change to CANDIDATE, lastRpcTime:36ms, electionTimeout:36ms
2019-11-05 08:24:11,434 [Thread-2713] INFO  impl.RoleInfo (RoleInfo.java:shutdownFollowerState(121)) - 4a682f4f-c3f2-4b77-88b7-f0ab78890feb: shutdown FollowerState
2019-11-05 08:24:11,434 [Thread-2713] INFO  impl.RaftServerImpl (RaftServerImpl.java:setRole(184)) - 4a682f4f-c3f2-4b77-88b7-f0ab78890feb@group-0DB8C7688BF9: changes role from  FOLLOWER to CANDIDATE at term 175 for changeToCandidate
2019-11-05 08:24:11,434 [Thread-2713] INFO  impl.RoleInfo (RoleInfo.java:updateAndGet(143)) - 4a682f4f-c3f2-4b77-88b7-f0ab78890feb: start LeaderElection
2019-11-05 08:24:11,441 [4a682f4f-c3f2-4b77-88b7-f0ab78890feb@group-0DB8C7688BF9-LeaderElection349] INFO  impl.LeaderElection (LeaderElection.java:askForVotes(178)) - 4a682f4f-c3f2-4b77-88b7-f0ab78890feb@group-0DB8C7688BF9-LeaderElection349: begin an election at term 176 for -1: [77ab65e6-d942-49df-83a3-1d4c0bf152b3:192.168.164.217:39381, 7e1b84a9-a041-44fd-8008-f2679426984c:192.168.164.217:44149, 4a682f4f-c3f2-4b77-88b7-f0ab78890feb:192.168.164.217:34174], old=null
2019-11-05 08:24:11,442 [a8ae9c07-6d89-4a49-a594-cacd4b776180@group-0E159EE4F99E-LeaderElection348] INFO  impl.LeaderElection (LeaderElection.java:logAndReturn(56)) - a8ae9c07-6d89-4a49-a594-cacd4b776180@group-0E159EE4F99E-LeaderElection348: Election REJECTED; received 2 response(s) [a8ae9c07-6d89-4a49-a594-cacd4b776180<-caafcba9-090a-41f5-a5f9-cba5a6a81e94#0:FAIL-t184, a8ae9c07-6d89-4a49-a594-cacd4b776180<-b3bb9051-8089-4c51-a999-81579e5913f2#0:FAIL-t184] and 0 exception(s); a8ae9c07-6d89-4a49-a594-cacd4b776180@group-0E159EE4F99E:t184, leader=null, voted=a8ae9c07-6d89-4a49-a594-cacd4b776180, raftlog=a8ae9c07-6d89-4a49-a594-cacd4b776180@group-0E159EE4F99E-SegmentedRaftLog:OPENED:c-1,f-1,i0, conf=-1: [caafcba9-090a-41f5-a5f9-cba5a6a81e94:192.168.164.217:37197, a8ae9c07-6d89-4a49-a594-cacd4b776180:192.168.164.217:42719, b3bb9051-8089-4c51-a999-81579e5913f2:192.168.164.217:36516], old=null
2019-11-05 08:24:11,442 [a8ae9c07-6d89-4a49-a594-cacd4b776180@group-0E159EE4F99E-LeaderElection348] INFO  impl.RaftServerImpl (RaftServerImpl.java:setRole(184)) - a8ae9c07-6d89-4a49-a594-cacd4b776180@group-0E159EE4F99E: changes role from CANDIDATE to FOLLOWER at term 184 for DISCOVERED_A_NEW_TERM
2019-11-05 08:24:11,442 [a8ae9c07-6d89-4a49-a594-cacd4b776180@group-0E159EE4F99E-LeaderElection348] INFO  impl.RoleInfo (RoleInfo.java:shutdownLeaderElection(134)) - a8ae9c07-6d89-4a49-a594-cacd4b776180: shutdown LeaderElection
2019-11-05 08:24:11,442 [a8ae9c07-6d89-4a49-a594-cacd4b776180@group-0E159EE4F99E-LeaderElection348] INFO  impl.RoleInfo (RoleInfo.java:updateAndGet(143)) - a8ae9c07-6d89-4a49-a594-cacd4b776180: start FollowerState
2019-11-05 08:24:11,443 [grpc-default-executor-1] INFO  impl.RaftServerImpl (RaftServerImpl.java:setRole(184)) - 77ab65e6-d942-49df-83a3-1d4c0bf152b3@group-0DB8C7688BF9: changes role from  FOLLOWER to FOLLOWER at term 176 for recognizeCandidate:4a682f4f-c3f2-4b77-88b7-f0ab78890feb
2019-11-05 08:24:11,443 [grpc-default-executor-1] INFO  impl.RoleInfo (RoleInfo.java:shutdownFollowerState(121)) - 77ab65e6-d942-49df-83a3-1d4c0bf152b3: shutdown FollowerState
2019-11-05 08:24:11,443 [grpc-default-executor-1] INFO  impl.RoleInfo (RoleInfo.java:updateAndGet(143)) - 77ab65e6-d942-49df-83a3-1d4c0bf152b3: start FollowerState
2019-11-05 08:24:11,443 [grpc-default-executor-4] INFO  impl.RaftServerImpl (RaftServerImpl.java:setRole(184)) - 7e1b84a9-a041-44fd-8008-f2679426984c@group-0DB8C7688BF9: changes role from  FOLLOWER to FOLLOWER at term 176 for recognizeCandidate:4a682f4f-c3f2-4b77-88b7-f0ab78890feb
2019-11-05 08:24:11,443 [grpc-default-executor-4] INFO  impl.RoleInfo (RoleInfo.java:shutdownFollowerState(121)) - 7e1b84a9-a041-44fd-8008-f2679426984c: shutdown FollowerState
2019-11-05 08:24:11,443 [Thread-2711] INFO  impl.FollowerState (FollowerState.java:run(117)) - 77ab65e6-d942-49df-83a3-1d4c0bf152b3@group-0DB8C7688BF9-FollowerState was interrupted: java.lang.InterruptedException: sleep interrupted
2019-11-05 08:24:11,443 [grpc-default-executor-4] INFO  impl.RoleInfo (RoleInfo.java:updateAndGet(143)) - 7e1b84a9-a041-44fd-8008-f2679426984c: start FollowerState
2019-11-05 08:24:11,443 [Thread-2712] INFO  impl.FollowerState (FollowerState.java:run(117)) - 7e1b84a9-a041-44fd-8008-f2679426984c@group-0DB8C7688BF9-FollowerState was interrupted: java.lang.InterruptedException: sleep interrupted
2019-11-05 08:24:11,455 [4a682f4f-c3f2-4b77-88b7-f0ab78890feb@group-0DB8C7688BF9-LeaderElection349] INFO  impl.LeaderElection (LeaderElection.java:logAndReturn(56)) - 4a682f4f-c3f2-4b77-88b7-f0ab78890feb@group-0DB8C7688BF9-LeaderElection349: Election REJECTED; received 2 response(s) [4a682f4f-c3f2-4b77-88b7-f0ab78890feb<-77ab65e6-d942-49df-83a3-1d4c0bf152b3#0:FAIL-t176, 4a682f4f-c3f2-4b77-88b7-f0ab78890feb<-7e1b84a9-a041-44fd-8008-f2679426984c#0:FAIL-t176] and 0 exception(s); 4a682f4f-c3f2-4b77-88b7-f0ab78890feb@group-0DB8C7688BF9:t176, leader=null, voted=4a682f4f-c3f2-4b77-88b7-f0ab78890feb, raftlog=4a682f4f-c3f2-4b77-88b7-f0ab78890feb@group-0DB8C7688BF9-SegmentedRaftLog:OPENED:c-1,f-1,i0, conf=-1: [77ab65e6-d942-49df-83a3-1d4c0bf152b3:192.168.164.217:39381, 7e1b84a9-a041-44fd-8008-f2679426984c:192.168.164.217:44149, 4a682f4f-c3f2-4b77-88b7-f0ab78890feb:192.168.164.217:34174], old=null
2019-11-05 08:24:11,455 [4a682f4f-c3f2-4b77-88b7-f0ab78890feb@group-0DB8C7688BF9-LeaderElection349] INFO  impl.RaftServerImpl (RaftServerImpl.java:setRole(184)) - 4a682f4f-c3f2-4b77-88b7-f0ab78890feb@group-0DB8C7688BF9: changes role from CANDIDATE to FOLLOWER at term 176 for DISCOVERED_A_NEW_TERM
2019-11-05 08:24:11,455 [4a682f4f-c3f2-4b77-88b7-f0ab78890feb@group-0DB8C7688BF9-LeaderElection349] INFO  impl.RoleInfo (RoleInfo.java:shutdownLeaderElection(134)) - 4a682f4f-c3f2-4b77-88b7-f0ab78890feb: shutdown LeaderElection
2019-11-05 08:24:11,455 [4a682f4f-c3f2-4b77-88b7-f0ab78890feb@group-0DB8C7688BF9-LeaderElection349] INFO  impl.RoleInfo (RoleInfo.java:updateAndGet(143)) - 4a682f4f-c3f2-4b77-88b7-f0ab78890feb: start FollowerState
2019-11-05 08:24:11,500 [Thread-2725] INFO  impl.FollowerState (FollowerState.java:run(108)) - 4a682f4f-c3f2-4b77-88b7-f0ab78890feb@group-0DB8C7688BF9-FollowerState: change to CANDIDATE, lastRpcTime:45ms, electionTimeout:45ms
2019-11-05 08:24:11,501 [Thread-2725] INFO  impl.RoleInfo (RoleInfo.java:shutdownFollowerState(121)) - 4a682f4f-c3f2-4b77-88b7-f0ab78890feb: shutdown FollowerState
2019-11-05 08:24:11,501 [Thread-2725] INFO  impl.RaftServerImpl (RaftServerImpl.java:setRole(184)) - 4a682f4f-c3f2-4b77-88b7-f0ab78890feb@group-0DB8C7688BF9: changes role from  FOLLOWER to CANDIDATE at term 176 for changeToCandidate
2019-11-05 08:24:11,501 [Thread-2725] INFO  impl.RoleInfo (RoleInfo.java:updateAndGet(143)) - 4a682f4f-c3f2-4b77-88b7-f0ab78890feb: start LeaderElection
2019-11-05 08:24:11,514 [4a682f4f-c3f2-4b77-88b7-f0ab78890feb@group-0DB8C7688BF9-LeaderElection350] INFO  impl.LeaderElection (LeaderElection.java:askForVotes(178)) - 4a682f4f-c3f2-4b77-88b7-f0ab78890feb@group-0DB8C7688BF9-LeaderElection350: begin an election at term 177 for -1: [77ab65e6-d942-49df-83a3-1d4c0bf152b3:192.168.164.217:39381, 7e1b84a9-a041-44fd-8008-f2679426984c:192.168.164.217:44149, 4a682f4f-c3f2-4b77-88b7-f0ab78890feb:192.168.164.217:34174], old=null
2019-11-05 08:24:11,516 [grpc-default-executor-1] INFO  impl.RaftServerImpl (RaftServerImpl.java:setRole(184)) - 77ab65e6-d942-49df-83a3-1d4c0bf152b3@group-0DB8C7688BF9: changes role from  FOLLOWER to FOLLOWER at term 177 for recognizeCandidate:4a682f4f-c3f2-4b77-88b7-f0ab78890feb
2019-11-05 08:24:11,516 [grpc-default-executor-1] INFO  impl.RoleInfo (RoleInfo.java:shutdownFollowerState(121)) - 77ab65e6-d942-49df-83a3-1d4c0bf152b3: shutdown FollowerState
2019-11-05 08:24:11,516 [grpc-default-executor-4] INFO  impl.RaftServerImpl (RaftServerImpl.java:setRole(184)) - 7e1b84a9-a041-44fd-8008-f2679426984c@group-0DB8C7688BF9: changes role from  FOLLOWER to FOLLOWER at term 177 for recognizeCandidate:4a682f4f-c3f2-4b77-88b7-f0ab78890feb
2019-11-05 08:24:11,516 [grpc-default-executor-4] INFO  impl.RoleInfo (RoleInfo.java:shutdownFollowerState(121)) - 7e1b84a9-a041-44fd-8008-f2679426984c: shutdown FollowerState
2019-11-05 08:24:11,516 [Thread-2723] INFO  impl.FollowerState (FollowerState.java:run(117)) - 77ab65e6-d942-49df-83a3-1d4c0bf152b3@group-0DB8C7688BF9-FollowerState was interrupted: java.lang.InterruptedException: sleep interrupted
2019-11-05 08:24:11,517 [Thread-2724] INFO  impl.FollowerState (FollowerState.java:run(117)) - 7e1b84a9-a041-44fd-8008-f2679426984c@group-0DB8C7688BF9-FollowerState was interrupted: java.lang.InterruptedException: sleep interrupted
2019-11-05 08:24:11,516 [grpc-default-executor-1] INFO  impl.RoleInfo (RoleInfo.java:updateAndGet(143)) - 77ab65e6-d942-49df-83a3-1d4c0bf152b3: start FollowerState
2019-11-05 08:24:11,517 [grpc-default-executor-4] INFO  impl.RoleInfo (RoleInfo.java:updateAndGet(143)) - 7e1b84a9-a041-44fd-8008-f2679426984c: start FollowerState
2019-11-05 08:24:11,531 [4a682f4f-c3f2-4b77-88b7-f0ab78890feb@group-0DB8C7688BF9-LeaderElection350] INFO  impl.LeaderElection (LeaderElection.java:logAndReturn(56)) - 4a682f4f-c3f2-4b77-88b7-f0ab78890feb@group-0DB8C7688BF9-LeaderElection350: Election REJECTED; received 2 response(s) [4a682f4f-c3f2-4b77-88b7-f0ab78890feb<-77ab65e6-d942-49df-83a3-1d4c0bf152b3#0:FAIL-t177, 4a682f4f-c3f2-4b77-88b7-f0ab78890feb<-7e1b84a9-a041-44fd-8008-f2679426984c#0:FAIL-t177] and 0 exception(s); 4a682f4f-c3f2-4b77-88b7-f0ab78890feb@group-0DB8C7688BF9:t177, leader=null, voted=4a682f4f-c3f2-4b77-88b7-f0ab78890feb, raftlog=4a682f4f-c3f2-4b77-88b7-f0ab78890feb@group-0DB8C7688BF9-SegmentedRaftLog:OPENED:c-1,f-1,i0, conf=-1: [77ab65e6-d942-49df-83a3-1d4c0bf152b3:192.168.164.217:39381, 7e1b84a9-a041-44fd-8008-f2679426984c:192.168.164.217:44149, 4a682f4f-c3f2-4b77-88b7-f0ab78890feb:192.168.164.217:34174], old=null
2019-11-05 08:24:11,531 [4a682f4f-c3f2-4b77-88b7-f0ab78890feb@group-0DB8C7688BF9-LeaderElection350] INFO  impl.RaftServerImpl (RaftServerImpl.java:setRole(184)) - 4a682f4f-c3f2-4b77-88b7-f0ab78890feb@group-0DB8C7688BF9: changes role from CANDIDATE to FOLLOWER at term 177 for DISCOVERED_A_NEW_TERM
2019-11-05 08:24:11,531 [4a682f4f-c3f2-4b77-88b7-f0ab78890feb@group-0DB8C7688BF9-LeaderElection350] INFO  impl.RoleInfo (RoleInfo.java:shutdownLeaderElection(134)) - 4a682f4f-c3f2-4b77-88b7-f0ab78890feb: shutdown LeaderElection
2019-11-05 08:24:11,531 [4a682f4f-c3f2-4b77-88b7-f0ab78890feb@group-0DB8C7688BF9-LeaderElection350] INFO  impl.RoleInfo (RoleInfo.java:updateAndGet(143)) - 4a682f4f-c3f2-4b77-88b7-f0ab78890feb: start FollowerState
2019-11-05 08:24:11,631 [Thread-2722] INFO  impl.FollowerState (FollowerState.java:run(108)) - a8ae9c07-6d89-4a49-a594-cacd4b776180@group-0E159EE4F99E-FollowerState: change to CANDIDATE, lastRpcTime:188ms, electionTimeout:188ms
2019-11-05 08:24:11,631 [Thread-2722] INFO  impl.RoleInfo (RoleInfo.java:shutdownFollowerState(121)) - a8ae9c07-6d89-4a49-a594-cacd4b776180: shutdown FollowerState
2019-11-05 08:24:11,631 [Thread-2722] INFO  impl.RaftServerImpl (RaftServerImpl.java:setRole(184)) - a8ae9c07-6d89-4a49-a594-cacd4b776180@group-0E159EE4F99E: changes role from  FOLLOWER to CANDIDATE at term 184 for changeToCandidate
2019-11-05 08:24:11,631 [Thread-2722] INFO  impl.RoleInfo (RoleInfo.java:updateAndGet(143)) - a8ae9c07-6d89-4a49-a594-cacd4b776180: start LeaderElection
2019-11-05 08:24:11,645 [a8ae9c07-6d89-4a49-a594-cacd4b776180@group-0E159EE4F99E-LeaderElection351] INFO  impl.LeaderElection (LeaderElection.java:askForVotes(178)) - a8ae9c07-6d89-4a49-a594-cacd4b776180@group-0E159EE4F99E-LeaderElection351: begin an election at term 185 for -1: [caafcba9-090a-41f5-a5f9-cba5a6a81e94:192.168.164.217:37197, a8ae9c07-6d89-4a49-a594-cacd4b776180:192.168.164.217:42719, b3bb9051-8089-4c51-a999-81579e5913f2:192.168.164.217:36516], old=null
2019-11-05 08:24:11,647 [grpc-default-executor-1] INFO  impl.RaftServerImpl (RaftServerImpl.java:setRole(184)) - caafcba9-090a-41f5-a5f9-cba5a6a81e94@group-0E159EE4F99E: changes role from  FOLLOWER to FOLLOWER at term 185 for recognizeCandidate:a8ae9c07-6d89-4a49-a594-cacd4b776180
2019-11-05 08:24:11,647 [grpc-default-executor-1] INFO  impl.RoleInfo (RoleInfo.java:shutdownFollowerState(121)) - caafcba9-090a-41f5-a5f9-cba5a6a81e94: shutdown FollowerState
2019-11-05 08:24:11,647 [grpc-default-executor-4] INFO  impl.RaftServerImpl (RaftServerImpl.java:setRole(184)) - b3bb9051-8089-4c51-a999-81579e5913f2@group-0E159EE4F99E: changes role from  FOLLOWER to FOLLOWER at term 185 for recognizeCandidate:a8ae9c07-6d89-4a49-a594-cacd4b776180
2019-11-05 08:24:11,647 [grpc-default-executor-4] INFO  impl.RoleInfo (RoleInfo.java:shutdownFollowerState(121)) - b3bb9051-8089-4c51-a999-81579e5913f2: shutdown FollowerState
2019-11-05 08:24:11,647 [Thread-2717] INFO  impl.FollowerState (FollowerState.java:run(117)) - caafcba9-090a-41f5-a5f9-cba5a6a81e94@group-0E159EE4F99E-FollowerState was interrupted: java.lang.InterruptedException: sleep interrupted
2019-11-05 08:24:11,647 [grpc-default-executor-1] INFO  impl.RoleInfo (RoleInfo.java:updateAndGet(143)) - caafcba9-090a-41f5-a5f9-cba5a6a81e94: start FollowerState
2019-11-05 08:24:11,648 [Thread-2718] INFO  impl.FollowerState (FollowerState.java:run(117)) - b3bb9051-8089-4c51-a999-81579e5913f2@group-0E159EE4F99E-FollowerState was interrupted: java.lang.InterruptedException: sleep interrupted
2019-11-05 08:24:11,648 [grpc-default-executor-4] INFO  impl.RoleInfo (RoleInfo.java:updateAndGet(143)) - b3bb9051-8089-4c51-a999-81579e5913f2: start FollowerState
2019-11-05 08:24:11,662 [a8ae9c07-6d89-4a49-a594-cacd4b776180@group-0E159EE4F99E-LeaderElection351] INFO  impl.LeaderElection (LeaderElection.java:logAndReturn(56)) - a8ae9c07-6d89-4a49-a594-cacd4b776180@group-0E159EE4F99E-LeaderElection351: Election REJECTED; received 2 response(s) [a8ae9c07-6d89-4a49-a594-cacd4b776180<-caafcba9-090a-41f5-a5f9-cba5a6a81e94#0:FAIL-t185, a8ae9c07-6d89-4a49-a594-cacd4b776180<-b3bb9051-8089-4c51-a999-81579e5913f2#0:FAIL-t185] and 0 exception(s); a8ae9c07-6d89-4a49-a594-cacd4b776180@group-0E159EE4F99E:t185, leader=null, voted=a8ae9c07-6d89-4a49-a594-cacd4b776180, raftlog=a8ae9c07-6d89-4a49-a594-cacd4b776180@group-0E159EE4F99E-SegmentedRaftLog:OPENED:c-1,f-1,i0, conf=-1: [caafcba9-090a-41f5-a5f9-cba5a6a81e94:192.168.164.217:37197, a8ae9c07-6d89-4a49-a594-cacd4b776180:192.168.164.217:42719, b3bb9051-8089-4c51-a999-81579e5913f2:192.168.164.217:36516], old=null
2019-11-05 08:24:11,663 [a8ae9c07-6d89-4a49-a594-cacd4b776180@group-0E159EE4F99E-LeaderElection351] INFO  impl.RaftServerImpl (RaftServerImpl.java:setRole(184)) - a8ae9c07-6d89-4a49-a594-cacd4b776180@group-0E159EE4F99E: changes role from CANDIDATE to FOLLOWER at term 185 for DISCOVERED_A_NEW_TERM
2019-11-05 08:24:11,663 [a8ae9c07-6d89-4a49-a594-cacd4b776180@group-0E159EE4F99E-LeaderElection351] INFO  impl.RoleInfo (RoleInfo.java:shutdownLeaderElection(134)) - a8ae9c07-6d89-4a49-a594-cacd4b776180: shutdown LeaderElection
2019-11-05 08:24:11,663 [a8ae9c07-6d89-4a49-a594-cacd4b776180@group-0E159EE4F99E-LeaderElection351] INFO  impl.RoleInfo (RoleInfo.java:updateAndGet(143)) - a8ae9c07-6d89-4a49-a594-cacd4b776180: start FollowerState
2019-11-05 08:24:11,669 [Thread-2731] INFO  impl.FollowerState (FollowerState.java:run(108)) - 4a682f4f-c3f2-4b77-88b7-f0ab78890feb@group-0DB8C7688BF9-FollowerState: change to CANDIDATE, lastRpcTime:137ms, electionTimeout:137ms
2019-11-05 08:24:11,669 [Thread-2731] INFO  impl.RoleInfo (RoleInfo.java:shutdownFollowerState(121)) - 4a682f4f-c3f2-4b77-88b7-f0ab78890feb: shutdown FollowerState
2019-11-05 08:24:11,669 [Thread-2731] INFO  impl.RaftServerImpl (RaftServerImpl.java:setRole(184)) - 4a682f4f-c3f2-4b77-88b7-f0ab78890feb@group-0DB8C7688BF9: changes role from  FOLLOWER to CANDIDATE at term 177 for changeToCandidate
2019-11-05 08:24:11,669 [Thread-2731] INFO  impl.RoleInfo (RoleInfo.java:updateAndGet(143)) - 4a682f4f-c3f2-4b77-88b7-f0ab78890feb: start LeaderElection
2019-11-05 08:24:11,679 [4a682f4f-c3f2-4b77-88b7-f0ab78890feb@group-0DB8C7688BF9-LeaderElection352] INFO  impl.LeaderElection (LeaderElection.java:askForVotes(178)) - 4a682f4f-c3f2-4b77-88b7-f0ab78890feb@group-0DB8C7688BF9-LeaderElection352: begin an election at term 178 for -1: [77ab65e6-d942-49df-83a3-1d4c0bf152b3:192.168.164.217:39381, 7e1b84a9-a041-44fd-8008-f2679426984c:192.168.164.217:44149, 4a682f4f-c3f2-4b77-88b7-f0ab78890feb:192.168.164.217:34174], old=null
2019-11-05 08:24:11,681 [grpc-default-executor-4] INFO  impl.RaftServerImpl (RaftServerImpl.java:setRole(184)) - 77ab65e6-d942-49df-83a3-1d4c0bf152b3@group-0DB8C7688BF9: changes role from  FOLLOWER to FOLLOWER at term 178 for recognizeCandidate:4a682f4f-c3f2-4b77-88b7-f0ab78890feb
2019-11-05 08:24:11,681 [grpc-default-executor-4] INFO  impl.RoleInfo (RoleInfo.java:shutdownFollowerState(121)) - 77ab65e6-d942-49df-83a3-1d4c0bf152b3: shutdown FollowerState
2019-11-05 08:24:11,681 [grpc-default-executor-4] INFO  impl.RoleInfo (RoleInfo.java:updateAndGet(143)) - 77ab65e6-d942-49df-83a3-1d4c0bf152b3: start FollowerState
2019-11-05 08:24:11,681 [grpc-default-executor-1] INFO  impl.RaftServerImpl (RaftServerImpl.java:setRole(184)) - 7e1b84a9-a041-44fd-8008-f2679426984c@group-0DB8C7688BF9: changes role from  FOLLOWER to FOLLOWER at term 178 for recognizeCandidate:4a682f4f-c3f2-4b77-88b7-f0ab78890feb
2019-11-05 08:24:11,682 [grpc-default-executor-1] INFO  impl.RoleInfo (RoleInfo.java:shutdownFollowerState(121)) - 7e1b84a9-a041-44fd-8008-f2679426984c: shutdown FollowerState
2019-11-05 08:24:11,681 [Thread-2729] INFO  impl.FollowerState (FollowerState.java:run(117)) - 77ab65e6-d942-49df-83a3-1d4c0bf152b3@group-0DB8C7688BF9-FollowerState was interrupted: java.lang.InterruptedException: sleep interrupted
2019-11-05 08:24:11,682 [Thread-2730] INFO  impl.FollowerState (FollowerState.java:run(117)) - 7e1b84a9-a041-44fd-8008-f2679426984c@group-0DB8C7688BF9-FollowerState was interrupted: java.lang.InterruptedException: sleep interrupted
2019-11-05 08:24:11,682 [grpc-default-executor-1] INFO  impl.RoleInfo (RoleInfo.java:updateAndGet(143)) - 7e1b84a9-a041-44fd-8008-f2679426984c: start FollowerState
2019-11-05 08:24:11,690 [4a682f4f-c3f2-4b77-88b7-f0ab78890feb@group-0DB8C7688BF9-LeaderElection352] INFO  impl.LeaderElection (LeaderElection.java:logAndReturn(56)) - 4a682f4f-c3f2-4b77-88b7-f0ab78890feb@group-0DB8C7688BF9-LeaderElection352: Election REJECTED; received 2 response(s) [4a682f4f-c3f2-4b77-88b7-f0ab78890feb<-77ab65e6-d942-49df-83a3-1d4c0bf152b3#0:FAIL-t178, 4a682f4f-c3f2-4b77-88b7-f0ab78890feb<-7e1b84a9-a041-44fd-8008-f2679426984c#0:FAIL-t178] and 0 exception(s); 4a682f4f-c3f2-4b77-88b7-f0ab78890feb@group-0DB8C7688BF9:t178, leader=null, voted=4a682f4f-c3f2-4b77-88b7-f0ab78890feb, raftlog=4a682f4f-c3f2-4b77-88b7-f0ab78890feb@group-0DB8C7688BF9-SegmentedRaftLog:OPENED:c-1,f-1,i0, conf=-1: [77ab65e6-d942-49df-83a3-1d4c0bf152b3:192.168.164.217:39381, 7e1b84a9-a041-44fd-8008-f2679426984c:192.168.164.217:44149, 4a682f4f-c3f2-4b77-88b7-f0ab78890feb:192.168.164.217:34174], old=null
2019-11-05 08:24:11,690 [4a682f4f-c3f2-4b77-88b7-f0ab78890feb@group-0DB8C7688BF9-LeaderElection352] INFO  impl.RaftServerImpl (RaftServerImpl.java:setRole(184)) - 4a682f4f-c3f2-4b77-88b7-f0ab78890feb@group-0DB8C7688BF9: changes role from CANDIDATE to FOLLOWER at term 178 for DISCOVERED_A_NEW_TERM
2019-11-05 08:24:11,690 [4a682f4f-c3f2-4b77-88b7-f0ab78890feb@group-0DB8C7688BF9-LeaderElection352] INFO  impl.RoleInfo (RoleInfo.java:shutdownLeaderElection(134)) - 4a682f4f-c3f2-4b77-88b7-f0ab78890feb: shutdown LeaderElection
2019-11-05 08:24:11,691 [4a682f4f-c3f2-4b77-88b7-f0ab78890feb@group-0DB8C7688BF9-LeaderElection352] INFO  impl.RoleInfo (RoleInfo.java:updateAndGet(143)) - 4a682f4f-c3f2-4b77-88b7-f0ab78890feb: start FollowerState
2019-11-05 08:24:11,796 [Thread-2737] INFO  impl.FollowerState (FollowerState.java:run(108)) - a8ae9c07-6d89-4a49-a594-cacd4b776180@group-0E159EE4F99E-FollowerState: change to CANDIDATE, lastRpcTime:133ms, electionTimeout:133ms
2019-11-05 08:24:11,796 [Thread-2737] INFO  impl.RoleInfo (RoleInfo.java:shutdownFollowerState(121)) - a8ae9c07-6d89-4a49-a594-cacd4b776180: shutdown FollowerState
2019-11-05 08:24:11,796 [Thread-2737] INFO  impl.RaftServerImpl (RaftServerImpl.java:setRole(184)) - a8ae9c07-6d89-4a49-a594-cacd4b776180@group-0E159EE4F99E: changes role from  FOLLOWER to CANDIDATE at term 185 for changeToCandidate
2019-11-05 08:24:11,797 [Thread-2737] INFO  impl.RoleInfo (RoleInfo.java:updateAndGet(143)) - a8ae9c07-6d89-4a49-a594-cacd4b776180: start LeaderElection
2019-11-05 08:24:11,810 [a8ae9c07-6d89-4a49-a594-cacd4b776180@group-0E159EE4F99E-LeaderElection353] INFO  impl.LeaderElection (LeaderElection.java:askForVotes(178)) - a8ae9c07-6d89-4a49-a594-cacd4b776180@group-0E159EE4F99E-LeaderElection353: begin an election at term 186 for -1: [caafcba9-090a-41f5-a5f9-cba5a6a81e94:192.168.164.217:37197, a8ae9c07-6d89-4a49-a594-cacd4b776180:192.168.164.217:42719, b3bb9051-8089-4c51-a999-81579e5913f2:192.168.164.217:36516], old=null
2019-11-05 08:24:11,812 [grpc-default-executor-1] INFO  impl.RaftServerImpl (RaftServerImpl.java:setRole(184)) - caafcba9-090a-41f5-a5f9-cba5a6a81e94@group-0E159EE4F99E: changes role from  FOLLOWER to FOLLOWER at term 186 for recognizeCandidate:a8ae9c07-6d89-4a49-a594-cacd4b776180
2019-11-05 08:24:11,812 [grpc-default-executor-4] INFO  impl.RaftServerImpl (RaftServerImpl.java:setRole(184)) - b3bb9051-8089-4c51-a999-81579e5913f2@group-0E159EE4F99E: changes role from  FOLLOWER to FOLLOWER at term 186 for recognizeCandidate:a8ae9c07-6d89-4a49-a594-cacd4b776180
2019-11-05 08:24:11,812 [grpc-default-executor-1] INFO  impl.RoleInfo (RoleInfo.java:shutdownFollowerState(121)) - caafcba9-090a-41f5-a5f9-cba5a6a81e94: shutdown FollowerState
2019-11-05 08:24:11,813 [grpc-default-executor-4] INFO  impl.RoleInfo (RoleInfo.java:shutdownFollowerState(121)) - b3bb9051-8089-4c51-a999-81579e5913f2: shutdown FollowerState
2019-11-05 08:24:11,813 [Thread-2735] INFO  impl.FollowerState (FollowerState.java:run(117)) - caafcba9-090a-41f5-a5f9-cba5a6a81e94@group-0E159EE4F99E-FollowerState was interrupted: java.lang.InterruptedException: sleep interrupted
2019-11-05 08:24:11,813 [Thread-2736] INFO  impl.FollowerState (FollowerState.java:run(117)) - b3bb9051-8089-4c51-a999-81579e5913f2@group-0E159EE4F99E-FollowerState was interrupted: java.lang.InterruptedException: sleep interrupted
2019-11-05 08:24:11,813 [grpc-default-executor-1] INFO  impl.RoleInfo (RoleInfo.java:updateAndGet(143)) - caafcba9-090a-41f5-a5f9-cba5a6a81e94: start FollowerState
2019-11-05 08:24:11,813 [grpc-default-executor-4] INFO  impl.RoleInfo (RoleInfo.java:updateAndGet(143)) - b3bb9051-8089-4c51-a999-81579e5913f2: start FollowerState
2019-11-05 08:24:11,828 [a8ae9c07-6d89-4a49-a594-cacd4b776180@group-0E159EE4F99E-LeaderElection353] INFO  impl.LeaderElection (LeaderElection.java:logAndReturn(56)) - a8ae9c07-6d89-4a49-a594-cacd4b776180@group-0E159EE4F99E-LeaderElection353: Election REJECTED; received 2 response(s) [a8ae9c07-6d89-4a49-a594-cacd4b776180<-caafcba9-090a-41f5-a5f9-cba5a6a81e94#0:FAIL-t186, a8ae9c07-6d89-4a49-a594-cacd4b776180<-b3bb9051-8089-4c51-a999-81579e5913f2#0:FAIL-t186] and 0 exception(s); a8ae9c07-6d89-4a49-a594-cacd4b776180@group-0E159EE4F99E:t186, leader=null, voted=a8ae9c07-6d89-4a49-a594-cacd4b776180, raftlog=a8ae9c07-6d89-4a49-a594-cacd4b776180@group-0E159EE4F99E-SegmentedRaftLog:OPENED:c-1,f-1,i0, conf=-1: [caafcba9-090a-41f5-a5f9-cba5a6a81e94:192.168.164.217:37197, a8ae9c07-6d89-4a49-a594-cacd4b776180:192.168.164.217:42719, b3bb9051-8089-4c51-a999-81579e5913f2:192.168.164.217:36516], old=null
2019-11-05 08:24:11,828 [a8ae9c07-6d89-4a49-a594-cacd4b776180@group-0E159EE4F99E-LeaderElection353] INFO  impl.RaftServerImpl (RaftServerImpl.java:setRole(184)) - a8ae9c07-6d89-4a49-a594-cacd4b776180@group-0E159EE4F99E: changes role from CANDIDATE to FOLLOWER at term 186 for DISCOVERED_A_NEW_TERM
2019-11-05 08:24:11,828 [a8ae9c07-6d89-4a49-a594-cacd4b776180@group-0E159EE4F99E-LeaderElection353] INFO  impl.RoleInfo (RoleInfo.java:shutdownLeaderElection(134)) - a8ae9c07-6d89-4a49-a594-cacd4b776180: shutdown LeaderElection
2019-11-05 08:24:11,828 [a8ae9c07-6d89-4a49-a594-cacd4b776180@group-0E159EE4F99E-LeaderElection353] INFO  impl.RoleInfo (RoleInfo.java:updateAndGet(143)) - a8ae9c07-6d89-4a49-a594-cacd4b776180: start FollowerState
2019-11-05 08:24:11,878 [Thread-2743] INFO  impl.FollowerState (FollowerState.java:run(108)) - 4a682f4f-c3f2-4b77-88b7-f0ab78890feb@group-0DB8C7688BF9-FollowerState: change to CANDIDATE, lastRpcTime:187ms, electionTimeout:187ms
2019-11-05 08:24:11,878 [Thread-2743] INFO  impl.RoleInfo (RoleInfo.java:shutdownFollowerState(121)) - 4a682f4f-c3f2-4b77-88b7-f0ab78890feb: shutdown FollowerState
2019-11-05 08:24:11,878 [Thread-2743] INFO  impl.RaftServerImpl (RaftServerImpl.java:setRole(184)) - 4a682f4f-c3f2-4b77-88b7-f0ab78890feb@group-0DB8C7688BF9: changes role from  FOLLOWER to CANDIDATE at term 178 for changeToCandidate
2019-11-05 08:24:11,878 [Thread-2743] INFO  impl.RoleInfo (RoleInfo.java:updateAndGet(143)) - 4a682f4f-c3f2-4b77-88b7-f0ab78890feb: start LeaderElection
2019-11-05 08:24:11,892 [4a682f4f-c3f2-4b77-88b7-f0ab78890feb@group-0DB8C7688BF9-LeaderElection354] INFO  impl.LeaderElection (LeaderElection.java:askForVotes(178)) - 4a682f4f-c3f2-4b77-88b7-f0ab78890feb@group-0DB8C7688BF9-LeaderElection354: begin an election at term 179 for -1: [77ab65e6-d942-49df-83a3-1d4c0bf152b3:192.168.164.217:39381, 7e1b84a9-a041-44fd-8008-f2679426984c:192.168.164.217:44149, 4a682f4f-c3f2-4b77-88b7-f0ab78890feb:192.168.164.217:34174], old=null
2019-11-05 08:24:11,894 [grpc-default-executor-4] INFO  impl.RaftServerImpl (RaftServerImpl.java:setRole(184)) - 77ab65e6-d942-49df-83a3-1d4c0bf152b3@group-0DB8C7688BF9: changes role from  FOLLOWER to FOLLOWER at term 179 for recognizeCandidate:4a682f4f-c3f2-4b77-88b7-f0ab78890feb
2019-11-05 08:24:11,894 [grpc-default-executor-1] INFO  impl.RaftServerImpl (RaftServerImpl.java:setRole(184)) - 7e1b84a9-a041-44fd-8008-f2679426984c@group-0DB8C7688BF9: changes role from  FOLLOWER to FOLLOWER at term 179 for recognizeCandidate:4a682f4f-c3f2-4b77-88b7-f0ab78890feb
2019-11-05 08:24:11,895 [grpc-default-executor-1] INFO  impl.RoleInfo (RoleInfo.java:shutdownFollowerState(121)) - 7e1b84a9-a041-44fd-8008-f2679426984c: shutdown FollowerState
2019-11-05 08:24:11,894 [grpc-default-executor-4] INFO  impl.RoleInfo (RoleInfo.java:shutdownFollowerState(121)) - 77ab65e6-d942-49df-83a3-1d4c0bf152b3: shutdown FollowerState
2019-11-05 08:24:11,895 [Thread-2742] INFO  impl.FollowerState (FollowerState.java:run(117)) - 7e1b84a9-a041-44fd-8008-f2679426984c@group-0DB8C7688BF9-FollowerState was interrupted: java.lang.InterruptedException: sleep interrupted
2019-11-05 08:24:11,895 [Thread-2741] INFO  impl.FollowerState (FollowerState.java:run(117)) - 77ab65e6-d942-49df-83a3-1d4c0bf152b3@group-0DB8C7688BF9-FollowerState was interrupted: java.lang.InterruptedException: sleep interrupted
2019-11-05 08:24:11,895 [grpc-default-executor-1] INFO  impl.RoleInfo (RoleInfo.java:updateAndGet(143)) - 7e1b84a9-a041-44fd-8008-f2679426984c: start FollowerState
2019-11-05 08:24:11,895 [grpc-default-executor-4] INFO  impl.RoleInfo (RoleInfo.java:updateAndGet(143)) - 77ab65e6-d942-49df-83a3-1d4c0bf152b3: start FollowerState
2019-11-05 08:24:11,910 [4a682f4f-c3f2-4b77-88b7-f0ab78890feb@group-0DB8C7688BF9-LeaderElection354] INFO  impl.LeaderElection (LeaderElection.java:logAndReturn(56)) - 4a682f4f-c3f2-4b77-88b7-f0ab78890feb@group-0DB8C7688BF9-LeaderElection354: Election REJECTED; received 2 response(s) [4a682f4f-c3f2-4b77-88b7-f0ab78890feb<-77ab65e6-d942-49df-83a3-1d4c0bf152b3#0:FAIL-t179, 4a682f4f-c3f2-4b77-88b7-f0ab78890feb<-7e1b84a9-a041-44fd-8008-f2679426984c#0:FAIL-t179] and 0 exception(s); 4a682f4f-c3f2-4b77-88b7-f0ab78890feb@group-0DB8C7688BF9:t179, leader=null, voted=4a682f4f-c3f2-4b77-88b7-f0ab78890feb, raftlog=4a682f4f-c3f2-4b77-88b7-f0ab78890feb@group-0DB8C7688BF9-SegmentedRaftLog:OPENED:c-1,f-1,i0, conf=-1: [77ab65e6-d942-49df-83a3-1d4c0bf152b3:192.168.164.217:39381, 7e1b84a9-a041-44fd-8008-f2679426984c:192.168.164.217:44149, 4a682f4f-c3f2-4b77-88b7-f0ab78890feb:192.168.164.217:34174], old=null
2019-11-05 08:24:11,910 [4a682f4f-c3f2-4b77-88b7-f0ab78890feb@group-0DB8C7688BF9-LeaderElection354] INFO  impl.RaftServerImpl (RaftServerImpl.java:setRole(184)) - 4a682f4f-c3f2-4b77-88b7-f0ab78890feb@group-0DB8C7688BF9: changes role from CANDIDATE to FOLLOWER at term 179 for DISCOVERED_A_NEW_TERM
2019-11-05 08:24:11,910 [4a682f4f-c3f2-4b77-88b7-f0ab78890feb@group-0DB8C7688BF9-LeaderElection354] INFO  impl.RoleInfo (RoleInfo.java:shutdownLeaderElection(134)) - 4a682f4f-c3f2-4b77-88b7-f0ab78890feb: shutdown LeaderElection
2019-11-05 08:24:11,910 [4a682f4f-c3f2-4b77-88b7-f0ab78890feb@group-0DB8C7688BF9-LeaderElection354] INFO  impl.RoleInfo (RoleInfo.java:updateAndGet(143)) - 4a682f4f-c3f2-4b77-88b7-f0ab78890feb: start FollowerState
2019-11-05 08:24:11,947 [Thread-2751] INFO  impl.FollowerState (FollowerState.java:run(108)) - a8ae9c07-6d89-4a49-a594-cacd4b776180@group-0E159EE4F99E-FollowerState: change to CANDIDATE, lastRpcTime:119ms, electionTimeout:119ms
2019-11-05 08:24:11,947 [Thread-2757] INFO  impl.FollowerState (FollowerState.java:run(108)) - 4a682f4f-c3f2-4b77-88b7-f0ab78890feb@group-0DB8C7688BF9-FollowerState: change to CANDIDATE, lastRpcTime:37ms, electionTimeout:37ms
2019-11-05 08:24:11,947 [Thread-2751] INFO  impl.RoleInfo (RoleInfo.java:shutdownFollowerState(121)) - a8ae9c07-6d89-4a49-a594-cacd4b776180: shutdown FollowerState
2019-11-05 08:24:11,948 [Thread-2757] INFO  impl.RoleInfo (RoleInfo.java:shutdownFollowerState(121)) - 4a682f4f-c3f2-4b77-88b7-f0ab78890feb: shutdown FollowerState
2019-11-05 08:24:11,948 [Thread-2751] INFO  impl.RaftServerImpl (RaftServerImpl.java:setRole(184)) - a8ae9c07-6d89-4a49-a594-cacd4b776180@group-0E159EE4F99E: changes role from  FOLLOWER to CANDIDATE at term 186 for changeToCandidate
2019-11-05 08:24:11,948 [Thread-2757] INFO  impl.RaftServerImpl (RaftServerImpl.java:setRole(184)) - 4a682f4f-c3f2-4b77-88b7-f0ab78890feb@group-0DB8C7688BF9: changes role from  FOLLOWER to CANDIDATE at term 179 for changeToCandidate
2019-11-05 08:24:11,948 [Thread-2751] INFO  impl.RoleInfo (RoleInfo.java:updateAndGet(143)) - a8ae9c07-6d89-4a49-a594-cacd4b776180: start LeaderElection
2019-11-05 08:24:11,948 [Thread-2757] INFO  impl.RoleInfo (RoleInfo.java:updateAndGet(143)) - 4a682f4f-c3f2-4b77-88b7-f0ab78890feb: start LeaderElection
2019-11-05 08:24:11,962 [4a682f4f-c3f2-4b77-88b7-f0ab78890feb@group-0DB8C7688BF9-LeaderElection356] INFO  impl.LeaderElection (LeaderElection.java:askForVotes(178)) - 4a682f4f-c3f2-4b77-88b7-f0ab78890feb@group-0DB8C7688BF9-LeaderElection356: begin an election at term 180 for -1: [77ab65e6-d942-49df-83a3-1d4c0bf152b3:192.168.164.217:39381, 7e1b84a9-a041-44fd-8008-f2679426984c:192.168.164.217:44149, 4a682f4f-c3f2-4b77-88b7-f0ab78890feb:192.168.164.217:34174], old=null
2019-11-05 08:24:11,962 [a8ae9c07-6d89-4a49-a594-cacd4b776180@group-0E159EE4F99E-LeaderElection355] INFO  impl.LeaderElection (LeaderElection.java:askForVotes(178)) - a8ae9c07-6d89-4a49-a594-cacd4b776180@group-0E159EE4F99E-LeaderElection355: begin an election at term 187 for -1: [caafcba9-090a-41f5-a5f9-cba5a6a81e94:192.168.164.217:37197, a8ae9c07-6d89-4a49-a594-cacd4b776180:192.168.164.217:42719, b3bb9051-8089-4c51-a999-81579e5913f2:192.168.164.217:36516], old=null
2019-11-05 08:24:11,964 [grpc-default-executor-1] INFO  impl.RaftServerImpl (RaftServerImpl.java:setRole(184)) - b3bb9051-8089-4c51-a999-81579e5913f2@group-0E159EE4F99E: changes role from  FOLLOWER to FOLLOWER at term 187 for recognizeCandidate:a8ae9c07-6d89-4a49-a594-cacd4b776180
2019-11-05 08:24:11,964 [grpc-default-executor-1] INFO  impl.RoleInfo (RoleInfo.java:shutdownFollowerState(121)) - b3bb9051-8089-4c51-a999-81579e5913f2: shutdown FollowerState
2019-11-05 08:24:11,964 [grpc-default-executor-0] INFO  impl.RaftServerImpl (RaftServerImpl.java:setRole(184)) - 7e1b84a9-a041-44fd-8008-f2679426984c@group-0DB8C7688BF9: changes role from  FOLLOWER to FOLLOWER at term 180 for recognizeCandidate:4a682f4f-c3f2-4b77-88b7-f0ab78890feb
2019-11-05 08:24:11,965 [grpc-default-executor-0] INFO  impl.RoleInfo (RoleInfo.java:shutdownFollowerState(121)) - 7e1b84a9-a041-44fd-8008-f2679426984c: shutdown FollowerState
2019-11-05 08:24:11,964 [grpc-default-executor-4] INFO  impl.RaftServerImpl (RaftServerImpl.java:setRole(184)) - 77ab65e6-d942-49df-83a3-1d4c0bf152b3@group-0DB8C7688BF9: changes role from  FOLLOWER to FOLLOWER at term 180 for recognizeCandidate:4a682f4f-c3f2-4b77-88b7-f0ab78890feb
2019-11-05 08:24:11,965 [grpc-default-executor-4] INFO  impl.RoleInfo (RoleInfo.java:shutdownFollowerState(121)) - 77ab65e6-d942-49df-83a3-1d4c0bf152b3: shutdown FollowerState
2019-11-05 08:24:11,965 [Thread-2755] INFO  impl.FollowerState (FollowerState.java:run(117)) - 7e1b84a9-a041-44fd-8008-f2679426984c@group-0DB8C7688BF9-FollowerState was interrupted: java.lang.InterruptedException: sleep interrupted
2019-11-05 08:24:11,965 [grpc-default-executor-0] INFO  impl.RoleInfo (RoleInfo.java:updateAndGet(143)) - 7e1b84a9-a041-44fd-8008-f2679426984c: start FollowerState
2019-11-05 08:24:11,964 [Thread-2750] INFO  impl.FollowerState (FollowerState.java:run(117)) - b3bb9051-8089-4c51-a999-81579e5913f2@group-0E159EE4F99E-FollowerState was interrupted: java.lang.InterruptedException: sleep interrupted
2019-11-05 08:24:11,964 [grpc-default-executor-1] INFO  impl.RoleInfo (RoleInfo.java:updateAndGet(143)) - b3bb9051-8089-4c51-a999-81579e5913f2: start FollowerState
2019-11-05 08:24:11,964 [grpc-default-executor-3] INFO  impl.RaftServerImpl (RaftServerImpl.java:setRole(184)) - caafcba9-090a-41f5-a5f9-cba5a6a81e94@group-0E159EE4F99E: changes role from  FOLLOWER to FOLLOWER at term 187 for recognizeCandidate:a8ae9c07-6d89-4a49-a594-cacd4b776180
2019-11-05 08:24:11,965 [Thread-2756] INFO  impl.FollowerState (FollowerState.java:run(117)) - 77ab65e6-d942-49df-83a3-1d4c0bf152b3@group-0DB8C7688BF9-FollowerState was interrupted: java.lang.InterruptedException: sleep interrupted
2019-11-05 08:24:11,965 [grpc-default-executor-4] INFO  impl.RoleInfo (RoleInfo.java:updateAndGet(143)) - 77ab65e6-d942-49df-83a3-1d4c0bf152b3: start FollowerState
2019-11-05 08:24:11,966 [grpc-default-executor-3] INFO  impl.RoleInfo (RoleInfo.java:shutdownFollowerState(121)) - caafcba9-090a-41f5-a5f9-cba5a6a81e94: shutdown FollowerState
2019-11-05 08:24:11,966 [grpc-default-executor-3] INFO  impl.RoleInfo (RoleInfo.java:updateAndGet(143)) - caafcba9-090a-41f5-a5f9-cba5a6a81e94: start FollowerState
2019-11-05 08:24:11,966 [Thread-2749] INFO  impl.FollowerState (FollowerState.java:run(117)) - caafcba9-090a-41f5-a5f9-cba5a6a81e94@group-0E159EE4F99E-FollowerState was interrupted: java.lang.InterruptedException: sleep interrupted
2019-11-05 08:24:11,983 [a8ae9c07-6d89-4a49-a594-cacd4b776180@group-0E159EE4F99E-LeaderElection355] INFO  impl.LeaderElection (LeaderElection.java:logAndReturn(56)) - a8ae9c07-6d89-4a49-a594-cacd4b776180@group-0E159EE4F99E-LeaderElection355: Election REJECTED; received 2 response(s) [a8ae9c07-6d89-4a49-a594-cacd4b776180<-caafcba9-090a-41f5-a5f9-cba5a6a81e94#0:FAIL-t187, a8ae9c07-6d89-4a49-a594-cacd4b776180<-b3bb9051-8089-4c51-a999-81579e5913f2#0:FAIL-t187] and 0 exception(s); a8ae9c07-6d89-4a49-a594-cacd4b776180@group-0E159EE4F99E:t187, leader=null, voted=a8ae9c07-6d89-4a49-a594-cacd4b776180, raftlog=a8ae9c07-6d89-4a49-a594-cacd4b776180@group-0E159EE4F99E-SegmentedRaftLog:OPENED:c-1,f-1,i0, conf=-1: [caafcba9-090a-41f5-a5f9-cba5a6a81e94:192.168.164.217:37197, a8ae9c07-6d89-4a49-a594-cacd4b776180:192.168.164.217:42719, b3bb9051-8089-4c51-a999-81579e5913f2:192.168.164.217:36516], old=null
2019-11-05 08:24:11,984 [4a682f4f-c3f2-4b77-88b7-f0ab78890feb@group-0DB8C7688BF9-LeaderElection356] INFO  impl.LeaderElection (LeaderElection.java:logAndReturn(56)) - 4a682f4f-c3f2-4b77-88b7-f0ab78890feb@group-0DB8C7688BF9-LeaderElection356: Election REJECTED; received 2 response(s) [4a682f4f-c3f2-4b77-88b7-f0ab78890feb<-77ab65e6-d942-49df-83a3-1d4c0bf152b3#0:FAIL-t180, 4a682f4f-c3f2-4b77-88b7-f0ab78890feb<-7e1b84a9-a041-44fd-8008-f2679426984c#0:FAIL-t180] and 0 exception(s); 4a682f4f-c3f2-4b77-88b7-f0ab78890feb@group-0DB8C7688BF9:t180, leader=null, voted=4a682f4f-c3f2-4b77-88b7-f0ab78890feb, raftlog=4a682f4f-c3f2-4b77-88b7-f0ab78890feb@group-0DB8C7688BF9-SegmentedRaftLog:OPENED:c-1,f-1,i0, conf=-1: [77ab65e6-d942-49df-83a3-1d4c0bf152b3:192.168.164.217:39381, 7e1b84a9-a041-44fd-8008-f2679426984c:192.168.164.217:44149, 4a682f4f-c3f2-4b77-88b7-f0ab78890feb:192.168.164.217:34174], old=null
2019-11-05 08:24:11,984 [a8ae9c07-6d89-4a49-a594-cacd4b776180@group-0E159EE4F99E-LeaderElection355] INFO  impl.RaftServerImpl (RaftServerImpl.java:setRole(184)) - a8ae9c07-6d89-4a49-a594-cacd4b776180@group-0E159EE4F99E: changes role from CANDIDATE to FOLLOWER at term 187 for DISCOVERED_A_NEW_TERM
2019-11-05 08:24:11,984 [a8ae9c07-6d89-4a49-a594-cacd4b776180@group-0E159EE4F99E-LeaderElection355] INFO  impl.RoleInfo (RoleInfo.java:shutdownLeaderElection(134)) - a8ae9c07-6d89-4a49-a594-cacd4b776180: shutdown LeaderElection
2019-11-05 08:24:11,984 [4a682f4f-c3f2-4b77-88b7-f0ab78890feb@group-0DB8C7688BF9-LeaderElection356] INFO  impl.RaftServerImpl (RaftServerImpl.java:setRole(184)) - 4a682f4f-c3f2-4b77-88b7-f0ab78890feb@group-0DB8C7688BF9: changes role from CANDIDATE to FOLLOWER at term 180 for DISCOVERED_A_NEW_TERM
2019-11-05 08:24:11,984 [a8ae9c07-6d89-4a49-a594-cacd4b776180@group-0E159EE4F99E-LeaderElection355] INFO  impl.RoleInfo (RoleInfo.java:updateAndGet(143)) - a8ae9c07-6d89-4a49-a594-cacd4b776180: start FollowerState
2019-11-05 08:24:11,984 [4a682f4f-c3f2-4b77-88b7-f0ab78890feb@group-0DB8C7688BF9-LeaderElection356] INFO  impl.RoleInfo (RoleInfo.java:shutdownLeaderElection(134)) - 4a682f4f-c3f2-4b77-88b7-f0ab78890feb: shutdown LeaderElection
2019-11-05 08:24:11,985 [4a682f4f-c3f2-4b77-88b7-f0ab78890feb@group-0DB8C7688BF9-LeaderElection356] INFO  impl.RoleInfo (RoleInfo.java:updateAndGet(143)) - 4a682f4f-c3f2-4b77-88b7-f0ab78890feb: start FollowerState
2019-11-05 08:24:12,123 [Thread-2768] INFO  impl.FollowerState (FollowerState.java:run(108)) - a8ae9c07-6d89-4a49-a594-cacd4b776180@group-0E159EE4F99E-FollowerState: change to CANDIDATE, lastRpcTime:138ms, electionTimeout:138ms
2019-11-05 08:24:12,123 [Thread-2768] INFO  impl.RoleInfo (RoleInfo.java:shutdownFollowerState(121)) - a8ae9c07-6d89-4a49-a594-cacd4b776180: shutdown FollowerState
2019-11-05 08:24:12,123 [Thread-2768] INFO  impl.RaftServerImpl (RaftServerImpl.java:setRole(184)) - a8ae9c07-6d89-4a49-a594-cacd4b776180@group-0E159EE4F99E: changes role from  FOLLOWER to CANDIDATE at term 187 for changeToCandidate
2019-11-05 08:24:12,123 [Thread-2768] INFO  impl.RoleInfo (RoleInfo.java:updateAndGet(143)) - a8ae9c07-6d89-4a49-a594-cacd4b776180: start LeaderElection
2019-11-05 08:24:12,137 [a8ae9c07-6d89-4a49-a594-cacd4b776180@group-0E159EE4F99E-LeaderElection357] INFO  impl.LeaderElection (LeaderElection.java:askForVotes(178)) - a8ae9c07-6d89-4a49-a594-cacd4b776180@group-0E159EE4F99E-LeaderElection357: begin an election at term 188 for -1: [caafcba9-090a-41f5-a5f9-cba5a6a81e94:192.168.164.217:37197, a8ae9c07-6d89-4a49-a594-cacd4b776180:192.168.164.217:42719, b3bb9051-8089-4c51-a999-81579e5913f2:192.168.164.217:36516], old=null
2019-11-05 08:24:12,140 [grpc-default-executor-3] INFO  impl.RaftServerImpl (RaftServerImpl.java:setRole(184)) - caafcba9-090a-41f5-a5f9-cba5a6a81e94@group-0E159EE4F99E: changes role from  FOLLOWER to FOLLOWER at term 188 for recognizeCandidate:a8ae9c07-6d89-4a49-a594-cacd4b776180
2019-11-05 08:24:12,140 [grpc-default-executor-3] INFO  impl.RoleInfo (RoleInfo.java:shutdownFollowerState(121)) - caafcba9-090a-41f5-a5f9-cba5a6a81e94: shutdown FollowerState
2019-11-05 08:24:12,140 [grpc-default-executor-3] INFO  impl.RoleInfo (RoleInfo.java:updateAndGet(143)) - caafcba9-090a-41f5-a5f9-cba5a6a81e94: start FollowerState
2019-11-05 08:24:12,140 [grpc-default-executor-4] INFO  impl.RaftServerImpl (RaftServerImpl.java:setRole(184)) - b3bb9051-8089-4c51-a999-81579e5913f2@group-0E159EE4F99E: changes role from  FOLLOWER to FOLLOWER at term 188 for recognizeCandidate:a8ae9c07-6d89-4a49-a594-cacd4b776180
2019-11-05 08:24:12,140 [Thread-2767] INFO  impl.FollowerState (FollowerState.java:run(117)) - caafcba9-090a-41f5-a5f9-cba5a6a81e94@group-0E159EE4F99E-FollowerState was interrupted: java.lang.InterruptedException: sleep interrupted
2019-11-05 08:24:12,140 [grpc-default-executor-4] INFO  impl.RoleInfo (RoleInfo.java:shutdownFollowerState(121)) - b3bb9051-8089-4c51-a999-81579e5913f2: shutdown FollowerState
2019-11-05 08:24:12,141 [grpc-default-executor-4] INFO  impl.RoleInfo (RoleInfo.java:updateAndGet(143)) - b3bb9051-8089-4c51-a999-81579e5913f2: start FollowerState
2019-11-05 08:24:12,141 [Thread-2764] INFO  impl.FollowerState (FollowerState.java:run(117)) - b3bb9051-8089-4c51-a999-81579e5913f2@group-0E159EE4F99E-FollowerState was interrupted: java.lang.InterruptedException: sleep interrupted
2019-11-05 08:24:12,154 [a8ae9c07-6d89-4a49-a594-cacd4b776180@group-0E159EE4F99E-LeaderElection357] INFO  impl.LeaderElection (LeaderElection.java:logAndReturn(56)) - a8ae9c07-6d89-4a49-a594-cacd4b776180@group-0E159EE4F99E-LeaderElection357: Election REJECTED; received 2 response(s) [a8ae9c07-6d89-4a49-a594-cacd4b776180<-caafcba9-090a-41f5-a5f9-cba5a6a81e94#0:FAIL-t188, a8ae9c07-6d89-4a49-a594-cacd4b776180<-b3bb9051-8089-4c51-a999-81579e5913f2#0:FAIL-t188] and 0 exception(s); a8ae9c07-6d89-4a49-a594-cacd4b776180@group-0E159EE4F99E:t188, leader=null, voted=a8ae9c07-6d89-4a49-a594-cacd4b776180, raftlog=a8ae9c07-6d89-4a49-a594-cacd4b776180@group-0E159EE4F99E-SegmentedRaftLog:OPENED:c-1,f-1,i0, conf=-1: [caafcba9-090a-41f5-a5f9-cba5a6a81e94:192.168.164.217:37197, a8ae9c07-6d89-4a49-a594-cacd4b776180:192.168.164.217:42719, b3bb9051-8089-4c51-a999-81579e5913f2:192.168.164.217:36516], old=null
2019-11-05 08:24:12,154 [a8ae9c07-6d89-4a49-a594-cacd4b776180@group-0E159EE4F99E-LeaderElection357] INFO  impl.RaftServerImpl (RaftServerImpl.java:setRole(184)) - a8ae9c07-6d89-4a49-a594-cacd4b776180@group-0E159EE4F99E: changes role from CANDIDATE to FOLLOWER at term 188 for DISCOVERED_A_NEW_TERM
2019-11-05 08:24:12,154 [a8ae9c07-6d89-4a49-a594-cacd4b776180@group-0E159EE4F99E-LeaderElection357] INFO  impl.RoleInfo (RoleInfo.java:shutdownLeaderElection(134)) - a8ae9c07-6d89-4a49-a594-cacd4b776180: shutdown LeaderElection
2019-11-05 08:24:12,154 [a8ae9c07-6d89-4a49-a594-cacd4b776180@group-0E159EE4F99E-LeaderElection357] INFO  impl.RoleInfo (RoleInfo.java:updateAndGet(143)) - a8ae9c07-6d89-4a49-a594-cacd4b776180: start FollowerState
2019-11-05 08:24:12,163 [Thread-2769] INFO  impl.FollowerState (FollowerState.java:run(108)) - 4a682f4f-c3f2-4b77-88b7-f0ab78890feb@group-0DB8C7688BF9-FollowerState: change to CANDIDATE, lastRpcTime:178ms, electionTimeout:178ms
2019-11-05 08:24:12,163 [Thread-2769] INFO  impl.RoleInfo (RoleInfo.java:shutdownFollowerState(121)) - 4a682f4f-c3f2-4b77-88b7-f0ab78890feb: shutdown FollowerState
2019-11-05 08:24:12,163 [Thread-2769] INFO  impl.RaftServerImpl (RaftServerImpl.java:setRole(184)) - 4a682f4f-c3f2-4b77-88b7-f0ab78890feb@group-0DB8C7688BF9: changes role from  FOLLOWER to CANDIDATE at term 180 for changeToCandidate
2019-11-05 08:24:12,163 [Thread-2769] INFO  impl.RoleInfo (RoleInfo.java:updateAndGet(143)) - 4a682f4f-c3f2-4b77-88b7-f0ab78890feb: start LeaderElection
2019-11-05 08:24:12,176 [4a682f4f-c3f2-4b77-88b7-f0ab78890feb@group-0DB8C7688BF9-LeaderElection358] INFO  impl.LeaderElection (LeaderElection.java:askForVotes(178)) - 4a682f4f-c3f2-4b77-88b7-f0ab78890feb@group-0DB8C7688BF9-LeaderElection358: begin an election at term 181 for -1: [77ab65e6-d942-49df-83a3-1d4c0bf152b3:192.168.164.217:39381, 7e1b84a9-a041-44fd-8008-f2679426984c:192.168.164.217:44149, 4a682f4f-c3f2-4b77-88b7-f0ab78890feb:192.168.164.217:34174], old=null
2019-11-05 08:24:12,178 [grpc-default-executor-3] INFO  impl.RaftServerImpl (RaftServerImpl.java:setRole(184)) - 77ab65e6-d942-49df-83a3-1d4c0bf152b3@group-0DB8C7688BF9: changes role from  FOLLOWER to FOLLOWER at term 181 for recognizeCandidate:4a682f4f-c3f2-4b77-88b7-f0ab78890feb
2019-11-05 08:24:12,179 [grpc-default-executor-3] INFO  impl.RoleInfo (RoleInfo.java:shutdownFollowerState(121)) - 77ab65e6-d942-49df-83a3-1d4c0bf152b3: shutdown FollowerState
2019-11-05 08:24:12,179 [grpc-default-executor-3] INFO  impl.RoleInfo (RoleInfo.java:updateAndGet(143)) - 77ab65e6-d942-49df-83a3-1d4c0bf152b3: start FollowerState
2019-11-05 08:24:12,179 [Thread-2766] INFO  impl.FollowerState (FollowerState.java:run(117)) - 77ab65e6-d942-49df-83a3-1d4c0bf152b3@group-0DB8C7688BF9-FollowerState was interrupted: java.lang.InterruptedException: sleep interrupted
2019-11-05 08:24:12,179 [grpc-default-executor-4] INFO  impl.RaftServerImpl (RaftServerImpl.java:setRole(184)) - 7e1b84a9-a041-44fd-8008-f2679426984c@group-0DB8C7688BF9: changes role from  FOLLOWER to FOLLOWER at term 181 for recognizeCandidate:4a682f4f-c3f2-4b77-88b7-f0ab78890feb
2019-11-05 08:24:12,179 [grpc-default-executor-4] INFO  impl.RoleInfo (RoleInfo.java:shutdownFollowerState(121)) - 7e1b84a9-a041-44fd-8008-f2679426984c: shutdown FollowerState
2019-11-05 08:24:12,179 [grpc-default-executor-4] INFO  impl.RoleInfo (RoleInfo.java:updateAndGet(143)) - 7e1b84a9-a041-44fd-8008-f2679426984c: start FollowerState
2019-11-05 08:24:12,179 [Thread-2765] INFO  impl.FollowerState (FollowerState.java:run(117)) - 7e1b84a9-a041-44fd-8008-f2679426984c@group-0DB8C7688BF9-FollowerState was interrupted: java.lang.InterruptedException: sleep interrupted
2019-11-05 08:24:12,193 [4a682f4f-c3f2-4b77-88b7-f0ab78890feb@group-0DB8C7688BF9-LeaderElection358] INFO  impl.LeaderElection (LeaderElection.java:logAndReturn(56)) - 4a682f4f-c3f2-4b77-88b7-f0ab78890feb@group-0DB8C7688BF9-LeaderElection358: Election REJECTED; received 2 response(s) [4a682f4f-c3f2-4b77-88b7-f0ab78890feb<-77ab65e6-d942-49df-83a3-1d4c0bf152b3#0:FAIL-t181, 4a682f4f-c3f2-4b77-88b7-f0ab78890feb<-7e1b84a9-a041-44fd-8008-f2679426984c#0:FAIL-t181] and 0 exception(s); 4a682f4f-c3f2-4b77-88b7-f0ab78890feb@group-0DB8C7688BF9:t181, leader=null, voted=4a682f4f-c3f2-4b77-88b7-f0ab78890feb, raftlog=4a682f4f-c3f2-4b77-88b7-f0ab78890feb@group-0DB8C7688BF9-SegmentedRaftLog:OPENED:c-1,f-1,i0, conf=-1: [77ab65e6-d942-49df-83a3-1d4c0bf152b3:192.168.164.217:39381, 7e1b84a9-a041-44fd-8008-f2679426984c:192.168.164.217:44149, 4a682f4f-c3f2-4b77-88b7-f0ab78890feb:192.168.164.217:34174], old=null
2019-11-05 08:24:12,193 [4a682f4f-c3f2-4b77-88b7-f0ab78890feb@group-0DB8C7688BF9-LeaderElection358] INFO  impl.RaftServerImpl (RaftServerImpl.java:setRole(184)) - 4a682f4f-c3f2-4b77-88b7-f0ab78890feb@group-0DB8C7688BF9: changes role from CANDIDATE to FOLLOWER at term 181 for DISCOVERED_A_NEW_TERM
2019-11-05 08:24:12,193 [4a682f4f-c3f2-4b77-88b7-f0ab78890feb@group-0DB8C7688BF9-LeaderElection358] INFO  impl.RoleInfo (RoleInfo.java:shutdownLeaderElection(134)) - 4a682f4f-c3f2-4b77-88b7-f0ab78890feb: shutdown LeaderElection
2019-11-05 08:24:12,193 [4a682f4f-c3f2-4b77-88b7-f0ab78890feb@group-0DB8C7688BF9-LeaderElection358] INFO  impl.RoleInfo (RoleInfo.java:updateAndGet(143)) - 4a682f4f-c3f2-4b77-88b7-f0ab78890feb: start FollowerState
2019-11-05 08:24:12,273 [Thread-2781] INFO  impl.FollowerState (FollowerState.java:run(108)) - 4a682f4f-c3f2-4b77-88b7-f0ab78890feb@group-0DB8C7688BF9-FollowerState: change to CANDIDATE, lastRpcTime:80ms, electionTimeout:80ms
2019-11-05 08:24:12,274 [Thread-2781] INFO  impl.RoleInfo (RoleInfo.java:shutdownFollowerState(121)) - 4a682f4f-c3f2-4b77-88b7-f0ab78890feb: shutdown FollowerState
2019-11-05 08:24:12,274 [Thread-2781] INFO  impl.RaftServerImpl (RaftServerImpl.java:setRole(184)) - 4a682f4f-c3f2-4b77-88b7-f0ab78890feb@group-0DB8C7688BF9: changes role from  FOLLOWER to CANDIDATE at term 181 for changeToCandidate
2019-11-05 08:24:12,274 [Thread-2781] INFO  impl.RoleInfo (RoleInfo.java:updateAndGet(143)) - 4a682f4f-c3f2-4b77-88b7-f0ab78890feb: start LeaderElection
2019-11-05 08:24:12,288 [4a682f4f-c3f2-4b77-88b7-f0ab78890feb@group-0DB8C7688BF9-LeaderElection359] INFO  impl.LeaderElection (LeaderElection.java:askForVotes(178)) - 4a682f4f-c3f2-4b77-88b7-f0ab78890feb@group-0DB8C7688BF9-LeaderElection359: begin an election at term 182 for -1: [77ab65e6-d942-49df-83a3-1d4c0bf152b3:192.168.164.217:39381, 7e1b84a9-a041-44fd-8008-f2679426984c:192.168.164.217:44149, 4a682f4f-c3f2-4b77-88b7-f0ab78890feb:192.168.164.217:34174], old=null
2019-11-05 08:24:12,290 [grpc-default-executor-3] INFO  impl.RaftServerImpl (RaftServerImpl.java:setRole(184)) - 77ab65e6-d942-49df-83a3-1d4c0bf152b3@group-0DB8C7688BF9: changes role from  FOLLOWER to FOLLOWER at term 182 for recognizeCandidate:4a682f4f-c3f2-4b77-88b7-f0ab78890feb
2019-11-05 08:24:12,290 [grpc-default-executor-3] INFO  impl.RoleInfo (RoleInfo.java:shutdownFollowerState(121)) - 77ab65e6-d942-49df-83a3-1d4c0bf152b3: shutdown FollowerState
2019-11-05 08:24:12,290 [grpc-default-executor-4] INFO  impl.RaftServerImpl (RaftServerImpl.java:setRole(184)) - 7e1b84a9-a041-44fd-8008-f2679426984c@group-0DB8C7688BF9: changes role from  FOLLOWER to FOLLOWER at term 182 for recognizeCandidate:4a682f4f-c3f2-4b77-88b7-f0ab78890feb
2019-11-05 08:24:12,290 [grpc-default-executor-3] INFO  impl.RoleInfo (RoleInfo.java:updateAndGet(143)) - 77ab65e6-d942-49df-83a3-1d4c0bf152b3: start FollowerState
2019-11-05 08:24:12,290 [Thread-2779] INFO  impl.FollowerState (FollowerState.java:run(117)) - 77ab65e6-d942-49df-83a3-1d4c0bf152b3@group-0DB8C7688BF9-FollowerState was interrupted: java.lang.InterruptedException: sleep interrupted
2019-11-05 08:24:12,290 [grpc-default-executor-4] INFO  impl.RoleInfo (RoleInfo.java:shutdownFollowerState(121)) - 7e1b84a9-a041-44fd-8008-f2679426984c: shutdown FollowerState
2019-11-05 08:24:12,291 [grpc-default-executor-4] INFO  impl.RoleInfo (RoleInfo.java:updateAndGet(143)) - 7e1b84a9-a041-44fd-8008-f2679426984c: start FollowerState
2019-11-05 08:24:12,291 [Thread-2780] INFO  impl.FollowerState (FollowerState.java:run(117)) - 7e1b84a9-a041-44fd-8008-f2679426984c@group-0DB8C7688BF9-FollowerState was interrupted: java.lang.InterruptedException: sleep interrupted
2019-11-05 08:24:12,304 [4a682f4f-c3f2-4b77-88b7-f0ab78890feb@group-0DB8C7688BF9-LeaderElection359] INFO  impl.LeaderElection (LeaderElection.java:logAndReturn(56)) - 4a682f4f-c3f2-4b77-88b7-f0ab78890feb@group-0DB8C7688BF9-LeaderElection359: Election REJECTED; received 2 response(s) [4a682f4f-c3f2-4b77-88b7-f0ab78890feb<-77ab65e6-d942-49df-83a3-1d4c0bf152b3#0:FAIL-t182, 4a682f4f-c3f2-4b77-88b7-f0ab78890feb<-7e1b84a9-a041-44fd-8008-f2679426984c#0:FAIL-t182] and 0 exception(s); 4a682f4f-c3f2-4b77-88b7-f0ab78890feb@group-0DB8C7688BF9:t182, leader=null, voted=4a682f4f-c3f2-4b77-88b7-f0ab78890feb, raftlog=4a682f4f-c3f2-4b77-88b7-f0ab78890feb@group-0DB8C7688BF9-SegmentedRaftLog:OPENED:c-1,f-1,i0, conf=-1: [77ab65e6-d942-49df-83a3-1d4c0bf152b3:192.168.164.217:39381, 7e1b84a9-a041-44fd-8008-f2679426984c:192.168.164.217:44149, 4a682f4f-c3f2-4b77-88b7-f0ab78890feb:192.168.164.217:34174], old=null
2019-11-05 08:24:12,304 [4a682f4f-c3f2-4b77-88b7-f0ab78890feb@group-0DB8C7688BF9-LeaderElection359] INFO  impl.RaftServerImpl (RaftServerImpl.java:setRole(184)) - 4a682f4f-c3f2-4b77-88b7-f0ab78890feb@group-0DB8C7688BF9: changes role from CANDIDATE to FOLLOWER at term 182 for DISCOVERED_A_NEW_TERM
2019-11-05 08:24:12,304 [4a682f4f-c3f2-4b77-88b7-f0ab78890feb@group-0DB8C7688BF9-LeaderElection359] INFO  impl.RoleInfo (RoleInfo.java:shutdownLeaderElection(134)) - 4a682f4f-c3f2-4b77-88b7-f0ab78890feb: shutdown LeaderElection
2019-11-05 08:24:12,304 [4a682f4f-c3f2-4b77-88b7-f0ab78890feb@group-0DB8C7688BF9-LeaderElection359] INFO  impl.RoleInfo (RoleInfo.java:updateAndGet(143)) - 4a682f4f-c3f2-4b77-88b7-f0ab78890feb: start FollowerState
2019-11-05 08:24:12,347 [Thread-2775] INFO  impl.FollowerState (FollowerState.java:run(108)) - a8ae9c07-6d89-4a49-a594-cacd4b776180@group-0E159EE4F99E-FollowerState: change to CANDIDATE, lastRpcTime:192ms, electionTimeout:192ms
2019-11-05 08:24:12,347 [Thread-2775] INFO  impl.RoleInfo (RoleInfo.java:shutdownFollowerState(121)) - a8ae9c07-6d89-4a49-a594-cacd4b776180: shutdown FollowerState
2019-11-05 08:24:12,347 [Thread-2775] INFO  impl.RaftServerImpl (RaftServerImpl.java:setRole(184)) - a8ae9c07-6d89-4a49-a594-cacd4b776180@group-0E159EE4F99E: changes role from  FOLLOWER to CANDIDATE at term 188 for changeToCandidate
2019-11-05 08:24:12,347 [Thread-2775] INFO  impl.RoleInfo (RoleInfo.java:updateAndGet(143)) - a8ae9c07-6d89-4a49-a594-cacd4b776180: start LeaderElection
2019-11-05 08:24:12,360 [a8ae9c07-6d89-4a49-a594-cacd4b776180@group-0E159EE4F99E-LeaderElection360] INFO  impl.LeaderElection (LeaderElection.java:askForVotes(178)) - a8ae9c07-6d89-4a49-a594-cacd4b776180@group-0E159EE4F99E-LeaderElection360: begin an election at term 189 for -1: [caafcba9-090a-41f5-a5f9-cba5a6a81e94:192.168.164.217:37197, a8ae9c07-6d89-4a49-a594-cacd4b776180:192.168.164.217:42719, b3bb9051-8089-4c51-a999-81579e5913f2:192.168.164.217:36516], old=null
2019-11-05 08:24:12,362 [grpc-default-executor-3] INFO  impl.RaftServerImpl (RaftServerImpl.java:setRole(184)) - caafcba9-090a-41f5-a5f9-cba5a6a81e94@group-0E159EE4F99E: changes role from  FOLLOWER to FOLLOWER at term 189 for recognizeCandidate:a8ae9c07-6d89-4a49-a594-cacd4b776180
2019-11-05 08:24:12,362 [grpc-default-executor-3] INFO  impl.RoleInfo (RoleInfo.java:shutdownFollowerState(121)) - caafcba9-090a-41f5-a5f9-cba5a6a81e94: shutdown FollowerState
2019-11-05 08:24:12,362 [grpc-default-executor-4] INFO  impl.RaftServerImpl (RaftServerImpl.java:setRole(184)) - b3bb9051-8089-4c51-a999-81579e5913f2@group-0E159EE4F99E: changes role from  FOLLOWER to FOLLOWER at term 189 for recognizeCandidate:a8ae9c07-6d89-4a49-a594-cacd4b776180
2019-11-05 08:24:12,362 [grpc-default-executor-4] INFO  impl.RoleInfo (RoleInfo.java:shutdownFollowerState(121)) - b3bb9051-8089-4c51-a999-81579e5913f2: shutdown FollowerState
2019-11-05 08:24:12,362 [Thread-2773] INFO  impl.FollowerState (FollowerState.java:run(117)) - caafcba9-090a-41f5-a5f9-cba5a6a81e94@group-0E159EE4F99E-FollowerState was interrupted: java.lang.InterruptedException: sleep interrupted
2019-11-05 08:24:12,362 [grpc-default-executor-3] INFO  impl.RoleInfo (RoleInfo.java:updateAndGet(143)) - caafcba9-090a-41f5-a5f9-cba5a6a81e94: start FollowerState
2019-11-05 08:24:12,362 [Thread-2774] INFO  impl.FollowerState (FollowerState.java:run(117)) - b3bb9051-8089-4c51-a999-81579e5913f2@group-0E159EE4F99E-FollowerState was interrupted: java.lang.InterruptedException: sleep interrupted
2019-11-05 08:24:12,362 [grpc-default-executor-4] INFO  impl.RoleInfo (RoleInfo.java:updateAndGet(143)) - b3bb9051-8089-4c51-a999-81579e5913f2: start FollowerState
2019-11-05 08:24:12,376 [a8ae9c07-6d89-4a49-a594-cacd4b776180@group-0E159EE4F99E-LeaderElection360] INFO  impl.LeaderElection (LeaderElection.java:logAndReturn(56)) - a8ae9c07-6d89-4a49-a594-cacd4b776180@group-0E159EE4F99E-LeaderElection360: Election REJECTED; received 2 response(s) [a8ae9c07-6d89-4a49-a594-cacd4b776180<-caafcba9-090a-41f5-a5f9-cba5a6a81e94#0:FAIL-t189, a8ae9c07-6d89-4a49-a594-cacd4b776180<-b3bb9051-8089-4c51-a999-81579e5913f2#0:FAIL-t189] and 0 exception(s); a8ae9c07-6d89-4a49-a594-cacd4b776180@group-0E159EE4F99E:t189, leader=null, voted=a8ae9c07-6d89-4a49-a594-cacd4b776180, raftlog=a8ae9c07-6d89-4a49-a594-cacd4b776180@group-0E159EE4F99E-SegmentedRaftLog:OPENED:c-1,f-1,i0, conf=-1: [caafcba9-090a-41f5-a5f9-cba5a6a81e94:192.168.164.217:37197, a8ae9c07-6d89-4a49-a594-cacd4b776180:192.168.164.217:42719, b3bb9051-8089-4c51-a999-81579e5913f2:192.168.164.217:36516], old=null
2019-11-05 08:24:12,377 [a8ae9c07-6d89-4a49-a594-cacd4b776180@group-0E159EE4F99E-LeaderElection360] INFO  impl.RaftServerImpl (RaftServerImpl.java:setRole(184)) - a8ae9c07-6d89-4a49-a594-cacd4b776180@group-0E159EE4F99E: changes role from CANDIDATE to FOLLOWER at term 189 for DISCOVERED_A_NEW_TERM
2019-11-05 08:24:12,377 [a8ae9c07-6d89-4a49-a594-cacd4b776180@group-0E159EE4F99E-LeaderElection360] INFO  impl.RoleInfo (RoleInfo.java:shutdownLeaderElection(134)) - a8ae9c07-6d89-4a49-a594-cacd4b776180: shutdown LeaderElection
2019-11-05 08:24:12,377 [a8ae9c07-6d89-4a49-a594-cacd4b776180@group-0E159EE4F99E-LeaderElection360] INFO  impl.RoleInfo (RoleInfo.java:updateAndGet(143)) - a8ae9c07-6d89-4a49-a594-cacd4b776180: start FollowerState
2019-11-05 08:24:12,405 [Thread-2795] INFO  impl.FollowerState (FollowerState.java:run(108)) - a8ae9c07-6d89-4a49-a594-cacd4b776180@group-0E159EE4F99E-FollowerState: change to CANDIDATE, lastRpcTime:28ms, electionTimeout:28ms
2019-11-05 08:24:12,405 [Thread-2795] INFO  impl.RoleInfo (RoleInfo.java:shutdownFollowerState(121)) - a8ae9c07-6d89-4a49-a594-cacd4b776180: shutdown FollowerState
2019-11-05 08:24:12,405 [Thread-2795] INFO  impl.RaftServerImpl (RaftServerImpl.java:setRole(184)) - a8ae9c07-6d89-4a49-a594-cacd4b776180@group-0E159EE4F99E: changes role from  FOLLOWER to CANDIDATE at term 189 for changeToCandidate
2019-11-05 08:24:12,406 [Thread-2795] INFO  impl.RoleInfo (RoleInfo.java:updateAndGet(143)) - a8ae9c07-6d89-4a49-a594-cacd4b776180: start LeaderElection
2019-11-05 08:24:12,416 [Thread-2789] INFO  impl.FollowerState (FollowerState.java:run(108)) - 4a682f4f-c3f2-4b77-88b7-f0ab78890feb@group-0DB8C7688BF9-FollowerState: change to CANDIDATE, lastRpcTime:111ms, electionTimeout:111ms
2019-11-05 08:24:12,416 [Thread-2789] INFO  impl.RoleInfo (RoleInfo.java:shutdownFollowerState(121)) - 4a682f4f-c3f2-4b77-88b7-f0ab78890feb: shutdown FollowerState
2019-11-05 08:24:12,416 [Thread-2789] INFO  impl.RaftServerImpl (RaftServerImpl.java:setRole(184)) - 4a682f4f-c3f2-4b77-88b7-f0ab78890feb@group-0DB8C7688BF9: changes role from  FOLLOWER to CANDIDATE at term 182 for changeToCandidate
2019-11-05 08:24:12,416 [Thread-2789] INFO  impl.RoleInfo (RoleInfo.java:updateAndGet(143)) - 4a682f4f-c3f2-4b77-88b7-f0ab78890feb: start LeaderElection
2019-11-05 08:24:12,419 [a8ae9c07-6d89-4a49-a594-cacd4b776180@group-0E159EE4F99E-LeaderElection361] INFO  impl.LeaderElection (LeaderElection.java:askForVotes(178)) - a8ae9c07-6d89-4a49-a594-cacd4b776180@group-0E159EE4F99E-LeaderElection361: begin an election at term 190 for -1: [caafcba9-090a-41f5-a5f9-cba5a6a81e94:192.168.164.217:37197, a8ae9c07-6d89-4a49-a594-cacd4b776180:192.168.164.217:42719, b3bb9051-8089-4c51-a999-81579e5913f2:192.168.164.217:36516], old=null
2019-11-05 08:24:12,419 [4a682f4f-c3f2-4b77-88b7-f0ab78890feb@group-0DB8C7688BF9-LeaderElection362] INFO  impl.LeaderElection (LeaderElection.java:askForVotes(178)) - 4a682f4f-c3f2-4b77-88b7-f0ab78890feb@group-0DB8C7688BF9-LeaderElection362: begin an election at term 183 for -1: [77ab65e6-d942-49df-83a3-1d4c0bf152b3:192.168.164.217:39381, 7e1b84a9-a041-44fd-8008-f2679426984c:192.168.164.217:44149, 4a682f4f-c3f2-4b77-88b7-f0ab78890feb:192.168.164.217:34174], old=null
2019-11-05 08:24:12,420 [grpc-default-executor-4] INFO  impl.RaftServerImpl (RaftServerImpl.java:setRole(184)) - caafcba9-090a-41f5-a5f9-cba5a6a81e94@group-0E159EE4F99E: changes role from  FOLLOWER to FOLLOWER at term 190 for recognizeCandidate:a8ae9c07-6d89-4a49-a594-cacd4b776180
2019-11-05 08:24:12,420 [grpc-default-executor-4] INFO  impl.RoleInfo (RoleInfo.java:shutdownFollowerState(121)) - caafcba9-090a-41f5-a5f9-cba5a6a81e94: shutdown FollowerState
2019-11-05 08:24:12,420 [grpc-default-executor-0] INFO  impl.RaftServerImpl (RaftServerImpl.java:setRole(184)) - 77ab65e6-d942-49df-83a3-1d4c0bf152b3@group-0DB8C7688BF9: changes role from  FOLLOWER to FOLLOWER at term 183 for recognizeCandidate:4a682f4f-c3f2-4b77-88b7-f0ab78890feb
2019-11-05 08:24:12,421 [grpc-default-executor-0] INFO  impl.RoleInfo (RoleInfo.java:shutdownFollowerState(121)) - 77ab65e6-d942-49df-83a3-1d4c0bf152b3: shutdown FollowerState
2019-11-05 08:24:12,420 [grpc-default-executor-3] INFO  impl.RaftServerImpl (RaftServerImpl.java:setRole(184)) - b3bb9051-8089-4c51-a999-81579e5913f2@group-0E159EE4F99E: changes role from  FOLLOWER to FOLLOWER at term 190 for recognizeCandidate:a8ae9c07-6d89-4a49-a594-cacd4b776180
2019-11-05 08:24:12,421 [grpc-default-executor-1] INFO  impl.RaftServerImpl (RaftServerImpl.java:setRole(184)) - 7e1b84a9-a041-44fd-8008-f2679426984c@group-0DB8C7688BF9: changes role from  FOLLOWER to FOLLOWER at term 183 for recognizeCandidate:4a682f4f-c3f2-4b77-88b7-f0ab78890feb
2019-11-05 08:24:12,421 [Thread-2787] INFO  impl.FollowerState (FollowerState.java:run(117)) - 77ab65e6-d942-49df-83a3-1d4c0bf152b3@group-0DB8C7688BF9-FollowerState was interrupted: java.lang.InterruptedException: sleep interrupted
2019-11-05 08:24:12,421 [grpc-default-executor-0] INFO  impl.RoleInfo (RoleInfo.java:updateAndGet(143)) - 77ab65e6-d942-49df-83a3-1d4c0bf152b3: start FollowerState
2019-11-05 08:24:12,421 [Thread-2793] INFO  impl.FollowerState (FollowerState.java:run(117)) - caafcba9-090a-41f5-a5f9-cba5a6a81e94@group-0E159EE4F99E-FollowerState was interrupted: java.lang.InterruptedException: sleep interrupted
2019-11-05 08:24:12,420 [grpc-default-executor-4] INFO  impl.RoleInfo (RoleInfo.java:updateAndGet(143)) - caafcba9-090a-41f5-a5f9-cba5a6a81e94: start FollowerState
2019-11-05 08:24:12,421 [grpc-default-executor-1] INFO  impl.RoleInfo (RoleInfo.java:shutdownFollowerState(121)) - 7e1b84a9-a041-44fd-8008-f2679426984c: shutdown FollowerState
2019-11-05 08:24:12,421 [grpc-default-executor-3] INFO  impl.RoleInfo (RoleInfo.java:shutdownFollowerState(121)) - b3bb9051-8089-4c51-a999-81579e5913f2: shutdown FollowerState
2019-11-05 08:24:12,422 [Thread-2788] INFO  impl.FollowerState (FollowerState.java:run(117)) - 7e1b84a9-a041-44fd-8008-f2679426984c@group-0DB8C7688BF9-FollowerState was interrupted: java.lang.InterruptedException: sleep interrupted
2019-11-05 08:24:12,421 [grpc-default-executor-1] INFO  impl.RoleInfo (RoleInfo.java:updateAndGet(143)) - 7e1b84a9-a041-44fd-8008-f2679426984c: start FollowerState
2019-11-05 08:24:12,422 [Thread-2794] INFO  impl.FollowerState (FollowerState.java:run(117)) - b3bb9051-8089-4c51-a999-81579e5913f2@group-0E159EE4F99E-FollowerState was interrupted: java.lang.InterruptedException: sleep interrupted
2019-11-05 08:24:12,422 [grpc-default-executor-3] INFO  impl.RoleInfo (RoleInfo.java:updateAndGet(143)) - b3bb9051-8089-4c51-a999-81579e5913f2: start FollowerState
2019-11-05 08:24:12,435 [4a682f4f-c3f2-4b77-88b7-f0ab78890feb@group-0DB8C7688BF9-LeaderElection362] INFO  impl.LeaderElection (LeaderElection.java:logAndReturn(56)) - 4a682f4f-c3f2-4b77-88b7-f0ab78890feb@group-0DB8C7688BF9-LeaderElection362: Election REJECTED; received 2 response(s) [4a682f4f-c3f2-4b77-88b7-f0ab78890feb<-77ab65e6-d942-49df-83a3-1d4c0bf152b3#0:FAIL-t183, 4a682f4f-c3f2-4b77-88b7-f0ab78890feb<-7e1b84a9-a041-44fd-8008-f2679426984c#0:FAIL-t183] and 0 exception(s); 4a682f4f-c3f2-4b77-88b7-f0ab78890feb@group-0DB8C7688BF9:t183, leader=null, voted=4a682f4f-c3f2-4b77-88b7-f0ab78890feb, raftlog=4a682f4f-c3f2-4b77-88b7-f0ab78890feb@group-0DB8C7688BF9-SegmentedRaftLog:OPENED:c-1,f-1,i0, conf=-1: [77ab65e6-d942-49df-83a3-1d4c0bf152b3:192.168.164.217:39381, 7e1b84a9-a041-44fd-8008-f2679426984c:192.168.164.217:44149, 4a682f4f-c3f2-4b77-88b7-f0ab78890feb:192.168.164.217:34174], old=null
2019-11-05 08:24:12,435 [a8ae9c07-6d89-4a49-a594-cacd4b776180@group-0E159EE4F99E-LeaderElection361] INFO  impl.LeaderElection (LeaderElection.java:logAndReturn(56)) - a8ae9c07-6d89-4a49-a594-cacd4b776180@group-0E159EE4F99E-LeaderElection361: Election REJECTED; received 2 response(s) [a8ae9c07-6d89-4a49-a594-cacd4b776180<-caafcba9-090a-41f5-a5f9-cba5a6a81e94#0:FAIL-t190, a8ae9c07-6d89-4a49-a594-cacd4b776180<-b3bb9051-8089-4c51-a999-81579e5913f2#0:FAIL-t190] and 0 exception(s); a8ae9c07-6d89-4a49-a594-cacd4b776180@group-0E159EE4F99E:t190, leader=null, voted=a8ae9c07-6d89-4a49-a594-cacd4b776180, raftlog=a8ae9c07-6d89-4a49-a594-cacd4b776180@group-0E159EE4F99E-SegmentedRaftLog:OPENED:c-1,f-1,i0, conf=-1: [caafcba9-090a-41f5-a5f9-cba5a6a81e94:192.168.164.217:37197, a8ae9c07-6d89-4a49-a594-cacd4b776180:192.168.164.217:42719, b3bb9051-8089-4c51-a999-81579e5913f2:192.168.164.217:36516], old=null
2019-11-05 08:24:12,436 [4a682f4f-c3f2-4b77-88b7-f0ab78890feb@group-0DB8C7688BF9-LeaderElection362] INFO  impl.RaftServerImpl (RaftServerImpl.java:setRole(184)) - 4a682f4f-c3f2-4b77-88b7-f0ab78890feb@group-0DB8C7688BF9: changes role from CANDIDATE to FOLLOWER at term 183 for DISCOVERED_A_NEW_TERM
2019-11-05 08:24:12,436 [a8ae9c07-6d89-4a49-a594-cacd4b776180@group-0E159EE4F99E-LeaderElection361] INFO  impl.RaftServerImpl (RaftServerImpl.java:setRole(184)) - a8ae9c07-6d89-4a49-a594-cacd4b776180@group-0E159EE4F99E: changes role from CANDIDATE to FOLLOWER at term 190 for DISCOVERED_A_NEW_TERM
2019-11-05 08:24:12,436 [4a682f4f-c3f2-4b77-88b7-f0ab78890feb@group-0DB8C7688BF9-LeaderElection362] INFO  impl.RoleInfo (RoleInfo.java:shutdownLeaderElection(134)) - 4a682f4f-c3f2-4b77-88b7-f0ab78890feb: shutdown LeaderElection
2019-11-05 08:24:12,436 [a8ae9c07-6d89-4a49-a594-cacd4b776180@group-0E159EE4F99E-LeaderElection361] INFO  impl.RoleInfo (RoleInfo.java:shutdownLeaderElection(134)) - a8ae9c07-6d89-4a49-a594-cacd4b776180: shutdown LeaderElection
2019-11-05 08:24:12,436 [4a682f4f-c3f2-4b77-88b7-f0ab78890feb@group-0DB8C7688BF9-LeaderElection362] INFO  impl.RoleInfo (RoleInfo.java:updateAndGet(143)) - 4a682f4f-c3f2-4b77-88b7-f0ab78890feb: start FollowerState
2019-11-05 08:24:12,436 [a8ae9c07-6d89-4a49-a594-cacd4b776180@group-0E159EE4F99E-LeaderElection361] INFO  impl.RoleInfo (RoleInfo.java:updateAndGet(143)) - a8ae9c07-6d89-4a49-a594-cacd4b776180: start FollowerState
2019-11-05 08:24:12,496 [Thread-2807] INFO  impl.FollowerState (FollowerState.java:run(108)) - a8ae9c07-6d89-4a49-a594-cacd4b776180@group-0E159EE4F99E-FollowerState: change to CANDIDATE, lastRpcTime:60ms, electionTimeout:60ms
2019-11-05 08:24:12,496 [Thread-2807] INFO  impl.RoleInfo (RoleInfo.java:shutdownFollowerState(121)) - a8ae9c07-6d89-4a49-a594-cacd4b776180: shutdown FollowerState
2019-11-05 08:24:12,497 [Thread-2807] INFO  impl.RaftServerImpl (RaftServerImpl.java:setRole(184)) - a8ae9c07-6d89-4a49-a594-cacd4b776180@group-0E159EE4F99E: changes role from  FOLLOWER to CANDIDATE at term 190 for changeToCandidate
2019-11-05 08:24:12,497 [Thread-2807] INFO  impl.RoleInfo (RoleInfo.java:updateAndGet(143)) - a8ae9c07-6d89-4a49-a594-cacd4b776180: start LeaderElection
2019-11-05 08:24:12,510 [a8ae9c07-6d89-4a49-a594-cacd4b776180@group-0E159EE4F99E-LeaderElection363] INFO  impl.LeaderElection (LeaderElection.java:askForVotes(178)) - a8ae9c07-6d89-4a49-a594-cacd4b776180@group-0E159EE4F99E-LeaderElection363: begin an election at term 191 for -1: [caafcba9-090a-41f5-a5f9-cba5a6a81e94:192.168.164.217:37197, a8ae9c07-6d89-4a49-a594-cacd4b776180:192.168.164.217:42719, b3bb9051-8089-4c51-a999-81579e5913f2:192.168.164.217:36516], old=null
2019-11-05 08:24:12,512 [grpc-default-executor-4] INFO  impl.RaftServerImpl (RaftServerImpl.java:setRole(184)) - caafcba9-090a-41f5-a5f9-cba5a6a81e94@group-0E159EE4F99E: changes role from  FOLLOWER to FOLLOWER at term 191 for recognizeCandidate:a8ae9c07-6d89-4a49-a594-cacd4b776180
2019-11-05 08:24:12,512 [grpc-default-executor-3] INFO  impl.RaftServerImpl (RaftServerImpl.java:setRole(184)) - b3bb9051-8089-4c51-a999-81579e5913f2@group-0E159EE4F99E: changes role from  FOLLOWER to FOLLOWER at term 191 for recognizeCandidate:a8ae9c07-6d89-4a49-a594-cacd4b776180
2019-11-05 08:24:12,513 [grpc-default-executor-3] INFO  impl.RoleInfo (RoleInfo.java:shutdownFollowerState(121)) - b3bb9051-8089-4c51-a999-81579e5913f2: shutdown FollowerState
2019-11-05 08:24:12,513 [grpc-default-executor-4] INFO  impl.RoleInfo (RoleInfo.java:shutdownFollowerState(121)) - caafcba9-090a-41f5-a5f9-cba5a6a81e94: shutdown FollowerState
2019-11-05 08:24:12,513 [Thread-2805] INFO  impl.FollowerState (FollowerState.java:run(117)) - b3bb9051-8089-4c51-a999-81579e5913f2@group-0E159EE4F99E-FollowerState was interrupted: java.lang.InterruptedException: sleep interrupted
2019-11-05 08:24:12,513 [grpc-default-executor-4] INFO  impl.RoleInfo (RoleInfo.java:updateAndGet(143)) - caafcba9-090a-41f5-a5f9-cba5a6a81e94: start FollowerState
2019-11-05 08:24:12,513 [grpc-default-executor-3] INFO  impl.RoleInfo (RoleInfo.java:updateAndGet(143)) - b3bb9051-8089-4c51-a999-81579e5913f2: start FollowerState
2019-11-05 08:24:12,513 [Thread-2802] INFO  impl.FollowerState (FollowerState.java:run(117)) - caafcba9-090a-41f5-a5f9-cba5a6a81e94@group-0E159EE4F99E-FollowerState was interrupted: java.lang.InterruptedException: sleep interrupted
2019-11-05 08:24:12,554 [a8ae9c07-6d89-4a49-a594-cacd4b776180@group-0E159EE4F99E-LeaderElection363] INFO  impl.LeaderElection (LeaderElection.java:logAndReturn(56)) - a8ae9c07-6d89-4a49-a594-cacd4b776180@group-0E159EE4F99E-LeaderElection363: Election REJECTED; received 2 response(s) [a8ae9c07-6d89-4a49-a594-cacd4b776180<-caafcba9-090a-41f5-a5f9-cba5a6a81e94#0:FAIL-t191, a8ae9c07-6d89-4a49-a594-cacd4b776180<-b3bb9051-8089-4c51-a999-81579e5913f2#0:FAIL-t191] and 0 exception(s); a8ae9c07-6d89-4a49-a594-cacd4b776180@group-0E159EE4F99E:t191, leader=null, voted=a8ae9c07-6d89-4a49-a594-cacd4b776180, raftlog=a8ae9c07-6d89-4a49-a594-cacd4b776180@group-0E159EE4F99E-SegmentedRaftLog:OPENED:c-1,f-1,i0, conf=-1: [caafcba9-090a-41f5-a5f9-cba5a6a81e94:192.168.164.217:37197, a8ae9c07-6d89-4a49-a594-cacd4b776180:192.168.164.217:42719, b3bb9051-8089-4c51-a999-81579e5913f2:192.168.164.217:36516], old=null
2019-11-05 08:24:12,554 [a8ae9c07-6d89-4a49-a594-cacd4b776180@group-0E159EE4F99E-LeaderElection363] INFO  impl.RaftServerImpl (RaftServerImpl.java:setRole(184)) - a8ae9c07-6d89-4a49-a594-cacd4b776180@group-0E159EE4F99E: changes role from CANDIDATE to FOLLOWER at term 191 for DISCOVERED_A_NEW_TERM
2019-11-05 08:24:12,554 [a8ae9c07-6d89-4a49-a594-cacd4b776180@group-0E159EE4F99E-LeaderElection363] INFO  impl.RoleInfo (RoleInfo.java:shutdownLeaderElection(134)) - a8ae9c07-6d89-4a49-a594-cacd4b776180: shutdown LeaderElection
2019-11-05 08:24:12,555 [a8ae9c07-6d89-4a49-a594-cacd4b776180@group-0E159EE4F99E-LeaderElection363] INFO  impl.RoleInfo (RoleInfo.java:updateAndGet(143)) - a8ae9c07-6d89-4a49-a594-cacd4b776180: start FollowerState
2019-11-05 08:24:12,591 [Thread-2806] INFO  impl.FollowerState (FollowerState.java:run(108)) - 4a682f4f-c3f2-4b77-88b7-f0ab78890feb@group-0DB8C7688BF9-FollowerState: change to CANDIDATE, lastRpcTime:155ms, electionTimeout:155ms
2019-11-05 08:24:12,591 [Thread-2806] INFO  impl.RoleInfo (RoleInfo.java:shutdownFollowerState(121)) - 4a682f4f-c3f2-4b77-88b7-f0ab78890feb: shutdown FollowerState
2019-11-05 08:24:12,591 [Thread-2806] INFO  impl.RaftServerImpl (RaftServerImpl.java:setRole(184)) - 4a682f4f-c3f2-4b77-88b7-f0ab78890feb@group-0DB8C7688BF9: changes role from  FOLLOWER to CANDIDATE at term 183 for changeToCandidate
2019-11-05 08:24:12,592 [Thread-2806] INFO  impl.RoleInfo (RoleInfo.java:updateAndGet(143)) - 4a682f4f-c3f2-4b77-88b7-f0ab78890feb: start LeaderElection
2019-11-05 08:24:12,606 [4a682f4f-c3f2-4b77-88b7-f0ab78890feb@group-0DB8C7688BF9-LeaderElection364] INFO  impl.LeaderElection (LeaderElection.java:askForVotes(178)) - 4a682f4f-c3f2-4b77-88b7-f0ab78890feb@group-0DB8C7688BF9-LeaderElection364: begin an election at term 184 for -1: [77ab65e6-d942-49df-83a3-1d4c0bf152b3:192.168.164.217:39381, 7e1b84a9-a041-44fd-8008-f2679426984c:192.168.164.217:44149, 4a682f4f-c3f2-4b77-88b7-f0ab78890feb:192.168.164.217:34174], old=null
2019-11-05 08:24:12,607 [grpc-default-executor-4] INFO  impl.RaftServerImpl (RaftServerImpl.java:setRole(184)) - 77ab65e6-d942-49df-83a3-1d4c0bf152b3@group-0DB8C7688BF9: changes role from  FOLLOWER to FOLLOWER at term 184 for recognizeCandidate:4a682f4f-c3f2-4b77-88b7-f0ab78890feb
2019-11-05 08:24:12,608 [grpc-default-executor-4] INFO  impl.RoleInfo (RoleInfo.java:shutdownFollowerState(121)) - 77ab65e6-d942-49df-83a3-1d4c0bf152b3: shutdown FollowerState
2019-11-05 08:24:12,608 [grpc-default-executor-3] INFO  impl.RaftServerImpl (RaftServerImpl.java:setRole(184)) - 7e1b84a9-a041-44fd-8008-f2679426984c@group-0DB8C7688BF9: changes role from  FOLLOWER to FOLLOWER at term 184 for recognizeCandidate:4a682f4f-c3f2-4b77-88b7-f0ab78890feb
2019-11-05 08:24:12,608 [Thread-2803] INFO  impl.FollowerState (FollowerState.java:run(117)) - 77ab65e6-d942-49df-83a3-1d4c0bf152b3@group-0DB8C7688BF9-FollowerState was interrupted: java.lang.InterruptedException: sleep interrupted
2019-11-05 08:24:12,608 [grpc-default-executor-4] INFO  impl.RoleInfo (RoleInfo.java:updateAndGet(143)) - 77ab65e6-d942-49df-83a3-1d4c0bf152b3: start FollowerState
2019-11-05 08:24:12,608 [grpc-default-executor-3] INFO  impl.RoleInfo (RoleInfo.java:shutdownFollowerState(121)) - 7e1b84a9-a041-44fd-8008-f2679426984c: shutdown FollowerState
2019-11-05 08:24:12,608 [grpc-default-executor-3] INFO  impl.RoleInfo (RoleInfo.java:updateAndGet(143)) - 7e1b84a9-a041-44fd-8008-f2679426984c: start FollowerState
2019-11-05 08:24:12,608 [Thread-2804] INFO  impl.FollowerState (FollowerState.java:run(117)) - 7e1b84a9-a041-44fd-8008-f2679426984c@group-0DB8C7688BF9-FollowerState was interrupted: java.lang.InterruptedException: sleep interrupted
2019-11-05 08:24:12,623 [4a682f4f-c3f2-4b77-88b7-f0ab78890feb@group-0DB8C7688BF9-LeaderElection364] INFO  impl.LeaderElection (LeaderElection.java:logAndReturn(56)) - 4a682f4f-c3f2-4b77-88b7-f0ab78890feb@group-0DB8C7688BF9-LeaderElection364: Election REJECTED; received 2 response(s) [4a682f4f-c3f2-4b77-88b7-f0ab78890feb<-77ab65e6-d942-49df-83a3-1d4c0bf152b3#0:FAIL-t184, 4a682f4f-c3f2-4b77-88b7-f0ab78890feb<-7e1b84a9-a041-44fd-8008-f2679426984c#0:FAIL-t184] and 0 exception(s); 4a682f4f-c3f2-4b77-88b7-f0ab78890feb@group-0DB8C7688BF9:t184, leader=null, voted=4a682f4f-c3f2-4b77-88b7-f0ab78890feb, raftlog=4a682f4f-c3f2-4b77-88b7-f0ab78890feb@group-0DB8C7688BF9-SegmentedRaftLog:OPENED:c-1,f-1,i0, conf=-1: [77ab65e6-d942-49df-83a3-1d4c0bf152b3:192.168.164.217:39381, 7e1b84a9-a041-44fd-8008-f2679426984c:192.168.164.217:44149, 4a682f4f-c3f2-4b77-88b7-f0ab78890feb:192.168.164.217:34174], old=null
2019-11-05 08:24:12,623 [4a682f4f-c3f2-4b77-88b7-f0ab78890feb@group-0DB8C7688BF9-LeaderElection364] INFO  impl.RaftServerImpl (RaftServerImpl.java:setRole(184)) - 4a682f4f-c3f2-4b77-88b7-f0ab78890feb@group-0DB8C7688BF9: changes role from CANDIDATE to FOLLOWER at term 184 for DISCOVERED_A_NEW_TERM
2019-11-05 08:24:12,623 [4a682f4f-c3f2-4b77-88b7-f0ab78890feb@group-0DB8C7688BF9-LeaderElection364] INFO  impl.RoleInfo (RoleInfo.java:shutdownLeaderElection(134)) - 4a682f4f-c3f2-4b77-88b7-f0ab78890feb: shutdown LeaderElection
2019-11-05 08:24:12,623 [4a682f4f-c3f2-4b77-88b7-f0ab78890feb@group-0DB8C7688BF9-LeaderElection364] INFO  impl.RoleInfo (RoleInfo.java:updateAndGet(143)) - 4a682f4f-c3f2-4b77-88b7-f0ab78890feb: start FollowerState
2019-11-05 08:24:12,651 [Thread-2813] INFO  impl.FollowerState (FollowerState.java:run(108)) - a8ae9c07-6d89-4a49-a594-cacd4b776180@group-0E159EE4F99E-FollowerState: change to CANDIDATE, lastRpcTime:96ms, electionTimeout:96ms
2019-11-05 08:24:12,651 [Thread-2813] INFO  impl.RoleInfo (RoleInfo.java:shutdownFollowerState(121)) - a8ae9c07-6d89-4a49-a594-cacd4b776180: shutdown FollowerState
2019-11-05 08:24:12,651 [Thread-2813] INFO  impl.RaftServerImpl (RaftServerImpl.java:setRole(184)) - a8ae9c07-6d89-4a49-a594-cacd4b776180@group-0E159EE4F99E: changes role from  FOLLOWER to CANDIDATE at term 191 for changeToCandidate
2019-11-05 08:24:12,651 [Thread-2813] INFO  impl.RoleInfo (RoleInfo.java:updateAndGet(143)) - a8ae9c07-6d89-4a49-a594-cacd4b776180: start LeaderElection
2019-11-05 08:24:12,664 [a8ae9c07-6d89-4a49-a594-cacd4b776180@group-0E159EE4F99E-LeaderElection365] INFO  impl.LeaderElection (LeaderElection.java:askForVotes(178)) - a8ae9c07-6d89-4a49-a594-cacd4b776180@group-0E159EE4F99E-LeaderElection365: begin an election at term 192 for -1: [caafcba9-090a-41f5-a5f9-cba5a6a81e94:192.168.164.217:37197, a8ae9c07-6d89-4a49-a594-cacd4b776180:192.168.164.217:42719, b3bb9051-8089-4c51-a999-81579e5913f2:192.168.164.217:36516], old=null
2019-11-05 08:24:12,666 [grpc-default-executor-3] INFO  impl.RaftServerImpl (RaftServerImpl.java:setRole(184)) - caafcba9-090a-41f5-a5f9-cba5a6a81e94@group-0E159EE4F99E: changes role from  FOLLOWER to FOLLOWER at term 192 for recognizeCandidate:a8ae9c07-6d89-4a49-a594-cacd4b776180
2019-11-05 08:24:12,667 [grpc-default-executor-3] INFO  impl.RoleInfo (RoleInfo.java:shutdownFollowerState(121)) - caafcba9-090a-41f5-a5f9-cba5a6a81e94: shutdown FollowerState
2019-11-05 08:24:12,667 [grpc-default-executor-3] INFO  impl.RoleInfo (RoleInfo.java:updateAndGet(143)) - caafcba9-090a-41f5-a5f9-cba5a6a81e94: start FollowerState
2019-11-05 08:24:12,667 [Thread-2812] INFO  impl.FollowerState (FollowerState.java:run(117)) - caafcba9-090a-41f5-a5f9-cba5a6a81e94@group-0E159EE4F99E-FollowerState was interrupted: java.lang.InterruptedException: sleep interrupted
2019-11-05 08:24:12,667 [grpc-default-executor-4] INFO  impl.RaftServerImpl (RaftServerImpl.java:setRole(184)) - b3bb9051-8089-4c51-a999-81579e5913f2@group-0E159EE4F99E: changes role from  FOLLOWER to FOLLOWER at term 192 for recognizeCandidate:a8ae9c07-6d89-4a49-a594-cacd4b776180
2019-11-05 08:24:12,667 [grpc-default-executor-4] INFO  impl.RoleInfo (RoleInfo.java:shutdownFollowerState(121)) - b3bb9051-8089-4c51-a999-81579e5913f2: shutdown FollowerState
2019-11-05 08:24:12,667 [grpc-default-executor-4] INFO  impl.RoleInfo (RoleInfo.java:updateAndGet(143)) - b3bb9051-8089-4c51-a999-81579e5913f2: start FollowerState
2019-11-05 08:24:12,667 [Thread-2811] INFO  impl.FollowerState (FollowerState.java:run(117)) - b3bb9051-8089-4c51-a999-81579e5913f2@group-0E159EE4F99E-FollowerState was interrupted: java.lang.InterruptedException: sleep interrupted
2019-11-05 08:24:12,681 [a8ae9c07-6d89-4a49-a594-cacd4b776180@group-0E159EE4F99E-LeaderElection365] INFO  impl.LeaderElection (LeaderElection.java:logAndReturn(56)) - a8ae9c07-6d89-4a49-a594-cacd4b776180@group-0E159EE4F99E-LeaderElection365: Election REJECTED; received 2 response(s) [a8ae9c07-6d89-4a49-a594-cacd4b776180<-caafcba9-090a-41f5-a5f9-cba5a6a81e94#0:FAIL-t192, a8ae9c07-6d89-4a49-a594-cacd4b776180<-b3bb9051-8089-4c51-a999-81579e5913f2#0:FAIL-t192] and 0 exception(s); a8ae9c07-6d89-4a49-a594-cacd4b776180@group-0E159EE4F99E:t192, leader=null, voted=a8ae9c07-6d89-4a49-a594-cacd4b776180, raftlog=a8ae9c07-6d89-4a49-a594-cacd4b776180@group-0E159EE4F99E-SegmentedRaftLog:OPENED:c-1,f-1,i0, conf=-1: [caafcba9-090a-41f5-a5f9-cba5a6a81e94:192.168.164.217:37197, a8ae9c07-6d89-4a49-a594-cacd4b776180:192.168.164.217:42719, b3bb9051-8089-4c51-a999-81579e5913f2:192.168.164.217:36516], old=null
2019-11-05 08:24:12,681 [a8ae9c07-6d89-4a49-a594-cacd4b776180@group-0E159EE4F99E-LeaderElection365] INFO  impl.RaftServerImpl (RaftServerImpl.java:setRole(184)) - a8ae9c07-6d89-4a49-a594-cacd4b776180@group-0E159EE4F99E: changes role from CANDIDATE to FOLLOWER at term 192 for DISCOVERED_A_NEW_TERM
2019-11-05 08:24:12,681 [a8ae9c07-6d89-4a49-a594-cacd4b776180@group-0E159EE4F99E-LeaderElection365] INFO  impl.RoleInfo (RoleInfo.java:shutdownLeaderElection(134)) - a8ae9c07-6d89-4a49-a594-cacd4b776180: shutdown LeaderElection
2019-11-05 08:24:12,681 [a8ae9c07-6d89-4a49-a594-cacd4b776180@group-0E159EE4F99E-LeaderElection365] INFO  impl.RoleInfo (RoleInfo.java:updateAndGet(143)) - a8ae9c07-6d89-4a49-a594-cacd4b776180: start FollowerState
2019-11-05 08:24:12,794 [Thread-2819] INFO  impl.FollowerState (FollowerState.java:run(108)) - 4a682f4f-c3f2-4b77-88b7-f0ab78890feb@group-0DB8C7688BF9-FollowerState: change to CANDIDATE, lastRpcTime:171ms, electionTimeout:171ms
2019-11-05 08:24:12,795 [Thread-2819] INFO  impl.RoleInfo (RoleInfo.java:shutdownFollowerState(121)) - 4a682f4f-c3f2-4b77-88b7-f0ab78890feb: shutdown FollowerState
2019-11-05 08:24:12,795 [Thread-2819] INFO  impl.RaftServerImpl (RaftServerImpl.java:setRole(184)) - 4a682f4f-c3f2-4b77-88b7-f0ab78890feb@group-0DB8C7688BF9: changes role from  FOLLOWER to CANDIDATE at term 184 for changeToCandidate
2019-11-05 08:24:12,795 [Thread-2819] INFO  impl.RoleInfo (RoleInfo.java:updateAndGet(143)) - 4a682f4f-c3f2-4b77-88b7-f0ab78890feb: start LeaderElection
2019-11-05 08:24:12,808 [4a682f4f-c3f2-4b77-88b7-f0ab78890feb@group-0DB8C7688BF9-LeaderElection366] INFO  impl.LeaderElection (LeaderElection.java:askForVotes(178)) - 4a682f4f-c3f2-4b77-88b7-f0ab78890feb@group-0DB8C7688BF9-LeaderElection366: begin an election at term 185 for -1: [77ab65e6-d942-49df-83a3-1d4c0bf152b3:192.168.164.217:39381, 7e1b84a9-a041-44fd-8008-f2679426984c:192.168.164.217:44149, 4a682f4f-c3f2-4b77-88b7-f0ab78890feb:192.168.164.217:34174], old=null
2019-11-05 08:24:12,810 [grpc-default-executor-4] INFO  impl.RaftServerImpl (RaftServerImpl.java:setRole(184)) - 77ab65e6-d942-49df-83a3-1d4c0bf152b3@group-0DB8C7688BF9: changes role from  FOLLOWER to FOLLOWER at term 185 for recognizeCandidate:4a682f4f-c3f2-4b77-88b7-f0ab78890feb
2019-11-05 08:24:12,810 [grpc-default-executor-4] INFO  impl.RoleInfo (RoleInfo.java:shutdownFollowerState(121)) - 77ab65e6-d942-49df-83a3-1d4c0bf152b3: shutdown FollowerState
2019-11-05 08:24:12,810 [grpc-default-executor-4] INFO  impl.RoleInfo (RoleInfo.java:updateAndGet(143)) - 77ab65e6-d942-49df-83a3-1d4c0bf152b3: start FollowerState
2019-11-05 08:24:12,810 [grpc-default-executor-3] INFO  impl.RaftServerImpl (RaftServerImpl.java:setRole(184)) - 7e1b84a9-a041-44fd-8008-f2679426984c@group-0DB8C7688BF9: changes role from  FOLLOWER to FOLLOWER at term 185 for recognizeCandidate:4a682f4f-c3f2-4b77-88b7-f0ab78890feb
2019-11-05 08:24:12,810 [Thread-2817] INFO  impl.FollowerState (FollowerState.java:run(117)) - 77ab65e6-d942-49df-83a3-1d4c0bf152b3@group-0DB8C7688BF9-FollowerState was interrupted: java.lang.InterruptedException: sleep interrupted
2019-11-05 08:24:12,810 [grpc-default-executor-3] INFO  impl.RoleInfo (RoleInfo.java:shutdownFollowerState(121)) - 7e1b84a9-a041-44fd-8008-f2679426984c: shutdown FollowerState
2019-11-05 08:24:12,811 [grpc-default-executor-3] INFO  impl.RoleInfo (RoleInfo.java:updateAndGet(143)) - 7e1b84a9-a041-44fd-8008-f2679426984c: start FollowerState
2019-11-05 08:24:12,811 [Thread-2818] INFO  impl.FollowerState (FollowerState.java:run(117)) - 7e1b84a9-a041-44fd-8008-f2679426984c@group-0DB8C7688BF9-FollowerState was interrupted: java.lang.InterruptedException: sleep interrupted
2019-11-05 08:24:12,824 [4a682f4f-c3f2-4b77-88b7-f0ab78890feb@group-0DB8C7688BF9-LeaderElection366] INFO  impl.LeaderElection (LeaderElection.java:logAndReturn(56)) - 4a682f4f-c3f2-4b77-88b7-f0ab78890feb@group-0DB8C7688BF9-LeaderElection366: Election REJECTED; received 2 response(s) [4a682f4f-c3f2-4b77-88b7-f0ab78890feb<-77ab65e6-d942-49df-83a3-1d4c0bf152b3#0:FAIL-t185, 4a682f4f-c3f2-4b77-88b7-f0ab78890feb<-7e1b84a9-a041-44fd-8008-f2679426984c#0:FAIL-t185] and 0 exception(s); 4a682f4f-c3f2-4b77-88b7-f0ab78890feb@group-0DB8C7688BF9:t185, leader=null, voted=4a682f4f-c3f2-4b77-88b7-f0ab78890feb, raftlog=4a682f4f-c3f2-4b77-88b7-f0ab78890feb@group-0DB8C7688BF9-SegmentedRaftLog:OPENED:c-1,f-1,i0, conf=-1: [77ab65e6-d942-49df-83a3-1d4c0bf152b3:192.168.164.217:39381, 7e1b84a9-a041-44fd-8008-f2679426984c:192.168.164.217:44149, 4a682f4f-c3f2-4b77-88b7-f0ab78890feb:192.168.164.217:34174], old=null
2019-11-05 08:24:12,824 [4a682f4f-c3f2-4b77-88b7-f0ab78890feb@group-0DB8C7688BF9-LeaderElection366] INFO  impl.RaftServerImpl (RaftServerImpl.java:setRole(184)) - 4a682f4f-c3f2-4b77-88b7-f0ab78890feb@group-0DB8C7688BF9: changes role from CANDIDATE to FOLLOWER at term 185 for DISCOVERED_A_NEW_TERM
2019-11-05 08:24:12,825 [4a682f4f-c3f2-4b77-88b7-f0ab78890feb@group-0DB8C7688BF9-LeaderElection366] INFO  impl.RoleInfo (RoleInfo.java:shutdownLeaderElection(134)) - 4a682f4f-c3f2-4b77-88b7-f0ab78890feb: shutdown LeaderElection
2019-11-05 08:24:12,825 [4a682f4f-c3f2-4b77-88b7-f0ab78890feb@group-0DB8C7688BF9-LeaderElection366] INFO  impl.RoleInfo (RoleInfo.java:updateAndGet(143)) - 4a682f4f-c3f2-4b77-88b7-f0ab78890feb: start FollowerState
2019-11-05 08:24:12,838 [Thread-2825] INFO  impl.FollowerState (FollowerState.java:run(108)) - a8ae9c07-6d89-4a49-a594-cacd4b776180@group-0E159EE4F99E-FollowerState: change to CANDIDATE, lastRpcTime:157ms, electionTimeout:157ms
2019-11-05 08:24:12,838 [Thread-2825] INFO  impl.RoleInfo (RoleInfo.java:shutdownFollowerState(121)) - a8ae9c07-6d89-4a49-a594-cacd4b776180: shutdown FollowerState
2019-11-05 08:24:12,839 [Thread-2825] INFO  impl.RaftServerImpl (RaftServerImpl.java:setRole(184)) - a8ae9c07-6d89-4a49-a594-cacd4b776180@group-0E159EE4F99E: changes role from  FOLLOWER to CANDIDATE at term 192 for changeToCandidate
2019-11-05 08:24:12,839 [Thread-2825] INFO  impl.RoleInfo (RoleInfo.java:updateAndGet(143)) - a8ae9c07-6d89-4a49-a594-cacd4b776180: start LeaderElection
2019-11-05 08:24:12,852 [a8ae9c07-6d89-4a49-a594-cacd4b776180@group-0E159EE4F99E-LeaderElection367] INFO  impl.LeaderElection (LeaderElection.java:askForVotes(178)) - a8ae9c07-6d89-4a49-a594-cacd4b776180@group-0E159EE4F99E-LeaderElection367: begin an election at term 193 for -1: [caafcba9-090a-41f5-a5f9-cba5a6a81e94:192.168.164.217:37197, a8ae9c07-6d89-4a49-a594-cacd4b776180:192.168.164.217:42719, b3bb9051-8089-4c51-a999-81579e5913f2:192.168.164.217:36516], old=null
2019-11-05 08:24:12,854 [grpc-default-executor-3] INFO  impl.RaftServerImpl (RaftServerImpl.java:setRole(184)) - caafcba9-090a-41f5-a5f9-cba5a6a81e94@group-0E159EE4F99E: changes role from  FOLLOWER to FOLLOWER at term 193 for recognizeCandidate:a8ae9c07-6d89-4a49-a594-cacd4b776180
2019-11-05 08:24:12,854 [grpc-default-executor-3] INFO  impl.RoleInfo (RoleInfo.java:shutdownFollowerState(121)) - caafcba9-090a-41f5-a5f9-cba5a6a81e94: shutdown FollowerState
2019-11-05 08:24:12,855 [grpc-default-executor-3] INFO  impl.RoleInfo (RoleInfo.java:updateAndGet(143)) - caafcba9-090a-41f5-a5f9-cba5a6a81e94: start FollowerState
2019-11-05 08:24:12,855 [Thread-2823] INFO  impl.FollowerState (FollowerState.java:run(117)) - caafcba9-090a-41f5-a5f9-cba5a6a81e94@group-0E159EE4F99E-FollowerState was interrupted: java.lang.InterruptedException: sleep interrupted
2019-11-05 08:24:12,855 [grpc-default-executor-4] INFO  impl.RaftServerImpl (RaftServerImpl.java:setRole(184)) - b3bb9051-8089-4c51-a999-81579e5913f2@group-0E159EE4F99E: changes role from  FOLLOWER to FOLLOWER at term 193 for recognizeCandidate:a8ae9c07-6d89-4a49-a594-cacd4b776180
2019-11-05 08:24:12,855 [grpc-default-executor-4] INFO  impl.RoleInfo (RoleInfo.java:shutdownFollowerState(121)) - b3bb9051-8089-4c51-a999-81579e5913f2: shutdown FollowerState
2019-11-05 08:24:12,855 [grpc-default-executor-4] INFO  impl.RoleInfo (RoleInfo.java:updateAndGet(143)) - b3bb9051-8089-4c51-a999-81579e5913f2: start FollowerState
2019-11-05 08:24:12,855 [Thread-2824] INFO  impl.FollowerState (FollowerState.java:run(117)) - b3bb9051-8089-4c51-a999-81579e5913f2@group-0E159EE4F99E-FollowerState was interrupted: java.lang.InterruptedException: sleep interrupted
2019-11-05 08:24:12,869 [a8ae9c07-6d89-4a49-a594-cacd4b776180@group-0E159EE4F99E-LeaderElection367] INFO  impl.LeaderElection (LeaderElection.java:logAndReturn(56)) - a8ae9c07-6d89-4a49-a594-cacd4b776180@group-0E159EE4F99E-LeaderElection367: Election REJECTED; received 2 response(s) [a8ae9c07-6d89-4a49-a594-cacd4b776180<-caafcba9-090a-41f5-a5f9-cba5a6a81e94#0:FAIL-t193, a8ae9c07-6d89-4a49-a594-cacd4b776180<-b3bb9051-8089-4c51-a999-81579e5913f2#0:FAIL-t193] and 0 exception(s); a8ae9c07-6d89-4a49-a594-cacd4b776180@group-0E159EE4F99E:t193, leader=null, voted=a8ae9c07-6d89-4a49-a594-cacd4b776180, raftlog=a8ae9c07-6d89-4a49-a594-cacd4b776180@group-0E159EE4F99E-SegmentedRaftLog:OPENED:c-1,f-1,i0, conf=-1: [caafcba9-090a-41f5-a5f9-cba5a6a81e94:192.168.164.217:37197, a8ae9c07-6d89-4a49-a594-cacd4b776180:192.168.164.217:42719, b3bb9051-8089-4c51-a999-81579e5913f2:192.168.164.217:36516], old=null
2019-11-05 08:24:12,869 [a8ae9c07-6d89-4a49-a594-cacd4b776180@group-0E159EE4F99E-LeaderElection367] INFO  impl.RaftServerImpl (RaftServerImpl.java:setRole(184)) - a8ae9c07-6d89-4a49-a594-cacd4b776180@group-0E159EE4F99E: changes role from CANDIDATE to FOLLOWER at term 193 for DISCOVERED_A_NEW_TERM
2019-11-05 08:24:12,869 [a8ae9c07-6d89-4a49-a594-cacd4b776180@group-0E159EE4F99E-LeaderElection367] INFO  impl.RoleInfo (RoleInfo.java:shutdownLeaderElection(134)) - a8ae9c07-6d89-4a49-a594-cacd4b776180: shutdown LeaderElection
2019-11-05 08:24:12,869 [a8ae9c07-6d89-4a49-a594-cacd4b776180@group-0E159EE4F99E-LeaderElection367] INFO  impl.RoleInfo (RoleInfo.java:updateAndGet(143)) - a8ae9c07-6d89-4a49-a594-cacd4b776180: start FollowerState
2019-11-05 08:24:13,004 [Thread-2833] INFO  impl.FollowerState (FollowerState.java:run(108)) - 4a682f4f-c3f2-4b77-88b7-f0ab78890feb@group-0DB8C7688BF9-FollowerState: change to CANDIDATE, lastRpcTime:179ms, electionTimeout:179ms
2019-11-05 08:24:13,004 [Thread-2833] INFO  impl.RoleInfo (RoleInfo.java:shutdownFollowerState(121)) - 4a682f4f-c3f2-4b77-88b7-f0ab78890feb: shutdown FollowerState
2019-11-05 08:24:13,005 [Thread-2833] INFO  impl.RaftServerImpl (RaftServerImpl.java:setRole(184)) - 4a682f4f-c3f2-4b77-88b7-f0ab78890feb@group-0DB8C7688BF9: changes role from  FOLLOWER to CANDIDATE at term 185 for changeToCandidate
2019-11-05 08:24:13,005 [Thread-2833] INFO  impl.RoleInfo (RoleInfo.java:updateAndGet(143)) - 4a682f4f-c3f2-4b77-88b7-f0ab78890feb: start LeaderElection
2019-11-05 08:24:13,018 [4a682f4f-c3f2-4b77-88b7-f0ab78890feb@group-0DB8C7688BF9-LeaderElection368] INFO  impl.LeaderElection (LeaderElection.java:askForVotes(178)) - 4a682f4f-c3f2-4b77-88b7-f0ab78890feb@group-0DB8C7688BF9-LeaderElection368: begin an election at term 186 for -1: [77ab65e6-d942-49df-83a3-1d4c0bf152b3:192.168.164.217:39381, 7e1b84a9-a041-44fd-8008-f2679426984c:192.168.164.217:44149, 4a682f4f-c3f2-4b77-88b7-f0ab78890feb:192.168.164.217:34174], old=null
2019-11-05 08:24:13,020 [grpc-default-executor-3] INFO  impl.RaftServerImpl (RaftServerImpl.java:setRole(184)) - 77ab65e6-d942-49df-83a3-1d4c0bf152b3@group-0DB8C7688BF9: changes role from  FOLLOWER to FOLLOWER at term 186 for recognizeCandidate:4a682f4f-c3f2-4b77-88b7-f0ab78890feb
2019-11-05 08:24:13,020 [grpc-default-executor-3] INFO  impl.RoleInfo (RoleInfo.java:shutdownFollowerState(121)) - 77ab65e6-d942-49df-83a3-1d4c0bf152b3: shutdown FollowerState
2019-11-05 08:24:13,020 [grpc-default-executor-4] INFO  impl.RaftServerImpl (RaftServerImpl.java:setRole(184)) - 7e1b84a9-a041-44fd-8008-f2679426984c@group-0DB8C7688BF9: changes role from  FOLLOWER to FOLLOWER at term 186 for recognizeCandidate:4a682f4f-c3f2-4b77-88b7-f0ab78890feb
2019-11-05 08:24:13,020 [Thread-2831] INFO  impl.FollowerState (FollowerState.java:run(117)) - 77ab65e6-d942-49df-83a3-1d4c0bf152b3@group-0DB8C7688BF9-FollowerState was interrupted: java.lang.InterruptedException: sleep interrupted
2019-11-05 08:24:13,020 [grpc-default-executor-3] INFO  impl.RoleInfo (RoleInfo.java:updateAndGet(143)) - 77ab65e6-d942-49df-83a3-1d4c0bf152b3: start FollowerState
2019-11-05 08:24:13,021 [grpc-default-executor-4] INFO  impl.RoleInfo (RoleInfo.java:shutdownFollowerState(121)) - 7e1b84a9-a041-44fd-8008-f2679426984c: shutdown FollowerState
2019-11-05 08:24:13,021 [grpc-default-executor-4] INFO  impl.RoleInfo (RoleInfo.java:updateAndGet(143)) - 7e1b84a9-a041-44fd-8008-f2679426984c: start FollowerState
2019-11-05 08:24:13,021 [Thread-2832] INFO  impl.FollowerState (FollowerState.java:run(117)) - 7e1b84a9-a041-44fd-8008-f2679426984c@group-0DB8C7688BF9-FollowerState was interrupted: java.lang.InterruptedException: sleep interrupted
2019-11-05 08:24:13,038 [Thread-2839] INFO  impl.FollowerState (FollowerState.java:run(108)) - a8ae9c07-6d89-4a49-a594-cacd4b776180@group-0E159EE4F99E-FollowerState: change to CANDIDATE, lastRpcTime:168ms, electionTimeout:168ms
2019-11-05 08:24:13,038 [Thread-2839] INFO  impl.RoleInfo (RoleInfo.java:shutdownFollowerState(121)) - a8ae9c07-6d89-4a49-a594-cacd4b776180: shutdown FollowerState
2019-11-05 08:24:13,038 [Thread-2839] INFO  impl.RaftServerImpl (RaftServerImpl.java:setRole(184)) - a8ae9c07-6d89-4a49-a594-cacd4b776180@group-0E159EE4F99E: changes role from  FOLLOWER to CANDIDATE at term 193 for changeToCandidate
2019-11-05 08:24:13,038 [Thread-2839] INFO  impl.RoleInfo (RoleInfo.java:updateAndGet(143)) - a8ae9c07-6d89-4a49-a594-cacd4b776180: start LeaderElection
2019-11-05 08:24:13,057 [a8ae9c07-6d89-4a49-a594-cacd4b776180@group-0E159EE4F99E-LeaderElection369] INFO  impl.LeaderElection (LeaderElection.java:askForVotes(178)) - a8ae9c07-6d89-4a49-a594-cacd4b776180@group-0E159EE4F99E-LeaderElection369: begin an election at term 194 for -1: [caafcba9-090a-41f5-a5f9-cba5a6a81e94:192.168.164.217:37197, a8ae9c07-6d89-4a49-a594-cacd4b776180:192.168.164.217:42719, b3bb9051-8089-4c51-a999-81579e5913f2:192.168.164.217:36516], old=null
2019-11-05 08:24:13,058 [4a682f4f-c3f2-4b77-88b7-f0ab78890feb@group-0DB8C7688BF9-LeaderElection368] INFO  impl.LeaderElection (LeaderElection.java:logAndReturn(56)) - 4a682f4f-c3f2-4b77-88b7-f0ab78890feb@group-0DB8C7688BF9-LeaderElection368: Election REJECTED; received 2 response(s) [4a682f4f-c3f2-4b77-88b7-f0ab78890feb<-77ab65e6-d942-49df-83a3-1d4c0bf152b3#0:FAIL-t186, 4a682f4f-c3f2-4b77-88b7-f0ab78890feb<-7e1b84a9-a041-44fd-8008-f2679426984c#0:FAIL-t186] and 0 exception(s); 4a682f4f-c3f2-4b77-88b7-f0ab78890feb@group-0DB8C7688BF9:t186, leader=null, voted=4a682f4f-c3f2-4b77-88b7-f0ab78890feb, raftlog=4a682f4f-c3f2-4b77-88b7-f0ab78890feb@group-0DB8C7688BF9-SegmentedRaftLog:OPENED:c-1,f-1,i0, conf=-1: [77ab65e6-d942-49df-83a3-1d4c0bf152b3:192.168.164.217:39381, 7e1b84a9-a041-44fd-8008-f2679426984c:192.168.164.217:44149, 4a682f4f-c3f2-4b77-88b7-f0ab78890feb:192.168.164.217:34174], old=null
2019-11-05 08:24:13,058 [4a682f4f-c3f2-4b77-88b7-f0ab78890feb@group-0DB8C7688BF9-LeaderElection368] INFO  impl.RaftServerImpl (RaftServerImpl.java:setRole(184)) - 4a682f4f-c3f2-4b77-88b7-f0ab78890feb@group-0DB8C7688BF9: changes role from CANDIDATE to FOLLOWER at term 186 for DISCOVERED_A_NEW_TERM
2019-11-05 08:24:13,058 [4a682f4f-c3f2-4b77-88b7-f0ab78890feb@group-0DB8C7688BF9-LeaderElection368] INFO  impl.RoleInfo (RoleInfo.java:shutdownLeaderElection(134)) - 4a682f4f-c3f2-4b77-88b7-f0ab78890feb: shutdown LeaderElection
2019-11-05 08:24:13,058 [4a682f4f-c3f2-4b77-88b7-f0ab78890feb@group-0DB8C7688BF9-LeaderElection368] INFO  impl.RoleInfo (RoleInfo.java:updateAndGet(143)) - 4a682f4f-c3f2-4b77-88b7-f0ab78890feb: start FollowerState
2019-11-05 08:24:13,059 [grpc-default-executor-3] INFO  impl.RaftServerImpl (RaftServerImpl.java:setRole(184)) - caafcba9-090a-41f5-a5f9-cba5a6a81e94@group-0E159EE4F99E: changes role from  FOLLOWER to FOLLOWER at term 194 for recognizeCandidate:a8ae9c07-6d89-4a49-a594-cacd4b776180
2019-11-05 08:24:13,059 [grpc-default-executor-3] INFO  impl.RoleInfo (RoleInfo.java:shutdownFollowerState(121)) - caafcba9-090a-41f5-a5f9-cba5a6a81e94: shutdown FollowerState
2019-11-05 08:24:13,059 [grpc-default-executor-4] INFO  impl.RaftServerImpl (RaftServerImpl.java:setRole(184)) - b3bb9051-8089-4c51-a999-81579e5913f2@group-0E159EE4F99E: changes role from  FOLLOWER to FOLLOWER at term 194 for recognizeCandidate:a8ae9c07-6d89-4a49-a594-cacd4b776180
2019-11-05 08:24:13,059 [grpc-default-executor-4] INFO  impl.RoleInfo (RoleInfo.java:shutdownFollowerState(121)) - b3bb9051-8089-4c51-a999-81579e5913f2: shutdown FollowerState
2019-11-05 08:24:13,059 [Thread-2837] INFO  impl.FollowerState (FollowerState.java:run(117)) - caafcba9-090a-41f5-a5f9-cba5a6a81e94@group-0E159EE4F99E-FollowerState was interrupted: java.lang.InterruptedException: sleep interrupted
2019-11-05 08:24:13,059 [grpc-default-executor-3] INFO  impl.RoleInfo (RoleInfo.java:updateAndGet(143)) - caafcba9-090a-41f5-a5f9-cba5a6a81e94: start FollowerState
2019-11-05 08:24:13,059 [Thread-2838] INFO  impl.FollowerState (FollowerState.java:run(117)) - b3bb9051-8089-4c51-a999-81579e5913f2@group-0E159EE4F99E-FollowerState was interrupted: java.lang.InterruptedException: sleep interrupted
2019-11-05 08:24:13,059 [grpc-default-executor-4] INFO  impl.RoleInfo (RoleInfo.java:updateAndGet(143)) - b3bb9051-8089-4c51-a999-81579e5913f2: start FollowerState
2019-11-05 08:24:13,071 [a8ae9c07-6d89-4a49-a594-cacd4b776180@group-0E159EE4F99E-LeaderElection369] INFO  impl.LeaderElection (LeaderElection.java:logAndReturn(56)) - a8ae9c07-6d89-4a49-a594-cacd4b776180@group-0E159EE4F99E-LeaderElection369: Election REJECTED; received 2 response(s) [a8ae9c07-6d89-4a49-a594-cacd4b776180<-caafcba9-090a-41f5-a5f9-cba5a6a81e94#0:FAIL-t194, a8ae9c07-6d89-4a49-a594-cacd4b776180<-b3bb9051-8089-4c51-a999-81579e5913f2#0:FAIL-t194] and 0 exception(s); a8ae9c07-6d89-4a49-a594-cacd4b776180@group-0E159EE4F99E:t194, leader=null, voted=a8ae9c07-6d89-4a49-a594-cacd4b776180, raftlog=a8ae9c07-6d89-4a49-a594-cacd4b776180@group-0E159EE4F99E-SegmentedRaftLog:OPENED:c-1,f-1,i0, conf=-1: [caafcba9-090a-41f5-a5f9-cba5a6a81e94:192.168.164.217:37197, a8ae9c07-6d89-4a49-a594-cacd4b776180:192.168.164.217:42719, b3bb9051-8089-4c51-a999-81579e5913f2:192.168.164.217:36516], old=null
2019-11-05 08:24:13,071 [a8ae9c07-6d89-4a49-a594-cacd4b776180@group-0E159EE4F99E-LeaderElection369] INFO  impl.RaftServerImpl (RaftServerImpl.java:setRole(184)) - a8ae9c07-6d89-4a49-a594-cacd4b776180@group-0E159EE4F99E: changes role from CANDIDATE to FOLLOWER at term 194 for DISCOVERED_A_NEW_TERM
2019-11-05 08:24:13,071 [a8ae9c07-6d89-4a49-a594-cacd4b776180@group-0E159EE4F99E-LeaderElection369] INFO  impl.RoleInfo (RoleInfo.java:shutdownLeaderElection(134)) - a8ae9c07-6d89-4a49-a594-cacd4b776180: shutdown LeaderElection
2019-11-05 08:24:13,071 [a8ae9c07-6d89-4a49-a594-cacd4b776180@group-0E159EE4F99E-LeaderElection369] INFO  impl.RoleInfo (RoleInfo.java:updateAndGet(143)) - a8ae9c07-6d89-4a49-a594-cacd4b776180: start FollowerState
2019-11-05 08:24:13,154 [Thread-2851] INFO  impl.FollowerState (FollowerState.java:run(108)) - a8ae9c07-6d89-4a49-a594-cacd4b776180@group-0E159EE4F99E-FollowerState: change to CANDIDATE, lastRpcTime:82ms, electionTimeout:82ms
2019-11-05 08:24:13,154 [Thread-2851] INFO  impl.RoleInfo (RoleInfo.java:shutdownFollowerState(121)) - a8ae9c07-6d89-4a49-a594-cacd4b776180: shutdown FollowerState
2019-11-05 08:24:13,154 [Thread-2851] INFO  impl.RaftServerImpl (RaftServerImpl.java:setRole(184)) - a8ae9c07-6d89-4a49-a594-cacd4b776180@group-0E159EE4F99E: changes role from  FOLLOWER to CANDIDATE at term 194 for changeToCandidate
2019-11-05 08:24:13,154 [Thread-2851] INFO  impl.RoleInfo (RoleInfo.java:updateAndGet(143)) - a8ae9c07-6d89-4a49-a594-cacd4b776180: start LeaderElection
2019-11-05 08:24:13,156 [Thread-2848] INFO  impl.FollowerState (FollowerState.java:run(108)) - 4a682f4f-c3f2-4b77-88b7-f0ab78890feb@group-0DB8C7688BF9-FollowerState: change to CANDIDATE, lastRpcTime:97ms, electionTimeout:97ms
2019-11-05 08:24:13,156 [Thread-2848] INFO  impl.RoleInfo (RoleInfo.java:shutdownFollowerState(121)) - 4a682f4f-c3f2-4b77-88b7-f0ab78890feb: shutdown FollowerState
2019-11-05 08:24:13,156 [Thread-2848] INFO  impl.RaftServerImpl (RaftServerImpl.java:setRole(184)) - 4a682f4f-c3f2-4b77-88b7-f0ab78890feb@group-0DB8C7688BF9: changes role from  FOLLOWER to CANDIDATE at term 186 for changeToCandidate
2019-11-05 08:24:13,156 [Thread-2848] INFO  impl.RoleInfo (RoleInfo.java:updateAndGet(143)) - 4a682f4f-c3f2-4b77-88b7-f0ab78890feb: start LeaderElection
2019-11-05 08:24:13,168 [a8ae9c07-6d89-4a49-a594-cacd4b776180@group-0E159EE4F99E-LeaderElection370] INFO  impl.LeaderElection (LeaderElection.java:askForVotes(178)) - a8ae9c07-6d89-4a49-a594-cacd4b776180@group-0E159EE4F99E-LeaderElection370: begin an election at term 195 for -1: [caafcba9-090a-41f5-a5f9-cba5a6a81e94:192.168.164.217:37197, a8ae9c07-6d89-4a49-a594-cacd4b776180:192.168.164.217:42719, b3bb9051-8089-4c51-a999-81579e5913f2:192.168.164.217:36516], old=null
2019-11-05 08:24:13,168 [4a682f4f-c3f2-4b77-88b7-f0ab78890feb@group-0DB8C7688BF9-LeaderElection371] INFO  impl.LeaderElection (LeaderElection.java:askForVotes(178)) - 4a682f4f-c3f2-4b77-88b7-f0ab78890feb@group-0DB8C7688BF9-LeaderElection371: begin an election at term 187 for -1: [77ab65e6-d942-49df-83a3-1d4c0bf152b3:192.168.164.217:39381, 7e1b84a9-a041-44fd-8008-f2679426984c:192.168.164.217:44149, 4a682f4f-c3f2-4b77-88b7-f0ab78890feb:192.168.164.217:34174], old=null
2019-11-05 08:24:13,170 [grpc-default-executor-3] INFO  impl.RaftServerImpl (RaftServerImpl.java:setRole(184)) - caafcba9-090a-41f5-a5f9-cba5a6a81e94@group-0E159EE4F99E: changes role from  FOLLOWER to FOLLOWER at term 195 for recognizeCandidate:a8ae9c07-6d89-4a49-a594-cacd4b776180
2019-11-05 08:24:13,170 [grpc-default-executor-3] INFO  impl.RoleInfo (RoleInfo.java:shutdownFollowerState(121)) - caafcba9-090a-41f5-a5f9-cba5a6a81e94: shutdown FollowerState
2019-11-05 08:24:13,170 [grpc-default-executor-0] INFO  impl.RaftServerImpl (RaftServerImpl.java:setRole(184)) - 7e1b84a9-a041-44fd-8008-f2679426984c@group-0DB8C7688BF9: changes role from  FOLLOWER to FOLLOWER at term 187 for recognizeCandidate:4a682f4f-c3f2-4b77-88b7-f0ab78890feb
2019-11-05 08:24:13,171 [grpc-default-executor-0] INFO  impl.RoleInfo (RoleInfo.java:shutdownFollowerState(121)) - 7e1b84a9-a041-44fd-8008-f2679426984c: shutdown FollowerState
2019-11-05 08:24:13,170 [Thread-2849] INFO  impl.FollowerState (FollowerState.java:run(117)) - caafcba9-090a-41f5-a5f9-cba5a6a81e94@group-0E159EE4F99E-FollowerState was interrupted: java.lang.InterruptedException: sleep interrupted
2019-11-05 08:24:13,170 [grpc-default-executor-4] INFO  impl.RaftServerImpl (RaftServerImpl.java:setRole(184)) - b3bb9051-8089-4c51-a999-81579e5913f2@group-0E159EE4F99E: changes role from  FOLLOWER to FOLLOWER at term 195 for recognizeCandidate:a8ae9c07-6d89-4a49-a594-cacd4b776180
2019-11-05 08:24:13,171 [grpc-default-executor-4] INFO  impl.RoleInfo (RoleInfo.java:shutdownFollowerState(121)) - b3bb9051-8089-4c51-a999-81579e5913f2: shutdown FollowerState
2019-11-05 08:24:13,170 [grpc-default-executor-3] INFO  impl.RoleInfo (RoleInfo.java:updateAndGet(143)) - caafcba9-090a-41f5-a5f9-cba5a6a81e94: start FollowerState
2019-11-05 08:24:13,171 [grpc-default-executor-4] INFO  impl.RoleInfo (RoleInfo.java:updateAndGet(143)) - b3bb9051-8089-4c51-a999-81579e5913f2: start FollowerState
2019-11-05 08:24:13,171 [Thread-2850] INFO  impl.FollowerState (FollowerState.java:run(117)) - b3bb9051-8089-4c51-a999-81579e5913f2@group-0E159EE4F99E-FollowerState was interrupted: java.lang.InterruptedException: sleep interrupted
2019-11-05 08:24:13,171 [Thread-2844] INFO  impl.FollowerState (FollowerState.java:run(117)) - 7e1b84a9-a041-44fd-8008-f2679426984c@group-0DB8C7688BF9-FollowerState was interrupted: java.lang.InterruptedException: sleep interrupted
2019-11-05 08:24:13,171 [grpc-default-executor-0] INFO  impl.RoleInfo (RoleInfo.java:updateAndGet(143)) - 7e1b84a9-a041-44fd-8008-f2679426984c: start FollowerState
2019-11-05 08:24:13,171 [grpc-default-executor-1] INFO  impl.RaftServerImpl (RaftServerImpl.java:setRole(184)) - 77ab65e6-d942-49df-83a3-1d4c0bf152b3@group-0DB8C7688BF9: changes role from  FOLLOWER to FOLLOWER at term 187 for recognizeCandidate:4a682f4f-c3f2-4b77-88b7-f0ab78890feb
2019-11-05 08:24:13,172 [grpc-default-executor-1] INFO  impl.RoleInfo (RoleInfo.java:shutdownFollowerState(121)) - 77ab65e6-d942-49df-83a3-1d4c0bf152b3: shutdown FollowerState
2019-11-05 08:24:13,172 [grpc-default-executor-1] INFO  impl.RoleInfo (RoleInfo.java:updateAndGet(143)) - 77ab65e6-d942-49df-83a3-1d4c0bf152b3: start FollowerState
2019-11-05 08:24:13,172 [Thread-2843] INFO  impl.FollowerState (FollowerState.java:run(117)) - 77ab65e6-d942-49df-83a3-1d4c0bf152b3@group-0DB8C7688BF9-FollowerState was interrupted: java.lang.InterruptedException: sleep interrupted
2019-11-05 08:24:13,180 [a8ae9c07-6d89-4a49-a594-cacd4b776180@group-0E159EE4F99E-LeaderElection370] INFO  impl.LeaderElection (LeaderElection.java:logAndReturn(56)) - a8ae9c07-6d89-4a49-a594-cacd4b776180@group-0E159EE4F99E-LeaderElection370: Election TIMEOUT; received 0 response(s) [] and 0 exception(s); a8ae9c07-6d89-4a49-a594-cacd4b776180@group-0E159EE4F99E:t195, leader=null, voted=a8ae9c07-6d89-4a49-a594-cacd4b776180, raftlog=a8ae9c07-6d89-4a49-a594-cacd4b776180@group-0E159EE4F99E-SegmentedRaftLog:OPENED:c-1,f-1,i0, conf=-1: [caafcba9-090a-41f5-a5f9-cba5a6a81e94:192.168.164.217:37197, a8ae9c07-6d89-4a49-a594-cacd4b776180:192.168.164.217:42719, b3bb9051-8089-4c51-a999-81579e5913f2:192.168.164.217:36516], old=null
2019-11-05 08:24:13,186 [a8ae9c07-6d89-4a49-a594-cacd4b776180@group-0E159EE4F99E-LeaderElection370] INFO  impl.LeaderElection (LeaderElection.java:askForVotes(178)) - a8ae9c07-6d89-4a49-a594-cacd4b776180@group-0E159EE4F99E-LeaderElection370: begin an election at term 196 for -1: [caafcba9-090a-41f5-a5f9-cba5a6a81e94:192.168.164.217:37197, a8ae9c07-6d89-4a49-a594-cacd4b776180:192.168.164.217:42719, b3bb9051-8089-4c51-a999-81579e5913f2:192.168.164.217:36516], old=null
2019-11-05 08:24:13,187 [4a682f4f-c3f2-4b77-88b7-f0ab78890feb@group-0DB8C7688BF9-LeaderElection371] INFO  impl.LeaderElection (LeaderElection.java:logAndReturn(56)) - 4a682f4f-c3f2-4b77-88b7-f0ab78890feb@group-0DB8C7688BF9-LeaderElection371: Election REJECTED; received 2 response(s) [4a682f4f-c3f2-4b77-88b7-f0ab78890feb<-77ab65e6-d942-49df-83a3-1d4c0bf152b3#0:FAIL-t187, 4a682f4f-c3f2-4b77-88b7-f0ab78890feb<-7e1b84a9-a041-44fd-8008-f2679426984c#0:FAIL-t187] and 0 exception(s); 4a682f4f-c3f2-4b77-88b7-f0ab78890feb@group-0DB8C7688BF9:t187, leader=null, voted=4a682f4f-c3f2-4b77-88b7-f0ab78890feb, raftlog=4a682f4f-c3f2-4b77-88b7-f0ab78890feb@group-0DB8C7688BF9-SegmentedRaftLog:OPENED:c-1,f-1,i0, conf=-1: [77ab65e6-d942-49df-83a3-1d4c0bf152b3:192.168.164.217:39381, 7e1b84a9-a041-44fd-8008-f2679426984c:192.168.164.217:44149, 4a682f4f-c3f2-4b77-88b7-f0ab78890feb:192.168.164.217:34174], old=null
2019-11-05 08:24:13,187 [4a682f4f-c3f2-4b77-88b7-f0ab78890feb@group-0DB8C7688BF9-LeaderElection371] INFO  impl.RaftServerImpl (RaftServerImpl.java:setRole(184)) - 4a682f4f-c3f2-4b77-88b7-f0ab78890feb@group-0DB8C7688BF9: changes role from CANDIDATE to FOLLOWER at term 187 for DISCOVERED_A_NEW_TERM
2019-11-05 08:24:13,187 [grpc-default-executor-0] INFO  impl.RaftServerImpl (RaftServerImpl.java:setRole(184)) - caafcba9-090a-41f5-a5f9-cba5a6a81e94@group-0E159EE4F99E: changes role from  FOLLOWER to FOLLOWER at term 196 for recognizeCandidate:a8ae9c07-6d89-4a49-a594-cacd4b776180
2019-11-05 08:24:13,187 [grpc-default-executor-0] INFO  impl.RoleInfo (RoleInfo.java:shutdownFollowerState(121)) - caafcba9-090a-41f5-a5f9-cba5a6a81e94: shutdown FollowerState
2019-11-05 08:24:13,187 [4a682f4f-c3f2-4b77-88b7-f0ab78890feb@group-0DB8C7688BF9-LeaderElection371] INFO  impl.RoleInfo (RoleInfo.java:shutdownLeaderElection(134)) - 4a682f4f-c3f2-4b77-88b7-f0ab78890feb: shutdown LeaderElection
2019-11-05 08:24:13,188 [Thread-2858] INFO  impl.FollowerState (FollowerState.java:run(117)) - caafcba9-090a-41f5-a5f9-cba5a6a81e94@group-0E159EE4F99E-FollowerState was interrupted: java.lang.InterruptedException: sleep interrupted
2019-11-05 08:24:13,188 [grpc-default-executor-0] INFO  impl.RoleInfo (RoleInfo.java:updateAndGet(143)) - caafcba9-090a-41f5-a5f9-cba5a6a81e94: start FollowerState
2019-11-05 08:24:13,188 [grpc-default-executor-4] INFO  impl.RaftServerImpl (RaftServerImpl.java:setRole(184)) - b3bb9051-8089-4c51-a999-81579e5913f2@group-0E159EE4F99E: changes role from  FOLLOWER to FOLLOWER at term 196 for recognizeCandidate:a8ae9c07-6d89-4a49-a594-cacd4b776180
2019-11-05 08:24:13,188 [grpc-default-executor-4] INFO  impl.RoleInfo (RoleInfo.java:shutdownFollowerState(121)) - b3bb9051-8089-4c51-a999-81579e5913f2: shutdown FollowerState
2019-11-05 08:24:13,188 [4a682f4f-c3f2-4b77-88b7-f0ab78890feb@group-0DB8C7688BF9-LeaderElection371] INFO  impl.RoleInfo (RoleInfo.java:updateAndGet(143)) - 4a682f4f-c3f2-4b77-88b7-f0ab78890feb: start FollowerState
2019-11-05 08:24:13,188 [grpc-default-executor-4] INFO  impl.RoleInfo (RoleInfo.java:updateAndGet(143)) - b3bb9051-8089-4c51-a999-81579e5913f2: start FollowerState
2019-11-05 08:24:13,188 [Thread-2860] INFO  impl.FollowerState (FollowerState.java:run(117)) - b3bb9051-8089-4c51-a999-81579e5913f2@group-0E159EE4F99E-FollowerState was interrupted: java.lang.InterruptedException: sleep interrupted
2019-11-05 08:24:13,202 [a8ae9c07-6d89-4a49-a594-cacd4b776180@group-0E159EE4F99E-LeaderElection370] INFO  impl.LeaderElection (LeaderElection.java:logAndReturn(56)) - a8ae9c07-6d89-4a49-a594-cacd4b776180@group-0E159EE4F99E-LeaderElection370: Election REJECTED; received 2 response(s) [a8ae9c07-6d89-4a49-a594-cacd4b776180<-caafcba9-090a-41f5-a5f9-cba5a6a81e94#0:FAIL-t196, a8ae9c07-6d89-4a49-a594-cacd4b776180<-b3bb9051-8089-4c51-a999-81579e5913f2#0:FAIL-t196] and 0 exception(s); a8ae9c07-6d89-4a49-a594-cacd4b776180@group-0E159EE4F99E:t196, leader=null, voted=a8ae9c07-6d89-4a49-a594-cacd4b776180, raftlog=a8ae9c07-6d89-4a49-a594-cacd4b776180@group-0E159EE4F99E-SegmentedRaftLog:OPENED:c-1,f-1,i0, conf=-1: [caafcba9-090a-41f5-a5f9-cba5a6a81e94:192.168.164.217:37197, a8ae9c07-6d89-4a49-a594-cacd4b776180:192.168.164.217:42719, b3bb9051-8089-4c51-a999-81579e5913f2:192.168.164.217:36516], old=null
2019-11-05 08:24:13,202 [a8ae9c07-6d89-4a49-a594-cacd4b776180@group-0E159EE4F99E-LeaderElection370] INFO  impl.RaftServerImpl (RaftServerImpl.java:setRole(184)) - a8ae9c07-6d89-4a49-a594-cacd4b776180@group-0E159EE4F99E: changes role from CANDIDATE to FOLLOWER at term 196 for DISCOVERED_A_NEW_TERM
2019-11-05 08:24:13,202 [a8ae9c07-6d89-4a49-a594-cacd4b776180@group-0E159EE4F99E-LeaderElection370] INFO  impl.RoleInfo (RoleInfo.java:shutdownLeaderElection(134)) - a8ae9c07-6d89-4a49-a594-cacd4b776180: shutdown LeaderElection
2019-11-05 08:24:13,202 [a8ae9c07-6d89-4a49-a594-cacd4b776180@group-0E159EE4F99E-LeaderElection370] INFO  impl.RoleInfo (RoleInfo.java:updateAndGet(143)) - a8ae9c07-6d89-4a49-a594-cacd4b776180: start FollowerState
2019-11-05 08:24:13,251 [Thread-2867] INFO  impl.FollowerState (FollowerState.java:run(108)) - a8ae9c07-6d89-4a49-a594-cacd4b776180@group-0E159EE4F99E-FollowerState: change to CANDIDATE, lastRpcTime:48ms, electionTimeout:48ms
2019-11-05 08:24:13,251 [Thread-2867] INFO  impl.RoleInfo (RoleInfo.java:shutdownFollowerState(121)) - a8ae9c07-6d89-4a49-a594-cacd4b776180: shutdown FollowerState
2019-11-05 08:24:13,251 [Thread-2867] INFO  impl.RaftServerImpl (RaftServerImpl.java:setRole(184)) - a8ae9c07-6d89-4a49-a594-cacd4b776180@group-0E159EE4F99E: changes role from  FOLLOWER to CANDIDATE at term 196 for changeToCandidate
2019-11-05 08:24:13,251 [Thread-2867] INFO  impl.RoleInfo (RoleInfo.java:updateAndGet(143)) - a8ae9c07-6d89-4a49-a594-cacd4b776180: start LeaderElection
2019-11-05 08:24:13,265 [a8ae9c07-6d89-4a49-a594-cacd4b776180@group-0E159EE4F99E-LeaderElection372] INFO  impl.LeaderElection (LeaderElection.java:askForVotes(178)) - a8ae9c07-6d89-4a49-a594-cacd4b776180@group-0E159EE4F99E-LeaderElection372: begin an election at term 197 for -1: [caafcba9-090a-41f5-a5f9-cba5a6a81e94:192.168.164.217:37197, a8ae9c07-6d89-4a49-a594-cacd4b776180:192.168.164.217:42719, b3bb9051-8089-4c51-a999-81579e5913f2:192.168.164.217:36516], old=null
2019-11-05 08:24:13,266 [grpc-default-executor-0] INFO  impl.RaftServerImpl (RaftServerImpl.java:setRole(184)) - caafcba9-090a-41f5-a5f9-cba5a6a81e94@group-0E159EE4F99E: changes role from  FOLLOWER to FOLLOWER at term 197 for recognizeCandidate:a8ae9c07-6d89-4a49-a594-cacd4b776180
2019-11-05 08:24:13,266 [grpc-default-executor-0] INFO  impl.RoleInfo (RoleInfo.java:shutdownFollowerState(121)) - caafcba9-090a-41f5-a5f9-cba5a6a81e94: shutdown FollowerState
2019-11-05 08:24:13,267 [grpc-default-executor-0] INFO  impl.RoleInfo (RoleInfo.java:updateAndGet(143)) - caafcba9-090a-41f5-a5f9-cba5a6a81e94: start FollowerState
2019-11-05 08:24:13,267 [Thread-2864] INFO  impl.FollowerState (FollowerState.java:run(117)) - caafcba9-090a-41f5-a5f9-cba5a6a81e94@group-0E159EE4F99E-FollowerState was interrupted: java.lang.InterruptedException: sleep interrupted
2019-11-05 08:24:13,267 [grpc-default-executor-3] INFO  impl.RaftServerImpl (RaftServerImpl.java:setRole(184)) - b3bb9051-8089-4c51-a999-81579e5913f2@group-0E159EE4F99E: changes role from  FOLLOWER to FOLLOWER at term 197 for recognizeCandidate:a8ae9c07-6d89-4a49-a594-cacd4b776180
2019-11-05 08:24:13,267 [grpc-default-executor-3] INFO  impl.RoleInfo (RoleInfo.java:shutdownFollowerState(121)) - b3bb9051-8089-4c51-a999-81579e5913f2: shutdown FollowerState
2019-11-05 08:24:13,267 [Thread-2866] INFO  impl.FollowerState (FollowerState.java:run(117)) - b3bb9051-8089-4c51-a999-81579e5913f2@group-0E159EE4F99E-FollowerState was interrupted: java.lang.InterruptedException: sleep interrupted
2019-11-05 08:24:13,267 [grpc-default-executor-3] INFO  impl.RoleInfo (RoleInfo.java:updateAndGet(143)) - b3bb9051-8089-4c51-a999-81579e5913f2: start FollowerState
2019-11-05 08:24:13,284 [a8ae9c07-6d89-4a49-a594-cacd4b776180@group-0E159EE4F99E-LeaderElection372] INFO  impl.LeaderElection (LeaderElection.java:logAndReturn(56)) - a8ae9c07-6d89-4a49-a594-cacd4b776180@group-0E159EE4F99E-LeaderElection372: Election REJECTED; received 2 response(s) [a8ae9c07-6d89-4a49-a594-cacd4b776180<-caafcba9-090a-41f5-a5f9-cba5a6a81e94#0:FAIL-t197, a8ae9c07-6d89-4a49-a594-cacd4b776180<-b3bb9051-8089-4c51-a999-81579e5913f2#0:FAIL-t197] and 0 exception(s); a8ae9c07-6d89-4a49-a594-cacd4b776180@group-0E159EE4F99E:t197, leader=null, voted=a8ae9c07-6d89-4a49-a594-cacd4b776180, raftlog=a8ae9c07-6d89-4a49-a594-cacd4b776180@group-0E159EE4F99E-SegmentedRaftLog:OPENED:c-1,f-1,i0, conf=-1: [caafcba9-090a-41f5-a5f9-cba5a6a81e94:192.168.164.217:37197, a8ae9c07-6d89-4a49-a594-cacd4b776180:192.168.164.217:42719, b3bb9051-8089-4c51-a999-81579e5913f2:192.168.164.217:36516], old=null
2019-11-05 08:24:13,284 [a8ae9c07-6d89-4a49-a594-cacd4b776180@group-0E159EE4F99E-LeaderElection372] INFO  impl.RaftServerImpl (RaftServerImpl.java:setRole(184)) - a8ae9c07-6d89-4a49-a594-cacd4b776180@group-0E159EE4F99E: changes role from CANDIDATE to FOLLOWER at term 197 for DISCOVERED_A_NEW_TERM
2019-11-05 08:24:13,284 [a8ae9c07-6d89-4a49-a594-cacd4b776180@group-0E159EE4F99E-LeaderElection372] INFO  impl.RoleInfo (RoleInfo.java:shutdownLeaderElection(134)) - a8ae9c07-6d89-4a49-a594-cacd4b776180: shutdown LeaderElection
2019-11-05 08:24:13,284 [a8ae9c07-6d89-4a49-a594-cacd4b776180@group-0E159EE4F99E-LeaderElection372] INFO  impl.RoleInfo (RoleInfo.java:updateAndGet(143)) - a8ae9c07-6d89-4a49-a594-cacd4b776180: start FollowerState
2019-11-05 08:24:13,320 [Thread-2865] INFO  impl.FollowerState (FollowerState.java:run(108)) - 4a682f4f-c3f2-4b77-88b7-f0ab78890feb@group-0DB8C7688BF9-FollowerState: change to CANDIDATE, lastRpcTime:132ms, electionTimeout:132ms
2019-11-05 08:24:13,321 [Thread-2865] INFO  impl.RoleInfo (RoleInfo.java:shutdownFollowerState(121)) - 4a682f4f-c3f2-4b77-88b7-f0ab78890feb: shutdown FollowerState
2019-11-05 08:24:13,321 [Thread-2865] INFO  impl.RaftServerImpl (RaftServerImpl.java:setRole(184)) - 4a682f4f-c3f2-4b77-88b7-f0ab78890feb@group-0DB8C7688BF9: changes role from  FOLLOWER to CANDIDATE at term 187 for changeToCandidate
2019-11-05 08:24:13,321 [Thread-2865] INFO  impl.RoleInfo (RoleInfo.java:updateAndGet(143)) - 4a682f4f-c3f2-4b77-88b7-f0ab78890feb: start LeaderElection
2019-11-05 08:24:13,335 [4a682f4f-c3f2-4b77-88b7-f0ab78890feb@group-0DB8C7688BF9-LeaderElection373] INFO  impl.LeaderElection (LeaderElection.java:askForVotes(178)) - 4a682f4f-c3f2-4b77-88b7-f0ab78890feb@group-0DB8C7688BF9-LeaderElection373: begin an election at term 188 for -1: [77ab65e6-d942-49df-83a3-1d4c0bf152b3:192.168.164.217:39381, 7e1b84a9-a041-44fd-8008-f2679426984c:192.168.164.217:44149, 4a682f4f-c3f2-4b77-88b7-f0ab78890feb:192.168.164.217:34174], old=null
2019-11-05 08:24:13,336 [grpc-default-executor-3] INFO  impl.RaftServerImpl (RaftServerImpl.java:setRole(184)) - 77ab65e6-d942-49df-83a3-1d4c0bf152b3@group-0DB8C7688BF9: changes role from  FOLLOWER to FOLLOWER at term 188 for recognizeCandidate:4a682f4f-c3f2-4b77-88b7-f0ab78890feb
2019-11-05 08:24:13,336 [grpc-default-executor-0] INFO  impl.RaftServerImpl (RaftServerImpl.java:setRole(184)) - 7e1b84a9-a041-44fd-8008-f2679426984c@group-0DB8C7688BF9: changes role from  FOLLOWER to FOLLOWER at term 188 for recognizeCandidate:4a682f4f-c3f2-4b77-88b7-f0ab78890feb
2019-11-05 08:24:13,336 [grpc-default-executor-3] INFO  impl.RoleInfo (RoleInfo.java:shutdownFollowerState(121)) - 77ab65e6-d942-49df-83a3-1d4c0bf152b3: shutdown FollowerState
2019-11-05 08:24:13,337 [grpc-default-executor-0] INFO  impl.RoleInfo (RoleInfo.java:shutdownFollowerState(121)) - 7e1b84a9-a041-44fd-8008-f2679426984c: shutdown FollowerState
2019-11-05 08:24:13,337 [Thread-2861] INFO  impl.FollowerState (FollowerState.java:run(117)) - 77ab65e6-d942-49df-83a3-1d4c0bf152b3@group-0DB8C7688BF9-FollowerState was interrupted: java.lang.InterruptedException: sleep interrupted
2019-11-05 08:24:13,337 [grpc-default-executor-3] INFO  impl.RoleInfo (RoleInfo.java:updateAndGet(143)) - 77ab65e6-d942-49df-83a3-1d4c0bf152b3: start FollowerState
2019-11-05 08:24:13,337 [Thread-2859] INFO  impl.FollowerState (FollowerState.java:run(117)) - 7e1b84a9-a041-44fd-8008-f2679426984c@group-0DB8C7688BF9-FollowerState was interrupted: java.lang.InterruptedException: sleep interrupted
2019-11-05 08:24:13,337 [grpc-default-executor-0] INFO  impl.RoleInfo (RoleInfo.java:updateAndGet(143)) - 7e1b84a9-a041-44fd-8008-f2679426984c: start FollowerState
2019-11-05 08:24:13,351 [4a682f4f-c3f2-4b77-88b7-f0ab78890feb@group-0DB8C7688BF9-LeaderElection373] INFO  impl.LeaderElection (LeaderElection.java:logAndReturn(56)) - 4a682f4f-c3f2-4b77-88b7-f0ab78890feb@group-0DB8C7688BF9-LeaderElection373: Election REJECTED; received 2 response(s) [4a682f4f-c3f2-4b77-88b7-f0ab78890feb<-77ab65e6-d942-49df-83a3-1d4c0bf152b3#0:FAIL-t188, 4a682f4f-c3f2-4b77-88b7-f0ab78890feb<-7e1b84a9-a041-44fd-8008-f2679426984c#0:FAIL-t188] and 0 exception(s); 4a682f4f-c3f2-4b77-88b7-f0ab78890feb@group-0DB8C7688BF9:t188, leader=null, voted=4a682f4f-c3f2-4b77-88b7-f0ab78890feb, raftlog=4a682f4f-c3f2-4b77-88b7-f0ab78890feb@group-0DB8C7688BF9-SegmentedRaftLog:OPENED:c-1,f-1,i0, conf=-1: [77ab65e6-d942-49df-83a3-1d4c0bf152b3:192.168.164.217:39381, 7e1b84a9-a041-44fd-8008-f2679426984c:192.168.164.217:44149, 4a682f4f-c3f2-4b77-88b7-f0ab78890feb:192.168.164.217:34174], old=null
2019-11-05 08:24:13,351 [4a682f4f-c3f2-4b77-88b7-f0ab78890feb@group-0DB8C7688BF9-LeaderElection373] INFO  impl.RaftServerImpl (RaftServerImpl.java:setRole(184)) - 4a682f4f-c3f2-4b77-88b7-f0ab78890feb@group-0DB8C7688BF9: changes role from CANDIDATE to FOLLOWER at term 188 for DISCOVERED_A_NEW_TERM
2019-11-05 08:24:13,351 [4a682f4f-c3f2-4b77-88b7-f0ab78890feb@group-0DB8C7688BF9-LeaderElection373] INFO  impl.RoleInfo (RoleInfo.java:shutdownLeaderElection(134)) - 4a682f4f-c3f2-4b77-88b7-f0ab78890feb: shutdown LeaderElection
2019-11-05 08:24:13,351 [4a682f4f-c3f2-4b77-88b7-f0ab78890feb@group-0DB8C7688BF9-LeaderElection373] INFO  impl.RoleInfo (RoleInfo.java:updateAndGet(143)) - 4a682f4f-c3f2-4b77-88b7-f0ab78890feb: start FollowerState
2019-11-05 08:24:13,397 [Thread-2875] INFO  impl.FollowerState (FollowerState.java:run(108)) - a8ae9c07-6d89-4a49-a594-cacd4b776180@group-0E159EE4F99E-FollowerState: change to CANDIDATE, lastRpcTime:113ms, electionTimeout:113ms
2019-11-05 08:24:13,397 [Thread-2875] INFO  impl.RoleInfo (RoleInfo.java:shutdownFollowerState(121)) - a8ae9c07-6d89-4a49-a594-cacd4b776180: shutdown FollowerState
2019-11-05 08:24:13,397 [Thread-2875] INFO  impl.RaftServerImpl (RaftServerImpl.java:setRole(184)) - a8ae9c07-6d89-4a49-a594-cacd4b776180@group-0E159EE4F99E: changes role from  FOLLOWER to CANDIDATE at term 197 for changeToCandidate
2019-11-05 08:24:13,398 [Thread-2875] INFO  impl.RoleInfo (RoleInfo.java:updateAndGet(143)) - a8ae9c07-6d89-4a49-a594-cacd4b776180: start LeaderElection
2019-11-05 08:24:13,411 [a8ae9c07-6d89-4a49-a594-cacd4b776180@group-0E159EE4F99E-LeaderElection374] INFO  impl.LeaderElection (LeaderElection.java:askForVotes(178)) - a8ae9c07-6d89-4a49-a594-cacd4b776180@group-0E159EE4F99E-LeaderElection374: begin an election at term 198 for -1: [caafcba9-090a-41f5-a5f9-cba5a6a81e94:192.168.164.217:37197, a8ae9c07-6d89-4a49-a594-cacd4b776180:192.168.164.217:42719, b3bb9051-8089-4c51-a999-81579e5913f2:192.168.164.217:36516], old=null
2019-11-05 08:24:13,413 [grpc-default-executor-3] INFO  impl.RaftServerImpl (RaftServerImpl.java:setRole(184)) - caafcba9-090a-41f5-a5f9-cba5a6a81e94@group-0E159EE4F99E: changes role from  FOLLOWER to FOLLOWER at term 198 for recognizeCandidate:a8ae9c07-6d89-4a49-a594-cacd4b776180
2019-11-05 08:24:13,413 [grpc-default-executor-3] INFO  impl.RoleInfo (RoleInfo.java:shutdownFollowerState(121)) - caafcba9-090a-41f5-a5f9-cba5a6a81e94: shutdown FollowerState
2019-11-05 08:24:13,413 [grpc-default-executor-0] INFO  impl.RaftServerImpl (RaftServerImpl.java:setRole(184)) - b3bb9051-8089-4c51-a999-81579e5913f2@group-0E159EE4F99E: changes role from  FOLLOWER to FOLLOWER at term 198 for recognizeCandidate:a8ae9c07-6d89-4a49-a594-cacd4b776180
2019-11-05 08:24:13,413 [Thread-2873] INFO  impl.FollowerState (FollowerState.java:run(117)) - caafcba9-090a-41f5-a5f9-cba5a6a81e94@group-0E159EE4F99E-FollowerState was interrupted: java.lang.InterruptedException: sleep interrupted
2019-11-05 08:24:13,413 [grpc-default-executor-3] INFO  impl.RoleInfo (RoleInfo.java:updateAndGet(143)) - caafcba9-090a-41f5-a5f9-cba5a6a81e94: start FollowerState
2019-11-05 08:24:13,413 [grpc-default-executor-0] INFO  impl.RoleInfo (RoleInfo.java:shutdownFollowerState(121)) - b3bb9051-8089-4c51-a999-81579e5913f2: shutdown FollowerState
2019-11-05 08:24:13,414 [grpc-default-executor-0] INFO  impl.RoleInfo (RoleInfo.java:updateAndGet(143)) - b3bb9051-8089-4c51-a999-81579e5913f2: start FollowerState
2019-11-05 08:24:13,414 [Thread-2874] INFO  impl.FollowerState (FollowerState.java:run(117)) - b3bb9051-8089-4c51-a999-81579e5913f2@group-0E159EE4F99E-FollowerState was interrupted: java.lang.InterruptedException: sleep interrupted
2019-11-05 08:24:13,428 [Thread-2881] INFO  impl.FollowerState (FollowerState.java:run(108)) - 4a682f4f-c3f2-4b77-88b7-f0ab78890feb@group-0DB8C7688BF9-FollowerState: change to CANDIDATE, lastRpcTime:76ms, electionTimeout:76ms
2019-11-05 08:24:13,428 [Thread-2881] INFO  impl.RoleInfo (RoleInfo.java:shutdownFollowerState(121)) - 4a682f4f-c3f2-4b77-88b7-f0ab78890feb: shutdown FollowerState
2019-11-05 08:24:13,428 [Thread-2881] INFO  impl.RaftServerImpl (RaftServerImpl.java:setRole(184)) - 4a682f4f-c3f2-4b77-88b7-f0ab78890feb@group-0DB8C7688BF9: changes role from  FOLLOWER to CANDIDATE at term 188 for changeToCandidate
2019-11-05 08:24:13,428 [Thread-2881] INFO  impl.RoleInfo (RoleInfo.java:updateAndGet(143)) - 4a682f4f-c3f2-4b77-88b7-f0ab78890feb: start LeaderElection
2019-11-05 08:24:13,428 [a8ae9c07-6d89-4a49-a594-cacd4b776180@group-0E159EE4F99E-LeaderElection374] INFO  impl.LeaderElection (LeaderElection.java:logAndReturn(56)) - a8ae9c07-6d89-4a49-a594-cacd4b776180@group-0E159EE4F99E-LeaderElection374: Election REJECTED; received 2 response(s) [a8ae9c07-6d89-4a49-a594-cacd4b776180<-caafcba9-090a-41f5-a5f9-cba5a6a81e94#0:FAIL-t198, a8ae9c07-6d89-4a49-a594-cacd4b776180<-b3bb9051-8089-4c51-a999-81579e5913f2#0:FAIL-t198] and 0 exception(s); a8ae9c07-6d89-4a49-a594-cacd4b776180@group-0E159EE4F99E:t198, leader=null, voted=a8ae9c07-6d89-4a49-a594-cacd4b776180, raftlog=a8ae9c07-6d89-4a49-a594-cacd4b776180@group-0E159EE4F99E-SegmentedRaftLog:OPENED:c-1,f-1,i0, conf=-1: [caafcba9-090a-41f5-a5f9-cba5a6a81e94:192.168.164.217:37197, a8ae9c07-6d89-4a49-a594-cacd4b776180:192.168.164.217:42719, b3bb9051-8089-4c51-a999-81579e5913f2:192.168.164.217:36516], old=null
2019-11-05 08:24:13,428 [a8ae9c07-6d89-4a49-a594-cacd4b776180@group-0E159EE4F99E-LeaderElection374] INFO  impl.RaftServerImpl (RaftServerImpl.java:setRole(184)) - a8ae9c07-6d89-4a49-a594-cacd4b776180@group-0E159EE4F99E: changes role from CANDIDATE to FOLLOWER at term 198 for DISCOVERED_A_NEW_TERM
2019-11-05 08:24:13,429 [a8ae9c07-6d89-4a49-a594-cacd4b776180@group-0E159EE4F99E-LeaderElection374] INFO  impl.RoleInfo (RoleInfo.java:shutdownLeaderElection(134)) - a8ae9c07-6d89-4a49-a594-cacd4b776180: shutdown LeaderElection
2019-11-05 08:24:13,429 [a8ae9c07-6d89-4a49-a594-cacd4b776180@group-0E159EE4F99E-LeaderElection374] INFO  impl.RoleInfo (RoleInfo.java:updateAndGet(143)) - a8ae9c07-6d89-4a49-a594-cacd4b776180: start FollowerState
2019-11-05 08:24:13,442 [4a682f4f-c3f2-4b77-88b7-f0ab78890feb@group-0DB8C7688BF9-LeaderElection375] INFO  impl.LeaderElection (LeaderElection.java:askForVotes(178)) - 4a682f4f-c3f2-4b77-88b7-f0ab78890feb@group-0DB8C7688BF9-LeaderElection375: begin an election at term 189 for -1: [77ab65e6-d942-49df-83a3-1d4c0bf152b3:192.168.164.217:39381, 7e1b84a9-a041-44fd-8008-f2679426984c:192.168.164.217:44149, 4a682f4f-c3f2-4b77-88b7-f0ab78890feb:192.168.164.217:34174], old=null
2019-11-05 08:24:13,443 [grpc-default-executor-0] INFO  impl.RaftServerImpl (RaftServerImpl.java:setRole(184)) - 77ab65e6-d942-49df-83a3-1d4c0bf152b3@group-0DB8C7688BF9: changes role from  FOLLOWER to FOLLOWER at term 189 for recognizeCandidate:4a682f4f-c3f2-4b77-88b7-f0ab78890feb
2019-11-05 08:24:13,443 [grpc-default-executor-0] INFO  impl.RoleInfo (RoleInfo.java:shutdownFollowerState(121)) - 77ab65e6-d942-49df-83a3-1d4c0bf152b3: shutdown FollowerState
2019-11-05 08:24:13,443 [grpc-default-executor-3] INFO  impl.RaftServerImpl (RaftServerImpl.java:setRole(184)) - 7e1b84a9-a041-44fd-8008-f2679426984c@group-0DB8C7688BF9: changes role from  FOLLOWER to FOLLOWER at term 189 for recognizeCandidate:4a682f4f-c3f2-4b77-88b7-f0ab78890feb
2019-11-05 08:24:13,443 [Thread-2879] INFO  impl.FollowerState (FollowerState.java:run(117)) - 77ab65e6-d942-49df-83a3-1d4c0bf152b3@group-0DB8C7688BF9-FollowerState was interrupted: java.lang.InterruptedException: sleep interrupted
2019-11-05 08:24:13,443 [grpc-default-executor-0] INFO  impl.RoleInfo (RoleInfo.java:updateAndGet(143)) - 77ab65e6-d942-49df-83a3-1d4c0bf152b3: start FollowerState
2019-11-05 08:24:13,444 [grpc-default-executor-3] INFO  impl.RoleInfo (RoleInfo.java:shutdownFollowerState(121)) - 7e1b84a9-a041-44fd-8008-f2679426984c: shutdown FollowerState
2019-11-05 08:24:13,444 [grpc-default-executor-3] INFO  impl.RoleInfo (RoleInfo.java:updateAndGet(143)) - 7e1b84a9-a041-44fd-8008-f2679426984c: start FollowerState
2019-11-05 08:24:13,444 [Thread-2880] INFO  impl.FollowerState (FollowerState.java:run(117)) - 7e1b84a9-a041-44fd-8008-f2679426984c@group-0DB8C7688BF9-FollowerState was interrupted: java.lang.InterruptedException: sleep interrupted
2019-11-05 08:24:13,458 [4a682f4f-c3f2-4b77-88b7-f0ab78890feb@group-0DB8C7688BF9-LeaderElection375] INFO  impl.LeaderElection (LeaderElection.java:logAndReturn(56)) - 4a682f4f-c3f2-4b77-88b7-f0ab78890feb@group-0DB8C7688BF9-LeaderElection375: Election REJECTED; received 2 response(s) [4a682f4f-c3f2-4b77-88b7-f0ab78890feb<-77ab65e6-d942-49df-83a3-1d4c0bf152b3#0:FAIL-t189, 4a682f4f-c3f2-4b77-88b7-f0ab78890feb<-7e1b84a9-a041-44fd-8008-f2679426984c#0:FAIL-t189] and 0 exception(s); 4a682f4f-c3f2-4b77-88b7-f0ab78890feb@group-0DB8C7688BF9:t189, leader=null, voted=4a682f4f-c3f2-4b77-88b7-f0ab78890feb, raftlog=4a682f4f-c3f2-4b77-88b7-f0ab78890feb@group-0DB8C7688BF9-SegmentedRaftLog:OPENED:c-1,f-1,i0, conf=-1: [77ab65e6-d942-49df-83a3-1d4c0bf152b3:192.168.164.217:39381, 7e1b84a9-a041-44fd-8008-f2679426984c:192.168.164.217:44149, 4a682f4f-c3f2-4b77-88b7-f0ab78890feb:192.168.164.217:34174], old=null
2019-11-05 08:24:13,458 [4a682f4f-c3f2-4b77-88b7-f0ab78890feb@group-0DB8C7688BF9-LeaderElection375] INFO  impl.RaftServerImpl (RaftServerImpl.java:setRole(184)) - 4a682f4f-c3f2-4b77-88b7-f0ab78890feb@group-0DB8C7688BF9: changes role from CANDIDATE to FOLLOWER at term 189 for DISCOVERED_A_NEW_TERM
2019-11-05 08:24:13,458 [4a682f4f-c3f2-4b77-88b7-f0ab78890feb@group-0DB8C7688BF9-LeaderElection375] INFO  impl.RoleInfo (RoleInfo.java:shutdownLeaderElection(134)) - 4a682f4f-c3f2-4b77-88b7-f0ab78890feb: shutdown LeaderElection
2019-11-05 08:24:13,458 [4a682f4f-c3f2-4b77-88b7-f0ab78890feb@group-0DB8C7688BF9-LeaderElection375] INFO  impl.RoleInfo (RoleInfo.java:updateAndGet(143)) - 4a682f4f-c3f2-4b77-88b7-f0ab78890feb: start FollowerState
2019-11-05 08:24:13,482 [Thread-2888] INFO  impl.FollowerState (FollowerState.java:run(108)) - a8ae9c07-6d89-4a49-a594-cacd4b776180@group-0E159EE4F99E-FollowerState: change to CANDIDATE, lastRpcTime:53ms, electionTimeout:53ms
2019-11-05 08:24:13,482 [Thread-2888] INFO  impl.RoleInfo (RoleInfo.java:shutdownFollowerState(121)) - a8ae9c07-6d89-4a49-a594-cacd4b776180: shutdown FollowerState
2019-11-05 08:24:13,482 [Thread-2888] INFO  impl.RaftServerImpl (RaftServerImpl.java:setRole(184)) - a8ae9c07-6d89-4a49-a594-cacd4b776180@group-0E159EE4F99E: changes role from  FOLLOWER to CANDIDATE at term 198 for changeToCandidate
2019-11-05 08:24:13,483 [Thread-2888] INFO  impl.RoleInfo (RoleInfo.java:updateAndGet(143)) - a8ae9c07-6d89-4a49-a594-cacd4b776180: start LeaderElection
2019-11-05 08:24:13,496 [a8ae9c07-6d89-4a49-a594-cacd4b776180@group-0E159EE4F99E-LeaderElection376] INFO  impl.LeaderElection (LeaderElection.java:askForVotes(178)) - a8ae9c07-6d89-4a49-a594-cacd4b776180@group-0E159EE4F99E-LeaderElection376: begin an election at term 199 for -1: [caafcba9-090a-41f5-a5f9-cba5a6a81e94:192.168.164.217:37197, a8ae9c07-6d89-4a49-a594-cacd4b776180:192.168.164.217:42719, b3bb9051-8089-4c51-a999-81579e5913f2:192.168.164.217:36516], old=null
2019-11-05 08:24:13,498 [grpc-default-executor-3] INFO  impl.RaftServerImpl (RaftServerImpl.java:setRole(184)) - caafcba9-090a-41f5-a5f9-cba5a6a81e94@group-0E159EE4F99E: changes role from  FOLLOWER to FOLLOWER at term 199 for recognizeCandidate:a8ae9c07-6d89-4a49-a594-cacd4b776180
2019-11-05 08:24:13,498 [grpc-default-executor-3] INFO  impl.RoleInfo (RoleInfo.java:shutdownFollowerState(121)) - caafcba9-090a-41f5-a5f9-cba5a6a81e94: shutdown FollowerState
2019-11-05 08:24:13,498 [grpc-default-executor-0] INFO  impl.RaftServerImpl (RaftServerImpl.java:setRole(184)) - b3bb9051-8089-4c51-a999-81579e5913f2@group-0E159EE4F99E: changes role from  FOLLOWER to FOLLOWER at term 199 for recognizeCandidate:a8ae9c07-6d89-4a49-a594-cacd4b776180
2019-11-05 08:24:13,498 [Thread-2885] INFO  impl.FollowerState (FollowerState.java:run(117)) - caafcba9-090a-41f5-a5f9-cba5a6a81e94@group-0E159EE4F99E-FollowerState was interrupted: java.lang.InterruptedException: sleep interrupted
2019-11-05 08:24:13,498 [grpc-default-executor-3] INFO  impl.RoleInfo (RoleInfo.java:updateAndGet(143)) - caafcba9-090a-41f5-a5f9-cba5a6a81e94: start FollowerState
2019-11-05 08:24:13,498 [grpc-default-executor-0] INFO  impl.RoleInfo (RoleInfo.java:shutdownFollowerState(121)) - b3bb9051-8089-4c51-a999-81579e5913f2: shutdown FollowerState
2019-11-05 08:24:13,499 [grpc-default-executor-0] INFO  impl.RoleInfo (RoleInfo.java:updateAndGet(143)) - b3bb9051-8089-4c51-a999-81579e5913f2: start FollowerState
2019-11-05 08:24:13,499 [Thread-2886] INFO  impl.FollowerState (FollowerState.java:run(117)) - b3bb9051-8089-4c51-a999-81579e5913f2@group-0E159EE4F99E-FollowerState was interrupted: java.lang.InterruptedException: sleep interrupted
2019-11-05 08:24:13,513 [a8ae9c07-6d89-4a49-a594-cacd4b776180@group-0E159EE4F99E-LeaderElection376] INFO  impl.LeaderElection (LeaderElection.java:logAndReturn(56)) - a8ae9c07-6d89-4a49-a594-cacd4b776180@group-0E159EE4F99E-LeaderElection376: Election REJECTED; received 2 response(s) [a8ae9c07-6d89-4a49-a594-cacd4b776180<-caafcba9-090a-41f5-a5f9-cba5a6a81e94#0:FAIL-t199, a8ae9c07-6d89-4a49-a594-cacd4b776180<-b3bb9051-8089-4c51-a999-81579e5913f2#0:FAIL-t199] and 0 exception(s); a8ae9c07-6d89-4a49-a594-cacd4b776180@group-0E159EE4F99E:t199, leader=null, voted=a8ae9c07-6d89-4a49-a594-cacd4b776180, raftlog=a8ae9c07-6d89-4a49-a594-cacd4b776180@group-0E159EE4F99E-SegmentedRaftLog:OPENED:c-1,f-1,i0, conf=-1: [caafcba9-090a-41f5-a5f9-cba5a6a81e94:192.168.164.217:37197, a8ae9c07-6d89-4a49-a594-cacd4b776180:192.168.164.217:42719, b3bb9051-8089-4c51-a999-81579e5913f2:192.168.164.217:36516], old=null
2019-11-05 08:24:13,513 [a8ae9c07-6d89-4a49-a594-cacd4b776180@group-0E159EE4F99E-LeaderElection376] INFO  impl.RaftServerImpl (RaftServerImpl.java:setRole(184)) - a8ae9c07-6d89-4a49-a594-cacd4b776180@group-0E159EE4F99E: changes role from CANDIDATE to FOLLOWER at term 199 for DISCOVERED_A_NEW_TERM
2019-11-05 08:24:13,513 [a8ae9c07-6d89-4a49-a594-cacd4b776180@group-0E159EE4F99E-LeaderElection376] INFO  impl.RoleInfo (RoleInfo.java:shutdownLeaderElection(134)) - a8ae9c07-6d89-4a49-a594-cacd4b776180: shutdown LeaderElection
2019-11-05 08:24:13,513 [a8ae9c07-6d89-4a49-a594-cacd4b776180@group-0E159EE4F99E-LeaderElection376] INFO  impl.RoleInfo (RoleInfo.java:updateAndGet(143)) - a8ae9c07-6d89-4a49-a594-cacd4b776180: start FollowerState
2019-11-05 08:24:13,537 [Thread-2893] INFO  impl.FollowerState (FollowerState.java:run(108)) - 4a682f4f-c3f2-4b77-88b7-f0ab78890feb@group-0DB8C7688BF9-FollowerState: change to CANDIDATE, lastRpcTime:78ms, electionTimeout:78ms
2019-11-05 08:24:13,537 [Thread-2893] INFO  impl.RoleInfo (RoleInfo.java:shutdownFollowerState(121)) - 4a682f4f-c3f2-4b77-88b7-f0ab78890feb: shutdown FollowerState
2019-11-05 08:24:13,537 [Thread-2893] INFO  impl.RaftServerImpl (RaftServerImpl.java:setRole(184)) - 4a682f4f-c3f2-4b77-88b7-f0ab78890feb@group-0DB8C7688BF9: changes role from  FOLLOWER to CANDIDATE at term 189 for changeToCandidate
2019-11-05 08:24:13,537 [Thread-2893] INFO  impl.RoleInfo (RoleInfo.java:updateAndGet(143)) - 4a682f4f-c3f2-4b77-88b7-f0ab78890feb: start LeaderElection
2019-11-05 08:24:13,551 [4a682f4f-c3f2-4b77-88b7-f0ab78890feb@group-0DB8C7688BF9-LeaderElection377] INFO  impl.LeaderElection (LeaderElection.java:askForVotes(178)) - 4a682f4f-c3f2-4b77-88b7-f0ab78890feb@group-0DB8C7688BF9-LeaderElection377: begin an election at term 190 for -1: [77ab65e6-d942-49df-83a3-1d4c0bf152b3:192.168.164.217:39381, 7e1b84a9-a041-44fd-8008-f2679426984c:192.168.164.217:44149, 4a682f4f-c3f2-4b77-88b7-f0ab78890feb:192.168.164.217:34174], old=null
2019-11-05 08:24:13,552 [grpc-default-executor-3] INFO  impl.RaftServerImpl (RaftServerImpl.java:setRole(184)) - 77ab65e6-d942-49df-83a3-1d4c0bf152b3@group-0DB8C7688BF9: changes role from  FOLLOWER to FOLLOWER at term 190 for recognizeCandidate:4a682f4f-c3f2-4b77-88b7-f0ab78890feb
2019-11-05 08:24:13,552 [grpc-default-executor-3] INFO  impl.RoleInfo (RoleInfo.java:shutdownFollowerState(121)) - 77ab65e6-d942-49df-83a3-1d4c0bf152b3: shutdown FollowerState
2019-11-05 08:24:13,552 [grpc-default-executor-3] INFO  impl.RoleInfo (RoleInfo.java:updateAndGet(143)) - 77ab65e6-d942-49df-83a3-1d4c0bf152b3: start FollowerState
2019-11-05 08:24:13,552 [grpc-default-executor-0] INFO  impl.RaftServerImpl (RaftServerImpl.java:setRole(184)) - 7e1b84a9-a041-44fd-8008-f2679426984c@group-0DB8C7688BF9: changes role from  FOLLOWER to FOLLOWER at term 190 for recognizeCandidate:4a682f4f-c3f2-4b77-88b7-f0ab78890feb
2019-11-05 08:24:13,553 [grpc-default-executor-0] INFO  impl.RoleInfo (RoleInfo.java:shutdownFollowerState(121)) - 7e1b84a9-a041-44fd-8008-f2679426984c: shutdown FollowerState
2019-11-05 08:24:13,552 [Thread-2891] INFO  impl.FollowerState (FollowerState.java:run(117)) - 77ab65e6-d942-49df-83a3-1d4c0bf152b3@group-0DB8C7688BF9-FollowerState was interrupted: java.lang.InterruptedException: sleep interrupted
2019-11-05 08:24:13,553 [Thread-2892] INFO  impl.FollowerState (FollowerState.java:run(117)) - 7e1b84a9-a041-44fd-8008-f2679426984c@group-0DB8C7688BF9-FollowerState was interrupted: java.lang.InterruptedException: sleep interrupted
2019-11-05 08:24:13,553 [grpc-default-executor-0] INFO  impl.RoleInfo (RoleInfo.java:updateAndGet(143)) - 7e1b84a9-a041-44fd-8008-f2679426984c: start FollowerState
2019-11-05 08:24:13,571 [4a682f4f-c3f2-4b77-88b7-f0ab78890feb@group-0DB8C7688BF9-LeaderElection377] INFO  impl.LeaderElection (LeaderElection.java:logAndReturn(56)) - 4a682f4f-c3f2-4b77-88b7-f0ab78890feb@group-0DB8C7688BF9-LeaderElection377: Election REJECTED; received 2 response(s) [4a682f4f-c3f2-4b77-88b7-f0ab78890feb<-77ab65e6-d942-49df-83a3-1d4c0bf152b3#0:FAIL-t190, 4a682f4f-c3f2-4b77-88b7-f0ab78890feb<-7e1b84a9-a041-44fd-8008-f2679426984c#0:FAIL-t190] and 0 exception(s); 4a682f4f-c3f2-4b77-88b7-f0ab78890feb@group-0DB8C7688BF9:t190, leader=null, voted=4a682f4f-c3f2-4b77-88b7-f0ab78890feb, raftlog=4a682f4f-c3f2-4b77-88b7-f0ab78890feb@group-0DB8C7688BF9-SegmentedRaftLog:OPENED:c-1,f-1,i0, conf=-1: [77ab65e6-d942-49df-83a3-1d4c0bf152b3:192.168.164.217:39381, 7e1b84a9-a041-44fd-8008-f2679426984c:192.168.164.217:44149, 4a682f4f-c3f2-4b77-88b7-f0ab78890feb:192.168.164.217:34174], old=null
2019-11-05 08:24:13,571 [4a682f4f-c3f2-4b77-88b7-f0ab78890feb@group-0DB8C7688BF9-LeaderElection377] INFO  impl.RaftServerImpl (RaftServerImpl.java:setRole(184)) - 4a682f4f-c3f2-4b77-88b7-f0ab78890feb@group-0DB8C7688BF9: changes role from CANDIDATE to FOLLOWER at term 190 for DISCOVERED_A_NEW_TERM
2019-11-05 08:24:13,571 [4a682f4f-c3f2-4b77-88b7-f0ab78890feb@group-0DB8C7688BF9-LeaderElection377] INFO  impl.RoleInfo (RoleInfo.java:shutdownLeaderElection(134)) - 4a682f4f-c3f2-4b77-88b7-f0ab78890feb: shutdown LeaderElection
2019-11-05 08:24:13,572 [4a682f4f-c3f2-4b77-88b7-f0ab78890feb@group-0DB8C7688BF9-LeaderElection377] INFO  impl.RoleInfo (RoleInfo.java:updateAndGet(143)) - 4a682f4f-c3f2-4b77-88b7-f0ab78890feb: start FollowerState
2019-11-05 08:24:13,702 [Thread-2899] INFO  impl.FollowerState (FollowerState.java:run(108)) - a8ae9c07-6d89-4a49-a594-cacd4b776180@group-0E159EE4F99E-FollowerState: change to CANDIDATE, lastRpcTime:188ms, electionTimeout:188ms
2019-11-05 08:24:13,702 [Thread-2899] INFO  impl.RoleInfo (RoleInfo.java:shutdownFollowerState(121)) - a8ae9c07-6d89-4a49-a594-cacd4b776180: shutdown FollowerState
2019-11-05 08:24:13,702 [Thread-2899] INFO  impl.RaftServerImpl (RaftServerImpl.java:setRole(184)) - a8ae9c07-6d89-4a49-a594-cacd4b776180@group-0E159EE4F99E: changes role from  FOLLOWER to CANDIDATE at term 199 for changeToCandidate
2019-11-05 08:24:13,702 [Thread-2899] INFO  impl.RoleInfo (RoleInfo.java:updateAndGet(143)) - a8ae9c07-6d89-4a49-a594-cacd4b776180: start LeaderElection
2019-11-05 08:24:13,716 [a8ae9c07-6d89-4a49-a594-cacd4b776180@group-0E159EE4F99E-LeaderElection378] INFO  impl.LeaderElection (LeaderElection.java:askForVotes(178)) - a8ae9c07-6d89-4a49-a594-cacd4b776180@group-0E159EE4F99E-LeaderElection378: begin an election at term 200 for -1: [caafcba9-090a-41f5-a5f9-cba5a6a81e94:192.168.164.217:37197, a8ae9c07-6d89-4a49-a594-cacd4b776180:192.168.164.217:42719, b3bb9051-8089-4c51-a999-81579e5913f2:192.168.164.217:36516], old=null
2019-11-05 08:24:13,718 [grpc-default-executor-0] INFO  impl.RaftServerImpl (RaftServerImpl.java:setRole(184)) - caafcba9-090a-41f5-a5f9-cba5a6a81e94@group-0E159EE4F99E: changes role from  FOLLOWER to FOLLOWER at term 200 for recognizeCandidate:a8ae9c07-6d89-4a49-a594-cacd4b776180
2019-11-05 08:24:13,718 [grpc-default-executor-3] INFO  impl.RaftServerImpl (RaftServerImpl.java:setRole(184)) - b3bb9051-8089-4c51-a999-81579e5913f2@group-0E159EE4F99E: changes role from  FOLLOWER to FOLLOWER at term 200 for recognizeCandidate:a8ae9c07-6d89-4a49-a594-cacd4b776180
2019-11-05 08:24:13,719 [grpc-default-executor-3] INFO  impl.RoleInfo (RoleInfo.java:shutdownFollowerState(121)) - b3bb9051-8089-4c51-a999-81579e5913f2: shutdown FollowerState
2019-11-05 08:24:13,718 [grpc-default-executor-0] INFO  impl.RoleInfo (RoleInfo.java:shutdownFollowerState(121)) - caafcba9-090a-41f5-a5f9-cba5a6a81e94: shutdown FollowerState
2019-11-05 08:24:13,719 [Thread-2898] INFO  impl.FollowerState (FollowerState.java:run(117)) - b3bb9051-8089-4c51-a999-81579e5913f2@group-0E159EE4F99E-FollowerState was interrupted: java.lang.InterruptedException: sleep interrupted
2019-11-05 08:24:13,719 [Thread-2897] INFO  impl.FollowerState (FollowerState.java:run(117)) - caafcba9-090a-41f5-a5f9-cba5a6a81e94@group-0E159EE4F99E-FollowerState was interrupted: java.lang.InterruptedException: sleep interrupted
2019-11-05 08:24:13,719 [grpc-default-executor-3] INFO  impl.RoleInfo (RoleInfo.java:updateAndGet(143)) - b3bb9051-8089-4c51-a999-81579e5913f2: start FollowerState
2019-11-05 08:24:13,719 [grpc-default-executor-0] INFO  impl.RoleInfo (RoleInfo.java:updateAndGet(143)) - caafcba9-090a-41f5-a5f9-cba5a6a81e94: start FollowerState
2019-11-05 08:24:13,733 [a8ae9c07-6d89-4a49-a594-cacd4b776180@group-0E159EE4F99E-LeaderElection378] INFO  impl.LeaderElection (LeaderElection.java:logAndReturn(56)) - a8ae9c07-6d89-4a49-a594-cacd4b776180@group-0E159EE4F99E-LeaderElection378: Election REJECTED; received 2 response(s) [a8ae9c07-6d89-4a49-a594-cacd4b776180<-caafcba9-090a-41f5-a5f9-cba5a6a81e94#0:FAIL-t200, a8ae9c07-6d89-4a49-a594-cacd4b776180<-b3bb9051-8089-4c51-a999-81579e5913f2#0:FAIL-t200] and 0 exception(s); a8ae9c07-6d89-4a49-a594-cacd4b776180@group-0E159EE4F99E:t200, leader=null, voted=a8ae9c07-6d89-4a49-a594-cacd4b776180, raftlog=a8ae9c07-6d89-4a49-a594-cacd4b776180@group-0E159EE4F99E-SegmentedRaftLog:OPENED:c-1,f-1,i0, conf=-1: [caafcba9-090a-41f5-a5f9-cba5a6a81e94:192.168.164.217:37197, a8ae9c07-6d89-4a49-a594-cacd4b776180:192.168.164.217:42719, b3bb9051-8089-4c51-a999-81579e5913f2:192.168.164.217:36516], old=null
2019-11-05 08:24:13,734 [a8ae9c07-6d89-4a49-a594-cacd4b776180@group-0E159EE4F99E-LeaderElection378] INFO  impl.RaftServerImpl (RaftServerImpl.java:setRole(184)) - a8ae9c07-6d89-4a49-a594-cacd4b776180@group-0E159EE4F99E: changes role from CANDIDATE to FOLLOWER at term 200 for DISCOVERED_A_NEW_TERM
2019-11-05 08:24:13,734 [a8ae9c07-6d89-4a49-a594-cacd4b776180@group-0E159EE4F99E-LeaderElection378] INFO  impl.RoleInfo (RoleInfo.java:shutdownLeaderElection(134)) - a8ae9c07-6d89-4a49-a594-cacd4b776180: shutdown LeaderElection
2019-11-05 08:24:13,734 [a8ae9c07-6d89-4a49-a594-cacd4b776180@group-0E159EE4F99E-LeaderElection378] INFO  impl.RoleInfo (RoleInfo.java:updateAndGet(143)) - a8ae9c07-6d89-4a49-a594-cacd4b776180: start FollowerState
2019-11-05 08:24:13,747 [Thread-2905] INFO  impl.FollowerState (FollowerState.java:run(108)) - 4a682f4f-c3f2-4b77-88b7-f0ab78890feb@group-0DB8C7688BF9-FollowerState: change to CANDIDATE, lastRpcTime:175ms, electionTimeout:175ms
2019-11-05 08:24:13,747 [Thread-2905] INFO  impl.RoleInfo (RoleInfo.java:shutdownFollowerState(121)) - 4a682f4f-c3f2-4b77-88b7-f0ab78890feb: shutdown FollowerState
2019-11-05 08:24:13,747 [Thread-2905] INFO  impl.RaftServerImpl (RaftServerImpl.java:setRole(184)) - 4a682f4f-c3f2-4b77-88b7-f0ab78890feb@group-0DB8C7688BF9: changes role from  FOLLOWER to CANDIDATE at term 190 for changeToCandidate
2019-11-05 08:24:13,747 [Thread-2905] INFO  impl.RoleInfo (RoleInfo.java:updateAndGet(143)) - 4a682f4f-c3f2-4b77-88b7-f0ab78890feb: start LeaderElection
2019-11-05 08:24:13,761 [4a682f4f-c3f2-4b77-88b7-f0ab78890feb@group-0DB8C7688BF9-LeaderElection379] INFO  impl.LeaderElection (LeaderElection.java:askForVotes(178)) - 4a682f4f-c3f2-4b77-88b7-f0ab78890feb@group-0DB8C7688BF9-LeaderElection379: begin an election at term 191 for -1: [77ab65e6-d942-49df-83a3-1d4c0bf152b3:192.168.164.217:39381, 7e1b84a9-a041-44fd-8008-f2679426984c:192.168.164.217:44149, 4a682f4f-c3f2-4b77-88b7-f0ab78890feb:192.168.164.217:34174], old=null
2019-11-05 08:24:13,762 [grpc-default-executor-0] INFO  impl.RaftServerImpl (RaftServerImpl.java:setRole(184)) - 77ab65e6-d942-49df-83a3-1d4c0bf152b3@group-0DB8C7688BF9: changes role from  FOLLOWER to FOLLOWER at term 191 for recognizeCandidate:4a682f4f-c3f2-4b77-88b7-f0ab78890feb
2019-11-05 08:24:13,762 [grpc-default-executor-0] INFO  impl.RoleInfo (RoleInfo.java:shutdownFollowerState(121)) - 77ab65e6-d942-49df-83a3-1d4c0bf152b3: shutdown FollowerState
2019-11-05 08:24:13,762 [grpc-default-executor-3] INFO  impl.RaftServerImpl (RaftServerImpl.java:setRole(184)) - 7e1b84a9-a041-44fd-8008-f2679426984c@group-0DB8C7688BF9: changes role from  FOLLOWER to FOLLOWER at term 191 for recognizeCandidate:4a682f4f-c3f2-4b77-88b7-f0ab78890feb
2019-11-05 08:24:13,763 [Thread-2903] INFO  impl.FollowerState (FollowerState.java:run(117)) - 77ab65e6-d942-49df-83a3-1d4c0bf152b3@group-0DB8C7688BF9-FollowerState was interrupted: java.lang.InterruptedException: sleep interrupted
2019-11-05 08:24:13,763 [grpc-default-executor-0] INFO  impl.RoleInfo (RoleInfo.java:updateAndGet(143)) - 77ab65e6-d942-49df-83a3-1d4c0bf152b3: start FollowerState
2019-11-05 08:24:13,763 [grpc-default-executor-3] INFO  impl.RoleInfo (RoleInfo.java:shutdownFollowerState(121)) - 7e1b84a9-a041-44fd-8008-f2679426984c: shutdown FollowerState
2019-11-05 08:24:13,763 [grpc-default-executor-3] INFO  impl.RoleInfo (RoleInfo.java:updateAndGet(143)) - 7e1b84a9-a041-44fd-8008-f2679426984c: start FollowerState
2019-11-05 08:24:13,763 [Thread-2904] INFO  impl.FollowerState (FollowerState.java:run(117)) - 7e1b84a9-a041-44fd-8008-f2679426984c@group-0DB8C7688BF9-FollowerState was interrupted: java.lang.InterruptedException: sleep interrupted
2019-11-05 08:24:13,777 [4a682f4f-c3f2-4b77-88b7-f0ab78890feb@group-0DB8C7688BF9-LeaderElection379] INFO  impl.LeaderElection (LeaderElection.java:logAndReturn(56)) - 4a682f4f-c3f2-4b77-88b7-f0ab78890feb@group-0DB8C7688BF9-LeaderElection379: Election REJECTED; received 2 response(s) [4a682f4f-c3f2-4b77-88b7-f0ab78890feb<-77ab65e6-d942-49df-83a3-1d4c0bf152b3#0:FAIL-t191, 4a682f4f-c3f2-4b77-88b7-f0ab78890feb<-7e1b84a9-a041-44fd-8008-f2679426984c#0:FAIL-t191] and 0 exception(s); 4a682f4f-c3f2-4b77-88b7-f0ab78890feb@group-0DB8C7688BF9:t191, leader=null, voted=4a682f4f-c3f2-4b77-88b7-f0ab78890feb, raftlog=4a682f4f-c3f2-4b77-88b7-f0ab78890feb@group-0DB8C7688BF9-SegmentedRaftLog:OPENED:c-1,f-1,i0, conf=-1: [77ab65e6-d942-49df-83a3-1d4c0bf152b3:192.168.164.217:39381, 7e1b84a9-a041-44fd-8008-f2679426984c:192.168.164.217:44149, 4a682f4f-c3f2-4b77-88b7-f0ab78890feb:192.168.164.217:34174], old=null
2019-11-05 08:24:13,777 [4a682f4f-c3f2-4b77-88b7-f0ab78890feb@group-0DB8C7688BF9-LeaderElection379] INFO  impl.RaftServerImpl (RaftServerImpl.java:setRole(184)) - 4a682f4f-c3f2-4b77-88b7-f0ab78890feb@group-0DB8C7688BF9: changes role from CANDIDATE to FOLLOWER at term 191 for DISCOVERED_A_NEW_TERM
2019-11-05 08:24:13,777 [4a682f4f-c3f2-4b77-88b7-f0ab78890feb@group-0DB8C7688BF9-LeaderElection379] INFO  impl.RoleInfo (RoleInfo.java:shutdownLeaderElection(134)) - 4a682f4f-c3f2-4b77-88b7-f0ab78890feb: shutdown LeaderElection
2019-11-05 08:24:13,777 [4a682f4f-c3f2-4b77-88b7-f0ab78890feb@group-0DB8C7688BF9-LeaderElection379] INFO  impl.RoleInfo (RoleInfo.java:updateAndGet(143)) - 4a682f4f-c3f2-4b77-88b7-f0ab78890feb: start FollowerState
2019-11-05 08:24:13,828 [Thread-2911] INFO  impl.FollowerState (FollowerState.java:run(108)) - a8ae9c07-6d89-4a49-a594-cacd4b776180@group-0E159EE4F99E-FollowerState: change to CANDIDATE, lastRpcTime:94ms, electionTimeout:94ms
2019-11-05 08:24:13,829 [Thread-2911] INFO  impl.RoleInfo (RoleInfo.java:shutdownFollowerState(121)) - a8ae9c07-6d89-4a49-a594-cacd4b776180: shutdown FollowerState
2019-11-05 08:24:13,829 [Thread-2911] INFO  impl.RaftServerImpl (RaftServerImpl.java:setRole(184)) - a8ae9c07-6d89-4a49-a594-cacd4b776180@group-0E159EE4F99E: changes role from  FOLLOWER to CANDIDATE at term 200 for changeToCandidate
2019-11-05 08:24:13,829 [Thread-2911] INFO  impl.RoleInfo (RoleInfo.java:updateAndGet(143)) - a8ae9c07-6d89-4a49-a594-cacd4b776180: start LeaderElection
2019-11-05 08:24:13,854 [a8ae9c07-6d89-4a49-a594-cacd4b776180@group-0E159EE4F99E-LeaderElection380] INFO  impl.LeaderElection (LeaderElection.java:askForVotes(178)) - a8ae9c07-6d89-4a49-a594-cacd4b776180@group-0E159EE4F99E-LeaderElection380: begin an election at term 201 for -1: [caafcba9-090a-41f5-a5f9-cba5a6a81e94:192.168.164.217:37197, a8ae9c07-6d89-4a49-a594-cacd4b776180:192.168.164.217:42719, b3bb9051-8089-4c51-a999-81579e5913f2:192.168.164.217:36516], old=null
2019-11-05 08:24:13,856 [grpc-default-executor-3] INFO  impl.RaftServerImpl (RaftServerImpl.java:setRole(184)) - caafcba9-090a-41f5-a5f9-cba5a6a81e94@group-0E159EE4F99E: changes role from  FOLLOWER to FOLLOWER at term 201 for recognizeCandidate:a8ae9c07-6d89-4a49-a594-cacd4b776180
2019-11-05 08:24:13,856 [grpc-default-executor-0] INFO  impl.RaftServerImpl (RaftServerImpl.java:setRole(184)) - b3bb9051-8089-4c51-a999-81579e5913f2@group-0E159EE4F99E: changes role from  FOLLOWER to FOLLOWER at term 201 for recognizeCandidate:a8ae9c07-6d89-4a49-a594-cacd4b776180
2019-11-05 08:24:13,856 [grpc-default-executor-3] INFO  impl.RoleInfo (RoleInfo.java:shutdownFollowerState(121)) - caafcba9-090a-41f5-a5f9-cba5a6a81e94: shutdown FollowerState
2019-11-05 08:24:13,856 [grpc-default-executor-0] INFO  impl.RoleInfo (RoleInfo.java:shutdownFollowerState(121)) - b3bb9051-8089-4c51-a999-81579e5913f2: shutdown FollowerState
2019-11-05 08:24:13,856 [Thread-2910] INFO  impl.FollowerState (FollowerState.java:run(117)) - caafcba9-090a-41f5-a5f9-cba5a6a81e94@group-0E159EE4F99E-FollowerState was interrupted: java.lang.InterruptedException: sleep interrupted
2019-11-05 08:24:13,856 [grpc-default-executor-3] INFO  impl.RoleInfo (RoleInfo.java:updateAndGet(143)) - caafcba9-090a-41f5-a5f9-cba5a6a81e94: start FollowerState
2019-11-05 08:24:13,856 [Thread-2909] INFO  impl.FollowerState (FollowerState.java:run(117)) - b3bb9051-8089-4c51-a999-81579e5913f2@group-0E159EE4F99E-FollowerState was interrupted: java.lang.InterruptedException: sleep interrupted
2019-11-05 08:24:13,856 [grpc-default-executor-0] INFO  impl.RoleInfo (RoleInfo.java:updateAndGet(143)) - b3bb9051-8089-4c51-a999-81579e5913f2: start FollowerState
2019-11-05 08:24:13,871 [a8ae9c07-6d89-4a49-a594-cacd4b776180@group-0E159EE4F99E-LeaderElection380] INFO  impl.LeaderElection (LeaderElection.java:logAndReturn(56)) - a8ae9c07-6d89-4a49-a594-cacd4b776180@group-0E159EE4F99E-LeaderElection380: Election REJECTED; received 2 response(s) [a8ae9c07-6d89-4a49-a594-cacd4b776180<-caafcba9-090a-41f5-a5f9-cba5a6a81e94#0:FAIL-t201, a8ae9c07-6d89-4a49-a594-cacd4b776180<-b3bb9051-8089-4c51-a999-81579e5913f2#0:FAIL-t201] and 0 exception(s); a8ae9c07-6d89-4a49-a594-cacd4b776180@group-0E159EE4F99E:t201, leader=null, voted=a8ae9c07-6d89-4a49-a594-cacd4b776180, raftlog=a8ae9c07-6d89-4a49-a594-cacd4b776180@group-0E159EE4F99E-SegmentedRaftLog:OPENED:c-1,f-1,i0, conf=-1: [caafcba9-090a-41f5-a5f9-cba5a6a81e94:192.168.164.217:37197, a8ae9c07-6d89-4a49-a594-cacd4b776180:192.168.164.217:42719, b3bb9051-8089-4c51-a999-81579e5913f2:192.168.164.217:36516], old=null
2019-11-05 08:24:13,871 [a8ae9c07-6d89-4a49-a594-cacd4b776180@group-0E159EE4F99E-LeaderElection380] INFO  impl.RaftServerImpl (RaftServerImpl.java:setRole(184)) - a8ae9c07-6d89-4a49-a594-cacd4b776180@group-0E159EE4F99E: changes role from CANDIDATE to FOLLOWER at term 201 for DISCOVERED_A_NEW_TERM
2019-11-05 08:24:13,871 [a8ae9c07-6d89-4a49-a594-cacd4b776180@group-0E159EE4F99E-LeaderElection380] INFO  impl.RoleInfo (RoleInfo.java:shutdownLeaderElection(134)) - a8ae9c07-6d89-4a49-a594-cacd4b776180: shutdown LeaderElection
2019-11-05 08:24:13,871 [a8ae9c07-6d89-4a49-a594-cacd4b776180@group-0E159EE4F99E-LeaderElection380] INFO  impl.RoleInfo (RoleInfo.java:updateAndGet(143)) - a8ae9c07-6d89-4a49-a594-cacd4b776180: start FollowerState
2019-11-05 08:24:13,881 [Thread-2925] INFO  impl.FollowerState (FollowerState.java:run(108)) - a8ae9c07-6d89-4a49-a594-cacd4b776180@group-0E159EE4F99E-FollowerState: change to CANDIDATE, lastRpcTime:10ms, electionTimeout:10ms
2019-11-05 08:24:13,881 [Thread-2925] INFO  impl.RoleInfo (RoleInfo.java:shutdownFollowerState(121)) - a8ae9c07-6d89-4a49-a594-cacd4b776180: shutdown FollowerState
2019-11-05 08:24:13,881 [Thread-2925] INFO  impl.RaftServerImpl (RaftServerImpl.java:setRole(184)) - a8ae9c07-6d89-4a49-a594-cacd4b776180@group-0E159EE4F99E: changes role from  FOLLOWER to CANDIDATE at term 201 for changeToCandidate
2019-11-05 08:24:13,881 [Thread-2925] INFO  impl.RoleInfo (RoleInfo.java:updateAndGet(143)) - a8ae9c07-6d89-4a49-a594-cacd4b776180: start LeaderElection
2019-11-05 08:24:13,895 [a8ae9c07-6d89-4a49-a594-cacd4b776180@group-0E159EE4F99E-LeaderElection381] INFO  impl.LeaderElection (LeaderElection.java:askForVotes(178)) - a8ae9c07-6d89-4a49-a594-cacd4b776180@group-0E159EE4F99E-LeaderElection381: begin an election at term 202 for -1: [caafcba9-090a-41f5-a5f9-cba5a6a81e94:192.168.164.217:37197, a8ae9c07-6d89-4a49-a594-cacd4b776180:192.168.164.217:42719, b3bb9051-8089-4c51-a999-81579e5913f2:192.168.164.217:36516], old=null
2019-11-05 08:24:13,897 [grpc-default-executor-3] INFO  impl.RaftServerImpl (RaftServerImpl.java:setRole(184)) - caafcba9-090a-41f5-a5f9-cba5a6a81e94@group-0E159EE4F99E: changes role from  FOLLOWER to FOLLOWER at term 202 for recognizeCandidate:a8ae9c07-6d89-4a49-a594-cacd4b776180
2019-11-05 08:24:13,897 [grpc-default-executor-3] INFO  impl.RoleInfo (RoleInfo.java:shutdownFollowerState(121)) - caafcba9-090a-41f5-a5f9-cba5a6a81e94: shutdown FollowerState
2019-11-05 08:24:13,897 [grpc-default-executor-0] INFO  impl.RaftServerImpl (RaftServerImpl.java:setRole(184)) - b3bb9051-8089-4c51-a999-81579e5913f2@group-0E159EE4F99E: changes role from  FOLLOWER to FOLLOWER at term 202 for recognizeCandidate:a8ae9c07-6d89-4a49-a594-cacd4b776180
2019-11-05 08:24:13,897 [grpc-default-executor-0] INFO  impl.RoleInfo (RoleInfo.java:shutdownFollowerState(121)) - b3bb9051-8089-4c51-a999-81579e5913f2: shutdown FollowerState
2019-11-05 08:24:13,897 [Thread-2923] INFO  impl.FollowerState (FollowerState.java:run(117)) - caafcba9-090a-41f5-a5f9-cba5a6a81e94@group-0E159EE4F99E-FollowerState was interrupted: java.lang.InterruptedException: sleep interrupted
2019-11-05 08:24:13,897 [grpc-default-executor-3] INFO  impl.RoleInfo (RoleInfo.java:updateAndGet(143)) - caafcba9-090a-41f5-a5f9-cba5a6a81e94: start FollowerState
2019-11-05 08:24:13,897 [Thread-2924] INFO  impl.FollowerState (FollowerState.java:run(117)) - b3bb9051-8089-4c51-a999-81579e5913f2@group-0E159EE4F99E-FollowerState was interrupted: java.lang.InterruptedException: sleep interrupted
2019-11-05 08:24:13,897 [grpc-default-executor-0] INFO  impl.RoleInfo (RoleInfo.java:updateAndGet(143)) - b3bb9051-8089-4c51-a999-81579e5913f2: start FollowerState
2019-11-05 08:24:13,912 [a8ae9c07-6d89-4a49-a594-cacd4b776180@group-0E159EE4F99E-LeaderElection381] INFO  impl.LeaderElection (LeaderElection.java:logAndReturn(56)) - a8ae9c07-6d89-4a49-a594-cacd4b776180@group-0E159EE4F99E-LeaderElection381: Election REJECTED; received 2 response(s) [a8ae9c07-6d89-4a49-a594-cacd4b776180<-caafcba9-090a-41f5-a5f9-cba5a6a81e94#0:FAIL-t202, a8ae9c07-6d89-4a49-a594-cacd4b776180<-b3bb9051-8089-4c51-a999-81579e5913f2#0:FAIL-t202] and 0 exception(s); a8ae9c07-6d89-4a49-a594-cacd4b776180@group-0E159EE4F99E:t202, leader=null, voted=a8ae9c07-6d89-4a49-a594-cacd4b776180, raftlog=a8ae9c07-6d89-4a49-a594-cacd4b776180@group-0E159EE4F99E-SegmentedRaftLog:OPENED:c-1,f-1,i0, conf=-1: [caafcba9-090a-41f5-a5f9-cba5a6a81e94:192.168.164.217:37197, a8ae9c07-6d89-4a49-a594-cacd4b776180:192.168.164.217:42719, b3bb9051-8089-4c51-a999-81579e5913f2:192.168.164.217:36516], old=null
2019-11-05 08:24:13,912 [a8ae9c07-6d89-4a49-a594-cacd4b776180@group-0E159EE4F99E-LeaderElection381] INFO  impl.RaftServerImpl (RaftServerImpl.java:setRole(184)) - a8ae9c07-6d89-4a49-a594-cacd4b776180@group-0E159EE4F99E: changes role from CANDIDATE to FOLLOWER at term 202 for DISCOVERED_A_NEW_TERM
2019-11-05 08:24:13,912 [a8ae9c07-6d89-4a49-a594-cacd4b776180@group-0E159EE4F99E-LeaderElection381] INFO  impl.RoleInfo (RoleInfo.java:shutdownLeaderElection(134)) - a8ae9c07-6d89-4a49-a594-cacd4b776180: shutdown LeaderElection
2019-11-05 08:24:13,913 [a8ae9c07-6d89-4a49-a594-cacd4b776180@group-0E159EE4F99E-LeaderElection381] INFO  impl.RoleInfo (RoleInfo.java:updateAndGet(143)) - a8ae9c07-6d89-4a49-a594-cacd4b776180: start FollowerState
2019-11-05 08:24:13,918 [Thread-2919] INFO  impl.FollowerState (FollowerState.java:run(108)) - 4a682f4f-c3f2-4b77-88b7-f0ab78890feb@group-0DB8C7688BF9-FollowerState: change to CANDIDATE, lastRpcTime:140ms, electionTimeout:140ms
2019-11-05 08:24:13,918 [Thread-2919] INFO  impl.RoleInfo (RoleInfo.java:shutdownFollowerState(121)) - 4a682f4f-c3f2-4b77-88b7-f0ab78890feb: shutdown FollowerState
2019-11-05 08:24:13,918 [Thread-2919] INFO  impl.RaftServerImpl (RaftServerImpl.java:setRole(184)) - 4a682f4f-c3f2-4b77-88b7-f0ab78890feb@group-0DB8C7688BF9: changes role from  FOLLOWER to CANDIDATE at term 191 for changeToCandidate
2019-11-05 08:24:13,918 [Thread-2919] INFO  impl.RoleInfo (RoleInfo.java:updateAndGet(143)) - 4a682f4f-c3f2-4b77-88b7-f0ab78890feb: start LeaderElection
2019-11-05 08:24:13,931 [4a682f4f-c3f2-4b77-88b7-f0ab78890feb@group-0DB8C7688BF9-LeaderElection382] INFO  impl.LeaderElection (LeaderElection.java:askForVotes(178)) - 4a682f4f-c3f2-4b77-88b7-f0ab78890feb@group-0DB8C7688BF9-LeaderElection382: begin an election at term 192 for -1: [77ab65e6-d942-49df-83a3-1d4c0bf152b3:192.168.164.217:39381, 7e1b84a9-a041-44fd-8008-f2679426984c:192.168.164.217:44149, 4a682f4f-c3f2-4b77-88b7-f0ab78890feb:192.168.164.217:34174], old=null
2019-11-05 08:24:13,933 [grpc-default-executor-3] INFO  impl.RaftServerImpl (RaftServerImpl.java:setRole(184)) - 7e1b84a9-a041-44fd-8008-f2679426984c@group-0DB8C7688BF9: changes role from  FOLLOWER to FOLLOWER at term 192 for recognizeCandidate:4a682f4f-c3f2-4b77-88b7-f0ab78890feb
2019-11-05 08:24:13,933 [grpc-default-executor-0] INFO  impl.RaftServerImpl (RaftServerImpl.java:setRole(184)) - 77ab65e6-d942-49df-83a3-1d4c0bf152b3@group-0DB8C7688BF9: changes role from  FOLLOWER to FOLLOWER at term 192 for recognizeCandidate:4a682f4f-c3f2-4b77-88b7-f0ab78890feb
2019-11-05 08:24:13,933 [grpc-default-executor-0] INFO  impl.RoleInfo (RoleInfo.java:shutdownFollowerState(121)) - 77ab65e6-d942-49df-83a3-1d4c0bf152b3: shutdown FollowerState
2019-11-05 08:24:13,933 [grpc-default-executor-3] INFO  impl.RoleInfo (RoleInfo.java:shutdownFollowerState(121)) - 7e1b84a9-a041-44fd-8008-f2679426984c: shutdown FollowerState
2019-11-05 08:24:13,933 [Thread-2917] INFO  impl.FollowerState (FollowerState.java:run(117)) - 77ab65e6-d942-49df-83a3-1d4c0bf152b3@group-0DB8C7688BF9-FollowerState was interrupted: java.lang.InterruptedException: sleep interrupted
2019-11-05 08:24:13,933 [grpc-default-executor-0] INFO  impl.RoleInfo (RoleInfo.java:updateAndGet(143)) - 77ab65e6-d942-49df-83a3-1d4c0bf152b3: start FollowerState
2019-11-05 08:24:13,933 [Thread-2918] INFO  impl.FollowerState (FollowerState.java:run(117)) - 7e1b84a9-a041-44fd-8008-f2679426984c@group-0DB8C7688BF9-FollowerState was interrupted: java.lang.InterruptedException: sleep interrupted
2019-11-05 08:24:13,933 [grpc-default-executor-3] INFO  impl.RoleInfo (RoleInfo.java:updateAndGet(143)) - 7e1b84a9-a041-44fd-8008-f2679426984c: start FollowerState
2019-11-05 08:24:13,948 [4a682f4f-c3f2-4b77-88b7-f0ab78890feb@group-0DB8C7688BF9-LeaderElection382] INFO  impl.LeaderElection (LeaderElection.java:logAndReturn(56)) - 4a682f4f-c3f2-4b77-88b7-f0ab78890feb@group-0DB8C7688BF9-LeaderElection382: Election REJECTED; received 2 response(s) [4a682f4f-c3f2-4b77-88b7-f0ab78890feb<-77ab65e6-d942-49df-83a3-1d4c0bf152b3#0:FAIL-t192, 4a682f4f-c3f2-4b77-88b7-f0ab78890feb<-7e1b84a9-a041-44fd-8008-f2679426984c#0:FAIL-t192] and 0 exception(s); 4a682f4f-c3f2-4b77-88b7-f0ab78890feb@group-0DB8C7688BF9:t192, leader=null, voted=4a682f4f-c3f2-4b77-88b7-f0ab78890feb, raftlog=4a682f4f-c3f2-4b77-88b7-f0ab78890feb@group-0DB8C7688BF9-SegmentedRaftLog:OPENED:c-1,f-1,i0, conf=-1: [77ab65e6-d942-49df-83a3-1d4c0bf152b3:192.168.164.217:39381, 7e1b84a9-a041-44fd-8008-f2679426984c:192.168.164.217:44149, 4a682f4f-c3f2-4b77-88b7-f0ab78890feb:192.168.164.217:34174], old=null
2019-11-05 08:24:13,948 [4a682f4f-c3f2-4b77-88b7-f0ab78890feb@group-0DB8C7688BF9-LeaderElection382] INFO  impl.RaftServerImpl (RaftServerImpl.java:setRole(184)) - 4a682f4f-c3f2-4b77-88b7-f0ab78890feb@group-0DB8C7688BF9: changes role from CANDIDATE to FOLLOWER at term 192 for DISCOVERED_A_NEW_TERM
2019-11-05 08:24:13,948 [4a682f4f-c3f2-4b77-88b7-f0ab78890feb@group-0DB8C7688BF9-LeaderElection382] INFO  impl.RoleInfo (RoleInfo.java:shutdownLeaderElection(134)) - 4a682f4f-c3f2-4b77-88b7-f0ab78890feb: shutdown LeaderElection
2019-11-05 08:24:13,948 [4a682f4f-c3f2-4b77-88b7-f0ab78890feb@group-0DB8C7688BF9-LeaderElection382] INFO  impl.RoleInfo (RoleInfo.java:updateAndGet(143)) - 4a682f4f-c3f2-4b77-88b7-f0ab78890feb: start FollowerState
2019-11-05 08:24:14,029 [Thread-2931] INFO  impl.FollowerState (FollowerState.java:run(108)) - a8ae9c07-6d89-4a49-a594-cacd4b776180@group-0E159EE4F99E-FollowerState: change to CANDIDATE, lastRpcTime:116ms, electionTimeout:116ms
2019-11-05 08:24:14,029 [Thread-2931] INFO  impl.RoleInfo (RoleInfo.java:shutdownFollowerState(121)) - a8ae9c07-6d89-4a49-a594-cacd4b776180: shutdown FollowerState
2019-11-05 08:24:14,029 [Thread-2931] INFO  impl.RaftServerImpl (RaftServerImpl.java:setRole(184)) - a8ae9c07-6d89-4a49-a594-cacd4b776180@group-0E159EE4F99E: changes role from  FOLLOWER to CANDIDATE at term 202 for changeToCandidate
2019-11-05 08:24:14,029 [Thread-2931] INFO  impl.RoleInfo (RoleInfo.java:updateAndGet(143)) - a8ae9c07-6d89-4a49-a594-cacd4b776180: start LeaderElection
2019-11-05 08:24:14,044 [a8ae9c07-6d89-4a49-a594-cacd4b776180@group-0E159EE4F99E-LeaderElection383] INFO  impl.LeaderElection (LeaderElection.java:askForVotes(178)) - a8ae9c07-6d89-4a49-a594-cacd4b776180@group-0E159EE4F99E-LeaderElection383: begin an election at term 203 for -1: [caafcba9-090a-41f5-a5f9-cba5a6a81e94:192.168.164.217:37197, a8ae9c07-6d89-4a49-a594-cacd4b776180:192.168.164.217:42719, b3bb9051-8089-4c51-a999-81579e5913f2:192.168.164.217:36516], old=null
2019-11-05 08:24:14,046 [grpc-default-executor-3] INFO  impl.RaftServerImpl (RaftServerImpl.java:setRole(184)) - b3bb9051-8089-4c51-a999-81579e5913f2@group-0E159EE4F99E: changes role from  FOLLOWER to FOLLOWER at term 203 for recognizeCandidate:a8ae9c07-6d89-4a49-a594-cacd4b776180
2019-11-05 08:24:14,046 [grpc-default-executor-3] INFO  impl.RoleInfo (RoleInfo.java:shutdownFollowerState(121)) - b3bb9051-8089-4c51-a999-81579e5913f2: shutdown FollowerState
2019-11-05 08:24:14,046 [grpc-default-executor-0] INFO  impl.RaftServerImpl (RaftServerImpl.java:setRole(184)) - caafcba9-090a-41f5-a5f9-cba5a6a81e94@group-0E159EE4F99E: changes role from  FOLLOWER to FOLLOWER at term 203 for recognizeCandidate:a8ae9c07-6d89-4a49-a594-cacd4b776180
2019-11-05 08:24:14,046 [grpc-default-executor-0] INFO  impl.RoleInfo (RoleInfo.java:shutdownFollowerState(121)) - caafcba9-090a-41f5-a5f9-cba5a6a81e94: shutdown FollowerState
2019-11-05 08:24:14,046 [Thread-2930] INFO  impl.FollowerState (FollowerState.java:run(117)) - b3bb9051-8089-4c51-a999-81579e5913f2@group-0E159EE4F99E-FollowerState was interrupted: java.lang.InterruptedException: sleep interrupted
2019-11-05 08:24:14,046 [grpc-default-executor-3] INFO  impl.RoleInfo (RoleInfo.java:updateAndGet(143)) - b3bb9051-8089-4c51-a999-81579e5913f2: start FollowerState
2019-11-05 08:24:14,047 [Thread-2929] INFO  impl.FollowerState (FollowerState.java:run(117)) - caafcba9-090a-41f5-a5f9-cba5a6a81e94@group-0E159EE4F99E-FollowerState was interrupted: java.lang.InterruptedException: sleep interrupted
2019-11-05 08:24:14,046 [grpc-default-executor-0] INFO  impl.RoleInfo (RoleInfo.java:updateAndGet(143)) - caafcba9-090a-41f5-a5f9-cba5a6a81e94: start FollowerState
2019-11-05 08:24:14,061 [a8ae9c07-6d89-4a49-a594-cacd4b776180@group-0E159EE4F99E-LeaderElection383] INFO  impl.LeaderElection (LeaderElection.java:logAndReturn(56)) - a8ae9c07-6d89-4a49-a594-cacd4b776180@group-0E159EE4F99E-LeaderElection383: Election REJECTED; received 2 response(s) [a8ae9c07-6d89-4a49-a594-cacd4b776180<-caafcba9-090a-41f5-a5f9-cba5a6a81e94#0:FAIL-t203, a8ae9c07-6d89-4a49-a594-cacd4b776180<-b3bb9051-8089-4c51-a999-81579e5913f2#0:FAIL-t203] and 0 exception(s); a8ae9c07-6d89-4a49-a594-cacd4b776180@group-0E159EE4F99E:t203, leader=null, voted=a8ae9c07-6d89-4a49-a594-cacd4b776180, raftlog=a8ae9c07-6d89-4a49-a594-cacd4b776180@group-0E159EE4F99E-SegmentedRaftLog:OPENED:c-1,f-1,i0, conf=-1: [caafcba9-090a-41f5-a5f9-cba5a6a81e94:192.168.164.217:37197, a8ae9c07-6d89-4a49-a594-cacd4b776180:192.168.164.217:42719, b3bb9051-8089-4c51-a999-81579e5913f2:192.168.164.217:36516], old=null
2019-11-05 08:24:14,061 [a8ae9c07-6d89-4a49-a594-cacd4b776180@group-0E159EE4F99E-LeaderElection383] INFO  impl.RaftServerImpl (RaftServerImpl.java:setRole(184)) - a8ae9c07-6d89-4a49-a594-cacd4b776180@group-0E159EE4F99E: changes role from CANDIDATE to FOLLOWER at term 203 for DISCOVERED_A_NEW_TERM
2019-11-05 08:24:14,061 [a8ae9c07-6d89-4a49-a594-cacd4b776180@group-0E159EE4F99E-LeaderElection383] INFO  impl.RoleInfo (RoleInfo.java:shutdownLeaderElection(134)) - a8ae9c07-6d89-4a49-a594-cacd4b776180: shutdown LeaderElection
2019-11-05 08:24:14,061 [a8ae9c07-6d89-4a49-a594-cacd4b776180@group-0E159EE4F99E-LeaderElection383] INFO  impl.RoleInfo (RoleInfo.java:updateAndGet(143)) - a8ae9c07-6d89-4a49-a594-cacd4b776180: start FollowerState
2019-11-05 08:24:14,145 [Thread-2937] INFO  impl.FollowerState (FollowerState.java:run(108)) - 4a682f4f-c3f2-4b77-88b7-f0ab78890feb@group-0DB8C7688BF9-FollowerState: change to CANDIDATE, lastRpcTime:197ms, electionTimeout:197ms
2019-11-05 08:24:14,145 [Thread-2937] INFO  impl.RoleInfo (RoleInfo.java:shutdownFollowerState(121)) - 4a682f4f-c3f2-4b77-88b7-f0ab78890feb: shutdown FollowerState
2019-11-05 08:24:14,146 [Thread-2937] INFO  impl.RaftServerImpl (RaftServerImpl.java:setRole(184)) - 4a682f4f-c3f2-4b77-88b7-f0ab78890feb@group-0DB8C7688BF9: changes role from  FOLLOWER to CANDIDATE at term 192 for changeToCandidate
2019-11-05 08:24:14,146 [Thread-2937] INFO  impl.RoleInfo (RoleInfo.java:updateAndGet(143)) - 4a682f4f-c3f2-4b77-88b7-f0ab78890feb: start LeaderElection
2019-11-05 08:24:14,148 [main] INFO  ozoneimpl.OzoneContainer (OzoneContainer.java:stop(227)) - Attempting to stop container services.
2019-11-05 08:24:14,148 [ForkJoinPool.commonPool-worker-0] INFO  ozoneimpl.OzoneContainer (OzoneContainer.java:stop(227)) - Attempting to stop container services.
2019-11-05 08:24:14,149 [main] INFO  impl.RaftServerProxy (RaftServerProxy.java:lambda$close$4(314)) - fe5257f1-588f-41af-bf70-1c04126c8968: close
2019-11-05 08:24:14,149 [ForkJoinPool.commonPool-worker-0] INFO  impl.RaftServerProxy (RaftServerProxy.java:lambda$close$4(314)) - caafcba9-090a-41f5-a5f9-cba5a6a81e94: close
2019-11-05 08:24:14,150 [main] INFO  impl.RaftServerImpl (RaftServerImpl.java:lambda$shutdown$3(261)) - fe5257f1-588f-41af-bf70-1c04126c8968@group-031C9BB6C8CD: shutdown
2019-11-05 08:24:14,150 [main] INFO  util.JmxRegister (JmxRegister.java:unregister(73)) - Successfully un-registered JMX Bean with object name Ratis:service=RaftServer,group=group-031C9BB6C8CD,id=fe5257f1-588f-41af-bf70-1c04126c8968
2019-11-05 08:24:14,150 [ForkJoinPool.commonPool-worker-0] INFO  impl.RaftServerImpl (RaftServerImpl.java:lambda$shutdown$3(261)) - caafcba9-090a-41f5-a5f9-cba5a6a81e94@group-E966CE950C78: shutdown
2019-11-05 08:24:14,150 [main] INFO  impl.RoleInfo (RoleInfo.java:shutdownLeaderState(104)) - fe5257f1-588f-41af-bf70-1c04126c8968: shutdown LeaderState
2019-11-05 08:24:14,151 [ForkJoinPool.commonPool-worker-0] INFO  util.JmxRegister (JmxRegister.java:unregister(73)) - Successfully un-registered JMX Bean with object name Ratis:service=RaftServer,group=group-E966CE950C78,id=caafcba9-090a-41f5-a5f9-cba5a6a81e94
2019-11-05 08:24:14,151 [main] INFO  impl.PendingRequests (PendingRequests.java:sendNotLeaderResponses(202)) - fe5257f1-588f-41af-bf70-1c04126c8968@group-031C9BB6C8CD-PendingRequests: sendNotLeaderResponses
2019-11-05 08:24:14,151 [ForkJoinPool.commonPool-worker-0] INFO  impl.RoleInfo (RoleInfo.java:shutdownLeaderState(104)) - caafcba9-090a-41f5-a5f9-cba5a6a81e94: shutdown LeaderState
2019-11-05 08:24:14,151 [main] INFO  impl.StateMachineUpdater (StateMachineUpdater.java:stopAndJoin(136)) - fe5257f1-588f-41af-bf70-1c04126c8968@group-031C9BB6C8CD-StateMachineUpdater: set stopIndex = 0
2019-11-05 08:24:14,152 [ForkJoinPool.commonPool-worker-0] INFO  impl.PendingRequests (PendingRequests.java:sendNotLeaderResponses(202)) - caafcba9-090a-41f5-a5f9-cba5a6a81e94@group-E966CE950C78-PendingRequests: sendNotLeaderResponses
2019-11-05 08:24:14,152 [ForkJoinPool.commonPool-worker-0] INFO  impl.StateMachineUpdater (StateMachineUpdater.java:stopAndJoin(136)) - caafcba9-090a-41f5-a5f9-cba5a6a81e94@group-E966CE950C78-StateMachineUpdater: set stopIndex = 0
2019-11-05 08:24:14,157 [ForkJoinPool.commonPool-worker-0] INFO  impl.RaftServerImpl (ServerState.java:close(388)) - caafcba9-090a-41f5-a5f9-cba5a6a81e94@group-E966CE950C78: closes. applyIndex: 0
2019-11-05 08:24:14,157 [main] INFO  impl.RaftServerImpl (ServerState.java:close(388)) - fe5257f1-588f-41af-bf70-1c04126c8968@group-031C9BB6C8CD: closes. applyIndex: 0
2019-11-05 08:24:14,158 [fe5257f1-588f-41af-bf70-1c04126c8968@group-031C9BB6C8CD-SegmentedRaftLogWorker] INFO  segmented.SegmentedRaftLogWorker (SegmentedRaftLogWorker.java:run(316)) - fe5257f1-588f-41af-bf70-1c04126c8968@group-031C9BB6C8CD-SegmentedRaftLogWorker was interrupted, exiting. There are 0 tasks remaining in the queue.
2019-11-05 08:24:14,158 [caafcba9-090a-41f5-a5f9-cba5a6a81e94@group-E966CE950C78-SegmentedRaftLogWorker] INFO  segmented.SegmentedRaftLogWorker (SegmentedRaftLogWorker.java:run(316)) - caafcba9-090a-41f5-a5f9-cba5a6a81e94@group-E966CE950C78-SegmentedRaftLogWorker was interrupted, exiting. There are 0 tasks remaining in the queue.
2019-11-05 08:24:14,161 [4a682f4f-c3f2-4b77-88b7-f0ab78890feb@group-0DB8C7688BF9-LeaderElection384] INFO  impl.LeaderElection (LeaderElection.java:askForVotes(178)) - 4a682f4f-c3f2-4b77-88b7-f0ab78890feb@group-0DB8C7688BF9-LeaderElection384: begin an election at term 193 for -1: [77ab65e6-d942-49df-83a3-1d4c0bf152b3:192.168.164.217:39381, 7e1b84a9-a041-44fd-8008-f2679426984c:192.168.164.217:44149, 4a682f4f-c3f2-4b77-88b7-f0ab78890feb:192.168.164.217:34174], old=null
2019-11-05 08:24:14,163 [Thread-2943] INFO  impl.FollowerState (FollowerState.java:run(108)) - a8ae9c07-6d89-4a49-a594-cacd4b776180@group-0E159EE4F99E-FollowerState: change to CANDIDATE, lastRpcTime:101ms, electionTimeout:100ms
2019-11-05 08:24:14,163 [Thread-2943] INFO  impl.RoleInfo (RoleInfo.java:shutdownFollowerState(121)) - a8ae9c07-6d89-4a49-a594-cacd4b776180: shutdown FollowerState
2019-11-05 08:24:14,163 [ForkJoinPool.commonPool-worker-0] INFO  segmented.SegmentedRaftLogWorker (SegmentedRaftLogWorker.java:close(224)) - caafcba9-090a-41f5-a5f9-cba5a6a81e94@group-E966CE950C78-SegmentedRaftLogWorker close()
2019-11-05 08:24:14,161 [main] INFO  segmented.SegmentedRaftLogWorker (SegmentedRaftLogWorker.java:close(224)) - fe5257f1-588f-41af-bf70-1c04126c8968@group-031C9BB6C8CD-SegmentedRaftLogWorker close()
2019-11-05 08:24:14,166 [ForkJoinPool.commonPool-worker-0] INFO  impl.RaftServerImpl (RaftServerImpl.java:lambda$shutdown$3(261)) - caafcba9-090a-41f5-a5f9-cba5a6a81e94@group-0E159EE4F99E: shutdown
2019-11-05 08:24:14,163 [Thread-2943] INFO  impl.RaftServerImpl (RaftServerImpl.java:setRole(184)) - a8ae9c07-6d89-4a49-a594-cacd4b776180@group-0E159EE4F99E: changes role from  FOLLOWER to CANDIDATE at term 203 for changeToCandidate
2019-11-05 08:24:14,171 [ForkJoinPool.commonPool-worker-0] INFO  util.JmxRegister (JmxRegister.java:unregister(73)) - Successfully un-registered JMX Bean with object name Ratis:service=RaftServer,group=group-0E159EE4F99E,id=caafcba9-090a-41f5-a5f9-cba5a6a81e94
2019-11-05 08:24:14,171 [ForkJoinPool.commonPool-worker-0] INFO  impl.RoleInfo (RoleInfo.java:shutdownFollowerState(121)) - caafcba9-090a-41f5-a5f9-cba5a6a81e94: shutdown FollowerState
2019-11-05 08:24:14,171 [main] INFO  impl.RaftServerImpl (RaftServerImpl.java:lambda$shutdown$3(261)) - fe5257f1-588f-41af-bf70-1c04126c8968@group-9D53872EEF85: shutdown
2019-11-05 08:24:14,171 [Thread-2942] INFO  impl.FollowerState (FollowerState.java:run(117)) - caafcba9-090a-41f5-a5f9-cba5a6a81e94@group-0E159EE4F99E-FollowerState was interrupted: java.lang.InterruptedException: sleep interrupted
2019-11-05 08:24:14,171 [ForkJoinPool.commonPool-worker-0] INFO  impl.StateMachineUpdater (StateMachineUpdater.java:stopAndJoin(136)) - caafcba9-090a-41f5-a5f9-cba5a6a81e94@group-0E159EE4F99E-StateMachineUpdater: set stopIndex = 0
2019-11-05 08:24:14,171 [Thread-2943] INFO  impl.RoleInfo (RoleInfo.java:updateAndGet(143)) - a8ae9c07-6d89-4a49-a594-cacd4b776180: start LeaderElection
2019-11-05 08:24:14,172 [ForkJoinPool.commonPool-worker-0] INFO  impl.RaftServerImpl (ServerState.java:close(388)) - caafcba9-090a-41f5-a5f9-cba5a6a81e94@group-0E159EE4F99E: closes. applyIndex: 0
2019-11-05 08:24:14,172 [grpc-default-executor-0] INFO  impl.RaftServerImpl (RaftServerImpl.java:setRole(184)) - 7e1b84a9-a041-44fd-8008-f2679426984c@group-0DB8C7688BF9: changes role from  FOLLOWER to FOLLOWER at term 193 for recognizeCandidate:4a682f4f-c3f2-4b77-88b7-f0ab78890feb
2019-11-05 08:24:14,172 [grpc-default-executor-0] INFO  impl.RoleInfo (RoleInfo.java:shutdownFollowerState(121)) - 7e1b84a9-a041-44fd-8008-f2679426984c: shutdown FollowerState
2019-11-05 08:24:14,172 [grpc-default-executor-3] INFO  impl.RaftServerImpl (RaftServerImpl.java:setRole(184)) - 77ab65e6-d942-49df-83a3-1d4c0bf152b3@group-0DB8C7688BF9: changes role from  FOLLOWER to FOLLOWER at term 193 for recognizeCandidate:4a682f4f-c3f2-4b77-88b7-f0ab78890feb
2019-11-05 08:24:14,171 [main] INFO  util.JmxRegister (JmxRegister.java:unregister(73)) - Successfully un-registered JMX Bean with object name Ratis:service=RaftServer,group=group-9D53872EEF85,id=fe5257f1-588f-41af-bf70-1c04126c8968
2019-11-05 08:24:14,173 [main] INFO  impl.RoleInfo (RoleInfo.java:shutdownFollowerState(121)) - fe5257f1-588f-41af-bf70-1c04126c8968: shutdown FollowerState
2019-11-05 08:24:14,173 [grpc-default-executor-3] INFO  impl.RoleInfo (RoleInfo.java:shutdownFollowerState(121)) - 77ab65e6-d942-49df-83a3-1d4c0bf152b3: shutdown FollowerState
2019-11-05 08:24:14,173 [Thread-2936] INFO  impl.FollowerState (FollowerState.java:run(117)) - 7e1b84a9-a041-44fd-8008-f2679426984c@group-0DB8C7688BF9-FollowerState was interrupted: java.lang.InterruptedException: sleep interrupted
2019-11-05 08:24:14,173 [grpc-default-executor-0] INFO  impl.RoleInfo (RoleInfo.java:updateAndGet(143)) - 7e1b84a9-a041-44fd-8008-f2679426984c: start FollowerState
2019-11-05 08:24:14,172 [caafcba9-090a-41f5-a5f9-cba5a6a81e94@group-0E159EE4F99E-SegmentedRaftLogWorker] INFO  segmented.SegmentedRaftLogWorker (SegmentedRaftLogWorker.java:run(316)) - caafcba9-090a-41f5-a5f9-cba5a6a81e94@group-0E159EE4F99E-SegmentedRaftLogWorker was interrupted, exiting. There are 0 tasks remaining in the queue.
2019-11-05 08:24:14,174 [Thread-2935] INFO  impl.FollowerState (FollowerState.java:run(117)) - 77ab65e6-d942-49df-83a3-1d4c0bf152b3@group-0DB8C7688BF9-FollowerState was interrupted: java.lang.InterruptedException: sleep interrupted
2019-11-05 08:24:14,174 [grpc-default-executor-3] INFO  impl.RoleInfo (RoleInfo.java:updateAndGet(143)) - 77ab65e6-d942-49df-83a3-1d4c0bf152b3: start FollowerState
2019-11-05 08:24:14,174 [fe5257f1-588f-41af-bf70-1c04126c8968@group-9D53872EEF85-StateMachineUpdater] INFO  ratis.ContainerStateMachine (ContainerStateMachine.java:takeSnapshot(294)) - group-9D53872EEF85: Taking a snapshot at:(t:4, i:18) file /workdir/hadoop-ozone/integration-test/target/test-dir/MiniOzoneClusterImpl-0ddfd79e-5774-4abb-9b8b-55ac0c17dbc1/datanode-5/data/ratis/f7f0e17c-da69-4896-85e5-9d53872eef85/sm/snapshot.4_18
2019-11-05 08:24:14,173 [Thread-398] INFO  impl.FollowerState (FollowerState.java:run(117)) - fe5257f1-588f-41af-bf70-1c04126c8968@group-9D53872EEF85-FollowerState was interrupted: java.lang.InterruptedException: sleep interrupted
2019-11-05 08:24:14,173 [main] INFO  impl.StateMachineUpdater (StateMachineUpdater.java:stopAndJoin(136)) - fe5257f1-588f-41af-bf70-1c04126c8968@group-9D53872EEF85-StateMachineUpdater: set stopIndex = 20
2019-11-05 08:24:14,176 [ForkJoinPool.commonPool-worker-0] INFO  segmented.SegmentedRaftLogWorker (SegmentedRaftLogWorker.java:close(224)) - caafcba9-090a-41f5-a5f9-cba5a6a81e94@group-0E159EE4F99E-SegmentedRaftLogWorker close()
2019-11-05 08:24:14,181 [ForkJoinPool.commonPool-worker-0] INFO  server.GrpcService (GrpcService.java:closeImpl(164)) - caafcba9-090a-41f5-a5f9-cba5a6a81e94: shutdown server with port 37197 now
2019-11-05 08:24:14,184 [ForkJoinPool.commonPool-worker-0] INFO  server.GrpcService (GrpcService.java:closeImpl(172)) - caafcba9-090a-41f5-a5f9-cba5a6a81e94: shutdown server with port 37197 successfully
2019-11-05 08:24:14,186 [a8ae9c07-6d89-4a49-a594-cacd4b776180@group-0E159EE4F99E-LeaderElection385] INFO  impl.LeaderElection (LeaderElection.java:askForVotes(178)) - a8ae9c07-6d89-4a49-a594-cacd4b776180@group-0E159EE4F99E-LeaderElection385: begin an election at term 204 for -1: [caafcba9-090a-41f5-a5f9-cba5a6a81e94:192.168.164.217:37197, a8ae9c07-6d89-4a49-a594-cacd4b776180:192.168.164.217:42719, b3bb9051-8089-4c51-a999-81579e5913f2:192.168.164.217:36516], old=null
2019-11-05 08:24:14,188 [4a682f4f-c3f2-4b77-88b7-f0ab78890feb@group-0DB8C7688BF9-LeaderElection384] INFO  impl.LeaderElection (LeaderElection.java:logAndReturn(56)) - 4a682f4f-c3f2-4b77-88b7-f0ab78890feb@group-0DB8C7688BF9-LeaderElection384: Election REJECTED; received 2 response(s) [4a682f4f-c3f2-4b77-88b7-f0ab78890feb<-77ab65e6-d942-49df-83a3-1d4c0bf152b3#0:FAIL-t193, 4a682f4f-c3f2-4b77-88b7-f0ab78890feb<-7e1b84a9-a041-44fd-8008-f2679426984c#0:FAIL-t193] and 0 exception(s); 4a682f4f-c3f2-4b77-88b7-f0ab78890feb@group-0DB8C7688BF9:t193, leader=null, voted=4a682f4f-c3f2-4b77-88b7-f0ab78890feb, raftlog=4a682f4f-c3f2-4b77-88b7-f0ab78890feb@group-0DB8C7688BF9-SegmentedRaftLog:OPENED:c-1,f-1,i0, conf=-1: [77ab65e6-d942-49df-83a3-1d4c0bf152b3:192.168.164.217:39381, 7e1b84a9-a041-44fd-8008-f2679426984c:192.168.164.217:44149, 4a682f4f-c3f2-4b77-88b7-f0ab78890feb:192.168.164.217:34174], old=null
2019-11-05 08:24:14,188 [4a682f4f-c3f2-4b77-88b7-f0ab78890feb@group-0DB8C7688BF9-LeaderElection384] INFO  impl.RaftServerImpl (RaftServerImpl.java:setRole(184)) - 4a682f4f-c3f2-4b77-88b7-f0ab78890feb@group-0DB8C7688BF9: changes role from CANDIDATE to FOLLOWER at term 193 for DISCOVERED_A_NEW_TERM
2019-11-05 08:24:14,188 [4a682f4f-c3f2-4b77-88b7-f0ab78890feb@group-0DB8C7688BF9-LeaderElection384] INFO  impl.RoleInfo (RoleInfo.java:shutdownLeaderElection(134)) - 4a682f4f-c3f2-4b77-88b7-f0ab78890feb: shutdown LeaderElection
2019-11-05 08:24:14,188 [4a682f4f-c3f2-4b77-88b7-f0ab78890feb@group-0DB8C7688BF9-LeaderElection384] INFO  impl.RoleInfo (RoleInfo.java:updateAndGet(143)) - 4a682f4f-c3f2-4b77-88b7-f0ab78890feb: start FollowerState
2019-11-05 08:24:14,188 [grpc-default-executor-4] INFO  impl.RaftServerImpl (RaftServerImpl.java:setRole(184)) - b3bb9051-8089-4c51-a999-81579e5913f2@group-0E159EE4F99E: changes role from  FOLLOWER to FOLLOWER at term 204 for recognizeCandidate:a8ae9c07-6d89-4a49-a594-cacd4b776180
2019-11-05 08:24:14,188 [grpc-default-executor-4] INFO  impl.RoleInfo (RoleInfo.java:shutdownFollowerState(121)) - b3bb9051-8089-4c51-a999-81579e5913f2: shutdown FollowerState
2019-11-05 08:24:14,188 [grpc-default-executor-4] INFO  impl.RoleInfo (RoleInfo.java:updateAndGet(143)) - b3bb9051-8089-4c51-a999-81579e5913f2: start FollowerState
2019-11-05 08:24:14,188 [Thread-2941] INFO  impl.FollowerState (FollowerState.java:run(117)) - b3bb9051-8089-4c51-a999-81579e5913f2@group-0E159EE4F99E-FollowerState was interrupted: java.lang.InterruptedException: sleep interrupted
2019-11-05 08:24:14,195 [refreshUsed-/workdir/hadoop-ozone/integration-test/target/test-dir/MiniOzoneClusterImpl-0ddfd79e-5774-4abb-9b8b-55ac0c17dbc1/datanode-2/data/containers] WARN  fs.CachingGetSpaceUsed (CachingGetSpaceUsed.java:run(183)) - Thread Interrupted waiting to refresh disk information: sleep interrupted
2019-11-05 08:24:14,205 [fe5257f1-588f-41af-bf70-1c04126c8968@group-9D53872EEF85-StateMachineUpdater] INFO  ratis.ContainerStateMachine (ContainerStateMachine.java:takeSnapshot(305)) - group-9D53872EEF85: Finished taking a snapshot at:(t:4, i:18) file:/workdir/hadoop-ozone/integration-test/target/test-dir/MiniOzoneClusterImpl-0ddfd79e-5774-4abb-9b8b-55ac0c17dbc1/datanode-5/data/ratis/f7f0e17c-da69-4896-85e5-9d53872eef85/sm/snapshot.4_18 time:32
2019-11-05 08:24:14,206 [a8ae9c07-6d89-4a49-a594-cacd4b776180@group-0E159EE4F99E-LeaderElection385] INFO  impl.LeaderElection (LogUtils.java:infoOrTrace(149)) - a8ae9c07-6d89-4a49-a594-cacd4b776180@group-0E159EE4F99E-LeaderElection385 got exception when requesting votes: {}
java.util.concurrent.ExecutionException: org.apache.ratis.thirdparty.io.grpc.StatusRuntimeException: UNAVAILABLE: io exception
	at java.util.concurrent.FutureTask.report(FutureTask.java:122)
	at java.util.concurrent.FutureTask.get(FutureTask.java:192)
	at org.apache.ratis.server.impl.LeaderElection.waitForResults(LeaderElection.java:259)
	at org.apache.ratis.server.impl.LeaderElection.askForVotes(LeaderElection.java:197)
	at org.apache.ratis.server.impl.LeaderElection.run(LeaderElection.java:133)
	at java.lang.Thread.run(Thread.java:748)
Caused by: org.apache.ratis.thirdparty.io.grpc.StatusRuntimeException: UNAVAILABLE: io exception
	at org.apache.ratis.thirdparty.io.grpc.stub.ClientCalls.toStatusRuntimeException(ClientCalls.java:233)
	at org.apache.ratis.thirdparty.io.grpc.stub.ClientCalls.getUnchecked(ClientCalls.java:214)
	at org.apache.ratis.thirdparty.io.grpc.stub.ClientCalls.blockingUnaryCall(ClientCalls.java:139)
	at org.apache.ratis.proto.grpc.RaftServerProtocolServiceGrpc$RaftServerProtocolServiceBlockingStub.requestVote(RaftServerProtocolServiceGrpc.java:265)
	at org.apache.ratis.grpc.server.GrpcServerProtocolClient.requestVote(GrpcServerProtocolClient.java:99)
	at org.apache.ratis.grpc.server.GrpcService.requestVote(GrpcService.java:204)
	at org.apache.ratis.server.impl.LeaderElection.lambda$submitRequests$1(LeaderElection.java:234)
	at java.util.concurrent.FutureTask.run(FutureTask.java:266)
	at java.util.concurrent.Executors$RunnableAdapter.call(Executors.java:511)
	at java.util.concurrent.FutureTask.run(FutureTask.java:266)
	at java.util.concurrent.ThreadPoolExecutor.runWorker(ThreadPoolExecutor.java:1149)
	at java.util.concurrent.ThreadPoolExecutor$Worker.run(ThreadPoolExecutor.java:624)
	... 1 more
Caused by: org.apache.ratis.thirdparty.io.netty.channel.AbstractChannel$AnnotatedConnectException: Connection refused: /192.168.164.217:37197
	at sun.nio.ch.SocketChannelImpl.checkConnect(Native Method)
	at sun.nio.ch.SocketChannelImpl.finishConnect(SocketChannelImpl.java:717)
	at org.apache.ratis.thirdparty.io.netty.channel.socket.nio.NioSocketChannel.doFinishConnect(NioSocketChannel.java:327)
	at org.apache.ratis.thirdparty.io.netty.channel.nio.AbstractNioChannel$AbstractNioUnsafe.finishConnect(AbstractNioChannel.java:340)
	at org.apache.ratis.thirdparty.io.netty.channel.nio.NioEventLoop.processSelectedKey(NioEventLoop.java:632)
	at org.apache.ratis.thirdparty.io.netty.channel.nio.NioEventLoop.processSelectedKeysOptimized(NioEventLoop.java:579)
	at org.apache.ratis.thirdparty.io.netty.channel.nio.NioEventLoop.processSelectedKeys(NioEventLoop.java:496)
	at org.apache.ratis.thirdparty.io.netty.channel.nio.NioEventLoop.run(NioEventLoop.java:458)
	at org.apache.ratis.thirdparty.io.netty.util.concurrent.SingleThreadEventExecutor$5.run(SingleThreadEventExecutor.java:897)
	at org.apache.ratis.thirdparty.io.netty.util.concurrent.FastThreadLocalRunnable.run(FastThreadLocalRunnable.java:30)
	... 1 more
Caused by: java.net.ConnectException: Connection refused
	... 11 more
2019-11-05 08:24:14,210 [fe5257f1-588f-41af-bf70-1c04126c8968@group-9D53872EEF85-StateMachineUpdater] INFO  impl.StateMachineUpdater (StateMachineUpdater.java:takeSnapshot(269)) - fe5257f1-588f-41af-bf70-1c04126c8968@group-9D53872EEF85-StateMachineUpdater: Took a snapshot at index 18
2019-11-05 08:24:14,214 [a8ae9c07-6d89-4a49-a594-cacd4b776180@group-0E159EE4F99E-LeaderElection385] INFO  impl.LeaderElection (LeaderElection.java:logAndReturn(56)) - a8ae9c07-6d89-4a49-a594-cacd4b776180@group-0E159EE4F99E-LeaderElection385: Election REJECTED; received 1 response(s) [a8ae9c07-6d89-4a49-a594-cacd4b776180<-b3bb9051-8089-4c51-a999-81579e5913f2#0:FAIL-t204] and 1 exception(s); a8ae9c07-6d89-4a49-a594-cacd4b776180@group-0E159EE4F99E:t204, leader=null, voted=a8ae9c07-6d89-4a49-a594-cacd4b776180, raftlog=a8ae9c07-6d89-4a49-a594-cacd4b776180@group-0E159EE4F99E-SegmentedRaftLog:OPENED:c-1,f-1,i0, conf=-1: [caafcba9-090a-41f5-a5f9-cba5a6a81e94:192.168.164.217:37197, a8ae9c07-6d89-4a49-a594-cacd4b776180:192.168.164.217:42719, b3bb9051-8089-4c51-a999-81579e5913f2:192.168.164.217:36516], old=null
2019-11-05 08:24:14,214 [fe5257f1-588f-41af-bf70-1c04126c8968@group-9D53872EEF85-StateMachineUpdater] INFO  impl.StateMachineUpdater (StateMachineUpdater.java:lambda$new$0(84)) - fe5257f1-588f-41af-bf70-1c04126c8968@group-9D53872EEF85-StateMachineUpdater: snapshotIndex: updateIncreasingly -1 -> 18
2019-11-05 08:24:14,215 [a8ae9c07-6d89-4a49-a594-cacd4b776180@group-0E159EE4F99E-LeaderElection385] INFO  impl.LeaderElection (LogUtils.java:infoOrTrace(149)) -   Exception 0: {}
java.util.concurrent.ExecutionException: org.apache.ratis.thirdparty.io.grpc.StatusRuntimeException: UNAVAILABLE: io exception
	at java.util.concurrent.FutureTask.report(FutureTask.java:122)
	at java.util.concurrent.FutureTask.get(FutureTask.java:192)
	at org.apache.ratis.server.impl.LeaderElection.waitForResults(LeaderElection.java:259)
	at org.apache.ratis.server.impl.LeaderElection.askForVotes(LeaderElection.java:197)
	at org.apache.ratis.server.impl.LeaderElection.run(LeaderElection.java:133)
	at java.lang.Thread.run(Thread.java:748)
Caused by: org.apache.ratis.thirdparty.io.grpc.StatusRuntimeException: UNAVAILABLE: io exception
	at org.apache.ratis.thirdparty.io.grpc.stub.ClientCalls.toStatusRuntimeException(ClientCalls.java:233)
	at org.apache.ratis.thirdparty.io.grpc.stub.ClientCalls.getUnchecked(ClientCalls.java:214)
	at org.apache.ratis.thirdparty.io.grpc.stub.ClientCalls.blockingUnaryCall(ClientCalls.java:139)
	at org.apache.ratis.proto.grpc.RaftServerProtocolServiceGrpc$RaftServerProtocolServiceBlockingStub.requestVote(RaftServerProtocolServiceGrpc.java:265)
	at org.apache.ratis.grpc.server.GrpcServerProtocolClient.requestVote(GrpcServerProtocolClient.java:99)
	at org.apache.ratis.grpc.server.GrpcService.requestVote(GrpcService.java:204)
	at org.apache.ratis.server.impl.LeaderElection.lambda$submitRequests$1(LeaderElection.java:234)
	at java.util.concurrent.FutureTask.run(FutureTask.java:266)
	at java.util.concurrent.Executors$RunnableAdapter.call(Executors.java:511)
	at java.util.concurrent.FutureTask.run(FutureTask.java:266)
	at java.util.concurrent.ThreadPoolExecutor.runWorker(ThreadPoolExecutor.java:1149)
	at java.util.concurrent.ThreadPoolExecutor$Worker.run(ThreadPoolExecutor.java:624)
	... 1 more
Caused by: org.apache.ratis.thirdparty.io.netty.channel.AbstractChannel$AnnotatedConnectException: Connection refused: /192.168.164.217:37197
	at sun.nio.ch.SocketChannelImpl.checkConnect(Native Method)
	at sun.nio.ch.SocketChannelImpl.finishConnect(SocketChannelImpl.java:717)
	at org.apache.ratis.thirdparty.io.netty.channel.socket.nio.NioSocketChannel.doFinishConnect(NioSocketChannel.java:327)
	at org.apache.ratis.thirdparty.io.netty.channel.nio.AbstractNioChannel$AbstractNioUnsafe.finishConnect(AbstractNioChannel.java:340)
	at org.apache.ratis.thirdparty.io.netty.channel.nio.NioEventLoop.processSelectedKey(NioEventLoop.java:632)
	at org.apache.ratis.thirdparty.io.netty.channel.nio.NioEventLoop.processSelectedKeysOptimized(NioEventLoop.java:579)
	at org.apache.ratis.thirdparty.io.netty.channel.nio.NioEventLoop.processSelectedKeys(NioEventLoop.java:496)
	at org.apache.ratis.thirdparty.io.netty.channel.nio.NioEventLoop.run(NioEventLoop.java:458)
	at org.apache.ratis.thirdparty.io.netty.util.concurrent.SingleThreadEventExecutor$5.run(SingleThreadEventExecutor.java:897)
	at org.apache.ratis.thirdparty.io.netty.util.concurrent.FastThreadLocalRunnable.run(FastThreadLocalRunnable.java:30)
	... 1 more
Caused by: java.net.ConnectException: Connection refused
	... 11 more
2019-11-05 08:24:14,216 [ForkJoinPool.commonPool-worker-0] INFO  utils.BackgroundService (BackgroundService.java:shutdown(151)) - Shutting down service BlockDeletingService
2019-11-05 08:24:14,216 [a8ae9c07-6d89-4a49-a594-cacd4b776180@group-0E159EE4F99E-LeaderElection385] INFO  impl.RaftServerImpl (RaftServerImpl.java:setRole(184)) - a8ae9c07-6d89-4a49-a594-cacd4b776180@group-0E159EE4F99E: changes role from CANDIDATE to FOLLOWER at term 204 for DISCOVERED_A_NEW_TERM
2019-11-05 08:24:14,216 [a8ae9c07-6d89-4a49-a594-cacd4b776180@group-0E159EE4F99E-LeaderElection385] INFO  impl.RoleInfo (RoleInfo.java:shutdownLeaderElection(134)) - a8ae9c07-6d89-4a49-a594-cacd4b776180: shutdown LeaderElection
2019-11-05 08:24:14,216 [a8ae9c07-6d89-4a49-a594-cacd4b776180@group-0E159EE4F99E-LeaderElection385] INFO  impl.RoleInfo (RoleInfo.java:updateAndGet(143)) - a8ae9c07-6d89-4a49-a594-cacd4b776180: start FollowerState
2019-11-05 08:24:14,223 [ForkJoinPool.commonPool-worker-0] INFO  statemachine.DatanodeStateMachine (DatanodeStateMachine.java:stopDaemon(395)) - Ozone container server stopped.
2019-11-05 08:24:14,228 [ForkJoinPool.commonPool-worker-0] INFO  handler.ContextHandler (ContextHandler.java:doStop(910)) - Stopped o.e.j.w.WebAppContext@80bfdc6{/,null,UNAVAILABLE}{/hddsDatanode}
2019-11-05 08:24:14,229 [ForkJoinPool.commonPool-worker-0] INFO  server.AbstractConnector (AbstractConnector.java:doStop(318)) - Stopped ServerConnector@6edcad64{HTTP/1.1,[http/1.1]}{0.0.0.0:0}
2019-11-05 08:24:14,230 [ForkJoinPool.commonPool-worker-0] INFO  handler.ContextHandler (ContextHandler.java:doStop(910)) - Stopped o.e.j.s.ServletContextHandler@d109c4f{/static,jar:file:/home/user/.m2/repository/org/apache/hadoop/hadoop-hdds-container-service/0.5.0-SNAPSHOT/hadoop-hdds-container-service-0.5.0-SNAPSHOT.jar!/webapps/static,UNAVAILABLE}
2019-11-05 08:24:14,232 [fe5257f1-588f-41af-bf70-1c04126c8968@group-9D53872EEF85-StateMachineUpdater] INFO  ratis.ContainerStateMachine (ContainerStateMachine.java:takeSnapshot(294)) - group-9D53872EEF85: Taking a snapshot at:(t:4, i:18) file /workdir/hadoop-ozone/integration-test/target/test-dir/MiniOzoneClusterImpl-0ddfd79e-5774-4abb-9b8b-55ac0c17dbc1/datanode-5/data/ratis/f7f0e17c-da69-4896-85e5-9d53872eef85/sm/snapshot.4_18
2019-11-05 08:24:14,232 [ForkJoinPool.commonPool-worker-0] INFO  handler.ContextHandler (ContextHandler.java:doStop(910)) - Stopped o.e.j.s.ServletContextHandler@4eba373c{/logs,file:///workdir/hadoop-ozone/integration-test/target/log,UNAVAILABLE}
2019-11-05 08:24:14,245 [fe5257f1-588f-41af-bf70-1c04126c8968@group-9D53872EEF85-StateMachineUpdater] INFO  ratis.ContainerStateMachine (ContainerStateMachine.java:takeSnapshot(305)) - group-9D53872EEF85: Finished taking a snapshot at:(t:4, i:18) file:/workdir/hadoop-ozone/integration-test/target/test-dir/MiniOzoneClusterImpl-0ddfd79e-5774-4abb-9b8b-55ac0c17dbc1/datanode-5/data/ratis/f7f0e17c-da69-4896-85e5-9d53872eef85/sm/snapshot.4_18 time:14
2019-11-05 08:24:14,245 [fe5257f1-588f-41af-bf70-1c04126c8968@group-9D53872EEF85-StateMachineUpdater] INFO  impl.StateMachineUpdater (StateMachineUpdater.java:takeSnapshot(269)) - fe5257f1-588f-41af-bf70-1c04126c8968@group-9D53872EEF85-StateMachineUpdater: Took a snapshot at index 18
2019-11-05 08:24:14,245 [fe5257f1-588f-41af-bf70-1c04126c8968@group-9D53872EEF85-StateMachineUpdater] INFO  impl.StateMachineUpdater (StateMachineUpdater.java:lambda$new$0(84)) - fe5257f1-588f-41af-bf70-1c04126c8968@group-9D53872EEF85-StateMachineUpdater: snapshotIndex: updateIncreasingly 18 -> 18
2019-11-05 08:24:14,245 [main] INFO  impl.RaftServerImpl (ServerState.java:close(388)) - fe5257f1-588f-41af-bf70-1c04126c8968@group-9D53872EEF85: closes. applyIndex: 20
2019-11-05 08:24:14,246 [fe5257f1-588f-41af-bf70-1c04126c8968@group-9D53872EEF85-SegmentedRaftLogWorker] INFO  segmented.SegmentedRaftLogWorker (SegmentedRaftLogWorker.java:run(316)) - fe5257f1-588f-41af-bf70-1c04126c8968@group-9D53872EEF85-SegmentedRaftLogWorker was interrupted, exiting. There are 0 tasks remaining in the queue.
2019-11-05 08:24:14,247 [main] INFO  segmented.SegmentedRaftLogWorker (SegmentedRaftLogWorker.java:close(224)) - fe5257f1-588f-41af-bf70-1c04126c8968@group-9D53872EEF85-SegmentedRaftLogWorker close()
2019-11-05 08:24:14,251 [main] INFO  server.GrpcService (GrpcService.java:closeImpl(164)) - fe5257f1-588f-41af-bf70-1c04126c8968: shutdown server with port 33003 now
2019-11-05 08:24:14,253 [grpc-default-executor-4] WARN  server.GrpcServerProtocolService (LogUtils.java:warn(134)) - fe5257f1-588f-41af-bf70-1c04126c8968: installSnapshot onError, lastRequest: 6189f8a4-91dd-451f-abcb-72b2dcd73465->fe5257f1-588f-41af-bf70-1c04126c8968#70-t4, previous=(t:4, i:20), leaderCommit=20, initializing? false, entries: <empty>: org.apache.ratis.thirdparty.io.grpc.StatusRuntimeException: CANCELLED: cancelled before receiving half close
2019-11-05 08:24:14,253 [main] INFO  server.GrpcService (GrpcService.java:closeImpl(172)) - fe5257f1-588f-41af-bf70-1c04126c8968: shutdown server with port 33003 successfully
2019-11-05 08:24:14,256 [grpc-default-executor-3] WARN  server.GrpcLogAppender (LogUtils.java:warn(134)) - 6189f8a4-91dd-451f-abcb-72b2dcd73465@group-9D53872EEF85->fe5257f1-588f-41af-bf70-1c04126c8968-AppendLogResponseHandler: Failed appendEntries: org.apache.ratis.thirdparty.io.grpc.StatusRuntimeException: CANCELLED: HTTP/2 error code: CANCEL
Received Rst Stream
2019-11-05 08:24:14,260 [refreshUsed-/workdir/hadoop-ozone/integration-test/target/test-dir/MiniOzoneClusterImpl-0ddfd79e-5774-4abb-9b8b-55ac0c17dbc1/datanode-5/data/containers] WARN  fs.CachingGetSpaceUsed (CachingGetSpaceUsed.java:run(183)) - Thread Interrupted waiting to refresh disk information: sleep interrupted
2019-11-05 08:24:14,280 [main] INFO  utils.BackgroundService (BackgroundService.java:shutdown(151)) - Shutting down service BlockDeletingService
2019-11-05 08:24:14,280 [Datanode State Machine Thread - 0] INFO  statemachine.DatanodeStateMachine (DatanodeStateMachine.java:lambda$startDaemon$0(350)) - Ozone container server started.
2019-11-05 08:24:14,284 [main] INFO  statemachine.DatanodeStateMachine (DatanodeStateMachine.java:stopDaemon(395)) - Ozone container server stopped.
2019-11-05 08:24:14,285 [main] INFO  handler.ContextHandler (ContextHandler.java:doStop(910)) - Stopped o.e.j.w.WebAppContext@317a118b{/,null,UNAVAILABLE}{/hddsDatanode}
2019-11-05 08:24:14,286 [main] INFO  server.AbstractConnector (AbstractConnector.java:doStop(318)) - Stopped ServerConnector@56dfab87{HTTP/1.1,[http/1.1]}{0.0.0.0:0}
2019-11-05 08:24:14,286 [main] INFO  handler.ContextHandler (ContextHandler.java:doStop(910)) - Stopped o.e.j.s.ServletContextHandler@1305c126{/static,jar:file:/home/user/.m2/repository/org/apache/hadoop/hadoop-hdds-container-service/0.5.0-SNAPSHOT/hadoop-hdds-container-service-0.5.0-SNAPSHOT.jar!/webapps/static,UNAVAILABLE}
2019-11-05 08:24:14,286 [main] INFO  handler.ContextHandler (ContextHandler.java:doStop(910)) - Stopped o.e.j.s.ServletContextHandler@5e7c141d{/logs,file:///workdir/hadoop-ozone/integration-test/target/log,UNAVAILABLE}
2019-11-05 08:24:14,293 [Thread-2952] INFO  impl.FollowerState (FollowerState.java:run(108)) - 4a682f4f-c3f2-4b77-88b7-f0ab78890feb@group-0DB8C7688BF9-FollowerState: change to CANDIDATE, lastRpcTime:104ms, electionTimeout:104ms
2019-11-05 08:24:14,293 [Thread-2952] INFO  impl.RoleInfo (RoleInfo.java:shutdownFollowerState(121)) - 4a682f4f-c3f2-4b77-88b7-f0ab78890feb: shutdown FollowerState
2019-11-05 08:24:14,293 [Thread-2952] INFO  impl.RaftServerImpl (RaftServerImpl.java:setRole(184)) - 4a682f4f-c3f2-4b77-88b7-f0ab78890feb@group-0DB8C7688BF9: changes role from  FOLLOWER to CANDIDATE at term 193 for changeToCandidate
2019-11-05 08:24:14,293 [Thread-2952] INFO  impl.RoleInfo (RoleInfo.java:updateAndGet(143)) - 4a682f4f-c3f2-4b77-88b7-f0ab78890feb: start LeaderElection
2019-11-05 08:24:14,307 [4a682f4f-c3f2-4b77-88b7-f0ab78890feb@group-0DB8C7688BF9-LeaderElection386] INFO  impl.LeaderElection (LeaderElection.java:askForVotes(178)) - 4a682f4f-c3f2-4b77-88b7-f0ab78890feb@group-0DB8C7688BF9-LeaderElection386: begin an election at term 194 for -1: [77ab65e6-d942-49df-83a3-1d4c0bf152b3:192.168.164.217:39381, 7e1b84a9-a041-44fd-8008-f2679426984c:192.168.164.217:44149, 4a682f4f-c3f2-4b77-88b7-f0ab78890feb:192.168.164.217:34174], old=null
2019-11-05 08:24:14,309 [grpc-default-executor-3] INFO  impl.RaftServerImpl (RaftServerImpl.java:setRole(184)) - 77ab65e6-d942-49df-83a3-1d4c0bf152b3@group-0DB8C7688BF9: changes role from  FOLLOWER to FOLLOWER at term 194 for recognizeCandidate:4a682f4f-c3f2-4b77-88b7-f0ab78890feb
2019-11-05 08:24:14,309 [grpc-default-executor-0] INFO  impl.RaftServerImpl (RaftServerImpl.java:setRole(184)) - 7e1b84a9-a041-44fd-8008-f2679426984c@group-0DB8C7688BF9: changes role from  FOLLOWER to FOLLOWER at term 194 for recognizeCandidate:4a682f4f-c3f2-4b77-88b7-f0ab78890feb
2019-11-05 08:24:14,309 [grpc-default-executor-3] INFO  impl.RoleInfo (RoleInfo.java:shutdownFollowerState(121)) - 77ab65e6-d942-49df-83a3-1d4c0bf152b3: shutdown FollowerState
2019-11-05 08:24:14,309 [grpc-default-executor-0] INFO  impl.RoleInfo (RoleInfo.java:shutdownFollowerState(121)) - 7e1b84a9-a041-44fd-8008-f2679426984c: shutdown FollowerState
2019-11-05 08:24:14,309 [grpc-default-executor-3] INFO  impl.RoleInfo (RoleInfo.java:updateAndGet(143)) - 77ab65e6-d942-49df-83a3-1d4c0bf152b3: start FollowerState
2019-11-05 08:24:14,310 [Thread-2948] INFO  impl.FollowerState (FollowerState.java:run(117)) - 7e1b84a9-a041-44fd-8008-f2679426984c@group-0DB8C7688BF9-FollowerState was interrupted: java.lang.InterruptedException: sleep interrupted
2019-11-05 08:24:14,309 [Thread-2949] INFO  impl.FollowerState (FollowerState.java:run(117)) - 77ab65e6-d942-49df-83a3-1d4c0bf152b3@group-0DB8C7688BF9-FollowerState was interrupted: java.lang.InterruptedException: sleep interrupted
2019-11-05 08:24:14,309 [grpc-default-executor-0] INFO  impl.RoleInfo (RoleInfo.java:updateAndGet(143)) - 7e1b84a9-a041-44fd-8008-f2679426984c: start FollowerState
2019-11-05 08:24:14,324 [4a682f4f-c3f2-4b77-88b7-f0ab78890feb@group-0DB8C7688BF9-LeaderElection386] INFO  impl.LeaderElection (LeaderElection.java:logAndReturn(56)) - 4a682f4f-c3f2-4b77-88b7-f0ab78890feb@group-0DB8C7688BF9-LeaderElection386: Election REJECTED; received 2 response(s) [4a682f4f-c3f2-4b77-88b7-f0ab78890feb<-77ab65e6-d942-49df-83a3-1d4c0bf152b3#0:FAIL-t194, 4a682f4f-c3f2-4b77-88b7-f0ab78890feb<-7e1b84a9-a041-44fd-8008-f2679426984c#0:FAIL-t194] and 0 exception(s); 4a682f4f-c3f2-4b77-88b7-f0ab78890feb@group-0DB8C7688BF9:t194, leader=null, voted=4a682f4f-c3f2-4b77-88b7-f0ab78890feb, raftlog=4a682f4f-c3f2-4b77-88b7-f0ab78890feb@group-0DB8C7688BF9-SegmentedRaftLog:OPENED:c-1,f-1,i0, conf=-1: [77ab65e6-d942-49df-83a3-1d4c0bf152b3:192.168.164.217:39381, 7e1b84a9-a041-44fd-8008-f2679426984c:192.168.164.217:44149, 4a682f4f-c3f2-4b77-88b7-f0ab78890feb:192.168.164.217:34174], old=null
2019-11-05 08:24:14,324 [4a682f4f-c3f2-4b77-88b7-f0ab78890feb@group-0DB8C7688BF9-LeaderElection386] INFO  impl.RaftServerImpl (RaftServerImpl.java:setRole(184)) - 4a682f4f-c3f2-4b77-88b7-f0ab78890feb@group-0DB8C7688BF9: changes role from CANDIDATE to FOLLOWER at term 194 for DISCOVERED_A_NEW_TERM
2019-11-05 08:24:14,324 [4a682f4f-c3f2-4b77-88b7-f0ab78890feb@group-0DB8C7688BF9-LeaderElection386] INFO  impl.RoleInfo (RoleInfo.java:shutdownLeaderElection(134)) - 4a682f4f-c3f2-4b77-88b7-f0ab78890feb: shutdown LeaderElection
2019-11-05 08:24:14,324 [4a682f4f-c3f2-4b77-88b7-f0ab78890feb@group-0DB8C7688BF9-LeaderElection386] INFO  impl.RoleInfo (RoleInfo.java:updateAndGet(143)) - 4a682f4f-c3f2-4b77-88b7-f0ab78890feb: start FollowerState
2019-11-05 08:24:14,347 [Thread-2954] INFO  impl.FollowerState (FollowerState.java:run(108)) - a8ae9c07-6d89-4a49-a594-cacd4b776180@group-0E159EE4F99E-FollowerState: change to CANDIDATE, lastRpcTime:131ms, electionTimeout:131ms
2019-11-05 08:24:14,348 [Thread-2954] INFO  impl.RoleInfo (RoleInfo.java:shutdownFollowerState(121)) - a8ae9c07-6d89-4a49-a594-cacd4b776180: shutdown FollowerState
2019-11-05 08:24:14,348 [Thread-2954] INFO  impl.RaftServerImpl (RaftServerImpl.java:setRole(184)) - a8ae9c07-6d89-4a49-a594-cacd4b776180@group-0E159EE4F99E: changes role from  FOLLOWER to CANDIDATE at term 204 for changeToCandidate
2019-11-05 08:24:14,348 [Thread-2954] INFO  impl.RoleInfo (RoleInfo.java:updateAndGet(143)) - a8ae9c07-6d89-4a49-a594-cacd4b776180: start LeaderElection
2019-11-05 08:24:14,362 [a8ae9c07-6d89-4a49-a594-cacd4b776180@group-0E159EE4F99E-LeaderElection387] INFO  impl.LeaderElection (LeaderElection.java:askForVotes(178)) - a8ae9c07-6d89-4a49-a594-cacd4b776180@group-0E159EE4F99E-LeaderElection387: begin an election at term 205 for -1: [caafcba9-090a-41f5-a5f9-cba5a6a81e94:192.168.164.217:37197, a8ae9c07-6d89-4a49-a594-cacd4b776180:192.168.164.217:42719, b3bb9051-8089-4c51-a999-81579e5913f2:192.168.164.217:36516], old=null
2019-11-05 08:24:14,362 [a8ae9c07-6d89-4a49-a594-cacd4b776180@group-0E159EE4F99E-LeaderElection387] INFO  impl.LeaderElection (LogUtils.java:infoOrTrace(149)) - a8ae9c07-6d89-4a49-a594-cacd4b776180@group-0E159EE4F99E-LeaderElection387 got exception when requesting votes: {}
java.util.concurrent.ExecutionException: org.apache.ratis.thirdparty.io.grpc.StatusRuntimeException: UNAVAILABLE: io exception
	at java.util.concurrent.FutureTask.report(FutureTask.java:122)
	at java.util.concurrent.FutureTask.get(FutureTask.java:192)
	at org.apache.ratis.server.impl.LeaderElection.waitForResults(LeaderElection.java:259)
	at org.apache.ratis.server.impl.LeaderElection.askForVotes(LeaderElection.java:197)
	at org.apache.ratis.server.impl.LeaderElection.run(LeaderElection.java:133)
	at java.lang.Thread.run(Thread.java:748)
Caused by: org.apache.ratis.thirdparty.io.grpc.StatusRuntimeException: UNAVAILABLE: io exception
	at org.apache.ratis.thirdparty.io.grpc.stub.ClientCalls.toStatusRuntimeException(ClientCalls.java:233)
	at org.apache.ratis.thirdparty.io.grpc.stub.ClientCalls.getUnchecked(ClientCalls.java:214)
	at org.apache.ratis.thirdparty.io.grpc.stub.ClientCalls.blockingUnaryCall(ClientCalls.java:139)
	at org.apache.ratis.proto.grpc.RaftServerProtocolServiceGrpc$RaftServerProtocolServiceBlockingStub.requestVote(RaftServerProtocolServiceGrpc.java:265)
	at org.apache.ratis.grpc.server.GrpcServerProtocolClient.requestVote(GrpcServerProtocolClient.java:99)
	at org.apache.ratis.grpc.server.GrpcService.requestVote(GrpcService.java:204)
	at org.apache.ratis.server.impl.LeaderElection.lambda$submitRequests$1(LeaderElection.java:234)
	at java.util.concurrent.FutureTask.run(FutureTask.java:266)
	at java.util.concurrent.Executors$RunnableAdapter.call(Executors.java:511)
	at java.util.concurrent.FutureTask.run(FutureTask.java:266)
	at java.util.concurrent.ThreadPoolExecutor.runWorker(ThreadPoolExecutor.java:1149)
	at java.util.concurrent.ThreadPoolExecutor$Worker.run(ThreadPoolExecutor.java:624)
	... 1 more
Caused by: org.apache.ratis.thirdparty.io.netty.channel.AbstractChannel$AnnotatedConnectException: Connection refused: /192.168.164.217:37197
	at sun.nio.ch.SocketChannelImpl.checkConnect(Native Method)
	at sun.nio.ch.SocketChannelImpl.finishConnect(SocketChannelImpl.java:717)
	at org.apache.ratis.thirdparty.io.netty.channel.socket.nio.NioSocketChannel.doFinishConnect(NioSocketChannel.java:327)
	at org.apache.ratis.thirdparty.io.netty.channel.nio.AbstractNioChannel$AbstractNioUnsafe.finishConnect(AbstractNioChannel.java:340)
	at org.apache.ratis.thirdparty.io.netty.channel.nio.NioEventLoop.processSelectedKey(NioEventLoop.java:632)
	at org.apache.ratis.thirdparty.io.netty.channel.nio.NioEventLoop.processSelectedKeysOptimized(NioEventLoop.java:579)
	at org.apache.ratis.thirdparty.io.netty.channel.nio.NioEventLoop.processSelectedKeys(NioEventLoop.java:496)
	at org.apache.ratis.thirdparty.io.netty.channel.nio.NioEventLoop.run(NioEventLoop.java:458)
	at org.apache.ratis.thirdparty.io.netty.util.concurrent.SingleThreadEventExecutor$5.run(SingleThreadEventExecutor.java:897)
	at org.apache.ratis.thirdparty.io.netty.util.concurrent.FastThreadLocalRunnable.run(FastThreadLocalRunnable.java:30)
	... 1 more
Caused by: java.net.ConnectException: Connection refused
	... 11 more
2019-11-05 08:24:14,366 [grpc-default-executor-0] INFO  impl.RaftServerImpl (RaftServerImpl.java:setRole(184)) - b3bb9051-8089-4c51-a999-81579e5913f2@group-0E159EE4F99E: changes role from  FOLLOWER to FOLLOWER at term 205 for recognizeCandidate:a8ae9c07-6d89-4a49-a594-cacd4b776180
2019-11-05 08:24:14,366 [grpc-default-executor-0] INFO  impl.RoleInfo (RoleInfo.java:shutdownFollowerState(121)) - b3bb9051-8089-4c51-a999-81579e5913f2: shutdown FollowerState
2019-11-05 08:24:14,366 [grpc-default-executor-0] INFO  impl.RoleInfo (RoleInfo.java:updateAndGet(143)) - b3bb9051-8089-4c51-a999-81579e5913f2: start FollowerState
2019-11-05 08:24:14,366 [Thread-2953] INFO  impl.FollowerState (FollowerState.java:run(117)) - b3bb9051-8089-4c51-a999-81579e5913f2@group-0E159EE4F99E-FollowerState was interrupted: java.lang.InterruptedException: sleep interrupted
2019-11-05 08:24:14,370 [Thread-2961] INFO  impl.FollowerState (FollowerState.java:run(108)) - 4a682f4f-c3f2-4b77-88b7-f0ab78890feb@group-0DB8C7688BF9-FollowerState: change to CANDIDATE, lastRpcTime:45ms, electionTimeout:45ms
2019-11-05 08:24:14,370 [Thread-2961] INFO  impl.RoleInfo (RoleInfo.java:shutdownFollowerState(121)) - 4a682f4f-c3f2-4b77-88b7-f0ab78890feb: shutdown FollowerState
2019-11-05 08:24:14,370 [Thread-2961] INFO  impl.RaftServerImpl (RaftServerImpl.java:setRole(184)) - 4a682f4f-c3f2-4b77-88b7-f0ab78890feb@group-0DB8C7688BF9: changes role from  FOLLOWER to CANDIDATE at term 194 for changeToCandidate
2019-11-05 08:24:14,370 [Thread-2961] INFO  impl.RoleInfo (RoleInfo.java:updateAndGet(143)) - 4a682f4f-c3f2-4b77-88b7-f0ab78890feb: start LeaderElection
2019-11-05 08:24:14,380 [4a682f4f-c3f2-4b77-88b7-f0ab78890feb@group-0DB8C7688BF9-LeaderElection388] INFO  impl.LeaderElection (LeaderElection.java:askForVotes(178)) - 4a682f4f-c3f2-4b77-88b7-f0ab78890feb@group-0DB8C7688BF9-LeaderElection388: begin an election at term 195 for -1: [77ab65e6-d942-49df-83a3-1d4c0bf152b3:192.168.164.217:39381, 7e1b84a9-a041-44fd-8008-f2679426984c:192.168.164.217:44149, 4a682f4f-c3f2-4b77-88b7-f0ab78890feb:192.168.164.217:34174], old=null
2019-11-05 08:24:14,380 [a8ae9c07-6d89-4a49-a594-cacd4b776180@group-0E159EE4F99E-LeaderElection387] INFO  impl.LeaderElection (LeaderElection.java:logAndReturn(56)) - a8ae9c07-6d89-4a49-a594-cacd4b776180@group-0E159EE4F99E-LeaderElection387: Election REJECTED; received 1 response(s) [a8ae9c07-6d89-4a49-a594-cacd4b776180<-b3bb9051-8089-4c51-a999-81579e5913f2#0:FAIL-t205] and 1 exception(s); a8ae9c07-6d89-4a49-a594-cacd4b776180@group-0E159EE4F99E:t205, leader=null, voted=a8ae9c07-6d89-4a49-a594-cacd4b776180, raftlog=a8ae9c07-6d89-4a49-a594-cacd4b776180@group-0E159EE4F99E-SegmentedRaftLog:OPENED:c-1,f-1,i0, conf=-1: [caafcba9-090a-41f5-a5f9-cba5a6a81e94:192.168.164.217:37197, a8ae9c07-6d89-4a49-a594-cacd4b776180:192.168.164.217:42719, b3bb9051-8089-4c51-a999-81579e5913f2:192.168.164.217:36516], old=null
2019-11-05 08:24:14,380 [a8ae9c07-6d89-4a49-a594-cacd4b776180@group-0E159EE4F99E-LeaderElection387] INFO  impl.LeaderElection (LogUtils.java:infoOrTrace(149)) -   Exception 0: {}
java.util.concurrent.ExecutionException: org.apache.ratis.thirdparty.io.grpc.StatusRuntimeException: UNAVAILABLE: io exception
	at java.util.concurrent.FutureTask.report(FutureTask.java:122)
	at java.util.concurrent.FutureTask.get(FutureTask.java:192)
	at org.apache.ratis.server.impl.LeaderElection.waitForResults(LeaderElection.java:259)
	at org.apache.ratis.server.impl.LeaderElection.askForVotes(LeaderElection.java:197)
	at org.apache.ratis.server.impl.LeaderElection.run(LeaderElection.java:133)
	at java.lang.Thread.run(Thread.java:748)
Caused by: org.apache.ratis.thirdparty.io.grpc.StatusRuntimeException: UNAVAILABLE: io exception
	at org.apache.ratis.thirdparty.io.grpc.stub.ClientCalls.toStatusRuntimeException(ClientCalls.java:233)
	at org.apache.ratis.thirdparty.io.grpc.stub.ClientCalls.getUnchecked(ClientCalls.java:214)
	at org.apache.ratis.thirdparty.io.grpc.stub.ClientCalls.blockingUnaryCall(ClientCalls.java:139)
	at org.apache.ratis.proto.grpc.RaftServerProtocolServiceGrpc$RaftServerProtocolServiceBlockingStub.requestVote(RaftServerProtocolServiceGrpc.java:265)
	at org.apache.ratis.grpc.server.GrpcServerProtocolClient.requestVote(GrpcServerProtocolClient.java:99)
	at org.apache.ratis.grpc.server.GrpcService.requestVote(GrpcService.java:204)
	at org.apache.ratis.server.impl.LeaderElection.lambda$submitRequests$1(LeaderElection.java:234)
	at java.util.concurrent.FutureTask.run(FutureTask.java:266)
	at java.util.concurrent.Executors$RunnableAdapter.call(Executors.java:511)
	at java.util.concurrent.FutureTask.run(FutureTask.java:266)
	at java.util.concurrent.ThreadPoolExecutor.runWorker(ThreadPoolExecutor.java:1149)
	at java.util.concurrent.ThreadPoolExecutor$Worker.run(ThreadPoolExecutor.java:624)
	... 1 more
Caused by: org.apache.ratis.thirdparty.io.netty.channel.AbstractChannel$AnnotatedConnectException: Connection refused: /192.168.164.217:37197
	at sun.nio.ch.SocketChannelImpl.checkConnect(Native Method)
	at sun.nio.ch.SocketChannelImpl.finishConnect(SocketChannelImpl.java:717)
	at org.apache.ratis.thirdparty.io.netty.channel.socket.nio.NioSocketChannel.doFinishConnect(NioSocketChannel.java:327)
	at org.apache.ratis.thirdparty.io.netty.channel.nio.AbstractNioChannel$AbstractNioUnsafe.finishConnect(AbstractNioChannel.java:340)
	at org.apache.ratis.thirdparty.io.netty.channel.nio.NioEventLoop.processSelectedKey(NioEventLoop.java:632)
	at org.apache.ratis.thirdparty.io.netty.channel.nio.NioEventLoop.processSelectedKeysOptimized(NioEventLoop.java:579)
	at org.apache.ratis.thirdparty.io.netty.channel.nio.NioEventLoop.processSelectedKeys(NioEventLoop.java:496)
	at org.apache.ratis.thirdparty.io.netty.channel.nio.NioEventLoop.run(NioEventLoop.java:458)
	at org.apache.ratis.thirdparty.io.netty.util.concurrent.SingleThreadEventExecutor$5.run(SingleThreadEventExecutor.java:897)
	at org.apache.ratis.thirdparty.io.netty.util.concurrent.FastThreadLocalRunnable.run(FastThreadLocalRunnable.java:30)
	... 1 more
Caused by: java.net.ConnectException: Connection refused
	... 11 more
2019-11-05 08:24:14,381 [a8ae9c07-6d89-4a49-a594-cacd4b776180@group-0E159EE4F99E-LeaderElection387] INFO  impl.RaftServerImpl (RaftServerImpl.java:setRole(184)) - a8ae9c07-6d89-4a49-a594-cacd4b776180@group-0E159EE4F99E: changes role from CANDIDATE to FOLLOWER at term 205 for DISCOVERED_A_NEW_TERM
2019-11-05 08:24:14,381 [a8ae9c07-6d89-4a49-a594-cacd4b776180@group-0E159EE4F99E-LeaderElection387] INFO  impl.RoleInfo (RoleInfo.java:shutdownLeaderElection(134)) - a8ae9c07-6d89-4a49-a594-cacd4b776180: shutdown LeaderElection
2019-11-05 08:24:14,381 [a8ae9c07-6d89-4a49-a594-cacd4b776180@group-0E159EE4F99E-LeaderElection387] INFO  impl.RoleInfo (RoleInfo.java:updateAndGet(143)) - a8ae9c07-6d89-4a49-a594-cacd4b776180: start FollowerState
2019-11-05 08:24:14,382 [grpc-default-executor-0] INFO  impl.RaftServerImpl (RaftServerImpl.java:setRole(184)) - 7e1b84a9-a041-44fd-8008-f2679426984c@group-0DB8C7688BF9: changes role from  FOLLOWER to FOLLOWER at term 195 for recognizeCandidate:4a682f4f-c3f2-4b77-88b7-f0ab78890feb
2019-11-05 08:24:14,382 [grpc-default-executor-0] INFO  impl.RoleInfo (RoleInfo.java:shutdownFollowerState(121)) - 7e1b84a9-a041-44fd-8008-f2679426984c: shutdown FollowerState
2019-11-05 08:24:14,382 [grpc-default-executor-0] INFO  impl.RoleInfo (RoleInfo.java:updateAndGet(143)) - 7e1b84a9-a041-44fd-8008-f2679426984c: start FollowerState
2019-11-05 08:24:14,382 [Thread-2960] INFO  impl.FollowerState (FollowerState.java:run(117)) - 7e1b84a9-a041-44fd-8008-f2679426984c@group-0DB8C7688BF9-FollowerState was interrupted: java.lang.InterruptedException: sleep interrupted
2019-11-05 08:24:14,382 [grpc-default-executor-3] INFO  impl.RaftServerImpl (RaftServerImpl.java:setRole(184)) - 77ab65e6-d942-49df-83a3-1d4c0bf152b3@group-0DB8C7688BF9: changes role from  FOLLOWER to FOLLOWER at term 195 for recognizeCandidate:4a682f4f-c3f2-4b77-88b7-f0ab78890feb
2019-11-05 08:24:14,383 [grpc-default-executor-3] INFO  impl.RoleInfo (RoleInfo.java:shutdownFollowerState(121)) - 77ab65e6-d942-49df-83a3-1d4c0bf152b3: shutdown FollowerState
2019-11-05 08:24:14,383 [grpc-default-executor-3] INFO  impl.RoleInfo (RoleInfo.java:updateAndGet(143)) - 77ab65e6-d942-49df-83a3-1d4c0bf152b3: start FollowerState
2019-11-05 08:24:14,383 [Thread-2959] INFO  impl.FollowerState (FollowerState.java:run(117)) - 77ab65e6-d942-49df-83a3-1d4c0bf152b3@group-0DB8C7688BF9-FollowerState was interrupted: java.lang.InterruptedException: sleep interrupted
2019-11-05 08:24:14,396 [4a682f4f-c3f2-4b77-88b7-f0ab78890feb@group-0DB8C7688BF9-LeaderElection388] INFO  impl.LeaderElection (LeaderElection.java:logAndReturn(56)) - 4a682f4f-c3f2-4b77-88b7-f0ab78890feb@group-0DB8C7688BF9-LeaderElection388: Election REJECTED; received 2 response(s) [4a682f4f-c3f2-4b77-88b7-f0ab78890feb<-77ab65e6-d942-49df-83a3-1d4c0bf152b3#0:FAIL-t195, 4a682f4f-c3f2-4b77-88b7-f0ab78890feb<-7e1b84a9-a041-44fd-8008-f2679426984c#0:FAIL-t195] and 0 exception(s); 4a682f4f-c3f2-4b77-88b7-f0ab78890feb@group-0DB8C7688BF9:t195, leader=null, voted=4a682f4f-c3f2-4b77-88b7-f0ab78890feb, raftlog=4a682f4f-c3f2-4b77-88b7-f0ab78890feb@group-0DB8C7688BF9-SegmentedRaftLog:OPENED:c-1,f-1,i0, conf=-1: [77ab65e6-d942-49df-83a3-1d4c0bf152b3:192.168.164.217:39381, 7e1b84a9-a041-44fd-8008-f2679426984c:192.168.164.217:44149, 4a682f4f-c3f2-4b77-88b7-f0ab78890feb:192.168.164.217:34174], old=null
2019-11-05 08:24:14,396 [4a682f4f-c3f2-4b77-88b7-f0ab78890feb@group-0DB8C7688BF9-LeaderElection388] INFO  impl.RaftServerImpl (RaftServerImpl.java:setRole(184)) - 4a682f4f-c3f2-4b77-88b7-f0ab78890feb@group-0DB8C7688BF9: changes role from CANDIDATE to FOLLOWER at term 195 for DISCOVERED_A_NEW_TERM
2019-11-05 08:24:14,396 [4a682f4f-c3f2-4b77-88b7-f0ab78890feb@group-0DB8C7688BF9-LeaderElection388] INFO  impl.RoleInfo (RoleInfo.java:shutdownLeaderElection(134)) - 4a682f4f-c3f2-4b77-88b7-f0ab78890feb: shutdown LeaderElection
2019-11-05 08:24:14,396 [4a682f4f-c3f2-4b77-88b7-f0ab78890feb@group-0DB8C7688BF9-LeaderElection388] INFO  impl.RoleInfo (RoleInfo.java:updateAndGet(143)) - 4a682f4f-c3f2-4b77-88b7-f0ab78890feb: start FollowerState
2019-11-05 08:24:14,474 [Thread-2969] INFO  impl.FollowerState (FollowerState.java:run(108)) - a8ae9c07-6d89-4a49-a594-cacd4b776180@group-0E159EE4F99E-FollowerState: change to CANDIDATE, lastRpcTime:92ms, electionTimeout:92ms
2019-11-05 08:24:14,474 [Thread-2969] INFO  impl.RoleInfo (RoleInfo.java:shutdownFollowerState(121)) - a8ae9c07-6d89-4a49-a594-cacd4b776180: shutdown FollowerState
2019-11-05 08:24:14,474 [Thread-2969] INFO  impl.RaftServerImpl (RaftServerImpl.java:setRole(184)) - a8ae9c07-6d89-4a49-a594-cacd4b776180@group-0E159EE4F99E: changes role from  FOLLOWER to CANDIDATE at term 205 for changeToCandidate
2019-11-05 08:24:14,474 [Thread-2969] INFO  impl.RoleInfo (RoleInfo.java:updateAndGet(143)) - a8ae9c07-6d89-4a49-a594-cacd4b776180: start LeaderElection
2019-11-05 08:24:14,487 [a8ae9c07-6d89-4a49-a594-cacd4b776180@group-0E159EE4F99E-LeaderElection389] INFO  impl.LeaderElection (LeaderElection.java:askForVotes(178)) - a8ae9c07-6d89-4a49-a594-cacd4b776180@group-0E159EE4F99E-LeaderElection389: begin an election at term 206 for -1: [caafcba9-090a-41f5-a5f9-cba5a6a81e94:192.168.164.217:37197, a8ae9c07-6d89-4a49-a594-cacd4b776180:192.168.164.217:42719, b3bb9051-8089-4c51-a999-81579e5913f2:192.168.164.217:36516], old=null
2019-11-05 08:24:14,488 [a8ae9c07-6d89-4a49-a594-cacd4b776180@group-0E159EE4F99E-LeaderElection389] INFO  impl.LeaderElection (LogUtils.java:infoOrTrace(149)) - a8ae9c07-6d89-4a49-a594-cacd4b776180@group-0E159EE4F99E-LeaderElection389 got exception when requesting votes: {}
java.util.concurrent.ExecutionException: org.apache.ratis.thirdparty.io.grpc.StatusRuntimeException: UNAVAILABLE: io exception
	at java.util.concurrent.FutureTask.report(FutureTask.java:122)
	at java.util.concurrent.FutureTask.get(FutureTask.java:192)
	at org.apache.ratis.server.impl.LeaderElection.waitForResults(LeaderElection.java:259)
	at org.apache.ratis.server.impl.LeaderElection.askForVotes(LeaderElection.java:197)
	at org.apache.ratis.server.impl.LeaderElection.run(LeaderElection.java:133)
	at java.lang.Thread.run(Thread.java:748)
Caused by: org.apache.ratis.thirdparty.io.grpc.StatusRuntimeException: UNAVAILABLE: io exception
	at org.apache.ratis.thirdparty.io.grpc.stub.ClientCalls.toStatusRuntimeException(ClientCalls.java:233)
	at org.apache.ratis.thirdparty.io.grpc.stub.ClientCalls.getUnchecked(ClientCalls.java:214)
	at org.apache.ratis.thirdparty.io.grpc.stub.ClientCalls.blockingUnaryCall(ClientCalls.java:139)
	at org.apache.ratis.proto.grpc.RaftServerProtocolServiceGrpc$RaftServerProtocolServiceBlockingStub.requestVote(RaftServerProtocolServiceGrpc.java:265)
	at org.apache.ratis.grpc.server.GrpcServerProtocolClient.requestVote(GrpcServerProtocolClient.java:99)
	at org.apache.ratis.grpc.server.GrpcService.requestVote(GrpcService.java:204)
	at org.apache.ratis.server.impl.LeaderElection.lambda$submitRequests$1(LeaderElection.java:234)
	at java.util.concurrent.FutureTask.run(FutureTask.java:266)
	at java.util.concurrent.Executors$RunnableAdapter.call(Executors.java:511)
	at java.util.concurrent.FutureTask.run(FutureTask.java:266)
	at java.util.concurrent.ThreadPoolExecutor.runWorker(ThreadPoolExecutor.java:1149)
	at java.util.concurrent.ThreadPoolExecutor$Worker.run(ThreadPoolExecutor.java:624)
	... 1 more
Caused by: org.apache.ratis.thirdparty.io.netty.channel.AbstractChannel$AnnotatedConnectException: Connection refused: /192.168.164.217:37197
	at sun.nio.ch.SocketChannelImpl.checkConnect(Native Method)
	at sun.nio.ch.SocketChannelImpl.finishConnect(SocketChannelImpl.java:717)
	at org.apache.ratis.thirdparty.io.netty.channel.socket.nio.NioSocketChannel.doFinishConnect(NioSocketChannel.java:327)
	at org.apache.ratis.thirdparty.io.netty.channel.nio.AbstractNioChannel$AbstractNioUnsafe.finishConnect(AbstractNioChannel.java:340)
	at org.apache.ratis.thirdparty.io.netty.channel.nio.NioEventLoop.processSelectedKey(NioEventLoop.java:632)
	at org.apache.ratis.thirdparty.io.netty.channel.nio.NioEventLoop.processSelectedKeysOptimized(NioEventLoop.java:579)
	at org.apache.ratis.thirdparty.io.netty.channel.nio.NioEventLoop.processSelectedKeys(NioEventLoop.java:496)
	at org.apache.ratis.thirdparty.io.netty.channel.nio.NioEventLoop.run(NioEventLoop.java:458)
	at org.apache.ratis.thirdparty.io.netty.util.concurrent.SingleThreadEventExecutor$5.run(SingleThreadEventExecutor.java:897)
	at org.apache.ratis.thirdparty.io.netty.util.concurrent.FastThreadLocalRunnable.run(FastThreadLocalRunnable.java:30)
	... 1 more
Caused by: java.net.ConnectException: Connection refused
	... 11 more
2019-11-05 08:24:14,492 [grpc-default-executor-3] INFO  impl.RaftServerImpl (RaftServerImpl.java:setRole(184)) - b3bb9051-8089-4c51-a999-81579e5913f2@group-0E159EE4F99E: changes role from  FOLLOWER to FOLLOWER at term 206 for recognizeCandidate:a8ae9c07-6d89-4a49-a594-cacd4b776180
2019-11-05 08:24:14,492 [grpc-default-executor-3] INFO  impl.RoleInfo (RoleInfo.java:shutdownFollowerState(121)) - b3bb9051-8089-4c51-a999-81579e5913f2: shutdown FollowerState
2019-11-05 08:24:14,492 [grpc-default-executor-3] INFO  impl.RoleInfo (RoleInfo.java:updateAndGet(143)) - b3bb9051-8089-4c51-a999-81579e5913f2: start FollowerState
2019-11-05 08:24:14,492 [Thread-2965] INFO  impl.FollowerState (FollowerState.java:run(117)) - b3bb9051-8089-4c51-a999-81579e5913f2@group-0E159EE4F99E-FollowerState was interrupted: java.lang.InterruptedException: sleep interrupted
2019-11-05 08:24:14,505 [a8ae9c07-6d89-4a49-a594-cacd4b776180@group-0E159EE4F99E-LeaderElection389] INFO  impl.LeaderElection (LeaderElection.java:logAndReturn(56)) - a8ae9c07-6d89-4a49-a594-cacd4b776180@group-0E159EE4F99E-LeaderElection389: Election REJECTED; received 1 response(s) [a8ae9c07-6d89-4a49-a594-cacd4b776180<-b3bb9051-8089-4c51-a999-81579e5913f2#0:FAIL-t206] and 1 exception(s); a8ae9c07-6d89-4a49-a594-cacd4b776180@group-0E159EE4F99E:t206, leader=null, voted=a8ae9c07-6d89-4a49-a594-cacd4b776180, raftlog=a8ae9c07-6d89-4a49-a594-cacd4b776180@group-0E159EE4F99E-SegmentedRaftLog:OPENED:c-1,f-1,i0, conf=-1: [caafcba9-090a-41f5-a5f9-cba5a6a81e94:192.168.164.217:37197, a8ae9c07-6d89-4a49-a594-cacd4b776180:192.168.164.217:42719, b3bb9051-8089-4c51-a999-81579e5913f2:192.168.164.217:36516], old=null
2019-11-05 08:24:14,505 [a8ae9c07-6d89-4a49-a594-cacd4b776180@group-0E159EE4F99E-LeaderElection389] INFO  impl.LeaderElection (LogUtils.java:infoOrTrace(149)) -   Exception 0: {}
java.util.concurrent.ExecutionException: org.apache.ratis.thirdparty.io.grpc.StatusRuntimeException: UNAVAILABLE: io exception
	at java.util.concurrent.FutureTask.report(FutureTask.java:122)
	at java.util.concurrent.FutureTask.get(FutureTask.java:192)
	at org.apache.ratis.server.impl.LeaderElection.waitForResults(LeaderElection.java:259)
	at org.apache.ratis.server.impl.LeaderElection.askForVotes(LeaderElection.java:197)
	at org.apache.ratis.server.impl.LeaderElection.run(LeaderElection.java:133)
	at java.lang.Thread.run(Thread.java:748)
Caused by: org.apache.ratis.thirdparty.io.grpc.StatusRuntimeException: UNAVAILABLE: io exception
	at org.apache.ratis.thirdparty.io.grpc.stub.ClientCalls.toStatusRuntimeException(ClientCalls.java:233)
	at org.apache.ratis.thirdparty.io.grpc.stub.ClientCalls.getUnchecked(ClientCalls.java:214)
	at org.apache.ratis.thirdparty.io.grpc.stub.ClientCalls.blockingUnaryCall(ClientCalls.java:139)
	at org.apache.ratis.proto.grpc.RaftServerProtocolServiceGrpc$RaftServerProtocolServiceBlockingStub.requestVote(RaftServerProtocolServiceGrpc.java:265)
	at org.apache.ratis.grpc.server.GrpcServerProtocolClient.requestVote(GrpcServerProtocolClient.java:99)
	at org.apache.ratis.grpc.server.GrpcService.requestVote(GrpcService.java:204)
	at org.apache.ratis.server.impl.LeaderElection.lambda$submitRequests$1(LeaderElection.java:234)
	at java.util.concurrent.FutureTask.run(FutureTask.java:266)
	at java.util.concurrent.Executors$RunnableAdapter.call(Executors.java:511)
	at java.util.concurrent.FutureTask.run(FutureTask.java:266)
	at java.util.concurrent.ThreadPoolExecutor.runWorker(ThreadPoolExecutor.java:1149)
	at java.util.concurrent.ThreadPoolExecutor$Worker.run(ThreadPoolExecutor.java:624)
	... 1 more
Caused by: org.apache.ratis.thirdparty.io.netty.channel.AbstractChannel$AnnotatedConnectException: Connection refused: /192.168.164.217:37197
	at sun.nio.ch.SocketChannelImpl.checkConnect(Native Method)
	at sun.nio.ch.SocketChannelImpl.finishConnect(SocketChannelImpl.java:717)
	at org.apache.ratis.thirdparty.io.netty.channel.socket.nio.NioSocketChannel.doFinishConnect(NioSocketChannel.java:327)
	at org.apache.ratis.thirdparty.io.netty.channel.nio.AbstractNioChannel$AbstractNioUnsafe.finishConnect(AbstractNioChannel.java:340)
	at org.apache.ratis.thirdparty.io.netty.channel.nio.NioEventLoop.processSelectedKey(NioEventLoop.java:632)
	at org.apache.ratis.thirdparty.io.netty.channel.nio.NioEventLoop.processSelectedKeysOptimized(NioEventLoop.java:579)
	at org.apache.ratis.thirdparty.io.netty.channel.nio.NioEventLoop.processSelectedKeys(NioEventLoop.java:496)
	at org.apache.ratis.thirdparty.io.netty.channel.nio.NioEventLoop.run(NioEventLoop.java:458)
	at org.apache.ratis.thirdparty.io.netty.util.concurrent.SingleThreadEventExecutor$5.run(SingleThreadEventExecutor.java:897)
	at org.apache.ratis.thirdparty.io.netty.util.concurrent.FastThreadLocalRunnable.run(FastThreadLocalRunnable.java:30)
	... 1 more
Caused by: java.net.ConnectException: Connection refused
	... 11 more
2019-11-05 08:24:14,506 [a8ae9c07-6d89-4a49-a594-cacd4b776180@group-0E159EE4F99E-LeaderElection389] INFO  impl.RaftServerImpl (RaftServerImpl.java:setRole(184)) - a8ae9c07-6d89-4a49-a594-cacd4b776180@group-0E159EE4F99E: changes role from CANDIDATE to FOLLOWER at term 206 for DISCOVERED_A_NEW_TERM
2019-11-05 08:24:14,506 [a8ae9c07-6d89-4a49-a594-cacd4b776180@group-0E159EE4F99E-LeaderElection389] INFO  impl.RoleInfo (RoleInfo.java:shutdownLeaderElection(134)) - a8ae9c07-6d89-4a49-a594-cacd4b776180: shutdown LeaderElection
2019-11-05 08:24:14,506 [a8ae9c07-6d89-4a49-a594-cacd4b776180@group-0E159EE4F99E-LeaderElection389] INFO  impl.RoleInfo (RoleInfo.java:updateAndGet(143)) - a8ae9c07-6d89-4a49-a594-cacd4b776180: start FollowerState
2019-11-05 08:24:14,521 [Thread-2972] INFO  impl.FollowerState (FollowerState.java:run(108)) - 4a682f4f-c3f2-4b77-88b7-f0ab78890feb@group-0DB8C7688BF9-FollowerState: change to CANDIDATE, lastRpcTime:124ms, electionTimeout:124ms
2019-11-05 08:24:14,521 [Thread-2972] INFO  impl.RoleInfo (RoleInfo.java:shutdownFollowerState(121)) - 4a682f4f-c3f2-4b77-88b7-f0ab78890feb: shutdown FollowerState
2019-11-05 08:24:14,521 [Thread-2972] INFO  impl.RaftServerImpl (RaftServerImpl.java:setRole(184)) - 4a682f4f-c3f2-4b77-88b7-f0ab78890feb@group-0DB8C7688BF9: changes role from  FOLLOWER to CANDIDATE at term 195 for changeToCandidate
2019-11-05 08:24:14,521 [Thread-2972] INFO  impl.RoleInfo (RoleInfo.java:updateAndGet(143)) - 4a682f4f-c3f2-4b77-88b7-f0ab78890feb: start LeaderElection
2019-11-05 08:24:14,523 [Thread-2977] INFO  impl.FollowerState (FollowerState.java:run(108)) - a8ae9c07-6d89-4a49-a594-cacd4b776180@group-0E159EE4F99E-FollowerState: change to CANDIDATE, lastRpcTime:17ms, electionTimeout:17ms
2019-11-05 08:24:14,523 [Thread-2977] INFO  impl.RoleInfo (RoleInfo.java:shutdownFollowerState(121)) - a8ae9c07-6d89-4a49-a594-cacd4b776180: shutdown FollowerState
2019-11-05 08:24:14,524 [Thread-2977] INFO  impl.RaftServerImpl (RaftServerImpl.java:setRole(184)) - a8ae9c07-6d89-4a49-a594-cacd4b776180@group-0E159EE4F99E: changes role from  FOLLOWER to CANDIDATE at term 206 for changeToCandidate
2019-11-05 08:24:14,524 [Thread-2977] INFO  impl.RoleInfo (RoleInfo.java:updateAndGet(143)) - a8ae9c07-6d89-4a49-a594-cacd4b776180: start LeaderElection
2019-11-05 08:24:14,535 [4a682f4f-c3f2-4b77-88b7-f0ab78890feb@group-0DB8C7688BF9-LeaderElection390] INFO  impl.LeaderElection (LeaderElection.java:askForVotes(178)) - 4a682f4f-c3f2-4b77-88b7-f0ab78890feb@group-0DB8C7688BF9-LeaderElection390: begin an election at term 196 for -1: [77ab65e6-d942-49df-83a3-1d4c0bf152b3:192.168.164.217:39381, 7e1b84a9-a041-44fd-8008-f2679426984c:192.168.164.217:44149, 4a682f4f-c3f2-4b77-88b7-f0ab78890feb:192.168.164.217:34174], old=null
2019-11-05 08:24:14,535 [a8ae9c07-6d89-4a49-a594-cacd4b776180@group-0E159EE4F99E-LeaderElection391] INFO  impl.LeaderElection (LeaderElection.java:askForVotes(178)) - a8ae9c07-6d89-4a49-a594-cacd4b776180@group-0E159EE4F99E-LeaderElection391: begin an election at term 207 for -1: [caafcba9-090a-41f5-a5f9-cba5a6a81e94:192.168.164.217:37197, a8ae9c07-6d89-4a49-a594-cacd4b776180:192.168.164.217:42719, b3bb9051-8089-4c51-a999-81579e5913f2:192.168.164.217:36516], old=null
2019-11-05 08:24:14,536 [a8ae9c07-6d89-4a49-a594-cacd4b776180@group-0E159EE4F99E-LeaderElection391] INFO  impl.LeaderElection (LogUtils.java:infoOrTrace(149)) - a8ae9c07-6d89-4a49-a594-cacd4b776180@group-0E159EE4F99E-LeaderElection391 got exception when requesting votes: {}
java.util.concurrent.ExecutionException: org.apache.ratis.thirdparty.io.grpc.StatusRuntimeException: UNAVAILABLE: io exception
	at java.util.concurrent.FutureTask.report(FutureTask.java:122)
	at java.util.concurrent.FutureTask.get(FutureTask.java:192)
	at org.apache.ratis.server.impl.LeaderElection.waitForResults(LeaderElection.java:259)
	at org.apache.ratis.server.impl.LeaderElection.askForVotes(LeaderElection.java:197)
	at org.apache.ratis.server.impl.LeaderElection.run(LeaderElection.java:133)
	at java.lang.Thread.run(Thread.java:748)
Caused by: org.apache.ratis.thirdparty.io.grpc.StatusRuntimeException: UNAVAILABLE: io exception
	at org.apache.ratis.thirdparty.io.grpc.stub.ClientCalls.toStatusRuntimeException(ClientCalls.java:233)
	at org.apache.ratis.thirdparty.io.grpc.stub.ClientCalls.getUnchecked(ClientCalls.java:214)
	at org.apache.ratis.thirdparty.io.grpc.stub.ClientCalls.blockingUnaryCall(ClientCalls.java:139)
	at org.apache.ratis.proto.grpc.RaftServerProtocolServiceGrpc$RaftServerProtocolServiceBlockingStub.requestVote(RaftServerProtocolServiceGrpc.java:265)
	at org.apache.ratis.grpc.server.GrpcServerProtocolClient.requestVote(GrpcServerProtocolClient.java:99)
	at org.apache.ratis.grpc.server.GrpcService.requestVote(GrpcService.java:204)
	at org.apache.ratis.server.impl.LeaderElection.lambda$submitRequests$1(LeaderElection.java:234)
	at java.util.concurrent.FutureTask.run(FutureTask.java:266)
	at java.util.concurrent.Executors$RunnableAdapter.call(Executors.java:511)
	at java.util.concurrent.FutureTask.run(FutureTask.java:266)
	at java.util.concurrent.ThreadPoolExecutor.runWorker(ThreadPoolExecutor.java:1149)
	at java.util.concurrent.ThreadPoolExecutor$Worker.run(ThreadPoolExecutor.java:624)
	... 1 more
Caused by: org.apache.ratis.thirdparty.io.netty.channel.AbstractChannel$AnnotatedConnectException: Connection refused: /192.168.164.217:37197
	at sun.nio.ch.SocketChannelImpl.checkConnect(Native Method)
	at sun.nio.ch.SocketChannelImpl.finishConnect(SocketChannelImpl.java:717)
	at org.apache.ratis.thirdparty.io.netty.channel.socket.nio.NioSocketChannel.doFinishConnect(NioSocketChannel.java:327)
	at org.apache.ratis.thirdparty.io.netty.channel.nio.AbstractNioChannel$AbstractNioUnsafe.finishConnect(AbstractNioChannel.java:340)
	at org.apache.ratis.thirdparty.io.netty.channel.nio.NioEventLoop.processSelectedKey(NioEventLoop.java:632)
	at org.apache.ratis.thirdparty.io.netty.channel.nio.NioEventLoop.processSelectedKeysOptimized(NioEventLoop.java:579)
	at org.apache.ratis.thirdparty.io.netty.channel.nio.NioEventLoop.processSelectedKeys(NioEventLoop.java:496)
	at org.apache.ratis.thirdparty.io.netty.channel.nio.NioEventLoop.run(NioEventLoop.java:458)
	at org.apache.ratis.thirdparty.io.netty.util.concurrent.SingleThreadEventExecutor$5.run(SingleThreadEventExecutor.java:897)
	at org.apache.ratis.thirdparty.io.netty.util.concurrent.FastThreadLocalRunnable.run(FastThreadLocalRunnable.java:30)
	... 1 more
Caused by: java.net.ConnectException: Connection refused
	... 11 more
2019-11-05 08:24:14,539 [a8ae9c07-6d89-4a49-a594-cacd4b776180@group-0E159EE4F99E-LeaderElection391] INFO  impl.LeaderElection (LeaderElection.java:logAndReturn(56)) - a8ae9c07-6d89-4a49-a594-cacd4b776180@group-0E159EE4F99E-LeaderElection391: Election TIMEOUT; received 0 response(s) [] and 1 exception(s); a8ae9c07-6d89-4a49-a594-cacd4b776180@group-0E159EE4F99E:t207, leader=null, voted=a8ae9c07-6d89-4a49-a594-cacd4b776180, raftlog=a8ae9c07-6d89-4a49-a594-cacd4b776180@group-0E159EE4F99E-SegmentedRaftLog:OPENED:c-1,f-1,i0, conf=-1: [caafcba9-090a-41f5-a5f9-cba5a6a81e94:192.168.164.217:37197, a8ae9c07-6d89-4a49-a594-cacd4b776180:192.168.164.217:42719, b3bb9051-8089-4c51-a999-81579e5913f2:192.168.164.217:36516], old=null
2019-11-05 08:24:14,539 [a8ae9c07-6d89-4a49-a594-cacd4b776180@group-0E159EE4F99E-LeaderElection391] INFO  impl.LeaderElection (LogUtils.java:infoOrTrace(149)) -   Exception 0: {}
java.util.concurrent.ExecutionException: org.apache.ratis.thirdparty.io.grpc.StatusRuntimeException: UNAVAILABLE: io exception
	at java.util.concurrent.FutureTask.report(FutureTask.java:122)
	at java.util.concurrent.FutureTask.get(FutureTask.java:192)
	at org.apache.ratis.server.impl.LeaderElection.waitForResults(LeaderElection.java:259)
	at org.apache.ratis.server.impl.LeaderElection.askForVotes(LeaderElection.java:197)
	at org.apache.ratis.server.impl.LeaderElection.run(LeaderElection.java:133)
	at java.lang.Thread.run(Thread.java:748)
Caused by: org.apache.ratis.thirdparty.io.grpc.StatusRuntimeException: UNAVAILABLE: io exception
	at org.apache.ratis.thirdparty.io.grpc.stub.ClientCalls.toStatusRuntimeException(ClientCalls.java:233)
	at org.apache.ratis.thirdparty.io.grpc.stub.ClientCalls.getUnchecked(ClientCalls.java:214)
	at org.apache.ratis.thirdparty.io.grpc.stub.ClientCalls.blockingUnaryCall(ClientCalls.java:139)
	at org.apache.ratis.proto.grpc.RaftServerProtocolServiceGrpc$RaftServerProtocolServiceBlockingStub.requestVote(RaftServerProtocolServiceGrpc.java:265)
	at org.apache.ratis.grpc.server.GrpcServerProtocolClient.requestVote(GrpcServerProtocolClient.java:99)
	at org.apache.ratis.grpc.server.GrpcService.requestVote(GrpcService.java:204)
	at org.apache.ratis.server.impl.LeaderElection.lambda$submitRequests$1(LeaderElection.java:234)
	at java.util.concurrent.FutureTask.run(FutureTask.java:266)
	at java.util.concurrent.Executors$RunnableAdapter.call(Executors.java:511)
	at java.util.concurrent.FutureTask.run(FutureTask.java:266)
	at java.util.concurrent.ThreadPoolExecutor.runWorker(ThreadPoolExecutor.java:1149)
	at java.util.concurrent.ThreadPoolExecutor$Worker.run(ThreadPoolExecutor.java:624)
	... 1 more
Caused by: org.apache.ratis.thirdparty.io.netty.channel.AbstractChannel$AnnotatedConnectException: Connection refused: /192.168.164.217:37197
	at sun.nio.ch.SocketChannelImpl.checkConnect(Native Method)
	at sun.nio.ch.SocketChannelImpl.finishConnect(SocketChannelImpl.java:717)
	at org.apache.ratis.thirdparty.io.netty.channel.socket.nio.NioSocketChannel.doFinishConnect(NioSocketChannel.java:327)
	at org.apache.ratis.thirdparty.io.netty.channel.nio.AbstractNioChannel$AbstractNioUnsafe.finishConnect(AbstractNioChannel.java:340)
	at org.apache.ratis.thirdparty.io.netty.channel.nio.NioEventLoop.processSelectedKey(NioEventLoop.java:632)
	at org.apache.ratis.thirdparty.io.netty.channel.nio.NioEventLoop.processSelectedKeysOptimized(NioEventLoop.java:579)
	at org.apache.ratis.thirdparty.io.netty.channel.nio.NioEventLoop.processSelectedKeys(NioEventLoop.java:496)
	at org.apache.ratis.thirdparty.io.netty.channel.nio.NioEventLoop.run(NioEventLoop.java:458)
	at org.apache.ratis.thirdparty.io.netty.util.concurrent.SingleThreadEventExecutor$5.run(SingleThreadEventExecutor.java:897)
	at org.apache.ratis.thirdparty.io.netty.util.concurrent.FastThreadLocalRunnable.run(FastThreadLocalRunnable.java:30)
	... 1 more
Caused by: java.net.ConnectException: Connection refused
	... 11 more
2019-11-05 08:24:14,540 [grpc-default-executor-0] INFO  impl.RaftServerImpl (RaftServerImpl.java:setRole(184)) - b3bb9051-8089-4c51-a999-81579e5913f2@group-0E159EE4F99E: changes role from  FOLLOWER to FOLLOWER at term 207 for recognizeCandidate:a8ae9c07-6d89-4a49-a594-cacd4b776180
2019-11-05 08:24:14,539 [grpc-default-executor-3] INFO  impl.RaftServerImpl (RaftServerImpl.java:setRole(184)) - 77ab65e6-d942-49df-83a3-1d4c0bf152b3@group-0DB8C7688BF9: changes role from  FOLLOWER to FOLLOWER at term 196 for recognizeCandidate:4a682f4f-c3f2-4b77-88b7-f0ab78890feb
2019-11-05 08:24:14,540 [grpc-default-executor-3] INFO  impl.RoleInfo (RoleInfo.java:shutdownFollowerState(121)) - 77ab65e6-d942-49df-83a3-1d4c0bf152b3: shutdown FollowerState
2019-11-05 08:24:14,540 [grpc-default-executor-4] INFO  impl.RaftServerImpl (RaftServerImpl.java:setRole(184)) - 7e1b84a9-a041-44fd-8008-f2679426984c@group-0DB8C7688BF9: changes role from  FOLLOWER to FOLLOWER at term 196 for recognizeCandidate:4a682f4f-c3f2-4b77-88b7-f0ab78890feb
2019-11-05 08:24:14,541 [grpc-default-executor-4] INFO  impl.RoleInfo (RoleInfo.java:shutdownFollowerState(121)) - 7e1b84a9-a041-44fd-8008-f2679426984c: shutdown FollowerState
2019-11-05 08:24:14,540 [grpc-default-executor-0] INFO  impl.RoleInfo (RoleInfo.java:shutdownFollowerState(121)) - b3bb9051-8089-4c51-a999-81579e5913f2: shutdown FollowerState
2019-11-05 08:24:14,541 [Thread-2970] INFO  impl.FollowerState (FollowerState.java:run(117)) - 7e1b84a9-a041-44fd-8008-f2679426984c@group-0DB8C7688BF9-FollowerState was interrupted: java.lang.InterruptedException: sleep interrupted
2019-11-05 08:24:14,541 [grpc-default-executor-4] INFO  impl.RoleInfo (RoleInfo.java:updateAndGet(143)) - 7e1b84a9-a041-44fd-8008-f2679426984c: start FollowerState
2019-11-05 08:24:14,540 [Thread-2971] INFO  impl.FollowerState (FollowerState.java:run(117)) - 77ab65e6-d942-49df-83a3-1d4c0bf152b3@group-0DB8C7688BF9-FollowerState was interrupted: java.lang.InterruptedException: sleep interrupted
2019-11-05 08:24:14,540 [grpc-default-executor-3] INFO  impl.RoleInfo (RoleInfo.java:updateAndGet(143)) - 77ab65e6-d942-49df-83a3-1d4c0bf152b3: start FollowerState
2019-11-05 08:24:14,541 [grpc-default-executor-0] INFO  impl.RoleInfo (RoleInfo.java:updateAndGet(143)) - b3bb9051-8089-4c51-a999-81579e5913f2: start FollowerState
2019-11-05 08:24:14,541 [Thread-2976] INFO  impl.FollowerState (FollowerState.java:run(117)) - b3bb9051-8089-4c51-a999-81579e5913f2@group-0E159EE4F99E-FollowerState was interrupted: java.lang.InterruptedException: sleep interrupted
2019-11-05 08:24:14,554 [a8ae9c07-6d89-4a49-a594-cacd4b776180@group-0E159EE4F99E-LeaderElection391] INFO  impl.LeaderElection (LeaderElection.java:askForVotes(178)) - a8ae9c07-6d89-4a49-a594-cacd4b776180@group-0E159EE4F99E-LeaderElection391: begin an election at term 208 for -1: [caafcba9-090a-41f5-a5f9-cba5a6a81e94:192.168.164.217:37197, a8ae9c07-6d89-4a49-a594-cacd4b776180:192.168.164.217:42719, b3bb9051-8089-4c51-a999-81579e5913f2:192.168.164.217:36516], old=null
2019-11-05 08:24:14,554 [a8ae9c07-6d89-4a49-a594-cacd4b776180@group-0E159EE4F99E-LeaderElection391] INFO  impl.LeaderElection (LogUtils.java:infoOrTrace(149)) - a8ae9c07-6d89-4a49-a594-cacd4b776180@group-0E159EE4F99E-LeaderElection391 got exception when requesting votes: {}
java.util.concurrent.ExecutionException: org.apache.ratis.thirdparty.io.grpc.StatusRuntimeException: UNAVAILABLE: io exception
	at java.util.concurrent.FutureTask.report(FutureTask.java:122)
	at java.util.concurrent.FutureTask.get(FutureTask.java:192)
	at org.apache.ratis.server.impl.LeaderElection.waitForResults(LeaderElection.java:259)
	at org.apache.ratis.server.impl.LeaderElection.askForVotes(LeaderElection.java:197)
	at org.apache.ratis.server.impl.LeaderElection.run(LeaderElection.java:133)
	at java.lang.Thread.run(Thread.java:748)
Caused by: org.apache.ratis.thirdparty.io.grpc.StatusRuntimeException: UNAVAILABLE: io exception
	at org.apache.ratis.thirdparty.io.grpc.stub.ClientCalls.toStatusRuntimeException(ClientCalls.java:233)
	at org.apache.ratis.thirdparty.io.grpc.stub.ClientCalls.getUnchecked(ClientCalls.java:214)
	at org.apache.ratis.thirdparty.io.grpc.stub.ClientCalls.blockingUnaryCall(ClientCalls.java:139)
	at org.apache.ratis.proto.grpc.RaftServerProtocolServiceGrpc$RaftServerProtocolServiceBlockingStub.requestVote(RaftServerProtocolServiceGrpc.java:265)
	at org.apache.ratis.grpc.server.GrpcServerProtocolClient.requestVote(GrpcServerProtocolClient.java:99)
	at org.apache.ratis.grpc.server.GrpcService.requestVote(GrpcService.java:204)
	at org.apache.ratis.server.impl.LeaderElection.lambda$submitRequests$1(LeaderElection.java:234)
	at java.util.concurrent.FutureTask.run(FutureTask.java:266)
	at java.util.concurrent.Executors$RunnableAdapter.call(Executors.java:511)
	at java.util.concurrent.FutureTask.run(FutureTask.java:266)
	at java.util.concurrent.ThreadPoolExecutor.runWorker(ThreadPoolExecutor.java:1149)
	at java.util.concurrent.ThreadPoolExecutor$Worker.run(ThreadPoolExecutor.java:624)
	... 1 more
Caused by: org.apache.ratis.thirdparty.io.netty.channel.AbstractChannel$AnnotatedConnectException: Connection refused: /192.168.164.217:37197
	at sun.nio.ch.SocketChannelImpl.checkConnect(Native Method)
	at sun.nio.ch.SocketChannelImpl.finishConnect(SocketChannelImpl.java:717)
	at org.apache.ratis.thirdparty.io.netty.channel.socket.nio.NioSocketChannel.doFinishConnect(NioSocketChannel.java:327)
	at org.apache.ratis.thirdparty.io.netty.channel.nio.AbstractNioChannel$AbstractNioUnsafe.finishConnect(AbstractNioChannel.java:340)
	at org.apache.ratis.thirdparty.io.netty.channel.nio.NioEventLoop.processSelectedKey(NioEventLoop.java:632)
	at org.apache.ratis.thirdparty.io.netty.channel.nio.NioEventLoop.processSelectedKeysOptimized(NioEventLoop.java:579)
	at org.apache.ratis.thirdparty.io.netty.channel.nio.NioEventLoop.processSelectedKeys(NioEventLoop.java:496)
	at org.apache.ratis.thirdparty.io.netty.channel.nio.NioEventLoop.run(NioEventLoop.java:458)
	at org.apache.ratis.thirdparty.io.netty.util.concurrent.SingleThreadEventExecutor$5.run(SingleThreadEventExecutor.java:897)
	at org.apache.ratis.thirdparty.io.netty.util.concurrent.FastThreadLocalRunnable.run(FastThreadLocalRunnable.java:30)
	... 1 more
Caused by: java.net.ConnectException: Connection refused
	... 11 more
2019-11-05 08:24:14,557 [grpc-default-executor-4] INFO  impl.RaftServerImpl (RaftServerImpl.java:setRole(184)) - b3bb9051-8089-4c51-a999-81579e5913f2@group-0E159EE4F99E: changes role from  FOLLOWER to FOLLOWER at term 208 for recognizeCandidate:a8ae9c07-6d89-4a49-a594-cacd4b776180
2019-11-05 08:24:14,557 [grpc-default-executor-4] INFO  impl.RoleInfo (RoleInfo.java:shutdownFollowerState(121)) - b3bb9051-8089-4c51-a999-81579e5913f2: shutdown FollowerState
2019-11-05 08:24:14,554 [4a682f4f-c3f2-4b77-88b7-f0ab78890feb@group-0DB8C7688BF9-LeaderElection390] INFO  impl.LeaderElection (LeaderElection.java:logAndReturn(56)) - 4a682f4f-c3f2-4b77-88b7-f0ab78890feb@group-0DB8C7688BF9-LeaderElection390: Election REJECTED; received 2 response(s) [4a682f4f-c3f2-4b77-88b7-f0ab78890feb<-77ab65e6-d942-49df-83a3-1d4c0bf152b3#0:FAIL-t196, 4a682f4f-c3f2-4b77-88b7-f0ab78890feb<-7e1b84a9-a041-44fd-8008-f2679426984c#0:FAIL-t196] and 0 exception(s); 4a682f4f-c3f2-4b77-88b7-f0ab78890feb@group-0DB8C7688BF9:t196, leader=null, voted=4a682f4f-c3f2-4b77-88b7-f0ab78890feb, raftlog=4a682f4f-c3f2-4b77-88b7-f0ab78890feb@group-0DB8C7688BF9-SegmentedRaftLog:OPENED:c-1,f-1,i0, conf=-1: [77ab65e6-d942-49df-83a3-1d4c0bf152b3:192.168.164.217:39381, 7e1b84a9-a041-44fd-8008-f2679426984c:192.168.164.217:44149, 4a682f4f-c3f2-4b77-88b7-f0ab78890feb:192.168.164.217:34174], old=null
2019-11-05 08:24:14,557 [Thread-2986] INFO  impl.FollowerState (FollowerState.java:run(117)) - b3bb9051-8089-4c51-a999-81579e5913f2@group-0E159EE4F99E-FollowerState was interrupted: java.lang.InterruptedException: sleep interrupted
2019-11-05 08:24:14,557 [grpc-default-executor-4] INFO  impl.RoleInfo (RoleInfo.java:updateAndGet(143)) - b3bb9051-8089-4c51-a999-81579e5913f2: start FollowerState
2019-11-05 08:24:14,558 [4a682f4f-c3f2-4b77-88b7-f0ab78890feb@group-0DB8C7688BF9-LeaderElection390] INFO  impl.RaftServerImpl (RaftServerImpl.java:setRole(184)) - 4a682f4f-c3f2-4b77-88b7-f0ab78890feb@group-0DB8C7688BF9: changes role from CANDIDATE to FOLLOWER at term 196 for DISCOVERED_A_NEW_TERM
2019-11-05 08:24:14,558 [4a682f4f-c3f2-4b77-88b7-f0ab78890feb@group-0DB8C7688BF9-LeaderElection390] INFO  impl.RoleInfo (RoleInfo.java:shutdownLeaderElection(134)) - 4a682f4f-c3f2-4b77-88b7-f0ab78890feb: shutdown LeaderElection
2019-11-05 08:24:14,558 [4a682f4f-c3f2-4b77-88b7-f0ab78890feb@group-0DB8C7688BF9-LeaderElection390] INFO  impl.RoleInfo (RoleInfo.java:updateAndGet(143)) - 4a682f4f-c3f2-4b77-88b7-f0ab78890feb: start FollowerState
2019-11-05 08:24:14,571 [Thread-2990] INFO  impl.FollowerState (FollowerState.java:run(108)) - 4a682f4f-c3f2-4b77-88b7-f0ab78890feb@group-0DB8C7688BF9-FollowerState: change to CANDIDATE, lastRpcTime:12ms, electionTimeout:12ms
2019-11-05 08:24:14,571 [Datanode State Machine Thread - 0] INFO  statemachine.DatanodeStateMachine (DatanodeStateMachine.java:lambda$startDaemon$0(350)) - Ozone container server started.
2019-11-05 08:24:14,571 [a8ae9c07-6d89-4a49-a594-cacd4b776180@group-0E159EE4F99E-LeaderElection391] INFO  impl.LeaderElection (LeaderElection.java:logAndReturn(56)) - a8ae9c07-6d89-4a49-a594-cacd4b776180@group-0E159EE4F99E-LeaderElection391: Election REJECTED; received 1 response(s) [a8ae9c07-6d89-4a49-a594-cacd4b776180<-b3bb9051-8089-4c51-a999-81579e5913f2#0:FAIL-t208] and 1 exception(s); a8ae9c07-6d89-4a49-a594-cacd4b776180@group-0E159EE4F99E:t208, leader=null, voted=a8ae9c07-6d89-4a49-a594-cacd4b776180, raftlog=a8ae9c07-6d89-4a49-a594-cacd4b776180@group-0E159EE4F99E-SegmentedRaftLog:OPENED:c-1,f-1,i0, conf=-1: [caafcba9-090a-41f5-a5f9-cba5a6a81e94:192.168.164.217:37197, a8ae9c07-6d89-4a49-a594-cacd4b776180:192.168.164.217:42719, b3bb9051-8089-4c51-a999-81579e5913f2:192.168.164.217:36516], old=null
2019-11-05 08:24:14,571 [Thread-2990] INFO  impl.RoleInfo (RoleInfo.java:shutdownFollowerState(121)) - 4a682f4f-c3f2-4b77-88b7-f0ab78890feb: shutdown FollowerState
2019-11-05 08:24:14,571 [a8ae9c07-6d89-4a49-a594-cacd4b776180@group-0E159EE4F99E-LeaderElection391] INFO  impl.LeaderElection (LogUtils.java:infoOrTrace(149)) -   Exception 0: {}
java.util.concurrent.ExecutionException: org.apache.ratis.thirdparty.io.grpc.StatusRuntimeException: UNAVAILABLE: io exception
	at java.util.concurrent.FutureTask.report(FutureTask.java:122)
	at java.util.concurrent.FutureTask.get(FutureTask.java:192)
	at org.apache.ratis.server.impl.LeaderElection.waitForResults(LeaderElection.java:259)
	at org.apache.ratis.server.impl.LeaderElection.askForVotes(LeaderElection.java:197)
	at org.apache.ratis.server.impl.LeaderElection.run(LeaderElection.java:133)
	at java.lang.Thread.run(Thread.java:748)
Caused by: org.apache.ratis.thirdparty.io.grpc.StatusRuntimeException: UNAVAILABLE: io exception
	at org.apache.ratis.thirdparty.io.grpc.stub.ClientCalls.toStatusRuntimeException(ClientCalls.java:233)
	at org.apache.ratis.thirdparty.io.grpc.stub.ClientCalls.getUnchecked(ClientCalls.java:214)
	at org.apache.ratis.thirdparty.io.grpc.stub.ClientCalls.blockingUnaryCall(ClientCalls.java:139)
	at org.apache.ratis.proto.grpc.RaftServerProtocolServiceGrpc$RaftServerProtocolServiceBlockingStub.requestVote(RaftServerProtocolServiceGrpc.java:265)
	at org.apache.ratis.grpc.server.GrpcServerProtocolClient.requestVote(GrpcServerProtocolClient.java:99)
	at org.apache.ratis.grpc.server.GrpcService.requestVote(GrpcService.java:204)
	at org.apache.ratis.server.impl.LeaderElection.lambda$submitRequests$1(LeaderElection.java:234)
	at java.util.concurrent.FutureTask.run(FutureTask.java:266)
	at java.util.concurrent.Executors$RunnableAdapter.call(Executors.java:511)
	at java.util.concurrent.FutureTask.run(FutureTask.java:266)
	at java.util.concurrent.ThreadPoolExecutor.runWorker(ThreadPoolExecutor.java:1149)
	at java.util.concurrent.ThreadPoolExecutor$Worker.run(ThreadPoolExecutor.java:624)
	... 1 more
Caused by: org.apache.ratis.thirdparty.io.netty.channel.AbstractChannel$AnnotatedConnectException: Connection refused: /192.168.164.217:37197
	at sun.nio.ch.SocketChannelImpl.checkConnect(Native Method)
	at sun.nio.ch.SocketChannelImpl.finishConnect(SocketChannelImpl.java:717)
	at org.apache.ratis.thirdparty.io.netty.channel.socket.nio.NioSocketChannel.doFinishConnect(NioSocketChannel.java:327)
	at org.apache.ratis.thirdparty.io.netty.channel.nio.AbstractNioChannel$AbstractNioUnsafe.finishConnect(AbstractNioChannel.java:340)
	at org.apache.ratis.thirdparty.io.netty.channel.nio.NioEventLoop.processSelectedKey(NioEventLoop.java:632)
	at org.apache.ratis.thirdparty.io.netty.channel.nio.NioEventLoop.processSelectedKeysOptimized(NioEventLoop.java:579)
	at org.apache.ratis.thirdparty.io.netty.channel.nio.NioEventLoop.processSelectedKeys(NioEventLoop.java:496)
	at org.apache.ratis.thirdparty.io.netty.channel.nio.NioEventLoop.run(NioEventLoop.java:458)
	at org.apache.ratis.thirdparty.io.netty.util.concurrent.SingleThreadEventExecutor$5.run(SingleThreadEventExecutor.java:897)
	at org.apache.ratis.thirdparty.io.netty.util.concurrent.FastThreadLocalRunnable.run(FastThreadLocalRunnable.java:30)
	... 1 more
Caused by: java.net.ConnectException: Connection refused
	... 11 more
2019-11-05 08:24:14,571 [Thread-2990] INFO  impl.RaftServerImpl (RaftServerImpl.java:setRole(184)) - 4a682f4f-c3f2-4b77-88b7-f0ab78890feb@group-0DB8C7688BF9: changes role from  FOLLOWER to CANDIDATE at term 196 for changeToCandidate
2019-11-05 08:24:14,571 [a8ae9c07-6d89-4a49-a594-cacd4b776180@group-0E159EE4F99E-LeaderElection391] INFO  impl.RaftServerImpl (RaftServerImpl.java:setRole(184)) - a8ae9c07-6d89-4a49-a594-cacd4b776180@group-0E159EE4F99E: changes role from CANDIDATE to FOLLOWER at term 208 for DISCOVERED_A_NEW_TERM
2019-11-05 08:24:14,572 [Thread-2990] INFO  impl.RoleInfo (RoleInfo.java:updateAndGet(143)) - 4a682f4f-c3f2-4b77-88b7-f0ab78890feb: start LeaderElection
2019-11-05 08:24:14,572 [a8ae9c07-6d89-4a49-a594-cacd4b776180@group-0E159EE4F99E-LeaderElection391] INFO  impl.RoleInfo (RoleInfo.java:shutdownLeaderElection(134)) - a8ae9c07-6d89-4a49-a594-cacd4b776180: shutdown LeaderElection
2019-11-05 08:24:14,572 [a8ae9c07-6d89-4a49-a594-cacd4b776180@group-0E159EE4F99E-LeaderElection391] INFO  impl.RoleInfo (RoleInfo.java:updateAndGet(143)) - a8ae9c07-6d89-4a49-a594-cacd4b776180: start FollowerState
2019-11-05 08:24:14,591 [4a682f4f-c3f2-4b77-88b7-f0ab78890feb@group-0DB8C7688BF9-LeaderElection392] INFO  impl.LeaderElection (LeaderElection.java:askForVotes(178)) - 4a682f4f-c3f2-4b77-88b7-f0ab78890feb@group-0DB8C7688BF9-LeaderElection392: begin an election at term 197 for -1: [77ab65e6-d942-49df-83a3-1d4c0bf152b3:192.168.164.217:39381, 7e1b84a9-a041-44fd-8008-f2679426984c:192.168.164.217:44149, 4a682f4f-c3f2-4b77-88b7-f0ab78890feb:192.168.164.217:34174], old=null
2019-11-05 08:24:14,593 [grpc-default-executor-4] INFO  impl.RaftServerImpl (RaftServerImpl.java:setRole(184)) - 77ab65e6-d942-49df-83a3-1d4c0bf152b3@group-0DB8C7688BF9: changes role from  FOLLOWER to FOLLOWER at term 197 for recognizeCandidate:4a682f4f-c3f2-4b77-88b7-f0ab78890feb
2019-11-05 08:24:14,593 [grpc-default-executor-4] INFO  impl.RoleInfo (RoleInfo.java:shutdownFollowerState(121)) - 77ab65e6-d942-49df-83a3-1d4c0bf152b3: shutdown FollowerState
2019-11-05 08:24:14,593 [grpc-default-executor-3] INFO  impl.RaftServerImpl (RaftServerImpl.java:setRole(184)) - 7e1b84a9-a041-44fd-8008-f2679426984c@group-0DB8C7688BF9: changes role from  FOLLOWER to FOLLOWER at term 197 for recognizeCandidate:4a682f4f-c3f2-4b77-88b7-f0ab78890feb
2019-11-05 08:24:14,593 [Thread-2984] INFO  impl.FollowerState (FollowerState.java:run(117)) - 77ab65e6-d942-49df-83a3-1d4c0bf152b3@group-0DB8C7688BF9-FollowerState was interrupted: java.lang.InterruptedException: sleep interrupted
2019-11-05 08:24:14,593 [grpc-default-executor-4] INFO  impl.RoleInfo (RoleInfo.java:updateAndGet(143)) - 77ab65e6-d942-49df-83a3-1d4c0bf152b3: start FollowerState
2019-11-05 08:24:14,593 [grpc-default-executor-3] INFO  impl.RoleInfo (RoleInfo.java:shutdownFollowerState(121)) - 7e1b84a9-a041-44fd-8008-f2679426984c: shutdown FollowerState
2019-11-05 08:24:14,594 [grpc-default-executor-3] INFO  impl.RoleInfo (RoleInfo.java:updateAndGet(143)) - 7e1b84a9-a041-44fd-8008-f2679426984c: start FollowerState
2019-11-05 08:24:14,594 [Thread-2985] INFO  impl.FollowerState (FollowerState.java:run(117)) - 7e1b84a9-a041-44fd-8008-f2679426984c@group-0DB8C7688BF9-FollowerState was interrupted: java.lang.InterruptedException: sleep interrupted
2019-11-05 08:24:14,604 [4a682f4f-c3f2-4b77-88b7-f0ab78890feb@group-0DB8C7688BF9-LeaderElection392] INFO  impl.LeaderElection (LeaderElection.java:logAndReturn(56)) - 4a682f4f-c3f2-4b77-88b7-f0ab78890feb@group-0DB8C7688BF9-LeaderElection392: Election REJECTED; received 2 response(s) [4a682f4f-c3f2-4b77-88b7-f0ab78890feb<-77ab65e6-d942-49df-83a3-1d4c0bf152b3#0:FAIL-t197, 4a682f4f-c3f2-4b77-88b7-f0ab78890feb<-7e1b84a9-a041-44fd-8008-f2679426984c#0:FAIL-t197] and 0 exception(s); 4a682f4f-c3f2-4b77-88b7-f0ab78890feb@group-0DB8C7688BF9:t197, leader=null, voted=4a682f4f-c3f2-4b77-88b7-f0ab78890feb, raftlog=4a682f4f-c3f2-4b77-88b7-f0ab78890feb@group-0DB8C7688BF9-SegmentedRaftLog:OPENED:c-1,f-1,i0, conf=-1: [77ab65e6-d942-49df-83a3-1d4c0bf152b3:192.168.164.217:39381, 7e1b84a9-a041-44fd-8008-f2679426984c:192.168.164.217:44149, 4a682f4f-c3f2-4b77-88b7-f0ab78890feb:192.168.164.217:34174], old=null
2019-11-05 08:24:14,604 [4a682f4f-c3f2-4b77-88b7-f0ab78890feb@group-0DB8C7688BF9-LeaderElection392] INFO  impl.RaftServerImpl (RaftServerImpl.java:setRole(184)) - 4a682f4f-c3f2-4b77-88b7-f0ab78890feb@group-0DB8C7688BF9: changes role from CANDIDATE to FOLLOWER at term 197 for DISCOVERED_A_NEW_TERM
2019-11-05 08:24:14,604 [4a682f4f-c3f2-4b77-88b7-f0ab78890feb@group-0DB8C7688BF9-LeaderElection392] INFO  impl.RoleInfo (RoleInfo.java:shutdownLeaderElection(134)) - 4a682f4f-c3f2-4b77-88b7-f0ab78890feb: shutdown LeaderElection
2019-11-05 08:24:14,604 [4a682f4f-c3f2-4b77-88b7-f0ab78890feb@group-0DB8C7688BF9-LeaderElection392] INFO  impl.RoleInfo (RoleInfo.java:updateAndGet(143)) - 4a682f4f-c3f2-4b77-88b7-f0ab78890feb: start FollowerState
2019-11-05 08:24:14,671 [Thread-2997] INFO  impl.FollowerState (FollowerState.java:run(108)) - 4a682f4f-c3f2-4b77-88b7-f0ab78890feb@group-0DB8C7688BF9-FollowerState: change to CANDIDATE, lastRpcTime:67ms, electionTimeout:67ms
2019-11-05 08:24:14,671 [Thread-2997] INFO  impl.RoleInfo (RoleInfo.java:shutdownFollowerState(121)) - 4a682f4f-c3f2-4b77-88b7-f0ab78890feb: shutdown FollowerState
2019-11-05 08:24:14,672 [Thread-2997] INFO  impl.RaftServerImpl (RaftServerImpl.java:setRole(184)) - 4a682f4f-c3f2-4b77-88b7-f0ab78890feb@group-0DB8C7688BF9: changes role from  FOLLOWER to CANDIDATE at term 197 for changeToCandidate
2019-11-05 08:24:14,672 [Thread-2997] INFO  impl.RoleInfo (RoleInfo.java:updateAndGet(143)) - 4a682f4f-c3f2-4b77-88b7-f0ab78890feb: start LeaderElection
2019-11-05 08:24:14,685 [4a682f4f-c3f2-4b77-88b7-f0ab78890feb@group-0DB8C7688BF9-LeaderElection393] INFO  impl.LeaderElection (LeaderElection.java:askForVotes(178)) - 4a682f4f-c3f2-4b77-88b7-f0ab78890feb@group-0DB8C7688BF9-LeaderElection393: begin an election at term 198 for -1: [77ab65e6-d942-49df-83a3-1d4c0bf152b3:192.168.164.217:39381, 7e1b84a9-a041-44fd-8008-f2679426984c:192.168.164.217:44149, 4a682f4f-c3f2-4b77-88b7-f0ab78890feb:192.168.164.217:34174], old=null
2019-11-05 08:24:14,687 [grpc-default-executor-4] INFO  impl.RaftServerImpl (RaftServerImpl.java:setRole(184)) - 77ab65e6-d942-49df-83a3-1d4c0bf152b3@group-0DB8C7688BF9: changes role from  FOLLOWER to FOLLOWER at term 198 for recognizeCandidate:4a682f4f-c3f2-4b77-88b7-f0ab78890feb
2019-11-05 08:24:14,687 [grpc-default-executor-3] INFO  impl.RaftServerImpl (RaftServerImpl.java:setRole(184)) - 7e1b84a9-a041-44fd-8008-f2679426984c@group-0DB8C7688BF9: changes role from  FOLLOWER to FOLLOWER at term 198 for recognizeCandidate:4a682f4f-c3f2-4b77-88b7-f0ab78890feb
2019-11-05 08:24:14,687 [grpc-default-executor-3] INFO  impl.RoleInfo (RoleInfo.java:shutdownFollowerState(121)) - 7e1b84a9-a041-44fd-8008-f2679426984c: shutdown FollowerState
2019-11-05 08:24:14,687 [grpc-default-executor-4] INFO  impl.RoleInfo (RoleInfo.java:shutdownFollowerState(121)) - 77ab65e6-d942-49df-83a3-1d4c0bf152b3: shutdown FollowerState
2019-11-05 08:24:14,687 [Thread-2996] INFO  impl.FollowerState (FollowerState.java:run(117)) - 7e1b84a9-a041-44fd-8008-f2679426984c@group-0DB8C7688BF9-FollowerState was interrupted: java.lang.InterruptedException: sleep interrupted
2019-11-05 08:24:14,687 [grpc-default-executor-3] INFO  impl.RoleInfo (RoleInfo.java:updateAndGet(143)) - 7e1b84a9-a041-44fd-8008-f2679426984c: start FollowerState
2019-11-05 08:24:14,688 [Thread-2995] INFO  impl.FollowerState (FollowerState.java:run(117)) - 77ab65e6-d942-49df-83a3-1d4c0bf152b3@group-0DB8C7688BF9-FollowerState was interrupted: java.lang.InterruptedException: sleep interrupted
2019-11-05 08:24:14,688 [grpc-default-executor-4] INFO  impl.RoleInfo (RoleInfo.java:updateAndGet(143)) - 77ab65e6-d942-49df-83a3-1d4c0bf152b3: start FollowerState
2019-11-05 08:24:14,691 [4a682f4f-c3f2-4b77-88b7-f0ab78890feb@group-0DB8C7688BF9-LeaderElection393] INFO  impl.LeaderElection (LeaderElection.java:logAndReturn(56)) - 4a682f4f-c3f2-4b77-88b7-f0ab78890feb@group-0DB8C7688BF9-LeaderElection393: Election TIMEOUT; received 0 response(s) [] and 0 exception(s); 4a682f4f-c3f2-4b77-88b7-f0ab78890feb@group-0DB8C7688BF9:t198, leader=null, voted=4a682f4f-c3f2-4b77-88b7-f0ab78890feb, raftlog=4a682f4f-c3f2-4b77-88b7-f0ab78890feb@group-0DB8C7688BF9-SegmentedRaftLog:OPENED:c-1,f-1,i0, conf=-1: [77ab65e6-d942-49df-83a3-1d4c0bf152b3:192.168.164.217:39381, 7e1b84a9-a041-44fd-8008-f2679426984c:192.168.164.217:44149, 4a682f4f-c3f2-4b77-88b7-f0ab78890feb:192.168.164.217:34174], old=null
2019-11-05 08:24:14,701 [4a682f4f-c3f2-4b77-88b7-f0ab78890feb@group-0DB8C7688BF9-LeaderElection393] INFO  impl.LeaderElection (LeaderElection.java:askForVotes(178)) - 4a682f4f-c3f2-4b77-88b7-f0ab78890feb@group-0DB8C7688BF9-LeaderElection393: begin an election at term 199 for -1: [77ab65e6-d942-49df-83a3-1d4c0bf152b3:192.168.164.217:39381, 7e1b84a9-a041-44fd-8008-f2679426984c:192.168.164.217:44149, 4a682f4f-c3f2-4b77-88b7-f0ab78890feb:192.168.164.217:34174], old=null
2019-11-05 08:24:14,703 [grpc-default-executor-3] INFO  impl.RaftServerImpl (RaftServerImpl.java:setRole(184)) - 77ab65e6-d942-49df-83a3-1d4c0bf152b3@group-0DB8C7688BF9: changes role from  FOLLOWER to FOLLOWER at term 199 for recognizeCandidate:4a682f4f-c3f2-4b77-88b7-f0ab78890feb
2019-11-05 08:24:14,703 [grpc-default-executor-3] INFO  impl.RoleInfo (RoleInfo.java:shutdownFollowerState(121)) - 77ab65e6-d942-49df-83a3-1d4c0bf152b3: shutdown FollowerState
2019-11-05 08:24:14,703 [grpc-default-executor-3] INFO  impl.RoleInfo (RoleInfo.java:updateAndGet(143)) - 77ab65e6-d942-49df-83a3-1d4c0bf152b3: start FollowerState
2019-11-05 08:24:14,703 [Thread-3002] INFO  impl.FollowerState (FollowerState.java:run(117)) - 77ab65e6-d942-49df-83a3-1d4c0bf152b3@group-0DB8C7688BF9-FollowerState was interrupted: java.lang.InterruptedException: sleep interrupted
2019-11-05 08:24:14,703 [grpc-default-executor-4] INFO  impl.RaftServerImpl (RaftServerImpl.java:setRole(184)) - 7e1b84a9-a041-44fd-8008-f2679426984c@group-0DB8C7688BF9: changes role from  FOLLOWER to FOLLOWER at term 199 for recognizeCandidate:4a682f4f-c3f2-4b77-88b7-f0ab78890feb
2019-11-05 08:24:14,703 [grpc-default-executor-4] INFO  impl.RoleInfo (RoleInfo.java:shutdownFollowerState(121)) - 7e1b84a9-a041-44fd-8008-f2679426984c: shutdown FollowerState
2019-11-05 08:24:14,704 [grpc-default-executor-4] INFO  impl.RoleInfo (RoleInfo.java:updateAndGet(143)) - 7e1b84a9-a041-44fd-8008-f2679426984c: start FollowerState
2019-11-05 08:24:14,704 [Thread-3001] INFO  impl.FollowerState (FollowerState.java:run(117)) - 7e1b84a9-a041-44fd-8008-f2679426984c@group-0DB8C7688BF9-FollowerState was interrupted: java.lang.InterruptedException: sleep interrupted
2019-11-05 08:24:14,717 [4a682f4f-c3f2-4b77-88b7-f0ab78890feb@group-0DB8C7688BF9-LeaderElection393] INFO  impl.LeaderElection (LeaderElection.java:logAndReturn(56)) - 4a682f4f-c3f2-4b77-88b7-f0ab78890feb@group-0DB8C7688BF9-LeaderElection393: Election REJECTED; received 2 response(s) [4a682f4f-c3f2-4b77-88b7-f0ab78890feb<-77ab65e6-d942-49df-83a3-1d4c0bf152b3#0:FAIL-t199, 4a682f4f-c3f2-4b77-88b7-f0ab78890feb<-7e1b84a9-a041-44fd-8008-f2679426984c#0:FAIL-t199] and 0 exception(s); 4a682f4f-c3f2-4b77-88b7-f0ab78890feb@group-0DB8C7688BF9:t199, leader=null, voted=4a682f4f-c3f2-4b77-88b7-f0ab78890feb, raftlog=4a682f4f-c3f2-4b77-88b7-f0ab78890feb@group-0DB8C7688BF9-SegmentedRaftLog:OPENED:c-1,f-1,i0, conf=-1: [77ab65e6-d942-49df-83a3-1d4c0bf152b3:192.168.164.217:39381, 7e1b84a9-a041-44fd-8008-f2679426984c:192.168.164.217:44149, 4a682f4f-c3f2-4b77-88b7-f0ab78890feb:192.168.164.217:34174], old=null
2019-11-05 08:24:14,717 [4a682f4f-c3f2-4b77-88b7-f0ab78890feb@group-0DB8C7688BF9-LeaderElection393] INFO  impl.RaftServerImpl (RaftServerImpl.java:setRole(184)) - 4a682f4f-c3f2-4b77-88b7-f0ab78890feb@group-0DB8C7688BF9: changes role from CANDIDATE to FOLLOWER at term 199 for DISCOVERED_A_NEW_TERM
2019-11-05 08:24:14,717 [4a682f4f-c3f2-4b77-88b7-f0ab78890feb@group-0DB8C7688BF9-LeaderElection393] INFO  impl.RoleInfo (RoleInfo.java:shutdownLeaderElection(134)) - 4a682f4f-c3f2-4b77-88b7-f0ab78890feb: shutdown LeaderElection
2019-11-05 08:24:14,717 [4a682f4f-c3f2-4b77-88b7-f0ab78890feb@group-0DB8C7688BF9-LeaderElection393] INFO  impl.RoleInfo (RoleInfo.java:updateAndGet(143)) - 4a682f4f-c3f2-4b77-88b7-f0ab78890feb: start FollowerState
2019-11-05 08:24:14,718 [Thread-2992] INFO  impl.FollowerState (FollowerState.java:run(108)) - a8ae9c07-6d89-4a49-a594-cacd4b776180@group-0E159EE4F99E-FollowerState: change to CANDIDATE, lastRpcTime:146ms, electionTimeout:146ms
2019-11-05 08:24:14,718 [Thread-2992] INFO  impl.RoleInfo (RoleInfo.java:shutdownFollowerState(121)) - a8ae9c07-6d89-4a49-a594-cacd4b776180: shutdown FollowerState
2019-11-05 08:24:14,718 [Thread-2992] INFO  impl.RaftServerImpl (RaftServerImpl.java:setRole(184)) - a8ae9c07-6d89-4a49-a594-cacd4b776180@group-0E159EE4F99E: changes role from  FOLLOWER to CANDIDATE at term 208 for changeToCandidate
2019-11-05 08:24:14,718 [Thread-2992] INFO  impl.RoleInfo (RoleInfo.java:updateAndGet(143)) - a8ae9c07-6d89-4a49-a594-cacd4b776180: start LeaderElection
2019-11-05 08:24:14,731 [a8ae9c07-6d89-4a49-a594-cacd4b776180@group-0E159EE4F99E-LeaderElection394] INFO  impl.LeaderElection (LeaderElection.java:askForVotes(178)) - a8ae9c07-6d89-4a49-a594-cacd4b776180@group-0E159EE4F99E-LeaderElection394: begin an election at term 209 for -1: [caafcba9-090a-41f5-a5f9-cba5a6a81e94:192.168.164.217:37197, a8ae9c07-6d89-4a49-a594-cacd4b776180:192.168.164.217:42719, b3bb9051-8089-4c51-a999-81579e5913f2:192.168.164.217:36516], old=null
2019-11-05 08:24:14,732 [a8ae9c07-6d89-4a49-a594-cacd4b776180@group-0E159EE4F99E-LeaderElection394] INFO  impl.LeaderElection (LogUtils.java:infoOrTrace(149)) - a8ae9c07-6d89-4a49-a594-cacd4b776180@group-0E159EE4F99E-LeaderElection394 got exception when requesting votes: {}
java.util.concurrent.ExecutionException: org.apache.ratis.thirdparty.io.grpc.StatusRuntimeException: UNAVAILABLE: io exception
	at java.util.concurrent.FutureTask.report(FutureTask.java:122)
	at java.util.concurrent.FutureTask.get(FutureTask.java:192)
	at org.apache.ratis.server.impl.LeaderElection.waitForResults(LeaderElection.java:259)
	at org.apache.ratis.server.impl.LeaderElection.askForVotes(LeaderElection.java:197)
	at org.apache.ratis.server.impl.LeaderElection.run(LeaderElection.java:133)
	at java.lang.Thread.run(Thread.java:748)
Caused by: org.apache.ratis.thirdparty.io.grpc.StatusRuntimeException: UNAVAILABLE: io exception
	at org.apache.ratis.thirdparty.io.grpc.stub.ClientCalls.toStatusRuntimeException(ClientCalls.java:233)
	at org.apache.ratis.thirdparty.io.grpc.stub.ClientCalls.getUnchecked(ClientCalls.java:214)
	at org.apache.ratis.thirdparty.io.grpc.stub.ClientCalls.blockingUnaryCall(ClientCalls.java:139)
	at org.apache.ratis.proto.grpc.RaftServerProtocolServiceGrpc$RaftServerProtocolServiceBlockingStub.requestVote(RaftServerProtocolServiceGrpc.java:265)
	at org.apache.ratis.grpc.server.GrpcServerProtocolClient.requestVote(GrpcServerProtocolClient.java:99)
	at org.apache.ratis.grpc.server.GrpcService.requestVote(GrpcService.java:204)
	at org.apache.ratis.server.impl.LeaderElection.lambda$submitRequests$1(LeaderElection.java:234)
	at java.util.concurrent.FutureTask.run(FutureTask.java:266)
	at java.util.concurrent.Executors$RunnableAdapter.call(Executors.java:511)
	at java.util.concurrent.FutureTask.run(FutureTask.java:266)
	at java.util.concurrent.ThreadPoolExecutor.runWorker(ThreadPoolExecutor.java:1149)
	at java.util.concurrent.ThreadPoolExecutor$Worker.run(ThreadPoolExecutor.java:624)
	... 1 more
Caused by: org.apache.ratis.thirdparty.io.netty.channel.AbstractChannel$AnnotatedConnectException: Connection refused: /192.168.164.217:37197
	at sun.nio.ch.SocketChannelImpl.checkConnect(Native Method)
	at sun.nio.ch.SocketChannelImpl.finishConnect(SocketChannelImpl.java:717)
	at org.apache.ratis.thirdparty.io.netty.channel.socket.nio.NioSocketChannel.doFinishConnect(NioSocketChannel.java:327)
	at org.apache.ratis.thirdparty.io.netty.channel.nio.AbstractNioChannel$AbstractNioUnsafe.finishConnect(AbstractNioChannel.java:340)
	at org.apache.ratis.thirdparty.io.netty.channel.nio.NioEventLoop.processSelectedKey(NioEventLoop.java:632)
	at org.apache.ratis.thirdparty.io.netty.channel.nio.NioEventLoop.processSelectedKeysOptimized(NioEventLoop.java:579)
	at org.apache.ratis.thirdparty.io.netty.channel.nio.NioEventLoop.processSelectedKeys(NioEventLoop.java:496)
	at org.apache.ratis.thirdparty.io.netty.channel.nio.NioEventLoop.run(NioEventLoop.java:458)
	at org.apache.ratis.thirdparty.io.netty.util.concurrent.SingleThreadEventExecutor$5.run(SingleThreadEventExecutor.java:897)
	at org.apache.ratis.thirdparty.io.netty.util.concurrent.FastThreadLocalRunnable.run(FastThreadLocalRunnable.java:30)
	... 1 more
Caused by: java.net.ConnectException: Connection refused
	... 11 more
2019-11-05 08:24:14,735 [grpc-default-executor-3] INFO  impl.RaftServerImpl (RaftServerImpl.java:setRole(184)) - b3bb9051-8089-4c51-a999-81579e5913f2@group-0E159EE4F99E: changes role from  FOLLOWER to FOLLOWER at term 209 for recognizeCandidate:a8ae9c07-6d89-4a49-a594-cacd4b776180
2019-11-05 08:24:14,735 [grpc-default-executor-3] INFO  impl.RoleInfo (RoleInfo.java:shutdownFollowerState(121)) - b3bb9051-8089-4c51-a999-81579e5913f2: shutdown FollowerState
2019-11-05 08:24:14,736 [grpc-default-executor-3] INFO  impl.RoleInfo (RoleInfo.java:updateAndGet(143)) - b3bb9051-8089-4c51-a999-81579e5913f2: start FollowerState
2019-11-05 08:24:14,736 [Thread-2989] INFO  impl.FollowerState (FollowerState.java:run(117)) - b3bb9051-8089-4c51-a999-81579e5913f2@group-0E159EE4F99E-FollowerState was interrupted: java.lang.InterruptedException: sleep interrupted
2019-11-05 08:24:14,749 [a8ae9c07-6d89-4a49-a594-cacd4b776180@group-0E159EE4F99E-LeaderElection394] INFO  impl.LeaderElection (LeaderElection.java:logAndReturn(56)) - a8ae9c07-6d89-4a49-a594-cacd4b776180@group-0E159EE4F99E-LeaderElection394: Election REJECTED; received 1 response(s) [a8ae9c07-6d89-4a49-a594-cacd4b776180<-b3bb9051-8089-4c51-a999-81579e5913f2#0:FAIL-t209] and 1 exception(s); a8ae9c07-6d89-4a49-a594-cacd4b776180@group-0E159EE4F99E:t209, leader=null, voted=a8ae9c07-6d89-4a49-a594-cacd4b776180, raftlog=a8ae9c07-6d89-4a49-a594-cacd4b776180@group-0E159EE4F99E-SegmentedRaftLog:OPENED:c-1,f-1,i0, conf=-1: [caafcba9-090a-41f5-a5f9-cba5a6a81e94:192.168.164.217:37197, a8ae9c07-6d89-4a49-a594-cacd4b776180:192.168.164.217:42719, b3bb9051-8089-4c51-a999-81579e5913f2:192.168.164.217:36516], old=null
2019-11-05 08:24:14,749 [a8ae9c07-6d89-4a49-a594-cacd4b776180@group-0E159EE4F99E-LeaderElection394] INFO  impl.LeaderElection (LogUtils.java:infoOrTrace(149)) -   Exception 0: {}
java.util.concurrent.ExecutionException: org.apache.ratis.thirdparty.io.grpc.StatusRuntimeException: UNAVAILABLE: io exception
	at java.util.concurrent.FutureTask.report(FutureTask.java:122)
	at java.util.concurrent.FutureTask.get(FutureTask.java:192)
	at org.apache.ratis.server.impl.LeaderElection.waitForResults(LeaderElection.java:259)
	at org.apache.ratis.server.impl.LeaderElection.askForVotes(LeaderElection.java:197)
	at org.apache.ratis.server.impl.LeaderElection.run(LeaderElection.java:133)
	at java.lang.Thread.run(Thread.java:748)
Caused by: org.apache.ratis.thirdparty.io.grpc.StatusRuntimeException: UNAVAILABLE: io exception
	at org.apache.ratis.thirdparty.io.grpc.stub.ClientCalls.toStatusRuntimeException(ClientCalls.java:233)
	at org.apache.ratis.thirdparty.io.grpc.stub.ClientCalls.getUnchecked(ClientCalls.java:214)
	at org.apache.ratis.thirdparty.io.grpc.stub.ClientCalls.blockingUnaryCall(ClientCalls.java:139)
	at org.apache.ratis.proto.grpc.RaftServerProtocolServiceGrpc$RaftServerProtocolServiceBlockingStub.requestVote(RaftServerProtocolServiceGrpc.java:265)
	at org.apache.ratis.grpc.server.GrpcServerProtocolClient.requestVote(GrpcServerProtocolClient.java:99)
	at org.apache.ratis.grpc.server.GrpcService.requestVote(GrpcService.java:204)
	at org.apache.ratis.server.impl.LeaderElection.lambda$submitRequests$1(LeaderElection.java:234)
	at java.util.concurrent.FutureTask.run(FutureTask.java:266)
	at java.util.concurrent.Executors$RunnableAdapter.call(Executors.java:511)
	at java.util.concurrent.FutureTask.run(FutureTask.java:266)
	at java.util.concurrent.ThreadPoolExecutor.runWorker(ThreadPoolExecutor.java:1149)
	at java.util.concurrent.ThreadPoolExecutor$Worker.run(ThreadPoolExecutor.java:624)
	... 1 more
Caused by: org.apache.ratis.thirdparty.io.netty.channel.AbstractChannel$AnnotatedConnectException: Connection refused: /192.168.164.217:37197
	at sun.nio.ch.SocketChannelImpl.checkConnect(Native Method)
	at sun.nio.ch.SocketChannelImpl.finishConnect(SocketChannelImpl.java:717)
	at org.apache.ratis.thirdparty.io.netty.channel.socket.nio.NioSocketChannel.doFinishConnect(NioSocketChannel.java:327)
	at org.apache.ratis.thirdparty.io.netty.channel.nio.AbstractNioChannel$AbstractNioUnsafe.finishConnect(AbstractNioChannel.java:340)
	at org.apache.ratis.thirdparty.io.netty.channel.nio.NioEventLoop.processSelectedKey(NioEventLoop.java:632)
	at org.apache.ratis.thirdparty.io.netty.channel.nio.NioEventLoop.processSelectedKeysOptimized(NioEventLoop.java:579)
	at org.apache.ratis.thirdparty.io.netty.channel.nio.NioEventLoop.processSelectedKeys(NioEventLoop.java:496)
	at org.apache.ratis.thirdparty.io.netty.channel.nio.NioEventLoop.run(NioEventLoop.java:458)
	at org.apache.ratis.thirdparty.io.netty.util.concurrent.SingleThreadEventExecutor$5.run(SingleThreadEventExecutor.java:897)
	at org.apache.ratis.thirdparty.io.netty.util.concurrent.FastThreadLocalRunnable.run(FastThreadLocalRunnable.java:30)
	... 1 more
Caused by: java.net.ConnectException: Connection refused
	... 11 more
2019-11-05 08:24:14,749 [a8ae9c07-6d89-4a49-a594-cacd4b776180@group-0E159EE4F99E-LeaderElection394] INFO  impl.RaftServerImpl (RaftServerImpl.java:setRole(184)) - a8ae9c07-6d89-4a49-a594-cacd4b776180@group-0E159EE4F99E: changes role from CANDIDATE to FOLLOWER at term 209 for DISCOVERED_A_NEW_TERM
2019-11-05 08:24:14,749 [a8ae9c07-6d89-4a49-a594-cacd4b776180@group-0E159EE4F99E-LeaderElection394] INFO  impl.RoleInfo (RoleInfo.java:shutdownLeaderElection(134)) - a8ae9c07-6d89-4a49-a594-cacd4b776180: shutdown LeaderElection
2019-11-05 08:24:14,749 [a8ae9c07-6d89-4a49-a594-cacd4b776180@group-0E159EE4F99E-LeaderElection394] INFO  impl.RoleInfo (RoleInfo.java:updateAndGet(143)) - a8ae9c07-6d89-4a49-a594-cacd4b776180: start FollowerState
2019-11-05 08:24:14,754 [Thread-3013] INFO  impl.FollowerState (FollowerState.java:run(108)) - a8ae9c07-6d89-4a49-a594-cacd4b776180@group-0E159EE4F99E-FollowerState: change to CANDIDATE, lastRpcTime:4ms, electionTimeout:4ms
2019-11-05 08:24:14,754 [Thread-3013] INFO  impl.RoleInfo (RoleInfo.java:shutdownFollowerState(121)) - a8ae9c07-6d89-4a49-a594-cacd4b776180: shutdown FollowerState
2019-11-05 08:24:14,754 [Thread-3013] INFO  impl.RaftServerImpl (RaftServerImpl.java:setRole(184)) - a8ae9c07-6d89-4a49-a594-cacd4b776180@group-0E159EE4F99E: changes role from  FOLLOWER to CANDIDATE at term 209 for changeToCandidate
2019-11-05 08:24:14,754 [Thread-3013] INFO  impl.RoleInfo (RoleInfo.java:updateAndGet(143)) - a8ae9c07-6d89-4a49-a594-cacd4b776180: start LeaderElection
2019-11-05 08:24:14,768 [a8ae9c07-6d89-4a49-a594-cacd4b776180@group-0E159EE4F99E-LeaderElection395] INFO  impl.LeaderElection (LeaderElection.java:askForVotes(178)) - a8ae9c07-6d89-4a49-a594-cacd4b776180@group-0E159EE4F99E-LeaderElection395: begin an election at term 210 for -1: [caafcba9-090a-41f5-a5f9-cba5a6a81e94:192.168.164.217:37197, a8ae9c07-6d89-4a49-a594-cacd4b776180:192.168.164.217:42719, b3bb9051-8089-4c51-a999-81579e5913f2:192.168.164.217:36516], old=null
2019-11-05 08:24:14,769 [a8ae9c07-6d89-4a49-a594-cacd4b776180@group-0E159EE4F99E-LeaderElection395] INFO  impl.LeaderElection (LogUtils.java:infoOrTrace(149)) - a8ae9c07-6d89-4a49-a594-cacd4b776180@group-0E159EE4F99E-LeaderElection395 got exception when requesting votes: {}
java.util.concurrent.ExecutionException: org.apache.ratis.thirdparty.io.grpc.StatusRuntimeException: UNAVAILABLE: io exception
	at java.util.concurrent.FutureTask.report(FutureTask.java:122)
	at java.util.concurrent.FutureTask.get(FutureTask.java:192)
	at org.apache.ratis.server.impl.LeaderElection.waitForResults(LeaderElection.java:259)
	at org.apache.ratis.server.impl.LeaderElection.askForVotes(LeaderElection.java:197)
	at org.apache.ratis.server.impl.LeaderElection.run(LeaderElection.java:133)
	at java.lang.Thread.run(Thread.java:748)
Caused by: org.apache.ratis.thirdparty.io.grpc.StatusRuntimeException: UNAVAILABLE: io exception
	at org.apache.ratis.thirdparty.io.grpc.stub.ClientCalls.toStatusRuntimeException(ClientCalls.java:233)
	at org.apache.ratis.thirdparty.io.grpc.stub.ClientCalls.getUnchecked(ClientCalls.java:214)
	at org.apache.ratis.thirdparty.io.grpc.stub.ClientCalls.blockingUnaryCall(ClientCalls.java:139)
	at org.apache.ratis.proto.grpc.RaftServerProtocolServiceGrpc$RaftServerProtocolServiceBlockingStub.requestVote(RaftServerProtocolServiceGrpc.java:265)
	at org.apache.ratis.grpc.server.GrpcServerProtocolClient.requestVote(GrpcServerProtocolClient.java:99)
	at org.apache.ratis.grpc.server.GrpcService.requestVote(GrpcService.java:204)
	at org.apache.ratis.server.impl.LeaderElection.lambda$submitRequests$1(LeaderElection.java:234)
	at java.util.concurrent.FutureTask.run(FutureTask.java:266)
	at java.util.concurrent.Executors$RunnableAdapter.call(Executors.java:511)
	at java.util.concurrent.FutureTask.run(FutureTask.java:266)
	at java.util.concurrent.ThreadPoolExecutor.runWorker(ThreadPoolExecutor.java:1149)
	at java.util.concurrent.ThreadPoolExecutor$Worker.run(ThreadPoolExecutor.java:624)
	... 1 more
Caused by: org.apache.ratis.thirdparty.io.netty.channel.AbstractChannel$AnnotatedConnectException: Connection refused: /192.168.164.217:37197
	at sun.nio.ch.SocketChannelImpl.checkConnect(Native Method)
	at sun.nio.ch.SocketChannelImpl.finishConnect(SocketChannelImpl.java:717)
	at org.apache.ratis.thirdparty.io.netty.channel.socket.nio.NioSocketChannel.doFinishConnect(NioSocketChannel.java:327)
	at org.apache.ratis.thirdparty.io.netty.channel.nio.AbstractNioChannel$AbstractNioUnsafe.finishConnect(AbstractNioChannel.java:340)
	at org.apache.ratis.thirdparty.io.netty.channel.nio.NioEventLoop.processSelectedKey(NioEventLoop.java:632)
	at org.apache.ratis.thirdparty.io.netty.channel.nio.NioEventLoop.processSelectedKeysOptimized(NioEventLoop.java:579)
	at org.apache.ratis.thirdparty.io.netty.channel.nio.NioEventLoop.processSelectedKeys(NioEventLoop.java:496)
	at org.apache.ratis.thirdparty.io.netty.channel.nio.NioEventLoop.run(NioEventLoop.java:458)
	at org.apache.ratis.thirdparty.io.netty.util.concurrent.SingleThreadEventExecutor$5.run(SingleThreadEventExecutor.java:897)
	at org.apache.ratis.thirdparty.io.netty.util.concurrent.FastThreadLocalRunnable.run(FastThreadLocalRunnable.java:30)
	... 1 more
Caused by: java.net.ConnectException: Connection refused
	... 11 more
2019-11-05 08:24:14,771 [grpc-default-executor-3] INFO  impl.RaftServerImpl (RaftServerImpl.java:setRole(184)) - b3bb9051-8089-4c51-a999-81579e5913f2@group-0E159EE4F99E: changes role from  FOLLOWER to FOLLOWER at term 210 for recognizeCandidate:a8ae9c07-6d89-4a49-a594-cacd4b776180
2019-11-05 08:24:14,771 [grpc-default-executor-3] INFO  impl.RoleInfo (RoleInfo.java:shutdownFollowerState(121)) - b3bb9051-8089-4c51-a999-81579e5913f2: shutdown FollowerState
2019-11-05 08:24:14,772 [grpc-default-executor-3] INFO  impl.RoleInfo (RoleInfo.java:updateAndGet(143)) - b3bb9051-8089-4c51-a999-81579e5913f2: start FollowerState
2019-11-05 08:24:14,772 [Thread-3011] INFO  impl.FollowerState (FollowerState.java:run(117)) - b3bb9051-8089-4c51-a999-81579e5913f2@group-0E159EE4F99E-FollowerState was interrupted: java.lang.InterruptedException: sleep interrupted
2019-11-05 08:24:14,785 [a8ae9c07-6d89-4a49-a594-cacd4b776180@group-0E159EE4F99E-LeaderElection395] INFO  impl.LeaderElection (LeaderElection.java:logAndReturn(56)) - a8ae9c07-6d89-4a49-a594-cacd4b776180@group-0E159EE4F99E-LeaderElection395: Election REJECTED; received 1 response(s) [a8ae9c07-6d89-4a49-a594-cacd4b776180<-b3bb9051-8089-4c51-a999-81579e5913f2#0:FAIL-t210] and 1 exception(s); a8ae9c07-6d89-4a49-a594-cacd4b776180@group-0E159EE4F99E:t210, leader=null, voted=a8ae9c07-6d89-4a49-a594-cacd4b776180, raftlog=a8ae9c07-6d89-4a49-a594-cacd4b776180@group-0E159EE4F99E-SegmentedRaftLog:OPENED:c-1,f-1,i0, conf=-1: [caafcba9-090a-41f5-a5f9-cba5a6a81e94:192.168.164.217:37197, a8ae9c07-6d89-4a49-a594-cacd4b776180:192.168.164.217:42719, b3bb9051-8089-4c51-a999-81579e5913f2:192.168.164.217:36516], old=null
2019-11-05 08:24:14,785 [a8ae9c07-6d89-4a49-a594-cacd4b776180@group-0E159EE4F99E-LeaderElection395] INFO  impl.LeaderElection (LogUtils.java:infoOrTrace(149)) -   Exception 0: {}
java.util.concurrent.ExecutionException: org.apache.ratis.thirdparty.io.grpc.StatusRuntimeException: UNAVAILABLE: io exception
	at java.util.concurrent.FutureTask.report(FutureTask.java:122)
	at java.util.concurrent.FutureTask.get(FutureTask.java:192)
	at org.apache.ratis.server.impl.LeaderElection.waitForResults(LeaderElection.java:259)
	at org.apache.ratis.server.impl.LeaderElection.askForVotes(LeaderElection.java:197)
	at org.apache.ratis.server.impl.LeaderElection.run(LeaderElection.java:133)
	at java.lang.Thread.run(Thread.java:748)
Caused by: org.apache.ratis.thirdparty.io.grpc.StatusRuntimeException: UNAVAILABLE: io exception
	at org.apache.ratis.thirdparty.io.grpc.stub.ClientCalls.toStatusRuntimeException(ClientCalls.java:233)
	at org.apache.ratis.thirdparty.io.grpc.stub.ClientCalls.getUnchecked(ClientCalls.java:214)
	at org.apache.ratis.thirdparty.io.grpc.stub.ClientCalls.blockingUnaryCall(ClientCalls.java:139)
	at org.apache.ratis.proto.grpc.RaftServerProtocolServiceGrpc$RaftServerProtocolServiceBlockingStub.requestVote(RaftServerProtocolServiceGrpc.java:265)
	at org.apache.ratis.grpc.server.GrpcServerProtocolClient.requestVote(GrpcServerProtocolClient.java:99)
	at org.apache.ratis.grpc.server.GrpcService.requestVote(GrpcService.java:204)
	at org.apache.ratis.server.impl.LeaderElection.lambda$submitRequests$1(LeaderElection.java:234)
	at java.util.concurrent.FutureTask.run(FutureTask.java:266)
	at java.util.concurrent.Executors$RunnableAdapter.call(Executors.java:511)
	at java.util.concurrent.FutureTask.run(FutureTask.java:266)
	at java.util.concurrent.ThreadPoolExecutor.runWorker(ThreadPoolExecutor.java:1149)
	at java.util.concurrent.ThreadPoolExecutor$Worker.run(ThreadPoolExecutor.java:624)
	... 1 more
Caused by: org.apache.ratis.thirdparty.io.netty.channel.AbstractChannel$AnnotatedConnectException: Connection refused: /192.168.164.217:37197
	at sun.nio.ch.SocketChannelImpl.checkConnect(Native Method)
	at sun.nio.ch.SocketChannelImpl.finishConnect(SocketChannelImpl.java:717)
	at org.apache.ratis.thirdparty.io.netty.channel.socket.nio.NioSocketChannel.doFinishConnect(NioSocketChannel.java:327)
	at org.apache.ratis.thirdparty.io.netty.channel.nio.AbstractNioChannel$AbstractNioUnsafe.finishConnect(AbstractNioChannel.java:340)
	at org.apache.ratis.thirdparty.io.netty.channel.nio.NioEventLoop.processSelectedKey(NioEventLoop.java:632)
	at org.apache.ratis.thirdparty.io.netty.channel.nio.NioEventLoop.processSelectedKeysOptimized(NioEventLoop.java:579)
	at org.apache.ratis.thirdparty.io.netty.channel.nio.NioEventLoop.processSelectedKeys(NioEventLoop.java:496)
	at org.apache.ratis.thirdparty.io.netty.channel.nio.NioEventLoop.run(NioEventLoop.java:458)
	at org.apache.ratis.thirdparty.io.netty.util.concurrent.SingleThreadEventExecutor$5.run(SingleThreadEventExecutor.java:897)
	at org.apache.ratis.thirdparty.io.netty.util.concurrent.FastThreadLocalRunnable.run(FastThreadLocalRunnable.java:30)
	... 1 more
Caused by: java.net.ConnectException: Connection refused
	... 11 more
2019-11-05 08:24:14,785 [a8ae9c07-6d89-4a49-a594-cacd4b776180@group-0E159EE4F99E-LeaderElection395] INFO  impl.RaftServerImpl (RaftServerImpl.java:setRole(184)) - a8ae9c07-6d89-4a49-a594-cacd4b776180@group-0E159EE4F99E: changes role from CANDIDATE to FOLLOWER at term 210 for DISCOVERED_A_NEW_TERM
2019-11-05 08:24:14,785 [a8ae9c07-6d89-4a49-a594-cacd4b776180@group-0E159EE4F99E-LeaderElection395] INFO  impl.RoleInfo (RoleInfo.java:shutdownLeaderElection(134)) - a8ae9c07-6d89-4a49-a594-cacd4b776180: shutdown LeaderElection
2019-11-05 08:24:14,785 [a8ae9c07-6d89-4a49-a594-cacd4b776180@group-0E159EE4F99E-LeaderElection395] INFO  impl.RoleInfo (RoleInfo.java:updateAndGet(143)) - a8ae9c07-6d89-4a49-a594-cacd4b776180: start FollowerState
2019-11-05 08:24:14,879 [Thread-3007] INFO  impl.FollowerState (FollowerState.java:run(108)) - 4a682f4f-c3f2-4b77-88b7-f0ab78890feb@group-0DB8C7688BF9-FollowerState: change to CANDIDATE, lastRpcTime:161ms, electionTimeout:161ms
2019-11-05 08:24:14,879 [Thread-3007] INFO  impl.RoleInfo (RoleInfo.java:shutdownFollowerState(121)) - 4a682f4f-c3f2-4b77-88b7-f0ab78890feb: shutdown FollowerState
2019-11-05 08:24:14,879 [Thread-3007] INFO  impl.RaftServerImpl (RaftServerImpl.java:setRole(184)) - 4a682f4f-c3f2-4b77-88b7-f0ab78890feb@group-0DB8C7688BF9: changes role from  FOLLOWER to CANDIDATE at term 199 for changeToCandidate
2019-11-05 08:24:14,879 [Thread-3007] INFO  impl.RoleInfo (RoleInfo.java:updateAndGet(143)) - 4a682f4f-c3f2-4b77-88b7-f0ab78890feb: start LeaderElection
2019-11-05 08:24:14,899 [4a682f4f-c3f2-4b77-88b7-f0ab78890feb@group-0DB8C7688BF9-LeaderElection396] INFO  impl.LeaderElection (LeaderElection.java:askForVotes(178)) - 4a682f4f-c3f2-4b77-88b7-f0ab78890feb@group-0DB8C7688BF9-LeaderElection396: begin an election at term 200 for -1: [77ab65e6-d942-49df-83a3-1d4c0bf152b3:192.168.164.217:39381, 7e1b84a9-a041-44fd-8008-f2679426984c:192.168.164.217:44149, 4a682f4f-c3f2-4b77-88b7-f0ab78890feb:192.168.164.217:34174], old=null
2019-11-05 08:24:14,900 [grpc-default-executor-3] INFO  impl.RaftServerImpl (RaftServerImpl.java:setRole(184)) - 77ab65e6-d942-49df-83a3-1d4c0bf152b3@group-0DB8C7688BF9: changes role from  FOLLOWER to FOLLOWER at term 200 for recognizeCandidate:4a682f4f-c3f2-4b77-88b7-f0ab78890feb
2019-11-05 08:24:14,900 [grpc-default-executor-3] INFO  impl.RoleInfo (RoleInfo.java:shutdownFollowerState(121)) - 77ab65e6-d942-49df-83a3-1d4c0bf152b3: shutdown FollowerState
2019-11-05 08:24:14,900 [grpc-default-executor-3] INFO  impl.RoleInfo (RoleInfo.java:updateAndGet(143)) - 77ab65e6-d942-49df-83a3-1d4c0bf152b3: start FollowerState
2019-11-05 08:24:14,901 [grpc-default-executor-4] INFO  impl.RaftServerImpl (RaftServerImpl.java:setRole(184)) - 7e1b84a9-a041-44fd-8008-f2679426984c@group-0DB8C7688BF9: changes role from  FOLLOWER to FOLLOWER at term 200 for recognizeCandidate:4a682f4f-c3f2-4b77-88b7-f0ab78890feb
2019-11-05 08:24:14,901 [grpc-default-executor-4] INFO  impl.RoleInfo (RoleInfo.java:shutdownFollowerState(121)) - 7e1b84a9-a041-44fd-8008-f2679426984c: shutdown FollowerState
2019-11-05 08:24:14,900 [Thread-3005] INFO  impl.FollowerState (FollowerState.java:run(117)) - 77ab65e6-d942-49df-83a3-1d4c0bf152b3@group-0DB8C7688BF9-FollowerState was interrupted: java.lang.InterruptedException: sleep interrupted
2019-11-05 08:24:14,901 [Thread-3006] INFO  impl.FollowerState (FollowerState.java:run(117)) - 7e1b84a9-a041-44fd-8008-f2679426984c@group-0DB8C7688BF9-FollowerState was interrupted: java.lang.InterruptedException: sleep interrupted
2019-11-05 08:24:14,901 [grpc-default-executor-4] INFO  impl.RoleInfo (RoleInfo.java:updateAndGet(143)) - 7e1b84a9-a041-44fd-8008-f2679426984c: start FollowerState
2019-11-05 08:24:14,902 [4a682f4f-c3f2-4b77-88b7-f0ab78890feb@group-0DB8C7688BF9-LeaderElection396] INFO  impl.LeaderElection (LeaderElection.java:logAndReturn(56)) - 4a682f4f-c3f2-4b77-88b7-f0ab78890feb@group-0DB8C7688BF9-LeaderElection396: Election TIMEOUT; received 0 response(s) [] and 0 exception(s); 4a682f4f-c3f2-4b77-88b7-f0ab78890feb@group-0DB8C7688BF9:t200, leader=null, voted=4a682f4f-c3f2-4b77-88b7-f0ab78890feb, raftlog=4a682f4f-c3f2-4b77-88b7-f0ab78890feb@group-0DB8C7688BF9-SegmentedRaftLog:OPENED:c-1,f-1,i0, conf=-1: [77ab65e6-d942-49df-83a3-1d4c0bf152b3:192.168.164.217:39381, 7e1b84a9-a041-44fd-8008-f2679426984c:192.168.164.217:44149, 4a682f4f-c3f2-4b77-88b7-f0ab78890feb:192.168.164.217:34174], old=null
2019-11-05 08:24:14,918 [4a682f4f-c3f2-4b77-88b7-f0ab78890feb@group-0DB8C7688BF9-LeaderElection396] INFO  impl.LeaderElection (LeaderElection.java:askForVotes(178)) - 4a682f4f-c3f2-4b77-88b7-f0ab78890feb@group-0DB8C7688BF9-LeaderElection396: begin an election at term 201 for -1: [77ab65e6-d942-49df-83a3-1d4c0bf152b3:192.168.164.217:39381, 7e1b84a9-a041-44fd-8008-f2679426984c:192.168.164.217:44149, 4a682f4f-c3f2-4b77-88b7-f0ab78890feb:192.168.164.217:34174], old=null
2019-11-05 08:24:14,919 [grpc-default-executor-3] INFO  impl.RaftServerImpl (RaftServerImpl.java:setRole(184)) - 77ab65e6-d942-49df-83a3-1d4c0bf152b3@group-0DB8C7688BF9: changes role from  FOLLOWER to FOLLOWER at term 201 for recognizeCandidate:4a682f4f-c3f2-4b77-88b7-f0ab78890feb
2019-11-05 08:24:14,919 [grpc-default-executor-3] INFO  impl.RoleInfo (RoleInfo.java:shutdownFollowerState(121)) - 77ab65e6-d942-49df-83a3-1d4c0bf152b3: shutdown FollowerState
2019-11-05 08:24:14,919 [grpc-default-executor-3] INFO  impl.RoleInfo (RoleInfo.java:updateAndGet(143)) - 77ab65e6-d942-49df-83a3-1d4c0bf152b3: start FollowerState
2019-11-05 08:24:14,919 [Thread-3022] INFO  impl.FollowerState (FollowerState.java:run(117)) - 77ab65e6-d942-49df-83a3-1d4c0bf152b3@group-0DB8C7688BF9-FollowerState was interrupted: java.lang.InterruptedException: sleep interrupted
2019-11-05 08:24:14,920 [grpc-default-executor-4] INFO  impl.RaftServerImpl (RaftServerImpl.java:setRole(184)) - 7e1b84a9-a041-44fd-8008-f2679426984c@group-0DB8C7688BF9: changes role from  FOLLOWER to FOLLOWER at term 201 for recognizeCandidate:4a682f4f-c3f2-4b77-88b7-f0ab78890feb
2019-11-05 08:24:14,920 [grpc-default-executor-4] INFO  impl.RoleInfo (RoleInfo.java:shutdownFollowerState(121)) - 7e1b84a9-a041-44fd-8008-f2679426984c: shutdown FollowerState
2019-11-05 08:24:14,920 [grpc-default-executor-4] INFO  impl.RoleInfo (RoleInfo.java:updateAndGet(143)) - 7e1b84a9-a041-44fd-8008-f2679426984c: start FollowerState
2019-11-05 08:24:14,921 [Thread-3023] INFO  impl.FollowerState (FollowerState.java:run(117)) - 7e1b84a9-a041-44fd-8008-f2679426984c@group-0DB8C7688BF9-FollowerState was interrupted: java.lang.InterruptedException: sleep interrupted
2019-11-05 08:24:14,934 [4a682f4f-c3f2-4b77-88b7-f0ab78890feb@group-0DB8C7688BF9-LeaderElection396] INFO  impl.LeaderElection (LeaderElection.java:logAndReturn(56)) - 4a682f4f-c3f2-4b77-88b7-f0ab78890feb@group-0DB8C7688BF9-LeaderElection396: Election REJECTED; received 2 response(s) [4a682f4f-c3f2-4b77-88b7-f0ab78890feb<-77ab65e6-d942-49df-83a3-1d4c0bf152b3#0:FAIL-t201, 4a682f4f-c3f2-4b77-88b7-f0ab78890feb<-7e1b84a9-a041-44fd-8008-f2679426984c#0:FAIL-t201] and 0 exception(s); 4a682f4f-c3f2-4b77-88b7-f0ab78890feb@group-0DB8C7688BF9:t201, leader=null, voted=4a682f4f-c3f2-4b77-88b7-f0ab78890feb, raftlog=4a682f4f-c3f2-4b77-88b7-f0ab78890feb@group-0DB8C7688BF9-SegmentedRaftLog:OPENED:c-1,f-1,i0, conf=-1: [77ab65e6-d942-49df-83a3-1d4c0bf152b3:192.168.164.217:39381, 7e1b84a9-a041-44fd-8008-f2679426984c:192.168.164.217:44149, 4a682f4f-c3f2-4b77-88b7-f0ab78890feb:192.168.164.217:34174], old=null
2019-11-05 08:24:14,934 [4a682f4f-c3f2-4b77-88b7-f0ab78890feb@group-0DB8C7688BF9-LeaderElection396] INFO  impl.RaftServerImpl (RaftServerImpl.java:setRole(184)) - 4a682f4f-c3f2-4b77-88b7-f0ab78890feb@group-0DB8C7688BF9: changes role from CANDIDATE to FOLLOWER at term 201 for DISCOVERED_A_NEW_TERM
2019-11-05 08:24:14,934 [4a682f4f-c3f2-4b77-88b7-f0ab78890feb@group-0DB8C7688BF9-LeaderElection396] INFO  impl.RoleInfo (RoleInfo.java:shutdownLeaderElection(134)) - 4a682f4f-c3f2-4b77-88b7-f0ab78890feb: shutdown LeaderElection
2019-11-05 08:24:14,934 [4a682f4f-c3f2-4b77-88b7-f0ab78890feb@group-0DB8C7688BF9-LeaderElection396] INFO  impl.RoleInfo (RoleInfo.java:updateAndGet(143)) - 4a682f4f-c3f2-4b77-88b7-f0ab78890feb: start FollowerState
2019-11-05 08:24:14,967 [Thread-3018] INFO  impl.FollowerState (FollowerState.java:run(108)) - a8ae9c07-6d89-4a49-a594-cacd4b776180@group-0E159EE4F99E-FollowerState: change to CANDIDATE, lastRpcTime:181ms, electionTimeout:181ms
2019-11-05 08:24:14,967 [Thread-3018] INFO  impl.RoleInfo (RoleInfo.java:shutdownFollowerState(121)) - a8ae9c07-6d89-4a49-a594-cacd4b776180: shutdown FollowerState
2019-11-05 08:24:14,967 [Thread-3018] INFO  impl.RaftServerImpl (RaftServerImpl.java:setRole(184)) - a8ae9c07-6d89-4a49-a594-cacd4b776180@group-0E159EE4F99E: changes role from  FOLLOWER to CANDIDATE at term 210 for changeToCandidate
2019-11-05 08:24:14,967 [Thread-3018] INFO  impl.RoleInfo (RoleInfo.java:updateAndGet(143)) - a8ae9c07-6d89-4a49-a594-cacd4b776180: start LeaderElection
2019-11-05 08:24:14,981 [a8ae9c07-6d89-4a49-a594-cacd4b776180@group-0E159EE4F99E-LeaderElection397] INFO  impl.LeaderElection (LeaderElection.java:askForVotes(178)) - a8ae9c07-6d89-4a49-a594-cacd4b776180@group-0E159EE4F99E-LeaderElection397: begin an election at term 211 for -1: [caafcba9-090a-41f5-a5f9-cba5a6a81e94:192.168.164.217:37197, a8ae9c07-6d89-4a49-a594-cacd4b776180:192.168.164.217:42719, b3bb9051-8089-4c51-a999-81579e5913f2:192.168.164.217:36516], old=null
2019-11-05 08:24:14,981 [a8ae9c07-6d89-4a49-a594-cacd4b776180@group-0E159EE4F99E-LeaderElection397] INFO  impl.LeaderElection (LogUtils.java:infoOrTrace(149)) - a8ae9c07-6d89-4a49-a594-cacd4b776180@group-0E159EE4F99E-LeaderElection397 got exception when requesting votes: {}
java.util.concurrent.ExecutionException: org.apache.ratis.thirdparty.io.grpc.StatusRuntimeException: UNAVAILABLE: io exception
	at java.util.concurrent.FutureTask.report(FutureTask.java:122)
	at java.util.concurrent.FutureTask.get(FutureTask.java:192)
	at org.apache.ratis.server.impl.LeaderElection.waitForResults(LeaderElection.java:259)
	at org.apache.ratis.server.impl.LeaderElection.askForVotes(LeaderElection.java:197)
	at org.apache.ratis.server.impl.LeaderElection.run(LeaderElection.java:133)
	at java.lang.Thread.run(Thread.java:748)
Caused by: org.apache.ratis.thirdparty.io.grpc.StatusRuntimeException: UNAVAILABLE: io exception
	at org.apache.ratis.thirdparty.io.grpc.stub.ClientCalls.toStatusRuntimeException(ClientCalls.java:233)
	at org.apache.ratis.thirdparty.io.grpc.stub.ClientCalls.getUnchecked(ClientCalls.java:214)
	at org.apache.ratis.thirdparty.io.grpc.stub.ClientCalls.blockingUnaryCall(ClientCalls.java:139)
	at org.apache.ratis.proto.grpc.RaftServerProtocolServiceGrpc$RaftServerProtocolServiceBlockingStub.requestVote(RaftServerProtocolServiceGrpc.java:265)
	at org.apache.ratis.grpc.server.GrpcServerProtocolClient.requestVote(GrpcServerProtocolClient.java:99)
	at org.apache.ratis.grpc.server.GrpcService.requestVote(GrpcService.java:204)
	at org.apache.ratis.server.impl.LeaderElection.lambda$submitRequests$1(LeaderElection.java:234)
	at java.util.concurrent.FutureTask.run(FutureTask.java:266)
	at java.util.concurrent.Executors$RunnableAdapter.call(Executors.java:511)
	at java.util.concurrent.FutureTask.run(FutureTask.java:266)
	at java.util.concurrent.ThreadPoolExecutor.runWorker(ThreadPoolExecutor.java:1149)
	at java.util.concurrent.ThreadPoolExecutor$Worker.run(ThreadPoolExecutor.java:624)
	... 1 more
Caused by: org.apache.ratis.thirdparty.io.netty.channel.AbstractChannel$AnnotatedConnectException: Connection refused: /192.168.164.217:37197
	at sun.nio.ch.SocketChannelImpl.checkConnect(Native Method)
	at sun.nio.ch.SocketChannelImpl.finishConnect(SocketChannelImpl.java:717)
	at org.apache.ratis.thirdparty.io.netty.channel.socket.nio.NioSocketChannel.doFinishConnect(NioSocketChannel.java:327)
	at org.apache.ratis.thirdparty.io.netty.channel.nio.AbstractNioChannel$AbstractNioUnsafe.finishConnect(AbstractNioChannel.java:340)
	at org.apache.ratis.thirdparty.io.netty.channel.nio.NioEventLoop.processSelectedKey(NioEventLoop.java:632)
	at org.apache.ratis.thirdparty.io.netty.channel.nio.NioEventLoop.processSelectedKeysOptimized(NioEventLoop.java:579)
	at org.apache.ratis.thirdparty.io.netty.channel.nio.NioEventLoop.processSelectedKeys(NioEventLoop.java:496)
	at org.apache.ratis.thirdparty.io.netty.channel.nio.NioEventLoop.run(NioEventLoop.java:458)
	at org.apache.ratis.thirdparty.io.netty.util.concurrent.SingleThreadEventExecutor$5.run(SingleThreadEventExecutor.java:897)
	at org.apache.ratis.thirdparty.io.netty.util.concurrent.FastThreadLocalRunnable.run(FastThreadLocalRunnable.java:30)
	... 1 more
Caused by: java.net.ConnectException: Connection refused
	... 11 more
2019-11-05 08:24:14,985 [grpc-default-executor-3] INFO  impl.RaftServerImpl (RaftServerImpl.java:setRole(184)) - b3bb9051-8089-4c51-a999-81579e5913f2@group-0E159EE4F99E: changes role from  FOLLOWER to FOLLOWER at term 211 for recognizeCandidate:a8ae9c07-6d89-4a49-a594-cacd4b776180
2019-11-05 08:24:14,985 [grpc-default-executor-3] INFO  impl.RoleInfo (RoleInfo.java:shutdownFollowerState(121)) - b3bb9051-8089-4c51-a999-81579e5913f2: shutdown FollowerState
2019-11-05 08:24:14,985 [grpc-default-executor-3] INFO  impl.RoleInfo (RoleInfo.java:updateAndGet(143)) - b3bb9051-8089-4c51-a999-81579e5913f2: start FollowerState
2019-11-05 08:24:14,985 [Thread-3017] INFO  impl.FollowerState (FollowerState.java:run(117)) - b3bb9051-8089-4c51-a999-81579e5913f2@group-0E159EE4F99E-FollowerState was interrupted: java.lang.InterruptedException: sleep interrupted
2019-11-05 08:24:14,999 [a8ae9c07-6d89-4a49-a594-cacd4b776180@group-0E159EE4F99E-LeaderElection397] INFO  impl.LeaderElection (LeaderElection.java:logAndReturn(56)) - a8ae9c07-6d89-4a49-a594-cacd4b776180@group-0E159EE4F99E-LeaderElection397: Election REJECTED; received 1 response(s) [a8ae9c07-6d89-4a49-a594-cacd4b776180<-b3bb9051-8089-4c51-a999-81579e5913f2#0:FAIL-t211] and 1 exception(s); a8ae9c07-6d89-4a49-a594-cacd4b776180@group-0E159EE4F99E:t211, leader=null, voted=a8ae9c07-6d89-4a49-a594-cacd4b776180, raftlog=a8ae9c07-6d89-4a49-a594-cacd4b776180@group-0E159EE4F99E-SegmentedRaftLog:OPENED:c-1,f-1,i0, conf=-1: [caafcba9-090a-41f5-a5f9-cba5a6a81e94:192.168.164.217:37197, a8ae9c07-6d89-4a49-a594-cacd4b776180:192.168.164.217:42719, b3bb9051-8089-4c51-a999-81579e5913f2:192.168.164.217:36516], old=null
2019-11-05 08:24:14,999 [a8ae9c07-6d89-4a49-a594-cacd4b776180@group-0E159EE4F99E-LeaderElection397] INFO  impl.LeaderElection (LogUtils.java:infoOrTrace(149)) -   Exception 0: {}
java.util.concurrent.ExecutionException: org.apache.ratis.thirdparty.io.grpc.StatusRuntimeException: UNAVAILABLE: io exception
	at java.util.concurrent.FutureTask.report(FutureTask.java:122)
	at java.util.concurrent.FutureTask.get(FutureTask.java:192)
	at org.apache.ratis.server.impl.LeaderElection.waitForResults(LeaderElection.java:259)
	at org.apache.ratis.server.impl.LeaderElection.askForVotes(LeaderElection.java:197)
	at org.apache.ratis.server.impl.LeaderElection.run(LeaderElection.java:133)
	at java.lang.Thread.run(Thread.java:748)
Caused by: org.apache.ratis.thirdparty.io.grpc.StatusRuntimeException: UNAVAILABLE: io exception
	at org.apache.ratis.thirdparty.io.grpc.stub.ClientCalls.toStatusRuntimeException(ClientCalls.java:233)
	at org.apache.ratis.thirdparty.io.grpc.stub.ClientCalls.getUnchecked(ClientCalls.java:214)
	at org.apache.ratis.thirdparty.io.grpc.stub.ClientCalls.blockingUnaryCall(ClientCalls.java:139)
	at org.apache.ratis.proto.grpc.RaftServerProtocolServiceGrpc$RaftServerProtocolServiceBlockingStub.requestVote(RaftServerProtocolServiceGrpc.java:265)
	at org.apache.ratis.grpc.server.GrpcServerProtocolClient.requestVote(GrpcServerProtocolClient.java:99)
	at org.apache.ratis.grpc.server.GrpcService.requestVote(GrpcService.java:204)
	at org.apache.ratis.server.impl.LeaderElection.lambda$submitRequests$1(LeaderElection.java:234)
	at java.util.concurrent.FutureTask.run(FutureTask.java:266)
	at java.util.concurrent.Executors$RunnableAdapter.call(Executors.java:511)
	at java.util.concurrent.FutureTask.run(FutureTask.java:266)
	at java.util.concurrent.ThreadPoolExecutor.runWorker(ThreadPoolExecutor.java:1149)
	at java.util.concurrent.ThreadPoolExecutor$Worker.run(ThreadPoolExecutor.java:624)
	... 1 more
Caused by: org.apache.ratis.thirdparty.io.netty.channel.AbstractChannel$AnnotatedConnectException: Connection refused: /192.168.164.217:37197
	at sun.nio.ch.SocketChannelImpl.checkConnect(Native Method)
	at sun.nio.ch.SocketChannelImpl.finishConnect(SocketChannelImpl.java:717)
	at org.apache.ratis.thirdparty.io.netty.channel.socket.nio.NioSocketChannel.doFinishConnect(NioSocketChannel.java:327)
	at org.apache.ratis.thirdparty.io.netty.channel.nio.AbstractNioChannel$AbstractNioUnsafe.finishConnect(AbstractNioChannel.java:340)
	at org.apache.ratis.thirdparty.io.netty.channel.nio.NioEventLoop.processSelectedKey(NioEventLoop.java:632)
	at org.apache.ratis.thirdparty.io.netty.channel.nio.NioEventLoop.processSelectedKeysOptimized(NioEventLoop.java:579)
	at org.apache.ratis.thirdparty.io.netty.channel.nio.NioEventLoop.processSelectedKeys(NioEventLoop.java:496)
	at org.apache.ratis.thirdparty.io.netty.channel.nio.NioEventLoop.run(NioEventLoop.java:458)
	at org.apache.ratis.thirdparty.io.netty.util.concurrent.SingleThreadEventExecutor$5.run(SingleThreadEventExecutor.java:897)
	at org.apache.ratis.thirdparty.io.netty.util.concurrent.FastThreadLocalRunnable.run(FastThreadLocalRunnable.java:30)
	... 1 more
Caused by: java.net.ConnectException: Connection refused
	... 11 more
2019-11-05 08:24:15,000 [a8ae9c07-6d89-4a49-a594-cacd4b776180@group-0E159EE4F99E-LeaderElection397] INFO  impl.RaftServerImpl (RaftServerImpl.java:setRole(184)) - a8ae9c07-6d89-4a49-a594-cacd4b776180@group-0E159EE4F99E: changes role from CANDIDATE to FOLLOWER at term 211 for DISCOVERED_A_NEW_TERM
2019-11-05 08:24:15,001 [a8ae9c07-6d89-4a49-a594-cacd4b776180@group-0E159EE4F99E-LeaderElection397] INFO  impl.RoleInfo (RoleInfo.java:shutdownLeaderElection(134)) - a8ae9c07-6d89-4a49-a594-cacd4b776180: shutdown LeaderElection
2019-11-05 08:24:15,001 [a8ae9c07-6d89-4a49-a594-cacd4b776180@group-0E159EE4F99E-LeaderElection397] INFO  impl.RoleInfo (RoleInfo.java:updateAndGet(143)) - a8ae9c07-6d89-4a49-a594-cacd4b776180: start FollowerState
2019-11-05 08:24:15,060 [Thread-3033] INFO  impl.FollowerState (FollowerState.java:run(108)) - a8ae9c07-6d89-4a49-a594-cacd4b776180@group-0E159EE4F99E-FollowerState: change to CANDIDATE, lastRpcTime:59ms, electionTimeout:59ms
2019-11-05 08:24:15,061 [Thread-3033] INFO  impl.RoleInfo (RoleInfo.java:shutdownFollowerState(121)) - a8ae9c07-6d89-4a49-a594-cacd4b776180: shutdown FollowerState
2019-11-05 08:24:15,061 [Thread-3033] INFO  impl.RaftServerImpl (RaftServerImpl.java:setRole(184)) - a8ae9c07-6d89-4a49-a594-cacd4b776180@group-0E159EE4F99E: changes role from  FOLLOWER to CANDIDATE at term 211 for changeToCandidate
2019-11-05 08:24:15,061 [Thread-3033] INFO  impl.RoleInfo (RoleInfo.java:updateAndGet(143)) - a8ae9c07-6d89-4a49-a594-cacd4b776180: start LeaderElection
2019-11-05 08:24:15,075 [a8ae9c07-6d89-4a49-a594-cacd4b776180@group-0E159EE4F99E-LeaderElection398] INFO  impl.LeaderElection (LeaderElection.java:askForVotes(178)) - a8ae9c07-6d89-4a49-a594-cacd4b776180@group-0E159EE4F99E-LeaderElection398: begin an election at term 212 for -1: [caafcba9-090a-41f5-a5f9-cba5a6a81e94:192.168.164.217:37197, a8ae9c07-6d89-4a49-a594-cacd4b776180:192.168.164.217:42719, b3bb9051-8089-4c51-a999-81579e5913f2:192.168.164.217:36516], old=null
2019-11-05 08:24:15,076 [a8ae9c07-6d89-4a49-a594-cacd4b776180@group-0E159EE4F99E-LeaderElection398] INFO  impl.LeaderElection (LogUtils.java:infoOrTrace(149)) - a8ae9c07-6d89-4a49-a594-cacd4b776180@group-0E159EE4F99E-LeaderElection398 got exception when requesting votes: {}
java.util.concurrent.ExecutionException: org.apache.ratis.thirdparty.io.grpc.StatusRuntimeException: UNAVAILABLE: io exception
	at java.util.concurrent.FutureTask.report(FutureTask.java:122)
	at java.util.concurrent.FutureTask.get(FutureTask.java:192)
	at org.apache.ratis.server.impl.LeaderElection.waitForResults(LeaderElection.java:259)
	at org.apache.ratis.server.impl.LeaderElection.askForVotes(LeaderElection.java:197)
	at org.apache.ratis.server.impl.LeaderElection.run(LeaderElection.java:133)
	at java.lang.Thread.run(Thread.java:748)
Caused by: org.apache.ratis.thirdparty.io.grpc.StatusRuntimeException: UNAVAILABLE: io exception
	at org.apache.ratis.thirdparty.io.grpc.stub.ClientCalls.toStatusRuntimeException(ClientCalls.java:233)
	at org.apache.ratis.thirdparty.io.grpc.stub.ClientCalls.getUnchecked(ClientCalls.java:214)
	at org.apache.ratis.thirdparty.io.grpc.stub.ClientCalls.blockingUnaryCall(ClientCalls.java:139)
	at org.apache.ratis.proto.grpc.RaftServerProtocolServiceGrpc$RaftServerProtocolServiceBlockingStub.requestVote(RaftServerProtocolServiceGrpc.java:265)
	at org.apache.ratis.grpc.server.GrpcServerProtocolClient.requestVote(GrpcServerProtocolClient.java:99)
	at org.apache.ratis.grpc.server.GrpcService.requestVote(GrpcService.java:204)
	at org.apache.ratis.server.impl.LeaderElection.lambda$submitRequests$1(LeaderElection.java:234)
	at java.util.concurrent.FutureTask.run(FutureTask.java:266)
	at java.util.concurrent.Executors$RunnableAdapter.call(Executors.java:511)
	at java.util.concurrent.FutureTask.run(FutureTask.java:266)
	at java.util.concurrent.ThreadPoolExecutor.runWorker(ThreadPoolExecutor.java:1149)
	at java.util.concurrent.ThreadPoolExecutor$Worker.run(ThreadPoolExecutor.java:624)
	... 1 more
Caused by: org.apache.ratis.thirdparty.io.netty.channel.AbstractChannel$AnnotatedConnectException: Connection refused: /192.168.164.217:37197
	at sun.nio.ch.SocketChannelImpl.checkConnect(Native Method)
	at sun.nio.ch.SocketChannelImpl.finishConnect(SocketChannelImpl.java:717)
	at org.apache.ratis.thirdparty.io.netty.channel.socket.nio.NioSocketChannel.doFinishConnect(NioSocketChannel.java:327)
	at org.apache.ratis.thirdparty.io.netty.channel.nio.AbstractNioChannel$AbstractNioUnsafe.finishConnect(AbstractNioChannel.java:340)
	at org.apache.ratis.thirdparty.io.netty.channel.nio.NioEventLoop.processSelectedKey(NioEventLoop.java:632)
	at org.apache.ratis.thirdparty.io.netty.channel.nio.NioEventLoop.processSelectedKeysOptimized(NioEventLoop.java:579)
	at org.apache.ratis.thirdparty.io.netty.channel.nio.NioEventLoop.processSelectedKeys(NioEventLoop.java:496)
	at org.apache.ratis.thirdparty.io.netty.channel.nio.NioEventLoop.run(NioEventLoop.java:458)
	at org.apache.ratis.thirdparty.io.netty.util.concurrent.SingleThreadEventExecutor$5.run(SingleThreadEventExecutor.java:897)
	at org.apache.ratis.thirdparty.io.netty.util.concurrent.FastThreadLocalRunnable.run(FastThreadLocalRunnable.java:30)
	... 1 more
Caused by: java.net.ConnectException: Connection refused
	... 11 more
2019-11-05 08:24:15,080 [grpc-default-executor-3] INFO  impl.RaftServerImpl (RaftServerImpl.java:setRole(184)) - b3bb9051-8089-4c51-a999-81579e5913f2@group-0E159EE4F99E: changes role from  FOLLOWER to FOLLOWER at term 212 for recognizeCandidate:a8ae9c07-6d89-4a49-a594-cacd4b776180
2019-11-05 08:24:15,081 [grpc-default-executor-3] INFO  impl.RoleInfo (RoleInfo.java:shutdownFollowerState(121)) - b3bb9051-8089-4c51-a999-81579e5913f2: shutdown FollowerState
2019-11-05 08:24:15,081 [grpc-default-executor-3] INFO  impl.RoleInfo (RoleInfo.java:updateAndGet(143)) - b3bb9051-8089-4c51-a999-81579e5913f2: start FollowerState
2019-11-05 08:24:15,081 [Thread-3032] INFO  impl.FollowerState (FollowerState.java:run(117)) - b3bb9051-8089-4c51-a999-81579e5913f2@group-0E159EE4F99E-FollowerState was interrupted: java.lang.InterruptedException: sleep interrupted
2019-11-05 08:24:15,094 [a8ae9c07-6d89-4a49-a594-cacd4b776180@group-0E159EE4F99E-LeaderElection398] INFO  impl.LeaderElection (LeaderElection.java:logAndReturn(56)) - a8ae9c07-6d89-4a49-a594-cacd4b776180@group-0E159EE4F99E-LeaderElection398: Election REJECTED; received 1 response(s) [a8ae9c07-6d89-4a49-a594-cacd4b776180<-b3bb9051-8089-4c51-a999-81579e5913f2#0:FAIL-t212] and 1 exception(s); a8ae9c07-6d89-4a49-a594-cacd4b776180@group-0E159EE4F99E:t212, leader=null, voted=a8ae9c07-6d89-4a49-a594-cacd4b776180, raftlog=a8ae9c07-6d89-4a49-a594-cacd4b776180@group-0E159EE4F99E-SegmentedRaftLog:OPENED:c-1,f-1,i0, conf=-1: [caafcba9-090a-41f5-a5f9-cba5a6a81e94:192.168.164.217:37197, a8ae9c07-6d89-4a49-a594-cacd4b776180:192.168.164.217:42719, b3bb9051-8089-4c51-a999-81579e5913f2:192.168.164.217:36516], old=null
2019-11-05 08:24:15,094 [a8ae9c07-6d89-4a49-a594-cacd4b776180@group-0E159EE4F99E-LeaderElection398] INFO  impl.LeaderElection (LogUtils.java:infoOrTrace(149)) -   Exception 0: {}
java.util.concurrent.ExecutionException: org.apache.ratis.thirdparty.io.grpc.StatusRuntimeException: UNAVAILABLE: io exception
	at java.util.concurrent.FutureTask.report(FutureTask.java:122)
	at java.util.concurrent.FutureTask.get(FutureTask.java:192)
	at org.apache.ratis.server.impl.LeaderElection.waitForResults(LeaderElection.java:259)
	at org.apache.ratis.server.impl.LeaderElection.askForVotes(LeaderElection.java:197)
	at org.apache.ratis.server.impl.LeaderElection.run(LeaderElection.java:133)
	at java.lang.Thread.run(Thread.java:748)
Caused by: org.apache.ratis.thirdparty.io.grpc.StatusRuntimeException: UNAVAILABLE: io exception
	at org.apache.ratis.thirdparty.io.grpc.stub.ClientCalls.toStatusRuntimeException(ClientCalls.java:233)
	at org.apache.ratis.thirdparty.io.grpc.stub.ClientCalls.getUnchecked(ClientCalls.java:214)
	at org.apache.ratis.thirdparty.io.grpc.stub.ClientCalls.blockingUnaryCall(ClientCalls.java:139)
	at org.apache.ratis.proto.grpc.RaftServerProtocolServiceGrpc$RaftServerProtocolServiceBlockingStub.requestVote(RaftServerProtocolServiceGrpc.java:265)
	at org.apache.ratis.grpc.server.GrpcServerProtocolClient.requestVote(GrpcServerProtocolClient.java:99)
	at org.apache.ratis.grpc.server.GrpcService.requestVote(GrpcService.java:204)
	at org.apache.ratis.server.impl.LeaderElection.lambda$submitRequests$1(LeaderElection.java:234)
	at java.util.concurrent.FutureTask.run(FutureTask.java:266)
	at java.util.concurrent.Executors$RunnableAdapter.call(Executors.java:511)
	at java.util.concurrent.FutureTask.run(FutureTask.java:266)
	at java.util.concurrent.ThreadPoolExecutor.runWorker(ThreadPoolExecutor.java:1149)
	at java.util.concurrent.ThreadPoolExecutor$Worker.run(ThreadPoolExecutor.java:624)
	... 1 more
Caused by: org.apache.ratis.thirdparty.io.netty.channel.AbstractChannel$AnnotatedConnectException: Connection refused: /192.168.164.217:37197
	at sun.nio.ch.SocketChannelImpl.checkConnect(Native Method)
	at sun.nio.ch.SocketChannelImpl.finishConnect(SocketChannelImpl.java:717)
	at org.apache.ratis.thirdparty.io.netty.channel.socket.nio.NioSocketChannel.doFinishConnect(NioSocketChannel.java:327)
	at org.apache.ratis.thirdparty.io.netty.channel.nio.AbstractNioChannel$AbstractNioUnsafe.finishConnect(AbstractNioChannel.java:340)
	at org.apache.ratis.thirdparty.io.netty.channel.nio.NioEventLoop.processSelectedKey(NioEventLoop.java:632)
	at org.apache.ratis.thirdparty.io.netty.channel.nio.NioEventLoop.processSelectedKeysOptimized(NioEventLoop.java:579)
	at org.apache.ratis.thirdparty.io.netty.channel.nio.NioEventLoop.processSelectedKeys(NioEventLoop.java:496)
	at org.apache.ratis.thirdparty.io.netty.channel.nio.NioEventLoop.run(NioEventLoop.java:458)
	at org.apache.ratis.thirdparty.io.netty.util.concurrent.SingleThreadEventExecutor$5.run(SingleThreadEventExecutor.java:897)
	at org.apache.ratis.thirdparty.io.netty.util.concurrent.FastThreadLocalRunnable.run(FastThreadLocalRunnable.java:30)
	... 1 more
Caused by: java.net.ConnectException: Connection refused
	... 11 more
2019-11-05 08:24:15,095 [a8ae9c07-6d89-4a49-a594-cacd4b776180@group-0E159EE4F99E-LeaderElection398] INFO  impl.RaftServerImpl (RaftServerImpl.java:setRole(184)) - a8ae9c07-6d89-4a49-a594-cacd4b776180@group-0E159EE4F99E: changes role from CANDIDATE to FOLLOWER at term 212 for DISCOVERED_A_NEW_TERM
2019-11-05 08:24:15,095 [a8ae9c07-6d89-4a49-a594-cacd4b776180@group-0E159EE4F99E-LeaderElection398] INFO  impl.RoleInfo (RoleInfo.java:shutdownLeaderElection(134)) - a8ae9c07-6d89-4a49-a594-cacd4b776180: shutdown LeaderElection
2019-11-05 08:24:15,095 [a8ae9c07-6d89-4a49-a594-cacd4b776180@group-0E159EE4F99E-LeaderElection398] INFO  impl.RoleInfo (RoleInfo.java:updateAndGet(143)) - a8ae9c07-6d89-4a49-a594-cacd4b776180: start FollowerState
2019-11-05 08:24:15,121 [Thread-3028] INFO  impl.FollowerState (FollowerState.java:run(108)) - 4a682f4f-c3f2-4b77-88b7-f0ab78890feb@group-0DB8C7688BF9-FollowerState: change to CANDIDATE, lastRpcTime:187ms, electionTimeout:187ms
2019-11-05 08:24:15,121 [Thread-3028] INFO  impl.RoleInfo (RoleInfo.java:shutdownFollowerState(121)) - 4a682f4f-c3f2-4b77-88b7-f0ab78890feb: shutdown FollowerState
2019-11-05 08:24:15,122 [Thread-3028] INFO  impl.RaftServerImpl (RaftServerImpl.java:setRole(184)) - 4a682f4f-c3f2-4b77-88b7-f0ab78890feb@group-0DB8C7688BF9: changes role from  FOLLOWER to CANDIDATE at term 201 for changeToCandidate
2019-11-05 08:24:15,122 [Thread-3028] INFO  impl.RoleInfo (RoleInfo.java:updateAndGet(143)) - 4a682f4f-c3f2-4b77-88b7-f0ab78890feb: start LeaderElection
2019-11-05 08:24:15,136 [4a682f4f-c3f2-4b77-88b7-f0ab78890feb@group-0DB8C7688BF9-LeaderElection399] INFO  impl.LeaderElection (LeaderElection.java:askForVotes(178)) - 4a682f4f-c3f2-4b77-88b7-f0ab78890feb@group-0DB8C7688BF9-LeaderElection399: begin an election at term 202 for -1: [77ab65e6-d942-49df-83a3-1d4c0bf152b3:192.168.164.217:39381, 7e1b84a9-a041-44fd-8008-f2679426984c:192.168.164.217:44149, 4a682f4f-c3f2-4b77-88b7-f0ab78890feb:192.168.164.217:34174], old=null
2019-11-05 08:24:15,138 [grpc-default-executor-3] INFO  impl.RaftServerImpl (RaftServerImpl.java:setRole(184)) - 77ab65e6-d942-49df-83a3-1d4c0bf152b3@group-0DB8C7688BF9: changes role from  FOLLOWER to FOLLOWER at term 202 for recognizeCandidate:4a682f4f-c3f2-4b77-88b7-f0ab78890feb
2019-11-05 08:24:15,138 [grpc-default-executor-3] INFO  impl.RoleInfo (RoleInfo.java:shutdownFollowerState(121)) - 77ab65e6-d942-49df-83a3-1d4c0bf152b3: shutdown FollowerState
2019-11-05 08:24:15,138 [grpc-default-executor-3] INFO  impl.RoleInfo (RoleInfo.java:updateAndGet(143)) - 77ab65e6-d942-49df-83a3-1d4c0bf152b3: start FollowerState
2019-11-05 08:24:15,138 [grpc-default-executor-4] INFO  impl.RaftServerImpl (RaftServerImpl.java:setRole(184)) - 7e1b84a9-a041-44fd-8008-f2679426984c@group-0DB8C7688BF9: changes role from  FOLLOWER to FOLLOWER at term 202 for recognizeCandidate:4a682f4f-c3f2-4b77-88b7-f0ab78890feb
2019-11-05 08:24:15,138 [grpc-default-executor-4] INFO  impl.RoleInfo (RoleInfo.java:shutdownFollowerState(121)) - 7e1b84a9-a041-44fd-8008-f2679426984c: shutdown FollowerState
2019-11-05 08:24:15,138 [Thread-3026] INFO  impl.FollowerState (FollowerState.java:run(117)) - 77ab65e6-d942-49df-83a3-1d4c0bf152b3@group-0DB8C7688BF9-FollowerState was interrupted: java.lang.InterruptedException: sleep interrupted
2019-11-05 08:24:15,138 [Thread-3027] INFO  impl.FollowerState (FollowerState.java:run(117)) - 7e1b84a9-a041-44fd-8008-f2679426984c@group-0DB8C7688BF9-FollowerState was interrupted: java.lang.InterruptedException: sleep interrupted
2019-11-05 08:24:15,138 [grpc-default-executor-4] INFO  impl.RoleInfo (RoleInfo.java:updateAndGet(143)) - 7e1b84a9-a041-44fd-8008-f2679426984c: start FollowerState
2019-11-05 08:24:15,155 [4a682f4f-c3f2-4b77-88b7-f0ab78890feb@group-0DB8C7688BF9-LeaderElection399] INFO  impl.LeaderElection (LeaderElection.java:logAndReturn(56)) - 4a682f4f-c3f2-4b77-88b7-f0ab78890feb@group-0DB8C7688BF9-LeaderElection399: Election REJECTED; received 2 response(s) [4a682f4f-c3f2-4b77-88b7-f0ab78890feb<-77ab65e6-d942-49df-83a3-1d4c0bf152b3#0:FAIL-t202, 4a682f4f-c3f2-4b77-88b7-f0ab78890feb<-7e1b84a9-a041-44fd-8008-f2679426984c#0:FAIL-t202] and 0 exception(s); 4a682f4f-c3f2-4b77-88b7-f0ab78890feb@group-0DB8C7688BF9:t202, leader=null, voted=4a682f4f-c3f2-4b77-88b7-f0ab78890feb, raftlog=4a682f4f-c3f2-4b77-88b7-f0ab78890feb@group-0DB8C7688BF9-SegmentedRaftLog:OPENED:c-1,f-1,i0, conf=-1: [77ab65e6-d942-49df-83a3-1d4c0bf152b3:192.168.164.217:39381, 7e1b84a9-a041-44fd-8008-f2679426984c:192.168.164.217:44149, 4a682f4f-c3f2-4b77-88b7-f0ab78890feb:192.168.164.217:34174], old=null
2019-11-05 08:24:15,155 [4a682f4f-c3f2-4b77-88b7-f0ab78890feb@group-0DB8C7688BF9-LeaderElection399] INFO  impl.RaftServerImpl (RaftServerImpl.java:setRole(184)) - 4a682f4f-c3f2-4b77-88b7-f0ab78890feb@group-0DB8C7688BF9: changes role from CANDIDATE to FOLLOWER at term 202 for DISCOVERED_A_NEW_TERM
2019-11-05 08:24:15,155 [4a682f4f-c3f2-4b77-88b7-f0ab78890feb@group-0DB8C7688BF9-LeaderElection399] INFO  impl.RoleInfo (RoleInfo.java:shutdownLeaderElection(134)) - 4a682f4f-c3f2-4b77-88b7-f0ab78890feb: shutdown LeaderElection
2019-11-05 08:24:15,156 [4a682f4f-c3f2-4b77-88b7-f0ab78890feb@group-0DB8C7688BF9-LeaderElection399] INFO  impl.RoleInfo (RoleInfo.java:updateAndGet(143)) - 4a682f4f-c3f2-4b77-88b7-f0ab78890feb: start FollowerState
2019-11-05 08:24:15,178 [Thread-3044] INFO  impl.FollowerState (FollowerState.java:run(108)) - 4a682f4f-c3f2-4b77-88b7-f0ab78890feb@group-0DB8C7688BF9-FollowerState: change to CANDIDATE, lastRpcTime:22ms, electionTimeout:22ms
2019-11-05 08:24:15,178 [Thread-3044] INFO  impl.RoleInfo (RoleInfo.java:shutdownFollowerState(121)) - 4a682f4f-c3f2-4b77-88b7-f0ab78890feb: shutdown FollowerState
2019-11-05 08:24:15,178 [Thread-3044] INFO  impl.RaftServerImpl (RaftServerImpl.java:setRole(184)) - 4a682f4f-c3f2-4b77-88b7-f0ab78890feb@group-0DB8C7688BF9: changes role from  FOLLOWER to CANDIDATE at term 202 for changeToCandidate
2019-11-05 08:24:15,178 [Thread-3044] INFO  impl.RoleInfo (RoleInfo.java:updateAndGet(143)) - 4a682f4f-c3f2-4b77-88b7-f0ab78890feb: start LeaderElection
2019-11-05 08:24:15,192 [4a682f4f-c3f2-4b77-88b7-f0ab78890feb@group-0DB8C7688BF9-LeaderElection400] INFO  impl.LeaderElection (LeaderElection.java:askForVotes(178)) - 4a682f4f-c3f2-4b77-88b7-f0ab78890feb@group-0DB8C7688BF9-LeaderElection400: begin an election at term 203 for -1: [77ab65e6-d942-49df-83a3-1d4c0bf152b3:192.168.164.217:39381, 7e1b84a9-a041-44fd-8008-f2679426984c:192.168.164.217:44149, 4a682f4f-c3f2-4b77-88b7-f0ab78890feb:192.168.164.217:34174], old=null
2019-11-05 08:24:15,194 [grpc-default-executor-4] INFO  impl.RaftServerImpl (RaftServerImpl.java:setRole(184)) - 77ab65e6-d942-49df-83a3-1d4c0bf152b3@group-0DB8C7688BF9: changes role from  FOLLOWER to FOLLOWER at term 203 for recognizeCandidate:4a682f4f-c3f2-4b77-88b7-f0ab78890feb
2019-11-05 08:24:15,194 [grpc-default-executor-4] INFO  impl.RoleInfo (RoleInfo.java:shutdownFollowerState(121)) - 77ab65e6-d942-49df-83a3-1d4c0bf152b3: shutdown FollowerState
2019-11-05 08:24:15,194 [grpc-default-executor-3] INFO  impl.RaftServerImpl (RaftServerImpl.java:setRole(184)) - 7e1b84a9-a041-44fd-8008-f2679426984c@group-0DB8C7688BF9: changes role from  FOLLOWER to FOLLOWER at term 203 for recognizeCandidate:4a682f4f-c3f2-4b77-88b7-f0ab78890feb
2019-11-05 08:24:15,195 [grpc-default-executor-3] INFO  impl.RoleInfo (RoleInfo.java:shutdownFollowerState(121)) - 7e1b84a9-a041-44fd-8008-f2679426984c: shutdown FollowerState
2019-11-05 08:24:15,195 [Thread-3042] INFO  impl.FollowerState (FollowerState.java:run(117)) - 77ab65e6-d942-49df-83a3-1d4c0bf152b3@group-0DB8C7688BF9-FollowerState was interrupted: java.lang.InterruptedException: sleep interrupted
2019-11-05 08:24:15,194 [grpc-default-executor-4] INFO  impl.RoleInfo (RoleInfo.java:updateAndGet(143)) - 77ab65e6-d942-49df-83a3-1d4c0bf152b3: start FollowerState
2019-11-05 08:24:15,195 [Thread-3043] INFO  impl.FollowerState (FollowerState.java:run(117)) - 7e1b84a9-a041-44fd-8008-f2679426984c@group-0DB8C7688BF9-FollowerState was interrupted: java.lang.InterruptedException: sleep interrupted
2019-11-05 08:24:15,195 [grpc-default-executor-3] INFO  impl.RoleInfo (RoleInfo.java:updateAndGet(143)) - 7e1b84a9-a041-44fd-8008-f2679426984c: start FollowerState
2019-11-05 08:24:15,210 [4a682f4f-c3f2-4b77-88b7-f0ab78890feb@group-0DB8C7688BF9-LeaderElection400] INFO  impl.LeaderElection (LeaderElection.java:logAndReturn(56)) - 4a682f4f-c3f2-4b77-88b7-f0ab78890feb@group-0DB8C7688BF9-LeaderElection400: Election REJECTED; received 2 response(s) [4a682f4f-c3f2-4b77-88b7-f0ab78890feb<-77ab65e6-d942-49df-83a3-1d4c0bf152b3#0:FAIL-t203, 4a682f4f-c3f2-4b77-88b7-f0ab78890feb<-7e1b84a9-a041-44fd-8008-f2679426984c#0:FAIL-t203] and 0 exception(s); 4a682f4f-c3f2-4b77-88b7-f0ab78890feb@group-0DB8C7688BF9:t203, leader=null, voted=4a682f4f-c3f2-4b77-88b7-f0ab78890feb, raftlog=4a682f4f-c3f2-4b77-88b7-f0ab78890feb@group-0DB8C7688BF9-SegmentedRaftLog:OPENED:c-1,f-1,i0, conf=-1: [77ab65e6-d942-49df-83a3-1d4c0bf152b3:192.168.164.217:39381, 7e1b84a9-a041-44fd-8008-f2679426984c:192.168.164.217:44149, 4a682f4f-c3f2-4b77-88b7-f0ab78890feb:192.168.164.217:34174], old=null
2019-11-05 08:24:15,210 [4a682f4f-c3f2-4b77-88b7-f0ab78890feb@group-0DB8C7688BF9-LeaderElection400] INFO  impl.RaftServerImpl (RaftServerImpl.java:setRole(184)) - 4a682f4f-c3f2-4b77-88b7-f0ab78890feb@group-0DB8C7688BF9: changes role from CANDIDATE to FOLLOWER at term 203 for DISCOVERED_A_NEW_TERM
2019-11-05 08:24:15,210 [4a682f4f-c3f2-4b77-88b7-f0ab78890feb@group-0DB8C7688BF9-LeaderElection400] INFO  impl.RoleInfo (RoleInfo.java:shutdownLeaderElection(134)) - 4a682f4f-c3f2-4b77-88b7-f0ab78890feb: shutdown LeaderElection
2019-11-05 08:24:15,210 [4a682f4f-c3f2-4b77-88b7-f0ab78890feb@group-0DB8C7688BF9-LeaderElection400] INFO  impl.RoleInfo (RoleInfo.java:updateAndGet(143)) - 4a682f4f-c3f2-4b77-88b7-f0ab78890feb: start FollowerState
2019-11-05 08:24:15,276 [Thread-3038] INFO  impl.FollowerState (FollowerState.java:run(108)) - a8ae9c07-6d89-4a49-a594-cacd4b776180@group-0E159EE4F99E-FollowerState: change to CANDIDATE, lastRpcTime:181ms, electionTimeout:181ms
2019-11-05 08:24:15,276 [Thread-3038] INFO  impl.RoleInfo (RoleInfo.java:shutdownFollowerState(121)) - a8ae9c07-6d89-4a49-a594-cacd4b776180: shutdown FollowerState
2019-11-05 08:24:15,277 [Thread-3038] INFO  impl.RaftServerImpl (RaftServerImpl.java:setRole(184)) - a8ae9c07-6d89-4a49-a594-cacd4b776180@group-0E159EE4F99E: changes role from  FOLLOWER to CANDIDATE at term 212 for changeToCandidate
2019-11-05 08:24:15,277 [Thread-3038] INFO  impl.RoleInfo (RoleInfo.java:updateAndGet(143)) - a8ae9c07-6d89-4a49-a594-cacd4b776180: start LeaderElection
2019-11-05 08:24:15,290 [a8ae9c07-6d89-4a49-a594-cacd4b776180@group-0E159EE4F99E-LeaderElection401] INFO  impl.LeaderElection (LeaderElection.java:askForVotes(178)) - a8ae9c07-6d89-4a49-a594-cacd4b776180@group-0E159EE4F99E-LeaderElection401: begin an election at term 213 for -1: [caafcba9-090a-41f5-a5f9-cba5a6a81e94:192.168.164.217:37197, a8ae9c07-6d89-4a49-a594-cacd4b776180:192.168.164.217:42719, b3bb9051-8089-4c51-a999-81579e5913f2:192.168.164.217:36516], old=null
2019-11-05 08:24:15,291 [a8ae9c07-6d89-4a49-a594-cacd4b776180@group-0E159EE4F99E-LeaderElection401] INFO  impl.LeaderElection (LogUtils.java:infoOrTrace(149)) - a8ae9c07-6d89-4a49-a594-cacd4b776180@group-0E159EE4F99E-LeaderElection401 got exception when requesting votes: {}
java.util.concurrent.ExecutionException: org.apache.ratis.thirdparty.io.grpc.StatusRuntimeException: UNAVAILABLE: io exception
	at java.util.concurrent.FutureTask.report(FutureTask.java:122)
	at java.util.concurrent.FutureTask.get(FutureTask.java:192)
	at org.apache.ratis.server.impl.LeaderElection.waitForResults(LeaderElection.java:259)
	at org.apache.ratis.server.impl.LeaderElection.askForVotes(LeaderElection.java:197)
	at org.apache.ratis.server.impl.LeaderElection.run(LeaderElection.java:133)
	at java.lang.Thread.run(Thread.java:748)
Caused by: org.apache.ratis.thirdparty.io.grpc.StatusRuntimeException: UNAVAILABLE: io exception
	at org.apache.ratis.thirdparty.io.grpc.stub.ClientCalls.toStatusRuntimeException(ClientCalls.java:233)
	at org.apache.ratis.thirdparty.io.grpc.stub.ClientCalls.getUnchecked(ClientCalls.java:214)
	at org.apache.ratis.thirdparty.io.grpc.stub.ClientCalls.blockingUnaryCall(ClientCalls.java:139)
	at org.apache.ratis.proto.grpc.RaftServerProtocolServiceGrpc$RaftServerProtocolServiceBlockingStub.requestVote(RaftServerProtocolServiceGrpc.java:265)
	at org.apache.ratis.grpc.server.GrpcServerProtocolClient.requestVote(GrpcServerProtocolClient.java:99)
	at org.apache.ratis.grpc.server.GrpcService.requestVote(GrpcService.java:204)
	at org.apache.ratis.server.impl.LeaderElection.lambda$submitRequests$1(LeaderElection.java:234)
	at java.util.concurrent.FutureTask.run(FutureTask.java:266)
	at java.util.concurrent.Executors$RunnableAdapter.call(Executors.java:511)
	at java.util.concurrent.FutureTask.run(FutureTask.java:266)
	at java.util.concurrent.ThreadPoolExecutor.runWorker(ThreadPoolExecutor.java:1149)
	at java.util.concurrent.ThreadPoolExecutor$Worker.run(ThreadPoolExecutor.java:624)
	... 1 more
Caused by: org.apache.ratis.thirdparty.io.netty.channel.AbstractChannel$AnnotatedConnectException: Connection refused: /192.168.164.217:37197
	at sun.nio.ch.SocketChannelImpl.checkConnect(Native Method)
	at sun.nio.ch.SocketChannelImpl.finishConnect(SocketChannelImpl.java:717)
	at org.apache.ratis.thirdparty.io.netty.channel.socket.nio.NioSocketChannel.doFinishConnect(NioSocketChannel.java:327)
	at org.apache.ratis.thirdparty.io.netty.channel.nio.AbstractNioChannel$AbstractNioUnsafe.finishConnect(AbstractNioChannel.java:340)
	at org.apache.ratis.thirdparty.io.netty.channel.nio.NioEventLoop.processSelectedKey(NioEventLoop.java:632)
	at org.apache.ratis.thirdparty.io.netty.channel.nio.NioEventLoop.processSelectedKeysOptimized(NioEventLoop.java:579)
	at org.apache.ratis.thirdparty.io.netty.channel.nio.NioEventLoop.processSelectedKeys(NioEventLoop.java:496)
	at org.apache.ratis.thirdparty.io.netty.channel.nio.NioEventLoop.run(NioEventLoop.java:458)
	at org.apache.ratis.thirdparty.io.netty.util.concurrent.SingleThreadEventExecutor$5.run(SingleThreadEventExecutor.java:897)
	at org.apache.ratis.thirdparty.io.netty.util.concurrent.FastThreadLocalRunnable.run(FastThreadLocalRunnable.java:30)
	... 1 more
Caused by: java.net.ConnectException: Connection refused
	... 11 more
2019-11-05 08:24:15,295 [grpc-default-executor-4] INFO  impl.RaftServerImpl (RaftServerImpl.java:setRole(184)) - b3bb9051-8089-4c51-a999-81579e5913f2@group-0E159EE4F99E: changes role from  FOLLOWER to FOLLOWER at term 213 for recognizeCandidate:a8ae9c07-6d89-4a49-a594-cacd4b776180
2019-11-05 08:24:15,295 [grpc-default-executor-4] INFO  impl.RoleInfo (RoleInfo.java:shutdownFollowerState(121)) - b3bb9051-8089-4c51-a999-81579e5913f2: shutdown FollowerState
2019-11-05 08:24:15,295 [grpc-default-executor-4] INFO  impl.RoleInfo (RoleInfo.java:updateAndGet(143)) - b3bb9051-8089-4c51-a999-81579e5913f2: start FollowerState
2019-11-05 08:24:15,295 [Thread-3037] INFO  impl.FollowerState (FollowerState.java:run(117)) - b3bb9051-8089-4c51-a999-81579e5913f2@group-0E159EE4F99E-FollowerState was interrupted: java.lang.InterruptedException: sleep interrupted
2019-11-05 08:24:15,310 [a8ae9c07-6d89-4a49-a594-cacd4b776180@group-0E159EE4F99E-LeaderElection401] INFO  impl.LeaderElection (LeaderElection.java:logAndReturn(56)) - a8ae9c07-6d89-4a49-a594-cacd4b776180@group-0E159EE4F99E-LeaderElection401: Election REJECTED; received 1 response(s) [a8ae9c07-6d89-4a49-a594-cacd4b776180<-b3bb9051-8089-4c51-a999-81579e5913f2#0:FAIL-t213] and 1 exception(s); a8ae9c07-6d89-4a49-a594-cacd4b776180@group-0E159EE4F99E:t213, leader=null, voted=a8ae9c07-6d89-4a49-a594-cacd4b776180, raftlog=a8ae9c07-6d89-4a49-a594-cacd4b776180@group-0E159EE4F99E-SegmentedRaftLog:OPENED:c-1,f-1,i0, conf=-1: [caafcba9-090a-41f5-a5f9-cba5a6a81e94:192.168.164.217:37197, a8ae9c07-6d89-4a49-a594-cacd4b776180:192.168.164.217:42719, b3bb9051-8089-4c51-a999-81579e5913f2:192.168.164.217:36516], old=null
2019-11-05 08:24:15,310 [a8ae9c07-6d89-4a49-a594-cacd4b776180@group-0E159EE4F99E-LeaderElection401] INFO  impl.LeaderElection (LogUtils.java:infoOrTrace(149)) -   Exception 0: {}
java.util.concurrent.ExecutionException: org.apache.ratis.thirdparty.io.grpc.StatusRuntimeException: UNAVAILABLE: io exception
	at java.util.concurrent.FutureTask.report(FutureTask.java:122)
	at java.util.concurrent.FutureTask.get(FutureTask.java:192)
	at org.apache.ratis.server.impl.LeaderElection.waitForResults(LeaderElection.java:259)
	at org.apache.ratis.server.impl.LeaderElection.askForVotes(LeaderElection.java:197)
	at org.apache.ratis.server.impl.LeaderElection.run(LeaderElection.java:133)
	at java.lang.Thread.run(Thread.java:748)
Caused by: org.apache.ratis.thirdparty.io.grpc.StatusRuntimeException: UNAVAILABLE: io exception
	at org.apache.ratis.thirdparty.io.grpc.stub.ClientCalls.toStatusRuntimeException(ClientCalls.java:233)
	at org.apache.ratis.thirdparty.io.grpc.stub.ClientCalls.getUnchecked(ClientCalls.java:214)
	at org.apache.ratis.thirdparty.io.grpc.stub.ClientCalls.blockingUnaryCall(ClientCalls.java:139)
	at org.apache.ratis.proto.grpc.RaftServerProtocolServiceGrpc$RaftServerProtocolServiceBlockingStub.requestVote(RaftServerProtocolServiceGrpc.java:265)
	at org.apache.ratis.grpc.server.GrpcServerProtocolClient.requestVote(GrpcServerProtocolClient.java:99)
	at org.apache.ratis.grpc.server.GrpcService.requestVote(GrpcService.java:204)
	at org.apache.ratis.server.impl.LeaderElection.lambda$submitRequests$1(LeaderElection.java:234)
	at java.util.concurrent.FutureTask.run(FutureTask.java:266)
	at java.util.concurrent.Executors$RunnableAdapter.call(Executors.java:511)
	at java.util.concurrent.FutureTask.run(FutureTask.java:266)
	at java.util.concurrent.ThreadPoolExecutor.runWorker(ThreadPoolExecutor.java:1149)
	at java.util.concurrent.ThreadPoolExecutor$Worker.run(ThreadPoolExecutor.java:624)
	... 1 more
Caused by: org.apache.ratis.thirdparty.io.netty.channel.AbstractChannel$AnnotatedConnectException: Connection refused: /192.168.164.217:37197
	at sun.nio.ch.SocketChannelImpl.checkConnect(Native Method)
	at sun.nio.ch.SocketChannelImpl.finishConnect(SocketChannelImpl.java:717)
	at org.apache.ratis.thirdparty.io.netty.channel.socket.nio.NioSocketChannel.doFinishConnect(NioSocketChannel.java:327)
	at org.apache.ratis.thirdparty.io.netty.channel.nio.AbstractNioChannel$AbstractNioUnsafe.finishConnect(AbstractNioChannel.java:340)
	at org.apache.ratis.thirdparty.io.netty.channel.nio.NioEventLoop.processSelectedKey(NioEventLoop.java:632)
	at org.apache.ratis.thirdparty.io.netty.channel.nio.NioEventLoop.processSelectedKeysOptimized(NioEventLoop.java:579)
	at org.apache.ratis.thirdparty.io.netty.channel.nio.NioEventLoop.processSelectedKeys(NioEventLoop.java:496)
	at org.apache.ratis.thirdparty.io.netty.channel.nio.NioEventLoop.run(NioEventLoop.java:458)
	at org.apache.ratis.thirdparty.io.netty.util.concurrent.SingleThreadEventExecutor$5.run(SingleThreadEventExecutor.java:897)
	at org.apache.ratis.thirdparty.io.netty.util.concurrent.FastThreadLocalRunnable.run(FastThreadLocalRunnable.java:30)
	... 1 more
Caused by: java.net.ConnectException: Connection refused
	... 11 more
2019-11-05 08:24:15,310 [a8ae9c07-6d89-4a49-a594-cacd4b776180@group-0E159EE4F99E-LeaderElection401] INFO  impl.RaftServerImpl (RaftServerImpl.java:setRole(184)) - a8ae9c07-6d89-4a49-a594-cacd4b776180@group-0E159EE4F99E: changes role from CANDIDATE to FOLLOWER at term 213 for DISCOVERED_A_NEW_TERM
2019-11-05 08:24:15,310 [a8ae9c07-6d89-4a49-a594-cacd4b776180@group-0E159EE4F99E-LeaderElection401] INFO  impl.RoleInfo (RoleInfo.java:shutdownLeaderElection(134)) - a8ae9c07-6d89-4a49-a594-cacd4b776180: shutdown LeaderElection
2019-11-05 08:24:15,310 [a8ae9c07-6d89-4a49-a594-cacd4b776180@group-0E159EE4F99E-LeaderElection401] INFO  impl.RoleInfo (RoleInfo.java:updateAndGet(143)) - a8ae9c07-6d89-4a49-a594-cacd4b776180: start FollowerState
2019-11-05 08:24:15,338 [Thread-3050] INFO  impl.FollowerState (FollowerState.java:run(108)) - 4a682f4f-c3f2-4b77-88b7-f0ab78890feb@group-0DB8C7688BF9-FollowerState: change to CANDIDATE, lastRpcTime:127ms, electionTimeout:127ms
2019-11-05 08:24:15,338 [Thread-3050] INFO  impl.RoleInfo (RoleInfo.java:shutdownFollowerState(121)) - 4a682f4f-c3f2-4b77-88b7-f0ab78890feb: shutdown FollowerState
2019-11-05 08:24:15,338 [Thread-3050] INFO  impl.RaftServerImpl (RaftServerImpl.java:setRole(184)) - 4a682f4f-c3f2-4b77-88b7-f0ab78890feb@group-0DB8C7688BF9: changes role from  FOLLOWER to CANDIDATE at term 203 for changeToCandidate
2019-11-05 08:24:15,338 [Thread-3050] INFO  impl.RoleInfo (RoleInfo.java:updateAndGet(143)) - 4a682f4f-c3f2-4b77-88b7-f0ab78890feb: start LeaderElection
2019-11-05 08:24:15,352 [4a682f4f-c3f2-4b77-88b7-f0ab78890feb@group-0DB8C7688BF9-LeaderElection402] INFO  impl.LeaderElection (LeaderElection.java:askForVotes(178)) - 4a682f4f-c3f2-4b77-88b7-f0ab78890feb@group-0DB8C7688BF9-LeaderElection402: begin an election at term 204 for -1: [77ab65e6-d942-49df-83a3-1d4c0bf152b3:192.168.164.217:39381, 7e1b84a9-a041-44fd-8008-f2679426984c:192.168.164.217:44149, 4a682f4f-c3f2-4b77-88b7-f0ab78890feb:192.168.164.217:34174], old=null
2019-11-05 08:24:15,354 [grpc-default-executor-4] INFO  impl.RaftServerImpl (RaftServerImpl.java:setRole(184)) - 7e1b84a9-a041-44fd-8008-f2679426984c@group-0DB8C7688BF9: changes role from  FOLLOWER to FOLLOWER at term 204 for recognizeCandidate:4a682f4f-c3f2-4b77-88b7-f0ab78890feb
2019-11-05 08:24:15,354 [grpc-default-executor-4] INFO  impl.RoleInfo (RoleInfo.java:shutdownFollowerState(121)) - 7e1b84a9-a041-44fd-8008-f2679426984c: shutdown FollowerState
2019-11-05 08:24:15,354 [grpc-default-executor-4] INFO  impl.RoleInfo (RoleInfo.java:updateAndGet(143)) - 7e1b84a9-a041-44fd-8008-f2679426984c: start FollowerState
2019-11-05 08:24:15,354 [Thread-3049] INFO  impl.FollowerState (FollowerState.java:run(117)) - 7e1b84a9-a041-44fd-8008-f2679426984c@group-0DB8C7688BF9-FollowerState was interrupted: java.lang.InterruptedException: sleep interrupted
2019-11-05 08:24:15,354 [grpc-default-executor-3] INFO  impl.RaftServerImpl (RaftServerImpl.java:setRole(184)) - 77ab65e6-d942-49df-83a3-1d4c0bf152b3@group-0DB8C7688BF9: changes role from  FOLLOWER to FOLLOWER at term 204 for recognizeCandidate:4a682f4f-c3f2-4b77-88b7-f0ab78890feb
2019-11-05 08:24:15,354 [grpc-default-executor-3] INFO  impl.RoleInfo (RoleInfo.java:shutdownFollowerState(121)) - 77ab65e6-d942-49df-83a3-1d4c0bf152b3: shutdown FollowerState
2019-11-05 08:24:15,354 [grpc-default-executor-3] INFO  impl.RoleInfo (RoleInfo.java:updateAndGet(143)) - 77ab65e6-d942-49df-83a3-1d4c0bf152b3: start FollowerState
2019-11-05 08:24:15,354 [Thread-3048] INFO  impl.FollowerState (FollowerState.java:run(117)) - 77ab65e6-d942-49df-83a3-1d4c0bf152b3@group-0DB8C7688BF9-FollowerState was interrupted: java.lang.InterruptedException: sleep interrupted
2019-11-05 08:24:15,369 [4a682f4f-c3f2-4b77-88b7-f0ab78890feb@group-0DB8C7688BF9-LeaderElection402] INFO  impl.LeaderElection (LeaderElection.java:logAndReturn(56)) - 4a682f4f-c3f2-4b77-88b7-f0ab78890feb@group-0DB8C7688BF9-LeaderElection402: Election REJECTED; received 2 response(s) [4a682f4f-c3f2-4b77-88b7-f0ab78890feb<-77ab65e6-d942-49df-83a3-1d4c0bf152b3#0:FAIL-t204, 4a682f4f-c3f2-4b77-88b7-f0ab78890feb<-7e1b84a9-a041-44fd-8008-f2679426984c#0:FAIL-t204] and 0 exception(s); 4a682f4f-c3f2-4b77-88b7-f0ab78890feb@group-0DB8C7688BF9:t204, leader=null, voted=4a682f4f-c3f2-4b77-88b7-f0ab78890feb, raftlog=4a682f4f-c3f2-4b77-88b7-f0ab78890feb@group-0DB8C7688BF9-SegmentedRaftLog:OPENED:c-1,f-1,i0, conf=-1: [77ab65e6-d942-49df-83a3-1d4c0bf152b3:192.168.164.217:39381, 7e1b84a9-a041-44fd-8008-f2679426984c:192.168.164.217:44149, 4a682f4f-c3f2-4b77-88b7-f0ab78890feb:192.168.164.217:34174], old=null
2019-11-05 08:24:15,370 [4a682f4f-c3f2-4b77-88b7-f0ab78890feb@group-0DB8C7688BF9-LeaderElection402] INFO  impl.RaftServerImpl (RaftServerImpl.java:setRole(184)) - 4a682f4f-c3f2-4b77-88b7-f0ab78890feb@group-0DB8C7688BF9: changes role from CANDIDATE to FOLLOWER at term 204 for DISCOVERED_A_NEW_TERM
2019-11-05 08:24:15,370 [4a682f4f-c3f2-4b77-88b7-f0ab78890feb@group-0DB8C7688BF9-LeaderElection402] INFO  impl.RoleInfo (RoleInfo.java:shutdownLeaderElection(134)) - 4a682f4f-c3f2-4b77-88b7-f0ab78890feb: shutdown LeaderElection
2019-11-05 08:24:15,370 [4a682f4f-c3f2-4b77-88b7-f0ab78890feb@group-0DB8C7688BF9-LeaderElection402] INFO  impl.RoleInfo (RoleInfo.java:updateAndGet(143)) - 4a682f4f-c3f2-4b77-88b7-f0ab78890feb: start FollowerState
2019-11-05 08:24:15,408 [Thread-3056] INFO  impl.FollowerState (FollowerState.java:run(108)) - a8ae9c07-6d89-4a49-a594-cacd4b776180@group-0E159EE4F99E-FollowerState: change to CANDIDATE, lastRpcTime:97ms, electionTimeout:97ms
2019-11-05 08:24:15,408 [Thread-3056] INFO  impl.RoleInfo (RoleInfo.java:shutdownFollowerState(121)) - a8ae9c07-6d89-4a49-a594-cacd4b776180: shutdown FollowerState
2019-11-05 08:24:15,408 [Thread-3056] INFO  impl.RaftServerImpl (RaftServerImpl.java:setRole(184)) - a8ae9c07-6d89-4a49-a594-cacd4b776180@group-0E159EE4F99E: changes role from  FOLLOWER to CANDIDATE at term 213 for changeToCandidate
2019-11-05 08:24:15,408 [Thread-3056] INFO  impl.RoleInfo (RoleInfo.java:updateAndGet(143)) - a8ae9c07-6d89-4a49-a594-cacd4b776180: start LeaderElection
2019-11-05 08:24:15,429 [a8ae9c07-6d89-4a49-a594-cacd4b776180@group-0E159EE4F99E-LeaderElection403] INFO  impl.LeaderElection (LeaderElection.java:askForVotes(178)) - a8ae9c07-6d89-4a49-a594-cacd4b776180@group-0E159EE4F99E-LeaderElection403: begin an election at term 214 for -1: [caafcba9-090a-41f5-a5f9-cba5a6a81e94:192.168.164.217:37197, a8ae9c07-6d89-4a49-a594-cacd4b776180:192.168.164.217:42719, b3bb9051-8089-4c51-a999-81579e5913f2:192.168.164.217:36516], old=null
2019-11-05 08:24:15,429 [a8ae9c07-6d89-4a49-a594-cacd4b776180@group-0E159EE4F99E-LeaderElection403] INFO  impl.LeaderElection (LogUtils.java:infoOrTrace(149)) - a8ae9c07-6d89-4a49-a594-cacd4b776180@group-0E159EE4F99E-LeaderElection403 got exception when requesting votes: {}
java.util.concurrent.ExecutionException: org.apache.ratis.thirdparty.io.grpc.StatusRuntimeException: UNAVAILABLE: io exception
	at java.util.concurrent.FutureTask.report(FutureTask.java:122)
	at java.util.concurrent.FutureTask.get(FutureTask.java:192)
	at org.apache.ratis.server.impl.LeaderElection.waitForResults(LeaderElection.java:259)
	at org.apache.ratis.server.impl.LeaderElection.askForVotes(LeaderElection.java:197)
	at org.apache.ratis.server.impl.LeaderElection.run(LeaderElection.java:133)
	at java.lang.Thread.run(Thread.java:748)
Caused by: org.apache.ratis.thirdparty.io.grpc.StatusRuntimeException: UNAVAILABLE: io exception
	at org.apache.ratis.thirdparty.io.grpc.stub.ClientCalls.toStatusRuntimeException(ClientCalls.java:233)
	at org.apache.ratis.thirdparty.io.grpc.stub.ClientCalls.getUnchecked(ClientCalls.java:214)
	at org.apache.ratis.thirdparty.io.grpc.stub.ClientCalls.blockingUnaryCall(ClientCalls.java:139)
	at org.apache.ratis.proto.grpc.RaftServerProtocolServiceGrpc$RaftServerProtocolServiceBlockingStub.requestVote(RaftServerProtocolServiceGrpc.java:265)
	at org.apache.ratis.grpc.server.GrpcServerProtocolClient.requestVote(GrpcServerProtocolClient.java:99)
	at org.apache.ratis.grpc.server.GrpcService.requestVote(GrpcService.java:204)
	at org.apache.ratis.server.impl.LeaderElection.lambda$submitRequests$1(LeaderElection.java:234)
	at java.util.concurrent.FutureTask.run(FutureTask.java:266)
	at java.util.concurrent.Executors$RunnableAdapter.call(Executors.java:511)
	at java.util.concurrent.FutureTask.run(FutureTask.java:266)
	at java.util.concurrent.ThreadPoolExecutor.runWorker(ThreadPoolExecutor.java:1149)
	at java.util.concurrent.ThreadPoolExecutor$Worker.run(ThreadPoolExecutor.java:624)
	... 1 more
Caused by: org.apache.ratis.thirdparty.io.netty.channel.AbstractChannel$AnnotatedConnectException: Connection refused: /192.168.164.217:37197
	at sun.nio.ch.SocketChannelImpl.checkConnect(Native Method)
	at sun.nio.ch.SocketChannelImpl.finishConnect(SocketChannelImpl.java:717)
	at org.apache.ratis.thirdparty.io.netty.channel.socket.nio.NioSocketChannel.doFinishConnect(NioSocketChannel.java:327)
	at org.apache.ratis.thirdparty.io.netty.channel.nio.AbstractNioChannel$AbstractNioUnsafe.finishConnect(AbstractNioChannel.java:340)
	at org.apache.ratis.thirdparty.io.netty.channel.nio.NioEventLoop.processSelectedKey(NioEventLoop.java:632)
	at org.apache.ratis.thirdparty.io.netty.channel.nio.NioEventLoop.processSelectedKeysOptimized(NioEventLoop.java:579)
	at org.apache.ratis.thirdparty.io.netty.channel.nio.NioEventLoop.processSelectedKeys(NioEventLoop.java:496)
	at org.apache.ratis.thirdparty.io.netty.channel.nio.NioEventLoop.run(NioEventLoop.java:458)
	at org.apache.ratis.thirdparty.io.netty.util.concurrent.SingleThreadEventExecutor$5.run(SingleThreadEventExecutor.java:897)
	at org.apache.ratis.thirdparty.io.netty.util.concurrent.FastThreadLocalRunnable.run(FastThreadLocalRunnable.java:30)
	... 1 more
Caused by: java.net.ConnectException: Connection refused
	... 11 more
2019-11-05 08:24:15,433 [grpc-default-executor-4] INFO  impl.RaftServerImpl (RaftServerImpl.java:setRole(184)) - b3bb9051-8089-4c51-a999-81579e5913f2@group-0E159EE4F99E: changes role from  FOLLOWER to FOLLOWER at term 214 for recognizeCandidate:a8ae9c07-6d89-4a49-a594-cacd4b776180
2019-11-05 08:24:15,433 [grpc-default-executor-4] INFO  impl.RoleInfo (RoleInfo.java:shutdownFollowerState(121)) - b3bb9051-8089-4c51-a999-81579e5913f2: shutdown FollowerState
2019-11-05 08:24:15,433 [grpc-default-executor-4] INFO  impl.RoleInfo (RoleInfo.java:updateAndGet(143)) - b3bb9051-8089-4c51-a999-81579e5913f2: start FollowerState
2019-11-05 08:24:15,434 [Thread-3055] INFO  impl.FollowerState (FollowerState.java:run(117)) - b3bb9051-8089-4c51-a999-81579e5913f2@group-0E159EE4F99E-FollowerState was interrupted: java.lang.InterruptedException: sleep interrupted
2019-11-05 08:24:15,447 [a8ae9c07-6d89-4a49-a594-cacd4b776180@group-0E159EE4F99E-LeaderElection403] INFO  impl.LeaderElection (LeaderElection.java:logAndReturn(56)) - a8ae9c07-6d89-4a49-a594-cacd4b776180@group-0E159EE4F99E-LeaderElection403: Election REJECTED; received 1 response(s) [a8ae9c07-6d89-4a49-a594-cacd4b776180<-b3bb9051-8089-4c51-a999-81579e5913f2#0:FAIL-t214] and 1 exception(s); a8ae9c07-6d89-4a49-a594-cacd4b776180@group-0E159EE4F99E:t214, leader=null, voted=a8ae9c07-6d89-4a49-a594-cacd4b776180, raftlog=a8ae9c07-6d89-4a49-a594-cacd4b776180@group-0E159EE4F99E-SegmentedRaftLog:OPENED:c-1,f-1,i0, conf=-1: [caafcba9-090a-41f5-a5f9-cba5a6a81e94:192.168.164.217:37197, a8ae9c07-6d89-4a49-a594-cacd4b776180:192.168.164.217:42719, b3bb9051-8089-4c51-a999-81579e5913f2:192.168.164.217:36516], old=null
2019-11-05 08:24:15,447 [a8ae9c07-6d89-4a49-a594-cacd4b776180@group-0E159EE4F99E-LeaderElection403] INFO  impl.LeaderElection (LogUtils.java:infoOrTrace(149)) -   Exception 0: {}
java.util.concurrent.ExecutionException: org.apache.ratis.thirdparty.io.grpc.StatusRuntimeException: UNAVAILABLE: io exception
	at java.util.concurrent.FutureTask.report(FutureTask.java:122)
	at java.util.concurrent.FutureTask.get(FutureTask.java:192)
	at org.apache.ratis.server.impl.LeaderElection.waitForResults(LeaderElection.java:259)
	at org.apache.ratis.server.impl.LeaderElection.askForVotes(LeaderElection.java:197)
	at org.apache.ratis.server.impl.LeaderElection.run(LeaderElection.java:133)
	at java.lang.Thread.run(Thread.java:748)
Caused by: org.apache.ratis.thirdparty.io.grpc.StatusRuntimeException: UNAVAILABLE: io exception
	at org.apache.ratis.thirdparty.io.grpc.stub.ClientCalls.toStatusRuntimeException(ClientCalls.java:233)
	at org.apache.ratis.thirdparty.io.grpc.stub.ClientCalls.getUnchecked(ClientCalls.java:214)
	at org.apache.ratis.thirdparty.io.grpc.stub.ClientCalls.blockingUnaryCall(ClientCalls.java:139)
	at org.apache.ratis.proto.grpc.RaftServerProtocolServiceGrpc$RaftServerProtocolServiceBlockingStub.requestVote(RaftServerProtocolServiceGrpc.java:265)
	at org.apache.ratis.grpc.server.GrpcServerProtocolClient.requestVote(GrpcServerProtocolClient.java:99)
	at org.apache.ratis.grpc.server.GrpcService.requestVote(GrpcService.java:204)
	at org.apache.ratis.server.impl.LeaderElection.lambda$submitRequests$1(LeaderElection.java:234)
	at java.util.concurrent.FutureTask.run(FutureTask.java:266)
	at java.util.concurrent.Executors$RunnableAdapter.call(Executors.java:511)
	at java.util.concurrent.FutureTask.run(FutureTask.java:266)
	at java.util.concurrent.ThreadPoolExecutor.runWorker(ThreadPoolExecutor.java:1149)
	at java.util.concurrent.ThreadPoolExecutor$Worker.run(ThreadPoolExecutor.java:624)
	... 1 more
Caused by: org.apache.ratis.thirdparty.io.netty.channel.AbstractChannel$AnnotatedConnectException: Connection refused: /192.168.164.217:37197
	at sun.nio.ch.SocketChannelImpl.checkConnect(Native Method)
	at sun.nio.ch.SocketChannelImpl.finishConnect(SocketChannelImpl.java:717)
	at org.apache.ratis.thirdparty.io.netty.channel.socket.nio.NioSocketChannel.doFinishConnect(NioSocketChannel.java:327)
	at org.apache.ratis.thirdparty.io.netty.channel.nio.AbstractNioChannel$AbstractNioUnsafe.finishConnect(AbstractNioChannel.java:340)
	at org.apache.ratis.thirdparty.io.netty.channel.nio.NioEventLoop.processSelectedKey(NioEventLoop.java:632)
	at org.apache.ratis.thirdparty.io.netty.channel.nio.NioEventLoop.processSelectedKeysOptimized(NioEventLoop.java:579)
	at org.apache.ratis.thirdparty.io.netty.channel.nio.NioEventLoop.processSelectedKeys(NioEventLoop.java:496)
	at org.apache.ratis.thirdparty.io.netty.channel.nio.NioEventLoop.run(NioEventLoop.java:458)
	at org.apache.ratis.thirdparty.io.netty.util.concurrent.SingleThreadEventExecutor$5.run(SingleThreadEventExecutor.java:897)
	at org.apache.ratis.thirdparty.io.netty.util.concurrent.FastThreadLocalRunnable.run(FastThreadLocalRunnable.java:30)
	... 1 more
Caused by: java.net.ConnectException: Connection refused
	... 11 more
2019-11-05 08:24:15,448 [a8ae9c07-6d89-4a49-a594-cacd4b776180@group-0E159EE4F99E-LeaderElection403] INFO  impl.RaftServerImpl (RaftServerImpl.java:setRole(184)) - a8ae9c07-6d89-4a49-a594-cacd4b776180@group-0E159EE4F99E: changes role from CANDIDATE to FOLLOWER at term 214 for DISCOVERED_A_NEW_TERM
2019-11-05 08:24:15,448 [a8ae9c07-6d89-4a49-a594-cacd4b776180@group-0E159EE4F99E-LeaderElection403] INFO  impl.RoleInfo (RoleInfo.java:shutdownLeaderElection(134)) - a8ae9c07-6d89-4a49-a594-cacd4b776180: shutdown LeaderElection
2019-11-05 08:24:15,448 [a8ae9c07-6d89-4a49-a594-cacd4b776180@group-0E159EE4F99E-LeaderElection403] INFO  impl.RoleInfo (RoleInfo.java:updateAndGet(143)) - a8ae9c07-6d89-4a49-a594-cacd4b776180: start FollowerState
2019-11-05 08:24:15,458 [Thread-3062] INFO  impl.FollowerState (FollowerState.java:run(108)) - 4a682f4f-c3f2-4b77-88b7-f0ab78890feb@group-0DB8C7688BF9-FollowerState: change to CANDIDATE, lastRpcTime:88ms, electionTimeout:88ms
2019-11-05 08:24:15,458 [Thread-3062] INFO  impl.RoleInfo (RoleInfo.java:shutdownFollowerState(121)) - 4a682f4f-c3f2-4b77-88b7-f0ab78890feb: shutdown FollowerState
2019-11-05 08:24:15,458 [Thread-3062] INFO  impl.RaftServerImpl (RaftServerImpl.java:setRole(184)) - 4a682f4f-c3f2-4b77-88b7-f0ab78890feb@group-0DB8C7688BF9: changes role from  FOLLOWER to CANDIDATE at term 204 for changeToCandidate
2019-11-05 08:24:15,459 [Thread-3062] INFO  impl.RoleInfo (RoleInfo.java:updateAndGet(143)) - 4a682f4f-c3f2-4b77-88b7-f0ab78890feb: start LeaderElection
2019-11-05 08:24:15,472 [4a682f4f-c3f2-4b77-88b7-f0ab78890feb@group-0DB8C7688BF9-LeaderElection404] INFO  impl.LeaderElection (LeaderElection.java:askForVotes(178)) - 4a682f4f-c3f2-4b77-88b7-f0ab78890feb@group-0DB8C7688BF9-LeaderElection404: begin an election at term 205 for -1: [77ab65e6-d942-49df-83a3-1d4c0bf152b3:192.168.164.217:39381, 7e1b84a9-a041-44fd-8008-f2679426984c:192.168.164.217:44149, 4a682f4f-c3f2-4b77-88b7-f0ab78890feb:192.168.164.217:34174], old=null
2019-11-05 08:24:15,474 [grpc-default-executor-4] INFO  impl.RaftServerImpl (RaftServerImpl.java:setRole(184)) - 77ab65e6-d942-49df-83a3-1d4c0bf152b3@group-0DB8C7688BF9: changes role from  FOLLOWER to FOLLOWER at term 205 for recognizeCandidate:4a682f4f-c3f2-4b77-88b7-f0ab78890feb
2019-11-05 08:24:15,474 [grpc-default-executor-4] INFO  impl.RoleInfo (RoleInfo.java:shutdownFollowerState(121)) - 77ab65e6-d942-49df-83a3-1d4c0bf152b3: shutdown FollowerState
2019-11-05 08:24:15,475 [grpc-default-executor-4] INFO  impl.RoleInfo (RoleInfo.java:updateAndGet(143)) - 77ab65e6-d942-49df-83a3-1d4c0bf152b3: start FollowerState
2019-11-05 08:24:15,475 [grpc-default-executor-3] INFO  impl.RaftServerImpl (RaftServerImpl.java:setRole(184)) - 7e1b84a9-a041-44fd-8008-f2679426984c@group-0DB8C7688BF9: changes role from  FOLLOWER to FOLLOWER at term 205 for recognizeCandidate:4a682f4f-c3f2-4b77-88b7-f0ab78890feb
2019-11-05 08:24:15,475 [Thread-3061] INFO  impl.FollowerState (FollowerState.java:run(117)) - 77ab65e6-d942-49df-83a3-1d4c0bf152b3@group-0DB8C7688BF9-FollowerState was interrupted: java.lang.InterruptedException: sleep interrupted
2019-11-05 08:24:15,475 [grpc-default-executor-3] INFO  impl.RoleInfo (RoleInfo.java:shutdownFollowerState(121)) - 7e1b84a9-a041-44fd-8008-f2679426984c: shutdown FollowerState
2019-11-05 08:24:15,475 [grpc-default-executor-3] INFO  impl.RoleInfo (RoleInfo.java:updateAndGet(143)) - 7e1b84a9-a041-44fd-8008-f2679426984c: start FollowerState
2019-11-05 08:24:15,475 [Thread-3060] INFO  impl.FollowerState (FollowerState.java:run(117)) - 7e1b84a9-a041-44fd-8008-f2679426984c@group-0DB8C7688BF9-FollowerState was interrupted: java.lang.InterruptedException: sleep interrupted
2019-11-05 08:24:15,489 [4a682f4f-c3f2-4b77-88b7-f0ab78890feb@group-0DB8C7688BF9-LeaderElection404] INFO  impl.LeaderElection (LeaderElection.java:logAndReturn(56)) - 4a682f4f-c3f2-4b77-88b7-f0ab78890feb@group-0DB8C7688BF9-LeaderElection404: Election REJECTED; received 2 response(s) [4a682f4f-c3f2-4b77-88b7-f0ab78890feb<-77ab65e6-d942-49df-83a3-1d4c0bf152b3#0:FAIL-t205, 4a682f4f-c3f2-4b77-88b7-f0ab78890feb<-7e1b84a9-a041-44fd-8008-f2679426984c#0:FAIL-t205] and 0 exception(s); 4a682f4f-c3f2-4b77-88b7-f0ab78890feb@group-0DB8C7688BF9:t205, leader=null, voted=4a682f4f-c3f2-4b77-88b7-f0ab78890feb, raftlog=4a682f4f-c3f2-4b77-88b7-f0ab78890feb@group-0DB8C7688BF9-SegmentedRaftLog:OPENED:c-1,f-1,i0, conf=-1: [77ab65e6-d942-49df-83a3-1d4c0bf152b3:192.168.164.217:39381, 7e1b84a9-a041-44fd-8008-f2679426984c:192.168.164.217:44149, 4a682f4f-c3f2-4b77-88b7-f0ab78890feb:192.168.164.217:34174], old=null
2019-11-05 08:24:15,489 [4a682f4f-c3f2-4b77-88b7-f0ab78890feb@group-0DB8C7688BF9-LeaderElection404] INFO  impl.RaftServerImpl (RaftServerImpl.java:setRole(184)) - 4a682f4f-c3f2-4b77-88b7-f0ab78890feb@group-0DB8C7688BF9: changes role from CANDIDATE to FOLLOWER at term 205 for DISCOVERED_A_NEW_TERM
2019-11-05 08:24:15,489 [4a682f4f-c3f2-4b77-88b7-f0ab78890feb@group-0DB8C7688BF9-LeaderElection404] INFO  impl.RoleInfo (RoleInfo.java:shutdownLeaderElection(134)) - 4a682f4f-c3f2-4b77-88b7-f0ab78890feb: shutdown LeaderElection
2019-11-05 08:24:15,489 [4a682f4f-c3f2-4b77-88b7-f0ab78890feb@group-0DB8C7688BF9-LeaderElection404] INFO  impl.RoleInfo (RoleInfo.java:updateAndGet(143)) - 4a682f4f-c3f2-4b77-88b7-f0ab78890feb: start FollowerState
2019-11-05 08:24:15,573 [Thread-3067] INFO  impl.FollowerState (FollowerState.java:run(108)) - a8ae9c07-6d89-4a49-a594-cacd4b776180@group-0E159EE4F99E-FollowerState: change to CANDIDATE, lastRpcTime:125ms, electionTimeout:125ms
2019-11-05 08:24:15,574 [Thread-3067] INFO  impl.RoleInfo (RoleInfo.java:shutdownFollowerState(121)) - a8ae9c07-6d89-4a49-a594-cacd4b776180: shutdown FollowerState
2019-11-05 08:24:15,574 [Thread-3067] INFO  impl.RaftServerImpl (RaftServerImpl.java:setRole(184)) - a8ae9c07-6d89-4a49-a594-cacd4b776180@group-0E159EE4F99E: changes role from  FOLLOWER to CANDIDATE at term 214 for changeToCandidate
2019-11-05 08:24:15,574 [Thread-3067] INFO  impl.RoleInfo (RoleInfo.java:updateAndGet(143)) - a8ae9c07-6d89-4a49-a594-cacd4b776180: start LeaderElection
2019-11-05 08:24:15,587 [a8ae9c07-6d89-4a49-a594-cacd4b776180@group-0E159EE4F99E-LeaderElection405] INFO  impl.LeaderElection (LeaderElection.java:askForVotes(178)) - a8ae9c07-6d89-4a49-a594-cacd4b776180@group-0E159EE4F99E-LeaderElection405: begin an election at term 215 for -1: [caafcba9-090a-41f5-a5f9-cba5a6a81e94:192.168.164.217:37197, a8ae9c07-6d89-4a49-a594-cacd4b776180:192.168.164.217:42719, b3bb9051-8089-4c51-a999-81579e5913f2:192.168.164.217:36516], old=null
2019-11-05 08:24:15,588 [a8ae9c07-6d89-4a49-a594-cacd4b776180@group-0E159EE4F99E-LeaderElection405] INFO  impl.LeaderElection (LogUtils.java:infoOrTrace(149)) - a8ae9c07-6d89-4a49-a594-cacd4b776180@group-0E159EE4F99E-LeaderElection405 got exception when requesting votes: {}
java.util.concurrent.ExecutionException: org.apache.ratis.thirdparty.io.grpc.StatusRuntimeException: UNAVAILABLE: io exception
	at java.util.concurrent.FutureTask.report(FutureTask.java:122)
	at java.util.concurrent.FutureTask.get(FutureTask.java:192)
	at org.apache.ratis.server.impl.LeaderElection.waitForResults(LeaderElection.java:259)
	at org.apache.ratis.server.impl.LeaderElection.askForVotes(LeaderElection.java:197)
	at org.apache.ratis.server.impl.LeaderElection.run(LeaderElection.java:133)
	at java.lang.Thread.run(Thread.java:748)
Caused by: org.apache.ratis.thirdparty.io.grpc.StatusRuntimeException: UNAVAILABLE: io exception
	at org.apache.ratis.thirdparty.io.grpc.stub.ClientCalls.toStatusRuntimeException(ClientCalls.java:233)
	at org.apache.ratis.thirdparty.io.grpc.stub.ClientCalls.getUnchecked(ClientCalls.java:214)
	at org.apache.ratis.thirdparty.io.grpc.stub.ClientCalls.blockingUnaryCall(ClientCalls.java:139)
	at org.apache.ratis.proto.grpc.RaftServerProtocolServiceGrpc$RaftServerProtocolServiceBlockingStub.requestVote(RaftServerProtocolServiceGrpc.java:265)
	at org.apache.ratis.grpc.server.GrpcServerProtocolClient.requestVote(GrpcServerProtocolClient.java:99)
	at org.apache.ratis.grpc.server.GrpcService.requestVote(GrpcService.java:204)
	at org.apache.ratis.server.impl.LeaderElection.lambda$submitRequests$1(LeaderElection.java:234)
	at java.util.concurrent.FutureTask.run(FutureTask.java:266)
	at java.util.concurrent.Executors$RunnableAdapter.call(Executors.java:511)
	at java.util.concurrent.FutureTask.run(FutureTask.java:266)
	at java.util.concurrent.ThreadPoolExecutor.runWorker(ThreadPoolExecutor.java:1149)
	at java.util.concurrent.ThreadPoolExecutor$Worker.run(ThreadPoolExecutor.java:624)
	... 1 more
Caused by: org.apache.ratis.thirdparty.io.netty.channel.AbstractChannel$AnnotatedConnectException: Connection refused: /192.168.164.217:37197
	at sun.nio.ch.SocketChannelImpl.checkConnect(Native Method)
	at sun.nio.ch.SocketChannelImpl.finishConnect(SocketChannelImpl.java:717)
	at org.apache.ratis.thirdparty.io.netty.channel.socket.nio.NioSocketChannel.doFinishConnect(NioSocketChannel.java:327)
	at org.apache.ratis.thirdparty.io.netty.channel.nio.AbstractNioChannel$AbstractNioUnsafe.finishConnect(AbstractNioChannel.java:340)
	at org.apache.ratis.thirdparty.io.netty.channel.nio.NioEventLoop.processSelectedKey(NioEventLoop.java:632)
	at org.apache.ratis.thirdparty.io.netty.channel.nio.NioEventLoop.processSelectedKeysOptimized(NioEventLoop.java:579)
	at org.apache.ratis.thirdparty.io.netty.channel.nio.NioEventLoop.processSelectedKeys(NioEventLoop.java:496)
	at org.apache.ratis.thirdparty.io.netty.channel.nio.NioEventLoop.run(NioEventLoop.java:458)
	at org.apache.ratis.thirdparty.io.netty.util.concurrent.SingleThreadEventExecutor$5.run(SingleThreadEventExecutor.java:897)
	at org.apache.ratis.thirdparty.io.netty.util.concurrent.FastThreadLocalRunnable.run(FastThreadLocalRunnable.java:30)
	... 1 more
Caused by: java.net.ConnectException: Connection refused
	... 11 more
2019-11-05 08:24:15,592 [grpc-default-executor-4] INFO  impl.RaftServerImpl (RaftServerImpl.java:setRole(184)) - b3bb9051-8089-4c51-a999-81579e5913f2@group-0E159EE4F99E: changes role from  FOLLOWER to FOLLOWER at term 215 for recognizeCandidate:a8ae9c07-6d89-4a49-a594-cacd4b776180
2019-11-05 08:24:15,592 [grpc-default-executor-4] INFO  impl.RoleInfo (RoleInfo.java:shutdownFollowerState(121)) - b3bb9051-8089-4c51-a999-81579e5913f2: shutdown FollowerState
2019-11-05 08:24:15,592 [grpc-default-executor-4] INFO  impl.RoleInfo (RoleInfo.java:updateAndGet(143)) - b3bb9051-8089-4c51-a999-81579e5913f2: start FollowerState
2019-11-05 08:24:15,592 [Thread-3066] INFO  impl.FollowerState (FollowerState.java:run(117)) - b3bb9051-8089-4c51-a999-81579e5913f2@group-0E159EE4F99E-FollowerState was interrupted: java.lang.InterruptedException: sleep interrupted
2019-11-05 08:24:15,592 [Thread-3073] INFO  impl.FollowerState (FollowerState.java:run(108)) - 4a682f4f-c3f2-4b77-88b7-f0ab78890feb@group-0DB8C7688BF9-FollowerState: change to CANDIDATE, lastRpcTime:103ms, electionTimeout:103ms
2019-11-05 08:24:15,593 [Thread-3073] INFO  impl.RoleInfo (RoleInfo.java:shutdownFollowerState(121)) - 4a682f4f-c3f2-4b77-88b7-f0ab78890feb: shutdown FollowerState
2019-11-05 08:24:15,593 [Thread-3073] INFO  impl.RaftServerImpl (RaftServerImpl.java:setRole(184)) - 4a682f4f-c3f2-4b77-88b7-f0ab78890feb@group-0DB8C7688BF9: changes role from  FOLLOWER to CANDIDATE at term 205 for changeToCandidate
2019-11-05 08:24:15,593 [Thread-3073] INFO  impl.RoleInfo (RoleInfo.java:updateAndGet(143)) - 4a682f4f-c3f2-4b77-88b7-f0ab78890feb: start LeaderElection
2019-11-05 08:24:15,606 [4a682f4f-c3f2-4b77-88b7-f0ab78890feb@group-0DB8C7688BF9-LeaderElection406] INFO  impl.LeaderElection (LeaderElection.java:askForVotes(178)) - 4a682f4f-c3f2-4b77-88b7-f0ab78890feb@group-0DB8C7688BF9-LeaderElection406: begin an election at term 206 for -1: [77ab65e6-d942-49df-83a3-1d4c0bf152b3:192.168.164.217:39381, 7e1b84a9-a041-44fd-8008-f2679426984c:192.168.164.217:44149, 4a682f4f-c3f2-4b77-88b7-f0ab78890feb:192.168.164.217:34174], old=null
2019-11-05 08:24:15,606 [a8ae9c07-6d89-4a49-a594-cacd4b776180@group-0E159EE4F99E-LeaderElection405] INFO  impl.LeaderElection (LeaderElection.java:logAndReturn(56)) - a8ae9c07-6d89-4a49-a594-cacd4b776180@group-0E159EE4F99E-LeaderElection405: Election REJECTED; received 1 response(s) [a8ae9c07-6d89-4a49-a594-cacd4b776180<-b3bb9051-8089-4c51-a999-81579e5913f2#0:FAIL-t215] and 1 exception(s); a8ae9c07-6d89-4a49-a594-cacd4b776180@group-0E159EE4F99E:t215, leader=null, voted=a8ae9c07-6d89-4a49-a594-cacd4b776180, raftlog=a8ae9c07-6d89-4a49-a594-cacd4b776180@group-0E159EE4F99E-SegmentedRaftLog:OPENED:c-1,f-1,i0, conf=-1: [caafcba9-090a-41f5-a5f9-cba5a6a81e94:192.168.164.217:37197, a8ae9c07-6d89-4a49-a594-cacd4b776180:192.168.164.217:42719, b3bb9051-8089-4c51-a999-81579e5913f2:192.168.164.217:36516], old=null
2019-11-05 08:24:15,606 [a8ae9c07-6d89-4a49-a594-cacd4b776180@group-0E159EE4F99E-LeaderElection405] INFO  impl.LeaderElection (LogUtils.java:infoOrTrace(149)) -   Exception 0: {}
java.util.concurrent.ExecutionException: org.apache.ratis.thirdparty.io.grpc.StatusRuntimeException: UNAVAILABLE: io exception
	at java.util.concurrent.FutureTask.report(FutureTask.java:122)
	at java.util.concurrent.FutureTask.get(FutureTask.java:192)
	at org.apache.ratis.server.impl.LeaderElection.waitForResults(LeaderElection.java:259)
	at org.apache.ratis.server.impl.LeaderElection.askForVotes(LeaderElection.java:197)
	at org.apache.ratis.server.impl.LeaderElection.run(LeaderElection.java:133)
	at java.lang.Thread.run(Thread.java:748)
Caused by: org.apache.ratis.thirdparty.io.grpc.StatusRuntimeException: UNAVAILABLE: io exception
	at org.apache.ratis.thirdparty.io.grpc.stub.ClientCalls.toStatusRuntimeException(ClientCalls.java:233)
	at org.apache.ratis.thirdparty.io.grpc.stub.ClientCalls.getUnchecked(ClientCalls.java:214)
	at org.apache.ratis.thirdparty.io.grpc.stub.ClientCalls.blockingUnaryCall(ClientCalls.java:139)
	at org.apache.ratis.proto.grpc.RaftServerProtocolServiceGrpc$RaftServerProtocolServiceBlockingStub.requestVote(RaftServerProtocolServiceGrpc.java:265)
	at org.apache.ratis.grpc.server.GrpcServerProtocolClient.requestVote(GrpcServerProtocolClient.java:99)
	at org.apache.ratis.grpc.server.GrpcService.requestVote(GrpcService.java:204)
	at org.apache.ratis.server.impl.LeaderElection.lambda$submitRequests$1(LeaderElection.java:234)
	at java.util.concurrent.FutureTask.run(FutureTask.java:266)
	at java.util.concurrent.Executors$RunnableAdapter.call(Executors.java:511)
	at java.util.concurrent.FutureTask.run(FutureTask.java:266)
	at java.util.concurrent.ThreadPoolExecutor.runWorker(ThreadPoolExecutor.java:1149)
	at java.util.concurrent.ThreadPoolExecutor$Worker.run(ThreadPoolExecutor.java:624)
	... 1 more
Caused by: org.apache.ratis.thirdparty.io.netty.channel.AbstractChannel$AnnotatedConnectException: Connection refused: /192.168.164.217:37197
	at sun.nio.ch.SocketChannelImpl.checkConnect(Native Method)
	at sun.nio.ch.SocketChannelImpl.finishConnect(SocketChannelImpl.java:717)
	at org.apache.ratis.thirdparty.io.netty.channel.socket.nio.NioSocketChannel.doFinishConnect(NioSocketChannel.java:327)
	at org.apache.ratis.thirdparty.io.netty.channel.nio.AbstractNioChannel$AbstractNioUnsafe.finishConnect(AbstractNioChannel.java:340)
	at org.apache.ratis.thirdparty.io.netty.channel.nio.NioEventLoop.processSelectedKey(NioEventLoop.java:632)
	at org.apache.ratis.thirdparty.io.netty.channel.nio.NioEventLoop.processSelectedKeysOptimized(NioEventLoop.java:579)
	at org.apache.ratis.thirdparty.io.netty.channel.nio.NioEventLoop.processSelectedKeys(NioEventLoop.java:496)
	at org.apache.ratis.thirdparty.io.netty.channel.nio.NioEventLoop.run(NioEventLoop.java:458)
	at org.apache.ratis.thirdparty.io.netty.util.concurrent.SingleThreadEventExecutor$5.run(SingleThreadEventExecutor.java:897)
	at org.apache.ratis.thirdparty.io.netty.util.concurrent.FastThreadLocalRunnable.run(FastThreadLocalRunnable.java:30)
	... 1 more
Caused by: java.net.ConnectException: Connection refused
	... 11 more
2019-11-05 08:24:15,607 [a8ae9c07-6d89-4a49-a594-cacd4b776180@group-0E159EE4F99E-LeaderElection405] INFO  impl.RaftServerImpl (RaftServerImpl.java:setRole(184)) - a8ae9c07-6d89-4a49-a594-cacd4b776180@group-0E159EE4F99E: changes role from CANDIDATE to FOLLOWER at term 215 for DISCOVERED_A_NEW_TERM
2019-11-05 08:24:15,607 [a8ae9c07-6d89-4a49-a594-cacd4b776180@group-0E159EE4F99E-LeaderElection405] INFO  impl.RoleInfo (RoleInfo.java:shutdownLeaderElection(134)) - a8ae9c07-6d89-4a49-a594-cacd4b776180: shutdown LeaderElection
2019-11-05 08:24:15,607 [a8ae9c07-6d89-4a49-a594-cacd4b776180@group-0E159EE4F99E-LeaderElection405] INFO  impl.RoleInfo (RoleInfo.java:updateAndGet(143)) - a8ae9c07-6d89-4a49-a594-cacd4b776180: start FollowerState
2019-11-05 08:24:15,607 [grpc-default-executor-4] INFO  impl.RaftServerImpl (RaftServerImpl.java:setRole(184)) - 77ab65e6-d942-49df-83a3-1d4c0bf152b3@group-0DB8C7688BF9: changes role from  FOLLOWER to FOLLOWER at term 206 for recognizeCandidate:4a682f4f-c3f2-4b77-88b7-f0ab78890feb
2019-11-05 08:24:15,607 [grpc-default-executor-4] INFO  impl.RoleInfo (RoleInfo.java:shutdownFollowerState(121)) - 77ab65e6-d942-49df-83a3-1d4c0bf152b3: shutdown FollowerState
2019-11-05 08:24:15,608 [grpc-default-executor-4] INFO  impl.RoleInfo (RoleInfo.java:updateAndGet(143)) - 77ab65e6-d942-49df-83a3-1d4c0bf152b3: start FollowerState
2019-11-05 08:24:15,608 [Thread-3071] INFO  impl.FollowerState (FollowerState.java:run(117)) - 77ab65e6-d942-49df-83a3-1d4c0bf152b3@group-0DB8C7688BF9-FollowerState was interrupted: java.lang.InterruptedException: sleep interrupted
2019-11-05 08:24:15,608 [grpc-default-executor-3] INFO  impl.RaftServerImpl (RaftServerImpl.java:setRole(184)) - 7e1b84a9-a041-44fd-8008-f2679426984c@group-0DB8C7688BF9: changes role from  FOLLOWER to FOLLOWER at term 206 for recognizeCandidate:4a682f4f-c3f2-4b77-88b7-f0ab78890feb
2019-11-05 08:24:15,608 [grpc-default-executor-3] INFO  impl.RoleInfo (RoleInfo.java:shutdownFollowerState(121)) - 7e1b84a9-a041-44fd-8008-f2679426984c: shutdown FollowerState
2019-11-05 08:24:15,608 [grpc-default-executor-3] INFO  impl.RoleInfo (RoleInfo.java:updateAndGet(143)) - 7e1b84a9-a041-44fd-8008-f2679426984c: start FollowerState
2019-11-05 08:24:15,608 [Thread-3072] INFO  impl.FollowerState (FollowerState.java:run(117)) - 7e1b84a9-a041-44fd-8008-f2679426984c@group-0DB8C7688BF9-FollowerState was interrupted: java.lang.InterruptedException: sleep interrupted
2019-11-05 08:24:15,623 [4a682f4f-c3f2-4b77-88b7-f0ab78890feb@group-0DB8C7688BF9-LeaderElection406] INFO  impl.LeaderElection (LeaderElection.java:logAndReturn(56)) - 4a682f4f-c3f2-4b77-88b7-f0ab78890feb@group-0DB8C7688BF9-LeaderElection406: Election REJECTED; received 2 response(s) [4a682f4f-c3f2-4b77-88b7-f0ab78890feb<-77ab65e6-d942-49df-83a3-1d4c0bf152b3#0:FAIL-t206, 4a682f4f-c3f2-4b77-88b7-f0ab78890feb<-7e1b84a9-a041-44fd-8008-f2679426984c#0:FAIL-t206] and 0 exception(s); 4a682f4f-c3f2-4b77-88b7-f0ab78890feb@group-0DB8C7688BF9:t206, leader=null, voted=4a682f4f-c3f2-4b77-88b7-f0ab78890feb, raftlog=4a682f4f-c3f2-4b77-88b7-f0ab78890feb@group-0DB8C7688BF9-SegmentedRaftLog:OPENED:c-1,f-1,i0, conf=-1: [77ab65e6-d942-49df-83a3-1d4c0bf152b3:192.168.164.217:39381, 7e1b84a9-a041-44fd-8008-f2679426984c:192.168.164.217:44149, 4a682f4f-c3f2-4b77-88b7-f0ab78890feb:192.168.164.217:34174], old=null
2019-11-05 08:24:15,623 [4a682f4f-c3f2-4b77-88b7-f0ab78890feb@group-0DB8C7688BF9-LeaderElection406] INFO  impl.RaftServerImpl (RaftServerImpl.java:setRole(184)) - 4a682f4f-c3f2-4b77-88b7-f0ab78890feb@group-0DB8C7688BF9: changes role from CANDIDATE to FOLLOWER at term 206 for DISCOVERED_A_NEW_TERM
2019-11-05 08:24:15,623 [4a682f4f-c3f2-4b77-88b7-f0ab78890feb@group-0DB8C7688BF9-LeaderElection406] INFO  impl.RoleInfo (RoleInfo.java:shutdownLeaderElection(134)) - 4a682f4f-c3f2-4b77-88b7-f0ab78890feb: shutdown LeaderElection
2019-11-05 08:24:15,623 [4a682f4f-c3f2-4b77-88b7-f0ab78890feb@group-0DB8C7688BF9-LeaderElection406] INFO  impl.RoleInfo (RoleInfo.java:updateAndGet(143)) - 4a682f4f-c3f2-4b77-88b7-f0ab78890feb: start FollowerState
2019-11-05 08:24:15,677 [Thread-3081] INFO  impl.FollowerState (FollowerState.java:run(108)) - a8ae9c07-6d89-4a49-a594-cacd4b776180@group-0E159EE4F99E-FollowerState: change to CANDIDATE, lastRpcTime:69ms, electionTimeout:69ms
2019-11-05 08:24:15,677 [Thread-3081] INFO  impl.RoleInfo (RoleInfo.java:shutdownFollowerState(121)) - a8ae9c07-6d89-4a49-a594-cacd4b776180: shutdown FollowerState
2019-11-05 08:24:15,677 [Thread-3081] INFO  impl.RaftServerImpl (RaftServerImpl.java:setRole(184)) - a8ae9c07-6d89-4a49-a594-cacd4b776180@group-0E159EE4F99E: changes role from  FOLLOWER to CANDIDATE at term 215 for changeToCandidate
2019-11-05 08:24:15,677 [Thread-3081] INFO  impl.RoleInfo (RoleInfo.java:updateAndGet(143)) - a8ae9c07-6d89-4a49-a594-cacd4b776180: start LeaderElection
2019-11-05 08:24:15,691 [a8ae9c07-6d89-4a49-a594-cacd4b776180@group-0E159EE4F99E-LeaderElection407] INFO  impl.LeaderElection (LeaderElection.java:askForVotes(178)) - a8ae9c07-6d89-4a49-a594-cacd4b776180@group-0E159EE4F99E-LeaderElection407: begin an election at term 216 for -1: [caafcba9-090a-41f5-a5f9-cba5a6a81e94:192.168.164.217:37197, a8ae9c07-6d89-4a49-a594-cacd4b776180:192.168.164.217:42719, b3bb9051-8089-4c51-a999-81579e5913f2:192.168.164.217:36516], old=null
2019-11-05 08:24:15,692 [a8ae9c07-6d89-4a49-a594-cacd4b776180@group-0E159EE4F99E-LeaderElection407] INFO  impl.LeaderElection (LogUtils.java:infoOrTrace(149)) - a8ae9c07-6d89-4a49-a594-cacd4b776180@group-0E159EE4F99E-LeaderElection407 got exception when requesting votes: {}
java.util.concurrent.ExecutionException: org.apache.ratis.thirdparty.io.grpc.StatusRuntimeException: UNAVAILABLE: io exception
	at java.util.concurrent.FutureTask.report(FutureTask.java:122)
	at java.util.concurrent.FutureTask.get(FutureTask.java:192)
	at org.apache.ratis.server.impl.LeaderElection.waitForResults(LeaderElection.java:259)
	at org.apache.ratis.server.impl.LeaderElection.askForVotes(LeaderElection.java:197)
	at org.apache.ratis.server.impl.LeaderElection.run(LeaderElection.java:133)
	at java.lang.Thread.run(Thread.java:748)
Caused by: org.apache.ratis.thirdparty.io.grpc.StatusRuntimeException: UNAVAILABLE: io exception
	at org.apache.ratis.thirdparty.io.grpc.stub.ClientCalls.toStatusRuntimeException(ClientCalls.java:233)
	at org.apache.ratis.thirdparty.io.grpc.stub.ClientCalls.getUnchecked(ClientCalls.java:214)
	at org.apache.ratis.thirdparty.io.grpc.stub.ClientCalls.blockingUnaryCall(ClientCalls.java:139)
	at org.apache.ratis.proto.grpc.RaftServerProtocolServiceGrpc$RaftServerProtocolServiceBlockingStub.requestVote(RaftServerProtocolServiceGrpc.java:265)
	at org.apache.ratis.grpc.server.GrpcServerProtocolClient.requestVote(GrpcServerProtocolClient.java:99)
	at org.apache.ratis.grpc.server.GrpcService.requestVote(GrpcService.java:204)
	at org.apache.ratis.server.impl.LeaderElection.lambda$submitRequests$1(LeaderElection.java:234)
	at java.util.concurrent.FutureTask.run(FutureTask.java:266)
	at java.util.concurrent.Executors$RunnableAdapter.call(Executors.java:511)
	at java.util.concurrent.FutureTask.run(FutureTask.java:266)
	at java.util.concurrent.ThreadPoolExecutor.runWorker(ThreadPoolExecutor.java:1149)
	at java.util.concurrent.ThreadPoolExecutor$Worker.run(ThreadPoolExecutor.java:624)
	... 1 more
Caused by: org.apache.ratis.thirdparty.io.netty.channel.AbstractChannel$AnnotatedConnectException: Connection refused: /192.168.164.217:37197
	at sun.nio.ch.SocketChannelImpl.checkConnect(Native Method)
	at sun.nio.ch.SocketChannelImpl.finishConnect(SocketChannelImpl.java:717)
	at org.apache.ratis.thirdparty.io.netty.channel.socket.nio.NioSocketChannel.doFinishConnect(NioSocketChannel.java:327)
	at org.apache.ratis.thirdparty.io.netty.channel.nio.AbstractNioChannel$AbstractNioUnsafe.finishConnect(AbstractNioChannel.java:340)
	at org.apache.ratis.thirdparty.io.netty.channel.nio.NioEventLoop.processSelectedKey(NioEventLoop.java:632)
	at org.apache.ratis.thirdparty.io.netty.channel.nio.NioEventLoop.processSelectedKeysOptimized(NioEventLoop.java:579)
	at org.apache.ratis.thirdparty.io.netty.channel.nio.NioEventLoop.processSelectedKeys(NioEventLoop.java:496)
	at org.apache.ratis.thirdparty.io.netty.channel.nio.NioEventLoop.run(NioEventLoop.java:458)
	at org.apache.ratis.thirdparty.io.netty.util.concurrent.SingleThreadEventExecutor$5.run(SingleThreadEventExecutor.java:897)
	at org.apache.ratis.thirdparty.io.netty.util.concurrent.FastThreadLocalRunnable.run(FastThreadLocalRunnable.java:30)
	... 1 more
Caused by: java.net.ConnectException: Connection refused
	... 11 more
2019-11-05 08:24:15,695 [grpc-default-executor-4] INFO  impl.RaftServerImpl (RaftServerImpl.java:setRole(184)) - b3bb9051-8089-4c51-a999-81579e5913f2@group-0E159EE4F99E: changes role from  FOLLOWER to FOLLOWER at term 216 for recognizeCandidate:a8ae9c07-6d89-4a49-a594-cacd4b776180
2019-11-05 08:24:15,696 [grpc-default-executor-4] INFO  impl.RoleInfo (RoleInfo.java:shutdownFollowerState(121)) - b3bb9051-8089-4c51-a999-81579e5913f2: shutdown FollowerState
2019-11-05 08:24:15,696 [grpc-default-executor-4] INFO  impl.RoleInfo (RoleInfo.java:updateAndGet(143)) - b3bb9051-8089-4c51-a999-81579e5913f2: start FollowerState
2019-11-05 08:24:15,696 [Thread-3077] INFO  impl.FollowerState (FollowerState.java:run(117)) - b3bb9051-8089-4c51-a999-81579e5913f2@group-0E159EE4F99E-FollowerState was interrupted: java.lang.InterruptedException: sleep interrupted
2019-11-05 08:24:15,712 [a8ae9c07-6d89-4a49-a594-cacd4b776180@group-0E159EE4F99E-LeaderElection407] INFO  impl.LeaderElection (LeaderElection.java:logAndReturn(56)) - a8ae9c07-6d89-4a49-a594-cacd4b776180@group-0E159EE4F99E-LeaderElection407: Election REJECTED; received 1 response(s) [a8ae9c07-6d89-4a49-a594-cacd4b776180<-b3bb9051-8089-4c51-a999-81579e5913f2#0:FAIL-t216] and 1 exception(s); a8ae9c07-6d89-4a49-a594-cacd4b776180@group-0E159EE4F99E:t216, leader=null, voted=a8ae9c07-6d89-4a49-a594-cacd4b776180, raftlog=a8ae9c07-6d89-4a49-a594-cacd4b776180@group-0E159EE4F99E-SegmentedRaftLog:OPENED:c-1,f-1,i0, conf=-1: [caafcba9-090a-41f5-a5f9-cba5a6a81e94:192.168.164.217:37197, a8ae9c07-6d89-4a49-a594-cacd4b776180:192.168.164.217:42719, b3bb9051-8089-4c51-a999-81579e5913f2:192.168.164.217:36516], old=null
2019-11-05 08:24:15,712 [a8ae9c07-6d89-4a49-a594-cacd4b776180@group-0E159EE4F99E-LeaderElection407] INFO  impl.LeaderElection (LogUtils.java:infoOrTrace(149)) -   Exception 0: {}
java.util.concurrent.ExecutionException: org.apache.ratis.thirdparty.io.grpc.StatusRuntimeException: UNAVAILABLE: io exception
	at java.util.concurrent.FutureTask.report(FutureTask.java:122)
	at java.util.concurrent.FutureTask.get(FutureTask.java:192)
	at org.apache.ratis.server.impl.LeaderElection.waitForResults(LeaderElection.java:259)
	at org.apache.ratis.server.impl.LeaderElection.askForVotes(LeaderElection.java:197)
	at org.apache.ratis.server.impl.LeaderElection.run(LeaderElection.java:133)
	at java.lang.Thread.run(Thread.java:748)
Caused by: org.apache.ratis.thirdparty.io.grpc.StatusRuntimeException: UNAVAILABLE: io exception
	at org.apache.ratis.thirdparty.io.grpc.stub.ClientCalls.toStatusRuntimeException(ClientCalls.java:233)
	at org.apache.ratis.thirdparty.io.grpc.stub.ClientCalls.getUnchecked(ClientCalls.java:214)
	at org.apache.ratis.thirdparty.io.grpc.stub.ClientCalls.blockingUnaryCall(ClientCalls.java:139)
	at org.apache.ratis.proto.grpc.RaftServerProtocolServiceGrpc$RaftServerProtocolServiceBlockingStub.requestVote(RaftServerProtocolServiceGrpc.java:265)
	at org.apache.ratis.grpc.server.GrpcServerProtocolClient.requestVote(GrpcServerProtocolClient.java:99)
	at org.apache.ratis.grpc.server.GrpcService.requestVote(GrpcService.java:204)
	at org.apache.ratis.server.impl.LeaderElection.lambda$submitRequests$1(LeaderElection.java:234)
	at java.util.concurrent.FutureTask.run(FutureTask.java:266)
	at java.util.concurrent.Executors$RunnableAdapter.call(Executors.java:511)
	at java.util.concurrent.FutureTask.run(FutureTask.java:266)
	at java.util.concurrent.ThreadPoolExecutor.runWorker(ThreadPoolExecutor.java:1149)
	at java.util.concurrent.ThreadPoolExecutor$Worker.run(ThreadPoolExecutor.java:624)
	... 1 more
Caused by: org.apache.ratis.thirdparty.io.netty.channel.AbstractChannel$AnnotatedConnectException: Connection refused: /192.168.164.217:37197
	at sun.nio.ch.SocketChannelImpl.checkConnect(Native Method)
	at sun.nio.ch.SocketChannelImpl.finishConnect(SocketChannelImpl.java:717)
	at org.apache.ratis.thirdparty.io.netty.channel.socket.nio.NioSocketChannel.doFinishConnect(NioSocketChannel.java:327)
	at org.apache.ratis.thirdparty.io.netty.channel.nio.AbstractNioChannel$AbstractNioUnsafe.finishConnect(AbstractNioChannel.java:340)
	at org.apache.ratis.thirdparty.io.netty.channel.nio.NioEventLoop.processSelectedKey(NioEventLoop.java:632)
	at org.apache.ratis.thirdparty.io.netty.channel.nio.NioEventLoop.processSelectedKeysOptimized(NioEventLoop.java:579)
	at org.apache.ratis.thirdparty.io.netty.channel.nio.NioEventLoop.processSelectedKeys(NioEventLoop.java:496)
	at org.apache.ratis.thirdparty.io.netty.channel.nio.NioEventLoop.run(NioEventLoop.java:458)
	at org.apache.ratis.thirdparty.io.netty.util.concurrent.SingleThreadEventExecutor$5.run(SingleThreadEventExecutor.java:897)
	at org.apache.ratis.thirdparty.io.netty.util.concurrent.FastThreadLocalRunnable.run(FastThreadLocalRunnable.java:30)
	... 1 more
Caused by: java.net.ConnectException: Connection refused
	... 11 more
2019-11-05 08:24:15,713 [a8ae9c07-6d89-4a49-a594-cacd4b776180@group-0E159EE4F99E-LeaderElection407] INFO  impl.RaftServerImpl (RaftServerImpl.java:setRole(184)) - a8ae9c07-6d89-4a49-a594-cacd4b776180@group-0E159EE4F99E: changes role from CANDIDATE to FOLLOWER at term 216 for DISCOVERED_A_NEW_TERM
2019-11-05 08:24:15,713 [a8ae9c07-6d89-4a49-a594-cacd4b776180@group-0E159EE4F99E-LeaderElection407] INFO  impl.RoleInfo (RoleInfo.java:shutdownLeaderElection(134)) - a8ae9c07-6d89-4a49-a594-cacd4b776180: shutdown LeaderElection
2019-11-05 08:24:15,713 [a8ae9c07-6d89-4a49-a594-cacd4b776180@group-0E159EE4F99E-LeaderElection407] INFO  impl.RoleInfo (RoleInfo.java:updateAndGet(143)) - a8ae9c07-6d89-4a49-a594-cacd4b776180: start FollowerState
2019-11-05 08:24:15,778 [Thread-3089] INFO  impl.FollowerState (FollowerState.java:run(108)) - a8ae9c07-6d89-4a49-a594-cacd4b776180@group-0E159EE4F99E-FollowerState: change to CANDIDATE, lastRpcTime:65ms, electionTimeout:65ms
2019-11-05 08:24:15,779 [Thread-3089] INFO  impl.RoleInfo (RoleInfo.java:shutdownFollowerState(121)) - a8ae9c07-6d89-4a49-a594-cacd4b776180: shutdown FollowerState
2019-11-05 08:24:15,779 [Thread-3089] INFO  impl.RaftServerImpl (RaftServerImpl.java:setRole(184)) - a8ae9c07-6d89-4a49-a594-cacd4b776180@group-0E159EE4F99E: changes role from  FOLLOWER to CANDIDATE at term 216 for changeToCandidate
2019-11-05 08:24:15,779 [Thread-3089] INFO  impl.RoleInfo (RoleInfo.java:updateAndGet(143)) - a8ae9c07-6d89-4a49-a594-cacd4b776180: start LeaderElection
2019-11-05 08:24:15,792 [a8ae9c07-6d89-4a49-a594-cacd4b776180@group-0E159EE4F99E-LeaderElection408] INFO  impl.LeaderElection (LeaderElection.java:askForVotes(178)) - a8ae9c07-6d89-4a49-a594-cacd4b776180@group-0E159EE4F99E-LeaderElection408: begin an election at term 217 for -1: [caafcba9-090a-41f5-a5f9-cba5a6a81e94:192.168.164.217:37197, a8ae9c07-6d89-4a49-a594-cacd4b776180:192.168.164.217:42719, b3bb9051-8089-4c51-a999-81579e5913f2:192.168.164.217:36516], old=null
2019-11-05 08:24:15,793 [a8ae9c07-6d89-4a49-a594-cacd4b776180@group-0E159EE4F99E-LeaderElection408] INFO  impl.LeaderElection (LogUtils.java:infoOrTrace(149)) - a8ae9c07-6d89-4a49-a594-cacd4b776180@group-0E159EE4F99E-LeaderElection408 got exception when requesting votes: {}
java.util.concurrent.ExecutionException: org.apache.ratis.thirdparty.io.grpc.StatusRuntimeException: UNAVAILABLE: io exception
	at java.util.concurrent.FutureTask.report(FutureTask.java:122)
	at java.util.concurrent.FutureTask.get(FutureTask.java:192)
	at org.apache.ratis.server.impl.LeaderElection.waitForResults(LeaderElection.java:259)
	at org.apache.ratis.server.impl.LeaderElection.askForVotes(LeaderElection.java:197)
	at org.apache.ratis.server.impl.LeaderElection.run(LeaderElection.java:133)
	at java.lang.Thread.run(Thread.java:748)
Caused by: org.apache.ratis.thirdparty.io.grpc.StatusRuntimeException: UNAVAILABLE: io exception
	at org.apache.ratis.thirdparty.io.grpc.stub.ClientCalls.toStatusRuntimeException(ClientCalls.java:233)
	at org.apache.ratis.thirdparty.io.grpc.stub.ClientCalls.getUnchecked(ClientCalls.java:214)
	at org.apache.ratis.thirdparty.io.grpc.stub.ClientCalls.blockingUnaryCall(ClientCalls.java:139)
	at org.apache.ratis.proto.grpc.RaftServerProtocolServiceGrpc$RaftServerProtocolServiceBlockingStub.requestVote(RaftServerProtocolServiceGrpc.java:265)
	at org.apache.ratis.grpc.server.GrpcServerProtocolClient.requestVote(GrpcServerProtocolClient.java:99)
	at org.apache.ratis.grpc.server.GrpcService.requestVote(GrpcService.java:204)
	at org.apache.ratis.server.impl.LeaderElection.lambda$submitRequests$1(LeaderElection.java:234)
	at java.util.concurrent.FutureTask.run(FutureTask.java:266)
	at java.util.concurrent.Executors$RunnableAdapter.call(Executors.java:511)
	at java.util.concurrent.FutureTask.run(FutureTask.java:266)
	at java.util.concurrent.ThreadPoolExecutor.runWorker(ThreadPoolExecutor.java:1149)
	at java.util.concurrent.ThreadPoolExecutor$Worker.run(ThreadPoolExecutor.java:624)
	... 1 more
Caused by: org.apache.ratis.thirdparty.io.netty.channel.AbstractChannel$AnnotatedConnectException: Connection refused: /192.168.164.217:37197
	at sun.nio.ch.SocketChannelImpl.checkConnect(Native Method)
	at sun.nio.ch.SocketChannelImpl.finishConnect(SocketChannelImpl.java:717)
	at org.apache.ratis.thirdparty.io.netty.channel.socket.nio.NioSocketChannel.doFinishConnect(NioSocketChannel.java:327)
	at org.apache.ratis.thirdparty.io.netty.channel.nio.AbstractNioChannel$AbstractNioUnsafe.finishConnect(AbstractNioChannel.java:340)
	at org.apache.ratis.thirdparty.io.netty.channel.nio.NioEventLoop.processSelectedKey(NioEventLoop.java:632)
	at org.apache.ratis.thirdparty.io.netty.channel.nio.NioEventLoop.processSelectedKeysOptimized(NioEventLoop.java:579)
	at org.apache.ratis.thirdparty.io.netty.channel.nio.NioEventLoop.processSelectedKeys(NioEventLoop.java:496)
	at org.apache.ratis.thirdparty.io.netty.channel.nio.NioEventLoop.run(NioEventLoop.java:458)
	at org.apache.ratis.thirdparty.io.netty.util.concurrent.SingleThreadEventExecutor$5.run(SingleThreadEventExecutor.java:897)
	at org.apache.ratis.thirdparty.io.netty.util.concurrent.FastThreadLocalRunnable.run(FastThreadLocalRunnable.java:30)
	... 1 more
Caused by: java.net.ConnectException: Connection refused
	... 11 more
2019-11-05 08:24:15,796 [Thread-3084] INFO  impl.FollowerState (FollowerState.java:run(108)) - 4a682f4f-c3f2-4b77-88b7-f0ab78890feb@group-0DB8C7688BF9-FollowerState: change to CANDIDATE, lastRpcTime:172ms, electionTimeout:172ms
2019-11-05 08:24:15,797 [Thread-3084] INFO  impl.RoleInfo (RoleInfo.java:shutdownFollowerState(121)) - 4a682f4f-c3f2-4b77-88b7-f0ab78890feb: shutdown FollowerState
2019-11-05 08:24:15,797 [grpc-default-executor-4] INFO  impl.RaftServerImpl (RaftServerImpl.java:setRole(184)) - b3bb9051-8089-4c51-a999-81579e5913f2@group-0E159EE4F99E: changes role from  FOLLOWER to FOLLOWER at term 217 for recognizeCandidate:a8ae9c07-6d89-4a49-a594-cacd4b776180
2019-11-05 08:24:15,797 [grpc-default-executor-4] INFO  impl.RoleInfo (RoleInfo.java:shutdownFollowerState(121)) - b3bb9051-8089-4c51-a999-81579e5913f2: shutdown FollowerState
2019-11-05 08:24:15,797 [Thread-3084] INFO  impl.RaftServerImpl (RaftServerImpl.java:setRole(184)) - 4a682f4f-c3f2-4b77-88b7-f0ab78890feb@group-0DB8C7688BF9: changes role from  FOLLOWER to CANDIDATE at term 206 for changeToCandidate
2019-11-05 08:24:15,797 [Thread-3088] INFO  impl.FollowerState (FollowerState.java:run(117)) - b3bb9051-8089-4c51-a999-81579e5913f2@group-0E159EE4F99E-FollowerState was interrupted: java.lang.InterruptedException: sleep interrupted
2019-11-05 08:24:15,797 [grpc-default-executor-4] INFO  impl.RoleInfo (RoleInfo.java:updateAndGet(143)) - b3bb9051-8089-4c51-a999-81579e5913f2: start FollowerState
2019-11-05 08:24:15,797 [Thread-3084] INFO  impl.RoleInfo (RoleInfo.java:updateAndGet(143)) - 4a682f4f-c3f2-4b77-88b7-f0ab78890feb: start LeaderElection
2019-11-05 08:24:15,811 [4a682f4f-c3f2-4b77-88b7-f0ab78890feb@group-0DB8C7688BF9-LeaderElection409] INFO  impl.LeaderElection (LeaderElection.java:askForVotes(178)) - 4a682f4f-c3f2-4b77-88b7-f0ab78890feb@group-0DB8C7688BF9-LeaderElection409: begin an election at term 207 for -1: [77ab65e6-d942-49df-83a3-1d4c0bf152b3:192.168.164.217:39381, 7e1b84a9-a041-44fd-8008-f2679426984c:192.168.164.217:44149, 4a682f4f-c3f2-4b77-88b7-f0ab78890feb:192.168.164.217:34174], old=null
2019-11-05 08:24:15,812 [a8ae9c07-6d89-4a49-a594-cacd4b776180@group-0E159EE4F99E-LeaderElection408] INFO  impl.LeaderElection (LeaderElection.java:logAndReturn(56)) - a8ae9c07-6d89-4a49-a594-cacd4b776180@group-0E159EE4F99E-LeaderElection408: Election REJECTED; received 1 response(s) [a8ae9c07-6d89-4a49-a594-cacd4b776180<-b3bb9051-8089-4c51-a999-81579e5913f2#0:FAIL-t217] and 1 exception(s); a8ae9c07-6d89-4a49-a594-cacd4b776180@group-0E159EE4F99E:t217, leader=null, voted=a8ae9c07-6d89-4a49-a594-cacd4b776180, raftlog=a8ae9c07-6d89-4a49-a594-cacd4b776180@group-0E159EE4F99E-SegmentedRaftLog:OPENED:c-1,f-1,i0, conf=-1: [caafcba9-090a-41f5-a5f9-cba5a6a81e94:192.168.164.217:37197, a8ae9c07-6d89-4a49-a594-cacd4b776180:192.168.164.217:42719, b3bb9051-8089-4c51-a999-81579e5913f2:192.168.164.217:36516], old=null
2019-11-05 08:24:15,812 [a8ae9c07-6d89-4a49-a594-cacd4b776180@group-0E159EE4F99E-LeaderElection408] INFO  impl.LeaderElection (LogUtils.java:infoOrTrace(149)) -   Exception 0: {}
java.util.concurrent.ExecutionException: org.apache.ratis.thirdparty.io.grpc.StatusRuntimeException: UNAVAILABLE: io exception
	at java.util.concurrent.FutureTask.report(FutureTask.java:122)
	at java.util.concurrent.FutureTask.get(FutureTask.java:192)
	at org.apache.ratis.server.impl.LeaderElection.waitForResults(LeaderElection.java:259)
	at org.apache.ratis.server.impl.LeaderElection.askForVotes(LeaderElection.java:197)
	at org.apache.ratis.server.impl.LeaderElection.run(LeaderElection.java:133)
	at java.lang.Thread.run(Thread.java:748)
Caused by: org.apache.ratis.thirdparty.io.grpc.StatusRuntimeException: UNAVAILABLE: io exception
	at org.apache.ratis.thirdparty.io.grpc.stub.ClientCalls.toStatusRuntimeException(ClientCalls.java:233)
	at org.apache.ratis.thirdparty.io.grpc.stub.ClientCalls.getUnchecked(ClientCalls.java:214)
	at org.apache.ratis.thirdparty.io.grpc.stub.ClientCalls.blockingUnaryCall(ClientCalls.java:139)
	at org.apache.ratis.proto.grpc.RaftServerProtocolServiceGrpc$RaftServerProtocolServiceBlockingStub.requestVote(RaftServerProtocolServiceGrpc.java:265)
	at org.apache.ratis.grpc.server.GrpcServerProtocolClient.requestVote(GrpcServerProtocolClient.java:99)
	at org.apache.ratis.grpc.server.GrpcService.requestVote(GrpcService.java:204)
	at org.apache.ratis.server.impl.LeaderElection.lambda$submitRequests$1(LeaderElection.java:234)
	at java.util.concurrent.FutureTask.run(FutureTask.java:266)
	at java.util.concurrent.Executors$RunnableAdapter.call(Executors.java:511)
	at java.util.concurrent.FutureTask.run(FutureTask.java:266)
	at java.util.concurrent.ThreadPoolExecutor.runWorker(ThreadPoolExecutor.java:1149)
	at java.util.concurrent.ThreadPoolExecutor$Worker.run(ThreadPoolExecutor.java:624)
	... 1 more
Caused by: org.apache.ratis.thirdparty.io.netty.channel.AbstractChannel$AnnotatedConnectException: Connection refused: /192.168.164.217:37197
	at sun.nio.ch.SocketChannelImpl.checkConnect(Native Method)
	at sun.nio.ch.SocketChannelImpl.finishConnect(SocketChannelImpl.java:717)
	at org.apache.ratis.thirdparty.io.netty.channel.socket.nio.NioSocketChannel.doFinishConnect(NioSocketChannel.java:327)
	at org.apache.ratis.thirdparty.io.netty.channel.nio.AbstractNioChannel$AbstractNioUnsafe.finishConnect(AbstractNioChannel.java:340)
	at org.apache.ratis.thirdparty.io.netty.channel.nio.NioEventLoop.processSelectedKey(NioEventLoop.java:632)
	at org.apache.ratis.thirdparty.io.netty.channel.nio.NioEventLoop.processSelectedKeysOptimized(NioEventLoop.java:579)
	at org.apache.ratis.thirdparty.io.netty.channel.nio.NioEventLoop.processSelectedKeys(NioEventLoop.java:496)
	at org.apache.ratis.thirdparty.io.netty.channel.nio.NioEventLoop.run(NioEventLoop.java:458)
	at org.apache.ratis.thirdparty.io.netty.util.concurrent.SingleThreadEventExecutor$5.run(SingleThreadEventExecutor.java:897)
	at org.apache.ratis.thirdparty.io.netty.util.concurrent.FastThreadLocalRunnable.run(FastThreadLocalRunnable.java:30)
	... 1 more
Caused by: java.net.ConnectException: Connection refused
	... 11 more
2019-11-05 08:24:15,813 [a8ae9c07-6d89-4a49-a594-cacd4b776180@group-0E159EE4F99E-LeaderElection408] INFO  impl.RaftServerImpl (RaftServerImpl.java:setRole(184)) - a8ae9c07-6d89-4a49-a594-cacd4b776180@group-0E159EE4F99E: changes role from CANDIDATE to FOLLOWER at term 217 for DISCOVERED_A_NEW_TERM
2019-11-05 08:24:15,813 [a8ae9c07-6d89-4a49-a594-cacd4b776180@group-0E159EE4F99E-LeaderElection408] INFO  impl.RoleInfo (RoleInfo.java:shutdownLeaderElection(134)) - a8ae9c07-6d89-4a49-a594-cacd4b776180: shutdown LeaderElection
2019-11-05 08:24:15,813 [grpc-default-executor-4] INFO  impl.RaftServerImpl (RaftServerImpl.java:setRole(184)) - 77ab65e6-d942-49df-83a3-1d4c0bf152b3@group-0DB8C7688BF9: changes role from  FOLLOWER to FOLLOWER at term 207 for recognizeCandidate:4a682f4f-c3f2-4b77-88b7-f0ab78890feb
2019-11-05 08:24:15,813 [grpc-default-executor-4] INFO  impl.RoleInfo (RoleInfo.java:shutdownFollowerState(121)) - 77ab65e6-d942-49df-83a3-1d4c0bf152b3: shutdown FollowerState
2019-11-05 08:24:15,813 [a8ae9c07-6d89-4a49-a594-cacd4b776180@group-0E159EE4F99E-LeaderElection408] INFO  impl.RoleInfo (RoleInfo.java:updateAndGet(143)) - a8ae9c07-6d89-4a49-a594-cacd4b776180: start FollowerState
2019-11-05 08:24:15,813 [grpc-default-executor-4] INFO  impl.RoleInfo (RoleInfo.java:updateAndGet(143)) - 77ab65e6-d942-49df-83a3-1d4c0bf152b3: start FollowerState
2019-11-05 08:24:15,814 [Thread-3082] INFO  impl.FollowerState (FollowerState.java:run(117)) - 77ab65e6-d942-49df-83a3-1d4c0bf152b3@group-0DB8C7688BF9-FollowerState was interrupted: java.lang.InterruptedException: sleep interrupted
2019-11-05 08:24:15,814 [grpc-default-executor-3] INFO  impl.RaftServerImpl (RaftServerImpl.java:setRole(184)) - 7e1b84a9-a041-44fd-8008-f2679426984c@group-0DB8C7688BF9: changes role from  FOLLOWER to FOLLOWER at term 207 for recognizeCandidate:4a682f4f-c3f2-4b77-88b7-f0ab78890feb
2019-11-05 08:24:15,814 [grpc-default-executor-3] INFO  impl.RoleInfo (RoleInfo.java:shutdownFollowerState(121)) - 7e1b84a9-a041-44fd-8008-f2679426984c: shutdown FollowerState
2019-11-05 08:24:15,814 [grpc-default-executor-3] INFO  impl.RoleInfo (RoleInfo.java:updateAndGet(143)) - 7e1b84a9-a041-44fd-8008-f2679426984c: start FollowerState
2019-11-05 08:24:15,814 [Thread-3083] INFO  impl.FollowerState (FollowerState.java:run(117)) - 7e1b84a9-a041-44fd-8008-f2679426984c@group-0DB8C7688BF9-FollowerState was interrupted: java.lang.InterruptedException: sleep interrupted
2019-11-05 08:24:15,829 [4a682f4f-c3f2-4b77-88b7-f0ab78890feb@group-0DB8C7688BF9-LeaderElection409] INFO  impl.LeaderElection (LeaderElection.java:logAndReturn(56)) - 4a682f4f-c3f2-4b77-88b7-f0ab78890feb@group-0DB8C7688BF9-LeaderElection409: Election REJECTED; received 2 response(s) [4a682f4f-c3f2-4b77-88b7-f0ab78890feb<-77ab65e6-d942-49df-83a3-1d4c0bf152b3#0:FAIL-t207, 4a682f4f-c3f2-4b77-88b7-f0ab78890feb<-7e1b84a9-a041-44fd-8008-f2679426984c#0:FAIL-t207] and 0 exception(s); 4a682f4f-c3f2-4b77-88b7-f0ab78890feb@group-0DB8C7688BF9:t207, leader=null, voted=4a682f4f-c3f2-4b77-88b7-f0ab78890feb, raftlog=4a682f4f-c3f2-4b77-88b7-f0ab78890feb@group-0DB8C7688BF9-SegmentedRaftLog:OPENED:c-1,f-1,i0, conf=-1: [77ab65e6-d942-49df-83a3-1d4c0bf152b3:192.168.164.217:39381, 7e1b84a9-a041-44fd-8008-f2679426984c:192.168.164.217:44149, 4a682f4f-c3f2-4b77-88b7-f0ab78890feb:192.168.164.217:34174], old=null
2019-11-05 08:24:15,829 [4a682f4f-c3f2-4b77-88b7-f0ab78890feb@group-0DB8C7688BF9-LeaderElection409] INFO  impl.RaftServerImpl (RaftServerImpl.java:setRole(184)) - 4a682f4f-c3f2-4b77-88b7-f0ab78890feb@group-0DB8C7688BF9: changes role from CANDIDATE to FOLLOWER at term 207 for DISCOVERED_A_NEW_TERM
2019-11-05 08:24:15,829 [4a682f4f-c3f2-4b77-88b7-f0ab78890feb@group-0DB8C7688BF9-LeaderElection409] INFO  impl.RoleInfo (RoleInfo.java:shutdownLeaderElection(134)) - 4a682f4f-c3f2-4b77-88b7-f0ab78890feb: shutdown LeaderElection
2019-11-05 08:24:15,830 [4a682f4f-c3f2-4b77-88b7-f0ab78890feb@group-0DB8C7688BF9-LeaderElection409] INFO  impl.RoleInfo (RoleInfo.java:updateAndGet(143)) - 4a682f4f-c3f2-4b77-88b7-f0ab78890feb: start FollowerState
2019-11-05 08:24:15,867 [Thread-3098] INFO  impl.FollowerState (FollowerState.java:run(108)) - a8ae9c07-6d89-4a49-a594-cacd4b776180@group-0E159EE4F99E-FollowerState: change to CANDIDATE, lastRpcTime:53ms, electionTimeout:53ms
2019-11-05 08:24:15,867 [Thread-3098] INFO  impl.RoleInfo (RoleInfo.java:shutdownFollowerState(121)) - a8ae9c07-6d89-4a49-a594-cacd4b776180: shutdown FollowerState
2019-11-05 08:24:15,867 [Thread-3098] INFO  impl.RaftServerImpl (RaftServerImpl.java:setRole(184)) - a8ae9c07-6d89-4a49-a594-cacd4b776180@group-0E159EE4F99E: changes role from  FOLLOWER to CANDIDATE at term 217 for changeToCandidate
2019-11-05 08:24:15,867 [Thread-3098] INFO  impl.RoleInfo (RoleInfo.java:updateAndGet(143)) - a8ae9c07-6d89-4a49-a594-cacd4b776180: start LeaderElection
2019-11-05 08:24:15,881 [a8ae9c07-6d89-4a49-a594-cacd4b776180@group-0E159EE4F99E-LeaderElection410] INFO  impl.LeaderElection (LeaderElection.java:askForVotes(178)) - a8ae9c07-6d89-4a49-a594-cacd4b776180@group-0E159EE4F99E-LeaderElection410: begin an election at term 218 for -1: [caafcba9-090a-41f5-a5f9-cba5a6a81e94:192.168.164.217:37197, a8ae9c07-6d89-4a49-a594-cacd4b776180:192.168.164.217:42719, b3bb9051-8089-4c51-a999-81579e5913f2:192.168.164.217:36516], old=null
2019-11-05 08:24:15,882 [a8ae9c07-6d89-4a49-a594-cacd4b776180@group-0E159EE4F99E-LeaderElection410] INFO  impl.LeaderElection (LogUtils.java:infoOrTrace(149)) - a8ae9c07-6d89-4a49-a594-cacd4b776180@group-0E159EE4F99E-LeaderElection410 got exception when requesting votes: {}
java.util.concurrent.ExecutionException: org.apache.ratis.thirdparty.io.grpc.StatusRuntimeException: UNAVAILABLE: io exception
	at java.util.concurrent.FutureTask.report(FutureTask.java:122)
	at java.util.concurrent.FutureTask.get(FutureTask.java:192)
	at org.apache.ratis.server.impl.LeaderElection.waitForResults(LeaderElection.java:259)
	at org.apache.ratis.server.impl.LeaderElection.askForVotes(LeaderElection.java:197)
	at org.apache.ratis.server.impl.LeaderElection.run(LeaderElection.java:133)
	at java.lang.Thread.run(Thread.java:748)
Caused by: org.apache.ratis.thirdparty.io.grpc.StatusRuntimeException: UNAVAILABLE: io exception
	at org.apache.ratis.thirdparty.io.grpc.stub.ClientCalls.toStatusRuntimeException(ClientCalls.java:233)
	at org.apache.ratis.thirdparty.io.grpc.stub.ClientCalls.getUnchecked(ClientCalls.java:214)
	at org.apache.ratis.thirdparty.io.grpc.stub.ClientCalls.blockingUnaryCall(ClientCalls.java:139)
	at org.apache.ratis.proto.grpc.RaftServerProtocolServiceGrpc$RaftServerProtocolServiceBlockingStub.requestVote(RaftServerProtocolServiceGrpc.java:265)
	at org.apache.ratis.grpc.server.GrpcServerProtocolClient.requestVote(GrpcServerProtocolClient.java:99)
	at org.apache.ratis.grpc.server.GrpcService.requestVote(GrpcService.java:204)
	at org.apache.ratis.server.impl.LeaderElection.lambda$submitRequests$1(LeaderElection.java:234)
	at java.util.concurrent.FutureTask.run(FutureTask.java:266)
	at java.util.concurrent.Executors$RunnableAdapter.call(Executors.java:511)
	at java.util.concurrent.FutureTask.run(FutureTask.java:266)
	at java.util.concurrent.ThreadPoolExecutor.runWorker(ThreadPoolExecutor.java:1149)
	at java.util.concurrent.ThreadPoolExecutor$Worker.run(ThreadPoolExecutor.java:624)
	... 1 more
Caused by: org.apache.ratis.thirdparty.io.netty.channel.AbstractChannel$AnnotatedConnectException: Connection refused: /192.168.164.217:37197
	at sun.nio.ch.SocketChannelImpl.checkConnect(Native Method)
	at sun.nio.ch.SocketChannelImpl.finishConnect(SocketChannelImpl.java:717)
	at org.apache.ratis.thirdparty.io.netty.channel.socket.nio.NioSocketChannel.doFinishConnect(NioSocketChannel.java:327)
	at org.apache.ratis.thirdparty.io.netty.channel.nio.AbstractNioChannel$AbstractNioUnsafe.finishConnect(AbstractNioChannel.java:340)
	at org.apache.ratis.thirdparty.io.netty.channel.nio.NioEventLoop.processSelectedKey(NioEventLoop.java:632)
	at org.apache.ratis.thirdparty.io.netty.channel.nio.NioEventLoop.processSelectedKeysOptimized(NioEventLoop.java:579)
	at org.apache.ratis.thirdparty.io.netty.channel.nio.NioEventLoop.processSelectedKeys(NioEventLoop.java:496)
	at org.apache.ratis.thirdparty.io.netty.channel.nio.NioEventLoop.run(NioEventLoop.java:458)
	at org.apache.ratis.thirdparty.io.netty.util.concurrent.SingleThreadEventExecutor$5.run(SingleThreadEventExecutor.java:897)
	at org.apache.ratis.thirdparty.io.netty.util.concurrent.FastThreadLocalRunnable.run(FastThreadLocalRunnable.java:30)
	... 1 more
Caused by: java.net.ConnectException: Connection refused
	... 11 more
2019-11-05 08:24:15,885 [grpc-default-executor-3] INFO  impl.RaftServerImpl (RaftServerImpl.java:setRole(184)) - b3bb9051-8089-4c51-a999-81579e5913f2@group-0E159EE4F99E: changes role from  FOLLOWER to FOLLOWER at term 218 for recognizeCandidate:a8ae9c07-6d89-4a49-a594-cacd4b776180
2019-11-05 08:24:15,886 [grpc-default-executor-3] INFO  impl.RoleInfo (RoleInfo.java:shutdownFollowerState(121)) - b3bb9051-8089-4c51-a999-81579e5913f2: shutdown FollowerState
2019-11-05 08:24:15,886 [grpc-default-executor-3] INFO  impl.RoleInfo (RoleInfo.java:updateAndGet(143)) - b3bb9051-8089-4c51-a999-81579e5913f2: start FollowerState
2019-11-05 08:24:15,886 [Thread-3094] INFO  impl.FollowerState (FollowerState.java:run(117)) - b3bb9051-8089-4c51-a999-81579e5913f2@group-0E159EE4F99E-FollowerState was interrupted: java.lang.InterruptedException: sleep interrupted
2019-11-05 08:24:15,896 [a8ae9c07-6d89-4a49-a594-cacd4b776180@group-0E159EE4F99E-LeaderElection410] INFO  impl.LeaderElection (LeaderElection.java:logAndReturn(56)) - a8ae9c07-6d89-4a49-a594-cacd4b776180@group-0E159EE4F99E-LeaderElection410: Election TIMEOUT; received 0 response(s) [] and 1 exception(s); a8ae9c07-6d89-4a49-a594-cacd4b776180@group-0E159EE4F99E:t218, leader=null, voted=a8ae9c07-6d89-4a49-a594-cacd4b776180, raftlog=a8ae9c07-6d89-4a49-a594-cacd4b776180@group-0E159EE4F99E-SegmentedRaftLog:OPENED:c-1,f-1,i0, conf=-1: [caafcba9-090a-41f5-a5f9-cba5a6a81e94:192.168.164.217:37197, a8ae9c07-6d89-4a49-a594-cacd4b776180:192.168.164.217:42719, b3bb9051-8089-4c51-a999-81579e5913f2:192.168.164.217:36516], old=null
2019-11-05 08:24:15,896 [a8ae9c07-6d89-4a49-a594-cacd4b776180@group-0E159EE4F99E-LeaderElection410] INFO  impl.LeaderElection (LogUtils.java:infoOrTrace(149)) -   Exception 0: {}
java.util.concurrent.ExecutionException: org.apache.ratis.thirdparty.io.grpc.StatusRuntimeException: UNAVAILABLE: io exception
	at java.util.concurrent.FutureTask.report(FutureTask.java:122)
	at java.util.concurrent.FutureTask.get(FutureTask.java:192)
	at org.apache.ratis.server.impl.LeaderElection.waitForResults(LeaderElection.java:259)
	at org.apache.ratis.server.impl.LeaderElection.askForVotes(LeaderElection.java:197)
	at org.apache.ratis.server.impl.LeaderElection.run(LeaderElection.java:133)
	at java.lang.Thread.run(Thread.java:748)
Caused by: org.apache.ratis.thirdparty.io.grpc.StatusRuntimeException: UNAVAILABLE: io exception
	at org.apache.ratis.thirdparty.io.grpc.stub.ClientCalls.toStatusRuntimeException(ClientCalls.java:233)
	at org.apache.ratis.thirdparty.io.grpc.stub.ClientCalls.getUnchecked(ClientCalls.java:214)
	at org.apache.ratis.thirdparty.io.grpc.stub.ClientCalls.blockingUnaryCall(ClientCalls.java:139)
	at org.apache.ratis.proto.grpc.RaftServerProtocolServiceGrpc$RaftServerProtocolServiceBlockingStub.requestVote(RaftServerProtocolServiceGrpc.java:265)
	at org.apache.ratis.grpc.server.GrpcServerProtocolClient.requestVote(GrpcServerProtocolClient.java:99)
	at org.apache.ratis.grpc.server.GrpcService.requestVote(GrpcService.java:204)
	at org.apache.ratis.server.impl.LeaderElection.lambda$submitRequests$1(LeaderElection.java:234)
	at java.util.concurrent.FutureTask.run(FutureTask.java:266)
	at java.util.concurrent.Executors$RunnableAdapter.call(Executors.java:511)
	at java.util.concurrent.FutureTask.run(FutureTask.java:266)
	at java.util.concurrent.ThreadPoolExecutor.runWorker(ThreadPoolExecutor.java:1149)
	at java.util.concurrent.ThreadPoolExecutor$Worker.run(ThreadPoolExecutor.java:624)
	... 1 more
Caused by: org.apache.ratis.thirdparty.io.netty.channel.AbstractChannel$AnnotatedConnectException: Connection refused: /192.168.164.217:37197
	at sun.nio.ch.SocketChannelImpl.checkConnect(Native Method)
	at sun.nio.ch.SocketChannelImpl.finishConnect(SocketChannelImpl.java:717)
	at org.apache.ratis.thirdparty.io.netty.channel.socket.nio.NioSocketChannel.doFinishConnect(NioSocketChannel.java:327)
	at org.apache.ratis.thirdparty.io.netty.channel.nio.AbstractNioChannel$AbstractNioUnsafe.finishConnect(AbstractNioChannel.java:340)
	at org.apache.ratis.thirdparty.io.netty.channel.nio.NioEventLoop.processSelectedKey(NioEventLoop.java:632)
	at org.apache.ratis.thirdparty.io.netty.channel.nio.NioEventLoop.processSelectedKeysOptimized(NioEventLoop.java:579)
	at org.apache.ratis.thirdparty.io.netty.channel.nio.NioEventLoop.processSelectedKeys(NioEventLoop.java:496)
	at org.apache.ratis.thirdparty.io.netty.channel.nio.NioEventLoop.run(NioEventLoop.java:458)
	at org.apache.ratis.thirdparty.io.netty.util.concurrent.SingleThreadEventExecutor$5.run(SingleThreadEventExecutor.java:897)
	at org.apache.ratis.thirdparty.io.netty.util.concurrent.FastThreadLocalRunnable.run(FastThreadLocalRunnable.java:30)
	... 1 more
Caused by: java.net.ConnectException: Connection refused
	... 11 more
2019-11-05 08:24:15,899 [a8ae9c07-6d89-4a49-a594-cacd4b776180@group-0E159EE4F99E-LeaderElection410] INFO  impl.LeaderElection (LeaderElection.java:askForVotes(178)) - a8ae9c07-6d89-4a49-a594-cacd4b776180@group-0E159EE4F99E-LeaderElection410: begin an election at term 219 for -1: [caafcba9-090a-41f5-a5f9-cba5a6a81e94:192.168.164.217:37197, a8ae9c07-6d89-4a49-a594-cacd4b776180:192.168.164.217:42719, b3bb9051-8089-4c51-a999-81579e5913f2:192.168.164.217:36516], old=null
2019-11-05 08:24:15,900 [a8ae9c07-6d89-4a49-a594-cacd4b776180@group-0E159EE4F99E-LeaderElection410] INFO  impl.LeaderElection (LogUtils.java:infoOrTrace(149)) - a8ae9c07-6d89-4a49-a594-cacd4b776180@group-0E159EE4F99E-LeaderElection410 got exception when requesting votes: {}
java.util.concurrent.ExecutionException: org.apache.ratis.thirdparty.io.grpc.StatusRuntimeException: UNAVAILABLE: io exception
	at java.util.concurrent.FutureTask.report(FutureTask.java:122)
	at java.util.concurrent.FutureTask.get(FutureTask.java:192)
	at org.apache.ratis.server.impl.LeaderElection.waitForResults(LeaderElection.java:259)
	at org.apache.ratis.server.impl.LeaderElection.askForVotes(LeaderElection.java:197)
	at org.apache.ratis.server.impl.LeaderElection.run(LeaderElection.java:133)
	at java.lang.Thread.run(Thread.java:748)
Caused by: org.apache.ratis.thirdparty.io.grpc.StatusRuntimeException: UNAVAILABLE: io exception
	at org.apache.ratis.thirdparty.io.grpc.stub.ClientCalls.toStatusRuntimeException(ClientCalls.java:233)
	at org.apache.ratis.thirdparty.io.grpc.stub.ClientCalls.getUnchecked(ClientCalls.java:214)
	at org.apache.ratis.thirdparty.io.grpc.stub.ClientCalls.blockingUnaryCall(ClientCalls.java:139)
	at org.apache.ratis.proto.grpc.RaftServerProtocolServiceGrpc$RaftServerProtocolServiceBlockingStub.requestVote(RaftServerProtocolServiceGrpc.java:265)
	at org.apache.ratis.grpc.server.GrpcServerProtocolClient.requestVote(GrpcServerProtocolClient.java:99)
	at org.apache.ratis.grpc.server.GrpcService.requestVote(GrpcService.java:204)
	at org.apache.ratis.server.impl.LeaderElection.lambda$submitRequests$1(LeaderElection.java:234)
	at java.util.concurrent.FutureTask.run(FutureTask.java:266)
	at java.util.concurrent.Executors$RunnableAdapter.call(Executors.java:511)
	at java.util.concurrent.FutureTask.run(FutureTask.java:266)
	at java.util.concurrent.ThreadPoolExecutor.runWorker(ThreadPoolExecutor.java:1149)
	at java.util.concurrent.ThreadPoolExecutor$Worker.run(ThreadPoolExecutor.java:624)
	... 1 more
Caused by: org.apache.ratis.thirdparty.io.netty.channel.AbstractChannel$AnnotatedConnectException: Connection refused: /192.168.164.217:37197
	at sun.nio.ch.SocketChannelImpl.checkConnect(Native Method)
	at sun.nio.ch.SocketChannelImpl.finishConnect(SocketChannelImpl.java:717)
	at org.apache.ratis.thirdparty.io.netty.channel.socket.nio.NioSocketChannel.doFinishConnect(NioSocketChannel.java:327)
	at org.apache.ratis.thirdparty.io.netty.channel.nio.AbstractNioChannel$AbstractNioUnsafe.finishConnect(AbstractNioChannel.java:340)
	at org.apache.ratis.thirdparty.io.netty.channel.nio.NioEventLoop.processSelectedKey(NioEventLoop.java:632)
	at org.apache.ratis.thirdparty.io.netty.channel.nio.NioEventLoop.processSelectedKeysOptimized(NioEventLoop.java:579)
	at org.apache.ratis.thirdparty.io.netty.channel.nio.NioEventLoop.processSelectedKeys(NioEventLoop.java:496)
	at org.apache.ratis.thirdparty.io.netty.channel.nio.NioEventLoop.run(NioEventLoop.java:458)
	at org.apache.ratis.thirdparty.io.netty.util.concurrent.SingleThreadEventExecutor$5.run(SingleThreadEventExecutor.java:897)
	at org.apache.ratis.thirdparty.io.netty.util.concurrent.FastThreadLocalRunnable.run(FastThreadLocalRunnable.java:30)
	... 1 more
Caused by: java.net.ConnectException: Connection refused
	... 11 more
2019-11-05 08:24:15,904 [grpc-default-executor-3] INFO  impl.RaftServerImpl (RaftServerImpl.java:setRole(184)) - b3bb9051-8089-4c51-a999-81579e5913f2@group-0E159EE4F99E: changes role from  FOLLOWER to FOLLOWER at term 219 for recognizeCandidate:a8ae9c07-6d89-4a49-a594-cacd4b776180
2019-11-05 08:24:15,904 [grpc-default-executor-3] INFO  impl.RoleInfo (RoleInfo.java:shutdownFollowerState(121)) - b3bb9051-8089-4c51-a999-81579e5913f2: shutdown FollowerState
2019-11-05 08:24:15,904 [grpc-default-executor-3] INFO  impl.RoleInfo (RoleInfo.java:updateAndGet(143)) - b3bb9051-8089-4c51-a999-81579e5913f2: start FollowerState
2019-11-05 08:24:15,904 [Thread-3105] INFO  impl.FollowerState (FollowerState.java:run(117)) - b3bb9051-8089-4c51-a999-81579e5913f2@group-0E159EE4F99E-FollowerState was interrupted: java.lang.InterruptedException: sleep interrupted
2019-11-05 08:24:15,918 [a8ae9c07-6d89-4a49-a594-cacd4b776180@group-0E159EE4F99E-LeaderElection410] INFO  impl.LeaderElection (LeaderElection.java:logAndReturn(56)) - a8ae9c07-6d89-4a49-a594-cacd4b776180@group-0E159EE4F99E-LeaderElection410: Election REJECTED; received 1 response(s) [a8ae9c07-6d89-4a49-a594-cacd4b776180<-b3bb9051-8089-4c51-a999-81579e5913f2#0:FAIL-t219] and 1 exception(s); a8ae9c07-6d89-4a49-a594-cacd4b776180@group-0E159EE4F99E:t219, leader=null, voted=a8ae9c07-6d89-4a49-a594-cacd4b776180, raftlog=a8ae9c07-6d89-4a49-a594-cacd4b776180@group-0E159EE4F99E-SegmentedRaftLog:OPENED:c-1,f-1,i0, conf=-1: [caafcba9-090a-41f5-a5f9-cba5a6a81e94:192.168.164.217:37197, a8ae9c07-6d89-4a49-a594-cacd4b776180:192.168.164.217:42719, b3bb9051-8089-4c51-a999-81579e5913f2:192.168.164.217:36516], old=null
2019-11-05 08:24:15,918 [a8ae9c07-6d89-4a49-a594-cacd4b776180@group-0E159EE4F99E-LeaderElection410] INFO  impl.LeaderElection (LogUtils.java:infoOrTrace(149)) -   Exception 0: {}
java.util.concurrent.ExecutionException: org.apache.ratis.thirdparty.io.grpc.StatusRuntimeException: UNAVAILABLE: io exception
	at java.util.concurrent.FutureTask.report(FutureTask.java:122)
	at java.util.concurrent.FutureTask.get(FutureTask.java:192)
	at org.apache.ratis.server.impl.LeaderElection.waitForResults(LeaderElection.java:259)
	at org.apache.ratis.server.impl.LeaderElection.askForVotes(LeaderElection.java:197)
	at org.apache.ratis.server.impl.LeaderElection.run(LeaderElection.java:133)
	at java.lang.Thread.run(Thread.java:748)
Caused by: org.apache.ratis.thirdparty.io.grpc.StatusRuntimeException: UNAVAILABLE: io exception
	at org.apache.ratis.thirdparty.io.grpc.stub.ClientCalls.toStatusRuntimeException(ClientCalls.java:233)
	at org.apache.ratis.thirdparty.io.grpc.stub.ClientCalls.getUnchecked(ClientCalls.java:214)
	at org.apache.ratis.thirdparty.io.grpc.stub.ClientCalls.blockingUnaryCall(ClientCalls.java:139)
	at org.apache.ratis.proto.grpc.RaftServerProtocolServiceGrpc$RaftServerProtocolServiceBlockingStub.requestVote(RaftServerProtocolServiceGrpc.java:265)
	at org.apache.ratis.grpc.server.GrpcServerProtocolClient.requestVote(GrpcServerProtocolClient.java:99)
	at org.apache.ratis.grpc.server.GrpcService.requestVote(GrpcService.java:204)
	at org.apache.ratis.server.impl.LeaderElection.lambda$submitRequests$1(LeaderElection.java:234)
	at java.util.concurrent.FutureTask.run(FutureTask.java:266)
	at java.util.concurrent.Executors$RunnableAdapter.call(Executors.java:511)
	at java.util.concurrent.FutureTask.run(FutureTask.java:266)
	at java.util.concurrent.ThreadPoolExecutor.runWorker(ThreadPoolExecutor.java:1149)
	at java.util.concurrent.ThreadPoolExecutor$Worker.run(ThreadPoolExecutor.java:624)
	... 1 more
Caused by: org.apache.ratis.thirdparty.io.netty.channel.AbstractChannel$AnnotatedConnectException: Connection refused: /192.168.164.217:37197
	at sun.nio.ch.SocketChannelImpl.checkConnect(Native Method)
	at sun.nio.ch.SocketChannelImpl.finishConnect(SocketChannelImpl.java:717)
	at org.apache.ratis.thirdparty.io.netty.channel.socket.nio.NioSocketChannel.doFinishConnect(NioSocketChannel.java:327)
	at org.apache.ratis.thirdparty.io.netty.channel.nio.AbstractNioChannel$AbstractNioUnsafe.finishConnect(AbstractNioChannel.java:340)
	at org.apache.ratis.thirdparty.io.netty.channel.nio.NioEventLoop.processSelectedKey(NioEventLoop.java:632)
	at org.apache.ratis.thirdparty.io.netty.channel.nio.NioEventLoop.processSelectedKeysOptimized(NioEventLoop.java:579)
	at org.apache.ratis.thirdparty.io.netty.channel.nio.NioEventLoop.processSelectedKeys(NioEventLoop.java:496)
	at org.apache.ratis.thirdparty.io.netty.channel.nio.NioEventLoop.run(NioEventLoop.java:458)
	at org.apache.ratis.thirdparty.io.netty.util.concurrent.SingleThreadEventExecutor$5.run(SingleThreadEventExecutor.java:897)
	at org.apache.ratis.thirdparty.io.netty.util.concurrent.FastThreadLocalRunnable.run(FastThreadLocalRunnable.java:30)
	... 1 more
Caused by: java.net.ConnectException: Connection refused
	... 11 more
2019-11-05 08:24:15,919 [a8ae9c07-6d89-4a49-a594-cacd4b776180@group-0E159EE4F99E-LeaderElection410] INFO  impl.RaftServerImpl (RaftServerImpl.java:setRole(184)) - a8ae9c07-6d89-4a49-a594-cacd4b776180@group-0E159EE4F99E: changes role from CANDIDATE to FOLLOWER at term 219 for DISCOVERED_A_NEW_TERM
2019-11-05 08:24:15,919 [a8ae9c07-6d89-4a49-a594-cacd4b776180@group-0E159EE4F99E-LeaderElection410] INFO  impl.RoleInfo (RoleInfo.java:shutdownLeaderElection(134)) - a8ae9c07-6d89-4a49-a594-cacd4b776180: shutdown LeaderElection
2019-11-05 08:24:15,919 [a8ae9c07-6d89-4a49-a594-cacd4b776180@group-0E159EE4F99E-LeaderElection410] INFO  impl.RoleInfo (RoleInfo.java:updateAndGet(143)) - a8ae9c07-6d89-4a49-a594-cacd4b776180: start FollowerState
2019-11-05 08:24:15,985 [Thread-3101] INFO  impl.FollowerState (FollowerState.java:run(108)) - 4a682f4f-c3f2-4b77-88b7-f0ab78890feb@group-0DB8C7688BF9-FollowerState: change to CANDIDATE, lastRpcTime:155ms, electionTimeout:155ms
2019-11-05 08:24:15,985 [Thread-3101] INFO  impl.RoleInfo (RoleInfo.java:shutdownFollowerState(121)) - 4a682f4f-c3f2-4b77-88b7-f0ab78890feb: shutdown FollowerState
2019-11-05 08:24:15,986 [Thread-3101] INFO  impl.RaftServerImpl (RaftServerImpl.java:setRole(184)) - 4a682f4f-c3f2-4b77-88b7-f0ab78890feb@group-0DB8C7688BF9: changes role from  FOLLOWER to CANDIDATE at term 207 for changeToCandidate
2019-11-05 08:24:15,986 [Thread-3101] INFO  impl.RoleInfo (RoleInfo.java:updateAndGet(143)) - 4a682f4f-c3f2-4b77-88b7-f0ab78890feb: start LeaderElection
2019-11-05 08:24:16,000 [4a682f4f-c3f2-4b77-88b7-f0ab78890feb@group-0DB8C7688BF9-LeaderElection411] INFO  impl.LeaderElection (LeaderElection.java:askForVotes(178)) - 4a682f4f-c3f2-4b77-88b7-f0ab78890feb@group-0DB8C7688BF9-LeaderElection411: begin an election at term 208 for -1: [77ab65e6-d942-49df-83a3-1d4c0bf152b3:192.168.164.217:39381, 7e1b84a9-a041-44fd-8008-f2679426984c:192.168.164.217:44149, 4a682f4f-c3f2-4b77-88b7-f0ab78890feb:192.168.164.217:34174], old=null
2019-11-05 08:24:16,002 [grpc-default-executor-3] INFO  impl.RaftServerImpl (RaftServerImpl.java:setRole(184)) - 77ab65e6-d942-49df-83a3-1d4c0bf152b3@group-0DB8C7688BF9: changes role from  FOLLOWER to FOLLOWER at term 208 for recognizeCandidate:4a682f4f-c3f2-4b77-88b7-f0ab78890feb
2019-11-05 08:24:16,002 [grpc-default-executor-4] INFO  impl.RaftServerImpl (RaftServerImpl.java:setRole(184)) - 7e1b84a9-a041-44fd-8008-f2679426984c@group-0DB8C7688BF9: changes role from  FOLLOWER to FOLLOWER at term 208 for recognizeCandidate:4a682f4f-c3f2-4b77-88b7-f0ab78890feb
2019-11-05 08:24:16,002 [grpc-default-executor-3] INFO  impl.RoleInfo (RoleInfo.java:shutdownFollowerState(121)) - 77ab65e6-d942-49df-83a3-1d4c0bf152b3: shutdown FollowerState
2019-11-05 08:24:16,002 [grpc-default-executor-4] INFO  impl.RoleInfo (RoleInfo.java:shutdownFollowerState(121)) - 7e1b84a9-a041-44fd-8008-f2679426984c: shutdown FollowerState
2019-11-05 08:24:16,003 [grpc-default-executor-3] INFO  impl.RoleInfo (RoleInfo.java:updateAndGet(143)) - 77ab65e6-d942-49df-83a3-1d4c0bf152b3: start FollowerState
2019-11-05 08:24:16,003 [Thread-3099] INFO  impl.FollowerState (FollowerState.java:run(117)) - 77ab65e6-d942-49df-83a3-1d4c0bf152b3@group-0DB8C7688BF9-FollowerState was interrupted: java.lang.InterruptedException: sleep interrupted
2019-11-05 08:24:16,003 [Thread-3100] INFO  impl.FollowerState (FollowerState.java:run(117)) - 7e1b84a9-a041-44fd-8008-f2679426984c@group-0DB8C7688BF9-FollowerState was interrupted: java.lang.InterruptedException: sleep interrupted
2019-11-05 08:24:16,003 [grpc-default-executor-4] INFO  impl.RoleInfo (RoleInfo.java:updateAndGet(143)) - 7e1b84a9-a041-44fd-8008-f2679426984c: start FollowerState
2019-11-05 08:24:16,017 [4a682f4f-c3f2-4b77-88b7-f0ab78890feb@group-0DB8C7688BF9-LeaderElection411] INFO  impl.LeaderElection (LeaderElection.java:logAndReturn(56)) - 4a682f4f-c3f2-4b77-88b7-f0ab78890feb@group-0DB8C7688BF9-LeaderElection411: Election REJECTED; received 2 response(s) [4a682f4f-c3f2-4b77-88b7-f0ab78890feb<-77ab65e6-d942-49df-83a3-1d4c0bf152b3#0:FAIL-t208, 4a682f4f-c3f2-4b77-88b7-f0ab78890feb<-7e1b84a9-a041-44fd-8008-f2679426984c#0:FAIL-t208] and 0 exception(s); 4a682f4f-c3f2-4b77-88b7-f0ab78890feb@group-0DB8C7688BF9:t208, leader=null, voted=4a682f4f-c3f2-4b77-88b7-f0ab78890feb, raftlog=4a682f4f-c3f2-4b77-88b7-f0ab78890feb@group-0DB8C7688BF9-SegmentedRaftLog:OPENED:c-1,f-1,i0, conf=-1: [77ab65e6-d942-49df-83a3-1d4c0bf152b3:192.168.164.217:39381, 7e1b84a9-a041-44fd-8008-f2679426984c:192.168.164.217:44149, 4a682f4f-c3f2-4b77-88b7-f0ab78890feb:192.168.164.217:34174], old=null
2019-11-05 08:24:16,017 [4a682f4f-c3f2-4b77-88b7-f0ab78890feb@group-0DB8C7688BF9-LeaderElection411] INFO  impl.RaftServerImpl (RaftServerImpl.java:setRole(184)) - 4a682f4f-c3f2-4b77-88b7-f0ab78890feb@group-0DB8C7688BF9: changes role from CANDIDATE to FOLLOWER at term 208 for DISCOVERED_A_NEW_TERM
2019-11-05 08:24:16,017 [4a682f4f-c3f2-4b77-88b7-f0ab78890feb@group-0DB8C7688BF9-LeaderElection411] INFO  impl.RoleInfo (RoleInfo.java:shutdownLeaderElection(134)) - 4a682f4f-c3f2-4b77-88b7-f0ab78890feb: shutdown LeaderElection
2019-11-05 08:24:16,017 [4a682f4f-c3f2-4b77-88b7-f0ab78890feb@group-0DB8C7688BF9-LeaderElection411] INFO  impl.RoleInfo (RoleInfo.java:updateAndGet(143)) - 4a682f4f-c3f2-4b77-88b7-f0ab78890feb: start FollowerState
2019-11-05 08:24:16,056 [Thread-3115] INFO  impl.FollowerState (FollowerState.java:run(108)) - 4a682f4f-c3f2-4b77-88b7-f0ab78890feb@group-0DB8C7688BF9-FollowerState: change to CANDIDATE, lastRpcTime:38ms, electionTimeout:38ms
2019-11-05 08:24:16,056 [Thread-3115] INFO  impl.RoleInfo (RoleInfo.java:shutdownFollowerState(121)) - 4a682f4f-c3f2-4b77-88b7-f0ab78890feb: shutdown FollowerState
2019-11-05 08:24:16,056 [Thread-3115] INFO  impl.RaftServerImpl (RaftServerImpl.java:setRole(184)) - 4a682f4f-c3f2-4b77-88b7-f0ab78890feb@group-0DB8C7688BF9: changes role from  FOLLOWER to CANDIDATE at term 208 for changeToCandidate
2019-11-05 08:24:16,056 [Thread-3115] INFO  impl.RoleInfo (RoleInfo.java:updateAndGet(143)) - 4a682f4f-c3f2-4b77-88b7-f0ab78890feb: start LeaderElection
2019-11-05 08:24:16,070 [4a682f4f-c3f2-4b77-88b7-f0ab78890feb@group-0DB8C7688BF9-LeaderElection412] INFO  impl.LeaderElection (LeaderElection.java:askForVotes(178)) - 4a682f4f-c3f2-4b77-88b7-f0ab78890feb@group-0DB8C7688BF9-LeaderElection412: begin an election at term 209 for -1: [77ab65e6-d942-49df-83a3-1d4c0bf152b3:192.168.164.217:39381, 7e1b84a9-a041-44fd-8008-f2679426984c:192.168.164.217:44149, 4a682f4f-c3f2-4b77-88b7-f0ab78890feb:192.168.164.217:34174], old=null
2019-11-05 08:24:16,071 [grpc-default-executor-3] INFO  impl.RaftServerImpl (RaftServerImpl.java:setRole(184)) - 77ab65e6-d942-49df-83a3-1d4c0bf152b3@group-0DB8C7688BF9: changes role from  FOLLOWER to FOLLOWER at term 209 for recognizeCandidate:4a682f4f-c3f2-4b77-88b7-f0ab78890feb
2019-11-05 08:24:16,072 [grpc-default-executor-3] INFO  impl.RoleInfo (RoleInfo.java:shutdownFollowerState(121)) - 77ab65e6-d942-49df-83a3-1d4c0bf152b3: shutdown FollowerState
2019-11-05 08:24:16,072 [grpc-default-executor-3] INFO  impl.RoleInfo (RoleInfo.java:updateAndGet(143)) - 77ab65e6-d942-49df-83a3-1d4c0bf152b3: start FollowerState
2019-11-05 08:24:16,072 [Thread-3113] INFO  impl.FollowerState (FollowerState.java:run(117)) - 77ab65e6-d942-49df-83a3-1d4c0bf152b3@group-0DB8C7688BF9-FollowerState was interrupted: java.lang.InterruptedException: sleep interrupted
2019-11-05 08:24:16,072 [grpc-default-executor-4] INFO  impl.RaftServerImpl (RaftServerImpl.java:setRole(184)) - 7e1b84a9-a041-44fd-8008-f2679426984c@group-0DB8C7688BF9: changes role from  FOLLOWER to FOLLOWER at term 209 for recognizeCandidate:4a682f4f-c3f2-4b77-88b7-f0ab78890feb
2019-11-05 08:24:16,072 [grpc-default-executor-4] INFO  impl.RoleInfo (RoleInfo.java:shutdownFollowerState(121)) - 7e1b84a9-a041-44fd-8008-f2679426984c: shutdown FollowerState
2019-11-05 08:24:16,073 [grpc-default-executor-4] INFO  impl.RoleInfo (RoleInfo.java:updateAndGet(143)) - 7e1b84a9-a041-44fd-8008-f2679426984c: start FollowerState
2019-11-05 08:24:16,073 [Thread-3114] INFO  impl.FollowerState (FollowerState.java:run(117)) - 7e1b84a9-a041-44fd-8008-f2679426984c@group-0DB8C7688BF9-FollowerState was interrupted: java.lang.InterruptedException: sleep interrupted
2019-11-05 08:24:16,086 [4a682f4f-c3f2-4b77-88b7-f0ab78890feb@group-0DB8C7688BF9-LeaderElection412] INFO  impl.LeaderElection (LeaderElection.java:logAndReturn(56)) - 4a682f4f-c3f2-4b77-88b7-f0ab78890feb@group-0DB8C7688BF9-LeaderElection412: Election REJECTED; received 2 response(s) [4a682f4f-c3f2-4b77-88b7-f0ab78890feb<-77ab65e6-d942-49df-83a3-1d4c0bf152b3#0:FAIL-t209, 4a682f4f-c3f2-4b77-88b7-f0ab78890feb<-7e1b84a9-a041-44fd-8008-f2679426984c#0:FAIL-t209] and 0 exception(s); 4a682f4f-c3f2-4b77-88b7-f0ab78890feb@group-0DB8C7688BF9:t209, leader=null, voted=4a682f4f-c3f2-4b77-88b7-f0ab78890feb, raftlog=4a682f4f-c3f2-4b77-88b7-f0ab78890feb@group-0DB8C7688BF9-SegmentedRaftLog:OPENED:c-1,f-1,i0, conf=-1: [77ab65e6-d942-49df-83a3-1d4c0bf152b3:192.168.164.217:39381, 7e1b84a9-a041-44fd-8008-f2679426984c:192.168.164.217:44149, 4a682f4f-c3f2-4b77-88b7-f0ab78890feb:192.168.164.217:34174], old=null
2019-11-05 08:24:16,087 [4a682f4f-c3f2-4b77-88b7-f0ab78890feb@group-0DB8C7688BF9-LeaderElection412] INFO  impl.RaftServerImpl (RaftServerImpl.java:setRole(184)) - 4a682f4f-c3f2-4b77-88b7-f0ab78890feb@group-0DB8C7688BF9: changes role from CANDIDATE to FOLLOWER at term 209 for DISCOVERED_A_NEW_TERM
2019-11-05 08:24:16,087 [4a682f4f-c3f2-4b77-88b7-f0ab78890feb@group-0DB8C7688BF9-LeaderElection412] INFO  impl.RoleInfo (RoleInfo.java:shutdownLeaderElection(134)) - 4a682f4f-c3f2-4b77-88b7-f0ab78890feb: shutdown LeaderElection
2019-11-05 08:24:16,087 [4a682f4f-c3f2-4b77-88b7-f0ab78890feb@group-0DB8C7688BF9-LeaderElection412] INFO  impl.RoleInfo (RoleInfo.java:updateAndGet(143)) - 4a682f4f-c3f2-4b77-88b7-f0ab78890feb: start FollowerState
2019-11-05 08:24:16,089 [Thread-3109] INFO  impl.FollowerState (FollowerState.java:run(108)) - a8ae9c07-6d89-4a49-a594-cacd4b776180@group-0E159EE4F99E-FollowerState: change to CANDIDATE, lastRpcTime:170ms, electionTimeout:170ms
2019-11-05 08:24:16,090 [Thread-3109] INFO  impl.RoleInfo (RoleInfo.java:shutdownFollowerState(121)) - a8ae9c07-6d89-4a49-a594-cacd4b776180: shutdown FollowerState
2019-11-05 08:24:16,090 [Thread-3109] INFO  impl.RaftServerImpl (RaftServerImpl.java:setRole(184)) - a8ae9c07-6d89-4a49-a594-cacd4b776180@group-0E159EE4F99E: changes role from  FOLLOWER to CANDIDATE at term 219 for changeToCandidate
2019-11-05 08:24:16,090 [Thread-3109] INFO  impl.RoleInfo (RoleInfo.java:updateAndGet(143)) - a8ae9c07-6d89-4a49-a594-cacd4b776180: start LeaderElection
2019-11-05 08:24:16,103 [a8ae9c07-6d89-4a49-a594-cacd4b776180@group-0E159EE4F99E-LeaderElection413] INFO  impl.LeaderElection (LeaderElection.java:askForVotes(178)) - a8ae9c07-6d89-4a49-a594-cacd4b776180@group-0E159EE4F99E-LeaderElection413: begin an election at term 220 for -1: [caafcba9-090a-41f5-a5f9-cba5a6a81e94:192.168.164.217:37197, a8ae9c07-6d89-4a49-a594-cacd4b776180:192.168.164.217:42719, b3bb9051-8089-4c51-a999-81579e5913f2:192.168.164.217:36516], old=null
2019-11-05 08:24:16,104 [a8ae9c07-6d89-4a49-a594-cacd4b776180@group-0E159EE4F99E-LeaderElection413] INFO  impl.LeaderElection (LogUtils.java:infoOrTrace(149)) - a8ae9c07-6d89-4a49-a594-cacd4b776180@group-0E159EE4F99E-LeaderElection413 got exception when requesting votes: {}
java.util.concurrent.ExecutionException: org.apache.ratis.thirdparty.io.grpc.StatusRuntimeException: UNAVAILABLE: io exception
	at java.util.concurrent.FutureTask.report(FutureTask.java:122)
	at java.util.concurrent.FutureTask.get(FutureTask.java:192)
	at org.apache.ratis.server.impl.LeaderElection.waitForResults(LeaderElection.java:259)
	at org.apache.ratis.server.impl.LeaderElection.askForVotes(LeaderElection.java:197)
	at org.apache.ratis.server.impl.LeaderElection.run(LeaderElection.java:133)
	at java.lang.Thread.run(Thread.java:748)
Caused by: org.apache.ratis.thirdparty.io.grpc.StatusRuntimeException: UNAVAILABLE: io exception
	at org.apache.ratis.thirdparty.io.grpc.stub.ClientCalls.toStatusRuntimeException(ClientCalls.java:233)
	at org.apache.ratis.thirdparty.io.grpc.stub.ClientCalls.getUnchecked(ClientCalls.java:214)
	at org.apache.ratis.thirdparty.io.grpc.stub.ClientCalls.blockingUnaryCall(ClientCalls.java:139)
	at org.apache.ratis.proto.grpc.RaftServerProtocolServiceGrpc$RaftServerProtocolServiceBlockingStub.requestVote(RaftServerProtocolServiceGrpc.java:265)
	at org.apache.ratis.grpc.server.GrpcServerProtocolClient.requestVote(GrpcServerProtocolClient.java:99)
	at org.apache.ratis.grpc.server.GrpcService.requestVote(GrpcService.java:204)
	at org.apache.ratis.server.impl.LeaderElection.lambda$submitRequests$1(LeaderElection.java:234)
	at java.util.concurrent.FutureTask.run(FutureTask.java:266)
	at java.util.concurrent.Executors$RunnableAdapter.call(Executors.java:511)
	at java.util.concurrent.FutureTask.run(FutureTask.java:266)
	at java.util.concurrent.ThreadPoolExecutor.runWorker(ThreadPoolExecutor.java:1149)
	at java.util.concurrent.ThreadPoolExecutor$Worker.run(ThreadPoolExecutor.java:624)
	... 1 more
Caused by: org.apache.ratis.thirdparty.io.netty.channel.AbstractChannel$AnnotatedConnectException: Connection refused: /192.168.164.217:37197
	at sun.nio.ch.SocketChannelImpl.checkConnect(Native Method)
	at sun.nio.ch.SocketChannelImpl.finishConnect(SocketChannelImpl.java:717)
	at org.apache.ratis.thirdparty.io.netty.channel.socket.nio.NioSocketChannel.doFinishConnect(NioSocketChannel.java:327)
	at org.apache.ratis.thirdparty.io.netty.channel.nio.AbstractNioChannel$AbstractNioUnsafe.finishConnect(AbstractNioChannel.java:340)
	at org.apache.ratis.thirdparty.io.netty.channel.nio.NioEventLoop.processSelectedKey(NioEventLoop.java:632)
	at org.apache.ratis.thirdparty.io.netty.channel.nio.NioEventLoop.processSelectedKeysOptimized(NioEventLoop.java:579)
	at org.apache.ratis.thirdparty.io.netty.channel.nio.NioEventLoop.processSelectedKeys(NioEventLoop.java:496)
	at org.apache.ratis.thirdparty.io.netty.channel.nio.NioEventLoop.run(NioEventLoop.java:458)
	at org.apache.ratis.thirdparty.io.netty.util.concurrent.SingleThreadEventExecutor$5.run(SingleThreadEventExecutor.java:897)
	at org.apache.ratis.thirdparty.io.netty.util.concurrent.FastThreadLocalRunnable.run(FastThreadLocalRunnable.java:30)
	... 1 more
Caused by: java.net.ConnectException: Connection refused
	... 11 more
2019-11-05 08:24:16,107 [grpc-default-executor-4] INFO  impl.RaftServerImpl (RaftServerImpl.java:setRole(184)) - b3bb9051-8089-4c51-a999-81579e5913f2@group-0E159EE4F99E: changes role from  FOLLOWER to FOLLOWER at term 220 for recognizeCandidate:a8ae9c07-6d89-4a49-a594-cacd4b776180
2019-11-05 08:24:16,107 [grpc-default-executor-4] INFO  impl.RoleInfo (RoleInfo.java:shutdownFollowerState(121)) - b3bb9051-8089-4c51-a999-81579e5913f2: shutdown FollowerState
2019-11-05 08:24:16,107 [grpc-default-executor-4] INFO  impl.RoleInfo (RoleInfo.java:updateAndGet(143)) - b3bb9051-8089-4c51-a999-81579e5913f2: start FollowerState
2019-11-05 08:24:16,107 [Thread-3108] INFO  impl.FollowerState (FollowerState.java:run(117)) - b3bb9051-8089-4c51-a999-81579e5913f2@group-0E159EE4F99E-FollowerState was interrupted: java.lang.InterruptedException: sleep interrupted
2019-11-05 08:24:16,120 [a8ae9c07-6d89-4a49-a594-cacd4b776180@group-0E159EE4F99E-LeaderElection413] INFO  impl.LeaderElection (LeaderElection.java:logAndReturn(56)) - a8ae9c07-6d89-4a49-a594-cacd4b776180@group-0E159EE4F99E-LeaderElection413: Election REJECTED; received 1 response(s) [a8ae9c07-6d89-4a49-a594-cacd4b776180<-b3bb9051-8089-4c51-a999-81579e5913f2#0:FAIL-t220] and 1 exception(s); a8ae9c07-6d89-4a49-a594-cacd4b776180@group-0E159EE4F99E:t220, leader=null, voted=a8ae9c07-6d89-4a49-a594-cacd4b776180, raftlog=a8ae9c07-6d89-4a49-a594-cacd4b776180@group-0E159EE4F99E-SegmentedRaftLog:OPENED:c-1,f-1,i0, conf=-1: [caafcba9-090a-41f5-a5f9-cba5a6a81e94:192.168.164.217:37197, a8ae9c07-6d89-4a49-a594-cacd4b776180:192.168.164.217:42719, b3bb9051-8089-4c51-a999-81579e5913f2:192.168.164.217:36516], old=null
2019-11-05 08:24:16,120 [a8ae9c07-6d89-4a49-a594-cacd4b776180@group-0E159EE4F99E-LeaderElection413] INFO  impl.LeaderElection (LogUtils.java:infoOrTrace(149)) -   Exception 0: {}
java.util.concurrent.ExecutionException: org.apache.ratis.thirdparty.io.grpc.StatusRuntimeException: UNAVAILABLE: io exception
	at java.util.concurrent.FutureTask.report(FutureTask.java:122)
	at java.util.concurrent.FutureTask.get(FutureTask.java:192)
	at org.apache.ratis.server.impl.LeaderElection.waitForResults(LeaderElection.java:259)
	at org.apache.ratis.server.impl.LeaderElection.askForVotes(LeaderElection.java:197)
	at org.apache.ratis.server.impl.LeaderElection.run(LeaderElection.java:133)
	at java.lang.Thread.run(Thread.java:748)
Caused by: org.apache.ratis.thirdparty.io.grpc.StatusRuntimeException: UNAVAILABLE: io exception
	at org.apache.ratis.thirdparty.io.grpc.stub.ClientCalls.toStatusRuntimeException(ClientCalls.java:233)
	at org.apache.ratis.thirdparty.io.grpc.stub.ClientCalls.getUnchecked(ClientCalls.java:214)
	at org.apache.ratis.thirdparty.io.grpc.stub.ClientCalls.blockingUnaryCall(ClientCalls.java:139)
	at org.apache.ratis.proto.grpc.RaftServerProtocolServiceGrpc$RaftServerProtocolServiceBlockingStub.requestVote(RaftServerProtocolServiceGrpc.java:265)
	at org.apache.ratis.grpc.server.GrpcServerProtocolClient.requestVote(GrpcServerProtocolClient.java:99)
	at org.apache.ratis.grpc.server.GrpcService.requestVote(GrpcService.java:204)
	at org.apache.ratis.server.impl.LeaderElection.lambda$submitRequests$1(LeaderElection.java:234)
	at java.util.concurrent.FutureTask.run(FutureTask.java:266)
	at java.util.concurrent.Executors$RunnableAdapter.call(Executors.java:511)
	at java.util.concurrent.FutureTask.run(FutureTask.java:266)
	at java.util.concurrent.ThreadPoolExecutor.runWorker(ThreadPoolExecutor.java:1149)
	at java.util.concurrent.ThreadPoolExecutor$Worker.run(ThreadPoolExecutor.java:624)
	... 1 more
Caused by: org.apache.ratis.thirdparty.io.netty.channel.AbstractChannel$AnnotatedConnectException: Connection refused: /192.168.164.217:37197
	at sun.nio.ch.SocketChannelImpl.checkConnect(Native Method)
	at sun.nio.ch.SocketChannelImpl.finishConnect(SocketChannelImpl.java:717)
	at org.apache.ratis.thirdparty.io.netty.channel.socket.nio.NioSocketChannel.doFinishConnect(NioSocketChannel.java:327)
	at org.apache.ratis.thirdparty.io.netty.channel.nio.AbstractNioChannel$AbstractNioUnsafe.finishConnect(AbstractNioChannel.java:340)
	at org.apache.ratis.thirdparty.io.netty.channel.nio.NioEventLoop.processSelectedKey(NioEventLoop.java:632)
	at org.apache.ratis.thirdparty.io.netty.channel.nio.NioEventLoop.processSelectedKeysOptimized(NioEventLoop.java:579)
	at org.apache.ratis.thirdparty.io.netty.channel.nio.NioEventLoop.processSelectedKeys(NioEventLoop.java:496)
	at org.apache.ratis.thirdparty.io.netty.channel.nio.NioEventLoop.run(NioEventLoop.java:458)
	at org.apache.ratis.thirdparty.io.netty.util.concurrent.SingleThreadEventExecutor$5.run(SingleThreadEventExecutor.java:897)
	at org.apache.ratis.thirdparty.io.netty.util.concurrent.FastThreadLocalRunnable.run(FastThreadLocalRunnable.java:30)
	... 1 more
Caused by: java.net.ConnectException: Connection refused
	... 11 more
2019-11-05 08:24:16,121 [a8ae9c07-6d89-4a49-a594-cacd4b776180@group-0E159EE4F99E-LeaderElection413] INFO  impl.RaftServerImpl (RaftServerImpl.java:setRole(184)) - a8ae9c07-6d89-4a49-a594-cacd4b776180@group-0E159EE4F99E: changes role from CANDIDATE to FOLLOWER at term 220 for DISCOVERED_A_NEW_TERM
2019-11-05 08:24:16,121 [a8ae9c07-6d89-4a49-a594-cacd4b776180@group-0E159EE4F99E-LeaderElection413] INFO  impl.RoleInfo (RoleInfo.java:shutdownLeaderElection(134)) - a8ae9c07-6d89-4a49-a594-cacd4b776180: shutdown LeaderElection
2019-11-05 08:24:16,121 [a8ae9c07-6d89-4a49-a594-cacd4b776180@group-0E159EE4F99E-LeaderElection413] INFO  impl.RoleInfo (RoleInfo.java:updateAndGet(143)) - a8ae9c07-6d89-4a49-a594-cacd4b776180: start FollowerState
2019-11-05 08:24:16,183 [Thread-3121] INFO  impl.FollowerState (FollowerState.java:run(108)) - 4a682f4f-c3f2-4b77-88b7-f0ab78890feb@group-0DB8C7688BF9-FollowerState: change to CANDIDATE, lastRpcTime:96ms, electionTimeout:96ms
2019-11-05 08:24:16,183 [Thread-3121] INFO  impl.RoleInfo (RoleInfo.java:shutdownFollowerState(121)) - 4a682f4f-c3f2-4b77-88b7-f0ab78890feb: shutdown FollowerState
2019-11-05 08:24:16,183 [Thread-3121] INFO  impl.RaftServerImpl (RaftServerImpl.java:setRole(184)) - 4a682f4f-c3f2-4b77-88b7-f0ab78890feb@group-0DB8C7688BF9: changes role from  FOLLOWER to CANDIDATE at term 209 for changeToCandidate
2019-11-05 08:24:16,183 [Thread-3121] INFO  impl.RoleInfo (RoleInfo.java:updateAndGet(143)) - 4a682f4f-c3f2-4b77-88b7-f0ab78890feb: start LeaderElection
2019-11-05 08:24:16,197 [4a682f4f-c3f2-4b77-88b7-f0ab78890feb@group-0DB8C7688BF9-LeaderElection414] INFO  impl.LeaderElection (LeaderElection.java:askForVotes(178)) - 4a682f4f-c3f2-4b77-88b7-f0ab78890feb@group-0DB8C7688BF9-LeaderElection414: begin an election at term 210 for -1: [77ab65e6-d942-49df-83a3-1d4c0bf152b3:192.168.164.217:39381, 7e1b84a9-a041-44fd-8008-f2679426984c:192.168.164.217:44149, 4a682f4f-c3f2-4b77-88b7-f0ab78890feb:192.168.164.217:34174], old=null
2019-11-05 08:24:16,199 [grpc-default-executor-4] INFO  impl.RaftServerImpl (RaftServerImpl.java:setRole(184)) - 77ab65e6-d942-49df-83a3-1d4c0bf152b3@group-0DB8C7688BF9: changes role from  FOLLOWER to FOLLOWER at term 210 for recognizeCandidate:4a682f4f-c3f2-4b77-88b7-f0ab78890feb
2019-11-05 08:24:16,199 [grpc-default-executor-4] INFO  impl.RoleInfo (RoleInfo.java:shutdownFollowerState(121)) - 77ab65e6-d942-49df-83a3-1d4c0bf152b3: shutdown FollowerState
2019-11-05 08:24:16,199 [grpc-default-executor-4] INFO  impl.RoleInfo (RoleInfo.java:updateAndGet(143)) - 77ab65e6-d942-49df-83a3-1d4c0bf152b3: start FollowerState
2019-11-05 08:24:16,199 [Thread-3119] INFO  impl.FollowerState (FollowerState.java:run(117)) - 77ab65e6-d942-49df-83a3-1d4c0bf152b3@group-0DB8C7688BF9-FollowerState was interrupted: java.lang.InterruptedException: sleep interrupted
2019-11-05 08:24:16,199 [grpc-default-executor-3] INFO  impl.RaftServerImpl (RaftServerImpl.java:setRole(184)) - 7e1b84a9-a041-44fd-8008-f2679426984c@group-0DB8C7688BF9: changes role from  FOLLOWER to FOLLOWER at term 210 for recognizeCandidate:4a682f4f-c3f2-4b77-88b7-f0ab78890feb
2019-11-05 08:24:16,199 [grpc-default-executor-3] INFO  impl.RoleInfo (RoleInfo.java:shutdownFollowerState(121)) - 7e1b84a9-a041-44fd-8008-f2679426984c: shutdown FollowerState
2019-11-05 08:24:16,199 [grpc-default-executor-3] INFO  impl.RoleInfo (RoleInfo.java:updateAndGet(143)) - 7e1b84a9-a041-44fd-8008-f2679426984c: start FollowerState
2019-11-05 08:24:16,200 [Thread-3120] INFO  impl.FollowerState (FollowerState.java:run(117)) - 7e1b84a9-a041-44fd-8008-f2679426984c@group-0DB8C7688BF9-FollowerState was interrupted: java.lang.InterruptedException: sleep interrupted
2019-11-05 08:24:16,214 [4a682f4f-c3f2-4b77-88b7-f0ab78890feb@group-0DB8C7688BF9-LeaderElection414] INFO  impl.LeaderElection (LeaderElection.java:logAndReturn(56)) - 4a682f4f-c3f2-4b77-88b7-f0ab78890feb@group-0DB8C7688BF9-LeaderElection414: Election REJECTED; received 2 response(s) [4a682f4f-c3f2-4b77-88b7-f0ab78890feb<-77ab65e6-d942-49df-83a3-1d4c0bf152b3#0:FAIL-t210, 4a682f4f-c3f2-4b77-88b7-f0ab78890feb<-7e1b84a9-a041-44fd-8008-f2679426984c#0:FAIL-t210] and 0 exception(s); 4a682f4f-c3f2-4b77-88b7-f0ab78890feb@group-0DB8C7688BF9:t210, leader=null, voted=4a682f4f-c3f2-4b77-88b7-f0ab78890feb, raftlog=4a682f4f-c3f2-4b77-88b7-f0ab78890feb@group-0DB8C7688BF9-SegmentedRaftLog:OPENED:c-1,f-1,i0, conf=-1: [77ab65e6-d942-49df-83a3-1d4c0bf152b3:192.168.164.217:39381, 7e1b84a9-a041-44fd-8008-f2679426984c:192.168.164.217:44149, 4a682f4f-c3f2-4b77-88b7-f0ab78890feb:192.168.164.217:34174], old=null
2019-11-05 08:24:16,214 [4a682f4f-c3f2-4b77-88b7-f0ab78890feb@group-0DB8C7688BF9-LeaderElection414] INFO  impl.RaftServerImpl (RaftServerImpl.java:setRole(184)) - 4a682f4f-c3f2-4b77-88b7-f0ab78890feb@group-0DB8C7688BF9: changes role from CANDIDATE to FOLLOWER at term 210 for DISCOVERED_A_NEW_TERM
2019-11-05 08:24:16,214 [4a682f4f-c3f2-4b77-88b7-f0ab78890feb@group-0DB8C7688BF9-LeaderElection414] INFO  impl.RoleInfo (RoleInfo.java:shutdownLeaderElection(134)) - 4a682f4f-c3f2-4b77-88b7-f0ab78890feb: shutdown LeaderElection
2019-11-05 08:24:16,214 [4a682f4f-c3f2-4b77-88b7-f0ab78890feb@group-0DB8C7688BF9-LeaderElection414] INFO  impl.RoleInfo (RoleInfo.java:updateAndGet(143)) - 4a682f4f-c3f2-4b77-88b7-f0ab78890feb: start FollowerState
2019-11-05 08:24:16,246 [Thread-3132] INFO  impl.FollowerState (FollowerState.java:run(108)) - 4a682f4f-c3f2-4b77-88b7-f0ab78890feb@group-0DB8C7688BF9-FollowerState: change to CANDIDATE, lastRpcTime:32ms, electionTimeout:32ms
2019-11-05 08:24:16,246 [Thread-3132] INFO  impl.RoleInfo (RoleInfo.java:shutdownFollowerState(121)) - 4a682f4f-c3f2-4b77-88b7-f0ab78890feb: shutdown FollowerState
2019-11-05 08:24:16,247 [Thread-3132] INFO  impl.RaftServerImpl (RaftServerImpl.java:setRole(184)) - 4a682f4f-c3f2-4b77-88b7-f0ab78890feb@group-0DB8C7688BF9: changes role from  FOLLOWER to CANDIDATE at term 210 for changeToCandidate
2019-11-05 08:24:16,247 [Thread-3132] INFO  impl.RoleInfo (RoleInfo.java:updateAndGet(143)) - 4a682f4f-c3f2-4b77-88b7-f0ab78890feb: start LeaderElection
2019-11-05 08:24:16,255 [Thread-3126] INFO  impl.FollowerState (FollowerState.java:run(108)) - a8ae9c07-6d89-4a49-a594-cacd4b776180@group-0E159EE4F99E-FollowerState: change to CANDIDATE, lastRpcTime:134ms, electionTimeout:134ms
2019-11-05 08:24:16,255 [Thread-3126] INFO  impl.RoleInfo (RoleInfo.java:shutdownFollowerState(121)) - a8ae9c07-6d89-4a49-a594-cacd4b776180: shutdown FollowerState
2019-11-05 08:24:16,256 [Thread-3126] INFO  impl.RaftServerImpl (RaftServerImpl.java:setRole(184)) - a8ae9c07-6d89-4a49-a594-cacd4b776180@group-0E159EE4F99E: changes role from  FOLLOWER to CANDIDATE at term 220 for changeToCandidate
2019-11-05 08:24:16,256 [Thread-3126] INFO  impl.RoleInfo (RoleInfo.java:updateAndGet(143)) - a8ae9c07-6d89-4a49-a594-cacd4b776180: start LeaderElection
2019-11-05 08:24:16,261 [a8ae9c07-6d89-4a49-a594-cacd4b776180@group-0E159EE4F99E-LeaderElection416] INFO  impl.LeaderElection (LeaderElection.java:askForVotes(178)) - a8ae9c07-6d89-4a49-a594-cacd4b776180@group-0E159EE4F99E-LeaderElection416: begin an election at term 221 for -1: [caafcba9-090a-41f5-a5f9-cba5a6a81e94:192.168.164.217:37197, a8ae9c07-6d89-4a49-a594-cacd4b776180:192.168.164.217:42719, b3bb9051-8089-4c51-a999-81579e5913f2:192.168.164.217:36516], old=null
2019-11-05 08:24:16,261 [4a682f4f-c3f2-4b77-88b7-f0ab78890feb@group-0DB8C7688BF9-LeaderElection415] INFO  impl.LeaderElection (LeaderElection.java:askForVotes(178)) - 4a682f4f-c3f2-4b77-88b7-f0ab78890feb@group-0DB8C7688BF9-LeaderElection415: begin an election at term 211 for -1: [77ab65e6-d942-49df-83a3-1d4c0bf152b3:192.168.164.217:39381, 7e1b84a9-a041-44fd-8008-f2679426984c:192.168.164.217:44149, 4a682f4f-c3f2-4b77-88b7-f0ab78890feb:192.168.164.217:34174], old=null
2019-11-05 08:24:16,262 [a8ae9c07-6d89-4a49-a594-cacd4b776180@group-0E159EE4F99E-LeaderElection416] INFO  impl.LeaderElection (LogUtils.java:infoOrTrace(149)) - a8ae9c07-6d89-4a49-a594-cacd4b776180@group-0E159EE4F99E-LeaderElection416 got exception when requesting votes: {}
java.util.concurrent.ExecutionException: org.apache.ratis.thirdparty.io.grpc.StatusRuntimeException: UNAVAILABLE: io exception
	at java.util.concurrent.FutureTask.report(FutureTask.java:122)
	at java.util.concurrent.FutureTask.get(FutureTask.java:192)
	at org.apache.ratis.server.impl.LeaderElection.waitForResults(LeaderElection.java:259)
	at org.apache.ratis.server.impl.LeaderElection.askForVotes(LeaderElection.java:197)
	at org.apache.ratis.server.impl.LeaderElection.run(LeaderElection.java:133)
	at java.lang.Thread.run(Thread.java:748)
Caused by: org.apache.ratis.thirdparty.io.grpc.StatusRuntimeException: UNAVAILABLE: io exception
	at org.apache.ratis.thirdparty.io.grpc.stub.ClientCalls.toStatusRuntimeException(ClientCalls.java:233)
	at org.apache.ratis.thirdparty.io.grpc.stub.ClientCalls.getUnchecked(ClientCalls.java:214)
	at org.apache.ratis.thirdparty.io.grpc.stub.ClientCalls.blockingUnaryCall(ClientCalls.java:139)
	at org.apache.ratis.proto.grpc.RaftServerProtocolServiceGrpc$RaftServerProtocolServiceBlockingStub.requestVote(RaftServerProtocolServiceGrpc.java:265)
	at org.apache.ratis.grpc.server.GrpcServerProtocolClient.requestVote(GrpcServerProtocolClient.java:99)
	at org.apache.ratis.grpc.server.GrpcService.requestVote(GrpcService.java:204)
	at org.apache.ratis.server.impl.LeaderElection.lambda$submitRequests$1(LeaderElection.java:234)
	at java.util.concurrent.FutureTask.run(FutureTask.java:266)
	at java.util.concurrent.Executors$RunnableAdapter.call(Executors.java:511)
	at java.util.concurrent.FutureTask.run(FutureTask.java:266)
	at java.util.concurrent.ThreadPoolExecutor.runWorker(ThreadPoolExecutor.java:1149)
	at java.util.concurrent.ThreadPoolExecutor$Worker.run(ThreadPoolExecutor.java:624)
	... 1 more
Caused by: org.apache.ratis.thirdparty.io.netty.channel.AbstractChannel$AnnotatedConnectException: Connection refused: /192.168.164.217:37197
	at sun.nio.ch.SocketChannelImpl.checkConnect(Native Method)
	at sun.nio.ch.SocketChannelImpl.finishConnect(SocketChannelImpl.java:717)
	at org.apache.ratis.thirdparty.io.netty.channel.socket.nio.NioSocketChannel.doFinishConnect(NioSocketChannel.java:327)
	at org.apache.ratis.thirdparty.io.netty.channel.nio.AbstractNioChannel$AbstractNioUnsafe.finishConnect(AbstractNioChannel.java:340)
	at org.apache.ratis.thirdparty.io.netty.channel.nio.NioEventLoop.processSelectedKey(NioEventLoop.java:632)
	at org.apache.ratis.thirdparty.io.netty.channel.nio.NioEventLoop.processSelectedKeysOptimized(NioEventLoop.java:579)
	at org.apache.ratis.thirdparty.io.netty.channel.nio.NioEventLoop.processSelectedKeys(NioEventLoop.java:496)
	at org.apache.ratis.thirdparty.io.netty.channel.nio.NioEventLoop.run(NioEventLoop.java:458)
	at org.apache.ratis.thirdparty.io.netty.util.concurrent.SingleThreadEventExecutor$5.run(SingleThreadEventExecutor.java:897)
	at org.apache.ratis.thirdparty.io.netty.util.concurrent.FastThreadLocalRunnable.run(FastThreadLocalRunnable.java:30)
	... 1 more
Caused by: java.net.ConnectException: Connection refused
	... 11 more
2019-11-05 08:24:16,265 [grpc-default-executor-3] INFO  impl.RaftServerImpl (RaftServerImpl.java:setRole(184)) - b3bb9051-8089-4c51-a999-81579e5913f2@group-0E159EE4F99E: changes role from  FOLLOWER to FOLLOWER at term 221 for recognizeCandidate:a8ae9c07-6d89-4a49-a594-cacd4b776180
2019-11-05 08:24:16,265 [grpc-default-executor-3] INFO  impl.RoleInfo (RoleInfo.java:shutdownFollowerState(121)) - b3bb9051-8089-4c51-a999-81579e5913f2: shutdown FollowerState
2019-11-05 08:24:16,265 [grpc-default-executor-3] INFO  impl.RoleInfo (RoleInfo.java:updateAndGet(143)) - b3bb9051-8089-4c51-a999-81579e5913f2: start FollowerState
2019-11-05 08:24:16,265 [Thread-3125] INFO  impl.FollowerState (FollowerState.java:run(117)) - b3bb9051-8089-4c51-a999-81579e5913f2@group-0E159EE4F99E-FollowerState was interrupted: java.lang.InterruptedException: sleep interrupted
2019-11-05 08:24:16,265 [grpc-default-executor-4] INFO  impl.RaftServerImpl (RaftServerImpl.java:setRole(184)) - 7e1b84a9-a041-44fd-8008-f2679426984c@group-0DB8C7688BF9: changes role from  FOLLOWER to FOLLOWER at term 211 for recognizeCandidate:4a682f4f-c3f2-4b77-88b7-f0ab78890feb
2019-11-05 08:24:16,266 [grpc-default-executor-4] INFO  impl.RoleInfo (RoleInfo.java:shutdownFollowerState(121)) - 7e1b84a9-a041-44fd-8008-f2679426984c: shutdown FollowerState
2019-11-05 08:24:16,266 [grpc-default-executor-0] INFO  impl.RaftServerImpl (RaftServerImpl.java:setRole(184)) - 77ab65e6-d942-49df-83a3-1d4c0bf152b3@group-0DB8C7688BF9: changes role from  FOLLOWER to FOLLOWER at term 211 for recognizeCandidate:4a682f4f-c3f2-4b77-88b7-f0ab78890feb
2019-11-05 08:24:16,266 [Thread-3131] INFO  impl.FollowerState (FollowerState.java:run(117)) - 7e1b84a9-a041-44fd-8008-f2679426984c@group-0DB8C7688BF9-FollowerState was interrupted: java.lang.InterruptedException: sleep interrupted
2019-11-05 08:24:16,266 [grpc-default-executor-4] INFO  impl.RoleInfo (RoleInfo.java:updateAndGet(143)) - 7e1b84a9-a041-44fd-8008-f2679426984c: start FollowerState
2019-11-05 08:24:16,266 [grpc-default-executor-0] INFO  impl.RoleInfo (RoleInfo.java:shutdownFollowerState(121)) - 77ab65e6-d942-49df-83a3-1d4c0bf152b3: shutdown FollowerState
2019-11-05 08:24:16,266 [grpc-default-executor-0] INFO  impl.RoleInfo (RoleInfo.java:updateAndGet(143)) - 77ab65e6-d942-49df-83a3-1d4c0bf152b3: start FollowerState
2019-11-05 08:24:16,266 [Thread-3130] INFO  impl.FollowerState (FollowerState.java:run(117)) - 77ab65e6-d942-49df-83a3-1d4c0bf152b3@group-0DB8C7688BF9-FollowerState was interrupted: java.lang.InterruptedException: sleep interrupted
2019-11-05 08:24:16,270 [4a682f4f-c3f2-4b77-88b7-f0ab78890feb@group-0DB8C7688BF9-LeaderElection415] INFO  impl.LeaderElection (LeaderElection.java:logAndReturn(56)) - 4a682f4f-c3f2-4b77-88b7-f0ab78890feb@group-0DB8C7688BF9-LeaderElection415: Election TIMEOUT; received 0 response(s) [] and 0 exception(s); 4a682f4f-c3f2-4b77-88b7-f0ab78890feb@group-0DB8C7688BF9:t211, leader=null, voted=4a682f4f-c3f2-4b77-88b7-f0ab78890feb, raftlog=4a682f4f-c3f2-4b77-88b7-f0ab78890feb@group-0DB8C7688BF9-SegmentedRaftLog:OPENED:c-1,f-1,i0, conf=-1: [77ab65e6-d942-49df-83a3-1d4c0bf152b3:192.168.164.217:39381, 7e1b84a9-a041-44fd-8008-f2679426984c:192.168.164.217:44149, 4a682f4f-c3f2-4b77-88b7-f0ab78890feb:192.168.164.217:34174], old=null
2019-11-05 08:24:16,279 [4a682f4f-c3f2-4b77-88b7-f0ab78890feb@group-0DB8C7688BF9-LeaderElection415] INFO  impl.LeaderElection (LeaderElection.java:askForVotes(178)) - 4a682f4f-c3f2-4b77-88b7-f0ab78890feb@group-0DB8C7688BF9-LeaderElection415: begin an election at term 212 for -1: [77ab65e6-d942-49df-83a3-1d4c0bf152b3:192.168.164.217:39381, 7e1b84a9-a041-44fd-8008-f2679426984c:192.168.164.217:44149, 4a682f4f-c3f2-4b77-88b7-f0ab78890feb:192.168.164.217:34174], old=null
2019-11-05 08:24:16,279 [a8ae9c07-6d89-4a49-a594-cacd4b776180@group-0E159EE4F99E-LeaderElection416] INFO  impl.LeaderElection (LeaderElection.java:logAndReturn(56)) - a8ae9c07-6d89-4a49-a594-cacd4b776180@group-0E159EE4F99E-LeaderElection416: Election REJECTED; received 1 response(s) [a8ae9c07-6d89-4a49-a594-cacd4b776180<-b3bb9051-8089-4c51-a999-81579e5913f2#0:FAIL-t221] and 1 exception(s); a8ae9c07-6d89-4a49-a594-cacd4b776180@group-0E159EE4F99E:t221, leader=null, voted=a8ae9c07-6d89-4a49-a594-cacd4b776180, raftlog=a8ae9c07-6d89-4a49-a594-cacd4b776180@group-0E159EE4F99E-SegmentedRaftLog:OPENED:c-1,f-1,i0, conf=-1: [caafcba9-090a-41f5-a5f9-cba5a6a81e94:192.168.164.217:37197, a8ae9c07-6d89-4a49-a594-cacd4b776180:192.168.164.217:42719, b3bb9051-8089-4c51-a999-81579e5913f2:192.168.164.217:36516], old=null
2019-11-05 08:24:16,280 [a8ae9c07-6d89-4a49-a594-cacd4b776180@group-0E159EE4F99E-LeaderElection416] INFO  impl.LeaderElection (LogUtils.java:infoOrTrace(149)) -   Exception 0: {}
java.util.concurrent.ExecutionException: org.apache.ratis.thirdparty.io.grpc.StatusRuntimeException: UNAVAILABLE: io exception
	at java.util.concurrent.FutureTask.report(FutureTask.java:122)
	at java.util.concurrent.FutureTask.get(FutureTask.java:192)
	at org.apache.ratis.server.impl.LeaderElection.waitForResults(LeaderElection.java:259)
	at org.apache.ratis.server.impl.LeaderElection.askForVotes(LeaderElection.java:197)
	at org.apache.ratis.server.impl.LeaderElection.run(LeaderElection.java:133)
	at java.lang.Thread.run(Thread.java:748)
Caused by: org.apache.ratis.thirdparty.io.grpc.StatusRuntimeException: UNAVAILABLE: io exception
	at org.apache.ratis.thirdparty.io.grpc.stub.ClientCalls.toStatusRuntimeException(ClientCalls.java:233)
	at org.apache.ratis.thirdparty.io.grpc.stub.ClientCalls.getUnchecked(ClientCalls.java:214)
	at org.apache.ratis.thirdparty.io.grpc.stub.ClientCalls.blockingUnaryCall(ClientCalls.java:139)
	at org.apache.ratis.proto.grpc.RaftServerProtocolServiceGrpc$RaftServerProtocolServiceBlockingStub.requestVote(RaftServerProtocolServiceGrpc.java:265)
	at org.apache.ratis.grpc.server.GrpcServerProtocolClient.requestVote(GrpcServerProtocolClient.java:99)
	at org.apache.ratis.grpc.server.GrpcService.requestVote(GrpcService.java:204)
	at org.apache.ratis.server.impl.LeaderElection.lambda$submitRequests$1(LeaderElection.java:234)
	at java.util.concurrent.FutureTask.run(FutureTask.java:266)
	at java.util.concurrent.Executors$RunnableAdapter.call(Executors.java:511)
	at java.util.concurrent.FutureTask.run(FutureTask.java:266)
	at java.util.concurrent.ThreadPoolExecutor.runWorker(ThreadPoolExecutor.java:1149)
	at java.util.concurrent.ThreadPoolExecutor$Worker.run(ThreadPoolExecutor.java:624)
	... 1 more
Caused by: org.apache.ratis.thirdparty.io.netty.channel.AbstractChannel$AnnotatedConnectException: Connection refused: /192.168.164.217:37197
	at sun.nio.ch.SocketChannelImpl.checkConnect(Native Method)
	at sun.nio.ch.SocketChannelImpl.finishConnect(SocketChannelImpl.java:717)
	at org.apache.ratis.thirdparty.io.netty.channel.socket.nio.NioSocketChannel.doFinishConnect(NioSocketChannel.java:327)
	at org.apache.ratis.thirdparty.io.netty.channel.nio.AbstractNioChannel$AbstractNioUnsafe.finishConnect(AbstractNioChannel.java:340)
	at org.apache.ratis.thirdparty.io.netty.channel.nio.NioEventLoop.processSelectedKey(NioEventLoop.java:632)
	at org.apache.ratis.thirdparty.io.netty.channel.nio.NioEventLoop.processSelectedKeysOptimized(NioEventLoop.java:579)
	at org.apache.ratis.thirdparty.io.netty.channel.nio.NioEventLoop.processSelectedKeys(NioEventLoop.java:496)
	at org.apache.ratis.thirdparty.io.netty.channel.nio.NioEventLoop.run(NioEventLoop.java:458)
	at org.apache.ratis.thirdparty.io.netty.util.concurrent.SingleThreadEventExecutor$5.run(SingleThreadEventExecutor.java:897)
	at org.apache.ratis.thirdparty.io.netty.util.concurrent.FastThreadLocalRunnable.run(FastThreadLocalRunnable.java:30)
	... 1 more
Caused by: java.net.ConnectException: Connection refused
	... 11 more
2019-11-05 08:24:16,280 [a8ae9c07-6d89-4a49-a594-cacd4b776180@group-0E159EE4F99E-LeaderElection416] INFO  impl.RaftServerImpl (RaftServerImpl.java:setRole(184)) - a8ae9c07-6d89-4a49-a594-cacd4b776180@group-0E159EE4F99E: changes role from CANDIDATE to FOLLOWER at term 221 for DISCOVERED_A_NEW_TERM
2019-11-05 08:24:16,280 [a8ae9c07-6d89-4a49-a594-cacd4b776180@group-0E159EE4F99E-LeaderElection416] INFO  impl.RoleInfo (RoleInfo.java:shutdownLeaderElection(134)) - a8ae9c07-6d89-4a49-a594-cacd4b776180: shutdown LeaderElection
2019-11-05 08:24:16,280 [a8ae9c07-6d89-4a49-a594-cacd4b776180@group-0E159EE4F99E-LeaderElection416] INFO  impl.RoleInfo (RoleInfo.java:updateAndGet(143)) - a8ae9c07-6d89-4a49-a594-cacd4b776180: start FollowerState
2019-11-05 08:24:16,280 [grpc-default-executor-0] INFO  impl.RaftServerImpl (RaftServerImpl.java:setRole(184)) - 77ab65e6-d942-49df-83a3-1d4c0bf152b3@group-0DB8C7688BF9: changes role from  FOLLOWER to FOLLOWER at term 212 for recognizeCandidate:4a682f4f-c3f2-4b77-88b7-f0ab78890feb
2019-11-05 08:24:16,280 [grpc-default-executor-0] INFO  impl.RoleInfo (RoleInfo.java:shutdownFollowerState(121)) - 77ab65e6-d942-49df-83a3-1d4c0bf152b3: shutdown FollowerState
2019-11-05 08:24:16,281 [grpc-default-executor-0] INFO  impl.RoleInfo (RoleInfo.java:updateAndGet(143)) - 77ab65e6-d942-49df-83a3-1d4c0bf152b3: start FollowerState
2019-11-05 08:24:16,281 [Thread-3142] INFO  impl.FollowerState (FollowerState.java:run(117)) - 77ab65e6-d942-49df-83a3-1d4c0bf152b3@group-0DB8C7688BF9-FollowerState was interrupted: java.lang.InterruptedException: sleep interrupted
2019-11-05 08:24:16,281 [grpc-default-executor-3] INFO  impl.RaftServerImpl (RaftServerImpl.java:setRole(184)) - 7e1b84a9-a041-44fd-8008-f2679426984c@group-0DB8C7688BF9: changes role from  FOLLOWER to FOLLOWER at term 212 for recognizeCandidate:4a682f4f-c3f2-4b77-88b7-f0ab78890feb
2019-11-05 08:24:16,281 [grpc-default-executor-3] INFO  impl.RoleInfo (RoleInfo.java:shutdownFollowerState(121)) - 7e1b84a9-a041-44fd-8008-f2679426984c: shutdown FollowerState
2019-11-05 08:24:16,281 [grpc-default-executor-3] INFO  impl.RoleInfo (RoleInfo.java:updateAndGet(143)) - 7e1b84a9-a041-44fd-8008-f2679426984c: start FollowerState
2019-11-05 08:24:16,281 [Thread-3141] INFO  impl.FollowerState (FollowerState.java:run(117)) - 7e1b84a9-a041-44fd-8008-f2679426984c@group-0DB8C7688BF9-FollowerState was interrupted: java.lang.InterruptedException: sleep interrupted
2019-11-05 08:24:16,284 [Thread-3145] INFO  impl.FollowerState (FollowerState.java:run(108)) - a8ae9c07-6d89-4a49-a594-cacd4b776180@group-0E159EE4F99E-FollowerState: change to CANDIDATE, lastRpcTime:4ms, electionTimeout:4ms
2019-11-05 08:24:16,284 [Thread-3145] INFO  impl.RoleInfo (RoleInfo.java:shutdownFollowerState(121)) - a8ae9c07-6d89-4a49-a594-cacd4b776180: shutdown FollowerState
2019-11-05 08:24:16,284 [Thread-3145] INFO  impl.RaftServerImpl (RaftServerImpl.java:setRole(184)) - a8ae9c07-6d89-4a49-a594-cacd4b776180@group-0E159EE4F99E: changes role from  FOLLOWER to CANDIDATE at term 221 for changeToCandidate
2019-11-05 08:24:16,284 [Thread-3145] INFO  impl.RoleInfo (RoleInfo.java:updateAndGet(143)) - a8ae9c07-6d89-4a49-a594-cacd4b776180: start LeaderElection
2019-11-05 08:24:16,294 [a8ae9c07-6d89-4a49-a594-cacd4b776180@group-0E159EE4F99E-LeaderElection417] INFO  impl.LeaderElection (LeaderElection.java:askForVotes(178)) - a8ae9c07-6d89-4a49-a594-cacd4b776180@group-0E159EE4F99E-LeaderElection417: begin an election at term 222 for -1: [caafcba9-090a-41f5-a5f9-cba5a6a81e94:192.168.164.217:37197, a8ae9c07-6d89-4a49-a594-cacd4b776180:192.168.164.217:42719, b3bb9051-8089-4c51-a999-81579e5913f2:192.168.164.217:36516], old=null
2019-11-05 08:24:16,295 [4a682f4f-c3f2-4b77-88b7-f0ab78890feb@group-0DB8C7688BF9-LeaderElection415] INFO  impl.LeaderElection (LeaderElection.java:logAndReturn(56)) - 4a682f4f-c3f2-4b77-88b7-f0ab78890feb@group-0DB8C7688BF9-LeaderElection415: Election REJECTED; received 2 response(s) [4a682f4f-c3f2-4b77-88b7-f0ab78890feb<-77ab65e6-d942-49df-83a3-1d4c0bf152b3#0:FAIL-t212, 4a682f4f-c3f2-4b77-88b7-f0ab78890feb<-7e1b84a9-a041-44fd-8008-f2679426984c#0:FAIL-t212] and 0 exception(s); 4a682f4f-c3f2-4b77-88b7-f0ab78890feb@group-0DB8C7688BF9:t212, leader=null, voted=4a682f4f-c3f2-4b77-88b7-f0ab78890feb, raftlog=4a682f4f-c3f2-4b77-88b7-f0ab78890feb@group-0DB8C7688BF9-SegmentedRaftLog:OPENED:c-1,f-1,i0, conf=-1: [77ab65e6-d942-49df-83a3-1d4c0bf152b3:192.168.164.217:39381, 7e1b84a9-a041-44fd-8008-f2679426984c:192.168.164.217:44149, 4a682f4f-c3f2-4b77-88b7-f0ab78890feb:192.168.164.217:34174], old=null
2019-11-05 08:24:16,295 [a8ae9c07-6d89-4a49-a594-cacd4b776180@group-0E159EE4F99E-LeaderElection417] INFO  impl.LeaderElection (LogUtils.java:infoOrTrace(149)) - a8ae9c07-6d89-4a49-a594-cacd4b776180@group-0E159EE4F99E-LeaderElection417 got exception when requesting votes: {}
java.util.concurrent.ExecutionException: org.apache.ratis.thirdparty.io.grpc.StatusRuntimeException: UNAVAILABLE: io exception
	at java.util.concurrent.FutureTask.report(FutureTask.java:122)
	at java.util.concurrent.FutureTask.get(FutureTask.java:192)
	at org.apache.ratis.server.impl.LeaderElection.waitForResults(LeaderElection.java:259)
	at org.apache.ratis.server.impl.LeaderElection.askForVotes(LeaderElection.java:197)
	at org.apache.ratis.server.impl.LeaderElection.run(LeaderElection.java:133)
	at java.lang.Thread.run(Thread.java:748)
Caused by: org.apache.ratis.thirdparty.io.grpc.StatusRuntimeException: UNAVAILABLE: io exception
	at org.apache.ratis.thirdparty.io.grpc.stub.ClientCalls.toStatusRuntimeException(ClientCalls.java:233)
	at org.apache.ratis.thirdparty.io.grpc.stub.ClientCalls.getUnchecked(ClientCalls.java:214)
	at org.apache.ratis.thirdparty.io.grpc.stub.ClientCalls.blockingUnaryCall(ClientCalls.java:139)
	at org.apache.ratis.proto.grpc.RaftServerProtocolServiceGrpc$RaftServerProtocolServiceBlockingStub.requestVote(RaftServerProtocolServiceGrpc.java:265)
	at org.apache.ratis.grpc.server.GrpcServerProtocolClient.requestVote(GrpcServerProtocolClient.java:99)
	at org.apache.ratis.grpc.server.GrpcService.requestVote(GrpcService.java:204)
	at org.apache.ratis.server.impl.LeaderElection.lambda$submitRequests$1(LeaderElection.java:234)
	at java.util.concurrent.FutureTask.run(FutureTask.java:266)
	at java.util.concurrent.Executors$RunnableAdapter.call(Executors.java:511)
	at java.util.concurrent.FutureTask.run(FutureTask.java:266)
	at java.util.concurrent.ThreadPoolExecutor.runWorker(ThreadPoolExecutor.java:1149)
	at java.util.concurrent.ThreadPoolExecutor$Worker.run(ThreadPoolExecutor.java:624)
	... 1 more
Caused by: org.apache.ratis.thirdparty.io.netty.channel.AbstractChannel$AnnotatedConnectException: Connection refused: /192.168.164.217:37197
	at sun.nio.ch.SocketChannelImpl.checkConnect(Native Method)
	at sun.nio.ch.SocketChannelImpl.finishConnect(SocketChannelImpl.java:717)
	at org.apache.ratis.thirdparty.io.netty.channel.socket.nio.NioSocketChannel.doFinishConnect(NioSocketChannel.java:327)
	at org.apache.ratis.thirdparty.io.netty.channel.nio.AbstractNioChannel$AbstractNioUnsafe.finishConnect(AbstractNioChannel.java:340)
	at org.apache.ratis.thirdparty.io.netty.channel.nio.NioEventLoop.processSelectedKey(NioEventLoop.java:632)
	at org.apache.ratis.thirdparty.io.netty.channel.nio.NioEventLoop.processSelectedKeysOptimized(NioEventLoop.java:579)
	at org.apache.ratis.thirdparty.io.netty.channel.nio.NioEventLoop.processSelectedKeys(NioEventLoop.java:496)
	at org.apache.ratis.thirdparty.io.netty.channel.nio.NioEventLoop.run(NioEventLoop.java:458)
	at org.apache.ratis.thirdparty.io.netty.util.concurrent.SingleThreadEventExecutor$5.run(SingleThreadEventExecutor.java:897)
	at org.apache.ratis.thirdparty.io.netty.util.concurrent.FastThreadLocalRunnable.run(FastThreadLocalRunnable.java:30)
	... 1 more
Caused by: java.net.ConnectException: Connection refused
	... 11 more
2019-11-05 08:24:16,295 [4a682f4f-c3f2-4b77-88b7-f0ab78890feb@group-0DB8C7688BF9-LeaderElection415] INFO  impl.RaftServerImpl (RaftServerImpl.java:setRole(184)) - 4a682f4f-c3f2-4b77-88b7-f0ab78890feb@group-0DB8C7688BF9: changes role from CANDIDATE to FOLLOWER at term 212 for DISCOVERED_A_NEW_TERM
2019-11-05 08:24:16,301 [4a682f4f-c3f2-4b77-88b7-f0ab78890feb@group-0DB8C7688BF9-LeaderElection415] INFO  impl.RoleInfo (RoleInfo.java:shutdownLeaderElection(134)) - 4a682f4f-c3f2-4b77-88b7-f0ab78890feb: shutdown LeaderElection
2019-11-05 08:24:16,301 [4a682f4f-c3f2-4b77-88b7-f0ab78890feb@group-0DB8C7688BF9-LeaderElection415] INFO  impl.RoleInfo (RoleInfo.java:updateAndGet(143)) - 4a682f4f-c3f2-4b77-88b7-f0ab78890feb: start FollowerState
2019-11-05 08:24:16,301 [grpc-default-executor-0] INFO  impl.RaftServerImpl (RaftServerImpl.java:setRole(184)) - b3bb9051-8089-4c51-a999-81579e5913f2@group-0E159EE4F99E: changes role from  FOLLOWER to FOLLOWER at term 222 for recognizeCandidate:a8ae9c07-6d89-4a49-a594-cacd4b776180
2019-11-05 08:24:16,302 [grpc-default-executor-0] INFO  impl.RoleInfo (RoleInfo.java:shutdownFollowerState(121)) - b3bb9051-8089-4c51-a999-81579e5913f2: shutdown FollowerState
2019-11-05 08:24:16,302 [grpc-default-executor-0] INFO  impl.RoleInfo (RoleInfo.java:updateAndGet(143)) - b3bb9051-8089-4c51-a999-81579e5913f2: start FollowerState
2019-11-05 08:24:16,302 [Thread-3140] INFO  impl.FollowerState (FollowerState.java:run(117)) - b3bb9051-8089-4c51-a999-81579e5913f2@group-0E159EE4F99E-FollowerState was interrupted: java.lang.InterruptedException: sleep interrupted
2019-11-05 08:24:16,311 [a8ae9c07-6d89-4a49-a594-cacd4b776180@group-0E159EE4F99E-LeaderElection417] INFO  impl.LeaderElection (LeaderElection.java:logAndReturn(56)) - a8ae9c07-6d89-4a49-a594-cacd4b776180@group-0E159EE4F99E-LeaderElection417: Election TIMEOUT; received 0 response(s) [] and 1 exception(s); a8ae9c07-6d89-4a49-a594-cacd4b776180@group-0E159EE4F99E:t222, leader=null, voted=a8ae9c07-6d89-4a49-a594-cacd4b776180, raftlog=a8ae9c07-6d89-4a49-a594-cacd4b776180@group-0E159EE4F99E-SegmentedRaftLog:OPENED:c-1,f-1,i0, conf=-1: [caafcba9-090a-41f5-a5f9-cba5a6a81e94:192.168.164.217:37197, a8ae9c07-6d89-4a49-a594-cacd4b776180:192.168.164.217:42719, b3bb9051-8089-4c51-a999-81579e5913f2:192.168.164.217:36516], old=null
2019-11-05 08:24:16,311 [a8ae9c07-6d89-4a49-a594-cacd4b776180@group-0E159EE4F99E-LeaderElection417] INFO  impl.LeaderElection (LogUtils.java:infoOrTrace(149)) -   Exception 0: {}
java.util.concurrent.ExecutionException: org.apache.ratis.thirdparty.io.grpc.StatusRuntimeException: UNAVAILABLE: io exception
	at java.util.concurrent.FutureTask.report(FutureTask.java:122)
	at java.util.concurrent.FutureTask.get(FutureTask.java:192)
	at org.apache.ratis.server.impl.LeaderElection.waitForResults(LeaderElection.java:259)
	at org.apache.ratis.server.impl.LeaderElection.askForVotes(LeaderElection.java:197)
	at org.apache.ratis.server.impl.LeaderElection.run(LeaderElection.java:133)
	at java.lang.Thread.run(Thread.java:748)
Caused by: org.apache.ratis.thirdparty.io.grpc.StatusRuntimeException: UNAVAILABLE: io exception
	at org.apache.ratis.thirdparty.io.grpc.stub.ClientCalls.toStatusRuntimeException(ClientCalls.java:233)
	at org.apache.ratis.thirdparty.io.grpc.stub.ClientCalls.getUnchecked(ClientCalls.java:214)
	at org.apache.ratis.thirdparty.io.grpc.stub.ClientCalls.blockingUnaryCall(ClientCalls.java:139)
	at org.apache.ratis.proto.grpc.RaftServerProtocolServiceGrpc$RaftServerProtocolServiceBlockingStub.requestVote(RaftServerProtocolServiceGrpc.java:265)
	at org.apache.ratis.grpc.server.GrpcServerProtocolClient.requestVote(GrpcServerProtocolClient.java:99)
	at org.apache.ratis.grpc.server.GrpcService.requestVote(GrpcService.java:204)
	at org.apache.ratis.server.impl.LeaderElection.lambda$submitRequests$1(LeaderElection.java:234)
	at java.util.concurrent.FutureTask.run(FutureTask.java:266)
	at java.util.concurrent.Executors$RunnableAdapter.call(Executors.java:511)
	at java.util.concurrent.FutureTask.run(FutureTask.java:266)
	at java.util.concurrent.ThreadPoolExecutor.runWorker(ThreadPoolExecutor.java:1149)
	at java.util.concurrent.ThreadPoolExecutor$Worker.run(ThreadPoolExecutor.java:624)
	... 1 more
Caused by: org.apache.ratis.thirdparty.io.netty.channel.AbstractChannel$AnnotatedConnectException: Connection refused: /192.168.164.217:37197
	at sun.nio.ch.SocketChannelImpl.checkConnect(Native Method)
	at sun.nio.ch.SocketChannelImpl.finishConnect(SocketChannelImpl.java:717)
	at org.apache.ratis.thirdparty.io.netty.channel.socket.nio.NioSocketChannel.doFinishConnect(NioSocketChannel.java:327)
	at org.apache.ratis.thirdparty.io.netty.channel.nio.AbstractNioChannel$AbstractNioUnsafe.finishConnect(AbstractNioChannel.java:340)
	at org.apache.ratis.thirdparty.io.netty.channel.nio.NioEventLoop.processSelectedKey(NioEventLoop.java:632)
	at org.apache.ratis.thirdparty.io.netty.channel.nio.NioEventLoop.processSelectedKeysOptimized(NioEventLoop.java:579)
	at org.apache.ratis.thirdparty.io.netty.channel.nio.NioEventLoop.processSelectedKeys(NioEventLoop.java:496)
	at org.apache.ratis.thirdparty.io.netty.channel.nio.NioEventLoop.run(NioEventLoop.java:458)
	at org.apache.ratis.thirdparty.io.netty.util.concurrent.SingleThreadEventExecutor$5.run(SingleThreadEventExecutor.java:897)
	at org.apache.ratis.thirdparty.io.netty.util.concurrent.FastThreadLocalRunnable.run(FastThreadLocalRunnable.java:30)
	... 1 more
Caused by: java.net.ConnectException: Connection refused
	... 11 more
2019-11-05 08:24:16,315 [a8ae9c07-6d89-4a49-a594-cacd4b776180@group-0E159EE4F99E-LeaderElection417] INFO  impl.LeaderElection (LeaderElection.java:askForVotes(178)) - a8ae9c07-6d89-4a49-a594-cacd4b776180@group-0E159EE4F99E-LeaderElection417: begin an election at term 223 for -1: [caafcba9-090a-41f5-a5f9-cba5a6a81e94:192.168.164.217:37197, a8ae9c07-6d89-4a49-a594-cacd4b776180:192.168.164.217:42719, b3bb9051-8089-4c51-a999-81579e5913f2:192.168.164.217:36516], old=null
2019-11-05 08:24:16,316 [a8ae9c07-6d89-4a49-a594-cacd4b776180@group-0E159EE4F99E-LeaderElection417] INFO  impl.LeaderElection (LogUtils.java:infoOrTrace(149)) - a8ae9c07-6d89-4a49-a594-cacd4b776180@group-0E159EE4F99E-LeaderElection417 got exception when requesting votes: {}
java.util.concurrent.ExecutionException: org.apache.ratis.thirdparty.io.grpc.StatusRuntimeException: UNAVAILABLE: io exception
	at java.util.concurrent.FutureTask.report(FutureTask.java:122)
	at java.util.concurrent.FutureTask.get(FutureTask.java:192)
	at org.apache.ratis.server.impl.LeaderElection.waitForResults(LeaderElection.java:259)
	at org.apache.ratis.server.impl.LeaderElection.askForVotes(LeaderElection.java:197)
	at org.apache.ratis.server.impl.LeaderElection.run(LeaderElection.java:133)
	at java.lang.Thread.run(Thread.java:748)
Caused by: org.apache.ratis.thirdparty.io.grpc.StatusRuntimeException: UNAVAILABLE: io exception
	at org.apache.ratis.thirdparty.io.grpc.stub.ClientCalls.toStatusRuntimeException(ClientCalls.java:233)
	at org.apache.ratis.thirdparty.io.grpc.stub.ClientCalls.getUnchecked(ClientCalls.java:214)
	at org.apache.ratis.thirdparty.io.grpc.stub.ClientCalls.blockingUnaryCall(ClientCalls.java:139)
	at org.apache.ratis.proto.grpc.RaftServerProtocolServiceGrpc$RaftServerProtocolServiceBlockingStub.requestVote(RaftServerProtocolServiceGrpc.java:265)
	at org.apache.ratis.grpc.server.GrpcServerProtocolClient.requestVote(GrpcServerProtocolClient.java:99)
	at org.apache.ratis.grpc.server.GrpcService.requestVote(GrpcService.java:204)
	at org.apache.ratis.server.impl.LeaderElection.lambda$submitRequests$1(LeaderElection.java:234)
	at java.util.concurrent.FutureTask.run(FutureTask.java:266)
	at java.util.concurrent.Executors$RunnableAdapter.call(Executors.java:511)
	at java.util.concurrent.FutureTask.run(FutureTask.java:266)
	at java.util.concurrent.ThreadPoolExecutor.runWorker(ThreadPoolExecutor.java:1149)
	at java.util.concurrent.ThreadPoolExecutor$Worker.run(ThreadPoolExecutor.java:624)
	... 1 more
Caused by: org.apache.ratis.thirdparty.io.netty.channel.AbstractChannel$AnnotatedConnectException: Connection refused: /192.168.164.217:37197
	at sun.nio.ch.SocketChannelImpl.checkConnect(Native Method)
	at sun.nio.ch.SocketChannelImpl.finishConnect(SocketChannelImpl.java:717)
	at org.apache.ratis.thirdparty.io.netty.channel.socket.nio.NioSocketChannel.doFinishConnect(NioSocketChannel.java:327)
	at org.apache.ratis.thirdparty.io.netty.channel.nio.AbstractNioChannel$AbstractNioUnsafe.finishConnect(AbstractNioChannel.java:340)
	at org.apache.ratis.thirdparty.io.netty.channel.nio.NioEventLoop.processSelectedKey(NioEventLoop.java:632)
	at org.apache.ratis.thirdparty.io.netty.channel.nio.NioEventLoop.processSelectedKeysOptimized(NioEventLoop.java:579)
	at org.apache.ratis.thirdparty.io.netty.channel.nio.NioEventLoop.processSelectedKeys(NioEventLoop.java:496)
	at org.apache.ratis.thirdparty.io.netty.channel.nio.NioEventLoop.run(NioEventLoop.java:458)
	at org.apache.ratis.thirdparty.io.netty.util.concurrent.SingleThreadEventExecutor$5.run(SingleThreadEventExecutor.java:897)
	at org.apache.ratis.thirdparty.io.netty.util.concurrent.FastThreadLocalRunnable.run(FastThreadLocalRunnable.java:30)
	... 1 more
Caused by: java.net.ConnectException: Connection refused
	... 11 more
2019-11-05 08:24:16,328 [a8ae9c07-6d89-4a49-a594-cacd4b776180@group-0E159EE4F99E-LeaderElection417] INFO  impl.LeaderElection (LeaderElection.java:logAndReturn(56)) - a8ae9c07-6d89-4a49-a594-cacd4b776180@group-0E159EE4F99E-LeaderElection417: Election TIMEOUT; received 0 response(s) [] and 1 exception(s); a8ae9c07-6d89-4a49-a594-cacd4b776180@group-0E159EE4F99E:t223, leader=null, voted=a8ae9c07-6d89-4a49-a594-cacd4b776180, raftlog=a8ae9c07-6d89-4a49-a594-cacd4b776180@group-0E159EE4F99E-SegmentedRaftLog:OPENED:c-1,f-1,i0, conf=-1: [caafcba9-090a-41f5-a5f9-cba5a6a81e94:192.168.164.217:37197, a8ae9c07-6d89-4a49-a594-cacd4b776180:192.168.164.217:42719, b3bb9051-8089-4c51-a999-81579e5913f2:192.168.164.217:36516], old=null
2019-11-05 08:24:16,328 [a8ae9c07-6d89-4a49-a594-cacd4b776180@group-0E159EE4F99E-LeaderElection417] INFO  impl.LeaderElection (LogUtils.java:infoOrTrace(149)) -   Exception 0: {}
java.util.concurrent.ExecutionException: org.apache.ratis.thirdparty.io.grpc.StatusRuntimeException: UNAVAILABLE: io exception
	at java.util.concurrent.FutureTask.report(FutureTask.java:122)
	at java.util.concurrent.FutureTask.get(FutureTask.java:192)
	at org.apache.ratis.server.impl.LeaderElection.waitForResults(LeaderElection.java:259)
	at org.apache.ratis.server.impl.LeaderElection.askForVotes(LeaderElection.java:197)
	at org.apache.ratis.server.impl.LeaderElection.run(LeaderElection.java:133)
	at java.lang.Thread.run(Thread.java:748)
Caused by: org.apache.ratis.thirdparty.io.grpc.StatusRuntimeException: UNAVAILABLE: io exception
	at org.apache.ratis.thirdparty.io.grpc.stub.ClientCalls.toStatusRuntimeException(ClientCalls.java:233)
	at org.apache.ratis.thirdparty.io.grpc.stub.ClientCalls.getUnchecked(ClientCalls.java:214)
	at org.apache.ratis.thirdparty.io.grpc.stub.ClientCalls.blockingUnaryCall(ClientCalls.java:139)
	at org.apache.ratis.proto.grpc.RaftServerProtocolServiceGrpc$RaftServerProtocolServiceBlockingStub.requestVote(RaftServerProtocolServiceGrpc.java:265)
	at org.apache.ratis.grpc.server.GrpcServerProtocolClient.requestVote(GrpcServerProtocolClient.java:99)
	at org.apache.ratis.grpc.server.GrpcService.requestVote(GrpcService.java:204)
	at org.apache.ratis.server.impl.LeaderElection.lambda$submitRequests$1(LeaderElection.java:234)
	at java.util.concurrent.FutureTask.run(FutureTask.java:266)
	at java.util.concurrent.Executors$RunnableAdapter.call(Executors.java:511)
	at java.util.concurrent.FutureTask.run(FutureTask.java:266)
	at java.util.concurrent.ThreadPoolExecutor.runWorker(ThreadPoolExecutor.java:1149)
	at java.util.concurrent.ThreadPoolExecutor$Worker.run(ThreadPoolExecutor.java:624)
	... 1 more
Caused by: org.apache.ratis.thirdparty.io.netty.channel.AbstractChannel$AnnotatedConnectException: Connection refused: /192.168.164.217:37197
	at sun.nio.ch.SocketChannelImpl.checkConnect(Native Method)
	at sun.nio.ch.SocketChannelImpl.finishConnect(SocketChannelImpl.java:717)
	at org.apache.ratis.thirdparty.io.netty.channel.socket.nio.NioSocketChannel.doFinishConnect(NioSocketChannel.java:327)
	at org.apache.ratis.thirdparty.io.netty.channel.nio.AbstractNioChannel$AbstractNioUnsafe.finishConnect(AbstractNioChannel.java:340)
	at org.apache.ratis.thirdparty.io.netty.channel.nio.NioEventLoop.processSelectedKey(NioEventLoop.java:632)
	at org.apache.ratis.thirdparty.io.netty.channel.nio.NioEventLoop.processSelectedKeysOptimized(NioEventLoop.java:579)
	at org.apache.ratis.thirdparty.io.netty.channel.nio.NioEventLoop.processSelectedKeys(NioEventLoop.java:496)
	at org.apache.ratis.thirdparty.io.netty.channel.nio.NioEventLoop.run(NioEventLoop.java:458)
	at org.apache.ratis.thirdparty.io.netty.util.concurrent.SingleThreadEventExecutor$5.run(SingleThreadEventExecutor.java:897)
	at org.apache.ratis.thirdparty.io.netty.util.concurrent.FastThreadLocalRunnable.run(FastThreadLocalRunnable.java:30)
	... 1 more
Caused by: java.net.ConnectException: Connection refused
	... 11 more
2019-11-05 08:24:16,328 [grpc-default-executor-0] INFO  impl.RaftServerImpl (RaftServerImpl.java:setRole(184)) - b3bb9051-8089-4c51-a999-81579e5913f2@group-0E159EE4F99E: changes role from  FOLLOWER to FOLLOWER at term 223 for recognizeCandidate:a8ae9c07-6d89-4a49-a594-cacd4b776180
2019-11-05 08:24:16,329 [grpc-default-executor-0] INFO  impl.RoleInfo (RoleInfo.java:shutdownFollowerState(121)) - b3bb9051-8089-4c51-a999-81579e5913f2: shutdown FollowerState
2019-11-05 08:24:16,329 [grpc-default-executor-0] INFO  impl.RoleInfo (RoleInfo.java:updateAndGet(143)) - b3bb9051-8089-4c51-a999-81579e5913f2: start FollowerState
2019-11-05 08:24:16,329 [Thread-3152] INFO  impl.FollowerState (FollowerState.java:run(117)) - b3bb9051-8089-4c51-a999-81579e5913f2@group-0E159EE4F99E-FollowerState was interrupted: java.lang.InterruptedException: sleep interrupted
2019-11-05 08:24:16,341 [a8ae9c07-6d89-4a49-a594-cacd4b776180@group-0E159EE4F99E-LeaderElection417] INFO  impl.LeaderElection (LeaderElection.java:askForVotes(178)) - a8ae9c07-6d89-4a49-a594-cacd4b776180@group-0E159EE4F99E-LeaderElection417: begin an election at term 224 for -1: [caafcba9-090a-41f5-a5f9-cba5a6a81e94:192.168.164.217:37197, a8ae9c07-6d89-4a49-a594-cacd4b776180:192.168.164.217:42719, b3bb9051-8089-4c51-a999-81579e5913f2:192.168.164.217:36516], old=null
2019-11-05 08:24:16,342 [a8ae9c07-6d89-4a49-a594-cacd4b776180@group-0E159EE4F99E-LeaderElection417] INFO  impl.LeaderElection (LogUtils.java:infoOrTrace(149)) - a8ae9c07-6d89-4a49-a594-cacd4b776180@group-0E159EE4F99E-LeaderElection417 got exception when requesting votes: {}
java.util.concurrent.ExecutionException: org.apache.ratis.thirdparty.io.grpc.StatusRuntimeException: UNAVAILABLE: io exception
	at java.util.concurrent.FutureTask.report(FutureTask.java:122)
	at java.util.concurrent.FutureTask.get(FutureTask.java:192)
	at org.apache.ratis.server.impl.LeaderElection.waitForResults(LeaderElection.java:259)
	at org.apache.ratis.server.impl.LeaderElection.askForVotes(LeaderElection.java:197)
	at org.apache.ratis.server.impl.LeaderElection.run(LeaderElection.java:133)
	at java.lang.Thread.run(Thread.java:748)
Caused by: org.apache.ratis.thirdparty.io.grpc.StatusRuntimeException: UNAVAILABLE: io exception
	at org.apache.ratis.thirdparty.io.grpc.stub.ClientCalls.toStatusRuntimeException(ClientCalls.java:233)
	at org.apache.ratis.thirdparty.io.grpc.stub.ClientCalls.getUnchecked(ClientCalls.java:214)
	at org.apache.ratis.thirdparty.io.grpc.stub.ClientCalls.blockingUnaryCall(ClientCalls.java:139)
	at org.apache.ratis.proto.grpc.RaftServerProtocolServiceGrpc$RaftServerProtocolServiceBlockingStub.requestVote(RaftServerProtocolServiceGrpc.java:265)
	at org.apache.ratis.grpc.server.GrpcServerProtocolClient.requestVote(GrpcServerProtocolClient.java:99)
	at org.apache.ratis.grpc.server.GrpcService.requestVote(GrpcService.java:204)
	at org.apache.ratis.server.impl.LeaderElection.lambda$submitRequests$1(LeaderElection.java:234)
	at java.util.concurrent.FutureTask.run(FutureTask.java:266)
	at java.util.concurrent.Executors$RunnableAdapter.call(Executors.java:511)
	at java.util.concurrent.FutureTask.run(FutureTask.java:266)
	at java.util.concurrent.ThreadPoolExecutor.runWorker(ThreadPoolExecutor.java:1149)
	at java.util.concurrent.ThreadPoolExecutor$Worker.run(ThreadPoolExecutor.java:624)
	... 1 more
Caused by: org.apache.ratis.thirdparty.io.netty.channel.AbstractChannel$AnnotatedConnectException: Connection refused: /192.168.164.217:37197
	at sun.nio.ch.SocketChannelImpl.checkConnect(Native Method)
	at sun.nio.ch.SocketChannelImpl.finishConnect(SocketChannelImpl.java:717)
	at org.apache.ratis.thirdparty.io.netty.channel.socket.nio.NioSocketChannel.doFinishConnect(NioSocketChannel.java:327)
	at org.apache.ratis.thirdparty.io.netty.channel.nio.AbstractNioChannel$AbstractNioUnsafe.finishConnect(AbstractNioChannel.java:340)
	at org.apache.ratis.thirdparty.io.netty.channel.nio.NioEventLoop.processSelectedKey(NioEventLoop.java:632)
	at org.apache.ratis.thirdparty.io.netty.channel.nio.NioEventLoop.processSelectedKeysOptimized(NioEventLoop.java:579)
	at org.apache.ratis.thirdparty.io.netty.channel.nio.NioEventLoop.processSelectedKeys(NioEventLoop.java:496)
	at org.apache.ratis.thirdparty.io.netty.channel.nio.NioEventLoop.run(NioEventLoop.java:458)
	at org.apache.ratis.thirdparty.io.netty.util.concurrent.SingleThreadEventExecutor$5.run(SingleThreadEventExecutor.java:897)
	at org.apache.ratis.thirdparty.io.netty.util.concurrent.FastThreadLocalRunnable.run(FastThreadLocalRunnable.java:30)
	... 1 more
Caused by: java.net.ConnectException: Connection refused
	... 11 more
2019-11-05 08:24:16,344 [grpc-default-executor-0] INFO  impl.RaftServerImpl (RaftServerImpl.java:setRole(184)) - b3bb9051-8089-4c51-a999-81579e5913f2@group-0E159EE4F99E: changes role from  FOLLOWER to FOLLOWER at term 224 for recognizeCandidate:a8ae9c07-6d89-4a49-a594-cacd4b776180
2019-11-05 08:24:16,344 [grpc-default-executor-0] INFO  impl.RoleInfo (RoleInfo.java:shutdownFollowerState(121)) - b3bb9051-8089-4c51-a999-81579e5913f2: shutdown FollowerState
2019-11-05 08:24:16,344 [grpc-default-executor-0] INFO  impl.RoleInfo (RoleInfo.java:updateAndGet(143)) - b3bb9051-8089-4c51-a999-81579e5913f2: start FollowerState
2019-11-05 08:24:16,344 [Thread-3155] INFO  impl.FollowerState (FollowerState.java:run(117)) - b3bb9051-8089-4c51-a999-81579e5913f2@group-0E159EE4F99E-FollowerState was interrupted: java.lang.InterruptedException: sleep interrupted
2019-11-05 08:24:16,357 [a8ae9c07-6d89-4a49-a594-cacd4b776180@group-0E159EE4F99E-LeaderElection417] INFO  impl.LeaderElection (LeaderElection.java:logAndReturn(56)) - a8ae9c07-6d89-4a49-a594-cacd4b776180@group-0E159EE4F99E-LeaderElection417: Election REJECTED; received 1 response(s) [a8ae9c07-6d89-4a49-a594-cacd4b776180<-b3bb9051-8089-4c51-a999-81579e5913f2#0:FAIL-t224] and 1 exception(s); a8ae9c07-6d89-4a49-a594-cacd4b776180@group-0E159EE4F99E:t224, leader=null, voted=a8ae9c07-6d89-4a49-a594-cacd4b776180, raftlog=a8ae9c07-6d89-4a49-a594-cacd4b776180@group-0E159EE4F99E-SegmentedRaftLog:OPENED:c-1,f-1,i0, conf=-1: [caafcba9-090a-41f5-a5f9-cba5a6a81e94:192.168.164.217:37197, a8ae9c07-6d89-4a49-a594-cacd4b776180:192.168.164.217:42719, b3bb9051-8089-4c51-a999-81579e5913f2:192.168.164.217:36516], old=null
2019-11-05 08:24:16,357 [a8ae9c07-6d89-4a49-a594-cacd4b776180@group-0E159EE4F99E-LeaderElection417] INFO  impl.LeaderElection (LogUtils.java:infoOrTrace(149)) -   Exception 0: {}
java.util.concurrent.ExecutionException: org.apache.ratis.thirdparty.io.grpc.StatusRuntimeException: UNAVAILABLE: io exception
	at java.util.concurrent.FutureTask.report(FutureTask.java:122)
	at java.util.concurrent.FutureTask.get(FutureTask.java:192)
	at org.apache.ratis.server.impl.LeaderElection.waitForResults(LeaderElection.java:259)
	at org.apache.ratis.server.impl.LeaderElection.askForVotes(LeaderElection.java:197)
	at org.apache.ratis.server.impl.LeaderElection.run(LeaderElection.java:133)
	at java.lang.Thread.run(Thread.java:748)
Caused by: org.apache.ratis.thirdparty.io.grpc.StatusRuntimeException: UNAVAILABLE: io exception
	at org.apache.ratis.thirdparty.io.grpc.stub.ClientCalls.toStatusRuntimeException(ClientCalls.java:233)
	at org.apache.ratis.thirdparty.io.grpc.stub.ClientCalls.getUnchecked(ClientCalls.java:214)
	at org.apache.ratis.thirdparty.io.grpc.stub.ClientCalls.blockingUnaryCall(ClientCalls.java:139)
	at org.apache.ratis.proto.grpc.RaftServerProtocolServiceGrpc$RaftServerProtocolServiceBlockingStub.requestVote(RaftServerProtocolServiceGrpc.java:265)
	at org.apache.ratis.grpc.server.GrpcServerProtocolClient.requestVote(GrpcServerProtocolClient.java:99)
	at org.apache.ratis.grpc.server.GrpcService.requestVote(GrpcService.java:204)
	at org.apache.ratis.server.impl.LeaderElection.lambda$submitRequests$1(LeaderElection.java:234)
	at java.util.concurrent.FutureTask.run(FutureTask.java:266)
	at java.util.concurrent.Executors$RunnableAdapter.call(Executors.java:511)
	at java.util.concurrent.FutureTask.run(FutureTask.java:266)
	at java.util.concurrent.ThreadPoolExecutor.runWorker(ThreadPoolExecutor.java:1149)
	at java.util.concurrent.ThreadPoolExecutor$Worker.run(ThreadPoolExecutor.java:624)
	... 1 more
Caused by: org.apache.ratis.thirdparty.io.netty.channel.AbstractChannel$AnnotatedConnectException: Connection refused: /192.168.164.217:37197
	at sun.nio.ch.SocketChannelImpl.checkConnect(Native Method)
	at sun.nio.ch.SocketChannelImpl.finishConnect(SocketChannelImpl.java:717)
	at org.apache.ratis.thirdparty.io.netty.channel.socket.nio.NioSocketChannel.doFinishConnect(NioSocketChannel.java:327)
	at org.apache.ratis.thirdparty.io.netty.channel.nio.AbstractNioChannel$AbstractNioUnsafe.finishConnect(AbstractNioChannel.java:340)
	at org.apache.ratis.thirdparty.io.netty.channel.nio.NioEventLoop.processSelectedKey(NioEventLoop.java:632)
	at org.apache.ratis.thirdparty.io.netty.channel.nio.NioEventLoop.processSelectedKeysOptimized(NioEventLoop.java:579)
	at org.apache.ratis.thirdparty.io.netty.channel.nio.NioEventLoop.processSelectedKeys(NioEventLoop.java:496)
	at org.apache.ratis.thirdparty.io.netty.channel.nio.NioEventLoop.run(NioEventLoop.java:458)
	at org.apache.ratis.thirdparty.io.netty.util.concurrent.SingleThreadEventExecutor$5.run(SingleThreadEventExecutor.java:897)
	at org.apache.ratis.thirdparty.io.netty.util.concurrent.FastThreadLocalRunnable.run(FastThreadLocalRunnable.java:30)
	... 1 more
Caused by: java.net.ConnectException: Connection refused
	... 11 more
2019-11-05 08:24:16,358 [a8ae9c07-6d89-4a49-a594-cacd4b776180@group-0E159EE4F99E-LeaderElection417] INFO  impl.RaftServerImpl (RaftServerImpl.java:setRole(184)) - a8ae9c07-6d89-4a49-a594-cacd4b776180@group-0E159EE4F99E: changes role from CANDIDATE to FOLLOWER at term 224 for DISCOVERED_A_NEW_TERM
2019-11-05 08:24:16,358 [a8ae9c07-6d89-4a49-a594-cacd4b776180@group-0E159EE4F99E-LeaderElection417] INFO  impl.RoleInfo (RoleInfo.java:shutdownLeaderElection(134)) - a8ae9c07-6d89-4a49-a594-cacd4b776180: shutdown LeaderElection
2019-11-05 08:24:16,358 [a8ae9c07-6d89-4a49-a594-cacd4b776180@group-0E159EE4F99E-LeaderElection417] INFO  impl.RoleInfo (RoleInfo.java:updateAndGet(143)) - a8ae9c07-6d89-4a49-a594-cacd4b776180: start FollowerState
2019-11-05 08:24:16,398 [Thread-3159] INFO  impl.FollowerState (FollowerState.java:run(108)) - a8ae9c07-6d89-4a49-a594-cacd4b776180@group-0E159EE4F99E-FollowerState: change to CANDIDATE, lastRpcTime:40ms, electionTimeout:40ms
2019-11-05 08:24:16,398 [Thread-3159] INFO  impl.RoleInfo (RoleInfo.java:shutdownFollowerState(121)) - a8ae9c07-6d89-4a49-a594-cacd4b776180: shutdown FollowerState
2019-11-05 08:24:16,399 [Thread-3159] INFO  impl.RaftServerImpl (RaftServerImpl.java:setRole(184)) - a8ae9c07-6d89-4a49-a594-cacd4b776180@group-0E159EE4F99E: changes role from  FOLLOWER to CANDIDATE at term 224 for changeToCandidate
2019-11-05 08:24:16,399 [Thread-3159] INFO  impl.RoleInfo (RoleInfo.java:updateAndGet(143)) - a8ae9c07-6d89-4a49-a594-cacd4b776180: start LeaderElection
2019-11-05 08:24:16,401 [Thread-3151] INFO  impl.FollowerState (FollowerState.java:run(108)) - 4a682f4f-c3f2-4b77-88b7-f0ab78890feb@group-0DB8C7688BF9-FollowerState: change to CANDIDATE, lastRpcTime:99ms, electionTimeout:99ms
2019-11-05 08:24:16,401 [Thread-3151] INFO  impl.RoleInfo (RoleInfo.java:shutdownFollowerState(121)) - 4a682f4f-c3f2-4b77-88b7-f0ab78890feb: shutdown FollowerState
2019-11-05 08:24:16,401 [Thread-3151] INFO  impl.RaftServerImpl (RaftServerImpl.java:setRole(184)) - 4a682f4f-c3f2-4b77-88b7-f0ab78890feb@group-0DB8C7688BF9: changes role from  FOLLOWER to CANDIDATE at term 212 for changeToCandidate
2019-11-05 08:24:16,401 [Thread-3151] INFO  impl.RoleInfo (RoleInfo.java:updateAndGet(143)) - 4a682f4f-c3f2-4b77-88b7-f0ab78890feb: start LeaderElection
2019-11-05 08:24:16,413 [a8ae9c07-6d89-4a49-a594-cacd4b776180@group-0E159EE4F99E-LeaderElection418] INFO  impl.LeaderElection (LeaderElection.java:askForVotes(178)) - a8ae9c07-6d89-4a49-a594-cacd4b776180@group-0E159EE4F99E-LeaderElection418: begin an election at term 225 for -1: [caafcba9-090a-41f5-a5f9-cba5a6a81e94:192.168.164.217:37197, a8ae9c07-6d89-4a49-a594-cacd4b776180:192.168.164.217:42719, b3bb9051-8089-4c51-a999-81579e5913f2:192.168.164.217:36516], old=null
2019-11-05 08:24:16,413 [4a682f4f-c3f2-4b77-88b7-f0ab78890feb@group-0DB8C7688BF9-LeaderElection419] INFO  impl.LeaderElection (LeaderElection.java:askForVotes(178)) - 4a682f4f-c3f2-4b77-88b7-f0ab78890feb@group-0DB8C7688BF9-LeaderElection419: begin an election at term 213 for -1: [77ab65e6-d942-49df-83a3-1d4c0bf152b3:192.168.164.217:39381, 7e1b84a9-a041-44fd-8008-f2679426984c:192.168.164.217:44149, 4a682f4f-c3f2-4b77-88b7-f0ab78890feb:192.168.164.217:34174], old=null
2019-11-05 08:24:16,414 [a8ae9c07-6d89-4a49-a594-cacd4b776180@group-0E159EE4F99E-LeaderElection418] INFO  impl.LeaderElection (LogUtils.java:infoOrTrace(149)) - a8ae9c07-6d89-4a49-a594-cacd4b776180@group-0E159EE4F99E-LeaderElection418 got exception when requesting votes: {}
java.util.concurrent.ExecutionException: org.apache.ratis.thirdparty.io.grpc.StatusRuntimeException: UNAVAILABLE: io exception
	at java.util.concurrent.FutureTask.report(FutureTask.java:122)
	at java.util.concurrent.FutureTask.get(FutureTask.java:192)
	at org.apache.ratis.server.impl.LeaderElection.waitForResults(LeaderElection.java:259)
	at org.apache.ratis.server.impl.LeaderElection.askForVotes(LeaderElection.java:197)
	at org.apache.ratis.server.impl.LeaderElection.run(LeaderElection.java:133)
	at java.lang.Thread.run(Thread.java:748)
Caused by: org.apache.ratis.thirdparty.io.grpc.StatusRuntimeException: UNAVAILABLE: io exception
	at org.apache.ratis.thirdparty.io.grpc.stub.ClientCalls.toStatusRuntimeException(ClientCalls.java:233)
	at org.apache.ratis.thirdparty.io.grpc.stub.ClientCalls.getUnchecked(ClientCalls.java:214)
	at org.apache.ratis.thirdparty.io.grpc.stub.ClientCalls.blockingUnaryCall(ClientCalls.java:139)
	at org.apache.ratis.proto.grpc.RaftServerProtocolServiceGrpc$RaftServerProtocolServiceBlockingStub.requestVote(RaftServerProtocolServiceGrpc.java:265)
	at org.apache.ratis.grpc.server.GrpcServerProtocolClient.requestVote(GrpcServerProtocolClient.java:99)
	at org.apache.ratis.grpc.server.GrpcService.requestVote(GrpcService.java:204)
	at org.apache.ratis.server.impl.LeaderElection.lambda$submitRequests$1(LeaderElection.java:234)
	at java.util.concurrent.FutureTask.run(FutureTask.java:266)
	at java.util.concurrent.Executors$RunnableAdapter.call(Executors.java:511)
	at java.util.concurrent.FutureTask.run(FutureTask.java:266)
	at java.util.concurrent.ThreadPoolExecutor.runWorker(ThreadPoolExecutor.java:1149)
	at java.util.concurrent.ThreadPoolExecutor$Worker.run(ThreadPoolExecutor.java:624)
	... 1 more
Caused by: org.apache.ratis.thirdparty.io.netty.channel.AbstractChannel$AnnotatedConnectException: Connection refused: /192.168.164.217:37197
	at sun.nio.ch.SocketChannelImpl.checkConnect(Native Method)
	at sun.nio.ch.SocketChannelImpl.finishConnect(SocketChannelImpl.java:717)
	at org.apache.ratis.thirdparty.io.netty.channel.socket.nio.NioSocketChannel.doFinishConnect(NioSocketChannel.java:327)
	at org.apache.ratis.thirdparty.io.netty.channel.nio.AbstractNioChannel$AbstractNioUnsafe.finishConnect(AbstractNioChannel.java:340)
	at org.apache.ratis.thirdparty.io.netty.channel.nio.NioEventLoop.processSelectedKey(NioEventLoop.java:632)
	at org.apache.ratis.thirdparty.io.netty.channel.nio.NioEventLoop.processSelectedKeysOptimized(NioEventLoop.java:579)
	at org.apache.ratis.thirdparty.io.netty.channel.nio.NioEventLoop.processSelectedKeys(NioEventLoop.java:496)
	at org.apache.ratis.thirdparty.io.netty.channel.nio.NioEventLoop.run(NioEventLoop.java:458)
	at org.apache.ratis.thirdparty.io.netty.util.concurrent.SingleThreadEventExecutor$5.run(SingleThreadEventExecutor.java:897)
	at org.apache.ratis.thirdparty.io.netty.util.concurrent.FastThreadLocalRunnable.run(FastThreadLocalRunnable.java:30)
	... 1 more
Caused by: java.net.ConnectException: Connection refused
	... 11 more
2019-11-05 08:24:16,416 [grpc-default-executor-0] INFO  impl.RaftServerImpl (RaftServerImpl.java:setRole(184)) - 77ab65e6-d942-49df-83a3-1d4c0bf152b3@group-0DB8C7688BF9: changes role from  FOLLOWER to FOLLOWER at term 213 for recognizeCandidate:4a682f4f-c3f2-4b77-88b7-f0ab78890feb
2019-11-05 08:24:16,416 [grpc-default-executor-0] INFO  impl.RoleInfo (RoleInfo.java:shutdownFollowerState(121)) - 77ab65e6-d942-49df-83a3-1d4c0bf152b3: shutdown FollowerState
2019-11-05 08:24:16,416 [grpc-default-executor-3] INFO  impl.RaftServerImpl (RaftServerImpl.java:setRole(184)) - b3bb9051-8089-4c51-a999-81579e5913f2@group-0E159EE4F99E: changes role from  FOLLOWER to FOLLOWER at term 225 for recognizeCandidate:a8ae9c07-6d89-4a49-a594-cacd4b776180
2019-11-05 08:24:16,417 [grpc-default-executor-3] INFO  impl.RoleInfo (RoleInfo.java:shutdownFollowerState(121)) - b3bb9051-8089-4c51-a999-81579e5913f2: shutdown FollowerState
2019-11-05 08:24:16,417 [Thread-3146] INFO  impl.FollowerState (FollowerState.java:run(117)) - 77ab65e6-d942-49df-83a3-1d4c0bf152b3@group-0DB8C7688BF9-FollowerState was interrupted: java.lang.InterruptedException: sleep interrupted
2019-11-05 08:24:16,417 [Thread-3158] INFO  impl.FollowerState (FollowerState.java:run(117)) - b3bb9051-8089-4c51-a999-81579e5913f2@group-0E159EE4F99E-FollowerState was interrupted: java.lang.InterruptedException: sleep interrupted
2019-11-05 08:24:16,417 [grpc-default-executor-0] INFO  impl.RoleInfo (RoleInfo.java:updateAndGet(143)) - 77ab65e6-d942-49df-83a3-1d4c0bf152b3: start FollowerState
2019-11-05 08:24:16,417 [grpc-default-executor-4] INFO  impl.RaftServerImpl (RaftServerImpl.java:setRole(184)) - 7e1b84a9-a041-44fd-8008-f2679426984c@group-0DB8C7688BF9: changes role from  FOLLOWER to FOLLOWER at term 213 for recognizeCandidate:4a682f4f-c3f2-4b77-88b7-f0ab78890feb
2019-11-05 08:24:16,417 [grpc-default-executor-3] INFO  impl.RoleInfo (RoleInfo.java:updateAndGet(143)) - b3bb9051-8089-4c51-a999-81579e5913f2: start FollowerState
2019-11-05 08:24:16,417 [grpc-default-executor-4] INFO  impl.RoleInfo (RoleInfo.java:shutdownFollowerState(121)) - 7e1b84a9-a041-44fd-8008-f2679426984c: shutdown FollowerState
2019-11-05 08:24:16,418 [grpc-default-executor-4] INFO  impl.RoleInfo (RoleInfo.java:updateAndGet(143)) - 7e1b84a9-a041-44fd-8008-f2679426984c: start FollowerState
2019-11-05 08:24:16,418 [Thread-3147] INFO  impl.FollowerState (FollowerState.java:run(117)) - 7e1b84a9-a041-44fd-8008-f2679426984c@group-0DB8C7688BF9-FollowerState was interrupted: java.lang.InterruptedException: sleep interrupted
2019-11-05 08:24:16,427 [4a682f4f-c3f2-4b77-88b7-f0ab78890feb@group-0DB8C7688BF9-LeaderElection419] INFO  impl.LeaderElection (LeaderElection.java:logAndReturn(56)) - 4a682f4f-c3f2-4b77-88b7-f0ab78890feb@group-0DB8C7688BF9-LeaderElection419: Election TIMEOUT; received 0 response(s) [] and 0 exception(s); 4a682f4f-c3f2-4b77-88b7-f0ab78890feb@group-0DB8C7688BF9:t213, leader=null, voted=4a682f4f-c3f2-4b77-88b7-f0ab78890feb, raftlog=4a682f4f-c3f2-4b77-88b7-f0ab78890feb@group-0DB8C7688BF9-SegmentedRaftLog:OPENED:c-1,f-1,i0, conf=-1: [77ab65e6-d942-49df-83a3-1d4c0bf152b3:192.168.164.217:39381, 7e1b84a9-a041-44fd-8008-f2679426984c:192.168.164.217:44149, 4a682f4f-c3f2-4b77-88b7-f0ab78890feb:192.168.164.217:34174], old=null
2019-11-05 08:24:16,451 [4a682f4f-c3f2-4b77-88b7-f0ab78890feb@group-0DB8C7688BF9-LeaderElection419] INFO  impl.LeaderElection (LeaderElection.java:askForVotes(178)) - 4a682f4f-c3f2-4b77-88b7-f0ab78890feb@group-0DB8C7688BF9-LeaderElection419: begin an election at term 214 for -1: [77ab65e6-d942-49df-83a3-1d4c0bf152b3:192.168.164.217:39381, 7e1b84a9-a041-44fd-8008-f2679426984c:192.168.164.217:44149, 4a682f4f-c3f2-4b77-88b7-f0ab78890feb:192.168.164.217:34174], old=null
2019-11-05 08:24:16,452 [a8ae9c07-6d89-4a49-a594-cacd4b776180@group-0E159EE4F99E-LeaderElection418] INFO  impl.LeaderElection (LeaderElection.java:logAndReturn(56)) - a8ae9c07-6d89-4a49-a594-cacd4b776180@group-0E159EE4F99E-LeaderElection418: Election REJECTED; received 1 response(s) [a8ae9c07-6d89-4a49-a594-cacd4b776180<-b3bb9051-8089-4c51-a999-81579e5913f2#0:FAIL-t225] and 1 exception(s); a8ae9c07-6d89-4a49-a594-cacd4b776180@group-0E159EE4F99E:t225, leader=null, voted=a8ae9c07-6d89-4a49-a594-cacd4b776180, raftlog=a8ae9c07-6d89-4a49-a594-cacd4b776180@group-0E159EE4F99E-SegmentedRaftLog:OPENED:c-1,f-1,i0, conf=-1: [caafcba9-090a-41f5-a5f9-cba5a6a81e94:192.168.164.217:37197, a8ae9c07-6d89-4a49-a594-cacd4b776180:192.168.164.217:42719, b3bb9051-8089-4c51-a999-81579e5913f2:192.168.164.217:36516], old=null
2019-11-05 08:24:16,452 [a8ae9c07-6d89-4a49-a594-cacd4b776180@group-0E159EE4F99E-LeaderElection418] INFO  impl.LeaderElection (LogUtils.java:infoOrTrace(149)) -   Exception 0: {}
java.util.concurrent.ExecutionException: org.apache.ratis.thirdparty.io.grpc.StatusRuntimeException: UNAVAILABLE: io exception
	at java.util.concurrent.FutureTask.report(FutureTask.java:122)
	at java.util.concurrent.FutureTask.get(FutureTask.java:192)
	at org.apache.ratis.server.impl.LeaderElection.waitForResults(LeaderElection.java:259)
	at org.apache.ratis.server.impl.LeaderElection.askForVotes(LeaderElection.java:197)
	at org.apache.ratis.server.impl.LeaderElection.run(LeaderElection.java:133)
	at java.lang.Thread.run(Thread.java:748)
Caused by: org.apache.ratis.thirdparty.io.grpc.StatusRuntimeException: UNAVAILABLE: io exception
	at org.apache.ratis.thirdparty.io.grpc.stub.ClientCalls.toStatusRuntimeException(ClientCalls.java:233)
	at org.apache.ratis.thirdparty.io.grpc.stub.ClientCalls.getUnchecked(ClientCalls.java:214)
	at org.apache.ratis.thirdparty.io.grpc.stub.ClientCalls.blockingUnaryCall(ClientCalls.java:139)
	at org.apache.ratis.proto.grpc.RaftServerProtocolServiceGrpc$RaftServerProtocolServiceBlockingStub.requestVote(RaftServerProtocolServiceGrpc.java:265)
	at org.apache.ratis.grpc.server.GrpcServerProtocolClient.requestVote(GrpcServerProtocolClient.java:99)
	at org.apache.ratis.grpc.server.GrpcService.requestVote(GrpcService.java:204)
	at org.apache.ratis.server.impl.LeaderElection.lambda$submitRequests$1(LeaderElection.java:234)
	at java.util.concurrent.FutureTask.run(FutureTask.java:266)
	at java.util.concurrent.Executors$RunnableAdapter.call(Executors.java:511)
	at java.util.concurrent.FutureTask.run(FutureTask.java:266)
	at java.util.concurrent.ThreadPoolExecutor.runWorker(ThreadPoolExecutor.java:1149)
	at java.util.concurrent.ThreadPoolExecutor$Worker.run(ThreadPoolExecutor.java:624)
	... 1 more
Caused by: org.apache.ratis.thirdparty.io.netty.channel.AbstractChannel$AnnotatedConnectException: Connection refused: /192.168.164.217:37197
	at sun.nio.ch.SocketChannelImpl.checkConnect(Native Method)
	at sun.nio.ch.SocketChannelImpl.finishConnect(SocketChannelImpl.java:717)
	at org.apache.ratis.thirdparty.io.netty.channel.socket.nio.NioSocketChannel.doFinishConnect(NioSocketChannel.java:327)
	at org.apache.ratis.thirdparty.io.netty.channel.nio.AbstractNioChannel$AbstractNioUnsafe.finishConnect(AbstractNioChannel.java:340)
	at org.apache.ratis.thirdparty.io.netty.channel.nio.NioEventLoop.processSelectedKey(NioEventLoop.java:632)
	at org.apache.ratis.thirdparty.io.netty.channel.nio.NioEventLoop.processSelectedKeysOptimized(NioEventLoop.java:579)
	at org.apache.ratis.thirdparty.io.netty.channel.nio.NioEventLoop.processSelectedKeys(NioEventLoop.java:496)
	at org.apache.ratis.thirdparty.io.netty.channel.nio.NioEventLoop.run(NioEventLoop.java:458)
	at org.apache.ratis.thirdparty.io.netty.util.concurrent.SingleThreadEventExecutor$5.run(SingleThreadEventExecutor.java:897)
	at org.apache.ratis.thirdparty.io.netty.util.concurrent.FastThreadLocalRunnable.run(FastThreadLocalRunnable.java:30)
	... 1 more
Caused by: java.net.ConnectException: Connection refused
	... 11 more
2019-11-05 08:24:16,453 [grpc-default-executor-4] INFO  impl.RaftServerImpl (RaftServerImpl.java:setRole(184)) - 7e1b84a9-a041-44fd-8008-f2679426984c@group-0DB8C7688BF9: changes role from  FOLLOWER to FOLLOWER at term 214 for recognizeCandidate:4a682f4f-c3f2-4b77-88b7-f0ab78890feb
2019-11-05 08:24:16,453 [grpc-default-executor-4] INFO  impl.RoleInfo (RoleInfo.java:shutdownFollowerState(121)) - 7e1b84a9-a041-44fd-8008-f2679426984c: shutdown FollowerState
2019-11-05 08:24:16,453 [a8ae9c07-6d89-4a49-a594-cacd4b776180@group-0E159EE4F99E-LeaderElection418] INFO  impl.RaftServerImpl (RaftServerImpl.java:setRole(184)) - a8ae9c07-6d89-4a49-a594-cacd4b776180@group-0E159EE4F99E: changes role from CANDIDATE to FOLLOWER at term 225 for DISCOVERED_A_NEW_TERM
2019-11-05 08:24:16,453 [a8ae9c07-6d89-4a49-a594-cacd4b776180@group-0E159EE4F99E-LeaderElection418] INFO  impl.RoleInfo (RoleInfo.java:shutdownLeaderElection(134)) - a8ae9c07-6d89-4a49-a594-cacd4b776180: shutdown LeaderElection
2019-11-05 08:24:16,452 [grpc-default-executor-0] INFO  impl.RaftServerImpl (RaftServerImpl.java:setRole(184)) - 77ab65e6-d942-49df-83a3-1d4c0bf152b3@group-0DB8C7688BF9: changes role from  FOLLOWER to FOLLOWER at term 214 for recognizeCandidate:4a682f4f-c3f2-4b77-88b7-f0ab78890feb
2019-11-05 08:24:16,453 [a8ae9c07-6d89-4a49-a594-cacd4b776180@group-0E159EE4F99E-LeaderElection418] INFO  impl.RoleInfo (RoleInfo.java:updateAndGet(143)) - a8ae9c07-6d89-4a49-a594-cacd4b776180: start FollowerState
2019-11-05 08:24:16,453 [Thread-3168] INFO  impl.FollowerState (FollowerState.java:run(117)) - 7e1b84a9-a041-44fd-8008-f2679426984c@group-0DB8C7688BF9-FollowerState was interrupted: java.lang.InterruptedException: sleep interrupted
2019-11-05 08:24:16,453 [grpc-default-executor-4] INFO  impl.RoleInfo (RoleInfo.java:updateAndGet(143)) - 7e1b84a9-a041-44fd-8008-f2679426984c: start FollowerState
2019-11-05 08:24:16,453 [grpc-default-executor-0] INFO  impl.RoleInfo (RoleInfo.java:shutdownFollowerState(121)) - 77ab65e6-d942-49df-83a3-1d4c0bf152b3: shutdown FollowerState
2019-11-05 08:24:16,454 [grpc-default-executor-0] INFO  impl.RoleInfo (RoleInfo.java:updateAndGet(143)) - 77ab65e6-d942-49df-83a3-1d4c0bf152b3: start FollowerState
2019-11-05 08:24:16,454 [Thread-3166] INFO  impl.FollowerState (FollowerState.java:run(117)) - 77ab65e6-d942-49df-83a3-1d4c0bf152b3@group-0DB8C7688BF9-FollowerState was interrupted: java.lang.InterruptedException: sleep interrupted
2019-11-05 08:24:16,468 [4a682f4f-c3f2-4b77-88b7-f0ab78890feb@group-0DB8C7688BF9-LeaderElection419] INFO  impl.LeaderElection (LeaderElection.java:logAndReturn(56)) - 4a682f4f-c3f2-4b77-88b7-f0ab78890feb@group-0DB8C7688BF9-LeaderElection419: Election REJECTED; received 2 response(s) [4a682f4f-c3f2-4b77-88b7-f0ab78890feb<-77ab65e6-d942-49df-83a3-1d4c0bf152b3#0:FAIL-t214, 4a682f4f-c3f2-4b77-88b7-f0ab78890feb<-7e1b84a9-a041-44fd-8008-f2679426984c#0:FAIL-t214] and 0 exception(s); 4a682f4f-c3f2-4b77-88b7-f0ab78890feb@group-0DB8C7688BF9:t214, leader=null, voted=4a682f4f-c3f2-4b77-88b7-f0ab78890feb, raftlog=4a682f4f-c3f2-4b77-88b7-f0ab78890feb@group-0DB8C7688BF9-SegmentedRaftLog:OPENED:c-1,f-1,i0, conf=-1: [77ab65e6-d942-49df-83a3-1d4c0bf152b3:192.168.164.217:39381, 7e1b84a9-a041-44fd-8008-f2679426984c:192.168.164.217:44149, 4a682f4f-c3f2-4b77-88b7-f0ab78890feb:192.168.164.217:34174], old=null
2019-11-05 08:24:16,468 [4a682f4f-c3f2-4b77-88b7-f0ab78890feb@group-0DB8C7688BF9-LeaderElection419] INFO  impl.RaftServerImpl (RaftServerImpl.java:setRole(184)) - 4a682f4f-c3f2-4b77-88b7-f0ab78890feb@group-0DB8C7688BF9: changes role from CANDIDATE to FOLLOWER at term 214 for DISCOVERED_A_NEW_TERM
2019-11-05 08:24:16,468 [4a682f4f-c3f2-4b77-88b7-f0ab78890feb@group-0DB8C7688BF9-LeaderElection419] INFO  impl.RoleInfo (RoleInfo.java:shutdownLeaderElection(134)) - 4a682f4f-c3f2-4b77-88b7-f0ab78890feb: shutdown LeaderElection
2019-11-05 08:24:16,468 [4a682f4f-c3f2-4b77-88b7-f0ab78890feb@group-0DB8C7688BF9-LeaderElection419] INFO  impl.RoleInfo (RoleInfo.java:updateAndGet(143)) - 4a682f4f-c3f2-4b77-88b7-f0ab78890feb: start FollowerState
2019-11-05 08:24:16,588 [Thread-3172] INFO  impl.FollowerState (FollowerState.java:run(108)) - a8ae9c07-6d89-4a49-a594-cacd4b776180@group-0E159EE4F99E-FollowerState: change to CANDIDATE, lastRpcTime:134ms, electionTimeout:134ms
2019-11-05 08:24:16,588 [Thread-3172] INFO  impl.RoleInfo (RoleInfo.java:shutdownFollowerState(121)) - a8ae9c07-6d89-4a49-a594-cacd4b776180: shutdown FollowerState
2019-11-05 08:24:16,588 [Thread-3172] INFO  impl.RaftServerImpl (RaftServerImpl.java:setRole(184)) - a8ae9c07-6d89-4a49-a594-cacd4b776180@group-0E159EE4F99E: changes role from  FOLLOWER to CANDIDATE at term 225 for changeToCandidate
2019-11-05 08:24:16,588 [Thread-3172] INFO  impl.RoleInfo (RoleInfo.java:updateAndGet(143)) - a8ae9c07-6d89-4a49-a594-cacd4b776180: start LeaderElection
2019-11-05 08:24:16,602 [a8ae9c07-6d89-4a49-a594-cacd4b776180@group-0E159EE4F99E-LeaderElection420] INFO  impl.LeaderElection (LeaderElection.java:askForVotes(178)) - a8ae9c07-6d89-4a49-a594-cacd4b776180@group-0E159EE4F99E-LeaderElection420: begin an election at term 226 for -1: [caafcba9-090a-41f5-a5f9-cba5a6a81e94:192.168.164.217:37197, a8ae9c07-6d89-4a49-a594-cacd4b776180:192.168.164.217:42719, b3bb9051-8089-4c51-a999-81579e5913f2:192.168.164.217:36516], old=null
2019-11-05 08:24:16,603 [a8ae9c07-6d89-4a49-a594-cacd4b776180@group-0E159EE4F99E-LeaderElection420] INFO  impl.LeaderElection (LogUtils.java:infoOrTrace(149)) - a8ae9c07-6d89-4a49-a594-cacd4b776180@group-0E159EE4F99E-LeaderElection420 got exception when requesting votes: {}
java.util.concurrent.ExecutionException: org.apache.ratis.thirdparty.io.grpc.StatusRuntimeException: UNAVAILABLE: io exception
	at java.util.concurrent.FutureTask.report(FutureTask.java:122)
	at java.util.concurrent.FutureTask.get(FutureTask.java:192)
	at org.apache.ratis.server.impl.LeaderElection.waitForResults(LeaderElection.java:259)
	at org.apache.ratis.server.impl.LeaderElection.askForVotes(LeaderElection.java:197)
	at org.apache.ratis.server.impl.LeaderElection.run(LeaderElection.java:133)
	at java.lang.Thread.run(Thread.java:748)
Caused by: org.apache.ratis.thirdparty.io.grpc.StatusRuntimeException: UNAVAILABLE: io exception
	at org.apache.ratis.thirdparty.io.grpc.stub.ClientCalls.toStatusRuntimeException(ClientCalls.java:233)
	at org.apache.ratis.thirdparty.io.grpc.stub.ClientCalls.getUnchecked(ClientCalls.java:214)
	at org.apache.ratis.thirdparty.io.grpc.stub.ClientCalls.blockingUnaryCall(ClientCalls.java:139)
	at org.apache.ratis.proto.grpc.RaftServerProtocolServiceGrpc$RaftServerProtocolServiceBlockingStub.requestVote(RaftServerProtocolServiceGrpc.java:265)
	at org.apache.ratis.grpc.server.GrpcServerProtocolClient.requestVote(GrpcServerProtocolClient.java:99)
	at org.apache.ratis.grpc.server.GrpcService.requestVote(GrpcService.java:204)
	at org.apache.ratis.server.impl.LeaderElection.lambda$submitRequests$1(LeaderElection.java:234)
	at java.util.concurrent.FutureTask.run(FutureTask.java:266)
	at java.util.concurrent.Executors$RunnableAdapter.call(Executors.java:511)
	at java.util.concurrent.FutureTask.run(FutureTask.java:266)
	at java.util.concurrent.ThreadPoolExecutor.runWorker(ThreadPoolExecutor.java:1149)
	at java.util.concurrent.ThreadPoolExecutor$Worker.run(ThreadPoolExecutor.java:624)
	... 1 more
Caused by: org.apache.ratis.thirdparty.io.netty.channel.AbstractChannel$AnnotatedConnectException: Connection refused: /192.168.164.217:37197
	at sun.nio.ch.SocketChannelImpl.checkConnect(Native Method)
	at sun.nio.ch.SocketChannelImpl.finishConnect(SocketChannelImpl.java:717)
	at org.apache.ratis.thirdparty.io.netty.channel.socket.nio.NioSocketChannel.doFinishConnect(NioSocketChannel.java:327)
	at org.apache.ratis.thirdparty.io.netty.channel.nio.AbstractNioChannel$AbstractNioUnsafe.finishConnect(AbstractNioChannel.java:340)
	at org.apache.ratis.thirdparty.io.netty.channel.nio.NioEventLoop.processSelectedKey(NioEventLoop.java:632)
	at org.apache.ratis.thirdparty.io.netty.channel.nio.NioEventLoop.processSelectedKeysOptimized(NioEventLoop.java:579)
	at org.apache.ratis.thirdparty.io.netty.channel.nio.NioEventLoop.processSelectedKeys(NioEventLoop.java:496)
	at org.apache.ratis.thirdparty.io.netty.channel.nio.NioEventLoop.run(NioEventLoop.java:458)
	at org.apache.ratis.thirdparty.io.netty.util.concurrent.SingleThreadEventExecutor$5.run(SingleThreadEventExecutor.java:897)
	at org.apache.ratis.thirdparty.io.netty.util.concurrent.FastThreadLocalRunnable.run(FastThreadLocalRunnable.java:30)
	... 1 more
Caused by: java.net.ConnectException: Connection refused
	... 11 more
2019-11-05 08:24:16,608 [grpc-default-executor-0] INFO  impl.RaftServerImpl (RaftServerImpl.java:setRole(184)) - b3bb9051-8089-4c51-a999-81579e5913f2@group-0E159EE4F99E: changes role from  FOLLOWER to FOLLOWER at term 226 for recognizeCandidate:a8ae9c07-6d89-4a49-a594-cacd4b776180
2019-11-05 08:24:16,608 [grpc-default-executor-0] INFO  impl.RoleInfo (RoleInfo.java:shutdownFollowerState(121)) - b3bb9051-8089-4c51-a999-81579e5913f2: shutdown FollowerState
2019-11-05 08:24:16,608 [grpc-default-executor-0] INFO  impl.RoleInfo (RoleInfo.java:updateAndGet(143)) - b3bb9051-8089-4c51-a999-81579e5913f2: start FollowerState
2019-11-05 08:24:16,608 [Thread-3167] INFO  impl.FollowerState (FollowerState.java:run(117)) - b3bb9051-8089-4c51-a999-81579e5913f2@group-0E159EE4F99E-FollowerState was interrupted: java.lang.InterruptedException: sleep interrupted
2019-11-05 08:24:16,611 [Thread-3174] INFO  impl.FollowerState (FollowerState.java:run(108)) - 4a682f4f-c3f2-4b77-88b7-f0ab78890feb@group-0DB8C7688BF9-FollowerState: change to CANDIDATE, lastRpcTime:143ms, electionTimeout:143ms
2019-11-05 08:24:16,612 [Thread-3174] INFO  impl.RoleInfo (RoleInfo.java:shutdownFollowerState(121)) - 4a682f4f-c3f2-4b77-88b7-f0ab78890feb: shutdown FollowerState
2019-11-05 08:24:16,612 [Thread-3174] INFO  impl.RaftServerImpl (RaftServerImpl.java:setRole(184)) - 4a682f4f-c3f2-4b77-88b7-f0ab78890feb@group-0DB8C7688BF9: changes role from  FOLLOWER to CANDIDATE at term 214 for changeToCandidate
2019-11-05 08:24:16,612 [Thread-3174] INFO  impl.RoleInfo (RoleInfo.java:updateAndGet(143)) - 4a682f4f-c3f2-4b77-88b7-f0ab78890feb: start LeaderElection
2019-11-05 08:24:16,622 [4a682f4f-c3f2-4b77-88b7-f0ab78890feb@group-0DB8C7688BF9-LeaderElection421] INFO  impl.LeaderElection (LeaderElection.java:askForVotes(178)) - 4a682f4f-c3f2-4b77-88b7-f0ab78890feb@group-0DB8C7688BF9-LeaderElection421: begin an election at term 215 for -1: [77ab65e6-d942-49df-83a3-1d4c0bf152b3:192.168.164.217:39381, 7e1b84a9-a041-44fd-8008-f2679426984c:192.168.164.217:44149, 4a682f4f-c3f2-4b77-88b7-f0ab78890feb:192.168.164.217:34174], old=null
2019-11-05 08:24:16,622 [a8ae9c07-6d89-4a49-a594-cacd4b776180@group-0E159EE4F99E-LeaderElection420] INFO  impl.LeaderElection (LeaderElection.java:logAndReturn(56)) - a8ae9c07-6d89-4a49-a594-cacd4b776180@group-0E159EE4F99E-LeaderElection420: Election REJECTED; received 1 response(s) [a8ae9c07-6d89-4a49-a594-cacd4b776180<-b3bb9051-8089-4c51-a999-81579e5913f2#0:FAIL-t226] and 1 exception(s); a8ae9c07-6d89-4a49-a594-cacd4b776180@group-0E159EE4F99E:t226, leader=null, voted=a8ae9c07-6d89-4a49-a594-cacd4b776180, raftlog=a8ae9c07-6d89-4a49-a594-cacd4b776180@group-0E159EE4F99E-SegmentedRaftLog:OPENED:c-1,f-1,i0, conf=-1: [caafcba9-090a-41f5-a5f9-cba5a6a81e94:192.168.164.217:37197, a8ae9c07-6d89-4a49-a594-cacd4b776180:192.168.164.217:42719, b3bb9051-8089-4c51-a999-81579e5913f2:192.168.164.217:36516], old=null
2019-11-05 08:24:16,623 [a8ae9c07-6d89-4a49-a594-cacd4b776180@group-0E159EE4F99E-LeaderElection420] INFO  impl.LeaderElection (LogUtils.java:infoOrTrace(149)) -   Exception 0: {}
java.util.concurrent.ExecutionException: org.apache.ratis.thirdparty.io.grpc.StatusRuntimeException: UNAVAILABLE: io exception
	at java.util.concurrent.FutureTask.report(FutureTask.java:122)
	at java.util.concurrent.FutureTask.get(FutureTask.java:192)
	at org.apache.ratis.server.impl.LeaderElection.waitForResults(LeaderElection.java:259)
	at org.apache.ratis.server.impl.LeaderElection.askForVotes(LeaderElection.java:197)
	at org.apache.ratis.server.impl.LeaderElection.run(LeaderElection.java:133)
	at java.lang.Thread.run(Thread.java:748)
Caused by: org.apache.ratis.thirdparty.io.grpc.StatusRuntimeException: UNAVAILABLE: io exception
	at org.apache.ratis.thirdparty.io.grpc.stub.ClientCalls.toStatusRuntimeException(ClientCalls.java:233)
	at org.apache.ratis.thirdparty.io.grpc.stub.ClientCalls.getUnchecked(ClientCalls.java:214)
	at org.apache.ratis.thirdparty.io.grpc.stub.ClientCalls.blockingUnaryCall(ClientCalls.java:139)
	at org.apache.ratis.proto.grpc.RaftServerProtocolServiceGrpc$RaftServerProtocolServiceBlockingStub.requestVote(RaftServerProtocolServiceGrpc.java:265)
	at org.apache.ratis.grpc.server.GrpcServerProtocolClient.requestVote(GrpcServerProtocolClient.java:99)
	at org.apache.ratis.grpc.server.GrpcService.requestVote(GrpcService.java:204)
	at org.apache.ratis.server.impl.LeaderElection.lambda$submitRequests$1(LeaderElection.java:234)
	at java.util.concurrent.FutureTask.run(FutureTask.java:266)
	at java.util.concurrent.Executors$RunnableAdapter.call(Executors.java:511)
	at java.util.concurrent.FutureTask.run(FutureTask.java:266)
	at java.util.concurrent.ThreadPoolExecutor.runWorker(ThreadPoolExecutor.java:1149)
	at java.util.concurrent.ThreadPoolExecutor$Worker.run(ThreadPoolExecutor.java:624)
	... 1 more
Caused by: org.apache.ratis.thirdparty.io.netty.channel.AbstractChannel$AnnotatedConnectException: Connection refused: /192.168.164.217:37197
	at sun.nio.ch.SocketChannelImpl.checkConnect(Native Method)
	at sun.nio.ch.SocketChannelImpl.finishConnect(SocketChannelImpl.java:717)
	at org.apache.ratis.thirdparty.io.netty.channel.socket.nio.NioSocketChannel.doFinishConnect(NioSocketChannel.java:327)
	at org.apache.ratis.thirdparty.io.netty.channel.nio.AbstractNioChannel$AbstractNioUnsafe.finishConnect(AbstractNioChannel.java:340)
	at org.apache.ratis.thirdparty.io.netty.channel.nio.NioEventLoop.processSelectedKey(NioEventLoop.java:632)
	at org.apache.ratis.thirdparty.io.netty.channel.nio.NioEventLoop.processSelectedKeysOptimized(NioEventLoop.java:579)
	at org.apache.ratis.thirdparty.io.netty.channel.nio.NioEventLoop.processSelectedKeys(NioEventLoop.java:496)
	at org.apache.ratis.thirdparty.io.netty.channel.nio.NioEventLoop.run(NioEventLoop.java:458)
	at org.apache.ratis.thirdparty.io.netty.util.concurrent.SingleThreadEventExecutor$5.run(SingleThreadEventExecutor.java:897)
	at org.apache.ratis.thirdparty.io.netty.util.concurrent.FastThreadLocalRunnable.run(FastThreadLocalRunnable.java:30)
	... 1 more
Caused by: java.net.ConnectException: Connection refused
	... 11 more
2019-11-05 08:24:16,624 [a8ae9c07-6d89-4a49-a594-cacd4b776180@group-0E159EE4F99E-LeaderElection420] INFO  impl.RaftServerImpl (RaftServerImpl.java:setRole(184)) - a8ae9c07-6d89-4a49-a594-cacd4b776180@group-0E159EE4F99E: changes role from CANDIDATE to FOLLOWER at term 226 for DISCOVERED_A_NEW_TERM
2019-11-05 08:24:16,624 [a8ae9c07-6d89-4a49-a594-cacd4b776180@group-0E159EE4F99E-LeaderElection420] INFO  impl.RoleInfo (RoleInfo.java:shutdownLeaderElection(134)) - a8ae9c07-6d89-4a49-a594-cacd4b776180: shutdown LeaderElection
2019-11-05 08:24:16,624 [grpc-default-executor-0] INFO  impl.RaftServerImpl (RaftServerImpl.java:setRole(184)) - 77ab65e6-d942-49df-83a3-1d4c0bf152b3@group-0DB8C7688BF9: changes role from  FOLLOWER to FOLLOWER at term 215 for recognizeCandidate:4a682f4f-c3f2-4b77-88b7-f0ab78890feb
2019-11-05 08:24:16,624 [a8ae9c07-6d89-4a49-a594-cacd4b776180@group-0E159EE4F99E-LeaderElection420] INFO  impl.RoleInfo (RoleInfo.java:updateAndGet(143)) - a8ae9c07-6d89-4a49-a594-cacd4b776180: start FollowerState
2019-11-05 08:24:16,624 [grpc-default-executor-0] INFO  impl.RoleInfo (RoleInfo.java:shutdownFollowerState(121)) - 77ab65e6-d942-49df-83a3-1d4c0bf152b3: shutdown FollowerState
2019-11-05 08:24:16,625 [grpc-default-executor-0] INFO  impl.RoleInfo (RoleInfo.java:updateAndGet(143)) - 77ab65e6-d942-49df-83a3-1d4c0bf152b3: start FollowerState
2019-11-05 08:24:16,625 [Thread-3173] INFO  impl.FollowerState (FollowerState.java:run(117)) - 77ab65e6-d942-49df-83a3-1d4c0bf152b3@group-0DB8C7688BF9-FollowerState was interrupted: java.lang.InterruptedException: sleep interrupted
2019-11-05 08:24:16,625 [grpc-default-executor-4] INFO  impl.RaftServerImpl (RaftServerImpl.java:setRole(184)) - 7e1b84a9-a041-44fd-8008-f2679426984c@group-0DB8C7688BF9: changes role from  FOLLOWER to FOLLOWER at term 215 for recognizeCandidate:4a682f4f-c3f2-4b77-88b7-f0ab78890feb
2019-11-05 08:24:16,625 [grpc-default-executor-4] INFO  impl.RoleInfo (RoleInfo.java:shutdownFollowerState(121)) - 7e1b84a9-a041-44fd-8008-f2679426984c: shutdown FollowerState
2019-11-05 08:24:16,625 [grpc-default-executor-4] INFO  impl.RoleInfo (RoleInfo.java:updateAndGet(143)) - 7e1b84a9-a041-44fd-8008-f2679426984c: start FollowerState
2019-11-05 08:24:16,625 [Thread-3171] INFO  impl.FollowerState (FollowerState.java:run(117)) - 7e1b84a9-a041-44fd-8008-f2679426984c@group-0DB8C7688BF9-FollowerState was interrupted: java.lang.InterruptedException: sleep interrupted
2019-11-05 08:24:16,639 [4a682f4f-c3f2-4b77-88b7-f0ab78890feb@group-0DB8C7688BF9-LeaderElection421] INFO  impl.LeaderElection (LeaderElection.java:logAndReturn(56)) - 4a682f4f-c3f2-4b77-88b7-f0ab78890feb@group-0DB8C7688BF9-LeaderElection421: Election REJECTED; received 2 response(s) [4a682f4f-c3f2-4b77-88b7-f0ab78890feb<-77ab65e6-d942-49df-83a3-1d4c0bf152b3#0:FAIL-t215, 4a682f4f-c3f2-4b77-88b7-f0ab78890feb<-7e1b84a9-a041-44fd-8008-f2679426984c#0:FAIL-t215] and 0 exception(s); 4a682f4f-c3f2-4b77-88b7-f0ab78890feb@group-0DB8C7688BF9:t215, leader=null, voted=4a682f4f-c3f2-4b77-88b7-f0ab78890feb, raftlog=4a682f4f-c3f2-4b77-88b7-f0ab78890feb@group-0DB8C7688BF9-SegmentedRaftLog:OPENED:c-1,f-1,i0, conf=-1: [77ab65e6-d942-49df-83a3-1d4c0bf152b3:192.168.164.217:39381, 7e1b84a9-a041-44fd-8008-f2679426984c:192.168.164.217:44149, 4a682f4f-c3f2-4b77-88b7-f0ab78890feb:192.168.164.217:34174], old=null
2019-11-05 08:24:16,639 [4a682f4f-c3f2-4b77-88b7-f0ab78890feb@group-0DB8C7688BF9-LeaderElection421] INFO  impl.RaftServerImpl (RaftServerImpl.java:setRole(184)) - 4a682f4f-c3f2-4b77-88b7-f0ab78890feb@group-0DB8C7688BF9: changes role from CANDIDATE to FOLLOWER at term 215 for DISCOVERED_A_NEW_TERM
2019-11-05 08:24:16,639 [4a682f4f-c3f2-4b77-88b7-f0ab78890feb@group-0DB8C7688BF9-LeaderElection421] INFO  impl.RoleInfo (RoleInfo.java:shutdownLeaderElection(134)) - 4a682f4f-c3f2-4b77-88b7-f0ab78890feb: shutdown LeaderElection
2019-11-05 08:24:16,639 [4a682f4f-c3f2-4b77-88b7-f0ab78890feb@group-0DB8C7688BF9-LeaderElection421] INFO  impl.RoleInfo (RoleInfo.java:updateAndGet(143)) - 4a682f4f-c3f2-4b77-88b7-f0ab78890feb: start FollowerState
2019-11-05 08:24:16,666 [Thread-3182] INFO  impl.FollowerState (FollowerState.java:run(108)) - a8ae9c07-6d89-4a49-a594-cacd4b776180@group-0E159EE4F99E-FollowerState: change to CANDIDATE, lastRpcTime:41ms, electionTimeout:41ms
2019-11-05 08:24:16,666 [Thread-3182] INFO  impl.RoleInfo (RoleInfo.java:shutdownFollowerState(121)) - a8ae9c07-6d89-4a49-a594-cacd4b776180: shutdown FollowerState
2019-11-05 08:24:16,666 [Thread-3182] INFO  impl.RaftServerImpl (RaftServerImpl.java:setRole(184)) - a8ae9c07-6d89-4a49-a594-cacd4b776180@group-0E159EE4F99E: changes role from  FOLLOWER to CANDIDATE at term 226 for changeToCandidate
2019-11-05 08:24:16,666 [Thread-3182] INFO  impl.RoleInfo (RoleInfo.java:updateAndGet(143)) - a8ae9c07-6d89-4a49-a594-cacd4b776180: start LeaderElection
2019-11-05 08:24:16,679 [a8ae9c07-6d89-4a49-a594-cacd4b776180@group-0E159EE4F99E-LeaderElection422] INFO  impl.LeaderElection (LeaderElection.java:askForVotes(178)) - a8ae9c07-6d89-4a49-a594-cacd4b776180@group-0E159EE4F99E-LeaderElection422: begin an election at term 227 for -1: [caafcba9-090a-41f5-a5f9-cba5a6a81e94:192.168.164.217:37197, a8ae9c07-6d89-4a49-a594-cacd4b776180:192.168.164.217:42719, b3bb9051-8089-4c51-a999-81579e5913f2:192.168.164.217:36516], old=null
2019-11-05 08:24:16,680 [a8ae9c07-6d89-4a49-a594-cacd4b776180@group-0E159EE4F99E-LeaderElection422] INFO  impl.LeaderElection (LogUtils.java:infoOrTrace(149)) - a8ae9c07-6d89-4a49-a594-cacd4b776180@group-0E159EE4F99E-LeaderElection422 got exception when requesting votes: {}
java.util.concurrent.ExecutionException: org.apache.ratis.thirdparty.io.grpc.StatusRuntimeException: UNAVAILABLE: io exception
	at java.util.concurrent.FutureTask.report(FutureTask.java:122)
	at java.util.concurrent.FutureTask.get(FutureTask.java:192)
	at org.apache.ratis.server.impl.LeaderElection.waitForResults(LeaderElection.java:259)
	at org.apache.ratis.server.impl.LeaderElection.askForVotes(LeaderElection.java:197)
	at org.apache.ratis.server.impl.LeaderElection.run(LeaderElection.java:133)
	at java.lang.Thread.run(Thread.java:748)
Caused by: org.apache.ratis.thirdparty.io.grpc.StatusRuntimeException: UNAVAILABLE: io exception
	at org.apache.ratis.thirdparty.io.grpc.stub.ClientCalls.toStatusRuntimeException(ClientCalls.java:233)
	at org.apache.ratis.thirdparty.io.grpc.stub.ClientCalls.getUnchecked(ClientCalls.java:214)
	at org.apache.ratis.thirdparty.io.grpc.stub.ClientCalls.blockingUnaryCall(ClientCalls.java:139)
	at org.apache.ratis.proto.grpc.RaftServerProtocolServiceGrpc$RaftServerProtocolServiceBlockingStub.requestVote(RaftServerProtocolServiceGrpc.java:265)
	at org.apache.ratis.grpc.server.GrpcServerProtocolClient.requestVote(GrpcServerProtocolClient.java:99)
	at org.apache.ratis.grpc.server.GrpcService.requestVote(GrpcService.java:204)
	at org.apache.ratis.server.impl.LeaderElection.lambda$submitRequests$1(LeaderElection.java:234)
	at java.util.concurrent.FutureTask.run(FutureTask.java:266)
	at java.util.concurrent.Executors$RunnableAdapter.call(Executors.java:511)
	at java.util.concurrent.FutureTask.run(FutureTask.java:266)
	at java.util.concurrent.ThreadPoolExecutor.runWorker(ThreadPoolExecutor.java:1149)
	at java.util.concurrent.ThreadPoolExecutor$Worker.run(ThreadPoolExecutor.java:624)
	... 1 more
Caused by: org.apache.ratis.thirdparty.io.netty.channel.AbstractChannel$AnnotatedConnectException: Connection refused: /192.168.164.217:37197
	at sun.nio.ch.SocketChannelImpl.checkConnect(Native Method)
	at sun.nio.ch.SocketChannelImpl.finishConnect(SocketChannelImpl.java:717)
	at org.apache.ratis.thirdparty.io.netty.channel.socket.nio.NioSocketChannel.doFinishConnect(NioSocketChannel.java:327)
	at org.apache.ratis.thirdparty.io.netty.channel.nio.AbstractNioChannel$AbstractNioUnsafe.finishConnect(AbstractNioChannel.java:340)
	at org.apache.ratis.thirdparty.io.netty.channel.nio.NioEventLoop.processSelectedKey(NioEventLoop.java:632)
	at org.apache.ratis.thirdparty.io.netty.channel.nio.NioEventLoop.processSelectedKeysOptimized(NioEventLoop.java:579)
	at org.apache.ratis.thirdparty.io.netty.channel.nio.NioEventLoop.processSelectedKeys(NioEventLoop.java:496)
	at org.apache.ratis.thirdparty.io.netty.channel.nio.NioEventLoop.run(NioEventLoop.java:458)
	at org.apache.ratis.thirdparty.io.netty.util.concurrent.SingleThreadEventExecutor$5.run(SingleThreadEventExecutor.java:897)
	at org.apache.ratis.thirdparty.io.netty.util.concurrent.FastThreadLocalRunnable.run(FastThreadLocalRunnable.java:30)
	... 1 more
Caused by: java.net.ConnectException: Connection refused
	... 11 more
2019-11-05 08:24:16,684 [grpc-default-executor-4] INFO  impl.RaftServerImpl (RaftServerImpl.java:setRole(184)) - b3bb9051-8089-4c51-a999-81579e5913f2@group-0E159EE4F99E: changes role from  FOLLOWER to FOLLOWER at term 227 for recognizeCandidate:a8ae9c07-6d89-4a49-a594-cacd4b776180
2019-11-05 08:24:16,684 [grpc-default-executor-4] INFO  impl.RoleInfo (RoleInfo.java:shutdownFollowerState(121)) - b3bb9051-8089-4c51-a999-81579e5913f2: shutdown FollowerState
2019-11-05 08:24:16,684 [grpc-default-executor-4] INFO  impl.RoleInfo (RoleInfo.java:updateAndGet(143)) - b3bb9051-8089-4c51-a999-81579e5913f2: start FollowerState
2019-11-05 08:24:16,684 [Thread-3178] INFO  impl.FollowerState (FollowerState.java:run(117)) - b3bb9051-8089-4c51-a999-81579e5913f2@group-0E159EE4F99E-FollowerState was interrupted: java.lang.InterruptedException: sleep interrupted
2019-11-05 08:24:16,700 [a8ae9c07-6d89-4a49-a594-cacd4b776180@group-0E159EE4F99E-LeaderElection422] INFO  impl.LeaderElection (LeaderElection.java:logAndReturn(56)) - a8ae9c07-6d89-4a49-a594-cacd4b776180@group-0E159EE4F99E-LeaderElection422: Election REJECTED; received 1 response(s) [a8ae9c07-6d89-4a49-a594-cacd4b776180<-b3bb9051-8089-4c51-a999-81579e5913f2#0:FAIL-t227] and 1 exception(s); a8ae9c07-6d89-4a49-a594-cacd4b776180@group-0E159EE4F99E:t227, leader=null, voted=a8ae9c07-6d89-4a49-a594-cacd4b776180, raftlog=a8ae9c07-6d89-4a49-a594-cacd4b776180@group-0E159EE4F99E-SegmentedRaftLog:OPENED:c-1,f-1,i0, conf=-1: [caafcba9-090a-41f5-a5f9-cba5a6a81e94:192.168.164.217:37197, a8ae9c07-6d89-4a49-a594-cacd4b776180:192.168.164.217:42719, b3bb9051-8089-4c51-a999-81579e5913f2:192.168.164.217:36516], old=null
2019-11-05 08:24:16,701 [a8ae9c07-6d89-4a49-a594-cacd4b776180@group-0E159EE4F99E-LeaderElection422] INFO  impl.LeaderElection (LogUtils.java:infoOrTrace(149)) -   Exception 0: {}
java.util.concurrent.ExecutionException: org.apache.ratis.thirdparty.io.grpc.StatusRuntimeException: UNAVAILABLE: io exception
	at java.util.concurrent.FutureTask.report(FutureTask.java:122)
	at java.util.concurrent.FutureTask.get(FutureTask.java:192)
	at org.apache.ratis.server.impl.LeaderElection.waitForResults(LeaderElection.java:259)
	at org.apache.ratis.server.impl.LeaderElection.askForVotes(LeaderElection.java:197)
	at org.apache.ratis.server.impl.LeaderElection.run(LeaderElection.java:133)
	at java.lang.Thread.run(Thread.java:748)
Caused by: org.apache.ratis.thirdparty.io.grpc.StatusRuntimeException: UNAVAILABLE: io exception
	at org.apache.ratis.thirdparty.io.grpc.stub.ClientCalls.toStatusRuntimeException(ClientCalls.java:233)
	at org.apache.ratis.thirdparty.io.grpc.stub.ClientCalls.getUnchecked(ClientCalls.java:214)
	at org.apache.ratis.thirdparty.io.grpc.stub.ClientCalls.blockingUnaryCall(ClientCalls.java:139)
	at org.apache.ratis.proto.grpc.RaftServerProtocolServiceGrpc$RaftServerProtocolServiceBlockingStub.requestVote(RaftServerProtocolServiceGrpc.java:265)
	at org.apache.ratis.grpc.server.GrpcServerProtocolClient.requestVote(GrpcServerProtocolClient.java:99)
	at org.apache.ratis.grpc.server.GrpcService.requestVote(GrpcService.java:204)
	at org.apache.ratis.server.impl.LeaderElection.lambda$submitRequests$1(LeaderElection.java:234)
	at java.util.concurrent.FutureTask.run(FutureTask.java:266)
	at java.util.concurrent.Executors$RunnableAdapter.call(Executors.java:511)
	at java.util.concurrent.FutureTask.run(FutureTask.java:266)
	at java.util.concurrent.ThreadPoolExecutor.runWorker(ThreadPoolExecutor.java:1149)
	at java.util.concurrent.ThreadPoolExecutor$Worker.run(ThreadPoolExecutor.java:624)
	... 1 more
Caused by: org.apache.ratis.thirdparty.io.netty.channel.AbstractChannel$AnnotatedConnectException: Connection refused: /192.168.164.217:37197
	at sun.nio.ch.SocketChannelImpl.checkConnect(Native Method)
	at sun.nio.ch.SocketChannelImpl.finishConnect(SocketChannelImpl.java:717)
	at org.apache.ratis.thirdparty.io.netty.channel.socket.nio.NioSocketChannel.doFinishConnect(NioSocketChannel.java:327)
	at org.apache.ratis.thirdparty.io.netty.channel.nio.AbstractNioChannel$AbstractNioUnsafe.finishConnect(AbstractNioChannel.java:340)
	at org.apache.ratis.thirdparty.io.netty.channel.nio.NioEventLoop.processSelectedKey(NioEventLoop.java:632)
	at org.apache.ratis.thirdparty.io.netty.channel.nio.NioEventLoop.processSelectedKeysOptimized(NioEventLoop.java:579)
	at org.apache.ratis.thirdparty.io.netty.channel.nio.NioEventLoop.processSelectedKeys(NioEventLoop.java:496)
	at org.apache.ratis.thirdparty.io.netty.channel.nio.NioEventLoop.run(NioEventLoop.java:458)
	at org.apache.ratis.thirdparty.io.netty.util.concurrent.SingleThreadEventExecutor$5.run(SingleThreadEventExecutor.java:897)
	at org.apache.ratis.thirdparty.io.netty.util.concurrent.FastThreadLocalRunnable.run(FastThreadLocalRunnable.java:30)
	... 1 more
Caused by: java.net.ConnectException: Connection refused
	... 11 more
2019-11-05 08:24:16,703 [a8ae9c07-6d89-4a49-a594-cacd4b776180@group-0E159EE4F99E-LeaderElection422] INFO  impl.RaftServerImpl (RaftServerImpl.java:setRole(184)) - a8ae9c07-6d89-4a49-a594-cacd4b776180@group-0E159EE4F99E: changes role from CANDIDATE to FOLLOWER at term 227 for DISCOVERED_A_NEW_TERM
2019-11-05 08:24:16,703 [a8ae9c07-6d89-4a49-a594-cacd4b776180@group-0E159EE4F99E-LeaderElection422] INFO  impl.RoleInfo (RoleInfo.java:shutdownLeaderElection(134)) - a8ae9c07-6d89-4a49-a594-cacd4b776180: shutdown LeaderElection
2019-11-05 08:24:16,703 [a8ae9c07-6d89-4a49-a594-cacd4b776180@group-0E159EE4F99E-LeaderElection422] INFO  impl.RoleInfo (RoleInfo.java:updateAndGet(143)) - a8ae9c07-6d89-4a49-a594-cacd4b776180: start FollowerState
2019-11-05 08:24:16,753 [Thread-3185] INFO  impl.FollowerState (FollowerState.java:run(108)) - 4a682f4f-c3f2-4b77-88b7-f0ab78890feb@group-0DB8C7688BF9-FollowerState: change to CANDIDATE, lastRpcTime:113ms, electionTimeout:113ms
2019-11-05 08:24:16,753 [Thread-3185] INFO  impl.RoleInfo (RoleInfo.java:shutdownFollowerState(121)) - 4a682f4f-c3f2-4b77-88b7-f0ab78890feb: shutdown FollowerState
2019-11-05 08:24:16,753 [Thread-3185] INFO  impl.RaftServerImpl (RaftServerImpl.java:setRole(184)) - 4a682f4f-c3f2-4b77-88b7-f0ab78890feb@group-0DB8C7688BF9: changes role from  FOLLOWER to CANDIDATE at term 215 for changeToCandidate
2019-11-05 08:24:16,753 [Thread-3185] INFO  impl.RoleInfo (RoleInfo.java:updateAndGet(143)) - 4a682f4f-c3f2-4b77-88b7-f0ab78890feb: start LeaderElection
2019-11-05 08:24:16,791 [4a682f4f-c3f2-4b77-88b7-f0ab78890feb@group-0DB8C7688BF9-LeaderElection423] INFO  impl.LeaderElection (LeaderElection.java:askForVotes(178)) - 4a682f4f-c3f2-4b77-88b7-f0ab78890feb@group-0DB8C7688BF9-LeaderElection423: begin an election at term 216 for -1: [77ab65e6-d942-49df-83a3-1d4c0bf152b3:192.168.164.217:39381, 7e1b84a9-a041-44fd-8008-f2679426984c:192.168.164.217:44149, 4a682f4f-c3f2-4b77-88b7-f0ab78890feb:192.168.164.217:34174], old=null
2019-11-05 08:24:16,794 [grpc-default-executor-4] INFO  impl.RaftServerImpl (RaftServerImpl.java:setRole(184)) - 7e1b84a9-a041-44fd-8008-f2679426984c@group-0DB8C7688BF9: changes role from  FOLLOWER to FOLLOWER at term 216 for recognizeCandidate:4a682f4f-c3f2-4b77-88b7-f0ab78890feb
2019-11-05 08:24:16,794 [grpc-default-executor-4] INFO  impl.RoleInfo (RoleInfo.java:shutdownFollowerState(121)) - 7e1b84a9-a041-44fd-8008-f2679426984c: shutdown FollowerState
2019-11-05 08:24:16,794 [grpc-default-executor-0] INFO  impl.RaftServerImpl (RaftServerImpl.java:setRole(184)) - 77ab65e6-d942-49df-83a3-1d4c0bf152b3@group-0DB8C7688BF9: changes role from  FOLLOWER to FOLLOWER at term 216 for recognizeCandidate:4a682f4f-c3f2-4b77-88b7-f0ab78890feb
2019-11-05 08:24:16,794 [grpc-default-executor-4] INFO  impl.RoleInfo (RoleInfo.java:updateAndGet(143)) - 7e1b84a9-a041-44fd-8008-f2679426984c: start FollowerState
2019-11-05 08:24:16,794 [Thread-3184] INFO  impl.FollowerState (FollowerState.java:run(117)) - 7e1b84a9-a041-44fd-8008-f2679426984c@group-0DB8C7688BF9-FollowerState was interrupted: java.lang.InterruptedException: sleep interrupted
2019-11-05 08:24:16,794 [grpc-default-executor-0] INFO  impl.RoleInfo (RoleInfo.java:shutdownFollowerState(121)) - 77ab65e6-d942-49df-83a3-1d4c0bf152b3: shutdown FollowerState
2019-11-05 08:24:16,795 [grpc-default-executor-0] INFO  impl.RoleInfo (RoleInfo.java:updateAndGet(143)) - 77ab65e6-d942-49df-83a3-1d4c0bf152b3: start FollowerState
2019-11-05 08:24:16,795 [Thread-3183] INFO  impl.FollowerState (FollowerState.java:run(117)) - 77ab65e6-d942-49df-83a3-1d4c0bf152b3@group-0DB8C7688BF9-FollowerState was interrupted: java.lang.InterruptedException: sleep interrupted
2019-11-05 08:24:16,803 [4a682f4f-c3f2-4b77-88b7-f0ab78890feb@group-0DB8C7688BF9-LeaderElection423] INFO  impl.LeaderElection (LeaderElection.java:logAndReturn(56)) - 4a682f4f-c3f2-4b77-88b7-f0ab78890feb@group-0DB8C7688BF9-LeaderElection423: Election REJECTED; received 2 response(s) [4a682f4f-c3f2-4b77-88b7-f0ab78890feb<-77ab65e6-d942-49df-83a3-1d4c0bf152b3#0:FAIL-t216, 4a682f4f-c3f2-4b77-88b7-f0ab78890feb<-7e1b84a9-a041-44fd-8008-f2679426984c#0:FAIL-t216] and 0 exception(s); 4a682f4f-c3f2-4b77-88b7-f0ab78890feb@group-0DB8C7688BF9:t216, leader=null, voted=4a682f4f-c3f2-4b77-88b7-f0ab78890feb, raftlog=4a682f4f-c3f2-4b77-88b7-f0ab78890feb@group-0DB8C7688BF9-SegmentedRaftLog:OPENED:c-1,f-1,i0, conf=-1: [77ab65e6-d942-49df-83a3-1d4c0bf152b3:192.168.164.217:39381, 7e1b84a9-a041-44fd-8008-f2679426984c:192.168.164.217:44149, 4a682f4f-c3f2-4b77-88b7-f0ab78890feb:192.168.164.217:34174], old=null
2019-11-05 08:24:16,803 [4a682f4f-c3f2-4b77-88b7-f0ab78890feb@group-0DB8C7688BF9-LeaderElection423] INFO  impl.RaftServerImpl (RaftServerImpl.java:setRole(184)) - 4a682f4f-c3f2-4b77-88b7-f0ab78890feb@group-0DB8C7688BF9: changes role from CANDIDATE to FOLLOWER at term 216 for DISCOVERED_A_NEW_TERM
2019-11-05 08:24:16,803 [4a682f4f-c3f2-4b77-88b7-f0ab78890feb@group-0DB8C7688BF9-LeaderElection423] INFO  impl.RoleInfo (RoleInfo.java:shutdownLeaderElection(134)) - 4a682f4f-c3f2-4b77-88b7-f0ab78890feb: shutdown LeaderElection
2019-11-05 08:24:16,803 [4a682f4f-c3f2-4b77-88b7-f0ab78890feb@group-0DB8C7688BF9-LeaderElection423] INFO  impl.RoleInfo (RoleInfo.java:updateAndGet(143)) - 4a682f4f-c3f2-4b77-88b7-f0ab78890feb: start FollowerState
2019-11-05 08:24:16,866 [Thread-3190] INFO  impl.FollowerState (FollowerState.java:run(108)) - a8ae9c07-6d89-4a49-a594-cacd4b776180@group-0E159EE4F99E-FollowerState: change to CANDIDATE, lastRpcTime:163ms, electionTimeout:163ms
2019-11-05 08:24:16,867 [Thread-3190] INFO  impl.RoleInfo (RoleInfo.java:shutdownFollowerState(121)) - a8ae9c07-6d89-4a49-a594-cacd4b776180: shutdown FollowerState
2019-11-05 08:24:16,867 [Thread-3190] INFO  impl.RaftServerImpl (RaftServerImpl.java:setRole(184)) - a8ae9c07-6d89-4a49-a594-cacd4b776180@group-0E159EE4F99E: changes role from  FOLLOWER to CANDIDATE at term 227 for changeToCandidate
2019-11-05 08:24:16,867 [Thread-3190] INFO  impl.RoleInfo (RoleInfo.java:updateAndGet(143)) - a8ae9c07-6d89-4a49-a594-cacd4b776180: start LeaderElection
2019-11-05 08:24:16,880 [a8ae9c07-6d89-4a49-a594-cacd4b776180@group-0E159EE4F99E-LeaderElection424] INFO  impl.LeaderElection (LeaderElection.java:askForVotes(178)) - a8ae9c07-6d89-4a49-a594-cacd4b776180@group-0E159EE4F99E-LeaderElection424: begin an election at term 228 for -1: [caafcba9-090a-41f5-a5f9-cba5a6a81e94:192.168.164.217:37197, a8ae9c07-6d89-4a49-a594-cacd4b776180:192.168.164.217:42719, b3bb9051-8089-4c51-a999-81579e5913f2:192.168.164.217:36516], old=null
2019-11-05 08:24:16,881 [a8ae9c07-6d89-4a49-a594-cacd4b776180@group-0E159EE4F99E-LeaderElection424] INFO  impl.LeaderElection (LogUtils.java:infoOrTrace(149)) - a8ae9c07-6d89-4a49-a594-cacd4b776180@group-0E159EE4F99E-LeaderElection424 got exception when requesting votes: {}
java.util.concurrent.ExecutionException: org.apache.ratis.thirdparty.io.grpc.StatusRuntimeException: UNAVAILABLE: io exception
	at java.util.concurrent.FutureTask.report(FutureTask.java:122)
	at java.util.concurrent.FutureTask.get(FutureTask.java:192)
	at org.apache.ratis.server.impl.LeaderElection.waitForResults(LeaderElection.java:259)
	at org.apache.ratis.server.impl.LeaderElection.askForVotes(LeaderElection.java:197)
	at org.apache.ratis.server.impl.LeaderElection.run(LeaderElection.java:133)
	at java.lang.Thread.run(Thread.java:748)
Caused by: org.apache.ratis.thirdparty.io.grpc.StatusRuntimeException: UNAVAILABLE: io exception
	at org.apache.ratis.thirdparty.io.grpc.stub.ClientCalls.toStatusRuntimeException(ClientCalls.java:233)
	at org.apache.ratis.thirdparty.io.grpc.stub.ClientCalls.getUnchecked(ClientCalls.java:214)
	at org.apache.ratis.thirdparty.io.grpc.stub.ClientCalls.blockingUnaryCall(ClientCalls.java:139)
	at org.apache.ratis.proto.grpc.RaftServerProtocolServiceGrpc$RaftServerProtocolServiceBlockingStub.requestVote(RaftServerProtocolServiceGrpc.java:265)
	at org.apache.ratis.grpc.server.GrpcServerProtocolClient.requestVote(GrpcServerProtocolClient.java:99)
	at org.apache.ratis.grpc.server.GrpcService.requestVote(GrpcService.java:204)
	at org.apache.ratis.server.impl.LeaderElection.lambda$submitRequests$1(LeaderElection.java:234)
	at java.util.concurrent.FutureTask.run(FutureTask.java:266)
	at java.util.concurrent.Executors$RunnableAdapter.call(Executors.java:511)
	at java.util.concurrent.FutureTask.run(FutureTask.java:266)
	at java.util.concurrent.ThreadPoolExecutor.runWorker(ThreadPoolExecutor.java:1149)
	at java.util.concurrent.ThreadPoolExecutor$Worker.run(ThreadPoolExecutor.java:624)
	... 1 more
Caused by: org.apache.ratis.thirdparty.io.netty.channel.AbstractChannel$AnnotatedConnectException: Connection refused: /192.168.164.217:37197
	at sun.nio.ch.SocketChannelImpl.checkConnect(Native Method)
	at sun.nio.ch.SocketChannelImpl.finishConnect(SocketChannelImpl.java:717)
	at org.apache.ratis.thirdparty.io.netty.channel.socket.nio.NioSocketChannel.doFinishConnect(NioSocketChannel.java:327)
	at org.apache.ratis.thirdparty.io.netty.channel.nio.AbstractNioChannel$AbstractNioUnsafe.finishConnect(AbstractNioChannel.java:340)
	at org.apache.ratis.thirdparty.io.netty.channel.nio.NioEventLoop.processSelectedKey(NioEventLoop.java:632)
	at org.apache.ratis.thirdparty.io.netty.channel.nio.NioEventLoop.processSelectedKeysOptimized(NioEventLoop.java:579)
	at org.apache.ratis.thirdparty.io.netty.channel.nio.NioEventLoop.processSelectedKeys(NioEventLoop.java:496)
	at org.apache.ratis.thirdparty.io.netty.channel.nio.NioEventLoop.run(NioEventLoop.java:458)
	at org.apache.ratis.thirdparty.io.netty.util.concurrent.SingleThreadEventExecutor$5.run(SingleThreadEventExecutor.java:897)
	at org.apache.ratis.thirdparty.io.netty.util.concurrent.FastThreadLocalRunnable.run(FastThreadLocalRunnable.java:30)
	... 1 more
Caused by: java.net.ConnectException: Connection refused
	... 11 more
2019-11-05 08:24:16,894 [grpc-default-executor-0] INFO  impl.RaftServerImpl (RaftServerImpl.java:setRole(184)) - b3bb9051-8089-4c51-a999-81579e5913f2@group-0E159EE4F99E: changes role from  FOLLOWER to FOLLOWER at term 228 for recognizeCandidate:a8ae9c07-6d89-4a49-a594-cacd4b776180
2019-11-05 08:24:16,894 [grpc-default-executor-0] INFO  impl.RoleInfo (RoleInfo.java:shutdownFollowerState(121)) - b3bb9051-8089-4c51-a999-81579e5913f2: shutdown FollowerState
2019-11-05 08:24:16,895 [grpc-default-executor-0] INFO  impl.RoleInfo (RoleInfo.java:updateAndGet(143)) - b3bb9051-8089-4c51-a999-81579e5913f2: start FollowerState
2019-11-05 08:24:16,895 [Thread-3189] INFO  impl.FollowerState (FollowerState.java:run(117)) - b3bb9051-8089-4c51-a999-81579e5913f2@group-0E159EE4F99E-FollowerState was interrupted: java.lang.InterruptedException: sleep interrupted
2019-11-05 08:24:16,901 [Thread-3197] INFO  impl.FollowerState (FollowerState.java:run(108)) - 4a682f4f-c3f2-4b77-88b7-f0ab78890feb@group-0DB8C7688BF9-FollowerState: change to CANDIDATE, lastRpcTime:97ms, electionTimeout:97ms
2019-11-05 08:24:16,901 [Thread-3197] INFO  impl.RoleInfo (RoleInfo.java:shutdownFollowerState(121)) - 4a682f4f-c3f2-4b77-88b7-f0ab78890feb: shutdown FollowerState
2019-11-05 08:24:16,901 [Thread-3197] INFO  impl.RaftServerImpl (RaftServerImpl.java:setRole(184)) - 4a682f4f-c3f2-4b77-88b7-f0ab78890feb@group-0DB8C7688BF9: changes role from  FOLLOWER to CANDIDATE at term 216 for changeToCandidate
2019-11-05 08:24:16,901 [Thread-3197] INFO  impl.RoleInfo (RoleInfo.java:updateAndGet(143)) - 4a682f4f-c3f2-4b77-88b7-f0ab78890feb: start LeaderElection
2019-11-05 08:24:16,909 [4a682f4f-c3f2-4b77-88b7-f0ab78890feb@group-0DB8C7688BF9-LeaderElection425] INFO  impl.LeaderElection (LeaderElection.java:askForVotes(178)) - 4a682f4f-c3f2-4b77-88b7-f0ab78890feb@group-0DB8C7688BF9-LeaderElection425: begin an election at term 217 for -1: [77ab65e6-d942-49df-83a3-1d4c0bf152b3:192.168.164.217:39381, 7e1b84a9-a041-44fd-8008-f2679426984c:192.168.164.217:44149, 4a682f4f-c3f2-4b77-88b7-f0ab78890feb:192.168.164.217:34174], old=null
2019-11-05 08:24:16,910 [a8ae9c07-6d89-4a49-a594-cacd4b776180@group-0E159EE4F99E-LeaderElection424] INFO  impl.LeaderElection (LeaderElection.java:logAndReturn(56)) - a8ae9c07-6d89-4a49-a594-cacd4b776180@group-0E159EE4F99E-LeaderElection424: Election REJECTED; received 1 response(s) [a8ae9c07-6d89-4a49-a594-cacd4b776180<-b3bb9051-8089-4c51-a999-81579e5913f2#0:FAIL-t228] and 1 exception(s); a8ae9c07-6d89-4a49-a594-cacd4b776180@group-0E159EE4F99E:t228, leader=null, voted=a8ae9c07-6d89-4a49-a594-cacd4b776180, raftlog=a8ae9c07-6d89-4a49-a594-cacd4b776180@group-0E159EE4F99E-SegmentedRaftLog:OPENED:c-1,f-1,i0, conf=-1: [caafcba9-090a-41f5-a5f9-cba5a6a81e94:192.168.164.217:37197, a8ae9c07-6d89-4a49-a594-cacd4b776180:192.168.164.217:42719, b3bb9051-8089-4c51-a999-81579e5913f2:192.168.164.217:36516], old=null
2019-11-05 08:24:16,910 [a8ae9c07-6d89-4a49-a594-cacd4b776180@group-0E159EE4F99E-LeaderElection424] INFO  impl.LeaderElection (LogUtils.java:infoOrTrace(149)) -   Exception 0: {}
java.util.concurrent.ExecutionException: org.apache.ratis.thirdparty.io.grpc.StatusRuntimeException: UNAVAILABLE: io exception
	at java.util.concurrent.FutureTask.report(FutureTask.java:122)
	at java.util.concurrent.FutureTask.get(FutureTask.java:192)
	at org.apache.ratis.server.impl.LeaderElection.waitForResults(LeaderElection.java:259)
	at org.apache.ratis.server.impl.LeaderElection.askForVotes(LeaderElection.java:197)
	at org.apache.ratis.server.impl.LeaderElection.run(LeaderElection.java:133)
	at java.lang.Thread.run(Thread.java:748)
Caused by: org.apache.ratis.thirdparty.io.grpc.StatusRuntimeException: UNAVAILABLE: io exception
	at org.apache.ratis.thirdparty.io.grpc.stub.ClientCalls.toStatusRuntimeException(ClientCalls.java:233)
	at org.apache.ratis.thirdparty.io.grpc.stub.ClientCalls.getUnchecked(ClientCalls.java:214)
	at org.apache.ratis.thirdparty.io.grpc.stub.ClientCalls.blockingUnaryCall(ClientCalls.java:139)
	at org.apache.ratis.proto.grpc.RaftServerProtocolServiceGrpc$RaftServerProtocolServiceBlockingStub.requestVote(RaftServerProtocolServiceGrpc.java:265)
	at org.apache.ratis.grpc.server.GrpcServerProtocolClient.requestVote(GrpcServerProtocolClient.java:99)
	at org.apache.ratis.grpc.server.GrpcService.requestVote(GrpcService.java:204)
	at org.apache.ratis.server.impl.LeaderElection.lambda$submitRequests$1(LeaderElection.java:234)
	at java.util.concurrent.FutureTask.run(FutureTask.java:266)
	at java.util.concurrent.Executors$RunnableAdapter.call(Executors.java:511)
	at java.util.concurrent.FutureTask.run(FutureTask.java:266)
	at java.util.concurrent.ThreadPoolExecutor.runWorker(ThreadPoolExecutor.java:1149)
	at java.util.concurrent.ThreadPoolExecutor$Worker.run(ThreadPoolExecutor.java:624)
	... 1 more
Caused by: org.apache.ratis.thirdparty.io.netty.channel.AbstractChannel$AnnotatedConnectException: Connection refused: /192.168.164.217:37197
	at sun.nio.ch.SocketChannelImpl.checkConnect(Native Method)
	at sun.nio.ch.SocketChannelImpl.finishConnect(SocketChannelImpl.java:717)
	at org.apache.ratis.thirdparty.io.netty.channel.socket.nio.NioSocketChannel.doFinishConnect(NioSocketChannel.java:327)
	at org.apache.ratis.thirdparty.io.netty.channel.nio.AbstractNioChannel$AbstractNioUnsafe.finishConnect(AbstractNioChannel.java:340)
	at org.apache.ratis.thirdparty.io.netty.channel.nio.NioEventLoop.processSelectedKey(NioEventLoop.java:632)
	at org.apache.ratis.thirdparty.io.netty.channel.nio.NioEventLoop.processSelectedKeysOptimized(NioEventLoop.java:579)
	at org.apache.ratis.thirdparty.io.netty.channel.nio.NioEventLoop.processSelectedKeys(NioEventLoop.java:496)
	at org.apache.ratis.thirdparty.io.netty.channel.nio.NioEventLoop.run(NioEventLoop.java:458)
	at org.apache.ratis.thirdparty.io.netty.util.concurrent.SingleThreadEventExecutor$5.run(SingleThreadEventExecutor.java:897)
	at org.apache.ratis.thirdparty.io.netty.util.concurrent.FastThreadLocalRunnable.run(FastThreadLocalRunnable.java:30)
	... 1 more
Caused by: java.net.ConnectException: Connection refused
	... 11 more
2019-11-05 08:24:16,910 [a8ae9c07-6d89-4a49-a594-cacd4b776180@group-0E159EE4F99E-LeaderElection424] INFO  impl.RaftServerImpl (RaftServerImpl.java:setRole(184)) - a8ae9c07-6d89-4a49-a594-cacd4b776180@group-0E159EE4F99E: changes role from CANDIDATE to FOLLOWER at term 228 for DISCOVERED_A_NEW_TERM
2019-11-05 08:24:16,911 [a8ae9c07-6d89-4a49-a594-cacd4b776180@group-0E159EE4F99E-LeaderElection424] INFO  impl.RoleInfo (RoleInfo.java:shutdownLeaderElection(134)) - a8ae9c07-6d89-4a49-a594-cacd4b776180: shutdown LeaderElection
2019-11-05 08:24:16,911 [a8ae9c07-6d89-4a49-a594-cacd4b776180@group-0E159EE4F99E-LeaderElection424] INFO  impl.RoleInfo (RoleInfo.java:updateAndGet(143)) - a8ae9c07-6d89-4a49-a594-cacd4b776180: start FollowerState
2019-11-05 08:24:16,911 [grpc-default-executor-0] INFO  impl.RaftServerImpl (RaftServerImpl.java:setRole(184)) - 77ab65e6-d942-49df-83a3-1d4c0bf152b3@group-0DB8C7688BF9: changes role from  FOLLOWER to FOLLOWER at term 217 for recognizeCandidate:4a682f4f-c3f2-4b77-88b7-f0ab78890feb
2019-11-05 08:24:16,912 [grpc-default-executor-0] INFO  impl.RoleInfo (RoleInfo.java:shutdownFollowerState(121)) - 77ab65e6-d942-49df-83a3-1d4c0bf152b3: shutdown FollowerState
2019-11-05 08:24:16,912 [grpc-default-executor-0] INFO  impl.RoleInfo (RoleInfo.java:updateAndGet(143)) - 77ab65e6-d942-49df-83a3-1d4c0bf152b3: start FollowerState
2019-11-05 08:24:16,912 [Thread-3196] INFO  impl.FollowerState (FollowerState.java:run(117)) - 77ab65e6-d942-49df-83a3-1d4c0bf152b3@group-0DB8C7688BF9-FollowerState was interrupted: java.lang.InterruptedException: sleep interrupted
2019-11-05 08:24:16,913 [grpc-default-executor-4] INFO  impl.RaftServerImpl (RaftServerImpl.java:setRole(184)) - 7e1b84a9-a041-44fd-8008-f2679426984c@group-0DB8C7688BF9: changes role from  FOLLOWER to FOLLOWER at term 217 for recognizeCandidate:4a682f4f-c3f2-4b77-88b7-f0ab78890feb
2019-11-05 08:24:16,913 [grpc-default-executor-4] INFO  impl.RoleInfo (RoleInfo.java:shutdownFollowerState(121)) - 7e1b84a9-a041-44fd-8008-f2679426984c: shutdown FollowerState
2019-11-05 08:24:16,913 [grpc-default-executor-4] INFO  impl.RoleInfo (RoleInfo.java:updateAndGet(143)) - 7e1b84a9-a041-44fd-8008-f2679426984c: start FollowerState
2019-11-05 08:24:16,913 [Thread-3195] INFO  impl.FollowerState (FollowerState.java:run(117)) - 7e1b84a9-a041-44fd-8008-f2679426984c@group-0DB8C7688BF9-FollowerState was interrupted: java.lang.InterruptedException: sleep interrupted
2019-11-05 08:24:16,915 [Thread-3205] INFO  impl.FollowerState (FollowerState.java:run(108)) - a8ae9c07-6d89-4a49-a594-cacd4b776180@group-0E159EE4F99E-FollowerState: change to CANDIDATE, lastRpcTime:4ms, electionTimeout:4ms
2019-11-05 08:24:16,915 [Thread-3205] INFO  impl.RoleInfo (RoleInfo.java:shutdownFollowerState(121)) - a8ae9c07-6d89-4a49-a594-cacd4b776180: shutdown FollowerState
2019-11-05 08:24:16,915 [Thread-3205] INFO  impl.RaftServerImpl (RaftServerImpl.java:setRole(184)) - a8ae9c07-6d89-4a49-a594-cacd4b776180@group-0E159EE4F99E: changes role from  FOLLOWER to CANDIDATE at term 228 for changeToCandidate
2019-11-05 08:24:16,915 [Thread-3205] INFO  impl.RoleInfo (RoleInfo.java:updateAndGet(143)) - a8ae9c07-6d89-4a49-a594-cacd4b776180: start LeaderElection
2019-11-05 08:24:16,925 [a8ae9c07-6d89-4a49-a594-cacd4b776180@group-0E159EE4F99E-LeaderElection426] INFO  impl.LeaderElection (LeaderElection.java:askForVotes(178)) - a8ae9c07-6d89-4a49-a594-cacd4b776180@group-0E159EE4F99E-LeaderElection426: begin an election at term 229 for -1: [caafcba9-090a-41f5-a5f9-cba5a6a81e94:192.168.164.217:37197, a8ae9c07-6d89-4a49-a594-cacd4b776180:192.168.164.217:42719, b3bb9051-8089-4c51-a999-81579e5913f2:192.168.164.217:36516], old=null
2019-11-05 08:24:16,927 [4a682f4f-c3f2-4b77-88b7-f0ab78890feb@group-0DB8C7688BF9-LeaderElection425] INFO  impl.LeaderElection (LeaderElection.java:logAndReturn(56)) - 4a682f4f-c3f2-4b77-88b7-f0ab78890feb@group-0DB8C7688BF9-LeaderElection425: Election REJECTED; received 2 response(s) [4a682f4f-c3f2-4b77-88b7-f0ab78890feb<-77ab65e6-d942-49df-83a3-1d4c0bf152b3#0:FAIL-t217, 4a682f4f-c3f2-4b77-88b7-f0ab78890feb<-7e1b84a9-a041-44fd-8008-f2679426984c#0:FAIL-t217] and 0 exception(s); 4a682f4f-c3f2-4b77-88b7-f0ab78890feb@group-0DB8C7688BF9:t217, leader=null, voted=4a682f4f-c3f2-4b77-88b7-f0ab78890feb, raftlog=4a682f4f-c3f2-4b77-88b7-f0ab78890feb@group-0DB8C7688BF9-SegmentedRaftLog:OPENED:c-1,f-1,i0, conf=-1: [77ab65e6-d942-49df-83a3-1d4c0bf152b3:192.168.164.217:39381, 7e1b84a9-a041-44fd-8008-f2679426984c:192.168.164.217:44149, 4a682f4f-c3f2-4b77-88b7-f0ab78890feb:192.168.164.217:34174], old=null
2019-11-05 08:24:16,927 [a8ae9c07-6d89-4a49-a594-cacd4b776180@group-0E159EE4F99E-LeaderElection426] INFO  impl.LeaderElection (LogUtils.java:infoOrTrace(149)) - a8ae9c07-6d89-4a49-a594-cacd4b776180@group-0E159EE4F99E-LeaderElection426 got exception when requesting votes: {}
java.util.concurrent.ExecutionException: org.apache.ratis.thirdparty.io.grpc.StatusRuntimeException: UNAVAILABLE: io exception
	at java.util.concurrent.FutureTask.report(FutureTask.java:122)
	at java.util.concurrent.FutureTask.get(FutureTask.java:192)
	at org.apache.ratis.server.impl.LeaderElection.waitForResults(LeaderElection.java:259)
	at org.apache.ratis.server.impl.LeaderElection.askForVotes(LeaderElection.java:197)
	at org.apache.ratis.server.impl.LeaderElection.run(LeaderElection.java:133)
	at java.lang.Thread.run(Thread.java:748)
Caused by: org.apache.ratis.thirdparty.io.grpc.StatusRuntimeException: UNAVAILABLE: io exception
	at org.apache.ratis.thirdparty.io.grpc.stub.ClientCalls.toStatusRuntimeException(ClientCalls.java:233)
	at org.apache.ratis.thirdparty.io.grpc.stub.ClientCalls.getUnchecked(ClientCalls.java:214)
	at org.apache.ratis.thirdparty.io.grpc.stub.ClientCalls.blockingUnaryCall(ClientCalls.java:139)
	at org.apache.ratis.proto.grpc.RaftServerProtocolServiceGrpc$RaftServerProtocolServiceBlockingStub.requestVote(RaftServerProtocolServiceGrpc.java:265)
	at org.apache.ratis.grpc.server.GrpcServerProtocolClient.requestVote(GrpcServerProtocolClient.java:99)
	at org.apache.ratis.grpc.server.GrpcService.requestVote(GrpcService.java:204)
	at org.apache.ratis.server.impl.LeaderElection.lambda$submitRequests$1(LeaderElection.java:234)
	at java.util.concurrent.FutureTask.run(FutureTask.java:266)
	at java.util.concurrent.Executors$RunnableAdapter.call(Executors.java:511)
	at java.util.concurrent.FutureTask.run(FutureTask.java:266)
	at java.util.concurrent.ThreadPoolExecutor.runWorker(ThreadPoolExecutor.java:1149)
	at java.util.concurrent.ThreadPoolExecutor$Worker.run(ThreadPoolExecutor.java:624)
	... 1 more
Caused by: org.apache.ratis.thirdparty.io.netty.channel.AbstractChannel$AnnotatedConnectException: Connection refused: /192.168.164.217:37197
	at sun.nio.ch.SocketChannelImpl.checkConnect(Native Method)
	at sun.nio.ch.SocketChannelImpl.finishConnect(SocketChannelImpl.java:717)
	at org.apache.ratis.thirdparty.io.netty.channel.socket.nio.NioSocketChannel.doFinishConnect(NioSocketChannel.java:327)
	at org.apache.ratis.thirdparty.io.netty.channel.nio.AbstractNioChannel$AbstractNioUnsafe.finishConnect(AbstractNioChannel.java:340)
	at org.apache.ratis.thirdparty.io.netty.channel.nio.NioEventLoop.processSelectedKey(NioEventLoop.java:632)
	at org.apache.ratis.thirdparty.io.netty.channel.nio.NioEventLoop.processSelectedKeysOptimized(NioEventLoop.java:579)
	at org.apache.ratis.thirdparty.io.netty.channel.nio.NioEventLoop.processSelectedKeys(NioEventLoop.java:496)
	at org.apache.ratis.thirdparty.io.netty.channel.nio.NioEventLoop.run(NioEventLoop.java:458)
	at org.apache.ratis.thirdparty.io.netty.util.concurrent.SingleThreadEventExecutor$5.run(SingleThreadEventExecutor.java:897)
	at org.apache.ratis.thirdparty.io.netty.util.concurrent.FastThreadLocalRunnable.run(FastThreadLocalRunnable.java:30)
	... 1 more
Caused by: java.net.ConnectException: Connection refused
	... 11 more
2019-11-05 08:24:16,927 [4a682f4f-c3f2-4b77-88b7-f0ab78890feb@group-0DB8C7688BF9-LeaderElection425] INFO  impl.RaftServerImpl (RaftServerImpl.java:setRole(184)) - 4a682f4f-c3f2-4b77-88b7-f0ab78890feb@group-0DB8C7688BF9: changes role from CANDIDATE to FOLLOWER at term 217 for DISCOVERED_A_NEW_TERM
2019-11-05 08:24:16,930 [4a682f4f-c3f2-4b77-88b7-f0ab78890feb@group-0DB8C7688BF9-LeaderElection425] INFO  impl.RoleInfo (RoleInfo.java:shutdownLeaderElection(134)) - 4a682f4f-c3f2-4b77-88b7-f0ab78890feb: shutdown LeaderElection
2019-11-05 08:24:16,930 [4a682f4f-c3f2-4b77-88b7-f0ab78890feb@group-0DB8C7688BF9-LeaderElection425] INFO  impl.RoleInfo (RoleInfo.java:updateAndGet(143)) - 4a682f4f-c3f2-4b77-88b7-f0ab78890feb: start FollowerState
2019-11-05 08:24:16,930 [grpc-default-executor-4] INFO  impl.RaftServerImpl (RaftServerImpl.java:setRole(184)) - b3bb9051-8089-4c51-a999-81579e5913f2@group-0E159EE4F99E: changes role from  FOLLOWER to FOLLOWER at term 229 for recognizeCandidate:a8ae9c07-6d89-4a49-a594-cacd4b776180
2019-11-05 08:24:16,930 [grpc-default-executor-4] INFO  impl.RoleInfo (RoleInfo.java:shutdownFollowerState(121)) - b3bb9051-8089-4c51-a999-81579e5913f2: shutdown FollowerState
2019-11-05 08:24:16,930 [grpc-default-executor-4] INFO  impl.RoleInfo (RoleInfo.java:updateAndGet(143)) - b3bb9051-8089-4c51-a999-81579e5913f2: start FollowerState
2019-11-05 08:24:16,931 [Thread-3201] INFO  impl.FollowerState (FollowerState.java:run(117)) - b3bb9051-8089-4c51-a999-81579e5913f2@group-0E159EE4F99E-FollowerState was interrupted: java.lang.InterruptedException: sleep interrupted
2019-11-05 08:24:16,942 [a8ae9c07-6d89-4a49-a594-cacd4b776180@group-0E159EE4F99E-LeaderElection426] INFO  impl.LeaderElection (LeaderElection.java:logAndReturn(56)) - a8ae9c07-6d89-4a49-a594-cacd4b776180@group-0E159EE4F99E-LeaderElection426: Election TIMEOUT; received 0 response(s) [] and 1 exception(s); a8ae9c07-6d89-4a49-a594-cacd4b776180@group-0E159EE4F99E:t229, leader=null, voted=a8ae9c07-6d89-4a49-a594-cacd4b776180, raftlog=a8ae9c07-6d89-4a49-a594-cacd4b776180@group-0E159EE4F99E-SegmentedRaftLog:OPENED:c-1,f-1,i0, conf=-1: [caafcba9-090a-41f5-a5f9-cba5a6a81e94:192.168.164.217:37197, a8ae9c07-6d89-4a49-a594-cacd4b776180:192.168.164.217:42719, b3bb9051-8089-4c51-a999-81579e5913f2:192.168.164.217:36516], old=null
2019-11-05 08:24:16,942 [a8ae9c07-6d89-4a49-a594-cacd4b776180@group-0E159EE4F99E-LeaderElection426] INFO  impl.LeaderElection (LogUtils.java:infoOrTrace(149)) -   Exception 0: {}
java.util.concurrent.ExecutionException: org.apache.ratis.thirdparty.io.grpc.StatusRuntimeException: UNAVAILABLE: io exception
	at java.util.concurrent.FutureTask.report(FutureTask.java:122)
	at java.util.concurrent.FutureTask.get(FutureTask.java:192)
	at org.apache.ratis.server.impl.LeaderElection.waitForResults(LeaderElection.java:259)
	at org.apache.ratis.server.impl.LeaderElection.askForVotes(LeaderElection.java:197)
	at org.apache.ratis.server.impl.LeaderElection.run(LeaderElection.java:133)
	at java.lang.Thread.run(Thread.java:748)
Caused by: org.apache.ratis.thirdparty.io.grpc.StatusRuntimeException: UNAVAILABLE: io exception
	at org.apache.ratis.thirdparty.io.grpc.stub.ClientCalls.toStatusRuntimeException(ClientCalls.java:233)
	at org.apache.ratis.thirdparty.io.grpc.stub.ClientCalls.getUnchecked(ClientCalls.java:214)
	at org.apache.ratis.thirdparty.io.grpc.stub.ClientCalls.blockingUnaryCall(ClientCalls.java:139)
	at org.apache.ratis.proto.grpc.RaftServerProtocolServiceGrpc$RaftServerProtocolServiceBlockingStub.requestVote(RaftServerProtocolServiceGrpc.java:265)
	at org.apache.ratis.grpc.server.GrpcServerProtocolClient.requestVote(GrpcServerProtocolClient.java:99)
	at org.apache.ratis.grpc.server.GrpcService.requestVote(GrpcService.java:204)
	at org.apache.ratis.server.impl.LeaderElection.lambda$submitRequests$1(LeaderElection.java:234)
	at java.util.concurrent.FutureTask.run(FutureTask.java:266)
	at java.util.concurrent.Executors$RunnableAdapter.call(Executors.java:511)
	at java.util.concurrent.FutureTask.run(FutureTask.java:266)
	at java.util.concurrent.ThreadPoolExecutor.runWorker(ThreadPoolExecutor.java:1149)
	at java.util.concurrent.ThreadPoolExecutor$Worker.run(ThreadPoolExecutor.java:624)
	... 1 more
Caused by: org.apache.ratis.thirdparty.io.netty.channel.AbstractChannel$AnnotatedConnectException: Connection refused: /192.168.164.217:37197
	at sun.nio.ch.SocketChannelImpl.checkConnect(Native Method)
	at sun.nio.ch.SocketChannelImpl.finishConnect(SocketChannelImpl.java:717)
	at org.apache.ratis.thirdparty.io.netty.channel.socket.nio.NioSocketChannel.doFinishConnect(NioSocketChannel.java:327)
	at org.apache.ratis.thirdparty.io.netty.channel.nio.AbstractNioChannel$AbstractNioUnsafe.finishConnect(AbstractNioChannel.java:340)
	at org.apache.ratis.thirdparty.io.netty.channel.nio.NioEventLoop.processSelectedKey(NioEventLoop.java:632)
	at org.apache.ratis.thirdparty.io.netty.channel.nio.NioEventLoop.processSelectedKeysOptimized(NioEventLoop.java:579)
	at org.apache.ratis.thirdparty.io.netty.channel.nio.NioEventLoop.processSelectedKeys(NioEventLoop.java:496)
	at org.apache.ratis.thirdparty.io.netty.channel.nio.NioEventLoop.run(NioEventLoop.java:458)
	at org.apache.ratis.thirdparty.io.netty.util.concurrent.SingleThreadEventExecutor$5.run(SingleThreadEventExecutor.java:897)
	at org.apache.ratis.thirdparty.io.netty.util.concurrent.FastThreadLocalRunnable.run(FastThreadLocalRunnable.java:30)
	... 1 more
Caused by: java.net.ConnectException: Connection refused
	... 11 more
2019-11-05 08:24:16,946 [a8ae9c07-6d89-4a49-a594-cacd4b776180@group-0E159EE4F99E-LeaderElection426] INFO  impl.LeaderElection (LeaderElection.java:askForVotes(178)) - a8ae9c07-6d89-4a49-a594-cacd4b776180@group-0E159EE4F99E-LeaderElection426: begin an election at term 230 for -1: [caafcba9-090a-41f5-a5f9-cba5a6a81e94:192.168.164.217:37197, a8ae9c07-6d89-4a49-a594-cacd4b776180:192.168.164.217:42719, b3bb9051-8089-4c51-a999-81579e5913f2:192.168.164.217:36516], old=null
2019-11-05 08:24:16,947 [a8ae9c07-6d89-4a49-a594-cacd4b776180@group-0E159EE4F99E-LeaderElection426] INFO  impl.LeaderElection (LogUtils.java:infoOrTrace(149)) - a8ae9c07-6d89-4a49-a594-cacd4b776180@group-0E159EE4F99E-LeaderElection426 got exception when requesting votes: {}
java.util.concurrent.ExecutionException: org.apache.ratis.thirdparty.io.grpc.StatusRuntimeException: UNAVAILABLE: io exception
	at java.util.concurrent.FutureTask.report(FutureTask.java:122)
	at java.util.concurrent.FutureTask.get(FutureTask.java:192)
	at org.apache.ratis.server.impl.LeaderElection.waitForResults(LeaderElection.java:259)
	at org.apache.ratis.server.impl.LeaderElection.askForVotes(LeaderElection.java:197)
	at org.apache.ratis.server.impl.LeaderElection.run(LeaderElection.java:133)
	at java.lang.Thread.run(Thread.java:748)
Caused by: org.apache.ratis.thirdparty.io.grpc.StatusRuntimeException: UNAVAILABLE: io exception
	at org.apache.ratis.thirdparty.io.grpc.stub.ClientCalls.toStatusRuntimeException(ClientCalls.java:233)
	at org.apache.ratis.thirdparty.io.grpc.stub.ClientCalls.getUnchecked(ClientCalls.java:214)
	at org.apache.ratis.thirdparty.io.grpc.stub.ClientCalls.blockingUnaryCall(ClientCalls.java:139)
	at org.apache.ratis.proto.grpc.RaftServerProtocolServiceGrpc$RaftServerProtocolServiceBlockingStub.requestVote(RaftServerProtocolServiceGrpc.java:265)
	at org.apache.ratis.grpc.server.GrpcServerProtocolClient.requestVote(GrpcServerProtocolClient.java:99)
	at org.apache.ratis.grpc.server.GrpcService.requestVote(GrpcService.java:204)
	at org.apache.ratis.server.impl.LeaderElection.lambda$submitRequests$1(LeaderElection.java:234)
	at java.util.concurrent.FutureTask.run(FutureTask.java:266)
	at java.util.concurrent.Executors$RunnableAdapter.call(Executors.java:511)
	at java.util.concurrent.FutureTask.run(FutureTask.java:266)
	at java.util.concurrent.ThreadPoolExecutor.runWorker(ThreadPoolExecutor.java:1149)
	at java.util.concurrent.ThreadPoolExecutor$Worker.run(ThreadPoolExecutor.java:624)
	... 1 more
Caused by: org.apache.ratis.thirdparty.io.netty.channel.AbstractChannel$AnnotatedConnectException: Connection refused: /192.168.164.217:37197
	at sun.nio.ch.SocketChannelImpl.checkConnect(Native Method)
	at sun.nio.ch.SocketChannelImpl.finishConnect(SocketChannelImpl.java:717)
	at org.apache.ratis.thirdparty.io.netty.channel.socket.nio.NioSocketChannel.doFinishConnect(NioSocketChannel.java:327)
	at org.apache.ratis.thirdparty.io.netty.channel.nio.AbstractNioChannel$AbstractNioUnsafe.finishConnect(AbstractNioChannel.java:340)
	at org.apache.ratis.thirdparty.io.netty.channel.nio.NioEventLoop.processSelectedKey(NioEventLoop.java:632)
	at org.apache.ratis.thirdparty.io.netty.channel.nio.NioEventLoop.processSelectedKeysOptimized(NioEventLoop.java:579)
	at org.apache.ratis.thirdparty.io.netty.channel.nio.NioEventLoop.processSelectedKeys(NioEventLoop.java:496)
	at org.apache.ratis.thirdparty.io.netty.channel.nio.NioEventLoop.run(NioEventLoop.java:458)
	at org.apache.ratis.thirdparty.io.netty.util.concurrent.SingleThreadEventExecutor$5.run(SingleThreadEventExecutor.java:897)
	at org.apache.ratis.thirdparty.io.netty.util.concurrent.FastThreadLocalRunnable.run(FastThreadLocalRunnable.java:30)
	... 1 more
Caused by: java.net.ConnectException: Connection refused
	... 11 more
2019-11-05 08:24:16,949 [grpc-default-executor-4] INFO  impl.RaftServerImpl (RaftServerImpl.java:setRole(184)) - b3bb9051-8089-4c51-a999-81579e5913f2@group-0E159EE4F99E: changes role from  FOLLOWER to FOLLOWER at term 230 for recognizeCandidate:a8ae9c07-6d89-4a49-a594-cacd4b776180
2019-11-05 08:24:16,950 [grpc-default-executor-4] INFO  impl.RoleInfo (RoleInfo.java:shutdownFollowerState(121)) - b3bb9051-8089-4c51-a999-81579e5913f2: shutdown FollowerState
2019-11-05 08:24:16,950 [grpc-default-executor-4] INFO  impl.RoleInfo (RoleInfo.java:updateAndGet(143)) - b3bb9051-8089-4c51-a999-81579e5913f2: start FollowerState
2019-11-05 08:24:16,950 [Thread-3212] INFO  impl.FollowerState (FollowerState.java:run(117)) - b3bb9051-8089-4c51-a999-81579e5913f2@group-0E159EE4F99E-FollowerState was interrupted: java.lang.InterruptedException: sleep interrupted
2019-11-05 08:24:16,963 [a8ae9c07-6d89-4a49-a594-cacd4b776180@group-0E159EE4F99E-LeaderElection426] INFO  impl.LeaderElection (LeaderElection.java:logAndReturn(56)) - a8ae9c07-6d89-4a49-a594-cacd4b776180@group-0E159EE4F99E-LeaderElection426: Election REJECTED; received 1 response(s) [a8ae9c07-6d89-4a49-a594-cacd4b776180<-b3bb9051-8089-4c51-a999-81579e5913f2#0:FAIL-t230] and 1 exception(s); a8ae9c07-6d89-4a49-a594-cacd4b776180@group-0E159EE4F99E:t230, leader=null, voted=a8ae9c07-6d89-4a49-a594-cacd4b776180, raftlog=a8ae9c07-6d89-4a49-a594-cacd4b776180@group-0E159EE4F99E-SegmentedRaftLog:OPENED:c-1,f-1,i0, conf=-1: [caafcba9-090a-41f5-a5f9-cba5a6a81e94:192.168.164.217:37197, a8ae9c07-6d89-4a49-a594-cacd4b776180:192.168.164.217:42719, b3bb9051-8089-4c51-a999-81579e5913f2:192.168.164.217:36516], old=null
2019-11-05 08:24:16,963 [a8ae9c07-6d89-4a49-a594-cacd4b776180@group-0E159EE4F99E-LeaderElection426] INFO  impl.LeaderElection (LogUtils.java:infoOrTrace(149)) -   Exception 0: {}
java.util.concurrent.ExecutionException: org.apache.ratis.thirdparty.io.grpc.StatusRuntimeException: UNAVAILABLE: io exception
	at java.util.concurrent.FutureTask.report(FutureTask.java:122)
	at java.util.concurrent.FutureTask.get(FutureTask.java:192)
	at org.apache.ratis.server.impl.LeaderElection.waitForResults(LeaderElection.java:259)
	at org.apache.ratis.server.impl.LeaderElection.askForVotes(LeaderElection.java:197)
	at org.apache.ratis.server.impl.LeaderElection.run(LeaderElection.java:133)
	at java.lang.Thread.run(Thread.java:748)
Caused by: org.apache.ratis.thirdparty.io.grpc.StatusRuntimeException: UNAVAILABLE: io exception
	at org.apache.ratis.thirdparty.io.grpc.stub.ClientCalls.toStatusRuntimeException(ClientCalls.java:233)
	at org.apache.ratis.thirdparty.io.grpc.stub.ClientCalls.getUnchecked(ClientCalls.java:214)
	at org.apache.ratis.thirdparty.io.grpc.stub.ClientCalls.blockingUnaryCall(ClientCalls.java:139)
	at org.apache.ratis.proto.grpc.RaftServerProtocolServiceGrpc$RaftServerProtocolServiceBlockingStub.requestVote(RaftServerProtocolServiceGrpc.java:265)
	at org.apache.ratis.grpc.server.GrpcServerProtocolClient.requestVote(GrpcServerProtocolClient.java:99)
	at org.apache.ratis.grpc.server.GrpcService.requestVote(GrpcService.java:204)
	at org.apache.ratis.server.impl.LeaderElection.lambda$submitRequests$1(LeaderElection.java:234)
	at java.util.concurrent.FutureTask.run(FutureTask.java:266)
	at java.util.concurrent.Executors$RunnableAdapter.call(Executors.java:511)
	at java.util.concurrent.FutureTask.run(FutureTask.java:266)
	at java.util.concurrent.ThreadPoolExecutor.runWorker(ThreadPoolExecutor.java:1149)
	at java.util.concurrent.ThreadPoolExecutor$Worker.run(ThreadPoolExecutor.java:624)
	... 1 more
Caused by: org.apache.ratis.thirdparty.io.netty.channel.AbstractChannel$AnnotatedConnectException: Connection refused: /192.168.164.217:37197
	at sun.nio.ch.SocketChannelImpl.checkConnect(Native Method)
	at sun.nio.ch.SocketChannelImpl.finishConnect(SocketChannelImpl.java:717)
	at org.apache.ratis.thirdparty.io.netty.channel.socket.nio.NioSocketChannel.doFinishConnect(NioSocketChannel.java:327)
	at org.apache.ratis.thirdparty.io.netty.channel.nio.AbstractNioChannel$AbstractNioUnsafe.finishConnect(AbstractNioChannel.java:340)
	at org.apache.ratis.thirdparty.io.netty.channel.nio.NioEventLoop.processSelectedKey(NioEventLoop.java:632)
	at org.apache.ratis.thirdparty.io.netty.channel.nio.NioEventLoop.processSelectedKeysOptimized(NioEventLoop.java:579)
	at org.apache.ratis.thirdparty.io.netty.channel.nio.NioEventLoop.processSelectedKeys(NioEventLoop.java:496)
	at org.apache.ratis.thirdparty.io.netty.channel.nio.NioEventLoop.run(NioEventLoop.java:458)
	at org.apache.ratis.thirdparty.io.netty.util.concurrent.SingleThreadEventExecutor$5.run(SingleThreadEventExecutor.java:897)
	at org.apache.ratis.thirdparty.io.netty.util.concurrent.FastThreadLocalRunnable.run(FastThreadLocalRunnable.java:30)
	... 1 more
Caused by: java.net.ConnectException: Connection refused
	... 11 more
2019-11-05 08:24:16,964 [a8ae9c07-6d89-4a49-a594-cacd4b776180@group-0E159EE4F99E-LeaderElection426] INFO  impl.RaftServerImpl (RaftServerImpl.java:setRole(184)) - a8ae9c07-6d89-4a49-a594-cacd4b776180@group-0E159EE4F99E: changes role from CANDIDATE to FOLLOWER at term 230 for DISCOVERED_A_NEW_TERM
2019-11-05 08:24:16,964 [a8ae9c07-6d89-4a49-a594-cacd4b776180@group-0E159EE4F99E-LeaderElection426] INFO  impl.RoleInfo (RoleInfo.java:shutdownLeaderElection(134)) - a8ae9c07-6d89-4a49-a594-cacd4b776180: shutdown LeaderElection
2019-11-05 08:24:16,964 [a8ae9c07-6d89-4a49-a594-cacd4b776180@group-0E159EE4F99E-LeaderElection426] INFO  impl.RoleInfo (RoleInfo.java:updateAndGet(143)) - a8ae9c07-6d89-4a49-a594-cacd4b776180: start FollowerState
2019-11-05 08:24:17,002 [Thread-3211] INFO  impl.FollowerState (FollowerState.java:run(108)) - 4a682f4f-c3f2-4b77-88b7-f0ab78890feb@group-0DB8C7688BF9-FollowerState: change to CANDIDATE, lastRpcTime:72ms, electionTimeout:72ms
2019-11-05 08:24:17,003 [Thread-3211] INFO  impl.RoleInfo (RoleInfo.java:shutdownFollowerState(121)) - 4a682f4f-c3f2-4b77-88b7-f0ab78890feb: shutdown FollowerState
2019-11-05 08:24:17,003 [Thread-3211] INFO  impl.RaftServerImpl (RaftServerImpl.java:setRole(184)) - 4a682f4f-c3f2-4b77-88b7-f0ab78890feb@group-0DB8C7688BF9: changes role from  FOLLOWER to CANDIDATE at term 217 for changeToCandidate
2019-11-05 08:24:17,003 [Thread-3211] INFO  impl.RoleInfo (RoleInfo.java:updateAndGet(143)) - 4a682f4f-c3f2-4b77-88b7-f0ab78890feb: start LeaderElection
2019-11-05 08:24:17,017 [4a682f4f-c3f2-4b77-88b7-f0ab78890feb@group-0DB8C7688BF9-LeaderElection427] INFO  impl.LeaderElection (LeaderElection.java:askForVotes(178)) - 4a682f4f-c3f2-4b77-88b7-f0ab78890feb@group-0DB8C7688BF9-LeaderElection427: begin an election at term 218 for -1: [77ab65e6-d942-49df-83a3-1d4c0bf152b3:192.168.164.217:39381, 7e1b84a9-a041-44fd-8008-f2679426984c:192.168.164.217:44149, 4a682f4f-c3f2-4b77-88b7-f0ab78890feb:192.168.164.217:34174], old=null
2019-11-05 08:24:17,019 [grpc-default-executor-4] INFO  impl.RaftServerImpl (RaftServerImpl.java:setRole(184)) - 77ab65e6-d942-49df-83a3-1d4c0bf152b3@group-0DB8C7688BF9: changes role from  FOLLOWER to FOLLOWER at term 218 for recognizeCandidate:4a682f4f-c3f2-4b77-88b7-f0ab78890feb
2019-11-05 08:24:17,019 [grpc-default-executor-4] INFO  impl.RoleInfo (RoleInfo.java:shutdownFollowerState(121)) - 77ab65e6-d942-49df-83a3-1d4c0bf152b3: shutdown FollowerState
2019-11-05 08:24:17,019 [grpc-default-executor-0] INFO  impl.RaftServerImpl (RaftServerImpl.java:setRole(184)) - 7e1b84a9-a041-44fd-8008-f2679426984c@group-0DB8C7688BF9: changes role from  FOLLOWER to FOLLOWER at term 218 for recognizeCandidate:4a682f4f-c3f2-4b77-88b7-f0ab78890feb
2019-11-05 08:24:17,019 [grpc-default-executor-0] INFO  impl.RoleInfo (RoleInfo.java:shutdownFollowerState(121)) - 7e1b84a9-a041-44fd-8008-f2679426984c: shutdown FollowerState
2019-11-05 08:24:17,019 [Thread-3206] INFO  impl.FollowerState (FollowerState.java:run(117)) - 77ab65e6-d942-49df-83a3-1d4c0bf152b3@group-0DB8C7688BF9-FollowerState was interrupted: java.lang.InterruptedException: sleep interrupted
2019-11-05 08:24:17,019 [grpc-default-executor-4] INFO  impl.RoleInfo (RoleInfo.java:updateAndGet(143)) - 77ab65e6-d942-49df-83a3-1d4c0bf152b3: start FollowerState
2019-11-05 08:24:17,020 [Thread-3207] INFO  impl.FollowerState (FollowerState.java:run(117)) - 7e1b84a9-a041-44fd-8008-f2679426984c@group-0DB8C7688BF9-FollowerState was interrupted: java.lang.InterruptedException: sleep interrupted
2019-11-05 08:24:17,020 [grpc-default-executor-0] INFO  impl.RoleInfo (RoleInfo.java:updateAndGet(143)) - 7e1b84a9-a041-44fd-8008-f2679426984c: start FollowerState
2019-11-05 08:24:17,034 [4a682f4f-c3f2-4b77-88b7-f0ab78890feb@group-0DB8C7688BF9-LeaderElection427] INFO  impl.LeaderElection (LeaderElection.java:logAndReturn(56)) - 4a682f4f-c3f2-4b77-88b7-f0ab78890feb@group-0DB8C7688BF9-LeaderElection427: Election REJECTED; received 2 response(s) [4a682f4f-c3f2-4b77-88b7-f0ab78890feb<-77ab65e6-d942-49df-83a3-1d4c0bf152b3#0:FAIL-t218, 4a682f4f-c3f2-4b77-88b7-f0ab78890feb<-7e1b84a9-a041-44fd-8008-f2679426984c#0:FAIL-t218] and 0 exception(s); 4a682f4f-c3f2-4b77-88b7-f0ab78890feb@group-0DB8C7688BF9:t218, leader=null, voted=4a682f4f-c3f2-4b77-88b7-f0ab78890feb, raftlog=4a682f4f-c3f2-4b77-88b7-f0ab78890feb@group-0DB8C7688BF9-SegmentedRaftLog:OPENED:c-1,f-1,i0, conf=-1: [77ab65e6-d942-49df-83a3-1d4c0bf152b3:192.168.164.217:39381, 7e1b84a9-a041-44fd-8008-f2679426984c:192.168.164.217:44149, 4a682f4f-c3f2-4b77-88b7-f0ab78890feb:192.168.164.217:34174], old=null
2019-11-05 08:24:17,035 [4a682f4f-c3f2-4b77-88b7-f0ab78890feb@group-0DB8C7688BF9-LeaderElection427] INFO  impl.RaftServerImpl (RaftServerImpl.java:setRole(184)) - 4a682f4f-c3f2-4b77-88b7-f0ab78890feb@group-0DB8C7688BF9: changes role from CANDIDATE to FOLLOWER at term 218 for DISCOVERED_A_NEW_TERM
2019-11-05 08:24:17,035 [4a682f4f-c3f2-4b77-88b7-f0ab78890feb@group-0DB8C7688BF9-LeaderElection427] INFO  impl.RoleInfo (RoleInfo.java:shutdownLeaderElection(134)) - 4a682f4f-c3f2-4b77-88b7-f0ab78890feb: shutdown LeaderElection
2019-11-05 08:24:17,035 [4a682f4f-c3f2-4b77-88b7-f0ab78890feb@group-0DB8C7688BF9-LeaderElection427] INFO  impl.RoleInfo (RoleInfo.java:updateAndGet(143)) - 4a682f4f-c3f2-4b77-88b7-f0ab78890feb: start FollowerState
2019-11-05 08:24:17,084 [Thread-3222] INFO  impl.FollowerState (FollowerState.java:run(108)) - 4a682f4f-c3f2-4b77-88b7-f0ab78890feb@group-0DB8C7688BF9-FollowerState: change to CANDIDATE, lastRpcTime:49ms, electionTimeout:49ms
2019-11-05 08:24:17,084 [Thread-3222] INFO  impl.RoleInfo (RoleInfo.java:shutdownFollowerState(121)) - 4a682f4f-c3f2-4b77-88b7-f0ab78890feb: shutdown FollowerState
2019-11-05 08:24:17,085 [Thread-3222] INFO  impl.RaftServerImpl (RaftServerImpl.java:setRole(184)) - 4a682f4f-c3f2-4b77-88b7-f0ab78890feb@group-0DB8C7688BF9: changes role from  FOLLOWER to CANDIDATE at term 218 for changeToCandidate
2019-11-05 08:24:17,085 [Thread-3222] INFO  impl.RoleInfo (RoleInfo.java:updateAndGet(143)) - 4a682f4f-c3f2-4b77-88b7-f0ab78890feb: start LeaderElection
2019-11-05 08:24:17,098 [4a682f4f-c3f2-4b77-88b7-f0ab78890feb@group-0DB8C7688BF9-LeaderElection428] INFO  impl.LeaderElection (LeaderElection.java:askForVotes(178)) - 4a682f4f-c3f2-4b77-88b7-f0ab78890feb@group-0DB8C7688BF9-LeaderElection428: begin an election at term 219 for -1: [77ab65e6-d942-49df-83a3-1d4c0bf152b3:192.168.164.217:39381, 7e1b84a9-a041-44fd-8008-f2679426984c:192.168.164.217:44149, 4a682f4f-c3f2-4b77-88b7-f0ab78890feb:192.168.164.217:34174], old=null
2019-11-05 08:24:17,100 [grpc-default-executor-4] INFO  impl.RaftServerImpl (RaftServerImpl.java:setRole(184)) - 77ab65e6-d942-49df-83a3-1d4c0bf152b3@group-0DB8C7688BF9: changes role from  FOLLOWER to FOLLOWER at term 219 for recognizeCandidate:4a682f4f-c3f2-4b77-88b7-f0ab78890feb
2019-11-05 08:24:17,100 [grpc-default-executor-4] INFO  impl.RoleInfo (RoleInfo.java:shutdownFollowerState(121)) - 77ab65e6-d942-49df-83a3-1d4c0bf152b3: shutdown FollowerState
2019-11-05 08:24:17,101 [grpc-default-executor-4] INFO  impl.RoleInfo (RoleInfo.java:updateAndGet(143)) - 77ab65e6-d942-49df-83a3-1d4c0bf152b3: start FollowerState
2019-11-05 08:24:17,101 [Thread-3220] INFO  impl.FollowerState (FollowerState.java:run(117)) - 77ab65e6-d942-49df-83a3-1d4c0bf152b3@group-0DB8C7688BF9-FollowerState was interrupted: java.lang.InterruptedException: sleep interrupted
2019-11-05 08:24:17,101 [grpc-default-executor-0] INFO  impl.RaftServerImpl (RaftServerImpl.java:setRole(184)) - 7e1b84a9-a041-44fd-8008-f2679426984c@group-0DB8C7688BF9: changes role from  FOLLOWER to FOLLOWER at term 219 for recognizeCandidate:4a682f4f-c3f2-4b77-88b7-f0ab78890feb
2019-11-05 08:24:17,101 [grpc-default-executor-0] INFO  impl.RoleInfo (RoleInfo.java:shutdownFollowerState(121)) - 7e1b84a9-a041-44fd-8008-f2679426984c: shutdown FollowerState
2019-11-05 08:24:17,101 [grpc-default-executor-0] INFO  impl.RoleInfo (RoleInfo.java:updateAndGet(143)) - 7e1b84a9-a041-44fd-8008-f2679426984c: start FollowerState
2019-11-05 08:24:17,101 [Thread-3221] INFO  impl.FollowerState (FollowerState.java:run(117)) - 7e1b84a9-a041-44fd-8008-f2679426984c@group-0DB8C7688BF9-FollowerState was interrupted: java.lang.InterruptedException: sleep interrupted
2019-11-05 08:24:17,115 [4a682f4f-c3f2-4b77-88b7-f0ab78890feb@group-0DB8C7688BF9-LeaderElection428] INFO  impl.LeaderElection (LeaderElection.java:logAndReturn(56)) - 4a682f4f-c3f2-4b77-88b7-f0ab78890feb@group-0DB8C7688BF9-LeaderElection428: Election REJECTED; received 2 response(s) [4a682f4f-c3f2-4b77-88b7-f0ab78890feb<-77ab65e6-d942-49df-83a3-1d4c0bf152b3#0:FAIL-t219, 4a682f4f-c3f2-4b77-88b7-f0ab78890feb<-7e1b84a9-a041-44fd-8008-f2679426984c#0:FAIL-t219] and 0 exception(s); 4a682f4f-c3f2-4b77-88b7-f0ab78890feb@group-0DB8C7688BF9:t219, leader=null, voted=4a682f4f-c3f2-4b77-88b7-f0ab78890feb, raftlog=4a682f4f-c3f2-4b77-88b7-f0ab78890feb@group-0DB8C7688BF9-SegmentedRaftLog:OPENED:c-1,f-1,i0, conf=-1: [77ab65e6-d942-49df-83a3-1d4c0bf152b3:192.168.164.217:39381, 7e1b84a9-a041-44fd-8008-f2679426984c:192.168.164.217:44149, 4a682f4f-c3f2-4b77-88b7-f0ab78890feb:192.168.164.217:34174], old=null
2019-11-05 08:24:17,115 [4a682f4f-c3f2-4b77-88b7-f0ab78890feb@group-0DB8C7688BF9-LeaderElection428] INFO  impl.RaftServerImpl (RaftServerImpl.java:setRole(184)) - 4a682f4f-c3f2-4b77-88b7-f0ab78890feb@group-0DB8C7688BF9: changes role from CANDIDATE to FOLLOWER at term 219 for DISCOVERED_A_NEW_TERM
2019-11-05 08:24:17,115 [4a682f4f-c3f2-4b77-88b7-f0ab78890feb@group-0DB8C7688BF9-LeaderElection428] INFO  impl.RoleInfo (RoleInfo.java:shutdownLeaderElection(134)) - 4a682f4f-c3f2-4b77-88b7-f0ab78890feb: shutdown LeaderElection
2019-11-05 08:24:17,115 [4a682f4f-c3f2-4b77-88b7-f0ab78890feb@group-0DB8C7688BF9-LeaderElection428] INFO  impl.RoleInfo (RoleInfo.java:updateAndGet(143)) - 4a682f4f-c3f2-4b77-88b7-f0ab78890feb: start FollowerState
2019-11-05 08:24:17,144 [Thread-3216] INFO  impl.FollowerState (FollowerState.java:run(108)) - a8ae9c07-6d89-4a49-a594-cacd4b776180@group-0E159EE4F99E-FollowerState: change to CANDIDATE, lastRpcTime:180ms, electionTimeout:180ms
2019-11-05 08:24:17,144 [Thread-3216] INFO  impl.RoleInfo (RoleInfo.java:shutdownFollowerState(121)) - a8ae9c07-6d89-4a49-a594-cacd4b776180: shutdown FollowerState
2019-11-05 08:24:17,144 [Thread-3216] INFO  impl.RaftServerImpl (RaftServerImpl.java:setRole(184)) - a8ae9c07-6d89-4a49-a594-cacd4b776180@group-0E159EE4F99E: changes role from  FOLLOWER to CANDIDATE at term 230 for changeToCandidate
2019-11-05 08:24:17,145 [Thread-3216] INFO  impl.RoleInfo (RoleInfo.java:updateAndGet(143)) - a8ae9c07-6d89-4a49-a594-cacd4b776180: start LeaderElection
2019-11-05 08:24:17,158 [a8ae9c07-6d89-4a49-a594-cacd4b776180@group-0E159EE4F99E-LeaderElection429] INFO  impl.LeaderElection (LeaderElection.java:askForVotes(178)) - a8ae9c07-6d89-4a49-a594-cacd4b776180@group-0E159EE4F99E-LeaderElection429: begin an election at term 231 for -1: [caafcba9-090a-41f5-a5f9-cba5a6a81e94:192.168.164.217:37197, a8ae9c07-6d89-4a49-a594-cacd4b776180:192.168.164.217:42719, b3bb9051-8089-4c51-a999-81579e5913f2:192.168.164.217:36516], old=null
2019-11-05 08:24:17,159 [a8ae9c07-6d89-4a49-a594-cacd4b776180@group-0E159EE4F99E-LeaderElection429] INFO  impl.LeaderElection (LogUtils.java:infoOrTrace(149)) - a8ae9c07-6d89-4a49-a594-cacd4b776180@group-0E159EE4F99E-LeaderElection429 got exception when requesting votes: {}
java.util.concurrent.ExecutionException: org.apache.ratis.thirdparty.io.grpc.StatusRuntimeException: UNAVAILABLE: io exception
	at java.util.concurrent.FutureTask.report(FutureTask.java:122)
	at java.util.concurrent.FutureTask.get(FutureTask.java:192)
	at org.apache.ratis.server.impl.LeaderElection.waitForResults(LeaderElection.java:259)
	at org.apache.ratis.server.impl.LeaderElection.askForVotes(LeaderElection.java:197)
	at org.apache.ratis.server.impl.LeaderElection.run(LeaderElection.java:133)
	at java.lang.Thread.run(Thread.java:748)
Caused by: org.apache.ratis.thirdparty.io.grpc.StatusRuntimeException: UNAVAILABLE: io exception
	at org.apache.ratis.thirdparty.io.grpc.stub.ClientCalls.toStatusRuntimeException(ClientCalls.java:233)
	at org.apache.ratis.thirdparty.io.grpc.stub.ClientCalls.getUnchecked(ClientCalls.java:214)
	at org.apache.ratis.thirdparty.io.grpc.stub.ClientCalls.blockingUnaryCall(ClientCalls.java:139)
	at org.apache.ratis.proto.grpc.RaftServerProtocolServiceGrpc$RaftServerProtocolServiceBlockingStub.requestVote(RaftServerProtocolServiceGrpc.java:265)
	at org.apache.ratis.grpc.server.GrpcServerProtocolClient.requestVote(GrpcServerProtocolClient.java:99)
	at org.apache.ratis.grpc.server.GrpcService.requestVote(GrpcService.java:204)
	at org.apache.ratis.server.impl.LeaderElection.lambda$submitRequests$1(LeaderElection.java:234)
	at java.util.concurrent.FutureTask.run(FutureTask.java:266)
	at java.util.concurrent.Executors$RunnableAdapter.call(Executors.java:511)
	at java.util.concurrent.FutureTask.run(FutureTask.java:266)
	at java.util.concurrent.ThreadPoolExecutor.runWorker(ThreadPoolExecutor.java:1149)
	at java.util.concurrent.ThreadPoolExecutor$Worker.run(ThreadPoolExecutor.java:624)
	... 1 more
Caused by: org.apache.ratis.thirdparty.io.netty.channel.AbstractChannel$AnnotatedConnectException: Connection refused: /192.168.164.217:37197
	at sun.nio.ch.SocketChannelImpl.checkConnect(Native Method)
	at sun.nio.ch.SocketChannelImpl.finishConnect(SocketChannelImpl.java:717)
	at org.apache.ratis.thirdparty.io.netty.channel.socket.nio.NioSocketChannel.doFinishConnect(NioSocketChannel.java:327)
	at org.apache.ratis.thirdparty.io.netty.channel.nio.AbstractNioChannel$AbstractNioUnsafe.finishConnect(AbstractNioChannel.java:340)
	at org.apache.ratis.thirdparty.io.netty.channel.nio.NioEventLoop.processSelectedKey(NioEventLoop.java:632)
	at org.apache.ratis.thirdparty.io.netty.channel.nio.NioEventLoop.processSelectedKeysOptimized(NioEventLoop.java:579)
	at org.apache.ratis.thirdparty.io.netty.channel.nio.NioEventLoop.processSelectedKeys(NioEventLoop.java:496)
	at org.apache.ratis.thirdparty.io.netty.channel.nio.NioEventLoop.run(NioEventLoop.java:458)
	at org.apache.ratis.thirdparty.io.netty.util.concurrent.SingleThreadEventExecutor$5.run(SingleThreadEventExecutor.java:897)
	at org.apache.ratis.thirdparty.io.netty.util.concurrent.FastThreadLocalRunnable.run(FastThreadLocalRunnable.java:30)
	... 1 more
Caused by: java.net.ConnectException: Connection refused
	... 11 more
2019-11-05 08:24:17,163 [grpc-default-executor-4] INFO  impl.RaftServerImpl (RaftServerImpl.java:setRole(184)) - b3bb9051-8089-4c51-a999-81579e5913f2@group-0E159EE4F99E: changes role from  FOLLOWER to FOLLOWER at term 231 for recognizeCandidate:a8ae9c07-6d89-4a49-a594-cacd4b776180
2019-11-05 08:24:17,163 [grpc-default-executor-4] INFO  impl.RoleInfo (RoleInfo.java:shutdownFollowerState(121)) - b3bb9051-8089-4c51-a999-81579e5913f2: shutdown FollowerState
2019-11-05 08:24:17,163 [grpc-default-executor-4] INFO  impl.RoleInfo (RoleInfo.java:updateAndGet(143)) - b3bb9051-8089-4c51-a999-81579e5913f2: start FollowerState
2019-11-05 08:24:17,163 [Thread-3215] INFO  impl.FollowerState (FollowerState.java:run(117)) - b3bb9051-8089-4c51-a999-81579e5913f2@group-0E159EE4F99E-FollowerState was interrupted: java.lang.InterruptedException: sleep interrupted
2019-11-05 08:24:17,177 [a8ae9c07-6d89-4a49-a594-cacd4b776180@group-0E159EE4F99E-LeaderElection429] INFO  impl.LeaderElection (LeaderElection.java:logAndReturn(56)) - a8ae9c07-6d89-4a49-a594-cacd4b776180@group-0E159EE4F99E-LeaderElection429: Election REJECTED; received 1 response(s) [a8ae9c07-6d89-4a49-a594-cacd4b776180<-b3bb9051-8089-4c51-a999-81579e5913f2#0:FAIL-t231] and 1 exception(s); a8ae9c07-6d89-4a49-a594-cacd4b776180@group-0E159EE4F99E:t231, leader=null, voted=a8ae9c07-6d89-4a49-a594-cacd4b776180, raftlog=a8ae9c07-6d89-4a49-a594-cacd4b776180@group-0E159EE4F99E-SegmentedRaftLog:OPENED:c-1,f-1,i0, conf=-1: [caafcba9-090a-41f5-a5f9-cba5a6a81e94:192.168.164.217:37197, a8ae9c07-6d89-4a49-a594-cacd4b776180:192.168.164.217:42719, b3bb9051-8089-4c51-a999-81579e5913f2:192.168.164.217:36516], old=null
2019-11-05 08:24:17,177 [a8ae9c07-6d89-4a49-a594-cacd4b776180@group-0E159EE4F99E-LeaderElection429] INFO  impl.LeaderElection (LogUtils.java:infoOrTrace(149)) -   Exception 0: {}
java.util.concurrent.ExecutionException: org.apache.ratis.thirdparty.io.grpc.StatusRuntimeException: UNAVAILABLE: io exception
	at java.util.concurrent.FutureTask.report(FutureTask.java:122)
	at java.util.concurrent.FutureTask.get(FutureTask.java:192)
	at org.apache.ratis.server.impl.LeaderElection.waitForResults(LeaderElection.java:259)
	at org.apache.ratis.server.impl.LeaderElection.askForVotes(LeaderElection.java:197)
	at org.apache.ratis.server.impl.LeaderElection.run(LeaderElection.java:133)
	at java.lang.Thread.run(Thread.java:748)
Caused by: org.apache.ratis.thirdparty.io.grpc.StatusRuntimeException: UNAVAILABLE: io exception
	at org.apache.ratis.thirdparty.io.grpc.stub.ClientCalls.toStatusRuntimeException(ClientCalls.java:233)
	at org.apache.ratis.thirdparty.io.grpc.stub.ClientCalls.getUnchecked(ClientCalls.java:214)
	at org.apache.ratis.thirdparty.io.grpc.stub.ClientCalls.blockingUnaryCall(ClientCalls.java:139)
	at org.apache.ratis.proto.grpc.RaftServerProtocolServiceGrpc$RaftServerProtocolServiceBlockingStub.requestVote(RaftServerProtocolServiceGrpc.java:265)
	at org.apache.ratis.grpc.server.GrpcServerProtocolClient.requestVote(GrpcServerProtocolClient.java:99)
	at org.apache.ratis.grpc.server.GrpcService.requestVote(GrpcService.java:204)
	at org.apache.ratis.server.impl.LeaderElection.lambda$submitRequests$1(LeaderElection.java:234)
	at java.util.concurrent.FutureTask.run(FutureTask.java:266)
	at java.util.concurrent.Executors$RunnableAdapter.call(Executors.java:511)
	at java.util.concurrent.FutureTask.run(FutureTask.java:266)
	at java.util.concurrent.ThreadPoolExecutor.runWorker(ThreadPoolExecutor.java:1149)
	at java.util.concurrent.ThreadPoolExecutor$Worker.run(ThreadPoolExecutor.java:624)
	... 1 more
Caused by: org.apache.ratis.thirdparty.io.netty.channel.AbstractChannel$AnnotatedConnectException: Connection refused: /192.168.164.217:37197
	at sun.nio.ch.SocketChannelImpl.checkConnect(Native Method)
	at sun.nio.ch.SocketChannelImpl.finishConnect(SocketChannelImpl.java:717)
	at org.apache.ratis.thirdparty.io.netty.channel.socket.nio.NioSocketChannel.doFinishConnect(NioSocketChannel.java:327)
	at org.apache.ratis.thirdparty.io.netty.channel.nio.AbstractNioChannel$AbstractNioUnsafe.finishConnect(AbstractNioChannel.java:340)
	at org.apache.ratis.thirdparty.io.netty.channel.nio.NioEventLoop.processSelectedKey(NioEventLoop.java:632)
	at org.apache.ratis.thirdparty.io.netty.channel.nio.NioEventLoop.processSelectedKeysOptimized(NioEventLoop.java:579)
	at org.apache.ratis.thirdparty.io.netty.channel.nio.NioEventLoop.processSelectedKeys(NioEventLoop.java:496)
	at org.apache.ratis.thirdparty.io.netty.channel.nio.NioEventLoop.run(NioEventLoop.java:458)
	at org.apache.ratis.thirdparty.io.netty.util.concurrent.SingleThreadEventExecutor$5.run(SingleThreadEventExecutor.java:897)
	at org.apache.ratis.thirdparty.io.netty.util.concurrent.FastThreadLocalRunnable.run(FastThreadLocalRunnable.java:30)
	... 1 more
Caused by: java.net.ConnectException: Connection refused
	... 11 more
2019-11-05 08:24:17,178 [a8ae9c07-6d89-4a49-a594-cacd4b776180@group-0E159EE4F99E-LeaderElection429] INFO  impl.RaftServerImpl (RaftServerImpl.java:setRole(184)) - a8ae9c07-6d89-4a49-a594-cacd4b776180@group-0E159EE4F99E: changes role from CANDIDATE to FOLLOWER at term 231 for DISCOVERED_A_NEW_TERM
2019-11-05 08:24:17,178 [a8ae9c07-6d89-4a49-a594-cacd4b776180@group-0E159EE4F99E-LeaderElection429] INFO  impl.RoleInfo (RoleInfo.java:shutdownLeaderElection(134)) - a8ae9c07-6d89-4a49-a594-cacd4b776180: shutdown LeaderElection
2019-11-05 08:24:17,178 [a8ae9c07-6d89-4a49-a594-cacd4b776180@group-0E159EE4F99E-LeaderElection429] INFO  impl.RoleInfo (RoleInfo.java:updateAndGet(143)) - a8ae9c07-6d89-4a49-a594-cacd4b776180: start FollowerState
2019-11-05 08:24:17,241 [java.util.concurrent.ThreadPoolExecutor$Worker@4893213[State = -1, empty queue]] WARN  server.GrpcLogAppender (GrpcLogAppender.java:timeoutAppendRequest(209)) - 6189f8a4-91dd-451f-abcb-72b2dcd73465@group-9D53872EEF85->fe5257f1-588f-41af-bf70-1c04126c8968-GrpcLogAppender: appendEntries Timeout, request=6189f8a4-91dd-451f-abcb-72b2dcd73465->fe5257f1-588f-41af-bf70-1c04126c8968#70-t4, previous=(t:4, i:20), leaderCommit=20, initializing? false, entries: <empty>
2019-11-05 08:24:17,292 [Thread-3228] INFO  impl.FollowerState (FollowerState.java:run(108)) - 4a682f4f-c3f2-4b77-88b7-f0ab78890feb@group-0DB8C7688BF9-FollowerState: change to CANDIDATE, lastRpcTime:176ms, electionTimeout:176ms
2019-11-05 08:24:17,292 [Thread-3228] INFO  impl.RoleInfo (RoleInfo.java:shutdownFollowerState(121)) - 4a682f4f-c3f2-4b77-88b7-f0ab78890feb: shutdown FollowerState
2019-11-05 08:24:17,292 [Thread-3228] INFO  impl.RaftServerImpl (RaftServerImpl.java:setRole(184)) - 4a682f4f-c3f2-4b77-88b7-f0ab78890feb@group-0DB8C7688BF9: changes role from  FOLLOWER to CANDIDATE at term 219 for changeToCandidate
2019-11-05 08:24:17,292 [Thread-3228] INFO  impl.RoleInfo (RoleInfo.java:updateAndGet(143)) - 4a682f4f-c3f2-4b77-88b7-f0ab78890feb: start LeaderElection
2019-11-05 08:24:17,292 [Thread-3233] INFO  impl.FollowerState (FollowerState.java:run(108)) - a8ae9c07-6d89-4a49-a594-cacd4b776180@group-0E159EE4F99E-FollowerState: change to CANDIDATE, lastRpcTime:114ms, electionTimeout:114ms
2019-11-05 08:24:17,293 [Thread-3233] INFO  impl.RoleInfo (RoleInfo.java:shutdownFollowerState(121)) - a8ae9c07-6d89-4a49-a594-cacd4b776180: shutdown FollowerState
2019-11-05 08:24:17,293 [Thread-3233] INFO  impl.RaftServerImpl (RaftServerImpl.java:setRole(184)) - a8ae9c07-6d89-4a49-a594-cacd4b776180@group-0E159EE4F99E: changes role from  FOLLOWER to CANDIDATE at term 231 for changeToCandidate
2019-11-05 08:24:17,293 [Thread-3233] INFO  impl.RoleInfo (RoleInfo.java:updateAndGet(143)) - a8ae9c07-6d89-4a49-a594-cacd4b776180: start LeaderElection
2019-11-05 08:24:17,306 [4a682f4f-c3f2-4b77-88b7-f0ab78890feb@group-0DB8C7688BF9-LeaderElection430] INFO  impl.LeaderElection (LeaderElection.java:askForVotes(178)) - 4a682f4f-c3f2-4b77-88b7-f0ab78890feb@group-0DB8C7688BF9-LeaderElection430: begin an election at term 220 for -1: [77ab65e6-d942-49df-83a3-1d4c0bf152b3:192.168.164.217:39381, 7e1b84a9-a041-44fd-8008-f2679426984c:192.168.164.217:44149, 4a682f4f-c3f2-4b77-88b7-f0ab78890feb:192.168.164.217:34174], old=null
2019-11-05 08:24:17,306 [a8ae9c07-6d89-4a49-a594-cacd4b776180@group-0E159EE4F99E-LeaderElection431] INFO  impl.LeaderElection (LeaderElection.java:askForVotes(178)) - a8ae9c07-6d89-4a49-a594-cacd4b776180@group-0E159EE4F99E-LeaderElection431: begin an election at term 232 for -1: [caafcba9-090a-41f5-a5f9-cba5a6a81e94:192.168.164.217:37197, a8ae9c07-6d89-4a49-a594-cacd4b776180:192.168.164.217:42719, b3bb9051-8089-4c51-a999-81579e5913f2:192.168.164.217:36516], old=null
2019-11-05 08:24:17,307 [a8ae9c07-6d89-4a49-a594-cacd4b776180@group-0E159EE4F99E-LeaderElection431] INFO  impl.LeaderElection (LogUtils.java:infoOrTrace(149)) - a8ae9c07-6d89-4a49-a594-cacd4b776180@group-0E159EE4F99E-LeaderElection431 got exception when requesting votes: {}
java.util.concurrent.ExecutionException: org.apache.ratis.thirdparty.io.grpc.StatusRuntimeException: UNAVAILABLE: io exception
	at java.util.concurrent.FutureTask.report(FutureTask.java:122)
	at java.util.concurrent.FutureTask.get(FutureTask.java:192)
	at org.apache.ratis.server.impl.LeaderElection.waitForResults(LeaderElection.java:259)
	at org.apache.ratis.server.impl.LeaderElection.askForVotes(LeaderElection.java:197)
	at org.apache.ratis.server.impl.LeaderElection.run(LeaderElection.java:133)
	at java.lang.Thread.run(Thread.java:748)
Caused by: org.apache.ratis.thirdparty.io.grpc.StatusRuntimeException: UNAVAILABLE: io exception
	at org.apache.ratis.thirdparty.io.grpc.stub.ClientCalls.toStatusRuntimeException(ClientCalls.java:233)
	at org.apache.ratis.thirdparty.io.grpc.stub.ClientCalls.getUnchecked(ClientCalls.java:214)
	at org.apache.ratis.thirdparty.io.grpc.stub.ClientCalls.blockingUnaryCall(ClientCalls.java:139)
	at org.apache.ratis.proto.grpc.RaftServerProtocolServiceGrpc$RaftServerProtocolServiceBlockingStub.requestVote(RaftServerProtocolServiceGrpc.java:265)
	at org.apache.ratis.grpc.server.GrpcServerProtocolClient.requestVote(GrpcServerProtocolClient.java:99)
	at org.apache.ratis.grpc.server.GrpcService.requestVote(GrpcService.java:204)
	at org.apache.ratis.server.impl.LeaderElection.lambda$submitRequests$1(LeaderElection.java:234)
	at java.util.concurrent.FutureTask.run(FutureTask.java:266)
	at java.util.concurrent.Executors$RunnableAdapter.call(Executors.java:511)
	at java.util.concurrent.FutureTask.run(FutureTask.java:266)
	at java.util.concurrent.ThreadPoolExecutor.runWorker(ThreadPoolExecutor.java:1149)
	at java.util.concurrent.ThreadPoolExecutor$Worker.run(ThreadPoolExecutor.java:624)
	... 1 more
Caused by: org.apache.ratis.thirdparty.io.netty.channel.AbstractChannel$AnnotatedConnectException: Connection refused: /192.168.164.217:37197
	at sun.nio.ch.SocketChannelImpl.checkConnect(Native Method)
	at sun.nio.ch.SocketChannelImpl.finishConnect(SocketChannelImpl.java:717)
	at org.apache.ratis.thirdparty.io.netty.channel.socket.nio.NioSocketChannel.doFinishConnect(NioSocketChannel.java:327)
	at org.apache.ratis.thirdparty.io.netty.channel.nio.AbstractNioChannel$AbstractNioUnsafe.finishConnect(AbstractNioChannel.java:340)
	at org.apache.ratis.thirdparty.io.netty.channel.nio.NioEventLoop.processSelectedKey(NioEventLoop.java:632)
	at org.apache.ratis.thirdparty.io.netty.channel.nio.NioEventLoop.processSelectedKeysOptimized(NioEventLoop.java:579)
	at org.apache.ratis.thirdparty.io.netty.channel.nio.NioEventLoop.processSelectedKeys(NioEventLoop.java:496)
	at org.apache.ratis.thirdparty.io.netty.channel.nio.NioEventLoop.run(NioEventLoop.java:458)
	at org.apache.ratis.thirdparty.io.netty.util.concurrent.SingleThreadEventExecutor$5.run(SingleThreadEventExecutor.java:897)
	at org.apache.ratis.thirdparty.io.netty.util.concurrent.FastThreadLocalRunnable.run(FastThreadLocalRunnable.java:30)
	... 1 more
Caused by: java.net.ConnectException: Connection refused
	... 11 more
2019-11-05 08:24:17,310 [grpc-default-executor-3] INFO  impl.RaftServerImpl (RaftServerImpl.java:setRole(184)) - b3bb9051-8089-4c51-a999-81579e5913f2@group-0E159EE4F99E: changes role from  FOLLOWER to FOLLOWER at term 232 for recognizeCandidate:a8ae9c07-6d89-4a49-a594-cacd4b776180
2019-11-05 08:24:17,311 [grpc-default-executor-3] INFO  impl.RoleInfo (RoleInfo.java:shutdownFollowerState(121)) - b3bb9051-8089-4c51-a999-81579e5913f2: shutdown FollowerState
2019-11-05 08:24:17,307 [grpc-default-executor-4] INFO  impl.RaftServerImpl (RaftServerImpl.java:setRole(184)) - 77ab65e6-d942-49df-83a3-1d4c0bf152b3@group-0DB8C7688BF9: changes role from  FOLLOWER to FOLLOWER at term 220 for recognizeCandidate:4a682f4f-c3f2-4b77-88b7-f0ab78890feb
2019-11-05 08:24:17,311 [grpc-default-executor-0] INFO  impl.RaftServerImpl (RaftServerImpl.java:setRole(184)) - 7e1b84a9-a041-44fd-8008-f2679426984c@group-0DB8C7688BF9: changes role from  FOLLOWER to FOLLOWER at term 220 for recognizeCandidate:4a682f4f-c3f2-4b77-88b7-f0ab78890feb
2019-11-05 08:24:17,311 [grpc-default-executor-0] INFO  impl.RoleInfo (RoleInfo.java:shutdownFollowerState(121)) - 7e1b84a9-a041-44fd-8008-f2679426984c: shutdown FollowerState
2019-11-05 08:24:17,311 [grpc-default-executor-3] INFO  impl.RoleInfo (RoleInfo.java:updateAndGet(143)) - b3bb9051-8089-4c51-a999-81579e5913f2: start FollowerState
2019-11-05 08:24:17,311 [Thread-3232] INFO  impl.FollowerState (FollowerState.java:run(117)) - b3bb9051-8089-4c51-a999-81579e5913f2@group-0E159EE4F99E-FollowerState was interrupted: java.lang.InterruptedException: sleep interrupted
2019-11-05 08:24:17,311 [Thread-3227] INFO  impl.FollowerState (FollowerState.java:run(117)) - 7e1b84a9-a041-44fd-8008-f2679426984c@group-0DB8C7688BF9-FollowerState was interrupted: java.lang.InterruptedException: sleep interrupted
2019-11-05 08:24:17,311 [grpc-default-executor-0] INFO  impl.RoleInfo (RoleInfo.java:updateAndGet(143)) - 7e1b84a9-a041-44fd-8008-f2679426984c: start FollowerState
2019-11-05 08:24:17,311 [grpc-default-executor-4] INFO  impl.RoleInfo (RoleInfo.java:shutdownFollowerState(121)) - 77ab65e6-d942-49df-83a3-1d4c0bf152b3: shutdown FollowerState
2019-11-05 08:24:17,312 [grpc-default-executor-4] INFO  impl.RoleInfo (RoleInfo.java:updateAndGet(143)) - 77ab65e6-d942-49df-83a3-1d4c0bf152b3: start FollowerState
2019-11-05 08:24:17,312 [Thread-3226] INFO  impl.FollowerState (FollowerState.java:run(117)) - 77ab65e6-d942-49df-83a3-1d4c0bf152b3@group-0DB8C7688BF9-FollowerState was interrupted: java.lang.InterruptedException: sleep interrupted
2019-11-05 08:24:17,326 [a8ae9c07-6d89-4a49-a594-cacd4b776180@group-0E159EE4F99E-LeaderElection431] INFO  impl.LeaderElection (LeaderElection.java:logAndReturn(56)) - a8ae9c07-6d89-4a49-a594-cacd4b776180@group-0E159EE4F99E-LeaderElection431: Election REJECTED; received 1 response(s) [a8ae9c07-6d89-4a49-a594-cacd4b776180<-b3bb9051-8089-4c51-a999-81579e5913f2#0:FAIL-t232] and 1 exception(s); a8ae9c07-6d89-4a49-a594-cacd4b776180@group-0E159EE4F99E:t232, leader=null, voted=a8ae9c07-6d89-4a49-a594-cacd4b776180, raftlog=a8ae9c07-6d89-4a49-a594-cacd4b776180@group-0E159EE4F99E-SegmentedRaftLog:OPENED:c-1,f-1,i0, conf=-1: [caafcba9-090a-41f5-a5f9-cba5a6a81e94:192.168.164.217:37197, a8ae9c07-6d89-4a49-a594-cacd4b776180:192.168.164.217:42719, b3bb9051-8089-4c51-a999-81579e5913f2:192.168.164.217:36516], old=null
2019-11-05 08:24:17,327 [4a682f4f-c3f2-4b77-88b7-f0ab78890feb@group-0DB8C7688BF9-LeaderElection430] INFO  impl.LeaderElection (LeaderElection.java:logAndReturn(56)) - 4a682f4f-c3f2-4b77-88b7-f0ab78890feb@group-0DB8C7688BF9-LeaderElection430: Election REJECTED; received 2 response(s) [4a682f4f-c3f2-4b77-88b7-f0ab78890feb<-77ab65e6-d942-49df-83a3-1d4c0bf152b3#0:FAIL-t220, 4a682f4f-c3f2-4b77-88b7-f0ab78890feb<-7e1b84a9-a041-44fd-8008-f2679426984c#0:FAIL-t220] and 0 exception(s); 4a682f4f-c3f2-4b77-88b7-f0ab78890feb@group-0DB8C7688BF9:t220, leader=null, voted=4a682f4f-c3f2-4b77-88b7-f0ab78890feb, raftlog=4a682f4f-c3f2-4b77-88b7-f0ab78890feb@group-0DB8C7688BF9-SegmentedRaftLog:OPENED:c-1,f-1,i0, conf=-1: [77ab65e6-d942-49df-83a3-1d4c0bf152b3:192.168.164.217:39381, 7e1b84a9-a041-44fd-8008-f2679426984c:192.168.164.217:44149, 4a682f4f-c3f2-4b77-88b7-f0ab78890feb:192.168.164.217:34174], old=null
2019-11-05 08:24:17,327 [a8ae9c07-6d89-4a49-a594-cacd4b776180@group-0E159EE4F99E-LeaderElection431] INFO  impl.LeaderElection (LogUtils.java:infoOrTrace(149)) -   Exception 0: {}
java.util.concurrent.ExecutionException: org.apache.ratis.thirdparty.io.grpc.StatusRuntimeException: UNAVAILABLE: io exception
	at java.util.concurrent.FutureTask.report(FutureTask.java:122)
	at java.util.concurrent.FutureTask.get(FutureTask.java:192)
	at org.apache.ratis.server.impl.LeaderElection.waitForResults(LeaderElection.java:259)
	at org.apache.ratis.server.impl.LeaderElection.askForVotes(LeaderElection.java:197)
	at org.apache.ratis.server.impl.LeaderElection.run(LeaderElection.java:133)
	at java.lang.Thread.run(Thread.java:748)
Caused by: org.apache.ratis.thirdparty.io.grpc.StatusRuntimeException: UNAVAILABLE: io exception
	at org.apache.ratis.thirdparty.io.grpc.stub.ClientCalls.toStatusRuntimeException(ClientCalls.java:233)
	at org.apache.ratis.thirdparty.io.grpc.stub.ClientCalls.getUnchecked(ClientCalls.java:214)
	at org.apache.ratis.thirdparty.io.grpc.stub.ClientCalls.blockingUnaryCall(ClientCalls.java:139)
	at org.apache.ratis.proto.grpc.RaftServerProtocolServiceGrpc$RaftServerProtocolServiceBlockingStub.requestVote(RaftServerProtocolServiceGrpc.java:265)
	at org.apache.ratis.grpc.server.GrpcServerProtocolClient.requestVote(GrpcServerProtocolClient.java:99)
	at org.apache.ratis.grpc.server.GrpcService.requestVote(GrpcService.java:204)
	at org.apache.ratis.server.impl.LeaderElection.lambda$submitRequests$1(LeaderElection.java:234)
	at java.util.concurrent.FutureTask.run(FutureTask.java:266)
	at java.util.concurrent.Executors$RunnableAdapter.call(Executors.java:511)
	at java.util.concurrent.FutureTask.run(FutureTask.java:266)
	at java.util.concurrent.ThreadPoolExecutor.runWorker(ThreadPoolExecutor.java:1149)
	at java.util.concurrent.ThreadPoolExecutor$Worker.run(ThreadPoolExecutor.java:624)
	... 1 more
Caused by: org.apache.ratis.thirdparty.io.netty.channel.AbstractChannel$AnnotatedConnectException: Connection refused: /192.168.164.217:37197
	at sun.nio.ch.SocketChannelImpl.checkConnect(Native Method)
	at sun.nio.ch.SocketChannelImpl.finishConnect(SocketChannelImpl.java:717)
	at org.apache.ratis.thirdparty.io.netty.channel.socket.nio.NioSocketChannel.doFinishConnect(NioSocketChannel.java:327)
	at org.apache.ratis.thirdparty.io.netty.channel.nio.AbstractNioChannel$AbstractNioUnsafe.finishConnect(AbstractNioChannel.java:340)
	at org.apache.ratis.thirdparty.io.netty.channel.nio.NioEventLoop.processSelectedKey(NioEventLoop.java:632)
	at org.apache.ratis.thirdparty.io.netty.channel.nio.NioEventLoop.processSelectedKeysOptimized(NioEventLoop.java:579)
	at org.apache.ratis.thirdparty.io.netty.channel.nio.NioEventLoop.processSelectedKeys(NioEventLoop.java:496)
	at org.apache.ratis.thirdparty.io.netty.channel.nio.NioEventLoop.run(NioEventLoop.java:458)
	at org.apache.ratis.thirdparty.io.netty.util.concurrent.SingleThreadEventExecutor$5.run(SingleThreadEventExecutor.java:897)
	at org.apache.ratis.thirdparty.io.netty.util.concurrent.FastThreadLocalRunnable.run(FastThreadLocalRunnable.java:30)
	... 1 more
Caused by: java.net.ConnectException: Connection refused
	... 11 more
2019-11-05 08:24:17,327 [4a682f4f-c3f2-4b77-88b7-f0ab78890feb@group-0DB8C7688BF9-LeaderElection430] INFO  impl.RaftServerImpl (RaftServerImpl.java:setRole(184)) - 4a682f4f-c3f2-4b77-88b7-f0ab78890feb@group-0DB8C7688BF9: changes role from CANDIDATE to FOLLOWER at term 220 for DISCOVERED_A_NEW_TERM
2019-11-05 08:24:17,327 [4a682f4f-c3f2-4b77-88b7-f0ab78890feb@group-0DB8C7688BF9-LeaderElection430] INFO  impl.RoleInfo (RoleInfo.java:shutdownLeaderElection(134)) - 4a682f4f-c3f2-4b77-88b7-f0ab78890feb: shutdown LeaderElection
2019-11-05 08:24:17,327 [a8ae9c07-6d89-4a49-a594-cacd4b776180@group-0E159EE4F99E-LeaderElection431] INFO  impl.RaftServerImpl (RaftServerImpl.java:setRole(184)) - a8ae9c07-6d89-4a49-a594-cacd4b776180@group-0E159EE4F99E: changes role from CANDIDATE to FOLLOWER at term 232 for DISCOVERED_A_NEW_TERM
2019-11-05 08:24:17,327 [4a682f4f-c3f2-4b77-88b7-f0ab78890feb@group-0DB8C7688BF9-LeaderElection430] INFO  impl.RoleInfo (RoleInfo.java:updateAndGet(143)) - 4a682f4f-c3f2-4b77-88b7-f0ab78890feb: start FollowerState
2019-11-05 08:24:17,327 [a8ae9c07-6d89-4a49-a594-cacd4b776180@group-0E159EE4F99E-LeaderElection431] INFO  impl.RoleInfo (RoleInfo.java:shutdownLeaderElection(134)) - a8ae9c07-6d89-4a49-a594-cacd4b776180: shutdown LeaderElection
2019-11-05 08:24:17,328 [a8ae9c07-6d89-4a49-a594-cacd4b776180@group-0E159EE4F99E-LeaderElection431] INFO  impl.RoleInfo (RoleInfo.java:updateAndGet(143)) - a8ae9c07-6d89-4a49-a594-cacd4b776180: start FollowerState
2019-11-05 08:24:17,510 [Thread-3244] INFO  impl.FollowerState (FollowerState.java:run(108)) - 4a682f4f-c3f2-4b77-88b7-f0ab78890feb@group-0DB8C7688BF9-FollowerState: change to CANDIDATE, lastRpcTime:182ms, electionTimeout:182ms
2019-11-05 08:24:17,510 [Thread-3244] INFO  impl.RoleInfo (RoleInfo.java:shutdownFollowerState(121)) - 4a682f4f-c3f2-4b77-88b7-f0ab78890feb: shutdown FollowerState
2019-11-05 08:24:17,510 [Thread-3244] INFO  impl.RaftServerImpl (RaftServerImpl.java:setRole(184)) - 4a682f4f-c3f2-4b77-88b7-f0ab78890feb@group-0DB8C7688BF9: changes role from  FOLLOWER to CANDIDATE at term 220 for changeToCandidate
2019-11-05 08:24:17,510 [Thread-3244] INFO  impl.RoleInfo (RoleInfo.java:updateAndGet(143)) - 4a682f4f-c3f2-4b77-88b7-f0ab78890feb: start LeaderElection
2019-11-05 08:24:17,524 [4a682f4f-c3f2-4b77-88b7-f0ab78890feb@group-0DB8C7688BF9-LeaderElection432] INFO  impl.LeaderElection (LeaderElection.java:askForVotes(178)) - 4a682f4f-c3f2-4b77-88b7-f0ab78890feb@group-0DB8C7688BF9-LeaderElection432: begin an election at term 221 for -1: [77ab65e6-d942-49df-83a3-1d4c0bf152b3:192.168.164.217:39381, 7e1b84a9-a041-44fd-8008-f2679426984c:192.168.164.217:44149, 4a682f4f-c3f2-4b77-88b7-f0ab78890feb:192.168.164.217:34174], old=null
2019-11-05 08:24:17,524 [Thread-3245] INFO  impl.FollowerState (FollowerState.java:run(108)) - a8ae9c07-6d89-4a49-a594-cacd4b776180@group-0E159EE4F99E-FollowerState: change to CANDIDATE, lastRpcTime:196ms, electionTimeout:196ms
2019-11-05 08:24:17,524 [Thread-3245] INFO  impl.RoleInfo (RoleInfo.java:shutdownFollowerState(121)) - a8ae9c07-6d89-4a49-a594-cacd4b776180: shutdown FollowerState
2019-11-05 08:24:17,524 [Thread-3245] INFO  impl.RaftServerImpl (RaftServerImpl.java:setRole(184)) - a8ae9c07-6d89-4a49-a594-cacd4b776180@group-0E159EE4F99E: changes role from  FOLLOWER to CANDIDATE at term 232 for changeToCandidate
2019-11-05 08:24:17,524 [Thread-3245] INFO  impl.RoleInfo (RoleInfo.java:updateAndGet(143)) - a8ae9c07-6d89-4a49-a594-cacd4b776180: start LeaderElection
2019-11-05 08:24:17,526 [grpc-default-executor-0] INFO  impl.RaftServerImpl (RaftServerImpl.java:setRole(184)) - 77ab65e6-d942-49df-83a3-1d4c0bf152b3@group-0DB8C7688BF9: changes role from  FOLLOWER to FOLLOWER at term 221 for recognizeCandidate:4a682f4f-c3f2-4b77-88b7-f0ab78890feb
2019-11-05 08:24:17,526 [grpc-default-executor-0] INFO  impl.RoleInfo (RoleInfo.java:shutdownFollowerState(121)) - 77ab65e6-d942-49df-83a3-1d4c0bf152b3: shutdown FollowerState
2019-11-05 08:24:17,526 [grpc-default-executor-4] INFO  impl.RaftServerImpl (RaftServerImpl.java:setRole(184)) - 7e1b84a9-a041-44fd-8008-f2679426984c@group-0DB8C7688BF9: changes role from  FOLLOWER to FOLLOWER at term 221 for recognizeCandidate:4a682f4f-c3f2-4b77-88b7-f0ab78890feb
2019-11-05 08:24:17,526 [grpc-default-executor-4] INFO  impl.RoleInfo (RoleInfo.java:shutdownFollowerState(121)) - 7e1b84a9-a041-44fd-8008-f2679426984c: shutdown FollowerState
2019-11-05 08:24:17,526 [Thread-3243] INFO  impl.FollowerState (FollowerState.java:run(117)) - 77ab65e6-d942-49df-83a3-1d4c0bf152b3@group-0DB8C7688BF9-FollowerState was interrupted: java.lang.InterruptedException: sleep interrupted
2019-11-05 08:24:17,527 [Thread-3242] INFO  impl.FollowerState (FollowerState.java:run(117)) - 7e1b84a9-a041-44fd-8008-f2679426984c@group-0DB8C7688BF9-FollowerState was interrupted: java.lang.InterruptedException: sleep interrupted
2019-11-05 08:24:17,526 [grpc-default-executor-0] INFO  impl.RoleInfo (RoleInfo.java:updateAndGet(143)) - 77ab65e6-d942-49df-83a3-1d4c0bf152b3: start FollowerState
2019-11-05 08:24:17,526 [grpc-default-executor-4] INFO  impl.RoleInfo (RoleInfo.java:updateAndGet(143)) - 7e1b84a9-a041-44fd-8008-f2679426984c: start FollowerState
2019-11-05 08:24:17,539 [a8ae9c07-6d89-4a49-a594-cacd4b776180@group-0E159EE4F99E-LeaderElection433] INFO  impl.LeaderElection (LeaderElection.java:askForVotes(178)) - a8ae9c07-6d89-4a49-a594-cacd4b776180@group-0E159EE4F99E-LeaderElection433: begin an election at term 233 for -1: [caafcba9-090a-41f5-a5f9-cba5a6a81e94:192.168.164.217:37197, a8ae9c07-6d89-4a49-a594-cacd4b776180:192.168.164.217:42719, b3bb9051-8089-4c51-a999-81579e5913f2:192.168.164.217:36516], old=null
2019-11-05 08:24:17,539 [4a682f4f-c3f2-4b77-88b7-f0ab78890feb@group-0DB8C7688BF9-LeaderElection432] INFO  impl.LeaderElection (LeaderElection.java:logAndReturn(56)) - 4a682f4f-c3f2-4b77-88b7-f0ab78890feb@group-0DB8C7688BF9-LeaderElection432: Election REJECTED; received 2 response(s) [4a682f4f-c3f2-4b77-88b7-f0ab78890feb<-77ab65e6-d942-49df-83a3-1d4c0bf152b3#0:FAIL-t221, 4a682f4f-c3f2-4b77-88b7-f0ab78890feb<-7e1b84a9-a041-44fd-8008-f2679426984c#0:FAIL-t221] and 0 exception(s); 4a682f4f-c3f2-4b77-88b7-f0ab78890feb@group-0DB8C7688BF9:t221, leader=null, voted=4a682f4f-c3f2-4b77-88b7-f0ab78890feb, raftlog=4a682f4f-c3f2-4b77-88b7-f0ab78890feb@group-0DB8C7688BF9-SegmentedRaftLog:OPENED:c-1,f-1,i0, conf=-1: [77ab65e6-d942-49df-83a3-1d4c0bf152b3:192.168.164.217:39381, 7e1b84a9-a041-44fd-8008-f2679426984c:192.168.164.217:44149, 4a682f4f-c3f2-4b77-88b7-f0ab78890feb:192.168.164.217:34174], old=null
2019-11-05 08:24:17,540 [4a682f4f-c3f2-4b77-88b7-f0ab78890feb@group-0DB8C7688BF9-LeaderElection432] INFO  impl.RaftServerImpl (RaftServerImpl.java:setRole(184)) - 4a682f4f-c3f2-4b77-88b7-f0ab78890feb@group-0DB8C7688BF9: changes role from CANDIDATE to FOLLOWER at term 221 for DISCOVERED_A_NEW_TERM
2019-11-05 08:24:17,540 [4a682f4f-c3f2-4b77-88b7-f0ab78890feb@group-0DB8C7688BF9-LeaderElection432] INFO  impl.RoleInfo (RoleInfo.java:shutdownLeaderElection(134)) - 4a682f4f-c3f2-4b77-88b7-f0ab78890feb: shutdown LeaderElection
2019-11-05 08:24:17,540 [a8ae9c07-6d89-4a49-a594-cacd4b776180@group-0E159EE4F99E-LeaderElection433] INFO  impl.LeaderElection (LogUtils.java:infoOrTrace(149)) - a8ae9c07-6d89-4a49-a594-cacd4b776180@group-0E159EE4F99E-LeaderElection433 got exception when requesting votes: {}
java.util.concurrent.ExecutionException: org.apache.ratis.thirdparty.io.grpc.StatusRuntimeException: UNAVAILABLE: io exception
	at java.util.concurrent.FutureTask.report(FutureTask.java:122)
	at java.util.concurrent.FutureTask.get(FutureTask.java:192)
	at org.apache.ratis.server.impl.LeaderElection.waitForResults(LeaderElection.java:259)
	at org.apache.ratis.server.impl.LeaderElection.askForVotes(LeaderElection.java:197)
	at org.apache.ratis.server.impl.LeaderElection.run(LeaderElection.java:133)
	at java.lang.Thread.run(Thread.java:748)
Caused by: org.apache.ratis.thirdparty.io.grpc.StatusRuntimeException: UNAVAILABLE: io exception
	at org.apache.ratis.thirdparty.io.grpc.stub.ClientCalls.toStatusRuntimeException(ClientCalls.java:233)
	at org.apache.ratis.thirdparty.io.grpc.stub.ClientCalls.getUnchecked(ClientCalls.java:214)
	at org.apache.ratis.thirdparty.io.grpc.stub.ClientCalls.blockingUnaryCall(ClientCalls.java:139)
	at org.apache.ratis.proto.grpc.RaftServerProtocolServiceGrpc$RaftServerProtocolServiceBlockingStub.requestVote(RaftServerProtocolServiceGrpc.java:265)
	at org.apache.ratis.grpc.server.GrpcServerProtocolClient.requestVote(GrpcServerProtocolClient.java:99)
	at org.apache.ratis.grpc.server.GrpcService.requestVote(GrpcService.java:204)
	at org.apache.ratis.server.impl.LeaderElection.lambda$submitRequests$1(LeaderElection.java:234)
	at java.util.concurrent.FutureTask.run(FutureTask.java:266)
	at java.util.concurrent.Executors$RunnableAdapter.call(Executors.java:511)
	at java.util.concurrent.FutureTask.run(FutureTask.java:266)
	at java.util.concurrent.ThreadPoolExecutor.runWorker(ThreadPoolExecutor.java:1149)
	at java.util.concurrent.ThreadPoolExecutor$Worker.run(ThreadPoolExecutor.java:624)
	... 1 more
Caused by: org.apache.ratis.thirdparty.io.netty.channel.AbstractChannel$AnnotatedConnectException: Connection refused: /192.168.164.217:37197
	at sun.nio.ch.SocketChannelImpl.checkConnect(Native Method)
	at sun.nio.ch.SocketChannelImpl.finishConnect(SocketChannelImpl.java:717)
	at org.apache.ratis.thirdparty.io.netty.channel.socket.nio.NioSocketChannel.doFinishConnect(NioSocketChannel.java:327)
	at org.apache.ratis.thirdparty.io.netty.channel.nio.AbstractNioChannel$AbstractNioUnsafe.finishConnect(AbstractNioChannel.java:340)
	at org.apache.ratis.thirdparty.io.netty.channel.nio.NioEventLoop.processSelectedKey(NioEventLoop.java:632)
	at org.apache.ratis.thirdparty.io.netty.channel.nio.NioEventLoop.processSelectedKeysOptimized(NioEventLoop.java:579)
	at org.apache.ratis.thirdparty.io.netty.channel.nio.NioEventLoop.processSelectedKeys(NioEventLoop.java:496)
	at org.apache.ratis.thirdparty.io.netty.channel.nio.NioEventLoop.run(NioEventLoop.java:458)
	at org.apache.ratis.thirdparty.io.netty.util.concurrent.SingleThreadEventExecutor$5.run(SingleThreadEventExecutor.java:897)
	at org.apache.ratis.thirdparty.io.netty.util.concurrent.FastThreadLocalRunnable.run(FastThreadLocalRunnable.java:30)
	... 1 more
Caused by: java.net.ConnectException: Connection refused
	... 11 more
2019-11-05 08:24:17,542 [grpc-default-executor-4] INFO  impl.RaftServerImpl (RaftServerImpl.java:setRole(184)) - b3bb9051-8089-4c51-a999-81579e5913f2@group-0E159EE4F99E: changes role from  FOLLOWER to FOLLOWER at term 233 for recognizeCandidate:a8ae9c07-6d89-4a49-a594-cacd4b776180
2019-11-05 08:24:17,543 [grpc-default-executor-4] INFO  impl.RoleInfo (RoleInfo.java:shutdownFollowerState(121)) - b3bb9051-8089-4c51-a999-81579e5913f2: shutdown FollowerState
2019-11-05 08:24:17,543 [grpc-default-executor-4] INFO  impl.RoleInfo (RoleInfo.java:updateAndGet(143)) - b3bb9051-8089-4c51-a999-81579e5913f2: start FollowerState
2019-11-05 08:24:17,540 [4a682f4f-c3f2-4b77-88b7-f0ab78890feb@group-0DB8C7688BF9-LeaderElection432] INFO  impl.RoleInfo (RoleInfo.java:updateAndGet(143)) - 4a682f4f-c3f2-4b77-88b7-f0ab78890feb: start FollowerState
2019-11-05 08:24:17,543 [Thread-3241] INFO  impl.FollowerState (FollowerState.java:run(117)) - b3bb9051-8089-4c51-a999-81579e5913f2@group-0E159EE4F99E-FollowerState was interrupted: java.lang.InterruptedException: sleep interrupted
2019-11-05 08:24:17,557 [a8ae9c07-6d89-4a49-a594-cacd4b776180@group-0E159EE4F99E-LeaderElection433] INFO  impl.LeaderElection (LeaderElection.java:logAndReturn(56)) - a8ae9c07-6d89-4a49-a594-cacd4b776180@group-0E159EE4F99E-LeaderElection433: Election REJECTED; received 1 response(s) [a8ae9c07-6d89-4a49-a594-cacd4b776180<-b3bb9051-8089-4c51-a999-81579e5913f2#0:FAIL-t233] and 1 exception(s); a8ae9c07-6d89-4a49-a594-cacd4b776180@group-0E159EE4F99E:t233, leader=null, voted=a8ae9c07-6d89-4a49-a594-cacd4b776180, raftlog=a8ae9c07-6d89-4a49-a594-cacd4b776180@group-0E159EE4F99E-SegmentedRaftLog:OPENED:c-1,f-1,i0, conf=-1: [caafcba9-090a-41f5-a5f9-cba5a6a81e94:192.168.164.217:37197, a8ae9c07-6d89-4a49-a594-cacd4b776180:192.168.164.217:42719, b3bb9051-8089-4c51-a999-81579e5913f2:192.168.164.217:36516], old=null
2019-11-05 08:24:17,557 [a8ae9c07-6d89-4a49-a594-cacd4b776180@group-0E159EE4F99E-LeaderElection433] INFO  impl.LeaderElection (LogUtils.java:infoOrTrace(149)) -   Exception 0: {}
java.util.concurrent.ExecutionException: org.apache.ratis.thirdparty.io.grpc.StatusRuntimeException: UNAVAILABLE: io exception
	at java.util.concurrent.FutureTask.report(FutureTask.java:122)
	at java.util.concurrent.FutureTask.get(FutureTask.java:192)
	at org.apache.ratis.server.impl.LeaderElection.waitForResults(LeaderElection.java:259)
	at org.apache.ratis.server.impl.LeaderElection.askForVotes(LeaderElection.java:197)
	at org.apache.ratis.server.impl.LeaderElection.run(LeaderElection.java:133)
	at java.lang.Thread.run(Thread.java:748)
Caused by: org.apache.ratis.thirdparty.io.grpc.StatusRuntimeException: UNAVAILABLE: io exception
	at org.apache.ratis.thirdparty.io.grpc.stub.ClientCalls.toStatusRuntimeException(ClientCalls.java:233)
	at org.apache.ratis.thirdparty.io.grpc.stub.ClientCalls.getUnchecked(ClientCalls.java:214)
	at org.apache.ratis.thirdparty.io.grpc.stub.ClientCalls.blockingUnaryCall(ClientCalls.java:139)
	at org.apache.ratis.proto.grpc.RaftServerProtocolServiceGrpc$RaftServerProtocolServiceBlockingStub.requestVote(RaftServerProtocolServiceGrpc.java:265)
	at org.apache.ratis.grpc.server.GrpcServerProtocolClient.requestVote(GrpcServerProtocolClient.java:99)
	at org.apache.ratis.grpc.server.GrpcService.requestVote(GrpcService.java:204)
	at org.apache.ratis.server.impl.LeaderElection.lambda$submitRequests$1(LeaderElection.java:234)
	at java.util.concurrent.FutureTask.run(FutureTask.java:266)
	at java.util.concurrent.Executors$RunnableAdapter.call(Executors.java:511)
	at java.util.concurrent.FutureTask.run(FutureTask.java:266)
	at java.util.concurrent.ThreadPoolExecutor.runWorker(ThreadPoolExecutor.java:1149)
	at java.util.concurrent.ThreadPoolExecutor$Worker.run(ThreadPoolExecutor.java:624)
	... 1 more
Caused by: org.apache.ratis.thirdparty.io.netty.channel.AbstractChannel$AnnotatedConnectException: Connection refused: /192.168.164.217:37197
	at sun.nio.ch.SocketChannelImpl.checkConnect(Native Method)
	at sun.nio.ch.SocketChannelImpl.finishConnect(SocketChannelImpl.java:717)
	at org.apache.ratis.thirdparty.io.netty.channel.socket.nio.NioSocketChannel.doFinishConnect(NioSocketChannel.java:327)
	at org.apache.ratis.thirdparty.io.netty.channel.nio.AbstractNioChannel$AbstractNioUnsafe.finishConnect(AbstractNioChannel.java:340)
	at org.apache.ratis.thirdparty.io.netty.channel.nio.NioEventLoop.processSelectedKey(NioEventLoop.java:632)
	at org.apache.ratis.thirdparty.io.netty.channel.nio.NioEventLoop.processSelectedKeysOptimized(NioEventLoop.java:579)
	at org.apache.ratis.thirdparty.io.netty.channel.nio.NioEventLoop.processSelectedKeys(NioEventLoop.java:496)
	at org.apache.ratis.thirdparty.io.netty.channel.nio.NioEventLoop.run(NioEventLoop.java:458)
	at org.apache.ratis.thirdparty.io.netty.util.concurrent.SingleThreadEventExecutor$5.run(SingleThreadEventExecutor.java:897)
	at org.apache.ratis.thirdparty.io.netty.util.concurrent.FastThreadLocalRunnable.run(FastThreadLocalRunnable.java:30)
	... 1 more
Caused by: java.net.ConnectException: Connection refused
	... 11 more
2019-11-05 08:24:17,558 [a8ae9c07-6d89-4a49-a594-cacd4b776180@group-0E159EE4F99E-LeaderElection433] INFO  impl.RaftServerImpl (RaftServerImpl.java:setRole(184)) - a8ae9c07-6d89-4a49-a594-cacd4b776180@group-0E159EE4F99E: changes role from CANDIDATE to FOLLOWER at term 233 for DISCOVERED_A_NEW_TERM
2019-11-05 08:24:17,558 [a8ae9c07-6d89-4a49-a594-cacd4b776180@group-0E159EE4F99E-LeaderElection433] INFO  impl.RoleInfo (RoleInfo.java:shutdownLeaderElection(134)) - a8ae9c07-6d89-4a49-a594-cacd4b776180: shutdown LeaderElection
2019-11-05 08:24:17,558 [a8ae9c07-6d89-4a49-a594-cacd4b776180@group-0E159EE4F99E-LeaderElection433] INFO  impl.RoleInfo (RoleInfo.java:updateAndGet(143)) - a8ae9c07-6d89-4a49-a594-cacd4b776180: start FollowerState
2019-11-05 08:24:17,573 [Thread-3256] INFO  impl.FollowerState (FollowerState.java:run(108)) - a8ae9c07-6d89-4a49-a594-cacd4b776180@group-0E159EE4F99E-FollowerState: change to CANDIDATE, lastRpcTime:14ms, electionTimeout:14ms
2019-11-05 08:24:17,573 [Thread-3256] INFO  impl.RoleInfo (RoleInfo.java:shutdownFollowerState(121)) - a8ae9c07-6d89-4a49-a594-cacd4b776180: shutdown FollowerState
2019-11-05 08:24:17,573 [Thread-3256] INFO  impl.RaftServerImpl (RaftServerImpl.java:setRole(184)) - a8ae9c07-6d89-4a49-a594-cacd4b776180@group-0E159EE4F99E: changes role from  FOLLOWER to CANDIDATE at term 233 for changeToCandidate
2019-11-05 08:24:17,573 [Thread-3256] INFO  impl.RoleInfo (RoleInfo.java:updateAndGet(143)) - a8ae9c07-6d89-4a49-a594-cacd4b776180: start LeaderElection
2019-11-05 08:24:17,578 [a8ae9c07-6d89-4a49-a594-cacd4b776180@group-0E159EE4F99E-LeaderElection434] INFO  impl.LeaderElection (LeaderElection.java:askForVotes(178)) - a8ae9c07-6d89-4a49-a594-cacd4b776180@group-0E159EE4F99E-LeaderElection434: begin an election at term 234 for -1: [caafcba9-090a-41f5-a5f9-cba5a6a81e94:192.168.164.217:37197, a8ae9c07-6d89-4a49-a594-cacd4b776180:192.168.164.217:42719, b3bb9051-8089-4c51-a999-81579e5913f2:192.168.164.217:36516], old=null
2019-11-05 08:24:17,579 [a8ae9c07-6d89-4a49-a594-cacd4b776180@group-0E159EE4F99E-LeaderElection434] INFO  impl.LeaderElection (LogUtils.java:infoOrTrace(149)) - a8ae9c07-6d89-4a49-a594-cacd4b776180@group-0E159EE4F99E-LeaderElection434 got exception when requesting votes: {}
java.util.concurrent.ExecutionException: org.apache.ratis.thirdparty.io.grpc.StatusRuntimeException: UNAVAILABLE: io exception
	at java.util.concurrent.FutureTask.report(FutureTask.java:122)
	at java.util.concurrent.FutureTask.get(FutureTask.java:192)
	at org.apache.ratis.server.impl.LeaderElection.waitForResults(LeaderElection.java:259)
	at org.apache.ratis.server.impl.LeaderElection.askForVotes(LeaderElection.java:197)
	at org.apache.ratis.server.impl.LeaderElection.run(LeaderElection.java:133)
	at java.lang.Thread.run(Thread.java:748)
Caused by: org.apache.ratis.thirdparty.io.grpc.StatusRuntimeException: UNAVAILABLE: io exception
	at org.apache.ratis.thirdparty.io.grpc.stub.ClientCalls.toStatusRuntimeException(ClientCalls.java:233)
	at org.apache.ratis.thirdparty.io.grpc.stub.ClientCalls.getUnchecked(ClientCalls.java:214)
	at org.apache.ratis.thirdparty.io.grpc.stub.ClientCalls.blockingUnaryCall(ClientCalls.java:139)
	at org.apache.ratis.proto.grpc.RaftServerProtocolServiceGrpc$RaftServerProtocolServiceBlockingStub.requestVote(RaftServerProtocolServiceGrpc.java:265)
	at org.apache.ratis.grpc.server.GrpcServerProtocolClient.requestVote(GrpcServerProtocolClient.java:99)
	at org.apache.ratis.grpc.server.GrpcService.requestVote(GrpcService.java:204)
	at org.apache.ratis.server.impl.LeaderElection.lambda$submitRequests$1(LeaderElection.java:234)
	at java.util.concurrent.FutureTask.run(FutureTask.java:266)
	at java.util.concurrent.Executors$RunnableAdapter.call(Executors.java:511)
	at java.util.concurrent.FutureTask.run(FutureTask.java:266)
	at java.util.concurrent.ThreadPoolExecutor.runWorker(ThreadPoolExecutor.java:1149)
	at java.util.concurrent.ThreadPoolExecutor$Worker.run(ThreadPoolExecutor.java:624)
	... 1 more
Caused by: org.apache.ratis.thirdparty.io.netty.channel.AbstractChannel$AnnotatedConnectException: Connection refused: /192.168.164.217:37197
	at sun.nio.ch.SocketChannelImpl.checkConnect(Native Method)
	at sun.nio.ch.SocketChannelImpl.finishConnect(SocketChannelImpl.java:717)
	at org.apache.ratis.thirdparty.io.netty.channel.socket.nio.NioSocketChannel.doFinishConnect(NioSocketChannel.java:327)
	at org.apache.ratis.thirdparty.io.netty.channel.nio.AbstractNioChannel$AbstractNioUnsafe.finishConnect(AbstractNioChannel.java:340)
	at org.apache.ratis.thirdparty.io.netty.channel.nio.NioEventLoop.processSelectedKey(NioEventLoop.java:632)
	at org.apache.ratis.thirdparty.io.netty.channel.nio.NioEventLoop.processSelectedKeysOptimized(NioEventLoop.java:579)
	at org.apache.ratis.thirdparty.io.netty.channel.nio.NioEventLoop.processSelectedKeys(NioEventLoop.java:496)
	at org.apache.ratis.thirdparty.io.netty.channel.nio.NioEventLoop.run(NioEventLoop.java:458)
	at org.apache.ratis.thirdparty.io.netty.util.concurrent.SingleThreadEventExecutor$5.run(SingleThreadEventExecutor.java:897)
	at org.apache.ratis.thirdparty.io.netty.util.concurrent.FastThreadLocalRunnable.run(FastThreadLocalRunnable.java:30)
	... 1 more
Caused by: java.net.ConnectException: Connection refused
	... 11 more
2019-11-05 08:24:17,582 [grpc-default-executor-4] INFO  impl.RaftServerImpl (RaftServerImpl.java:setRole(184)) - b3bb9051-8089-4c51-a999-81579e5913f2@group-0E159EE4F99E: changes role from  FOLLOWER to FOLLOWER at term 234 for recognizeCandidate:a8ae9c07-6d89-4a49-a594-cacd4b776180
2019-11-05 08:24:17,582 [grpc-default-executor-4] INFO  impl.RoleInfo (RoleInfo.java:shutdownFollowerState(121)) - b3bb9051-8089-4c51-a999-81579e5913f2: shutdown FollowerState
2019-11-05 08:24:17,582 [grpc-default-executor-4] INFO  impl.RoleInfo (RoleInfo.java:updateAndGet(143)) - b3bb9051-8089-4c51-a999-81579e5913f2: start FollowerState
2019-11-05 08:24:17,582 [Thread-3255] INFO  impl.FollowerState (FollowerState.java:run(117)) - b3bb9051-8089-4c51-a999-81579e5913f2@group-0E159EE4F99E-FollowerState was interrupted: java.lang.InterruptedException: sleep interrupted
2019-11-05 08:24:17,595 [a8ae9c07-6d89-4a49-a594-cacd4b776180@group-0E159EE4F99E-LeaderElection434] INFO  impl.LeaderElection (LeaderElection.java:logAndReturn(56)) - a8ae9c07-6d89-4a49-a594-cacd4b776180@group-0E159EE4F99E-LeaderElection434: Election REJECTED; received 1 response(s) [a8ae9c07-6d89-4a49-a594-cacd4b776180<-b3bb9051-8089-4c51-a999-81579e5913f2#0:FAIL-t234] and 1 exception(s); a8ae9c07-6d89-4a49-a594-cacd4b776180@group-0E159EE4F99E:t234, leader=null, voted=a8ae9c07-6d89-4a49-a594-cacd4b776180, raftlog=a8ae9c07-6d89-4a49-a594-cacd4b776180@group-0E159EE4F99E-SegmentedRaftLog:OPENED:c-1,f-1,i0, conf=-1: [caafcba9-090a-41f5-a5f9-cba5a6a81e94:192.168.164.217:37197, a8ae9c07-6d89-4a49-a594-cacd4b776180:192.168.164.217:42719, b3bb9051-8089-4c51-a999-81579e5913f2:192.168.164.217:36516], old=null
2019-11-05 08:24:17,595 [a8ae9c07-6d89-4a49-a594-cacd4b776180@group-0E159EE4F99E-LeaderElection434] INFO  impl.LeaderElection (LogUtils.java:infoOrTrace(149)) -   Exception 0: {}
java.util.concurrent.ExecutionException: org.apache.ratis.thirdparty.io.grpc.StatusRuntimeException: UNAVAILABLE: io exception
	at java.util.concurrent.FutureTask.report(FutureTask.java:122)
	at java.util.concurrent.FutureTask.get(FutureTask.java:192)
	at org.apache.ratis.server.impl.LeaderElection.waitForResults(LeaderElection.java:259)
	at org.apache.ratis.server.impl.LeaderElection.askForVotes(LeaderElection.java:197)
	at org.apache.ratis.server.impl.LeaderElection.run(LeaderElection.java:133)
	at java.lang.Thread.run(Thread.java:748)
Caused by: org.apache.ratis.thirdparty.io.grpc.StatusRuntimeException: UNAVAILABLE: io exception
	at org.apache.ratis.thirdparty.io.grpc.stub.ClientCalls.toStatusRuntimeException(ClientCalls.java:233)
	at org.apache.ratis.thirdparty.io.grpc.stub.ClientCalls.getUnchecked(ClientCalls.java:214)
	at org.apache.ratis.thirdparty.io.grpc.stub.ClientCalls.blockingUnaryCall(ClientCalls.java:139)
	at org.apache.ratis.proto.grpc.RaftServerProtocolServiceGrpc$RaftServerProtocolServiceBlockingStub.requestVote(RaftServerProtocolServiceGrpc.java:265)
	at org.apache.ratis.grpc.server.GrpcServerProtocolClient.requestVote(GrpcServerProtocolClient.java:99)
	at org.apache.ratis.grpc.server.GrpcService.requestVote(GrpcService.java:204)
	at org.apache.ratis.server.impl.LeaderElection.lambda$submitRequests$1(LeaderElection.java:234)
	at java.util.concurrent.FutureTask.run(FutureTask.java:266)
	at java.util.concurrent.Executors$RunnableAdapter.call(Executors.java:511)
	at java.util.concurrent.FutureTask.run(FutureTask.java:266)
	at java.util.concurrent.ThreadPoolExecutor.runWorker(ThreadPoolExecutor.java:1149)
	at java.util.concurrent.ThreadPoolExecutor$Worker.run(ThreadPoolExecutor.java:624)
	... 1 more
Caused by: org.apache.ratis.thirdparty.io.netty.channel.AbstractChannel$AnnotatedConnectException: Connection refused: /192.168.164.217:37197
	at sun.nio.ch.SocketChannelImpl.checkConnect(Native Method)
	at sun.nio.ch.SocketChannelImpl.finishConnect(SocketChannelImpl.java:717)
	at org.apache.ratis.thirdparty.io.netty.channel.socket.nio.NioSocketChannel.doFinishConnect(NioSocketChannel.java:327)
	at org.apache.ratis.thirdparty.io.netty.channel.nio.AbstractNioChannel$AbstractNioUnsafe.finishConnect(AbstractNioChannel.java:340)
	at org.apache.ratis.thirdparty.io.netty.channel.nio.NioEventLoop.processSelectedKey(NioEventLoop.java:632)
	at org.apache.ratis.thirdparty.io.netty.channel.nio.NioEventLoop.processSelectedKeysOptimized(NioEventLoop.java:579)
	at org.apache.ratis.thirdparty.io.netty.channel.nio.NioEventLoop.processSelectedKeys(NioEventLoop.java:496)
	at org.apache.ratis.thirdparty.io.netty.channel.nio.NioEventLoop.run(NioEventLoop.java:458)
	at org.apache.ratis.thirdparty.io.netty.util.concurrent.SingleThreadEventExecutor$5.run(SingleThreadEventExecutor.java:897)
	at org.apache.ratis.thirdparty.io.netty.util.concurrent.FastThreadLocalRunnable.run(FastThreadLocalRunnable.java:30)
	... 1 more
Caused by: java.net.ConnectException: Connection refused
	... 11 more
2019-11-05 08:24:17,596 [a8ae9c07-6d89-4a49-a594-cacd4b776180@group-0E159EE4F99E-LeaderElection434] INFO  impl.RaftServerImpl (RaftServerImpl.java:setRole(184)) - a8ae9c07-6d89-4a49-a594-cacd4b776180@group-0E159EE4F99E: changes role from CANDIDATE to FOLLOWER at term 234 for DISCOVERED_A_NEW_TERM
2019-11-05 08:24:17,596 [a8ae9c07-6d89-4a49-a594-cacd4b776180@group-0E159EE4F99E-LeaderElection434] INFO  impl.RoleInfo (RoleInfo.java:shutdownLeaderElection(134)) - a8ae9c07-6d89-4a49-a594-cacd4b776180: shutdown LeaderElection
2019-11-05 08:24:17,596 [a8ae9c07-6d89-4a49-a594-cacd4b776180@group-0E159EE4F99E-LeaderElection434] INFO  impl.RoleInfo (RoleInfo.java:updateAndGet(143)) - a8ae9c07-6d89-4a49-a594-cacd4b776180: start FollowerState
2019-11-05 08:24:17,703 [Thread-3261] INFO  impl.FollowerState (FollowerState.java:run(108)) - a8ae9c07-6d89-4a49-a594-cacd4b776180@group-0E159EE4F99E-FollowerState: change to CANDIDATE, lastRpcTime:107ms, electionTimeout:107ms
2019-11-05 08:24:17,703 [Thread-3261] INFO  impl.RoleInfo (RoleInfo.java:shutdownFollowerState(121)) - a8ae9c07-6d89-4a49-a594-cacd4b776180: shutdown FollowerState
2019-11-05 08:24:17,704 [Thread-3261] INFO  impl.RaftServerImpl (RaftServerImpl.java:setRole(184)) - a8ae9c07-6d89-4a49-a594-cacd4b776180@group-0E159EE4F99E: changes role from  FOLLOWER to CANDIDATE at term 234 for changeToCandidate
2019-11-05 08:24:17,704 [Thread-3261] INFO  impl.RoleInfo (RoleInfo.java:updateAndGet(143)) - a8ae9c07-6d89-4a49-a594-cacd4b776180: start LeaderElection
2019-11-05 08:24:17,715 [Thread-3254] INFO  impl.FollowerState (FollowerState.java:run(108)) - 4a682f4f-c3f2-4b77-88b7-f0ab78890feb@group-0DB8C7688BF9-FollowerState: change to CANDIDATE, lastRpcTime:174ms, electionTimeout:171ms
2019-11-05 08:24:17,715 [Thread-3254] INFO  impl.RoleInfo (RoleInfo.java:shutdownFollowerState(121)) - 4a682f4f-c3f2-4b77-88b7-f0ab78890feb: shutdown FollowerState
2019-11-05 08:24:17,715 [Thread-3254] INFO  impl.RaftServerImpl (RaftServerImpl.java:setRole(184)) - 4a682f4f-c3f2-4b77-88b7-f0ab78890feb@group-0DB8C7688BF9: changes role from  FOLLOWER to CANDIDATE at term 221 for changeToCandidate
2019-11-05 08:24:17,715 [Thread-3254] INFO  impl.RoleInfo (RoleInfo.java:updateAndGet(143)) - 4a682f4f-c3f2-4b77-88b7-f0ab78890feb: start LeaderElection
2019-11-05 08:24:17,718 [a8ae9c07-6d89-4a49-a594-cacd4b776180@group-0E159EE4F99E-LeaderElection435] INFO  impl.LeaderElection (LeaderElection.java:askForVotes(178)) - a8ae9c07-6d89-4a49-a594-cacd4b776180@group-0E159EE4F99E-LeaderElection435: begin an election at term 235 for -1: [caafcba9-090a-41f5-a5f9-cba5a6a81e94:192.168.164.217:37197, a8ae9c07-6d89-4a49-a594-cacd4b776180:192.168.164.217:42719, b3bb9051-8089-4c51-a999-81579e5913f2:192.168.164.217:36516], old=null
2019-11-05 08:24:17,719 [4a682f4f-c3f2-4b77-88b7-f0ab78890feb@group-0DB8C7688BF9-LeaderElection436] INFO  impl.LeaderElection (LeaderElection.java:askForVotes(178)) - 4a682f4f-c3f2-4b77-88b7-f0ab78890feb@group-0DB8C7688BF9-LeaderElection436: begin an election at term 222 for -1: [77ab65e6-d942-49df-83a3-1d4c0bf152b3:192.168.164.217:39381, 7e1b84a9-a041-44fd-8008-f2679426984c:192.168.164.217:44149, 4a682f4f-c3f2-4b77-88b7-f0ab78890feb:192.168.164.217:34174], old=null
2019-11-05 08:24:17,719 [a8ae9c07-6d89-4a49-a594-cacd4b776180@group-0E159EE4F99E-LeaderElection435] INFO  impl.LeaderElection (LogUtils.java:infoOrTrace(149)) - a8ae9c07-6d89-4a49-a594-cacd4b776180@group-0E159EE4F99E-LeaderElection435 got exception when requesting votes: {}
java.util.concurrent.ExecutionException: org.apache.ratis.thirdparty.io.grpc.StatusRuntimeException: UNAVAILABLE: io exception
	at java.util.concurrent.FutureTask.report(FutureTask.java:122)
	at java.util.concurrent.FutureTask.get(FutureTask.java:192)
	at org.apache.ratis.server.impl.LeaderElection.waitForResults(LeaderElection.java:259)
	at org.apache.ratis.server.impl.LeaderElection.askForVotes(LeaderElection.java:197)
	at org.apache.ratis.server.impl.LeaderElection.run(LeaderElection.java:133)
	at java.lang.Thread.run(Thread.java:748)
Caused by: org.apache.ratis.thirdparty.io.grpc.StatusRuntimeException: UNAVAILABLE: io exception
	at org.apache.ratis.thirdparty.io.grpc.stub.ClientCalls.toStatusRuntimeException(ClientCalls.java:233)
	at org.apache.ratis.thirdparty.io.grpc.stub.ClientCalls.getUnchecked(ClientCalls.java:214)
	at org.apache.ratis.thirdparty.io.grpc.stub.ClientCalls.blockingUnaryCall(ClientCalls.java:139)
	at org.apache.ratis.proto.grpc.RaftServerProtocolServiceGrpc$RaftServerProtocolServiceBlockingStub.requestVote(RaftServerProtocolServiceGrpc.java:265)
	at org.apache.ratis.grpc.server.GrpcServerProtocolClient.requestVote(GrpcServerProtocolClient.java:99)
	at org.apache.ratis.grpc.server.GrpcService.requestVote(GrpcService.java:204)
	at org.apache.ratis.server.impl.LeaderElection.lambda$submitRequests$1(LeaderElection.java:234)
	at java.util.concurrent.FutureTask.run(FutureTask.java:266)
	at java.util.concurrent.Executors$RunnableAdapter.call(Executors.java:511)
	at java.util.concurrent.FutureTask.run(FutureTask.java:266)
	at java.util.concurrent.ThreadPoolExecutor.runWorker(ThreadPoolExecutor.java:1149)
	at java.util.concurrent.ThreadPoolExecutor$Worker.run(ThreadPoolExecutor.java:624)
	... 1 more
Caused by: org.apache.ratis.thirdparty.io.netty.channel.AbstractChannel$AnnotatedConnectException: Connection refused: /192.168.164.217:37197
	at sun.nio.ch.SocketChannelImpl.checkConnect(Native Method)
	at sun.nio.ch.SocketChannelImpl.finishConnect(SocketChannelImpl.java:717)
	at org.apache.ratis.thirdparty.io.netty.channel.socket.nio.NioSocketChannel.doFinishConnect(NioSocketChannel.java:327)
	at org.apache.ratis.thirdparty.io.netty.channel.nio.AbstractNioChannel$AbstractNioUnsafe.finishConnect(AbstractNioChannel.java:340)
	at org.apache.ratis.thirdparty.io.netty.channel.nio.NioEventLoop.processSelectedKey(NioEventLoop.java:632)
	at org.apache.ratis.thirdparty.io.netty.channel.nio.NioEventLoop.processSelectedKeysOptimized(NioEventLoop.java:579)
	at org.apache.ratis.thirdparty.io.netty.channel.nio.NioEventLoop.processSelectedKeys(NioEventLoop.java:496)
	at org.apache.ratis.thirdparty.io.netty.channel.nio.NioEventLoop.run(NioEventLoop.java:458)
	at org.apache.ratis.thirdparty.io.netty.util.concurrent.SingleThreadEventExecutor$5.run(SingleThreadEventExecutor.java:897)
	at org.apache.ratis.thirdparty.io.netty.util.concurrent.FastThreadLocalRunnable.run(FastThreadLocalRunnable.java:30)
	... 1 more
Caused by: java.net.ConnectException: Connection refused
	... 11 more
2019-11-05 08:24:17,723 [grpc-default-executor-4] INFO  impl.RaftServerImpl (RaftServerImpl.java:setRole(184)) - b3bb9051-8089-4c51-a999-81579e5913f2@group-0E159EE4F99E: changes role from  FOLLOWER to FOLLOWER at term 235 for recognizeCandidate:a8ae9c07-6d89-4a49-a594-cacd4b776180
2019-11-05 08:24:17,723 [grpc-default-executor-4] INFO  impl.RoleInfo (RoleInfo.java:shutdownFollowerState(121)) - b3bb9051-8089-4c51-a999-81579e5913f2: shutdown FollowerState
2019-11-05 08:24:17,724 [grpc-default-executor-4] INFO  impl.RoleInfo (RoleInfo.java:updateAndGet(143)) - b3bb9051-8089-4c51-a999-81579e5913f2: start FollowerState
2019-11-05 08:24:17,724 [Thread-3260] INFO  impl.FollowerState (FollowerState.java:run(117)) - b3bb9051-8089-4c51-a999-81579e5913f2@group-0E159EE4F99E-FollowerState was interrupted: java.lang.InterruptedException: sleep interrupted
2019-11-05 08:24:17,724 [grpc-default-executor-0] INFO  impl.RaftServerImpl (RaftServerImpl.java:setRole(184)) - 7e1b84a9-a041-44fd-8008-f2679426984c@group-0DB8C7688BF9: changes role from  FOLLOWER to FOLLOWER at term 222 for recognizeCandidate:4a682f4f-c3f2-4b77-88b7-f0ab78890feb
2019-11-05 08:24:17,724 [grpc-default-executor-0] INFO  impl.RoleInfo (RoleInfo.java:shutdownFollowerState(121)) - 7e1b84a9-a041-44fd-8008-f2679426984c: shutdown FollowerState
2019-11-05 08:24:17,724 [grpc-default-executor-3] INFO  impl.RaftServerImpl (RaftServerImpl.java:setRole(184)) - 77ab65e6-d942-49df-83a3-1d4c0bf152b3@group-0DB8C7688BF9: changes role from  FOLLOWER to FOLLOWER at term 222 for recognizeCandidate:4a682f4f-c3f2-4b77-88b7-f0ab78890feb
2019-11-05 08:24:17,724 [Thread-3251] INFO  impl.FollowerState (FollowerState.java:run(117)) - 7e1b84a9-a041-44fd-8008-f2679426984c@group-0DB8C7688BF9-FollowerState was interrupted: java.lang.InterruptedException: sleep interrupted
2019-11-05 08:24:17,724 [grpc-default-executor-0] INFO  impl.RoleInfo (RoleInfo.java:updateAndGet(143)) - 7e1b84a9-a041-44fd-8008-f2679426984c: start FollowerState
2019-11-05 08:24:17,724 [grpc-default-executor-3] INFO  impl.RoleInfo (RoleInfo.java:shutdownFollowerState(121)) - 77ab65e6-d942-49df-83a3-1d4c0bf152b3: shutdown FollowerState
2019-11-05 08:24:17,725 [grpc-default-executor-3] INFO  impl.RoleInfo (RoleInfo.java:updateAndGet(143)) - 77ab65e6-d942-49df-83a3-1d4c0bf152b3: start FollowerState
2019-11-05 08:24:17,725 [Thread-3250] INFO  impl.FollowerState (FollowerState.java:run(117)) - 77ab65e6-d942-49df-83a3-1d4c0bf152b3@group-0DB8C7688BF9-FollowerState was interrupted: java.lang.InterruptedException: sleep interrupted
2019-11-05 08:24:17,738 [4a682f4f-c3f2-4b77-88b7-f0ab78890feb@group-0DB8C7688BF9-LeaderElection436] INFO  impl.LeaderElection (LeaderElection.java:logAndReturn(56)) - 4a682f4f-c3f2-4b77-88b7-f0ab78890feb@group-0DB8C7688BF9-LeaderElection436: Election REJECTED; received 2 response(s) [4a682f4f-c3f2-4b77-88b7-f0ab78890feb<-77ab65e6-d942-49df-83a3-1d4c0bf152b3#0:FAIL-t222, 4a682f4f-c3f2-4b77-88b7-f0ab78890feb<-7e1b84a9-a041-44fd-8008-f2679426984c#0:FAIL-t222] and 0 exception(s); 4a682f4f-c3f2-4b77-88b7-f0ab78890feb@group-0DB8C7688BF9:t222, leader=null, voted=4a682f4f-c3f2-4b77-88b7-f0ab78890feb, raftlog=4a682f4f-c3f2-4b77-88b7-f0ab78890feb@group-0DB8C7688BF9-SegmentedRaftLog:OPENED:c-1,f-1,i0, conf=-1: [77ab65e6-d942-49df-83a3-1d4c0bf152b3:192.168.164.217:39381, 7e1b84a9-a041-44fd-8008-f2679426984c:192.168.164.217:44149, 4a682f4f-c3f2-4b77-88b7-f0ab78890feb:192.168.164.217:34174], old=null
2019-11-05 08:24:17,738 [a8ae9c07-6d89-4a49-a594-cacd4b776180@group-0E159EE4F99E-LeaderElection435] INFO  impl.LeaderElection (LeaderElection.java:logAndReturn(56)) - a8ae9c07-6d89-4a49-a594-cacd4b776180@group-0E159EE4F99E-LeaderElection435: Election REJECTED; received 1 response(s) [a8ae9c07-6d89-4a49-a594-cacd4b776180<-b3bb9051-8089-4c51-a999-81579e5913f2#0:FAIL-t235] and 1 exception(s); a8ae9c07-6d89-4a49-a594-cacd4b776180@group-0E159EE4F99E:t235, leader=null, voted=a8ae9c07-6d89-4a49-a594-cacd4b776180, raftlog=a8ae9c07-6d89-4a49-a594-cacd4b776180@group-0E159EE4F99E-SegmentedRaftLog:OPENED:c-1,f-1,i0, conf=-1: [caafcba9-090a-41f5-a5f9-cba5a6a81e94:192.168.164.217:37197, a8ae9c07-6d89-4a49-a594-cacd4b776180:192.168.164.217:42719, b3bb9051-8089-4c51-a999-81579e5913f2:192.168.164.217:36516], old=null
2019-11-05 08:24:17,738 [4a682f4f-c3f2-4b77-88b7-f0ab78890feb@group-0DB8C7688BF9-LeaderElection436] INFO  impl.RaftServerImpl (RaftServerImpl.java:setRole(184)) - 4a682f4f-c3f2-4b77-88b7-f0ab78890feb@group-0DB8C7688BF9: changes role from CANDIDATE to FOLLOWER at term 222 for DISCOVERED_A_NEW_TERM
2019-11-05 08:24:17,739 [a8ae9c07-6d89-4a49-a594-cacd4b776180@group-0E159EE4F99E-LeaderElection435] INFO  impl.LeaderElection (LogUtils.java:infoOrTrace(149)) -   Exception 0: {}
java.util.concurrent.ExecutionException: org.apache.ratis.thirdparty.io.grpc.StatusRuntimeException: UNAVAILABLE: io exception
	at java.util.concurrent.FutureTask.report(FutureTask.java:122)
	at java.util.concurrent.FutureTask.get(FutureTask.java:192)
	at org.apache.ratis.server.impl.LeaderElection.waitForResults(LeaderElection.java:259)
	at org.apache.ratis.server.impl.LeaderElection.askForVotes(LeaderElection.java:197)
	at org.apache.ratis.server.impl.LeaderElection.run(LeaderElection.java:133)
	at java.lang.Thread.run(Thread.java:748)
Caused by: org.apache.ratis.thirdparty.io.grpc.StatusRuntimeException: UNAVAILABLE: io exception
	at org.apache.ratis.thirdparty.io.grpc.stub.ClientCalls.toStatusRuntimeException(ClientCalls.java:233)
	at org.apache.ratis.thirdparty.io.grpc.stub.ClientCalls.getUnchecked(ClientCalls.java:214)
	at org.apache.ratis.thirdparty.io.grpc.stub.ClientCalls.blockingUnaryCall(ClientCalls.java:139)
	at org.apache.ratis.proto.grpc.RaftServerProtocolServiceGrpc$RaftServerProtocolServiceBlockingStub.requestVote(RaftServerProtocolServiceGrpc.java:265)
	at org.apache.ratis.grpc.server.GrpcServerProtocolClient.requestVote(GrpcServerProtocolClient.java:99)
	at org.apache.ratis.grpc.server.GrpcService.requestVote(GrpcService.java:204)
	at org.apache.ratis.server.impl.LeaderElection.lambda$submitRequests$1(LeaderElection.java:234)
	at java.util.concurrent.FutureTask.run(FutureTask.java:266)
	at java.util.concurrent.Executors$RunnableAdapter.call(Executors.java:511)
	at java.util.concurrent.FutureTask.run(FutureTask.java:266)
	at java.util.concurrent.ThreadPoolExecutor.runWorker(ThreadPoolExecutor.java:1149)
	at java.util.concurrent.ThreadPoolExecutor$Worker.run(ThreadPoolExecutor.java:624)
	... 1 more
Caused by: org.apache.ratis.thirdparty.io.netty.channel.AbstractChannel$AnnotatedConnectException: Connection refused: /192.168.164.217:37197
	at sun.nio.ch.SocketChannelImpl.checkConnect(Native Method)
	at sun.nio.ch.SocketChannelImpl.finishConnect(SocketChannelImpl.java:717)
	at org.apache.ratis.thirdparty.io.netty.channel.socket.nio.NioSocketChannel.doFinishConnect(NioSocketChannel.java:327)
	at org.apache.ratis.thirdparty.io.netty.channel.nio.AbstractNioChannel$AbstractNioUnsafe.finishConnect(AbstractNioChannel.java:340)
	at org.apache.ratis.thirdparty.io.netty.channel.nio.NioEventLoop.processSelectedKey(NioEventLoop.java:632)
	at org.apache.ratis.thirdparty.io.netty.channel.nio.NioEventLoop.processSelectedKeysOptimized(NioEventLoop.java:579)
	at org.apache.ratis.thirdparty.io.netty.channel.nio.NioEventLoop.processSelectedKeys(NioEventLoop.java:496)
	at org.apache.ratis.thirdparty.io.netty.channel.nio.NioEventLoop.run(NioEventLoop.java:458)
	at org.apache.ratis.thirdparty.io.netty.util.concurrent.SingleThreadEventExecutor$5.run(SingleThreadEventExecutor.java:897)
	at org.apache.ratis.thirdparty.io.netty.util.concurrent.FastThreadLocalRunnable.run(FastThreadLocalRunnable.java:30)
	... 1 more
Caused by: java.net.ConnectException: Connection refused
	... 11 more
2019-11-05 08:24:17,739 [4a682f4f-c3f2-4b77-88b7-f0ab78890feb@group-0DB8C7688BF9-LeaderElection436] INFO  impl.RoleInfo (RoleInfo.java:shutdownLeaderElection(134)) - 4a682f4f-c3f2-4b77-88b7-f0ab78890feb: shutdown LeaderElection
2019-11-05 08:24:17,739 [a8ae9c07-6d89-4a49-a594-cacd4b776180@group-0E159EE4F99E-LeaderElection435] INFO  impl.RaftServerImpl (RaftServerImpl.java:setRole(184)) - a8ae9c07-6d89-4a49-a594-cacd4b776180@group-0E159EE4F99E: changes role from CANDIDATE to FOLLOWER at term 235 for DISCOVERED_A_NEW_TERM
2019-11-05 08:24:17,740 [a8ae9c07-6d89-4a49-a594-cacd4b776180@group-0E159EE4F99E-LeaderElection435] INFO  impl.RoleInfo (RoleInfo.java:shutdownLeaderElection(134)) - a8ae9c07-6d89-4a49-a594-cacd4b776180: shutdown LeaderElection
2019-11-05 08:24:17,740 [4a682f4f-c3f2-4b77-88b7-f0ab78890feb@group-0DB8C7688BF9-LeaderElection436] INFO  impl.RoleInfo (RoleInfo.java:updateAndGet(143)) - 4a682f4f-c3f2-4b77-88b7-f0ab78890feb: start FollowerState
2019-11-05 08:24:17,740 [a8ae9c07-6d89-4a49-a594-cacd4b776180@group-0E159EE4F99E-LeaderElection435] INFO  impl.RoleInfo (RoleInfo.java:updateAndGet(143)) - a8ae9c07-6d89-4a49-a594-cacd4b776180: start FollowerState
2019-11-05 08:24:17,741 [java.util.concurrent.ThreadPoolExecutor$Worker@4893213[State = -1, empty queue]] WARN  server.GrpcLogAppender (GrpcLogAppender.java:timeoutAppendRequest(209)) - 6189f8a4-91dd-451f-abcb-72b2dcd73465@group-9D53872EEF85->fe5257f1-588f-41af-bf70-1c04126c8968-GrpcLogAppender: appendEntries Timeout, request=6189f8a4-91dd-451f-abcb-72b2dcd73465->fe5257f1-588f-41af-bf70-1c04126c8968#71-t4, previous=(t:4, i:20), leaderCommit=20, initializing? false, entries: <empty>
2019-11-05 08:24:17,805 [Thread-3271] INFO  impl.FollowerState (FollowerState.java:run(108)) - 4a682f4f-c3f2-4b77-88b7-f0ab78890feb@group-0DB8C7688BF9-FollowerState: change to CANDIDATE, lastRpcTime:65ms, electionTimeout:65ms
2019-11-05 08:24:17,805 [Thread-3271] INFO  impl.RoleInfo (RoleInfo.java:shutdownFollowerState(121)) - 4a682f4f-c3f2-4b77-88b7-f0ab78890feb: shutdown FollowerState
2019-11-05 08:24:17,805 [Thread-3271] INFO  impl.RaftServerImpl (RaftServerImpl.java:setRole(184)) - 4a682f4f-c3f2-4b77-88b7-f0ab78890feb@group-0DB8C7688BF9: changes role from  FOLLOWER to CANDIDATE at term 222 for changeToCandidate
2019-11-05 08:24:17,805 [Thread-3271] INFO  impl.RoleInfo (RoleInfo.java:updateAndGet(143)) - 4a682f4f-c3f2-4b77-88b7-f0ab78890feb: start LeaderElection
2019-11-05 08:24:17,843 [4a682f4f-c3f2-4b77-88b7-f0ab78890feb@group-0DB8C7688BF9-LeaderElection437] INFO  impl.LeaderElection (LeaderElection.java:askForVotes(178)) - 4a682f4f-c3f2-4b77-88b7-f0ab78890feb@group-0DB8C7688BF9-LeaderElection437: begin an election at term 223 for -1: [77ab65e6-d942-49df-83a3-1d4c0bf152b3:192.168.164.217:39381, 7e1b84a9-a041-44fd-8008-f2679426984c:192.168.164.217:44149, 4a682f4f-c3f2-4b77-88b7-f0ab78890feb:192.168.164.217:34174], old=null
2019-11-05 08:24:17,845 [grpc-default-executor-0] INFO  impl.RaftServerImpl (RaftServerImpl.java:setRole(184)) - 77ab65e6-d942-49df-83a3-1d4c0bf152b3@group-0DB8C7688BF9: changes role from  FOLLOWER to FOLLOWER at term 223 for recognizeCandidate:4a682f4f-c3f2-4b77-88b7-f0ab78890feb
2019-11-05 08:24:17,845 [grpc-default-executor-4] INFO  impl.RaftServerImpl (RaftServerImpl.java:setRole(184)) - 7e1b84a9-a041-44fd-8008-f2679426984c@group-0DB8C7688BF9: changes role from  FOLLOWER to FOLLOWER at term 223 for recognizeCandidate:4a682f4f-c3f2-4b77-88b7-f0ab78890feb
2019-11-05 08:24:17,845 [grpc-default-executor-0] INFO  impl.RoleInfo (RoleInfo.java:shutdownFollowerState(121)) - 77ab65e6-d942-49df-83a3-1d4c0bf152b3: shutdown FollowerState
2019-11-05 08:24:17,845 [grpc-default-executor-4] INFO  impl.RoleInfo (RoleInfo.java:shutdownFollowerState(121)) - 7e1b84a9-a041-44fd-8008-f2679426984c: shutdown FollowerState
2019-11-05 08:24:17,846 [Thread-3270] INFO  impl.FollowerState (FollowerState.java:run(117)) - 77ab65e6-d942-49df-83a3-1d4c0bf152b3@group-0DB8C7688BF9-FollowerState was interrupted: java.lang.InterruptedException: sleep interrupted
2019-11-05 08:24:17,846 [grpc-default-executor-0] INFO  impl.RoleInfo (RoleInfo.java:updateAndGet(143)) - 77ab65e6-d942-49df-83a3-1d4c0bf152b3: start FollowerState
2019-11-05 08:24:17,846 [Thread-3269] INFO  impl.FollowerState (FollowerState.java:run(117)) - 7e1b84a9-a041-44fd-8008-f2679426984c@group-0DB8C7688BF9-FollowerState was interrupted: java.lang.InterruptedException: sleep interrupted
2019-11-05 08:24:17,846 [grpc-default-executor-4] INFO  impl.RoleInfo (RoleInfo.java:updateAndGet(143)) - 7e1b84a9-a041-44fd-8008-f2679426984c: start FollowerState
2019-11-05 08:24:17,860 [4a682f4f-c3f2-4b77-88b7-f0ab78890feb@group-0DB8C7688BF9-LeaderElection437] INFO  impl.LeaderElection (LeaderElection.java:logAndReturn(56)) - 4a682f4f-c3f2-4b77-88b7-f0ab78890feb@group-0DB8C7688BF9-LeaderElection437: Election REJECTED; received 2 response(s) [4a682f4f-c3f2-4b77-88b7-f0ab78890feb<-77ab65e6-d942-49df-83a3-1d4c0bf152b3#0:FAIL-t223, 4a682f4f-c3f2-4b77-88b7-f0ab78890feb<-7e1b84a9-a041-44fd-8008-f2679426984c#0:FAIL-t223] and 0 exception(s); 4a682f4f-c3f2-4b77-88b7-f0ab78890feb@group-0DB8C7688BF9:t223, leader=null, voted=4a682f4f-c3f2-4b77-88b7-f0ab78890feb, raftlog=4a682f4f-c3f2-4b77-88b7-f0ab78890feb@group-0DB8C7688BF9-SegmentedRaftLog:OPENED:c-1,f-1,i0, conf=-1: [77ab65e6-d942-49df-83a3-1d4c0bf152b3:192.168.164.217:39381, 7e1b84a9-a041-44fd-8008-f2679426984c:192.168.164.217:44149, 4a682f4f-c3f2-4b77-88b7-f0ab78890feb:192.168.164.217:34174], old=null
2019-11-05 08:24:17,860 [4a682f4f-c3f2-4b77-88b7-f0ab78890feb@group-0DB8C7688BF9-LeaderElection437] INFO  impl.RaftServerImpl (RaftServerImpl.java:setRole(184)) - 4a682f4f-c3f2-4b77-88b7-f0ab78890feb@group-0DB8C7688BF9: changes role from CANDIDATE to FOLLOWER at term 223 for DISCOVERED_A_NEW_TERM
2019-11-05 08:24:17,861 [4a682f4f-c3f2-4b77-88b7-f0ab78890feb@group-0DB8C7688BF9-LeaderElection437] INFO  impl.RoleInfo (RoleInfo.java:shutdownLeaderElection(134)) - 4a682f4f-c3f2-4b77-88b7-f0ab78890feb: shutdown LeaderElection
2019-11-05 08:24:17,861 [4a682f4f-c3f2-4b77-88b7-f0ab78890feb@group-0DB8C7688BF9-LeaderElection437] INFO  impl.RoleInfo (RoleInfo.java:updateAndGet(143)) - 4a682f4f-c3f2-4b77-88b7-f0ab78890feb: start FollowerState
2019-11-05 08:24:17,871 [Thread-3272] INFO  impl.FollowerState (FollowerState.java:run(108)) - a8ae9c07-6d89-4a49-a594-cacd4b776180@group-0E159EE4F99E-FollowerState: change to CANDIDATE, lastRpcTime:131ms, electionTimeout:131ms
2019-11-05 08:24:17,871 [Thread-3272] INFO  impl.RoleInfo (RoleInfo.java:shutdownFollowerState(121)) - a8ae9c07-6d89-4a49-a594-cacd4b776180: shutdown FollowerState
2019-11-05 08:24:17,872 [Thread-3272] INFO  impl.RaftServerImpl (RaftServerImpl.java:setRole(184)) - a8ae9c07-6d89-4a49-a594-cacd4b776180@group-0E159EE4F99E: changes role from  FOLLOWER to CANDIDATE at term 235 for changeToCandidate
2019-11-05 08:24:17,872 [Thread-3272] INFO  impl.RoleInfo (RoleInfo.java:updateAndGet(143)) - a8ae9c07-6d89-4a49-a594-cacd4b776180: start LeaderElection
2019-11-05 08:24:17,885 [a8ae9c07-6d89-4a49-a594-cacd4b776180@group-0E159EE4F99E-LeaderElection438] INFO  impl.LeaderElection (LeaderElection.java:askForVotes(178)) - a8ae9c07-6d89-4a49-a594-cacd4b776180@group-0E159EE4F99E-LeaderElection438: begin an election at term 236 for -1: [caafcba9-090a-41f5-a5f9-cba5a6a81e94:192.168.164.217:37197, a8ae9c07-6d89-4a49-a594-cacd4b776180:192.168.164.217:42719, b3bb9051-8089-4c51-a999-81579e5913f2:192.168.164.217:36516], old=null
2019-11-05 08:24:17,886 [a8ae9c07-6d89-4a49-a594-cacd4b776180@group-0E159EE4F99E-LeaderElection438] INFO  impl.LeaderElection (LogUtils.java:infoOrTrace(149)) - a8ae9c07-6d89-4a49-a594-cacd4b776180@group-0E159EE4F99E-LeaderElection438 got exception when requesting votes: {}
java.util.concurrent.ExecutionException: org.apache.ratis.thirdparty.io.grpc.StatusRuntimeException: UNAVAILABLE: io exception
	at java.util.concurrent.FutureTask.report(FutureTask.java:122)
	at java.util.concurrent.FutureTask.get(FutureTask.java:192)
	at org.apache.ratis.server.impl.LeaderElection.waitForResults(LeaderElection.java:259)
	at org.apache.ratis.server.impl.LeaderElection.askForVotes(LeaderElection.java:197)
	at org.apache.ratis.server.impl.LeaderElection.run(LeaderElection.java:133)
	at java.lang.Thread.run(Thread.java:748)
Caused by: org.apache.ratis.thirdparty.io.grpc.StatusRuntimeException: UNAVAILABLE: io exception
	at org.apache.ratis.thirdparty.io.grpc.stub.ClientCalls.toStatusRuntimeException(ClientCalls.java:233)
	at org.apache.ratis.thirdparty.io.grpc.stub.ClientCalls.getUnchecked(ClientCalls.java:214)
	at org.apache.ratis.thirdparty.io.grpc.stub.ClientCalls.blockingUnaryCall(ClientCalls.java:139)
	at org.apache.ratis.proto.grpc.RaftServerProtocolServiceGrpc$RaftServerProtocolServiceBlockingStub.requestVote(RaftServerProtocolServiceGrpc.java:265)
	at org.apache.ratis.grpc.server.GrpcServerProtocolClient.requestVote(GrpcServerProtocolClient.java:99)
	at org.apache.ratis.grpc.server.GrpcService.requestVote(GrpcService.java:204)
	at org.apache.ratis.server.impl.LeaderElection.lambda$submitRequests$1(LeaderElection.java:234)
	at java.util.concurrent.FutureTask.run(FutureTask.java:266)
	at java.util.concurrent.Executors$RunnableAdapter.call(Executors.java:511)
	at java.util.concurrent.FutureTask.run(FutureTask.java:266)
	at java.util.concurrent.ThreadPoolExecutor.runWorker(ThreadPoolExecutor.java:1149)
	at java.util.concurrent.ThreadPoolExecutor$Worker.run(ThreadPoolExecutor.java:624)
	... 1 more
Caused by: org.apache.ratis.thirdparty.io.netty.channel.AbstractChannel$AnnotatedConnectException: Connection refused: /192.168.164.217:37197
	at sun.nio.ch.SocketChannelImpl.checkConnect(Native Method)
	at sun.nio.ch.SocketChannelImpl.finishConnect(SocketChannelImpl.java:717)
	at org.apache.ratis.thirdparty.io.netty.channel.socket.nio.NioSocketChannel.doFinishConnect(NioSocketChannel.java:327)
	at org.apache.ratis.thirdparty.io.netty.channel.nio.AbstractNioChannel$AbstractNioUnsafe.finishConnect(AbstractNioChannel.java:340)
	at org.apache.ratis.thirdparty.io.netty.channel.nio.NioEventLoop.processSelectedKey(NioEventLoop.java:632)
	at org.apache.ratis.thirdparty.io.netty.channel.nio.NioEventLoop.processSelectedKeysOptimized(NioEventLoop.java:579)
	at org.apache.ratis.thirdparty.io.netty.channel.nio.NioEventLoop.processSelectedKeys(NioEventLoop.java:496)
	at org.apache.ratis.thirdparty.io.netty.channel.nio.NioEventLoop.run(NioEventLoop.java:458)
	at org.apache.ratis.thirdparty.io.netty.util.concurrent.SingleThreadEventExecutor$5.run(SingleThreadEventExecutor.java:897)
	at org.apache.ratis.thirdparty.io.netty.util.concurrent.FastThreadLocalRunnable.run(FastThreadLocalRunnable.java:30)
	... 1 more
Caused by: java.net.ConnectException: Connection refused
	... 11 more
2019-11-05 08:24:17,889 [grpc-default-executor-4] INFO  impl.RaftServerImpl (RaftServerImpl.java:setRole(184)) - b3bb9051-8089-4c51-a999-81579e5913f2@group-0E159EE4F99E: changes role from  FOLLOWER to FOLLOWER at term 236 for recognizeCandidate:a8ae9c07-6d89-4a49-a594-cacd4b776180
2019-11-05 08:24:17,889 [grpc-default-executor-4] INFO  impl.RoleInfo (RoleInfo.java:shutdownFollowerState(121)) - b3bb9051-8089-4c51-a999-81579e5913f2: shutdown FollowerState
2019-11-05 08:24:17,889 [grpc-default-executor-4] INFO  impl.RoleInfo (RoleInfo.java:updateAndGet(143)) - b3bb9051-8089-4c51-a999-81579e5913f2: start FollowerState
2019-11-05 08:24:17,889 [Thread-3268] INFO  impl.FollowerState (FollowerState.java:run(117)) - b3bb9051-8089-4c51-a999-81579e5913f2@group-0E159EE4F99E-FollowerState was interrupted: java.lang.InterruptedException: sleep interrupted
2019-11-05 08:24:17,904 [a8ae9c07-6d89-4a49-a594-cacd4b776180@group-0E159EE4F99E-LeaderElection438] INFO  impl.LeaderElection (LeaderElection.java:logAndReturn(56)) - a8ae9c07-6d89-4a49-a594-cacd4b776180@group-0E159EE4F99E-LeaderElection438: Election REJECTED; received 1 response(s) [a8ae9c07-6d89-4a49-a594-cacd4b776180<-b3bb9051-8089-4c51-a999-81579e5913f2#0:FAIL-t236] and 1 exception(s); a8ae9c07-6d89-4a49-a594-cacd4b776180@group-0E159EE4F99E:t236, leader=null, voted=a8ae9c07-6d89-4a49-a594-cacd4b776180, raftlog=a8ae9c07-6d89-4a49-a594-cacd4b776180@group-0E159EE4F99E-SegmentedRaftLog:OPENED:c-1,f-1,i0, conf=-1: [caafcba9-090a-41f5-a5f9-cba5a6a81e94:192.168.164.217:37197, a8ae9c07-6d89-4a49-a594-cacd4b776180:192.168.164.217:42719, b3bb9051-8089-4c51-a999-81579e5913f2:192.168.164.217:36516], old=null
2019-11-05 08:24:17,904 [a8ae9c07-6d89-4a49-a594-cacd4b776180@group-0E159EE4F99E-LeaderElection438] INFO  impl.LeaderElection (LogUtils.java:infoOrTrace(149)) -   Exception 0: {}
java.util.concurrent.ExecutionException: org.apache.ratis.thirdparty.io.grpc.StatusRuntimeException: UNAVAILABLE: io exception
	at java.util.concurrent.FutureTask.report(FutureTask.java:122)
	at java.util.concurrent.FutureTask.get(FutureTask.java:192)
	at org.apache.ratis.server.impl.LeaderElection.waitForResults(LeaderElection.java:259)
	at org.apache.ratis.server.impl.LeaderElection.askForVotes(LeaderElection.java:197)
	at org.apache.ratis.server.impl.LeaderElection.run(LeaderElection.java:133)
	at java.lang.Thread.run(Thread.java:748)
Caused by: org.apache.ratis.thirdparty.io.grpc.StatusRuntimeException: UNAVAILABLE: io exception
	at org.apache.ratis.thirdparty.io.grpc.stub.ClientCalls.toStatusRuntimeException(ClientCalls.java:233)
	at org.apache.ratis.thirdparty.io.grpc.stub.ClientCalls.getUnchecked(ClientCalls.java:214)
	at org.apache.ratis.thirdparty.io.grpc.stub.ClientCalls.blockingUnaryCall(ClientCalls.java:139)
	at org.apache.ratis.proto.grpc.RaftServerProtocolServiceGrpc$RaftServerProtocolServiceBlockingStub.requestVote(RaftServerProtocolServiceGrpc.java:265)
	at org.apache.ratis.grpc.server.GrpcServerProtocolClient.requestVote(GrpcServerProtocolClient.java:99)
	at org.apache.ratis.grpc.server.GrpcService.requestVote(GrpcService.java:204)
	at org.apache.ratis.server.impl.LeaderElection.lambda$submitRequests$1(LeaderElection.java:234)
	at java.util.concurrent.FutureTask.run(FutureTask.java:266)
	at java.util.concurrent.Executors$RunnableAdapter.call(Executors.java:511)
	at java.util.concurrent.FutureTask.run(FutureTask.java:266)
	at java.util.concurrent.ThreadPoolExecutor.runWorker(ThreadPoolExecutor.java:1149)
	at java.util.concurrent.ThreadPoolExecutor$Worker.run(ThreadPoolExecutor.java:624)
	... 1 more
Caused by: org.apache.ratis.thirdparty.io.netty.channel.AbstractChannel$AnnotatedConnectException: Connection refused: /192.168.164.217:37197
	at sun.nio.ch.SocketChannelImpl.checkConnect(Native Method)
	at sun.nio.ch.SocketChannelImpl.finishConnect(SocketChannelImpl.java:717)
	at org.apache.ratis.thirdparty.io.netty.channel.socket.nio.NioSocketChannel.doFinishConnect(NioSocketChannel.java:327)
	at org.apache.ratis.thirdparty.io.netty.channel.nio.AbstractNioChannel$AbstractNioUnsafe.finishConnect(AbstractNioChannel.java:340)
	at org.apache.ratis.thirdparty.io.netty.channel.nio.NioEventLoop.processSelectedKey(NioEventLoop.java:632)
	at org.apache.ratis.thirdparty.io.netty.channel.nio.NioEventLoop.processSelectedKeysOptimized(NioEventLoop.java:579)
	at org.apache.ratis.thirdparty.io.netty.channel.nio.NioEventLoop.processSelectedKeys(NioEventLoop.java:496)
	at org.apache.ratis.thirdparty.io.netty.channel.nio.NioEventLoop.run(NioEventLoop.java:458)
	at org.apache.ratis.thirdparty.io.netty.util.concurrent.SingleThreadEventExecutor$5.run(SingleThreadEventExecutor.java:897)
	at org.apache.ratis.thirdparty.io.netty.util.concurrent.FastThreadLocalRunnable.run(FastThreadLocalRunnable.java:30)
	... 1 more
Caused by: java.net.ConnectException: Connection refused
	... 11 more
2019-11-05 08:24:17,905 [a8ae9c07-6d89-4a49-a594-cacd4b776180@group-0E159EE4F99E-LeaderElection438] INFO  impl.RaftServerImpl (RaftServerImpl.java:setRole(184)) - a8ae9c07-6d89-4a49-a594-cacd4b776180@group-0E159EE4F99E: changes role from CANDIDATE to FOLLOWER at term 236 for DISCOVERED_A_NEW_TERM
2019-11-05 08:24:17,905 [a8ae9c07-6d89-4a49-a594-cacd4b776180@group-0E159EE4F99E-LeaderElection438] INFO  impl.RoleInfo (RoleInfo.java:shutdownLeaderElection(134)) - a8ae9c07-6d89-4a49-a594-cacd4b776180: shutdown LeaderElection
2019-11-05 08:24:17,905 [a8ae9c07-6d89-4a49-a594-cacd4b776180@group-0E159EE4F99E-LeaderElection438] INFO  impl.RoleInfo (RoleInfo.java:updateAndGet(143)) - a8ae9c07-6d89-4a49-a594-cacd4b776180: start FollowerState
2019-11-05 08:24:17,905 [Thread-3279] INFO  impl.FollowerState (FollowerState.java:run(108)) - 4a682f4f-c3f2-4b77-88b7-f0ab78890feb@group-0DB8C7688BF9-FollowerState: change to CANDIDATE, lastRpcTime:44ms, electionTimeout:44ms
2019-11-05 08:24:17,905 [Thread-3279] INFO  impl.RoleInfo (RoleInfo.java:shutdownFollowerState(121)) - 4a682f4f-c3f2-4b77-88b7-f0ab78890feb: shutdown FollowerState
2019-11-05 08:24:17,905 [Thread-3279] INFO  impl.RaftServerImpl (RaftServerImpl.java:setRole(184)) - 4a682f4f-c3f2-4b77-88b7-f0ab78890feb@group-0DB8C7688BF9: changes role from  FOLLOWER to CANDIDATE at term 223 for changeToCandidate
2019-11-05 08:24:17,905 [Thread-3279] INFO  impl.RoleInfo (RoleInfo.java:updateAndGet(143)) - 4a682f4f-c3f2-4b77-88b7-f0ab78890feb: start LeaderElection
2019-11-05 08:24:17,918 [4a682f4f-c3f2-4b77-88b7-f0ab78890feb@group-0DB8C7688BF9-LeaderElection439] INFO  impl.LeaderElection (LeaderElection.java:askForVotes(178)) - 4a682f4f-c3f2-4b77-88b7-f0ab78890feb@group-0DB8C7688BF9-LeaderElection439: begin an election at term 224 for -1: [77ab65e6-d942-49df-83a3-1d4c0bf152b3:192.168.164.217:39381, 7e1b84a9-a041-44fd-8008-f2679426984c:192.168.164.217:44149, 4a682f4f-c3f2-4b77-88b7-f0ab78890feb:192.168.164.217:34174], old=null
2019-11-05 08:24:17,919 [grpc-default-executor-4] INFO  impl.RaftServerImpl (RaftServerImpl.java:setRole(184)) - 77ab65e6-d942-49df-83a3-1d4c0bf152b3@group-0DB8C7688BF9: changes role from  FOLLOWER to FOLLOWER at term 224 for recognizeCandidate:4a682f4f-c3f2-4b77-88b7-f0ab78890feb
2019-11-05 08:24:17,919 [grpc-default-executor-0] INFO  impl.RaftServerImpl (RaftServerImpl.java:setRole(184)) - 7e1b84a9-a041-44fd-8008-f2679426984c@group-0DB8C7688BF9: changes role from  FOLLOWER to FOLLOWER at term 224 for recognizeCandidate:4a682f4f-c3f2-4b77-88b7-f0ab78890feb
2019-11-05 08:24:17,919 [grpc-default-executor-0] INFO  impl.RoleInfo (RoleInfo.java:shutdownFollowerState(121)) - 7e1b84a9-a041-44fd-8008-f2679426984c: shutdown FollowerState
2019-11-05 08:24:17,919 [grpc-default-executor-4] INFO  impl.RoleInfo (RoleInfo.java:shutdownFollowerState(121)) - 77ab65e6-d942-49df-83a3-1d4c0bf152b3: shutdown FollowerState
2019-11-05 08:24:17,919 [Thread-3278] INFO  impl.FollowerState (FollowerState.java:run(117)) - 7e1b84a9-a041-44fd-8008-f2679426984c@group-0DB8C7688BF9-FollowerState was interrupted: java.lang.InterruptedException: sleep interrupted
2019-11-05 08:24:17,919 [grpc-default-executor-0] INFO  impl.RoleInfo (RoleInfo.java:updateAndGet(143)) - 7e1b84a9-a041-44fd-8008-f2679426984c: start FollowerState
2019-11-05 08:24:17,920 [Thread-3277] INFO  impl.FollowerState (FollowerState.java:run(117)) - 77ab65e6-d942-49df-83a3-1d4c0bf152b3@group-0DB8C7688BF9-FollowerState was interrupted: java.lang.InterruptedException: sleep interrupted
2019-11-05 08:24:17,920 [grpc-default-executor-4] INFO  impl.RoleInfo (RoleInfo.java:updateAndGet(143)) - 77ab65e6-d942-49df-83a3-1d4c0bf152b3: start FollowerState
2019-11-05 08:24:17,934 [4a682f4f-c3f2-4b77-88b7-f0ab78890feb@group-0DB8C7688BF9-LeaderElection439] INFO  impl.LeaderElection (LeaderElection.java:logAndReturn(56)) - 4a682f4f-c3f2-4b77-88b7-f0ab78890feb@group-0DB8C7688BF9-LeaderElection439: Election REJECTED; received 2 response(s) [4a682f4f-c3f2-4b77-88b7-f0ab78890feb<-77ab65e6-d942-49df-83a3-1d4c0bf152b3#0:FAIL-t224, 4a682f4f-c3f2-4b77-88b7-f0ab78890feb<-7e1b84a9-a041-44fd-8008-f2679426984c#0:FAIL-t224] and 0 exception(s); 4a682f4f-c3f2-4b77-88b7-f0ab78890feb@group-0DB8C7688BF9:t224, leader=null, voted=4a682f4f-c3f2-4b77-88b7-f0ab78890feb, raftlog=4a682f4f-c3f2-4b77-88b7-f0ab78890feb@group-0DB8C7688BF9-SegmentedRaftLog:OPENED:c-1,f-1,i0, conf=-1: [77ab65e6-d942-49df-83a3-1d4c0bf152b3:192.168.164.217:39381, 7e1b84a9-a041-44fd-8008-f2679426984c:192.168.164.217:44149, 4a682f4f-c3f2-4b77-88b7-f0ab78890feb:192.168.164.217:34174], old=null
2019-11-05 08:24:17,934 [4a682f4f-c3f2-4b77-88b7-f0ab78890feb@group-0DB8C7688BF9-LeaderElection439] INFO  impl.RaftServerImpl (RaftServerImpl.java:setRole(184)) - 4a682f4f-c3f2-4b77-88b7-f0ab78890feb@group-0DB8C7688BF9: changes role from CANDIDATE to FOLLOWER at term 224 for DISCOVERED_A_NEW_TERM
2019-11-05 08:24:17,934 [4a682f4f-c3f2-4b77-88b7-f0ab78890feb@group-0DB8C7688BF9-LeaderElection439] INFO  impl.RoleInfo (RoleInfo.java:shutdownLeaderElection(134)) - 4a682f4f-c3f2-4b77-88b7-f0ab78890feb: shutdown LeaderElection
2019-11-05 08:24:17,934 [4a682f4f-c3f2-4b77-88b7-f0ab78890feb@group-0DB8C7688BF9-LeaderElection439] INFO  impl.RoleInfo (RoleInfo.java:updateAndGet(143)) - 4a682f4f-c3f2-4b77-88b7-f0ab78890feb: start FollowerState
2019-11-05 08:24:17,972 [Thread-3284] INFO  impl.FollowerState (FollowerState.java:run(108)) - a8ae9c07-6d89-4a49-a594-cacd4b776180@group-0E159EE4F99E-FollowerState: change to CANDIDATE, lastRpcTime:67ms, electionTimeout:67ms
2019-11-05 08:24:17,972 [Thread-3284] INFO  impl.RoleInfo (RoleInfo.java:shutdownFollowerState(121)) - a8ae9c07-6d89-4a49-a594-cacd4b776180: shutdown FollowerState
2019-11-05 08:24:17,972 [Thread-3284] INFO  impl.RaftServerImpl (RaftServerImpl.java:setRole(184)) - a8ae9c07-6d89-4a49-a594-cacd4b776180@group-0E159EE4F99E: changes role from  FOLLOWER to CANDIDATE at term 236 for changeToCandidate
2019-11-05 08:24:17,973 [Thread-3284] INFO  impl.RoleInfo (RoleInfo.java:updateAndGet(143)) - a8ae9c07-6d89-4a49-a594-cacd4b776180: start LeaderElection
2019-11-05 08:24:17,986 [a8ae9c07-6d89-4a49-a594-cacd4b776180@group-0E159EE4F99E-LeaderElection440] INFO  impl.LeaderElection (LeaderElection.java:askForVotes(178)) - a8ae9c07-6d89-4a49-a594-cacd4b776180@group-0E159EE4F99E-LeaderElection440: begin an election at term 237 for -1: [caafcba9-090a-41f5-a5f9-cba5a6a81e94:192.168.164.217:37197, a8ae9c07-6d89-4a49-a594-cacd4b776180:192.168.164.217:42719, b3bb9051-8089-4c51-a999-81579e5913f2:192.168.164.217:36516], old=null
2019-11-05 08:24:17,987 [a8ae9c07-6d89-4a49-a594-cacd4b776180@group-0E159EE4F99E-LeaderElection440] INFO  impl.LeaderElection (LogUtils.java:infoOrTrace(149)) - a8ae9c07-6d89-4a49-a594-cacd4b776180@group-0E159EE4F99E-LeaderElection440 got exception when requesting votes: {}
java.util.concurrent.ExecutionException: org.apache.ratis.thirdparty.io.grpc.StatusRuntimeException: UNAVAILABLE: io exception
	at java.util.concurrent.FutureTask.report(FutureTask.java:122)
	at java.util.concurrent.FutureTask.get(FutureTask.java:192)
	at org.apache.ratis.server.impl.LeaderElection.waitForResults(LeaderElection.java:259)
	at org.apache.ratis.server.impl.LeaderElection.askForVotes(LeaderElection.java:197)
	at org.apache.ratis.server.impl.LeaderElection.run(LeaderElection.java:133)
	at java.lang.Thread.run(Thread.java:748)
Caused by: org.apache.ratis.thirdparty.io.grpc.StatusRuntimeException: UNAVAILABLE: io exception
	at org.apache.ratis.thirdparty.io.grpc.stub.ClientCalls.toStatusRuntimeException(ClientCalls.java:233)
	at org.apache.ratis.thirdparty.io.grpc.stub.ClientCalls.getUnchecked(ClientCalls.java:214)
	at org.apache.ratis.thirdparty.io.grpc.stub.ClientCalls.blockingUnaryCall(ClientCalls.java:139)
	at org.apache.ratis.proto.grpc.RaftServerProtocolServiceGrpc$RaftServerProtocolServiceBlockingStub.requestVote(RaftServerProtocolServiceGrpc.java:265)
	at org.apache.ratis.grpc.server.GrpcServerProtocolClient.requestVote(GrpcServerProtocolClient.java:99)
	at org.apache.ratis.grpc.server.GrpcService.requestVote(GrpcService.java:204)
	at org.apache.ratis.server.impl.LeaderElection.lambda$submitRequests$1(LeaderElection.java:234)
	at java.util.concurrent.FutureTask.run(FutureTask.java:266)
	at java.util.concurrent.Executors$RunnableAdapter.call(Executors.java:511)
	at java.util.concurrent.FutureTask.run(FutureTask.java:266)
	at java.util.concurrent.ThreadPoolExecutor.runWorker(ThreadPoolExecutor.java:1149)
	at java.util.concurrent.ThreadPoolExecutor$Worker.run(ThreadPoolExecutor.java:624)
	... 1 more
Caused by: org.apache.ratis.thirdparty.io.netty.channel.AbstractChannel$AnnotatedConnectException: Connection refused: /192.168.164.217:37197
	at sun.nio.ch.SocketChannelImpl.checkConnect(Native Method)
	at sun.nio.ch.SocketChannelImpl.finishConnect(SocketChannelImpl.java:717)
	at org.apache.ratis.thirdparty.io.netty.channel.socket.nio.NioSocketChannel.doFinishConnect(NioSocketChannel.java:327)
	at org.apache.ratis.thirdparty.io.netty.channel.nio.AbstractNioChannel$AbstractNioUnsafe.finishConnect(AbstractNioChannel.java:340)
	at org.apache.ratis.thirdparty.io.netty.channel.nio.NioEventLoop.processSelectedKey(NioEventLoop.java:632)
	at org.apache.ratis.thirdparty.io.netty.channel.nio.NioEventLoop.processSelectedKeysOptimized(NioEventLoop.java:579)
	at org.apache.ratis.thirdparty.io.netty.channel.nio.NioEventLoop.processSelectedKeys(NioEventLoop.java:496)
	at org.apache.ratis.thirdparty.io.netty.channel.nio.NioEventLoop.run(NioEventLoop.java:458)
	at org.apache.ratis.thirdparty.io.netty.util.concurrent.SingleThreadEventExecutor$5.run(SingleThreadEventExecutor.java:897)
	at org.apache.ratis.thirdparty.io.netty.util.concurrent.FastThreadLocalRunnable.run(FastThreadLocalRunnable.java:30)
	... 1 more
Caused by: java.net.ConnectException: Connection refused
	... 11 more
2019-11-05 08:24:17,990 [grpc-default-executor-0] INFO  impl.RaftServerImpl (RaftServerImpl.java:setRole(184)) - b3bb9051-8089-4c51-a999-81579e5913f2@group-0E159EE4F99E: changes role from  FOLLOWER to FOLLOWER at term 237 for recognizeCandidate:a8ae9c07-6d89-4a49-a594-cacd4b776180
2019-11-05 08:24:17,990 [grpc-default-executor-0] INFO  impl.RoleInfo (RoleInfo.java:shutdownFollowerState(121)) - b3bb9051-8089-4c51-a999-81579e5913f2: shutdown FollowerState
2019-11-05 08:24:17,990 [grpc-default-executor-0] INFO  impl.RoleInfo (RoleInfo.java:updateAndGet(143)) - b3bb9051-8089-4c51-a999-81579e5913f2: start FollowerState
2019-11-05 08:24:17,990 [Thread-3283] INFO  impl.FollowerState (FollowerState.java:run(117)) - b3bb9051-8089-4c51-a999-81579e5913f2@group-0E159EE4F99E-FollowerState was interrupted: java.lang.InterruptedException: sleep interrupted
2019-11-05 08:24:18,003 [a8ae9c07-6d89-4a49-a594-cacd4b776180@group-0E159EE4F99E-LeaderElection440] INFO  impl.LeaderElection (LeaderElection.java:logAndReturn(56)) - a8ae9c07-6d89-4a49-a594-cacd4b776180@group-0E159EE4F99E-LeaderElection440: Election REJECTED; received 1 response(s) [a8ae9c07-6d89-4a49-a594-cacd4b776180<-b3bb9051-8089-4c51-a999-81579e5913f2#0:FAIL-t237] and 1 exception(s); a8ae9c07-6d89-4a49-a594-cacd4b776180@group-0E159EE4F99E:t237, leader=null, voted=a8ae9c07-6d89-4a49-a594-cacd4b776180, raftlog=a8ae9c07-6d89-4a49-a594-cacd4b776180@group-0E159EE4F99E-SegmentedRaftLog:OPENED:c-1,f-1,i0, conf=-1: [caafcba9-090a-41f5-a5f9-cba5a6a81e94:192.168.164.217:37197, a8ae9c07-6d89-4a49-a594-cacd4b776180:192.168.164.217:42719, b3bb9051-8089-4c51-a999-81579e5913f2:192.168.164.217:36516], old=null
2019-11-05 08:24:18,004 [a8ae9c07-6d89-4a49-a594-cacd4b776180@group-0E159EE4F99E-LeaderElection440] INFO  impl.LeaderElection (LogUtils.java:infoOrTrace(149)) -   Exception 0: {}
java.util.concurrent.ExecutionException: org.apache.ratis.thirdparty.io.grpc.StatusRuntimeException: UNAVAILABLE: io exception
	at java.util.concurrent.FutureTask.report(FutureTask.java:122)
	at java.util.concurrent.FutureTask.get(FutureTask.java:192)
	at org.apache.ratis.server.impl.LeaderElection.waitForResults(LeaderElection.java:259)
	at org.apache.ratis.server.impl.LeaderElection.askForVotes(LeaderElection.java:197)
	at org.apache.ratis.server.impl.LeaderElection.run(LeaderElection.java:133)
	at java.lang.Thread.run(Thread.java:748)
Caused by: org.apache.ratis.thirdparty.io.grpc.StatusRuntimeException: UNAVAILABLE: io exception
	at org.apache.ratis.thirdparty.io.grpc.stub.ClientCalls.toStatusRuntimeException(ClientCalls.java:233)
	at org.apache.ratis.thirdparty.io.grpc.stub.ClientCalls.getUnchecked(ClientCalls.java:214)
	at org.apache.ratis.thirdparty.io.grpc.stub.ClientCalls.blockingUnaryCall(ClientCalls.java:139)
	at org.apache.ratis.proto.grpc.RaftServerProtocolServiceGrpc$RaftServerProtocolServiceBlockingStub.requestVote(RaftServerProtocolServiceGrpc.java:265)
	at org.apache.ratis.grpc.server.GrpcServerProtocolClient.requestVote(GrpcServerProtocolClient.java:99)
	at org.apache.ratis.grpc.server.GrpcService.requestVote(GrpcService.java:204)
	at org.apache.ratis.server.impl.LeaderElection.lambda$submitRequests$1(LeaderElection.java:234)
	at java.util.concurrent.FutureTask.run(FutureTask.java:266)
	at java.util.concurrent.Executors$RunnableAdapter.call(Executors.java:511)
	at java.util.concurrent.FutureTask.run(FutureTask.java:266)
	at java.util.concurrent.ThreadPoolExecutor.runWorker(ThreadPoolExecutor.java:1149)
	at java.util.concurrent.ThreadPoolExecutor$Worker.run(ThreadPoolExecutor.java:624)
	... 1 more
Caused by: org.apache.ratis.thirdparty.io.netty.channel.AbstractChannel$AnnotatedConnectException: Connection refused: /192.168.164.217:37197
	at sun.nio.ch.SocketChannelImpl.checkConnect(Native Method)
	at sun.nio.ch.SocketChannelImpl.finishConnect(SocketChannelImpl.java:717)
	at org.apache.ratis.thirdparty.io.netty.channel.socket.nio.NioSocketChannel.doFinishConnect(NioSocketChannel.java:327)
	at org.apache.ratis.thirdparty.io.netty.channel.nio.AbstractNioChannel$AbstractNioUnsafe.finishConnect(AbstractNioChannel.java:340)
	at org.apache.ratis.thirdparty.io.netty.channel.nio.NioEventLoop.processSelectedKey(NioEventLoop.java:632)
	at org.apache.ratis.thirdparty.io.netty.channel.nio.NioEventLoop.processSelectedKeysOptimized(NioEventLoop.java:579)
	at org.apache.ratis.thirdparty.io.netty.channel.nio.NioEventLoop.processSelectedKeys(NioEventLoop.java:496)
	at org.apache.ratis.thirdparty.io.netty.channel.nio.NioEventLoop.run(NioEventLoop.java:458)
	at org.apache.ratis.thirdparty.io.netty.util.concurrent.SingleThreadEventExecutor$5.run(SingleThreadEventExecutor.java:897)
	at org.apache.ratis.thirdparty.io.netty.util.concurrent.FastThreadLocalRunnable.run(FastThreadLocalRunnable.java:30)
	... 1 more
Caused by: java.net.ConnectException: Connection refused
	... 11 more
2019-11-05 08:24:18,004 [a8ae9c07-6d89-4a49-a594-cacd4b776180@group-0E159EE4F99E-LeaderElection440] INFO  impl.RaftServerImpl (RaftServerImpl.java:setRole(184)) - a8ae9c07-6d89-4a49-a594-cacd4b776180@group-0E159EE4F99E: changes role from CANDIDATE to FOLLOWER at term 237 for DISCOVERED_A_NEW_TERM
2019-11-05 08:24:18,004 [a8ae9c07-6d89-4a49-a594-cacd4b776180@group-0E159EE4F99E-LeaderElection440] INFO  impl.RoleInfo (RoleInfo.java:shutdownLeaderElection(134)) - a8ae9c07-6d89-4a49-a594-cacd4b776180: shutdown LeaderElection
2019-11-05 08:24:18,004 [a8ae9c07-6d89-4a49-a594-cacd4b776180@group-0E159EE4F99E-LeaderElection440] INFO  impl.RoleInfo (RoleInfo.java:updateAndGet(143)) - a8ae9c07-6d89-4a49-a594-cacd4b776180: start FollowerState
2019-11-05 08:24:18,036 [Thread-3290] INFO  impl.FollowerState (FollowerState.java:run(108)) - 4a682f4f-c3f2-4b77-88b7-f0ab78890feb@group-0DB8C7688BF9-FollowerState: change to CANDIDATE, lastRpcTime:102ms, electionTimeout:102ms
2019-11-05 08:24:18,036 [Thread-3290] INFO  impl.RoleInfo (RoleInfo.java:shutdownFollowerState(121)) - 4a682f4f-c3f2-4b77-88b7-f0ab78890feb: shutdown FollowerState
2019-11-05 08:24:18,036 [Thread-3290] INFO  impl.RaftServerImpl (RaftServerImpl.java:setRole(184)) - 4a682f4f-c3f2-4b77-88b7-f0ab78890feb@group-0DB8C7688BF9: changes role from  FOLLOWER to CANDIDATE at term 224 for changeToCandidate
2019-11-05 08:24:18,036 [Thread-3290] INFO  impl.RoleInfo (RoleInfo.java:updateAndGet(143)) - 4a682f4f-c3f2-4b77-88b7-f0ab78890feb: start LeaderElection
2019-11-05 08:24:18,050 [4a682f4f-c3f2-4b77-88b7-f0ab78890feb@group-0DB8C7688BF9-LeaderElection441] INFO  impl.LeaderElection (LeaderElection.java:askForVotes(178)) - 4a682f4f-c3f2-4b77-88b7-f0ab78890feb@group-0DB8C7688BF9-LeaderElection441: begin an election at term 225 for -1: [77ab65e6-d942-49df-83a3-1d4c0bf152b3:192.168.164.217:39381, 7e1b84a9-a041-44fd-8008-f2679426984c:192.168.164.217:44149, 4a682f4f-c3f2-4b77-88b7-f0ab78890feb:192.168.164.217:34174], old=null
2019-11-05 08:24:18,052 [grpc-default-executor-0] INFO  impl.RaftServerImpl (RaftServerImpl.java:setRole(184)) - 77ab65e6-d942-49df-83a3-1d4c0bf152b3@group-0DB8C7688BF9: changes role from  FOLLOWER to FOLLOWER at term 225 for recognizeCandidate:4a682f4f-c3f2-4b77-88b7-f0ab78890feb
2019-11-05 08:24:18,052 [grpc-default-executor-0] INFO  impl.RoleInfo (RoleInfo.java:shutdownFollowerState(121)) - 77ab65e6-d942-49df-83a3-1d4c0bf152b3: shutdown FollowerState
2019-11-05 08:24:18,052 [grpc-default-executor-4] INFO  impl.RaftServerImpl (RaftServerImpl.java:setRole(184)) - 7e1b84a9-a041-44fd-8008-f2679426984c@group-0DB8C7688BF9: changes role from  FOLLOWER to FOLLOWER at term 225 for recognizeCandidate:4a682f4f-c3f2-4b77-88b7-f0ab78890feb
2019-11-05 08:24:18,052 [Thread-3289] INFO  impl.FollowerState (FollowerState.java:run(117)) - 77ab65e6-d942-49df-83a3-1d4c0bf152b3@group-0DB8C7688BF9-FollowerState was interrupted: java.lang.InterruptedException: sleep interrupted
2019-11-05 08:24:18,052 [grpc-default-executor-0] INFO  impl.RoleInfo (RoleInfo.java:updateAndGet(143)) - 77ab65e6-d942-49df-83a3-1d4c0bf152b3: start FollowerState
2019-11-05 08:24:18,052 [grpc-default-executor-4] INFO  impl.RoleInfo (RoleInfo.java:shutdownFollowerState(121)) - 7e1b84a9-a041-44fd-8008-f2679426984c: shutdown FollowerState
2019-11-05 08:24:18,053 [grpc-default-executor-4] INFO  impl.RoleInfo (RoleInfo.java:updateAndGet(143)) - 7e1b84a9-a041-44fd-8008-f2679426984c: start FollowerState
2019-11-05 08:24:18,053 [Thread-3288] INFO  impl.FollowerState (FollowerState.java:run(117)) - 7e1b84a9-a041-44fd-8008-f2679426984c@group-0DB8C7688BF9-FollowerState was interrupted: java.lang.InterruptedException: sleep interrupted
2019-11-05 08:24:18,057 [Thread-3295] INFO  impl.FollowerState (FollowerState.java:run(108)) - a8ae9c07-6d89-4a49-a594-cacd4b776180@group-0E159EE4F99E-FollowerState: change to CANDIDATE, lastRpcTime:53ms, electionTimeout:53ms
2019-11-05 08:24:18,057 [Thread-3295] INFO  impl.RoleInfo (RoleInfo.java:shutdownFollowerState(121)) - a8ae9c07-6d89-4a49-a594-cacd4b776180: shutdown FollowerState
2019-11-05 08:24:18,057 [4a682f4f-c3f2-4b77-88b7-f0ab78890feb@group-0DB8C7688BF9-LeaderElection441] INFO  impl.LeaderElection (LeaderElection.java:logAndReturn(56)) - 4a682f4f-c3f2-4b77-88b7-f0ab78890feb@group-0DB8C7688BF9-LeaderElection441: Election REJECTED; received 2 response(s) [4a682f4f-c3f2-4b77-88b7-f0ab78890feb<-77ab65e6-d942-49df-83a3-1d4c0bf152b3#0:FAIL-t225, 4a682f4f-c3f2-4b77-88b7-f0ab78890feb<-7e1b84a9-a041-44fd-8008-f2679426984c#0:FAIL-t225] and 0 exception(s); 4a682f4f-c3f2-4b77-88b7-f0ab78890feb@group-0DB8C7688BF9:t225, leader=null, voted=4a682f4f-c3f2-4b77-88b7-f0ab78890feb, raftlog=4a682f4f-c3f2-4b77-88b7-f0ab78890feb@group-0DB8C7688BF9-SegmentedRaftLog:OPENED:c-1,f-1,i0, conf=-1: [77ab65e6-d942-49df-83a3-1d4c0bf152b3:192.168.164.217:39381, 7e1b84a9-a041-44fd-8008-f2679426984c:192.168.164.217:44149, 4a682f4f-c3f2-4b77-88b7-f0ab78890feb:192.168.164.217:34174], old=null
2019-11-05 08:24:18,057 [Thread-3295] INFO  impl.RaftServerImpl (RaftServerImpl.java:setRole(184)) - a8ae9c07-6d89-4a49-a594-cacd4b776180@group-0E159EE4F99E: changes role from  FOLLOWER to CANDIDATE at term 237 for changeToCandidate
2019-11-05 08:24:18,058 [4a682f4f-c3f2-4b77-88b7-f0ab78890feb@group-0DB8C7688BF9-LeaderElection441] INFO  impl.RaftServerImpl (RaftServerImpl.java:setRole(184)) - 4a682f4f-c3f2-4b77-88b7-f0ab78890feb@group-0DB8C7688BF9: changes role from CANDIDATE to FOLLOWER at term 225 for DISCOVERED_A_NEW_TERM
2019-11-05 08:24:18,058 [Thread-3295] INFO  impl.RoleInfo (RoleInfo.java:updateAndGet(143)) - a8ae9c07-6d89-4a49-a594-cacd4b776180: start LeaderElection
2019-11-05 08:24:18,058 [4a682f4f-c3f2-4b77-88b7-f0ab78890feb@group-0DB8C7688BF9-LeaderElection441] INFO  impl.RoleInfo (RoleInfo.java:shutdownLeaderElection(134)) - 4a682f4f-c3f2-4b77-88b7-f0ab78890feb: shutdown LeaderElection
2019-11-05 08:24:18,058 [4a682f4f-c3f2-4b77-88b7-f0ab78890feb@group-0DB8C7688BF9-LeaderElection441] INFO  impl.RoleInfo (RoleInfo.java:updateAndGet(143)) - 4a682f4f-c3f2-4b77-88b7-f0ab78890feb: start FollowerState
2019-11-05 08:24:18,082 [a8ae9c07-6d89-4a49-a594-cacd4b776180@group-0E159EE4F99E-LeaderElection442] INFO  impl.LeaderElection (LeaderElection.java:askForVotes(178)) - a8ae9c07-6d89-4a49-a594-cacd4b776180@group-0E159EE4F99E-LeaderElection442: begin an election at term 238 for -1: [caafcba9-090a-41f5-a5f9-cba5a6a81e94:192.168.164.217:37197, a8ae9c07-6d89-4a49-a594-cacd4b776180:192.168.164.217:42719, b3bb9051-8089-4c51-a999-81579e5913f2:192.168.164.217:36516], old=null
2019-11-05 08:24:18,083 [a8ae9c07-6d89-4a49-a594-cacd4b776180@group-0E159EE4F99E-LeaderElection442] INFO  impl.LeaderElection (LogUtils.java:infoOrTrace(149)) - a8ae9c07-6d89-4a49-a594-cacd4b776180@group-0E159EE4F99E-LeaderElection442 got exception when requesting votes: {}
java.util.concurrent.ExecutionException: org.apache.ratis.thirdparty.io.grpc.StatusRuntimeException: UNAVAILABLE: io exception
	at java.util.concurrent.FutureTask.report(FutureTask.java:122)
	at java.util.concurrent.FutureTask.get(FutureTask.java:192)
	at org.apache.ratis.server.impl.LeaderElection.waitForResults(LeaderElection.java:259)
	at org.apache.ratis.server.impl.LeaderElection.askForVotes(LeaderElection.java:197)
	at org.apache.ratis.server.impl.LeaderElection.run(LeaderElection.java:133)
	at java.lang.Thread.run(Thread.java:748)
Caused by: org.apache.ratis.thirdparty.io.grpc.StatusRuntimeException: UNAVAILABLE: io exception
	at org.apache.ratis.thirdparty.io.grpc.stub.ClientCalls.toStatusRuntimeException(ClientCalls.java:233)
	at org.apache.ratis.thirdparty.io.grpc.stub.ClientCalls.getUnchecked(ClientCalls.java:214)
	at org.apache.ratis.thirdparty.io.grpc.stub.ClientCalls.blockingUnaryCall(ClientCalls.java:139)
	at org.apache.ratis.proto.grpc.RaftServerProtocolServiceGrpc$RaftServerProtocolServiceBlockingStub.requestVote(RaftServerProtocolServiceGrpc.java:265)
	at org.apache.ratis.grpc.server.GrpcServerProtocolClient.requestVote(GrpcServerProtocolClient.java:99)
	at org.apache.ratis.grpc.server.GrpcService.requestVote(GrpcService.java:204)
	at org.apache.ratis.server.impl.LeaderElection.lambda$submitRequests$1(LeaderElection.java:234)
	at java.util.concurrent.FutureTask.run(FutureTask.java:266)
	at java.util.concurrent.Executors$RunnableAdapter.call(Executors.java:511)
	at java.util.concurrent.FutureTask.run(FutureTask.java:266)
	at java.util.concurrent.ThreadPoolExecutor.runWorker(ThreadPoolExecutor.java:1149)
	at java.util.concurrent.ThreadPoolExecutor$Worker.run(ThreadPoolExecutor.java:624)
	... 1 more
Caused by: org.apache.ratis.thirdparty.io.netty.channel.AbstractChannel$AnnotatedConnectException: Connection refused: /192.168.164.217:37197
	at sun.nio.ch.SocketChannelImpl.checkConnect(Native Method)
	at sun.nio.ch.SocketChannelImpl.finishConnect(SocketChannelImpl.java:717)
	at org.apache.ratis.thirdparty.io.netty.channel.socket.nio.NioSocketChannel.doFinishConnect(NioSocketChannel.java:327)
	at org.apache.ratis.thirdparty.io.netty.channel.nio.AbstractNioChannel$AbstractNioUnsafe.finishConnect(AbstractNioChannel.java:340)
	at org.apache.ratis.thirdparty.io.netty.channel.nio.NioEventLoop.processSelectedKey(NioEventLoop.java:632)
	at org.apache.ratis.thirdparty.io.netty.channel.nio.NioEventLoop.processSelectedKeysOptimized(NioEventLoop.java:579)
	at org.apache.ratis.thirdparty.io.netty.channel.nio.NioEventLoop.processSelectedKeys(NioEventLoop.java:496)
	at org.apache.ratis.thirdparty.io.netty.channel.nio.NioEventLoop.run(NioEventLoop.java:458)
	at org.apache.ratis.thirdparty.io.netty.util.concurrent.SingleThreadEventExecutor$5.run(SingleThreadEventExecutor.java:897)
	at org.apache.ratis.thirdparty.io.netty.util.concurrent.FastThreadLocalRunnable.run(FastThreadLocalRunnable.java:30)
	... 1 more
Caused by: java.net.ConnectException: Connection refused
	... 11 more
2019-11-05 08:24:18,086 [grpc-default-executor-4] INFO  impl.RaftServerImpl (RaftServerImpl.java:setRole(184)) - b3bb9051-8089-4c51-a999-81579e5913f2@group-0E159EE4F99E: changes role from  FOLLOWER to FOLLOWER at term 238 for recognizeCandidate:a8ae9c07-6d89-4a49-a594-cacd4b776180
2019-11-05 08:24:18,086 [grpc-default-executor-4] INFO  impl.RoleInfo (RoleInfo.java:shutdownFollowerState(121)) - b3bb9051-8089-4c51-a999-81579e5913f2: shutdown FollowerState
2019-11-05 08:24:18,086 [grpc-default-executor-4] INFO  impl.RoleInfo (RoleInfo.java:updateAndGet(143)) - b3bb9051-8089-4c51-a999-81579e5913f2: start FollowerState
2019-11-05 08:24:18,087 [Thread-3294] INFO  impl.FollowerState (FollowerState.java:run(117)) - b3bb9051-8089-4c51-a999-81579e5913f2@group-0E159EE4F99E-FollowerState was interrupted: java.lang.InterruptedException: sleep interrupted
2019-11-05 08:24:18,104 [a8ae9c07-6d89-4a49-a594-cacd4b776180@group-0E159EE4F99E-LeaderElection442] INFO  impl.LeaderElection (LeaderElection.java:logAndReturn(56)) - a8ae9c07-6d89-4a49-a594-cacd4b776180@group-0E159EE4F99E-LeaderElection442: Election TIMEOUT; received 0 response(s) [] and 1 exception(s); a8ae9c07-6d89-4a49-a594-cacd4b776180@group-0E159EE4F99E:t238, leader=null, voted=a8ae9c07-6d89-4a49-a594-cacd4b776180, raftlog=a8ae9c07-6d89-4a49-a594-cacd4b776180@group-0E159EE4F99E-SegmentedRaftLog:OPENED:c-1,f-1,i0, conf=-1: [caafcba9-090a-41f5-a5f9-cba5a6a81e94:192.168.164.217:37197, a8ae9c07-6d89-4a49-a594-cacd4b776180:192.168.164.217:42719, b3bb9051-8089-4c51-a999-81579e5913f2:192.168.164.217:36516], old=null
2019-11-05 08:24:18,105 [a8ae9c07-6d89-4a49-a594-cacd4b776180@group-0E159EE4F99E-LeaderElection442] INFO  impl.LeaderElection (LogUtils.java:infoOrTrace(149)) -   Exception 0: {}
java.util.concurrent.ExecutionException: org.apache.ratis.thirdparty.io.grpc.StatusRuntimeException: UNAVAILABLE: io exception
	at java.util.concurrent.FutureTask.report(FutureTask.java:122)
	at java.util.concurrent.FutureTask.get(FutureTask.java:192)
	at org.apache.ratis.server.impl.LeaderElection.waitForResults(LeaderElection.java:259)
	at org.apache.ratis.server.impl.LeaderElection.askForVotes(LeaderElection.java:197)
	at org.apache.ratis.server.impl.LeaderElection.run(LeaderElection.java:133)
	at java.lang.Thread.run(Thread.java:748)
Caused by: org.apache.ratis.thirdparty.io.grpc.StatusRuntimeException: UNAVAILABLE: io exception
	at org.apache.ratis.thirdparty.io.grpc.stub.ClientCalls.toStatusRuntimeException(ClientCalls.java:233)
	at org.apache.ratis.thirdparty.io.grpc.stub.ClientCalls.getUnchecked(ClientCalls.java:214)
	at org.apache.ratis.thirdparty.io.grpc.stub.ClientCalls.blockingUnaryCall(ClientCalls.java:139)
	at org.apache.ratis.proto.grpc.RaftServerProtocolServiceGrpc$RaftServerProtocolServiceBlockingStub.requestVote(RaftServerProtocolServiceGrpc.java:265)
	at org.apache.ratis.grpc.server.GrpcServerProtocolClient.requestVote(GrpcServerProtocolClient.java:99)
	at org.apache.ratis.grpc.server.GrpcService.requestVote(GrpcService.java:204)
	at org.apache.ratis.server.impl.LeaderElection.lambda$submitRequests$1(LeaderElection.java:234)
	at java.util.concurrent.FutureTask.run(FutureTask.java:266)
	at java.util.concurrent.Executors$RunnableAdapter.call(Executors.java:511)
	at java.util.concurrent.FutureTask.run(FutureTask.java:266)
	at java.util.concurrent.ThreadPoolExecutor.runWorker(ThreadPoolExecutor.java:1149)
	at java.util.concurrent.ThreadPoolExecutor$Worker.run(ThreadPoolExecutor.java:624)
	... 1 more
Caused by: org.apache.ratis.thirdparty.io.netty.channel.AbstractChannel$AnnotatedConnectException: Connection refused: /192.168.164.217:37197
	at sun.nio.ch.SocketChannelImpl.checkConnect(Native Method)
	at sun.nio.ch.SocketChannelImpl.finishConnect(SocketChannelImpl.java:717)
	at org.apache.ratis.thirdparty.io.netty.channel.socket.nio.NioSocketChannel.doFinishConnect(NioSocketChannel.java:327)
	at org.apache.ratis.thirdparty.io.netty.channel.nio.AbstractNioChannel$AbstractNioUnsafe.finishConnect(AbstractNioChannel.java:340)
	at org.apache.ratis.thirdparty.io.netty.channel.nio.NioEventLoop.processSelectedKey(NioEventLoop.java:632)
	at org.apache.ratis.thirdparty.io.netty.channel.nio.NioEventLoop.processSelectedKeysOptimized(NioEventLoop.java:579)
	at org.apache.ratis.thirdparty.io.netty.channel.nio.NioEventLoop.processSelectedKeys(NioEventLoop.java:496)
	at org.apache.ratis.thirdparty.io.netty.channel.nio.NioEventLoop.run(NioEventLoop.java:458)
	at org.apache.ratis.thirdparty.io.netty.util.concurrent.SingleThreadEventExecutor$5.run(SingleThreadEventExecutor.java:897)
	at org.apache.ratis.thirdparty.io.netty.util.concurrent.FastThreadLocalRunnable.run(FastThreadLocalRunnable.java:30)
	... 1 more
Caused by: java.net.ConnectException: Connection refused
	... 11 more
2019-11-05 08:24:18,109 [Thread-3302] INFO  impl.FollowerState (FollowerState.java:run(108)) - 4a682f4f-c3f2-4b77-88b7-f0ab78890feb@group-0DB8C7688BF9-FollowerState: change to CANDIDATE, lastRpcTime:51ms, electionTimeout:51ms
2019-11-05 08:24:18,110 [Thread-3302] INFO  impl.RoleInfo (RoleInfo.java:shutdownFollowerState(121)) - 4a682f4f-c3f2-4b77-88b7-f0ab78890feb: shutdown FollowerState
2019-11-05 08:24:18,110 [Thread-3302] INFO  impl.RaftServerImpl (RaftServerImpl.java:setRole(184)) - 4a682f4f-c3f2-4b77-88b7-f0ab78890feb@group-0DB8C7688BF9: changes role from  FOLLOWER to CANDIDATE at term 225 for changeToCandidate
2019-11-05 08:24:18,110 [Thread-3302] INFO  impl.RoleInfo (RoleInfo.java:updateAndGet(143)) - 4a682f4f-c3f2-4b77-88b7-f0ab78890feb: start LeaderElection
2019-11-05 08:24:18,117 [a8ae9c07-6d89-4a49-a594-cacd4b776180@group-0E159EE4F99E-LeaderElection442] INFO  impl.LeaderElection (LeaderElection.java:askForVotes(178)) - a8ae9c07-6d89-4a49-a594-cacd4b776180@group-0E159EE4F99E-LeaderElection442: begin an election at term 239 for -1: [caafcba9-090a-41f5-a5f9-cba5a6a81e94:192.168.164.217:37197, a8ae9c07-6d89-4a49-a594-cacd4b776180:192.168.164.217:42719, b3bb9051-8089-4c51-a999-81579e5913f2:192.168.164.217:36516], old=null
2019-11-05 08:24:18,117 [4a682f4f-c3f2-4b77-88b7-f0ab78890feb@group-0DB8C7688BF9-LeaderElection443] INFO  impl.LeaderElection (LeaderElection.java:askForVotes(178)) - 4a682f4f-c3f2-4b77-88b7-f0ab78890feb@group-0DB8C7688BF9-LeaderElection443: begin an election at term 226 for -1: [77ab65e6-d942-49df-83a3-1d4c0bf152b3:192.168.164.217:39381, 7e1b84a9-a041-44fd-8008-f2679426984c:192.168.164.217:44149, 4a682f4f-c3f2-4b77-88b7-f0ab78890feb:192.168.164.217:34174], old=null
2019-11-05 08:24:18,118 [a8ae9c07-6d89-4a49-a594-cacd4b776180@group-0E159EE4F99E-LeaderElection442] INFO  impl.LeaderElection (LogUtils.java:infoOrTrace(149)) - a8ae9c07-6d89-4a49-a594-cacd4b776180@group-0E159EE4F99E-LeaderElection442 got exception when requesting votes: {}
java.util.concurrent.ExecutionException: org.apache.ratis.thirdparty.io.grpc.StatusRuntimeException: UNAVAILABLE: io exception
	at java.util.concurrent.FutureTask.report(FutureTask.java:122)
	at java.util.concurrent.FutureTask.get(FutureTask.java:192)
	at org.apache.ratis.server.impl.LeaderElection.waitForResults(LeaderElection.java:259)
	at org.apache.ratis.server.impl.LeaderElection.askForVotes(LeaderElection.java:197)
	at org.apache.ratis.server.impl.LeaderElection.run(LeaderElection.java:133)
	at java.lang.Thread.run(Thread.java:748)
Caused by: org.apache.ratis.thirdparty.io.grpc.StatusRuntimeException: UNAVAILABLE: io exception
	at org.apache.ratis.thirdparty.io.grpc.stub.ClientCalls.toStatusRuntimeException(ClientCalls.java:233)
	at org.apache.ratis.thirdparty.io.grpc.stub.ClientCalls.getUnchecked(ClientCalls.java:214)
	at org.apache.ratis.thirdparty.io.grpc.stub.ClientCalls.blockingUnaryCall(ClientCalls.java:139)
	at org.apache.ratis.proto.grpc.RaftServerProtocolServiceGrpc$RaftServerProtocolServiceBlockingStub.requestVote(RaftServerProtocolServiceGrpc.java:265)
	at org.apache.ratis.grpc.server.GrpcServerProtocolClient.requestVote(GrpcServerProtocolClient.java:99)
	at org.apache.ratis.grpc.server.GrpcService.requestVote(GrpcService.java:204)
	at org.apache.ratis.server.impl.LeaderElection.lambda$submitRequests$1(LeaderElection.java:234)
	at java.util.concurrent.FutureTask.run(FutureTask.java:266)
	at java.util.concurrent.Executors$RunnableAdapter.call(Executors.java:511)
	at java.util.concurrent.FutureTask.run(FutureTask.java:266)
	at java.util.concurrent.ThreadPoolExecutor.runWorker(ThreadPoolExecutor.java:1149)
	at java.util.concurrent.ThreadPoolExecutor$Worker.run(ThreadPoolExecutor.java:624)
	... 1 more
Caused by: org.apache.ratis.thirdparty.io.netty.channel.AbstractChannel$AnnotatedConnectException: Connection refused: /192.168.164.217:37197
	at sun.nio.ch.SocketChannelImpl.checkConnect(Native Method)
	at sun.nio.ch.SocketChannelImpl.finishConnect(SocketChannelImpl.java:717)
	at org.apache.ratis.thirdparty.io.netty.channel.socket.nio.NioSocketChannel.doFinishConnect(NioSocketChannel.java:327)
	at org.apache.ratis.thirdparty.io.netty.channel.nio.AbstractNioChannel$AbstractNioUnsafe.finishConnect(AbstractNioChannel.java:340)
	at org.apache.ratis.thirdparty.io.netty.channel.nio.NioEventLoop.processSelectedKey(NioEventLoop.java:632)
	at org.apache.ratis.thirdparty.io.netty.channel.nio.NioEventLoop.processSelectedKeysOptimized(NioEventLoop.java:579)
	at org.apache.ratis.thirdparty.io.netty.channel.nio.NioEventLoop.processSelectedKeys(NioEventLoop.java:496)
	at org.apache.ratis.thirdparty.io.netty.channel.nio.NioEventLoop.run(NioEventLoop.java:458)
	at org.apache.ratis.thirdparty.io.netty.util.concurrent.SingleThreadEventExecutor$5.run(SingleThreadEventExecutor.java:897)
	at org.apache.ratis.thirdparty.io.netty.util.concurrent.FastThreadLocalRunnable.run(FastThreadLocalRunnable.java:30)
	... 1 more
Caused by: java.net.ConnectException: Connection refused
	... 11 more
2019-11-05 08:24:18,121 [grpc-default-executor-4] INFO  impl.RaftServerImpl (RaftServerImpl.java:setRole(184)) - b3bb9051-8089-4c51-a999-81579e5913f2@group-0E159EE4F99E: changes role from  FOLLOWER to FOLLOWER at term 239 for recognizeCandidate:a8ae9c07-6d89-4a49-a594-cacd4b776180
2019-11-05 08:24:18,121 [grpc-default-executor-4] INFO  impl.RoleInfo (RoleInfo.java:shutdownFollowerState(121)) - b3bb9051-8089-4c51-a999-81579e5913f2: shutdown FollowerState
2019-11-05 08:24:18,121 [grpc-default-executor-0] INFO  impl.RaftServerImpl (RaftServerImpl.java:setRole(184)) - 77ab65e6-d942-49df-83a3-1d4c0bf152b3@group-0DB8C7688BF9: changes role from  FOLLOWER to FOLLOWER at term 226 for recognizeCandidate:4a682f4f-c3f2-4b77-88b7-f0ab78890feb
2019-11-05 08:24:18,122 [grpc-default-executor-0] INFO  impl.RoleInfo (RoleInfo.java:shutdownFollowerState(121)) - 77ab65e6-d942-49df-83a3-1d4c0bf152b3: shutdown FollowerState
2019-11-05 08:24:18,122 [Thread-3305] INFO  impl.FollowerState (FollowerState.java:run(117)) - b3bb9051-8089-4c51-a999-81579e5913f2@group-0E159EE4F99E-FollowerState was interrupted: java.lang.InterruptedException: sleep interrupted
2019-11-05 08:24:18,122 [grpc-default-executor-4] INFO  impl.RoleInfo (RoleInfo.java:updateAndGet(143)) - b3bb9051-8089-4c51-a999-81579e5913f2: start FollowerState
2019-11-05 08:24:18,122 [Thread-3299] INFO  impl.FollowerState (FollowerState.java:run(117)) - 77ab65e6-d942-49df-83a3-1d4c0bf152b3@group-0DB8C7688BF9-FollowerState was interrupted: java.lang.InterruptedException: sleep interrupted
2019-11-05 08:24:18,122 [grpc-default-executor-0] INFO  impl.RoleInfo (RoleInfo.java:updateAndGet(143)) - 77ab65e6-d942-49df-83a3-1d4c0bf152b3: start FollowerState
2019-11-05 08:24:18,122 [grpc-default-executor-3] INFO  impl.RaftServerImpl (RaftServerImpl.java:setRole(184)) - 7e1b84a9-a041-44fd-8008-f2679426984c@group-0DB8C7688BF9: changes role from  FOLLOWER to FOLLOWER at term 226 for recognizeCandidate:4a682f4f-c3f2-4b77-88b7-f0ab78890feb
2019-11-05 08:24:18,123 [grpc-default-executor-3] INFO  impl.RoleInfo (RoleInfo.java:shutdownFollowerState(121)) - 7e1b84a9-a041-44fd-8008-f2679426984c: shutdown FollowerState
2019-11-05 08:24:18,123 [grpc-default-executor-3] INFO  impl.RoleInfo (RoleInfo.java:updateAndGet(143)) - 7e1b84a9-a041-44fd-8008-f2679426984c: start FollowerState
2019-11-05 08:24:18,123 [Thread-3300] INFO  impl.FollowerState (FollowerState.java:run(117)) - 7e1b84a9-a041-44fd-8008-f2679426984c@group-0DB8C7688BF9-FollowerState was interrupted: java.lang.InterruptedException: sleep interrupted
2019-11-05 08:24:18,127 [a8ae9c07-6d89-4a49-a594-cacd4b776180@group-0E159EE4F99E-LeaderElection442] INFO  impl.LeaderElection (LeaderElection.java:logAndReturn(56)) - a8ae9c07-6d89-4a49-a594-cacd4b776180@group-0E159EE4F99E-LeaderElection442: Election TIMEOUT; received 0 response(s) [] and 1 exception(s); a8ae9c07-6d89-4a49-a594-cacd4b776180@group-0E159EE4F99E:t239, leader=null, voted=a8ae9c07-6d89-4a49-a594-cacd4b776180, raftlog=a8ae9c07-6d89-4a49-a594-cacd4b776180@group-0E159EE4F99E-SegmentedRaftLog:OPENED:c-1,f-1,i0, conf=-1: [caafcba9-090a-41f5-a5f9-cba5a6a81e94:192.168.164.217:37197, a8ae9c07-6d89-4a49-a594-cacd4b776180:192.168.164.217:42719, b3bb9051-8089-4c51-a999-81579e5913f2:192.168.164.217:36516], old=null
2019-11-05 08:24:18,127 [a8ae9c07-6d89-4a49-a594-cacd4b776180@group-0E159EE4F99E-LeaderElection442] INFO  impl.LeaderElection (LogUtils.java:infoOrTrace(149)) -   Exception 0: {}
java.util.concurrent.ExecutionException: org.apache.ratis.thirdparty.io.grpc.StatusRuntimeException: UNAVAILABLE: io exception
	at java.util.concurrent.FutureTask.report(FutureTask.java:122)
	at java.util.concurrent.FutureTask.get(FutureTask.java:192)
	at org.apache.ratis.server.impl.LeaderElection.waitForResults(LeaderElection.java:259)
	at org.apache.ratis.server.impl.LeaderElection.askForVotes(LeaderElection.java:197)
	at org.apache.ratis.server.impl.LeaderElection.run(LeaderElection.java:133)
	at java.lang.Thread.run(Thread.java:748)
Caused by: org.apache.ratis.thirdparty.io.grpc.StatusRuntimeException: UNAVAILABLE: io exception
	at org.apache.ratis.thirdparty.io.grpc.stub.ClientCalls.toStatusRuntimeException(ClientCalls.java:233)
	at org.apache.ratis.thirdparty.io.grpc.stub.ClientCalls.getUnchecked(ClientCalls.java:214)
	at org.apache.ratis.thirdparty.io.grpc.stub.ClientCalls.blockingUnaryCall(ClientCalls.java:139)
	at org.apache.ratis.proto.grpc.RaftServerProtocolServiceGrpc$RaftServerProtocolServiceBlockingStub.requestVote(RaftServerProtocolServiceGrpc.java:265)
	at org.apache.ratis.grpc.server.GrpcServerProtocolClient.requestVote(GrpcServerProtocolClient.java:99)
	at org.apache.ratis.grpc.server.GrpcService.requestVote(GrpcService.java:204)
	at org.apache.ratis.server.impl.LeaderElection.lambda$submitRequests$1(LeaderElection.java:234)
	at java.util.concurrent.FutureTask.run(FutureTask.java:266)
	at java.util.concurrent.Executors$RunnableAdapter.call(Executors.java:511)
	at java.util.concurrent.FutureTask.run(FutureTask.java:266)
	at java.util.concurrent.ThreadPoolExecutor.runWorker(ThreadPoolExecutor.java:1149)
	at java.util.concurrent.ThreadPoolExecutor$Worker.run(ThreadPoolExecutor.java:624)
	... 1 more
Caused by: org.apache.ratis.thirdparty.io.netty.channel.AbstractChannel$AnnotatedConnectException: Connection refused: /192.168.164.217:37197
	at sun.nio.ch.SocketChannelImpl.checkConnect(Native Method)
	at sun.nio.ch.SocketChannelImpl.finishConnect(SocketChannelImpl.java:717)
	at org.apache.ratis.thirdparty.io.netty.channel.socket.nio.NioSocketChannel.doFinishConnect(NioSocketChannel.java:327)
	at org.apache.ratis.thirdparty.io.netty.channel.nio.AbstractNioChannel$AbstractNioUnsafe.finishConnect(AbstractNioChannel.java:340)
	at org.apache.ratis.thirdparty.io.netty.channel.nio.NioEventLoop.processSelectedKey(NioEventLoop.java:632)
	at org.apache.ratis.thirdparty.io.netty.channel.nio.NioEventLoop.processSelectedKeysOptimized(NioEventLoop.java:579)
	at org.apache.ratis.thirdparty.io.netty.channel.nio.NioEventLoop.processSelectedKeys(NioEventLoop.java:496)
	at org.apache.ratis.thirdparty.io.netty.channel.nio.NioEventLoop.run(NioEventLoop.java:458)
	at org.apache.ratis.thirdparty.io.netty.util.concurrent.SingleThreadEventExecutor$5.run(SingleThreadEventExecutor.java:897)
	at org.apache.ratis.thirdparty.io.netty.util.concurrent.FastThreadLocalRunnable.run(FastThreadLocalRunnable.java:30)
	... 1 more
Caused by: java.net.ConnectException: Connection refused
	... 11 more
2019-11-05 08:24:18,136 [a8ae9c07-6d89-4a49-a594-cacd4b776180@group-0E159EE4F99E-LeaderElection442] INFO  impl.LeaderElection (LeaderElection.java:askForVotes(178)) - a8ae9c07-6d89-4a49-a594-cacd4b776180@group-0E159EE4F99E-LeaderElection442: begin an election at term 240 for -1: [caafcba9-090a-41f5-a5f9-cba5a6a81e94:192.168.164.217:37197, a8ae9c07-6d89-4a49-a594-cacd4b776180:192.168.164.217:42719, b3bb9051-8089-4c51-a999-81579e5913f2:192.168.164.217:36516], old=null
2019-11-05 08:24:18,137 [4a682f4f-c3f2-4b77-88b7-f0ab78890feb@group-0DB8C7688BF9-LeaderElection443] INFO  impl.LeaderElection (LeaderElection.java:logAndReturn(56)) - 4a682f4f-c3f2-4b77-88b7-f0ab78890feb@group-0DB8C7688BF9-LeaderElection443: Election REJECTED; received 2 response(s) [4a682f4f-c3f2-4b77-88b7-f0ab78890feb<-77ab65e6-d942-49df-83a3-1d4c0bf152b3#0:FAIL-t226, 4a682f4f-c3f2-4b77-88b7-f0ab78890feb<-7e1b84a9-a041-44fd-8008-f2679426984c#0:FAIL-t226] and 0 exception(s); 4a682f4f-c3f2-4b77-88b7-f0ab78890feb@group-0DB8C7688BF9:t226, leader=null, voted=4a682f4f-c3f2-4b77-88b7-f0ab78890feb, raftlog=4a682f4f-c3f2-4b77-88b7-f0ab78890feb@group-0DB8C7688BF9-SegmentedRaftLog:OPENED:c-1,f-1,i0, conf=-1: [77ab65e6-d942-49df-83a3-1d4c0bf152b3:192.168.164.217:39381, 7e1b84a9-a041-44fd-8008-f2679426984c:192.168.164.217:44149, 4a682f4f-c3f2-4b77-88b7-f0ab78890feb:192.168.164.217:34174], old=null
2019-11-05 08:24:18,137 [4a682f4f-c3f2-4b77-88b7-f0ab78890feb@group-0DB8C7688BF9-LeaderElection443] INFO  impl.RaftServerImpl (RaftServerImpl.java:setRole(184)) - 4a682f4f-c3f2-4b77-88b7-f0ab78890feb@group-0DB8C7688BF9: changes role from CANDIDATE to FOLLOWER at term 226 for DISCOVERED_A_NEW_TERM
2019-11-05 08:24:18,137 [4a682f4f-c3f2-4b77-88b7-f0ab78890feb@group-0DB8C7688BF9-LeaderElection443] INFO  impl.RoleInfo (RoleInfo.java:shutdownLeaderElection(134)) - 4a682f4f-c3f2-4b77-88b7-f0ab78890feb: shutdown LeaderElection
2019-11-05 08:24:18,137 [a8ae9c07-6d89-4a49-a594-cacd4b776180@group-0E159EE4F99E-LeaderElection442] INFO  impl.LeaderElection (LogUtils.java:infoOrTrace(149)) - a8ae9c07-6d89-4a49-a594-cacd4b776180@group-0E159EE4F99E-LeaderElection442 got exception when requesting votes: {}
java.util.concurrent.ExecutionException: org.apache.ratis.thirdparty.io.grpc.StatusRuntimeException: UNAVAILABLE: io exception
	at java.util.concurrent.FutureTask.report(FutureTask.java:122)
	at java.util.concurrent.FutureTask.get(FutureTask.java:192)
	at org.apache.ratis.server.impl.LeaderElection.waitForResults(LeaderElection.java:259)
	at org.apache.ratis.server.impl.LeaderElection.askForVotes(LeaderElection.java:197)
	at org.apache.ratis.server.impl.LeaderElection.run(LeaderElection.java:133)
	at java.lang.Thread.run(Thread.java:748)
Caused by: org.apache.ratis.thirdparty.io.grpc.StatusRuntimeException: UNAVAILABLE: io exception
	at org.apache.ratis.thirdparty.io.grpc.stub.ClientCalls.toStatusRuntimeException(ClientCalls.java:233)
	at org.apache.ratis.thirdparty.io.grpc.stub.ClientCalls.getUnchecked(ClientCalls.java:214)
	at org.apache.ratis.thirdparty.io.grpc.stub.ClientCalls.blockingUnaryCall(ClientCalls.java:139)
	at org.apache.ratis.proto.grpc.RaftServerProtocolServiceGrpc$RaftServerProtocolServiceBlockingStub.requestVote(RaftServerProtocolServiceGrpc.java:265)
	at org.apache.ratis.grpc.server.GrpcServerProtocolClient.requestVote(GrpcServerProtocolClient.java:99)
	at org.apache.ratis.grpc.server.GrpcService.requestVote(GrpcService.java:204)
	at org.apache.ratis.server.impl.LeaderElection.lambda$submitRequests$1(LeaderElection.java:234)
	at java.util.concurrent.FutureTask.run(FutureTask.java:266)
	at java.util.concurrent.Executors$RunnableAdapter.call(Executors.java:511)
	at java.util.concurrent.FutureTask.run(FutureTask.java:266)
	at java.util.concurrent.ThreadPoolExecutor.runWorker(ThreadPoolExecutor.java:1149)
	at java.util.concurrent.ThreadPoolExecutor$Worker.run(ThreadPoolExecutor.java:624)
	... 1 more
Caused by: org.apache.ratis.thirdparty.io.netty.channel.AbstractChannel$AnnotatedConnectException: Connection refused: /192.168.164.217:37197
	at sun.nio.ch.SocketChannelImpl.checkConnect(Native Method)
	at sun.nio.ch.SocketChannelImpl.finishConnect(SocketChannelImpl.java:717)
	at org.apache.ratis.thirdparty.io.netty.channel.socket.nio.NioSocketChannel.doFinishConnect(NioSocketChannel.java:327)
	at org.apache.ratis.thirdparty.io.netty.channel.nio.AbstractNioChannel$AbstractNioUnsafe.finishConnect(AbstractNioChannel.java:340)
	at org.apache.ratis.thirdparty.io.netty.channel.nio.NioEventLoop.processSelectedKey(NioEventLoop.java:632)
	at org.apache.ratis.thirdparty.io.netty.channel.nio.NioEventLoop.processSelectedKeysOptimized(NioEventLoop.java:579)
	at org.apache.ratis.thirdparty.io.netty.channel.nio.NioEventLoop.processSelectedKeys(NioEventLoop.java:496)
	at org.apache.ratis.thirdparty.io.netty.channel.nio.NioEventLoop.run(NioEventLoop.java:458)
	at org.apache.ratis.thirdparty.io.netty.util.concurrent.SingleThreadEventExecutor$5.run(SingleThreadEventExecutor.java:897)
	at org.apache.ratis.thirdparty.io.netty.util.concurrent.FastThreadLocalRunnable.run(FastThreadLocalRunnable.java:30)
	... 1 more
Caused by: java.net.ConnectException: Connection refused
	... 11 more
2019-11-05 08:24:18,139 [grpc-default-executor-4] INFO  impl.RaftServerImpl (RaftServerImpl.java:setRole(184)) - b3bb9051-8089-4c51-a999-81579e5913f2@group-0E159EE4F99E: changes role from  FOLLOWER to FOLLOWER at term 240 for recognizeCandidate:a8ae9c07-6d89-4a49-a594-cacd4b776180
2019-11-05 08:24:18,139 [grpc-default-executor-4] INFO  impl.RoleInfo (RoleInfo.java:shutdownFollowerState(121)) - b3bb9051-8089-4c51-a999-81579e5913f2: shutdown FollowerState
2019-11-05 08:24:18,137 [4a682f4f-c3f2-4b77-88b7-f0ab78890feb@group-0DB8C7688BF9-LeaderElection443] INFO  impl.RoleInfo (RoleInfo.java:updateAndGet(143)) - 4a682f4f-c3f2-4b77-88b7-f0ab78890feb: start FollowerState
2019-11-05 08:24:18,140 [Thread-3311] INFO  impl.FollowerState (FollowerState.java:run(117)) - b3bb9051-8089-4c51-a999-81579e5913f2@group-0E159EE4F99E-FollowerState was interrupted: java.lang.InterruptedException: sleep interrupted
2019-11-05 08:24:18,140 [grpc-default-executor-4] INFO  impl.RoleInfo (RoleInfo.java:updateAndGet(143)) - b3bb9051-8089-4c51-a999-81579e5913f2: start FollowerState
2019-11-05 08:24:18,154 [a8ae9c07-6d89-4a49-a594-cacd4b776180@group-0E159EE4F99E-LeaderElection442] INFO  impl.LeaderElection (LeaderElection.java:logAndReturn(56)) - a8ae9c07-6d89-4a49-a594-cacd4b776180@group-0E159EE4F99E-LeaderElection442: Election REJECTED; received 1 response(s) [a8ae9c07-6d89-4a49-a594-cacd4b776180<-b3bb9051-8089-4c51-a999-81579e5913f2#0:FAIL-t240] and 1 exception(s); a8ae9c07-6d89-4a49-a594-cacd4b776180@group-0E159EE4F99E:t240, leader=null, voted=a8ae9c07-6d89-4a49-a594-cacd4b776180, raftlog=a8ae9c07-6d89-4a49-a594-cacd4b776180@group-0E159EE4F99E-SegmentedRaftLog:OPENED:c-1,f-1,i0, conf=-1: [caafcba9-090a-41f5-a5f9-cba5a6a81e94:192.168.164.217:37197, a8ae9c07-6d89-4a49-a594-cacd4b776180:192.168.164.217:42719, b3bb9051-8089-4c51-a999-81579e5913f2:192.168.164.217:36516], old=null
2019-11-05 08:24:18,154 [a8ae9c07-6d89-4a49-a594-cacd4b776180@group-0E159EE4F99E-LeaderElection442] INFO  impl.LeaderElection (LogUtils.java:infoOrTrace(149)) -   Exception 0: {}
java.util.concurrent.ExecutionException: org.apache.ratis.thirdparty.io.grpc.StatusRuntimeException: UNAVAILABLE: io exception
	at java.util.concurrent.FutureTask.report(FutureTask.java:122)
	at java.util.concurrent.FutureTask.get(FutureTask.java:192)
	at org.apache.ratis.server.impl.LeaderElection.waitForResults(LeaderElection.java:259)
	at org.apache.ratis.server.impl.LeaderElection.askForVotes(LeaderElection.java:197)
	at org.apache.ratis.server.impl.LeaderElection.run(LeaderElection.java:133)
	at java.lang.Thread.run(Thread.java:748)
Caused by: org.apache.ratis.thirdparty.io.grpc.StatusRuntimeException: UNAVAILABLE: io exception
	at org.apache.ratis.thirdparty.io.grpc.stub.ClientCalls.toStatusRuntimeException(ClientCalls.java:233)
	at org.apache.ratis.thirdparty.io.grpc.stub.ClientCalls.getUnchecked(ClientCalls.java:214)
	at org.apache.ratis.thirdparty.io.grpc.stub.ClientCalls.blockingUnaryCall(ClientCalls.java:139)
	at org.apache.ratis.proto.grpc.RaftServerProtocolServiceGrpc$RaftServerProtocolServiceBlockingStub.requestVote(RaftServerProtocolServiceGrpc.java:265)
	at org.apache.ratis.grpc.server.GrpcServerProtocolClient.requestVote(GrpcServerProtocolClient.java:99)
	at org.apache.ratis.grpc.server.GrpcService.requestVote(GrpcService.java:204)
	at org.apache.ratis.server.impl.LeaderElection.lambda$submitRequests$1(LeaderElection.java:234)
	at java.util.concurrent.FutureTask.run(FutureTask.java:266)
	at java.util.concurrent.Executors$RunnableAdapter.call(Executors.java:511)
	at java.util.concurrent.FutureTask.run(FutureTask.java:266)
	at java.util.concurrent.ThreadPoolExecutor.runWorker(ThreadPoolExecutor.java:1149)
	at java.util.concurrent.ThreadPoolExecutor$Worker.run(ThreadPoolExecutor.java:624)
	... 1 more
Caused by: org.apache.ratis.thirdparty.io.netty.channel.AbstractChannel$AnnotatedConnectException: Connection refused: /192.168.164.217:37197
	at sun.nio.ch.SocketChannelImpl.checkConnect(Native Method)
	at sun.nio.ch.SocketChannelImpl.finishConnect(SocketChannelImpl.java:717)
	at org.apache.ratis.thirdparty.io.netty.channel.socket.nio.NioSocketChannel.doFinishConnect(NioSocketChannel.java:327)
	at org.apache.ratis.thirdparty.io.netty.channel.nio.AbstractNioChannel$AbstractNioUnsafe.finishConnect(AbstractNioChannel.java:340)
	at org.apache.ratis.thirdparty.io.netty.channel.nio.NioEventLoop.processSelectedKey(NioEventLoop.java:632)
	at org.apache.ratis.thirdparty.io.netty.channel.nio.NioEventLoop.processSelectedKeysOptimized(NioEventLoop.java:579)
	at org.apache.ratis.thirdparty.io.netty.channel.nio.NioEventLoop.processSelectedKeys(NioEventLoop.java:496)
	at org.apache.ratis.thirdparty.io.netty.channel.nio.NioEventLoop.run(NioEventLoop.java:458)
	at org.apache.ratis.thirdparty.io.netty.util.concurrent.SingleThreadEventExecutor$5.run(SingleThreadEventExecutor.java:897)
	at org.apache.ratis.thirdparty.io.netty.util.concurrent.FastThreadLocalRunnable.run(FastThreadLocalRunnable.java:30)
	... 1 more
Caused by: java.net.ConnectException: Connection refused
	... 11 more
2019-11-05 08:24:18,154 [a8ae9c07-6d89-4a49-a594-cacd4b776180@group-0E159EE4F99E-LeaderElection442] INFO  impl.RaftServerImpl (RaftServerImpl.java:setRole(184)) - a8ae9c07-6d89-4a49-a594-cacd4b776180@group-0E159EE4F99E: changes role from CANDIDATE to FOLLOWER at term 240 for DISCOVERED_A_NEW_TERM
2019-11-05 08:24:18,155 [a8ae9c07-6d89-4a49-a594-cacd4b776180@group-0E159EE4F99E-LeaderElection442] INFO  impl.RoleInfo (RoleInfo.java:shutdownLeaderElection(134)) - a8ae9c07-6d89-4a49-a594-cacd4b776180: shutdown LeaderElection
2019-11-05 08:24:18,155 [a8ae9c07-6d89-4a49-a594-cacd4b776180@group-0E159EE4F99E-LeaderElection442] INFO  impl.RoleInfo (RoleInfo.java:updateAndGet(143)) - a8ae9c07-6d89-4a49-a594-cacd4b776180: start FollowerState
2019-11-05 08:24:18,223 [Thread-3316] INFO  impl.FollowerState (FollowerState.java:run(108)) - 4a682f4f-c3f2-4b77-88b7-f0ab78890feb@group-0DB8C7688BF9-FollowerState: change to CANDIDATE, lastRpcTime:85ms, electionTimeout:83ms
2019-11-05 08:24:18,223 [Thread-3316] INFO  impl.RoleInfo (RoleInfo.java:shutdownFollowerState(121)) - 4a682f4f-c3f2-4b77-88b7-f0ab78890feb: shutdown FollowerState
2019-11-05 08:24:18,223 [Thread-3316] INFO  impl.RaftServerImpl (RaftServerImpl.java:setRole(184)) - 4a682f4f-c3f2-4b77-88b7-f0ab78890feb@group-0DB8C7688BF9: changes role from  FOLLOWER to CANDIDATE at term 226 for changeToCandidate
2019-11-05 08:24:18,223 [Thread-3316] INFO  impl.RoleInfo (RoleInfo.java:updateAndGet(143)) - 4a682f4f-c3f2-4b77-88b7-f0ab78890feb: start LeaderElection
2019-11-05 08:24:18,230 [Thread-3318] INFO  impl.FollowerState (FollowerState.java:run(108)) - a8ae9c07-6d89-4a49-a594-cacd4b776180@group-0E159EE4F99E-FollowerState: change to CANDIDATE, lastRpcTime:75ms, electionTimeout:75ms
2019-11-05 08:24:18,230 [Thread-3318] INFO  impl.RoleInfo (RoleInfo.java:shutdownFollowerState(121)) - a8ae9c07-6d89-4a49-a594-cacd4b776180: shutdown FollowerState
2019-11-05 08:24:18,230 [Thread-3318] INFO  impl.RaftServerImpl (RaftServerImpl.java:setRole(184)) - a8ae9c07-6d89-4a49-a594-cacd4b776180@group-0E159EE4F99E: changes role from  FOLLOWER to CANDIDATE at term 240 for changeToCandidate
2019-11-05 08:24:18,230 [Thread-3318] INFO  impl.RoleInfo (RoleInfo.java:updateAndGet(143)) - a8ae9c07-6d89-4a49-a594-cacd4b776180: start LeaderElection
2019-11-05 08:24:18,237 [4a682f4f-c3f2-4b77-88b7-f0ab78890feb@group-0DB8C7688BF9-LeaderElection444] INFO  impl.LeaderElection (LeaderElection.java:askForVotes(178)) - 4a682f4f-c3f2-4b77-88b7-f0ab78890feb@group-0DB8C7688BF9-LeaderElection444: begin an election at term 227 for -1: [77ab65e6-d942-49df-83a3-1d4c0bf152b3:192.168.164.217:39381, 7e1b84a9-a041-44fd-8008-f2679426984c:192.168.164.217:44149, 4a682f4f-c3f2-4b77-88b7-f0ab78890feb:192.168.164.217:34174], old=null
2019-11-05 08:24:18,237 [a8ae9c07-6d89-4a49-a594-cacd4b776180@group-0E159EE4F99E-LeaderElection445] INFO  impl.LeaderElection (LeaderElection.java:askForVotes(178)) - a8ae9c07-6d89-4a49-a594-cacd4b776180@group-0E159EE4F99E-LeaderElection445: begin an election at term 241 for -1: [caafcba9-090a-41f5-a5f9-cba5a6a81e94:192.168.164.217:37197, a8ae9c07-6d89-4a49-a594-cacd4b776180:192.168.164.217:42719, b3bb9051-8089-4c51-a999-81579e5913f2:192.168.164.217:36516], old=null
2019-11-05 08:24:18,238 [a8ae9c07-6d89-4a49-a594-cacd4b776180@group-0E159EE4F99E-LeaderElection445] INFO  impl.LeaderElection (LogUtils.java:infoOrTrace(149)) - a8ae9c07-6d89-4a49-a594-cacd4b776180@group-0E159EE4F99E-LeaderElection445 got exception when requesting votes: {}
java.util.concurrent.ExecutionException: org.apache.ratis.thirdparty.io.grpc.StatusRuntimeException: UNAVAILABLE: io exception
	at java.util.concurrent.FutureTask.report(FutureTask.java:122)
	at java.util.concurrent.FutureTask.get(FutureTask.java:192)
	at org.apache.ratis.server.impl.LeaderElection.waitForResults(LeaderElection.java:259)
	at org.apache.ratis.server.impl.LeaderElection.askForVotes(LeaderElection.java:197)
	at org.apache.ratis.server.impl.LeaderElection.run(LeaderElection.java:133)
	at java.lang.Thread.run(Thread.java:748)
Caused by: org.apache.ratis.thirdparty.io.grpc.StatusRuntimeException: UNAVAILABLE: io exception
	at org.apache.ratis.thirdparty.io.grpc.stub.ClientCalls.toStatusRuntimeException(ClientCalls.java:233)
	at org.apache.ratis.thirdparty.io.grpc.stub.ClientCalls.getUnchecked(ClientCalls.java:214)
	at org.apache.ratis.thirdparty.io.grpc.stub.ClientCalls.blockingUnaryCall(ClientCalls.java:139)
	at org.apache.ratis.proto.grpc.RaftServerProtocolServiceGrpc$RaftServerProtocolServiceBlockingStub.requestVote(RaftServerProtocolServiceGrpc.java:265)
	at org.apache.ratis.grpc.server.GrpcServerProtocolClient.requestVote(GrpcServerProtocolClient.java:99)
	at org.apache.ratis.grpc.server.GrpcService.requestVote(GrpcService.java:204)
	at org.apache.ratis.server.impl.LeaderElection.lambda$submitRequests$1(LeaderElection.java:234)
	at java.util.concurrent.FutureTask.run(FutureTask.java:266)
	at java.util.concurrent.Executors$RunnableAdapter.call(Executors.java:511)
	at java.util.concurrent.FutureTask.run(FutureTask.java:266)
	at java.util.concurrent.ThreadPoolExecutor.runWorker(ThreadPoolExecutor.java:1149)
	at java.util.concurrent.ThreadPoolExecutor$Worker.run(ThreadPoolExecutor.java:624)
	... 1 more
Caused by: org.apache.ratis.thirdparty.io.netty.channel.AbstractChannel$AnnotatedConnectException: Connection refused: /192.168.164.217:37197
	at sun.nio.ch.SocketChannelImpl.checkConnect(Native Method)
	at sun.nio.ch.SocketChannelImpl.finishConnect(SocketChannelImpl.java:717)
	at org.apache.ratis.thirdparty.io.netty.channel.socket.nio.NioSocketChannel.doFinishConnect(NioSocketChannel.java:327)
	at org.apache.ratis.thirdparty.io.netty.channel.nio.AbstractNioChannel$AbstractNioUnsafe.finishConnect(AbstractNioChannel.java:340)
	at org.apache.ratis.thirdparty.io.netty.channel.nio.NioEventLoop.processSelectedKey(NioEventLoop.java:632)
	at org.apache.ratis.thirdparty.io.netty.channel.nio.NioEventLoop.processSelectedKeysOptimized(NioEventLoop.java:579)
	at org.apache.ratis.thirdparty.io.netty.channel.nio.NioEventLoop.processSelectedKeys(NioEventLoop.java:496)
	at org.apache.ratis.thirdparty.io.netty.channel.nio.NioEventLoop.run(NioEventLoop.java:458)
	at org.apache.ratis.thirdparty.io.netty.util.concurrent.SingleThreadEventExecutor$5.run(SingleThreadEventExecutor.java:897)
	at org.apache.ratis.thirdparty.io.netty.util.concurrent.FastThreadLocalRunnable.run(FastThreadLocalRunnable.java:30)
	... 1 more
Caused by: java.net.ConnectException: Connection refused
	... 11 more
2019-11-05 08:24:18,241 [grpc-default-executor-4] INFO  impl.RaftServerImpl (RaftServerImpl.java:setRole(184)) - 77ab65e6-d942-49df-83a3-1d4c0bf152b3@group-0DB8C7688BF9: changes role from  FOLLOWER to FOLLOWER at term 227 for recognizeCandidate:4a682f4f-c3f2-4b77-88b7-f0ab78890feb
2019-11-05 08:24:18,241 [grpc-default-executor-4] INFO  impl.RoleInfo (RoleInfo.java:shutdownFollowerState(121)) - 77ab65e6-d942-49df-83a3-1d4c0bf152b3: shutdown FollowerState
2019-11-05 08:24:18,241 [grpc-default-executor-4] INFO  impl.RoleInfo (RoleInfo.java:updateAndGet(143)) - 77ab65e6-d942-49df-83a3-1d4c0bf152b3: start FollowerState
2019-11-05 08:24:18,241 [Thread-3312] INFO  impl.FollowerState (FollowerState.java:run(117)) - 77ab65e6-d942-49df-83a3-1d4c0bf152b3@group-0DB8C7688BF9-FollowerState was interrupted: java.lang.InterruptedException: sleep interrupted
2019-11-05 08:24:18,242 [grpc-default-executor-0] INFO  impl.RaftServerImpl (RaftServerImpl.java:setRole(184)) - 7e1b84a9-a041-44fd-8008-f2679426984c@group-0DB8C7688BF9: changes role from  FOLLOWER to FOLLOWER at term 227 for recognizeCandidate:4a682f4f-c3f2-4b77-88b7-f0ab78890feb
2019-11-05 08:24:18,242 [grpc-default-executor-0] INFO  impl.RoleInfo (RoleInfo.java:shutdownFollowerState(121)) - 7e1b84a9-a041-44fd-8008-f2679426984c: shutdown FollowerState
2019-11-05 08:24:18,242 [grpc-default-executor-3] INFO  impl.RaftServerImpl (RaftServerImpl.java:setRole(184)) - b3bb9051-8089-4c51-a999-81579e5913f2@group-0E159EE4F99E: changes role from  FOLLOWER to FOLLOWER at term 241 for recognizeCandidate:a8ae9c07-6d89-4a49-a594-cacd4b776180
2019-11-05 08:24:18,242 [grpc-default-executor-3] INFO  impl.RoleInfo (RoleInfo.java:shutdownFollowerState(121)) - b3bb9051-8089-4c51-a999-81579e5913f2: shutdown FollowerState
2019-11-05 08:24:18,242 [java.util.concurrent.ThreadPoolExecutor$Worker@4893213[State = -1, empty queue]] WARN  server.GrpcLogAppender (GrpcLogAppender.java:timeoutAppendRequest(209)) - 6189f8a4-91dd-451f-abcb-72b2dcd73465@group-9D53872EEF85->fe5257f1-588f-41af-bf70-1c04126c8968-GrpcLogAppender: appendEntries Timeout, request=6189f8a4-91dd-451f-abcb-72b2dcd73465->fe5257f1-588f-41af-bf70-1c04126c8968#72-t4, previous=(t:4, i:20), leaderCommit=20, initializing? false, entries: <empty>
2019-11-05 08:24:18,242 [Thread-3317] INFO  impl.FollowerState (FollowerState.java:run(117)) - b3bb9051-8089-4c51-a999-81579e5913f2@group-0E159EE4F99E-FollowerState was interrupted: java.lang.InterruptedException: sleep interrupted
2019-11-05 08:24:18,242 [grpc-default-executor-3] INFO  impl.RoleInfo (RoleInfo.java:updateAndGet(143)) - b3bb9051-8089-4c51-a999-81579e5913f2: start FollowerState
2019-11-05 08:24:18,242 [Thread-3313] INFO  impl.FollowerState (FollowerState.java:run(117)) - 7e1b84a9-a041-44fd-8008-f2679426984c@group-0DB8C7688BF9-FollowerState was interrupted: java.lang.InterruptedException: sleep interrupted
2019-11-05 08:24:18,242 [grpc-default-executor-0] INFO  impl.RoleInfo (RoleInfo.java:updateAndGet(143)) - 7e1b84a9-a041-44fd-8008-f2679426984c: start FollowerState
2019-11-05 08:24:18,255 [a8ae9c07-6d89-4a49-a594-cacd4b776180@group-0E159EE4F99E-LeaderElection445] INFO  impl.LeaderElection (LeaderElection.java:logAndReturn(56)) - a8ae9c07-6d89-4a49-a594-cacd4b776180@group-0E159EE4F99E-LeaderElection445: Election REJECTED; received 1 response(s) [a8ae9c07-6d89-4a49-a594-cacd4b776180<-b3bb9051-8089-4c51-a999-81579e5913f2#0:FAIL-t241] and 1 exception(s); a8ae9c07-6d89-4a49-a594-cacd4b776180@group-0E159EE4F99E:t241, leader=null, voted=a8ae9c07-6d89-4a49-a594-cacd4b776180, raftlog=a8ae9c07-6d89-4a49-a594-cacd4b776180@group-0E159EE4F99E-SegmentedRaftLog:OPENED:c-1,f-1,i0, conf=-1: [caafcba9-090a-41f5-a5f9-cba5a6a81e94:192.168.164.217:37197, a8ae9c07-6d89-4a49-a594-cacd4b776180:192.168.164.217:42719, b3bb9051-8089-4c51-a999-81579e5913f2:192.168.164.217:36516], old=null
2019-11-05 08:24:18,255 [a8ae9c07-6d89-4a49-a594-cacd4b776180@group-0E159EE4F99E-LeaderElection445] INFO  impl.LeaderElection (LogUtils.java:infoOrTrace(149)) -   Exception 0: {}
java.util.concurrent.ExecutionException: org.apache.ratis.thirdparty.io.grpc.StatusRuntimeException: UNAVAILABLE: io exception
	at java.util.concurrent.FutureTask.report(FutureTask.java:122)
	at java.util.concurrent.FutureTask.get(FutureTask.java:192)
	at org.apache.ratis.server.impl.LeaderElection.waitForResults(LeaderElection.java:259)
	at org.apache.ratis.server.impl.LeaderElection.askForVotes(LeaderElection.java:197)
	at org.apache.ratis.server.impl.LeaderElection.run(LeaderElection.java:133)
	at java.lang.Thread.run(Thread.java:748)
Caused by: org.apache.ratis.thirdparty.io.grpc.StatusRuntimeException: UNAVAILABLE: io exception
	at org.apache.ratis.thirdparty.io.grpc.stub.ClientCalls.toStatusRuntimeException(ClientCalls.java:233)
	at org.apache.ratis.thirdparty.io.grpc.stub.ClientCalls.getUnchecked(ClientCalls.java:214)
	at org.apache.ratis.thirdparty.io.grpc.stub.ClientCalls.blockingUnaryCall(ClientCalls.java:139)
	at org.apache.ratis.proto.grpc.RaftServerProtocolServiceGrpc$RaftServerProtocolServiceBlockingStub.requestVote(RaftServerProtocolServiceGrpc.java:265)
	at org.apache.ratis.grpc.server.GrpcServerProtocolClient.requestVote(GrpcServerProtocolClient.java:99)
	at org.apache.ratis.grpc.server.GrpcService.requestVote(GrpcService.java:204)
	at org.apache.ratis.server.impl.LeaderElection.lambda$submitRequests$1(LeaderElection.java:234)
	at java.util.concurrent.FutureTask.run(FutureTask.java:266)
	at java.util.concurrent.Executors$RunnableAdapter.call(Executors.java:511)
	at java.util.concurrent.FutureTask.run(FutureTask.java:266)
	at java.util.concurrent.ThreadPoolExecutor.runWorker(ThreadPoolExecutor.java:1149)
	at java.util.concurrent.ThreadPoolExecutor$Worker.run(ThreadPoolExecutor.java:624)
	... 1 more
Caused by: org.apache.ratis.thirdparty.io.netty.channel.AbstractChannel$AnnotatedConnectException: Connection refused: /192.168.164.217:37197
	at sun.nio.ch.SocketChannelImpl.checkConnect(Native Method)
	at sun.nio.ch.SocketChannelImpl.finishConnect(SocketChannelImpl.java:717)
	at org.apache.ratis.thirdparty.io.netty.channel.socket.nio.NioSocketChannel.doFinishConnect(NioSocketChannel.java:327)
	at org.apache.ratis.thirdparty.io.netty.channel.nio.AbstractNioChannel$AbstractNioUnsafe.finishConnect(AbstractNioChannel.java:340)
	at org.apache.ratis.thirdparty.io.netty.channel.nio.NioEventLoop.processSelectedKey(NioEventLoop.java:632)
	at org.apache.ratis.thirdparty.io.netty.channel.nio.NioEventLoop.processSelectedKeysOptimized(NioEventLoop.java:579)
	at org.apache.ratis.thirdparty.io.netty.channel.nio.NioEventLoop.processSelectedKeys(NioEventLoop.java:496)
	at org.apache.ratis.thirdparty.io.netty.channel.nio.NioEventLoop.run(NioEventLoop.java:458)
	at org.apache.ratis.thirdparty.io.netty.util.concurrent.SingleThreadEventExecutor$5.run(SingleThreadEventExecutor.java:897)
	at org.apache.ratis.thirdparty.io.netty.util.concurrent.FastThreadLocalRunnable.run(FastThreadLocalRunnable.java:30)
	... 1 more
Caused by: java.net.ConnectException: Connection refused
	... 11 more
2019-11-05 08:24:18,256 [4a682f4f-c3f2-4b77-88b7-f0ab78890feb@group-0DB8C7688BF9-LeaderElection444] INFO  impl.LeaderElection (LeaderElection.java:logAndReturn(56)) - 4a682f4f-c3f2-4b77-88b7-f0ab78890feb@group-0DB8C7688BF9-LeaderElection444: Election REJECTED; received 2 response(s) [4a682f4f-c3f2-4b77-88b7-f0ab78890feb<-77ab65e6-d942-49df-83a3-1d4c0bf152b3#0:FAIL-t227, 4a682f4f-c3f2-4b77-88b7-f0ab78890feb<-7e1b84a9-a041-44fd-8008-f2679426984c#0:FAIL-t227] and 0 exception(s); 4a682f4f-c3f2-4b77-88b7-f0ab78890feb@group-0DB8C7688BF9:t227, leader=null, voted=4a682f4f-c3f2-4b77-88b7-f0ab78890feb, raftlog=4a682f4f-c3f2-4b77-88b7-f0ab78890feb@group-0DB8C7688BF9-SegmentedRaftLog:OPENED:c-1,f-1,i0, conf=-1: [77ab65e6-d942-49df-83a3-1d4c0bf152b3:192.168.164.217:39381, 7e1b84a9-a041-44fd-8008-f2679426984c:192.168.164.217:44149, 4a682f4f-c3f2-4b77-88b7-f0ab78890feb:192.168.164.217:34174], old=null
2019-11-05 08:24:18,256 [a8ae9c07-6d89-4a49-a594-cacd4b776180@group-0E159EE4F99E-LeaderElection445] INFO  impl.RaftServerImpl (RaftServerImpl.java:setRole(184)) - a8ae9c07-6d89-4a49-a594-cacd4b776180@group-0E159EE4F99E: changes role from CANDIDATE to FOLLOWER at term 241 for DISCOVERED_A_NEW_TERM
2019-11-05 08:24:18,256 [4a682f4f-c3f2-4b77-88b7-f0ab78890feb@group-0DB8C7688BF9-LeaderElection444] INFO  impl.RaftServerImpl (RaftServerImpl.java:setRole(184)) - 4a682f4f-c3f2-4b77-88b7-f0ab78890feb@group-0DB8C7688BF9: changes role from CANDIDATE to FOLLOWER at term 227 for DISCOVERED_A_NEW_TERM
2019-11-05 08:24:18,256 [a8ae9c07-6d89-4a49-a594-cacd4b776180@group-0E159EE4F99E-LeaderElection445] INFO  impl.RoleInfo (RoleInfo.java:shutdownLeaderElection(134)) - a8ae9c07-6d89-4a49-a594-cacd4b776180: shutdown LeaderElection
2019-11-05 08:24:18,256 [4a682f4f-c3f2-4b77-88b7-f0ab78890feb@group-0DB8C7688BF9-LeaderElection444] INFO  impl.RoleInfo (RoleInfo.java:shutdownLeaderElection(134)) - 4a682f4f-c3f2-4b77-88b7-f0ab78890feb: shutdown LeaderElection
2019-11-05 08:24:18,256 [a8ae9c07-6d89-4a49-a594-cacd4b776180@group-0E159EE4F99E-LeaderElection445] INFO  impl.RoleInfo (RoleInfo.java:updateAndGet(143)) - a8ae9c07-6d89-4a49-a594-cacd4b776180: start FollowerState
2019-11-05 08:24:18,256 [4a682f4f-c3f2-4b77-88b7-f0ab78890feb@group-0DB8C7688BF9-LeaderElection444] INFO  impl.RoleInfo (RoleInfo.java:updateAndGet(143)) - 4a682f4f-c3f2-4b77-88b7-f0ab78890feb: start FollowerState
2019-11-05 08:24:18,355 [Thread-3328] INFO  impl.FollowerState (FollowerState.java:run(108)) - a8ae9c07-6d89-4a49-a594-cacd4b776180@group-0E159EE4F99E-FollowerState: change to CANDIDATE, lastRpcTime:98ms, electionTimeout:98ms
2019-11-05 08:24:18,355 [Thread-3328] INFO  impl.RoleInfo (RoleInfo.java:shutdownFollowerState(121)) - a8ae9c07-6d89-4a49-a594-cacd4b776180: shutdown FollowerState
2019-11-05 08:24:18,355 [Thread-3328] INFO  impl.RaftServerImpl (RaftServerImpl.java:setRole(184)) - a8ae9c07-6d89-4a49-a594-cacd4b776180@group-0E159EE4F99E: changes role from  FOLLOWER to CANDIDATE at term 241 for changeToCandidate
2019-11-05 08:24:18,355 [Thread-3328] INFO  impl.RoleInfo (RoleInfo.java:updateAndGet(143)) - a8ae9c07-6d89-4a49-a594-cacd4b776180: start LeaderElection
2019-11-05 08:24:18,398 [a8ae9c07-6d89-4a49-a594-cacd4b776180@group-0E159EE4F99E-LeaderElection446] INFO  impl.LeaderElection (LeaderElection.java:askForVotes(178)) - a8ae9c07-6d89-4a49-a594-cacd4b776180@group-0E159EE4F99E-LeaderElection446: begin an election at term 242 for -1: [caafcba9-090a-41f5-a5f9-cba5a6a81e94:192.168.164.217:37197, a8ae9c07-6d89-4a49-a594-cacd4b776180:192.168.164.217:42719, b3bb9051-8089-4c51-a999-81579e5913f2:192.168.164.217:36516], old=null
2019-11-05 08:24:18,399 [a8ae9c07-6d89-4a49-a594-cacd4b776180@group-0E159EE4F99E-LeaderElection446] INFO  impl.LeaderElection (LogUtils.java:infoOrTrace(149)) - a8ae9c07-6d89-4a49-a594-cacd4b776180@group-0E159EE4F99E-LeaderElection446 got exception when requesting votes: {}
java.util.concurrent.ExecutionException: org.apache.ratis.thirdparty.io.grpc.StatusRuntimeException: UNAVAILABLE: io exception
	at java.util.concurrent.FutureTask.report(FutureTask.java:122)
	at java.util.concurrent.FutureTask.get(FutureTask.java:192)
	at org.apache.ratis.server.impl.LeaderElection.waitForResults(LeaderElection.java:259)
	at org.apache.ratis.server.impl.LeaderElection.askForVotes(LeaderElection.java:197)
	at org.apache.ratis.server.impl.LeaderElection.run(LeaderElection.java:133)
	at java.lang.Thread.run(Thread.java:748)
Caused by: org.apache.ratis.thirdparty.io.grpc.StatusRuntimeException: UNAVAILABLE: io exception
	at org.apache.ratis.thirdparty.io.grpc.stub.ClientCalls.toStatusRuntimeException(ClientCalls.java:233)
	at org.apache.ratis.thirdparty.io.grpc.stub.ClientCalls.getUnchecked(ClientCalls.java:214)
	at org.apache.ratis.thirdparty.io.grpc.stub.ClientCalls.blockingUnaryCall(ClientCalls.java:139)
	at org.apache.ratis.proto.grpc.RaftServerProtocolServiceGrpc$RaftServerProtocolServiceBlockingStub.requestVote(RaftServerProtocolServiceGrpc.java:265)
	at org.apache.ratis.grpc.server.GrpcServerProtocolClient.requestVote(GrpcServerProtocolClient.java:99)
	at org.apache.ratis.grpc.server.GrpcService.requestVote(GrpcService.java:204)
	at org.apache.ratis.server.impl.LeaderElection.lambda$submitRequests$1(LeaderElection.java:234)
	at java.util.concurrent.FutureTask.run(FutureTask.java:266)
	at java.util.concurrent.Executors$RunnableAdapter.call(Executors.java:511)
	at java.util.concurrent.FutureTask.run(FutureTask.java:266)
	at java.util.concurrent.ThreadPoolExecutor.runWorker(ThreadPoolExecutor.java:1149)
	at java.util.concurrent.ThreadPoolExecutor$Worker.run(ThreadPoolExecutor.java:624)
	... 1 more
Caused by: org.apache.ratis.thirdparty.io.netty.channel.AbstractChannel$AnnotatedConnectException: Connection refused: /192.168.164.217:37197
	at sun.nio.ch.SocketChannelImpl.checkConnect(Native Method)
	at sun.nio.ch.SocketChannelImpl.finishConnect(SocketChannelImpl.java:717)
	at org.apache.ratis.thirdparty.io.netty.channel.socket.nio.NioSocketChannel.doFinishConnect(NioSocketChannel.java:327)
	at org.apache.ratis.thirdparty.io.netty.channel.nio.AbstractNioChannel$AbstractNioUnsafe.finishConnect(AbstractNioChannel.java:340)
	at org.apache.ratis.thirdparty.io.netty.channel.nio.NioEventLoop.processSelectedKey(NioEventLoop.java:632)
	at org.apache.ratis.thirdparty.io.netty.channel.nio.NioEventLoop.processSelectedKeysOptimized(NioEventLoop.java:579)
	at org.apache.ratis.thirdparty.io.netty.channel.nio.NioEventLoop.processSelectedKeys(NioEventLoop.java:496)
	at org.apache.ratis.thirdparty.io.netty.channel.nio.NioEventLoop.run(NioEventLoop.java:458)
	at org.apache.ratis.thirdparty.io.netty.util.concurrent.SingleThreadEventExecutor$5.run(SingleThreadEventExecutor.java:897)
	at org.apache.ratis.thirdparty.io.netty.util.concurrent.FastThreadLocalRunnable.run(FastThreadLocalRunnable.java:30)
	... 1 more
Caused by: java.net.ConnectException: Connection refused
	... 11 more
2019-11-05 08:24:18,409 [Thread-3329] INFO  impl.FollowerState (FollowerState.java:run(108)) - 4a682f4f-c3f2-4b77-88b7-f0ab78890feb@group-0DB8C7688BF9-FollowerState: change to CANDIDATE, lastRpcTime:152ms, electionTimeout:144ms
2019-11-05 08:24:18,409 [a8ae9c07-6d89-4a49-a594-cacd4b776180@group-0E159EE4F99E-LeaderElection446] INFO  impl.LeaderElection (LeaderElection.java:logAndReturn(56)) - a8ae9c07-6d89-4a49-a594-cacd4b776180@group-0E159EE4F99E-LeaderElection446: Election TIMEOUT; received 0 response(s) [] and 1 exception(s); a8ae9c07-6d89-4a49-a594-cacd4b776180@group-0E159EE4F99E:t242, leader=null, voted=a8ae9c07-6d89-4a49-a594-cacd4b776180, raftlog=a8ae9c07-6d89-4a49-a594-cacd4b776180@group-0E159EE4F99E-SegmentedRaftLog:OPENED:c-1,f-1,i0, conf=-1: [caafcba9-090a-41f5-a5f9-cba5a6a81e94:192.168.164.217:37197, a8ae9c07-6d89-4a49-a594-cacd4b776180:192.168.164.217:42719, b3bb9051-8089-4c51-a999-81579e5913f2:192.168.164.217:36516], old=null
2019-11-05 08:24:18,409 [grpc-default-executor-0] INFO  impl.RaftServerImpl (RaftServerImpl.java:setRole(184)) - b3bb9051-8089-4c51-a999-81579e5913f2@group-0E159EE4F99E: changes role from  FOLLOWER to FOLLOWER at term 242 for recognizeCandidate:a8ae9c07-6d89-4a49-a594-cacd4b776180
2019-11-05 08:24:18,410 [grpc-default-executor-0] INFO  impl.RoleInfo (RoleInfo.java:shutdownFollowerState(121)) - b3bb9051-8089-4c51-a999-81579e5913f2: shutdown FollowerState
2019-11-05 08:24:18,409 [Thread-3329] INFO  impl.RoleInfo (RoleInfo.java:shutdownFollowerState(121)) - 4a682f4f-c3f2-4b77-88b7-f0ab78890feb: shutdown FollowerState
2019-11-05 08:24:18,410 [Thread-3327] INFO  impl.FollowerState (FollowerState.java:run(117)) - b3bb9051-8089-4c51-a999-81579e5913f2@group-0E159EE4F99E-FollowerState was interrupted: java.lang.InterruptedException: sleep interrupted
2019-11-05 08:24:18,410 [grpc-default-executor-0] INFO  impl.RoleInfo (RoleInfo.java:updateAndGet(143)) - b3bb9051-8089-4c51-a999-81579e5913f2: start FollowerState
2019-11-05 08:24:18,409 [a8ae9c07-6d89-4a49-a594-cacd4b776180@group-0E159EE4F99E-LeaderElection446] INFO  impl.LeaderElection (LogUtils.java:infoOrTrace(149)) -   Exception 0: {}
java.util.concurrent.ExecutionException: org.apache.ratis.thirdparty.io.grpc.StatusRuntimeException: UNAVAILABLE: io exception
	at java.util.concurrent.FutureTask.report(FutureTask.java:122)
	at java.util.concurrent.FutureTask.get(FutureTask.java:192)
	at org.apache.ratis.server.impl.LeaderElection.waitForResults(LeaderElection.java:259)
	at org.apache.ratis.server.impl.LeaderElection.askForVotes(LeaderElection.java:197)
	at org.apache.ratis.server.impl.LeaderElection.run(LeaderElection.java:133)
	at java.lang.Thread.run(Thread.java:748)
Caused by: org.apache.ratis.thirdparty.io.grpc.StatusRuntimeException: UNAVAILABLE: io exception
	at org.apache.ratis.thirdparty.io.grpc.stub.ClientCalls.toStatusRuntimeException(ClientCalls.java:233)
	at org.apache.ratis.thirdparty.io.grpc.stub.ClientCalls.getUnchecked(ClientCalls.java:214)
	at org.apache.ratis.thirdparty.io.grpc.stub.ClientCalls.blockingUnaryCall(ClientCalls.java:139)
	at org.apache.ratis.proto.grpc.RaftServerProtocolServiceGrpc$RaftServerProtocolServiceBlockingStub.requestVote(RaftServerProtocolServiceGrpc.java:265)
	at org.apache.ratis.grpc.server.GrpcServerProtocolClient.requestVote(GrpcServerProtocolClient.java:99)
	at org.apache.ratis.grpc.server.GrpcService.requestVote(GrpcService.java:204)
	at org.apache.ratis.server.impl.LeaderElection.lambda$submitRequests$1(LeaderElection.java:234)
	at java.util.concurrent.FutureTask.run(FutureTask.java:266)
	at java.util.concurrent.Executors$RunnableAdapter.call(Executors.java:511)
	at java.util.concurrent.FutureTask.run(FutureTask.java:266)
	at java.util.concurrent.ThreadPoolExecutor.runWorker(ThreadPoolExecutor.java:1149)
	at java.util.concurrent.ThreadPoolExecutor$Worker.run(ThreadPoolExecutor.java:624)
	... 1 more
Caused by: org.apache.ratis.thirdparty.io.netty.channel.AbstractChannel$AnnotatedConnectException: Connection refused: /192.168.164.217:37197
	at sun.nio.ch.SocketChannelImpl.checkConnect(Native Method)
	at sun.nio.ch.SocketChannelImpl.finishConnect(SocketChannelImpl.java:717)
	at org.apache.ratis.thirdparty.io.netty.channel.socket.nio.NioSocketChannel.doFinishConnect(NioSocketChannel.java:327)
	at org.apache.ratis.thirdparty.io.netty.channel.nio.AbstractNioChannel$AbstractNioUnsafe.finishConnect(AbstractNioChannel.java:340)
	at org.apache.ratis.thirdparty.io.netty.channel.nio.NioEventLoop.processSelectedKey(NioEventLoop.java:632)
	at org.apache.ratis.thirdparty.io.netty.channel.nio.NioEventLoop.processSelectedKeysOptimized(NioEventLoop.java:579)
	at org.apache.ratis.thirdparty.io.netty.channel.nio.NioEventLoop.processSelectedKeys(NioEventLoop.java:496)
	at org.apache.ratis.thirdparty.io.netty.channel.nio.NioEventLoop.run(NioEventLoop.java:458)
	at org.apache.ratis.thirdparty.io.netty.util.concurrent.SingleThreadEventExecutor$5.run(SingleThreadEventExecutor.java:897)
	at org.apache.ratis.thirdparty.io.netty.util.concurrent.FastThreadLocalRunnable.run(FastThreadLocalRunnable.java:30)
	... 1 more
Caused by: java.net.ConnectException: Connection refused
	... 11 more
2019-11-05 08:24:18,410 [Thread-3329] INFO  impl.RaftServerImpl (RaftServerImpl.java:setRole(184)) - 4a682f4f-c3f2-4b77-88b7-f0ab78890feb@group-0DB8C7688BF9: changes role from  FOLLOWER to CANDIDATE at term 227 for changeToCandidate
2019-11-05 08:24:18,411 [Thread-3329] INFO  impl.RoleInfo (RoleInfo.java:updateAndGet(143)) - 4a682f4f-c3f2-4b77-88b7-f0ab78890feb: start LeaderElection
2019-11-05 08:24:18,424 [a8ae9c07-6d89-4a49-a594-cacd4b776180@group-0E159EE4F99E-LeaderElection446] INFO  impl.LeaderElection (LeaderElection.java:askForVotes(178)) - a8ae9c07-6d89-4a49-a594-cacd4b776180@group-0E159EE4F99E-LeaderElection446: begin an election at term 243 for -1: [caafcba9-090a-41f5-a5f9-cba5a6a81e94:192.168.164.217:37197, a8ae9c07-6d89-4a49-a594-cacd4b776180:192.168.164.217:42719, b3bb9051-8089-4c51-a999-81579e5913f2:192.168.164.217:36516], old=null
2019-11-05 08:24:18,424 [4a682f4f-c3f2-4b77-88b7-f0ab78890feb@group-0DB8C7688BF9-LeaderElection447] INFO  impl.LeaderElection (LeaderElection.java:askForVotes(178)) - 4a682f4f-c3f2-4b77-88b7-f0ab78890feb@group-0DB8C7688BF9-LeaderElection447: begin an election at term 228 for -1: [77ab65e6-d942-49df-83a3-1d4c0bf152b3:192.168.164.217:39381, 7e1b84a9-a041-44fd-8008-f2679426984c:192.168.164.217:44149, 4a682f4f-c3f2-4b77-88b7-f0ab78890feb:192.168.164.217:34174], old=null
2019-11-05 08:24:18,426 [a8ae9c07-6d89-4a49-a594-cacd4b776180@group-0E159EE4F99E-LeaderElection446] INFO  impl.LeaderElection (LogUtils.java:infoOrTrace(149)) - a8ae9c07-6d89-4a49-a594-cacd4b776180@group-0E159EE4F99E-LeaderElection446 got exception when requesting votes: {}
java.util.concurrent.ExecutionException: org.apache.ratis.thirdparty.io.grpc.StatusRuntimeException: UNAVAILABLE: io exception
	at java.util.concurrent.FutureTask.report(FutureTask.java:122)
	at java.util.concurrent.FutureTask.get(FutureTask.java:192)
	at org.apache.ratis.server.impl.LeaderElection.waitForResults(LeaderElection.java:259)
	at org.apache.ratis.server.impl.LeaderElection.askForVotes(LeaderElection.java:197)
	at org.apache.ratis.server.impl.LeaderElection.run(LeaderElection.java:133)
	at java.lang.Thread.run(Thread.java:748)
Caused by: org.apache.ratis.thirdparty.io.grpc.StatusRuntimeException: UNAVAILABLE: io exception
	at org.apache.ratis.thirdparty.io.grpc.stub.ClientCalls.toStatusRuntimeException(ClientCalls.java:233)
	at org.apache.ratis.thirdparty.io.grpc.stub.ClientCalls.getUnchecked(ClientCalls.java:214)
	at org.apache.ratis.thirdparty.io.grpc.stub.ClientCalls.blockingUnaryCall(ClientCalls.java:139)
	at org.apache.ratis.proto.grpc.RaftServerProtocolServiceGrpc$RaftServerProtocolServiceBlockingStub.requestVote(RaftServerProtocolServiceGrpc.java:265)
	at org.apache.ratis.grpc.server.GrpcServerProtocolClient.requestVote(GrpcServerProtocolClient.java:99)
	at org.apache.ratis.grpc.server.GrpcService.requestVote(GrpcService.java:204)
	at org.apache.ratis.server.impl.LeaderElection.lambda$submitRequests$1(LeaderElection.java:234)
	at java.util.concurrent.FutureTask.run(FutureTask.java:266)
	at java.util.concurrent.Executors$RunnableAdapter.call(Executors.java:511)
	at java.util.concurrent.FutureTask.run(FutureTask.java:266)
	at java.util.concurrent.ThreadPoolExecutor.runWorker(ThreadPoolExecutor.java:1149)
	at java.util.concurrent.ThreadPoolExecutor$Worker.run(ThreadPoolExecutor.java:624)
	... 1 more
Caused by: org.apache.ratis.thirdparty.io.netty.channel.AbstractChannel$AnnotatedConnectException: Connection refused: /192.168.164.217:37197
	at sun.nio.ch.SocketChannelImpl.checkConnect(Native Method)
	at sun.nio.ch.SocketChannelImpl.finishConnect(SocketChannelImpl.java:717)
	at org.apache.ratis.thirdparty.io.netty.channel.socket.nio.NioSocketChannel.doFinishConnect(NioSocketChannel.java:327)
	at org.apache.ratis.thirdparty.io.netty.channel.nio.AbstractNioChannel$AbstractNioUnsafe.finishConnect(AbstractNioChannel.java:340)
	at org.apache.ratis.thirdparty.io.netty.channel.nio.NioEventLoop.processSelectedKey(NioEventLoop.java:632)
	at org.apache.ratis.thirdparty.io.netty.channel.nio.NioEventLoop.processSelectedKeysOptimized(NioEventLoop.java:579)
	at org.apache.ratis.thirdparty.io.netty.channel.nio.NioEventLoop.processSelectedKeys(NioEventLoop.java:496)
	at org.apache.ratis.thirdparty.io.netty.channel.nio.NioEventLoop.run(NioEventLoop.java:458)
	at org.apache.ratis.thirdparty.io.netty.util.concurrent.SingleThreadEventExecutor$5.run(SingleThreadEventExecutor.java:897)
	at org.apache.ratis.thirdparty.io.netty.util.concurrent.FastThreadLocalRunnable.run(FastThreadLocalRunnable.java:30)
	... 1 more
Caused by: java.net.ConnectException: Connection refused
	... 11 more
2019-11-05 08:24:18,434 [grpc-default-executor-0] INFO  impl.RaftServerImpl (RaftServerImpl.java:setRole(184)) - 77ab65e6-d942-49df-83a3-1d4c0bf152b3@group-0DB8C7688BF9: changes role from  FOLLOWER to FOLLOWER at term 228 for recognizeCandidate:4a682f4f-c3f2-4b77-88b7-f0ab78890feb
2019-11-05 08:24:18,434 [grpc-default-executor-0] INFO  impl.RoleInfo (RoleInfo.java:shutdownFollowerState(121)) - 77ab65e6-d942-49df-83a3-1d4c0bf152b3: shutdown FollowerState
2019-11-05 08:24:18,434 [grpc-default-executor-0] INFO  impl.RoleInfo (RoleInfo.java:updateAndGet(143)) - 77ab65e6-d942-49df-83a3-1d4c0bf152b3: start FollowerState
2019-11-05 08:24:18,434 [Thread-3325] INFO  impl.FollowerState (FollowerState.java:run(117)) - 77ab65e6-d942-49df-83a3-1d4c0bf152b3@group-0DB8C7688BF9-FollowerState was interrupted: java.lang.InterruptedException: sleep interrupted
2019-11-05 08:24:18,435 [grpc-default-executor-4] INFO  impl.RaftServerImpl (RaftServerImpl.java:setRole(184)) - 7e1b84a9-a041-44fd-8008-f2679426984c@group-0DB8C7688BF9: changes role from  FOLLOWER to FOLLOWER at term 228 for recognizeCandidate:4a682f4f-c3f2-4b77-88b7-f0ab78890feb
2019-11-05 08:24:18,435 [grpc-default-executor-4] INFO  impl.RoleInfo (RoleInfo.java:shutdownFollowerState(121)) - 7e1b84a9-a041-44fd-8008-f2679426984c: shutdown FollowerState
2019-11-05 08:24:18,435 [grpc-default-executor-3] INFO  impl.RaftServerImpl (RaftServerImpl.java:setRole(184)) - b3bb9051-8089-4c51-a999-81579e5913f2@group-0E159EE4F99E: changes role from  FOLLOWER to FOLLOWER at term 243 for recognizeCandidate:a8ae9c07-6d89-4a49-a594-cacd4b776180
2019-11-05 08:24:18,435 [grpc-default-executor-3] INFO  impl.RoleInfo (RoleInfo.java:shutdownFollowerState(121)) - b3bb9051-8089-4c51-a999-81579e5913f2: shutdown FollowerState
2019-11-05 08:24:18,435 [a8ae9c07-6d89-4a49-a594-cacd4b776180@group-0E159EE4F99E-LeaderElection446] INFO  impl.LeaderElection (LeaderElection.java:logAndReturn(56)) - a8ae9c07-6d89-4a49-a594-cacd4b776180@group-0E159EE4F99E-LeaderElection446: Election TIMEOUT; received 0 response(s) [] and 1 exception(s); a8ae9c07-6d89-4a49-a594-cacd4b776180@group-0E159EE4F99E:t243, leader=null, voted=a8ae9c07-6d89-4a49-a594-cacd4b776180, raftlog=a8ae9c07-6d89-4a49-a594-cacd4b776180@group-0E159EE4F99E-SegmentedRaftLog:OPENED:c-1,f-1,i0, conf=-1: [caafcba9-090a-41f5-a5f9-cba5a6a81e94:192.168.164.217:37197, a8ae9c07-6d89-4a49-a594-cacd4b776180:192.168.164.217:42719, b3bb9051-8089-4c51-a999-81579e5913f2:192.168.164.217:36516], old=null
2019-11-05 08:24:18,436 [Thread-3334] INFO  impl.FollowerState (FollowerState.java:run(117)) - b3bb9051-8089-4c51-a999-81579e5913f2@group-0E159EE4F99E-FollowerState was interrupted: java.lang.InterruptedException: sleep interrupted
2019-11-05 08:24:18,436 [grpc-default-executor-3] INFO  impl.RoleInfo (RoleInfo.java:updateAndGet(143)) - b3bb9051-8089-4c51-a999-81579e5913f2: start FollowerState
2019-11-05 08:24:18,435 [Thread-3326] INFO  impl.FollowerState (FollowerState.java:run(117)) - 7e1b84a9-a041-44fd-8008-f2679426984c@group-0DB8C7688BF9-FollowerState was interrupted: java.lang.InterruptedException: sleep interrupted
2019-11-05 08:24:18,435 [grpc-default-executor-4] INFO  impl.RoleInfo (RoleInfo.java:updateAndGet(143)) - 7e1b84a9-a041-44fd-8008-f2679426984c: start FollowerState
2019-11-05 08:24:18,436 [a8ae9c07-6d89-4a49-a594-cacd4b776180@group-0E159EE4F99E-LeaderElection446] INFO  impl.LeaderElection (LogUtils.java:infoOrTrace(149)) -   Exception 0: {}
java.util.concurrent.ExecutionException: org.apache.ratis.thirdparty.io.grpc.StatusRuntimeException: UNAVAILABLE: io exception
	at java.util.concurrent.FutureTask.report(FutureTask.java:122)
	at java.util.concurrent.FutureTask.get(FutureTask.java:192)
	at org.apache.ratis.server.impl.LeaderElection.waitForResults(LeaderElection.java:259)
	at org.apache.ratis.server.impl.LeaderElection.askForVotes(LeaderElection.java:197)
	at org.apache.ratis.server.impl.LeaderElection.run(LeaderElection.java:133)
	at java.lang.Thread.run(Thread.java:748)
Caused by: org.apache.ratis.thirdparty.io.grpc.StatusRuntimeException: UNAVAILABLE: io exception
	at org.apache.ratis.thirdparty.io.grpc.stub.ClientCalls.toStatusRuntimeException(ClientCalls.java:233)
	at org.apache.ratis.thirdparty.io.grpc.stub.ClientCalls.getUnchecked(ClientCalls.java:214)
	at org.apache.ratis.thirdparty.io.grpc.stub.ClientCalls.blockingUnaryCall(ClientCalls.java:139)
	at org.apache.ratis.proto.grpc.RaftServerProtocolServiceGrpc$RaftServerProtocolServiceBlockingStub.requestVote(RaftServerProtocolServiceGrpc.java:265)
	at org.apache.ratis.grpc.server.GrpcServerProtocolClient.requestVote(GrpcServerProtocolClient.java:99)
	at org.apache.ratis.grpc.server.GrpcService.requestVote(GrpcService.java:204)
	at org.apache.ratis.server.impl.LeaderElection.lambda$submitRequests$1(LeaderElection.java:234)
	at java.util.concurrent.FutureTask.run(FutureTask.java:266)
	at java.util.concurrent.Executors$RunnableAdapter.call(Executors.java:511)
	at java.util.concurrent.FutureTask.run(FutureTask.java:266)
	at java.util.concurrent.ThreadPoolExecutor.runWorker(ThreadPoolExecutor.java:1149)
	at java.util.concurrent.ThreadPoolExecutor$Worker.run(ThreadPoolExecutor.java:624)
	... 1 more
Caused by: org.apache.ratis.thirdparty.io.netty.channel.AbstractChannel$AnnotatedConnectException: Connection refused: /192.168.164.217:37197
	at sun.nio.ch.SocketChannelImpl.checkConnect(Native Method)
	at sun.nio.ch.SocketChannelImpl.finishConnect(SocketChannelImpl.java:717)
	at org.apache.ratis.thirdparty.io.netty.channel.socket.nio.NioSocketChannel.doFinishConnect(NioSocketChannel.java:327)
	at org.apache.ratis.thirdparty.io.netty.channel.nio.AbstractNioChannel$AbstractNioUnsafe.finishConnect(AbstractNioChannel.java:340)
	at org.apache.ratis.thirdparty.io.netty.channel.nio.NioEventLoop.processSelectedKey(NioEventLoop.java:632)
	at org.apache.ratis.thirdparty.io.netty.channel.nio.NioEventLoop.processSelectedKeysOptimized(NioEventLoop.java:579)
	at org.apache.ratis.thirdparty.io.netty.channel.nio.NioEventLoop.processSelectedKeys(NioEventLoop.java:496)
	at org.apache.ratis.thirdparty.io.netty.channel.nio.NioEventLoop.run(NioEventLoop.java:458)
	at org.apache.ratis.thirdparty.io.netty.util.concurrent.SingleThreadEventExecutor$5.run(SingleThreadEventExecutor.java:897)
	at org.apache.ratis.thirdparty.io.netty.util.concurrent.FastThreadLocalRunnable.run(FastThreadLocalRunnable.java:30)
	... 1 more
Caused by: java.net.ConnectException: Connection refused
	... 11 more
2019-11-05 08:24:18,447 [a8ae9c07-6d89-4a49-a594-cacd4b776180@group-0E159EE4F99E-LeaderElection446] INFO  impl.LeaderElection (LeaderElection.java:askForVotes(178)) - a8ae9c07-6d89-4a49-a594-cacd4b776180@group-0E159EE4F99E-LeaderElection446: begin an election at term 244 for -1: [caafcba9-090a-41f5-a5f9-cba5a6a81e94:192.168.164.217:37197, a8ae9c07-6d89-4a49-a594-cacd4b776180:192.168.164.217:42719, b3bb9051-8089-4c51-a999-81579e5913f2:192.168.164.217:36516], old=null
2019-11-05 08:24:18,448 [a8ae9c07-6d89-4a49-a594-cacd4b776180@group-0E159EE4F99E-LeaderElection446] INFO  impl.LeaderElection (LogUtils.java:infoOrTrace(149)) - a8ae9c07-6d89-4a49-a594-cacd4b776180@group-0E159EE4F99E-LeaderElection446 got exception when requesting votes: {}
java.util.concurrent.ExecutionException: org.apache.ratis.thirdparty.io.grpc.StatusRuntimeException: UNAVAILABLE: io exception
	at java.util.concurrent.FutureTask.report(FutureTask.java:122)
	at java.util.concurrent.FutureTask.get(FutureTask.java:192)
	at org.apache.ratis.server.impl.LeaderElection.waitForResults(LeaderElection.java:259)
	at org.apache.ratis.server.impl.LeaderElection.askForVotes(LeaderElection.java:197)
	at org.apache.ratis.server.impl.LeaderElection.run(LeaderElection.java:133)
	at java.lang.Thread.run(Thread.java:748)
Caused by: org.apache.ratis.thirdparty.io.grpc.StatusRuntimeException: UNAVAILABLE: io exception
	at org.apache.ratis.thirdparty.io.grpc.stub.ClientCalls.toStatusRuntimeException(ClientCalls.java:233)
	at org.apache.ratis.thirdparty.io.grpc.stub.ClientCalls.getUnchecked(ClientCalls.java:214)
	at org.apache.ratis.thirdparty.io.grpc.stub.ClientCalls.blockingUnaryCall(ClientCalls.java:139)
	at org.apache.ratis.proto.grpc.RaftServerProtocolServiceGrpc$RaftServerProtocolServiceBlockingStub.requestVote(RaftServerProtocolServiceGrpc.java:265)
	at org.apache.ratis.grpc.server.GrpcServerProtocolClient.requestVote(GrpcServerProtocolClient.java:99)
	at org.apache.ratis.grpc.server.GrpcService.requestVote(GrpcService.java:204)
	at org.apache.ratis.server.impl.LeaderElection.lambda$submitRequests$1(LeaderElection.java:234)
	at java.util.concurrent.FutureTask.run(FutureTask.java:266)
	at java.util.concurrent.Executors$RunnableAdapter.call(Executors.java:511)
	at java.util.concurrent.FutureTask.run(FutureTask.java:266)
	at java.util.concurrent.ThreadPoolExecutor.runWorker(ThreadPoolExecutor.java:1149)
	at java.util.concurrent.ThreadPoolExecutor$Worker.run(ThreadPoolExecutor.java:624)
	... 1 more
Caused by: org.apache.ratis.thirdparty.io.netty.channel.AbstractChannel$AnnotatedConnectException: Connection refused: /192.168.164.217:37197
	at sun.nio.ch.SocketChannelImpl.checkConnect(Native Method)
	at sun.nio.ch.SocketChannelImpl.finishConnect(SocketChannelImpl.java:717)
	at org.apache.ratis.thirdparty.io.netty.channel.socket.nio.NioSocketChannel.doFinishConnect(NioSocketChannel.java:327)
	at org.apache.ratis.thirdparty.io.netty.channel.nio.AbstractNioChannel$AbstractNioUnsafe.finishConnect(AbstractNioChannel.java:340)
	at org.apache.ratis.thirdparty.io.netty.channel.nio.NioEventLoop.processSelectedKey(NioEventLoop.java:632)
	at org.apache.ratis.thirdparty.io.netty.channel.nio.NioEventLoop.processSelectedKeysOptimized(NioEventLoop.java:579)
	at org.apache.ratis.thirdparty.io.netty.channel.nio.NioEventLoop.processSelectedKeys(NioEventLoop.java:496)
	at org.apache.ratis.thirdparty.io.netty.channel.nio.NioEventLoop.run(NioEventLoop.java:458)
	at org.apache.ratis.thirdparty.io.netty.util.concurrent.SingleThreadEventExecutor$5.run(SingleThreadEventExecutor.java:897)
	at org.apache.ratis.thirdparty.io.netty.util.concurrent.FastThreadLocalRunnable.run(FastThreadLocalRunnable.java:30)
	... 1 more
Caused by: java.net.ConnectException: Connection refused
	... 11 more
2019-11-05 08:24:18,448 [4a682f4f-c3f2-4b77-88b7-f0ab78890feb@group-0DB8C7688BF9-LeaderElection447] INFO  impl.LeaderElection (LeaderElection.java:logAndReturn(56)) - 4a682f4f-c3f2-4b77-88b7-f0ab78890feb@group-0DB8C7688BF9-LeaderElection447: Election REJECTED; received 2 response(s) [4a682f4f-c3f2-4b77-88b7-f0ab78890feb<-77ab65e6-d942-49df-83a3-1d4c0bf152b3#0:FAIL-t228, 4a682f4f-c3f2-4b77-88b7-f0ab78890feb<-7e1b84a9-a041-44fd-8008-f2679426984c#0:FAIL-t228] and 0 exception(s); 4a682f4f-c3f2-4b77-88b7-f0ab78890feb@group-0DB8C7688BF9:t228, leader=null, voted=4a682f4f-c3f2-4b77-88b7-f0ab78890feb, raftlog=4a682f4f-c3f2-4b77-88b7-f0ab78890feb@group-0DB8C7688BF9-SegmentedRaftLog:OPENED:c-1,f-1,i0, conf=-1: [77ab65e6-d942-49df-83a3-1d4c0bf152b3:192.168.164.217:39381, 7e1b84a9-a041-44fd-8008-f2679426984c:192.168.164.217:44149, 4a682f4f-c3f2-4b77-88b7-f0ab78890feb:192.168.164.217:34174], old=null
2019-11-05 08:24:18,449 [grpc-default-executor-4] INFO  impl.RaftServerImpl (RaftServerImpl.java:setRole(184)) - b3bb9051-8089-4c51-a999-81579e5913f2@group-0E159EE4F99E: changes role from  FOLLOWER to FOLLOWER at term 244 for recognizeCandidate:a8ae9c07-6d89-4a49-a594-cacd4b776180
2019-11-05 08:24:18,449 [4a682f4f-c3f2-4b77-88b7-f0ab78890feb@group-0DB8C7688BF9-LeaderElection447] INFO  impl.RaftServerImpl (RaftServerImpl.java:setRole(184)) - 4a682f4f-c3f2-4b77-88b7-f0ab78890feb@group-0DB8C7688BF9: changes role from CANDIDATE to FOLLOWER at term 228 for DISCOVERED_A_NEW_TERM
2019-11-05 08:24:18,450 [grpc-default-executor-4] INFO  impl.RoleInfo (RoleInfo.java:shutdownFollowerState(121)) - b3bb9051-8089-4c51-a999-81579e5913f2: shutdown FollowerState
2019-11-05 08:24:18,450 [4a682f4f-c3f2-4b77-88b7-f0ab78890feb@group-0DB8C7688BF9-LeaderElection447] INFO  impl.RoleInfo (RoleInfo.java:shutdownLeaderElection(134)) - 4a682f4f-c3f2-4b77-88b7-f0ab78890feb: shutdown LeaderElection
2019-11-05 08:24:18,450 [Thread-3342] INFO  impl.FollowerState (FollowerState.java:run(117)) - b3bb9051-8089-4c51-a999-81579e5913f2@group-0E159EE4F99E-FollowerState was interrupted: java.lang.InterruptedException: sleep interrupted
2019-11-05 08:24:18,450 [grpc-default-executor-4] INFO  impl.RoleInfo (RoleInfo.java:updateAndGet(143)) - b3bb9051-8089-4c51-a999-81579e5913f2: start FollowerState
2019-11-05 08:24:18,450 [4a682f4f-c3f2-4b77-88b7-f0ab78890feb@group-0DB8C7688BF9-LeaderElection447] INFO  impl.RoleInfo (RoleInfo.java:updateAndGet(143)) - 4a682f4f-c3f2-4b77-88b7-f0ab78890feb: start FollowerState
2019-11-05 08:24:18,464 [a8ae9c07-6d89-4a49-a594-cacd4b776180@group-0E159EE4F99E-LeaderElection446] INFO  impl.LeaderElection (LeaderElection.java:logAndReturn(56)) - a8ae9c07-6d89-4a49-a594-cacd4b776180@group-0E159EE4F99E-LeaderElection446: Election REJECTED; received 1 response(s) [a8ae9c07-6d89-4a49-a594-cacd4b776180<-b3bb9051-8089-4c51-a999-81579e5913f2#0:FAIL-t244] and 1 exception(s); a8ae9c07-6d89-4a49-a594-cacd4b776180@group-0E159EE4F99E:t244, leader=null, voted=a8ae9c07-6d89-4a49-a594-cacd4b776180, raftlog=a8ae9c07-6d89-4a49-a594-cacd4b776180@group-0E159EE4F99E-SegmentedRaftLog:OPENED:c-1,f-1,i0, conf=-1: [caafcba9-090a-41f5-a5f9-cba5a6a81e94:192.168.164.217:37197, a8ae9c07-6d89-4a49-a594-cacd4b776180:192.168.164.217:42719, b3bb9051-8089-4c51-a999-81579e5913f2:192.168.164.217:36516], old=null
2019-11-05 08:24:18,464 [a8ae9c07-6d89-4a49-a594-cacd4b776180@group-0E159EE4F99E-LeaderElection446] INFO  impl.LeaderElection (LogUtils.java:infoOrTrace(149)) -   Exception 0: {}
java.util.concurrent.ExecutionException: org.apache.ratis.thirdparty.io.grpc.StatusRuntimeException: UNAVAILABLE: io exception
	at java.util.concurrent.FutureTask.report(FutureTask.java:122)
	at java.util.concurrent.FutureTask.get(FutureTask.java:192)
	at org.apache.ratis.server.impl.LeaderElection.waitForResults(LeaderElection.java:259)
	at org.apache.ratis.server.impl.LeaderElection.askForVotes(LeaderElection.java:197)
	at org.apache.ratis.server.impl.LeaderElection.run(LeaderElection.java:133)
	at java.lang.Thread.run(Thread.java:748)
Caused by: org.apache.ratis.thirdparty.io.grpc.StatusRuntimeException: UNAVAILABLE: io exception
	at org.apache.ratis.thirdparty.io.grpc.stub.ClientCalls.toStatusRuntimeException(ClientCalls.java:233)
	at org.apache.ratis.thirdparty.io.grpc.stub.ClientCalls.getUnchecked(ClientCalls.java:214)
	at org.apache.ratis.thirdparty.io.grpc.stub.ClientCalls.blockingUnaryCall(ClientCalls.java:139)
	at org.apache.ratis.proto.grpc.RaftServerProtocolServiceGrpc$RaftServerProtocolServiceBlockingStub.requestVote(RaftServerProtocolServiceGrpc.java:265)
	at org.apache.ratis.grpc.server.GrpcServerProtocolClient.requestVote(GrpcServerProtocolClient.java:99)
	at org.apache.ratis.grpc.server.GrpcService.requestVote(GrpcService.java:204)
	at org.apache.ratis.server.impl.LeaderElection.lambda$submitRequests$1(LeaderElection.java:234)
	at java.util.concurrent.FutureTask.run(FutureTask.java:266)
	at java.util.concurrent.Executors$RunnableAdapter.call(Executors.java:511)
	at java.util.concurrent.FutureTask.run(FutureTask.java:266)
	at java.util.concurrent.ThreadPoolExecutor.runWorker(ThreadPoolExecutor.java:1149)
	at java.util.concurrent.ThreadPoolExecutor$Worker.run(ThreadPoolExecutor.java:624)
	... 1 more
Caused by: org.apache.ratis.thirdparty.io.netty.channel.AbstractChannel$AnnotatedConnectException: Connection refused: /192.168.164.217:37197
	at sun.nio.ch.SocketChannelImpl.checkConnect(Native Method)
	at sun.nio.ch.SocketChannelImpl.finishConnect(SocketChannelImpl.java:717)
	at org.apache.ratis.thirdparty.io.netty.channel.socket.nio.NioSocketChannel.doFinishConnect(NioSocketChannel.java:327)
	at org.apache.ratis.thirdparty.io.netty.channel.nio.AbstractNioChannel$AbstractNioUnsafe.finishConnect(AbstractNioChannel.java:340)
	at org.apache.ratis.thirdparty.io.netty.channel.nio.NioEventLoop.processSelectedKey(NioEventLoop.java:632)
	at org.apache.ratis.thirdparty.io.netty.channel.nio.NioEventLoop.processSelectedKeysOptimized(NioEventLoop.java:579)
	at org.apache.ratis.thirdparty.io.netty.channel.nio.NioEventLoop.processSelectedKeys(NioEventLoop.java:496)
	at org.apache.ratis.thirdparty.io.netty.channel.nio.NioEventLoop.run(NioEventLoop.java:458)
	at org.apache.ratis.thirdparty.io.netty.util.concurrent.SingleThreadEventExecutor$5.run(SingleThreadEventExecutor.java:897)
	at org.apache.ratis.thirdparty.io.netty.util.concurrent.FastThreadLocalRunnable.run(FastThreadLocalRunnable.java:30)
	... 1 more
Caused by: java.net.ConnectException: Connection refused
	... 11 more
2019-11-05 08:24:18,464 [a8ae9c07-6d89-4a49-a594-cacd4b776180@group-0E159EE4F99E-LeaderElection446] INFO  impl.RaftServerImpl (RaftServerImpl.java:setRole(184)) - a8ae9c07-6d89-4a49-a594-cacd4b776180@group-0E159EE4F99E: changes role from CANDIDATE to FOLLOWER at term 244 for DISCOVERED_A_NEW_TERM
2019-11-05 08:24:18,465 [a8ae9c07-6d89-4a49-a594-cacd4b776180@group-0E159EE4F99E-LeaderElection446] INFO  impl.RoleInfo (RoleInfo.java:shutdownLeaderElection(134)) - a8ae9c07-6d89-4a49-a594-cacd4b776180: shutdown LeaderElection
2019-11-05 08:24:18,465 [a8ae9c07-6d89-4a49-a594-cacd4b776180@group-0E159EE4F99E-LeaderElection446] INFO  impl.RoleInfo (RoleInfo.java:updateAndGet(143)) - a8ae9c07-6d89-4a49-a594-cacd4b776180: start FollowerState
2019-11-05 08:24:18,553 [Thread-3346] INFO  impl.FollowerState (FollowerState.java:run(108)) - 4a682f4f-c3f2-4b77-88b7-f0ab78890feb@group-0DB8C7688BF9-FollowerState: change to CANDIDATE, lastRpcTime:102ms, electionTimeout:102ms
2019-11-05 08:24:18,553 [Thread-3346] INFO  impl.RoleInfo (RoleInfo.java:shutdownFollowerState(121)) - 4a682f4f-c3f2-4b77-88b7-f0ab78890feb: shutdown FollowerState
2019-11-05 08:24:18,553 [Thread-3346] INFO  impl.RaftServerImpl (RaftServerImpl.java:setRole(184)) - 4a682f4f-c3f2-4b77-88b7-f0ab78890feb@group-0DB8C7688BF9: changes role from  FOLLOWER to CANDIDATE at term 228 for changeToCandidate
2019-11-05 08:24:18,553 [Thread-3346] INFO  impl.RoleInfo (RoleInfo.java:updateAndGet(143)) - 4a682f4f-c3f2-4b77-88b7-f0ab78890feb: start LeaderElection
2019-11-05 08:24:18,566 [4a682f4f-c3f2-4b77-88b7-f0ab78890feb@group-0DB8C7688BF9-LeaderElection448] INFO  impl.LeaderElection (LeaderElection.java:askForVotes(178)) - 4a682f4f-c3f2-4b77-88b7-f0ab78890feb@group-0DB8C7688BF9-LeaderElection448: begin an election at term 229 for -1: [77ab65e6-d942-49df-83a3-1d4c0bf152b3:192.168.164.217:39381, 7e1b84a9-a041-44fd-8008-f2679426984c:192.168.164.217:44149, 4a682f4f-c3f2-4b77-88b7-f0ab78890feb:192.168.164.217:34174], old=null
2019-11-05 08:24:18,568 [grpc-default-executor-4] INFO  impl.RaftServerImpl (RaftServerImpl.java:setRole(184)) - 77ab65e6-d942-49df-83a3-1d4c0bf152b3@group-0DB8C7688BF9: changes role from  FOLLOWER to FOLLOWER at term 229 for recognizeCandidate:4a682f4f-c3f2-4b77-88b7-f0ab78890feb
2019-11-05 08:24:18,568 [grpc-default-executor-4] INFO  impl.RoleInfo (RoleInfo.java:shutdownFollowerState(121)) - 77ab65e6-d942-49df-83a3-1d4c0bf152b3: shutdown FollowerState
2019-11-05 08:24:18,568 [grpc-default-executor-0] INFO  impl.RaftServerImpl (RaftServerImpl.java:setRole(184)) - 7e1b84a9-a041-44fd-8008-f2679426984c@group-0DB8C7688BF9: changes role from  FOLLOWER to FOLLOWER at term 229 for recognizeCandidate:4a682f4f-c3f2-4b77-88b7-f0ab78890feb
2019-11-05 08:24:18,568 [grpc-default-executor-0] INFO  impl.RoleInfo (RoleInfo.java:shutdownFollowerState(121)) - 7e1b84a9-a041-44fd-8008-f2679426984c: shutdown FollowerState
2019-11-05 08:24:18,568 [Thread-3340] INFO  impl.FollowerState (FollowerState.java:run(117)) - 77ab65e6-d942-49df-83a3-1d4c0bf152b3@group-0DB8C7688BF9-FollowerState was interrupted: java.lang.InterruptedException: sleep interrupted
2019-11-05 08:24:18,568 [grpc-default-executor-4] INFO  impl.RoleInfo (RoleInfo.java:updateAndGet(143)) - 77ab65e6-d942-49df-83a3-1d4c0bf152b3: start FollowerState
2019-11-05 08:24:18,568 [Thread-3341] INFO  impl.FollowerState (FollowerState.java:run(117)) - 7e1b84a9-a041-44fd-8008-f2679426984c@group-0DB8C7688BF9-FollowerState was interrupted: java.lang.InterruptedException: sleep interrupted
2019-11-05 08:24:18,568 [grpc-default-executor-0] INFO  impl.RoleInfo (RoleInfo.java:updateAndGet(143)) - 7e1b84a9-a041-44fd-8008-f2679426984c: start FollowerState
2019-11-05 08:24:18,583 [4a682f4f-c3f2-4b77-88b7-f0ab78890feb@group-0DB8C7688BF9-LeaderElection448] INFO  impl.LeaderElection (LeaderElection.java:logAndReturn(56)) - 4a682f4f-c3f2-4b77-88b7-f0ab78890feb@group-0DB8C7688BF9-LeaderElection448: Election REJECTED; received 2 response(s) [4a682f4f-c3f2-4b77-88b7-f0ab78890feb<-77ab65e6-d942-49df-83a3-1d4c0bf152b3#0:FAIL-t229, 4a682f4f-c3f2-4b77-88b7-f0ab78890feb<-7e1b84a9-a041-44fd-8008-f2679426984c#0:FAIL-t229] and 0 exception(s); 4a682f4f-c3f2-4b77-88b7-f0ab78890feb@group-0DB8C7688BF9:t229, leader=null, voted=4a682f4f-c3f2-4b77-88b7-f0ab78890feb, raftlog=4a682f4f-c3f2-4b77-88b7-f0ab78890feb@group-0DB8C7688BF9-SegmentedRaftLog:OPENED:c-1,f-1,i0, conf=-1: [77ab65e6-d942-49df-83a3-1d4c0bf152b3:192.168.164.217:39381, 7e1b84a9-a041-44fd-8008-f2679426984c:192.168.164.217:44149, 4a682f4f-c3f2-4b77-88b7-f0ab78890feb:192.168.164.217:34174], old=null
2019-11-05 08:24:18,583 [4a682f4f-c3f2-4b77-88b7-f0ab78890feb@group-0DB8C7688BF9-LeaderElection448] INFO  impl.RaftServerImpl (RaftServerImpl.java:setRole(184)) - 4a682f4f-c3f2-4b77-88b7-f0ab78890feb@group-0DB8C7688BF9: changes role from CANDIDATE to FOLLOWER at term 229 for DISCOVERED_A_NEW_TERM
2019-11-05 08:24:18,583 [4a682f4f-c3f2-4b77-88b7-f0ab78890feb@group-0DB8C7688BF9-LeaderElection448] INFO  impl.RoleInfo (RoleInfo.java:shutdownLeaderElection(134)) - 4a682f4f-c3f2-4b77-88b7-f0ab78890feb: shutdown LeaderElection
2019-11-05 08:24:18,583 [4a682f4f-c3f2-4b77-88b7-f0ab78890feb@group-0DB8C7688BF9-LeaderElection448] INFO  impl.RoleInfo (RoleInfo.java:updateAndGet(143)) - 4a682f4f-c3f2-4b77-88b7-f0ab78890feb: start FollowerState
2019-11-05 08:24:18,637 [Thread-3347] INFO  impl.FollowerState (FollowerState.java:run(108)) - a8ae9c07-6d89-4a49-a594-cacd4b776180@group-0E159EE4F99E-FollowerState: change to CANDIDATE, lastRpcTime:172ms, electionTimeout:172ms
2019-11-05 08:24:18,637 [Thread-3347] INFO  impl.RoleInfo (RoleInfo.java:shutdownFollowerState(121)) - a8ae9c07-6d89-4a49-a594-cacd4b776180: shutdown FollowerState
2019-11-05 08:24:18,637 [Thread-3347] INFO  impl.RaftServerImpl (RaftServerImpl.java:setRole(184)) - a8ae9c07-6d89-4a49-a594-cacd4b776180@group-0E159EE4F99E: changes role from  FOLLOWER to CANDIDATE at term 244 for changeToCandidate
2019-11-05 08:24:18,648 [Thread-3347] INFO  impl.RoleInfo (RoleInfo.java:updateAndGet(143)) - a8ae9c07-6d89-4a49-a594-cacd4b776180: start LeaderElection
2019-11-05 08:24:18,662 [a8ae9c07-6d89-4a49-a594-cacd4b776180@group-0E159EE4F99E-LeaderElection449] INFO  impl.LeaderElection (LeaderElection.java:askForVotes(178)) - a8ae9c07-6d89-4a49-a594-cacd4b776180@group-0E159EE4F99E-LeaderElection449: begin an election at term 245 for -1: [caafcba9-090a-41f5-a5f9-cba5a6a81e94:192.168.164.217:37197, a8ae9c07-6d89-4a49-a594-cacd4b776180:192.168.164.217:42719, b3bb9051-8089-4c51-a999-81579e5913f2:192.168.164.217:36516], old=null
2019-11-05 08:24:18,671 [a8ae9c07-6d89-4a49-a594-cacd4b776180@group-0E159EE4F99E-LeaderElection449] INFO  impl.LeaderElection (LogUtils.java:infoOrTrace(149)) - a8ae9c07-6d89-4a49-a594-cacd4b776180@group-0E159EE4F99E-LeaderElection449 got exception when requesting votes: {}
java.util.concurrent.ExecutionException: org.apache.ratis.thirdparty.io.grpc.StatusRuntimeException: UNAVAILABLE: io exception
	at java.util.concurrent.FutureTask.report(FutureTask.java:122)
	at java.util.concurrent.FutureTask.get(FutureTask.java:192)
	at org.apache.ratis.server.impl.LeaderElection.waitForResults(LeaderElection.java:259)
	at org.apache.ratis.server.impl.LeaderElection.askForVotes(LeaderElection.java:197)
	at org.apache.ratis.server.impl.LeaderElection.run(LeaderElection.java:133)
	at java.lang.Thread.run(Thread.java:748)
Caused by: org.apache.ratis.thirdparty.io.grpc.StatusRuntimeException: UNAVAILABLE: io exception
	at org.apache.ratis.thirdparty.io.grpc.stub.ClientCalls.toStatusRuntimeException(ClientCalls.java:233)
	at org.apache.ratis.thirdparty.io.grpc.stub.ClientCalls.getUnchecked(ClientCalls.java:214)
	at org.apache.ratis.thirdparty.io.grpc.stub.ClientCalls.blockingUnaryCall(ClientCalls.java:139)
	at org.apache.ratis.proto.grpc.RaftServerProtocolServiceGrpc$RaftServerProtocolServiceBlockingStub.requestVote(RaftServerProtocolServiceGrpc.java:265)
	at org.apache.ratis.grpc.server.GrpcServerProtocolClient.requestVote(GrpcServerProtocolClient.java:99)
	at org.apache.ratis.grpc.server.GrpcService.requestVote(GrpcService.java:204)
	at org.apache.ratis.server.impl.LeaderElection.lambda$submitRequests$1(LeaderElection.java:234)
	at java.util.concurrent.FutureTask.run(FutureTask.java:266)
	at java.util.concurrent.Executors$RunnableAdapter.call(Executors.java:511)
	at java.util.concurrent.FutureTask.run(FutureTask.java:266)
	at java.util.concurrent.ThreadPoolExecutor.runWorker(ThreadPoolExecutor.java:1149)
	at java.util.concurrent.ThreadPoolExecutor$Worker.run(ThreadPoolExecutor.java:624)
	... 1 more
Caused by: org.apache.ratis.thirdparty.io.netty.channel.AbstractChannel$AnnotatedConnectException: Connection refused: /192.168.164.217:37197
	at sun.nio.ch.SocketChannelImpl.checkConnect(Native Method)
	at sun.nio.ch.SocketChannelImpl.finishConnect(SocketChannelImpl.java:717)
	at org.apache.ratis.thirdparty.io.netty.channel.socket.nio.NioSocketChannel.doFinishConnect(NioSocketChannel.java:327)
	at org.apache.ratis.thirdparty.io.netty.channel.nio.AbstractNioChannel$AbstractNioUnsafe.finishConnect(AbstractNioChannel.java:340)
	at org.apache.ratis.thirdparty.io.netty.channel.nio.NioEventLoop.processSelectedKey(NioEventLoop.java:632)
	at org.apache.ratis.thirdparty.io.netty.channel.nio.NioEventLoop.processSelectedKeysOptimized(NioEventLoop.java:579)
	at org.apache.ratis.thirdparty.io.netty.channel.nio.NioEventLoop.processSelectedKeys(NioEventLoop.java:496)
	at org.apache.ratis.thirdparty.io.netty.channel.nio.NioEventLoop.run(NioEventLoop.java:458)
	at org.apache.ratis.thirdparty.io.netty.util.concurrent.SingleThreadEventExecutor$5.run(SingleThreadEventExecutor.java:897)
	at org.apache.ratis.thirdparty.io.netty.util.concurrent.FastThreadLocalRunnable.run(FastThreadLocalRunnable.java:30)
	... 1 more
Caused by: java.net.ConnectException: Connection refused
	... 11 more
2019-11-05 08:24:18,672 [grpc-default-executor-0] INFO  impl.RaftServerImpl (RaftServerImpl.java:setRole(184)) - b3bb9051-8089-4c51-a999-81579e5913f2@group-0E159EE4F99E: changes role from  FOLLOWER to FOLLOWER at term 245 for recognizeCandidate:a8ae9c07-6d89-4a49-a594-cacd4b776180
2019-11-05 08:24:18,672 [grpc-default-executor-0] INFO  impl.RoleInfo (RoleInfo.java:shutdownFollowerState(121)) - b3bb9051-8089-4c51-a999-81579e5913f2: shutdown FollowerState
2019-11-05 08:24:18,672 [grpc-default-executor-0] INFO  impl.RoleInfo (RoleInfo.java:updateAndGet(143)) - b3bb9051-8089-4c51-a999-81579e5913f2: start FollowerState
2019-11-05 08:24:18,672 [Thread-3345] INFO  impl.FollowerState (FollowerState.java:run(117)) - b3bb9051-8089-4c51-a999-81579e5913f2@group-0E159EE4F99E-FollowerState was interrupted: java.lang.InterruptedException: sleep interrupted
2019-11-05 08:24:18,682 [a8ae9c07-6d89-4a49-a594-cacd4b776180@group-0E159EE4F99E-LeaderElection449] INFO  impl.LeaderElection (LeaderElection.java:logAndReturn(56)) - a8ae9c07-6d89-4a49-a594-cacd4b776180@group-0E159EE4F99E-LeaderElection449: Election TIMEOUT; received 0 response(s) [] and 1 exception(s); a8ae9c07-6d89-4a49-a594-cacd4b776180@group-0E159EE4F99E:t245, leader=null, voted=a8ae9c07-6d89-4a49-a594-cacd4b776180, raftlog=a8ae9c07-6d89-4a49-a594-cacd4b776180@group-0E159EE4F99E-SegmentedRaftLog:OPENED:c-1,f-1,i0, conf=-1: [caafcba9-090a-41f5-a5f9-cba5a6a81e94:192.168.164.217:37197, a8ae9c07-6d89-4a49-a594-cacd4b776180:192.168.164.217:42719, b3bb9051-8089-4c51-a999-81579e5913f2:192.168.164.217:36516], old=null
2019-11-05 08:24:18,682 [a8ae9c07-6d89-4a49-a594-cacd4b776180@group-0E159EE4F99E-LeaderElection449] INFO  impl.LeaderElection (LogUtils.java:infoOrTrace(149)) -   Exception 0: {}
java.util.concurrent.ExecutionException: org.apache.ratis.thirdparty.io.grpc.StatusRuntimeException: UNAVAILABLE: io exception
	at java.util.concurrent.FutureTask.report(FutureTask.java:122)
	at java.util.concurrent.FutureTask.get(FutureTask.java:192)
	at org.apache.ratis.server.impl.LeaderElection.waitForResults(LeaderElection.java:259)
	at org.apache.ratis.server.impl.LeaderElection.askForVotes(LeaderElection.java:197)
	at org.apache.ratis.server.impl.LeaderElection.run(LeaderElection.java:133)
	at java.lang.Thread.run(Thread.java:748)
Caused by: org.apache.ratis.thirdparty.io.grpc.StatusRuntimeException: UNAVAILABLE: io exception
	at org.apache.ratis.thirdparty.io.grpc.stub.ClientCalls.toStatusRuntimeException(ClientCalls.java:233)
	at org.apache.ratis.thirdparty.io.grpc.stub.ClientCalls.getUnchecked(ClientCalls.java:214)
	at org.apache.ratis.thirdparty.io.grpc.stub.ClientCalls.blockingUnaryCall(ClientCalls.java:139)
	at org.apache.ratis.proto.grpc.RaftServerProtocolServiceGrpc$RaftServerProtocolServiceBlockingStub.requestVote(RaftServerProtocolServiceGrpc.java:265)
	at org.apache.ratis.grpc.server.GrpcServerProtocolClient.requestVote(GrpcServerProtocolClient.java:99)
	at org.apache.ratis.grpc.server.GrpcService.requestVote(GrpcService.java:204)
	at org.apache.ratis.server.impl.LeaderElection.lambda$submitRequests$1(LeaderElection.java:234)
	at java.util.concurrent.FutureTask.run(FutureTask.java:266)
	at java.util.concurrent.Executors$RunnableAdapter.call(Executors.java:511)
	at java.util.concurrent.FutureTask.run(FutureTask.java:266)
	at java.util.concurrent.ThreadPoolExecutor.runWorker(ThreadPoolExecutor.java:1149)
	at java.util.concurrent.ThreadPoolExecutor$Worker.run(ThreadPoolExecutor.java:624)
	... 1 more
Caused by: org.apache.ratis.thirdparty.io.netty.channel.AbstractChannel$AnnotatedConnectException: Connection refused: /192.168.164.217:37197
	at sun.nio.ch.SocketChannelImpl.checkConnect(Native Method)
	at sun.nio.ch.SocketChannelImpl.finishConnect(SocketChannelImpl.java:717)
	at org.apache.ratis.thirdparty.io.netty.channel.socket.nio.NioSocketChannel.doFinishConnect(NioSocketChannel.java:327)
	at org.apache.ratis.thirdparty.io.netty.channel.nio.AbstractNioChannel$AbstractNioUnsafe.finishConnect(AbstractNioChannel.java:340)
	at org.apache.ratis.thirdparty.io.netty.channel.nio.NioEventLoop.processSelectedKey(NioEventLoop.java:632)
	at org.apache.ratis.thirdparty.io.netty.channel.nio.NioEventLoop.processSelectedKeysOptimized(NioEventLoop.java:579)
	at org.apache.ratis.thirdparty.io.netty.channel.nio.NioEventLoop.processSelectedKeys(NioEventLoop.java:496)
	at org.apache.ratis.thirdparty.io.netty.channel.nio.NioEventLoop.run(NioEventLoop.java:458)
	at org.apache.ratis.thirdparty.io.netty.util.concurrent.SingleThreadEventExecutor$5.run(SingleThreadEventExecutor.java:897)
	at org.apache.ratis.thirdparty.io.netty.util.concurrent.FastThreadLocalRunnable.run(FastThreadLocalRunnable.java:30)
	... 1 more
Caused by: java.net.ConnectException: Connection refused
	... 11 more
2019-11-05 08:24:18,705 [a8ae9c07-6d89-4a49-a594-cacd4b776180@group-0E159EE4F99E-LeaderElection449] INFO  impl.LeaderElection (LeaderElection.java:askForVotes(178)) - a8ae9c07-6d89-4a49-a594-cacd4b776180@group-0E159EE4F99E-LeaderElection449: begin an election at term 246 for -1: [caafcba9-090a-41f5-a5f9-cba5a6a81e94:192.168.164.217:37197, a8ae9c07-6d89-4a49-a594-cacd4b776180:192.168.164.217:42719, b3bb9051-8089-4c51-a999-81579e5913f2:192.168.164.217:36516], old=null
2019-11-05 08:24:18,712 [a8ae9c07-6d89-4a49-a594-cacd4b776180@group-0E159EE4F99E-LeaderElection449] INFO  impl.LeaderElection (LogUtils.java:infoOrTrace(149)) - a8ae9c07-6d89-4a49-a594-cacd4b776180@group-0E159EE4F99E-LeaderElection449 got exception when requesting votes: {}
java.util.concurrent.ExecutionException: org.apache.ratis.thirdparty.io.grpc.StatusRuntimeException: UNAVAILABLE: io exception
	at java.util.concurrent.FutureTask.report(FutureTask.java:122)
	at java.util.concurrent.FutureTask.get(FutureTask.java:192)
	at org.apache.ratis.server.impl.LeaderElection.waitForResults(LeaderElection.java:259)
	at org.apache.ratis.server.impl.LeaderElection.askForVotes(LeaderElection.java:197)
	at org.apache.ratis.server.impl.LeaderElection.run(LeaderElection.java:133)
	at java.lang.Thread.run(Thread.java:748)
Caused by: org.apache.ratis.thirdparty.io.grpc.StatusRuntimeException: UNAVAILABLE: io exception
	at org.apache.ratis.thirdparty.io.grpc.stub.ClientCalls.toStatusRuntimeException(ClientCalls.java:233)
	at org.apache.ratis.thirdparty.io.grpc.stub.ClientCalls.getUnchecked(ClientCalls.java:214)
	at org.apache.ratis.thirdparty.io.grpc.stub.ClientCalls.blockingUnaryCall(ClientCalls.java:139)
	at org.apache.ratis.proto.grpc.RaftServerProtocolServiceGrpc$RaftServerProtocolServiceBlockingStub.requestVote(RaftServerProtocolServiceGrpc.java:265)
	at org.apache.ratis.grpc.server.GrpcServerProtocolClient.requestVote(GrpcServerProtocolClient.java:99)
	at org.apache.ratis.grpc.server.GrpcService.requestVote(GrpcService.java:204)
	at org.apache.ratis.server.impl.LeaderElection.lambda$submitRequests$1(LeaderElection.java:234)
	at java.util.concurrent.FutureTask.run(FutureTask.java:266)
	at java.util.concurrent.Executors$RunnableAdapter.call(Executors.java:511)
	at java.util.concurrent.FutureTask.run(FutureTask.java:266)
	at java.util.concurrent.ThreadPoolExecutor.runWorker(ThreadPoolExecutor.java:1149)
	at java.util.concurrent.ThreadPoolExecutor$Worker.run(ThreadPoolExecutor.java:624)
	... 1 more
Caused by: org.apache.ratis.thirdparty.io.netty.channel.AbstractChannel$AnnotatedConnectException: Connection refused: /192.168.164.217:37197
	at sun.nio.ch.SocketChannelImpl.checkConnect(Native Method)
	at sun.nio.ch.SocketChannelImpl.finishConnect(SocketChannelImpl.java:717)
	at org.apache.ratis.thirdparty.io.netty.channel.socket.nio.NioSocketChannel.doFinishConnect(NioSocketChannel.java:327)
	at org.apache.ratis.thirdparty.io.netty.channel.nio.AbstractNioChannel$AbstractNioUnsafe.finishConnect(AbstractNioChannel.java:340)
	at org.apache.ratis.thirdparty.io.netty.channel.nio.NioEventLoop.processSelectedKey(NioEventLoop.java:632)
	at org.apache.ratis.thirdparty.io.netty.channel.nio.NioEventLoop.processSelectedKeysOptimized(NioEventLoop.java:579)
	at org.apache.ratis.thirdparty.io.netty.channel.nio.NioEventLoop.processSelectedKeys(NioEventLoop.java:496)
	at org.apache.ratis.thirdparty.io.netty.channel.nio.NioEventLoop.run(NioEventLoop.java:458)
	at org.apache.ratis.thirdparty.io.netty.util.concurrent.SingleThreadEventExecutor$5.run(SingleThreadEventExecutor.java:897)
	at org.apache.ratis.thirdparty.io.netty.util.concurrent.FastThreadLocalRunnable.run(FastThreadLocalRunnable.java:30)
	... 1 more
Caused by: java.net.ConnectException: Connection refused
	... 11 more
2019-11-05 08:24:18,713 [grpc-default-executor-0] INFO  impl.RaftServerImpl (RaftServerImpl.java:setRole(184)) - b3bb9051-8089-4c51-a999-81579e5913f2@group-0E159EE4F99E: changes role from  FOLLOWER to FOLLOWER at term 246 for recognizeCandidate:a8ae9c07-6d89-4a49-a594-cacd4b776180
2019-11-05 08:24:18,713 [grpc-default-executor-0] INFO  impl.RoleInfo (RoleInfo.java:shutdownFollowerState(121)) - b3bb9051-8089-4c51-a999-81579e5913f2: shutdown FollowerState
2019-11-05 08:24:18,714 [grpc-default-executor-0] INFO  impl.RoleInfo (RoleInfo.java:updateAndGet(143)) - b3bb9051-8089-4c51-a999-81579e5913f2: start FollowerState
2019-11-05 08:24:18,714 [Thread-3357] INFO  impl.FollowerState (FollowerState.java:run(117)) - b3bb9051-8089-4c51-a999-81579e5913f2@group-0E159EE4F99E-FollowerState was interrupted: java.lang.InterruptedException: sleep interrupted
2019-11-05 08:24:18,727 [a8ae9c07-6d89-4a49-a594-cacd4b776180@group-0E159EE4F99E-LeaderElection449] INFO  impl.LeaderElection (LeaderElection.java:logAndReturn(56)) - a8ae9c07-6d89-4a49-a594-cacd4b776180@group-0E159EE4F99E-LeaderElection449: Election REJECTED; received 1 response(s) [a8ae9c07-6d89-4a49-a594-cacd4b776180<-b3bb9051-8089-4c51-a999-81579e5913f2#0:FAIL-t246] and 1 exception(s); a8ae9c07-6d89-4a49-a594-cacd4b776180@group-0E159EE4F99E:t246, leader=null, voted=a8ae9c07-6d89-4a49-a594-cacd4b776180, raftlog=a8ae9c07-6d89-4a49-a594-cacd4b776180@group-0E159EE4F99E-SegmentedRaftLog:OPENED:c-1,f-1,i0, conf=-1: [caafcba9-090a-41f5-a5f9-cba5a6a81e94:192.168.164.217:37197, a8ae9c07-6d89-4a49-a594-cacd4b776180:192.168.164.217:42719, b3bb9051-8089-4c51-a999-81579e5913f2:192.168.164.217:36516], old=null
2019-11-05 08:24:18,728 [a8ae9c07-6d89-4a49-a594-cacd4b776180@group-0E159EE4F99E-LeaderElection449] INFO  impl.LeaderElection (LogUtils.java:infoOrTrace(149)) -   Exception 0: {}
java.util.concurrent.ExecutionException: org.apache.ratis.thirdparty.io.grpc.StatusRuntimeException: UNAVAILABLE: io exception
	at java.util.concurrent.FutureTask.report(FutureTask.java:122)
	at java.util.concurrent.FutureTask.get(FutureTask.java:192)
	at org.apache.ratis.server.impl.LeaderElection.waitForResults(LeaderElection.java:259)
	at org.apache.ratis.server.impl.LeaderElection.askForVotes(LeaderElection.java:197)
	at org.apache.ratis.server.impl.LeaderElection.run(LeaderElection.java:133)
	at java.lang.Thread.run(Thread.java:748)
Caused by: org.apache.ratis.thirdparty.io.grpc.StatusRuntimeException: UNAVAILABLE: io exception
	at org.apache.ratis.thirdparty.io.grpc.stub.ClientCalls.toStatusRuntimeException(ClientCalls.java:233)
	at org.apache.ratis.thirdparty.io.grpc.stub.ClientCalls.getUnchecked(ClientCalls.java:214)
	at org.apache.ratis.thirdparty.io.grpc.stub.ClientCalls.blockingUnaryCall(ClientCalls.java:139)
	at org.apache.ratis.proto.grpc.RaftServerProtocolServiceGrpc$RaftServerProtocolServiceBlockingStub.requestVote(RaftServerProtocolServiceGrpc.java:265)
	at org.apache.ratis.grpc.server.GrpcServerProtocolClient.requestVote(GrpcServerProtocolClient.java:99)
	at org.apache.ratis.grpc.server.GrpcService.requestVote(GrpcService.java:204)
	at org.apache.ratis.server.impl.LeaderElection.lambda$submitRequests$1(LeaderElection.java:234)
	at java.util.concurrent.FutureTask.run(FutureTask.java:266)
	at java.util.concurrent.Executors$RunnableAdapter.call(Executors.java:511)
	at java.util.concurrent.FutureTask.run(FutureTask.java:266)
	at java.util.concurrent.ThreadPoolExecutor.runWorker(ThreadPoolExecutor.java:1149)
	at java.util.concurrent.ThreadPoolExecutor$Worker.run(ThreadPoolExecutor.java:624)
	... 1 more
Caused by: org.apache.ratis.thirdparty.io.netty.channel.AbstractChannel$AnnotatedConnectException: Connection refused: /192.168.164.217:37197
	at sun.nio.ch.SocketChannelImpl.checkConnect(Native Method)
	at sun.nio.ch.SocketChannelImpl.finishConnect(SocketChannelImpl.java:717)
	at org.apache.ratis.thirdparty.io.netty.channel.socket.nio.NioSocketChannel.doFinishConnect(NioSocketChannel.java:327)
	at org.apache.ratis.thirdparty.io.netty.channel.nio.AbstractNioChannel$AbstractNioUnsafe.finishConnect(AbstractNioChannel.java:340)
	at org.apache.ratis.thirdparty.io.netty.channel.nio.NioEventLoop.processSelectedKey(NioEventLoop.java:632)
	at org.apache.ratis.thirdparty.io.netty.channel.nio.NioEventLoop.processSelectedKeysOptimized(NioEventLoop.java:579)
	at org.apache.ratis.thirdparty.io.netty.channel.nio.NioEventLoop.processSelectedKeys(NioEventLoop.java:496)
	at org.apache.ratis.thirdparty.io.netty.channel.nio.NioEventLoop.run(NioEventLoop.java:458)
	at org.apache.ratis.thirdparty.io.netty.util.concurrent.SingleThreadEventExecutor$5.run(SingleThreadEventExecutor.java:897)
	at org.apache.ratis.thirdparty.io.netty.util.concurrent.FastThreadLocalRunnable.run(FastThreadLocalRunnable.java:30)
	... 1 more
Caused by: java.net.ConnectException: Connection refused
	... 11 more
2019-11-05 08:24:18,730 [a8ae9c07-6d89-4a49-a594-cacd4b776180@group-0E159EE4F99E-LeaderElection449] INFO  impl.RaftServerImpl (RaftServerImpl.java:setRole(184)) - a8ae9c07-6d89-4a49-a594-cacd4b776180@group-0E159EE4F99E: changes role from CANDIDATE to FOLLOWER at term 246 for DISCOVERED_A_NEW_TERM
2019-11-05 08:24:18,730 [a8ae9c07-6d89-4a49-a594-cacd4b776180@group-0E159EE4F99E-LeaderElection449] INFO  impl.RoleInfo (RoleInfo.java:shutdownLeaderElection(134)) - a8ae9c07-6d89-4a49-a594-cacd4b776180: shutdown LeaderElection
2019-11-05 08:24:18,731 [a8ae9c07-6d89-4a49-a594-cacd4b776180@group-0E159EE4F99E-LeaderElection449] INFO  impl.RoleInfo (RoleInfo.java:updateAndGet(143)) - a8ae9c07-6d89-4a49-a594-cacd4b776180: start FollowerState
2019-11-05 08:24:18,735 [Thread-3353] INFO  impl.FollowerState (FollowerState.java:run(108)) - 4a682f4f-c3f2-4b77-88b7-f0ab78890feb@group-0DB8C7688BF9-FollowerState: change to CANDIDATE, lastRpcTime:152ms, electionTimeout:152ms
2019-11-05 08:24:18,735 [Thread-3353] INFO  impl.RoleInfo (RoleInfo.java:shutdownFollowerState(121)) - 4a682f4f-c3f2-4b77-88b7-f0ab78890feb: shutdown FollowerState
2019-11-05 08:24:18,736 [Thread-3353] INFO  impl.RaftServerImpl (RaftServerImpl.java:setRole(184)) - 4a682f4f-c3f2-4b77-88b7-f0ab78890feb@group-0DB8C7688BF9: changes role from  FOLLOWER to CANDIDATE at term 229 for changeToCandidate
2019-11-05 08:24:18,742 [java.util.concurrent.ThreadPoolExecutor$Worker@4893213[State = -1, empty queue]] WARN  server.GrpcLogAppender (GrpcLogAppender.java:timeoutAppendRequest(209)) - 6189f8a4-91dd-451f-abcb-72b2dcd73465@group-9D53872EEF85->fe5257f1-588f-41af-bf70-1c04126c8968-GrpcLogAppender: appendEntries Timeout, request=6189f8a4-91dd-451f-abcb-72b2dcd73465->fe5257f1-588f-41af-bf70-1c04126c8968#73-t4, previous=(t:4, i:20), leaderCommit=20, initializing? false, entries: <empty>
2019-11-05 08:24:18,747 [Thread-3353] INFO  impl.RoleInfo (RoleInfo.java:updateAndGet(143)) - 4a682f4f-c3f2-4b77-88b7-f0ab78890feb: start LeaderElection
2019-11-05 08:24:18,761 [4a682f4f-c3f2-4b77-88b7-f0ab78890feb@group-0DB8C7688BF9-LeaderElection450] INFO  impl.LeaderElection (LeaderElection.java:askForVotes(178)) - 4a682f4f-c3f2-4b77-88b7-f0ab78890feb@group-0DB8C7688BF9-LeaderElection450: begin an election at term 230 for -1: [77ab65e6-d942-49df-83a3-1d4c0bf152b3:192.168.164.217:39381, 7e1b84a9-a041-44fd-8008-f2679426984c:192.168.164.217:44149, 4a682f4f-c3f2-4b77-88b7-f0ab78890feb:192.168.164.217:34174], old=null
2019-11-05 08:24:18,766 [grpc-default-executor-4] INFO  impl.RaftServerImpl (RaftServerImpl.java:setRole(184)) - 77ab65e6-d942-49df-83a3-1d4c0bf152b3@group-0DB8C7688BF9: changes role from  FOLLOWER to FOLLOWER at term 230 for recognizeCandidate:4a682f4f-c3f2-4b77-88b7-f0ab78890feb
2019-11-05 08:24:18,766 [grpc-default-executor-4] INFO  impl.RoleInfo (RoleInfo.java:shutdownFollowerState(121)) - 77ab65e6-d942-49df-83a3-1d4c0bf152b3: shutdown FollowerState
2019-11-05 08:24:18,766 [grpc-default-executor-4] INFO  impl.RoleInfo (RoleInfo.java:updateAndGet(143)) - 77ab65e6-d942-49df-83a3-1d4c0bf152b3: start FollowerState
2019-11-05 08:24:18,766 [Thread-3351] INFO  impl.FollowerState (FollowerState.java:run(117)) - 77ab65e6-d942-49df-83a3-1d4c0bf152b3@group-0DB8C7688BF9-FollowerState was interrupted: java.lang.InterruptedException: sleep interrupted
2019-11-05 08:24:18,767 [grpc-default-executor-0] INFO  impl.RaftServerImpl (RaftServerImpl.java:setRole(184)) - 7e1b84a9-a041-44fd-8008-f2679426984c@group-0DB8C7688BF9: changes role from  FOLLOWER to FOLLOWER at term 230 for recognizeCandidate:4a682f4f-c3f2-4b77-88b7-f0ab78890feb
2019-11-05 08:24:18,767 [grpc-default-executor-0] INFO  impl.RoleInfo (RoleInfo.java:shutdownFollowerState(121)) - 7e1b84a9-a041-44fd-8008-f2679426984c: shutdown FollowerState
2019-11-05 08:24:18,767 [grpc-default-executor-0] INFO  impl.RoleInfo (RoleInfo.java:updateAndGet(143)) - 7e1b84a9-a041-44fd-8008-f2679426984c: start FollowerState
2019-11-05 08:24:18,767 [Thread-3352] INFO  impl.FollowerState (FollowerState.java:run(117)) - 7e1b84a9-a041-44fd-8008-f2679426984c@group-0DB8C7688BF9-FollowerState was interrupted: java.lang.InterruptedException: sleep interrupted
2019-11-05 08:24:18,790 [4a682f4f-c3f2-4b77-88b7-f0ab78890feb@group-0DB8C7688BF9-LeaderElection450] INFO  impl.LeaderElection (LeaderElection.java:logAndReturn(56)) - 4a682f4f-c3f2-4b77-88b7-f0ab78890feb@group-0DB8C7688BF9-LeaderElection450: Election REJECTED; received 2 response(s) [4a682f4f-c3f2-4b77-88b7-f0ab78890feb<-77ab65e6-d942-49df-83a3-1d4c0bf152b3#0:FAIL-t230, 4a682f4f-c3f2-4b77-88b7-f0ab78890feb<-7e1b84a9-a041-44fd-8008-f2679426984c#0:FAIL-t230] and 0 exception(s); 4a682f4f-c3f2-4b77-88b7-f0ab78890feb@group-0DB8C7688BF9:t230, leader=null, voted=4a682f4f-c3f2-4b77-88b7-f0ab78890feb, raftlog=4a682f4f-c3f2-4b77-88b7-f0ab78890feb@group-0DB8C7688BF9-SegmentedRaftLog:OPENED:c-1,f-1,i0, conf=-1: [77ab65e6-d942-49df-83a3-1d4c0bf152b3:192.168.164.217:39381, 7e1b84a9-a041-44fd-8008-f2679426984c:192.168.164.217:44149, 4a682f4f-c3f2-4b77-88b7-f0ab78890feb:192.168.164.217:34174], old=null
2019-11-05 08:24:18,790 [4a682f4f-c3f2-4b77-88b7-f0ab78890feb@group-0DB8C7688BF9-LeaderElection450] INFO  impl.RaftServerImpl (RaftServerImpl.java:setRole(184)) - 4a682f4f-c3f2-4b77-88b7-f0ab78890feb@group-0DB8C7688BF9: changes role from CANDIDATE to FOLLOWER at term 230 for DISCOVERED_A_NEW_TERM
2019-11-05 08:24:18,790 [4a682f4f-c3f2-4b77-88b7-f0ab78890feb@group-0DB8C7688BF9-LeaderElection450] INFO  impl.RoleInfo (RoleInfo.java:shutdownLeaderElection(134)) - 4a682f4f-c3f2-4b77-88b7-f0ab78890feb: shutdown LeaderElection
2019-11-05 08:24:18,790 [4a682f4f-c3f2-4b77-88b7-f0ab78890feb@group-0DB8C7688BF9-LeaderElection450] INFO  impl.RoleInfo (RoleInfo.java:updateAndGet(143)) - 4a682f4f-c3f2-4b77-88b7-f0ab78890feb: start FollowerState
2019-11-05 08:24:18,798 [Thread-3361] INFO  impl.FollowerState (FollowerState.java:run(108)) - a8ae9c07-6d89-4a49-a594-cacd4b776180@group-0E159EE4F99E-FollowerState: change to CANDIDATE, lastRpcTime:67ms, electionTimeout:67ms
2019-11-05 08:24:18,798 [Thread-3361] INFO  impl.RoleInfo (RoleInfo.java:shutdownFollowerState(121)) - a8ae9c07-6d89-4a49-a594-cacd4b776180: shutdown FollowerState
2019-11-05 08:24:18,798 [Thread-3361] INFO  impl.RaftServerImpl (RaftServerImpl.java:setRole(184)) - a8ae9c07-6d89-4a49-a594-cacd4b776180@group-0E159EE4F99E: changes role from  FOLLOWER to CANDIDATE at term 246 for changeToCandidate
2019-11-05 08:24:18,811 [Thread-3361] INFO  impl.RoleInfo (RoleInfo.java:updateAndGet(143)) - a8ae9c07-6d89-4a49-a594-cacd4b776180: start LeaderElection
2019-11-05 08:24:18,824 [a8ae9c07-6d89-4a49-a594-cacd4b776180@group-0E159EE4F99E-LeaderElection451] INFO  impl.LeaderElection (LeaderElection.java:askForVotes(178)) - a8ae9c07-6d89-4a49-a594-cacd4b776180@group-0E159EE4F99E-LeaderElection451: begin an election at term 247 for -1: [caafcba9-090a-41f5-a5f9-cba5a6a81e94:192.168.164.217:37197, a8ae9c07-6d89-4a49-a594-cacd4b776180:192.168.164.217:42719, b3bb9051-8089-4c51-a999-81579e5913f2:192.168.164.217:36516], old=null
2019-11-05 08:24:18,825 [a8ae9c07-6d89-4a49-a594-cacd4b776180@group-0E159EE4F99E-LeaderElection451] INFO  impl.LeaderElection (LogUtils.java:infoOrTrace(149)) - a8ae9c07-6d89-4a49-a594-cacd4b776180@group-0E159EE4F99E-LeaderElection451 got exception when requesting votes: {}
java.util.concurrent.ExecutionException: org.apache.ratis.thirdparty.io.grpc.StatusRuntimeException: UNAVAILABLE: io exception
	at java.util.concurrent.FutureTask.report(FutureTask.java:122)
	at java.util.concurrent.FutureTask.get(FutureTask.java:192)
	at org.apache.ratis.server.impl.LeaderElection.waitForResults(LeaderElection.java:259)
	at org.apache.ratis.server.impl.LeaderElection.askForVotes(LeaderElection.java:197)
	at org.apache.ratis.server.impl.LeaderElection.run(LeaderElection.java:133)
	at java.lang.Thread.run(Thread.java:748)
Caused by: org.apache.ratis.thirdparty.io.grpc.StatusRuntimeException: UNAVAILABLE: io exception
	at org.apache.ratis.thirdparty.io.grpc.stub.ClientCalls.toStatusRuntimeException(ClientCalls.java:233)
	at org.apache.ratis.thirdparty.io.grpc.stub.ClientCalls.getUnchecked(ClientCalls.java:214)
	at org.apache.ratis.thirdparty.io.grpc.stub.ClientCalls.blockingUnaryCall(ClientCalls.java:139)
	at org.apache.ratis.proto.grpc.RaftServerProtocolServiceGrpc$RaftServerProtocolServiceBlockingStub.requestVote(RaftServerProtocolServiceGrpc.java:265)
	at org.apache.ratis.grpc.server.GrpcServerProtocolClient.requestVote(GrpcServerProtocolClient.java:99)
	at org.apache.ratis.grpc.server.GrpcService.requestVote(GrpcService.java:204)
	at org.apache.ratis.server.impl.LeaderElection.lambda$submitRequests$1(LeaderElection.java:234)
	at java.util.concurrent.FutureTask.run(FutureTask.java:266)
	at java.util.concurrent.Executors$RunnableAdapter.call(Executors.java:511)
	at java.util.concurrent.FutureTask.run(FutureTask.java:266)
	at java.util.concurrent.ThreadPoolExecutor.runWorker(ThreadPoolExecutor.java:1149)
	at java.util.concurrent.ThreadPoolExecutor$Worker.run(ThreadPoolExecutor.java:624)
	... 1 more
Caused by: org.apache.ratis.thirdparty.io.netty.channel.AbstractChannel$AnnotatedConnectException: Connection refused: /192.168.164.217:37197
	at sun.nio.ch.SocketChannelImpl.checkConnect(Native Method)
	at sun.nio.ch.SocketChannelImpl.finishConnect(SocketChannelImpl.java:717)
	at org.apache.ratis.thirdparty.io.netty.channel.socket.nio.NioSocketChannel.doFinishConnect(NioSocketChannel.java:327)
	at org.apache.ratis.thirdparty.io.netty.channel.nio.AbstractNioChannel$AbstractNioUnsafe.finishConnect(AbstractNioChannel.java:340)
	at org.apache.ratis.thirdparty.io.netty.channel.nio.NioEventLoop.processSelectedKey(NioEventLoop.java:632)
	at org.apache.ratis.thirdparty.io.netty.channel.nio.NioEventLoop.processSelectedKeysOptimized(NioEventLoop.java:579)
	at org.apache.ratis.thirdparty.io.netty.channel.nio.NioEventLoop.processSelectedKeys(NioEventLoop.java:496)
	at org.apache.ratis.thirdparty.io.netty.channel.nio.NioEventLoop.run(NioEventLoop.java:458)
	at org.apache.ratis.thirdparty.io.netty.util.concurrent.SingleThreadEventExecutor$5.run(SingleThreadEventExecutor.java:897)
	at org.apache.ratis.thirdparty.io.netty.util.concurrent.FastThreadLocalRunnable.run(FastThreadLocalRunnable.java:30)
	... 1 more
Caused by: java.net.ConnectException: Connection refused
	... 11 more
2019-11-05 08:24:18,826 [grpc-default-executor-0] INFO  impl.RaftServerImpl (RaftServerImpl.java:setRole(184)) - b3bb9051-8089-4c51-a999-81579e5913f2@group-0E159EE4F99E: changes role from  FOLLOWER to FOLLOWER at term 247 for recognizeCandidate:a8ae9c07-6d89-4a49-a594-cacd4b776180
2019-11-05 08:24:18,826 [grpc-default-executor-0] INFO  impl.RoleInfo (RoleInfo.java:shutdownFollowerState(121)) - b3bb9051-8089-4c51-a999-81579e5913f2: shutdown FollowerState
2019-11-05 08:24:18,826 [grpc-default-executor-0] INFO  impl.RoleInfo (RoleInfo.java:updateAndGet(143)) - b3bb9051-8089-4c51-a999-81579e5913f2: start FollowerState
2019-11-05 08:24:18,826 [Thread-3360] INFO  impl.FollowerState (FollowerState.java:run(117)) - b3bb9051-8089-4c51-a999-81579e5913f2@group-0E159EE4F99E-FollowerState was interrupted: java.lang.InterruptedException: sleep interrupted
2019-11-05 08:24:18,837 [Thread-3368] INFO  impl.FollowerState (FollowerState.java:run(108)) - 4a682f4f-c3f2-4b77-88b7-f0ab78890feb@group-0DB8C7688BF9-FollowerState: change to CANDIDATE, lastRpcTime:46ms, electionTimeout:46ms
2019-11-05 08:24:18,837 [Thread-3368] INFO  impl.RoleInfo (RoleInfo.java:shutdownFollowerState(121)) - 4a682f4f-c3f2-4b77-88b7-f0ab78890feb: shutdown FollowerState
2019-11-05 08:24:18,837 [Thread-3368] INFO  impl.RaftServerImpl (RaftServerImpl.java:setRole(184)) - 4a682f4f-c3f2-4b77-88b7-f0ab78890feb@group-0DB8C7688BF9: changes role from  FOLLOWER to CANDIDATE at term 230 for changeToCandidate
2019-11-05 08:24:18,837 [Thread-3368] INFO  impl.RoleInfo (RoleInfo.java:updateAndGet(143)) - 4a682f4f-c3f2-4b77-88b7-f0ab78890feb: start LeaderElection
2019-11-05 08:24:18,839 [a8ae9c07-6d89-4a49-a594-cacd4b776180@group-0E159EE4F99E-LeaderElection451] INFO  impl.LeaderElection (LeaderElection.java:logAndReturn(56)) - a8ae9c07-6d89-4a49-a594-cacd4b776180@group-0E159EE4F99E-LeaderElection451: Election REJECTED; received 1 response(s) [a8ae9c07-6d89-4a49-a594-cacd4b776180<-b3bb9051-8089-4c51-a999-81579e5913f2#0:FAIL-t247] and 1 exception(s); a8ae9c07-6d89-4a49-a594-cacd4b776180@group-0E159EE4F99E:t247, leader=null, voted=a8ae9c07-6d89-4a49-a594-cacd4b776180, raftlog=a8ae9c07-6d89-4a49-a594-cacd4b776180@group-0E159EE4F99E-SegmentedRaftLog:OPENED:c-1,f-1,i0, conf=-1: [caafcba9-090a-41f5-a5f9-cba5a6a81e94:192.168.164.217:37197, a8ae9c07-6d89-4a49-a594-cacd4b776180:192.168.164.217:42719, b3bb9051-8089-4c51-a999-81579e5913f2:192.168.164.217:36516], old=null
2019-11-05 08:24:18,839 [a8ae9c07-6d89-4a49-a594-cacd4b776180@group-0E159EE4F99E-LeaderElection451] INFO  impl.LeaderElection (LogUtils.java:infoOrTrace(149)) -   Exception 0: {}
java.util.concurrent.ExecutionException: org.apache.ratis.thirdparty.io.grpc.StatusRuntimeException: UNAVAILABLE: io exception
	at java.util.concurrent.FutureTask.report(FutureTask.java:122)
	at java.util.concurrent.FutureTask.get(FutureTask.java:192)
	at org.apache.ratis.server.impl.LeaderElection.waitForResults(LeaderElection.java:259)
	at org.apache.ratis.server.impl.LeaderElection.askForVotes(LeaderElection.java:197)
	at org.apache.ratis.server.impl.LeaderElection.run(LeaderElection.java:133)
	at java.lang.Thread.run(Thread.java:748)
Caused by: org.apache.ratis.thirdparty.io.grpc.StatusRuntimeException: UNAVAILABLE: io exception
	at org.apache.ratis.thirdparty.io.grpc.stub.ClientCalls.toStatusRuntimeException(ClientCalls.java:233)
	at org.apache.ratis.thirdparty.io.grpc.stub.ClientCalls.getUnchecked(ClientCalls.java:214)
	at org.apache.ratis.thirdparty.io.grpc.stub.ClientCalls.blockingUnaryCall(ClientCalls.java:139)
	at org.apache.ratis.proto.grpc.RaftServerProtocolServiceGrpc$RaftServerProtocolServiceBlockingStub.requestVote(RaftServerProtocolServiceGrpc.java:265)
	at org.apache.ratis.grpc.server.GrpcServerProtocolClient.requestVote(GrpcServerProtocolClient.java:99)
	at org.apache.ratis.grpc.server.GrpcService.requestVote(GrpcService.java:204)
	at org.apache.ratis.server.impl.LeaderElection.lambda$submitRequests$1(LeaderElection.java:234)
	at java.util.concurrent.FutureTask.run(FutureTask.java:266)
	at java.util.concurrent.Executors$RunnableAdapter.call(Executors.java:511)
	at java.util.concurrent.FutureTask.run(FutureTask.java:266)
	at java.util.concurrent.ThreadPoolExecutor.runWorker(ThreadPoolExecutor.java:1149)
	at java.util.concurrent.ThreadPoolExecutor$Worker.run(ThreadPoolExecutor.java:624)
	... 1 more
Caused by: org.apache.ratis.thirdparty.io.netty.channel.AbstractChannel$AnnotatedConnectException: Connection refused: /192.168.164.217:37197
	at sun.nio.ch.SocketChannelImpl.checkConnect(Native Method)
	at sun.nio.ch.SocketChannelImpl.finishConnect(SocketChannelImpl.java:717)
	at org.apache.ratis.thirdparty.io.netty.channel.socket.nio.NioSocketChannel.doFinishConnect(NioSocketChannel.java:327)
	at org.apache.ratis.thirdparty.io.netty.channel.nio.AbstractNioChannel$AbstractNioUnsafe.finishConnect(AbstractNioChannel.java:340)
	at org.apache.ratis.thirdparty.io.netty.channel.nio.NioEventLoop.processSelectedKey(NioEventLoop.java:632)
	at org.apache.ratis.thirdparty.io.netty.channel.nio.NioEventLoop.processSelectedKeysOptimized(NioEventLoop.java:579)
	at org.apache.ratis.thirdparty.io.netty.channel.nio.NioEventLoop.processSelectedKeys(NioEventLoop.java:496)
	at org.apache.ratis.thirdparty.io.netty.channel.nio.NioEventLoop.run(NioEventLoop.java:458)
	at org.apache.ratis.thirdparty.io.netty.util.concurrent.SingleThreadEventExecutor$5.run(SingleThreadEventExecutor.java:897)
	at org.apache.ratis.thirdparty.io.netty.util.concurrent.FastThreadLocalRunnable.run(FastThreadLocalRunnable.java:30)
	... 1 more
Caused by: java.net.ConnectException: Connection refused
	... 11 more
2019-11-05 08:24:18,840 [a8ae9c07-6d89-4a49-a594-cacd4b776180@group-0E159EE4F99E-LeaderElection451] INFO  impl.RaftServerImpl (RaftServerImpl.java:setRole(184)) - a8ae9c07-6d89-4a49-a594-cacd4b776180@group-0E159EE4F99E: changes role from CANDIDATE to FOLLOWER at term 247 for DISCOVERED_A_NEW_TERM
2019-11-05 08:24:18,840 [a8ae9c07-6d89-4a49-a594-cacd4b776180@group-0E159EE4F99E-LeaderElection451] INFO  impl.RoleInfo (RoleInfo.java:shutdownLeaderElection(134)) - a8ae9c07-6d89-4a49-a594-cacd4b776180: shutdown LeaderElection
2019-11-05 08:24:18,840 [a8ae9c07-6d89-4a49-a594-cacd4b776180@group-0E159EE4F99E-LeaderElection451] INFO  impl.RoleInfo (RoleInfo.java:updateAndGet(143)) - a8ae9c07-6d89-4a49-a594-cacd4b776180: start FollowerState
2019-11-05 08:24:18,841 [4a682f4f-c3f2-4b77-88b7-f0ab78890feb@group-0DB8C7688BF9-LeaderElection452] INFO  impl.LeaderElection (LeaderElection.java:askForVotes(178)) - 4a682f4f-c3f2-4b77-88b7-f0ab78890feb@group-0DB8C7688BF9-LeaderElection452: begin an election at term 231 for -1: [77ab65e6-d942-49df-83a3-1d4c0bf152b3:192.168.164.217:39381, 7e1b84a9-a041-44fd-8008-f2679426984c:192.168.164.217:44149, 4a682f4f-c3f2-4b77-88b7-f0ab78890feb:192.168.164.217:34174], old=null
2019-11-05 08:24:18,842 [grpc-default-executor-0] INFO  impl.RaftServerImpl (RaftServerImpl.java:setRole(184)) - 77ab65e6-d942-49df-83a3-1d4c0bf152b3@group-0DB8C7688BF9: changes role from  FOLLOWER to FOLLOWER at term 231 for recognizeCandidate:4a682f4f-c3f2-4b77-88b7-f0ab78890feb
2019-11-05 08:24:18,842 [grpc-default-executor-4] INFO  impl.RaftServerImpl (RaftServerImpl.java:setRole(184)) - 7e1b84a9-a041-44fd-8008-f2679426984c@group-0DB8C7688BF9: changes role from  FOLLOWER to FOLLOWER at term 231 for recognizeCandidate:4a682f4f-c3f2-4b77-88b7-f0ab78890feb
2019-11-05 08:24:18,842 [grpc-default-executor-0] INFO  impl.RoleInfo (RoleInfo.java:shutdownFollowerState(121)) - 77ab65e6-d942-49df-83a3-1d4c0bf152b3: shutdown FollowerState
2019-11-05 08:24:18,842 [grpc-default-executor-4] INFO  impl.RoleInfo (RoleInfo.java:shutdownFollowerState(121)) - 7e1b84a9-a041-44fd-8008-f2679426984c: shutdown FollowerState
2019-11-05 08:24:18,843 [Thread-3366] INFO  impl.FollowerState (FollowerState.java:run(117)) - 77ab65e6-d942-49df-83a3-1d4c0bf152b3@group-0DB8C7688BF9-FollowerState was interrupted: java.lang.InterruptedException: sleep interrupted
2019-11-05 08:24:18,843 [grpc-default-executor-0] INFO  impl.RoleInfo (RoleInfo.java:updateAndGet(143)) - 77ab65e6-d942-49df-83a3-1d4c0bf152b3: start FollowerState
2019-11-05 08:24:18,843 [Thread-3367] INFO  impl.FollowerState (FollowerState.java:run(117)) - 7e1b84a9-a041-44fd-8008-f2679426984c@group-0DB8C7688BF9-FollowerState was interrupted: java.lang.InterruptedException: sleep interrupted
2019-11-05 08:24:18,843 [grpc-default-executor-4] INFO  impl.RoleInfo (RoleInfo.java:updateAndGet(143)) - 7e1b84a9-a041-44fd-8008-f2679426984c: start FollowerState
2019-11-05 08:24:18,857 [4a682f4f-c3f2-4b77-88b7-f0ab78890feb@group-0DB8C7688BF9-LeaderElection452] INFO  impl.LeaderElection (LeaderElection.java:logAndReturn(56)) - 4a682f4f-c3f2-4b77-88b7-f0ab78890feb@group-0DB8C7688BF9-LeaderElection452: Election REJECTED; received 2 response(s) [4a682f4f-c3f2-4b77-88b7-f0ab78890feb<-77ab65e6-d942-49df-83a3-1d4c0bf152b3#0:FAIL-t231, 4a682f4f-c3f2-4b77-88b7-f0ab78890feb<-7e1b84a9-a041-44fd-8008-f2679426984c#0:FAIL-t231] and 0 exception(s); 4a682f4f-c3f2-4b77-88b7-f0ab78890feb@group-0DB8C7688BF9:t231, leader=null, voted=4a682f4f-c3f2-4b77-88b7-f0ab78890feb, raftlog=4a682f4f-c3f2-4b77-88b7-f0ab78890feb@group-0DB8C7688BF9-SegmentedRaftLog:OPENED:c-1,f-1,i0, conf=-1: [77ab65e6-d942-49df-83a3-1d4c0bf152b3:192.168.164.217:39381, 7e1b84a9-a041-44fd-8008-f2679426984c:192.168.164.217:44149, 4a682f4f-c3f2-4b77-88b7-f0ab78890feb:192.168.164.217:34174], old=null
2019-11-05 08:24:18,857 [4a682f4f-c3f2-4b77-88b7-f0ab78890feb@group-0DB8C7688BF9-LeaderElection452] INFO  impl.RaftServerImpl (RaftServerImpl.java:setRole(184)) - 4a682f4f-c3f2-4b77-88b7-f0ab78890feb@group-0DB8C7688BF9: changes role from CANDIDATE to FOLLOWER at term 231 for DISCOVERED_A_NEW_TERM
2019-11-05 08:24:18,857 [4a682f4f-c3f2-4b77-88b7-f0ab78890feb@group-0DB8C7688BF9-LeaderElection452] INFO  impl.RoleInfo (RoleInfo.java:shutdownLeaderElection(134)) - 4a682f4f-c3f2-4b77-88b7-f0ab78890feb: shutdown LeaderElection
2019-11-05 08:24:18,857 [4a682f4f-c3f2-4b77-88b7-f0ab78890feb@group-0DB8C7688BF9-LeaderElection452] INFO  impl.RoleInfo (RoleInfo.java:updateAndGet(143)) - 4a682f4f-c3f2-4b77-88b7-f0ab78890feb: start FollowerState
2019-11-05 08:24:18,862 [Thread-3379] INFO  impl.FollowerState (FollowerState.java:run(108)) - 4a682f4f-c3f2-4b77-88b7-f0ab78890feb@group-0DB8C7688BF9-FollowerState: change to CANDIDATE, lastRpcTime:5ms, electionTimeout:5ms
2019-11-05 08:24:18,862 [Thread-3379] INFO  impl.RoleInfo (RoleInfo.java:shutdownFollowerState(121)) - 4a682f4f-c3f2-4b77-88b7-f0ab78890feb: shutdown FollowerState
2019-11-05 08:24:18,863 [Thread-3379] INFO  impl.RaftServerImpl (RaftServerImpl.java:setRole(184)) - 4a682f4f-c3f2-4b77-88b7-f0ab78890feb@group-0DB8C7688BF9: changes role from  FOLLOWER to CANDIDATE at term 231 for changeToCandidate
2019-11-05 08:24:18,863 [Thread-3379] INFO  impl.RoleInfo (RoleInfo.java:updateAndGet(143)) - 4a682f4f-c3f2-4b77-88b7-f0ab78890feb: start LeaderElection
2019-11-05 08:24:18,876 [4a682f4f-c3f2-4b77-88b7-f0ab78890feb@group-0DB8C7688BF9-LeaderElection453] INFO  impl.LeaderElection (LeaderElection.java:askForVotes(178)) - 4a682f4f-c3f2-4b77-88b7-f0ab78890feb@group-0DB8C7688BF9-LeaderElection453: begin an election at term 232 for -1: [77ab65e6-d942-49df-83a3-1d4c0bf152b3:192.168.164.217:39381, 7e1b84a9-a041-44fd-8008-f2679426984c:192.168.164.217:44149, 4a682f4f-c3f2-4b77-88b7-f0ab78890feb:192.168.164.217:34174], old=null
2019-11-05 08:24:18,877 [grpc-default-executor-0] INFO  impl.RaftServerImpl (RaftServerImpl.java:setRole(184)) - 77ab65e6-d942-49df-83a3-1d4c0bf152b3@group-0DB8C7688BF9: changes role from  FOLLOWER to FOLLOWER at term 232 for recognizeCandidate:4a682f4f-c3f2-4b77-88b7-f0ab78890feb
2019-11-05 08:24:18,877 [grpc-default-executor-0] INFO  impl.RoleInfo (RoleInfo.java:shutdownFollowerState(121)) - 77ab65e6-d942-49df-83a3-1d4c0bf152b3: shutdown FollowerState
2019-11-05 08:24:18,877 [grpc-default-executor-4] INFO  impl.RaftServerImpl (RaftServerImpl.java:setRole(184)) - 7e1b84a9-a041-44fd-8008-f2679426984c@group-0DB8C7688BF9: changes role from  FOLLOWER to FOLLOWER at term 232 for recognizeCandidate:4a682f4f-c3f2-4b77-88b7-f0ab78890feb
2019-11-05 08:24:18,877 [grpc-default-executor-4] INFO  impl.RoleInfo (RoleInfo.java:shutdownFollowerState(121)) - 7e1b84a9-a041-44fd-8008-f2679426984c: shutdown FollowerState
2019-11-05 08:24:18,877 [Thread-3377] INFO  impl.FollowerState (FollowerState.java:run(117)) - 77ab65e6-d942-49df-83a3-1d4c0bf152b3@group-0DB8C7688BF9-FollowerState was interrupted: java.lang.InterruptedException: sleep interrupted
2019-11-05 08:24:18,877 [grpc-default-executor-0] INFO  impl.RoleInfo (RoleInfo.java:updateAndGet(143)) - 77ab65e6-d942-49df-83a3-1d4c0bf152b3: start FollowerState
2019-11-05 08:24:18,877 [Thread-3378] INFO  impl.FollowerState (FollowerState.java:run(117)) - 7e1b84a9-a041-44fd-8008-f2679426984c@group-0DB8C7688BF9-FollowerState was interrupted: java.lang.InterruptedException: sleep interrupted
2019-11-05 08:24:18,877 [grpc-default-executor-4] INFO  impl.RoleInfo (RoleInfo.java:updateAndGet(143)) - 7e1b84a9-a041-44fd-8008-f2679426984c: start FollowerState
2019-11-05 08:24:18,884 [Thread-3374] INFO  impl.FollowerState (FollowerState.java:run(108)) - a8ae9c07-6d89-4a49-a594-cacd4b776180@group-0E159EE4F99E-FollowerState: change to CANDIDATE, lastRpcTime:44ms, electionTimeout:44ms
2019-11-05 08:24:18,884 [Thread-3374] INFO  impl.RoleInfo (RoleInfo.java:shutdownFollowerState(121)) - a8ae9c07-6d89-4a49-a594-cacd4b776180: shutdown FollowerState
2019-11-05 08:24:18,884 [Thread-3374] INFO  impl.RaftServerImpl (RaftServerImpl.java:setRole(184)) - a8ae9c07-6d89-4a49-a594-cacd4b776180@group-0E159EE4F99E: changes role from  FOLLOWER to CANDIDATE at term 247 for changeToCandidate
2019-11-05 08:24:18,884 [Thread-3374] INFO  impl.RoleInfo (RoleInfo.java:updateAndGet(143)) - a8ae9c07-6d89-4a49-a594-cacd4b776180: start LeaderElection
2019-11-05 08:24:18,891 [a8ae9c07-6d89-4a49-a594-cacd4b776180@group-0E159EE4F99E-LeaderElection454] INFO  impl.LeaderElection (LeaderElection.java:askForVotes(178)) - a8ae9c07-6d89-4a49-a594-cacd4b776180@group-0E159EE4F99E-LeaderElection454: begin an election at term 248 for -1: [caafcba9-090a-41f5-a5f9-cba5a6a81e94:192.168.164.217:37197, a8ae9c07-6d89-4a49-a594-cacd4b776180:192.168.164.217:42719, b3bb9051-8089-4c51-a999-81579e5913f2:192.168.164.217:36516], old=null
2019-11-05 08:24:18,891 [4a682f4f-c3f2-4b77-88b7-f0ab78890feb@group-0DB8C7688BF9-LeaderElection453] INFO  impl.LeaderElection (LeaderElection.java:logAndReturn(56)) - 4a682f4f-c3f2-4b77-88b7-f0ab78890feb@group-0DB8C7688BF9-LeaderElection453: Election REJECTED; received 2 response(s) [4a682f4f-c3f2-4b77-88b7-f0ab78890feb<-77ab65e6-d942-49df-83a3-1d4c0bf152b3#0:FAIL-t232, 4a682f4f-c3f2-4b77-88b7-f0ab78890feb<-7e1b84a9-a041-44fd-8008-f2679426984c#0:FAIL-t232] and 0 exception(s); 4a682f4f-c3f2-4b77-88b7-f0ab78890feb@group-0DB8C7688BF9:t232, leader=null, voted=4a682f4f-c3f2-4b77-88b7-f0ab78890feb, raftlog=4a682f4f-c3f2-4b77-88b7-f0ab78890feb@group-0DB8C7688BF9-SegmentedRaftLog:OPENED:c-1,f-1,i0, conf=-1: [77ab65e6-d942-49df-83a3-1d4c0bf152b3:192.168.164.217:39381, 7e1b84a9-a041-44fd-8008-f2679426984c:192.168.164.217:44149, 4a682f4f-c3f2-4b77-88b7-f0ab78890feb:192.168.164.217:34174], old=null
2019-11-05 08:24:18,891 [a8ae9c07-6d89-4a49-a594-cacd4b776180@group-0E159EE4F99E-LeaderElection454] INFO  impl.LeaderElection (LogUtils.java:infoOrTrace(149)) - a8ae9c07-6d89-4a49-a594-cacd4b776180@group-0E159EE4F99E-LeaderElection454 got exception when requesting votes: {}
java.util.concurrent.ExecutionException: org.apache.ratis.thirdparty.io.grpc.StatusRuntimeException: UNAVAILABLE: io exception
	at java.util.concurrent.FutureTask.report(FutureTask.java:122)
	at java.util.concurrent.FutureTask.get(FutureTask.java:192)
	at org.apache.ratis.server.impl.LeaderElection.waitForResults(LeaderElection.java:259)
	at org.apache.ratis.server.impl.LeaderElection.askForVotes(LeaderElection.java:197)
	at org.apache.ratis.server.impl.LeaderElection.run(LeaderElection.java:133)
	at java.lang.Thread.run(Thread.java:748)
Caused by: org.apache.ratis.thirdparty.io.grpc.StatusRuntimeException: UNAVAILABLE: io exception
	at org.apache.ratis.thirdparty.io.grpc.stub.ClientCalls.toStatusRuntimeException(ClientCalls.java:233)
	at org.apache.ratis.thirdparty.io.grpc.stub.ClientCalls.getUnchecked(ClientCalls.java:214)
	at org.apache.ratis.thirdparty.io.grpc.stub.ClientCalls.blockingUnaryCall(ClientCalls.java:139)
	at org.apache.ratis.proto.grpc.RaftServerProtocolServiceGrpc$RaftServerProtocolServiceBlockingStub.requestVote(RaftServerProtocolServiceGrpc.java:265)
	at org.apache.ratis.grpc.server.GrpcServerProtocolClient.requestVote(GrpcServerProtocolClient.java:99)
	at org.apache.ratis.grpc.server.GrpcService.requestVote(GrpcService.java:204)
	at org.apache.ratis.server.impl.LeaderElection.lambda$submitRequests$1(LeaderElection.java:234)
	at java.util.concurrent.FutureTask.run(FutureTask.java:266)
	at java.util.concurrent.Executors$RunnableAdapter.call(Executors.java:511)
	at java.util.concurrent.FutureTask.run(FutureTask.java:266)
	at java.util.concurrent.ThreadPoolExecutor.runWorker(ThreadPoolExecutor.java:1149)
	at java.util.concurrent.ThreadPoolExecutor$Worker.run(ThreadPoolExecutor.java:624)
	... 1 more
Caused by: org.apache.ratis.thirdparty.io.netty.channel.AbstractChannel$AnnotatedConnectException: Connection refused: /192.168.164.217:37197
	at sun.nio.ch.SocketChannelImpl.checkConnect(Native Method)
	at sun.nio.ch.SocketChannelImpl.finishConnect(SocketChannelImpl.java:717)
	at org.apache.ratis.thirdparty.io.netty.channel.socket.nio.NioSocketChannel.doFinishConnect(NioSocketChannel.java:327)
	at org.apache.ratis.thirdparty.io.netty.channel.nio.AbstractNioChannel$AbstractNioUnsafe.finishConnect(AbstractNioChannel.java:340)
	at org.apache.ratis.thirdparty.io.netty.channel.nio.NioEventLoop.processSelectedKey(NioEventLoop.java:632)
	at org.apache.ratis.thirdparty.io.netty.channel.nio.NioEventLoop.processSelectedKeysOptimized(NioEventLoop.java:579)
	at org.apache.ratis.thirdparty.io.netty.channel.nio.NioEventLoop.processSelectedKeys(NioEventLoop.java:496)
	at org.apache.ratis.thirdparty.io.netty.channel.nio.NioEventLoop.run(NioEventLoop.java:458)
	at org.apache.ratis.thirdparty.io.netty.util.concurrent.SingleThreadEventExecutor$5.run(SingleThreadEventExecutor.java:897)
	at org.apache.ratis.thirdparty.io.netty.util.concurrent.FastThreadLocalRunnable.run(FastThreadLocalRunnable.java:30)
	... 1 more
Caused by: java.net.ConnectException: Connection refused
	... 11 more
2019-11-05 08:24:18,892 [4a682f4f-c3f2-4b77-88b7-f0ab78890feb@group-0DB8C7688BF9-LeaderElection453] INFO  impl.RaftServerImpl (RaftServerImpl.java:setRole(184)) - 4a682f4f-c3f2-4b77-88b7-f0ab78890feb@group-0DB8C7688BF9: changes role from CANDIDATE to FOLLOWER at term 232 for DISCOVERED_A_NEW_TERM
2019-11-05 08:24:18,892 [4a682f4f-c3f2-4b77-88b7-f0ab78890feb@group-0DB8C7688BF9-LeaderElection453] INFO  impl.RoleInfo (RoleInfo.java:shutdownLeaderElection(134)) - 4a682f4f-c3f2-4b77-88b7-f0ab78890feb: shutdown LeaderElection
2019-11-05 08:24:18,892 [4a682f4f-c3f2-4b77-88b7-f0ab78890feb@group-0DB8C7688BF9-LeaderElection453] INFO  impl.RoleInfo (RoleInfo.java:updateAndGet(143)) - 4a682f4f-c3f2-4b77-88b7-f0ab78890feb: start FollowerState
2019-11-05 08:24:18,892 [grpc-default-executor-4] INFO  impl.RaftServerImpl (RaftServerImpl.java:setRole(184)) - b3bb9051-8089-4c51-a999-81579e5913f2@group-0E159EE4F99E: changes role from  FOLLOWER to FOLLOWER at term 248 for recognizeCandidate:a8ae9c07-6d89-4a49-a594-cacd4b776180
2019-11-05 08:24:18,892 [grpc-default-executor-4] INFO  impl.RoleInfo (RoleInfo.java:shutdownFollowerState(121)) - b3bb9051-8089-4c51-a999-81579e5913f2: shutdown FollowerState
2019-11-05 08:24:18,892 [grpc-default-executor-4] INFO  impl.RoleInfo (RoleInfo.java:updateAndGet(143)) - b3bb9051-8089-4c51-a999-81579e5913f2: start FollowerState
2019-11-05 08:24:18,892 [Thread-3372] INFO  impl.FollowerState (FollowerState.java:run(117)) - b3bb9051-8089-4c51-a999-81579e5913f2@group-0E159EE4F99E-FollowerState was interrupted: java.lang.InterruptedException: sleep interrupted
2019-11-05 08:24:18,896 [a8ae9c07-6d89-4a49-a594-cacd4b776180@group-0E159EE4F99E-LeaderElection454] INFO  impl.LeaderElection (LeaderElection.java:logAndReturn(56)) - a8ae9c07-6d89-4a49-a594-cacd4b776180@group-0E159EE4F99E-LeaderElection454: Election REJECTED; received 1 response(s) [a8ae9c07-6d89-4a49-a594-cacd4b776180<-b3bb9051-8089-4c51-a999-81579e5913f2#0:FAIL-t248] and 1 exception(s); a8ae9c07-6d89-4a49-a594-cacd4b776180@group-0E159EE4F99E:t248, leader=null, voted=a8ae9c07-6d89-4a49-a594-cacd4b776180, raftlog=a8ae9c07-6d89-4a49-a594-cacd4b776180@group-0E159EE4F99E-SegmentedRaftLog:OPENED:c-1,f-1,i0, conf=-1: [caafcba9-090a-41f5-a5f9-cba5a6a81e94:192.168.164.217:37197, a8ae9c07-6d89-4a49-a594-cacd4b776180:192.168.164.217:42719, b3bb9051-8089-4c51-a999-81579e5913f2:192.168.164.217:36516], old=null
2019-11-05 08:24:18,896 [a8ae9c07-6d89-4a49-a594-cacd4b776180@group-0E159EE4F99E-LeaderElection454] INFO  impl.LeaderElection (LogUtils.java:infoOrTrace(149)) -   Exception 0: {}
java.util.concurrent.ExecutionException: org.apache.ratis.thirdparty.io.grpc.StatusRuntimeException: UNAVAILABLE: io exception
	at java.util.concurrent.FutureTask.report(FutureTask.java:122)
	at java.util.concurrent.FutureTask.get(FutureTask.java:192)
	at org.apache.ratis.server.impl.LeaderElection.waitForResults(LeaderElection.java:259)
	at org.apache.ratis.server.impl.LeaderElection.askForVotes(LeaderElection.java:197)
	at org.apache.ratis.server.impl.LeaderElection.run(LeaderElection.java:133)
	at java.lang.Thread.run(Thread.java:748)
Caused by: org.apache.ratis.thirdparty.io.grpc.StatusRuntimeException: UNAVAILABLE: io exception
	at org.apache.ratis.thirdparty.io.grpc.stub.ClientCalls.toStatusRuntimeException(ClientCalls.java:233)
	at org.apache.ratis.thirdparty.io.grpc.stub.ClientCalls.getUnchecked(ClientCalls.java:214)
	at org.apache.ratis.thirdparty.io.grpc.stub.ClientCalls.blockingUnaryCall(ClientCalls.java:139)
	at org.apache.ratis.proto.grpc.RaftServerProtocolServiceGrpc$RaftServerProtocolServiceBlockingStub.requestVote(RaftServerProtocolServiceGrpc.java:265)
	at org.apache.ratis.grpc.server.GrpcServerProtocolClient.requestVote(GrpcServerProtocolClient.java:99)
	at org.apache.ratis.grpc.server.GrpcService.requestVote(GrpcService.java:204)
	at org.apache.ratis.server.impl.LeaderElection.lambda$submitRequests$1(LeaderElection.java:234)
	at java.util.concurrent.FutureTask.run(FutureTask.java:266)
	at java.util.concurrent.Executors$RunnableAdapter.call(Executors.java:511)
	at java.util.concurrent.FutureTask.run(FutureTask.java:266)
	at java.util.concurrent.ThreadPoolExecutor.runWorker(ThreadPoolExecutor.java:1149)
	at java.util.concurrent.ThreadPoolExecutor$Worker.run(ThreadPoolExecutor.java:624)
	... 1 more
Caused by: org.apache.ratis.thirdparty.io.netty.channel.AbstractChannel$AnnotatedConnectException: Connection refused: /192.168.164.217:37197
	at sun.nio.ch.SocketChannelImpl.checkConnect(Native Method)
	at sun.nio.ch.SocketChannelImpl.finishConnect(SocketChannelImpl.java:717)
	at org.apache.ratis.thirdparty.io.netty.channel.socket.nio.NioSocketChannel.doFinishConnect(NioSocketChannel.java:327)
	at org.apache.ratis.thirdparty.io.netty.channel.nio.AbstractNioChannel$AbstractNioUnsafe.finishConnect(AbstractNioChannel.java:340)
	at org.apache.ratis.thirdparty.io.netty.channel.nio.NioEventLoop.processSelectedKey(NioEventLoop.java:632)
	at org.apache.ratis.thirdparty.io.netty.channel.nio.NioEventLoop.processSelectedKeysOptimized(NioEventLoop.java:579)
	at org.apache.ratis.thirdparty.io.netty.channel.nio.NioEventLoop.processSelectedKeys(NioEventLoop.java:496)
	at org.apache.ratis.thirdparty.io.netty.channel.nio.NioEventLoop.run(NioEventLoop.java:458)
	at org.apache.ratis.thirdparty.io.netty.util.concurrent.SingleThreadEventExecutor$5.run(SingleThreadEventExecutor.java:897)
	at org.apache.ratis.thirdparty.io.netty.util.concurrent.FastThreadLocalRunnable.run(FastThreadLocalRunnable.java:30)
	... 1 more
Caused by: java.net.ConnectException: Connection refused
	... 11 more
2019-11-05 08:24:18,897 [a8ae9c07-6d89-4a49-a594-cacd4b776180@group-0E159EE4F99E-LeaderElection454] INFO  impl.RaftServerImpl (RaftServerImpl.java:setRole(184)) - a8ae9c07-6d89-4a49-a594-cacd4b776180@group-0E159EE4F99E: changes role from CANDIDATE to FOLLOWER at term 248 for DISCOVERED_A_NEW_TERM
2019-11-05 08:24:18,897 [a8ae9c07-6d89-4a49-a594-cacd4b776180@group-0E159EE4F99E-LeaderElection454] INFO  impl.RoleInfo (RoleInfo.java:shutdownLeaderElection(134)) - a8ae9c07-6d89-4a49-a594-cacd4b776180: shutdown LeaderElection
2019-11-05 08:24:18,897 [a8ae9c07-6d89-4a49-a594-cacd4b776180@group-0E159EE4F99E-LeaderElection454] INFO  impl.RoleInfo (RoleInfo.java:updateAndGet(143)) - a8ae9c07-6d89-4a49-a594-cacd4b776180: start FollowerState
2019-11-05 08:24:18,905 [Thread-3390] INFO  impl.FollowerState (FollowerState.java:run(108)) - a8ae9c07-6d89-4a49-a594-cacd4b776180@group-0E159EE4F99E-FollowerState: change to CANDIDATE, lastRpcTime:8ms, electionTimeout:8ms
2019-11-05 08:24:18,905 [Thread-3390] INFO  impl.RoleInfo (RoleInfo.java:shutdownFollowerState(121)) - a8ae9c07-6d89-4a49-a594-cacd4b776180: shutdown FollowerState
2019-11-05 08:24:18,905 [Thread-3390] INFO  impl.RaftServerImpl (RaftServerImpl.java:setRole(184)) - a8ae9c07-6d89-4a49-a594-cacd4b776180@group-0E159EE4F99E: changes role from  FOLLOWER to CANDIDATE at term 248 for changeToCandidate
2019-11-05 08:24:18,905 [Thread-3390] INFO  impl.RoleInfo (RoleInfo.java:updateAndGet(143)) - a8ae9c07-6d89-4a49-a594-cacd4b776180: start LeaderElection
2019-11-05 08:24:18,906 [Thread-3388] INFO  impl.FollowerState (FollowerState.java:run(108)) - 4a682f4f-c3f2-4b77-88b7-f0ab78890feb@group-0DB8C7688BF9-FollowerState: change to CANDIDATE, lastRpcTime:14ms, electionTimeout:14ms
2019-11-05 08:24:18,906 [Thread-3388] INFO  impl.RoleInfo (RoleInfo.java:shutdownFollowerState(121)) - 4a682f4f-c3f2-4b77-88b7-f0ab78890feb: shutdown FollowerState
2019-11-05 08:24:18,906 [Thread-3388] INFO  impl.RaftServerImpl (RaftServerImpl.java:setRole(184)) - 4a682f4f-c3f2-4b77-88b7-f0ab78890feb@group-0DB8C7688BF9: changes role from  FOLLOWER to CANDIDATE at term 232 for changeToCandidate
2019-11-05 08:24:18,906 [Thread-3388] INFO  impl.RoleInfo (RoleInfo.java:updateAndGet(143)) - 4a682f4f-c3f2-4b77-88b7-f0ab78890feb: start LeaderElection
2019-11-05 08:24:18,929 [a8ae9c07-6d89-4a49-a594-cacd4b776180@group-0E159EE4F99E-LeaderElection455] INFO  impl.LeaderElection (LeaderElection.java:askForVotes(178)) - a8ae9c07-6d89-4a49-a594-cacd4b776180@group-0E159EE4F99E-LeaderElection455: begin an election at term 249 for -1: [caafcba9-090a-41f5-a5f9-cba5a6a81e94:192.168.164.217:37197, a8ae9c07-6d89-4a49-a594-cacd4b776180:192.168.164.217:42719, b3bb9051-8089-4c51-a999-81579e5913f2:192.168.164.217:36516], old=null
2019-11-05 08:24:18,929 [4a682f4f-c3f2-4b77-88b7-f0ab78890feb@group-0DB8C7688BF9-LeaderElection456] INFO  impl.LeaderElection (LeaderElection.java:askForVotes(178)) - 4a682f4f-c3f2-4b77-88b7-f0ab78890feb@group-0DB8C7688BF9-LeaderElection456: begin an election at term 233 for -1: [77ab65e6-d942-49df-83a3-1d4c0bf152b3:192.168.164.217:39381, 7e1b84a9-a041-44fd-8008-f2679426984c:192.168.164.217:44149, 4a682f4f-c3f2-4b77-88b7-f0ab78890feb:192.168.164.217:34174], old=null
2019-11-05 08:24:18,930 [a8ae9c07-6d89-4a49-a594-cacd4b776180@group-0E159EE4F99E-LeaderElection455] INFO  impl.LeaderElection (LogUtils.java:infoOrTrace(149)) - a8ae9c07-6d89-4a49-a594-cacd4b776180@group-0E159EE4F99E-LeaderElection455 got exception when requesting votes: {}
java.util.concurrent.ExecutionException: org.apache.ratis.thirdparty.io.grpc.StatusRuntimeException: UNAVAILABLE: io exception
	at java.util.concurrent.FutureTask.report(FutureTask.java:122)
	at java.util.concurrent.FutureTask.get(FutureTask.java:192)
	at org.apache.ratis.server.impl.LeaderElection.waitForResults(LeaderElection.java:259)
	at org.apache.ratis.server.impl.LeaderElection.askForVotes(LeaderElection.java:197)
	at org.apache.ratis.server.impl.LeaderElection.run(LeaderElection.java:133)
	at java.lang.Thread.run(Thread.java:748)
Caused by: org.apache.ratis.thirdparty.io.grpc.StatusRuntimeException: UNAVAILABLE: io exception
	at org.apache.ratis.thirdparty.io.grpc.stub.ClientCalls.toStatusRuntimeException(ClientCalls.java:233)
	at org.apache.ratis.thirdparty.io.grpc.stub.ClientCalls.getUnchecked(ClientCalls.java:214)
	at org.apache.ratis.thirdparty.io.grpc.stub.ClientCalls.blockingUnaryCall(ClientCalls.java:139)
	at org.apache.ratis.proto.grpc.RaftServerProtocolServiceGrpc$RaftServerProtocolServiceBlockingStub.requestVote(RaftServerProtocolServiceGrpc.java:265)
	at org.apache.ratis.grpc.server.GrpcServerProtocolClient.requestVote(GrpcServerProtocolClient.java:99)
	at org.apache.ratis.grpc.server.GrpcService.requestVote(GrpcService.java:204)
	at org.apache.ratis.server.impl.LeaderElection.lambda$submitRequests$1(LeaderElection.java:234)
	at java.util.concurrent.FutureTask.run(FutureTask.java:266)
	at java.util.concurrent.Executors$RunnableAdapter.call(Executors.java:511)
	at java.util.concurrent.FutureTask.run(FutureTask.java:266)
	at java.util.concurrent.ThreadPoolExecutor.runWorker(ThreadPoolExecutor.java:1149)
	at java.util.concurrent.ThreadPoolExecutor$Worker.run(ThreadPoolExecutor.java:624)
	... 1 more
Caused by: org.apache.ratis.thirdparty.io.netty.channel.AbstractChannel$AnnotatedConnectException: Connection refused: /192.168.164.217:37197
	at sun.nio.ch.SocketChannelImpl.checkConnect(Native Method)
	at sun.nio.ch.SocketChannelImpl.finishConnect(SocketChannelImpl.java:717)
	at org.apache.ratis.thirdparty.io.netty.channel.socket.nio.NioSocketChannel.doFinishConnect(NioSocketChannel.java:327)
	at org.apache.ratis.thirdparty.io.netty.channel.nio.AbstractNioChannel$AbstractNioUnsafe.finishConnect(AbstractNioChannel.java:340)
	at org.apache.ratis.thirdparty.io.netty.channel.nio.NioEventLoop.processSelectedKey(NioEventLoop.java:632)
	at org.apache.ratis.thirdparty.io.netty.channel.nio.NioEventLoop.processSelectedKeysOptimized(NioEventLoop.java:579)
	at org.apache.ratis.thirdparty.io.netty.channel.nio.NioEventLoop.processSelectedKeys(NioEventLoop.java:496)
	at org.apache.ratis.thirdparty.io.netty.channel.nio.NioEventLoop.run(NioEventLoop.java:458)
	at org.apache.ratis.thirdparty.io.netty.util.concurrent.SingleThreadEventExecutor$5.run(SingleThreadEventExecutor.java:897)
	at org.apache.ratis.thirdparty.io.netty.util.concurrent.FastThreadLocalRunnable.run(FastThreadLocalRunnable.java:30)
	... 1 more
Caused by: java.net.ConnectException: Connection refused
	... 11 more
2019-11-05 08:24:18,931 [grpc-default-executor-4] INFO  impl.RaftServerImpl (RaftServerImpl.java:setRole(184)) - b3bb9051-8089-4c51-a999-81579e5913f2@group-0E159EE4F99E: changes role from  FOLLOWER to FOLLOWER at term 249 for recognizeCandidate:a8ae9c07-6d89-4a49-a594-cacd4b776180
2019-11-05 08:24:18,931 [grpc-default-executor-4] INFO  impl.RoleInfo (RoleInfo.java:shutdownFollowerState(121)) - b3bb9051-8089-4c51-a999-81579e5913f2: shutdown FollowerState
2019-11-05 08:24:18,931 [grpc-default-executor-4] INFO  impl.RoleInfo (RoleInfo.java:updateAndGet(143)) - b3bb9051-8089-4c51-a999-81579e5913f2: start FollowerState
2019-11-05 08:24:18,931 [Thread-3389] INFO  impl.FollowerState (FollowerState.java:run(117)) - b3bb9051-8089-4c51-a999-81579e5913f2@group-0E159EE4F99E-FollowerState was interrupted: java.lang.InterruptedException: sleep interrupted
2019-11-05 08:24:18,931 [grpc-default-executor-0] INFO  impl.RaftServerImpl (RaftServerImpl.java:setRole(184)) - 77ab65e6-d942-49df-83a3-1d4c0bf152b3@group-0DB8C7688BF9: changes role from  FOLLOWER to FOLLOWER at term 233 for recognizeCandidate:4a682f4f-c3f2-4b77-88b7-f0ab78890feb
2019-11-05 08:24:18,931 [grpc-default-executor-0] INFO  impl.RoleInfo (RoleInfo.java:shutdownFollowerState(121)) - 77ab65e6-d942-49df-83a3-1d4c0bf152b3: shutdown FollowerState
2019-11-05 08:24:18,932 [grpc-default-executor-0] INFO  impl.RoleInfo (RoleInfo.java:updateAndGet(143)) - 77ab65e6-d942-49df-83a3-1d4c0bf152b3: start FollowerState
2019-11-05 08:24:18,932 [Thread-3383] INFO  impl.FollowerState (FollowerState.java:run(117)) - 77ab65e6-d942-49df-83a3-1d4c0bf152b3@group-0DB8C7688BF9-FollowerState was interrupted: java.lang.InterruptedException: sleep interrupted
2019-11-05 08:24:18,932 [grpc-default-executor-3] INFO  impl.RaftServerImpl (RaftServerImpl.java:setRole(184)) - 7e1b84a9-a041-44fd-8008-f2679426984c@group-0DB8C7688BF9: changes role from  FOLLOWER to FOLLOWER at term 233 for recognizeCandidate:4a682f4f-c3f2-4b77-88b7-f0ab78890feb
2019-11-05 08:24:18,932 [grpc-default-executor-3] INFO  impl.RoleInfo (RoleInfo.java:shutdownFollowerState(121)) - 7e1b84a9-a041-44fd-8008-f2679426984c: shutdown FollowerState
2019-11-05 08:24:18,933 [Thread-3384] INFO  impl.FollowerState (FollowerState.java:run(117)) - 7e1b84a9-a041-44fd-8008-f2679426984c@group-0DB8C7688BF9-FollowerState was interrupted: java.lang.InterruptedException: sleep interrupted
2019-11-05 08:24:18,933 [grpc-default-executor-3] INFO  impl.RoleInfo (RoleInfo.java:updateAndGet(143)) - 7e1b84a9-a041-44fd-8008-f2679426984c: start FollowerState
2019-11-05 08:24:18,944 [a8ae9c07-6d89-4a49-a594-cacd4b776180@group-0E159EE4F99E-LeaderElection455] INFO  impl.LeaderElection (LeaderElection.java:logAndReturn(56)) - a8ae9c07-6d89-4a49-a594-cacd4b776180@group-0E159EE4F99E-LeaderElection455: Election REJECTED; received 1 response(s) [a8ae9c07-6d89-4a49-a594-cacd4b776180<-b3bb9051-8089-4c51-a999-81579e5913f2#0:FAIL-t249] and 1 exception(s); a8ae9c07-6d89-4a49-a594-cacd4b776180@group-0E159EE4F99E:t249, leader=null, voted=a8ae9c07-6d89-4a49-a594-cacd4b776180, raftlog=a8ae9c07-6d89-4a49-a594-cacd4b776180@group-0E159EE4F99E-SegmentedRaftLog:OPENED:c-1,f-1,i0, conf=-1: [caafcba9-090a-41f5-a5f9-cba5a6a81e94:192.168.164.217:37197, a8ae9c07-6d89-4a49-a594-cacd4b776180:192.168.164.217:42719, b3bb9051-8089-4c51-a999-81579e5913f2:192.168.164.217:36516], old=null
2019-11-05 08:24:18,944 [4a682f4f-c3f2-4b77-88b7-f0ab78890feb@group-0DB8C7688BF9-LeaderElection456] INFO  impl.LeaderElection (LeaderElection.java:logAndReturn(56)) - 4a682f4f-c3f2-4b77-88b7-f0ab78890feb@group-0DB8C7688BF9-LeaderElection456: Election REJECTED; received 2 response(s) [4a682f4f-c3f2-4b77-88b7-f0ab78890feb<-77ab65e6-d942-49df-83a3-1d4c0bf152b3#0:FAIL-t233, 4a682f4f-c3f2-4b77-88b7-f0ab78890feb<-7e1b84a9-a041-44fd-8008-f2679426984c#0:FAIL-t233] and 0 exception(s); 4a682f4f-c3f2-4b77-88b7-f0ab78890feb@group-0DB8C7688BF9:t233, leader=null, voted=4a682f4f-c3f2-4b77-88b7-f0ab78890feb, raftlog=4a682f4f-c3f2-4b77-88b7-f0ab78890feb@group-0DB8C7688BF9-SegmentedRaftLog:OPENED:c-1,f-1,i0, conf=-1: [77ab65e6-d942-49df-83a3-1d4c0bf152b3:192.168.164.217:39381, 7e1b84a9-a041-44fd-8008-f2679426984c:192.168.164.217:44149, 4a682f4f-c3f2-4b77-88b7-f0ab78890feb:192.168.164.217:34174], old=null
2019-11-05 08:24:18,945 [a8ae9c07-6d89-4a49-a594-cacd4b776180@group-0E159EE4F99E-LeaderElection455] INFO  impl.LeaderElection (LogUtils.java:infoOrTrace(149)) -   Exception 0: {}
java.util.concurrent.ExecutionException: org.apache.ratis.thirdparty.io.grpc.StatusRuntimeException: UNAVAILABLE: io exception
	at java.util.concurrent.FutureTask.report(FutureTask.java:122)
	at java.util.concurrent.FutureTask.get(FutureTask.java:192)
	at org.apache.ratis.server.impl.LeaderElection.waitForResults(LeaderElection.java:259)
	at org.apache.ratis.server.impl.LeaderElection.askForVotes(LeaderElection.java:197)
	at org.apache.ratis.server.impl.LeaderElection.run(LeaderElection.java:133)
	at java.lang.Thread.run(Thread.java:748)
Caused by: org.apache.ratis.thirdparty.io.grpc.StatusRuntimeException: UNAVAILABLE: io exception
	at org.apache.ratis.thirdparty.io.grpc.stub.ClientCalls.toStatusRuntimeException(ClientCalls.java:233)
	at org.apache.ratis.thirdparty.io.grpc.stub.ClientCalls.getUnchecked(ClientCalls.java:214)
	at org.apache.ratis.thirdparty.io.grpc.stub.ClientCalls.blockingUnaryCall(ClientCalls.java:139)
	at org.apache.ratis.proto.grpc.RaftServerProtocolServiceGrpc$RaftServerProtocolServiceBlockingStub.requestVote(RaftServerProtocolServiceGrpc.java:265)
	at org.apache.ratis.grpc.server.GrpcServerProtocolClient.requestVote(GrpcServerProtocolClient.java:99)
	at org.apache.ratis.grpc.server.GrpcService.requestVote(GrpcService.java:204)
	at org.apache.ratis.server.impl.LeaderElection.lambda$submitRequests$1(LeaderElection.java:234)
	at java.util.concurrent.FutureTask.run(FutureTask.java:266)
	at java.util.concurrent.Executors$RunnableAdapter.call(Executors.java:511)
	at java.util.concurrent.FutureTask.run(FutureTask.java:266)
	at java.util.concurrent.ThreadPoolExecutor.runWorker(ThreadPoolExecutor.java:1149)
	at java.util.concurrent.ThreadPoolExecutor$Worker.run(ThreadPoolExecutor.java:624)
	... 1 more
Caused by: org.apache.ratis.thirdparty.io.netty.channel.AbstractChannel$AnnotatedConnectException: Connection refused: /192.168.164.217:37197
	at sun.nio.ch.SocketChannelImpl.checkConnect(Native Method)
	at sun.nio.ch.SocketChannelImpl.finishConnect(SocketChannelImpl.java:717)
	at org.apache.ratis.thirdparty.io.netty.channel.socket.nio.NioSocketChannel.doFinishConnect(NioSocketChannel.java:327)
	at org.apache.ratis.thirdparty.io.netty.channel.nio.AbstractNioChannel$AbstractNioUnsafe.finishConnect(AbstractNioChannel.java:340)
	at org.apache.ratis.thirdparty.io.netty.channel.nio.NioEventLoop.processSelectedKey(NioEventLoop.java:632)
	at org.apache.ratis.thirdparty.io.netty.channel.nio.NioEventLoop.processSelectedKeysOptimized(NioEventLoop.java:579)
	at org.apache.ratis.thirdparty.io.netty.channel.nio.NioEventLoop.processSelectedKeys(NioEventLoop.java:496)
	at org.apache.ratis.thirdparty.io.netty.channel.nio.NioEventLoop.run(NioEventLoop.java:458)
	at org.apache.ratis.thirdparty.io.netty.util.concurrent.SingleThreadEventExecutor$5.run(SingleThreadEventExecutor.java:897)
	at org.apache.ratis.thirdparty.io.netty.util.concurrent.FastThreadLocalRunnable.run(FastThreadLocalRunnable.java:30)
	... 1 more
Caused by: java.net.ConnectException: Connection refused
	... 11 more
2019-11-05 08:24:18,945 [4a682f4f-c3f2-4b77-88b7-f0ab78890feb@group-0DB8C7688BF9-LeaderElection456] INFO  impl.RaftServerImpl (RaftServerImpl.java:setRole(184)) - 4a682f4f-c3f2-4b77-88b7-f0ab78890feb@group-0DB8C7688BF9: changes role from CANDIDATE to FOLLOWER at term 233 for DISCOVERED_A_NEW_TERM
2019-11-05 08:24:18,946 [a8ae9c07-6d89-4a49-a594-cacd4b776180@group-0E159EE4F99E-LeaderElection455] INFO  impl.RaftServerImpl (RaftServerImpl.java:setRole(184)) - a8ae9c07-6d89-4a49-a594-cacd4b776180@group-0E159EE4F99E: changes role from CANDIDATE to FOLLOWER at term 249 for DISCOVERED_A_NEW_TERM
2019-11-05 08:24:18,946 [4a682f4f-c3f2-4b77-88b7-f0ab78890feb@group-0DB8C7688BF9-LeaderElection456] INFO  impl.RoleInfo (RoleInfo.java:shutdownLeaderElection(134)) - 4a682f4f-c3f2-4b77-88b7-f0ab78890feb: shutdown LeaderElection
2019-11-05 08:24:18,946 [a8ae9c07-6d89-4a49-a594-cacd4b776180@group-0E159EE4F99E-LeaderElection455] INFO  impl.RoleInfo (RoleInfo.java:shutdownLeaderElection(134)) - a8ae9c07-6d89-4a49-a594-cacd4b776180: shutdown LeaderElection
2019-11-05 08:24:18,946 [4a682f4f-c3f2-4b77-88b7-f0ab78890feb@group-0DB8C7688BF9-LeaderElection456] INFO  impl.RoleInfo (RoleInfo.java:updateAndGet(143)) - 4a682f4f-c3f2-4b77-88b7-f0ab78890feb: start FollowerState
2019-11-05 08:24:18,946 [a8ae9c07-6d89-4a49-a594-cacd4b776180@group-0E159EE4F99E-LeaderElection455] INFO  impl.RoleInfo (RoleInfo.java:updateAndGet(143)) - a8ae9c07-6d89-4a49-a594-cacd4b776180: start FollowerState
2019-11-05 08:24:18,961 [Thread-3400] INFO  impl.FollowerState (FollowerState.java:run(108)) - 4a682f4f-c3f2-4b77-88b7-f0ab78890feb@group-0DB8C7688BF9-FollowerState: change to CANDIDATE, lastRpcTime:14ms, electionTimeout:14ms
2019-11-05 08:24:18,961 [Thread-3400] INFO  impl.RoleInfo (RoleInfo.java:shutdownFollowerState(121)) - 4a682f4f-c3f2-4b77-88b7-f0ab78890feb: shutdown FollowerState
2019-11-05 08:24:18,961 [Thread-3400] INFO  impl.RaftServerImpl (RaftServerImpl.java:setRole(184)) - 4a682f4f-c3f2-4b77-88b7-f0ab78890feb@group-0DB8C7688BF9: changes role from  FOLLOWER to CANDIDATE at term 233 for changeToCandidate
2019-11-05 08:24:18,961 [Thread-3400] INFO  impl.RoleInfo (RoleInfo.java:updateAndGet(143)) - 4a682f4f-c3f2-4b77-88b7-f0ab78890feb: start LeaderElection
2019-11-05 08:24:18,974 [4a682f4f-c3f2-4b77-88b7-f0ab78890feb@group-0DB8C7688BF9-LeaderElection457] INFO  impl.LeaderElection (LeaderElection.java:askForVotes(178)) - 4a682f4f-c3f2-4b77-88b7-f0ab78890feb@group-0DB8C7688BF9-LeaderElection457: begin an election at term 234 for -1: [77ab65e6-d942-49df-83a3-1d4c0bf152b3:192.168.164.217:39381, 7e1b84a9-a041-44fd-8008-f2679426984c:192.168.164.217:44149, 4a682f4f-c3f2-4b77-88b7-f0ab78890feb:192.168.164.217:34174], old=null
2019-11-05 08:24:18,976 [grpc-default-executor-0] INFO  impl.RaftServerImpl (RaftServerImpl.java:setRole(184)) - 7e1b84a9-a041-44fd-8008-f2679426984c@group-0DB8C7688BF9: changes role from  FOLLOWER to FOLLOWER at term 234 for recognizeCandidate:4a682f4f-c3f2-4b77-88b7-f0ab78890feb
2019-11-05 08:24:18,976 [grpc-default-executor-0] INFO  impl.RoleInfo (RoleInfo.java:shutdownFollowerState(121)) - 7e1b84a9-a041-44fd-8008-f2679426984c: shutdown FollowerState
2019-11-05 08:24:18,976 [grpc-default-executor-0] INFO  impl.RoleInfo (RoleInfo.java:updateAndGet(143)) - 7e1b84a9-a041-44fd-8008-f2679426984c: start FollowerState
2019-11-05 08:24:18,976 [Thread-3399] INFO  impl.FollowerState (FollowerState.java:run(117)) - 7e1b84a9-a041-44fd-8008-f2679426984c@group-0DB8C7688BF9-FollowerState was interrupted: java.lang.InterruptedException: sleep interrupted
2019-11-05 08:24:18,976 [grpc-default-executor-3] INFO  impl.RaftServerImpl (RaftServerImpl.java:setRole(184)) - 77ab65e6-d942-49df-83a3-1d4c0bf152b3@group-0DB8C7688BF9: changes role from  FOLLOWER to FOLLOWER at term 234 for recognizeCandidate:4a682f4f-c3f2-4b77-88b7-f0ab78890feb
2019-11-05 08:24:18,977 [grpc-default-executor-3] INFO  impl.RoleInfo (RoleInfo.java:shutdownFollowerState(121)) - 77ab65e6-d942-49df-83a3-1d4c0bf152b3: shutdown FollowerState
2019-11-05 08:24:18,977 [grpc-default-executor-3] INFO  impl.RoleInfo (RoleInfo.java:updateAndGet(143)) - 77ab65e6-d942-49df-83a3-1d4c0bf152b3: start FollowerState
2019-11-05 08:24:18,977 [Thread-3398] INFO  impl.FollowerState (FollowerState.java:run(117)) - 77ab65e6-d942-49df-83a3-1d4c0bf152b3@group-0DB8C7688BF9-FollowerState was interrupted: java.lang.InterruptedException: sleep interrupted
2019-11-05 08:24:18,990 [4a682f4f-c3f2-4b77-88b7-f0ab78890feb@group-0DB8C7688BF9-LeaderElection457] INFO  impl.LeaderElection (LeaderElection.java:logAndReturn(56)) - 4a682f4f-c3f2-4b77-88b7-f0ab78890feb@group-0DB8C7688BF9-LeaderElection457: Election REJECTED; received 2 response(s) [4a682f4f-c3f2-4b77-88b7-f0ab78890feb<-77ab65e6-d942-49df-83a3-1d4c0bf152b3#0:FAIL-t234, 4a682f4f-c3f2-4b77-88b7-f0ab78890feb<-7e1b84a9-a041-44fd-8008-f2679426984c#0:FAIL-t234] and 0 exception(s); 4a682f4f-c3f2-4b77-88b7-f0ab78890feb@group-0DB8C7688BF9:t234, leader=null, voted=4a682f4f-c3f2-4b77-88b7-f0ab78890feb, raftlog=4a682f4f-c3f2-4b77-88b7-f0ab78890feb@group-0DB8C7688BF9-SegmentedRaftLog:OPENED:c-1,f-1,i0, conf=-1: [77ab65e6-d942-49df-83a3-1d4c0bf152b3:192.168.164.217:39381, 7e1b84a9-a041-44fd-8008-f2679426984c:192.168.164.217:44149, 4a682f4f-c3f2-4b77-88b7-f0ab78890feb:192.168.164.217:34174], old=null
2019-11-05 08:24:18,991 [4a682f4f-c3f2-4b77-88b7-f0ab78890feb@group-0DB8C7688BF9-LeaderElection457] INFO  impl.RaftServerImpl (RaftServerImpl.java:setRole(184)) - 4a682f4f-c3f2-4b77-88b7-f0ab78890feb@group-0DB8C7688BF9: changes role from CANDIDATE to FOLLOWER at term 234 for DISCOVERED_A_NEW_TERM
2019-11-05 08:24:18,991 [4a682f4f-c3f2-4b77-88b7-f0ab78890feb@group-0DB8C7688BF9-LeaderElection457] INFO  impl.RoleInfo (RoleInfo.java:shutdownLeaderElection(134)) - 4a682f4f-c3f2-4b77-88b7-f0ab78890feb: shutdown LeaderElection
2019-11-05 08:24:18,991 [4a682f4f-c3f2-4b77-88b7-f0ab78890feb@group-0DB8C7688BF9-LeaderElection457] INFO  impl.RoleInfo (RoleInfo.java:updateAndGet(143)) - 4a682f4f-c3f2-4b77-88b7-f0ab78890feb: start FollowerState
2019-11-05 08:24:19,031 [Thread-3407] INFO  impl.FollowerState (FollowerState.java:run(108)) - 4a682f4f-c3f2-4b77-88b7-f0ab78890feb@group-0DB8C7688BF9-FollowerState: change to CANDIDATE, lastRpcTime:40ms, electionTimeout:40ms
2019-11-05 08:24:19,031 [Thread-3407] INFO  impl.RoleInfo (RoleInfo.java:shutdownFollowerState(121)) - 4a682f4f-c3f2-4b77-88b7-f0ab78890feb: shutdown FollowerState
2019-11-05 08:24:19,032 [Thread-3407] INFO  impl.RaftServerImpl (RaftServerImpl.java:setRole(184)) - 4a682f4f-c3f2-4b77-88b7-f0ab78890feb@group-0DB8C7688BF9: changes role from  FOLLOWER to CANDIDATE at term 234 for changeToCandidate
2019-11-05 08:24:19,032 [Thread-3407] INFO  impl.RoleInfo (RoleInfo.java:updateAndGet(143)) - 4a682f4f-c3f2-4b77-88b7-f0ab78890feb: start LeaderElection
2019-11-05 08:24:19,052 [Thread-3401] INFO  impl.FollowerState (FollowerState.java:run(108)) - a8ae9c07-6d89-4a49-a594-cacd4b776180@group-0E159EE4F99E-FollowerState: change to CANDIDATE, lastRpcTime:105ms, electionTimeout:105ms
2019-11-05 08:24:19,052 [Thread-3401] INFO  impl.RoleInfo (RoleInfo.java:shutdownFollowerState(121)) - a8ae9c07-6d89-4a49-a594-cacd4b776180: shutdown FollowerState
2019-11-05 08:24:19,052 [Thread-3401] INFO  impl.RaftServerImpl (RaftServerImpl.java:setRole(184)) - a8ae9c07-6d89-4a49-a594-cacd4b776180@group-0E159EE4F99E: changes role from  FOLLOWER to CANDIDATE at term 249 for changeToCandidate
2019-11-05 08:24:19,052 [Thread-3401] INFO  impl.RoleInfo (RoleInfo.java:updateAndGet(143)) - a8ae9c07-6d89-4a49-a594-cacd4b776180: start LeaderElection
2019-11-05 08:24:19,053 [4a682f4f-c3f2-4b77-88b7-f0ab78890feb@group-0DB8C7688BF9-LeaderElection458] INFO  impl.LeaderElection (LeaderElection.java:askForVotes(178)) - 4a682f4f-c3f2-4b77-88b7-f0ab78890feb@group-0DB8C7688BF9-LeaderElection458: begin an election at term 235 for -1: [77ab65e6-d942-49df-83a3-1d4c0bf152b3:192.168.164.217:39381, 7e1b84a9-a041-44fd-8008-f2679426984c:192.168.164.217:44149, 4a682f4f-c3f2-4b77-88b7-f0ab78890feb:192.168.164.217:34174], old=null
2019-11-05 08:24:19,054 [grpc-default-executor-0] INFO  impl.RaftServerImpl (RaftServerImpl.java:setRole(184)) - 77ab65e6-d942-49df-83a3-1d4c0bf152b3@group-0DB8C7688BF9: changes role from  FOLLOWER to FOLLOWER at term 235 for recognizeCandidate:4a682f4f-c3f2-4b77-88b7-f0ab78890feb
2019-11-05 08:24:19,055 [grpc-default-executor-0] INFO  impl.RoleInfo (RoleInfo.java:shutdownFollowerState(121)) - 77ab65e6-d942-49df-83a3-1d4c0bf152b3: shutdown FollowerState
2019-11-05 08:24:19,054 [grpc-default-executor-3] INFO  impl.RaftServerImpl (RaftServerImpl.java:setRole(184)) - 7e1b84a9-a041-44fd-8008-f2679426984c@group-0DB8C7688BF9: changes role from  FOLLOWER to FOLLOWER at term 235 for recognizeCandidate:4a682f4f-c3f2-4b77-88b7-f0ab78890feb
2019-11-05 08:24:19,055 [Thread-3406] INFO  impl.FollowerState (FollowerState.java:run(117)) - 77ab65e6-d942-49df-83a3-1d4c0bf152b3@group-0DB8C7688BF9-FollowerState was interrupted: java.lang.InterruptedException: sleep interrupted
2019-11-05 08:24:19,055 [grpc-default-executor-0] INFO  impl.RoleInfo (RoleInfo.java:updateAndGet(143)) - 77ab65e6-d942-49df-83a3-1d4c0bf152b3: start FollowerState
2019-11-05 08:24:19,055 [a8ae9c07-6d89-4a49-a594-cacd4b776180@group-0E159EE4F99E-LeaderElection459] INFO  impl.LeaderElection (LeaderElection.java:askForVotes(178)) - a8ae9c07-6d89-4a49-a594-cacd4b776180@group-0E159EE4F99E-LeaderElection459: begin an election at term 250 for -1: [caafcba9-090a-41f5-a5f9-cba5a6a81e94:192.168.164.217:37197, a8ae9c07-6d89-4a49-a594-cacd4b776180:192.168.164.217:42719, b3bb9051-8089-4c51-a999-81579e5913f2:192.168.164.217:36516], old=null
2019-11-05 08:24:19,055 [grpc-default-executor-3] INFO  impl.RoleInfo (RoleInfo.java:shutdownFollowerState(121)) - 7e1b84a9-a041-44fd-8008-f2679426984c: shutdown FollowerState
2019-11-05 08:24:19,055 [grpc-default-executor-3] INFO  impl.RoleInfo (RoleInfo.java:updateAndGet(143)) - 7e1b84a9-a041-44fd-8008-f2679426984c: start FollowerState
2019-11-05 08:24:19,055 [Thread-3405] INFO  impl.FollowerState (FollowerState.java:run(117)) - 7e1b84a9-a041-44fd-8008-f2679426984c@group-0DB8C7688BF9-FollowerState was interrupted: java.lang.InterruptedException: sleep interrupted
2019-11-05 08:24:19,056 [a8ae9c07-6d89-4a49-a594-cacd4b776180@group-0E159EE4F99E-LeaderElection459] INFO  impl.LeaderElection (LogUtils.java:infoOrTrace(149)) - a8ae9c07-6d89-4a49-a594-cacd4b776180@group-0E159EE4F99E-LeaderElection459 got exception when requesting votes: {}
java.util.concurrent.ExecutionException: org.apache.ratis.thirdparty.io.grpc.StatusRuntimeException: UNAVAILABLE: io exception
	at java.util.concurrent.FutureTask.report(FutureTask.java:122)
	at java.util.concurrent.FutureTask.get(FutureTask.java:192)
	at org.apache.ratis.server.impl.LeaderElection.waitForResults(LeaderElection.java:259)
	at org.apache.ratis.server.impl.LeaderElection.askForVotes(LeaderElection.java:197)
	at org.apache.ratis.server.impl.LeaderElection.run(LeaderElection.java:133)
	at java.lang.Thread.run(Thread.java:748)
Caused by: org.apache.ratis.thirdparty.io.grpc.StatusRuntimeException: UNAVAILABLE: io exception
	at org.apache.ratis.thirdparty.io.grpc.stub.ClientCalls.toStatusRuntimeException(ClientCalls.java:233)
	at org.apache.ratis.thirdparty.io.grpc.stub.ClientCalls.getUnchecked(ClientCalls.java:214)
	at org.apache.ratis.thirdparty.io.grpc.stub.ClientCalls.blockingUnaryCall(ClientCalls.java:139)
	at org.apache.ratis.proto.grpc.RaftServerProtocolServiceGrpc$RaftServerProtocolServiceBlockingStub.requestVote(RaftServerProtocolServiceGrpc.java:265)
	at org.apache.ratis.grpc.server.GrpcServerProtocolClient.requestVote(GrpcServerProtocolClient.java:99)
	at org.apache.ratis.grpc.server.GrpcService.requestVote(GrpcService.java:204)
	at org.apache.ratis.server.impl.LeaderElection.lambda$submitRequests$1(LeaderElection.java:234)
	at java.util.concurrent.FutureTask.run(FutureTask.java:266)
	at java.util.concurrent.Executors$RunnableAdapter.call(Executors.java:511)
	at java.util.concurrent.FutureTask.run(FutureTask.java:266)
	at java.util.concurrent.ThreadPoolExecutor.runWorker(ThreadPoolExecutor.java:1149)
	at java.util.concurrent.ThreadPoolExecutor$Worker.run(ThreadPoolExecutor.java:624)
	... 1 more
Caused by: org.apache.ratis.thirdparty.io.netty.channel.AbstractChannel$AnnotatedConnectException: Connection refused: /192.168.164.217:37197
	at sun.nio.ch.SocketChannelImpl.checkConnect(Native Method)
	at sun.nio.ch.SocketChannelImpl.finishConnect(SocketChannelImpl.java:717)
	at org.apache.ratis.thirdparty.io.netty.channel.socket.nio.NioSocketChannel.doFinishConnect(NioSocketChannel.java:327)
	at org.apache.ratis.thirdparty.io.netty.channel.nio.AbstractNioChannel$AbstractNioUnsafe.finishConnect(AbstractNioChannel.java:340)
	at org.apache.ratis.thirdparty.io.netty.channel.nio.NioEventLoop.processSelectedKey(NioEventLoop.java:632)
	at org.apache.ratis.thirdparty.io.netty.channel.nio.NioEventLoop.processSelectedKeysOptimized(NioEventLoop.java:579)
	at org.apache.ratis.thirdparty.io.netty.channel.nio.NioEventLoop.processSelectedKeys(NioEventLoop.java:496)
	at org.apache.ratis.thirdparty.io.netty.channel.nio.NioEventLoop.run(NioEventLoop.java:458)
	at org.apache.ratis.thirdparty.io.netty.util.concurrent.SingleThreadEventExecutor$5.run(SingleThreadEventExecutor.java:897)
	at org.apache.ratis.thirdparty.io.netty.util.concurrent.FastThreadLocalRunnable.run(FastThreadLocalRunnable.java:30)
	... 1 more
Caused by: java.net.ConnectException: Connection refused
	... 11 more
2019-11-05 08:24:19,057 [grpc-default-executor-4] INFO  impl.RaftServerImpl (RaftServerImpl.java:setRole(184)) - b3bb9051-8089-4c51-a999-81579e5913f2@group-0E159EE4F99E: changes role from  FOLLOWER to FOLLOWER at term 250 for recognizeCandidate:a8ae9c07-6d89-4a49-a594-cacd4b776180
2019-11-05 08:24:19,057 [grpc-default-executor-4] INFO  impl.RoleInfo (RoleInfo.java:shutdownFollowerState(121)) - b3bb9051-8089-4c51-a999-81579e5913f2: shutdown FollowerState
2019-11-05 08:24:19,057 [grpc-default-executor-4] INFO  impl.RoleInfo (RoleInfo.java:updateAndGet(143)) - b3bb9051-8089-4c51-a999-81579e5913f2: start FollowerState
2019-11-05 08:24:19,057 [Thread-3397] INFO  impl.FollowerState (FollowerState.java:run(117)) - b3bb9051-8089-4c51-a999-81579e5913f2@group-0E159EE4F99E-FollowerState was interrupted: java.lang.InterruptedException: sleep interrupted
2019-11-05 08:24:19,069 [4a682f4f-c3f2-4b77-88b7-f0ab78890feb@group-0DB8C7688BF9-LeaderElection458] INFO  impl.LeaderElection (LeaderElection.java:logAndReturn(56)) - 4a682f4f-c3f2-4b77-88b7-f0ab78890feb@group-0DB8C7688BF9-LeaderElection458: Election REJECTED; received 2 response(s) [4a682f4f-c3f2-4b77-88b7-f0ab78890feb<-77ab65e6-d942-49df-83a3-1d4c0bf152b3#0:FAIL-t235, 4a682f4f-c3f2-4b77-88b7-f0ab78890feb<-7e1b84a9-a041-44fd-8008-f2679426984c#0:FAIL-t235] and 0 exception(s); 4a682f4f-c3f2-4b77-88b7-f0ab78890feb@group-0DB8C7688BF9:t235, leader=null, voted=4a682f4f-c3f2-4b77-88b7-f0ab78890feb, raftlog=4a682f4f-c3f2-4b77-88b7-f0ab78890feb@group-0DB8C7688BF9-SegmentedRaftLog:OPENED:c-1,f-1,i0, conf=-1: [77ab65e6-d942-49df-83a3-1d4c0bf152b3:192.168.164.217:39381, 7e1b84a9-a041-44fd-8008-f2679426984c:192.168.164.217:44149, 4a682f4f-c3f2-4b77-88b7-f0ab78890feb:192.168.164.217:34174], old=null
2019-11-05 08:24:19,069 [4a682f4f-c3f2-4b77-88b7-f0ab78890feb@group-0DB8C7688BF9-LeaderElection458] INFO  impl.RaftServerImpl (RaftServerImpl.java:setRole(184)) - 4a682f4f-c3f2-4b77-88b7-f0ab78890feb@group-0DB8C7688BF9: changes role from CANDIDATE to FOLLOWER at term 235 for DISCOVERED_A_NEW_TERM
2019-11-05 08:24:19,069 [4a682f4f-c3f2-4b77-88b7-f0ab78890feb@group-0DB8C7688BF9-LeaderElection458] INFO  impl.RoleInfo (RoleInfo.java:shutdownLeaderElection(134)) - 4a682f4f-c3f2-4b77-88b7-f0ab78890feb: shutdown LeaderElection
2019-11-05 08:24:19,069 [a8ae9c07-6d89-4a49-a594-cacd4b776180@group-0E159EE4F99E-LeaderElection459] INFO  impl.LeaderElection (LeaderElection.java:logAndReturn(56)) - a8ae9c07-6d89-4a49-a594-cacd4b776180@group-0E159EE4F99E-LeaderElection459: Election REJECTED; received 1 response(s) [a8ae9c07-6d89-4a49-a594-cacd4b776180<-b3bb9051-8089-4c51-a999-81579e5913f2#0:FAIL-t250] and 1 exception(s); a8ae9c07-6d89-4a49-a594-cacd4b776180@group-0E159EE4F99E:t250, leader=null, voted=a8ae9c07-6d89-4a49-a594-cacd4b776180, raftlog=a8ae9c07-6d89-4a49-a594-cacd4b776180@group-0E159EE4F99E-SegmentedRaftLog:OPENED:c-1,f-1,i0, conf=-1: [caafcba9-090a-41f5-a5f9-cba5a6a81e94:192.168.164.217:37197, a8ae9c07-6d89-4a49-a594-cacd4b776180:192.168.164.217:42719, b3bb9051-8089-4c51-a999-81579e5913f2:192.168.164.217:36516], old=null
2019-11-05 08:24:19,070 [4a682f4f-c3f2-4b77-88b7-f0ab78890feb@group-0DB8C7688BF9-LeaderElection458] INFO  impl.RoleInfo (RoleInfo.java:updateAndGet(143)) - 4a682f4f-c3f2-4b77-88b7-f0ab78890feb: start FollowerState
2019-11-05 08:24:19,070 [a8ae9c07-6d89-4a49-a594-cacd4b776180@group-0E159EE4F99E-LeaderElection459] INFO  impl.LeaderElection (LogUtils.java:infoOrTrace(149)) -   Exception 0: {}
java.util.concurrent.ExecutionException: org.apache.ratis.thirdparty.io.grpc.StatusRuntimeException: UNAVAILABLE: io exception
	at java.util.concurrent.FutureTask.report(FutureTask.java:122)
	at java.util.concurrent.FutureTask.get(FutureTask.java:192)
	at org.apache.ratis.server.impl.LeaderElection.waitForResults(LeaderElection.java:259)
	at org.apache.ratis.server.impl.LeaderElection.askForVotes(LeaderElection.java:197)
	at org.apache.ratis.server.impl.LeaderElection.run(LeaderElection.java:133)
	at java.lang.Thread.run(Thread.java:748)
Caused by: org.apache.ratis.thirdparty.io.grpc.StatusRuntimeException: UNAVAILABLE: io exception
	at org.apache.ratis.thirdparty.io.grpc.stub.ClientCalls.toStatusRuntimeException(ClientCalls.java:233)
	at org.apache.ratis.thirdparty.io.grpc.stub.ClientCalls.getUnchecked(ClientCalls.java:214)
	at org.apache.ratis.thirdparty.io.grpc.stub.ClientCalls.blockingUnaryCall(ClientCalls.java:139)
	at org.apache.ratis.proto.grpc.RaftServerProtocolServiceGrpc$RaftServerProtocolServiceBlockingStub.requestVote(RaftServerProtocolServiceGrpc.java:265)
	at org.apache.ratis.grpc.server.GrpcServerProtocolClient.requestVote(GrpcServerProtocolClient.java:99)
	at org.apache.ratis.grpc.server.GrpcService.requestVote(GrpcService.java:204)
	at org.apache.ratis.server.impl.LeaderElection.lambda$submitRequests$1(LeaderElection.java:234)
	at java.util.concurrent.FutureTask.run(FutureTask.java:266)
	at java.util.concurrent.Executors$RunnableAdapter.call(Executors.java:511)
	at java.util.concurrent.FutureTask.run(FutureTask.java:266)
	at java.util.concurrent.ThreadPoolExecutor.runWorker(ThreadPoolExecutor.java:1149)
	at java.util.concurrent.ThreadPoolExecutor$Worker.run(ThreadPoolExecutor.java:624)
	... 1 more
Caused by: org.apache.ratis.thirdparty.io.netty.channel.AbstractChannel$AnnotatedConnectException: Connection refused: /192.168.164.217:37197
	at sun.nio.ch.SocketChannelImpl.checkConnect(Native Method)
	at sun.nio.ch.SocketChannelImpl.finishConnect(SocketChannelImpl.java:717)
	at org.apache.ratis.thirdparty.io.netty.channel.socket.nio.NioSocketChannel.doFinishConnect(NioSocketChannel.java:327)
	at org.apache.ratis.thirdparty.io.netty.channel.nio.AbstractNioChannel$AbstractNioUnsafe.finishConnect(AbstractNioChannel.java:340)
	at org.apache.ratis.thirdparty.io.netty.channel.nio.NioEventLoop.processSelectedKey(NioEventLoop.java:632)
	at org.apache.ratis.thirdparty.io.netty.channel.nio.NioEventLoop.processSelectedKeysOptimized(NioEventLoop.java:579)
	at org.apache.ratis.thirdparty.io.netty.channel.nio.NioEventLoop.processSelectedKeys(NioEventLoop.java:496)
	at org.apache.ratis.thirdparty.io.netty.channel.nio.NioEventLoop.run(NioEventLoop.java:458)
	at org.apache.ratis.thirdparty.io.netty.util.concurrent.SingleThreadEventExecutor$5.run(SingleThreadEventExecutor.java:897)
	at org.apache.ratis.thirdparty.io.netty.util.concurrent.FastThreadLocalRunnable.run(FastThreadLocalRunnable.java:30)
	... 1 more
Caused by: java.net.ConnectException: Connection refused
	... 11 more
2019-11-05 08:24:19,070 [a8ae9c07-6d89-4a49-a594-cacd4b776180@group-0E159EE4F99E-LeaderElection459] INFO  impl.RaftServerImpl (RaftServerImpl.java:setRole(184)) - a8ae9c07-6d89-4a49-a594-cacd4b776180@group-0E159EE4F99E: changes role from CANDIDATE to FOLLOWER at term 250 for DISCOVERED_A_NEW_TERM
2019-11-05 08:24:19,070 [a8ae9c07-6d89-4a49-a594-cacd4b776180@group-0E159EE4F99E-LeaderElection459] INFO  impl.RoleInfo (RoleInfo.java:shutdownLeaderElection(134)) - a8ae9c07-6d89-4a49-a594-cacd4b776180: shutdown LeaderElection
2019-11-05 08:24:19,070 [a8ae9c07-6d89-4a49-a594-cacd4b776180@group-0E159EE4F99E-LeaderElection459] INFO  impl.RoleInfo (RoleInfo.java:updateAndGet(143)) - a8ae9c07-6d89-4a49-a594-cacd4b776180: start FollowerState
2019-11-05 08:24:19,233 [Thread-3417] INFO  impl.FollowerState (FollowerState.java:run(108)) - 4a682f4f-c3f2-4b77-88b7-f0ab78890feb@group-0DB8C7688BF9-FollowerState: change to CANDIDATE, lastRpcTime:163ms, electionTimeout:163ms
2019-11-05 08:24:19,233 [Thread-3417] INFO  impl.RoleInfo (RoleInfo.java:shutdownFollowerState(121)) - 4a682f4f-c3f2-4b77-88b7-f0ab78890feb: shutdown FollowerState
2019-11-05 08:24:19,233 [Thread-3417] INFO  impl.RaftServerImpl (RaftServerImpl.java:setRole(184)) - 4a682f4f-c3f2-4b77-88b7-f0ab78890feb@group-0DB8C7688BF9: changes role from  FOLLOWER to CANDIDATE at term 235 for changeToCandidate
2019-11-05 08:24:19,234 [Thread-3417] INFO  impl.RoleInfo (RoleInfo.java:updateAndGet(143)) - 4a682f4f-c3f2-4b77-88b7-f0ab78890feb: start LeaderElection
2019-11-05 08:24:19,235 [ForkJoinPool.commonPool-worker-0] INFO  ozoneimpl.OzoneContainer (OzoneContainer.java:stop(227)) - Attempting to stop container services.
2019-11-05 08:24:19,235 [ForkJoinPool.commonPool-worker-0] INFO  impl.RaftServerProxy (RaftServerProxy.java:lambda$close$4(314)) - a8ae9c07-6d89-4a49-a594-cacd4b776180: close
2019-11-05 08:24:19,236 [ForkJoinPool.commonPool-worker-0] INFO  impl.RaftServerImpl (RaftServerImpl.java:lambda$shutdown$3(261)) - a8ae9c07-6d89-4a49-a594-cacd4b776180@group-0E159EE4F99E: shutdown
2019-11-05 08:24:19,236 [ForkJoinPool.commonPool-worker-0] INFO  util.JmxRegister (JmxRegister.java:unregister(73)) - Successfully un-registered JMX Bean with object name Ratis:service=RaftServer,group=group-0E159EE4F99E,id=a8ae9c07-6d89-4a49-a594-cacd4b776180
2019-11-05 08:24:19,236 [ForkJoinPool.commonPool-worker-0] INFO  impl.RoleInfo (RoleInfo.java:shutdownFollowerState(121)) - a8ae9c07-6d89-4a49-a594-cacd4b776180: shutdown FollowerState
2019-11-05 08:24:19,237 [ForkJoinPool.commonPool-worker-0] INFO  impl.StateMachineUpdater (StateMachineUpdater.java:stopAndJoin(136)) - a8ae9c07-6d89-4a49-a594-cacd4b776180@group-0E159EE4F99E-StateMachineUpdater: set stopIndex = -1
2019-11-05 08:24:19,237 [Thread-3418] INFO  impl.FollowerState (FollowerState.java:run(117)) - a8ae9c07-6d89-4a49-a594-cacd4b776180@group-0E159EE4F99E-FollowerState was interrupted: java.lang.InterruptedException: sleep interrupted
2019-11-05 08:24:19,237 [ForkJoinPool.commonPool-worker-0] INFO  impl.RaftServerImpl (ServerState.java:close(388)) - a8ae9c07-6d89-4a49-a594-cacd4b776180@group-0E159EE4F99E: closes. applyIndex: -1
2019-11-05 08:24:19,238 [a8ae9c07-6d89-4a49-a594-cacd4b776180@group-0E159EE4F99E-SegmentedRaftLogWorker] INFO  segmented.SegmentedRaftLogWorker (SegmentedRaftLogWorker.java:run(316)) - a8ae9c07-6d89-4a49-a594-cacd4b776180@group-0E159EE4F99E-SegmentedRaftLogWorker was interrupted, exiting. There are 0 tasks remaining in the queue.
2019-11-05 08:24:19,238 [ForkJoinPool.commonPool-worker-0] INFO  segmented.SegmentedRaftLogWorker (SegmentedRaftLogWorker.java:close(224)) - a8ae9c07-6d89-4a49-a594-cacd4b776180@group-0E159EE4F99E-SegmentedRaftLogWorker close()
2019-11-05 08:24:19,242 [ForkJoinPool.commonPool-worker-0] INFO  impl.RaftServerImpl (RaftServerImpl.java:lambda$shutdown$3(261)) - a8ae9c07-6d89-4a49-a594-cacd4b776180@group-0C360FE707B6: shutdown
2019-11-05 08:24:19,243 [ForkJoinPool.commonPool-worker-0] INFO  util.JmxRegister (JmxRegister.java:unregister(73)) - Successfully un-registered JMX Bean with object name Ratis:service=RaftServer,group=group-0C360FE707B6,id=a8ae9c07-6d89-4a49-a594-cacd4b776180
2019-11-05 08:24:19,243 [java.util.concurrent.ThreadPoolExecutor$Worker@4893213[State = -1, empty queue]] WARN  server.GrpcLogAppender (GrpcLogAppender.java:timeoutAppendRequest(209)) - 6189f8a4-91dd-451f-abcb-72b2dcd73465@group-9D53872EEF85->fe5257f1-588f-41af-bf70-1c04126c8968-GrpcLogAppender: appendEntries Timeout, request=6189f8a4-91dd-451f-abcb-72b2dcd73465->fe5257f1-588f-41af-bf70-1c04126c8968#74-t4, previous=(t:4, i:20), leaderCommit=20, initializing? false, entries: <empty>
2019-11-05 08:24:19,243 [ForkJoinPool.commonPool-worker-0] INFO  impl.RoleInfo (RoleInfo.java:shutdownLeaderState(104)) - a8ae9c07-6d89-4a49-a594-cacd4b776180: shutdown LeaderState
2019-11-05 08:24:19,243 [ForkJoinPool.commonPool-worker-0] INFO  impl.PendingRequests (PendingRequests.java:sendNotLeaderResponses(202)) - a8ae9c07-6d89-4a49-a594-cacd4b776180@group-0C360FE707B6-PendingRequests: sendNotLeaderResponses
2019-11-05 08:24:19,244 [ForkJoinPool.commonPool-worker-0] INFO  impl.StateMachineUpdater (StateMachineUpdater.java:stopAndJoin(136)) - a8ae9c07-6d89-4a49-a594-cacd4b776180@group-0C360FE707B6-StateMachineUpdater: set stopIndex = 0
2019-11-05 08:24:19,245 [ForkJoinPool.commonPool-worker-0] INFO  impl.RaftServerImpl (ServerState.java:close(388)) - a8ae9c07-6d89-4a49-a594-cacd4b776180@group-0C360FE707B6: closes. applyIndex: 0
2019-11-05 08:24:19,245 [a8ae9c07-6d89-4a49-a594-cacd4b776180@group-0C360FE707B6-SegmentedRaftLogWorker] INFO  segmented.SegmentedRaftLogWorker (SegmentedRaftLogWorker.java:run(316)) - a8ae9c07-6d89-4a49-a594-cacd4b776180@group-0C360FE707B6-SegmentedRaftLogWorker was interrupted, exiting. There are 0 tasks remaining in the queue.
2019-11-05 08:24:19,247 [4a682f4f-c3f2-4b77-88b7-f0ab78890feb@group-0DB8C7688BF9-LeaderElection460] INFO  impl.LeaderElection (LeaderElection.java:askForVotes(178)) - 4a682f4f-c3f2-4b77-88b7-f0ab78890feb@group-0DB8C7688BF9-LeaderElection460: begin an election at term 236 for -1: [77ab65e6-d942-49df-83a3-1d4c0bf152b3:192.168.164.217:39381, 7e1b84a9-a041-44fd-8008-f2679426984c:192.168.164.217:44149, 4a682f4f-c3f2-4b77-88b7-f0ab78890feb:192.168.164.217:34174], old=null
2019-11-05 08:24:19,247 [ForkJoinPool.commonPool-worker-0] INFO  segmented.SegmentedRaftLogWorker (SegmentedRaftLogWorker.java:close(224)) - a8ae9c07-6d89-4a49-a594-cacd4b776180@group-0C360FE707B6-SegmentedRaftLogWorker close()
2019-11-05 08:24:19,251 [ForkJoinPool.commonPool-worker-0] INFO  server.GrpcService (GrpcService.java:closeImpl(164)) - a8ae9c07-6d89-4a49-a594-cacd4b776180: shutdown server with port 42719 now
2019-11-05 08:24:19,252 [ForkJoinPool.commonPool-worker-0] INFO  server.GrpcService (GrpcService.java:closeImpl(172)) - a8ae9c07-6d89-4a49-a594-cacd4b776180: shutdown server with port 42719 successfully
2019-11-05 08:24:19,252 [grpc-default-executor-4] INFO  impl.RaftServerImpl (RaftServerImpl.java:setRole(184)) - 77ab65e6-d942-49df-83a3-1d4c0bf152b3@group-0DB8C7688BF9: changes role from  FOLLOWER to FOLLOWER at term 236 for recognizeCandidate:4a682f4f-c3f2-4b77-88b7-f0ab78890feb
2019-11-05 08:24:19,253 [grpc-default-executor-4] INFO  impl.RoleInfo (RoleInfo.java:shutdownFollowerState(121)) - 77ab65e6-d942-49df-83a3-1d4c0bf152b3: shutdown FollowerState
2019-11-05 08:24:19,253 [grpc-default-executor-3] INFO  impl.RaftServerImpl (RaftServerImpl.java:setRole(184)) - 7e1b84a9-a041-44fd-8008-f2679426984c@group-0DB8C7688BF9: changes role from  FOLLOWER to FOLLOWER at term 236 for recognizeCandidate:4a682f4f-c3f2-4b77-88b7-f0ab78890feb
2019-11-05 08:24:19,253 [Thread-3412] INFO  impl.FollowerState (FollowerState.java:run(117)) - 77ab65e6-d942-49df-83a3-1d4c0bf152b3@group-0DB8C7688BF9-FollowerState was interrupted: java.lang.InterruptedException: sleep interrupted
2019-11-05 08:24:19,253 [grpc-default-executor-4] INFO  impl.RoleInfo (RoleInfo.java:updateAndGet(143)) - 77ab65e6-d942-49df-83a3-1d4c0bf152b3: start FollowerState
2019-11-05 08:24:19,253 [grpc-default-executor-3] INFO  impl.RoleInfo (RoleInfo.java:shutdownFollowerState(121)) - 7e1b84a9-a041-44fd-8008-f2679426984c: shutdown FollowerState
2019-11-05 08:24:19,254 [Thread-3414] INFO  impl.FollowerState (FollowerState.java:run(117)) - 7e1b84a9-a041-44fd-8008-f2679426984c@group-0DB8C7688BF9-FollowerState was interrupted: java.lang.InterruptedException: sleep interrupted
2019-11-05 08:24:19,254 [grpc-default-executor-3] INFO  impl.RoleInfo (RoleInfo.java:updateAndGet(143)) - 7e1b84a9-a041-44fd-8008-f2679426984c: start FollowerState
2019-11-05 08:24:19,260 [refreshUsed-/workdir/hadoop-ozone/integration-test/target/test-dir/MiniOzoneClusterImpl-0ddfd79e-5774-4abb-9b8b-55ac0c17dbc1/datanode-3/data/containers] WARN  fs.CachingGetSpaceUsed (CachingGetSpaceUsed.java:run(183)) - Thread Interrupted waiting to refresh disk information: sleep interrupted
2019-11-05 08:24:19,279 [ForkJoinPool.commonPool-worker-0] INFO  utils.BackgroundService (BackgroundService.java:shutdown(151)) - Shutting down service BlockDeletingService
2019-11-05 08:24:19,280 [4a682f4f-c3f2-4b77-88b7-f0ab78890feb@group-0DB8C7688BF9-LeaderElection460] INFO  impl.LeaderElection (LeaderElection.java:logAndReturn(56)) - 4a682f4f-c3f2-4b77-88b7-f0ab78890feb@group-0DB8C7688BF9-LeaderElection460: Election REJECTED; received 2 response(s) [4a682f4f-c3f2-4b77-88b7-f0ab78890feb<-77ab65e6-d942-49df-83a3-1d4c0bf152b3#0:FAIL-t236, 4a682f4f-c3f2-4b77-88b7-f0ab78890feb<-7e1b84a9-a041-44fd-8008-f2679426984c#0:FAIL-t236] and 0 exception(s); 4a682f4f-c3f2-4b77-88b7-f0ab78890feb@group-0DB8C7688BF9:t236, leader=null, voted=4a682f4f-c3f2-4b77-88b7-f0ab78890feb, raftlog=4a682f4f-c3f2-4b77-88b7-f0ab78890feb@group-0DB8C7688BF9-SegmentedRaftLog:OPENED:c-1,f-1,i0, conf=-1: [77ab65e6-d942-49df-83a3-1d4c0bf152b3:192.168.164.217:39381, 7e1b84a9-a041-44fd-8008-f2679426984c:192.168.164.217:44149, 4a682f4f-c3f2-4b77-88b7-f0ab78890feb:192.168.164.217:34174], old=null
2019-11-05 08:24:19,280 [4a682f4f-c3f2-4b77-88b7-f0ab78890feb@group-0DB8C7688BF9-LeaderElection460] INFO  impl.RaftServerImpl (RaftServerImpl.java:setRole(184)) - 4a682f4f-c3f2-4b77-88b7-f0ab78890feb@group-0DB8C7688BF9: changes role from CANDIDATE to FOLLOWER at term 236 for DISCOVERED_A_NEW_TERM
2019-11-05 08:24:19,280 [4a682f4f-c3f2-4b77-88b7-f0ab78890feb@group-0DB8C7688BF9-LeaderElection460] INFO  impl.RoleInfo (RoleInfo.java:shutdownLeaderElection(134)) - 4a682f4f-c3f2-4b77-88b7-f0ab78890feb: shutdown LeaderElection
2019-11-05 08:24:19,282 [4a682f4f-c3f2-4b77-88b7-f0ab78890feb@group-0DB8C7688BF9-LeaderElection460] INFO  impl.RoleInfo (RoleInfo.java:updateAndGet(143)) - 4a682f4f-c3f2-4b77-88b7-f0ab78890feb: start FollowerState
2019-11-05 08:24:19,285 [ForkJoinPool.commonPool-worker-0] INFO  statemachine.DatanodeStateMachine (DatanodeStateMachine.java:stopDaemon(395)) - Ozone container server stopped.
2019-11-05 08:24:19,289 [main] INFO  ozoneimpl.OzoneContainer (OzoneContainer.java:stop(227)) - Attempting to stop container services.
2019-11-05 08:24:19,291 [ForkJoinPool.commonPool-worker-0] INFO  handler.ContextHandler (ContextHandler.java:doStop(910)) - Stopped o.e.j.w.WebAppContext@337bbfdf{/,null,UNAVAILABLE}{/hddsDatanode}
2019-11-05 08:24:19,291 [main] INFO  impl.RaftServerProxy (RaftServerProxy.java:lambda$close$4(314)) - ac6ced45-6015-42db-b667-e8b45303208a: close
2019-11-05 08:24:19,291 [main] INFO  impl.RaftServerImpl (RaftServerImpl.java:lambda$shutdown$3(261)) - ac6ced45-6015-42db-b667-e8b45303208a@group-6ACD184DA147: shutdown
2019-11-05 08:24:19,292 [ForkJoinPool.commonPool-worker-0] INFO  server.AbstractConnector (AbstractConnector.java:doStop(318)) - Stopped ServerConnector@52d97ab6{HTTP/1.1,[http/1.1]}{0.0.0.0:0}
2019-11-05 08:24:19,292 [main] INFO  util.JmxRegister (JmxRegister.java:unregister(73)) - Successfully un-registered JMX Bean with object name Ratis:service=RaftServer,group=group-6ACD184DA147,id=ac6ced45-6015-42db-b667-e8b45303208a
2019-11-05 08:24:19,294 [ForkJoinPool.commonPool-worker-0] INFO  handler.ContextHandler (ContextHandler.java:doStop(910)) - Stopped o.e.j.s.ServletContextHandler@4b200971{/static,jar:file:/home/user/.m2/repository/org/apache/hadoop/hadoop-hdds-container-service/0.5.0-SNAPSHOT/hadoop-hdds-container-service-0.5.0-SNAPSHOT.jar!/webapps/static,UNAVAILABLE}
2019-11-05 08:24:19,294 [main] INFO  impl.RoleInfo (RoleInfo.java:shutdownLeaderState(104)) - ac6ced45-6015-42db-b667-e8b45303208a: shutdown LeaderState
2019-11-05 08:24:19,295 [ForkJoinPool.commonPool-worker-0] INFO  handler.ContextHandler (ContextHandler.java:doStop(910)) - Stopped o.e.j.s.ServletContextHandler@a9f023e{/logs,file:///workdir/hadoop-ozone/integration-test/target/log,UNAVAILABLE}
2019-11-05 08:24:19,296 [main] INFO  impl.PendingRequests (PendingRequests.java:sendNotLeaderResponses(202)) - ac6ced45-6015-42db-b667-e8b45303208a@group-6ACD184DA147-PendingRequests: sendNotLeaderResponses
2019-11-05 08:24:19,296 [main] INFO  impl.StateMachineUpdater (StateMachineUpdater.java:stopAndJoin(136)) - ac6ced45-6015-42db-b667-e8b45303208a@group-6ACD184DA147-StateMachineUpdater: set stopIndex = 0
2019-11-05 08:24:19,297 [main] INFO  impl.RaftServerImpl (ServerState.java:close(388)) - ac6ced45-6015-42db-b667-e8b45303208a@group-6ACD184DA147: closes. applyIndex: 0
2019-11-05 08:24:19,298 [ac6ced45-6015-42db-b667-e8b45303208a@group-6ACD184DA147-SegmentedRaftLogWorker] INFO  segmented.SegmentedRaftLogWorker (SegmentedRaftLogWorker.java:run(316)) - ac6ced45-6015-42db-b667-e8b45303208a@group-6ACD184DA147-SegmentedRaftLogWorker was interrupted, exiting. There are 0 tasks remaining in the queue.
2019-11-05 08:24:19,299 [main] INFO  segmented.SegmentedRaftLogWorker (SegmentedRaftLogWorker.java:close(224)) - ac6ced45-6015-42db-b667-e8b45303208a@group-6ACD184DA147-SegmentedRaftLogWorker close()
2019-11-05 08:24:19,302 [main] INFO  server.GrpcService (GrpcService.java:closeImpl(164)) - ac6ced45-6015-42db-b667-e8b45303208a: shutdown server with port 40560 now
2019-11-05 08:24:19,304 [main] INFO  server.GrpcService (GrpcService.java:closeImpl(172)) - ac6ced45-6015-42db-b667-e8b45303208a: shutdown server with port 40560 successfully
2019-11-05 08:24:19,305 [refreshUsed-/workdir/hadoop-ozone/integration-test/target/test-dir/MiniOzoneClusterImpl-0ddfd79e-5774-4abb-9b8b-55ac0c17dbc1/datanode-6/data/containers] WARN  fs.CachingGetSpaceUsed (CachingGetSpaceUsed.java:run(183)) - Thread Interrupted waiting to refresh disk information: sleep interrupted
2019-11-05 08:24:19,323 [main] INFO  utils.BackgroundService (BackgroundService.java:shutdown(151)) - Shutting down service BlockDeletingService
2019-11-05 08:24:19,327 [main] INFO  statemachine.DatanodeStateMachine (DatanodeStateMachine.java:stopDaemon(395)) - Ozone container server stopped.
2019-11-05 08:24:19,327 [Thread-3425] INFO  impl.FollowerState (FollowerState.java:run(108)) - 4a682f4f-c3f2-4b77-88b7-f0ab78890feb@group-0DB8C7688BF9-FollowerState: change to CANDIDATE, lastRpcTime:45ms, electionTimeout:44ms
2019-11-05 08:24:19,328 [Thread-3425] INFO  impl.RoleInfo (RoleInfo.java:shutdownFollowerState(121)) - 4a682f4f-c3f2-4b77-88b7-f0ab78890feb: shutdown FollowerState
2019-11-05 08:24:19,328 [Thread-3425] INFO  impl.RaftServerImpl (RaftServerImpl.java:setRole(184)) - 4a682f4f-c3f2-4b77-88b7-f0ab78890feb@group-0DB8C7688BF9: changes role from  FOLLOWER to CANDIDATE at term 236 for changeToCandidate
2019-11-05 08:24:19,328 [Thread-3425] INFO  impl.RoleInfo (RoleInfo.java:updateAndGet(143)) - 4a682f4f-c3f2-4b77-88b7-f0ab78890feb: start LeaderElection
2019-11-05 08:24:19,328 [main] INFO  handler.ContextHandler (ContextHandler.java:doStop(910)) - Stopped o.e.j.w.WebAppContext@7b306b9f{/,null,UNAVAILABLE}{/hddsDatanode}
2019-11-05 08:24:19,329 [main] INFO  server.AbstractConnector (AbstractConnector.java:doStop(318)) - Stopped ServerConnector@142213d5{HTTP/1.1,[http/1.1]}{0.0.0.0:0}
2019-11-05 08:24:19,329 [main] INFO  handler.ContextHandler (ContextHandler.java:doStop(910)) - Stopped o.e.j.s.ServletContextHandler@6f94fb9d{/static,jar:file:/home/user/.m2/repository/org/apache/hadoop/hadoop-hdds-container-service/0.5.0-SNAPSHOT/hadoop-hdds-container-service-0.5.0-SNAPSHOT.jar!/webapps/static,UNAVAILABLE}
2019-11-05 08:24:19,330 [main] INFO  handler.ContextHandler (ContextHandler.java:doStop(910)) - Stopped o.e.j.s.ServletContextHandler@2cae9b8{/logs,file:///workdir/hadoop-ozone/integration-test/target/log,UNAVAILABLE}
2019-11-05 08:24:19,342 [4a682f4f-c3f2-4b77-88b7-f0ab78890feb@group-0DB8C7688BF9-LeaderElection461] INFO  impl.LeaderElection (LeaderElection.java:askForVotes(178)) - 4a682f4f-c3f2-4b77-88b7-f0ab78890feb@group-0DB8C7688BF9-LeaderElection461: begin an election at term 237 for -1: [77ab65e6-d942-49df-83a3-1d4c0bf152b3:192.168.164.217:39381, 7e1b84a9-a041-44fd-8008-f2679426984c:192.168.164.217:44149, 4a682f4f-c3f2-4b77-88b7-f0ab78890feb:192.168.164.217:34174], old=null
2019-11-05 08:24:19,558 [4a682f4f-c3f2-4b77-88b7-f0ab78890feb@group-0DB8C7688BF9-LeaderElection461] INFO  impl.LeaderElection (LeaderElection.java:logAndReturn(56)) - 4a682f4f-c3f2-4b77-88b7-f0ab78890feb@group-0DB8C7688BF9-LeaderElection461: Election TIMEOUT; received 0 response(s) [] and 0 exception(s); 4a682f4f-c3f2-4b77-88b7-f0ab78890feb@group-0DB8C7688BF9:t237, leader=null, voted=4a682f4f-c3f2-4b77-88b7-f0ab78890feb, raftlog=4a682f4f-c3f2-4b77-88b7-f0ab78890feb@group-0DB8C7688BF9-SegmentedRaftLog:OPENED:c-1,f-1,i0, conf=-1: [77ab65e6-d942-49df-83a3-1d4c0bf152b3:192.168.164.217:39381, 7e1b84a9-a041-44fd-8008-f2679426984c:192.168.164.217:44149, 4a682f4f-c3f2-4b77-88b7-f0ab78890feb:192.168.164.217:34174], old=null
2019-11-05 08:24:19,564 [grpc-default-executor-4] INFO  impl.RaftServerImpl (RaftServerImpl.java:setRole(184)) - 77ab65e6-d942-49df-83a3-1d4c0bf152b3@group-0DB8C7688BF9: changes role from  FOLLOWER to FOLLOWER at term 237 for recognizeCandidate:4a682f4f-c3f2-4b77-88b7-f0ab78890feb
2019-11-05 08:24:19,564 [grpc-default-executor-3] INFO  impl.RaftServerImpl (RaftServerImpl.java:setRole(184)) - 7e1b84a9-a041-44fd-8008-f2679426984c@group-0DB8C7688BF9: changes role from  FOLLOWER to FOLLOWER at term 237 for recognizeCandidate:4a682f4f-c3f2-4b77-88b7-f0ab78890feb
2019-11-05 08:24:19,566 [grpc-default-executor-3] INFO  impl.RoleInfo (RoleInfo.java:shutdownFollowerState(121)) - 7e1b84a9-a041-44fd-8008-f2679426984c: shutdown FollowerState
2019-11-05 08:24:19,564 [grpc-default-executor-4] INFO  impl.RoleInfo (RoleInfo.java:shutdownFollowerState(121)) - 77ab65e6-d942-49df-83a3-1d4c0bf152b3: shutdown FollowerState
2019-11-05 08:24:19,572 [grpc-default-executor-3] INFO  impl.RoleInfo (RoleInfo.java:updateAndGet(143)) - 7e1b84a9-a041-44fd-8008-f2679426984c: start FollowerState
2019-11-05 08:24:19,574 [Thread-3423] INFO  impl.FollowerState (FollowerState.java:run(117)) - 7e1b84a9-a041-44fd-8008-f2679426984c@group-0DB8C7688BF9-FollowerState was interrupted: java.lang.InterruptedException: sleep interrupted
2019-11-05 08:24:19,575 [Thread-3422] INFO  impl.FollowerState (FollowerState.java:run(117)) - 77ab65e6-d942-49df-83a3-1d4c0bf152b3@group-0DB8C7688BF9-FollowerState was interrupted: java.lang.InterruptedException: sleep interrupted
2019-11-05 08:24:19,575 [grpc-default-executor-4] INFO  impl.RoleInfo (RoleInfo.java:updateAndGet(143)) - 77ab65e6-d942-49df-83a3-1d4c0bf152b3: start FollowerState
2019-11-05 08:24:19,577 [Datanode State Machine Thread - 0] INFO  statemachine.DatanodeStateMachine (DatanodeStateMachine.java:lambda$startDaemon$0(350)) - Ozone container server started.
2019-11-05 08:24:19,600 [4a682f4f-c3f2-4b77-88b7-f0ab78890feb@group-0DB8C7688BF9-LeaderElection461] INFO  impl.LeaderElection (LeaderElection.java:askForVotes(178)) - 4a682f4f-c3f2-4b77-88b7-f0ab78890feb@group-0DB8C7688BF9-LeaderElection461: begin an election at term 238 for -1: [77ab65e6-d942-49df-83a3-1d4c0bf152b3:192.168.164.217:39381, 7e1b84a9-a041-44fd-8008-f2679426984c:192.168.164.217:44149, 4a682f4f-c3f2-4b77-88b7-f0ab78890feb:192.168.164.217:34174], old=null
2019-11-05 08:24:19,602 [grpc-default-executor-4] INFO  impl.RaftServerImpl (RaftServerImpl.java:setRole(184)) - 77ab65e6-d942-49df-83a3-1d4c0bf152b3@group-0DB8C7688BF9: changes role from  FOLLOWER to FOLLOWER at term 238 for recognizeCandidate:4a682f4f-c3f2-4b77-88b7-f0ab78890feb
2019-11-05 08:24:19,603 [grpc-default-executor-4] INFO  impl.RoleInfo (RoleInfo.java:shutdownFollowerState(121)) - 77ab65e6-d942-49df-83a3-1d4c0bf152b3: shutdown FollowerState
2019-11-05 08:24:19,603 [grpc-default-executor-3] INFO  impl.RaftServerImpl (RaftServerImpl.java:setRole(184)) - 7e1b84a9-a041-44fd-8008-f2679426984c@group-0DB8C7688BF9: changes role from  FOLLOWER to FOLLOWER at term 238 for recognizeCandidate:4a682f4f-c3f2-4b77-88b7-f0ab78890feb
2019-11-05 08:24:19,603 [Thread-3430] INFO  impl.FollowerState (FollowerState.java:run(117)) - 77ab65e6-d942-49df-83a3-1d4c0bf152b3@group-0DB8C7688BF9-FollowerState was interrupted: java.lang.InterruptedException: sleep interrupted
2019-11-05 08:24:19,603 [grpc-default-executor-3] INFO  impl.RoleInfo (RoleInfo.java:shutdownFollowerState(121)) - 7e1b84a9-a041-44fd-8008-f2679426984c: shutdown FollowerState
2019-11-05 08:24:19,603 [grpc-default-executor-4] INFO  impl.RoleInfo (RoleInfo.java:updateAndGet(143)) - 77ab65e6-d942-49df-83a3-1d4c0bf152b3: start FollowerState
2019-11-05 08:24:19,603 [Thread-3429] INFO  impl.FollowerState (FollowerState.java:run(117)) - 7e1b84a9-a041-44fd-8008-f2679426984c@group-0DB8C7688BF9-FollowerState was interrupted: java.lang.InterruptedException: sleep interrupted
2019-11-05 08:24:19,603 [grpc-default-executor-3] INFO  impl.RoleInfo (RoleInfo.java:updateAndGet(143)) - 7e1b84a9-a041-44fd-8008-f2679426984c: start FollowerState
2019-11-05 08:24:19,617 [4a682f4f-c3f2-4b77-88b7-f0ab78890feb@group-0DB8C7688BF9-LeaderElection461] INFO  impl.LeaderElection (LeaderElection.java:logAndReturn(56)) - 4a682f4f-c3f2-4b77-88b7-f0ab78890feb@group-0DB8C7688BF9-LeaderElection461: Election REJECTED; received 2 response(s) [4a682f4f-c3f2-4b77-88b7-f0ab78890feb<-77ab65e6-d942-49df-83a3-1d4c0bf152b3#0:FAIL-t238, 4a682f4f-c3f2-4b77-88b7-f0ab78890feb<-7e1b84a9-a041-44fd-8008-f2679426984c#0:FAIL-t238] and 0 exception(s); 4a682f4f-c3f2-4b77-88b7-f0ab78890feb@group-0DB8C7688BF9:t238, leader=null, voted=4a682f4f-c3f2-4b77-88b7-f0ab78890feb, raftlog=4a682f4f-c3f2-4b77-88b7-f0ab78890feb@group-0DB8C7688BF9-SegmentedRaftLog:OPENED:c-1,f-1,i0, conf=-1: [77ab65e6-d942-49df-83a3-1d4c0bf152b3:192.168.164.217:39381, 7e1b84a9-a041-44fd-8008-f2679426984c:192.168.164.217:44149, 4a682f4f-c3f2-4b77-88b7-f0ab78890feb:192.168.164.217:34174], old=null
2019-11-05 08:24:19,617 [4a682f4f-c3f2-4b77-88b7-f0ab78890feb@group-0DB8C7688BF9-LeaderElection461] INFO  impl.RaftServerImpl (RaftServerImpl.java:setRole(184)) - 4a682f4f-c3f2-4b77-88b7-f0ab78890feb@group-0DB8C7688BF9: changes role from CANDIDATE to FOLLOWER at term 238 for DISCOVERED_A_NEW_TERM
2019-11-05 08:24:19,618 [4a682f4f-c3f2-4b77-88b7-f0ab78890feb@group-0DB8C7688BF9-LeaderElection461] INFO  impl.RoleInfo (RoleInfo.java:shutdownLeaderElection(134)) - 4a682f4f-c3f2-4b77-88b7-f0ab78890feb: shutdown LeaderElection
2019-11-05 08:24:19,618 [4a682f4f-c3f2-4b77-88b7-f0ab78890feb@group-0DB8C7688BF9-LeaderElection461] INFO  impl.RoleInfo (RoleInfo.java:updateAndGet(143)) - 4a682f4f-c3f2-4b77-88b7-f0ab78890feb: start FollowerState
2019-11-05 08:24:19,743 [Thread-3435] INFO  impl.FollowerState (FollowerState.java:run(108)) - 4a682f4f-c3f2-4b77-88b7-f0ab78890feb@group-0DB8C7688BF9-FollowerState: change to CANDIDATE, lastRpcTime:125ms, electionTimeout:125ms
2019-11-05 08:24:19,743 [Thread-3435] INFO  impl.RoleInfo (RoleInfo.java:shutdownFollowerState(121)) - 4a682f4f-c3f2-4b77-88b7-f0ab78890feb: shutdown FollowerState
2019-11-05 08:24:19,743 [Thread-3435] INFO  impl.RaftServerImpl (RaftServerImpl.java:setRole(184)) - 4a682f4f-c3f2-4b77-88b7-f0ab78890feb@group-0DB8C7688BF9: changes role from  FOLLOWER to CANDIDATE at term 238 for changeToCandidate
2019-11-05 08:24:19,744 [Thread-3435] INFO  impl.RoleInfo (RoleInfo.java:updateAndGet(143)) - 4a682f4f-c3f2-4b77-88b7-f0ab78890feb: start LeaderElection
2019-11-05 08:24:19,744 [java.util.concurrent.ThreadPoolExecutor$Worker@4893213[State = -1, empty queue]] WARN  server.GrpcLogAppender (GrpcLogAppender.java:timeoutAppendRequest(209)) - 6189f8a4-91dd-451f-abcb-72b2dcd73465@group-9D53872EEF85->fe5257f1-588f-41af-bf70-1c04126c8968-GrpcLogAppender: appendEntries Timeout, request=6189f8a4-91dd-451f-abcb-72b2dcd73465->fe5257f1-588f-41af-bf70-1c04126c8968#75-t4, previous=(t:4, i:20), leaderCommit=20, initializing? false, entries: <empty>
2019-11-05 08:24:19,758 [4a682f4f-c3f2-4b77-88b7-f0ab78890feb@group-0DB8C7688BF9-LeaderElection462] INFO  impl.LeaderElection (LeaderElection.java:askForVotes(178)) - 4a682f4f-c3f2-4b77-88b7-f0ab78890feb@group-0DB8C7688BF9-LeaderElection462: begin an election at term 239 for -1: [77ab65e6-d942-49df-83a3-1d4c0bf152b3:192.168.164.217:39381, 7e1b84a9-a041-44fd-8008-f2679426984c:192.168.164.217:44149, 4a682f4f-c3f2-4b77-88b7-f0ab78890feb:192.168.164.217:34174], old=null
2019-11-05 08:24:19,760 [grpc-default-executor-3] INFO  impl.RaftServerImpl (RaftServerImpl.java:setRole(184)) - 77ab65e6-d942-49df-83a3-1d4c0bf152b3@group-0DB8C7688BF9: changes role from  FOLLOWER to FOLLOWER at term 239 for recognizeCandidate:4a682f4f-c3f2-4b77-88b7-f0ab78890feb
2019-11-05 08:24:19,760 [grpc-default-executor-4] INFO  impl.RaftServerImpl (RaftServerImpl.java:setRole(184)) - 7e1b84a9-a041-44fd-8008-f2679426984c@group-0DB8C7688BF9: changes role from  FOLLOWER to FOLLOWER at term 239 for recognizeCandidate:4a682f4f-c3f2-4b77-88b7-f0ab78890feb
2019-11-05 08:24:19,760 [grpc-default-executor-3] INFO  impl.RoleInfo (RoleInfo.java:shutdownFollowerState(121)) - 77ab65e6-d942-49df-83a3-1d4c0bf152b3: shutdown FollowerState
2019-11-05 08:24:19,760 [grpc-default-executor-4] INFO  impl.RoleInfo (RoleInfo.java:shutdownFollowerState(121)) - 7e1b84a9-a041-44fd-8008-f2679426984c: shutdown FollowerState
2019-11-05 08:24:19,760 [Thread-3433] INFO  impl.FollowerState (FollowerState.java:run(117)) - 77ab65e6-d942-49df-83a3-1d4c0bf152b3@group-0DB8C7688BF9-FollowerState was interrupted: java.lang.InterruptedException: sleep interrupted
2019-11-05 08:24:19,760 [grpc-default-executor-3] INFO  impl.RoleInfo (RoleInfo.java:updateAndGet(143)) - 77ab65e6-d942-49df-83a3-1d4c0bf152b3: start FollowerState
2019-11-05 08:24:19,761 [Thread-3434] INFO  impl.FollowerState (FollowerState.java:run(117)) - 7e1b84a9-a041-44fd-8008-f2679426984c@group-0DB8C7688BF9-FollowerState was interrupted: java.lang.InterruptedException: sleep interrupted
2019-11-05 08:24:19,761 [grpc-default-executor-4] INFO  impl.RoleInfo (RoleInfo.java:updateAndGet(143)) - 7e1b84a9-a041-44fd-8008-f2679426984c: start FollowerState
2019-11-05 08:24:19,785 [4a682f4f-c3f2-4b77-88b7-f0ab78890feb@group-0DB8C7688BF9-LeaderElection462] INFO  impl.LeaderElection (LeaderElection.java:logAndReturn(56)) - 4a682f4f-c3f2-4b77-88b7-f0ab78890feb@group-0DB8C7688BF9-LeaderElection462: Election REJECTED; received 2 response(s) [4a682f4f-c3f2-4b77-88b7-f0ab78890feb<-77ab65e6-d942-49df-83a3-1d4c0bf152b3#0:FAIL-t239, 4a682f4f-c3f2-4b77-88b7-f0ab78890feb<-7e1b84a9-a041-44fd-8008-f2679426984c#0:FAIL-t239] and 0 exception(s); 4a682f4f-c3f2-4b77-88b7-f0ab78890feb@group-0DB8C7688BF9:t239, leader=null, voted=4a682f4f-c3f2-4b77-88b7-f0ab78890feb, raftlog=4a682f4f-c3f2-4b77-88b7-f0ab78890feb@group-0DB8C7688BF9-SegmentedRaftLog:OPENED:c-1,f-1,i0, conf=-1: [77ab65e6-d942-49df-83a3-1d4c0bf152b3:192.168.164.217:39381, 7e1b84a9-a041-44fd-8008-f2679426984c:192.168.164.217:44149, 4a682f4f-c3f2-4b77-88b7-f0ab78890feb:192.168.164.217:34174], old=null
2019-11-05 08:24:19,786 [4a682f4f-c3f2-4b77-88b7-f0ab78890feb@group-0DB8C7688BF9-LeaderElection462] INFO  impl.RaftServerImpl (RaftServerImpl.java:setRole(184)) - 4a682f4f-c3f2-4b77-88b7-f0ab78890feb@group-0DB8C7688BF9: changes role from CANDIDATE to FOLLOWER at term 239 for DISCOVERED_A_NEW_TERM
2019-11-05 08:24:19,786 [4a682f4f-c3f2-4b77-88b7-f0ab78890feb@group-0DB8C7688BF9-LeaderElection462] INFO  impl.RoleInfo (RoleInfo.java:shutdownLeaderElection(134)) - 4a682f4f-c3f2-4b77-88b7-f0ab78890feb: shutdown LeaderElection
2019-11-05 08:24:19,786 [4a682f4f-c3f2-4b77-88b7-f0ab78890feb@group-0DB8C7688BF9-LeaderElection462] INFO  impl.RoleInfo (RoleInfo.java:updateAndGet(143)) - 4a682f4f-c3f2-4b77-88b7-f0ab78890feb: start FollowerState
2019-11-05 08:24:19,819 [Thread-3442] INFO  impl.FollowerState (FollowerState.java:run(108)) - 4a682f4f-c3f2-4b77-88b7-f0ab78890feb@group-0DB8C7688BF9-FollowerState: change to CANDIDATE, lastRpcTime:33ms, electionTimeout:33ms
2019-11-05 08:24:19,819 [Thread-3442] INFO  impl.RoleInfo (RoleInfo.java:shutdownFollowerState(121)) - 4a682f4f-c3f2-4b77-88b7-f0ab78890feb: shutdown FollowerState
2019-11-05 08:24:19,820 [Thread-3442] INFO  impl.RaftServerImpl (RaftServerImpl.java:setRole(184)) - 4a682f4f-c3f2-4b77-88b7-f0ab78890feb@group-0DB8C7688BF9: changes role from  FOLLOWER to CANDIDATE at term 239 for changeToCandidate
2019-11-05 08:24:19,820 [Thread-3442] INFO  impl.RoleInfo (RoleInfo.java:updateAndGet(143)) - 4a682f4f-c3f2-4b77-88b7-f0ab78890feb: start LeaderElection
2019-11-05 08:24:19,834 [4a682f4f-c3f2-4b77-88b7-f0ab78890feb@group-0DB8C7688BF9-LeaderElection463] INFO  impl.LeaderElection (LeaderElection.java:askForVotes(178)) - 4a682f4f-c3f2-4b77-88b7-f0ab78890feb@group-0DB8C7688BF9-LeaderElection463: begin an election at term 240 for -1: [77ab65e6-d942-49df-83a3-1d4c0bf152b3:192.168.164.217:39381, 7e1b84a9-a041-44fd-8008-f2679426984c:192.168.164.217:44149, 4a682f4f-c3f2-4b77-88b7-f0ab78890feb:192.168.164.217:34174], old=null
2019-11-05 08:24:19,836 [grpc-default-executor-4] INFO  impl.RaftServerImpl (RaftServerImpl.java:setRole(184)) - 77ab65e6-d942-49df-83a3-1d4c0bf152b3@group-0DB8C7688BF9: changes role from  FOLLOWER to FOLLOWER at term 240 for recognizeCandidate:4a682f4f-c3f2-4b77-88b7-f0ab78890feb
2019-11-05 08:24:19,836 [grpc-default-executor-3] INFO  impl.RaftServerImpl (RaftServerImpl.java:setRole(184)) - 7e1b84a9-a041-44fd-8008-f2679426984c@group-0DB8C7688BF9: changes role from  FOLLOWER to FOLLOWER at term 240 for recognizeCandidate:4a682f4f-c3f2-4b77-88b7-f0ab78890feb
2019-11-05 08:24:19,836 [grpc-default-executor-4] INFO  impl.RoleInfo (RoleInfo.java:shutdownFollowerState(121)) - 77ab65e6-d942-49df-83a3-1d4c0bf152b3: shutdown FollowerState
2019-11-05 08:24:19,836 [grpc-default-executor-3] INFO  impl.RoleInfo (RoleInfo.java:shutdownFollowerState(121)) - 7e1b84a9-a041-44fd-8008-f2679426984c: shutdown FollowerState
2019-11-05 08:24:19,837 [Thread-3439] INFO  impl.FollowerState (FollowerState.java:run(117)) - 77ab65e6-d942-49df-83a3-1d4c0bf152b3@group-0DB8C7688BF9-FollowerState was interrupted: java.lang.InterruptedException: sleep interrupted
2019-11-05 08:24:19,837 [grpc-default-executor-4] INFO  impl.RoleInfo (RoleInfo.java:updateAndGet(143)) - 77ab65e6-d942-49df-83a3-1d4c0bf152b3: start FollowerState
2019-11-05 08:24:19,837 [Thread-3440] INFO  impl.FollowerState (FollowerState.java:run(117)) - 7e1b84a9-a041-44fd-8008-f2679426984c@group-0DB8C7688BF9-FollowerState was interrupted: java.lang.InterruptedException: sleep interrupted
2019-11-05 08:24:19,837 [grpc-default-executor-3] INFO  impl.RoleInfo (RoleInfo.java:updateAndGet(143)) - 7e1b84a9-a041-44fd-8008-f2679426984c: start FollowerState
2019-11-05 08:24:19,851 [4a682f4f-c3f2-4b77-88b7-f0ab78890feb@group-0DB8C7688BF9-LeaderElection463] INFO  impl.LeaderElection (LeaderElection.java:logAndReturn(56)) - 4a682f4f-c3f2-4b77-88b7-f0ab78890feb@group-0DB8C7688BF9-LeaderElection463: Election REJECTED; received 2 response(s) [4a682f4f-c3f2-4b77-88b7-f0ab78890feb<-77ab65e6-d942-49df-83a3-1d4c0bf152b3#0:FAIL-t240, 4a682f4f-c3f2-4b77-88b7-f0ab78890feb<-7e1b84a9-a041-44fd-8008-f2679426984c#0:FAIL-t240] and 0 exception(s); 4a682f4f-c3f2-4b77-88b7-f0ab78890feb@group-0DB8C7688BF9:t240, leader=null, voted=4a682f4f-c3f2-4b77-88b7-f0ab78890feb, raftlog=4a682f4f-c3f2-4b77-88b7-f0ab78890feb@group-0DB8C7688BF9-SegmentedRaftLog:OPENED:c-1,f-1,i0, conf=-1: [77ab65e6-d942-49df-83a3-1d4c0bf152b3:192.168.164.217:39381, 7e1b84a9-a041-44fd-8008-f2679426984c:192.168.164.217:44149, 4a682f4f-c3f2-4b77-88b7-f0ab78890feb:192.168.164.217:34174], old=null
2019-11-05 08:24:19,851 [4a682f4f-c3f2-4b77-88b7-f0ab78890feb@group-0DB8C7688BF9-LeaderElection463] INFO  impl.RaftServerImpl (RaftServerImpl.java:setRole(184)) - 4a682f4f-c3f2-4b77-88b7-f0ab78890feb@group-0DB8C7688BF9: changes role from CANDIDATE to FOLLOWER at term 240 for DISCOVERED_A_NEW_TERM
2019-11-05 08:24:19,851 [4a682f4f-c3f2-4b77-88b7-f0ab78890feb@group-0DB8C7688BF9-LeaderElection463] INFO  impl.RoleInfo (RoleInfo.java:shutdownLeaderElection(134)) - 4a682f4f-c3f2-4b77-88b7-f0ab78890feb: shutdown LeaderElection
2019-11-05 08:24:19,851 [4a682f4f-c3f2-4b77-88b7-f0ab78890feb@group-0DB8C7688BF9-LeaderElection463] INFO  impl.RoleInfo (RoleInfo.java:updateAndGet(143)) - 4a682f4f-c3f2-4b77-88b7-f0ab78890feb: start FollowerState
2019-11-05 08:24:20,000 [Thread-3448] INFO  impl.FollowerState (FollowerState.java:run(108)) - 4a682f4f-c3f2-4b77-88b7-f0ab78890feb@group-0DB8C7688BF9-FollowerState: change to CANDIDATE, lastRpcTime:148ms, electionTimeout:148ms
2019-11-05 08:24:20,000 [Thread-3448] INFO  impl.RoleInfo (RoleInfo.java:shutdownFollowerState(121)) - 4a682f4f-c3f2-4b77-88b7-f0ab78890feb: shutdown FollowerState
2019-11-05 08:24:20,000 [Thread-3448] INFO  impl.RaftServerImpl (RaftServerImpl.java:setRole(184)) - 4a682f4f-c3f2-4b77-88b7-f0ab78890feb@group-0DB8C7688BF9: changes role from  FOLLOWER to CANDIDATE at term 240 for changeToCandidate
2019-11-05 08:24:20,000 [Thread-3448] INFO  impl.RoleInfo (RoleInfo.java:updateAndGet(143)) - 4a682f4f-c3f2-4b77-88b7-f0ab78890feb: start LeaderElection
2019-11-05 08:24:20,014 [4a682f4f-c3f2-4b77-88b7-f0ab78890feb@group-0DB8C7688BF9-LeaderElection464] INFO  impl.LeaderElection (LeaderElection.java:askForVotes(178)) - 4a682f4f-c3f2-4b77-88b7-f0ab78890feb@group-0DB8C7688BF9-LeaderElection464: begin an election at term 241 for -1: [77ab65e6-d942-49df-83a3-1d4c0bf152b3:192.168.164.217:39381, 7e1b84a9-a041-44fd-8008-f2679426984c:192.168.164.217:44149, 4a682f4f-c3f2-4b77-88b7-f0ab78890feb:192.168.164.217:34174], old=null
2019-11-05 08:24:20,016 [grpc-default-executor-4] INFO  impl.RaftServerImpl (RaftServerImpl.java:setRole(184)) - 7e1b84a9-a041-44fd-8008-f2679426984c@group-0DB8C7688BF9: changes role from  FOLLOWER to FOLLOWER at term 241 for recognizeCandidate:4a682f4f-c3f2-4b77-88b7-f0ab78890feb
2019-11-05 08:24:20,016 [grpc-default-executor-3] INFO  impl.RaftServerImpl (RaftServerImpl.java:setRole(184)) - 77ab65e6-d942-49df-83a3-1d4c0bf152b3@group-0DB8C7688BF9: changes role from  FOLLOWER to FOLLOWER at term 241 for recognizeCandidate:4a682f4f-c3f2-4b77-88b7-f0ab78890feb
2019-11-05 08:24:20,016 [grpc-default-executor-4] INFO  impl.RoleInfo (RoleInfo.java:shutdownFollowerState(121)) - 7e1b84a9-a041-44fd-8008-f2679426984c: shutdown FollowerState
2019-11-05 08:24:20,017 [grpc-default-executor-3] INFO  impl.RoleInfo (RoleInfo.java:shutdownFollowerState(121)) - 77ab65e6-d942-49df-83a3-1d4c0bf152b3: shutdown FollowerState
2019-11-05 08:24:20,017 [Thread-3447] INFO  impl.FollowerState (FollowerState.java:run(117)) - 7e1b84a9-a041-44fd-8008-f2679426984c@group-0DB8C7688BF9-FollowerState was interrupted: java.lang.InterruptedException: sleep interrupted
2019-11-05 08:24:20,017 [grpc-default-executor-4] INFO  impl.RoleInfo (RoleInfo.java:updateAndGet(143)) - 7e1b84a9-a041-44fd-8008-f2679426984c: start FollowerState
2019-11-05 08:24:20,017 [Thread-3446] INFO  impl.FollowerState (FollowerState.java:run(117)) - 77ab65e6-d942-49df-83a3-1d4c0bf152b3@group-0DB8C7688BF9-FollowerState was interrupted: java.lang.InterruptedException: sleep interrupted
2019-11-05 08:24:20,017 [grpc-default-executor-3] INFO  impl.RoleInfo (RoleInfo.java:updateAndGet(143)) - 77ab65e6-d942-49df-83a3-1d4c0bf152b3: start FollowerState
2019-11-05 08:24:20,036 [4a682f4f-c3f2-4b77-88b7-f0ab78890feb@group-0DB8C7688BF9-LeaderElection464] INFO  impl.LeaderElection (LeaderElection.java:logAndReturn(56)) - 4a682f4f-c3f2-4b77-88b7-f0ab78890feb@group-0DB8C7688BF9-LeaderElection464: Election REJECTED; received 2 response(s) [4a682f4f-c3f2-4b77-88b7-f0ab78890feb<-77ab65e6-d942-49df-83a3-1d4c0bf152b3#0:FAIL-t241, 4a682f4f-c3f2-4b77-88b7-f0ab78890feb<-7e1b84a9-a041-44fd-8008-f2679426984c#0:FAIL-t241] and 0 exception(s); 4a682f4f-c3f2-4b77-88b7-f0ab78890feb@group-0DB8C7688BF9:t241, leader=null, voted=4a682f4f-c3f2-4b77-88b7-f0ab78890feb, raftlog=4a682f4f-c3f2-4b77-88b7-f0ab78890feb@group-0DB8C7688BF9-SegmentedRaftLog:OPENED:c-1,f-1,i0, conf=-1: [77ab65e6-d942-49df-83a3-1d4c0bf152b3:192.168.164.217:39381, 7e1b84a9-a041-44fd-8008-f2679426984c:192.168.164.217:44149, 4a682f4f-c3f2-4b77-88b7-f0ab78890feb:192.168.164.217:34174], old=null
2019-11-05 08:24:20,036 [4a682f4f-c3f2-4b77-88b7-f0ab78890feb@group-0DB8C7688BF9-LeaderElection464] INFO  impl.RaftServerImpl (RaftServerImpl.java:setRole(184)) - 4a682f4f-c3f2-4b77-88b7-f0ab78890feb@group-0DB8C7688BF9: changes role from CANDIDATE to FOLLOWER at term 241 for DISCOVERED_A_NEW_TERM
2019-11-05 08:24:20,036 [4a682f4f-c3f2-4b77-88b7-f0ab78890feb@group-0DB8C7688BF9-LeaderElection464] INFO  impl.RoleInfo (RoleInfo.java:shutdownLeaderElection(134)) - 4a682f4f-c3f2-4b77-88b7-f0ab78890feb: shutdown LeaderElection
2019-11-05 08:24:20,036 [4a682f4f-c3f2-4b77-88b7-f0ab78890feb@group-0DB8C7688BF9-LeaderElection464] INFO  impl.RoleInfo (RoleInfo.java:updateAndGet(143)) - 4a682f4f-c3f2-4b77-88b7-f0ab78890feb: start FollowerState
2019-11-05 08:24:20,077 [Thread-3416] INFO  impl.FollowerState (FollowerState.java:run(108)) - b3bb9051-8089-4c51-a999-81579e5913f2@group-0E159EE4F99E-FollowerState: change to CANDIDATE, lastRpcTime:1020ms, electionTimeout:1020ms
2019-11-05 08:24:20,078 [Thread-3416] INFO  impl.RoleInfo (RoleInfo.java:shutdownFollowerState(121)) - b3bb9051-8089-4c51-a999-81579e5913f2: shutdown FollowerState
2019-11-05 08:24:20,078 [Thread-3416] INFO  impl.RaftServerImpl (RaftServerImpl.java:setRole(184)) - b3bb9051-8089-4c51-a999-81579e5913f2@group-0E159EE4F99E: changes role from  FOLLOWER to CANDIDATE at term 250 for changeToCandidate
2019-11-05 08:24:20,078 [Thread-3416] INFO  impl.RoleInfo (RoleInfo.java:updateAndGet(143)) - b3bb9051-8089-4c51-a999-81579e5913f2: start LeaderElection
2019-11-05 08:24:20,091 [b3bb9051-8089-4c51-a999-81579e5913f2@group-0E159EE4F99E-LeaderElection465] INFO  impl.LeaderElection (LeaderElection.java:askForVotes(178)) - b3bb9051-8089-4c51-a999-81579e5913f2@group-0E159EE4F99E-LeaderElection465: begin an election at term 251 for 0: [caafcba9-090a-41f5-a5f9-cba5a6a81e94:192.168.164.217:37197, a8ae9c07-6d89-4a49-a594-cacd4b776180:192.168.164.217:42719, b3bb9051-8089-4c51-a999-81579e5913f2:192.168.164.217:36516], old=null
2019-11-05 08:24:20,095 [b3bb9051-8089-4c51-a999-81579e5913f2@group-0E159EE4F99E-LeaderElection465] INFO  impl.LeaderElection (LogUtils.java:infoOrTrace(149)) - b3bb9051-8089-4c51-a999-81579e5913f2@group-0E159EE4F99E-LeaderElection465 got exception when requesting votes: {}
java.util.concurrent.ExecutionException: org.apache.ratis.thirdparty.io.grpc.StatusRuntimeException: UNAVAILABLE: io exception
	at java.util.concurrent.FutureTask.report(FutureTask.java:122)
	at java.util.concurrent.FutureTask.get(FutureTask.java:192)
	at org.apache.ratis.server.impl.LeaderElection.waitForResults(LeaderElection.java:259)
	at org.apache.ratis.server.impl.LeaderElection.askForVotes(LeaderElection.java:197)
	at org.apache.ratis.server.impl.LeaderElection.run(LeaderElection.java:133)
	at java.lang.Thread.run(Thread.java:748)
Caused by: org.apache.ratis.thirdparty.io.grpc.StatusRuntimeException: UNAVAILABLE: io exception
	at org.apache.ratis.thirdparty.io.grpc.stub.ClientCalls.toStatusRuntimeException(ClientCalls.java:233)
	at org.apache.ratis.thirdparty.io.grpc.stub.ClientCalls.getUnchecked(ClientCalls.java:214)
	at org.apache.ratis.thirdparty.io.grpc.stub.ClientCalls.blockingUnaryCall(ClientCalls.java:139)
	at org.apache.ratis.proto.grpc.RaftServerProtocolServiceGrpc$RaftServerProtocolServiceBlockingStub.requestVote(RaftServerProtocolServiceGrpc.java:265)
	at org.apache.ratis.grpc.server.GrpcServerProtocolClient.requestVote(GrpcServerProtocolClient.java:99)
	at org.apache.ratis.grpc.server.GrpcService.requestVote(GrpcService.java:204)
	at org.apache.ratis.server.impl.LeaderElection.lambda$submitRequests$1(LeaderElection.java:234)
	at java.util.concurrent.FutureTask.run(FutureTask.java:266)
	at java.util.concurrent.Executors$RunnableAdapter.call(Executors.java:511)
	at java.util.concurrent.FutureTask.run(FutureTask.java:266)
	at java.util.concurrent.ThreadPoolExecutor.runWorker(ThreadPoolExecutor.java:1149)
	at java.util.concurrent.ThreadPoolExecutor$Worker.run(ThreadPoolExecutor.java:624)
	... 1 more
Caused by: org.apache.ratis.thirdparty.io.netty.channel.AbstractChannel$AnnotatedConnectException: Connection refused: /192.168.164.217:37197
	at sun.nio.ch.SocketChannelImpl.checkConnect(Native Method)
	at sun.nio.ch.SocketChannelImpl.finishConnect(SocketChannelImpl.java:717)
	at org.apache.ratis.thirdparty.io.netty.channel.socket.nio.NioSocketChannel.doFinishConnect(NioSocketChannel.java:327)
	at org.apache.ratis.thirdparty.io.netty.channel.nio.AbstractNioChannel$AbstractNioUnsafe.finishConnect(AbstractNioChannel.java:340)
	at org.apache.ratis.thirdparty.io.netty.channel.nio.NioEventLoop.processSelectedKey(NioEventLoop.java:632)
	at org.apache.ratis.thirdparty.io.netty.channel.nio.NioEventLoop.processSelectedKeysOptimized(NioEventLoop.java:579)
	at org.apache.ratis.thirdparty.io.netty.channel.nio.NioEventLoop.processSelectedKeys(NioEventLoop.java:496)
	at org.apache.ratis.thirdparty.io.netty.channel.nio.NioEventLoop.run(NioEventLoop.java:458)
	at org.apache.ratis.thirdparty.io.netty.util.concurrent.SingleThreadEventExecutor$5.run(SingleThreadEventExecutor.java:897)
	at org.apache.ratis.thirdparty.io.netty.util.concurrent.FastThreadLocalRunnable.run(FastThreadLocalRunnable.java:30)
	... 1 more
Caused by: java.net.ConnectException: Connection refused
	... 11 more
2019-11-05 08:24:20,096 [b3bb9051-8089-4c51-a999-81579e5913f2@group-0E159EE4F99E-LeaderElection465] INFO  impl.LeaderElection (LogUtils.java:infoOrTrace(149)) - b3bb9051-8089-4c51-a999-81579e5913f2@group-0E159EE4F99E-LeaderElection465 got exception when requesting votes: {}
java.util.concurrent.ExecutionException: org.apache.ratis.thirdparty.io.grpc.StatusRuntimeException: UNAVAILABLE: io exception
	at java.util.concurrent.FutureTask.report(FutureTask.java:122)
	at java.util.concurrent.FutureTask.get(FutureTask.java:192)
	at org.apache.ratis.server.impl.LeaderElection.waitForResults(LeaderElection.java:259)
	at org.apache.ratis.server.impl.LeaderElection.askForVotes(LeaderElection.java:197)
	at org.apache.ratis.server.impl.LeaderElection.run(LeaderElection.java:133)
	at java.lang.Thread.run(Thread.java:748)
Caused by: org.apache.ratis.thirdparty.io.grpc.StatusRuntimeException: UNAVAILABLE: io exception
	at org.apache.ratis.thirdparty.io.grpc.stub.ClientCalls.toStatusRuntimeException(ClientCalls.java:233)
	at org.apache.ratis.thirdparty.io.grpc.stub.ClientCalls.getUnchecked(ClientCalls.java:214)
	at org.apache.ratis.thirdparty.io.grpc.stub.ClientCalls.blockingUnaryCall(ClientCalls.java:139)
	at org.apache.ratis.proto.grpc.RaftServerProtocolServiceGrpc$RaftServerProtocolServiceBlockingStub.requestVote(RaftServerProtocolServiceGrpc.java:265)
	at org.apache.ratis.grpc.server.GrpcServerProtocolClient.requestVote(GrpcServerProtocolClient.java:99)
	at org.apache.ratis.grpc.server.GrpcService.requestVote(GrpcService.java:204)
	at org.apache.ratis.server.impl.LeaderElection.lambda$submitRequests$1(LeaderElection.java:234)
	at java.util.concurrent.FutureTask.run(FutureTask.java:266)
	at java.util.concurrent.Executors$RunnableAdapter.call(Executors.java:511)
	at java.util.concurrent.FutureTask.run(FutureTask.java:266)
	at java.util.concurrent.ThreadPoolExecutor.runWorker(ThreadPoolExecutor.java:1149)
	at java.util.concurrent.ThreadPoolExecutor$Worker.run(ThreadPoolExecutor.java:624)
	... 1 more
Caused by: org.apache.ratis.thirdparty.io.netty.channel.AbstractChannel$AnnotatedConnectException: Connection refused: /192.168.164.217:42719
	at sun.nio.ch.SocketChannelImpl.checkConnect(Native Method)
	at sun.nio.ch.SocketChannelImpl.finishConnect(SocketChannelImpl.java:717)
	at org.apache.ratis.thirdparty.io.netty.channel.socket.nio.NioSocketChannel.doFinishConnect(NioSocketChannel.java:327)
	at org.apache.ratis.thirdparty.io.netty.channel.nio.AbstractNioChannel$AbstractNioUnsafe.finishConnect(AbstractNioChannel.java:340)
	at org.apache.ratis.thirdparty.io.netty.channel.nio.NioEventLoop.processSelectedKey(NioEventLoop.java:632)
	at org.apache.ratis.thirdparty.io.netty.channel.nio.NioEventLoop.processSelectedKeysOptimized(NioEventLoop.java:579)
	at org.apache.ratis.thirdparty.io.netty.channel.nio.NioEventLoop.processSelectedKeys(NioEventLoop.java:496)
	at org.apache.ratis.thirdparty.io.netty.channel.nio.NioEventLoop.run(NioEventLoop.java:458)
	at org.apache.ratis.thirdparty.io.netty.util.concurrent.SingleThreadEventExecutor$5.run(SingleThreadEventExecutor.java:897)
	at org.apache.ratis.thirdparty.io.netty.util.concurrent.FastThreadLocalRunnable.run(FastThreadLocalRunnable.java:30)
	... 1 more
Caused by: java.net.ConnectException: Connection refused
	... 11 more
2019-11-05 08:24:20,096 [b3bb9051-8089-4c51-a999-81579e5913f2@group-0E159EE4F99E-LeaderElection465] INFO  impl.LeaderElection (LeaderElection.java:logAndReturn(56)) - b3bb9051-8089-4c51-a999-81579e5913f2@group-0E159EE4F99E-LeaderElection465: Election REJECTED; received 0 response(s) [] and 2 exception(s); b3bb9051-8089-4c51-a999-81579e5913f2@group-0E159EE4F99E:t251, leader=null, voted=b3bb9051-8089-4c51-a999-81579e5913f2, raftlog=b3bb9051-8089-4c51-a999-81579e5913f2@group-0E159EE4F99E-SegmentedRaftLog:OPENED:c-1,f0,i0, conf=0: [caafcba9-090a-41f5-a5f9-cba5a6a81e94:192.168.164.217:37197, a8ae9c07-6d89-4a49-a594-cacd4b776180:192.168.164.217:42719, b3bb9051-8089-4c51-a999-81579e5913f2:192.168.164.217:36516], old=null
2019-11-05 08:24:20,096 [b3bb9051-8089-4c51-a999-81579e5913f2@group-0E159EE4F99E-LeaderElection465] INFO  impl.LeaderElection (LogUtils.java:infoOrTrace(149)) -   Exception 0: {}
java.util.concurrent.ExecutionException: org.apache.ratis.thirdparty.io.grpc.StatusRuntimeException: UNAVAILABLE: io exception
	at java.util.concurrent.FutureTask.report(FutureTask.java:122)
	at java.util.concurrent.FutureTask.get(FutureTask.java:192)
	at org.apache.ratis.server.impl.LeaderElection.waitForResults(LeaderElection.java:259)
	at org.apache.ratis.server.impl.LeaderElection.askForVotes(LeaderElection.java:197)
	at org.apache.ratis.server.impl.LeaderElection.run(LeaderElection.java:133)
	at java.lang.Thread.run(Thread.java:748)
Caused by: org.apache.ratis.thirdparty.io.grpc.StatusRuntimeException: UNAVAILABLE: io exception
	at org.apache.ratis.thirdparty.io.grpc.stub.ClientCalls.toStatusRuntimeException(ClientCalls.java:233)
	at org.apache.ratis.thirdparty.io.grpc.stub.ClientCalls.getUnchecked(ClientCalls.java:214)
	at org.apache.ratis.thirdparty.io.grpc.stub.ClientCalls.blockingUnaryCall(ClientCalls.java:139)
	at org.apache.ratis.proto.grpc.RaftServerProtocolServiceGrpc$RaftServerProtocolServiceBlockingStub.requestVote(RaftServerProtocolServiceGrpc.java:265)
	at org.apache.ratis.grpc.server.GrpcServerProtocolClient.requestVote(GrpcServerProtocolClient.java:99)
	at org.apache.ratis.grpc.server.GrpcService.requestVote(GrpcService.java:204)
	at org.apache.ratis.server.impl.LeaderElection.lambda$submitRequests$1(LeaderElection.java:234)
	at java.util.concurrent.FutureTask.run(FutureTask.java:266)
	at java.util.concurrent.Executors$RunnableAdapter.call(Executors.java:511)
	at java.util.concurrent.FutureTask.run(FutureTask.java:266)
	at java.util.concurrent.ThreadPoolExecutor.runWorker(ThreadPoolExecutor.java:1149)
	at java.util.concurrent.ThreadPoolExecutor$Worker.run(ThreadPoolExecutor.java:624)
	... 1 more
Caused by: org.apache.ratis.thirdparty.io.netty.channel.AbstractChannel$AnnotatedConnectException: Connection refused: /192.168.164.217:37197
	at sun.nio.ch.SocketChannelImpl.checkConnect(Native Method)
	at sun.nio.ch.SocketChannelImpl.finishConnect(SocketChannelImpl.java:717)
	at org.apache.ratis.thirdparty.io.netty.channel.socket.nio.NioSocketChannel.doFinishConnect(NioSocketChannel.java:327)
	at org.apache.ratis.thirdparty.io.netty.channel.nio.AbstractNioChannel$AbstractNioUnsafe.finishConnect(AbstractNioChannel.java:340)
	at org.apache.ratis.thirdparty.io.netty.channel.nio.NioEventLoop.processSelectedKey(NioEventLoop.java:632)
	at org.apache.ratis.thirdparty.io.netty.channel.nio.NioEventLoop.processSelectedKeysOptimized(NioEventLoop.java:579)
	at org.apache.ratis.thirdparty.io.netty.channel.nio.NioEventLoop.processSelectedKeys(NioEventLoop.java:496)
	at org.apache.ratis.thirdparty.io.netty.channel.nio.NioEventLoop.run(NioEventLoop.java:458)
	at org.apache.ratis.thirdparty.io.netty.util.concurrent.SingleThreadEventExecutor$5.run(SingleThreadEventExecutor.java:897)
	at org.apache.ratis.thirdparty.io.netty.util.concurrent.FastThreadLocalRunnable.run(FastThreadLocalRunnable.java:30)
	... 1 more
Caused by: java.net.ConnectException: Connection refused
	... 11 more
2019-11-05 08:24:20,097 [b3bb9051-8089-4c51-a999-81579e5913f2@group-0E159EE4F99E-LeaderElection465] INFO  impl.LeaderElection (LogUtils.java:infoOrTrace(149)) -   Exception 1: {}
java.util.concurrent.ExecutionException: org.apache.ratis.thirdparty.io.grpc.StatusRuntimeException: UNAVAILABLE: io exception
	at java.util.concurrent.FutureTask.report(FutureTask.java:122)
	at java.util.concurrent.FutureTask.get(FutureTask.java:192)
	at org.apache.ratis.server.impl.LeaderElection.waitForResults(LeaderElection.java:259)
	at org.apache.ratis.server.impl.LeaderElection.askForVotes(LeaderElection.java:197)
	at org.apache.ratis.server.impl.LeaderElection.run(LeaderElection.java:133)
	at java.lang.Thread.run(Thread.java:748)
Caused by: org.apache.ratis.thirdparty.io.grpc.StatusRuntimeException: UNAVAILABLE: io exception
	at org.apache.ratis.thirdparty.io.grpc.stub.ClientCalls.toStatusRuntimeException(ClientCalls.java:233)
	at org.apache.ratis.thirdparty.io.grpc.stub.ClientCalls.getUnchecked(ClientCalls.java:214)
	at org.apache.ratis.thirdparty.io.grpc.stub.ClientCalls.blockingUnaryCall(ClientCalls.java:139)
	at org.apache.ratis.proto.grpc.RaftServerProtocolServiceGrpc$RaftServerProtocolServiceBlockingStub.requestVote(RaftServerProtocolServiceGrpc.java:265)
	at org.apache.ratis.grpc.server.GrpcServerProtocolClient.requestVote(GrpcServerProtocolClient.java:99)
	at org.apache.ratis.grpc.server.GrpcService.requestVote(GrpcService.java:204)
	at org.apache.ratis.server.impl.LeaderElection.lambda$submitRequests$1(LeaderElection.java:234)
	at java.util.concurrent.FutureTask.run(FutureTask.java:266)
	at java.util.concurrent.Executors$RunnableAdapter.call(Executors.java:511)
	at java.util.concurrent.FutureTask.run(FutureTask.java:266)
	at java.util.concurrent.ThreadPoolExecutor.runWorker(ThreadPoolExecutor.java:1149)
	at java.util.concurrent.ThreadPoolExecutor$Worker.run(ThreadPoolExecutor.java:624)
	... 1 more
Caused by: org.apache.ratis.thirdparty.io.netty.channel.AbstractChannel$AnnotatedConnectException: Connection refused: /192.168.164.217:42719
	at sun.nio.ch.SocketChannelImpl.checkConnect(Native Method)
	at sun.nio.ch.SocketChannelImpl.finishConnect(SocketChannelImpl.java:717)
	at org.apache.ratis.thirdparty.io.netty.channel.socket.nio.NioSocketChannel.doFinishConnect(NioSocketChannel.java:327)
	at org.apache.ratis.thirdparty.io.netty.channel.nio.AbstractNioChannel$AbstractNioUnsafe.finishConnect(AbstractNioChannel.java:340)
	at org.apache.ratis.thirdparty.io.netty.channel.nio.NioEventLoop.processSelectedKey(NioEventLoop.java:632)
	at org.apache.ratis.thirdparty.io.netty.channel.nio.NioEventLoop.processSelectedKeysOptimized(NioEventLoop.java:579)
	at org.apache.ratis.thirdparty.io.netty.channel.nio.NioEventLoop.processSelectedKeys(NioEventLoop.java:496)
	at org.apache.ratis.thirdparty.io.netty.channel.nio.NioEventLoop.run(NioEventLoop.java:458)
	at org.apache.ratis.thirdparty.io.netty.util.concurrent.SingleThreadEventExecutor$5.run(SingleThreadEventExecutor.java:897)
	at org.apache.ratis.thirdparty.io.netty.util.concurrent.FastThreadLocalRunnable.run(FastThreadLocalRunnable.java:30)
	... 1 more
Caused by: java.net.ConnectException: Connection refused
	... 11 more
2019-11-05 08:24:20,097 [b3bb9051-8089-4c51-a999-81579e5913f2@group-0E159EE4F99E-LeaderElection465] INFO  impl.RaftServerImpl (RaftServerImpl.java:setRole(184)) - b3bb9051-8089-4c51-a999-81579e5913f2@group-0E159EE4F99E: changes role from CANDIDATE to FOLLOWER at term 251 for DISCOVERED_A_NEW_TERM
2019-11-05 08:24:20,097 [b3bb9051-8089-4c51-a999-81579e5913f2@group-0E159EE4F99E-LeaderElection465] INFO  impl.RoleInfo (RoleInfo.java:shutdownLeaderElection(134)) - b3bb9051-8089-4c51-a999-81579e5913f2: shutdown LeaderElection
2019-11-05 08:24:20,097 [b3bb9051-8089-4c51-a999-81579e5913f2@group-0E159EE4F99E-LeaderElection465] INFO  impl.RoleInfo (RoleInfo.java:updateAndGet(143)) - b3bb9051-8089-4c51-a999-81579e5913f2: start FollowerState
2019-11-05 08:24:20,163 [Thread-3454] INFO  impl.FollowerState (FollowerState.java:run(108)) - 4a682f4f-c3f2-4b77-88b7-f0ab78890feb@group-0DB8C7688BF9-FollowerState: change to CANDIDATE, lastRpcTime:126ms, electionTimeout:126ms
2019-11-05 08:24:20,163 [Thread-3454] INFO  impl.RoleInfo (RoleInfo.java:shutdownFollowerState(121)) - 4a682f4f-c3f2-4b77-88b7-f0ab78890feb: shutdown FollowerState
2019-11-05 08:24:20,163 [Thread-3454] INFO  impl.RaftServerImpl (RaftServerImpl.java:setRole(184)) - 4a682f4f-c3f2-4b77-88b7-f0ab78890feb@group-0DB8C7688BF9: changes role from  FOLLOWER to CANDIDATE at term 241 for changeToCandidate
2019-11-05 08:24:20,163 [Thread-3454] INFO  impl.RoleInfo (RoleInfo.java:updateAndGet(143)) - 4a682f4f-c3f2-4b77-88b7-f0ab78890feb: start LeaderElection
2019-11-05 08:24:20,178 [4a682f4f-c3f2-4b77-88b7-f0ab78890feb@group-0DB8C7688BF9-LeaderElection466] INFO  impl.LeaderElection (LeaderElection.java:askForVotes(178)) - 4a682f4f-c3f2-4b77-88b7-f0ab78890feb@group-0DB8C7688BF9-LeaderElection466: begin an election at term 242 for -1: [77ab65e6-d942-49df-83a3-1d4c0bf152b3:192.168.164.217:39381, 7e1b84a9-a041-44fd-8008-f2679426984c:192.168.164.217:44149, 4a682f4f-c3f2-4b77-88b7-f0ab78890feb:192.168.164.217:34174], old=null
2019-11-05 08:24:20,179 [grpc-default-executor-4] INFO  impl.RaftServerImpl (RaftServerImpl.java:setRole(184)) - 77ab65e6-d942-49df-83a3-1d4c0bf152b3@group-0DB8C7688BF9: changes role from  FOLLOWER to FOLLOWER at term 242 for recognizeCandidate:4a682f4f-c3f2-4b77-88b7-f0ab78890feb
2019-11-05 08:24:20,179 [grpc-default-executor-4] INFO  impl.RoleInfo (RoleInfo.java:shutdownFollowerState(121)) - 77ab65e6-d942-49df-83a3-1d4c0bf152b3: shutdown FollowerState
2019-11-05 08:24:20,179 [grpc-default-executor-3] INFO  impl.RaftServerImpl (RaftServerImpl.java:setRole(184)) - 7e1b84a9-a041-44fd-8008-f2679426984c@group-0DB8C7688BF9: changes role from  FOLLOWER to FOLLOWER at term 242 for recognizeCandidate:4a682f4f-c3f2-4b77-88b7-f0ab78890feb
2019-11-05 08:24:20,179 [grpc-default-executor-4] INFO  impl.RoleInfo (RoleInfo.java:updateAndGet(143)) - 77ab65e6-d942-49df-83a3-1d4c0bf152b3: start FollowerState
2019-11-05 08:24:20,179 [Thread-3453] INFO  impl.FollowerState (FollowerState.java:run(117)) - 77ab65e6-d942-49df-83a3-1d4c0bf152b3@group-0DB8C7688BF9-FollowerState was interrupted: java.lang.InterruptedException: sleep interrupted
2019-11-05 08:24:20,179 [grpc-default-executor-3] INFO  impl.RoleInfo (RoleInfo.java:shutdownFollowerState(121)) - 7e1b84a9-a041-44fd-8008-f2679426984c: shutdown FollowerState
2019-11-05 08:24:20,180 [grpc-default-executor-3] INFO  impl.RoleInfo (RoleInfo.java:updateAndGet(143)) - 7e1b84a9-a041-44fd-8008-f2679426984c: start FollowerState
2019-11-05 08:24:20,180 [Thread-3452] INFO  impl.FollowerState (FollowerState.java:run(117)) - 7e1b84a9-a041-44fd-8008-f2679426984c@group-0DB8C7688BF9-FollowerState was interrupted: java.lang.InterruptedException: sleep interrupted
2019-11-05 08:24:20,193 [4a682f4f-c3f2-4b77-88b7-f0ab78890feb@group-0DB8C7688BF9-LeaderElection466] INFO  impl.LeaderElection (LeaderElection.java:logAndReturn(56)) - 4a682f4f-c3f2-4b77-88b7-f0ab78890feb@group-0DB8C7688BF9-LeaderElection466: Election REJECTED; received 2 response(s) [4a682f4f-c3f2-4b77-88b7-f0ab78890feb<-77ab65e6-d942-49df-83a3-1d4c0bf152b3#0:FAIL-t242, 4a682f4f-c3f2-4b77-88b7-f0ab78890feb<-7e1b84a9-a041-44fd-8008-f2679426984c#0:FAIL-t242] and 0 exception(s); 4a682f4f-c3f2-4b77-88b7-f0ab78890feb@group-0DB8C7688BF9:t242, leader=null, voted=4a682f4f-c3f2-4b77-88b7-f0ab78890feb, raftlog=4a682f4f-c3f2-4b77-88b7-f0ab78890feb@group-0DB8C7688BF9-SegmentedRaftLog:OPENED:c-1,f-1,i0, conf=-1: [77ab65e6-d942-49df-83a3-1d4c0bf152b3:192.168.164.217:39381, 7e1b84a9-a041-44fd-8008-f2679426984c:192.168.164.217:44149, 4a682f4f-c3f2-4b77-88b7-f0ab78890feb:192.168.164.217:34174], old=null
2019-11-05 08:24:20,194 [4a682f4f-c3f2-4b77-88b7-f0ab78890feb@group-0DB8C7688BF9-LeaderElection466] INFO  impl.RaftServerImpl (RaftServerImpl.java:setRole(184)) - 4a682f4f-c3f2-4b77-88b7-f0ab78890feb@group-0DB8C7688BF9: changes role from CANDIDATE to FOLLOWER at term 242 for DISCOVERED_A_NEW_TERM
2019-11-05 08:24:20,194 [4a682f4f-c3f2-4b77-88b7-f0ab78890feb@group-0DB8C7688BF9-LeaderElection466] INFO  impl.RoleInfo (RoleInfo.java:shutdownLeaderElection(134)) - 4a682f4f-c3f2-4b77-88b7-f0ab78890feb: shutdown LeaderElection
2019-11-05 08:24:20,194 [4a682f4f-c3f2-4b77-88b7-f0ab78890feb@group-0DB8C7688BF9-LeaderElection466] INFO  impl.RoleInfo (RoleInfo.java:updateAndGet(143)) - 4a682f4f-c3f2-4b77-88b7-f0ab78890feb: start FollowerState
2019-11-05 08:24:20,210 [Datanode State Machine Thread - 0] INFO  statemachine.DatanodeStateMachine (DatanodeStateMachine.java:lambda$startDaemon$0(350)) - Ozone container server started.
2019-11-05 08:24:20,223 [Thread-3464] INFO  impl.FollowerState (FollowerState.java:run(108)) - 4a682f4f-c3f2-4b77-88b7-f0ab78890feb@group-0DB8C7688BF9-FollowerState: change to CANDIDATE, lastRpcTime:29ms, electionTimeout:29ms
2019-11-05 08:24:20,223 [Thread-3464] INFO  impl.RoleInfo (RoleInfo.java:shutdownFollowerState(121)) - 4a682f4f-c3f2-4b77-88b7-f0ab78890feb: shutdown FollowerState
2019-11-05 08:24:20,223 [Thread-3464] INFO  impl.RaftServerImpl (RaftServerImpl.java:setRole(184)) - 4a682f4f-c3f2-4b77-88b7-f0ab78890feb@group-0DB8C7688BF9: changes role from  FOLLOWER to CANDIDATE at term 242 for changeToCandidate
2019-11-05 08:24:20,223 [Thread-3464] INFO  impl.RoleInfo (RoleInfo.java:updateAndGet(143)) - 4a682f4f-c3f2-4b77-88b7-f0ab78890feb: start LeaderElection
2019-11-05 08:24:20,236 [4a682f4f-c3f2-4b77-88b7-f0ab78890feb@group-0DB8C7688BF9-LeaderElection467] INFO  impl.LeaderElection (LeaderElection.java:askForVotes(178)) - 4a682f4f-c3f2-4b77-88b7-f0ab78890feb@group-0DB8C7688BF9-LeaderElection467: begin an election at term 243 for -1: [77ab65e6-d942-49df-83a3-1d4c0bf152b3:192.168.164.217:39381, 7e1b84a9-a041-44fd-8008-f2679426984c:192.168.164.217:44149, 4a682f4f-c3f2-4b77-88b7-f0ab78890feb:192.168.164.217:34174], old=null
2019-11-05 08:24:20,237 [grpc-default-executor-3] INFO  impl.RaftServerImpl (RaftServerImpl.java:setRole(184)) - 77ab65e6-d942-49df-83a3-1d4c0bf152b3@group-0DB8C7688BF9: changes role from  FOLLOWER to FOLLOWER at term 243 for recognizeCandidate:4a682f4f-c3f2-4b77-88b7-f0ab78890feb
2019-11-05 08:24:20,238 [grpc-default-executor-3] INFO  impl.RoleInfo (RoleInfo.java:shutdownFollowerState(121)) - 77ab65e6-d942-49df-83a3-1d4c0bf152b3: shutdown FollowerState
2019-11-05 08:24:20,238 [grpc-default-executor-3] INFO  impl.RoleInfo (RoleInfo.java:updateAndGet(143)) - 77ab65e6-d942-49df-83a3-1d4c0bf152b3: start FollowerState
2019-11-05 08:24:20,238 [Thread-3462] INFO  impl.FollowerState (FollowerState.java:run(117)) - 77ab65e6-d942-49df-83a3-1d4c0bf152b3@group-0DB8C7688BF9-FollowerState was interrupted: java.lang.InterruptedException: sleep interrupted
2019-11-05 08:24:20,238 [grpc-default-executor-4] INFO  impl.RaftServerImpl (RaftServerImpl.java:setRole(184)) - 7e1b84a9-a041-44fd-8008-f2679426984c@group-0DB8C7688BF9: changes role from  FOLLOWER to FOLLOWER at term 243 for recognizeCandidate:4a682f4f-c3f2-4b77-88b7-f0ab78890feb
2019-11-05 08:24:20,238 [grpc-default-executor-4] INFO  impl.RoleInfo (RoleInfo.java:shutdownFollowerState(121)) - 7e1b84a9-a041-44fd-8008-f2679426984c: shutdown FollowerState
2019-11-05 08:24:20,238 [grpc-default-executor-4] INFO  impl.RoleInfo (RoleInfo.java:updateAndGet(143)) - 7e1b84a9-a041-44fd-8008-f2679426984c: start FollowerState
2019-11-05 08:24:20,238 [Thread-3463] INFO  impl.FollowerState (FollowerState.java:run(117)) - 7e1b84a9-a041-44fd-8008-f2679426984c@group-0DB8C7688BF9-FollowerState was interrupted: java.lang.InterruptedException: sleep interrupted
2019-11-05 08:24:20,245 [java.util.concurrent.ThreadPoolExecutor$Worker@4893213[State = -1, empty queue]] WARN  server.GrpcLogAppender (GrpcLogAppender.java:timeoutAppendRequest(209)) - 6189f8a4-91dd-451f-abcb-72b2dcd73465@group-9D53872EEF85->fe5257f1-588f-41af-bf70-1c04126c8968-GrpcLogAppender: appendEntries Timeout, request=6189f8a4-91dd-451f-abcb-72b2dcd73465->fe5257f1-588f-41af-bf70-1c04126c8968#76-t4, previous=(t:4, i:20), leaderCommit=20, initializing? false, entries: <empty>
2019-11-05 08:24:20,251 [4a682f4f-c3f2-4b77-88b7-f0ab78890feb@group-0DB8C7688BF9-LeaderElection467] INFO  impl.LeaderElection (LeaderElection.java:logAndReturn(56)) - 4a682f4f-c3f2-4b77-88b7-f0ab78890feb@group-0DB8C7688BF9-LeaderElection467: Election REJECTED; received 2 response(s) [4a682f4f-c3f2-4b77-88b7-f0ab78890feb<-77ab65e6-d942-49df-83a3-1d4c0bf152b3#0:FAIL-t243, 4a682f4f-c3f2-4b77-88b7-f0ab78890feb<-7e1b84a9-a041-44fd-8008-f2679426984c#0:FAIL-t243] and 0 exception(s); 4a682f4f-c3f2-4b77-88b7-f0ab78890feb@group-0DB8C7688BF9:t243, leader=null, voted=4a682f4f-c3f2-4b77-88b7-f0ab78890feb, raftlog=4a682f4f-c3f2-4b77-88b7-f0ab78890feb@group-0DB8C7688BF9-SegmentedRaftLog:OPENED:c-1,f-1,i0, conf=-1: [77ab65e6-d942-49df-83a3-1d4c0bf152b3:192.168.164.217:39381, 7e1b84a9-a041-44fd-8008-f2679426984c:192.168.164.217:44149, 4a682f4f-c3f2-4b77-88b7-f0ab78890feb:192.168.164.217:34174], old=null
2019-11-05 08:24:20,252 [4a682f4f-c3f2-4b77-88b7-f0ab78890feb@group-0DB8C7688BF9-LeaderElection467] INFO  impl.RaftServerImpl (RaftServerImpl.java:setRole(184)) - 4a682f4f-c3f2-4b77-88b7-f0ab78890feb@group-0DB8C7688BF9: changes role from CANDIDATE to FOLLOWER at term 243 for DISCOVERED_A_NEW_TERM
2019-11-05 08:24:20,252 [4a682f4f-c3f2-4b77-88b7-f0ab78890feb@group-0DB8C7688BF9-LeaderElection467] INFO  impl.RoleInfo (RoleInfo.java:shutdownLeaderElection(134)) - 4a682f4f-c3f2-4b77-88b7-f0ab78890feb: shutdown LeaderElection
2019-11-05 08:24:20,252 [4a682f4f-c3f2-4b77-88b7-f0ab78890feb@group-0DB8C7688BF9-LeaderElection467] INFO  impl.RoleInfo (RoleInfo.java:updateAndGet(143)) - 4a682f4f-c3f2-4b77-88b7-f0ab78890feb: start FollowerState
2019-11-05 08:24:20,409 [Thread-3470] INFO  impl.FollowerState (FollowerState.java:run(108)) - 4a682f4f-c3f2-4b77-88b7-f0ab78890feb@group-0DB8C7688BF9-FollowerState: change to CANDIDATE, lastRpcTime:157ms, electionTimeout:157ms
2019-11-05 08:24:20,409 [Thread-3470] INFO  impl.RoleInfo (RoleInfo.java:shutdownFollowerState(121)) - 4a682f4f-c3f2-4b77-88b7-f0ab78890feb: shutdown FollowerState
2019-11-05 08:24:20,409 [Thread-3470] INFO  impl.RaftServerImpl (RaftServerImpl.java:setRole(184)) - 4a682f4f-c3f2-4b77-88b7-f0ab78890feb@group-0DB8C7688BF9: changes role from  FOLLOWER to CANDIDATE at term 243 for changeToCandidate
2019-11-05 08:24:20,409 [Thread-3470] INFO  impl.RoleInfo (RoleInfo.java:updateAndGet(143)) - 4a682f4f-c3f2-4b77-88b7-f0ab78890feb: start LeaderElection
2019-11-05 08:24:20,423 [4a682f4f-c3f2-4b77-88b7-f0ab78890feb@group-0DB8C7688BF9-LeaderElection468] INFO  impl.LeaderElection (LeaderElection.java:askForVotes(178)) - 4a682f4f-c3f2-4b77-88b7-f0ab78890feb@group-0DB8C7688BF9-LeaderElection468: begin an election at term 244 for -1: [77ab65e6-d942-49df-83a3-1d4c0bf152b3:192.168.164.217:39381, 7e1b84a9-a041-44fd-8008-f2679426984c:192.168.164.217:44149, 4a682f4f-c3f2-4b77-88b7-f0ab78890feb:192.168.164.217:34174], old=null
2019-11-05 08:24:20,425 [grpc-default-executor-3] INFO  impl.RaftServerImpl (RaftServerImpl.java:setRole(184)) - 77ab65e6-d942-49df-83a3-1d4c0bf152b3@group-0DB8C7688BF9: changes role from  FOLLOWER to FOLLOWER at term 244 for recognizeCandidate:4a682f4f-c3f2-4b77-88b7-f0ab78890feb
2019-11-05 08:24:20,425 [grpc-default-executor-3] INFO  impl.RoleInfo (RoleInfo.java:shutdownFollowerState(121)) - 77ab65e6-d942-49df-83a3-1d4c0bf152b3: shutdown FollowerState
2019-11-05 08:24:20,425 [grpc-default-executor-4] INFO  impl.RaftServerImpl (RaftServerImpl.java:setRole(184)) - 7e1b84a9-a041-44fd-8008-f2679426984c@group-0DB8C7688BF9: changes role from  FOLLOWER to FOLLOWER at term 244 for recognizeCandidate:4a682f4f-c3f2-4b77-88b7-f0ab78890feb
2019-11-05 08:24:20,425 [grpc-default-executor-4] INFO  impl.RoleInfo (RoleInfo.java:shutdownFollowerState(121)) - 7e1b84a9-a041-44fd-8008-f2679426984c: shutdown FollowerState
2019-11-05 08:24:20,425 [Thread-3468] INFO  impl.FollowerState (FollowerState.java:run(117)) - 77ab65e6-d942-49df-83a3-1d4c0bf152b3@group-0DB8C7688BF9-FollowerState was interrupted: java.lang.InterruptedException: sleep interrupted
2019-11-05 08:24:20,425 [Thread-3469] INFO  impl.FollowerState (FollowerState.java:run(117)) - 7e1b84a9-a041-44fd-8008-f2679426984c@group-0DB8C7688BF9-FollowerState was interrupted: java.lang.InterruptedException: sleep interrupted
2019-11-05 08:24:20,425 [grpc-default-executor-3] INFO  impl.RoleInfo (RoleInfo.java:updateAndGet(143)) - 77ab65e6-d942-49df-83a3-1d4c0bf152b3: start FollowerState
2019-11-05 08:24:20,425 [grpc-default-executor-4] INFO  impl.RoleInfo (RoleInfo.java:updateAndGet(143)) - 7e1b84a9-a041-44fd-8008-f2679426984c: start FollowerState
2019-11-05 08:24:20,440 [4a682f4f-c3f2-4b77-88b7-f0ab78890feb@group-0DB8C7688BF9-LeaderElection468] INFO  impl.LeaderElection (LeaderElection.java:logAndReturn(56)) - 4a682f4f-c3f2-4b77-88b7-f0ab78890feb@group-0DB8C7688BF9-LeaderElection468: Election REJECTED; received 2 response(s) [4a682f4f-c3f2-4b77-88b7-f0ab78890feb<-77ab65e6-d942-49df-83a3-1d4c0bf152b3#0:FAIL-t244, 4a682f4f-c3f2-4b77-88b7-f0ab78890feb<-7e1b84a9-a041-44fd-8008-f2679426984c#0:FAIL-t244] and 0 exception(s); 4a682f4f-c3f2-4b77-88b7-f0ab78890feb@group-0DB8C7688BF9:t244, leader=null, voted=4a682f4f-c3f2-4b77-88b7-f0ab78890feb, raftlog=4a682f4f-c3f2-4b77-88b7-f0ab78890feb@group-0DB8C7688BF9-SegmentedRaftLog:OPENED:c-1,f-1,i0, conf=-1: [77ab65e6-d942-49df-83a3-1d4c0bf152b3:192.168.164.217:39381, 7e1b84a9-a041-44fd-8008-f2679426984c:192.168.164.217:44149, 4a682f4f-c3f2-4b77-88b7-f0ab78890feb:192.168.164.217:34174], old=null
2019-11-05 08:24:20,440 [4a682f4f-c3f2-4b77-88b7-f0ab78890feb@group-0DB8C7688BF9-LeaderElection468] INFO  impl.RaftServerImpl (RaftServerImpl.java:setRole(184)) - 4a682f4f-c3f2-4b77-88b7-f0ab78890feb@group-0DB8C7688BF9: changes role from CANDIDATE to FOLLOWER at term 244 for DISCOVERED_A_NEW_TERM
2019-11-05 08:24:20,440 [4a682f4f-c3f2-4b77-88b7-f0ab78890feb@group-0DB8C7688BF9-LeaderElection468] INFO  impl.RoleInfo (RoleInfo.java:shutdownLeaderElection(134)) - 4a682f4f-c3f2-4b77-88b7-f0ab78890feb: shutdown LeaderElection
2019-11-05 08:24:20,440 [4a682f4f-c3f2-4b77-88b7-f0ab78890feb@group-0DB8C7688BF9-LeaderElection468] INFO  impl.RoleInfo (RoleInfo.java:updateAndGet(143)) - 4a682f4f-c3f2-4b77-88b7-f0ab78890feb: start FollowerState
2019-11-05 08:24:20,584 [Thread-3477] INFO  impl.FollowerState (FollowerState.java:run(108)) - 4a682f4f-c3f2-4b77-88b7-f0ab78890feb@group-0DB8C7688BF9-FollowerState: change to CANDIDATE, lastRpcTime:144ms, electionTimeout:144ms
2019-11-05 08:24:20,584 [Thread-3477] INFO  impl.RoleInfo (RoleInfo.java:shutdownFollowerState(121)) - 4a682f4f-c3f2-4b77-88b7-f0ab78890feb: shutdown FollowerState
2019-11-05 08:24:20,584 [Thread-3477] INFO  impl.RaftServerImpl (RaftServerImpl.java:setRole(184)) - 4a682f4f-c3f2-4b77-88b7-f0ab78890feb@group-0DB8C7688BF9: changes role from  FOLLOWER to CANDIDATE at term 244 for changeToCandidate
2019-11-05 08:24:20,585 [Thread-3477] INFO  impl.RoleInfo (RoleInfo.java:updateAndGet(143)) - 4a682f4f-c3f2-4b77-88b7-f0ab78890feb: start LeaderElection
2019-11-05 08:24:20,598 [4a682f4f-c3f2-4b77-88b7-f0ab78890feb@group-0DB8C7688BF9-LeaderElection469] INFO  impl.LeaderElection (LeaderElection.java:askForVotes(178)) - 4a682f4f-c3f2-4b77-88b7-f0ab78890feb@group-0DB8C7688BF9-LeaderElection469: begin an election at term 245 for -1: [77ab65e6-d942-49df-83a3-1d4c0bf152b3:192.168.164.217:39381, 7e1b84a9-a041-44fd-8008-f2679426984c:192.168.164.217:44149, 4a682f4f-c3f2-4b77-88b7-f0ab78890feb:192.168.164.217:34174], old=null
2019-11-05 08:24:20,600 [grpc-default-executor-3] INFO  impl.RaftServerImpl (RaftServerImpl.java:setRole(184)) - 77ab65e6-d942-49df-83a3-1d4c0bf152b3@group-0DB8C7688BF9: changes role from  FOLLOWER to FOLLOWER at term 245 for recognizeCandidate:4a682f4f-c3f2-4b77-88b7-f0ab78890feb
2019-11-05 08:24:20,600 [grpc-default-executor-3] INFO  impl.RoleInfo (RoleInfo.java:shutdownFollowerState(121)) - 77ab65e6-d942-49df-83a3-1d4c0bf152b3: shutdown FollowerState
2019-11-05 08:24:20,600 [grpc-default-executor-3] INFO  impl.RoleInfo (RoleInfo.java:updateAndGet(143)) - 77ab65e6-d942-49df-83a3-1d4c0bf152b3: start FollowerState
2019-11-05 08:24:20,601 [Thread-3475] INFO  impl.FollowerState (FollowerState.java:run(117)) - 77ab65e6-d942-49df-83a3-1d4c0bf152b3@group-0DB8C7688BF9-FollowerState was interrupted: java.lang.InterruptedException: sleep interrupted
2019-11-05 08:24:20,601 [grpc-default-executor-4] INFO  impl.RaftServerImpl (RaftServerImpl.java:setRole(184)) - 7e1b84a9-a041-44fd-8008-f2679426984c@group-0DB8C7688BF9: changes role from  FOLLOWER to FOLLOWER at term 245 for recognizeCandidate:4a682f4f-c3f2-4b77-88b7-f0ab78890feb
2019-11-05 08:24:20,601 [grpc-default-executor-4] INFO  impl.RoleInfo (RoleInfo.java:shutdownFollowerState(121)) - 7e1b84a9-a041-44fd-8008-f2679426984c: shutdown FollowerState
2019-11-05 08:24:20,601 [grpc-default-executor-4] INFO  impl.RoleInfo (RoleInfo.java:updateAndGet(143)) - 7e1b84a9-a041-44fd-8008-f2679426984c: start FollowerState
2019-11-05 08:24:20,601 [Thread-3476] INFO  impl.FollowerState (FollowerState.java:run(117)) - 7e1b84a9-a041-44fd-8008-f2679426984c@group-0DB8C7688BF9-FollowerState was interrupted: java.lang.InterruptedException: sleep interrupted
2019-11-05 08:24:20,616 [4a682f4f-c3f2-4b77-88b7-f0ab78890feb@group-0DB8C7688BF9-LeaderElection469] INFO  impl.LeaderElection (LeaderElection.java:logAndReturn(56)) - 4a682f4f-c3f2-4b77-88b7-f0ab78890feb@group-0DB8C7688BF9-LeaderElection469: Election REJECTED; received 2 response(s) [4a682f4f-c3f2-4b77-88b7-f0ab78890feb<-77ab65e6-d942-49df-83a3-1d4c0bf152b3#0:FAIL-t245, 4a682f4f-c3f2-4b77-88b7-f0ab78890feb<-7e1b84a9-a041-44fd-8008-f2679426984c#0:FAIL-t245] and 0 exception(s); 4a682f4f-c3f2-4b77-88b7-f0ab78890feb@group-0DB8C7688BF9:t245, leader=null, voted=4a682f4f-c3f2-4b77-88b7-f0ab78890feb, raftlog=4a682f4f-c3f2-4b77-88b7-f0ab78890feb@group-0DB8C7688BF9-SegmentedRaftLog:OPENED:c-1,f-1,i0, conf=-1: [77ab65e6-d942-49df-83a3-1d4c0bf152b3:192.168.164.217:39381, 7e1b84a9-a041-44fd-8008-f2679426984c:192.168.164.217:44149, 4a682f4f-c3f2-4b77-88b7-f0ab78890feb:192.168.164.217:34174], old=null
2019-11-05 08:24:20,616 [4a682f4f-c3f2-4b77-88b7-f0ab78890feb@group-0DB8C7688BF9-LeaderElection469] INFO  impl.RaftServerImpl (RaftServerImpl.java:setRole(184)) - 4a682f4f-c3f2-4b77-88b7-f0ab78890feb@group-0DB8C7688BF9: changes role from CANDIDATE to FOLLOWER at term 245 for DISCOVERED_A_NEW_TERM
2019-11-05 08:24:20,616 [4a682f4f-c3f2-4b77-88b7-f0ab78890feb@group-0DB8C7688BF9-LeaderElection469] INFO  impl.RoleInfo (RoleInfo.java:shutdownLeaderElection(134)) - 4a682f4f-c3f2-4b77-88b7-f0ab78890feb: shutdown LeaderElection
2019-11-05 08:24:20,616 [4a682f4f-c3f2-4b77-88b7-f0ab78890feb@group-0DB8C7688BF9-LeaderElection469] INFO  impl.RoleInfo (RoleInfo.java:updateAndGet(143)) - 4a682f4f-c3f2-4b77-88b7-f0ab78890feb: start FollowerState
2019-11-05 08:24:20,745 [java.util.concurrent.ThreadPoolExecutor$Worker@4893213[State = -1, empty queue]] WARN  server.GrpcLogAppender (GrpcLogAppender.java:timeoutAppendRequest(209)) - 6189f8a4-91dd-451f-abcb-72b2dcd73465@group-9D53872EEF85->fe5257f1-588f-41af-bf70-1c04126c8968-GrpcLogAppender: appendEntries Timeout, request=6189f8a4-91dd-451f-abcb-72b2dcd73465->fe5257f1-588f-41af-bf70-1c04126c8968#77-t4, previous=(t:4, i:20), leaderCommit=20, initializing? false, entries: <empty>
2019-11-05 08:24:20,812 [Thread-3483] INFO  impl.FollowerState (FollowerState.java:run(108)) - 4a682f4f-c3f2-4b77-88b7-f0ab78890feb@group-0DB8C7688BF9-FollowerState: change to CANDIDATE, lastRpcTime:196ms, electionTimeout:196ms
2019-11-05 08:24:20,813 [Thread-3483] INFO  impl.RoleInfo (RoleInfo.java:shutdownFollowerState(121)) - 4a682f4f-c3f2-4b77-88b7-f0ab78890feb: shutdown FollowerState
2019-11-05 08:24:20,813 [Thread-3483] INFO  impl.RaftServerImpl (RaftServerImpl.java:setRole(184)) - 4a682f4f-c3f2-4b77-88b7-f0ab78890feb@group-0DB8C7688BF9: changes role from  FOLLOWER to CANDIDATE at term 245 for changeToCandidate
2019-11-05 08:24:20,813 [Thread-3483] INFO  impl.RoleInfo (RoleInfo.java:updateAndGet(143)) - 4a682f4f-c3f2-4b77-88b7-f0ab78890feb: start LeaderElection
2019-11-05 08:24:20,826 [4a682f4f-c3f2-4b77-88b7-f0ab78890feb@group-0DB8C7688BF9-LeaderElection470] INFO  impl.LeaderElection (LeaderElection.java:askForVotes(178)) - 4a682f4f-c3f2-4b77-88b7-f0ab78890feb@group-0DB8C7688BF9-LeaderElection470: begin an election at term 246 for -1: [77ab65e6-d942-49df-83a3-1d4c0bf152b3:192.168.164.217:39381, 7e1b84a9-a041-44fd-8008-f2679426984c:192.168.164.217:44149, 4a682f4f-c3f2-4b77-88b7-f0ab78890feb:192.168.164.217:34174], old=null
2019-11-05 08:24:20,827 [grpc-default-executor-3] INFO  impl.RaftServerImpl (RaftServerImpl.java:setRole(184)) - 77ab65e6-d942-49df-83a3-1d4c0bf152b3@group-0DB8C7688BF9: changes role from  FOLLOWER to FOLLOWER at term 246 for recognizeCandidate:4a682f4f-c3f2-4b77-88b7-f0ab78890feb
2019-11-05 08:24:20,828 [grpc-default-executor-3] INFO  impl.RoleInfo (RoleInfo.java:shutdownFollowerState(121)) - 77ab65e6-d942-49df-83a3-1d4c0bf152b3: shutdown FollowerState
2019-11-05 08:24:20,828 [grpc-default-executor-4] INFO  impl.RaftServerImpl (RaftServerImpl.java:setRole(184)) - 7e1b84a9-a041-44fd-8008-f2679426984c@group-0DB8C7688BF9: changes role from  FOLLOWER to FOLLOWER at term 246 for recognizeCandidate:4a682f4f-c3f2-4b77-88b7-f0ab78890feb
2019-11-05 08:24:20,828 [Thread-3481] INFO  impl.FollowerState (FollowerState.java:run(117)) - 77ab65e6-d942-49df-83a3-1d4c0bf152b3@group-0DB8C7688BF9-FollowerState was interrupted: java.lang.InterruptedException: sleep interrupted
2019-11-05 08:24:20,828 [grpc-default-executor-3] INFO  impl.RoleInfo (RoleInfo.java:updateAndGet(143)) - 77ab65e6-d942-49df-83a3-1d4c0bf152b3: start FollowerState
2019-11-05 08:24:20,828 [grpc-default-executor-4] INFO  impl.RoleInfo (RoleInfo.java:shutdownFollowerState(121)) - 7e1b84a9-a041-44fd-8008-f2679426984c: shutdown FollowerState
2019-11-05 08:24:20,828 [grpc-default-executor-4] INFO  impl.RoleInfo (RoleInfo.java:updateAndGet(143)) - 7e1b84a9-a041-44fd-8008-f2679426984c: start FollowerState
2019-11-05 08:24:20,828 [Thread-3482] INFO  impl.FollowerState (FollowerState.java:run(117)) - 7e1b84a9-a041-44fd-8008-f2679426984c@group-0DB8C7688BF9-FollowerState was interrupted: java.lang.InterruptedException: sleep interrupted
2019-11-05 08:24:20,842 [4a682f4f-c3f2-4b77-88b7-f0ab78890feb@group-0DB8C7688BF9-LeaderElection470] INFO  impl.LeaderElection (LeaderElection.java:logAndReturn(56)) - 4a682f4f-c3f2-4b77-88b7-f0ab78890feb@group-0DB8C7688BF9-LeaderElection470: Election REJECTED; received 2 response(s) [4a682f4f-c3f2-4b77-88b7-f0ab78890feb<-77ab65e6-d942-49df-83a3-1d4c0bf152b3#0:FAIL-t246, 4a682f4f-c3f2-4b77-88b7-f0ab78890feb<-7e1b84a9-a041-44fd-8008-f2679426984c#0:FAIL-t246] and 0 exception(s); 4a682f4f-c3f2-4b77-88b7-f0ab78890feb@group-0DB8C7688BF9:t246, leader=null, voted=4a682f4f-c3f2-4b77-88b7-f0ab78890feb, raftlog=4a682f4f-c3f2-4b77-88b7-f0ab78890feb@group-0DB8C7688BF9-SegmentedRaftLog:OPENED:c-1,f-1,i0, conf=-1: [77ab65e6-d942-49df-83a3-1d4c0bf152b3:192.168.164.217:39381, 7e1b84a9-a041-44fd-8008-f2679426984c:192.168.164.217:44149, 4a682f4f-c3f2-4b77-88b7-f0ab78890feb:192.168.164.217:34174], old=null
2019-11-05 08:24:20,842 [4a682f4f-c3f2-4b77-88b7-f0ab78890feb@group-0DB8C7688BF9-LeaderElection470] INFO  impl.RaftServerImpl (RaftServerImpl.java:setRole(184)) - 4a682f4f-c3f2-4b77-88b7-f0ab78890feb@group-0DB8C7688BF9: changes role from CANDIDATE to FOLLOWER at term 246 for DISCOVERED_A_NEW_TERM
2019-11-05 08:24:20,842 [4a682f4f-c3f2-4b77-88b7-f0ab78890feb@group-0DB8C7688BF9-LeaderElection470] INFO  impl.RoleInfo (RoleInfo.java:shutdownLeaderElection(134)) - 4a682f4f-c3f2-4b77-88b7-f0ab78890feb: shutdown LeaderElection
2019-11-05 08:24:20,842 [4a682f4f-c3f2-4b77-88b7-f0ab78890feb@group-0DB8C7688BF9-LeaderElection470] INFO  impl.RoleInfo (RoleInfo.java:updateAndGet(143)) - 4a682f4f-c3f2-4b77-88b7-f0ab78890feb: start FollowerState
2019-11-05 08:24:20,927 [Thread-3490] INFO  impl.FollowerState (FollowerState.java:run(108)) - 4a682f4f-c3f2-4b77-88b7-f0ab78890feb@group-0DB8C7688BF9-FollowerState: change to CANDIDATE, lastRpcTime:84ms, electionTimeout:84ms
2019-11-05 08:24:20,927 [Thread-3490] INFO  impl.RoleInfo (RoleInfo.java:shutdownFollowerState(121)) - 4a682f4f-c3f2-4b77-88b7-f0ab78890feb: shutdown FollowerState
2019-11-05 08:24:20,927 [Thread-3490] INFO  impl.RaftServerImpl (RaftServerImpl.java:setRole(184)) - 4a682f4f-c3f2-4b77-88b7-f0ab78890feb@group-0DB8C7688BF9: changes role from  FOLLOWER to CANDIDATE at term 246 for changeToCandidate
2019-11-05 08:24:20,927 [Thread-3490] INFO  impl.RoleInfo (RoleInfo.java:updateAndGet(143)) - 4a682f4f-c3f2-4b77-88b7-f0ab78890feb: start LeaderElection
2019-11-05 08:24:20,942 [4a682f4f-c3f2-4b77-88b7-f0ab78890feb@group-0DB8C7688BF9-LeaderElection471] INFO  impl.LeaderElection (LeaderElection.java:askForVotes(178)) - 4a682f4f-c3f2-4b77-88b7-f0ab78890feb@group-0DB8C7688BF9-LeaderElection471: begin an election at term 247 for -1: [77ab65e6-d942-49df-83a3-1d4c0bf152b3:192.168.164.217:39381, 7e1b84a9-a041-44fd-8008-f2679426984c:192.168.164.217:44149, 4a682f4f-c3f2-4b77-88b7-f0ab78890feb:192.168.164.217:34174], old=null
2019-11-05 08:24:20,944 [grpc-default-executor-4] INFO  impl.RaftServerImpl (RaftServerImpl.java:setRole(184)) - 77ab65e6-d942-49df-83a3-1d4c0bf152b3@group-0DB8C7688BF9: changes role from  FOLLOWER to FOLLOWER at term 247 for recognizeCandidate:4a682f4f-c3f2-4b77-88b7-f0ab78890feb
2019-11-05 08:24:20,944 [grpc-default-executor-4] INFO  impl.RoleInfo (RoleInfo.java:shutdownFollowerState(121)) - 77ab65e6-d942-49df-83a3-1d4c0bf152b3: shutdown FollowerState
2019-11-05 08:24:20,944 [grpc-default-executor-3] INFO  impl.RaftServerImpl (RaftServerImpl.java:setRole(184)) - 7e1b84a9-a041-44fd-8008-f2679426984c@group-0DB8C7688BF9: changes role from  FOLLOWER to FOLLOWER at term 247 for recognizeCandidate:4a682f4f-c3f2-4b77-88b7-f0ab78890feb
2019-11-05 08:24:20,944 [Thread-3488] INFO  impl.FollowerState (FollowerState.java:run(117)) - 77ab65e6-d942-49df-83a3-1d4c0bf152b3@group-0DB8C7688BF9-FollowerState was interrupted: java.lang.InterruptedException: sleep interrupted
2019-11-05 08:24:20,944 [grpc-default-executor-4] INFO  impl.RoleInfo (RoleInfo.java:updateAndGet(143)) - 77ab65e6-d942-49df-83a3-1d4c0bf152b3: start FollowerState
2019-11-05 08:24:20,944 [grpc-default-executor-3] INFO  impl.RoleInfo (RoleInfo.java:shutdownFollowerState(121)) - 7e1b84a9-a041-44fd-8008-f2679426984c: shutdown FollowerState
2019-11-05 08:24:20,944 [grpc-default-executor-3] INFO  impl.RoleInfo (RoleInfo.java:updateAndGet(143)) - 7e1b84a9-a041-44fd-8008-f2679426984c: start FollowerState
2019-11-05 08:24:20,944 [Thread-3489] INFO  impl.FollowerState (FollowerState.java:run(117)) - 7e1b84a9-a041-44fd-8008-f2679426984c@group-0DB8C7688BF9-FollowerState was interrupted: java.lang.InterruptedException: sleep interrupted
2019-11-05 08:24:20,958 [4a682f4f-c3f2-4b77-88b7-f0ab78890feb@group-0DB8C7688BF9-LeaderElection471] INFO  impl.LeaderElection (LeaderElection.java:logAndReturn(56)) - 4a682f4f-c3f2-4b77-88b7-f0ab78890feb@group-0DB8C7688BF9-LeaderElection471: Election REJECTED; received 2 response(s) [4a682f4f-c3f2-4b77-88b7-f0ab78890feb<-77ab65e6-d942-49df-83a3-1d4c0bf152b3#0:FAIL-t247, 4a682f4f-c3f2-4b77-88b7-f0ab78890feb<-7e1b84a9-a041-44fd-8008-f2679426984c#0:FAIL-t247] and 0 exception(s); 4a682f4f-c3f2-4b77-88b7-f0ab78890feb@group-0DB8C7688BF9:t247, leader=null, voted=4a682f4f-c3f2-4b77-88b7-f0ab78890feb, raftlog=4a682f4f-c3f2-4b77-88b7-f0ab78890feb@group-0DB8C7688BF9-SegmentedRaftLog:OPENED:c-1,f-1,i0, conf=-1: [77ab65e6-d942-49df-83a3-1d4c0bf152b3:192.168.164.217:39381, 7e1b84a9-a041-44fd-8008-f2679426984c:192.168.164.217:44149, 4a682f4f-c3f2-4b77-88b7-f0ab78890feb:192.168.164.217:34174], old=null
2019-11-05 08:24:20,959 [4a682f4f-c3f2-4b77-88b7-f0ab78890feb@group-0DB8C7688BF9-LeaderElection471] INFO  impl.RaftServerImpl (RaftServerImpl.java:setRole(184)) - 4a682f4f-c3f2-4b77-88b7-f0ab78890feb@group-0DB8C7688BF9: changes role from CANDIDATE to FOLLOWER at term 247 for DISCOVERED_A_NEW_TERM
2019-11-05 08:24:20,959 [4a682f4f-c3f2-4b77-88b7-f0ab78890feb@group-0DB8C7688BF9-LeaderElection471] INFO  impl.RoleInfo (RoleInfo.java:shutdownLeaderElection(134)) - 4a682f4f-c3f2-4b77-88b7-f0ab78890feb: shutdown LeaderElection
2019-11-05 08:24:20,959 [4a682f4f-c3f2-4b77-88b7-f0ab78890feb@group-0DB8C7688BF9-LeaderElection471] INFO  impl.RoleInfo (RoleInfo.java:updateAndGet(143)) - 4a682f4f-c3f2-4b77-88b7-f0ab78890feb: start FollowerState
2019-11-05 08:24:20,964 [Thread-3496] INFO  impl.FollowerState (FollowerState.java:run(108)) - 4a682f4f-c3f2-4b77-88b7-f0ab78890feb@group-0DB8C7688BF9-FollowerState: change to CANDIDATE, lastRpcTime:5ms, electionTimeout:5ms
2019-11-05 08:24:20,964 [Thread-3496] INFO  impl.RoleInfo (RoleInfo.java:shutdownFollowerState(121)) - 4a682f4f-c3f2-4b77-88b7-f0ab78890feb: shutdown FollowerState
2019-11-05 08:24:20,964 [Thread-3496] INFO  impl.RaftServerImpl (RaftServerImpl.java:setRole(184)) - 4a682f4f-c3f2-4b77-88b7-f0ab78890feb@group-0DB8C7688BF9: changes role from  FOLLOWER to CANDIDATE at term 247 for changeToCandidate
2019-11-05 08:24:20,965 [Thread-3496] INFO  impl.RoleInfo (RoleInfo.java:updateAndGet(143)) - 4a682f4f-c3f2-4b77-88b7-f0ab78890feb: start LeaderElection
2019-11-05 08:24:20,978 [4a682f4f-c3f2-4b77-88b7-f0ab78890feb@group-0DB8C7688BF9-LeaderElection472] INFO  impl.LeaderElection (LeaderElection.java:askForVotes(178)) - 4a682f4f-c3f2-4b77-88b7-f0ab78890feb@group-0DB8C7688BF9-LeaderElection472: begin an election at term 248 for -1: [77ab65e6-d942-49df-83a3-1d4c0bf152b3:192.168.164.217:39381, 7e1b84a9-a041-44fd-8008-f2679426984c:192.168.164.217:44149, 4a682f4f-c3f2-4b77-88b7-f0ab78890feb:192.168.164.217:34174], old=null
2019-11-05 08:24:20,979 [grpc-default-executor-3] INFO  impl.RaftServerImpl (RaftServerImpl.java:setRole(184)) - 77ab65e6-d942-49df-83a3-1d4c0bf152b3@group-0DB8C7688BF9: changes role from  FOLLOWER to FOLLOWER at term 248 for recognizeCandidate:4a682f4f-c3f2-4b77-88b7-f0ab78890feb
2019-11-05 08:24:20,979 [grpc-default-executor-4] INFO  impl.RaftServerImpl (RaftServerImpl.java:setRole(184)) - 7e1b84a9-a041-44fd-8008-f2679426984c@group-0DB8C7688BF9: changes role from  FOLLOWER to FOLLOWER at term 248 for recognizeCandidate:4a682f4f-c3f2-4b77-88b7-f0ab78890feb
2019-11-05 08:24:20,980 [grpc-default-executor-4] INFO  impl.RoleInfo (RoleInfo.java:shutdownFollowerState(121)) - 7e1b84a9-a041-44fd-8008-f2679426984c: shutdown FollowerState
2019-11-05 08:24:20,979 [grpc-default-executor-3] INFO  impl.RoleInfo (RoleInfo.java:shutdownFollowerState(121)) - 77ab65e6-d942-49df-83a3-1d4c0bf152b3: shutdown FollowerState
2019-11-05 08:24:20,980 [Thread-3495] INFO  impl.FollowerState (FollowerState.java:run(117)) - 7e1b84a9-a041-44fd-8008-f2679426984c@group-0DB8C7688BF9-FollowerState was interrupted: java.lang.InterruptedException: sleep interrupted
2019-11-05 08:24:20,980 [grpc-default-executor-4] INFO  impl.RoleInfo (RoleInfo.java:updateAndGet(143)) - 7e1b84a9-a041-44fd-8008-f2679426984c: start FollowerState
2019-11-05 08:24:20,980 [Thread-3494] INFO  impl.FollowerState (FollowerState.java:run(117)) - 77ab65e6-d942-49df-83a3-1d4c0bf152b3@group-0DB8C7688BF9-FollowerState was interrupted: java.lang.InterruptedException: sleep interrupted
2019-11-05 08:24:20,980 [grpc-default-executor-3] INFO  impl.RoleInfo (RoleInfo.java:updateAndGet(143)) - 77ab65e6-d942-49df-83a3-1d4c0bf152b3: start FollowerState
2019-11-05 08:24:20,994 [4a682f4f-c3f2-4b77-88b7-f0ab78890feb@group-0DB8C7688BF9-LeaderElection472] INFO  impl.LeaderElection (LeaderElection.java:logAndReturn(56)) - 4a682f4f-c3f2-4b77-88b7-f0ab78890feb@group-0DB8C7688BF9-LeaderElection472: Election REJECTED; received 2 response(s) [4a682f4f-c3f2-4b77-88b7-f0ab78890feb<-77ab65e6-d942-49df-83a3-1d4c0bf152b3#0:FAIL-t248, 4a682f4f-c3f2-4b77-88b7-f0ab78890feb<-7e1b84a9-a041-44fd-8008-f2679426984c#0:FAIL-t248] and 0 exception(s); 4a682f4f-c3f2-4b77-88b7-f0ab78890feb@group-0DB8C7688BF9:t248, leader=null, voted=4a682f4f-c3f2-4b77-88b7-f0ab78890feb, raftlog=4a682f4f-c3f2-4b77-88b7-f0ab78890feb@group-0DB8C7688BF9-SegmentedRaftLog:OPENED:c-1,f-1,i0, conf=-1: [77ab65e6-d942-49df-83a3-1d4c0bf152b3:192.168.164.217:39381, 7e1b84a9-a041-44fd-8008-f2679426984c:192.168.164.217:44149, 4a682f4f-c3f2-4b77-88b7-f0ab78890feb:192.168.164.217:34174], old=null
2019-11-05 08:24:20,994 [4a682f4f-c3f2-4b77-88b7-f0ab78890feb@group-0DB8C7688BF9-LeaderElection472] INFO  impl.RaftServerImpl (RaftServerImpl.java:setRole(184)) - 4a682f4f-c3f2-4b77-88b7-f0ab78890feb@group-0DB8C7688BF9: changes role from CANDIDATE to FOLLOWER at term 248 for DISCOVERED_A_NEW_TERM
2019-11-05 08:24:20,994 [4a682f4f-c3f2-4b77-88b7-f0ab78890feb@group-0DB8C7688BF9-LeaderElection472] INFO  impl.RoleInfo (RoleInfo.java:shutdownLeaderElection(134)) - 4a682f4f-c3f2-4b77-88b7-f0ab78890feb: shutdown LeaderElection
2019-11-05 08:24:20,995 [4a682f4f-c3f2-4b77-88b7-f0ab78890feb@group-0DB8C7688BF9-LeaderElection472] INFO  impl.RoleInfo (RoleInfo.java:updateAndGet(143)) - 4a682f4f-c3f2-4b77-88b7-f0ab78890feb: start FollowerState
2019-11-05 08:24:21,132 [Thread-3502] INFO  impl.FollowerState (FollowerState.java:run(108)) - 4a682f4f-c3f2-4b77-88b7-f0ab78890feb@group-0DB8C7688BF9-FollowerState: change to CANDIDATE, lastRpcTime:137ms, electionTimeout:137ms
2019-11-05 08:24:21,133 [Thread-3502] INFO  impl.RoleInfo (RoleInfo.java:shutdownFollowerState(121)) - 4a682f4f-c3f2-4b77-88b7-f0ab78890feb: shutdown FollowerState
2019-11-05 08:24:21,133 [Thread-3502] INFO  impl.RaftServerImpl (RaftServerImpl.java:setRole(184)) - 4a682f4f-c3f2-4b77-88b7-f0ab78890feb@group-0DB8C7688BF9: changes role from  FOLLOWER to CANDIDATE at term 248 for changeToCandidate
2019-11-05 08:24:21,133 [Thread-3502] INFO  impl.RoleInfo (RoleInfo.java:updateAndGet(143)) - 4a682f4f-c3f2-4b77-88b7-f0ab78890feb: start LeaderElection
2019-11-05 08:24:21,147 [4a682f4f-c3f2-4b77-88b7-f0ab78890feb@group-0DB8C7688BF9-LeaderElection473] INFO  impl.LeaderElection (LeaderElection.java:askForVotes(178)) - 4a682f4f-c3f2-4b77-88b7-f0ab78890feb@group-0DB8C7688BF9-LeaderElection473: begin an election at term 249 for -1: [77ab65e6-d942-49df-83a3-1d4c0bf152b3:192.168.164.217:39381, 7e1b84a9-a041-44fd-8008-f2679426984c:192.168.164.217:44149, 4a682f4f-c3f2-4b77-88b7-f0ab78890feb:192.168.164.217:34174], old=null
2019-11-05 08:24:21,149 [grpc-default-executor-3] INFO  impl.RaftServerImpl (RaftServerImpl.java:setRole(184)) - 77ab65e6-d942-49df-83a3-1d4c0bf152b3@group-0DB8C7688BF9: changes role from  FOLLOWER to FOLLOWER at term 249 for recognizeCandidate:4a682f4f-c3f2-4b77-88b7-f0ab78890feb
2019-11-05 08:24:21,149 [grpc-default-executor-3] INFO  impl.RoleInfo (RoleInfo.java:shutdownFollowerState(121)) - 77ab65e6-d942-49df-83a3-1d4c0bf152b3: shutdown FollowerState
2019-11-05 08:24:21,149 [grpc-default-executor-3] INFO  impl.RoleInfo (RoleInfo.java:updateAndGet(143)) - 77ab65e6-d942-49df-83a3-1d4c0bf152b3: start FollowerState
2019-11-05 08:24:21,149 [Thread-3501] INFO  impl.FollowerState (FollowerState.java:run(117)) - 77ab65e6-d942-49df-83a3-1d4c0bf152b3@group-0DB8C7688BF9-FollowerState was interrupted: java.lang.InterruptedException: sleep interrupted
2019-11-05 08:24:21,149 [grpc-default-executor-4] INFO  impl.RaftServerImpl (RaftServerImpl.java:setRole(184)) - 7e1b84a9-a041-44fd-8008-f2679426984c@group-0DB8C7688BF9: changes role from  FOLLOWER to FOLLOWER at term 249 for recognizeCandidate:4a682f4f-c3f2-4b77-88b7-f0ab78890feb
2019-11-05 08:24:21,150 [grpc-default-executor-4] INFO  impl.RoleInfo (RoleInfo.java:shutdownFollowerState(121)) - 7e1b84a9-a041-44fd-8008-f2679426984c: shutdown FollowerState
2019-11-05 08:24:21,150 [grpc-default-executor-4] INFO  impl.RoleInfo (RoleInfo.java:updateAndGet(143)) - 7e1b84a9-a041-44fd-8008-f2679426984c: start FollowerState
2019-11-05 08:24:21,150 [Thread-3500] INFO  impl.FollowerState (FollowerState.java:run(117)) - 7e1b84a9-a041-44fd-8008-f2679426984c@group-0DB8C7688BF9-FollowerState was interrupted: java.lang.InterruptedException: sleep interrupted
2019-11-05 08:24:21,164 [4a682f4f-c3f2-4b77-88b7-f0ab78890feb@group-0DB8C7688BF9-LeaderElection473] INFO  impl.LeaderElection (LeaderElection.java:logAndReturn(56)) - 4a682f4f-c3f2-4b77-88b7-f0ab78890feb@group-0DB8C7688BF9-LeaderElection473: Election REJECTED; received 2 response(s) [4a682f4f-c3f2-4b77-88b7-f0ab78890feb<-77ab65e6-d942-49df-83a3-1d4c0bf152b3#0:FAIL-t249, 4a682f4f-c3f2-4b77-88b7-f0ab78890feb<-7e1b84a9-a041-44fd-8008-f2679426984c#0:FAIL-t249] and 0 exception(s); 4a682f4f-c3f2-4b77-88b7-f0ab78890feb@group-0DB8C7688BF9:t249, leader=null, voted=4a682f4f-c3f2-4b77-88b7-f0ab78890feb, raftlog=4a682f4f-c3f2-4b77-88b7-f0ab78890feb@group-0DB8C7688BF9-SegmentedRaftLog:OPENED:c-1,f-1,i0, conf=-1: [77ab65e6-d942-49df-83a3-1d4c0bf152b3:192.168.164.217:39381, 7e1b84a9-a041-44fd-8008-f2679426984c:192.168.164.217:44149, 4a682f4f-c3f2-4b77-88b7-f0ab78890feb:192.168.164.217:34174], old=null
2019-11-05 08:24:21,164 [4a682f4f-c3f2-4b77-88b7-f0ab78890feb@group-0DB8C7688BF9-LeaderElection473] INFO  impl.RaftServerImpl (RaftServerImpl.java:setRole(184)) - 4a682f4f-c3f2-4b77-88b7-f0ab78890feb@group-0DB8C7688BF9: changes role from CANDIDATE to FOLLOWER at term 249 for DISCOVERED_A_NEW_TERM
2019-11-05 08:24:21,164 [4a682f4f-c3f2-4b77-88b7-f0ab78890feb@group-0DB8C7688BF9-LeaderElection473] INFO  impl.RoleInfo (RoleInfo.java:shutdownLeaderElection(134)) - 4a682f4f-c3f2-4b77-88b7-f0ab78890feb: shutdown LeaderElection
2019-11-05 08:24:21,164 [4a682f4f-c3f2-4b77-88b7-f0ab78890feb@group-0DB8C7688BF9-LeaderElection473] INFO  impl.RoleInfo (RoleInfo.java:updateAndGet(143)) - 4a682f4f-c3f2-4b77-88b7-f0ab78890feb: start FollowerState
2019-11-05 08:24:21,170 [Thread-3458] INFO  impl.FollowerState (FollowerState.java:run(108)) - b3bb9051-8089-4c51-a999-81579e5913f2@group-0E159EE4F99E-FollowerState: change to CANDIDATE, lastRpcTime:1073ms, electionTimeout:1073ms
2019-11-05 08:24:21,170 [Thread-3458] INFO  impl.RoleInfo (RoleInfo.java:shutdownFollowerState(121)) - b3bb9051-8089-4c51-a999-81579e5913f2: shutdown FollowerState
2019-11-05 08:24:21,171 [Thread-3458] INFO  impl.RaftServerImpl (RaftServerImpl.java:setRole(184)) - b3bb9051-8089-4c51-a999-81579e5913f2@group-0E159EE4F99E: changes role from  FOLLOWER to CANDIDATE at term 251 for changeToCandidate
2019-11-05 08:24:21,171 [Thread-3458] INFO  impl.RoleInfo (RoleInfo.java:updateAndGet(143)) - b3bb9051-8089-4c51-a999-81579e5913f2: start LeaderElection
2019-11-05 08:24:21,184 [b3bb9051-8089-4c51-a999-81579e5913f2@group-0E159EE4F99E-LeaderElection474] INFO  impl.LeaderElection (LeaderElection.java:askForVotes(178)) - b3bb9051-8089-4c51-a999-81579e5913f2@group-0E159EE4F99E-LeaderElection474: begin an election at term 252 for 0: [caafcba9-090a-41f5-a5f9-cba5a6a81e94:192.168.164.217:37197, a8ae9c07-6d89-4a49-a594-cacd4b776180:192.168.164.217:42719, b3bb9051-8089-4c51-a999-81579e5913f2:192.168.164.217:36516], old=null
2019-11-05 08:24:21,185 [b3bb9051-8089-4c51-a999-81579e5913f2@group-0E159EE4F99E-LeaderElection474] INFO  impl.LeaderElection (LogUtils.java:infoOrTrace(149)) - b3bb9051-8089-4c51-a999-81579e5913f2@group-0E159EE4F99E-LeaderElection474 got exception when requesting votes: {}
java.util.concurrent.ExecutionException: org.apache.ratis.thirdparty.io.grpc.StatusRuntimeException: UNAVAILABLE: io exception
	at java.util.concurrent.FutureTask.report(FutureTask.java:122)
	at java.util.concurrent.FutureTask.get(FutureTask.java:192)
	at org.apache.ratis.server.impl.LeaderElection.waitForResults(LeaderElection.java:259)
	at org.apache.ratis.server.impl.LeaderElection.askForVotes(LeaderElection.java:197)
	at org.apache.ratis.server.impl.LeaderElection.run(LeaderElection.java:133)
	at java.lang.Thread.run(Thread.java:748)
Caused by: org.apache.ratis.thirdparty.io.grpc.StatusRuntimeException: UNAVAILABLE: io exception
	at org.apache.ratis.thirdparty.io.grpc.stub.ClientCalls.toStatusRuntimeException(ClientCalls.java:233)
	at org.apache.ratis.thirdparty.io.grpc.stub.ClientCalls.getUnchecked(ClientCalls.java:214)
	at org.apache.ratis.thirdparty.io.grpc.stub.ClientCalls.blockingUnaryCall(ClientCalls.java:139)
	at org.apache.ratis.proto.grpc.RaftServerProtocolServiceGrpc$RaftServerProtocolServiceBlockingStub.requestVote(RaftServerProtocolServiceGrpc.java:265)
	at org.apache.ratis.grpc.server.GrpcServerProtocolClient.requestVote(GrpcServerProtocolClient.java:99)
	at org.apache.ratis.grpc.server.GrpcService.requestVote(GrpcService.java:204)
	at org.apache.ratis.server.impl.LeaderElection.lambda$submitRequests$1(LeaderElection.java:234)
	at java.util.concurrent.FutureTask.run(FutureTask.java:266)
	at java.util.concurrent.Executors$RunnableAdapter.call(Executors.java:511)
	at java.util.concurrent.FutureTask.run(FutureTask.java:266)
	at java.util.concurrent.ThreadPoolExecutor.runWorker(ThreadPoolExecutor.java:1149)
	at java.util.concurrent.ThreadPoolExecutor$Worker.run(ThreadPoolExecutor.java:624)
	... 1 more
Caused by: org.apache.ratis.thirdparty.io.netty.channel.AbstractChannel$AnnotatedConnectException: Connection refused: /192.168.164.217:37197
	at sun.nio.ch.SocketChannelImpl.checkConnect(Native Method)
	at sun.nio.ch.SocketChannelImpl.finishConnect(SocketChannelImpl.java:717)
	at org.apache.ratis.thirdparty.io.netty.channel.socket.nio.NioSocketChannel.doFinishConnect(NioSocketChannel.java:327)
	at org.apache.ratis.thirdparty.io.netty.channel.nio.AbstractNioChannel$AbstractNioUnsafe.finishConnect(AbstractNioChannel.java:340)
	at org.apache.ratis.thirdparty.io.netty.channel.nio.NioEventLoop.processSelectedKey(NioEventLoop.java:632)
	at org.apache.ratis.thirdparty.io.netty.channel.nio.NioEventLoop.processSelectedKeysOptimized(NioEventLoop.java:579)
	at org.apache.ratis.thirdparty.io.netty.channel.nio.NioEventLoop.processSelectedKeys(NioEventLoop.java:496)
	at org.apache.ratis.thirdparty.io.netty.channel.nio.NioEventLoop.run(NioEventLoop.java:458)
	at org.apache.ratis.thirdparty.io.netty.util.concurrent.SingleThreadEventExecutor$5.run(SingleThreadEventExecutor.java:897)
	at org.apache.ratis.thirdparty.io.netty.util.concurrent.FastThreadLocalRunnable.run(FastThreadLocalRunnable.java:30)
	... 1 more
Caused by: java.net.ConnectException: Connection refused
	... 11 more
2019-11-05 08:24:21,185 [b3bb9051-8089-4c51-a999-81579e5913f2@group-0E159EE4F99E-LeaderElection474] INFO  impl.LeaderElection (LogUtils.java:infoOrTrace(149)) - b3bb9051-8089-4c51-a999-81579e5913f2@group-0E159EE4F99E-LeaderElection474 got exception when requesting votes: {}
java.util.concurrent.ExecutionException: org.apache.ratis.thirdparty.io.grpc.StatusRuntimeException: UNAVAILABLE: io exception
	at java.util.concurrent.FutureTask.report(FutureTask.java:122)
	at java.util.concurrent.FutureTask.get(FutureTask.java:192)
	at org.apache.ratis.server.impl.LeaderElection.waitForResults(LeaderElection.java:259)
	at org.apache.ratis.server.impl.LeaderElection.askForVotes(LeaderElection.java:197)
	at org.apache.ratis.server.impl.LeaderElection.run(LeaderElection.java:133)
	at java.lang.Thread.run(Thread.java:748)
Caused by: org.apache.ratis.thirdparty.io.grpc.StatusRuntimeException: UNAVAILABLE: io exception
	at org.apache.ratis.thirdparty.io.grpc.stub.ClientCalls.toStatusRuntimeException(ClientCalls.java:233)
	at org.apache.ratis.thirdparty.io.grpc.stub.ClientCalls.getUnchecked(ClientCalls.java:214)
	at org.apache.ratis.thirdparty.io.grpc.stub.ClientCalls.blockingUnaryCall(ClientCalls.java:139)
	at org.apache.ratis.proto.grpc.RaftServerProtocolServiceGrpc$RaftServerProtocolServiceBlockingStub.requestVote(RaftServerProtocolServiceGrpc.java:265)
	at org.apache.ratis.grpc.server.GrpcServerProtocolClient.requestVote(GrpcServerProtocolClient.java:99)
	at org.apache.ratis.grpc.server.GrpcService.requestVote(GrpcService.java:204)
	at org.apache.ratis.server.impl.LeaderElection.lambda$submitRequests$1(LeaderElection.java:234)
	at java.util.concurrent.FutureTask.run(FutureTask.java:266)
	at java.util.concurrent.Executors$RunnableAdapter.call(Executors.java:511)
	at java.util.concurrent.FutureTask.run(FutureTask.java:266)
	at java.util.concurrent.ThreadPoolExecutor.runWorker(ThreadPoolExecutor.java:1149)
	at java.util.concurrent.ThreadPoolExecutor$Worker.run(ThreadPoolExecutor.java:624)
	... 1 more
Caused by: org.apache.ratis.thirdparty.io.netty.channel.AbstractChannel$AnnotatedConnectException: Connection refused: /192.168.164.217:42719
	at sun.nio.ch.SocketChannelImpl.checkConnect(Native Method)
	at sun.nio.ch.SocketChannelImpl.finishConnect(SocketChannelImpl.java:717)
	at org.apache.ratis.thirdparty.io.netty.channel.socket.nio.NioSocketChannel.doFinishConnect(NioSocketChannel.java:327)
	at org.apache.ratis.thirdparty.io.netty.channel.nio.AbstractNioChannel$AbstractNioUnsafe.finishConnect(AbstractNioChannel.java:340)
	at org.apache.ratis.thirdparty.io.netty.channel.nio.NioEventLoop.processSelectedKey(NioEventLoop.java:632)
	at org.apache.ratis.thirdparty.io.netty.channel.nio.NioEventLoop.processSelectedKeysOptimized(NioEventLoop.java:579)
	at org.apache.ratis.thirdparty.io.netty.channel.nio.NioEventLoop.processSelectedKeys(NioEventLoop.java:496)
	at org.apache.ratis.thirdparty.io.netty.channel.nio.NioEventLoop.run(NioEventLoop.java:458)
	at org.apache.ratis.thirdparty.io.netty.util.concurrent.SingleThreadEventExecutor$5.run(SingleThreadEventExecutor.java:897)
	at org.apache.ratis.thirdparty.io.netty.util.concurrent.FastThreadLocalRunnable.run(FastThreadLocalRunnable.java:30)
	... 1 more
Caused by: java.net.ConnectException: Connection refused
	... 11 more
2019-11-05 08:24:21,185 [b3bb9051-8089-4c51-a999-81579e5913f2@group-0E159EE4F99E-LeaderElection474] INFO  impl.LeaderElection (LeaderElection.java:logAndReturn(56)) - b3bb9051-8089-4c51-a999-81579e5913f2@group-0E159EE4F99E-LeaderElection474: Election REJECTED; received 0 response(s) [] and 2 exception(s); b3bb9051-8089-4c51-a999-81579e5913f2@group-0E159EE4F99E:t252, leader=null, voted=b3bb9051-8089-4c51-a999-81579e5913f2, raftlog=b3bb9051-8089-4c51-a999-81579e5913f2@group-0E159EE4F99E-SegmentedRaftLog:OPENED:c-1,f0,i0, conf=0: [caafcba9-090a-41f5-a5f9-cba5a6a81e94:192.168.164.217:37197, a8ae9c07-6d89-4a49-a594-cacd4b776180:192.168.164.217:42719, b3bb9051-8089-4c51-a999-81579e5913f2:192.168.164.217:36516], old=null
2019-11-05 08:24:21,186 [b3bb9051-8089-4c51-a999-81579e5913f2@group-0E159EE4F99E-LeaderElection474] INFO  impl.LeaderElection (LogUtils.java:infoOrTrace(149)) -   Exception 0: {}
java.util.concurrent.ExecutionException: org.apache.ratis.thirdparty.io.grpc.StatusRuntimeException: UNAVAILABLE: io exception
	at java.util.concurrent.FutureTask.report(FutureTask.java:122)
	at java.util.concurrent.FutureTask.get(FutureTask.java:192)
	at org.apache.ratis.server.impl.LeaderElection.waitForResults(LeaderElection.java:259)
	at org.apache.ratis.server.impl.LeaderElection.askForVotes(LeaderElection.java:197)
	at org.apache.ratis.server.impl.LeaderElection.run(LeaderElection.java:133)
	at java.lang.Thread.run(Thread.java:748)
Caused by: org.apache.ratis.thirdparty.io.grpc.StatusRuntimeException: UNAVAILABLE: io exception
	at org.apache.ratis.thirdparty.io.grpc.stub.ClientCalls.toStatusRuntimeException(ClientCalls.java:233)
	at org.apache.ratis.thirdparty.io.grpc.stub.ClientCalls.getUnchecked(ClientCalls.java:214)
	at org.apache.ratis.thirdparty.io.grpc.stub.ClientCalls.blockingUnaryCall(ClientCalls.java:139)
	at org.apache.ratis.proto.grpc.RaftServerProtocolServiceGrpc$RaftServerProtocolServiceBlockingStub.requestVote(RaftServerProtocolServiceGrpc.java:265)
	at org.apache.ratis.grpc.server.GrpcServerProtocolClient.requestVote(GrpcServerProtocolClient.java:99)
	at org.apache.ratis.grpc.server.GrpcService.requestVote(GrpcService.java:204)
	at org.apache.ratis.server.impl.LeaderElection.lambda$submitRequests$1(LeaderElection.java:234)
	at java.util.concurrent.FutureTask.run(FutureTask.java:266)
	at java.util.concurrent.Executors$RunnableAdapter.call(Executors.java:511)
	at java.util.concurrent.FutureTask.run(FutureTask.java:266)
	at java.util.concurrent.ThreadPoolExecutor.runWorker(ThreadPoolExecutor.java:1149)
	at java.util.concurrent.ThreadPoolExecutor$Worker.run(ThreadPoolExecutor.java:624)
	... 1 more
Caused by: org.apache.ratis.thirdparty.io.netty.channel.AbstractChannel$AnnotatedConnectException: Connection refused: /192.168.164.217:37197
	at sun.nio.ch.SocketChannelImpl.checkConnect(Native Method)
	at sun.nio.ch.SocketChannelImpl.finishConnect(SocketChannelImpl.java:717)
	at org.apache.ratis.thirdparty.io.netty.channel.socket.nio.NioSocketChannel.doFinishConnect(NioSocketChannel.java:327)
	at org.apache.ratis.thirdparty.io.netty.channel.nio.AbstractNioChannel$AbstractNioUnsafe.finishConnect(AbstractNioChannel.java:340)
	at org.apache.ratis.thirdparty.io.netty.channel.nio.NioEventLoop.processSelectedKey(NioEventLoop.java:632)
	at org.apache.ratis.thirdparty.io.netty.channel.nio.NioEventLoop.processSelectedKeysOptimized(NioEventLoop.java:579)
	at org.apache.ratis.thirdparty.io.netty.channel.nio.NioEventLoop.processSelectedKeys(NioEventLoop.java:496)
	at org.apache.ratis.thirdparty.io.netty.channel.nio.NioEventLoop.run(NioEventLoop.java:458)
	at org.apache.ratis.thirdparty.io.netty.util.concurrent.SingleThreadEventExecutor$5.run(SingleThreadEventExecutor.java:897)
	at org.apache.ratis.thirdparty.io.netty.util.concurrent.FastThreadLocalRunnable.run(FastThreadLocalRunnable.java:30)
	... 1 more
Caused by: java.net.ConnectException: Connection refused
	... 11 more
2019-11-05 08:24:21,186 [b3bb9051-8089-4c51-a999-81579e5913f2@group-0E159EE4F99E-LeaderElection474] INFO  impl.LeaderElection (LogUtils.java:infoOrTrace(149)) -   Exception 1: {}
java.util.concurrent.ExecutionException: org.apache.ratis.thirdparty.io.grpc.StatusRuntimeException: UNAVAILABLE: io exception
	at java.util.concurrent.FutureTask.report(FutureTask.java:122)
	at java.util.concurrent.FutureTask.get(FutureTask.java:192)
	at org.apache.ratis.server.impl.LeaderElection.waitForResults(LeaderElection.java:259)
	at org.apache.ratis.server.impl.LeaderElection.askForVotes(LeaderElection.java:197)
	at org.apache.ratis.server.impl.LeaderElection.run(LeaderElection.java:133)
	at java.lang.Thread.run(Thread.java:748)
Caused by: org.apache.ratis.thirdparty.io.grpc.StatusRuntimeException: UNAVAILABLE: io exception
	at org.apache.ratis.thirdparty.io.grpc.stub.ClientCalls.toStatusRuntimeException(ClientCalls.java:233)
	at org.apache.ratis.thirdparty.io.grpc.stub.ClientCalls.getUnchecked(ClientCalls.java:214)
	at org.apache.ratis.thirdparty.io.grpc.stub.ClientCalls.blockingUnaryCall(ClientCalls.java:139)
	at org.apache.ratis.proto.grpc.RaftServerProtocolServiceGrpc$RaftServerProtocolServiceBlockingStub.requestVote(RaftServerProtocolServiceGrpc.java:265)
	at org.apache.ratis.grpc.server.GrpcServerProtocolClient.requestVote(GrpcServerProtocolClient.java:99)
	at org.apache.ratis.grpc.server.GrpcService.requestVote(GrpcService.java:204)
	at org.apache.ratis.server.impl.LeaderElection.lambda$submitRequests$1(LeaderElection.java:234)
	at java.util.concurrent.FutureTask.run(FutureTask.java:266)
	at java.util.concurrent.Executors$RunnableAdapter.call(Executors.java:511)
	at java.util.concurrent.FutureTask.run(FutureTask.java:266)
	at java.util.concurrent.ThreadPoolExecutor.runWorker(ThreadPoolExecutor.java:1149)
	at java.util.concurrent.ThreadPoolExecutor$Worker.run(ThreadPoolExecutor.java:624)
	... 1 more
Caused by: org.apache.ratis.thirdparty.io.netty.channel.AbstractChannel$AnnotatedConnectException: Connection refused: /192.168.164.217:42719
	at sun.nio.ch.SocketChannelImpl.checkConnect(Native Method)
	at sun.nio.ch.SocketChannelImpl.finishConnect(SocketChannelImpl.java:717)
	at org.apache.ratis.thirdparty.io.netty.channel.socket.nio.NioSocketChannel.doFinishConnect(NioSocketChannel.java:327)
	at org.apache.ratis.thirdparty.io.netty.channel.nio.AbstractNioChannel$AbstractNioUnsafe.finishConnect(AbstractNioChannel.java:340)
	at org.apache.ratis.thirdparty.io.netty.channel.nio.NioEventLoop.processSelectedKey(NioEventLoop.java:632)
	at org.apache.ratis.thirdparty.io.netty.channel.nio.NioEventLoop.processSelectedKeysOptimized(NioEventLoop.java:579)
	at org.apache.ratis.thirdparty.io.netty.channel.nio.NioEventLoop.processSelectedKeys(NioEventLoop.java:496)
	at org.apache.ratis.thirdparty.io.netty.channel.nio.NioEventLoop.run(NioEventLoop.java:458)
	at org.apache.ratis.thirdparty.io.netty.util.concurrent.SingleThreadEventExecutor$5.run(SingleThreadEventExecutor.java:897)
	at org.apache.ratis.thirdparty.io.netty.util.concurrent.FastThreadLocalRunnable.run(FastThreadLocalRunnable.java:30)
	... 1 more
Caused by: java.net.ConnectException: Connection refused
	... 11 more
2019-11-05 08:24:21,186 [b3bb9051-8089-4c51-a999-81579e5913f2@group-0E159EE4F99E-LeaderElection474] INFO  impl.RaftServerImpl (RaftServerImpl.java:setRole(184)) - b3bb9051-8089-4c51-a999-81579e5913f2@group-0E159EE4F99E: changes role from CANDIDATE to FOLLOWER at term 252 for DISCOVERED_A_NEW_TERM
2019-11-05 08:24:21,186 [b3bb9051-8089-4c51-a999-81579e5913f2@group-0E159EE4F99E-LeaderElection474] INFO  impl.RoleInfo (RoleInfo.java:shutdownLeaderElection(134)) - b3bb9051-8089-4c51-a999-81579e5913f2: shutdown LeaderElection
2019-11-05 08:24:21,186 [b3bb9051-8089-4c51-a999-81579e5913f2@group-0E159EE4F99E-LeaderElection474] INFO  impl.RoleInfo (RoleInfo.java:updateAndGet(143)) - b3bb9051-8089-4c51-a999-81579e5913f2: start FollowerState
2019-11-05 08:24:21,241 [Thread-3508] INFO  impl.FollowerState (FollowerState.java:run(108)) - 4a682f4f-c3f2-4b77-88b7-f0ab78890feb@group-0DB8C7688BF9-FollowerState: change to CANDIDATE, lastRpcTime:77ms, electionTimeout:77ms
2019-11-05 08:24:21,242 [Thread-3508] INFO  impl.RoleInfo (RoleInfo.java:shutdownFollowerState(121)) - 4a682f4f-c3f2-4b77-88b7-f0ab78890feb: shutdown FollowerState
2019-11-05 08:24:21,242 [Thread-3508] INFO  impl.RaftServerImpl (RaftServerImpl.java:setRole(184)) - 4a682f4f-c3f2-4b77-88b7-f0ab78890feb@group-0DB8C7688BF9: changes role from  FOLLOWER to CANDIDATE at term 249 for changeToCandidate
2019-11-05 08:24:21,242 [Thread-3508] INFO  impl.RoleInfo (RoleInfo.java:updateAndGet(143)) - 4a682f4f-c3f2-4b77-88b7-f0ab78890feb: start LeaderElection
2019-11-05 08:24:21,245 [java.util.concurrent.ThreadPoolExecutor$Worker@4893213[State = -1, empty queue]] WARN  server.GrpcLogAppender (GrpcLogAppender.java:timeoutAppendRequest(209)) - 6189f8a4-91dd-451f-abcb-72b2dcd73465@group-9D53872EEF85->fe5257f1-588f-41af-bf70-1c04126c8968-GrpcLogAppender: appendEntries Timeout, request=6189f8a4-91dd-451f-abcb-72b2dcd73465->fe5257f1-588f-41af-bf70-1c04126c8968#78-t4, previous=(t:4, i:20), leaderCommit=20, initializing? false, entries: <empty>
2019-11-05 08:24:21,255 [4a682f4f-c3f2-4b77-88b7-f0ab78890feb@group-0DB8C7688BF9-LeaderElection475] INFO  impl.LeaderElection (LeaderElection.java:askForVotes(178)) - 4a682f4f-c3f2-4b77-88b7-f0ab78890feb@group-0DB8C7688BF9-LeaderElection475: begin an election at term 250 for -1: [77ab65e6-d942-49df-83a3-1d4c0bf152b3:192.168.164.217:39381, 7e1b84a9-a041-44fd-8008-f2679426984c:192.168.164.217:44149, 4a682f4f-c3f2-4b77-88b7-f0ab78890feb:192.168.164.217:34174], old=null
2019-11-05 08:24:21,256 [grpc-default-executor-4] INFO  impl.RaftServerImpl (RaftServerImpl.java:setRole(184)) - 77ab65e6-d942-49df-83a3-1d4c0bf152b3@group-0DB8C7688BF9: changes role from  FOLLOWER to FOLLOWER at term 250 for recognizeCandidate:4a682f4f-c3f2-4b77-88b7-f0ab78890feb
2019-11-05 08:24:21,256 [grpc-default-executor-4] INFO  impl.RoleInfo (RoleInfo.java:shutdownFollowerState(121)) - 77ab65e6-d942-49df-83a3-1d4c0bf152b3: shutdown FollowerState
2019-11-05 08:24:21,256 [grpc-default-executor-4] INFO  impl.RoleInfo (RoleInfo.java:updateAndGet(143)) - 77ab65e6-d942-49df-83a3-1d4c0bf152b3: start FollowerState
2019-11-05 08:24:21,256 [grpc-default-executor-3] INFO  impl.RaftServerImpl (RaftServerImpl.java:setRole(184)) - 7e1b84a9-a041-44fd-8008-f2679426984c@group-0DB8C7688BF9: changes role from  FOLLOWER to FOLLOWER at term 250 for recognizeCandidate:4a682f4f-c3f2-4b77-88b7-f0ab78890feb
2019-11-05 08:24:21,257 [grpc-default-executor-3] INFO  impl.RoleInfo (RoleInfo.java:shutdownFollowerState(121)) - 7e1b84a9-a041-44fd-8008-f2679426984c: shutdown FollowerState
2019-11-05 08:24:21,256 [Thread-3506] INFO  impl.FollowerState (FollowerState.java:run(117)) - 77ab65e6-d942-49df-83a3-1d4c0bf152b3@group-0DB8C7688BF9-FollowerState was interrupted: java.lang.InterruptedException: sleep interrupted
2019-11-05 08:24:21,257 [grpc-default-executor-3] INFO  impl.RoleInfo (RoleInfo.java:updateAndGet(143)) - 7e1b84a9-a041-44fd-8008-f2679426984c: start FollowerState
2019-11-05 08:24:21,257 [Thread-3507] INFO  impl.FollowerState (FollowerState.java:run(117)) - 7e1b84a9-a041-44fd-8008-f2679426984c@group-0DB8C7688BF9-FollowerState was interrupted: java.lang.InterruptedException: sleep interrupted
2019-11-05 08:24:21,270 [4a682f4f-c3f2-4b77-88b7-f0ab78890feb@group-0DB8C7688BF9-LeaderElection475] INFO  impl.LeaderElection (LeaderElection.java:logAndReturn(56)) - 4a682f4f-c3f2-4b77-88b7-f0ab78890feb@group-0DB8C7688BF9-LeaderElection475: Election REJECTED; received 2 response(s) [4a682f4f-c3f2-4b77-88b7-f0ab78890feb<-77ab65e6-d942-49df-83a3-1d4c0bf152b3#0:FAIL-t250, 4a682f4f-c3f2-4b77-88b7-f0ab78890feb<-7e1b84a9-a041-44fd-8008-f2679426984c#0:FAIL-t250] and 0 exception(s); 4a682f4f-c3f2-4b77-88b7-f0ab78890feb@group-0DB8C7688BF9:t250, leader=null, voted=4a682f4f-c3f2-4b77-88b7-f0ab78890feb, raftlog=4a682f4f-c3f2-4b77-88b7-f0ab78890feb@group-0DB8C7688BF9-SegmentedRaftLog:OPENED:c-1,f-1,i0, conf=-1: [77ab65e6-d942-49df-83a3-1d4c0bf152b3:192.168.164.217:39381, 7e1b84a9-a041-44fd-8008-f2679426984c:192.168.164.217:44149, 4a682f4f-c3f2-4b77-88b7-f0ab78890feb:192.168.164.217:34174], old=null
2019-11-05 08:24:21,270 [4a682f4f-c3f2-4b77-88b7-f0ab78890feb@group-0DB8C7688BF9-LeaderElection475] INFO  impl.RaftServerImpl (RaftServerImpl.java:setRole(184)) - 4a682f4f-c3f2-4b77-88b7-f0ab78890feb@group-0DB8C7688BF9: changes role from CANDIDATE to FOLLOWER at term 250 for DISCOVERED_A_NEW_TERM
2019-11-05 08:24:21,270 [4a682f4f-c3f2-4b77-88b7-f0ab78890feb@group-0DB8C7688BF9-LeaderElection475] INFO  impl.RoleInfo (RoleInfo.java:shutdownLeaderElection(134)) - 4a682f4f-c3f2-4b77-88b7-f0ab78890feb: shutdown LeaderElection
2019-11-05 08:24:21,270 [4a682f4f-c3f2-4b77-88b7-f0ab78890feb@group-0DB8C7688BF9-LeaderElection475] INFO  impl.RoleInfo (RoleInfo.java:updateAndGet(143)) - 4a682f4f-c3f2-4b77-88b7-f0ab78890feb: start FollowerState
2019-11-05 08:24:21,323 [Thread-3518] INFO  impl.FollowerState (FollowerState.java:run(108)) - 4a682f4f-c3f2-4b77-88b7-f0ab78890feb@group-0DB8C7688BF9-FollowerState: change to CANDIDATE, lastRpcTime:52ms, electionTimeout:52ms
2019-11-05 08:24:21,323 [Thread-3518] INFO  impl.RoleInfo (RoleInfo.java:shutdownFollowerState(121)) - 4a682f4f-c3f2-4b77-88b7-f0ab78890feb: shutdown FollowerState
2019-11-05 08:24:21,323 [Thread-3518] INFO  impl.RaftServerImpl (RaftServerImpl.java:setRole(184)) - 4a682f4f-c3f2-4b77-88b7-f0ab78890feb@group-0DB8C7688BF9: changes role from  FOLLOWER to CANDIDATE at term 250 for changeToCandidate
2019-11-05 08:24:21,323 [Thread-3518] INFO  impl.RoleInfo (RoleInfo.java:updateAndGet(143)) - 4a682f4f-c3f2-4b77-88b7-f0ab78890feb: start LeaderElection
2019-11-05 08:24:21,336 [4a682f4f-c3f2-4b77-88b7-f0ab78890feb@group-0DB8C7688BF9-LeaderElection476] INFO  impl.LeaderElection (LeaderElection.java:askForVotes(178)) - 4a682f4f-c3f2-4b77-88b7-f0ab78890feb@group-0DB8C7688BF9-LeaderElection476: begin an election at term 251 for -1: [77ab65e6-d942-49df-83a3-1d4c0bf152b3:192.168.164.217:39381, 7e1b84a9-a041-44fd-8008-f2679426984c:192.168.164.217:44149, 4a682f4f-c3f2-4b77-88b7-f0ab78890feb:192.168.164.217:34174], old=null
2019-11-05 08:24:21,337 [grpc-default-executor-3] INFO  impl.RaftServerImpl (RaftServerImpl.java:setRole(184)) - 77ab65e6-d942-49df-83a3-1d4c0bf152b3@group-0DB8C7688BF9: changes role from  FOLLOWER to FOLLOWER at term 251 for recognizeCandidate:4a682f4f-c3f2-4b77-88b7-f0ab78890feb
2019-11-05 08:24:21,337 [grpc-default-executor-3] INFO  impl.RoleInfo (RoleInfo.java:shutdownFollowerState(121)) - 77ab65e6-d942-49df-83a3-1d4c0bf152b3: shutdown FollowerState
2019-11-05 08:24:21,337 [grpc-default-executor-4] INFO  impl.RaftServerImpl (RaftServerImpl.java:setRole(184)) - 7e1b84a9-a041-44fd-8008-f2679426984c@group-0DB8C7688BF9: changes role from  FOLLOWER to FOLLOWER at term 251 for recognizeCandidate:4a682f4f-c3f2-4b77-88b7-f0ab78890feb
2019-11-05 08:24:21,338 [grpc-default-executor-4] INFO  impl.RoleInfo (RoleInfo.java:shutdownFollowerState(121)) - 7e1b84a9-a041-44fd-8008-f2679426984c: shutdown FollowerState
2019-11-05 08:24:21,338 [Thread-3516] INFO  impl.FollowerState (FollowerState.java:run(117)) - 77ab65e6-d942-49df-83a3-1d4c0bf152b3@group-0DB8C7688BF9-FollowerState was interrupted: java.lang.InterruptedException: sleep interrupted
2019-11-05 08:24:21,337 [grpc-default-executor-3] INFO  impl.RoleInfo (RoleInfo.java:updateAndGet(143)) - 77ab65e6-d942-49df-83a3-1d4c0bf152b3: start FollowerState
2019-11-05 08:24:21,338 [Thread-3517] INFO  impl.FollowerState (FollowerState.java:run(117)) - 7e1b84a9-a041-44fd-8008-f2679426984c@group-0DB8C7688BF9-FollowerState was interrupted: java.lang.InterruptedException: sleep interrupted
2019-11-05 08:24:21,338 [grpc-default-executor-4] INFO  impl.RoleInfo (RoleInfo.java:updateAndGet(143)) - 7e1b84a9-a041-44fd-8008-f2679426984c: start FollowerState
2019-11-05 08:24:21,351 [4a682f4f-c3f2-4b77-88b7-f0ab78890feb@group-0DB8C7688BF9-LeaderElection476] INFO  impl.LeaderElection (LeaderElection.java:logAndReturn(56)) - 4a682f4f-c3f2-4b77-88b7-f0ab78890feb@group-0DB8C7688BF9-LeaderElection476: Election REJECTED; received 2 response(s) [4a682f4f-c3f2-4b77-88b7-f0ab78890feb<-77ab65e6-d942-49df-83a3-1d4c0bf152b3#0:FAIL-t251, 4a682f4f-c3f2-4b77-88b7-f0ab78890feb<-7e1b84a9-a041-44fd-8008-f2679426984c#0:FAIL-t251] and 0 exception(s); 4a682f4f-c3f2-4b77-88b7-f0ab78890feb@group-0DB8C7688BF9:t251, leader=null, voted=4a682f4f-c3f2-4b77-88b7-f0ab78890feb, raftlog=4a682f4f-c3f2-4b77-88b7-f0ab78890feb@group-0DB8C7688BF9-SegmentedRaftLog:OPENED:c-1,f-1,i0, conf=-1: [77ab65e6-d942-49df-83a3-1d4c0bf152b3:192.168.164.217:39381, 7e1b84a9-a041-44fd-8008-f2679426984c:192.168.164.217:44149, 4a682f4f-c3f2-4b77-88b7-f0ab78890feb:192.168.164.217:34174], old=null
2019-11-05 08:24:21,351 [4a682f4f-c3f2-4b77-88b7-f0ab78890feb@group-0DB8C7688BF9-LeaderElection476] INFO  impl.RaftServerImpl (RaftServerImpl.java:setRole(184)) - 4a682f4f-c3f2-4b77-88b7-f0ab78890feb@group-0DB8C7688BF9: changes role from CANDIDATE to FOLLOWER at term 251 for DISCOVERED_A_NEW_TERM
2019-11-05 08:24:21,351 [4a682f4f-c3f2-4b77-88b7-f0ab78890feb@group-0DB8C7688BF9-LeaderElection476] INFO  impl.RoleInfo (RoleInfo.java:shutdownLeaderElection(134)) - 4a682f4f-c3f2-4b77-88b7-f0ab78890feb: shutdown LeaderElection
2019-11-05 08:24:21,351 [4a682f4f-c3f2-4b77-88b7-f0ab78890feb@group-0DB8C7688BF9-LeaderElection476] INFO  impl.RoleInfo (RoleInfo.java:updateAndGet(143)) - 4a682f4f-c3f2-4b77-88b7-f0ab78890feb: start FollowerState
2019-11-05 08:24:21,483 [Thread-3525] INFO  impl.FollowerState (FollowerState.java:run(108)) - 4a682f4f-c3f2-4b77-88b7-f0ab78890feb@group-0DB8C7688BF9-FollowerState: change to CANDIDATE, lastRpcTime:131ms, electionTimeout:131ms
2019-11-05 08:24:21,483 [Thread-3525] INFO  impl.RoleInfo (RoleInfo.java:shutdownFollowerState(121)) - 4a682f4f-c3f2-4b77-88b7-f0ab78890feb: shutdown FollowerState
2019-11-05 08:24:21,483 [Thread-3525] INFO  impl.RaftServerImpl (RaftServerImpl.java:setRole(184)) - 4a682f4f-c3f2-4b77-88b7-f0ab78890feb@group-0DB8C7688BF9: changes role from  FOLLOWER to CANDIDATE at term 251 for changeToCandidate
2019-11-05 08:24:21,483 [Thread-3525] INFO  impl.RoleInfo (RoleInfo.java:updateAndGet(143)) - 4a682f4f-c3f2-4b77-88b7-f0ab78890feb: start LeaderElection
2019-11-05 08:24:21,497 [4a682f4f-c3f2-4b77-88b7-f0ab78890feb@group-0DB8C7688BF9-LeaderElection477] INFO  impl.LeaderElection (LeaderElection.java:askForVotes(178)) - 4a682f4f-c3f2-4b77-88b7-f0ab78890feb@group-0DB8C7688BF9-LeaderElection477: begin an election at term 252 for -1: [77ab65e6-d942-49df-83a3-1d4c0bf152b3:192.168.164.217:39381, 7e1b84a9-a041-44fd-8008-f2679426984c:192.168.164.217:44149, 4a682f4f-c3f2-4b77-88b7-f0ab78890feb:192.168.164.217:34174], old=null
2019-11-05 08:24:21,498 [grpc-default-executor-3] INFO  impl.RaftServerImpl (RaftServerImpl.java:setRole(184)) - 77ab65e6-d942-49df-83a3-1d4c0bf152b3@group-0DB8C7688BF9: changes role from  FOLLOWER to FOLLOWER at term 252 for recognizeCandidate:4a682f4f-c3f2-4b77-88b7-f0ab78890feb
2019-11-05 08:24:21,498 [grpc-default-executor-3] INFO  impl.RoleInfo (RoleInfo.java:shutdownFollowerState(121)) - 77ab65e6-d942-49df-83a3-1d4c0bf152b3: shutdown FollowerState
2019-11-05 08:24:21,498 [grpc-default-executor-3] INFO  impl.RoleInfo (RoleInfo.java:updateAndGet(143)) - 77ab65e6-d942-49df-83a3-1d4c0bf152b3: start FollowerState
2019-11-05 08:24:21,499 [Thread-3523] INFO  impl.FollowerState (FollowerState.java:run(117)) - 77ab65e6-d942-49df-83a3-1d4c0bf152b3@group-0DB8C7688BF9-FollowerState was interrupted: java.lang.InterruptedException: sleep interrupted
2019-11-05 08:24:21,499 [grpc-default-executor-4] INFO  impl.RaftServerImpl (RaftServerImpl.java:setRole(184)) - 7e1b84a9-a041-44fd-8008-f2679426984c@group-0DB8C7688BF9: changes role from  FOLLOWER to FOLLOWER at term 252 for recognizeCandidate:4a682f4f-c3f2-4b77-88b7-f0ab78890feb
2019-11-05 08:24:21,499 [grpc-default-executor-4] INFO  impl.RoleInfo (RoleInfo.java:shutdownFollowerState(121)) - 7e1b84a9-a041-44fd-8008-f2679426984c: shutdown FollowerState
2019-11-05 08:24:21,499 [grpc-default-executor-4] INFO  impl.RoleInfo (RoleInfo.java:updateAndGet(143)) - 7e1b84a9-a041-44fd-8008-f2679426984c: start FollowerState
2019-11-05 08:24:21,499 [Thread-3524] INFO  impl.FollowerState (FollowerState.java:run(117)) - 7e1b84a9-a041-44fd-8008-f2679426984c@group-0DB8C7688BF9-FollowerState was interrupted: java.lang.InterruptedException: sleep interrupted
2019-11-05 08:24:21,513 [4a682f4f-c3f2-4b77-88b7-f0ab78890feb@group-0DB8C7688BF9-LeaderElection477] INFO  impl.LeaderElection (LeaderElection.java:logAndReturn(56)) - 4a682f4f-c3f2-4b77-88b7-f0ab78890feb@group-0DB8C7688BF9-LeaderElection477: Election REJECTED; received 2 response(s) [4a682f4f-c3f2-4b77-88b7-f0ab78890feb<-77ab65e6-d942-49df-83a3-1d4c0bf152b3#0:FAIL-t252, 4a682f4f-c3f2-4b77-88b7-f0ab78890feb<-7e1b84a9-a041-44fd-8008-f2679426984c#0:FAIL-t252] and 0 exception(s); 4a682f4f-c3f2-4b77-88b7-f0ab78890feb@group-0DB8C7688BF9:t252, leader=null, voted=4a682f4f-c3f2-4b77-88b7-f0ab78890feb, raftlog=4a682f4f-c3f2-4b77-88b7-f0ab78890feb@group-0DB8C7688BF9-SegmentedRaftLog:OPENED:c-1,f-1,i0, conf=-1: [77ab65e6-d942-49df-83a3-1d4c0bf152b3:192.168.164.217:39381, 7e1b84a9-a041-44fd-8008-f2679426984c:192.168.164.217:44149, 4a682f4f-c3f2-4b77-88b7-f0ab78890feb:192.168.164.217:34174], old=null
2019-11-05 08:24:21,513 [4a682f4f-c3f2-4b77-88b7-f0ab78890feb@group-0DB8C7688BF9-LeaderElection477] INFO  impl.RaftServerImpl (RaftServerImpl.java:setRole(184)) - 4a682f4f-c3f2-4b77-88b7-f0ab78890feb@group-0DB8C7688BF9: changes role from CANDIDATE to FOLLOWER at term 252 for DISCOVERED_A_NEW_TERM
2019-11-05 08:24:21,513 [4a682f4f-c3f2-4b77-88b7-f0ab78890feb@group-0DB8C7688BF9-LeaderElection477] INFO  impl.RoleInfo (RoleInfo.java:shutdownLeaderElection(134)) - 4a682f4f-c3f2-4b77-88b7-f0ab78890feb: shutdown LeaderElection
2019-11-05 08:24:21,513 [4a682f4f-c3f2-4b77-88b7-f0ab78890feb@group-0DB8C7688BF9-LeaderElection477] INFO  impl.RoleInfo (RoleInfo.java:updateAndGet(143)) - 4a682f4f-c3f2-4b77-88b7-f0ab78890feb: start FollowerState
2019-11-05 08:24:21,623 [Thread-3531] INFO  impl.FollowerState (FollowerState.java:run(108)) - 4a682f4f-c3f2-4b77-88b7-f0ab78890feb@group-0DB8C7688BF9-FollowerState: change to CANDIDATE, lastRpcTime:109ms, electionTimeout:109ms
2019-11-05 08:24:21,623 [Thread-3531] INFO  impl.RoleInfo (RoleInfo.java:shutdownFollowerState(121)) - 4a682f4f-c3f2-4b77-88b7-f0ab78890feb: shutdown FollowerState
2019-11-05 08:24:21,623 [Thread-3531] INFO  impl.RaftServerImpl (RaftServerImpl.java:setRole(184)) - 4a682f4f-c3f2-4b77-88b7-f0ab78890feb@group-0DB8C7688BF9: changes role from  FOLLOWER to CANDIDATE at term 252 for changeToCandidate
2019-11-05 08:24:21,623 [Thread-3531] INFO  impl.RoleInfo (RoleInfo.java:updateAndGet(143)) - 4a682f4f-c3f2-4b77-88b7-f0ab78890feb: start LeaderElection
2019-11-05 08:24:21,637 [4a682f4f-c3f2-4b77-88b7-f0ab78890feb@group-0DB8C7688BF9-LeaderElection478] INFO  impl.LeaderElection (LeaderElection.java:askForVotes(178)) - 4a682f4f-c3f2-4b77-88b7-f0ab78890feb@group-0DB8C7688BF9-LeaderElection478: begin an election at term 253 for -1: [77ab65e6-d942-49df-83a3-1d4c0bf152b3:192.168.164.217:39381, 7e1b84a9-a041-44fd-8008-f2679426984c:192.168.164.217:44149, 4a682f4f-c3f2-4b77-88b7-f0ab78890feb:192.168.164.217:34174], old=null
2019-11-05 08:24:21,639 [grpc-default-executor-4] INFO  impl.RaftServerImpl (RaftServerImpl.java:setRole(184)) - 77ab65e6-d942-49df-83a3-1d4c0bf152b3@group-0DB8C7688BF9: changes role from  FOLLOWER to FOLLOWER at term 253 for recognizeCandidate:4a682f4f-c3f2-4b77-88b7-f0ab78890feb
2019-11-05 08:24:21,639 [grpc-default-executor-4] INFO  impl.RoleInfo (RoleInfo.java:shutdownFollowerState(121)) - 77ab65e6-d942-49df-83a3-1d4c0bf152b3: shutdown FollowerState
2019-11-05 08:24:21,639 [grpc-default-executor-3] INFO  impl.RaftServerImpl (RaftServerImpl.java:setRole(184)) - 7e1b84a9-a041-44fd-8008-f2679426984c@group-0DB8C7688BF9: changes role from  FOLLOWER to FOLLOWER at term 253 for recognizeCandidate:4a682f4f-c3f2-4b77-88b7-f0ab78890feb
2019-11-05 08:24:21,639 [grpc-default-executor-3] INFO  impl.RoleInfo (RoleInfo.java:shutdownFollowerState(121)) - 7e1b84a9-a041-44fd-8008-f2679426984c: shutdown FollowerState
2019-11-05 08:24:21,639 [Thread-3529] INFO  impl.FollowerState (FollowerState.java:run(117)) - 77ab65e6-d942-49df-83a3-1d4c0bf152b3@group-0DB8C7688BF9-FollowerState was interrupted: java.lang.InterruptedException: sleep interrupted
2019-11-05 08:24:21,639 [grpc-default-executor-4] INFO  impl.RoleInfo (RoleInfo.java:updateAndGet(143)) - 77ab65e6-d942-49df-83a3-1d4c0bf152b3: start FollowerState
2019-11-05 08:24:21,639 [Thread-3530] INFO  impl.FollowerState (FollowerState.java:run(117)) - 7e1b84a9-a041-44fd-8008-f2679426984c@group-0DB8C7688BF9-FollowerState was interrupted: java.lang.InterruptedException: sleep interrupted
2019-11-05 08:24:21,639 [grpc-default-executor-3] INFO  impl.RoleInfo (RoleInfo.java:updateAndGet(143)) - 7e1b84a9-a041-44fd-8008-f2679426984c: start FollowerState
2019-11-05 08:24:21,654 [4a682f4f-c3f2-4b77-88b7-f0ab78890feb@group-0DB8C7688BF9-LeaderElection478] INFO  impl.LeaderElection (LeaderElection.java:logAndReturn(56)) - 4a682f4f-c3f2-4b77-88b7-f0ab78890feb@group-0DB8C7688BF9-LeaderElection478: Election REJECTED; received 2 response(s) [4a682f4f-c3f2-4b77-88b7-f0ab78890feb<-77ab65e6-d942-49df-83a3-1d4c0bf152b3#0:FAIL-t253, 4a682f4f-c3f2-4b77-88b7-f0ab78890feb<-7e1b84a9-a041-44fd-8008-f2679426984c#0:FAIL-t253] and 0 exception(s); 4a682f4f-c3f2-4b77-88b7-f0ab78890feb@group-0DB8C7688BF9:t253, leader=null, voted=4a682f4f-c3f2-4b77-88b7-f0ab78890feb, raftlog=4a682f4f-c3f2-4b77-88b7-f0ab78890feb@group-0DB8C7688BF9-SegmentedRaftLog:OPENED:c-1,f-1,i0, conf=-1: [77ab65e6-d942-49df-83a3-1d4c0bf152b3:192.168.164.217:39381, 7e1b84a9-a041-44fd-8008-f2679426984c:192.168.164.217:44149, 4a682f4f-c3f2-4b77-88b7-f0ab78890feb:192.168.164.217:34174], old=null
2019-11-05 08:24:21,654 [4a682f4f-c3f2-4b77-88b7-f0ab78890feb@group-0DB8C7688BF9-LeaderElection478] INFO  impl.RaftServerImpl (RaftServerImpl.java:setRole(184)) - 4a682f4f-c3f2-4b77-88b7-f0ab78890feb@group-0DB8C7688BF9: changes role from CANDIDATE to FOLLOWER at term 253 for DISCOVERED_A_NEW_TERM
2019-11-05 08:24:21,654 [4a682f4f-c3f2-4b77-88b7-f0ab78890feb@group-0DB8C7688BF9-LeaderElection478] INFO  impl.RoleInfo (RoleInfo.java:shutdownLeaderElection(134)) - 4a682f4f-c3f2-4b77-88b7-f0ab78890feb: shutdown LeaderElection
2019-11-05 08:24:21,655 [4a682f4f-c3f2-4b77-88b7-f0ab78890feb@group-0DB8C7688BF9-LeaderElection478] INFO  impl.RoleInfo (RoleInfo.java:updateAndGet(143)) - 4a682f4f-c3f2-4b77-88b7-f0ab78890feb: start FollowerState
2019-11-05 08:24:21,746 [java.util.concurrent.ThreadPoolExecutor$Worker@4893213[State = -1, empty queue]] WARN  server.GrpcLogAppender (GrpcLogAppender.java:timeoutAppendRequest(209)) - 6189f8a4-91dd-451f-abcb-72b2dcd73465@group-9D53872EEF85->fe5257f1-588f-41af-bf70-1c04126c8968-GrpcLogAppender: appendEntries Timeout, request=6189f8a4-91dd-451f-abcb-72b2dcd73465->fe5257f1-588f-41af-bf70-1c04126c8968#79-t4, previous=(t:4, i:20), leaderCommit=20, initializing? false, entries: <empty>
2019-11-05 08:24:21,834 [Thread-3537] INFO  impl.FollowerState (FollowerState.java:run(108)) - 4a682f4f-c3f2-4b77-88b7-f0ab78890feb@group-0DB8C7688BF9-FollowerState: change to CANDIDATE, lastRpcTime:179ms, electionTimeout:177ms
2019-11-05 08:24:21,834 [Thread-3537] INFO  impl.RoleInfo (RoleInfo.java:shutdownFollowerState(121)) - 4a682f4f-c3f2-4b77-88b7-f0ab78890feb: shutdown FollowerState
2019-11-05 08:24:21,835 [Thread-3537] INFO  impl.RaftServerImpl (RaftServerImpl.java:setRole(184)) - 4a682f4f-c3f2-4b77-88b7-f0ab78890feb@group-0DB8C7688BF9: changes role from  FOLLOWER to CANDIDATE at term 253 for changeToCandidate
2019-11-05 08:24:21,835 [Thread-3537] INFO  impl.RoleInfo (RoleInfo.java:updateAndGet(143)) - 4a682f4f-c3f2-4b77-88b7-f0ab78890feb: start LeaderElection
2019-11-05 08:24:21,853 [4a682f4f-c3f2-4b77-88b7-f0ab78890feb@group-0DB8C7688BF9-LeaderElection479] INFO  impl.LeaderElection (LeaderElection.java:askForVotes(178)) - 4a682f4f-c3f2-4b77-88b7-f0ab78890feb@group-0DB8C7688BF9-LeaderElection479: begin an election at term 254 for -1: [77ab65e6-d942-49df-83a3-1d4c0bf152b3:192.168.164.217:39381, 7e1b84a9-a041-44fd-8008-f2679426984c:192.168.164.217:44149, 4a682f4f-c3f2-4b77-88b7-f0ab78890feb:192.168.164.217:34174], old=null
2019-11-05 08:24:21,855 [grpc-default-executor-3] INFO  impl.RaftServerImpl (RaftServerImpl.java:setRole(184)) - 77ab65e6-d942-49df-83a3-1d4c0bf152b3@group-0DB8C7688BF9: changes role from  FOLLOWER to FOLLOWER at term 254 for recognizeCandidate:4a682f4f-c3f2-4b77-88b7-f0ab78890feb
2019-11-05 08:24:21,855 [grpc-default-executor-3] INFO  impl.RoleInfo (RoleInfo.java:shutdownFollowerState(121)) - 77ab65e6-d942-49df-83a3-1d4c0bf152b3: shutdown FollowerState
2019-11-05 08:24:21,855 [grpc-default-executor-3] INFO  impl.RoleInfo (RoleInfo.java:updateAndGet(143)) - 77ab65e6-d942-49df-83a3-1d4c0bf152b3: start FollowerState
2019-11-05 08:24:21,855 [grpc-default-executor-4] INFO  impl.RaftServerImpl (RaftServerImpl.java:setRole(184)) - 7e1b84a9-a041-44fd-8008-f2679426984c@group-0DB8C7688BF9: changes role from  FOLLOWER to FOLLOWER at term 254 for recognizeCandidate:4a682f4f-c3f2-4b77-88b7-f0ab78890feb
2019-11-05 08:24:21,855 [grpc-default-executor-4] INFO  impl.RoleInfo (RoleInfo.java:shutdownFollowerState(121)) - 7e1b84a9-a041-44fd-8008-f2679426984c: shutdown FollowerState
2019-11-05 08:24:21,855 [Thread-3535] INFO  impl.FollowerState (FollowerState.java:run(117)) - 77ab65e6-d942-49df-83a3-1d4c0bf152b3@group-0DB8C7688BF9-FollowerState was interrupted: java.lang.InterruptedException: sleep interrupted
2019-11-05 08:24:21,855 [Thread-3536] INFO  impl.FollowerState (FollowerState.java:run(117)) - 7e1b84a9-a041-44fd-8008-f2679426984c@group-0DB8C7688BF9-FollowerState was interrupted: java.lang.InterruptedException: sleep interrupted
2019-11-05 08:24:21,855 [grpc-default-executor-4] INFO  impl.RoleInfo (RoleInfo.java:updateAndGet(143)) - 7e1b84a9-a041-44fd-8008-f2679426984c: start FollowerState
2019-11-05 08:24:21,869 [4a682f4f-c3f2-4b77-88b7-f0ab78890feb@group-0DB8C7688BF9-LeaderElection479] INFO  impl.LeaderElection (LeaderElection.java:logAndReturn(56)) - 4a682f4f-c3f2-4b77-88b7-f0ab78890feb@group-0DB8C7688BF9-LeaderElection479: Election REJECTED; received 2 response(s) [4a682f4f-c3f2-4b77-88b7-f0ab78890feb<-77ab65e6-d942-49df-83a3-1d4c0bf152b3#0:FAIL-t254, 4a682f4f-c3f2-4b77-88b7-f0ab78890feb<-7e1b84a9-a041-44fd-8008-f2679426984c#0:FAIL-t254] and 0 exception(s); 4a682f4f-c3f2-4b77-88b7-f0ab78890feb@group-0DB8C7688BF9:t254, leader=null, voted=4a682f4f-c3f2-4b77-88b7-f0ab78890feb, raftlog=4a682f4f-c3f2-4b77-88b7-f0ab78890feb@group-0DB8C7688BF9-SegmentedRaftLog:OPENED:c-1,f-1,i0, conf=-1: [77ab65e6-d942-49df-83a3-1d4c0bf152b3:192.168.164.217:39381, 7e1b84a9-a041-44fd-8008-f2679426984c:192.168.164.217:44149, 4a682f4f-c3f2-4b77-88b7-f0ab78890feb:192.168.164.217:34174], old=null
2019-11-05 08:24:21,869 [4a682f4f-c3f2-4b77-88b7-f0ab78890feb@group-0DB8C7688BF9-LeaderElection479] INFO  impl.RaftServerImpl (RaftServerImpl.java:setRole(184)) - 4a682f4f-c3f2-4b77-88b7-f0ab78890feb@group-0DB8C7688BF9: changes role from CANDIDATE to FOLLOWER at term 254 for DISCOVERED_A_NEW_TERM
2019-11-05 08:24:21,870 [4a682f4f-c3f2-4b77-88b7-f0ab78890feb@group-0DB8C7688BF9-LeaderElection479] INFO  impl.RoleInfo (RoleInfo.java:shutdownLeaderElection(134)) - 4a682f4f-c3f2-4b77-88b7-f0ab78890feb: shutdown LeaderElection
2019-11-05 08:24:21,870 [4a682f4f-c3f2-4b77-88b7-f0ab78890feb@group-0DB8C7688BF9-LeaderElection479] INFO  impl.RoleInfo (RoleInfo.java:updateAndGet(143)) - 4a682f4f-c3f2-4b77-88b7-f0ab78890feb: start FollowerState
2019-11-05 08:24:21,970 [Thread-3544] INFO  impl.FollowerState (FollowerState.java:run(108)) - 4a682f4f-c3f2-4b77-88b7-f0ab78890feb@group-0DB8C7688BF9-FollowerState: change to CANDIDATE, lastRpcTime:100ms, electionTimeout:100ms
2019-11-05 08:24:21,970 [Thread-3544] INFO  impl.RoleInfo (RoleInfo.java:shutdownFollowerState(121)) - 4a682f4f-c3f2-4b77-88b7-f0ab78890feb: shutdown FollowerState
2019-11-05 08:24:21,970 [Thread-3544] INFO  impl.RaftServerImpl (RaftServerImpl.java:setRole(184)) - 4a682f4f-c3f2-4b77-88b7-f0ab78890feb@group-0DB8C7688BF9: changes role from  FOLLOWER to CANDIDATE at term 254 for changeToCandidate
2019-11-05 08:24:21,971 [Thread-3544] INFO  impl.RoleInfo (RoleInfo.java:updateAndGet(143)) - 4a682f4f-c3f2-4b77-88b7-f0ab78890feb: start LeaderElection
2019-11-05 08:24:21,985 [4a682f4f-c3f2-4b77-88b7-f0ab78890feb@group-0DB8C7688BF9-LeaderElection480] INFO  impl.LeaderElection (LeaderElection.java:askForVotes(178)) - 4a682f4f-c3f2-4b77-88b7-f0ab78890feb@group-0DB8C7688BF9-LeaderElection480: begin an election at term 255 for -1: [77ab65e6-d942-49df-83a3-1d4c0bf152b3:192.168.164.217:39381, 7e1b84a9-a041-44fd-8008-f2679426984c:192.168.164.217:44149, 4a682f4f-c3f2-4b77-88b7-f0ab78890feb:192.168.164.217:34174], old=null
2019-11-05 08:24:21,987 [grpc-default-executor-4] INFO  impl.RaftServerImpl (RaftServerImpl.java:setRole(184)) - 77ab65e6-d942-49df-83a3-1d4c0bf152b3@group-0DB8C7688BF9: changes role from  FOLLOWER to FOLLOWER at term 255 for recognizeCandidate:4a682f4f-c3f2-4b77-88b7-f0ab78890feb
2019-11-05 08:24:21,987 [grpc-default-executor-4] INFO  impl.RoleInfo (RoleInfo.java:shutdownFollowerState(121)) - 77ab65e6-d942-49df-83a3-1d4c0bf152b3: shutdown FollowerState
2019-11-05 08:24:21,987 [grpc-default-executor-3] INFO  impl.RaftServerImpl (RaftServerImpl.java:setRole(184)) - 7e1b84a9-a041-44fd-8008-f2679426984c@group-0DB8C7688BF9: changes role from  FOLLOWER to FOLLOWER at term 255 for recognizeCandidate:4a682f4f-c3f2-4b77-88b7-f0ab78890feb
2019-11-05 08:24:21,987 [Thread-3542] INFO  impl.FollowerState (FollowerState.java:run(117)) - 77ab65e6-d942-49df-83a3-1d4c0bf152b3@group-0DB8C7688BF9-FollowerState was interrupted: java.lang.InterruptedException: sleep interrupted
2019-11-05 08:24:21,987 [grpc-default-executor-3] INFO  impl.RoleInfo (RoleInfo.java:shutdownFollowerState(121)) - 7e1b84a9-a041-44fd-8008-f2679426984c: shutdown FollowerState
2019-11-05 08:24:21,987 [grpc-default-executor-4] INFO  impl.RoleInfo (RoleInfo.java:updateAndGet(143)) - 77ab65e6-d942-49df-83a3-1d4c0bf152b3: start FollowerState
2019-11-05 08:24:21,988 [Thread-3543] INFO  impl.FollowerState (FollowerState.java:run(117)) - 7e1b84a9-a041-44fd-8008-f2679426984c@group-0DB8C7688BF9-FollowerState was interrupted: java.lang.InterruptedException: sleep interrupted
2019-11-05 08:24:21,988 [grpc-default-executor-3] INFO  impl.RoleInfo (RoleInfo.java:updateAndGet(143)) - 7e1b84a9-a041-44fd-8008-f2679426984c: start FollowerState
2019-11-05 08:24:22,004 [4a682f4f-c3f2-4b77-88b7-f0ab78890feb@group-0DB8C7688BF9-LeaderElection480] INFO  impl.LeaderElection (LeaderElection.java:logAndReturn(56)) - 4a682f4f-c3f2-4b77-88b7-f0ab78890feb@group-0DB8C7688BF9-LeaderElection480: Election REJECTED; received 2 response(s) [4a682f4f-c3f2-4b77-88b7-f0ab78890feb<-77ab65e6-d942-49df-83a3-1d4c0bf152b3#0:FAIL-t255, 4a682f4f-c3f2-4b77-88b7-f0ab78890feb<-7e1b84a9-a041-44fd-8008-f2679426984c#0:FAIL-t255] and 0 exception(s); 4a682f4f-c3f2-4b77-88b7-f0ab78890feb@group-0DB8C7688BF9:t255, leader=null, voted=4a682f4f-c3f2-4b77-88b7-f0ab78890feb, raftlog=4a682f4f-c3f2-4b77-88b7-f0ab78890feb@group-0DB8C7688BF9-SegmentedRaftLog:OPENED:c-1,f-1,i0, conf=-1: [77ab65e6-d942-49df-83a3-1d4c0bf152b3:192.168.164.217:39381, 7e1b84a9-a041-44fd-8008-f2679426984c:192.168.164.217:44149, 4a682f4f-c3f2-4b77-88b7-f0ab78890feb:192.168.164.217:34174], old=null
2019-11-05 08:24:22,004 [4a682f4f-c3f2-4b77-88b7-f0ab78890feb@group-0DB8C7688BF9-LeaderElection480] INFO  impl.RaftServerImpl (RaftServerImpl.java:setRole(184)) - 4a682f4f-c3f2-4b77-88b7-f0ab78890feb@group-0DB8C7688BF9: changes role from CANDIDATE to FOLLOWER at term 255 for DISCOVERED_A_NEW_TERM
2019-11-05 08:24:22,004 [4a682f4f-c3f2-4b77-88b7-f0ab78890feb@group-0DB8C7688BF9-LeaderElection480] INFO  impl.RoleInfo (RoleInfo.java:shutdownLeaderElection(134)) - 4a682f4f-c3f2-4b77-88b7-f0ab78890feb: shutdown LeaderElection
2019-11-05 08:24:22,004 [4a682f4f-c3f2-4b77-88b7-f0ab78890feb@group-0DB8C7688BF9-LeaderElection480] INFO  impl.RoleInfo (RoleInfo.java:updateAndGet(143)) - 4a682f4f-c3f2-4b77-88b7-f0ab78890feb: start FollowerState
2019-11-05 08:24:22,079 [Thread-3550] INFO  impl.FollowerState (FollowerState.java:run(108)) - 4a682f4f-c3f2-4b77-88b7-f0ab78890feb@group-0DB8C7688BF9-FollowerState: change to CANDIDATE, lastRpcTime:74ms, electionTimeout:74ms
2019-11-05 08:24:22,079 [Thread-3550] INFO  impl.RoleInfo (RoleInfo.java:shutdownFollowerState(121)) - 4a682f4f-c3f2-4b77-88b7-f0ab78890feb: shutdown FollowerState
2019-11-05 08:24:22,079 [Thread-3550] INFO  impl.RaftServerImpl (RaftServerImpl.java:setRole(184)) - 4a682f4f-c3f2-4b77-88b7-f0ab78890feb@group-0DB8C7688BF9: changes role from  FOLLOWER to CANDIDATE at term 255 for changeToCandidate
2019-11-05 08:24:22,079 [Thread-3550] INFO  impl.RoleInfo (RoleInfo.java:updateAndGet(143)) - 4a682f4f-c3f2-4b77-88b7-f0ab78890feb: start LeaderElection
2019-11-05 08:24:22,093 [4a682f4f-c3f2-4b77-88b7-f0ab78890feb@group-0DB8C7688BF9-LeaderElection481] INFO  impl.LeaderElection (LeaderElection.java:askForVotes(178)) - 4a682f4f-c3f2-4b77-88b7-f0ab78890feb@group-0DB8C7688BF9-LeaderElection481: begin an election at term 256 for -1: [77ab65e6-d942-49df-83a3-1d4c0bf152b3:192.168.164.217:39381, 7e1b84a9-a041-44fd-8008-f2679426984c:192.168.164.217:44149, 4a682f4f-c3f2-4b77-88b7-f0ab78890feb:192.168.164.217:34174], old=null
2019-11-05 08:24:22,094 [grpc-default-executor-4] INFO  impl.RaftServerImpl (RaftServerImpl.java:setRole(184)) - 77ab65e6-d942-49df-83a3-1d4c0bf152b3@group-0DB8C7688BF9: changes role from  FOLLOWER to FOLLOWER at term 256 for recognizeCandidate:4a682f4f-c3f2-4b77-88b7-f0ab78890feb
2019-11-05 08:24:22,094 [4a682f4f-c3f2-4b77-88b7-f0ab78890feb@group-0DB8C7688BF9-LeaderElection481] INFO  impl.LeaderElection (LeaderElection.java:logAndReturn(56)) - 4a682f4f-c3f2-4b77-88b7-f0ab78890feb@group-0DB8C7688BF9-LeaderElection481: Election TIMEOUT; received 0 response(s) [] and 0 exception(s); 4a682f4f-c3f2-4b77-88b7-f0ab78890feb@group-0DB8C7688BF9:t256, leader=null, voted=4a682f4f-c3f2-4b77-88b7-f0ab78890feb, raftlog=4a682f4f-c3f2-4b77-88b7-f0ab78890feb@group-0DB8C7688BF9-SegmentedRaftLog:OPENED:c-1,f-1,i0, conf=-1: [77ab65e6-d942-49df-83a3-1d4c0bf152b3:192.168.164.217:39381, 7e1b84a9-a041-44fd-8008-f2679426984c:192.168.164.217:44149, 4a682f4f-c3f2-4b77-88b7-f0ab78890feb:192.168.164.217:34174], old=null
2019-11-05 08:24:22,094 [grpc-default-executor-3] INFO  impl.RaftServerImpl (RaftServerImpl.java:setRole(184)) - 7e1b84a9-a041-44fd-8008-f2679426984c@group-0DB8C7688BF9: changes role from  FOLLOWER to FOLLOWER at term 256 for recognizeCandidate:4a682f4f-c3f2-4b77-88b7-f0ab78890feb
2019-11-05 08:24:22,095 [grpc-default-executor-3] INFO  impl.RoleInfo (RoleInfo.java:shutdownFollowerState(121)) - 7e1b84a9-a041-44fd-8008-f2679426984c: shutdown FollowerState
2019-11-05 08:24:22,094 [grpc-default-executor-4] INFO  impl.RoleInfo (RoleInfo.java:shutdownFollowerState(121)) - 77ab65e6-d942-49df-83a3-1d4c0bf152b3: shutdown FollowerState
2019-11-05 08:24:22,095 [Thread-3549] INFO  impl.FollowerState (FollowerState.java:run(117)) - 7e1b84a9-a041-44fd-8008-f2679426984c@group-0DB8C7688BF9-FollowerState was interrupted: java.lang.InterruptedException: sleep interrupted
2019-11-05 08:24:22,095 [Thread-3548] INFO  impl.FollowerState (FollowerState.java:run(117)) - 77ab65e6-d942-49df-83a3-1d4c0bf152b3@group-0DB8C7688BF9-FollowerState was interrupted: java.lang.InterruptedException: sleep interrupted
2019-11-05 08:24:22,095 [grpc-default-executor-3] INFO  impl.RoleInfo (RoleInfo.java:updateAndGet(143)) - 7e1b84a9-a041-44fd-8008-f2679426984c: start FollowerState
2019-11-05 08:24:22,095 [grpc-default-executor-4] INFO  impl.RoleInfo (RoleInfo.java:updateAndGet(143)) - 77ab65e6-d942-49df-83a3-1d4c0bf152b3: start FollowerState
2019-11-05 08:24:22,109 [4a682f4f-c3f2-4b77-88b7-f0ab78890feb@group-0DB8C7688BF9-LeaderElection481] INFO  impl.LeaderElection (LeaderElection.java:askForVotes(178)) - 4a682f4f-c3f2-4b77-88b7-f0ab78890feb@group-0DB8C7688BF9-LeaderElection481: begin an election at term 257 for -1: [77ab65e6-d942-49df-83a3-1d4c0bf152b3:192.168.164.217:39381, 7e1b84a9-a041-44fd-8008-f2679426984c:192.168.164.217:44149, 4a682f4f-c3f2-4b77-88b7-f0ab78890feb:192.168.164.217:34174], old=null
2019-11-05 08:24:22,110 [grpc-default-executor-3] INFO  impl.RaftServerImpl (RaftServerImpl.java:setRole(184)) - 77ab65e6-d942-49df-83a3-1d4c0bf152b3@group-0DB8C7688BF9: changes role from  FOLLOWER to FOLLOWER at term 257 for recognizeCandidate:4a682f4f-c3f2-4b77-88b7-f0ab78890feb
2019-11-05 08:24:22,110 [grpc-default-executor-3] INFO  impl.RoleInfo (RoleInfo.java:shutdownFollowerState(121)) - 77ab65e6-d942-49df-83a3-1d4c0bf152b3: shutdown FollowerState
2019-11-05 08:24:22,110 [grpc-default-executor-3] INFO  impl.RoleInfo (RoleInfo.java:updateAndGet(143)) - 77ab65e6-d942-49df-83a3-1d4c0bf152b3: start FollowerState
2019-11-05 08:24:22,110 [Thread-3555] INFO  impl.FollowerState (FollowerState.java:run(117)) - 77ab65e6-d942-49df-83a3-1d4c0bf152b3@group-0DB8C7688BF9-FollowerState was interrupted: java.lang.InterruptedException: sleep interrupted
2019-11-05 08:24:22,110 [grpc-default-executor-4] INFO  impl.RaftServerImpl (RaftServerImpl.java:setRole(184)) - 7e1b84a9-a041-44fd-8008-f2679426984c@group-0DB8C7688BF9: changes role from  FOLLOWER to FOLLOWER at term 257 for recognizeCandidate:4a682f4f-c3f2-4b77-88b7-f0ab78890feb
2019-11-05 08:24:22,110 [grpc-default-executor-4] INFO  impl.RoleInfo (RoleInfo.java:shutdownFollowerState(121)) - 7e1b84a9-a041-44fd-8008-f2679426984c: shutdown FollowerState
2019-11-05 08:24:22,110 [grpc-default-executor-4] INFO  impl.RoleInfo (RoleInfo.java:updateAndGet(143)) - 7e1b84a9-a041-44fd-8008-f2679426984c: start FollowerState
2019-11-05 08:24:22,110 [Thread-3554] INFO  impl.FollowerState (FollowerState.java:run(117)) - 7e1b84a9-a041-44fd-8008-f2679426984c@group-0DB8C7688BF9-FollowerState was interrupted: java.lang.InterruptedException: sleep interrupted
2019-11-05 08:24:22,124 [4a682f4f-c3f2-4b77-88b7-f0ab78890feb@group-0DB8C7688BF9-LeaderElection481] INFO  impl.LeaderElection (LeaderElection.java:logAndReturn(56)) - 4a682f4f-c3f2-4b77-88b7-f0ab78890feb@group-0DB8C7688BF9-LeaderElection481: Election REJECTED; received 2 response(s) [4a682f4f-c3f2-4b77-88b7-f0ab78890feb<-77ab65e6-d942-49df-83a3-1d4c0bf152b3#0:FAIL-t257, 4a682f4f-c3f2-4b77-88b7-f0ab78890feb<-7e1b84a9-a041-44fd-8008-f2679426984c#0:FAIL-t257] and 0 exception(s); 4a682f4f-c3f2-4b77-88b7-f0ab78890feb@group-0DB8C7688BF9:t257, leader=null, voted=4a682f4f-c3f2-4b77-88b7-f0ab78890feb, raftlog=4a682f4f-c3f2-4b77-88b7-f0ab78890feb@group-0DB8C7688BF9-SegmentedRaftLog:OPENED:c-1,f-1,i0, conf=-1: [77ab65e6-d942-49df-83a3-1d4c0bf152b3:192.168.164.217:39381, 7e1b84a9-a041-44fd-8008-f2679426984c:192.168.164.217:44149, 4a682f4f-c3f2-4b77-88b7-f0ab78890feb:192.168.164.217:34174], old=null
2019-11-05 08:24:22,124 [4a682f4f-c3f2-4b77-88b7-f0ab78890feb@group-0DB8C7688BF9-LeaderElection481] INFO  impl.RaftServerImpl (RaftServerImpl.java:setRole(184)) - 4a682f4f-c3f2-4b77-88b7-f0ab78890feb@group-0DB8C7688BF9: changes role from CANDIDATE to FOLLOWER at term 257 for DISCOVERED_A_NEW_TERM
2019-11-05 08:24:22,125 [4a682f4f-c3f2-4b77-88b7-f0ab78890feb@group-0DB8C7688BF9-LeaderElection481] INFO  impl.RoleInfo (RoleInfo.java:shutdownLeaderElection(134)) - 4a682f4f-c3f2-4b77-88b7-f0ab78890feb: shutdown LeaderElection
2019-11-05 08:24:22,125 [4a682f4f-c3f2-4b77-88b7-f0ab78890feb@group-0DB8C7688BF9-LeaderElection481] INFO  impl.RoleInfo (RoleInfo.java:updateAndGet(143)) - 4a682f4f-c3f2-4b77-88b7-f0ab78890feb: start FollowerState
2019-11-05 08:24:22,224 [Thread-3512] INFO  impl.FollowerState (FollowerState.java:run(108)) - b3bb9051-8089-4c51-a999-81579e5913f2@group-0E159EE4F99E-FollowerState: change to CANDIDATE, lastRpcTime:1037ms, electionTimeout:1037ms
2019-11-05 08:24:22,224 [Thread-3512] INFO  impl.RoleInfo (RoleInfo.java:shutdownFollowerState(121)) - b3bb9051-8089-4c51-a999-81579e5913f2: shutdown FollowerState
2019-11-05 08:24:22,224 [Thread-3512] INFO  impl.RaftServerImpl (RaftServerImpl.java:setRole(184)) - b3bb9051-8089-4c51-a999-81579e5913f2@group-0E159EE4F99E: changes role from  FOLLOWER to CANDIDATE at term 252 for changeToCandidate
2019-11-05 08:24:22,224 [Thread-3512] INFO  impl.RoleInfo (RoleInfo.java:updateAndGet(143)) - b3bb9051-8089-4c51-a999-81579e5913f2: start LeaderElection
2019-11-05 08:24:22,237 [Thread-3560] INFO  impl.FollowerState (FollowerState.java:run(108)) - 4a682f4f-c3f2-4b77-88b7-f0ab78890feb@group-0DB8C7688BF9-FollowerState: change to CANDIDATE, lastRpcTime:112ms, electionTimeout:112ms
2019-11-05 08:24:22,237 [Thread-3560] INFO  impl.RoleInfo (RoleInfo.java:shutdownFollowerState(121)) - 4a682f4f-c3f2-4b77-88b7-f0ab78890feb: shutdown FollowerState
2019-11-05 08:24:22,237 [Thread-3560] INFO  impl.RaftServerImpl (RaftServerImpl.java:setRole(184)) - 4a682f4f-c3f2-4b77-88b7-f0ab78890feb@group-0DB8C7688BF9: changes role from  FOLLOWER to CANDIDATE at term 257 for changeToCandidate
2019-11-05 08:24:22,237 [Thread-3560] INFO  impl.RoleInfo (RoleInfo.java:updateAndGet(143)) - 4a682f4f-c3f2-4b77-88b7-f0ab78890feb: start LeaderElection
2019-11-05 08:24:22,238 [b3bb9051-8089-4c51-a999-81579e5913f2@group-0E159EE4F99E-LeaderElection482] INFO  impl.LeaderElection (LeaderElection.java:askForVotes(178)) - b3bb9051-8089-4c51-a999-81579e5913f2@group-0E159EE4F99E-LeaderElection482: begin an election at term 253 for 0: [caafcba9-090a-41f5-a5f9-cba5a6a81e94:192.168.164.217:37197, a8ae9c07-6d89-4a49-a594-cacd4b776180:192.168.164.217:42719, b3bb9051-8089-4c51-a999-81579e5913f2:192.168.164.217:36516], old=null
2019-11-05 08:24:22,240 [b3bb9051-8089-4c51-a999-81579e5913f2@group-0E159EE4F99E-LeaderElection482] INFO  impl.LeaderElection (LogUtils.java:infoOrTrace(149)) - b3bb9051-8089-4c51-a999-81579e5913f2@group-0E159EE4F99E-LeaderElection482 got exception when requesting votes: {}
java.util.concurrent.ExecutionException: org.apache.ratis.thirdparty.io.grpc.StatusRuntimeException: UNAVAILABLE: io exception
	at java.util.concurrent.FutureTask.report(FutureTask.java:122)
	at java.util.concurrent.FutureTask.get(FutureTask.java:192)
	at org.apache.ratis.server.impl.LeaderElection.waitForResults(LeaderElection.java:259)
	at org.apache.ratis.server.impl.LeaderElection.askForVotes(LeaderElection.java:197)
	at org.apache.ratis.server.impl.LeaderElection.run(LeaderElection.java:133)
	at java.lang.Thread.run(Thread.java:748)
Caused by: org.apache.ratis.thirdparty.io.grpc.StatusRuntimeException: UNAVAILABLE: io exception
	at org.apache.ratis.thirdparty.io.grpc.stub.ClientCalls.toStatusRuntimeException(ClientCalls.java:233)
	at org.apache.ratis.thirdparty.io.grpc.stub.ClientCalls.getUnchecked(ClientCalls.java:214)
	at org.apache.ratis.thirdparty.io.grpc.stub.ClientCalls.blockingUnaryCall(ClientCalls.java:139)
	at org.apache.ratis.proto.grpc.RaftServerProtocolServiceGrpc$RaftServerProtocolServiceBlockingStub.requestVote(RaftServerProtocolServiceGrpc.java:265)
	at org.apache.ratis.grpc.server.GrpcServerProtocolClient.requestVote(GrpcServerProtocolClient.java:99)
	at org.apache.ratis.grpc.server.GrpcService.requestVote(GrpcService.java:204)
	at org.apache.ratis.server.impl.LeaderElection.lambda$submitRequests$1(LeaderElection.java:234)
	at java.util.concurrent.FutureTask.run(FutureTask.java:266)
	at java.util.concurrent.Executors$RunnableAdapter.call(Executors.java:511)
	at java.util.concurrent.FutureTask.run(FutureTask.java:266)
	at java.util.concurrent.ThreadPoolExecutor.runWorker(ThreadPoolExecutor.java:1149)
	at java.util.concurrent.ThreadPoolExecutor$Worker.run(ThreadPoolExecutor.java:624)
	... 1 more
Caused by: org.apache.ratis.thirdparty.io.netty.channel.AbstractChannel$AnnotatedConnectException: Connection refused: /192.168.164.217:37197
	at sun.nio.ch.SocketChannelImpl.checkConnect(Native Method)
	at sun.nio.ch.SocketChannelImpl.finishConnect(SocketChannelImpl.java:717)
	at org.apache.ratis.thirdparty.io.netty.channel.socket.nio.NioSocketChannel.doFinishConnect(NioSocketChannel.java:327)
	at org.apache.ratis.thirdparty.io.netty.channel.nio.AbstractNioChannel$AbstractNioUnsafe.finishConnect(AbstractNioChannel.java:340)
	at org.apache.ratis.thirdparty.io.netty.channel.nio.NioEventLoop.processSelectedKey(NioEventLoop.java:632)
	at org.apache.ratis.thirdparty.io.netty.channel.nio.NioEventLoop.processSelectedKeysOptimized(NioEventLoop.java:579)
	at org.apache.ratis.thirdparty.io.netty.channel.nio.NioEventLoop.processSelectedKeys(NioEventLoop.java:496)
	at org.apache.ratis.thirdparty.io.netty.channel.nio.NioEventLoop.run(NioEventLoop.java:458)
	at org.apache.ratis.thirdparty.io.netty.util.concurrent.SingleThreadEventExecutor$5.run(SingleThreadEventExecutor.java:897)
	at org.apache.ratis.thirdparty.io.netty.util.concurrent.FastThreadLocalRunnable.run(FastThreadLocalRunnable.java:30)
	... 1 more
Caused by: java.net.ConnectException: Connection refused
	... 11 more
2019-11-05 08:24:22,241 [b3bb9051-8089-4c51-a999-81579e5913f2@group-0E159EE4F99E-LeaderElection482] INFO  impl.LeaderElection (LogUtils.java:infoOrTrace(149)) - b3bb9051-8089-4c51-a999-81579e5913f2@group-0E159EE4F99E-LeaderElection482 got exception when requesting votes: {}
java.util.concurrent.ExecutionException: org.apache.ratis.thirdparty.io.grpc.StatusRuntimeException: UNAVAILABLE: io exception
	at java.util.concurrent.FutureTask.report(FutureTask.java:122)
	at java.util.concurrent.FutureTask.get(FutureTask.java:192)
	at org.apache.ratis.server.impl.LeaderElection.waitForResults(LeaderElection.java:259)
	at org.apache.ratis.server.impl.LeaderElection.askForVotes(LeaderElection.java:197)
	at org.apache.ratis.server.impl.LeaderElection.run(LeaderElection.java:133)
	at java.lang.Thread.run(Thread.java:748)
Caused by: org.apache.ratis.thirdparty.io.grpc.StatusRuntimeException: UNAVAILABLE: io exception
	at org.apache.ratis.thirdparty.io.grpc.stub.ClientCalls.toStatusRuntimeException(ClientCalls.java:233)
	at org.apache.ratis.thirdparty.io.grpc.stub.ClientCalls.getUnchecked(ClientCalls.java:214)
	at org.apache.ratis.thirdparty.io.grpc.stub.ClientCalls.blockingUnaryCall(ClientCalls.java:139)
	at org.apache.ratis.proto.grpc.RaftServerProtocolServiceGrpc$RaftServerProtocolServiceBlockingStub.requestVote(RaftServerProtocolServiceGrpc.java:265)
	at org.apache.ratis.grpc.server.GrpcServerProtocolClient.requestVote(GrpcServerProtocolClient.java:99)
	at org.apache.ratis.grpc.server.GrpcService.requestVote(GrpcService.java:204)
	at org.apache.ratis.server.impl.LeaderElection.lambda$submitRequests$1(LeaderElection.java:234)
	at java.util.concurrent.FutureTask.run(FutureTask.java:266)
	at java.util.concurrent.Executors$RunnableAdapter.call(Executors.java:511)
	at java.util.concurrent.FutureTask.run(FutureTask.java:266)
	at java.util.concurrent.ThreadPoolExecutor.runWorker(ThreadPoolExecutor.java:1149)
	at java.util.concurrent.ThreadPoolExecutor$Worker.run(ThreadPoolExecutor.java:624)
	... 1 more
Caused by: org.apache.ratis.thirdparty.io.netty.channel.AbstractChannel$AnnotatedConnectException: Connection refused: /192.168.164.217:42719
	at sun.nio.ch.SocketChannelImpl.checkConnect(Native Method)
	at sun.nio.ch.SocketChannelImpl.finishConnect(SocketChannelImpl.java:717)
	at org.apache.ratis.thirdparty.io.netty.channel.socket.nio.NioSocketChannel.doFinishConnect(NioSocketChannel.java:327)
	at org.apache.ratis.thirdparty.io.netty.channel.nio.AbstractNioChannel$AbstractNioUnsafe.finishConnect(AbstractNioChannel.java:340)
	at org.apache.ratis.thirdparty.io.netty.channel.nio.NioEventLoop.processSelectedKey(NioEventLoop.java:632)
	at org.apache.ratis.thirdparty.io.netty.channel.nio.NioEventLoop.processSelectedKeysOptimized(NioEventLoop.java:579)
	at org.apache.ratis.thirdparty.io.netty.channel.nio.NioEventLoop.processSelectedKeys(NioEventLoop.java:496)
	at org.apache.ratis.thirdparty.io.netty.channel.nio.NioEventLoop.run(NioEventLoop.java:458)
	at org.apache.ratis.thirdparty.io.netty.util.concurrent.SingleThreadEventExecutor$5.run(SingleThreadEventExecutor.java:897)
	at org.apache.ratis.thirdparty.io.netty.util.concurrent.FastThreadLocalRunnable.run(FastThreadLocalRunnable.java:30)
	... 1 more
Caused by: java.net.ConnectException: Connection refused
	... 11 more
2019-11-05 08:24:22,241 [b3bb9051-8089-4c51-a999-81579e5913f2@group-0E159EE4F99E-LeaderElection482] INFO  impl.LeaderElection (LeaderElection.java:logAndReturn(56)) - b3bb9051-8089-4c51-a999-81579e5913f2@group-0E159EE4F99E-LeaderElection482: Election REJECTED; received 0 response(s) [] and 2 exception(s); b3bb9051-8089-4c51-a999-81579e5913f2@group-0E159EE4F99E:t253, leader=null, voted=b3bb9051-8089-4c51-a999-81579e5913f2, raftlog=b3bb9051-8089-4c51-a999-81579e5913f2@group-0E159EE4F99E-SegmentedRaftLog:OPENED:c-1,f0,i0, conf=0: [caafcba9-090a-41f5-a5f9-cba5a6a81e94:192.168.164.217:37197, a8ae9c07-6d89-4a49-a594-cacd4b776180:192.168.164.217:42719, b3bb9051-8089-4c51-a999-81579e5913f2:192.168.164.217:36516], old=null
2019-11-05 08:24:22,241 [b3bb9051-8089-4c51-a999-81579e5913f2@group-0E159EE4F99E-LeaderElection482] INFO  impl.LeaderElection (LogUtils.java:infoOrTrace(149)) -   Exception 0: {}
java.util.concurrent.ExecutionException: org.apache.ratis.thirdparty.io.grpc.StatusRuntimeException: UNAVAILABLE: io exception
	at java.util.concurrent.FutureTask.report(FutureTask.java:122)
	at java.util.concurrent.FutureTask.get(FutureTask.java:192)
	at org.apache.ratis.server.impl.LeaderElection.waitForResults(LeaderElection.java:259)
	at org.apache.ratis.server.impl.LeaderElection.askForVotes(LeaderElection.java:197)
	at org.apache.ratis.server.impl.LeaderElection.run(LeaderElection.java:133)
	at java.lang.Thread.run(Thread.java:748)
Caused by: org.apache.ratis.thirdparty.io.grpc.StatusRuntimeException: UNAVAILABLE: io exception
	at org.apache.ratis.thirdparty.io.grpc.stub.ClientCalls.toStatusRuntimeException(ClientCalls.java:233)
	at org.apache.ratis.thirdparty.io.grpc.stub.ClientCalls.getUnchecked(ClientCalls.java:214)
	at org.apache.ratis.thirdparty.io.grpc.stub.ClientCalls.blockingUnaryCall(ClientCalls.java:139)
	at org.apache.ratis.proto.grpc.RaftServerProtocolServiceGrpc$RaftServerProtocolServiceBlockingStub.requestVote(RaftServerProtocolServiceGrpc.java:265)
	at org.apache.ratis.grpc.server.GrpcServerProtocolClient.requestVote(GrpcServerProtocolClient.java:99)
	at org.apache.ratis.grpc.server.GrpcService.requestVote(GrpcService.java:204)
	at org.apache.ratis.server.impl.LeaderElection.lambda$submitRequests$1(LeaderElection.java:234)
	at java.util.concurrent.FutureTask.run(FutureTask.java:266)
	at java.util.concurrent.Executors$RunnableAdapter.call(Executors.java:511)
	at java.util.concurrent.FutureTask.run(FutureTask.java:266)
	at java.util.concurrent.ThreadPoolExecutor.runWorker(ThreadPoolExecutor.java:1149)
	at java.util.concurrent.ThreadPoolExecutor$Worker.run(ThreadPoolExecutor.java:624)
	... 1 more
Caused by: org.apache.ratis.thirdparty.io.netty.channel.AbstractChannel$AnnotatedConnectException: Connection refused: /192.168.164.217:37197
	at sun.nio.ch.SocketChannelImpl.checkConnect(Native Method)
	at sun.nio.ch.SocketChannelImpl.finishConnect(SocketChannelImpl.java:717)
	at org.apache.ratis.thirdparty.io.netty.channel.socket.nio.NioSocketChannel.doFinishConnect(NioSocketChannel.java:327)
	at org.apache.ratis.thirdparty.io.netty.channel.nio.AbstractNioChannel$AbstractNioUnsafe.finishConnect(AbstractNioChannel.java:340)
	at org.apache.ratis.thirdparty.io.netty.channel.nio.NioEventLoop.processSelectedKey(NioEventLoop.java:632)
	at org.apache.ratis.thirdparty.io.netty.channel.nio.NioEventLoop.processSelectedKeysOptimized(NioEventLoop.java:579)
	at org.apache.ratis.thirdparty.io.netty.channel.nio.NioEventLoop.processSelectedKeys(NioEventLoop.java:496)
	at org.apache.ratis.thirdparty.io.netty.channel.nio.NioEventLoop.run(NioEventLoop.java:458)
	at org.apache.ratis.thirdparty.io.netty.util.concurrent.SingleThreadEventExecutor$5.run(SingleThreadEventExecutor.java:897)
	at org.apache.ratis.thirdparty.io.netty.util.concurrent.FastThreadLocalRunnable.run(FastThreadLocalRunnable.java:30)
	... 1 more
Caused by: java.net.ConnectException: Connection refused
	... 11 more
2019-11-05 08:24:22,241 [b3bb9051-8089-4c51-a999-81579e5913f2@group-0E159EE4F99E-LeaderElection482] INFO  impl.LeaderElection (LogUtils.java:infoOrTrace(149)) -   Exception 1: {}
java.util.concurrent.ExecutionException: org.apache.ratis.thirdparty.io.grpc.StatusRuntimeException: UNAVAILABLE: io exception
	at java.util.concurrent.FutureTask.report(FutureTask.java:122)
	at java.util.concurrent.FutureTask.get(FutureTask.java:192)
	at org.apache.ratis.server.impl.LeaderElection.waitForResults(LeaderElection.java:259)
	at org.apache.ratis.server.impl.LeaderElection.askForVotes(LeaderElection.java:197)
	at org.apache.ratis.server.impl.LeaderElection.run(LeaderElection.java:133)
	at java.lang.Thread.run(Thread.java:748)
Caused by: org.apache.ratis.thirdparty.io.grpc.StatusRuntimeException: UNAVAILABLE: io exception
	at org.apache.ratis.thirdparty.io.grpc.stub.ClientCalls.toStatusRuntimeException(ClientCalls.java:233)
	at org.apache.ratis.thirdparty.io.grpc.stub.ClientCalls.getUnchecked(ClientCalls.java:214)
	at org.apache.ratis.thirdparty.io.grpc.stub.ClientCalls.blockingUnaryCall(ClientCalls.java:139)
	at org.apache.ratis.proto.grpc.RaftServerProtocolServiceGrpc$RaftServerProtocolServiceBlockingStub.requestVote(RaftServerProtocolServiceGrpc.java:265)
	at org.apache.ratis.grpc.server.GrpcServerProtocolClient.requestVote(GrpcServerProtocolClient.java:99)
	at org.apache.ratis.grpc.server.GrpcService.requestVote(GrpcService.java:204)
	at org.apache.ratis.server.impl.LeaderElection.lambda$submitRequests$1(LeaderElection.java:234)
	at java.util.concurrent.FutureTask.run(FutureTask.java:266)
	at java.util.concurrent.Executors$RunnableAdapter.call(Executors.java:511)
	at java.util.concurrent.FutureTask.run(FutureTask.java:266)
	at java.util.concurrent.ThreadPoolExecutor.runWorker(ThreadPoolExecutor.java:1149)
	at java.util.concurrent.ThreadPoolExecutor$Worker.run(ThreadPoolExecutor.java:624)
	... 1 more
Caused by: org.apache.ratis.thirdparty.io.netty.channel.AbstractChannel$AnnotatedConnectException: Connection refused: /192.168.164.217:42719
	at sun.nio.ch.SocketChannelImpl.checkConnect(Native Method)
	at sun.nio.ch.SocketChannelImpl.finishConnect(SocketChannelImpl.java:717)
	at org.apache.ratis.thirdparty.io.netty.channel.socket.nio.NioSocketChannel.doFinishConnect(NioSocketChannel.java:327)
	at org.apache.ratis.thirdparty.io.netty.channel.nio.AbstractNioChannel$AbstractNioUnsafe.finishConnect(AbstractNioChannel.java:340)
	at org.apache.ratis.thirdparty.io.netty.channel.nio.NioEventLoop.processSelectedKey(NioEventLoop.java:632)
	at org.apache.ratis.thirdparty.io.netty.channel.nio.NioEventLoop.processSelectedKeysOptimized(NioEventLoop.java:579)
	at org.apache.ratis.thirdparty.io.netty.channel.nio.NioEventLoop.processSelectedKeys(NioEventLoop.java:496)
	at org.apache.ratis.thirdparty.io.netty.channel.nio.NioEventLoop.run(NioEventLoop.java:458)
	at org.apache.ratis.thirdparty.io.netty.util.concurrent.SingleThreadEventExecutor$5.run(SingleThreadEventExecutor.java:897)
	at org.apache.ratis.thirdparty.io.netty.util.concurrent.FastThreadLocalRunnable.run(FastThreadLocalRunnable.java:30)
	... 1 more
Caused by: java.net.ConnectException: Connection refused
	... 11 more
2019-11-05 08:24:22,242 [b3bb9051-8089-4c51-a999-81579e5913f2@group-0E159EE4F99E-LeaderElection482] INFO  impl.RaftServerImpl (RaftServerImpl.java:setRole(184)) - b3bb9051-8089-4c51-a999-81579e5913f2@group-0E159EE4F99E: changes role from CANDIDATE to FOLLOWER at term 253 for DISCOVERED_A_NEW_TERM
2019-11-05 08:24:22,242 [b3bb9051-8089-4c51-a999-81579e5913f2@group-0E159EE4F99E-LeaderElection482] INFO  impl.RoleInfo (RoleInfo.java:shutdownLeaderElection(134)) - b3bb9051-8089-4c51-a999-81579e5913f2: shutdown LeaderElection
2019-11-05 08:24:22,242 [b3bb9051-8089-4c51-a999-81579e5913f2@group-0E159EE4F99E-LeaderElection482] INFO  impl.RoleInfo (RoleInfo.java:updateAndGet(143)) - b3bb9051-8089-4c51-a999-81579e5913f2: start FollowerState
2019-11-05 08:24:22,248 [java.util.concurrent.ThreadPoolExecutor$Worker@4893213[State = -1, empty queue]] WARN  server.GrpcLogAppender (GrpcLogAppender.java:timeoutAppendRequest(209)) - 6189f8a4-91dd-451f-abcb-72b2dcd73465@group-9D53872EEF85->fe5257f1-588f-41af-bf70-1c04126c8968-GrpcLogAppender: appendEntries Timeout, request=6189f8a4-91dd-451f-abcb-72b2dcd73465->fe5257f1-588f-41af-bf70-1c04126c8968#80-t4, previous=(t:4, i:20), leaderCommit=20, initializing? false, entries: <empty>
2019-11-05 08:24:22,250 [4a682f4f-c3f2-4b77-88b7-f0ab78890feb@group-0DB8C7688BF9-LeaderElection483] INFO  impl.LeaderElection (LeaderElection.java:askForVotes(178)) - 4a682f4f-c3f2-4b77-88b7-f0ab78890feb@group-0DB8C7688BF9-LeaderElection483: begin an election at term 258 for -1: [77ab65e6-d942-49df-83a3-1d4c0bf152b3:192.168.164.217:39381, 7e1b84a9-a041-44fd-8008-f2679426984c:192.168.164.217:44149, 4a682f4f-c3f2-4b77-88b7-f0ab78890feb:192.168.164.217:34174], old=null
2019-11-05 08:24:22,252 [grpc-default-executor-3] INFO  impl.RaftServerImpl (RaftServerImpl.java:setRole(184)) - 7e1b84a9-a041-44fd-8008-f2679426984c@group-0DB8C7688BF9: changes role from  FOLLOWER to FOLLOWER at term 258 for recognizeCandidate:4a682f4f-c3f2-4b77-88b7-f0ab78890feb
2019-11-05 08:24:22,252 [grpc-default-executor-4] INFO  impl.RaftServerImpl (RaftServerImpl.java:setRole(184)) - 77ab65e6-d942-49df-83a3-1d4c0bf152b3@group-0DB8C7688BF9: changes role from  FOLLOWER to FOLLOWER at term 258 for recognizeCandidate:4a682f4f-c3f2-4b77-88b7-f0ab78890feb
2019-11-05 08:24:22,253 [grpc-default-executor-4] INFO  impl.RoleInfo (RoleInfo.java:shutdownFollowerState(121)) - 77ab65e6-d942-49df-83a3-1d4c0bf152b3: shutdown FollowerState
2019-11-05 08:24:22,252 [grpc-default-executor-3] INFO  impl.RoleInfo (RoleInfo.java:shutdownFollowerState(121)) - 7e1b84a9-a041-44fd-8008-f2679426984c: shutdown FollowerState
2019-11-05 08:24:22,253 [Thread-3558] INFO  impl.FollowerState (FollowerState.java:run(117)) - 77ab65e6-d942-49df-83a3-1d4c0bf152b3@group-0DB8C7688BF9-FollowerState was interrupted: java.lang.InterruptedException: sleep interrupted
2019-11-05 08:24:22,253 [Thread-3559] INFO  impl.FollowerState (FollowerState.java:run(117)) - 7e1b84a9-a041-44fd-8008-f2679426984c@group-0DB8C7688BF9-FollowerState was interrupted: java.lang.InterruptedException: sleep interrupted
2019-11-05 08:24:22,253 [grpc-default-executor-4] INFO  impl.RoleInfo (RoleInfo.java:updateAndGet(143)) - 77ab65e6-d942-49df-83a3-1d4c0bf152b3: start FollowerState
2019-11-05 08:24:22,253 [grpc-default-executor-3] INFO  impl.RoleInfo (RoleInfo.java:updateAndGet(143)) - 7e1b84a9-a041-44fd-8008-f2679426984c: start FollowerState
2019-11-05 08:24:22,268 [4a682f4f-c3f2-4b77-88b7-f0ab78890feb@group-0DB8C7688BF9-LeaderElection483] INFO  impl.LeaderElection (LeaderElection.java:logAndReturn(56)) - 4a682f4f-c3f2-4b77-88b7-f0ab78890feb@group-0DB8C7688BF9-LeaderElection483: Election REJECTED; received 2 response(s) [4a682f4f-c3f2-4b77-88b7-f0ab78890feb<-77ab65e6-d942-49df-83a3-1d4c0bf152b3#0:FAIL-t258, 4a682f4f-c3f2-4b77-88b7-f0ab78890feb<-7e1b84a9-a041-44fd-8008-f2679426984c#0:FAIL-t258] and 0 exception(s); 4a682f4f-c3f2-4b77-88b7-f0ab78890feb@group-0DB8C7688BF9:t258, leader=null, voted=4a682f4f-c3f2-4b77-88b7-f0ab78890feb, raftlog=4a682f4f-c3f2-4b77-88b7-f0ab78890feb@group-0DB8C7688BF9-SegmentedRaftLog:OPENED:c-1,f-1,i0, conf=-1: [77ab65e6-d942-49df-83a3-1d4c0bf152b3:192.168.164.217:39381, 7e1b84a9-a041-44fd-8008-f2679426984c:192.168.164.217:44149, 4a682f4f-c3f2-4b77-88b7-f0ab78890feb:192.168.164.217:34174], old=null
2019-11-05 08:24:22,268 [4a682f4f-c3f2-4b77-88b7-f0ab78890feb@group-0DB8C7688BF9-LeaderElection483] INFO  impl.RaftServerImpl (RaftServerImpl.java:setRole(184)) - 4a682f4f-c3f2-4b77-88b7-f0ab78890feb@group-0DB8C7688BF9: changes role from CANDIDATE to FOLLOWER at term 258 for DISCOVERED_A_NEW_TERM
2019-11-05 08:24:22,268 [4a682f4f-c3f2-4b77-88b7-f0ab78890feb@group-0DB8C7688BF9-LeaderElection483] INFO  impl.RoleInfo (RoleInfo.java:shutdownLeaderElection(134)) - 4a682f4f-c3f2-4b77-88b7-f0ab78890feb: shutdown LeaderElection
2019-11-05 08:24:22,268 [4a682f4f-c3f2-4b77-88b7-f0ab78890feb@group-0DB8C7688BF9-LeaderElection483] INFO  impl.RoleInfo (RoleInfo.java:updateAndGet(143)) - 4a682f4f-c3f2-4b77-88b7-f0ab78890feb: start FollowerState
2019-11-05 08:24:22,375 [Thread-3570] INFO  impl.FollowerState (FollowerState.java:run(108)) - 4a682f4f-c3f2-4b77-88b7-f0ab78890feb@group-0DB8C7688BF9-FollowerState: change to CANDIDATE, lastRpcTime:106ms, electionTimeout:106ms
2019-11-05 08:24:22,375 [Thread-3570] INFO  impl.RoleInfo (RoleInfo.java:shutdownFollowerState(121)) - 4a682f4f-c3f2-4b77-88b7-f0ab78890feb: shutdown FollowerState
2019-11-05 08:24:22,375 [Thread-3570] INFO  impl.RaftServerImpl (RaftServerImpl.java:setRole(184)) - 4a682f4f-c3f2-4b77-88b7-f0ab78890feb@group-0DB8C7688BF9: changes role from  FOLLOWER to CANDIDATE at term 258 for changeToCandidate
2019-11-05 08:24:22,375 [Thread-3570] INFO  impl.RoleInfo (RoleInfo.java:updateAndGet(143)) - 4a682f4f-c3f2-4b77-88b7-f0ab78890feb: start LeaderElection
2019-11-05 08:24:22,389 [4a682f4f-c3f2-4b77-88b7-f0ab78890feb@group-0DB8C7688BF9-LeaderElection484] INFO  impl.LeaderElection (LeaderElection.java:askForVotes(178)) - 4a682f4f-c3f2-4b77-88b7-f0ab78890feb@group-0DB8C7688BF9-LeaderElection484: begin an election at term 259 for -1: [77ab65e6-d942-49df-83a3-1d4c0bf152b3:192.168.164.217:39381, 7e1b84a9-a041-44fd-8008-f2679426984c:192.168.164.217:44149, 4a682f4f-c3f2-4b77-88b7-f0ab78890feb:192.168.164.217:34174], old=null
2019-11-05 08:24:22,391 [grpc-default-executor-3] INFO  impl.RaftServerImpl (RaftServerImpl.java:setRole(184)) - 7e1b84a9-a041-44fd-8008-f2679426984c@group-0DB8C7688BF9: changes role from  FOLLOWER to FOLLOWER at term 259 for recognizeCandidate:4a682f4f-c3f2-4b77-88b7-f0ab78890feb
2019-11-05 08:24:22,391 [grpc-default-executor-3] INFO  impl.RoleInfo (RoleInfo.java:shutdownFollowerState(121)) - 7e1b84a9-a041-44fd-8008-f2679426984c: shutdown FollowerState
2019-11-05 08:24:22,391 [grpc-default-executor-4] INFO  impl.RaftServerImpl (RaftServerImpl.java:setRole(184)) - 77ab65e6-d942-49df-83a3-1d4c0bf152b3@group-0DB8C7688BF9: changes role from  FOLLOWER to FOLLOWER at term 259 for recognizeCandidate:4a682f4f-c3f2-4b77-88b7-f0ab78890feb
2019-11-05 08:24:22,392 [grpc-default-executor-4] INFO  impl.RoleInfo (RoleInfo.java:shutdownFollowerState(121)) - 77ab65e6-d942-49df-83a3-1d4c0bf152b3: shutdown FollowerState
2019-11-05 08:24:22,392 [Thread-3569] INFO  impl.FollowerState (FollowerState.java:run(117)) - 7e1b84a9-a041-44fd-8008-f2679426984c@group-0DB8C7688BF9-FollowerState was interrupted: java.lang.InterruptedException: sleep interrupted
2019-11-05 08:24:22,391 [grpc-default-executor-3] INFO  impl.RoleInfo (RoleInfo.java:updateAndGet(143)) - 7e1b84a9-a041-44fd-8008-f2679426984c: start FollowerState
2019-11-05 08:24:22,392 [grpc-default-executor-4] INFO  impl.RoleInfo (RoleInfo.java:updateAndGet(143)) - 77ab65e6-d942-49df-83a3-1d4c0bf152b3: start FollowerState
2019-11-05 08:24:22,392 [Thread-3568] INFO  impl.FollowerState (FollowerState.java:run(117)) - 77ab65e6-d942-49df-83a3-1d4c0bf152b3@group-0DB8C7688BF9-FollowerState was interrupted: java.lang.InterruptedException: sleep interrupted
2019-11-05 08:24:22,406 [4a682f4f-c3f2-4b77-88b7-f0ab78890feb@group-0DB8C7688BF9-LeaderElection484] INFO  impl.LeaderElection (LeaderElection.java:logAndReturn(56)) - 4a682f4f-c3f2-4b77-88b7-f0ab78890feb@group-0DB8C7688BF9-LeaderElection484: Election REJECTED; received 2 response(s) [4a682f4f-c3f2-4b77-88b7-f0ab78890feb<-77ab65e6-d942-49df-83a3-1d4c0bf152b3#0:FAIL-t259, 4a682f4f-c3f2-4b77-88b7-f0ab78890feb<-7e1b84a9-a041-44fd-8008-f2679426984c#0:FAIL-t259] and 0 exception(s); 4a682f4f-c3f2-4b77-88b7-f0ab78890feb@group-0DB8C7688BF9:t259, leader=null, voted=4a682f4f-c3f2-4b77-88b7-f0ab78890feb, raftlog=4a682f4f-c3f2-4b77-88b7-f0ab78890feb@group-0DB8C7688BF9-SegmentedRaftLog:OPENED:c-1,f-1,i0, conf=-1: [77ab65e6-d942-49df-83a3-1d4c0bf152b3:192.168.164.217:39381, 7e1b84a9-a041-44fd-8008-f2679426984c:192.168.164.217:44149, 4a682f4f-c3f2-4b77-88b7-f0ab78890feb:192.168.164.217:34174], old=null
2019-11-05 08:24:22,406 [4a682f4f-c3f2-4b77-88b7-f0ab78890feb@group-0DB8C7688BF9-LeaderElection484] INFO  impl.RaftServerImpl (RaftServerImpl.java:setRole(184)) - 4a682f4f-c3f2-4b77-88b7-f0ab78890feb@group-0DB8C7688BF9: changes role from CANDIDATE to FOLLOWER at term 259 for DISCOVERED_A_NEW_TERM
2019-11-05 08:24:22,406 [4a682f4f-c3f2-4b77-88b7-f0ab78890feb@group-0DB8C7688BF9-LeaderElection484] INFO  impl.RoleInfo (RoleInfo.java:shutdownLeaderElection(134)) - 4a682f4f-c3f2-4b77-88b7-f0ab78890feb: shutdown LeaderElection
2019-11-05 08:24:22,406 [4a682f4f-c3f2-4b77-88b7-f0ab78890feb@group-0DB8C7688BF9-LeaderElection484] INFO  impl.RoleInfo (RoleInfo.java:updateAndGet(143)) - 4a682f4f-c3f2-4b77-88b7-f0ab78890feb: start FollowerState
2019-11-05 08:24:22,469 [Thread-3577] INFO  impl.FollowerState (FollowerState.java:run(108)) - 4a682f4f-c3f2-4b77-88b7-f0ab78890feb@group-0DB8C7688BF9-FollowerState: change to CANDIDATE, lastRpcTime:62ms, electionTimeout:61ms
2019-11-05 08:24:22,469 [Thread-3577] INFO  impl.RoleInfo (RoleInfo.java:shutdownFollowerState(121)) - 4a682f4f-c3f2-4b77-88b7-f0ab78890feb: shutdown FollowerState
2019-11-05 08:24:22,469 [Thread-3577] INFO  impl.RaftServerImpl (RaftServerImpl.java:setRole(184)) - 4a682f4f-c3f2-4b77-88b7-f0ab78890feb@group-0DB8C7688BF9: changes role from  FOLLOWER to CANDIDATE at term 259 for changeToCandidate
2019-11-05 08:24:22,469 [Thread-3577] INFO  impl.RoleInfo (RoleInfo.java:updateAndGet(143)) - 4a682f4f-c3f2-4b77-88b7-f0ab78890feb: start LeaderElection
2019-11-05 08:24:22,483 [4a682f4f-c3f2-4b77-88b7-f0ab78890feb@group-0DB8C7688BF9-LeaderElection485] INFO  impl.LeaderElection (LeaderElection.java:askForVotes(178)) - 4a682f4f-c3f2-4b77-88b7-f0ab78890feb@group-0DB8C7688BF9-LeaderElection485: begin an election at term 260 for -1: [77ab65e6-d942-49df-83a3-1d4c0bf152b3:192.168.164.217:39381, 7e1b84a9-a041-44fd-8008-f2679426984c:192.168.164.217:44149, 4a682f4f-c3f2-4b77-88b7-f0ab78890feb:192.168.164.217:34174], old=null
2019-11-05 08:24:22,486 [grpc-default-executor-3] INFO  impl.RaftServerImpl (RaftServerImpl.java:setRole(184)) - 7e1b84a9-a041-44fd-8008-f2679426984c@group-0DB8C7688BF9: changes role from  FOLLOWER to FOLLOWER at term 260 for recognizeCandidate:4a682f4f-c3f2-4b77-88b7-f0ab78890feb
2019-11-05 08:24:22,486 [grpc-default-executor-3] INFO  impl.RoleInfo (RoleInfo.java:shutdownFollowerState(121)) - 7e1b84a9-a041-44fd-8008-f2679426984c: shutdown FollowerState
2019-11-05 08:24:22,486 [grpc-default-executor-4] INFO  impl.RaftServerImpl (RaftServerImpl.java:setRole(184)) - 77ab65e6-d942-49df-83a3-1d4c0bf152b3@group-0DB8C7688BF9: changes role from  FOLLOWER to FOLLOWER at term 260 for recognizeCandidate:4a682f4f-c3f2-4b77-88b7-f0ab78890feb
2019-11-05 08:24:22,487 [grpc-default-executor-4] INFO  impl.RoleInfo (RoleInfo.java:shutdownFollowerState(121)) - 77ab65e6-d942-49df-83a3-1d4c0bf152b3: shutdown FollowerState
2019-11-05 08:24:22,486 [Thread-3575] INFO  impl.FollowerState (FollowerState.java:run(117)) - 7e1b84a9-a041-44fd-8008-f2679426984c@group-0DB8C7688BF9-FollowerState was interrupted: java.lang.InterruptedException: sleep interrupted
2019-11-05 08:24:22,486 [grpc-default-executor-3] INFO  impl.RoleInfo (RoleInfo.java:updateAndGet(143)) - 7e1b84a9-a041-44fd-8008-f2679426984c: start FollowerState
2019-11-05 08:24:22,487 [Thread-3576] INFO  impl.FollowerState (FollowerState.java:run(117)) - 77ab65e6-d942-49df-83a3-1d4c0bf152b3@group-0DB8C7688BF9-FollowerState was interrupted: java.lang.InterruptedException: sleep interrupted
2019-11-05 08:24:22,487 [grpc-default-executor-4] INFO  impl.RoleInfo (RoleInfo.java:updateAndGet(143)) - 77ab65e6-d942-49df-83a3-1d4c0bf152b3: start FollowerState
2019-11-05 08:24:22,502 [4a682f4f-c3f2-4b77-88b7-f0ab78890feb@group-0DB8C7688BF9-LeaderElection485] INFO  impl.LeaderElection (LeaderElection.java:logAndReturn(56)) - 4a682f4f-c3f2-4b77-88b7-f0ab78890feb@group-0DB8C7688BF9-LeaderElection485: Election REJECTED; received 2 response(s) [4a682f4f-c3f2-4b77-88b7-f0ab78890feb<-77ab65e6-d942-49df-83a3-1d4c0bf152b3#0:FAIL-t260, 4a682f4f-c3f2-4b77-88b7-f0ab78890feb<-7e1b84a9-a041-44fd-8008-f2679426984c#0:FAIL-t260] and 0 exception(s); 4a682f4f-c3f2-4b77-88b7-f0ab78890feb@group-0DB8C7688BF9:t260, leader=null, voted=4a682f4f-c3f2-4b77-88b7-f0ab78890feb, raftlog=4a682f4f-c3f2-4b77-88b7-f0ab78890feb@group-0DB8C7688BF9-SegmentedRaftLog:OPENED:c-1,f-1,i0, conf=-1: [77ab65e6-d942-49df-83a3-1d4c0bf152b3:192.168.164.217:39381, 7e1b84a9-a041-44fd-8008-f2679426984c:192.168.164.217:44149, 4a682f4f-c3f2-4b77-88b7-f0ab78890feb:192.168.164.217:34174], old=null
2019-11-05 08:24:22,502 [4a682f4f-c3f2-4b77-88b7-f0ab78890feb@group-0DB8C7688BF9-LeaderElection485] INFO  impl.RaftServerImpl (RaftServerImpl.java:setRole(184)) - 4a682f4f-c3f2-4b77-88b7-f0ab78890feb@group-0DB8C7688BF9: changes role from CANDIDATE to FOLLOWER at term 260 for DISCOVERED_A_NEW_TERM
2019-11-05 08:24:22,502 [4a682f4f-c3f2-4b77-88b7-f0ab78890feb@group-0DB8C7688BF9-LeaderElection485] INFO  impl.RoleInfo (RoleInfo.java:shutdownLeaderElection(134)) - 4a682f4f-c3f2-4b77-88b7-f0ab78890feb: shutdown LeaderElection
2019-11-05 08:24:22,502 [4a682f4f-c3f2-4b77-88b7-f0ab78890feb@group-0DB8C7688BF9-LeaderElection485] INFO  impl.RoleInfo (RoleInfo.java:updateAndGet(143)) - 4a682f4f-c3f2-4b77-88b7-f0ab78890feb: start FollowerState
2019-11-05 08:24:22,594 [Thread-3583] INFO  impl.FollowerState (FollowerState.java:run(108)) - 4a682f4f-c3f2-4b77-88b7-f0ab78890feb@group-0DB8C7688BF9-FollowerState: change to CANDIDATE, lastRpcTime:91ms, electionTimeout:91ms
2019-11-05 08:24:22,594 [Thread-3583] INFO  impl.RoleInfo (RoleInfo.java:shutdownFollowerState(121)) - 4a682f4f-c3f2-4b77-88b7-f0ab78890feb: shutdown FollowerState
2019-11-05 08:24:22,594 [Thread-3583] INFO  impl.RaftServerImpl (RaftServerImpl.java:setRole(184)) - 4a682f4f-c3f2-4b77-88b7-f0ab78890feb@group-0DB8C7688BF9: changes role from  FOLLOWER to CANDIDATE at term 260 for changeToCandidate
2019-11-05 08:24:22,594 [Thread-3583] INFO  impl.RoleInfo (RoleInfo.java:updateAndGet(143)) - 4a682f4f-c3f2-4b77-88b7-f0ab78890feb: start LeaderElection
2019-11-05 08:24:22,608 [4a682f4f-c3f2-4b77-88b7-f0ab78890feb@group-0DB8C7688BF9-LeaderElection486] INFO  impl.LeaderElection (LeaderElection.java:askForVotes(178)) - 4a682f4f-c3f2-4b77-88b7-f0ab78890feb@group-0DB8C7688BF9-LeaderElection486: begin an election at term 261 for -1: [77ab65e6-d942-49df-83a3-1d4c0bf152b3:192.168.164.217:39381, 7e1b84a9-a041-44fd-8008-f2679426984c:192.168.164.217:44149, 4a682f4f-c3f2-4b77-88b7-f0ab78890feb:192.168.164.217:34174], old=null
2019-11-05 08:24:22,610 [grpc-default-executor-3] INFO  impl.RaftServerImpl (RaftServerImpl.java:setRole(184)) - 77ab65e6-d942-49df-83a3-1d4c0bf152b3@group-0DB8C7688BF9: changes role from  FOLLOWER to FOLLOWER at term 261 for recognizeCandidate:4a682f4f-c3f2-4b77-88b7-f0ab78890feb
2019-11-05 08:24:22,610 [grpc-default-executor-3] INFO  impl.RoleInfo (RoleInfo.java:shutdownFollowerState(121)) - 77ab65e6-d942-49df-83a3-1d4c0bf152b3: shutdown FollowerState
2019-11-05 08:24:22,610 [grpc-default-executor-3] INFO  impl.RoleInfo (RoleInfo.java:updateAndGet(143)) - 77ab65e6-d942-49df-83a3-1d4c0bf152b3: start FollowerState
2019-11-05 08:24:22,611 [Thread-3582] INFO  impl.FollowerState (FollowerState.java:run(117)) - 77ab65e6-d942-49df-83a3-1d4c0bf152b3@group-0DB8C7688BF9-FollowerState was interrupted: java.lang.InterruptedException: sleep interrupted
2019-11-05 08:24:22,610 [grpc-default-executor-4] INFO  impl.RaftServerImpl (RaftServerImpl.java:setRole(184)) - 7e1b84a9-a041-44fd-8008-f2679426984c@group-0DB8C7688BF9: changes role from  FOLLOWER to FOLLOWER at term 261 for recognizeCandidate:4a682f4f-c3f2-4b77-88b7-f0ab78890feb
2019-11-05 08:24:22,611 [grpc-default-executor-4] INFO  impl.RoleInfo (RoleInfo.java:shutdownFollowerState(121)) - 7e1b84a9-a041-44fd-8008-f2679426984c: shutdown FollowerState
2019-11-05 08:24:22,611 [grpc-default-executor-4] INFO  impl.RoleInfo (RoleInfo.java:updateAndGet(143)) - 7e1b84a9-a041-44fd-8008-f2679426984c: start FollowerState
2019-11-05 08:24:22,611 [Thread-3581] INFO  impl.FollowerState (FollowerState.java:run(117)) - 7e1b84a9-a041-44fd-8008-f2679426984c@group-0DB8C7688BF9-FollowerState was interrupted: java.lang.InterruptedException: sleep interrupted
2019-11-05 08:24:22,626 [4a682f4f-c3f2-4b77-88b7-f0ab78890feb@group-0DB8C7688BF9-LeaderElection486] INFO  impl.LeaderElection (LeaderElection.java:logAndReturn(56)) - 4a682f4f-c3f2-4b77-88b7-f0ab78890feb@group-0DB8C7688BF9-LeaderElection486: Election REJECTED; received 2 response(s) [4a682f4f-c3f2-4b77-88b7-f0ab78890feb<-77ab65e6-d942-49df-83a3-1d4c0bf152b3#0:FAIL-t261, 4a682f4f-c3f2-4b77-88b7-f0ab78890feb<-7e1b84a9-a041-44fd-8008-f2679426984c#0:FAIL-t261] and 0 exception(s); 4a682f4f-c3f2-4b77-88b7-f0ab78890feb@group-0DB8C7688BF9:t261, leader=null, voted=4a682f4f-c3f2-4b77-88b7-f0ab78890feb, raftlog=4a682f4f-c3f2-4b77-88b7-f0ab78890feb@group-0DB8C7688BF9-SegmentedRaftLog:OPENED:c-1,f-1,i0, conf=-1: [77ab65e6-d942-49df-83a3-1d4c0bf152b3:192.168.164.217:39381, 7e1b84a9-a041-44fd-8008-f2679426984c:192.168.164.217:44149, 4a682f4f-c3f2-4b77-88b7-f0ab78890feb:192.168.164.217:34174], old=null
2019-11-05 08:24:22,626 [4a682f4f-c3f2-4b77-88b7-f0ab78890feb@group-0DB8C7688BF9-LeaderElection486] INFO  impl.RaftServerImpl (RaftServerImpl.java:setRole(184)) - 4a682f4f-c3f2-4b77-88b7-f0ab78890feb@group-0DB8C7688BF9: changes role from CANDIDATE to FOLLOWER at term 261 for DISCOVERED_A_NEW_TERM
2019-11-05 08:24:22,626 [4a682f4f-c3f2-4b77-88b7-f0ab78890feb@group-0DB8C7688BF9-LeaderElection486] INFO  impl.RoleInfo (RoleInfo.java:shutdownLeaderElection(134)) - 4a682f4f-c3f2-4b77-88b7-f0ab78890feb: shutdown LeaderElection
2019-11-05 08:24:22,626 [4a682f4f-c3f2-4b77-88b7-f0ab78890feb@group-0DB8C7688BF9-LeaderElection486] INFO  impl.RoleInfo (RoleInfo.java:updateAndGet(143)) - 4a682f4f-c3f2-4b77-88b7-f0ab78890feb: start FollowerState
2019-11-05 08:24:22,749 [java.util.concurrent.ThreadPoolExecutor$Worker@4893213[State = -1, empty queue]] WARN  server.GrpcLogAppender (GrpcLogAppender.java:timeoutAppendRequest(209)) - 6189f8a4-91dd-451f-abcb-72b2dcd73465@group-9D53872EEF85->fe5257f1-588f-41af-bf70-1c04126c8968-GrpcLogAppender: appendEntries Timeout, request=6189f8a4-91dd-451f-abcb-72b2dcd73465->fe5257f1-588f-41af-bf70-1c04126c8968#81-t4, previous=(t:4, i:20), leaderCommit=20, initializing? false, entries: <empty>
2019-11-05 08:24:22,813 [Thread-3589] INFO  impl.FollowerState (FollowerState.java:run(108)) - 4a682f4f-c3f2-4b77-88b7-f0ab78890feb@group-0DB8C7688BF9-FollowerState: change to CANDIDATE, lastRpcTime:186ms, electionTimeout:186ms
2019-11-05 08:24:22,813 [Thread-3589] INFO  impl.RoleInfo (RoleInfo.java:shutdownFollowerState(121)) - 4a682f4f-c3f2-4b77-88b7-f0ab78890feb: shutdown FollowerState
2019-11-05 08:24:22,813 [Thread-3589] INFO  impl.RaftServerImpl (RaftServerImpl.java:setRole(184)) - 4a682f4f-c3f2-4b77-88b7-f0ab78890feb@group-0DB8C7688BF9: changes role from  FOLLOWER to CANDIDATE at term 261 for changeToCandidate
2019-11-05 08:24:22,813 [Thread-3589] INFO  impl.RoleInfo (RoleInfo.java:updateAndGet(143)) - 4a682f4f-c3f2-4b77-88b7-f0ab78890feb: start LeaderElection
2019-11-05 08:24:22,826 [4a682f4f-c3f2-4b77-88b7-f0ab78890feb@group-0DB8C7688BF9-LeaderElection487] INFO  impl.LeaderElection (LeaderElection.java:askForVotes(178)) - 4a682f4f-c3f2-4b77-88b7-f0ab78890feb@group-0DB8C7688BF9-LeaderElection487: begin an election at term 262 for -1: [77ab65e6-d942-49df-83a3-1d4c0bf152b3:192.168.164.217:39381, 7e1b84a9-a041-44fd-8008-f2679426984c:192.168.164.217:44149, 4a682f4f-c3f2-4b77-88b7-f0ab78890feb:192.168.164.217:34174], old=null
2019-11-05 08:24:22,828 [grpc-default-executor-4] INFO  impl.RaftServerImpl (RaftServerImpl.java:setRole(184)) - 77ab65e6-d942-49df-83a3-1d4c0bf152b3@group-0DB8C7688BF9: changes role from  FOLLOWER to FOLLOWER at term 262 for recognizeCandidate:4a682f4f-c3f2-4b77-88b7-f0ab78890feb
2019-11-05 08:24:22,829 [grpc-default-executor-4] INFO  impl.RoleInfo (RoleInfo.java:shutdownFollowerState(121)) - 77ab65e6-d942-49df-83a3-1d4c0bf152b3: shutdown FollowerState
2019-11-05 08:24:22,829 [grpc-default-executor-3] INFO  impl.RaftServerImpl (RaftServerImpl.java:setRole(184)) - 7e1b84a9-a041-44fd-8008-f2679426984c@group-0DB8C7688BF9: changes role from  FOLLOWER to FOLLOWER at term 262 for recognizeCandidate:4a682f4f-c3f2-4b77-88b7-f0ab78890feb
2019-11-05 08:24:22,829 [Thread-3587] INFO  impl.FollowerState (FollowerState.java:run(117)) - 77ab65e6-d942-49df-83a3-1d4c0bf152b3@group-0DB8C7688BF9-FollowerState was interrupted: java.lang.InterruptedException: sleep interrupted
2019-11-05 08:24:22,829 [grpc-default-executor-4] INFO  impl.RoleInfo (RoleInfo.java:updateAndGet(143)) - 77ab65e6-d942-49df-83a3-1d4c0bf152b3: start FollowerState
2019-11-05 08:24:22,829 [grpc-default-executor-3] INFO  impl.RoleInfo (RoleInfo.java:shutdownFollowerState(121)) - 7e1b84a9-a041-44fd-8008-f2679426984c: shutdown FollowerState
2019-11-05 08:24:22,829 [grpc-default-executor-3] INFO  impl.RoleInfo (RoleInfo.java:updateAndGet(143)) - 7e1b84a9-a041-44fd-8008-f2679426984c: start FollowerState
2019-11-05 08:24:22,829 [Thread-3588] INFO  impl.FollowerState (FollowerState.java:run(117)) - 7e1b84a9-a041-44fd-8008-f2679426984c@group-0DB8C7688BF9-FollowerState was interrupted: java.lang.InterruptedException: sleep interrupted
2019-11-05 08:24:22,844 [4a682f4f-c3f2-4b77-88b7-f0ab78890feb@group-0DB8C7688BF9-LeaderElection487] INFO  impl.LeaderElection (LeaderElection.java:logAndReturn(56)) - 4a682f4f-c3f2-4b77-88b7-f0ab78890feb@group-0DB8C7688BF9-LeaderElection487: Election REJECTED; received 2 response(s) [4a682f4f-c3f2-4b77-88b7-f0ab78890feb<-77ab65e6-d942-49df-83a3-1d4c0bf152b3#0:FAIL-t262, 4a682f4f-c3f2-4b77-88b7-f0ab78890feb<-7e1b84a9-a041-44fd-8008-f2679426984c#0:FAIL-t262] and 0 exception(s); 4a682f4f-c3f2-4b77-88b7-f0ab78890feb@group-0DB8C7688BF9:t262, leader=null, voted=4a682f4f-c3f2-4b77-88b7-f0ab78890feb, raftlog=4a682f4f-c3f2-4b77-88b7-f0ab78890feb@group-0DB8C7688BF9-SegmentedRaftLog:OPENED:c-1,f-1,i0, conf=-1: [77ab65e6-d942-49df-83a3-1d4c0bf152b3:192.168.164.217:39381, 7e1b84a9-a041-44fd-8008-f2679426984c:192.168.164.217:44149, 4a682f4f-c3f2-4b77-88b7-f0ab78890feb:192.168.164.217:34174], old=null
2019-11-05 08:24:22,844 [4a682f4f-c3f2-4b77-88b7-f0ab78890feb@group-0DB8C7688BF9-LeaderElection487] INFO  impl.RaftServerImpl (RaftServerImpl.java:setRole(184)) - 4a682f4f-c3f2-4b77-88b7-f0ab78890feb@group-0DB8C7688BF9: changes role from CANDIDATE to FOLLOWER at term 262 for DISCOVERED_A_NEW_TERM
2019-11-05 08:24:22,845 [4a682f4f-c3f2-4b77-88b7-f0ab78890feb@group-0DB8C7688BF9-LeaderElection487] INFO  impl.RoleInfo (RoleInfo.java:shutdownLeaderElection(134)) - 4a682f4f-c3f2-4b77-88b7-f0ab78890feb: shutdown LeaderElection
2019-11-05 08:24:22,845 [4a682f4f-c3f2-4b77-88b7-f0ab78890feb@group-0DB8C7688BF9-LeaderElection487] INFO  impl.RoleInfo (RoleInfo.java:updateAndGet(143)) - 4a682f4f-c3f2-4b77-88b7-f0ab78890feb: start FollowerState
2019-11-05 08:24:22,856 [Thread-3596] INFO  impl.FollowerState (FollowerState.java:run(108)) - 4a682f4f-c3f2-4b77-88b7-f0ab78890feb@group-0DB8C7688BF9-FollowerState: change to CANDIDATE, lastRpcTime:11ms, electionTimeout:11ms
2019-11-05 08:24:22,856 [Thread-3596] INFO  impl.RoleInfo (RoleInfo.java:shutdownFollowerState(121)) - 4a682f4f-c3f2-4b77-88b7-f0ab78890feb: shutdown FollowerState
2019-11-05 08:24:22,856 [Thread-3596] INFO  impl.RaftServerImpl (RaftServerImpl.java:setRole(184)) - 4a682f4f-c3f2-4b77-88b7-f0ab78890feb@group-0DB8C7688BF9: changes role from  FOLLOWER to CANDIDATE at term 262 for changeToCandidate
2019-11-05 08:24:22,856 [Thread-3596] INFO  impl.RoleInfo (RoleInfo.java:updateAndGet(143)) - 4a682f4f-c3f2-4b77-88b7-f0ab78890feb: start LeaderElection
2019-11-05 08:24:22,870 [4a682f4f-c3f2-4b77-88b7-f0ab78890feb@group-0DB8C7688BF9-LeaderElection488] INFO  impl.LeaderElection (LeaderElection.java:askForVotes(178)) - 4a682f4f-c3f2-4b77-88b7-f0ab78890feb@group-0DB8C7688BF9-LeaderElection488: begin an election at term 263 for -1: [77ab65e6-d942-49df-83a3-1d4c0bf152b3:192.168.164.217:39381, 7e1b84a9-a041-44fd-8008-f2679426984c:192.168.164.217:44149, 4a682f4f-c3f2-4b77-88b7-f0ab78890feb:192.168.164.217:34174], old=null
2019-11-05 08:24:22,871 [grpc-default-executor-3] INFO  impl.RaftServerImpl (RaftServerImpl.java:setRole(184)) - 77ab65e6-d942-49df-83a3-1d4c0bf152b3@group-0DB8C7688BF9: changes role from  FOLLOWER to FOLLOWER at term 263 for recognizeCandidate:4a682f4f-c3f2-4b77-88b7-f0ab78890feb
2019-11-05 08:24:22,871 [grpc-default-executor-3] INFO  impl.RoleInfo (RoleInfo.java:shutdownFollowerState(121)) - 77ab65e6-d942-49df-83a3-1d4c0bf152b3: shutdown FollowerState
2019-11-05 08:24:22,871 [grpc-default-executor-3] INFO  impl.RoleInfo (RoleInfo.java:updateAndGet(143)) - 77ab65e6-d942-49df-83a3-1d4c0bf152b3: start FollowerState
2019-11-05 08:24:22,871 [Thread-3594] INFO  impl.FollowerState (FollowerState.java:run(117)) - 77ab65e6-d942-49df-83a3-1d4c0bf152b3@group-0DB8C7688BF9-FollowerState was interrupted: java.lang.InterruptedException: sleep interrupted
2019-11-05 08:24:22,871 [grpc-default-executor-4] INFO  impl.RaftServerImpl (RaftServerImpl.java:setRole(184)) - 7e1b84a9-a041-44fd-8008-f2679426984c@group-0DB8C7688BF9: changes role from  FOLLOWER to FOLLOWER at term 263 for recognizeCandidate:4a682f4f-c3f2-4b77-88b7-f0ab78890feb
2019-11-05 08:24:22,872 [grpc-default-executor-4] INFO  impl.RoleInfo (RoleInfo.java:shutdownFollowerState(121)) - 7e1b84a9-a041-44fd-8008-f2679426984c: shutdown FollowerState
2019-11-05 08:24:22,872 [grpc-default-executor-4] INFO  impl.RoleInfo (RoleInfo.java:updateAndGet(143)) - 7e1b84a9-a041-44fd-8008-f2679426984c: start FollowerState
2019-11-05 08:24:22,872 [Thread-3595] INFO  impl.FollowerState (FollowerState.java:run(117)) - 7e1b84a9-a041-44fd-8008-f2679426984c@group-0DB8C7688BF9-FollowerState was interrupted: java.lang.InterruptedException: sleep interrupted
2019-11-05 08:24:22,885 [4a682f4f-c3f2-4b77-88b7-f0ab78890feb@group-0DB8C7688BF9-LeaderElection488] INFO  impl.LeaderElection (LeaderElection.java:logAndReturn(56)) - 4a682f4f-c3f2-4b77-88b7-f0ab78890feb@group-0DB8C7688BF9-LeaderElection488: Election REJECTED; received 2 response(s) [4a682f4f-c3f2-4b77-88b7-f0ab78890feb<-77ab65e6-d942-49df-83a3-1d4c0bf152b3#0:FAIL-t263, 4a682f4f-c3f2-4b77-88b7-f0ab78890feb<-7e1b84a9-a041-44fd-8008-f2679426984c#0:FAIL-t263] and 0 exception(s); 4a682f4f-c3f2-4b77-88b7-f0ab78890feb@group-0DB8C7688BF9:t263, leader=null, voted=4a682f4f-c3f2-4b77-88b7-f0ab78890feb, raftlog=4a682f4f-c3f2-4b77-88b7-f0ab78890feb@group-0DB8C7688BF9-SegmentedRaftLog:OPENED:c-1,f-1,i0, conf=-1: [77ab65e6-d942-49df-83a3-1d4c0bf152b3:192.168.164.217:39381, 7e1b84a9-a041-44fd-8008-f2679426984c:192.168.164.217:44149, 4a682f4f-c3f2-4b77-88b7-f0ab78890feb:192.168.164.217:34174], old=null
2019-11-05 08:24:22,885 [4a682f4f-c3f2-4b77-88b7-f0ab78890feb@group-0DB8C7688BF9-LeaderElection488] INFO  impl.RaftServerImpl (RaftServerImpl.java:setRole(184)) - 4a682f4f-c3f2-4b77-88b7-f0ab78890feb@group-0DB8C7688BF9: changes role from CANDIDATE to FOLLOWER at term 263 for DISCOVERED_A_NEW_TERM
2019-11-05 08:24:22,885 [4a682f4f-c3f2-4b77-88b7-f0ab78890feb@group-0DB8C7688BF9-LeaderElection488] INFO  impl.RoleInfo (RoleInfo.java:shutdownLeaderElection(134)) - 4a682f4f-c3f2-4b77-88b7-f0ab78890feb: shutdown LeaderElection
2019-11-05 08:24:22,885 [4a682f4f-c3f2-4b77-88b7-f0ab78890feb@group-0DB8C7688BF9-LeaderElection488] INFO  impl.RoleInfo (RoleInfo.java:updateAndGet(143)) - 4a682f4f-c3f2-4b77-88b7-f0ab78890feb: start FollowerState
2019-11-05 08:24:22,945 [Thread-3602] INFO  impl.FollowerState (FollowerState.java:run(108)) - 4a682f4f-c3f2-4b77-88b7-f0ab78890feb@group-0DB8C7688BF9-FollowerState: change to CANDIDATE, lastRpcTime:59ms, electionTimeout:59ms
2019-11-05 08:24:22,945 [Thread-3602] INFO  impl.RoleInfo (RoleInfo.java:shutdownFollowerState(121)) - 4a682f4f-c3f2-4b77-88b7-f0ab78890feb: shutdown FollowerState
2019-11-05 08:24:22,945 [Thread-3602] INFO  impl.RaftServerImpl (RaftServerImpl.java:setRole(184)) - 4a682f4f-c3f2-4b77-88b7-f0ab78890feb@group-0DB8C7688BF9: changes role from  FOLLOWER to CANDIDATE at term 263 for changeToCandidate
2019-11-05 08:24:22,945 [Thread-3602] INFO  impl.RoleInfo (RoleInfo.java:updateAndGet(143)) - 4a682f4f-c3f2-4b77-88b7-f0ab78890feb: start LeaderElection
2019-11-05 08:24:22,958 [4a682f4f-c3f2-4b77-88b7-f0ab78890feb@group-0DB8C7688BF9-LeaderElection489] INFO  impl.LeaderElection (LeaderElection.java:askForVotes(178)) - 4a682f4f-c3f2-4b77-88b7-f0ab78890feb@group-0DB8C7688BF9-LeaderElection489: begin an election at term 264 for -1: [77ab65e6-d942-49df-83a3-1d4c0bf152b3:192.168.164.217:39381, 7e1b84a9-a041-44fd-8008-f2679426984c:192.168.164.217:44149, 4a682f4f-c3f2-4b77-88b7-f0ab78890feb:192.168.164.217:34174], old=null
2019-11-05 08:24:22,959 [grpc-default-executor-4] INFO  impl.RaftServerImpl (RaftServerImpl.java:setRole(184)) - 77ab65e6-d942-49df-83a3-1d4c0bf152b3@group-0DB8C7688BF9: changes role from  FOLLOWER to FOLLOWER at term 264 for recognizeCandidate:4a682f4f-c3f2-4b77-88b7-f0ab78890feb
2019-11-05 08:24:22,960 [grpc-default-executor-4] INFO  impl.RoleInfo (RoleInfo.java:shutdownFollowerState(121)) - 77ab65e6-d942-49df-83a3-1d4c0bf152b3: shutdown FollowerState
2019-11-05 08:24:22,960 [grpc-default-executor-3] INFO  impl.RaftServerImpl (RaftServerImpl.java:setRole(184)) - 7e1b84a9-a041-44fd-8008-f2679426984c@group-0DB8C7688BF9: changes role from  FOLLOWER to FOLLOWER at term 264 for recognizeCandidate:4a682f4f-c3f2-4b77-88b7-f0ab78890feb
2019-11-05 08:24:22,960 [Thread-3600] INFO  impl.FollowerState (FollowerState.java:run(117)) - 77ab65e6-d942-49df-83a3-1d4c0bf152b3@group-0DB8C7688BF9-FollowerState was interrupted: java.lang.InterruptedException: sleep interrupted
2019-11-05 08:24:22,960 [grpc-default-executor-4] INFO  impl.RoleInfo (RoleInfo.java:updateAndGet(143)) - 77ab65e6-d942-49df-83a3-1d4c0bf152b3: start FollowerState
2019-11-05 08:24:22,960 [grpc-default-executor-3] INFO  impl.RoleInfo (RoleInfo.java:shutdownFollowerState(121)) - 7e1b84a9-a041-44fd-8008-f2679426984c: shutdown FollowerState
2019-11-05 08:24:22,960 [grpc-default-executor-3] INFO  impl.RoleInfo (RoleInfo.java:updateAndGet(143)) - 7e1b84a9-a041-44fd-8008-f2679426984c: start FollowerState
2019-11-05 08:24:22,960 [Thread-3601] INFO  impl.FollowerState (FollowerState.java:run(117)) - 7e1b84a9-a041-44fd-8008-f2679426984c@group-0DB8C7688BF9-FollowerState was interrupted: java.lang.InterruptedException: sleep interrupted
2019-11-05 08:24:22,975 [4a682f4f-c3f2-4b77-88b7-f0ab78890feb@group-0DB8C7688BF9-LeaderElection489] INFO  impl.LeaderElection (LeaderElection.java:logAndReturn(56)) - 4a682f4f-c3f2-4b77-88b7-f0ab78890feb@group-0DB8C7688BF9-LeaderElection489: Election REJECTED; received 2 response(s) [4a682f4f-c3f2-4b77-88b7-f0ab78890feb<-77ab65e6-d942-49df-83a3-1d4c0bf152b3#0:FAIL-t264, 4a682f4f-c3f2-4b77-88b7-f0ab78890feb<-7e1b84a9-a041-44fd-8008-f2679426984c#0:FAIL-t264] and 0 exception(s); 4a682f4f-c3f2-4b77-88b7-f0ab78890feb@group-0DB8C7688BF9:t264, leader=null, voted=4a682f4f-c3f2-4b77-88b7-f0ab78890feb, raftlog=4a682f4f-c3f2-4b77-88b7-f0ab78890feb@group-0DB8C7688BF9-SegmentedRaftLog:OPENED:c-1,f-1,i0, conf=-1: [77ab65e6-d942-49df-83a3-1d4c0bf152b3:192.168.164.217:39381, 7e1b84a9-a041-44fd-8008-f2679426984c:192.168.164.217:44149, 4a682f4f-c3f2-4b77-88b7-f0ab78890feb:192.168.164.217:34174], old=null
2019-11-05 08:24:22,975 [4a682f4f-c3f2-4b77-88b7-f0ab78890feb@group-0DB8C7688BF9-LeaderElection489] INFO  impl.RaftServerImpl (RaftServerImpl.java:setRole(184)) - 4a682f4f-c3f2-4b77-88b7-f0ab78890feb@group-0DB8C7688BF9: changes role from CANDIDATE to FOLLOWER at term 264 for DISCOVERED_A_NEW_TERM
2019-11-05 08:24:22,975 [4a682f4f-c3f2-4b77-88b7-f0ab78890feb@group-0DB8C7688BF9-LeaderElection489] INFO  impl.RoleInfo (RoleInfo.java:shutdownLeaderElection(134)) - 4a682f4f-c3f2-4b77-88b7-f0ab78890feb: shutdown LeaderElection
2019-11-05 08:24:22,975 [4a682f4f-c3f2-4b77-88b7-f0ab78890feb@group-0DB8C7688BF9-LeaderElection489] INFO  impl.RoleInfo (RoleInfo.java:updateAndGet(143)) - 4a682f4f-c3f2-4b77-88b7-f0ab78890feb: start FollowerState
2019-11-05 08:24:22,994 [Thread-3608] INFO  impl.FollowerState (FollowerState.java:run(108)) - 4a682f4f-c3f2-4b77-88b7-f0ab78890feb@group-0DB8C7688BF9-FollowerState: change to CANDIDATE, lastRpcTime:19ms, electionTimeout:19ms
2019-11-05 08:24:22,994 [Thread-3608] INFO  impl.RoleInfo (RoleInfo.java:shutdownFollowerState(121)) - 4a682f4f-c3f2-4b77-88b7-f0ab78890feb: shutdown FollowerState
2019-11-05 08:24:22,994 [Thread-3608] INFO  impl.RaftServerImpl (RaftServerImpl.java:setRole(184)) - 4a682f4f-c3f2-4b77-88b7-f0ab78890feb@group-0DB8C7688BF9: changes role from  FOLLOWER to CANDIDATE at term 264 for changeToCandidate
2019-11-05 08:24:22,995 [Thread-3608] INFO  impl.RoleInfo (RoleInfo.java:updateAndGet(143)) - 4a682f4f-c3f2-4b77-88b7-f0ab78890feb: start LeaderElection
2019-11-05 08:24:23,008 [4a682f4f-c3f2-4b77-88b7-f0ab78890feb@group-0DB8C7688BF9-LeaderElection490] INFO  impl.LeaderElection (LeaderElection.java:askForVotes(178)) - 4a682f4f-c3f2-4b77-88b7-f0ab78890feb@group-0DB8C7688BF9-LeaderElection490: begin an election at term 265 for -1: [77ab65e6-d942-49df-83a3-1d4c0bf152b3:192.168.164.217:39381, 7e1b84a9-a041-44fd-8008-f2679426984c:192.168.164.217:44149, 4a682f4f-c3f2-4b77-88b7-f0ab78890feb:192.168.164.217:34174], old=null
2019-11-05 08:24:23,009 [grpc-default-executor-3] INFO  impl.RaftServerImpl (RaftServerImpl.java:setRole(184)) - 77ab65e6-d942-49df-83a3-1d4c0bf152b3@group-0DB8C7688BF9: changes role from  FOLLOWER to FOLLOWER at term 265 for recognizeCandidate:4a682f4f-c3f2-4b77-88b7-f0ab78890feb
2019-11-05 08:24:23,010 [grpc-default-executor-3] INFO  impl.RoleInfo (RoleInfo.java:shutdownFollowerState(121)) - 77ab65e6-d942-49df-83a3-1d4c0bf152b3: shutdown FollowerState
2019-11-05 08:24:23,010 [grpc-default-executor-3] INFO  impl.RoleInfo (RoleInfo.java:updateAndGet(143)) - 77ab65e6-d942-49df-83a3-1d4c0bf152b3: start FollowerState
2019-11-05 08:24:23,010 [grpc-default-executor-4] INFO  impl.RaftServerImpl (RaftServerImpl.java:setRole(184)) - 7e1b84a9-a041-44fd-8008-f2679426984c@group-0DB8C7688BF9: changes role from  FOLLOWER to FOLLOWER at term 265 for recognizeCandidate:4a682f4f-c3f2-4b77-88b7-f0ab78890feb
2019-11-05 08:24:23,010 [grpc-default-executor-4] INFO  impl.RoleInfo (RoleInfo.java:shutdownFollowerState(121)) - 7e1b84a9-a041-44fd-8008-f2679426984c: shutdown FollowerState
2019-11-05 08:24:23,010 [grpc-default-executor-4] INFO  impl.RoleInfo (RoleInfo.java:updateAndGet(143)) - 7e1b84a9-a041-44fd-8008-f2679426984c: start FollowerState
2019-11-05 08:24:23,010 [Thread-3606] INFO  impl.FollowerState (FollowerState.java:run(117)) - 77ab65e6-d942-49df-83a3-1d4c0bf152b3@group-0DB8C7688BF9-FollowerState was interrupted: java.lang.InterruptedException: sleep interrupted
2019-11-05 08:24:23,010 [Thread-3607] INFO  impl.FollowerState (FollowerState.java:run(117)) - 7e1b84a9-a041-44fd-8008-f2679426984c@group-0DB8C7688BF9-FollowerState was interrupted: java.lang.InterruptedException: sleep interrupted
2019-11-05 08:24:23,030 [4a682f4f-c3f2-4b77-88b7-f0ab78890feb@group-0DB8C7688BF9-LeaderElection490] INFO  impl.LeaderElection (LeaderElection.java:logAndReturn(56)) - 4a682f4f-c3f2-4b77-88b7-f0ab78890feb@group-0DB8C7688BF9-LeaderElection490: Election REJECTED; received 2 response(s) [4a682f4f-c3f2-4b77-88b7-f0ab78890feb<-77ab65e6-d942-49df-83a3-1d4c0bf152b3#0:FAIL-t265, 4a682f4f-c3f2-4b77-88b7-f0ab78890feb<-7e1b84a9-a041-44fd-8008-f2679426984c#0:FAIL-t265] and 0 exception(s); 4a682f4f-c3f2-4b77-88b7-f0ab78890feb@group-0DB8C7688BF9:t265, leader=null, voted=4a682f4f-c3f2-4b77-88b7-f0ab78890feb, raftlog=4a682f4f-c3f2-4b77-88b7-f0ab78890feb@group-0DB8C7688BF9-SegmentedRaftLog:OPENED:c-1,f-1,i0, conf=-1: [77ab65e6-d942-49df-83a3-1d4c0bf152b3:192.168.164.217:39381, 7e1b84a9-a041-44fd-8008-f2679426984c:192.168.164.217:44149, 4a682f4f-c3f2-4b77-88b7-f0ab78890feb:192.168.164.217:34174], old=null
2019-11-05 08:24:23,030 [4a682f4f-c3f2-4b77-88b7-f0ab78890feb@group-0DB8C7688BF9-LeaderElection490] INFO  impl.RaftServerImpl (RaftServerImpl.java:setRole(184)) - 4a682f4f-c3f2-4b77-88b7-f0ab78890feb@group-0DB8C7688BF9: changes role from CANDIDATE to FOLLOWER at term 265 for DISCOVERED_A_NEW_TERM
2019-11-05 08:24:23,030 [4a682f4f-c3f2-4b77-88b7-f0ab78890feb@group-0DB8C7688BF9-LeaderElection490] INFO  impl.RoleInfo (RoleInfo.java:shutdownLeaderElection(134)) - 4a682f4f-c3f2-4b77-88b7-f0ab78890feb: shutdown LeaderElection
2019-11-05 08:24:23,030 [4a682f4f-c3f2-4b77-88b7-f0ab78890feb@group-0DB8C7688BF9-LeaderElection490] INFO  impl.RoleInfo (RoleInfo.java:updateAndGet(143)) - 4a682f4f-c3f2-4b77-88b7-f0ab78890feb: start FollowerState
2019-11-05 08:24:23,089 [Thread-3614] INFO  impl.FollowerState (FollowerState.java:run(108)) - 4a682f4f-c3f2-4b77-88b7-f0ab78890feb@group-0DB8C7688BF9-FollowerState: change to CANDIDATE, lastRpcTime:58ms, electionTimeout:57ms
2019-11-05 08:24:23,089 [Thread-3614] INFO  impl.RoleInfo (RoleInfo.java:shutdownFollowerState(121)) - 4a682f4f-c3f2-4b77-88b7-f0ab78890feb: shutdown FollowerState
2019-11-05 08:24:23,089 [Thread-3614] INFO  impl.RaftServerImpl (RaftServerImpl.java:setRole(184)) - 4a682f4f-c3f2-4b77-88b7-f0ab78890feb@group-0DB8C7688BF9: changes role from  FOLLOWER to CANDIDATE at term 265 for changeToCandidate
2019-11-05 08:24:23,089 [Thread-3614] INFO  impl.RoleInfo (RoleInfo.java:updateAndGet(143)) - 4a682f4f-c3f2-4b77-88b7-f0ab78890feb: start LeaderElection
2019-11-05 08:24:23,103 [4a682f4f-c3f2-4b77-88b7-f0ab78890feb@group-0DB8C7688BF9-LeaderElection491] INFO  impl.LeaderElection (LeaderElection.java:askForVotes(178)) - 4a682f4f-c3f2-4b77-88b7-f0ab78890feb@group-0DB8C7688BF9-LeaderElection491: begin an election at term 266 for -1: [77ab65e6-d942-49df-83a3-1d4c0bf152b3:192.168.164.217:39381, 7e1b84a9-a041-44fd-8008-f2679426984c:192.168.164.217:44149, 4a682f4f-c3f2-4b77-88b7-f0ab78890feb:192.168.164.217:34174], old=null
2019-11-05 08:24:23,104 [grpc-default-executor-3] INFO  impl.RaftServerImpl (RaftServerImpl.java:setRole(184)) - 7e1b84a9-a041-44fd-8008-f2679426984c@group-0DB8C7688BF9: changes role from  FOLLOWER to FOLLOWER at term 266 for recognizeCandidate:4a682f4f-c3f2-4b77-88b7-f0ab78890feb
2019-11-05 08:24:23,105 [grpc-default-executor-3] INFO  impl.RoleInfo (RoleInfo.java:shutdownFollowerState(121)) - 7e1b84a9-a041-44fd-8008-f2679426984c: shutdown FollowerState
2019-11-05 08:24:23,105 [grpc-default-executor-3] INFO  impl.RoleInfo (RoleInfo.java:updateAndGet(143)) - 7e1b84a9-a041-44fd-8008-f2679426984c: start FollowerState
2019-11-05 08:24:23,105 [Thread-3613] INFO  impl.FollowerState (FollowerState.java:run(117)) - 7e1b84a9-a041-44fd-8008-f2679426984c@group-0DB8C7688BF9-FollowerState was interrupted: java.lang.InterruptedException: sleep interrupted
2019-11-05 08:24:23,105 [grpc-default-executor-4] INFO  impl.RaftServerImpl (RaftServerImpl.java:setRole(184)) - 77ab65e6-d942-49df-83a3-1d4c0bf152b3@group-0DB8C7688BF9: changes role from  FOLLOWER to FOLLOWER at term 266 for recognizeCandidate:4a682f4f-c3f2-4b77-88b7-f0ab78890feb
2019-11-05 08:24:23,105 [grpc-default-executor-4] INFO  impl.RoleInfo (RoleInfo.java:shutdownFollowerState(121)) - 77ab65e6-d942-49df-83a3-1d4c0bf152b3: shutdown FollowerState
2019-11-05 08:24:23,105 [grpc-default-executor-4] INFO  impl.RoleInfo (RoleInfo.java:updateAndGet(143)) - 77ab65e6-d942-49df-83a3-1d4c0bf152b3: start FollowerState
2019-11-05 08:24:23,106 [Thread-3612] INFO  impl.FollowerState (FollowerState.java:run(117)) - 77ab65e6-d942-49df-83a3-1d4c0bf152b3@group-0DB8C7688BF9-FollowerState was interrupted: java.lang.InterruptedException: sleep interrupted
2019-11-05 08:24:23,119 [4a682f4f-c3f2-4b77-88b7-f0ab78890feb@group-0DB8C7688BF9-LeaderElection491] INFO  impl.LeaderElection (LeaderElection.java:logAndReturn(56)) - 4a682f4f-c3f2-4b77-88b7-f0ab78890feb@group-0DB8C7688BF9-LeaderElection491: Election REJECTED; received 2 response(s) [4a682f4f-c3f2-4b77-88b7-f0ab78890feb<-77ab65e6-d942-49df-83a3-1d4c0bf152b3#0:FAIL-t266, 4a682f4f-c3f2-4b77-88b7-f0ab78890feb<-7e1b84a9-a041-44fd-8008-f2679426984c#0:FAIL-t266] and 0 exception(s); 4a682f4f-c3f2-4b77-88b7-f0ab78890feb@group-0DB8C7688BF9:t266, leader=null, voted=4a682f4f-c3f2-4b77-88b7-f0ab78890feb, raftlog=4a682f4f-c3f2-4b77-88b7-f0ab78890feb@group-0DB8C7688BF9-SegmentedRaftLog:OPENED:c-1,f-1,i0, conf=-1: [77ab65e6-d942-49df-83a3-1d4c0bf152b3:192.168.164.217:39381, 7e1b84a9-a041-44fd-8008-f2679426984c:192.168.164.217:44149, 4a682f4f-c3f2-4b77-88b7-f0ab78890feb:192.168.164.217:34174], old=null
2019-11-05 08:24:23,119 [4a682f4f-c3f2-4b77-88b7-f0ab78890feb@group-0DB8C7688BF9-LeaderElection491] INFO  impl.RaftServerImpl (RaftServerImpl.java:setRole(184)) - 4a682f4f-c3f2-4b77-88b7-f0ab78890feb@group-0DB8C7688BF9: changes role from CANDIDATE to FOLLOWER at term 266 for DISCOVERED_A_NEW_TERM
2019-11-05 08:24:23,119 [4a682f4f-c3f2-4b77-88b7-f0ab78890feb@group-0DB8C7688BF9-LeaderElection491] INFO  impl.RoleInfo (RoleInfo.java:shutdownLeaderElection(134)) - 4a682f4f-c3f2-4b77-88b7-f0ab78890feb: shutdown LeaderElection
2019-11-05 08:24:23,119 [4a682f4f-c3f2-4b77-88b7-f0ab78890feb@group-0DB8C7688BF9-LeaderElection491] INFO  impl.RoleInfo (RoleInfo.java:updateAndGet(143)) - 4a682f4f-c3f2-4b77-88b7-f0ab78890feb: start FollowerState
2019-11-05 08:24:23,249 [java.util.concurrent.ThreadPoolExecutor$Worker@4893213[State = -1, empty queue]] WARN  server.GrpcLogAppender (GrpcLogAppender.java:timeoutAppendRequest(209)) - 6189f8a4-91dd-451f-abcb-72b2dcd73465@group-9D53872EEF85->fe5257f1-588f-41af-bf70-1c04126c8968-GrpcLogAppender: appendEntries Timeout, request=6189f8a4-91dd-451f-abcb-72b2dcd73465->fe5257f1-588f-41af-bf70-1c04126c8968#82-t4, previous=(t:4, i:20), leaderCommit=20, initializing? false, entries: <empty>
2019-11-05 08:24:23,299 [Thread-3620] INFO  impl.FollowerState (FollowerState.java:run(108)) - 4a682f4f-c3f2-4b77-88b7-f0ab78890feb@group-0DB8C7688BF9-FollowerState: change to CANDIDATE, lastRpcTime:179ms, electionTimeout:179ms
2019-11-05 08:24:23,299 [Thread-3620] INFO  impl.RoleInfo (RoleInfo.java:shutdownFollowerState(121)) - 4a682f4f-c3f2-4b77-88b7-f0ab78890feb: shutdown FollowerState
2019-11-05 08:24:23,299 [Thread-3620] INFO  impl.RaftServerImpl (RaftServerImpl.java:setRole(184)) - 4a682f4f-c3f2-4b77-88b7-f0ab78890feb@group-0DB8C7688BF9: changes role from  FOLLOWER to CANDIDATE at term 266 for changeToCandidate
2019-11-05 08:24:23,300 [Thread-3620] INFO  impl.RoleInfo (RoleInfo.java:updateAndGet(143)) - 4a682f4f-c3f2-4b77-88b7-f0ab78890feb: start LeaderElection
2019-11-05 08:24:23,313 [4a682f4f-c3f2-4b77-88b7-f0ab78890feb@group-0DB8C7688BF9-LeaderElection492] INFO  impl.LeaderElection (LeaderElection.java:askForVotes(178)) - 4a682f4f-c3f2-4b77-88b7-f0ab78890feb@group-0DB8C7688BF9-LeaderElection492: begin an election at term 267 for -1: [77ab65e6-d942-49df-83a3-1d4c0bf152b3:192.168.164.217:39381, 7e1b84a9-a041-44fd-8008-f2679426984c:192.168.164.217:44149, 4a682f4f-c3f2-4b77-88b7-f0ab78890feb:192.168.164.217:34174], old=null
2019-11-05 08:24:23,314 [grpc-default-executor-3] INFO  impl.RaftServerImpl (RaftServerImpl.java:setRole(184)) - 77ab65e6-d942-49df-83a3-1d4c0bf152b3@group-0DB8C7688BF9: changes role from  FOLLOWER to FOLLOWER at term 267 for recognizeCandidate:4a682f4f-c3f2-4b77-88b7-f0ab78890feb
2019-11-05 08:24:23,315 [grpc-default-executor-3] INFO  impl.RoleInfo (RoleInfo.java:shutdownFollowerState(121)) - 77ab65e6-d942-49df-83a3-1d4c0bf152b3: shutdown FollowerState
2019-11-05 08:24:23,315 [grpc-default-executor-4] INFO  impl.RaftServerImpl (RaftServerImpl.java:setRole(184)) - 7e1b84a9-a041-44fd-8008-f2679426984c@group-0DB8C7688BF9: changes role from  FOLLOWER to FOLLOWER at term 267 for recognizeCandidate:4a682f4f-c3f2-4b77-88b7-f0ab78890feb
2019-11-05 08:24:23,315 [Thread-3619] INFO  impl.FollowerState (FollowerState.java:run(117)) - 77ab65e6-d942-49df-83a3-1d4c0bf152b3@group-0DB8C7688BF9-FollowerState was interrupted: java.lang.InterruptedException: sleep interrupted
2019-11-05 08:24:23,315 [grpc-default-executor-3] INFO  impl.RoleInfo (RoleInfo.java:updateAndGet(143)) - 77ab65e6-d942-49df-83a3-1d4c0bf152b3: start FollowerState
2019-11-05 08:24:23,315 [grpc-default-executor-4] INFO  impl.RoleInfo (RoleInfo.java:shutdownFollowerState(121)) - 7e1b84a9-a041-44fd-8008-f2679426984c: shutdown FollowerState
2019-11-05 08:24:23,315 [grpc-default-executor-4] INFO  impl.RoleInfo (RoleInfo.java:updateAndGet(143)) - 7e1b84a9-a041-44fd-8008-f2679426984c: start FollowerState
2019-11-05 08:24:23,315 [Thread-3618] INFO  impl.FollowerState (FollowerState.java:run(117)) - 7e1b84a9-a041-44fd-8008-f2679426984c@group-0DB8C7688BF9-FollowerState was interrupted: java.lang.InterruptedException: sleep interrupted
2019-11-05 08:24:23,329 [4a682f4f-c3f2-4b77-88b7-f0ab78890feb@group-0DB8C7688BF9-LeaderElection492] INFO  impl.LeaderElection (LeaderElection.java:logAndReturn(56)) - 4a682f4f-c3f2-4b77-88b7-f0ab78890feb@group-0DB8C7688BF9-LeaderElection492: Election REJECTED; received 2 response(s) [4a682f4f-c3f2-4b77-88b7-f0ab78890feb<-77ab65e6-d942-49df-83a3-1d4c0bf152b3#0:FAIL-t267, 4a682f4f-c3f2-4b77-88b7-f0ab78890feb<-7e1b84a9-a041-44fd-8008-f2679426984c#0:FAIL-t267] and 0 exception(s); 4a682f4f-c3f2-4b77-88b7-f0ab78890feb@group-0DB8C7688BF9:t267, leader=null, voted=4a682f4f-c3f2-4b77-88b7-f0ab78890feb, raftlog=4a682f4f-c3f2-4b77-88b7-f0ab78890feb@group-0DB8C7688BF9-SegmentedRaftLog:OPENED:c-1,f-1,i0, conf=-1: [77ab65e6-d942-49df-83a3-1d4c0bf152b3:192.168.164.217:39381, 7e1b84a9-a041-44fd-8008-f2679426984c:192.168.164.217:44149, 4a682f4f-c3f2-4b77-88b7-f0ab78890feb:192.168.164.217:34174], old=null
2019-11-05 08:24:23,329 [4a682f4f-c3f2-4b77-88b7-f0ab78890feb@group-0DB8C7688BF9-LeaderElection492] INFO  impl.RaftServerImpl (RaftServerImpl.java:setRole(184)) - 4a682f4f-c3f2-4b77-88b7-f0ab78890feb@group-0DB8C7688BF9: changes role from CANDIDATE to FOLLOWER at term 267 for DISCOVERED_A_NEW_TERM
2019-11-05 08:24:23,329 [4a682f4f-c3f2-4b77-88b7-f0ab78890feb@group-0DB8C7688BF9-LeaderElection492] INFO  impl.RoleInfo (RoleInfo.java:shutdownLeaderElection(134)) - 4a682f4f-c3f2-4b77-88b7-f0ab78890feb: shutdown LeaderElection
2019-11-05 08:24:23,329 [4a682f4f-c3f2-4b77-88b7-f0ab78890feb@group-0DB8C7688BF9-LeaderElection492] INFO  impl.RoleInfo (RoleInfo.java:updateAndGet(143)) - 4a682f4f-c3f2-4b77-88b7-f0ab78890feb: start FollowerState
2019-11-05 08:24:23,364 [Thread-3565] INFO  impl.FollowerState (FollowerState.java:run(108)) - b3bb9051-8089-4c51-a999-81579e5913f2@group-0E159EE4F99E-FollowerState: change to CANDIDATE, lastRpcTime:1122ms, electionTimeout:1122ms
2019-11-05 08:24:23,364 [Thread-3565] INFO  impl.RoleInfo (RoleInfo.java:shutdownFollowerState(121)) - b3bb9051-8089-4c51-a999-81579e5913f2: shutdown FollowerState
2019-11-05 08:24:23,364 [Thread-3565] INFO  impl.RaftServerImpl (RaftServerImpl.java:setRole(184)) - b3bb9051-8089-4c51-a999-81579e5913f2@group-0E159EE4F99E: changes role from  FOLLOWER to CANDIDATE at term 253 for changeToCandidate
2019-11-05 08:24:23,365 [Thread-3565] INFO  impl.RoleInfo (RoleInfo.java:updateAndGet(143)) - b3bb9051-8089-4c51-a999-81579e5913f2: start LeaderElection
2019-11-05 08:24:23,378 [b3bb9051-8089-4c51-a999-81579e5913f2@group-0E159EE4F99E-LeaderElection493] INFO  impl.LeaderElection (LeaderElection.java:askForVotes(178)) - b3bb9051-8089-4c51-a999-81579e5913f2@group-0E159EE4F99E-LeaderElection493: begin an election at term 254 for 0: [caafcba9-090a-41f5-a5f9-cba5a6a81e94:192.168.164.217:37197, a8ae9c07-6d89-4a49-a594-cacd4b776180:192.168.164.217:42719, b3bb9051-8089-4c51-a999-81579e5913f2:192.168.164.217:36516], old=null
2019-11-05 08:24:23,379 [b3bb9051-8089-4c51-a999-81579e5913f2@group-0E159EE4F99E-LeaderElection493] INFO  impl.LeaderElection (LogUtils.java:infoOrTrace(149)) - b3bb9051-8089-4c51-a999-81579e5913f2@group-0E159EE4F99E-LeaderElection493 got exception when requesting votes: {}
java.util.concurrent.ExecutionException: org.apache.ratis.thirdparty.io.grpc.StatusRuntimeException: UNAVAILABLE: io exception
	at java.util.concurrent.FutureTask.report(FutureTask.java:122)
	at java.util.concurrent.FutureTask.get(FutureTask.java:192)
	at org.apache.ratis.server.impl.LeaderElection.waitForResults(LeaderElection.java:259)
	at org.apache.ratis.server.impl.LeaderElection.askForVotes(LeaderElection.java:197)
	at org.apache.ratis.server.impl.LeaderElection.run(LeaderElection.java:133)
	at java.lang.Thread.run(Thread.java:748)
Caused by: org.apache.ratis.thirdparty.io.grpc.StatusRuntimeException: UNAVAILABLE: io exception
	at org.apache.ratis.thirdparty.io.grpc.stub.ClientCalls.toStatusRuntimeException(ClientCalls.java:233)
	at org.apache.ratis.thirdparty.io.grpc.stub.ClientCalls.getUnchecked(ClientCalls.java:214)
	at org.apache.ratis.thirdparty.io.grpc.stub.ClientCalls.blockingUnaryCall(ClientCalls.java:139)
	at org.apache.ratis.proto.grpc.RaftServerProtocolServiceGrpc$RaftServerProtocolServiceBlockingStub.requestVote(RaftServerProtocolServiceGrpc.java:265)
	at org.apache.ratis.grpc.server.GrpcServerProtocolClient.requestVote(GrpcServerProtocolClient.java:99)
	at org.apache.ratis.grpc.server.GrpcService.requestVote(GrpcService.java:204)
	at org.apache.ratis.server.impl.LeaderElection.lambda$submitRequests$1(LeaderElection.java:234)
	at java.util.concurrent.FutureTask.run(FutureTask.java:266)
	at java.util.concurrent.Executors$RunnableAdapter.call(Executors.java:511)
	at java.util.concurrent.FutureTask.run(FutureTask.java:266)
	at java.util.concurrent.ThreadPoolExecutor.runWorker(ThreadPoolExecutor.java:1149)
	at java.util.concurrent.ThreadPoolExecutor$Worker.run(ThreadPoolExecutor.java:624)
	... 1 more
Caused by: org.apache.ratis.thirdparty.io.netty.channel.AbstractChannel$AnnotatedConnectException: Connection refused: /192.168.164.217:37197
	at sun.nio.ch.SocketChannelImpl.checkConnect(Native Method)
	at sun.nio.ch.SocketChannelImpl.finishConnect(SocketChannelImpl.java:717)
	at org.apache.ratis.thirdparty.io.netty.channel.socket.nio.NioSocketChannel.doFinishConnect(NioSocketChannel.java:327)
	at org.apache.ratis.thirdparty.io.netty.channel.nio.AbstractNioChannel$AbstractNioUnsafe.finishConnect(AbstractNioChannel.java:340)
	at org.apache.ratis.thirdparty.io.netty.channel.nio.NioEventLoop.processSelectedKey(NioEventLoop.java:632)
	at org.apache.ratis.thirdparty.io.netty.channel.nio.NioEventLoop.processSelectedKeysOptimized(NioEventLoop.java:579)
	at org.apache.ratis.thirdparty.io.netty.channel.nio.NioEventLoop.processSelectedKeys(NioEventLoop.java:496)
	at org.apache.ratis.thirdparty.io.netty.channel.nio.NioEventLoop.run(NioEventLoop.java:458)
	at org.apache.ratis.thirdparty.io.netty.util.concurrent.SingleThreadEventExecutor$5.run(SingleThreadEventExecutor.java:897)
	at org.apache.ratis.thirdparty.io.netty.util.concurrent.FastThreadLocalRunnable.run(FastThreadLocalRunnable.java:30)
	... 1 more
Caused by: java.net.ConnectException: Connection refused
	... 11 more
2019-11-05 08:24:23,379 [b3bb9051-8089-4c51-a999-81579e5913f2@group-0E159EE4F99E-LeaderElection493] INFO  impl.LeaderElection (LogUtils.java:infoOrTrace(149)) - b3bb9051-8089-4c51-a999-81579e5913f2@group-0E159EE4F99E-LeaderElection493 got exception when requesting votes: {}
java.util.concurrent.ExecutionException: org.apache.ratis.thirdparty.io.grpc.StatusRuntimeException: UNAVAILABLE: io exception
	at java.util.concurrent.FutureTask.report(FutureTask.java:122)
	at java.util.concurrent.FutureTask.get(FutureTask.java:192)
	at org.apache.ratis.server.impl.LeaderElection.waitForResults(LeaderElection.java:259)
	at org.apache.ratis.server.impl.LeaderElection.askForVotes(LeaderElection.java:197)
	at org.apache.ratis.server.impl.LeaderElection.run(LeaderElection.java:133)
	at java.lang.Thread.run(Thread.java:748)
Caused by: org.apache.ratis.thirdparty.io.grpc.StatusRuntimeException: UNAVAILABLE: io exception
	at org.apache.ratis.thirdparty.io.grpc.stub.ClientCalls.toStatusRuntimeException(ClientCalls.java:233)
	at org.apache.ratis.thirdparty.io.grpc.stub.ClientCalls.getUnchecked(ClientCalls.java:214)
	at org.apache.ratis.thirdparty.io.grpc.stub.ClientCalls.blockingUnaryCall(ClientCalls.java:139)
	at org.apache.ratis.proto.grpc.RaftServerProtocolServiceGrpc$RaftServerProtocolServiceBlockingStub.requestVote(RaftServerProtocolServiceGrpc.java:265)
	at org.apache.ratis.grpc.server.GrpcServerProtocolClient.requestVote(GrpcServerProtocolClient.java:99)
	at org.apache.ratis.grpc.server.GrpcService.requestVote(GrpcService.java:204)
	at org.apache.ratis.server.impl.LeaderElection.lambda$submitRequests$1(LeaderElection.java:234)
	at java.util.concurrent.FutureTask.run(FutureTask.java:266)
	at java.util.concurrent.Executors$RunnableAdapter.call(Executors.java:511)
	at java.util.concurrent.FutureTask.run(FutureTask.java:266)
	at java.util.concurrent.ThreadPoolExecutor.runWorker(ThreadPoolExecutor.java:1149)
	at java.util.concurrent.ThreadPoolExecutor$Worker.run(ThreadPoolExecutor.java:624)
	... 1 more
Caused by: org.apache.ratis.thirdparty.io.netty.channel.AbstractChannel$AnnotatedConnectException: Connection refused: /192.168.164.217:42719
	at sun.nio.ch.SocketChannelImpl.checkConnect(Native Method)
	at sun.nio.ch.SocketChannelImpl.finishConnect(SocketChannelImpl.java:717)
	at org.apache.ratis.thirdparty.io.netty.channel.socket.nio.NioSocketChannel.doFinishConnect(NioSocketChannel.java:327)
	at org.apache.ratis.thirdparty.io.netty.channel.nio.AbstractNioChannel$AbstractNioUnsafe.finishConnect(AbstractNioChannel.java:340)
	at org.apache.ratis.thirdparty.io.netty.channel.nio.NioEventLoop.processSelectedKey(NioEventLoop.java:632)
	at org.apache.ratis.thirdparty.io.netty.channel.nio.NioEventLoop.processSelectedKeysOptimized(NioEventLoop.java:579)
	at org.apache.ratis.thirdparty.io.netty.channel.nio.NioEventLoop.processSelectedKeys(NioEventLoop.java:496)
	at org.apache.ratis.thirdparty.io.netty.channel.nio.NioEventLoop.run(NioEventLoop.java:458)
	at org.apache.ratis.thirdparty.io.netty.util.concurrent.SingleThreadEventExecutor$5.run(SingleThreadEventExecutor.java:897)
	at org.apache.ratis.thirdparty.io.netty.util.concurrent.FastThreadLocalRunnable.run(FastThreadLocalRunnable.java:30)
	... 1 more
Caused by: java.net.ConnectException: Connection refused
	... 11 more
2019-11-05 08:24:23,379 [b3bb9051-8089-4c51-a999-81579e5913f2@group-0E159EE4F99E-LeaderElection493] INFO  impl.LeaderElection (LeaderElection.java:logAndReturn(56)) - b3bb9051-8089-4c51-a999-81579e5913f2@group-0E159EE4F99E-LeaderElection493: Election REJECTED; received 0 response(s) [] and 2 exception(s); b3bb9051-8089-4c51-a999-81579e5913f2@group-0E159EE4F99E:t254, leader=null, voted=b3bb9051-8089-4c51-a999-81579e5913f2, raftlog=b3bb9051-8089-4c51-a999-81579e5913f2@group-0E159EE4F99E-SegmentedRaftLog:OPENED:c-1,f0,i0, conf=0: [caafcba9-090a-41f5-a5f9-cba5a6a81e94:192.168.164.217:37197, a8ae9c07-6d89-4a49-a594-cacd4b776180:192.168.164.217:42719, b3bb9051-8089-4c51-a999-81579e5913f2:192.168.164.217:36516], old=null
2019-11-05 08:24:23,379 [b3bb9051-8089-4c51-a999-81579e5913f2@group-0E159EE4F99E-LeaderElection493] INFO  impl.LeaderElection (LogUtils.java:infoOrTrace(149)) -   Exception 0: {}
java.util.concurrent.ExecutionException: org.apache.ratis.thirdparty.io.grpc.StatusRuntimeException: UNAVAILABLE: io exception
	at java.util.concurrent.FutureTask.report(FutureTask.java:122)
	at java.util.concurrent.FutureTask.get(FutureTask.java:192)
	at org.apache.ratis.server.impl.LeaderElection.waitForResults(LeaderElection.java:259)
	at org.apache.ratis.server.impl.LeaderElection.askForVotes(LeaderElection.java:197)
	at org.apache.ratis.server.impl.LeaderElection.run(LeaderElection.java:133)
	at java.lang.Thread.run(Thread.java:748)
Caused by: org.apache.ratis.thirdparty.io.grpc.StatusRuntimeException: UNAVAILABLE: io exception
	at org.apache.ratis.thirdparty.io.grpc.stub.ClientCalls.toStatusRuntimeException(ClientCalls.java:233)
	at org.apache.ratis.thirdparty.io.grpc.stub.ClientCalls.getUnchecked(ClientCalls.java:214)
	at org.apache.ratis.thirdparty.io.grpc.stub.ClientCalls.blockingUnaryCall(ClientCalls.java:139)
	at org.apache.ratis.proto.grpc.RaftServerProtocolServiceGrpc$RaftServerProtocolServiceBlockingStub.requestVote(RaftServerProtocolServiceGrpc.java:265)
	at org.apache.ratis.grpc.server.GrpcServerProtocolClient.requestVote(GrpcServerProtocolClient.java:99)
	at org.apache.ratis.grpc.server.GrpcService.requestVote(GrpcService.java:204)
	at org.apache.ratis.server.impl.LeaderElection.lambda$submitRequests$1(LeaderElection.java:234)
	at java.util.concurrent.FutureTask.run(FutureTask.java:266)
	at java.util.concurrent.Executors$RunnableAdapter.call(Executors.java:511)
	at java.util.concurrent.FutureTask.run(FutureTask.java:266)
	at java.util.concurrent.ThreadPoolExecutor.runWorker(ThreadPoolExecutor.java:1149)
	at java.util.concurrent.ThreadPoolExecutor$Worker.run(ThreadPoolExecutor.java:624)
	... 1 more
Caused by: org.apache.ratis.thirdparty.io.netty.channel.AbstractChannel$AnnotatedConnectException: Connection refused: /192.168.164.217:37197
	at sun.nio.ch.SocketChannelImpl.checkConnect(Native Method)
	at sun.nio.ch.SocketChannelImpl.finishConnect(SocketChannelImpl.java:717)
	at org.apache.ratis.thirdparty.io.netty.channel.socket.nio.NioSocketChannel.doFinishConnect(NioSocketChannel.java:327)
	at org.apache.ratis.thirdparty.io.netty.channel.nio.AbstractNioChannel$AbstractNioUnsafe.finishConnect(AbstractNioChannel.java:340)
	at org.apache.ratis.thirdparty.io.netty.channel.nio.NioEventLoop.processSelectedKey(NioEventLoop.java:632)
	at org.apache.ratis.thirdparty.io.netty.channel.nio.NioEventLoop.processSelectedKeysOptimized(NioEventLoop.java:579)
	at org.apache.ratis.thirdparty.io.netty.channel.nio.NioEventLoop.processSelectedKeys(NioEventLoop.java:496)
	at org.apache.ratis.thirdparty.io.netty.channel.nio.NioEventLoop.run(NioEventLoop.java:458)
	at org.apache.ratis.thirdparty.io.netty.util.concurrent.SingleThreadEventExecutor$5.run(SingleThreadEventExecutor.java:897)
	at org.apache.ratis.thirdparty.io.netty.util.concurrent.FastThreadLocalRunnable.run(FastThreadLocalRunnable.java:30)
	... 1 more
Caused by: java.net.ConnectException: Connection refused
	... 11 more
2019-11-05 08:24:23,379 [b3bb9051-8089-4c51-a999-81579e5913f2@group-0E159EE4F99E-LeaderElection493] INFO  impl.LeaderElection (LogUtils.java:infoOrTrace(149)) -   Exception 1: {}
java.util.concurrent.ExecutionException: org.apache.ratis.thirdparty.io.grpc.StatusRuntimeException: UNAVAILABLE: io exception
	at java.util.concurrent.FutureTask.report(FutureTask.java:122)
	at java.util.concurrent.FutureTask.get(FutureTask.java:192)
	at org.apache.ratis.server.impl.LeaderElection.waitForResults(LeaderElection.java:259)
	at org.apache.ratis.server.impl.LeaderElection.askForVotes(LeaderElection.java:197)
	at org.apache.ratis.server.impl.LeaderElection.run(LeaderElection.java:133)
	at java.lang.Thread.run(Thread.java:748)
Caused by: org.apache.ratis.thirdparty.io.grpc.StatusRuntimeException: UNAVAILABLE: io exception
	at org.apache.ratis.thirdparty.io.grpc.stub.ClientCalls.toStatusRuntimeException(ClientCalls.java:233)
	at org.apache.ratis.thirdparty.io.grpc.stub.ClientCalls.getUnchecked(ClientCalls.java:214)
	at org.apache.ratis.thirdparty.io.grpc.stub.ClientCalls.blockingUnaryCall(ClientCalls.java:139)
	at org.apache.ratis.proto.grpc.RaftServerProtocolServiceGrpc$RaftServerProtocolServiceBlockingStub.requestVote(RaftServerProtocolServiceGrpc.java:265)
	at org.apache.ratis.grpc.server.GrpcServerProtocolClient.requestVote(GrpcServerProtocolClient.java:99)
	at org.apache.ratis.grpc.server.GrpcService.requestVote(GrpcService.java:204)
	at org.apache.ratis.server.impl.LeaderElection.lambda$submitRequests$1(LeaderElection.java:234)
	at java.util.concurrent.FutureTask.run(FutureTask.java:266)
	at java.util.concurrent.Executors$RunnableAdapter.call(Executors.java:511)
	at java.util.concurrent.FutureTask.run(FutureTask.java:266)
	at java.util.concurrent.ThreadPoolExecutor.runWorker(ThreadPoolExecutor.java:1149)
	at java.util.concurrent.ThreadPoolExecutor$Worker.run(ThreadPoolExecutor.java:624)
	... 1 more
Caused by: org.apache.ratis.thirdparty.io.netty.channel.AbstractChannel$AnnotatedConnectException: Connection refused: /192.168.164.217:42719
	at sun.nio.ch.SocketChannelImpl.checkConnect(Native Method)
	at sun.nio.ch.SocketChannelImpl.finishConnect(SocketChannelImpl.java:717)
	at org.apache.ratis.thirdparty.io.netty.channel.socket.nio.NioSocketChannel.doFinishConnect(NioSocketChannel.java:327)
	at org.apache.ratis.thirdparty.io.netty.channel.nio.AbstractNioChannel$AbstractNioUnsafe.finishConnect(AbstractNioChannel.java:340)
	at org.apache.ratis.thirdparty.io.netty.channel.nio.NioEventLoop.processSelectedKey(NioEventLoop.java:632)
	at org.apache.ratis.thirdparty.io.netty.channel.nio.NioEventLoop.processSelectedKeysOptimized(NioEventLoop.java:579)
	at org.apache.ratis.thirdparty.io.netty.channel.nio.NioEventLoop.processSelectedKeys(NioEventLoop.java:496)
	at org.apache.ratis.thirdparty.io.netty.channel.nio.NioEventLoop.run(NioEventLoop.java:458)
	at org.apache.ratis.thirdparty.io.netty.util.concurrent.SingleThreadEventExecutor$5.run(SingleThreadEventExecutor.java:897)
	at org.apache.ratis.thirdparty.io.netty.util.concurrent.FastThreadLocalRunnable.run(FastThreadLocalRunnable.java:30)
	... 1 more
Caused by: java.net.ConnectException: Connection refused
	... 11 more
2019-11-05 08:24:23,380 [b3bb9051-8089-4c51-a999-81579e5913f2@group-0E159EE4F99E-LeaderElection493] INFO  impl.RaftServerImpl (RaftServerImpl.java:setRole(184)) - b3bb9051-8089-4c51-a999-81579e5913f2@group-0E159EE4F99E: changes role from CANDIDATE to FOLLOWER at term 254 for DISCOVERED_A_NEW_TERM
2019-11-05 08:24:23,380 [b3bb9051-8089-4c51-a999-81579e5913f2@group-0E159EE4F99E-LeaderElection493] INFO  impl.RoleInfo (RoleInfo.java:shutdownLeaderElection(134)) - b3bb9051-8089-4c51-a999-81579e5913f2: shutdown LeaderElection
2019-11-05 08:24:23,380 [b3bb9051-8089-4c51-a999-81579e5913f2@group-0E159EE4F99E-LeaderElection493] INFO  impl.RoleInfo (RoleInfo.java:updateAndGet(143)) - b3bb9051-8089-4c51-a999-81579e5913f2: start FollowerState
2019-11-05 08:24:23,530 [Thread-3627] INFO  impl.FollowerState (FollowerState.java:run(108)) - 4a682f4f-c3f2-4b77-88b7-f0ab78890feb@group-0DB8C7688BF9-FollowerState: change to CANDIDATE, lastRpcTime:200ms, electionTimeout:200ms
2019-11-05 08:24:23,530 [Thread-3627] INFO  impl.RoleInfo (RoleInfo.java:shutdownFollowerState(121)) - 4a682f4f-c3f2-4b77-88b7-f0ab78890feb: shutdown FollowerState
2019-11-05 08:24:23,530 [Thread-3627] INFO  impl.RaftServerImpl (RaftServerImpl.java:setRole(184)) - 4a682f4f-c3f2-4b77-88b7-f0ab78890feb@group-0DB8C7688BF9: changes role from  FOLLOWER to CANDIDATE at term 267 for changeToCandidate
2019-11-05 08:24:23,530 [Thread-3627] INFO  impl.RoleInfo (RoleInfo.java:updateAndGet(143)) - 4a682f4f-c3f2-4b77-88b7-f0ab78890feb: start LeaderElection
2019-11-05 08:24:23,543 [4a682f4f-c3f2-4b77-88b7-f0ab78890feb@group-0DB8C7688BF9-LeaderElection494] INFO  impl.LeaderElection (LeaderElection.java:askForVotes(178)) - 4a682f4f-c3f2-4b77-88b7-f0ab78890feb@group-0DB8C7688BF9-LeaderElection494: begin an election at term 268 for -1: [77ab65e6-d942-49df-83a3-1d4c0bf152b3:192.168.164.217:39381, 7e1b84a9-a041-44fd-8008-f2679426984c:192.168.164.217:44149, 4a682f4f-c3f2-4b77-88b7-f0ab78890feb:192.168.164.217:34174], old=null
2019-11-05 08:24:23,545 [grpc-default-executor-3] INFO  impl.RaftServerImpl (RaftServerImpl.java:setRole(184)) - 77ab65e6-d942-49df-83a3-1d4c0bf152b3@group-0DB8C7688BF9: changes role from  FOLLOWER to FOLLOWER at term 268 for recognizeCandidate:4a682f4f-c3f2-4b77-88b7-f0ab78890feb
2019-11-05 08:24:23,545 [grpc-default-executor-3] INFO  impl.RoleInfo (RoleInfo.java:shutdownFollowerState(121)) - 77ab65e6-d942-49df-83a3-1d4c0bf152b3: shutdown FollowerState
2019-11-05 08:24:23,545 [grpc-default-executor-3] INFO  impl.RoleInfo (RoleInfo.java:updateAndGet(143)) - 77ab65e6-d942-49df-83a3-1d4c0bf152b3: start FollowerState
2019-11-05 08:24:23,545 [grpc-default-executor-4] INFO  impl.RaftServerImpl (RaftServerImpl.java:setRole(184)) - 7e1b84a9-a041-44fd-8008-f2679426984c@group-0DB8C7688BF9: changes role from  FOLLOWER to FOLLOWER at term 268 for recognizeCandidate:4a682f4f-c3f2-4b77-88b7-f0ab78890feb
2019-11-05 08:24:23,546 [grpc-default-executor-4] INFO  impl.RoleInfo (RoleInfo.java:shutdownFollowerState(121)) - 7e1b84a9-a041-44fd-8008-f2679426984c: shutdown FollowerState
2019-11-05 08:24:23,545 [Thread-3625] INFO  impl.FollowerState (FollowerState.java:run(117)) - 77ab65e6-d942-49df-83a3-1d4c0bf152b3@group-0DB8C7688BF9-FollowerState was interrupted: java.lang.InterruptedException: sleep interrupted
2019-11-05 08:24:23,546 [Thread-3626] INFO  impl.FollowerState (FollowerState.java:run(117)) - 7e1b84a9-a041-44fd-8008-f2679426984c@group-0DB8C7688BF9-FollowerState was interrupted: java.lang.InterruptedException: sleep interrupted
2019-11-05 08:24:23,546 [grpc-default-executor-4] INFO  impl.RoleInfo (RoleInfo.java:updateAndGet(143)) - 7e1b84a9-a041-44fd-8008-f2679426984c: start FollowerState
2019-11-05 08:24:23,548 [4a682f4f-c3f2-4b77-88b7-f0ab78890feb@group-0DB8C7688BF9-LeaderElection494] INFO  impl.LeaderElection (LeaderElection.java:logAndReturn(56)) - 4a682f4f-c3f2-4b77-88b7-f0ab78890feb@group-0DB8C7688BF9-LeaderElection494: Election TIMEOUT; received 0 response(s) [] and 0 exception(s); 4a682f4f-c3f2-4b77-88b7-f0ab78890feb@group-0DB8C7688BF9:t268, leader=null, voted=4a682f4f-c3f2-4b77-88b7-f0ab78890feb, raftlog=4a682f4f-c3f2-4b77-88b7-f0ab78890feb@group-0DB8C7688BF9-SegmentedRaftLog:OPENED:c-1,f-1,i0, conf=-1: [77ab65e6-d942-49df-83a3-1d4c0bf152b3:192.168.164.217:39381, 7e1b84a9-a041-44fd-8008-f2679426984c:192.168.164.217:44149, 4a682f4f-c3f2-4b77-88b7-f0ab78890feb:192.168.164.217:34174], old=null
2019-11-05 08:24:23,559 [4a682f4f-c3f2-4b77-88b7-f0ab78890feb@group-0DB8C7688BF9-LeaderElection494] INFO  impl.LeaderElection (LeaderElection.java:askForVotes(178)) - 4a682f4f-c3f2-4b77-88b7-f0ab78890feb@group-0DB8C7688BF9-LeaderElection494: begin an election at term 269 for -1: [77ab65e6-d942-49df-83a3-1d4c0bf152b3:192.168.164.217:39381, 7e1b84a9-a041-44fd-8008-f2679426984c:192.168.164.217:44149, 4a682f4f-c3f2-4b77-88b7-f0ab78890feb:192.168.164.217:34174], old=null
2019-11-05 08:24:23,560 [grpc-default-executor-3] INFO  impl.RaftServerImpl (RaftServerImpl.java:setRole(184)) - 7e1b84a9-a041-44fd-8008-f2679426984c@group-0DB8C7688BF9: changes role from  FOLLOWER to FOLLOWER at term 269 for recognizeCandidate:4a682f4f-c3f2-4b77-88b7-f0ab78890feb
2019-11-05 08:24:23,560 [grpc-default-executor-3] INFO  impl.RoleInfo (RoleInfo.java:shutdownFollowerState(121)) - 7e1b84a9-a041-44fd-8008-f2679426984c: shutdown FollowerState
2019-11-05 08:24:23,560 [grpc-default-executor-4] INFO  impl.RaftServerImpl (RaftServerImpl.java:setRole(184)) - 77ab65e6-d942-49df-83a3-1d4c0bf152b3@group-0DB8C7688BF9: changes role from  FOLLOWER to FOLLOWER at term 269 for recognizeCandidate:4a682f4f-c3f2-4b77-88b7-f0ab78890feb
2019-11-05 08:24:23,561 [grpc-default-executor-4] INFO  impl.RoleInfo (RoleInfo.java:shutdownFollowerState(121)) - 77ab65e6-d942-49df-83a3-1d4c0bf152b3: shutdown FollowerState
2019-11-05 08:24:23,561 [Thread-3636] INFO  impl.FollowerState (FollowerState.java:run(117)) - 7e1b84a9-a041-44fd-8008-f2679426984c@group-0DB8C7688BF9-FollowerState was interrupted: java.lang.InterruptedException: sleep interrupted
2019-11-05 08:24:23,561 [grpc-default-executor-3] INFO  impl.RoleInfo (RoleInfo.java:updateAndGet(143)) - 7e1b84a9-a041-44fd-8008-f2679426984c: start FollowerState
2019-11-05 08:24:23,561 [grpc-default-executor-4] INFO  impl.RoleInfo (RoleInfo.java:updateAndGet(143)) - 77ab65e6-d942-49df-83a3-1d4c0bf152b3: start FollowerState
2019-11-05 08:24:23,561 [Thread-3635] INFO  impl.FollowerState (FollowerState.java:run(117)) - 77ab65e6-d942-49df-83a3-1d4c0bf152b3@group-0DB8C7688BF9-FollowerState was interrupted: java.lang.InterruptedException: sleep interrupted
2019-11-05 08:24:23,566 [4a682f4f-c3f2-4b77-88b7-f0ab78890feb@group-0DB8C7688BF9-LeaderElection494] INFO  impl.LeaderElection (LeaderElection.java:logAndReturn(56)) - 4a682f4f-c3f2-4b77-88b7-f0ab78890feb@group-0DB8C7688BF9-LeaderElection494: Election TIMEOUT; received 0 response(s) [] and 0 exception(s); 4a682f4f-c3f2-4b77-88b7-f0ab78890feb@group-0DB8C7688BF9:t269, leader=null, voted=4a682f4f-c3f2-4b77-88b7-f0ab78890feb, raftlog=4a682f4f-c3f2-4b77-88b7-f0ab78890feb@group-0DB8C7688BF9-SegmentedRaftLog:OPENED:c-1,f-1,i0, conf=-1: [77ab65e6-d942-49df-83a3-1d4c0bf152b3:192.168.164.217:39381, 7e1b84a9-a041-44fd-8008-f2679426984c:192.168.164.217:44149, 4a682f4f-c3f2-4b77-88b7-f0ab78890feb:192.168.164.217:34174], old=null
2019-11-05 08:24:23,576 [4a682f4f-c3f2-4b77-88b7-f0ab78890feb@group-0DB8C7688BF9-LeaderElection494] INFO  impl.LeaderElection (LeaderElection.java:askForVotes(178)) - 4a682f4f-c3f2-4b77-88b7-f0ab78890feb@group-0DB8C7688BF9-LeaderElection494: begin an election at term 270 for -1: [77ab65e6-d942-49df-83a3-1d4c0bf152b3:192.168.164.217:39381, 7e1b84a9-a041-44fd-8008-f2679426984c:192.168.164.217:44149, 4a682f4f-c3f2-4b77-88b7-f0ab78890feb:192.168.164.217:34174], old=null
2019-11-05 08:24:23,582 [grpc-default-executor-4] INFO  impl.RaftServerImpl (RaftServerImpl.java:setRole(184)) - 77ab65e6-d942-49df-83a3-1d4c0bf152b3@group-0DB8C7688BF9: changes role from  FOLLOWER to FOLLOWER at term 270 for recognizeCandidate:4a682f4f-c3f2-4b77-88b7-f0ab78890feb
2019-11-05 08:24:23,582 [grpc-default-executor-3] INFO  impl.RaftServerImpl (RaftServerImpl.java:setRole(184)) - 7e1b84a9-a041-44fd-8008-f2679426984c@group-0DB8C7688BF9: changes role from  FOLLOWER to FOLLOWER at term 270 for recognizeCandidate:4a682f4f-c3f2-4b77-88b7-f0ab78890feb
2019-11-05 08:24:23,583 [grpc-default-executor-3] INFO  impl.RoleInfo (RoleInfo.java:shutdownFollowerState(121)) - 7e1b84a9-a041-44fd-8008-f2679426984c: shutdown FollowerState
2019-11-05 08:24:23,583 [grpc-default-executor-4] INFO  impl.RoleInfo (RoleInfo.java:shutdownFollowerState(121)) - 77ab65e6-d942-49df-83a3-1d4c0bf152b3: shutdown FollowerState
2019-11-05 08:24:23,583 [grpc-default-executor-3] INFO  impl.RoleInfo (RoleInfo.java:updateAndGet(143)) - 7e1b84a9-a041-44fd-8008-f2679426984c: start FollowerState
2019-11-05 08:24:23,583 [Thread-3639] INFO  impl.FollowerState (FollowerState.java:run(117)) - 7e1b84a9-a041-44fd-8008-f2679426984c@group-0DB8C7688BF9-FollowerState was interrupted: java.lang.InterruptedException: sleep interrupted
2019-11-05 08:24:23,583 [Thread-3640] INFO  impl.FollowerState (FollowerState.java:run(117)) - 77ab65e6-d942-49df-83a3-1d4c0bf152b3@group-0DB8C7688BF9-FollowerState was interrupted: java.lang.InterruptedException: sleep interrupted
2019-11-05 08:24:23,583 [grpc-default-executor-4] INFO  impl.RoleInfo (RoleInfo.java:updateAndGet(143)) - 77ab65e6-d942-49df-83a3-1d4c0bf152b3: start FollowerState
2019-11-05 08:24:23,599 [4a682f4f-c3f2-4b77-88b7-f0ab78890feb@group-0DB8C7688BF9-LeaderElection494] INFO  impl.LeaderElection (LeaderElection.java:logAndReturn(56)) - 4a682f4f-c3f2-4b77-88b7-f0ab78890feb@group-0DB8C7688BF9-LeaderElection494: Election REJECTED; received 2 response(s) [4a682f4f-c3f2-4b77-88b7-f0ab78890feb<-77ab65e6-d942-49df-83a3-1d4c0bf152b3#0:FAIL-t270, 4a682f4f-c3f2-4b77-88b7-f0ab78890feb<-7e1b84a9-a041-44fd-8008-f2679426984c#0:FAIL-t270] and 0 exception(s); 4a682f4f-c3f2-4b77-88b7-f0ab78890feb@group-0DB8C7688BF9:t270, leader=null, voted=4a682f4f-c3f2-4b77-88b7-f0ab78890feb, raftlog=4a682f4f-c3f2-4b77-88b7-f0ab78890feb@group-0DB8C7688BF9-SegmentedRaftLog:OPENED:c-1,f-1,i0, conf=-1: [77ab65e6-d942-49df-83a3-1d4c0bf152b3:192.168.164.217:39381, 7e1b84a9-a041-44fd-8008-f2679426984c:192.168.164.217:44149, 4a682f4f-c3f2-4b77-88b7-f0ab78890feb:192.168.164.217:34174], old=null
2019-11-05 08:24:23,599 [4a682f4f-c3f2-4b77-88b7-f0ab78890feb@group-0DB8C7688BF9-LeaderElection494] INFO  impl.RaftServerImpl (RaftServerImpl.java:setRole(184)) - 4a682f4f-c3f2-4b77-88b7-f0ab78890feb@group-0DB8C7688BF9: changes role from CANDIDATE to FOLLOWER at term 270 for DISCOVERED_A_NEW_TERM
2019-11-05 08:24:23,599 [4a682f4f-c3f2-4b77-88b7-f0ab78890feb@group-0DB8C7688BF9-LeaderElection494] INFO  impl.RoleInfo (RoleInfo.java:shutdownLeaderElection(134)) - 4a682f4f-c3f2-4b77-88b7-f0ab78890feb: shutdown LeaderElection
2019-11-05 08:24:23,600 [4a682f4f-c3f2-4b77-88b7-f0ab78890feb@group-0DB8C7688BF9-LeaderElection494] INFO  impl.RoleInfo (RoleInfo.java:updateAndGet(143)) - 4a682f4f-c3f2-4b77-88b7-f0ab78890feb: start FollowerState
2019-11-05 08:24:23,634 [Thread-3645] INFO  impl.FollowerState (FollowerState.java:run(108)) - 4a682f4f-c3f2-4b77-88b7-f0ab78890feb@group-0DB8C7688BF9-FollowerState: change to CANDIDATE, lastRpcTime:34ms, electionTimeout:34ms
2019-11-05 08:24:23,634 [Thread-3645] INFO  impl.RoleInfo (RoleInfo.java:shutdownFollowerState(121)) - 4a682f4f-c3f2-4b77-88b7-f0ab78890feb: shutdown FollowerState
2019-11-05 08:24:23,634 [Thread-3645] INFO  impl.RaftServerImpl (RaftServerImpl.java:setRole(184)) - 4a682f4f-c3f2-4b77-88b7-f0ab78890feb@group-0DB8C7688BF9: changes role from  FOLLOWER to CANDIDATE at term 270 for changeToCandidate
2019-11-05 08:24:23,634 [Thread-3645] INFO  impl.RoleInfo (RoleInfo.java:updateAndGet(143)) - 4a682f4f-c3f2-4b77-88b7-f0ab78890feb: start LeaderElection
2019-11-05 08:24:23,648 [4a682f4f-c3f2-4b77-88b7-f0ab78890feb@group-0DB8C7688BF9-LeaderElection495] INFO  impl.LeaderElection (LeaderElection.java:askForVotes(178)) - 4a682f4f-c3f2-4b77-88b7-f0ab78890feb@group-0DB8C7688BF9-LeaderElection495: begin an election at term 271 for -1: [77ab65e6-d942-49df-83a3-1d4c0bf152b3:192.168.164.217:39381, 7e1b84a9-a041-44fd-8008-f2679426984c:192.168.164.217:44149, 4a682f4f-c3f2-4b77-88b7-f0ab78890feb:192.168.164.217:34174], old=null
2019-11-05 08:24:23,649 [grpc-default-executor-4] INFO  impl.RaftServerImpl (RaftServerImpl.java:setRole(184)) - 77ab65e6-d942-49df-83a3-1d4c0bf152b3@group-0DB8C7688BF9: changes role from  FOLLOWER to FOLLOWER at term 271 for recognizeCandidate:4a682f4f-c3f2-4b77-88b7-f0ab78890feb
2019-11-05 08:24:23,649 [grpc-default-executor-3] INFO  impl.RaftServerImpl (RaftServerImpl.java:setRole(184)) - 7e1b84a9-a041-44fd-8008-f2679426984c@group-0DB8C7688BF9: changes role from  FOLLOWER to FOLLOWER at term 271 for recognizeCandidate:4a682f4f-c3f2-4b77-88b7-f0ab78890feb
2019-11-05 08:24:23,650 [grpc-default-executor-3] INFO  impl.RoleInfo (RoleInfo.java:shutdownFollowerState(121)) - 7e1b84a9-a041-44fd-8008-f2679426984c: shutdown FollowerState
2019-11-05 08:24:23,649 [grpc-default-executor-4] INFO  impl.RoleInfo (RoleInfo.java:shutdownFollowerState(121)) - 77ab65e6-d942-49df-83a3-1d4c0bf152b3: shutdown FollowerState
2019-11-05 08:24:23,650 [Thread-3643] INFO  impl.FollowerState (FollowerState.java:run(117)) - 7e1b84a9-a041-44fd-8008-f2679426984c@group-0DB8C7688BF9-FollowerState was interrupted: java.lang.InterruptedException: sleep interrupted
2019-11-05 08:24:23,650 [grpc-default-executor-3] INFO  impl.RoleInfo (RoleInfo.java:updateAndGet(143)) - 7e1b84a9-a041-44fd-8008-f2679426984c: start FollowerState
2019-11-05 08:24:23,650 [Thread-3644] INFO  impl.FollowerState (FollowerState.java:run(117)) - 77ab65e6-d942-49df-83a3-1d4c0bf152b3@group-0DB8C7688BF9-FollowerState was interrupted: java.lang.InterruptedException: sleep interrupted
2019-11-05 08:24:23,650 [grpc-default-executor-4] INFO  impl.RoleInfo (RoleInfo.java:updateAndGet(143)) - 77ab65e6-d942-49df-83a3-1d4c0bf152b3: start FollowerState
2019-11-05 08:24:23,664 [4a682f4f-c3f2-4b77-88b7-f0ab78890feb@group-0DB8C7688BF9-LeaderElection495] INFO  impl.LeaderElection (LeaderElection.java:logAndReturn(56)) - 4a682f4f-c3f2-4b77-88b7-f0ab78890feb@group-0DB8C7688BF9-LeaderElection495: Election REJECTED; received 2 response(s) [4a682f4f-c3f2-4b77-88b7-f0ab78890feb<-77ab65e6-d942-49df-83a3-1d4c0bf152b3#0:FAIL-t271, 4a682f4f-c3f2-4b77-88b7-f0ab78890feb<-7e1b84a9-a041-44fd-8008-f2679426984c#0:FAIL-t271] and 0 exception(s); 4a682f4f-c3f2-4b77-88b7-f0ab78890feb@group-0DB8C7688BF9:t271, leader=null, voted=4a682f4f-c3f2-4b77-88b7-f0ab78890feb, raftlog=4a682f4f-c3f2-4b77-88b7-f0ab78890feb@group-0DB8C7688BF9-SegmentedRaftLog:OPENED:c-1,f-1,i0, conf=-1: [77ab65e6-d942-49df-83a3-1d4c0bf152b3:192.168.164.217:39381, 7e1b84a9-a041-44fd-8008-f2679426984c:192.168.164.217:44149, 4a682f4f-c3f2-4b77-88b7-f0ab78890feb:192.168.164.217:34174], old=null
2019-11-05 08:24:23,664 [4a682f4f-c3f2-4b77-88b7-f0ab78890feb@group-0DB8C7688BF9-LeaderElection495] INFO  impl.RaftServerImpl (RaftServerImpl.java:setRole(184)) - 4a682f4f-c3f2-4b77-88b7-f0ab78890feb@group-0DB8C7688BF9: changes role from CANDIDATE to FOLLOWER at term 271 for DISCOVERED_A_NEW_TERM
2019-11-05 08:24:23,664 [4a682f4f-c3f2-4b77-88b7-f0ab78890feb@group-0DB8C7688BF9-LeaderElection495] INFO  impl.RoleInfo (RoleInfo.java:shutdownLeaderElection(134)) - 4a682f4f-c3f2-4b77-88b7-f0ab78890feb: shutdown LeaderElection
2019-11-05 08:24:23,664 [4a682f4f-c3f2-4b77-88b7-f0ab78890feb@group-0DB8C7688BF9-LeaderElection495] INFO  impl.RoleInfo (RoleInfo.java:updateAndGet(143)) - 4a682f4f-c3f2-4b77-88b7-f0ab78890feb: start FollowerState
2019-11-05 08:24:23,740 [Thread-3651] INFO  impl.FollowerState (FollowerState.java:run(108)) - 4a682f4f-c3f2-4b77-88b7-f0ab78890feb@group-0DB8C7688BF9-FollowerState: change to CANDIDATE, lastRpcTime:75ms, electionTimeout:75ms
2019-11-05 08:24:23,740 [Thread-3651] INFO  impl.RoleInfo (RoleInfo.java:shutdownFollowerState(121)) - 4a682f4f-c3f2-4b77-88b7-f0ab78890feb: shutdown FollowerState
2019-11-05 08:24:23,740 [Thread-3651] INFO  impl.RaftServerImpl (RaftServerImpl.java:setRole(184)) - 4a682f4f-c3f2-4b77-88b7-f0ab78890feb@group-0DB8C7688BF9: changes role from  FOLLOWER to CANDIDATE at term 271 for changeToCandidate
2019-11-05 08:24:23,740 [Thread-3651] INFO  impl.RoleInfo (RoleInfo.java:updateAndGet(143)) - 4a682f4f-c3f2-4b77-88b7-f0ab78890feb: start LeaderElection
2019-11-05 08:24:23,749 [java.util.concurrent.ThreadPoolExecutor$Worker@4893213[State = -1, empty queue]] WARN  server.GrpcLogAppender (GrpcLogAppender.java:timeoutAppendRequest(209)) - 6189f8a4-91dd-451f-abcb-72b2dcd73465@group-9D53872EEF85->fe5257f1-588f-41af-bf70-1c04126c8968-GrpcLogAppender: appendEntries Timeout, request=6189f8a4-91dd-451f-abcb-72b2dcd73465->fe5257f1-588f-41af-bf70-1c04126c8968#83-t4, previous=(t:4, i:20), leaderCommit=20, initializing? false, entries: <empty>
2019-11-05 08:24:23,753 [4a682f4f-c3f2-4b77-88b7-f0ab78890feb@group-0DB8C7688BF9-LeaderElection496] INFO  impl.LeaderElection (LeaderElection.java:askForVotes(178)) - 4a682f4f-c3f2-4b77-88b7-f0ab78890feb@group-0DB8C7688BF9-LeaderElection496: begin an election at term 272 for -1: [77ab65e6-d942-49df-83a3-1d4c0bf152b3:192.168.164.217:39381, 7e1b84a9-a041-44fd-8008-f2679426984c:192.168.164.217:44149, 4a682f4f-c3f2-4b77-88b7-f0ab78890feb:192.168.164.217:34174], old=null
2019-11-05 08:24:23,755 [grpc-default-executor-4] INFO  impl.RaftServerImpl (RaftServerImpl.java:setRole(184)) - 77ab65e6-d942-49df-83a3-1d4c0bf152b3@group-0DB8C7688BF9: changes role from  FOLLOWER to FOLLOWER at term 272 for recognizeCandidate:4a682f4f-c3f2-4b77-88b7-f0ab78890feb
2019-11-05 08:24:23,755 [grpc-default-executor-4] INFO  impl.RoleInfo (RoleInfo.java:shutdownFollowerState(121)) - 77ab65e6-d942-49df-83a3-1d4c0bf152b3: shutdown FollowerState
2019-11-05 08:24:23,755 [grpc-default-executor-4] INFO  impl.RoleInfo (RoleInfo.java:updateAndGet(143)) - 77ab65e6-d942-49df-83a3-1d4c0bf152b3: start FollowerState
2019-11-05 08:24:23,755 [grpc-default-executor-3] INFO  impl.RaftServerImpl (RaftServerImpl.java:setRole(184)) - 7e1b84a9-a041-44fd-8008-f2679426984c@group-0DB8C7688BF9: changes role from  FOLLOWER to FOLLOWER at term 272 for recognizeCandidate:4a682f4f-c3f2-4b77-88b7-f0ab78890feb
2019-11-05 08:24:23,755 [grpc-default-executor-3] INFO  impl.RoleInfo (RoleInfo.java:shutdownFollowerState(121)) - 7e1b84a9-a041-44fd-8008-f2679426984c: shutdown FollowerState
2019-11-05 08:24:23,755 [Thread-3650] INFO  impl.FollowerState (FollowerState.java:run(117)) - 77ab65e6-d942-49df-83a3-1d4c0bf152b3@group-0DB8C7688BF9-FollowerState was interrupted: java.lang.InterruptedException: sleep interrupted
2019-11-05 08:24:23,755 [Thread-3649] INFO  impl.FollowerState (FollowerState.java:run(117)) - 7e1b84a9-a041-44fd-8008-f2679426984c@group-0DB8C7688BF9-FollowerState was interrupted: java.lang.InterruptedException: sleep interrupted
2019-11-05 08:24:23,755 [grpc-default-executor-3] INFO  impl.RoleInfo (RoleInfo.java:updateAndGet(143)) - 7e1b84a9-a041-44fd-8008-f2679426984c: start FollowerState
2019-11-05 08:24:23,775 [4a682f4f-c3f2-4b77-88b7-f0ab78890feb@group-0DB8C7688BF9-LeaderElection496] INFO  impl.LeaderElection (LeaderElection.java:logAndReturn(56)) - 4a682f4f-c3f2-4b77-88b7-f0ab78890feb@group-0DB8C7688BF9-LeaderElection496: Election REJECTED; received 2 response(s) [4a682f4f-c3f2-4b77-88b7-f0ab78890feb<-77ab65e6-d942-49df-83a3-1d4c0bf152b3#0:FAIL-t272, 4a682f4f-c3f2-4b77-88b7-f0ab78890feb<-7e1b84a9-a041-44fd-8008-f2679426984c#0:FAIL-t272] and 0 exception(s); 4a682f4f-c3f2-4b77-88b7-f0ab78890feb@group-0DB8C7688BF9:t272, leader=null, voted=4a682f4f-c3f2-4b77-88b7-f0ab78890feb, raftlog=4a682f4f-c3f2-4b77-88b7-f0ab78890feb@group-0DB8C7688BF9-SegmentedRaftLog:OPENED:c-1,f-1,i0, conf=-1: [77ab65e6-d942-49df-83a3-1d4c0bf152b3:192.168.164.217:39381, 7e1b84a9-a041-44fd-8008-f2679426984c:192.168.164.217:44149, 4a682f4f-c3f2-4b77-88b7-f0ab78890feb:192.168.164.217:34174], old=null
2019-11-05 08:24:23,775 [4a682f4f-c3f2-4b77-88b7-f0ab78890feb@group-0DB8C7688BF9-LeaderElection496] INFO  impl.RaftServerImpl (RaftServerImpl.java:setRole(184)) - 4a682f4f-c3f2-4b77-88b7-f0ab78890feb@group-0DB8C7688BF9: changes role from CANDIDATE to FOLLOWER at term 272 for DISCOVERED_A_NEW_TERM
2019-11-05 08:24:23,775 [4a682f4f-c3f2-4b77-88b7-f0ab78890feb@group-0DB8C7688BF9-LeaderElection496] INFO  impl.RoleInfo (RoleInfo.java:shutdownLeaderElection(134)) - 4a682f4f-c3f2-4b77-88b7-f0ab78890feb: shutdown LeaderElection
2019-11-05 08:24:23,775 [4a682f4f-c3f2-4b77-88b7-f0ab78890feb@group-0DB8C7688BF9-LeaderElection496] INFO  impl.RoleInfo (RoleInfo.java:updateAndGet(143)) - 4a682f4f-c3f2-4b77-88b7-f0ab78890feb: start FollowerState
2019-11-05 08:24:23,825 [Thread-3657] INFO  impl.FollowerState (FollowerState.java:run(108)) - 4a682f4f-c3f2-4b77-88b7-f0ab78890feb@group-0DB8C7688BF9-FollowerState: change to CANDIDATE, lastRpcTime:49ms, electionTimeout:45ms
2019-11-05 08:24:23,825 [Thread-3657] INFO  impl.RoleInfo (RoleInfo.java:shutdownFollowerState(121)) - 4a682f4f-c3f2-4b77-88b7-f0ab78890feb: shutdown FollowerState
2019-11-05 08:24:23,825 [Thread-3657] INFO  impl.RaftServerImpl (RaftServerImpl.java:setRole(184)) - 4a682f4f-c3f2-4b77-88b7-f0ab78890feb@group-0DB8C7688BF9: changes role from  FOLLOWER to CANDIDATE at term 272 for changeToCandidate
2019-11-05 08:24:23,826 [Thread-3657] INFO  impl.RoleInfo (RoleInfo.java:updateAndGet(143)) - 4a682f4f-c3f2-4b77-88b7-f0ab78890feb: start LeaderElection
2019-11-05 08:24:23,839 [4a682f4f-c3f2-4b77-88b7-f0ab78890feb@group-0DB8C7688BF9-LeaderElection497] INFO  impl.LeaderElection (LeaderElection.java:askForVotes(178)) - 4a682f4f-c3f2-4b77-88b7-f0ab78890feb@group-0DB8C7688BF9-LeaderElection497: begin an election at term 273 for -1: [77ab65e6-d942-49df-83a3-1d4c0bf152b3:192.168.164.217:39381, 7e1b84a9-a041-44fd-8008-f2679426984c:192.168.164.217:44149, 4a682f4f-c3f2-4b77-88b7-f0ab78890feb:192.168.164.217:34174], old=null
2019-11-05 08:24:23,841 [grpc-default-executor-4] INFO  impl.RaftServerImpl (RaftServerImpl.java:setRole(184)) - 77ab65e6-d942-49df-83a3-1d4c0bf152b3@group-0DB8C7688BF9: changes role from  FOLLOWER to FOLLOWER at term 273 for recognizeCandidate:4a682f4f-c3f2-4b77-88b7-f0ab78890feb
2019-11-05 08:24:23,841 [grpc-default-executor-3] INFO  impl.RaftServerImpl (RaftServerImpl.java:setRole(184)) - 7e1b84a9-a041-44fd-8008-f2679426984c@group-0DB8C7688BF9: changes role from  FOLLOWER to FOLLOWER at term 273 for recognizeCandidate:4a682f4f-c3f2-4b77-88b7-f0ab78890feb
2019-11-05 08:24:23,842 [grpc-default-executor-3] INFO  impl.RoleInfo (RoleInfo.java:shutdownFollowerState(121)) - 7e1b84a9-a041-44fd-8008-f2679426984c: shutdown FollowerState
2019-11-05 08:24:23,841 [grpc-default-executor-4] INFO  impl.RoleInfo (RoleInfo.java:shutdownFollowerState(121)) - 77ab65e6-d942-49df-83a3-1d4c0bf152b3: shutdown FollowerState
2019-11-05 08:24:23,842 [Thread-3656] INFO  impl.FollowerState (FollowerState.java:run(117)) - 7e1b84a9-a041-44fd-8008-f2679426984c@group-0DB8C7688BF9-FollowerState was interrupted: java.lang.InterruptedException: sleep interrupted
2019-11-05 08:24:23,842 [grpc-default-executor-3] INFO  impl.RoleInfo (RoleInfo.java:updateAndGet(143)) - 7e1b84a9-a041-44fd-8008-f2679426984c: start FollowerState
2019-11-05 08:24:23,842 [Thread-3655] INFO  impl.FollowerState (FollowerState.java:run(117)) - 77ab65e6-d942-49df-83a3-1d4c0bf152b3@group-0DB8C7688BF9-FollowerState was interrupted: java.lang.InterruptedException: sleep interrupted
2019-11-05 08:24:23,842 [grpc-default-executor-4] INFO  impl.RoleInfo (RoleInfo.java:updateAndGet(143)) - 77ab65e6-d942-49df-83a3-1d4c0bf152b3: start FollowerState
2019-11-05 08:24:23,858 [4a682f4f-c3f2-4b77-88b7-f0ab78890feb@group-0DB8C7688BF9-LeaderElection497] INFO  impl.LeaderElection (LeaderElection.java:logAndReturn(56)) - 4a682f4f-c3f2-4b77-88b7-f0ab78890feb@group-0DB8C7688BF9-LeaderElection497: Election REJECTED; received 2 response(s) [4a682f4f-c3f2-4b77-88b7-f0ab78890feb<-77ab65e6-d942-49df-83a3-1d4c0bf152b3#0:FAIL-t273, 4a682f4f-c3f2-4b77-88b7-f0ab78890feb<-7e1b84a9-a041-44fd-8008-f2679426984c#0:FAIL-t273] and 0 exception(s); 4a682f4f-c3f2-4b77-88b7-f0ab78890feb@group-0DB8C7688BF9:t273, leader=null, voted=4a682f4f-c3f2-4b77-88b7-f0ab78890feb, raftlog=4a682f4f-c3f2-4b77-88b7-f0ab78890feb@group-0DB8C7688BF9-SegmentedRaftLog:OPENED:c-1,f-1,i0, conf=-1: [77ab65e6-d942-49df-83a3-1d4c0bf152b3:192.168.164.217:39381, 7e1b84a9-a041-44fd-8008-f2679426984c:192.168.164.217:44149, 4a682f4f-c3f2-4b77-88b7-f0ab78890feb:192.168.164.217:34174], old=null
2019-11-05 08:24:23,859 [4a682f4f-c3f2-4b77-88b7-f0ab78890feb@group-0DB8C7688BF9-LeaderElection497] INFO  impl.RaftServerImpl (RaftServerImpl.java:setRole(184)) - 4a682f4f-c3f2-4b77-88b7-f0ab78890feb@group-0DB8C7688BF9: changes role from CANDIDATE to FOLLOWER at term 273 for DISCOVERED_A_NEW_TERM
2019-11-05 08:24:23,859 [4a682f4f-c3f2-4b77-88b7-f0ab78890feb@group-0DB8C7688BF9-LeaderElection497] INFO  impl.RoleInfo (RoleInfo.java:shutdownLeaderElection(134)) - 4a682f4f-c3f2-4b77-88b7-f0ab78890feb: shutdown LeaderElection
2019-11-05 08:24:23,859 [4a682f4f-c3f2-4b77-88b7-f0ab78890feb@group-0DB8C7688BF9-LeaderElection497] INFO  impl.RoleInfo (RoleInfo.java:updateAndGet(143)) - 4a682f4f-c3f2-4b77-88b7-f0ab78890feb: start FollowerState
2019-11-05 08:24:23,885 [Thread-3664] INFO  impl.FollowerState (FollowerState.java:run(108)) - 4a682f4f-c3f2-4b77-88b7-f0ab78890feb@group-0DB8C7688BF9-FollowerState: change to CANDIDATE, lastRpcTime:26ms, electionTimeout:26ms
2019-11-05 08:24:23,886 [Thread-3664] INFO  impl.RoleInfo (RoleInfo.java:shutdownFollowerState(121)) - 4a682f4f-c3f2-4b77-88b7-f0ab78890feb: shutdown FollowerState
2019-11-05 08:24:23,886 [Thread-3664] INFO  impl.RaftServerImpl (RaftServerImpl.java:setRole(184)) - 4a682f4f-c3f2-4b77-88b7-f0ab78890feb@group-0DB8C7688BF9: changes role from  FOLLOWER to CANDIDATE at term 273 for changeToCandidate
2019-11-05 08:24:23,886 [Thread-3664] INFO  impl.RoleInfo (RoleInfo.java:updateAndGet(143)) - 4a682f4f-c3f2-4b77-88b7-f0ab78890feb: start LeaderElection
2019-11-05 08:24:23,899 [4a682f4f-c3f2-4b77-88b7-f0ab78890feb@group-0DB8C7688BF9-LeaderElection498] INFO  impl.LeaderElection (LeaderElection.java:askForVotes(178)) - 4a682f4f-c3f2-4b77-88b7-f0ab78890feb@group-0DB8C7688BF9-LeaderElection498: begin an election at term 274 for -1: [77ab65e6-d942-49df-83a3-1d4c0bf152b3:192.168.164.217:39381, 7e1b84a9-a041-44fd-8008-f2679426984c:192.168.164.217:44149, 4a682f4f-c3f2-4b77-88b7-f0ab78890feb:192.168.164.217:34174], old=null
2019-11-05 08:24:23,901 [grpc-default-executor-3] INFO  impl.RaftServerImpl (RaftServerImpl.java:setRole(184)) - 7e1b84a9-a041-44fd-8008-f2679426984c@group-0DB8C7688BF9: changes role from  FOLLOWER to FOLLOWER at term 274 for recognizeCandidate:4a682f4f-c3f2-4b77-88b7-f0ab78890feb
2019-11-05 08:24:23,901 [grpc-default-executor-4] INFO  impl.RaftServerImpl (RaftServerImpl.java:setRole(184)) - 77ab65e6-d942-49df-83a3-1d4c0bf152b3@group-0DB8C7688BF9: changes role from  FOLLOWER to FOLLOWER at term 274 for recognizeCandidate:4a682f4f-c3f2-4b77-88b7-f0ab78890feb
2019-11-05 08:24:23,901 [grpc-default-executor-4] INFO  impl.RoleInfo (RoleInfo.java:shutdownFollowerState(121)) - 77ab65e6-d942-49df-83a3-1d4c0bf152b3: shutdown FollowerState
2019-11-05 08:24:23,901 [grpc-default-executor-3] INFO  impl.RoleInfo (RoleInfo.java:shutdownFollowerState(121)) - 7e1b84a9-a041-44fd-8008-f2679426984c: shutdown FollowerState
2019-11-05 08:24:23,901 [Thread-3663] INFO  impl.FollowerState (FollowerState.java:run(117)) - 77ab65e6-d942-49df-83a3-1d4c0bf152b3@group-0DB8C7688BF9-FollowerState was interrupted: java.lang.InterruptedException: sleep interrupted
2019-11-05 08:24:23,901 [grpc-default-executor-4] INFO  impl.RoleInfo (RoleInfo.java:updateAndGet(143)) - 77ab65e6-d942-49df-83a3-1d4c0bf152b3: start FollowerState
2019-11-05 08:24:23,902 [Thread-3662] INFO  impl.FollowerState (FollowerState.java:run(117)) - 7e1b84a9-a041-44fd-8008-f2679426984c@group-0DB8C7688BF9-FollowerState was interrupted: java.lang.InterruptedException: sleep interrupted
2019-11-05 08:24:23,901 [grpc-default-executor-3] INFO  impl.RoleInfo (RoleInfo.java:updateAndGet(143)) - 7e1b84a9-a041-44fd-8008-f2679426984c: start FollowerState
2019-11-05 08:24:23,916 [4a682f4f-c3f2-4b77-88b7-f0ab78890feb@group-0DB8C7688BF9-LeaderElection498] INFO  impl.LeaderElection (LeaderElection.java:logAndReturn(56)) - 4a682f4f-c3f2-4b77-88b7-f0ab78890feb@group-0DB8C7688BF9-LeaderElection498: Election REJECTED; received 2 response(s) [4a682f4f-c3f2-4b77-88b7-f0ab78890feb<-77ab65e6-d942-49df-83a3-1d4c0bf152b3#0:FAIL-t274, 4a682f4f-c3f2-4b77-88b7-f0ab78890feb<-7e1b84a9-a041-44fd-8008-f2679426984c#0:FAIL-t274] and 0 exception(s); 4a682f4f-c3f2-4b77-88b7-f0ab78890feb@group-0DB8C7688BF9:t274, leader=null, voted=4a682f4f-c3f2-4b77-88b7-f0ab78890feb, raftlog=4a682f4f-c3f2-4b77-88b7-f0ab78890feb@group-0DB8C7688BF9-SegmentedRaftLog:OPENED:c-1,f-1,i0, conf=-1: [77ab65e6-d942-49df-83a3-1d4c0bf152b3:192.168.164.217:39381, 7e1b84a9-a041-44fd-8008-f2679426984c:192.168.164.217:44149, 4a682f4f-c3f2-4b77-88b7-f0ab78890feb:192.168.164.217:34174], old=null
2019-11-05 08:24:23,916 [4a682f4f-c3f2-4b77-88b7-f0ab78890feb@group-0DB8C7688BF9-LeaderElection498] INFO  impl.RaftServerImpl (RaftServerImpl.java:setRole(184)) - 4a682f4f-c3f2-4b77-88b7-f0ab78890feb@group-0DB8C7688BF9: changes role from CANDIDATE to FOLLOWER at term 274 for DISCOVERED_A_NEW_TERM
2019-11-05 08:24:23,916 [4a682f4f-c3f2-4b77-88b7-f0ab78890feb@group-0DB8C7688BF9-LeaderElection498] INFO  impl.RoleInfo (RoleInfo.java:shutdownLeaderElection(134)) - 4a682f4f-c3f2-4b77-88b7-f0ab78890feb: shutdown LeaderElection
2019-11-05 08:24:23,916 [4a682f4f-c3f2-4b77-88b7-f0ab78890feb@group-0DB8C7688BF9-LeaderElection498] INFO  impl.RoleInfo (RoleInfo.java:updateAndGet(143)) - 4a682f4f-c3f2-4b77-88b7-f0ab78890feb: start FollowerState
2019-11-05 08:24:24,090 [Thread-3670] INFO  impl.FollowerState (FollowerState.java:run(108)) - 4a682f4f-c3f2-4b77-88b7-f0ab78890feb@group-0DB8C7688BF9-FollowerState: change to CANDIDATE, lastRpcTime:174ms, electionTimeout:174ms
2019-11-05 08:24:24,091 [Thread-3670] INFO  impl.RoleInfo (RoleInfo.java:shutdownFollowerState(121)) - 4a682f4f-c3f2-4b77-88b7-f0ab78890feb: shutdown FollowerState
2019-11-05 08:24:24,091 [Thread-3670] INFO  impl.RaftServerImpl (RaftServerImpl.java:setRole(184)) - 4a682f4f-c3f2-4b77-88b7-f0ab78890feb@group-0DB8C7688BF9: changes role from  FOLLOWER to CANDIDATE at term 274 for changeToCandidate
2019-11-05 08:24:24,091 [Thread-3670] INFO  impl.RoleInfo (RoleInfo.java:updateAndGet(143)) - 4a682f4f-c3f2-4b77-88b7-f0ab78890feb: start LeaderElection
2019-11-05 08:24:24,104 [4a682f4f-c3f2-4b77-88b7-f0ab78890feb@group-0DB8C7688BF9-LeaderElection499] INFO  impl.LeaderElection (LeaderElection.java:askForVotes(178)) - 4a682f4f-c3f2-4b77-88b7-f0ab78890feb@group-0DB8C7688BF9-LeaderElection499: begin an election at term 275 for -1: [77ab65e6-d942-49df-83a3-1d4c0bf152b3:192.168.164.217:39381, 7e1b84a9-a041-44fd-8008-f2679426984c:192.168.164.217:44149, 4a682f4f-c3f2-4b77-88b7-f0ab78890feb:192.168.164.217:34174], old=null
2019-11-05 08:24:24,106 [grpc-default-executor-4] INFO  impl.RaftServerImpl (RaftServerImpl.java:setRole(184)) - 7e1b84a9-a041-44fd-8008-f2679426984c@group-0DB8C7688BF9: changes role from  FOLLOWER to FOLLOWER at term 275 for recognizeCandidate:4a682f4f-c3f2-4b77-88b7-f0ab78890feb
2019-11-05 08:24:24,106 [grpc-default-executor-3] INFO  impl.RaftServerImpl (RaftServerImpl.java:setRole(184)) - 77ab65e6-d942-49df-83a3-1d4c0bf152b3@group-0DB8C7688BF9: changes role from  FOLLOWER to FOLLOWER at term 275 for recognizeCandidate:4a682f4f-c3f2-4b77-88b7-f0ab78890feb
2019-11-05 08:24:24,106 [grpc-default-executor-4] INFO  impl.RoleInfo (RoleInfo.java:shutdownFollowerState(121)) - 7e1b84a9-a041-44fd-8008-f2679426984c: shutdown FollowerState
2019-11-05 08:24:24,106 [grpc-default-executor-3] INFO  impl.RoleInfo (RoleInfo.java:shutdownFollowerState(121)) - 77ab65e6-d942-49df-83a3-1d4c0bf152b3: shutdown FollowerState
2019-11-05 08:24:24,107 [Thread-3669] INFO  impl.FollowerState (FollowerState.java:run(117)) - 7e1b84a9-a041-44fd-8008-f2679426984c@group-0DB8C7688BF9-FollowerState was interrupted: java.lang.InterruptedException: sleep interrupted
2019-11-05 08:24:24,107 [grpc-default-executor-4] INFO  impl.RoleInfo (RoleInfo.java:updateAndGet(143)) - 7e1b84a9-a041-44fd-8008-f2679426984c: start FollowerState
2019-11-05 08:24:24,107 [Thread-3668] INFO  impl.FollowerState (FollowerState.java:run(117)) - 77ab65e6-d942-49df-83a3-1d4c0bf152b3@group-0DB8C7688BF9-FollowerState was interrupted: java.lang.InterruptedException: sleep interrupted
2019-11-05 08:24:24,107 [grpc-default-executor-3] INFO  impl.RoleInfo (RoleInfo.java:updateAndGet(143)) - 77ab65e6-d942-49df-83a3-1d4c0bf152b3: start FollowerState
2019-11-05 08:24:24,120 [4a682f4f-c3f2-4b77-88b7-f0ab78890feb@group-0DB8C7688BF9-LeaderElection499] INFO  impl.LeaderElection (LeaderElection.java:logAndReturn(56)) - 4a682f4f-c3f2-4b77-88b7-f0ab78890feb@group-0DB8C7688BF9-LeaderElection499: Election REJECTED; received 2 response(s) [4a682f4f-c3f2-4b77-88b7-f0ab78890feb<-77ab65e6-d942-49df-83a3-1d4c0bf152b3#0:FAIL-t275, 4a682f4f-c3f2-4b77-88b7-f0ab78890feb<-7e1b84a9-a041-44fd-8008-f2679426984c#0:FAIL-t275] and 0 exception(s); 4a682f4f-c3f2-4b77-88b7-f0ab78890feb@group-0DB8C7688BF9:t275, leader=null, voted=4a682f4f-c3f2-4b77-88b7-f0ab78890feb, raftlog=4a682f4f-c3f2-4b77-88b7-f0ab78890feb@group-0DB8C7688BF9-SegmentedRaftLog:OPENED:c-1,f-1,i0, conf=-1: [77ab65e6-d942-49df-83a3-1d4c0bf152b3:192.168.164.217:39381, 7e1b84a9-a041-44fd-8008-f2679426984c:192.168.164.217:44149, 4a682f4f-c3f2-4b77-88b7-f0ab78890feb:192.168.164.217:34174], old=null
2019-11-05 08:24:24,121 [4a682f4f-c3f2-4b77-88b7-f0ab78890feb@group-0DB8C7688BF9-LeaderElection499] INFO  impl.RaftServerImpl (RaftServerImpl.java:setRole(184)) - 4a682f4f-c3f2-4b77-88b7-f0ab78890feb@group-0DB8C7688BF9: changes role from CANDIDATE to FOLLOWER at term 275 for DISCOVERED_A_NEW_TERM
2019-11-05 08:24:24,121 [4a682f4f-c3f2-4b77-88b7-f0ab78890feb@group-0DB8C7688BF9-LeaderElection499] INFO  impl.RoleInfo (RoleInfo.java:shutdownLeaderElection(134)) - 4a682f4f-c3f2-4b77-88b7-f0ab78890feb: shutdown LeaderElection
2019-11-05 08:24:24,121 [4a682f4f-c3f2-4b77-88b7-f0ab78890feb@group-0DB8C7688BF9-LeaderElection499] INFO  impl.RoleInfo (RoleInfo.java:updateAndGet(143)) - 4a682f4f-c3f2-4b77-88b7-f0ab78890feb: start FollowerState
2019-11-05 08:24:24,250 [java.util.concurrent.ThreadPoolExecutor$Worker@4893213[State = -1, empty queue]] WARN  server.GrpcLogAppender (GrpcLogAppender.java:timeoutAppendRequest(209)) - 6189f8a4-91dd-451f-abcb-72b2dcd73465@group-9D53872EEF85->fe5257f1-588f-41af-bf70-1c04126c8968-GrpcLogAppender: appendEntries Timeout, request=6189f8a4-91dd-451f-abcb-72b2dcd73465->fe5257f1-588f-41af-bf70-1c04126c8968#84-t4, previous=(t:4, i:20), leaderCommit=20, initializing? false, entries: <empty>
2019-11-05 08:24:24,282 [Thread-3676] INFO  impl.FollowerState (FollowerState.java:run(108)) - 4a682f4f-c3f2-4b77-88b7-f0ab78890feb@group-0DB8C7688BF9-FollowerState: change to CANDIDATE, lastRpcTime:161ms, electionTimeout:161ms
2019-11-05 08:24:24,282 [Thread-3676] INFO  impl.RoleInfo (RoleInfo.java:shutdownFollowerState(121)) - 4a682f4f-c3f2-4b77-88b7-f0ab78890feb: shutdown FollowerState
2019-11-05 08:24:24,283 [Thread-3676] INFO  impl.RaftServerImpl (RaftServerImpl.java:setRole(184)) - 4a682f4f-c3f2-4b77-88b7-f0ab78890feb@group-0DB8C7688BF9: changes role from  FOLLOWER to CANDIDATE at term 275 for changeToCandidate
2019-11-05 08:24:24,283 [Thread-3676] INFO  impl.RoleInfo (RoleInfo.java:updateAndGet(143)) - 4a682f4f-c3f2-4b77-88b7-f0ab78890feb: start LeaderElection
2019-11-05 08:24:24,296 [4a682f4f-c3f2-4b77-88b7-f0ab78890feb@group-0DB8C7688BF9-LeaderElection500] INFO  impl.LeaderElection (LeaderElection.java:askForVotes(178)) - 4a682f4f-c3f2-4b77-88b7-f0ab78890feb@group-0DB8C7688BF9-LeaderElection500: begin an election at term 276 for -1: [77ab65e6-d942-49df-83a3-1d4c0bf152b3:192.168.164.217:39381, 7e1b84a9-a041-44fd-8008-f2679426984c:192.168.164.217:44149, 4a682f4f-c3f2-4b77-88b7-f0ab78890feb:192.168.164.217:34174], old=null
2019-11-05 08:24:24,297 [grpc-default-executor-3] INFO  impl.RaftServerImpl (RaftServerImpl.java:setRole(184)) - 77ab65e6-d942-49df-83a3-1d4c0bf152b3@group-0DB8C7688BF9: changes role from  FOLLOWER to FOLLOWER at term 276 for recognizeCandidate:4a682f4f-c3f2-4b77-88b7-f0ab78890feb
2019-11-05 08:24:24,297 [grpc-default-executor-3] INFO  impl.RoleInfo (RoleInfo.java:shutdownFollowerState(121)) - 77ab65e6-d942-49df-83a3-1d4c0bf152b3: shutdown FollowerState
2019-11-05 08:24:24,298 [grpc-default-executor-4] INFO  impl.RaftServerImpl (RaftServerImpl.java:setRole(184)) - 7e1b84a9-a041-44fd-8008-f2679426984c@group-0DB8C7688BF9: changes role from  FOLLOWER to FOLLOWER at term 276 for recognizeCandidate:4a682f4f-c3f2-4b77-88b7-f0ab78890feb
2019-11-05 08:24:24,298 [grpc-default-executor-4] INFO  impl.RoleInfo (RoleInfo.java:shutdownFollowerState(121)) - 7e1b84a9-a041-44fd-8008-f2679426984c: shutdown FollowerState
2019-11-05 08:24:24,299 [ForkJoinPool.commonPool-worker-0] INFO  ozoneimpl.OzoneContainer (OzoneContainer.java:stop(227)) - Attempting to stop container services.
2019-11-05 08:24:24,301 [Thread-3674] INFO  impl.FollowerState (FollowerState.java:run(117)) - 7e1b84a9-a041-44fd-8008-f2679426984c@group-0DB8C7688BF9-FollowerState was interrupted: java.lang.InterruptedException: sleep interrupted
2019-11-05 08:24:24,301 [Thread-3675] INFO  impl.FollowerState (FollowerState.java:run(117)) - 77ab65e6-d942-49df-83a3-1d4c0bf152b3@group-0DB8C7688BF9-FollowerState was interrupted: java.lang.InterruptedException: sleep interrupted
2019-11-05 08:24:24,301 [grpc-default-executor-4] INFO  impl.RoleInfo (RoleInfo.java:updateAndGet(143)) - 7e1b84a9-a041-44fd-8008-f2679426984c: start FollowerState
2019-11-05 08:24:24,301 [grpc-default-executor-3] INFO  impl.RoleInfo (RoleInfo.java:updateAndGet(143)) - 77ab65e6-d942-49df-83a3-1d4c0bf152b3: start FollowerState
2019-11-05 08:24:24,301 [ForkJoinPool.commonPool-worker-0] INFO  impl.RaftServerProxy (RaftServerProxy.java:lambda$close$4(314)) - b3bb9051-8089-4c51-a999-81579e5913f2: close
2019-11-05 08:24:24,302 [ForkJoinPool.commonPool-worker-0] INFO  impl.RaftServerImpl (RaftServerImpl.java:lambda$shutdown$3(261)) - b3bb9051-8089-4c51-a999-81579e5913f2@group-7007C91C52DE: shutdown
2019-11-05 08:24:24,302 [ForkJoinPool.commonPool-worker-0] INFO  util.JmxRegister (JmxRegister.java:unregister(73)) - Successfully un-registered JMX Bean with object name Ratis:service=RaftServer,group=group-7007C91C52DE,id=b3bb9051-8089-4c51-a999-81579e5913f2
2019-11-05 08:24:24,303 [ForkJoinPool.commonPool-worker-0] INFO  impl.RoleInfo (RoleInfo.java:shutdownLeaderState(104)) - b3bb9051-8089-4c51-a999-81579e5913f2: shutdown LeaderState
2019-11-05 08:24:24,303 [ForkJoinPool.commonPool-worker-0] INFO  impl.PendingRequests (PendingRequests.java:sendNotLeaderResponses(202)) - b3bb9051-8089-4c51-a999-81579e5913f2@group-7007C91C52DE-PendingRequests: sendNotLeaderResponses
2019-11-05 08:24:24,304 [ForkJoinPool.commonPool-worker-0] INFO  impl.StateMachineUpdater (StateMachineUpdater.java:stopAndJoin(136)) - b3bb9051-8089-4c51-a999-81579e5913f2@group-7007C91C52DE-StateMachineUpdater: set stopIndex = 0
2019-11-05 08:24:24,304 [ForkJoinPool.commonPool-worker-0] INFO  impl.RaftServerImpl (ServerState.java:close(388)) - b3bb9051-8089-4c51-a999-81579e5913f2@group-7007C91C52DE: closes. applyIndex: 0
2019-11-05 08:24:24,305 [b3bb9051-8089-4c51-a999-81579e5913f2@group-7007C91C52DE-SegmentedRaftLogWorker] INFO  segmented.SegmentedRaftLogWorker (SegmentedRaftLogWorker.java:run(316)) - b3bb9051-8089-4c51-a999-81579e5913f2@group-7007C91C52DE-SegmentedRaftLogWorker was interrupted, exiting. There are 0 tasks remaining in the queue.
2019-11-05 08:24:24,308 [ForkJoinPool.commonPool-worker-0] INFO  segmented.SegmentedRaftLogWorker (SegmentedRaftLogWorker.java:close(224)) - b3bb9051-8089-4c51-a999-81579e5913f2@group-7007C91C52DE-SegmentedRaftLogWorker close()
2019-11-05 08:24:24,311 [ForkJoinPool.commonPool-worker-0] INFO  impl.RaftServerImpl (RaftServerImpl.java:lambda$shutdown$3(261)) - b3bb9051-8089-4c51-a999-81579e5913f2@group-0E159EE4F99E: shutdown
2019-11-05 08:24:24,311 [ForkJoinPool.commonPool-worker-0] INFO  util.JmxRegister (JmxRegister.java:unregister(73)) - Successfully un-registered JMX Bean with object name Ratis:service=RaftServer,group=group-0E159EE4F99E,id=b3bb9051-8089-4c51-a999-81579e5913f2
2019-11-05 08:24:24,311 [ForkJoinPool.commonPool-worker-0] INFO  impl.RoleInfo (RoleInfo.java:shutdownFollowerState(121)) - b3bb9051-8089-4c51-a999-81579e5913f2: shutdown FollowerState
2019-11-05 08:24:24,312 [ForkJoinPool.commonPool-worker-0] INFO  impl.StateMachineUpdater (StateMachineUpdater.java:stopAndJoin(136)) - b3bb9051-8089-4c51-a999-81579e5913f2@group-0E159EE4F99E-StateMachineUpdater: set stopIndex = -1
2019-11-05 08:24:24,312 [Thread-3631] INFO  impl.FollowerState (FollowerState.java:run(117)) - b3bb9051-8089-4c51-a999-81579e5913f2@group-0E159EE4F99E-FollowerState was interrupted: java.lang.InterruptedException: sleep interrupted
2019-11-05 08:24:24,312 [ForkJoinPool.commonPool-worker-0] INFO  impl.RaftServerImpl (ServerState.java:close(388)) - b3bb9051-8089-4c51-a999-81579e5913f2@group-0E159EE4F99E: closes. applyIndex: -1
2019-11-05 08:24:24,312 [b3bb9051-8089-4c51-a999-81579e5913f2@group-0E159EE4F99E-SegmentedRaftLogWorker] INFO  segmented.SegmentedRaftLogWorker (SegmentedRaftLogWorker.java:run(316)) - b3bb9051-8089-4c51-a999-81579e5913f2@group-0E159EE4F99E-SegmentedRaftLogWorker was interrupted, exiting. There are 0 tasks remaining in the queue.
2019-11-05 08:24:24,314 [ForkJoinPool.commonPool-worker-0] INFO  segmented.SegmentedRaftLogWorker (SegmentedRaftLogWorker.java:close(224)) - b3bb9051-8089-4c51-a999-81579e5913f2@group-0E159EE4F99E-SegmentedRaftLogWorker close()
2019-11-05 08:24:24,317 [ForkJoinPool.commonPool-worker-0] INFO  server.GrpcService (GrpcService.java:closeImpl(164)) - b3bb9051-8089-4c51-a999-81579e5913f2: shutdown server with port 36516 now
2019-11-05 08:24:24,319 [4a682f4f-c3f2-4b77-88b7-f0ab78890feb@group-0DB8C7688BF9-LeaderElection500] INFO  impl.LeaderElection (LeaderElection.java:logAndReturn(56)) - 4a682f4f-c3f2-4b77-88b7-f0ab78890feb@group-0DB8C7688BF9-LeaderElection500: Election REJECTED; received 2 response(s) [4a682f4f-c3f2-4b77-88b7-f0ab78890feb<-77ab65e6-d942-49df-83a3-1d4c0bf152b3#0:FAIL-t276, 4a682f4f-c3f2-4b77-88b7-f0ab78890feb<-7e1b84a9-a041-44fd-8008-f2679426984c#0:FAIL-t276] and 0 exception(s); 4a682f4f-c3f2-4b77-88b7-f0ab78890feb@group-0DB8C7688BF9:t276, leader=null, voted=4a682f4f-c3f2-4b77-88b7-f0ab78890feb, raftlog=4a682f4f-c3f2-4b77-88b7-f0ab78890feb@group-0DB8C7688BF9-SegmentedRaftLog:OPENED:c-1,f-1,i0, conf=-1: [77ab65e6-d942-49df-83a3-1d4c0bf152b3:192.168.164.217:39381, 7e1b84a9-a041-44fd-8008-f2679426984c:192.168.164.217:44149, 4a682f4f-c3f2-4b77-88b7-f0ab78890feb:192.168.164.217:34174], old=null
2019-11-05 08:24:24,319 [4a682f4f-c3f2-4b77-88b7-f0ab78890feb@group-0DB8C7688BF9-LeaderElection500] INFO  impl.RaftServerImpl (RaftServerImpl.java:setRole(184)) - 4a682f4f-c3f2-4b77-88b7-f0ab78890feb@group-0DB8C7688BF9: changes role from CANDIDATE to FOLLOWER at term 276 for DISCOVERED_A_NEW_TERM
2019-11-05 08:24:24,319 [4a682f4f-c3f2-4b77-88b7-f0ab78890feb@group-0DB8C7688BF9-LeaderElection500] INFO  impl.RoleInfo (RoleInfo.java:shutdownLeaderElection(134)) - 4a682f4f-c3f2-4b77-88b7-f0ab78890feb: shutdown LeaderElection
2019-11-05 08:24:24,319 [4a682f4f-c3f2-4b77-88b7-f0ab78890feb@group-0DB8C7688BF9-LeaderElection500] INFO  impl.RoleInfo (RoleInfo.java:updateAndGet(143)) - 4a682f4f-c3f2-4b77-88b7-f0ab78890feb: start FollowerState
2019-11-05 08:24:24,321 [ForkJoinPool.commonPool-worker-0] INFO  server.GrpcService (GrpcService.java:closeImpl(172)) - b3bb9051-8089-4c51-a999-81579e5913f2: shutdown server with port 36516 successfully
2019-11-05 08:24:24,327 [refreshUsed-/workdir/hadoop-ozone/integration-test/target/test-dir/MiniOzoneClusterImpl-0ddfd79e-5774-4abb-9b8b-55ac0c17dbc1/datanode-4/data/containers] WARN  fs.CachingGetSpaceUsed (CachingGetSpaceUsed.java:run(183)) - Thread Interrupted waiting to refresh disk information: sleep interrupted
2019-11-05 08:24:24,331 [main] INFO  ozoneimpl.OzoneContainer (OzoneContainer.java:stop(227)) - Attempting to stop container services.
2019-11-05 08:24:24,332 [main] INFO  impl.RaftServerProxy (RaftServerProxy.java:lambda$close$4(314)) - c3e88256-f771-43b4-b3fb-c682fc5ee06f: close
2019-11-05 08:24:24,332 [main] INFO  impl.RaftServerImpl (RaftServerImpl.java:lambda$shutdown$3(261)) - c3e88256-f771-43b4-b3fb-c682fc5ee06f@group-1DA5BBF3F5F9: shutdown
2019-11-05 08:24:24,333 [main] INFO  util.JmxRegister (JmxRegister.java:unregister(73)) - Successfully un-registered JMX Bean with object name Ratis:service=RaftServer,group=group-1DA5BBF3F5F9,id=c3e88256-f771-43b4-b3fb-c682fc5ee06f
2019-11-05 08:24:24,333 [main] INFO  impl.RoleInfo (RoleInfo.java:shutdownLeaderState(104)) - c3e88256-f771-43b4-b3fb-c682fc5ee06f: shutdown LeaderState
2019-11-05 08:24:24,333 [main] INFO  impl.PendingRequests (PendingRequests.java:sendNotLeaderResponses(202)) - c3e88256-f771-43b4-b3fb-c682fc5ee06f@group-1DA5BBF3F5F9-PendingRequests: sendNotLeaderResponses
2019-11-05 08:24:24,334 [main] INFO  impl.StateMachineUpdater (StateMachineUpdater.java:stopAndJoin(136)) - c3e88256-f771-43b4-b3fb-c682fc5ee06f@group-1DA5BBF3F5F9-StateMachineUpdater: set stopIndex = 0
2019-11-05 08:24:24,334 [main] INFO  impl.RaftServerImpl (ServerState.java:close(388)) - c3e88256-f771-43b4-b3fb-c682fc5ee06f@group-1DA5BBF3F5F9: closes. applyIndex: 0
2019-11-05 08:24:24,335 [c3e88256-f771-43b4-b3fb-c682fc5ee06f@group-1DA5BBF3F5F9-SegmentedRaftLogWorker] INFO  segmented.SegmentedRaftLogWorker (SegmentedRaftLogWorker.java:run(316)) - c3e88256-f771-43b4-b3fb-c682fc5ee06f@group-1DA5BBF3F5F9-SegmentedRaftLogWorker was interrupted, exiting. There are 0 tasks remaining in the queue.
2019-11-05 08:24:24,336 [main] INFO  segmented.SegmentedRaftLogWorker (SegmentedRaftLogWorker.java:close(224)) - c3e88256-f771-43b4-b3fb-c682fc5ee06f@group-1DA5BBF3F5F9-SegmentedRaftLogWorker close()
2019-11-05 08:24:24,338 [main] INFO  impl.RaftServerImpl (RaftServerImpl.java:lambda$shutdown$3(261)) - c3e88256-f771-43b4-b3fb-c682fc5ee06f@group-9D53872EEF85: shutdown
2019-11-05 08:24:24,338 [main] INFO  util.JmxRegister (JmxRegister.java:unregister(73)) - Successfully un-registered JMX Bean with object name Ratis:service=RaftServer,group=group-9D53872EEF85,id=c3e88256-f771-43b4-b3fb-c682fc5ee06f
2019-11-05 08:24:24,338 [main] INFO  impl.RoleInfo (RoleInfo.java:shutdownFollowerState(121)) - c3e88256-f771-43b4-b3fb-c682fc5ee06f: shutdown FollowerState
2019-11-05 08:24:24,339 [main] INFO  impl.StateMachineUpdater (StateMachineUpdater.java:stopAndJoin(136)) - c3e88256-f771-43b4-b3fb-c682fc5ee06f@group-9D53872EEF85-StateMachineUpdater: set stopIndex = 20
2019-11-05 08:24:24,339 [c3e88256-f771-43b4-b3fb-c682fc5ee06f@group-9D53872EEF85-StateMachineUpdater] INFO  ratis.ContainerStateMachine (ContainerStateMachine.java:takeSnapshot(294)) - group-9D53872EEF85: Taking a snapshot at:(t:4, i:18) file /workdir/hadoop-ozone/integration-test/target/test-dir/MiniOzoneClusterImpl-0ddfd79e-5774-4abb-9b8b-55ac0c17dbc1/datanode-8/data/ratis/f7f0e17c-da69-4896-85e5-9d53872eef85/sm/snapshot.4_18
2019-11-05 08:24:24,339 [Thread-393] INFO  impl.FollowerState (FollowerState.java:run(117)) - c3e88256-f771-43b4-b3fb-c682fc5ee06f@group-9D53872EEF85-FollowerState was interrupted: java.lang.InterruptedException: sleep interrupted
2019-11-05 08:24:24,343 [Thread-3683] INFO  impl.FollowerState (FollowerState.java:run(108)) - 4a682f4f-c3f2-4b77-88b7-f0ab78890feb@group-0DB8C7688BF9-FollowerState: change to CANDIDATE, lastRpcTime:23ms, electionTimeout:22ms
2019-11-05 08:24:24,343 [Thread-3683] INFO  impl.RoleInfo (RoleInfo.java:shutdownFollowerState(121)) - 4a682f4f-c3f2-4b77-88b7-f0ab78890feb: shutdown FollowerState
2019-11-05 08:24:24,343 [Thread-3683] INFO  impl.RaftServerImpl (RaftServerImpl.java:setRole(184)) - 4a682f4f-c3f2-4b77-88b7-f0ab78890feb@group-0DB8C7688BF9: changes role from  FOLLOWER to CANDIDATE at term 276 for changeToCandidate
2019-11-05 08:24:24,343 [Thread-3683] INFO  impl.RoleInfo (RoleInfo.java:updateAndGet(143)) - 4a682f4f-c3f2-4b77-88b7-f0ab78890feb: start LeaderElection
2019-11-05 08:24:24,346 [ForkJoinPool.commonPool-worker-0] INFO  utils.BackgroundService (BackgroundService.java:shutdown(151)) - Shutting down service BlockDeletingService
2019-11-05 08:24:24,349 [ForkJoinPool.commonPool-worker-0] INFO  statemachine.DatanodeStateMachine (DatanodeStateMachine.java:stopDaemon(395)) - Ozone container server stopped.
2019-11-05 08:24:24,353 [c3e88256-f771-43b4-b3fb-c682fc5ee06f@group-9D53872EEF85-StateMachineUpdater] INFO  ratis.ContainerStateMachine (ContainerStateMachine.java:takeSnapshot(305)) - group-9D53872EEF85: Finished taking a snapshot at:(t:4, i:18) file:/workdir/hadoop-ozone/integration-test/target/test-dir/MiniOzoneClusterImpl-0ddfd79e-5774-4abb-9b8b-55ac0c17dbc1/datanode-8/data/ratis/f7f0e17c-da69-4896-85e5-9d53872eef85/sm/snapshot.4_18 time:14
2019-11-05 08:24:24,353 [4a682f4f-c3f2-4b77-88b7-f0ab78890feb@group-0DB8C7688BF9-LeaderElection501] INFO  impl.LeaderElection (LeaderElection.java:askForVotes(178)) - 4a682f4f-c3f2-4b77-88b7-f0ab78890feb@group-0DB8C7688BF9-LeaderElection501: begin an election at term 277 for -1: [77ab65e6-d942-49df-83a3-1d4c0bf152b3:192.168.164.217:39381, 7e1b84a9-a041-44fd-8008-f2679426984c:192.168.164.217:44149, 4a682f4f-c3f2-4b77-88b7-f0ab78890feb:192.168.164.217:34174], old=null
2019-11-05 08:24:24,353 [ForkJoinPool.commonPool-worker-0] INFO  handler.ContextHandler (ContextHandler.java:doStop(910)) - Stopped o.e.j.w.WebAppContext@6b350309{/,null,UNAVAILABLE}{/hddsDatanode}
2019-11-05 08:24:24,353 [c3e88256-f771-43b4-b3fb-c682fc5ee06f@group-9D53872EEF85-StateMachineUpdater] INFO  impl.StateMachineUpdater (StateMachineUpdater.java:takeSnapshot(269)) - c3e88256-f771-43b4-b3fb-c682fc5ee06f@group-9D53872EEF85-StateMachineUpdater: Took a snapshot at index 18
2019-11-05 08:24:24,353 [c3e88256-f771-43b4-b3fb-c682fc5ee06f@group-9D53872EEF85-StateMachineUpdater] INFO  impl.StateMachineUpdater (StateMachineUpdater.java:lambda$new$0(84)) - c3e88256-f771-43b4-b3fb-c682fc5ee06f@group-9D53872EEF85-StateMachineUpdater: snapshotIndex: updateIncreasingly -1 -> 18
2019-11-05 08:24:24,354 [c3e88256-f771-43b4-b3fb-c682fc5ee06f@group-9D53872EEF85-StateMachineUpdater] INFO  ratis.ContainerStateMachine (ContainerStateMachine.java:takeSnapshot(294)) - group-9D53872EEF85: Taking a snapshot at:(t:4, i:18) file /workdir/hadoop-ozone/integration-test/target/test-dir/MiniOzoneClusterImpl-0ddfd79e-5774-4abb-9b8b-55ac0c17dbc1/datanode-8/data/ratis/f7f0e17c-da69-4896-85e5-9d53872eef85/sm/snapshot.4_18
2019-11-05 08:24:24,354 [ForkJoinPool.commonPool-worker-0] INFO  server.AbstractConnector (AbstractConnector.java:doStop(318)) - Stopped ServerConnector@7ecec90d{HTTP/1.1,[http/1.1]}{0.0.0.0:0}
2019-11-05 08:24:24,354 [grpc-default-executor-4] INFO  impl.RaftServerImpl (RaftServerImpl.java:setRole(184)) - 7e1b84a9-a041-44fd-8008-f2679426984c@group-0DB8C7688BF9: changes role from  FOLLOWER to FOLLOWER at term 277 for recognizeCandidate:4a682f4f-c3f2-4b77-88b7-f0ab78890feb
2019-11-05 08:24:24,354 [grpc-default-executor-3] INFO  impl.RaftServerImpl (RaftServerImpl.java:setRole(184)) - 77ab65e6-d942-49df-83a3-1d4c0bf152b3@group-0DB8C7688BF9: changes role from  FOLLOWER to FOLLOWER at term 277 for recognizeCandidate:4a682f4f-c3f2-4b77-88b7-f0ab78890feb
2019-11-05 08:24:24,355 [ForkJoinPool.commonPool-worker-0] INFO  handler.ContextHandler (ContextHandler.java:doStop(910)) - Stopped o.e.j.s.ServletContextHandler@7100dea{/static,jar:file:/home/user/.m2/repository/org/apache/hadoop/hadoop-hdds-container-service/0.5.0-SNAPSHOT/hadoop-hdds-container-service-0.5.0-SNAPSHOT.jar!/webapps/static,UNAVAILABLE}
2019-11-05 08:24:24,355 [grpc-default-executor-4] INFO  impl.RoleInfo (RoleInfo.java:shutdownFollowerState(121)) - 7e1b84a9-a041-44fd-8008-f2679426984c: shutdown FollowerState
2019-11-05 08:24:24,355 [grpc-default-executor-3] INFO  impl.RoleInfo (RoleInfo.java:shutdownFollowerState(121)) - 77ab65e6-d942-49df-83a3-1d4c0bf152b3: shutdown FollowerState
2019-11-05 08:24:24,356 [ForkJoinPool.commonPool-worker-0] INFO  handler.ContextHandler (ContextHandler.java:doStop(910)) - Stopped o.e.j.s.ServletContextHandler@4d21c56e{/logs,file:///workdir/hadoop-ozone/integration-test/target/log,UNAVAILABLE}
2019-11-05 08:24:24,356 [Thread-3681] INFO  impl.FollowerState (FollowerState.java:run(117)) - 7e1b84a9-a041-44fd-8008-f2679426984c@group-0DB8C7688BF9-FollowerState was interrupted: java.lang.InterruptedException: sleep interrupted
2019-11-05 08:24:24,356 [grpc-default-executor-4] INFO  impl.RoleInfo (RoleInfo.java:updateAndGet(143)) - 7e1b84a9-a041-44fd-8008-f2679426984c: start FollowerState
2019-11-05 08:24:24,356 [Thread-3682] INFO  impl.FollowerState (FollowerState.java:run(117)) - 77ab65e6-d942-49df-83a3-1d4c0bf152b3@group-0DB8C7688BF9-FollowerState was interrupted: java.lang.InterruptedException: sleep interrupted
2019-11-05 08:24:24,356 [grpc-default-executor-3] INFO  impl.RoleInfo (RoleInfo.java:updateAndGet(143)) - 77ab65e6-d942-49df-83a3-1d4c0bf152b3: start FollowerState
2019-11-05 08:24:24,370 [c3e88256-f771-43b4-b3fb-c682fc5ee06f@group-9D53872EEF85-StateMachineUpdater] INFO  ratis.ContainerStateMachine (ContainerStateMachine.java:takeSnapshot(305)) - group-9D53872EEF85: Finished taking a snapshot at:(t:4, i:18) file:/workdir/hadoop-ozone/integration-test/target/test-dir/MiniOzoneClusterImpl-0ddfd79e-5774-4abb-9b8b-55ac0c17dbc1/datanode-8/data/ratis/f7f0e17c-da69-4896-85e5-9d53872eef85/sm/snapshot.4_18 time:17
2019-11-05 08:24:24,371 [c3e88256-f771-43b4-b3fb-c682fc5ee06f@group-9D53872EEF85-StateMachineUpdater] INFO  impl.StateMachineUpdater (StateMachineUpdater.java:takeSnapshot(269)) - c3e88256-f771-43b4-b3fb-c682fc5ee06f@group-9D53872EEF85-StateMachineUpdater: Took a snapshot at index 18
2019-11-05 08:24:24,371 [c3e88256-f771-43b4-b3fb-c682fc5ee06f@group-9D53872EEF85-StateMachineUpdater] INFO  impl.StateMachineUpdater (StateMachineUpdater.java:lambda$new$0(84)) - c3e88256-f771-43b4-b3fb-c682fc5ee06f@group-9D53872EEF85-StateMachineUpdater: snapshotIndex: updateIncreasingly 18 -> 18
2019-11-05 08:24:24,371 [4a682f4f-c3f2-4b77-88b7-f0ab78890feb@group-0DB8C7688BF9-LeaderElection501] INFO  impl.LeaderElection (LeaderElection.java:logAndReturn(56)) - 4a682f4f-c3f2-4b77-88b7-f0ab78890feb@group-0DB8C7688BF9-LeaderElection501: Election REJECTED; received 2 response(s) [4a682f4f-c3f2-4b77-88b7-f0ab78890feb<-77ab65e6-d942-49df-83a3-1d4c0bf152b3#0:FAIL-t277, 4a682f4f-c3f2-4b77-88b7-f0ab78890feb<-7e1b84a9-a041-44fd-8008-f2679426984c#0:FAIL-t277] and 0 exception(s); 4a682f4f-c3f2-4b77-88b7-f0ab78890feb@group-0DB8C7688BF9:t277, leader=null, voted=4a682f4f-c3f2-4b77-88b7-f0ab78890feb, raftlog=4a682f4f-c3f2-4b77-88b7-f0ab78890feb@group-0DB8C7688BF9-SegmentedRaftLog:OPENED:c-1,f-1,i0, conf=-1: [77ab65e6-d942-49df-83a3-1d4c0bf152b3:192.168.164.217:39381, 7e1b84a9-a041-44fd-8008-f2679426984c:192.168.164.217:44149, 4a682f4f-c3f2-4b77-88b7-f0ab78890feb:192.168.164.217:34174], old=null
2019-11-05 08:24:24,371 [main] INFO  impl.RaftServerImpl (ServerState.java:close(388)) - c3e88256-f771-43b4-b3fb-c682fc5ee06f@group-9D53872EEF85: closes. applyIndex: 20
2019-11-05 08:24:24,371 [4a682f4f-c3f2-4b77-88b7-f0ab78890feb@group-0DB8C7688BF9-LeaderElection501] INFO  impl.RaftServerImpl (RaftServerImpl.java:setRole(184)) - 4a682f4f-c3f2-4b77-88b7-f0ab78890feb@group-0DB8C7688BF9: changes role from CANDIDATE to FOLLOWER at term 277 for DISCOVERED_A_NEW_TERM
2019-11-05 08:24:24,372 [4a682f4f-c3f2-4b77-88b7-f0ab78890feb@group-0DB8C7688BF9-LeaderElection501] INFO  impl.RoleInfo (RoleInfo.java:shutdownLeaderElection(134)) - 4a682f4f-c3f2-4b77-88b7-f0ab78890feb: shutdown LeaderElection
2019-11-05 08:24:24,372 [c3e88256-f771-43b4-b3fb-c682fc5ee06f@group-9D53872EEF85-SegmentedRaftLogWorker] INFO  segmented.SegmentedRaftLogWorker (SegmentedRaftLogWorker.java:run(316)) - c3e88256-f771-43b4-b3fb-c682fc5ee06f@group-9D53872EEF85-SegmentedRaftLogWorker was interrupted, exiting. There are 0 tasks remaining in the queue.
2019-11-05 08:24:24,372 [4a682f4f-c3f2-4b77-88b7-f0ab78890feb@group-0DB8C7688BF9-LeaderElection501] INFO  impl.RoleInfo (RoleInfo.java:updateAndGet(143)) - 4a682f4f-c3f2-4b77-88b7-f0ab78890feb: start FollowerState
2019-11-05 08:24:24,381 [main] INFO  segmented.SegmentedRaftLogWorker (SegmentedRaftLogWorker.java:close(224)) - c3e88256-f771-43b4-b3fb-c682fc5ee06f@group-9D53872EEF85-SegmentedRaftLogWorker close()
2019-11-05 08:24:24,382 [main] INFO  server.GrpcService (GrpcService.java:closeImpl(164)) - c3e88256-f771-43b4-b3fb-c682fc5ee06f: shutdown server with port 37319 now
2019-11-05 08:24:24,383 [grpc-default-executor-3] WARN  server.GrpcServerProtocolService (LogUtils.java:warn(134)) - c3e88256-f771-43b4-b3fb-c682fc5ee06f: installSnapshot onError, lastRequest: 6189f8a4-91dd-451f-abcb-72b2dcd73465->c3e88256-f771-43b4-b3fb-c682fc5ee06f#90-t4, previous=(t:4, i:20), leaderCommit=20, initializing? false, entries: <empty>: org.apache.ratis.thirdparty.io.grpc.StatusRuntimeException: CANCELLED: cancelled before receiving half close
2019-11-05 08:24:24,383 [grpc-default-executor-0] WARN  server.GrpcLogAppender (LogUtils.java:warn(134)) - 6189f8a4-91dd-451f-abcb-72b2dcd73465@group-9D53872EEF85->c3e88256-f771-43b4-b3fb-c682fc5ee06f-AppendLogResponseHandler: Failed appendEntries: org.apache.ratis.thirdparty.io.grpc.StatusRuntimeException: CANCELLED: HTTP/2 error code: CANCEL
Received Rst Stream
2019-11-05 08:24:24,383 [main] INFO  server.GrpcService (GrpcService.java:closeImpl(172)) - c3e88256-f771-43b4-b3fb-c682fc5ee06f: shutdown server with port 37319 successfully
2019-11-05 08:24:24,387 [refreshUsed-/workdir/hadoop-ozone/integration-test/target/test-dir/MiniOzoneClusterImpl-0ddfd79e-5774-4abb-9b8b-55ac0c17dbc1/datanode-8/data/containers] WARN  fs.CachingGetSpaceUsed (CachingGetSpaceUsed.java:run(183)) - Thread Interrupted waiting to refresh disk information: sleep interrupted
2019-11-05 08:24:24,390 [Thread-3689] INFO  impl.FollowerState (FollowerState.java:run(108)) - 4a682f4f-c3f2-4b77-88b7-f0ab78890feb@group-0DB8C7688BF9-FollowerState: change to CANDIDATE, lastRpcTime:18ms, electionTimeout:9ms
2019-11-05 08:24:24,390 [Thread-3689] INFO  impl.RoleInfo (RoleInfo.java:shutdownFollowerState(121)) - 4a682f4f-c3f2-4b77-88b7-f0ab78890feb: shutdown FollowerState
2019-11-05 08:24:24,390 [Thread-3689] INFO  impl.RaftServerImpl (RaftServerImpl.java:setRole(184)) - 4a682f4f-c3f2-4b77-88b7-f0ab78890feb@group-0DB8C7688BF9: changes role from  FOLLOWER to CANDIDATE at term 277 for changeToCandidate
2019-11-05 08:24:24,390 [Thread-3689] INFO  impl.RoleInfo (RoleInfo.java:updateAndGet(143)) - 4a682f4f-c3f2-4b77-88b7-f0ab78890feb: start LeaderElection
2019-11-05 08:24:24,400 [main] INFO  utils.BackgroundService (BackgroundService.java:shutdown(151)) - Shutting down service BlockDeletingService
2019-11-05 08:24:24,403 [main] INFO  statemachine.DatanodeStateMachine (DatanodeStateMachine.java:stopDaemon(395)) - Ozone container server stopped.
2019-11-05 08:24:24,404 [main] INFO  handler.ContextHandler (ContextHandler.java:doStop(910)) - Stopped o.e.j.w.WebAppContext@5a08efdc{/,null,UNAVAILABLE}{/hddsDatanode}
2019-11-05 08:24:24,405 [main] INFO  server.AbstractConnector (AbstractConnector.java:doStop(318)) - Stopped ServerConnector@57272109{HTTP/1.1,[http/1.1]}{0.0.0.0:0}
2019-11-05 08:24:24,405 [main] INFO  handler.ContextHandler (ContextHandler.java:doStop(910)) - Stopped o.e.j.s.ServletContextHandler@79a04e5f{/static,jar:file:/home/user/.m2/repository/org/apache/hadoop/hadoop-hdds-container-service/0.5.0-SNAPSHOT/hadoop-hdds-container-service-0.5.0-SNAPSHOT.jar!/webapps/static,UNAVAILABLE}
2019-11-05 08:24:24,405 [main] INFO  handler.ContextHandler (ContextHandler.java:doStop(910)) - Stopped o.e.j.s.ServletContextHandler@1ab5f08a{/logs,file:///workdir/hadoop-ozone/integration-test/target/log,UNAVAILABLE}
2019-11-05 08:24:24,411 [4a682f4f-c3f2-4b77-88b7-f0ab78890feb@group-0DB8C7688BF9-LeaderElection502] INFO  impl.LeaderElection (LeaderElection.java:askForVotes(178)) - 4a682f4f-c3f2-4b77-88b7-f0ab78890feb@group-0DB8C7688BF9-LeaderElection502: begin an election at term 278 for -1: [77ab65e6-d942-49df-83a3-1d4c0bf152b3:192.168.164.217:39381, 7e1b84a9-a041-44fd-8008-f2679426984c:192.168.164.217:44149, 4a682f4f-c3f2-4b77-88b7-f0ab78890feb:192.168.164.217:34174], old=null
2019-11-05 08:24:24,412 [grpc-default-executor-0] INFO  impl.RaftServerImpl (RaftServerImpl.java:setRole(184)) - 77ab65e6-d942-49df-83a3-1d4c0bf152b3@group-0DB8C7688BF9: changes role from  FOLLOWER to FOLLOWER at term 278 for recognizeCandidate:4a682f4f-c3f2-4b77-88b7-f0ab78890feb
2019-11-05 08:24:24,412 [grpc-default-executor-3] INFO  impl.RaftServerImpl (RaftServerImpl.java:setRole(184)) - 7e1b84a9-a041-44fd-8008-f2679426984c@group-0DB8C7688BF9: changes role from  FOLLOWER to FOLLOWER at term 278 for recognizeCandidate:4a682f4f-c3f2-4b77-88b7-f0ab78890feb
2019-11-05 08:24:24,412 [grpc-default-executor-0] INFO  impl.RoleInfo (RoleInfo.java:shutdownFollowerState(121)) - 77ab65e6-d942-49df-83a3-1d4c0bf152b3: shutdown FollowerState
2019-11-05 08:24:24,412 [grpc-default-executor-3] INFO  impl.RoleInfo (RoleInfo.java:shutdownFollowerState(121)) - 7e1b84a9-a041-44fd-8008-f2679426984c: shutdown FollowerState
2019-11-05 08:24:24,412 [Thread-3688] INFO  impl.FollowerState (FollowerState.java:run(117)) - 77ab65e6-d942-49df-83a3-1d4c0bf152b3@group-0DB8C7688BF9-FollowerState was interrupted: java.lang.InterruptedException: sleep interrupted
2019-11-05 08:24:24,412 [grpc-default-executor-0] INFO  impl.RoleInfo (RoleInfo.java:updateAndGet(143)) - 77ab65e6-d942-49df-83a3-1d4c0bf152b3: start FollowerState
2019-11-05 08:24:24,412 [Thread-3687] INFO  impl.FollowerState (FollowerState.java:run(117)) - 7e1b84a9-a041-44fd-8008-f2679426984c@group-0DB8C7688BF9-FollowerState was interrupted: java.lang.InterruptedException: sleep interrupted
2019-11-05 08:24:24,412 [grpc-default-executor-3] INFO  impl.RoleInfo (RoleInfo.java:updateAndGet(143)) - 7e1b84a9-a041-44fd-8008-f2679426984c: start FollowerState
2019-11-05 08:24:24,426 [4a682f4f-c3f2-4b77-88b7-f0ab78890feb@group-0DB8C7688BF9-LeaderElection502] INFO  impl.LeaderElection (LeaderElection.java:logAndReturn(56)) - 4a682f4f-c3f2-4b77-88b7-f0ab78890feb@group-0DB8C7688BF9-LeaderElection502: Election REJECTED; received 2 response(s) [4a682f4f-c3f2-4b77-88b7-f0ab78890feb<-77ab65e6-d942-49df-83a3-1d4c0bf152b3#0:FAIL-t278, 4a682f4f-c3f2-4b77-88b7-f0ab78890feb<-7e1b84a9-a041-44fd-8008-f2679426984c#0:FAIL-t278] and 0 exception(s); 4a682f4f-c3f2-4b77-88b7-f0ab78890feb@group-0DB8C7688BF9:t278, leader=null, voted=4a682f4f-c3f2-4b77-88b7-f0ab78890feb, raftlog=4a682f4f-c3f2-4b77-88b7-f0ab78890feb@group-0DB8C7688BF9-SegmentedRaftLog:OPENED:c-1,f-1,i0, conf=-1: [77ab65e6-d942-49df-83a3-1d4c0bf152b3:192.168.164.217:39381, 7e1b84a9-a041-44fd-8008-f2679426984c:192.168.164.217:44149, 4a682f4f-c3f2-4b77-88b7-f0ab78890feb:192.168.164.217:34174], old=null
2019-11-05 08:24:24,426 [4a682f4f-c3f2-4b77-88b7-f0ab78890feb@group-0DB8C7688BF9-LeaderElection502] INFO  impl.RaftServerImpl (RaftServerImpl.java:setRole(184)) - 4a682f4f-c3f2-4b77-88b7-f0ab78890feb@group-0DB8C7688BF9: changes role from CANDIDATE to FOLLOWER at term 278 for DISCOVERED_A_NEW_TERM
2019-11-05 08:24:24,426 [4a682f4f-c3f2-4b77-88b7-f0ab78890feb@group-0DB8C7688BF9-LeaderElection502] INFO  impl.RoleInfo (RoleInfo.java:shutdownLeaderElection(134)) - 4a682f4f-c3f2-4b77-88b7-f0ab78890feb: shutdown LeaderElection
2019-11-05 08:24:24,426 [4a682f4f-c3f2-4b77-88b7-f0ab78890feb@group-0DB8C7688BF9-LeaderElection502] INFO  impl.RoleInfo (RoleInfo.java:updateAndGet(143)) - 4a682f4f-c3f2-4b77-88b7-f0ab78890feb: start FollowerState
2019-11-05 08:24:24,559 [Thread-3695] INFO  impl.FollowerState (FollowerState.java:run(108)) - 4a682f4f-c3f2-4b77-88b7-f0ab78890feb@group-0DB8C7688BF9-FollowerState: change to CANDIDATE, lastRpcTime:133ms, electionTimeout:133ms
2019-11-05 08:24:24,559 [Thread-3695] INFO  impl.RoleInfo (RoleInfo.java:shutdownFollowerState(121)) - 4a682f4f-c3f2-4b77-88b7-f0ab78890feb: shutdown FollowerState
2019-11-05 08:24:24,560 [Thread-3695] INFO  impl.RaftServerImpl (RaftServerImpl.java:setRole(184)) - 4a682f4f-c3f2-4b77-88b7-f0ab78890feb@group-0DB8C7688BF9: changes role from  FOLLOWER to CANDIDATE at term 278 for changeToCandidate
2019-11-05 08:24:24,560 [Thread-3695] INFO  impl.RoleInfo (RoleInfo.java:updateAndGet(143)) - 4a682f4f-c3f2-4b77-88b7-f0ab78890feb: start LeaderElection
2019-11-05 08:24:24,574 [4a682f4f-c3f2-4b77-88b7-f0ab78890feb@group-0DB8C7688BF9-LeaderElection503] INFO  impl.LeaderElection (LeaderElection.java:askForVotes(178)) - 4a682f4f-c3f2-4b77-88b7-f0ab78890feb@group-0DB8C7688BF9-LeaderElection503: begin an election at term 279 for -1: [77ab65e6-d942-49df-83a3-1d4c0bf152b3:192.168.164.217:39381, 7e1b84a9-a041-44fd-8008-f2679426984c:192.168.164.217:44149, 4a682f4f-c3f2-4b77-88b7-f0ab78890feb:192.168.164.217:34174], old=null
2019-11-05 08:24:24,575 [grpc-default-executor-3] INFO  impl.RaftServerImpl (RaftServerImpl.java:setRole(184)) - 77ab65e6-d942-49df-83a3-1d4c0bf152b3@group-0DB8C7688BF9: changes role from  FOLLOWER to FOLLOWER at term 279 for recognizeCandidate:4a682f4f-c3f2-4b77-88b7-f0ab78890feb
2019-11-05 08:24:24,575 [grpc-default-executor-0] INFO  impl.RaftServerImpl (RaftServerImpl.java:setRole(184)) - 7e1b84a9-a041-44fd-8008-f2679426984c@group-0DB8C7688BF9: changes role from  FOLLOWER to FOLLOWER at term 279 for recognizeCandidate:4a682f4f-c3f2-4b77-88b7-f0ab78890feb
2019-11-05 08:24:24,576 [grpc-default-executor-0] INFO  impl.RoleInfo (RoleInfo.java:shutdownFollowerState(121)) - 7e1b84a9-a041-44fd-8008-f2679426984c: shutdown FollowerState
2019-11-05 08:24:24,575 [grpc-default-executor-3] INFO  impl.RoleInfo (RoleInfo.java:shutdownFollowerState(121)) - 77ab65e6-d942-49df-83a3-1d4c0bf152b3: shutdown FollowerState
2019-11-05 08:24:24,576 [Thread-3694] INFO  impl.FollowerState (FollowerState.java:run(117)) - 7e1b84a9-a041-44fd-8008-f2679426984c@group-0DB8C7688BF9-FollowerState was interrupted: java.lang.InterruptedException: sleep interrupted
2019-11-05 08:24:24,576 [grpc-default-executor-0] INFO  impl.RoleInfo (RoleInfo.java:updateAndGet(143)) - 7e1b84a9-a041-44fd-8008-f2679426984c: start FollowerState
2019-11-05 08:24:24,576 [Thread-3693] INFO  impl.FollowerState (FollowerState.java:run(117)) - 77ab65e6-d942-49df-83a3-1d4c0bf152b3@group-0DB8C7688BF9-FollowerState was interrupted: java.lang.InterruptedException: sleep interrupted
2019-11-05 08:24:24,576 [grpc-default-executor-3] INFO  impl.RoleInfo (RoleInfo.java:updateAndGet(143)) - 77ab65e6-d942-49df-83a3-1d4c0bf152b3: start FollowerState
2019-11-05 08:24:24,577 [Datanode State Machine Thread - 0] INFO  statemachine.DatanodeStateMachine (DatanodeStateMachine.java:lambda$startDaemon$0(350)) - Ozone container server started.
2019-11-05 08:24:24,589 [4a682f4f-c3f2-4b77-88b7-f0ab78890feb@group-0DB8C7688BF9-LeaderElection503] INFO  impl.LeaderElection (LeaderElection.java:logAndReturn(56)) - 4a682f4f-c3f2-4b77-88b7-f0ab78890feb@group-0DB8C7688BF9-LeaderElection503: Election REJECTED; received 2 response(s) [4a682f4f-c3f2-4b77-88b7-f0ab78890feb<-77ab65e6-d942-49df-83a3-1d4c0bf152b3#0:FAIL-t279, 4a682f4f-c3f2-4b77-88b7-f0ab78890feb<-7e1b84a9-a041-44fd-8008-f2679426984c#0:FAIL-t279] and 0 exception(s); 4a682f4f-c3f2-4b77-88b7-f0ab78890feb@group-0DB8C7688BF9:t279, leader=null, voted=4a682f4f-c3f2-4b77-88b7-f0ab78890feb, raftlog=4a682f4f-c3f2-4b77-88b7-f0ab78890feb@group-0DB8C7688BF9-SegmentedRaftLog:OPENED:c-1,f-1,i0, conf=-1: [77ab65e6-d942-49df-83a3-1d4c0bf152b3:192.168.164.217:39381, 7e1b84a9-a041-44fd-8008-f2679426984c:192.168.164.217:44149, 4a682f4f-c3f2-4b77-88b7-f0ab78890feb:192.168.164.217:34174], old=null
2019-11-05 08:24:24,589 [4a682f4f-c3f2-4b77-88b7-f0ab78890feb@group-0DB8C7688BF9-LeaderElection503] INFO  impl.RaftServerImpl (RaftServerImpl.java:setRole(184)) - 4a682f4f-c3f2-4b77-88b7-f0ab78890feb@group-0DB8C7688BF9: changes role from CANDIDATE to FOLLOWER at term 279 for DISCOVERED_A_NEW_TERM
2019-11-05 08:24:24,589 [4a682f4f-c3f2-4b77-88b7-f0ab78890feb@group-0DB8C7688BF9-LeaderElection503] INFO  impl.RoleInfo (RoleInfo.java:shutdownLeaderElection(134)) - 4a682f4f-c3f2-4b77-88b7-f0ab78890feb: shutdown LeaderElection
2019-11-05 08:24:24,589 [4a682f4f-c3f2-4b77-88b7-f0ab78890feb@group-0DB8C7688BF9-LeaderElection503] INFO  impl.RoleInfo (RoleInfo.java:updateAndGet(143)) - 4a682f4f-c3f2-4b77-88b7-f0ab78890feb: start FollowerState
2019-11-05 08:24:24,683 [Thread-3701] INFO  impl.FollowerState (FollowerState.java:run(108)) - 4a682f4f-c3f2-4b77-88b7-f0ab78890feb@group-0DB8C7688BF9-FollowerState: change to CANDIDATE, lastRpcTime:93ms, electionTimeout:93ms
2019-11-05 08:24:24,683 [Thread-3701] INFO  impl.RoleInfo (RoleInfo.java:shutdownFollowerState(121)) - 4a682f4f-c3f2-4b77-88b7-f0ab78890feb: shutdown FollowerState
2019-11-05 08:24:24,683 [Thread-3701] INFO  impl.RaftServerImpl (RaftServerImpl.java:setRole(184)) - 4a682f4f-c3f2-4b77-88b7-f0ab78890feb@group-0DB8C7688BF9: changes role from  FOLLOWER to CANDIDATE at term 279 for changeToCandidate
2019-11-05 08:24:24,683 [Thread-3701] INFO  impl.RoleInfo (RoleInfo.java:updateAndGet(143)) - 4a682f4f-c3f2-4b77-88b7-f0ab78890feb: start LeaderElection
2019-11-05 08:24:24,697 [4a682f4f-c3f2-4b77-88b7-f0ab78890feb@group-0DB8C7688BF9-LeaderElection504] INFO  impl.LeaderElection (LeaderElection.java:askForVotes(178)) - 4a682f4f-c3f2-4b77-88b7-f0ab78890feb@group-0DB8C7688BF9-LeaderElection504: begin an election at term 280 for -1: [77ab65e6-d942-49df-83a3-1d4c0bf152b3:192.168.164.217:39381, 7e1b84a9-a041-44fd-8008-f2679426984c:192.168.164.217:44149, 4a682f4f-c3f2-4b77-88b7-f0ab78890feb:192.168.164.217:34174], old=null
2019-11-05 08:24:24,699 [grpc-default-executor-0] INFO  impl.RaftServerImpl (RaftServerImpl.java:setRole(184)) - 7e1b84a9-a041-44fd-8008-f2679426984c@group-0DB8C7688BF9: changes role from  FOLLOWER to FOLLOWER at term 280 for recognizeCandidate:4a682f4f-c3f2-4b77-88b7-f0ab78890feb
2019-11-05 08:24:24,699 [grpc-default-executor-3] INFO  impl.RaftServerImpl (RaftServerImpl.java:setRole(184)) - 77ab65e6-d942-49df-83a3-1d4c0bf152b3@group-0DB8C7688BF9: changes role from  FOLLOWER to FOLLOWER at term 280 for recognizeCandidate:4a682f4f-c3f2-4b77-88b7-f0ab78890feb
2019-11-05 08:24:24,699 [grpc-default-executor-3] INFO  impl.RoleInfo (RoleInfo.java:shutdownFollowerState(121)) - 77ab65e6-d942-49df-83a3-1d4c0bf152b3: shutdown FollowerState
2019-11-05 08:24:24,699 [grpc-default-executor-0] INFO  impl.RoleInfo (RoleInfo.java:shutdownFollowerState(121)) - 7e1b84a9-a041-44fd-8008-f2679426984c: shutdown FollowerState
2019-11-05 08:24:24,699 [Thread-3700] INFO  impl.FollowerState (FollowerState.java:run(117)) - 77ab65e6-d942-49df-83a3-1d4c0bf152b3@group-0DB8C7688BF9-FollowerState was interrupted: java.lang.InterruptedException: sleep interrupted
2019-11-05 08:24:24,699 [Thread-3699] INFO  impl.FollowerState (FollowerState.java:run(117)) - 7e1b84a9-a041-44fd-8008-f2679426984c@group-0DB8C7688BF9-FollowerState was interrupted: java.lang.InterruptedException: sleep interrupted
2019-11-05 08:24:24,699 [grpc-default-executor-3] INFO  impl.RoleInfo (RoleInfo.java:updateAndGet(143)) - 77ab65e6-d942-49df-83a3-1d4c0bf152b3: start FollowerState
2019-11-05 08:24:24,699 [grpc-default-executor-0] INFO  impl.RoleInfo (RoleInfo.java:updateAndGet(143)) - 7e1b84a9-a041-44fd-8008-f2679426984c: start FollowerState
2019-11-05 08:24:24,713 [4a682f4f-c3f2-4b77-88b7-f0ab78890feb@group-0DB8C7688BF9-LeaderElection504] INFO  impl.LeaderElection (LeaderElection.java:logAndReturn(56)) - 4a682f4f-c3f2-4b77-88b7-f0ab78890feb@group-0DB8C7688BF9-LeaderElection504: Election REJECTED; received 2 response(s) [4a682f4f-c3f2-4b77-88b7-f0ab78890feb<-77ab65e6-d942-49df-83a3-1d4c0bf152b3#0:FAIL-t280, 4a682f4f-c3f2-4b77-88b7-f0ab78890feb<-7e1b84a9-a041-44fd-8008-f2679426984c#0:FAIL-t280] and 0 exception(s); 4a682f4f-c3f2-4b77-88b7-f0ab78890feb@group-0DB8C7688BF9:t280, leader=null, voted=4a682f4f-c3f2-4b77-88b7-f0ab78890feb, raftlog=4a682f4f-c3f2-4b77-88b7-f0ab78890feb@group-0DB8C7688BF9-SegmentedRaftLog:OPENED:c-1,f-1,i0, conf=-1: [77ab65e6-d942-49df-83a3-1d4c0bf152b3:192.168.164.217:39381, 7e1b84a9-a041-44fd-8008-f2679426984c:192.168.164.217:44149, 4a682f4f-c3f2-4b77-88b7-f0ab78890feb:192.168.164.217:34174], old=null
2019-11-05 08:24:24,713 [4a682f4f-c3f2-4b77-88b7-f0ab78890feb@group-0DB8C7688BF9-LeaderElection504] INFO  impl.RaftServerImpl (RaftServerImpl.java:setRole(184)) - 4a682f4f-c3f2-4b77-88b7-f0ab78890feb@group-0DB8C7688BF9: changes role from CANDIDATE to FOLLOWER at term 280 for DISCOVERED_A_NEW_TERM
2019-11-05 08:24:24,713 [4a682f4f-c3f2-4b77-88b7-f0ab78890feb@group-0DB8C7688BF9-LeaderElection504] INFO  impl.RoleInfo (RoleInfo.java:shutdownLeaderElection(134)) - 4a682f4f-c3f2-4b77-88b7-f0ab78890feb: shutdown LeaderElection
2019-11-05 08:24:24,714 [4a682f4f-c3f2-4b77-88b7-f0ab78890feb@group-0DB8C7688BF9-LeaderElection504] INFO  impl.RoleInfo (RoleInfo.java:updateAndGet(143)) - 4a682f4f-c3f2-4b77-88b7-f0ab78890feb: start FollowerState
2019-11-05 08:24:24,750 [java.util.concurrent.ThreadPoolExecutor$Worker@4893213[State = -1, empty queue]] WARN  server.GrpcLogAppender (GrpcLogAppender.java:timeoutAppendRequest(209)) - 6189f8a4-91dd-451f-abcb-72b2dcd73465@group-9D53872EEF85->fe5257f1-588f-41af-bf70-1c04126c8968-GrpcLogAppender: appendEntries Timeout, request=6189f8a4-91dd-451f-abcb-72b2dcd73465->fe5257f1-588f-41af-bf70-1c04126c8968#85-t4, previous=(t:4, i:20), leaderCommit=20, initializing? false, entries: <empty>
2019-11-05 08:24:24,805 [Datanode State Machine Thread - 0] INFO  statemachine.DatanodeStateMachine (DatanodeStateMachine.java:lambda$startDaemon$0(350)) - Ozone container server started.
2019-11-05 08:24:24,878 [Thread-3707] INFO  impl.FollowerState (FollowerState.java:run(108)) - 4a682f4f-c3f2-4b77-88b7-f0ab78890feb@group-0DB8C7688BF9-FollowerState: change to CANDIDATE, lastRpcTime:164ms, electionTimeout:164ms
2019-11-05 08:24:24,878 [Thread-3707] INFO  impl.RoleInfo (RoleInfo.java:shutdownFollowerState(121)) - 4a682f4f-c3f2-4b77-88b7-f0ab78890feb: shutdown FollowerState
2019-11-05 08:24:24,878 [Thread-3707] INFO  impl.RaftServerImpl (RaftServerImpl.java:setRole(184)) - 4a682f4f-c3f2-4b77-88b7-f0ab78890feb@group-0DB8C7688BF9: changes role from  FOLLOWER to CANDIDATE at term 280 for changeToCandidate
2019-11-05 08:24:24,878 [Thread-3707] INFO  impl.RoleInfo (RoleInfo.java:updateAndGet(143)) - 4a682f4f-c3f2-4b77-88b7-f0ab78890feb: start LeaderElection
2019-11-05 08:24:24,891 [4a682f4f-c3f2-4b77-88b7-f0ab78890feb@group-0DB8C7688BF9-LeaderElection505] INFO  impl.LeaderElection (LeaderElection.java:askForVotes(178)) - 4a682f4f-c3f2-4b77-88b7-f0ab78890feb@group-0DB8C7688BF9-LeaderElection505: begin an election at term 281 for -1: [77ab65e6-d942-49df-83a3-1d4c0bf152b3:192.168.164.217:39381, 7e1b84a9-a041-44fd-8008-f2679426984c:192.168.164.217:44149, 4a682f4f-c3f2-4b77-88b7-f0ab78890feb:192.168.164.217:34174], old=null
2019-11-05 08:24:24,892 [grpc-default-executor-0] INFO  impl.RaftServerImpl (RaftServerImpl.java:setRole(184)) - 77ab65e6-d942-49df-83a3-1d4c0bf152b3@group-0DB8C7688BF9: changes role from  FOLLOWER to FOLLOWER at term 281 for recognizeCandidate:4a682f4f-c3f2-4b77-88b7-f0ab78890feb
2019-11-05 08:24:24,892 [grpc-default-executor-3] INFO  impl.RaftServerImpl (RaftServerImpl.java:setRole(184)) - 7e1b84a9-a041-44fd-8008-f2679426984c@group-0DB8C7688BF9: changes role from  FOLLOWER to FOLLOWER at term 281 for recognizeCandidate:4a682f4f-c3f2-4b77-88b7-f0ab78890feb
2019-11-05 08:24:24,892 [grpc-default-executor-0] INFO  impl.RoleInfo (RoleInfo.java:shutdownFollowerState(121)) - 77ab65e6-d942-49df-83a3-1d4c0bf152b3: shutdown FollowerState
2019-11-05 08:24:24,893 [grpc-default-executor-3] INFO  impl.RoleInfo (RoleInfo.java:shutdownFollowerState(121)) - 7e1b84a9-a041-44fd-8008-f2679426984c: shutdown FollowerState
2019-11-05 08:24:24,893 [Thread-3705] INFO  impl.FollowerState (FollowerState.java:run(117)) - 77ab65e6-d942-49df-83a3-1d4c0bf152b3@group-0DB8C7688BF9-FollowerState was interrupted: java.lang.InterruptedException: sleep interrupted
2019-11-05 08:24:24,893 [Thread-3706] INFO  impl.FollowerState (FollowerState.java:run(117)) - 7e1b84a9-a041-44fd-8008-f2679426984c@group-0DB8C7688BF9-FollowerState was interrupted: java.lang.InterruptedException: sleep interrupted
2019-11-05 08:24:24,893 [grpc-default-executor-0] INFO  impl.RoleInfo (RoleInfo.java:updateAndGet(143)) - 77ab65e6-d942-49df-83a3-1d4c0bf152b3: start FollowerState
2019-11-05 08:24:24,893 [grpc-default-executor-3] INFO  impl.RoleInfo (RoleInfo.java:updateAndGet(143)) - 7e1b84a9-a041-44fd-8008-f2679426984c: start FollowerState
2019-11-05 08:24:24,910 [4a682f4f-c3f2-4b77-88b7-f0ab78890feb@group-0DB8C7688BF9-LeaderElection505] INFO  impl.LeaderElection (LeaderElection.java:logAndReturn(56)) - 4a682f4f-c3f2-4b77-88b7-f0ab78890feb@group-0DB8C7688BF9-LeaderElection505: Election REJECTED; received 2 response(s) [4a682f4f-c3f2-4b77-88b7-f0ab78890feb<-77ab65e6-d942-49df-83a3-1d4c0bf152b3#0:FAIL-t281, 4a682f4f-c3f2-4b77-88b7-f0ab78890feb<-7e1b84a9-a041-44fd-8008-f2679426984c#0:FAIL-t281] and 0 exception(s); 4a682f4f-c3f2-4b77-88b7-f0ab78890feb@group-0DB8C7688BF9:t281, leader=null, voted=4a682f4f-c3f2-4b77-88b7-f0ab78890feb, raftlog=4a682f4f-c3f2-4b77-88b7-f0ab78890feb@group-0DB8C7688BF9-SegmentedRaftLog:OPENED:c-1,f-1,i0, conf=-1: [77ab65e6-d942-49df-83a3-1d4c0bf152b3:192.168.164.217:39381, 7e1b84a9-a041-44fd-8008-f2679426984c:192.168.164.217:44149, 4a682f4f-c3f2-4b77-88b7-f0ab78890feb:192.168.164.217:34174], old=null
2019-11-05 08:24:24,910 [4a682f4f-c3f2-4b77-88b7-f0ab78890feb@group-0DB8C7688BF9-LeaderElection505] INFO  impl.RaftServerImpl (RaftServerImpl.java:setRole(184)) - 4a682f4f-c3f2-4b77-88b7-f0ab78890feb@group-0DB8C7688BF9: changes role from CANDIDATE to FOLLOWER at term 281 for DISCOVERED_A_NEW_TERM
2019-11-05 08:24:24,910 [4a682f4f-c3f2-4b77-88b7-f0ab78890feb@group-0DB8C7688BF9-LeaderElection505] INFO  impl.RoleInfo (RoleInfo.java:shutdownLeaderElection(134)) - 4a682f4f-c3f2-4b77-88b7-f0ab78890feb: shutdown LeaderElection
2019-11-05 08:24:24,910 [4a682f4f-c3f2-4b77-88b7-f0ab78890feb@group-0DB8C7688BF9-LeaderElection505] INFO  impl.RoleInfo (RoleInfo.java:updateAndGet(143)) - 4a682f4f-c3f2-4b77-88b7-f0ab78890feb: start FollowerState
2019-11-05 08:24:25,082 [Thread-3713] INFO  impl.FollowerState (FollowerState.java:run(108)) - 4a682f4f-c3f2-4b77-88b7-f0ab78890feb@group-0DB8C7688BF9-FollowerState: change to CANDIDATE, lastRpcTime:172ms, electionTimeout:172ms
2019-11-05 08:24:25,083 [Thread-3713] INFO  impl.RoleInfo (RoleInfo.java:shutdownFollowerState(121)) - 4a682f4f-c3f2-4b77-88b7-f0ab78890feb: shutdown FollowerState
2019-11-05 08:24:25,083 [Thread-3713] INFO  impl.RaftServerImpl (RaftServerImpl.java:setRole(184)) - 4a682f4f-c3f2-4b77-88b7-f0ab78890feb@group-0DB8C7688BF9: changes role from  FOLLOWER to CANDIDATE at term 281 for changeToCandidate
2019-11-05 08:24:25,083 [Thread-3713] INFO  impl.RoleInfo (RoleInfo.java:updateAndGet(143)) - 4a682f4f-c3f2-4b77-88b7-f0ab78890feb: start LeaderElection
2019-11-05 08:24:25,105 [4a682f4f-c3f2-4b77-88b7-f0ab78890feb@group-0DB8C7688BF9-LeaderElection506] INFO  impl.LeaderElection (LeaderElection.java:askForVotes(178)) - 4a682f4f-c3f2-4b77-88b7-f0ab78890feb@group-0DB8C7688BF9-LeaderElection506: begin an election at term 282 for -1: [77ab65e6-d942-49df-83a3-1d4c0bf152b3:192.168.164.217:39381, 7e1b84a9-a041-44fd-8008-f2679426984c:192.168.164.217:44149, 4a682f4f-c3f2-4b77-88b7-f0ab78890feb:192.168.164.217:34174], old=null
2019-11-05 08:24:25,107 [grpc-default-executor-0] INFO  impl.RaftServerImpl (RaftServerImpl.java:setRole(184)) - 7e1b84a9-a041-44fd-8008-f2679426984c@group-0DB8C7688BF9: changes role from  FOLLOWER to FOLLOWER at term 282 for recognizeCandidate:4a682f4f-c3f2-4b77-88b7-f0ab78890feb
2019-11-05 08:24:25,107 [grpc-default-executor-0] INFO  impl.RoleInfo (RoleInfo.java:shutdownFollowerState(121)) - 7e1b84a9-a041-44fd-8008-f2679426984c: shutdown FollowerState
2019-11-05 08:24:25,107 [grpc-default-executor-3] INFO  impl.RaftServerImpl (RaftServerImpl.java:setRole(184)) - 77ab65e6-d942-49df-83a3-1d4c0bf152b3@group-0DB8C7688BF9: changes role from  FOLLOWER to FOLLOWER at term 282 for recognizeCandidate:4a682f4f-c3f2-4b77-88b7-f0ab78890feb
2019-11-05 08:24:25,107 [grpc-default-executor-3] INFO  impl.RoleInfo (RoleInfo.java:shutdownFollowerState(121)) - 77ab65e6-d942-49df-83a3-1d4c0bf152b3: shutdown FollowerState
2019-11-05 08:24:25,107 [grpc-default-executor-3] INFO  impl.RoleInfo (RoleInfo.java:updateAndGet(143)) - 77ab65e6-d942-49df-83a3-1d4c0bf152b3: start FollowerState
2019-11-05 08:24:25,107 [Thread-3712] INFO  impl.FollowerState (FollowerState.java:run(117)) - 7e1b84a9-a041-44fd-8008-f2679426984c@group-0DB8C7688BF9-FollowerState was interrupted: java.lang.InterruptedException: sleep interrupted
2019-11-05 08:24:25,107 [grpc-default-executor-0] INFO  impl.RoleInfo (RoleInfo.java:updateAndGet(143)) - 7e1b84a9-a041-44fd-8008-f2679426984c: start FollowerState
2019-11-05 08:24:25,107 [Thread-3711] INFO  impl.FollowerState (FollowerState.java:run(117)) - 77ab65e6-d942-49df-83a3-1d4c0bf152b3@group-0DB8C7688BF9-FollowerState was interrupted: java.lang.InterruptedException: sleep interrupted
2019-11-05 08:24:25,122 [4a682f4f-c3f2-4b77-88b7-f0ab78890feb@group-0DB8C7688BF9-LeaderElection506] INFO  impl.LeaderElection (LeaderElection.java:logAndReturn(56)) - 4a682f4f-c3f2-4b77-88b7-f0ab78890feb@group-0DB8C7688BF9-LeaderElection506: Election REJECTED; received 2 response(s) [4a682f4f-c3f2-4b77-88b7-f0ab78890feb<-77ab65e6-d942-49df-83a3-1d4c0bf152b3#0:FAIL-t282, 4a682f4f-c3f2-4b77-88b7-f0ab78890feb<-7e1b84a9-a041-44fd-8008-f2679426984c#0:FAIL-t282] and 0 exception(s); 4a682f4f-c3f2-4b77-88b7-f0ab78890feb@group-0DB8C7688BF9:t282, leader=null, voted=4a682f4f-c3f2-4b77-88b7-f0ab78890feb, raftlog=4a682f4f-c3f2-4b77-88b7-f0ab78890feb@group-0DB8C7688BF9-SegmentedRaftLog:OPENED:c-1,f-1,i0, conf=-1: [77ab65e6-d942-49df-83a3-1d4c0bf152b3:192.168.164.217:39381, 7e1b84a9-a041-44fd-8008-f2679426984c:192.168.164.217:44149, 4a682f4f-c3f2-4b77-88b7-f0ab78890feb:192.168.164.217:34174], old=null
2019-11-05 08:24:25,122 [4a682f4f-c3f2-4b77-88b7-f0ab78890feb@group-0DB8C7688BF9-LeaderElection506] INFO  impl.RaftServerImpl (RaftServerImpl.java:setRole(184)) - 4a682f4f-c3f2-4b77-88b7-f0ab78890feb@group-0DB8C7688BF9: changes role from CANDIDATE to FOLLOWER at term 282 for DISCOVERED_A_NEW_TERM
2019-11-05 08:24:25,122 [4a682f4f-c3f2-4b77-88b7-f0ab78890feb@group-0DB8C7688BF9-LeaderElection506] INFO  impl.RoleInfo (RoleInfo.java:shutdownLeaderElection(134)) - 4a682f4f-c3f2-4b77-88b7-f0ab78890feb: shutdown LeaderElection
2019-11-05 08:24:25,122 [4a682f4f-c3f2-4b77-88b7-f0ab78890feb@group-0DB8C7688BF9-LeaderElection506] INFO  impl.RoleInfo (RoleInfo.java:updateAndGet(143)) - 4a682f4f-c3f2-4b77-88b7-f0ab78890feb: start FollowerState
2019-11-05 08:24:25,250 [java.util.concurrent.ThreadPoolExecutor$Worker@4893213[State = -1, empty queue]] WARN  server.GrpcLogAppender (GrpcLogAppender.java:timeoutAppendRequest(209)) - 6189f8a4-91dd-451f-abcb-72b2dcd73465@group-9D53872EEF85->fe5257f1-588f-41af-bf70-1c04126c8968-GrpcLogAppender: appendEntries Timeout, request=6189f8a4-91dd-451f-abcb-72b2dcd73465->fe5257f1-588f-41af-bf70-1c04126c8968#86-t4, previous=(t:4, i:20), leaderCommit=20, initializing? false, entries: <empty>
2019-11-05 08:24:25,304 [Thread-3719] INFO  impl.FollowerState (FollowerState.java:run(108)) - 4a682f4f-c3f2-4b77-88b7-f0ab78890feb@group-0DB8C7688BF9-FollowerState: change to CANDIDATE, lastRpcTime:181ms, electionTimeout:181ms
2019-11-05 08:24:25,304 [Thread-3719] INFO  impl.RoleInfo (RoleInfo.java:shutdownFollowerState(121)) - 4a682f4f-c3f2-4b77-88b7-f0ab78890feb: shutdown FollowerState
2019-11-05 08:24:25,304 [Thread-3719] INFO  impl.RaftServerImpl (RaftServerImpl.java:setRole(184)) - 4a682f4f-c3f2-4b77-88b7-f0ab78890feb@group-0DB8C7688BF9: changes role from  FOLLOWER to CANDIDATE at term 282 for changeToCandidate
2019-11-05 08:24:25,304 [Thread-3719] INFO  impl.RoleInfo (RoleInfo.java:updateAndGet(143)) - 4a682f4f-c3f2-4b77-88b7-f0ab78890feb: start LeaderElection
2019-11-05 08:24:25,326 [4a682f4f-c3f2-4b77-88b7-f0ab78890feb@group-0DB8C7688BF9-LeaderElection507] INFO  impl.LeaderElection (LeaderElection.java:askForVotes(178)) - 4a682f4f-c3f2-4b77-88b7-f0ab78890feb@group-0DB8C7688BF9-LeaderElection507: begin an election at term 283 for -1: [77ab65e6-d942-49df-83a3-1d4c0bf152b3:192.168.164.217:39381, 7e1b84a9-a041-44fd-8008-f2679426984c:192.168.164.217:44149, 4a682f4f-c3f2-4b77-88b7-f0ab78890feb:192.168.164.217:34174], old=null
2019-11-05 08:24:25,327 [grpc-default-executor-0] INFO  impl.RaftServerImpl (RaftServerImpl.java:setRole(184)) - 77ab65e6-d942-49df-83a3-1d4c0bf152b3@group-0DB8C7688BF9: changes role from  FOLLOWER to FOLLOWER at term 283 for recognizeCandidate:4a682f4f-c3f2-4b77-88b7-f0ab78890feb
2019-11-05 08:24:25,328 [grpc-default-executor-0] INFO  impl.RoleInfo (RoleInfo.java:shutdownFollowerState(121)) - 77ab65e6-d942-49df-83a3-1d4c0bf152b3: shutdown FollowerState
2019-11-05 08:24:25,327 [grpc-default-executor-3] INFO  impl.RaftServerImpl (RaftServerImpl.java:setRole(184)) - 7e1b84a9-a041-44fd-8008-f2679426984c@group-0DB8C7688BF9: changes role from  FOLLOWER to FOLLOWER at term 283 for recognizeCandidate:4a682f4f-c3f2-4b77-88b7-f0ab78890feb
2019-11-05 08:24:25,328 [Thread-3718] INFO  impl.FollowerState (FollowerState.java:run(117)) - 77ab65e6-d942-49df-83a3-1d4c0bf152b3@group-0DB8C7688BF9-FollowerState was interrupted: java.lang.InterruptedException: sleep interrupted
2019-11-05 08:24:25,328 [grpc-default-executor-0] INFO  impl.RoleInfo (RoleInfo.java:updateAndGet(143)) - 77ab65e6-d942-49df-83a3-1d4c0bf152b3: start FollowerState
2019-11-05 08:24:25,328 [grpc-default-executor-3] INFO  impl.RoleInfo (RoleInfo.java:shutdownFollowerState(121)) - 7e1b84a9-a041-44fd-8008-f2679426984c: shutdown FollowerState
2019-11-05 08:24:25,328 [grpc-default-executor-3] INFO  impl.RoleInfo (RoleInfo.java:updateAndGet(143)) - 7e1b84a9-a041-44fd-8008-f2679426984c: start FollowerState
2019-11-05 08:24:25,328 [Thread-3717] INFO  impl.FollowerState (FollowerState.java:run(117)) - 7e1b84a9-a041-44fd-8008-f2679426984c@group-0DB8C7688BF9-FollowerState was interrupted: java.lang.InterruptedException: sleep interrupted
2019-11-05 08:24:25,343 [4a682f4f-c3f2-4b77-88b7-f0ab78890feb@group-0DB8C7688BF9-LeaderElection507] INFO  impl.LeaderElection (LeaderElection.java:logAndReturn(56)) - 4a682f4f-c3f2-4b77-88b7-f0ab78890feb@group-0DB8C7688BF9-LeaderElection507: Election REJECTED; received 2 response(s) [4a682f4f-c3f2-4b77-88b7-f0ab78890feb<-77ab65e6-d942-49df-83a3-1d4c0bf152b3#0:FAIL-t283, 4a682f4f-c3f2-4b77-88b7-f0ab78890feb<-7e1b84a9-a041-44fd-8008-f2679426984c#0:FAIL-t283] and 0 exception(s); 4a682f4f-c3f2-4b77-88b7-f0ab78890feb@group-0DB8C7688BF9:t283, leader=null, voted=4a682f4f-c3f2-4b77-88b7-f0ab78890feb, raftlog=4a682f4f-c3f2-4b77-88b7-f0ab78890feb@group-0DB8C7688BF9-SegmentedRaftLog:OPENED:c-1,f-1,i0, conf=-1: [77ab65e6-d942-49df-83a3-1d4c0bf152b3:192.168.164.217:39381, 7e1b84a9-a041-44fd-8008-f2679426984c:192.168.164.217:44149, 4a682f4f-c3f2-4b77-88b7-f0ab78890feb:192.168.164.217:34174], old=null
2019-11-05 08:24:25,343 [4a682f4f-c3f2-4b77-88b7-f0ab78890feb@group-0DB8C7688BF9-LeaderElection507] INFO  impl.RaftServerImpl (RaftServerImpl.java:setRole(184)) - 4a682f4f-c3f2-4b77-88b7-f0ab78890feb@group-0DB8C7688BF9: changes role from CANDIDATE to FOLLOWER at term 283 for DISCOVERED_A_NEW_TERM
2019-11-05 08:24:25,343 [4a682f4f-c3f2-4b77-88b7-f0ab78890feb@group-0DB8C7688BF9-LeaderElection507] INFO  impl.RoleInfo (RoleInfo.java:shutdownLeaderElection(134)) - 4a682f4f-c3f2-4b77-88b7-f0ab78890feb: shutdown LeaderElection
2019-11-05 08:24:25,343 [4a682f4f-c3f2-4b77-88b7-f0ab78890feb@group-0DB8C7688BF9-LeaderElection507] INFO  impl.RoleInfo (RoleInfo.java:updateAndGet(143)) - 4a682f4f-c3f2-4b77-88b7-f0ab78890feb: start FollowerState
2019-11-05 08:24:25,374 [Thread-3725] INFO  impl.FollowerState (FollowerState.java:run(108)) - 4a682f4f-c3f2-4b77-88b7-f0ab78890feb@group-0DB8C7688BF9-FollowerState: change to CANDIDATE, lastRpcTime:31ms, electionTimeout:31ms
2019-11-05 08:24:25,374 [Thread-3725] INFO  impl.RoleInfo (RoleInfo.java:shutdownFollowerState(121)) - 4a682f4f-c3f2-4b77-88b7-f0ab78890feb: shutdown FollowerState
2019-11-05 08:24:25,374 [Thread-3725] INFO  impl.RaftServerImpl (RaftServerImpl.java:setRole(184)) - 4a682f4f-c3f2-4b77-88b7-f0ab78890feb@group-0DB8C7688BF9: changes role from  FOLLOWER to CANDIDATE at term 283 for changeToCandidate
2019-11-05 08:24:25,375 [Thread-3725] INFO  impl.RoleInfo (RoleInfo.java:updateAndGet(143)) - 4a682f4f-c3f2-4b77-88b7-f0ab78890feb: start LeaderElection
2019-11-05 08:24:25,388 [4a682f4f-c3f2-4b77-88b7-f0ab78890feb@group-0DB8C7688BF9-LeaderElection508] INFO  impl.LeaderElection (LeaderElection.java:askForVotes(178)) - 4a682f4f-c3f2-4b77-88b7-f0ab78890feb@group-0DB8C7688BF9-LeaderElection508: begin an election at term 284 for -1: [77ab65e6-d942-49df-83a3-1d4c0bf152b3:192.168.164.217:39381, 7e1b84a9-a041-44fd-8008-f2679426984c:192.168.164.217:44149, 4a682f4f-c3f2-4b77-88b7-f0ab78890feb:192.168.164.217:34174], old=null
2019-11-05 08:24:25,389 [grpc-default-executor-3] INFO  impl.RaftServerImpl (RaftServerImpl.java:setRole(184)) - 77ab65e6-d942-49df-83a3-1d4c0bf152b3@group-0DB8C7688BF9: changes role from  FOLLOWER to FOLLOWER at term 284 for recognizeCandidate:4a682f4f-c3f2-4b77-88b7-f0ab78890feb
2019-11-05 08:24:25,389 [grpc-default-executor-3] INFO  impl.RoleInfo (RoleInfo.java:shutdownFollowerState(121)) - 77ab65e6-d942-49df-83a3-1d4c0bf152b3: shutdown FollowerState
2019-11-05 08:24:25,389 [grpc-default-executor-0] INFO  impl.RaftServerImpl (RaftServerImpl.java:setRole(184)) - 7e1b84a9-a041-44fd-8008-f2679426984c@group-0DB8C7688BF9: changes role from  FOLLOWER to FOLLOWER at term 284 for recognizeCandidate:4a682f4f-c3f2-4b77-88b7-f0ab78890feb
2019-11-05 08:24:25,390 [Thread-3723] INFO  impl.FollowerState (FollowerState.java:run(117)) - 77ab65e6-d942-49df-83a3-1d4c0bf152b3@group-0DB8C7688BF9-FollowerState was interrupted: java.lang.InterruptedException: sleep interrupted
2019-11-05 08:24:25,390 [grpc-default-executor-3] INFO  impl.RoleInfo (RoleInfo.java:updateAndGet(143)) - 77ab65e6-d942-49df-83a3-1d4c0bf152b3: start FollowerState
2019-11-05 08:24:25,390 [grpc-default-executor-0] INFO  impl.RoleInfo (RoleInfo.java:shutdownFollowerState(121)) - 7e1b84a9-a041-44fd-8008-f2679426984c: shutdown FollowerState
2019-11-05 08:24:25,390 [grpc-default-executor-0] INFO  impl.RoleInfo (RoleInfo.java:updateAndGet(143)) - 7e1b84a9-a041-44fd-8008-f2679426984c: start FollowerState
2019-11-05 08:24:25,390 [Thread-3724] INFO  impl.FollowerState (FollowerState.java:run(117)) - 7e1b84a9-a041-44fd-8008-f2679426984c@group-0DB8C7688BF9-FollowerState was interrupted: java.lang.InterruptedException: sleep interrupted
2019-11-05 08:24:25,406 [4a682f4f-c3f2-4b77-88b7-f0ab78890feb@group-0DB8C7688BF9-LeaderElection508] INFO  impl.LeaderElection (LeaderElection.java:logAndReturn(56)) - 4a682f4f-c3f2-4b77-88b7-f0ab78890feb@group-0DB8C7688BF9-LeaderElection508: Election REJECTED; received 2 response(s) [4a682f4f-c3f2-4b77-88b7-f0ab78890feb<-77ab65e6-d942-49df-83a3-1d4c0bf152b3#0:FAIL-t284, 4a682f4f-c3f2-4b77-88b7-f0ab78890feb<-7e1b84a9-a041-44fd-8008-f2679426984c#0:FAIL-t284] and 0 exception(s); 4a682f4f-c3f2-4b77-88b7-f0ab78890feb@group-0DB8C7688BF9:t284, leader=null, voted=4a682f4f-c3f2-4b77-88b7-f0ab78890feb, raftlog=4a682f4f-c3f2-4b77-88b7-f0ab78890feb@group-0DB8C7688BF9-SegmentedRaftLog:OPENED:c-1,f-1,i0, conf=-1: [77ab65e6-d942-49df-83a3-1d4c0bf152b3:192.168.164.217:39381, 7e1b84a9-a041-44fd-8008-f2679426984c:192.168.164.217:44149, 4a682f4f-c3f2-4b77-88b7-f0ab78890feb:192.168.164.217:34174], old=null
2019-11-05 08:24:25,406 [4a682f4f-c3f2-4b77-88b7-f0ab78890feb@group-0DB8C7688BF9-LeaderElection508] INFO  impl.RaftServerImpl (RaftServerImpl.java:setRole(184)) - 4a682f4f-c3f2-4b77-88b7-f0ab78890feb@group-0DB8C7688BF9: changes role from CANDIDATE to FOLLOWER at term 284 for DISCOVERED_A_NEW_TERM
2019-11-05 08:24:25,406 [4a682f4f-c3f2-4b77-88b7-f0ab78890feb@group-0DB8C7688BF9-LeaderElection508] INFO  impl.RoleInfo (RoleInfo.java:shutdownLeaderElection(134)) - 4a682f4f-c3f2-4b77-88b7-f0ab78890feb: shutdown LeaderElection
2019-11-05 08:24:25,406 [4a682f4f-c3f2-4b77-88b7-f0ab78890feb@group-0DB8C7688BF9-LeaderElection508] INFO  impl.RoleInfo (RoleInfo.java:updateAndGet(143)) - 4a682f4f-c3f2-4b77-88b7-f0ab78890feb: start FollowerState
2019-11-05 08:24:25,446 [Thread-3731] INFO  impl.FollowerState (FollowerState.java:run(108)) - 4a682f4f-c3f2-4b77-88b7-f0ab78890feb@group-0DB8C7688BF9-FollowerState: change to CANDIDATE, lastRpcTime:40ms, electionTimeout:40ms
2019-11-05 08:24:25,446 [Thread-3731] INFO  impl.RoleInfo (RoleInfo.java:shutdownFollowerState(121)) - 4a682f4f-c3f2-4b77-88b7-f0ab78890feb: shutdown FollowerState
2019-11-05 08:24:25,447 [Thread-3731] INFO  impl.RaftServerImpl (RaftServerImpl.java:setRole(184)) - 4a682f4f-c3f2-4b77-88b7-f0ab78890feb@group-0DB8C7688BF9: changes role from  FOLLOWER to CANDIDATE at term 284 for changeToCandidate
2019-11-05 08:24:25,447 [Thread-3731] INFO  impl.RoleInfo (RoleInfo.java:updateAndGet(143)) - 4a682f4f-c3f2-4b77-88b7-f0ab78890feb: start LeaderElection
2019-11-05 08:24:25,460 [4a682f4f-c3f2-4b77-88b7-f0ab78890feb@group-0DB8C7688BF9-LeaderElection509] INFO  impl.LeaderElection (LeaderElection.java:askForVotes(178)) - 4a682f4f-c3f2-4b77-88b7-f0ab78890feb@group-0DB8C7688BF9-LeaderElection509: begin an election at term 285 for -1: [77ab65e6-d942-49df-83a3-1d4c0bf152b3:192.168.164.217:39381, 7e1b84a9-a041-44fd-8008-f2679426984c:192.168.164.217:44149, 4a682f4f-c3f2-4b77-88b7-f0ab78890feb:192.168.164.217:34174], old=null
2019-11-05 08:24:25,462 [grpc-default-executor-0] INFO  impl.RaftServerImpl (RaftServerImpl.java:setRole(184)) - 77ab65e6-d942-49df-83a3-1d4c0bf152b3@group-0DB8C7688BF9: changes role from  FOLLOWER to FOLLOWER at term 285 for recognizeCandidate:4a682f4f-c3f2-4b77-88b7-f0ab78890feb
2019-11-05 08:24:25,462 [grpc-default-executor-0] INFO  impl.RoleInfo (RoleInfo.java:shutdownFollowerState(121)) - 77ab65e6-d942-49df-83a3-1d4c0bf152b3: shutdown FollowerState
2019-11-05 08:24:25,462 [grpc-default-executor-0] INFO  impl.RoleInfo (RoleInfo.java:updateAndGet(143)) - 77ab65e6-d942-49df-83a3-1d4c0bf152b3: start FollowerState
2019-11-05 08:24:25,462 [Thread-3729] INFO  impl.FollowerState (FollowerState.java:run(117)) - 77ab65e6-d942-49df-83a3-1d4c0bf152b3@group-0DB8C7688BF9-FollowerState was interrupted: java.lang.InterruptedException: sleep interrupted
2019-11-05 08:24:25,462 [grpc-default-executor-3] INFO  impl.RaftServerImpl (RaftServerImpl.java:setRole(184)) - 7e1b84a9-a041-44fd-8008-f2679426984c@group-0DB8C7688BF9: changes role from  FOLLOWER to FOLLOWER at term 285 for recognizeCandidate:4a682f4f-c3f2-4b77-88b7-f0ab78890feb
2019-11-05 08:24:25,462 [grpc-default-executor-3] INFO  impl.RoleInfo (RoleInfo.java:shutdownFollowerState(121)) - 7e1b84a9-a041-44fd-8008-f2679426984c: shutdown FollowerState
2019-11-05 08:24:25,462 [grpc-default-executor-3] INFO  impl.RoleInfo (RoleInfo.java:updateAndGet(143)) - 7e1b84a9-a041-44fd-8008-f2679426984c: start FollowerState
2019-11-05 08:24:25,462 [Thread-3730] INFO  impl.FollowerState (FollowerState.java:run(117)) - 7e1b84a9-a041-44fd-8008-f2679426984c@group-0DB8C7688BF9-FollowerState was interrupted: java.lang.InterruptedException: sleep interrupted
2019-11-05 08:24:25,476 [4a682f4f-c3f2-4b77-88b7-f0ab78890feb@group-0DB8C7688BF9-LeaderElection509] INFO  impl.LeaderElection (LeaderElection.java:logAndReturn(56)) - 4a682f4f-c3f2-4b77-88b7-f0ab78890feb@group-0DB8C7688BF9-LeaderElection509: Election REJECTED; received 2 response(s) [4a682f4f-c3f2-4b77-88b7-f0ab78890feb<-77ab65e6-d942-49df-83a3-1d4c0bf152b3#0:FAIL-t285, 4a682f4f-c3f2-4b77-88b7-f0ab78890feb<-7e1b84a9-a041-44fd-8008-f2679426984c#0:FAIL-t285] and 0 exception(s); 4a682f4f-c3f2-4b77-88b7-f0ab78890feb@group-0DB8C7688BF9:t285, leader=null, voted=4a682f4f-c3f2-4b77-88b7-f0ab78890feb, raftlog=4a682f4f-c3f2-4b77-88b7-f0ab78890feb@group-0DB8C7688BF9-SegmentedRaftLog:OPENED:c-1,f-1,i0, conf=-1: [77ab65e6-d942-49df-83a3-1d4c0bf152b3:192.168.164.217:39381, 7e1b84a9-a041-44fd-8008-f2679426984c:192.168.164.217:44149, 4a682f4f-c3f2-4b77-88b7-f0ab78890feb:192.168.164.217:34174], old=null
2019-11-05 08:24:25,476 [4a682f4f-c3f2-4b77-88b7-f0ab78890feb@group-0DB8C7688BF9-LeaderElection509] INFO  impl.RaftServerImpl (RaftServerImpl.java:setRole(184)) - 4a682f4f-c3f2-4b77-88b7-f0ab78890feb@group-0DB8C7688BF9: changes role from CANDIDATE to FOLLOWER at term 285 for DISCOVERED_A_NEW_TERM
2019-11-05 08:24:25,476 [4a682f4f-c3f2-4b77-88b7-f0ab78890feb@group-0DB8C7688BF9-LeaderElection509] INFO  impl.RoleInfo (RoleInfo.java:shutdownLeaderElection(134)) - 4a682f4f-c3f2-4b77-88b7-f0ab78890feb: shutdown LeaderElection
2019-11-05 08:24:25,476 [4a682f4f-c3f2-4b77-88b7-f0ab78890feb@group-0DB8C7688BF9-LeaderElection509] INFO  impl.RoleInfo (RoleInfo.java:updateAndGet(143)) - 4a682f4f-c3f2-4b77-88b7-f0ab78890feb: start FollowerState
2019-11-05 08:24:25,480 [Thread-3737] INFO  impl.FollowerState (FollowerState.java:run(108)) - 4a682f4f-c3f2-4b77-88b7-f0ab78890feb@group-0DB8C7688BF9-FollowerState: change to CANDIDATE, lastRpcTime:4ms, electionTimeout:4ms
2019-11-05 08:24:25,480 [Thread-3737] INFO  impl.RoleInfo (RoleInfo.java:shutdownFollowerState(121)) - 4a682f4f-c3f2-4b77-88b7-f0ab78890feb: shutdown FollowerState
2019-11-05 08:24:25,481 [Thread-3737] INFO  impl.RaftServerImpl (RaftServerImpl.java:setRole(184)) - 4a682f4f-c3f2-4b77-88b7-f0ab78890feb@group-0DB8C7688BF9: changes role from  FOLLOWER to CANDIDATE at term 285 for changeToCandidate
2019-11-05 08:24:25,481 [Thread-3737] INFO  impl.RoleInfo (RoleInfo.java:updateAndGet(143)) - 4a682f4f-c3f2-4b77-88b7-f0ab78890feb: start LeaderElection
2019-11-05 08:24:25,494 [4a682f4f-c3f2-4b77-88b7-f0ab78890feb@group-0DB8C7688BF9-LeaderElection510] INFO  impl.LeaderElection (LeaderElection.java:askForVotes(178)) - 4a682f4f-c3f2-4b77-88b7-f0ab78890feb@group-0DB8C7688BF9-LeaderElection510: begin an election at term 286 for -1: [77ab65e6-d942-49df-83a3-1d4c0bf152b3:192.168.164.217:39381, 7e1b84a9-a041-44fd-8008-f2679426984c:192.168.164.217:44149, 4a682f4f-c3f2-4b77-88b7-f0ab78890feb:192.168.164.217:34174], old=null
2019-11-05 08:24:25,495 [grpc-default-executor-3] INFO  impl.RaftServerImpl (RaftServerImpl.java:setRole(184)) - 77ab65e6-d942-49df-83a3-1d4c0bf152b3@group-0DB8C7688BF9: changes role from  FOLLOWER to FOLLOWER at term 286 for recognizeCandidate:4a682f4f-c3f2-4b77-88b7-f0ab78890feb
2019-11-05 08:24:25,495 [grpc-default-executor-3] INFO  impl.RoleInfo (RoleInfo.java:shutdownFollowerState(121)) - 77ab65e6-d942-49df-83a3-1d4c0bf152b3: shutdown FollowerState
2019-11-05 08:24:25,495 [grpc-default-executor-0] INFO  impl.RaftServerImpl (RaftServerImpl.java:setRole(184)) - 7e1b84a9-a041-44fd-8008-f2679426984c@group-0DB8C7688BF9: changes role from  FOLLOWER to FOLLOWER at term 286 for recognizeCandidate:4a682f4f-c3f2-4b77-88b7-f0ab78890feb
2019-11-05 08:24:25,496 [grpc-default-executor-0] INFO  impl.RoleInfo (RoleInfo.java:shutdownFollowerState(121)) - 7e1b84a9-a041-44fd-8008-f2679426984c: shutdown FollowerState
2019-11-05 08:24:25,496 [grpc-default-executor-3] INFO  impl.RoleInfo (RoleInfo.java:updateAndGet(143)) - 77ab65e6-d942-49df-83a3-1d4c0bf152b3: start FollowerState
2019-11-05 08:24:25,496 [Thread-3736] INFO  impl.FollowerState (FollowerState.java:run(117)) - 7e1b84a9-a041-44fd-8008-f2679426984c@group-0DB8C7688BF9-FollowerState was interrupted: java.lang.InterruptedException: sleep interrupted
2019-11-05 08:24:25,496 [grpc-default-executor-0] INFO  impl.RoleInfo (RoleInfo.java:updateAndGet(143)) - 7e1b84a9-a041-44fd-8008-f2679426984c: start FollowerState
2019-11-05 08:24:25,496 [Thread-3735] INFO  impl.FollowerState (FollowerState.java:run(117)) - 77ab65e6-d942-49df-83a3-1d4c0bf152b3@group-0DB8C7688BF9-FollowerState was interrupted: java.lang.InterruptedException: sleep interrupted
2019-11-05 08:24:25,509 [4a682f4f-c3f2-4b77-88b7-f0ab78890feb@group-0DB8C7688BF9-LeaderElection510] INFO  impl.LeaderElection (LeaderElection.java:logAndReturn(56)) - 4a682f4f-c3f2-4b77-88b7-f0ab78890feb@group-0DB8C7688BF9-LeaderElection510: Election REJECTED; received 2 response(s) [4a682f4f-c3f2-4b77-88b7-f0ab78890feb<-77ab65e6-d942-49df-83a3-1d4c0bf152b3#0:FAIL-t286, 4a682f4f-c3f2-4b77-88b7-f0ab78890feb<-7e1b84a9-a041-44fd-8008-f2679426984c#0:FAIL-t286] and 0 exception(s); 4a682f4f-c3f2-4b77-88b7-f0ab78890feb@group-0DB8C7688BF9:t286, leader=null, voted=4a682f4f-c3f2-4b77-88b7-f0ab78890feb, raftlog=4a682f4f-c3f2-4b77-88b7-f0ab78890feb@group-0DB8C7688BF9-SegmentedRaftLog:OPENED:c-1,f-1,i0, conf=-1: [77ab65e6-d942-49df-83a3-1d4c0bf152b3:192.168.164.217:39381, 7e1b84a9-a041-44fd-8008-f2679426984c:192.168.164.217:44149, 4a682f4f-c3f2-4b77-88b7-f0ab78890feb:192.168.164.217:34174], old=null
2019-11-05 08:24:25,509 [4a682f4f-c3f2-4b77-88b7-f0ab78890feb@group-0DB8C7688BF9-LeaderElection510] INFO  impl.RaftServerImpl (RaftServerImpl.java:setRole(184)) - 4a682f4f-c3f2-4b77-88b7-f0ab78890feb@group-0DB8C7688BF9: changes role from CANDIDATE to FOLLOWER at term 286 for DISCOVERED_A_NEW_TERM
2019-11-05 08:24:25,509 [4a682f4f-c3f2-4b77-88b7-f0ab78890feb@group-0DB8C7688BF9-LeaderElection510] INFO  impl.RoleInfo (RoleInfo.java:shutdownLeaderElection(134)) - 4a682f4f-c3f2-4b77-88b7-f0ab78890feb: shutdown LeaderElection
2019-11-05 08:24:25,510 [4a682f4f-c3f2-4b77-88b7-f0ab78890feb@group-0DB8C7688BF9-LeaderElection510] INFO  impl.RoleInfo (RoleInfo.java:updateAndGet(143)) - 4a682f4f-c3f2-4b77-88b7-f0ab78890feb: start FollowerState
2019-11-05 08:24:25,668 [Thread-3743] INFO  impl.FollowerState (FollowerState.java:run(108)) - 4a682f4f-c3f2-4b77-88b7-f0ab78890feb@group-0DB8C7688BF9-FollowerState: change to CANDIDATE, lastRpcTime:158ms, electionTimeout:158ms
2019-11-05 08:24:25,668 [Thread-3743] INFO  impl.RoleInfo (RoleInfo.java:shutdownFollowerState(121)) - 4a682f4f-c3f2-4b77-88b7-f0ab78890feb: shutdown FollowerState
2019-11-05 08:24:25,668 [Thread-3743] INFO  impl.RaftServerImpl (RaftServerImpl.java:setRole(184)) - 4a682f4f-c3f2-4b77-88b7-f0ab78890feb@group-0DB8C7688BF9: changes role from  FOLLOWER to CANDIDATE at term 286 for changeToCandidate
2019-11-05 08:24:25,668 [Thread-3743] INFO  impl.RoleInfo (RoleInfo.java:updateAndGet(143)) - 4a682f4f-c3f2-4b77-88b7-f0ab78890feb: start LeaderElection
2019-11-05 08:24:25,682 [4a682f4f-c3f2-4b77-88b7-f0ab78890feb@group-0DB8C7688BF9-LeaderElection511] INFO  impl.LeaderElection (LeaderElection.java:askForVotes(178)) - 4a682f4f-c3f2-4b77-88b7-f0ab78890feb@group-0DB8C7688BF9-LeaderElection511: begin an election at term 287 for -1: [77ab65e6-d942-49df-83a3-1d4c0bf152b3:192.168.164.217:39381, 7e1b84a9-a041-44fd-8008-f2679426984c:192.168.164.217:44149, 4a682f4f-c3f2-4b77-88b7-f0ab78890feb:192.168.164.217:34174], old=null
2019-11-05 08:24:25,683 [grpc-default-executor-0] INFO  impl.RaftServerImpl (RaftServerImpl.java:setRole(184)) - 77ab65e6-d942-49df-83a3-1d4c0bf152b3@group-0DB8C7688BF9: changes role from  FOLLOWER to FOLLOWER at term 287 for recognizeCandidate:4a682f4f-c3f2-4b77-88b7-f0ab78890feb
2019-11-05 08:24:25,683 [grpc-default-executor-3] INFO  impl.RaftServerImpl (RaftServerImpl.java:setRole(184)) - 7e1b84a9-a041-44fd-8008-f2679426984c@group-0DB8C7688BF9: changes role from  FOLLOWER to FOLLOWER at term 287 for recognizeCandidate:4a682f4f-c3f2-4b77-88b7-f0ab78890feb
2019-11-05 08:24:25,683 [grpc-default-executor-0] INFO  impl.RoleInfo (RoleInfo.java:shutdownFollowerState(121)) - 77ab65e6-d942-49df-83a3-1d4c0bf152b3: shutdown FollowerState
2019-11-05 08:24:25,683 [grpc-default-executor-3] INFO  impl.RoleInfo (RoleInfo.java:shutdownFollowerState(121)) - 7e1b84a9-a041-44fd-8008-f2679426984c: shutdown FollowerState
2019-11-05 08:24:25,684 [Thread-3741] INFO  impl.FollowerState (FollowerState.java:run(117)) - 77ab65e6-d942-49df-83a3-1d4c0bf152b3@group-0DB8C7688BF9-FollowerState was interrupted: java.lang.InterruptedException: sleep interrupted
2019-11-05 08:24:25,684 [Thread-3742] INFO  impl.FollowerState (FollowerState.java:run(117)) - 7e1b84a9-a041-44fd-8008-f2679426984c@group-0DB8C7688BF9-FollowerState was interrupted: java.lang.InterruptedException: sleep interrupted
2019-11-05 08:24:25,684 [grpc-default-executor-0] INFO  impl.RoleInfo (RoleInfo.java:updateAndGet(143)) - 77ab65e6-d942-49df-83a3-1d4c0bf152b3: start FollowerState
2019-11-05 08:24:25,684 [grpc-default-executor-3] INFO  impl.RoleInfo (RoleInfo.java:updateAndGet(143)) - 7e1b84a9-a041-44fd-8008-f2679426984c: start FollowerState
2019-11-05 08:24:25,699 [4a682f4f-c3f2-4b77-88b7-f0ab78890feb@group-0DB8C7688BF9-LeaderElection511] INFO  impl.LeaderElection (LeaderElection.java:logAndReturn(56)) - 4a682f4f-c3f2-4b77-88b7-f0ab78890feb@group-0DB8C7688BF9-LeaderElection511: Election REJECTED; received 2 response(s) [4a682f4f-c3f2-4b77-88b7-f0ab78890feb<-77ab65e6-d942-49df-83a3-1d4c0bf152b3#0:FAIL-t287, 4a682f4f-c3f2-4b77-88b7-f0ab78890feb<-7e1b84a9-a041-44fd-8008-f2679426984c#0:FAIL-t287] and 0 exception(s); 4a682f4f-c3f2-4b77-88b7-f0ab78890feb@group-0DB8C7688BF9:t287, leader=null, voted=4a682f4f-c3f2-4b77-88b7-f0ab78890feb, raftlog=4a682f4f-c3f2-4b77-88b7-f0ab78890feb@group-0DB8C7688BF9-SegmentedRaftLog:OPENED:c-1,f-1,i0, conf=-1: [77ab65e6-d942-49df-83a3-1d4c0bf152b3:192.168.164.217:39381, 7e1b84a9-a041-44fd-8008-f2679426984c:192.168.164.217:44149, 4a682f4f-c3f2-4b77-88b7-f0ab78890feb:192.168.164.217:34174], old=null
2019-11-05 08:24:25,699 [4a682f4f-c3f2-4b77-88b7-f0ab78890feb@group-0DB8C7688BF9-LeaderElection511] INFO  impl.RaftServerImpl (RaftServerImpl.java:setRole(184)) - 4a682f4f-c3f2-4b77-88b7-f0ab78890feb@group-0DB8C7688BF9: changes role from CANDIDATE to FOLLOWER at term 287 for DISCOVERED_A_NEW_TERM
2019-11-05 08:24:25,700 [4a682f4f-c3f2-4b77-88b7-f0ab78890feb@group-0DB8C7688BF9-LeaderElection511] INFO  impl.RoleInfo (RoleInfo.java:shutdownLeaderElection(134)) - 4a682f4f-c3f2-4b77-88b7-f0ab78890feb: shutdown LeaderElection
2019-11-05 08:24:25,700 [4a682f4f-c3f2-4b77-88b7-f0ab78890feb@group-0DB8C7688BF9-LeaderElection511] INFO  impl.RoleInfo (RoleInfo.java:updateAndGet(143)) - 4a682f4f-c3f2-4b77-88b7-f0ab78890feb: start FollowerState
2019-11-05 08:24:25,716 [Thread-3749] INFO  impl.FollowerState (FollowerState.java:run(108)) - 4a682f4f-c3f2-4b77-88b7-f0ab78890feb@group-0DB8C7688BF9-FollowerState: change to CANDIDATE, lastRpcTime:16ms, electionTimeout:16ms
2019-11-05 08:24:25,716 [Thread-3749] INFO  impl.RoleInfo (RoleInfo.java:shutdownFollowerState(121)) - 4a682f4f-c3f2-4b77-88b7-f0ab78890feb: shutdown FollowerState
2019-11-05 08:24:25,716 [Thread-3749] INFO  impl.RaftServerImpl (RaftServerImpl.java:setRole(184)) - 4a682f4f-c3f2-4b77-88b7-f0ab78890feb@group-0DB8C7688BF9: changes role from  FOLLOWER to CANDIDATE at term 287 for changeToCandidate
2019-11-05 08:24:25,716 [Thread-3749] INFO  impl.RoleInfo (RoleInfo.java:updateAndGet(143)) - 4a682f4f-c3f2-4b77-88b7-f0ab78890feb: start LeaderElection
2019-11-05 08:24:25,730 [4a682f4f-c3f2-4b77-88b7-f0ab78890feb@group-0DB8C7688BF9-LeaderElection512] INFO  impl.LeaderElection (LeaderElection.java:askForVotes(178)) - 4a682f4f-c3f2-4b77-88b7-f0ab78890feb@group-0DB8C7688BF9-LeaderElection512: begin an election at term 288 for -1: [77ab65e6-d942-49df-83a3-1d4c0bf152b3:192.168.164.217:39381, 7e1b84a9-a041-44fd-8008-f2679426984c:192.168.164.217:44149, 4a682f4f-c3f2-4b77-88b7-f0ab78890feb:192.168.164.217:34174], old=null
2019-11-05 08:24:25,731 [grpc-default-executor-3] INFO  impl.RaftServerImpl (RaftServerImpl.java:setRole(184)) - 77ab65e6-d942-49df-83a3-1d4c0bf152b3@group-0DB8C7688BF9: changes role from  FOLLOWER to FOLLOWER at term 288 for recognizeCandidate:4a682f4f-c3f2-4b77-88b7-f0ab78890feb
2019-11-05 08:24:25,731 [grpc-default-executor-3] INFO  impl.RoleInfo (RoleInfo.java:shutdownFollowerState(121)) - 77ab65e6-d942-49df-83a3-1d4c0bf152b3: shutdown FollowerState
2019-11-05 08:24:25,732 [grpc-default-executor-3] INFO  impl.RoleInfo (RoleInfo.java:updateAndGet(143)) - 77ab65e6-d942-49df-83a3-1d4c0bf152b3: start FollowerState
2019-11-05 08:24:25,732 [Thread-3747] INFO  impl.FollowerState (FollowerState.java:run(117)) - 77ab65e6-d942-49df-83a3-1d4c0bf152b3@group-0DB8C7688BF9-FollowerState was interrupted: java.lang.InterruptedException: sleep interrupted
2019-11-05 08:24:25,732 [grpc-default-executor-0] INFO  impl.RaftServerImpl (RaftServerImpl.java:setRole(184)) - 7e1b84a9-a041-44fd-8008-f2679426984c@group-0DB8C7688BF9: changes role from  FOLLOWER to FOLLOWER at term 288 for recognizeCandidate:4a682f4f-c3f2-4b77-88b7-f0ab78890feb
2019-11-05 08:24:25,732 [grpc-default-executor-0] INFO  impl.RoleInfo (RoleInfo.java:shutdownFollowerState(121)) - 7e1b84a9-a041-44fd-8008-f2679426984c: shutdown FollowerState
2019-11-05 08:24:25,732 [grpc-default-executor-0] INFO  impl.RoleInfo (RoleInfo.java:updateAndGet(143)) - 7e1b84a9-a041-44fd-8008-f2679426984c: start FollowerState
2019-11-05 08:24:25,732 [Thread-3748] INFO  impl.FollowerState (FollowerState.java:run(117)) - 7e1b84a9-a041-44fd-8008-f2679426984c@group-0DB8C7688BF9-FollowerState was interrupted: java.lang.InterruptedException: sleep interrupted
2019-11-05 08:24:25,746 [4a682f4f-c3f2-4b77-88b7-f0ab78890feb@group-0DB8C7688BF9-LeaderElection512] INFO  impl.LeaderElection (LeaderElection.java:logAndReturn(56)) - 4a682f4f-c3f2-4b77-88b7-f0ab78890feb@group-0DB8C7688BF9-LeaderElection512: Election REJECTED; received 2 response(s) [4a682f4f-c3f2-4b77-88b7-f0ab78890feb<-77ab65e6-d942-49df-83a3-1d4c0bf152b3#0:FAIL-t288, 4a682f4f-c3f2-4b77-88b7-f0ab78890feb<-7e1b84a9-a041-44fd-8008-f2679426984c#0:FAIL-t288] and 0 exception(s); 4a682f4f-c3f2-4b77-88b7-f0ab78890feb@group-0DB8C7688BF9:t288, leader=null, voted=4a682f4f-c3f2-4b77-88b7-f0ab78890feb, raftlog=4a682f4f-c3f2-4b77-88b7-f0ab78890feb@group-0DB8C7688BF9-SegmentedRaftLog:OPENED:c-1,f-1,i0, conf=-1: [77ab65e6-d942-49df-83a3-1d4c0bf152b3:192.168.164.217:39381, 7e1b84a9-a041-44fd-8008-f2679426984c:192.168.164.217:44149, 4a682f4f-c3f2-4b77-88b7-f0ab78890feb:192.168.164.217:34174], old=null
2019-11-05 08:24:25,746 [4a682f4f-c3f2-4b77-88b7-f0ab78890feb@group-0DB8C7688BF9-LeaderElection512] INFO  impl.RaftServerImpl (RaftServerImpl.java:setRole(184)) - 4a682f4f-c3f2-4b77-88b7-f0ab78890feb@group-0DB8C7688BF9: changes role from CANDIDATE to FOLLOWER at term 288 for DISCOVERED_A_NEW_TERM
2019-11-05 08:24:25,746 [4a682f4f-c3f2-4b77-88b7-f0ab78890feb@group-0DB8C7688BF9-LeaderElection512] INFO  impl.RoleInfo (RoleInfo.java:shutdownLeaderElection(134)) - 4a682f4f-c3f2-4b77-88b7-f0ab78890feb: shutdown LeaderElection
2019-11-05 08:24:25,746 [4a682f4f-c3f2-4b77-88b7-f0ab78890feb@group-0DB8C7688BF9-LeaderElection512] INFO  impl.RoleInfo (RoleInfo.java:updateAndGet(143)) - 4a682f4f-c3f2-4b77-88b7-f0ab78890feb: start FollowerState
2019-11-05 08:24:25,751 [java.util.concurrent.ThreadPoolExecutor$Worker@4893213[State = -1, empty queue]] WARN  server.GrpcLogAppender (GrpcLogAppender.java:timeoutAppendRequest(209)) - 6189f8a4-91dd-451f-abcb-72b2dcd73465@group-9D53872EEF85->fe5257f1-588f-41af-bf70-1c04126c8968-GrpcLogAppender: appendEntries Timeout, request=6189f8a4-91dd-451f-abcb-72b2dcd73465->fe5257f1-588f-41af-bf70-1c04126c8968#87-t4, previous=(t:4, i:20), leaderCommit=20, initializing? false, entries: <empty>
2019-11-05 08:24:25,877 [Thread-3755] INFO  impl.FollowerState (FollowerState.java:run(108)) - 4a682f4f-c3f2-4b77-88b7-f0ab78890feb@group-0DB8C7688BF9-FollowerState: change to CANDIDATE, lastRpcTime:130ms, electionTimeout:130ms
2019-11-05 08:24:25,877 [Thread-3755] INFO  impl.RoleInfo (RoleInfo.java:shutdownFollowerState(121)) - 4a682f4f-c3f2-4b77-88b7-f0ab78890feb: shutdown FollowerState
2019-11-05 08:24:25,877 [Thread-3755] INFO  impl.RaftServerImpl (RaftServerImpl.java:setRole(184)) - 4a682f4f-c3f2-4b77-88b7-f0ab78890feb@group-0DB8C7688BF9: changes role from  FOLLOWER to CANDIDATE at term 288 for changeToCandidate
2019-11-05 08:24:25,877 [Thread-3755] INFO  impl.RoleInfo (RoleInfo.java:updateAndGet(143)) - 4a682f4f-c3f2-4b77-88b7-f0ab78890feb: start LeaderElection
2019-11-05 08:24:25,891 [4a682f4f-c3f2-4b77-88b7-f0ab78890feb@group-0DB8C7688BF9-LeaderElection513] INFO  impl.LeaderElection (LeaderElection.java:askForVotes(178)) - 4a682f4f-c3f2-4b77-88b7-f0ab78890feb@group-0DB8C7688BF9-LeaderElection513: begin an election at term 289 for -1: [77ab65e6-d942-49df-83a3-1d4c0bf152b3:192.168.164.217:39381, 7e1b84a9-a041-44fd-8008-f2679426984c:192.168.164.217:44149, 4a682f4f-c3f2-4b77-88b7-f0ab78890feb:192.168.164.217:34174], old=null
2019-11-05 08:24:25,892 [grpc-default-executor-0] INFO  impl.RaftServerImpl (RaftServerImpl.java:setRole(184)) - 77ab65e6-d942-49df-83a3-1d4c0bf152b3@group-0DB8C7688BF9: changes role from  FOLLOWER to FOLLOWER at term 289 for recognizeCandidate:4a682f4f-c3f2-4b77-88b7-f0ab78890feb
2019-11-05 08:24:25,893 [grpc-default-executor-0] INFO  impl.RoleInfo (RoleInfo.java:shutdownFollowerState(121)) - 77ab65e6-d942-49df-83a3-1d4c0bf152b3: shutdown FollowerState
2019-11-05 08:24:25,893 [grpc-default-executor-3] INFO  impl.RaftServerImpl (RaftServerImpl.java:setRole(184)) - 7e1b84a9-a041-44fd-8008-f2679426984c@group-0DB8C7688BF9: changes role from  FOLLOWER to FOLLOWER at term 289 for recognizeCandidate:4a682f4f-c3f2-4b77-88b7-f0ab78890feb
2019-11-05 08:24:25,893 [Thread-3753] INFO  impl.FollowerState (FollowerState.java:run(117)) - 77ab65e6-d942-49df-83a3-1d4c0bf152b3@group-0DB8C7688BF9-FollowerState was interrupted: java.lang.InterruptedException: sleep interrupted
2019-11-05 08:24:25,893 [grpc-default-executor-0] INFO  impl.RoleInfo (RoleInfo.java:updateAndGet(143)) - 77ab65e6-d942-49df-83a3-1d4c0bf152b3: start FollowerState
2019-11-05 08:24:25,893 [grpc-default-executor-3] INFO  impl.RoleInfo (RoleInfo.java:shutdownFollowerState(121)) - 7e1b84a9-a041-44fd-8008-f2679426984c: shutdown FollowerState
2019-11-05 08:24:25,893 [grpc-default-executor-3] INFO  impl.RoleInfo (RoleInfo.java:updateAndGet(143)) - 7e1b84a9-a041-44fd-8008-f2679426984c: start FollowerState
2019-11-05 08:24:25,893 [Thread-3754] INFO  impl.FollowerState (FollowerState.java:run(117)) - 7e1b84a9-a041-44fd-8008-f2679426984c@group-0DB8C7688BF9-FollowerState was interrupted: java.lang.InterruptedException: sleep interrupted
2019-11-05 08:24:25,908 [4a682f4f-c3f2-4b77-88b7-f0ab78890feb@group-0DB8C7688BF9-LeaderElection513] INFO  impl.LeaderElection (LeaderElection.java:logAndReturn(56)) - 4a682f4f-c3f2-4b77-88b7-f0ab78890feb@group-0DB8C7688BF9-LeaderElection513: Election REJECTED; received 2 response(s) [4a682f4f-c3f2-4b77-88b7-f0ab78890feb<-77ab65e6-d942-49df-83a3-1d4c0bf152b3#0:FAIL-t289, 4a682f4f-c3f2-4b77-88b7-f0ab78890feb<-7e1b84a9-a041-44fd-8008-f2679426984c#0:FAIL-t289] and 0 exception(s); 4a682f4f-c3f2-4b77-88b7-f0ab78890feb@group-0DB8C7688BF9:t289, leader=null, voted=4a682f4f-c3f2-4b77-88b7-f0ab78890feb, raftlog=4a682f4f-c3f2-4b77-88b7-f0ab78890feb@group-0DB8C7688BF9-SegmentedRaftLog:OPENED:c-1,f-1,i0, conf=-1: [77ab65e6-d942-49df-83a3-1d4c0bf152b3:192.168.164.217:39381, 7e1b84a9-a041-44fd-8008-f2679426984c:192.168.164.217:44149, 4a682f4f-c3f2-4b77-88b7-f0ab78890feb:192.168.164.217:34174], old=null
2019-11-05 08:24:25,908 [4a682f4f-c3f2-4b77-88b7-f0ab78890feb@group-0DB8C7688BF9-LeaderElection513] INFO  impl.RaftServerImpl (RaftServerImpl.java:setRole(184)) - 4a682f4f-c3f2-4b77-88b7-f0ab78890feb@group-0DB8C7688BF9: changes role from CANDIDATE to FOLLOWER at term 289 for DISCOVERED_A_NEW_TERM
2019-11-05 08:24:25,908 [4a682f4f-c3f2-4b77-88b7-f0ab78890feb@group-0DB8C7688BF9-LeaderElection513] INFO  impl.RoleInfo (RoleInfo.java:shutdownLeaderElection(134)) - 4a682f4f-c3f2-4b77-88b7-f0ab78890feb: shutdown LeaderElection
2019-11-05 08:24:25,908 [4a682f4f-c3f2-4b77-88b7-f0ab78890feb@group-0DB8C7688BF9-LeaderElection513] INFO  impl.RoleInfo (RoleInfo.java:updateAndGet(143)) - 4a682f4f-c3f2-4b77-88b7-f0ab78890feb: start FollowerState
2019-11-05 08:24:26,073 [Thread-3761] INFO  impl.FollowerState (FollowerState.java:run(108)) - 4a682f4f-c3f2-4b77-88b7-f0ab78890feb@group-0DB8C7688BF9-FollowerState: change to CANDIDATE, lastRpcTime:165ms, electionTimeout:165ms
2019-11-05 08:24:26,074 [Thread-3761] INFO  impl.RoleInfo (RoleInfo.java:shutdownFollowerState(121)) - 4a682f4f-c3f2-4b77-88b7-f0ab78890feb: shutdown FollowerState
2019-11-05 08:24:26,074 [Thread-3761] INFO  impl.RaftServerImpl (RaftServerImpl.java:setRole(184)) - 4a682f4f-c3f2-4b77-88b7-f0ab78890feb@group-0DB8C7688BF9: changes role from  FOLLOWER to CANDIDATE at term 289 for changeToCandidate
2019-11-05 08:24:26,074 [Thread-3761] INFO  impl.RoleInfo (RoleInfo.java:updateAndGet(143)) - 4a682f4f-c3f2-4b77-88b7-f0ab78890feb: start LeaderElection
2019-11-05 08:24:26,088 [4a682f4f-c3f2-4b77-88b7-f0ab78890feb@group-0DB8C7688BF9-LeaderElection514] INFO  impl.LeaderElection (LeaderElection.java:askForVotes(178)) - 4a682f4f-c3f2-4b77-88b7-f0ab78890feb@group-0DB8C7688BF9-LeaderElection514: begin an election at term 290 for -1: [77ab65e6-d942-49df-83a3-1d4c0bf152b3:192.168.164.217:39381, 7e1b84a9-a041-44fd-8008-f2679426984c:192.168.164.217:44149, 4a682f4f-c3f2-4b77-88b7-f0ab78890feb:192.168.164.217:34174], old=null
2019-11-05 08:24:26,090 [grpc-default-executor-3] INFO  impl.RaftServerImpl (RaftServerImpl.java:setRole(184)) - 7e1b84a9-a041-44fd-8008-f2679426984c@group-0DB8C7688BF9: changes role from  FOLLOWER to FOLLOWER at term 290 for recognizeCandidate:4a682f4f-c3f2-4b77-88b7-f0ab78890feb
2019-11-05 08:24:26,090 [grpc-default-executor-0] INFO  impl.RaftServerImpl (RaftServerImpl.java:setRole(184)) - 77ab65e6-d942-49df-83a3-1d4c0bf152b3@group-0DB8C7688BF9: changes role from  FOLLOWER to FOLLOWER at term 290 for recognizeCandidate:4a682f4f-c3f2-4b77-88b7-f0ab78890feb
2019-11-05 08:24:26,090 [grpc-default-executor-0] INFO  impl.RoleInfo (RoleInfo.java:shutdownFollowerState(121)) - 77ab65e6-d942-49df-83a3-1d4c0bf152b3: shutdown FollowerState
2019-11-05 08:24:26,090 [grpc-default-executor-3] INFO  impl.RoleInfo (RoleInfo.java:shutdownFollowerState(121)) - 7e1b84a9-a041-44fd-8008-f2679426984c: shutdown FollowerState
2019-11-05 08:24:26,090 [Thread-3759] INFO  impl.FollowerState (FollowerState.java:run(117)) - 77ab65e6-d942-49df-83a3-1d4c0bf152b3@group-0DB8C7688BF9-FollowerState was interrupted: java.lang.InterruptedException: sleep interrupted
2019-11-05 08:24:26,090 [grpc-default-executor-0] INFO  impl.RoleInfo (RoleInfo.java:updateAndGet(143)) - 77ab65e6-d942-49df-83a3-1d4c0bf152b3: start FollowerState
2019-11-05 08:24:26,090 [Thread-3760] INFO  impl.FollowerState (FollowerState.java:run(117)) - 7e1b84a9-a041-44fd-8008-f2679426984c@group-0DB8C7688BF9-FollowerState was interrupted: java.lang.InterruptedException: sleep interrupted
2019-11-05 08:24:26,090 [grpc-default-executor-3] INFO  impl.RoleInfo (RoleInfo.java:updateAndGet(143)) - 7e1b84a9-a041-44fd-8008-f2679426984c: start FollowerState
2019-11-05 08:24:26,105 [4a682f4f-c3f2-4b77-88b7-f0ab78890feb@group-0DB8C7688BF9-LeaderElection514] INFO  impl.LeaderElection (LeaderElection.java:logAndReturn(56)) - 4a682f4f-c3f2-4b77-88b7-f0ab78890feb@group-0DB8C7688BF9-LeaderElection514: Election REJECTED; received 2 response(s) [4a682f4f-c3f2-4b77-88b7-f0ab78890feb<-77ab65e6-d942-49df-83a3-1d4c0bf152b3#0:FAIL-t290, 4a682f4f-c3f2-4b77-88b7-f0ab78890feb<-7e1b84a9-a041-44fd-8008-f2679426984c#0:FAIL-t290] and 0 exception(s); 4a682f4f-c3f2-4b77-88b7-f0ab78890feb@group-0DB8C7688BF9:t290, leader=null, voted=4a682f4f-c3f2-4b77-88b7-f0ab78890feb, raftlog=4a682f4f-c3f2-4b77-88b7-f0ab78890feb@group-0DB8C7688BF9-SegmentedRaftLog:OPENED:c-1,f-1,i0, conf=-1: [77ab65e6-d942-49df-83a3-1d4c0bf152b3:192.168.164.217:39381, 7e1b84a9-a041-44fd-8008-f2679426984c:192.168.164.217:44149, 4a682f4f-c3f2-4b77-88b7-f0ab78890feb:192.168.164.217:34174], old=null
2019-11-05 08:24:26,105 [4a682f4f-c3f2-4b77-88b7-f0ab78890feb@group-0DB8C7688BF9-LeaderElection514] INFO  impl.RaftServerImpl (RaftServerImpl.java:setRole(184)) - 4a682f4f-c3f2-4b77-88b7-f0ab78890feb@group-0DB8C7688BF9: changes role from CANDIDATE to FOLLOWER at term 290 for DISCOVERED_A_NEW_TERM
2019-11-05 08:24:26,105 [4a682f4f-c3f2-4b77-88b7-f0ab78890feb@group-0DB8C7688BF9-LeaderElection514] INFO  impl.RoleInfo (RoleInfo.java:shutdownLeaderElection(134)) - 4a682f4f-c3f2-4b77-88b7-f0ab78890feb: shutdown LeaderElection
2019-11-05 08:24:26,105 [4a682f4f-c3f2-4b77-88b7-f0ab78890feb@group-0DB8C7688BF9-LeaderElection514] INFO  impl.RoleInfo (RoleInfo.java:updateAndGet(143)) - 4a682f4f-c3f2-4b77-88b7-f0ab78890feb: start FollowerState
2019-11-05 08:24:26,252 [java.util.concurrent.ThreadPoolExecutor$Worker@4893213[State = -1, empty queue]] WARN  server.GrpcLogAppender (GrpcLogAppender.java:timeoutAppendRequest(209)) - 6189f8a4-91dd-451f-abcb-72b2dcd73465@group-9D53872EEF85->fe5257f1-588f-41af-bf70-1c04126c8968-GrpcLogAppender: appendEntries Timeout, request=6189f8a4-91dd-451f-abcb-72b2dcd73465->fe5257f1-588f-41af-bf70-1c04126c8968#88-t4, previous=(t:4, i:20), leaderCommit=20, initializing? false, entries: <empty>
2019-11-05 08:24:26,263 [Thread-3767] INFO  impl.FollowerState (FollowerState.java:run(108)) - 4a682f4f-c3f2-4b77-88b7-f0ab78890feb@group-0DB8C7688BF9-FollowerState: change to CANDIDATE, lastRpcTime:157ms, electionTimeout:157ms
2019-11-05 08:24:26,263 [Thread-3767] INFO  impl.RoleInfo (RoleInfo.java:shutdownFollowerState(121)) - 4a682f4f-c3f2-4b77-88b7-f0ab78890feb: shutdown FollowerState
2019-11-05 08:24:26,263 [Thread-3767] INFO  impl.RaftServerImpl (RaftServerImpl.java:setRole(184)) - 4a682f4f-c3f2-4b77-88b7-f0ab78890feb@group-0DB8C7688BF9: changes role from  FOLLOWER to CANDIDATE at term 290 for changeToCandidate
2019-11-05 08:24:26,263 [Thread-3767] INFO  impl.RoleInfo (RoleInfo.java:updateAndGet(143)) - 4a682f4f-c3f2-4b77-88b7-f0ab78890feb: start LeaderElection
2019-11-05 08:24:26,276 [4a682f4f-c3f2-4b77-88b7-f0ab78890feb@group-0DB8C7688BF9-LeaderElection515] INFO  impl.LeaderElection (LeaderElection.java:askForVotes(178)) - 4a682f4f-c3f2-4b77-88b7-f0ab78890feb@group-0DB8C7688BF9-LeaderElection515: begin an election at term 291 for -1: [77ab65e6-d942-49df-83a3-1d4c0bf152b3:192.168.164.217:39381, 7e1b84a9-a041-44fd-8008-f2679426984c:192.168.164.217:44149, 4a682f4f-c3f2-4b77-88b7-f0ab78890feb:192.168.164.217:34174], old=null
2019-11-05 08:24:26,277 [grpc-default-executor-3] INFO  impl.RaftServerImpl (RaftServerImpl.java:setRole(184)) - 77ab65e6-d942-49df-83a3-1d4c0bf152b3@group-0DB8C7688BF9: changes role from  FOLLOWER to FOLLOWER at term 291 for recognizeCandidate:4a682f4f-c3f2-4b77-88b7-f0ab78890feb
2019-11-05 08:24:26,277 [grpc-default-executor-0] INFO  impl.RaftServerImpl (RaftServerImpl.java:setRole(184)) - 7e1b84a9-a041-44fd-8008-f2679426984c@group-0DB8C7688BF9: changes role from  FOLLOWER to FOLLOWER at term 291 for recognizeCandidate:4a682f4f-c3f2-4b77-88b7-f0ab78890feb
2019-11-05 08:24:26,277 [grpc-default-executor-0] INFO  impl.RoleInfo (RoleInfo.java:shutdownFollowerState(121)) - 7e1b84a9-a041-44fd-8008-f2679426984c: shutdown FollowerState
2019-11-05 08:24:26,277 [grpc-default-executor-3] INFO  impl.RoleInfo (RoleInfo.java:shutdownFollowerState(121)) - 77ab65e6-d942-49df-83a3-1d4c0bf152b3: shutdown FollowerState
2019-11-05 08:24:26,278 [Thread-3766] INFO  impl.FollowerState (FollowerState.java:run(117)) - 7e1b84a9-a041-44fd-8008-f2679426984c@group-0DB8C7688BF9-FollowerState was interrupted: java.lang.InterruptedException: sleep interrupted
2019-11-05 08:24:26,278 [grpc-default-executor-0] INFO  impl.RoleInfo (RoleInfo.java:updateAndGet(143)) - 7e1b84a9-a041-44fd-8008-f2679426984c: start FollowerState
2019-11-05 08:24:26,278 [Thread-3765] INFO  impl.FollowerState (FollowerState.java:run(117)) - 77ab65e6-d942-49df-83a3-1d4c0bf152b3@group-0DB8C7688BF9-FollowerState was interrupted: java.lang.InterruptedException: sleep interrupted
2019-11-05 08:24:26,278 [grpc-default-executor-3] INFO  impl.RoleInfo (RoleInfo.java:updateAndGet(143)) - 77ab65e6-d942-49df-83a3-1d4c0bf152b3: start FollowerState
2019-11-05 08:24:26,292 [4a682f4f-c3f2-4b77-88b7-f0ab78890feb@group-0DB8C7688BF9-LeaderElection515] INFO  impl.LeaderElection (LeaderElection.java:logAndReturn(56)) - 4a682f4f-c3f2-4b77-88b7-f0ab78890feb@group-0DB8C7688BF9-LeaderElection515: Election REJECTED; received 2 response(s) [4a682f4f-c3f2-4b77-88b7-f0ab78890feb<-77ab65e6-d942-49df-83a3-1d4c0bf152b3#0:FAIL-t291, 4a682f4f-c3f2-4b77-88b7-f0ab78890feb<-7e1b84a9-a041-44fd-8008-f2679426984c#0:FAIL-t291] and 0 exception(s); 4a682f4f-c3f2-4b77-88b7-f0ab78890feb@group-0DB8C7688BF9:t291, leader=null, voted=4a682f4f-c3f2-4b77-88b7-f0ab78890feb, raftlog=4a682f4f-c3f2-4b77-88b7-f0ab78890feb@group-0DB8C7688BF9-SegmentedRaftLog:OPENED:c-1,f-1,i0, conf=-1: [77ab65e6-d942-49df-83a3-1d4c0bf152b3:192.168.164.217:39381, 7e1b84a9-a041-44fd-8008-f2679426984c:192.168.164.217:44149, 4a682f4f-c3f2-4b77-88b7-f0ab78890feb:192.168.164.217:34174], old=null
2019-11-05 08:24:26,292 [4a682f4f-c3f2-4b77-88b7-f0ab78890feb@group-0DB8C7688BF9-LeaderElection515] INFO  impl.RaftServerImpl (RaftServerImpl.java:setRole(184)) - 4a682f4f-c3f2-4b77-88b7-f0ab78890feb@group-0DB8C7688BF9: changes role from CANDIDATE to FOLLOWER at term 291 for DISCOVERED_A_NEW_TERM
2019-11-05 08:24:26,292 [4a682f4f-c3f2-4b77-88b7-f0ab78890feb@group-0DB8C7688BF9-LeaderElection515] INFO  impl.RoleInfo (RoleInfo.java:shutdownLeaderElection(134)) - 4a682f4f-c3f2-4b77-88b7-f0ab78890feb: shutdown LeaderElection
2019-11-05 08:24:26,292 [4a682f4f-c3f2-4b77-88b7-f0ab78890feb@group-0DB8C7688BF9-LeaderElection515] INFO  impl.RoleInfo (RoleInfo.java:updateAndGet(143)) - 4a682f4f-c3f2-4b77-88b7-f0ab78890feb: start FollowerState
2019-11-05 08:24:26,318 [Thread-3773] INFO  impl.FollowerState (FollowerState.java:run(108)) - 4a682f4f-c3f2-4b77-88b7-f0ab78890feb@group-0DB8C7688BF9-FollowerState: change to CANDIDATE, lastRpcTime:26ms, electionTimeout:26ms
2019-11-05 08:24:26,319 [Thread-3773] INFO  impl.RoleInfo (RoleInfo.java:shutdownFollowerState(121)) - 4a682f4f-c3f2-4b77-88b7-f0ab78890feb: shutdown FollowerState
2019-11-05 08:24:26,319 [Thread-3773] INFO  impl.RaftServerImpl (RaftServerImpl.java:setRole(184)) - 4a682f4f-c3f2-4b77-88b7-f0ab78890feb@group-0DB8C7688BF9: changes role from  FOLLOWER to CANDIDATE at term 291 for changeToCandidate
2019-11-05 08:24:26,319 [Thread-3773] INFO  impl.RoleInfo (RoleInfo.java:updateAndGet(143)) - 4a682f4f-c3f2-4b77-88b7-f0ab78890feb: start LeaderElection
2019-11-05 08:24:26,332 [4a682f4f-c3f2-4b77-88b7-f0ab78890feb@group-0DB8C7688BF9-LeaderElection516] INFO  impl.LeaderElection (LeaderElection.java:askForVotes(178)) - 4a682f4f-c3f2-4b77-88b7-f0ab78890feb@group-0DB8C7688BF9-LeaderElection516: begin an election at term 292 for -1: [77ab65e6-d942-49df-83a3-1d4c0bf152b3:192.168.164.217:39381, 7e1b84a9-a041-44fd-8008-f2679426984c:192.168.164.217:44149, 4a682f4f-c3f2-4b77-88b7-f0ab78890feb:192.168.164.217:34174], old=null
2019-11-05 08:24:26,333 [grpc-default-executor-0] INFO  impl.RaftServerImpl (RaftServerImpl.java:setRole(184)) - 77ab65e6-d942-49df-83a3-1d4c0bf152b3@group-0DB8C7688BF9: changes role from  FOLLOWER to FOLLOWER at term 292 for recognizeCandidate:4a682f4f-c3f2-4b77-88b7-f0ab78890feb
2019-11-05 08:24:26,333 [grpc-default-executor-0] INFO  impl.RoleInfo (RoleInfo.java:shutdownFollowerState(121)) - 77ab65e6-d942-49df-83a3-1d4c0bf152b3: shutdown FollowerState
2019-11-05 08:24:26,333 [grpc-default-executor-0] INFO  impl.RoleInfo (RoleInfo.java:updateAndGet(143)) - 77ab65e6-d942-49df-83a3-1d4c0bf152b3: start FollowerState
2019-11-05 08:24:26,333 [Thread-3772] INFO  impl.FollowerState (FollowerState.java:run(117)) - 77ab65e6-d942-49df-83a3-1d4c0bf152b3@group-0DB8C7688BF9-FollowerState was interrupted: java.lang.InterruptedException: sleep interrupted
2019-11-05 08:24:26,334 [grpc-default-executor-3] INFO  impl.RaftServerImpl (RaftServerImpl.java:setRole(184)) - 7e1b84a9-a041-44fd-8008-f2679426984c@group-0DB8C7688BF9: changes role from  FOLLOWER to FOLLOWER at term 292 for recognizeCandidate:4a682f4f-c3f2-4b77-88b7-f0ab78890feb
2019-11-05 08:24:26,334 [grpc-default-executor-3] INFO  impl.RoleInfo (RoleInfo.java:shutdownFollowerState(121)) - 7e1b84a9-a041-44fd-8008-f2679426984c: shutdown FollowerState
2019-11-05 08:24:26,334 [grpc-default-executor-3] INFO  impl.RoleInfo (RoleInfo.java:updateAndGet(143)) - 7e1b84a9-a041-44fd-8008-f2679426984c: start FollowerState
2019-11-05 08:24:26,334 [Thread-3771] INFO  impl.FollowerState (FollowerState.java:run(117)) - 7e1b84a9-a041-44fd-8008-f2679426984c@group-0DB8C7688BF9-FollowerState was interrupted: java.lang.InterruptedException: sleep interrupted
2019-11-05 08:24:26,343 [4a682f4f-c3f2-4b77-88b7-f0ab78890feb@group-0DB8C7688BF9-LeaderElection516] INFO  impl.LeaderElection (LeaderElection.java:logAndReturn(56)) - 4a682f4f-c3f2-4b77-88b7-f0ab78890feb@group-0DB8C7688BF9-LeaderElection516: Election TIMEOUT; received 0 response(s) [] and 0 exception(s); 4a682f4f-c3f2-4b77-88b7-f0ab78890feb@group-0DB8C7688BF9:t292, leader=null, voted=4a682f4f-c3f2-4b77-88b7-f0ab78890feb, raftlog=4a682f4f-c3f2-4b77-88b7-f0ab78890feb@group-0DB8C7688BF9-SegmentedRaftLog:OPENED:c-1,f-1,i0, conf=-1: [77ab65e6-d942-49df-83a3-1d4c0bf152b3:192.168.164.217:39381, 7e1b84a9-a041-44fd-8008-f2679426984c:192.168.164.217:44149, 4a682f4f-c3f2-4b77-88b7-f0ab78890feb:192.168.164.217:34174], old=null
2019-11-05 08:24:26,347 [4a682f4f-c3f2-4b77-88b7-f0ab78890feb@group-0DB8C7688BF9-LeaderElection516] INFO  impl.LeaderElection (LeaderElection.java:askForVotes(178)) - 4a682f4f-c3f2-4b77-88b7-f0ab78890feb@group-0DB8C7688BF9-LeaderElection516: begin an election at term 293 for -1: [77ab65e6-d942-49df-83a3-1d4c0bf152b3:192.168.164.217:39381, 7e1b84a9-a041-44fd-8008-f2679426984c:192.168.164.217:44149, 4a682f4f-c3f2-4b77-88b7-f0ab78890feb:192.168.164.217:34174], old=null
2019-11-05 08:24:26,348 [grpc-default-executor-0] INFO  impl.RaftServerImpl (RaftServerImpl.java:setRole(184)) - 77ab65e6-d942-49df-83a3-1d4c0bf152b3@group-0DB8C7688BF9: changes role from  FOLLOWER to FOLLOWER at term 293 for recognizeCandidate:4a682f4f-c3f2-4b77-88b7-f0ab78890feb
2019-11-05 08:24:26,348 [grpc-default-executor-3] INFO  impl.RaftServerImpl (RaftServerImpl.java:setRole(184)) - 7e1b84a9-a041-44fd-8008-f2679426984c@group-0DB8C7688BF9: changes role from  FOLLOWER to FOLLOWER at term 293 for recognizeCandidate:4a682f4f-c3f2-4b77-88b7-f0ab78890feb
2019-11-05 08:24:26,349 [grpc-default-executor-0] INFO  impl.RoleInfo (RoleInfo.java:shutdownFollowerState(121)) - 77ab65e6-d942-49df-83a3-1d4c0bf152b3: shutdown FollowerState
2019-11-05 08:24:26,349 [grpc-default-executor-3] INFO  impl.RoleInfo (RoleInfo.java:shutdownFollowerState(121)) - 7e1b84a9-a041-44fd-8008-f2679426984c: shutdown FollowerState
2019-11-05 08:24:26,349 [grpc-default-executor-0] INFO  impl.RoleInfo (RoleInfo.java:updateAndGet(143)) - 77ab65e6-d942-49df-83a3-1d4c0bf152b3: start FollowerState
2019-11-05 08:24:26,349 [Thread-3777] INFO  impl.FollowerState (FollowerState.java:run(117)) - 77ab65e6-d942-49df-83a3-1d4c0bf152b3@group-0DB8C7688BF9-FollowerState was interrupted: java.lang.InterruptedException: sleep interrupted
2019-11-05 08:24:26,349 [Thread-3778] INFO  impl.FollowerState (FollowerState.java:run(117)) - 7e1b84a9-a041-44fd-8008-f2679426984c@group-0DB8C7688BF9-FollowerState was interrupted: java.lang.InterruptedException: sleep interrupted
2019-11-05 08:24:26,349 [grpc-default-executor-3] INFO  impl.RoleInfo (RoleInfo.java:updateAndGet(143)) - 7e1b84a9-a041-44fd-8008-f2679426984c: start FollowerState
2019-11-05 08:24:26,363 [4a682f4f-c3f2-4b77-88b7-f0ab78890feb@group-0DB8C7688BF9-LeaderElection516] INFO  impl.LeaderElection (LeaderElection.java:logAndReturn(56)) - 4a682f4f-c3f2-4b77-88b7-f0ab78890feb@group-0DB8C7688BF9-LeaderElection516: Election REJECTED; received 2 response(s) [4a682f4f-c3f2-4b77-88b7-f0ab78890feb<-77ab65e6-d942-49df-83a3-1d4c0bf152b3#0:FAIL-t293, 4a682f4f-c3f2-4b77-88b7-f0ab78890feb<-7e1b84a9-a041-44fd-8008-f2679426984c#0:FAIL-t293] and 0 exception(s); 4a682f4f-c3f2-4b77-88b7-f0ab78890feb@group-0DB8C7688BF9:t293, leader=null, voted=4a682f4f-c3f2-4b77-88b7-f0ab78890feb, raftlog=4a682f4f-c3f2-4b77-88b7-f0ab78890feb@group-0DB8C7688BF9-SegmentedRaftLog:OPENED:c-1,f-1,i0, conf=-1: [77ab65e6-d942-49df-83a3-1d4c0bf152b3:192.168.164.217:39381, 7e1b84a9-a041-44fd-8008-f2679426984c:192.168.164.217:44149, 4a682f4f-c3f2-4b77-88b7-f0ab78890feb:192.168.164.217:34174], old=null
2019-11-05 08:24:26,364 [4a682f4f-c3f2-4b77-88b7-f0ab78890feb@group-0DB8C7688BF9-LeaderElection516] INFO  impl.RaftServerImpl (RaftServerImpl.java:setRole(184)) - 4a682f4f-c3f2-4b77-88b7-f0ab78890feb@group-0DB8C7688BF9: changes role from CANDIDATE to FOLLOWER at term 293 for DISCOVERED_A_NEW_TERM
2019-11-05 08:24:26,364 [4a682f4f-c3f2-4b77-88b7-f0ab78890feb@group-0DB8C7688BF9-LeaderElection516] INFO  impl.RoleInfo (RoleInfo.java:shutdownLeaderElection(134)) - 4a682f4f-c3f2-4b77-88b7-f0ab78890feb: shutdown LeaderElection
2019-11-05 08:24:26,364 [4a682f4f-c3f2-4b77-88b7-f0ab78890feb@group-0DB8C7688BF9-LeaderElection516] INFO  impl.RoleInfo (RoleInfo.java:updateAndGet(143)) - 4a682f4f-c3f2-4b77-88b7-f0ab78890feb: start FollowerState
2019-11-05 08:24:26,558 [Thread-3783] INFO  impl.FollowerState (FollowerState.java:run(108)) - 4a682f4f-c3f2-4b77-88b7-f0ab78890feb@group-0DB8C7688BF9-FollowerState: change to CANDIDATE, lastRpcTime:194ms, electionTimeout:194ms
2019-11-05 08:24:26,558 [Thread-3783] INFO  impl.RoleInfo (RoleInfo.java:shutdownFollowerState(121)) - 4a682f4f-c3f2-4b77-88b7-f0ab78890feb: shutdown FollowerState
2019-11-05 08:24:26,558 [Thread-3783] INFO  impl.RaftServerImpl (RaftServerImpl.java:setRole(184)) - 4a682f4f-c3f2-4b77-88b7-f0ab78890feb@group-0DB8C7688BF9: changes role from  FOLLOWER to CANDIDATE at term 293 for changeToCandidate
2019-11-05 08:24:26,559 [Thread-3783] INFO  impl.RoleInfo (RoleInfo.java:updateAndGet(143)) - 4a682f4f-c3f2-4b77-88b7-f0ab78890feb: start LeaderElection
2019-11-05 08:24:26,582 [4a682f4f-c3f2-4b77-88b7-f0ab78890feb@group-0DB8C7688BF9-LeaderElection517] INFO  impl.LeaderElection (LeaderElection.java:askForVotes(178)) - 4a682f4f-c3f2-4b77-88b7-f0ab78890feb@group-0DB8C7688BF9-LeaderElection517: begin an election at term 294 for -1: [77ab65e6-d942-49df-83a3-1d4c0bf152b3:192.168.164.217:39381, 7e1b84a9-a041-44fd-8008-f2679426984c:192.168.164.217:44149, 4a682f4f-c3f2-4b77-88b7-f0ab78890feb:192.168.164.217:34174], old=null
2019-11-05 08:24:26,583 [grpc-default-executor-0] INFO  impl.RaftServerImpl (RaftServerImpl.java:setRole(184)) - 77ab65e6-d942-49df-83a3-1d4c0bf152b3@group-0DB8C7688BF9: changes role from  FOLLOWER to FOLLOWER at term 294 for recognizeCandidate:4a682f4f-c3f2-4b77-88b7-f0ab78890feb
2019-11-05 08:24:26,583 [grpc-default-executor-0] INFO  impl.RoleInfo (RoleInfo.java:shutdownFollowerState(121)) - 77ab65e6-d942-49df-83a3-1d4c0bf152b3: shutdown FollowerState
2019-11-05 08:24:26,583 [grpc-default-executor-3] INFO  impl.RaftServerImpl (RaftServerImpl.java:setRole(184)) - 7e1b84a9-a041-44fd-8008-f2679426984c@group-0DB8C7688BF9: changes role from  FOLLOWER to FOLLOWER at term 294 for recognizeCandidate:4a682f4f-c3f2-4b77-88b7-f0ab78890feb
2019-11-05 08:24:26,583 [grpc-default-executor-0] INFO  impl.RoleInfo (RoleInfo.java:updateAndGet(143)) - 77ab65e6-d942-49df-83a3-1d4c0bf152b3: start FollowerState
2019-11-05 08:24:26,583 [grpc-default-executor-3] INFO  impl.RoleInfo (RoleInfo.java:shutdownFollowerState(121)) - 7e1b84a9-a041-44fd-8008-f2679426984c: shutdown FollowerState
2019-11-05 08:24:26,583 [Thread-3781] INFO  impl.FollowerState (FollowerState.java:run(117)) - 77ab65e6-d942-49df-83a3-1d4c0bf152b3@group-0DB8C7688BF9-FollowerState was interrupted: java.lang.InterruptedException: sleep interrupted
2019-11-05 08:24:26,583 [grpc-default-executor-3] INFO  impl.RoleInfo (RoleInfo.java:updateAndGet(143)) - 7e1b84a9-a041-44fd-8008-f2679426984c: start FollowerState
2019-11-05 08:24:26,583 [Thread-3782] INFO  impl.FollowerState (FollowerState.java:run(117)) - 7e1b84a9-a041-44fd-8008-f2679426984c@group-0DB8C7688BF9-FollowerState was interrupted: java.lang.InterruptedException: sleep interrupted
2019-11-05 08:24:26,589 [4a682f4f-c3f2-4b77-88b7-f0ab78890feb@group-0DB8C7688BF9-LeaderElection517] INFO  impl.LeaderElection (LeaderElection.java:logAndReturn(56)) - 4a682f4f-c3f2-4b77-88b7-f0ab78890feb@group-0DB8C7688BF9-LeaderElection517: Election TIMEOUT; received 0 response(s) [] and 0 exception(s); 4a682f4f-c3f2-4b77-88b7-f0ab78890feb@group-0DB8C7688BF9:t294, leader=null, voted=4a682f4f-c3f2-4b77-88b7-f0ab78890feb, raftlog=4a682f4f-c3f2-4b77-88b7-f0ab78890feb@group-0DB8C7688BF9-SegmentedRaftLog:OPENED:c-1,f-1,i0, conf=-1: [77ab65e6-d942-49df-83a3-1d4c0bf152b3:192.168.164.217:39381, 7e1b84a9-a041-44fd-8008-f2679426984c:192.168.164.217:44149, 4a682f4f-c3f2-4b77-88b7-f0ab78890feb:192.168.164.217:34174], old=null
2019-11-05 08:24:26,597 [4a682f4f-c3f2-4b77-88b7-f0ab78890feb@group-0DB8C7688BF9-LeaderElection517] INFO  impl.LeaderElection (LeaderElection.java:askForVotes(178)) - 4a682f4f-c3f2-4b77-88b7-f0ab78890feb@group-0DB8C7688BF9-LeaderElection517: begin an election at term 295 for -1: [77ab65e6-d942-49df-83a3-1d4c0bf152b3:192.168.164.217:39381, 7e1b84a9-a041-44fd-8008-f2679426984c:192.168.164.217:44149, 4a682f4f-c3f2-4b77-88b7-f0ab78890feb:192.168.164.217:34174], old=null
2019-11-05 08:24:26,598 [grpc-default-executor-3] INFO  impl.RaftServerImpl (RaftServerImpl.java:setRole(184)) - 77ab65e6-d942-49df-83a3-1d4c0bf152b3@group-0DB8C7688BF9: changes role from  FOLLOWER to FOLLOWER at term 295 for recognizeCandidate:4a682f4f-c3f2-4b77-88b7-f0ab78890feb
2019-11-05 08:24:26,598 [grpc-default-executor-0] INFO  impl.RaftServerImpl (RaftServerImpl.java:setRole(184)) - 7e1b84a9-a041-44fd-8008-f2679426984c@group-0DB8C7688BF9: changes role from  FOLLOWER to FOLLOWER at term 295 for recognizeCandidate:4a682f4f-c3f2-4b77-88b7-f0ab78890feb
2019-11-05 08:24:26,598 [grpc-default-executor-3] INFO  impl.RoleInfo (RoleInfo.java:shutdownFollowerState(121)) - 77ab65e6-d942-49df-83a3-1d4c0bf152b3: shutdown FollowerState
2019-11-05 08:24:26,598 [grpc-default-executor-0] INFO  impl.RoleInfo (RoleInfo.java:shutdownFollowerState(121)) - 7e1b84a9-a041-44fd-8008-f2679426984c: shutdown FollowerState
2019-11-05 08:24:26,599 [Thread-3787] INFO  impl.FollowerState (FollowerState.java:run(117)) - 77ab65e6-d942-49df-83a3-1d4c0bf152b3@group-0DB8C7688BF9-FollowerState was interrupted: java.lang.InterruptedException: sleep interrupted
2019-11-05 08:24:26,599 [grpc-default-executor-3] INFO  impl.RoleInfo (RoleInfo.java:updateAndGet(143)) - 77ab65e6-d942-49df-83a3-1d4c0bf152b3: start FollowerState
2019-11-05 08:24:26,599 [Thread-3788] INFO  impl.FollowerState (FollowerState.java:run(117)) - 7e1b84a9-a041-44fd-8008-f2679426984c@group-0DB8C7688BF9-FollowerState was interrupted: java.lang.InterruptedException: sleep interrupted
2019-11-05 08:24:26,599 [grpc-default-executor-0] INFO  impl.RoleInfo (RoleInfo.java:updateAndGet(143)) - 7e1b84a9-a041-44fd-8008-f2679426984c: start FollowerState
2019-11-05 08:24:26,614 [4a682f4f-c3f2-4b77-88b7-f0ab78890feb@group-0DB8C7688BF9-LeaderElection517] INFO  impl.LeaderElection (LeaderElection.java:logAndReturn(56)) - 4a682f4f-c3f2-4b77-88b7-f0ab78890feb@group-0DB8C7688BF9-LeaderElection517: Election REJECTED; received 2 response(s) [4a682f4f-c3f2-4b77-88b7-f0ab78890feb<-77ab65e6-d942-49df-83a3-1d4c0bf152b3#0:FAIL-t295, 4a682f4f-c3f2-4b77-88b7-f0ab78890feb<-7e1b84a9-a041-44fd-8008-f2679426984c#0:FAIL-t295] and 0 exception(s); 4a682f4f-c3f2-4b77-88b7-f0ab78890feb@group-0DB8C7688BF9:t295, leader=null, voted=4a682f4f-c3f2-4b77-88b7-f0ab78890feb, raftlog=4a682f4f-c3f2-4b77-88b7-f0ab78890feb@group-0DB8C7688BF9-SegmentedRaftLog:OPENED:c-1,f-1,i0, conf=-1: [77ab65e6-d942-49df-83a3-1d4c0bf152b3:192.168.164.217:39381, 7e1b84a9-a041-44fd-8008-f2679426984c:192.168.164.217:44149, 4a682f4f-c3f2-4b77-88b7-f0ab78890feb:192.168.164.217:34174], old=null
2019-11-05 08:24:26,614 [4a682f4f-c3f2-4b77-88b7-f0ab78890feb@group-0DB8C7688BF9-LeaderElection517] INFO  impl.RaftServerImpl (RaftServerImpl.java:setRole(184)) - 4a682f4f-c3f2-4b77-88b7-f0ab78890feb@group-0DB8C7688BF9: changes role from CANDIDATE to FOLLOWER at term 295 for DISCOVERED_A_NEW_TERM
2019-11-05 08:24:26,614 [4a682f4f-c3f2-4b77-88b7-f0ab78890feb@group-0DB8C7688BF9-LeaderElection517] INFO  impl.RoleInfo (RoleInfo.java:shutdownLeaderElection(134)) - 4a682f4f-c3f2-4b77-88b7-f0ab78890feb: shutdown LeaderElection
2019-11-05 08:24:26,614 [4a682f4f-c3f2-4b77-88b7-f0ab78890feb@group-0DB8C7688BF9-LeaderElection517] INFO  impl.RoleInfo (RoleInfo.java:updateAndGet(143)) - 4a682f4f-c3f2-4b77-88b7-f0ab78890feb: start FollowerState
2019-11-05 08:24:26,661 [Thread-3793] INFO  impl.FollowerState (FollowerState.java:run(108)) - 4a682f4f-c3f2-4b77-88b7-f0ab78890feb@group-0DB8C7688BF9-FollowerState: change to CANDIDATE, lastRpcTime:47ms, electionTimeout:47ms
2019-11-05 08:24:26,661 [Thread-3793] INFO  impl.RoleInfo (RoleInfo.java:shutdownFollowerState(121)) - 4a682f4f-c3f2-4b77-88b7-f0ab78890feb: shutdown FollowerState
2019-11-05 08:24:26,662 [Thread-3793] INFO  impl.RaftServerImpl (RaftServerImpl.java:setRole(184)) - 4a682f4f-c3f2-4b77-88b7-f0ab78890feb@group-0DB8C7688BF9: changes role from  FOLLOWER to CANDIDATE at term 295 for changeToCandidate
2019-11-05 08:24:26,662 [Thread-3793] INFO  impl.RoleInfo (RoleInfo.java:updateAndGet(143)) - 4a682f4f-c3f2-4b77-88b7-f0ab78890feb: start LeaderElection
2019-11-05 08:24:26,675 [4a682f4f-c3f2-4b77-88b7-f0ab78890feb@group-0DB8C7688BF9-LeaderElection518] INFO  impl.LeaderElection (LeaderElection.java:askForVotes(178)) - 4a682f4f-c3f2-4b77-88b7-f0ab78890feb@group-0DB8C7688BF9-LeaderElection518: begin an election at term 296 for -1: [77ab65e6-d942-49df-83a3-1d4c0bf152b3:192.168.164.217:39381, 7e1b84a9-a041-44fd-8008-f2679426984c:192.168.164.217:44149, 4a682f4f-c3f2-4b77-88b7-f0ab78890feb:192.168.164.217:34174], old=null
2019-11-05 08:24:26,676 [grpc-default-executor-0] INFO  impl.RaftServerImpl (RaftServerImpl.java:setRole(184)) - 77ab65e6-d942-49df-83a3-1d4c0bf152b3@group-0DB8C7688BF9: changes role from  FOLLOWER to FOLLOWER at term 296 for recognizeCandidate:4a682f4f-c3f2-4b77-88b7-f0ab78890feb
2019-11-05 08:24:26,676 [grpc-default-executor-3] INFO  impl.RaftServerImpl (RaftServerImpl.java:setRole(184)) - 7e1b84a9-a041-44fd-8008-f2679426984c@group-0DB8C7688BF9: changes role from  FOLLOWER to FOLLOWER at term 296 for recognizeCandidate:4a682f4f-c3f2-4b77-88b7-f0ab78890feb
2019-11-05 08:24:26,676 [grpc-default-executor-0] INFO  impl.RoleInfo (RoleInfo.java:shutdownFollowerState(121)) - 77ab65e6-d942-49df-83a3-1d4c0bf152b3: shutdown FollowerState
2019-11-05 08:24:26,677 [grpc-default-executor-3] INFO  impl.RoleInfo (RoleInfo.java:shutdownFollowerState(121)) - 7e1b84a9-a041-44fd-8008-f2679426984c: shutdown FollowerState
2019-11-05 08:24:26,677 [Thread-3791] INFO  impl.FollowerState (FollowerState.java:run(117)) - 77ab65e6-d942-49df-83a3-1d4c0bf152b3@group-0DB8C7688BF9-FollowerState was interrupted: java.lang.InterruptedException: sleep interrupted
2019-11-05 08:24:26,677 [grpc-default-executor-0] INFO  impl.RoleInfo (RoleInfo.java:updateAndGet(143)) - 77ab65e6-d942-49df-83a3-1d4c0bf152b3: start FollowerState
2019-11-05 08:24:26,677 [Thread-3792] INFO  impl.FollowerState (FollowerState.java:run(117)) - 7e1b84a9-a041-44fd-8008-f2679426984c@group-0DB8C7688BF9-FollowerState was interrupted: java.lang.InterruptedException: sleep interrupted
2019-11-05 08:24:26,677 [grpc-default-executor-3] INFO  impl.RoleInfo (RoleInfo.java:updateAndGet(143)) - 7e1b84a9-a041-44fd-8008-f2679426984c: start FollowerState
2019-11-05 08:24:26,685 [4a682f4f-c3f2-4b77-88b7-f0ab78890feb@group-0DB8C7688BF9-LeaderElection518] INFO  impl.LeaderElection (LeaderElection.java:logAndReturn(56)) - 4a682f4f-c3f2-4b77-88b7-f0ab78890feb@group-0DB8C7688BF9-LeaderElection518: Election TIMEOUT; received 0 response(s) [] and 0 exception(s); 4a682f4f-c3f2-4b77-88b7-f0ab78890feb@group-0DB8C7688BF9:t296, leader=null, voted=4a682f4f-c3f2-4b77-88b7-f0ab78890feb, raftlog=4a682f4f-c3f2-4b77-88b7-f0ab78890feb@group-0DB8C7688BF9-SegmentedRaftLog:OPENED:c-1,f-1,i0, conf=-1: [77ab65e6-d942-49df-83a3-1d4c0bf152b3:192.168.164.217:39381, 7e1b84a9-a041-44fd-8008-f2679426984c:192.168.164.217:44149, 4a682f4f-c3f2-4b77-88b7-f0ab78890feb:192.168.164.217:34174], old=null
2019-11-05 08:24:26,690 [4a682f4f-c3f2-4b77-88b7-f0ab78890feb@group-0DB8C7688BF9-LeaderElection518] INFO  impl.LeaderElection (LeaderElection.java:askForVotes(178)) - 4a682f4f-c3f2-4b77-88b7-f0ab78890feb@group-0DB8C7688BF9-LeaderElection518: begin an election at term 297 for -1: [77ab65e6-d942-49df-83a3-1d4c0bf152b3:192.168.164.217:39381, 7e1b84a9-a041-44fd-8008-f2679426984c:192.168.164.217:44149, 4a682f4f-c3f2-4b77-88b7-f0ab78890feb:192.168.164.217:34174], old=null
2019-11-05 08:24:26,691 [grpc-default-executor-3] INFO  impl.RaftServerImpl (RaftServerImpl.java:setRole(184)) - 77ab65e6-d942-49df-83a3-1d4c0bf152b3@group-0DB8C7688BF9: changes role from  FOLLOWER to FOLLOWER at term 297 for recognizeCandidate:4a682f4f-c3f2-4b77-88b7-f0ab78890feb
2019-11-05 08:24:26,692 [grpc-default-executor-0] INFO  impl.RaftServerImpl (RaftServerImpl.java:setRole(184)) - 7e1b84a9-a041-44fd-8008-f2679426984c@group-0DB8C7688BF9: changes role from  FOLLOWER to FOLLOWER at term 297 for recognizeCandidate:4a682f4f-c3f2-4b77-88b7-f0ab78890feb
2019-11-05 08:24:26,692 [grpc-default-executor-0] INFO  impl.RoleInfo (RoleInfo.java:shutdownFollowerState(121)) - 7e1b84a9-a041-44fd-8008-f2679426984c: shutdown FollowerState
2019-11-05 08:24:26,692 [grpc-default-executor-3] INFO  impl.RoleInfo (RoleInfo.java:shutdownFollowerState(121)) - 77ab65e6-d942-49df-83a3-1d4c0bf152b3: shutdown FollowerState
2019-11-05 08:24:26,692 [Thread-3798] INFO  impl.FollowerState (FollowerState.java:run(117)) - 7e1b84a9-a041-44fd-8008-f2679426984c@group-0DB8C7688BF9-FollowerState was interrupted: java.lang.InterruptedException: sleep interrupted
2019-11-05 08:24:26,692 [grpc-default-executor-0] INFO  impl.RoleInfo (RoleInfo.java:updateAndGet(143)) - 7e1b84a9-a041-44fd-8008-f2679426984c: start FollowerState
2019-11-05 08:24:26,692 [Thread-3797] INFO  impl.FollowerState (FollowerState.java:run(117)) - 77ab65e6-d942-49df-83a3-1d4c0bf152b3@group-0DB8C7688BF9-FollowerState was interrupted: java.lang.InterruptedException: sleep interrupted
2019-11-05 08:24:26,692 [grpc-default-executor-3] INFO  impl.RoleInfo (RoleInfo.java:updateAndGet(143)) - 77ab65e6-d942-49df-83a3-1d4c0bf152b3: start FollowerState
2019-11-05 08:24:26,706 [4a682f4f-c3f2-4b77-88b7-f0ab78890feb@group-0DB8C7688BF9-LeaderElection518] INFO  impl.LeaderElection (LeaderElection.java:logAndReturn(56)) - 4a682f4f-c3f2-4b77-88b7-f0ab78890feb@group-0DB8C7688BF9-LeaderElection518: Election REJECTED; received 2 response(s) [4a682f4f-c3f2-4b77-88b7-f0ab78890feb<-77ab65e6-d942-49df-83a3-1d4c0bf152b3#0:FAIL-t297, 4a682f4f-c3f2-4b77-88b7-f0ab78890feb<-7e1b84a9-a041-44fd-8008-f2679426984c#0:FAIL-t297] and 0 exception(s); 4a682f4f-c3f2-4b77-88b7-f0ab78890feb@group-0DB8C7688BF9:t297, leader=null, voted=4a682f4f-c3f2-4b77-88b7-f0ab78890feb, raftlog=4a682f4f-c3f2-4b77-88b7-f0ab78890feb@group-0DB8C7688BF9-SegmentedRaftLog:OPENED:c-1,f-1,i0, conf=-1: [77ab65e6-d942-49df-83a3-1d4c0bf152b3:192.168.164.217:39381, 7e1b84a9-a041-44fd-8008-f2679426984c:192.168.164.217:44149, 4a682f4f-c3f2-4b77-88b7-f0ab78890feb:192.168.164.217:34174], old=null
2019-11-05 08:24:26,706 [4a682f4f-c3f2-4b77-88b7-f0ab78890feb@group-0DB8C7688BF9-LeaderElection518] INFO  impl.RaftServerImpl (RaftServerImpl.java:setRole(184)) - 4a682f4f-c3f2-4b77-88b7-f0ab78890feb@group-0DB8C7688BF9: changes role from CANDIDATE to FOLLOWER at term 297 for DISCOVERED_A_NEW_TERM
2019-11-05 08:24:26,706 [4a682f4f-c3f2-4b77-88b7-f0ab78890feb@group-0DB8C7688BF9-LeaderElection518] INFO  impl.RoleInfo (RoleInfo.java:shutdownLeaderElection(134)) - 4a682f4f-c3f2-4b77-88b7-f0ab78890feb: shutdown LeaderElection
2019-11-05 08:24:26,706 [4a682f4f-c3f2-4b77-88b7-f0ab78890feb@group-0DB8C7688BF9-LeaderElection518] INFO  impl.RoleInfo (RoleInfo.java:updateAndGet(143)) - 4a682f4f-c3f2-4b77-88b7-f0ab78890feb: start FollowerState
2019-11-05 08:24:26,752 [java.util.concurrent.ThreadPoolExecutor$Worker@4893213[State = -1, empty queue]] WARN  server.GrpcLogAppender (GrpcLogAppender.java:timeoutAppendRequest(209)) - 6189f8a4-91dd-451f-abcb-72b2dcd73465@group-9D53872EEF85->fe5257f1-588f-41af-bf70-1c04126c8968-GrpcLogAppender: appendEntries Timeout, request=6189f8a4-91dd-451f-abcb-72b2dcd73465->fe5257f1-588f-41af-bf70-1c04126c8968#89-t4, previous=(t:4, i:20), leaderCommit=20, initializing? false, entries: <empty>
2019-11-05 08:24:26,789 [Thread-3803] INFO  impl.FollowerState (FollowerState.java:run(108)) - 4a682f4f-c3f2-4b77-88b7-f0ab78890feb@group-0DB8C7688BF9-FollowerState: change to CANDIDATE, lastRpcTime:82ms, electionTimeout:82ms
2019-11-05 08:24:26,789 [Thread-3803] INFO  impl.RoleInfo (RoleInfo.java:shutdownFollowerState(121)) - 4a682f4f-c3f2-4b77-88b7-f0ab78890feb: shutdown FollowerState
2019-11-05 08:24:26,789 [Thread-3803] INFO  impl.RaftServerImpl (RaftServerImpl.java:setRole(184)) - 4a682f4f-c3f2-4b77-88b7-f0ab78890feb@group-0DB8C7688BF9: changes role from  FOLLOWER to CANDIDATE at term 297 for changeToCandidate
2019-11-05 08:24:26,789 [Thread-3803] INFO  impl.RoleInfo (RoleInfo.java:updateAndGet(143)) - 4a682f4f-c3f2-4b77-88b7-f0ab78890feb: start LeaderElection
2019-11-05 08:24:26,815 [4a682f4f-c3f2-4b77-88b7-f0ab78890feb@group-0DB8C7688BF9-LeaderElection519] INFO  impl.LeaderElection (LeaderElection.java:askForVotes(178)) - 4a682f4f-c3f2-4b77-88b7-f0ab78890feb@group-0DB8C7688BF9-LeaderElection519: begin an election at term 298 for -1: [77ab65e6-d942-49df-83a3-1d4c0bf152b3:192.168.164.217:39381, 7e1b84a9-a041-44fd-8008-f2679426984c:192.168.164.217:44149, 4a682f4f-c3f2-4b77-88b7-f0ab78890feb:192.168.164.217:34174], old=null
2019-11-05 08:24:26,816 [grpc-default-executor-3] INFO  impl.RaftServerImpl (RaftServerImpl.java:setRole(184)) - 7e1b84a9-a041-44fd-8008-f2679426984c@group-0DB8C7688BF9: changes role from  FOLLOWER to FOLLOWER at term 298 for recognizeCandidate:4a682f4f-c3f2-4b77-88b7-f0ab78890feb
2019-11-05 08:24:26,816 [grpc-default-executor-3] INFO  impl.RoleInfo (RoleInfo.java:shutdownFollowerState(121)) - 7e1b84a9-a041-44fd-8008-f2679426984c: shutdown FollowerState
2019-11-05 08:24:26,816 [grpc-default-executor-0] INFO  impl.RaftServerImpl (RaftServerImpl.java:setRole(184)) - 77ab65e6-d942-49df-83a3-1d4c0bf152b3@group-0DB8C7688BF9: changes role from  FOLLOWER to FOLLOWER at term 298 for recognizeCandidate:4a682f4f-c3f2-4b77-88b7-f0ab78890feb
2019-11-05 08:24:26,817 [grpc-default-executor-0] INFO  impl.RoleInfo (RoleInfo.java:shutdownFollowerState(121)) - 77ab65e6-d942-49df-83a3-1d4c0bf152b3: shutdown FollowerState
2019-11-05 08:24:26,817 [Thread-3801] INFO  impl.FollowerState (FollowerState.java:run(117)) - 7e1b84a9-a041-44fd-8008-f2679426984c@group-0DB8C7688BF9-FollowerState was interrupted: java.lang.InterruptedException: sleep interrupted
2019-11-05 08:24:26,816 [grpc-default-executor-3] INFO  impl.RoleInfo (RoleInfo.java:updateAndGet(143)) - 7e1b84a9-a041-44fd-8008-f2679426984c: start FollowerState
2019-11-05 08:24:26,817 [Thread-3802] INFO  impl.FollowerState (FollowerState.java:run(117)) - 77ab65e6-d942-49df-83a3-1d4c0bf152b3@group-0DB8C7688BF9-FollowerState was interrupted: java.lang.InterruptedException: sleep interrupted
2019-11-05 08:24:26,817 [grpc-default-executor-0] INFO  impl.RoleInfo (RoleInfo.java:updateAndGet(143)) - 77ab65e6-d942-49df-83a3-1d4c0bf152b3: start FollowerState
2019-11-05 08:24:26,829 [4a682f4f-c3f2-4b77-88b7-f0ab78890feb@group-0DB8C7688BF9-LeaderElection519] INFO  impl.LeaderElection (LeaderElection.java:logAndReturn(56)) - 4a682f4f-c3f2-4b77-88b7-f0ab78890feb@group-0DB8C7688BF9-LeaderElection519: Election REJECTED; received 2 response(s) [4a682f4f-c3f2-4b77-88b7-f0ab78890feb<-77ab65e6-d942-49df-83a3-1d4c0bf152b3#0:FAIL-t298, 4a682f4f-c3f2-4b77-88b7-f0ab78890feb<-7e1b84a9-a041-44fd-8008-f2679426984c#0:FAIL-t298] and 0 exception(s); 4a682f4f-c3f2-4b77-88b7-f0ab78890feb@group-0DB8C7688BF9:t298, leader=null, voted=4a682f4f-c3f2-4b77-88b7-f0ab78890feb, raftlog=4a682f4f-c3f2-4b77-88b7-f0ab78890feb@group-0DB8C7688BF9-SegmentedRaftLog:OPENED:c-1,f-1,i0, conf=-1: [77ab65e6-d942-49df-83a3-1d4c0bf152b3:192.168.164.217:39381, 7e1b84a9-a041-44fd-8008-f2679426984c:192.168.164.217:44149, 4a682f4f-c3f2-4b77-88b7-f0ab78890feb:192.168.164.217:34174], old=null
2019-11-05 08:24:26,829 [4a682f4f-c3f2-4b77-88b7-f0ab78890feb@group-0DB8C7688BF9-LeaderElection519] INFO  impl.RaftServerImpl (RaftServerImpl.java:setRole(184)) - 4a682f4f-c3f2-4b77-88b7-f0ab78890feb@group-0DB8C7688BF9: changes role from CANDIDATE to FOLLOWER at term 298 for DISCOVERED_A_NEW_TERM
2019-11-05 08:24:26,829 [4a682f4f-c3f2-4b77-88b7-f0ab78890feb@group-0DB8C7688BF9-LeaderElection519] INFO  impl.RoleInfo (RoleInfo.java:shutdownLeaderElection(134)) - 4a682f4f-c3f2-4b77-88b7-f0ab78890feb: shutdown LeaderElection
2019-11-05 08:24:26,829 [4a682f4f-c3f2-4b77-88b7-f0ab78890feb@group-0DB8C7688BF9-LeaderElection519] INFO  impl.RoleInfo (RoleInfo.java:updateAndGet(143)) - 4a682f4f-c3f2-4b77-88b7-f0ab78890feb: start FollowerState
2019-11-05 08:24:26,962 [Thread-3809] INFO  impl.FollowerState (FollowerState.java:run(108)) - 4a682f4f-c3f2-4b77-88b7-f0ab78890feb@group-0DB8C7688BF9-FollowerState: change to CANDIDATE, lastRpcTime:133ms, electionTimeout:133ms
2019-11-05 08:24:26,962 [Thread-3809] INFO  impl.RoleInfo (RoleInfo.java:shutdownFollowerState(121)) - 4a682f4f-c3f2-4b77-88b7-f0ab78890feb: shutdown FollowerState
2019-11-05 08:24:26,963 [Thread-3809] INFO  impl.RaftServerImpl (RaftServerImpl.java:setRole(184)) - 4a682f4f-c3f2-4b77-88b7-f0ab78890feb@group-0DB8C7688BF9: changes role from  FOLLOWER to CANDIDATE at term 298 for changeToCandidate
2019-11-05 08:24:26,963 [Thread-3809] INFO  impl.RoleInfo (RoleInfo.java:updateAndGet(143)) - 4a682f4f-c3f2-4b77-88b7-f0ab78890feb: start LeaderElection
2019-11-05 08:24:26,988 [4a682f4f-c3f2-4b77-88b7-f0ab78890feb@group-0DB8C7688BF9-LeaderElection520] INFO  impl.LeaderElection (LeaderElection.java:askForVotes(178)) - 4a682f4f-c3f2-4b77-88b7-f0ab78890feb@group-0DB8C7688BF9-LeaderElection520: begin an election at term 299 for -1: [77ab65e6-d942-49df-83a3-1d4c0bf152b3:192.168.164.217:39381, 7e1b84a9-a041-44fd-8008-f2679426984c:192.168.164.217:44149, 4a682f4f-c3f2-4b77-88b7-f0ab78890feb:192.168.164.217:34174], old=null
2019-11-05 08:24:26,990 [grpc-default-executor-3] INFO  impl.RaftServerImpl (RaftServerImpl.java:setRole(184)) - 7e1b84a9-a041-44fd-8008-f2679426984c@group-0DB8C7688BF9: changes role from  FOLLOWER to FOLLOWER at term 299 for recognizeCandidate:4a682f4f-c3f2-4b77-88b7-f0ab78890feb
2019-11-05 08:24:26,990 [grpc-default-executor-3] INFO  impl.RoleInfo (RoleInfo.java:shutdownFollowerState(121)) - 7e1b84a9-a041-44fd-8008-f2679426984c: shutdown FollowerState
2019-11-05 08:24:26,990 [grpc-default-executor-0] INFO  impl.RaftServerImpl (RaftServerImpl.java:setRole(184)) - 77ab65e6-d942-49df-83a3-1d4c0bf152b3@group-0DB8C7688BF9: changes role from  FOLLOWER to FOLLOWER at term 299 for recognizeCandidate:4a682f4f-c3f2-4b77-88b7-f0ab78890feb
2019-11-05 08:24:26,990 [grpc-default-executor-0] INFO  impl.RoleInfo (RoleInfo.java:shutdownFollowerState(121)) - 77ab65e6-d942-49df-83a3-1d4c0bf152b3: shutdown FollowerState
2019-11-05 08:24:26,990 [Thread-3807] INFO  impl.FollowerState (FollowerState.java:run(117)) - 7e1b84a9-a041-44fd-8008-f2679426984c@group-0DB8C7688BF9-FollowerState was interrupted: java.lang.InterruptedException: sleep interrupted
2019-11-05 08:24:26,990 [grpc-default-executor-3] INFO  impl.RoleInfo (RoleInfo.java:updateAndGet(143)) - 7e1b84a9-a041-44fd-8008-f2679426984c: start FollowerState
2019-11-05 08:24:26,991 [Thread-3808] INFO  impl.FollowerState (FollowerState.java:run(117)) - 77ab65e6-d942-49df-83a3-1d4c0bf152b3@group-0DB8C7688BF9-FollowerState was interrupted: java.lang.InterruptedException: sleep interrupted
2019-11-05 08:24:26,990 [grpc-default-executor-0] INFO  impl.RoleInfo (RoleInfo.java:updateAndGet(143)) - 77ab65e6-d942-49df-83a3-1d4c0bf152b3: start FollowerState
2019-11-05 08:24:27,006 [4a682f4f-c3f2-4b77-88b7-f0ab78890feb@group-0DB8C7688BF9-LeaderElection520] INFO  impl.LeaderElection (LeaderElection.java:logAndReturn(56)) - 4a682f4f-c3f2-4b77-88b7-f0ab78890feb@group-0DB8C7688BF9-LeaderElection520: Election REJECTED; received 2 response(s) [4a682f4f-c3f2-4b77-88b7-f0ab78890feb<-77ab65e6-d942-49df-83a3-1d4c0bf152b3#0:FAIL-t299, 4a682f4f-c3f2-4b77-88b7-f0ab78890feb<-7e1b84a9-a041-44fd-8008-f2679426984c#0:FAIL-t299] and 0 exception(s); 4a682f4f-c3f2-4b77-88b7-f0ab78890feb@group-0DB8C7688BF9:t299, leader=null, voted=4a682f4f-c3f2-4b77-88b7-f0ab78890feb, raftlog=4a682f4f-c3f2-4b77-88b7-f0ab78890feb@group-0DB8C7688BF9-SegmentedRaftLog:OPENED:c-1,f-1,i0, conf=-1: [77ab65e6-d942-49df-83a3-1d4c0bf152b3:192.168.164.217:39381, 7e1b84a9-a041-44fd-8008-f2679426984c:192.168.164.217:44149, 4a682f4f-c3f2-4b77-88b7-f0ab78890feb:192.168.164.217:34174], old=null
2019-11-05 08:24:27,006 [4a682f4f-c3f2-4b77-88b7-f0ab78890feb@group-0DB8C7688BF9-LeaderElection520] INFO  impl.RaftServerImpl (RaftServerImpl.java:setRole(184)) - 4a682f4f-c3f2-4b77-88b7-f0ab78890feb@group-0DB8C7688BF9: changes role from CANDIDATE to FOLLOWER at term 299 for DISCOVERED_A_NEW_TERM
2019-11-05 08:24:27,006 [4a682f4f-c3f2-4b77-88b7-f0ab78890feb@group-0DB8C7688BF9-LeaderElection520] INFO  impl.RoleInfo (RoleInfo.java:shutdownLeaderElection(134)) - 4a682f4f-c3f2-4b77-88b7-f0ab78890feb: shutdown LeaderElection
2019-11-05 08:24:27,006 [4a682f4f-c3f2-4b77-88b7-f0ab78890feb@group-0DB8C7688BF9-LeaderElection520] INFO  impl.RoleInfo (RoleInfo.java:updateAndGet(143)) - 4a682f4f-c3f2-4b77-88b7-f0ab78890feb: start FollowerState
2019-11-05 08:24:27,098 [Thread-3815] INFO  impl.FollowerState (FollowerState.java:run(108)) - 4a682f4f-c3f2-4b77-88b7-f0ab78890feb@group-0DB8C7688BF9-FollowerState: change to CANDIDATE, lastRpcTime:91ms, electionTimeout:91ms
2019-11-05 08:24:27,098 [Thread-3815] INFO  impl.RoleInfo (RoleInfo.java:shutdownFollowerState(121)) - 4a682f4f-c3f2-4b77-88b7-f0ab78890feb: shutdown FollowerState
2019-11-05 08:24:27,098 [Thread-3815] INFO  impl.RaftServerImpl (RaftServerImpl.java:setRole(184)) - 4a682f4f-c3f2-4b77-88b7-f0ab78890feb@group-0DB8C7688BF9: changes role from  FOLLOWER to CANDIDATE at term 299 for changeToCandidate
2019-11-05 08:24:27,098 [Thread-3815] INFO  impl.RoleInfo (RoleInfo.java:updateAndGet(143)) - 4a682f4f-c3f2-4b77-88b7-f0ab78890feb: start LeaderElection
2019-11-05 08:24:27,111 [4a682f4f-c3f2-4b77-88b7-f0ab78890feb@group-0DB8C7688BF9-LeaderElection521] INFO  impl.LeaderElection (LeaderElection.java:askForVotes(178)) - 4a682f4f-c3f2-4b77-88b7-f0ab78890feb@group-0DB8C7688BF9-LeaderElection521: begin an election at term 300 for -1: [77ab65e6-d942-49df-83a3-1d4c0bf152b3:192.168.164.217:39381, 7e1b84a9-a041-44fd-8008-f2679426984c:192.168.164.217:44149, 4a682f4f-c3f2-4b77-88b7-f0ab78890feb:192.168.164.217:34174], old=null
2019-11-05 08:24:27,113 [grpc-default-executor-0] INFO  impl.RaftServerImpl (RaftServerImpl.java:setRole(184)) - 77ab65e6-d942-49df-83a3-1d4c0bf152b3@group-0DB8C7688BF9: changes role from  FOLLOWER to FOLLOWER at term 300 for recognizeCandidate:4a682f4f-c3f2-4b77-88b7-f0ab78890feb
2019-11-05 08:24:27,113 [grpc-default-executor-3] INFO  impl.RaftServerImpl (RaftServerImpl.java:setRole(184)) - 7e1b84a9-a041-44fd-8008-f2679426984c@group-0DB8C7688BF9: changes role from  FOLLOWER to FOLLOWER at term 300 for recognizeCandidate:4a682f4f-c3f2-4b77-88b7-f0ab78890feb
2019-11-05 08:24:27,113 [grpc-default-executor-0] INFO  impl.RoleInfo (RoleInfo.java:shutdownFollowerState(121)) - 77ab65e6-d942-49df-83a3-1d4c0bf152b3: shutdown FollowerState
2019-11-05 08:24:27,113 [grpc-default-executor-3] INFO  impl.RoleInfo (RoleInfo.java:shutdownFollowerState(121)) - 7e1b84a9-a041-44fd-8008-f2679426984c: shutdown FollowerState
2019-11-05 08:24:27,113 [Thread-3814] INFO  impl.FollowerState (FollowerState.java:run(117)) - 77ab65e6-d942-49df-83a3-1d4c0bf152b3@group-0DB8C7688BF9-FollowerState was interrupted: java.lang.InterruptedException: sleep interrupted
2019-11-05 08:24:27,113 [grpc-default-executor-0] INFO  impl.RoleInfo (RoleInfo.java:updateAndGet(143)) - 77ab65e6-d942-49df-83a3-1d4c0bf152b3: start FollowerState
2019-11-05 08:24:27,113 [Thread-3813] INFO  impl.FollowerState (FollowerState.java:run(117)) - 7e1b84a9-a041-44fd-8008-f2679426984c@group-0DB8C7688BF9-FollowerState was interrupted: java.lang.InterruptedException: sleep interrupted
2019-11-05 08:24:27,113 [grpc-default-executor-3] INFO  impl.RoleInfo (RoleInfo.java:updateAndGet(143)) - 7e1b84a9-a041-44fd-8008-f2679426984c: start FollowerState
2019-11-05 08:24:27,133 [4a682f4f-c3f2-4b77-88b7-f0ab78890feb@group-0DB8C7688BF9-LeaderElection521] INFO  impl.LeaderElection (LeaderElection.java:logAndReturn(56)) - 4a682f4f-c3f2-4b77-88b7-f0ab78890feb@group-0DB8C7688BF9-LeaderElection521: Election REJECTED; received 2 response(s) [4a682f4f-c3f2-4b77-88b7-f0ab78890feb<-77ab65e6-d942-49df-83a3-1d4c0bf152b3#0:FAIL-t300, 4a682f4f-c3f2-4b77-88b7-f0ab78890feb<-7e1b84a9-a041-44fd-8008-f2679426984c#0:FAIL-t300] and 0 exception(s); 4a682f4f-c3f2-4b77-88b7-f0ab78890feb@group-0DB8C7688BF9:t300, leader=null, voted=4a682f4f-c3f2-4b77-88b7-f0ab78890feb, raftlog=4a682f4f-c3f2-4b77-88b7-f0ab78890feb@group-0DB8C7688BF9-SegmentedRaftLog:OPENED:c-1,f-1,i0, conf=-1: [77ab65e6-d942-49df-83a3-1d4c0bf152b3:192.168.164.217:39381, 7e1b84a9-a041-44fd-8008-f2679426984c:192.168.164.217:44149, 4a682f4f-c3f2-4b77-88b7-f0ab78890feb:192.168.164.217:34174], old=null
2019-11-05 08:24:27,134 [4a682f4f-c3f2-4b77-88b7-f0ab78890feb@group-0DB8C7688BF9-LeaderElection521] INFO  impl.RaftServerImpl (RaftServerImpl.java:setRole(184)) - 4a682f4f-c3f2-4b77-88b7-f0ab78890feb@group-0DB8C7688BF9: changes role from CANDIDATE to FOLLOWER at term 300 for DISCOVERED_A_NEW_TERM
2019-11-05 08:24:27,134 [4a682f4f-c3f2-4b77-88b7-f0ab78890feb@group-0DB8C7688BF9-LeaderElection521] INFO  impl.RoleInfo (RoleInfo.java:shutdownLeaderElection(134)) - 4a682f4f-c3f2-4b77-88b7-f0ab78890feb: shutdown LeaderElection
2019-11-05 08:24:27,134 [4a682f4f-c3f2-4b77-88b7-f0ab78890feb@group-0DB8C7688BF9-LeaderElection521] INFO  impl.RoleInfo (RoleInfo.java:updateAndGet(143)) - 4a682f4f-c3f2-4b77-88b7-f0ab78890feb: start FollowerState
2019-11-05 08:24:27,146 [Thread-3821] INFO  impl.FollowerState (FollowerState.java:run(108)) - 4a682f4f-c3f2-4b77-88b7-f0ab78890feb@group-0DB8C7688BF9-FollowerState: change to CANDIDATE, lastRpcTime:12ms, electionTimeout:12ms
2019-11-05 08:24:27,146 [Thread-3821] INFO  impl.RoleInfo (RoleInfo.java:shutdownFollowerState(121)) - 4a682f4f-c3f2-4b77-88b7-f0ab78890feb: shutdown FollowerState
2019-11-05 08:24:27,146 [Thread-3821] INFO  impl.RaftServerImpl (RaftServerImpl.java:setRole(184)) - 4a682f4f-c3f2-4b77-88b7-f0ab78890feb@group-0DB8C7688BF9: changes role from  FOLLOWER to CANDIDATE at term 300 for changeToCandidate
2019-11-05 08:24:27,146 [Thread-3821] INFO  impl.RoleInfo (RoleInfo.java:updateAndGet(143)) - 4a682f4f-c3f2-4b77-88b7-f0ab78890feb: start LeaderElection
2019-11-05 08:24:27,160 [4a682f4f-c3f2-4b77-88b7-f0ab78890feb@group-0DB8C7688BF9-LeaderElection522] INFO  impl.LeaderElection (LeaderElection.java:askForVotes(178)) - 4a682f4f-c3f2-4b77-88b7-f0ab78890feb@group-0DB8C7688BF9-LeaderElection522: begin an election at term 301 for -1: [77ab65e6-d942-49df-83a3-1d4c0bf152b3:192.168.164.217:39381, 7e1b84a9-a041-44fd-8008-f2679426984c:192.168.164.217:44149, 4a682f4f-c3f2-4b77-88b7-f0ab78890feb:192.168.164.217:34174], old=null
2019-11-05 08:24:27,161 [grpc-default-executor-0] INFO  impl.RaftServerImpl (RaftServerImpl.java:setRole(184)) - 77ab65e6-d942-49df-83a3-1d4c0bf152b3@group-0DB8C7688BF9: changes role from  FOLLOWER to FOLLOWER at term 301 for recognizeCandidate:4a682f4f-c3f2-4b77-88b7-f0ab78890feb
2019-11-05 08:24:27,161 [grpc-default-executor-0] INFO  impl.RoleInfo (RoleInfo.java:shutdownFollowerState(121)) - 77ab65e6-d942-49df-83a3-1d4c0bf152b3: shutdown FollowerState
2019-11-05 08:24:27,161 [grpc-default-executor-0] INFO  impl.RoleInfo (RoleInfo.java:updateAndGet(143)) - 77ab65e6-d942-49df-83a3-1d4c0bf152b3: start FollowerState
2019-11-05 08:24:27,161 [grpc-default-executor-3] INFO  impl.RaftServerImpl (RaftServerImpl.java:setRole(184)) - 7e1b84a9-a041-44fd-8008-f2679426984c@group-0DB8C7688BF9: changes role from  FOLLOWER to FOLLOWER at term 301 for recognizeCandidate:4a682f4f-c3f2-4b77-88b7-f0ab78890feb
2019-11-05 08:24:27,162 [grpc-default-executor-3] INFO  impl.RoleInfo (RoleInfo.java:shutdownFollowerState(121)) - 7e1b84a9-a041-44fd-8008-f2679426984c: shutdown FollowerState
2019-11-05 08:24:27,161 [Thread-3819] INFO  impl.FollowerState (FollowerState.java:run(117)) - 77ab65e6-d942-49df-83a3-1d4c0bf152b3@group-0DB8C7688BF9-FollowerState was interrupted: java.lang.InterruptedException: sleep interrupted
2019-11-05 08:24:27,162 [Thread-3820] INFO  impl.FollowerState (FollowerState.java:run(117)) - 7e1b84a9-a041-44fd-8008-f2679426984c@group-0DB8C7688BF9-FollowerState was interrupted: java.lang.InterruptedException: sleep interrupted
2019-11-05 08:24:27,162 [grpc-default-executor-3] INFO  impl.RoleInfo (RoleInfo.java:updateAndGet(143)) - 7e1b84a9-a041-44fd-8008-f2679426984c: start FollowerState
2019-11-05 08:24:27,176 [4a682f4f-c3f2-4b77-88b7-f0ab78890feb@group-0DB8C7688BF9-LeaderElection522] INFO  impl.LeaderElection (LeaderElection.java:logAndReturn(56)) - 4a682f4f-c3f2-4b77-88b7-f0ab78890feb@group-0DB8C7688BF9-LeaderElection522: Election REJECTED; received 2 response(s) [4a682f4f-c3f2-4b77-88b7-f0ab78890feb<-77ab65e6-d942-49df-83a3-1d4c0bf152b3#0:FAIL-t301, 4a682f4f-c3f2-4b77-88b7-f0ab78890feb<-7e1b84a9-a041-44fd-8008-f2679426984c#0:FAIL-t301] and 0 exception(s); 4a682f4f-c3f2-4b77-88b7-f0ab78890feb@group-0DB8C7688BF9:t301, leader=null, voted=4a682f4f-c3f2-4b77-88b7-f0ab78890feb, raftlog=4a682f4f-c3f2-4b77-88b7-f0ab78890feb@group-0DB8C7688BF9-SegmentedRaftLog:OPENED:c-1,f-1,i0, conf=-1: [77ab65e6-d942-49df-83a3-1d4c0bf152b3:192.168.164.217:39381, 7e1b84a9-a041-44fd-8008-f2679426984c:192.168.164.217:44149, 4a682f4f-c3f2-4b77-88b7-f0ab78890feb:192.168.164.217:34174], old=null
2019-11-05 08:24:27,176 [4a682f4f-c3f2-4b77-88b7-f0ab78890feb@group-0DB8C7688BF9-LeaderElection522] INFO  impl.RaftServerImpl (RaftServerImpl.java:setRole(184)) - 4a682f4f-c3f2-4b77-88b7-f0ab78890feb@group-0DB8C7688BF9: changes role from CANDIDATE to FOLLOWER at term 301 for DISCOVERED_A_NEW_TERM
2019-11-05 08:24:27,176 [4a682f4f-c3f2-4b77-88b7-f0ab78890feb@group-0DB8C7688BF9-LeaderElection522] INFO  impl.RoleInfo (RoleInfo.java:shutdownLeaderElection(134)) - 4a682f4f-c3f2-4b77-88b7-f0ab78890feb: shutdown LeaderElection
2019-11-05 08:24:27,176 [4a682f4f-c3f2-4b77-88b7-f0ab78890feb@group-0DB8C7688BF9-LeaderElection522] INFO  impl.RoleInfo (RoleInfo.java:updateAndGet(143)) - 4a682f4f-c3f2-4b77-88b7-f0ab78890feb: start FollowerState
2019-11-05 08:24:27,253 [java.util.concurrent.ThreadPoolExecutor$Worker@4893213[State = -1, empty queue]] WARN  server.GrpcLogAppender (GrpcLogAppender.java:timeoutAppendRequest(209)) - 6189f8a4-91dd-451f-abcb-72b2dcd73465@group-9D53872EEF85->fe5257f1-588f-41af-bf70-1c04126c8968-GrpcLogAppender: appendEntries Timeout, request=6189f8a4-91dd-451f-abcb-72b2dcd73465->fe5257f1-588f-41af-bf70-1c04126c8968#90-t4, previous=(t:4, i:20), leaderCommit=20, initializing? false, entries: <empty>
2019-11-05 08:24:27,337 [Thread-3827] INFO  impl.FollowerState (FollowerState.java:run(108)) - 4a682f4f-c3f2-4b77-88b7-f0ab78890feb@group-0DB8C7688BF9-FollowerState: change to CANDIDATE, lastRpcTime:160ms, electionTimeout:160ms
2019-11-05 08:24:27,337 [Thread-3827] INFO  impl.RoleInfo (RoleInfo.java:shutdownFollowerState(121)) - 4a682f4f-c3f2-4b77-88b7-f0ab78890feb: shutdown FollowerState
2019-11-05 08:24:27,337 [Thread-3827] INFO  impl.RaftServerImpl (RaftServerImpl.java:setRole(184)) - 4a682f4f-c3f2-4b77-88b7-f0ab78890feb@group-0DB8C7688BF9: changes role from  FOLLOWER to CANDIDATE at term 301 for changeToCandidate
2019-11-05 08:24:27,337 [Thread-3827] INFO  impl.RoleInfo (RoleInfo.java:updateAndGet(143)) - 4a682f4f-c3f2-4b77-88b7-f0ab78890feb: start LeaderElection
2019-11-05 08:24:27,350 [4a682f4f-c3f2-4b77-88b7-f0ab78890feb@group-0DB8C7688BF9-LeaderElection523] INFO  impl.LeaderElection (LeaderElection.java:askForVotes(178)) - 4a682f4f-c3f2-4b77-88b7-f0ab78890feb@group-0DB8C7688BF9-LeaderElection523: begin an election at term 302 for -1: [77ab65e6-d942-49df-83a3-1d4c0bf152b3:192.168.164.217:39381, 7e1b84a9-a041-44fd-8008-f2679426984c:192.168.164.217:44149, 4a682f4f-c3f2-4b77-88b7-f0ab78890feb:192.168.164.217:34174], old=null
2019-11-05 08:24:27,352 [grpc-default-executor-3] INFO  impl.RaftServerImpl (RaftServerImpl.java:setRole(184)) - 7e1b84a9-a041-44fd-8008-f2679426984c@group-0DB8C7688BF9: changes role from  FOLLOWER to FOLLOWER at term 302 for recognizeCandidate:4a682f4f-c3f2-4b77-88b7-f0ab78890feb
2019-11-05 08:24:27,352 [grpc-default-executor-3] INFO  impl.RoleInfo (RoleInfo.java:shutdownFollowerState(121)) - 7e1b84a9-a041-44fd-8008-f2679426984c: shutdown FollowerState
2019-11-05 08:24:27,352 [grpc-default-executor-0] INFO  impl.RaftServerImpl (RaftServerImpl.java:setRole(184)) - 77ab65e6-d942-49df-83a3-1d4c0bf152b3@group-0DB8C7688BF9: changes role from  FOLLOWER to FOLLOWER at term 302 for recognizeCandidate:4a682f4f-c3f2-4b77-88b7-f0ab78890feb
2019-11-05 08:24:27,352 [Thread-3826] INFO  impl.FollowerState (FollowerState.java:run(117)) - 7e1b84a9-a041-44fd-8008-f2679426984c@group-0DB8C7688BF9-FollowerState was interrupted: java.lang.InterruptedException: sleep interrupted
2019-11-05 08:24:27,352 [grpc-default-executor-3] INFO  impl.RoleInfo (RoleInfo.java:updateAndGet(143)) - 7e1b84a9-a041-44fd-8008-f2679426984c: start FollowerState
2019-11-05 08:24:27,352 [grpc-default-executor-0] INFO  impl.RoleInfo (RoleInfo.java:shutdownFollowerState(121)) - 77ab65e6-d942-49df-83a3-1d4c0bf152b3: shutdown FollowerState
2019-11-05 08:24:27,352 [grpc-default-executor-0] INFO  impl.RoleInfo (RoleInfo.java:updateAndGet(143)) - 77ab65e6-d942-49df-83a3-1d4c0bf152b3: start FollowerState
2019-11-05 08:24:27,352 [Thread-3825] INFO  impl.FollowerState (FollowerState.java:run(117)) - 77ab65e6-d942-49df-83a3-1d4c0bf152b3@group-0DB8C7688BF9-FollowerState was interrupted: java.lang.InterruptedException: sleep interrupted
2019-11-05 08:24:27,389 [4a682f4f-c3f2-4b77-88b7-f0ab78890feb@group-0DB8C7688BF9-LeaderElection523] INFO  impl.LeaderElection (LeaderElection.java:logAndReturn(56)) - 4a682f4f-c3f2-4b77-88b7-f0ab78890feb@group-0DB8C7688BF9-LeaderElection523: Election REJECTED; received 2 response(s) [4a682f4f-c3f2-4b77-88b7-f0ab78890feb<-77ab65e6-d942-49df-83a3-1d4c0bf152b3#0:FAIL-t302, 4a682f4f-c3f2-4b77-88b7-f0ab78890feb<-7e1b84a9-a041-44fd-8008-f2679426984c#0:FAIL-t302] and 0 exception(s); 4a682f4f-c3f2-4b77-88b7-f0ab78890feb@group-0DB8C7688BF9:t302, leader=null, voted=4a682f4f-c3f2-4b77-88b7-f0ab78890feb, raftlog=4a682f4f-c3f2-4b77-88b7-f0ab78890feb@group-0DB8C7688BF9-SegmentedRaftLog:OPENED:c-1,f-1,i0, conf=-1: [77ab65e6-d942-49df-83a3-1d4c0bf152b3:192.168.164.217:39381, 7e1b84a9-a041-44fd-8008-f2679426984c:192.168.164.217:44149, 4a682f4f-c3f2-4b77-88b7-f0ab78890feb:192.168.164.217:34174], old=null
2019-11-05 08:24:27,390 [4a682f4f-c3f2-4b77-88b7-f0ab78890feb@group-0DB8C7688BF9-LeaderElection523] INFO  impl.RaftServerImpl (RaftServerImpl.java:setRole(184)) - 4a682f4f-c3f2-4b77-88b7-f0ab78890feb@group-0DB8C7688BF9: changes role from CANDIDATE to FOLLOWER at term 302 for DISCOVERED_A_NEW_TERM
2019-11-05 08:24:27,390 [4a682f4f-c3f2-4b77-88b7-f0ab78890feb@group-0DB8C7688BF9-LeaderElection523] INFO  impl.RoleInfo (RoleInfo.java:shutdownLeaderElection(134)) - 4a682f4f-c3f2-4b77-88b7-f0ab78890feb: shutdown LeaderElection
2019-11-05 08:24:27,390 [4a682f4f-c3f2-4b77-88b7-f0ab78890feb@group-0DB8C7688BF9-LeaderElection523] INFO  impl.RoleInfo (RoleInfo.java:updateAndGet(143)) - 4a682f4f-c3f2-4b77-88b7-f0ab78890feb: start FollowerState
2019-11-05 08:24:27,515 [Thread-3833] INFO  impl.FollowerState (FollowerState.java:run(108)) - 4a682f4f-c3f2-4b77-88b7-f0ab78890feb@group-0DB8C7688BF9-FollowerState: change to CANDIDATE, lastRpcTime:125ms, electionTimeout:125ms
2019-11-05 08:24:27,515 [Thread-3833] INFO  impl.RoleInfo (RoleInfo.java:shutdownFollowerState(121)) - 4a682f4f-c3f2-4b77-88b7-f0ab78890feb: shutdown FollowerState
2019-11-05 08:24:27,515 [Thread-3833] INFO  impl.RaftServerImpl (RaftServerImpl.java:setRole(184)) - 4a682f4f-c3f2-4b77-88b7-f0ab78890feb@group-0DB8C7688BF9: changes role from  FOLLOWER to CANDIDATE at term 302 for changeToCandidate
2019-11-05 08:24:27,516 [Thread-3833] INFO  impl.RoleInfo (RoleInfo.java:updateAndGet(143)) - 4a682f4f-c3f2-4b77-88b7-f0ab78890feb: start LeaderElection
2019-11-05 08:24:27,529 [4a682f4f-c3f2-4b77-88b7-f0ab78890feb@group-0DB8C7688BF9-LeaderElection524] INFO  impl.LeaderElection (LeaderElection.java:askForVotes(178)) - 4a682f4f-c3f2-4b77-88b7-f0ab78890feb@group-0DB8C7688BF9-LeaderElection524: begin an election at term 303 for -1: [77ab65e6-d942-49df-83a3-1d4c0bf152b3:192.168.164.217:39381, 7e1b84a9-a041-44fd-8008-f2679426984c:192.168.164.217:44149, 4a682f4f-c3f2-4b77-88b7-f0ab78890feb:192.168.164.217:34174], old=null
2019-11-05 08:24:27,530 [grpc-default-executor-0] INFO  impl.RaftServerImpl (RaftServerImpl.java:setRole(184)) - 77ab65e6-d942-49df-83a3-1d4c0bf152b3@group-0DB8C7688BF9: changes role from  FOLLOWER to FOLLOWER at term 303 for recognizeCandidate:4a682f4f-c3f2-4b77-88b7-f0ab78890feb
2019-11-05 08:24:27,530 [grpc-default-executor-0] INFO  impl.RoleInfo (RoleInfo.java:shutdownFollowerState(121)) - 77ab65e6-d942-49df-83a3-1d4c0bf152b3: shutdown FollowerState
2019-11-05 08:24:27,531 [grpc-default-executor-3] INFO  impl.RaftServerImpl (RaftServerImpl.java:setRole(184)) - 7e1b84a9-a041-44fd-8008-f2679426984c@group-0DB8C7688BF9: changes role from  FOLLOWER to FOLLOWER at term 303 for recognizeCandidate:4a682f4f-c3f2-4b77-88b7-f0ab78890feb
2019-11-05 08:24:27,531 [grpc-default-executor-3] INFO  impl.RoleInfo (RoleInfo.java:shutdownFollowerState(121)) - 7e1b84a9-a041-44fd-8008-f2679426984c: shutdown FollowerState
2019-11-05 08:24:27,531 [Thread-3832] INFO  impl.FollowerState (FollowerState.java:run(117)) - 77ab65e6-d942-49df-83a3-1d4c0bf152b3@group-0DB8C7688BF9-FollowerState was interrupted: java.lang.InterruptedException: sleep interrupted
2019-11-05 08:24:27,531 [Thread-3831] INFO  impl.FollowerState (FollowerState.java:run(117)) - 7e1b84a9-a041-44fd-8008-f2679426984c@group-0DB8C7688BF9-FollowerState was interrupted: java.lang.InterruptedException: sleep interrupted
2019-11-05 08:24:27,531 [grpc-default-executor-0] INFO  impl.RoleInfo (RoleInfo.java:updateAndGet(143)) - 77ab65e6-d942-49df-83a3-1d4c0bf152b3: start FollowerState
2019-11-05 08:24:27,531 [grpc-default-executor-3] INFO  impl.RoleInfo (RoleInfo.java:updateAndGet(143)) - 7e1b84a9-a041-44fd-8008-f2679426984c: start FollowerState
2019-11-05 08:24:27,545 [4a682f4f-c3f2-4b77-88b7-f0ab78890feb@group-0DB8C7688BF9-LeaderElection524] INFO  impl.LeaderElection (LeaderElection.java:logAndReturn(56)) - 4a682f4f-c3f2-4b77-88b7-f0ab78890feb@group-0DB8C7688BF9-LeaderElection524: Election REJECTED; received 2 response(s) [4a682f4f-c3f2-4b77-88b7-f0ab78890feb<-77ab65e6-d942-49df-83a3-1d4c0bf152b3#0:FAIL-t303, 4a682f4f-c3f2-4b77-88b7-f0ab78890feb<-7e1b84a9-a041-44fd-8008-f2679426984c#0:FAIL-t303] and 0 exception(s); 4a682f4f-c3f2-4b77-88b7-f0ab78890feb@group-0DB8C7688BF9:t303, leader=null, voted=4a682f4f-c3f2-4b77-88b7-f0ab78890feb, raftlog=4a682f4f-c3f2-4b77-88b7-f0ab78890feb@group-0DB8C7688BF9-SegmentedRaftLog:OPENED:c-1,f-1,i0, conf=-1: [77ab65e6-d942-49df-83a3-1d4c0bf152b3:192.168.164.217:39381, 7e1b84a9-a041-44fd-8008-f2679426984c:192.168.164.217:44149, 4a682f4f-c3f2-4b77-88b7-f0ab78890feb:192.168.164.217:34174], old=null
2019-11-05 08:24:27,546 [4a682f4f-c3f2-4b77-88b7-f0ab78890feb@group-0DB8C7688BF9-LeaderElection524] INFO  impl.RaftServerImpl (RaftServerImpl.java:setRole(184)) - 4a682f4f-c3f2-4b77-88b7-f0ab78890feb@group-0DB8C7688BF9: changes role from CANDIDATE to FOLLOWER at term 303 for DISCOVERED_A_NEW_TERM
2019-11-05 08:24:27,546 [4a682f4f-c3f2-4b77-88b7-f0ab78890feb@group-0DB8C7688BF9-LeaderElection524] INFO  impl.RoleInfo (RoleInfo.java:shutdownLeaderElection(134)) - 4a682f4f-c3f2-4b77-88b7-f0ab78890feb: shutdown LeaderElection
2019-11-05 08:24:27,546 [4a682f4f-c3f2-4b77-88b7-f0ab78890feb@group-0DB8C7688BF9-LeaderElection524] INFO  impl.RoleInfo (RoleInfo.java:updateAndGet(143)) - 4a682f4f-c3f2-4b77-88b7-f0ab78890feb: start FollowerState
2019-11-05 08:24:27,605 [Thread-3839] INFO  impl.FollowerState (FollowerState.java:run(108)) - 4a682f4f-c3f2-4b77-88b7-f0ab78890feb@group-0DB8C7688BF9-FollowerState: change to CANDIDATE, lastRpcTime:59ms, electionTimeout:59ms
2019-11-05 08:24:27,605 [Thread-3839] INFO  impl.RoleInfo (RoleInfo.java:shutdownFollowerState(121)) - 4a682f4f-c3f2-4b77-88b7-f0ab78890feb: shutdown FollowerState
2019-11-05 08:24:27,605 [Thread-3839] INFO  impl.RaftServerImpl (RaftServerImpl.java:setRole(184)) - 4a682f4f-c3f2-4b77-88b7-f0ab78890feb@group-0DB8C7688BF9: changes role from  FOLLOWER to CANDIDATE at term 303 for changeToCandidate
2019-11-05 08:24:27,606 [Thread-3839] INFO  impl.RoleInfo (RoleInfo.java:updateAndGet(143)) - 4a682f4f-c3f2-4b77-88b7-f0ab78890feb: start LeaderElection
2019-11-05 08:24:27,630 [4a682f4f-c3f2-4b77-88b7-f0ab78890feb@group-0DB8C7688BF9-LeaderElection525] INFO  impl.LeaderElection (LeaderElection.java:askForVotes(178)) - 4a682f4f-c3f2-4b77-88b7-f0ab78890feb@group-0DB8C7688BF9-LeaderElection525: begin an election at term 304 for -1: [77ab65e6-d942-49df-83a3-1d4c0bf152b3:192.168.164.217:39381, 7e1b84a9-a041-44fd-8008-f2679426984c:192.168.164.217:44149, 4a682f4f-c3f2-4b77-88b7-f0ab78890feb:192.168.164.217:34174], old=null
2019-11-05 08:24:27,631 [grpc-default-executor-0] INFO  impl.RaftServerImpl (RaftServerImpl.java:setRole(184)) - 77ab65e6-d942-49df-83a3-1d4c0bf152b3@group-0DB8C7688BF9: changes role from  FOLLOWER to FOLLOWER at term 304 for recognizeCandidate:4a682f4f-c3f2-4b77-88b7-f0ab78890feb
2019-11-05 08:24:27,631 [grpc-default-executor-0] INFO  impl.RoleInfo (RoleInfo.java:shutdownFollowerState(121)) - 77ab65e6-d942-49df-83a3-1d4c0bf152b3: shutdown FollowerState
2019-11-05 08:24:27,631 [grpc-default-executor-3] INFO  impl.RaftServerImpl (RaftServerImpl.java:setRole(184)) - 7e1b84a9-a041-44fd-8008-f2679426984c@group-0DB8C7688BF9: changes role from  FOLLOWER to FOLLOWER at term 304 for recognizeCandidate:4a682f4f-c3f2-4b77-88b7-f0ab78890feb
2019-11-05 08:24:27,631 [Thread-3837] INFO  impl.FollowerState (FollowerState.java:run(117)) - 77ab65e6-d942-49df-83a3-1d4c0bf152b3@group-0DB8C7688BF9-FollowerState was interrupted: java.lang.InterruptedException: sleep interrupted
2019-11-05 08:24:27,631 [grpc-default-executor-0] INFO  impl.RoleInfo (RoleInfo.java:updateAndGet(143)) - 77ab65e6-d942-49df-83a3-1d4c0bf152b3: start FollowerState
2019-11-05 08:24:27,631 [grpc-default-executor-3] INFO  impl.RoleInfo (RoleInfo.java:shutdownFollowerState(121)) - 7e1b84a9-a041-44fd-8008-f2679426984c: shutdown FollowerState
2019-11-05 08:24:27,632 [grpc-default-executor-3] INFO  impl.RoleInfo (RoleInfo.java:updateAndGet(143)) - 7e1b84a9-a041-44fd-8008-f2679426984c: start FollowerState
2019-11-05 08:24:27,632 [Thread-3838] INFO  impl.FollowerState (FollowerState.java:run(117)) - 7e1b84a9-a041-44fd-8008-f2679426984c@group-0DB8C7688BF9-FollowerState was interrupted: java.lang.InterruptedException: sleep interrupted
2019-11-05 08:24:27,646 [4a682f4f-c3f2-4b77-88b7-f0ab78890feb@group-0DB8C7688BF9-LeaderElection525] INFO  impl.LeaderElection (LeaderElection.java:logAndReturn(56)) - 4a682f4f-c3f2-4b77-88b7-f0ab78890feb@group-0DB8C7688BF9-LeaderElection525: Election REJECTED; received 2 response(s) [4a682f4f-c3f2-4b77-88b7-f0ab78890feb<-77ab65e6-d942-49df-83a3-1d4c0bf152b3#0:FAIL-t304, 4a682f4f-c3f2-4b77-88b7-f0ab78890feb<-7e1b84a9-a041-44fd-8008-f2679426984c#0:FAIL-t304] and 0 exception(s); 4a682f4f-c3f2-4b77-88b7-f0ab78890feb@group-0DB8C7688BF9:t304, leader=null, voted=4a682f4f-c3f2-4b77-88b7-f0ab78890feb, raftlog=4a682f4f-c3f2-4b77-88b7-f0ab78890feb@group-0DB8C7688BF9-SegmentedRaftLog:OPENED:c-1,f-1,i0, conf=-1: [77ab65e6-d942-49df-83a3-1d4c0bf152b3:192.168.164.217:39381, 7e1b84a9-a041-44fd-8008-f2679426984c:192.168.164.217:44149, 4a682f4f-c3f2-4b77-88b7-f0ab78890feb:192.168.164.217:34174], old=null
2019-11-05 08:24:27,646 [4a682f4f-c3f2-4b77-88b7-f0ab78890feb@group-0DB8C7688BF9-LeaderElection525] INFO  impl.RaftServerImpl (RaftServerImpl.java:setRole(184)) - 4a682f4f-c3f2-4b77-88b7-f0ab78890feb@group-0DB8C7688BF9: changes role from CANDIDATE to FOLLOWER at term 304 for DISCOVERED_A_NEW_TERM
2019-11-05 08:24:27,646 [4a682f4f-c3f2-4b77-88b7-f0ab78890feb@group-0DB8C7688BF9-LeaderElection525] INFO  impl.RoleInfo (RoleInfo.java:shutdownLeaderElection(134)) - 4a682f4f-c3f2-4b77-88b7-f0ab78890feb: shutdown LeaderElection
2019-11-05 08:24:27,646 [4a682f4f-c3f2-4b77-88b7-f0ab78890feb@group-0DB8C7688BF9-LeaderElection525] INFO  impl.RoleInfo (RoleInfo.java:updateAndGet(143)) - 4a682f4f-c3f2-4b77-88b7-f0ab78890feb: start FollowerState
2019-11-05 08:24:27,753 [java.util.concurrent.ThreadPoolExecutor$Worker@4893213[State = -1, empty queue]] WARN  server.GrpcLogAppender (GrpcLogAppender.java:timeoutAppendRequest(209)) - 6189f8a4-91dd-451f-abcb-72b2dcd73465@group-9D53872EEF85->fe5257f1-588f-41af-bf70-1c04126c8968-GrpcLogAppender: appendEntries Timeout, request=6189f8a4-91dd-451f-abcb-72b2dcd73465->fe5257f1-588f-41af-bf70-1c04126c8968#91-t4, previous=(t:4, i:20), leaderCommit=20, initializing? false, entries: <empty>
2019-11-05 08:24:27,772 [Thread-3845] INFO  impl.FollowerState (FollowerState.java:run(108)) - 4a682f4f-c3f2-4b77-88b7-f0ab78890feb@group-0DB8C7688BF9-FollowerState: change to CANDIDATE, lastRpcTime:126ms, electionTimeout:126ms
2019-11-05 08:24:27,772 [Thread-3845] INFO  impl.RoleInfo (RoleInfo.java:shutdownFollowerState(121)) - 4a682f4f-c3f2-4b77-88b7-f0ab78890feb: shutdown FollowerState
2019-11-05 08:24:27,773 [Thread-3845] INFO  impl.RaftServerImpl (RaftServerImpl.java:setRole(184)) - 4a682f4f-c3f2-4b77-88b7-f0ab78890feb@group-0DB8C7688BF9: changes role from  FOLLOWER to CANDIDATE at term 304 for changeToCandidate
2019-11-05 08:24:27,773 [Thread-3845] INFO  impl.RoleInfo (RoleInfo.java:updateAndGet(143)) - 4a682f4f-c3f2-4b77-88b7-f0ab78890feb: start LeaderElection
2019-11-05 08:24:27,792 [java.util.concurrent.ThreadPoolExecutor$Worker@7a1c0679[State = -1, empty queue]] WARN  server.GrpcLogAppender (GrpcLogAppender.java:timeoutAppendRequest(209)) - 6189f8a4-91dd-451f-abcb-72b2dcd73465@group-9D53872EEF85->c3e88256-f771-43b4-b3fb-c682fc5ee06f-GrpcLogAppender: appendEntries Timeout, request=6189f8a4-91dd-451f-abcb-72b2dcd73465->c3e88256-f771-43b4-b3fb-c682fc5ee06f#91-t4, previous=(t:4, i:20), leaderCommit=20, initializing? false, entries: <empty>
2019-11-05 08:24:27,795 [4a682f4f-c3f2-4b77-88b7-f0ab78890feb@group-0DB8C7688BF9-LeaderElection526] INFO  impl.LeaderElection (LeaderElection.java:askForVotes(178)) - 4a682f4f-c3f2-4b77-88b7-f0ab78890feb@group-0DB8C7688BF9-LeaderElection526: begin an election at term 305 for -1: [77ab65e6-d942-49df-83a3-1d4c0bf152b3:192.168.164.217:39381, 7e1b84a9-a041-44fd-8008-f2679426984c:192.168.164.217:44149, 4a682f4f-c3f2-4b77-88b7-f0ab78890feb:192.168.164.217:34174], old=null
2019-11-05 08:24:27,796 [grpc-default-executor-3] INFO  impl.RaftServerImpl (RaftServerImpl.java:setRole(184)) - 77ab65e6-d942-49df-83a3-1d4c0bf152b3@group-0DB8C7688BF9: changes role from  FOLLOWER to FOLLOWER at term 305 for recognizeCandidate:4a682f4f-c3f2-4b77-88b7-f0ab78890feb
2019-11-05 08:24:27,796 [grpc-default-executor-4] INFO  impl.RaftServerImpl (RaftServerImpl.java:setRole(184)) - 7e1b84a9-a041-44fd-8008-f2679426984c@group-0DB8C7688BF9: changes role from  FOLLOWER to FOLLOWER at term 305 for recognizeCandidate:4a682f4f-c3f2-4b77-88b7-f0ab78890feb
2019-11-05 08:24:27,796 [grpc-default-executor-3] INFO  impl.RoleInfo (RoleInfo.java:shutdownFollowerState(121)) - 77ab65e6-d942-49df-83a3-1d4c0bf152b3: shutdown FollowerState
2019-11-05 08:24:27,796 [grpc-default-executor-4] INFO  impl.RoleInfo (RoleInfo.java:shutdownFollowerState(121)) - 7e1b84a9-a041-44fd-8008-f2679426984c: shutdown FollowerState
2019-11-05 08:24:27,797 [Thread-3843] INFO  impl.FollowerState (FollowerState.java:run(117)) - 77ab65e6-d942-49df-83a3-1d4c0bf152b3@group-0DB8C7688BF9-FollowerState was interrupted: java.lang.InterruptedException: sleep interrupted
2019-11-05 08:24:27,797 [grpc-default-executor-3] INFO  impl.RoleInfo (RoleInfo.java:updateAndGet(143)) - 77ab65e6-d942-49df-83a3-1d4c0bf152b3: start FollowerState
2019-11-05 08:24:27,797 [Thread-3844] INFO  impl.FollowerState (FollowerState.java:run(117)) - 7e1b84a9-a041-44fd-8008-f2679426984c@group-0DB8C7688BF9-FollowerState was interrupted: java.lang.InterruptedException: sleep interrupted
2019-11-05 08:24:27,797 [grpc-default-executor-4] INFO  impl.RoleInfo (RoleInfo.java:updateAndGet(143)) - 7e1b84a9-a041-44fd-8008-f2679426984c: start FollowerState
2019-11-05 08:24:27,811 [4a682f4f-c3f2-4b77-88b7-f0ab78890feb@group-0DB8C7688BF9-LeaderElection526] INFO  impl.LeaderElection (LeaderElection.java:logAndReturn(56)) - 4a682f4f-c3f2-4b77-88b7-f0ab78890feb@group-0DB8C7688BF9-LeaderElection526: Election REJECTED; received 2 response(s) [4a682f4f-c3f2-4b77-88b7-f0ab78890feb<-77ab65e6-d942-49df-83a3-1d4c0bf152b3#0:FAIL-t305, 4a682f4f-c3f2-4b77-88b7-f0ab78890feb<-7e1b84a9-a041-44fd-8008-f2679426984c#0:FAIL-t305] and 0 exception(s); 4a682f4f-c3f2-4b77-88b7-f0ab78890feb@group-0DB8C7688BF9:t305, leader=null, voted=4a682f4f-c3f2-4b77-88b7-f0ab78890feb, raftlog=4a682f4f-c3f2-4b77-88b7-f0ab78890feb@group-0DB8C7688BF9-SegmentedRaftLog:OPENED:c-1,f-1,i0, conf=-1: [77ab65e6-d942-49df-83a3-1d4c0bf152b3:192.168.164.217:39381, 7e1b84a9-a041-44fd-8008-f2679426984c:192.168.164.217:44149, 4a682f4f-c3f2-4b77-88b7-f0ab78890feb:192.168.164.217:34174], old=null
2019-11-05 08:24:27,811 [4a682f4f-c3f2-4b77-88b7-f0ab78890feb@group-0DB8C7688BF9-LeaderElection526] INFO  impl.RaftServerImpl (RaftServerImpl.java:setRole(184)) - 4a682f4f-c3f2-4b77-88b7-f0ab78890feb@group-0DB8C7688BF9: changes role from CANDIDATE to FOLLOWER at term 305 for DISCOVERED_A_NEW_TERM
2019-11-05 08:24:27,811 [4a682f4f-c3f2-4b77-88b7-f0ab78890feb@group-0DB8C7688BF9-LeaderElection526] INFO  impl.RoleInfo (RoleInfo.java:shutdownLeaderElection(134)) - 4a682f4f-c3f2-4b77-88b7-f0ab78890feb: shutdown LeaderElection
2019-11-05 08:24:27,811 [4a682f4f-c3f2-4b77-88b7-f0ab78890feb@group-0DB8C7688BF9-LeaderElection526] INFO  impl.RoleInfo (RoleInfo.java:updateAndGet(143)) - 4a682f4f-c3f2-4b77-88b7-f0ab78890feb: start FollowerState
2019-11-05 08:24:27,971 [Thread-3851] INFO  impl.FollowerState (FollowerState.java:run(108)) - 4a682f4f-c3f2-4b77-88b7-f0ab78890feb@group-0DB8C7688BF9-FollowerState: change to CANDIDATE, lastRpcTime:159ms, electionTimeout:159ms
2019-11-05 08:24:27,971 [Thread-3851] INFO  impl.RoleInfo (RoleInfo.java:shutdownFollowerState(121)) - 4a682f4f-c3f2-4b77-88b7-f0ab78890feb: shutdown FollowerState
2019-11-05 08:24:27,971 [Thread-3851] INFO  impl.RaftServerImpl (RaftServerImpl.java:setRole(184)) - 4a682f4f-c3f2-4b77-88b7-f0ab78890feb@group-0DB8C7688BF9: changes role from  FOLLOWER to CANDIDATE at term 305 for changeToCandidate
2019-11-05 08:24:27,971 [Thread-3851] INFO  impl.RoleInfo (RoleInfo.java:updateAndGet(143)) - 4a682f4f-c3f2-4b77-88b7-f0ab78890feb: start LeaderElection
2019-11-05 08:24:27,985 [4a682f4f-c3f2-4b77-88b7-f0ab78890feb@group-0DB8C7688BF9-LeaderElection527] INFO  impl.LeaderElection (LeaderElection.java:askForVotes(178)) - 4a682f4f-c3f2-4b77-88b7-f0ab78890feb@group-0DB8C7688BF9-LeaderElection527: begin an election at term 306 for -1: [77ab65e6-d942-49df-83a3-1d4c0bf152b3:192.168.164.217:39381, 7e1b84a9-a041-44fd-8008-f2679426984c:192.168.164.217:44149, 4a682f4f-c3f2-4b77-88b7-f0ab78890feb:192.168.164.217:34174], old=null
2019-11-05 08:24:27,986 [grpc-default-executor-4] INFO  impl.RaftServerImpl (RaftServerImpl.java:setRole(184)) - 77ab65e6-d942-49df-83a3-1d4c0bf152b3@group-0DB8C7688BF9: changes role from  FOLLOWER to FOLLOWER at term 306 for recognizeCandidate:4a682f4f-c3f2-4b77-88b7-f0ab78890feb
2019-11-05 08:24:27,986 [grpc-default-executor-4] INFO  impl.RoleInfo (RoleInfo.java:shutdownFollowerState(121)) - 77ab65e6-d942-49df-83a3-1d4c0bf152b3: shutdown FollowerState
2019-11-05 08:24:27,986 [grpc-default-executor-3] INFO  impl.RaftServerImpl (RaftServerImpl.java:setRole(184)) - 7e1b84a9-a041-44fd-8008-f2679426984c@group-0DB8C7688BF9: changes role from  FOLLOWER to FOLLOWER at term 306 for recognizeCandidate:4a682f4f-c3f2-4b77-88b7-f0ab78890feb
2019-11-05 08:24:27,986 [Thread-3849] INFO  impl.FollowerState (FollowerState.java:run(117)) - 77ab65e6-d942-49df-83a3-1d4c0bf152b3@group-0DB8C7688BF9-FollowerState was interrupted: java.lang.InterruptedException: sleep interrupted
2019-11-05 08:24:27,986 [grpc-default-executor-4] INFO  impl.RoleInfo (RoleInfo.java:updateAndGet(143)) - 77ab65e6-d942-49df-83a3-1d4c0bf152b3: start FollowerState
2019-11-05 08:24:27,987 [grpc-default-executor-3] INFO  impl.RoleInfo (RoleInfo.java:shutdownFollowerState(121)) - 7e1b84a9-a041-44fd-8008-f2679426984c: shutdown FollowerState
2019-11-05 08:24:27,987 [grpc-default-executor-3] INFO  impl.RoleInfo (RoleInfo.java:updateAndGet(143)) - 7e1b84a9-a041-44fd-8008-f2679426984c: start FollowerState
2019-11-05 08:24:27,987 [Thread-3850] INFO  impl.FollowerState (FollowerState.java:run(117)) - 7e1b84a9-a041-44fd-8008-f2679426984c@group-0DB8C7688BF9-FollowerState was interrupted: java.lang.InterruptedException: sleep interrupted
2019-11-05 08:24:28,001 [4a682f4f-c3f2-4b77-88b7-f0ab78890feb@group-0DB8C7688BF9-LeaderElection527] INFO  impl.LeaderElection (LeaderElection.java:logAndReturn(56)) - 4a682f4f-c3f2-4b77-88b7-f0ab78890feb@group-0DB8C7688BF9-LeaderElection527: Election REJECTED; received 2 response(s) [4a682f4f-c3f2-4b77-88b7-f0ab78890feb<-77ab65e6-d942-49df-83a3-1d4c0bf152b3#0:FAIL-t306, 4a682f4f-c3f2-4b77-88b7-f0ab78890feb<-7e1b84a9-a041-44fd-8008-f2679426984c#0:FAIL-t306] and 0 exception(s); 4a682f4f-c3f2-4b77-88b7-f0ab78890feb@group-0DB8C7688BF9:t306, leader=null, voted=4a682f4f-c3f2-4b77-88b7-f0ab78890feb, raftlog=4a682f4f-c3f2-4b77-88b7-f0ab78890feb@group-0DB8C7688BF9-SegmentedRaftLog:OPENED:c-1,f-1,i0, conf=-1: [77ab65e6-d942-49df-83a3-1d4c0bf152b3:192.168.164.217:39381, 7e1b84a9-a041-44fd-8008-f2679426984c:192.168.164.217:44149, 4a682f4f-c3f2-4b77-88b7-f0ab78890feb:192.168.164.217:34174], old=null
2019-11-05 08:24:28,001 [4a682f4f-c3f2-4b77-88b7-f0ab78890feb@group-0DB8C7688BF9-LeaderElection527] INFO  impl.RaftServerImpl (RaftServerImpl.java:setRole(184)) - 4a682f4f-c3f2-4b77-88b7-f0ab78890feb@group-0DB8C7688BF9: changes role from CANDIDATE to FOLLOWER at term 306 for DISCOVERED_A_NEW_TERM
2019-11-05 08:24:28,001 [4a682f4f-c3f2-4b77-88b7-f0ab78890feb@group-0DB8C7688BF9-LeaderElection527] INFO  impl.RoleInfo (RoleInfo.java:shutdownLeaderElection(134)) - 4a682f4f-c3f2-4b77-88b7-f0ab78890feb: shutdown LeaderElection
2019-11-05 08:24:28,002 [4a682f4f-c3f2-4b77-88b7-f0ab78890feb@group-0DB8C7688BF9-LeaderElection527] INFO  impl.RoleInfo (RoleInfo.java:updateAndGet(143)) - 4a682f4f-c3f2-4b77-88b7-f0ab78890feb: start FollowerState
2019-11-05 08:24:28,132 [Thread-3857] INFO  impl.FollowerState (FollowerState.java:run(108)) - 4a682f4f-c3f2-4b77-88b7-f0ab78890feb@group-0DB8C7688BF9-FollowerState: change to CANDIDATE, lastRpcTime:130ms, electionTimeout:130ms
2019-11-05 08:24:28,132 [Thread-3857] INFO  impl.RoleInfo (RoleInfo.java:shutdownFollowerState(121)) - 4a682f4f-c3f2-4b77-88b7-f0ab78890feb: shutdown FollowerState
2019-11-05 08:24:28,132 [Thread-3857] INFO  impl.RaftServerImpl (RaftServerImpl.java:setRole(184)) - 4a682f4f-c3f2-4b77-88b7-f0ab78890feb@group-0DB8C7688BF9: changes role from  FOLLOWER to CANDIDATE at term 306 for changeToCandidate
2019-11-05 08:24:28,132 [Thread-3857] INFO  impl.RoleInfo (RoleInfo.java:updateAndGet(143)) - 4a682f4f-c3f2-4b77-88b7-f0ab78890feb: start LeaderElection
2019-11-05 08:24:28,146 [4a682f4f-c3f2-4b77-88b7-f0ab78890feb@group-0DB8C7688BF9-LeaderElection528] INFO  impl.LeaderElection (LeaderElection.java:askForVotes(178)) - 4a682f4f-c3f2-4b77-88b7-f0ab78890feb@group-0DB8C7688BF9-LeaderElection528: begin an election at term 307 for -1: [77ab65e6-d942-49df-83a3-1d4c0bf152b3:192.168.164.217:39381, 7e1b84a9-a041-44fd-8008-f2679426984c:192.168.164.217:44149, 4a682f4f-c3f2-4b77-88b7-f0ab78890feb:192.168.164.217:34174], old=null
2019-11-05 08:24:28,148 [grpc-default-executor-3] INFO  impl.RaftServerImpl (RaftServerImpl.java:setRole(184)) - 77ab65e6-d942-49df-83a3-1d4c0bf152b3@group-0DB8C7688BF9: changes role from  FOLLOWER to FOLLOWER at term 307 for recognizeCandidate:4a682f4f-c3f2-4b77-88b7-f0ab78890feb
2019-11-05 08:24:28,148 [grpc-default-executor-4] INFO  impl.RaftServerImpl (RaftServerImpl.java:setRole(184)) - 7e1b84a9-a041-44fd-8008-f2679426984c@group-0DB8C7688BF9: changes role from  FOLLOWER to FOLLOWER at term 307 for recognizeCandidate:4a682f4f-c3f2-4b77-88b7-f0ab78890feb
2019-11-05 08:24:28,148 [grpc-default-executor-4] INFO  impl.RoleInfo (RoleInfo.java:shutdownFollowerState(121)) - 7e1b84a9-a041-44fd-8008-f2679426984c: shutdown FollowerState
2019-11-05 08:24:28,148 [grpc-default-executor-3] INFO  impl.RoleInfo (RoleInfo.java:shutdownFollowerState(121)) - 77ab65e6-d942-49df-83a3-1d4c0bf152b3: shutdown FollowerState
2019-11-05 08:24:28,148 [Thread-3856] INFO  impl.FollowerState (FollowerState.java:run(117)) - 7e1b84a9-a041-44fd-8008-f2679426984c@group-0DB8C7688BF9-FollowerState was interrupted: java.lang.InterruptedException: sleep interrupted
2019-11-05 08:24:28,148 [grpc-default-executor-4] INFO  impl.RoleInfo (RoleInfo.java:updateAndGet(143)) - 7e1b84a9-a041-44fd-8008-f2679426984c: start FollowerState
2019-11-05 08:24:28,148 [Thread-3855] INFO  impl.FollowerState (FollowerState.java:run(117)) - 77ab65e6-d942-49df-83a3-1d4c0bf152b3@group-0DB8C7688BF9-FollowerState was interrupted: java.lang.InterruptedException: sleep interrupted
2019-11-05 08:24:28,148 [grpc-default-executor-3] INFO  impl.RoleInfo (RoleInfo.java:updateAndGet(143)) - 77ab65e6-d942-49df-83a3-1d4c0bf152b3: start FollowerState
2019-11-05 08:24:28,159 [4a682f4f-c3f2-4b77-88b7-f0ab78890feb@group-0DB8C7688BF9-LeaderElection528] INFO  impl.LeaderElection (LeaderElection.java:logAndReturn(56)) - 4a682f4f-c3f2-4b77-88b7-f0ab78890feb@group-0DB8C7688BF9-LeaderElection528: Election TIMEOUT; received 0 response(s) [] and 0 exception(s); 4a682f4f-c3f2-4b77-88b7-f0ab78890feb@group-0DB8C7688BF9:t307, leader=null, voted=4a682f4f-c3f2-4b77-88b7-f0ab78890feb, raftlog=4a682f4f-c3f2-4b77-88b7-f0ab78890feb@group-0DB8C7688BF9-SegmentedRaftLog:OPENED:c-1,f-1,i0, conf=-1: [77ab65e6-d942-49df-83a3-1d4c0bf152b3:192.168.164.217:39381, 7e1b84a9-a041-44fd-8008-f2679426984c:192.168.164.217:44149, 4a682f4f-c3f2-4b77-88b7-f0ab78890feb:192.168.164.217:34174], old=null
2019-11-05 08:24:28,175 [4a682f4f-c3f2-4b77-88b7-f0ab78890feb@group-0DB8C7688BF9-LeaderElection528] INFO  impl.LeaderElection (LeaderElection.java:askForVotes(178)) - 4a682f4f-c3f2-4b77-88b7-f0ab78890feb@group-0DB8C7688BF9-LeaderElection528: begin an election at term 308 for -1: [77ab65e6-d942-49df-83a3-1d4c0bf152b3:192.168.164.217:39381, 7e1b84a9-a041-44fd-8008-f2679426984c:192.168.164.217:44149, 4a682f4f-c3f2-4b77-88b7-f0ab78890feb:192.168.164.217:34174], old=null
2019-11-05 08:24:28,177 [grpc-default-executor-3] INFO  impl.RaftServerImpl (RaftServerImpl.java:setRole(184)) - 77ab65e6-d942-49df-83a3-1d4c0bf152b3@group-0DB8C7688BF9: changes role from  FOLLOWER to FOLLOWER at term 308 for recognizeCandidate:4a682f4f-c3f2-4b77-88b7-f0ab78890feb
2019-11-05 08:24:28,177 [grpc-default-executor-3] INFO  impl.RoleInfo (RoleInfo.java:shutdownFollowerState(121)) - 77ab65e6-d942-49df-83a3-1d4c0bf152b3: shutdown FollowerState
2019-11-05 08:24:28,177 [grpc-default-executor-4] INFO  impl.RaftServerImpl (RaftServerImpl.java:setRole(184)) - 7e1b84a9-a041-44fd-8008-f2679426984c@group-0DB8C7688BF9: changes role from  FOLLOWER to FOLLOWER at term 308 for recognizeCandidate:4a682f4f-c3f2-4b77-88b7-f0ab78890feb
2019-11-05 08:24:28,177 [Thread-3862] INFO  impl.FollowerState (FollowerState.java:run(117)) - 77ab65e6-d942-49df-83a3-1d4c0bf152b3@group-0DB8C7688BF9-FollowerState was interrupted: java.lang.InterruptedException: sleep interrupted
2019-11-05 08:24:28,177 [grpc-default-executor-3] INFO  impl.RoleInfo (RoleInfo.java:updateAndGet(143)) - 77ab65e6-d942-49df-83a3-1d4c0bf152b3: start FollowerState
2019-11-05 08:24:28,177 [grpc-default-executor-4] INFO  impl.RoleInfo (RoleInfo.java:shutdownFollowerState(121)) - 7e1b84a9-a041-44fd-8008-f2679426984c: shutdown FollowerState
2019-11-05 08:24:28,178 [grpc-default-executor-4] INFO  impl.RoleInfo (RoleInfo.java:updateAndGet(143)) - 7e1b84a9-a041-44fd-8008-f2679426984c: start FollowerState
2019-11-05 08:24:28,178 [Thread-3861] INFO  impl.FollowerState (FollowerState.java:run(117)) - 7e1b84a9-a041-44fd-8008-f2679426984c@group-0DB8C7688BF9-FollowerState was interrupted: java.lang.InterruptedException: sleep interrupted
2019-11-05 08:24:28,203 [4a682f4f-c3f2-4b77-88b7-f0ab78890feb@group-0DB8C7688BF9-LeaderElection528] INFO  impl.LeaderElection (LeaderElection.java:logAndReturn(56)) - 4a682f4f-c3f2-4b77-88b7-f0ab78890feb@group-0DB8C7688BF9-LeaderElection528: Election REJECTED; received 2 response(s) [4a682f4f-c3f2-4b77-88b7-f0ab78890feb<-77ab65e6-d942-49df-83a3-1d4c0bf152b3#0:FAIL-t308, 4a682f4f-c3f2-4b77-88b7-f0ab78890feb<-7e1b84a9-a041-44fd-8008-f2679426984c#0:FAIL-t308] and 0 exception(s); 4a682f4f-c3f2-4b77-88b7-f0ab78890feb@group-0DB8C7688BF9:t308, leader=null, voted=4a682f4f-c3f2-4b77-88b7-f0ab78890feb, raftlog=4a682f4f-c3f2-4b77-88b7-f0ab78890feb@group-0DB8C7688BF9-SegmentedRaftLog:OPENED:c-1,f-1,i0, conf=-1: [77ab65e6-d942-49df-83a3-1d4c0bf152b3:192.168.164.217:39381, 7e1b84a9-a041-44fd-8008-f2679426984c:192.168.164.217:44149, 4a682f4f-c3f2-4b77-88b7-f0ab78890feb:192.168.164.217:34174], old=null
2019-11-05 08:24:28,203 [4a682f4f-c3f2-4b77-88b7-f0ab78890feb@group-0DB8C7688BF9-LeaderElection528] INFO  impl.RaftServerImpl (RaftServerImpl.java:setRole(184)) - 4a682f4f-c3f2-4b77-88b7-f0ab78890feb@group-0DB8C7688BF9: changes role from CANDIDATE to FOLLOWER at term 308 for DISCOVERED_A_NEW_TERM
2019-11-05 08:24:28,203 [4a682f4f-c3f2-4b77-88b7-f0ab78890feb@group-0DB8C7688BF9-LeaderElection528] INFO  impl.RoleInfo (RoleInfo.java:shutdownLeaderElection(134)) - 4a682f4f-c3f2-4b77-88b7-f0ab78890feb: shutdown LeaderElection
2019-11-05 08:24:28,204 [4a682f4f-c3f2-4b77-88b7-f0ab78890feb@group-0DB8C7688BF9-LeaderElection528] INFO  impl.RoleInfo (RoleInfo.java:updateAndGet(143)) - 4a682f4f-c3f2-4b77-88b7-f0ab78890feb: start FollowerState
2019-11-05 08:24:28,254 [java.util.concurrent.ThreadPoolExecutor$Worker@4893213[State = -1, empty queue]] WARN  server.GrpcLogAppender (GrpcLogAppender.java:timeoutAppendRequest(209)) - 6189f8a4-91dd-451f-abcb-72b2dcd73465@group-9D53872EEF85->fe5257f1-588f-41af-bf70-1c04126c8968-GrpcLogAppender: appendEntries Timeout, request=6189f8a4-91dd-451f-abcb-72b2dcd73465->fe5257f1-588f-41af-bf70-1c04126c8968#92-t4, previous=(t:4, i:20), leaderCommit=20, initializing? false, entries: <empty>
2019-11-05 08:24:28,264 [Thread-3867] INFO  impl.FollowerState (FollowerState.java:run(108)) - 4a682f4f-c3f2-4b77-88b7-f0ab78890feb@group-0DB8C7688BF9-FollowerState: change to CANDIDATE, lastRpcTime:60ms, electionTimeout:60ms
2019-11-05 08:24:28,264 [Thread-3867] INFO  impl.RoleInfo (RoleInfo.java:shutdownFollowerState(121)) - 4a682f4f-c3f2-4b77-88b7-f0ab78890feb: shutdown FollowerState
2019-11-05 08:24:28,264 [Thread-3867] INFO  impl.RaftServerImpl (RaftServerImpl.java:setRole(184)) - 4a682f4f-c3f2-4b77-88b7-f0ab78890feb@group-0DB8C7688BF9: changes role from  FOLLOWER to CANDIDATE at term 308 for changeToCandidate
2019-11-05 08:24:28,264 [Thread-3867] INFO  impl.RoleInfo (RoleInfo.java:updateAndGet(143)) - 4a682f4f-c3f2-4b77-88b7-f0ab78890feb: start LeaderElection
2019-11-05 08:24:28,278 [4a682f4f-c3f2-4b77-88b7-f0ab78890feb@group-0DB8C7688BF9-LeaderElection529] INFO  impl.LeaderElection (LeaderElection.java:askForVotes(178)) - 4a682f4f-c3f2-4b77-88b7-f0ab78890feb@group-0DB8C7688BF9-LeaderElection529: begin an election at term 309 for -1: [77ab65e6-d942-49df-83a3-1d4c0bf152b3:192.168.164.217:39381, 7e1b84a9-a041-44fd-8008-f2679426984c:192.168.164.217:44149, 4a682f4f-c3f2-4b77-88b7-f0ab78890feb:192.168.164.217:34174], old=null
2019-11-05 08:24:28,279 [grpc-default-executor-3] INFO  impl.RaftServerImpl (RaftServerImpl.java:setRole(184)) - 77ab65e6-d942-49df-83a3-1d4c0bf152b3@group-0DB8C7688BF9: changes role from  FOLLOWER to FOLLOWER at term 309 for recognizeCandidate:4a682f4f-c3f2-4b77-88b7-f0ab78890feb
2019-11-05 08:24:28,279 [grpc-default-executor-4] INFO  impl.RaftServerImpl (RaftServerImpl.java:setRole(184)) - 7e1b84a9-a041-44fd-8008-f2679426984c@group-0DB8C7688BF9: changes role from  FOLLOWER to FOLLOWER at term 309 for recognizeCandidate:4a682f4f-c3f2-4b77-88b7-f0ab78890feb
2019-11-05 08:24:28,279 [grpc-default-executor-4] INFO  impl.RoleInfo (RoleInfo.java:shutdownFollowerState(121)) - 7e1b84a9-a041-44fd-8008-f2679426984c: shutdown FollowerState
2019-11-05 08:24:28,279 [grpc-default-executor-3] INFO  impl.RoleInfo (RoleInfo.java:shutdownFollowerState(121)) - 77ab65e6-d942-49df-83a3-1d4c0bf152b3: shutdown FollowerState
2019-11-05 08:24:28,280 [Thread-3866] INFO  impl.FollowerState (FollowerState.java:run(117)) - 7e1b84a9-a041-44fd-8008-f2679426984c@group-0DB8C7688BF9-FollowerState was interrupted: java.lang.InterruptedException: sleep interrupted
2019-11-05 08:24:28,280 [Thread-3865] INFO  impl.FollowerState (FollowerState.java:run(117)) - 77ab65e6-d942-49df-83a3-1d4c0bf152b3@group-0DB8C7688BF9-FollowerState was interrupted: java.lang.InterruptedException: sleep interrupted
2019-11-05 08:24:28,280 [grpc-default-executor-4] INFO  impl.RoleInfo (RoleInfo.java:updateAndGet(143)) - 7e1b84a9-a041-44fd-8008-f2679426984c: start FollowerState
2019-11-05 08:24:28,280 [grpc-default-executor-3] INFO  impl.RoleInfo (RoleInfo.java:updateAndGet(143)) - 77ab65e6-d942-49df-83a3-1d4c0bf152b3: start FollowerState
2019-11-05 08:24:28,292 [java.util.concurrent.ThreadPoolExecutor$Worker@7a1c0679[State = -1, empty queue]] WARN  server.GrpcLogAppender (GrpcLogAppender.java:timeoutAppendRequest(209)) - 6189f8a4-91dd-451f-abcb-72b2dcd73465@group-9D53872EEF85->c3e88256-f771-43b4-b3fb-c682fc5ee06f-GrpcLogAppender: appendEntries Timeout, request=6189f8a4-91dd-451f-abcb-72b2dcd73465->c3e88256-f771-43b4-b3fb-c682fc5ee06f#92-t4, previous=(t:4, i:20), leaderCommit=20, initializing? false, entries: <empty>
2019-11-05 08:24:28,294 [4a682f4f-c3f2-4b77-88b7-f0ab78890feb@group-0DB8C7688BF9-LeaderElection529] INFO  impl.LeaderElection (LeaderElection.java:logAndReturn(56)) - 4a682f4f-c3f2-4b77-88b7-f0ab78890feb@group-0DB8C7688BF9-LeaderElection529: Election REJECTED; received 2 response(s) [4a682f4f-c3f2-4b77-88b7-f0ab78890feb<-77ab65e6-d942-49df-83a3-1d4c0bf152b3#0:FAIL-t309, 4a682f4f-c3f2-4b77-88b7-f0ab78890feb<-7e1b84a9-a041-44fd-8008-f2679426984c#0:FAIL-t309] and 0 exception(s); 4a682f4f-c3f2-4b77-88b7-f0ab78890feb@group-0DB8C7688BF9:t309, leader=null, voted=4a682f4f-c3f2-4b77-88b7-f0ab78890feb, raftlog=4a682f4f-c3f2-4b77-88b7-f0ab78890feb@group-0DB8C7688BF9-SegmentedRaftLog:OPENED:c-1,f-1,i0, conf=-1: [77ab65e6-d942-49df-83a3-1d4c0bf152b3:192.168.164.217:39381, 7e1b84a9-a041-44fd-8008-f2679426984c:192.168.164.217:44149, 4a682f4f-c3f2-4b77-88b7-f0ab78890feb:192.168.164.217:34174], old=null
2019-11-05 08:24:28,294 [4a682f4f-c3f2-4b77-88b7-f0ab78890feb@group-0DB8C7688BF9-LeaderElection529] INFO  impl.RaftServerImpl (RaftServerImpl.java:setRole(184)) - 4a682f4f-c3f2-4b77-88b7-f0ab78890feb@group-0DB8C7688BF9: changes role from CANDIDATE to FOLLOWER at term 309 for DISCOVERED_A_NEW_TERM
2019-11-05 08:24:28,294 [4a682f4f-c3f2-4b77-88b7-f0ab78890feb@group-0DB8C7688BF9-LeaderElection529] INFO  impl.RoleInfo (RoleInfo.java:shutdownLeaderElection(134)) - 4a682f4f-c3f2-4b77-88b7-f0ab78890feb: shutdown LeaderElection
2019-11-05 08:24:28,295 [4a682f4f-c3f2-4b77-88b7-f0ab78890feb@group-0DB8C7688BF9-LeaderElection529] INFO  impl.RoleInfo (RoleInfo.java:updateAndGet(143)) - 4a682f4f-c3f2-4b77-88b7-f0ab78890feb: start FollowerState
2019-11-05 08:24:28,300 [Thread-3873] INFO  impl.FollowerState (FollowerState.java:run(108)) - 4a682f4f-c3f2-4b77-88b7-f0ab78890feb@group-0DB8C7688BF9-FollowerState: change to CANDIDATE, lastRpcTime:5ms, electionTimeout:5ms
2019-11-05 08:24:28,300 [Thread-3873] INFO  impl.RoleInfo (RoleInfo.java:shutdownFollowerState(121)) - 4a682f4f-c3f2-4b77-88b7-f0ab78890feb: shutdown FollowerState
2019-11-05 08:24:28,300 [Thread-3873] INFO  impl.RaftServerImpl (RaftServerImpl.java:setRole(184)) - 4a682f4f-c3f2-4b77-88b7-f0ab78890feb@group-0DB8C7688BF9: changes role from  FOLLOWER to CANDIDATE at term 309 for changeToCandidate
2019-11-05 08:24:28,300 [Thread-3873] INFO  impl.RoleInfo (RoleInfo.java:updateAndGet(143)) - 4a682f4f-c3f2-4b77-88b7-f0ab78890feb: start LeaderElection
2019-11-05 08:24:28,314 [4a682f4f-c3f2-4b77-88b7-f0ab78890feb@group-0DB8C7688BF9-LeaderElection530] INFO  impl.LeaderElection (LeaderElection.java:askForVotes(178)) - 4a682f4f-c3f2-4b77-88b7-f0ab78890feb@group-0DB8C7688BF9-LeaderElection530: begin an election at term 310 for -1: [77ab65e6-d942-49df-83a3-1d4c0bf152b3:192.168.164.217:39381, 7e1b84a9-a041-44fd-8008-f2679426984c:192.168.164.217:44149, 4a682f4f-c3f2-4b77-88b7-f0ab78890feb:192.168.164.217:34174], old=null
2019-11-05 08:24:28,315 [grpc-default-executor-3] INFO  impl.RaftServerImpl (RaftServerImpl.java:setRole(184)) - 77ab65e6-d942-49df-83a3-1d4c0bf152b3@group-0DB8C7688BF9: changes role from  FOLLOWER to FOLLOWER at term 310 for recognizeCandidate:4a682f4f-c3f2-4b77-88b7-f0ab78890feb
2019-11-05 08:24:28,315 [grpc-default-executor-3] INFO  impl.RoleInfo (RoleInfo.java:shutdownFollowerState(121)) - 77ab65e6-d942-49df-83a3-1d4c0bf152b3: shutdown FollowerState
2019-11-05 08:24:28,315 [grpc-default-executor-4] INFO  impl.RaftServerImpl (RaftServerImpl.java:setRole(184)) - 7e1b84a9-a041-44fd-8008-f2679426984c@group-0DB8C7688BF9: changes role from  FOLLOWER to FOLLOWER at term 310 for recognizeCandidate:4a682f4f-c3f2-4b77-88b7-f0ab78890feb
2019-11-05 08:24:28,315 [Thread-3872] INFO  impl.FollowerState (FollowerState.java:run(117)) - 77ab65e6-d942-49df-83a3-1d4c0bf152b3@group-0DB8C7688BF9-FollowerState was interrupted: java.lang.InterruptedException: sleep interrupted
2019-11-05 08:24:28,315 [grpc-default-executor-3] INFO  impl.RoleInfo (RoleInfo.java:updateAndGet(143)) - 77ab65e6-d942-49df-83a3-1d4c0bf152b3: start FollowerState
2019-11-05 08:24:28,315 [grpc-default-executor-4] INFO  impl.RoleInfo (RoleInfo.java:shutdownFollowerState(121)) - 7e1b84a9-a041-44fd-8008-f2679426984c: shutdown FollowerState
2019-11-05 08:24:28,316 [grpc-default-executor-4] INFO  impl.RoleInfo (RoleInfo.java:updateAndGet(143)) - 7e1b84a9-a041-44fd-8008-f2679426984c: start FollowerState
2019-11-05 08:24:28,316 [Thread-3871] INFO  impl.FollowerState (FollowerState.java:run(117)) - 7e1b84a9-a041-44fd-8008-f2679426984c@group-0DB8C7688BF9-FollowerState was interrupted: java.lang.InterruptedException: sleep interrupted
2019-11-05 08:24:28,330 [4a682f4f-c3f2-4b77-88b7-f0ab78890feb@group-0DB8C7688BF9-LeaderElection530] INFO  impl.LeaderElection (LeaderElection.java:logAndReturn(56)) - 4a682f4f-c3f2-4b77-88b7-f0ab78890feb@group-0DB8C7688BF9-LeaderElection530: Election REJECTED; received 2 response(s) [4a682f4f-c3f2-4b77-88b7-f0ab78890feb<-77ab65e6-d942-49df-83a3-1d4c0bf152b3#0:FAIL-t310, 4a682f4f-c3f2-4b77-88b7-f0ab78890feb<-7e1b84a9-a041-44fd-8008-f2679426984c#0:FAIL-t310] and 0 exception(s); 4a682f4f-c3f2-4b77-88b7-f0ab78890feb@group-0DB8C7688BF9:t310, leader=null, voted=4a682f4f-c3f2-4b77-88b7-f0ab78890feb, raftlog=4a682f4f-c3f2-4b77-88b7-f0ab78890feb@group-0DB8C7688BF9-SegmentedRaftLog:OPENED:c-1,f-1,i0, conf=-1: [77ab65e6-d942-49df-83a3-1d4c0bf152b3:192.168.164.217:39381, 7e1b84a9-a041-44fd-8008-f2679426984c:192.168.164.217:44149, 4a682f4f-c3f2-4b77-88b7-f0ab78890feb:192.168.164.217:34174], old=null
2019-11-05 08:24:28,330 [4a682f4f-c3f2-4b77-88b7-f0ab78890feb@group-0DB8C7688BF9-LeaderElection530] INFO  impl.RaftServerImpl (RaftServerImpl.java:setRole(184)) - 4a682f4f-c3f2-4b77-88b7-f0ab78890feb@group-0DB8C7688BF9: changes role from CANDIDATE to FOLLOWER at term 310 for DISCOVERED_A_NEW_TERM
2019-11-05 08:24:28,330 [4a682f4f-c3f2-4b77-88b7-f0ab78890feb@group-0DB8C7688BF9-LeaderElection530] INFO  impl.RoleInfo (RoleInfo.java:shutdownLeaderElection(134)) - 4a682f4f-c3f2-4b77-88b7-f0ab78890feb: shutdown LeaderElection
2019-11-05 08:24:28,330 [4a682f4f-c3f2-4b77-88b7-f0ab78890feb@group-0DB8C7688BF9-LeaderElection530] INFO  impl.RoleInfo (RoleInfo.java:updateAndGet(143)) - 4a682f4f-c3f2-4b77-88b7-f0ab78890feb: start FollowerState
2019-11-05 08:24:28,495 [Thread-3879] INFO  impl.FollowerState (FollowerState.java:run(108)) - 4a682f4f-c3f2-4b77-88b7-f0ab78890feb@group-0DB8C7688BF9-FollowerState: change to CANDIDATE, lastRpcTime:165ms, electionTimeout:165ms
2019-11-05 08:24:28,495 [Thread-3879] INFO  impl.RoleInfo (RoleInfo.java:shutdownFollowerState(121)) - 4a682f4f-c3f2-4b77-88b7-f0ab78890feb: shutdown FollowerState
2019-11-05 08:24:28,496 [Thread-3879] INFO  impl.RaftServerImpl (RaftServerImpl.java:setRole(184)) - 4a682f4f-c3f2-4b77-88b7-f0ab78890feb@group-0DB8C7688BF9: changes role from  FOLLOWER to CANDIDATE at term 310 for changeToCandidate
2019-11-05 08:24:28,496 [Thread-3879] INFO  impl.RoleInfo (RoleInfo.java:updateAndGet(143)) - 4a682f4f-c3f2-4b77-88b7-f0ab78890feb: start LeaderElection
2019-11-05 08:24:28,509 [4a682f4f-c3f2-4b77-88b7-f0ab78890feb@group-0DB8C7688BF9-LeaderElection531] INFO  impl.LeaderElection (LeaderElection.java:askForVotes(178)) - 4a682f4f-c3f2-4b77-88b7-f0ab78890feb@group-0DB8C7688BF9-LeaderElection531: begin an election at term 311 for -1: [77ab65e6-d942-49df-83a3-1d4c0bf152b3:192.168.164.217:39381, 7e1b84a9-a041-44fd-8008-f2679426984c:192.168.164.217:44149, 4a682f4f-c3f2-4b77-88b7-f0ab78890feb:192.168.164.217:34174], old=null
2019-11-05 08:24:28,511 [grpc-default-executor-4] INFO  impl.RaftServerImpl (RaftServerImpl.java:setRole(184)) - 77ab65e6-d942-49df-83a3-1d4c0bf152b3@group-0DB8C7688BF9: changes role from  FOLLOWER to FOLLOWER at term 311 for recognizeCandidate:4a682f4f-c3f2-4b77-88b7-f0ab78890feb
2019-11-05 08:24:28,511 [grpc-default-executor-3] INFO  impl.RaftServerImpl (RaftServerImpl.java:setRole(184)) - 7e1b84a9-a041-44fd-8008-f2679426984c@group-0DB8C7688BF9: changes role from  FOLLOWER to FOLLOWER at term 311 for recognizeCandidate:4a682f4f-c3f2-4b77-88b7-f0ab78890feb
2019-11-05 08:24:28,511 [grpc-default-executor-3] INFO  impl.RoleInfo (RoleInfo.java:shutdownFollowerState(121)) - 7e1b84a9-a041-44fd-8008-f2679426984c: shutdown FollowerState
2019-11-05 08:24:28,511 [grpc-default-executor-4] INFO  impl.RoleInfo (RoleInfo.java:shutdownFollowerState(121)) - 77ab65e6-d942-49df-83a3-1d4c0bf152b3: shutdown FollowerState
2019-11-05 08:24:28,512 [Thread-3878] INFO  impl.FollowerState (FollowerState.java:run(117)) - 7e1b84a9-a041-44fd-8008-f2679426984c@group-0DB8C7688BF9-FollowerState was interrupted: java.lang.InterruptedException: sleep interrupted
2019-11-05 08:24:28,511 [grpc-default-executor-3] INFO  impl.RoleInfo (RoleInfo.java:updateAndGet(143)) - 7e1b84a9-a041-44fd-8008-f2679426984c: start FollowerState
2019-11-05 08:24:28,512 [Thread-3877] INFO  impl.FollowerState (FollowerState.java:run(117)) - 77ab65e6-d942-49df-83a3-1d4c0bf152b3@group-0DB8C7688BF9-FollowerState was interrupted: java.lang.InterruptedException: sleep interrupted
2019-11-05 08:24:28,512 [grpc-default-executor-4] INFO  impl.RoleInfo (RoleInfo.java:updateAndGet(143)) - 77ab65e6-d942-49df-83a3-1d4c0bf152b3: start FollowerState
2019-11-05 08:24:28,526 [4a682f4f-c3f2-4b77-88b7-f0ab78890feb@group-0DB8C7688BF9-LeaderElection531] INFO  impl.LeaderElection (LeaderElection.java:logAndReturn(56)) - 4a682f4f-c3f2-4b77-88b7-f0ab78890feb@group-0DB8C7688BF9-LeaderElection531: Election REJECTED; received 2 response(s) [4a682f4f-c3f2-4b77-88b7-f0ab78890feb<-77ab65e6-d942-49df-83a3-1d4c0bf152b3#0:FAIL-t311, 4a682f4f-c3f2-4b77-88b7-f0ab78890feb<-7e1b84a9-a041-44fd-8008-f2679426984c#0:FAIL-t311] and 0 exception(s); 4a682f4f-c3f2-4b77-88b7-f0ab78890feb@group-0DB8C7688BF9:t311, leader=null, voted=4a682f4f-c3f2-4b77-88b7-f0ab78890feb, raftlog=4a682f4f-c3f2-4b77-88b7-f0ab78890feb@group-0DB8C7688BF9-SegmentedRaftLog:OPENED:c-1,f-1,i0, conf=-1: [77ab65e6-d942-49df-83a3-1d4c0bf152b3:192.168.164.217:39381, 7e1b84a9-a041-44fd-8008-f2679426984c:192.168.164.217:44149, 4a682f4f-c3f2-4b77-88b7-f0ab78890feb:192.168.164.217:34174], old=null
2019-11-05 08:24:28,527 [4a682f4f-c3f2-4b77-88b7-f0ab78890feb@group-0DB8C7688BF9-LeaderElection531] INFO  impl.RaftServerImpl (RaftServerImpl.java:setRole(184)) - 4a682f4f-c3f2-4b77-88b7-f0ab78890feb@group-0DB8C7688BF9: changes role from CANDIDATE to FOLLOWER at term 311 for DISCOVERED_A_NEW_TERM
2019-11-05 08:24:28,527 [4a682f4f-c3f2-4b77-88b7-f0ab78890feb@group-0DB8C7688BF9-LeaderElection531] INFO  impl.RoleInfo (RoleInfo.java:shutdownLeaderElection(134)) - 4a682f4f-c3f2-4b77-88b7-f0ab78890feb: shutdown LeaderElection
2019-11-05 08:24:28,527 [4a682f4f-c3f2-4b77-88b7-f0ab78890feb@group-0DB8C7688BF9-LeaderElection531] INFO  impl.RoleInfo (RoleInfo.java:updateAndGet(143)) - 4a682f4f-c3f2-4b77-88b7-f0ab78890feb: start FollowerState
2019-11-05 08:24:28,723 [Thread-3885] INFO  impl.FollowerState (FollowerState.java:run(108)) - 4a682f4f-c3f2-4b77-88b7-f0ab78890feb@group-0DB8C7688BF9-FollowerState: change to CANDIDATE, lastRpcTime:196ms, electionTimeout:196ms
2019-11-05 08:24:28,723 [Thread-3885] INFO  impl.RoleInfo (RoleInfo.java:shutdownFollowerState(121)) - 4a682f4f-c3f2-4b77-88b7-f0ab78890feb: shutdown FollowerState
2019-11-05 08:24:28,723 [Thread-3885] INFO  impl.RaftServerImpl (RaftServerImpl.java:setRole(184)) - 4a682f4f-c3f2-4b77-88b7-f0ab78890feb@group-0DB8C7688BF9: changes role from  FOLLOWER to CANDIDATE at term 311 for changeToCandidate
2019-11-05 08:24:28,724 [Thread-3885] INFO  impl.RoleInfo (RoleInfo.java:updateAndGet(143)) - 4a682f4f-c3f2-4b77-88b7-f0ab78890feb: start LeaderElection
2019-11-05 08:24:28,738 [4a682f4f-c3f2-4b77-88b7-f0ab78890feb@group-0DB8C7688BF9-LeaderElection532] INFO  impl.LeaderElection (LeaderElection.java:askForVotes(178)) - 4a682f4f-c3f2-4b77-88b7-f0ab78890feb@group-0DB8C7688BF9-LeaderElection532: begin an election at term 312 for -1: [77ab65e6-d942-49df-83a3-1d4c0bf152b3:192.168.164.217:39381, 7e1b84a9-a041-44fd-8008-f2679426984c:192.168.164.217:44149, 4a682f4f-c3f2-4b77-88b7-f0ab78890feb:192.168.164.217:34174], old=null
2019-11-05 08:24:28,741 [grpc-default-executor-3] INFO  impl.RaftServerImpl (RaftServerImpl.java:setRole(184)) - 7e1b84a9-a041-44fd-8008-f2679426984c@group-0DB8C7688BF9: changes role from  FOLLOWER to FOLLOWER at term 312 for recognizeCandidate:4a682f4f-c3f2-4b77-88b7-f0ab78890feb
2019-11-05 08:24:28,741 [grpc-default-executor-4] INFO  impl.RaftServerImpl (RaftServerImpl.java:setRole(184)) - 77ab65e6-d942-49df-83a3-1d4c0bf152b3@group-0DB8C7688BF9: changes role from  FOLLOWER to FOLLOWER at term 312 for recognizeCandidate:4a682f4f-c3f2-4b77-88b7-f0ab78890feb
2019-11-05 08:24:28,741 [grpc-default-executor-3] INFO  impl.RoleInfo (RoleInfo.java:shutdownFollowerState(121)) - 7e1b84a9-a041-44fd-8008-f2679426984c: shutdown FollowerState
2019-11-05 08:24:28,741 [grpc-default-executor-4] INFO  impl.RoleInfo (RoleInfo.java:shutdownFollowerState(121)) - 77ab65e6-d942-49df-83a3-1d4c0bf152b3: shutdown FollowerState
2019-11-05 08:24:28,741 [Thread-3883] INFO  impl.FollowerState (FollowerState.java:run(117)) - 7e1b84a9-a041-44fd-8008-f2679426984c@group-0DB8C7688BF9-FollowerState was interrupted: java.lang.InterruptedException: sleep interrupted
2019-11-05 08:24:28,741 [Thread-3884] INFO  impl.FollowerState (FollowerState.java:run(117)) - 77ab65e6-d942-49df-83a3-1d4c0bf152b3@group-0DB8C7688BF9-FollowerState was interrupted: java.lang.InterruptedException: sleep interrupted
2019-11-05 08:24:28,741 [grpc-default-executor-3] INFO  impl.RoleInfo (RoleInfo.java:updateAndGet(143)) - 7e1b84a9-a041-44fd-8008-f2679426984c: start FollowerState
2019-11-05 08:24:28,741 [grpc-default-executor-4] INFO  impl.RoleInfo (RoleInfo.java:updateAndGet(143)) - 77ab65e6-d942-49df-83a3-1d4c0bf152b3: start FollowerState
2019-11-05 08:24:28,754 [java.util.concurrent.ThreadPoolExecutor$Worker@4893213[State = -1, empty queue]] WARN  server.GrpcLogAppender (GrpcLogAppender.java:timeoutAppendRequest(209)) - 6189f8a4-91dd-451f-abcb-72b2dcd73465@group-9D53872EEF85->fe5257f1-588f-41af-bf70-1c04126c8968-GrpcLogAppender: appendEntries Timeout, request=6189f8a4-91dd-451f-abcb-72b2dcd73465->fe5257f1-588f-41af-bf70-1c04126c8968#93-t4, previous=(t:4, i:20), leaderCommit=20, initializing? false, entries: <empty>
2019-11-05 08:24:28,758 [4a682f4f-c3f2-4b77-88b7-f0ab78890feb@group-0DB8C7688BF9-LeaderElection532] INFO  impl.LeaderElection (LeaderElection.java:logAndReturn(56)) - 4a682f4f-c3f2-4b77-88b7-f0ab78890feb@group-0DB8C7688BF9-LeaderElection532: Election REJECTED; received 2 response(s) [4a682f4f-c3f2-4b77-88b7-f0ab78890feb<-77ab65e6-d942-49df-83a3-1d4c0bf152b3#0:FAIL-t312, 4a682f4f-c3f2-4b77-88b7-f0ab78890feb<-7e1b84a9-a041-44fd-8008-f2679426984c#0:FAIL-t312] and 0 exception(s); 4a682f4f-c3f2-4b77-88b7-f0ab78890feb@group-0DB8C7688BF9:t312, leader=null, voted=4a682f4f-c3f2-4b77-88b7-f0ab78890feb, raftlog=4a682f4f-c3f2-4b77-88b7-f0ab78890feb@group-0DB8C7688BF9-SegmentedRaftLog:OPENED:c-1,f-1,i0, conf=-1: [77ab65e6-d942-49df-83a3-1d4c0bf152b3:192.168.164.217:39381, 7e1b84a9-a041-44fd-8008-f2679426984c:192.168.164.217:44149, 4a682f4f-c3f2-4b77-88b7-f0ab78890feb:192.168.164.217:34174], old=null
2019-11-05 08:24:28,758 [4a682f4f-c3f2-4b77-88b7-f0ab78890feb@group-0DB8C7688BF9-LeaderElection532] INFO  impl.RaftServerImpl (RaftServerImpl.java:setRole(184)) - 4a682f4f-c3f2-4b77-88b7-f0ab78890feb@group-0DB8C7688BF9: changes role from CANDIDATE to FOLLOWER at term 312 for DISCOVERED_A_NEW_TERM
2019-11-05 08:24:28,758 [4a682f4f-c3f2-4b77-88b7-f0ab78890feb@group-0DB8C7688BF9-LeaderElection532] INFO  impl.RoleInfo (RoleInfo.java:shutdownLeaderElection(134)) - 4a682f4f-c3f2-4b77-88b7-f0ab78890feb: shutdown LeaderElection
2019-11-05 08:24:28,759 [4a682f4f-c3f2-4b77-88b7-f0ab78890feb@group-0DB8C7688BF9-LeaderElection532] INFO  impl.RoleInfo (RoleInfo.java:updateAndGet(143)) - 4a682f4f-c3f2-4b77-88b7-f0ab78890feb: start FollowerState
2019-11-05 08:24:28,772 [Thread-3891] INFO  impl.FollowerState (FollowerState.java:run(108)) - 4a682f4f-c3f2-4b77-88b7-f0ab78890feb@group-0DB8C7688BF9-FollowerState: change to CANDIDATE, lastRpcTime:13ms, electionTimeout:13ms
2019-11-05 08:24:28,772 [Thread-3891] INFO  impl.RoleInfo (RoleInfo.java:shutdownFollowerState(121)) - 4a682f4f-c3f2-4b77-88b7-f0ab78890feb: shutdown FollowerState
2019-11-05 08:24:28,772 [Thread-3891] INFO  impl.RaftServerImpl (RaftServerImpl.java:setRole(184)) - 4a682f4f-c3f2-4b77-88b7-f0ab78890feb@group-0DB8C7688BF9: changes role from  FOLLOWER to CANDIDATE at term 312 for changeToCandidate
2019-11-05 08:24:28,772 [Thread-3891] INFO  impl.RoleInfo (RoleInfo.java:updateAndGet(143)) - 4a682f4f-c3f2-4b77-88b7-f0ab78890feb: start LeaderElection
2019-11-05 08:24:28,786 [4a682f4f-c3f2-4b77-88b7-f0ab78890feb@group-0DB8C7688BF9-LeaderElection533] INFO  impl.LeaderElection (LeaderElection.java:askForVotes(178)) - 4a682f4f-c3f2-4b77-88b7-f0ab78890feb@group-0DB8C7688BF9-LeaderElection533: begin an election at term 313 for -1: [77ab65e6-d942-49df-83a3-1d4c0bf152b3:192.168.164.217:39381, 7e1b84a9-a041-44fd-8008-f2679426984c:192.168.164.217:44149, 4a682f4f-c3f2-4b77-88b7-f0ab78890feb:192.168.164.217:34174], old=null
2019-11-05 08:24:28,788 [grpc-default-executor-3] INFO  impl.RaftServerImpl (RaftServerImpl.java:setRole(184)) - 77ab65e6-d942-49df-83a3-1d4c0bf152b3@group-0DB8C7688BF9: changes role from  FOLLOWER to FOLLOWER at term 313 for recognizeCandidate:4a682f4f-c3f2-4b77-88b7-f0ab78890feb
2019-11-05 08:24:28,788 [grpc-default-executor-3] INFO  impl.RoleInfo (RoleInfo.java:shutdownFollowerState(121)) - 77ab65e6-d942-49df-83a3-1d4c0bf152b3: shutdown FollowerState
2019-11-05 08:24:28,788 [grpc-default-executor-4] INFO  impl.RaftServerImpl (RaftServerImpl.java:setRole(184)) - 7e1b84a9-a041-44fd-8008-f2679426984c@group-0DB8C7688BF9: changes role from  FOLLOWER to FOLLOWER at term 313 for recognizeCandidate:4a682f4f-c3f2-4b77-88b7-f0ab78890feb
2019-11-05 08:24:28,788 [grpc-default-executor-4] INFO  impl.RoleInfo (RoleInfo.java:shutdownFollowerState(121)) - 7e1b84a9-a041-44fd-8008-f2679426984c: shutdown FollowerState
2019-11-05 08:24:28,788 [Thread-3890] INFO  impl.FollowerState (FollowerState.java:run(117)) - 77ab65e6-d942-49df-83a3-1d4c0bf152b3@group-0DB8C7688BF9-FollowerState was interrupted: java.lang.InterruptedException: sleep interrupted
2019-11-05 08:24:28,788 [grpc-default-executor-3] INFO  impl.RoleInfo (RoleInfo.java:updateAndGet(143)) - 77ab65e6-d942-49df-83a3-1d4c0bf152b3: start FollowerState
2019-11-05 08:24:28,788 [Thread-3889] INFO  impl.FollowerState (FollowerState.java:run(117)) - 7e1b84a9-a041-44fd-8008-f2679426984c@group-0DB8C7688BF9-FollowerState was interrupted: java.lang.InterruptedException: sleep interrupted
2019-11-05 08:24:28,788 [grpc-default-executor-4] INFO  impl.RoleInfo (RoleInfo.java:updateAndGet(143)) - 7e1b84a9-a041-44fd-8008-f2679426984c: start FollowerState
2019-11-05 08:24:28,793 [java.util.concurrent.ThreadPoolExecutor$Worker@7a1c0679[State = -1, empty queue]] WARN  server.GrpcLogAppender (GrpcLogAppender.java:timeoutAppendRequest(209)) - 6189f8a4-91dd-451f-abcb-72b2dcd73465@group-9D53872EEF85->c3e88256-f771-43b4-b3fb-c682fc5ee06f-GrpcLogAppender: appendEntries Timeout, request=6189f8a4-91dd-451f-abcb-72b2dcd73465->c3e88256-f771-43b4-b3fb-c682fc5ee06f#93-t4, previous=(t:4, i:20), leaderCommit=20, initializing? false, entries: <empty>
2019-11-05 08:24:28,803 [4a682f4f-c3f2-4b77-88b7-f0ab78890feb@group-0DB8C7688BF9-LeaderElection533] INFO  impl.LeaderElection (LeaderElection.java:logAndReturn(56)) - 4a682f4f-c3f2-4b77-88b7-f0ab78890feb@group-0DB8C7688BF9-LeaderElection533: Election REJECTED; received 2 response(s) [4a682f4f-c3f2-4b77-88b7-f0ab78890feb<-77ab65e6-d942-49df-83a3-1d4c0bf152b3#0:FAIL-t313, 4a682f4f-c3f2-4b77-88b7-f0ab78890feb<-7e1b84a9-a041-44fd-8008-f2679426984c#0:FAIL-t313] and 0 exception(s); 4a682f4f-c3f2-4b77-88b7-f0ab78890feb@group-0DB8C7688BF9:t313, leader=null, voted=4a682f4f-c3f2-4b77-88b7-f0ab78890feb, raftlog=4a682f4f-c3f2-4b77-88b7-f0ab78890feb@group-0DB8C7688BF9-SegmentedRaftLog:OPENED:c-1,f-1,i0, conf=-1: [77ab65e6-d942-49df-83a3-1d4c0bf152b3:192.168.164.217:39381, 7e1b84a9-a041-44fd-8008-f2679426984c:192.168.164.217:44149, 4a682f4f-c3f2-4b77-88b7-f0ab78890feb:192.168.164.217:34174], old=null
2019-11-05 08:24:28,803 [4a682f4f-c3f2-4b77-88b7-f0ab78890feb@group-0DB8C7688BF9-LeaderElection533] INFO  impl.RaftServerImpl (RaftServerImpl.java:setRole(184)) - 4a682f4f-c3f2-4b77-88b7-f0ab78890feb@group-0DB8C7688BF9: changes role from CANDIDATE to FOLLOWER at term 313 for DISCOVERED_A_NEW_TERM
2019-11-05 08:24:28,803 [4a682f4f-c3f2-4b77-88b7-f0ab78890feb@group-0DB8C7688BF9-LeaderElection533] INFO  impl.RoleInfo (RoleInfo.java:shutdownLeaderElection(134)) - 4a682f4f-c3f2-4b77-88b7-f0ab78890feb: shutdown LeaderElection
2019-11-05 08:24:28,803 [4a682f4f-c3f2-4b77-88b7-f0ab78890feb@group-0DB8C7688BF9-LeaderElection533] INFO  impl.RoleInfo (RoleInfo.java:updateAndGet(143)) - 4a682f4f-c3f2-4b77-88b7-f0ab78890feb: start FollowerState
2019-11-05 08:24:28,862 [Thread-3897] INFO  impl.FollowerState (FollowerState.java:run(108)) - 4a682f4f-c3f2-4b77-88b7-f0ab78890feb@group-0DB8C7688BF9-FollowerState: change to CANDIDATE, lastRpcTime:58ms, electionTimeout:58ms
2019-11-05 08:24:28,862 [Thread-3897] INFO  impl.RoleInfo (RoleInfo.java:shutdownFollowerState(121)) - 4a682f4f-c3f2-4b77-88b7-f0ab78890feb: shutdown FollowerState
2019-11-05 08:24:28,862 [Thread-3897] INFO  impl.RaftServerImpl (RaftServerImpl.java:setRole(184)) - 4a682f4f-c3f2-4b77-88b7-f0ab78890feb@group-0DB8C7688BF9: changes role from  FOLLOWER to CANDIDATE at term 313 for changeToCandidate
2019-11-05 08:24:28,862 [Thread-3897] INFO  impl.RoleInfo (RoleInfo.java:updateAndGet(143)) - 4a682f4f-c3f2-4b77-88b7-f0ab78890feb: start LeaderElection
2019-11-05 08:24:28,875 [4a682f4f-c3f2-4b77-88b7-f0ab78890feb@group-0DB8C7688BF9-LeaderElection534] INFO  impl.LeaderElection (LeaderElection.java:askForVotes(178)) - 4a682f4f-c3f2-4b77-88b7-f0ab78890feb@group-0DB8C7688BF9-LeaderElection534: begin an election at term 314 for -1: [77ab65e6-d942-49df-83a3-1d4c0bf152b3:192.168.164.217:39381, 7e1b84a9-a041-44fd-8008-f2679426984c:192.168.164.217:44149, 4a682f4f-c3f2-4b77-88b7-f0ab78890feb:192.168.164.217:34174], old=null
2019-11-05 08:24:28,877 [grpc-default-executor-4] INFO  impl.RaftServerImpl (RaftServerImpl.java:setRole(184)) - 77ab65e6-d942-49df-83a3-1d4c0bf152b3@group-0DB8C7688BF9: changes role from  FOLLOWER to FOLLOWER at term 314 for recognizeCandidate:4a682f4f-c3f2-4b77-88b7-f0ab78890feb
2019-11-05 08:24:28,877 [grpc-default-executor-4] INFO  impl.RoleInfo (RoleInfo.java:shutdownFollowerState(121)) - 77ab65e6-d942-49df-83a3-1d4c0bf152b3: shutdown FollowerState
2019-11-05 08:24:28,877 [grpc-default-executor-3] INFO  impl.RaftServerImpl (RaftServerImpl.java:setRole(184)) - 7e1b84a9-a041-44fd-8008-f2679426984c@group-0DB8C7688BF9: changes role from  FOLLOWER to FOLLOWER at term 314 for recognizeCandidate:4a682f4f-c3f2-4b77-88b7-f0ab78890feb
2019-11-05 08:24:28,878 [grpc-default-executor-3] INFO  impl.RoleInfo (RoleInfo.java:shutdownFollowerState(121)) - 7e1b84a9-a041-44fd-8008-f2679426984c: shutdown FollowerState
2019-11-05 08:24:28,877 [Thread-3895] INFO  impl.FollowerState (FollowerState.java:run(117)) - 77ab65e6-d942-49df-83a3-1d4c0bf152b3@group-0DB8C7688BF9-FollowerState was interrupted: java.lang.InterruptedException: sleep interrupted
2019-11-05 08:24:28,877 [grpc-default-executor-4] INFO  impl.RoleInfo (RoleInfo.java:updateAndGet(143)) - 77ab65e6-d942-49df-83a3-1d4c0bf152b3: start FollowerState
2019-11-05 08:24:28,878 [Thread-3896] INFO  impl.FollowerState (FollowerState.java:run(117)) - 7e1b84a9-a041-44fd-8008-f2679426984c@group-0DB8C7688BF9-FollowerState was interrupted: java.lang.InterruptedException: sleep interrupted
2019-11-05 08:24:28,878 [grpc-default-executor-3] INFO  impl.RoleInfo (RoleInfo.java:updateAndGet(143)) - 7e1b84a9-a041-44fd-8008-f2679426984c: start FollowerState
2019-11-05 08:24:28,892 [4a682f4f-c3f2-4b77-88b7-f0ab78890feb@group-0DB8C7688BF9-LeaderElection534] INFO  impl.LeaderElection (LeaderElection.java:logAndReturn(56)) - 4a682f4f-c3f2-4b77-88b7-f0ab78890feb@group-0DB8C7688BF9-LeaderElection534: Election REJECTED; received 2 response(s) [4a682f4f-c3f2-4b77-88b7-f0ab78890feb<-77ab65e6-d942-49df-83a3-1d4c0bf152b3#0:FAIL-t314, 4a682f4f-c3f2-4b77-88b7-f0ab78890feb<-7e1b84a9-a041-44fd-8008-f2679426984c#0:FAIL-t314] and 0 exception(s); 4a682f4f-c3f2-4b77-88b7-f0ab78890feb@group-0DB8C7688BF9:t314, leader=null, voted=4a682f4f-c3f2-4b77-88b7-f0ab78890feb, raftlog=4a682f4f-c3f2-4b77-88b7-f0ab78890feb@group-0DB8C7688BF9-SegmentedRaftLog:OPENED:c-1,f-1,i0, conf=-1: [77ab65e6-d942-49df-83a3-1d4c0bf152b3:192.168.164.217:39381, 7e1b84a9-a041-44fd-8008-f2679426984c:192.168.164.217:44149, 4a682f4f-c3f2-4b77-88b7-f0ab78890feb:192.168.164.217:34174], old=null
2019-11-05 08:24:28,892 [4a682f4f-c3f2-4b77-88b7-f0ab78890feb@group-0DB8C7688BF9-LeaderElection534] INFO  impl.RaftServerImpl (RaftServerImpl.java:setRole(184)) - 4a682f4f-c3f2-4b77-88b7-f0ab78890feb@group-0DB8C7688BF9: changes role from CANDIDATE to FOLLOWER at term 314 for DISCOVERED_A_NEW_TERM
2019-11-05 08:24:28,892 [4a682f4f-c3f2-4b77-88b7-f0ab78890feb@group-0DB8C7688BF9-LeaderElection534] INFO  impl.RoleInfo (RoleInfo.java:shutdownLeaderElection(134)) - 4a682f4f-c3f2-4b77-88b7-f0ab78890feb: shutdown LeaderElection
2019-11-05 08:24:28,892 [4a682f4f-c3f2-4b77-88b7-f0ab78890feb@group-0DB8C7688BF9-LeaderElection534] INFO  impl.RoleInfo (RoleInfo.java:updateAndGet(143)) - 4a682f4f-c3f2-4b77-88b7-f0ab78890feb: start FollowerState
2019-11-05 08:24:29,080 [Thread-3903] INFO  impl.FollowerState (FollowerState.java:run(108)) - 4a682f4f-c3f2-4b77-88b7-f0ab78890feb@group-0DB8C7688BF9-FollowerState: change to CANDIDATE, lastRpcTime:187ms, electionTimeout:187ms
2019-11-05 08:24:29,080 [Thread-3903] INFO  impl.RoleInfo (RoleInfo.java:shutdownFollowerState(121)) - 4a682f4f-c3f2-4b77-88b7-f0ab78890feb: shutdown FollowerState
2019-11-05 08:24:29,080 [Thread-3903] INFO  impl.RaftServerImpl (RaftServerImpl.java:setRole(184)) - 4a682f4f-c3f2-4b77-88b7-f0ab78890feb@group-0DB8C7688BF9: changes role from  FOLLOWER to CANDIDATE at term 314 for changeToCandidate
2019-11-05 08:24:29,080 [Thread-3903] INFO  impl.RoleInfo (RoleInfo.java:updateAndGet(143)) - 4a682f4f-c3f2-4b77-88b7-f0ab78890feb: start LeaderElection
2019-11-05 08:24:29,094 [4a682f4f-c3f2-4b77-88b7-f0ab78890feb@group-0DB8C7688BF9-LeaderElection535] INFO  impl.LeaderElection (LeaderElection.java:askForVotes(178)) - 4a682f4f-c3f2-4b77-88b7-f0ab78890feb@group-0DB8C7688BF9-LeaderElection535: begin an election at term 315 for -1: [77ab65e6-d942-49df-83a3-1d4c0bf152b3:192.168.164.217:39381, 7e1b84a9-a041-44fd-8008-f2679426984c:192.168.164.217:44149, 4a682f4f-c3f2-4b77-88b7-f0ab78890feb:192.168.164.217:34174], old=null
2019-11-05 08:24:29,097 [grpc-default-executor-3] INFO  impl.RaftServerImpl (RaftServerImpl.java:setRole(184)) - 77ab65e6-d942-49df-83a3-1d4c0bf152b3@group-0DB8C7688BF9: changes role from  FOLLOWER to FOLLOWER at term 315 for recognizeCandidate:4a682f4f-c3f2-4b77-88b7-f0ab78890feb
2019-11-05 08:24:29,097 [grpc-default-executor-3] INFO  impl.RoleInfo (RoleInfo.java:shutdownFollowerState(121)) - 77ab65e6-d942-49df-83a3-1d4c0bf152b3: shutdown FollowerState
2019-11-05 08:24:29,097 [grpc-default-executor-4] INFO  impl.RaftServerImpl (RaftServerImpl.java:setRole(184)) - 7e1b84a9-a041-44fd-8008-f2679426984c@group-0DB8C7688BF9: changes role from  FOLLOWER to FOLLOWER at term 315 for recognizeCandidate:4a682f4f-c3f2-4b77-88b7-f0ab78890feb
2019-11-05 08:24:29,097 [grpc-default-executor-4] INFO  impl.RoleInfo (RoleInfo.java:shutdownFollowerState(121)) - 7e1b84a9-a041-44fd-8008-f2679426984c: shutdown FollowerState
2019-11-05 08:24:29,097 [Thread-3901] INFO  impl.FollowerState (FollowerState.java:run(117)) - 77ab65e6-d942-49df-83a3-1d4c0bf152b3@group-0DB8C7688BF9-FollowerState was interrupted: java.lang.InterruptedException: sleep interrupted
2019-11-05 08:24:29,098 [Thread-3902] INFO  impl.FollowerState (FollowerState.java:run(117)) - 7e1b84a9-a041-44fd-8008-f2679426984c@group-0DB8C7688BF9-FollowerState was interrupted: java.lang.InterruptedException: sleep interrupted
2019-11-05 08:24:29,097 [grpc-default-executor-3] INFO  impl.RoleInfo (RoleInfo.java:updateAndGet(143)) - 77ab65e6-d942-49df-83a3-1d4c0bf152b3: start FollowerState
2019-11-05 08:24:29,098 [grpc-default-executor-4] INFO  impl.RoleInfo (RoleInfo.java:updateAndGet(143)) - 7e1b84a9-a041-44fd-8008-f2679426984c: start FollowerState
2019-11-05 08:24:29,100 [4a682f4f-c3f2-4b77-88b7-f0ab78890feb@group-0DB8C7688BF9-LeaderElection535] INFO  impl.LeaderElection (LeaderElection.java:logAndReturn(56)) - 4a682f4f-c3f2-4b77-88b7-f0ab78890feb@group-0DB8C7688BF9-LeaderElection535: Election TIMEOUT; received 0 response(s) [] and 0 exception(s); 4a682f4f-c3f2-4b77-88b7-f0ab78890feb@group-0DB8C7688BF9:t315, leader=null, voted=4a682f4f-c3f2-4b77-88b7-f0ab78890feb, raftlog=4a682f4f-c3f2-4b77-88b7-f0ab78890feb@group-0DB8C7688BF9-SegmentedRaftLog:OPENED:c-1,f-1,i0, conf=-1: [77ab65e6-d942-49df-83a3-1d4c0bf152b3:192.168.164.217:39381, 7e1b84a9-a041-44fd-8008-f2679426984c:192.168.164.217:44149, 4a682f4f-c3f2-4b77-88b7-f0ab78890feb:192.168.164.217:34174], old=null
2019-11-05 08:24:29,119 [4a682f4f-c3f2-4b77-88b7-f0ab78890feb@group-0DB8C7688BF9-LeaderElection535] INFO  impl.LeaderElection (LeaderElection.java:askForVotes(178)) - 4a682f4f-c3f2-4b77-88b7-f0ab78890feb@group-0DB8C7688BF9-LeaderElection535: begin an election at term 316 for -1: [77ab65e6-d942-49df-83a3-1d4c0bf152b3:192.168.164.217:39381, 7e1b84a9-a041-44fd-8008-f2679426984c:192.168.164.217:44149, 4a682f4f-c3f2-4b77-88b7-f0ab78890feb:192.168.164.217:34174], old=null
2019-11-05 08:24:29,121 [grpc-default-executor-4] INFO  impl.RaftServerImpl (RaftServerImpl.java:setRole(184)) - 77ab65e6-d942-49df-83a3-1d4c0bf152b3@group-0DB8C7688BF9: changes role from  FOLLOWER to FOLLOWER at term 316 for recognizeCandidate:4a682f4f-c3f2-4b77-88b7-f0ab78890feb
2019-11-05 08:24:29,121 [grpc-default-executor-4] INFO  impl.RoleInfo (RoleInfo.java:shutdownFollowerState(121)) - 77ab65e6-d942-49df-83a3-1d4c0bf152b3: shutdown FollowerState
2019-11-05 08:24:29,121 [grpc-default-executor-4] INFO  impl.RoleInfo (RoleInfo.java:updateAndGet(143)) - 77ab65e6-d942-49df-83a3-1d4c0bf152b3: start FollowerState
2019-11-05 08:24:29,121 [Thread-3907] INFO  impl.FollowerState (FollowerState.java:run(117)) - 77ab65e6-d942-49df-83a3-1d4c0bf152b3@group-0DB8C7688BF9-FollowerState was interrupted: java.lang.InterruptedException: sleep interrupted
2019-11-05 08:24:29,121 [grpc-default-executor-3] INFO  impl.RaftServerImpl (RaftServerImpl.java:setRole(184)) - 7e1b84a9-a041-44fd-8008-f2679426984c@group-0DB8C7688BF9: changes role from  FOLLOWER to FOLLOWER at term 316 for recognizeCandidate:4a682f4f-c3f2-4b77-88b7-f0ab78890feb
2019-11-05 08:24:29,121 [grpc-default-executor-3] INFO  impl.RoleInfo (RoleInfo.java:shutdownFollowerState(121)) - 7e1b84a9-a041-44fd-8008-f2679426984c: shutdown FollowerState
2019-11-05 08:24:29,122 [grpc-default-executor-3] INFO  impl.RoleInfo (RoleInfo.java:updateAndGet(143)) - 7e1b84a9-a041-44fd-8008-f2679426984c: start FollowerState
2019-11-05 08:24:29,122 [Thread-3908] INFO  impl.FollowerState (FollowerState.java:run(117)) - 7e1b84a9-a041-44fd-8008-f2679426984c@group-0DB8C7688BF9-FollowerState was interrupted: java.lang.InterruptedException: sleep interrupted
2019-11-05 08:24:29,135 [4a682f4f-c3f2-4b77-88b7-f0ab78890feb@group-0DB8C7688BF9-LeaderElection535] INFO  impl.LeaderElection (LeaderElection.java:logAndReturn(56)) - 4a682f4f-c3f2-4b77-88b7-f0ab78890feb@group-0DB8C7688BF9-LeaderElection535: Election REJECTED; received 2 response(s) [4a682f4f-c3f2-4b77-88b7-f0ab78890feb<-77ab65e6-d942-49df-83a3-1d4c0bf152b3#0:FAIL-t316, 4a682f4f-c3f2-4b77-88b7-f0ab78890feb<-7e1b84a9-a041-44fd-8008-f2679426984c#0:FAIL-t316] and 0 exception(s); 4a682f4f-c3f2-4b77-88b7-f0ab78890feb@group-0DB8C7688BF9:t316, leader=null, voted=4a682f4f-c3f2-4b77-88b7-f0ab78890feb, raftlog=4a682f4f-c3f2-4b77-88b7-f0ab78890feb@group-0DB8C7688BF9-SegmentedRaftLog:OPENED:c-1,f-1,i0, conf=-1: [77ab65e6-d942-49df-83a3-1d4c0bf152b3:192.168.164.217:39381, 7e1b84a9-a041-44fd-8008-f2679426984c:192.168.164.217:44149, 4a682f4f-c3f2-4b77-88b7-f0ab78890feb:192.168.164.217:34174], old=null
2019-11-05 08:24:29,135 [4a682f4f-c3f2-4b77-88b7-f0ab78890feb@group-0DB8C7688BF9-LeaderElection535] INFO  impl.RaftServerImpl (RaftServerImpl.java:setRole(184)) - 4a682f4f-c3f2-4b77-88b7-f0ab78890feb@group-0DB8C7688BF9: changes role from CANDIDATE to FOLLOWER at term 316 for DISCOVERED_A_NEW_TERM
2019-11-05 08:24:29,135 [4a682f4f-c3f2-4b77-88b7-f0ab78890feb@group-0DB8C7688BF9-LeaderElection535] INFO  impl.RoleInfo (RoleInfo.java:shutdownLeaderElection(134)) - 4a682f4f-c3f2-4b77-88b7-f0ab78890feb: shutdown LeaderElection
2019-11-05 08:24:29,135 [4a682f4f-c3f2-4b77-88b7-f0ab78890feb@group-0DB8C7688BF9-LeaderElection535] INFO  impl.RoleInfo (RoleInfo.java:updateAndGet(143)) - 4a682f4f-c3f2-4b77-88b7-f0ab78890feb: start FollowerState
2019-11-05 08:24:29,255 [java.util.concurrent.ThreadPoolExecutor$Worker@4893213[State = -1, empty queue]] WARN  server.GrpcLogAppender (GrpcLogAppender.java:timeoutAppendRequest(209)) - 6189f8a4-91dd-451f-abcb-72b2dcd73465@group-9D53872EEF85->fe5257f1-588f-41af-bf70-1c04126c8968-GrpcLogAppender: appendEntries Timeout, request=6189f8a4-91dd-451f-abcb-72b2dcd73465->fe5257f1-588f-41af-bf70-1c04126c8968#94-t4, previous=(t:4, i:20), leaderCommit=20, initializing? false, entries: <empty>
2019-11-05 08:24:29,293 [java.util.concurrent.ThreadPoolExecutor$Worker@7a1c0679[State = -1, empty queue]] WARN  server.GrpcLogAppender (GrpcLogAppender.java:timeoutAppendRequest(209)) - 6189f8a4-91dd-451f-abcb-72b2dcd73465@group-9D53872EEF85->c3e88256-f771-43b4-b3fb-c682fc5ee06f-GrpcLogAppender: appendEntries Timeout, request=6189f8a4-91dd-451f-abcb-72b2dcd73465->c3e88256-f771-43b4-b3fb-c682fc5ee06f#94-t4, previous=(t:4, i:20), leaderCommit=20, initializing? false, entries: <empty>
2019-11-05 08:24:29,298 [Thread-3913] INFO  impl.FollowerState (FollowerState.java:run(108)) - 4a682f4f-c3f2-4b77-88b7-f0ab78890feb@group-0DB8C7688BF9-FollowerState: change to CANDIDATE, lastRpcTime:162ms, electionTimeout:162ms
2019-11-05 08:24:29,298 [Thread-3913] INFO  impl.RoleInfo (RoleInfo.java:shutdownFollowerState(121)) - 4a682f4f-c3f2-4b77-88b7-f0ab78890feb: shutdown FollowerState
2019-11-05 08:24:29,298 [Thread-3913] INFO  impl.RaftServerImpl (RaftServerImpl.java:setRole(184)) - 4a682f4f-c3f2-4b77-88b7-f0ab78890feb@group-0DB8C7688BF9: changes role from  FOLLOWER to CANDIDATE at term 316 for changeToCandidate
2019-11-05 08:24:29,298 [Thread-3913] INFO  impl.RoleInfo (RoleInfo.java:updateAndGet(143)) - 4a682f4f-c3f2-4b77-88b7-f0ab78890feb: start LeaderElection
2019-11-05 08:24:29,312 [4a682f4f-c3f2-4b77-88b7-f0ab78890feb@group-0DB8C7688BF9-LeaderElection536] INFO  impl.LeaderElection (LeaderElection.java:askForVotes(178)) - 4a682f4f-c3f2-4b77-88b7-f0ab78890feb@group-0DB8C7688BF9-LeaderElection536: begin an election at term 317 for -1: [77ab65e6-d942-49df-83a3-1d4c0bf152b3:192.168.164.217:39381, 7e1b84a9-a041-44fd-8008-f2679426984c:192.168.164.217:44149, 4a682f4f-c3f2-4b77-88b7-f0ab78890feb:192.168.164.217:34174], old=null
2019-11-05 08:24:29,313 [grpc-default-executor-3] INFO  impl.RaftServerImpl (RaftServerImpl.java:setRole(184)) - 77ab65e6-d942-49df-83a3-1d4c0bf152b3@group-0DB8C7688BF9: changes role from  FOLLOWER to FOLLOWER at term 317 for recognizeCandidate:4a682f4f-c3f2-4b77-88b7-f0ab78890feb
2019-11-05 08:24:29,313 [grpc-default-executor-3] INFO  impl.RoleInfo (RoleInfo.java:shutdownFollowerState(121)) - 77ab65e6-d942-49df-83a3-1d4c0bf152b3: shutdown FollowerState
2019-11-05 08:24:29,313 [grpc-default-executor-4] INFO  impl.RaftServerImpl (RaftServerImpl.java:setRole(184)) - 7e1b84a9-a041-44fd-8008-f2679426984c@group-0DB8C7688BF9: changes role from  FOLLOWER to FOLLOWER at term 317 for recognizeCandidate:4a682f4f-c3f2-4b77-88b7-f0ab78890feb
2019-11-05 08:24:29,314 [grpc-default-executor-3] INFO  impl.RoleInfo (RoleInfo.java:updateAndGet(143)) - 77ab65e6-d942-49df-83a3-1d4c0bf152b3: start FollowerState
2019-11-05 08:24:29,314 [Thread-3911] INFO  impl.FollowerState (FollowerState.java:run(117)) - 77ab65e6-d942-49df-83a3-1d4c0bf152b3@group-0DB8C7688BF9-FollowerState was interrupted: java.lang.InterruptedException: sleep interrupted
2019-11-05 08:24:29,314 [grpc-default-executor-4] INFO  impl.RoleInfo (RoleInfo.java:shutdownFollowerState(121)) - 7e1b84a9-a041-44fd-8008-f2679426984c: shutdown FollowerState
2019-11-05 08:24:29,314 [grpc-default-executor-4] INFO  impl.RoleInfo (RoleInfo.java:updateAndGet(143)) - 7e1b84a9-a041-44fd-8008-f2679426984c: start FollowerState
2019-11-05 08:24:29,314 [Thread-3912] INFO  impl.FollowerState (FollowerState.java:run(117)) - 7e1b84a9-a041-44fd-8008-f2679426984c@group-0DB8C7688BF9-FollowerState was interrupted: java.lang.InterruptedException: sleep interrupted
2019-11-05 08:24:29,324 [4a682f4f-c3f2-4b77-88b7-f0ab78890feb@group-0DB8C7688BF9-LeaderElection536] INFO  impl.LeaderElection (LeaderElection.java:logAndReturn(56)) - 4a682f4f-c3f2-4b77-88b7-f0ab78890feb@group-0DB8C7688BF9-LeaderElection536: Election TIMEOUT; received 0 response(s) [] and 0 exception(s); 4a682f4f-c3f2-4b77-88b7-f0ab78890feb@group-0DB8C7688BF9:t317, leader=null, voted=4a682f4f-c3f2-4b77-88b7-f0ab78890feb, raftlog=4a682f4f-c3f2-4b77-88b7-f0ab78890feb@group-0DB8C7688BF9-SegmentedRaftLog:OPENED:c-1,f-1,i0, conf=-1: [77ab65e6-d942-49df-83a3-1d4c0bf152b3:192.168.164.217:39381, 7e1b84a9-a041-44fd-8008-f2679426984c:192.168.164.217:44149, 4a682f4f-c3f2-4b77-88b7-f0ab78890feb:192.168.164.217:34174], old=null
2019-11-05 08:24:29,328 [4a682f4f-c3f2-4b77-88b7-f0ab78890feb@group-0DB8C7688BF9-LeaderElection536] INFO  impl.LeaderElection (LeaderElection.java:askForVotes(178)) - 4a682f4f-c3f2-4b77-88b7-f0ab78890feb@group-0DB8C7688BF9-LeaderElection536: begin an election at term 318 for -1: [77ab65e6-d942-49df-83a3-1d4c0bf152b3:192.168.164.217:39381, 7e1b84a9-a041-44fd-8008-f2679426984c:192.168.164.217:44149, 4a682f4f-c3f2-4b77-88b7-f0ab78890feb:192.168.164.217:34174], old=null
2019-11-05 08:24:29,329 [grpc-default-executor-4] INFO  impl.RaftServerImpl (RaftServerImpl.java:setRole(184)) - 77ab65e6-d942-49df-83a3-1d4c0bf152b3@group-0DB8C7688BF9: changes role from  FOLLOWER to FOLLOWER at term 318 for recognizeCandidate:4a682f4f-c3f2-4b77-88b7-f0ab78890feb
2019-11-05 08:24:29,329 [grpc-default-executor-4] INFO  impl.RoleInfo (RoleInfo.java:shutdownFollowerState(121)) - 77ab65e6-d942-49df-83a3-1d4c0bf152b3: shutdown FollowerState
2019-11-05 08:24:29,329 [grpc-default-executor-4] INFO  impl.RoleInfo (RoleInfo.java:updateAndGet(143)) - 77ab65e6-d942-49df-83a3-1d4c0bf152b3: start FollowerState
2019-11-05 08:24:29,329 [Thread-3917] INFO  impl.FollowerState (FollowerState.java:run(117)) - 77ab65e6-d942-49df-83a3-1d4c0bf152b3@group-0DB8C7688BF9-FollowerState was interrupted: java.lang.InterruptedException: sleep interrupted
2019-11-05 08:24:29,329 [grpc-default-executor-3] INFO  impl.RaftServerImpl (RaftServerImpl.java:setRole(184)) - 7e1b84a9-a041-44fd-8008-f2679426984c@group-0DB8C7688BF9: changes role from  FOLLOWER to FOLLOWER at term 318 for recognizeCandidate:4a682f4f-c3f2-4b77-88b7-f0ab78890feb
2019-11-05 08:24:29,329 [grpc-default-executor-3] INFO  impl.RoleInfo (RoleInfo.java:shutdownFollowerState(121)) - 7e1b84a9-a041-44fd-8008-f2679426984c: shutdown FollowerState
2019-11-05 08:24:29,329 [grpc-default-executor-3] INFO  impl.RoleInfo (RoleInfo.java:updateAndGet(143)) - 7e1b84a9-a041-44fd-8008-f2679426984c: start FollowerState
2019-11-05 08:24:29,329 [Thread-3918] INFO  impl.FollowerState (FollowerState.java:run(117)) - 7e1b84a9-a041-44fd-8008-f2679426984c@group-0DB8C7688BF9-FollowerState was interrupted: java.lang.InterruptedException: sleep interrupted
2019-11-05 08:24:29,337 [4a682f4f-c3f2-4b77-88b7-f0ab78890feb@group-0DB8C7688BF9-LeaderElection536] INFO  impl.LeaderElection (LeaderElection.java:logAndReturn(56)) - 4a682f4f-c3f2-4b77-88b7-f0ab78890feb@group-0DB8C7688BF9-LeaderElection536: Election REJECTED; received 2 response(s) [4a682f4f-c3f2-4b77-88b7-f0ab78890feb<-77ab65e6-d942-49df-83a3-1d4c0bf152b3#0:FAIL-t318, 4a682f4f-c3f2-4b77-88b7-f0ab78890feb<-7e1b84a9-a041-44fd-8008-f2679426984c#0:FAIL-t318] and 0 exception(s); 4a682f4f-c3f2-4b77-88b7-f0ab78890feb@group-0DB8C7688BF9:t318, leader=null, voted=4a682f4f-c3f2-4b77-88b7-f0ab78890feb, raftlog=4a682f4f-c3f2-4b77-88b7-f0ab78890feb@group-0DB8C7688BF9-SegmentedRaftLog:OPENED:c-1,f-1,i0, conf=-1: [77ab65e6-d942-49df-83a3-1d4c0bf152b3:192.168.164.217:39381, 7e1b84a9-a041-44fd-8008-f2679426984c:192.168.164.217:44149, 4a682f4f-c3f2-4b77-88b7-f0ab78890feb:192.168.164.217:34174], old=null
2019-11-05 08:24:29,337 [4a682f4f-c3f2-4b77-88b7-f0ab78890feb@group-0DB8C7688BF9-LeaderElection536] INFO  impl.RaftServerImpl (RaftServerImpl.java:setRole(184)) - 4a682f4f-c3f2-4b77-88b7-f0ab78890feb@group-0DB8C7688BF9: changes role from CANDIDATE to FOLLOWER at term 318 for DISCOVERED_A_NEW_TERM
2019-11-05 08:24:29,337 [4a682f4f-c3f2-4b77-88b7-f0ab78890feb@group-0DB8C7688BF9-LeaderElection536] INFO  impl.RoleInfo (RoleInfo.java:shutdownLeaderElection(134)) - 4a682f4f-c3f2-4b77-88b7-f0ab78890feb: shutdown LeaderElection
2019-11-05 08:24:29,338 [4a682f4f-c3f2-4b77-88b7-f0ab78890feb@group-0DB8C7688BF9-LeaderElection536] INFO  impl.RoleInfo (RoleInfo.java:updateAndGet(143)) - 4a682f4f-c3f2-4b77-88b7-f0ab78890feb: start FollowerState
2019-11-05 08:24:29,358 [ForkJoinPool.commonPool-worker-0] INFO  ozoneimpl.OzoneContainer (OzoneContainer.java:stop(227)) - Attempting to stop container services.
2019-11-05 08:24:29,358 [ForkJoinPool.commonPool-worker-0] INFO  impl.RaftServerProxy (RaftServerProxy.java:lambda$close$4(314)) - 77ab65e6-d942-49df-83a3-1d4c0bf152b3: close
2019-11-05 08:24:29,359 [ForkJoinPool.commonPool-worker-0] INFO  impl.RaftServerImpl (RaftServerImpl.java:lambda$shutdown$3(261)) - 77ab65e6-d942-49df-83a3-1d4c0bf152b3@group-63E6C67CF9E0: shutdown
2019-11-05 08:24:29,359 [ForkJoinPool.commonPool-worker-0] INFO  util.JmxRegister (JmxRegister.java:unregister(73)) - Successfully un-registered JMX Bean with object name Ratis:service=RaftServer,group=group-63E6C67CF9E0,id=77ab65e6-d942-49df-83a3-1d4c0bf152b3
2019-11-05 08:24:29,359 [ForkJoinPool.commonPool-worker-0] INFO  impl.RoleInfo (RoleInfo.java:shutdownLeaderState(104)) - 77ab65e6-d942-49df-83a3-1d4c0bf152b3: shutdown LeaderState
2019-11-05 08:24:29,359 [ForkJoinPool.commonPool-worker-0] INFO  impl.PendingRequests (PendingRequests.java:sendNotLeaderResponses(202)) - 77ab65e6-d942-49df-83a3-1d4c0bf152b3@group-63E6C67CF9E0-PendingRequests: sendNotLeaderResponses
2019-11-05 08:24:29,360 [ForkJoinPool.commonPool-worker-0] INFO  impl.StateMachineUpdater (StateMachineUpdater.java:stopAndJoin(136)) - 77ab65e6-d942-49df-83a3-1d4c0bf152b3@group-63E6C67CF9E0-StateMachineUpdater: set stopIndex = 0
2019-11-05 08:24:29,360 [ForkJoinPool.commonPool-worker-0] INFO  impl.RaftServerImpl (ServerState.java:close(388)) - 77ab65e6-d942-49df-83a3-1d4c0bf152b3@group-63E6C67CF9E0: closes. applyIndex: 0
2019-11-05 08:24:29,361 [77ab65e6-d942-49df-83a3-1d4c0bf152b3@group-63E6C67CF9E0-SegmentedRaftLogWorker] INFO  segmented.SegmentedRaftLogWorker (SegmentedRaftLogWorker.java:run(316)) - 77ab65e6-d942-49df-83a3-1d4c0bf152b3@group-63E6C67CF9E0-SegmentedRaftLogWorker was interrupted, exiting. There are 0 tasks remaining in the queue.
2019-11-05 08:24:29,361 [ForkJoinPool.commonPool-worker-0] INFO  segmented.SegmentedRaftLogWorker (SegmentedRaftLogWorker.java:close(224)) - 77ab65e6-d942-49df-83a3-1d4c0bf152b3@group-63E6C67CF9E0-SegmentedRaftLogWorker close()
2019-11-05 08:24:29,363 [ForkJoinPool.commonPool-worker-0] INFO  impl.RaftServerImpl (RaftServerImpl.java:lambda$shutdown$3(261)) - 77ab65e6-d942-49df-83a3-1d4c0bf152b3@group-0DB8C7688BF9: shutdown
2019-11-05 08:24:29,363 [ForkJoinPool.commonPool-worker-0] INFO  util.JmxRegister (JmxRegister.java:unregister(73)) - Successfully un-registered JMX Bean with object name Ratis:service=RaftServer,group=group-0DB8C7688BF9,id=77ab65e6-d942-49df-83a3-1d4c0bf152b3
2019-11-05 08:24:29,364 [ForkJoinPool.commonPool-worker-0] INFO  impl.RoleInfo (RoleInfo.java:shutdownFollowerState(121)) - 77ab65e6-d942-49df-83a3-1d4c0bf152b3: shutdown FollowerState
2019-11-05 08:24:29,364 [ForkJoinPool.commonPool-worker-0] INFO  impl.StateMachineUpdater (StateMachineUpdater.java:stopAndJoin(136)) - 77ab65e6-d942-49df-83a3-1d4c0bf152b3@group-0DB8C7688BF9-StateMachineUpdater: set stopIndex = -1
2019-11-05 08:24:29,364 [Thread-3921] INFO  impl.FollowerState (FollowerState.java:run(117)) - 77ab65e6-d942-49df-83a3-1d4c0bf152b3@group-0DB8C7688BF9-FollowerState was interrupted: java.lang.InterruptedException: sleep interrupted
2019-11-05 08:24:29,364 [ForkJoinPool.commonPool-worker-0] INFO  impl.RaftServerImpl (ServerState.java:close(388)) - 77ab65e6-d942-49df-83a3-1d4c0bf152b3@group-0DB8C7688BF9: closes. applyIndex: -1
2019-11-05 08:24:29,364 [77ab65e6-d942-49df-83a3-1d4c0bf152b3@group-0DB8C7688BF9-SegmentedRaftLogWorker] INFO  segmented.SegmentedRaftLogWorker (SegmentedRaftLogWorker.java:run(316)) - 77ab65e6-d942-49df-83a3-1d4c0bf152b3@group-0DB8C7688BF9-SegmentedRaftLogWorker was interrupted, exiting. There are 0 tasks remaining in the queue.
2019-11-05 08:24:29,365 [ForkJoinPool.commonPool-worker-0] INFO  segmented.SegmentedRaftLogWorker (SegmentedRaftLogWorker.java:close(224)) - 77ab65e6-d942-49df-83a3-1d4c0bf152b3@group-0DB8C7688BF9-SegmentedRaftLogWorker close()
2019-11-05 08:24:29,366 [ForkJoinPool.commonPool-worker-0] INFO  server.GrpcService (GrpcService.java:closeImpl(164)) - 77ab65e6-d942-49df-83a3-1d4c0bf152b3: shutdown server with port 39381 now
2019-11-05 08:24:29,367 [ForkJoinPool.commonPool-worker-0] INFO  server.GrpcService (GrpcService.java:closeImpl(172)) - 77ab65e6-d942-49df-83a3-1d4c0bf152b3: shutdown server with port 39381 successfully
2019-11-05 08:24:29,373 [refreshUsed-/workdir/hadoop-ozone/integration-test/target/test-dir/MiniOzoneClusterImpl-0ddfd79e-5774-4abb-9b8b-55ac0c17dbc1/datanode-0/data/containers] WARN  fs.CachingGetSpaceUsed (CachingGetSpaceUsed.java:run(183)) - Thread Interrupted waiting to refresh disk information: sleep interrupted
2019-11-05 08:24:29,391 [ForkJoinPool.commonPool-worker-0] INFO  utils.BackgroundService (BackgroundService.java:shutdown(151)) - Shutting down service BlockDeletingService
2019-11-05 08:24:29,395 [ForkJoinPool.commonPool-worker-0] INFO  statemachine.DatanodeStateMachine (DatanodeStateMachine.java:stopDaemon(395)) - Ozone container server stopped.
2019-11-05 08:24:29,399 [ForkJoinPool.commonPool-worker-0] INFO  handler.ContextHandler (ContextHandler.java:doStop(910)) - Stopped o.e.j.w.WebAppContext@4339baec{/,null,UNAVAILABLE}{/hddsDatanode}
2019-11-05 08:24:29,400 [ForkJoinPool.commonPool-worker-0] INFO  server.AbstractConnector (AbstractConnector.java:doStop(318)) - Stopped ServerConnector@62db3891{HTTP/1.1,[http/1.1]}{0.0.0.0:0}
2019-11-05 08:24:29,401 [ForkJoinPool.commonPool-worker-0] INFO  handler.ContextHandler (ContextHandler.java:doStop(910)) - Stopped o.e.j.s.ServletContextHandler@644ded04{/static,jar:file:/home/user/.m2/repository/org/apache/hadoop/hadoop-hdds-container-service/0.5.0-SNAPSHOT/hadoop-hdds-container-service-0.5.0-SNAPSHOT.jar!/webapps/static,UNAVAILABLE}
2019-11-05 08:24:29,403 [ForkJoinPool.commonPool-worker-0] INFO  handler.ContextHandler (ContextHandler.java:doStop(910)) - Stopped o.e.j.s.ServletContextHandler@290d10ef{/logs,file:///workdir/hadoop-ozone/integration-test/target/log,UNAVAILABLE}
2019-11-05 08:24:29,407 [main] INFO  ozoneimpl.OzoneContainer (OzoneContainer.java:stop(227)) - Attempting to stop container services.
2019-11-05 08:24:29,407 [main] INFO  impl.RaftServerProxy (RaftServerProxy.java:lambda$close$4(314)) - 7e1b84a9-a041-44fd-8008-f2679426984c: close
2019-11-05 08:24:29,408 [main] INFO  impl.RaftServerImpl (RaftServerImpl.java:lambda$shutdown$3(261)) - 7e1b84a9-a041-44fd-8008-f2679426984c@group-FF8F6D821110: shutdown
2019-11-05 08:24:29,408 [main] INFO  util.JmxRegister (JmxRegister.java:unregister(73)) - Successfully un-registered JMX Bean with object name Ratis:service=RaftServer,group=group-FF8F6D821110,id=7e1b84a9-a041-44fd-8008-f2679426984c
2019-11-05 08:24:29,408 [main] INFO  impl.RoleInfo (RoleInfo.java:shutdownLeaderState(104)) - 7e1b84a9-a041-44fd-8008-f2679426984c: shutdown LeaderState
2019-11-05 08:24:29,408 [main] INFO  impl.PendingRequests (PendingRequests.java:sendNotLeaderResponses(202)) - 7e1b84a9-a041-44fd-8008-f2679426984c@group-FF8F6D821110-PendingRequests: sendNotLeaderResponses
2019-11-05 08:24:29,409 [main] INFO  impl.StateMachineUpdater (StateMachineUpdater.java:stopAndJoin(136)) - 7e1b84a9-a041-44fd-8008-f2679426984c@group-FF8F6D821110-StateMachineUpdater: set stopIndex = 0
2019-11-05 08:24:29,409 [main] INFO  impl.RaftServerImpl (ServerState.java:close(388)) - 7e1b84a9-a041-44fd-8008-f2679426984c@group-FF8F6D821110: closes. applyIndex: 0
2019-11-05 08:24:29,410 [7e1b84a9-a041-44fd-8008-f2679426984c@group-FF8F6D821110-SegmentedRaftLogWorker] INFO  segmented.SegmentedRaftLogWorker (SegmentedRaftLogWorker.java:run(316)) - 7e1b84a9-a041-44fd-8008-f2679426984c@group-FF8F6D821110-SegmentedRaftLogWorker was interrupted, exiting. There are 0 tasks remaining in the queue.
2019-11-05 08:24:29,410 [main] INFO  segmented.SegmentedRaftLogWorker (SegmentedRaftLogWorker.java:close(224)) - 7e1b84a9-a041-44fd-8008-f2679426984c@group-FF8F6D821110-SegmentedRaftLogWorker close()
2019-11-05 08:24:29,411 [main] INFO  impl.RaftServerImpl (RaftServerImpl.java:lambda$shutdown$3(261)) - 7e1b84a9-a041-44fd-8008-f2679426984c@group-0DB8C7688BF9: shutdown
2019-11-05 08:24:29,411 [main] INFO  util.JmxRegister (JmxRegister.java:unregister(73)) - Successfully un-registered JMX Bean with object name Ratis:service=RaftServer,group=group-0DB8C7688BF9,id=7e1b84a9-a041-44fd-8008-f2679426984c
2019-11-05 08:24:29,412 [main] INFO  impl.RoleInfo (RoleInfo.java:shutdownFollowerState(121)) - 7e1b84a9-a041-44fd-8008-f2679426984c: shutdown FollowerState
2019-11-05 08:24:29,412 [main] INFO  impl.StateMachineUpdater (StateMachineUpdater.java:stopAndJoin(136)) - 7e1b84a9-a041-44fd-8008-f2679426984c@group-0DB8C7688BF9-StateMachineUpdater: set stopIndex = -1
2019-11-05 08:24:29,412 [Thread-3922] INFO  impl.FollowerState (FollowerState.java:run(117)) - 7e1b84a9-a041-44fd-8008-f2679426984c@group-0DB8C7688BF9-FollowerState was interrupted: java.lang.InterruptedException: sleep interrupted
2019-11-05 08:24:29,412 [main] INFO  impl.RaftServerImpl (ServerState.java:close(388)) - 7e1b84a9-a041-44fd-8008-f2679426984c@group-0DB8C7688BF9: closes. applyIndex: -1
2019-11-05 08:24:29,413 [7e1b84a9-a041-44fd-8008-f2679426984c@group-0DB8C7688BF9-SegmentedRaftLogWorker] INFO  segmented.SegmentedRaftLogWorker (SegmentedRaftLogWorker.java:run(316)) - 7e1b84a9-a041-44fd-8008-f2679426984c@group-0DB8C7688BF9-SegmentedRaftLogWorker was interrupted, exiting. There are 0 tasks remaining in the queue.
2019-11-05 08:24:29,413 [main] INFO  segmented.SegmentedRaftLogWorker (SegmentedRaftLogWorker.java:close(224)) - 7e1b84a9-a041-44fd-8008-f2679426984c@group-0DB8C7688BF9-SegmentedRaftLogWorker close()
2019-11-05 08:24:29,414 [main] INFO  server.GrpcService (GrpcService.java:closeImpl(164)) - 7e1b84a9-a041-44fd-8008-f2679426984c: shutdown server with port 44149 now
2019-11-05 08:24:29,415 [main] INFO  server.GrpcService (GrpcService.java:closeImpl(172)) - 7e1b84a9-a041-44fd-8008-f2679426984c: shutdown server with port 44149 successfully
2019-11-05 08:24:29,416 [refreshUsed-/workdir/hadoop-ozone/integration-test/target/test-dir/MiniOzoneClusterImpl-0ddfd79e-5774-4abb-9b8b-55ac0c17dbc1/datanode-9/data/containers] WARN  fs.CachingGetSpaceUsed (CachingGetSpaceUsed.java:run(183)) - Thread Interrupted waiting to refresh disk information: sleep interrupted
2019-11-05 08:24:29,432 [main] INFO  utils.BackgroundService (BackgroundService.java:shutdown(151)) - Shutting down service BlockDeletingService
2019-11-05 08:24:29,435 [main] INFO  statemachine.DatanodeStateMachine (DatanodeStateMachine.java:stopDaemon(395)) - Ozone container server stopped.
2019-11-05 08:24:29,436 [main] INFO  handler.ContextHandler (ContextHandler.java:doStop(910)) - Stopped o.e.j.w.WebAppContext@7a8b9166{/,null,UNAVAILABLE}{/hddsDatanode}
2019-11-05 08:24:29,436 [main] INFO  server.AbstractConnector (AbstractConnector.java:doStop(318)) - Stopped ServerConnector@4acc5dff{HTTP/1.1,[http/1.1]}{0.0.0.0:0}
2019-11-05 08:24:29,437 [main] INFO  handler.ContextHandler (ContextHandler.java:doStop(910)) - Stopped o.e.j.s.ServletContextHandler@6cbd0674{/static,jar:file:/home/user/.m2/repository/org/apache/hadoop/hadoop-hdds-container-service/0.5.0-SNAPSHOT/hadoop-hdds-container-service-0.5.0-SNAPSHOT.jar!/webapps/static,UNAVAILABLE}
2019-11-05 08:24:29,437 [main] INFO  handler.ContextHandler (ContextHandler.java:doStop(910)) - Stopped o.e.j.s.ServletContextHandler@6325f352{/logs,file:///workdir/hadoop-ozone/integration-test/target/log,UNAVAILABLE}
2019-11-05 08:24:29,475 [Thread-3923] INFO  impl.FollowerState (FollowerState.java:run(108)) - 4a682f4f-c3f2-4b77-88b7-f0ab78890feb@group-0DB8C7688BF9-FollowerState: change to CANDIDATE, lastRpcTime:137ms, electionTimeout:137ms
2019-11-05 08:24:29,475 [Thread-3923] INFO  impl.RoleInfo (RoleInfo.java:shutdownFollowerState(121)) - 4a682f4f-c3f2-4b77-88b7-f0ab78890feb: shutdown FollowerState
2019-11-05 08:24:29,475 [Thread-3923] INFO  impl.RaftServerImpl (RaftServerImpl.java:setRole(184)) - 4a682f4f-c3f2-4b77-88b7-f0ab78890feb@group-0DB8C7688BF9: changes role from  FOLLOWER to CANDIDATE at term 318 for changeToCandidate
2019-11-05 08:24:29,475 [Thread-3923] INFO  impl.RoleInfo (RoleInfo.java:updateAndGet(143)) - 4a682f4f-c3f2-4b77-88b7-f0ab78890feb: start LeaderElection
2019-11-05 08:24:29,490 [4a682f4f-c3f2-4b77-88b7-f0ab78890feb@group-0DB8C7688BF9-LeaderElection537] INFO  impl.LeaderElection (LeaderElection.java:askForVotes(178)) - 4a682f4f-c3f2-4b77-88b7-f0ab78890feb@group-0DB8C7688BF9-LeaderElection537: begin an election at term 319 for -1: [77ab65e6-d942-49df-83a3-1d4c0bf152b3:192.168.164.217:39381, 7e1b84a9-a041-44fd-8008-f2679426984c:192.168.164.217:44149, 4a682f4f-c3f2-4b77-88b7-f0ab78890feb:192.168.164.217:34174], old=null
2019-11-05 08:24:29,493 [4a682f4f-c3f2-4b77-88b7-f0ab78890feb@group-0DB8C7688BF9-LeaderElection537] INFO  impl.LeaderElection (LogUtils.java:infoOrTrace(149)) - 4a682f4f-c3f2-4b77-88b7-f0ab78890feb@group-0DB8C7688BF9-LeaderElection537 got exception when requesting votes: {}
java.util.concurrent.ExecutionException: org.apache.ratis.thirdparty.io.grpc.StatusRuntimeException: UNAVAILABLE: io exception
	at java.util.concurrent.FutureTask.report(FutureTask.java:122)
	at java.util.concurrent.FutureTask.get(FutureTask.java:192)
	at org.apache.ratis.server.impl.LeaderElection.waitForResults(LeaderElection.java:259)
	at org.apache.ratis.server.impl.LeaderElection.askForVotes(LeaderElection.java:197)
	at org.apache.ratis.server.impl.LeaderElection.run(LeaderElection.java:133)
	at java.lang.Thread.run(Thread.java:748)
Caused by: org.apache.ratis.thirdparty.io.grpc.StatusRuntimeException: UNAVAILABLE: io exception
	at org.apache.ratis.thirdparty.io.grpc.stub.ClientCalls.toStatusRuntimeException(ClientCalls.java:233)
	at org.apache.ratis.thirdparty.io.grpc.stub.ClientCalls.getUnchecked(ClientCalls.java:214)
	at org.apache.ratis.thirdparty.io.grpc.stub.ClientCalls.blockingUnaryCall(ClientCalls.java:139)
	at org.apache.ratis.proto.grpc.RaftServerProtocolServiceGrpc$RaftServerProtocolServiceBlockingStub.requestVote(RaftServerProtocolServiceGrpc.java:265)
	at org.apache.ratis.grpc.server.GrpcServerProtocolClient.requestVote(GrpcServerProtocolClient.java:99)
	at org.apache.ratis.grpc.server.GrpcService.requestVote(GrpcService.java:204)
	at org.apache.ratis.server.impl.LeaderElection.lambda$submitRequests$1(LeaderElection.java:234)
	at java.util.concurrent.FutureTask.run(FutureTask.java:266)
	at java.util.concurrent.Executors$RunnableAdapter.call(Executors.java:511)
	at java.util.concurrent.FutureTask.run(FutureTask.java:266)
	at java.util.concurrent.ThreadPoolExecutor.runWorker(ThreadPoolExecutor.java:1149)
	at java.util.concurrent.ThreadPoolExecutor$Worker.run(ThreadPoolExecutor.java:624)
	... 1 more
Caused by: org.apache.ratis.thirdparty.io.netty.channel.AbstractChannel$AnnotatedConnectException: Connection refused: /192.168.164.217:39381
	at sun.nio.ch.SocketChannelImpl.checkConnect(Native Method)
	at sun.nio.ch.SocketChannelImpl.finishConnect(SocketChannelImpl.java:717)
	at org.apache.ratis.thirdparty.io.netty.channel.socket.nio.NioSocketChannel.doFinishConnect(NioSocketChannel.java:327)
	at org.apache.ratis.thirdparty.io.netty.channel.nio.AbstractNioChannel$AbstractNioUnsafe.finishConnect(AbstractNioChannel.java:340)
	at org.apache.ratis.thirdparty.io.netty.channel.nio.NioEventLoop.processSelectedKey(NioEventLoop.java:632)
	at org.apache.ratis.thirdparty.io.netty.channel.nio.NioEventLoop.processSelectedKeysOptimized(NioEventLoop.java:579)
	at org.apache.ratis.thirdparty.io.netty.channel.nio.NioEventLoop.processSelectedKeys(NioEventLoop.java:496)
	at org.apache.ratis.thirdparty.io.netty.channel.nio.NioEventLoop.run(NioEventLoop.java:458)
	at org.apache.ratis.thirdparty.io.netty.util.concurrent.SingleThreadEventExecutor$5.run(SingleThreadEventExecutor.java:897)
	at org.apache.ratis.thirdparty.io.netty.util.concurrent.FastThreadLocalRunnable.run(FastThreadLocalRunnable.java:30)
	... 1 more
Caused by: java.net.ConnectException: Connection refused
	... 11 more
2019-11-05 08:24:29,493 [4a682f4f-c3f2-4b77-88b7-f0ab78890feb@group-0DB8C7688BF9-LeaderElection537] INFO  impl.LeaderElection (LogUtils.java:infoOrTrace(149)) - 4a682f4f-c3f2-4b77-88b7-f0ab78890feb@group-0DB8C7688BF9-LeaderElection537 got exception when requesting votes: {}
java.util.concurrent.ExecutionException: org.apache.ratis.thirdparty.io.grpc.StatusRuntimeException: UNAVAILABLE: io exception
	at java.util.concurrent.FutureTask.report(FutureTask.java:122)
	at java.util.concurrent.FutureTask.get(FutureTask.java:192)
	at org.apache.ratis.server.impl.LeaderElection.waitForResults(LeaderElection.java:259)
	at org.apache.ratis.server.impl.LeaderElection.askForVotes(LeaderElection.java:197)
	at org.apache.ratis.server.impl.LeaderElection.run(LeaderElection.java:133)
	at java.lang.Thread.run(Thread.java:748)
Caused by: org.apache.ratis.thirdparty.io.grpc.StatusRuntimeException: UNAVAILABLE: io exception
	at org.apache.ratis.thirdparty.io.grpc.stub.ClientCalls.toStatusRuntimeException(ClientCalls.java:233)
	at org.apache.ratis.thirdparty.io.grpc.stub.ClientCalls.getUnchecked(ClientCalls.java:214)
	at org.apache.ratis.thirdparty.io.grpc.stub.ClientCalls.blockingUnaryCall(ClientCalls.java:139)
	at org.apache.ratis.proto.grpc.RaftServerProtocolServiceGrpc$RaftServerProtocolServiceBlockingStub.requestVote(RaftServerProtocolServiceGrpc.java:265)
	at org.apache.ratis.grpc.server.GrpcServerProtocolClient.requestVote(GrpcServerProtocolClient.java:99)
	at org.apache.ratis.grpc.server.GrpcService.requestVote(GrpcService.java:204)
	at org.apache.ratis.server.impl.LeaderElection.lambda$submitRequests$1(LeaderElection.java:234)
	at java.util.concurrent.FutureTask.run(FutureTask.java:266)
	at java.util.concurrent.Executors$RunnableAdapter.call(Executors.java:511)
	at java.util.concurrent.FutureTask.run(FutureTask.java:266)
	at java.util.concurrent.ThreadPoolExecutor.runWorker(ThreadPoolExecutor.java:1149)
	at java.util.concurrent.ThreadPoolExecutor$Worker.run(ThreadPoolExecutor.java:624)
	... 1 more
Caused by: org.apache.ratis.thirdparty.io.netty.channel.AbstractChannel$AnnotatedConnectException: Connection refused: /192.168.164.217:44149
	at sun.nio.ch.SocketChannelImpl.checkConnect(Native Method)
	at sun.nio.ch.SocketChannelImpl.finishConnect(SocketChannelImpl.java:717)
	at org.apache.ratis.thirdparty.io.netty.channel.socket.nio.NioSocketChannel.doFinishConnect(NioSocketChannel.java:327)
	at org.apache.ratis.thirdparty.io.netty.channel.nio.AbstractNioChannel$AbstractNioUnsafe.finishConnect(AbstractNioChannel.java:340)
	at org.apache.ratis.thirdparty.io.netty.channel.nio.NioEventLoop.processSelectedKey(NioEventLoop.java:632)
	at org.apache.ratis.thirdparty.io.netty.channel.nio.NioEventLoop.processSelectedKeysOptimized(NioEventLoop.java:579)
	at org.apache.ratis.thirdparty.io.netty.channel.nio.NioEventLoop.processSelectedKeys(NioEventLoop.java:496)
	at org.apache.ratis.thirdparty.io.netty.channel.nio.NioEventLoop.run(NioEventLoop.java:458)
	at org.apache.ratis.thirdparty.io.netty.util.concurrent.SingleThreadEventExecutor$5.run(SingleThreadEventExecutor.java:897)
	at org.apache.ratis.thirdparty.io.netty.util.concurrent.FastThreadLocalRunnable.run(FastThreadLocalRunnable.java:30)
	... 1 more
Caused by: java.net.ConnectException: Connection refused
	... 11 more
2019-11-05 08:24:29,494 [4a682f4f-c3f2-4b77-88b7-f0ab78890feb@group-0DB8C7688BF9-LeaderElection537] INFO  impl.LeaderElection (LeaderElection.java:logAndReturn(56)) - 4a682f4f-c3f2-4b77-88b7-f0ab78890feb@group-0DB8C7688BF9-LeaderElection537: Election REJECTED; received 0 response(s) [] and 2 exception(s); 4a682f4f-c3f2-4b77-88b7-f0ab78890feb@group-0DB8C7688BF9:t319, leader=null, voted=4a682f4f-c3f2-4b77-88b7-f0ab78890feb, raftlog=4a682f4f-c3f2-4b77-88b7-f0ab78890feb@group-0DB8C7688BF9-SegmentedRaftLog:OPENED:c-1,f-1,i0, conf=-1: [77ab65e6-d942-49df-83a3-1d4c0bf152b3:192.168.164.217:39381, 7e1b84a9-a041-44fd-8008-f2679426984c:192.168.164.217:44149, 4a682f4f-c3f2-4b77-88b7-f0ab78890feb:192.168.164.217:34174], old=null
2019-11-05 08:24:29,494 [4a682f4f-c3f2-4b77-88b7-f0ab78890feb@group-0DB8C7688BF9-LeaderElection537] INFO  impl.LeaderElection (LogUtils.java:infoOrTrace(149)) -   Exception 0: {}
java.util.concurrent.ExecutionException: org.apache.ratis.thirdparty.io.grpc.StatusRuntimeException: UNAVAILABLE: io exception
	at java.util.concurrent.FutureTask.report(FutureTask.java:122)
	at java.util.concurrent.FutureTask.get(FutureTask.java:192)
	at org.apache.ratis.server.impl.LeaderElection.waitForResults(LeaderElection.java:259)
	at org.apache.ratis.server.impl.LeaderElection.askForVotes(LeaderElection.java:197)
	at org.apache.ratis.server.impl.LeaderElection.run(LeaderElection.java:133)
	at java.lang.Thread.run(Thread.java:748)
Caused by: org.apache.ratis.thirdparty.io.grpc.StatusRuntimeException: UNAVAILABLE: io exception
	at org.apache.ratis.thirdparty.io.grpc.stub.ClientCalls.toStatusRuntimeException(ClientCalls.java:233)
	at org.apache.ratis.thirdparty.io.grpc.stub.ClientCalls.getUnchecked(ClientCalls.java:214)
	at org.apache.ratis.thirdparty.io.grpc.stub.ClientCalls.blockingUnaryCall(ClientCalls.java:139)
	at org.apache.ratis.proto.grpc.RaftServerProtocolServiceGrpc$RaftServerProtocolServiceBlockingStub.requestVote(RaftServerProtocolServiceGrpc.java:265)
	at org.apache.ratis.grpc.server.GrpcServerProtocolClient.requestVote(GrpcServerProtocolClient.java:99)
	at org.apache.ratis.grpc.server.GrpcService.requestVote(GrpcService.java:204)
	at org.apache.ratis.server.impl.LeaderElection.lambda$submitRequests$1(LeaderElection.java:234)
	at java.util.concurrent.FutureTask.run(FutureTask.java:266)
	at java.util.concurrent.Executors$RunnableAdapter.call(Executors.java:511)
	at java.util.concurrent.FutureTask.run(FutureTask.java:266)
	at java.util.concurrent.ThreadPoolExecutor.runWorker(ThreadPoolExecutor.java:1149)
	at java.util.concurrent.ThreadPoolExecutor$Worker.run(ThreadPoolExecutor.java:624)
	... 1 more
Caused by: org.apache.ratis.thirdparty.io.netty.channel.AbstractChannel$AnnotatedConnectException: Connection refused: /192.168.164.217:39381
	at sun.nio.ch.SocketChannelImpl.checkConnect(Native Method)
	at sun.nio.ch.SocketChannelImpl.finishConnect(SocketChannelImpl.java:717)
	at org.apache.ratis.thirdparty.io.netty.channel.socket.nio.NioSocketChannel.doFinishConnect(NioSocketChannel.java:327)
	at org.apache.ratis.thirdparty.io.netty.channel.nio.AbstractNioChannel$AbstractNioUnsafe.finishConnect(AbstractNioChannel.java:340)
	at org.apache.ratis.thirdparty.io.netty.channel.nio.NioEventLoop.processSelectedKey(NioEventLoop.java:632)
	at org.apache.ratis.thirdparty.io.netty.channel.nio.NioEventLoop.processSelectedKeysOptimized(NioEventLoop.java:579)
	at org.apache.ratis.thirdparty.io.netty.channel.nio.NioEventLoop.processSelectedKeys(NioEventLoop.java:496)
	at org.apache.ratis.thirdparty.io.netty.channel.nio.NioEventLoop.run(NioEventLoop.java:458)
	at org.apache.ratis.thirdparty.io.netty.util.concurrent.SingleThreadEventExecutor$5.run(SingleThreadEventExecutor.java:897)
	at org.apache.ratis.thirdparty.io.netty.util.concurrent.FastThreadLocalRunnable.run(FastThreadLocalRunnable.java:30)
	... 1 more
Caused by: java.net.ConnectException: Connection refused
	... 11 more
2019-11-05 08:24:29,494 [4a682f4f-c3f2-4b77-88b7-f0ab78890feb@group-0DB8C7688BF9-LeaderElection537] INFO  impl.LeaderElection (LogUtils.java:infoOrTrace(149)) -   Exception 1: {}
java.util.concurrent.ExecutionException: org.apache.ratis.thirdparty.io.grpc.StatusRuntimeException: UNAVAILABLE: io exception
	at java.util.concurrent.FutureTask.report(FutureTask.java:122)
	at java.util.concurrent.FutureTask.get(FutureTask.java:192)
	at org.apache.ratis.server.impl.LeaderElection.waitForResults(LeaderElection.java:259)
	at org.apache.ratis.server.impl.LeaderElection.askForVotes(LeaderElection.java:197)
	at org.apache.ratis.server.impl.LeaderElection.run(LeaderElection.java:133)
	at java.lang.Thread.run(Thread.java:748)
Caused by: org.apache.ratis.thirdparty.io.grpc.StatusRuntimeException: UNAVAILABLE: io exception
	at org.apache.ratis.thirdparty.io.grpc.stub.ClientCalls.toStatusRuntimeException(ClientCalls.java:233)
	at org.apache.ratis.thirdparty.io.grpc.stub.ClientCalls.getUnchecked(ClientCalls.java:214)
	at org.apache.ratis.thirdparty.io.grpc.stub.ClientCalls.blockingUnaryCall(ClientCalls.java:139)
	at org.apache.ratis.proto.grpc.RaftServerProtocolServiceGrpc$RaftServerProtocolServiceBlockingStub.requestVote(RaftServerProtocolServiceGrpc.java:265)
	at org.apache.ratis.grpc.server.GrpcServerProtocolClient.requestVote(GrpcServerProtocolClient.java:99)
	at org.apache.ratis.grpc.server.GrpcService.requestVote(GrpcService.java:204)
	at org.apache.ratis.server.impl.LeaderElection.lambda$submitRequests$1(LeaderElection.java:234)
	at java.util.concurrent.FutureTask.run(FutureTask.java:266)
	at java.util.concurrent.Executors$RunnableAdapter.call(Executors.java:511)
	at java.util.concurrent.FutureTask.run(FutureTask.java:266)
	at java.util.concurrent.ThreadPoolExecutor.runWorker(ThreadPoolExecutor.java:1149)
	at java.util.concurrent.ThreadPoolExecutor$Worker.run(ThreadPoolExecutor.java:624)
	... 1 more
Caused by: org.apache.ratis.thirdparty.io.netty.channel.AbstractChannel$AnnotatedConnectException: Connection refused: /192.168.164.217:44149
	at sun.nio.ch.SocketChannelImpl.checkConnect(Native Method)
	at sun.nio.ch.SocketChannelImpl.finishConnect(SocketChannelImpl.java:717)
	at org.apache.ratis.thirdparty.io.netty.channel.socket.nio.NioSocketChannel.doFinishConnect(NioSocketChannel.java:327)
	at org.apache.ratis.thirdparty.io.netty.channel.nio.AbstractNioChannel$AbstractNioUnsafe.finishConnect(AbstractNioChannel.java:340)
	at org.apache.ratis.thirdparty.io.netty.channel.nio.NioEventLoop.processSelectedKey(NioEventLoop.java:632)
	at org.apache.ratis.thirdparty.io.netty.channel.nio.NioEventLoop.processSelectedKeysOptimized(NioEventLoop.java:579)
	at org.apache.ratis.thirdparty.io.netty.channel.nio.NioEventLoop.processSelectedKeys(NioEventLoop.java:496)
	at org.apache.ratis.thirdparty.io.netty.channel.nio.NioEventLoop.run(NioEventLoop.java:458)
	at org.apache.ratis.thirdparty.io.netty.util.concurrent.SingleThreadEventExecutor$5.run(SingleThreadEventExecutor.java:897)
	at org.apache.ratis.thirdparty.io.netty.util.concurrent.FastThreadLocalRunnable.run(FastThreadLocalRunnable.java:30)
	... 1 more
Caused by: java.net.ConnectException: Connection refused
	... 11 more
2019-11-05 08:24:29,494 [4a682f4f-c3f2-4b77-88b7-f0ab78890feb@group-0DB8C7688BF9-LeaderElection537] INFO  impl.RaftServerImpl (RaftServerImpl.java:setRole(184)) - 4a682f4f-c3f2-4b77-88b7-f0ab78890feb@group-0DB8C7688BF9: changes role from CANDIDATE to FOLLOWER at term 319 for DISCOVERED_A_NEW_TERM
2019-11-05 08:24:29,495 [4a682f4f-c3f2-4b77-88b7-f0ab78890feb@group-0DB8C7688BF9-LeaderElection537] INFO  impl.RoleInfo (RoleInfo.java:shutdownLeaderElection(134)) - 4a682f4f-c3f2-4b77-88b7-f0ab78890feb: shutdown LeaderElection
2019-11-05 08:24:29,495 [4a682f4f-c3f2-4b77-88b7-f0ab78890feb@group-0DB8C7688BF9-LeaderElection537] INFO  impl.RoleInfo (RoleInfo.java:updateAndGet(143)) - 4a682f4f-c3f2-4b77-88b7-f0ab78890feb: start FollowerState
2019-11-05 08:24:29,552 [Thread-3927] INFO  impl.FollowerState (FollowerState.java:run(108)) - 4a682f4f-c3f2-4b77-88b7-f0ab78890feb@group-0DB8C7688BF9-FollowerState: change to CANDIDATE, lastRpcTime:57ms, electionTimeout:57ms
2019-11-05 08:24:29,552 [Thread-3927] INFO  impl.RoleInfo (RoleInfo.java:shutdownFollowerState(121)) - 4a682f4f-c3f2-4b77-88b7-f0ab78890feb: shutdown FollowerState
2019-11-05 08:24:29,552 [Thread-3927] INFO  impl.RaftServerImpl (RaftServerImpl.java:setRole(184)) - 4a682f4f-c3f2-4b77-88b7-f0ab78890feb@group-0DB8C7688BF9: changes role from  FOLLOWER to CANDIDATE at term 319 for changeToCandidate
2019-11-05 08:24:29,552 [Thread-3927] INFO  impl.RoleInfo (RoleInfo.java:updateAndGet(143)) - 4a682f4f-c3f2-4b77-88b7-f0ab78890feb: start LeaderElection
2019-11-05 08:24:29,574 [4a682f4f-c3f2-4b77-88b7-f0ab78890feb@group-0DB8C7688BF9-LeaderElection538] INFO  impl.LeaderElection (LeaderElection.java:askForVotes(178)) - 4a682f4f-c3f2-4b77-88b7-f0ab78890feb@group-0DB8C7688BF9-LeaderElection538: begin an election at term 320 for -1: [77ab65e6-d942-49df-83a3-1d4c0bf152b3:192.168.164.217:39381, 7e1b84a9-a041-44fd-8008-f2679426984c:192.168.164.217:44149, 4a682f4f-c3f2-4b77-88b7-f0ab78890feb:192.168.164.217:34174], old=null
2019-11-05 08:24:29,575 [4a682f4f-c3f2-4b77-88b7-f0ab78890feb@group-0DB8C7688BF9-LeaderElection538] INFO  impl.LeaderElection (LogUtils.java:infoOrTrace(149)) - 4a682f4f-c3f2-4b77-88b7-f0ab78890feb@group-0DB8C7688BF9-LeaderElection538 got exception when requesting votes: {}
java.util.concurrent.ExecutionException: org.apache.ratis.thirdparty.io.grpc.StatusRuntimeException: UNAVAILABLE: io exception
	at java.util.concurrent.FutureTask.report(FutureTask.java:122)
	at java.util.concurrent.FutureTask.get(FutureTask.java:192)
	at org.apache.ratis.server.impl.LeaderElection.waitForResults(LeaderElection.java:259)
	at org.apache.ratis.server.impl.LeaderElection.askForVotes(LeaderElection.java:197)
	at org.apache.ratis.server.impl.LeaderElection.run(LeaderElection.java:133)
	at java.lang.Thread.run(Thread.java:748)
Caused by: org.apache.ratis.thirdparty.io.grpc.StatusRuntimeException: UNAVAILABLE: io exception
	at org.apache.ratis.thirdparty.io.grpc.stub.ClientCalls.toStatusRuntimeException(ClientCalls.java:233)
	at org.apache.ratis.thirdparty.io.grpc.stub.ClientCalls.getUnchecked(ClientCalls.java:214)
	at org.apache.ratis.thirdparty.io.grpc.stub.ClientCalls.blockingUnaryCall(ClientCalls.java:139)
	at org.apache.ratis.proto.grpc.RaftServerProtocolServiceGrpc$RaftServerProtocolServiceBlockingStub.requestVote(RaftServerProtocolServiceGrpc.java:265)
	at org.apache.ratis.grpc.server.GrpcServerProtocolClient.requestVote(GrpcServerProtocolClient.java:99)
	at org.apache.ratis.grpc.server.GrpcService.requestVote(GrpcService.java:204)
	at org.apache.ratis.server.impl.LeaderElection.lambda$submitRequests$1(LeaderElection.java:234)
	at java.util.concurrent.FutureTask.run(FutureTask.java:266)
	at java.util.concurrent.Executors$RunnableAdapter.call(Executors.java:511)
	at java.util.concurrent.FutureTask.run(FutureTask.java:266)
	at java.util.concurrent.ThreadPoolExecutor.runWorker(ThreadPoolExecutor.java:1149)
	at java.util.concurrent.ThreadPoolExecutor$Worker.run(ThreadPoolExecutor.java:624)
	... 1 more
Caused by: org.apache.ratis.thirdparty.io.netty.channel.AbstractChannel$AnnotatedConnectException: Connection refused: /192.168.164.217:39381
	at sun.nio.ch.SocketChannelImpl.checkConnect(Native Method)
	at sun.nio.ch.SocketChannelImpl.finishConnect(SocketChannelImpl.java:717)
	at org.apache.ratis.thirdparty.io.netty.channel.socket.nio.NioSocketChannel.doFinishConnect(NioSocketChannel.java:327)
	at org.apache.ratis.thirdparty.io.netty.channel.nio.AbstractNioChannel$AbstractNioUnsafe.finishConnect(AbstractNioChannel.java:340)
	at org.apache.ratis.thirdparty.io.netty.channel.nio.NioEventLoop.processSelectedKey(NioEventLoop.java:632)
	at org.apache.ratis.thirdparty.io.netty.channel.nio.NioEventLoop.processSelectedKeysOptimized(NioEventLoop.java:579)
	at org.apache.ratis.thirdparty.io.netty.channel.nio.NioEventLoop.processSelectedKeys(NioEventLoop.java:496)
	at org.apache.ratis.thirdparty.io.netty.channel.nio.NioEventLoop.run(NioEventLoop.java:458)
	at org.apache.ratis.thirdparty.io.netty.util.concurrent.SingleThreadEventExecutor$5.run(SingleThreadEventExecutor.java:897)
	at org.apache.ratis.thirdparty.io.netty.util.concurrent.FastThreadLocalRunnable.run(FastThreadLocalRunnable.java:30)
	... 1 more
Caused by: java.net.ConnectException: Connection refused
	... 11 more
2019-11-05 08:24:29,575 [4a682f4f-c3f2-4b77-88b7-f0ab78890feb@group-0DB8C7688BF9-LeaderElection538] INFO  impl.LeaderElection (LogUtils.java:infoOrTrace(149)) - 4a682f4f-c3f2-4b77-88b7-f0ab78890feb@group-0DB8C7688BF9-LeaderElection538 got exception when requesting votes: {}
java.util.concurrent.ExecutionException: org.apache.ratis.thirdparty.io.grpc.StatusRuntimeException: UNAVAILABLE: io exception
	at java.util.concurrent.FutureTask.report(FutureTask.java:122)
	at java.util.concurrent.FutureTask.get(FutureTask.java:192)
	at org.apache.ratis.server.impl.LeaderElection.waitForResults(LeaderElection.java:259)
	at org.apache.ratis.server.impl.LeaderElection.askForVotes(LeaderElection.java:197)
	at org.apache.ratis.server.impl.LeaderElection.run(LeaderElection.java:133)
	at java.lang.Thread.run(Thread.java:748)
Caused by: org.apache.ratis.thirdparty.io.grpc.StatusRuntimeException: UNAVAILABLE: io exception
	at org.apache.ratis.thirdparty.io.grpc.stub.ClientCalls.toStatusRuntimeException(ClientCalls.java:233)
	at org.apache.ratis.thirdparty.io.grpc.stub.ClientCalls.getUnchecked(ClientCalls.java:214)
	at org.apache.ratis.thirdparty.io.grpc.stub.ClientCalls.blockingUnaryCall(ClientCalls.java:139)
	at org.apache.ratis.proto.grpc.RaftServerProtocolServiceGrpc$RaftServerProtocolServiceBlockingStub.requestVote(RaftServerProtocolServiceGrpc.java:265)
	at org.apache.ratis.grpc.server.GrpcServerProtocolClient.requestVote(GrpcServerProtocolClient.java:99)
	at org.apache.ratis.grpc.server.GrpcService.requestVote(GrpcService.java:204)
	at org.apache.ratis.server.impl.LeaderElection.lambda$submitRequests$1(LeaderElection.java:234)
	at java.util.concurrent.FutureTask.run(FutureTask.java:266)
	at java.util.concurrent.Executors$RunnableAdapter.call(Executors.java:511)
	at java.util.concurrent.FutureTask.run(FutureTask.java:266)
	at java.util.concurrent.ThreadPoolExecutor.runWorker(ThreadPoolExecutor.java:1149)
	at java.util.concurrent.ThreadPoolExecutor$Worker.run(ThreadPoolExecutor.java:624)
	... 1 more
Caused by: org.apache.ratis.thirdparty.io.netty.channel.AbstractChannel$AnnotatedConnectException: Connection refused: /192.168.164.217:44149
	at sun.nio.ch.SocketChannelImpl.checkConnect(Native Method)
	at sun.nio.ch.SocketChannelImpl.finishConnect(SocketChannelImpl.java:717)
	at org.apache.ratis.thirdparty.io.netty.channel.socket.nio.NioSocketChannel.doFinishConnect(NioSocketChannel.java:327)
	at org.apache.ratis.thirdparty.io.netty.channel.nio.AbstractNioChannel$AbstractNioUnsafe.finishConnect(AbstractNioChannel.java:340)
	at org.apache.ratis.thirdparty.io.netty.channel.nio.NioEventLoop.processSelectedKey(NioEventLoop.java:632)
	at org.apache.ratis.thirdparty.io.netty.channel.nio.NioEventLoop.processSelectedKeysOptimized(NioEventLoop.java:579)
	at org.apache.ratis.thirdparty.io.netty.channel.nio.NioEventLoop.processSelectedKeys(NioEventLoop.java:496)
	at org.apache.ratis.thirdparty.io.netty.channel.nio.NioEventLoop.run(NioEventLoop.java:458)
	at org.apache.ratis.thirdparty.io.netty.util.concurrent.SingleThreadEventExecutor$5.run(SingleThreadEventExecutor.java:897)
	at org.apache.ratis.thirdparty.io.netty.util.concurrent.FastThreadLocalRunnable.run(FastThreadLocalRunnable.java:30)
	... 1 more
Caused by: java.net.ConnectException: Connection refused
	... 11 more
2019-11-05 08:24:29,576 [4a682f4f-c3f2-4b77-88b7-f0ab78890feb@group-0DB8C7688BF9-LeaderElection538] INFO  impl.LeaderElection (LeaderElection.java:logAndReturn(56)) - 4a682f4f-c3f2-4b77-88b7-f0ab78890feb@group-0DB8C7688BF9-LeaderElection538: Election REJECTED; received 0 response(s) [] and 2 exception(s); 4a682f4f-c3f2-4b77-88b7-f0ab78890feb@group-0DB8C7688BF9:t320, leader=null, voted=4a682f4f-c3f2-4b77-88b7-f0ab78890feb, raftlog=4a682f4f-c3f2-4b77-88b7-f0ab78890feb@group-0DB8C7688BF9-SegmentedRaftLog:OPENED:c-1,f-1,i0, conf=-1: [77ab65e6-d942-49df-83a3-1d4c0bf152b3:192.168.164.217:39381, 7e1b84a9-a041-44fd-8008-f2679426984c:192.168.164.217:44149, 4a682f4f-c3f2-4b77-88b7-f0ab78890feb:192.168.164.217:34174], old=null
2019-11-05 08:24:29,576 [4a682f4f-c3f2-4b77-88b7-f0ab78890feb@group-0DB8C7688BF9-LeaderElection538] INFO  impl.LeaderElection (LogUtils.java:infoOrTrace(149)) -   Exception 0: {}
java.util.concurrent.ExecutionException: org.apache.ratis.thirdparty.io.grpc.StatusRuntimeException: UNAVAILABLE: io exception
	at java.util.concurrent.FutureTask.report(FutureTask.java:122)
	at java.util.concurrent.FutureTask.get(FutureTask.java:192)
	at org.apache.ratis.server.impl.LeaderElection.waitForResults(LeaderElection.java:259)
	at org.apache.ratis.server.impl.LeaderElection.askForVotes(LeaderElection.java:197)
	at org.apache.ratis.server.impl.LeaderElection.run(LeaderElection.java:133)
	at java.lang.Thread.run(Thread.java:748)
Caused by: org.apache.ratis.thirdparty.io.grpc.StatusRuntimeException: UNAVAILABLE: io exception
	at org.apache.ratis.thirdparty.io.grpc.stub.ClientCalls.toStatusRuntimeException(ClientCalls.java:233)
	at org.apache.ratis.thirdparty.io.grpc.stub.ClientCalls.getUnchecked(ClientCalls.java:214)
	at org.apache.ratis.thirdparty.io.grpc.stub.ClientCalls.blockingUnaryCall(ClientCalls.java:139)
	at org.apache.ratis.proto.grpc.RaftServerProtocolServiceGrpc$RaftServerProtocolServiceBlockingStub.requestVote(RaftServerProtocolServiceGrpc.java:265)
	at org.apache.ratis.grpc.server.GrpcServerProtocolClient.requestVote(GrpcServerProtocolClient.java:99)
	at org.apache.ratis.grpc.server.GrpcService.requestVote(GrpcService.java:204)
	at org.apache.ratis.server.impl.LeaderElection.lambda$submitRequests$1(LeaderElection.java:234)
	at java.util.concurrent.FutureTask.run(FutureTask.java:266)
	at java.util.concurrent.Executors$RunnableAdapter.call(Executors.java:511)
	at java.util.concurrent.FutureTask.run(FutureTask.java:266)
	at java.util.concurrent.ThreadPoolExecutor.runWorker(ThreadPoolExecutor.java:1149)
	at java.util.concurrent.ThreadPoolExecutor$Worker.run(ThreadPoolExecutor.java:624)
	... 1 more
Caused by: org.apache.ratis.thirdparty.io.netty.channel.AbstractChannel$AnnotatedConnectException: Connection refused: /192.168.164.217:39381
	at sun.nio.ch.SocketChannelImpl.checkConnect(Native Method)
	at sun.nio.ch.SocketChannelImpl.finishConnect(SocketChannelImpl.java:717)
	at org.apache.ratis.thirdparty.io.netty.channel.socket.nio.NioSocketChannel.doFinishConnect(NioSocketChannel.java:327)
	at org.apache.ratis.thirdparty.io.netty.channel.nio.AbstractNioChannel$AbstractNioUnsafe.finishConnect(AbstractNioChannel.java:340)
	at org.apache.ratis.thirdparty.io.netty.channel.nio.NioEventLoop.processSelectedKey(NioEventLoop.java:632)
	at org.apache.ratis.thirdparty.io.netty.channel.nio.NioEventLoop.processSelectedKeysOptimized(NioEventLoop.java:579)
	at org.apache.ratis.thirdparty.io.netty.channel.nio.NioEventLoop.processSelectedKeys(NioEventLoop.java:496)
	at org.apache.ratis.thirdparty.io.netty.channel.nio.NioEventLoop.run(NioEventLoop.java:458)
	at org.apache.ratis.thirdparty.io.netty.util.concurrent.SingleThreadEventExecutor$5.run(SingleThreadEventExecutor.java:897)
	at org.apache.ratis.thirdparty.io.netty.util.concurrent.FastThreadLocalRunnable.run(FastThreadLocalRunnable.java:30)
	... 1 more
Caused by: java.net.ConnectException: Connection refused
	... 11 more
2019-11-05 08:24:29,576 [4a682f4f-c3f2-4b77-88b7-f0ab78890feb@group-0DB8C7688BF9-LeaderElection538] INFO  impl.LeaderElection (LogUtils.java:infoOrTrace(149)) -   Exception 1: {}
java.util.concurrent.ExecutionException: org.apache.ratis.thirdparty.io.grpc.StatusRuntimeException: UNAVAILABLE: io exception
	at java.util.concurrent.FutureTask.report(FutureTask.java:122)
	at java.util.concurrent.FutureTask.get(FutureTask.java:192)
	at org.apache.ratis.server.impl.LeaderElection.waitForResults(LeaderElection.java:259)
	at org.apache.ratis.server.impl.LeaderElection.askForVotes(LeaderElection.java:197)
	at org.apache.ratis.server.impl.LeaderElection.run(LeaderElection.java:133)
	at java.lang.Thread.run(Thread.java:748)
Caused by: org.apache.ratis.thirdparty.io.grpc.StatusRuntimeException: UNAVAILABLE: io exception
	at org.apache.ratis.thirdparty.io.grpc.stub.ClientCalls.toStatusRuntimeException(ClientCalls.java:233)
	at org.apache.ratis.thirdparty.io.grpc.stub.ClientCalls.getUnchecked(ClientCalls.java:214)
	at org.apache.ratis.thirdparty.io.grpc.stub.ClientCalls.blockingUnaryCall(ClientCalls.java:139)
	at org.apache.ratis.proto.grpc.RaftServerProtocolServiceGrpc$RaftServerProtocolServiceBlockingStub.requestVote(RaftServerProtocolServiceGrpc.java:265)
	at org.apache.ratis.grpc.server.GrpcServerProtocolClient.requestVote(GrpcServerProtocolClient.java:99)
	at org.apache.ratis.grpc.server.GrpcService.requestVote(GrpcService.java:204)
	at org.apache.ratis.server.impl.LeaderElection.lambda$submitRequests$1(LeaderElection.java:234)
	at java.util.concurrent.FutureTask.run(FutureTask.java:266)
	at java.util.concurrent.Executors$RunnableAdapter.call(Executors.java:511)
	at java.util.concurrent.FutureTask.run(FutureTask.java:266)
	at java.util.concurrent.ThreadPoolExecutor.runWorker(ThreadPoolExecutor.java:1149)
	at java.util.concurrent.ThreadPoolExecutor$Worker.run(ThreadPoolExecutor.java:624)
	... 1 more
Caused by: org.apache.ratis.thirdparty.io.netty.channel.AbstractChannel$AnnotatedConnectException: Connection refused: /192.168.164.217:44149
	at sun.nio.ch.SocketChannelImpl.checkConnect(Native Method)
	at sun.nio.ch.SocketChannelImpl.finishConnect(SocketChannelImpl.java:717)
	at org.apache.ratis.thirdparty.io.netty.channel.socket.nio.NioSocketChannel.doFinishConnect(NioSocketChannel.java:327)
	at org.apache.ratis.thirdparty.io.netty.channel.nio.AbstractNioChannel$AbstractNioUnsafe.finishConnect(AbstractNioChannel.java:340)
	at org.apache.ratis.thirdparty.io.netty.channel.nio.NioEventLoop.processSelectedKey(NioEventLoop.java:632)
	at org.apache.ratis.thirdparty.io.netty.channel.nio.NioEventLoop.processSelectedKeysOptimized(NioEventLoop.java:579)
	at org.apache.ratis.thirdparty.io.netty.channel.nio.NioEventLoop.processSelectedKeys(NioEventLoop.java:496)
	at org.apache.ratis.thirdparty.io.netty.channel.nio.NioEventLoop.run(NioEventLoop.java:458)
	at org.apache.ratis.thirdparty.io.netty.util.concurrent.SingleThreadEventExecutor$5.run(SingleThreadEventExecutor.java:897)
	at org.apache.ratis.thirdparty.io.netty.util.concurrent.FastThreadLocalRunnable.run(FastThreadLocalRunnable.java:30)
	... 1 more
Caused by: java.net.ConnectException: Connection refused
	... 11 more
2019-11-05 08:24:29,576 [4a682f4f-c3f2-4b77-88b7-f0ab78890feb@group-0DB8C7688BF9-LeaderElection538] INFO  impl.RaftServerImpl (RaftServerImpl.java:setRole(184)) - 4a682f4f-c3f2-4b77-88b7-f0ab78890feb@group-0DB8C7688BF9: changes role from CANDIDATE to FOLLOWER at term 320 for DISCOVERED_A_NEW_TERM
2019-11-05 08:24:29,576 [4a682f4f-c3f2-4b77-88b7-f0ab78890feb@group-0DB8C7688BF9-LeaderElection538] INFO  impl.RoleInfo (RoleInfo.java:shutdownLeaderElection(134)) - 4a682f4f-c3f2-4b77-88b7-f0ab78890feb: shutdown LeaderElection
2019-11-05 08:24:29,577 [4a682f4f-c3f2-4b77-88b7-f0ab78890feb@group-0DB8C7688BF9-LeaderElection538] INFO  impl.RoleInfo (RoleInfo.java:updateAndGet(143)) - 4a682f4f-c3f2-4b77-88b7-f0ab78890feb: start FollowerState
2019-11-05 08:24:29,584 [Datanode State Machine Thread - 0] INFO  statemachine.DatanodeStateMachine (DatanodeStateMachine.java:lambda$startDaemon$0(350)) - Ozone container server started.
2019-11-05 08:24:29,755 [java.util.concurrent.ThreadPoolExecutor$Worker@4893213[State = -1, empty queue]] WARN  server.GrpcLogAppender (GrpcLogAppender.java:timeoutAppendRequest(209)) - 6189f8a4-91dd-451f-abcb-72b2dcd73465@group-9D53872EEF85->fe5257f1-588f-41af-bf70-1c04126c8968-GrpcLogAppender: appendEntries Timeout, request=6189f8a4-91dd-451f-abcb-72b2dcd73465->fe5257f1-588f-41af-bf70-1c04126c8968#95-t4, previous=(t:4, i:20), leaderCommit=20, initializing? false, entries: <empty>
2019-11-05 08:24:29,772 [Thread-3931] INFO  impl.FollowerState (FollowerState.java:run(108)) - 4a682f4f-c3f2-4b77-88b7-f0ab78890feb@group-0DB8C7688BF9-FollowerState: change to CANDIDATE, lastRpcTime:195ms, electionTimeout:195ms
2019-11-05 08:24:29,772 [Thread-3931] INFO  impl.RoleInfo (RoleInfo.java:shutdownFollowerState(121)) - 4a682f4f-c3f2-4b77-88b7-f0ab78890feb: shutdown FollowerState
2019-11-05 08:24:29,772 [Thread-3931] INFO  impl.RaftServerImpl (RaftServerImpl.java:setRole(184)) - 4a682f4f-c3f2-4b77-88b7-f0ab78890feb@group-0DB8C7688BF9: changes role from  FOLLOWER to CANDIDATE at term 320 for changeToCandidate
2019-11-05 08:24:29,772 [Thread-3931] INFO  impl.RoleInfo (RoleInfo.java:updateAndGet(143)) - 4a682f4f-c3f2-4b77-88b7-f0ab78890feb: start LeaderElection
2019-11-05 08:24:29,786 [4a682f4f-c3f2-4b77-88b7-f0ab78890feb@group-0DB8C7688BF9-LeaderElection539] INFO  impl.LeaderElection (LeaderElection.java:askForVotes(178)) - 4a682f4f-c3f2-4b77-88b7-f0ab78890feb@group-0DB8C7688BF9-LeaderElection539: begin an election at term 321 for -1: [77ab65e6-d942-49df-83a3-1d4c0bf152b3:192.168.164.217:39381, 7e1b84a9-a041-44fd-8008-f2679426984c:192.168.164.217:44149, 4a682f4f-c3f2-4b77-88b7-f0ab78890feb:192.168.164.217:34174], old=null
2019-11-05 08:24:29,787 [4a682f4f-c3f2-4b77-88b7-f0ab78890feb@group-0DB8C7688BF9-LeaderElection539] INFO  impl.LeaderElection (LogUtils.java:infoOrTrace(149)) - 4a682f4f-c3f2-4b77-88b7-f0ab78890feb@group-0DB8C7688BF9-LeaderElection539 got exception when requesting votes: {}
java.util.concurrent.ExecutionException: org.apache.ratis.thirdparty.io.grpc.StatusRuntimeException: UNAVAILABLE: io exception
	at java.util.concurrent.FutureTask.report(FutureTask.java:122)
	at java.util.concurrent.FutureTask.get(FutureTask.java:192)
	at org.apache.ratis.server.impl.LeaderElection.waitForResults(LeaderElection.java:259)
	at org.apache.ratis.server.impl.LeaderElection.askForVotes(LeaderElection.java:197)
	at org.apache.ratis.server.impl.LeaderElection.run(LeaderElection.java:133)
	at java.lang.Thread.run(Thread.java:748)
Caused by: org.apache.ratis.thirdparty.io.grpc.StatusRuntimeException: UNAVAILABLE: io exception
	at org.apache.ratis.thirdparty.io.grpc.stub.ClientCalls.toStatusRuntimeException(ClientCalls.java:233)
	at org.apache.ratis.thirdparty.io.grpc.stub.ClientCalls.getUnchecked(ClientCalls.java:214)
	at org.apache.ratis.thirdparty.io.grpc.stub.ClientCalls.blockingUnaryCall(ClientCalls.java:139)
	at org.apache.ratis.proto.grpc.RaftServerProtocolServiceGrpc$RaftServerProtocolServiceBlockingStub.requestVote(RaftServerProtocolServiceGrpc.java:265)
	at org.apache.ratis.grpc.server.GrpcServerProtocolClient.requestVote(GrpcServerProtocolClient.java:99)
	at org.apache.ratis.grpc.server.GrpcService.requestVote(GrpcService.java:204)
	at org.apache.ratis.server.impl.LeaderElection.lambda$submitRequests$1(LeaderElection.java:234)
	at java.util.concurrent.FutureTask.run(FutureTask.java:266)
	at java.util.concurrent.Executors$RunnableAdapter.call(Executors.java:511)
	at java.util.concurrent.FutureTask.run(FutureTask.java:266)
	at java.util.concurrent.ThreadPoolExecutor.runWorker(ThreadPoolExecutor.java:1149)
	at java.util.concurrent.ThreadPoolExecutor$Worker.run(ThreadPoolExecutor.java:624)
	... 1 more
Caused by: org.apache.ratis.thirdparty.io.netty.channel.AbstractChannel$AnnotatedConnectException: Connection refused: /192.168.164.217:44149
	at sun.nio.ch.SocketChannelImpl.checkConnect(Native Method)
	at sun.nio.ch.SocketChannelImpl.finishConnect(SocketChannelImpl.java:717)
	at org.apache.ratis.thirdparty.io.netty.channel.socket.nio.NioSocketChannel.doFinishConnect(NioSocketChannel.java:327)
	at org.apache.ratis.thirdparty.io.netty.channel.nio.AbstractNioChannel$AbstractNioUnsafe.finishConnect(AbstractNioChannel.java:340)
	at org.apache.ratis.thirdparty.io.netty.channel.nio.NioEventLoop.processSelectedKey(NioEventLoop.java:632)
	at org.apache.ratis.thirdparty.io.netty.channel.nio.NioEventLoop.processSelectedKeysOptimized(NioEventLoop.java:579)
	at org.apache.ratis.thirdparty.io.netty.channel.nio.NioEventLoop.processSelectedKeys(NioEventLoop.java:496)
	at org.apache.ratis.thirdparty.io.netty.channel.nio.NioEventLoop.run(NioEventLoop.java:458)
	at org.apache.ratis.thirdparty.io.netty.util.concurrent.SingleThreadEventExecutor$5.run(SingleThreadEventExecutor.java:897)
	at org.apache.ratis.thirdparty.io.netty.util.concurrent.FastThreadLocalRunnable.run(FastThreadLocalRunnable.java:30)
	... 1 more
Caused by: java.net.ConnectException: Connection refused
	... 11 more
2019-11-05 08:24:29,787 [4a682f4f-c3f2-4b77-88b7-f0ab78890feb@group-0DB8C7688BF9-LeaderElection539] INFO  impl.LeaderElection (LogUtils.java:infoOrTrace(149)) - 4a682f4f-c3f2-4b77-88b7-f0ab78890feb@group-0DB8C7688BF9-LeaderElection539 got exception when requesting votes: {}
java.util.concurrent.ExecutionException: org.apache.ratis.thirdparty.io.grpc.StatusRuntimeException: UNAVAILABLE: io exception
	at java.util.concurrent.FutureTask.report(FutureTask.java:122)
	at java.util.concurrent.FutureTask.get(FutureTask.java:192)
	at org.apache.ratis.server.impl.LeaderElection.waitForResults(LeaderElection.java:259)
	at org.apache.ratis.server.impl.LeaderElection.askForVotes(LeaderElection.java:197)
	at org.apache.ratis.server.impl.LeaderElection.run(LeaderElection.java:133)
	at java.lang.Thread.run(Thread.java:748)
Caused by: org.apache.ratis.thirdparty.io.grpc.StatusRuntimeException: UNAVAILABLE: io exception
	at org.apache.ratis.thirdparty.io.grpc.stub.ClientCalls.toStatusRuntimeException(ClientCalls.java:233)
	at org.apache.ratis.thirdparty.io.grpc.stub.ClientCalls.getUnchecked(ClientCalls.java:214)
	at org.apache.ratis.thirdparty.io.grpc.stub.ClientCalls.blockingUnaryCall(ClientCalls.java:139)
	at org.apache.ratis.proto.grpc.RaftServerProtocolServiceGrpc$RaftServerProtocolServiceBlockingStub.requestVote(RaftServerProtocolServiceGrpc.java:265)
	at org.apache.ratis.grpc.server.GrpcServerProtocolClient.requestVote(GrpcServerProtocolClient.java:99)
	at org.apache.ratis.grpc.server.GrpcService.requestVote(GrpcService.java:204)
	at org.apache.ratis.server.impl.LeaderElection.lambda$submitRequests$1(LeaderElection.java:234)
	at java.util.concurrent.FutureTask.run(FutureTask.java:266)
	at java.util.concurrent.Executors$RunnableAdapter.call(Executors.java:511)
	at java.util.concurrent.FutureTask.run(FutureTask.java:266)
	at java.util.concurrent.ThreadPoolExecutor.runWorker(ThreadPoolExecutor.java:1149)
	at java.util.concurrent.ThreadPoolExecutor$Worker.run(ThreadPoolExecutor.java:624)
	... 1 more
Caused by: org.apache.ratis.thirdparty.io.netty.channel.AbstractChannel$AnnotatedConnectException: Connection refused: /192.168.164.217:39381
	at sun.nio.ch.SocketChannelImpl.checkConnect(Native Method)
	at sun.nio.ch.SocketChannelImpl.finishConnect(SocketChannelImpl.java:717)
	at org.apache.ratis.thirdparty.io.netty.channel.socket.nio.NioSocketChannel.doFinishConnect(NioSocketChannel.java:327)
	at org.apache.ratis.thirdparty.io.netty.channel.nio.AbstractNioChannel$AbstractNioUnsafe.finishConnect(AbstractNioChannel.java:340)
	at org.apache.ratis.thirdparty.io.netty.channel.nio.NioEventLoop.processSelectedKey(NioEventLoop.java:632)
	at org.apache.ratis.thirdparty.io.netty.channel.nio.NioEventLoop.processSelectedKeysOptimized(NioEventLoop.java:579)
	at org.apache.ratis.thirdparty.io.netty.channel.nio.NioEventLoop.processSelectedKeys(NioEventLoop.java:496)
	at org.apache.ratis.thirdparty.io.netty.channel.nio.NioEventLoop.run(NioEventLoop.java:458)
	at org.apache.ratis.thirdparty.io.netty.util.concurrent.SingleThreadEventExecutor$5.run(SingleThreadEventExecutor.java:897)
	at org.apache.ratis.thirdparty.io.netty.util.concurrent.FastThreadLocalRunnable.run(FastThreadLocalRunnable.java:30)
	... 1 more
Caused by: java.net.ConnectException: Connection refused
	... 11 more
2019-11-05 08:24:29,788 [4a682f4f-c3f2-4b77-88b7-f0ab78890feb@group-0DB8C7688BF9-LeaderElection539] INFO  impl.LeaderElection (LeaderElection.java:logAndReturn(56)) - 4a682f4f-c3f2-4b77-88b7-f0ab78890feb@group-0DB8C7688BF9-LeaderElection539: Election REJECTED; received 0 response(s) [] and 2 exception(s); 4a682f4f-c3f2-4b77-88b7-f0ab78890feb@group-0DB8C7688BF9:t321, leader=null, voted=4a682f4f-c3f2-4b77-88b7-f0ab78890feb, raftlog=4a682f4f-c3f2-4b77-88b7-f0ab78890feb@group-0DB8C7688BF9-SegmentedRaftLog:OPENED:c-1,f-1,i0, conf=-1: [77ab65e6-d942-49df-83a3-1d4c0bf152b3:192.168.164.217:39381, 7e1b84a9-a041-44fd-8008-f2679426984c:192.168.164.217:44149, 4a682f4f-c3f2-4b77-88b7-f0ab78890feb:192.168.164.217:34174], old=null
2019-11-05 08:24:29,788 [4a682f4f-c3f2-4b77-88b7-f0ab78890feb@group-0DB8C7688BF9-LeaderElection539] INFO  impl.LeaderElection (LogUtils.java:infoOrTrace(149)) -   Exception 0: {}
java.util.concurrent.ExecutionException: org.apache.ratis.thirdparty.io.grpc.StatusRuntimeException: UNAVAILABLE: io exception
	at java.util.concurrent.FutureTask.report(FutureTask.java:122)
	at java.util.concurrent.FutureTask.get(FutureTask.java:192)
	at org.apache.ratis.server.impl.LeaderElection.waitForResults(LeaderElection.java:259)
	at org.apache.ratis.server.impl.LeaderElection.askForVotes(LeaderElection.java:197)
	at org.apache.ratis.server.impl.LeaderElection.run(LeaderElection.java:133)
	at java.lang.Thread.run(Thread.java:748)
Caused by: org.apache.ratis.thirdparty.io.grpc.StatusRuntimeException: UNAVAILABLE: io exception
	at org.apache.ratis.thirdparty.io.grpc.stub.ClientCalls.toStatusRuntimeException(ClientCalls.java:233)
	at org.apache.ratis.thirdparty.io.grpc.stub.ClientCalls.getUnchecked(ClientCalls.java:214)
	at org.apache.ratis.thirdparty.io.grpc.stub.ClientCalls.blockingUnaryCall(ClientCalls.java:139)
	at org.apache.ratis.proto.grpc.RaftServerProtocolServiceGrpc$RaftServerProtocolServiceBlockingStub.requestVote(RaftServerProtocolServiceGrpc.java:265)
	at org.apache.ratis.grpc.server.GrpcServerProtocolClient.requestVote(GrpcServerProtocolClient.java:99)
	at org.apache.ratis.grpc.server.GrpcService.requestVote(GrpcService.java:204)
	at org.apache.ratis.server.impl.LeaderElection.lambda$submitRequests$1(LeaderElection.java:234)
	at java.util.concurrent.FutureTask.run(FutureTask.java:266)
	at java.util.concurrent.Executors$RunnableAdapter.call(Executors.java:511)
	at java.util.concurrent.FutureTask.run(FutureTask.java:266)
	at java.util.concurrent.ThreadPoolExecutor.runWorker(ThreadPoolExecutor.java:1149)
	at java.util.concurrent.ThreadPoolExecutor$Worker.run(ThreadPoolExecutor.java:624)
	... 1 more
Caused by: org.apache.ratis.thirdparty.io.netty.channel.AbstractChannel$AnnotatedConnectException: Connection refused: /192.168.164.217:44149
	at sun.nio.ch.SocketChannelImpl.checkConnect(Native Method)
	at sun.nio.ch.SocketChannelImpl.finishConnect(SocketChannelImpl.java:717)
	at org.apache.ratis.thirdparty.io.netty.channel.socket.nio.NioSocketChannel.doFinishConnect(NioSocketChannel.java:327)
	at org.apache.ratis.thirdparty.io.netty.channel.nio.AbstractNioChannel$AbstractNioUnsafe.finishConnect(AbstractNioChannel.java:340)
	at org.apache.ratis.thirdparty.io.netty.channel.nio.NioEventLoop.processSelectedKey(NioEventLoop.java:632)
	at org.apache.ratis.thirdparty.io.netty.channel.nio.NioEventLoop.processSelectedKeysOptimized(NioEventLoop.java:579)
	at org.apache.ratis.thirdparty.io.netty.channel.nio.NioEventLoop.processSelectedKeys(NioEventLoop.java:496)
	at org.apache.ratis.thirdparty.io.netty.channel.nio.NioEventLoop.run(NioEventLoop.java:458)
	at org.apache.ratis.thirdparty.io.netty.util.concurrent.SingleThreadEventExecutor$5.run(SingleThreadEventExecutor.java:897)
	at org.apache.ratis.thirdparty.io.netty.util.concurrent.FastThreadLocalRunnable.run(FastThreadLocalRunnable.java:30)
	... 1 more
Caused by: java.net.ConnectException: Connection refused
	... 11 more
2019-11-05 08:24:29,788 [4a682f4f-c3f2-4b77-88b7-f0ab78890feb@group-0DB8C7688BF9-LeaderElection539] INFO  impl.LeaderElection (LogUtils.java:infoOrTrace(149)) -   Exception 1: {}
java.util.concurrent.ExecutionException: org.apache.ratis.thirdparty.io.grpc.StatusRuntimeException: UNAVAILABLE: io exception
	at java.util.concurrent.FutureTask.report(FutureTask.java:122)
	at java.util.concurrent.FutureTask.get(FutureTask.java:192)
	at org.apache.ratis.server.impl.LeaderElection.waitForResults(LeaderElection.java:259)
	at org.apache.ratis.server.impl.LeaderElection.askForVotes(LeaderElection.java:197)
	at org.apache.ratis.server.impl.LeaderElection.run(LeaderElection.java:133)
	at java.lang.Thread.run(Thread.java:748)
Caused by: org.apache.ratis.thirdparty.io.grpc.StatusRuntimeException: UNAVAILABLE: io exception
	at org.apache.ratis.thirdparty.io.grpc.stub.ClientCalls.toStatusRuntimeException(ClientCalls.java:233)
	at org.apache.ratis.thirdparty.io.grpc.stub.ClientCalls.getUnchecked(ClientCalls.java:214)
	at org.apache.ratis.thirdparty.io.grpc.stub.ClientCalls.blockingUnaryCall(ClientCalls.java:139)
	at org.apache.ratis.proto.grpc.RaftServerProtocolServiceGrpc$RaftServerProtocolServiceBlockingStub.requestVote(RaftServerProtocolServiceGrpc.java:265)
	at org.apache.ratis.grpc.server.GrpcServerProtocolClient.requestVote(GrpcServerProtocolClient.java:99)
	at org.apache.ratis.grpc.server.GrpcService.requestVote(GrpcService.java:204)
	at org.apache.ratis.server.impl.LeaderElection.lambda$submitRequests$1(LeaderElection.java:234)
	at java.util.concurrent.FutureTask.run(FutureTask.java:266)
	at java.util.concurrent.Executors$RunnableAdapter.call(Executors.java:511)
	at java.util.concurrent.FutureTask.run(FutureTask.java:266)
	at java.util.concurrent.ThreadPoolExecutor.runWorker(ThreadPoolExecutor.java:1149)
	at java.util.concurrent.ThreadPoolExecutor$Worker.run(ThreadPoolExecutor.java:624)
	... 1 more
Caused by: org.apache.ratis.thirdparty.io.netty.channel.AbstractChannel$AnnotatedConnectException: Connection refused: /192.168.164.217:39381
	at sun.nio.ch.SocketChannelImpl.checkConnect(Native Method)
	at sun.nio.ch.SocketChannelImpl.finishConnect(SocketChannelImpl.java:717)
	at org.apache.ratis.thirdparty.io.netty.channel.socket.nio.NioSocketChannel.doFinishConnect(NioSocketChannel.java:327)
	at org.apache.ratis.thirdparty.io.netty.channel.nio.AbstractNioChannel$AbstractNioUnsafe.finishConnect(AbstractNioChannel.java:340)
	at org.apache.ratis.thirdparty.io.netty.channel.nio.NioEventLoop.processSelectedKey(NioEventLoop.java:632)
	at org.apache.ratis.thirdparty.io.netty.channel.nio.NioEventLoop.processSelectedKeysOptimized(NioEventLoop.java:579)
	at org.apache.ratis.thirdparty.io.netty.channel.nio.NioEventLoop.processSelectedKeys(NioEventLoop.java:496)
	at org.apache.ratis.thirdparty.io.netty.channel.nio.NioEventLoop.run(NioEventLoop.java:458)
	at org.apache.ratis.thirdparty.io.netty.util.concurrent.SingleThreadEventExecutor$5.run(SingleThreadEventExecutor.java:897)
	at org.apache.ratis.thirdparty.io.netty.util.concurrent.FastThreadLocalRunnable.run(FastThreadLocalRunnable.java:30)
	... 1 more
Caused by: java.net.ConnectException: Connection refused
	... 11 more
2019-11-05 08:24:29,788 [4a682f4f-c3f2-4b77-88b7-f0ab78890feb@group-0DB8C7688BF9-LeaderElection539] INFO  impl.RaftServerImpl (RaftServerImpl.java:setRole(184)) - 4a682f4f-c3f2-4b77-88b7-f0ab78890feb@group-0DB8C7688BF9: changes role from CANDIDATE to FOLLOWER at term 321 for DISCOVERED_A_NEW_TERM
2019-11-05 08:24:29,788 [4a682f4f-c3f2-4b77-88b7-f0ab78890feb@group-0DB8C7688BF9-LeaderElection539] INFO  impl.RoleInfo (RoleInfo.java:shutdownLeaderElection(134)) - 4a682f4f-c3f2-4b77-88b7-f0ab78890feb: shutdown LeaderElection
2019-11-05 08:24:29,789 [4a682f4f-c3f2-4b77-88b7-f0ab78890feb@group-0DB8C7688BF9-LeaderElection539] INFO  impl.RoleInfo (RoleInfo.java:updateAndGet(143)) - 4a682f4f-c3f2-4b77-88b7-f0ab78890feb: start FollowerState
2019-11-05 08:24:29,793 [java.util.concurrent.ThreadPoolExecutor$Worker@7a1c0679[State = -1, empty queue]] WARN  server.GrpcLogAppender (GrpcLogAppender.java:timeoutAppendRequest(209)) - 6189f8a4-91dd-451f-abcb-72b2dcd73465@group-9D53872EEF85->c3e88256-f771-43b4-b3fb-c682fc5ee06f-GrpcLogAppender: appendEntries Timeout, request=6189f8a4-91dd-451f-abcb-72b2dcd73465->c3e88256-f771-43b4-b3fb-c682fc5ee06f#95-t4, previous=(t:4, i:20), leaderCommit=20, initializing? false, entries: <empty>
2019-11-05 08:24:29,890 [Thread-3935] INFO  impl.FollowerState (FollowerState.java:run(108)) - 4a682f4f-c3f2-4b77-88b7-f0ab78890feb@group-0DB8C7688BF9-FollowerState: change to CANDIDATE, lastRpcTime:101ms, electionTimeout:101ms
2019-11-05 08:24:29,890 [Thread-3935] INFO  impl.RoleInfo (RoleInfo.java:shutdownFollowerState(121)) - 4a682f4f-c3f2-4b77-88b7-f0ab78890feb: shutdown FollowerState
2019-11-05 08:24:29,890 [Thread-3935] INFO  impl.RaftServerImpl (RaftServerImpl.java:setRole(184)) - 4a682f4f-c3f2-4b77-88b7-f0ab78890feb@group-0DB8C7688BF9: changes role from  FOLLOWER to CANDIDATE at term 321 for changeToCandidate
2019-11-05 08:24:29,890 [Thread-3935] INFO  impl.RoleInfo (RoleInfo.java:updateAndGet(143)) - 4a682f4f-c3f2-4b77-88b7-f0ab78890feb: start LeaderElection
2019-11-05 08:24:29,904 [4a682f4f-c3f2-4b77-88b7-f0ab78890feb@group-0DB8C7688BF9-LeaderElection540] INFO  impl.LeaderElection (LeaderElection.java:askForVotes(178)) - 4a682f4f-c3f2-4b77-88b7-f0ab78890feb@group-0DB8C7688BF9-LeaderElection540: begin an election at term 322 for -1: [77ab65e6-d942-49df-83a3-1d4c0bf152b3:192.168.164.217:39381, 7e1b84a9-a041-44fd-8008-f2679426984c:192.168.164.217:44149, 4a682f4f-c3f2-4b77-88b7-f0ab78890feb:192.168.164.217:34174], old=null
2019-11-05 08:24:29,905 [4a682f4f-c3f2-4b77-88b7-f0ab78890feb@group-0DB8C7688BF9-LeaderElection540] INFO  impl.LeaderElection (LogUtils.java:infoOrTrace(149)) - 4a682f4f-c3f2-4b77-88b7-f0ab78890feb@group-0DB8C7688BF9-LeaderElection540 got exception when requesting votes: {}
java.util.concurrent.ExecutionException: org.apache.ratis.thirdparty.io.grpc.StatusRuntimeException: UNAVAILABLE: io exception
	at java.util.concurrent.FutureTask.report(FutureTask.java:122)
	at java.util.concurrent.FutureTask.get(FutureTask.java:192)
	at org.apache.ratis.server.impl.LeaderElection.waitForResults(LeaderElection.java:259)
	at org.apache.ratis.server.impl.LeaderElection.askForVotes(LeaderElection.java:197)
	at org.apache.ratis.server.impl.LeaderElection.run(LeaderElection.java:133)
	at java.lang.Thread.run(Thread.java:748)
Caused by: org.apache.ratis.thirdparty.io.grpc.StatusRuntimeException: UNAVAILABLE: io exception
	at org.apache.ratis.thirdparty.io.grpc.stub.ClientCalls.toStatusRuntimeException(ClientCalls.java:233)
	at org.apache.ratis.thirdparty.io.grpc.stub.ClientCalls.getUnchecked(ClientCalls.java:214)
	at org.apache.ratis.thirdparty.io.grpc.stub.ClientCalls.blockingUnaryCall(ClientCalls.java:139)
	at org.apache.ratis.proto.grpc.RaftServerProtocolServiceGrpc$RaftServerProtocolServiceBlockingStub.requestVote(RaftServerProtocolServiceGrpc.java:265)
	at org.apache.ratis.grpc.server.GrpcServerProtocolClient.requestVote(GrpcServerProtocolClient.java:99)
	at org.apache.ratis.grpc.server.GrpcService.requestVote(GrpcService.java:204)
	at org.apache.ratis.server.impl.LeaderElection.lambda$submitRequests$1(LeaderElection.java:234)
	at java.util.concurrent.FutureTask.run(FutureTask.java:266)
	at java.util.concurrent.Executors$RunnableAdapter.call(Executors.java:511)
	at java.util.concurrent.FutureTask.run(FutureTask.java:266)
	at java.util.concurrent.ThreadPoolExecutor.runWorker(ThreadPoolExecutor.java:1149)
	at java.util.concurrent.ThreadPoolExecutor$Worker.run(ThreadPoolExecutor.java:624)
	... 1 more
Caused by: org.apache.ratis.thirdparty.io.netty.channel.AbstractChannel$AnnotatedConnectException: Connection refused: /192.168.164.217:39381
	at sun.nio.ch.SocketChannelImpl.checkConnect(Native Method)
	at sun.nio.ch.SocketChannelImpl.finishConnect(SocketChannelImpl.java:717)
	at org.apache.ratis.thirdparty.io.netty.channel.socket.nio.NioSocketChannel.doFinishConnect(NioSocketChannel.java:327)
	at org.apache.ratis.thirdparty.io.netty.channel.nio.AbstractNioChannel$AbstractNioUnsafe.finishConnect(AbstractNioChannel.java:340)
	at org.apache.ratis.thirdparty.io.netty.channel.nio.NioEventLoop.processSelectedKey(NioEventLoop.java:632)
	at org.apache.ratis.thirdparty.io.netty.channel.nio.NioEventLoop.processSelectedKeysOptimized(NioEventLoop.java:579)
	at org.apache.ratis.thirdparty.io.netty.channel.nio.NioEventLoop.processSelectedKeys(NioEventLoop.java:496)
	at org.apache.ratis.thirdparty.io.netty.channel.nio.NioEventLoop.run(NioEventLoop.java:458)
	at org.apache.ratis.thirdparty.io.netty.util.concurrent.SingleThreadEventExecutor$5.run(SingleThreadEventExecutor.java:897)
	at org.apache.ratis.thirdparty.io.netty.util.concurrent.FastThreadLocalRunnable.run(FastThreadLocalRunnable.java:30)
	... 1 more
Caused by: java.net.ConnectException: Connection refused
	... 11 more
2019-11-05 08:24:29,906 [4a682f4f-c3f2-4b77-88b7-f0ab78890feb@group-0DB8C7688BF9-LeaderElection540] INFO  impl.LeaderElection (LogUtils.java:infoOrTrace(149)) - 4a682f4f-c3f2-4b77-88b7-f0ab78890feb@group-0DB8C7688BF9-LeaderElection540 got exception when requesting votes: {}
java.util.concurrent.ExecutionException: org.apache.ratis.thirdparty.io.grpc.StatusRuntimeException: UNAVAILABLE: io exception
	at java.util.concurrent.FutureTask.report(FutureTask.java:122)
	at java.util.concurrent.FutureTask.get(FutureTask.java:192)
	at org.apache.ratis.server.impl.LeaderElection.waitForResults(LeaderElection.java:259)
	at org.apache.ratis.server.impl.LeaderElection.askForVotes(LeaderElection.java:197)
	at org.apache.ratis.server.impl.LeaderElection.run(LeaderElection.java:133)
	at java.lang.Thread.run(Thread.java:748)
Caused by: org.apache.ratis.thirdparty.io.grpc.StatusRuntimeException: UNAVAILABLE: io exception
	at org.apache.ratis.thirdparty.io.grpc.stub.ClientCalls.toStatusRuntimeException(ClientCalls.java:233)
	at org.apache.ratis.thirdparty.io.grpc.stub.ClientCalls.getUnchecked(ClientCalls.java:214)
	at org.apache.ratis.thirdparty.io.grpc.stub.ClientCalls.blockingUnaryCall(ClientCalls.java:139)
	at org.apache.ratis.proto.grpc.RaftServerProtocolServiceGrpc$RaftServerProtocolServiceBlockingStub.requestVote(RaftServerProtocolServiceGrpc.java:265)
	at org.apache.ratis.grpc.server.GrpcServerProtocolClient.requestVote(GrpcServerProtocolClient.java:99)
	at org.apache.ratis.grpc.server.GrpcService.requestVote(GrpcService.java:204)
	at org.apache.ratis.server.impl.LeaderElection.lambda$submitRequests$1(LeaderElection.java:234)
	at java.util.concurrent.FutureTask.run(FutureTask.java:266)
	at java.util.concurrent.Executors$RunnableAdapter.call(Executors.java:511)
	at java.util.concurrent.FutureTask.run(FutureTask.java:266)
	at java.util.concurrent.ThreadPoolExecutor.runWorker(ThreadPoolExecutor.java:1149)
	at java.util.concurrent.ThreadPoolExecutor$Worker.run(ThreadPoolExecutor.java:624)
	... 1 more
Caused by: org.apache.ratis.thirdparty.io.netty.channel.AbstractChannel$AnnotatedConnectException: Connection refused: /192.168.164.217:44149
	at sun.nio.ch.SocketChannelImpl.checkConnect(Native Method)
	at sun.nio.ch.SocketChannelImpl.finishConnect(SocketChannelImpl.java:717)
	at org.apache.ratis.thirdparty.io.netty.channel.socket.nio.NioSocketChannel.doFinishConnect(NioSocketChannel.java:327)
	at org.apache.ratis.thirdparty.io.netty.channel.nio.AbstractNioChannel$AbstractNioUnsafe.finishConnect(AbstractNioChannel.java:340)
	at org.apache.ratis.thirdparty.io.netty.channel.nio.NioEventLoop.processSelectedKey(NioEventLoop.java:632)
	at org.apache.ratis.thirdparty.io.netty.channel.nio.NioEventLoop.processSelectedKeysOptimized(NioEventLoop.java:579)
	at org.apache.ratis.thirdparty.io.netty.channel.nio.NioEventLoop.processSelectedKeys(NioEventLoop.java:496)
	at org.apache.ratis.thirdparty.io.netty.channel.nio.NioEventLoop.run(NioEventLoop.java:458)
	at org.apache.ratis.thirdparty.io.netty.util.concurrent.SingleThreadEventExecutor$5.run(SingleThreadEventExecutor.java:897)
	at org.apache.ratis.thirdparty.io.netty.util.concurrent.FastThreadLocalRunnable.run(FastThreadLocalRunnable.java:30)
	... 1 more
Caused by: java.net.ConnectException: Connection refused
	... 11 more
2019-11-05 08:24:29,906 [4a682f4f-c3f2-4b77-88b7-f0ab78890feb@group-0DB8C7688BF9-LeaderElection540] INFO  impl.LeaderElection (LeaderElection.java:logAndReturn(56)) - 4a682f4f-c3f2-4b77-88b7-f0ab78890feb@group-0DB8C7688BF9-LeaderElection540: Election REJECTED; received 0 response(s) [] and 2 exception(s); 4a682f4f-c3f2-4b77-88b7-f0ab78890feb@group-0DB8C7688BF9:t322, leader=null, voted=4a682f4f-c3f2-4b77-88b7-f0ab78890feb, raftlog=4a682f4f-c3f2-4b77-88b7-f0ab78890feb@group-0DB8C7688BF9-SegmentedRaftLog:OPENED:c-1,f-1,i0, conf=-1: [77ab65e6-d942-49df-83a3-1d4c0bf152b3:192.168.164.217:39381, 7e1b84a9-a041-44fd-8008-f2679426984c:192.168.164.217:44149, 4a682f4f-c3f2-4b77-88b7-f0ab78890feb:192.168.164.217:34174], old=null
2019-11-05 08:24:29,907 [4a682f4f-c3f2-4b77-88b7-f0ab78890feb@group-0DB8C7688BF9-LeaderElection540] INFO  impl.LeaderElection (LogUtils.java:infoOrTrace(149)) -   Exception 0: {}
java.util.concurrent.ExecutionException: org.apache.ratis.thirdparty.io.grpc.StatusRuntimeException: UNAVAILABLE: io exception
	at java.util.concurrent.FutureTask.report(FutureTask.java:122)
	at java.util.concurrent.FutureTask.get(FutureTask.java:192)
	at org.apache.ratis.server.impl.LeaderElection.waitForResults(LeaderElection.java:259)
	at org.apache.ratis.server.impl.LeaderElection.askForVotes(LeaderElection.java:197)
	at org.apache.ratis.server.impl.LeaderElection.run(LeaderElection.java:133)
	at java.lang.Thread.run(Thread.java:748)
Caused by: org.apache.ratis.thirdparty.io.grpc.StatusRuntimeException: UNAVAILABLE: io exception
	at org.apache.ratis.thirdparty.io.grpc.stub.ClientCalls.toStatusRuntimeException(ClientCalls.java:233)
	at org.apache.ratis.thirdparty.io.grpc.stub.ClientCalls.getUnchecked(ClientCalls.java:214)
	at org.apache.ratis.thirdparty.io.grpc.stub.ClientCalls.blockingUnaryCall(ClientCalls.java:139)
	at org.apache.ratis.proto.grpc.RaftServerProtocolServiceGrpc$RaftServerProtocolServiceBlockingStub.requestVote(RaftServerProtocolServiceGrpc.java:265)
	at org.apache.ratis.grpc.server.GrpcServerProtocolClient.requestVote(GrpcServerProtocolClient.java:99)
	at org.apache.ratis.grpc.server.GrpcService.requestVote(GrpcService.java:204)
	at org.apache.ratis.server.impl.LeaderElection.lambda$submitRequests$1(LeaderElection.java:234)
	at java.util.concurrent.FutureTask.run(FutureTask.java:266)
	at java.util.concurrent.Executors$RunnableAdapter.call(Executors.java:511)
	at java.util.concurrent.FutureTask.run(FutureTask.java:266)
	at java.util.concurrent.ThreadPoolExecutor.runWorker(ThreadPoolExecutor.java:1149)
	at java.util.concurrent.ThreadPoolExecutor$Worker.run(ThreadPoolExecutor.java:624)
	... 1 more
Caused by: org.apache.ratis.thirdparty.io.netty.channel.AbstractChannel$AnnotatedConnectException: Connection refused: /192.168.164.217:39381
	at sun.nio.ch.SocketChannelImpl.checkConnect(Native Method)
	at sun.nio.ch.SocketChannelImpl.finishConnect(SocketChannelImpl.java:717)
	at org.apache.ratis.thirdparty.io.netty.channel.socket.nio.NioSocketChannel.doFinishConnect(NioSocketChannel.java:327)
	at org.apache.ratis.thirdparty.io.netty.channel.nio.AbstractNioChannel$AbstractNioUnsafe.finishConnect(AbstractNioChannel.java:340)
	at org.apache.ratis.thirdparty.io.netty.channel.nio.NioEventLoop.processSelectedKey(NioEventLoop.java:632)
	at org.apache.ratis.thirdparty.io.netty.channel.nio.NioEventLoop.processSelectedKeysOptimized(NioEventLoop.java:579)
	at org.apache.ratis.thirdparty.io.netty.channel.nio.NioEventLoop.processSelectedKeys(NioEventLoop.java:496)
	at org.apache.ratis.thirdparty.io.netty.channel.nio.NioEventLoop.run(NioEventLoop.java:458)
	at org.apache.ratis.thirdparty.io.netty.util.concurrent.SingleThreadEventExecutor$5.run(SingleThreadEventExecutor.java:897)
	at org.apache.ratis.thirdparty.io.netty.util.concurrent.FastThreadLocalRunnable.run(FastThreadLocalRunnable.java:30)
	... 1 more
Caused by: java.net.ConnectException: Connection refused
	... 11 more
2019-11-05 08:24:29,907 [4a682f4f-c3f2-4b77-88b7-f0ab78890feb@group-0DB8C7688BF9-LeaderElection540] INFO  impl.LeaderElection (LogUtils.java:infoOrTrace(149)) -   Exception 1: {}
java.util.concurrent.ExecutionException: org.apache.ratis.thirdparty.io.grpc.StatusRuntimeException: UNAVAILABLE: io exception
	at java.util.concurrent.FutureTask.report(FutureTask.java:122)
	at java.util.concurrent.FutureTask.get(FutureTask.java:192)
	at org.apache.ratis.server.impl.LeaderElection.waitForResults(LeaderElection.java:259)
	at org.apache.ratis.server.impl.LeaderElection.askForVotes(LeaderElection.java:197)
	at org.apache.ratis.server.impl.LeaderElection.run(LeaderElection.java:133)
	at java.lang.Thread.run(Thread.java:748)
Caused by: org.apache.ratis.thirdparty.io.grpc.StatusRuntimeException: UNAVAILABLE: io exception
	at org.apache.ratis.thirdparty.io.grpc.stub.ClientCalls.toStatusRuntimeException(ClientCalls.java:233)
	at org.apache.ratis.thirdparty.io.grpc.stub.ClientCalls.getUnchecked(ClientCalls.java:214)
	at org.apache.ratis.thirdparty.io.grpc.stub.ClientCalls.blockingUnaryCall(ClientCalls.java:139)
	at org.apache.ratis.proto.grpc.RaftServerProtocolServiceGrpc$RaftServerProtocolServiceBlockingStub.requestVote(RaftServerProtocolServiceGrpc.java:265)
	at org.apache.ratis.grpc.server.GrpcServerProtocolClient.requestVote(GrpcServerProtocolClient.java:99)
	at org.apache.ratis.grpc.server.GrpcService.requestVote(GrpcService.java:204)
	at org.apache.ratis.server.impl.LeaderElection.lambda$submitRequests$1(LeaderElection.java:234)
	at java.util.concurrent.FutureTask.run(FutureTask.java:266)
	at java.util.concurrent.Executors$RunnableAdapter.call(Executors.java:511)
	at java.util.concurrent.FutureTask.run(FutureTask.java:266)
	at java.util.concurrent.ThreadPoolExecutor.runWorker(ThreadPoolExecutor.java:1149)
	at java.util.concurrent.ThreadPoolExecutor$Worker.run(ThreadPoolExecutor.java:624)
	... 1 more
Caused by: org.apache.ratis.thirdparty.io.netty.channel.AbstractChannel$AnnotatedConnectException: Connection refused: /192.168.164.217:44149
	at sun.nio.ch.SocketChannelImpl.checkConnect(Native Method)
	at sun.nio.ch.SocketChannelImpl.finishConnect(SocketChannelImpl.java:717)
	at org.apache.ratis.thirdparty.io.netty.channel.socket.nio.NioSocketChannel.doFinishConnect(NioSocketChannel.java:327)
	at org.apache.ratis.thirdparty.io.netty.channel.nio.AbstractNioChannel$AbstractNioUnsafe.finishConnect(AbstractNioChannel.java:340)
	at org.apache.ratis.thirdparty.io.netty.channel.nio.NioEventLoop.processSelectedKey(NioEventLoop.java:632)
	at org.apache.ratis.thirdparty.io.netty.channel.nio.NioEventLoop.processSelectedKeysOptimized(NioEventLoop.java:579)
	at org.apache.ratis.thirdparty.io.netty.channel.nio.NioEventLoop.processSelectedKeys(NioEventLoop.java:496)
	at org.apache.ratis.thirdparty.io.netty.channel.nio.NioEventLoop.run(NioEventLoop.java:458)
	at org.apache.ratis.thirdparty.io.netty.util.concurrent.SingleThreadEventExecutor$5.run(SingleThreadEventExecutor.java:897)
	at org.apache.ratis.thirdparty.io.netty.util.concurrent.FastThreadLocalRunnable.run(FastThreadLocalRunnable.java:30)
	... 1 more
Caused by: java.net.ConnectException: Connection refused
	... 11 more
2019-11-05 08:24:29,907 [4a682f4f-c3f2-4b77-88b7-f0ab78890feb@group-0DB8C7688BF9-LeaderElection540] INFO  impl.RaftServerImpl (RaftServerImpl.java:setRole(184)) - 4a682f4f-c3f2-4b77-88b7-f0ab78890feb@group-0DB8C7688BF9: changes role from CANDIDATE to FOLLOWER at term 322 for DISCOVERED_A_NEW_TERM
2019-11-05 08:24:29,907 [4a682f4f-c3f2-4b77-88b7-f0ab78890feb@group-0DB8C7688BF9-LeaderElection540] INFO  impl.RoleInfo (RoleInfo.java:shutdownLeaderElection(134)) - 4a682f4f-c3f2-4b77-88b7-f0ab78890feb: shutdown LeaderElection
2019-11-05 08:24:29,907 [4a682f4f-c3f2-4b77-88b7-f0ab78890feb@group-0DB8C7688BF9-LeaderElection540] INFO  impl.RoleInfo (RoleInfo.java:updateAndGet(143)) - 4a682f4f-c3f2-4b77-88b7-f0ab78890feb: start FollowerState
2019-11-05 08:24:30,093 [Thread-3939] INFO  impl.FollowerState (FollowerState.java:run(108)) - 4a682f4f-c3f2-4b77-88b7-f0ab78890feb@group-0DB8C7688BF9-FollowerState: change to CANDIDATE, lastRpcTime:185ms, electionTimeout:185ms
2019-11-05 08:24:30,093 [Thread-3939] INFO  impl.RoleInfo (RoleInfo.java:shutdownFollowerState(121)) - 4a682f4f-c3f2-4b77-88b7-f0ab78890feb: shutdown FollowerState
2019-11-05 08:24:30,093 [Thread-3939] INFO  impl.RaftServerImpl (RaftServerImpl.java:setRole(184)) - 4a682f4f-c3f2-4b77-88b7-f0ab78890feb@group-0DB8C7688BF9: changes role from  FOLLOWER to CANDIDATE at term 322 for changeToCandidate
2019-11-05 08:24:30,093 [Thread-3939] INFO  impl.RoleInfo (RoleInfo.java:updateAndGet(143)) - 4a682f4f-c3f2-4b77-88b7-f0ab78890feb: start LeaderElection
2019-11-05 08:24:30,119 [4a682f4f-c3f2-4b77-88b7-f0ab78890feb@group-0DB8C7688BF9-LeaderElection541] INFO  impl.LeaderElection (LeaderElection.java:askForVotes(178)) - 4a682f4f-c3f2-4b77-88b7-f0ab78890feb@group-0DB8C7688BF9-LeaderElection541: begin an election at term 323 for -1: [77ab65e6-d942-49df-83a3-1d4c0bf152b3:192.168.164.217:39381, 7e1b84a9-a041-44fd-8008-f2679426984c:192.168.164.217:44149, 4a682f4f-c3f2-4b77-88b7-f0ab78890feb:192.168.164.217:34174], old=null
2019-11-05 08:24:30,120 [4a682f4f-c3f2-4b77-88b7-f0ab78890feb@group-0DB8C7688BF9-LeaderElection541] INFO  impl.LeaderElection (LogUtils.java:infoOrTrace(149)) - 4a682f4f-c3f2-4b77-88b7-f0ab78890feb@group-0DB8C7688BF9-LeaderElection541 got exception when requesting votes: {}
java.util.concurrent.ExecutionException: org.apache.ratis.thirdparty.io.grpc.StatusRuntimeException: UNAVAILABLE: io exception
	at java.util.concurrent.FutureTask.report(FutureTask.java:122)
	at java.util.concurrent.FutureTask.get(FutureTask.java:192)
	at org.apache.ratis.server.impl.LeaderElection.waitForResults(LeaderElection.java:259)
	at org.apache.ratis.server.impl.LeaderElection.askForVotes(LeaderElection.java:197)
	at org.apache.ratis.server.impl.LeaderElection.run(LeaderElection.java:133)
	at java.lang.Thread.run(Thread.java:748)
Caused by: org.apache.ratis.thirdparty.io.grpc.StatusRuntimeException: UNAVAILABLE: io exception
	at org.apache.ratis.thirdparty.io.grpc.stub.ClientCalls.toStatusRuntimeException(ClientCalls.java:233)
	at org.apache.ratis.thirdparty.io.grpc.stub.ClientCalls.getUnchecked(ClientCalls.java:214)
	at org.apache.ratis.thirdparty.io.grpc.stub.ClientCalls.blockingUnaryCall(ClientCalls.java:139)
	at org.apache.ratis.proto.grpc.RaftServerProtocolServiceGrpc$RaftServerProtocolServiceBlockingStub.requestVote(RaftServerProtocolServiceGrpc.java:265)
	at org.apache.ratis.grpc.server.GrpcServerProtocolClient.requestVote(GrpcServerProtocolClient.java:99)
	at org.apache.ratis.grpc.server.GrpcService.requestVote(GrpcService.java:204)
	at org.apache.ratis.server.impl.LeaderElection.lambda$submitRequests$1(LeaderElection.java:234)
	at java.util.concurrent.FutureTask.run(FutureTask.java:266)
	at java.util.concurrent.Executors$RunnableAdapter.call(Executors.java:511)
	at java.util.concurrent.FutureTask.run(FutureTask.java:266)
	at java.util.concurrent.ThreadPoolExecutor.runWorker(ThreadPoolExecutor.java:1149)
	at java.util.concurrent.ThreadPoolExecutor$Worker.run(ThreadPoolExecutor.java:624)
	... 1 more
Caused by: org.apache.ratis.thirdparty.io.netty.channel.AbstractChannel$AnnotatedConnectException: Connection refused: /192.168.164.217:39381
	at sun.nio.ch.SocketChannelImpl.checkConnect(Native Method)
	at sun.nio.ch.SocketChannelImpl.finishConnect(SocketChannelImpl.java:717)
	at org.apache.ratis.thirdparty.io.netty.channel.socket.nio.NioSocketChannel.doFinishConnect(NioSocketChannel.java:327)
	at org.apache.ratis.thirdparty.io.netty.channel.nio.AbstractNioChannel$AbstractNioUnsafe.finishConnect(AbstractNioChannel.java:340)
	at org.apache.ratis.thirdparty.io.netty.channel.nio.NioEventLoop.processSelectedKey(NioEventLoop.java:632)
	at org.apache.ratis.thirdparty.io.netty.channel.nio.NioEventLoop.processSelectedKeysOptimized(NioEventLoop.java:579)
	at org.apache.ratis.thirdparty.io.netty.channel.nio.NioEventLoop.processSelectedKeys(NioEventLoop.java:496)
	at org.apache.ratis.thirdparty.io.netty.channel.nio.NioEventLoop.run(NioEventLoop.java:458)
	at org.apache.ratis.thirdparty.io.netty.util.concurrent.SingleThreadEventExecutor$5.run(SingleThreadEventExecutor.java:897)
	at org.apache.ratis.thirdparty.io.netty.util.concurrent.FastThreadLocalRunnable.run(FastThreadLocalRunnable.java:30)
	... 1 more
Caused by: java.net.ConnectException: Connection refused
	... 11 more
2019-11-05 08:24:30,120 [4a682f4f-c3f2-4b77-88b7-f0ab78890feb@group-0DB8C7688BF9-LeaderElection541] INFO  impl.LeaderElection (LogUtils.java:infoOrTrace(149)) - 4a682f4f-c3f2-4b77-88b7-f0ab78890feb@group-0DB8C7688BF9-LeaderElection541 got exception when requesting votes: {}
java.util.concurrent.ExecutionException: org.apache.ratis.thirdparty.io.grpc.StatusRuntimeException: UNAVAILABLE: io exception
	at java.util.concurrent.FutureTask.report(FutureTask.java:122)
	at java.util.concurrent.FutureTask.get(FutureTask.java:192)
	at org.apache.ratis.server.impl.LeaderElection.waitForResults(LeaderElection.java:259)
	at org.apache.ratis.server.impl.LeaderElection.askForVotes(LeaderElection.java:197)
	at org.apache.ratis.server.impl.LeaderElection.run(LeaderElection.java:133)
	at java.lang.Thread.run(Thread.java:748)
Caused by: org.apache.ratis.thirdparty.io.grpc.StatusRuntimeException: UNAVAILABLE: io exception
	at org.apache.ratis.thirdparty.io.grpc.stub.ClientCalls.toStatusRuntimeException(ClientCalls.java:233)
	at org.apache.ratis.thirdparty.io.grpc.stub.ClientCalls.getUnchecked(ClientCalls.java:214)
	at org.apache.ratis.thirdparty.io.grpc.stub.ClientCalls.blockingUnaryCall(ClientCalls.java:139)
	at org.apache.ratis.proto.grpc.RaftServerProtocolServiceGrpc$RaftServerProtocolServiceBlockingStub.requestVote(RaftServerProtocolServiceGrpc.java:265)
	at org.apache.ratis.grpc.server.GrpcServerProtocolClient.requestVote(GrpcServerProtocolClient.java:99)
	at org.apache.ratis.grpc.server.GrpcService.requestVote(GrpcService.java:204)
	at org.apache.ratis.server.impl.LeaderElection.lambda$submitRequests$1(LeaderElection.java:234)
	at java.util.concurrent.FutureTask.run(FutureTask.java:266)
	at java.util.concurrent.Executors$RunnableAdapter.call(Executors.java:511)
	at java.util.concurrent.FutureTask.run(FutureTask.java:266)
	at java.util.concurrent.ThreadPoolExecutor.runWorker(ThreadPoolExecutor.java:1149)
	at java.util.concurrent.ThreadPoolExecutor$Worker.run(ThreadPoolExecutor.java:624)
	... 1 more
Caused by: org.apache.ratis.thirdparty.io.netty.channel.AbstractChannel$AnnotatedConnectException: Connection refused: /192.168.164.217:44149
	at sun.nio.ch.SocketChannelImpl.checkConnect(Native Method)
	at sun.nio.ch.SocketChannelImpl.finishConnect(SocketChannelImpl.java:717)
	at org.apache.ratis.thirdparty.io.netty.channel.socket.nio.NioSocketChannel.doFinishConnect(NioSocketChannel.java:327)
	at org.apache.ratis.thirdparty.io.netty.channel.nio.AbstractNioChannel$AbstractNioUnsafe.finishConnect(AbstractNioChannel.java:340)
	at org.apache.ratis.thirdparty.io.netty.channel.nio.NioEventLoop.processSelectedKey(NioEventLoop.java:632)
	at org.apache.ratis.thirdparty.io.netty.channel.nio.NioEventLoop.processSelectedKeysOptimized(NioEventLoop.java:579)
	at org.apache.ratis.thirdparty.io.netty.channel.nio.NioEventLoop.processSelectedKeys(NioEventLoop.java:496)
	at org.apache.ratis.thirdparty.io.netty.channel.nio.NioEventLoop.run(NioEventLoop.java:458)
	at org.apache.ratis.thirdparty.io.netty.util.concurrent.SingleThreadEventExecutor$5.run(SingleThreadEventExecutor.java:897)
	at org.apache.ratis.thirdparty.io.netty.util.concurrent.FastThreadLocalRunnable.run(FastThreadLocalRunnable.java:30)
	... 1 more
Caused by: java.net.ConnectException: Connection refused
	... 11 more
2019-11-05 08:24:30,121 [4a682f4f-c3f2-4b77-88b7-f0ab78890feb@group-0DB8C7688BF9-LeaderElection541] INFO  impl.LeaderElection (LeaderElection.java:logAndReturn(56)) - 4a682f4f-c3f2-4b77-88b7-f0ab78890feb@group-0DB8C7688BF9-LeaderElection541: Election REJECTED; received 0 response(s) [] and 2 exception(s); 4a682f4f-c3f2-4b77-88b7-f0ab78890feb@group-0DB8C7688BF9:t323, leader=null, voted=4a682f4f-c3f2-4b77-88b7-f0ab78890feb, raftlog=4a682f4f-c3f2-4b77-88b7-f0ab78890feb@group-0DB8C7688BF9-SegmentedRaftLog:OPENED:c-1,f-1,i0, conf=-1: [77ab65e6-d942-49df-83a3-1d4c0bf152b3:192.168.164.217:39381, 7e1b84a9-a041-44fd-8008-f2679426984c:192.168.164.217:44149, 4a682f4f-c3f2-4b77-88b7-f0ab78890feb:192.168.164.217:34174], old=null
2019-11-05 08:24:30,121 [4a682f4f-c3f2-4b77-88b7-f0ab78890feb@group-0DB8C7688BF9-LeaderElection541] INFO  impl.LeaderElection (LogUtils.java:infoOrTrace(149)) -   Exception 0: {}
java.util.concurrent.ExecutionException: org.apache.ratis.thirdparty.io.grpc.StatusRuntimeException: UNAVAILABLE: io exception
	at java.util.concurrent.FutureTask.report(FutureTask.java:122)
	at java.util.concurrent.FutureTask.get(FutureTask.java:192)
	at org.apache.ratis.server.impl.LeaderElection.waitForResults(LeaderElection.java:259)
	at org.apache.ratis.server.impl.LeaderElection.askForVotes(LeaderElection.java:197)
	at org.apache.ratis.server.impl.LeaderElection.run(LeaderElection.java:133)
	at java.lang.Thread.run(Thread.java:748)
Caused by: org.apache.ratis.thirdparty.io.grpc.StatusRuntimeException: UNAVAILABLE: io exception
	at org.apache.ratis.thirdparty.io.grpc.stub.ClientCalls.toStatusRuntimeException(ClientCalls.java:233)
	at org.apache.ratis.thirdparty.io.grpc.stub.ClientCalls.getUnchecked(ClientCalls.java:214)
	at org.apache.ratis.thirdparty.io.grpc.stub.ClientCalls.blockingUnaryCall(ClientCalls.java:139)
	at org.apache.ratis.proto.grpc.RaftServerProtocolServiceGrpc$RaftServerProtocolServiceBlockingStub.requestVote(RaftServerProtocolServiceGrpc.java:265)
	at org.apache.ratis.grpc.server.GrpcServerProtocolClient.requestVote(GrpcServerProtocolClient.java:99)
	at org.apache.ratis.grpc.server.GrpcService.requestVote(GrpcService.java:204)
	at org.apache.ratis.server.impl.LeaderElection.lambda$submitRequests$1(LeaderElection.java:234)
	at java.util.concurrent.FutureTask.run(FutureTask.java:266)
	at java.util.concurrent.Executors$RunnableAdapter.call(Executors.java:511)
	at java.util.concurrent.FutureTask.run(FutureTask.java:266)
	at java.util.concurrent.ThreadPoolExecutor.runWorker(ThreadPoolExecutor.java:1149)
	at java.util.concurrent.ThreadPoolExecutor$Worker.run(ThreadPoolExecutor.java:624)
	... 1 more
Caused by: org.apache.ratis.thirdparty.io.netty.channel.AbstractChannel$AnnotatedConnectException: Connection refused: /192.168.164.217:39381
	at sun.nio.ch.SocketChannelImpl.checkConnect(Native Method)
	at sun.nio.ch.SocketChannelImpl.finishConnect(SocketChannelImpl.java:717)
	at org.apache.ratis.thirdparty.io.netty.channel.socket.nio.NioSocketChannel.doFinishConnect(NioSocketChannel.java:327)
	at org.apache.ratis.thirdparty.io.netty.channel.nio.AbstractNioChannel$AbstractNioUnsafe.finishConnect(AbstractNioChannel.java:340)
	at org.apache.ratis.thirdparty.io.netty.channel.nio.NioEventLoop.processSelectedKey(NioEventLoop.java:632)
	at org.apache.ratis.thirdparty.io.netty.channel.nio.NioEventLoop.processSelectedKeysOptimized(NioEventLoop.java:579)
	at org.apache.ratis.thirdparty.io.netty.channel.nio.NioEventLoop.processSelectedKeys(NioEventLoop.java:496)
	at org.apache.ratis.thirdparty.io.netty.channel.nio.NioEventLoop.run(NioEventLoop.java:458)
	at org.apache.ratis.thirdparty.io.netty.util.concurrent.SingleThreadEventExecutor$5.run(SingleThreadEventExecutor.java:897)
	at org.apache.ratis.thirdparty.io.netty.util.concurrent.FastThreadLocalRunnable.run(FastThreadLocalRunnable.java:30)
	... 1 more
Caused by: java.net.ConnectException: Connection refused
	... 11 more
2019-11-05 08:24:30,121 [4a682f4f-c3f2-4b77-88b7-f0ab78890feb@group-0DB8C7688BF9-LeaderElection541] INFO  impl.LeaderElection (LogUtils.java:infoOrTrace(149)) -   Exception 1: {}
java.util.concurrent.ExecutionException: org.apache.ratis.thirdparty.io.grpc.StatusRuntimeException: UNAVAILABLE: io exception
	at java.util.concurrent.FutureTask.report(FutureTask.java:122)
	at java.util.concurrent.FutureTask.get(FutureTask.java:192)
	at org.apache.ratis.server.impl.LeaderElection.waitForResults(LeaderElection.java:259)
	at org.apache.ratis.server.impl.LeaderElection.askForVotes(LeaderElection.java:197)
	at org.apache.ratis.server.impl.LeaderElection.run(LeaderElection.java:133)
	at java.lang.Thread.run(Thread.java:748)
Caused by: org.apache.ratis.thirdparty.io.grpc.StatusRuntimeException: UNAVAILABLE: io exception
	at org.apache.ratis.thirdparty.io.grpc.stub.ClientCalls.toStatusRuntimeException(ClientCalls.java:233)
	at org.apache.ratis.thirdparty.io.grpc.stub.ClientCalls.getUnchecked(ClientCalls.java:214)
	at org.apache.ratis.thirdparty.io.grpc.stub.ClientCalls.blockingUnaryCall(ClientCalls.java:139)
	at org.apache.ratis.proto.grpc.RaftServerProtocolServiceGrpc$RaftServerProtocolServiceBlockingStub.requestVote(RaftServerProtocolServiceGrpc.java:265)
	at org.apache.ratis.grpc.server.GrpcServerProtocolClient.requestVote(GrpcServerProtocolClient.java:99)
	at org.apache.ratis.grpc.server.GrpcService.requestVote(GrpcService.java:204)
	at org.apache.ratis.server.impl.LeaderElection.lambda$submitRequests$1(LeaderElection.java:234)
	at java.util.concurrent.FutureTask.run(FutureTask.java:266)
	at java.util.concurrent.Executors$RunnableAdapter.call(Executors.java:511)
	at java.util.concurrent.FutureTask.run(FutureTask.java:266)
	at java.util.concurrent.ThreadPoolExecutor.runWorker(ThreadPoolExecutor.java:1149)
	at java.util.concurrent.ThreadPoolExecutor$Worker.run(ThreadPoolExecutor.java:624)
	... 1 more
Caused by: org.apache.ratis.thirdparty.io.netty.channel.AbstractChannel$AnnotatedConnectException: Connection refused: /192.168.164.217:44149
	at sun.nio.ch.SocketChannelImpl.checkConnect(Native Method)
	at sun.nio.ch.SocketChannelImpl.finishConnect(SocketChannelImpl.java:717)
	at org.apache.ratis.thirdparty.io.netty.channel.socket.nio.NioSocketChannel.doFinishConnect(NioSocketChannel.java:327)
	at org.apache.ratis.thirdparty.io.netty.channel.nio.AbstractNioChannel$AbstractNioUnsafe.finishConnect(AbstractNioChannel.java:340)
	at org.apache.ratis.thirdparty.io.netty.channel.nio.NioEventLoop.processSelectedKey(NioEventLoop.java:632)
	at org.apache.ratis.thirdparty.io.netty.channel.nio.NioEventLoop.processSelectedKeysOptimized(NioEventLoop.java:579)
	at org.apache.ratis.thirdparty.io.netty.channel.nio.NioEventLoop.processSelectedKeys(NioEventLoop.java:496)
	at org.apache.ratis.thirdparty.io.netty.channel.nio.NioEventLoop.run(NioEventLoop.java:458)
	at org.apache.ratis.thirdparty.io.netty.util.concurrent.SingleThreadEventExecutor$5.run(SingleThreadEventExecutor.java:897)
	at org.apache.ratis.thirdparty.io.netty.util.concurrent.FastThreadLocalRunnable.run(FastThreadLocalRunnable.java:30)
	... 1 more
Caused by: java.net.ConnectException: Connection refused
	... 11 more
2019-11-05 08:24:30,122 [4a682f4f-c3f2-4b77-88b7-f0ab78890feb@group-0DB8C7688BF9-LeaderElection541] INFO  impl.RaftServerImpl (RaftServerImpl.java:setRole(184)) - 4a682f4f-c3f2-4b77-88b7-f0ab78890feb@group-0DB8C7688BF9: changes role from CANDIDATE to FOLLOWER at term 323 for DISCOVERED_A_NEW_TERM
2019-11-05 08:24:30,122 [4a682f4f-c3f2-4b77-88b7-f0ab78890feb@group-0DB8C7688BF9-LeaderElection541] INFO  impl.RoleInfo (RoleInfo.java:shutdownLeaderElection(134)) - 4a682f4f-c3f2-4b77-88b7-f0ab78890feb: shutdown LeaderElection
2019-11-05 08:24:30,122 [4a682f4f-c3f2-4b77-88b7-f0ab78890feb@group-0DB8C7688BF9-LeaderElection541] INFO  impl.RoleInfo (RoleInfo.java:updateAndGet(143)) - 4a682f4f-c3f2-4b77-88b7-f0ab78890feb: start FollowerState
2019-11-05 08:24:30,211 [Datanode State Machine Thread - 0] INFO  statemachine.DatanodeStateMachine (DatanodeStateMachine.java:lambda$startDaemon$0(350)) - Ozone container server started.
2019-11-05 08:24:30,255 [java.util.concurrent.ThreadPoolExecutor$Worker@4893213[State = -1, empty queue]] WARN  server.GrpcLogAppender (GrpcLogAppender.java:timeoutAppendRequest(209)) - 6189f8a4-91dd-451f-abcb-72b2dcd73465@group-9D53872EEF85->fe5257f1-588f-41af-bf70-1c04126c8968-GrpcLogAppender: appendEntries Timeout, request=6189f8a4-91dd-451f-abcb-72b2dcd73465->fe5257f1-588f-41af-bf70-1c04126c8968#96-t4, previous=(t:4, i:20), leaderCommit=20, initializing? false, entries: <empty>
2019-11-05 08:24:30,260 [Thread-3943] INFO  impl.FollowerState (FollowerState.java:run(108)) - 4a682f4f-c3f2-4b77-88b7-f0ab78890feb@group-0DB8C7688BF9-FollowerState: change to CANDIDATE, lastRpcTime:138ms, electionTimeout:138ms
2019-11-05 08:24:30,260 [Thread-3943] INFO  impl.RoleInfo (RoleInfo.java:shutdownFollowerState(121)) - 4a682f4f-c3f2-4b77-88b7-f0ab78890feb: shutdown FollowerState
2019-11-05 08:24:30,261 [Thread-3943] INFO  impl.RaftServerImpl (RaftServerImpl.java:setRole(184)) - 4a682f4f-c3f2-4b77-88b7-f0ab78890feb@group-0DB8C7688BF9: changes role from  FOLLOWER to CANDIDATE at term 323 for changeToCandidate
2019-11-05 08:24:30,261 [Thread-3943] INFO  impl.RoleInfo (RoleInfo.java:updateAndGet(143)) - 4a682f4f-c3f2-4b77-88b7-f0ab78890feb: start LeaderElection
2019-11-05 08:24:30,286 [4a682f4f-c3f2-4b77-88b7-f0ab78890feb@group-0DB8C7688BF9-LeaderElection542] INFO  impl.LeaderElection (LeaderElection.java:askForVotes(178)) - 4a682f4f-c3f2-4b77-88b7-f0ab78890feb@group-0DB8C7688BF9-LeaderElection542: begin an election at term 324 for -1: [77ab65e6-d942-49df-83a3-1d4c0bf152b3:192.168.164.217:39381, 7e1b84a9-a041-44fd-8008-f2679426984c:192.168.164.217:44149, 4a682f4f-c3f2-4b77-88b7-f0ab78890feb:192.168.164.217:34174], old=null
2019-11-05 08:24:30,287 [4a682f4f-c3f2-4b77-88b7-f0ab78890feb@group-0DB8C7688BF9-LeaderElection542] INFO  impl.LeaderElection (LogUtils.java:infoOrTrace(149)) - 4a682f4f-c3f2-4b77-88b7-f0ab78890feb@group-0DB8C7688BF9-LeaderElection542 got exception when requesting votes: {}
java.util.concurrent.ExecutionException: org.apache.ratis.thirdparty.io.grpc.StatusRuntimeException: UNAVAILABLE: io exception
	at java.util.concurrent.FutureTask.report(FutureTask.java:122)
	at java.util.concurrent.FutureTask.get(FutureTask.java:192)
	at org.apache.ratis.server.impl.LeaderElection.waitForResults(LeaderElection.java:259)
	at org.apache.ratis.server.impl.LeaderElection.askForVotes(LeaderElection.java:197)
	at org.apache.ratis.server.impl.LeaderElection.run(LeaderElection.java:133)
	at java.lang.Thread.run(Thread.java:748)
Caused by: org.apache.ratis.thirdparty.io.grpc.StatusRuntimeException: UNAVAILABLE: io exception
	at org.apache.ratis.thirdparty.io.grpc.stub.ClientCalls.toStatusRuntimeException(ClientCalls.java:233)
	at org.apache.ratis.thirdparty.io.grpc.stub.ClientCalls.getUnchecked(ClientCalls.java:214)
	at org.apache.ratis.thirdparty.io.grpc.stub.ClientCalls.blockingUnaryCall(ClientCalls.java:139)
	at org.apache.ratis.proto.grpc.RaftServerProtocolServiceGrpc$RaftServerProtocolServiceBlockingStub.requestVote(RaftServerProtocolServiceGrpc.java:265)
	at org.apache.ratis.grpc.server.GrpcServerProtocolClient.requestVote(GrpcServerProtocolClient.java:99)
	at org.apache.ratis.grpc.server.GrpcService.requestVote(GrpcService.java:204)
	at org.apache.ratis.server.impl.LeaderElection.lambda$submitRequests$1(LeaderElection.java:234)
	at java.util.concurrent.FutureTask.run(FutureTask.java:266)
	at java.util.concurrent.Executors$RunnableAdapter.call(Executors.java:511)
	at java.util.concurrent.FutureTask.run(FutureTask.java:266)
	at java.util.concurrent.ThreadPoolExecutor.runWorker(ThreadPoolExecutor.java:1149)
	at java.util.concurrent.ThreadPoolExecutor$Worker.run(ThreadPoolExecutor.java:624)
	... 1 more
Caused by: org.apache.ratis.thirdparty.io.netty.channel.AbstractChannel$AnnotatedConnectException: Connection refused: /192.168.164.217:39381
	at sun.nio.ch.SocketChannelImpl.checkConnect(Native Method)
	at sun.nio.ch.SocketChannelImpl.finishConnect(SocketChannelImpl.java:717)
	at org.apache.ratis.thirdparty.io.netty.channel.socket.nio.NioSocketChannel.doFinishConnect(NioSocketChannel.java:327)
	at org.apache.ratis.thirdparty.io.netty.channel.nio.AbstractNioChannel$AbstractNioUnsafe.finishConnect(AbstractNioChannel.java:340)
	at org.apache.ratis.thirdparty.io.netty.channel.nio.NioEventLoop.processSelectedKey(NioEventLoop.java:632)
	at org.apache.ratis.thirdparty.io.netty.channel.nio.NioEventLoop.processSelectedKeysOptimized(NioEventLoop.java:579)
	at org.apache.ratis.thirdparty.io.netty.channel.nio.NioEventLoop.processSelectedKeys(NioEventLoop.java:496)
	at org.apache.ratis.thirdparty.io.netty.channel.nio.NioEventLoop.run(NioEventLoop.java:458)
	at org.apache.ratis.thirdparty.io.netty.util.concurrent.SingleThreadEventExecutor$5.run(SingleThreadEventExecutor.java:897)
	at org.apache.ratis.thirdparty.io.netty.util.concurrent.FastThreadLocalRunnable.run(FastThreadLocalRunnable.java:30)
	... 1 more
Caused by: java.net.ConnectException: Connection refused
	... 11 more
2019-11-05 08:24:30,287 [4a682f4f-c3f2-4b77-88b7-f0ab78890feb@group-0DB8C7688BF9-LeaderElection542] INFO  impl.LeaderElection (LogUtils.java:infoOrTrace(149)) - 4a682f4f-c3f2-4b77-88b7-f0ab78890feb@group-0DB8C7688BF9-LeaderElection542 got exception when requesting votes: {}
java.util.concurrent.ExecutionException: org.apache.ratis.thirdparty.io.grpc.StatusRuntimeException: UNAVAILABLE: io exception
	at java.util.concurrent.FutureTask.report(FutureTask.java:122)
	at java.util.concurrent.FutureTask.get(FutureTask.java:192)
	at org.apache.ratis.server.impl.LeaderElection.waitForResults(LeaderElection.java:259)
	at org.apache.ratis.server.impl.LeaderElection.askForVotes(LeaderElection.java:197)
	at org.apache.ratis.server.impl.LeaderElection.run(LeaderElection.java:133)
	at java.lang.Thread.run(Thread.java:748)
Caused by: org.apache.ratis.thirdparty.io.grpc.StatusRuntimeException: UNAVAILABLE: io exception
	at org.apache.ratis.thirdparty.io.grpc.stub.ClientCalls.toStatusRuntimeException(ClientCalls.java:233)
	at org.apache.ratis.thirdparty.io.grpc.stub.ClientCalls.getUnchecked(ClientCalls.java:214)
	at org.apache.ratis.thirdparty.io.grpc.stub.ClientCalls.blockingUnaryCall(ClientCalls.java:139)
	at org.apache.ratis.proto.grpc.RaftServerProtocolServiceGrpc$RaftServerProtocolServiceBlockingStub.requestVote(RaftServerProtocolServiceGrpc.java:265)
	at org.apache.ratis.grpc.server.GrpcServerProtocolClient.requestVote(GrpcServerProtocolClient.java:99)
	at org.apache.ratis.grpc.server.GrpcService.requestVote(GrpcService.java:204)
	at org.apache.ratis.server.impl.LeaderElection.lambda$submitRequests$1(LeaderElection.java:234)
	at java.util.concurrent.FutureTask.run(FutureTask.java:266)
	at java.util.concurrent.Executors$RunnableAdapter.call(Executors.java:511)
	at java.util.concurrent.FutureTask.run(FutureTask.java:266)
	at java.util.concurrent.ThreadPoolExecutor.runWorker(ThreadPoolExecutor.java:1149)
	at java.util.concurrent.ThreadPoolExecutor$Worker.run(ThreadPoolExecutor.java:624)
	... 1 more
Caused by: org.apache.ratis.thirdparty.io.netty.channel.AbstractChannel$AnnotatedConnectException: Connection refused: /192.168.164.217:44149
	at sun.nio.ch.SocketChannelImpl.checkConnect(Native Method)
	at sun.nio.ch.SocketChannelImpl.finishConnect(SocketChannelImpl.java:717)
	at org.apache.ratis.thirdparty.io.netty.channel.socket.nio.NioSocketChannel.doFinishConnect(NioSocketChannel.java:327)
	at org.apache.ratis.thirdparty.io.netty.channel.nio.AbstractNioChannel$AbstractNioUnsafe.finishConnect(AbstractNioChannel.java:340)
	at org.apache.ratis.thirdparty.io.netty.channel.nio.NioEventLoop.processSelectedKey(NioEventLoop.java:632)
	at org.apache.ratis.thirdparty.io.netty.channel.nio.NioEventLoop.processSelectedKeysOptimized(NioEventLoop.java:579)
	at org.apache.ratis.thirdparty.io.netty.channel.nio.NioEventLoop.processSelectedKeys(NioEventLoop.java:496)
	at org.apache.ratis.thirdparty.io.netty.channel.nio.NioEventLoop.run(NioEventLoop.java:458)
	at org.apache.ratis.thirdparty.io.netty.util.concurrent.SingleThreadEventExecutor$5.run(SingleThreadEventExecutor.java:897)
	at org.apache.ratis.thirdparty.io.netty.util.concurrent.FastThreadLocalRunnable.run(FastThreadLocalRunnable.java:30)
	... 1 more
Caused by: java.net.ConnectException: Connection refused
	... 11 more
2019-11-05 08:24:30,288 [4a682f4f-c3f2-4b77-88b7-f0ab78890feb@group-0DB8C7688BF9-LeaderElection542] INFO  impl.LeaderElection (LeaderElection.java:logAndReturn(56)) - 4a682f4f-c3f2-4b77-88b7-f0ab78890feb@group-0DB8C7688BF9-LeaderElection542: Election REJECTED; received 0 response(s) [] and 2 exception(s); 4a682f4f-c3f2-4b77-88b7-f0ab78890feb@group-0DB8C7688BF9:t324, leader=null, voted=4a682f4f-c3f2-4b77-88b7-f0ab78890feb, raftlog=4a682f4f-c3f2-4b77-88b7-f0ab78890feb@group-0DB8C7688BF9-SegmentedRaftLog:OPENED:c-1,f-1,i0, conf=-1: [77ab65e6-d942-49df-83a3-1d4c0bf152b3:192.168.164.217:39381, 7e1b84a9-a041-44fd-8008-f2679426984c:192.168.164.217:44149, 4a682f4f-c3f2-4b77-88b7-f0ab78890feb:192.168.164.217:34174], old=null
2019-11-05 08:24:30,288 [4a682f4f-c3f2-4b77-88b7-f0ab78890feb@group-0DB8C7688BF9-LeaderElection542] INFO  impl.LeaderElection (LogUtils.java:infoOrTrace(149)) -   Exception 0: {}
java.util.concurrent.ExecutionException: org.apache.ratis.thirdparty.io.grpc.StatusRuntimeException: UNAVAILABLE: io exception
	at java.util.concurrent.FutureTask.report(FutureTask.java:122)
	at java.util.concurrent.FutureTask.get(FutureTask.java:192)
	at org.apache.ratis.server.impl.LeaderElection.waitForResults(LeaderElection.java:259)
	at org.apache.ratis.server.impl.LeaderElection.askForVotes(LeaderElection.java:197)
	at org.apache.ratis.server.impl.LeaderElection.run(LeaderElection.java:133)
	at java.lang.Thread.run(Thread.java:748)
Caused by: org.apache.ratis.thirdparty.io.grpc.StatusRuntimeException: UNAVAILABLE: io exception
	at org.apache.ratis.thirdparty.io.grpc.stub.ClientCalls.toStatusRuntimeException(ClientCalls.java:233)
	at org.apache.ratis.thirdparty.io.grpc.stub.ClientCalls.getUnchecked(ClientCalls.java:214)
	at org.apache.ratis.thirdparty.io.grpc.stub.ClientCalls.blockingUnaryCall(ClientCalls.java:139)
	at org.apache.ratis.proto.grpc.RaftServerProtocolServiceGrpc$RaftServerProtocolServiceBlockingStub.requestVote(RaftServerProtocolServiceGrpc.java:265)
	at org.apache.ratis.grpc.server.GrpcServerProtocolClient.requestVote(GrpcServerProtocolClient.java:99)
	at org.apache.ratis.grpc.server.GrpcService.requestVote(GrpcService.java:204)
	at org.apache.ratis.server.impl.LeaderElection.lambda$submitRequests$1(LeaderElection.java:234)
	at java.util.concurrent.FutureTask.run(FutureTask.java:266)
	at java.util.concurrent.Executors$RunnableAdapter.call(Executors.java:511)
	at java.util.concurrent.FutureTask.run(FutureTask.java:266)
	at java.util.concurrent.ThreadPoolExecutor.runWorker(ThreadPoolExecutor.java:1149)
	at java.util.concurrent.ThreadPoolExecutor$Worker.run(ThreadPoolExecutor.java:624)
	... 1 more
Caused by: org.apache.ratis.thirdparty.io.netty.channel.AbstractChannel$AnnotatedConnectException: Connection refused: /192.168.164.217:39381
	at sun.nio.ch.SocketChannelImpl.checkConnect(Native Method)
	at sun.nio.ch.SocketChannelImpl.finishConnect(SocketChannelImpl.java:717)
	at org.apache.ratis.thirdparty.io.netty.channel.socket.nio.NioSocketChannel.doFinishConnect(NioSocketChannel.java:327)
	at org.apache.ratis.thirdparty.io.netty.channel.nio.AbstractNioChannel$AbstractNioUnsafe.finishConnect(AbstractNioChannel.java:340)
	at org.apache.ratis.thirdparty.io.netty.channel.nio.NioEventLoop.processSelectedKey(NioEventLoop.java:632)
	at org.apache.ratis.thirdparty.io.netty.channel.nio.NioEventLoop.processSelectedKeysOptimized(NioEventLoop.java:579)
	at org.apache.ratis.thirdparty.io.netty.channel.nio.NioEventLoop.processSelectedKeys(NioEventLoop.java:496)
	at org.apache.ratis.thirdparty.io.netty.channel.nio.NioEventLoop.run(NioEventLoop.java:458)
	at org.apache.ratis.thirdparty.io.netty.util.concurrent.SingleThreadEventExecutor$5.run(SingleThreadEventExecutor.java:897)
	at org.apache.ratis.thirdparty.io.netty.util.concurrent.FastThreadLocalRunnable.run(FastThreadLocalRunnable.java:30)
	... 1 more
Caused by: java.net.ConnectException: Connection refused
	... 11 more
2019-11-05 08:24:30,288 [4a682f4f-c3f2-4b77-88b7-f0ab78890feb@group-0DB8C7688BF9-LeaderElection542] INFO  impl.LeaderElection (LogUtils.java:infoOrTrace(149)) -   Exception 1: {}
java.util.concurrent.ExecutionException: org.apache.ratis.thirdparty.io.grpc.StatusRuntimeException: UNAVAILABLE: io exception
	at java.util.concurrent.FutureTask.report(FutureTask.java:122)
	at java.util.concurrent.FutureTask.get(FutureTask.java:192)
	at org.apache.ratis.server.impl.LeaderElection.waitForResults(LeaderElection.java:259)
	at org.apache.ratis.server.impl.LeaderElection.askForVotes(LeaderElection.java:197)
	at org.apache.ratis.server.impl.LeaderElection.run(LeaderElection.java:133)
	at java.lang.Thread.run(Thread.java:748)
Caused by: org.apache.ratis.thirdparty.io.grpc.StatusRuntimeException: UNAVAILABLE: io exception
	at org.apache.ratis.thirdparty.io.grpc.stub.ClientCalls.toStatusRuntimeException(ClientCalls.java:233)
	at org.apache.ratis.thirdparty.io.grpc.stub.ClientCalls.getUnchecked(ClientCalls.java:214)
	at org.apache.ratis.thirdparty.io.grpc.stub.ClientCalls.blockingUnaryCall(ClientCalls.java:139)
	at org.apache.ratis.proto.grpc.RaftServerProtocolServiceGrpc$RaftServerProtocolServiceBlockingStub.requestVote(RaftServerProtocolServiceGrpc.java:265)
	at org.apache.ratis.grpc.server.GrpcServerProtocolClient.requestVote(GrpcServerProtocolClient.java:99)
	at org.apache.ratis.grpc.server.GrpcService.requestVote(GrpcService.java:204)
	at org.apache.ratis.server.impl.LeaderElection.lambda$submitRequests$1(LeaderElection.java:234)
	at java.util.concurrent.FutureTask.run(FutureTask.java:266)
	at java.util.concurrent.Executors$RunnableAdapter.call(Executors.java:511)
	at java.util.concurrent.FutureTask.run(FutureTask.java:266)
	at java.util.concurrent.ThreadPoolExecutor.runWorker(ThreadPoolExecutor.java:1149)
	at java.util.concurrent.ThreadPoolExecutor$Worker.run(ThreadPoolExecutor.java:624)
	... 1 more
Caused by: org.apache.ratis.thirdparty.io.netty.channel.AbstractChannel$AnnotatedConnectException: Connection refused: /192.168.164.217:44149
	at sun.nio.ch.SocketChannelImpl.checkConnect(Native Method)
	at sun.nio.ch.SocketChannelImpl.finishConnect(SocketChannelImpl.java:717)
	at org.apache.ratis.thirdparty.io.netty.channel.socket.nio.NioSocketChannel.doFinishConnect(NioSocketChannel.java:327)
	at org.apache.ratis.thirdparty.io.netty.channel.nio.AbstractNioChannel$AbstractNioUnsafe.finishConnect(AbstractNioChannel.java:340)
	at org.apache.ratis.thirdparty.io.netty.channel.nio.NioEventLoop.processSelectedKey(NioEventLoop.java:632)
	at org.apache.ratis.thirdparty.io.netty.channel.nio.NioEventLoop.processSelectedKeysOptimized(NioEventLoop.java:579)
	at org.apache.ratis.thirdparty.io.netty.channel.nio.NioEventLoop.processSelectedKeys(NioEventLoop.java:496)
	at org.apache.ratis.thirdparty.io.netty.channel.nio.NioEventLoop.run(NioEventLoop.java:458)
	at org.apache.ratis.thirdparty.io.netty.util.concurrent.SingleThreadEventExecutor$5.run(SingleThreadEventExecutor.java:897)
	at org.apache.ratis.thirdparty.io.netty.util.concurrent.FastThreadLocalRunnable.run(FastThreadLocalRunnable.java:30)
	... 1 more
Caused by: java.net.ConnectException: Connection refused
	... 11 more
2019-11-05 08:24:30,288 [4a682f4f-c3f2-4b77-88b7-f0ab78890feb@group-0DB8C7688BF9-LeaderElection542] INFO  impl.RaftServerImpl (RaftServerImpl.java:setRole(184)) - 4a682f4f-c3f2-4b77-88b7-f0ab78890feb@group-0DB8C7688BF9: changes role from CANDIDATE to FOLLOWER at term 324 for DISCOVERED_A_NEW_TERM
2019-11-05 08:24:30,288 [4a682f4f-c3f2-4b77-88b7-f0ab78890feb@group-0DB8C7688BF9-LeaderElection542] INFO  impl.RoleInfo (RoleInfo.java:shutdownLeaderElection(134)) - 4a682f4f-c3f2-4b77-88b7-f0ab78890feb: shutdown LeaderElection
2019-11-05 08:24:30,289 [4a682f4f-c3f2-4b77-88b7-f0ab78890feb@group-0DB8C7688BF9-LeaderElection542] INFO  impl.RoleInfo (RoleInfo.java:updateAndGet(143)) - 4a682f4f-c3f2-4b77-88b7-f0ab78890feb: start FollowerState
2019-11-05 08:24:30,294 [java.util.concurrent.ThreadPoolExecutor$Worker@7a1c0679[State = -1, empty queue]] WARN  server.GrpcLogAppender (GrpcLogAppender.java:timeoutAppendRequest(209)) - 6189f8a4-91dd-451f-abcb-72b2dcd73465@group-9D53872EEF85->c3e88256-f771-43b4-b3fb-c682fc5ee06f-GrpcLogAppender: appendEntries Timeout, request=6189f8a4-91dd-451f-abcb-72b2dcd73465->c3e88256-f771-43b4-b3fb-c682fc5ee06f#96-t4, previous=(t:4, i:20), leaderCommit=20, initializing? false, entries: <empty>
2019-11-05 08:24:30,367 [Thread-3947] INFO  impl.FollowerState (FollowerState.java:run(108)) - 4a682f4f-c3f2-4b77-88b7-f0ab78890feb@group-0DB8C7688BF9-FollowerState: change to CANDIDATE, lastRpcTime:78ms, electionTimeout:78ms
2019-11-05 08:24:30,367 [Thread-3947] INFO  impl.RoleInfo (RoleInfo.java:shutdownFollowerState(121)) - 4a682f4f-c3f2-4b77-88b7-f0ab78890feb: shutdown FollowerState
2019-11-05 08:24:30,367 [Thread-3947] INFO  impl.RaftServerImpl (RaftServerImpl.java:setRole(184)) - 4a682f4f-c3f2-4b77-88b7-f0ab78890feb@group-0DB8C7688BF9: changes role from  FOLLOWER to CANDIDATE at term 324 for changeToCandidate
2019-11-05 08:24:30,367 [Thread-3947] INFO  impl.RoleInfo (RoleInfo.java:updateAndGet(143)) - 4a682f4f-c3f2-4b77-88b7-f0ab78890feb: start LeaderElection
2019-11-05 08:24:30,376 [4a682f4f-c3f2-4b77-88b7-f0ab78890feb@group-0DB8C7688BF9-LeaderElection543] INFO  impl.LeaderElection (LeaderElection.java:askForVotes(178)) - 4a682f4f-c3f2-4b77-88b7-f0ab78890feb@group-0DB8C7688BF9-LeaderElection543: begin an election at term 325 for -1: [77ab65e6-d942-49df-83a3-1d4c0bf152b3:192.168.164.217:39381, 7e1b84a9-a041-44fd-8008-f2679426984c:192.168.164.217:44149, 4a682f4f-c3f2-4b77-88b7-f0ab78890feb:192.168.164.217:34174], old=null
2019-11-05 08:24:30,377 [4a682f4f-c3f2-4b77-88b7-f0ab78890feb@group-0DB8C7688BF9-LeaderElection543] INFO  impl.LeaderElection (LogUtils.java:infoOrTrace(149)) - 4a682f4f-c3f2-4b77-88b7-f0ab78890feb@group-0DB8C7688BF9-LeaderElection543 got exception when requesting votes: {}
java.util.concurrent.ExecutionException: org.apache.ratis.thirdparty.io.grpc.StatusRuntimeException: UNAVAILABLE: io exception
	at java.util.concurrent.FutureTask.report(FutureTask.java:122)
	at java.util.concurrent.FutureTask.get(FutureTask.java:192)
	at org.apache.ratis.server.impl.LeaderElection.waitForResults(LeaderElection.java:259)
	at org.apache.ratis.server.impl.LeaderElection.askForVotes(LeaderElection.java:197)
	at org.apache.ratis.server.impl.LeaderElection.run(LeaderElection.java:133)
	at java.lang.Thread.run(Thread.java:748)
Caused by: org.apache.ratis.thirdparty.io.grpc.StatusRuntimeException: UNAVAILABLE: io exception
	at org.apache.ratis.thirdparty.io.grpc.stub.ClientCalls.toStatusRuntimeException(ClientCalls.java:233)
	at org.apache.ratis.thirdparty.io.grpc.stub.ClientCalls.getUnchecked(ClientCalls.java:214)
	at org.apache.ratis.thirdparty.io.grpc.stub.ClientCalls.blockingUnaryCall(ClientCalls.java:139)
	at org.apache.ratis.proto.grpc.RaftServerProtocolServiceGrpc$RaftServerProtocolServiceBlockingStub.requestVote(RaftServerProtocolServiceGrpc.java:265)
	at org.apache.ratis.grpc.server.GrpcServerProtocolClient.requestVote(GrpcServerProtocolClient.java:99)
	at org.apache.ratis.grpc.server.GrpcService.requestVote(GrpcService.java:204)
	at org.apache.ratis.server.impl.LeaderElection.lambda$submitRequests$1(LeaderElection.java:234)
	at java.util.concurrent.FutureTask.run(FutureTask.java:266)
	at java.util.concurrent.Executors$RunnableAdapter.call(Executors.java:511)
	at java.util.concurrent.FutureTask.run(FutureTask.java:266)
	at java.util.concurrent.ThreadPoolExecutor.runWorker(ThreadPoolExecutor.java:1149)
	at java.util.concurrent.ThreadPoolExecutor$Worker.run(ThreadPoolExecutor.java:624)
	... 1 more
Caused by: org.apache.ratis.thirdparty.io.netty.channel.AbstractChannel$AnnotatedConnectException: Connection refused: /192.168.164.217:39381
	at sun.nio.ch.SocketChannelImpl.checkConnect(Native Method)
	at sun.nio.ch.SocketChannelImpl.finishConnect(SocketChannelImpl.java:717)
	at org.apache.ratis.thirdparty.io.netty.channel.socket.nio.NioSocketChannel.doFinishConnect(NioSocketChannel.java:327)
	at org.apache.ratis.thirdparty.io.netty.channel.nio.AbstractNioChannel$AbstractNioUnsafe.finishConnect(AbstractNioChannel.java:340)
	at org.apache.ratis.thirdparty.io.netty.channel.nio.NioEventLoop.processSelectedKey(NioEventLoop.java:632)
	at org.apache.ratis.thirdparty.io.netty.channel.nio.NioEventLoop.processSelectedKeysOptimized(NioEventLoop.java:579)
	at org.apache.ratis.thirdparty.io.netty.channel.nio.NioEventLoop.processSelectedKeys(NioEventLoop.java:496)
	at org.apache.ratis.thirdparty.io.netty.channel.nio.NioEventLoop.run(NioEventLoop.java:458)
	at org.apache.ratis.thirdparty.io.netty.util.concurrent.SingleThreadEventExecutor$5.run(SingleThreadEventExecutor.java:897)
	at org.apache.ratis.thirdparty.io.netty.util.concurrent.FastThreadLocalRunnable.run(FastThreadLocalRunnable.java:30)
	... 1 more
Caused by: java.net.ConnectException: Connection refused
	... 11 more
2019-11-05 08:24:30,377 [4a682f4f-c3f2-4b77-88b7-f0ab78890feb@group-0DB8C7688BF9-LeaderElection543] INFO  impl.LeaderElection (LogUtils.java:infoOrTrace(149)) - 4a682f4f-c3f2-4b77-88b7-f0ab78890feb@group-0DB8C7688BF9-LeaderElection543 got exception when requesting votes: {}
java.util.concurrent.ExecutionException: org.apache.ratis.thirdparty.io.grpc.StatusRuntimeException: UNAVAILABLE: io exception
	at java.util.concurrent.FutureTask.report(FutureTask.java:122)
	at java.util.concurrent.FutureTask.get(FutureTask.java:192)
	at org.apache.ratis.server.impl.LeaderElection.waitForResults(LeaderElection.java:259)
	at org.apache.ratis.server.impl.LeaderElection.askForVotes(LeaderElection.java:197)
	at org.apache.ratis.server.impl.LeaderElection.run(LeaderElection.java:133)
	at java.lang.Thread.run(Thread.java:748)
Caused by: org.apache.ratis.thirdparty.io.grpc.StatusRuntimeException: UNAVAILABLE: io exception
	at org.apache.ratis.thirdparty.io.grpc.stub.ClientCalls.toStatusRuntimeException(ClientCalls.java:233)
	at org.apache.ratis.thirdparty.io.grpc.stub.ClientCalls.getUnchecked(ClientCalls.java:214)
	at org.apache.ratis.thirdparty.io.grpc.stub.ClientCalls.blockingUnaryCall(ClientCalls.java:139)
	at org.apache.ratis.proto.grpc.RaftServerProtocolServiceGrpc$RaftServerProtocolServiceBlockingStub.requestVote(RaftServerProtocolServiceGrpc.java:265)
	at org.apache.ratis.grpc.server.GrpcServerProtocolClient.requestVote(GrpcServerProtocolClient.java:99)
	at org.apache.ratis.grpc.server.GrpcService.requestVote(GrpcService.java:204)
	at org.apache.ratis.server.impl.LeaderElection.lambda$submitRequests$1(LeaderElection.java:234)
	at java.util.concurrent.FutureTask.run(FutureTask.java:266)
	at java.util.concurrent.Executors$RunnableAdapter.call(Executors.java:511)
	at java.util.concurrent.FutureTask.run(FutureTask.java:266)
	at java.util.concurrent.ThreadPoolExecutor.runWorker(ThreadPoolExecutor.java:1149)
	at java.util.concurrent.ThreadPoolExecutor$Worker.run(ThreadPoolExecutor.java:624)
	... 1 more
Caused by: org.apache.ratis.thirdparty.io.netty.channel.AbstractChannel$AnnotatedConnectException: Connection refused: /192.168.164.217:44149
	at sun.nio.ch.SocketChannelImpl.checkConnect(Native Method)
	at sun.nio.ch.SocketChannelImpl.finishConnect(SocketChannelImpl.java:717)
	at org.apache.ratis.thirdparty.io.netty.channel.socket.nio.NioSocketChannel.doFinishConnect(NioSocketChannel.java:327)
	at org.apache.ratis.thirdparty.io.netty.channel.nio.AbstractNioChannel$AbstractNioUnsafe.finishConnect(AbstractNioChannel.java:340)
	at org.apache.ratis.thirdparty.io.netty.channel.nio.NioEventLoop.processSelectedKey(NioEventLoop.java:632)
	at org.apache.ratis.thirdparty.io.netty.channel.nio.NioEventLoop.processSelectedKeysOptimized(NioEventLoop.java:579)
	at org.apache.ratis.thirdparty.io.netty.channel.nio.NioEventLoop.processSelectedKeys(NioEventLoop.java:496)
	at org.apache.ratis.thirdparty.io.netty.channel.nio.NioEventLoop.run(NioEventLoop.java:458)
	at org.apache.ratis.thirdparty.io.netty.util.concurrent.SingleThreadEventExecutor$5.run(SingleThreadEventExecutor.java:897)
	at org.apache.ratis.thirdparty.io.netty.util.concurrent.FastThreadLocalRunnable.run(FastThreadLocalRunnable.java:30)
	... 1 more
Caused by: java.net.ConnectException: Connection refused
	... 11 more
2019-11-05 08:24:30,378 [4a682f4f-c3f2-4b77-88b7-f0ab78890feb@group-0DB8C7688BF9-LeaderElection543] INFO  impl.LeaderElection (LeaderElection.java:logAndReturn(56)) - 4a682f4f-c3f2-4b77-88b7-f0ab78890feb@group-0DB8C7688BF9-LeaderElection543: Election REJECTED; received 0 response(s) [] and 2 exception(s); 4a682f4f-c3f2-4b77-88b7-f0ab78890feb@group-0DB8C7688BF9:t325, leader=null, voted=4a682f4f-c3f2-4b77-88b7-f0ab78890feb, raftlog=4a682f4f-c3f2-4b77-88b7-f0ab78890feb@group-0DB8C7688BF9-SegmentedRaftLog:OPENED:c-1,f-1,i0, conf=-1: [77ab65e6-d942-49df-83a3-1d4c0bf152b3:192.168.164.217:39381, 7e1b84a9-a041-44fd-8008-f2679426984c:192.168.164.217:44149, 4a682f4f-c3f2-4b77-88b7-f0ab78890feb:192.168.164.217:34174], old=null
2019-11-05 08:24:30,378 [4a682f4f-c3f2-4b77-88b7-f0ab78890feb@group-0DB8C7688BF9-LeaderElection543] INFO  impl.LeaderElection (LogUtils.java:infoOrTrace(149)) -   Exception 0: {}
java.util.concurrent.ExecutionException: org.apache.ratis.thirdparty.io.grpc.StatusRuntimeException: UNAVAILABLE: io exception
	at java.util.concurrent.FutureTask.report(FutureTask.java:122)
	at java.util.concurrent.FutureTask.get(FutureTask.java:192)
	at org.apache.ratis.server.impl.LeaderElection.waitForResults(LeaderElection.java:259)
	at org.apache.ratis.server.impl.LeaderElection.askForVotes(LeaderElection.java:197)
	at org.apache.ratis.server.impl.LeaderElection.run(LeaderElection.java:133)
	at java.lang.Thread.run(Thread.java:748)
Caused by: org.apache.ratis.thirdparty.io.grpc.StatusRuntimeException: UNAVAILABLE: io exception
	at org.apache.ratis.thirdparty.io.grpc.stub.ClientCalls.toStatusRuntimeException(ClientCalls.java:233)
	at org.apache.ratis.thirdparty.io.grpc.stub.ClientCalls.getUnchecked(ClientCalls.java:214)
	at org.apache.ratis.thirdparty.io.grpc.stub.ClientCalls.blockingUnaryCall(ClientCalls.java:139)
	at org.apache.ratis.proto.grpc.RaftServerProtocolServiceGrpc$RaftServerProtocolServiceBlockingStub.requestVote(RaftServerProtocolServiceGrpc.java:265)
	at org.apache.ratis.grpc.server.GrpcServerProtocolClient.requestVote(GrpcServerProtocolClient.java:99)
	at org.apache.ratis.grpc.server.GrpcService.requestVote(GrpcService.java:204)
	at org.apache.ratis.server.impl.LeaderElection.lambda$submitRequests$1(LeaderElection.java:234)
	at java.util.concurrent.FutureTask.run(FutureTask.java:266)
	at java.util.concurrent.Executors$RunnableAdapter.call(Executors.java:511)
	at java.util.concurrent.FutureTask.run(FutureTask.java:266)
	at java.util.concurrent.ThreadPoolExecutor.runWorker(ThreadPoolExecutor.java:1149)
	at java.util.concurrent.ThreadPoolExecutor$Worker.run(ThreadPoolExecutor.java:624)
	... 1 more
Caused by: org.apache.ratis.thirdparty.io.netty.channel.AbstractChannel$AnnotatedConnectException: Connection refused: /192.168.164.217:39381
	at sun.nio.ch.SocketChannelImpl.checkConnect(Native Method)
	at sun.nio.ch.SocketChannelImpl.finishConnect(SocketChannelImpl.java:717)
	at org.apache.ratis.thirdparty.io.netty.channel.socket.nio.NioSocketChannel.doFinishConnect(NioSocketChannel.java:327)
	at org.apache.ratis.thirdparty.io.netty.channel.nio.AbstractNioChannel$AbstractNioUnsafe.finishConnect(AbstractNioChannel.java:340)
	at org.apache.ratis.thirdparty.io.netty.channel.nio.NioEventLoop.processSelectedKey(NioEventLoop.java:632)
	at org.apache.ratis.thirdparty.io.netty.channel.nio.NioEventLoop.processSelectedKeysOptimized(NioEventLoop.java:579)
	at org.apache.ratis.thirdparty.io.netty.channel.nio.NioEventLoop.processSelectedKeys(NioEventLoop.java:496)
	at org.apache.ratis.thirdparty.io.netty.channel.nio.NioEventLoop.run(NioEventLoop.java:458)
	at org.apache.ratis.thirdparty.io.netty.util.concurrent.SingleThreadEventExecutor$5.run(SingleThreadEventExecutor.java:897)
	at org.apache.ratis.thirdparty.io.netty.util.concurrent.FastThreadLocalRunnable.run(FastThreadLocalRunnable.java:30)
	... 1 more
Caused by: java.net.ConnectException: Connection refused
	... 11 more
2019-11-05 08:24:30,378 [4a682f4f-c3f2-4b77-88b7-f0ab78890feb@group-0DB8C7688BF9-LeaderElection543] INFO  impl.LeaderElection (LogUtils.java:infoOrTrace(149)) -   Exception 1: {}
java.util.concurrent.ExecutionException: org.apache.ratis.thirdparty.io.grpc.StatusRuntimeException: UNAVAILABLE: io exception
	at java.util.concurrent.FutureTask.report(FutureTask.java:122)
	at java.util.concurrent.FutureTask.get(FutureTask.java:192)
	at org.apache.ratis.server.impl.LeaderElection.waitForResults(LeaderElection.java:259)
	at org.apache.ratis.server.impl.LeaderElection.askForVotes(LeaderElection.java:197)
	at org.apache.ratis.server.impl.LeaderElection.run(LeaderElection.java:133)
	at java.lang.Thread.run(Thread.java:748)
Caused by: org.apache.ratis.thirdparty.io.grpc.StatusRuntimeException: UNAVAILABLE: io exception
	at org.apache.ratis.thirdparty.io.grpc.stub.ClientCalls.toStatusRuntimeException(ClientCalls.java:233)
	at org.apache.ratis.thirdparty.io.grpc.stub.ClientCalls.getUnchecked(ClientCalls.java:214)
	at org.apache.ratis.thirdparty.io.grpc.stub.ClientCalls.blockingUnaryCall(ClientCalls.java:139)
	at org.apache.ratis.proto.grpc.RaftServerProtocolServiceGrpc$RaftServerProtocolServiceBlockingStub.requestVote(RaftServerProtocolServiceGrpc.java:265)
	at org.apache.ratis.grpc.server.GrpcServerProtocolClient.requestVote(GrpcServerProtocolClient.java:99)
	at org.apache.ratis.grpc.server.GrpcService.requestVote(GrpcService.java:204)
	at org.apache.ratis.server.impl.LeaderElection.lambda$submitRequests$1(LeaderElection.java:234)
	at java.util.concurrent.FutureTask.run(FutureTask.java:266)
	at java.util.concurrent.Executors$RunnableAdapter.call(Executors.java:511)
	at java.util.concurrent.FutureTask.run(FutureTask.java:266)
	at java.util.concurrent.ThreadPoolExecutor.runWorker(ThreadPoolExecutor.java:1149)
	at java.util.concurrent.ThreadPoolExecutor$Worker.run(ThreadPoolExecutor.java:624)
	... 1 more
Caused by: org.apache.ratis.thirdparty.io.netty.channel.AbstractChannel$AnnotatedConnectException: Connection refused: /192.168.164.217:44149
	at sun.nio.ch.SocketChannelImpl.checkConnect(Native Method)
	at sun.nio.ch.SocketChannelImpl.finishConnect(SocketChannelImpl.java:717)
	at org.apache.ratis.thirdparty.io.netty.channel.socket.nio.NioSocketChannel.doFinishConnect(NioSocketChannel.java:327)
	at org.apache.ratis.thirdparty.io.netty.channel.nio.AbstractNioChannel$AbstractNioUnsafe.finishConnect(AbstractNioChannel.java:340)
	at org.apache.ratis.thirdparty.io.netty.channel.nio.NioEventLoop.processSelectedKey(NioEventLoop.java:632)
	at org.apache.ratis.thirdparty.io.netty.channel.nio.NioEventLoop.processSelectedKeysOptimized(NioEventLoop.java:579)
	at org.apache.ratis.thirdparty.io.netty.channel.nio.NioEventLoop.processSelectedKeys(NioEventLoop.java:496)
	at org.apache.ratis.thirdparty.io.netty.channel.nio.NioEventLoop.run(NioEventLoop.java:458)
	at org.apache.ratis.thirdparty.io.netty.util.concurrent.SingleThreadEventExecutor$5.run(SingleThreadEventExecutor.java:897)
	at org.apache.ratis.thirdparty.io.netty.util.concurrent.FastThreadLocalRunnable.run(FastThreadLocalRunnable.java:30)
	... 1 more
Caused by: java.net.ConnectException: Connection refused
	... 11 more
2019-11-05 08:24:30,379 [4a682f4f-c3f2-4b77-88b7-f0ab78890feb@group-0DB8C7688BF9-LeaderElection543] INFO  impl.RaftServerImpl (RaftServerImpl.java:setRole(184)) - 4a682f4f-c3f2-4b77-88b7-f0ab78890feb@group-0DB8C7688BF9: changes role from CANDIDATE to FOLLOWER at term 325 for DISCOVERED_A_NEW_TERM
2019-11-05 08:24:30,379 [4a682f4f-c3f2-4b77-88b7-f0ab78890feb@group-0DB8C7688BF9-LeaderElection543] INFO  impl.RoleInfo (RoleInfo.java:shutdownLeaderElection(134)) - 4a682f4f-c3f2-4b77-88b7-f0ab78890feb: shutdown LeaderElection
2019-11-05 08:24:30,379 [4a682f4f-c3f2-4b77-88b7-f0ab78890feb@group-0DB8C7688BF9-LeaderElection543] INFO  impl.RoleInfo (RoleInfo.java:updateAndGet(143)) - 4a682f4f-c3f2-4b77-88b7-f0ab78890feb: start FollowerState
2019-11-05 08:24:30,536 [Thread-3951] INFO  impl.FollowerState (FollowerState.java:run(108)) - 4a682f4f-c3f2-4b77-88b7-f0ab78890feb@group-0DB8C7688BF9-FollowerState: change to CANDIDATE, lastRpcTime:157ms, electionTimeout:157ms
2019-11-05 08:24:30,536 [Thread-3951] INFO  impl.RoleInfo (RoleInfo.java:shutdownFollowerState(121)) - 4a682f4f-c3f2-4b77-88b7-f0ab78890feb: shutdown FollowerState
2019-11-05 08:24:30,537 [Thread-3951] INFO  impl.RaftServerImpl (RaftServerImpl.java:setRole(184)) - 4a682f4f-c3f2-4b77-88b7-f0ab78890feb@group-0DB8C7688BF9: changes role from  FOLLOWER to CANDIDATE at term 325 for changeToCandidate
2019-11-05 08:24:30,537 [Thread-3951] INFO  impl.RoleInfo (RoleInfo.java:updateAndGet(143)) - 4a682f4f-c3f2-4b77-88b7-f0ab78890feb: start LeaderElection
2019-11-05 08:24:30,550 [4a682f4f-c3f2-4b77-88b7-f0ab78890feb@group-0DB8C7688BF9-LeaderElection544] INFO  impl.LeaderElection (LeaderElection.java:askForVotes(178)) - 4a682f4f-c3f2-4b77-88b7-f0ab78890feb@group-0DB8C7688BF9-LeaderElection544: begin an election at term 326 for -1: [77ab65e6-d942-49df-83a3-1d4c0bf152b3:192.168.164.217:39381, 7e1b84a9-a041-44fd-8008-f2679426984c:192.168.164.217:44149, 4a682f4f-c3f2-4b77-88b7-f0ab78890feb:192.168.164.217:34174], old=null
2019-11-05 08:24:30,551 [4a682f4f-c3f2-4b77-88b7-f0ab78890feb@group-0DB8C7688BF9-LeaderElection544] INFO  impl.LeaderElection (LogUtils.java:infoOrTrace(149)) - 4a682f4f-c3f2-4b77-88b7-f0ab78890feb@group-0DB8C7688BF9-LeaderElection544 got exception when requesting votes: {}
java.util.concurrent.ExecutionException: org.apache.ratis.thirdparty.io.grpc.StatusRuntimeException: UNAVAILABLE: io exception
	at java.util.concurrent.FutureTask.report(FutureTask.java:122)
	at java.util.concurrent.FutureTask.get(FutureTask.java:192)
	at org.apache.ratis.server.impl.LeaderElection.waitForResults(LeaderElection.java:259)
	at org.apache.ratis.server.impl.LeaderElection.askForVotes(LeaderElection.java:197)
	at org.apache.ratis.server.impl.LeaderElection.run(LeaderElection.java:133)
	at java.lang.Thread.run(Thread.java:748)
Caused by: org.apache.ratis.thirdparty.io.grpc.StatusRuntimeException: UNAVAILABLE: io exception
	at org.apache.ratis.thirdparty.io.grpc.stub.ClientCalls.toStatusRuntimeException(ClientCalls.java:233)
	at org.apache.ratis.thirdparty.io.grpc.stub.ClientCalls.getUnchecked(ClientCalls.java:214)
	at org.apache.ratis.thirdparty.io.grpc.stub.ClientCalls.blockingUnaryCall(ClientCalls.java:139)
	at org.apache.ratis.proto.grpc.RaftServerProtocolServiceGrpc$RaftServerProtocolServiceBlockingStub.requestVote(RaftServerProtocolServiceGrpc.java:265)
	at org.apache.ratis.grpc.server.GrpcServerProtocolClient.requestVote(GrpcServerProtocolClient.java:99)
	at org.apache.ratis.grpc.server.GrpcService.requestVote(GrpcService.java:204)
	at org.apache.ratis.server.impl.LeaderElection.lambda$submitRequests$1(LeaderElection.java:234)
	at java.util.concurrent.FutureTask.run(FutureTask.java:266)
	at java.util.concurrent.Executors$RunnableAdapter.call(Executors.java:511)
	at java.util.concurrent.FutureTask.run(FutureTask.java:266)
	at java.util.concurrent.ThreadPoolExecutor.runWorker(ThreadPoolExecutor.java:1149)
	at java.util.concurrent.ThreadPoolExecutor$Worker.run(ThreadPoolExecutor.java:624)
	... 1 more
Caused by: org.apache.ratis.thirdparty.io.netty.channel.AbstractChannel$AnnotatedConnectException: Connection refused: /192.168.164.217:39381
	at sun.nio.ch.SocketChannelImpl.checkConnect(Native Method)
	at sun.nio.ch.SocketChannelImpl.finishConnect(SocketChannelImpl.java:717)
	at org.apache.ratis.thirdparty.io.netty.channel.socket.nio.NioSocketChannel.doFinishConnect(NioSocketChannel.java:327)
	at org.apache.ratis.thirdparty.io.netty.channel.nio.AbstractNioChannel$AbstractNioUnsafe.finishConnect(AbstractNioChannel.java:340)
	at org.apache.ratis.thirdparty.io.netty.channel.nio.NioEventLoop.processSelectedKey(NioEventLoop.java:632)
	at org.apache.ratis.thirdparty.io.netty.channel.nio.NioEventLoop.processSelectedKeysOptimized(NioEventLoop.java:579)
	at org.apache.ratis.thirdparty.io.netty.channel.nio.NioEventLoop.processSelectedKeys(NioEventLoop.java:496)
	at org.apache.ratis.thirdparty.io.netty.channel.nio.NioEventLoop.run(NioEventLoop.java:458)
	at org.apache.ratis.thirdparty.io.netty.util.concurrent.SingleThreadEventExecutor$5.run(SingleThreadEventExecutor.java:897)
	at org.apache.ratis.thirdparty.io.netty.util.concurrent.FastThreadLocalRunnable.run(FastThreadLocalRunnable.java:30)
	... 1 more
Caused by: java.net.ConnectException: Connection refused
	... 11 more
2019-11-05 08:24:30,551 [4a682f4f-c3f2-4b77-88b7-f0ab78890feb@group-0DB8C7688BF9-LeaderElection544] INFO  impl.LeaderElection (LogUtils.java:infoOrTrace(149)) - 4a682f4f-c3f2-4b77-88b7-f0ab78890feb@group-0DB8C7688BF9-LeaderElection544 got exception when requesting votes: {}
java.util.concurrent.ExecutionException: org.apache.ratis.thirdparty.io.grpc.StatusRuntimeException: UNAVAILABLE: io exception
	at java.util.concurrent.FutureTask.report(FutureTask.java:122)
	at java.util.concurrent.FutureTask.get(FutureTask.java:192)
	at org.apache.ratis.server.impl.LeaderElection.waitForResults(LeaderElection.java:259)
	at org.apache.ratis.server.impl.LeaderElection.askForVotes(LeaderElection.java:197)
	at org.apache.ratis.server.impl.LeaderElection.run(LeaderElection.java:133)
	at java.lang.Thread.run(Thread.java:748)
Caused by: org.apache.ratis.thirdparty.io.grpc.StatusRuntimeException: UNAVAILABLE: io exception
	at org.apache.ratis.thirdparty.io.grpc.stub.ClientCalls.toStatusRuntimeException(ClientCalls.java:233)
	at org.apache.ratis.thirdparty.io.grpc.stub.ClientCalls.getUnchecked(ClientCalls.java:214)
	at org.apache.ratis.thirdparty.io.grpc.stub.ClientCalls.blockingUnaryCall(ClientCalls.java:139)
	at org.apache.ratis.proto.grpc.RaftServerProtocolServiceGrpc$RaftServerProtocolServiceBlockingStub.requestVote(RaftServerProtocolServiceGrpc.java:265)
	at org.apache.ratis.grpc.server.GrpcServerProtocolClient.requestVote(GrpcServerProtocolClient.java:99)
	at org.apache.ratis.grpc.server.GrpcService.requestVote(GrpcService.java:204)
	at org.apache.ratis.server.impl.LeaderElection.lambda$submitRequests$1(LeaderElection.java:234)
	at java.util.concurrent.FutureTask.run(FutureTask.java:266)
	at java.util.concurrent.Executors$RunnableAdapter.call(Executors.java:511)
	at java.util.concurrent.FutureTask.run(FutureTask.java:266)
	at java.util.concurrent.ThreadPoolExecutor.runWorker(ThreadPoolExecutor.java:1149)
	at java.util.concurrent.ThreadPoolExecutor$Worker.run(ThreadPoolExecutor.java:624)
	... 1 more
Caused by: org.apache.ratis.thirdparty.io.netty.channel.AbstractChannel$AnnotatedConnectException: Connection refused: /192.168.164.217:44149
	at sun.nio.ch.SocketChannelImpl.checkConnect(Native Method)
	at sun.nio.ch.SocketChannelImpl.finishConnect(SocketChannelImpl.java:717)
	at org.apache.ratis.thirdparty.io.netty.channel.socket.nio.NioSocketChannel.doFinishConnect(NioSocketChannel.java:327)
	at org.apache.ratis.thirdparty.io.netty.channel.nio.AbstractNioChannel$AbstractNioUnsafe.finishConnect(AbstractNioChannel.java:340)
	at org.apache.ratis.thirdparty.io.netty.channel.nio.NioEventLoop.processSelectedKey(NioEventLoop.java:632)
	at org.apache.ratis.thirdparty.io.netty.channel.nio.NioEventLoop.processSelectedKeysOptimized(NioEventLoop.java:579)
	at org.apache.ratis.thirdparty.io.netty.channel.nio.NioEventLoop.processSelectedKeys(NioEventLoop.java:496)
	at org.apache.ratis.thirdparty.io.netty.channel.nio.NioEventLoop.run(NioEventLoop.java:458)
	at org.apache.ratis.thirdparty.io.netty.util.concurrent.SingleThreadEventExecutor$5.run(SingleThreadEventExecutor.java:897)
	at org.apache.ratis.thirdparty.io.netty.util.concurrent.FastThreadLocalRunnable.run(FastThreadLocalRunnable.java:30)
	... 1 more
Caused by: java.net.ConnectException: Connection refused
	... 11 more
2019-11-05 08:24:30,552 [4a682f4f-c3f2-4b77-88b7-f0ab78890feb@group-0DB8C7688BF9-LeaderElection544] INFO  impl.LeaderElection (LeaderElection.java:logAndReturn(56)) - 4a682f4f-c3f2-4b77-88b7-f0ab78890feb@group-0DB8C7688BF9-LeaderElection544: Election REJECTED; received 0 response(s) [] and 2 exception(s); 4a682f4f-c3f2-4b77-88b7-f0ab78890feb@group-0DB8C7688BF9:t326, leader=null, voted=4a682f4f-c3f2-4b77-88b7-f0ab78890feb, raftlog=4a682f4f-c3f2-4b77-88b7-f0ab78890feb@group-0DB8C7688BF9-SegmentedRaftLog:OPENED:c-1,f-1,i0, conf=-1: [77ab65e6-d942-49df-83a3-1d4c0bf152b3:192.168.164.217:39381, 7e1b84a9-a041-44fd-8008-f2679426984c:192.168.164.217:44149, 4a682f4f-c3f2-4b77-88b7-f0ab78890feb:192.168.164.217:34174], old=null
2019-11-05 08:24:30,552 [4a682f4f-c3f2-4b77-88b7-f0ab78890feb@group-0DB8C7688BF9-LeaderElection544] INFO  impl.LeaderElection (LogUtils.java:infoOrTrace(149)) -   Exception 0: {}
java.util.concurrent.ExecutionException: org.apache.ratis.thirdparty.io.grpc.StatusRuntimeException: UNAVAILABLE: io exception
	at java.util.concurrent.FutureTask.report(FutureTask.java:122)
	at java.util.concurrent.FutureTask.get(FutureTask.java:192)
	at org.apache.ratis.server.impl.LeaderElection.waitForResults(LeaderElection.java:259)
	at org.apache.ratis.server.impl.LeaderElection.askForVotes(LeaderElection.java:197)
	at org.apache.ratis.server.impl.LeaderElection.run(LeaderElection.java:133)
	at java.lang.Thread.run(Thread.java:748)
Caused by: org.apache.ratis.thirdparty.io.grpc.StatusRuntimeException: UNAVAILABLE: io exception
	at org.apache.ratis.thirdparty.io.grpc.stub.ClientCalls.toStatusRuntimeException(ClientCalls.java:233)
	at org.apache.ratis.thirdparty.io.grpc.stub.ClientCalls.getUnchecked(ClientCalls.java:214)
	at org.apache.ratis.thirdparty.io.grpc.stub.ClientCalls.blockingUnaryCall(ClientCalls.java:139)
	at org.apache.ratis.proto.grpc.RaftServerProtocolServiceGrpc$RaftServerProtocolServiceBlockingStub.requestVote(RaftServerProtocolServiceGrpc.java:265)
	at org.apache.ratis.grpc.server.GrpcServerProtocolClient.requestVote(GrpcServerProtocolClient.java:99)
	at org.apache.ratis.grpc.server.GrpcService.requestVote(GrpcService.java:204)
	at org.apache.ratis.server.impl.LeaderElection.lambda$submitRequests$1(LeaderElection.java:234)
	at java.util.concurrent.FutureTask.run(FutureTask.java:266)
	at java.util.concurrent.Executors$RunnableAdapter.call(Executors.java:511)
	at java.util.concurrent.FutureTask.run(FutureTask.java:266)
	at java.util.concurrent.ThreadPoolExecutor.runWorker(ThreadPoolExecutor.java:1149)
	at java.util.concurrent.ThreadPoolExecutor$Worker.run(ThreadPoolExecutor.java:624)
	... 1 more
Caused by: org.apache.ratis.thirdparty.io.netty.channel.AbstractChannel$AnnotatedConnectException: Connection refused: /192.168.164.217:39381
	at sun.nio.ch.SocketChannelImpl.checkConnect(Native Method)
	at sun.nio.ch.SocketChannelImpl.finishConnect(SocketChannelImpl.java:717)
	at org.apache.ratis.thirdparty.io.netty.channel.socket.nio.NioSocketChannel.doFinishConnect(NioSocketChannel.java:327)
	at org.apache.ratis.thirdparty.io.netty.channel.nio.AbstractNioChannel$AbstractNioUnsafe.finishConnect(AbstractNioChannel.java:340)
	at org.apache.ratis.thirdparty.io.netty.channel.nio.NioEventLoop.processSelectedKey(NioEventLoop.java:632)
	at org.apache.ratis.thirdparty.io.netty.channel.nio.NioEventLoop.processSelectedKeysOptimized(NioEventLoop.java:579)
	at org.apache.ratis.thirdparty.io.netty.channel.nio.NioEventLoop.processSelectedKeys(NioEventLoop.java:496)
	at org.apache.ratis.thirdparty.io.netty.channel.nio.NioEventLoop.run(NioEventLoop.java:458)
	at org.apache.ratis.thirdparty.io.netty.util.concurrent.SingleThreadEventExecutor$5.run(SingleThreadEventExecutor.java:897)
	at org.apache.ratis.thirdparty.io.netty.util.concurrent.FastThreadLocalRunnable.run(FastThreadLocalRunnable.java:30)
	... 1 more
Caused by: java.net.ConnectException: Connection refused
	... 11 more
2019-11-05 08:24:30,552 [4a682f4f-c3f2-4b77-88b7-f0ab78890feb@group-0DB8C7688BF9-LeaderElection544] INFO  impl.LeaderElection (LogUtils.java:infoOrTrace(149)) -   Exception 1: {}
java.util.concurrent.ExecutionException: org.apache.ratis.thirdparty.io.grpc.StatusRuntimeException: UNAVAILABLE: io exception
	at java.util.concurrent.FutureTask.report(FutureTask.java:122)
	at java.util.concurrent.FutureTask.get(FutureTask.java:192)
	at org.apache.ratis.server.impl.LeaderElection.waitForResults(LeaderElection.java:259)
	at org.apache.ratis.server.impl.LeaderElection.askForVotes(LeaderElection.java:197)
	at org.apache.ratis.server.impl.LeaderElection.run(LeaderElection.java:133)
	at java.lang.Thread.run(Thread.java:748)
Caused by: org.apache.ratis.thirdparty.io.grpc.StatusRuntimeException: UNAVAILABLE: io exception
	at org.apache.ratis.thirdparty.io.grpc.stub.ClientCalls.toStatusRuntimeException(ClientCalls.java:233)
	at org.apache.ratis.thirdparty.io.grpc.stub.ClientCalls.getUnchecked(ClientCalls.java:214)
	at org.apache.ratis.thirdparty.io.grpc.stub.ClientCalls.blockingUnaryCall(ClientCalls.java:139)
	at org.apache.ratis.proto.grpc.RaftServerProtocolServiceGrpc$RaftServerProtocolServiceBlockingStub.requestVote(RaftServerProtocolServiceGrpc.java:265)
	at org.apache.ratis.grpc.server.GrpcServerProtocolClient.requestVote(GrpcServerProtocolClient.java:99)
	at org.apache.ratis.grpc.server.GrpcService.requestVote(GrpcService.java:204)
	at org.apache.ratis.server.impl.LeaderElection.lambda$submitRequests$1(LeaderElection.java:234)
	at java.util.concurrent.FutureTask.run(FutureTask.java:266)
	at java.util.concurrent.Executors$RunnableAdapter.call(Executors.java:511)
	at java.util.concurrent.FutureTask.run(FutureTask.java:266)
	at java.util.concurrent.ThreadPoolExecutor.runWorker(ThreadPoolExecutor.java:1149)
	at java.util.concurrent.ThreadPoolExecutor$Worker.run(ThreadPoolExecutor.java:624)
	... 1 more
Caused by: org.apache.ratis.thirdparty.io.netty.channel.AbstractChannel$AnnotatedConnectException: Connection refused: /192.168.164.217:44149
	at sun.nio.ch.SocketChannelImpl.checkConnect(Native Method)
	at sun.nio.ch.SocketChannelImpl.finishConnect(SocketChannelImpl.java:717)
	at org.apache.ratis.thirdparty.io.netty.channel.socket.nio.NioSocketChannel.doFinishConnect(NioSocketChannel.java:327)
	at org.apache.ratis.thirdparty.io.netty.channel.nio.AbstractNioChannel$AbstractNioUnsafe.finishConnect(AbstractNioChannel.java:340)
	at org.apache.ratis.thirdparty.io.netty.channel.nio.NioEventLoop.processSelectedKey(NioEventLoop.java:632)
	at org.apache.ratis.thirdparty.io.netty.channel.nio.NioEventLoop.processSelectedKeysOptimized(NioEventLoop.java:579)
	at org.apache.ratis.thirdparty.io.netty.channel.nio.NioEventLoop.processSelectedKeys(NioEventLoop.java:496)
	at org.apache.ratis.thirdparty.io.netty.channel.nio.NioEventLoop.run(NioEventLoop.java:458)
	at org.apache.ratis.thirdparty.io.netty.util.concurrent.SingleThreadEventExecutor$5.run(SingleThreadEventExecutor.java:897)
	at org.apache.ratis.thirdparty.io.netty.util.concurrent.FastThreadLocalRunnable.run(FastThreadLocalRunnable.java:30)
	... 1 more
Caused by: java.net.ConnectException: Connection refused
	... 11 more
2019-11-05 08:24:30,552 [4a682f4f-c3f2-4b77-88b7-f0ab78890feb@group-0DB8C7688BF9-LeaderElection544] INFO  impl.RaftServerImpl (RaftServerImpl.java:setRole(184)) - 4a682f4f-c3f2-4b77-88b7-f0ab78890feb@group-0DB8C7688BF9: changes role from CANDIDATE to FOLLOWER at term 326 for DISCOVERED_A_NEW_TERM
2019-11-05 08:24:30,553 [4a682f4f-c3f2-4b77-88b7-f0ab78890feb@group-0DB8C7688BF9-LeaderElection544] INFO  impl.RoleInfo (RoleInfo.java:shutdownLeaderElection(134)) - 4a682f4f-c3f2-4b77-88b7-f0ab78890feb: shutdown LeaderElection
2019-11-05 08:24:30,553 [4a682f4f-c3f2-4b77-88b7-f0ab78890feb@group-0DB8C7688BF9-LeaderElection544] INFO  impl.RoleInfo (RoleInfo.java:updateAndGet(143)) - 4a682f4f-c3f2-4b77-88b7-f0ab78890feb: start FollowerState
2019-11-05 08:24:30,621 [Thread-3955] INFO  impl.FollowerState (FollowerState.java:run(108)) - 4a682f4f-c3f2-4b77-88b7-f0ab78890feb@group-0DB8C7688BF9-FollowerState: change to CANDIDATE, lastRpcTime:68ms, electionTimeout:68ms
2019-11-05 08:24:30,621 [Thread-3955] INFO  impl.RoleInfo (RoleInfo.java:shutdownFollowerState(121)) - 4a682f4f-c3f2-4b77-88b7-f0ab78890feb: shutdown FollowerState
2019-11-05 08:24:30,621 [Thread-3955] INFO  impl.RaftServerImpl (RaftServerImpl.java:setRole(184)) - 4a682f4f-c3f2-4b77-88b7-f0ab78890feb@group-0DB8C7688BF9: changes role from  FOLLOWER to CANDIDATE at term 326 for changeToCandidate
2019-11-05 08:24:30,621 [Thread-3955] INFO  impl.RoleInfo (RoleInfo.java:updateAndGet(143)) - 4a682f4f-c3f2-4b77-88b7-f0ab78890feb: start LeaderElection
2019-11-05 08:24:30,646 [4a682f4f-c3f2-4b77-88b7-f0ab78890feb@group-0DB8C7688BF9-LeaderElection545] INFO  impl.LeaderElection (LeaderElection.java:askForVotes(178)) - 4a682f4f-c3f2-4b77-88b7-f0ab78890feb@group-0DB8C7688BF9-LeaderElection545: begin an election at term 327 for -1: [77ab65e6-d942-49df-83a3-1d4c0bf152b3:192.168.164.217:39381, 7e1b84a9-a041-44fd-8008-f2679426984c:192.168.164.217:44149, 4a682f4f-c3f2-4b77-88b7-f0ab78890feb:192.168.164.217:34174], old=null
2019-11-05 08:24:30,647 [4a682f4f-c3f2-4b77-88b7-f0ab78890feb@group-0DB8C7688BF9-LeaderElection545] INFO  impl.LeaderElection (LogUtils.java:infoOrTrace(149)) - 4a682f4f-c3f2-4b77-88b7-f0ab78890feb@group-0DB8C7688BF9-LeaderElection545 got exception when requesting votes: {}
java.util.concurrent.ExecutionException: org.apache.ratis.thirdparty.io.grpc.StatusRuntimeException: UNAVAILABLE: io exception
	at java.util.concurrent.FutureTask.report(FutureTask.java:122)
	at java.util.concurrent.FutureTask.get(FutureTask.java:192)
	at org.apache.ratis.server.impl.LeaderElection.waitForResults(LeaderElection.java:259)
	at org.apache.ratis.server.impl.LeaderElection.askForVotes(LeaderElection.java:197)
	at org.apache.ratis.server.impl.LeaderElection.run(LeaderElection.java:133)
	at java.lang.Thread.run(Thread.java:748)
Caused by: org.apache.ratis.thirdparty.io.grpc.StatusRuntimeException: UNAVAILABLE: io exception
	at org.apache.ratis.thirdparty.io.grpc.stub.ClientCalls.toStatusRuntimeException(ClientCalls.java:233)
	at org.apache.ratis.thirdparty.io.grpc.stub.ClientCalls.getUnchecked(ClientCalls.java:214)
	at org.apache.ratis.thirdparty.io.grpc.stub.ClientCalls.blockingUnaryCall(ClientCalls.java:139)
	at org.apache.ratis.proto.grpc.RaftServerProtocolServiceGrpc$RaftServerProtocolServiceBlockingStub.requestVote(RaftServerProtocolServiceGrpc.java:265)
	at org.apache.ratis.grpc.server.GrpcServerProtocolClient.requestVote(GrpcServerProtocolClient.java:99)
	at org.apache.ratis.grpc.server.GrpcService.requestVote(GrpcService.java:204)
	at org.apache.ratis.server.impl.LeaderElection.lambda$submitRequests$1(LeaderElection.java:234)
	at java.util.concurrent.FutureTask.run(FutureTask.java:266)
	at java.util.concurrent.Executors$RunnableAdapter.call(Executors.java:511)
	at java.util.concurrent.FutureTask.run(FutureTask.java:266)
	at java.util.concurrent.ThreadPoolExecutor.runWorker(ThreadPoolExecutor.java:1149)
	at java.util.concurrent.ThreadPoolExecutor$Worker.run(ThreadPoolExecutor.java:624)
	... 1 more
Caused by: org.apache.ratis.thirdparty.io.netty.channel.AbstractChannel$AnnotatedConnectException: Connection refused: /192.168.164.217:39381
	at sun.nio.ch.SocketChannelImpl.checkConnect(Native Method)
	at sun.nio.ch.SocketChannelImpl.finishConnect(SocketChannelImpl.java:717)
	at org.apache.ratis.thirdparty.io.netty.channel.socket.nio.NioSocketChannel.doFinishConnect(NioSocketChannel.java:327)
	at org.apache.ratis.thirdparty.io.netty.channel.nio.AbstractNioChannel$AbstractNioUnsafe.finishConnect(AbstractNioChannel.java:340)
	at org.apache.ratis.thirdparty.io.netty.channel.nio.NioEventLoop.processSelectedKey(NioEventLoop.java:632)
	at org.apache.ratis.thirdparty.io.netty.channel.nio.NioEventLoop.processSelectedKeysOptimized(NioEventLoop.java:579)
	at org.apache.ratis.thirdparty.io.netty.channel.nio.NioEventLoop.processSelectedKeys(NioEventLoop.java:496)
	at org.apache.ratis.thirdparty.io.netty.channel.nio.NioEventLoop.run(NioEventLoop.java:458)
	at org.apache.ratis.thirdparty.io.netty.util.concurrent.SingleThreadEventExecutor$5.run(SingleThreadEventExecutor.java:897)
	at org.apache.ratis.thirdparty.io.netty.util.concurrent.FastThreadLocalRunnable.run(FastThreadLocalRunnable.java:30)
	... 1 more
Caused by: java.net.ConnectException: Connection refused
	... 11 more
2019-11-05 08:24:30,648 [4a682f4f-c3f2-4b77-88b7-f0ab78890feb@group-0DB8C7688BF9-LeaderElection545] INFO  impl.LeaderElection (LogUtils.java:infoOrTrace(149)) - 4a682f4f-c3f2-4b77-88b7-f0ab78890feb@group-0DB8C7688BF9-LeaderElection545 got exception when requesting votes: {}
java.util.concurrent.ExecutionException: org.apache.ratis.thirdparty.io.grpc.StatusRuntimeException: UNAVAILABLE: io exception
	at java.util.concurrent.FutureTask.report(FutureTask.java:122)
	at java.util.concurrent.FutureTask.get(FutureTask.java:192)
	at org.apache.ratis.server.impl.LeaderElection.waitForResults(LeaderElection.java:259)
	at org.apache.ratis.server.impl.LeaderElection.askForVotes(LeaderElection.java:197)
	at org.apache.ratis.server.impl.LeaderElection.run(LeaderElection.java:133)
	at java.lang.Thread.run(Thread.java:748)
Caused by: org.apache.ratis.thirdparty.io.grpc.StatusRuntimeException: UNAVAILABLE: io exception
	at org.apache.ratis.thirdparty.io.grpc.stub.ClientCalls.toStatusRuntimeException(ClientCalls.java:233)
	at org.apache.ratis.thirdparty.io.grpc.stub.ClientCalls.getUnchecked(ClientCalls.java:214)
	at org.apache.ratis.thirdparty.io.grpc.stub.ClientCalls.blockingUnaryCall(ClientCalls.java:139)
	at org.apache.ratis.proto.grpc.RaftServerProtocolServiceGrpc$RaftServerProtocolServiceBlockingStub.requestVote(RaftServerProtocolServiceGrpc.java:265)
	at org.apache.ratis.grpc.server.GrpcServerProtocolClient.requestVote(GrpcServerProtocolClient.java:99)
	at org.apache.ratis.grpc.server.GrpcService.requestVote(GrpcService.java:204)
	at org.apache.ratis.server.impl.LeaderElection.lambda$submitRequests$1(LeaderElection.java:234)
	at java.util.concurrent.FutureTask.run(FutureTask.java:266)
	at java.util.concurrent.Executors$RunnableAdapter.call(Executors.java:511)
	at java.util.concurrent.FutureTask.run(FutureTask.java:266)
	at java.util.concurrent.ThreadPoolExecutor.runWorker(ThreadPoolExecutor.java:1149)
	at java.util.concurrent.ThreadPoolExecutor$Worker.run(ThreadPoolExecutor.java:624)
	... 1 more
Caused by: org.apache.ratis.thirdparty.io.netty.channel.AbstractChannel$AnnotatedConnectException: Connection refused: /192.168.164.217:44149
	at sun.nio.ch.SocketChannelImpl.checkConnect(Native Method)
	at sun.nio.ch.SocketChannelImpl.finishConnect(SocketChannelImpl.java:717)
	at org.apache.ratis.thirdparty.io.netty.channel.socket.nio.NioSocketChannel.doFinishConnect(NioSocketChannel.java:327)
	at org.apache.ratis.thirdparty.io.netty.channel.nio.AbstractNioChannel$AbstractNioUnsafe.finishConnect(AbstractNioChannel.java:340)
	at org.apache.ratis.thirdparty.io.netty.channel.nio.NioEventLoop.processSelectedKey(NioEventLoop.java:632)
	at org.apache.ratis.thirdparty.io.netty.channel.nio.NioEventLoop.processSelectedKeysOptimized(NioEventLoop.java:579)
	at org.apache.ratis.thirdparty.io.netty.channel.nio.NioEventLoop.processSelectedKeys(NioEventLoop.java:496)
	at org.apache.ratis.thirdparty.io.netty.channel.nio.NioEventLoop.run(NioEventLoop.java:458)
	at org.apache.ratis.thirdparty.io.netty.util.concurrent.SingleThreadEventExecutor$5.run(SingleThreadEventExecutor.java:897)
	at org.apache.ratis.thirdparty.io.netty.util.concurrent.FastThreadLocalRunnable.run(FastThreadLocalRunnable.java:30)
	... 1 more
Caused by: java.net.ConnectException: Connection refused
	... 11 more
2019-11-05 08:24:30,648 [4a682f4f-c3f2-4b77-88b7-f0ab78890feb@group-0DB8C7688BF9-LeaderElection545] INFO  impl.LeaderElection (LeaderElection.java:logAndReturn(56)) - 4a682f4f-c3f2-4b77-88b7-f0ab78890feb@group-0DB8C7688BF9-LeaderElection545: Election REJECTED; received 0 response(s) [] and 2 exception(s); 4a682f4f-c3f2-4b77-88b7-f0ab78890feb@group-0DB8C7688BF9:t327, leader=null, voted=4a682f4f-c3f2-4b77-88b7-f0ab78890feb, raftlog=4a682f4f-c3f2-4b77-88b7-f0ab78890feb@group-0DB8C7688BF9-SegmentedRaftLog:OPENED:c-1,f-1,i0, conf=-1: [77ab65e6-d942-49df-83a3-1d4c0bf152b3:192.168.164.217:39381, 7e1b84a9-a041-44fd-8008-f2679426984c:192.168.164.217:44149, 4a682f4f-c3f2-4b77-88b7-f0ab78890feb:192.168.164.217:34174], old=null
2019-11-05 08:24:30,648 [4a682f4f-c3f2-4b77-88b7-f0ab78890feb@group-0DB8C7688BF9-LeaderElection545] INFO  impl.LeaderElection (LogUtils.java:infoOrTrace(149)) -   Exception 0: {}
java.util.concurrent.ExecutionException: org.apache.ratis.thirdparty.io.grpc.StatusRuntimeException: UNAVAILABLE: io exception
	at java.util.concurrent.FutureTask.report(FutureTask.java:122)
	at java.util.concurrent.FutureTask.get(FutureTask.java:192)
	at org.apache.ratis.server.impl.LeaderElection.waitForResults(LeaderElection.java:259)
	at org.apache.ratis.server.impl.LeaderElection.askForVotes(LeaderElection.java:197)
	at org.apache.ratis.server.impl.LeaderElection.run(LeaderElection.java:133)
	at java.lang.Thread.run(Thread.java:748)
Caused by: org.apache.ratis.thirdparty.io.grpc.StatusRuntimeException: UNAVAILABLE: io exception
	at org.apache.ratis.thirdparty.io.grpc.stub.ClientCalls.toStatusRuntimeException(ClientCalls.java:233)
	at org.apache.ratis.thirdparty.io.grpc.stub.ClientCalls.getUnchecked(ClientCalls.java:214)
	at org.apache.ratis.thirdparty.io.grpc.stub.ClientCalls.blockingUnaryCall(ClientCalls.java:139)
	at org.apache.ratis.proto.grpc.RaftServerProtocolServiceGrpc$RaftServerProtocolServiceBlockingStub.requestVote(RaftServerProtocolServiceGrpc.java:265)
	at org.apache.ratis.grpc.server.GrpcServerProtocolClient.requestVote(GrpcServerProtocolClient.java:99)
	at org.apache.ratis.grpc.server.GrpcService.requestVote(GrpcService.java:204)
	at org.apache.ratis.server.impl.LeaderElection.lambda$submitRequests$1(LeaderElection.java:234)
	at java.util.concurrent.FutureTask.run(FutureTask.java:266)
	at java.util.concurrent.Executors$RunnableAdapter.call(Executors.java:511)
	at java.util.concurrent.FutureTask.run(FutureTask.java:266)
	at java.util.concurrent.ThreadPoolExecutor.runWorker(ThreadPoolExecutor.java:1149)
	at java.util.concurrent.ThreadPoolExecutor$Worker.run(ThreadPoolExecutor.java:624)
	... 1 more
Caused by: org.apache.ratis.thirdparty.io.netty.channel.AbstractChannel$AnnotatedConnectException: Connection refused: /192.168.164.217:39381
	at sun.nio.ch.SocketChannelImpl.checkConnect(Native Method)
	at sun.nio.ch.SocketChannelImpl.finishConnect(SocketChannelImpl.java:717)
	at org.apache.ratis.thirdparty.io.netty.channel.socket.nio.NioSocketChannel.doFinishConnect(NioSocketChannel.java:327)
	at org.apache.ratis.thirdparty.io.netty.channel.nio.AbstractNioChannel$AbstractNioUnsafe.finishConnect(AbstractNioChannel.java:340)
	at org.apache.ratis.thirdparty.io.netty.channel.nio.NioEventLoop.processSelectedKey(NioEventLoop.java:632)
	at org.apache.ratis.thirdparty.io.netty.channel.nio.NioEventLoop.processSelectedKeysOptimized(NioEventLoop.java:579)
	at org.apache.ratis.thirdparty.io.netty.channel.nio.NioEventLoop.processSelectedKeys(NioEventLoop.java:496)
	at org.apache.ratis.thirdparty.io.netty.channel.nio.NioEventLoop.run(NioEventLoop.java:458)
	at org.apache.ratis.thirdparty.io.netty.util.concurrent.SingleThreadEventExecutor$5.run(SingleThreadEventExecutor.java:897)
	at org.apache.ratis.thirdparty.io.netty.util.concurrent.FastThreadLocalRunnable.run(FastThreadLocalRunnable.java:30)
	... 1 more
Caused by: java.net.ConnectException: Connection refused
	... 11 more
2019-11-05 08:24:30,648 [4a682f4f-c3f2-4b77-88b7-f0ab78890feb@group-0DB8C7688BF9-LeaderElection545] INFO  impl.LeaderElection (LogUtils.java:infoOrTrace(149)) -   Exception 1: {}
java.util.concurrent.ExecutionException: org.apache.ratis.thirdparty.io.grpc.StatusRuntimeException: UNAVAILABLE: io exception
	at java.util.concurrent.FutureTask.report(FutureTask.java:122)
	at java.util.concurrent.FutureTask.get(FutureTask.java:192)
	at org.apache.ratis.server.impl.LeaderElection.waitForResults(LeaderElection.java:259)
	at org.apache.ratis.server.impl.LeaderElection.askForVotes(LeaderElection.java:197)
	at org.apache.ratis.server.impl.LeaderElection.run(LeaderElection.java:133)
	at java.lang.Thread.run(Thread.java:748)
Caused by: org.apache.ratis.thirdparty.io.grpc.StatusRuntimeException: UNAVAILABLE: io exception
	at org.apache.ratis.thirdparty.io.grpc.stub.ClientCalls.toStatusRuntimeException(ClientCalls.java:233)
	at org.apache.ratis.thirdparty.io.grpc.stub.ClientCalls.getUnchecked(ClientCalls.java:214)
	at org.apache.ratis.thirdparty.io.grpc.stub.ClientCalls.blockingUnaryCall(ClientCalls.java:139)
	at org.apache.ratis.proto.grpc.RaftServerProtocolServiceGrpc$RaftServerProtocolServiceBlockingStub.requestVote(RaftServerProtocolServiceGrpc.java:265)
	at org.apache.ratis.grpc.server.GrpcServerProtocolClient.requestVote(GrpcServerProtocolClient.java:99)
	at org.apache.ratis.grpc.server.GrpcService.requestVote(GrpcService.java:204)
	at org.apache.ratis.server.impl.LeaderElection.lambda$submitRequests$1(LeaderElection.java:234)
	at java.util.concurrent.FutureTask.run(FutureTask.java:266)
	at java.util.concurrent.Executors$RunnableAdapter.call(Executors.java:511)
	at java.util.concurrent.FutureTask.run(FutureTask.java:266)
	at java.util.concurrent.ThreadPoolExecutor.runWorker(ThreadPoolExecutor.java:1149)
	at java.util.concurrent.ThreadPoolExecutor$Worker.run(ThreadPoolExecutor.java:624)
	... 1 more
Caused by: org.apache.ratis.thirdparty.io.netty.channel.AbstractChannel$AnnotatedConnectException: Connection refused: /192.168.164.217:44149
	at sun.nio.ch.SocketChannelImpl.checkConnect(Native Method)
	at sun.nio.ch.SocketChannelImpl.finishConnect(SocketChannelImpl.java:717)
	at org.apache.ratis.thirdparty.io.netty.channel.socket.nio.NioSocketChannel.doFinishConnect(NioSocketChannel.java:327)
	at org.apache.ratis.thirdparty.io.netty.channel.nio.AbstractNioChannel$AbstractNioUnsafe.finishConnect(AbstractNioChannel.java:340)
	at org.apache.ratis.thirdparty.io.netty.channel.nio.NioEventLoop.processSelectedKey(NioEventLoop.java:632)
	at org.apache.ratis.thirdparty.io.netty.channel.nio.NioEventLoop.processSelectedKeysOptimized(NioEventLoop.java:579)
	at org.apache.ratis.thirdparty.io.netty.channel.nio.NioEventLoop.processSelectedKeys(NioEventLoop.java:496)
	at org.apache.ratis.thirdparty.io.netty.channel.nio.NioEventLoop.run(NioEventLoop.java:458)
	at org.apache.ratis.thirdparty.io.netty.util.concurrent.SingleThreadEventExecutor$5.run(SingleThreadEventExecutor.java:897)
	at org.apache.ratis.thirdparty.io.netty.util.concurrent.FastThreadLocalRunnable.run(FastThreadLocalRunnable.java:30)
	... 1 more
Caused by: java.net.ConnectException: Connection refused
	... 11 more
2019-11-05 08:24:30,649 [4a682f4f-c3f2-4b77-88b7-f0ab78890feb@group-0DB8C7688BF9-LeaderElection545] INFO  impl.RaftServerImpl (RaftServerImpl.java:setRole(184)) - 4a682f4f-c3f2-4b77-88b7-f0ab78890feb@group-0DB8C7688BF9: changes role from CANDIDATE to FOLLOWER at term 327 for DISCOVERED_A_NEW_TERM
2019-11-05 08:24:30,649 [4a682f4f-c3f2-4b77-88b7-f0ab78890feb@group-0DB8C7688BF9-LeaderElection545] INFO  impl.RoleInfo (RoleInfo.java:shutdownLeaderElection(134)) - 4a682f4f-c3f2-4b77-88b7-f0ab78890feb: shutdown LeaderElection
2019-11-05 08:24:30,649 [4a682f4f-c3f2-4b77-88b7-f0ab78890feb@group-0DB8C7688BF9-LeaderElection545] INFO  impl.RoleInfo (RoleInfo.java:updateAndGet(143)) - 4a682f4f-c3f2-4b77-88b7-f0ab78890feb: start FollowerState
2019-11-05 08:24:30,756 [java.util.concurrent.ThreadPoolExecutor$Worker@4893213[State = -1, empty queue]] WARN  server.GrpcLogAppender (GrpcLogAppender.java:timeoutAppendRequest(209)) - 6189f8a4-91dd-451f-abcb-72b2dcd73465@group-9D53872EEF85->fe5257f1-588f-41af-bf70-1c04126c8968-GrpcLogAppender: appendEntries Timeout, request=6189f8a4-91dd-451f-abcb-72b2dcd73465->fe5257f1-588f-41af-bf70-1c04126c8968#97-t4, previous=(t:4, i:20), leaderCommit=20, initializing? false, entries: <empty>
2019-11-05 08:24:30,794 [java.util.concurrent.ThreadPoolExecutor$Worker@7a1c0679[State = -1, empty queue]] WARN  server.GrpcLogAppender (GrpcLogAppender.java:timeoutAppendRequest(209)) - 6189f8a4-91dd-451f-abcb-72b2dcd73465@group-9D53872EEF85->c3e88256-f771-43b4-b3fb-c682fc5ee06f-GrpcLogAppender: appendEntries Timeout, request=6189f8a4-91dd-451f-abcb-72b2dcd73465->c3e88256-f771-43b4-b3fb-c682fc5ee06f#97-t4, previous=(t:4, i:20), leaderCommit=20, initializing? false, entries: <empty>
2019-11-05 08:24:30,823 [Thread-3959] INFO  impl.FollowerState (FollowerState.java:run(108)) - 4a682f4f-c3f2-4b77-88b7-f0ab78890feb@group-0DB8C7688BF9-FollowerState: change to CANDIDATE, lastRpcTime:174ms, electionTimeout:174ms
2019-11-05 08:24:30,823 [Thread-3959] INFO  impl.RoleInfo (RoleInfo.java:shutdownFollowerState(121)) - 4a682f4f-c3f2-4b77-88b7-f0ab78890feb: shutdown FollowerState
2019-11-05 08:24:30,823 [Thread-3959] INFO  impl.RaftServerImpl (RaftServerImpl.java:setRole(184)) - 4a682f4f-c3f2-4b77-88b7-f0ab78890feb@group-0DB8C7688BF9: changes role from  FOLLOWER to CANDIDATE at term 327 for changeToCandidate
2019-11-05 08:24:30,823 [Thread-3959] INFO  impl.RoleInfo (RoleInfo.java:updateAndGet(143)) - 4a682f4f-c3f2-4b77-88b7-f0ab78890feb: start LeaderElection
2019-11-05 08:24:30,838 [4a682f4f-c3f2-4b77-88b7-f0ab78890feb@group-0DB8C7688BF9-LeaderElection546] INFO  impl.LeaderElection (LeaderElection.java:askForVotes(178)) - 4a682f4f-c3f2-4b77-88b7-f0ab78890feb@group-0DB8C7688BF9-LeaderElection546: begin an election at term 328 for -1: [77ab65e6-d942-49df-83a3-1d4c0bf152b3:192.168.164.217:39381, 7e1b84a9-a041-44fd-8008-f2679426984c:192.168.164.217:44149, 4a682f4f-c3f2-4b77-88b7-f0ab78890feb:192.168.164.217:34174], old=null
2019-11-05 08:24:30,838 [4a682f4f-c3f2-4b77-88b7-f0ab78890feb@group-0DB8C7688BF9-LeaderElection546] INFO  impl.LeaderElection (LogUtils.java:infoOrTrace(149)) - 4a682f4f-c3f2-4b77-88b7-f0ab78890feb@group-0DB8C7688BF9-LeaderElection546 got exception when requesting votes: {}
java.util.concurrent.ExecutionException: org.apache.ratis.thirdparty.io.grpc.StatusRuntimeException: UNAVAILABLE: io exception
	at java.util.concurrent.FutureTask.report(FutureTask.java:122)
	at java.util.concurrent.FutureTask.get(FutureTask.java:192)
	at org.apache.ratis.server.impl.LeaderElection.waitForResults(LeaderElection.java:259)
	at org.apache.ratis.server.impl.LeaderElection.askForVotes(LeaderElection.java:197)
	at org.apache.ratis.server.impl.LeaderElection.run(LeaderElection.java:133)
	at java.lang.Thread.run(Thread.java:748)
Caused by: org.apache.ratis.thirdparty.io.grpc.StatusRuntimeException: UNAVAILABLE: io exception
	at org.apache.ratis.thirdparty.io.grpc.stub.ClientCalls.toStatusRuntimeException(ClientCalls.java:233)
	at org.apache.ratis.thirdparty.io.grpc.stub.ClientCalls.getUnchecked(ClientCalls.java:214)
	at org.apache.ratis.thirdparty.io.grpc.stub.ClientCalls.blockingUnaryCall(ClientCalls.java:139)
	at org.apache.ratis.proto.grpc.RaftServerProtocolServiceGrpc$RaftServerProtocolServiceBlockingStub.requestVote(RaftServerProtocolServiceGrpc.java:265)
	at org.apache.ratis.grpc.server.GrpcServerProtocolClient.requestVote(GrpcServerProtocolClient.java:99)
	at org.apache.ratis.grpc.server.GrpcService.requestVote(GrpcService.java:204)
	at org.apache.ratis.server.impl.LeaderElection.lambda$submitRequests$1(LeaderElection.java:234)
	at java.util.concurrent.FutureTask.run(FutureTask.java:266)
	at java.util.concurrent.Executors$RunnableAdapter.call(Executors.java:511)
	at java.util.concurrent.FutureTask.run(FutureTask.java:266)
	at java.util.concurrent.ThreadPoolExecutor.runWorker(ThreadPoolExecutor.java:1149)
	at java.util.concurrent.ThreadPoolExecutor$Worker.run(ThreadPoolExecutor.java:624)
	... 1 more
Caused by: org.apache.ratis.thirdparty.io.netty.channel.AbstractChannel$AnnotatedConnectException: Connection refused: /192.168.164.217:39381
	at sun.nio.ch.SocketChannelImpl.checkConnect(Native Method)
	at sun.nio.ch.SocketChannelImpl.finishConnect(SocketChannelImpl.java:717)
	at org.apache.ratis.thirdparty.io.netty.channel.socket.nio.NioSocketChannel.doFinishConnect(NioSocketChannel.java:327)
	at org.apache.ratis.thirdparty.io.netty.channel.nio.AbstractNioChannel$AbstractNioUnsafe.finishConnect(AbstractNioChannel.java:340)
	at org.apache.ratis.thirdparty.io.netty.channel.nio.NioEventLoop.processSelectedKey(NioEventLoop.java:632)
	at org.apache.ratis.thirdparty.io.netty.channel.nio.NioEventLoop.processSelectedKeysOptimized(NioEventLoop.java:579)
	at org.apache.ratis.thirdparty.io.netty.channel.nio.NioEventLoop.processSelectedKeys(NioEventLoop.java:496)
	at org.apache.ratis.thirdparty.io.netty.channel.nio.NioEventLoop.run(NioEventLoop.java:458)
	at org.apache.ratis.thirdparty.io.netty.util.concurrent.SingleThreadEventExecutor$5.run(SingleThreadEventExecutor.java:897)
	at org.apache.ratis.thirdparty.io.netty.util.concurrent.FastThreadLocalRunnable.run(FastThreadLocalRunnable.java:30)
	... 1 more
Caused by: java.net.ConnectException: Connection refused
	... 11 more
2019-11-05 08:24:30,839 [4a682f4f-c3f2-4b77-88b7-f0ab78890feb@group-0DB8C7688BF9-LeaderElection546] INFO  impl.LeaderElection (LogUtils.java:infoOrTrace(149)) - 4a682f4f-c3f2-4b77-88b7-f0ab78890feb@group-0DB8C7688BF9-LeaderElection546 got exception when requesting votes: {}
java.util.concurrent.ExecutionException: org.apache.ratis.thirdparty.io.grpc.StatusRuntimeException: UNAVAILABLE: io exception
	at java.util.concurrent.FutureTask.report(FutureTask.java:122)
	at java.util.concurrent.FutureTask.get(FutureTask.java:192)
	at org.apache.ratis.server.impl.LeaderElection.waitForResults(LeaderElection.java:259)
	at org.apache.ratis.server.impl.LeaderElection.askForVotes(LeaderElection.java:197)
	at org.apache.ratis.server.impl.LeaderElection.run(LeaderElection.java:133)
	at java.lang.Thread.run(Thread.java:748)
Caused by: org.apache.ratis.thirdparty.io.grpc.StatusRuntimeException: UNAVAILABLE: io exception
	at org.apache.ratis.thirdparty.io.grpc.stub.ClientCalls.toStatusRuntimeException(ClientCalls.java:233)
	at org.apache.ratis.thirdparty.io.grpc.stub.ClientCalls.getUnchecked(ClientCalls.java:214)
	at org.apache.ratis.thirdparty.io.grpc.stub.ClientCalls.blockingUnaryCall(ClientCalls.java:139)
	at org.apache.ratis.proto.grpc.RaftServerProtocolServiceGrpc$RaftServerProtocolServiceBlockingStub.requestVote(RaftServerProtocolServiceGrpc.java:265)
	at org.apache.ratis.grpc.server.GrpcServerProtocolClient.requestVote(GrpcServerProtocolClient.java:99)
	at org.apache.ratis.grpc.server.GrpcService.requestVote(GrpcService.java:204)
	at org.apache.ratis.server.impl.LeaderElection.lambda$submitRequests$1(LeaderElection.java:234)
	at java.util.concurrent.FutureTask.run(FutureTask.java:266)
	at java.util.concurrent.Executors$RunnableAdapter.call(Executors.java:511)
	at java.util.concurrent.FutureTask.run(FutureTask.java:266)
	at java.util.concurrent.ThreadPoolExecutor.runWorker(ThreadPoolExecutor.java:1149)
	at java.util.concurrent.ThreadPoolExecutor$Worker.run(ThreadPoolExecutor.java:624)
	... 1 more
Caused by: org.apache.ratis.thirdparty.io.netty.channel.AbstractChannel$AnnotatedConnectException: Connection refused: /192.168.164.217:44149
	at sun.nio.ch.SocketChannelImpl.checkConnect(Native Method)
	at sun.nio.ch.SocketChannelImpl.finishConnect(SocketChannelImpl.java:717)
	at org.apache.ratis.thirdparty.io.netty.channel.socket.nio.NioSocketChannel.doFinishConnect(NioSocketChannel.java:327)
	at org.apache.ratis.thirdparty.io.netty.channel.nio.AbstractNioChannel$AbstractNioUnsafe.finishConnect(AbstractNioChannel.java:340)
	at org.apache.ratis.thirdparty.io.netty.channel.nio.NioEventLoop.processSelectedKey(NioEventLoop.java:632)
	at org.apache.ratis.thirdparty.io.netty.channel.nio.NioEventLoop.processSelectedKeysOptimized(NioEventLoop.java:579)
	at org.apache.ratis.thirdparty.io.netty.channel.nio.NioEventLoop.processSelectedKeys(NioEventLoop.java:496)
	at org.apache.ratis.thirdparty.io.netty.channel.nio.NioEventLoop.run(NioEventLoop.java:458)
	at org.apache.ratis.thirdparty.io.netty.util.concurrent.SingleThreadEventExecutor$5.run(SingleThreadEventExecutor.java:897)
	at org.apache.ratis.thirdparty.io.netty.util.concurrent.FastThreadLocalRunnable.run(FastThreadLocalRunnable.java:30)
	... 1 more
Caused by: java.net.ConnectException: Connection refused
	... 11 more
2019-11-05 08:24:30,839 [4a682f4f-c3f2-4b77-88b7-f0ab78890feb@group-0DB8C7688BF9-LeaderElection546] INFO  impl.LeaderElection (LeaderElection.java:logAndReturn(56)) - 4a682f4f-c3f2-4b77-88b7-f0ab78890feb@group-0DB8C7688BF9-LeaderElection546: Election REJECTED; received 0 response(s) [] and 2 exception(s); 4a682f4f-c3f2-4b77-88b7-f0ab78890feb@group-0DB8C7688BF9:t328, leader=null, voted=4a682f4f-c3f2-4b77-88b7-f0ab78890feb, raftlog=4a682f4f-c3f2-4b77-88b7-f0ab78890feb@group-0DB8C7688BF9-SegmentedRaftLog:OPENED:c-1,f-1,i0, conf=-1: [77ab65e6-d942-49df-83a3-1d4c0bf152b3:192.168.164.217:39381, 7e1b84a9-a041-44fd-8008-f2679426984c:192.168.164.217:44149, 4a682f4f-c3f2-4b77-88b7-f0ab78890feb:192.168.164.217:34174], old=null
2019-11-05 08:24:30,839 [4a682f4f-c3f2-4b77-88b7-f0ab78890feb@group-0DB8C7688BF9-LeaderElection546] INFO  impl.LeaderElection (LogUtils.java:infoOrTrace(149)) -   Exception 0: {}
java.util.concurrent.ExecutionException: org.apache.ratis.thirdparty.io.grpc.StatusRuntimeException: UNAVAILABLE: io exception
	at java.util.concurrent.FutureTask.report(FutureTask.java:122)
	at java.util.concurrent.FutureTask.get(FutureTask.java:192)
	at org.apache.ratis.server.impl.LeaderElection.waitForResults(LeaderElection.java:259)
	at org.apache.ratis.server.impl.LeaderElection.askForVotes(LeaderElection.java:197)
	at org.apache.ratis.server.impl.LeaderElection.run(LeaderElection.java:133)
	at java.lang.Thread.run(Thread.java:748)
Caused by: org.apache.ratis.thirdparty.io.grpc.StatusRuntimeException: UNAVAILABLE: io exception
	at org.apache.ratis.thirdparty.io.grpc.stub.ClientCalls.toStatusRuntimeException(ClientCalls.java:233)
	at org.apache.ratis.thirdparty.io.grpc.stub.ClientCalls.getUnchecked(ClientCalls.java:214)
	at org.apache.ratis.thirdparty.io.grpc.stub.ClientCalls.blockingUnaryCall(ClientCalls.java:139)
	at org.apache.ratis.proto.grpc.RaftServerProtocolServiceGrpc$RaftServerProtocolServiceBlockingStub.requestVote(RaftServerProtocolServiceGrpc.java:265)
	at org.apache.ratis.grpc.server.GrpcServerProtocolClient.requestVote(GrpcServerProtocolClient.java:99)
	at org.apache.ratis.grpc.server.GrpcService.requestVote(GrpcService.java:204)
	at org.apache.ratis.server.impl.LeaderElection.lambda$submitRequests$1(LeaderElection.java:234)
	at java.util.concurrent.FutureTask.run(FutureTask.java:266)
	at java.util.concurrent.Executors$RunnableAdapter.call(Executors.java:511)
	at java.util.concurrent.FutureTask.run(FutureTask.java:266)
	at java.util.concurrent.ThreadPoolExecutor.runWorker(ThreadPoolExecutor.java:1149)
	at java.util.concurrent.ThreadPoolExecutor$Worker.run(ThreadPoolExecutor.java:624)
	... 1 more
Caused by: org.apache.ratis.thirdparty.io.netty.channel.AbstractChannel$AnnotatedConnectException: Connection refused: /192.168.164.217:39381
	at sun.nio.ch.SocketChannelImpl.checkConnect(Native Method)
	at sun.nio.ch.SocketChannelImpl.finishConnect(SocketChannelImpl.java:717)
	at org.apache.ratis.thirdparty.io.netty.channel.socket.nio.NioSocketChannel.doFinishConnect(NioSocketChannel.java:327)
	at org.apache.ratis.thirdparty.io.netty.channel.nio.AbstractNioChannel$AbstractNioUnsafe.finishConnect(AbstractNioChannel.java:340)
	at org.apache.ratis.thirdparty.io.netty.channel.nio.NioEventLoop.processSelectedKey(NioEventLoop.java:632)
	at org.apache.ratis.thirdparty.io.netty.channel.nio.NioEventLoop.processSelectedKeysOptimized(NioEventLoop.java:579)
	at org.apache.ratis.thirdparty.io.netty.channel.nio.NioEventLoop.processSelectedKeys(NioEventLoop.java:496)
	at org.apache.ratis.thirdparty.io.netty.channel.nio.NioEventLoop.run(NioEventLoop.java:458)
	at org.apache.ratis.thirdparty.io.netty.util.concurrent.SingleThreadEventExecutor$5.run(SingleThreadEventExecutor.java:897)
	at org.apache.ratis.thirdparty.io.netty.util.concurrent.FastThreadLocalRunnable.run(FastThreadLocalRunnable.java:30)
	... 1 more
Caused by: java.net.ConnectException: Connection refused
	... 11 more
2019-11-05 08:24:30,840 [4a682f4f-c3f2-4b77-88b7-f0ab78890feb@group-0DB8C7688BF9-LeaderElection546] INFO  impl.LeaderElection (LogUtils.java:infoOrTrace(149)) -   Exception 1: {}
java.util.concurrent.ExecutionException: org.apache.ratis.thirdparty.io.grpc.StatusRuntimeException: UNAVAILABLE: io exception
	at java.util.concurrent.FutureTask.report(FutureTask.java:122)
	at java.util.concurrent.FutureTask.get(FutureTask.java:192)
	at org.apache.ratis.server.impl.LeaderElection.waitForResults(LeaderElection.java:259)
	at org.apache.ratis.server.impl.LeaderElection.askForVotes(LeaderElection.java:197)
	at org.apache.ratis.server.impl.LeaderElection.run(LeaderElection.java:133)
	at java.lang.Thread.run(Thread.java:748)
Caused by: org.apache.ratis.thirdparty.io.grpc.StatusRuntimeException: UNAVAILABLE: io exception
	at org.apache.ratis.thirdparty.io.grpc.stub.ClientCalls.toStatusRuntimeException(ClientCalls.java:233)
	at org.apache.ratis.thirdparty.io.grpc.stub.ClientCalls.getUnchecked(ClientCalls.java:214)
	at org.apache.ratis.thirdparty.io.grpc.stub.ClientCalls.blockingUnaryCall(ClientCalls.java:139)
	at org.apache.ratis.proto.grpc.RaftServerProtocolServiceGrpc$RaftServerProtocolServiceBlockingStub.requestVote(RaftServerProtocolServiceGrpc.java:265)
	at org.apache.ratis.grpc.server.GrpcServerProtocolClient.requestVote(GrpcServerProtocolClient.java:99)
	at org.apache.ratis.grpc.server.GrpcService.requestVote(GrpcService.java:204)
	at org.apache.ratis.server.impl.LeaderElection.lambda$submitRequests$1(LeaderElection.java:234)
	at java.util.concurrent.FutureTask.run(FutureTask.java:266)
	at java.util.concurrent.Executors$RunnableAdapter.call(Executors.java:511)
	at java.util.concurrent.FutureTask.run(FutureTask.java:266)
	at java.util.concurrent.ThreadPoolExecutor.runWorker(ThreadPoolExecutor.java:1149)
	at java.util.concurrent.ThreadPoolExecutor$Worker.run(ThreadPoolExecutor.java:624)
	... 1 more
Caused by: org.apache.ratis.thirdparty.io.netty.channel.AbstractChannel$AnnotatedConnectException: Connection refused: /192.168.164.217:44149
	at sun.nio.ch.SocketChannelImpl.checkConnect(Native Method)
	at sun.nio.ch.SocketChannelImpl.finishConnect(SocketChannelImpl.java:717)
	at org.apache.ratis.thirdparty.io.netty.channel.socket.nio.NioSocketChannel.doFinishConnect(NioSocketChannel.java:327)
	at org.apache.ratis.thirdparty.io.netty.channel.nio.AbstractNioChannel$AbstractNioUnsafe.finishConnect(AbstractNioChannel.java:340)
	at org.apache.ratis.thirdparty.io.netty.channel.nio.NioEventLoop.processSelectedKey(NioEventLoop.java:632)
	at org.apache.ratis.thirdparty.io.netty.channel.nio.NioEventLoop.processSelectedKeysOptimized(NioEventLoop.java:579)
	at org.apache.ratis.thirdparty.io.netty.channel.nio.NioEventLoop.processSelectedKeys(NioEventLoop.java:496)
	at org.apache.ratis.thirdparty.io.netty.channel.nio.NioEventLoop.run(NioEventLoop.java:458)
	at org.apache.ratis.thirdparty.io.netty.util.concurrent.SingleThreadEventExecutor$5.run(SingleThreadEventExecutor.java:897)
	at org.apache.ratis.thirdparty.io.netty.util.concurrent.FastThreadLocalRunnable.run(FastThreadLocalRunnable.java:30)
	... 1 more
Caused by: java.net.ConnectException: Connection refused
	... 11 more
2019-11-05 08:24:30,840 [4a682f4f-c3f2-4b77-88b7-f0ab78890feb@group-0DB8C7688BF9-LeaderElection546] INFO  impl.RaftServerImpl (RaftServerImpl.java:setRole(184)) - 4a682f4f-c3f2-4b77-88b7-f0ab78890feb@group-0DB8C7688BF9: changes role from CANDIDATE to FOLLOWER at term 328 for DISCOVERED_A_NEW_TERM
2019-11-05 08:24:30,840 [4a682f4f-c3f2-4b77-88b7-f0ab78890feb@group-0DB8C7688BF9-LeaderElection546] INFO  impl.RoleInfo (RoleInfo.java:shutdownLeaderElection(134)) - 4a682f4f-c3f2-4b77-88b7-f0ab78890feb: shutdown LeaderElection
2019-11-05 08:24:30,840 [4a682f4f-c3f2-4b77-88b7-f0ab78890feb@group-0DB8C7688BF9-LeaderElection546] INFO  impl.RoleInfo (RoleInfo.java:updateAndGet(143)) - 4a682f4f-c3f2-4b77-88b7-f0ab78890feb: start FollowerState
2019-11-05 08:24:30,986 [Thread-3963] INFO  impl.FollowerState (FollowerState.java:run(108)) - 4a682f4f-c3f2-4b77-88b7-f0ab78890feb@group-0DB8C7688BF9-FollowerState: change to CANDIDATE, lastRpcTime:145ms, electionTimeout:145ms
2019-11-05 08:24:30,986 [Thread-3963] INFO  impl.RoleInfo (RoleInfo.java:shutdownFollowerState(121)) - 4a682f4f-c3f2-4b77-88b7-f0ab78890feb: shutdown FollowerState
2019-11-05 08:24:30,986 [Thread-3963] INFO  impl.RaftServerImpl (RaftServerImpl.java:setRole(184)) - 4a682f4f-c3f2-4b77-88b7-f0ab78890feb@group-0DB8C7688BF9: changes role from  FOLLOWER to CANDIDATE at term 328 for changeToCandidate
2019-11-05 08:24:30,986 [Thread-3963] INFO  impl.RoleInfo (RoleInfo.java:updateAndGet(143)) - 4a682f4f-c3f2-4b77-88b7-f0ab78890feb: start LeaderElection
2019-11-05 08:24:30,999 [4a682f4f-c3f2-4b77-88b7-f0ab78890feb@group-0DB8C7688BF9-LeaderElection547] INFO  impl.LeaderElection (LeaderElection.java:askForVotes(178)) - 4a682f4f-c3f2-4b77-88b7-f0ab78890feb@group-0DB8C7688BF9-LeaderElection547: begin an election at term 329 for -1: [77ab65e6-d942-49df-83a3-1d4c0bf152b3:192.168.164.217:39381, 7e1b84a9-a041-44fd-8008-f2679426984c:192.168.164.217:44149, 4a682f4f-c3f2-4b77-88b7-f0ab78890feb:192.168.164.217:34174], old=null
2019-11-05 08:24:31,000 [4a682f4f-c3f2-4b77-88b7-f0ab78890feb@group-0DB8C7688BF9-LeaderElection547] INFO  impl.LeaderElection (LogUtils.java:infoOrTrace(149)) - 4a682f4f-c3f2-4b77-88b7-f0ab78890feb@group-0DB8C7688BF9-LeaderElection547 got exception when requesting votes: {}
java.util.concurrent.ExecutionException: org.apache.ratis.thirdparty.io.grpc.StatusRuntimeException: UNAVAILABLE: io exception
	at java.util.concurrent.FutureTask.report(FutureTask.java:122)
	at java.util.concurrent.FutureTask.get(FutureTask.java:192)
	at org.apache.ratis.server.impl.LeaderElection.waitForResults(LeaderElection.java:259)
	at org.apache.ratis.server.impl.LeaderElection.askForVotes(LeaderElection.java:197)
	at org.apache.ratis.server.impl.LeaderElection.run(LeaderElection.java:133)
	at java.lang.Thread.run(Thread.java:748)
Caused by: org.apache.ratis.thirdparty.io.grpc.StatusRuntimeException: UNAVAILABLE: io exception
	at org.apache.ratis.thirdparty.io.grpc.stub.ClientCalls.toStatusRuntimeException(ClientCalls.java:233)
	at org.apache.ratis.thirdparty.io.grpc.stub.ClientCalls.getUnchecked(ClientCalls.java:214)
	at org.apache.ratis.thirdparty.io.grpc.stub.ClientCalls.blockingUnaryCall(ClientCalls.java:139)
	at org.apache.ratis.proto.grpc.RaftServerProtocolServiceGrpc$RaftServerProtocolServiceBlockingStub.requestVote(RaftServerProtocolServiceGrpc.java:265)
	at org.apache.ratis.grpc.server.GrpcServerProtocolClient.requestVote(GrpcServerProtocolClient.java:99)
	at org.apache.ratis.grpc.server.GrpcService.requestVote(GrpcService.java:204)
	at org.apache.ratis.server.impl.LeaderElection.lambda$submitRequests$1(LeaderElection.java:234)
	at java.util.concurrent.FutureTask.run(FutureTask.java:266)
	at java.util.concurrent.Executors$RunnableAdapter.call(Executors.java:511)
	at java.util.concurrent.FutureTask.run(FutureTask.java:266)
	at java.util.concurrent.ThreadPoolExecutor.runWorker(ThreadPoolExecutor.java:1149)
	at java.util.concurrent.ThreadPoolExecutor$Worker.run(ThreadPoolExecutor.java:624)
	... 1 more
Caused by: org.apache.ratis.thirdparty.io.netty.channel.AbstractChannel$AnnotatedConnectException: Connection refused: /192.168.164.217:39381
	at sun.nio.ch.SocketChannelImpl.checkConnect(Native Method)
	at sun.nio.ch.SocketChannelImpl.finishConnect(SocketChannelImpl.java:717)
	at org.apache.ratis.thirdparty.io.netty.channel.socket.nio.NioSocketChannel.doFinishConnect(NioSocketChannel.java:327)
	at org.apache.ratis.thirdparty.io.netty.channel.nio.AbstractNioChannel$AbstractNioUnsafe.finishConnect(AbstractNioChannel.java:340)
	at org.apache.ratis.thirdparty.io.netty.channel.nio.NioEventLoop.processSelectedKey(NioEventLoop.java:632)
	at org.apache.ratis.thirdparty.io.netty.channel.nio.NioEventLoop.processSelectedKeysOptimized(NioEventLoop.java:579)
	at org.apache.ratis.thirdparty.io.netty.channel.nio.NioEventLoop.processSelectedKeys(NioEventLoop.java:496)
	at org.apache.ratis.thirdparty.io.netty.channel.nio.NioEventLoop.run(NioEventLoop.java:458)
	at org.apache.ratis.thirdparty.io.netty.util.concurrent.SingleThreadEventExecutor$5.run(SingleThreadEventExecutor.java:897)
	at org.apache.ratis.thirdparty.io.netty.util.concurrent.FastThreadLocalRunnable.run(FastThreadLocalRunnable.java:30)
	... 1 more
Caused by: java.net.ConnectException: Connection refused
	... 11 more
2019-11-05 08:24:31,000 [4a682f4f-c3f2-4b77-88b7-f0ab78890feb@group-0DB8C7688BF9-LeaderElection547] INFO  impl.LeaderElection (LogUtils.java:infoOrTrace(149)) - 4a682f4f-c3f2-4b77-88b7-f0ab78890feb@group-0DB8C7688BF9-LeaderElection547 got exception when requesting votes: {}
java.util.concurrent.ExecutionException: org.apache.ratis.thirdparty.io.grpc.StatusRuntimeException: UNAVAILABLE: io exception
	at java.util.concurrent.FutureTask.report(FutureTask.java:122)
	at java.util.concurrent.FutureTask.get(FutureTask.java:192)
	at org.apache.ratis.server.impl.LeaderElection.waitForResults(LeaderElection.java:259)
	at org.apache.ratis.server.impl.LeaderElection.askForVotes(LeaderElection.java:197)
	at org.apache.ratis.server.impl.LeaderElection.run(LeaderElection.java:133)
	at java.lang.Thread.run(Thread.java:748)
Caused by: org.apache.ratis.thirdparty.io.grpc.StatusRuntimeException: UNAVAILABLE: io exception
	at org.apache.ratis.thirdparty.io.grpc.stub.ClientCalls.toStatusRuntimeException(ClientCalls.java:233)
	at org.apache.ratis.thirdparty.io.grpc.stub.ClientCalls.getUnchecked(ClientCalls.java:214)
	at org.apache.ratis.thirdparty.io.grpc.stub.ClientCalls.blockingUnaryCall(ClientCalls.java:139)
	at org.apache.ratis.proto.grpc.RaftServerProtocolServiceGrpc$RaftServerProtocolServiceBlockingStub.requestVote(RaftServerProtocolServiceGrpc.java:265)
	at org.apache.ratis.grpc.server.GrpcServerProtocolClient.requestVote(GrpcServerProtocolClient.java:99)
	at org.apache.ratis.grpc.server.GrpcService.requestVote(GrpcService.java:204)
	at org.apache.ratis.server.impl.LeaderElection.lambda$submitRequests$1(LeaderElection.java:234)
	at java.util.concurrent.FutureTask.run(FutureTask.java:266)
	at java.util.concurrent.Executors$RunnableAdapter.call(Executors.java:511)
	at java.util.concurrent.FutureTask.run(FutureTask.java:266)
	at java.util.concurrent.ThreadPoolExecutor.runWorker(ThreadPoolExecutor.java:1149)
	at java.util.concurrent.ThreadPoolExecutor$Worker.run(ThreadPoolExecutor.java:624)
	... 1 more
Caused by: org.apache.ratis.thirdparty.io.netty.channel.AbstractChannel$AnnotatedConnectException: Connection refused: /192.168.164.217:44149
	at sun.nio.ch.SocketChannelImpl.checkConnect(Native Method)
	at sun.nio.ch.SocketChannelImpl.finishConnect(SocketChannelImpl.java:717)
	at org.apache.ratis.thirdparty.io.netty.channel.socket.nio.NioSocketChannel.doFinishConnect(NioSocketChannel.java:327)
	at org.apache.ratis.thirdparty.io.netty.channel.nio.AbstractNioChannel$AbstractNioUnsafe.finishConnect(AbstractNioChannel.java:340)
	at org.apache.ratis.thirdparty.io.netty.channel.nio.NioEventLoop.processSelectedKey(NioEventLoop.java:632)
	at org.apache.ratis.thirdparty.io.netty.channel.nio.NioEventLoop.processSelectedKeysOptimized(NioEventLoop.java:579)
	at org.apache.ratis.thirdparty.io.netty.channel.nio.NioEventLoop.processSelectedKeys(NioEventLoop.java:496)
	at org.apache.ratis.thirdparty.io.netty.channel.nio.NioEventLoop.run(NioEventLoop.java:458)
	at org.apache.ratis.thirdparty.io.netty.util.concurrent.SingleThreadEventExecutor$5.run(SingleThreadEventExecutor.java:897)
	at org.apache.ratis.thirdparty.io.netty.util.concurrent.FastThreadLocalRunnable.run(FastThreadLocalRunnable.java:30)
	... 1 more
Caused by: java.net.ConnectException: Connection refused
	... 11 more
2019-11-05 08:24:31,000 [4a682f4f-c3f2-4b77-88b7-f0ab78890feb@group-0DB8C7688BF9-LeaderElection547] INFO  impl.LeaderElection (LeaderElection.java:logAndReturn(56)) - 4a682f4f-c3f2-4b77-88b7-f0ab78890feb@group-0DB8C7688BF9-LeaderElection547: Election REJECTED; received 0 response(s) [] and 2 exception(s); 4a682f4f-c3f2-4b77-88b7-f0ab78890feb@group-0DB8C7688BF9:t329, leader=null, voted=4a682f4f-c3f2-4b77-88b7-f0ab78890feb, raftlog=4a682f4f-c3f2-4b77-88b7-f0ab78890feb@group-0DB8C7688BF9-SegmentedRaftLog:OPENED:c-1,f-1,i0, conf=-1: [77ab65e6-d942-49df-83a3-1d4c0bf152b3:192.168.164.217:39381, 7e1b84a9-a041-44fd-8008-f2679426984c:192.168.164.217:44149, 4a682f4f-c3f2-4b77-88b7-f0ab78890feb:192.168.164.217:34174], old=null
2019-11-05 08:24:31,001 [4a682f4f-c3f2-4b77-88b7-f0ab78890feb@group-0DB8C7688BF9-LeaderElection547] INFO  impl.LeaderElection (LogUtils.java:infoOrTrace(149)) -   Exception 0: {}
java.util.concurrent.ExecutionException: org.apache.ratis.thirdparty.io.grpc.StatusRuntimeException: UNAVAILABLE: io exception
	at java.util.concurrent.FutureTask.report(FutureTask.java:122)
	at java.util.concurrent.FutureTask.get(FutureTask.java:192)
	at org.apache.ratis.server.impl.LeaderElection.waitForResults(LeaderElection.java:259)
	at org.apache.ratis.server.impl.LeaderElection.askForVotes(LeaderElection.java:197)
	at org.apache.ratis.server.impl.LeaderElection.run(LeaderElection.java:133)
	at java.lang.Thread.run(Thread.java:748)
Caused by: org.apache.ratis.thirdparty.io.grpc.StatusRuntimeException: UNAVAILABLE: io exception
	at org.apache.ratis.thirdparty.io.grpc.stub.ClientCalls.toStatusRuntimeException(ClientCalls.java:233)
	at org.apache.ratis.thirdparty.io.grpc.stub.ClientCalls.getUnchecked(ClientCalls.java:214)
	at org.apache.ratis.thirdparty.io.grpc.stub.ClientCalls.blockingUnaryCall(ClientCalls.java:139)
	at org.apache.ratis.proto.grpc.RaftServerProtocolServiceGrpc$RaftServerProtocolServiceBlockingStub.requestVote(RaftServerProtocolServiceGrpc.java:265)
	at org.apache.ratis.grpc.server.GrpcServerProtocolClient.requestVote(GrpcServerProtocolClient.java:99)
	at org.apache.ratis.grpc.server.GrpcService.requestVote(GrpcService.java:204)
	at org.apache.ratis.server.impl.LeaderElection.lambda$submitRequests$1(LeaderElection.java:234)
	at java.util.concurrent.FutureTask.run(FutureTask.java:266)
	at java.util.concurrent.Executors$RunnableAdapter.call(Executors.java:511)
	at java.util.concurrent.FutureTask.run(FutureTask.java:266)
	at java.util.concurrent.ThreadPoolExecutor.runWorker(ThreadPoolExecutor.java:1149)
	at java.util.concurrent.ThreadPoolExecutor$Worker.run(ThreadPoolExecutor.java:624)
	... 1 more
Caused by: org.apache.ratis.thirdparty.io.netty.channel.AbstractChannel$AnnotatedConnectException: Connection refused: /192.168.164.217:39381
	at sun.nio.ch.SocketChannelImpl.checkConnect(Native Method)
	at sun.nio.ch.SocketChannelImpl.finishConnect(SocketChannelImpl.java:717)
	at org.apache.ratis.thirdparty.io.netty.channel.socket.nio.NioSocketChannel.doFinishConnect(NioSocketChannel.java:327)
	at org.apache.ratis.thirdparty.io.netty.channel.nio.AbstractNioChannel$AbstractNioUnsafe.finishConnect(AbstractNioChannel.java:340)
	at org.apache.ratis.thirdparty.io.netty.channel.nio.NioEventLoop.processSelectedKey(NioEventLoop.java:632)
	at org.apache.ratis.thirdparty.io.netty.channel.nio.NioEventLoop.processSelectedKeysOptimized(NioEventLoop.java:579)
	at org.apache.ratis.thirdparty.io.netty.channel.nio.NioEventLoop.processSelectedKeys(NioEventLoop.java:496)
	at org.apache.ratis.thirdparty.io.netty.channel.nio.NioEventLoop.run(NioEventLoop.java:458)
	at org.apache.ratis.thirdparty.io.netty.util.concurrent.SingleThreadEventExecutor$5.run(SingleThreadEventExecutor.java:897)
	at org.apache.ratis.thirdparty.io.netty.util.concurrent.FastThreadLocalRunnable.run(FastThreadLocalRunnable.java:30)
	... 1 more
Caused by: java.net.ConnectException: Connection refused
	... 11 more
2019-11-05 08:24:31,001 [4a682f4f-c3f2-4b77-88b7-f0ab78890feb@group-0DB8C7688BF9-LeaderElection547] INFO  impl.LeaderElection (LogUtils.java:infoOrTrace(149)) -   Exception 1: {}
java.util.concurrent.ExecutionException: org.apache.ratis.thirdparty.io.grpc.StatusRuntimeException: UNAVAILABLE: io exception
	at java.util.concurrent.FutureTask.report(FutureTask.java:122)
	at java.util.concurrent.FutureTask.get(FutureTask.java:192)
	at org.apache.ratis.server.impl.LeaderElection.waitForResults(LeaderElection.java:259)
	at org.apache.ratis.server.impl.LeaderElection.askForVotes(LeaderElection.java:197)
	at org.apache.ratis.server.impl.LeaderElection.run(LeaderElection.java:133)
	at java.lang.Thread.run(Thread.java:748)
Caused by: org.apache.ratis.thirdparty.io.grpc.StatusRuntimeException: UNAVAILABLE: io exception
	at org.apache.ratis.thirdparty.io.grpc.stub.ClientCalls.toStatusRuntimeException(ClientCalls.java:233)
	at org.apache.ratis.thirdparty.io.grpc.stub.ClientCalls.getUnchecked(ClientCalls.java:214)
	at org.apache.ratis.thirdparty.io.grpc.stub.ClientCalls.blockingUnaryCall(ClientCalls.java:139)
	at org.apache.ratis.proto.grpc.RaftServerProtocolServiceGrpc$RaftServerProtocolServiceBlockingStub.requestVote(RaftServerProtocolServiceGrpc.java:265)
	at org.apache.ratis.grpc.server.GrpcServerProtocolClient.requestVote(GrpcServerProtocolClient.java:99)
	at org.apache.ratis.grpc.server.GrpcService.requestVote(GrpcService.java:204)
	at org.apache.ratis.server.impl.LeaderElection.lambda$submitRequests$1(LeaderElection.java:234)
	at java.util.concurrent.FutureTask.run(FutureTask.java:266)
	at java.util.concurrent.Executors$RunnableAdapter.call(Executors.java:511)
	at java.util.concurrent.FutureTask.run(FutureTask.java:266)
	at java.util.concurrent.ThreadPoolExecutor.runWorker(ThreadPoolExecutor.java:1149)
	at java.util.concurrent.ThreadPoolExecutor$Worker.run(ThreadPoolExecutor.java:624)
	... 1 more
Caused by: org.apache.ratis.thirdparty.io.netty.channel.AbstractChannel$AnnotatedConnectException: Connection refused: /192.168.164.217:44149
	at sun.nio.ch.SocketChannelImpl.checkConnect(Native Method)
	at sun.nio.ch.SocketChannelImpl.finishConnect(SocketChannelImpl.java:717)
	at org.apache.ratis.thirdparty.io.netty.channel.socket.nio.NioSocketChannel.doFinishConnect(NioSocketChannel.java:327)
	at org.apache.ratis.thirdparty.io.netty.channel.nio.AbstractNioChannel$AbstractNioUnsafe.finishConnect(AbstractNioChannel.java:340)
	at org.apache.ratis.thirdparty.io.netty.channel.nio.NioEventLoop.processSelectedKey(NioEventLoop.java:632)
	at org.apache.ratis.thirdparty.io.netty.channel.nio.NioEventLoop.processSelectedKeysOptimized(NioEventLoop.java:579)
	at org.apache.ratis.thirdparty.io.netty.channel.nio.NioEventLoop.processSelectedKeys(NioEventLoop.java:496)
	at org.apache.ratis.thirdparty.io.netty.channel.nio.NioEventLoop.run(NioEventLoop.java:458)
	at org.apache.ratis.thirdparty.io.netty.util.concurrent.SingleThreadEventExecutor$5.run(SingleThreadEventExecutor.java:897)
	at org.apache.ratis.thirdparty.io.netty.util.concurrent.FastThreadLocalRunnable.run(FastThreadLocalRunnable.java:30)
	... 1 more
Caused by: java.net.ConnectException: Connection refused
	... 11 more
2019-11-05 08:24:31,001 [4a682f4f-c3f2-4b77-88b7-f0ab78890feb@group-0DB8C7688BF9-LeaderElection547] INFO  impl.RaftServerImpl (RaftServerImpl.java:setRole(184)) - 4a682f4f-c3f2-4b77-88b7-f0ab78890feb@group-0DB8C7688BF9: changes role from CANDIDATE to FOLLOWER at term 329 for DISCOVERED_A_NEW_TERM
2019-11-05 08:24:31,001 [4a682f4f-c3f2-4b77-88b7-f0ab78890feb@group-0DB8C7688BF9-LeaderElection547] INFO  impl.RoleInfo (RoleInfo.java:shutdownLeaderElection(134)) - 4a682f4f-c3f2-4b77-88b7-f0ab78890feb: shutdown LeaderElection
2019-11-05 08:24:31,001 [4a682f4f-c3f2-4b77-88b7-f0ab78890feb@group-0DB8C7688BF9-LeaderElection547] INFO  impl.RoleInfo (RoleInfo.java:updateAndGet(143)) - 4a682f4f-c3f2-4b77-88b7-f0ab78890feb: start FollowerState
2019-11-05 08:24:31,053 [Thread-3967] INFO  impl.FollowerState (FollowerState.java:run(108)) - 4a682f4f-c3f2-4b77-88b7-f0ab78890feb@group-0DB8C7688BF9-FollowerState: change to CANDIDATE, lastRpcTime:51ms, electionTimeout:51ms
2019-11-05 08:24:31,053 [Thread-3967] INFO  impl.RoleInfo (RoleInfo.java:shutdownFollowerState(121)) - 4a682f4f-c3f2-4b77-88b7-f0ab78890feb: shutdown FollowerState
2019-11-05 08:24:31,053 [Thread-3967] INFO  impl.RaftServerImpl (RaftServerImpl.java:setRole(184)) - 4a682f4f-c3f2-4b77-88b7-f0ab78890feb@group-0DB8C7688BF9: changes role from  FOLLOWER to CANDIDATE at term 329 for changeToCandidate
2019-11-05 08:24:31,053 [Thread-3967] INFO  impl.RoleInfo (RoleInfo.java:updateAndGet(143)) - 4a682f4f-c3f2-4b77-88b7-f0ab78890feb: start LeaderElection
2019-11-05 08:24:31,067 [4a682f4f-c3f2-4b77-88b7-f0ab78890feb@group-0DB8C7688BF9-LeaderElection548] INFO  impl.LeaderElection (LeaderElection.java:askForVotes(178)) - 4a682f4f-c3f2-4b77-88b7-f0ab78890feb@group-0DB8C7688BF9-LeaderElection548: begin an election at term 330 for -1: [77ab65e6-d942-49df-83a3-1d4c0bf152b3:192.168.164.217:39381, 7e1b84a9-a041-44fd-8008-f2679426984c:192.168.164.217:44149, 4a682f4f-c3f2-4b77-88b7-f0ab78890feb:192.168.164.217:34174], old=null
2019-11-05 08:24:31,068 [4a682f4f-c3f2-4b77-88b7-f0ab78890feb@group-0DB8C7688BF9-LeaderElection548] INFO  impl.LeaderElection (LogUtils.java:infoOrTrace(149)) - 4a682f4f-c3f2-4b77-88b7-f0ab78890feb@group-0DB8C7688BF9-LeaderElection548 got exception when requesting votes: {}
java.util.concurrent.ExecutionException: org.apache.ratis.thirdparty.io.grpc.StatusRuntimeException: UNAVAILABLE: io exception
	at java.util.concurrent.FutureTask.report(FutureTask.java:122)
	at java.util.concurrent.FutureTask.get(FutureTask.java:192)
	at org.apache.ratis.server.impl.LeaderElection.waitForResults(LeaderElection.java:259)
	at org.apache.ratis.server.impl.LeaderElection.askForVotes(LeaderElection.java:197)
	at org.apache.ratis.server.impl.LeaderElection.run(LeaderElection.java:133)
	at java.lang.Thread.run(Thread.java:748)
Caused by: org.apache.ratis.thirdparty.io.grpc.StatusRuntimeException: UNAVAILABLE: io exception
	at org.apache.ratis.thirdparty.io.grpc.stub.ClientCalls.toStatusRuntimeException(ClientCalls.java:233)
	at org.apache.ratis.thirdparty.io.grpc.stub.ClientCalls.getUnchecked(ClientCalls.java:214)
	at org.apache.ratis.thirdparty.io.grpc.stub.ClientCalls.blockingUnaryCall(ClientCalls.java:139)
	at org.apache.ratis.proto.grpc.RaftServerProtocolServiceGrpc$RaftServerProtocolServiceBlockingStub.requestVote(RaftServerProtocolServiceGrpc.java:265)
	at org.apache.ratis.grpc.server.GrpcServerProtocolClient.requestVote(GrpcServerProtocolClient.java:99)
	at org.apache.ratis.grpc.server.GrpcService.requestVote(GrpcService.java:204)
	at org.apache.ratis.server.impl.LeaderElection.lambda$submitRequests$1(LeaderElection.java:234)
	at java.util.concurrent.FutureTask.run(FutureTask.java:266)
	at java.util.concurrent.Executors$RunnableAdapter.call(Executors.java:511)
	at java.util.concurrent.FutureTask.run(FutureTask.java:266)
	at java.util.concurrent.ThreadPoolExecutor.runWorker(ThreadPoolExecutor.java:1149)
	at java.util.concurrent.ThreadPoolExecutor$Worker.run(ThreadPoolExecutor.java:624)
	... 1 more
Caused by: org.apache.ratis.thirdparty.io.netty.channel.AbstractChannel$AnnotatedConnectException: Connection refused: /192.168.164.217:39381
	at sun.nio.ch.SocketChannelImpl.checkConnect(Native Method)
	at sun.nio.ch.SocketChannelImpl.finishConnect(SocketChannelImpl.java:717)
	at org.apache.ratis.thirdparty.io.netty.channel.socket.nio.NioSocketChannel.doFinishConnect(NioSocketChannel.java:327)
	at org.apache.ratis.thirdparty.io.netty.channel.nio.AbstractNioChannel$AbstractNioUnsafe.finishConnect(AbstractNioChannel.java:340)
	at org.apache.ratis.thirdparty.io.netty.channel.nio.NioEventLoop.processSelectedKey(NioEventLoop.java:632)
	at org.apache.ratis.thirdparty.io.netty.channel.nio.NioEventLoop.processSelectedKeysOptimized(NioEventLoop.java:579)
	at org.apache.ratis.thirdparty.io.netty.channel.nio.NioEventLoop.processSelectedKeys(NioEventLoop.java:496)
	at org.apache.ratis.thirdparty.io.netty.channel.nio.NioEventLoop.run(NioEventLoop.java:458)
	at org.apache.ratis.thirdparty.io.netty.util.concurrent.SingleThreadEventExecutor$5.run(SingleThreadEventExecutor.java:897)
	at org.apache.ratis.thirdparty.io.netty.util.concurrent.FastThreadLocalRunnable.run(FastThreadLocalRunnable.java:30)
	... 1 more
Caused by: java.net.ConnectException: Connection refused
	... 11 more
2019-11-05 08:24:31,068 [4a682f4f-c3f2-4b77-88b7-f0ab78890feb@group-0DB8C7688BF9-LeaderElection548] INFO  impl.LeaderElection (LogUtils.java:infoOrTrace(149)) - 4a682f4f-c3f2-4b77-88b7-f0ab78890feb@group-0DB8C7688BF9-LeaderElection548 got exception when requesting votes: {}
java.util.concurrent.ExecutionException: org.apache.ratis.thirdparty.io.grpc.StatusRuntimeException: UNAVAILABLE: io exception
	at java.util.concurrent.FutureTask.report(FutureTask.java:122)
	at java.util.concurrent.FutureTask.get(FutureTask.java:192)
	at org.apache.ratis.server.impl.LeaderElection.waitForResults(LeaderElection.java:259)
	at org.apache.ratis.server.impl.LeaderElection.askForVotes(LeaderElection.java:197)
	at org.apache.ratis.server.impl.LeaderElection.run(LeaderElection.java:133)
	at java.lang.Thread.run(Thread.java:748)
Caused by: org.apache.ratis.thirdparty.io.grpc.StatusRuntimeException: UNAVAILABLE: io exception
	at org.apache.ratis.thirdparty.io.grpc.stub.ClientCalls.toStatusRuntimeException(ClientCalls.java:233)
	at org.apache.ratis.thirdparty.io.grpc.stub.ClientCalls.getUnchecked(ClientCalls.java:214)
	at org.apache.ratis.thirdparty.io.grpc.stub.ClientCalls.blockingUnaryCall(ClientCalls.java:139)
	at org.apache.ratis.proto.grpc.RaftServerProtocolServiceGrpc$RaftServerProtocolServiceBlockingStub.requestVote(RaftServerProtocolServiceGrpc.java:265)
	at org.apache.ratis.grpc.server.GrpcServerProtocolClient.requestVote(GrpcServerProtocolClient.java:99)
	at org.apache.ratis.grpc.server.GrpcService.requestVote(GrpcService.java:204)
	at org.apache.ratis.server.impl.LeaderElection.lambda$submitRequests$1(LeaderElection.java:234)
	at java.util.concurrent.FutureTask.run(FutureTask.java:266)
	at java.util.concurrent.Executors$RunnableAdapter.call(Executors.java:511)
	at java.util.concurrent.FutureTask.run(FutureTask.java:266)
	at java.util.concurrent.ThreadPoolExecutor.runWorker(ThreadPoolExecutor.java:1149)
	at java.util.concurrent.ThreadPoolExecutor$Worker.run(ThreadPoolExecutor.java:624)
	... 1 more
Caused by: org.apache.ratis.thirdparty.io.netty.channel.AbstractChannel$AnnotatedConnectException: Connection refused: /192.168.164.217:44149
	at sun.nio.ch.SocketChannelImpl.checkConnect(Native Method)
	at sun.nio.ch.SocketChannelImpl.finishConnect(SocketChannelImpl.java:717)
	at org.apache.ratis.thirdparty.io.netty.channel.socket.nio.NioSocketChannel.doFinishConnect(NioSocketChannel.java:327)
	at org.apache.ratis.thirdparty.io.netty.channel.nio.AbstractNioChannel$AbstractNioUnsafe.finishConnect(AbstractNioChannel.java:340)
	at org.apache.ratis.thirdparty.io.netty.channel.nio.NioEventLoop.processSelectedKey(NioEventLoop.java:632)
	at org.apache.ratis.thirdparty.io.netty.channel.nio.NioEventLoop.processSelectedKeysOptimized(NioEventLoop.java:579)
	at org.apache.ratis.thirdparty.io.netty.channel.nio.NioEventLoop.processSelectedKeys(NioEventLoop.java:496)
	at org.apache.ratis.thirdparty.io.netty.channel.nio.NioEventLoop.run(NioEventLoop.java:458)
	at org.apache.ratis.thirdparty.io.netty.util.concurrent.SingleThreadEventExecutor$5.run(SingleThreadEventExecutor.java:897)
	at org.apache.ratis.thirdparty.io.netty.util.concurrent.FastThreadLocalRunnable.run(FastThreadLocalRunnable.java:30)
	... 1 more
Caused by: java.net.ConnectException: Connection refused
	... 11 more
2019-11-05 08:24:31,068 [4a682f4f-c3f2-4b77-88b7-f0ab78890feb@group-0DB8C7688BF9-LeaderElection548] INFO  impl.LeaderElection (LeaderElection.java:logAndReturn(56)) - 4a682f4f-c3f2-4b77-88b7-f0ab78890feb@group-0DB8C7688BF9-LeaderElection548: Election REJECTED; received 0 response(s) [] and 2 exception(s); 4a682f4f-c3f2-4b77-88b7-f0ab78890feb@group-0DB8C7688BF9:t330, leader=null, voted=4a682f4f-c3f2-4b77-88b7-f0ab78890feb, raftlog=4a682f4f-c3f2-4b77-88b7-f0ab78890feb@group-0DB8C7688BF9-SegmentedRaftLog:OPENED:c-1,f-1,i0, conf=-1: [77ab65e6-d942-49df-83a3-1d4c0bf152b3:192.168.164.217:39381, 7e1b84a9-a041-44fd-8008-f2679426984c:192.168.164.217:44149, 4a682f4f-c3f2-4b77-88b7-f0ab78890feb:192.168.164.217:34174], old=null
2019-11-05 08:24:31,068 [4a682f4f-c3f2-4b77-88b7-f0ab78890feb@group-0DB8C7688BF9-LeaderElection548] INFO  impl.LeaderElection (LogUtils.java:infoOrTrace(149)) -   Exception 0: {}
java.util.concurrent.ExecutionException: org.apache.ratis.thirdparty.io.grpc.StatusRuntimeException: UNAVAILABLE: io exception
	at java.util.concurrent.FutureTask.report(FutureTask.java:122)
	at java.util.concurrent.FutureTask.get(FutureTask.java:192)
	at org.apache.ratis.server.impl.LeaderElection.waitForResults(LeaderElection.java:259)
	at org.apache.ratis.server.impl.LeaderElection.askForVotes(LeaderElection.java:197)
	at org.apache.ratis.server.impl.LeaderElection.run(LeaderElection.java:133)
	at java.lang.Thread.run(Thread.java:748)
Caused by: org.apache.ratis.thirdparty.io.grpc.StatusRuntimeException: UNAVAILABLE: io exception
	at org.apache.ratis.thirdparty.io.grpc.stub.ClientCalls.toStatusRuntimeException(ClientCalls.java:233)
	at org.apache.ratis.thirdparty.io.grpc.stub.ClientCalls.getUnchecked(ClientCalls.java:214)
	at org.apache.ratis.thirdparty.io.grpc.stub.ClientCalls.blockingUnaryCall(ClientCalls.java:139)
	at org.apache.ratis.proto.grpc.RaftServerProtocolServiceGrpc$RaftServerProtocolServiceBlockingStub.requestVote(RaftServerProtocolServiceGrpc.java:265)
	at org.apache.ratis.grpc.server.GrpcServerProtocolClient.requestVote(GrpcServerProtocolClient.java:99)
	at org.apache.ratis.grpc.server.GrpcService.requestVote(GrpcService.java:204)
	at org.apache.ratis.server.impl.LeaderElection.lambda$submitRequests$1(LeaderElection.java:234)
	at java.util.concurrent.FutureTask.run(FutureTask.java:266)
	at java.util.concurrent.Executors$RunnableAdapter.call(Executors.java:511)
	at java.util.concurrent.FutureTask.run(FutureTask.java:266)
	at java.util.concurrent.ThreadPoolExecutor.runWorker(ThreadPoolExecutor.java:1149)
	at java.util.concurrent.ThreadPoolExecutor$Worker.run(ThreadPoolExecutor.java:624)
	... 1 more
Caused by: org.apache.ratis.thirdparty.io.netty.channel.AbstractChannel$AnnotatedConnectException: Connection refused: /192.168.164.217:39381
	at sun.nio.ch.SocketChannelImpl.checkConnect(Native Method)
	at sun.nio.ch.SocketChannelImpl.finishConnect(SocketChannelImpl.java:717)
	at org.apache.ratis.thirdparty.io.netty.channel.socket.nio.NioSocketChannel.doFinishConnect(NioSocketChannel.java:327)
	at org.apache.ratis.thirdparty.io.netty.channel.nio.AbstractNioChannel$AbstractNioUnsafe.finishConnect(AbstractNioChannel.java:340)
	at org.apache.ratis.thirdparty.io.netty.channel.nio.NioEventLoop.processSelectedKey(NioEventLoop.java:632)
	at org.apache.ratis.thirdparty.io.netty.channel.nio.NioEventLoop.processSelectedKeysOptimized(NioEventLoop.java:579)
	at org.apache.ratis.thirdparty.io.netty.channel.nio.NioEventLoop.processSelectedKeys(NioEventLoop.java:496)
	at org.apache.ratis.thirdparty.io.netty.channel.nio.NioEventLoop.run(NioEventLoop.java:458)
	at org.apache.ratis.thirdparty.io.netty.util.concurrent.SingleThreadEventExecutor$5.run(SingleThreadEventExecutor.java:897)
	at org.apache.ratis.thirdparty.io.netty.util.concurrent.FastThreadLocalRunnable.run(FastThreadLocalRunnable.java:30)
	... 1 more
Caused by: java.net.ConnectException: Connection refused
	... 11 more
2019-11-05 08:24:31,068 [4a682f4f-c3f2-4b77-88b7-f0ab78890feb@group-0DB8C7688BF9-LeaderElection548] INFO  impl.LeaderElection (LogUtils.java:infoOrTrace(149)) -   Exception 1: {}
java.util.concurrent.ExecutionException: org.apache.ratis.thirdparty.io.grpc.StatusRuntimeException: UNAVAILABLE: io exception
	at java.util.concurrent.FutureTask.report(FutureTask.java:122)
	at java.util.concurrent.FutureTask.get(FutureTask.java:192)
	at org.apache.ratis.server.impl.LeaderElection.waitForResults(LeaderElection.java:259)
	at org.apache.ratis.server.impl.LeaderElection.askForVotes(LeaderElection.java:197)
	at org.apache.ratis.server.impl.LeaderElection.run(LeaderElection.java:133)
	at java.lang.Thread.run(Thread.java:748)
Caused by: org.apache.ratis.thirdparty.io.grpc.StatusRuntimeException: UNAVAILABLE: io exception
	at org.apache.ratis.thirdparty.io.grpc.stub.ClientCalls.toStatusRuntimeException(ClientCalls.java:233)
	at org.apache.ratis.thirdparty.io.grpc.stub.ClientCalls.getUnchecked(ClientCalls.java:214)
	at org.apache.ratis.thirdparty.io.grpc.stub.ClientCalls.blockingUnaryCall(ClientCalls.java:139)
	at org.apache.ratis.proto.grpc.RaftServerProtocolServiceGrpc$RaftServerProtocolServiceBlockingStub.requestVote(RaftServerProtocolServiceGrpc.java:265)
	at org.apache.ratis.grpc.server.GrpcServerProtocolClient.requestVote(GrpcServerProtocolClient.java:99)
	at org.apache.ratis.grpc.server.GrpcService.requestVote(GrpcService.java:204)
	at org.apache.ratis.server.impl.LeaderElection.lambda$submitRequests$1(LeaderElection.java:234)
	at java.util.concurrent.FutureTask.run(FutureTask.java:266)
	at java.util.concurrent.Executors$RunnableAdapter.call(Executors.java:511)
	at java.util.concurrent.FutureTask.run(FutureTask.java:266)
	at java.util.concurrent.ThreadPoolExecutor.runWorker(ThreadPoolExecutor.java:1149)
	at java.util.concurrent.ThreadPoolExecutor$Worker.run(ThreadPoolExecutor.java:624)
	... 1 more
Caused by: org.apache.ratis.thirdparty.io.netty.channel.AbstractChannel$AnnotatedConnectException: Connection refused: /192.168.164.217:44149
	at sun.nio.ch.SocketChannelImpl.checkConnect(Native Method)
	at sun.nio.ch.SocketChannelImpl.finishConnect(SocketChannelImpl.java:717)
	at org.apache.ratis.thirdparty.io.netty.channel.socket.nio.NioSocketChannel.doFinishConnect(NioSocketChannel.java:327)
	at org.apache.ratis.thirdparty.io.netty.channel.nio.AbstractNioChannel$AbstractNioUnsafe.finishConnect(AbstractNioChannel.java:340)
	at org.apache.ratis.thirdparty.io.netty.channel.nio.NioEventLoop.processSelectedKey(NioEventLoop.java:632)
	at org.apache.ratis.thirdparty.io.netty.channel.nio.NioEventLoop.processSelectedKeysOptimized(NioEventLoop.java:579)
	at org.apache.ratis.thirdparty.io.netty.channel.nio.NioEventLoop.processSelectedKeys(NioEventLoop.java:496)
	at org.apache.ratis.thirdparty.io.netty.channel.nio.NioEventLoop.run(NioEventLoop.java:458)
	at org.apache.ratis.thirdparty.io.netty.util.concurrent.SingleThreadEventExecutor$5.run(SingleThreadEventExecutor.java:897)
	at org.apache.ratis.thirdparty.io.netty.util.concurrent.FastThreadLocalRunnable.run(FastThreadLocalRunnable.java:30)
	... 1 more
Caused by: java.net.ConnectException: Connection refused
	... 11 more
2019-11-05 08:24:31,069 [4a682f4f-c3f2-4b77-88b7-f0ab78890feb@group-0DB8C7688BF9-LeaderElection548] INFO  impl.RaftServerImpl (RaftServerImpl.java:setRole(184)) - 4a682f4f-c3f2-4b77-88b7-f0ab78890feb@group-0DB8C7688BF9: changes role from CANDIDATE to FOLLOWER at term 330 for DISCOVERED_A_NEW_TERM
2019-11-05 08:24:31,069 [4a682f4f-c3f2-4b77-88b7-f0ab78890feb@group-0DB8C7688BF9-LeaderElection548] INFO  impl.RoleInfo (RoleInfo.java:shutdownLeaderElection(134)) - 4a682f4f-c3f2-4b77-88b7-f0ab78890feb: shutdown LeaderElection
2019-11-05 08:24:31,069 [4a682f4f-c3f2-4b77-88b7-f0ab78890feb@group-0DB8C7688BF9-LeaderElection548] INFO  impl.RoleInfo (RoleInfo.java:updateAndGet(143)) - 4a682f4f-c3f2-4b77-88b7-f0ab78890feb: start FollowerState
2019-11-05 08:24:31,180 [Thread-3971] INFO  impl.FollowerState (FollowerState.java:run(108)) - 4a682f4f-c3f2-4b77-88b7-f0ab78890feb@group-0DB8C7688BF9-FollowerState: change to CANDIDATE, lastRpcTime:111ms, electionTimeout:111ms
2019-11-05 08:24:31,180 [Thread-3971] INFO  impl.RoleInfo (RoleInfo.java:shutdownFollowerState(121)) - 4a682f4f-c3f2-4b77-88b7-f0ab78890feb: shutdown FollowerState
2019-11-05 08:24:31,180 [Thread-3971] INFO  impl.RaftServerImpl (RaftServerImpl.java:setRole(184)) - 4a682f4f-c3f2-4b77-88b7-f0ab78890feb@group-0DB8C7688BF9: changes role from  FOLLOWER to CANDIDATE at term 330 for changeToCandidate
2019-11-05 08:24:31,181 [Thread-3971] INFO  impl.RoleInfo (RoleInfo.java:updateAndGet(143)) - 4a682f4f-c3f2-4b77-88b7-f0ab78890feb: start LeaderElection
2019-11-05 08:24:31,194 [4a682f4f-c3f2-4b77-88b7-f0ab78890feb@group-0DB8C7688BF9-LeaderElection549] INFO  impl.LeaderElection (LeaderElection.java:askForVotes(178)) - 4a682f4f-c3f2-4b77-88b7-f0ab78890feb@group-0DB8C7688BF9-LeaderElection549: begin an election at term 331 for -1: [77ab65e6-d942-49df-83a3-1d4c0bf152b3:192.168.164.217:39381, 7e1b84a9-a041-44fd-8008-f2679426984c:192.168.164.217:44149, 4a682f4f-c3f2-4b77-88b7-f0ab78890feb:192.168.164.217:34174], old=null
2019-11-05 08:24:31,194 [4a682f4f-c3f2-4b77-88b7-f0ab78890feb@group-0DB8C7688BF9-LeaderElection549] INFO  impl.LeaderElection (LogUtils.java:infoOrTrace(149)) - 4a682f4f-c3f2-4b77-88b7-f0ab78890feb@group-0DB8C7688BF9-LeaderElection549 got exception when requesting votes: {}
java.util.concurrent.ExecutionException: org.apache.ratis.thirdparty.io.grpc.StatusRuntimeException: UNAVAILABLE: io exception
	at java.util.concurrent.FutureTask.report(FutureTask.java:122)
	at java.util.concurrent.FutureTask.get(FutureTask.java:192)
	at org.apache.ratis.server.impl.LeaderElection.waitForResults(LeaderElection.java:259)
	at org.apache.ratis.server.impl.LeaderElection.askForVotes(LeaderElection.java:197)
	at org.apache.ratis.server.impl.LeaderElection.run(LeaderElection.java:133)
	at java.lang.Thread.run(Thread.java:748)
Caused by: org.apache.ratis.thirdparty.io.grpc.StatusRuntimeException: UNAVAILABLE: io exception
	at org.apache.ratis.thirdparty.io.grpc.stub.ClientCalls.toStatusRuntimeException(ClientCalls.java:233)
	at org.apache.ratis.thirdparty.io.grpc.stub.ClientCalls.getUnchecked(ClientCalls.java:214)
	at org.apache.ratis.thirdparty.io.grpc.stub.ClientCalls.blockingUnaryCall(ClientCalls.java:139)
	at org.apache.ratis.proto.grpc.RaftServerProtocolServiceGrpc$RaftServerProtocolServiceBlockingStub.requestVote(RaftServerProtocolServiceGrpc.java:265)
	at org.apache.ratis.grpc.server.GrpcServerProtocolClient.requestVote(GrpcServerProtocolClient.java:99)
	at org.apache.ratis.grpc.server.GrpcService.requestVote(GrpcService.java:204)
	at org.apache.ratis.server.impl.LeaderElection.lambda$submitRequests$1(LeaderElection.java:234)
	at java.util.concurrent.FutureTask.run(FutureTask.java:266)
	at java.util.concurrent.Executors$RunnableAdapter.call(Executors.java:511)
	at java.util.concurrent.FutureTask.run(FutureTask.java:266)
	at java.util.concurrent.ThreadPoolExecutor.runWorker(ThreadPoolExecutor.java:1149)
	at java.util.concurrent.ThreadPoolExecutor$Worker.run(ThreadPoolExecutor.java:624)
	... 1 more
Caused by: org.apache.ratis.thirdparty.io.netty.channel.AbstractChannel$AnnotatedConnectException: Connection refused: /192.168.164.217:44149
	at sun.nio.ch.SocketChannelImpl.checkConnect(Native Method)
	at sun.nio.ch.SocketChannelImpl.finishConnect(SocketChannelImpl.java:717)
	at org.apache.ratis.thirdparty.io.netty.channel.socket.nio.NioSocketChannel.doFinishConnect(NioSocketChannel.java:327)
	at org.apache.ratis.thirdparty.io.netty.channel.nio.AbstractNioChannel$AbstractNioUnsafe.finishConnect(AbstractNioChannel.java:340)
	at org.apache.ratis.thirdparty.io.netty.channel.nio.NioEventLoop.processSelectedKey(NioEventLoop.java:632)
	at org.apache.ratis.thirdparty.io.netty.channel.nio.NioEventLoop.processSelectedKeysOptimized(NioEventLoop.java:579)
	at org.apache.ratis.thirdparty.io.netty.channel.nio.NioEventLoop.processSelectedKeys(NioEventLoop.java:496)
	at org.apache.ratis.thirdparty.io.netty.channel.nio.NioEventLoop.run(NioEventLoop.java:458)
	at org.apache.ratis.thirdparty.io.netty.util.concurrent.SingleThreadEventExecutor$5.run(SingleThreadEventExecutor.java:897)
	at org.apache.ratis.thirdparty.io.netty.util.concurrent.FastThreadLocalRunnable.run(FastThreadLocalRunnable.java:30)
	... 1 more
Caused by: java.net.ConnectException: Connection refused
	... 11 more
2019-11-05 08:24:31,195 [4a682f4f-c3f2-4b77-88b7-f0ab78890feb@group-0DB8C7688BF9-LeaderElection549] INFO  impl.LeaderElection (LogUtils.java:infoOrTrace(149)) - 4a682f4f-c3f2-4b77-88b7-f0ab78890feb@group-0DB8C7688BF9-LeaderElection549 got exception when requesting votes: {}
java.util.concurrent.ExecutionException: org.apache.ratis.thirdparty.io.grpc.StatusRuntimeException: UNAVAILABLE: io exception
	at java.util.concurrent.FutureTask.report(FutureTask.java:122)
	at java.util.concurrent.FutureTask.get(FutureTask.java:192)
	at org.apache.ratis.server.impl.LeaderElection.waitForResults(LeaderElection.java:259)
	at org.apache.ratis.server.impl.LeaderElection.askForVotes(LeaderElection.java:197)
	at org.apache.ratis.server.impl.LeaderElection.run(LeaderElection.java:133)
	at java.lang.Thread.run(Thread.java:748)
Caused by: org.apache.ratis.thirdparty.io.grpc.StatusRuntimeException: UNAVAILABLE: io exception
	at org.apache.ratis.thirdparty.io.grpc.stub.ClientCalls.toStatusRuntimeException(ClientCalls.java:233)
	at org.apache.ratis.thirdparty.io.grpc.stub.ClientCalls.getUnchecked(ClientCalls.java:214)
	at org.apache.ratis.thirdparty.io.grpc.stub.ClientCalls.blockingUnaryCall(ClientCalls.java:139)
	at org.apache.ratis.proto.grpc.RaftServerProtocolServiceGrpc$RaftServerProtocolServiceBlockingStub.requestVote(RaftServerProtocolServiceGrpc.java:265)
	at org.apache.ratis.grpc.server.GrpcServerProtocolClient.requestVote(GrpcServerProtocolClient.java:99)
	at org.apache.ratis.grpc.server.GrpcService.requestVote(GrpcService.java:204)
	at org.apache.ratis.server.impl.LeaderElection.lambda$submitRequests$1(LeaderElection.java:234)
	at java.util.concurrent.FutureTask.run(FutureTask.java:266)
	at java.util.concurrent.Executors$RunnableAdapter.call(Executors.java:511)
	at java.util.concurrent.FutureTask.run(FutureTask.java:266)
	at java.util.concurrent.ThreadPoolExecutor.runWorker(ThreadPoolExecutor.java:1149)
	at java.util.concurrent.ThreadPoolExecutor$Worker.run(ThreadPoolExecutor.java:624)
	... 1 more
Caused by: org.apache.ratis.thirdparty.io.netty.channel.AbstractChannel$AnnotatedConnectException: Connection refused: /192.168.164.217:39381
	at sun.nio.ch.SocketChannelImpl.checkConnect(Native Method)
	at sun.nio.ch.SocketChannelImpl.finishConnect(SocketChannelImpl.java:717)
	at org.apache.ratis.thirdparty.io.netty.channel.socket.nio.NioSocketChannel.doFinishConnect(NioSocketChannel.java:327)
	at org.apache.ratis.thirdparty.io.netty.channel.nio.AbstractNioChannel$AbstractNioUnsafe.finishConnect(AbstractNioChannel.java:340)
	at org.apache.ratis.thirdparty.io.netty.channel.nio.NioEventLoop.processSelectedKey(NioEventLoop.java:632)
	at org.apache.ratis.thirdparty.io.netty.channel.nio.NioEventLoop.processSelectedKeysOptimized(NioEventLoop.java:579)
	at org.apache.ratis.thirdparty.io.netty.channel.nio.NioEventLoop.processSelectedKeys(NioEventLoop.java:496)
	at org.apache.ratis.thirdparty.io.netty.channel.nio.NioEventLoop.run(NioEventLoop.java:458)
	at org.apache.ratis.thirdparty.io.netty.util.concurrent.SingleThreadEventExecutor$5.run(SingleThreadEventExecutor.java:897)
	at org.apache.ratis.thirdparty.io.netty.util.concurrent.FastThreadLocalRunnable.run(FastThreadLocalRunnable.java:30)
	... 1 more
Caused by: java.net.ConnectException: Connection refused
	... 11 more
2019-11-05 08:24:31,195 [4a682f4f-c3f2-4b77-88b7-f0ab78890feb@group-0DB8C7688BF9-LeaderElection549] INFO  impl.LeaderElection (LeaderElection.java:logAndReturn(56)) - 4a682f4f-c3f2-4b77-88b7-f0ab78890feb@group-0DB8C7688BF9-LeaderElection549: Election REJECTED; received 0 response(s) [] and 2 exception(s); 4a682f4f-c3f2-4b77-88b7-f0ab78890feb@group-0DB8C7688BF9:t331, leader=null, voted=4a682f4f-c3f2-4b77-88b7-f0ab78890feb, raftlog=4a682f4f-c3f2-4b77-88b7-f0ab78890feb@group-0DB8C7688BF9-SegmentedRaftLog:OPENED:c-1,f-1,i0, conf=-1: [77ab65e6-d942-49df-83a3-1d4c0bf152b3:192.168.164.217:39381, 7e1b84a9-a041-44fd-8008-f2679426984c:192.168.164.217:44149, 4a682f4f-c3f2-4b77-88b7-f0ab78890feb:192.168.164.217:34174], old=null
2019-11-05 08:24:31,195 [4a682f4f-c3f2-4b77-88b7-f0ab78890feb@group-0DB8C7688BF9-LeaderElection549] INFO  impl.LeaderElection (LogUtils.java:infoOrTrace(149)) -   Exception 0: {}
java.util.concurrent.ExecutionException: org.apache.ratis.thirdparty.io.grpc.StatusRuntimeException: UNAVAILABLE: io exception
	at java.util.concurrent.FutureTask.report(FutureTask.java:122)
	at java.util.concurrent.FutureTask.get(FutureTask.java:192)
	at org.apache.ratis.server.impl.LeaderElection.waitForResults(LeaderElection.java:259)
	at org.apache.ratis.server.impl.LeaderElection.askForVotes(LeaderElection.java:197)
	at org.apache.ratis.server.impl.LeaderElection.run(LeaderElection.java:133)
	at java.lang.Thread.run(Thread.java:748)
Caused by: org.apache.ratis.thirdparty.io.grpc.StatusRuntimeException: UNAVAILABLE: io exception
	at org.apache.ratis.thirdparty.io.grpc.stub.ClientCalls.toStatusRuntimeException(ClientCalls.java:233)
	at org.apache.ratis.thirdparty.io.grpc.stub.ClientCalls.getUnchecked(ClientCalls.java:214)
	at org.apache.ratis.thirdparty.io.grpc.stub.ClientCalls.blockingUnaryCall(ClientCalls.java:139)
	at org.apache.ratis.proto.grpc.RaftServerProtocolServiceGrpc$RaftServerProtocolServiceBlockingStub.requestVote(RaftServerProtocolServiceGrpc.java:265)
	at org.apache.ratis.grpc.server.GrpcServerProtocolClient.requestVote(GrpcServerProtocolClient.java:99)
	at org.apache.ratis.grpc.server.GrpcService.requestVote(GrpcService.java:204)
	at org.apache.ratis.server.impl.LeaderElection.lambda$submitRequests$1(LeaderElection.java:234)
	at java.util.concurrent.FutureTask.run(FutureTask.java:266)
	at java.util.concurrent.Executors$RunnableAdapter.call(Executors.java:511)
	at java.util.concurrent.FutureTask.run(FutureTask.java:266)
	at java.util.concurrent.ThreadPoolExecutor.runWorker(ThreadPoolExecutor.java:1149)
	at java.util.concurrent.ThreadPoolExecutor$Worker.run(ThreadPoolExecutor.java:624)
	... 1 more
Caused by: org.apache.ratis.thirdparty.io.netty.channel.AbstractChannel$AnnotatedConnectException: Connection refused: /192.168.164.217:44149
	at sun.nio.ch.SocketChannelImpl.checkConnect(Native Method)
	at sun.nio.ch.SocketChannelImpl.finishConnect(SocketChannelImpl.java:717)
	at org.apache.ratis.thirdparty.io.netty.channel.socket.nio.NioSocketChannel.doFinishConnect(NioSocketChannel.java:327)
	at org.apache.ratis.thirdparty.io.netty.channel.nio.AbstractNioChannel$AbstractNioUnsafe.finishConnect(AbstractNioChannel.java:340)
	at org.apache.ratis.thirdparty.io.netty.channel.nio.NioEventLoop.processSelectedKey(NioEventLoop.java:632)
	at org.apache.ratis.thirdparty.io.netty.channel.nio.NioEventLoop.processSelectedKeysOptimized(NioEventLoop.java:579)
	at org.apache.ratis.thirdparty.io.netty.channel.nio.NioEventLoop.processSelectedKeys(NioEventLoop.java:496)
	at org.apache.ratis.thirdparty.io.netty.channel.nio.NioEventLoop.run(NioEventLoop.java:458)
	at org.apache.ratis.thirdparty.io.netty.util.concurrent.SingleThreadEventExecutor$5.run(SingleThreadEventExecutor.java:897)
	at org.apache.ratis.thirdparty.io.netty.util.concurrent.FastThreadLocalRunnable.run(FastThreadLocalRunnable.java:30)
	... 1 more
Caused by: java.net.ConnectException: Connection refused
	... 11 more
2019-11-05 08:24:31,195 [4a682f4f-c3f2-4b77-88b7-f0ab78890feb@group-0DB8C7688BF9-LeaderElection549] INFO  impl.LeaderElection (LogUtils.java:infoOrTrace(149)) -   Exception 1: {}
java.util.concurrent.ExecutionException: org.apache.ratis.thirdparty.io.grpc.StatusRuntimeException: UNAVAILABLE: io exception
	at java.util.concurrent.FutureTask.report(FutureTask.java:122)
	at java.util.concurrent.FutureTask.get(FutureTask.java:192)
	at org.apache.ratis.server.impl.LeaderElection.waitForResults(LeaderElection.java:259)
	at org.apache.ratis.server.impl.LeaderElection.askForVotes(LeaderElection.java:197)
	at org.apache.ratis.server.impl.LeaderElection.run(LeaderElection.java:133)
	at java.lang.Thread.run(Thread.java:748)
Caused by: org.apache.ratis.thirdparty.io.grpc.StatusRuntimeException: UNAVAILABLE: io exception
	at org.apache.ratis.thirdparty.io.grpc.stub.ClientCalls.toStatusRuntimeException(ClientCalls.java:233)
	at org.apache.ratis.thirdparty.io.grpc.stub.ClientCalls.getUnchecked(ClientCalls.java:214)
	at org.apache.ratis.thirdparty.io.grpc.stub.ClientCalls.blockingUnaryCall(ClientCalls.java:139)
	at org.apache.ratis.proto.grpc.RaftServerProtocolServiceGrpc$RaftServerProtocolServiceBlockingStub.requestVote(RaftServerProtocolServiceGrpc.java:265)
	at org.apache.ratis.grpc.server.GrpcServerProtocolClient.requestVote(GrpcServerProtocolClient.java:99)
	at org.apache.ratis.grpc.server.GrpcService.requestVote(GrpcService.java:204)
	at org.apache.ratis.server.impl.LeaderElection.lambda$submitRequests$1(LeaderElection.java:234)
	at java.util.concurrent.FutureTask.run(FutureTask.java:266)
	at java.util.concurrent.Executors$RunnableAdapter.call(Executors.java:511)
	at java.util.concurrent.FutureTask.run(FutureTask.java:266)
	at java.util.concurrent.ThreadPoolExecutor.runWorker(ThreadPoolExecutor.java:1149)
	at java.util.concurrent.ThreadPoolExecutor$Worker.run(ThreadPoolExecutor.java:624)
	... 1 more
Caused by: org.apache.ratis.thirdparty.io.netty.channel.AbstractChannel$AnnotatedConnectException: Connection refused: /192.168.164.217:39381
	at sun.nio.ch.SocketChannelImpl.checkConnect(Native Method)
	at sun.nio.ch.SocketChannelImpl.finishConnect(SocketChannelImpl.java:717)
	at org.apache.ratis.thirdparty.io.netty.channel.socket.nio.NioSocketChannel.doFinishConnect(NioSocketChannel.java:327)
	at org.apache.ratis.thirdparty.io.netty.channel.nio.AbstractNioChannel$AbstractNioUnsafe.finishConnect(AbstractNioChannel.java:340)
	at org.apache.ratis.thirdparty.io.netty.channel.nio.NioEventLoop.processSelectedKey(NioEventLoop.java:632)
	at org.apache.ratis.thirdparty.io.netty.channel.nio.NioEventLoop.processSelectedKeysOptimized(NioEventLoop.java:579)
	at org.apache.ratis.thirdparty.io.netty.channel.nio.NioEventLoop.processSelectedKeys(NioEventLoop.java:496)
	at org.apache.ratis.thirdparty.io.netty.channel.nio.NioEventLoop.run(NioEventLoop.java:458)
	at org.apache.ratis.thirdparty.io.netty.util.concurrent.SingleThreadEventExecutor$5.run(SingleThreadEventExecutor.java:897)
	at org.apache.ratis.thirdparty.io.netty.util.concurrent.FastThreadLocalRunnable.run(FastThreadLocalRunnable.java:30)
	... 1 more
Caused by: java.net.ConnectException: Connection refused
	... 11 more
2019-11-05 08:24:31,196 [4a682f4f-c3f2-4b77-88b7-f0ab78890feb@group-0DB8C7688BF9-LeaderElection549] INFO  impl.RaftServerImpl (RaftServerImpl.java:setRole(184)) - 4a682f4f-c3f2-4b77-88b7-f0ab78890feb@group-0DB8C7688BF9: changes role from CANDIDATE to FOLLOWER at term 331 for DISCOVERED_A_NEW_TERM
2019-11-05 08:24:31,196 [4a682f4f-c3f2-4b77-88b7-f0ab78890feb@group-0DB8C7688BF9-LeaderElection549] INFO  impl.RoleInfo (RoleInfo.java:shutdownLeaderElection(134)) - 4a682f4f-c3f2-4b77-88b7-f0ab78890feb: shutdown LeaderElection
2019-11-05 08:24:31,196 [4a682f4f-c3f2-4b77-88b7-f0ab78890feb@group-0DB8C7688BF9-LeaderElection549] INFO  impl.RoleInfo (RoleInfo.java:updateAndGet(143)) - 4a682f4f-c3f2-4b77-88b7-f0ab78890feb: start FollowerState
2019-11-05 08:24:31,205 [Thread-3975] INFO  impl.FollowerState (FollowerState.java:run(108)) - 4a682f4f-c3f2-4b77-88b7-f0ab78890feb@group-0DB8C7688BF9-FollowerState: change to CANDIDATE, lastRpcTime:9ms, electionTimeout:9ms
2019-11-05 08:24:31,205 [Thread-3975] INFO  impl.RoleInfo (RoleInfo.java:shutdownFollowerState(121)) - 4a682f4f-c3f2-4b77-88b7-f0ab78890feb: shutdown FollowerState
2019-11-05 08:24:31,205 [Thread-3975] INFO  impl.RaftServerImpl (RaftServerImpl.java:setRole(184)) - 4a682f4f-c3f2-4b77-88b7-f0ab78890feb@group-0DB8C7688BF9: changes role from  FOLLOWER to CANDIDATE at term 331 for changeToCandidate
2019-11-05 08:24:31,205 [Thread-3975] INFO  impl.RoleInfo (RoleInfo.java:updateAndGet(143)) - 4a682f4f-c3f2-4b77-88b7-f0ab78890feb: start LeaderElection
2019-11-05 08:24:31,213 [4a682f4f-c3f2-4b77-88b7-f0ab78890feb@group-0DB8C7688BF9-LeaderElection550] INFO  impl.LeaderElection (LeaderElection.java:askForVotes(178)) - 4a682f4f-c3f2-4b77-88b7-f0ab78890feb@group-0DB8C7688BF9-LeaderElection550: begin an election at term 332 for -1: [77ab65e6-d942-49df-83a3-1d4c0bf152b3:192.168.164.217:39381, 7e1b84a9-a041-44fd-8008-f2679426984c:192.168.164.217:44149, 4a682f4f-c3f2-4b77-88b7-f0ab78890feb:192.168.164.217:34174], old=null
2019-11-05 08:24:31,213 [4a682f4f-c3f2-4b77-88b7-f0ab78890feb@group-0DB8C7688BF9-LeaderElection550] INFO  impl.LeaderElection (LogUtils.java:infoOrTrace(149)) - 4a682f4f-c3f2-4b77-88b7-f0ab78890feb@group-0DB8C7688BF9-LeaderElection550 got exception when requesting votes: {}
java.util.concurrent.ExecutionException: org.apache.ratis.thirdparty.io.grpc.StatusRuntimeException: UNAVAILABLE: io exception
	at java.util.concurrent.FutureTask.report(FutureTask.java:122)
	at java.util.concurrent.FutureTask.get(FutureTask.java:192)
	at org.apache.ratis.server.impl.LeaderElection.waitForResults(LeaderElection.java:259)
	at org.apache.ratis.server.impl.LeaderElection.askForVotes(LeaderElection.java:197)
	at org.apache.ratis.server.impl.LeaderElection.run(LeaderElection.java:133)
	at java.lang.Thread.run(Thread.java:748)
Caused by: org.apache.ratis.thirdparty.io.grpc.StatusRuntimeException: UNAVAILABLE: io exception
	at org.apache.ratis.thirdparty.io.grpc.stub.ClientCalls.toStatusRuntimeException(ClientCalls.java:233)
	at org.apache.ratis.thirdparty.io.grpc.stub.ClientCalls.getUnchecked(ClientCalls.java:214)
	at org.apache.ratis.thirdparty.io.grpc.stub.ClientCalls.blockingUnaryCall(ClientCalls.java:139)
	at org.apache.ratis.proto.grpc.RaftServerProtocolServiceGrpc$RaftServerProtocolServiceBlockingStub.requestVote(RaftServerProtocolServiceGrpc.java:265)
	at org.apache.ratis.grpc.server.GrpcServerProtocolClient.requestVote(GrpcServerProtocolClient.java:99)
	at org.apache.ratis.grpc.server.GrpcService.requestVote(GrpcService.java:204)
	at org.apache.ratis.server.impl.LeaderElection.lambda$submitRequests$1(LeaderElection.java:234)
	at java.util.concurrent.FutureTask.run(FutureTask.java:266)
	at java.util.concurrent.Executors$RunnableAdapter.call(Executors.java:511)
	at java.util.concurrent.FutureTask.run(FutureTask.java:266)
	at java.util.concurrent.ThreadPoolExecutor.runWorker(ThreadPoolExecutor.java:1149)
	at java.util.concurrent.ThreadPoolExecutor$Worker.run(ThreadPoolExecutor.java:624)
	... 1 more
Caused by: org.apache.ratis.thirdparty.io.netty.channel.AbstractChannel$AnnotatedConnectException: Connection refused: /192.168.164.217:44149
	at sun.nio.ch.SocketChannelImpl.checkConnect(Native Method)
	at sun.nio.ch.SocketChannelImpl.finishConnect(SocketChannelImpl.java:717)
	at org.apache.ratis.thirdparty.io.netty.channel.socket.nio.NioSocketChannel.doFinishConnect(NioSocketChannel.java:327)
	at org.apache.ratis.thirdparty.io.netty.channel.nio.AbstractNioChannel$AbstractNioUnsafe.finishConnect(AbstractNioChannel.java:340)
	at org.apache.ratis.thirdparty.io.netty.channel.nio.NioEventLoop.processSelectedKey(NioEventLoop.java:632)
	at org.apache.ratis.thirdparty.io.netty.channel.nio.NioEventLoop.processSelectedKeysOptimized(NioEventLoop.java:579)
	at org.apache.ratis.thirdparty.io.netty.channel.nio.NioEventLoop.processSelectedKeys(NioEventLoop.java:496)
	at org.apache.ratis.thirdparty.io.netty.channel.nio.NioEventLoop.run(NioEventLoop.java:458)
	at org.apache.ratis.thirdparty.io.netty.util.concurrent.SingleThreadEventExecutor$5.run(SingleThreadEventExecutor.java:897)
	at org.apache.ratis.thirdparty.io.netty.util.concurrent.FastThreadLocalRunnable.run(FastThreadLocalRunnable.java:30)
	... 1 more
Caused by: java.net.ConnectException: Connection refused
	... 11 more
2019-11-05 08:24:31,214 [4a682f4f-c3f2-4b77-88b7-f0ab78890feb@group-0DB8C7688BF9-LeaderElection550] INFO  impl.LeaderElection (LogUtils.java:infoOrTrace(149)) - 4a682f4f-c3f2-4b77-88b7-f0ab78890feb@group-0DB8C7688BF9-LeaderElection550 got exception when requesting votes: {}
java.util.concurrent.ExecutionException: org.apache.ratis.thirdparty.io.grpc.StatusRuntimeException: UNAVAILABLE: io exception
	at java.util.concurrent.FutureTask.report(FutureTask.java:122)
	at java.util.concurrent.FutureTask.get(FutureTask.java:192)
	at org.apache.ratis.server.impl.LeaderElection.waitForResults(LeaderElection.java:259)
	at org.apache.ratis.server.impl.LeaderElection.askForVotes(LeaderElection.java:197)
	at org.apache.ratis.server.impl.LeaderElection.run(LeaderElection.java:133)
	at java.lang.Thread.run(Thread.java:748)
Caused by: org.apache.ratis.thirdparty.io.grpc.StatusRuntimeException: UNAVAILABLE: io exception
	at org.apache.ratis.thirdparty.io.grpc.stub.ClientCalls.toStatusRuntimeException(ClientCalls.java:233)
	at org.apache.ratis.thirdparty.io.grpc.stub.ClientCalls.getUnchecked(ClientCalls.java:214)
	at org.apache.ratis.thirdparty.io.grpc.stub.ClientCalls.blockingUnaryCall(ClientCalls.java:139)
	at org.apache.ratis.proto.grpc.RaftServerProtocolServiceGrpc$RaftServerProtocolServiceBlockingStub.requestVote(RaftServerProtocolServiceGrpc.java:265)
	at org.apache.ratis.grpc.server.GrpcServerProtocolClient.requestVote(GrpcServerProtocolClient.java:99)
	at org.apache.ratis.grpc.server.GrpcService.requestVote(GrpcService.java:204)
	at org.apache.ratis.server.impl.LeaderElection.lambda$submitRequests$1(LeaderElection.java:234)
	at java.util.concurrent.FutureTask.run(FutureTask.java:266)
	at java.util.concurrent.Executors$RunnableAdapter.call(Executors.java:511)
	at java.util.concurrent.FutureTask.run(FutureTask.java:266)
	at java.util.concurrent.ThreadPoolExecutor.runWorker(ThreadPoolExecutor.java:1149)
	at java.util.concurrent.ThreadPoolExecutor$Worker.run(ThreadPoolExecutor.java:624)
	... 1 more
Caused by: org.apache.ratis.thirdparty.io.netty.channel.AbstractChannel$AnnotatedConnectException: Connection refused: /192.168.164.217:39381
	at sun.nio.ch.SocketChannelImpl.checkConnect(Native Method)
	at sun.nio.ch.SocketChannelImpl.finishConnect(SocketChannelImpl.java:717)
	at org.apache.ratis.thirdparty.io.netty.channel.socket.nio.NioSocketChannel.doFinishConnect(NioSocketChannel.java:327)
	at org.apache.ratis.thirdparty.io.netty.channel.nio.AbstractNioChannel$AbstractNioUnsafe.finishConnect(AbstractNioChannel.java:340)
	at org.apache.ratis.thirdparty.io.netty.channel.nio.NioEventLoop.processSelectedKey(NioEventLoop.java:632)
	at org.apache.ratis.thirdparty.io.netty.channel.nio.NioEventLoop.processSelectedKeysOptimized(NioEventLoop.java:579)
	at org.apache.ratis.thirdparty.io.netty.channel.nio.NioEventLoop.processSelectedKeys(NioEventLoop.java:496)
	at org.apache.ratis.thirdparty.io.netty.channel.nio.NioEventLoop.run(NioEventLoop.java:458)
	at org.apache.ratis.thirdparty.io.netty.util.concurrent.SingleThreadEventExecutor$5.run(SingleThreadEventExecutor.java:897)
	at org.apache.ratis.thirdparty.io.netty.util.concurrent.FastThreadLocalRunnable.run(FastThreadLocalRunnable.java:30)
	... 1 more
Caused by: java.net.ConnectException: Connection refused
	... 11 more
2019-11-05 08:24:31,214 [4a682f4f-c3f2-4b77-88b7-f0ab78890feb@group-0DB8C7688BF9-LeaderElection550] INFO  impl.LeaderElection (LeaderElection.java:logAndReturn(56)) - 4a682f4f-c3f2-4b77-88b7-f0ab78890feb@group-0DB8C7688BF9-LeaderElection550: Election REJECTED; received 0 response(s) [] and 2 exception(s); 4a682f4f-c3f2-4b77-88b7-f0ab78890feb@group-0DB8C7688BF9:t332, leader=null, voted=4a682f4f-c3f2-4b77-88b7-f0ab78890feb, raftlog=4a682f4f-c3f2-4b77-88b7-f0ab78890feb@group-0DB8C7688BF9-SegmentedRaftLog:OPENED:c-1,f-1,i0, conf=-1: [77ab65e6-d942-49df-83a3-1d4c0bf152b3:192.168.164.217:39381, 7e1b84a9-a041-44fd-8008-f2679426984c:192.168.164.217:44149, 4a682f4f-c3f2-4b77-88b7-f0ab78890feb:192.168.164.217:34174], old=null
2019-11-05 08:24:31,214 [4a682f4f-c3f2-4b77-88b7-f0ab78890feb@group-0DB8C7688BF9-LeaderElection550] INFO  impl.LeaderElection (LogUtils.java:infoOrTrace(149)) -   Exception 0: {}
java.util.concurrent.ExecutionException: org.apache.ratis.thirdparty.io.grpc.StatusRuntimeException: UNAVAILABLE: io exception
	at java.util.concurrent.FutureTask.report(FutureTask.java:122)
	at java.util.concurrent.FutureTask.get(FutureTask.java:192)
	at org.apache.ratis.server.impl.LeaderElection.waitForResults(LeaderElection.java:259)
	at org.apache.ratis.server.impl.LeaderElection.askForVotes(LeaderElection.java:197)
	at org.apache.ratis.server.impl.LeaderElection.run(LeaderElection.java:133)
	at java.lang.Thread.run(Thread.java:748)
Caused by: org.apache.ratis.thirdparty.io.grpc.StatusRuntimeException: UNAVAILABLE: io exception
	at org.apache.ratis.thirdparty.io.grpc.stub.ClientCalls.toStatusRuntimeException(ClientCalls.java:233)
	at org.apache.ratis.thirdparty.io.grpc.stub.ClientCalls.getUnchecked(ClientCalls.java:214)
	at org.apache.ratis.thirdparty.io.grpc.stub.ClientCalls.blockingUnaryCall(ClientCalls.java:139)
	at org.apache.ratis.proto.grpc.RaftServerProtocolServiceGrpc$RaftServerProtocolServiceBlockingStub.requestVote(RaftServerProtocolServiceGrpc.java:265)
	at org.apache.ratis.grpc.server.GrpcServerProtocolClient.requestVote(GrpcServerProtocolClient.java:99)
	at org.apache.ratis.grpc.server.GrpcService.requestVote(GrpcService.java:204)
	at org.apache.ratis.server.impl.LeaderElection.lambda$submitRequests$1(LeaderElection.java:234)
	at java.util.concurrent.FutureTask.run(FutureTask.java:266)
	at java.util.concurrent.Executors$RunnableAdapter.call(Executors.java:511)
	at java.util.concurrent.FutureTask.run(FutureTask.java:266)
	at java.util.concurrent.ThreadPoolExecutor.runWorker(ThreadPoolExecutor.java:1149)
	at java.util.concurrent.ThreadPoolExecutor$Worker.run(ThreadPoolExecutor.java:624)
	... 1 more
Caused by: org.apache.ratis.thirdparty.io.netty.channel.AbstractChannel$AnnotatedConnectException: Connection refused: /192.168.164.217:44149
	at sun.nio.ch.SocketChannelImpl.checkConnect(Native Method)
	at sun.nio.ch.SocketChannelImpl.finishConnect(SocketChannelImpl.java:717)
	at org.apache.ratis.thirdparty.io.netty.channel.socket.nio.NioSocketChannel.doFinishConnect(NioSocketChannel.java:327)
	at org.apache.ratis.thirdparty.io.netty.channel.nio.AbstractNioChannel$AbstractNioUnsafe.finishConnect(AbstractNioChannel.java:340)
	at org.apache.ratis.thirdparty.io.netty.channel.nio.NioEventLoop.processSelectedKey(NioEventLoop.java:632)
	at org.apache.ratis.thirdparty.io.netty.channel.nio.NioEventLoop.processSelectedKeysOptimized(NioEventLoop.java:579)
	at org.apache.ratis.thirdparty.io.netty.channel.nio.NioEventLoop.processSelectedKeys(NioEventLoop.java:496)
	at org.apache.ratis.thirdparty.io.netty.channel.nio.NioEventLoop.run(NioEventLoop.java:458)
	at org.apache.ratis.thirdparty.io.netty.util.concurrent.SingleThreadEventExecutor$5.run(SingleThreadEventExecutor.java:897)
	at org.apache.ratis.thirdparty.io.netty.util.concurrent.FastThreadLocalRunnable.run(FastThreadLocalRunnable.java:30)
	... 1 more
Caused by: java.net.ConnectException: Connection refused
	... 11 more
2019-11-05 08:24:31,214 [4a682f4f-c3f2-4b77-88b7-f0ab78890feb@group-0DB8C7688BF9-LeaderElection550] INFO  impl.LeaderElection (LogUtils.java:infoOrTrace(149)) -   Exception 1: {}
java.util.concurrent.ExecutionException: org.apache.ratis.thirdparty.io.grpc.StatusRuntimeException: UNAVAILABLE: io exception
	at java.util.concurrent.FutureTask.report(FutureTask.java:122)
	at java.util.concurrent.FutureTask.get(FutureTask.java:192)
	at org.apache.ratis.server.impl.LeaderElection.waitForResults(LeaderElection.java:259)
	at org.apache.ratis.server.impl.LeaderElection.askForVotes(LeaderElection.java:197)
	at org.apache.ratis.server.impl.LeaderElection.run(LeaderElection.java:133)
	at java.lang.Thread.run(Thread.java:748)
Caused by: org.apache.ratis.thirdparty.io.grpc.StatusRuntimeException: UNAVAILABLE: io exception
	at org.apache.ratis.thirdparty.io.grpc.stub.ClientCalls.toStatusRuntimeException(ClientCalls.java:233)
	at org.apache.ratis.thirdparty.io.grpc.stub.ClientCalls.getUnchecked(ClientCalls.java:214)
	at org.apache.ratis.thirdparty.io.grpc.stub.ClientCalls.blockingUnaryCall(ClientCalls.java:139)
	at org.apache.ratis.proto.grpc.RaftServerProtocolServiceGrpc$RaftServerProtocolServiceBlockingStub.requestVote(RaftServerProtocolServiceGrpc.java:265)
	at org.apache.ratis.grpc.server.GrpcServerProtocolClient.requestVote(GrpcServerProtocolClient.java:99)
	at org.apache.ratis.grpc.server.GrpcService.requestVote(GrpcService.java:204)
	at org.apache.ratis.server.impl.LeaderElection.lambda$submitRequests$1(LeaderElection.java:234)
	at java.util.concurrent.FutureTask.run(FutureTask.java:266)
	at java.util.concurrent.Executors$RunnableAdapter.call(Executors.java:511)
	at java.util.concurrent.FutureTask.run(FutureTask.java:266)
	at java.util.concurrent.ThreadPoolExecutor.runWorker(ThreadPoolExecutor.java:1149)
	at java.util.concurrent.ThreadPoolExecutor$Worker.run(ThreadPoolExecutor.java:624)
	... 1 more
Caused by: org.apache.ratis.thirdparty.io.netty.channel.AbstractChannel$AnnotatedConnectException: Connection refused: /192.168.164.217:39381
	at sun.nio.ch.SocketChannelImpl.checkConnect(Native Method)
	at sun.nio.ch.SocketChannelImpl.finishConnect(SocketChannelImpl.java:717)
	at org.apache.ratis.thirdparty.io.netty.channel.socket.nio.NioSocketChannel.doFinishConnect(NioSocketChannel.java:327)
	at org.apache.ratis.thirdparty.io.netty.channel.nio.AbstractNioChannel$AbstractNioUnsafe.finishConnect(AbstractNioChannel.java:340)
	at org.apache.ratis.thirdparty.io.netty.channel.nio.NioEventLoop.processSelectedKey(NioEventLoop.java:632)
	at org.apache.ratis.thirdparty.io.netty.channel.nio.NioEventLoop.processSelectedKeysOptimized(NioEventLoop.java:579)
	at org.apache.ratis.thirdparty.io.netty.channel.nio.NioEventLoop.processSelectedKeys(NioEventLoop.java:496)
	at org.apache.ratis.thirdparty.io.netty.channel.nio.NioEventLoop.run(NioEventLoop.java:458)
	at org.apache.ratis.thirdparty.io.netty.util.concurrent.SingleThreadEventExecutor$5.run(SingleThreadEventExecutor.java:897)
	at org.apache.ratis.thirdparty.io.netty.util.concurrent.FastThreadLocalRunnable.run(FastThreadLocalRunnable.java:30)
	... 1 more
Caused by: java.net.ConnectException: Connection refused
	... 11 more
2019-11-05 08:24:31,215 [4a682f4f-c3f2-4b77-88b7-f0ab78890feb@group-0DB8C7688BF9-LeaderElection550] INFO  impl.RaftServerImpl (RaftServerImpl.java:setRole(184)) - 4a682f4f-c3f2-4b77-88b7-f0ab78890feb@group-0DB8C7688BF9: changes role from CANDIDATE to FOLLOWER at term 332 for DISCOVERED_A_NEW_TERM
2019-11-05 08:24:31,215 [4a682f4f-c3f2-4b77-88b7-f0ab78890feb@group-0DB8C7688BF9-LeaderElection550] INFO  impl.RoleInfo (RoleInfo.java:shutdownLeaderElection(134)) - 4a682f4f-c3f2-4b77-88b7-f0ab78890feb: shutdown LeaderElection
2019-11-05 08:24:31,215 [4a682f4f-c3f2-4b77-88b7-f0ab78890feb@group-0DB8C7688BF9-LeaderElection550] INFO  impl.RoleInfo (RoleInfo.java:updateAndGet(143)) - 4a682f4f-c3f2-4b77-88b7-f0ab78890feb: start FollowerState
2019-11-05 08:24:31,256 [java.util.concurrent.ThreadPoolExecutor$Worker@4893213[State = -1, empty queue]] WARN  server.GrpcLogAppender (GrpcLogAppender.java:timeoutAppendRequest(209)) - 6189f8a4-91dd-451f-abcb-72b2dcd73465@group-9D53872EEF85->fe5257f1-588f-41af-bf70-1c04126c8968-GrpcLogAppender: appendEntries Timeout, request=6189f8a4-91dd-451f-abcb-72b2dcd73465->fe5257f1-588f-41af-bf70-1c04126c8968#98-t4, previous=(t:4, i:20), leaderCommit=20, initializing? false, entries: <empty>
2019-11-05 08:24:31,294 [java.util.concurrent.ThreadPoolExecutor$Worker@7a1c0679[State = -1, empty queue]] WARN  server.GrpcLogAppender (GrpcLogAppender.java:timeoutAppendRequest(209)) - 6189f8a4-91dd-451f-abcb-72b2dcd73465@group-9D53872EEF85->c3e88256-f771-43b4-b3fb-c682fc5ee06f-GrpcLogAppender: appendEntries Timeout, request=6189f8a4-91dd-451f-abcb-72b2dcd73465->c3e88256-f771-43b4-b3fb-c682fc5ee06f#98-t4, previous=(t:4, i:20), leaderCommit=20, initializing? false, entries: <empty>
2019-11-05 08:24:31,359 [Thread-3979] INFO  impl.FollowerState (FollowerState.java:run(108)) - 4a682f4f-c3f2-4b77-88b7-f0ab78890feb@group-0DB8C7688BF9-FollowerState: change to CANDIDATE, lastRpcTime:144ms, electionTimeout:144ms
2019-11-05 08:24:31,359 [Thread-3979] INFO  impl.RoleInfo (RoleInfo.java:shutdownFollowerState(121)) - 4a682f4f-c3f2-4b77-88b7-f0ab78890feb: shutdown FollowerState
2019-11-05 08:24:31,359 [Thread-3979] INFO  impl.RaftServerImpl (RaftServerImpl.java:setRole(184)) - 4a682f4f-c3f2-4b77-88b7-f0ab78890feb@group-0DB8C7688BF9: changes role from  FOLLOWER to CANDIDATE at term 332 for changeToCandidate
2019-11-05 08:24:31,359 [Thread-3979] INFO  impl.RoleInfo (RoleInfo.java:updateAndGet(143)) - 4a682f4f-c3f2-4b77-88b7-f0ab78890feb: start LeaderElection
2019-11-05 08:24:31,373 [4a682f4f-c3f2-4b77-88b7-f0ab78890feb@group-0DB8C7688BF9-LeaderElection551] INFO  impl.LeaderElection (LeaderElection.java:askForVotes(178)) - 4a682f4f-c3f2-4b77-88b7-f0ab78890feb@group-0DB8C7688BF9-LeaderElection551: begin an election at term 333 for -1: [77ab65e6-d942-49df-83a3-1d4c0bf152b3:192.168.164.217:39381, 7e1b84a9-a041-44fd-8008-f2679426984c:192.168.164.217:44149, 4a682f4f-c3f2-4b77-88b7-f0ab78890feb:192.168.164.217:34174], old=null
2019-11-05 08:24:31,374 [4a682f4f-c3f2-4b77-88b7-f0ab78890feb@group-0DB8C7688BF9-LeaderElection551] INFO  impl.LeaderElection (LogUtils.java:infoOrTrace(149)) - 4a682f4f-c3f2-4b77-88b7-f0ab78890feb@group-0DB8C7688BF9-LeaderElection551 got exception when requesting votes: {}
java.util.concurrent.ExecutionException: org.apache.ratis.thirdparty.io.grpc.StatusRuntimeException: UNAVAILABLE: io exception
	at java.util.concurrent.FutureTask.report(FutureTask.java:122)
	at java.util.concurrent.FutureTask.get(FutureTask.java:192)
	at org.apache.ratis.server.impl.LeaderElection.waitForResults(LeaderElection.java:259)
	at org.apache.ratis.server.impl.LeaderElection.askForVotes(LeaderElection.java:197)
	at org.apache.ratis.server.impl.LeaderElection.run(LeaderElection.java:133)
	at java.lang.Thread.run(Thread.java:748)
Caused by: org.apache.ratis.thirdparty.io.grpc.StatusRuntimeException: UNAVAILABLE: io exception
	at org.apache.ratis.thirdparty.io.grpc.stub.ClientCalls.toStatusRuntimeException(ClientCalls.java:233)
	at org.apache.ratis.thirdparty.io.grpc.stub.ClientCalls.getUnchecked(ClientCalls.java:214)
	at org.apache.ratis.thirdparty.io.grpc.stub.ClientCalls.blockingUnaryCall(ClientCalls.java:139)
	at org.apache.ratis.proto.grpc.RaftServerProtocolServiceGrpc$RaftServerProtocolServiceBlockingStub.requestVote(RaftServerProtocolServiceGrpc.java:265)
	at org.apache.ratis.grpc.server.GrpcServerProtocolClient.requestVote(GrpcServerProtocolClient.java:99)
	at org.apache.ratis.grpc.server.GrpcService.requestVote(GrpcService.java:204)
	at org.apache.ratis.server.impl.LeaderElection.lambda$submitRequests$1(LeaderElection.java:234)
	at java.util.concurrent.FutureTask.run(FutureTask.java:266)
	at java.util.concurrent.Executors$RunnableAdapter.call(Executors.java:511)
	at java.util.concurrent.FutureTask.run(FutureTask.java:266)
	at java.util.concurrent.ThreadPoolExecutor.runWorker(ThreadPoolExecutor.java:1149)
	at java.util.concurrent.ThreadPoolExecutor$Worker.run(ThreadPoolExecutor.java:624)
	... 1 more
Caused by: org.apache.ratis.thirdparty.io.netty.channel.AbstractChannel$AnnotatedConnectException: Connection refused: /192.168.164.217:39381
	at sun.nio.ch.SocketChannelImpl.checkConnect(Native Method)
	at sun.nio.ch.SocketChannelImpl.finishConnect(SocketChannelImpl.java:717)
	at org.apache.ratis.thirdparty.io.netty.channel.socket.nio.NioSocketChannel.doFinishConnect(NioSocketChannel.java:327)
	at org.apache.ratis.thirdparty.io.netty.channel.nio.AbstractNioChannel$AbstractNioUnsafe.finishConnect(AbstractNioChannel.java:340)
	at org.apache.ratis.thirdparty.io.netty.channel.nio.NioEventLoop.processSelectedKey(NioEventLoop.java:632)
	at org.apache.ratis.thirdparty.io.netty.channel.nio.NioEventLoop.processSelectedKeysOptimized(NioEventLoop.java:579)
	at org.apache.ratis.thirdparty.io.netty.channel.nio.NioEventLoop.processSelectedKeys(NioEventLoop.java:496)
	at org.apache.ratis.thirdparty.io.netty.channel.nio.NioEventLoop.run(NioEventLoop.java:458)
	at org.apache.ratis.thirdparty.io.netty.util.concurrent.SingleThreadEventExecutor$5.run(SingleThreadEventExecutor.java:897)
	at org.apache.ratis.thirdparty.io.netty.util.concurrent.FastThreadLocalRunnable.run(FastThreadLocalRunnable.java:30)
	... 1 more
Caused by: java.net.ConnectException: Connection refused
	... 11 more
2019-11-05 08:24:31,374 [4a682f4f-c3f2-4b77-88b7-f0ab78890feb@group-0DB8C7688BF9-LeaderElection551] INFO  impl.LeaderElection (LogUtils.java:infoOrTrace(149)) - 4a682f4f-c3f2-4b77-88b7-f0ab78890feb@group-0DB8C7688BF9-LeaderElection551 got exception when requesting votes: {}
java.util.concurrent.ExecutionException: org.apache.ratis.thirdparty.io.grpc.StatusRuntimeException: UNAVAILABLE: io exception
	at java.util.concurrent.FutureTask.report(FutureTask.java:122)
	at java.util.concurrent.FutureTask.get(FutureTask.java:192)
	at org.apache.ratis.server.impl.LeaderElection.waitForResults(LeaderElection.java:259)
	at org.apache.ratis.server.impl.LeaderElection.askForVotes(LeaderElection.java:197)
	at org.apache.ratis.server.impl.LeaderElection.run(LeaderElection.java:133)
	at java.lang.Thread.run(Thread.java:748)
Caused by: org.apache.ratis.thirdparty.io.grpc.StatusRuntimeException: UNAVAILABLE: io exception
	at org.apache.ratis.thirdparty.io.grpc.stub.ClientCalls.toStatusRuntimeException(ClientCalls.java:233)
	at org.apache.ratis.thirdparty.io.grpc.stub.ClientCalls.getUnchecked(ClientCalls.java:214)
	at org.apache.ratis.thirdparty.io.grpc.stub.ClientCalls.blockingUnaryCall(ClientCalls.java:139)
	at org.apache.ratis.proto.grpc.RaftServerProtocolServiceGrpc$RaftServerProtocolServiceBlockingStub.requestVote(RaftServerProtocolServiceGrpc.java:265)
	at org.apache.ratis.grpc.server.GrpcServerProtocolClient.requestVote(GrpcServerProtocolClient.java:99)
	at org.apache.ratis.grpc.server.GrpcService.requestVote(GrpcService.java:204)
	at org.apache.ratis.server.impl.LeaderElection.lambda$submitRequests$1(LeaderElection.java:234)
	at java.util.concurrent.FutureTask.run(FutureTask.java:266)
	at java.util.concurrent.Executors$RunnableAdapter.call(Executors.java:511)
	at java.util.concurrent.FutureTask.run(FutureTask.java:266)
	at java.util.concurrent.ThreadPoolExecutor.runWorker(ThreadPoolExecutor.java:1149)
	at java.util.concurrent.ThreadPoolExecutor$Worker.run(ThreadPoolExecutor.java:624)
	... 1 more
Caused by: org.apache.ratis.thirdparty.io.netty.channel.AbstractChannel$AnnotatedConnectException: Connection refused: /192.168.164.217:44149
	at sun.nio.ch.SocketChannelImpl.checkConnect(Native Method)
	at sun.nio.ch.SocketChannelImpl.finishConnect(SocketChannelImpl.java:717)
	at org.apache.ratis.thirdparty.io.netty.channel.socket.nio.NioSocketChannel.doFinishConnect(NioSocketChannel.java:327)
	at org.apache.ratis.thirdparty.io.netty.channel.nio.AbstractNioChannel$AbstractNioUnsafe.finishConnect(AbstractNioChannel.java:340)
	at org.apache.ratis.thirdparty.io.netty.channel.nio.NioEventLoop.processSelectedKey(NioEventLoop.java:632)
	at org.apache.ratis.thirdparty.io.netty.channel.nio.NioEventLoop.processSelectedKeysOptimized(NioEventLoop.java:579)
	at org.apache.ratis.thirdparty.io.netty.channel.nio.NioEventLoop.processSelectedKeys(NioEventLoop.java:496)
	at org.apache.ratis.thirdparty.io.netty.channel.nio.NioEventLoop.run(NioEventLoop.java:458)
	at org.apache.ratis.thirdparty.io.netty.util.concurrent.SingleThreadEventExecutor$5.run(SingleThreadEventExecutor.java:897)
	at org.apache.ratis.thirdparty.io.netty.util.concurrent.FastThreadLocalRunnable.run(FastThreadLocalRunnable.java:30)
	... 1 more
Caused by: java.net.ConnectException: Connection refused
	... 11 more
2019-11-05 08:24:31,375 [4a682f4f-c3f2-4b77-88b7-f0ab78890feb@group-0DB8C7688BF9-LeaderElection551] INFO  impl.LeaderElection (LeaderElection.java:logAndReturn(56)) - 4a682f4f-c3f2-4b77-88b7-f0ab78890feb@group-0DB8C7688BF9-LeaderElection551: Election REJECTED; received 0 response(s) [] and 2 exception(s); 4a682f4f-c3f2-4b77-88b7-f0ab78890feb@group-0DB8C7688BF9:t333, leader=null, voted=4a682f4f-c3f2-4b77-88b7-f0ab78890feb, raftlog=4a682f4f-c3f2-4b77-88b7-f0ab78890feb@group-0DB8C7688BF9-SegmentedRaftLog:OPENED:c-1,f-1,i0, conf=-1: [77ab65e6-d942-49df-83a3-1d4c0bf152b3:192.168.164.217:39381, 7e1b84a9-a041-44fd-8008-f2679426984c:192.168.164.217:44149, 4a682f4f-c3f2-4b77-88b7-f0ab78890feb:192.168.164.217:34174], old=null
2019-11-05 08:24:31,375 [4a682f4f-c3f2-4b77-88b7-f0ab78890feb@group-0DB8C7688BF9-LeaderElection551] INFO  impl.LeaderElection (LogUtils.java:infoOrTrace(149)) -   Exception 0: {}
java.util.concurrent.ExecutionException: org.apache.ratis.thirdparty.io.grpc.StatusRuntimeException: UNAVAILABLE: io exception
	at java.util.concurrent.FutureTask.report(FutureTask.java:122)
	at java.util.concurrent.FutureTask.get(FutureTask.java:192)
	at org.apache.ratis.server.impl.LeaderElection.waitForResults(LeaderElection.java:259)
	at org.apache.ratis.server.impl.LeaderElection.askForVotes(LeaderElection.java:197)
	at org.apache.ratis.server.impl.LeaderElection.run(LeaderElection.java:133)
	at java.lang.Thread.run(Thread.java:748)
Caused by: org.apache.ratis.thirdparty.io.grpc.StatusRuntimeException: UNAVAILABLE: io exception
	at org.apache.ratis.thirdparty.io.grpc.stub.ClientCalls.toStatusRuntimeException(ClientCalls.java:233)
	at org.apache.ratis.thirdparty.io.grpc.stub.ClientCalls.getUnchecked(ClientCalls.java:214)
	at org.apache.ratis.thirdparty.io.grpc.stub.ClientCalls.blockingUnaryCall(ClientCalls.java:139)
	at org.apache.ratis.proto.grpc.RaftServerProtocolServiceGrpc$RaftServerProtocolServiceBlockingStub.requestVote(RaftServerProtocolServiceGrpc.java:265)
	at org.apache.ratis.grpc.server.GrpcServerProtocolClient.requestVote(GrpcServerProtocolClient.java:99)
	at org.apache.ratis.grpc.server.GrpcService.requestVote(GrpcService.java:204)
	at org.apache.ratis.server.impl.LeaderElection.lambda$submitRequests$1(LeaderElection.java:234)
	at java.util.concurrent.FutureTask.run(FutureTask.java:266)
	at java.util.concurrent.Executors$RunnableAdapter.call(Executors.java:511)
	at java.util.concurrent.FutureTask.run(FutureTask.java:266)
	at java.util.concurrent.ThreadPoolExecutor.runWorker(ThreadPoolExecutor.java:1149)
	at java.util.concurrent.ThreadPoolExecutor$Worker.run(ThreadPoolExecutor.java:624)
	... 1 more
Caused by: org.apache.ratis.thirdparty.io.netty.channel.AbstractChannel$AnnotatedConnectException: Connection refused: /192.168.164.217:39381
	at sun.nio.ch.SocketChannelImpl.checkConnect(Native Method)
	at sun.nio.ch.SocketChannelImpl.finishConnect(SocketChannelImpl.java:717)
	at org.apache.ratis.thirdparty.io.netty.channel.socket.nio.NioSocketChannel.doFinishConnect(NioSocketChannel.java:327)
	at org.apache.ratis.thirdparty.io.netty.channel.nio.AbstractNioChannel$AbstractNioUnsafe.finishConnect(AbstractNioChannel.java:340)
	at org.apache.ratis.thirdparty.io.netty.channel.nio.NioEventLoop.processSelectedKey(NioEventLoop.java:632)
	at org.apache.ratis.thirdparty.io.netty.channel.nio.NioEventLoop.processSelectedKeysOptimized(NioEventLoop.java:579)
	at org.apache.ratis.thirdparty.io.netty.channel.nio.NioEventLoop.processSelectedKeys(NioEventLoop.java:496)
	at org.apache.ratis.thirdparty.io.netty.channel.nio.NioEventLoop.run(NioEventLoop.java:458)
	at org.apache.ratis.thirdparty.io.netty.util.concurrent.SingleThreadEventExecutor$5.run(SingleThreadEventExecutor.java:897)
	at org.apache.ratis.thirdparty.io.netty.util.concurrent.FastThreadLocalRunnable.run(FastThreadLocalRunnable.java:30)
	... 1 more
Caused by: java.net.ConnectException: Connection refused
	... 11 more
2019-11-05 08:24:31,375 [4a682f4f-c3f2-4b77-88b7-f0ab78890feb@group-0DB8C7688BF9-LeaderElection551] INFO  impl.LeaderElection (LogUtils.java:infoOrTrace(149)) -   Exception 1: {}
java.util.concurrent.ExecutionException: org.apache.ratis.thirdparty.io.grpc.StatusRuntimeException: UNAVAILABLE: io exception
	at java.util.concurrent.FutureTask.report(FutureTask.java:122)
	at java.util.concurrent.FutureTask.get(FutureTask.java:192)
	at org.apache.ratis.server.impl.LeaderElection.waitForResults(LeaderElection.java:259)
	at org.apache.ratis.server.impl.LeaderElection.askForVotes(LeaderElection.java:197)
	at org.apache.ratis.server.impl.LeaderElection.run(LeaderElection.java:133)
	at java.lang.Thread.run(Thread.java:748)
Caused by: org.apache.ratis.thirdparty.io.grpc.StatusRuntimeException: UNAVAILABLE: io exception
	at org.apache.ratis.thirdparty.io.grpc.stub.ClientCalls.toStatusRuntimeException(ClientCalls.java:233)
	at org.apache.ratis.thirdparty.io.grpc.stub.ClientCalls.getUnchecked(ClientCalls.java:214)
	at org.apache.ratis.thirdparty.io.grpc.stub.ClientCalls.blockingUnaryCall(ClientCalls.java:139)
	at org.apache.ratis.proto.grpc.RaftServerProtocolServiceGrpc$RaftServerProtocolServiceBlockingStub.requestVote(RaftServerProtocolServiceGrpc.java:265)
	at org.apache.ratis.grpc.server.GrpcServerProtocolClient.requestVote(GrpcServerProtocolClient.java:99)
	at org.apache.ratis.grpc.server.GrpcService.requestVote(GrpcService.java:204)
	at org.apache.ratis.server.impl.LeaderElection.lambda$submitRequests$1(LeaderElection.java:234)
	at java.util.concurrent.FutureTask.run(FutureTask.java:266)
	at java.util.concurrent.Executors$RunnableAdapter.call(Executors.java:511)
	at java.util.concurrent.FutureTask.run(FutureTask.java:266)
	at java.util.concurrent.ThreadPoolExecutor.runWorker(ThreadPoolExecutor.java:1149)
	at java.util.concurrent.ThreadPoolExecutor$Worker.run(ThreadPoolExecutor.java:624)
	... 1 more
Caused by: org.apache.ratis.thirdparty.io.netty.channel.AbstractChannel$AnnotatedConnectException: Connection refused: /192.168.164.217:44149
	at sun.nio.ch.SocketChannelImpl.checkConnect(Native Method)
	at sun.nio.ch.SocketChannelImpl.finishConnect(SocketChannelImpl.java:717)
	at org.apache.ratis.thirdparty.io.netty.channel.socket.nio.NioSocketChannel.doFinishConnect(NioSocketChannel.java:327)
	at org.apache.ratis.thirdparty.io.netty.channel.nio.AbstractNioChannel$AbstractNioUnsafe.finishConnect(AbstractNioChannel.java:340)
	at org.apache.ratis.thirdparty.io.netty.channel.nio.NioEventLoop.processSelectedKey(NioEventLoop.java:632)
	at org.apache.ratis.thirdparty.io.netty.channel.nio.NioEventLoop.processSelectedKeysOptimized(NioEventLoop.java:579)
	at org.apache.ratis.thirdparty.io.netty.channel.nio.NioEventLoop.processSelectedKeys(NioEventLoop.java:496)
	at org.apache.ratis.thirdparty.io.netty.channel.nio.NioEventLoop.run(NioEventLoop.java:458)
	at org.apache.ratis.thirdparty.io.netty.util.concurrent.SingleThreadEventExecutor$5.run(SingleThreadEventExecutor.java:897)
	at org.apache.ratis.thirdparty.io.netty.util.concurrent.FastThreadLocalRunnable.run(FastThreadLocalRunnable.java:30)
	... 1 more
Caused by: java.net.ConnectException: Connection refused
	... 11 more
2019-11-05 08:24:31,375 [4a682f4f-c3f2-4b77-88b7-f0ab78890feb@group-0DB8C7688BF9-LeaderElection551] INFO  impl.RaftServerImpl (RaftServerImpl.java:setRole(184)) - 4a682f4f-c3f2-4b77-88b7-f0ab78890feb@group-0DB8C7688BF9: changes role from CANDIDATE to FOLLOWER at term 333 for DISCOVERED_A_NEW_TERM
2019-11-05 08:24:31,375 [4a682f4f-c3f2-4b77-88b7-f0ab78890feb@group-0DB8C7688BF9-LeaderElection551] INFO  impl.RoleInfo (RoleInfo.java:shutdownLeaderElection(134)) - 4a682f4f-c3f2-4b77-88b7-f0ab78890feb: shutdown LeaderElection
2019-11-05 08:24:31,376 [4a682f4f-c3f2-4b77-88b7-f0ab78890feb@group-0DB8C7688BF9-LeaderElection551] INFO  impl.RoleInfo (RoleInfo.java:updateAndGet(143)) - 4a682f4f-c3f2-4b77-88b7-f0ab78890feb: start FollowerState
2019-11-05 08:24:31,402 [Thread-3983] INFO  impl.FollowerState (FollowerState.java:run(108)) - 4a682f4f-c3f2-4b77-88b7-f0ab78890feb@group-0DB8C7688BF9-FollowerState: change to CANDIDATE, lastRpcTime:26ms, electionTimeout:26ms
2019-11-05 08:24:31,402 [Thread-3983] INFO  impl.RoleInfo (RoleInfo.java:shutdownFollowerState(121)) - 4a682f4f-c3f2-4b77-88b7-f0ab78890feb: shutdown FollowerState
2019-11-05 08:24:31,402 [Thread-3983] INFO  impl.RaftServerImpl (RaftServerImpl.java:setRole(184)) - 4a682f4f-c3f2-4b77-88b7-f0ab78890feb@group-0DB8C7688BF9: changes role from  FOLLOWER to CANDIDATE at term 333 for changeToCandidate
2019-11-05 08:24:31,402 [Thread-3983] INFO  impl.RoleInfo (RoleInfo.java:updateAndGet(143)) - 4a682f4f-c3f2-4b77-88b7-f0ab78890feb: start LeaderElection
2019-11-05 08:24:31,416 [4a682f4f-c3f2-4b77-88b7-f0ab78890feb@group-0DB8C7688BF9-LeaderElection552] INFO  impl.LeaderElection (LeaderElection.java:askForVotes(178)) - 4a682f4f-c3f2-4b77-88b7-f0ab78890feb@group-0DB8C7688BF9-LeaderElection552: begin an election at term 334 for -1: [77ab65e6-d942-49df-83a3-1d4c0bf152b3:192.168.164.217:39381, 7e1b84a9-a041-44fd-8008-f2679426984c:192.168.164.217:44149, 4a682f4f-c3f2-4b77-88b7-f0ab78890feb:192.168.164.217:34174], old=null
2019-11-05 08:24:31,417 [4a682f4f-c3f2-4b77-88b7-f0ab78890feb@group-0DB8C7688BF9-LeaderElection552] INFO  impl.LeaderElection (LogUtils.java:infoOrTrace(149)) - 4a682f4f-c3f2-4b77-88b7-f0ab78890feb@group-0DB8C7688BF9-LeaderElection552 got exception when requesting votes: {}
java.util.concurrent.ExecutionException: org.apache.ratis.thirdparty.io.grpc.StatusRuntimeException: UNAVAILABLE: io exception
	at java.util.concurrent.FutureTask.report(FutureTask.java:122)
	at java.util.concurrent.FutureTask.get(FutureTask.java:192)
	at org.apache.ratis.server.impl.LeaderElection.waitForResults(LeaderElection.java:259)
	at org.apache.ratis.server.impl.LeaderElection.askForVotes(LeaderElection.java:197)
	at org.apache.ratis.server.impl.LeaderElection.run(LeaderElection.java:133)
	at java.lang.Thread.run(Thread.java:748)
Caused by: org.apache.ratis.thirdparty.io.grpc.StatusRuntimeException: UNAVAILABLE: io exception
	at org.apache.ratis.thirdparty.io.grpc.stub.ClientCalls.toStatusRuntimeException(ClientCalls.java:233)
	at org.apache.ratis.thirdparty.io.grpc.stub.ClientCalls.getUnchecked(ClientCalls.java:214)
	at org.apache.ratis.thirdparty.io.grpc.stub.ClientCalls.blockingUnaryCall(ClientCalls.java:139)
	at org.apache.ratis.proto.grpc.RaftServerProtocolServiceGrpc$RaftServerProtocolServiceBlockingStub.requestVote(RaftServerProtocolServiceGrpc.java:265)
	at org.apache.ratis.grpc.server.GrpcServerProtocolClient.requestVote(GrpcServerProtocolClient.java:99)
	at org.apache.ratis.grpc.server.GrpcService.requestVote(GrpcService.java:204)
	at org.apache.ratis.server.impl.LeaderElection.lambda$submitRequests$1(LeaderElection.java:234)
	at java.util.concurrent.FutureTask.run(FutureTask.java:266)
	at java.util.concurrent.Executors$RunnableAdapter.call(Executors.java:511)
	at java.util.concurrent.FutureTask.run(FutureTask.java:266)
	at java.util.concurrent.ThreadPoolExecutor.runWorker(ThreadPoolExecutor.java:1149)
	at java.util.concurrent.ThreadPoolExecutor$Worker.run(ThreadPoolExecutor.java:624)
	... 1 more
Caused by: org.apache.ratis.thirdparty.io.netty.channel.AbstractChannel$AnnotatedConnectException: Connection refused: /192.168.164.217:39381
	at sun.nio.ch.SocketChannelImpl.checkConnect(Native Method)
	at sun.nio.ch.SocketChannelImpl.finishConnect(SocketChannelImpl.java:717)
	at org.apache.ratis.thirdparty.io.netty.channel.socket.nio.NioSocketChannel.doFinishConnect(NioSocketChannel.java:327)
	at org.apache.ratis.thirdparty.io.netty.channel.nio.AbstractNioChannel$AbstractNioUnsafe.finishConnect(AbstractNioChannel.java:340)
	at org.apache.ratis.thirdparty.io.netty.channel.nio.NioEventLoop.processSelectedKey(NioEventLoop.java:632)
	at org.apache.ratis.thirdparty.io.netty.channel.nio.NioEventLoop.processSelectedKeysOptimized(NioEventLoop.java:579)
	at org.apache.ratis.thirdparty.io.netty.channel.nio.NioEventLoop.processSelectedKeys(NioEventLoop.java:496)
	at org.apache.ratis.thirdparty.io.netty.channel.nio.NioEventLoop.run(NioEventLoop.java:458)
	at org.apache.ratis.thirdparty.io.netty.util.concurrent.SingleThreadEventExecutor$5.run(SingleThreadEventExecutor.java:897)
	at org.apache.ratis.thirdparty.io.netty.util.concurrent.FastThreadLocalRunnable.run(FastThreadLocalRunnable.java:30)
	... 1 more
Caused by: java.net.ConnectException: Connection refused
	... 11 more
2019-11-05 08:24:31,417 [4a682f4f-c3f2-4b77-88b7-f0ab78890feb@group-0DB8C7688BF9-LeaderElection552] INFO  impl.LeaderElection (LogUtils.java:infoOrTrace(149)) - 4a682f4f-c3f2-4b77-88b7-f0ab78890feb@group-0DB8C7688BF9-LeaderElection552 got exception when requesting votes: {}
java.util.concurrent.ExecutionException: org.apache.ratis.thirdparty.io.grpc.StatusRuntimeException: UNAVAILABLE: io exception
	at java.util.concurrent.FutureTask.report(FutureTask.java:122)
	at java.util.concurrent.FutureTask.get(FutureTask.java:192)
	at org.apache.ratis.server.impl.LeaderElection.waitForResults(LeaderElection.java:259)
	at org.apache.ratis.server.impl.LeaderElection.askForVotes(LeaderElection.java:197)
	at org.apache.ratis.server.impl.LeaderElection.run(LeaderElection.java:133)
	at java.lang.Thread.run(Thread.java:748)
Caused by: org.apache.ratis.thirdparty.io.grpc.StatusRuntimeException: UNAVAILABLE: io exception
	at org.apache.ratis.thirdparty.io.grpc.stub.ClientCalls.toStatusRuntimeException(ClientCalls.java:233)
	at org.apache.ratis.thirdparty.io.grpc.stub.ClientCalls.getUnchecked(ClientCalls.java:214)
	at org.apache.ratis.thirdparty.io.grpc.stub.ClientCalls.blockingUnaryCall(ClientCalls.java:139)
	at org.apache.ratis.proto.grpc.RaftServerProtocolServiceGrpc$RaftServerProtocolServiceBlockingStub.requestVote(RaftServerProtocolServiceGrpc.java:265)
	at org.apache.ratis.grpc.server.GrpcServerProtocolClient.requestVote(GrpcServerProtocolClient.java:99)
	at org.apache.ratis.grpc.server.GrpcService.requestVote(GrpcService.java:204)
	at org.apache.ratis.server.impl.LeaderElection.lambda$submitRequests$1(LeaderElection.java:234)
	at java.util.concurrent.FutureTask.run(FutureTask.java:266)
	at java.util.concurrent.Executors$RunnableAdapter.call(Executors.java:511)
	at java.util.concurrent.FutureTask.run(FutureTask.java:266)
	at java.util.concurrent.ThreadPoolExecutor.runWorker(ThreadPoolExecutor.java:1149)
	at java.util.concurrent.ThreadPoolExecutor$Worker.run(ThreadPoolExecutor.java:624)
	... 1 more
Caused by: org.apache.ratis.thirdparty.io.netty.channel.AbstractChannel$AnnotatedConnectException: Connection refused: /192.168.164.217:44149
	at sun.nio.ch.SocketChannelImpl.checkConnect(Native Method)
	at sun.nio.ch.SocketChannelImpl.finishConnect(SocketChannelImpl.java:717)
	at org.apache.ratis.thirdparty.io.netty.channel.socket.nio.NioSocketChannel.doFinishConnect(NioSocketChannel.java:327)
	at org.apache.ratis.thirdparty.io.netty.channel.nio.AbstractNioChannel$AbstractNioUnsafe.finishConnect(AbstractNioChannel.java:340)
	at org.apache.ratis.thirdparty.io.netty.channel.nio.NioEventLoop.processSelectedKey(NioEventLoop.java:632)
	at org.apache.ratis.thirdparty.io.netty.channel.nio.NioEventLoop.processSelectedKeysOptimized(NioEventLoop.java:579)
	at org.apache.ratis.thirdparty.io.netty.channel.nio.NioEventLoop.processSelectedKeys(NioEventLoop.java:496)
	at org.apache.ratis.thirdparty.io.netty.channel.nio.NioEventLoop.run(NioEventLoop.java:458)
	at org.apache.ratis.thirdparty.io.netty.util.concurrent.SingleThreadEventExecutor$5.run(SingleThreadEventExecutor.java:897)
	at org.apache.ratis.thirdparty.io.netty.util.concurrent.FastThreadLocalRunnable.run(FastThreadLocalRunnable.java:30)
	... 1 more
Caused by: java.net.ConnectException: Connection refused
	... 11 more
2019-11-05 08:24:31,417 [4a682f4f-c3f2-4b77-88b7-f0ab78890feb@group-0DB8C7688BF9-LeaderElection552] INFO  impl.LeaderElection (LeaderElection.java:logAndReturn(56)) - 4a682f4f-c3f2-4b77-88b7-f0ab78890feb@group-0DB8C7688BF9-LeaderElection552: Election REJECTED; received 0 response(s) [] and 2 exception(s); 4a682f4f-c3f2-4b77-88b7-f0ab78890feb@group-0DB8C7688BF9:t334, leader=null, voted=4a682f4f-c3f2-4b77-88b7-f0ab78890feb, raftlog=4a682f4f-c3f2-4b77-88b7-f0ab78890feb@group-0DB8C7688BF9-SegmentedRaftLog:OPENED:c-1,f-1,i0, conf=-1: [77ab65e6-d942-49df-83a3-1d4c0bf152b3:192.168.164.217:39381, 7e1b84a9-a041-44fd-8008-f2679426984c:192.168.164.217:44149, 4a682f4f-c3f2-4b77-88b7-f0ab78890feb:192.168.164.217:34174], old=null
2019-11-05 08:24:31,418 [4a682f4f-c3f2-4b77-88b7-f0ab78890feb@group-0DB8C7688BF9-LeaderElection552] INFO  impl.LeaderElection (LogUtils.java:infoOrTrace(149)) -   Exception 0: {}
java.util.concurrent.ExecutionException: org.apache.ratis.thirdparty.io.grpc.StatusRuntimeException: UNAVAILABLE: io exception
	at java.util.concurrent.FutureTask.report(FutureTask.java:122)
	at java.util.concurrent.FutureTask.get(FutureTask.java:192)
	at org.apache.ratis.server.impl.LeaderElection.waitForResults(LeaderElection.java:259)
	at org.apache.ratis.server.impl.LeaderElection.askForVotes(LeaderElection.java:197)
	at org.apache.ratis.server.impl.LeaderElection.run(LeaderElection.java:133)
	at java.lang.Thread.run(Thread.java:748)
Caused by: org.apache.ratis.thirdparty.io.grpc.StatusRuntimeException: UNAVAILABLE: io exception
	at org.apache.ratis.thirdparty.io.grpc.stub.ClientCalls.toStatusRuntimeException(ClientCalls.java:233)
	at org.apache.ratis.thirdparty.io.grpc.stub.ClientCalls.getUnchecked(ClientCalls.java:214)
	at org.apache.ratis.thirdparty.io.grpc.stub.ClientCalls.blockingUnaryCall(ClientCalls.java:139)
	at org.apache.ratis.proto.grpc.RaftServerProtocolServiceGrpc$RaftServerProtocolServiceBlockingStub.requestVote(RaftServerProtocolServiceGrpc.java:265)
	at org.apache.ratis.grpc.server.GrpcServerProtocolClient.requestVote(GrpcServerProtocolClient.java:99)
	at org.apache.ratis.grpc.server.GrpcService.requestVote(GrpcService.java:204)
	at org.apache.ratis.server.impl.LeaderElection.lambda$submitRequests$1(LeaderElection.java:234)
	at java.util.concurrent.FutureTask.run(FutureTask.java:266)
	at java.util.concurrent.Executors$RunnableAdapter.call(Executors.java:511)
	at java.util.concurrent.FutureTask.run(FutureTask.java:266)
	at java.util.concurrent.ThreadPoolExecutor.runWorker(ThreadPoolExecutor.java:1149)
	at java.util.concurrent.ThreadPoolExecutor$Worker.run(ThreadPoolExecutor.java:624)
	... 1 more
Caused by: org.apache.ratis.thirdparty.io.netty.channel.AbstractChannel$AnnotatedConnectException: Connection refused: /192.168.164.217:39381
	at sun.nio.ch.SocketChannelImpl.checkConnect(Native Method)
	at sun.nio.ch.SocketChannelImpl.finishConnect(SocketChannelImpl.java:717)
	at org.apache.ratis.thirdparty.io.netty.channel.socket.nio.NioSocketChannel.doFinishConnect(NioSocketChannel.java:327)
	at org.apache.ratis.thirdparty.io.netty.channel.nio.AbstractNioChannel$AbstractNioUnsafe.finishConnect(AbstractNioChannel.java:340)
	at org.apache.ratis.thirdparty.io.netty.channel.nio.NioEventLoop.processSelectedKey(NioEventLoop.java:632)
	at org.apache.ratis.thirdparty.io.netty.channel.nio.NioEventLoop.processSelectedKeysOptimized(NioEventLoop.java:579)
	at org.apache.ratis.thirdparty.io.netty.channel.nio.NioEventLoop.processSelectedKeys(NioEventLoop.java:496)
	at org.apache.ratis.thirdparty.io.netty.channel.nio.NioEventLoop.run(NioEventLoop.java:458)
	at org.apache.ratis.thirdparty.io.netty.util.concurrent.SingleThreadEventExecutor$5.run(SingleThreadEventExecutor.java:897)
	at org.apache.ratis.thirdparty.io.netty.util.concurrent.FastThreadLocalRunnable.run(FastThreadLocalRunnable.java:30)
	... 1 more
Caused by: java.net.ConnectException: Connection refused
	... 11 more
2019-11-05 08:24:31,418 [4a682f4f-c3f2-4b77-88b7-f0ab78890feb@group-0DB8C7688BF9-LeaderElection552] INFO  impl.LeaderElection (LogUtils.java:infoOrTrace(149)) -   Exception 1: {}
java.util.concurrent.ExecutionException: org.apache.ratis.thirdparty.io.grpc.StatusRuntimeException: UNAVAILABLE: io exception
	at java.util.concurrent.FutureTask.report(FutureTask.java:122)
	at java.util.concurrent.FutureTask.get(FutureTask.java:192)
	at org.apache.ratis.server.impl.LeaderElection.waitForResults(LeaderElection.java:259)
	at org.apache.ratis.server.impl.LeaderElection.askForVotes(LeaderElection.java:197)
	at org.apache.ratis.server.impl.LeaderElection.run(LeaderElection.java:133)
	at java.lang.Thread.run(Thread.java:748)
Caused by: org.apache.ratis.thirdparty.io.grpc.StatusRuntimeException: UNAVAILABLE: io exception
	at org.apache.ratis.thirdparty.io.grpc.stub.ClientCalls.toStatusRuntimeException(ClientCalls.java:233)
	at org.apache.ratis.thirdparty.io.grpc.stub.ClientCalls.getUnchecked(ClientCalls.java:214)
	at org.apache.ratis.thirdparty.io.grpc.stub.ClientCalls.blockingUnaryCall(ClientCalls.java:139)
	at org.apache.ratis.proto.grpc.RaftServerProtocolServiceGrpc$RaftServerProtocolServiceBlockingStub.requestVote(RaftServerProtocolServiceGrpc.java:265)
	at org.apache.ratis.grpc.server.GrpcServerProtocolClient.requestVote(GrpcServerProtocolClient.java:99)
	at org.apache.ratis.grpc.server.GrpcService.requestVote(GrpcService.java:204)
	at org.apache.ratis.server.impl.LeaderElection.lambda$submitRequests$1(LeaderElection.java:234)
	at java.util.concurrent.FutureTask.run(FutureTask.java:266)
	at java.util.concurrent.Executors$RunnableAdapter.call(Executors.java:511)
	at java.util.concurrent.FutureTask.run(FutureTask.java:266)
	at java.util.concurrent.ThreadPoolExecutor.runWorker(ThreadPoolExecutor.java:1149)
	at java.util.concurrent.ThreadPoolExecutor$Worker.run(ThreadPoolExecutor.java:624)
	... 1 more
Caused by: org.apache.ratis.thirdparty.io.netty.channel.AbstractChannel$AnnotatedConnectException: Connection refused: /192.168.164.217:44149
	at sun.nio.ch.SocketChannelImpl.checkConnect(Native Method)
	at sun.nio.ch.SocketChannelImpl.finishConnect(SocketChannelImpl.java:717)
	at org.apache.ratis.thirdparty.io.netty.channel.socket.nio.NioSocketChannel.doFinishConnect(NioSocketChannel.java:327)
	at org.apache.ratis.thirdparty.io.netty.channel.nio.AbstractNioChannel$AbstractNioUnsafe.finishConnect(AbstractNioChannel.java:340)
	at org.apache.ratis.thirdparty.io.netty.channel.nio.NioEventLoop.processSelectedKey(NioEventLoop.java:632)
	at org.apache.ratis.thirdparty.io.netty.channel.nio.NioEventLoop.processSelectedKeysOptimized(NioEventLoop.java:579)
	at org.apache.ratis.thirdparty.io.netty.channel.nio.NioEventLoop.processSelectedKeys(NioEventLoop.java:496)
	at org.apache.ratis.thirdparty.io.netty.channel.nio.NioEventLoop.run(NioEventLoop.java:458)
	at org.apache.ratis.thirdparty.io.netty.util.concurrent.SingleThreadEventExecutor$5.run(SingleThreadEventExecutor.java:897)
	at org.apache.ratis.thirdparty.io.netty.util.concurrent.FastThreadLocalRunnable.run(FastThreadLocalRunnable.java:30)
	... 1 more
Caused by: java.net.ConnectException: Connection refused
	... 11 more
2019-11-05 08:24:31,418 [4a682f4f-c3f2-4b77-88b7-f0ab78890feb@group-0DB8C7688BF9-LeaderElection552] INFO  impl.RaftServerImpl (RaftServerImpl.java:setRole(184)) - 4a682f4f-c3f2-4b77-88b7-f0ab78890feb@group-0DB8C7688BF9: changes role from CANDIDATE to FOLLOWER at term 334 for DISCOVERED_A_NEW_TERM
2019-11-05 08:24:31,418 [4a682f4f-c3f2-4b77-88b7-f0ab78890feb@group-0DB8C7688BF9-LeaderElection552] INFO  impl.RoleInfo (RoleInfo.java:shutdownLeaderElection(134)) - 4a682f4f-c3f2-4b77-88b7-f0ab78890feb: shutdown LeaderElection
2019-11-05 08:24:31,418 [4a682f4f-c3f2-4b77-88b7-f0ab78890feb@group-0DB8C7688BF9-LeaderElection552] INFO  impl.RoleInfo (RoleInfo.java:updateAndGet(143)) - 4a682f4f-c3f2-4b77-88b7-f0ab78890feb: start FollowerState
2019-11-05 08:24:31,570 [Thread-3987] INFO  impl.FollowerState (FollowerState.java:run(108)) - 4a682f4f-c3f2-4b77-88b7-f0ab78890feb@group-0DB8C7688BF9-FollowerState: change to CANDIDATE, lastRpcTime:151ms, electionTimeout:151ms
2019-11-05 08:24:31,570 [Thread-3987] INFO  impl.RoleInfo (RoleInfo.java:shutdownFollowerState(121)) - 4a682f4f-c3f2-4b77-88b7-f0ab78890feb: shutdown FollowerState
2019-11-05 08:24:31,570 [Thread-3987] INFO  impl.RaftServerImpl (RaftServerImpl.java:setRole(184)) - 4a682f4f-c3f2-4b77-88b7-f0ab78890feb@group-0DB8C7688BF9: changes role from  FOLLOWER to CANDIDATE at term 334 for changeToCandidate
2019-11-05 08:24:31,570 [Thread-3987] INFO  impl.RoleInfo (RoleInfo.java:updateAndGet(143)) - 4a682f4f-c3f2-4b77-88b7-f0ab78890feb: start LeaderElection
2019-11-05 08:24:31,585 [4a682f4f-c3f2-4b77-88b7-f0ab78890feb@group-0DB8C7688BF9-LeaderElection553] INFO  impl.LeaderElection (LeaderElection.java:askForVotes(178)) - 4a682f4f-c3f2-4b77-88b7-f0ab78890feb@group-0DB8C7688BF9-LeaderElection553: begin an election at term 335 for -1: [77ab65e6-d942-49df-83a3-1d4c0bf152b3:192.168.164.217:39381, 7e1b84a9-a041-44fd-8008-f2679426984c:192.168.164.217:44149, 4a682f4f-c3f2-4b77-88b7-f0ab78890feb:192.168.164.217:34174], old=null
2019-11-05 08:24:31,586 [4a682f4f-c3f2-4b77-88b7-f0ab78890feb@group-0DB8C7688BF9-LeaderElection553] INFO  impl.LeaderElection (LogUtils.java:infoOrTrace(149)) - 4a682f4f-c3f2-4b77-88b7-f0ab78890feb@group-0DB8C7688BF9-LeaderElection553 got exception when requesting votes: {}
java.util.concurrent.ExecutionException: org.apache.ratis.thirdparty.io.grpc.StatusRuntimeException: UNAVAILABLE: io exception
	at java.util.concurrent.FutureTask.report(FutureTask.java:122)
	at java.util.concurrent.FutureTask.get(FutureTask.java:192)
	at org.apache.ratis.server.impl.LeaderElection.waitForResults(LeaderElection.java:259)
	at org.apache.ratis.server.impl.LeaderElection.askForVotes(LeaderElection.java:197)
	at org.apache.ratis.server.impl.LeaderElection.run(LeaderElection.java:133)
	at java.lang.Thread.run(Thread.java:748)
Caused by: org.apache.ratis.thirdparty.io.grpc.StatusRuntimeException: UNAVAILABLE: io exception
	at org.apache.ratis.thirdparty.io.grpc.stub.ClientCalls.toStatusRuntimeException(ClientCalls.java:233)
	at org.apache.ratis.thirdparty.io.grpc.stub.ClientCalls.getUnchecked(ClientCalls.java:214)
	at org.apache.ratis.thirdparty.io.grpc.stub.ClientCalls.blockingUnaryCall(ClientCalls.java:139)
	at org.apache.ratis.proto.grpc.RaftServerProtocolServiceGrpc$RaftServerProtocolServiceBlockingStub.requestVote(RaftServerProtocolServiceGrpc.java:265)
	at org.apache.ratis.grpc.server.GrpcServerProtocolClient.requestVote(GrpcServerProtocolClient.java:99)
	at org.apache.ratis.grpc.server.GrpcService.requestVote(GrpcService.java:204)
	at org.apache.ratis.server.impl.LeaderElection.lambda$submitRequests$1(LeaderElection.java:234)
	at java.util.concurrent.FutureTask.run(FutureTask.java:266)
	at java.util.concurrent.Executors$RunnableAdapter.call(Executors.java:511)
	at java.util.concurrent.FutureTask.run(FutureTask.java:266)
	at java.util.concurrent.ThreadPoolExecutor.runWorker(ThreadPoolExecutor.java:1149)
	at java.util.concurrent.ThreadPoolExecutor$Worker.run(ThreadPoolExecutor.java:624)
	... 1 more
Caused by: org.apache.ratis.thirdparty.io.netty.channel.AbstractChannel$AnnotatedConnectException: Connection refused: /192.168.164.217:44149
	at sun.nio.ch.SocketChannelImpl.checkConnect(Native Method)
	at sun.nio.ch.SocketChannelImpl.finishConnect(SocketChannelImpl.java:717)
	at org.apache.ratis.thirdparty.io.netty.channel.socket.nio.NioSocketChannel.doFinishConnect(NioSocketChannel.java:327)
	at org.apache.ratis.thirdparty.io.netty.channel.nio.AbstractNioChannel$AbstractNioUnsafe.finishConnect(AbstractNioChannel.java:340)
	at org.apache.ratis.thirdparty.io.netty.channel.nio.NioEventLoop.processSelectedKey(NioEventLoop.java:632)
	at org.apache.ratis.thirdparty.io.netty.channel.nio.NioEventLoop.processSelectedKeysOptimized(NioEventLoop.java:579)
	at org.apache.ratis.thirdparty.io.netty.channel.nio.NioEventLoop.processSelectedKeys(NioEventLoop.java:496)
	at org.apache.ratis.thirdparty.io.netty.channel.nio.NioEventLoop.run(NioEventLoop.java:458)
	at org.apache.ratis.thirdparty.io.netty.util.concurrent.SingleThreadEventExecutor$5.run(SingleThreadEventExecutor.java:897)
	at org.apache.ratis.thirdparty.io.netty.util.concurrent.FastThreadLocalRunnable.run(FastThreadLocalRunnable.java:30)
	... 1 more
Caused by: java.net.ConnectException: Connection refused
	... 11 more
2019-11-05 08:24:31,586 [4a682f4f-c3f2-4b77-88b7-f0ab78890feb@group-0DB8C7688BF9-LeaderElection553] INFO  impl.LeaderElection (LogUtils.java:infoOrTrace(149)) - 4a682f4f-c3f2-4b77-88b7-f0ab78890feb@group-0DB8C7688BF9-LeaderElection553 got exception when requesting votes: {}
java.util.concurrent.ExecutionException: org.apache.ratis.thirdparty.io.grpc.StatusRuntimeException: UNAVAILABLE: io exception
	at java.util.concurrent.FutureTask.report(FutureTask.java:122)
	at java.util.concurrent.FutureTask.get(FutureTask.java:192)
	at org.apache.ratis.server.impl.LeaderElection.waitForResults(LeaderElection.java:259)
	at org.apache.ratis.server.impl.LeaderElection.askForVotes(LeaderElection.java:197)
	at org.apache.ratis.server.impl.LeaderElection.run(LeaderElection.java:133)
	at java.lang.Thread.run(Thread.java:748)
Caused by: org.apache.ratis.thirdparty.io.grpc.StatusRuntimeException: UNAVAILABLE: io exception
	at org.apache.ratis.thirdparty.io.grpc.stub.ClientCalls.toStatusRuntimeException(ClientCalls.java:233)
	at org.apache.ratis.thirdparty.io.grpc.stub.ClientCalls.getUnchecked(ClientCalls.java:214)
	at org.apache.ratis.thirdparty.io.grpc.stub.ClientCalls.blockingUnaryCall(ClientCalls.java:139)
	at org.apache.ratis.proto.grpc.RaftServerProtocolServiceGrpc$RaftServerProtocolServiceBlockingStub.requestVote(RaftServerProtocolServiceGrpc.java:265)
	at org.apache.ratis.grpc.server.GrpcServerProtocolClient.requestVote(GrpcServerProtocolClient.java:99)
	at org.apache.ratis.grpc.server.GrpcService.requestVote(GrpcService.java:204)
	at org.apache.ratis.server.impl.LeaderElection.lambda$submitRequests$1(LeaderElection.java:234)
	at java.util.concurrent.FutureTask.run(FutureTask.java:266)
	at java.util.concurrent.Executors$RunnableAdapter.call(Executors.java:511)
	at java.util.concurrent.FutureTask.run(FutureTask.java:266)
	at java.util.concurrent.ThreadPoolExecutor.runWorker(ThreadPoolExecutor.java:1149)
	at java.util.concurrent.ThreadPoolExecutor$Worker.run(ThreadPoolExecutor.java:624)
	... 1 more
Caused by: org.apache.ratis.thirdparty.io.netty.channel.AbstractChannel$AnnotatedConnectException: Connection refused: /192.168.164.217:39381
	at sun.nio.ch.SocketChannelImpl.checkConnect(Native Method)
	at sun.nio.ch.SocketChannelImpl.finishConnect(SocketChannelImpl.java:717)
	at org.apache.ratis.thirdparty.io.netty.channel.socket.nio.NioSocketChannel.doFinishConnect(NioSocketChannel.java:327)
	at org.apache.ratis.thirdparty.io.netty.channel.nio.AbstractNioChannel$AbstractNioUnsafe.finishConnect(AbstractNioChannel.java:340)
	at org.apache.ratis.thirdparty.io.netty.channel.nio.NioEventLoop.processSelectedKey(NioEventLoop.java:632)
	at org.apache.ratis.thirdparty.io.netty.channel.nio.NioEventLoop.processSelectedKeysOptimized(NioEventLoop.java:579)
	at org.apache.ratis.thirdparty.io.netty.channel.nio.NioEventLoop.processSelectedKeys(NioEventLoop.java:496)
	at org.apache.ratis.thirdparty.io.netty.channel.nio.NioEventLoop.run(NioEventLoop.java:458)
	at org.apache.ratis.thirdparty.io.netty.util.concurrent.SingleThreadEventExecutor$5.run(SingleThreadEventExecutor.java:897)
	at org.apache.ratis.thirdparty.io.netty.util.concurrent.FastThreadLocalRunnable.run(FastThreadLocalRunnable.java:30)
	... 1 more
Caused by: java.net.ConnectException: Connection refused
	... 11 more
2019-11-05 08:24:31,586 [4a682f4f-c3f2-4b77-88b7-f0ab78890feb@group-0DB8C7688BF9-LeaderElection553] INFO  impl.LeaderElection (LeaderElection.java:logAndReturn(56)) - 4a682f4f-c3f2-4b77-88b7-f0ab78890feb@group-0DB8C7688BF9-LeaderElection553: Election REJECTED; received 0 response(s) [] and 2 exception(s); 4a682f4f-c3f2-4b77-88b7-f0ab78890feb@group-0DB8C7688BF9:t335, leader=null, voted=4a682f4f-c3f2-4b77-88b7-f0ab78890feb, raftlog=4a682f4f-c3f2-4b77-88b7-f0ab78890feb@group-0DB8C7688BF9-SegmentedRaftLog:OPENED:c-1,f-1,i0, conf=-1: [77ab65e6-d942-49df-83a3-1d4c0bf152b3:192.168.164.217:39381, 7e1b84a9-a041-44fd-8008-f2679426984c:192.168.164.217:44149, 4a682f4f-c3f2-4b77-88b7-f0ab78890feb:192.168.164.217:34174], old=null
2019-11-05 08:24:31,587 [4a682f4f-c3f2-4b77-88b7-f0ab78890feb@group-0DB8C7688BF9-LeaderElection553] INFO  impl.LeaderElection (LogUtils.java:infoOrTrace(149)) -   Exception 0: {}
java.util.concurrent.ExecutionException: org.apache.ratis.thirdparty.io.grpc.StatusRuntimeException: UNAVAILABLE: io exception
	at java.util.concurrent.FutureTask.report(FutureTask.java:122)
	at java.util.concurrent.FutureTask.get(FutureTask.java:192)
	at org.apache.ratis.server.impl.LeaderElection.waitForResults(LeaderElection.java:259)
	at org.apache.ratis.server.impl.LeaderElection.askForVotes(LeaderElection.java:197)
	at org.apache.ratis.server.impl.LeaderElection.run(LeaderElection.java:133)
	at java.lang.Thread.run(Thread.java:748)
Caused by: org.apache.ratis.thirdparty.io.grpc.StatusRuntimeException: UNAVAILABLE: io exception
	at org.apache.ratis.thirdparty.io.grpc.stub.ClientCalls.toStatusRuntimeException(ClientCalls.java:233)
	at org.apache.ratis.thirdparty.io.grpc.stub.ClientCalls.getUnchecked(ClientCalls.java:214)
	at org.apache.ratis.thirdparty.io.grpc.stub.ClientCalls.blockingUnaryCall(ClientCalls.java:139)
	at org.apache.ratis.proto.grpc.RaftServerProtocolServiceGrpc$RaftServerProtocolServiceBlockingStub.requestVote(RaftServerProtocolServiceGrpc.java:265)
	at org.apache.ratis.grpc.server.GrpcServerProtocolClient.requestVote(GrpcServerProtocolClient.java:99)
	at org.apache.ratis.grpc.server.GrpcService.requestVote(GrpcService.java:204)
	at org.apache.ratis.server.impl.LeaderElection.lambda$submitRequests$1(LeaderElection.java:234)
	at java.util.concurrent.FutureTask.run(FutureTask.java:266)
	at java.util.concurrent.Executors$RunnableAdapter.call(Executors.java:511)
	at java.util.concurrent.FutureTask.run(FutureTask.java:266)
	at java.util.concurrent.ThreadPoolExecutor.runWorker(ThreadPoolExecutor.java:1149)
	at java.util.concurrent.ThreadPoolExecutor$Worker.run(ThreadPoolExecutor.java:624)
	... 1 more
Caused by: org.apache.ratis.thirdparty.io.netty.channel.AbstractChannel$AnnotatedConnectException: Connection refused: /192.168.164.217:44149
	at sun.nio.ch.SocketChannelImpl.checkConnect(Native Method)
	at sun.nio.ch.SocketChannelImpl.finishConnect(SocketChannelImpl.java:717)
	at org.apache.ratis.thirdparty.io.netty.channel.socket.nio.NioSocketChannel.doFinishConnect(NioSocketChannel.java:327)
	at org.apache.ratis.thirdparty.io.netty.channel.nio.AbstractNioChannel$AbstractNioUnsafe.finishConnect(AbstractNioChannel.java:340)
	at org.apache.ratis.thirdparty.io.netty.channel.nio.NioEventLoop.processSelectedKey(NioEventLoop.java:632)
	at org.apache.ratis.thirdparty.io.netty.channel.nio.NioEventLoop.processSelectedKeysOptimized(NioEventLoop.java:579)
	at org.apache.ratis.thirdparty.io.netty.channel.nio.NioEventLoop.processSelectedKeys(NioEventLoop.java:496)
	at org.apache.ratis.thirdparty.io.netty.channel.nio.NioEventLoop.run(NioEventLoop.java:458)
	at org.apache.ratis.thirdparty.io.netty.util.concurrent.SingleThreadEventExecutor$5.run(SingleThreadEventExecutor.java:897)
	at org.apache.ratis.thirdparty.io.netty.util.concurrent.FastThreadLocalRunnable.run(FastThreadLocalRunnable.java:30)
	... 1 more
Caused by: java.net.ConnectException: Connection refused
	... 11 more
2019-11-05 08:24:31,587 [4a682f4f-c3f2-4b77-88b7-f0ab78890feb@group-0DB8C7688BF9-LeaderElection553] INFO  impl.LeaderElection (LogUtils.java:infoOrTrace(149)) -   Exception 1: {}
java.util.concurrent.ExecutionException: org.apache.ratis.thirdparty.io.grpc.StatusRuntimeException: UNAVAILABLE: io exception
	at java.util.concurrent.FutureTask.report(FutureTask.java:122)
	at java.util.concurrent.FutureTask.get(FutureTask.java:192)
	at org.apache.ratis.server.impl.LeaderElection.waitForResults(LeaderElection.java:259)
	at org.apache.ratis.server.impl.LeaderElection.askForVotes(LeaderElection.java:197)
	at org.apache.ratis.server.impl.LeaderElection.run(LeaderElection.java:133)
	at java.lang.Thread.run(Thread.java:748)
Caused by: org.apache.ratis.thirdparty.io.grpc.StatusRuntimeException: UNAVAILABLE: io exception
	at org.apache.ratis.thirdparty.io.grpc.stub.ClientCalls.toStatusRuntimeException(ClientCalls.java:233)
	at org.apache.ratis.thirdparty.io.grpc.stub.ClientCalls.getUnchecked(ClientCalls.java:214)
	at org.apache.ratis.thirdparty.io.grpc.stub.ClientCalls.blockingUnaryCall(ClientCalls.java:139)
	at org.apache.ratis.proto.grpc.RaftServerProtocolServiceGrpc$RaftServerProtocolServiceBlockingStub.requestVote(RaftServerProtocolServiceGrpc.java:265)
	at org.apache.ratis.grpc.server.GrpcServerProtocolClient.requestVote(GrpcServerProtocolClient.java:99)
	at org.apache.ratis.grpc.server.GrpcService.requestVote(GrpcService.java:204)
	at org.apache.ratis.server.impl.LeaderElection.lambda$submitRequests$1(LeaderElection.java:234)
	at java.util.concurrent.FutureTask.run(FutureTask.java:266)
	at java.util.concurrent.Executors$RunnableAdapter.call(Executors.java:511)
	at java.util.concurrent.FutureTask.run(FutureTask.java:266)
	at java.util.concurrent.ThreadPoolExecutor.runWorker(ThreadPoolExecutor.java:1149)
	at java.util.concurrent.ThreadPoolExecutor$Worker.run(ThreadPoolExecutor.java:624)
	... 1 more
Caused by: org.apache.ratis.thirdparty.io.netty.channel.AbstractChannel$AnnotatedConnectException: Connection refused: /192.168.164.217:39381
	at sun.nio.ch.SocketChannelImpl.checkConnect(Native Method)
	at sun.nio.ch.SocketChannelImpl.finishConnect(SocketChannelImpl.java:717)
	at org.apache.ratis.thirdparty.io.netty.channel.socket.nio.NioSocketChannel.doFinishConnect(NioSocketChannel.java:327)
	at org.apache.ratis.thirdparty.io.netty.channel.nio.AbstractNioChannel$AbstractNioUnsafe.finishConnect(AbstractNioChannel.java:340)
	at org.apache.ratis.thirdparty.io.netty.channel.nio.NioEventLoop.processSelectedKey(NioEventLoop.java:632)
	at org.apache.ratis.thirdparty.io.netty.channel.nio.NioEventLoop.processSelectedKeysOptimized(NioEventLoop.java:579)
	at org.apache.ratis.thirdparty.io.netty.channel.nio.NioEventLoop.processSelectedKeys(NioEventLoop.java:496)
	at org.apache.ratis.thirdparty.io.netty.channel.nio.NioEventLoop.run(NioEventLoop.java:458)
	at org.apache.ratis.thirdparty.io.netty.util.concurrent.SingleThreadEventExecutor$5.run(SingleThreadEventExecutor.java:897)
	at org.apache.ratis.thirdparty.io.netty.util.concurrent.FastThreadLocalRunnable.run(FastThreadLocalRunnable.java:30)
	... 1 more
Caused by: java.net.ConnectException: Connection refused
	... 11 more
2019-11-05 08:24:31,587 [4a682f4f-c3f2-4b77-88b7-f0ab78890feb@group-0DB8C7688BF9-LeaderElection553] INFO  impl.RaftServerImpl (RaftServerImpl.java:setRole(184)) - 4a682f4f-c3f2-4b77-88b7-f0ab78890feb@group-0DB8C7688BF9: changes role from CANDIDATE to FOLLOWER at term 335 for DISCOVERED_A_NEW_TERM
2019-11-05 08:24:31,587 [4a682f4f-c3f2-4b77-88b7-f0ab78890feb@group-0DB8C7688BF9-LeaderElection553] INFO  impl.RoleInfo (RoleInfo.java:shutdownLeaderElection(134)) - 4a682f4f-c3f2-4b77-88b7-f0ab78890feb: shutdown LeaderElection
2019-11-05 08:24:31,587 [4a682f4f-c3f2-4b77-88b7-f0ab78890feb@group-0DB8C7688BF9-LeaderElection553] INFO  impl.RoleInfo (RoleInfo.java:updateAndGet(143)) - 4a682f4f-c3f2-4b77-88b7-f0ab78890feb: start FollowerState
2019-11-05 08:24:31,694 [Thread-3991] INFO  impl.FollowerState (FollowerState.java:run(108)) - 4a682f4f-c3f2-4b77-88b7-f0ab78890feb@group-0DB8C7688BF9-FollowerState: change to CANDIDATE, lastRpcTime:106ms, electionTimeout:106ms
2019-11-05 08:24:31,694 [Thread-3991] INFO  impl.RoleInfo (RoleInfo.java:shutdownFollowerState(121)) - 4a682f4f-c3f2-4b77-88b7-f0ab78890feb: shutdown FollowerState
2019-11-05 08:24:31,694 [Thread-3991] INFO  impl.RaftServerImpl (RaftServerImpl.java:setRole(184)) - 4a682f4f-c3f2-4b77-88b7-f0ab78890feb@group-0DB8C7688BF9: changes role from  FOLLOWER to CANDIDATE at term 335 for changeToCandidate
2019-11-05 08:24:31,694 [Thread-3991] INFO  impl.RoleInfo (RoleInfo.java:updateAndGet(143)) - 4a682f4f-c3f2-4b77-88b7-f0ab78890feb: start LeaderElection
2019-11-05 08:24:31,708 [4a682f4f-c3f2-4b77-88b7-f0ab78890feb@group-0DB8C7688BF9-LeaderElection554] INFO  impl.LeaderElection (LeaderElection.java:askForVotes(178)) - 4a682f4f-c3f2-4b77-88b7-f0ab78890feb@group-0DB8C7688BF9-LeaderElection554: begin an election at term 336 for -1: [77ab65e6-d942-49df-83a3-1d4c0bf152b3:192.168.164.217:39381, 7e1b84a9-a041-44fd-8008-f2679426984c:192.168.164.217:44149, 4a682f4f-c3f2-4b77-88b7-f0ab78890feb:192.168.164.217:34174], old=null
2019-11-05 08:24:31,709 [4a682f4f-c3f2-4b77-88b7-f0ab78890feb@group-0DB8C7688BF9-LeaderElection554] INFO  impl.LeaderElection (LogUtils.java:infoOrTrace(149)) - 4a682f4f-c3f2-4b77-88b7-f0ab78890feb@group-0DB8C7688BF9-LeaderElection554 got exception when requesting votes: {}
java.util.concurrent.ExecutionException: org.apache.ratis.thirdparty.io.grpc.StatusRuntimeException: UNAVAILABLE: io exception
	at java.util.concurrent.FutureTask.report(FutureTask.java:122)
	at java.util.concurrent.FutureTask.get(FutureTask.java:192)
	at org.apache.ratis.server.impl.LeaderElection.waitForResults(LeaderElection.java:259)
	at org.apache.ratis.server.impl.LeaderElection.askForVotes(LeaderElection.java:197)
	at org.apache.ratis.server.impl.LeaderElection.run(LeaderElection.java:133)
	at java.lang.Thread.run(Thread.java:748)
Caused by: org.apache.ratis.thirdparty.io.grpc.StatusRuntimeException: UNAVAILABLE: io exception
	at org.apache.ratis.thirdparty.io.grpc.stub.ClientCalls.toStatusRuntimeException(ClientCalls.java:233)
	at org.apache.ratis.thirdparty.io.grpc.stub.ClientCalls.getUnchecked(ClientCalls.java:214)
	at org.apache.ratis.thirdparty.io.grpc.stub.ClientCalls.blockingUnaryCall(ClientCalls.java:139)
	at org.apache.ratis.proto.grpc.RaftServerProtocolServiceGrpc$RaftServerProtocolServiceBlockingStub.requestVote(RaftServerProtocolServiceGrpc.java:265)
	at org.apache.ratis.grpc.server.GrpcServerProtocolClient.requestVote(GrpcServerProtocolClient.java:99)
	at org.apache.ratis.grpc.server.GrpcService.requestVote(GrpcService.java:204)
	at org.apache.ratis.server.impl.LeaderElection.lambda$submitRequests$1(LeaderElection.java:234)
	at java.util.concurrent.FutureTask.run(FutureTask.java:266)
	at java.util.concurrent.Executors$RunnableAdapter.call(Executors.java:511)
	at java.util.concurrent.FutureTask.run(FutureTask.java:266)
	at java.util.concurrent.ThreadPoolExecutor.runWorker(ThreadPoolExecutor.java:1149)
	at java.util.concurrent.ThreadPoolExecutor$Worker.run(ThreadPoolExecutor.java:624)
	... 1 more
Caused by: org.apache.ratis.thirdparty.io.netty.channel.AbstractChannel$AnnotatedConnectException: Connection refused: /192.168.164.217:39381
	at sun.nio.ch.SocketChannelImpl.checkConnect(Native Method)
	at sun.nio.ch.SocketChannelImpl.finishConnect(SocketChannelImpl.java:717)
	at org.apache.ratis.thirdparty.io.netty.channel.socket.nio.NioSocketChannel.doFinishConnect(NioSocketChannel.java:327)
	at org.apache.ratis.thirdparty.io.netty.channel.nio.AbstractNioChannel$AbstractNioUnsafe.finishConnect(AbstractNioChannel.java:340)
	at org.apache.ratis.thirdparty.io.netty.channel.nio.NioEventLoop.processSelectedKey(NioEventLoop.java:632)
	at org.apache.ratis.thirdparty.io.netty.channel.nio.NioEventLoop.processSelectedKeysOptimized(NioEventLoop.java:579)
	at org.apache.ratis.thirdparty.io.netty.channel.nio.NioEventLoop.processSelectedKeys(NioEventLoop.java:496)
	at org.apache.ratis.thirdparty.io.netty.channel.nio.NioEventLoop.run(NioEventLoop.java:458)
	at org.apache.ratis.thirdparty.io.netty.util.concurrent.SingleThreadEventExecutor$5.run(SingleThreadEventExecutor.java:897)
	at org.apache.ratis.thirdparty.io.netty.util.concurrent.FastThreadLocalRunnable.run(FastThreadLocalRunnable.java:30)
	... 1 more
Caused by: java.net.ConnectException: Connection refused
	... 11 more
2019-11-05 08:24:31,709 [4a682f4f-c3f2-4b77-88b7-f0ab78890feb@group-0DB8C7688BF9-LeaderElection554] INFO  impl.LeaderElection (LogUtils.java:infoOrTrace(149)) - 4a682f4f-c3f2-4b77-88b7-f0ab78890feb@group-0DB8C7688BF9-LeaderElection554 got exception when requesting votes: {}
java.util.concurrent.ExecutionException: org.apache.ratis.thirdparty.io.grpc.StatusRuntimeException: UNAVAILABLE: io exception
	at java.util.concurrent.FutureTask.report(FutureTask.java:122)
	at java.util.concurrent.FutureTask.get(FutureTask.java:192)
	at org.apache.ratis.server.impl.LeaderElection.waitForResults(LeaderElection.java:259)
	at org.apache.ratis.server.impl.LeaderElection.askForVotes(LeaderElection.java:197)
	at org.apache.ratis.server.impl.LeaderElection.run(LeaderElection.java:133)
	at java.lang.Thread.run(Thread.java:748)
Caused by: org.apache.ratis.thirdparty.io.grpc.StatusRuntimeException: UNAVAILABLE: io exception
	at org.apache.ratis.thirdparty.io.grpc.stub.ClientCalls.toStatusRuntimeException(ClientCalls.java:233)
	at org.apache.ratis.thirdparty.io.grpc.stub.ClientCalls.getUnchecked(ClientCalls.java:214)
	at org.apache.ratis.thirdparty.io.grpc.stub.ClientCalls.blockingUnaryCall(ClientCalls.java:139)
	at org.apache.ratis.proto.grpc.RaftServerProtocolServiceGrpc$RaftServerProtocolServiceBlockingStub.requestVote(RaftServerProtocolServiceGrpc.java:265)
	at org.apache.ratis.grpc.server.GrpcServerProtocolClient.requestVote(GrpcServerProtocolClient.java:99)
	at org.apache.ratis.grpc.server.GrpcService.requestVote(GrpcService.java:204)
	at org.apache.ratis.server.impl.LeaderElection.lambda$submitRequests$1(LeaderElection.java:234)
	at java.util.concurrent.FutureTask.run(FutureTask.java:266)
	at java.util.concurrent.Executors$RunnableAdapter.call(Executors.java:511)
	at java.util.concurrent.FutureTask.run(FutureTask.java:266)
	at java.util.concurrent.ThreadPoolExecutor.runWorker(ThreadPoolExecutor.java:1149)
	at java.util.concurrent.ThreadPoolExecutor$Worker.run(ThreadPoolExecutor.java:624)
	... 1 more
Caused by: org.apache.ratis.thirdparty.io.netty.channel.AbstractChannel$AnnotatedConnectException: Connection refused: /192.168.164.217:44149
	at sun.nio.ch.SocketChannelImpl.checkConnect(Native Method)
	at sun.nio.ch.SocketChannelImpl.finishConnect(SocketChannelImpl.java:717)
	at org.apache.ratis.thirdparty.io.netty.channel.socket.nio.NioSocketChannel.doFinishConnect(NioSocketChannel.java:327)
	at org.apache.ratis.thirdparty.io.netty.channel.nio.AbstractNioChannel$AbstractNioUnsafe.finishConnect(AbstractNioChannel.java:340)
	at org.apache.ratis.thirdparty.io.netty.channel.nio.NioEventLoop.processSelectedKey(NioEventLoop.java:632)
	at org.apache.ratis.thirdparty.io.netty.channel.nio.NioEventLoop.processSelectedKeysOptimized(NioEventLoop.java:579)
	at org.apache.ratis.thirdparty.io.netty.channel.nio.NioEventLoop.processSelectedKeys(NioEventLoop.java:496)
	at org.apache.ratis.thirdparty.io.netty.channel.nio.NioEventLoop.run(NioEventLoop.java:458)
	at org.apache.ratis.thirdparty.io.netty.util.concurrent.SingleThreadEventExecutor$5.run(SingleThreadEventExecutor.java:897)
	at org.apache.ratis.thirdparty.io.netty.util.concurrent.FastThreadLocalRunnable.run(FastThreadLocalRunnable.java:30)
	... 1 more
Caused by: java.net.ConnectException: Connection refused
	... 11 more
2019-11-05 08:24:31,710 [4a682f4f-c3f2-4b77-88b7-f0ab78890feb@group-0DB8C7688BF9-LeaderElection554] INFO  impl.LeaderElection (LeaderElection.java:logAndReturn(56)) - 4a682f4f-c3f2-4b77-88b7-f0ab78890feb@group-0DB8C7688BF9-LeaderElection554: Election REJECTED; received 0 response(s) [] and 2 exception(s); 4a682f4f-c3f2-4b77-88b7-f0ab78890feb@group-0DB8C7688BF9:t336, leader=null, voted=4a682f4f-c3f2-4b77-88b7-f0ab78890feb, raftlog=4a682f4f-c3f2-4b77-88b7-f0ab78890feb@group-0DB8C7688BF9-SegmentedRaftLog:OPENED:c-1,f-1,i0, conf=-1: [77ab65e6-d942-49df-83a3-1d4c0bf152b3:192.168.164.217:39381, 7e1b84a9-a041-44fd-8008-f2679426984c:192.168.164.217:44149, 4a682f4f-c3f2-4b77-88b7-f0ab78890feb:192.168.164.217:34174], old=null
2019-11-05 08:24:31,710 [4a682f4f-c3f2-4b77-88b7-f0ab78890feb@group-0DB8C7688BF9-LeaderElection554] INFO  impl.LeaderElection (LogUtils.java:infoOrTrace(149)) -   Exception 0: {}
java.util.concurrent.ExecutionException: org.apache.ratis.thirdparty.io.grpc.StatusRuntimeException: UNAVAILABLE: io exception
	at java.util.concurrent.FutureTask.report(FutureTask.java:122)
	at java.util.concurrent.FutureTask.get(FutureTask.java:192)
	at org.apache.ratis.server.impl.LeaderElection.waitForResults(LeaderElection.java:259)
	at org.apache.ratis.server.impl.LeaderElection.askForVotes(LeaderElection.java:197)
	at org.apache.ratis.server.impl.LeaderElection.run(LeaderElection.java:133)
	at java.lang.Thread.run(Thread.java:748)
Caused by: org.apache.ratis.thirdparty.io.grpc.StatusRuntimeException: UNAVAILABLE: io exception
	at org.apache.ratis.thirdparty.io.grpc.stub.ClientCalls.toStatusRuntimeException(ClientCalls.java:233)
	at org.apache.ratis.thirdparty.io.grpc.stub.ClientCalls.getUnchecked(ClientCalls.java:214)
	at org.apache.ratis.thirdparty.io.grpc.stub.ClientCalls.blockingUnaryCall(ClientCalls.java:139)
	at org.apache.ratis.proto.grpc.RaftServerProtocolServiceGrpc$RaftServerProtocolServiceBlockingStub.requestVote(RaftServerProtocolServiceGrpc.java:265)
	at org.apache.ratis.grpc.server.GrpcServerProtocolClient.requestVote(GrpcServerProtocolClient.java:99)
	at org.apache.ratis.grpc.server.GrpcService.requestVote(GrpcService.java:204)
	at org.apache.ratis.server.impl.LeaderElection.lambda$submitRequests$1(LeaderElection.java:234)
	at java.util.concurrent.FutureTask.run(FutureTask.java:266)
	at java.util.concurrent.Executors$RunnableAdapter.call(Executors.java:511)
	at java.util.concurrent.FutureTask.run(FutureTask.java:266)
	at java.util.concurrent.ThreadPoolExecutor.runWorker(ThreadPoolExecutor.java:1149)
	at java.util.concurrent.ThreadPoolExecutor$Worker.run(ThreadPoolExecutor.java:624)
	... 1 more
Caused by: org.apache.ratis.thirdparty.io.netty.channel.AbstractChannel$AnnotatedConnectException: Connection refused: /192.168.164.217:39381
	at sun.nio.ch.SocketChannelImpl.checkConnect(Native Method)
	at sun.nio.ch.SocketChannelImpl.finishConnect(SocketChannelImpl.java:717)
	at org.apache.ratis.thirdparty.io.netty.channel.socket.nio.NioSocketChannel.doFinishConnect(NioSocketChannel.java:327)
	at org.apache.ratis.thirdparty.io.netty.channel.nio.AbstractNioChannel$AbstractNioUnsafe.finishConnect(AbstractNioChannel.java:340)
	at org.apache.ratis.thirdparty.io.netty.channel.nio.NioEventLoop.processSelectedKey(NioEventLoop.java:632)
	at org.apache.ratis.thirdparty.io.netty.channel.nio.NioEventLoop.processSelectedKeysOptimized(NioEventLoop.java:579)
	at org.apache.ratis.thirdparty.io.netty.channel.nio.NioEventLoop.processSelectedKeys(NioEventLoop.java:496)
	at org.apache.ratis.thirdparty.io.netty.channel.nio.NioEventLoop.run(NioEventLoop.java:458)
	at org.apache.ratis.thirdparty.io.netty.util.concurrent.SingleThreadEventExecutor$5.run(SingleThreadEventExecutor.java:897)
	at org.apache.ratis.thirdparty.io.netty.util.concurrent.FastThreadLocalRunnable.run(FastThreadLocalRunnable.java:30)
	... 1 more
Caused by: java.net.ConnectException: Connection refused
	... 11 more
2019-11-05 08:24:31,710 [4a682f4f-c3f2-4b77-88b7-f0ab78890feb@group-0DB8C7688BF9-LeaderElection554] INFO  impl.LeaderElection (LogUtils.java:infoOrTrace(149)) -   Exception 1: {}
java.util.concurrent.ExecutionException: org.apache.ratis.thirdparty.io.grpc.StatusRuntimeException: UNAVAILABLE: io exception
	at java.util.concurrent.FutureTask.report(FutureTask.java:122)
	at java.util.concurrent.FutureTask.get(FutureTask.java:192)
	at org.apache.ratis.server.impl.LeaderElection.waitForResults(LeaderElection.java:259)
	at org.apache.ratis.server.impl.LeaderElection.askForVotes(LeaderElection.java:197)
	at org.apache.ratis.server.impl.LeaderElection.run(LeaderElection.java:133)
	at java.lang.Thread.run(Thread.java:748)
Caused by: org.apache.ratis.thirdparty.io.grpc.StatusRuntimeException: UNAVAILABLE: io exception
	at org.apache.ratis.thirdparty.io.grpc.stub.ClientCalls.toStatusRuntimeException(ClientCalls.java:233)
	at org.apache.ratis.thirdparty.io.grpc.stub.ClientCalls.getUnchecked(ClientCalls.java:214)
	at org.apache.ratis.thirdparty.io.grpc.stub.ClientCalls.blockingUnaryCall(ClientCalls.java:139)
	at org.apache.ratis.proto.grpc.RaftServerProtocolServiceGrpc$RaftServerProtocolServiceBlockingStub.requestVote(RaftServerProtocolServiceGrpc.java:265)
	at org.apache.ratis.grpc.server.GrpcServerProtocolClient.requestVote(GrpcServerProtocolClient.java:99)
	at org.apache.ratis.grpc.server.GrpcService.requestVote(GrpcService.java:204)
	at org.apache.ratis.server.impl.LeaderElection.lambda$submitRequests$1(LeaderElection.java:234)
	at java.util.concurrent.FutureTask.run(FutureTask.java:266)
	at java.util.concurrent.Executors$RunnableAdapter.call(Executors.java:511)
	at java.util.concurrent.FutureTask.run(FutureTask.java:266)
	at java.util.concurrent.ThreadPoolExecutor.runWorker(ThreadPoolExecutor.java:1149)
	at java.util.concurrent.ThreadPoolExecutor$Worker.run(ThreadPoolExecutor.java:624)
	... 1 more
Caused by: org.apache.ratis.thirdparty.io.netty.channel.AbstractChannel$AnnotatedConnectException: Connection refused: /192.168.164.217:44149
	at sun.nio.ch.SocketChannelImpl.checkConnect(Native Method)
	at sun.nio.ch.SocketChannelImpl.finishConnect(SocketChannelImpl.java:717)
	at org.apache.ratis.thirdparty.io.netty.channel.socket.nio.NioSocketChannel.doFinishConnect(NioSocketChannel.java:327)
	at org.apache.ratis.thirdparty.io.netty.channel.nio.AbstractNioChannel$AbstractNioUnsafe.finishConnect(AbstractNioChannel.java:340)
	at org.apache.ratis.thirdparty.io.netty.channel.nio.NioEventLoop.processSelectedKey(NioEventLoop.java:632)
	at org.apache.ratis.thirdparty.io.netty.channel.nio.NioEventLoop.processSelectedKeysOptimized(NioEventLoop.java:579)
	at org.apache.ratis.thirdparty.io.netty.channel.nio.NioEventLoop.processSelectedKeys(NioEventLoop.java:496)
	at org.apache.ratis.thirdparty.io.netty.channel.nio.NioEventLoop.run(NioEventLoop.java:458)
	at org.apache.ratis.thirdparty.io.netty.util.concurrent.SingleThreadEventExecutor$5.run(SingleThreadEventExecutor.java:897)
	at org.apache.ratis.thirdparty.io.netty.util.concurrent.FastThreadLocalRunnable.run(FastThreadLocalRunnable.java:30)
	... 1 more
Caused by: java.net.ConnectException: Connection refused
	... 11 more
2019-11-05 08:24:31,710 [4a682f4f-c3f2-4b77-88b7-f0ab78890feb@group-0DB8C7688BF9-LeaderElection554] INFO  impl.RaftServerImpl (RaftServerImpl.java:setRole(184)) - 4a682f4f-c3f2-4b77-88b7-f0ab78890feb@group-0DB8C7688BF9: changes role from CANDIDATE to FOLLOWER at term 336 for DISCOVERED_A_NEW_TERM
2019-11-05 08:24:31,710 [4a682f4f-c3f2-4b77-88b7-f0ab78890feb@group-0DB8C7688BF9-LeaderElection554] INFO  impl.RoleInfo (RoleInfo.java:shutdownLeaderElection(134)) - 4a682f4f-c3f2-4b77-88b7-f0ab78890feb: shutdown LeaderElection
2019-11-05 08:24:31,710 [4a682f4f-c3f2-4b77-88b7-f0ab78890feb@group-0DB8C7688BF9-LeaderElection554] INFO  impl.RoleInfo (RoleInfo.java:updateAndGet(143)) - 4a682f4f-c3f2-4b77-88b7-f0ab78890feb: start FollowerState
2019-11-05 08:24:31,757 [java.util.concurrent.ThreadPoolExecutor$Worker@4893213[State = -1, empty queue]] WARN  server.GrpcLogAppender (GrpcLogAppender.java:timeoutAppendRequest(209)) - 6189f8a4-91dd-451f-abcb-72b2dcd73465@group-9D53872EEF85->fe5257f1-588f-41af-bf70-1c04126c8968-GrpcLogAppender: appendEntries Timeout, request=6189f8a4-91dd-451f-abcb-72b2dcd73465->fe5257f1-588f-41af-bf70-1c04126c8968#99-t4, previous=(t:4, i:20), leaderCommit=20, initializing? false, entries: <empty>
2019-11-05 08:24:31,795 [java.util.concurrent.ThreadPoolExecutor$Worker@7a1c0679[State = -1, empty queue]] WARN  server.GrpcLogAppender (GrpcLogAppender.java:timeoutAppendRequest(209)) - 6189f8a4-91dd-451f-abcb-72b2dcd73465@group-9D53872EEF85->c3e88256-f771-43b4-b3fb-c682fc5ee06f-GrpcLogAppender: appendEntries Timeout, request=6189f8a4-91dd-451f-abcb-72b2dcd73465->c3e88256-f771-43b4-b3fb-c682fc5ee06f#99-t4, previous=(t:4, i:20), leaderCommit=20, initializing? false, entries: <empty>
2019-11-05 08:24:31,826 [Thread-3995] INFO  impl.FollowerState (FollowerState.java:run(108)) - 4a682f4f-c3f2-4b77-88b7-f0ab78890feb@group-0DB8C7688BF9-FollowerState: change to CANDIDATE, lastRpcTime:115ms, electionTimeout:115ms
2019-11-05 08:24:31,826 [Thread-3995] INFO  impl.RoleInfo (RoleInfo.java:shutdownFollowerState(121)) - 4a682f4f-c3f2-4b77-88b7-f0ab78890feb: shutdown FollowerState
2019-11-05 08:24:31,826 [Thread-3995] INFO  impl.RaftServerImpl (RaftServerImpl.java:setRole(184)) - 4a682f4f-c3f2-4b77-88b7-f0ab78890feb@group-0DB8C7688BF9: changes role from  FOLLOWER to CANDIDATE at term 336 for changeToCandidate
2019-11-05 08:24:31,826 [Thread-3995] INFO  impl.RoleInfo (RoleInfo.java:updateAndGet(143)) - 4a682f4f-c3f2-4b77-88b7-f0ab78890feb: start LeaderElection
2019-11-05 08:24:31,840 [4a682f4f-c3f2-4b77-88b7-f0ab78890feb@group-0DB8C7688BF9-LeaderElection555] INFO  impl.LeaderElection (LeaderElection.java:askForVotes(178)) - 4a682f4f-c3f2-4b77-88b7-f0ab78890feb@group-0DB8C7688BF9-LeaderElection555: begin an election at term 337 for -1: [77ab65e6-d942-49df-83a3-1d4c0bf152b3:192.168.164.217:39381, 7e1b84a9-a041-44fd-8008-f2679426984c:192.168.164.217:44149, 4a682f4f-c3f2-4b77-88b7-f0ab78890feb:192.168.164.217:34174], old=null
2019-11-05 08:24:31,841 [4a682f4f-c3f2-4b77-88b7-f0ab78890feb@group-0DB8C7688BF9-LeaderElection555] INFO  impl.LeaderElection (LogUtils.java:infoOrTrace(149)) - 4a682f4f-c3f2-4b77-88b7-f0ab78890feb@group-0DB8C7688BF9-LeaderElection555 got exception when requesting votes: {}
java.util.concurrent.ExecutionException: org.apache.ratis.thirdparty.io.grpc.StatusRuntimeException: UNAVAILABLE: io exception
	at java.util.concurrent.FutureTask.report(FutureTask.java:122)
	at java.util.concurrent.FutureTask.get(FutureTask.java:192)
	at org.apache.ratis.server.impl.LeaderElection.waitForResults(LeaderElection.java:259)
	at org.apache.ratis.server.impl.LeaderElection.askForVotes(LeaderElection.java:197)
	at org.apache.ratis.server.impl.LeaderElection.run(LeaderElection.java:133)
	at java.lang.Thread.run(Thread.java:748)
Caused by: org.apache.ratis.thirdparty.io.grpc.StatusRuntimeException: UNAVAILABLE: io exception
	at org.apache.ratis.thirdparty.io.grpc.stub.ClientCalls.toStatusRuntimeException(ClientCalls.java:233)
	at org.apache.ratis.thirdparty.io.grpc.stub.ClientCalls.getUnchecked(ClientCalls.java:214)
	at org.apache.ratis.thirdparty.io.grpc.stub.ClientCalls.blockingUnaryCall(ClientCalls.java:139)
	at org.apache.ratis.proto.grpc.RaftServerProtocolServiceGrpc$RaftServerProtocolServiceBlockingStub.requestVote(RaftServerProtocolServiceGrpc.java:265)
	at org.apache.ratis.grpc.server.GrpcServerProtocolClient.requestVote(GrpcServerProtocolClient.java:99)
	at org.apache.ratis.grpc.server.GrpcService.requestVote(GrpcService.java:204)
	at org.apache.ratis.server.impl.LeaderElection.lambda$submitRequests$1(LeaderElection.java:234)
	at java.util.concurrent.FutureTask.run(FutureTask.java:266)
	at java.util.concurrent.Executors$RunnableAdapter.call(Executors.java:511)
	at java.util.concurrent.FutureTask.run(FutureTask.java:266)
	at java.util.concurrent.ThreadPoolExecutor.runWorker(ThreadPoolExecutor.java:1149)
	at java.util.concurrent.ThreadPoolExecutor$Worker.run(ThreadPoolExecutor.java:624)
	... 1 more
Caused by: org.apache.ratis.thirdparty.io.netty.channel.AbstractChannel$AnnotatedConnectException: Connection refused: /192.168.164.217:39381
	at sun.nio.ch.SocketChannelImpl.checkConnect(Native Method)
	at sun.nio.ch.SocketChannelImpl.finishConnect(SocketChannelImpl.java:717)
	at org.apache.ratis.thirdparty.io.netty.channel.socket.nio.NioSocketChannel.doFinishConnect(NioSocketChannel.java:327)
	at org.apache.ratis.thirdparty.io.netty.channel.nio.AbstractNioChannel$AbstractNioUnsafe.finishConnect(AbstractNioChannel.java:340)
	at org.apache.ratis.thirdparty.io.netty.channel.nio.NioEventLoop.processSelectedKey(NioEventLoop.java:632)
	at org.apache.ratis.thirdparty.io.netty.channel.nio.NioEventLoop.processSelectedKeysOptimized(NioEventLoop.java:579)
	at org.apache.ratis.thirdparty.io.netty.channel.nio.NioEventLoop.processSelectedKeys(NioEventLoop.java:496)
	at org.apache.ratis.thirdparty.io.netty.channel.nio.NioEventLoop.run(NioEventLoop.java:458)
	at org.apache.ratis.thirdparty.io.netty.util.concurrent.SingleThreadEventExecutor$5.run(SingleThreadEventExecutor.java:897)
	at org.apache.ratis.thirdparty.io.netty.util.concurrent.FastThreadLocalRunnable.run(FastThreadLocalRunnable.java:30)
	... 1 more
Caused by: java.net.ConnectException: Connection refused
	... 11 more
2019-11-05 08:24:31,842 [4a682f4f-c3f2-4b77-88b7-f0ab78890feb@group-0DB8C7688BF9-LeaderElection555] INFO  impl.LeaderElection (LogUtils.java:infoOrTrace(149)) - 4a682f4f-c3f2-4b77-88b7-f0ab78890feb@group-0DB8C7688BF9-LeaderElection555 got exception when requesting votes: {}
java.util.concurrent.ExecutionException: org.apache.ratis.thirdparty.io.grpc.StatusRuntimeException: UNAVAILABLE: io exception
	at java.util.concurrent.FutureTask.report(FutureTask.java:122)
	at java.util.concurrent.FutureTask.get(FutureTask.java:192)
	at org.apache.ratis.server.impl.LeaderElection.waitForResults(LeaderElection.java:259)
	at org.apache.ratis.server.impl.LeaderElection.askForVotes(LeaderElection.java:197)
	at org.apache.ratis.server.impl.LeaderElection.run(LeaderElection.java:133)
	at java.lang.Thread.run(Thread.java:748)
Caused by: org.apache.ratis.thirdparty.io.grpc.StatusRuntimeException: UNAVAILABLE: io exception
	at org.apache.ratis.thirdparty.io.grpc.stub.ClientCalls.toStatusRuntimeException(ClientCalls.java:233)
	at org.apache.ratis.thirdparty.io.grpc.stub.ClientCalls.getUnchecked(ClientCalls.java:214)
	at org.apache.ratis.thirdparty.io.grpc.stub.ClientCalls.blockingUnaryCall(ClientCalls.java:139)
	at org.apache.ratis.proto.grpc.RaftServerProtocolServiceGrpc$RaftServerProtocolServiceBlockingStub.requestVote(RaftServerProtocolServiceGrpc.java:265)
	at org.apache.ratis.grpc.server.GrpcServerProtocolClient.requestVote(GrpcServerProtocolClient.java:99)
	at org.apache.ratis.grpc.server.GrpcService.requestVote(GrpcService.java:204)
	at org.apache.ratis.server.impl.LeaderElection.lambda$submitRequests$1(LeaderElection.java:234)
	at java.util.concurrent.FutureTask.run(FutureTask.java:266)
	at java.util.concurrent.Executors$RunnableAdapter.call(Executors.java:511)
	at java.util.concurrent.FutureTask.run(FutureTask.java:266)
	at java.util.concurrent.ThreadPoolExecutor.runWorker(ThreadPoolExecutor.java:1149)
	at java.util.concurrent.ThreadPoolExecutor$Worker.run(ThreadPoolExecutor.java:624)
	... 1 more
Caused by: org.apache.ratis.thirdparty.io.netty.channel.AbstractChannel$AnnotatedConnectException: Connection refused: /192.168.164.217:44149
	at sun.nio.ch.SocketChannelImpl.checkConnect(Native Method)
	at sun.nio.ch.SocketChannelImpl.finishConnect(SocketChannelImpl.java:717)
	at org.apache.ratis.thirdparty.io.netty.channel.socket.nio.NioSocketChannel.doFinishConnect(NioSocketChannel.java:327)
	at org.apache.ratis.thirdparty.io.netty.channel.nio.AbstractNioChannel$AbstractNioUnsafe.finishConnect(AbstractNioChannel.java:340)
	at org.apache.ratis.thirdparty.io.netty.channel.nio.NioEventLoop.processSelectedKey(NioEventLoop.java:632)
	at org.apache.ratis.thirdparty.io.netty.channel.nio.NioEventLoop.processSelectedKeysOptimized(NioEventLoop.java:579)
	at org.apache.ratis.thirdparty.io.netty.channel.nio.NioEventLoop.processSelectedKeys(NioEventLoop.java:496)
	at org.apache.ratis.thirdparty.io.netty.channel.nio.NioEventLoop.run(NioEventLoop.java:458)
	at org.apache.ratis.thirdparty.io.netty.util.concurrent.SingleThreadEventExecutor$5.run(SingleThreadEventExecutor.java:897)
	at org.apache.ratis.thirdparty.io.netty.util.concurrent.FastThreadLocalRunnable.run(FastThreadLocalRunnable.java:30)
	... 1 more
Caused by: java.net.ConnectException: Connection refused
	... 11 more
2019-11-05 08:24:31,843 [4a682f4f-c3f2-4b77-88b7-f0ab78890feb@group-0DB8C7688BF9-LeaderElection555] INFO  impl.LeaderElection (LeaderElection.java:logAndReturn(56)) - 4a682f4f-c3f2-4b77-88b7-f0ab78890feb@group-0DB8C7688BF9-LeaderElection555: Election REJECTED; received 0 response(s) [] and 2 exception(s); 4a682f4f-c3f2-4b77-88b7-f0ab78890feb@group-0DB8C7688BF9:t337, leader=null, voted=4a682f4f-c3f2-4b77-88b7-f0ab78890feb, raftlog=4a682f4f-c3f2-4b77-88b7-f0ab78890feb@group-0DB8C7688BF9-SegmentedRaftLog:OPENED:c-1,f-1,i0, conf=-1: [77ab65e6-d942-49df-83a3-1d4c0bf152b3:192.168.164.217:39381, 7e1b84a9-a041-44fd-8008-f2679426984c:192.168.164.217:44149, 4a682f4f-c3f2-4b77-88b7-f0ab78890feb:192.168.164.217:34174], old=null
2019-11-05 08:24:31,843 [4a682f4f-c3f2-4b77-88b7-f0ab78890feb@group-0DB8C7688BF9-LeaderElection555] INFO  impl.LeaderElection (LogUtils.java:infoOrTrace(149)) -   Exception 0: {}
java.util.concurrent.ExecutionException: org.apache.ratis.thirdparty.io.grpc.StatusRuntimeException: UNAVAILABLE: io exception
	at java.util.concurrent.FutureTask.report(FutureTask.java:122)
	at java.util.concurrent.FutureTask.get(FutureTask.java:192)
	at org.apache.ratis.server.impl.LeaderElection.waitForResults(LeaderElection.java:259)
	at org.apache.ratis.server.impl.LeaderElection.askForVotes(LeaderElection.java:197)
	at org.apache.ratis.server.impl.LeaderElection.run(LeaderElection.java:133)
	at java.lang.Thread.run(Thread.java:748)
Caused by: org.apache.ratis.thirdparty.io.grpc.StatusRuntimeException: UNAVAILABLE: io exception
	at org.apache.ratis.thirdparty.io.grpc.stub.ClientCalls.toStatusRuntimeException(ClientCalls.java:233)
	at org.apache.ratis.thirdparty.io.grpc.stub.ClientCalls.getUnchecked(ClientCalls.java:214)
	at org.apache.ratis.thirdparty.io.grpc.stub.ClientCalls.blockingUnaryCall(ClientCalls.java:139)
	at org.apache.ratis.proto.grpc.RaftServerProtocolServiceGrpc$RaftServerProtocolServiceBlockingStub.requestVote(RaftServerProtocolServiceGrpc.java:265)
	at org.apache.ratis.grpc.server.GrpcServerProtocolClient.requestVote(GrpcServerProtocolClient.java:99)
	at org.apache.ratis.grpc.server.GrpcService.requestVote(GrpcService.java:204)
	at org.apache.ratis.server.impl.LeaderElection.lambda$submitRequests$1(LeaderElection.java:234)
	at java.util.concurrent.FutureTask.run(FutureTask.java:266)
	at java.util.concurrent.Executors$RunnableAdapter.call(Executors.java:511)
	at java.util.concurrent.FutureTask.run(FutureTask.java:266)
	at java.util.concurrent.ThreadPoolExecutor.runWorker(ThreadPoolExecutor.java:1149)
	at java.util.concurrent.ThreadPoolExecutor$Worker.run(ThreadPoolExecutor.java:624)
	... 1 more
Caused by: org.apache.ratis.thirdparty.io.netty.channel.AbstractChannel$AnnotatedConnectException: Connection refused: /192.168.164.217:39381
	at sun.nio.ch.SocketChannelImpl.checkConnect(Native Method)
	at sun.nio.ch.SocketChannelImpl.finishConnect(SocketChannelImpl.java:717)
	at org.apache.ratis.thirdparty.io.netty.channel.socket.nio.NioSocketChannel.doFinishConnect(NioSocketChannel.java:327)
	at org.apache.ratis.thirdparty.io.netty.channel.nio.AbstractNioChannel$AbstractNioUnsafe.finishConnect(AbstractNioChannel.java:340)
	at org.apache.ratis.thirdparty.io.netty.channel.nio.NioEventLoop.processSelectedKey(NioEventLoop.java:632)
	at org.apache.ratis.thirdparty.io.netty.channel.nio.NioEventLoop.processSelectedKeysOptimized(NioEventLoop.java:579)
	at org.apache.ratis.thirdparty.io.netty.channel.nio.NioEventLoop.processSelectedKeys(NioEventLoop.java:496)
	at org.apache.ratis.thirdparty.io.netty.channel.nio.NioEventLoop.run(NioEventLoop.java:458)
	at org.apache.ratis.thirdparty.io.netty.util.concurrent.SingleThreadEventExecutor$5.run(SingleThreadEventExecutor.java:897)
	at org.apache.ratis.thirdparty.io.netty.util.concurrent.FastThreadLocalRunnable.run(FastThreadLocalRunnable.java:30)
	... 1 more
Caused by: java.net.ConnectException: Connection refused
	... 11 more
2019-11-05 08:24:31,844 [4a682f4f-c3f2-4b77-88b7-f0ab78890feb@group-0DB8C7688BF9-LeaderElection555] INFO  impl.LeaderElection (LogUtils.java:infoOrTrace(149)) -   Exception 1: {}
java.util.concurrent.ExecutionException: org.apache.ratis.thirdparty.io.grpc.StatusRuntimeException: UNAVAILABLE: io exception
	at java.util.concurrent.FutureTask.report(FutureTask.java:122)
	at java.util.concurrent.FutureTask.get(FutureTask.java:192)
	at org.apache.ratis.server.impl.LeaderElection.waitForResults(LeaderElection.java:259)
	at org.apache.ratis.server.impl.LeaderElection.askForVotes(LeaderElection.java:197)
	at org.apache.ratis.server.impl.LeaderElection.run(LeaderElection.java:133)
	at java.lang.Thread.run(Thread.java:748)
Caused by: org.apache.ratis.thirdparty.io.grpc.StatusRuntimeException: UNAVAILABLE: io exception
	at org.apache.ratis.thirdparty.io.grpc.stub.ClientCalls.toStatusRuntimeException(ClientCalls.java:233)
	at org.apache.ratis.thirdparty.io.grpc.stub.ClientCalls.getUnchecked(ClientCalls.java:214)
	at org.apache.ratis.thirdparty.io.grpc.stub.ClientCalls.blockingUnaryCall(ClientCalls.java:139)
	at org.apache.ratis.proto.grpc.RaftServerProtocolServiceGrpc$RaftServerProtocolServiceBlockingStub.requestVote(RaftServerProtocolServiceGrpc.java:265)
	at org.apache.ratis.grpc.server.GrpcServerProtocolClient.requestVote(GrpcServerProtocolClient.java:99)
	at org.apache.ratis.grpc.server.GrpcService.requestVote(GrpcService.java:204)
	at org.apache.ratis.server.impl.LeaderElection.lambda$submitRequests$1(LeaderElection.java:234)
	at java.util.concurrent.FutureTask.run(FutureTask.java:266)
	at java.util.concurrent.Executors$RunnableAdapter.call(Executors.java:511)
	at java.util.concurrent.FutureTask.run(FutureTask.java:266)
	at java.util.concurrent.ThreadPoolExecutor.runWorker(ThreadPoolExecutor.java:1149)
	at java.util.concurrent.ThreadPoolExecutor$Worker.run(ThreadPoolExecutor.java:624)
	... 1 more
Caused by: org.apache.ratis.thirdparty.io.netty.channel.AbstractChannel$AnnotatedConnectException: Connection refused: /192.168.164.217:44149
	at sun.nio.ch.SocketChannelImpl.checkConnect(Native Method)
	at sun.nio.ch.SocketChannelImpl.finishConnect(SocketChannelImpl.java:717)
	at org.apache.ratis.thirdparty.io.netty.channel.socket.nio.NioSocketChannel.doFinishConnect(NioSocketChannel.java:327)
	at org.apache.ratis.thirdparty.io.netty.channel.nio.AbstractNioChannel$AbstractNioUnsafe.finishConnect(AbstractNioChannel.java:340)
	at org.apache.ratis.thirdparty.io.netty.channel.nio.NioEventLoop.processSelectedKey(NioEventLoop.java:632)
	at org.apache.ratis.thirdparty.io.netty.channel.nio.NioEventLoop.processSelectedKeysOptimized(NioEventLoop.java:579)
	at org.apache.ratis.thirdparty.io.netty.channel.nio.NioEventLoop.processSelectedKeys(NioEventLoop.java:496)
	at org.apache.ratis.thirdparty.io.netty.channel.nio.NioEventLoop.run(NioEventLoop.java:458)
	at org.apache.ratis.thirdparty.io.netty.util.concurrent.SingleThreadEventExecutor$5.run(SingleThreadEventExecutor.java:897)
	at org.apache.ratis.thirdparty.io.netty.util.concurrent.FastThreadLocalRunnable.run(FastThreadLocalRunnable.java:30)
	... 1 more
Caused by: java.net.ConnectException: Connection refused
	... 11 more
2019-11-05 08:24:31,844 [4a682f4f-c3f2-4b77-88b7-f0ab78890feb@group-0DB8C7688BF9-LeaderElection555] INFO  impl.RaftServerImpl (RaftServerImpl.java:setRole(184)) - 4a682f4f-c3f2-4b77-88b7-f0ab78890feb@group-0DB8C7688BF9: changes role from CANDIDATE to FOLLOWER at term 337 for DISCOVERED_A_NEW_TERM
2019-11-05 08:24:31,844 [4a682f4f-c3f2-4b77-88b7-f0ab78890feb@group-0DB8C7688BF9-LeaderElection555] INFO  impl.RoleInfo (RoleInfo.java:shutdownLeaderElection(134)) - 4a682f4f-c3f2-4b77-88b7-f0ab78890feb: shutdown LeaderElection
2019-11-05 08:24:31,845 [4a682f4f-c3f2-4b77-88b7-f0ab78890feb@group-0DB8C7688BF9-LeaderElection555] INFO  impl.RoleInfo (RoleInfo.java:updateAndGet(143)) - 4a682f4f-c3f2-4b77-88b7-f0ab78890feb: start FollowerState
2019-11-05 08:24:31,874 [Thread-3999] INFO  impl.FollowerState (FollowerState.java:run(108)) - 4a682f4f-c3f2-4b77-88b7-f0ab78890feb@group-0DB8C7688BF9-FollowerState: change to CANDIDATE, lastRpcTime:29ms, electionTimeout:29ms
2019-11-05 08:24:31,874 [Thread-3999] INFO  impl.RoleInfo (RoleInfo.java:shutdownFollowerState(121)) - 4a682f4f-c3f2-4b77-88b7-f0ab78890feb: shutdown FollowerState
2019-11-05 08:24:31,874 [Thread-3999] INFO  impl.RaftServerImpl (RaftServerImpl.java:setRole(184)) - 4a682f4f-c3f2-4b77-88b7-f0ab78890feb@group-0DB8C7688BF9: changes role from  FOLLOWER to CANDIDATE at term 337 for changeToCandidate
2019-11-05 08:24:31,874 [Thread-3999] INFO  impl.RoleInfo (RoleInfo.java:updateAndGet(143)) - 4a682f4f-c3f2-4b77-88b7-f0ab78890feb: start LeaderElection
2019-11-05 08:24:31,887 [4a682f4f-c3f2-4b77-88b7-f0ab78890feb@group-0DB8C7688BF9-LeaderElection556] INFO  impl.LeaderElection (LeaderElection.java:askForVotes(178)) - 4a682f4f-c3f2-4b77-88b7-f0ab78890feb@group-0DB8C7688BF9-LeaderElection556: begin an election at term 338 for -1: [77ab65e6-d942-49df-83a3-1d4c0bf152b3:192.168.164.217:39381, 7e1b84a9-a041-44fd-8008-f2679426984c:192.168.164.217:44149, 4a682f4f-c3f2-4b77-88b7-f0ab78890feb:192.168.164.217:34174], old=null
2019-11-05 08:24:31,889 [4a682f4f-c3f2-4b77-88b7-f0ab78890feb@group-0DB8C7688BF9-LeaderElection556] INFO  impl.LeaderElection (LogUtils.java:infoOrTrace(149)) - 4a682f4f-c3f2-4b77-88b7-f0ab78890feb@group-0DB8C7688BF9-LeaderElection556 got exception when requesting votes: {}
java.util.concurrent.ExecutionException: org.apache.ratis.thirdparty.io.grpc.StatusRuntimeException: UNAVAILABLE: io exception
	at java.util.concurrent.FutureTask.report(FutureTask.java:122)
	at java.util.concurrent.FutureTask.get(FutureTask.java:192)
	at org.apache.ratis.server.impl.LeaderElection.waitForResults(LeaderElection.java:259)
	at org.apache.ratis.server.impl.LeaderElection.askForVotes(LeaderElection.java:197)
	at org.apache.ratis.server.impl.LeaderElection.run(LeaderElection.java:133)
	at java.lang.Thread.run(Thread.java:748)
Caused by: org.apache.ratis.thirdparty.io.grpc.StatusRuntimeException: UNAVAILABLE: io exception
	at org.apache.ratis.thirdparty.io.grpc.stub.ClientCalls.toStatusRuntimeException(ClientCalls.java:233)
	at org.apache.ratis.thirdparty.io.grpc.stub.ClientCalls.getUnchecked(ClientCalls.java:214)
	at org.apache.ratis.thirdparty.io.grpc.stub.ClientCalls.blockingUnaryCall(ClientCalls.java:139)
	at org.apache.ratis.proto.grpc.RaftServerProtocolServiceGrpc$RaftServerProtocolServiceBlockingStub.requestVote(RaftServerProtocolServiceGrpc.java:265)
	at org.apache.ratis.grpc.server.GrpcServerProtocolClient.requestVote(GrpcServerProtocolClient.java:99)
	at org.apache.ratis.grpc.server.GrpcService.requestVote(GrpcService.java:204)
	at org.apache.ratis.server.impl.LeaderElection.lambda$submitRequests$1(LeaderElection.java:234)
	at java.util.concurrent.FutureTask.run(FutureTask.java:266)
	at java.util.concurrent.Executors$RunnableAdapter.call(Executors.java:511)
	at java.util.concurrent.FutureTask.run(FutureTask.java:266)
	at java.util.concurrent.ThreadPoolExecutor.runWorker(ThreadPoolExecutor.java:1149)
	at java.util.concurrent.ThreadPoolExecutor$Worker.run(ThreadPoolExecutor.java:624)
	... 1 more
Caused by: org.apache.ratis.thirdparty.io.netty.channel.AbstractChannel$AnnotatedConnectException: Connection refused: /192.168.164.217:39381
	at sun.nio.ch.SocketChannelImpl.checkConnect(Native Method)
	at sun.nio.ch.SocketChannelImpl.finishConnect(SocketChannelImpl.java:717)
	at org.apache.ratis.thirdparty.io.netty.channel.socket.nio.NioSocketChannel.doFinishConnect(NioSocketChannel.java:327)
	at org.apache.ratis.thirdparty.io.netty.channel.nio.AbstractNioChannel$AbstractNioUnsafe.finishConnect(AbstractNioChannel.java:340)
	at org.apache.ratis.thirdparty.io.netty.channel.nio.NioEventLoop.processSelectedKey(NioEventLoop.java:632)
	at org.apache.ratis.thirdparty.io.netty.channel.nio.NioEventLoop.processSelectedKeysOptimized(NioEventLoop.java:579)
	at org.apache.ratis.thirdparty.io.netty.channel.nio.NioEventLoop.processSelectedKeys(NioEventLoop.java:496)
	at org.apache.ratis.thirdparty.io.netty.channel.nio.NioEventLoop.run(NioEventLoop.java:458)
	at org.apache.ratis.thirdparty.io.netty.util.concurrent.SingleThreadEventExecutor$5.run(SingleThreadEventExecutor.java:897)
	at org.apache.ratis.thirdparty.io.netty.util.concurrent.FastThreadLocalRunnable.run(FastThreadLocalRunnable.java:30)
	... 1 more
Caused by: java.net.ConnectException: Connection refused
	... 11 more
2019-11-05 08:24:31,890 [4a682f4f-c3f2-4b77-88b7-f0ab78890feb@group-0DB8C7688BF9-LeaderElection556] INFO  impl.LeaderElection (LogUtils.java:infoOrTrace(149)) - 4a682f4f-c3f2-4b77-88b7-f0ab78890feb@group-0DB8C7688BF9-LeaderElection556 got exception when requesting votes: {}
java.util.concurrent.ExecutionException: org.apache.ratis.thirdparty.io.grpc.StatusRuntimeException: UNAVAILABLE: io exception
	at java.util.concurrent.FutureTask.report(FutureTask.java:122)
	at java.util.concurrent.FutureTask.get(FutureTask.java:192)
	at org.apache.ratis.server.impl.LeaderElection.waitForResults(LeaderElection.java:259)
	at org.apache.ratis.server.impl.LeaderElection.askForVotes(LeaderElection.java:197)
	at org.apache.ratis.server.impl.LeaderElection.run(LeaderElection.java:133)
	at java.lang.Thread.run(Thread.java:748)
Caused by: org.apache.ratis.thirdparty.io.grpc.StatusRuntimeException: UNAVAILABLE: io exception
	at org.apache.ratis.thirdparty.io.grpc.stub.ClientCalls.toStatusRuntimeException(ClientCalls.java:233)
	at org.apache.ratis.thirdparty.io.grpc.stub.ClientCalls.getUnchecked(ClientCalls.java:214)
	at org.apache.ratis.thirdparty.io.grpc.stub.ClientCalls.blockingUnaryCall(ClientCalls.java:139)
	at org.apache.ratis.proto.grpc.RaftServerProtocolServiceGrpc$RaftServerProtocolServiceBlockingStub.requestVote(RaftServerProtocolServiceGrpc.java:265)
	at org.apache.ratis.grpc.server.GrpcServerProtocolClient.requestVote(GrpcServerProtocolClient.java:99)
	at org.apache.ratis.grpc.server.GrpcService.requestVote(GrpcService.java:204)
	at org.apache.ratis.server.impl.LeaderElection.lambda$submitRequests$1(LeaderElection.java:234)
	at java.util.concurrent.FutureTask.run(FutureTask.java:266)
	at java.util.concurrent.Executors$RunnableAdapter.call(Executors.java:511)
	at java.util.concurrent.FutureTask.run(FutureTask.java:266)
	at java.util.concurrent.ThreadPoolExecutor.runWorker(ThreadPoolExecutor.java:1149)
	at java.util.concurrent.ThreadPoolExecutor$Worker.run(ThreadPoolExecutor.java:624)
	... 1 more
Caused by: org.apache.ratis.thirdparty.io.netty.channel.AbstractChannel$AnnotatedConnectException: Connection refused: /192.168.164.217:44149
	at sun.nio.ch.SocketChannelImpl.checkConnect(Native Method)
	at sun.nio.ch.SocketChannelImpl.finishConnect(SocketChannelImpl.java:717)
	at org.apache.ratis.thirdparty.io.netty.channel.socket.nio.NioSocketChannel.doFinishConnect(NioSocketChannel.java:327)
	at org.apache.ratis.thirdparty.io.netty.channel.nio.AbstractNioChannel$AbstractNioUnsafe.finishConnect(AbstractNioChannel.java:340)
	at org.apache.ratis.thirdparty.io.netty.channel.nio.NioEventLoop.processSelectedKey(NioEventLoop.java:632)
	at org.apache.ratis.thirdparty.io.netty.channel.nio.NioEventLoop.processSelectedKeysOptimized(NioEventLoop.java:579)
	at org.apache.ratis.thirdparty.io.netty.channel.nio.NioEventLoop.processSelectedKeys(NioEventLoop.java:496)
	at org.apache.ratis.thirdparty.io.netty.channel.nio.NioEventLoop.run(NioEventLoop.java:458)
	at org.apache.ratis.thirdparty.io.netty.util.concurrent.SingleThreadEventExecutor$5.run(SingleThreadEventExecutor.java:897)
	at org.apache.ratis.thirdparty.io.netty.util.concurrent.FastThreadLocalRunnable.run(FastThreadLocalRunnable.java:30)
	... 1 more
Caused by: java.net.ConnectException: Connection refused
	... 11 more
2019-11-05 08:24:31,890 [4a682f4f-c3f2-4b77-88b7-f0ab78890feb@group-0DB8C7688BF9-LeaderElection556] INFO  impl.LeaderElection (LeaderElection.java:logAndReturn(56)) - 4a682f4f-c3f2-4b77-88b7-f0ab78890feb@group-0DB8C7688BF9-LeaderElection556: Election REJECTED; received 0 response(s) [] and 2 exception(s); 4a682f4f-c3f2-4b77-88b7-f0ab78890feb@group-0DB8C7688BF9:t338, leader=null, voted=4a682f4f-c3f2-4b77-88b7-f0ab78890feb, raftlog=4a682f4f-c3f2-4b77-88b7-f0ab78890feb@group-0DB8C7688BF9-SegmentedRaftLog:OPENED:c-1,f-1,i0, conf=-1: [77ab65e6-d942-49df-83a3-1d4c0bf152b3:192.168.164.217:39381, 7e1b84a9-a041-44fd-8008-f2679426984c:192.168.164.217:44149, 4a682f4f-c3f2-4b77-88b7-f0ab78890feb:192.168.164.217:34174], old=null
2019-11-05 08:24:31,890 [4a682f4f-c3f2-4b77-88b7-f0ab78890feb@group-0DB8C7688BF9-LeaderElection556] INFO  impl.LeaderElection (LogUtils.java:infoOrTrace(149)) -   Exception 0: {}
java.util.concurrent.ExecutionException: org.apache.ratis.thirdparty.io.grpc.StatusRuntimeException: UNAVAILABLE: io exception
	at java.util.concurrent.FutureTask.report(FutureTask.java:122)
	at java.util.concurrent.FutureTask.get(FutureTask.java:192)
	at org.apache.ratis.server.impl.LeaderElection.waitForResults(LeaderElection.java:259)
	at org.apache.ratis.server.impl.LeaderElection.askForVotes(LeaderElection.java:197)
	at org.apache.ratis.server.impl.LeaderElection.run(LeaderElection.java:133)
	at java.lang.Thread.run(Thread.java:748)
Caused by: org.apache.ratis.thirdparty.io.grpc.StatusRuntimeException: UNAVAILABLE: io exception
	at org.apache.ratis.thirdparty.io.grpc.stub.ClientCalls.toStatusRuntimeException(ClientCalls.java:233)
	at org.apache.ratis.thirdparty.io.grpc.stub.ClientCalls.getUnchecked(ClientCalls.java:214)
	at org.apache.ratis.thirdparty.io.grpc.stub.ClientCalls.blockingUnaryCall(ClientCalls.java:139)
	at org.apache.ratis.proto.grpc.RaftServerProtocolServiceGrpc$RaftServerProtocolServiceBlockingStub.requestVote(RaftServerProtocolServiceGrpc.java:265)
	at org.apache.ratis.grpc.server.GrpcServerProtocolClient.requestVote(GrpcServerProtocolClient.java:99)
	at org.apache.ratis.grpc.server.GrpcService.requestVote(GrpcService.java:204)
	at org.apache.ratis.server.impl.LeaderElection.lambda$submitRequests$1(LeaderElection.java:234)
	at java.util.concurrent.FutureTask.run(FutureTask.java:266)
	at java.util.concurrent.Executors$RunnableAdapter.call(Executors.java:511)
	at java.util.concurrent.FutureTask.run(FutureTask.java:266)
	at java.util.concurrent.ThreadPoolExecutor.runWorker(ThreadPoolExecutor.java:1149)
	at java.util.concurrent.ThreadPoolExecutor$Worker.run(ThreadPoolExecutor.java:624)
	... 1 more
Caused by: org.apache.ratis.thirdparty.io.netty.channel.AbstractChannel$AnnotatedConnectException: Connection refused: /192.168.164.217:39381
	at sun.nio.ch.SocketChannelImpl.checkConnect(Native Method)
	at sun.nio.ch.SocketChannelImpl.finishConnect(SocketChannelImpl.java:717)
	at org.apache.ratis.thirdparty.io.netty.channel.socket.nio.NioSocketChannel.doFinishConnect(NioSocketChannel.java:327)
	at org.apache.ratis.thirdparty.io.netty.channel.nio.AbstractNioChannel$AbstractNioUnsafe.finishConnect(AbstractNioChannel.java:340)
	at org.apache.ratis.thirdparty.io.netty.channel.nio.NioEventLoop.processSelectedKey(NioEventLoop.java:632)
	at org.apache.ratis.thirdparty.io.netty.channel.nio.NioEventLoop.processSelectedKeysOptimized(NioEventLoop.java:579)
	at org.apache.ratis.thirdparty.io.netty.channel.nio.NioEventLoop.processSelectedKeys(NioEventLoop.java:496)
	at org.apache.ratis.thirdparty.io.netty.channel.nio.NioEventLoop.run(NioEventLoop.java:458)
	at org.apache.ratis.thirdparty.io.netty.util.concurrent.SingleThreadEventExecutor$5.run(SingleThreadEventExecutor.java:897)
	at org.apache.ratis.thirdparty.io.netty.util.concurrent.FastThreadLocalRunnable.run(FastThreadLocalRunnable.java:30)
	... 1 more
Caused by: java.net.ConnectException: Connection refused
	... 11 more
2019-11-05 08:24:31,891 [4a682f4f-c3f2-4b77-88b7-f0ab78890feb@group-0DB8C7688BF9-LeaderElection556] INFO  impl.LeaderElection (LogUtils.java:infoOrTrace(149)) -   Exception 1: {}
java.util.concurrent.ExecutionException: org.apache.ratis.thirdparty.io.grpc.StatusRuntimeException: UNAVAILABLE: io exception
	at java.util.concurrent.FutureTask.report(FutureTask.java:122)
	at java.util.concurrent.FutureTask.get(FutureTask.java:192)
	at org.apache.ratis.server.impl.LeaderElection.waitForResults(LeaderElection.java:259)
	at org.apache.ratis.server.impl.LeaderElection.askForVotes(LeaderElection.java:197)
	at org.apache.ratis.server.impl.LeaderElection.run(LeaderElection.java:133)
	at java.lang.Thread.run(Thread.java:748)
Caused by: org.apache.ratis.thirdparty.io.grpc.StatusRuntimeException: UNAVAILABLE: io exception
	at org.apache.ratis.thirdparty.io.grpc.stub.ClientCalls.toStatusRuntimeException(ClientCalls.java:233)
	at org.apache.ratis.thirdparty.io.grpc.stub.ClientCalls.getUnchecked(ClientCalls.java:214)
	at org.apache.ratis.thirdparty.io.grpc.stub.ClientCalls.blockingUnaryCall(ClientCalls.java:139)
	at org.apache.ratis.proto.grpc.RaftServerProtocolServiceGrpc$RaftServerProtocolServiceBlockingStub.requestVote(RaftServerProtocolServiceGrpc.java:265)
	at org.apache.ratis.grpc.server.GrpcServerProtocolClient.requestVote(GrpcServerProtocolClient.java:99)
	at org.apache.ratis.grpc.server.GrpcService.requestVote(GrpcService.java:204)
	at org.apache.ratis.server.impl.LeaderElection.lambda$submitRequests$1(LeaderElection.java:234)
	at java.util.concurrent.FutureTask.run(FutureTask.java:266)
	at java.util.concurrent.Executors$RunnableAdapter.call(Executors.java:511)
	at java.util.concurrent.FutureTask.run(FutureTask.java:266)
	at java.util.concurrent.ThreadPoolExecutor.runWorker(ThreadPoolExecutor.java:1149)
	at java.util.concurrent.ThreadPoolExecutor$Worker.run(ThreadPoolExecutor.java:624)
	... 1 more
Caused by: org.apache.ratis.thirdparty.io.netty.channel.AbstractChannel$AnnotatedConnectException: Connection refused: /192.168.164.217:44149
	at sun.nio.ch.SocketChannelImpl.checkConnect(Native Method)
	at sun.nio.ch.SocketChannelImpl.finishConnect(SocketChannelImpl.java:717)
	at org.apache.ratis.thirdparty.io.netty.channel.socket.nio.NioSocketChannel.doFinishConnect(NioSocketChannel.java:327)
	at org.apache.ratis.thirdparty.io.netty.channel.nio.AbstractNioChannel$AbstractNioUnsafe.finishConnect(AbstractNioChannel.java:340)
	at org.apache.ratis.thirdparty.io.netty.channel.nio.NioEventLoop.processSelectedKey(NioEventLoop.java:632)
	at org.apache.ratis.thirdparty.io.netty.channel.nio.NioEventLoop.processSelectedKeysOptimized(NioEventLoop.java:579)
	at org.apache.ratis.thirdparty.io.netty.channel.nio.NioEventLoop.processSelectedKeys(NioEventLoop.java:496)
	at org.apache.ratis.thirdparty.io.netty.channel.nio.NioEventLoop.run(NioEventLoop.java:458)
	at org.apache.ratis.thirdparty.io.netty.util.concurrent.SingleThreadEventExecutor$5.run(SingleThreadEventExecutor.java:897)
	at org.apache.ratis.thirdparty.io.netty.util.concurrent.FastThreadLocalRunnable.run(FastThreadLocalRunnable.java:30)
	... 1 more
Caused by: java.net.ConnectException: Connection refused
	... 11 more
2019-11-05 08:24:31,891 [4a682f4f-c3f2-4b77-88b7-f0ab78890feb@group-0DB8C7688BF9-LeaderElection556] INFO  impl.RaftServerImpl (RaftServerImpl.java:setRole(184)) - 4a682f4f-c3f2-4b77-88b7-f0ab78890feb@group-0DB8C7688BF9: changes role from CANDIDATE to FOLLOWER at term 338 for DISCOVERED_A_NEW_TERM
2019-11-05 08:24:31,891 [4a682f4f-c3f2-4b77-88b7-f0ab78890feb@group-0DB8C7688BF9-LeaderElection556] INFO  impl.RoleInfo (RoleInfo.java:shutdownLeaderElection(134)) - 4a682f4f-c3f2-4b77-88b7-f0ab78890feb: shutdown LeaderElection
2019-11-05 08:24:31,891 [4a682f4f-c3f2-4b77-88b7-f0ab78890feb@group-0DB8C7688BF9-LeaderElection556] INFO  impl.RoleInfo (RoleInfo.java:updateAndGet(143)) - 4a682f4f-c3f2-4b77-88b7-f0ab78890feb: start FollowerState
2019-11-05 08:24:31,910 [Thread-4003] INFO  impl.FollowerState (FollowerState.java:run(108)) - 4a682f4f-c3f2-4b77-88b7-f0ab78890feb@group-0DB8C7688BF9-FollowerState: change to CANDIDATE, lastRpcTime:18ms, electionTimeout:18ms
2019-11-05 08:24:31,910 [Thread-4003] INFO  impl.RoleInfo (RoleInfo.java:shutdownFollowerState(121)) - 4a682f4f-c3f2-4b77-88b7-f0ab78890feb: shutdown FollowerState
2019-11-05 08:24:31,910 [Thread-4003] INFO  impl.RaftServerImpl (RaftServerImpl.java:setRole(184)) - 4a682f4f-c3f2-4b77-88b7-f0ab78890feb@group-0DB8C7688BF9: changes role from  FOLLOWER to CANDIDATE at term 338 for changeToCandidate
2019-11-05 08:24:31,910 [Thread-4003] INFO  impl.RoleInfo (RoleInfo.java:updateAndGet(143)) - 4a682f4f-c3f2-4b77-88b7-f0ab78890feb: start LeaderElection
2019-11-05 08:24:31,924 [4a682f4f-c3f2-4b77-88b7-f0ab78890feb@group-0DB8C7688BF9-LeaderElection557] INFO  impl.LeaderElection (LeaderElection.java:askForVotes(178)) - 4a682f4f-c3f2-4b77-88b7-f0ab78890feb@group-0DB8C7688BF9-LeaderElection557: begin an election at term 339 for -1: [77ab65e6-d942-49df-83a3-1d4c0bf152b3:192.168.164.217:39381, 7e1b84a9-a041-44fd-8008-f2679426984c:192.168.164.217:44149, 4a682f4f-c3f2-4b77-88b7-f0ab78890feb:192.168.164.217:34174], old=null
2019-11-05 08:24:31,924 [4a682f4f-c3f2-4b77-88b7-f0ab78890feb@group-0DB8C7688BF9-LeaderElection557] INFO  impl.LeaderElection (LogUtils.java:infoOrTrace(149)) - 4a682f4f-c3f2-4b77-88b7-f0ab78890feb@group-0DB8C7688BF9-LeaderElection557 got exception when requesting votes: {}
java.util.concurrent.ExecutionException: org.apache.ratis.thirdparty.io.grpc.StatusRuntimeException: UNAVAILABLE: io exception
	at java.util.concurrent.FutureTask.report(FutureTask.java:122)
	at java.util.concurrent.FutureTask.get(FutureTask.java:192)
	at org.apache.ratis.server.impl.LeaderElection.waitForResults(LeaderElection.java:259)
	at org.apache.ratis.server.impl.LeaderElection.askForVotes(LeaderElection.java:197)
	at org.apache.ratis.server.impl.LeaderElection.run(LeaderElection.java:133)
	at java.lang.Thread.run(Thread.java:748)
Caused by: org.apache.ratis.thirdparty.io.grpc.StatusRuntimeException: UNAVAILABLE: io exception
	at org.apache.ratis.thirdparty.io.grpc.stub.ClientCalls.toStatusRuntimeException(ClientCalls.java:233)
	at org.apache.ratis.thirdparty.io.grpc.stub.ClientCalls.getUnchecked(ClientCalls.java:214)
	at org.apache.ratis.thirdparty.io.grpc.stub.ClientCalls.blockingUnaryCall(ClientCalls.java:139)
	at org.apache.ratis.proto.grpc.RaftServerProtocolServiceGrpc$RaftServerProtocolServiceBlockingStub.requestVote(RaftServerProtocolServiceGrpc.java:265)
	at org.apache.ratis.grpc.server.GrpcServerProtocolClient.requestVote(GrpcServerProtocolClient.java:99)
	at org.apache.ratis.grpc.server.GrpcService.requestVote(GrpcService.java:204)
	at org.apache.ratis.server.impl.LeaderElection.lambda$submitRequests$1(LeaderElection.java:234)
	at java.util.concurrent.FutureTask.run(FutureTask.java:266)
	at java.util.concurrent.Executors$RunnableAdapter.call(Executors.java:511)
	at java.util.concurrent.FutureTask.run(FutureTask.java:266)
	at java.util.concurrent.ThreadPoolExecutor.runWorker(ThreadPoolExecutor.java:1149)
	at java.util.concurrent.ThreadPoolExecutor$Worker.run(ThreadPoolExecutor.java:624)
	... 1 more
Caused by: org.apache.ratis.thirdparty.io.netty.channel.AbstractChannel$AnnotatedConnectException: Connection refused: /192.168.164.217:39381
	at sun.nio.ch.SocketChannelImpl.checkConnect(Native Method)
	at sun.nio.ch.SocketChannelImpl.finishConnect(SocketChannelImpl.java:717)
	at org.apache.ratis.thirdparty.io.netty.channel.socket.nio.NioSocketChannel.doFinishConnect(NioSocketChannel.java:327)
	at org.apache.ratis.thirdparty.io.netty.channel.nio.AbstractNioChannel$AbstractNioUnsafe.finishConnect(AbstractNioChannel.java:340)
	at org.apache.ratis.thirdparty.io.netty.channel.nio.NioEventLoop.processSelectedKey(NioEventLoop.java:632)
	at org.apache.ratis.thirdparty.io.netty.channel.nio.NioEventLoop.processSelectedKeysOptimized(NioEventLoop.java:579)
	at org.apache.ratis.thirdparty.io.netty.channel.nio.NioEventLoop.processSelectedKeys(NioEventLoop.java:496)
	at org.apache.ratis.thirdparty.io.netty.channel.nio.NioEventLoop.run(NioEventLoop.java:458)
	at org.apache.ratis.thirdparty.io.netty.util.concurrent.SingleThreadEventExecutor$5.run(SingleThreadEventExecutor.java:897)
	at org.apache.ratis.thirdparty.io.netty.util.concurrent.FastThreadLocalRunnable.run(FastThreadLocalRunnable.java:30)
	... 1 more
Caused by: java.net.ConnectException: Connection refused
	... 11 more
2019-11-05 08:24:31,925 [4a682f4f-c3f2-4b77-88b7-f0ab78890feb@group-0DB8C7688BF9-LeaderElection557] INFO  impl.LeaderElection (LogUtils.java:infoOrTrace(149)) - 4a682f4f-c3f2-4b77-88b7-f0ab78890feb@group-0DB8C7688BF9-LeaderElection557 got exception when requesting votes: {}
java.util.concurrent.ExecutionException: org.apache.ratis.thirdparty.io.grpc.StatusRuntimeException: UNAVAILABLE: io exception
	at java.util.concurrent.FutureTask.report(FutureTask.java:122)
	at java.util.concurrent.FutureTask.get(FutureTask.java:192)
	at org.apache.ratis.server.impl.LeaderElection.waitForResults(LeaderElection.java:259)
	at org.apache.ratis.server.impl.LeaderElection.askForVotes(LeaderElection.java:197)
	at org.apache.ratis.server.impl.LeaderElection.run(LeaderElection.java:133)
	at java.lang.Thread.run(Thread.java:748)
Caused by: org.apache.ratis.thirdparty.io.grpc.StatusRuntimeException: UNAVAILABLE: io exception
	at org.apache.ratis.thirdparty.io.grpc.stub.ClientCalls.toStatusRuntimeException(ClientCalls.java:233)
	at org.apache.ratis.thirdparty.io.grpc.stub.ClientCalls.getUnchecked(ClientCalls.java:214)
	at org.apache.ratis.thirdparty.io.grpc.stub.ClientCalls.blockingUnaryCall(ClientCalls.java:139)
	at org.apache.ratis.proto.grpc.RaftServerProtocolServiceGrpc$RaftServerProtocolServiceBlockingStub.requestVote(RaftServerProtocolServiceGrpc.java:265)
	at org.apache.ratis.grpc.server.GrpcServerProtocolClient.requestVote(GrpcServerProtocolClient.java:99)
	at org.apache.ratis.grpc.server.GrpcService.requestVote(GrpcService.java:204)
	at org.apache.ratis.server.impl.LeaderElection.lambda$submitRequests$1(LeaderElection.java:234)
	at java.util.concurrent.FutureTask.run(FutureTask.java:266)
	at java.util.concurrent.Executors$RunnableAdapter.call(Executors.java:511)
	at java.util.concurrent.FutureTask.run(FutureTask.java:266)
	at java.util.concurrent.ThreadPoolExecutor.runWorker(ThreadPoolExecutor.java:1149)
	at java.util.concurrent.ThreadPoolExecutor$Worker.run(ThreadPoolExecutor.java:624)
	... 1 more
Caused by: org.apache.ratis.thirdparty.io.netty.channel.AbstractChannel$AnnotatedConnectException: Connection refused: /192.168.164.217:44149
	at sun.nio.ch.SocketChannelImpl.checkConnect(Native Method)
	at sun.nio.ch.SocketChannelImpl.finishConnect(SocketChannelImpl.java:717)
	at org.apache.ratis.thirdparty.io.netty.channel.socket.nio.NioSocketChannel.doFinishConnect(NioSocketChannel.java:327)
	at org.apache.ratis.thirdparty.io.netty.channel.nio.AbstractNioChannel$AbstractNioUnsafe.finishConnect(AbstractNioChannel.java:340)
	at org.apache.ratis.thirdparty.io.netty.channel.nio.NioEventLoop.processSelectedKey(NioEventLoop.java:632)
	at org.apache.ratis.thirdparty.io.netty.channel.nio.NioEventLoop.processSelectedKeysOptimized(NioEventLoop.java:579)
	at org.apache.ratis.thirdparty.io.netty.channel.nio.NioEventLoop.processSelectedKeys(NioEventLoop.java:496)
	at org.apache.ratis.thirdparty.io.netty.channel.nio.NioEventLoop.run(NioEventLoop.java:458)
	at org.apache.ratis.thirdparty.io.netty.util.concurrent.SingleThreadEventExecutor$5.run(SingleThreadEventExecutor.java:897)
	at org.apache.ratis.thirdparty.io.netty.util.concurrent.FastThreadLocalRunnable.run(FastThreadLocalRunnable.java:30)
	... 1 more
Caused by: java.net.ConnectException: Connection refused
	... 11 more
2019-11-05 08:24:31,925 [4a682f4f-c3f2-4b77-88b7-f0ab78890feb@group-0DB8C7688BF9-LeaderElection557] INFO  impl.LeaderElection (LeaderElection.java:logAndReturn(56)) - 4a682f4f-c3f2-4b77-88b7-f0ab78890feb@group-0DB8C7688BF9-LeaderElection557: Election REJECTED; received 0 response(s) [] and 2 exception(s); 4a682f4f-c3f2-4b77-88b7-f0ab78890feb@group-0DB8C7688BF9:t339, leader=null, voted=4a682f4f-c3f2-4b77-88b7-f0ab78890feb, raftlog=4a682f4f-c3f2-4b77-88b7-f0ab78890feb@group-0DB8C7688BF9-SegmentedRaftLog:OPENED:c-1,f-1,i0, conf=-1: [77ab65e6-d942-49df-83a3-1d4c0bf152b3:192.168.164.217:39381, 7e1b84a9-a041-44fd-8008-f2679426984c:192.168.164.217:44149, 4a682f4f-c3f2-4b77-88b7-f0ab78890feb:192.168.164.217:34174], old=null
2019-11-05 08:24:31,925 [4a682f4f-c3f2-4b77-88b7-f0ab78890feb@group-0DB8C7688BF9-LeaderElection557] INFO  impl.LeaderElection (LogUtils.java:infoOrTrace(149)) -   Exception 0: {}
java.util.concurrent.ExecutionException: org.apache.ratis.thirdparty.io.grpc.StatusRuntimeException: UNAVAILABLE: io exception
	at java.util.concurrent.FutureTask.report(FutureTask.java:122)
	at java.util.concurrent.FutureTask.get(FutureTask.java:192)
	at org.apache.ratis.server.impl.LeaderElection.waitForResults(LeaderElection.java:259)
	at org.apache.ratis.server.impl.LeaderElection.askForVotes(LeaderElection.java:197)
	at org.apache.ratis.server.impl.LeaderElection.run(LeaderElection.java:133)
	at java.lang.Thread.run(Thread.java:748)
Caused by: org.apache.ratis.thirdparty.io.grpc.StatusRuntimeException: UNAVAILABLE: io exception
	at org.apache.ratis.thirdparty.io.grpc.stub.ClientCalls.toStatusRuntimeException(ClientCalls.java:233)
	at org.apache.ratis.thirdparty.io.grpc.stub.ClientCalls.getUnchecked(ClientCalls.java:214)
	at org.apache.ratis.thirdparty.io.grpc.stub.ClientCalls.blockingUnaryCall(ClientCalls.java:139)
	at org.apache.ratis.proto.grpc.RaftServerProtocolServiceGrpc$RaftServerProtocolServiceBlockingStub.requestVote(RaftServerProtocolServiceGrpc.java:265)
	at org.apache.ratis.grpc.server.GrpcServerProtocolClient.requestVote(GrpcServerProtocolClient.java:99)
	at org.apache.ratis.grpc.server.GrpcService.requestVote(GrpcService.java:204)
	at org.apache.ratis.server.impl.LeaderElection.lambda$submitRequests$1(LeaderElection.java:234)
	at java.util.concurrent.FutureTask.run(FutureTask.java:266)
	at java.util.concurrent.Executors$RunnableAdapter.call(Executors.java:511)
	at java.util.concurrent.FutureTask.run(FutureTask.java:266)
	at java.util.concurrent.ThreadPoolExecutor.runWorker(ThreadPoolExecutor.java:1149)
	at java.util.concurrent.ThreadPoolExecutor$Worker.run(ThreadPoolExecutor.java:624)
	... 1 more
Caused by: org.apache.ratis.thirdparty.io.netty.channel.AbstractChannel$AnnotatedConnectException: Connection refused: /192.168.164.217:39381
	at sun.nio.ch.SocketChannelImpl.checkConnect(Native Method)
	at sun.nio.ch.SocketChannelImpl.finishConnect(SocketChannelImpl.java:717)
	at org.apache.ratis.thirdparty.io.netty.channel.socket.nio.NioSocketChannel.doFinishConnect(NioSocketChannel.java:327)
	at org.apache.ratis.thirdparty.io.netty.channel.nio.AbstractNioChannel$AbstractNioUnsafe.finishConnect(AbstractNioChannel.java:340)
	at org.apache.ratis.thirdparty.io.netty.channel.nio.NioEventLoop.processSelectedKey(NioEventLoop.java:632)
	at org.apache.ratis.thirdparty.io.netty.channel.nio.NioEventLoop.processSelectedKeysOptimized(NioEventLoop.java:579)
	at org.apache.ratis.thirdparty.io.netty.channel.nio.NioEventLoop.processSelectedKeys(NioEventLoop.java:496)
	at org.apache.ratis.thirdparty.io.netty.channel.nio.NioEventLoop.run(NioEventLoop.java:458)
	at org.apache.ratis.thirdparty.io.netty.util.concurrent.SingleThreadEventExecutor$5.run(SingleThreadEventExecutor.java:897)
	at org.apache.ratis.thirdparty.io.netty.util.concurrent.FastThreadLocalRunnable.run(FastThreadLocalRunnable.java:30)
	... 1 more
Caused by: java.net.ConnectException: Connection refused
	... 11 more
2019-11-05 08:24:31,926 [4a682f4f-c3f2-4b77-88b7-f0ab78890feb@group-0DB8C7688BF9-LeaderElection557] INFO  impl.LeaderElection (LogUtils.java:infoOrTrace(149)) -   Exception 1: {}
java.util.concurrent.ExecutionException: org.apache.ratis.thirdparty.io.grpc.StatusRuntimeException: UNAVAILABLE: io exception
	at java.util.concurrent.FutureTask.report(FutureTask.java:122)
	at java.util.concurrent.FutureTask.get(FutureTask.java:192)
	at org.apache.ratis.server.impl.LeaderElection.waitForResults(LeaderElection.java:259)
	at org.apache.ratis.server.impl.LeaderElection.askForVotes(LeaderElection.java:197)
	at org.apache.ratis.server.impl.LeaderElection.run(LeaderElection.java:133)
	at java.lang.Thread.run(Thread.java:748)
Caused by: org.apache.ratis.thirdparty.io.grpc.StatusRuntimeException: UNAVAILABLE: io exception
	at org.apache.ratis.thirdparty.io.grpc.stub.ClientCalls.toStatusRuntimeException(ClientCalls.java:233)
	at org.apache.ratis.thirdparty.io.grpc.stub.ClientCalls.getUnchecked(ClientCalls.java:214)
	at org.apache.ratis.thirdparty.io.grpc.stub.ClientCalls.blockingUnaryCall(ClientCalls.java:139)
	at org.apache.ratis.proto.grpc.RaftServerProtocolServiceGrpc$RaftServerProtocolServiceBlockingStub.requestVote(RaftServerProtocolServiceGrpc.java:265)
	at org.apache.ratis.grpc.server.GrpcServerProtocolClient.requestVote(GrpcServerProtocolClient.java:99)
	at org.apache.ratis.grpc.server.GrpcService.requestVote(GrpcService.java:204)
	at org.apache.ratis.server.impl.LeaderElection.lambda$submitRequests$1(LeaderElection.java:234)
	at java.util.concurrent.FutureTask.run(FutureTask.java:266)
	at java.util.concurrent.Executors$RunnableAdapter.call(Executors.java:511)
	at java.util.concurrent.FutureTask.run(FutureTask.java:266)
	at java.util.concurrent.ThreadPoolExecutor.runWorker(ThreadPoolExecutor.java:1149)
	at java.util.concurrent.ThreadPoolExecutor$Worker.run(ThreadPoolExecutor.java:624)
	... 1 more
Caused by: org.apache.ratis.thirdparty.io.netty.channel.AbstractChannel$AnnotatedConnectException: Connection refused: /192.168.164.217:44149
	at sun.nio.ch.SocketChannelImpl.checkConnect(Native Method)
	at sun.nio.ch.SocketChannelImpl.finishConnect(SocketChannelImpl.java:717)
	at org.apache.ratis.thirdparty.io.netty.channel.socket.nio.NioSocketChannel.doFinishConnect(NioSocketChannel.java:327)
	at org.apache.ratis.thirdparty.io.netty.channel.nio.AbstractNioChannel$AbstractNioUnsafe.finishConnect(AbstractNioChannel.java:340)
	at org.apache.ratis.thirdparty.io.netty.channel.nio.NioEventLoop.processSelectedKey(NioEventLoop.java:632)
	at org.apache.ratis.thirdparty.io.netty.channel.nio.NioEventLoop.processSelectedKeysOptimized(NioEventLoop.java:579)
	at org.apache.ratis.thirdparty.io.netty.channel.nio.NioEventLoop.processSelectedKeys(NioEventLoop.java:496)
	at org.apache.ratis.thirdparty.io.netty.channel.nio.NioEventLoop.run(NioEventLoop.java:458)
	at org.apache.ratis.thirdparty.io.netty.util.concurrent.SingleThreadEventExecutor$5.run(SingleThreadEventExecutor.java:897)
	at org.apache.ratis.thirdparty.io.netty.util.concurrent.FastThreadLocalRunnable.run(FastThreadLocalRunnable.java:30)
	... 1 more
Caused by: java.net.ConnectException: Connection refused
	... 11 more
2019-11-05 08:24:31,926 [4a682f4f-c3f2-4b77-88b7-f0ab78890feb@group-0DB8C7688BF9-LeaderElection557] INFO  impl.RaftServerImpl (RaftServerImpl.java:setRole(184)) - 4a682f4f-c3f2-4b77-88b7-f0ab78890feb@group-0DB8C7688BF9: changes role from CANDIDATE to FOLLOWER at term 339 for DISCOVERED_A_NEW_TERM
2019-11-05 08:24:31,926 [4a682f4f-c3f2-4b77-88b7-f0ab78890feb@group-0DB8C7688BF9-LeaderElection557] INFO  impl.RoleInfo (RoleInfo.java:shutdownLeaderElection(134)) - 4a682f4f-c3f2-4b77-88b7-f0ab78890feb: shutdown LeaderElection
2019-11-05 08:24:31,926 [4a682f4f-c3f2-4b77-88b7-f0ab78890feb@group-0DB8C7688BF9-LeaderElection557] INFO  impl.RoleInfo (RoleInfo.java:updateAndGet(143)) - 4a682f4f-c3f2-4b77-88b7-f0ab78890feb: start FollowerState
2019-11-05 08:24:31,965 [Thread-4007] INFO  impl.FollowerState (FollowerState.java:run(108)) - 4a682f4f-c3f2-4b77-88b7-f0ab78890feb@group-0DB8C7688BF9-FollowerState: change to CANDIDATE, lastRpcTime:38ms, electionTimeout:38ms
2019-11-05 08:24:31,965 [Thread-4007] INFO  impl.RoleInfo (RoleInfo.java:shutdownFollowerState(121)) - 4a682f4f-c3f2-4b77-88b7-f0ab78890feb: shutdown FollowerState
2019-11-05 08:24:31,965 [Thread-4007] INFO  impl.RaftServerImpl (RaftServerImpl.java:setRole(184)) - 4a682f4f-c3f2-4b77-88b7-f0ab78890feb@group-0DB8C7688BF9: changes role from  FOLLOWER to CANDIDATE at term 339 for changeToCandidate
2019-11-05 08:24:31,965 [Thread-4007] INFO  impl.RoleInfo (RoleInfo.java:updateAndGet(143)) - 4a682f4f-c3f2-4b77-88b7-f0ab78890feb: start LeaderElection
2019-11-05 08:24:31,978 [4a682f4f-c3f2-4b77-88b7-f0ab78890feb@group-0DB8C7688BF9-LeaderElection558] INFO  impl.LeaderElection (LeaderElection.java:askForVotes(178)) - 4a682f4f-c3f2-4b77-88b7-f0ab78890feb@group-0DB8C7688BF9-LeaderElection558: begin an election at term 340 for -1: [77ab65e6-d942-49df-83a3-1d4c0bf152b3:192.168.164.217:39381, 7e1b84a9-a041-44fd-8008-f2679426984c:192.168.164.217:44149, 4a682f4f-c3f2-4b77-88b7-f0ab78890feb:192.168.164.217:34174], old=null
2019-11-05 08:24:31,979 [4a682f4f-c3f2-4b77-88b7-f0ab78890feb@group-0DB8C7688BF9-LeaderElection558] INFO  impl.LeaderElection (LogUtils.java:infoOrTrace(149)) - 4a682f4f-c3f2-4b77-88b7-f0ab78890feb@group-0DB8C7688BF9-LeaderElection558 got exception when requesting votes: {}
java.util.concurrent.ExecutionException: org.apache.ratis.thirdparty.io.grpc.StatusRuntimeException: UNAVAILABLE: io exception
	at java.util.concurrent.FutureTask.report(FutureTask.java:122)
	at java.util.concurrent.FutureTask.get(FutureTask.java:192)
	at org.apache.ratis.server.impl.LeaderElection.waitForResults(LeaderElection.java:259)
	at org.apache.ratis.server.impl.LeaderElection.askForVotes(LeaderElection.java:197)
	at org.apache.ratis.server.impl.LeaderElection.run(LeaderElection.java:133)
	at java.lang.Thread.run(Thread.java:748)
Caused by: org.apache.ratis.thirdparty.io.grpc.StatusRuntimeException: UNAVAILABLE: io exception
	at org.apache.ratis.thirdparty.io.grpc.stub.ClientCalls.toStatusRuntimeException(ClientCalls.java:233)
	at org.apache.ratis.thirdparty.io.grpc.stub.ClientCalls.getUnchecked(ClientCalls.java:214)
	at org.apache.ratis.thirdparty.io.grpc.stub.ClientCalls.blockingUnaryCall(ClientCalls.java:139)
	at org.apache.ratis.proto.grpc.RaftServerProtocolServiceGrpc$RaftServerProtocolServiceBlockingStub.requestVote(RaftServerProtocolServiceGrpc.java:265)
	at org.apache.ratis.grpc.server.GrpcServerProtocolClient.requestVote(GrpcServerProtocolClient.java:99)
	at org.apache.ratis.grpc.server.GrpcService.requestVote(GrpcService.java:204)
	at org.apache.ratis.server.impl.LeaderElection.lambda$submitRequests$1(LeaderElection.java:234)
	at java.util.concurrent.FutureTask.run(FutureTask.java:266)
	at java.util.concurrent.Executors$RunnableAdapter.call(Executors.java:511)
	at java.util.concurrent.FutureTask.run(FutureTask.java:266)
	at java.util.concurrent.ThreadPoolExecutor.runWorker(ThreadPoolExecutor.java:1149)
	at java.util.concurrent.ThreadPoolExecutor$Worker.run(ThreadPoolExecutor.java:624)
	... 1 more
Caused by: org.apache.ratis.thirdparty.io.netty.channel.AbstractChannel$AnnotatedConnectException: Connection refused: /192.168.164.217:39381
	at sun.nio.ch.SocketChannelImpl.checkConnect(Native Method)
	at sun.nio.ch.SocketChannelImpl.finishConnect(SocketChannelImpl.java:717)
	at org.apache.ratis.thirdparty.io.netty.channel.socket.nio.NioSocketChannel.doFinishConnect(NioSocketChannel.java:327)
	at org.apache.ratis.thirdparty.io.netty.channel.nio.AbstractNioChannel$AbstractNioUnsafe.finishConnect(AbstractNioChannel.java:340)
	at org.apache.ratis.thirdparty.io.netty.channel.nio.NioEventLoop.processSelectedKey(NioEventLoop.java:632)
	at org.apache.ratis.thirdparty.io.netty.channel.nio.NioEventLoop.processSelectedKeysOptimized(NioEventLoop.java:579)
	at org.apache.ratis.thirdparty.io.netty.channel.nio.NioEventLoop.processSelectedKeys(NioEventLoop.java:496)
	at org.apache.ratis.thirdparty.io.netty.channel.nio.NioEventLoop.run(NioEventLoop.java:458)
	at org.apache.ratis.thirdparty.io.netty.util.concurrent.SingleThreadEventExecutor$5.run(SingleThreadEventExecutor.java:897)
	at org.apache.ratis.thirdparty.io.netty.util.concurrent.FastThreadLocalRunnable.run(FastThreadLocalRunnable.java:30)
	... 1 more
Caused by: java.net.ConnectException: Connection refused
	... 11 more
2019-11-05 08:24:31,979 [4a682f4f-c3f2-4b77-88b7-f0ab78890feb@group-0DB8C7688BF9-LeaderElection558] INFO  impl.LeaderElection (LogUtils.java:infoOrTrace(149)) - 4a682f4f-c3f2-4b77-88b7-f0ab78890feb@group-0DB8C7688BF9-LeaderElection558 got exception when requesting votes: {}
java.util.concurrent.ExecutionException: org.apache.ratis.thirdparty.io.grpc.StatusRuntimeException: UNAVAILABLE: io exception
	at java.util.concurrent.FutureTask.report(FutureTask.java:122)
	at java.util.concurrent.FutureTask.get(FutureTask.java:192)
	at org.apache.ratis.server.impl.LeaderElection.waitForResults(LeaderElection.java:259)
	at org.apache.ratis.server.impl.LeaderElection.askForVotes(LeaderElection.java:197)
	at org.apache.ratis.server.impl.LeaderElection.run(LeaderElection.java:133)
	at java.lang.Thread.run(Thread.java:748)
Caused by: org.apache.ratis.thirdparty.io.grpc.StatusRuntimeException: UNAVAILABLE: io exception
	at org.apache.ratis.thirdparty.io.grpc.stub.ClientCalls.toStatusRuntimeException(ClientCalls.java:233)
	at org.apache.ratis.thirdparty.io.grpc.stub.ClientCalls.getUnchecked(ClientCalls.java:214)
	at org.apache.ratis.thirdparty.io.grpc.stub.ClientCalls.blockingUnaryCall(ClientCalls.java:139)
	at org.apache.ratis.proto.grpc.RaftServerProtocolServiceGrpc$RaftServerProtocolServiceBlockingStub.requestVote(RaftServerProtocolServiceGrpc.java:265)
	at org.apache.ratis.grpc.server.GrpcServerProtocolClient.requestVote(GrpcServerProtocolClient.java:99)
	at org.apache.ratis.grpc.server.GrpcService.requestVote(GrpcService.java:204)
	at org.apache.ratis.server.impl.LeaderElection.lambda$submitRequests$1(LeaderElection.java:234)
	at java.util.concurrent.FutureTask.run(FutureTask.java:266)
	at java.util.concurrent.Executors$RunnableAdapter.call(Executors.java:511)
	at java.util.concurrent.FutureTask.run(FutureTask.java:266)
	at java.util.concurrent.ThreadPoolExecutor.runWorker(ThreadPoolExecutor.java:1149)
	at java.util.concurrent.ThreadPoolExecutor$Worker.run(ThreadPoolExecutor.java:624)
	... 1 more
Caused by: org.apache.ratis.thirdparty.io.netty.channel.AbstractChannel$AnnotatedConnectException: Connection refused: /192.168.164.217:44149
	at sun.nio.ch.SocketChannelImpl.checkConnect(Native Method)
	at sun.nio.ch.SocketChannelImpl.finishConnect(SocketChannelImpl.java:717)
	at org.apache.ratis.thirdparty.io.netty.channel.socket.nio.NioSocketChannel.doFinishConnect(NioSocketChannel.java:327)
	at org.apache.ratis.thirdparty.io.netty.channel.nio.AbstractNioChannel$AbstractNioUnsafe.finishConnect(AbstractNioChannel.java:340)
	at org.apache.ratis.thirdparty.io.netty.channel.nio.NioEventLoop.processSelectedKey(NioEventLoop.java:632)
	at org.apache.ratis.thirdparty.io.netty.channel.nio.NioEventLoop.processSelectedKeysOptimized(NioEventLoop.java:579)
	at org.apache.ratis.thirdparty.io.netty.channel.nio.NioEventLoop.processSelectedKeys(NioEventLoop.java:496)
	at org.apache.ratis.thirdparty.io.netty.channel.nio.NioEventLoop.run(NioEventLoop.java:458)
	at org.apache.ratis.thirdparty.io.netty.util.concurrent.SingleThreadEventExecutor$5.run(SingleThreadEventExecutor.java:897)
	at org.apache.ratis.thirdparty.io.netty.util.concurrent.FastThreadLocalRunnable.run(FastThreadLocalRunnable.java:30)
	... 1 more
Caused by: java.net.ConnectException: Connection refused
	... 11 more
2019-11-05 08:24:31,980 [4a682f4f-c3f2-4b77-88b7-f0ab78890feb@group-0DB8C7688BF9-LeaderElection558] INFO  impl.LeaderElection (LeaderElection.java:logAndReturn(56)) - 4a682f4f-c3f2-4b77-88b7-f0ab78890feb@group-0DB8C7688BF9-LeaderElection558: Election REJECTED; received 0 response(s) [] and 2 exception(s); 4a682f4f-c3f2-4b77-88b7-f0ab78890feb@group-0DB8C7688BF9:t340, leader=null, voted=4a682f4f-c3f2-4b77-88b7-f0ab78890feb, raftlog=4a682f4f-c3f2-4b77-88b7-f0ab78890feb@group-0DB8C7688BF9-SegmentedRaftLog:OPENED:c-1,f-1,i0, conf=-1: [77ab65e6-d942-49df-83a3-1d4c0bf152b3:192.168.164.217:39381, 7e1b84a9-a041-44fd-8008-f2679426984c:192.168.164.217:44149, 4a682f4f-c3f2-4b77-88b7-f0ab78890feb:192.168.164.217:34174], old=null
2019-11-05 08:24:31,980 [4a682f4f-c3f2-4b77-88b7-f0ab78890feb@group-0DB8C7688BF9-LeaderElection558] INFO  impl.LeaderElection (LogUtils.java:infoOrTrace(149)) -   Exception 0: {}
java.util.concurrent.ExecutionException: org.apache.ratis.thirdparty.io.grpc.StatusRuntimeException: UNAVAILABLE: io exception
	at java.util.concurrent.FutureTask.report(FutureTask.java:122)
	at java.util.concurrent.FutureTask.get(FutureTask.java:192)
	at org.apache.ratis.server.impl.LeaderElection.waitForResults(LeaderElection.java:259)
	at org.apache.ratis.server.impl.LeaderElection.askForVotes(LeaderElection.java:197)
	at org.apache.ratis.server.impl.LeaderElection.run(LeaderElection.java:133)
	at java.lang.Thread.run(Thread.java:748)
Caused by: org.apache.ratis.thirdparty.io.grpc.StatusRuntimeException: UNAVAILABLE: io exception
	at org.apache.ratis.thirdparty.io.grpc.stub.ClientCalls.toStatusRuntimeException(ClientCalls.java:233)
	at org.apache.ratis.thirdparty.io.grpc.stub.ClientCalls.getUnchecked(ClientCalls.java:214)
	at org.apache.ratis.thirdparty.io.grpc.stub.ClientCalls.blockingUnaryCall(ClientCalls.java:139)
	at org.apache.ratis.proto.grpc.RaftServerProtocolServiceGrpc$RaftServerProtocolServiceBlockingStub.requestVote(RaftServerProtocolServiceGrpc.java:265)
	at org.apache.ratis.grpc.server.GrpcServerProtocolClient.requestVote(GrpcServerProtocolClient.java:99)
	at org.apache.ratis.grpc.server.GrpcService.requestVote(GrpcService.java:204)
	at org.apache.ratis.server.impl.LeaderElection.lambda$submitRequests$1(LeaderElection.java:234)
	at java.util.concurrent.FutureTask.run(FutureTask.java:266)
	at java.util.concurrent.Executors$RunnableAdapter.call(Executors.java:511)
	at java.util.concurrent.FutureTask.run(FutureTask.java:266)
	at java.util.concurrent.ThreadPoolExecutor.runWorker(ThreadPoolExecutor.java:1149)
	at java.util.concurrent.ThreadPoolExecutor$Worker.run(ThreadPoolExecutor.java:624)
	... 1 more
Caused by: org.apache.ratis.thirdparty.io.netty.channel.AbstractChannel$AnnotatedConnectException: Connection refused: /192.168.164.217:39381
	at sun.nio.ch.SocketChannelImpl.checkConnect(Native Method)
	at sun.nio.ch.SocketChannelImpl.finishConnect(SocketChannelImpl.java:717)
	at org.apache.ratis.thirdparty.io.netty.channel.socket.nio.NioSocketChannel.doFinishConnect(NioSocketChannel.java:327)
	at org.apache.ratis.thirdparty.io.netty.channel.nio.AbstractNioChannel$AbstractNioUnsafe.finishConnect(AbstractNioChannel.java:340)
	at org.apache.ratis.thirdparty.io.netty.channel.nio.NioEventLoop.processSelectedKey(NioEventLoop.java:632)
	at org.apache.ratis.thirdparty.io.netty.channel.nio.NioEventLoop.processSelectedKeysOptimized(NioEventLoop.java:579)
	at org.apache.ratis.thirdparty.io.netty.channel.nio.NioEventLoop.processSelectedKeys(NioEventLoop.java:496)
	at org.apache.ratis.thirdparty.io.netty.channel.nio.NioEventLoop.run(NioEventLoop.java:458)
	at org.apache.ratis.thirdparty.io.netty.util.concurrent.SingleThreadEventExecutor$5.run(SingleThreadEventExecutor.java:897)
	at org.apache.ratis.thirdparty.io.netty.util.concurrent.FastThreadLocalRunnable.run(FastThreadLocalRunnable.java:30)
	... 1 more
Caused by: java.net.ConnectException: Connection refused
	... 11 more
2019-11-05 08:24:31,980 [4a682f4f-c3f2-4b77-88b7-f0ab78890feb@group-0DB8C7688BF9-LeaderElection558] INFO  impl.LeaderElection (LogUtils.java:infoOrTrace(149)) -   Exception 1: {}
java.util.concurrent.ExecutionException: org.apache.ratis.thirdparty.io.grpc.StatusRuntimeException: UNAVAILABLE: io exception
	at java.util.concurrent.FutureTask.report(FutureTask.java:122)
	at java.util.concurrent.FutureTask.get(FutureTask.java:192)
	at org.apache.ratis.server.impl.LeaderElection.waitForResults(LeaderElection.java:259)
	at org.apache.ratis.server.impl.LeaderElection.askForVotes(LeaderElection.java:197)
	at org.apache.ratis.server.impl.LeaderElection.run(LeaderElection.java:133)
	at java.lang.Thread.run(Thread.java:748)
Caused by: org.apache.ratis.thirdparty.io.grpc.StatusRuntimeException: UNAVAILABLE: io exception
	at org.apache.ratis.thirdparty.io.grpc.stub.ClientCalls.toStatusRuntimeException(ClientCalls.java:233)
	at org.apache.ratis.thirdparty.io.grpc.stub.ClientCalls.getUnchecked(ClientCalls.java:214)
	at org.apache.ratis.thirdparty.io.grpc.stub.ClientCalls.blockingUnaryCall(ClientCalls.java:139)
	at org.apache.ratis.proto.grpc.RaftServerProtocolServiceGrpc$RaftServerProtocolServiceBlockingStub.requestVote(RaftServerProtocolServiceGrpc.java:265)
	at org.apache.ratis.grpc.server.GrpcServerProtocolClient.requestVote(GrpcServerProtocolClient.java:99)
	at org.apache.ratis.grpc.server.GrpcService.requestVote(GrpcService.java:204)
	at org.apache.ratis.server.impl.LeaderElection.lambda$submitRequests$1(LeaderElection.java:234)
	at java.util.concurrent.FutureTask.run(FutureTask.java:266)
	at java.util.concurrent.Executors$RunnableAdapter.call(Executors.java:511)
	at java.util.concurrent.FutureTask.run(FutureTask.java:266)
	at java.util.concurrent.ThreadPoolExecutor.runWorker(ThreadPoolExecutor.java:1149)
	at java.util.concurrent.ThreadPoolExecutor$Worker.run(ThreadPoolExecutor.java:624)
	... 1 more
Caused by: org.apache.ratis.thirdparty.io.netty.channel.AbstractChannel$AnnotatedConnectException: Connection refused: /192.168.164.217:44149
	at sun.nio.ch.SocketChannelImpl.checkConnect(Native Method)
	at sun.nio.ch.SocketChannelImpl.finishConnect(SocketChannelImpl.java:717)
	at org.apache.ratis.thirdparty.io.netty.channel.socket.nio.NioSocketChannel.doFinishConnect(NioSocketChannel.java:327)
	at org.apache.ratis.thirdparty.io.netty.channel.nio.AbstractNioChannel$AbstractNioUnsafe.finishConnect(AbstractNioChannel.java:340)
	at org.apache.ratis.thirdparty.io.netty.channel.nio.NioEventLoop.processSelectedKey(NioEventLoop.java:632)
	at org.apache.ratis.thirdparty.io.netty.channel.nio.NioEventLoop.processSelectedKeysOptimized(NioEventLoop.java:579)
	at org.apache.ratis.thirdparty.io.netty.channel.nio.NioEventLoop.processSelectedKeys(NioEventLoop.java:496)
	at org.apache.ratis.thirdparty.io.netty.channel.nio.NioEventLoop.run(NioEventLoop.java:458)
	at org.apache.ratis.thirdparty.io.netty.util.concurrent.SingleThreadEventExecutor$5.run(SingleThreadEventExecutor.java:897)
	at org.apache.ratis.thirdparty.io.netty.util.concurrent.FastThreadLocalRunnable.run(FastThreadLocalRunnable.java:30)
	... 1 more
Caused by: java.net.ConnectException: Connection refused
	... 11 more
2019-11-05 08:24:31,981 [4a682f4f-c3f2-4b77-88b7-f0ab78890feb@group-0DB8C7688BF9-LeaderElection558] INFO  impl.RaftServerImpl (RaftServerImpl.java:setRole(184)) - 4a682f4f-c3f2-4b77-88b7-f0ab78890feb@group-0DB8C7688BF9: changes role from CANDIDATE to FOLLOWER at term 340 for DISCOVERED_A_NEW_TERM
2019-11-05 08:24:31,981 [4a682f4f-c3f2-4b77-88b7-f0ab78890feb@group-0DB8C7688BF9-LeaderElection558] INFO  impl.RoleInfo (RoleInfo.java:shutdownLeaderElection(134)) - 4a682f4f-c3f2-4b77-88b7-f0ab78890feb: shutdown LeaderElection
2019-11-05 08:24:31,981 [4a682f4f-c3f2-4b77-88b7-f0ab78890feb@group-0DB8C7688BF9-LeaderElection558] INFO  impl.RoleInfo (RoleInfo.java:updateAndGet(143)) - 4a682f4f-c3f2-4b77-88b7-f0ab78890feb: start FollowerState
2019-11-05 08:24:32,082 [Thread-4011] INFO  impl.FollowerState (FollowerState.java:run(108)) - 4a682f4f-c3f2-4b77-88b7-f0ab78890feb@group-0DB8C7688BF9-FollowerState: change to CANDIDATE, lastRpcTime:101ms, electionTimeout:101ms
2019-11-05 08:24:32,082 [Thread-4011] INFO  impl.RoleInfo (RoleInfo.java:shutdownFollowerState(121)) - 4a682f4f-c3f2-4b77-88b7-f0ab78890feb: shutdown FollowerState
2019-11-05 08:24:32,083 [Thread-4011] INFO  impl.RaftServerImpl (RaftServerImpl.java:setRole(184)) - 4a682f4f-c3f2-4b77-88b7-f0ab78890feb@group-0DB8C7688BF9: changes role from  FOLLOWER to CANDIDATE at term 340 for changeToCandidate
2019-11-05 08:24:32,083 [Thread-4011] INFO  impl.RoleInfo (RoleInfo.java:updateAndGet(143)) - 4a682f4f-c3f2-4b77-88b7-f0ab78890feb: start LeaderElection
2019-11-05 08:24:32,096 [4a682f4f-c3f2-4b77-88b7-f0ab78890feb@group-0DB8C7688BF9-LeaderElection559] INFO  impl.LeaderElection (LeaderElection.java:askForVotes(178)) - 4a682f4f-c3f2-4b77-88b7-f0ab78890feb@group-0DB8C7688BF9-LeaderElection559: begin an election at term 341 for -1: [77ab65e6-d942-49df-83a3-1d4c0bf152b3:192.168.164.217:39381, 7e1b84a9-a041-44fd-8008-f2679426984c:192.168.164.217:44149, 4a682f4f-c3f2-4b77-88b7-f0ab78890feb:192.168.164.217:34174], old=null
2019-11-05 08:24:32,096 [4a682f4f-c3f2-4b77-88b7-f0ab78890feb@group-0DB8C7688BF9-LeaderElection559] INFO  impl.LeaderElection (LogUtils.java:infoOrTrace(149)) - 4a682f4f-c3f2-4b77-88b7-f0ab78890feb@group-0DB8C7688BF9-LeaderElection559 got exception when requesting votes: {}
java.util.concurrent.ExecutionException: org.apache.ratis.thirdparty.io.grpc.StatusRuntimeException: UNAVAILABLE: io exception
	at java.util.concurrent.FutureTask.report(FutureTask.java:122)
	at java.util.concurrent.FutureTask.get(FutureTask.java:192)
	at org.apache.ratis.server.impl.LeaderElection.waitForResults(LeaderElection.java:259)
	at org.apache.ratis.server.impl.LeaderElection.askForVotes(LeaderElection.java:197)
	at org.apache.ratis.server.impl.LeaderElection.run(LeaderElection.java:133)
	at java.lang.Thread.run(Thread.java:748)
Caused by: org.apache.ratis.thirdparty.io.grpc.StatusRuntimeException: UNAVAILABLE: io exception
	at org.apache.ratis.thirdparty.io.grpc.stub.ClientCalls.toStatusRuntimeException(ClientCalls.java:233)
	at org.apache.ratis.thirdparty.io.grpc.stub.ClientCalls.getUnchecked(ClientCalls.java:214)
	at org.apache.ratis.thirdparty.io.grpc.stub.ClientCalls.blockingUnaryCall(ClientCalls.java:139)
	at org.apache.ratis.proto.grpc.RaftServerProtocolServiceGrpc$RaftServerProtocolServiceBlockingStub.requestVote(RaftServerProtocolServiceGrpc.java:265)
	at org.apache.ratis.grpc.server.GrpcServerProtocolClient.requestVote(GrpcServerProtocolClient.java:99)
	at org.apache.ratis.grpc.server.GrpcService.requestVote(GrpcService.java:204)
	at org.apache.ratis.server.impl.LeaderElection.lambda$submitRequests$1(LeaderElection.java:234)
	at java.util.concurrent.FutureTask.run(FutureTask.java:266)
	at java.util.concurrent.Executors$RunnableAdapter.call(Executors.java:511)
	at java.util.concurrent.FutureTask.run(FutureTask.java:266)
	at java.util.concurrent.ThreadPoolExecutor.runWorker(ThreadPoolExecutor.java:1149)
	at java.util.concurrent.ThreadPoolExecutor$Worker.run(ThreadPoolExecutor.java:624)
	... 1 more
Caused by: org.apache.ratis.thirdparty.io.netty.channel.AbstractChannel$AnnotatedConnectException: Connection refused: /192.168.164.217:39381
	at sun.nio.ch.SocketChannelImpl.checkConnect(Native Method)
	at sun.nio.ch.SocketChannelImpl.finishConnect(SocketChannelImpl.java:717)
	at org.apache.ratis.thirdparty.io.netty.channel.socket.nio.NioSocketChannel.doFinishConnect(NioSocketChannel.java:327)
	at org.apache.ratis.thirdparty.io.netty.channel.nio.AbstractNioChannel$AbstractNioUnsafe.finishConnect(AbstractNioChannel.java:340)
	at org.apache.ratis.thirdparty.io.netty.channel.nio.NioEventLoop.processSelectedKey(NioEventLoop.java:632)
	at org.apache.ratis.thirdparty.io.netty.channel.nio.NioEventLoop.processSelectedKeysOptimized(NioEventLoop.java:579)
	at org.apache.ratis.thirdparty.io.netty.channel.nio.NioEventLoop.processSelectedKeys(NioEventLoop.java:496)
	at org.apache.ratis.thirdparty.io.netty.channel.nio.NioEventLoop.run(NioEventLoop.java:458)
	at org.apache.ratis.thirdparty.io.netty.util.concurrent.SingleThreadEventExecutor$5.run(SingleThreadEventExecutor.java:897)
	at org.apache.ratis.thirdparty.io.netty.util.concurrent.FastThreadLocalRunnable.run(FastThreadLocalRunnable.java:30)
	... 1 more
Caused by: java.net.ConnectException: Connection refused
	... 11 more
2019-11-05 08:24:32,097 [4a682f4f-c3f2-4b77-88b7-f0ab78890feb@group-0DB8C7688BF9-LeaderElection559] INFO  impl.LeaderElection (LogUtils.java:infoOrTrace(149)) - 4a682f4f-c3f2-4b77-88b7-f0ab78890feb@group-0DB8C7688BF9-LeaderElection559 got exception when requesting votes: {}
java.util.concurrent.ExecutionException: org.apache.ratis.thirdparty.io.grpc.StatusRuntimeException: UNAVAILABLE: io exception
	at java.util.concurrent.FutureTask.report(FutureTask.java:122)
	at java.util.concurrent.FutureTask.get(FutureTask.java:192)
	at org.apache.ratis.server.impl.LeaderElection.waitForResults(LeaderElection.java:259)
	at org.apache.ratis.server.impl.LeaderElection.askForVotes(LeaderElection.java:197)
	at org.apache.ratis.server.impl.LeaderElection.run(LeaderElection.java:133)
	at java.lang.Thread.run(Thread.java:748)
Caused by: org.apache.ratis.thirdparty.io.grpc.StatusRuntimeException: UNAVAILABLE: io exception
	at org.apache.ratis.thirdparty.io.grpc.stub.ClientCalls.toStatusRuntimeException(ClientCalls.java:233)
	at org.apache.ratis.thirdparty.io.grpc.stub.ClientCalls.getUnchecked(ClientCalls.java:214)
	at org.apache.ratis.thirdparty.io.grpc.stub.ClientCalls.blockingUnaryCall(ClientCalls.java:139)
	at org.apache.ratis.proto.grpc.RaftServerProtocolServiceGrpc$RaftServerProtocolServiceBlockingStub.requestVote(RaftServerProtocolServiceGrpc.java:265)
	at org.apache.ratis.grpc.server.GrpcServerProtocolClient.requestVote(GrpcServerProtocolClient.java:99)
	at org.apache.ratis.grpc.server.GrpcService.requestVote(GrpcService.java:204)
	at org.apache.ratis.server.impl.LeaderElection.lambda$submitRequests$1(LeaderElection.java:234)
	at java.util.concurrent.FutureTask.run(FutureTask.java:266)
	at java.util.concurrent.Executors$RunnableAdapter.call(Executors.java:511)
	at java.util.concurrent.FutureTask.run(FutureTask.java:266)
	at java.util.concurrent.ThreadPoolExecutor.runWorker(ThreadPoolExecutor.java:1149)
	at java.util.concurrent.ThreadPoolExecutor$Worker.run(ThreadPoolExecutor.java:624)
	... 1 more
Caused by: org.apache.ratis.thirdparty.io.netty.channel.AbstractChannel$AnnotatedConnectException: Connection refused: /192.168.164.217:44149
	at sun.nio.ch.SocketChannelImpl.checkConnect(Native Method)
	at sun.nio.ch.SocketChannelImpl.finishConnect(SocketChannelImpl.java:717)
	at org.apache.ratis.thirdparty.io.netty.channel.socket.nio.NioSocketChannel.doFinishConnect(NioSocketChannel.java:327)
	at org.apache.ratis.thirdparty.io.netty.channel.nio.AbstractNioChannel$AbstractNioUnsafe.finishConnect(AbstractNioChannel.java:340)
	at org.apache.ratis.thirdparty.io.netty.channel.nio.NioEventLoop.processSelectedKey(NioEventLoop.java:632)
	at org.apache.ratis.thirdparty.io.netty.channel.nio.NioEventLoop.processSelectedKeysOptimized(NioEventLoop.java:579)
	at org.apache.ratis.thirdparty.io.netty.channel.nio.NioEventLoop.processSelectedKeys(NioEventLoop.java:496)
	at org.apache.ratis.thirdparty.io.netty.channel.nio.NioEventLoop.run(NioEventLoop.java:458)
	at org.apache.ratis.thirdparty.io.netty.util.concurrent.SingleThreadEventExecutor$5.run(SingleThreadEventExecutor.java:897)
	at org.apache.ratis.thirdparty.io.netty.util.concurrent.FastThreadLocalRunnable.run(FastThreadLocalRunnable.java:30)
	... 1 more
Caused by: java.net.ConnectException: Connection refused
	... 11 more
2019-11-05 08:24:32,097 [4a682f4f-c3f2-4b77-88b7-f0ab78890feb@group-0DB8C7688BF9-LeaderElection559] INFO  impl.LeaderElection (LeaderElection.java:logAndReturn(56)) - 4a682f4f-c3f2-4b77-88b7-f0ab78890feb@group-0DB8C7688BF9-LeaderElection559: Election REJECTED; received 0 response(s) [] and 2 exception(s); 4a682f4f-c3f2-4b77-88b7-f0ab78890feb@group-0DB8C7688BF9:t341, leader=null, voted=4a682f4f-c3f2-4b77-88b7-f0ab78890feb, raftlog=4a682f4f-c3f2-4b77-88b7-f0ab78890feb@group-0DB8C7688BF9-SegmentedRaftLog:OPENED:c-1,f-1,i0, conf=-1: [77ab65e6-d942-49df-83a3-1d4c0bf152b3:192.168.164.217:39381, 7e1b84a9-a041-44fd-8008-f2679426984c:192.168.164.217:44149, 4a682f4f-c3f2-4b77-88b7-f0ab78890feb:192.168.164.217:34174], old=null
2019-11-05 08:24:32,097 [4a682f4f-c3f2-4b77-88b7-f0ab78890feb@group-0DB8C7688BF9-LeaderElection559] INFO  impl.LeaderElection (LogUtils.java:infoOrTrace(149)) -   Exception 0: {}
java.util.concurrent.ExecutionException: org.apache.ratis.thirdparty.io.grpc.StatusRuntimeException: UNAVAILABLE: io exception
	at java.util.concurrent.FutureTask.report(FutureTask.java:122)
	at java.util.concurrent.FutureTask.get(FutureTask.java:192)
	at org.apache.ratis.server.impl.LeaderElection.waitForResults(LeaderElection.java:259)
	at org.apache.ratis.server.impl.LeaderElection.askForVotes(LeaderElection.java:197)
	at org.apache.ratis.server.impl.LeaderElection.run(LeaderElection.java:133)
	at java.lang.Thread.run(Thread.java:748)
Caused by: org.apache.ratis.thirdparty.io.grpc.StatusRuntimeException: UNAVAILABLE: io exception
	at org.apache.ratis.thirdparty.io.grpc.stub.ClientCalls.toStatusRuntimeException(ClientCalls.java:233)
	at org.apache.ratis.thirdparty.io.grpc.stub.ClientCalls.getUnchecked(ClientCalls.java:214)
	at org.apache.ratis.thirdparty.io.grpc.stub.ClientCalls.blockingUnaryCall(ClientCalls.java:139)
	at org.apache.ratis.proto.grpc.RaftServerProtocolServiceGrpc$RaftServerProtocolServiceBlockingStub.requestVote(RaftServerProtocolServiceGrpc.java:265)
	at org.apache.ratis.grpc.server.GrpcServerProtocolClient.requestVote(GrpcServerProtocolClient.java:99)
	at org.apache.ratis.grpc.server.GrpcService.requestVote(GrpcService.java:204)
	at org.apache.ratis.server.impl.LeaderElection.lambda$submitRequests$1(LeaderElection.java:234)
	at java.util.concurrent.FutureTask.run(FutureTask.java:266)
	at java.util.concurrent.Executors$RunnableAdapter.call(Executors.java:511)
	at java.util.concurrent.FutureTask.run(FutureTask.java:266)
	at java.util.concurrent.ThreadPoolExecutor.runWorker(ThreadPoolExecutor.java:1149)
	at java.util.concurrent.ThreadPoolExecutor$Worker.run(ThreadPoolExecutor.java:624)
	... 1 more
Caused by: org.apache.ratis.thirdparty.io.netty.channel.AbstractChannel$AnnotatedConnectException: Connection refused: /192.168.164.217:39381
	at sun.nio.ch.SocketChannelImpl.checkConnect(Native Method)
	at sun.nio.ch.SocketChannelImpl.finishConnect(SocketChannelImpl.java:717)
	at org.apache.ratis.thirdparty.io.netty.channel.socket.nio.NioSocketChannel.doFinishConnect(NioSocketChannel.java:327)
	at org.apache.ratis.thirdparty.io.netty.channel.nio.AbstractNioChannel$AbstractNioUnsafe.finishConnect(AbstractNioChannel.java:340)
	at org.apache.ratis.thirdparty.io.netty.channel.nio.NioEventLoop.processSelectedKey(NioEventLoop.java:632)
	at org.apache.ratis.thirdparty.io.netty.channel.nio.NioEventLoop.processSelectedKeysOptimized(NioEventLoop.java:579)
	at org.apache.ratis.thirdparty.io.netty.channel.nio.NioEventLoop.processSelectedKeys(NioEventLoop.java:496)
	at org.apache.ratis.thirdparty.io.netty.channel.nio.NioEventLoop.run(NioEventLoop.java:458)
	at org.apache.ratis.thirdparty.io.netty.util.concurrent.SingleThreadEventExecutor$5.run(SingleThreadEventExecutor.java:897)
	at org.apache.ratis.thirdparty.io.netty.util.concurrent.FastThreadLocalRunnable.run(FastThreadLocalRunnable.java:30)
	... 1 more
Caused by: java.net.ConnectException: Connection refused
	... 11 more
2019-11-05 08:24:32,098 [4a682f4f-c3f2-4b77-88b7-f0ab78890feb@group-0DB8C7688BF9-LeaderElection559] INFO  impl.LeaderElection (LogUtils.java:infoOrTrace(149)) -   Exception 1: {}
java.util.concurrent.ExecutionException: org.apache.ratis.thirdparty.io.grpc.StatusRuntimeException: UNAVAILABLE: io exception
	at java.util.concurrent.FutureTask.report(FutureTask.java:122)
	at java.util.concurrent.FutureTask.get(FutureTask.java:192)
	at org.apache.ratis.server.impl.LeaderElection.waitForResults(LeaderElection.java:259)
	at org.apache.ratis.server.impl.LeaderElection.askForVotes(LeaderElection.java:197)
	at org.apache.ratis.server.impl.LeaderElection.run(LeaderElection.java:133)
	at java.lang.Thread.run(Thread.java:748)
Caused by: org.apache.ratis.thirdparty.io.grpc.StatusRuntimeException: UNAVAILABLE: io exception
	at org.apache.ratis.thirdparty.io.grpc.stub.ClientCalls.toStatusRuntimeException(ClientCalls.java:233)
	at org.apache.ratis.thirdparty.io.grpc.stub.ClientCalls.getUnchecked(ClientCalls.java:214)
	at org.apache.ratis.thirdparty.io.grpc.stub.ClientCalls.blockingUnaryCall(ClientCalls.java:139)
	at org.apache.ratis.proto.grpc.RaftServerProtocolServiceGrpc$RaftServerProtocolServiceBlockingStub.requestVote(RaftServerProtocolServiceGrpc.java:265)
	at org.apache.ratis.grpc.server.GrpcServerProtocolClient.requestVote(GrpcServerProtocolClient.java:99)
	at org.apache.ratis.grpc.server.GrpcService.requestVote(GrpcService.java:204)
	at org.apache.ratis.server.impl.LeaderElection.lambda$submitRequests$1(LeaderElection.java:234)
	at java.util.concurrent.FutureTask.run(FutureTask.java:266)
	at java.util.concurrent.Executors$RunnableAdapter.call(Executors.java:511)
	at java.util.concurrent.FutureTask.run(FutureTask.java:266)
	at java.util.concurrent.ThreadPoolExecutor.runWorker(ThreadPoolExecutor.java:1149)
	at java.util.concurrent.ThreadPoolExecutor$Worker.run(ThreadPoolExecutor.java:624)
	... 1 more
Caused by: org.apache.ratis.thirdparty.io.netty.channel.AbstractChannel$AnnotatedConnectException: Connection refused: /192.168.164.217:44149
	at sun.nio.ch.SocketChannelImpl.checkConnect(Native Method)
	at sun.nio.ch.SocketChannelImpl.finishConnect(SocketChannelImpl.java:717)
	at org.apache.ratis.thirdparty.io.netty.channel.socket.nio.NioSocketChannel.doFinishConnect(NioSocketChannel.java:327)
	at org.apache.ratis.thirdparty.io.netty.channel.nio.AbstractNioChannel$AbstractNioUnsafe.finishConnect(AbstractNioChannel.java:340)
	at org.apache.ratis.thirdparty.io.netty.channel.nio.NioEventLoop.processSelectedKey(NioEventLoop.java:632)
	at org.apache.ratis.thirdparty.io.netty.channel.nio.NioEventLoop.processSelectedKeysOptimized(NioEventLoop.java:579)
	at org.apache.ratis.thirdparty.io.netty.channel.nio.NioEventLoop.processSelectedKeys(NioEventLoop.java:496)
	at org.apache.ratis.thirdparty.io.netty.channel.nio.NioEventLoop.run(NioEventLoop.java:458)
	at org.apache.ratis.thirdparty.io.netty.util.concurrent.SingleThreadEventExecutor$5.run(SingleThreadEventExecutor.java:897)
	at org.apache.ratis.thirdparty.io.netty.util.concurrent.FastThreadLocalRunnable.run(FastThreadLocalRunnable.java:30)
	... 1 more
Caused by: java.net.ConnectException: Connection refused
	... 11 more
2019-11-05 08:24:32,098 [4a682f4f-c3f2-4b77-88b7-f0ab78890feb@group-0DB8C7688BF9-LeaderElection559] INFO  impl.RaftServerImpl (RaftServerImpl.java:setRole(184)) - 4a682f4f-c3f2-4b77-88b7-f0ab78890feb@group-0DB8C7688BF9: changes role from CANDIDATE to FOLLOWER at term 341 for DISCOVERED_A_NEW_TERM
2019-11-05 08:24:32,098 [4a682f4f-c3f2-4b77-88b7-f0ab78890feb@group-0DB8C7688BF9-LeaderElection559] INFO  impl.RoleInfo (RoleInfo.java:shutdownLeaderElection(134)) - 4a682f4f-c3f2-4b77-88b7-f0ab78890feb: shutdown LeaderElection
2019-11-05 08:24:32,098 [4a682f4f-c3f2-4b77-88b7-f0ab78890feb@group-0DB8C7688BF9-LeaderElection559] INFO  impl.RoleInfo (RoleInfo.java:updateAndGet(143)) - 4a682f4f-c3f2-4b77-88b7-f0ab78890feb: start FollowerState
2019-11-05 08:24:32,229 [Thread-4015] INFO  impl.FollowerState (FollowerState.java:run(108)) - 4a682f4f-c3f2-4b77-88b7-f0ab78890feb@group-0DB8C7688BF9-FollowerState: change to CANDIDATE, lastRpcTime:130ms, electionTimeout:130ms
2019-11-05 08:24:32,230 [Thread-4015] INFO  impl.RoleInfo (RoleInfo.java:shutdownFollowerState(121)) - 4a682f4f-c3f2-4b77-88b7-f0ab78890feb: shutdown FollowerState
2019-11-05 08:24:32,230 [Thread-4015] INFO  impl.RaftServerImpl (RaftServerImpl.java:setRole(184)) - 4a682f4f-c3f2-4b77-88b7-f0ab78890feb@group-0DB8C7688BF9: changes role from  FOLLOWER to CANDIDATE at term 341 for changeToCandidate
2019-11-05 08:24:32,231 [Thread-4015] INFO  impl.RoleInfo (RoleInfo.java:updateAndGet(143)) - 4a682f4f-c3f2-4b77-88b7-f0ab78890feb: start LeaderElection
2019-11-05 08:24:32,244 [4a682f4f-c3f2-4b77-88b7-f0ab78890feb@group-0DB8C7688BF9-LeaderElection560] INFO  impl.LeaderElection (LeaderElection.java:askForVotes(178)) - 4a682f4f-c3f2-4b77-88b7-f0ab78890feb@group-0DB8C7688BF9-LeaderElection560: begin an election at term 342 for -1: [77ab65e6-d942-49df-83a3-1d4c0bf152b3:192.168.164.217:39381, 7e1b84a9-a041-44fd-8008-f2679426984c:192.168.164.217:44149, 4a682f4f-c3f2-4b77-88b7-f0ab78890feb:192.168.164.217:34174], old=null
2019-11-05 08:24:32,247 [4a682f4f-c3f2-4b77-88b7-f0ab78890feb@group-0DB8C7688BF9-LeaderElection560] INFO  impl.LeaderElection (LogUtils.java:infoOrTrace(149)) - 4a682f4f-c3f2-4b77-88b7-f0ab78890feb@group-0DB8C7688BF9-LeaderElection560 got exception when requesting votes: {}
java.util.concurrent.ExecutionException: org.apache.ratis.thirdparty.io.grpc.StatusRuntimeException: UNAVAILABLE: io exception
	at java.util.concurrent.FutureTask.report(FutureTask.java:122)
	at java.util.concurrent.FutureTask.get(FutureTask.java:192)
	at org.apache.ratis.server.impl.LeaderElection.waitForResults(LeaderElection.java:259)
	at org.apache.ratis.server.impl.LeaderElection.askForVotes(LeaderElection.java:197)
	at org.apache.ratis.server.impl.LeaderElection.run(LeaderElection.java:133)
	at java.lang.Thread.run(Thread.java:748)
Caused by: org.apache.ratis.thirdparty.io.grpc.StatusRuntimeException: UNAVAILABLE: io exception
	at org.apache.ratis.thirdparty.io.grpc.stub.ClientCalls.toStatusRuntimeException(ClientCalls.java:233)
	at org.apache.ratis.thirdparty.io.grpc.stub.ClientCalls.getUnchecked(ClientCalls.java:214)
	at org.apache.ratis.thirdparty.io.grpc.stub.ClientCalls.blockingUnaryCall(ClientCalls.java:139)
	at org.apache.ratis.proto.grpc.RaftServerProtocolServiceGrpc$RaftServerProtocolServiceBlockingStub.requestVote(RaftServerProtocolServiceGrpc.java:265)
	at org.apache.ratis.grpc.server.GrpcServerProtocolClient.requestVote(GrpcServerProtocolClient.java:99)
	at org.apache.ratis.grpc.server.GrpcService.requestVote(GrpcService.java:204)
	at org.apache.ratis.server.impl.LeaderElection.lambda$submitRequests$1(LeaderElection.java:234)
	at java.util.concurrent.FutureTask.run(FutureTask.java:266)
	at java.util.concurrent.Executors$RunnableAdapter.call(Executors.java:511)
	at java.util.concurrent.FutureTask.run(FutureTask.java:266)
	at java.util.concurrent.ThreadPoolExecutor.runWorker(ThreadPoolExecutor.java:1149)
	at java.util.concurrent.ThreadPoolExecutor$Worker.run(ThreadPoolExecutor.java:624)
	... 1 more
Caused by: org.apache.ratis.thirdparty.io.netty.channel.AbstractChannel$AnnotatedConnectException: Connection refused: /192.168.164.217:39381
	at sun.nio.ch.SocketChannelImpl.checkConnect(Native Method)
	at sun.nio.ch.SocketChannelImpl.finishConnect(SocketChannelImpl.java:717)
	at org.apache.ratis.thirdparty.io.netty.channel.socket.nio.NioSocketChannel.doFinishConnect(NioSocketChannel.java:327)
	at org.apache.ratis.thirdparty.io.netty.channel.nio.AbstractNioChannel$AbstractNioUnsafe.finishConnect(AbstractNioChannel.java:340)
	at org.apache.ratis.thirdparty.io.netty.channel.nio.NioEventLoop.processSelectedKey(NioEventLoop.java:632)
	at org.apache.ratis.thirdparty.io.netty.channel.nio.NioEventLoop.processSelectedKeysOptimized(NioEventLoop.java:579)
	at org.apache.ratis.thirdparty.io.netty.channel.nio.NioEventLoop.processSelectedKeys(NioEventLoop.java:496)
	at org.apache.ratis.thirdparty.io.netty.channel.nio.NioEventLoop.run(NioEventLoop.java:458)
	at org.apache.ratis.thirdparty.io.netty.util.concurrent.SingleThreadEventExecutor$5.run(SingleThreadEventExecutor.java:897)
	at org.apache.ratis.thirdparty.io.netty.util.concurrent.FastThreadLocalRunnable.run(FastThreadLocalRunnable.java:30)
	... 1 more
Caused by: java.net.ConnectException: Connection refused
	... 11 more
2019-11-05 08:24:32,247 [4a682f4f-c3f2-4b77-88b7-f0ab78890feb@group-0DB8C7688BF9-LeaderElection560] INFO  impl.LeaderElection (LogUtils.java:infoOrTrace(149)) - 4a682f4f-c3f2-4b77-88b7-f0ab78890feb@group-0DB8C7688BF9-LeaderElection560 got exception when requesting votes: {}
java.util.concurrent.ExecutionException: org.apache.ratis.thirdparty.io.grpc.StatusRuntimeException: UNAVAILABLE: io exception
	at java.util.concurrent.FutureTask.report(FutureTask.java:122)
	at java.util.concurrent.FutureTask.get(FutureTask.java:192)
	at org.apache.ratis.server.impl.LeaderElection.waitForResults(LeaderElection.java:259)
	at org.apache.ratis.server.impl.LeaderElection.askForVotes(LeaderElection.java:197)
	at org.apache.ratis.server.impl.LeaderElection.run(LeaderElection.java:133)
	at java.lang.Thread.run(Thread.java:748)
Caused by: org.apache.ratis.thirdparty.io.grpc.StatusRuntimeException: UNAVAILABLE: io exception
	at org.apache.ratis.thirdparty.io.grpc.stub.ClientCalls.toStatusRuntimeException(ClientCalls.java:233)
	at org.apache.ratis.thirdparty.io.grpc.stub.ClientCalls.getUnchecked(ClientCalls.java:214)
	at org.apache.ratis.thirdparty.io.grpc.stub.ClientCalls.blockingUnaryCall(ClientCalls.java:139)
	at org.apache.ratis.proto.grpc.RaftServerProtocolServiceGrpc$RaftServerProtocolServiceBlockingStub.requestVote(RaftServerProtocolServiceGrpc.java:265)
	at org.apache.ratis.grpc.server.GrpcServerProtocolClient.requestVote(GrpcServerProtocolClient.java:99)
	at org.apache.ratis.grpc.server.GrpcService.requestVote(GrpcService.java:204)
	at org.apache.ratis.server.impl.LeaderElection.lambda$submitRequests$1(LeaderElection.java:234)
	at java.util.concurrent.FutureTask.run(FutureTask.java:266)
	at java.util.concurrent.Executors$RunnableAdapter.call(Executors.java:511)
	at java.util.concurrent.FutureTask.run(FutureTask.java:266)
	at java.util.concurrent.ThreadPoolExecutor.runWorker(ThreadPoolExecutor.java:1149)
	at java.util.concurrent.ThreadPoolExecutor$Worker.run(ThreadPoolExecutor.java:624)
	... 1 more
Caused by: org.apache.ratis.thirdparty.io.netty.channel.AbstractChannel$AnnotatedConnectException: Connection refused: /192.168.164.217:44149
	at sun.nio.ch.SocketChannelImpl.checkConnect(Native Method)
	at sun.nio.ch.SocketChannelImpl.finishConnect(SocketChannelImpl.java:717)
	at org.apache.ratis.thirdparty.io.netty.channel.socket.nio.NioSocketChannel.doFinishConnect(NioSocketChannel.java:327)
	at org.apache.ratis.thirdparty.io.netty.channel.nio.AbstractNioChannel$AbstractNioUnsafe.finishConnect(AbstractNioChannel.java:340)
	at org.apache.ratis.thirdparty.io.netty.channel.nio.NioEventLoop.processSelectedKey(NioEventLoop.java:632)
	at org.apache.ratis.thirdparty.io.netty.channel.nio.NioEventLoop.processSelectedKeysOptimized(NioEventLoop.java:579)
	at org.apache.ratis.thirdparty.io.netty.channel.nio.NioEventLoop.processSelectedKeys(NioEventLoop.java:496)
	at org.apache.ratis.thirdparty.io.netty.channel.nio.NioEventLoop.run(NioEventLoop.java:458)
	at org.apache.ratis.thirdparty.io.netty.util.concurrent.SingleThreadEventExecutor$5.run(SingleThreadEventExecutor.java:897)
	at org.apache.ratis.thirdparty.io.netty.util.concurrent.FastThreadLocalRunnable.run(FastThreadLocalRunnable.java:30)
	... 1 more
Caused by: java.net.ConnectException: Connection refused
	... 11 more
2019-11-05 08:24:32,248 [4a682f4f-c3f2-4b77-88b7-f0ab78890feb@group-0DB8C7688BF9-LeaderElection560] INFO  impl.LeaderElection (LeaderElection.java:logAndReturn(56)) - 4a682f4f-c3f2-4b77-88b7-f0ab78890feb@group-0DB8C7688BF9-LeaderElection560: Election REJECTED; received 0 response(s) [] and 2 exception(s); 4a682f4f-c3f2-4b77-88b7-f0ab78890feb@group-0DB8C7688BF9:t342, leader=null, voted=4a682f4f-c3f2-4b77-88b7-f0ab78890feb, raftlog=4a682f4f-c3f2-4b77-88b7-f0ab78890feb@group-0DB8C7688BF9-SegmentedRaftLog:OPENED:c-1,f-1,i0, conf=-1: [77ab65e6-d942-49df-83a3-1d4c0bf152b3:192.168.164.217:39381, 7e1b84a9-a041-44fd-8008-f2679426984c:192.168.164.217:44149, 4a682f4f-c3f2-4b77-88b7-f0ab78890feb:192.168.164.217:34174], old=null
2019-11-05 08:24:32,248 [4a682f4f-c3f2-4b77-88b7-f0ab78890feb@group-0DB8C7688BF9-LeaderElection560] INFO  impl.LeaderElection (LogUtils.java:infoOrTrace(149)) -   Exception 0: {}
java.util.concurrent.ExecutionException: org.apache.ratis.thirdparty.io.grpc.StatusRuntimeException: UNAVAILABLE: io exception
	at java.util.concurrent.FutureTask.report(FutureTask.java:122)
	at java.util.concurrent.FutureTask.get(FutureTask.java:192)
	at org.apache.ratis.server.impl.LeaderElection.waitForResults(LeaderElection.java:259)
	at org.apache.ratis.server.impl.LeaderElection.askForVotes(LeaderElection.java:197)
	at org.apache.ratis.server.impl.LeaderElection.run(LeaderElection.java:133)
	at java.lang.Thread.run(Thread.java:748)
Caused by: org.apache.ratis.thirdparty.io.grpc.StatusRuntimeException: UNAVAILABLE: io exception
	at org.apache.ratis.thirdparty.io.grpc.stub.ClientCalls.toStatusRuntimeException(ClientCalls.java:233)
	at org.apache.ratis.thirdparty.io.grpc.stub.ClientCalls.getUnchecked(ClientCalls.java:214)
	at org.apache.ratis.thirdparty.io.grpc.stub.ClientCalls.blockingUnaryCall(ClientCalls.java:139)
	at org.apache.ratis.proto.grpc.RaftServerProtocolServiceGrpc$RaftServerProtocolServiceBlockingStub.requestVote(RaftServerProtocolServiceGrpc.java:265)
	at org.apache.ratis.grpc.server.GrpcServerProtocolClient.requestVote(GrpcServerProtocolClient.java:99)
	at org.apache.ratis.grpc.server.GrpcService.requestVote(GrpcService.java:204)
	at org.apache.ratis.server.impl.LeaderElection.lambda$submitRequests$1(LeaderElection.java:234)
	at java.util.concurrent.FutureTask.run(FutureTask.java:266)
	at java.util.concurrent.Executors$RunnableAdapter.call(Executors.java:511)
	at java.util.concurrent.FutureTask.run(FutureTask.java:266)
	at java.util.concurrent.ThreadPoolExecutor.runWorker(ThreadPoolExecutor.java:1149)
	at java.util.concurrent.ThreadPoolExecutor$Worker.run(ThreadPoolExecutor.java:624)
	... 1 more
Caused by: org.apache.ratis.thirdparty.io.netty.channel.AbstractChannel$AnnotatedConnectException: Connection refused: /192.168.164.217:39381
	at sun.nio.ch.SocketChannelImpl.checkConnect(Native Method)
	at sun.nio.ch.SocketChannelImpl.finishConnect(SocketChannelImpl.java:717)
	at org.apache.ratis.thirdparty.io.netty.channel.socket.nio.NioSocketChannel.doFinishConnect(NioSocketChannel.java:327)
	at org.apache.ratis.thirdparty.io.netty.channel.nio.AbstractNioChannel$AbstractNioUnsafe.finishConnect(AbstractNioChannel.java:340)
	at org.apache.ratis.thirdparty.io.netty.channel.nio.NioEventLoop.processSelectedKey(NioEventLoop.java:632)
	at org.apache.ratis.thirdparty.io.netty.channel.nio.NioEventLoop.processSelectedKeysOptimized(NioEventLoop.java:579)
	at org.apache.ratis.thirdparty.io.netty.channel.nio.NioEventLoop.processSelectedKeys(NioEventLoop.java:496)
	at org.apache.ratis.thirdparty.io.netty.channel.nio.NioEventLoop.run(NioEventLoop.java:458)
	at org.apache.ratis.thirdparty.io.netty.util.concurrent.SingleThreadEventExecutor$5.run(SingleThreadEventExecutor.java:897)
	at org.apache.ratis.thirdparty.io.netty.util.concurrent.FastThreadLocalRunnable.run(FastThreadLocalRunnable.java:30)
	... 1 more
Caused by: java.net.ConnectException: Connection refused
	... 11 more
2019-11-05 08:24:32,249 [4a682f4f-c3f2-4b77-88b7-f0ab78890feb@group-0DB8C7688BF9-LeaderElection560] INFO  impl.LeaderElection (LogUtils.java:infoOrTrace(149)) -   Exception 1: {}
java.util.concurrent.ExecutionException: org.apache.ratis.thirdparty.io.grpc.StatusRuntimeException: UNAVAILABLE: io exception
	at java.util.concurrent.FutureTask.report(FutureTask.java:122)
	at java.util.concurrent.FutureTask.get(FutureTask.java:192)
	at org.apache.ratis.server.impl.LeaderElection.waitForResults(LeaderElection.java:259)
	at org.apache.ratis.server.impl.LeaderElection.askForVotes(LeaderElection.java:197)
	at org.apache.ratis.server.impl.LeaderElection.run(LeaderElection.java:133)
	at java.lang.Thread.run(Thread.java:748)
Caused by: org.apache.ratis.thirdparty.io.grpc.StatusRuntimeException: UNAVAILABLE: io exception
	at org.apache.ratis.thirdparty.io.grpc.stub.ClientCalls.toStatusRuntimeException(ClientCalls.java:233)
	at org.apache.ratis.thirdparty.io.grpc.stub.ClientCalls.getUnchecked(ClientCalls.java:214)
	at org.apache.ratis.thirdparty.io.grpc.stub.ClientCalls.blockingUnaryCall(ClientCalls.java:139)
	at org.apache.ratis.proto.grpc.RaftServerProtocolServiceGrpc$RaftServerProtocolServiceBlockingStub.requestVote(RaftServerProtocolServiceGrpc.java:265)
	at org.apache.ratis.grpc.server.GrpcServerProtocolClient.requestVote(GrpcServerProtocolClient.java:99)
	at org.apache.ratis.grpc.server.GrpcService.requestVote(GrpcService.java:204)
	at org.apache.ratis.server.impl.LeaderElection.lambda$submitRequests$1(LeaderElection.java:234)
	at java.util.concurrent.FutureTask.run(FutureTask.java:266)
	at java.util.concurrent.Executors$RunnableAdapter.call(Executors.java:511)
	at java.util.concurrent.FutureTask.run(FutureTask.java:266)
	at java.util.concurrent.ThreadPoolExecutor.runWorker(ThreadPoolExecutor.java:1149)
	at java.util.concurrent.ThreadPoolExecutor$Worker.run(ThreadPoolExecutor.java:624)
	... 1 more
Caused by: org.apache.ratis.thirdparty.io.netty.channel.AbstractChannel$AnnotatedConnectException: Connection refused: /192.168.164.217:44149
	at sun.nio.ch.SocketChannelImpl.checkConnect(Native Method)
	at sun.nio.ch.SocketChannelImpl.finishConnect(SocketChannelImpl.java:717)
	at org.apache.ratis.thirdparty.io.netty.channel.socket.nio.NioSocketChannel.doFinishConnect(NioSocketChannel.java:327)
	at org.apache.ratis.thirdparty.io.netty.channel.nio.AbstractNioChannel$AbstractNioUnsafe.finishConnect(AbstractNioChannel.java:340)
	at org.apache.ratis.thirdparty.io.netty.channel.nio.NioEventLoop.processSelectedKey(NioEventLoop.java:632)
	at org.apache.ratis.thirdparty.io.netty.channel.nio.NioEventLoop.processSelectedKeysOptimized(NioEventLoop.java:579)
	at org.apache.ratis.thirdparty.io.netty.channel.nio.NioEventLoop.processSelectedKeys(NioEventLoop.java:496)
	at org.apache.ratis.thirdparty.io.netty.channel.nio.NioEventLoop.run(NioEventLoop.java:458)
	at org.apache.ratis.thirdparty.io.netty.util.concurrent.SingleThreadEventExecutor$5.run(SingleThreadEventExecutor.java:897)
	at org.apache.ratis.thirdparty.io.netty.util.concurrent.FastThreadLocalRunnable.run(FastThreadLocalRunnable.java:30)
	... 1 more
Caused by: java.net.ConnectException: Connection refused
	... 11 more
2019-11-05 08:24:32,249 [4a682f4f-c3f2-4b77-88b7-f0ab78890feb@group-0DB8C7688BF9-LeaderElection560] INFO  impl.RaftServerImpl (RaftServerImpl.java:setRole(184)) - 4a682f4f-c3f2-4b77-88b7-f0ab78890feb@group-0DB8C7688BF9: changes role from CANDIDATE to FOLLOWER at term 342 for DISCOVERED_A_NEW_TERM
2019-11-05 08:24:32,249 [4a682f4f-c3f2-4b77-88b7-f0ab78890feb@group-0DB8C7688BF9-LeaderElection560] INFO  impl.RoleInfo (RoleInfo.java:shutdownLeaderElection(134)) - 4a682f4f-c3f2-4b77-88b7-f0ab78890feb: shutdown LeaderElection
2019-11-05 08:24:32,250 [4a682f4f-c3f2-4b77-88b7-f0ab78890feb@group-0DB8C7688BF9-LeaderElection560] INFO  impl.RoleInfo (RoleInfo.java:updateAndGet(143)) - 4a682f4f-c3f2-4b77-88b7-f0ab78890feb: start FollowerState
2019-11-05 08:24:32,258 [java.util.concurrent.ThreadPoolExecutor$Worker@4893213[State = -1, empty queue]] WARN  server.GrpcLogAppender (GrpcLogAppender.java:timeoutAppendRequest(209)) - 6189f8a4-91dd-451f-abcb-72b2dcd73465@group-9D53872EEF85->fe5257f1-588f-41af-bf70-1c04126c8968-GrpcLogAppender: appendEntries Timeout, request=6189f8a4-91dd-451f-abcb-72b2dcd73465->fe5257f1-588f-41af-bf70-1c04126c8968#100-t4, previous=(t:4, i:20), leaderCommit=20, initializing? false, entries: <empty>
2019-11-05 08:24:32,295 [java.util.concurrent.ThreadPoolExecutor$Worker@7a1c0679[State = -1, empty queue]] WARN  server.GrpcLogAppender (GrpcLogAppender.java:timeoutAppendRequest(209)) - 6189f8a4-91dd-451f-abcb-72b2dcd73465@group-9D53872EEF85->c3e88256-f771-43b4-b3fb-c682fc5ee06f-GrpcLogAppender: appendEntries Timeout, request=6189f8a4-91dd-451f-abcb-72b2dcd73465->c3e88256-f771-43b4-b3fb-c682fc5ee06f#100-t4, previous=(t:4, i:20), leaderCommit=20, initializing? false, entries: <empty>
2019-11-05 08:24:32,353 [Thread-4019] INFO  impl.FollowerState (FollowerState.java:run(108)) - 4a682f4f-c3f2-4b77-88b7-f0ab78890feb@group-0DB8C7688BF9-FollowerState: change to CANDIDATE, lastRpcTime:103ms, electionTimeout:103ms
2019-11-05 08:24:32,353 [Thread-4019] INFO  impl.RoleInfo (RoleInfo.java:shutdownFollowerState(121)) - 4a682f4f-c3f2-4b77-88b7-f0ab78890feb: shutdown FollowerState
2019-11-05 08:24:32,353 [Thread-4019] INFO  impl.RaftServerImpl (RaftServerImpl.java:setRole(184)) - 4a682f4f-c3f2-4b77-88b7-f0ab78890feb@group-0DB8C7688BF9: changes role from  FOLLOWER to CANDIDATE at term 342 for changeToCandidate
2019-11-05 08:24:32,353 [Thread-4019] INFO  impl.RoleInfo (RoleInfo.java:updateAndGet(143)) - 4a682f4f-c3f2-4b77-88b7-f0ab78890feb: start LeaderElection
2019-11-05 08:24:32,368 [4a682f4f-c3f2-4b77-88b7-f0ab78890feb@group-0DB8C7688BF9-LeaderElection561] INFO  impl.LeaderElection (LeaderElection.java:askForVotes(178)) - 4a682f4f-c3f2-4b77-88b7-f0ab78890feb@group-0DB8C7688BF9-LeaderElection561: begin an election at term 343 for -1: [77ab65e6-d942-49df-83a3-1d4c0bf152b3:192.168.164.217:39381, 7e1b84a9-a041-44fd-8008-f2679426984c:192.168.164.217:44149, 4a682f4f-c3f2-4b77-88b7-f0ab78890feb:192.168.164.217:34174], old=null
2019-11-05 08:24:32,369 [4a682f4f-c3f2-4b77-88b7-f0ab78890feb@group-0DB8C7688BF9-LeaderElection561] INFO  impl.LeaderElection (LogUtils.java:infoOrTrace(149)) - 4a682f4f-c3f2-4b77-88b7-f0ab78890feb@group-0DB8C7688BF9-LeaderElection561 got exception when requesting votes: {}
java.util.concurrent.ExecutionException: org.apache.ratis.thirdparty.io.grpc.StatusRuntimeException: UNAVAILABLE: io exception
	at java.util.concurrent.FutureTask.report(FutureTask.java:122)
	at java.util.concurrent.FutureTask.get(FutureTask.java:192)
	at org.apache.ratis.server.impl.LeaderElection.waitForResults(LeaderElection.java:259)
	at org.apache.ratis.server.impl.LeaderElection.askForVotes(LeaderElection.java:197)
	at org.apache.ratis.server.impl.LeaderElection.run(LeaderElection.java:133)
	at java.lang.Thread.run(Thread.java:748)
Caused by: org.apache.ratis.thirdparty.io.grpc.StatusRuntimeException: UNAVAILABLE: io exception
	at org.apache.ratis.thirdparty.io.grpc.stub.ClientCalls.toStatusRuntimeException(ClientCalls.java:233)
	at org.apache.ratis.thirdparty.io.grpc.stub.ClientCalls.getUnchecked(ClientCalls.java:214)
	at org.apache.ratis.thirdparty.io.grpc.stub.ClientCalls.blockingUnaryCall(ClientCalls.java:139)
	at org.apache.ratis.proto.grpc.RaftServerProtocolServiceGrpc$RaftServerProtocolServiceBlockingStub.requestVote(RaftServerProtocolServiceGrpc.java:265)
	at org.apache.ratis.grpc.server.GrpcServerProtocolClient.requestVote(GrpcServerProtocolClient.java:99)
	at org.apache.ratis.grpc.server.GrpcService.requestVote(GrpcService.java:204)
	at org.apache.ratis.server.impl.LeaderElection.lambda$submitRequests$1(LeaderElection.java:234)
	at java.util.concurrent.FutureTask.run(FutureTask.java:266)
	at java.util.concurrent.Executors$RunnableAdapter.call(Executors.java:511)
	at java.util.concurrent.FutureTask.run(FutureTask.java:266)
	at java.util.concurrent.ThreadPoolExecutor.runWorker(ThreadPoolExecutor.java:1149)
	at java.util.concurrent.ThreadPoolExecutor$Worker.run(ThreadPoolExecutor.java:624)
	... 1 more
Caused by: org.apache.ratis.thirdparty.io.netty.channel.AbstractChannel$AnnotatedConnectException: Connection refused: /192.168.164.217:39381
	at sun.nio.ch.SocketChannelImpl.checkConnect(Native Method)
	at sun.nio.ch.SocketChannelImpl.finishConnect(SocketChannelImpl.java:717)
	at org.apache.ratis.thirdparty.io.netty.channel.socket.nio.NioSocketChannel.doFinishConnect(NioSocketChannel.java:327)
	at org.apache.ratis.thirdparty.io.netty.channel.nio.AbstractNioChannel$AbstractNioUnsafe.finishConnect(AbstractNioChannel.java:340)
	at org.apache.ratis.thirdparty.io.netty.channel.nio.NioEventLoop.processSelectedKey(NioEventLoop.java:632)
	at org.apache.ratis.thirdparty.io.netty.channel.nio.NioEventLoop.processSelectedKeysOptimized(NioEventLoop.java:579)
	at org.apache.ratis.thirdparty.io.netty.channel.nio.NioEventLoop.processSelectedKeys(NioEventLoop.java:496)
	at org.apache.ratis.thirdparty.io.netty.channel.nio.NioEventLoop.run(NioEventLoop.java:458)
	at org.apache.ratis.thirdparty.io.netty.util.concurrent.SingleThreadEventExecutor$5.run(SingleThreadEventExecutor.java:897)
	at org.apache.ratis.thirdparty.io.netty.util.concurrent.FastThreadLocalRunnable.run(FastThreadLocalRunnable.java:30)
	... 1 more
Caused by: java.net.ConnectException: Connection refused
	... 11 more
2019-11-05 08:24:32,369 [4a682f4f-c3f2-4b77-88b7-f0ab78890feb@group-0DB8C7688BF9-LeaderElection561] INFO  impl.LeaderElection (LogUtils.java:infoOrTrace(149)) - 4a682f4f-c3f2-4b77-88b7-f0ab78890feb@group-0DB8C7688BF9-LeaderElection561 got exception when requesting votes: {}
java.util.concurrent.ExecutionException: org.apache.ratis.thirdparty.io.grpc.StatusRuntimeException: UNAVAILABLE: io exception
	at java.util.concurrent.FutureTask.report(FutureTask.java:122)
	at java.util.concurrent.FutureTask.get(FutureTask.java:192)
	at org.apache.ratis.server.impl.LeaderElection.waitForResults(LeaderElection.java:259)
	at org.apache.ratis.server.impl.LeaderElection.askForVotes(LeaderElection.java:197)
	at org.apache.ratis.server.impl.LeaderElection.run(LeaderElection.java:133)
	at java.lang.Thread.run(Thread.java:748)
Caused by: org.apache.ratis.thirdparty.io.grpc.StatusRuntimeException: UNAVAILABLE: io exception
	at org.apache.ratis.thirdparty.io.grpc.stub.ClientCalls.toStatusRuntimeException(ClientCalls.java:233)
	at org.apache.ratis.thirdparty.io.grpc.stub.ClientCalls.getUnchecked(ClientCalls.java:214)
	at org.apache.ratis.thirdparty.io.grpc.stub.ClientCalls.blockingUnaryCall(ClientCalls.java:139)
	at org.apache.ratis.proto.grpc.RaftServerProtocolServiceGrpc$RaftServerProtocolServiceBlockingStub.requestVote(RaftServerProtocolServiceGrpc.java:265)
	at org.apache.ratis.grpc.server.GrpcServerProtocolClient.requestVote(GrpcServerProtocolClient.java:99)
	at org.apache.ratis.grpc.server.GrpcService.requestVote(GrpcService.java:204)
	at org.apache.ratis.server.impl.LeaderElection.lambda$submitRequests$1(LeaderElection.java:234)
	at java.util.concurrent.FutureTask.run(FutureTask.java:266)
	at java.util.concurrent.Executors$RunnableAdapter.call(Executors.java:511)
	at java.util.concurrent.FutureTask.run(FutureTask.java:266)
	at java.util.concurrent.ThreadPoolExecutor.runWorker(ThreadPoolExecutor.java:1149)
	at java.util.concurrent.ThreadPoolExecutor$Worker.run(ThreadPoolExecutor.java:624)
	... 1 more
Caused by: org.apache.ratis.thirdparty.io.netty.channel.AbstractChannel$AnnotatedConnectException: Connection refused: /192.168.164.217:44149
	at sun.nio.ch.SocketChannelImpl.checkConnect(Native Method)
	at sun.nio.ch.SocketChannelImpl.finishConnect(SocketChannelImpl.java:717)
	at org.apache.ratis.thirdparty.io.netty.channel.socket.nio.NioSocketChannel.doFinishConnect(NioSocketChannel.java:327)
	at org.apache.ratis.thirdparty.io.netty.channel.nio.AbstractNioChannel$AbstractNioUnsafe.finishConnect(AbstractNioChannel.java:340)
	at org.apache.ratis.thirdparty.io.netty.channel.nio.NioEventLoop.processSelectedKey(NioEventLoop.java:632)
	at org.apache.ratis.thirdparty.io.netty.channel.nio.NioEventLoop.processSelectedKeysOptimized(NioEventLoop.java:579)
	at org.apache.ratis.thirdparty.io.netty.channel.nio.NioEventLoop.processSelectedKeys(NioEventLoop.java:496)
	at org.apache.ratis.thirdparty.io.netty.channel.nio.NioEventLoop.run(NioEventLoop.java:458)
	at org.apache.ratis.thirdparty.io.netty.util.concurrent.SingleThreadEventExecutor$5.run(SingleThreadEventExecutor.java:897)
	at org.apache.ratis.thirdparty.io.netty.util.concurrent.FastThreadLocalRunnable.run(FastThreadLocalRunnable.java:30)
	... 1 more
Caused by: java.net.ConnectException: Connection refused
	... 11 more
2019-11-05 08:24:32,369 [4a682f4f-c3f2-4b77-88b7-f0ab78890feb@group-0DB8C7688BF9-LeaderElection561] INFO  impl.LeaderElection (LeaderElection.java:logAndReturn(56)) - 4a682f4f-c3f2-4b77-88b7-f0ab78890feb@group-0DB8C7688BF9-LeaderElection561: Election REJECTED; received 0 response(s) [] and 2 exception(s); 4a682f4f-c3f2-4b77-88b7-f0ab78890feb@group-0DB8C7688BF9:t343, leader=null, voted=4a682f4f-c3f2-4b77-88b7-f0ab78890feb, raftlog=4a682f4f-c3f2-4b77-88b7-f0ab78890feb@group-0DB8C7688BF9-SegmentedRaftLog:OPENED:c-1,f-1,i0, conf=-1: [77ab65e6-d942-49df-83a3-1d4c0bf152b3:192.168.164.217:39381, 7e1b84a9-a041-44fd-8008-f2679426984c:192.168.164.217:44149, 4a682f4f-c3f2-4b77-88b7-f0ab78890feb:192.168.164.217:34174], old=null
2019-11-05 08:24:32,369 [4a682f4f-c3f2-4b77-88b7-f0ab78890feb@group-0DB8C7688BF9-LeaderElection561] INFO  impl.LeaderElection (LogUtils.java:infoOrTrace(149)) -   Exception 0: {}
java.util.concurrent.ExecutionException: org.apache.ratis.thirdparty.io.grpc.StatusRuntimeException: UNAVAILABLE: io exception
	at java.util.concurrent.FutureTask.report(FutureTask.java:122)
	at java.util.concurrent.FutureTask.get(FutureTask.java:192)
	at org.apache.ratis.server.impl.LeaderElection.waitForResults(LeaderElection.java:259)
	at org.apache.ratis.server.impl.LeaderElection.askForVotes(LeaderElection.java:197)
	at org.apache.ratis.server.impl.LeaderElection.run(LeaderElection.java:133)
	at java.lang.Thread.run(Thread.java:748)
Caused by: org.apache.ratis.thirdparty.io.grpc.StatusRuntimeException: UNAVAILABLE: io exception
	at org.apache.ratis.thirdparty.io.grpc.stub.ClientCalls.toStatusRuntimeException(ClientCalls.java:233)
	at org.apache.ratis.thirdparty.io.grpc.stub.ClientCalls.getUnchecked(ClientCalls.java:214)
	at org.apache.ratis.thirdparty.io.grpc.stub.ClientCalls.blockingUnaryCall(ClientCalls.java:139)
	at org.apache.ratis.proto.grpc.RaftServerProtocolServiceGrpc$RaftServerProtocolServiceBlockingStub.requestVote(RaftServerProtocolServiceGrpc.java:265)
	at org.apache.ratis.grpc.server.GrpcServerProtocolClient.requestVote(GrpcServerProtocolClient.java:99)
	at org.apache.ratis.grpc.server.GrpcService.requestVote(GrpcService.java:204)
	at org.apache.ratis.server.impl.LeaderElection.lambda$submitRequests$1(LeaderElection.java:234)
	at java.util.concurrent.FutureTask.run(FutureTask.java:266)
	at java.util.concurrent.Executors$RunnableAdapter.call(Executors.java:511)
	at java.util.concurrent.FutureTask.run(FutureTask.java:266)
	at java.util.concurrent.ThreadPoolExecutor.runWorker(ThreadPoolExecutor.java:1149)
	at java.util.concurrent.ThreadPoolExecutor$Worker.run(ThreadPoolExecutor.java:624)
	... 1 more
Caused by: org.apache.ratis.thirdparty.io.netty.channel.AbstractChannel$AnnotatedConnectException: Connection refused: /192.168.164.217:39381
	at sun.nio.ch.SocketChannelImpl.checkConnect(Native Method)
	at sun.nio.ch.SocketChannelImpl.finishConnect(SocketChannelImpl.java:717)
	at org.apache.ratis.thirdparty.io.netty.channel.socket.nio.NioSocketChannel.doFinishConnect(NioSocketChannel.java:327)
	at org.apache.ratis.thirdparty.io.netty.channel.nio.AbstractNioChannel$AbstractNioUnsafe.finishConnect(AbstractNioChannel.java:340)
	at org.apache.ratis.thirdparty.io.netty.channel.nio.NioEventLoop.processSelectedKey(NioEventLoop.java:632)
	at org.apache.ratis.thirdparty.io.netty.channel.nio.NioEventLoop.processSelectedKeysOptimized(NioEventLoop.java:579)
	at org.apache.ratis.thirdparty.io.netty.channel.nio.NioEventLoop.processSelectedKeys(NioEventLoop.java:496)
	at org.apache.ratis.thirdparty.io.netty.channel.nio.NioEventLoop.run(NioEventLoop.java:458)
	at org.apache.ratis.thirdparty.io.netty.util.concurrent.SingleThreadEventExecutor$5.run(SingleThreadEventExecutor.java:897)
	at org.apache.ratis.thirdparty.io.netty.util.concurrent.FastThreadLocalRunnable.run(FastThreadLocalRunnable.java:30)
	... 1 more
Caused by: java.net.ConnectException: Connection refused
	... 11 more
2019-11-05 08:24:32,370 [4a682f4f-c3f2-4b77-88b7-f0ab78890feb@group-0DB8C7688BF9-LeaderElection561] INFO  impl.LeaderElection (LogUtils.java:infoOrTrace(149)) -   Exception 1: {}
java.util.concurrent.ExecutionException: org.apache.ratis.thirdparty.io.grpc.StatusRuntimeException: UNAVAILABLE: io exception
	at java.util.concurrent.FutureTask.report(FutureTask.java:122)
	at java.util.concurrent.FutureTask.get(FutureTask.java:192)
	at org.apache.ratis.server.impl.LeaderElection.waitForResults(LeaderElection.java:259)
	at org.apache.ratis.server.impl.LeaderElection.askForVotes(LeaderElection.java:197)
	at org.apache.ratis.server.impl.LeaderElection.run(LeaderElection.java:133)
	at java.lang.Thread.run(Thread.java:748)
Caused by: org.apache.ratis.thirdparty.io.grpc.StatusRuntimeException: UNAVAILABLE: io exception
	at org.apache.ratis.thirdparty.io.grpc.stub.ClientCalls.toStatusRuntimeException(ClientCalls.java:233)
	at org.apache.ratis.thirdparty.io.grpc.stub.ClientCalls.getUnchecked(ClientCalls.java:214)
	at org.apache.ratis.thirdparty.io.grpc.stub.ClientCalls.blockingUnaryCall(ClientCalls.java:139)
	at org.apache.ratis.proto.grpc.RaftServerProtocolServiceGrpc$RaftServerProtocolServiceBlockingStub.requestVote(RaftServerProtocolServiceGrpc.java:265)
	at org.apache.ratis.grpc.server.GrpcServerProtocolClient.requestVote(GrpcServerProtocolClient.java:99)
	at org.apache.ratis.grpc.server.GrpcService.requestVote(GrpcService.java:204)
	at org.apache.ratis.server.impl.LeaderElection.lambda$submitRequests$1(LeaderElection.java:234)
	at java.util.concurrent.FutureTask.run(FutureTask.java:266)
	at java.util.concurrent.Executors$RunnableAdapter.call(Executors.java:511)
	at java.util.concurrent.FutureTask.run(FutureTask.java:266)
	at java.util.concurrent.ThreadPoolExecutor.runWorker(ThreadPoolExecutor.java:1149)
	at java.util.concurrent.ThreadPoolExecutor$Worker.run(ThreadPoolExecutor.java:624)
	... 1 more
Caused by: org.apache.ratis.thirdparty.io.netty.channel.AbstractChannel$AnnotatedConnectException: Connection refused: /192.168.164.217:44149
	at sun.nio.ch.SocketChannelImpl.checkConnect(Native Method)
	at sun.nio.ch.SocketChannelImpl.finishConnect(SocketChannelImpl.java:717)
	at org.apache.ratis.thirdparty.io.netty.channel.socket.nio.NioSocketChannel.doFinishConnect(NioSocketChannel.java:327)
	at org.apache.ratis.thirdparty.io.netty.channel.nio.AbstractNioChannel$AbstractNioUnsafe.finishConnect(AbstractNioChannel.java:340)
	at org.apache.ratis.thirdparty.io.netty.channel.nio.NioEventLoop.processSelectedKey(NioEventLoop.java:632)
	at org.apache.ratis.thirdparty.io.netty.channel.nio.NioEventLoop.processSelectedKeysOptimized(NioEventLoop.java:579)
	at org.apache.ratis.thirdparty.io.netty.channel.nio.NioEventLoop.processSelectedKeys(NioEventLoop.java:496)
	at org.apache.ratis.thirdparty.io.netty.channel.nio.NioEventLoop.run(NioEventLoop.java:458)
	at org.apache.ratis.thirdparty.io.netty.util.concurrent.SingleThreadEventExecutor$5.run(SingleThreadEventExecutor.java:897)
	at org.apache.ratis.thirdparty.io.netty.util.concurrent.FastThreadLocalRunnable.run(FastThreadLocalRunnable.java:30)
	... 1 more
Caused by: java.net.ConnectException: Connection refused
	... 11 more
2019-11-05 08:24:32,370 [4a682f4f-c3f2-4b77-88b7-f0ab78890feb@group-0DB8C7688BF9-LeaderElection561] INFO  impl.RaftServerImpl (RaftServerImpl.java:setRole(184)) - 4a682f4f-c3f2-4b77-88b7-f0ab78890feb@group-0DB8C7688BF9: changes role from CANDIDATE to FOLLOWER at term 343 for DISCOVERED_A_NEW_TERM
2019-11-05 08:24:32,370 [4a682f4f-c3f2-4b77-88b7-f0ab78890feb@group-0DB8C7688BF9-LeaderElection561] INFO  impl.RoleInfo (RoleInfo.java:shutdownLeaderElection(134)) - 4a682f4f-c3f2-4b77-88b7-f0ab78890feb: shutdown LeaderElection
2019-11-05 08:24:32,370 [4a682f4f-c3f2-4b77-88b7-f0ab78890feb@group-0DB8C7688BF9-LeaderElection561] INFO  impl.RoleInfo (RoleInfo.java:updateAndGet(143)) - 4a682f4f-c3f2-4b77-88b7-f0ab78890feb: start FollowerState
2019-11-05 08:24:32,401 [Thread-4023] INFO  impl.FollowerState (FollowerState.java:run(108)) - 4a682f4f-c3f2-4b77-88b7-f0ab78890feb@group-0DB8C7688BF9-FollowerState: change to CANDIDATE, lastRpcTime:30ms, electionTimeout:30ms
2019-11-05 08:24:32,401 [Thread-4023] INFO  impl.RoleInfo (RoleInfo.java:shutdownFollowerState(121)) - 4a682f4f-c3f2-4b77-88b7-f0ab78890feb: shutdown FollowerState
2019-11-05 08:24:32,401 [Thread-4023] INFO  impl.RaftServerImpl (RaftServerImpl.java:setRole(184)) - 4a682f4f-c3f2-4b77-88b7-f0ab78890feb@group-0DB8C7688BF9: changes role from  FOLLOWER to CANDIDATE at term 343 for changeToCandidate
2019-11-05 08:24:32,401 [Thread-4023] INFO  impl.RoleInfo (RoleInfo.java:updateAndGet(143)) - 4a682f4f-c3f2-4b77-88b7-f0ab78890feb: start LeaderElection
2019-11-05 08:24:32,414 [4a682f4f-c3f2-4b77-88b7-f0ab78890feb@group-0DB8C7688BF9-LeaderElection562] INFO  impl.LeaderElection (LeaderElection.java:askForVotes(178)) - 4a682f4f-c3f2-4b77-88b7-f0ab78890feb@group-0DB8C7688BF9-LeaderElection562: begin an election at term 344 for -1: [77ab65e6-d942-49df-83a3-1d4c0bf152b3:192.168.164.217:39381, 7e1b84a9-a041-44fd-8008-f2679426984c:192.168.164.217:44149, 4a682f4f-c3f2-4b77-88b7-f0ab78890feb:192.168.164.217:34174], old=null
2019-11-05 08:24:32,415 [4a682f4f-c3f2-4b77-88b7-f0ab78890feb@group-0DB8C7688BF9-LeaderElection562] INFO  impl.LeaderElection (LogUtils.java:infoOrTrace(149)) - 4a682f4f-c3f2-4b77-88b7-f0ab78890feb@group-0DB8C7688BF9-LeaderElection562 got exception when requesting votes: {}
java.util.concurrent.ExecutionException: org.apache.ratis.thirdparty.io.grpc.StatusRuntimeException: UNAVAILABLE: io exception
	at java.util.concurrent.FutureTask.report(FutureTask.java:122)
	at java.util.concurrent.FutureTask.get(FutureTask.java:192)
	at org.apache.ratis.server.impl.LeaderElection.waitForResults(LeaderElection.java:259)
	at org.apache.ratis.server.impl.LeaderElection.askForVotes(LeaderElection.java:197)
	at org.apache.ratis.server.impl.LeaderElection.run(LeaderElection.java:133)
	at java.lang.Thread.run(Thread.java:748)
Caused by: org.apache.ratis.thirdparty.io.grpc.StatusRuntimeException: UNAVAILABLE: io exception
	at org.apache.ratis.thirdparty.io.grpc.stub.ClientCalls.toStatusRuntimeException(ClientCalls.java:233)
	at org.apache.ratis.thirdparty.io.grpc.stub.ClientCalls.getUnchecked(ClientCalls.java:214)
	at org.apache.ratis.thirdparty.io.grpc.stub.ClientCalls.blockingUnaryCall(ClientCalls.java:139)
	at org.apache.ratis.proto.grpc.RaftServerProtocolServiceGrpc$RaftServerProtocolServiceBlockingStub.requestVote(RaftServerProtocolServiceGrpc.java:265)
	at org.apache.ratis.grpc.server.GrpcServerProtocolClient.requestVote(GrpcServerProtocolClient.java:99)
	at org.apache.ratis.grpc.server.GrpcService.requestVote(GrpcService.java:204)
	at org.apache.ratis.server.impl.LeaderElection.lambda$submitRequests$1(LeaderElection.java:234)
	at java.util.concurrent.FutureTask.run(FutureTask.java:266)
	at java.util.concurrent.Executors$RunnableAdapter.call(Executors.java:511)
	at java.util.concurrent.FutureTask.run(FutureTask.java:266)
	at java.util.concurrent.ThreadPoolExecutor.runWorker(ThreadPoolExecutor.java:1149)
	at java.util.concurrent.ThreadPoolExecutor$Worker.run(ThreadPoolExecutor.java:624)
	... 1 more
Caused by: org.apache.ratis.thirdparty.io.netty.channel.AbstractChannel$AnnotatedConnectException: Connection refused: /192.168.164.217:39381
	at sun.nio.ch.SocketChannelImpl.checkConnect(Native Method)
	at sun.nio.ch.SocketChannelImpl.finishConnect(SocketChannelImpl.java:717)
	at org.apache.ratis.thirdparty.io.netty.channel.socket.nio.NioSocketChannel.doFinishConnect(NioSocketChannel.java:327)
	at org.apache.ratis.thirdparty.io.netty.channel.nio.AbstractNioChannel$AbstractNioUnsafe.finishConnect(AbstractNioChannel.java:340)
	at org.apache.ratis.thirdparty.io.netty.channel.nio.NioEventLoop.processSelectedKey(NioEventLoop.java:632)
	at org.apache.ratis.thirdparty.io.netty.channel.nio.NioEventLoop.processSelectedKeysOptimized(NioEventLoop.java:579)
	at org.apache.ratis.thirdparty.io.netty.channel.nio.NioEventLoop.processSelectedKeys(NioEventLoop.java:496)
	at org.apache.ratis.thirdparty.io.netty.channel.nio.NioEventLoop.run(NioEventLoop.java:458)
	at org.apache.ratis.thirdparty.io.netty.util.concurrent.SingleThreadEventExecutor$5.run(SingleThreadEventExecutor.java:897)
	at org.apache.ratis.thirdparty.io.netty.util.concurrent.FastThreadLocalRunnable.run(FastThreadLocalRunnable.java:30)
	... 1 more
Caused by: java.net.ConnectException: Connection refused
	... 11 more
2019-11-05 08:24:32,415 [4a682f4f-c3f2-4b77-88b7-f0ab78890feb@group-0DB8C7688BF9-LeaderElection562] INFO  impl.LeaderElection (LogUtils.java:infoOrTrace(149)) - 4a682f4f-c3f2-4b77-88b7-f0ab78890feb@group-0DB8C7688BF9-LeaderElection562 got exception when requesting votes: {}
java.util.concurrent.ExecutionException: org.apache.ratis.thirdparty.io.grpc.StatusRuntimeException: UNAVAILABLE: io exception
	at java.util.concurrent.FutureTask.report(FutureTask.java:122)
	at java.util.concurrent.FutureTask.get(FutureTask.java:192)
	at org.apache.ratis.server.impl.LeaderElection.waitForResults(LeaderElection.java:259)
	at org.apache.ratis.server.impl.LeaderElection.askForVotes(LeaderElection.java:197)
	at org.apache.ratis.server.impl.LeaderElection.run(LeaderElection.java:133)
	at java.lang.Thread.run(Thread.java:748)
Caused by: org.apache.ratis.thirdparty.io.grpc.StatusRuntimeException: UNAVAILABLE: io exception
	at org.apache.ratis.thirdparty.io.grpc.stub.ClientCalls.toStatusRuntimeException(ClientCalls.java:233)
	at org.apache.ratis.thirdparty.io.grpc.stub.ClientCalls.getUnchecked(ClientCalls.java:214)
	at org.apache.ratis.thirdparty.io.grpc.stub.ClientCalls.blockingUnaryCall(ClientCalls.java:139)
	at org.apache.ratis.proto.grpc.RaftServerProtocolServiceGrpc$RaftServerProtocolServiceBlockingStub.requestVote(RaftServerProtocolServiceGrpc.java:265)
	at org.apache.ratis.grpc.server.GrpcServerProtocolClient.requestVote(GrpcServerProtocolClient.java:99)
	at org.apache.ratis.grpc.server.GrpcService.requestVote(GrpcService.java:204)
	at org.apache.ratis.server.impl.LeaderElection.lambda$submitRequests$1(LeaderElection.java:234)
	at java.util.concurrent.FutureTask.run(FutureTask.java:266)
	at java.util.concurrent.Executors$RunnableAdapter.call(Executors.java:511)
	at java.util.concurrent.FutureTask.run(FutureTask.java:266)
	at java.util.concurrent.ThreadPoolExecutor.runWorker(ThreadPoolExecutor.java:1149)
	at java.util.concurrent.ThreadPoolExecutor$Worker.run(ThreadPoolExecutor.java:624)
	... 1 more
Caused by: org.apache.ratis.thirdparty.io.netty.channel.AbstractChannel$AnnotatedConnectException: Connection refused: /192.168.164.217:44149
	at sun.nio.ch.SocketChannelImpl.checkConnect(Native Method)
	at sun.nio.ch.SocketChannelImpl.finishConnect(SocketChannelImpl.java:717)
	at org.apache.ratis.thirdparty.io.netty.channel.socket.nio.NioSocketChannel.doFinishConnect(NioSocketChannel.java:327)
	at org.apache.ratis.thirdparty.io.netty.channel.nio.AbstractNioChannel$AbstractNioUnsafe.finishConnect(AbstractNioChannel.java:340)
	at org.apache.ratis.thirdparty.io.netty.channel.nio.NioEventLoop.processSelectedKey(NioEventLoop.java:632)
	at org.apache.ratis.thirdparty.io.netty.channel.nio.NioEventLoop.processSelectedKeysOptimized(NioEventLoop.java:579)
	at org.apache.ratis.thirdparty.io.netty.channel.nio.NioEventLoop.processSelectedKeys(NioEventLoop.java:496)
	at org.apache.ratis.thirdparty.io.netty.channel.nio.NioEventLoop.run(NioEventLoop.java:458)
	at org.apache.ratis.thirdparty.io.netty.util.concurrent.SingleThreadEventExecutor$5.run(SingleThreadEventExecutor.java:897)
	at org.apache.ratis.thirdparty.io.netty.util.concurrent.FastThreadLocalRunnable.run(FastThreadLocalRunnable.java:30)
	... 1 more
Caused by: java.net.ConnectException: Connection refused
	... 11 more
2019-11-05 08:24:32,416 [4a682f4f-c3f2-4b77-88b7-f0ab78890feb@group-0DB8C7688BF9-LeaderElection562] INFO  impl.LeaderElection (LeaderElection.java:logAndReturn(56)) - 4a682f4f-c3f2-4b77-88b7-f0ab78890feb@group-0DB8C7688BF9-LeaderElection562: Election REJECTED; received 0 response(s) [] and 2 exception(s); 4a682f4f-c3f2-4b77-88b7-f0ab78890feb@group-0DB8C7688BF9:t344, leader=null, voted=4a682f4f-c3f2-4b77-88b7-f0ab78890feb, raftlog=4a682f4f-c3f2-4b77-88b7-f0ab78890feb@group-0DB8C7688BF9-SegmentedRaftLog:OPENED:c-1,f-1,i0, conf=-1: [77ab65e6-d942-49df-83a3-1d4c0bf152b3:192.168.164.217:39381, 7e1b84a9-a041-44fd-8008-f2679426984c:192.168.164.217:44149, 4a682f4f-c3f2-4b77-88b7-f0ab78890feb:192.168.164.217:34174], old=null
2019-11-05 08:24:32,416 [4a682f4f-c3f2-4b77-88b7-f0ab78890feb@group-0DB8C7688BF9-LeaderElection562] INFO  impl.LeaderElection (LogUtils.java:infoOrTrace(149)) -   Exception 0: {}
java.util.concurrent.ExecutionException: org.apache.ratis.thirdparty.io.grpc.StatusRuntimeException: UNAVAILABLE: io exception
	at java.util.concurrent.FutureTask.report(FutureTask.java:122)
	at java.util.concurrent.FutureTask.get(FutureTask.java:192)
	at org.apache.ratis.server.impl.LeaderElection.waitForResults(LeaderElection.java:259)
	at org.apache.ratis.server.impl.LeaderElection.askForVotes(LeaderElection.java:197)
	at org.apache.ratis.server.impl.LeaderElection.run(LeaderElection.java:133)
	at java.lang.Thread.run(Thread.java:748)
Caused by: org.apache.ratis.thirdparty.io.grpc.StatusRuntimeException: UNAVAILABLE: io exception
	at org.apache.ratis.thirdparty.io.grpc.stub.ClientCalls.toStatusRuntimeException(ClientCalls.java:233)
	at org.apache.ratis.thirdparty.io.grpc.stub.ClientCalls.getUnchecked(ClientCalls.java:214)
	at org.apache.ratis.thirdparty.io.grpc.stub.ClientCalls.blockingUnaryCall(ClientCalls.java:139)
	at org.apache.ratis.proto.grpc.RaftServerProtocolServiceGrpc$RaftServerProtocolServiceBlockingStub.requestVote(RaftServerProtocolServiceGrpc.java:265)
	at org.apache.ratis.grpc.server.GrpcServerProtocolClient.requestVote(GrpcServerProtocolClient.java:99)
	at org.apache.ratis.grpc.server.GrpcService.requestVote(GrpcService.java:204)
	at org.apache.ratis.server.impl.LeaderElection.lambda$submitRequests$1(LeaderElection.java:234)
	at java.util.concurrent.FutureTask.run(FutureTask.java:266)
	at java.util.concurrent.Executors$RunnableAdapter.call(Executors.java:511)
	at java.util.concurrent.FutureTask.run(FutureTask.java:266)
	at java.util.concurrent.ThreadPoolExecutor.runWorker(ThreadPoolExecutor.java:1149)
	at java.util.concurrent.ThreadPoolExecutor$Worker.run(ThreadPoolExecutor.java:624)
	... 1 more
Caused by: org.apache.ratis.thirdparty.io.netty.channel.AbstractChannel$AnnotatedConnectException: Connection refused: /192.168.164.217:39381
	at sun.nio.ch.SocketChannelImpl.checkConnect(Native Method)
	at sun.nio.ch.SocketChannelImpl.finishConnect(SocketChannelImpl.java:717)
	at org.apache.ratis.thirdparty.io.netty.channel.socket.nio.NioSocketChannel.doFinishConnect(NioSocketChannel.java:327)
	at org.apache.ratis.thirdparty.io.netty.channel.nio.AbstractNioChannel$AbstractNioUnsafe.finishConnect(AbstractNioChannel.java:340)
	at org.apache.ratis.thirdparty.io.netty.channel.nio.NioEventLoop.processSelectedKey(NioEventLoop.java:632)
	at org.apache.ratis.thirdparty.io.netty.channel.nio.NioEventLoop.processSelectedKeysOptimized(NioEventLoop.java:579)
	at org.apache.ratis.thirdparty.io.netty.channel.nio.NioEventLoop.processSelectedKeys(NioEventLoop.java:496)
	at org.apache.ratis.thirdparty.io.netty.channel.nio.NioEventLoop.run(NioEventLoop.java:458)
	at org.apache.ratis.thirdparty.io.netty.util.concurrent.SingleThreadEventExecutor$5.run(SingleThreadEventExecutor.java:897)
	at org.apache.ratis.thirdparty.io.netty.util.concurrent.FastThreadLocalRunnable.run(FastThreadLocalRunnable.java:30)
	... 1 more
Caused by: java.net.ConnectException: Connection refused
	... 11 more
2019-11-05 08:24:32,416 [4a682f4f-c3f2-4b77-88b7-f0ab78890feb@group-0DB8C7688BF9-LeaderElection562] INFO  impl.LeaderElection (LogUtils.java:infoOrTrace(149)) -   Exception 1: {}
java.util.concurrent.ExecutionException: org.apache.ratis.thirdparty.io.grpc.StatusRuntimeException: UNAVAILABLE: io exception
	at java.util.concurrent.FutureTask.report(FutureTask.java:122)
	at java.util.concurrent.FutureTask.get(FutureTask.java:192)
	at org.apache.ratis.server.impl.LeaderElection.waitForResults(LeaderElection.java:259)
	at org.apache.ratis.server.impl.LeaderElection.askForVotes(LeaderElection.java:197)
	at org.apache.ratis.server.impl.LeaderElection.run(LeaderElection.java:133)
	at java.lang.Thread.run(Thread.java:748)
Caused by: org.apache.ratis.thirdparty.io.grpc.StatusRuntimeException: UNAVAILABLE: io exception
	at org.apache.ratis.thirdparty.io.grpc.stub.ClientCalls.toStatusRuntimeException(ClientCalls.java:233)
	at org.apache.ratis.thirdparty.io.grpc.stub.ClientCalls.getUnchecked(ClientCalls.java:214)
	at org.apache.ratis.thirdparty.io.grpc.stub.ClientCalls.blockingUnaryCall(ClientCalls.java:139)
	at org.apache.ratis.proto.grpc.RaftServerProtocolServiceGrpc$RaftServerProtocolServiceBlockingStub.requestVote(RaftServerProtocolServiceGrpc.java:265)
	at org.apache.ratis.grpc.server.GrpcServerProtocolClient.requestVote(GrpcServerProtocolClient.java:99)
	at org.apache.ratis.grpc.server.GrpcService.requestVote(GrpcService.java:204)
	at org.apache.ratis.server.impl.LeaderElection.lambda$submitRequests$1(LeaderElection.java:234)
	at java.util.concurrent.FutureTask.run(FutureTask.java:266)
	at java.util.concurrent.Executors$RunnableAdapter.call(Executors.java:511)
	at java.util.concurrent.FutureTask.run(FutureTask.java:266)
	at java.util.concurrent.ThreadPoolExecutor.runWorker(ThreadPoolExecutor.java:1149)
	at java.util.concurrent.ThreadPoolExecutor$Worker.run(ThreadPoolExecutor.java:624)
	... 1 more
Caused by: org.apache.ratis.thirdparty.io.netty.channel.AbstractChannel$AnnotatedConnectException: Connection refused: /192.168.164.217:44149
	at sun.nio.ch.SocketChannelImpl.checkConnect(Native Method)
	at sun.nio.ch.SocketChannelImpl.finishConnect(SocketChannelImpl.java:717)
	at org.apache.ratis.thirdparty.io.netty.channel.socket.nio.NioSocketChannel.doFinishConnect(NioSocketChannel.java:327)
	at org.apache.ratis.thirdparty.io.netty.channel.nio.AbstractNioChannel$AbstractNioUnsafe.finishConnect(AbstractNioChannel.java:340)
	at org.apache.ratis.thirdparty.io.netty.channel.nio.NioEventLoop.processSelectedKey(NioEventLoop.java:632)
	at org.apache.ratis.thirdparty.io.netty.channel.nio.NioEventLoop.processSelectedKeysOptimized(NioEventLoop.java:579)
	at org.apache.ratis.thirdparty.io.netty.channel.nio.NioEventLoop.processSelectedKeys(NioEventLoop.java:496)
	at org.apache.ratis.thirdparty.io.netty.channel.nio.NioEventLoop.run(NioEventLoop.java:458)
	at org.apache.ratis.thirdparty.io.netty.util.concurrent.SingleThreadEventExecutor$5.run(SingleThreadEventExecutor.java:897)
	at org.apache.ratis.thirdparty.io.netty.util.concurrent.FastThreadLocalRunnable.run(FastThreadLocalRunnable.java:30)
	... 1 more
Caused by: java.net.ConnectException: Connection refused
	... 11 more
2019-11-05 08:24:32,416 [4a682f4f-c3f2-4b77-88b7-f0ab78890feb@group-0DB8C7688BF9-LeaderElection562] INFO  impl.RaftServerImpl (RaftServerImpl.java:setRole(184)) - 4a682f4f-c3f2-4b77-88b7-f0ab78890feb@group-0DB8C7688BF9: changes role from CANDIDATE to FOLLOWER at term 344 for DISCOVERED_A_NEW_TERM
2019-11-05 08:24:32,416 [4a682f4f-c3f2-4b77-88b7-f0ab78890feb@group-0DB8C7688BF9-LeaderElection562] INFO  impl.RoleInfo (RoleInfo.java:shutdownLeaderElection(134)) - 4a682f4f-c3f2-4b77-88b7-f0ab78890feb: shutdown LeaderElection
2019-11-05 08:24:32,416 [4a682f4f-c3f2-4b77-88b7-f0ab78890feb@group-0DB8C7688BF9-LeaderElection562] INFO  impl.RoleInfo (RoleInfo.java:updateAndGet(143)) - 4a682f4f-c3f2-4b77-88b7-f0ab78890feb: start FollowerState
2019-11-05 08:24:32,563 [Thread-4027] INFO  impl.FollowerState (FollowerState.java:run(108)) - 4a682f4f-c3f2-4b77-88b7-f0ab78890feb@group-0DB8C7688BF9-FollowerState: change to CANDIDATE, lastRpcTime:146ms, electionTimeout:146ms
2019-11-05 08:24:32,563 [Thread-4027] INFO  impl.RoleInfo (RoleInfo.java:shutdownFollowerState(121)) - 4a682f4f-c3f2-4b77-88b7-f0ab78890feb: shutdown FollowerState
2019-11-05 08:24:32,563 [Thread-4027] INFO  impl.RaftServerImpl (RaftServerImpl.java:setRole(184)) - 4a682f4f-c3f2-4b77-88b7-f0ab78890feb@group-0DB8C7688BF9: changes role from  FOLLOWER to CANDIDATE at term 344 for changeToCandidate
2019-11-05 08:24:32,563 [Thread-4027] INFO  impl.RoleInfo (RoleInfo.java:updateAndGet(143)) - 4a682f4f-c3f2-4b77-88b7-f0ab78890feb: start LeaderElection
2019-11-05 08:24:32,577 [4a682f4f-c3f2-4b77-88b7-f0ab78890feb@group-0DB8C7688BF9-LeaderElection563] INFO  impl.LeaderElection (LeaderElection.java:askForVotes(178)) - 4a682f4f-c3f2-4b77-88b7-f0ab78890feb@group-0DB8C7688BF9-LeaderElection563: begin an election at term 345 for -1: [77ab65e6-d942-49df-83a3-1d4c0bf152b3:192.168.164.217:39381, 7e1b84a9-a041-44fd-8008-f2679426984c:192.168.164.217:44149, 4a682f4f-c3f2-4b77-88b7-f0ab78890feb:192.168.164.217:34174], old=null
2019-11-05 08:24:32,579 [4a682f4f-c3f2-4b77-88b7-f0ab78890feb@group-0DB8C7688BF9-LeaderElection563] INFO  impl.LeaderElection (LogUtils.java:infoOrTrace(149)) - 4a682f4f-c3f2-4b77-88b7-f0ab78890feb@group-0DB8C7688BF9-LeaderElection563 got exception when requesting votes: {}
java.util.concurrent.ExecutionException: org.apache.ratis.thirdparty.io.grpc.StatusRuntimeException: UNAVAILABLE: io exception
	at java.util.concurrent.FutureTask.report(FutureTask.java:122)
	at java.util.concurrent.FutureTask.get(FutureTask.java:192)
	at org.apache.ratis.server.impl.LeaderElection.waitForResults(LeaderElection.java:259)
	at org.apache.ratis.server.impl.LeaderElection.askForVotes(LeaderElection.java:197)
	at org.apache.ratis.server.impl.LeaderElection.run(LeaderElection.java:133)
	at java.lang.Thread.run(Thread.java:748)
Caused by: org.apache.ratis.thirdparty.io.grpc.StatusRuntimeException: UNAVAILABLE: io exception
	at org.apache.ratis.thirdparty.io.grpc.stub.ClientCalls.toStatusRuntimeException(ClientCalls.java:233)
	at org.apache.ratis.thirdparty.io.grpc.stub.ClientCalls.getUnchecked(ClientCalls.java:214)
	at org.apache.ratis.thirdparty.io.grpc.stub.ClientCalls.blockingUnaryCall(ClientCalls.java:139)
	at org.apache.ratis.proto.grpc.RaftServerProtocolServiceGrpc$RaftServerProtocolServiceBlockingStub.requestVote(RaftServerProtocolServiceGrpc.java:265)
	at org.apache.ratis.grpc.server.GrpcServerProtocolClient.requestVote(GrpcServerProtocolClient.java:99)
	at org.apache.ratis.grpc.server.GrpcService.requestVote(GrpcService.java:204)
	at org.apache.ratis.server.impl.LeaderElection.lambda$submitRequests$1(LeaderElection.java:234)
	at java.util.concurrent.FutureTask.run(FutureTask.java:266)
	at java.util.concurrent.Executors$RunnableAdapter.call(Executors.java:511)
	at java.util.concurrent.FutureTask.run(FutureTask.java:266)
	at java.util.concurrent.ThreadPoolExecutor.runWorker(ThreadPoolExecutor.java:1149)
	at java.util.concurrent.ThreadPoolExecutor$Worker.run(ThreadPoolExecutor.java:624)
	... 1 more
Caused by: org.apache.ratis.thirdparty.io.netty.channel.AbstractChannel$AnnotatedConnectException: Connection refused: /192.168.164.217:39381
	at sun.nio.ch.SocketChannelImpl.checkConnect(Native Method)
	at sun.nio.ch.SocketChannelImpl.finishConnect(SocketChannelImpl.java:717)
	at org.apache.ratis.thirdparty.io.netty.channel.socket.nio.NioSocketChannel.doFinishConnect(NioSocketChannel.java:327)
	at org.apache.ratis.thirdparty.io.netty.channel.nio.AbstractNioChannel$AbstractNioUnsafe.finishConnect(AbstractNioChannel.java:340)
	at org.apache.ratis.thirdparty.io.netty.channel.nio.NioEventLoop.processSelectedKey(NioEventLoop.java:632)
	at org.apache.ratis.thirdparty.io.netty.channel.nio.NioEventLoop.processSelectedKeysOptimized(NioEventLoop.java:579)
	at org.apache.ratis.thirdparty.io.netty.channel.nio.NioEventLoop.processSelectedKeys(NioEventLoop.java:496)
	at org.apache.ratis.thirdparty.io.netty.channel.nio.NioEventLoop.run(NioEventLoop.java:458)
	at org.apache.ratis.thirdparty.io.netty.util.concurrent.SingleThreadEventExecutor$5.run(SingleThreadEventExecutor.java:897)
	at org.apache.ratis.thirdparty.io.netty.util.concurrent.FastThreadLocalRunnable.run(FastThreadLocalRunnable.java:30)
	... 1 more
Caused by: java.net.ConnectException: Connection refused
	... 11 more
2019-11-05 08:24:32,579 [4a682f4f-c3f2-4b77-88b7-f0ab78890feb@group-0DB8C7688BF9-LeaderElection563] INFO  impl.LeaderElection (LogUtils.java:infoOrTrace(149)) - 4a682f4f-c3f2-4b77-88b7-f0ab78890feb@group-0DB8C7688BF9-LeaderElection563 got exception when requesting votes: {}
java.util.concurrent.ExecutionException: org.apache.ratis.thirdparty.io.grpc.StatusRuntimeException: UNAVAILABLE: io exception
	at java.util.concurrent.FutureTask.report(FutureTask.java:122)
	at java.util.concurrent.FutureTask.get(FutureTask.java:192)
	at org.apache.ratis.server.impl.LeaderElection.waitForResults(LeaderElection.java:259)
	at org.apache.ratis.server.impl.LeaderElection.askForVotes(LeaderElection.java:197)
	at org.apache.ratis.server.impl.LeaderElection.run(LeaderElection.java:133)
	at java.lang.Thread.run(Thread.java:748)
Caused by: org.apache.ratis.thirdparty.io.grpc.StatusRuntimeException: UNAVAILABLE: io exception
	at org.apache.ratis.thirdparty.io.grpc.stub.ClientCalls.toStatusRuntimeException(ClientCalls.java:233)
	at org.apache.ratis.thirdparty.io.grpc.stub.ClientCalls.getUnchecked(ClientCalls.java:214)
	at org.apache.ratis.thirdparty.io.grpc.stub.ClientCalls.blockingUnaryCall(ClientCalls.java:139)
	at org.apache.ratis.proto.grpc.RaftServerProtocolServiceGrpc$RaftServerProtocolServiceBlockingStub.requestVote(RaftServerProtocolServiceGrpc.java:265)
	at org.apache.ratis.grpc.server.GrpcServerProtocolClient.requestVote(GrpcServerProtocolClient.java:99)
	at org.apache.ratis.grpc.server.GrpcService.requestVote(GrpcService.java:204)
	at org.apache.ratis.server.impl.LeaderElection.lambda$submitRequests$1(LeaderElection.java:234)
	at java.util.concurrent.FutureTask.run(FutureTask.java:266)
	at java.util.concurrent.Executors$RunnableAdapter.call(Executors.java:511)
	at java.util.concurrent.FutureTask.run(FutureTask.java:266)
	at java.util.concurrent.ThreadPoolExecutor.runWorker(ThreadPoolExecutor.java:1149)
	at java.util.concurrent.ThreadPoolExecutor$Worker.run(ThreadPoolExecutor.java:624)
	... 1 more
Caused by: org.apache.ratis.thirdparty.io.netty.channel.AbstractChannel$AnnotatedConnectException: Connection refused: /192.168.164.217:44149
	at sun.nio.ch.SocketChannelImpl.checkConnect(Native Method)
	at sun.nio.ch.SocketChannelImpl.finishConnect(SocketChannelImpl.java:717)
	at org.apache.ratis.thirdparty.io.netty.channel.socket.nio.NioSocketChannel.doFinishConnect(NioSocketChannel.java:327)
	at org.apache.ratis.thirdparty.io.netty.channel.nio.AbstractNioChannel$AbstractNioUnsafe.finishConnect(AbstractNioChannel.java:340)
	at org.apache.ratis.thirdparty.io.netty.channel.nio.NioEventLoop.processSelectedKey(NioEventLoop.java:632)
	at org.apache.ratis.thirdparty.io.netty.channel.nio.NioEventLoop.processSelectedKeysOptimized(NioEventLoop.java:579)
	at org.apache.ratis.thirdparty.io.netty.channel.nio.NioEventLoop.processSelectedKeys(NioEventLoop.java:496)
	at org.apache.ratis.thirdparty.io.netty.channel.nio.NioEventLoop.run(NioEventLoop.java:458)
	at org.apache.ratis.thirdparty.io.netty.util.concurrent.SingleThreadEventExecutor$5.run(SingleThreadEventExecutor.java:897)
	at org.apache.ratis.thirdparty.io.netty.util.concurrent.FastThreadLocalRunnable.run(FastThreadLocalRunnable.java:30)
	... 1 more
Caused by: java.net.ConnectException: Connection refused
	... 11 more
2019-11-05 08:24:32,580 [4a682f4f-c3f2-4b77-88b7-f0ab78890feb@group-0DB8C7688BF9-LeaderElection563] INFO  impl.LeaderElection (LeaderElection.java:logAndReturn(56)) - 4a682f4f-c3f2-4b77-88b7-f0ab78890feb@group-0DB8C7688BF9-LeaderElection563: Election REJECTED; received 0 response(s) [] and 2 exception(s); 4a682f4f-c3f2-4b77-88b7-f0ab78890feb@group-0DB8C7688BF9:t345, leader=null, voted=4a682f4f-c3f2-4b77-88b7-f0ab78890feb, raftlog=4a682f4f-c3f2-4b77-88b7-f0ab78890feb@group-0DB8C7688BF9-SegmentedRaftLog:OPENED:c-1,f-1,i0, conf=-1: [77ab65e6-d942-49df-83a3-1d4c0bf152b3:192.168.164.217:39381, 7e1b84a9-a041-44fd-8008-f2679426984c:192.168.164.217:44149, 4a682f4f-c3f2-4b77-88b7-f0ab78890feb:192.168.164.217:34174], old=null
2019-11-05 08:24:32,580 [4a682f4f-c3f2-4b77-88b7-f0ab78890feb@group-0DB8C7688BF9-LeaderElection563] INFO  impl.LeaderElection (LogUtils.java:infoOrTrace(149)) -   Exception 0: {}
java.util.concurrent.ExecutionException: org.apache.ratis.thirdparty.io.grpc.StatusRuntimeException: UNAVAILABLE: io exception
	at java.util.concurrent.FutureTask.report(FutureTask.java:122)
	at java.util.concurrent.FutureTask.get(FutureTask.java:192)
	at org.apache.ratis.server.impl.LeaderElection.waitForResults(LeaderElection.java:259)
	at org.apache.ratis.server.impl.LeaderElection.askForVotes(LeaderElection.java:197)
	at org.apache.ratis.server.impl.LeaderElection.run(LeaderElection.java:133)
	at java.lang.Thread.run(Thread.java:748)
Caused by: org.apache.ratis.thirdparty.io.grpc.StatusRuntimeException: UNAVAILABLE: io exception
	at org.apache.ratis.thirdparty.io.grpc.stub.ClientCalls.toStatusRuntimeException(ClientCalls.java:233)
	at org.apache.ratis.thirdparty.io.grpc.stub.ClientCalls.getUnchecked(ClientCalls.java:214)
	at org.apache.ratis.thirdparty.io.grpc.stub.ClientCalls.blockingUnaryCall(ClientCalls.java:139)
	at org.apache.ratis.proto.grpc.RaftServerProtocolServiceGrpc$RaftServerProtocolServiceBlockingStub.requestVote(RaftServerProtocolServiceGrpc.java:265)
	at org.apache.ratis.grpc.server.GrpcServerProtocolClient.requestVote(GrpcServerProtocolClient.java:99)
	at org.apache.ratis.grpc.server.GrpcService.requestVote(GrpcService.java:204)
	at org.apache.ratis.server.impl.LeaderElection.lambda$submitRequests$1(LeaderElection.java:234)
	at java.util.concurrent.FutureTask.run(FutureTask.java:266)
	at java.util.concurrent.Executors$RunnableAdapter.call(Executors.java:511)
	at java.util.concurrent.FutureTask.run(FutureTask.java:266)
	at java.util.concurrent.ThreadPoolExecutor.runWorker(ThreadPoolExecutor.java:1149)
	at java.util.concurrent.ThreadPoolExecutor$Worker.run(ThreadPoolExecutor.java:624)
	... 1 more
Caused by: org.apache.ratis.thirdparty.io.netty.channel.AbstractChannel$AnnotatedConnectException: Connection refused: /192.168.164.217:39381
	at sun.nio.ch.SocketChannelImpl.checkConnect(Native Method)
	at sun.nio.ch.SocketChannelImpl.finishConnect(SocketChannelImpl.java:717)
	at org.apache.ratis.thirdparty.io.netty.channel.socket.nio.NioSocketChannel.doFinishConnect(NioSocketChannel.java:327)
	at org.apache.ratis.thirdparty.io.netty.channel.nio.AbstractNioChannel$AbstractNioUnsafe.finishConnect(AbstractNioChannel.java:340)
	at org.apache.ratis.thirdparty.io.netty.channel.nio.NioEventLoop.processSelectedKey(NioEventLoop.java:632)
	at org.apache.ratis.thirdparty.io.netty.channel.nio.NioEventLoop.processSelectedKeysOptimized(NioEventLoop.java:579)
	at org.apache.ratis.thirdparty.io.netty.channel.nio.NioEventLoop.processSelectedKeys(NioEventLoop.java:496)
	at org.apache.ratis.thirdparty.io.netty.channel.nio.NioEventLoop.run(NioEventLoop.java:458)
	at org.apache.ratis.thirdparty.io.netty.util.concurrent.SingleThreadEventExecutor$5.run(SingleThreadEventExecutor.java:897)
	at org.apache.ratis.thirdparty.io.netty.util.concurrent.FastThreadLocalRunnable.run(FastThreadLocalRunnable.java:30)
	... 1 more
Caused by: java.net.ConnectException: Connection refused
	... 11 more
2019-11-05 08:24:32,580 [4a682f4f-c3f2-4b77-88b7-f0ab78890feb@group-0DB8C7688BF9-LeaderElection563] INFO  impl.LeaderElection (LogUtils.java:infoOrTrace(149)) -   Exception 1: {}
java.util.concurrent.ExecutionException: org.apache.ratis.thirdparty.io.grpc.StatusRuntimeException: UNAVAILABLE: io exception
	at java.util.concurrent.FutureTask.report(FutureTask.java:122)
	at java.util.concurrent.FutureTask.get(FutureTask.java:192)
	at org.apache.ratis.server.impl.LeaderElection.waitForResults(LeaderElection.java:259)
	at org.apache.ratis.server.impl.LeaderElection.askForVotes(LeaderElection.java:197)
	at org.apache.ratis.server.impl.LeaderElection.run(LeaderElection.java:133)
	at java.lang.Thread.run(Thread.java:748)
Caused by: org.apache.ratis.thirdparty.io.grpc.StatusRuntimeException: UNAVAILABLE: io exception
	at org.apache.ratis.thirdparty.io.grpc.stub.ClientCalls.toStatusRuntimeException(ClientCalls.java:233)
	at org.apache.ratis.thirdparty.io.grpc.stub.ClientCalls.getUnchecked(ClientCalls.java:214)
	at org.apache.ratis.thirdparty.io.grpc.stub.ClientCalls.blockingUnaryCall(ClientCalls.java:139)
	at org.apache.ratis.proto.grpc.RaftServerProtocolServiceGrpc$RaftServerProtocolServiceBlockingStub.requestVote(RaftServerProtocolServiceGrpc.java:265)
	at org.apache.ratis.grpc.server.GrpcServerProtocolClient.requestVote(GrpcServerProtocolClient.java:99)
	at org.apache.ratis.grpc.server.GrpcService.requestVote(GrpcService.java:204)
	at org.apache.ratis.server.impl.LeaderElection.lambda$submitRequests$1(LeaderElection.java:234)
	at java.util.concurrent.FutureTask.run(FutureTask.java:266)
	at java.util.concurrent.Executors$RunnableAdapter.call(Executors.java:511)
	at java.util.concurrent.FutureTask.run(FutureTask.java:266)
	at java.util.concurrent.ThreadPoolExecutor.runWorker(ThreadPoolExecutor.java:1149)
	at java.util.concurrent.ThreadPoolExecutor$Worker.run(ThreadPoolExecutor.java:624)
	... 1 more
Caused by: org.apache.ratis.thirdparty.io.netty.channel.AbstractChannel$AnnotatedConnectException: Connection refused: /192.168.164.217:44149
	at sun.nio.ch.SocketChannelImpl.checkConnect(Native Method)
	at sun.nio.ch.SocketChannelImpl.finishConnect(SocketChannelImpl.java:717)
	at org.apache.ratis.thirdparty.io.netty.channel.socket.nio.NioSocketChannel.doFinishConnect(NioSocketChannel.java:327)
	at org.apache.ratis.thirdparty.io.netty.channel.nio.AbstractNioChannel$AbstractNioUnsafe.finishConnect(AbstractNioChannel.java:340)
	at org.apache.ratis.thirdparty.io.netty.channel.nio.NioEventLoop.processSelectedKey(NioEventLoop.java:632)
	at org.apache.ratis.thirdparty.io.netty.channel.nio.NioEventLoop.processSelectedKeysOptimized(NioEventLoop.java:579)
	at org.apache.ratis.thirdparty.io.netty.channel.nio.NioEventLoop.processSelectedKeys(NioEventLoop.java:496)
	at org.apache.ratis.thirdparty.io.netty.channel.nio.NioEventLoop.run(NioEventLoop.java:458)
	at org.apache.ratis.thirdparty.io.netty.util.concurrent.SingleThreadEventExecutor$5.run(SingleThreadEventExecutor.java:897)
	at org.apache.ratis.thirdparty.io.netty.util.concurrent.FastThreadLocalRunnable.run(FastThreadLocalRunnable.java:30)
	... 1 more
Caused by: java.net.ConnectException: Connection refused
	... 11 more
2019-11-05 08:24:32,580 [4a682f4f-c3f2-4b77-88b7-f0ab78890feb@group-0DB8C7688BF9-LeaderElection563] INFO  impl.RaftServerImpl (RaftServerImpl.java:setRole(184)) - 4a682f4f-c3f2-4b77-88b7-f0ab78890feb@group-0DB8C7688BF9: changes role from CANDIDATE to FOLLOWER at term 345 for DISCOVERED_A_NEW_TERM
2019-11-05 08:24:32,580 [4a682f4f-c3f2-4b77-88b7-f0ab78890feb@group-0DB8C7688BF9-LeaderElection563] INFO  impl.RoleInfo (RoleInfo.java:shutdownLeaderElection(134)) - 4a682f4f-c3f2-4b77-88b7-f0ab78890feb: shutdown LeaderElection
2019-11-05 08:24:32,581 [4a682f4f-c3f2-4b77-88b7-f0ab78890feb@group-0DB8C7688BF9-LeaderElection563] INFO  impl.RoleInfo (RoleInfo.java:updateAndGet(143)) - 4a682f4f-c3f2-4b77-88b7-f0ab78890feb: start FollowerState
2019-11-05 08:24:32,751 [Thread-4031] INFO  impl.FollowerState (FollowerState.java:run(108)) - 4a682f4f-c3f2-4b77-88b7-f0ab78890feb@group-0DB8C7688BF9-FollowerState: change to CANDIDATE, lastRpcTime:170ms, electionTimeout:170ms
2019-11-05 08:24:32,751 [Thread-4031] INFO  impl.RoleInfo (RoleInfo.java:shutdownFollowerState(121)) - 4a682f4f-c3f2-4b77-88b7-f0ab78890feb: shutdown FollowerState
2019-11-05 08:24:32,751 [Thread-4031] INFO  impl.RaftServerImpl (RaftServerImpl.java:setRole(184)) - 4a682f4f-c3f2-4b77-88b7-f0ab78890feb@group-0DB8C7688BF9: changes role from  FOLLOWER to CANDIDATE at term 345 for changeToCandidate
2019-11-05 08:24:32,752 [Thread-4031] INFO  impl.RoleInfo (RoleInfo.java:updateAndGet(143)) - 4a682f4f-c3f2-4b77-88b7-f0ab78890feb: start LeaderElection
2019-11-05 08:24:32,758 [java.util.concurrent.ThreadPoolExecutor$Worker@4893213[State = -1, empty queue]] WARN  server.GrpcLogAppender (GrpcLogAppender.java:timeoutAppendRequest(209)) - 6189f8a4-91dd-451f-abcb-72b2dcd73465@group-9D53872EEF85->fe5257f1-588f-41af-bf70-1c04126c8968-GrpcLogAppender: appendEntries Timeout, request=6189f8a4-91dd-451f-abcb-72b2dcd73465->fe5257f1-588f-41af-bf70-1c04126c8968#101-t4, previous=(t:4, i:20), leaderCommit=20, initializing? false, entries: <empty>
2019-11-05 08:24:32,765 [4a682f4f-c3f2-4b77-88b7-f0ab78890feb@group-0DB8C7688BF9-LeaderElection564] INFO  impl.LeaderElection (LeaderElection.java:askForVotes(178)) - 4a682f4f-c3f2-4b77-88b7-f0ab78890feb@group-0DB8C7688BF9-LeaderElection564: begin an election at term 346 for -1: [77ab65e6-d942-49df-83a3-1d4c0bf152b3:192.168.164.217:39381, 7e1b84a9-a041-44fd-8008-f2679426984c:192.168.164.217:44149, 4a682f4f-c3f2-4b77-88b7-f0ab78890feb:192.168.164.217:34174], old=null
2019-11-05 08:24:32,766 [4a682f4f-c3f2-4b77-88b7-f0ab78890feb@group-0DB8C7688BF9-LeaderElection564] INFO  impl.LeaderElection (LogUtils.java:infoOrTrace(149)) - 4a682f4f-c3f2-4b77-88b7-f0ab78890feb@group-0DB8C7688BF9-LeaderElection564 got exception when requesting votes: {}
java.util.concurrent.ExecutionException: org.apache.ratis.thirdparty.io.grpc.StatusRuntimeException: UNAVAILABLE: io exception
	at java.util.concurrent.FutureTask.report(FutureTask.java:122)
	at java.util.concurrent.FutureTask.get(FutureTask.java:192)
	at org.apache.ratis.server.impl.LeaderElection.waitForResults(LeaderElection.java:259)
	at org.apache.ratis.server.impl.LeaderElection.askForVotes(LeaderElection.java:197)
	at org.apache.ratis.server.impl.LeaderElection.run(LeaderElection.java:133)
	at java.lang.Thread.run(Thread.java:748)
Caused by: org.apache.ratis.thirdparty.io.grpc.StatusRuntimeException: UNAVAILABLE: io exception
	at org.apache.ratis.thirdparty.io.grpc.stub.ClientCalls.toStatusRuntimeException(ClientCalls.java:233)
	at org.apache.ratis.thirdparty.io.grpc.stub.ClientCalls.getUnchecked(ClientCalls.java:214)
	at org.apache.ratis.thirdparty.io.grpc.stub.ClientCalls.blockingUnaryCall(ClientCalls.java:139)
	at org.apache.ratis.proto.grpc.RaftServerProtocolServiceGrpc$RaftServerProtocolServiceBlockingStub.requestVote(RaftServerProtocolServiceGrpc.java:265)
	at org.apache.ratis.grpc.server.GrpcServerProtocolClient.requestVote(GrpcServerProtocolClient.java:99)
	at org.apache.ratis.grpc.server.GrpcService.requestVote(GrpcService.java:204)
	at org.apache.ratis.server.impl.LeaderElection.lambda$submitRequests$1(LeaderElection.java:234)
	at java.util.concurrent.FutureTask.run(FutureTask.java:266)
	at java.util.concurrent.Executors$RunnableAdapter.call(Executors.java:511)
	at java.util.concurrent.FutureTask.run(FutureTask.java:266)
	at java.util.concurrent.ThreadPoolExecutor.runWorker(ThreadPoolExecutor.java:1149)
	at java.util.concurrent.ThreadPoolExecutor$Worker.run(ThreadPoolExecutor.java:624)
	... 1 more
Caused by: org.apache.ratis.thirdparty.io.netty.channel.AbstractChannel$AnnotatedConnectException: Connection refused: /192.168.164.217:39381
	at sun.nio.ch.SocketChannelImpl.checkConnect(Native Method)
	at sun.nio.ch.SocketChannelImpl.finishConnect(SocketChannelImpl.java:717)
	at org.apache.ratis.thirdparty.io.netty.channel.socket.nio.NioSocketChannel.doFinishConnect(NioSocketChannel.java:327)
	at org.apache.ratis.thirdparty.io.netty.channel.nio.AbstractNioChannel$AbstractNioUnsafe.finishConnect(AbstractNioChannel.java:340)
	at org.apache.ratis.thirdparty.io.netty.channel.nio.NioEventLoop.processSelectedKey(NioEventLoop.java:632)
	at org.apache.ratis.thirdparty.io.netty.channel.nio.NioEventLoop.processSelectedKeysOptimized(NioEventLoop.java:579)
	at org.apache.ratis.thirdparty.io.netty.channel.nio.NioEventLoop.processSelectedKeys(NioEventLoop.java:496)
	at org.apache.ratis.thirdparty.io.netty.channel.nio.NioEventLoop.run(NioEventLoop.java:458)
	at org.apache.ratis.thirdparty.io.netty.util.concurrent.SingleThreadEventExecutor$5.run(SingleThreadEventExecutor.java:897)
	at org.apache.ratis.thirdparty.io.netty.util.concurrent.FastThreadLocalRunnable.run(FastThreadLocalRunnable.java:30)
	... 1 more
Caused by: java.net.ConnectException: Connection refused
	... 11 more
2019-11-05 08:24:32,767 [4a682f4f-c3f2-4b77-88b7-f0ab78890feb@group-0DB8C7688BF9-LeaderElection564] INFO  impl.LeaderElection (LogUtils.java:infoOrTrace(149)) - 4a682f4f-c3f2-4b77-88b7-f0ab78890feb@group-0DB8C7688BF9-LeaderElection564 got exception when requesting votes: {}
java.util.concurrent.ExecutionException: org.apache.ratis.thirdparty.io.grpc.StatusRuntimeException: UNAVAILABLE: io exception
	at java.util.concurrent.FutureTask.report(FutureTask.java:122)
	at java.util.concurrent.FutureTask.get(FutureTask.java:192)
	at org.apache.ratis.server.impl.LeaderElection.waitForResults(LeaderElection.java:259)
	at org.apache.ratis.server.impl.LeaderElection.askForVotes(LeaderElection.java:197)
	at org.apache.ratis.server.impl.LeaderElection.run(LeaderElection.java:133)
	at java.lang.Thread.run(Thread.java:748)
Caused by: org.apache.ratis.thirdparty.io.grpc.StatusRuntimeException: UNAVAILABLE: io exception
	at org.apache.ratis.thirdparty.io.grpc.stub.ClientCalls.toStatusRuntimeException(ClientCalls.java:233)
	at org.apache.ratis.thirdparty.io.grpc.stub.ClientCalls.getUnchecked(ClientCalls.java:214)
	at org.apache.ratis.thirdparty.io.grpc.stub.ClientCalls.blockingUnaryCall(ClientCalls.java:139)
	at org.apache.ratis.proto.grpc.RaftServerProtocolServiceGrpc$RaftServerProtocolServiceBlockingStub.requestVote(RaftServerProtocolServiceGrpc.java:265)
	at org.apache.ratis.grpc.server.GrpcServerProtocolClient.requestVote(GrpcServerProtocolClient.java:99)
	at org.apache.ratis.grpc.server.GrpcService.requestVote(GrpcService.java:204)
	at org.apache.ratis.server.impl.LeaderElection.lambda$submitRequests$1(LeaderElection.java:234)
	at java.util.concurrent.FutureTask.run(FutureTask.java:266)
	at java.util.concurrent.Executors$RunnableAdapter.call(Executors.java:511)
	at java.util.concurrent.FutureTask.run(FutureTask.java:266)
	at java.util.concurrent.ThreadPoolExecutor.runWorker(ThreadPoolExecutor.java:1149)
	at java.util.concurrent.ThreadPoolExecutor$Worker.run(ThreadPoolExecutor.java:624)
	... 1 more
Caused by: org.apache.ratis.thirdparty.io.netty.channel.AbstractChannel$AnnotatedConnectException: Connection refused: /192.168.164.217:44149
	at sun.nio.ch.SocketChannelImpl.checkConnect(Native Method)
	at sun.nio.ch.SocketChannelImpl.finishConnect(SocketChannelImpl.java:717)
	at org.apache.ratis.thirdparty.io.netty.channel.socket.nio.NioSocketChannel.doFinishConnect(NioSocketChannel.java:327)
	at org.apache.ratis.thirdparty.io.netty.channel.nio.AbstractNioChannel$AbstractNioUnsafe.finishConnect(AbstractNioChannel.java:340)
	at org.apache.ratis.thirdparty.io.netty.channel.nio.NioEventLoop.processSelectedKey(NioEventLoop.java:632)
	at org.apache.ratis.thirdparty.io.netty.channel.nio.NioEventLoop.processSelectedKeysOptimized(NioEventLoop.java:579)
	at org.apache.ratis.thirdparty.io.netty.channel.nio.NioEventLoop.processSelectedKeys(NioEventLoop.java:496)
	at org.apache.ratis.thirdparty.io.netty.channel.nio.NioEventLoop.run(NioEventLoop.java:458)
	at org.apache.ratis.thirdparty.io.netty.util.concurrent.SingleThreadEventExecutor$5.run(SingleThreadEventExecutor.java:897)
	at org.apache.ratis.thirdparty.io.netty.util.concurrent.FastThreadLocalRunnable.run(FastThreadLocalRunnable.java:30)
	... 1 more
Caused by: java.net.ConnectException: Connection refused
	... 11 more
2019-11-05 08:24:32,767 [4a682f4f-c3f2-4b77-88b7-f0ab78890feb@group-0DB8C7688BF9-LeaderElection564] INFO  impl.LeaderElection (LeaderElection.java:logAndReturn(56)) - 4a682f4f-c3f2-4b77-88b7-f0ab78890feb@group-0DB8C7688BF9-LeaderElection564: Election REJECTED; received 0 response(s) [] and 2 exception(s); 4a682f4f-c3f2-4b77-88b7-f0ab78890feb@group-0DB8C7688BF9:t346, leader=null, voted=4a682f4f-c3f2-4b77-88b7-f0ab78890feb, raftlog=4a682f4f-c3f2-4b77-88b7-f0ab78890feb@group-0DB8C7688BF9-SegmentedRaftLog:OPENED:c-1,f-1,i0, conf=-1: [77ab65e6-d942-49df-83a3-1d4c0bf152b3:192.168.164.217:39381, 7e1b84a9-a041-44fd-8008-f2679426984c:192.168.164.217:44149, 4a682f4f-c3f2-4b77-88b7-f0ab78890feb:192.168.164.217:34174], old=null
2019-11-05 08:24:32,767 [4a682f4f-c3f2-4b77-88b7-f0ab78890feb@group-0DB8C7688BF9-LeaderElection564] INFO  impl.LeaderElection (LogUtils.java:infoOrTrace(149)) -   Exception 0: {}
java.util.concurrent.ExecutionException: org.apache.ratis.thirdparty.io.grpc.StatusRuntimeException: UNAVAILABLE: io exception
	at java.util.concurrent.FutureTask.report(FutureTask.java:122)
	at java.util.concurrent.FutureTask.get(FutureTask.java:192)
	at org.apache.ratis.server.impl.LeaderElection.waitForResults(LeaderElection.java:259)
	at org.apache.ratis.server.impl.LeaderElection.askForVotes(LeaderElection.java:197)
	at org.apache.ratis.server.impl.LeaderElection.run(LeaderElection.java:133)
	at java.lang.Thread.run(Thread.java:748)
Caused by: org.apache.ratis.thirdparty.io.grpc.StatusRuntimeException: UNAVAILABLE: io exception
	at org.apache.ratis.thirdparty.io.grpc.stub.ClientCalls.toStatusRuntimeException(ClientCalls.java:233)
	at org.apache.ratis.thirdparty.io.grpc.stub.ClientCalls.getUnchecked(ClientCalls.java:214)
	at org.apache.ratis.thirdparty.io.grpc.stub.ClientCalls.blockingUnaryCall(ClientCalls.java:139)
	at org.apache.ratis.proto.grpc.RaftServerProtocolServiceGrpc$RaftServerProtocolServiceBlockingStub.requestVote(RaftServerProtocolServiceGrpc.java:265)
	at org.apache.ratis.grpc.server.GrpcServerProtocolClient.requestVote(GrpcServerProtocolClient.java:99)
	at org.apache.ratis.grpc.server.GrpcService.requestVote(GrpcService.java:204)
	at org.apache.ratis.server.impl.LeaderElection.lambda$submitRequests$1(LeaderElection.java:234)
	at java.util.concurrent.FutureTask.run(FutureTask.java:266)
	at java.util.concurrent.Executors$RunnableAdapter.call(Executors.java:511)
	at java.util.concurrent.FutureTask.run(FutureTask.java:266)
	at java.util.concurrent.ThreadPoolExecutor.runWorker(ThreadPoolExecutor.java:1149)
	at java.util.concurrent.ThreadPoolExecutor$Worker.run(ThreadPoolExecutor.java:624)
	... 1 more
Caused by: org.apache.ratis.thirdparty.io.netty.channel.AbstractChannel$AnnotatedConnectException: Connection refused: /192.168.164.217:39381
	at sun.nio.ch.SocketChannelImpl.checkConnect(Native Method)
	at sun.nio.ch.SocketChannelImpl.finishConnect(SocketChannelImpl.java:717)
	at org.apache.ratis.thirdparty.io.netty.channel.socket.nio.NioSocketChannel.doFinishConnect(NioSocketChannel.java:327)
	at org.apache.ratis.thirdparty.io.netty.channel.nio.AbstractNioChannel$AbstractNioUnsafe.finishConnect(AbstractNioChannel.java:340)
	at org.apache.ratis.thirdparty.io.netty.channel.nio.NioEventLoop.processSelectedKey(NioEventLoop.java:632)
	at org.apache.ratis.thirdparty.io.netty.channel.nio.NioEventLoop.processSelectedKeysOptimized(NioEventLoop.java:579)
	at org.apache.ratis.thirdparty.io.netty.channel.nio.NioEventLoop.processSelectedKeys(NioEventLoop.java:496)
	at org.apache.ratis.thirdparty.io.netty.channel.nio.NioEventLoop.run(NioEventLoop.java:458)
	at org.apache.ratis.thirdparty.io.netty.util.concurrent.SingleThreadEventExecutor$5.run(SingleThreadEventExecutor.java:897)
	at org.apache.ratis.thirdparty.io.netty.util.concurrent.FastThreadLocalRunnable.run(FastThreadLocalRunnable.java:30)
	... 1 more
Caused by: java.net.ConnectException: Connection refused
	... 11 more
2019-11-05 08:24:32,768 [4a682f4f-c3f2-4b77-88b7-f0ab78890feb@group-0DB8C7688BF9-LeaderElection564] INFO  impl.LeaderElection (LogUtils.java:infoOrTrace(149)) -   Exception 1: {}
java.util.concurrent.ExecutionException: org.apache.ratis.thirdparty.io.grpc.StatusRuntimeException: UNAVAILABLE: io exception
	at java.util.concurrent.FutureTask.report(FutureTask.java:122)
	at java.util.concurrent.FutureTask.get(FutureTask.java:192)
	at org.apache.ratis.server.impl.LeaderElection.waitForResults(LeaderElection.java:259)
	at org.apache.ratis.server.impl.LeaderElection.askForVotes(LeaderElection.java:197)
	at org.apache.ratis.server.impl.LeaderElection.run(LeaderElection.java:133)
	at java.lang.Thread.run(Thread.java:748)
Caused by: org.apache.ratis.thirdparty.io.grpc.StatusRuntimeException: UNAVAILABLE: io exception
	at org.apache.ratis.thirdparty.io.grpc.stub.ClientCalls.toStatusRuntimeException(ClientCalls.java:233)
	at org.apache.ratis.thirdparty.io.grpc.stub.ClientCalls.getUnchecked(ClientCalls.java:214)
	at org.apache.ratis.thirdparty.io.grpc.stub.ClientCalls.blockingUnaryCall(ClientCalls.java:139)
	at org.apache.ratis.proto.grpc.RaftServerProtocolServiceGrpc$RaftServerProtocolServiceBlockingStub.requestVote(RaftServerProtocolServiceGrpc.java:265)
	at org.apache.ratis.grpc.server.GrpcServerProtocolClient.requestVote(GrpcServerProtocolClient.java:99)
	at org.apache.ratis.grpc.server.GrpcService.requestVote(GrpcService.java:204)
	at org.apache.ratis.server.impl.LeaderElection.lambda$submitRequests$1(LeaderElection.java:234)
	at java.util.concurrent.FutureTask.run(FutureTask.java:266)
	at java.util.concurrent.Executors$RunnableAdapter.call(Executors.java:511)
	at java.util.concurrent.FutureTask.run(FutureTask.java:266)
	at java.util.concurrent.ThreadPoolExecutor.runWorker(ThreadPoolExecutor.java:1149)
	at java.util.concurrent.ThreadPoolExecutor$Worker.run(ThreadPoolExecutor.java:624)
	... 1 more
Caused by: org.apache.ratis.thirdparty.io.netty.channel.AbstractChannel$AnnotatedConnectException: Connection refused: /192.168.164.217:44149
	at sun.nio.ch.SocketChannelImpl.checkConnect(Native Method)
	at sun.nio.ch.SocketChannelImpl.finishConnect(SocketChannelImpl.java:717)
	at org.apache.ratis.thirdparty.io.netty.channel.socket.nio.NioSocketChannel.doFinishConnect(NioSocketChannel.java:327)
	at org.apache.ratis.thirdparty.io.netty.channel.nio.AbstractNioChannel$AbstractNioUnsafe.finishConnect(AbstractNioChannel.java:340)
	at org.apache.ratis.thirdparty.io.netty.channel.nio.NioEventLoop.processSelectedKey(NioEventLoop.java:632)
	at org.apache.ratis.thirdparty.io.netty.channel.nio.NioEventLoop.processSelectedKeysOptimized(NioEventLoop.java:579)
	at org.apache.ratis.thirdparty.io.netty.channel.nio.NioEventLoop.processSelectedKeys(NioEventLoop.java:496)
	at org.apache.ratis.thirdparty.io.netty.channel.nio.NioEventLoop.run(NioEventLoop.java:458)
	at org.apache.ratis.thirdparty.io.netty.util.concurrent.SingleThreadEventExecutor$5.run(SingleThreadEventExecutor.java:897)
	at org.apache.ratis.thirdparty.io.netty.util.concurrent.FastThreadLocalRunnable.run(FastThreadLocalRunnable.java:30)
	... 1 more
Caused by: java.net.ConnectException: Connection refused
	... 11 more
2019-11-05 08:24:32,768 [4a682f4f-c3f2-4b77-88b7-f0ab78890feb@group-0DB8C7688BF9-LeaderElection564] INFO  impl.RaftServerImpl (RaftServerImpl.java:setRole(184)) - 4a682f4f-c3f2-4b77-88b7-f0ab78890feb@group-0DB8C7688BF9: changes role from CANDIDATE to FOLLOWER at term 346 for DISCOVERED_A_NEW_TERM
2019-11-05 08:24:32,768 [4a682f4f-c3f2-4b77-88b7-f0ab78890feb@group-0DB8C7688BF9-LeaderElection564] INFO  impl.RoleInfo (RoleInfo.java:shutdownLeaderElection(134)) - 4a682f4f-c3f2-4b77-88b7-f0ab78890feb: shutdown LeaderElection
2019-11-05 08:24:32,768 [4a682f4f-c3f2-4b77-88b7-f0ab78890feb@group-0DB8C7688BF9-LeaderElection564] INFO  impl.RoleInfo (RoleInfo.java:updateAndGet(143)) - 4a682f4f-c3f2-4b77-88b7-f0ab78890feb: start FollowerState
2019-11-05 08:24:32,796 [java.util.concurrent.ThreadPoolExecutor$Worker@7a1c0679[State = -1, empty queue]] WARN  server.GrpcLogAppender (GrpcLogAppender.java:timeoutAppendRequest(209)) - 6189f8a4-91dd-451f-abcb-72b2dcd73465@group-9D53872EEF85->c3e88256-f771-43b4-b3fb-c682fc5ee06f-GrpcLogAppender: appendEntries Timeout, request=6189f8a4-91dd-451f-abcb-72b2dcd73465->c3e88256-f771-43b4-b3fb-c682fc5ee06f#101-t4, previous=(t:4, i:20), leaderCommit=20, initializing? false, entries: <empty>
2019-11-05 08:24:32,892 [Thread-4035] INFO  impl.FollowerState (FollowerState.java:run(108)) - 4a682f4f-c3f2-4b77-88b7-f0ab78890feb@group-0DB8C7688BF9-FollowerState: change to CANDIDATE, lastRpcTime:123ms, electionTimeout:123ms
2019-11-05 08:24:32,892 [Thread-4035] INFO  impl.RoleInfo (RoleInfo.java:shutdownFollowerState(121)) - 4a682f4f-c3f2-4b77-88b7-f0ab78890feb: shutdown FollowerState
2019-11-05 08:24:32,892 [Thread-4035] INFO  impl.RaftServerImpl (RaftServerImpl.java:setRole(184)) - 4a682f4f-c3f2-4b77-88b7-f0ab78890feb@group-0DB8C7688BF9: changes role from  FOLLOWER to CANDIDATE at term 346 for changeToCandidate
2019-11-05 08:24:32,892 [Thread-4035] INFO  impl.RoleInfo (RoleInfo.java:updateAndGet(143)) - 4a682f4f-c3f2-4b77-88b7-f0ab78890feb: start LeaderElection
2019-11-05 08:24:32,907 [4a682f4f-c3f2-4b77-88b7-f0ab78890feb@group-0DB8C7688BF9-LeaderElection565] INFO  impl.LeaderElection (LeaderElection.java:askForVotes(178)) - 4a682f4f-c3f2-4b77-88b7-f0ab78890feb@group-0DB8C7688BF9-LeaderElection565: begin an election at term 347 for -1: [77ab65e6-d942-49df-83a3-1d4c0bf152b3:192.168.164.217:39381, 7e1b84a9-a041-44fd-8008-f2679426984c:192.168.164.217:44149, 4a682f4f-c3f2-4b77-88b7-f0ab78890feb:192.168.164.217:34174], old=null
2019-11-05 08:24:32,908 [4a682f4f-c3f2-4b77-88b7-f0ab78890feb@group-0DB8C7688BF9-LeaderElection565] INFO  impl.LeaderElection (LogUtils.java:infoOrTrace(149)) - 4a682f4f-c3f2-4b77-88b7-f0ab78890feb@group-0DB8C7688BF9-LeaderElection565 got exception when requesting votes: {}
java.util.concurrent.ExecutionException: org.apache.ratis.thirdparty.io.grpc.StatusRuntimeException: UNAVAILABLE: io exception
	at java.util.concurrent.FutureTask.report(FutureTask.java:122)
	at java.util.concurrent.FutureTask.get(FutureTask.java:192)
	at org.apache.ratis.server.impl.LeaderElection.waitForResults(LeaderElection.java:259)
	at org.apache.ratis.server.impl.LeaderElection.askForVotes(LeaderElection.java:197)
	at org.apache.ratis.server.impl.LeaderElection.run(LeaderElection.java:133)
	at java.lang.Thread.run(Thread.java:748)
Caused by: org.apache.ratis.thirdparty.io.grpc.StatusRuntimeException: UNAVAILABLE: io exception
	at org.apache.ratis.thirdparty.io.grpc.stub.ClientCalls.toStatusRuntimeException(ClientCalls.java:233)
	at org.apache.ratis.thirdparty.io.grpc.stub.ClientCalls.getUnchecked(ClientCalls.java:214)
	at org.apache.ratis.thirdparty.io.grpc.stub.ClientCalls.blockingUnaryCall(ClientCalls.java:139)
	at org.apache.ratis.proto.grpc.RaftServerProtocolServiceGrpc$RaftServerProtocolServiceBlockingStub.requestVote(RaftServerProtocolServiceGrpc.java:265)
	at org.apache.ratis.grpc.server.GrpcServerProtocolClient.requestVote(GrpcServerProtocolClient.java:99)
	at org.apache.ratis.grpc.server.GrpcService.requestVote(GrpcService.java:204)
	at org.apache.ratis.server.impl.LeaderElection.lambda$submitRequests$1(LeaderElection.java:234)
	at java.util.concurrent.FutureTask.run(FutureTask.java:266)
	at java.util.concurrent.Executors$RunnableAdapter.call(Executors.java:511)
	at java.util.concurrent.FutureTask.run(FutureTask.java:266)
	at java.util.concurrent.ThreadPoolExecutor.runWorker(ThreadPoolExecutor.java:1149)
	at java.util.concurrent.ThreadPoolExecutor$Worker.run(ThreadPoolExecutor.java:624)
	... 1 more
Caused by: org.apache.ratis.thirdparty.io.netty.channel.AbstractChannel$AnnotatedConnectException: Connection refused: /192.168.164.217:39381
	at sun.nio.ch.SocketChannelImpl.checkConnect(Native Method)
	at sun.nio.ch.SocketChannelImpl.finishConnect(SocketChannelImpl.java:717)
	at org.apache.ratis.thirdparty.io.netty.channel.socket.nio.NioSocketChannel.doFinishConnect(NioSocketChannel.java:327)
	at org.apache.ratis.thirdparty.io.netty.channel.nio.AbstractNioChannel$AbstractNioUnsafe.finishConnect(AbstractNioChannel.java:340)
	at org.apache.ratis.thirdparty.io.netty.channel.nio.NioEventLoop.processSelectedKey(NioEventLoop.java:632)
	at org.apache.ratis.thirdparty.io.netty.channel.nio.NioEventLoop.processSelectedKeysOptimized(NioEventLoop.java:579)
	at org.apache.ratis.thirdparty.io.netty.channel.nio.NioEventLoop.processSelectedKeys(NioEventLoop.java:496)
	at org.apache.ratis.thirdparty.io.netty.channel.nio.NioEventLoop.run(NioEventLoop.java:458)
	at org.apache.ratis.thirdparty.io.netty.util.concurrent.SingleThreadEventExecutor$5.run(SingleThreadEventExecutor.java:897)
	at org.apache.ratis.thirdparty.io.netty.util.concurrent.FastThreadLocalRunnable.run(FastThreadLocalRunnable.java:30)
	... 1 more
Caused by: java.net.ConnectException: Connection refused
	... 11 more
2019-11-05 08:24:32,909 [4a682f4f-c3f2-4b77-88b7-f0ab78890feb@group-0DB8C7688BF9-LeaderElection565] INFO  impl.LeaderElection (LogUtils.java:infoOrTrace(149)) - 4a682f4f-c3f2-4b77-88b7-f0ab78890feb@group-0DB8C7688BF9-LeaderElection565 got exception when requesting votes: {}
java.util.concurrent.ExecutionException: org.apache.ratis.thirdparty.io.grpc.StatusRuntimeException: UNAVAILABLE: io exception
	at java.util.concurrent.FutureTask.report(FutureTask.java:122)
	at java.util.concurrent.FutureTask.get(FutureTask.java:192)
	at org.apache.ratis.server.impl.LeaderElection.waitForResults(LeaderElection.java:259)
	at org.apache.ratis.server.impl.LeaderElection.askForVotes(LeaderElection.java:197)
	at org.apache.ratis.server.impl.LeaderElection.run(LeaderElection.java:133)
	at java.lang.Thread.run(Thread.java:748)
Caused by: org.apache.ratis.thirdparty.io.grpc.StatusRuntimeException: UNAVAILABLE: io exception
	at org.apache.ratis.thirdparty.io.grpc.stub.ClientCalls.toStatusRuntimeException(ClientCalls.java:233)
	at org.apache.ratis.thirdparty.io.grpc.stub.ClientCalls.getUnchecked(ClientCalls.java:214)
	at org.apache.ratis.thirdparty.io.grpc.stub.ClientCalls.blockingUnaryCall(ClientCalls.java:139)
	at org.apache.ratis.proto.grpc.RaftServerProtocolServiceGrpc$RaftServerProtocolServiceBlockingStub.requestVote(RaftServerProtocolServiceGrpc.java:265)
	at org.apache.ratis.grpc.server.GrpcServerProtocolClient.requestVote(GrpcServerProtocolClient.java:99)
	at org.apache.ratis.grpc.server.GrpcService.requestVote(GrpcService.java:204)
	at org.apache.ratis.server.impl.LeaderElection.lambda$submitRequests$1(LeaderElection.java:234)
	at java.util.concurrent.FutureTask.run(FutureTask.java:266)
	at java.util.concurrent.Executors$RunnableAdapter.call(Executors.java:511)
	at java.util.concurrent.FutureTask.run(FutureTask.java:266)
	at java.util.concurrent.ThreadPoolExecutor.runWorker(ThreadPoolExecutor.java:1149)
	at java.util.concurrent.ThreadPoolExecutor$Worker.run(ThreadPoolExecutor.java:624)
	... 1 more
Caused by: org.apache.ratis.thirdparty.io.netty.channel.AbstractChannel$AnnotatedConnectException: Connection refused: /192.168.164.217:44149
	at sun.nio.ch.SocketChannelImpl.checkConnect(Native Method)
	at sun.nio.ch.SocketChannelImpl.finishConnect(SocketChannelImpl.java:717)
	at org.apache.ratis.thirdparty.io.netty.channel.socket.nio.NioSocketChannel.doFinishConnect(NioSocketChannel.java:327)
	at org.apache.ratis.thirdparty.io.netty.channel.nio.AbstractNioChannel$AbstractNioUnsafe.finishConnect(AbstractNioChannel.java:340)
	at org.apache.ratis.thirdparty.io.netty.channel.nio.NioEventLoop.processSelectedKey(NioEventLoop.java:632)
	at org.apache.ratis.thirdparty.io.netty.channel.nio.NioEventLoop.processSelectedKeysOptimized(NioEventLoop.java:579)
	at org.apache.ratis.thirdparty.io.netty.channel.nio.NioEventLoop.processSelectedKeys(NioEventLoop.java:496)
	at org.apache.ratis.thirdparty.io.netty.channel.nio.NioEventLoop.run(NioEventLoop.java:458)
	at org.apache.ratis.thirdparty.io.netty.util.concurrent.SingleThreadEventExecutor$5.run(SingleThreadEventExecutor.java:897)
	at org.apache.ratis.thirdparty.io.netty.util.concurrent.FastThreadLocalRunnable.run(FastThreadLocalRunnable.java:30)
	... 1 more
Caused by: java.net.ConnectException: Connection refused
	... 11 more
2019-11-05 08:24:32,909 [4a682f4f-c3f2-4b77-88b7-f0ab78890feb@group-0DB8C7688BF9-LeaderElection565] INFO  impl.LeaderElection (LeaderElection.java:logAndReturn(56)) - 4a682f4f-c3f2-4b77-88b7-f0ab78890feb@group-0DB8C7688BF9-LeaderElection565: Election REJECTED; received 0 response(s) [] and 2 exception(s); 4a682f4f-c3f2-4b77-88b7-f0ab78890feb@group-0DB8C7688BF9:t347, leader=null, voted=4a682f4f-c3f2-4b77-88b7-f0ab78890feb, raftlog=4a682f4f-c3f2-4b77-88b7-f0ab78890feb@group-0DB8C7688BF9-SegmentedRaftLog:OPENED:c-1,f-1,i0, conf=-1: [77ab65e6-d942-49df-83a3-1d4c0bf152b3:192.168.164.217:39381, 7e1b84a9-a041-44fd-8008-f2679426984c:192.168.164.217:44149, 4a682f4f-c3f2-4b77-88b7-f0ab78890feb:192.168.164.217:34174], old=null
2019-11-05 08:24:32,909 [4a682f4f-c3f2-4b77-88b7-f0ab78890feb@group-0DB8C7688BF9-LeaderElection565] INFO  impl.LeaderElection (LogUtils.java:infoOrTrace(149)) -   Exception 0: {}
java.util.concurrent.ExecutionException: org.apache.ratis.thirdparty.io.grpc.StatusRuntimeException: UNAVAILABLE: io exception
	at java.util.concurrent.FutureTask.report(FutureTask.java:122)
	at java.util.concurrent.FutureTask.get(FutureTask.java:192)
	at org.apache.ratis.server.impl.LeaderElection.waitForResults(LeaderElection.java:259)
	at org.apache.ratis.server.impl.LeaderElection.askForVotes(LeaderElection.java:197)
	at org.apache.ratis.server.impl.LeaderElection.run(LeaderElection.java:133)
	at java.lang.Thread.run(Thread.java:748)
Caused by: org.apache.ratis.thirdparty.io.grpc.StatusRuntimeException: UNAVAILABLE: io exception
	at org.apache.ratis.thirdparty.io.grpc.stub.ClientCalls.toStatusRuntimeException(ClientCalls.java:233)
	at org.apache.ratis.thirdparty.io.grpc.stub.ClientCalls.getUnchecked(ClientCalls.java:214)
	at org.apache.ratis.thirdparty.io.grpc.stub.ClientCalls.blockingUnaryCall(ClientCalls.java:139)
	at org.apache.ratis.proto.grpc.RaftServerProtocolServiceGrpc$RaftServerProtocolServiceBlockingStub.requestVote(RaftServerProtocolServiceGrpc.java:265)
	at org.apache.ratis.grpc.server.GrpcServerProtocolClient.requestVote(GrpcServerProtocolClient.java:99)
	at org.apache.ratis.grpc.server.GrpcService.requestVote(GrpcService.java:204)
	at org.apache.ratis.server.impl.LeaderElection.lambda$submitRequests$1(LeaderElection.java:234)
	at java.util.concurrent.FutureTask.run(FutureTask.java:266)
	at java.util.concurrent.Executors$RunnableAdapter.call(Executors.java:511)
	at java.util.concurrent.FutureTask.run(FutureTask.java:266)
	at java.util.concurrent.ThreadPoolExecutor.runWorker(ThreadPoolExecutor.java:1149)
	at java.util.concurrent.ThreadPoolExecutor$Worker.run(ThreadPoolExecutor.java:624)
	... 1 more
Caused by: org.apache.ratis.thirdparty.io.netty.channel.AbstractChannel$AnnotatedConnectException: Connection refused: /192.168.164.217:39381
	at sun.nio.ch.SocketChannelImpl.checkConnect(Native Method)
	at sun.nio.ch.SocketChannelImpl.finishConnect(SocketChannelImpl.java:717)
	at org.apache.ratis.thirdparty.io.netty.channel.socket.nio.NioSocketChannel.doFinishConnect(NioSocketChannel.java:327)
	at org.apache.ratis.thirdparty.io.netty.channel.nio.AbstractNioChannel$AbstractNioUnsafe.finishConnect(AbstractNioChannel.java:340)
	at org.apache.ratis.thirdparty.io.netty.channel.nio.NioEventLoop.processSelectedKey(NioEventLoop.java:632)
	at org.apache.ratis.thirdparty.io.netty.channel.nio.NioEventLoop.processSelectedKeysOptimized(NioEventLoop.java:579)
	at org.apache.ratis.thirdparty.io.netty.channel.nio.NioEventLoop.processSelectedKeys(NioEventLoop.java:496)
	at org.apache.ratis.thirdparty.io.netty.channel.nio.NioEventLoop.run(NioEventLoop.java:458)
	at org.apache.ratis.thirdparty.io.netty.util.concurrent.SingleThreadEventExecutor$5.run(SingleThreadEventExecutor.java:897)
	at org.apache.ratis.thirdparty.io.netty.util.concurrent.FastThreadLocalRunnable.run(FastThreadLocalRunnable.java:30)
	... 1 more
Caused by: java.net.ConnectException: Connection refused
	... 11 more
2019-11-05 08:24:32,910 [4a682f4f-c3f2-4b77-88b7-f0ab78890feb@group-0DB8C7688BF9-LeaderElection565] INFO  impl.LeaderElection (LogUtils.java:infoOrTrace(149)) -   Exception 1: {}
java.util.concurrent.ExecutionException: org.apache.ratis.thirdparty.io.grpc.StatusRuntimeException: UNAVAILABLE: io exception
	at java.util.concurrent.FutureTask.report(FutureTask.java:122)
	at java.util.concurrent.FutureTask.get(FutureTask.java:192)
	at org.apache.ratis.server.impl.LeaderElection.waitForResults(LeaderElection.java:259)
	at org.apache.ratis.server.impl.LeaderElection.askForVotes(LeaderElection.java:197)
	at org.apache.ratis.server.impl.LeaderElection.run(LeaderElection.java:133)
	at java.lang.Thread.run(Thread.java:748)
Caused by: org.apache.ratis.thirdparty.io.grpc.StatusRuntimeException: UNAVAILABLE: io exception
	at org.apache.ratis.thirdparty.io.grpc.stub.ClientCalls.toStatusRuntimeException(ClientCalls.java:233)
	at org.apache.ratis.thirdparty.io.grpc.stub.ClientCalls.getUnchecked(ClientCalls.java:214)
	at org.apache.ratis.thirdparty.io.grpc.stub.ClientCalls.blockingUnaryCall(ClientCalls.java:139)
	at org.apache.ratis.proto.grpc.RaftServerProtocolServiceGrpc$RaftServerProtocolServiceBlockingStub.requestVote(RaftServerProtocolServiceGrpc.java:265)
	at org.apache.ratis.grpc.server.GrpcServerProtocolClient.requestVote(GrpcServerProtocolClient.java:99)
	at org.apache.ratis.grpc.server.GrpcService.requestVote(GrpcService.java:204)
	at org.apache.ratis.server.impl.LeaderElection.lambda$submitRequests$1(LeaderElection.java:234)
	at java.util.concurrent.FutureTask.run(FutureTask.java:266)
	at java.util.concurrent.Executors$RunnableAdapter.call(Executors.java:511)
	at java.util.concurrent.FutureTask.run(FutureTask.java:266)
	at java.util.concurrent.ThreadPoolExecutor.runWorker(ThreadPoolExecutor.java:1149)
	at java.util.concurrent.ThreadPoolExecutor$Worker.run(ThreadPoolExecutor.java:624)
	... 1 more
Caused by: org.apache.ratis.thirdparty.io.netty.channel.AbstractChannel$AnnotatedConnectException: Connection refused: /192.168.164.217:44149
	at sun.nio.ch.SocketChannelImpl.checkConnect(Native Method)
	at sun.nio.ch.SocketChannelImpl.finishConnect(SocketChannelImpl.java:717)
	at org.apache.ratis.thirdparty.io.netty.channel.socket.nio.NioSocketChannel.doFinishConnect(NioSocketChannel.java:327)
	at org.apache.ratis.thirdparty.io.netty.channel.nio.AbstractNioChannel$AbstractNioUnsafe.finishConnect(AbstractNioChannel.java:340)
	at org.apache.ratis.thirdparty.io.netty.channel.nio.NioEventLoop.processSelectedKey(NioEventLoop.java:632)
	at org.apache.ratis.thirdparty.io.netty.channel.nio.NioEventLoop.processSelectedKeysOptimized(NioEventLoop.java:579)
	at org.apache.ratis.thirdparty.io.netty.channel.nio.NioEventLoop.processSelectedKeys(NioEventLoop.java:496)
	at org.apache.ratis.thirdparty.io.netty.channel.nio.NioEventLoop.run(NioEventLoop.java:458)
	at org.apache.ratis.thirdparty.io.netty.util.concurrent.SingleThreadEventExecutor$5.run(SingleThreadEventExecutor.java:897)
	at org.apache.ratis.thirdparty.io.netty.util.concurrent.FastThreadLocalRunnable.run(FastThreadLocalRunnable.java:30)
	... 1 more
Caused by: java.net.ConnectException: Connection refused
	... 11 more
2019-11-05 08:24:32,910 [4a682f4f-c3f2-4b77-88b7-f0ab78890feb@group-0DB8C7688BF9-LeaderElection565] INFO  impl.RaftServerImpl (RaftServerImpl.java:setRole(184)) - 4a682f4f-c3f2-4b77-88b7-f0ab78890feb@group-0DB8C7688BF9: changes role from CANDIDATE to FOLLOWER at term 347 for DISCOVERED_A_NEW_TERM
2019-11-05 08:24:32,910 [4a682f4f-c3f2-4b77-88b7-f0ab78890feb@group-0DB8C7688BF9-LeaderElection565] INFO  impl.RoleInfo (RoleInfo.java:shutdownLeaderElection(134)) - 4a682f4f-c3f2-4b77-88b7-f0ab78890feb: shutdown LeaderElection
2019-11-05 08:24:32,910 [4a682f4f-c3f2-4b77-88b7-f0ab78890feb@group-0DB8C7688BF9-LeaderElection565] INFO  impl.RoleInfo (RoleInfo.java:updateAndGet(143)) - 4a682f4f-c3f2-4b77-88b7-f0ab78890feb: start FollowerState
2019-11-05 08:24:32,956 [Thread-4039] INFO  impl.FollowerState (FollowerState.java:run(108)) - 4a682f4f-c3f2-4b77-88b7-f0ab78890feb@group-0DB8C7688BF9-FollowerState: change to CANDIDATE, lastRpcTime:45ms, electionTimeout:45ms
2019-11-05 08:24:32,956 [Thread-4039] INFO  impl.RoleInfo (RoleInfo.java:shutdownFollowerState(121)) - 4a682f4f-c3f2-4b77-88b7-f0ab78890feb: shutdown FollowerState
2019-11-05 08:24:32,956 [Thread-4039] INFO  impl.RaftServerImpl (RaftServerImpl.java:setRole(184)) - 4a682f4f-c3f2-4b77-88b7-f0ab78890feb@group-0DB8C7688BF9: changes role from  FOLLOWER to CANDIDATE at term 347 for changeToCandidate
2019-11-05 08:24:32,956 [Thread-4039] INFO  impl.RoleInfo (RoleInfo.java:updateAndGet(143)) - 4a682f4f-c3f2-4b77-88b7-f0ab78890feb: start LeaderElection
2019-11-05 08:24:32,969 [4a682f4f-c3f2-4b77-88b7-f0ab78890feb@group-0DB8C7688BF9-LeaderElection566] INFO  impl.LeaderElection (LeaderElection.java:askForVotes(178)) - 4a682f4f-c3f2-4b77-88b7-f0ab78890feb@group-0DB8C7688BF9-LeaderElection566: begin an election at term 348 for -1: [77ab65e6-d942-49df-83a3-1d4c0bf152b3:192.168.164.217:39381, 7e1b84a9-a041-44fd-8008-f2679426984c:192.168.164.217:44149, 4a682f4f-c3f2-4b77-88b7-f0ab78890feb:192.168.164.217:34174], old=null
2019-11-05 08:24:32,970 [4a682f4f-c3f2-4b77-88b7-f0ab78890feb@group-0DB8C7688BF9-LeaderElection566] INFO  impl.LeaderElection (LogUtils.java:infoOrTrace(149)) - 4a682f4f-c3f2-4b77-88b7-f0ab78890feb@group-0DB8C7688BF9-LeaderElection566 got exception when requesting votes: {}
java.util.concurrent.ExecutionException: org.apache.ratis.thirdparty.io.grpc.StatusRuntimeException: UNAVAILABLE: io exception
	at java.util.concurrent.FutureTask.report(FutureTask.java:122)
	at java.util.concurrent.FutureTask.get(FutureTask.java:192)
	at org.apache.ratis.server.impl.LeaderElection.waitForResults(LeaderElection.java:259)
	at org.apache.ratis.server.impl.LeaderElection.askForVotes(LeaderElection.java:197)
	at org.apache.ratis.server.impl.LeaderElection.run(LeaderElection.java:133)
	at java.lang.Thread.run(Thread.java:748)
Caused by: org.apache.ratis.thirdparty.io.grpc.StatusRuntimeException: UNAVAILABLE: io exception
	at org.apache.ratis.thirdparty.io.grpc.stub.ClientCalls.toStatusRuntimeException(ClientCalls.java:233)
	at org.apache.ratis.thirdparty.io.grpc.stub.ClientCalls.getUnchecked(ClientCalls.java:214)
	at org.apache.ratis.thirdparty.io.grpc.stub.ClientCalls.blockingUnaryCall(ClientCalls.java:139)
	at org.apache.ratis.proto.grpc.RaftServerProtocolServiceGrpc$RaftServerProtocolServiceBlockingStub.requestVote(RaftServerProtocolServiceGrpc.java:265)
	at org.apache.ratis.grpc.server.GrpcServerProtocolClient.requestVote(GrpcServerProtocolClient.java:99)
	at org.apache.ratis.grpc.server.GrpcService.requestVote(GrpcService.java:204)
	at org.apache.ratis.server.impl.LeaderElection.lambda$submitRequests$1(LeaderElection.java:234)
	at java.util.concurrent.FutureTask.run(FutureTask.java:266)
	at java.util.concurrent.Executors$RunnableAdapter.call(Executors.java:511)
	at java.util.concurrent.FutureTask.run(FutureTask.java:266)
	at java.util.concurrent.ThreadPoolExecutor.runWorker(ThreadPoolExecutor.java:1149)
	at java.util.concurrent.ThreadPoolExecutor$Worker.run(ThreadPoolExecutor.java:624)
	... 1 more
Caused by: org.apache.ratis.thirdparty.io.netty.channel.AbstractChannel$AnnotatedConnectException: Connection refused: /192.168.164.217:39381
	at sun.nio.ch.SocketChannelImpl.checkConnect(Native Method)
	at sun.nio.ch.SocketChannelImpl.finishConnect(SocketChannelImpl.java:717)
	at org.apache.ratis.thirdparty.io.netty.channel.socket.nio.NioSocketChannel.doFinishConnect(NioSocketChannel.java:327)
	at org.apache.ratis.thirdparty.io.netty.channel.nio.AbstractNioChannel$AbstractNioUnsafe.finishConnect(AbstractNioChannel.java:340)
	at org.apache.ratis.thirdparty.io.netty.channel.nio.NioEventLoop.processSelectedKey(NioEventLoop.java:632)
	at org.apache.ratis.thirdparty.io.netty.channel.nio.NioEventLoop.processSelectedKeysOptimized(NioEventLoop.java:579)
	at org.apache.ratis.thirdparty.io.netty.channel.nio.NioEventLoop.processSelectedKeys(NioEventLoop.java:496)
	at org.apache.ratis.thirdparty.io.netty.channel.nio.NioEventLoop.run(NioEventLoop.java:458)
	at org.apache.ratis.thirdparty.io.netty.util.concurrent.SingleThreadEventExecutor$5.run(SingleThreadEventExecutor.java:897)
	at org.apache.ratis.thirdparty.io.netty.util.concurrent.FastThreadLocalRunnable.run(FastThreadLocalRunnable.java:30)
	... 1 more
Caused by: java.net.ConnectException: Connection refused
	... 11 more
2019-11-05 08:24:32,970 [4a682f4f-c3f2-4b77-88b7-f0ab78890feb@group-0DB8C7688BF9-LeaderElection566] INFO  impl.LeaderElection (LogUtils.java:infoOrTrace(149)) - 4a682f4f-c3f2-4b77-88b7-f0ab78890feb@group-0DB8C7688BF9-LeaderElection566 got exception when requesting votes: {}
java.util.concurrent.ExecutionException: org.apache.ratis.thirdparty.io.grpc.StatusRuntimeException: UNAVAILABLE: io exception
	at java.util.concurrent.FutureTask.report(FutureTask.java:122)
	at java.util.concurrent.FutureTask.get(FutureTask.java:192)
	at org.apache.ratis.server.impl.LeaderElection.waitForResults(LeaderElection.java:259)
	at org.apache.ratis.server.impl.LeaderElection.askForVotes(LeaderElection.java:197)
	at org.apache.ratis.server.impl.LeaderElection.run(LeaderElection.java:133)
	at java.lang.Thread.run(Thread.java:748)
Caused by: org.apache.ratis.thirdparty.io.grpc.StatusRuntimeException: UNAVAILABLE: io exception
	at org.apache.ratis.thirdparty.io.grpc.stub.ClientCalls.toStatusRuntimeException(ClientCalls.java:233)
	at org.apache.ratis.thirdparty.io.grpc.stub.ClientCalls.getUnchecked(ClientCalls.java:214)
	at org.apache.ratis.thirdparty.io.grpc.stub.ClientCalls.blockingUnaryCall(ClientCalls.java:139)
	at org.apache.ratis.proto.grpc.RaftServerProtocolServiceGrpc$RaftServerProtocolServiceBlockingStub.requestVote(RaftServerProtocolServiceGrpc.java:265)
	at org.apache.ratis.grpc.server.GrpcServerProtocolClient.requestVote(GrpcServerProtocolClient.java:99)
	at org.apache.ratis.grpc.server.GrpcService.requestVote(GrpcService.java:204)
	at org.apache.ratis.server.impl.LeaderElection.lambda$submitRequests$1(LeaderElection.java:234)
	at java.util.concurrent.FutureTask.run(FutureTask.java:266)
	at java.util.concurrent.Executors$RunnableAdapter.call(Executors.java:511)
	at java.util.concurrent.FutureTask.run(FutureTask.java:266)
	at java.util.concurrent.ThreadPoolExecutor.runWorker(ThreadPoolExecutor.java:1149)
	at java.util.concurrent.ThreadPoolExecutor$Worker.run(ThreadPoolExecutor.java:624)
	... 1 more
Caused by: org.apache.ratis.thirdparty.io.netty.channel.AbstractChannel$AnnotatedConnectException: Connection refused: /192.168.164.217:44149
	at sun.nio.ch.SocketChannelImpl.checkConnect(Native Method)
	at sun.nio.ch.SocketChannelImpl.finishConnect(SocketChannelImpl.java:717)
	at org.apache.ratis.thirdparty.io.netty.channel.socket.nio.NioSocketChannel.doFinishConnect(NioSocketChannel.java:327)
	at org.apache.ratis.thirdparty.io.netty.channel.nio.AbstractNioChannel$AbstractNioUnsafe.finishConnect(AbstractNioChannel.java:340)
	at org.apache.ratis.thirdparty.io.netty.channel.nio.NioEventLoop.processSelectedKey(NioEventLoop.java:632)
	at org.apache.ratis.thirdparty.io.netty.channel.nio.NioEventLoop.processSelectedKeysOptimized(NioEventLoop.java:579)
	at org.apache.ratis.thirdparty.io.netty.channel.nio.NioEventLoop.processSelectedKeys(NioEventLoop.java:496)
	at org.apache.ratis.thirdparty.io.netty.channel.nio.NioEventLoop.run(NioEventLoop.java:458)
	at org.apache.ratis.thirdparty.io.netty.util.concurrent.SingleThreadEventExecutor$5.run(SingleThreadEventExecutor.java:897)
	at org.apache.ratis.thirdparty.io.netty.util.concurrent.FastThreadLocalRunnable.run(FastThreadLocalRunnable.java:30)
	... 1 more
Caused by: java.net.ConnectException: Connection refused
	... 11 more
2019-11-05 08:24:32,971 [4a682f4f-c3f2-4b77-88b7-f0ab78890feb@group-0DB8C7688BF9-LeaderElection566] INFO  impl.LeaderElection (LeaderElection.java:logAndReturn(56)) - 4a682f4f-c3f2-4b77-88b7-f0ab78890feb@group-0DB8C7688BF9-LeaderElection566: Election REJECTED; received 0 response(s) [] and 2 exception(s); 4a682f4f-c3f2-4b77-88b7-f0ab78890feb@group-0DB8C7688BF9:t348, leader=null, voted=4a682f4f-c3f2-4b77-88b7-f0ab78890feb, raftlog=4a682f4f-c3f2-4b77-88b7-f0ab78890feb@group-0DB8C7688BF9-SegmentedRaftLog:OPENED:c-1,f-1,i0, conf=-1: [77ab65e6-d942-49df-83a3-1d4c0bf152b3:192.168.164.217:39381, 7e1b84a9-a041-44fd-8008-f2679426984c:192.168.164.217:44149, 4a682f4f-c3f2-4b77-88b7-f0ab78890feb:192.168.164.217:34174], old=null
2019-11-05 08:24:32,971 [4a682f4f-c3f2-4b77-88b7-f0ab78890feb@group-0DB8C7688BF9-LeaderElection566] INFO  impl.LeaderElection (LogUtils.java:infoOrTrace(149)) -   Exception 0: {}
java.util.concurrent.ExecutionException: org.apache.ratis.thirdparty.io.grpc.StatusRuntimeException: UNAVAILABLE: io exception
	at java.util.concurrent.FutureTask.report(FutureTask.java:122)
	at java.util.concurrent.FutureTask.get(FutureTask.java:192)
	at org.apache.ratis.server.impl.LeaderElection.waitForResults(LeaderElection.java:259)
	at org.apache.ratis.server.impl.LeaderElection.askForVotes(LeaderElection.java:197)
	at org.apache.ratis.server.impl.LeaderElection.run(LeaderElection.java:133)
	at java.lang.Thread.run(Thread.java:748)
Caused by: org.apache.ratis.thirdparty.io.grpc.StatusRuntimeException: UNAVAILABLE: io exception
	at org.apache.ratis.thirdparty.io.grpc.stub.ClientCalls.toStatusRuntimeException(ClientCalls.java:233)
	at org.apache.ratis.thirdparty.io.grpc.stub.ClientCalls.getUnchecked(ClientCalls.java:214)
	at org.apache.ratis.thirdparty.io.grpc.stub.ClientCalls.blockingUnaryCall(ClientCalls.java:139)
	at org.apache.ratis.proto.grpc.RaftServerProtocolServiceGrpc$RaftServerProtocolServiceBlockingStub.requestVote(RaftServerProtocolServiceGrpc.java:265)
	at org.apache.ratis.grpc.server.GrpcServerProtocolClient.requestVote(GrpcServerProtocolClient.java:99)
	at org.apache.ratis.grpc.server.GrpcService.requestVote(GrpcService.java:204)
	at org.apache.ratis.server.impl.LeaderElection.lambda$submitRequests$1(LeaderElection.java:234)
	at java.util.concurrent.FutureTask.run(FutureTask.java:266)
	at java.util.concurrent.Executors$RunnableAdapter.call(Executors.java:511)
	at java.util.concurrent.FutureTask.run(FutureTask.java:266)
	at java.util.concurrent.ThreadPoolExecutor.runWorker(ThreadPoolExecutor.java:1149)
	at java.util.concurrent.ThreadPoolExecutor$Worker.run(ThreadPoolExecutor.java:624)
	... 1 more
Caused by: org.apache.ratis.thirdparty.io.netty.channel.AbstractChannel$AnnotatedConnectException: Connection refused: /192.168.164.217:39381
	at sun.nio.ch.SocketChannelImpl.checkConnect(Native Method)
	at sun.nio.ch.SocketChannelImpl.finishConnect(SocketChannelImpl.java:717)
	at org.apache.ratis.thirdparty.io.netty.channel.socket.nio.NioSocketChannel.doFinishConnect(NioSocketChannel.java:327)
	at org.apache.ratis.thirdparty.io.netty.channel.nio.AbstractNioChannel$AbstractNioUnsafe.finishConnect(AbstractNioChannel.java:340)
	at org.apache.ratis.thirdparty.io.netty.channel.nio.NioEventLoop.processSelectedKey(NioEventLoop.java:632)
	at org.apache.ratis.thirdparty.io.netty.channel.nio.NioEventLoop.processSelectedKeysOptimized(NioEventLoop.java:579)
	at org.apache.ratis.thirdparty.io.netty.channel.nio.NioEventLoop.processSelectedKeys(NioEventLoop.java:496)
	at org.apache.ratis.thirdparty.io.netty.channel.nio.NioEventLoop.run(NioEventLoop.java:458)
	at org.apache.ratis.thirdparty.io.netty.util.concurrent.SingleThreadEventExecutor$5.run(SingleThreadEventExecutor.java:897)
	at org.apache.ratis.thirdparty.io.netty.util.concurrent.FastThreadLocalRunnable.run(FastThreadLocalRunnable.java:30)
	... 1 more
Caused by: java.net.ConnectException: Connection refused
	... 11 more
2019-11-05 08:24:32,971 [4a682f4f-c3f2-4b77-88b7-f0ab78890feb@group-0DB8C7688BF9-LeaderElection566] INFO  impl.LeaderElection (LogUtils.java:infoOrTrace(149)) -   Exception 1: {}
java.util.concurrent.ExecutionException: org.apache.ratis.thirdparty.io.grpc.StatusRuntimeException: UNAVAILABLE: io exception
	at java.util.concurrent.FutureTask.report(FutureTask.java:122)
	at java.util.concurrent.FutureTask.get(FutureTask.java:192)
	at org.apache.ratis.server.impl.LeaderElection.waitForResults(LeaderElection.java:259)
	at org.apache.ratis.server.impl.LeaderElection.askForVotes(LeaderElection.java:197)
	at org.apache.ratis.server.impl.LeaderElection.run(LeaderElection.java:133)
	at java.lang.Thread.run(Thread.java:748)
Caused by: org.apache.ratis.thirdparty.io.grpc.StatusRuntimeException: UNAVAILABLE: io exception
	at org.apache.ratis.thirdparty.io.grpc.stub.ClientCalls.toStatusRuntimeException(ClientCalls.java:233)
	at org.apache.ratis.thirdparty.io.grpc.stub.ClientCalls.getUnchecked(ClientCalls.java:214)
	at org.apache.ratis.thirdparty.io.grpc.stub.ClientCalls.blockingUnaryCall(ClientCalls.java:139)
	at org.apache.ratis.proto.grpc.RaftServerProtocolServiceGrpc$RaftServerProtocolServiceBlockingStub.requestVote(RaftServerProtocolServiceGrpc.java:265)
	at org.apache.ratis.grpc.server.GrpcServerProtocolClient.requestVote(GrpcServerProtocolClient.java:99)
	at org.apache.ratis.grpc.server.GrpcService.requestVote(GrpcService.java:204)
	at org.apache.ratis.server.impl.LeaderElection.lambda$submitRequests$1(LeaderElection.java:234)
	at java.util.concurrent.FutureTask.run(FutureTask.java:266)
	at java.util.concurrent.Executors$RunnableAdapter.call(Executors.java:511)
	at java.util.concurrent.FutureTask.run(FutureTask.java:266)
	at java.util.concurrent.ThreadPoolExecutor.runWorker(ThreadPoolExecutor.java:1149)
	at java.util.concurrent.ThreadPoolExecutor$Worker.run(ThreadPoolExecutor.java:624)
	... 1 more
Caused by: org.apache.ratis.thirdparty.io.netty.channel.AbstractChannel$AnnotatedConnectException: Connection refused: /192.168.164.217:44149
	at sun.nio.ch.SocketChannelImpl.checkConnect(Native Method)
	at sun.nio.ch.SocketChannelImpl.finishConnect(SocketChannelImpl.java:717)
	at org.apache.ratis.thirdparty.io.netty.channel.socket.nio.NioSocketChannel.doFinishConnect(NioSocketChannel.java:327)
	at org.apache.ratis.thirdparty.io.netty.channel.nio.AbstractNioChannel$AbstractNioUnsafe.finishConnect(AbstractNioChannel.java:340)
	at org.apache.ratis.thirdparty.io.netty.channel.nio.NioEventLoop.processSelectedKey(NioEventLoop.java:632)
	at org.apache.ratis.thirdparty.io.netty.channel.nio.NioEventLoop.processSelectedKeysOptimized(NioEventLoop.java:579)
	at org.apache.ratis.thirdparty.io.netty.channel.nio.NioEventLoop.processSelectedKeys(NioEventLoop.java:496)
	at org.apache.ratis.thirdparty.io.netty.channel.nio.NioEventLoop.run(NioEventLoop.java:458)
	at org.apache.ratis.thirdparty.io.netty.util.concurrent.SingleThreadEventExecutor$5.run(SingleThreadEventExecutor.java:897)
	at org.apache.ratis.thirdparty.io.netty.util.concurrent.FastThreadLocalRunnable.run(FastThreadLocalRunnable.java:30)
	... 1 more
Caused by: java.net.ConnectException: Connection refused
	... 11 more
2019-11-05 08:24:32,971 [4a682f4f-c3f2-4b77-88b7-f0ab78890feb@group-0DB8C7688BF9-LeaderElection566] INFO  impl.RaftServerImpl (RaftServerImpl.java:setRole(184)) - 4a682f4f-c3f2-4b77-88b7-f0ab78890feb@group-0DB8C7688BF9: changes role from CANDIDATE to FOLLOWER at term 348 for DISCOVERED_A_NEW_TERM
2019-11-05 08:24:32,971 [4a682f4f-c3f2-4b77-88b7-f0ab78890feb@group-0DB8C7688BF9-LeaderElection566] INFO  impl.RoleInfo (RoleInfo.java:shutdownLeaderElection(134)) - 4a682f4f-c3f2-4b77-88b7-f0ab78890feb: shutdown LeaderElection
2019-11-05 08:24:32,972 [4a682f4f-c3f2-4b77-88b7-f0ab78890feb@group-0DB8C7688BF9-LeaderElection566] INFO  impl.RoleInfo (RoleInfo.java:updateAndGet(143)) - 4a682f4f-c3f2-4b77-88b7-f0ab78890feb: start FollowerState
2019-11-05 08:24:33,031 [Thread-4043] INFO  impl.FollowerState (FollowerState.java:run(108)) - 4a682f4f-c3f2-4b77-88b7-f0ab78890feb@group-0DB8C7688BF9-FollowerState: change to CANDIDATE, lastRpcTime:59ms, electionTimeout:59ms
2019-11-05 08:24:33,031 [Thread-4043] INFO  impl.RoleInfo (RoleInfo.java:shutdownFollowerState(121)) - 4a682f4f-c3f2-4b77-88b7-f0ab78890feb: shutdown FollowerState
2019-11-05 08:24:33,031 [Thread-4043] INFO  impl.RaftServerImpl (RaftServerImpl.java:setRole(184)) - 4a682f4f-c3f2-4b77-88b7-f0ab78890feb@group-0DB8C7688BF9: changes role from  FOLLOWER to CANDIDATE at term 348 for changeToCandidate
2019-11-05 08:24:33,032 [Thread-4043] INFO  impl.RoleInfo (RoleInfo.java:updateAndGet(143)) - 4a682f4f-c3f2-4b77-88b7-f0ab78890feb: start LeaderElection
2019-11-05 08:24:33,044 [4a682f4f-c3f2-4b77-88b7-f0ab78890feb@group-0DB8C7688BF9-LeaderElection567] INFO  impl.LeaderElection (LeaderElection.java:askForVotes(178)) - 4a682f4f-c3f2-4b77-88b7-f0ab78890feb@group-0DB8C7688BF9-LeaderElection567: begin an election at term 349 for -1: [77ab65e6-d942-49df-83a3-1d4c0bf152b3:192.168.164.217:39381, 7e1b84a9-a041-44fd-8008-f2679426984c:192.168.164.217:44149, 4a682f4f-c3f2-4b77-88b7-f0ab78890feb:192.168.164.217:34174], old=null
2019-11-05 08:24:33,045 [4a682f4f-c3f2-4b77-88b7-f0ab78890feb@group-0DB8C7688BF9-LeaderElection567] INFO  impl.LeaderElection (LogUtils.java:infoOrTrace(149)) - 4a682f4f-c3f2-4b77-88b7-f0ab78890feb@group-0DB8C7688BF9-LeaderElection567 got exception when requesting votes: {}
java.util.concurrent.ExecutionException: org.apache.ratis.thirdparty.io.grpc.StatusRuntimeException: UNAVAILABLE: io exception
	at java.util.concurrent.FutureTask.report(FutureTask.java:122)
	at java.util.concurrent.FutureTask.get(FutureTask.java:192)
	at org.apache.ratis.server.impl.LeaderElection.waitForResults(LeaderElection.java:259)
	at org.apache.ratis.server.impl.LeaderElection.askForVotes(LeaderElection.java:197)
	at org.apache.ratis.server.impl.LeaderElection.run(LeaderElection.java:133)
	at java.lang.Thread.run(Thread.java:748)
Caused by: org.apache.ratis.thirdparty.io.grpc.StatusRuntimeException: UNAVAILABLE: io exception
	at org.apache.ratis.thirdparty.io.grpc.stub.ClientCalls.toStatusRuntimeException(ClientCalls.java:233)
	at org.apache.ratis.thirdparty.io.grpc.stub.ClientCalls.getUnchecked(ClientCalls.java:214)
	at org.apache.ratis.thirdparty.io.grpc.stub.ClientCalls.blockingUnaryCall(ClientCalls.java:139)
	at org.apache.ratis.proto.grpc.RaftServerProtocolServiceGrpc$RaftServerProtocolServiceBlockingStub.requestVote(RaftServerProtocolServiceGrpc.java:265)
	at org.apache.ratis.grpc.server.GrpcServerProtocolClient.requestVote(GrpcServerProtocolClient.java:99)
	at org.apache.ratis.grpc.server.GrpcService.requestVote(GrpcService.java:204)
	at org.apache.ratis.server.impl.LeaderElection.lambda$submitRequests$1(LeaderElection.java:234)
	at java.util.concurrent.FutureTask.run(FutureTask.java:266)
	at java.util.concurrent.Executors$RunnableAdapter.call(Executors.java:511)
	at java.util.concurrent.FutureTask.run(FutureTask.java:266)
	at java.util.concurrent.ThreadPoolExecutor.runWorker(ThreadPoolExecutor.java:1149)
	at java.util.concurrent.ThreadPoolExecutor$Worker.run(ThreadPoolExecutor.java:624)
	... 1 more
Caused by: org.apache.ratis.thirdparty.io.netty.channel.AbstractChannel$AnnotatedConnectException: Connection refused: /192.168.164.217:39381
	at sun.nio.ch.SocketChannelImpl.checkConnect(Native Method)
	at sun.nio.ch.SocketChannelImpl.finishConnect(SocketChannelImpl.java:717)
	at org.apache.ratis.thirdparty.io.netty.channel.socket.nio.NioSocketChannel.doFinishConnect(NioSocketChannel.java:327)
	at org.apache.ratis.thirdparty.io.netty.channel.nio.AbstractNioChannel$AbstractNioUnsafe.finishConnect(AbstractNioChannel.java:340)
	at org.apache.ratis.thirdparty.io.netty.channel.nio.NioEventLoop.processSelectedKey(NioEventLoop.java:632)
	at org.apache.ratis.thirdparty.io.netty.channel.nio.NioEventLoop.processSelectedKeysOptimized(NioEventLoop.java:579)
	at org.apache.ratis.thirdparty.io.netty.channel.nio.NioEventLoop.processSelectedKeys(NioEventLoop.java:496)
	at org.apache.ratis.thirdparty.io.netty.channel.nio.NioEventLoop.run(NioEventLoop.java:458)
	at org.apache.ratis.thirdparty.io.netty.util.concurrent.SingleThreadEventExecutor$5.run(SingleThreadEventExecutor.java:897)
	at org.apache.ratis.thirdparty.io.netty.util.concurrent.FastThreadLocalRunnable.run(FastThreadLocalRunnable.java:30)
	... 1 more
Caused by: java.net.ConnectException: Connection refused
	... 11 more
2019-11-05 08:24:33,045 [4a682f4f-c3f2-4b77-88b7-f0ab78890feb@group-0DB8C7688BF9-LeaderElection567] INFO  impl.LeaderElection (LogUtils.java:infoOrTrace(149)) - 4a682f4f-c3f2-4b77-88b7-f0ab78890feb@group-0DB8C7688BF9-LeaderElection567 got exception when requesting votes: {}
java.util.concurrent.ExecutionException: org.apache.ratis.thirdparty.io.grpc.StatusRuntimeException: UNAVAILABLE: io exception
	at java.util.concurrent.FutureTask.report(FutureTask.java:122)
	at java.util.concurrent.FutureTask.get(FutureTask.java:192)
	at org.apache.ratis.server.impl.LeaderElection.waitForResults(LeaderElection.java:259)
	at org.apache.ratis.server.impl.LeaderElection.askForVotes(LeaderElection.java:197)
	at org.apache.ratis.server.impl.LeaderElection.run(LeaderElection.java:133)
	at java.lang.Thread.run(Thread.java:748)
Caused by: org.apache.ratis.thirdparty.io.grpc.StatusRuntimeException: UNAVAILABLE: io exception
	at org.apache.ratis.thirdparty.io.grpc.stub.ClientCalls.toStatusRuntimeException(ClientCalls.java:233)
	at org.apache.ratis.thirdparty.io.grpc.stub.ClientCalls.getUnchecked(ClientCalls.java:214)
	at org.apache.ratis.thirdparty.io.grpc.stub.ClientCalls.blockingUnaryCall(ClientCalls.java:139)
	at org.apache.ratis.proto.grpc.RaftServerProtocolServiceGrpc$RaftServerProtocolServiceBlockingStub.requestVote(RaftServerProtocolServiceGrpc.java:265)
	at org.apache.ratis.grpc.server.GrpcServerProtocolClient.requestVote(GrpcServerProtocolClient.java:99)
	at org.apache.ratis.grpc.server.GrpcService.requestVote(GrpcService.java:204)
	at org.apache.ratis.server.impl.LeaderElection.lambda$submitRequests$1(LeaderElection.java:234)
	at java.util.concurrent.FutureTask.run(FutureTask.java:266)
	at java.util.concurrent.Executors$RunnableAdapter.call(Executors.java:511)
	at java.util.concurrent.FutureTask.run(FutureTask.java:266)
	at java.util.concurrent.ThreadPoolExecutor.runWorker(ThreadPoolExecutor.java:1149)
	at java.util.concurrent.ThreadPoolExecutor$Worker.run(ThreadPoolExecutor.java:624)
	... 1 more
Caused by: org.apache.ratis.thirdparty.io.netty.channel.AbstractChannel$AnnotatedConnectException: Connection refused: /192.168.164.217:44149
	at sun.nio.ch.SocketChannelImpl.checkConnect(Native Method)
	at sun.nio.ch.SocketChannelImpl.finishConnect(SocketChannelImpl.java:717)
	at org.apache.ratis.thirdparty.io.netty.channel.socket.nio.NioSocketChannel.doFinishConnect(NioSocketChannel.java:327)
	at org.apache.ratis.thirdparty.io.netty.channel.nio.AbstractNioChannel$AbstractNioUnsafe.finishConnect(AbstractNioChannel.java:340)
	at org.apache.ratis.thirdparty.io.netty.channel.nio.NioEventLoop.processSelectedKey(NioEventLoop.java:632)
	at org.apache.ratis.thirdparty.io.netty.channel.nio.NioEventLoop.processSelectedKeysOptimized(NioEventLoop.java:579)
	at org.apache.ratis.thirdparty.io.netty.channel.nio.NioEventLoop.processSelectedKeys(NioEventLoop.java:496)
	at org.apache.ratis.thirdparty.io.netty.channel.nio.NioEventLoop.run(NioEventLoop.java:458)
	at org.apache.ratis.thirdparty.io.netty.util.concurrent.SingleThreadEventExecutor$5.run(SingleThreadEventExecutor.java:897)
	at org.apache.ratis.thirdparty.io.netty.util.concurrent.FastThreadLocalRunnable.run(FastThreadLocalRunnable.java:30)
	... 1 more
Caused by: java.net.ConnectException: Connection refused
	... 11 more
2019-11-05 08:24:33,046 [4a682f4f-c3f2-4b77-88b7-f0ab78890feb@group-0DB8C7688BF9-LeaderElection567] INFO  impl.LeaderElection (LeaderElection.java:logAndReturn(56)) - 4a682f4f-c3f2-4b77-88b7-f0ab78890feb@group-0DB8C7688BF9-LeaderElection567: Election REJECTED; received 0 response(s) [] and 2 exception(s); 4a682f4f-c3f2-4b77-88b7-f0ab78890feb@group-0DB8C7688BF9:t349, leader=null, voted=4a682f4f-c3f2-4b77-88b7-f0ab78890feb, raftlog=4a682f4f-c3f2-4b77-88b7-f0ab78890feb@group-0DB8C7688BF9-SegmentedRaftLog:OPENED:c-1,f-1,i0, conf=-1: [77ab65e6-d942-49df-83a3-1d4c0bf152b3:192.168.164.217:39381, 7e1b84a9-a041-44fd-8008-f2679426984c:192.168.164.217:44149, 4a682f4f-c3f2-4b77-88b7-f0ab78890feb:192.168.164.217:34174], old=null
2019-11-05 08:24:33,046 [4a682f4f-c3f2-4b77-88b7-f0ab78890feb@group-0DB8C7688BF9-LeaderElection567] INFO  impl.LeaderElection (LogUtils.java:infoOrTrace(149)) -   Exception 0: {}
java.util.concurrent.ExecutionException: org.apache.ratis.thirdparty.io.grpc.StatusRuntimeException: UNAVAILABLE: io exception
	at java.util.concurrent.FutureTask.report(FutureTask.java:122)
	at java.util.concurrent.FutureTask.get(FutureTask.java:192)
	at org.apache.ratis.server.impl.LeaderElection.waitForResults(LeaderElection.java:259)
	at org.apache.ratis.server.impl.LeaderElection.askForVotes(LeaderElection.java:197)
	at org.apache.ratis.server.impl.LeaderElection.run(LeaderElection.java:133)
	at java.lang.Thread.run(Thread.java:748)
Caused by: org.apache.ratis.thirdparty.io.grpc.StatusRuntimeException: UNAVAILABLE: io exception
	at org.apache.ratis.thirdparty.io.grpc.stub.ClientCalls.toStatusRuntimeException(ClientCalls.java:233)
	at org.apache.ratis.thirdparty.io.grpc.stub.ClientCalls.getUnchecked(ClientCalls.java:214)
	at org.apache.ratis.thirdparty.io.grpc.stub.ClientCalls.blockingUnaryCall(ClientCalls.java:139)
	at org.apache.ratis.proto.grpc.RaftServerProtocolServiceGrpc$RaftServerProtocolServiceBlockingStub.requestVote(RaftServerProtocolServiceGrpc.java:265)
	at org.apache.ratis.grpc.server.GrpcServerProtocolClient.requestVote(GrpcServerProtocolClient.java:99)
	at org.apache.ratis.grpc.server.GrpcService.requestVote(GrpcService.java:204)
	at org.apache.ratis.server.impl.LeaderElection.lambda$submitRequests$1(LeaderElection.java:234)
	at java.util.concurrent.FutureTask.run(FutureTask.java:266)
	at java.util.concurrent.Executors$RunnableAdapter.call(Executors.java:511)
	at java.util.concurrent.FutureTask.run(FutureTask.java:266)
	at java.util.concurrent.ThreadPoolExecutor.runWorker(ThreadPoolExecutor.java:1149)
	at java.util.concurrent.ThreadPoolExecutor$Worker.run(ThreadPoolExecutor.java:624)
	... 1 more
Caused by: org.apache.ratis.thirdparty.io.netty.channel.AbstractChannel$AnnotatedConnectException: Connection refused: /192.168.164.217:39381
	at sun.nio.ch.SocketChannelImpl.checkConnect(Native Method)
	at sun.nio.ch.SocketChannelImpl.finishConnect(SocketChannelImpl.java:717)
	at org.apache.ratis.thirdparty.io.netty.channel.socket.nio.NioSocketChannel.doFinishConnect(NioSocketChannel.java:327)
	at org.apache.ratis.thirdparty.io.netty.channel.nio.AbstractNioChannel$AbstractNioUnsafe.finishConnect(AbstractNioChannel.java:340)
	at org.apache.ratis.thirdparty.io.netty.channel.nio.NioEventLoop.processSelectedKey(NioEventLoop.java:632)
	at org.apache.ratis.thirdparty.io.netty.channel.nio.NioEventLoop.processSelectedKeysOptimized(NioEventLoop.java:579)
	at org.apache.ratis.thirdparty.io.netty.channel.nio.NioEventLoop.processSelectedKeys(NioEventLoop.java:496)
	at org.apache.ratis.thirdparty.io.netty.channel.nio.NioEventLoop.run(NioEventLoop.java:458)
	at org.apache.ratis.thirdparty.io.netty.util.concurrent.SingleThreadEventExecutor$5.run(SingleThreadEventExecutor.java:897)
	at org.apache.ratis.thirdparty.io.netty.util.concurrent.FastThreadLocalRunnable.run(FastThreadLocalRunnable.java:30)
	... 1 more
Caused by: java.net.ConnectException: Connection refused
	... 11 more
2019-11-05 08:24:33,046 [4a682f4f-c3f2-4b77-88b7-f0ab78890feb@group-0DB8C7688BF9-LeaderElection567] INFO  impl.LeaderElection (LogUtils.java:infoOrTrace(149)) -   Exception 1: {}
java.util.concurrent.ExecutionException: org.apache.ratis.thirdparty.io.grpc.StatusRuntimeException: UNAVAILABLE: io exception
	at java.util.concurrent.FutureTask.report(FutureTask.java:122)
	at java.util.concurrent.FutureTask.get(FutureTask.java:192)
	at org.apache.ratis.server.impl.LeaderElection.waitForResults(LeaderElection.java:259)
	at org.apache.ratis.server.impl.LeaderElection.askForVotes(LeaderElection.java:197)
	at org.apache.ratis.server.impl.LeaderElection.run(LeaderElection.java:133)
	at java.lang.Thread.run(Thread.java:748)
Caused by: org.apache.ratis.thirdparty.io.grpc.StatusRuntimeException: UNAVAILABLE: io exception
	at org.apache.ratis.thirdparty.io.grpc.stub.ClientCalls.toStatusRuntimeException(ClientCalls.java:233)
	at org.apache.ratis.thirdparty.io.grpc.stub.ClientCalls.getUnchecked(ClientCalls.java:214)
	at org.apache.ratis.thirdparty.io.grpc.stub.ClientCalls.blockingUnaryCall(ClientCalls.java:139)
	at org.apache.ratis.proto.grpc.RaftServerProtocolServiceGrpc$RaftServerProtocolServiceBlockingStub.requestVote(RaftServerProtocolServiceGrpc.java:265)
	at org.apache.ratis.grpc.server.GrpcServerProtocolClient.requestVote(GrpcServerProtocolClient.java:99)
	at org.apache.ratis.grpc.server.GrpcService.requestVote(GrpcService.java:204)
	at org.apache.ratis.server.impl.LeaderElection.lambda$submitRequests$1(LeaderElection.java:234)
	at java.util.concurrent.FutureTask.run(FutureTask.java:266)
	at java.util.concurrent.Executors$RunnableAdapter.call(Executors.java:511)
	at java.util.concurrent.FutureTask.run(FutureTask.java:266)
	at java.util.concurrent.ThreadPoolExecutor.runWorker(ThreadPoolExecutor.java:1149)
	at java.util.concurrent.ThreadPoolExecutor$Worker.run(ThreadPoolExecutor.java:624)
	... 1 more
Caused by: org.apache.ratis.thirdparty.io.netty.channel.AbstractChannel$AnnotatedConnectException: Connection refused: /192.168.164.217:44149
	at sun.nio.ch.SocketChannelImpl.checkConnect(Native Method)
	at sun.nio.ch.SocketChannelImpl.finishConnect(SocketChannelImpl.java:717)
	at org.apache.ratis.thirdparty.io.netty.channel.socket.nio.NioSocketChannel.doFinishConnect(NioSocketChannel.java:327)
	at org.apache.ratis.thirdparty.io.netty.channel.nio.AbstractNioChannel$AbstractNioUnsafe.finishConnect(AbstractNioChannel.java:340)
	at org.apache.ratis.thirdparty.io.netty.channel.nio.NioEventLoop.processSelectedKey(NioEventLoop.java:632)
	at org.apache.ratis.thirdparty.io.netty.channel.nio.NioEventLoop.processSelectedKeysOptimized(NioEventLoop.java:579)
	at org.apache.ratis.thirdparty.io.netty.channel.nio.NioEventLoop.processSelectedKeys(NioEventLoop.java:496)
	at org.apache.ratis.thirdparty.io.netty.channel.nio.NioEventLoop.run(NioEventLoop.java:458)
	at org.apache.ratis.thirdparty.io.netty.util.concurrent.SingleThreadEventExecutor$5.run(SingleThreadEventExecutor.java:897)
	at org.apache.ratis.thirdparty.io.netty.util.concurrent.FastThreadLocalRunnable.run(FastThreadLocalRunnable.java:30)
	... 1 more
Caused by: java.net.ConnectException: Connection refused
	... 11 more
2019-11-05 08:24:33,047 [4a682f4f-c3f2-4b77-88b7-f0ab78890feb@group-0DB8C7688BF9-LeaderElection567] INFO  impl.RaftServerImpl (RaftServerImpl.java:setRole(184)) - 4a682f4f-c3f2-4b77-88b7-f0ab78890feb@group-0DB8C7688BF9: changes role from CANDIDATE to FOLLOWER at term 349 for DISCOVERED_A_NEW_TERM
2019-11-05 08:24:33,047 [4a682f4f-c3f2-4b77-88b7-f0ab78890feb@group-0DB8C7688BF9-LeaderElection567] INFO  impl.RoleInfo (RoleInfo.java:shutdownLeaderElection(134)) - 4a682f4f-c3f2-4b77-88b7-f0ab78890feb: shutdown LeaderElection
2019-11-05 08:24:33,047 [4a682f4f-c3f2-4b77-88b7-f0ab78890feb@group-0DB8C7688BF9-LeaderElection567] INFO  impl.RoleInfo (RoleInfo.java:updateAndGet(143)) - 4a682f4f-c3f2-4b77-88b7-f0ab78890feb: start FollowerState
2019-11-05 08:24:33,063 [Thread-4047] INFO  impl.FollowerState (FollowerState.java:run(108)) - 4a682f4f-c3f2-4b77-88b7-f0ab78890feb@group-0DB8C7688BF9-FollowerState: change to CANDIDATE, lastRpcTime:16ms, electionTimeout:16ms
2019-11-05 08:24:33,063 [Thread-4047] INFO  impl.RoleInfo (RoleInfo.java:shutdownFollowerState(121)) - 4a682f4f-c3f2-4b77-88b7-f0ab78890feb: shutdown FollowerState
2019-11-05 08:24:33,063 [Thread-4047] INFO  impl.RaftServerImpl (RaftServerImpl.java:setRole(184)) - 4a682f4f-c3f2-4b77-88b7-f0ab78890feb@group-0DB8C7688BF9: changes role from  FOLLOWER to CANDIDATE at term 349 for changeToCandidate
2019-11-05 08:24:33,063 [Thread-4047] INFO  impl.RoleInfo (RoleInfo.java:updateAndGet(143)) - 4a682f4f-c3f2-4b77-88b7-f0ab78890feb: start LeaderElection
2019-11-05 08:24:33,082 [4a682f4f-c3f2-4b77-88b7-f0ab78890feb@group-0DB8C7688BF9-LeaderElection568] INFO  impl.LeaderElection (LeaderElection.java:askForVotes(178)) - 4a682f4f-c3f2-4b77-88b7-f0ab78890feb@group-0DB8C7688BF9-LeaderElection568: begin an election at term 350 for -1: [77ab65e6-d942-49df-83a3-1d4c0bf152b3:192.168.164.217:39381, 7e1b84a9-a041-44fd-8008-f2679426984c:192.168.164.217:44149, 4a682f4f-c3f2-4b77-88b7-f0ab78890feb:192.168.164.217:34174], old=null
2019-11-05 08:24:33,082 [4a682f4f-c3f2-4b77-88b7-f0ab78890feb@group-0DB8C7688BF9-LeaderElection568] INFO  impl.LeaderElection (LogUtils.java:infoOrTrace(149)) - 4a682f4f-c3f2-4b77-88b7-f0ab78890feb@group-0DB8C7688BF9-LeaderElection568 got exception when requesting votes: {}
java.util.concurrent.ExecutionException: org.apache.ratis.thirdparty.io.grpc.StatusRuntimeException: UNAVAILABLE: io exception
	at java.util.concurrent.FutureTask.report(FutureTask.java:122)
	at java.util.concurrent.FutureTask.get(FutureTask.java:192)
	at org.apache.ratis.server.impl.LeaderElection.waitForResults(LeaderElection.java:259)
	at org.apache.ratis.server.impl.LeaderElection.askForVotes(LeaderElection.java:197)
	at org.apache.ratis.server.impl.LeaderElection.run(LeaderElection.java:133)
	at java.lang.Thread.run(Thread.java:748)
Caused by: org.apache.ratis.thirdparty.io.grpc.StatusRuntimeException: UNAVAILABLE: io exception
	at org.apache.ratis.thirdparty.io.grpc.stub.ClientCalls.toStatusRuntimeException(ClientCalls.java:233)
	at org.apache.ratis.thirdparty.io.grpc.stub.ClientCalls.getUnchecked(ClientCalls.java:214)
	at org.apache.ratis.thirdparty.io.grpc.stub.ClientCalls.blockingUnaryCall(ClientCalls.java:139)
	at org.apache.ratis.proto.grpc.RaftServerProtocolServiceGrpc$RaftServerProtocolServiceBlockingStub.requestVote(RaftServerProtocolServiceGrpc.java:265)
	at org.apache.ratis.grpc.server.GrpcServerProtocolClient.requestVote(GrpcServerProtocolClient.java:99)
	at org.apache.ratis.grpc.server.GrpcService.requestVote(GrpcService.java:204)
	at org.apache.ratis.server.impl.LeaderElection.lambda$submitRequests$1(LeaderElection.java:234)
	at java.util.concurrent.FutureTask.run(FutureTask.java:266)
	at java.util.concurrent.Executors$RunnableAdapter.call(Executors.java:511)
	at java.util.concurrent.FutureTask.run(FutureTask.java:266)
	at java.util.concurrent.ThreadPoolExecutor.runWorker(ThreadPoolExecutor.java:1149)
	at java.util.concurrent.ThreadPoolExecutor$Worker.run(ThreadPoolExecutor.java:624)
	... 1 more
Caused by: org.apache.ratis.thirdparty.io.netty.channel.AbstractChannel$AnnotatedConnectException: Connection refused: /192.168.164.217:39381
	at sun.nio.ch.SocketChannelImpl.checkConnect(Native Method)
	at sun.nio.ch.SocketChannelImpl.finishConnect(SocketChannelImpl.java:717)
	at org.apache.ratis.thirdparty.io.netty.channel.socket.nio.NioSocketChannel.doFinishConnect(NioSocketChannel.java:327)
	at org.apache.ratis.thirdparty.io.netty.channel.nio.AbstractNioChannel$AbstractNioUnsafe.finishConnect(AbstractNioChannel.java:340)
	at org.apache.ratis.thirdparty.io.netty.channel.nio.NioEventLoop.processSelectedKey(NioEventLoop.java:632)
	at org.apache.ratis.thirdparty.io.netty.channel.nio.NioEventLoop.processSelectedKeysOptimized(NioEventLoop.java:579)
	at org.apache.ratis.thirdparty.io.netty.channel.nio.NioEventLoop.processSelectedKeys(NioEventLoop.java:496)
	at org.apache.ratis.thirdparty.io.netty.channel.nio.NioEventLoop.run(NioEventLoop.java:458)
	at org.apache.ratis.thirdparty.io.netty.util.concurrent.SingleThreadEventExecutor$5.run(SingleThreadEventExecutor.java:897)
	at org.apache.ratis.thirdparty.io.netty.util.concurrent.FastThreadLocalRunnable.run(FastThreadLocalRunnable.java:30)
	... 1 more
Caused by: java.net.ConnectException: Connection refused
	... 11 more
2019-11-05 08:24:33,083 [4a682f4f-c3f2-4b77-88b7-f0ab78890feb@group-0DB8C7688BF9-LeaderElection568] INFO  impl.LeaderElection (LogUtils.java:infoOrTrace(149)) - 4a682f4f-c3f2-4b77-88b7-f0ab78890feb@group-0DB8C7688BF9-LeaderElection568 got exception when requesting votes: {}
java.util.concurrent.ExecutionException: org.apache.ratis.thirdparty.io.grpc.StatusRuntimeException: UNAVAILABLE: io exception
	at java.util.concurrent.FutureTask.report(FutureTask.java:122)
	at java.util.concurrent.FutureTask.get(FutureTask.java:192)
	at org.apache.ratis.server.impl.LeaderElection.waitForResults(LeaderElection.java:259)
	at org.apache.ratis.server.impl.LeaderElection.askForVotes(LeaderElection.java:197)
	at org.apache.ratis.server.impl.LeaderElection.run(LeaderElection.java:133)
	at java.lang.Thread.run(Thread.java:748)
Caused by: org.apache.ratis.thirdparty.io.grpc.StatusRuntimeException: UNAVAILABLE: io exception
	at org.apache.ratis.thirdparty.io.grpc.stub.ClientCalls.toStatusRuntimeException(ClientCalls.java:233)
	at org.apache.ratis.thirdparty.io.grpc.stub.ClientCalls.getUnchecked(ClientCalls.java:214)
	at org.apache.ratis.thirdparty.io.grpc.stub.ClientCalls.blockingUnaryCall(ClientCalls.java:139)
	at org.apache.ratis.proto.grpc.RaftServerProtocolServiceGrpc$RaftServerProtocolServiceBlockingStub.requestVote(RaftServerProtocolServiceGrpc.java:265)
	at org.apache.ratis.grpc.server.GrpcServerProtocolClient.requestVote(GrpcServerProtocolClient.java:99)
	at org.apache.ratis.grpc.server.GrpcService.requestVote(GrpcService.java:204)
	at org.apache.ratis.server.impl.LeaderElection.lambda$submitRequests$1(LeaderElection.java:234)
	at java.util.concurrent.FutureTask.run(FutureTask.java:266)
	at java.util.concurrent.Executors$RunnableAdapter.call(Executors.java:511)
	at java.util.concurrent.FutureTask.run(FutureTask.java:266)
	at java.util.concurrent.ThreadPoolExecutor.runWorker(ThreadPoolExecutor.java:1149)
	at java.util.concurrent.ThreadPoolExecutor$Worker.run(ThreadPoolExecutor.java:624)
	... 1 more
Caused by: org.apache.ratis.thirdparty.io.netty.channel.AbstractChannel$AnnotatedConnectException: Connection refused: /192.168.164.217:44149
	at sun.nio.ch.SocketChannelImpl.checkConnect(Native Method)
	at sun.nio.ch.SocketChannelImpl.finishConnect(SocketChannelImpl.java:717)
	at org.apache.ratis.thirdparty.io.netty.channel.socket.nio.NioSocketChannel.doFinishConnect(NioSocketChannel.java:327)
	at org.apache.ratis.thirdparty.io.netty.channel.nio.AbstractNioChannel$AbstractNioUnsafe.finishConnect(AbstractNioChannel.java:340)
	at org.apache.ratis.thirdparty.io.netty.channel.nio.NioEventLoop.processSelectedKey(NioEventLoop.java:632)
	at org.apache.ratis.thirdparty.io.netty.channel.nio.NioEventLoop.processSelectedKeysOptimized(NioEventLoop.java:579)
	at org.apache.ratis.thirdparty.io.netty.channel.nio.NioEventLoop.processSelectedKeys(NioEventLoop.java:496)
	at org.apache.ratis.thirdparty.io.netty.channel.nio.NioEventLoop.run(NioEventLoop.java:458)
	at org.apache.ratis.thirdparty.io.netty.util.concurrent.SingleThreadEventExecutor$5.run(SingleThreadEventExecutor.java:897)
	at org.apache.ratis.thirdparty.io.netty.util.concurrent.FastThreadLocalRunnable.run(FastThreadLocalRunnable.java:30)
	... 1 more
Caused by: java.net.ConnectException: Connection refused
	... 11 more
2019-11-05 08:24:33,083 [4a682f4f-c3f2-4b77-88b7-f0ab78890feb@group-0DB8C7688BF9-LeaderElection568] INFO  impl.LeaderElection (LeaderElection.java:logAndReturn(56)) - 4a682f4f-c3f2-4b77-88b7-f0ab78890feb@group-0DB8C7688BF9-LeaderElection568: Election REJECTED; received 0 response(s) [] and 2 exception(s); 4a682f4f-c3f2-4b77-88b7-f0ab78890feb@group-0DB8C7688BF9:t350, leader=null, voted=4a682f4f-c3f2-4b77-88b7-f0ab78890feb, raftlog=4a682f4f-c3f2-4b77-88b7-f0ab78890feb@group-0DB8C7688BF9-SegmentedRaftLog:OPENED:c-1,f-1,i0, conf=-1: [77ab65e6-d942-49df-83a3-1d4c0bf152b3:192.168.164.217:39381, 7e1b84a9-a041-44fd-8008-f2679426984c:192.168.164.217:44149, 4a682f4f-c3f2-4b77-88b7-f0ab78890feb:192.168.164.217:34174], old=null
2019-11-05 08:24:33,083 [4a682f4f-c3f2-4b77-88b7-f0ab78890feb@group-0DB8C7688BF9-LeaderElection568] INFO  impl.LeaderElection (LogUtils.java:infoOrTrace(149)) -   Exception 0: {}
java.util.concurrent.ExecutionException: org.apache.ratis.thirdparty.io.grpc.StatusRuntimeException: UNAVAILABLE: io exception
	at java.util.concurrent.FutureTask.report(FutureTask.java:122)
	at java.util.concurrent.FutureTask.get(FutureTask.java:192)
	at org.apache.ratis.server.impl.LeaderElection.waitForResults(LeaderElection.java:259)
	at org.apache.ratis.server.impl.LeaderElection.askForVotes(LeaderElection.java:197)
	at org.apache.ratis.server.impl.LeaderElection.run(LeaderElection.java:133)
	at java.lang.Thread.run(Thread.java:748)
Caused by: org.apache.ratis.thirdparty.io.grpc.StatusRuntimeException: UNAVAILABLE: io exception
	at org.apache.ratis.thirdparty.io.grpc.stub.ClientCalls.toStatusRuntimeException(ClientCalls.java:233)
	at org.apache.ratis.thirdparty.io.grpc.stub.ClientCalls.getUnchecked(ClientCalls.java:214)
	at org.apache.ratis.thirdparty.io.grpc.stub.ClientCalls.blockingUnaryCall(ClientCalls.java:139)
	at org.apache.ratis.proto.grpc.RaftServerProtocolServiceGrpc$RaftServerProtocolServiceBlockingStub.requestVote(RaftServerProtocolServiceGrpc.java:265)
	at org.apache.ratis.grpc.server.GrpcServerProtocolClient.requestVote(GrpcServerProtocolClient.java:99)
	at org.apache.ratis.grpc.server.GrpcService.requestVote(GrpcService.java:204)
	at org.apache.ratis.server.impl.LeaderElection.lambda$submitRequests$1(LeaderElection.java:234)
	at java.util.concurrent.FutureTask.run(FutureTask.java:266)
	at java.util.concurrent.Executors$RunnableAdapter.call(Executors.java:511)
	at java.util.concurrent.FutureTask.run(FutureTask.java:266)
	at java.util.concurrent.ThreadPoolExecutor.runWorker(ThreadPoolExecutor.java:1149)
	at java.util.concurrent.ThreadPoolExecutor$Worker.run(ThreadPoolExecutor.java:624)
	... 1 more
Caused by: org.apache.ratis.thirdparty.io.netty.channel.AbstractChannel$AnnotatedConnectException: Connection refused: /192.168.164.217:39381
	at sun.nio.ch.SocketChannelImpl.checkConnect(Native Method)
	at sun.nio.ch.SocketChannelImpl.finishConnect(SocketChannelImpl.java:717)
	at org.apache.ratis.thirdparty.io.netty.channel.socket.nio.NioSocketChannel.doFinishConnect(NioSocketChannel.java:327)
	at org.apache.ratis.thirdparty.io.netty.channel.nio.AbstractNioChannel$AbstractNioUnsafe.finishConnect(AbstractNioChannel.java:340)
	at org.apache.ratis.thirdparty.io.netty.channel.nio.NioEventLoop.processSelectedKey(NioEventLoop.java:632)
	at org.apache.ratis.thirdparty.io.netty.channel.nio.NioEventLoop.processSelectedKeysOptimized(NioEventLoop.java:579)
	at org.apache.ratis.thirdparty.io.netty.channel.nio.NioEventLoop.processSelectedKeys(NioEventLoop.java:496)
	at org.apache.ratis.thirdparty.io.netty.channel.nio.NioEventLoop.run(NioEventLoop.java:458)
	at org.apache.ratis.thirdparty.io.netty.util.concurrent.SingleThreadEventExecutor$5.run(SingleThreadEventExecutor.java:897)
	at org.apache.ratis.thirdparty.io.netty.util.concurrent.FastThreadLocalRunnable.run(FastThreadLocalRunnable.java:30)
	... 1 more
Caused by: java.net.ConnectException: Connection refused
	... 11 more
2019-11-05 08:24:33,083 [4a682f4f-c3f2-4b77-88b7-f0ab78890feb@group-0DB8C7688BF9-LeaderElection568] INFO  impl.LeaderElection (LogUtils.java:infoOrTrace(149)) -   Exception 1: {}
java.util.concurrent.ExecutionException: org.apache.ratis.thirdparty.io.grpc.StatusRuntimeException: UNAVAILABLE: io exception
	at java.util.concurrent.FutureTask.report(FutureTask.java:122)
	at java.util.concurrent.FutureTask.get(FutureTask.java:192)
	at org.apache.ratis.server.impl.LeaderElection.waitForResults(LeaderElection.java:259)
	at org.apache.ratis.server.impl.LeaderElection.askForVotes(LeaderElection.java:197)
	at org.apache.ratis.server.impl.LeaderElection.run(LeaderElection.java:133)
	at java.lang.Thread.run(Thread.java:748)
Caused by: org.apache.ratis.thirdparty.io.grpc.StatusRuntimeException: UNAVAILABLE: io exception
	at org.apache.ratis.thirdparty.io.grpc.stub.ClientCalls.toStatusRuntimeException(ClientCalls.java:233)
	at org.apache.ratis.thirdparty.io.grpc.stub.ClientCalls.getUnchecked(ClientCalls.java:214)
	at org.apache.ratis.thirdparty.io.grpc.stub.ClientCalls.blockingUnaryCall(ClientCalls.java:139)
	at org.apache.ratis.proto.grpc.RaftServerProtocolServiceGrpc$RaftServerProtocolServiceBlockingStub.requestVote(RaftServerProtocolServiceGrpc.java:265)
	at org.apache.ratis.grpc.server.GrpcServerProtocolClient.requestVote(GrpcServerProtocolClient.java:99)
	at org.apache.ratis.grpc.server.GrpcService.requestVote(GrpcService.java:204)
	at org.apache.ratis.server.impl.LeaderElection.lambda$submitRequests$1(LeaderElection.java:234)
	at java.util.concurrent.FutureTask.run(FutureTask.java:266)
	at java.util.concurrent.Executors$RunnableAdapter.call(Executors.java:511)
	at java.util.concurrent.FutureTask.run(FutureTask.java:266)
	at java.util.concurrent.ThreadPoolExecutor.runWorker(ThreadPoolExecutor.java:1149)
	at java.util.concurrent.ThreadPoolExecutor$Worker.run(ThreadPoolExecutor.java:624)
	... 1 more
Caused by: org.apache.ratis.thirdparty.io.netty.channel.AbstractChannel$AnnotatedConnectException: Connection refused: /192.168.164.217:44149
	at sun.nio.ch.SocketChannelImpl.checkConnect(Native Method)
	at sun.nio.ch.SocketChannelImpl.finishConnect(SocketChannelImpl.java:717)
	at org.apache.ratis.thirdparty.io.netty.channel.socket.nio.NioSocketChannel.doFinishConnect(NioSocketChannel.java:327)
	at org.apache.ratis.thirdparty.io.netty.channel.nio.AbstractNioChannel$AbstractNioUnsafe.finishConnect(AbstractNioChannel.java:340)
	at org.apache.ratis.thirdparty.io.netty.channel.nio.NioEventLoop.processSelectedKey(NioEventLoop.java:632)
	at org.apache.ratis.thirdparty.io.netty.channel.nio.NioEventLoop.processSelectedKeysOptimized(NioEventLoop.java:579)
	at org.apache.ratis.thirdparty.io.netty.channel.nio.NioEventLoop.processSelectedKeys(NioEventLoop.java:496)
	at org.apache.ratis.thirdparty.io.netty.channel.nio.NioEventLoop.run(NioEventLoop.java:458)
	at org.apache.ratis.thirdparty.io.netty.util.concurrent.SingleThreadEventExecutor$5.run(SingleThreadEventExecutor.java:897)
	at org.apache.ratis.thirdparty.io.netty.util.concurrent.FastThreadLocalRunnable.run(FastThreadLocalRunnable.java:30)
	... 1 more
Caused by: java.net.ConnectException: Connection refused
	... 11 more
2019-11-05 08:24:33,084 [4a682f4f-c3f2-4b77-88b7-f0ab78890feb@group-0DB8C7688BF9-LeaderElection568] INFO  impl.RaftServerImpl (RaftServerImpl.java:setRole(184)) - 4a682f4f-c3f2-4b77-88b7-f0ab78890feb@group-0DB8C7688BF9: changes role from CANDIDATE to FOLLOWER at term 350 for DISCOVERED_A_NEW_TERM
2019-11-05 08:24:33,084 [4a682f4f-c3f2-4b77-88b7-f0ab78890feb@group-0DB8C7688BF9-LeaderElection568] INFO  impl.RoleInfo (RoleInfo.java:shutdownLeaderElection(134)) - 4a682f4f-c3f2-4b77-88b7-f0ab78890feb: shutdown LeaderElection
2019-11-05 08:24:33,084 [4a682f4f-c3f2-4b77-88b7-f0ab78890feb@group-0DB8C7688BF9-LeaderElection568] INFO  impl.RoleInfo (RoleInfo.java:updateAndGet(143)) - 4a682f4f-c3f2-4b77-88b7-f0ab78890feb: start FollowerState
2019-11-05 08:24:33,123 [Thread-4051] INFO  impl.FollowerState (FollowerState.java:run(108)) - 4a682f4f-c3f2-4b77-88b7-f0ab78890feb@group-0DB8C7688BF9-FollowerState: change to CANDIDATE, lastRpcTime:39ms, electionTimeout:39ms
2019-11-05 08:24:33,123 [Thread-4051] INFO  impl.RoleInfo (RoleInfo.java:shutdownFollowerState(121)) - 4a682f4f-c3f2-4b77-88b7-f0ab78890feb: shutdown FollowerState
2019-11-05 08:24:33,123 [Thread-4051] INFO  impl.RaftServerImpl (RaftServerImpl.java:setRole(184)) - 4a682f4f-c3f2-4b77-88b7-f0ab78890feb@group-0DB8C7688BF9: changes role from  FOLLOWER to CANDIDATE at term 350 for changeToCandidate
2019-11-05 08:24:33,123 [Thread-4051] INFO  impl.RoleInfo (RoleInfo.java:updateAndGet(143)) - 4a682f4f-c3f2-4b77-88b7-f0ab78890feb: start LeaderElection
2019-11-05 08:24:33,144 [4a682f4f-c3f2-4b77-88b7-f0ab78890feb@group-0DB8C7688BF9-LeaderElection569] INFO  impl.LeaderElection (LeaderElection.java:askForVotes(178)) - 4a682f4f-c3f2-4b77-88b7-f0ab78890feb@group-0DB8C7688BF9-LeaderElection569: begin an election at term 351 for -1: [77ab65e6-d942-49df-83a3-1d4c0bf152b3:192.168.164.217:39381, 7e1b84a9-a041-44fd-8008-f2679426984c:192.168.164.217:44149, 4a682f4f-c3f2-4b77-88b7-f0ab78890feb:192.168.164.217:34174], old=null
2019-11-05 08:24:33,145 [4a682f4f-c3f2-4b77-88b7-f0ab78890feb@group-0DB8C7688BF9-LeaderElection569] INFO  impl.LeaderElection (LogUtils.java:infoOrTrace(149)) - 4a682f4f-c3f2-4b77-88b7-f0ab78890feb@group-0DB8C7688BF9-LeaderElection569 got exception when requesting votes: {}
java.util.concurrent.ExecutionException: org.apache.ratis.thirdparty.io.grpc.StatusRuntimeException: UNAVAILABLE: io exception
	at java.util.concurrent.FutureTask.report(FutureTask.java:122)
	at java.util.concurrent.FutureTask.get(FutureTask.java:192)
	at org.apache.ratis.server.impl.LeaderElection.waitForResults(LeaderElection.java:259)
	at org.apache.ratis.server.impl.LeaderElection.askForVotes(LeaderElection.java:197)
	at org.apache.ratis.server.impl.LeaderElection.run(LeaderElection.java:133)
	at java.lang.Thread.run(Thread.java:748)
Caused by: org.apache.ratis.thirdparty.io.grpc.StatusRuntimeException: UNAVAILABLE: io exception
	at org.apache.ratis.thirdparty.io.grpc.stub.ClientCalls.toStatusRuntimeException(ClientCalls.java:233)
	at org.apache.ratis.thirdparty.io.grpc.stub.ClientCalls.getUnchecked(ClientCalls.java:214)
	at org.apache.ratis.thirdparty.io.grpc.stub.ClientCalls.blockingUnaryCall(ClientCalls.java:139)
	at org.apache.ratis.proto.grpc.RaftServerProtocolServiceGrpc$RaftServerProtocolServiceBlockingStub.requestVote(RaftServerProtocolServiceGrpc.java:265)
	at org.apache.ratis.grpc.server.GrpcServerProtocolClient.requestVote(GrpcServerProtocolClient.java:99)
	at org.apache.ratis.grpc.server.GrpcService.requestVote(GrpcService.java:204)
	at org.apache.ratis.server.impl.LeaderElection.lambda$submitRequests$1(LeaderElection.java:234)
	at java.util.concurrent.FutureTask.run(FutureTask.java:266)
	at java.util.concurrent.Executors$RunnableAdapter.call(Executors.java:511)
	at java.util.concurrent.FutureTask.run(FutureTask.java:266)
	at java.util.concurrent.ThreadPoolExecutor.runWorker(ThreadPoolExecutor.java:1149)
	at java.util.concurrent.ThreadPoolExecutor$Worker.run(ThreadPoolExecutor.java:624)
	... 1 more
Caused by: org.apache.ratis.thirdparty.io.netty.channel.AbstractChannel$AnnotatedConnectException: Connection refused: /192.168.164.217:44149
	at sun.nio.ch.SocketChannelImpl.checkConnect(Native Method)
	at sun.nio.ch.SocketChannelImpl.finishConnect(SocketChannelImpl.java:717)
	at org.apache.ratis.thirdparty.io.netty.channel.socket.nio.NioSocketChannel.doFinishConnect(NioSocketChannel.java:327)
	at org.apache.ratis.thirdparty.io.netty.channel.nio.AbstractNioChannel$AbstractNioUnsafe.finishConnect(AbstractNioChannel.java:340)
	at org.apache.ratis.thirdparty.io.netty.channel.nio.NioEventLoop.processSelectedKey(NioEventLoop.java:632)
	at org.apache.ratis.thirdparty.io.netty.channel.nio.NioEventLoop.processSelectedKeysOptimized(NioEventLoop.java:579)
	at org.apache.ratis.thirdparty.io.netty.channel.nio.NioEventLoop.processSelectedKeys(NioEventLoop.java:496)
	at org.apache.ratis.thirdparty.io.netty.channel.nio.NioEventLoop.run(NioEventLoop.java:458)
	at org.apache.ratis.thirdparty.io.netty.util.concurrent.SingleThreadEventExecutor$5.run(SingleThreadEventExecutor.java:897)
	at org.apache.ratis.thirdparty.io.netty.util.concurrent.FastThreadLocalRunnable.run(FastThreadLocalRunnable.java:30)
	... 1 more
Caused by: java.net.ConnectException: Connection refused
	... 11 more
2019-11-05 08:24:33,145 [4a682f4f-c3f2-4b77-88b7-f0ab78890feb@group-0DB8C7688BF9-LeaderElection569] INFO  impl.LeaderElection (LogUtils.java:infoOrTrace(149)) - 4a682f4f-c3f2-4b77-88b7-f0ab78890feb@group-0DB8C7688BF9-LeaderElection569 got exception when requesting votes: {}
java.util.concurrent.ExecutionException: org.apache.ratis.thirdparty.io.grpc.StatusRuntimeException: UNAVAILABLE: io exception
	at java.util.concurrent.FutureTask.report(FutureTask.java:122)
	at java.util.concurrent.FutureTask.get(FutureTask.java:192)
	at org.apache.ratis.server.impl.LeaderElection.waitForResults(LeaderElection.java:259)
	at org.apache.ratis.server.impl.LeaderElection.askForVotes(LeaderElection.java:197)
	at org.apache.ratis.server.impl.LeaderElection.run(LeaderElection.java:133)
	at java.lang.Thread.run(Thread.java:748)
Caused by: org.apache.ratis.thirdparty.io.grpc.StatusRuntimeException: UNAVAILABLE: io exception
	at org.apache.ratis.thirdparty.io.grpc.stub.ClientCalls.toStatusRuntimeException(ClientCalls.java:233)
	at org.apache.ratis.thirdparty.io.grpc.stub.ClientCalls.getUnchecked(ClientCalls.java:214)
	at org.apache.ratis.thirdparty.io.grpc.stub.ClientCalls.blockingUnaryCall(ClientCalls.java:139)
	at org.apache.ratis.proto.grpc.RaftServerProtocolServiceGrpc$RaftServerProtocolServiceBlockingStub.requestVote(RaftServerProtocolServiceGrpc.java:265)
	at org.apache.ratis.grpc.server.GrpcServerProtocolClient.requestVote(GrpcServerProtocolClient.java:99)
	at org.apache.ratis.grpc.server.GrpcService.requestVote(GrpcService.java:204)
	at org.apache.ratis.server.impl.LeaderElection.lambda$submitRequests$1(LeaderElection.java:234)
	at java.util.concurrent.FutureTask.run(FutureTask.java:266)
	at java.util.concurrent.Executors$RunnableAdapter.call(Executors.java:511)
	at java.util.concurrent.FutureTask.run(FutureTask.java:266)
	at java.util.concurrent.ThreadPoolExecutor.runWorker(ThreadPoolExecutor.java:1149)
	at java.util.concurrent.ThreadPoolExecutor$Worker.run(ThreadPoolExecutor.java:624)
	... 1 more
Caused by: org.apache.ratis.thirdparty.io.netty.channel.AbstractChannel$AnnotatedConnectException: Connection refused: /192.168.164.217:39381
	at sun.nio.ch.SocketChannelImpl.checkConnect(Native Method)
	at sun.nio.ch.SocketChannelImpl.finishConnect(SocketChannelImpl.java:717)
	at org.apache.ratis.thirdparty.io.netty.channel.socket.nio.NioSocketChannel.doFinishConnect(NioSocketChannel.java:327)
	at org.apache.ratis.thirdparty.io.netty.channel.nio.AbstractNioChannel$AbstractNioUnsafe.finishConnect(AbstractNioChannel.java:340)
	at org.apache.ratis.thirdparty.io.netty.channel.nio.NioEventLoop.processSelectedKey(NioEventLoop.java:632)
	at org.apache.ratis.thirdparty.io.netty.channel.nio.NioEventLoop.processSelectedKeysOptimized(NioEventLoop.java:579)
	at org.apache.ratis.thirdparty.io.netty.channel.nio.NioEventLoop.processSelectedKeys(NioEventLoop.java:496)
	at org.apache.ratis.thirdparty.io.netty.channel.nio.NioEventLoop.run(NioEventLoop.java:458)
	at org.apache.ratis.thirdparty.io.netty.util.concurrent.SingleThreadEventExecutor$5.run(SingleThreadEventExecutor.java:897)
	at org.apache.ratis.thirdparty.io.netty.util.concurrent.FastThreadLocalRunnable.run(FastThreadLocalRunnable.java:30)
	... 1 more
Caused by: java.net.ConnectException: Connection refused
	... 11 more
2019-11-05 08:24:33,146 [4a682f4f-c3f2-4b77-88b7-f0ab78890feb@group-0DB8C7688BF9-LeaderElection569] INFO  impl.LeaderElection (LeaderElection.java:logAndReturn(56)) - 4a682f4f-c3f2-4b77-88b7-f0ab78890feb@group-0DB8C7688BF9-LeaderElection569: Election REJECTED; received 0 response(s) [] and 2 exception(s); 4a682f4f-c3f2-4b77-88b7-f0ab78890feb@group-0DB8C7688BF9:t351, leader=null, voted=4a682f4f-c3f2-4b77-88b7-f0ab78890feb, raftlog=4a682f4f-c3f2-4b77-88b7-f0ab78890feb@group-0DB8C7688BF9-SegmentedRaftLog:OPENED:c-1,f-1,i0, conf=-1: [77ab65e6-d942-49df-83a3-1d4c0bf152b3:192.168.164.217:39381, 7e1b84a9-a041-44fd-8008-f2679426984c:192.168.164.217:44149, 4a682f4f-c3f2-4b77-88b7-f0ab78890feb:192.168.164.217:34174], old=null
2019-11-05 08:24:33,146 [4a682f4f-c3f2-4b77-88b7-f0ab78890feb@group-0DB8C7688BF9-LeaderElection569] INFO  impl.LeaderElection (LogUtils.java:infoOrTrace(149)) -   Exception 0: {}
java.util.concurrent.ExecutionException: org.apache.ratis.thirdparty.io.grpc.StatusRuntimeException: UNAVAILABLE: io exception
	at java.util.concurrent.FutureTask.report(FutureTask.java:122)
	at java.util.concurrent.FutureTask.get(FutureTask.java:192)
	at org.apache.ratis.server.impl.LeaderElection.waitForResults(LeaderElection.java:259)
	at org.apache.ratis.server.impl.LeaderElection.askForVotes(LeaderElection.java:197)
	at org.apache.ratis.server.impl.LeaderElection.run(LeaderElection.java:133)
	at java.lang.Thread.run(Thread.java:748)
Caused by: org.apache.ratis.thirdparty.io.grpc.StatusRuntimeException: UNAVAILABLE: io exception
	at org.apache.ratis.thirdparty.io.grpc.stub.ClientCalls.toStatusRuntimeException(ClientCalls.java:233)
	at org.apache.ratis.thirdparty.io.grpc.stub.ClientCalls.getUnchecked(ClientCalls.java:214)
	at org.apache.ratis.thirdparty.io.grpc.stub.ClientCalls.blockingUnaryCall(ClientCalls.java:139)
	at org.apache.ratis.proto.grpc.RaftServerProtocolServiceGrpc$RaftServerProtocolServiceBlockingStub.requestVote(RaftServerProtocolServiceGrpc.java:265)
	at org.apache.ratis.grpc.server.GrpcServerProtocolClient.requestVote(GrpcServerProtocolClient.java:99)
	at org.apache.ratis.grpc.server.GrpcService.requestVote(GrpcService.java:204)
	at org.apache.ratis.server.impl.LeaderElection.lambda$submitRequests$1(LeaderElection.java:234)
	at java.util.concurrent.FutureTask.run(FutureTask.java:266)
	at java.util.concurrent.Executors$RunnableAdapter.call(Executors.java:511)
	at java.util.concurrent.FutureTask.run(FutureTask.java:266)
	at java.util.concurrent.ThreadPoolExecutor.runWorker(ThreadPoolExecutor.java:1149)
	at java.util.concurrent.ThreadPoolExecutor$Worker.run(ThreadPoolExecutor.java:624)
	... 1 more
Caused by: org.apache.ratis.thirdparty.io.netty.channel.AbstractChannel$AnnotatedConnectException: Connection refused: /192.168.164.217:44149
	at sun.nio.ch.SocketChannelImpl.checkConnect(Native Method)
	at sun.nio.ch.SocketChannelImpl.finishConnect(SocketChannelImpl.java:717)
	at org.apache.ratis.thirdparty.io.netty.channel.socket.nio.NioSocketChannel.doFinishConnect(NioSocketChannel.java:327)
	at org.apache.ratis.thirdparty.io.netty.channel.nio.AbstractNioChannel$AbstractNioUnsafe.finishConnect(AbstractNioChannel.java:340)
	at org.apache.ratis.thirdparty.io.netty.channel.nio.NioEventLoop.processSelectedKey(NioEventLoop.java:632)
	at org.apache.ratis.thirdparty.io.netty.channel.nio.NioEventLoop.processSelectedKeysOptimized(NioEventLoop.java:579)
	at org.apache.ratis.thirdparty.io.netty.channel.nio.NioEventLoop.processSelectedKeys(NioEventLoop.java:496)
	at org.apache.ratis.thirdparty.io.netty.channel.nio.NioEventLoop.run(NioEventLoop.java:458)
	at org.apache.ratis.thirdparty.io.netty.util.concurrent.SingleThreadEventExecutor$5.run(SingleThreadEventExecutor.java:897)
	at org.apache.ratis.thirdparty.io.netty.util.concurrent.FastThreadLocalRunnable.run(FastThreadLocalRunnable.java:30)
	... 1 more
Caused by: java.net.ConnectException: Connection refused
	... 11 more
2019-11-05 08:24:33,146 [4a682f4f-c3f2-4b77-88b7-f0ab78890feb@group-0DB8C7688BF9-LeaderElection569] INFO  impl.LeaderElection (LogUtils.java:infoOrTrace(149)) -   Exception 1: {}
java.util.concurrent.ExecutionException: org.apache.ratis.thirdparty.io.grpc.StatusRuntimeException: UNAVAILABLE: io exception
	at java.util.concurrent.FutureTask.report(FutureTask.java:122)
	at java.util.concurrent.FutureTask.get(FutureTask.java:192)
	at org.apache.ratis.server.impl.LeaderElection.waitForResults(LeaderElection.java:259)
	at org.apache.ratis.server.impl.LeaderElection.askForVotes(LeaderElection.java:197)
	at org.apache.ratis.server.impl.LeaderElection.run(LeaderElection.java:133)
	at java.lang.Thread.run(Thread.java:748)
Caused by: org.apache.ratis.thirdparty.io.grpc.StatusRuntimeException: UNAVAILABLE: io exception
	at org.apache.ratis.thirdparty.io.grpc.stub.ClientCalls.toStatusRuntimeException(ClientCalls.java:233)
	at org.apache.ratis.thirdparty.io.grpc.stub.ClientCalls.getUnchecked(ClientCalls.java:214)
	at org.apache.ratis.thirdparty.io.grpc.stub.ClientCalls.blockingUnaryCall(ClientCalls.java:139)
	at org.apache.ratis.proto.grpc.RaftServerProtocolServiceGrpc$RaftServerProtocolServiceBlockingStub.requestVote(RaftServerProtocolServiceGrpc.java:265)
	at org.apache.ratis.grpc.server.GrpcServerProtocolClient.requestVote(GrpcServerProtocolClient.java:99)
	at org.apache.ratis.grpc.server.GrpcService.requestVote(GrpcService.java:204)
	at org.apache.ratis.server.impl.LeaderElection.lambda$submitRequests$1(LeaderElection.java:234)
	at java.util.concurrent.FutureTask.run(FutureTask.java:266)
	at java.util.concurrent.Executors$RunnableAdapter.call(Executors.java:511)
	at java.util.concurrent.FutureTask.run(FutureTask.java:266)
	at java.util.concurrent.ThreadPoolExecutor.runWorker(ThreadPoolExecutor.java:1149)
	at java.util.concurrent.ThreadPoolExecutor$Worker.run(ThreadPoolExecutor.java:624)
	... 1 more
Caused by: org.apache.ratis.thirdparty.io.netty.channel.AbstractChannel$AnnotatedConnectException: Connection refused: /192.168.164.217:39381
	at sun.nio.ch.SocketChannelImpl.checkConnect(Native Method)
	at sun.nio.ch.SocketChannelImpl.finishConnect(SocketChannelImpl.java:717)
	at org.apache.ratis.thirdparty.io.netty.channel.socket.nio.NioSocketChannel.doFinishConnect(NioSocketChannel.java:327)
	at org.apache.ratis.thirdparty.io.netty.channel.nio.AbstractNioChannel$AbstractNioUnsafe.finishConnect(AbstractNioChannel.java:340)
	at org.apache.ratis.thirdparty.io.netty.channel.nio.NioEventLoop.processSelectedKey(NioEventLoop.java:632)
	at org.apache.ratis.thirdparty.io.netty.channel.nio.NioEventLoop.processSelectedKeysOptimized(NioEventLoop.java:579)
	at org.apache.ratis.thirdparty.io.netty.channel.nio.NioEventLoop.processSelectedKeys(NioEventLoop.java:496)
	at org.apache.ratis.thirdparty.io.netty.channel.nio.NioEventLoop.run(NioEventLoop.java:458)
	at org.apache.ratis.thirdparty.io.netty.util.concurrent.SingleThreadEventExecutor$5.run(SingleThreadEventExecutor.java:897)
	at org.apache.ratis.thirdparty.io.netty.util.concurrent.FastThreadLocalRunnable.run(FastThreadLocalRunnable.java:30)
	... 1 more
Caused by: java.net.ConnectException: Connection refused
	... 11 more
2019-11-05 08:24:33,146 [4a682f4f-c3f2-4b77-88b7-f0ab78890feb@group-0DB8C7688BF9-LeaderElection569] INFO  impl.RaftServerImpl (RaftServerImpl.java:setRole(184)) - 4a682f4f-c3f2-4b77-88b7-f0ab78890feb@group-0DB8C7688BF9: changes role from CANDIDATE to FOLLOWER at term 351 for DISCOVERED_A_NEW_TERM
2019-11-05 08:24:33,146 [4a682f4f-c3f2-4b77-88b7-f0ab78890feb@group-0DB8C7688BF9-LeaderElection569] INFO  impl.RoleInfo (RoleInfo.java:shutdownLeaderElection(134)) - 4a682f4f-c3f2-4b77-88b7-f0ab78890feb: shutdown LeaderElection
2019-11-05 08:24:33,146 [4a682f4f-c3f2-4b77-88b7-f0ab78890feb@group-0DB8C7688BF9-LeaderElection569] INFO  impl.RoleInfo (RoleInfo.java:updateAndGet(143)) - 4a682f4f-c3f2-4b77-88b7-f0ab78890feb: start FollowerState
2019-11-05 08:24:33,242 [Thread-4055] INFO  impl.FollowerState (FollowerState.java:run(108)) - 4a682f4f-c3f2-4b77-88b7-f0ab78890feb@group-0DB8C7688BF9-FollowerState: change to CANDIDATE, lastRpcTime:95ms, electionTimeout:95ms
2019-11-05 08:24:33,242 [Thread-4055] INFO  impl.RoleInfo (RoleInfo.java:shutdownFollowerState(121)) - 4a682f4f-c3f2-4b77-88b7-f0ab78890feb: shutdown FollowerState
2019-11-05 08:24:33,242 [Thread-4055] INFO  impl.RaftServerImpl (RaftServerImpl.java:setRole(184)) - 4a682f4f-c3f2-4b77-88b7-f0ab78890feb@group-0DB8C7688BF9: changes role from  FOLLOWER to CANDIDATE at term 351 for changeToCandidate
2019-11-05 08:24:33,242 [Thread-4055] INFO  impl.RoleInfo (RoleInfo.java:updateAndGet(143)) - 4a682f4f-c3f2-4b77-88b7-f0ab78890feb: start LeaderElection
2019-11-05 08:24:33,255 [4a682f4f-c3f2-4b77-88b7-f0ab78890feb@group-0DB8C7688BF9-LeaderElection570] INFO  impl.LeaderElection (LeaderElection.java:askForVotes(178)) - 4a682f4f-c3f2-4b77-88b7-f0ab78890feb@group-0DB8C7688BF9-LeaderElection570: begin an election at term 352 for -1: [77ab65e6-d942-49df-83a3-1d4c0bf152b3:192.168.164.217:39381, 7e1b84a9-a041-44fd-8008-f2679426984c:192.168.164.217:44149, 4a682f4f-c3f2-4b77-88b7-f0ab78890feb:192.168.164.217:34174], old=null
2019-11-05 08:24:33,256 [4a682f4f-c3f2-4b77-88b7-f0ab78890feb@group-0DB8C7688BF9-LeaderElection570] INFO  impl.LeaderElection (LogUtils.java:infoOrTrace(149)) - 4a682f4f-c3f2-4b77-88b7-f0ab78890feb@group-0DB8C7688BF9-LeaderElection570 got exception when requesting votes: {}
java.util.concurrent.ExecutionException: org.apache.ratis.thirdparty.io.grpc.StatusRuntimeException: UNAVAILABLE: io exception
	at java.util.concurrent.FutureTask.report(FutureTask.java:122)
	at java.util.concurrent.FutureTask.get(FutureTask.java:192)
	at org.apache.ratis.server.impl.LeaderElection.waitForResults(LeaderElection.java:259)
	at org.apache.ratis.server.impl.LeaderElection.askForVotes(LeaderElection.java:197)
	at org.apache.ratis.server.impl.LeaderElection.run(LeaderElection.java:133)
	at java.lang.Thread.run(Thread.java:748)
Caused by: org.apache.ratis.thirdparty.io.grpc.StatusRuntimeException: UNAVAILABLE: io exception
	at org.apache.ratis.thirdparty.io.grpc.stub.ClientCalls.toStatusRuntimeException(ClientCalls.java:233)
	at org.apache.ratis.thirdparty.io.grpc.stub.ClientCalls.getUnchecked(ClientCalls.java:214)
	at org.apache.ratis.thirdparty.io.grpc.stub.ClientCalls.blockingUnaryCall(ClientCalls.java:139)
	at org.apache.ratis.proto.grpc.RaftServerProtocolServiceGrpc$RaftServerProtocolServiceBlockingStub.requestVote(RaftServerProtocolServiceGrpc.java:265)
	at org.apache.ratis.grpc.server.GrpcServerProtocolClient.requestVote(GrpcServerProtocolClient.java:99)
	at org.apache.ratis.grpc.server.GrpcService.requestVote(GrpcService.java:204)
	at org.apache.ratis.server.impl.LeaderElection.lambda$submitRequests$1(LeaderElection.java:234)
	at java.util.concurrent.FutureTask.run(FutureTask.java:266)
	at java.util.concurrent.Executors$RunnableAdapter.call(Executors.java:511)
	at java.util.concurrent.FutureTask.run(FutureTask.java:266)
	at java.util.concurrent.ThreadPoolExecutor.runWorker(ThreadPoolExecutor.java:1149)
	at java.util.concurrent.ThreadPoolExecutor$Worker.run(ThreadPoolExecutor.java:624)
	... 1 more
Caused by: org.apache.ratis.thirdparty.io.netty.channel.AbstractChannel$AnnotatedConnectException: Connection refused: /192.168.164.217:39381
	at sun.nio.ch.SocketChannelImpl.checkConnect(Native Method)
	at sun.nio.ch.SocketChannelImpl.finishConnect(SocketChannelImpl.java:717)
	at org.apache.ratis.thirdparty.io.netty.channel.socket.nio.NioSocketChannel.doFinishConnect(NioSocketChannel.java:327)
	at org.apache.ratis.thirdparty.io.netty.channel.nio.AbstractNioChannel$AbstractNioUnsafe.finishConnect(AbstractNioChannel.java:340)
	at org.apache.ratis.thirdparty.io.netty.channel.nio.NioEventLoop.processSelectedKey(NioEventLoop.java:632)
	at org.apache.ratis.thirdparty.io.netty.channel.nio.NioEventLoop.processSelectedKeysOptimized(NioEventLoop.java:579)
	at org.apache.ratis.thirdparty.io.netty.channel.nio.NioEventLoop.processSelectedKeys(NioEventLoop.java:496)
	at org.apache.ratis.thirdparty.io.netty.channel.nio.NioEventLoop.run(NioEventLoop.java:458)
	at org.apache.ratis.thirdparty.io.netty.util.concurrent.SingleThreadEventExecutor$5.run(SingleThreadEventExecutor.java:897)
	at org.apache.ratis.thirdparty.io.netty.util.concurrent.FastThreadLocalRunnable.run(FastThreadLocalRunnable.java:30)
	... 1 more
Caused by: java.net.ConnectException: Connection refused
	... 11 more
2019-11-05 08:24:33,257 [4a682f4f-c3f2-4b77-88b7-f0ab78890feb@group-0DB8C7688BF9-LeaderElection570] INFO  impl.LeaderElection (LogUtils.java:infoOrTrace(149)) - 4a682f4f-c3f2-4b77-88b7-f0ab78890feb@group-0DB8C7688BF9-LeaderElection570 got exception when requesting votes: {}
java.util.concurrent.ExecutionException: org.apache.ratis.thirdparty.io.grpc.StatusRuntimeException: UNAVAILABLE: io exception
	at java.util.concurrent.FutureTask.report(FutureTask.java:122)
	at java.util.concurrent.FutureTask.get(FutureTask.java:192)
	at org.apache.ratis.server.impl.LeaderElection.waitForResults(LeaderElection.java:259)
	at org.apache.ratis.server.impl.LeaderElection.askForVotes(LeaderElection.java:197)
	at org.apache.ratis.server.impl.LeaderElection.run(LeaderElection.java:133)
	at java.lang.Thread.run(Thread.java:748)
Caused by: org.apache.ratis.thirdparty.io.grpc.StatusRuntimeException: UNAVAILABLE: io exception
	at org.apache.ratis.thirdparty.io.grpc.stub.ClientCalls.toStatusRuntimeException(ClientCalls.java:233)
	at org.apache.ratis.thirdparty.io.grpc.stub.ClientCalls.getUnchecked(ClientCalls.java:214)
	at org.apache.ratis.thirdparty.io.grpc.stub.ClientCalls.blockingUnaryCall(ClientCalls.java:139)
	at org.apache.ratis.proto.grpc.RaftServerProtocolServiceGrpc$RaftServerProtocolServiceBlockingStub.requestVote(RaftServerProtocolServiceGrpc.java:265)
	at org.apache.ratis.grpc.server.GrpcServerProtocolClient.requestVote(GrpcServerProtocolClient.java:99)
	at org.apache.ratis.grpc.server.GrpcService.requestVote(GrpcService.java:204)
	at org.apache.ratis.server.impl.LeaderElection.lambda$submitRequests$1(LeaderElection.java:234)
	at java.util.concurrent.FutureTask.run(FutureTask.java:266)
	at java.util.concurrent.Executors$RunnableAdapter.call(Executors.java:511)
	at java.util.concurrent.FutureTask.run(FutureTask.java:266)
	at java.util.concurrent.ThreadPoolExecutor.runWorker(ThreadPoolExecutor.java:1149)
	at java.util.concurrent.ThreadPoolExecutor$Worker.run(ThreadPoolExecutor.java:624)
	... 1 more
Caused by: org.apache.ratis.thirdparty.io.netty.channel.AbstractChannel$AnnotatedConnectException: Connection refused: /192.168.164.217:44149
	at sun.nio.ch.SocketChannelImpl.checkConnect(Native Method)
	at sun.nio.ch.SocketChannelImpl.finishConnect(SocketChannelImpl.java:717)
	at org.apache.ratis.thirdparty.io.netty.channel.socket.nio.NioSocketChannel.doFinishConnect(NioSocketChannel.java:327)
	at org.apache.ratis.thirdparty.io.netty.channel.nio.AbstractNioChannel$AbstractNioUnsafe.finishConnect(AbstractNioChannel.java:340)
	at org.apache.ratis.thirdparty.io.netty.channel.nio.NioEventLoop.processSelectedKey(NioEventLoop.java:632)
	at org.apache.ratis.thirdparty.io.netty.channel.nio.NioEventLoop.processSelectedKeysOptimized(NioEventLoop.java:579)
	at org.apache.ratis.thirdparty.io.netty.channel.nio.NioEventLoop.processSelectedKeys(NioEventLoop.java:496)
	at org.apache.ratis.thirdparty.io.netty.channel.nio.NioEventLoop.run(NioEventLoop.java:458)
	at org.apache.ratis.thirdparty.io.netty.util.concurrent.SingleThreadEventExecutor$5.run(SingleThreadEventExecutor.java:897)
	at org.apache.ratis.thirdparty.io.netty.util.concurrent.FastThreadLocalRunnable.run(FastThreadLocalRunnable.java:30)
	... 1 more
Caused by: java.net.ConnectException: Connection refused
	... 11 more
2019-11-05 08:24:33,257 [4a682f4f-c3f2-4b77-88b7-f0ab78890feb@group-0DB8C7688BF9-LeaderElection570] INFO  impl.LeaderElection (LeaderElection.java:logAndReturn(56)) - 4a682f4f-c3f2-4b77-88b7-f0ab78890feb@group-0DB8C7688BF9-LeaderElection570: Election REJECTED; received 0 response(s) [] and 2 exception(s); 4a682f4f-c3f2-4b77-88b7-f0ab78890feb@group-0DB8C7688BF9:t352, leader=null, voted=4a682f4f-c3f2-4b77-88b7-f0ab78890feb, raftlog=4a682f4f-c3f2-4b77-88b7-f0ab78890feb@group-0DB8C7688BF9-SegmentedRaftLog:OPENED:c-1,f-1,i0, conf=-1: [77ab65e6-d942-49df-83a3-1d4c0bf152b3:192.168.164.217:39381, 7e1b84a9-a041-44fd-8008-f2679426984c:192.168.164.217:44149, 4a682f4f-c3f2-4b77-88b7-f0ab78890feb:192.168.164.217:34174], old=null
2019-11-05 08:24:33,257 [4a682f4f-c3f2-4b77-88b7-f0ab78890feb@group-0DB8C7688BF9-LeaderElection570] INFO  impl.LeaderElection (LogUtils.java:infoOrTrace(149)) -   Exception 0: {}
java.util.concurrent.ExecutionException: org.apache.ratis.thirdparty.io.grpc.StatusRuntimeException: UNAVAILABLE: io exception
	at java.util.concurrent.FutureTask.report(FutureTask.java:122)
	at java.util.concurrent.FutureTask.get(FutureTask.java:192)
	at org.apache.ratis.server.impl.LeaderElection.waitForResults(LeaderElection.java:259)
	at org.apache.ratis.server.impl.LeaderElection.askForVotes(LeaderElection.java:197)
	at org.apache.ratis.server.impl.LeaderElection.run(LeaderElection.java:133)
	at java.lang.Thread.run(Thread.java:748)
Caused by: org.apache.ratis.thirdparty.io.grpc.StatusRuntimeException: UNAVAILABLE: io exception
	at org.apache.ratis.thirdparty.io.grpc.stub.ClientCalls.toStatusRuntimeException(ClientCalls.java:233)
	at org.apache.ratis.thirdparty.io.grpc.stub.ClientCalls.getUnchecked(ClientCalls.java:214)
	at org.apache.ratis.thirdparty.io.grpc.stub.ClientCalls.blockingUnaryCall(ClientCalls.java:139)
	at org.apache.ratis.proto.grpc.RaftServerProtocolServiceGrpc$RaftServerProtocolServiceBlockingStub.requestVote(RaftServerProtocolServiceGrpc.java:265)
	at org.apache.ratis.grpc.server.GrpcServerProtocolClient.requestVote(GrpcServerProtocolClient.java:99)
	at org.apache.ratis.grpc.server.GrpcService.requestVote(GrpcService.java:204)
	at org.apache.ratis.server.impl.LeaderElection.lambda$submitRequests$1(LeaderElection.java:234)
	at java.util.concurrent.FutureTask.run(FutureTask.java:266)
	at java.util.concurrent.Executors$RunnableAdapter.call(Executors.java:511)
	at java.util.concurrent.FutureTask.run(FutureTask.java:266)
	at java.util.concurrent.ThreadPoolExecutor.runWorker(ThreadPoolExecutor.java:1149)
	at java.util.concurrent.ThreadPoolExecutor$Worker.run(ThreadPoolExecutor.java:624)
	... 1 more
Caused by: org.apache.ratis.thirdparty.io.netty.channel.AbstractChannel$AnnotatedConnectException: Connection refused: /192.168.164.217:39381
	at sun.nio.ch.SocketChannelImpl.checkConnect(Native Method)
	at sun.nio.ch.SocketChannelImpl.finishConnect(SocketChannelImpl.java:717)
	at org.apache.ratis.thirdparty.io.netty.channel.socket.nio.NioSocketChannel.doFinishConnect(NioSocketChannel.java:327)
	at org.apache.ratis.thirdparty.io.netty.channel.nio.AbstractNioChannel$AbstractNioUnsafe.finishConnect(AbstractNioChannel.java:340)
	at org.apache.ratis.thirdparty.io.netty.channel.nio.NioEventLoop.processSelectedKey(NioEventLoop.java:632)
	at org.apache.ratis.thirdparty.io.netty.channel.nio.NioEventLoop.processSelectedKeysOptimized(NioEventLoop.java:579)
	at org.apache.ratis.thirdparty.io.netty.channel.nio.NioEventLoop.processSelectedKeys(NioEventLoop.java:496)
	at org.apache.ratis.thirdparty.io.netty.channel.nio.NioEventLoop.run(NioEventLoop.java:458)
	at org.apache.ratis.thirdparty.io.netty.util.concurrent.SingleThreadEventExecutor$5.run(SingleThreadEventExecutor.java:897)
	at org.apache.ratis.thirdparty.io.netty.util.concurrent.FastThreadLocalRunnable.run(FastThreadLocalRunnable.java:30)
	... 1 more
Caused by: java.net.ConnectException: Connection refused
	... 11 more
2019-11-05 08:24:33,257 [4a682f4f-c3f2-4b77-88b7-f0ab78890feb@group-0DB8C7688BF9-LeaderElection570] INFO  impl.LeaderElection (LogUtils.java:infoOrTrace(149)) -   Exception 1: {}
java.util.concurrent.ExecutionException: org.apache.ratis.thirdparty.io.grpc.StatusRuntimeException: UNAVAILABLE: io exception
	at java.util.concurrent.FutureTask.report(FutureTask.java:122)
	at java.util.concurrent.FutureTask.get(FutureTask.java:192)
	at org.apache.ratis.server.impl.LeaderElection.waitForResults(LeaderElection.java:259)
	at org.apache.ratis.server.impl.LeaderElection.askForVotes(LeaderElection.java:197)
	at org.apache.ratis.server.impl.LeaderElection.run(LeaderElection.java:133)
	at java.lang.Thread.run(Thread.java:748)
Caused by: org.apache.ratis.thirdparty.io.grpc.StatusRuntimeException: UNAVAILABLE: io exception
	at org.apache.ratis.thirdparty.io.grpc.stub.ClientCalls.toStatusRuntimeException(ClientCalls.java:233)
	at org.apache.ratis.thirdparty.io.grpc.stub.ClientCalls.getUnchecked(ClientCalls.java:214)
	at org.apache.ratis.thirdparty.io.grpc.stub.ClientCalls.blockingUnaryCall(ClientCalls.java:139)
	at org.apache.ratis.proto.grpc.RaftServerProtocolServiceGrpc$RaftServerProtocolServiceBlockingStub.requestVote(RaftServerProtocolServiceGrpc.java:265)
	at org.apache.ratis.grpc.server.GrpcServerProtocolClient.requestVote(GrpcServerProtocolClient.java:99)
	at org.apache.ratis.grpc.server.GrpcService.requestVote(GrpcService.java:204)
	at org.apache.ratis.server.impl.LeaderElection.lambda$submitRequests$1(LeaderElection.java:234)
	at java.util.concurrent.FutureTask.run(FutureTask.java:266)
	at java.util.concurrent.Executors$RunnableAdapter.call(Executors.java:511)
	at java.util.concurrent.FutureTask.run(FutureTask.java:266)
	at java.util.concurrent.ThreadPoolExecutor.runWorker(ThreadPoolExecutor.java:1149)
	at java.util.concurrent.ThreadPoolExecutor$Worker.run(ThreadPoolExecutor.java:624)
	... 1 more
Caused by: org.apache.ratis.thirdparty.io.netty.channel.AbstractChannel$AnnotatedConnectException: Connection refused: /192.168.164.217:44149
	at sun.nio.ch.SocketChannelImpl.checkConnect(Native Method)
	at sun.nio.ch.SocketChannelImpl.finishConnect(SocketChannelImpl.java:717)
	at org.apache.ratis.thirdparty.io.netty.channel.socket.nio.NioSocketChannel.doFinishConnect(NioSocketChannel.java:327)
	at org.apache.ratis.thirdparty.io.netty.channel.nio.AbstractNioChannel$AbstractNioUnsafe.finishConnect(AbstractNioChannel.java:340)
	at org.apache.ratis.thirdparty.io.netty.channel.nio.NioEventLoop.processSelectedKey(NioEventLoop.java:632)
	at org.apache.ratis.thirdparty.io.netty.channel.nio.NioEventLoop.processSelectedKeysOptimized(NioEventLoop.java:579)
	at org.apache.ratis.thirdparty.io.netty.channel.nio.NioEventLoop.processSelectedKeys(NioEventLoop.java:496)
	at org.apache.ratis.thirdparty.io.netty.channel.nio.NioEventLoop.run(NioEventLoop.java:458)
	at org.apache.ratis.thirdparty.io.netty.util.concurrent.SingleThreadEventExecutor$5.run(SingleThreadEventExecutor.java:897)
	at org.apache.ratis.thirdparty.io.netty.util.concurrent.FastThreadLocalRunnable.run(FastThreadLocalRunnable.java:30)
	... 1 more
Caused by: java.net.ConnectException: Connection refused
	... 11 more
2019-11-05 08:24:33,258 [4a682f4f-c3f2-4b77-88b7-f0ab78890feb@group-0DB8C7688BF9-LeaderElection570] INFO  impl.RaftServerImpl (RaftServerImpl.java:setRole(184)) - 4a682f4f-c3f2-4b77-88b7-f0ab78890feb@group-0DB8C7688BF9: changes role from CANDIDATE to FOLLOWER at term 352 for DISCOVERED_A_NEW_TERM
2019-11-05 08:24:33,258 [4a682f4f-c3f2-4b77-88b7-f0ab78890feb@group-0DB8C7688BF9-LeaderElection570] INFO  impl.RoleInfo (RoleInfo.java:shutdownLeaderElection(134)) - 4a682f4f-c3f2-4b77-88b7-f0ab78890feb: shutdown LeaderElection
2019-11-05 08:24:33,258 [4a682f4f-c3f2-4b77-88b7-f0ab78890feb@group-0DB8C7688BF9-LeaderElection570] INFO  impl.RoleInfo (RoleInfo.java:updateAndGet(143)) - 4a682f4f-c3f2-4b77-88b7-f0ab78890feb: start FollowerState
2019-11-05 08:24:33,258 [java.util.concurrent.ThreadPoolExecutor$Worker@4893213[State = -1, empty queue]] WARN  server.GrpcLogAppender (GrpcLogAppender.java:timeoutAppendRequest(209)) - 6189f8a4-91dd-451f-abcb-72b2dcd73465@group-9D53872EEF85->fe5257f1-588f-41af-bf70-1c04126c8968-GrpcLogAppender: appendEntries Timeout, request=6189f8a4-91dd-451f-abcb-72b2dcd73465->fe5257f1-588f-41af-bf70-1c04126c8968#102-t4, previous=(t:4, i:20), leaderCommit=20, initializing? false, entries: <empty>
2019-11-05 08:24:33,296 [java.util.concurrent.ThreadPoolExecutor$Worker@7a1c0679[State = -1, empty queue]] WARN  server.GrpcLogAppender (GrpcLogAppender.java:timeoutAppendRequest(209)) - 6189f8a4-91dd-451f-abcb-72b2dcd73465@group-9D53872EEF85->c3e88256-f771-43b4-b3fb-c682fc5ee06f-GrpcLogAppender: appendEntries Timeout, request=6189f8a4-91dd-451f-abcb-72b2dcd73465->c3e88256-f771-43b4-b3fb-c682fc5ee06f#102-t4, previous=(t:4, i:20), leaderCommit=20, initializing? false, entries: <empty>
2019-11-05 08:24:33,368 [Thread-4059] INFO  impl.FollowerState (FollowerState.java:run(108)) - 4a682f4f-c3f2-4b77-88b7-f0ab78890feb@group-0DB8C7688BF9-FollowerState: change to CANDIDATE, lastRpcTime:110ms, electionTimeout:110ms
2019-11-05 08:24:33,368 [Thread-4059] INFO  impl.RoleInfo (RoleInfo.java:shutdownFollowerState(121)) - 4a682f4f-c3f2-4b77-88b7-f0ab78890feb: shutdown FollowerState
2019-11-05 08:24:33,369 [Thread-4059] INFO  impl.RaftServerImpl (RaftServerImpl.java:setRole(184)) - 4a682f4f-c3f2-4b77-88b7-f0ab78890feb@group-0DB8C7688BF9: changes role from  FOLLOWER to CANDIDATE at term 352 for changeToCandidate
2019-11-05 08:24:33,369 [Thread-4059] INFO  impl.RoleInfo (RoleInfo.java:updateAndGet(143)) - 4a682f4f-c3f2-4b77-88b7-f0ab78890feb: start LeaderElection
2019-11-05 08:24:33,383 [4a682f4f-c3f2-4b77-88b7-f0ab78890feb@group-0DB8C7688BF9-LeaderElection571] INFO  impl.LeaderElection (LeaderElection.java:askForVotes(178)) - 4a682f4f-c3f2-4b77-88b7-f0ab78890feb@group-0DB8C7688BF9-LeaderElection571: begin an election at term 353 for -1: [77ab65e6-d942-49df-83a3-1d4c0bf152b3:192.168.164.217:39381, 7e1b84a9-a041-44fd-8008-f2679426984c:192.168.164.217:44149, 4a682f4f-c3f2-4b77-88b7-f0ab78890feb:192.168.164.217:34174], old=null
2019-11-05 08:24:33,384 [4a682f4f-c3f2-4b77-88b7-f0ab78890feb@group-0DB8C7688BF9-LeaderElection571] INFO  impl.LeaderElection (LogUtils.java:infoOrTrace(149)) - 4a682f4f-c3f2-4b77-88b7-f0ab78890feb@group-0DB8C7688BF9-LeaderElection571 got exception when requesting votes: {}
java.util.concurrent.ExecutionException: org.apache.ratis.thirdparty.io.grpc.StatusRuntimeException: UNAVAILABLE: io exception
	at java.util.concurrent.FutureTask.report(FutureTask.java:122)
	at java.util.concurrent.FutureTask.get(FutureTask.java:192)
	at org.apache.ratis.server.impl.LeaderElection.waitForResults(LeaderElection.java:259)
	at org.apache.ratis.server.impl.LeaderElection.askForVotes(LeaderElection.java:197)
	at org.apache.ratis.server.impl.LeaderElection.run(LeaderElection.java:133)
	at java.lang.Thread.run(Thread.java:748)
Caused by: org.apache.ratis.thirdparty.io.grpc.StatusRuntimeException: UNAVAILABLE: io exception
	at org.apache.ratis.thirdparty.io.grpc.stub.ClientCalls.toStatusRuntimeException(ClientCalls.java:233)
	at org.apache.ratis.thirdparty.io.grpc.stub.ClientCalls.getUnchecked(ClientCalls.java:214)
	at org.apache.ratis.thirdparty.io.grpc.stub.ClientCalls.blockingUnaryCall(ClientCalls.java:139)
	at org.apache.ratis.proto.grpc.RaftServerProtocolServiceGrpc$RaftServerProtocolServiceBlockingStub.requestVote(RaftServerProtocolServiceGrpc.java:265)
	at org.apache.ratis.grpc.server.GrpcServerProtocolClient.requestVote(GrpcServerProtocolClient.java:99)
	at org.apache.ratis.grpc.server.GrpcService.requestVote(GrpcService.java:204)
	at org.apache.ratis.server.impl.LeaderElection.lambda$submitRequests$1(LeaderElection.java:234)
	at java.util.concurrent.FutureTask.run(FutureTask.java:266)
	at java.util.concurrent.Executors$RunnableAdapter.call(Executors.java:511)
	at java.util.concurrent.FutureTask.run(FutureTask.java:266)
	at java.util.concurrent.ThreadPoolExecutor.runWorker(ThreadPoolExecutor.java:1149)
	at java.util.concurrent.ThreadPoolExecutor$Worker.run(ThreadPoolExecutor.java:624)
	... 1 more
Caused by: org.apache.ratis.thirdparty.io.netty.channel.AbstractChannel$AnnotatedConnectException: Connection refused: /192.168.164.217:39381
	at sun.nio.ch.SocketChannelImpl.checkConnect(Native Method)
	at sun.nio.ch.SocketChannelImpl.finishConnect(SocketChannelImpl.java:717)
	at org.apache.ratis.thirdparty.io.netty.channel.socket.nio.NioSocketChannel.doFinishConnect(NioSocketChannel.java:327)
	at org.apache.ratis.thirdparty.io.netty.channel.nio.AbstractNioChannel$AbstractNioUnsafe.finishConnect(AbstractNioChannel.java:340)
	at org.apache.ratis.thirdparty.io.netty.channel.nio.NioEventLoop.processSelectedKey(NioEventLoop.java:632)
	at org.apache.ratis.thirdparty.io.netty.channel.nio.NioEventLoop.processSelectedKeysOptimized(NioEventLoop.java:579)
	at org.apache.ratis.thirdparty.io.netty.channel.nio.NioEventLoop.processSelectedKeys(NioEventLoop.java:496)
	at org.apache.ratis.thirdparty.io.netty.channel.nio.NioEventLoop.run(NioEventLoop.java:458)
	at org.apache.ratis.thirdparty.io.netty.util.concurrent.SingleThreadEventExecutor$5.run(SingleThreadEventExecutor.java:897)
	at org.apache.ratis.thirdparty.io.netty.util.concurrent.FastThreadLocalRunnable.run(FastThreadLocalRunnable.java:30)
	... 1 more
Caused by: java.net.ConnectException: Connection refused
	... 11 more
2019-11-05 08:24:33,384 [4a682f4f-c3f2-4b77-88b7-f0ab78890feb@group-0DB8C7688BF9-LeaderElection571] INFO  impl.LeaderElection (LogUtils.java:infoOrTrace(149)) - 4a682f4f-c3f2-4b77-88b7-f0ab78890feb@group-0DB8C7688BF9-LeaderElection571 got exception when requesting votes: {}
java.util.concurrent.ExecutionException: org.apache.ratis.thirdparty.io.grpc.StatusRuntimeException: UNAVAILABLE: io exception
	at java.util.concurrent.FutureTask.report(FutureTask.java:122)
	at java.util.concurrent.FutureTask.get(FutureTask.java:192)
	at org.apache.ratis.server.impl.LeaderElection.waitForResults(LeaderElection.java:259)
	at org.apache.ratis.server.impl.LeaderElection.askForVotes(LeaderElection.java:197)
	at org.apache.ratis.server.impl.LeaderElection.run(LeaderElection.java:133)
	at java.lang.Thread.run(Thread.java:748)
Caused by: org.apache.ratis.thirdparty.io.grpc.StatusRuntimeException: UNAVAILABLE: io exception
	at org.apache.ratis.thirdparty.io.grpc.stub.ClientCalls.toStatusRuntimeException(ClientCalls.java:233)
	at org.apache.ratis.thirdparty.io.grpc.stub.ClientCalls.getUnchecked(ClientCalls.java:214)
	at org.apache.ratis.thirdparty.io.grpc.stub.ClientCalls.blockingUnaryCall(ClientCalls.java:139)
	at org.apache.ratis.proto.grpc.RaftServerProtocolServiceGrpc$RaftServerProtocolServiceBlockingStub.requestVote(RaftServerProtocolServiceGrpc.java:265)
	at org.apache.ratis.grpc.server.GrpcServerProtocolClient.requestVote(GrpcServerProtocolClient.java:99)
	at org.apache.ratis.grpc.server.GrpcService.requestVote(GrpcService.java:204)
	at org.apache.ratis.server.impl.LeaderElection.lambda$submitRequests$1(LeaderElection.java:234)
	at java.util.concurrent.FutureTask.run(FutureTask.java:266)
	at java.util.concurrent.Executors$RunnableAdapter.call(Executors.java:511)
	at java.util.concurrent.FutureTask.run(FutureTask.java:266)
	at java.util.concurrent.ThreadPoolExecutor.runWorker(ThreadPoolExecutor.java:1149)
	at java.util.concurrent.ThreadPoolExecutor$Worker.run(ThreadPoolExecutor.java:624)
	... 1 more
Caused by: org.apache.ratis.thirdparty.io.netty.channel.AbstractChannel$AnnotatedConnectException: Connection refused: /192.168.164.217:44149
	at sun.nio.ch.SocketChannelImpl.checkConnect(Native Method)
	at sun.nio.ch.SocketChannelImpl.finishConnect(SocketChannelImpl.java:717)
	at org.apache.ratis.thirdparty.io.netty.channel.socket.nio.NioSocketChannel.doFinishConnect(NioSocketChannel.java:327)
	at org.apache.ratis.thirdparty.io.netty.channel.nio.AbstractNioChannel$AbstractNioUnsafe.finishConnect(AbstractNioChannel.java:340)
	at org.apache.ratis.thirdparty.io.netty.channel.nio.NioEventLoop.processSelectedKey(NioEventLoop.java:632)
	at org.apache.ratis.thirdparty.io.netty.channel.nio.NioEventLoop.processSelectedKeysOptimized(NioEventLoop.java:579)
	at org.apache.ratis.thirdparty.io.netty.channel.nio.NioEventLoop.processSelectedKeys(NioEventLoop.java:496)
	at org.apache.ratis.thirdparty.io.netty.channel.nio.NioEventLoop.run(NioEventLoop.java:458)
	at org.apache.ratis.thirdparty.io.netty.util.concurrent.SingleThreadEventExecutor$5.run(SingleThreadEventExecutor.java:897)
	at org.apache.ratis.thirdparty.io.netty.util.concurrent.FastThreadLocalRunnable.run(FastThreadLocalRunnable.java:30)
	... 1 more
Caused by: java.net.ConnectException: Connection refused
	... 11 more
2019-11-05 08:24:33,385 [4a682f4f-c3f2-4b77-88b7-f0ab78890feb@group-0DB8C7688BF9-LeaderElection571] INFO  impl.LeaderElection (LeaderElection.java:logAndReturn(56)) - 4a682f4f-c3f2-4b77-88b7-f0ab78890feb@group-0DB8C7688BF9-LeaderElection571: Election REJECTED; received 0 response(s) [] and 2 exception(s); 4a682f4f-c3f2-4b77-88b7-f0ab78890feb@group-0DB8C7688BF9:t353, leader=null, voted=4a682f4f-c3f2-4b77-88b7-f0ab78890feb, raftlog=4a682f4f-c3f2-4b77-88b7-f0ab78890feb@group-0DB8C7688BF9-SegmentedRaftLog:OPENED:c-1,f-1,i0, conf=-1: [77ab65e6-d942-49df-83a3-1d4c0bf152b3:192.168.164.217:39381, 7e1b84a9-a041-44fd-8008-f2679426984c:192.168.164.217:44149, 4a682f4f-c3f2-4b77-88b7-f0ab78890feb:192.168.164.217:34174], old=null
2019-11-05 08:24:33,385 [4a682f4f-c3f2-4b77-88b7-f0ab78890feb@group-0DB8C7688BF9-LeaderElection571] INFO  impl.LeaderElection (LogUtils.java:infoOrTrace(149)) -   Exception 0: {}
java.util.concurrent.ExecutionException: org.apache.ratis.thirdparty.io.grpc.StatusRuntimeException: UNAVAILABLE: io exception
	at java.util.concurrent.FutureTask.report(FutureTask.java:122)
	at java.util.concurrent.FutureTask.get(FutureTask.java:192)
	at org.apache.ratis.server.impl.LeaderElection.waitForResults(LeaderElection.java:259)
	at org.apache.ratis.server.impl.LeaderElection.askForVotes(LeaderElection.java:197)
	at org.apache.ratis.server.impl.LeaderElection.run(LeaderElection.java:133)
	at java.lang.Thread.run(Thread.java:748)
Caused by: org.apache.ratis.thirdparty.io.grpc.StatusRuntimeException: UNAVAILABLE: io exception
	at org.apache.ratis.thirdparty.io.grpc.stub.ClientCalls.toStatusRuntimeException(ClientCalls.java:233)
	at org.apache.ratis.thirdparty.io.grpc.stub.ClientCalls.getUnchecked(ClientCalls.java:214)
	at org.apache.ratis.thirdparty.io.grpc.stub.ClientCalls.blockingUnaryCall(ClientCalls.java:139)
	at org.apache.ratis.proto.grpc.RaftServerProtocolServiceGrpc$RaftServerProtocolServiceBlockingStub.requestVote(RaftServerProtocolServiceGrpc.java:265)
	at org.apache.ratis.grpc.server.GrpcServerProtocolClient.requestVote(GrpcServerProtocolClient.java:99)
	at org.apache.ratis.grpc.server.GrpcService.requestVote(GrpcService.java:204)
	at org.apache.ratis.server.impl.LeaderElection.lambda$submitRequests$1(LeaderElection.java:234)
	at java.util.concurrent.FutureTask.run(FutureTask.java:266)
	at java.util.concurrent.Executors$RunnableAdapter.call(Executors.java:511)
	at java.util.concurrent.FutureTask.run(FutureTask.java:266)
	at java.util.concurrent.ThreadPoolExecutor.runWorker(ThreadPoolExecutor.java:1149)
	at java.util.concurrent.ThreadPoolExecutor$Worker.run(ThreadPoolExecutor.java:624)
	... 1 more
Caused by: org.apache.ratis.thirdparty.io.netty.channel.AbstractChannel$AnnotatedConnectException: Connection refused: /192.168.164.217:39381
	at sun.nio.ch.SocketChannelImpl.checkConnect(Native Method)
	at sun.nio.ch.SocketChannelImpl.finishConnect(SocketChannelImpl.java:717)
	at org.apache.ratis.thirdparty.io.netty.channel.socket.nio.NioSocketChannel.doFinishConnect(NioSocketChannel.java:327)
	at org.apache.ratis.thirdparty.io.netty.channel.nio.AbstractNioChannel$AbstractNioUnsafe.finishConnect(AbstractNioChannel.java:340)
	at org.apache.ratis.thirdparty.io.netty.channel.nio.NioEventLoop.processSelectedKey(NioEventLoop.java:632)
	at org.apache.ratis.thirdparty.io.netty.channel.nio.NioEventLoop.processSelectedKeysOptimized(NioEventLoop.java:579)
	at org.apache.ratis.thirdparty.io.netty.channel.nio.NioEventLoop.processSelectedKeys(NioEventLoop.java:496)
	at org.apache.ratis.thirdparty.io.netty.channel.nio.NioEventLoop.run(NioEventLoop.java:458)
	at org.apache.ratis.thirdparty.io.netty.util.concurrent.SingleThreadEventExecutor$5.run(SingleThreadEventExecutor.java:897)
	at org.apache.ratis.thirdparty.io.netty.util.concurrent.FastThreadLocalRunnable.run(FastThreadLocalRunnable.java:30)
	... 1 more
Caused by: java.net.ConnectException: Connection refused
	... 11 more
2019-11-05 08:24:33,385 [4a682f4f-c3f2-4b77-88b7-f0ab78890feb@group-0DB8C7688BF9-LeaderElection571] INFO  impl.LeaderElection (LogUtils.java:infoOrTrace(149)) -   Exception 1: {}
java.util.concurrent.ExecutionException: org.apache.ratis.thirdparty.io.grpc.StatusRuntimeException: UNAVAILABLE: io exception
	at java.util.concurrent.FutureTask.report(FutureTask.java:122)
	at java.util.concurrent.FutureTask.get(FutureTask.java:192)
	at org.apache.ratis.server.impl.LeaderElection.waitForResults(LeaderElection.java:259)
	at org.apache.ratis.server.impl.LeaderElection.askForVotes(LeaderElection.java:197)
	at org.apache.ratis.server.impl.LeaderElection.run(LeaderElection.java:133)
	at java.lang.Thread.run(Thread.java:748)
Caused by: org.apache.ratis.thirdparty.io.grpc.StatusRuntimeException: UNAVAILABLE: io exception
	at org.apache.ratis.thirdparty.io.grpc.stub.ClientCalls.toStatusRuntimeException(ClientCalls.java:233)
	at org.apache.ratis.thirdparty.io.grpc.stub.ClientCalls.getUnchecked(ClientCalls.java:214)
	at org.apache.ratis.thirdparty.io.grpc.stub.ClientCalls.blockingUnaryCall(ClientCalls.java:139)
	at org.apache.ratis.proto.grpc.RaftServerProtocolServiceGrpc$RaftServerProtocolServiceBlockingStub.requestVote(RaftServerProtocolServiceGrpc.java:265)
	at org.apache.ratis.grpc.server.GrpcServerProtocolClient.requestVote(GrpcServerProtocolClient.java:99)
	at org.apache.ratis.grpc.server.GrpcService.requestVote(GrpcService.java:204)
	at org.apache.ratis.server.impl.LeaderElection.lambda$submitRequests$1(LeaderElection.java:234)
	at java.util.concurrent.FutureTask.run(FutureTask.java:266)
	at java.util.concurrent.Executors$RunnableAdapter.call(Executors.java:511)
	at java.util.concurrent.FutureTask.run(FutureTask.java:266)
	at java.util.concurrent.ThreadPoolExecutor.runWorker(ThreadPoolExecutor.java:1149)
	at java.util.concurrent.ThreadPoolExecutor$Worker.run(ThreadPoolExecutor.java:624)
	... 1 more
Caused by: org.apache.ratis.thirdparty.io.netty.channel.AbstractChannel$AnnotatedConnectException: Connection refused: /192.168.164.217:44149
	at sun.nio.ch.SocketChannelImpl.checkConnect(Native Method)
	at sun.nio.ch.SocketChannelImpl.finishConnect(SocketChannelImpl.java:717)
	at org.apache.ratis.thirdparty.io.netty.channel.socket.nio.NioSocketChannel.doFinishConnect(NioSocketChannel.java:327)
	at org.apache.ratis.thirdparty.io.netty.channel.nio.AbstractNioChannel$AbstractNioUnsafe.finishConnect(AbstractNioChannel.java:340)
	at org.apache.ratis.thirdparty.io.netty.channel.nio.NioEventLoop.processSelectedKey(NioEventLoop.java:632)
	at org.apache.ratis.thirdparty.io.netty.channel.nio.NioEventLoop.processSelectedKeysOptimized(NioEventLoop.java:579)
	at org.apache.ratis.thirdparty.io.netty.channel.nio.NioEventLoop.processSelectedKeys(NioEventLoop.java:496)
	at org.apache.ratis.thirdparty.io.netty.channel.nio.NioEventLoop.run(NioEventLoop.java:458)
	at org.apache.ratis.thirdparty.io.netty.util.concurrent.SingleThreadEventExecutor$5.run(SingleThreadEventExecutor.java:897)
	at org.apache.ratis.thirdparty.io.netty.util.concurrent.FastThreadLocalRunnable.run(FastThreadLocalRunnable.java:30)
	... 1 more
Caused by: java.net.ConnectException: Connection refused
	... 11 more
2019-11-05 08:24:33,385 [4a682f4f-c3f2-4b77-88b7-f0ab78890feb@group-0DB8C7688BF9-LeaderElection571] INFO  impl.RaftServerImpl (RaftServerImpl.java:setRole(184)) - 4a682f4f-c3f2-4b77-88b7-f0ab78890feb@group-0DB8C7688BF9: changes role from CANDIDATE to FOLLOWER at term 353 for DISCOVERED_A_NEW_TERM
2019-11-05 08:24:33,385 [4a682f4f-c3f2-4b77-88b7-f0ab78890feb@group-0DB8C7688BF9-LeaderElection571] INFO  impl.RoleInfo (RoleInfo.java:shutdownLeaderElection(134)) - 4a682f4f-c3f2-4b77-88b7-f0ab78890feb: shutdown LeaderElection
2019-11-05 08:24:33,386 [4a682f4f-c3f2-4b77-88b7-f0ab78890feb@group-0DB8C7688BF9-LeaderElection571] INFO  impl.RoleInfo (RoleInfo.java:updateAndGet(143)) - 4a682f4f-c3f2-4b77-88b7-f0ab78890feb: start FollowerState
2019-11-05 08:24:33,468 [Thread-4063] INFO  impl.FollowerState (FollowerState.java:run(108)) - 4a682f4f-c3f2-4b77-88b7-f0ab78890feb@group-0DB8C7688BF9-FollowerState: change to CANDIDATE, lastRpcTime:82ms, electionTimeout:82ms
2019-11-05 08:24:33,468 [Thread-4063] INFO  impl.RoleInfo (RoleInfo.java:shutdownFollowerState(121)) - 4a682f4f-c3f2-4b77-88b7-f0ab78890feb: shutdown FollowerState
2019-11-05 08:24:33,468 [Thread-4063] INFO  impl.RaftServerImpl (RaftServerImpl.java:setRole(184)) - 4a682f4f-c3f2-4b77-88b7-f0ab78890feb@group-0DB8C7688BF9: changes role from  FOLLOWER to CANDIDATE at term 353 for changeToCandidate
2019-11-05 08:24:33,468 [Thread-4063] INFO  impl.RoleInfo (RoleInfo.java:updateAndGet(143)) - 4a682f4f-c3f2-4b77-88b7-f0ab78890feb: start LeaderElection
2019-11-05 08:24:33,483 [4a682f4f-c3f2-4b77-88b7-f0ab78890feb@group-0DB8C7688BF9-LeaderElection572] INFO  impl.LeaderElection (LeaderElection.java:askForVotes(178)) - 4a682f4f-c3f2-4b77-88b7-f0ab78890feb@group-0DB8C7688BF9-LeaderElection572: begin an election at term 354 for -1: [77ab65e6-d942-49df-83a3-1d4c0bf152b3:192.168.164.217:39381, 7e1b84a9-a041-44fd-8008-f2679426984c:192.168.164.217:44149, 4a682f4f-c3f2-4b77-88b7-f0ab78890feb:192.168.164.217:34174], old=null
2019-11-05 08:24:33,484 [4a682f4f-c3f2-4b77-88b7-f0ab78890feb@group-0DB8C7688BF9-LeaderElection572] INFO  impl.LeaderElection (LogUtils.java:infoOrTrace(149)) - 4a682f4f-c3f2-4b77-88b7-f0ab78890feb@group-0DB8C7688BF9-LeaderElection572 got exception when requesting votes: {}
java.util.concurrent.ExecutionException: org.apache.ratis.thirdparty.io.grpc.StatusRuntimeException: UNAVAILABLE: io exception
	at java.util.concurrent.FutureTask.report(FutureTask.java:122)
	at java.util.concurrent.FutureTask.get(FutureTask.java:192)
	at org.apache.ratis.server.impl.LeaderElection.waitForResults(LeaderElection.java:259)
	at org.apache.ratis.server.impl.LeaderElection.askForVotes(LeaderElection.java:197)
	at org.apache.ratis.server.impl.LeaderElection.run(LeaderElection.java:133)
	at java.lang.Thread.run(Thread.java:748)
Caused by: org.apache.ratis.thirdparty.io.grpc.StatusRuntimeException: UNAVAILABLE: io exception
	at org.apache.ratis.thirdparty.io.grpc.stub.ClientCalls.toStatusRuntimeException(ClientCalls.java:233)
	at org.apache.ratis.thirdparty.io.grpc.stub.ClientCalls.getUnchecked(ClientCalls.java:214)
	at org.apache.ratis.thirdparty.io.grpc.stub.ClientCalls.blockingUnaryCall(ClientCalls.java:139)
	at org.apache.ratis.proto.grpc.RaftServerProtocolServiceGrpc$RaftServerProtocolServiceBlockingStub.requestVote(RaftServerProtocolServiceGrpc.java:265)
	at org.apache.ratis.grpc.server.GrpcServerProtocolClient.requestVote(GrpcServerProtocolClient.java:99)
	at org.apache.ratis.grpc.server.GrpcService.requestVote(GrpcService.java:204)
	at org.apache.ratis.server.impl.LeaderElection.lambda$submitRequests$1(LeaderElection.java:234)
	at java.util.concurrent.FutureTask.run(FutureTask.java:266)
	at java.util.concurrent.Executors$RunnableAdapter.call(Executors.java:511)
	at java.util.concurrent.FutureTask.run(FutureTask.java:266)
	at java.util.concurrent.ThreadPoolExecutor.runWorker(ThreadPoolExecutor.java:1149)
	at java.util.concurrent.ThreadPoolExecutor$Worker.run(ThreadPoolExecutor.java:624)
	... 1 more
Caused by: org.apache.ratis.thirdparty.io.netty.channel.AbstractChannel$AnnotatedConnectException: Connection refused: /192.168.164.217:39381
	at sun.nio.ch.SocketChannelImpl.checkConnect(Native Method)
	at sun.nio.ch.SocketChannelImpl.finishConnect(SocketChannelImpl.java:717)
	at org.apache.ratis.thirdparty.io.netty.channel.socket.nio.NioSocketChannel.doFinishConnect(NioSocketChannel.java:327)
	at org.apache.ratis.thirdparty.io.netty.channel.nio.AbstractNioChannel$AbstractNioUnsafe.finishConnect(AbstractNioChannel.java:340)
	at org.apache.ratis.thirdparty.io.netty.channel.nio.NioEventLoop.processSelectedKey(NioEventLoop.java:632)
	at org.apache.ratis.thirdparty.io.netty.channel.nio.NioEventLoop.processSelectedKeysOptimized(NioEventLoop.java:579)
	at org.apache.ratis.thirdparty.io.netty.channel.nio.NioEventLoop.processSelectedKeys(NioEventLoop.java:496)
	at org.apache.ratis.thirdparty.io.netty.channel.nio.NioEventLoop.run(NioEventLoop.java:458)
	at org.apache.ratis.thirdparty.io.netty.util.concurrent.SingleThreadEventExecutor$5.run(SingleThreadEventExecutor.java:897)
	at org.apache.ratis.thirdparty.io.netty.util.concurrent.FastThreadLocalRunnable.run(FastThreadLocalRunnable.java:30)
	... 1 more
Caused by: java.net.ConnectException: Connection refused
	... 11 more
2019-11-05 08:24:33,484 [4a682f4f-c3f2-4b77-88b7-f0ab78890feb@group-0DB8C7688BF9-LeaderElection572] INFO  impl.LeaderElection (LogUtils.java:infoOrTrace(149)) - 4a682f4f-c3f2-4b77-88b7-f0ab78890feb@group-0DB8C7688BF9-LeaderElection572 got exception when requesting votes: {}
java.util.concurrent.ExecutionException: org.apache.ratis.thirdparty.io.grpc.StatusRuntimeException: UNAVAILABLE: io exception
	at java.util.concurrent.FutureTask.report(FutureTask.java:122)
	at java.util.concurrent.FutureTask.get(FutureTask.java:192)
	at org.apache.ratis.server.impl.LeaderElection.waitForResults(LeaderElection.java:259)
	at org.apache.ratis.server.impl.LeaderElection.askForVotes(LeaderElection.java:197)
	at org.apache.ratis.server.impl.LeaderElection.run(LeaderElection.java:133)
	at java.lang.Thread.run(Thread.java:748)
Caused by: org.apache.ratis.thirdparty.io.grpc.StatusRuntimeException: UNAVAILABLE: io exception
	at org.apache.ratis.thirdparty.io.grpc.stub.ClientCalls.toStatusRuntimeException(ClientCalls.java:233)
	at org.apache.ratis.thirdparty.io.grpc.stub.ClientCalls.getUnchecked(ClientCalls.java:214)
	at org.apache.ratis.thirdparty.io.grpc.stub.ClientCalls.blockingUnaryCall(ClientCalls.java:139)
	at org.apache.ratis.proto.grpc.RaftServerProtocolServiceGrpc$RaftServerProtocolServiceBlockingStub.requestVote(RaftServerProtocolServiceGrpc.java:265)
	at org.apache.ratis.grpc.server.GrpcServerProtocolClient.requestVote(GrpcServerProtocolClient.java:99)
	at org.apache.ratis.grpc.server.GrpcService.requestVote(GrpcService.java:204)
	at org.apache.ratis.server.impl.LeaderElection.lambda$submitRequests$1(LeaderElection.java:234)
	at java.util.concurrent.FutureTask.run(FutureTask.java:266)
	at java.util.concurrent.Executors$RunnableAdapter.call(Executors.java:511)
	at java.util.concurrent.FutureTask.run(FutureTask.java:266)
	at java.util.concurrent.ThreadPoolExecutor.runWorker(ThreadPoolExecutor.java:1149)
	at java.util.concurrent.ThreadPoolExecutor$Worker.run(ThreadPoolExecutor.java:624)
	... 1 more
Caused by: org.apache.ratis.thirdparty.io.netty.channel.AbstractChannel$AnnotatedConnectException: Connection refused: /192.168.164.217:44149
	at sun.nio.ch.SocketChannelImpl.checkConnect(Native Method)
	at sun.nio.ch.SocketChannelImpl.finishConnect(SocketChannelImpl.java:717)
	at org.apache.ratis.thirdparty.io.netty.channel.socket.nio.NioSocketChannel.doFinishConnect(NioSocketChannel.java:327)
	at org.apache.ratis.thirdparty.io.netty.channel.nio.AbstractNioChannel$AbstractNioUnsafe.finishConnect(AbstractNioChannel.java:340)
	at org.apache.ratis.thirdparty.io.netty.channel.nio.NioEventLoop.processSelectedKey(NioEventLoop.java:632)
	at org.apache.ratis.thirdparty.io.netty.channel.nio.NioEventLoop.processSelectedKeysOptimized(NioEventLoop.java:579)
	at org.apache.ratis.thirdparty.io.netty.channel.nio.NioEventLoop.processSelectedKeys(NioEventLoop.java:496)
	at org.apache.ratis.thirdparty.io.netty.channel.nio.NioEventLoop.run(NioEventLoop.java:458)
	at org.apache.ratis.thirdparty.io.netty.util.concurrent.SingleThreadEventExecutor$5.run(SingleThreadEventExecutor.java:897)
	at org.apache.ratis.thirdparty.io.netty.util.concurrent.FastThreadLocalRunnable.run(FastThreadLocalRunnable.java:30)
	... 1 more
Caused by: java.net.ConnectException: Connection refused
	... 11 more
2019-11-05 08:24:33,484 [4a682f4f-c3f2-4b77-88b7-f0ab78890feb@group-0DB8C7688BF9-LeaderElection572] INFO  impl.LeaderElection (LeaderElection.java:logAndReturn(56)) - 4a682f4f-c3f2-4b77-88b7-f0ab78890feb@group-0DB8C7688BF9-LeaderElection572: Election REJECTED; received 0 response(s) [] and 2 exception(s); 4a682f4f-c3f2-4b77-88b7-f0ab78890feb@group-0DB8C7688BF9:t354, leader=null, voted=4a682f4f-c3f2-4b77-88b7-f0ab78890feb, raftlog=4a682f4f-c3f2-4b77-88b7-f0ab78890feb@group-0DB8C7688BF9-SegmentedRaftLog:OPENED:c-1,f-1,i0, conf=-1: [77ab65e6-d942-49df-83a3-1d4c0bf152b3:192.168.164.217:39381, 7e1b84a9-a041-44fd-8008-f2679426984c:192.168.164.217:44149, 4a682f4f-c3f2-4b77-88b7-f0ab78890feb:192.168.164.217:34174], old=null
2019-11-05 08:24:33,484 [4a682f4f-c3f2-4b77-88b7-f0ab78890feb@group-0DB8C7688BF9-LeaderElection572] INFO  impl.LeaderElection (LogUtils.java:infoOrTrace(149)) -   Exception 0: {}
java.util.concurrent.ExecutionException: org.apache.ratis.thirdparty.io.grpc.StatusRuntimeException: UNAVAILABLE: io exception
	at java.util.concurrent.FutureTask.report(FutureTask.java:122)
	at java.util.concurrent.FutureTask.get(FutureTask.java:192)
	at org.apache.ratis.server.impl.LeaderElection.waitForResults(LeaderElection.java:259)
	at org.apache.ratis.server.impl.LeaderElection.askForVotes(LeaderElection.java:197)
	at org.apache.ratis.server.impl.LeaderElection.run(LeaderElection.java:133)
	at java.lang.Thread.run(Thread.java:748)
Caused by: org.apache.ratis.thirdparty.io.grpc.StatusRuntimeException: UNAVAILABLE: io exception
	at org.apache.ratis.thirdparty.io.grpc.stub.ClientCalls.toStatusRuntimeException(ClientCalls.java:233)
	at org.apache.ratis.thirdparty.io.grpc.stub.ClientCalls.getUnchecked(ClientCalls.java:214)
	at org.apache.ratis.thirdparty.io.grpc.stub.ClientCalls.blockingUnaryCall(ClientCalls.java:139)
	at org.apache.ratis.proto.grpc.RaftServerProtocolServiceGrpc$RaftServerProtocolServiceBlockingStub.requestVote(RaftServerProtocolServiceGrpc.java:265)
	at org.apache.ratis.grpc.server.GrpcServerProtocolClient.requestVote(GrpcServerProtocolClient.java:99)
	at org.apache.ratis.grpc.server.GrpcService.requestVote(GrpcService.java:204)
	at org.apache.ratis.server.impl.LeaderElection.lambda$submitRequests$1(LeaderElection.java:234)
	at java.util.concurrent.FutureTask.run(FutureTask.java:266)
	at java.util.concurrent.Executors$RunnableAdapter.call(Executors.java:511)
	at java.util.concurrent.FutureTask.run(FutureTask.java:266)
	at java.util.concurrent.ThreadPoolExecutor.runWorker(ThreadPoolExecutor.java:1149)
	at java.util.concurrent.ThreadPoolExecutor$Worker.run(ThreadPoolExecutor.java:624)
	... 1 more
Caused by: org.apache.ratis.thirdparty.io.netty.channel.AbstractChannel$AnnotatedConnectException: Connection refused: /192.168.164.217:39381
	at sun.nio.ch.SocketChannelImpl.checkConnect(Native Method)
	at sun.nio.ch.SocketChannelImpl.finishConnect(SocketChannelImpl.java:717)
	at org.apache.ratis.thirdparty.io.netty.channel.socket.nio.NioSocketChannel.doFinishConnect(NioSocketChannel.java:327)
	at org.apache.ratis.thirdparty.io.netty.channel.nio.AbstractNioChannel$AbstractNioUnsafe.finishConnect(AbstractNioChannel.java:340)
	at org.apache.ratis.thirdparty.io.netty.channel.nio.NioEventLoop.processSelectedKey(NioEventLoop.java:632)
	at org.apache.ratis.thirdparty.io.netty.channel.nio.NioEventLoop.processSelectedKeysOptimized(NioEventLoop.java:579)
	at org.apache.ratis.thirdparty.io.netty.channel.nio.NioEventLoop.processSelectedKeys(NioEventLoop.java:496)
	at org.apache.ratis.thirdparty.io.netty.channel.nio.NioEventLoop.run(NioEventLoop.java:458)
	at org.apache.ratis.thirdparty.io.netty.util.concurrent.SingleThreadEventExecutor$5.run(SingleThreadEventExecutor.java:897)
	at org.apache.ratis.thirdparty.io.netty.util.concurrent.FastThreadLocalRunnable.run(FastThreadLocalRunnable.java:30)
	... 1 more
Caused by: java.net.ConnectException: Connection refused
	... 11 more
2019-11-05 08:24:33,485 [4a682f4f-c3f2-4b77-88b7-f0ab78890feb@group-0DB8C7688BF9-LeaderElection572] INFO  impl.LeaderElection (LogUtils.java:infoOrTrace(149)) -   Exception 1: {}
java.util.concurrent.ExecutionException: org.apache.ratis.thirdparty.io.grpc.StatusRuntimeException: UNAVAILABLE: io exception
	at java.util.concurrent.FutureTask.report(FutureTask.java:122)
	at java.util.concurrent.FutureTask.get(FutureTask.java:192)
	at org.apache.ratis.server.impl.LeaderElection.waitForResults(LeaderElection.java:259)
	at org.apache.ratis.server.impl.LeaderElection.askForVotes(LeaderElection.java:197)
	at org.apache.ratis.server.impl.LeaderElection.run(LeaderElection.java:133)
	at java.lang.Thread.run(Thread.java:748)
Caused by: org.apache.ratis.thirdparty.io.grpc.StatusRuntimeException: UNAVAILABLE: io exception
	at org.apache.ratis.thirdparty.io.grpc.stub.ClientCalls.toStatusRuntimeException(ClientCalls.java:233)
	at org.apache.ratis.thirdparty.io.grpc.stub.ClientCalls.getUnchecked(ClientCalls.java:214)
	at org.apache.ratis.thirdparty.io.grpc.stub.ClientCalls.blockingUnaryCall(ClientCalls.java:139)
	at org.apache.ratis.proto.grpc.RaftServerProtocolServiceGrpc$RaftServerProtocolServiceBlockingStub.requestVote(RaftServerProtocolServiceGrpc.java:265)
	at org.apache.ratis.grpc.server.GrpcServerProtocolClient.requestVote(GrpcServerProtocolClient.java:99)
	at org.apache.ratis.grpc.server.GrpcService.requestVote(GrpcService.java:204)
	at org.apache.ratis.server.impl.LeaderElection.lambda$submitRequests$1(LeaderElection.java:234)
	at java.util.concurrent.FutureTask.run(FutureTask.java:266)
	at java.util.concurrent.Executors$RunnableAdapter.call(Executors.java:511)
	at java.util.concurrent.FutureTask.run(FutureTask.java:266)
	at java.util.concurrent.ThreadPoolExecutor.runWorker(ThreadPoolExecutor.java:1149)
	at java.util.concurrent.ThreadPoolExecutor$Worker.run(ThreadPoolExecutor.java:624)
	... 1 more
Caused by: org.apache.ratis.thirdparty.io.netty.channel.AbstractChannel$AnnotatedConnectException: Connection refused: /192.168.164.217:44149
	at sun.nio.ch.SocketChannelImpl.checkConnect(Native Method)
	at sun.nio.ch.SocketChannelImpl.finishConnect(SocketChannelImpl.java:717)
	at org.apache.ratis.thirdparty.io.netty.channel.socket.nio.NioSocketChannel.doFinishConnect(NioSocketChannel.java:327)
	at org.apache.ratis.thirdparty.io.netty.channel.nio.AbstractNioChannel$AbstractNioUnsafe.finishConnect(AbstractNioChannel.java:340)
	at org.apache.ratis.thirdparty.io.netty.channel.nio.NioEventLoop.processSelectedKey(NioEventLoop.java:632)
	at org.apache.ratis.thirdparty.io.netty.channel.nio.NioEventLoop.processSelectedKeysOptimized(NioEventLoop.java:579)
	at org.apache.ratis.thirdparty.io.netty.channel.nio.NioEventLoop.processSelectedKeys(NioEventLoop.java:496)
	at org.apache.ratis.thirdparty.io.netty.channel.nio.NioEventLoop.run(NioEventLoop.java:458)
	at org.apache.ratis.thirdparty.io.netty.util.concurrent.SingleThreadEventExecutor$5.run(SingleThreadEventExecutor.java:897)
	at org.apache.ratis.thirdparty.io.netty.util.concurrent.FastThreadLocalRunnable.run(FastThreadLocalRunnable.java:30)
	... 1 more
Caused by: java.net.ConnectException: Connection refused
	... 11 more
2019-11-05 08:24:33,485 [4a682f4f-c3f2-4b77-88b7-f0ab78890feb@group-0DB8C7688BF9-LeaderElection572] INFO  impl.RaftServerImpl (RaftServerImpl.java:setRole(184)) - 4a682f4f-c3f2-4b77-88b7-f0ab78890feb@group-0DB8C7688BF9: changes role from CANDIDATE to FOLLOWER at term 354 for DISCOVERED_A_NEW_TERM
2019-11-05 08:24:33,485 [4a682f4f-c3f2-4b77-88b7-f0ab78890feb@group-0DB8C7688BF9-LeaderElection572] INFO  impl.RoleInfo (RoleInfo.java:shutdownLeaderElection(134)) - 4a682f4f-c3f2-4b77-88b7-f0ab78890feb: shutdown LeaderElection
2019-11-05 08:24:33,485 [4a682f4f-c3f2-4b77-88b7-f0ab78890feb@group-0DB8C7688BF9-LeaderElection572] INFO  impl.RoleInfo (RoleInfo.java:updateAndGet(143)) - 4a682f4f-c3f2-4b77-88b7-f0ab78890feb: start FollowerState
2019-11-05 08:24:33,642 [Thread-4067] INFO  impl.FollowerState (FollowerState.java:run(108)) - 4a682f4f-c3f2-4b77-88b7-f0ab78890feb@group-0DB8C7688BF9-FollowerState: change to CANDIDATE, lastRpcTime:156ms, electionTimeout:156ms
2019-11-05 08:24:33,642 [Thread-4067] INFO  impl.RoleInfo (RoleInfo.java:shutdownFollowerState(121)) - 4a682f4f-c3f2-4b77-88b7-f0ab78890feb: shutdown FollowerState
2019-11-05 08:24:33,642 [Thread-4067] INFO  impl.RaftServerImpl (RaftServerImpl.java:setRole(184)) - 4a682f4f-c3f2-4b77-88b7-f0ab78890feb@group-0DB8C7688BF9: changes role from  FOLLOWER to CANDIDATE at term 354 for changeToCandidate
2019-11-05 08:24:33,642 [Thread-4067] INFO  impl.RoleInfo (RoleInfo.java:updateAndGet(143)) - 4a682f4f-c3f2-4b77-88b7-f0ab78890feb: start LeaderElection
2019-11-05 08:24:33,655 [4a682f4f-c3f2-4b77-88b7-f0ab78890feb@group-0DB8C7688BF9-LeaderElection573] INFO  impl.LeaderElection (LeaderElection.java:askForVotes(178)) - 4a682f4f-c3f2-4b77-88b7-f0ab78890feb@group-0DB8C7688BF9-LeaderElection573: begin an election at term 355 for -1: [77ab65e6-d942-49df-83a3-1d4c0bf152b3:192.168.164.217:39381, 7e1b84a9-a041-44fd-8008-f2679426984c:192.168.164.217:44149, 4a682f4f-c3f2-4b77-88b7-f0ab78890feb:192.168.164.217:34174], old=null
2019-11-05 08:24:33,656 [4a682f4f-c3f2-4b77-88b7-f0ab78890feb@group-0DB8C7688BF9-LeaderElection573] INFO  impl.LeaderElection (LogUtils.java:infoOrTrace(149)) - 4a682f4f-c3f2-4b77-88b7-f0ab78890feb@group-0DB8C7688BF9-LeaderElection573 got exception when requesting votes: {}
java.util.concurrent.ExecutionException: org.apache.ratis.thirdparty.io.grpc.StatusRuntimeException: UNAVAILABLE: io exception
	at java.util.concurrent.FutureTask.report(FutureTask.java:122)
	at java.util.concurrent.FutureTask.get(FutureTask.java:192)
	at org.apache.ratis.server.impl.LeaderElection.waitForResults(LeaderElection.java:259)
	at org.apache.ratis.server.impl.LeaderElection.askForVotes(LeaderElection.java:197)
	at org.apache.ratis.server.impl.LeaderElection.run(LeaderElection.java:133)
	at java.lang.Thread.run(Thread.java:748)
Caused by: org.apache.ratis.thirdparty.io.grpc.StatusRuntimeException: UNAVAILABLE: io exception
	at org.apache.ratis.thirdparty.io.grpc.stub.ClientCalls.toStatusRuntimeException(ClientCalls.java:233)
	at org.apache.ratis.thirdparty.io.grpc.stub.ClientCalls.getUnchecked(ClientCalls.java:214)
	at org.apache.ratis.thirdparty.io.grpc.stub.ClientCalls.blockingUnaryCall(ClientCalls.java:139)
	at org.apache.ratis.proto.grpc.RaftServerProtocolServiceGrpc$RaftServerProtocolServiceBlockingStub.requestVote(RaftServerProtocolServiceGrpc.java:265)
	at org.apache.ratis.grpc.server.GrpcServerProtocolClient.requestVote(GrpcServerProtocolClient.java:99)
	at org.apache.ratis.grpc.server.GrpcService.requestVote(GrpcService.java:204)
	at org.apache.ratis.server.impl.LeaderElection.lambda$submitRequests$1(LeaderElection.java:234)
	at java.util.concurrent.FutureTask.run(FutureTask.java:266)
	at java.util.concurrent.Executors$RunnableAdapter.call(Executors.java:511)
	at java.util.concurrent.FutureTask.run(FutureTask.java:266)
	at java.util.concurrent.ThreadPoolExecutor.runWorker(ThreadPoolExecutor.java:1149)
	at java.util.concurrent.ThreadPoolExecutor$Worker.run(ThreadPoolExecutor.java:624)
	... 1 more
Caused by: org.apache.ratis.thirdparty.io.netty.channel.AbstractChannel$AnnotatedConnectException: Connection refused: /192.168.164.217:39381
	at sun.nio.ch.SocketChannelImpl.checkConnect(Native Method)
	at sun.nio.ch.SocketChannelImpl.finishConnect(SocketChannelImpl.java:717)
	at org.apache.ratis.thirdparty.io.netty.channel.socket.nio.NioSocketChannel.doFinishConnect(NioSocketChannel.java:327)
	at org.apache.ratis.thirdparty.io.netty.channel.nio.AbstractNioChannel$AbstractNioUnsafe.finishConnect(AbstractNioChannel.java:340)
	at org.apache.ratis.thirdparty.io.netty.channel.nio.NioEventLoop.processSelectedKey(NioEventLoop.java:632)
	at org.apache.ratis.thirdparty.io.netty.channel.nio.NioEventLoop.processSelectedKeysOptimized(NioEventLoop.java:579)
	at org.apache.ratis.thirdparty.io.netty.channel.nio.NioEventLoop.processSelectedKeys(NioEventLoop.java:496)
	at org.apache.ratis.thirdparty.io.netty.channel.nio.NioEventLoop.run(NioEventLoop.java:458)
	at org.apache.ratis.thirdparty.io.netty.util.concurrent.SingleThreadEventExecutor$5.run(SingleThreadEventExecutor.java:897)
	at org.apache.ratis.thirdparty.io.netty.util.concurrent.FastThreadLocalRunnable.run(FastThreadLocalRunnable.java:30)
	... 1 more
Caused by: java.net.ConnectException: Connection refused
	... 11 more
2019-11-05 08:24:33,656 [4a682f4f-c3f2-4b77-88b7-f0ab78890feb@group-0DB8C7688BF9-LeaderElection573] INFO  impl.LeaderElection (LogUtils.java:infoOrTrace(149)) - 4a682f4f-c3f2-4b77-88b7-f0ab78890feb@group-0DB8C7688BF9-LeaderElection573 got exception when requesting votes: {}
java.util.concurrent.ExecutionException: org.apache.ratis.thirdparty.io.grpc.StatusRuntimeException: UNAVAILABLE: io exception
	at java.util.concurrent.FutureTask.report(FutureTask.java:122)
	at java.util.concurrent.FutureTask.get(FutureTask.java:192)
	at org.apache.ratis.server.impl.LeaderElection.waitForResults(LeaderElection.java:259)
	at org.apache.ratis.server.impl.LeaderElection.askForVotes(LeaderElection.java:197)
	at org.apache.ratis.server.impl.LeaderElection.run(LeaderElection.java:133)
	at java.lang.Thread.run(Thread.java:748)
Caused by: org.apache.ratis.thirdparty.io.grpc.StatusRuntimeException: UNAVAILABLE: io exception
	at org.apache.ratis.thirdparty.io.grpc.stub.ClientCalls.toStatusRuntimeException(ClientCalls.java:233)
	at org.apache.ratis.thirdparty.io.grpc.stub.ClientCalls.getUnchecked(ClientCalls.java:214)
	at org.apache.ratis.thirdparty.io.grpc.stub.ClientCalls.blockingUnaryCall(ClientCalls.java:139)
	at org.apache.ratis.proto.grpc.RaftServerProtocolServiceGrpc$RaftServerProtocolServiceBlockingStub.requestVote(RaftServerProtocolServiceGrpc.java:265)
	at org.apache.ratis.grpc.server.GrpcServerProtocolClient.requestVote(GrpcServerProtocolClient.java:99)
	at org.apache.ratis.grpc.server.GrpcService.requestVote(GrpcService.java:204)
	at org.apache.ratis.server.impl.LeaderElection.lambda$submitRequests$1(LeaderElection.java:234)
	at java.util.concurrent.FutureTask.run(FutureTask.java:266)
	at java.util.concurrent.Executors$RunnableAdapter.call(Executors.java:511)
	at java.util.concurrent.FutureTask.run(FutureTask.java:266)
	at java.util.concurrent.ThreadPoolExecutor.runWorker(ThreadPoolExecutor.java:1149)
	at java.util.concurrent.ThreadPoolExecutor$Worker.run(ThreadPoolExecutor.java:624)
	... 1 more
Caused by: org.apache.ratis.thirdparty.io.netty.channel.AbstractChannel$AnnotatedConnectException: Connection refused: /192.168.164.217:44149
	at sun.nio.ch.SocketChannelImpl.checkConnect(Native Method)
	at sun.nio.ch.SocketChannelImpl.finishConnect(SocketChannelImpl.java:717)
	at org.apache.ratis.thirdparty.io.netty.channel.socket.nio.NioSocketChannel.doFinishConnect(NioSocketChannel.java:327)
	at org.apache.ratis.thirdparty.io.netty.channel.nio.AbstractNioChannel$AbstractNioUnsafe.finishConnect(AbstractNioChannel.java:340)
	at org.apache.ratis.thirdparty.io.netty.channel.nio.NioEventLoop.processSelectedKey(NioEventLoop.java:632)
	at org.apache.ratis.thirdparty.io.netty.channel.nio.NioEventLoop.processSelectedKeysOptimized(NioEventLoop.java:579)
	at org.apache.ratis.thirdparty.io.netty.channel.nio.NioEventLoop.processSelectedKeys(NioEventLoop.java:496)
	at org.apache.ratis.thirdparty.io.netty.channel.nio.NioEventLoop.run(NioEventLoop.java:458)
	at org.apache.ratis.thirdparty.io.netty.util.concurrent.SingleThreadEventExecutor$5.run(SingleThreadEventExecutor.java:897)
	at org.apache.ratis.thirdparty.io.netty.util.concurrent.FastThreadLocalRunnable.run(FastThreadLocalRunnable.java:30)
	... 1 more
Caused by: java.net.ConnectException: Connection refused
	... 11 more
2019-11-05 08:24:33,657 [4a682f4f-c3f2-4b77-88b7-f0ab78890feb@group-0DB8C7688BF9-LeaderElection573] INFO  impl.LeaderElection (LeaderElection.java:logAndReturn(56)) - 4a682f4f-c3f2-4b77-88b7-f0ab78890feb@group-0DB8C7688BF9-LeaderElection573: Election REJECTED; received 0 response(s) [] and 2 exception(s); 4a682f4f-c3f2-4b77-88b7-f0ab78890feb@group-0DB8C7688BF9:t355, leader=null, voted=4a682f4f-c3f2-4b77-88b7-f0ab78890feb, raftlog=4a682f4f-c3f2-4b77-88b7-f0ab78890feb@group-0DB8C7688BF9-SegmentedRaftLog:OPENED:c-1,f-1,i0, conf=-1: [77ab65e6-d942-49df-83a3-1d4c0bf152b3:192.168.164.217:39381, 7e1b84a9-a041-44fd-8008-f2679426984c:192.168.164.217:44149, 4a682f4f-c3f2-4b77-88b7-f0ab78890feb:192.168.164.217:34174], old=null
2019-11-05 08:24:33,657 [4a682f4f-c3f2-4b77-88b7-f0ab78890feb@group-0DB8C7688BF9-LeaderElection573] INFO  impl.LeaderElection (LogUtils.java:infoOrTrace(149)) -   Exception 0: {}
java.util.concurrent.ExecutionException: org.apache.ratis.thirdparty.io.grpc.StatusRuntimeException: UNAVAILABLE: io exception
	at java.util.concurrent.FutureTask.report(FutureTask.java:122)
	at java.util.concurrent.FutureTask.get(FutureTask.java:192)
	at org.apache.ratis.server.impl.LeaderElection.waitForResults(LeaderElection.java:259)
	at org.apache.ratis.server.impl.LeaderElection.askForVotes(LeaderElection.java:197)
	at org.apache.ratis.server.impl.LeaderElection.run(LeaderElection.java:133)
	at java.lang.Thread.run(Thread.java:748)
Caused by: org.apache.ratis.thirdparty.io.grpc.StatusRuntimeException: UNAVAILABLE: io exception
	at org.apache.ratis.thirdparty.io.grpc.stub.ClientCalls.toStatusRuntimeException(ClientCalls.java:233)
	at org.apache.ratis.thirdparty.io.grpc.stub.ClientCalls.getUnchecked(ClientCalls.java:214)
	at org.apache.ratis.thirdparty.io.grpc.stub.ClientCalls.blockingUnaryCall(ClientCalls.java:139)
	at org.apache.ratis.proto.grpc.RaftServerProtocolServiceGrpc$RaftServerProtocolServiceBlockingStub.requestVote(RaftServerProtocolServiceGrpc.java:265)
	at org.apache.ratis.grpc.server.GrpcServerProtocolClient.requestVote(GrpcServerProtocolClient.java:99)
	at org.apache.ratis.grpc.server.GrpcService.requestVote(GrpcService.java:204)
	at org.apache.ratis.server.impl.LeaderElection.lambda$submitRequests$1(LeaderElection.java:234)
	at java.util.concurrent.FutureTask.run(FutureTask.java:266)
	at java.util.concurrent.Executors$RunnableAdapter.call(Executors.java:511)
	at java.util.concurrent.FutureTask.run(FutureTask.java:266)
	at java.util.concurrent.ThreadPoolExecutor.runWorker(ThreadPoolExecutor.java:1149)
	at java.util.concurrent.ThreadPoolExecutor$Worker.run(ThreadPoolExecutor.java:624)
	... 1 more
Caused by: org.apache.ratis.thirdparty.io.netty.channel.AbstractChannel$AnnotatedConnectException: Connection refused: /192.168.164.217:39381
	at sun.nio.ch.SocketChannelImpl.checkConnect(Native Method)
	at sun.nio.ch.SocketChannelImpl.finishConnect(SocketChannelImpl.java:717)
	at org.apache.ratis.thirdparty.io.netty.channel.socket.nio.NioSocketChannel.doFinishConnect(NioSocketChannel.java:327)
	at org.apache.ratis.thirdparty.io.netty.channel.nio.AbstractNioChannel$AbstractNioUnsafe.finishConnect(AbstractNioChannel.java:340)
	at org.apache.ratis.thirdparty.io.netty.channel.nio.NioEventLoop.processSelectedKey(NioEventLoop.java:632)
	at org.apache.ratis.thirdparty.io.netty.channel.nio.NioEventLoop.processSelectedKeysOptimized(NioEventLoop.java:579)
	at org.apache.ratis.thirdparty.io.netty.channel.nio.NioEventLoop.processSelectedKeys(NioEventLoop.java:496)
	at org.apache.ratis.thirdparty.io.netty.channel.nio.NioEventLoop.run(NioEventLoop.java:458)
	at org.apache.ratis.thirdparty.io.netty.util.concurrent.SingleThreadEventExecutor$5.run(SingleThreadEventExecutor.java:897)
	at org.apache.ratis.thirdparty.io.netty.util.concurrent.FastThreadLocalRunnable.run(FastThreadLocalRunnable.java:30)
	... 1 more
Caused by: java.net.ConnectException: Connection refused
	... 11 more
2019-11-05 08:24:33,657 [4a682f4f-c3f2-4b77-88b7-f0ab78890feb@group-0DB8C7688BF9-LeaderElection573] INFO  impl.LeaderElection (LogUtils.java:infoOrTrace(149)) -   Exception 1: {}
java.util.concurrent.ExecutionException: org.apache.ratis.thirdparty.io.grpc.StatusRuntimeException: UNAVAILABLE: io exception
	at java.util.concurrent.FutureTask.report(FutureTask.java:122)
	at java.util.concurrent.FutureTask.get(FutureTask.java:192)
	at org.apache.ratis.server.impl.LeaderElection.waitForResults(LeaderElection.java:259)
	at org.apache.ratis.server.impl.LeaderElection.askForVotes(LeaderElection.java:197)
	at org.apache.ratis.server.impl.LeaderElection.run(LeaderElection.java:133)
	at java.lang.Thread.run(Thread.java:748)
Caused by: org.apache.ratis.thirdparty.io.grpc.StatusRuntimeException: UNAVAILABLE: io exception
	at org.apache.ratis.thirdparty.io.grpc.stub.ClientCalls.toStatusRuntimeException(ClientCalls.java:233)
	at org.apache.ratis.thirdparty.io.grpc.stub.ClientCalls.getUnchecked(ClientCalls.java:214)
	at org.apache.ratis.thirdparty.io.grpc.stub.ClientCalls.blockingUnaryCall(ClientCalls.java:139)
	at org.apache.ratis.proto.grpc.RaftServerProtocolServiceGrpc$RaftServerProtocolServiceBlockingStub.requestVote(RaftServerProtocolServiceGrpc.java:265)
	at org.apache.ratis.grpc.server.GrpcServerProtocolClient.requestVote(GrpcServerProtocolClient.java:99)
	at org.apache.ratis.grpc.server.GrpcService.requestVote(GrpcService.java:204)
	at org.apache.ratis.server.impl.LeaderElection.lambda$submitRequests$1(LeaderElection.java:234)
	at java.util.concurrent.FutureTask.run(FutureTask.java:266)
	at java.util.concurrent.Executors$RunnableAdapter.call(Executors.java:511)
	at java.util.concurrent.FutureTask.run(FutureTask.java:266)
	at java.util.concurrent.ThreadPoolExecutor.runWorker(ThreadPoolExecutor.java:1149)
	at java.util.concurrent.ThreadPoolExecutor$Worker.run(ThreadPoolExecutor.java:624)
	... 1 more
Caused by: org.apache.ratis.thirdparty.io.netty.channel.AbstractChannel$AnnotatedConnectException: Connection refused: /192.168.164.217:44149
	at sun.nio.ch.SocketChannelImpl.checkConnect(Native Method)
	at sun.nio.ch.SocketChannelImpl.finishConnect(SocketChannelImpl.java:717)
	at org.apache.ratis.thirdparty.io.netty.channel.socket.nio.NioSocketChannel.doFinishConnect(NioSocketChannel.java:327)
	at org.apache.ratis.thirdparty.io.netty.channel.nio.AbstractNioChannel$AbstractNioUnsafe.finishConnect(AbstractNioChannel.java:340)
	at org.apache.ratis.thirdparty.io.netty.channel.nio.NioEventLoop.processSelectedKey(NioEventLoop.java:632)
	at org.apache.ratis.thirdparty.io.netty.channel.nio.NioEventLoop.processSelectedKeysOptimized(NioEventLoop.java:579)
	at org.apache.ratis.thirdparty.io.netty.channel.nio.NioEventLoop.processSelectedKeys(NioEventLoop.java:496)
	at org.apache.ratis.thirdparty.io.netty.channel.nio.NioEventLoop.run(NioEventLoop.java:458)
	at org.apache.ratis.thirdparty.io.netty.util.concurrent.SingleThreadEventExecutor$5.run(SingleThreadEventExecutor.java:897)
	at org.apache.ratis.thirdparty.io.netty.util.concurrent.FastThreadLocalRunnable.run(FastThreadLocalRunnable.java:30)
	... 1 more
Caused by: java.net.ConnectException: Connection refused
	... 11 more
2019-11-05 08:24:33,657 [4a682f4f-c3f2-4b77-88b7-f0ab78890feb@group-0DB8C7688BF9-LeaderElection573] INFO  impl.RaftServerImpl (RaftServerImpl.java:setRole(184)) - 4a682f4f-c3f2-4b77-88b7-f0ab78890feb@group-0DB8C7688BF9: changes role from CANDIDATE to FOLLOWER at term 355 for DISCOVERED_A_NEW_TERM
2019-11-05 08:24:33,657 [4a682f4f-c3f2-4b77-88b7-f0ab78890feb@group-0DB8C7688BF9-LeaderElection573] INFO  impl.RoleInfo (RoleInfo.java:shutdownLeaderElection(134)) - 4a682f4f-c3f2-4b77-88b7-f0ab78890feb: shutdown LeaderElection
2019-11-05 08:24:33,657 [4a682f4f-c3f2-4b77-88b7-f0ab78890feb@group-0DB8C7688BF9-LeaderElection573] INFO  impl.RoleInfo (RoleInfo.java:updateAndGet(143)) - 4a682f4f-c3f2-4b77-88b7-f0ab78890feb: start FollowerState
2019-11-05 08:24:33,759 [java.util.concurrent.ThreadPoolExecutor$Worker@4893213[State = -1, empty queue]] WARN  server.GrpcLogAppender (GrpcLogAppender.java:timeoutAppendRequest(209)) - 6189f8a4-91dd-451f-abcb-72b2dcd73465@group-9D53872EEF85->fe5257f1-588f-41af-bf70-1c04126c8968-GrpcLogAppender: appendEntries Timeout, request=6189f8a4-91dd-451f-abcb-72b2dcd73465->fe5257f1-588f-41af-bf70-1c04126c8968#103-t4, previous=(t:4, i:20), leaderCommit=20, initializing? false, entries: <empty>
2019-11-05 08:24:33,796 [java.util.concurrent.ThreadPoolExecutor$Worker@7a1c0679[State = -1, empty queue]] WARN  server.GrpcLogAppender (GrpcLogAppender.java:timeoutAppendRequest(209)) - 6189f8a4-91dd-451f-abcb-72b2dcd73465@group-9D53872EEF85->c3e88256-f771-43b4-b3fb-c682fc5ee06f-GrpcLogAppender: appendEntries Timeout, request=6189f8a4-91dd-451f-abcb-72b2dcd73465->c3e88256-f771-43b4-b3fb-c682fc5ee06f#103-t4, previous=(t:4, i:20), leaderCommit=20, initializing? false, entries: <empty>
2019-11-05 08:24:33,845 [Thread-4071] INFO  impl.FollowerState (FollowerState.java:run(108)) - 4a682f4f-c3f2-4b77-88b7-f0ab78890feb@group-0DB8C7688BF9-FollowerState: change to CANDIDATE, lastRpcTime:187ms, electionTimeout:187ms
2019-11-05 08:24:33,845 [Thread-4071] INFO  impl.RoleInfo (RoleInfo.java:shutdownFollowerState(121)) - 4a682f4f-c3f2-4b77-88b7-f0ab78890feb: shutdown FollowerState
2019-11-05 08:24:33,845 [Thread-4071] INFO  impl.RaftServerImpl (RaftServerImpl.java:setRole(184)) - 4a682f4f-c3f2-4b77-88b7-f0ab78890feb@group-0DB8C7688BF9: changes role from  FOLLOWER to CANDIDATE at term 355 for changeToCandidate
2019-11-05 08:24:33,845 [Thread-4071] INFO  impl.RoleInfo (RoleInfo.java:updateAndGet(143)) - 4a682f4f-c3f2-4b77-88b7-f0ab78890feb: start LeaderElection
2019-11-05 08:24:33,859 [4a682f4f-c3f2-4b77-88b7-f0ab78890feb@group-0DB8C7688BF9-LeaderElection574] INFO  impl.LeaderElection (LeaderElection.java:askForVotes(178)) - 4a682f4f-c3f2-4b77-88b7-f0ab78890feb@group-0DB8C7688BF9-LeaderElection574: begin an election at term 356 for -1: [77ab65e6-d942-49df-83a3-1d4c0bf152b3:192.168.164.217:39381, 7e1b84a9-a041-44fd-8008-f2679426984c:192.168.164.217:44149, 4a682f4f-c3f2-4b77-88b7-f0ab78890feb:192.168.164.217:34174], old=null
2019-11-05 08:24:33,860 [4a682f4f-c3f2-4b77-88b7-f0ab78890feb@group-0DB8C7688BF9-LeaderElection574] INFO  impl.LeaderElection (LogUtils.java:infoOrTrace(149)) - 4a682f4f-c3f2-4b77-88b7-f0ab78890feb@group-0DB8C7688BF9-LeaderElection574 got exception when requesting votes: {}
java.util.concurrent.ExecutionException: org.apache.ratis.thirdparty.io.grpc.StatusRuntimeException: UNAVAILABLE: io exception
	at java.util.concurrent.FutureTask.report(FutureTask.java:122)
	at java.util.concurrent.FutureTask.get(FutureTask.java:192)
	at org.apache.ratis.server.impl.LeaderElection.waitForResults(LeaderElection.java:259)
	at org.apache.ratis.server.impl.LeaderElection.askForVotes(LeaderElection.java:197)
	at org.apache.ratis.server.impl.LeaderElection.run(LeaderElection.java:133)
	at java.lang.Thread.run(Thread.java:748)
Caused by: org.apache.ratis.thirdparty.io.grpc.StatusRuntimeException: UNAVAILABLE: io exception
	at org.apache.ratis.thirdparty.io.grpc.stub.ClientCalls.toStatusRuntimeException(ClientCalls.java:233)
	at org.apache.ratis.thirdparty.io.grpc.stub.ClientCalls.getUnchecked(ClientCalls.java:214)
	at org.apache.ratis.thirdparty.io.grpc.stub.ClientCalls.blockingUnaryCall(ClientCalls.java:139)
	at org.apache.ratis.proto.grpc.RaftServerProtocolServiceGrpc$RaftServerProtocolServiceBlockingStub.requestVote(RaftServerProtocolServiceGrpc.java:265)
	at org.apache.ratis.grpc.server.GrpcServerProtocolClient.requestVote(GrpcServerProtocolClient.java:99)
	at org.apache.ratis.grpc.server.GrpcService.requestVote(GrpcService.java:204)
	at org.apache.ratis.server.impl.LeaderElection.lambda$submitRequests$1(LeaderElection.java:234)
	at java.util.concurrent.FutureTask.run(FutureTask.java:266)
	at java.util.concurrent.Executors$RunnableAdapter.call(Executors.java:511)
	at java.util.concurrent.FutureTask.run(FutureTask.java:266)
	at java.util.concurrent.ThreadPoolExecutor.runWorker(ThreadPoolExecutor.java:1149)
	at java.util.concurrent.ThreadPoolExecutor$Worker.run(ThreadPoolExecutor.java:624)
	... 1 more
Caused by: org.apache.ratis.thirdparty.io.netty.channel.AbstractChannel$AnnotatedConnectException: Connection refused: /192.168.164.217:39381
	at sun.nio.ch.SocketChannelImpl.checkConnect(Native Method)
	at sun.nio.ch.SocketChannelImpl.finishConnect(SocketChannelImpl.java:717)
	at org.apache.ratis.thirdparty.io.netty.channel.socket.nio.NioSocketChannel.doFinishConnect(NioSocketChannel.java:327)
	at org.apache.ratis.thirdparty.io.netty.channel.nio.AbstractNioChannel$AbstractNioUnsafe.finishConnect(AbstractNioChannel.java:340)
	at org.apache.ratis.thirdparty.io.netty.channel.nio.NioEventLoop.processSelectedKey(NioEventLoop.java:632)
	at org.apache.ratis.thirdparty.io.netty.channel.nio.NioEventLoop.processSelectedKeysOptimized(NioEventLoop.java:579)
	at org.apache.ratis.thirdparty.io.netty.channel.nio.NioEventLoop.processSelectedKeys(NioEventLoop.java:496)
	at org.apache.ratis.thirdparty.io.netty.channel.nio.NioEventLoop.run(NioEventLoop.java:458)
	at org.apache.ratis.thirdparty.io.netty.util.concurrent.SingleThreadEventExecutor$5.run(SingleThreadEventExecutor.java:897)
	at org.apache.ratis.thirdparty.io.netty.util.concurrent.FastThreadLocalRunnable.run(FastThreadLocalRunnable.java:30)
	... 1 more
Caused by: java.net.ConnectException: Connection refused
	... 11 more
2019-11-05 08:24:33,860 [4a682f4f-c3f2-4b77-88b7-f0ab78890feb@group-0DB8C7688BF9-LeaderElection574] INFO  impl.LeaderElection (LogUtils.java:infoOrTrace(149)) - 4a682f4f-c3f2-4b77-88b7-f0ab78890feb@group-0DB8C7688BF9-LeaderElection574 got exception when requesting votes: {}
java.util.concurrent.ExecutionException: org.apache.ratis.thirdparty.io.grpc.StatusRuntimeException: UNAVAILABLE: io exception
	at java.util.concurrent.FutureTask.report(FutureTask.java:122)
	at java.util.concurrent.FutureTask.get(FutureTask.java:192)
	at org.apache.ratis.server.impl.LeaderElection.waitForResults(LeaderElection.java:259)
	at org.apache.ratis.server.impl.LeaderElection.askForVotes(LeaderElection.java:197)
	at org.apache.ratis.server.impl.LeaderElection.run(LeaderElection.java:133)
	at java.lang.Thread.run(Thread.java:748)
Caused by: org.apache.ratis.thirdparty.io.grpc.StatusRuntimeException: UNAVAILABLE: io exception
	at org.apache.ratis.thirdparty.io.grpc.stub.ClientCalls.toStatusRuntimeException(ClientCalls.java:233)
	at org.apache.ratis.thirdparty.io.grpc.stub.ClientCalls.getUnchecked(ClientCalls.java:214)
	at org.apache.ratis.thirdparty.io.grpc.stub.ClientCalls.blockingUnaryCall(ClientCalls.java:139)
	at org.apache.ratis.proto.grpc.RaftServerProtocolServiceGrpc$RaftServerProtocolServiceBlockingStub.requestVote(RaftServerProtocolServiceGrpc.java:265)
	at org.apache.ratis.grpc.server.GrpcServerProtocolClient.requestVote(GrpcServerProtocolClient.java:99)
	at org.apache.ratis.grpc.server.GrpcService.requestVote(GrpcService.java:204)
	at org.apache.ratis.server.impl.LeaderElection.lambda$submitRequests$1(LeaderElection.java:234)
	at java.util.concurrent.FutureTask.run(FutureTask.java:266)
	at java.util.concurrent.Executors$RunnableAdapter.call(Executors.java:511)
	at java.util.concurrent.FutureTask.run(FutureTask.java:266)
	at java.util.concurrent.ThreadPoolExecutor.runWorker(ThreadPoolExecutor.java:1149)
	at java.util.concurrent.ThreadPoolExecutor$Worker.run(ThreadPoolExecutor.java:624)
	... 1 more
Caused by: org.apache.ratis.thirdparty.io.netty.channel.AbstractChannel$AnnotatedConnectException: Connection refused: /192.168.164.217:44149
	at sun.nio.ch.SocketChannelImpl.checkConnect(Native Method)
	at sun.nio.ch.SocketChannelImpl.finishConnect(SocketChannelImpl.java:717)
	at org.apache.ratis.thirdparty.io.netty.channel.socket.nio.NioSocketChannel.doFinishConnect(NioSocketChannel.java:327)
	at org.apache.ratis.thirdparty.io.netty.channel.nio.AbstractNioChannel$AbstractNioUnsafe.finishConnect(AbstractNioChannel.java:340)
	at org.apache.ratis.thirdparty.io.netty.channel.nio.NioEventLoop.processSelectedKey(NioEventLoop.java:632)
	at org.apache.ratis.thirdparty.io.netty.channel.nio.NioEventLoop.processSelectedKeysOptimized(NioEventLoop.java:579)
	at org.apache.ratis.thirdparty.io.netty.channel.nio.NioEventLoop.processSelectedKeys(NioEventLoop.java:496)
	at org.apache.ratis.thirdparty.io.netty.channel.nio.NioEventLoop.run(NioEventLoop.java:458)
	at org.apache.ratis.thirdparty.io.netty.util.concurrent.SingleThreadEventExecutor$5.run(SingleThreadEventExecutor.java:897)
	at org.apache.ratis.thirdparty.io.netty.util.concurrent.FastThreadLocalRunnable.run(FastThreadLocalRunnable.java:30)
	... 1 more
Caused by: java.net.ConnectException: Connection refused
	... 11 more
2019-11-05 08:24:33,860 [4a682f4f-c3f2-4b77-88b7-f0ab78890feb@group-0DB8C7688BF9-LeaderElection574] INFO  impl.LeaderElection (LeaderElection.java:logAndReturn(56)) - 4a682f4f-c3f2-4b77-88b7-f0ab78890feb@group-0DB8C7688BF9-LeaderElection574: Election REJECTED; received 0 response(s) [] and 2 exception(s); 4a682f4f-c3f2-4b77-88b7-f0ab78890feb@group-0DB8C7688BF9:t356, leader=null, voted=4a682f4f-c3f2-4b77-88b7-f0ab78890feb, raftlog=4a682f4f-c3f2-4b77-88b7-f0ab78890feb@group-0DB8C7688BF9-SegmentedRaftLog:OPENED:c-1,f-1,i0, conf=-1: [77ab65e6-d942-49df-83a3-1d4c0bf152b3:192.168.164.217:39381, 7e1b84a9-a041-44fd-8008-f2679426984c:192.168.164.217:44149, 4a682f4f-c3f2-4b77-88b7-f0ab78890feb:192.168.164.217:34174], old=null
2019-11-05 08:24:33,860 [4a682f4f-c3f2-4b77-88b7-f0ab78890feb@group-0DB8C7688BF9-LeaderElection574] INFO  impl.LeaderElection (LogUtils.java:infoOrTrace(149)) -   Exception 0: {}
java.util.concurrent.ExecutionException: org.apache.ratis.thirdparty.io.grpc.StatusRuntimeException: UNAVAILABLE: io exception
	at java.util.concurrent.FutureTask.report(FutureTask.java:122)
	at java.util.concurrent.FutureTask.get(FutureTask.java:192)
	at org.apache.ratis.server.impl.LeaderElection.waitForResults(LeaderElection.java:259)
	at org.apache.ratis.server.impl.LeaderElection.askForVotes(LeaderElection.java:197)
	at org.apache.ratis.server.impl.LeaderElection.run(LeaderElection.java:133)
	at java.lang.Thread.run(Thread.java:748)
Caused by: org.apache.ratis.thirdparty.io.grpc.StatusRuntimeException: UNAVAILABLE: io exception
	at org.apache.ratis.thirdparty.io.grpc.stub.ClientCalls.toStatusRuntimeException(ClientCalls.java:233)
	at org.apache.ratis.thirdparty.io.grpc.stub.ClientCalls.getUnchecked(ClientCalls.java:214)
	at org.apache.ratis.thirdparty.io.grpc.stub.ClientCalls.blockingUnaryCall(ClientCalls.java:139)
	at org.apache.ratis.proto.grpc.RaftServerProtocolServiceGrpc$RaftServerProtocolServiceBlockingStub.requestVote(RaftServerProtocolServiceGrpc.java:265)
	at org.apache.ratis.grpc.server.GrpcServerProtocolClient.requestVote(GrpcServerProtocolClient.java:99)
	at org.apache.ratis.grpc.server.GrpcService.requestVote(GrpcService.java:204)
	at org.apache.ratis.server.impl.LeaderElection.lambda$submitRequests$1(LeaderElection.java:234)
	at java.util.concurrent.FutureTask.run(FutureTask.java:266)
	at java.util.concurrent.Executors$RunnableAdapter.call(Executors.java:511)
	at java.util.concurrent.FutureTask.run(FutureTask.java:266)
	at java.util.concurrent.ThreadPoolExecutor.runWorker(ThreadPoolExecutor.java:1149)
	at java.util.concurrent.ThreadPoolExecutor$Worker.run(ThreadPoolExecutor.java:624)
	... 1 more
Caused by: org.apache.ratis.thirdparty.io.netty.channel.AbstractChannel$AnnotatedConnectException: Connection refused: /192.168.164.217:39381
	at sun.nio.ch.SocketChannelImpl.checkConnect(Native Method)
	at sun.nio.ch.SocketChannelImpl.finishConnect(SocketChannelImpl.java:717)
	at org.apache.ratis.thirdparty.io.netty.channel.socket.nio.NioSocketChannel.doFinishConnect(NioSocketChannel.java:327)
	at org.apache.ratis.thirdparty.io.netty.channel.nio.AbstractNioChannel$AbstractNioUnsafe.finishConnect(AbstractNioChannel.java:340)
	at org.apache.ratis.thirdparty.io.netty.channel.nio.NioEventLoop.processSelectedKey(NioEventLoop.java:632)
	at org.apache.ratis.thirdparty.io.netty.channel.nio.NioEventLoop.processSelectedKeysOptimized(NioEventLoop.java:579)
	at org.apache.ratis.thirdparty.io.netty.channel.nio.NioEventLoop.processSelectedKeys(NioEventLoop.java:496)
	at org.apache.ratis.thirdparty.io.netty.channel.nio.NioEventLoop.run(NioEventLoop.java:458)
	at org.apache.ratis.thirdparty.io.netty.util.concurrent.SingleThreadEventExecutor$5.run(SingleThreadEventExecutor.java:897)
	at org.apache.ratis.thirdparty.io.netty.util.concurrent.FastThreadLocalRunnable.run(FastThreadLocalRunnable.java:30)
	... 1 more
Caused by: java.net.ConnectException: Connection refused
	... 11 more
2019-11-05 08:24:33,861 [4a682f4f-c3f2-4b77-88b7-f0ab78890feb@group-0DB8C7688BF9-LeaderElection574] INFO  impl.LeaderElection (LogUtils.java:infoOrTrace(149)) -   Exception 1: {}
java.util.concurrent.ExecutionException: org.apache.ratis.thirdparty.io.grpc.StatusRuntimeException: UNAVAILABLE: io exception
	at java.util.concurrent.FutureTask.report(FutureTask.java:122)
	at java.util.concurrent.FutureTask.get(FutureTask.java:192)
	at org.apache.ratis.server.impl.LeaderElection.waitForResults(LeaderElection.java:259)
	at org.apache.ratis.server.impl.LeaderElection.askForVotes(LeaderElection.java:197)
	at org.apache.ratis.server.impl.LeaderElection.run(LeaderElection.java:133)
	at java.lang.Thread.run(Thread.java:748)
Caused by: org.apache.ratis.thirdparty.io.grpc.StatusRuntimeException: UNAVAILABLE: io exception
	at org.apache.ratis.thirdparty.io.grpc.stub.ClientCalls.toStatusRuntimeException(ClientCalls.java:233)
	at org.apache.ratis.thirdparty.io.grpc.stub.ClientCalls.getUnchecked(ClientCalls.java:214)
	at org.apache.ratis.thirdparty.io.grpc.stub.ClientCalls.blockingUnaryCall(ClientCalls.java:139)
	at org.apache.ratis.proto.grpc.RaftServerProtocolServiceGrpc$RaftServerProtocolServiceBlockingStub.requestVote(RaftServerProtocolServiceGrpc.java:265)
	at org.apache.ratis.grpc.server.GrpcServerProtocolClient.requestVote(GrpcServerProtocolClient.java:99)
	at org.apache.ratis.grpc.server.GrpcService.requestVote(GrpcService.java:204)
	at org.apache.ratis.server.impl.LeaderElection.lambda$submitRequests$1(LeaderElection.java:234)
	at java.util.concurrent.FutureTask.run(FutureTask.java:266)
	at java.util.concurrent.Executors$RunnableAdapter.call(Executors.java:511)
	at java.util.concurrent.FutureTask.run(FutureTask.java:266)
	at java.util.concurrent.ThreadPoolExecutor.runWorker(ThreadPoolExecutor.java:1149)
	at java.util.concurrent.ThreadPoolExecutor$Worker.run(ThreadPoolExecutor.java:624)
	... 1 more
Caused by: org.apache.ratis.thirdparty.io.netty.channel.AbstractChannel$AnnotatedConnectException: Connection refused: /192.168.164.217:44149
	at sun.nio.ch.SocketChannelImpl.checkConnect(Native Method)
	at sun.nio.ch.SocketChannelImpl.finishConnect(SocketChannelImpl.java:717)
	at org.apache.ratis.thirdparty.io.netty.channel.socket.nio.NioSocketChannel.doFinishConnect(NioSocketChannel.java:327)
	at org.apache.ratis.thirdparty.io.netty.channel.nio.AbstractNioChannel$AbstractNioUnsafe.finishConnect(AbstractNioChannel.java:340)
	at org.apache.ratis.thirdparty.io.netty.channel.nio.NioEventLoop.processSelectedKey(NioEventLoop.java:632)
	at org.apache.ratis.thirdparty.io.netty.channel.nio.NioEventLoop.processSelectedKeysOptimized(NioEventLoop.java:579)
	at org.apache.ratis.thirdparty.io.netty.channel.nio.NioEventLoop.processSelectedKeys(NioEventLoop.java:496)
	at org.apache.ratis.thirdparty.io.netty.channel.nio.NioEventLoop.run(NioEventLoop.java:458)
	at org.apache.ratis.thirdparty.io.netty.util.concurrent.SingleThreadEventExecutor$5.run(SingleThreadEventExecutor.java:897)
	at org.apache.ratis.thirdparty.io.netty.util.concurrent.FastThreadLocalRunnable.run(FastThreadLocalRunnable.java:30)
	... 1 more
Caused by: java.net.ConnectException: Connection refused
	... 11 more
2019-11-05 08:24:33,861 [4a682f4f-c3f2-4b77-88b7-f0ab78890feb@group-0DB8C7688BF9-LeaderElection574] INFO  impl.RaftServerImpl (RaftServerImpl.java:setRole(184)) - 4a682f4f-c3f2-4b77-88b7-f0ab78890feb@group-0DB8C7688BF9: changes role from CANDIDATE to FOLLOWER at term 356 for DISCOVERED_A_NEW_TERM
2019-11-05 08:24:33,861 [4a682f4f-c3f2-4b77-88b7-f0ab78890feb@group-0DB8C7688BF9-LeaderElection574] INFO  impl.RoleInfo (RoleInfo.java:shutdownLeaderElection(134)) - 4a682f4f-c3f2-4b77-88b7-f0ab78890feb: shutdown LeaderElection
2019-11-05 08:24:33,861 [4a682f4f-c3f2-4b77-88b7-f0ab78890feb@group-0DB8C7688BF9-LeaderElection574] INFO  impl.RoleInfo (RoleInfo.java:updateAndGet(143)) - 4a682f4f-c3f2-4b77-88b7-f0ab78890feb: start FollowerState
2019-11-05 08:24:33,964 [Thread-4075] INFO  impl.FollowerState (FollowerState.java:run(108)) - 4a682f4f-c3f2-4b77-88b7-f0ab78890feb@group-0DB8C7688BF9-FollowerState: change to CANDIDATE, lastRpcTime:103ms, electionTimeout:103ms
2019-11-05 08:24:33,964 [Thread-4075] INFO  impl.RoleInfo (RoleInfo.java:shutdownFollowerState(121)) - 4a682f4f-c3f2-4b77-88b7-f0ab78890feb: shutdown FollowerState
2019-11-05 08:24:33,965 [Thread-4075] INFO  impl.RaftServerImpl (RaftServerImpl.java:setRole(184)) - 4a682f4f-c3f2-4b77-88b7-f0ab78890feb@group-0DB8C7688BF9: changes role from  FOLLOWER to CANDIDATE at term 356 for changeToCandidate
2019-11-05 08:24:33,965 [Thread-4075] INFO  impl.RoleInfo (RoleInfo.java:updateAndGet(143)) - 4a682f4f-c3f2-4b77-88b7-f0ab78890feb: start LeaderElection
2019-11-05 08:24:33,978 [4a682f4f-c3f2-4b77-88b7-f0ab78890feb@group-0DB8C7688BF9-LeaderElection575] INFO  impl.LeaderElection (LeaderElection.java:askForVotes(178)) - 4a682f4f-c3f2-4b77-88b7-f0ab78890feb@group-0DB8C7688BF9-LeaderElection575: begin an election at term 357 for -1: [77ab65e6-d942-49df-83a3-1d4c0bf152b3:192.168.164.217:39381, 7e1b84a9-a041-44fd-8008-f2679426984c:192.168.164.217:44149, 4a682f4f-c3f2-4b77-88b7-f0ab78890feb:192.168.164.217:34174], old=null
2019-11-05 08:24:33,979 [4a682f4f-c3f2-4b77-88b7-f0ab78890feb@group-0DB8C7688BF9-LeaderElection575] INFO  impl.LeaderElection (LogUtils.java:infoOrTrace(149)) - 4a682f4f-c3f2-4b77-88b7-f0ab78890feb@group-0DB8C7688BF9-LeaderElection575 got exception when requesting votes: {}
java.util.concurrent.ExecutionException: org.apache.ratis.thirdparty.io.grpc.StatusRuntimeException: UNAVAILABLE: io exception
	at java.util.concurrent.FutureTask.report(FutureTask.java:122)
	at java.util.concurrent.FutureTask.get(FutureTask.java:192)
	at org.apache.ratis.server.impl.LeaderElection.waitForResults(LeaderElection.java:259)
	at org.apache.ratis.server.impl.LeaderElection.askForVotes(LeaderElection.java:197)
	at org.apache.ratis.server.impl.LeaderElection.run(LeaderElection.java:133)
	at java.lang.Thread.run(Thread.java:748)
Caused by: org.apache.ratis.thirdparty.io.grpc.StatusRuntimeException: UNAVAILABLE: io exception
	at org.apache.ratis.thirdparty.io.grpc.stub.ClientCalls.toStatusRuntimeException(ClientCalls.java:233)
	at org.apache.ratis.thirdparty.io.grpc.stub.ClientCalls.getUnchecked(ClientCalls.java:214)
	at org.apache.ratis.thirdparty.io.grpc.stub.ClientCalls.blockingUnaryCall(ClientCalls.java:139)
	at org.apache.ratis.proto.grpc.RaftServerProtocolServiceGrpc$RaftServerProtocolServiceBlockingStub.requestVote(RaftServerProtocolServiceGrpc.java:265)
	at org.apache.ratis.grpc.server.GrpcServerProtocolClient.requestVote(GrpcServerProtocolClient.java:99)
	at org.apache.ratis.grpc.server.GrpcService.requestVote(GrpcService.java:204)
	at org.apache.ratis.server.impl.LeaderElection.lambda$submitRequests$1(LeaderElection.java:234)
	at java.util.concurrent.FutureTask.run(FutureTask.java:266)
	at java.util.concurrent.Executors$RunnableAdapter.call(Executors.java:511)
	at java.util.concurrent.FutureTask.run(FutureTask.java:266)
	at java.util.concurrent.ThreadPoolExecutor.runWorker(ThreadPoolExecutor.java:1149)
	at java.util.concurrent.ThreadPoolExecutor$Worker.run(ThreadPoolExecutor.java:624)
	... 1 more
Caused by: org.apache.ratis.thirdparty.io.netty.channel.AbstractChannel$AnnotatedConnectException: Connection refused: /192.168.164.217:39381
	at sun.nio.ch.SocketChannelImpl.checkConnect(Native Method)
	at sun.nio.ch.SocketChannelImpl.finishConnect(SocketChannelImpl.java:717)
	at org.apache.ratis.thirdparty.io.netty.channel.socket.nio.NioSocketChannel.doFinishConnect(NioSocketChannel.java:327)
	at org.apache.ratis.thirdparty.io.netty.channel.nio.AbstractNioChannel$AbstractNioUnsafe.finishConnect(AbstractNioChannel.java:340)
	at org.apache.ratis.thirdparty.io.netty.channel.nio.NioEventLoop.processSelectedKey(NioEventLoop.java:632)
	at org.apache.ratis.thirdparty.io.netty.channel.nio.NioEventLoop.processSelectedKeysOptimized(NioEventLoop.java:579)
	at org.apache.ratis.thirdparty.io.netty.channel.nio.NioEventLoop.processSelectedKeys(NioEventLoop.java:496)
	at org.apache.ratis.thirdparty.io.netty.channel.nio.NioEventLoop.run(NioEventLoop.java:458)
	at org.apache.ratis.thirdparty.io.netty.util.concurrent.SingleThreadEventExecutor$5.run(SingleThreadEventExecutor.java:897)
	at org.apache.ratis.thirdparty.io.netty.util.concurrent.FastThreadLocalRunnable.run(FastThreadLocalRunnable.java:30)
	... 1 more
Caused by: java.net.ConnectException: Connection refused
	... 11 more
2019-11-05 08:24:33,980 [4a682f4f-c3f2-4b77-88b7-f0ab78890feb@group-0DB8C7688BF9-LeaderElection575] INFO  impl.LeaderElection (LogUtils.java:infoOrTrace(149)) - 4a682f4f-c3f2-4b77-88b7-f0ab78890feb@group-0DB8C7688BF9-LeaderElection575 got exception when requesting votes: {}
java.util.concurrent.ExecutionException: org.apache.ratis.thirdparty.io.grpc.StatusRuntimeException: UNAVAILABLE: io exception
	at java.util.concurrent.FutureTask.report(FutureTask.java:122)
	at java.util.concurrent.FutureTask.get(FutureTask.java:192)
	at org.apache.ratis.server.impl.LeaderElection.waitForResults(LeaderElection.java:259)
	at org.apache.ratis.server.impl.LeaderElection.askForVotes(LeaderElection.java:197)
	at org.apache.ratis.server.impl.LeaderElection.run(LeaderElection.java:133)
	at java.lang.Thread.run(Thread.java:748)
Caused by: org.apache.ratis.thirdparty.io.grpc.StatusRuntimeException: UNAVAILABLE: io exception
	at org.apache.ratis.thirdparty.io.grpc.stub.ClientCalls.toStatusRuntimeException(ClientCalls.java:233)
	at org.apache.ratis.thirdparty.io.grpc.stub.ClientCalls.getUnchecked(ClientCalls.java:214)
	at org.apache.ratis.thirdparty.io.grpc.stub.ClientCalls.blockingUnaryCall(ClientCalls.java:139)
	at org.apache.ratis.proto.grpc.RaftServerProtocolServiceGrpc$RaftServerProtocolServiceBlockingStub.requestVote(RaftServerProtocolServiceGrpc.java:265)
	at org.apache.ratis.grpc.server.GrpcServerProtocolClient.requestVote(GrpcServerProtocolClient.java:99)
	at org.apache.ratis.grpc.server.GrpcService.requestVote(GrpcService.java:204)
	at org.apache.ratis.server.impl.LeaderElection.lambda$submitRequests$1(LeaderElection.java:234)
	at java.util.concurrent.FutureTask.run(FutureTask.java:266)
	at java.util.concurrent.Executors$RunnableAdapter.call(Executors.java:511)
	at java.util.concurrent.FutureTask.run(FutureTask.java:266)
	at java.util.concurrent.ThreadPoolExecutor.runWorker(ThreadPoolExecutor.java:1149)
	at java.util.concurrent.ThreadPoolExecutor$Worker.run(ThreadPoolExecutor.java:624)
	... 1 more
Caused by: org.apache.ratis.thirdparty.io.netty.channel.AbstractChannel$AnnotatedConnectException: Connection refused: /192.168.164.217:44149
	at sun.nio.ch.SocketChannelImpl.checkConnect(Native Method)
	at sun.nio.ch.SocketChannelImpl.finishConnect(SocketChannelImpl.java:717)
	at org.apache.ratis.thirdparty.io.netty.channel.socket.nio.NioSocketChannel.doFinishConnect(NioSocketChannel.java:327)
	at org.apache.ratis.thirdparty.io.netty.channel.nio.AbstractNioChannel$AbstractNioUnsafe.finishConnect(AbstractNioChannel.java:340)
	at org.apache.ratis.thirdparty.io.netty.channel.nio.NioEventLoop.processSelectedKey(NioEventLoop.java:632)
	at org.apache.ratis.thirdparty.io.netty.channel.nio.NioEventLoop.processSelectedKeysOptimized(NioEventLoop.java:579)
	at org.apache.ratis.thirdparty.io.netty.channel.nio.NioEventLoop.processSelectedKeys(NioEventLoop.java:496)
	at org.apache.ratis.thirdparty.io.netty.channel.nio.NioEventLoop.run(NioEventLoop.java:458)
	at org.apache.ratis.thirdparty.io.netty.util.concurrent.SingleThreadEventExecutor$5.run(SingleThreadEventExecutor.java:897)
	at org.apache.ratis.thirdparty.io.netty.util.concurrent.FastThreadLocalRunnable.run(FastThreadLocalRunnable.java:30)
	... 1 more
Caused by: java.net.ConnectException: Connection refused
	... 11 more
2019-11-05 08:24:33,980 [4a682f4f-c3f2-4b77-88b7-f0ab78890feb@group-0DB8C7688BF9-LeaderElection575] INFO  impl.LeaderElection (LeaderElection.java:logAndReturn(56)) - 4a682f4f-c3f2-4b77-88b7-f0ab78890feb@group-0DB8C7688BF9-LeaderElection575: Election REJECTED; received 0 response(s) [] and 2 exception(s); 4a682f4f-c3f2-4b77-88b7-f0ab78890feb@group-0DB8C7688BF9:t357, leader=null, voted=4a682f4f-c3f2-4b77-88b7-f0ab78890feb, raftlog=4a682f4f-c3f2-4b77-88b7-f0ab78890feb@group-0DB8C7688BF9-SegmentedRaftLog:OPENED:c-1,f-1,i0, conf=-1: [77ab65e6-d942-49df-83a3-1d4c0bf152b3:192.168.164.217:39381, 7e1b84a9-a041-44fd-8008-f2679426984c:192.168.164.217:44149, 4a682f4f-c3f2-4b77-88b7-f0ab78890feb:192.168.164.217:34174], old=null
2019-11-05 08:24:33,981 [4a682f4f-c3f2-4b77-88b7-f0ab78890feb@group-0DB8C7688BF9-LeaderElection575] INFO  impl.LeaderElection (LogUtils.java:infoOrTrace(149)) -   Exception 0: {}
java.util.concurrent.ExecutionException: org.apache.ratis.thirdparty.io.grpc.StatusRuntimeException: UNAVAILABLE: io exception
	at java.util.concurrent.FutureTask.report(FutureTask.java:122)
	at java.util.concurrent.FutureTask.get(FutureTask.java:192)
	at org.apache.ratis.server.impl.LeaderElection.waitForResults(LeaderElection.java:259)
	at org.apache.ratis.server.impl.LeaderElection.askForVotes(LeaderElection.java:197)
	at org.apache.ratis.server.impl.LeaderElection.run(LeaderElection.java:133)
	at java.lang.Thread.run(Thread.java:748)
Caused by: org.apache.ratis.thirdparty.io.grpc.StatusRuntimeException: UNAVAILABLE: io exception
	at org.apache.ratis.thirdparty.io.grpc.stub.ClientCalls.toStatusRuntimeException(ClientCalls.java:233)
	at org.apache.ratis.thirdparty.io.grpc.stub.ClientCalls.getUnchecked(ClientCalls.java:214)
	at org.apache.ratis.thirdparty.io.grpc.stub.ClientCalls.blockingUnaryCall(ClientCalls.java:139)
	at org.apache.ratis.proto.grpc.RaftServerProtocolServiceGrpc$RaftServerProtocolServiceBlockingStub.requestVote(RaftServerProtocolServiceGrpc.java:265)
	at org.apache.ratis.grpc.server.GrpcServerProtocolClient.requestVote(GrpcServerProtocolClient.java:99)
	at org.apache.ratis.grpc.server.GrpcService.requestVote(GrpcService.java:204)
	at org.apache.ratis.server.impl.LeaderElection.lambda$submitRequests$1(LeaderElection.java:234)
	at java.util.concurrent.FutureTask.run(FutureTask.java:266)
	at java.util.concurrent.Executors$RunnableAdapter.call(Executors.java:511)
	at java.util.concurrent.FutureTask.run(FutureTask.java:266)
	at java.util.concurrent.ThreadPoolExecutor.runWorker(ThreadPoolExecutor.java:1149)
	at java.util.concurrent.ThreadPoolExecutor$Worker.run(ThreadPoolExecutor.java:624)
	... 1 more
Caused by: org.apache.ratis.thirdparty.io.netty.channel.AbstractChannel$AnnotatedConnectException: Connection refused: /192.168.164.217:39381
	at sun.nio.ch.SocketChannelImpl.checkConnect(Native Method)
	at sun.nio.ch.SocketChannelImpl.finishConnect(SocketChannelImpl.java:717)
	at org.apache.ratis.thirdparty.io.netty.channel.socket.nio.NioSocketChannel.doFinishConnect(NioSocketChannel.java:327)
	at org.apache.ratis.thirdparty.io.netty.channel.nio.AbstractNioChannel$AbstractNioUnsafe.finishConnect(AbstractNioChannel.java:340)
	at org.apache.ratis.thirdparty.io.netty.channel.nio.NioEventLoop.processSelectedKey(NioEventLoop.java:632)
	at org.apache.ratis.thirdparty.io.netty.channel.nio.NioEventLoop.processSelectedKeysOptimized(NioEventLoop.java:579)
	at org.apache.ratis.thirdparty.io.netty.channel.nio.NioEventLoop.processSelectedKeys(NioEventLoop.java:496)
	at org.apache.ratis.thirdparty.io.netty.channel.nio.NioEventLoop.run(NioEventLoop.java:458)
	at org.apache.ratis.thirdparty.io.netty.util.concurrent.SingleThreadEventExecutor$5.run(SingleThreadEventExecutor.java:897)
	at org.apache.ratis.thirdparty.io.netty.util.concurrent.FastThreadLocalRunnable.run(FastThreadLocalRunnable.java:30)
	... 1 more
Caused by: java.net.ConnectException: Connection refused
	... 11 more
2019-11-05 08:24:33,981 [4a682f4f-c3f2-4b77-88b7-f0ab78890feb@group-0DB8C7688BF9-LeaderElection575] INFO  impl.LeaderElection (LogUtils.java:infoOrTrace(149)) -   Exception 1: {}
java.util.concurrent.ExecutionException: org.apache.ratis.thirdparty.io.grpc.StatusRuntimeException: UNAVAILABLE: io exception
	at java.util.concurrent.FutureTask.report(FutureTask.java:122)
	at java.util.concurrent.FutureTask.get(FutureTask.java:192)
	at org.apache.ratis.server.impl.LeaderElection.waitForResults(LeaderElection.java:259)
	at org.apache.ratis.server.impl.LeaderElection.askForVotes(LeaderElection.java:197)
	at org.apache.ratis.server.impl.LeaderElection.run(LeaderElection.java:133)
	at java.lang.Thread.run(Thread.java:748)
Caused by: org.apache.ratis.thirdparty.io.grpc.StatusRuntimeException: UNAVAILABLE: io exception
	at org.apache.ratis.thirdparty.io.grpc.stub.ClientCalls.toStatusRuntimeException(ClientCalls.java:233)
	at org.apache.ratis.thirdparty.io.grpc.stub.ClientCalls.getUnchecked(ClientCalls.java:214)
	at org.apache.ratis.thirdparty.io.grpc.stub.ClientCalls.blockingUnaryCall(ClientCalls.java:139)
	at org.apache.ratis.proto.grpc.RaftServerProtocolServiceGrpc$RaftServerProtocolServiceBlockingStub.requestVote(RaftServerProtocolServiceGrpc.java:265)
	at org.apache.ratis.grpc.server.GrpcServerProtocolClient.requestVote(GrpcServerProtocolClient.java:99)
	at org.apache.ratis.grpc.server.GrpcService.requestVote(GrpcService.java:204)
	at org.apache.ratis.server.impl.LeaderElection.lambda$submitRequests$1(LeaderElection.java:234)
	at java.util.concurrent.FutureTask.run(FutureTask.java:266)
	at java.util.concurrent.Executors$RunnableAdapter.call(Executors.java:511)
	at java.util.concurrent.FutureTask.run(FutureTask.java:266)
	at java.util.concurrent.ThreadPoolExecutor.runWorker(ThreadPoolExecutor.java:1149)
	at java.util.concurrent.ThreadPoolExecutor$Worker.run(ThreadPoolExecutor.java:624)
	... 1 more
Caused by: org.apache.ratis.thirdparty.io.netty.channel.AbstractChannel$AnnotatedConnectException: Connection refused: /192.168.164.217:44149
	at sun.nio.ch.SocketChannelImpl.checkConnect(Native Method)
	at sun.nio.ch.SocketChannelImpl.finishConnect(SocketChannelImpl.java:717)
	at org.apache.ratis.thirdparty.io.netty.channel.socket.nio.NioSocketChannel.doFinishConnect(NioSocketChannel.java:327)
	at org.apache.ratis.thirdparty.io.netty.channel.nio.AbstractNioChannel$AbstractNioUnsafe.finishConnect(AbstractNioChannel.java:340)
	at org.apache.ratis.thirdparty.io.netty.channel.nio.NioEventLoop.processSelectedKey(NioEventLoop.java:632)
	at org.apache.ratis.thirdparty.io.netty.channel.nio.NioEventLoop.processSelectedKeysOptimized(NioEventLoop.java:579)
	at org.apache.ratis.thirdparty.io.netty.channel.nio.NioEventLoop.processSelectedKeys(NioEventLoop.java:496)
	at org.apache.ratis.thirdparty.io.netty.channel.nio.NioEventLoop.run(NioEventLoop.java:458)
	at org.apache.ratis.thirdparty.io.netty.util.concurrent.SingleThreadEventExecutor$5.run(SingleThreadEventExecutor.java:897)
	at org.apache.ratis.thirdparty.io.netty.util.concurrent.FastThreadLocalRunnable.run(FastThreadLocalRunnable.java:30)
	... 1 more
Caused by: java.net.ConnectException: Connection refused
	... 11 more
2019-11-05 08:24:33,981 [4a682f4f-c3f2-4b77-88b7-f0ab78890feb@group-0DB8C7688BF9-LeaderElection575] INFO  impl.RaftServerImpl (RaftServerImpl.java:setRole(184)) - 4a682f4f-c3f2-4b77-88b7-f0ab78890feb@group-0DB8C7688BF9: changes role from CANDIDATE to FOLLOWER at term 357 for DISCOVERED_A_NEW_TERM
2019-11-05 08:24:33,982 [4a682f4f-c3f2-4b77-88b7-f0ab78890feb@group-0DB8C7688BF9-LeaderElection575] INFO  impl.RoleInfo (RoleInfo.java:shutdownLeaderElection(134)) - 4a682f4f-c3f2-4b77-88b7-f0ab78890feb: shutdown LeaderElection
2019-11-05 08:24:33,982 [4a682f4f-c3f2-4b77-88b7-f0ab78890feb@group-0DB8C7688BF9-LeaderElection575] INFO  impl.RoleInfo (RoleInfo.java:updateAndGet(143)) - 4a682f4f-c3f2-4b77-88b7-f0ab78890feb: start FollowerState
2019-11-05 08:24:33,993 [Thread-4079] INFO  impl.FollowerState (FollowerState.java:run(108)) - 4a682f4f-c3f2-4b77-88b7-f0ab78890feb@group-0DB8C7688BF9-FollowerState: change to CANDIDATE, lastRpcTime:11ms, electionTimeout:11ms
2019-11-05 08:24:33,993 [Thread-4079] INFO  impl.RoleInfo (RoleInfo.java:shutdownFollowerState(121)) - 4a682f4f-c3f2-4b77-88b7-f0ab78890feb: shutdown FollowerState
2019-11-05 08:24:33,993 [Thread-4079] INFO  impl.RaftServerImpl (RaftServerImpl.java:setRole(184)) - 4a682f4f-c3f2-4b77-88b7-f0ab78890feb@group-0DB8C7688BF9: changes role from  FOLLOWER to CANDIDATE at term 357 for changeToCandidate
2019-11-05 08:24:33,994 [Thread-4079] INFO  impl.RoleInfo (RoleInfo.java:updateAndGet(143)) - 4a682f4f-c3f2-4b77-88b7-f0ab78890feb: start LeaderElection
2019-11-05 08:24:34,006 [4a682f4f-c3f2-4b77-88b7-f0ab78890feb@group-0DB8C7688BF9-LeaderElection576] INFO  impl.LeaderElection (LeaderElection.java:askForVotes(178)) - 4a682f4f-c3f2-4b77-88b7-f0ab78890feb@group-0DB8C7688BF9-LeaderElection576: begin an election at term 358 for -1: [77ab65e6-d942-49df-83a3-1d4c0bf152b3:192.168.164.217:39381, 7e1b84a9-a041-44fd-8008-f2679426984c:192.168.164.217:44149, 4a682f4f-c3f2-4b77-88b7-f0ab78890feb:192.168.164.217:34174], old=null
2019-11-05 08:24:34,007 [4a682f4f-c3f2-4b77-88b7-f0ab78890feb@group-0DB8C7688BF9-LeaderElection576] INFO  impl.LeaderElection (LogUtils.java:infoOrTrace(149)) - 4a682f4f-c3f2-4b77-88b7-f0ab78890feb@group-0DB8C7688BF9-LeaderElection576 got exception when requesting votes: {}
java.util.concurrent.ExecutionException: org.apache.ratis.thirdparty.io.grpc.StatusRuntimeException: UNAVAILABLE: io exception
	at java.util.concurrent.FutureTask.report(FutureTask.java:122)
	at java.util.concurrent.FutureTask.get(FutureTask.java:192)
	at org.apache.ratis.server.impl.LeaderElection.waitForResults(LeaderElection.java:259)
	at org.apache.ratis.server.impl.LeaderElection.askForVotes(LeaderElection.java:197)
	at org.apache.ratis.server.impl.LeaderElection.run(LeaderElection.java:133)
	at java.lang.Thread.run(Thread.java:748)
Caused by: org.apache.ratis.thirdparty.io.grpc.StatusRuntimeException: UNAVAILABLE: io exception
	at org.apache.ratis.thirdparty.io.grpc.stub.ClientCalls.toStatusRuntimeException(ClientCalls.java:233)
	at org.apache.ratis.thirdparty.io.grpc.stub.ClientCalls.getUnchecked(ClientCalls.java:214)
	at org.apache.ratis.thirdparty.io.grpc.stub.ClientCalls.blockingUnaryCall(ClientCalls.java:139)
	at org.apache.ratis.proto.grpc.RaftServerProtocolServiceGrpc$RaftServerProtocolServiceBlockingStub.requestVote(RaftServerProtocolServiceGrpc.java:265)
	at org.apache.ratis.grpc.server.GrpcServerProtocolClient.requestVote(GrpcServerProtocolClient.java:99)
	at org.apache.ratis.grpc.server.GrpcService.requestVote(GrpcService.java:204)
	at org.apache.ratis.server.impl.LeaderElection.lambda$submitRequests$1(LeaderElection.java:234)
	at java.util.concurrent.FutureTask.run(FutureTask.java:266)
	at java.util.concurrent.Executors$RunnableAdapter.call(Executors.java:511)
	at java.util.concurrent.FutureTask.run(FutureTask.java:266)
	at java.util.concurrent.ThreadPoolExecutor.runWorker(ThreadPoolExecutor.java:1149)
	at java.util.concurrent.ThreadPoolExecutor$Worker.run(ThreadPoolExecutor.java:624)
	... 1 more
Caused by: org.apache.ratis.thirdparty.io.netty.channel.AbstractChannel$AnnotatedConnectException: Connection refused: /192.168.164.217:39381
	at sun.nio.ch.SocketChannelImpl.checkConnect(Native Method)
	at sun.nio.ch.SocketChannelImpl.finishConnect(SocketChannelImpl.java:717)
	at org.apache.ratis.thirdparty.io.netty.channel.socket.nio.NioSocketChannel.doFinishConnect(NioSocketChannel.java:327)
	at org.apache.ratis.thirdparty.io.netty.channel.nio.AbstractNioChannel$AbstractNioUnsafe.finishConnect(AbstractNioChannel.java:340)
	at org.apache.ratis.thirdparty.io.netty.channel.nio.NioEventLoop.processSelectedKey(NioEventLoop.java:632)
	at org.apache.ratis.thirdparty.io.netty.channel.nio.NioEventLoop.processSelectedKeysOptimized(NioEventLoop.java:579)
	at org.apache.ratis.thirdparty.io.netty.channel.nio.NioEventLoop.processSelectedKeys(NioEventLoop.java:496)
	at org.apache.ratis.thirdparty.io.netty.channel.nio.NioEventLoop.run(NioEventLoop.java:458)
	at org.apache.ratis.thirdparty.io.netty.util.concurrent.SingleThreadEventExecutor$5.run(SingleThreadEventExecutor.java:897)
	at org.apache.ratis.thirdparty.io.netty.util.concurrent.FastThreadLocalRunnable.run(FastThreadLocalRunnable.java:30)
	... 1 more
Caused by: java.net.ConnectException: Connection refused
	... 11 more
2019-11-05 08:24:34,008 [4a682f4f-c3f2-4b77-88b7-f0ab78890feb@group-0DB8C7688BF9-LeaderElection576] INFO  impl.LeaderElection (LogUtils.java:infoOrTrace(149)) - 4a682f4f-c3f2-4b77-88b7-f0ab78890feb@group-0DB8C7688BF9-LeaderElection576 got exception when requesting votes: {}
java.util.concurrent.ExecutionException: org.apache.ratis.thirdparty.io.grpc.StatusRuntimeException: UNAVAILABLE: io exception
	at java.util.concurrent.FutureTask.report(FutureTask.java:122)
	at java.util.concurrent.FutureTask.get(FutureTask.java:192)
	at org.apache.ratis.server.impl.LeaderElection.waitForResults(LeaderElection.java:259)
	at org.apache.ratis.server.impl.LeaderElection.askForVotes(LeaderElection.java:197)
	at org.apache.ratis.server.impl.LeaderElection.run(LeaderElection.java:133)
	at java.lang.Thread.run(Thread.java:748)
Caused by: org.apache.ratis.thirdparty.io.grpc.StatusRuntimeException: UNAVAILABLE: io exception
	at org.apache.ratis.thirdparty.io.grpc.stub.ClientCalls.toStatusRuntimeException(ClientCalls.java:233)
	at org.apache.ratis.thirdparty.io.grpc.stub.ClientCalls.getUnchecked(ClientCalls.java:214)
	at org.apache.ratis.thirdparty.io.grpc.stub.ClientCalls.blockingUnaryCall(ClientCalls.java:139)
	at org.apache.ratis.proto.grpc.RaftServerProtocolServiceGrpc$RaftServerProtocolServiceBlockingStub.requestVote(RaftServerProtocolServiceGrpc.java:265)
	at org.apache.ratis.grpc.server.GrpcServerProtocolClient.requestVote(GrpcServerProtocolClient.java:99)
	at org.apache.ratis.grpc.server.GrpcService.requestVote(GrpcService.java:204)
	at org.apache.ratis.server.impl.LeaderElection.lambda$submitRequests$1(LeaderElection.java:234)
	at java.util.concurrent.FutureTask.run(FutureTask.java:266)
	at java.util.concurrent.Executors$RunnableAdapter.call(Executors.java:511)
	at java.util.concurrent.FutureTask.run(FutureTask.java:266)
	at java.util.concurrent.ThreadPoolExecutor.runWorker(ThreadPoolExecutor.java:1149)
	at java.util.concurrent.ThreadPoolExecutor$Worker.run(ThreadPoolExecutor.java:624)
	... 1 more
Caused by: org.apache.ratis.thirdparty.io.netty.channel.AbstractChannel$AnnotatedConnectException: Connection refused: /192.168.164.217:44149
	at sun.nio.ch.SocketChannelImpl.checkConnect(Native Method)
	at sun.nio.ch.SocketChannelImpl.finishConnect(SocketChannelImpl.java:717)
	at org.apache.ratis.thirdparty.io.netty.channel.socket.nio.NioSocketChannel.doFinishConnect(NioSocketChannel.java:327)
	at org.apache.ratis.thirdparty.io.netty.channel.nio.AbstractNioChannel$AbstractNioUnsafe.finishConnect(AbstractNioChannel.java:340)
	at org.apache.ratis.thirdparty.io.netty.channel.nio.NioEventLoop.processSelectedKey(NioEventLoop.java:632)
	at org.apache.ratis.thirdparty.io.netty.channel.nio.NioEventLoop.processSelectedKeysOptimized(NioEventLoop.java:579)
	at org.apache.ratis.thirdparty.io.netty.channel.nio.NioEventLoop.processSelectedKeys(NioEventLoop.java:496)
	at org.apache.ratis.thirdparty.io.netty.channel.nio.NioEventLoop.run(NioEventLoop.java:458)
	at org.apache.ratis.thirdparty.io.netty.util.concurrent.SingleThreadEventExecutor$5.run(SingleThreadEventExecutor.java:897)
	at org.apache.ratis.thirdparty.io.netty.util.concurrent.FastThreadLocalRunnable.run(FastThreadLocalRunnable.java:30)
	... 1 more
Caused by: java.net.ConnectException: Connection refused
	... 11 more
2019-11-05 08:24:34,008 [4a682f4f-c3f2-4b77-88b7-f0ab78890feb@group-0DB8C7688BF9-LeaderElection576] INFO  impl.LeaderElection (LeaderElection.java:logAndReturn(56)) - 4a682f4f-c3f2-4b77-88b7-f0ab78890feb@group-0DB8C7688BF9-LeaderElection576: Election REJECTED; received 0 response(s) [] and 2 exception(s); 4a682f4f-c3f2-4b77-88b7-f0ab78890feb@group-0DB8C7688BF9:t358, leader=null, voted=4a682f4f-c3f2-4b77-88b7-f0ab78890feb, raftlog=4a682f4f-c3f2-4b77-88b7-f0ab78890feb@group-0DB8C7688BF9-SegmentedRaftLog:OPENED:c-1,f-1,i0, conf=-1: [77ab65e6-d942-49df-83a3-1d4c0bf152b3:192.168.164.217:39381, 7e1b84a9-a041-44fd-8008-f2679426984c:192.168.164.217:44149, 4a682f4f-c3f2-4b77-88b7-f0ab78890feb:192.168.164.217:34174], old=null
2019-11-05 08:24:34,008 [4a682f4f-c3f2-4b77-88b7-f0ab78890feb@group-0DB8C7688BF9-LeaderElection576] INFO  impl.LeaderElection (LogUtils.java:infoOrTrace(149)) -   Exception 0: {}
java.util.concurrent.ExecutionException: org.apache.ratis.thirdparty.io.grpc.StatusRuntimeException: UNAVAILABLE: io exception
	at java.util.concurrent.FutureTask.report(FutureTask.java:122)
	at java.util.concurrent.FutureTask.get(FutureTask.java:192)
	at org.apache.ratis.server.impl.LeaderElection.waitForResults(LeaderElection.java:259)
	at org.apache.ratis.server.impl.LeaderElection.askForVotes(LeaderElection.java:197)
	at org.apache.ratis.server.impl.LeaderElection.run(LeaderElection.java:133)
	at java.lang.Thread.run(Thread.java:748)
Caused by: org.apache.ratis.thirdparty.io.grpc.StatusRuntimeException: UNAVAILABLE: io exception
	at org.apache.ratis.thirdparty.io.grpc.stub.ClientCalls.toStatusRuntimeException(ClientCalls.java:233)
	at org.apache.ratis.thirdparty.io.grpc.stub.ClientCalls.getUnchecked(ClientCalls.java:214)
	at org.apache.ratis.thirdparty.io.grpc.stub.ClientCalls.blockingUnaryCall(ClientCalls.java:139)
	at org.apache.ratis.proto.grpc.RaftServerProtocolServiceGrpc$RaftServerProtocolServiceBlockingStub.requestVote(RaftServerProtocolServiceGrpc.java:265)
	at org.apache.ratis.grpc.server.GrpcServerProtocolClient.requestVote(GrpcServerProtocolClient.java:99)
	at org.apache.ratis.grpc.server.GrpcService.requestVote(GrpcService.java:204)
	at org.apache.ratis.server.impl.LeaderElection.lambda$submitRequests$1(LeaderElection.java:234)
	at java.util.concurrent.FutureTask.run(FutureTask.java:266)
	at java.util.concurrent.Executors$RunnableAdapter.call(Executors.java:511)
	at java.util.concurrent.FutureTask.run(FutureTask.java:266)
	at java.util.concurrent.ThreadPoolExecutor.runWorker(ThreadPoolExecutor.java:1149)
	at java.util.concurrent.ThreadPoolExecutor$Worker.run(ThreadPoolExecutor.java:624)
	... 1 more
Caused by: org.apache.ratis.thirdparty.io.netty.channel.AbstractChannel$AnnotatedConnectException: Connection refused: /192.168.164.217:39381
	at sun.nio.ch.SocketChannelImpl.checkConnect(Native Method)
	at sun.nio.ch.SocketChannelImpl.finishConnect(SocketChannelImpl.java:717)
	at org.apache.ratis.thirdparty.io.netty.channel.socket.nio.NioSocketChannel.doFinishConnect(NioSocketChannel.java:327)
	at org.apache.ratis.thirdparty.io.netty.channel.nio.AbstractNioChannel$AbstractNioUnsafe.finishConnect(AbstractNioChannel.java:340)
	at org.apache.ratis.thirdparty.io.netty.channel.nio.NioEventLoop.processSelectedKey(NioEventLoop.java:632)
	at org.apache.ratis.thirdparty.io.netty.channel.nio.NioEventLoop.processSelectedKeysOptimized(NioEventLoop.java:579)
	at org.apache.ratis.thirdparty.io.netty.channel.nio.NioEventLoop.processSelectedKeys(NioEventLoop.java:496)
	at org.apache.ratis.thirdparty.io.netty.channel.nio.NioEventLoop.run(NioEventLoop.java:458)
	at org.apache.ratis.thirdparty.io.netty.util.concurrent.SingleThreadEventExecutor$5.run(SingleThreadEventExecutor.java:897)
	at org.apache.ratis.thirdparty.io.netty.util.concurrent.FastThreadLocalRunnable.run(FastThreadLocalRunnable.java:30)
	... 1 more
Caused by: java.net.ConnectException: Connection refused
	... 11 more
2019-11-05 08:24:34,008 [4a682f4f-c3f2-4b77-88b7-f0ab78890feb@group-0DB8C7688BF9-LeaderElection576] INFO  impl.LeaderElection (LogUtils.java:infoOrTrace(149)) -   Exception 1: {}
java.util.concurrent.ExecutionException: org.apache.ratis.thirdparty.io.grpc.StatusRuntimeException: UNAVAILABLE: io exception
	at java.util.concurrent.FutureTask.report(FutureTask.java:122)
	at java.util.concurrent.FutureTask.get(FutureTask.java:192)
	at org.apache.ratis.server.impl.LeaderElection.waitForResults(LeaderElection.java:259)
	at org.apache.ratis.server.impl.LeaderElection.askForVotes(LeaderElection.java:197)
	at org.apache.ratis.server.impl.LeaderElection.run(LeaderElection.java:133)
	at java.lang.Thread.run(Thread.java:748)
Caused by: org.apache.ratis.thirdparty.io.grpc.StatusRuntimeException: UNAVAILABLE: io exception
	at org.apache.ratis.thirdparty.io.grpc.stub.ClientCalls.toStatusRuntimeException(ClientCalls.java:233)
	at org.apache.ratis.thirdparty.io.grpc.stub.ClientCalls.getUnchecked(ClientCalls.java:214)
	at org.apache.ratis.thirdparty.io.grpc.stub.ClientCalls.blockingUnaryCall(ClientCalls.java:139)
	at org.apache.ratis.proto.grpc.RaftServerProtocolServiceGrpc$RaftServerProtocolServiceBlockingStub.requestVote(RaftServerProtocolServiceGrpc.java:265)
	at org.apache.ratis.grpc.server.GrpcServerProtocolClient.requestVote(GrpcServerProtocolClient.java:99)
	at org.apache.ratis.grpc.server.GrpcService.requestVote(GrpcService.java:204)
	at org.apache.ratis.server.impl.LeaderElection.lambda$submitRequests$1(LeaderElection.java:234)
	at java.util.concurrent.FutureTask.run(FutureTask.java:266)
	at java.util.concurrent.Executors$RunnableAdapter.call(Executors.java:511)
	at java.util.concurrent.FutureTask.run(FutureTask.java:266)
	at java.util.concurrent.ThreadPoolExecutor.runWorker(ThreadPoolExecutor.java:1149)
	at java.util.concurrent.ThreadPoolExecutor$Worker.run(ThreadPoolExecutor.java:624)
	... 1 more
Caused by: org.apache.ratis.thirdparty.io.netty.channel.AbstractChannel$AnnotatedConnectException: Connection refused: /192.168.164.217:44149
	at sun.nio.ch.SocketChannelImpl.checkConnect(Native Method)
	at sun.nio.ch.SocketChannelImpl.finishConnect(SocketChannelImpl.java:717)
	at org.apache.ratis.thirdparty.io.netty.channel.socket.nio.NioSocketChannel.doFinishConnect(NioSocketChannel.java:327)
	at org.apache.ratis.thirdparty.io.netty.channel.nio.AbstractNioChannel$AbstractNioUnsafe.finishConnect(AbstractNioChannel.java:340)
	at org.apache.ratis.thirdparty.io.netty.channel.nio.NioEventLoop.processSelectedKey(NioEventLoop.java:632)
	at org.apache.ratis.thirdparty.io.netty.channel.nio.NioEventLoop.processSelectedKeysOptimized(NioEventLoop.java:579)
	at org.apache.ratis.thirdparty.io.netty.channel.nio.NioEventLoop.processSelectedKeys(NioEventLoop.java:496)
	at org.apache.ratis.thirdparty.io.netty.channel.nio.NioEventLoop.run(NioEventLoop.java:458)
	at org.apache.ratis.thirdparty.io.netty.util.concurrent.SingleThreadEventExecutor$5.run(SingleThreadEventExecutor.java:897)
	at org.apache.ratis.thirdparty.io.netty.util.concurrent.FastThreadLocalRunnable.run(FastThreadLocalRunnable.java:30)
	... 1 more
Caused by: java.net.ConnectException: Connection refused
	... 11 more
2019-11-05 08:24:34,009 [4a682f4f-c3f2-4b77-88b7-f0ab78890feb@group-0DB8C7688BF9-LeaderElection576] INFO  impl.RaftServerImpl (RaftServerImpl.java:setRole(184)) - 4a682f4f-c3f2-4b77-88b7-f0ab78890feb@group-0DB8C7688BF9: changes role from CANDIDATE to FOLLOWER at term 358 for DISCOVERED_A_NEW_TERM
2019-11-05 08:24:34,009 [4a682f4f-c3f2-4b77-88b7-f0ab78890feb@group-0DB8C7688BF9-LeaderElection576] INFO  impl.RoleInfo (RoleInfo.java:shutdownLeaderElection(134)) - 4a682f4f-c3f2-4b77-88b7-f0ab78890feb: shutdown LeaderElection
2019-11-05 08:24:34,009 [4a682f4f-c3f2-4b77-88b7-f0ab78890feb@group-0DB8C7688BF9-LeaderElection576] INFO  impl.RoleInfo (RoleInfo.java:updateAndGet(143)) - 4a682f4f-c3f2-4b77-88b7-f0ab78890feb: start FollowerState
2019-11-05 08:24:34,166 [Thread-4083] INFO  impl.FollowerState (FollowerState.java:run(108)) - 4a682f4f-c3f2-4b77-88b7-f0ab78890feb@group-0DB8C7688BF9-FollowerState: change to CANDIDATE, lastRpcTime:157ms, electionTimeout:157ms
2019-11-05 08:24:34,167 [Thread-4083] INFO  impl.RoleInfo (RoleInfo.java:shutdownFollowerState(121)) - 4a682f4f-c3f2-4b77-88b7-f0ab78890feb: shutdown FollowerState
2019-11-05 08:24:34,167 [Thread-4083] INFO  impl.RaftServerImpl (RaftServerImpl.java:setRole(184)) - 4a682f4f-c3f2-4b77-88b7-f0ab78890feb@group-0DB8C7688BF9: changes role from  FOLLOWER to CANDIDATE at term 358 for changeToCandidate
2019-11-05 08:24:34,167 [Thread-4083] INFO  impl.RoleInfo (RoleInfo.java:updateAndGet(143)) - 4a682f4f-c3f2-4b77-88b7-f0ab78890feb: start LeaderElection
2019-11-05 08:24:34,187 [4a682f4f-c3f2-4b77-88b7-f0ab78890feb@group-0DB8C7688BF9-LeaderElection577] INFO  impl.LeaderElection (LeaderElection.java:askForVotes(178)) - 4a682f4f-c3f2-4b77-88b7-f0ab78890feb@group-0DB8C7688BF9-LeaderElection577: begin an election at term 359 for -1: [77ab65e6-d942-49df-83a3-1d4c0bf152b3:192.168.164.217:39381, 7e1b84a9-a041-44fd-8008-f2679426984c:192.168.164.217:44149, 4a682f4f-c3f2-4b77-88b7-f0ab78890feb:192.168.164.217:34174], old=null
2019-11-05 08:24:34,189 [4a682f4f-c3f2-4b77-88b7-f0ab78890feb@group-0DB8C7688BF9-LeaderElection577] INFO  impl.LeaderElection (LogUtils.java:infoOrTrace(149)) - 4a682f4f-c3f2-4b77-88b7-f0ab78890feb@group-0DB8C7688BF9-LeaderElection577 got exception when requesting votes: {}
java.util.concurrent.ExecutionException: org.apache.ratis.thirdparty.io.grpc.StatusRuntimeException: UNAVAILABLE: io exception
	at java.util.concurrent.FutureTask.report(FutureTask.java:122)
	at java.util.concurrent.FutureTask.get(FutureTask.java:192)
	at org.apache.ratis.server.impl.LeaderElection.waitForResults(LeaderElection.java:259)
	at org.apache.ratis.server.impl.LeaderElection.askForVotes(LeaderElection.java:197)
	at org.apache.ratis.server.impl.LeaderElection.run(LeaderElection.java:133)
	at java.lang.Thread.run(Thread.java:748)
Caused by: org.apache.ratis.thirdparty.io.grpc.StatusRuntimeException: UNAVAILABLE: io exception
	at org.apache.ratis.thirdparty.io.grpc.stub.ClientCalls.toStatusRuntimeException(ClientCalls.java:233)
	at org.apache.ratis.thirdparty.io.grpc.stub.ClientCalls.getUnchecked(ClientCalls.java:214)
	at org.apache.ratis.thirdparty.io.grpc.stub.ClientCalls.blockingUnaryCall(ClientCalls.java:139)
	at org.apache.ratis.proto.grpc.RaftServerProtocolServiceGrpc$RaftServerProtocolServiceBlockingStub.requestVote(RaftServerProtocolServiceGrpc.java:265)
	at org.apache.ratis.grpc.server.GrpcServerProtocolClient.requestVote(GrpcServerProtocolClient.java:99)
	at org.apache.ratis.grpc.server.GrpcService.requestVote(GrpcService.java:204)
	at org.apache.ratis.server.impl.LeaderElection.lambda$submitRequests$1(LeaderElection.java:234)
	at java.util.concurrent.FutureTask.run(FutureTask.java:266)
	at java.util.concurrent.Executors$RunnableAdapter.call(Executors.java:511)
	at java.util.concurrent.FutureTask.run(FutureTask.java:266)
	at java.util.concurrent.ThreadPoolExecutor.runWorker(ThreadPoolExecutor.java:1149)
	at java.util.concurrent.ThreadPoolExecutor$Worker.run(ThreadPoolExecutor.java:624)
	... 1 more
Caused by: org.apache.ratis.thirdparty.io.netty.channel.AbstractChannel$AnnotatedConnectException: Connection refused: /192.168.164.217:39381
	at sun.nio.ch.SocketChannelImpl.checkConnect(Native Method)
	at sun.nio.ch.SocketChannelImpl.finishConnect(SocketChannelImpl.java:717)
	at org.apache.ratis.thirdparty.io.netty.channel.socket.nio.NioSocketChannel.doFinishConnect(NioSocketChannel.java:327)
	at org.apache.ratis.thirdparty.io.netty.channel.nio.AbstractNioChannel$AbstractNioUnsafe.finishConnect(AbstractNioChannel.java:340)
	at org.apache.ratis.thirdparty.io.netty.channel.nio.NioEventLoop.processSelectedKey(NioEventLoop.java:632)
	at org.apache.ratis.thirdparty.io.netty.channel.nio.NioEventLoop.processSelectedKeysOptimized(NioEventLoop.java:579)
	at org.apache.ratis.thirdparty.io.netty.channel.nio.NioEventLoop.processSelectedKeys(NioEventLoop.java:496)
	at org.apache.ratis.thirdparty.io.netty.channel.nio.NioEventLoop.run(NioEventLoop.java:458)
	at org.apache.ratis.thirdparty.io.netty.util.concurrent.SingleThreadEventExecutor$5.run(SingleThreadEventExecutor.java:897)
	at org.apache.ratis.thirdparty.io.netty.util.concurrent.FastThreadLocalRunnable.run(FastThreadLocalRunnable.java:30)
	... 1 more
Caused by: java.net.ConnectException: Connection refused
	... 11 more
2019-11-05 08:24:34,189 [4a682f4f-c3f2-4b77-88b7-f0ab78890feb@group-0DB8C7688BF9-LeaderElection577] INFO  impl.LeaderElection (LogUtils.java:infoOrTrace(149)) - 4a682f4f-c3f2-4b77-88b7-f0ab78890feb@group-0DB8C7688BF9-LeaderElection577 got exception when requesting votes: {}
java.util.concurrent.ExecutionException: org.apache.ratis.thirdparty.io.grpc.StatusRuntimeException: UNAVAILABLE: io exception
	at java.util.concurrent.FutureTask.report(FutureTask.java:122)
	at java.util.concurrent.FutureTask.get(FutureTask.java:192)
	at org.apache.ratis.server.impl.LeaderElection.waitForResults(LeaderElection.java:259)
	at org.apache.ratis.server.impl.LeaderElection.askForVotes(LeaderElection.java:197)
	at org.apache.ratis.server.impl.LeaderElection.run(LeaderElection.java:133)
	at java.lang.Thread.run(Thread.java:748)
Caused by: org.apache.ratis.thirdparty.io.grpc.StatusRuntimeException: UNAVAILABLE: io exception
	at org.apache.ratis.thirdparty.io.grpc.stub.ClientCalls.toStatusRuntimeException(ClientCalls.java:233)
	at org.apache.ratis.thirdparty.io.grpc.stub.ClientCalls.getUnchecked(ClientCalls.java:214)
	at org.apache.ratis.thirdparty.io.grpc.stub.ClientCalls.blockingUnaryCall(ClientCalls.java:139)
	at org.apache.ratis.proto.grpc.RaftServerProtocolServiceGrpc$RaftServerProtocolServiceBlockingStub.requestVote(RaftServerProtocolServiceGrpc.java:265)
	at org.apache.ratis.grpc.server.GrpcServerProtocolClient.requestVote(GrpcServerProtocolClient.java:99)
	at org.apache.ratis.grpc.server.GrpcService.requestVote(GrpcService.java:204)
	at org.apache.ratis.server.impl.LeaderElection.lambda$submitRequests$1(LeaderElection.java:234)
	at java.util.concurrent.FutureTask.run(FutureTask.java:266)
	at java.util.concurrent.Executors$RunnableAdapter.call(Executors.java:511)
	at java.util.concurrent.FutureTask.run(FutureTask.java:266)
	at java.util.concurrent.ThreadPoolExecutor.runWorker(ThreadPoolExecutor.java:1149)
	at java.util.concurrent.ThreadPoolExecutor$Worker.run(ThreadPoolExecutor.java:624)
	... 1 more
Caused by: org.apache.ratis.thirdparty.io.netty.channel.AbstractChannel$AnnotatedConnectException: Connection refused: /192.168.164.217:44149
	at sun.nio.ch.SocketChannelImpl.checkConnect(Native Method)
	at sun.nio.ch.SocketChannelImpl.finishConnect(SocketChannelImpl.java:717)
	at org.apache.ratis.thirdparty.io.netty.channel.socket.nio.NioSocketChannel.doFinishConnect(NioSocketChannel.java:327)
	at org.apache.ratis.thirdparty.io.netty.channel.nio.AbstractNioChannel$AbstractNioUnsafe.finishConnect(AbstractNioChannel.java:340)
	at org.apache.ratis.thirdparty.io.netty.channel.nio.NioEventLoop.processSelectedKey(NioEventLoop.java:632)
	at org.apache.ratis.thirdparty.io.netty.channel.nio.NioEventLoop.processSelectedKeysOptimized(NioEventLoop.java:579)
	at org.apache.ratis.thirdparty.io.netty.channel.nio.NioEventLoop.processSelectedKeys(NioEventLoop.java:496)
	at org.apache.ratis.thirdparty.io.netty.channel.nio.NioEventLoop.run(NioEventLoop.java:458)
	at org.apache.ratis.thirdparty.io.netty.util.concurrent.SingleThreadEventExecutor$5.run(SingleThreadEventExecutor.java:897)
	at org.apache.ratis.thirdparty.io.netty.util.concurrent.FastThreadLocalRunnable.run(FastThreadLocalRunnable.java:30)
	... 1 more
Caused by: java.net.ConnectException: Connection refused
	... 11 more
2019-11-05 08:24:34,189 [4a682f4f-c3f2-4b77-88b7-f0ab78890feb@group-0DB8C7688BF9-LeaderElection577] INFO  impl.LeaderElection (LeaderElection.java:logAndReturn(56)) - 4a682f4f-c3f2-4b77-88b7-f0ab78890feb@group-0DB8C7688BF9-LeaderElection577: Election REJECTED; received 0 response(s) [] and 2 exception(s); 4a682f4f-c3f2-4b77-88b7-f0ab78890feb@group-0DB8C7688BF9:t359, leader=null, voted=4a682f4f-c3f2-4b77-88b7-f0ab78890feb, raftlog=4a682f4f-c3f2-4b77-88b7-f0ab78890feb@group-0DB8C7688BF9-SegmentedRaftLog:OPENED:c-1,f-1,i0, conf=-1: [77ab65e6-d942-49df-83a3-1d4c0bf152b3:192.168.164.217:39381, 7e1b84a9-a041-44fd-8008-f2679426984c:192.168.164.217:44149, 4a682f4f-c3f2-4b77-88b7-f0ab78890feb:192.168.164.217:34174], old=null
2019-11-05 08:24:34,189 [4a682f4f-c3f2-4b77-88b7-f0ab78890feb@group-0DB8C7688BF9-LeaderElection577] INFO  impl.LeaderElection (LogUtils.java:infoOrTrace(149)) -   Exception 0: {}
java.util.concurrent.ExecutionException: org.apache.ratis.thirdparty.io.grpc.StatusRuntimeException: UNAVAILABLE: io exception
	at java.util.concurrent.FutureTask.report(FutureTask.java:122)
	at java.util.concurrent.FutureTask.get(FutureTask.java:192)
	at org.apache.ratis.server.impl.LeaderElection.waitForResults(LeaderElection.java:259)
	at org.apache.ratis.server.impl.LeaderElection.askForVotes(LeaderElection.java:197)
	at org.apache.ratis.server.impl.LeaderElection.run(LeaderElection.java:133)
	at java.lang.Thread.run(Thread.java:748)
Caused by: org.apache.ratis.thirdparty.io.grpc.StatusRuntimeException: UNAVAILABLE: io exception
	at org.apache.ratis.thirdparty.io.grpc.stub.ClientCalls.toStatusRuntimeException(ClientCalls.java:233)
	at org.apache.ratis.thirdparty.io.grpc.stub.ClientCalls.getUnchecked(ClientCalls.java:214)
	at org.apache.ratis.thirdparty.io.grpc.stub.ClientCalls.blockingUnaryCall(ClientCalls.java:139)
	at org.apache.ratis.proto.grpc.RaftServerProtocolServiceGrpc$RaftServerProtocolServiceBlockingStub.requestVote(RaftServerProtocolServiceGrpc.java:265)
	at org.apache.ratis.grpc.server.GrpcServerProtocolClient.requestVote(GrpcServerProtocolClient.java:99)
	at org.apache.ratis.grpc.server.GrpcService.requestVote(GrpcService.java:204)
	at org.apache.ratis.server.impl.LeaderElection.lambda$submitRequests$1(LeaderElection.java:234)
	at java.util.concurrent.FutureTask.run(FutureTask.java:266)
	at java.util.concurrent.Executors$RunnableAdapter.call(Executors.java:511)
	at java.util.concurrent.FutureTask.run(FutureTask.java:266)
	at java.util.concurrent.ThreadPoolExecutor.runWorker(ThreadPoolExecutor.java:1149)
	at java.util.concurrent.ThreadPoolExecutor$Worker.run(ThreadPoolExecutor.java:624)
	... 1 more
Caused by: org.apache.ratis.thirdparty.io.netty.channel.AbstractChannel$AnnotatedConnectException: Connection refused: /192.168.164.217:39381
	at sun.nio.ch.SocketChannelImpl.checkConnect(Native Method)
	at sun.nio.ch.SocketChannelImpl.finishConnect(SocketChannelImpl.java:717)
	at org.apache.ratis.thirdparty.io.netty.channel.socket.nio.NioSocketChannel.doFinishConnect(NioSocketChannel.java:327)
	at org.apache.ratis.thirdparty.io.netty.channel.nio.AbstractNioChannel$AbstractNioUnsafe.finishConnect(AbstractNioChannel.java:340)
	at org.apache.ratis.thirdparty.io.netty.channel.nio.NioEventLoop.processSelectedKey(NioEventLoop.java:632)
	at org.apache.ratis.thirdparty.io.netty.channel.nio.NioEventLoop.processSelectedKeysOptimized(NioEventLoop.java:579)
	at org.apache.ratis.thirdparty.io.netty.channel.nio.NioEventLoop.processSelectedKeys(NioEventLoop.java:496)
	at org.apache.ratis.thirdparty.io.netty.channel.nio.NioEventLoop.run(NioEventLoop.java:458)
	at org.apache.ratis.thirdparty.io.netty.util.concurrent.SingleThreadEventExecutor$5.run(SingleThreadEventExecutor.java:897)
	at org.apache.ratis.thirdparty.io.netty.util.concurrent.FastThreadLocalRunnable.run(FastThreadLocalRunnable.java:30)
	... 1 more
Caused by: java.net.ConnectException: Connection refused
	... 11 more
2019-11-05 08:24:34,190 [4a682f4f-c3f2-4b77-88b7-f0ab78890feb@group-0DB8C7688BF9-LeaderElection577] INFO  impl.LeaderElection (LogUtils.java:infoOrTrace(149)) -   Exception 1: {}
java.util.concurrent.ExecutionException: org.apache.ratis.thirdparty.io.grpc.StatusRuntimeException: UNAVAILABLE: io exception
	at java.util.concurrent.FutureTask.report(FutureTask.java:122)
	at java.util.concurrent.FutureTask.get(FutureTask.java:192)
	at org.apache.ratis.server.impl.LeaderElection.waitForResults(LeaderElection.java:259)
	at org.apache.ratis.server.impl.LeaderElection.askForVotes(LeaderElection.java:197)
	at org.apache.ratis.server.impl.LeaderElection.run(LeaderElection.java:133)
	at java.lang.Thread.run(Thread.java:748)
Caused by: org.apache.ratis.thirdparty.io.grpc.StatusRuntimeException: UNAVAILABLE: io exception
	at org.apache.ratis.thirdparty.io.grpc.stub.ClientCalls.toStatusRuntimeException(ClientCalls.java:233)
	at org.apache.ratis.thirdparty.io.grpc.stub.ClientCalls.getUnchecked(ClientCalls.java:214)
	at org.apache.ratis.thirdparty.io.grpc.stub.ClientCalls.blockingUnaryCall(ClientCalls.java:139)
	at org.apache.ratis.proto.grpc.RaftServerProtocolServiceGrpc$RaftServerProtocolServiceBlockingStub.requestVote(RaftServerProtocolServiceGrpc.java:265)
	at org.apache.ratis.grpc.server.GrpcServerProtocolClient.requestVote(GrpcServerProtocolClient.java:99)
	at org.apache.ratis.grpc.server.GrpcService.requestVote(GrpcService.java:204)
	at org.apache.ratis.server.impl.LeaderElection.lambda$submitRequests$1(LeaderElection.java:234)
	at java.util.concurrent.FutureTask.run(FutureTask.java:266)
	at java.util.concurrent.Executors$RunnableAdapter.call(Executors.java:511)
	at java.util.concurrent.FutureTask.run(FutureTask.java:266)
	at java.util.concurrent.ThreadPoolExecutor.runWorker(ThreadPoolExecutor.java:1149)
	at java.util.concurrent.ThreadPoolExecutor$Worker.run(ThreadPoolExecutor.java:624)
	... 1 more
Caused by: org.apache.ratis.thirdparty.io.netty.channel.AbstractChannel$AnnotatedConnectException: Connection refused: /192.168.164.217:44149
	at sun.nio.ch.SocketChannelImpl.checkConnect(Native Method)
	at sun.nio.ch.SocketChannelImpl.finishConnect(SocketChannelImpl.java:717)
	at org.apache.ratis.thirdparty.io.netty.channel.socket.nio.NioSocketChannel.doFinishConnect(NioSocketChannel.java:327)
	at org.apache.ratis.thirdparty.io.netty.channel.nio.AbstractNioChannel$AbstractNioUnsafe.finishConnect(AbstractNioChannel.java:340)
	at org.apache.ratis.thirdparty.io.netty.channel.nio.NioEventLoop.processSelectedKey(NioEventLoop.java:632)
	at org.apache.ratis.thirdparty.io.netty.channel.nio.NioEventLoop.processSelectedKeysOptimized(NioEventLoop.java:579)
	at org.apache.ratis.thirdparty.io.netty.channel.nio.NioEventLoop.processSelectedKeys(NioEventLoop.java:496)
	at org.apache.ratis.thirdparty.io.netty.channel.nio.NioEventLoop.run(NioEventLoop.java:458)
	at org.apache.ratis.thirdparty.io.netty.util.concurrent.SingleThreadEventExecutor$5.run(SingleThreadEventExecutor.java:897)
	at org.apache.ratis.thirdparty.io.netty.util.concurrent.FastThreadLocalRunnable.run(FastThreadLocalRunnable.java:30)
	... 1 more
Caused by: java.net.ConnectException: Connection refused
	... 11 more
2019-11-05 08:24:34,190 [4a682f4f-c3f2-4b77-88b7-f0ab78890feb@group-0DB8C7688BF9-LeaderElection577] INFO  impl.RaftServerImpl (RaftServerImpl.java:setRole(184)) - 4a682f4f-c3f2-4b77-88b7-f0ab78890feb@group-0DB8C7688BF9: changes role from CANDIDATE to FOLLOWER at term 359 for DISCOVERED_A_NEW_TERM
2019-11-05 08:24:34,190 [4a682f4f-c3f2-4b77-88b7-f0ab78890feb@group-0DB8C7688BF9-LeaderElection577] INFO  impl.RoleInfo (RoleInfo.java:shutdownLeaderElection(134)) - 4a682f4f-c3f2-4b77-88b7-f0ab78890feb: shutdown LeaderElection
2019-11-05 08:24:34,190 [4a682f4f-c3f2-4b77-88b7-f0ab78890feb@group-0DB8C7688BF9-LeaderElection577] INFO  impl.RoleInfo (RoleInfo.java:updateAndGet(143)) - 4a682f4f-c3f2-4b77-88b7-f0ab78890feb: start FollowerState
2019-11-05 08:24:34,212 [Thread-4087] INFO  impl.FollowerState (FollowerState.java:run(108)) - 4a682f4f-c3f2-4b77-88b7-f0ab78890feb@group-0DB8C7688BF9-FollowerState: change to CANDIDATE, lastRpcTime:22ms, electionTimeout:22ms
2019-11-05 08:24:34,213 [Thread-4087] INFO  impl.RoleInfo (RoleInfo.java:shutdownFollowerState(121)) - 4a682f4f-c3f2-4b77-88b7-f0ab78890feb: shutdown FollowerState
2019-11-05 08:24:34,213 [Thread-4087] INFO  impl.RaftServerImpl (RaftServerImpl.java:setRole(184)) - 4a682f4f-c3f2-4b77-88b7-f0ab78890feb@group-0DB8C7688BF9: changes role from  FOLLOWER to CANDIDATE at term 359 for changeToCandidate
2019-11-05 08:24:34,213 [Thread-4087] INFO  impl.RoleInfo (RoleInfo.java:updateAndGet(143)) - 4a682f4f-c3f2-4b77-88b7-f0ab78890feb: start LeaderElection
2019-11-05 08:24:34,226 [4a682f4f-c3f2-4b77-88b7-f0ab78890feb@group-0DB8C7688BF9-LeaderElection578] INFO  impl.LeaderElection (LeaderElection.java:askForVotes(178)) - 4a682f4f-c3f2-4b77-88b7-f0ab78890feb@group-0DB8C7688BF9-LeaderElection578: begin an election at term 360 for -1: [77ab65e6-d942-49df-83a3-1d4c0bf152b3:192.168.164.217:39381, 7e1b84a9-a041-44fd-8008-f2679426984c:192.168.164.217:44149, 4a682f4f-c3f2-4b77-88b7-f0ab78890feb:192.168.164.217:34174], old=null
2019-11-05 08:24:34,226 [4a682f4f-c3f2-4b77-88b7-f0ab78890feb@group-0DB8C7688BF9-LeaderElection578] INFO  impl.LeaderElection (LogUtils.java:infoOrTrace(149)) - 4a682f4f-c3f2-4b77-88b7-f0ab78890feb@group-0DB8C7688BF9-LeaderElection578 got exception when requesting votes: {}
java.util.concurrent.ExecutionException: org.apache.ratis.thirdparty.io.grpc.StatusRuntimeException: UNAVAILABLE: io exception
	at java.util.concurrent.FutureTask.report(FutureTask.java:122)
	at java.util.concurrent.FutureTask.get(FutureTask.java:192)
	at org.apache.ratis.server.impl.LeaderElection.waitForResults(LeaderElection.java:259)
	at org.apache.ratis.server.impl.LeaderElection.askForVotes(LeaderElection.java:197)
	at org.apache.ratis.server.impl.LeaderElection.run(LeaderElection.java:133)
	at java.lang.Thread.run(Thread.java:748)
Caused by: org.apache.ratis.thirdparty.io.grpc.StatusRuntimeException: UNAVAILABLE: io exception
	at org.apache.ratis.thirdparty.io.grpc.stub.ClientCalls.toStatusRuntimeException(ClientCalls.java:233)
	at org.apache.ratis.thirdparty.io.grpc.stub.ClientCalls.getUnchecked(ClientCalls.java:214)
	at org.apache.ratis.thirdparty.io.grpc.stub.ClientCalls.blockingUnaryCall(ClientCalls.java:139)
	at org.apache.ratis.proto.grpc.RaftServerProtocolServiceGrpc$RaftServerProtocolServiceBlockingStub.requestVote(RaftServerProtocolServiceGrpc.java:265)
	at org.apache.ratis.grpc.server.GrpcServerProtocolClient.requestVote(GrpcServerProtocolClient.java:99)
	at org.apache.ratis.grpc.server.GrpcService.requestVote(GrpcService.java:204)
	at org.apache.ratis.server.impl.LeaderElection.lambda$submitRequests$1(LeaderElection.java:234)
	at java.util.concurrent.FutureTask.run(FutureTask.java:266)
	at java.util.concurrent.Executors$RunnableAdapter.call(Executors.java:511)
	at java.util.concurrent.FutureTask.run(FutureTask.java:266)
	at java.util.concurrent.ThreadPoolExecutor.runWorker(ThreadPoolExecutor.java:1149)
	at java.util.concurrent.ThreadPoolExecutor$Worker.run(ThreadPoolExecutor.java:624)
	... 1 more
Caused by: org.apache.ratis.thirdparty.io.netty.channel.AbstractChannel$AnnotatedConnectException: Connection refused: /192.168.164.217:39381
	at sun.nio.ch.SocketChannelImpl.checkConnect(Native Method)
	at sun.nio.ch.SocketChannelImpl.finishConnect(SocketChannelImpl.java:717)
	at org.apache.ratis.thirdparty.io.netty.channel.socket.nio.NioSocketChannel.doFinishConnect(NioSocketChannel.java:327)
	at org.apache.ratis.thirdparty.io.netty.channel.nio.AbstractNioChannel$AbstractNioUnsafe.finishConnect(AbstractNioChannel.java:340)
	at org.apache.ratis.thirdparty.io.netty.channel.nio.NioEventLoop.processSelectedKey(NioEventLoop.java:632)
	at org.apache.ratis.thirdparty.io.netty.channel.nio.NioEventLoop.processSelectedKeysOptimized(NioEventLoop.java:579)
	at org.apache.ratis.thirdparty.io.netty.channel.nio.NioEventLoop.processSelectedKeys(NioEventLoop.java:496)
	at org.apache.ratis.thirdparty.io.netty.channel.nio.NioEventLoop.run(NioEventLoop.java:458)
	at org.apache.ratis.thirdparty.io.netty.util.concurrent.SingleThreadEventExecutor$5.run(SingleThreadEventExecutor.java:897)
	at org.apache.ratis.thirdparty.io.netty.util.concurrent.FastThreadLocalRunnable.run(FastThreadLocalRunnable.java:30)
	... 1 more
Caused by: java.net.ConnectException: Connection refused
	... 11 more
2019-11-05 08:24:34,226 [4a682f4f-c3f2-4b77-88b7-f0ab78890feb@group-0DB8C7688BF9-LeaderElection578] INFO  impl.LeaderElection (LogUtils.java:infoOrTrace(149)) - 4a682f4f-c3f2-4b77-88b7-f0ab78890feb@group-0DB8C7688BF9-LeaderElection578 got exception when requesting votes: {}
java.util.concurrent.ExecutionException: org.apache.ratis.thirdparty.io.grpc.StatusRuntimeException: UNAVAILABLE: io exception
	at java.util.concurrent.FutureTask.report(FutureTask.java:122)
	at java.util.concurrent.FutureTask.get(FutureTask.java:192)
	at org.apache.ratis.server.impl.LeaderElection.waitForResults(LeaderElection.java:259)
	at org.apache.ratis.server.impl.LeaderElection.askForVotes(LeaderElection.java:197)
	at org.apache.ratis.server.impl.LeaderElection.run(LeaderElection.java:133)
	at java.lang.Thread.run(Thread.java:748)
Caused by: org.apache.ratis.thirdparty.io.grpc.StatusRuntimeException: UNAVAILABLE: io exception
	at org.apache.ratis.thirdparty.io.grpc.stub.ClientCalls.toStatusRuntimeException(ClientCalls.java:233)
	at org.apache.ratis.thirdparty.io.grpc.stub.ClientCalls.getUnchecked(ClientCalls.java:214)
	at org.apache.ratis.thirdparty.io.grpc.stub.ClientCalls.blockingUnaryCall(ClientCalls.java:139)
	at org.apache.ratis.proto.grpc.RaftServerProtocolServiceGrpc$RaftServerProtocolServiceBlockingStub.requestVote(RaftServerProtocolServiceGrpc.java:265)
	at org.apache.ratis.grpc.server.GrpcServerProtocolClient.requestVote(GrpcServerProtocolClient.java:99)
	at org.apache.ratis.grpc.server.GrpcService.requestVote(GrpcService.java:204)
	at org.apache.ratis.server.impl.LeaderElection.lambda$submitRequests$1(LeaderElection.java:234)
	at java.util.concurrent.FutureTask.run(FutureTask.java:266)
	at java.util.concurrent.Executors$RunnableAdapter.call(Executors.java:511)
	at java.util.concurrent.FutureTask.run(FutureTask.java:266)
	at java.util.concurrent.ThreadPoolExecutor.runWorker(ThreadPoolExecutor.java:1149)
	at java.util.concurrent.ThreadPoolExecutor$Worker.run(ThreadPoolExecutor.java:624)
	... 1 more
Caused by: org.apache.ratis.thirdparty.io.netty.channel.AbstractChannel$AnnotatedConnectException: Connection refused: /192.168.164.217:44149
	at sun.nio.ch.SocketChannelImpl.checkConnect(Native Method)
	at sun.nio.ch.SocketChannelImpl.finishConnect(SocketChannelImpl.java:717)
	at org.apache.ratis.thirdparty.io.netty.channel.socket.nio.NioSocketChannel.doFinishConnect(NioSocketChannel.java:327)
	at org.apache.ratis.thirdparty.io.netty.channel.nio.AbstractNioChannel$AbstractNioUnsafe.finishConnect(AbstractNioChannel.java:340)
	at org.apache.ratis.thirdparty.io.netty.channel.nio.NioEventLoop.processSelectedKey(NioEventLoop.java:632)
	at org.apache.ratis.thirdparty.io.netty.channel.nio.NioEventLoop.processSelectedKeysOptimized(NioEventLoop.java:579)
	at org.apache.ratis.thirdparty.io.netty.channel.nio.NioEventLoop.processSelectedKeys(NioEventLoop.java:496)
	at org.apache.ratis.thirdparty.io.netty.channel.nio.NioEventLoop.run(NioEventLoop.java:458)
	at org.apache.ratis.thirdparty.io.netty.util.concurrent.SingleThreadEventExecutor$5.run(SingleThreadEventExecutor.java:897)
	at org.apache.ratis.thirdparty.io.netty.util.concurrent.FastThreadLocalRunnable.run(FastThreadLocalRunnable.java:30)
	... 1 more
Caused by: java.net.ConnectException: Connection refused
	... 11 more
2019-11-05 08:24:34,227 [4a682f4f-c3f2-4b77-88b7-f0ab78890feb@group-0DB8C7688BF9-LeaderElection578] INFO  impl.LeaderElection (LeaderElection.java:logAndReturn(56)) - 4a682f4f-c3f2-4b77-88b7-f0ab78890feb@group-0DB8C7688BF9-LeaderElection578: Election REJECTED; received 0 response(s) [] and 2 exception(s); 4a682f4f-c3f2-4b77-88b7-f0ab78890feb@group-0DB8C7688BF9:t360, leader=null, voted=4a682f4f-c3f2-4b77-88b7-f0ab78890feb, raftlog=4a682f4f-c3f2-4b77-88b7-f0ab78890feb@group-0DB8C7688BF9-SegmentedRaftLog:OPENED:c-1,f-1,i0, conf=-1: [77ab65e6-d942-49df-83a3-1d4c0bf152b3:192.168.164.217:39381, 7e1b84a9-a041-44fd-8008-f2679426984c:192.168.164.217:44149, 4a682f4f-c3f2-4b77-88b7-f0ab78890feb:192.168.164.217:34174], old=null
2019-11-05 08:24:34,227 [4a682f4f-c3f2-4b77-88b7-f0ab78890feb@group-0DB8C7688BF9-LeaderElection578] INFO  impl.LeaderElection (LogUtils.java:infoOrTrace(149)) -   Exception 0: {}
java.util.concurrent.ExecutionException: org.apache.ratis.thirdparty.io.grpc.StatusRuntimeException: UNAVAILABLE: io exception
	at java.util.concurrent.FutureTask.report(FutureTask.java:122)
	at java.util.concurrent.FutureTask.get(FutureTask.java:192)
	at org.apache.ratis.server.impl.LeaderElection.waitForResults(LeaderElection.java:259)
	at org.apache.ratis.server.impl.LeaderElection.askForVotes(LeaderElection.java:197)
	at org.apache.ratis.server.impl.LeaderElection.run(LeaderElection.java:133)
	at java.lang.Thread.run(Thread.java:748)
Caused by: org.apache.ratis.thirdparty.io.grpc.StatusRuntimeException: UNAVAILABLE: io exception
	at org.apache.ratis.thirdparty.io.grpc.stub.ClientCalls.toStatusRuntimeException(ClientCalls.java:233)
	at org.apache.ratis.thirdparty.io.grpc.stub.ClientCalls.getUnchecked(ClientCalls.java:214)
	at org.apache.ratis.thirdparty.io.grpc.stub.ClientCalls.blockingUnaryCall(ClientCalls.java:139)
	at org.apache.ratis.proto.grpc.RaftServerProtocolServiceGrpc$RaftServerProtocolServiceBlockingStub.requestVote(RaftServerProtocolServiceGrpc.java:265)
	at org.apache.ratis.grpc.server.GrpcServerProtocolClient.requestVote(GrpcServerProtocolClient.java:99)
	at org.apache.ratis.grpc.server.GrpcService.requestVote(GrpcService.java:204)
	at org.apache.ratis.server.impl.LeaderElection.lambda$submitRequests$1(LeaderElection.java:234)
	at java.util.concurrent.FutureTask.run(FutureTask.java:266)
	at java.util.concurrent.Executors$RunnableAdapter.call(Executors.java:511)
	at java.util.concurrent.FutureTask.run(FutureTask.java:266)
	at java.util.concurrent.ThreadPoolExecutor.runWorker(ThreadPoolExecutor.java:1149)
	at java.util.concurrent.ThreadPoolExecutor$Worker.run(ThreadPoolExecutor.java:624)
	... 1 more
Caused by: org.apache.ratis.thirdparty.io.netty.channel.AbstractChannel$AnnotatedConnectException: Connection refused: /192.168.164.217:39381
	at sun.nio.ch.SocketChannelImpl.checkConnect(Native Method)
	at sun.nio.ch.SocketChannelImpl.finishConnect(SocketChannelImpl.java:717)
	at org.apache.ratis.thirdparty.io.netty.channel.socket.nio.NioSocketChannel.doFinishConnect(NioSocketChannel.java:327)
	at org.apache.ratis.thirdparty.io.netty.channel.nio.AbstractNioChannel$AbstractNioUnsafe.finishConnect(AbstractNioChannel.java:340)
	at org.apache.ratis.thirdparty.io.netty.channel.nio.NioEventLoop.processSelectedKey(NioEventLoop.java:632)
	at org.apache.ratis.thirdparty.io.netty.channel.nio.NioEventLoop.processSelectedKeysOptimized(NioEventLoop.java:579)
	at org.apache.ratis.thirdparty.io.netty.channel.nio.NioEventLoop.processSelectedKeys(NioEventLoop.java:496)
	at org.apache.ratis.thirdparty.io.netty.channel.nio.NioEventLoop.run(NioEventLoop.java:458)
	at org.apache.ratis.thirdparty.io.netty.util.concurrent.SingleThreadEventExecutor$5.run(SingleThreadEventExecutor.java:897)
	at org.apache.ratis.thirdparty.io.netty.util.concurrent.FastThreadLocalRunnable.run(FastThreadLocalRunnable.java:30)
	... 1 more
Caused by: java.net.ConnectException: Connection refused
	... 11 more
2019-11-05 08:24:34,227 [4a682f4f-c3f2-4b77-88b7-f0ab78890feb@group-0DB8C7688BF9-LeaderElection578] INFO  impl.LeaderElection (LogUtils.java:infoOrTrace(149)) -   Exception 1: {}
java.util.concurrent.ExecutionException: org.apache.ratis.thirdparty.io.grpc.StatusRuntimeException: UNAVAILABLE: io exception
	at java.util.concurrent.FutureTask.report(FutureTask.java:122)
	at java.util.concurrent.FutureTask.get(FutureTask.java:192)
	at org.apache.ratis.server.impl.LeaderElection.waitForResults(LeaderElection.java:259)
	at org.apache.ratis.server.impl.LeaderElection.askForVotes(LeaderElection.java:197)
	at org.apache.ratis.server.impl.LeaderElection.run(LeaderElection.java:133)
	at java.lang.Thread.run(Thread.java:748)
Caused by: org.apache.ratis.thirdparty.io.grpc.StatusRuntimeException: UNAVAILABLE: io exception
	at org.apache.ratis.thirdparty.io.grpc.stub.ClientCalls.toStatusRuntimeException(ClientCalls.java:233)
	at org.apache.ratis.thirdparty.io.grpc.stub.ClientCalls.getUnchecked(ClientCalls.java:214)
	at org.apache.ratis.thirdparty.io.grpc.stub.ClientCalls.blockingUnaryCall(ClientCalls.java:139)
	at org.apache.ratis.proto.grpc.RaftServerProtocolServiceGrpc$RaftServerProtocolServiceBlockingStub.requestVote(RaftServerProtocolServiceGrpc.java:265)
	at org.apache.ratis.grpc.server.GrpcServerProtocolClient.requestVote(GrpcServerProtocolClient.java:99)
	at org.apache.ratis.grpc.server.GrpcService.requestVote(GrpcService.java:204)
	at org.apache.ratis.server.impl.LeaderElection.lambda$submitRequests$1(LeaderElection.java:234)
	at java.util.concurrent.FutureTask.run(FutureTask.java:266)
	at java.util.concurrent.Executors$RunnableAdapter.call(Executors.java:511)
	at java.util.concurrent.FutureTask.run(FutureTask.java:266)
	at java.util.concurrent.ThreadPoolExecutor.runWorker(ThreadPoolExecutor.java:1149)
	at java.util.concurrent.ThreadPoolExecutor$Worker.run(ThreadPoolExecutor.java:624)
	... 1 more
Caused by: org.apache.ratis.thirdparty.io.netty.channel.AbstractChannel$AnnotatedConnectException: Connection refused: /192.168.164.217:44149
	at sun.nio.ch.SocketChannelImpl.checkConnect(Native Method)
	at sun.nio.ch.SocketChannelImpl.finishConnect(SocketChannelImpl.java:717)
	at org.apache.ratis.thirdparty.io.netty.channel.socket.nio.NioSocketChannel.doFinishConnect(NioSocketChannel.java:327)
	at org.apache.ratis.thirdparty.io.netty.channel.nio.AbstractNioChannel$AbstractNioUnsafe.finishConnect(AbstractNioChannel.java:340)
	at org.apache.ratis.thirdparty.io.netty.channel.nio.NioEventLoop.processSelectedKey(NioEventLoop.java:632)
	at org.apache.ratis.thirdparty.io.netty.channel.nio.NioEventLoop.processSelectedKeysOptimized(NioEventLoop.java:579)
	at org.apache.ratis.thirdparty.io.netty.channel.nio.NioEventLoop.processSelectedKeys(NioEventLoop.java:496)
	at org.apache.ratis.thirdparty.io.netty.channel.nio.NioEventLoop.run(NioEventLoop.java:458)
	at org.apache.ratis.thirdparty.io.netty.util.concurrent.SingleThreadEventExecutor$5.run(SingleThreadEventExecutor.java:897)
	at org.apache.ratis.thirdparty.io.netty.util.concurrent.FastThreadLocalRunnable.run(FastThreadLocalRunnable.java:30)
	... 1 more
Caused by: java.net.ConnectException: Connection refused
	... 11 more
2019-11-05 08:24:34,227 [4a682f4f-c3f2-4b77-88b7-f0ab78890feb@group-0DB8C7688BF9-LeaderElection578] INFO  impl.RaftServerImpl (RaftServerImpl.java:setRole(184)) - 4a682f4f-c3f2-4b77-88b7-f0ab78890feb@group-0DB8C7688BF9: changes role from CANDIDATE to FOLLOWER at term 360 for DISCOVERED_A_NEW_TERM
2019-11-05 08:24:34,227 [4a682f4f-c3f2-4b77-88b7-f0ab78890feb@group-0DB8C7688BF9-LeaderElection578] INFO  impl.RoleInfo (RoleInfo.java:shutdownLeaderElection(134)) - 4a682f4f-c3f2-4b77-88b7-f0ab78890feb: shutdown LeaderElection
2019-11-05 08:24:34,227 [4a682f4f-c3f2-4b77-88b7-f0ab78890feb@group-0DB8C7688BF9-LeaderElection578] INFO  impl.RoleInfo (RoleInfo.java:updateAndGet(143)) - 4a682f4f-c3f2-4b77-88b7-f0ab78890feb: start FollowerState
2019-11-05 08:24:34,259 [java.util.concurrent.ThreadPoolExecutor$Worker@4893213[State = -1, empty queue]] WARN  server.GrpcLogAppender (GrpcLogAppender.java:timeoutAppendRequest(209)) - 6189f8a4-91dd-451f-abcb-72b2dcd73465@group-9D53872EEF85->fe5257f1-588f-41af-bf70-1c04126c8968-GrpcLogAppender: appendEntries Timeout, request=6189f8a4-91dd-451f-abcb-72b2dcd73465->fe5257f1-588f-41af-bf70-1c04126c8968#104-t4, previous=(t:4, i:20), leaderCommit=20, initializing? false, entries: <empty>
2019-11-05 08:24:34,297 [java.util.concurrent.ThreadPoolExecutor$Worker@7a1c0679[State = -1, empty queue]] WARN  server.GrpcLogAppender (GrpcLogAppender.java:timeoutAppendRequest(209)) - 6189f8a4-91dd-451f-abcb-72b2dcd73465@group-9D53872EEF85->c3e88256-f771-43b4-b3fb-c682fc5ee06f-GrpcLogAppender: appendEntries Timeout, request=6189f8a4-91dd-451f-abcb-72b2dcd73465->c3e88256-f771-43b4-b3fb-c682fc5ee06f#104-t4, previous=(t:4, i:20), leaderCommit=20, initializing? false, entries: <empty>
2019-11-05 08:24:34,338 [Thread-4091] INFO  impl.FollowerState (FollowerState.java:run(108)) - 4a682f4f-c3f2-4b77-88b7-f0ab78890feb@group-0DB8C7688BF9-FollowerState: change to CANDIDATE, lastRpcTime:111ms, electionTimeout:111ms
2019-11-05 08:24:34,339 [Thread-4091] INFO  impl.RoleInfo (RoleInfo.java:shutdownFollowerState(121)) - 4a682f4f-c3f2-4b77-88b7-f0ab78890feb: shutdown FollowerState
2019-11-05 08:24:34,339 [Thread-4091] INFO  impl.RaftServerImpl (RaftServerImpl.java:setRole(184)) - 4a682f4f-c3f2-4b77-88b7-f0ab78890feb@group-0DB8C7688BF9: changes role from  FOLLOWER to CANDIDATE at term 360 for changeToCandidate
2019-11-05 08:24:34,339 [Thread-4091] INFO  impl.RoleInfo (RoleInfo.java:updateAndGet(143)) - 4a682f4f-c3f2-4b77-88b7-f0ab78890feb: start LeaderElection
2019-11-05 08:24:34,352 [4a682f4f-c3f2-4b77-88b7-f0ab78890feb@group-0DB8C7688BF9-LeaderElection579] INFO  impl.LeaderElection (LeaderElection.java:askForVotes(178)) - 4a682f4f-c3f2-4b77-88b7-f0ab78890feb@group-0DB8C7688BF9-LeaderElection579: begin an election at term 361 for -1: [77ab65e6-d942-49df-83a3-1d4c0bf152b3:192.168.164.217:39381, 7e1b84a9-a041-44fd-8008-f2679426984c:192.168.164.217:44149, 4a682f4f-c3f2-4b77-88b7-f0ab78890feb:192.168.164.217:34174], old=null
2019-11-05 08:24:34,353 [4a682f4f-c3f2-4b77-88b7-f0ab78890feb@group-0DB8C7688BF9-LeaderElection579] INFO  impl.LeaderElection (LogUtils.java:infoOrTrace(149)) - 4a682f4f-c3f2-4b77-88b7-f0ab78890feb@group-0DB8C7688BF9-LeaderElection579 got exception when requesting votes: {}
java.util.concurrent.ExecutionException: org.apache.ratis.thirdparty.io.grpc.StatusRuntimeException: UNAVAILABLE: io exception
	at java.util.concurrent.FutureTask.report(FutureTask.java:122)
	at java.util.concurrent.FutureTask.get(FutureTask.java:192)
	at org.apache.ratis.server.impl.LeaderElection.waitForResults(LeaderElection.java:259)
	at org.apache.ratis.server.impl.LeaderElection.askForVotes(LeaderElection.java:197)
	at org.apache.ratis.server.impl.LeaderElection.run(LeaderElection.java:133)
	at java.lang.Thread.run(Thread.java:748)
Caused by: org.apache.ratis.thirdparty.io.grpc.StatusRuntimeException: UNAVAILABLE: io exception
	at org.apache.ratis.thirdparty.io.grpc.stub.ClientCalls.toStatusRuntimeException(ClientCalls.java:233)
	at org.apache.ratis.thirdparty.io.grpc.stub.ClientCalls.getUnchecked(ClientCalls.java:214)
	at org.apache.ratis.thirdparty.io.grpc.stub.ClientCalls.blockingUnaryCall(ClientCalls.java:139)
	at org.apache.ratis.proto.grpc.RaftServerProtocolServiceGrpc$RaftServerProtocolServiceBlockingStub.requestVote(RaftServerProtocolServiceGrpc.java:265)
	at org.apache.ratis.grpc.server.GrpcServerProtocolClient.requestVote(GrpcServerProtocolClient.java:99)
	at org.apache.ratis.grpc.server.GrpcService.requestVote(GrpcService.java:204)
	at org.apache.ratis.server.impl.LeaderElection.lambda$submitRequests$1(LeaderElection.java:234)
	at java.util.concurrent.FutureTask.run(FutureTask.java:266)
	at java.util.concurrent.Executors$RunnableAdapter.call(Executors.java:511)
	at java.util.concurrent.FutureTask.run(FutureTask.java:266)
	at java.util.concurrent.ThreadPoolExecutor.runWorker(ThreadPoolExecutor.java:1149)
	at java.util.concurrent.ThreadPoolExecutor$Worker.run(ThreadPoolExecutor.java:624)
	... 1 more
Caused by: org.apache.ratis.thirdparty.io.netty.channel.AbstractChannel$AnnotatedConnectException: Connection refused: /192.168.164.217:39381
	at sun.nio.ch.SocketChannelImpl.checkConnect(Native Method)
	at sun.nio.ch.SocketChannelImpl.finishConnect(SocketChannelImpl.java:717)
	at org.apache.ratis.thirdparty.io.netty.channel.socket.nio.NioSocketChannel.doFinishConnect(NioSocketChannel.java:327)
	at org.apache.ratis.thirdparty.io.netty.channel.nio.AbstractNioChannel$AbstractNioUnsafe.finishConnect(AbstractNioChannel.java:340)
	at org.apache.ratis.thirdparty.io.netty.channel.nio.NioEventLoop.processSelectedKey(NioEventLoop.java:632)
	at org.apache.ratis.thirdparty.io.netty.channel.nio.NioEventLoop.processSelectedKeysOptimized(NioEventLoop.java:579)
	at org.apache.ratis.thirdparty.io.netty.channel.nio.NioEventLoop.processSelectedKeys(NioEventLoop.java:496)
	at org.apache.ratis.thirdparty.io.netty.channel.nio.NioEventLoop.run(NioEventLoop.java:458)
	at org.apache.ratis.thirdparty.io.netty.util.concurrent.SingleThreadEventExecutor$5.run(SingleThreadEventExecutor.java:897)
	at org.apache.ratis.thirdparty.io.netty.util.concurrent.FastThreadLocalRunnable.run(FastThreadLocalRunnable.java:30)
	... 1 more
Caused by: java.net.ConnectException: Connection refused
	... 11 more
2019-11-05 08:24:34,353 [4a682f4f-c3f2-4b77-88b7-f0ab78890feb@group-0DB8C7688BF9-LeaderElection579] INFO  impl.LeaderElection (LogUtils.java:infoOrTrace(149)) - 4a682f4f-c3f2-4b77-88b7-f0ab78890feb@group-0DB8C7688BF9-LeaderElection579 got exception when requesting votes: {}
java.util.concurrent.ExecutionException: org.apache.ratis.thirdparty.io.grpc.StatusRuntimeException: UNAVAILABLE: io exception
	at java.util.concurrent.FutureTask.report(FutureTask.java:122)
	at java.util.concurrent.FutureTask.get(FutureTask.java:192)
	at org.apache.ratis.server.impl.LeaderElection.waitForResults(LeaderElection.java:259)
	at org.apache.ratis.server.impl.LeaderElection.askForVotes(LeaderElection.java:197)
	at org.apache.ratis.server.impl.LeaderElection.run(LeaderElection.java:133)
	at java.lang.Thread.run(Thread.java:748)
Caused by: org.apache.ratis.thirdparty.io.grpc.StatusRuntimeException: UNAVAILABLE: io exception
	at org.apache.ratis.thirdparty.io.grpc.stub.ClientCalls.toStatusRuntimeException(ClientCalls.java:233)
	at org.apache.ratis.thirdparty.io.grpc.stub.ClientCalls.getUnchecked(ClientCalls.java:214)
	at org.apache.ratis.thirdparty.io.grpc.stub.ClientCalls.blockingUnaryCall(ClientCalls.java:139)
	at org.apache.ratis.proto.grpc.RaftServerProtocolServiceGrpc$RaftServerProtocolServiceBlockingStub.requestVote(RaftServerProtocolServiceGrpc.java:265)
	at org.apache.ratis.grpc.server.GrpcServerProtocolClient.requestVote(GrpcServerProtocolClient.java:99)
	at org.apache.ratis.grpc.server.GrpcService.requestVote(GrpcService.java:204)
	at org.apache.ratis.server.impl.LeaderElection.lambda$submitRequests$1(LeaderElection.java:234)
	at java.util.concurrent.FutureTask.run(FutureTask.java:266)
	at java.util.concurrent.Executors$RunnableAdapter.call(Executors.java:511)
	at java.util.concurrent.FutureTask.run(FutureTask.java:266)
	at java.util.concurrent.ThreadPoolExecutor.runWorker(ThreadPoolExecutor.java:1149)
	at java.util.concurrent.ThreadPoolExecutor$Worker.run(ThreadPoolExecutor.java:624)
	... 1 more
Caused by: org.apache.ratis.thirdparty.io.netty.channel.AbstractChannel$AnnotatedConnectException: Connection refused: /192.168.164.217:44149
	at sun.nio.ch.SocketChannelImpl.checkConnect(Native Method)
	at sun.nio.ch.SocketChannelImpl.finishConnect(SocketChannelImpl.java:717)
	at org.apache.ratis.thirdparty.io.netty.channel.socket.nio.NioSocketChannel.doFinishConnect(NioSocketChannel.java:327)
	at org.apache.ratis.thirdparty.io.netty.channel.nio.AbstractNioChannel$AbstractNioUnsafe.finishConnect(AbstractNioChannel.java:340)
	at org.apache.ratis.thirdparty.io.netty.channel.nio.NioEventLoop.processSelectedKey(NioEventLoop.java:632)
	at org.apache.ratis.thirdparty.io.netty.channel.nio.NioEventLoop.processSelectedKeysOptimized(NioEventLoop.java:579)
	at org.apache.ratis.thirdparty.io.netty.channel.nio.NioEventLoop.processSelectedKeys(NioEventLoop.java:496)
	at org.apache.ratis.thirdparty.io.netty.channel.nio.NioEventLoop.run(NioEventLoop.java:458)
	at org.apache.ratis.thirdparty.io.netty.util.concurrent.SingleThreadEventExecutor$5.run(SingleThreadEventExecutor.java:897)
	at org.apache.ratis.thirdparty.io.netty.util.concurrent.FastThreadLocalRunnable.run(FastThreadLocalRunnable.java:30)
	... 1 more
Caused by: java.net.ConnectException: Connection refused
	... 11 more
2019-11-05 08:24:34,353 [4a682f4f-c3f2-4b77-88b7-f0ab78890feb@group-0DB8C7688BF9-LeaderElection579] INFO  impl.LeaderElection (LeaderElection.java:logAndReturn(56)) - 4a682f4f-c3f2-4b77-88b7-f0ab78890feb@group-0DB8C7688BF9-LeaderElection579: Election REJECTED; received 0 response(s) [] and 2 exception(s); 4a682f4f-c3f2-4b77-88b7-f0ab78890feb@group-0DB8C7688BF9:t361, leader=null, voted=4a682f4f-c3f2-4b77-88b7-f0ab78890feb, raftlog=4a682f4f-c3f2-4b77-88b7-f0ab78890feb@group-0DB8C7688BF9-SegmentedRaftLog:OPENED:c-1,f-1,i0, conf=-1: [77ab65e6-d942-49df-83a3-1d4c0bf152b3:192.168.164.217:39381, 7e1b84a9-a041-44fd-8008-f2679426984c:192.168.164.217:44149, 4a682f4f-c3f2-4b77-88b7-f0ab78890feb:192.168.164.217:34174], old=null
2019-11-05 08:24:34,354 [4a682f4f-c3f2-4b77-88b7-f0ab78890feb@group-0DB8C7688BF9-LeaderElection579] INFO  impl.LeaderElection (LogUtils.java:infoOrTrace(149)) -   Exception 0: {}
java.util.concurrent.ExecutionException: org.apache.ratis.thirdparty.io.grpc.StatusRuntimeException: UNAVAILABLE: io exception
	at java.util.concurrent.FutureTask.report(FutureTask.java:122)
	at java.util.concurrent.FutureTask.get(FutureTask.java:192)
	at org.apache.ratis.server.impl.LeaderElection.waitForResults(LeaderElection.java:259)
	at org.apache.ratis.server.impl.LeaderElection.askForVotes(LeaderElection.java:197)
	at org.apache.ratis.server.impl.LeaderElection.run(LeaderElection.java:133)
	at java.lang.Thread.run(Thread.java:748)
Caused by: org.apache.ratis.thirdparty.io.grpc.StatusRuntimeException: UNAVAILABLE: io exception
	at org.apache.ratis.thirdparty.io.grpc.stub.ClientCalls.toStatusRuntimeException(ClientCalls.java:233)
	at org.apache.ratis.thirdparty.io.grpc.stub.ClientCalls.getUnchecked(ClientCalls.java:214)
	at org.apache.ratis.thirdparty.io.grpc.stub.ClientCalls.blockingUnaryCall(ClientCalls.java:139)
	at org.apache.ratis.proto.grpc.RaftServerProtocolServiceGrpc$RaftServerProtocolServiceBlockingStub.requestVote(RaftServerProtocolServiceGrpc.java:265)
	at org.apache.ratis.grpc.server.GrpcServerProtocolClient.requestVote(GrpcServerProtocolClient.java:99)
	at org.apache.ratis.grpc.server.GrpcService.requestVote(GrpcService.java:204)
	at org.apache.ratis.server.impl.LeaderElection.lambda$submitRequests$1(LeaderElection.java:234)
	at java.util.concurrent.FutureTask.run(FutureTask.java:266)
	at java.util.concurrent.Executors$RunnableAdapter.call(Executors.java:511)
	at java.util.concurrent.FutureTask.run(FutureTask.java:266)
	at java.util.concurrent.ThreadPoolExecutor.runWorker(ThreadPoolExecutor.java:1149)
	at java.util.concurrent.ThreadPoolExecutor$Worker.run(ThreadPoolExecutor.java:624)
	... 1 more
Caused by: org.apache.ratis.thirdparty.io.netty.channel.AbstractChannel$AnnotatedConnectException: Connection refused: /192.168.164.217:39381
	at sun.nio.ch.SocketChannelImpl.checkConnect(Native Method)
	at sun.nio.ch.SocketChannelImpl.finishConnect(SocketChannelImpl.java:717)
	at org.apache.ratis.thirdparty.io.netty.channel.socket.nio.NioSocketChannel.doFinishConnect(NioSocketChannel.java:327)
	at org.apache.ratis.thirdparty.io.netty.channel.nio.AbstractNioChannel$AbstractNioUnsafe.finishConnect(AbstractNioChannel.java:340)
	at org.apache.ratis.thirdparty.io.netty.channel.nio.NioEventLoop.processSelectedKey(NioEventLoop.java:632)
	at org.apache.ratis.thirdparty.io.netty.channel.nio.NioEventLoop.processSelectedKeysOptimized(NioEventLoop.java:579)
	at org.apache.ratis.thirdparty.io.netty.channel.nio.NioEventLoop.processSelectedKeys(NioEventLoop.java:496)
	at org.apache.ratis.thirdparty.io.netty.channel.nio.NioEventLoop.run(NioEventLoop.java:458)
	at org.apache.ratis.thirdparty.io.netty.util.concurrent.SingleThreadEventExecutor$5.run(SingleThreadEventExecutor.java:897)
	at org.apache.ratis.thirdparty.io.netty.util.concurrent.FastThreadLocalRunnable.run(FastThreadLocalRunnable.java:30)
	... 1 more
Caused by: java.net.ConnectException: Connection refused
	... 11 more
2019-11-05 08:24:34,354 [4a682f4f-c3f2-4b77-88b7-f0ab78890feb@group-0DB8C7688BF9-LeaderElection579] INFO  impl.LeaderElection (LogUtils.java:infoOrTrace(149)) -   Exception 1: {}
java.util.concurrent.ExecutionException: org.apache.ratis.thirdparty.io.grpc.StatusRuntimeException: UNAVAILABLE: io exception
	at java.util.concurrent.FutureTask.report(FutureTask.java:122)
	at java.util.concurrent.FutureTask.get(FutureTask.java:192)
	at org.apache.ratis.server.impl.LeaderElection.waitForResults(LeaderElection.java:259)
	at org.apache.ratis.server.impl.LeaderElection.askForVotes(LeaderElection.java:197)
	at org.apache.ratis.server.impl.LeaderElection.run(LeaderElection.java:133)
	at java.lang.Thread.run(Thread.java:748)
Caused by: org.apache.ratis.thirdparty.io.grpc.StatusRuntimeException: UNAVAILABLE: io exception
	at org.apache.ratis.thirdparty.io.grpc.stub.ClientCalls.toStatusRuntimeException(ClientCalls.java:233)
	at org.apache.ratis.thirdparty.io.grpc.stub.ClientCalls.getUnchecked(ClientCalls.java:214)
	at org.apache.ratis.thirdparty.io.grpc.stub.ClientCalls.blockingUnaryCall(ClientCalls.java:139)
	at org.apache.ratis.proto.grpc.RaftServerProtocolServiceGrpc$RaftServerProtocolServiceBlockingStub.requestVote(RaftServerProtocolServiceGrpc.java:265)
	at org.apache.ratis.grpc.server.GrpcServerProtocolClient.requestVote(GrpcServerProtocolClient.java:99)
	at org.apache.ratis.grpc.server.GrpcService.requestVote(GrpcService.java:204)
	at org.apache.ratis.server.impl.LeaderElection.lambda$submitRequests$1(LeaderElection.java:234)
	at java.util.concurrent.FutureTask.run(FutureTask.java:266)
	at java.util.concurrent.Executors$RunnableAdapter.call(Executors.java:511)
	at java.util.concurrent.FutureTask.run(FutureTask.java:266)
	at java.util.concurrent.ThreadPoolExecutor.runWorker(ThreadPoolExecutor.java:1149)
	at java.util.concurrent.ThreadPoolExecutor$Worker.run(ThreadPoolExecutor.java:624)
	... 1 more
Caused by: org.apache.ratis.thirdparty.io.netty.channel.AbstractChannel$AnnotatedConnectException: Connection refused: /192.168.164.217:44149
	at sun.nio.ch.SocketChannelImpl.checkConnect(Native Method)
	at sun.nio.ch.SocketChannelImpl.finishConnect(SocketChannelImpl.java:717)
	at org.apache.ratis.thirdparty.io.netty.channel.socket.nio.NioSocketChannel.doFinishConnect(NioSocketChannel.java:327)
	at org.apache.ratis.thirdparty.io.netty.channel.nio.AbstractNioChannel$AbstractNioUnsafe.finishConnect(AbstractNioChannel.java:340)
	at org.apache.ratis.thirdparty.io.netty.channel.nio.NioEventLoop.processSelectedKey(NioEventLoop.java:632)
	at org.apache.ratis.thirdparty.io.netty.channel.nio.NioEventLoop.processSelectedKeysOptimized(NioEventLoop.java:579)
	at org.apache.ratis.thirdparty.io.netty.channel.nio.NioEventLoop.processSelectedKeys(NioEventLoop.java:496)
	at org.apache.ratis.thirdparty.io.netty.channel.nio.NioEventLoop.run(NioEventLoop.java:458)
	at org.apache.ratis.thirdparty.io.netty.util.concurrent.SingleThreadEventExecutor$5.run(SingleThreadEventExecutor.java:897)
	at org.apache.ratis.thirdparty.io.netty.util.concurrent.FastThreadLocalRunnable.run(FastThreadLocalRunnable.java:30)
	... 1 more
Caused by: java.net.ConnectException: Connection refused
	... 11 more
2019-11-05 08:24:34,354 [4a682f4f-c3f2-4b77-88b7-f0ab78890feb@group-0DB8C7688BF9-LeaderElection579] INFO  impl.RaftServerImpl (RaftServerImpl.java:setRole(184)) - 4a682f4f-c3f2-4b77-88b7-f0ab78890feb@group-0DB8C7688BF9: changes role from CANDIDATE to FOLLOWER at term 361 for DISCOVERED_A_NEW_TERM
2019-11-05 08:24:34,354 [4a682f4f-c3f2-4b77-88b7-f0ab78890feb@group-0DB8C7688BF9-LeaderElection579] INFO  impl.RoleInfo (RoleInfo.java:shutdownLeaderElection(134)) - 4a682f4f-c3f2-4b77-88b7-f0ab78890feb: shutdown LeaderElection
2019-11-05 08:24:34,354 [4a682f4f-c3f2-4b77-88b7-f0ab78890feb@group-0DB8C7688BF9-LeaderElection579] INFO  impl.RoleInfo (RoleInfo.java:updateAndGet(143)) - 4a682f4f-c3f2-4b77-88b7-f0ab78890feb: start FollowerState
2019-11-05 08:24:34,405 [ForkJoinPool.commonPool-worker-0] INFO  ozoneimpl.OzoneContainer (OzoneContainer.java:stop(227)) - Attempting to stop container services.
2019-11-05 08:24:34,407 [ForkJoinPool.commonPool-worker-0] INFO  impl.RaftServerProxy (RaftServerProxy.java:lambda$close$4(314)) - 4a682f4f-c3f2-4b77-88b7-f0ab78890feb: close
2019-11-05 08:24:34,407 [ForkJoinPool.commonPool-worker-0] INFO  impl.RaftServerImpl (RaftServerImpl.java:lambda$shutdown$3(261)) - 4a682f4f-c3f2-4b77-88b7-f0ab78890feb@group-BC4C2997BE07: shutdown
2019-11-05 08:24:34,408 [ForkJoinPool.commonPool-worker-0] INFO  util.JmxRegister (JmxRegister.java:unregister(73)) - Successfully un-registered JMX Bean with object name Ratis:service=RaftServer,group=group-BC4C2997BE07,id=4a682f4f-c3f2-4b77-88b7-f0ab78890feb
2019-11-05 08:24:34,408 [ForkJoinPool.commonPool-worker-0] INFO  impl.RoleInfo (RoleInfo.java:shutdownLeaderState(104)) - 4a682f4f-c3f2-4b77-88b7-f0ab78890feb: shutdown LeaderState
2019-11-05 08:24:34,409 [ForkJoinPool.commonPool-worker-0] INFO  impl.PendingRequests (PendingRequests.java:sendNotLeaderResponses(202)) - 4a682f4f-c3f2-4b77-88b7-f0ab78890feb@group-BC4C2997BE07-PendingRequests: sendNotLeaderResponses
2019-11-05 08:24:34,410 [ForkJoinPool.commonPool-worker-0] INFO  impl.StateMachineUpdater (StateMachineUpdater.java:stopAndJoin(136)) - 4a682f4f-c3f2-4b77-88b7-f0ab78890feb@group-BC4C2997BE07-StateMachineUpdater: set stopIndex = 0
2019-11-05 08:24:34,410 [ForkJoinPool.commonPool-worker-0] INFO  impl.RaftServerImpl (ServerState.java:close(388)) - 4a682f4f-c3f2-4b77-88b7-f0ab78890feb@group-BC4C2997BE07: closes. applyIndex: 0
2019-11-05 08:24:34,411 [4a682f4f-c3f2-4b77-88b7-f0ab78890feb@group-BC4C2997BE07-SegmentedRaftLogWorker] INFO  segmented.SegmentedRaftLogWorker (SegmentedRaftLogWorker.java:run(316)) - 4a682f4f-c3f2-4b77-88b7-f0ab78890feb@group-BC4C2997BE07-SegmentedRaftLogWorker was interrupted, exiting. There are 0 tasks remaining in the queue.
2019-11-05 08:24:34,411 [ForkJoinPool.commonPool-worker-0] INFO  segmented.SegmentedRaftLogWorker (SegmentedRaftLogWorker.java:close(224)) - 4a682f4f-c3f2-4b77-88b7-f0ab78890feb@group-BC4C2997BE07-SegmentedRaftLogWorker close()
2019-11-05 08:24:34,412 [ForkJoinPool.commonPool-worker-0] INFO  impl.RaftServerImpl (RaftServerImpl.java:lambda$shutdown$3(261)) - 4a682f4f-c3f2-4b77-88b7-f0ab78890feb@group-0DB8C7688BF9: shutdown
2019-11-05 08:24:34,413 [ForkJoinPool.commonPool-worker-0] INFO  util.JmxRegister (JmxRegister.java:unregister(73)) - Successfully un-registered JMX Bean with object name Ratis:service=RaftServer,group=group-0DB8C7688BF9,id=4a682f4f-c3f2-4b77-88b7-f0ab78890feb
2019-11-05 08:24:34,413 [ForkJoinPool.commonPool-worker-0] INFO  impl.RoleInfo (RoleInfo.java:shutdownFollowerState(121)) - 4a682f4f-c3f2-4b77-88b7-f0ab78890feb: shutdown FollowerState
2019-11-05 08:24:34,413 [ForkJoinPool.commonPool-worker-0] INFO  impl.StateMachineUpdater (StateMachineUpdater.java:stopAndJoin(136)) - 4a682f4f-c3f2-4b77-88b7-f0ab78890feb@group-0DB8C7688BF9-StateMachineUpdater: set stopIndex = -1
2019-11-05 08:24:34,413 [Thread-4095] INFO  impl.FollowerState (FollowerState.java:run(117)) - 4a682f4f-c3f2-4b77-88b7-f0ab78890feb@group-0DB8C7688BF9-FollowerState was interrupted: java.lang.InterruptedException: sleep interrupted
2019-11-05 08:24:34,414 [ForkJoinPool.commonPool-worker-0] INFO  impl.RaftServerImpl (ServerState.java:close(388)) - 4a682f4f-c3f2-4b77-88b7-f0ab78890feb@group-0DB8C7688BF9: closes. applyIndex: -1
2019-11-05 08:24:34,414 [4a682f4f-c3f2-4b77-88b7-f0ab78890feb@group-0DB8C7688BF9-SegmentedRaftLogWorker] INFO  segmented.SegmentedRaftLogWorker (SegmentedRaftLogWorker.java:run(316)) - 4a682f4f-c3f2-4b77-88b7-f0ab78890feb@group-0DB8C7688BF9-SegmentedRaftLogWorker was interrupted, exiting. There are 0 tasks remaining in the queue.
2019-11-05 08:24:34,414 [ForkJoinPool.commonPool-worker-0] INFO  segmented.SegmentedRaftLogWorker (SegmentedRaftLogWorker.java:close(224)) - 4a682f4f-c3f2-4b77-88b7-f0ab78890feb@group-0DB8C7688BF9-SegmentedRaftLogWorker close()
2019-11-05 08:24:34,415 [ForkJoinPool.commonPool-worker-0] INFO  server.GrpcService (GrpcService.java:closeImpl(164)) - 4a682f4f-c3f2-4b77-88b7-f0ab78890feb: shutdown server with port 34174 now
2019-11-05 08:24:34,416 [ForkJoinPool.commonPool-worker-0] INFO  server.GrpcService (GrpcService.java:closeImpl(172)) - 4a682f4f-c3f2-4b77-88b7-f0ab78890feb: shutdown server with port 34174 successfully
2019-11-05 08:24:34,422 [refreshUsed-/workdir/hadoop-ozone/integration-test/target/test-dir/MiniOzoneClusterImpl-0ddfd79e-5774-4abb-9b8b-55ac0c17dbc1/datanode-1/data/containers] WARN  fs.CachingGetSpaceUsed (CachingGetSpaceUsed.java:run(183)) - Thread Interrupted waiting to refresh disk information: sleep interrupted
2019-11-05 08:24:34,438 [main] INFO  ozoneimpl.OzoneContainer (OzoneContainer.java:stop(227)) - Attempting to stop container services.
2019-11-05 08:24:34,439 [main] INFO  impl.RaftServerProxy (RaftServerProxy.java:lambda$close$4(314)) - 6189f8a4-91dd-451f-abcb-72b2dcd73465: close
2019-11-05 08:24:34,439 [main] INFO  impl.RaftServerImpl (RaftServerImpl.java:lambda$shutdown$3(261)) - 6189f8a4-91dd-451f-abcb-72b2dcd73465@group-CED1125BED2E: shutdown
2019-11-05 08:24:34,439 [main] INFO  util.JmxRegister (JmxRegister.java:unregister(73)) - Successfully un-registered JMX Bean with object name Ratis:service=RaftServer,group=group-CED1125BED2E,id=6189f8a4-91dd-451f-abcb-72b2dcd73465
2019-11-05 08:24:34,440 [main] INFO  impl.RoleInfo (RoleInfo.java:shutdownLeaderState(104)) - 6189f8a4-91dd-451f-abcb-72b2dcd73465: shutdown LeaderState
2019-11-05 08:24:34,440 [main] INFO  impl.PendingRequests (PendingRequests.java:sendNotLeaderResponses(202)) - 6189f8a4-91dd-451f-abcb-72b2dcd73465@group-CED1125BED2E-PendingRequests: sendNotLeaderResponses
2019-11-05 08:24:34,440 [main] INFO  impl.StateMachineUpdater (StateMachineUpdater.java:stopAndJoin(136)) - 6189f8a4-91dd-451f-abcb-72b2dcd73465@group-CED1125BED2E-StateMachineUpdater: set stopIndex = 0
2019-11-05 08:24:34,441 [main] INFO  impl.RaftServerImpl (ServerState.java:close(388)) - 6189f8a4-91dd-451f-abcb-72b2dcd73465@group-CED1125BED2E: closes. applyIndex: 0
2019-11-05 08:24:34,441 [6189f8a4-91dd-451f-abcb-72b2dcd73465@group-CED1125BED2E-SegmentedRaftLogWorker] INFO  segmented.SegmentedRaftLogWorker (SegmentedRaftLogWorker.java:run(316)) - 6189f8a4-91dd-451f-abcb-72b2dcd73465@group-CED1125BED2E-SegmentedRaftLogWorker was interrupted, exiting. There are 0 tasks remaining in the queue.
2019-11-05 08:24:34,441 [main] INFO  segmented.SegmentedRaftLogWorker (SegmentedRaftLogWorker.java:close(224)) - 6189f8a4-91dd-451f-abcb-72b2dcd73465@group-CED1125BED2E-SegmentedRaftLogWorker close()
2019-11-05 08:24:34,442 [main] INFO  impl.RaftServerImpl (RaftServerImpl.java:lambda$shutdown$3(261)) - 6189f8a4-91dd-451f-abcb-72b2dcd73465@group-9D53872EEF85: shutdown
2019-11-05 08:24:34,442 [main] INFO  util.JmxRegister (JmxRegister.java:unregister(73)) - Successfully un-registered JMX Bean with object name Ratis:service=RaftServer,group=group-9D53872EEF85,id=6189f8a4-91dd-451f-abcb-72b2dcd73465
2019-11-05 08:24:34,442 [main] INFO  impl.RoleInfo (RoleInfo.java:shutdownLeaderState(104)) - 6189f8a4-91dd-451f-abcb-72b2dcd73465: shutdown LeaderState
2019-11-05 08:24:34,444 [ForkJoinPool.commonPool-worker-0] INFO  utils.BackgroundService (BackgroundService.java:shutdown(151)) - Shutting down service BlockDeletingService
2019-11-05 08:24:34,444 [org.apache.ratis.server.impl.LogAppender$AppenderDaemon$$Lambda$488/1415481503@3daff59] WARN  server.GrpcLogAppender (GrpcLogAppender.java:mayWait(149)) - 6189f8a4-91dd-451f-abcb-72b2dcd73465@group-9D53872EEF85->c3e88256-f771-43b4-b3fb-c682fc5ee06f-GrpcLogAppender: Wait interrupted by java.lang.InterruptedException
2019-11-05 08:24:34,444 [org.apache.ratis.server.impl.LogAppender$AppenderDaemon$$Lambda$488/1415481503@525c61ee] WARN  server.GrpcLogAppender (GrpcLogAppender.java:mayWait(149)) - 6189f8a4-91dd-451f-abcb-72b2dcd73465@group-9D53872EEF85->fe5257f1-588f-41af-bf70-1c04126c8968-GrpcLogAppender: Wait interrupted by java.lang.InterruptedException
2019-11-05 08:24:34,444 [main] INFO  impl.PendingRequests (PendingRequests.java:sendNotLeaderResponses(202)) - 6189f8a4-91dd-451f-abcb-72b2dcd73465@group-9D53872EEF85-PendingRequests: sendNotLeaderResponses
2019-11-05 08:24:34,448 [ForkJoinPool.commonPool-worker-0] INFO  statemachine.DatanodeStateMachine (DatanodeStateMachine.java:stopDaemon(395)) - Ozone container server stopped.
2019-11-05 08:24:34,448 [main] INFO  impl.StateMachineUpdater (StateMachineUpdater.java:stopAndJoin(136)) - 6189f8a4-91dd-451f-abcb-72b2dcd73465@group-9D53872EEF85-StateMachineUpdater: set stopIndex = 20
2019-11-05 08:24:34,448 [6189f8a4-91dd-451f-abcb-72b2dcd73465@group-9D53872EEF85-StateMachineUpdater] INFO  ratis.ContainerStateMachine (ContainerStateMachine.java:takeSnapshot(294)) - group-9D53872EEF85: Taking a snapshot at:(t:4, i:20) file /workdir/hadoop-ozone/integration-test/target/test-dir/MiniOzoneClusterImpl-0ddfd79e-5774-4abb-9b8b-55ac0c17dbc1/datanode-7/data/ratis/f7f0e17c-da69-4896-85e5-9d53872eef85/sm/snapshot.4_20
2019-11-05 08:24:34,453 [ForkJoinPool.commonPool-worker-0] INFO  handler.ContextHandler (ContextHandler.java:doStop(910)) - Stopped o.e.j.w.WebAppContext@508a65bf{/,null,UNAVAILABLE}{/hddsDatanode}
2019-11-05 08:24:34,454 [ForkJoinPool.commonPool-worker-0] INFO  server.AbstractConnector (AbstractConnector.java:doStop(318)) - Stopped ServerConnector@17f2dd85{HTTP/1.1,[http/1.1]}{0.0.0.0:0}
2019-11-05 08:24:34,456 [ForkJoinPool.commonPool-worker-0] INFO  handler.ContextHandler (ContextHandler.java:doStop(910)) - Stopped o.e.j.s.ServletContextHandler@6a094db2{/static,jar:file:/home/user/.m2/repository/org/apache/hadoop/hadoop-hdds-container-service/0.5.0-SNAPSHOT/hadoop-hdds-container-service-0.5.0-SNAPSHOT.jar!/webapps/static,UNAVAILABLE}
2019-11-05 08:24:34,457 [ForkJoinPool.commonPool-worker-0] INFO  handler.ContextHandler (ContextHandler.java:doStop(910)) - Stopped o.e.j.s.ServletContextHandler@277bf091{/logs,file:///workdir/hadoop-ozone/integration-test/target/log,UNAVAILABLE}
2019-11-05 08:24:34,465 [6189f8a4-91dd-451f-abcb-72b2dcd73465@group-9D53872EEF85-StateMachineUpdater] INFO  ratis.ContainerStateMachine (ContainerStateMachine.java:takeSnapshot(305)) - group-9D53872EEF85: Finished taking a snapshot at:(t:4, i:20) file:/workdir/hadoop-ozone/integration-test/target/test-dir/MiniOzoneClusterImpl-0ddfd79e-5774-4abb-9b8b-55ac0c17dbc1/datanode-7/data/ratis/f7f0e17c-da69-4896-85e5-9d53872eef85/sm/snapshot.4_20 time:17
2019-11-05 08:24:34,465 [6189f8a4-91dd-451f-abcb-72b2dcd73465@group-9D53872EEF85-StateMachineUpdater] INFO  impl.StateMachineUpdater (StateMachineUpdater.java:takeSnapshot(269)) - 6189f8a4-91dd-451f-abcb-72b2dcd73465@group-9D53872EEF85-StateMachineUpdater: Took a snapshot at index 20
2019-11-05 08:24:34,465 [6189f8a4-91dd-451f-abcb-72b2dcd73465@group-9D53872EEF85-StateMachineUpdater] INFO  impl.StateMachineUpdater (StateMachineUpdater.java:lambda$new$0(84)) - 6189f8a4-91dd-451f-abcb-72b2dcd73465@group-9D53872EEF85-StateMachineUpdater: snapshotIndex: updateIncreasingly -1 -> 20
2019-11-05 08:24:34,465 [main] INFO  impl.RaftServerImpl (ServerState.java:close(388)) - 6189f8a4-91dd-451f-abcb-72b2dcd73465@group-9D53872EEF85: closes. applyIndex: 20
2019-11-05 08:24:34,466 [6189f8a4-91dd-451f-abcb-72b2dcd73465@group-9D53872EEF85-SegmentedRaftLogWorker] INFO  segmented.SegmentedRaftLogWorker (SegmentedRaftLogWorker.java:run(316)) - 6189f8a4-91dd-451f-abcb-72b2dcd73465@group-9D53872EEF85-SegmentedRaftLogWorker was interrupted, exiting. There are 0 tasks remaining in the queue.
2019-11-05 08:24:34,466 [main] INFO  segmented.SegmentedRaftLogWorker (SegmentedRaftLogWorker.java:close(224)) - 6189f8a4-91dd-451f-abcb-72b2dcd73465@group-9D53872EEF85-SegmentedRaftLogWorker close()
2019-11-05 08:24:34,467 [main] INFO  server.GrpcService (GrpcService.java:closeImpl(164)) - 6189f8a4-91dd-451f-abcb-72b2dcd73465: shutdown server with port 36585 now
2019-11-05 08:24:34,468 [main] INFO  server.GrpcService (GrpcService.java:closeImpl(172)) - 6189f8a4-91dd-451f-abcb-72b2dcd73465: shutdown server with port 36585 successfully
2019-11-05 08:24:34,470 [grpc-default-executor-3] WARN  client.GrpcClientProtocolService (LogUtils.java:warn(134)) - 1-UnorderedRequestStreamObserver1: onError: org.apache.ratis.thirdparty.io.grpc.StatusRuntimeException: CANCELLED: cancelled before receiving half close
2019-11-05 08:24:34,470 [refreshUsed-/workdir/hadoop-ozone/integration-test/target/test-dir/MiniOzoneClusterImpl-0ddfd79e-5774-4abb-9b8b-55ac0c17dbc1/datanode-7/data/containers] WARN  fs.CachingGetSpaceUsed (CachingGetSpaceUsed.java:run(183)) - Thread Interrupted waiting to refresh disk information: sleep interrupted
2019-11-05 08:24:34,482 [main] INFO  utils.BackgroundService (BackgroundService.java:shutdown(151)) - Shutting down service BlockDeletingService
2019-11-05 08:24:34,486 [main] INFO  statemachine.DatanodeStateMachine (DatanodeStateMachine.java:stopDaemon(395)) - Ozone container server stopped.
2019-11-05 08:24:34,486 [main] INFO  handler.ContextHandler (ContextHandler.java:doStop(910)) - Stopped o.e.j.w.WebAppContext@100c8b75{/,null,UNAVAILABLE}{/hddsDatanode}
2019-11-05 08:24:34,487 [main] INFO  server.AbstractConnector (AbstractConnector.java:doStop(318)) - Stopped ServerConnector@2bc378f7{HTTP/1.1,[http/1.1]}{0.0.0.0:0}
2019-11-05 08:24:34,487 [main] INFO  handler.ContextHandler (ContextHandler.java:doStop(910)) - Stopped o.e.j.s.ServletContextHandler@31ddb930{/static,jar:file:/home/user/.m2/repository/org/apache/hadoop/hadoop-hdds-container-service/0.5.0-SNAPSHOT/hadoop-hdds-container-service-0.5.0-SNAPSHOT.jar!/webapps/static,UNAVAILABLE}
2019-11-05 08:24:34,487 [main] INFO  handler.ContextHandler (ContextHandler.java:doStop(910)) - Stopped o.e.j.s.ServletContextHandler@7e53339{/logs,file:///workdir/hadoop-ozone/integration-test/target/log,UNAVAILABLE}
2019-11-05 08:24:34,488 [main] INFO  ozone.MiniOzoneClusterImpl (MiniOzoneClusterImpl.java:stopSCM(392)) - Stopping the StorageContainerManager
2019-11-05 08:24:34,489 [main] INFO  server.StorageContainerManager (StorageContainerManager.java:stop(810)) - Stopping Replication Manager Service.
2019-11-05 08:24:34,489 [main] INFO  container.ReplicationManager (ReplicationManager.java:stop(203)) - Stopping Replication Monitor Thread.
2019-11-05 08:24:34,489 [main] INFO  server.StorageContainerManager (StorageContainerManager.java:stop(817)) - Stopping Lease Manager of the command watchers
2019-11-05 08:24:34,489 [main] INFO  server.StorageContainerManager (StorageContainerManager.java:stop(824)) - Stopping datanode service RPC server
2019-11-05 08:24:34,489 [main] INFO  server.SCMDatanodeProtocolServer (SCMDatanodeProtocolServer.java:stop(346)) - Stopping the RPC server for DataNodes
2019-11-05 08:24:34,489 [main] INFO  ipc.Server (Server.java:stop(3082)) - Stopping server on 33184
2019-11-05 08:24:34,491 [IPC Server listener on 33184] INFO  ipc.Server (Server.java:run(1185)) - Stopping IPC Server listener on 33184
2019-11-05 08:24:34,491 [IPC Server Responder] INFO  ipc.Server (Server.java:run(1319)) - Stopping IPC Server Responder
2019-11-05 08:24:34,586 [SCM Heartbeat Processing Thread - 0] WARN  node.NodeStateManager (NodeStateManager.java:scheduleNextHealthCheck(646)) - Current Thread is interrupted, shutting down HB processing thread for Node Manager.
2019-11-05 08:24:34,586 [main] INFO  server.StorageContainerManager (StorageContainerManager.java:stop(832)) - Stopping block service RPC server
2019-11-05 08:24:34,586 [main] INFO  server.SCMBlockProtocolServer (SCMBlockProtocolServer.java:stop(155)) - Stopping the RPC server for Block Protocol
2019-11-05 08:24:34,587 [main] INFO  ipc.Server (Server.java:stop(3082)) - Stopping server on 46608
2019-11-05 08:24:34,587 [IPC Server listener on 46608] INFO  ipc.Server (Server.java:run(1185)) - Stopping IPC Server listener on 46608
2019-11-05 08:24:34,588 [main] INFO  server.StorageContainerManager (StorageContainerManager.java:stop(839)) - Stopping the StorageContainerLocationProtocol RPC server
2019-11-05 08:24:34,588 [IPC Server Responder] INFO  ipc.Server (Server.java:run(1319)) - Stopping IPC Server Responder
2019-11-05 08:24:34,589 [main] INFO  server.SCMClientProtocolServer (SCMClientProtocolServer.java:stop(168)) - Stopping the RPC server for Client Protocol
2019-11-05 08:24:34,589 [main] INFO  ipc.Server (Server.java:stop(3082)) - Stopping server on 45059
2019-11-05 08:24:34,590 [IPC Server listener on 45059] INFO  ipc.Server (Server.java:run(1185)) - Stopping IPC Server listener on 45059
2019-11-05 08:24:34,590 [main] INFO  server.StorageContainerManager (StorageContainerManager.java:stop(846)) - Stopping Storage Container Manager HTTP server.
2019-11-05 08:24:34,590 [IPC Server Responder] INFO  ipc.Server (Server.java:run(1319)) - Stopping IPC Server Responder
2019-11-05 08:24:34,591 [main] INFO  handler.ContextHandler (ContextHandler.java:doStop(910)) - Stopped o.e.j.w.WebAppContext@410954b{/,null,UNAVAILABLE}{/scm}
2019-11-05 08:24:34,592 [main] INFO  server.AbstractConnector (AbstractConnector.java:doStop(318)) - Stopped ServerConnector@5f7f2382{HTTP/1.1,[http/1.1]}{0.0.0.0:0}
2019-11-05 08:24:34,592 [main] INFO  handler.ContextHandler (ContextHandler.java:doStop(910)) - Stopped o.e.j.s.ServletContextHandler@340da44c{/static,file:///workdir/hadoop-ozone/integration-test/target/test-classes/webapps/static,UNAVAILABLE}
2019-11-05 08:24:34,593 [main] INFO  handler.ContextHandler (ContextHandler.java:doStop(910)) - Stopped o.e.j.s.ServletContextHandler@180da663{/logs,file:///workdir/hadoop-ozone/integration-test/target/log,UNAVAILABLE}
2019-11-05 08:24:34,594 [main] INFO  server.StorageContainerManager (StorageContainerManager.java:stop(857)) - Stopping Block Manager Service.
2019-11-05 08:24:34,594 [main] INFO  utils.BackgroundService (BackgroundService.java:shutdown(151)) - Shutting down service SCMBlockDeletingService
2019-11-05 08:24:34,594 [main] INFO  utils.BackgroundService (BackgroundService.java:shutdown(151)) - Shutting down service SCMBlockDeletingService
2019-11-05 08:24:34,595 [main] INFO  server.StorageContainerManager (StorageContainerManager.java:stop(879)) - Stopping SCM Event Queue.
2019-11-05 08:24:34,602 [main] INFO  impl.MetricsSystemImpl (MetricsSystemImpl.java:stop(210)) - Stopping XceiverClientMetrics metrics system...
2019-11-05 08:24:34,614 [prometheus] INFO  impl.MetricsSinkAdapter (MetricsSinkAdapter.java:publishMetricsFromQueue(141)) - prometheus thread interrupted.
2019-11-05 08:24:34,614 [main] INFO  impl.MetricsSystemImpl (MetricsSystemImpl.java:stop(216)) - XceiverClientMetrics metrics system stopped.
]]></system-out>
    <system-err><![CDATA[ERROR StatusLogger No Log4j 2 configuration file found. Using default configuration (logging only errors to the console), or user programmatically provided configurations. Set system property 'log4j2.debug' to show Log4j 2 internal initialization logging. See https://logging.apache.org/log4j/2.x/manual/configuration.html for instructions on how to configure Log4j 2
Nov 05, 2019 8:24:14 AM org.apache.ratis.thirdparty.io.grpc.internal.SerializingExecutor run
SEVERE: Exception while executing runnable org.apache.ratis.thirdparty.io.grpc.internal.ServerImpl$JumpToApplicationThreadServerStreamListener$1Closed@12fea153
org.apache.ratis.thirdparty.io.grpc.StatusRuntimeException: CANCELLED: call already cancelled
	at org.apache.ratis.thirdparty.io.grpc.Status.asRuntimeException(Status.java:517)
	at org.apache.ratis.thirdparty.io.grpc.stub.ServerCalls$ServerCallStreamObserverImpl.onCompleted(ServerCalls.java:356)
	at org.apache.ratis.grpc.server.GrpcServerProtocolService$ServerRequestStreamObserver.onError(GrpcServerProtocolService.java:121)
	at org.apache.ratis.thirdparty.io.grpc.stub.ServerCalls$StreamingServerCallHandler$StreamingServerCallListener.onCancel(ServerCalls.java:269)
	at org.apache.ratis.thirdparty.io.grpc.internal.ServerCallImpl$ServerStreamListenerImpl.closed(ServerCallImpl.java:293)
	at org.apache.ratis.thirdparty.io.grpc.internal.ServerImpl$JumpToApplicationThreadServerStreamListener$1Closed.runInContext(ServerImpl.java:741)
	at org.apache.ratis.thirdparty.io.grpc.internal.ContextRunnable.run(ContextRunnable.java:37)
	at org.apache.ratis.thirdparty.io.grpc.internal.SerializingExecutor.run(SerializingExecutor.java:123)
	at java.util.concurrent.ThreadPoolExecutor.runWorker(ThreadPoolExecutor.java:1149)
	at java.util.concurrent.ThreadPoolExecutor$Worker.run(ThreadPoolExecutor.java:624)
	at java.lang.Thread.run(Thread.java:748)

Nov 05, 2019 8:24:14 AM org.apache.ratis.thirdparty.io.grpc.internal.SerializingExecutor run
SEVERE: Exception while executing runnable org.apache.ratis.thirdparty.io.grpc.internal.ClientCallImpl$ClientStreamListenerImpl$1StreamClosed@70ec5a54
java.lang.NullPointerException
	at org.apache.ratis.grpc.server.GrpcLogAppender$AppendLogResponseHandler.onError(GrpcLogAppender.java:303)
	at org.apache.ratis.thirdparty.io.grpc.stub.ClientCalls$StreamObserverToCallListenerAdapter.onClose(ClientCalls.java:434)
	at org.apache.ratis.thirdparty.io.grpc.PartialForwardingClientCallListener.onClose(PartialForwardingClientCallListener.java:39)
	at org.apache.ratis.thirdparty.io.grpc.ForwardingClientCallListener.onClose(ForwardingClientCallListener.java:23)
	at org.apache.ratis.thirdparty.io.grpc.ForwardingClientCallListener$SimpleForwardingClientCallListener.onClose(ForwardingClientCallListener.java:40)
	at org.apache.ratis.thirdparty.io.grpc.internal.CensusStatsModule$StatsClientInterceptor$1$1.onClose(CensusStatsModule.java:678)
	at org.apache.ratis.thirdparty.io.grpc.PartialForwardingClientCallListener.onClose(PartialForwardingClientCallListener.java:39)
	at org.apache.ratis.thirdparty.io.grpc.ForwardingClientCallListener.onClose(ForwardingClientCallListener.java:23)
	at org.apache.ratis.thirdparty.io.grpc.ForwardingClientCallListener$SimpleForwardingClientCallListener.onClose(ForwardingClientCallListener.java:40)
	at org.apache.ratis.thirdparty.io.grpc.internal.CensusTracingModule$TracingClientInterceptor$1$1.onClose(CensusTracingModule.java:397)
	at org.apache.ratis.thirdparty.io.grpc.internal.ClientCallImpl.closeObserver(ClientCallImpl.java:459)
	at org.apache.ratis.thirdparty.io.grpc.internal.ClientCallImpl.access$300(ClientCallImpl.java:63)
	at org.apache.ratis.thirdparty.io.grpc.internal.ClientCallImpl$ClientStreamListenerImpl.close(ClientCallImpl.java:546)
	at org.apache.ratis.thirdparty.io.grpc.internal.ClientCallImpl$ClientStreamListenerImpl.access$600(ClientCallImpl.java:467)
	at org.apache.ratis.thirdparty.io.grpc.internal.ClientCallImpl$ClientStreamListenerImpl$1StreamClosed.runInContext(ClientCallImpl.java:584)
	at org.apache.ratis.thirdparty.io.grpc.internal.ContextRunnable.run(ContextRunnable.java:37)
	at org.apache.ratis.thirdparty.io.grpc.internal.SerializingExecutor.run(SerializingExecutor.java:123)
	at java.util.concurrent.ThreadPoolExecutor.runWorker(ThreadPoolExecutor.java:1149)
	at java.util.concurrent.ThreadPoolExecutor$Worker.run(ThreadPoolExecutor.java:624)
	at java.lang.Thread.run(Thread.java:748)

Nov 05, 2019 8:24:24 AM org.apache.ratis.thirdparty.io.grpc.internal.SerializingExecutor run
SEVERE: Exception while executing runnable org.apache.ratis.thirdparty.io.grpc.internal.ServerImpl$JumpToApplicationThreadServerStreamListener$1Closed@74be576a
org.apache.ratis.thirdparty.io.grpc.StatusRuntimeException: CANCELLED: call already cancelled
	at org.apache.ratis.thirdparty.io.grpc.Status.asRuntimeException(Status.java:517)
	at org.apache.ratis.thirdparty.io.grpc.stub.ServerCalls$ServerCallStreamObserverImpl.onCompleted(ServerCalls.java:356)
	at org.apache.ratis.grpc.server.GrpcServerProtocolService$ServerRequestStreamObserver.onError(GrpcServerProtocolService.java:121)
	at org.apache.ratis.thirdparty.io.grpc.stub.ServerCalls$StreamingServerCallHandler$StreamingServerCallListener.onCancel(ServerCalls.java:269)
	at org.apache.ratis.thirdparty.io.grpc.internal.ServerCallImpl$ServerStreamListenerImpl.closed(ServerCallImpl.java:293)
	at org.apache.ratis.thirdparty.io.grpc.internal.ServerImpl$JumpToApplicationThreadServerStreamListener$1Closed.runInContext(ServerImpl.java:741)
	at org.apache.ratis.thirdparty.io.grpc.internal.ContextRunnable.run(ContextRunnable.java:37)
	at org.apache.ratis.thirdparty.io.grpc.internal.SerializingExecutor.run(SerializingExecutor.java:123)
	at java.util.concurrent.ThreadPoolExecutor.runWorker(ThreadPoolExecutor.java:1149)
	at java.util.concurrent.ThreadPoolExecutor$Worker.run(ThreadPoolExecutor.java:624)
	at java.lang.Thread.run(Thread.java:748)

Nov 05, 2019 8:24:24 AM org.apache.ratis.thirdparty.io.grpc.internal.SerializingExecutor run
SEVERE: Exception while executing runnable org.apache.ratis.thirdparty.io.grpc.internal.ClientCallImpl$ClientStreamListenerImpl$1StreamClosed@546c3a2d
java.lang.NullPointerException
	at org.apache.ratis.grpc.server.GrpcLogAppender$AppendLogResponseHandler.onError(GrpcLogAppender.java:303)
	at org.apache.ratis.thirdparty.io.grpc.stub.ClientCalls$StreamObserverToCallListenerAdapter.onClose(ClientCalls.java:434)
	at org.apache.ratis.thirdparty.io.grpc.PartialForwardingClientCallListener.onClose(PartialForwardingClientCallListener.java:39)
	at org.apache.ratis.thirdparty.io.grpc.ForwardingClientCallListener.onClose(ForwardingClientCallListener.java:23)
	at org.apache.ratis.thirdparty.io.grpc.ForwardingClientCallListener$SimpleForwardingClientCallListener.onClose(ForwardingClientCallListener.java:40)
	at org.apache.ratis.thirdparty.io.grpc.internal.CensusStatsModule$StatsClientInterceptor$1$1.onClose(CensusStatsModule.java:678)
	at org.apache.ratis.thirdparty.io.grpc.PartialForwardingClientCallListener.onClose(PartialForwardingClientCallListener.java:39)
	at org.apache.ratis.thirdparty.io.grpc.ForwardingClientCallListener.onClose(ForwardingClientCallListener.java:23)
	at org.apache.ratis.thirdparty.io.grpc.ForwardingClientCallListener$SimpleForwardingClientCallListener.onClose(ForwardingClientCallListener.java:40)
	at org.apache.ratis.thirdparty.io.grpc.internal.CensusTracingModule$TracingClientInterceptor$1$1.onClose(CensusTracingModule.java:397)
	at org.apache.ratis.thirdparty.io.grpc.internal.ClientCallImpl.closeObserver(ClientCallImpl.java:459)
	at org.apache.ratis.thirdparty.io.grpc.internal.ClientCallImpl.access$300(ClientCallImpl.java:63)
	at org.apache.ratis.thirdparty.io.grpc.internal.ClientCallImpl$ClientStreamListenerImpl.close(ClientCallImpl.java:546)
	at org.apache.ratis.thirdparty.io.grpc.internal.ClientCallImpl$ClientStreamListenerImpl.access$600(ClientCallImpl.java:467)
	at org.apache.ratis.thirdparty.io.grpc.internal.ClientCallImpl$ClientStreamListenerImpl$1StreamClosed.runInContext(ClientCallImpl.java:584)
	at org.apache.ratis.thirdparty.io.grpc.internal.ContextRunnable.run(ContextRunnable.java:37)
	at org.apache.ratis.thirdparty.io.grpc.internal.SerializingExecutor.run(SerializingExecutor.java:123)
	at java.util.concurrent.ThreadPoolExecutor.runWorker(ThreadPoolExecutor.java:1149)
	at java.util.concurrent.ThreadPoolExecutor$Worker.run(ThreadPoolExecutor.java:624)
	at java.lang.Thread.run(Thread.java:748)

]]></system-err>
  </testcase>
  <testcase name="testMultiBlockWritesWithDnFailures" classname="org.apache.hadoop.ozone.client.rpc.TestMultiBlockWritesWithDnFailures" time="53.804"/>
</testsuite>