<?xml version="1.0" encoding="UTF-8"?>
<testsuite xmlns:xsi="http://www.w3.org/2001/XMLSchema-instance" xsi:noNamespaceSchemaLocation="https://maven.apache.org/surefire/maven-surefire-plugin/xsd/surefire-test-report.xsd" name="org.apache.hadoop.ozone.freon.TestFreonWithPipelineDestroy" time="53.157" tests="1" errors="1" skipped="0" failures="0">
  <properties>
    <property name="awt.toolkit" value="sun.awt.X11.XToolkit"/>
    <property name="file.encoding.pkg" value="sun.io"/>
    <property name="java.specification.version" value="1.8"/>
    <property name="sun.cpu.isalist" value=""/>
    <property name="sun.jnu.encoding" value="ANSI_X3.4-1968"/>
    <property name="java.class.path" value="/workdir/hadoop-ozone/tools/target/test-classes:/workdir/hadoop-ozone/tools/target/classes:/home/user/.m2/repository/org/apache/hadoop/hadoop-ozone-ozone-manager/0.5.0-SNAPSHOT/hadoop-ozone-ozone-manager-0.5.0-SNAPSHOT.jar:/home/user/.m2/repository/org/apache/hadoop/hadoop-hdds-docs/0.5.0-SNAPSHOT/hadoop-hdds-docs-0.5.0-SNAPSHOT.jar:/home/user/.m2/repository/org/bouncycastle/bcprov-jdk15on/1.60/bcprov-jdk15on-1.60.jar:/home/user/.m2/repository/org/apache/hadoop/hadoop-ozone-common/0.5.0-SNAPSHOT/hadoop-ozone-common-0.5.0-SNAPSHOT.jar:/home/user/.m2/repository/org/apache/commons/commons-compress/1.4.1/commons-compress-1.4.1.jar:/home/user/.m2/repository/org/tukaani/xz/1.0/xz-1.0.jar:/home/user/.m2/repository/org/apache/hadoop/hadoop-hdfs-client/3.2.0/hadoop-hdfs-client-3.2.0.jar:/home/user/.m2/repository/com/fasterxml/jackson/core/jackson-annotations/2.9.9/jackson-annotations-2.9.9.jar:/home/user/.m2/repository/org/apache/hadoop/hadoop-hdds-common/0.5.0-SNAPSHOT/hadoop-hdds-common-0.5.0-SNAPSHOT.jar:/home/user/.m2/repository/org/apache/hadoop/hadoop-hdds-config/0.5.0-SNAPSHOT/hadoop-hdds-config-0.5.0-SNAPSHOT.jar:/home/user/.m2/repository/javax/annotation/javax.annotation-api/1.2/javax.annotation-api-1.2.jar:/home/user/.m2/repository/org/apache/ratis/ratis-server/0.5.0-d6d58d0-SNAPSHOT/ratis-server-0.5.0-d6d58d0-SNAPSHOT.jar:/home/user/.m2/repository/org/apache/ratis/ratis-thirdparty-misc/0.2.0/ratis-thirdparty-misc-0.2.0.jar:/home/user/.m2/repository/org/apache/ratis/ratis-proto/0.5.0-d6d58d0-SNAPSHOT/ratis-proto-0.5.0-d6d58d0-SNAPSHOT.jar:/home/user/.m2/repository/org/apache/ratis/ratis-common/0.5.0-d6d58d0-SNAPSHOT/ratis-common-0.5.0-d6d58d0-SNAPSHOT.jar:/home/user/.m2/repository/org/apache/ratis/ratis-client/0.5.0-d6d58d0-SNAPSHOT/ratis-client-0.5.0-d6d58d0-SNAPSHOT.jar:/home/user/.m2/repository/org/apache/ratis/ratis-metrics/0.5.0-d6d58d0-SNAPSHOT/ratis-metrics-0.5.0-d6d58d0-SNAPSHOT.jar:/home/user/.m2/repository/org/apache/ratis/ratis-netty/0.5.0-d6d58d0-SNAPSHOT/ratis-netty-0.5.0-d6d58d0-SNAPSHOT.jar:/home/user/.m2/repository/org/apache/ratis/ratis-grpc/0.5.0-d6d58d0-SNAPSHOT/ratis-grpc-0.5.0-d6d58d0-SNAPSHOT.jar:/home/user/.m2/repository/org/rocksdb/rocksdbjni/6.0.1/rocksdbjni-6.0.1.jar:/home/user/.m2/repository/org/apache/logging/log4j/log4j-api/2.11.0/log4j-api-2.11.0.jar:/home/user/.m2/repository/org/apache/logging/log4j/log4j-core/2.11.0/log4j-core-2.11.0.jar:/home/user/.m2/repository/com/lmax/disruptor/3.4.2/disruptor-3.4.2.jar:/home/user/.m2/repository/org/apache/commons/commons-pool2/2.6.0/commons-pool2-2.6.0.jar:/home/user/.m2/repository/org/bouncycastle/bcpkix-jdk15on/1.60/bcpkix-jdk15on-1.60.jar:/home/user/.m2/repository/commons-validator/commons-validator/1.6/commons-validator-1.6.jar:/home/user/.m2/repository/commons-digester/commons-digester/1.8.1/commons-digester-1.8.1.jar:/home/user/.m2/repository/io/jaegertracing/jaeger-client/0.34.0/jaeger-client-0.34.0.jar:/home/user/.m2/repository/io/jaegertracing/jaeger-thrift/0.34.0/jaeger-thrift-0.34.0.jar:/home/user/.m2/repository/org/apache/thrift/libthrift/0.12.0/libthrift-0.12.0.jar:/home/user/.m2/repository/com/squareup/okhttp3/okhttp/3.9.0/okhttp-3.9.0.jar:/home/user/.m2/repository/com/squareup/okio/okio/1.13.0/okio-1.13.0.jar:/home/user/.m2/repository/io/jaegertracing/jaeger-core/0.34.0/jaeger-core-0.34.0.jar:/home/user/.m2/repository/io/jaegertracing/jaeger-tracerresolver/0.34.0/jaeger-tracerresolver-0.34.0.jar:/home/user/.m2/repository/io/opentracing/contrib/opentracing-tracerresolver/0.1.5/opentracing-tracerresolver-0.1.5.jar:/home/user/.m2/repository/io/opentracing/opentracing-util/0.31.0/opentracing-util-0.31.0.jar:/home/user/.m2/repository/io/opentracing/opentracing-api/0.31.0/opentracing-api-0.31.0.jar:/home/user/.m2/repository/io/opentracing/opentracing-noop/0.31.0/opentracing-noop-0.31.0.jar:/home/user/.m2/repository/org/yaml/snakeyaml/1.16/snakeyaml-1.16.jar:/home/user/.m2/repository/org/apache/hadoop/hadoop-hdds-container-service/0.5.0-SNAPSHOT/hadoop-hdds-container-service-0.5.0-SNAPSHOT.jar:/home/user/.m2/repository/org/apache/hadoop/hadoop-hdds-client/0.5.0-SNAPSHOT/hadoop-hdds-client-0.5.0-SNAPSHOT.jar:/home/user/.m2/repository/org/apache/hadoop/hadoop-hdds-tools/0.5.0-SNAPSHOT/hadoop-hdds-tools-0.5.0-SNAPSHOT.jar:/home/user/.m2/repository/org/xerial/sqlite-jdbc/3.25.2/sqlite-jdbc-3.25.2.jar:/home/user/.m2/repository/org/apache/hadoop/hadoop-hdds-server-scm/0.5.0-SNAPSHOT/hadoop-hdds-server-scm-0.5.0-SNAPSHOT.jar:/home/user/.m2/repository/org/hamcrest/hamcrest-all/1.3/hamcrest-all-1.3.jar:/home/user/.m2/repository/info/picocli/picocli/3.9.6/picocli-3.9.6.jar:/home/user/.m2/repository/com/google/protobuf/protobuf-java/2.5.0/protobuf-java-2.5.0.jar:/home/user/.m2/repository/com/google/guava/guava/11.0.2/guava-11.0.2.jar:/home/user/.m2/repository/org/apache/hadoop/hadoop-ozone-client/0.5.0-SNAPSHOT/hadoop-ozone-client-0.5.0-SNAPSHOT.jar:/workdir/hadoop-ozone/ozonefs/target/classes:/home/user/.m2/repository/org/apache/httpcomponents/httpclient/4.5.2/httpclient-4.5.2.jar:/home/user/.m2/repository/org/apache/httpcomponents/httpcore/4.4.4/httpcore-4.4.4.jar:/home/user/.m2/repository/org/apache/hadoop/hadoop-hdds-server-framework/0.5.0-SNAPSHOT/hadoop-hdds-server-framework-0.5.0-SNAPSHOT.jar:/home/user/.m2/repository/org/apache/hadoop/hadoop-common/3.2.0/hadoop-common-3.2.0.jar:/home/user/.m2/repository/org/apache/hadoop/hadoop-annotations/3.2.0/hadoop-annotations-3.2.0.jar:/usr/lib/jvm/java-1.8.0-openjdk-1.8.0.222.b10-1.el7_7.x86_64/jre/../lib/tools.jar:/home/user/.m2/repository/commons-cli/commons-cli/1.2/commons-cli-1.2.jar:/home/user/.m2/repository/org/apache/commons/commons-math3/3.1.1/commons-math3-3.1.1.jar:/home/user/.m2/repository/commons-codec/commons-codec/1.11/commons-codec-1.11.jar:/home/user/.m2/repository/commons-io/commons-io/2.5/commons-io-2.5.jar:/home/user/.m2/repository/commons-net/commons-net/3.6/commons-net-3.6.jar:/home/user/.m2/repository/commons-collections/commons-collections/3.2.2/commons-collections-3.2.2.jar:/home/user/.m2/repository/javax/servlet/javax.servlet-api/3.1.0/javax.servlet-api-3.1.0.jar:/home/user/.m2/repository/org/eclipse/jetty/jetty-server/9.3.25.v20180904/jetty-server-9.3.25.v20180904.jar:/home/user/.m2/repository/org/eclipse/jetty/jetty-http/9.3.25.v20180904/jetty-http-9.3.25.v20180904.jar:/home/user/.m2/repository/org/eclipse/jetty/jetty-io/9.3.25.v20180904/jetty-io-9.3.25.v20180904.jar:/home/user/.m2/repository/org/eclipse/jetty/jetty-util/9.3.25.v20180904/jetty-util-9.3.25.v20180904.jar:/home/user/.m2/repository/org/eclipse/jetty/jetty-servlet/9.3.25.v20180904/jetty-servlet-9.3.25.v20180904.jar:/home/user/.m2/repository/org/eclipse/jetty/jetty-security/9.3.25.v20180904/jetty-security-9.3.25.v20180904.jar:/home/user/.m2/repository/org/eclipse/jetty/jetty-webapp/9.3.25.v20180904/jetty-webapp-9.3.25.v20180904.jar:/home/user/.m2/repository/org/eclipse/jetty/jetty-xml/9.3.25.v20180904/jetty-xml-9.3.25.v20180904.jar:/home/user/.m2/repository/javax/servlet/jsp/jsp-api/2.1/jsp-api-2.1.jar:/home/user/.m2/repository/com/sun/jersey/jersey-core/1.19/jersey-core-1.19.jar:/home/user/.m2/repository/javax/ws/rs/jsr311-api/1.1.1/jsr311-api-1.1.1.jar:/home/user/.m2/repository/com/sun/jersey/jersey-servlet/1.19/jersey-servlet-1.19.jar:/home/user/.m2/repository/com/sun/jersey/jersey-json/1.19/jersey-json-1.19.jar:/home/user/.m2/repository/org/codehaus/jettison/jettison/1.1/jettison-1.1.jar:/home/user/.m2/repository/com/sun/xml/bind/jaxb-impl/2.3.0.1/jaxb-impl-2.3.0.1.jar:/home/user/.m2/repository/org/codehaus/jackson/jackson-core-asl/1.9.13/jackson-core-asl-1.9.13.jar:/home/user/.m2/repository/org/codehaus/jackson/jackson-mapper-asl/1.9.13/jackson-mapper-asl-1.9.13.jar:/home/user/.m2/repository/org/codehaus/jackson/jackson-jaxrs/1.9.13/jackson-jaxrs-1.9.13.jar:/home/user/.m2/repository/org/codehaus/jackson/jackson-xc/1.9.13/jackson-xc-1.9.13.jar:/home/user/.m2/repository/com/sun/jersey/jersey-server/1.19/jersey-server-1.19.jar:/home/user/.m2/repository/commons-logging/commons-logging/1.1.3/commons-logging-1.1.3.jar:/home/user/.m2/repository/log4j/log4j/1.2.17/log4j-1.2.17.jar:/home/user/.m2/repository/commons-beanutils/commons-beanutils/1.9.4/commons-beanutils-1.9.4.jar:/home/user/.m2/repository/org/apache/commons/commons-configuration2/2.1.1/commons-configuration2-2.1.1.jar:/home/user/.m2/repository/org/apache/commons/commons-lang3/3.7/commons-lang3-3.7.jar:/home/user/.m2/repository/org/apache/commons/commons-text/1.4/commons-text-1.4.jar:/home/user/.m2/repository/org/slf4j/slf4j-api/1.7.25/slf4j-api-1.7.25.jar:/home/user/.m2/repository/org/slf4j/slf4j-log4j12/1.7.25/slf4j-log4j12-1.7.25.jar:/home/user/.m2/repository/org/apache/avro/avro/1.7.7/avro-1.7.7.jar:/home/user/.m2/repository/com/thoughtworks/paranamer/paranamer/2.3/paranamer-2.3.jar:/home/user/.m2/repository/org/xerial/snappy/snappy-java/1.0.5/snappy-java-1.0.5.jar:/home/user/.m2/repository/com/google/re2j/re2j/1.1/re2j-1.1.jar:/home/user/.m2/repository/com/google/code/gson/gson/2.2.4/gson-2.2.4.jar:/home/user/.m2/repository/org/apache/hadoop/hadoop-auth/3.2.0/hadoop-auth-3.2.0.jar:/home/user/.m2/repository/com/nimbusds/nimbus-jose-jwt/4.41.1/nimbus-jose-jwt-4.41.1.jar:/home/user/.m2/repository/com/github/stephenc/jcip/jcip-annotations/1.0-1/jcip-annotations-1.0-1.jar:/home/user/.m2/repository/net/minidev/json-smart/2.3/json-smart-2.3.jar:/home/user/.m2/repository/net/minidev/accessors-smart/1.2/accessors-smart-1.2.jar:/home/user/.m2/repository/org/apache/curator/curator-framework/2.12.0/curator-framework-2.12.0.jar:/home/user/.m2/repository/com/jcraft/jsch/0.1.54/jsch-0.1.54.jar:/home/user/.m2/repository/org/apache/curator/curator-client/2.12.0/curator-client-2.12.0.jar:/home/user/.m2/repository/org/apache/curator/curator-recipes/2.12.0/curator-recipes-2.12.0.jar:/home/user/.m2/repository/com/google/code/findbugs/jsr305/3.0.0/jsr305-3.0.0.jar:/home/user/.m2/repository/org/apache/htrace/htrace-core4/4.1.0-incubating/htrace-core4-4.1.0-incubating.jar:/home/user/.m2/repository/org/apache/zookeeper/zookeeper/3.4.13/zookeeper-3.4.13.jar:/home/user/.m2/repository/jline/jline/0.9.94/jline-0.9.94.jar:/home/user/.m2/repository/org/apache/yetus/audience-annotations/0.5.0/audience-annotations-0.5.0.jar:/home/user/.m2/repository/org/apache/kerby/kerb-simplekdc/1.0.1/kerb-simplekdc-1.0.1.jar:/home/user/.m2/repository/org/apache/kerby/kerb-client/1.0.1/kerb-client-1.0.1.jar:/home/user/.m2/repository/org/apache/kerby/kerby-config/1.0.1/kerby-config-1.0.1.jar:/home/user/.m2/repository/org/apache/kerby/kerb-core/1.0.1/kerb-core-1.0.1.jar:/home/user/.m2/repository/org/apache/kerby/kerby-pkix/1.0.1/kerby-pkix-1.0.1.jar:/home/user/.m2/repository/org/apache/kerby/kerby-asn1/1.0.1/kerby-asn1-1.0.1.jar:/home/user/.m2/repository/org/apache/kerby/kerby-util/1.0.1/kerby-util-1.0.1.jar:/home/user/.m2/repository/org/apache/kerby/kerb-common/1.0.1/kerb-common-1.0.1.jar:/home/user/.m2/repository/org/apache/kerby/kerb-crypto/1.0.1/kerb-crypto-1.0.1.jar:/home/user/.m2/repository/org/apache/kerby/kerb-util/1.0.1/kerb-util-1.0.1.jar:/home/user/.m2/repository/org/apache/kerby/token-provider/1.0.1/token-provider-1.0.1.jar:/home/user/.m2/repository/org/apache/kerby/kerb-admin/1.0.1/kerb-admin-1.0.1.jar:/home/user/.m2/repository/org/apache/kerby/kerb-server/1.0.1/kerb-server-1.0.1.jar:/home/user/.m2/repository/org/apache/kerby/kerb-identity/1.0.1/kerb-identity-1.0.1.jar:/home/user/.m2/repository/org/apache/kerby/kerby-xdr/1.0.1/kerby-xdr-1.0.1.jar:/home/user/.m2/repository/com/fasterxml/jackson/core/jackson-databind/2.9.9/jackson-databind-2.9.9.jar:/home/user/.m2/repository/com/fasterxml/jackson/core/jackson-core/2.9.9/jackson-core-2.9.9.jar:/home/user/.m2/repository/org/codehaus/woodstox/stax2-api/3.1.4/stax2-api-3.1.4.jar:/home/user/.m2/repository/com/fasterxml/woodstox/woodstox-core/5.0.3/woodstox-core-5.0.3.jar:/home/user/.m2/repository/dnsjava/dnsjava/2.1.7/dnsjava-2.1.7.jar:/home/user/.m2/repository/org/apache/hadoop/hadoop-hdfs/3.2.0/hadoop-hdfs-3.2.0.jar:/home/user/.m2/repository/org/eclipse/jetty/jetty-util-ajax/9.3.25.v20180904/jetty-util-ajax-9.3.25.v20180904.jar:/home/user/.m2/repository/commons-daemon/commons-daemon/1.0.13/commons-daemon-1.0.13.jar:/home/user/.m2/repository/io/netty/netty/3.10.5.Final/netty-3.10.5.Final.jar:/home/user/.m2/repository/io/netty/netty-all/4.0.52.Final/netty-all-4.0.52.Final.jar:/home/user/.m2/repository/org/fusesource/leveldbjni/leveldbjni-all/1.8/leveldbjni-all-1.8.jar:/home/user/.m2/repository/com/sun/xml/bind/jaxb-core/2.3.0.1/jaxb-core-2.3.0.1.jar:/home/user/.m2/repository/javax/xml/bind/jaxb-api/2.3.0/jaxb-api-2.3.0.jar:/home/user/.m2/repository/javax/activation/activation/1.1.1/activation-1.1.1.jar:/home/user/.m2/repository/org/openjdk/jmh/jmh-core/1.19/jmh-core-1.19.jar:/home/user/.m2/repository/net/sf/jopt-simple/jopt-simple/4.6/jopt-simple-4.6.jar:/home/user/.m2/repository/org/openjdk/jmh/jmh-generator-annprocess/1.19/jmh-generator-annprocess-1.19.jar:/home/user/.m2/repository/io/dropwizard/metrics/metrics-core/3.2.4/metrics-core-3.2.4.jar:/home/user/.m2/repository/com/amazonaws/aws-java-sdk-s3/1.11.615/aws-java-sdk-s3-1.11.615.jar:/home/user/.m2/repository/com/amazonaws/aws-java-sdk-kms/1.11.615/aws-java-sdk-kms-1.11.615.jar:/home/user/.m2/repository/com/amazonaws/aws-java-sdk-core/1.11.615/aws-java-sdk-core-1.11.615.jar:/home/user/.m2/repository/software/amazon/ion/ion-java/1.0.2/ion-java-1.0.2.jar:/home/user/.m2/repository/com/fasterxml/jackson/dataformat/jackson-dataformat-cbor/2.9.9/jackson-dataformat-cbor-2.9.9.jar:/home/user/.m2/repository/joda-time/joda-time/2.9.9/joda-time-2.9.9.jar:/home/user/.m2/repository/com/amazonaws/jmespath-java/1.11.615/jmespath-java-1.11.615.jar:/home/user/.m2/repository/com/github/spotbugs/spotbugs/3.1.12/spotbugs-3.1.12.jar:/home/user/.m2/repository/org/ow2/asm/asm/5.0.4/asm-5.0.4.jar:/home/user/.m2/repository/org/ow2/asm/asm-analysis/7.0/asm-analysis-7.0.jar:/home/user/.m2/repository/org/ow2/asm/asm-commons/7.0/asm-commons-7.0.jar:/home/user/.m2/repository/org/ow2/asm/asm-tree/7.0/asm-tree-7.0.jar:/home/user/.m2/repository/org/ow2/asm/asm-util/7.0/asm-util-7.0.jar:/home/user/.m2/repository/org/apache/bcel/bcel/6.3/bcel-6.3.jar:/home/user/.m2/repository/net/jcip/jcip-annotations/1.0/jcip-annotations-1.0.jar:/home/user/.m2/repository/org/dom4j/dom4j/2.1.1/dom4j-2.1.1.jar:/home/user/.m2/repository/jaxen/jaxen/1.1.6/jaxen-1.1.6.jar:/home/user/.m2/repository/commons-lang/commons-lang/2.6/commons-lang-2.6.jar:/home/user/.m2/repository/com/github/spotbugs/spotbugs-annotations/3.1.12/spotbugs-annotations-3.1.12.jar:/home/user/.m2/repository/junit/junit/4.11/junit-4.11.jar:/home/user/.m2/repository/org/hamcrest/hamcrest-core/1.3/hamcrest-core-1.3.jar:/home/user/.m2/repository/org/apache/hadoop/hadoop-common/3.2.0/hadoop-common-3.2.0-tests.jar:/workdir/hadoop-ozone/integration-test/target/test-classes:/home/user/.m2/repository/org/apache/hadoop/hadoop-ozone-s3gateway/0.5.0-SNAPSHOT/hadoop-ozone-s3gateway-0.5.0-SNAPSHOT.jar:/home/user/.m2/repository/org/jboss/weld/servlet/weld-servlet/2.4.7.Final/weld-servlet-2.4.7.Final.jar:/home/user/.m2/repository/org/glassfish/jersey/containers/jersey-container-servlet-core/2.27/jersey-container-servlet-core-2.27.jar:/home/user/.m2/repository/org/glassfish/hk2/external/javax.inject/2.5.0-b42/javax.inject-2.5.0-b42.jar:/home/user/.m2/repository/org/glassfish/jersey/core/jersey-common/2.27/jersey-common-2.27.jar:/home/user/.m2/repository/org/glassfish/hk2/osgi-resource-locator/1.0.1/osgi-resource-locator-1.0.1.jar:/home/user/.m2/repository/javax/ws/rs/javax.ws.rs-api/2.1/javax.ws.rs-api-2.1.jar:/home/user/.m2/repository/org/glassfish/jersey/ext/cdi/jersey-cdi1x/2.27/jersey-cdi1x-2.27.jar:/home/user/.m2/repository/org/glassfish/jersey/inject/jersey-hk2/2.27/jersey-hk2-2.27.jar:/home/user/.m2/repository/org/glassfish/hk2/hk2-locator/2.5.0-b42/hk2-locator-2.5.0-b42.jar:/home/user/.m2/repository/org/javassist/javassist/3.22.0-CR2/javassist-3.22.0-CR2.jar:/home/user/.m2/repository/org/glassfish/hk2/hk2-api/2.5.0/hk2-api-2.5.0.jar:/home/user/.m2/repository/org/glassfish/hk2/external/jakarta.inject/2.5.0/jakarta.inject-2.5.0.jar:/home/user/.m2/repository/org/glassfish/hk2/hk2-utils/2.5.0/hk2-utils-2.5.0.jar:/home/user/.m2/repository/jakarta/annotation/jakarta.annotation-api/1.3.4/jakarta.annotation-api-1.3.4.jar:/home/user/.m2/repository/org/glassfish/hk2/external/aopalliance-repackaged/2.5.0/aopalliance-repackaged-2.5.0.jar:/home/user/.m2/repository/com/fasterxml/jackson/dataformat/jackson-dataformat-xml/2.9.0/jackson-dataformat-xml-2.9.0.jar:/home/user/.m2/repository/com/fasterxml/jackson/module/jackson-module-jaxb-annotations/2.9.9/jackson-module-jaxb-annotations-2.9.9.jar:/home/user/.m2/repository/javax/enterprise/cdi-api/1.2/cdi-api-1.2.jar:/home/user/.m2/repository/javax/el/javax.el-api/3.0.0/javax.el-api-3.0.0.jar:/home/user/.m2/repository/javax/interceptor/javax.interceptor-api/1.2/javax.interceptor-api-1.2.jar:/home/user/.m2/repository/javax/inject/javax.inject/1/javax.inject-1.jar:/home/user/.m2/repository/org/apache/hadoop/hadoop-ozone-csi/0.5.0-SNAPSHOT/hadoop-ozone-csi-0.5.0-SNAPSHOT.jar:/home/user/.m2/repository/com/google/protobuf/protobuf-java-util/3.5.1/protobuf-java-util-3.5.1.jar:/home/user/.m2/repository/io/grpc/grpc-netty/1.17.1/grpc-netty-1.17.1.jar:/home/user/.m2/repository/io/grpc/grpc-core/1.17.1/grpc-core-1.17.1.jar:/home/user/.m2/repository/io/grpc/grpc-context/1.17.1/grpc-context-1.17.1.jar:/home/user/.m2/repository/com/google/errorprone/error_prone_annotations/2.2.0/error_prone_annotations-2.2.0.jar:/home/user/.m2/repository/org/codehaus/mojo/animal-sniffer-annotations/1.17/animal-sniffer-annotations-1.17.jar:/home/user/.m2/repository/io/opencensus/opencensus-api/0.17.0/opencensus-api-0.17.0.jar:/home/user/.m2/repository/io/opencensus/opencensus-contrib-grpc-metrics/0.17.0/opencensus-contrib-grpc-metrics-0.17.0.jar:/home/user/.m2/repository/io/netty/netty-codec-http2/4.1.30.Final/netty-codec-http2-4.1.30.Final.jar:/home/user/.m2/repository/io/netty/netty-codec-http/4.1.30.Final/netty-codec-http-4.1.30.Final.jar:/home/user/.m2/repository/io/netty/netty-codec/4.1.30.Final/netty-codec-4.1.30.Final.jar:/home/user/.m2/repository/io/netty/netty-handler/4.1.30.Final/netty-handler-4.1.30.Final.jar:/home/user/.m2/repository/io/netty/netty-handler-proxy/4.1.30.Final/netty-handler-proxy-4.1.30.Final.jar:/home/user/.m2/repository/io/netty/netty-codec-socks/4.1.30.Final/netty-codec-socks-4.1.30.Final.jar:/home/user/.m2/repository/io/netty/netty-transport-native-epoll/4.1.30.Final/netty-transport-native-epoll-4.1.30.Final.jar:/home/user/.m2/repository/io/netty/netty-common/4.1.30.Final/netty-common-4.1.30.Final.jar:/home/user/.m2/repository/io/netty/netty-buffer/4.1.30.Final/netty-buffer-4.1.30.Final.jar:/home/user/.m2/repository/io/netty/netty-transport/4.1.30.Final/netty-transport-4.1.30.Final.jar:/home/user/.m2/repository/io/netty/netty-resolver/4.1.30.Final/netty-resolver-4.1.30.Final.jar:/home/user/.m2/repository/io/netty/netty-transport-native-unix-common/4.1.30.Final/netty-transport-native-unix-common-4.1.30.Final.jar:/home/user/.m2/repository/io/grpc/grpc-protobuf/1.17.1/grpc-protobuf-1.17.1.jar:/home/user/.m2/repository/com/google/api/grpc/proto-google-common-protos/1.0.0/proto-google-common-protos-1.0.0.jar:/home/user/.m2/repository/io/grpc/grpc-protobuf-lite/1.17.1/grpc-protobuf-lite-1.17.1.jar:/home/user/.m2/repository/io/grpc/grpc-stub/1.17.1/grpc-stub-1.17.1.jar:/home/user/.m2/repository/org/apache/hadoop/hadoop-ozone-recon/0.5.0-SNAPSHOT/hadoop-ozone-recon-0.5.0-SNAPSHOT.jar:/home/user/.m2/repository/org/apache/hadoop/hadoop-ozone-reconcodegen/0.5.0-SNAPSHOT/hadoop-ozone-reconcodegen-0.5.0-SNAPSHOT.jar:/home/user/.m2/repository/com/google/inject/extensions/guice-multibindings/4.0/guice-multibindings-4.0.jar:/home/user/.m2/repository/com/google/inject/guice/4.0/guice-4.0.jar:/home/user/.m2/repository/aopalliance/aopalliance/1.0/aopalliance-1.0.jar:/home/user/.m2/repository/com/google/inject/extensions/guice-servlet/4.0/guice-servlet-4.0.jar:/home/user/.m2/repository/org/glassfish/jersey/containers/jersey-container-servlet/2.27/jersey-container-servlet-2.27.jar:/home/user/.m2/repository/org/glassfish/hk2/guice-bridge/2.5.0/guice-bridge-2.5.0.jar:/home/user/.m2/repository/org/glassfish/jersey/core/jersey-server/2.27/jersey-server-2.27.jar:/home/user/.m2/repository/org/glassfish/jersey/core/jersey-client/2.27/jersey-client-2.27.jar:/home/user/.m2/repository/org/glassfish/jersey/media/jersey-media-jaxb/2.27/jersey-media-jaxb-2.27.jar:/home/user/.m2/repository/javax/validation/validation-api/1.1.0.Final/validation-api-1.1.0.Final.jar:/home/user/.m2/repository/org/glassfish/jersey/media/jersey-media-json-jackson/2.27/jersey-media-json-jackson-2.27.jar:/home/user/.m2/repository/org/glassfish/jersey/ext/jersey-entity-filtering/2.27/jersey-entity-filtering-2.27.jar:/home/user/.m2/repository/com/google/inject/extensions/guice-assistedinject/4.0/guice-assistedinject-4.0.jar:/home/user/.m2/repository/org/jooq/jooq/3.11.10/jooq-3.11.10.jar:/home/user/.m2/repository/org/jooq/jooq-meta/3.11.10/jooq-meta-3.11.10.jar:/home/user/.m2/repository/org/jooq/jooq-codegen/3.11.10/jooq-codegen-3.11.10.jar:/home/user/.m2/repository/com/jolbox/bonecp/0.8.0.RELEASE/bonecp-0.8.0.RELEASE.jar:/home/user/.m2/repository/org/springframework/spring-jdbc/5.1.3.RELEASE/spring-jdbc-5.1.3.RELEASE.jar:/home/user/.m2/repository/org/springframework/spring-beans/5.1.3.RELEASE/spring-beans-5.1.3.RELEASE.jar:/home/user/.m2/repository/org/springframework/spring-core/5.1.3.RELEASE/spring-core-5.1.3.RELEASE.jar:/home/user/.m2/repository/org/springframework/spring-jcl/5.1.3.RELEASE/spring-jcl-5.1.3.RELEASE.jar:/home/user/.m2/repository/org/springframework/spring-tx/5.1.3.RELEASE/spring-tx-5.1.3.RELEASE.jar:/home/user/.m2/repository/org/mockito/mockito-core/2.15.0/mockito-core-2.15.0.jar:/home/user/.m2/repository/net/bytebuddy/byte-buddy/1.7.9/byte-buddy-1.7.9.jar:/home/user/.m2/repository/net/bytebuddy/byte-buddy-agent/1.7.9/byte-buddy-agent-1.7.9.jar:/home/user/.m2/repository/org/objenesis/objenesis/1.0/objenesis-1.0.jar:"/>
    <property name="java.vm.vendor" value="Oracle Corporation"/>
    <property name="sun.arch.data.model" value="64"/>
    <property name="test.build.dir" value="/workdir/hadoop-ozone/tools/target/test-dir"/>
    <property name="test.cache.data" value=""/>
    <property name="java.vendor.url" value="http://java.oracle.com/"/>
    <property name="user.timezone" value=""/>
    <property name="java.vm.specification.version" value="1.8"/>
    <property name="os.name" value="Linux"/>
    <property name="test.build.data" value="/workdir/hadoop-ozone/tools/target/test-dir"/>
    <property name="user.country" value="US"/>
    <property name="sun.java.launcher" value="SUN_STANDARD"/>
    <property name="sun.boot.library.path" value="/usr/lib/jvm/java-1.8.0-openjdk-1.8.0.222.b10-1.el7_7.x86_64/jre/lib/amd64"/>
    <property name="sun.java.command" value="/workdir/hadoop-ozone/tools/target/surefire/surefirebooter3169454080064941430.jar /workdir/hadoop-ozone/tools/target/surefire 2019-11-19T02-03-42_878-jvmRun1 surefire615771916466137719tmp surefire_982421787827827997922tmp"/>
    <property name="surefire.test.class.path" value="/workdir/hadoop-ozone/tools/target/test-classes:/workdir/hadoop-ozone/tools/target/classes:/home/user/.m2/repository/org/apache/hadoop/hadoop-ozone-ozone-manager/0.5.0-SNAPSHOT/hadoop-ozone-ozone-manager-0.5.0-SNAPSHOT.jar:/home/user/.m2/repository/org/apache/hadoop/hadoop-hdds-docs/0.5.0-SNAPSHOT/hadoop-hdds-docs-0.5.0-SNAPSHOT.jar:/home/user/.m2/repository/org/bouncycastle/bcprov-jdk15on/1.60/bcprov-jdk15on-1.60.jar:/home/user/.m2/repository/org/apache/hadoop/hadoop-ozone-common/0.5.0-SNAPSHOT/hadoop-ozone-common-0.5.0-SNAPSHOT.jar:/home/user/.m2/repository/org/apache/commons/commons-compress/1.4.1/commons-compress-1.4.1.jar:/home/user/.m2/repository/org/tukaani/xz/1.0/xz-1.0.jar:/home/user/.m2/repository/org/apache/hadoop/hadoop-hdfs-client/3.2.0/hadoop-hdfs-client-3.2.0.jar:/home/user/.m2/repository/com/fasterxml/jackson/core/jackson-annotations/2.9.9/jackson-annotations-2.9.9.jar:/home/user/.m2/repository/org/apache/hadoop/hadoop-hdds-common/0.5.0-SNAPSHOT/hadoop-hdds-common-0.5.0-SNAPSHOT.jar:/home/user/.m2/repository/org/apache/hadoop/hadoop-hdds-config/0.5.0-SNAPSHOT/hadoop-hdds-config-0.5.0-SNAPSHOT.jar:/home/user/.m2/repository/javax/annotation/javax.annotation-api/1.2/javax.annotation-api-1.2.jar:/home/user/.m2/repository/org/apache/ratis/ratis-server/0.5.0-d6d58d0-SNAPSHOT/ratis-server-0.5.0-d6d58d0-SNAPSHOT.jar:/home/user/.m2/repository/org/apache/ratis/ratis-thirdparty-misc/0.2.0/ratis-thirdparty-misc-0.2.0.jar:/home/user/.m2/repository/org/apache/ratis/ratis-proto/0.5.0-d6d58d0-SNAPSHOT/ratis-proto-0.5.0-d6d58d0-SNAPSHOT.jar:/home/user/.m2/repository/org/apache/ratis/ratis-common/0.5.0-d6d58d0-SNAPSHOT/ratis-common-0.5.0-d6d58d0-SNAPSHOT.jar:/home/user/.m2/repository/org/apache/ratis/ratis-client/0.5.0-d6d58d0-SNAPSHOT/ratis-client-0.5.0-d6d58d0-SNAPSHOT.jar:/home/user/.m2/repository/org/apache/ratis/ratis-metrics/0.5.0-d6d58d0-SNAPSHOT/ratis-metrics-0.5.0-d6d58d0-SNAPSHOT.jar:/home/user/.m2/repository/org/apache/ratis/ratis-netty/0.5.0-d6d58d0-SNAPSHOT/ratis-netty-0.5.0-d6d58d0-SNAPSHOT.jar:/home/user/.m2/repository/org/apache/ratis/ratis-grpc/0.5.0-d6d58d0-SNAPSHOT/ratis-grpc-0.5.0-d6d58d0-SNAPSHOT.jar:/home/user/.m2/repository/org/rocksdb/rocksdbjni/6.0.1/rocksdbjni-6.0.1.jar:/home/user/.m2/repository/org/apache/logging/log4j/log4j-api/2.11.0/log4j-api-2.11.0.jar:/home/user/.m2/repository/org/apache/logging/log4j/log4j-core/2.11.0/log4j-core-2.11.0.jar:/home/user/.m2/repository/com/lmax/disruptor/3.4.2/disruptor-3.4.2.jar:/home/user/.m2/repository/org/apache/commons/commons-pool2/2.6.0/commons-pool2-2.6.0.jar:/home/user/.m2/repository/org/bouncycastle/bcpkix-jdk15on/1.60/bcpkix-jdk15on-1.60.jar:/home/user/.m2/repository/commons-validator/commons-validator/1.6/commons-validator-1.6.jar:/home/user/.m2/repository/commons-digester/commons-digester/1.8.1/commons-digester-1.8.1.jar:/home/user/.m2/repository/io/jaegertracing/jaeger-client/0.34.0/jaeger-client-0.34.0.jar:/home/user/.m2/repository/io/jaegertracing/jaeger-thrift/0.34.0/jaeger-thrift-0.34.0.jar:/home/user/.m2/repository/org/apache/thrift/libthrift/0.12.0/libthrift-0.12.0.jar:/home/user/.m2/repository/com/squareup/okhttp3/okhttp/3.9.0/okhttp-3.9.0.jar:/home/user/.m2/repository/com/squareup/okio/okio/1.13.0/okio-1.13.0.jar:/home/user/.m2/repository/io/jaegertracing/jaeger-core/0.34.0/jaeger-core-0.34.0.jar:/home/user/.m2/repository/io/jaegertracing/jaeger-tracerresolver/0.34.0/jaeger-tracerresolver-0.34.0.jar:/home/user/.m2/repository/io/opentracing/contrib/opentracing-tracerresolver/0.1.5/opentracing-tracerresolver-0.1.5.jar:/home/user/.m2/repository/io/opentracing/opentracing-util/0.31.0/opentracing-util-0.31.0.jar:/home/user/.m2/repository/io/opentracing/opentracing-api/0.31.0/opentracing-api-0.31.0.jar:/home/user/.m2/repository/io/opentracing/opentracing-noop/0.31.0/opentracing-noop-0.31.0.jar:/home/user/.m2/repository/org/yaml/snakeyaml/1.16/snakeyaml-1.16.jar:/home/user/.m2/repository/org/apache/hadoop/hadoop-hdds-container-service/0.5.0-SNAPSHOT/hadoop-hdds-container-service-0.5.0-SNAPSHOT.jar:/home/user/.m2/repository/org/apache/hadoop/hadoop-hdds-client/0.5.0-SNAPSHOT/hadoop-hdds-client-0.5.0-SNAPSHOT.jar:/home/user/.m2/repository/org/apache/hadoop/hadoop-hdds-tools/0.5.0-SNAPSHOT/hadoop-hdds-tools-0.5.0-SNAPSHOT.jar:/home/user/.m2/repository/org/xerial/sqlite-jdbc/3.25.2/sqlite-jdbc-3.25.2.jar:/home/user/.m2/repository/org/apache/hadoop/hadoop-hdds-server-scm/0.5.0-SNAPSHOT/hadoop-hdds-server-scm-0.5.0-SNAPSHOT.jar:/home/user/.m2/repository/org/hamcrest/hamcrest-all/1.3/hamcrest-all-1.3.jar:/home/user/.m2/repository/info/picocli/picocli/3.9.6/picocli-3.9.6.jar:/home/user/.m2/repository/com/google/protobuf/protobuf-java/2.5.0/protobuf-java-2.5.0.jar:/home/user/.m2/repository/com/google/guava/guava/11.0.2/guava-11.0.2.jar:/home/user/.m2/repository/org/apache/hadoop/hadoop-ozone-client/0.5.0-SNAPSHOT/hadoop-ozone-client-0.5.0-SNAPSHOT.jar:/workdir/hadoop-ozone/ozonefs/target/classes:/home/user/.m2/repository/org/apache/httpcomponents/httpclient/4.5.2/httpclient-4.5.2.jar:/home/user/.m2/repository/org/apache/httpcomponents/httpcore/4.4.4/httpcore-4.4.4.jar:/home/user/.m2/repository/org/apache/hadoop/hadoop-hdds-server-framework/0.5.0-SNAPSHOT/hadoop-hdds-server-framework-0.5.0-SNAPSHOT.jar:/home/user/.m2/repository/org/apache/hadoop/hadoop-common/3.2.0/hadoop-common-3.2.0.jar:/home/user/.m2/repository/org/apache/hadoop/hadoop-annotations/3.2.0/hadoop-annotations-3.2.0.jar:/usr/lib/jvm/java-1.8.0-openjdk-1.8.0.222.b10-1.el7_7.x86_64/jre/../lib/tools.jar:/home/user/.m2/repository/commons-cli/commons-cli/1.2/commons-cli-1.2.jar:/home/user/.m2/repository/org/apache/commons/commons-math3/3.1.1/commons-math3-3.1.1.jar:/home/user/.m2/repository/commons-codec/commons-codec/1.11/commons-codec-1.11.jar:/home/user/.m2/repository/commons-io/commons-io/2.5/commons-io-2.5.jar:/home/user/.m2/repository/commons-net/commons-net/3.6/commons-net-3.6.jar:/home/user/.m2/repository/commons-collections/commons-collections/3.2.2/commons-collections-3.2.2.jar:/home/user/.m2/repository/javax/servlet/javax.servlet-api/3.1.0/javax.servlet-api-3.1.0.jar:/home/user/.m2/repository/org/eclipse/jetty/jetty-server/9.3.25.v20180904/jetty-server-9.3.25.v20180904.jar:/home/user/.m2/repository/org/eclipse/jetty/jetty-http/9.3.25.v20180904/jetty-http-9.3.25.v20180904.jar:/home/user/.m2/repository/org/eclipse/jetty/jetty-io/9.3.25.v20180904/jetty-io-9.3.25.v20180904.jar:/home/user/.m2/repository/org/eclipse/jetty/jetty-util/9.3.25.v20180904/jetty-util-9.3.25.v20180904.jar:/home/user/.m2/repository/org/eclipse/jetty/jetty-servlet/9.3.25.v20180904/jetty-servlet-9.3.25.v20180904.jar:/home/user/.m2/repository/org/eclipse/jetty/jetty-security/9.3.25.v20180904/jetty-security-9.3.25.v20180904.jar:/home/user/.m2/repository/org/eclipse/jetty/jetty-webapp/9.3.25.v20180904/jetty-webapp-9.3.25.v20180904.jar:/home/user/.m2/repository/org/eclipse/jetty/jetty-xml/9.3.25.v20180904/jetty-xml-9.3.25.v20180904.jar:/home/user/.m2/repository/javax/servlet/jsp/jsp-api/2.1/jsp-api-2.1.jar:/home/user/.m2/repository/com/sun/jersey/jersey-core/1.19/jersey-core-1.19.jar:/home/user/.m2/repository/javax/ws/rs/jsr311-api/1.1.1/jsr311-api-1.1.1.jar:/home/user/.m2/repository/com/sun/jersey/jersey-servlet/1.19/jersey-servlet-1.19.jar:/home/user/.m2/repository/com/sun/jersey/jersey-json/1.19/jersey-json-1.19.jar:/home/user/.m2/repository/org/codehaus/jettison/jettison/1.1/jettison-1.1.jar:/home/user/.m2/repository/com/sun/xml/bind/jaxb-impl/2.3.0.1/jaxb-impl-2.3.0.1.jar:/home/user/.m2/repository/org/codehaus/jackson/jackson-core-asl/1.9.13/jackson-core-asl-1.9.13.jar:/home/user/.m2/repository/org/codehaus/jackson/jackson-mapper-asl/1.9.13/jackson-mapper-asl-1.9.13.jar:/home/user/.m2/repository/org/codehaus/jackson/jackson-jaxrs/1.9.13/jackson-jaxrs-1.9.13.jar:/home/user/.m2/repository/org/codehaus/jackson/jackson-xc/1.9.13/jackson-xc-1.9.13.jar:/home/user/.m2/repository/com/sun/jersey/jersey-server/1.19/jersey-server-1.19.jar:/home/user/.m2/repository/commons-logging/commons-logging/1.1.3/commons-logging-1.1.3.jar:/home/user/.m2/repository/log4j/log4j/1.2.17/log4j-1.2.17.jar:/home/user/.m2/repository/commons-beanutils/commons-beanutils/1.9.4/commons-beanutils-1.9.4.jar:/home/user/.m2/repository/org/apache/commons/commons-configuration2/2.1.1/commons-configuration2-2.1.1.jar:/home/user/.m2/repository/org/apache/commons/commons-lang3/3.7/commons-lang3-3.7.jar:/home/user/.m2/repository/org/apache/commons/commons-text/1.4/commons-text-1.4.jar:/home/user/.m2/repository/org/slf4j/slf4j-api/1.7.25/slf4j-api-1.7.25.jar:/home/user/.m2/repository/org/slf4j/slf4j-log4j12/1.7.25/slf4j-log4j12-1.7.25.jar:/home/user/.m2/repository/org/apache/avro/avro/1.7.7/avro-1.7.7.jar:/home/user/.m2/repository/com/thoughtworks/paranamer/paranamer/2.3/paranamer-2.3.jar:/home/user/.m2/repository/org/xerial/snappy/snappy-java/1.0.5/snappy-java-1.0.5.jar:/home/user/.m2/repository/com/google/re2j/re2j/1.1/re2j-1.1.jar:/home/user/.m2/repository/com/google/code/gson/gson/2.2.4/gson-2.2.4.jar:/home/user/.m2/repository/org/apache/hadoop/hadoop-auth/3.2.0/hadoop-auth-3.2.0.jar:/home/user/.m2/repository/com/nimbusds/nimbus-jose-jwt/4.41.1/nimbus-jose-jwt-4.41.1.jar:/home/user/.m2/repository/com/github/stephenc/jcip/jcip-annotations/1.0-1/jcip-annotations-1.0-1.jar:/home/user/.m2/repository/net/minidev/json-smart/2.3/json-smart-2.3.jar:/home/user/.m2/repository/net/minidev/accessors-smart/1.2/accessors-smart-1.2.jar:/home/user/.m2/repository/org/apache/curator/curator-framework/2.12.0/curator-framework-2.12.0.jar:/home/user/.m2/repository/com/jcraft/jsch/0.1.54/jsch-0.1.54.jar:/home/user/.m2/repository/org/apache/curator/curator-client/2.12.0/curator-client-2.12.0.jar:/home/user/.m2/repository/org/apache/curator/curator-recipes/2.12.0/curator-recipes-2.12.0.jar:/home/user/.m2/repository/com/google/code/findbugs/jsr305/3.0.0/jsr305-3.0.0.jar:/home/user/.m2/repository/org/apache/htrace/htrace-core4/4.1.0-incubating/htrace-core4-4.1.0-incubating.jar:/home/user/.m2/repository/org/apache/zookeeper/zookeeper/3.4.13/zookeeper-3.4.13.jar:/home/user/.m2/repository/jline/jline/0.9.94/jline-0.9.94.jar:/home/user/.m2/repository/org/apache/yetus/audience-annotations/0.5.0/audience-annotations-0.5.0.jar:/home/user/.m2/repository/org/apache/kerby/kerb-simplekdc/1.0.1/kerb-simplekdc-1.0.1.jar:/home/user/.m2/repository/org/apache/kerby/kerb-client/1.0.1/kerb-client-1.0.1.jar:/home/user/.m2/repository/org/apache/kerby/kerby-config/1.0.1/kerby-config-1.0.1.jar:/home/user/.m2/repository/org/apache/kerby/kerb-core/1.0.1/kerb-core-1.0.1.jar:/home/user/.m2/repository/org/apache/kerby/kerby-pkix/1.0.1/kerby-pkix-1.0.1.jar:/home/user/.m2/repository/org/apache/kerby/kerby-asn1/1.0.1/kerby-asn1-1.0.1.jar:/home/user/.m2/repository/org/apache/kerby/kerby-util/1.0.1/kerby-util-1.0.1.jar:/home/user/.m2/repository/org/apache/kerby/kerb-common/1.0.1/kerb-common-1.0.1.jar:/home/user/.m2/repository/org/apache/kerby/kerb-crypto/1.0.1/kerb-crypto-1.0.1.jar:/home/user/.m2/repository/org/apache/kerby/kerb-util/1.0.1/kerb-util-1.0.1.jar:/home/user/.m2/repository/org/apache/kerby/token-provider/1.0.1/token-provider-1.0.1.jar:/home/user/.m2/repository/org/apache/kerby/kerb-admin/1.0.1/kerb-admin-1.0.1.jar:/home/user/.m2/repository/org/apache/kerby/kerb-server/1.0.1/kerb-server-1.0.1.jar:/home/user/.m2/repository/org/apache/kerby/kerb-identity/1.0.1/kerb-identity-1.0.1.jar:/home/user/.m2/repository/org/apache/kerby/kerby-xdr/1.0.1/kerby-xdr-1.0.1.jar:/home/user/.m2/repository/com/fasterxml/jackson/core/jackson-databind/2.9.9/jackson-databind-2.9.9.jar:/home/user/.m2/repository/com/fasterxml/jackson/core/jackson-core/2.9.9/jackson-core-2.9.9.jar:/home/user/.m2/repository/org/codehaus/woodstox/stax2-api/3.1.4/stax2-api-3.1.4.jar:/home/user/.m2/repository/com/fasterxml/woodstox/woodstox-core/5.0.3/woodstox-core-5.0.3.jar:/home/user/.m2/repository/dnsjava/dnsjava/2.1.7/dnsjava-2.1.7.jar:/home/user/.m2/repository/org/apache/hadoop/hadoop-hdfs/3.2.0/hadoop-hdfs-3.2.0.jar:/home/user/.m2/repository/org/eclipse/jetty/jetty-util-ajax/9.3.25.v20180904/jetty-util-ajax-9.3.25.v20180904.jar:/home/user/.m2/repository/commons-daemon/commons-daemon/1.0.13/commons-daemon-1.0.13.jar:/home/user/.m2/repository/io/netty/netty/3.10.5.Final/netty-3.10.5.Final.jar:/home/user/.m2/repository/io/netty/netty-all/4.0.52.Final/netty-all-4.0.52.Final.jar:/home/user/.m2/repository/org/fusesource/leveldbjni/leveldbjni-all/1.8/leveldbjni-all-1.8.jar:/home/user/.m2/repository/com/sun/xml/bind/jaxb-core/2.3.0.1/jaxb-core-2.3.0.1.jar:/home/user/.m2/repository/javax/xml/bind/jaxb-api/2.3.0/jaxb-api-2.3.0.jar:/home/user/.m2/repository/javax/activation/activation/1.1.1/activation-1.1.1.jar:/home/user/.m2/repository/org/openjdk/jmh/jmh-core/1.19/jmh-core-1.19.jar:/home/user/.m2/repository/net/sf/jopt-simple/jopt-simple/4.6/jopt-simple-4.6.jar:/home/user/.m2/repository/org/openjdk/jmh/jmh-generator-annprocess/1.19/jmh-generator-annprocess-1.19.jar:/home/user/.m2/repository/io/dropwizard/metrics/metrics-core/3.2.4/metrics-core-3.2.4.jar:/home/user/.m2/repository/com/amazonaws/aws-java-sdk-s3/1.11.615/aws-java-sdk-s3-1.11.615.jar:/home/user/.m2/repository/com/amazonaws/aws-java-sdk-kms/1.11.615/aws-java-sdk-kms-1.11.615.jar:/home/user/.m2/repository/com/amazonaws/aws-java-sdk-core/1.11.615/aws-java-sdk-core-1.11.615.jar:/home/user/.m2/repository/software/amazon/ion/ion-java/1.0.2/ion-java-1.0.2.jar:/home/user/.m2/repository/com/fasterxml/jackson/dataformat/jackson-dataformat-cbor/2.9.9/jackson-dataformat-cbor-2.9.9.jar:/home/user/.m2/repository/joda-time/joda-time/2.9.9/joda-time-2.9.9.jar:/home/user/.m2/repository/com/amazonaws/jmespath-java/1.11.615/jmespath-java-1.11.615.jar:/home/user/.m2/repository/com/github/spotbugs/spotbugs/3.1.12/spotbugs-3.1.12.jar:/home/user/.m2/repository/org/ow2/asm/asm/5.0.4/asm-5.0.4.jar:/home/user/.m2/repository/org/ow2/asm/asm-analysis/7.0/asm-analysis-7.0.jar:/home/user/.m2/repository/org/ow2/asm/asm-commons/7.0/asm-commons-7.0.jar:/home/user/.m2/repository/org/ow2/asm/asm-tree/7.0/asm-tree-7.0.jar:/home/user/.m2/repository/org/ow2/asm/asm-util/7.0/asm-util-7.0.jar:/home/user/.m2/repository/org/apache/bcel/bcel/6.3/bcel-6.3.jar:/home/user/.m2/repository/net/jcip/jcip-annotations/1.0/jcip-annotations-1.0.jar:/home/user/.m2/repository/org/dom4j/dom4j/2.1.1/dom4j-2.1.1.jar:/home/user/.m2/repository/jaxen/jaxen/1.1.6/jaxen-1.1.6.jar:/home/user/.m2/repository/commons-lang/commons-lang/2.6/commons-lang-2.6.jar:/home/user/.m2/repository/com/github/spotbugs/spotbugs-annotations/3.1.12/spotbugs-annotations-3.1.12.jar:/home/user/.m2/repository/junit/junit/4.11/junit-4.11.jar:/home/user/.m2/repository/org/hamcrest/hamcrest-core/1.3/hamcrest-core-1.3.jar:/home/user/.m2/repository/org/apache/hadoop/hadoop-common/3.2.0/hadoop-common-3.2.0-tests.jar:/workdir/hadoop-ozone/integration-test/target/test-classes:/home/user/.m2/repository/org/apache/hadoop/hadoop-ozone-s3gateway/0.5.0-SNAPSHOT/hadoop-ozone-s3gateway-0.5.0-SNAPSHOT.jar:/home/user/.m2/repository/org/jboss/weld/servlet/weld-servlet/2.4.7.Final/weld-servlet-2.4.7.Final.jar:/home/user/.m2/repository/org/glassfish/jersey/containers/jersey-container-servlet-core/2.27/jersey-container-servlet-core-2.27.jar:/home/user/.m2/repository/org/glassfish/hk2/external/javax.inject/2.5.0-b42/javax.inject-2.5.0-b42.jar:/home/user/.m2/repository/org/glassfish/jersey/core/jersey-common/2.27/jersey-common-2.27.jar:/home/user/.m2/repository/org/glassfish/hk2/osgi-resource-locator/1.0.1/osgi-resource-locator-1.0.1.jar:/home/user/.m2/repository/javax/ws/rs/javax.ws.rs-api/2.1/javax.ws.rs-api-2.1.jar:/home/user/.m2/repository/org/glassfish/jersey/ext/cdi/jersey-cdi1x/2.27/jersey-cdi1x-2.27.jar:/home/user/.m2/repository/org/glassfish/jersey/inject/jersey-hk2/2.27/jersey-hk2-2.27.jar:/home/user/.m2/repository/org/glassfish/hk2/hk2-locator/2.5.0-b42/hk2-locator-2.5.0-b42.jar:/home/user/.m2/repository/org/javassist/javassist/3.22.0-CR2/javassist-3.22.0-CR2.jar:/home/user/.m2/repository/org/glassfish/hk2/hk2-api/2.5.0/hk2-api-2.5.0.jar:/home/user/.m2/repository/org/glassfish/hk2/external/jakarta.inject/2.5.0/jakarta.inject-2.5.0.jar:/home/user/.m2/repository/org/glassfish/hk2/hk2-utils/2.5.0/hk2-utils-2.5.0.jar:/home/user/.m2/repository/jakarta/annotation/jakarta.annotation-api/1.3.4/jakarta.annotation-api-1.3.4.jar:/home/user/.m2/repository/org/glassfish/hk2/external/aopalliance-repackaged/2.5.0/aopalliance-repackaged-2.5.0.jar:/home/user/.m2/repository/com/fasterxml/jackson/dataformat/jackson-dataformat-xml/2.9.0/jackson-dataformat-xml-2.9.0.jar:/home/user/.m2/repository/com/fasterxml/jackson/module/jackson-module-jaxb-annotations/2.9.9/jackson-module-jaxb-annotations-2.9.9.jar:/home/user/.m2/repository/javax/enterprise/cdi-api/1.2/cdi-api-1.2.jar:/home/user/.m2/repository/javax/el/javax.el-api/3.0.0/javax.el-api-3.0.0.jar:/home/user/.m2/repository/javax/interceptor/javax.interceptor-api/1.2/javax.interceptor-api-1.2.jar:/home/user/.m2/repository/javax/inject/javax.inject/1/javax.inject-1.jar:/home/user/.m2/repository/org/apache/hadoop/hadoop-ozone-csi/0.5.0-SNAPSHOT/hadoop-ozone-csi-0.5.0-SNAPSHOT.jar:/home/user/.m2/repository/com/google/protobuf/protobuf-java-util/3.5.1/protobuf-java-util-3.5.1.jar:/home/user/.m2/repository/io/grpc/grpc-netty/1.17.1/grpc-netty-1.17.1.jar:/home/user/.m2/repository/io/grpc/grpc-core/1.17.1/grpc-core-1.17.1.jar:/home/user/.m2/repository/io/grpc/grpc-context/1.17.1/grpc-context-1.17.1.jar:/home/user/.m2/repository/com/google/errorprone/error_prone_annotations/2.2.0/error_prone_annotations-2.2.0.jar:/home/user/.m2/repository/org/codehaus/mojo/animal-sniffer-annotations/1.17/animal-sniffer-annotations-1.17.jar:/home/user/.m2/repository/io/opencensus/opencensus-api/0.17.0/opencensus-api-0.17.0.jar:/home/user/.m2/repository/io/opencensus/opencensus-contrib-grpc-metrics/0.17.0/opencensus-contrib-grpc-metrics-0.17.0.jar:/home/user/.m2/repository/io/netty/netty-codec-http2/4.1.30.Final/netty-codec-http2-4.1.30.Final.jar:/home/user/.m2/repository/io/netty/netty-codec-http/4.1.30.Final/netty-codec-http-4.1.30.Final.jar:/home/user/.m2/repository/io/netty/netty-codec/4.1.30.Final/netty-codec-4.1.30.Final.jar:/home/user/.m2/repository/io/netty/netty-handler/4.1.30.Final/netty-handler-4.1.30.Final.jar:/home/user/.m2/repository/io/netty/netty-handler-proxy/4.1.30.Final/netty-handler-proxy-4.1.30.Final.jar:/home/user/.m2/repository/io/netty/netty-codec-socks/4.1.30.Final/netty-codec-socks-4.1.30.Final.jar:/home/user/.m2/repository/io/netty/netty-transport-native-epoll/4.1.30.Final/netty-transport-native-epoll-4.1.30.Final.jar:/home/user/.m2/repository/io/netty/netty-common/4.1.30.Final/netty-common-4.1.30.Final.jar:/home/user/.m2/repository/io/netty/netty-buffer/4.1.30.Final/netty-buffer-4.1.30.Final.jar:/home/user/.m2/repository/io/netty/netty-transport/4.1.30.Final/netty-transport-4.1.30.Final.jar:/home/user/.m2/repository/io/netty/netty-resolver/4.1.30.Final/netty-resolver-4.1.30.Final.jar:/home/user/.m2/repository/io/netty/netty-transport-native-unix-common/4.1.30.Final/netty-transport-native-unix-common-4.1.30.Final.jar:/home/user/.m2/repository/io/grpc/grpc-protobuf/1.17.1/grpc-protobuf-1.17.1.jar:/home/user/.m2/repository/com/google/api/grpc/proto-google-common-protos/1.0.0/proto-google-common-protos-1.0.0.jar:/home/user/.m2/repository/io/grpc/grpc-protobuf-lite/1.17.1/grpc-protobuf-lite-1.17.1.jar:/home/user/.m2/repository/io/grpc/grpc-stub/1.17.1/grpc-stub-1.17.1.jar:/home/user/.m2/repository/org/apache/hadoop/hadoop-ozone-recon/0.5.0-SNAPSHOT/hadoop-ozone-recon-0.5.0-SNAPSHOT.jar:/home/user/.m2/repository/org/apache/hadoop/hadoop-ozone-reconcodegen/0.5.0-SNAPSHOT/hadoop-ozone-reconcodegen-0.5.0-SNAPSHOT.jar:/home/user/.m2/repository/com/google/inject/extensions/guice-multibindings/4.0/guice-multibindings-4.0.jar:/home/user/.m2/repository/com/google/inject/guice/4.0/guice-4.0.jar:/home/user/.m2/repository/aopalliance/aopalliance/1.0/aopalliance-1.0.jar:/home/user/.m2/repository/com/google/inject/extensions/guice-servlet/4.0/guice-servlet-4.0.jar:/home/user/.m2/repository/org/glassfish/jersey/containers/jersey-container-servlet/2.27/jersey-container-servlet-2.27.jar:/home/user/.m2/repository/org/glassfish/hk2/guice-bridge/2.5.0/guice-bridge-2.5.0.jar:/home/user/.m2/repository/org/glassfish/jersey/core/jersey-server/2.27/jersey-server-2.27.jar:/home/user/.m2/repository/org/glassfish/jersey/core/jersey-client/2.27/jersey-client-2.27.jar:/home/user/.m2/repository/org/glassfish/jersey/media/jersey-media-jaxb/2.27/jersey-media-jaxb-2.27.jar:/home/user/.m2/repository/javax/validation/validation-api/1.1.0.Final/validation-api-1.1.0.Final.jar:/home/user/.m2/repository/org/glassfish/jersey/media/jersey-media-json-jackson/2.27/jersey-media-json-jackson-2.27.jar:/home/user/.m2/repository/org/glassfish/jersey/ext/jersey-entity-filtering/2.27/jersey-entity-filtering-2.27.jar:/home/user/.m2/repository/com/google/inject/extensions/guice-assistedinject/4.0/guice-assistedinject-4.0.jar:/home/user/.m2/repository/org/jooq/jooq/3.11.10/jooq-3.11.10.jar:/home/user/.m2/repository/org/jooq/jooq-meta/3.11.10/jooq-meta-3.11.10.jar:/home/user/.m2/repository/org/jooq/jooq-codegen/3.11.10/jooq-codegen-3.11.10.jar:/home/user/.m2/repository/com/jolbox/bonecp/0.8.0.RELEASE/bonecp-0.8.0.RELEASE.jar:/home/user/.m2/repository/org/springframework/spring-jdbc/5.1.3.RELEASE/spring-jdbc-5.1.3.RELEASE.jar:/home/user/.m2/repository/org/springframework/spring-beans/5.1.3.RELEASE/spring-beans-5.1.3.RELEASE.jar:/home/user/.m2/repository/org/springframework/spring-core/5.1.3.RELEASE/spring-core-5.1.3.RELEASE.jar:/home/user/.m2/repository/org/springframework/spring-jcl/5.1.3.RELEASE/spring-jcl-5.1.3.RELEASE.jar:/home/user/.m2/repository/org/springframework/spring-tx/5.1.3.RELEASE/spring-tx-5.1.3.RELEASE.jar:/home/user/.m2/repository/org/mockito/mockito-core/2.15.0/mockito-core-2.15.0.jar:/home/user/.m2/repository/net/bytebuddy/byte-buddy/1.7.9/byte-buddy-1.7.9.jar:/home/user/.m2/repository/net/bytebuddy/byte-buddy-agent/1.7.9/byte-buddy-agent-1.7.9.jar:/home/user/.m2/repository/org/objenesis/objenesis/1.0/objenesis-1.0.jar:"/>
    <property name="sun.cpu.endian" value="little"/>
    <property name="user.home" value="/home/user"/>
    <property name="user.language" value="en"/>
    <property name="java.specification.vendor" value="Oracle Corporation"/>
    <property name="java.home" value="/usr/lib/jvm/java-1.8.0-openjdk-1.8.0.222.b10-1.el7_7.x86_64/jre"/>
    <property name="surefire.excludesFile" value="/tools/ozone-bad-unit-tests"/>
    <property name="java.security.krb5.conf" value="/workdir/hadoop-ozone/tools/target/test-classes/krb5.conf"/>
    <property name="basedir" value="/workdir/hadoop-ozone/tools"/>
    <property name="file.separator" value="/"/>
    <property name="line.separator" value="&#10;"/>
    <property name="java.vm.specification.vendor" value="Oracle Corporation"/>
    <property name="java.specification.name" value="Java Platform API Specification"/>
    <property name="java.awt.graphicsenv" value="sun.awt.X11GraphicsEnvironment"/>
    <property name="surefire.real.class.path" value="/workdir/hadoop-ozone/tools/target/surefire/surefirebooter3169454080064941430.jar"/>
    <property name="hadoop.log.dir" value="/workdir/hadoop-ozone/tools/target/log"/>
    <property name="sun.boot.class.path" value="/usr/lib/jvm/java-1.8.0-openjdk-1.8.0.222.b10-1.el7_7.x86_64/jre/lib/resources.jar:/usr/lib/jvm/java-1.8.0-openjdk-1.8.0.222.b10-1.el7_7.x86_64/jre/lib/rt.jar:/usr/lib/jvm/java-1.8.0-openjdk-1.8.0.222.b10-1.el7_7.x86_64/jre/lib/sunrsasign.jar:/usr/lib/jvm/java-1.8.0-openjdk-1.8.0.222.b10-1.el7_7.x86_64/jre/lib/jsse.jar:/usr/lib/jvm/java-1.8.0-openjdk-1.8.0.222.b10-1.el7_7.x86_64/jre/lib/jce.jar:/usr/lib/jvm/java-1.8.0-openjdk-1.8.0.222.b10-1.el7_7.x86_64/jre/lib/charsets.jar:/usr/lib/jvm/java-1.8.0-openjdk-1.8.0.222.b10-1.el7_7.x86_64/jre/lib/jfr.jar:/usr/lib/jvm/java-1.8.0-openjdk-1.8.0.222.b10-1.el7_7.x86_64/jre/classes"/>
    <property name="sun.management.compiler" value="HotSpot 64-Bit Tiered Compilers"/>
    <property name="java.runtime.version" value="1.8.0_222-b10"/>
    <property name="java.net.preferIPv4Stack" value="true"/>
    <property name="user.name" value="jenkins1000"/>
    <property name="path.separator" value=":"/>
    <property name="java.security.egd" value="file:///dev/urandom"/>
    <property name="os.version" value="3.10.0-957.12.2.el7.x86_64"/>
    <property name="java.endorsed.dirs" value="/usr/lib/jvm/java-1.8.0-openjdk-1.8.0.222.b10-1.el7_7.x86_64/jre/lib/endorsed"/>
    <property name="java.runtime.name" value="OpenJDK Runtime Environment"/>
    <property name="file.encoding" value="ANSI_X3.4-1968"/>
    <property name="java.vm.name" value="OpenJDK 64-Bit Server VM"/>
    <property name="test.build.webapps" value=""/>
    <property name="localRepository" value="/home/user/.m2/repository"/>
    <property name="java.vendor.url.bug" value="http://bugreport.sun.com/bugreport/"/>
    <property name="java.io.tmpdir" value="/tmp"/>
    <property name="require.test.libhadoop" value=""/>
    <property name="java.version" value="1.8.0_222"/>
    <property name="user.dir" value="/workdir/hadoop-ozone/tools"/>
    <property name="os.arch" value="amd64"/>
    <property name="java.vm.specification.name" value="Java Virtual Machine Specification"/>
    <property name="test.build.classes" value="/workdir/hadoop-ozone/tools/target/test-classes"/>
    <property name="java.awt.printerjob" value="sun.print.PSPrinterJob"/>
    <property name="sun.os.patch.level" value="unknown"/>
    <property name="hadoop.tmp.dir" value="/workdir/hadoop-ozone/tools/target/tmp"/>
    <property name="java.library.path" value="/usr/lib:/workdir/hadoop-ozone/tools/target/native/target/usr/local/lib:/workdir/hadoop-ozone/tools/../../hadoop-common-project/hadoop-common/target/native/target/usr/local/lib:/usr/java/packages/lib/amd64:/usr/lib64:/lib64:/lib:/usr/lib"/>
    <property name="java.vm.info" value="mixed mode"/>
    <property name="java.vendor" value="Oracle Corporation"/>
    <property name="java.vm.version" value="25.222-b10"/>
    <property name="java.ext.dirs" value="/usr/lib/jvm/java-1.8.0-openjdk-1.8.0.222.b10-1.el7_7.x86_64/jre/lib/ext:/usr/java/packages/lib/ext"/>
    <property name="sun.io.unicode.encoding" value="UnicodeLittle"/>
    <property name="java.class.version" value="52.0"/>
  </properties>
  <testcase name="testRestart" classname="org.apache.hadoop.ozone.freon.TestFreonWithPipelineDestroy" time="18.877">
    <error message="INTERNAL_ERROR org.apache.hadoop.ozone.om.exceptions.OMException: Allocated 0 blocks. Requested 5 blocks" type="java.lang.RuntimeException">java.lang.RuntimeException: INTERNAL_ERROR org.apache.hadoop.ozone.om.exceptions.OMException: Allocated 0 blocks. Requested 5 blocks
	at org.apache.hadoop.ozone.freon.RandomKeyGenerator.call(RandomKeyGenerator.java:341)
	at org.apache.hadoop.ozone.freon.TestFreonWithPipelineDestroy.startFreon(TestFreonWithPipelineDestroy.java:87)
	at org.apache.hadoop.ozone.freon.TestFreonWithPipelineDestroy.testRestart(TestFreonWithPipelineDestroy.java:74)
	at sun.reflect.NativeMethodAccessorImpl.invoke0(Native Method)
	at sun.reflect.NativeMethodAccessorImpl.invoke(NativeMethodAccessorImpl.java:62)
	at sun.reflect.DelegatingMethodAccessorImpl.invoke(DelegatingMethodAccessorImpl.java:43)
	at java.lang.reflect.Method.invoke(Method.java:498)
	at org.junit.runners.model.FrameworkMethod$1.runReflectiveCall(FrameworkMethod.java:47)
	at org.junit.internal.runners.model.ReflectiveCallable.run(ReflectiveCallable.java:12)
	at org.junit.runners.model.FrameworkMethod.invokeExplosively(FrameworkMethod.java:44)
	at org.junit.internal.runners.statements.InvokeMethod.evaluate(InvokeMethod.java:17)
	at org.junit.runners.ParentRunner.runLeaf(ParentRunner.java:271)
	at org.junit.runners.BlockJUnit4ClassRunner.runChild(BlockJUnit4ClassRunner.java:70)
	at org.junit.runners.BlockJUnit4ClassRunner.runChild(BlockJUnit4ClassRunner.java:50)
	at org.junit.runners.ParentRunner$3.run(ParentRunner.java:238)
	at org.junit.runners.ParentRunner$1.schedule(ParentRunner.java:63)
	at org.junit.runners.ParentRunner.runChildren(ParentRunner.java:236)
	at org.junit.runners.ParentRunner.access$000(ParentRunner.java:53)
	at org.junit.runners.ParentRunner$2.evaluate(ParentRunner.java:229)
	at org.junit.internal.runners.statements.RunBefores.evaluate(RunBefores.java:26)
	at org.junit.internal.runners.statements.RunAfters.evaluate(RunAfters.java:27)
	at org.junit.runners.ParentRunner.run(ParentRunner.java:309)
	at org.apache.maven.surefire.junit4.JUnit4Provider.execute(JUnit4Provider.java:365)
	at org.apache.maven.surefire.junit4.JUnit4Provider.executeWithRerun(JUnit4Provider.java:273)
	at org.apache.maven.surefire.junit4.JUnit4Provider.executeTestSet(JUnit4Provider.java:238)
	at org.apache.maven.surefire.junit4.JUnit4Provider.invoke(JUnit4Provider.java:159)
	at org.apache.maven.surefire.booter.ForkedBooter.invokeProviderInSameClassLoader(ForkedBooter.java:384)
	at org.apache.maven.surefire.booter.ForkedBooter.runSuitesInProcess(ForkedBooter.java:345)
	at org.apache.maven.surefire.booter.ForkedBooter.execute(ForkedBooter.java:126)
	at org.apache.maven.surefire.booter.ForkedBooter.main(ForkedBooter.java:418)
Caused by: INTERNAL_ERROR org.apache.hadoop.ozone.om.exceptions.OMException: Allocated 0 blocks. Requested 5 blocks
	at org.apache.hadoop.ozone.om.protocolPB.OzoneManagerProtocolClientSideTranslatorPB.handleError(OzoneManagerProtocolClientSideTranslatorPB.java:761)
	at org.apache.hadoop.ozone.om.protocolPB.OzoneManagerProtocolClientSideTranslatorPB.openKey(OzoneManagerProtocolClientSideTranslatorPB.java:752)
	at sun.reflect.NativeMethodAccessorImpl.invoke0(Native Method)
	at sun.reflect.NativeMethodAccessorImpl.invoke(NativeMethodAccessorImpl.java:62)
	at sun.reflect.DelegatingMethodAccessorImpl.invoke(DelegatingMethodAccessorImpl.java:43)
	at java.lang.reflect.Method.invoke(Method.java:498)
	at org.apache.hadoop.hdds.tracing.TraceAllMethod.invoke(TraceAllMethod.java:66)
	at com.sun.proxy.$Proxy37.openKey(Unknown Source)
	at org.apache.hadoop.ozone.client.rpc.RpcClient.createKey(RpcClient.java:633)
	at org.apache.hadoop.ozone.client.OzoneBucket.createKey(OzoneBucket.java:325)
	at org.apache.hadoop.ozone.freon.RandomKeyGenerator.createKey(RandomKeyGenerator.java:697)
	at org.apache.hadoop.ozone.freon.RandomKeyGenerator.access$1100(RandomKeyGenerator.java:88)
	at org.apache.hadoop.ozone.freon.RandomKeyGenerator$ObjectCreator.run(RandomKeyGenerator.java:615)
	at java.util.concurrent.Executors$RunnableAdapter.call(Executors.java:511)
	at java.util.concurrent.FutureTask.run(FutureTask.java:266)
	at java.util.concurrent.ThreadPoolExecutor.runWorker(ThreadPoolExecutor.java:1149)
	at java.util.concurrent.ThreadPoolExecutor$Worker.run(ThreadPoolExecutor.java:624)
	at java.lang.Thread.run(Thread.java:748)
</error>
    <system-out><![CDATA[2019-11-19 03:47:50,997 [main] WARN  server.ServerUtils (ServerUtils.java:getScmDbDir(145)) - ozone.scm.db.dirs is not configured. We recommend adding this setting. Falling back to ozone.metadata.dirs instead.
2019-11-19 03:47:51,143 [main] WARN  server.ServerUtils (ServerUtils.java:getScmDbDir(145)) - ozone.scm.db.dirs is not configured. We recommend adding this setting. Falling back to ozone.metadata.dirs instead.
2019-11-19 03:47:51,146 [main] WARN  server.ServerUtils (ServerUtils.java:getScmDbDir(145)) - ozone.scm.db.dirs is not configured. We recommend adding this setting. Falling back to ozone.metadata.dirs instead.
2019-11-19 03:47:51,175 [main] INFO  util.log (Log.java:initialized(192)) - Logging initialized @877ms
2019-11-19 03:47:51,271 [main] INFO  db.DBStoreBuilder (DBStoreBuilder.java:addTable(127)) - using custom profile for table: deletedBlocks
2019-11-19 03:47:51,272 [main] INFO  db.DBStoreBuilder (DBStoreBuilder.java:processTables(183)) - Using default column profile:DBProfile.DISK for Table:deletedBlocks
2019-11-19 03:47:51,272 [main] INFO  db.DBStoreBuilder (DBStoreBuilder.java:addTable(127)) - using custom profile for table: validCerts
2019-11-19 03:47:51,272 [main] INFO  db.DBStoreBuilder (DBStoreBuilder.java:processTables(183)) - Using default column profile:DBProfile.DISK for Table:validCerts
2019-11-19 03:47:51,273 [main] INFO  db.DBStoreBuilder (DBStoreBuilder.java:addTable(127)) - using custom profile for table: revokedCerts
2019-11-19 03:47:51,273 [main] INFO  db.DBStoreBuilder (DBStoreBuilder.java:processTables(183)) - Using default column profile:DBProfile.DISK for Table:revokedCerts
2019-11-19 03:47:51,284 [main] INFO  db.DBStoreBuilder (DBStoreBuilder.java:addTable(127)) - using custom profile for table: default
2019-11-19 03:47:51,284 [main] INFO  db.DBStoreBuilder (DBStoreBuilder.java:processTables(189)) - Using default column profile:DBProfile.DISK for Table:default
2019-11-19 03:47:51,285 [main] INFO  db.DBStoreBuilder (DBStoreBuilder.java:getDbProfile(220)) - Using default options. DBProfile.DISK
2019-11-19 03:47:51,532 [main] INFO  net.NodeSchemaLoader (NodeSchemaLoader.java:loadSchemaFromFile(125)) - Loading file from sun.misc.CompoundEnumeration@5e0e82ae
2019-11-19 03:47:51,534 [main] INFO  net.NodeSchemaLoader (NodeSchemaLoader.java:loadSchema(171)) - Loading network topology layer schema file
2019-11-19 03:47:51,594 [main] INFO  node.SCMNodeManager (SCMNodeManager.java:<init>(116)) - Entering startup safe mode.
2019-11-19 03:47:51,656 [main] INFO  algorithms.ContainerPlacementPolicyFactory (ContainerPlacementPolicyFactory.java:getPolicy(57)) - Create container placement policy of type org.apache.hadoop.hdds.scm.container.placement.algorithms.SCMContainerPlacementRandom
2019-11-19 03:47:51,671 [main] WARN  server.ServerUtils (ServerUtils.java:getScmDbDir(145)) - ozone.scm.db.dirs is not configured. We recommend adding this setting. Falling back to ozone.metadata.dirs instead.
2019-11-19 03:47:51,783 [main] INFO  pipeline.SCMPipelineManager (SCMPipelineManager.java:initializePipelineState(136)) - No pipeline exists in current db
2019-11-19 03:47:51,786 [main] WARN  server.ServerUtils (ServerUtils.java:getScmDbDir(145)) - ozone.scm.db.dirs is not configured. We recommend adding this setting. Falling back to ozone.metadata.dirs instead.
2019-11-19 03:47:51,965 [main] INFO  safemode.HealthyPipelineSafeModeRule (HealthyPipelineSafeModeRule.java:<init>(92)) -  Total pipeline count is 0, healthy pipeline threshold count is 1
2019-11-19 03:47:51,969 [main] INFO  safemode.OneReplicaPipelineSafeModeRule (OneReplicaPipelineSafeModeRule.java:<init>(79)) - Total pipeline count is 0, pipeline's with at least one datanode reported threshold count is 0
2019-11-19 03:47:51,970 [main] WARN  events.EventQueue (EventQueue.java:fireEvent(183)) - No event handler registered for event TypedEvent{payloadType=SafeModeStatus, name='SafeModeStatus'}
2019-11-19 03:47:52,336 [main] INFO  ipc.CallQueueManager (CallQueueManager.java:<init>(84)) - Using callQueue: class java.util.concurrent.LinkedBlockingQueue, queueCapacity: 2000, scheduler: class org.apache.hadoop.ipc.DefaultRpcScheduler, ipcBackoff: false.
2019-11-19 03:47:52,459 [Socket Reader #1 for port 43924] INFO  ipc.Server (Server.java:run(1074)) - Starting Socket Reader #1 for port 43924
2019-11-19 03:47:52,496 [main] INFO  ipc.CallQueueManager (CallQueueManager.java:<init>(84)) - Using callQueue: class java.util.concurrent.LinkedBlockingQueue, queueCapacity: 2000, scheduler: class org.apache.hadoop.ipc.DefaultRpcScheduler, ipcBackoff: false.
2019-11-19 03:47:52,497 [Socket Reader #1 for port 42198] INFO  ipc.Server (Server.java:run(1074)) - Starting Socket Reader #1 for port 42198
2019-11-19 03:47:52,506 [main] INFO  ipc.CallQueueManager (CallQueueManager.java:<init>(84)) - Using callQueue: class java.util.concurrent.LinkedBlockingQueue, queueCapacity: 2000, scheduler: class org.apache.hadoop.ipc.DefaultRpcScheduler, ipcBackoff: false.
2019-11-19 03:47:52,507 [Socket Reader #1 for port 40755] INFO  ipc.Server (Server.java:run(1074)) - Starting Socket Reader #1 for port 40755
2019-11-19 03:47:52,532 [main] INFO  hdfs.DFSUtil (DFSUtil.java:httpServerTemplateForNNAndJN(1641)) - Starting Web-server for scm at: http://0.0.0.0:0
2019-11-19 03:47:52,650 [main] INFO  server.AuthenticationFilter (AuthenticationFilter.java:constructSecretProvider(240)) - Unable to initialize FileSignerSecretProvider, falling back to use random secrets.
2019-11-19 03:47:52,666 [main] WARN  http.HttpRequestLog (HttpRequestLog.java:getRequestLog(97)) - Jetty request log can only be enabled using Log4j
2019-11-19 03:47:52,674 [main] INFO  http.HttpServer2 (HttpServer2.java:addGlobalFilter(975)) - Added global filter 'safety' (class=org.apache.hadoop.http.HttpServer2$QuotingInputFilter)
2019-11-19 03:47:52,677 [main] INFO  http.HttpServer2 (HttpServer2.java:addFilter(948)) - Added filter static_user_filter (class=org.apache.hadoop.http.lib.StaticUserWebFilter$StaticUserFilter) to context scm
2019-11-19 03:47:52,677 [main] INFO  http.HttpServer2 (HttpServer2.java:addFilter(958)) - Added filter static_user_filter (class=org.apache.hadoop.http.lib.StaticUserWebFilter$StaticUserFilter) to context static
2019-11-19 03:47:52,677 [main] INFO  http.HttpServer2 (HttpServer2.java:addFilter(958)) - Added filter static_user_filter (class=org.apache.hadoop.http.lib.StaticUserWebFilter$StaticUserFilter) to context logs
2019-11-19 03:47:52,703 [main] INFO  server.StorageContainerManager (StorageContainerManager.java:start(765)) - StorageContainerLocationProtocol RPC server is listening at /0.0.0.0:40755
2019-11-19 03:47:52,754 [main] WARN  impl.MetricsConfig (MetricsConfig.java:loadFirst(134)) - Cannot locate configuration: tried hadoop-metrics2-storagecontainermanager.properties,hadoop-metrics2.properties
2019-11-19 03:47:52,767 [main] INFO  impl.MetricsSystemImpl (MetricsSystemImpl.java:startTimer(374)) - Scheduled Metric snapshot period at 10 second(s).
2019-11-19 03:47:52,767 [main] INFO  impl.MetricsSystemImpl (MetricsSystemImpl.java:start(191)) - StorageContainerManager metrics system started
2019-11-19 03:47:52,976 [main] INFO  server.SCMClientProtocolServer (SCMClientProtocolServer.java:start(160)) - RPC server for Client  is listening at /0.0.0.0:40755
2019-11-19 03:47:52,977 [IPC Server Responder] INFO  ipc.Server (Server.java:run(1314)) - IPC Server Responder: starting
2019-11-19 03:47:52,977 [IPC Server listener on 40755] INFO  ipc.Server (Server.java:run(1153)) - IPC Server listener on 40755: starting
2019-11-19 03:47:52,980 [main] INFO  server.StorageContainerManager (StorageContainerManager.java:start(775)) - ScmBlockLocationProtocol RPC server is listening at /0.0.0.0:42198
2019-11-19 03:47:52,980 [main] INFO  server.SCMBlockProtocolServer (SCMBlockProtocolServer.java:start(146)) - RPC server for Block Protocol is listening at /0.0.0.0:42198
2019-11-19 03:47:52,981 [IPC Server Responder] INFO  ipc.Server (Server.java:run(1314)) - IPC Server Responder: starting
2019-11-19 03:47:52,981 [IPC Server listener on 42198] INFO  ipc.Server (Server.java:run(1153)) - IPC Server listener on 42198: starting
2019-11-19 03:47:52,983 [main] INFO  server.StorageContainerManager (StorageContainerManager.java:start(779)) - ScmDatanodeProtocl RPC server is listening at /0.0.0.0:43924
2019-11-19 03:47:52,983 [main] INFO  server.SCMDatanodeProtocolServer (SCMDatanodeProtocolServer.java:start(177)) - RPC server for DataNodes is listening at /0.0.0.0:43924
2019-11-19 03:47:52,984 [IPC Server Responder] INFO  ipc.Server (Server.java:run(1314)) - IPC Server Responder: starting
2019-11-19 03:47:52,984 [IPC Server listener on 43924] INFO  ipc.Server (Server.java:run(1153)) - IPC Server listener on 43924: starting
2019-11-19 03:47:52,988 [main] INFO  http.HttpServer2 (HttpServer2.java:bindListener(1191)) - Jetty bound to port 46251
2019-11-19 03:47:52,989 [main] INFO  server.Server (Server.java:doStart(351)) - jetty-9.3.25.v20180904, build timestamp: 2018-09-04T21:11:46Z, git hash: 3ce520221d0240229c862b122d2b06c12a625732
2019-11-19 03:47:53,035 [main] INFO  handler.ContextHandler (ContextHandler.java:doStart(781)) - Started o.e.j.s.ServletContextHandler@4218500f{/logs,file:///workdir/hadoop-ozone/tools/target/log,AVAILABLE}
2019-11-19 03:47:53,036 [main] INFO  handler.ContextHandler (ContextHandler.java:doStart(781)) - Started o.e.j.s.ServletContextHandler@c2db68f{/static,jar:file:/home/user/.m2/repository/org/apache/hadoop/hadoop-hdds-server-scm/0.5.0-SNAPSHOT/hadoop-hdds-server-scm-0.5.0-SNAPSHOT.jar!/webapps/static,AVAILABLE}
2019-11-19 03:47:53,122 [main] INFO  handler.ContextHandler (ContextHandler.java:doStart(781)) - Started o.e.j.w.WebAppContext@37cd92d6{/,file:///tmp/jetty-0.0.0.0-46251-scm-_-any-1191574601684159274.dir/webapp/,AVAILABLE}{/scm}
2019-11-19 03:47:53,127 [main] INFO  server.AbstractConnector (AbstractConnector.java:doStart(278)) - Started ServerConnector@7e0aadd0{HTTP/1.1,[http/1.1]}{0.0.0.0:46251}
2019-11-19 03:47:53,127 [main] INFO  server.Server (Server.java:doStart(419)) - Started @2829ms
2019-11-19 03:47:53,129 [main] INFO  impl.MetricsSinkAdapter (MetricsSinkAdapter.java:start(204)) - Sink prometheus started
2019-11-19 03:47:53,129 [main] INFO  impl.MetricsSystemImpl (MetricsSystemImpl.java:registerSink(301)) - Registered sink prometheus
2019-11-19 03:47:53,131 [main] INFO  server.BaseHttpServer (BaseHttpServer.java:updateConnectorAddress(215)) - HTTP server of SCM is listening at http://0.0.0.0:46251
2019-11-19 03:47:53,140 [org.apache.hadoop.util.JvmPauseMonitor$Monitor@2f66e802] INFO  util.JvmPauseMonitor (JvmPauseMonitor.java:run(188)) - Starting JVM pause monitor
2019-11-19 03:47:53,145 [main] WARN  server.ServerUtils (ServerUtils.java:getDBPath(222)) - ozone.om.db.dirs is not configured. We recommend adding this setting. Falling back to ozone.metadata.dirs instead.
2019-11-19 03:47:53,265 [main] INFO  ha.OMHANodeDetails (OMHANodeDetails.java:loadOMHAConfig(104)) - ozone.om.internal.service.id is not defined, falling back to ozone.om.service.ids to find serviceID for OzoneManager if it is HA enabled cluster
2019-11-19 03:47:53,265 [main] INFO  ha.OMHANodeDetails (OMHANodeDetails.java:loadOMHAConfig(207)) - Configuration either no ozone.om.address set. Falling back to the default OM address /127.0.0.1:0
2019-11-19 03:47:53,265 [main] INFO  ha.OMHANodeDetails (OMHANodeDetails.java:getOMNodeDetails(237)) - OM Service ID is not set. Setting it to the default ID: omServiceIdDefault
2019-11-19 03:47:53,267 [main] WARN  server.ServerUtils (ServerUtils.java:getDBPath(222)) - ozone.om.db.dirs is not configured. We recommend adding this setting. Falling back to ozone.metadata.dirs instead.
2019-11-19 03:47:53,268 [main] WARN  server.ServerUtils (ServerUtils.java:getDBPath(222)) - ozone.om.db.dirs is not configured. We recommend adding this setting. Falling back to ozone.metadata.dirs instead.
2019-11-19 03:47:53,868 [main] WARN  server.ServerUtils (ServerUtils.java:getDBPath(222)) - ozone.om.db.dirs is not configured. We recommend adding this setting. Falling back to ozone.metadata.dirs instead.
2019-11-19 03:47:53,876 [main] INFO  db.DBStoreBuilder (DBStoreBuilder.java:addTable(127)) - using custom profile for table: userTable
2019-11-19 03:47:53,876 [main] INFO  db.DBStoreBuilder (DBStoreBuilder.java:processTables(183)) - Using default column profile:DBProfile.DISK for Table:userTable
2019-11-19 03:47:53,876 [main] INFO  db.DBStoreBuilder (DBStoreBuilder.java:addTable(127)) - using custom profile for table: volumeTable
2019-11-19 03:47:53,877 [main] INFO  db.DBStoreBuilder (DBStoreBuilder.java:processTables(183)) - Using default column profile:DBProfile.DISK for Table:volumeTable
2019-11-19 03:47:53,877 [main] INFO  db.DBStoreBuilder (DBStoreBuilder.java:addTable(127)) - using custom profile for table: bucketTable
2019-11-19 03:47:53,877 [main] INFO  db.DBStoreBuilder (DBStoreBuilder.java:processTables(183)) - Using default column profile:DBProfile.DISK for Table:bucketTable
2019-11-19 03:47:53,877 [main] INFO  db.DBStoreBuilder (DBStoreBuilder.java:addTable(127)) - using custom profile for table: keyTable
2019-11-19 03:47:53,878 [main] INFO  db.DBStoreBuilder (DBStoreBuilder.java:processTables(183)) - Using default column profile:DBProfile.DISK for Table:keyTable
2019-11-19 03:47:53,878 [main] INFO  db.DBStoreBuilder (DBStoreBuilder.java:addTable(127)) - using custom profile for table: deletedTable
2019-11-19 03:47:53,878 [main] INFO  db.DBStoreBuilder (DBStoreBuilder.java:processTables(183)) - Using default column profile:DBProfile.DISK for Table:deletedTable
2019-11-19 03:47:53,878 [main] INFO  db.DBStoreBuilder (DBStoreBuilder.java:addTable(127)) - using custom profile for table: openKeyTable
2019-11-19 03:47:53,879 [main] INFO  db.DBStoreBuilder (DBStoreBuilder.java:processTables(183)) - Using default column profile:DBProfile.DISK for Table:openKeyTable
2019-11-19 03:47:53,879 [main] INFO  db.DBStoreBuilder (DBStoreBuilder.java:addTable(127)) - using custom profile for table: s3Table
2019-11-19 03:47:53,879 [main] INFO  db.DBStoreBuilder (DBStoreBuilder.java:processTables(183)) - Using default column profile:DBProfile.DISK for Table:s3Table
2019-11-19 03:47:53,879 [main] INFO  db.DBStoreBuilder (DBStoreBuilder.java:addTable(127)) - using custom profile for table: multipartInfoTable
2019-11-19 03:47:53,879 [main] INFO  db.DBStoreBuilder (DBStoreBuilder.java:processTables(183)) - Using default column profile:DBProfile.DISK for Table:multipartInfoTable
2019-11-19 03:47:53,880 [main] INFO  db.DBStoreBuilder (DBStoreBuilder.java:addTable(127)) - using custom profile for table: dTokenTable
2019-11-19 03:47:53,880 [main] INFO  db.DBStoreBuilder (DBStoreBuilder.java:processTables(183)) - Using default column profile:DBProfile.DISK for Table:dTokenTable
2019-11-19 03:47:53,880 [main] INFO  db.DBStoreBuilder (DBStoreBuilder.java:addTable(127)) - using custom profile for table: s3SecretTable
2019-11-19 03:47:53,880 [main] INFO  db.DBStoreBuilder (DBStoreBuilder.java:processTables(183)) - Using default column profile:DBProfile.DISK for Table:s3SecretTable
2019-11-19 03:47:53,881 [main] INFO  db.DBStoreBuilder (DBStoreBuilder.java:addTable(127)) - using custom profile for table: prefixTable
2019-11-19 03:47:53,881 [main] INFO  db.DBStoreBuilder (DBStoreBuilder.java:processTables(183)) - Using default column profile:DBProfile.DISK for Table:prefixTable
2019-11-19 03:47:53,881 [main] INFO  db.DBStoreBuilder (DBStoreBuilder.java:addTable(127)) - using custom profile for table: default
2019-11-19 03:47:53,881 [main] INFO  db.DBStoreBuilder (DBStoreBuilder.java:processTables(189)) - Using default column profile:DBProfile.DISK for Table:default
2019-11-19 03:47:53,882 [main] INFO  db.DBStoreBuilder (DBStoreBuilder.java:getDbProfile(220)) - Using default options. DBProfile.DISK
2019-11-19 03:47:54,371 [main] INFO  ipc.CallQueueManager (CallQueueManager.java:<init>(84)) - Using callQueue: class java.util.concurrent.LinkedBlockingQueue, queueCapacity: 2000, scheduler: class org.apache.hadoop.ipc.DefaultRpcScheduler, ipcBackoff: false.
2019-11-19 03:47:54,372 [Socket Reader #1 for port 35583] INFO  ipc.Server (Server.java:run(1074)) - Starting Socket Reader #1 for port 35583
2019-11-19 03:47:54,404 [main] INFO  om.OzoneManager (OzoneManager.java:start(1077)) - OzoneManager RPC server is listening at localhost/127.0.0.1:35583
2019-11-19 03:47:54,404 [main] INFO  impl.MetricsSystemImpl (MetricsSystemImpl.java:init(158)) - OzoneManager metrics system started (again)
2019-11-19 03:47:54,413 [IPC Server listener on 35583] INFO  ipc.Server (Server.java:run(1153)) - IPC Server listener on 35583: starting
2019-11-19 03:47:54,413 [IPC Server Responder] INFO  ipc.Server (Server.java:run(1314)) - IPC Server Responder: starting
2019-11-19 03:47:54,419 [main] INFO  hdfs.DFSUtil (DFSUtil.java:httpServerTemplateForNNAndJN(1641)) - Starting Web-server for ozoneManager at: http://0.0.0.0:0
2019-11-19 03:47:54,422 [main] INFO  server.AuthenticationFilter (AuthenticationFilter.java:constructSecretProvider(240)) - Unable to initialize FileSignerSecretProvider, falling back to use random secrets.
2019-11-19 03:47:54,423 [main] WARN  http.HttpRequestLog (HttpRequestLog.java:getRequestLog(97)) - Jetty request log can only be enabled using Log4j
2019-11-19 03:47:54,426 [main] INFO  http.HttpServer2 (HttpServer2.java:addGlobalFilter(975)) - Added global filter 'safety' (class=org.apache.hadoop.http.HttpServer2$QuotingInputFilter)
2019-11-19 03:47:54,428 [main] INFO  http.HttpServer2 (HttpServer2.java:addFilter(948)) - Added filter static_user_filter (class=org.apache.hadoop.http.lib.StaticUserWebFilter$StaticUserFilter) to context ozoneManager
2019-11-19 03:47:54,428 [main] INFO  http.HttpServer2 (HttpServer2.java:addFilter(958)) - Added filter static_user_filter (class=org.apache.hadoop.http.lib.StaticUserWebFilter$StaticUserFilter) to context static
2019-11-19 03:47:54,429 [main] INFO  http.HttpServer2 (HttpServer2.java:addFilter(958)) - Added filter static_user_filter (class=org.apache.hadoop.http.lib.StaticUserWebFilter$StaticUserFilter) to context logs
2019-11-19 03:47:54,432 [main] INFO  http.HttpServer2 (HttpServer2.java:bindListener(1191)) - Jetty bound to port 38195
2019-11-19 03:47:54,432 [main] INFO  server.Server (Server.java:doStart(351)) - jetty-9.3.25.v20180904, build timestamp: 2018-09-04T21:11:46Z, git hash: 3ce520221d0240229c862b122d2b06c12a625732
2019-11-19 03:47:54,436 [main] INFO  handler.ContextHandler (ContextHandler.java:doStart(781)) - Started o.e.j.s.ServletContextHandler@7e46d648{/logs,file:///workdir/hadoop-ozone/tools/target/log,AVAILABLE}
2019-11-19 03:47:54,437 [main] INFO  handler.ContextHandler (ContextHandler.java:doStart(781)) - Started o.e.j.s.ServletContextHandler@2b0b4d53{/static,jar:file:/home/user/.m2/repository/org/apache/hadoop/hadoop-ozone-ozone-manager/0.5.0-SNAPSHOT/hadoop-ozone-ozone-manager-0.5.0-SNAPSHOT.jar!/webapps/static,AVAILABLE}
2019-11-19 03:47:54,516 [main] INFO  handler.ContextHandler (ContextHandler.java:doStart(781)) - Started o.e.j.w.WebAppContext@4bee18dc{/,file:///tmp/jetty-0.0.0.0-38195-ozoneManager-_-any-4448445195479340572.dir/webapp/,AVAILABLE}{/ozoneManager}
2019-11-19 03:47:54,517 [main] INFO  server.AbstractConnector (AbstractConnector.java:doStart(278)) - Started ServerConnector@44f3fe83{HTTP/1.1,[http/1.1]}{0.0.0.0:38195}
2019-11-19 03:47:54,518 [main] INFO  server.Server (Server.java:doStart(419)) - Started @4220ms
2019-11-19 03:47:54,518 [main] WARN  impl.MetricsSystemImpl (MetricsSystemImpl.java:register(276)) - Sink prometheus already exists!
2019-11-19 03:47:54,519 [main] INFO  server.BaseHttpServer (BaseHttpServer.java:updateConnectorAddress(215)) - HTTP server of OZONEMANAGER is listening at http://0.0.0.0:38195
2019-11-19 03:47:54,783 [main] INFO  impl.MetricsSystemImpl (MetricsSystemImpl.java:init(158)) - HddsDatanode metrics system started (again)
2019-11-19 03:47:54,833 [main] INFO  ozone.HddsDatanodeService (HddsDatanodeService.java:start(186)) - HddsDatanodeService host:pr-hdds-2536-847dz-100891120 ip:192.168.157.214
2019-11-19 03:47:54,867 [main] INFO  volume.HddsVolume (HddsVolume.java:<init>(176)) - Creating Volume: /workdir/hadoop-ozone/tools/target/test-dir/MiniOzoneClusterImpl-416ee1e3-35e2-4142-88bf-bddadec884fc/datanode-0/data/containers/hdds of  storage type : DISK and capacity : 1482555576320
2019-11-19 03:47:54,869 [main] INFO  volume.VolumeSet (VolumeSet.java:initializeVolumeSet(170)) - Added Volume : /workdir/hadoop-ozone/tools/target/test-dir/MiniOzoneClusterImpl-416ee1e3-35e2-4142-88bf-bddadec884fc/datanode-0/data/containers/hdds to VolumeSet
2019-11-19 03:47:54,871 [main] INFO  volume.ThrottledAsyncChecker (ThrottledAsyncChecker.java:schedule(141)) - Scheduling a check for /workdir/hadoop-ozone/tools/target/test-dir/MiniOzoneClusterImpl-416ee1e3-35e2-4142-88bf-bddadec884fc/datanode-0/data/containers/hdds
2019-11-19 03:47:54,888 [main] INFO  volume.HddsVolumeChecker (HddsVolumeChecker.java:checkAllVolumes(204)) - Scheduled health check for volume /workdir/hadoop-ozone/tools/target/test-dir/MiniOzoneClusterImpl-416ee1e3-35e2-4142-88bf-bddadec884fc/datanode-0/data/containers/hdds
2019-11-19 03:47:54,988 [main] INFO  impl.RaftServerProxy (ConfUtils.java:logGet(43)) - raft.rpc.type = GRPC (default)
2019-11-19 03:47:55,048 [main] INFO  grpc.GrpcFactory (GrpcFactory.java:checkPooledByteBufAllocatorUseCacheForAllThreads(45)) - PERFORMANCE WARNING: useCacheForAllThreads is true that may cause Netty to create a lot garbage objects and, as a result, trigger GC.
	It is recommended to disable useCacheForAllThreads by setting -Dorg.apache.ratis.thirdparty.io.netty.allocator.useCacheForAllThreads=false in command line.
2019-11-19 03:47:55,053 [main] INFO  grpc.GrpcConfigKeys$Server (ConfUtils.java:logGet(43)) - raft.grpc.server.port = 0 (default)
2019-11-19 03:47:55,054 [main] INFO  server.GrpcService (ConfUtils.java:logGet(43)) - raft.grpc.message.size.max = 33570816 (custom)
2019-11-19 03:47:55,056 [main] INFO  server.RaftServerConfigKeys (ConfUtils.java:logGet(43)) - raft.server.log.appender.buffer.byte-limit = 33554432 (custom)
2019-11-19 03:47:55,056 [main] INFO  server.GrpcService (ConfUtils.java:logGet(43)) - raft.grpc.flow.control.window = 1MB (=1048576) (default)
2019-11-19 03:47:55,057 [main] INFO  server.RaftServerConfigKeys (ConfUtils.java:logGet(43)) - raft.server.rpc.request.timeout = 3000ms (default)
2019-11-19 03:47:55,259 [main] INFO  server.RaftServerConfigKeys (ConfUtils.java:logGet(43)) - raft.server.storage.dir = [/workdir/hadoop-ozone/tools/target/test-dir/MiniOzoneClusterImpl-416ee1e3-35e2-4142-88bf-bddadec884fc/datanode-0/data/ratis] (custom)
2019-11-19 03:47:55,310 [main] INFO  hdfs.DFSUtil (DFSUtil.java:httpServerTemplateForNNAndJN(1641)) - Starting Web-server for hddsDatanode at: http://0.0.0.0:0
2019-11-19 03:47:55,312 [main] INFO  server.AuthenticationFilter (AuthenticationFilter.java:constructSecretProvider(240)) - Unable to initialize FileSignerSecretProvider, falling back to use random secrets.
2019-11-19 03:47:55,313 [main] WARN  http.HttpRequestLog (HttpRequestLog.java:getRequestLog(97)) - Jetty request log can only be enabled using Log4j
2019-11-19 03:47:55,315 [main] INFO  http.HttpServer2 (HttpServer2.java:addGlobalFilter(975)) - Added global filter 'safety' (class=org.apache.hadoop.http.HttpServer2$QuotingInputFilter)
2019-11-19 03:47:55,316 [main] INFO  http.HttpServer2 (HttpServer2.java:addFilter(948)) - Added filter static_user_filter (class=org.apache.hadoop.http.lib.StaticUserWebFilter$StaticUserFilter) to context hddsDatanode
2019-11-19 03:47:55,316 [main] INFO  http.HttpServer2 (HttpServer2.java:addFilter(958)) - Added filter static_user_filter (class=org.apache.hadoop.http.lib.StaticUserWebFilter$StaticUserFilter) to context logs
2019-11-19 03:47:55,316 [main] INFO  http.HttpServer2 (HttpServer2.java:addFilter(958)) - Added filter static_user_filter (class=org.apache.hadoop.http.lib.StaticUserWebFilter$StaticUserFilter) to context static
2019-11-19 03:47:55,317 [main] INFO  http.HttpServer2 (HttpServer2.java:bindListener(1191)) - Jetty bound to port 40661
2019-11-19 03:47:55,317 [main] INFO  server.Server (Server.java:doStart(351)) - jetty-9.3.25.v20180904, build timestamp: 2018-09-04T21:11:46Z, git hash: 3ce520221d0240229c862b122d2b06c12a625732
2019-11-19 03:47:55,320 [main] INFO  handler.ContextHandler (ContextHandler.java:doStart(781)) - Started o.e.j.s.ServletContextHandler@f951a7f{/logs,file:///workdir/hadoop-ozone/tools/target/log,AVAILABLE}
2019-11-19 03:47:55,321 [main] INFO  handler.ContextHandler (ContextHandler.java:doStart(781)) - Started o.e.j.s.ServletContextHandler@4c777e7b{/static,jar:file:/home/user/.m2/repository/org/apache/hadoop/hadoop-hdds-container-service/0.5.0-SNAPSHOT/hadoop-hdds-container-service-0.5.0-SNAPSHOT.jar!/webapps/static,AVAILABLE}
2019-11-19 03:47:55,353 [main] INFO  handler.ContextHandler (ContextHandler.java:doStart(781)) - Started o.e.j.w.WebAppContext@b606cb6{/,file:///tmp/jetty-0.0.0.0-40661-hddsDatanode-_-any-1579545969073224163.dir/webapp/,AVAILABLE}{/hddsDatanode}
2019-11-19 03:47:55,354 [main] INFO  server.AbstractConnector (AbstractConnector.java:doStart(278)) - Started ServerConnector@2a3194c6{HTTP/1.1,[http/1.1]}{0.0.0.0:40661}
2019-11-19 03:47:55,356 [main] INFO  server.Server (Server.java:doStart(419)) - Started @5058ms
2019-11-19 03:47:55,357 [main] WARN  impl.MetricsSystemImpl (MetricsSystemImpl.java:register(276)) - Sink prometheus already exists!
2019-11-19 03:47:55,358 [main] INFO  server.BaseHttpServer (BaseHttpServer.java:updateConnectorAddress(215)) - HTTP server of HDDSDATANODE is listening at http://0.0.0.0:40661
2019-11-19 03:47:55,359 [main] INFO  impl.MetricsSystemImpl (MetricsSystemImpl.java:init(158)) - HddsDatanode metrics system started (again)
2019-11-19 03:47:55,361 [main] INFO  ozone.HddsDatanodeService (HddsDatanodeService.java:start(186)) - HddsDatanodeService host:pr-hdds-2536-847dz-100891120 ip:192.168.157.214
2019-11-19 03:47:55,365 [org.apache.hadoop.util.JvmPauseMonitor$Monitor@1ef03a92] INFO  util.JvmPauseMonitor (JvmPauseMonitor.java:run(188)) - Starting JVM pause monitor
2019-11-19 03:47:55,370 [main] INFO  volume.HddsVolume (HddsVolume.java:<init>(176)) - Creating Volume: /workdir/hadoop-ozone/tools/target/test-dir/MiniOzoneClusterImpl-416ee1e3-35e2-4142-88bf-bddadec884fc/datanode-1/data/containers/hdds of  storage type : DISK and capacity : 1482555576320
2019-11-19 03:47:55,371 [main] INFO  volume.VolumeSet (VolumeSet.java:initializeVolumeSet(170)) - Added Volume : /workdir/hadoop-ozone/tools/target/test-dir/MiniOzoneClusterImpl-416ee1e3-35e2-4142-88bf-bddadec884fc/datanode-1/data/containers/hdds to VolumeSet
2019-11-19 03:47:55,371 [main] INFO  volume.ThrottledAsyncChecker (ThrottledAsyncChecker.java:schedule(141)) - Scheduling a check for /workdir/hadoop-ozone/tools/target/test-dir/MiniOzoneClusterImpl-416ee1e3-35e2-4142-88bf-bddadec884fc/datanode-1/data/containers/hdds
2019-11-19 03:47:55,372 [main] INFO  volume.HddsVolumeChecker (HddsVolumeChecker.java:checkAllVolumes(204)) - Scheduled health check for volume /workdir/hadoop-ozone/tools/target/test-dir/MiniOzoneClusterImpl-416ee1e3-35e2-4142-88bf-bddadec884fc/datanode-1/data/containers/hdds
2019-11-19 03:47:55,387 [main] INFO  impl.RaftServerProxy (ConfUtils.java:logGet(43)) - raft.rpc.type = GRPC (default)
2019-11-19 03:47:55,387 [main] INFO  grpc.GrpcFactory (GrpcFactory.java:checkPooledByteBufAllocatorUseCacheForAllThreads(45)) - PERFORMANCE WARNING: useCacheForAllThreads is true that may cause Netty to create a lot garbage objects and, as a result, trigger GC.
	It is recommended to disable useCacheForAllThreads by setting -Dorg.apache.ratis.thirdparty.io.netty.allocator.useCacheForAllThreads=false in command line.
2019-11-19 03:47:55,388 [main] INFO  grpc.GrpcConfigKeys$Server (ConfUtils.java:logGet(43)) - raft.grpc.server.port = 0 (default)
2019-11-19 03:47:55,388 [main] INFO  server.GrpcService (ConfUtils.java:logGet(43)) - raft.grpc.message.size.max = 33570816 (custom)
2019-11-19 03:47:55,388 [main] INFO  server.RaftServerConfigKeys (ConfUtils.java:logGet(43)) - raft.server.log.appender.buffer.byte-limit = 33554432 (custom)
2019-11-19 03:47:55,388 [main] INFO  server.GrpcService (ConfUtils.java:logGet(43)) - raft.grpc.flow.control.window = 1MB (=1048576) (default)
2019-11-19 03:47:55,389 [main] INFO  server.RaftServerConfigKeys (ConfUtils.java:logGet(43)) - raft.server.rpc.request.timeout = 3000ms (default)
2019-11-19 03:47:55,389 [main] INFO  server.RaftServerConfigKeys (ConfUtils.java:logGet(43)) - raft.server.storage.dir = [/workdir/hadoop-ozone/tools/target/test-dir/MiniOzoneClusterImpl-416ee1e3-35e2-4142-88bf-bddadec884fc/datanode-1/data/ratis] (custom)
2019-11-19 03:47:55,391 [main] INFO  hdfs.DFSUtil (DFSUtil.java:httpServerTemplateForNNAndJN(1641)) - Starting Web-server for hddsDatanode at: http://0.0.0.0:0
2019-11-19 03:47:55,392 [main] INFO  server.AuthenticationFilter (AuthenticationFilter.java:constructSecretProvider(240)) - Unable to initialize FileSignerSecretProvider, falling back to use random secrets.
2019-11-19 03:47:55,393 [main] WARN  http.HttpRequestLog (HttpRequestLog.java:getRequestLog(97)) - Jetty request log can only be enabled using Log4j
2019-11-19 03:47:55,395 [main] INFO  http.HttpServer2 (HttpServer2.java:addGlobalFilter(975)) - Added global filter 'safety' (class=org.apache.hadoop.http.HttpServer2$QuotingInputFilter)
2019-11-19 03:47:55,395 [main] INFO  http.HttpServer2 (HttpServer2.java:addFilter(948)) - Added filter static_user_filter (class=org.apache.hadoop.http.lib.StaticUserWebFilter$StaticUserFilter) to context hddsDatanode
2019-11-19 03:47:55,396 [main] INFO  http.HttpServer2 (HttpServer2.java:addFilter(958)) - Added filter static_user_filter (class=org.apache.hadoop.http.lib.StaticUserWebFilter$StaticUserFilter) to context logs
2019-11-19 03:47:55,396 [main] INFO  http.HttpServer2 (HttpServer2.java:addFilter(958)) - Added filter static_user_filter (class=org.apache.hadoop.http.lib.StaticUserWebFilter$StaticUserFilter) to context static
2019-11-19 03:47:55,397 [main] INFO  http.HttpServer2 (HttpServer2.java:bindListener(1191)) - Jetty bound to port 46013
2019-11-19 03:47:55,397 [main] INFO  server.Server (Server.java:doStart(351)) - jetty-9.3.25.v20180904, build timestamp: 2018-09-04T21:11:46Z, git hash: 3ce520221d0240229c862b122d2b06c12a625732
2019-11-19 03:47:55,400 [main] INFO  handler.ContextHandler (ContextHandler.java:doStart(781)) - Started o.e.j.s.ServletContextHandler@48528634{/logs,file:///workdir/hadoop-ozone/tools/target/log,AVAILABLE}
2019-11-19 03:47:55,401 [main] INFO  handler.ContextHandler (ContextHandler.java:doStart(781)) - Started o.e.j.s.ServletContextHandler@4047d2d9{/static,jar:file:/home/user/.m2/repository/org/apache/hadoop/hadoop-hdds-container-service/0.5.0-SNAPSHOT/hadoop-hdds-container-service-0.5.0-SNAPSHOT.jar!/webapps/static,AVAILABLE}
2019-11-19 03:47:55,432 [main] INFO  handler.ContextHandler (ContextHandler.java:doStart(781)) - Started o.e.j.w.WebAppContext@2127e66e{/,file:///tmp/jetty-0.0.0.0-46013-hddsDatanode-_-any-3655565058557685475.dir/webapp/,AVAILABLE}{/hddsDatanode}
2019-11-19 03:47:55,433 [main] INFO  server.AbstractConnector (AbstractConnector.java:doStart(278)) - Started ServerConnector@1229a2b7{HTTP/1.1,[http/1.1]}{0.0.0.0:46013}
2019-11-19 03:47:55,433 [main] INFO  server.Server (Server.java:doStart(419)) - Started @5136ms
2019-11-19 03:47:55,434 [main] WARN  impl.MetricsSystemImpl (MetricsSystemImpl.java:register(276)) - Sink prometheus already exists!
2019-11-19 03:47:55,435 [main] INFO  server.BaseHttpServer (BaseHttpServer.java:updateConnectorAddress(215)) - HTTP server of HDDSDATANODE is listening at http://0.0.0.0:46013
2019-11-19 03:47:55,436 [main] INFO  impl.MetricsSystemImpl (MetricsSystemImpl.java:init(158)) - HddsDatanode metrics system started (again)
2019-11-19 03:47:55,438 [main] INFO  ozone.HddsDatanodeService (HddsDatanodeService.java:start(186)) - HddsDatanodeService host:pr-hdds-2536-847dz-100891120 ip:192.168.157.214
2019-11-19 03:47:55,439 [org.apache.hadoop.util.JvmPauseMonitor$Monitor@1254c6f7] INFO  util.JvmPauseMonitor (JvmPauseMonitor.java:run(188)) - Starting JVM pause monitor
2019-11-19 03:47:55,447 [main] INFO  volume.HddsVolume (HddsVolume.java:<init>(176)) - Creating Volume: /workdir/hadoop-ozone/tools/target/test-dir/MiniOzoneClusterImpl-416ee1e3-35e2-4142-88bf-bddadec884fc/datanode-2/data/containers/hdds of  storage type : DISK and capacity : 1482555576320
2019-11-19 03:47:55,448 [main] INFO  volume.VolumeSet (VolumeSet.java:initializeVolumeSet(170)) - Added Volume : /workdir/hadoop-ozone/tools/target/test-dir/MiniOzoneClusterImpl-416ee1e3-35e2-4142-88bf-bddadec884fc/datanode-2/data/containers/hdds to VolumeSet
2019-11-19 03:47:55,448 [main] INFO  volume.ThrottledAsyncChecker (ThrottledAsyncChecker.java:schedule(141)) - Scheduling a check for /workdir/hadoop-ozone/tools/target/test-dir/MiniOzoneClusterImpl-416ee1e3-35e2-4142-88bf-bddadec884fc/datanode-2/data/containers/hdds
2019-11-19 03:47:55,448 [main] INFO  volume.HddsVolumeChecker (HddsVolumeChecker.java:checkAllVolumes(204)) - Scheduled health check for volume /workdir/hadoop-ozone/tools/target/test-dir/MiniOzoneClusterImpl-416ee1e3-35e2-4142-88bf-bddadec884fc/datanode-2/data/containers/hdds
2019-11-19 03:47:55,463 [main] INFO  impl.RaftServerProxy (ConfUtils.java:logGet(43)) - raft.rpc.type = GRPC (default)
2019-11-19 03:47:55,463 [main] INFO  grpc.GrpcFactory (GrpcFactory.java:checkPooledByteBufAllocatorUseCacheForAllThreads(45)) - PERFORMANCE WARNING: useCacheForAllThreads is true that may cause Netty to create a lot garbage objects and, as a result, trigger GC.
	It is recommended to disable useCacheForAllThreads by setting -Dorg.apache.ratis.thirdparty.io.netty.allocator.useCacheForAllThreads=false in command line.
2019-11-19 03:47:55,463 [main] INFO  grpc.GrpcConfigKeys$Server (ConfUtils.java:logGet(43)) - raft.grpc.server.port = 0 (default)
2019-11-19 03:47:55,463 [main] INFO  server.GrpcService (ConfUtils.java:logGet(43)) - raft.grpc.message.size.max = 33570816 (custom)
2019-11-19 03:47:55,463 [main] INFO  server.RaftServerConfigKeys (ConfUtils.java:logGet(43)) - raft.server.log.appender.buffer.byte-limit = 33554432 (custom)
2019-11-19 03:47:55,464 [main] INFO  server.GrpcService (ConfUtils.java:logGet(43)) - raft.grpc.flow.control.window = 1MB (=1048576) (default)
2019-11-19 03:47:55,464 [main] INFO  server.RaftServerConfigKeys (ConfUtils.java:logGet(43)) - raft.server.rpc.request.timeout = 3000ms (default)
2019-11-19 03:47:55,464 [main] INFO  server.RaftServerConfigKeys (ConfUtils.java:logGet(43)) - raft.server.storage.dir = [/workdir/hadoop-ozone/tools/target/test-dir/MiniOzoneClusterImpl-416ee1e3-35e2-4142-88bf-bddadec884fc/datanode-2/data/ratis] (custom)
2019-11-19 03:47:55,467 [main] INFO  hdfs.DFSUtil (DFSUtil.java:httpServerTemplateForNNAndJN(1641)) - Starting Web-server for hddsDatanode at: http://0.0.0.0:0
2019-11-19 03:47:55,468 [main] INFO  server.AuthenticationFilter (AuthenticationFilter.java:constructSecretProvider(240)) - Unable to initialize FileSignerSecretProvider, falling back to use random secrets.
2019-11-19 03:47:55,468 [main] WARN  http.HttpRequestLog (HttpRequestLog.java:getRequestLog(97)) - Jetty request log can only be enabled using Log4j
2019-11-19 03:47:55,471 [main] INFO  http.HttpServer2 (HttpServer2.java:addGlobalFilter(975)) - Added global filter 'safety' (class=org.apache.hadoop.http.HttpServer2$QuotingInputFilter)
2019-11-19 03:47:55,471 [main] INFO  http.HttpServer2 (HttpServer2.java:addFilter(948)) - Added filter static_user_filter (class=org.apache.hadoop.http.lib.StaticUserWebFilter$StaticUserFilter) to context hddsDatanode
2019-11-19 03:47:55,471 [main] INFO  http.HttpServer2 (HttpServer2.java:addFilter(958)) - Added filter static_user_filter (class=org.apache.hadoop.http.lib.StaticUserWebFilter$StaticUserFilter) to context logs
2019-11-19 03:47:55,472 [main] INFO  http.HttpServer2 (HttpServer2.java:addFilter(958)) - Added filter static_user_filter (class=org.apache.hadoop.http.lib.StaticUserWebFilter$StaticUserFilter) to context static
2019-11-19 03:47:55,472 [main] INFO  http.HttpServer2 (HttpServer2.java:bindListener(1191)) - Jetty bound to port 35510
2019-11-19 03:47:55,473 [main] INFO  server.Server (Server.java:doStart(351)) - jetty-9.3.25.v20180904, build timestamp: 2018-09-04T21:11:46Z, git hash: 3ce520221d0240229c862b122d2b06c12a625732
2019-11-19 03:47:55,473 [Datanode State Machine Thread - 0] INFO  datanode.InitDatanodeState (InitDatanodeState.java:persistContainerDatanodeDetails(140)) - DatanodeDetails is persisted to /workdir/hadoop-ozone/tools/target/test-dir/MiniOzoneClusterImpl-416ee1e3-35e2-4142-88bf-bddadec884fc/datanode-0/meta/datanode.id
2019-11-19 03:47:55,476 [main] INFO  handler.ContextHandler (ContextHandler.java:doStart(781)) - Started o.e.j.s.ServletContextHandler@421056e5{/logs,file:///workdir/hadoop-ozone/tools/target/log,AVAILABLE}
2019-11-19 03:47:55,477 [main] INFO  handler.ContextHandler (ContextHandler.java:doStart(781)) - Started o.e.j.s.ServletContextHandler@60bbacfc{/static,jar:file:/home/user/.m2/repository/org/apache/hadoop/hadoop-hdds-container-service/0.5.0-SNAPSHOT/hadoop-hdds-container-service-0.5.0-SNAPSHOT.jar!/webapps/static,AVAILABLE}
2019-11-19 03:47:55,477 [Datanode State Machine Thread - 0] INFO  datanode.InitDatanodeState (InitDatanodeState.java:persistContainerDatanodeDetails(140)) - DatanodeDetails is persisted to /workdir/hadoop-ozone/tools/target/test-dir/MiniOzoneClusterImpl-416ee1e3-35e2-4142-88bf-bddadec884fc/datanode-1/meta/datanode.id
2019-11-19 03:47:55,507 [main] INFO  handler.ContextHandler (ContextHandler.java:doStart(781)) - Started o.e.j.w.WebAppContext@5f7989fa{/,file:///tmp/jetty-0.0.0.0-35510-hddsDatanode-_-any-6871389741859197659.dir/webapp/,AVAILABLE}{/hddsDatanode}
2019-11-19 03:47:55,508 [main] INFO  server.AbstractConnector (AbstractConnector.java:doStart(278)) - Started ServerConnector@5bc28f40{HTTP/1.1,[http/1.1]}{0.0.0.0:35510}
2019-11-19 03:47:55,508 [main] INFO  server.Server (Server.java:doStart(419)) - Started @5211ms
2019-11-19 03:47:55,509 [main] WARN  impl.MetricsSystemImpl (MetricsSystemImpl.java:register(276)) - Sink prometheus already exists!
2019-11-19 03:47:55,510 [main] INFO  server.BaseHttpServer (BaseHttpServer.java:updateConnectorAddress(215)) - HTTP server of HDDSDATANODE is listening at http://0.0.0.0:35510
2019-11-19 03:47:55,511 [main] INFO  ozone.MiniOzoneClusterImpl (MiniOzoneClusterImpl.java:lambda$waitForClusterToBeReady$0(150)) - Waiting for nodes to be ready. Got 0 of 3 DN Heartbeats.
2019-11-19 03:47:55,512 [main] INFO  ozone.MiniOzoneClusterImpl (MiniOzoneClusterImpl.java:lambda$waitForClusterToBeReady$0(153)) - Waiting for cluster to exit safe mode
2019-11-19 03:47:55,513 [org.apache.hadoop.util.JvmPauseMonitor$Monitor@a5de8c1] INFO  util.JvmPauseMonitor (JvmPauseMonitor.java:run(188)) - Starting JVM pause monitor
2019-11-19 03:47:55,516 [Datanode State Machine Thread - 0] INFO  datanode.InitDatanodeState (InitDatanodeState.java:persistContainerDatanodeDetails(140)) - DatanodeDetails is persisted to /workdir/hadoop-ozone/tools/target/test-dir/MiniOzoneClusterImpl-416ee1e3-35e2-4142-88bf-bddadec884fc/datanode-2/meta/datanode.id
2019-11-19 03:47:56,512 [main] INFO  ozone.MiniOzoneClusterImpl (MiniOzoneClusterImpl.java:lambda$waitForClusterToBeReady$0(150)) - Waiting for nodes to be ready. Got 0 of 3 DN Heartbeats.
2019-11-19 03:47:56,513 [main] INFO  ozone.MiniOzoneClusterImpl (MiniOzoneClusterImpl.java:lambda$waitForClusterToBeReady$0(153)) - Waiting for cluster to exit safe mode
2019-11-19 03:47:57,462 [Datanode State Machine Thread - 0] INFO  ozoneimpl.OzoneContainer (OzoneContainer.java:start(230)) - Attempting to start container services.
2019-11-19 03:47:57,462 [Datanode State Machine Thread - 0] INFO  ozoneimpl.OzoneContainer (OzoneContainer.java:start(230)) - Attempting to start container services.
2019-11-19 03:47:57,466 [Datanode State Machine Thread - 0] INFO  ozoneimpl.OzoneContainer (OzoneContainer.java:startContainerScrub(194)) - Background container scanner has been disabled.
2019-11-19 03:47:57,466 [Datanode State Machine Thread - 0] INFO  ozoneimpl.OzoneContainer (OzoneContainer.java:startContainerScrub(194)) - Background container scanner has been disabled.
2019-11-19 03:47:57,466 [Datanode State Machine Thread - 0] INFO  ratis.XceiverServerRatis (XceiverServerRatis.java:start(422)) - Starting XceiverServerRatis 5e677d00-17c4-46d7-af27-6ea1471f8275 at port 0
2019-11-19 03:47:57,466 [Datanode State Machine Thread - 0] INFO  ratis.XceiverServerRatis (XceiverServerRatis.java:start(422)) - Starting XceiverServerRatis 68ce684d-122b-4aed-8b9f-e4c378aa8e43 at port 0
2019-11-19 03:47:57,500 [Datanode State Machine Thread - 0] INFO  impl.RaftServerProxy (RaftServerProxy.java:lambda$start$3(299)) - 5e677d00-17c4-46d7-af27-6ea1471f8275: start RPC server
2019-11-19 03:47:57,500 [Datanode State Machine Thread - 0] INFO  impl.RaftServerProxy (RaftServerProxy.java:lambda$start$3(299)) - 68ce684d-122b-4aed-8b9f-e4c378aa8e43: start RPC server
2019-11-19 03:47:57,513 [main] INFO  ozone.MiniOzoneClusterImpl (MiniOzoneClusterImpl.java:lambda$waitForClusterToBeReady$0(150)) - Waiting for nodes to be ready. Got 0 of 3 DN Heartbeats.
2019-11-19 03:47:57,513 [main] INFO  ozone.MiniOzoneClusterImpl (MiniOzoneClusterImpl.java:lambda$waitForClusterToBeReady$0(153)) - Waiting for cluster to exit safe mode
2019-11-19 03:47:57,548 [Datanode State Machine Thread - 0] INFO  ozoneimpl.OzoneContainer (OzoneContainer.java:start(230)) - Attempting to start container services.
2019-11-19 03:47:57,555 [Datanode State Machine Thread - 0] INFO  ozoneimpl.OzoneContainer (OzoneContainer.java:startContainerScrub(194)) - Background container scanner has been disabled.
2019-11-19 03:47:57,555 [Datanode State Machine Thread - 0] INFO  ratis.XceiverServerRatis (XceiverServerRatis.java:start(422)) - Starting XceiverServerRatis 9cc7b172-5690-4837-9e8b-954d40059b5c at port 0
2019-11-19 03:47:57,564 [Datanode State Machine Thread - 0] INFO  impl.RaftServerProxy (RaftServerProxy.java:lambda$start$3(299)) - 9cc7b172-5690-4837-9e8b-954d40059b5c: start RPC server
2019-11-19 03:47:57,638 [Datanode State Machine Thread - 0] INFO  server.GrpcService (GrpcService.java:startImpl(158)) - 5e677d00-17c4-46d7-af27-6ea1471f8275: GrpcService started, listening on 0.0.0.0/0.0.0.0:44732
2019-11-19 03:47:57,638 [Datanode State Machine Thread - 0] INFO  server.GrpcService (GrpcService.java:startImpl(158)) - 9cc7b172-5690-4837-9e8b-954d40059b5c: GrpcService started, listening on 0.0.0.0/0.0.0.0:42035
2019-11-19 03:47:57,639 [Datanode State Machine Thread - 0] INFO  ratis.XceiverServerRatis (XceiverServerRatis.java:start(432)) - XceiverServerRatis 5e677d00-17c4-46d7-af27-6ea1471f8275 is started using port 44732
2019-11-19 03:47:57,638 [Datanode State Machine Thread - 0] INFO  server.GrpcService (GrpcService.java:startImpl(158)) - 68ce684d-122b-4aed-8b9f-e4c378aa8e43: GrpcService started, listening on 0.0.0.0/0.0.0.0:37339
2019-11-19 03:47:57,640 [Datanode State Machine Thread - 0] INFO  ratis.XceiverServerRatis (XceiverServerRatis.java:start(432)) - XceiverServerRatis 9cc7b172-5690-4837-9e8b-954d40059b5c is started using port 42035
2019-11-19 03:47:57,640 [Datanode State Machine Thread - 0] INFO  ratis.XceiverServerRatis (XceiverServerRatis.java:start(432)) - XceiverServerRatis 68ce684d-122b-4aed-8b9f-e4c378aa8e43 is started using port 37339
2019-11-19 03:47:57,645 [Datanode State Machine Thread - 0] INFO  server.XceiverServerGrpc (XceiverServerGrpc.java:start(145)) - XceiverServerGrpc 9cc7b172-5690-4837-9e8b-954d40059b5c is started using port 37508
2019-11-19 03:47:57,645 [Datanode State Machine Thread - 0] INFO  server.XceiverServerGrpc (XceiverServerGrpc.java:start(145)) - XceiverServerGrpc 5e677d00-17c4-46d7-af27-6ea1471f8275 is started using port 39526
2019-11-19 03:47:57,645 [Datanode State Machine Thread - 0] INFO  server.XceiverServerGrpc (XceiverServerGrpc.java:start(145)) - XceiverServerGrpc 68ce684d-122b-4aed-8b9f-e4c378aa8e43 is started using port 41584
2019-11-19 03:47:58,514 [main] INFO  ozone.MiniOzoneClusterImpl (MiniOzoneClusterImpl.java:lambda$waitForClusterToBeReady$0(150)) - Waiting for nodes to be ready. Got 0 of 3 DN Heartbeats.
2019-11-19 03:47:58,514 [main] INFO  ozone.MiniOzoneClusterImpl (MiniOzoneClusterImpl.java:lambda$waitForClusterToBeReady$0(153)) - Waiting for cluster to exit safe mode
2019-11-19 03:47:59,407 [IPC Server handler 0 on 43924] INFO  net.NetworkTopology (NetworkTopologyImpl.java:add(111)) - Added a new node: /default-rack/5e677d00-17c4-46d7-af27-6ea1471f8275
2019-11-19 03:47:59,408 [IPC Server handler 0 on 43924] INFO  node.SCMNodeManager (SCMNodeManager.java:register(267)) - Registered Data node : 5e677d00-17c4-46d7-af27-6ea1471f8275{ip: 192.168.157.214, host: pr-hdds-2536-847dz-100891120, networkLocation: /default-rack, certSerialId: null}
2019-11-19 03:47:59,411 [EventQueue-NodeRegistrationContainerReportForContainerSafeModeRule] INFO  safemode.SCMSafeModeManager (SCMSafeModeManager.java:validateSafeModeExitRules(176)) - ContainerSafeModeRule rule is successfully validated
2019-11-19 03:47:59,411 [EventQueue-NodeRegistrationContainerReportForDataNodeSafeModeRule] INFO  safemode.SCMSafeModeManager (DataNodeSafeModeRule.java:process(71)) - SCM in safe mode. 1 DataNodes registered, 1 required.
2019-11-19 03:47:59,412 [EventQueue-NodeRegistrationContainerReportForDataNodeSafeModeRule] INFO  safemode.SCMSafeModeManager (SCMSafeModeManager.java:validateSafeModeExitRules(176)) - DataNodeSafeModeRule rule is successfully validated
2019-11-19 03:47:59,416 [RatisPipelineUtilsThread] INFO  pipeline.RatisPipelineProvider (RatisPipelineProvider.java:lambda$create$4(163)) - Send pipeline:PipelineID=abe4e26b-0b14-4507-9013-7147cb898705 create command to datanode 5e677d00-17c4-46d7-af27-6ea1471f8275
2019-11-19 03:47:59,429 [RatisPipelineUtilsThread] INFO  pipeline.PipelineStateManager (PipelineStateManager.java:addPipeline(55)) - Created pipeline Pipeline[ Id: abe4e26b-0b14-4507-9013-7147cb898705, Nodes: 5e677d00-17c4-46d7-af27-6ea1471f8275{ip: 192.168.157.214, host: pr-hdds-2536-847dz-100891120, networkLocation: /default-rack, certSerialId: null}, Type:RATIS, Factor:ONE, State:ALLOCATED]
2019-11-19 03:47:59,441 [IPC Server handler 1 on 43924] INFO  net.NetworkTopology (NetworkTopologyImpl.java:add(111)) - Added a new node: /default-rack/68ce684d-122b-4aed-8b9f-e4c378aa8e43
2019-11-19 03:47:59,442 [IPC Server handler 1 on 43924] INFO  node.SCMNodeManager (SCMNodeManager.java:register(267)) - Registered Data node : 68ce684d-122b-4aed-8b9f-e4c378aa8e43{ip: 192.168.157.214, host: pr-hdds-2536-847dz-100891120, networkLocation: /default-rack, certSerialId: null}
2019-11-19 03:47:59,442 [EventQueue-NodeRegistrationContainerReportForContainerSafeModeRule] INFO  safemode.SCMSafeModeManager (SCMSafeModeManager.java:validateSafeModeExitRules(176)) - ContainerSafeModeRule rule is successfully validated
2019-11-19 03:47:59,442 [EventQueue-NodeRegistrationContainerReportForDataNodeSafeModeRule] INFO  safemode.SCMSafeModeManager (SCMSafeModeManager.java:validateSafeModeExitRules(176)) - DataNodeSafeModeRule rule is successfully validated
2019-11-19 03:47:59,444 [RatisPipelineUtilsThread] INFO  pipeline.RatisPipelineProvider (RatisPipelineProvider.java:lambda$create$4(163)) - Send pipeline:PipelineID=26ec4d44-df87-4366-9ec7-b2601835851f create command to datanode 68ce684d-122b-4aed-8b9f-e4c378aa8e43
2019-11-19 03:47:59,445 [RatisPipelineUtilsThread] INFO  pipeline.PipelineStateManager (PipelineStateManager.java:addPipeline(55)) - Created pipeline Pipeline[ Id: 26ec4d44-df87-4366-9ec7-b2601835851f, Nodes: 68ce684d-122b-4aed-8b9f-e4c378aa8e43{ip: 192.168.157.214, host: pr-hdds-2536-847dz-100891120, networkLocation: /default-rack, certSerialId: null}, Type:RATIS, Factor:ONE, State:ALLOCATED]
2019-11-19 03:47:59,515 [main] INFO  ozone.MiniOzoneClusterImpl (MiniOzoneClusterImpl.java:lambda$waitForClusterToBeReady$0(150)) - Waiting for nodes to be ready. Got 2 of 3 DN Heartbeats.
2019-11-19 03:47:59,515 [main] INFO  ozone.MiniOzoneClusterImpl (MiniOzoneClusterImpl.java:lambda$waitForClusterToBeReady$0(153)) - Waiting for cluster to exit safe mode
2019-11-19 03:47:59,516 [IPC Server handler 3 on 43924] INFO  net.NetworkTopology (NetworkTopologyImpl.java:add(111)) - Added a new node: /default-rack/9cc7b172-5690-4837-9e8b-954d40059b5c
2019-11-19 03:47:59,516 [IPC Server handler 3 on 43924] INFO  node.SCMNodeManager (SCMNodeManager.java:register(267)) - Registered Data node : 9cc7b172-5690-4837-9e8b-954d40059b5c{ip: 192.168.157.214, host: pr-hdds-2536-847dz-100891120, networkLocation: /default-rack, certSerialId: null}
2019-11-19 03:47:59,517 [EventQueue-NodeRegistrationContainerReportForDataNodeSafeModeRule] INFO  safemode.SCMSafeModeManager (SCMSafeModeManager.java:validateSafeModeExitRules(176)) - DataNodeSafeModeRule rule is successfully validated
2019-11-19 03:47:59,517 [RatisPipelineUtilsThread] INFO  pipeline.RatisPipelineProvider (RatisPipelineProvider.java:lambda$create$4(163)) - Send pipeline:PipelineID=cdda0389-c492-4fa7-96c3-793c5cb10cff create command to datanode 9cc7b172-5690-4837-9e8b-954d40059b5c
2019-11-19 03:47:59,517 [EventQueue-NodeRegistrationContainerReportForContainerSafeModeRule] INFO  safemode.SCMSafeModeManager (SCMSafeModeManager.java:validateSafeModeExitRules(176)) - ContainerSafeModeRule rule is successfully validated
2019-11-19 03:47:59,518 [RatisPipelineUtilsThread] INFO  pipeline.PipelineStateManager (PipelineStateManager.java:addPipeline(55)) - Created pipeline Pipeline[ Id: cdda0389-c492-4fa7-96c3-793c5cb10cff, Nodes: 9cc7b172-5690-4837-9e8b-954d40059b5c{ip: 192.168.157.214, host: pr-hdds-2536-847dz-100891120, networkLocation: /default-rack, certSerialId: null}, Type:RATIS, Factor:ONE, State:ALLOCATED]
2019-11-19 03:47:59,519 [RatisPipelineUtilsThread] INFO  pipeline.RatisPipelineProvider (RatisPipelineProvider.java:lambda$create$4(163)) - Send pipeline:PipelineID=b09c2bcc-08f3-4e28-a4ef-bbfffefeeb94 create command to datanode 68ce684d-122b-4aed-8b9f-e4c378aa8e43
2019-11-19 03:47:59,520 [RatisPipelineUtilsThread] INFO  pipeline.RatisPipelineProvider (RatisPipelineProvider.java:lambda$create$4(163)) - Send pipeline:PipelineID=b09c2bcc-08f3-4e28-a4ef-bbfffefeeb94 create command to datanode 5e677d00-17c4-46d7-af27-6ea1471f8275
2019-11-19 03:47:59,520 [RatisPipelineUtilsThread] INFO  pipeline.RatisPipelineProvider (RatisPipelineProvider.java:lambda$create$4(163)) - Send pipeline:PipelineID=b09c2bcc-08f3-4e28-a4ef-bbfffefeeb94 create command to datanode 9cc7b172-5690-4837-9e8b-954d40059b5c
2019-11-19 03:47:59,521 [RatisPipelineUtilsThread] INFO  pipeline.PipelineStateManager (PipelineStateManager.java:addPipeline(55)) - Created pipeline Pipeline[ Id: b09c2bcc-08f3-4e28-a4ef-bbfffefeeb94, Nodes: 68ce684d-122b-4aed-8b9f-e4c378aa8e43{ip: 192.168.157.214, host: pr-hdds-2536-847dz-100891120, networkLocation: /default-rack, certSerialId: null}5e677d00-17c4-46d7-af27-6ea1471f8275{ip: 192.168.157.214, host: pr-hdds-2536-847dz-100891120, networkLocation: /default-rack, certSerialId: null}9cc7b172-5690-4837-9e8b-954d40059b5c{ip: 192.168.157.214, host: pr-hdds-2536-847dz-100891120, networkLocation: /default-rack, certSerialId: null}, Type:RATIS, Factor:THREE, State:ALLOCATED]
2019-11-19 03:48:00,516 [main] INFO  ozone.MiniOzoneClusterImpl (MiniOzoneClusterImpl.java:lambda$waitForClusterToBeReady$0(150)) - Nodes are ready. Got 3 of 3 DN Heartbeats.
2019-11-19 03:48:00,516 [main] INFO  ozone.MiniOzoneClusterImpl (MiniOzoneClusterImpl.java:lambda$waitForClusterToBeReady$0(153)) - Waiting for cluster to exit safe mode
2019-11-19 03:48:01,517 [main] INFO  ozone.MiniOzoneClusterImpl (MiniOzoneClusterImpl.java:lambda$waitForClusterToBeReady$0(150)) - Nodes are ready. Got 3 of 3 DN Heartbeats.
2019-11-19 03:48:01,517 [main] INFO  ozone.MiniOzoneClusterImpl (MiniOzoneClusterImpl.java:lambda$waitForClusterToBeReady$0(153)) - Waiting for cluster to exit safe mode
2019-11-19 03:48:02,410 [Command processor thread] INFO  impl.RaftServerProxy (RaftServerProxy.java:addNew(89)) - 5e677d00-17c4-46d7-af27-6ea1471f8275: addNew group-7147CB898705:[5e677d00-17c4-46d7-af27-6ea1471f8275:192.168.157.214:44732] returns group-7147CB898705:java.util.concurrent.CompletableFuture@5ef6ea37[Not completed]
2019-11-19 03:48:02,435 [pool-27-thread-1] INFO  impl.RaftServerImpl (RaftServerImpl.java:<init>(98)) - 5e677d00-17c4-46d7-af27-6ea1471f8275: new RaftServerImpl for group-7147CB898705:[5e677d00-17c4-46d7-af27-6ea1471f8275:192.168.157.214:44732] with ContainerStateMachine:uninitialized
2019-11-19 03:48:02,438 [pool-27-thread-1] INFO  server.RaftServerConfigKeys (ConfUtils.java:logGet(43)) - raft.server.rpc.timeout.min = 5s (custom)
2019-11-19 03:48:02,439 [pool-27-thread-1] INFO  server.RaftServerConfigKeys (ConfUtils.java:logGet(43)) - raft.server.rpc.timeout.max = 5200ms (custom)
2019-11-19 03:48:02,439 [pool-27-thread-1] INFO  server.RaftServerConfigKeys (ConfUtils.java:logGet(43)) - raft.server.rpcslowness.timeout = 120s (custom)
2019-11-19 03:48:02,441 [pool-27-thread-1] INFO  server.RaftServerConfigKeys (ConfUtils.java:logGet(43)) - raft.server.sleep.deviation.threshold = 300 (default)
2019-11-19 03:48:02,441 [Command processor thread] INFO  impl.RaftServerProxy (RaftServerProxy.java:addNew(89)) - 68ce684d-122b-4aed-8b9f-e4c378aa8e43: addNew group-B2601835851F:[68ce684d-122b-4aed-8b9f-e4c378aa8e43:192.168.157.214:37339] returns group-B2601835851F:java.util.concurrent.CompletableFuture@631b0c0f[Not completed]
2019-11-19 03:48:02,443 [pool-27-thread-1] INFO  server.RaftServerConfigKeys (ConfUtils.java:logGet(43)) - raft.server.log.appender.install.snapshot.enabled = false (custom)
2019-11-19 03:48:02,465 [pool-37-thread-1] INFO  impl.RaftServerImpl (RaftServerImpl.java:<init>(98)) - 68ce684d-122b-4aed-8b9f-e4c378aa8e43: new RaftServerImpl for group-B2601835851F:[68ce684d-122b-4aed-8b9f-e4c378aa8e43:192.168.157.214:37339] with ContainerStateMachine:uninitialized
2019-11-19 03:48:02,467 [pool-37-thread-1] INFO  server.RaftServerConfigKeys (ConfUtils.java:logGet(43)) - raft.server.rpc.timeout.min = 5s (custom)
2019-11-19 03:48:02,467 [pool-37-thread-1] INFO  server.RaftServerConfigKeys (ConfUtils.java:logGet(43)) - raft.server.rpc.timeout.max = 5200ms (custom)
2019-11-19 03:48:02,468 [pool-37-thread-1] INFO  server.RaftServerConfigKeys (ConfUtils.java:logGet(43)) - raft.server.rpcslowness.timeout = 120s (custom)
2019-11-19 03:48:02,468 [pool-37-thread-1] INFO  server.RaftServerConfigKeys (ConfUtils.java:logGet(43)) - raft.server.sleep.deviation.threshold = 300 (default)
2019-11-19 03:48:02,468 [pool-37-thread-1] INFO  server.RaftServerConfigKeys (ConfUtils.java:logGet(43)) - raft.server.log.appender.install.snapshot.enabled = false (custom)
2019-11-19 03:48:02,472 [pool-27-thread-1] INFO  impl.RaftServerImpl (ServerState.java:<init>(103)) - 5e677d00-17c4-46d7-af27-6ea1471f8275@group-7147CB898705: ConfigurationManager, init=-1: [5e677d00-17c4-46d7-af27-6ea1471f8275:192.168.157.214:44732], old=null, confs=<EMPTY_MAP>
2019-11-19 03:48:02,472 [pool-37-thread-1] INFO  impl.RaftServerImpl (ServerState.java:<init>(103)) - 68ce684d-122b-4aed-8b9f-e4c378aa8e43@group-B2601835851F: ConfigurationManager, init=-1: [68ce684d-122b-4aed-8b9f-e4c378aa8e43:192.168.157.214:37339], old=null, confs=<EMPTY_MAP>
2019-11-19 03:48:02,472 [pool-27-thread-1] INFO  server.RaftServerConfigKeys (ConfUtils.java:logGet(43)) - raft.server.storage.dir = [/workdir/hadoop-ozone/tools/target/test-dir/MiniOzoneClusterImpl-416ee1e3-35e2-4142-88bf-bddadec884fc/datanode-0/data/ratis] (custom)
2019-11-19 03:48:02,473 [pool-37-thread-1] INFO  server.RaftServerConfigKeys (ConfUtils.java:logGet(43)) - raft.server.storage.dir = [/workdir/hadoop-ozone/tools/target/test-dir/MiniOzoneClusterImpl-416ee1e3-35e2-4142-88bf-bddadec884fc/datanode-1/data/ratis] (custom)
2019-11-19 03:48:02,480 [pool-27-thread-1] INFO  server.RaftServerConfigKeys (ConfUtils.java:logGet(43)) - raft.server.log.corruption.policy = EXCEPTION (default)
2019-11-19 03:48:02,480 [pool-37-thread-1] INFO  server.RaftServerConfigKeys (ConfUtils.java:logGet(43)) - raft.server.log.corruption.policy = EXCEPTION (default)
2019-11-19 03:48:02,482 [pool-27-thread-1] INFO  storage.RaftStorageDirectory (RaftStorageDirectory.java:analyzeStorage(246)) - The storage directory /workdir/hadoop-ozone/tools/target/test-dir/MiniOzoneClusterImpl-416ee1e3-35e2-4142-88bf-bddadec884fc/datanode-0/data/ratis/abe4e26b-0b14-4507-9013-7147cb898705 does not exist. Creating ...
2019-11-19 03:48:02,482 [pool-37-thread-1] INFO  storage.RaftStorageDirectory (RaftStorageDirectory.java:analyzeStorage(246)) - The storage directory /workdir/hadoop-ozone/tools/target/test-dir/MiniOzoneClusterImpl-416ee1e3-35e2-4142-88bf-bddadec884fc/datanode-1/data/ratis/26ec4d44-df87-4366-9ec7-b2601835851f does not exist. Creating ...
2019-11-19 03:48:02,515 [Command processor thread] INFO  impl.RaftServerProxy (RaftServerProxy.java:addNew(89)) - 9cc7b172-5690-4837-9e8b-954d40059b5c: addNew group-793C5CB10CFF:[9cc7b172-5690-4837-9e8b-954d40059b5c:192.168.157.214:42035] returns group-793C5CB10CFF:java.util.concurrent.CompletableFuture@619da3c2[Not completed]
2019-11-19 03:48:02,517 [main] INFO  ozone.MiniOzoneClusterImpl (MiniOzoneClusterImpl.java:lambda$waitForClusterToBeReady$0(150)) - Nodes are ready. Got 3 of 3 DN Heartbeats.
2019-11-19 03:48:02,525 [pool-27-thread-1] INFO  storage.RaftStorageDirectory (RaftStorageDirectory.java:tryLock(328)) - Lock on /workdir/hadoop-ozone/tools/target/test-dir/MiniOzoneClusterImpl-416ee1e3-35e2-4142-88bf-bddadec884fc/datanode-0/data/ratis/abe4e26b-0b14-4507-9013-7147cb898705/in_use.lock acquired by nodename 31164@pr-hdds-2536-847dz-100891120
2019-11-19 03:48:02,531 [main] INFO  ozone.MiniOzoneClusterImpl (MiniOzoneClusterImpl.java:lambda$waitForClusterToBeReady$0(153)) - Waiting for cluster to exit safe mode
2019-11-19 03:48:02,530 [pool-37-thread-1] INFO  storage.RaftStorageDirectory (RaftStorageDirectory.java:tryLock(328)) - Lock on /workdir/hadoop-ozone/tools/target/test-dir/MiniOzoneClusterImpl-416ee1e3-35e2-4142-88bf-bddadec884fc/datanode-1/data/ratis/26ec4d44-df87-4366-9ec7-b2601835851f/in_use.lock acquired by nodename 31164@pr-hdds-2536-847dz-100891120
2019-11-19 03:48:02,532 [pool-47-thread-1] INFO  impl.RaftServerImpl (RaftServerImpl.java:<init>(98)) - 9cc7b172-5690-4837-9e8b-954d40059b5c: new RaftServerImpl for group-793C5CB10CFF:[9cc7b172-5690-4837-9e8b-954d40059b5c:192.168.157.214:42035] with ContainerStateMachine:uninitialized
2019-11-19 03:48:02,533 [pool-47-thread-1] INFO  server.RaftServerConfigKeys (ConfUtils.java:logGet(43)) - raft.server.rpc.timeout.min = 5s (custom)
2019-11-19 03:48:02,534 [pool-47-thread-1] INFO  server.RaftServerConfigKeys (ConfUtils.java:logGet(43)) - raft.server.rpc.timeout.max = 5200ms (custom)
2019-11-19 03:48:02,534 [pool-47-thread-1] INFO  server.RaftServerConfigKeys (ConfUtils.java:logGet(43)) - raft.server.rpcslowness.timeout = 120s (custom)
2019-11-19 03:48:02,534 [pool-47-thread-1] INFO  server.RaftServerConfigKeys (ConfUtils.java:logGet(43)) - raft.server.sleep.deviation.threshold = 300 (default)
2019-11-19 03:48:02,535 [pool-47-thread-1] INFO  server.RaftServerConfigKeys (ConfUtils.java:logGet(43)) - raft.server.log.appender.install.snapshot.enabled = false (custom)
2019-11-19 03:48:02,535 [pool-47-thread-1] INFO  impl.RaftServerImpl (ServerState.java:<init>(103)) - 9cc7b172-5690-4837-9e8b-954d40059b5c@group-793C5CB10CFF: ConfigurationManager, init=-1: [9cc7b172-5690-4837-9e8b-954d40059b5c:192.168.157.214:42035], old=null, confs=<EMPTY_MAP>
2019-11-19 03:48:02,535 [pool-47-thread-1] INFO  server.RaftServerConfigKeys (ConfUtils.java:logGet(43)) - raft.server.storage.dir = [/workdir/hadoop-ozone/tools/target/test-dir/MiniOzoneClusterImpl-416ee1e3-35e2-4142-88bf-bddadec884fc/datanode-2/data/ratis] (custom)
2019-11-19 03:48:02,536 [pool-47-thread-1] INFO  server.RaftServerConfigKeys (ConfUtils.java:logGet(43)) - raft.server.log.corruption.policy = EXCEPTION (default)
2019-11-19 03:48:02,537 [pool-47-thread-1] INFO  storage.RaftStorageDirectory (RaftStorageDirectory.java:analyzeStorage(246)) - The storage directory /workdir/hadoop-ozone/tools/target/test-dir/MiniOzoneClusterImpl-416ee1e3-35e2-4142-88bf-bddadec884fc/datanode-2/data/ratis/cdda0389-c492-4fa7-96c3-793c5cb10cff does not exist. Creating ...
2019-11-19 03:48:02,558 [pool-47-thread-1] INFO  storage.RaftStorageDirectory (RaftStorageDirectory.java:tryLock(328)) - Lock on /workdir/hadoop-ozone/tools/target/test-dir/MiniOzoneClusterImpl-416ee1e3-35e2-4142-88bf-bddadec884fc/datanode-2/data/ratis/cdda0389-c492-4fa7-96c3-793c5cb10cff/in_use.lock acquired by nodename 31164@pr-hdds-2536-847dz-100891120
2019-11-19 03:48:02,558 [pool-27-thread-1] INFO  storage.RaftStorage (RaftStorage.java:format(84)) - Storage directory /workdir/hadoop-ozone/tools/target/test-dir/MiniOzoneClusterImpl-416ee1e3-35e2-4142-88bf-bddadec884fc/datanode-0/data/ratis/abe4e26b-0b14-4507-9013-7147cb898705 has been successfully formatted.
2019-11-19 03:48:02,558 [pool-37-thread-1] INFO  storage.RaftStorage (RaftStorage.java:format(84)) - Storage directory /workdir/hadoop-ozone/tools/target/test-dir/MiniOzoneClusterImpl-416ee1e3-35e2-4142-88bf-bddadec884fc/datanode-1/data/ratis/26ec4d44-df87-4366-9ec7-b2601835851f has been successfully formatted.
2019-11-19 03:48:02,562 [pool-27-thread-1] INFO  ratis.ContainerStateMachine (ContainerStateMachine.java:loadSnapshot(223)) - group-7147CB898705: The snapshot info is null. Setting the last applied indexto:(t:0, i:~)
2019-11-19 03:48:02,562 [pool-37-thread-1] INFO  ratis.ContainerStateMachine (ContainerStateMachine.java:loadSnapshot(223)) - group-B2601835851F: The snapshot info is null. Setting the last applied indexto:(t:0, i:~)
2019-11-19 03:48:02,563 [pool-27-thread-1] INFO  server.RaftServerConfigKeys (ConfUtils.java:logGet(43)) - raft.server.notification.no-leader.timeout = 120s (custom)
2019-11-19 03:48:02,563 [pool-37-thread-1] INFO  server.RaftServerConfigKeys (ConfUtils.java:logGet(43)) - raft.server.notification.no-leader.timeout = 120s (custom)
2019-11-19 03:48:02,566 [pool-27-thread-1] INFO  server.RaftServerConfigKeys (ConfUtils.java:logGet(43)) - raft.server.log.use.memory = false (default)
2019-11-19 03:48:02,566 [pool-37-thread-1] INFO  server.RaftServerConfigKeys (ConfUtils.java:logGet(43)) - raft.server.log.use.memory = false (default)
2019-11-19 03:48:02,572 [pool-27-thread-1] INFO  server.RaftServerConfigKeys (ConfUtils.java:logGet(43)) - raft.server.log.purge.gap = 1000000 (custom)
2019-11-19 03:48:02,573 [pool-37-thread-1] INFO  server.RaftServerConfigKeys (ConfUtils.java:logGet(43)) - raft.server.log.purge.gap = 1000000 (custom)
2019-11-19 03:48:02,573 [pool-27-thread-1] INFO  server.RaftServerConfigKeys (ConfUtils.java:logGet(43)) - raft.server.log.appender.buffer.byte-limit = 33554432 (custom)
2019-11-19 03:48:02,573 [pool-37-thread-1] INFO  server.RaftServerConfigKeys (ConfUtils.java:logGet(43)) - raft.server.log.appender.buffer.byte-limit = 33554432 (custom)
2019-11-19 03:48:02,575 [pool-27-thread-1] INFO  server.RaftServerConfigKeys (ConfUtils.java:logGet(43)) - raft.server.log.segment.size.max = 1048576 (custom)
2019-11-19 03:48:02,576 [pool-37-thread-1] INFO  server.RaftServerConfigKeys (ConfUtils.java:logGet(43)) - raft.server.log.segment.size.max = 1048576 (custom)
2019-11-19 03:48:02,581 [pool-27-thread-1] INFO  metrics.MetricRegistries (MetricRegistriesLoader.java:load(64)) - Loaded MetricRegistries class org.apache.ratis.metrics.impl.MetricRegistriesImpl
2019-11-19 03:48:02,582 [pool-47-thread-1] INFO  storage.RaftStorage (RaftStorage.java:format(84)) - Storage directory /workdir/hadoop-ozone/tools/target/test-dir/MiniOzoneClusterImpl-416ee1e3-35e2-4142-88bf-bddadec884fc/datanode-2/data/ratis/cdda0389-c492-4fa7-96c3-793c5cb10cff has been successfully formatted.
2019-11-19 03:48:02,583 [pool-47-thread-1] INFO  ratis.ContainerStateMachine (ContainerStateMachine.java:loadSnapshot(223)) - group-793C5CB10CFF: The snapshot info is null. Setting the last applied indexto:(t:0, i:~)
2019-11-19 03:48:02,583 [pool-47-thread-1] INFO  server.RaftServerConfigKeys (ConfUtils.java:logGet(43)) - raft.server.notification.no-leader.timeout = 120s (custom)
2019-11-19 03:48:02,583 [pool-47-thread-1] INFO  server.RaftServerConfigKeys (ConfUtils.java:logGet(43)) - raft.server.log.use.memory = false (default)
2019-11-19 03:48:02,584 [pool-47-thread-1] INFO  server.RaftServerConfigKeys (ConfUtils.java:logGet(43)) - raft.server.log.purge.gap = 1000000 (custom)
2019-11-19 03:48:02,584 [pool-47-thread-1] INFO  server.RaftServerConfigKeys (ConfUtils.java:logGet(43)) - raft.server.log.appender.buffer.byte-limit = 33554432 (custom)
2019-11-19 03:48:02,584 [pool-47-thread-1] INFO  server.RaftServerConfigKeys (ConfUtils.java:logGet(43)) - raft.server.log.segment.size.max = 1048576 (custom)
2019-11-19 03:48:02,586 [pool-27-thread-1] WARN  impl.MetricRegistriesImpl (MetricRegistriesImpl.java:lambda$create$1(61)) - First MetricRegistry has been created without registering reporters. You may need to call MetricRegistries.global().addReportRegistration(...) before.
2019-11-19 03:48:02,586 [pool-37-thread-1] WARN  impl.MetricRegistriesImpl (MetricRegistriesImpl.java:lambda$create$1(61)) - First MetricRegistry has been created without registering reporters. You may need to call MetricRegistries.global().addReportRegistration(...) before.
2019-11-19 03:48:02,586 [pool-47-thread-1] WARN  impl.MetricRegistriesImpl (MetricRegistriesImpl.java:lambda$create$1(61)) - First MetricRegistry has been created without registering reporters. You may need to call MetricRegistries.global().addReportRegistration(...) before.
2019-11-19 03:48:02,594 [pool-27-thread-1] INFO  server.RaftServerConfigKeys (ConfUtils.java:logGet(43)) - raft.server.log.segment.cache.num.max = 2 (custom)
2019-11-19 03:48:02,594 [pool-37-thread-1] INFO  server.RaftServerConfigKeys (ConfUtils.java:logGet(43)) - raft.server.log.segment.cache.num.max = 2 (custom)
2019-11-19 03:48:02,594 [pool-47-thread-1] INFO  server.RaftServerConfigKeys (ConfUtils.java:logGet(43)) - raft.server.log.segment.cache.num.max = 2 (custom)
2019-11-19 03:48:02,600 [pool-37-thread-1] INFO  segmented.SegmentedRaftLogWorker (SegmentedRaftLogWorker.java:<init>(173)) - new 68ce684d-122b-4aed-8b9f-e4c378aa8e43@group-B2601835851F-SegmentedRaftLogWorker for RaftStorage:Storage Directory /workdir/hadoop-ozone/tools/target/test-dir/MiniOzoneClusterImpl-416ee1e3-35e2-4142-88bf-bddadec884fc/datanode-1/data/ratis/26ec4d44-df87-4366-9ec7-b2601835851f
2019-11-19 03:48:02,600 [pool-47-thread-1] INFO  segmented.SegmentedRaftLogWorker (SegmentedRaftLogWorker.java:<init>(173)) - new 9cc7b172-5690-4837-9e8b-954d40059b5c@group-793C5CB10CFF-SegmentedRaftLogWorker for RaftStorage:Storage Directory /workdir/hadoop-ozone/tools/target/test-dir/MiniOzoneClusterImpl-416ee1e3-35e2-4142-88bf-bddadec884fc/datanode-2/data/ratis/cdda0389-c492-4fa7-96c3-793c5cb10cff
2019-11-19 03:48:02,600 [pool-27-thread-1] INFO  segmented.SegmentedRaftLogWorker (SegmentedRaftLogWorker.java:<init>(173)) - new 5e677d00-17c4-46d7-af27-6ea1471f8275@group-7147CB898705-SegmentedRaftLogWorker for RaftStorage:Storage Directory /workdir/hadoop-ozone/tools/target/test-dir/MiniOzoneClusterImpl-416ee1e3-35e2-4142-88bf-bddadec884fc/datanode-0/data/ratis/abe4e26b-0b14-4507-9013-7147cb898705
2019-11-19 03:48:02,602 [pool-37-thread-1] INFO  server.RaftServerConfigKeys (ConfUtils.java:logGet(43)) - raft.server.log.queue.byte-limit = 2147483647 (custom)
2019-11-19 03:48:02,602 [pool-27-thread-1] INFO  server.RaftServerConfigKeys (ConfUtils.java:logGet(43)) - raft.server.log.queue.byte-limit = 2147483647 (custom)
2019-11-19 03:48:02,602 [pool-47-thread-1] INFO  server.RaftServerConfigKeys (ConfUtils.java:logGet(43)) - raft.server.log.queue.byte-limit = 2147483647 (custom)
2019-11-19 03:48:02,602 [pool-27-thread-1] INFO  server.RaftServerConfigKeys (ConfUtils.java:logGet(43)) - raft.server.log.queue.element-limit = 1024 (custom)
2019-11-19 03:48:02,602 [pool-37-thread-1] INFO  server.RaftServerConfigKeys (ConfUtils.java:logGet(43)) - raft.server.log.queue.element-limit = 1024 (custom)
2019-11-19 03:48:02,603 [pool-47-thread-1] INFO  server.RaftServerConfigKeys (ConfUtils.java:logGet(43)) - raft.server.log.queue.element-limit = 1024 (custom)
2019-11-19 03:48:02,604 [pool-27-thread-1] INFO  server.RaftServerConfigKeys (ConfUtils.java:logGet(43)) - raft.server.log.segment.size.max = 1048576 (custom)
2019-11-19 03:48:02,604 [pool-47-thread-1] INFO  server.RaftServerConfigKeys (ConfUtils.java:logGet(43)) - raft.server.log.segment.size.max = 1048576 (custom)
2019-11-19 03:48:02,604 [pool-37-thread-1] INFO  server.RaftServerConfigKeys (ConfUtils.java:logGet(43)) - raft.server.log.segment.size.max = 1048576 (custom)
2019-11-19 03:48:02,604 [pool-27-thread-1] INFO  server.RaftServerConfigKeys (ConfUtils.java:logGet(43)) - raft.server.log.preallocated.size = 16384 (custom)
2019-11-19 03:48:02,604 [pool-37-thread-1] INFO  server.RaftServerConfigKeys (ConfUtils.java:logGet(43)) - raft.server.log.preallocated.size = 16384 (custom)
2019-11-19 03:48:02,604 [pool-47-thread-1] INFO  server.RaftServerConfigKeys (ConfUtils.java:logGet(43)) - raft.server.log.preallocated.size = 16384 (custom)
2019-11-19 03:48:02,605 [pool-27-thread-1] INFO  server.RaftServerConfigKeys (ConfUtils.java:logGet(43)) - raft.server.log.write.buffer.size = 33554432 (custom)
2019-11-19 03:48:02,605 [pool-47-thread-1] INFO  server.RaftServerConfigKeys (ConfUtils.java:logGet(43)) - raft.server.log.write.buffer.size = 33554432 (custom)
2019-11-19 03:48:02,605 [pool-37-thread-1] INFO  server.RaftServerConfigKeys (ConfUtils.java:logGet(43)) - raft.server.log.write.buffer.size = 33554432 (custom)
2019-11-19 03:48:02,605 [pool-27-thread-1] INFO  server.RaftServerConfigKeys (ConfUtils.java:logGet(43)) - raft.server.log.force.sync.num = 128 (default)
2019-11-19 03:48:02,605 [pool-37-thread-1] INFO  server.RaftServerConfigKeys (ConfUtils.java:logGet(43)) - raft.server.log.force.sync.num = 128 (default)
2019-11-19 03:48:02,605 [pool-47-thread-1] INFO  server.RaftServerConfigKeys (ConfUtils.java:logGet(43)) - raft.server.log.force.sync.num = 128 (default)
2019-11-19 03:48:02,606 [pool-27-thread-1] INFO  server.RaftServerConfigKeys (ConfUtils.java:logGet(43)) - raft.server.log.statemachine.data.sync = true (default)
2019-11-19 03:48:02,607 [pool-47-thread-1] INFO  server.RaftServerConfigKeys (ConfUtils.java:logGet(43)) - raft.server.log.statemachine.data.sync = true (default)
2019-11-19 03:48:02,607 [pool-27-thread-1] INFO  server.RaftServerConfigKeys (ConfUtils.java:logGet(43)) - raft.server.log.statemachine.data.sync.timeout = 10s (default)
2019-11-19 03:48:02,607 [pool-37-thread-1] INFO  server.RaftServerConfigKeys (ConfUtils.java:logGet(43)) - raft.server.log.statemachine.data.sync = true (default)
2019-11-19 03:48:02,607 [pool-47-thread-1] INFO  server.RaftServerConfigKeys (ConfUtils.java:logGet(43)) - raft.server.log.statemachine.data.sync.timeout = 10s (default)
2019-11-19 03:48:02,607 [pool-37-thread-1] INFO  server.RaftServerConfigKeys (ConfUtils.java:logGet(43)) - raft.server.log.statemachine.data.sync.timeout = 10s (default)
2019-11-19 03:48:02,607 [pool-47-thread-1] INFO  server.RaftServerConfigKeys (ConfUtils.java:logGet(43)) - raft.server.log.statemachine.data.sync.timeout.retry = -1 (default)
2019-11-19 03:48:02,607 [pool-27-thread-1] INFO  server.RaftServerConfigKeys (ConfUtils.java:logGet(43)) - raft.server.log.statemachine.data.sync.timeout.retry = -1 (default)
2019-11-19 03:48:02,608 [pool-37-thread-1] INFO  server.RaftServerConfigKeys (ConfUtils.java:logGet(43)) - raft.server.log.statemachine.data.sync.timeout.retry = -1 (default)
2019-11-19 03:48:02,622 [pool-27-thread-1] INFO  server.RaftServerConfigKeys (ConfUtils.java:logGet(43)) - raft.server.log.statemachine.data.caching.enabled = true (custom)
2019-11-19 03:48:02,622 [pool-47-thread-1] INFO  server.RaftServerConfigKeys (ConfUtils.java:logGet(43)) - raft.server.log.statemachine.data.caching.enabled = true (custom)
2019-11-19 03:48:02,622 [pool-37-thread-1] INFO  server.RaftServerConfigKeys (ConfUtils.java:logGet(43)) - raft.server.log.statemachine.data.caching.enabled = true (custom)
2019-11-19 03:48:02,629 [pool-27-thread-1] INFO  segmented.SegmentedRaftLogWorker (SegmentedRaftLogWorker.java:lambda$new$0(128)) - 5e677d00-17c4-46d7-af27-6ea1471f8275@group-7147CB898705-SegmentedRaftLogWorker: flushIndex: setUnconditionally 0 -> -1
2019-11-19 03:48:02,629 [pool-47-thread-1] INFO  segmented.SegmentedRaftLogWorker (SegmentedRaftLogWorker.java:lambda$new$0(128)) - 9cc7b172-5690-4837-9e8b-954d40059b5c@group-793C5CB10CFF-SegmentedRaftLogWorker: flushIndex: setUnconditionally 0 -> -1
2019-11-19 03:48:02,629 [pool-37-thread-1] INFO  segmented.SegmentedRaftLogWorker (SegmentedRaftLogWorker.java:lambda$new$0(128)) - 68ce684d-122b-4aed-8b9f-e4c378aa8e43@group-B2601835851F-SegmentedRaftLogWorker: flushIndex: setUnconditionally 0 -> -1
2019-11-19 03:48:02,635 [pool-27-thread-1] INFO  server.RaftServerConfigKeys (ConfUtils.java:logGet(43)) - raft.server.snapshot.auto.trigger.enabled = true (custom)
2019-11-19 03:48:02,635 [pool-37-thread-1] INFO  server.RaftServerConfigKeys (ConfUtils.java:logGet(43)) - raft.server.snapshot.auto.trigger.enabled = true (custom)
2019-11-19 03:48:02,635 [pool-47-thread-1] INFO  server.RaftServerConfigKeys (ConfUtils.java:logGet(43)) - raft.server.snapshot.auto.trigger.enabled = true (custom)
2019-11-19 03:48:02,636 [pool-27-thread-1] INFO  server.RaftServerConfigKeys (ConfUtils.java:logGet(43)) - raft.server.snapshot.auto.trigger.threshold = 10000 (custom)
2019-11-19 03:48:02,636 [pool-37-thread-1] INFO  server.RaftServerConfigKeys (ConfUtils.java:logGet(43)) - raft.server.snapshot.auto.trigger.threshold = 10000 (custom)
2019-11-19 03:48:02,636 [pool-47-thread-1] INFO  server.RaftServerConfigKeys (ConfUtils.java:logGet(43)) - raft.server.snapshot.auto.trigger.threshold = 10000 (custom)
2019-11-19 03:48:02,636 [pool-27-thread-1] INFO  server.RaftServerConfigKeys (ConfUtils.java:logGet(43)) - raft.server.snapshot.retention.file.num = 5 (custom)
2019-11-19 03:48:02,636 [pool-47-thread-1] INFO  server.RaftServerConfigKeys (ConfUtils.java:logGet(43)) - raft.server.snapshot.retention.file.num = 5 (custom)
2019-11-19 03:48:02,637 [pool-37-thread-1] INFO  server.RaftServerConfigKeys (ConfUtils.java:logGet(43)) - raft.server.snapshot.retention.file.num = 5 (custom)
2019-11-19 03:48:02,637 [pool-47-thread-1] INFO  server.RaftServerConfigKeys (ConfUtils.java:logGet(43)) - raft.server.retrycache.expirytime = 600000ms (custom)
2019-11-19 03:48:02,637 [pool-37-thread-1] INFO  server.RaftServerConfigKeys (ConfUtils.java:logGet(43)) - raft.server.retrycache.expirytime = 600000ms (custom)
2019-11-19 03:48:02,637 [pool-27-thread-1] INFO  server.RaftServerConfigKeys (ConfUtils.java:logGet(43)) - raft.server.retrycache.expirytime = 600000ms (custom)
2019-11-19 03:48:02,660 [pool-37-thread-1] WARN  impl.MetricRegistriesImpl (MetricRegistriesImpl.java:lambda$create$1(61)) - First MetricRegistry has been created without registering reporters. You may need to call MetricRegistries.global().addReportRegistration(...) before.
2019-11-19 03:48:02,660 [pool-47-thread-1] WARN  impl.MetricRegistriesImpl (MetricRegistriesImpl.java:lambda$create$1(61)) - First MetricRegistry has been created without registering reporters. You may need to call MetricRegistries.global().addReportRegistration(...) before.
2019-11-19 03:48:02,660 [pool-27-thread-1] WARN  impl.MetricRegistriesImpl (MetricRegistriesImpl.java:lambda$create$1(61)) - First MetricRegistry has been created without registering reporters. You may need to call MetricRegistries.global().addReportRegistration(...) before.
2019-11-19 03:48:02,663 [pool-27-thread-1] WARN  impl.MetricRegistriesImpl (MetricRegistriesImpl.java:lambda$create$1(61)) - First MetricRegistry has been created without registering reporters. You may need to call MetricRegistries.global().addReportRegistration(...) before.
2019-11-19 03:48:02,663 [pool-37-thread-1] WARN  impl.MetricRegistriesImpl (MetricRegistriesImpl.java:lambda$create$1(61)) - First MetricRegistry has been created without registering reporters. You may need to call MetricRegistries.global().addReportRegistration(...) before.
2019-11-19 03:48:02,663 [pool-47-thread-1] WARN  impl.MetricRegistriesImpl (MetricRegistriesImpl.java:lambda$create$1(61)) - First MetricRegistry has been created without registering reporters. You may need to call MetricRegistries.global().addReportRegistration(...) before.
2019-11-19 03:48:02,664 [pool-27-thread-1] INFO  impl.RaftServerImpl (RaftServerImpl.java:start(184)) - 5e677d00-17c4-46d7-af27-6ea1471f8275@group-7147CB898705: start as a follower, conf=-1: [5e677d00-17c4-46d7-af27-6ea1471f8275:192.168.157.214:44732], old=null
2019-11-19 03:48:02,664 [pool-37-thread-1] INFO  impl.RaftServerImpl (RaftServerImpl.java:start(184)) - 68ce684d-122b-4aed-8b9f-e4c378aa8e43@group-B2601835851F: start as a follower, conf=-1: [68ce684d-122b-4aed-8b9f-e4c378aa8e43:192.168.157.214:37339], old=null
2019-11-19 03:48:02,664 [pool-47-thread-1] INFO  impl.RaftServerImpl (RaftServerImpl.java:start(184)) - 9cc7b172-5690-4837-9e8b-954d40059b5c@group-793C5CB10CFF: start as a follower, conf=-1: [9cc7b172-5690-4837-9e8b-954d40059b5c:192.168.157.214:42035], old=null
2019-11-19 03:48:02,665 [pool-27-thread-1] INFO  impl.RaftServerImpl (RaftServerImpl.java:setRole(173)) - 5e677d00-17c4-46d7-af27-6ea1471f8275@group-7147CB898705: changes role from      null to FOLLOWER at term 0 for startAsFollower
2019-11-19 03:48:02,665 [pool-37-thread-1] INFO  impl.RaftServerImpl (RaftServerImpl.java:setRole(173)) - 68ce684d-122b-4aed-8b9f-e4c378aa8e43@group-B2601835851F: changes role from      null to FOLLOWER at term 0 for startAsFollower
2019-11-19 03:48:02,665 [pool-47-thread-1] INFO  impl.RaftServerImpl (RaftServerImpl.java:setRole(173)) - 9cc7b172-5690-4837-9e8b-954d40059b5c@group-793C5CB10CFF: changes role from      null to FOLLOWER at term 0 for startAsFollower
2019-11-19 03:48:02,667 [pool-27-thread-1] INFO  impl.RoleInfo (RoleInfo.java:updateAndGet(143)) - 5e677d00-17c4-46d7-af27-6ea1471f8275: start FollowerState
2019-11-19 03:48:02,667 [pool-47-thread-1] INFO  impl.RoleInfo (RoleInfo.java:updateAndGet(143)) - 9cc7b172-5690-4837-9e8b-954d40059b5c: start FollowerState
2019-11-19 03:48:02,667 [pool-37-thread-1] INFO  impl.RoleInfo (RoleInfo.java:updateAndGet(143)) - 68ce684d-122b-4aed-8b9f-e4c378aa8e43: start FollowerState
2019-11-19 03:48:02,672 [pool-27-thread-1] INFO  util.JmxRegister (JmxRegister.java:tryRegister(44)) - Successfully registered JMX Bean with object name Ratis:service=RaftServer,group=group-7147CB898705,id=5e677d00-17c4-46d7-af27-6ea1471f8275
2019-11-19 03:48:02,672 [pool-37-thread-1] INFO  util.JmxRegister (JmxRegister.java:tryRegister(44)) - Successfully registered JMX Bean with object name Ratis:service=RaftServer,group=group-B2601835851F,id=68ce684d-122b-4aed-8b9f-e4c378aa8e43
2019-11-19 03:48:02,672 [pool-47-thread-1] INFO  util.JmxRegister (JmxRegister.java:tryRegister(44)) - Successfully registered JMX Bean with object name Ratis:service=RaftServer,group=group-793C5CB10CFF,id=9cc7b172-5690-4837-9e8b-954d40059b5c
2019-11-19 03:48:02,674 [pool-27-thread-1] WARN  impl.MetricRegistriesImpl (MetricRegistriesImpl.java:lambda$create$1(61)) - First MetricRegistry has been created without registering reporters. You may need to call MetricRegistries.global().addReportRegistration(...) before.
2019-11-19 03:48:02,674 [pool-47-thread-1] WARN  impl.MetricRegistriesImpl (MetricRegistriesImpl.java:lambda$create$1(61)) - First MetricRegistry has been created without registering reporters. You may need to call MetricRegistries.global().addReportRegistration(...) before.
2019-11-19 03:48:02,674 [pool-37-thread-1] WARN  impl.MetricRegistriesImpl (MetricRegistriesImpl.java:lambda$create$1(61)) - First MetricRegistry has been created without registering reporters. You may need to call MetricRegistries.global().addReportRegistration(...) before.
2019-11-19 03:48:02,688 [Command processor thread] INFO  commandhandler.CreatePipelineCommandHandler (CreatePipelineCommandHandler.java:handle(86)) - Create Pipeline RATIS ONE #id: "abe4e26b-0b14-4507-9013-7147cb898705"
 command succeed on datanode 5e677d00-17c4-46d7-af27-6ea1471f8275.
2019-11-19 03:48:02,688 [Command processor thread] INFO  commandhandler.CreatePipelineCommandHandler (CreatePipelineCommandHandler.java:handle(86)) - Create Pipeline RATIS ONE #id: "26ec4d44-df87-4366-9ec7-b2601835851f"
 command succeed on datanode 68ce684d-122b-4aed-8b9f-e4c378aa8e43.
2019-11-19 03:48:02,688 [Command processor thread] INFO  commandhandler.CreatePipelineCommandHandler (CreatePipelineCommandHandler.java:handle(86)) - Create Pipeline RATIS ONE #id: "cdda0389-c492-4fa7-96c3-793c5cb10cff"
 command succeed on datanode 9cc7b172-5690-4837-9e8b-954d40059b5c.
2019-11-19 03:48:02,695 [Command processor thread] INFO  impl.RaftServerProxy (RaftServerProxy.java:addNew(89)) - 5e677d00-17c4-46d7-af27-6ea1471f8275: addNew group-BBFFFEFEEB94:[9cc7b172-5690-4837-9e8b-954d40059b5c:192.168.157.214:42035, 68ce684d-122b-4aed-8b9f-e4c378aa8e43:192.168.157.214:37339, 5e677d00-17c4-46d7-af27-6ea1471f8275:192.168.157.214:44732] returns group-BBFFFEFEEB94:java.util.concurrent.CompletableFuture@457ba54e[Not completed]
2019-11-19 03:48:02,695 [Command processor thread] INFO  impl.RaftServerProxy (RaftServerProxy.java:addNew(89)) - 68ce684d-122b-4aed-8b9f-e4c378aa8e43: addNew group-BBFFFEFEEB94:[9cc7b172-5690-4837-9e8b-954d40059b5c:192.168.157.214:42035, 68ce684d-122b-4aed-8b9f-e4c378aa8e43:192.168.157.214:37339, 5e677d00-17c4-46d7-af27-6ea1471f8275:192.168.157.214:44732] returns group-BBFFFEFEEB94:java.util.concurrent.CompletableFuture@672484b4[Not completed]
2019-11-19 03:48:02,695 [Command processor thread] INFO  impl.RaftServerProxy (RaftServerProxy.java:addNew(89)) - 9cc7b172-5690-4837-9e8b-954d40059b5c: addNew group-BBFFFEFEEB94:[9cc7b172-5690-4837-9e8b-954d40059b5c:192.168.157.214:42035, 68ce684d-122b-4aed-8b9f-e4c378aa8e43:192.168.157.214:37339, 5e677d00-17c4-46d7-af27-6ea1471f8275:192.168.157.214:44732] returns group-BBFFFEFEEB94:java.util.concurrent.CompletableFuture@65a23b29[Not completed]
2019-11-19 03:48:02,698 [pool-27-thread-1] INFO  impl.RaftServerImpl (RaftServerImpl.java:<init>(98)) - 5e677d00-17c4-46d7-af27-6ea1471f8275: new RaftServerImpl for group-BBFFFEFEEB94:[9cc7b172-5690-4837-9e8b-954d40059b5c:192.168.157.214:42035, 68ce684d-122b-4aed-8b9f-e4c378aa8e43:192.168.157.214:37339, 5e677d00-17c4-46d7-af27-6ea1471f8275:192.168.157.214:44732] with ContainerStateMachine:uninitialized
2019-11-19 03:48:02,698 [pool-27-thread-1] INFO  server.RaftServerConfigKeys (ConfUtils.java:logGet(43)) - raft.server.rpc.timeout.min = 5s (custom)
2019-11-19 03:48:02,698 [pool-27-thread-1] INFO  server.RaftServerConfigKeys (ConfUtils.java:logGet(43)) - raft.server.rpc.timeout.max = 5200ms (custom)
2019-11-19 03:48:02,698 [pool-27-thread-1] INFO  server.RaftServerConfigKeys (ConfUtils.java:logGet(43)) - raft.server.rpcslowness.timeout = 120s (custom)
2019-11-19 03:48:02,699 [pool-27-thread-1] INFO  server.RaftServerConfigKeys (ConfUtils.java:logGet(43)) - raft.server.sleep.deviation.threshold = 300 (default)
2019-11-19 03:48:02,699 [pool-27-thread-1] INFO  server.RaftServerConfigKeys (ConfUtils.java:logGet(43)) - raft.server.log.appender.install.snapshot.enabled = false (custom)
2019-11-19 03:48:02,699 [pool-27-thread-1] INFO  impl.RaftServerImpl (ServerState.java:<init>(103)) - 5e677d00-17c4-46d7-af27-6ea1471f8275@group-BBFFFEFEEB94: ConfigurationManager, init=-1: [9cc7b172-5690-4837-9e8b-954d40059b5c:192.168.157.214:42035, 68ce684d-122b-4aed-8b9f-e4c378aa8e43:192.168.157.214:37339, 5e677d00-17c4-46d7-af27-6ea1471f8275:192.168.157.214:44732], old=null, confs=<EMPTY_MAP>
2019-11-19 03:48:02,699 [pool-27-thread-1] INFO  server.RaftServerConfigKeys (ConfUtils.java:logGet(43)) - raft.server.storage.dir = [/workdir/hadoop-ozone/tools/target/test-dir/MiniOzoneClusterImpl-416ee1e3-35e2-4142-88bf-bddadec884fc/datanode-0/data/ratis] (custom)
2019-11-19 03:48:02,699 [pool-27-thread-1] INFO  server.RaftServerConfigKeys (ConfUtils.java:logGet(43)) - raft.server.log.corruption.policy = EXCEPTION (default)
2019-11-19 03:48:02,699 [pool-37-thread-1] INFO  impl.RaftServerImpl (RaftServerImpl.java:<init>(98)) - 68ce684d-122b-4aed-8b9f-e4c378aa8e43: new RaftServerImpl for group-BBFFFEFEEB94:[9cc7b172-5690-4837-9e8b-954d40059b5c:192.168.157.214:42035, 68ce684d-122b-4aed-8b9f-e4c378aa8e43:192.168.157.214:37339, 5e677d00-17c4-46d7-af27-6ea1471f8275:192.168.157.214:44732] with ContainerStateMachine:uninitialized
2019-11-19 03:48:02,699 [pool-27-thread-1] INFO  storage.RaftStorageDirectory (RaftStorageDirectory.java:analyzeStorage(246)) - The storage directory /workdir/hadoop-ozone/tools/target/test-dir/MiniOzoneClusterImpl-416ee1e3-35e2-4142-88bf-bddadec884fc/datanode-0/data/ratis/b09c2bcc-08f3-4e28-a4ef-bbfffefeeb94 does not exist. Creating ...
2019-11-19 03:48:02,700 [pool-37-thread-1] INFO  server.RaftServerConfigKeys (ConfUtils.java:logGet(43)) - raft.server.rpc.timeout.min = 5s (custom)
2019-11-19 03:48:02,700 [pool-37-thread-1] INFO  server.RaftServerConfigKeys (ConfUtils.java:logGet(43)) - raft.server.rpc.timeout.max = 5200ms (custom)
2019-11-19 03:48:02,700 [pool-37-thread-1] INFO  server.RaftServerConfigKeys (ConfUtils.java:logGet(43)) - raft.server.rpcslowness.timeout = 120s (custom)
2019-11-19 03:48:02,700 [pool-37-thread-1] INFO  server.RaftServerConfigKeys (ConfUtils.java:logGet(43)) - raft.server.sleep.deviation.threshold = 300 (default)
2019-11-19 03:48:02,700 [pool-37-thread-1] INFO  server.RaftServerConfigKeys (ConfUtils.java:logGet(43)) - raft.server.log.appender.install.snapshot.enabled = false (custom)
2019-11-19 03:48:02,700 [pool-37-thread-1] INFO  impl.RaftServerImpl (ServerState.java:<init>(103)) - 68ce684d-122b-4aed-8b9f-e4c378aa8e43@group-BBFFFEFEEB94: ConfigurationManager, init=-1: [9cc7b172-5690-4837-9e8b-954d40059b5c:192.168.157.214:42035, 68ce684d-122b-4aed-8b9f-e4c378aa8e43:192.168.157.214:37339, 5e677d00-17c4-46d7-af27-6ea1471f8275:192.168.157.214:44732], old=null, confs=<EMPTY_MAP>
2019-11-19 03:48:02,700 [pool-47-thread-1] INFO  impl.RaftServerImpl (RaftServerImpl.java:<init>(98)) - 9cc7b172-5690-4837-9e8b-954d40059b5c: new RaftServerImpl for group-BBFFFEFEEB94:[9cc7b172-5690-4837-9e8b-954d40059b5c:192.168.157.214:42035, 68ce684d-122b-4aed-8b9f-e4c378aa8e43:192.168.157.214:37339, 5e677d00-17c4-46d7-af27-6ea1471f8275:192.168.157.214:44732] with ContainerStateMachine:uninitialized
2019-11-19 03:48:02,701 [pool-37-thread-1] INFO  server.RaftServerConfigKeys (ConfUtils.java:logGet(43)) - raft.server.storage.dir = [/workdir/hadoop-ozone/tools/target/test-dir/MiniOzoneClusterImpl-416ee1e3-35e2-4142-88bf-bddadec884fc/datanode-1/data/ratis] (custom)
2019-11-19 03:48:02,701 [pool-47-thread-1] INFO  server.RaftServerConfigKeys (ConfUtils.java:logGet(43)) - raft.server.rpc.timeout.min = 5s (custom)
2019-11-19 03:48:02,701 [pool-47-thread-1] INFO  server.RaftServerConfigKeys (ConfUtils.java:logGet(43)) - raft.server.rpc.timeout.max = 5200ms (custom)
2019-11-19 03:48:02,701 [pool-37-thread-1] INFO  server.RaftServerConfigKeys (ConfUtils.java:logGet(43)) - raft.server.log.corruption.policy = EXCEPTION (default)
2019-11-19 03:48:02,701 [pool-47-thread-1] INFO  server.RaftServerConfigKeys (ConfUtils.java:logGet(43)) - raft.server.rpcslowness.timeout = 120s (custom)
2019-11-19 03:48:02,701 [pool-47-thread-1] INFO  server.RaftServerConfigKeys (ConfUtils.java:logGet(43)) - raft.server.sleep.deviation.threshold = 300 (default)
2019-11-19 03:48:02,701 [pool-37-thread-1] INFO  storage.RaftStorageDirectory (RaftStorageDirectory.java:analyzeStorage(246)) - The storage directory /workdir/hadoop-ozone/tools/target/test-dir/MiniOzoneClusterImpl-416ee1e3-35e2-4142-88bf-bddadec884fc/datanode-1/data/ratis/b09c2bcc-08f3-4e28-a4ef-bbfffefeeb94 does not exist. Creating ...
2019-11-19 03:48:02,701 [pool-47-thread-1] INFO  server.RaftServerConfigKeys (ConfUtils.java:logGet(43)) - raft.server.log.appender.install.snapshot.enabled = false (custom)
2019-11-19 03:48:02,702 [pool-47-thread-1] INFO  impl.RaftServerImpl (ServerState.java:<init>(103)) - 9cc7b172-5690-4837-9e8b-954d40059b5c@group-BBFFFEFEEB94: ConfigurationManager, init=-1: [9cc7b172-5690-4837-9e8b-954d40059b5c:192.168.157.214:42035, 68ce684d-122b-4aed-8b9f-e4c378aa8e43:192.168.157.214:37339, 5e677d00-17c4-46d7-af27-6ea1471f8275:192.168.157.214:44732], old=null, confs=<EMPTY_MAP>
2019-11-19 03:48:02,702 [pool-47-thread-1] INFO  server.RaftServerConfigKeys (ConfUtils.java:logGet(43)) - raft.server.storage.dir = [/workdir/hadoop-ozone/tools/target/test-dir/MiniOzoneClusterImpl-416ee1e3-35e2-4142-88bf-bddadec884fc/datanode-2/data/ratis] (custom)
2019-11-19 03:48:02,702 [pool-47-thread-1] INFO  server.RaftServerConfigKeys (ConfUtils.java:logGet(43)) - raft.server.log.corruption.policy = EXCEPTION (default)
2019-11-19 03:48:02,702 [pool-47-thread-1] INFO  storage.RaftStorageDirectory (RaftStorageDirectory.java:analyzeStorage(246)) - The storage directory /workdir/hadoop-ozone/tools/target/test-dir/MiniOzoneClusterImpl-416ee1e3-35e2-4142-88bf-bddadec884fc/datanode-2/data/ratis/b09c2bcc-08f3-4e28-a4ef-bbfffefeeb94 does not exist. Creating ...
2019-11-19 03:48:02,713 [EventQueue-PipelineReportForPipelineReportHandler] INFO  pipeline.PipelineReportHandler (PipelineReportHandler.java:processPipelineReport(113)) - Pipeline ONE PipelineID=abe4e26b-0b14-4507-9013-7147cb898705 reported by 5e677d00-17c4-46d7-af27-6ea1471f8275{ip: 192.168.157.214, host: pr-hdds-2536-847dz-100891120, networkLocation: /default-rack, certSerialId: null}
2019-11-19 03:48:02,714 [EventQueue-PipelineReportForPipelineReportHandler] INFO  pipeline.PipelineStateManager (PipelineStateManager.java:openPipeline(132)) - Pipeline Pipeline[ Id: abe4e26b-0b14-4507-9013-7147cb898705, Nodes: 5e677d00-17c4-46d7-af27-6ea1471f8275{ip: 192.168.157.214, host: pr-hdds-2536-847dz-100891120, networkLocation: /default-rack, certSerialId: null}, Type:RATIS, Factor:ONE, State:ALLOCATED] moved to OPEN state
2019-11-19 03:48:02,716 [EventQueue-OpenPipelineForOneReplicaPipelineSafeModeRule] INFO  safemode.SCMSafeModeManager (SCMSafeModeManager.java:validateSafeModeExitRules(176)) - AtleastOneDatanodeReportedRule rule is successfully validated
2019-11-19 03:48:02,716 [EventQueue-OpenPipelineForHealthyPipelineSafeModeRule] INFO  safemode.SCMSafeModeManager (HealthyPipelineSafeModeRule.java:process(132)) - SCM in safe mode. Healthy pipelines reported count is 0, required healthy pipeline reported count is 1
2019-11-19 03:48:02,716 [EventQueue-PipelineReportForPipelineReportHandler] INFO  pipeline.PipelineReportHandler (PipelineReportHandler.java:processPipelineReport(113)) - Pipeline ONE PipelineID=26ec4d44-df87-4366-9ec7-b2601835851f reported by 68ce684d-122b-4aed-8b9f-e4c378aa8e43{ip: 192.168.157.214, host: pr-hdds-2536-847dz-100891120, networkLocation: /default-rack, certSerialId: null}
2019-11-19 03:48:02,717 [EventQueue-PipelineReportForPipelineReportHandler] INFO  pipeline.PipelineStateManager (PipelineStateManager.java:openPipeline(132)) - Pipeline Pipeline[ Id: 26ec4d44-df87-4366-9ec7-b2601835851f, Nodes: 68ce684d-122b-4aed-8b9f-e4c378aa8e43{ip: 192.168.157.214, host: pr-hdds-2536-847dz-100891120, networkLocation: /default-rack, certSerialId: null}, Type:RATIS, Factor:ONE, State:ALLOCATED] moved to OPEN state
2019-11-19 03:48:02,717 [EventQueue-OpenPipelineForOneReplicaPipelineSafeModeRule] INFO  safemode.SCMSafeModeManager (SCMSafeModeManager.java:validateSafeModeExitRules(176)) - AtleastOneDatanodeReportedRule rule is successfully validated
2019-11-19 03:48:02,717 [EventQueue-PipelineReportForPipelineReportHandler] INFO  pipeline.PipelineReportHandler (PipelineReportHandler.java:processPipelineReport(113)) - Pipeline ONE PipelineID=cdda0389-c492-4fa7-96c3-793c5cb10cff reported by 9cc7b172-5690-4837-9e8b-954d40059b5c{ip: 192.168.157.214, host: pr-hdds-2536-847dz-100891120, networkLocation: /default-rack, certSerialId: null}
2019-11-19 03:48:02,717 [EventQueue-OpenPipelineForHealthyPipelineSafeModeRule] INFO  safemode.SCMSafeModeManager (HealthyPipelineSafeModeRule.java:process(132)) - SCM in safe mode. Healthy pipelines reported count is 0, required healthy pipeline reported count is 1
2019-11-19 03:48:02,717 [EventQueue-PipelineReportForPipelineReportHandler] INFO  pipeline.PipelineStateManager (PipelineStateManager.java:openPipeline(132)) - Pipeline Pipeline[ Id: cdda0389-c492-4fa7-96c3-793c5cb10cff, Nodes: 9cc7b172-5690-4837-9e8b-954d40059b5c{ip: 192.168.157.214, host: pr-hdds-2536-847dz-100891120, networkLocation: /default-rack, certSerialId: null}, Type:RATIS, Factor:ONE, State:ALLOCATED] moved to OPEN state
2019-11-19 03:48:02,718 [EventQueue-OpenPipelineForHealthyPipelineSafeModeRule] INFO  safemode.SCMSafeModeManager (HealthyPipelineSafeModeRule.java:process(132)) - SCM in safe mode. Healthy pipelines reported count is 0, required healthy pipeline reported count is 1
2019-11-19 03:48:02,718 [EventQueue-OpenPipelineForOneReplicaPipelineSafeModeRule] INFO  safemode.SCMSafeModeManager (SCMSafeModeManager.java:validateSafeModeExitRules(176)) - AtleastOneDatanodeReportedRule rule is successfully validated
2019-11-19 03:48:02,722 [pool-27-thread-1] INFO  storage.RaftStorageDirectory (RaftStorageDirectory.java:tryLock(328)) - Lock on /workdir/hadoop-ozone/tools/target/test-dir/MiniOzoneClusterImpl-416ee1e3-35e2-4142-88bf-bddadec884fc/datanode-0/data/ratis/b09c2bcc-08f3-4e28-a4ef-bbfffefeeb94/in_use.lock acquired by nodename 31164@pr-hdds-2536-847dz-100891120
2019-11-19 03:48:02,722 [pool-37-thread-1] INFO  storage.RaftStorageDirectory (RaftStorageDirectory.java:tryLock(328)) - Lock on /workdir/hadoop-ozone/tools/target/test-dir/MiniOzoneClusterImpl-416ee1e3-35e2-4142-88bf-bddadec884fc/datanode-1/data/ratis/b09c2bcc-08f3-4e28-a4ef-bbfffefeeb94/in_use.lock acquired by nodename 31164@pr-hdds-2536-847dz-100891120
2019-11-19 03:48:02,722 [pool-47-thread-1] INFO  storage.RaftStorageDirectory (RaftStorageDirectory.java:tryLock(328)) - Lock on /workdir/hadoop-ozone/tools/target/test-dir/MiniOzoneClusterImpl-416ee1e3-35e2-4142-88bf-bddadec884fc/datanode-2/data/ratis/b09c2bcc-08f3-4e28-a4ef-bbfffefeeb94/in_use.lock acquired by nodename 31164@pr-hdds-2536-847dz-100891120
2019-11-19 03:48:02,745 [pool-27-thread-1] INFO  storage.RaftStorage (RaftStorage.java:format(84)) - Storage directory /workdir/hadoop-ozone/tools/target/test-dir/MiniOzoneClusterImpl-416ee1e3-35e2-4142-88bf-bddadec884fc/datanode-0/data/ratis/b09c2bcc-08f3-4e28-a4ef-bbfffefeeb94 has been successfully formatted.
2019-11-19 03:48:02,745 [pool-37-thread-1] INFO  storage.RaftStorage (RaftStorage.java:format(84)) - Storage directory /workdir/hadoop-ozone/tools/target/test-dir/MiniOzoneClusterImpl-416ee1e3-35e2-4142-88bf-bddadec884fc/datanode-1/data/ratis/b09c2bcc-08f3-4e28-a4ef-bbfffefeeb94 has been successfully formatted.
2019-11-19 03:48:02,745 [pool-47-thread-1] INFO  storage.RaftStorage (RaftStorage.java:format(84)) - Storage directory /workdir/hadoop-ozone/tools/target/test-dir/MiniOzoneClusterImpl-416ee1e3-35e2-4142-88bf-bddadec884fc/datanode-2/data/ratis/b09c2bcc-08f3-4e28-a4ef-bbfffefeeb94 has been successfully formatted.
2019-11-19 03:48:02,745 [pool-27-thread-1] INFO  ratis.ContainerStateMachine (ContainerStateMachine.java:loadSnapshot(223)) - group-BBFFFEFEEB94: The snapshot info is null. Setting the last applied indexto:(t:0, i:~)
2019-11-19 03:48:02,746 [pool-37-thread-1] INFO  ratis.ContainerStateMachine (ContainerStateMachine.java:loadSnapshot(223)) - group-BBFFFEFEEB94: The snapshot info is null. Setting the last applied indexto:(t:0, i:~)
2019-11-19 03:48:02,746 [pool-47-thread-1] INFO  ratis.ContainerStateMachine (ContainerStateMachine.java:loadSnapshot(223)) - group-BBFFFEFEEB94: The snapshot info is null. Setting the last applied indexto:(t:0, i:~)
2019-11-19 03:48:02,746 [pool-27-thread-1] INFO  server.RaftServerConfigKeys (ConfUtils.java:logGet(43)) - raft.server.notification.no-leader.timeout = 120s (custom)
2019-11-19 03:48:02,746 [pool-47-thread-1] INFO  server.RaftServerConfigKeys (ConfUtils.java:logGet(43)) - raft.server.notification.no-leader.timeout = 120s (custom)
2019-11-19 03:48:02,746 [pool-27-thread-1] INFO  server.RaftServerConfigKeys (ConfUtils.java:logGet(43)) - raft.server.log.use.memory = false (default)
2019-11-19 03:48:02,746 [pool-37-thread-1] INFO  server.RaftServerConfigKeys (ConfUtils.java:logGet(43)) - raft.server.notification.no-leader.timeout = 120s (custom)
2019-11-19 03:48:02,746 [pool-27-thread-1] INFO  server.RaftServerConfigKeys (ConfUtils.java:logGet(43)) - raft.server.log.purge.gap = 1000000 (custom)
2019-11-19 03:48:02,746 [pool-47-thread-1] INFO  server.RaftServerConfigKeys (ConfUtils.java:logGet(43)) - raft.server.log.use.memory = false (default)
2019-11-19 03:48:02,747 [pool-27-thread-1] INFO  server.RaftServerConfigKeys (ConfUtils.java:logGet(43)) - raft.server.log.appender.buffer.byte-limit = 33554432 (custom)
2019-11-19 03:48:02,747 [pool-37-thread-1] INFO  server.RaftServerConfigKeys (ConfUtils.java:logGet(43)) - raft.server.log.use.memory = false (default)
2019-11-19 03:48:02,747 [pool-27-thread-1] INFO  server.RaftServerConfigKeys (ConfUtils.java:logGet(43)) - raft.server.log.segment.size.max = 1048576 (custom)
2019-11-19 03:48:02,747 [pool-37-thread-1] INFO  server.RaftServerConfigKeys (ConfUtils.java:logGet(43)) - raft.server.log.purge.gap = 1000000 (custom)
2019-11-19 03:48:02,747 [pool-47-thread-1] INFO  server.RaftServerConfigKeys (ConfUtils.java:logGet(43)) - raft.server.log.purge.gap = 1000000 (custom)
2019-11-19 03:48:02,747 [pool-37-thread-1] INFO  server.RaftServerConfigKeys (ConfUtils.java:logGet(43)) - raft.server.log.appender.buffer.byte-limit = 33554432 (custom)
2019-11-19 03:48:02,747 [pool-27-thread-1] INFO  server.RaftServerConfigKeys (ConfUtils.java:logGet(43)) - raft.server.log.segment.cache.num.max = 2 (custom)
2019-11-19 03:48:02,748 [pool-37-thread-1] INFO  server.RaftServerConfigKeys (ConfUtils.java:logGet(43)) - raft.server.log.segment.size.max = 1048576 (custom)
2019-11-19 03:48:02,748 [pool-47-thread-1] INFO  server.RaftServerConfigKeys (ConfUtils.java:logGet(43)) - raft.server.log.appender.buffer.byte-limit = 33554432 (custom)
2019-11-19 03:48:02,748 [pool-37-thread-1] INFO  server.RaftServerConfigKeys (ConfUtils.java:logGet(43)) - raft.server.log.segment.cache.num.max = 2 (custom)
2019-11-19 03:48:02,748 [pool-27-thread-1] INFO  segmented.SegmentedRaftLogWorker (SegmentedRaftLogWorker.java:<init>(173)) - new 5e677d00-17c4-46d7-af27-6ea1471f8275@group-BBFFFEFEEB94-SegmentedRaftLogWorker for RaftStorage:Storage Directory /workdir/hadoop-ozone/tools/target/test-dir/MiniOzoneClusterImpl-416ee1e3-35e2-4142-88bf-bddadec884fc/datanode-0/data/ratis/b09c2bcc-08f3-4e28-a4ef-bbfffefeeb94
2019-11-19 03:48:02,748 [pool-37-thread-1] INFO  segmented.SegmentedRaftLogWorker (SegmentedRaftLogWorker.java:<init>(173)) - new 68ce684d-122b-4aed-8b9f-e4c378aa8e43@group-BBFFFEFEEB94-SegmentedRaftLogWorker for RaftStorage:Storage Directory /workdir/hadoop-ozone/tools/target/test-dir/MiniOzoneClusterImpl-416ee1e3-35e2-4142-88bf-bddadec884fc/datanode-1/data/ratis/b09c2bcc-08f3-4e28-a4ef-bbfffefeeb94
2019-11-19 03:48:02,748 [pool-47-thread-1] INFO  server.RaftServerConfigKeys (ConfUtils.java:logGet(43)) - raft.server.log.segment.size.max = 1048576 (custom)
2019-11-19 03:48:02,749 [pool-37-thread-1] INFO  server.RaftServerConfigKeys (ConfUtils.java:logGet(43)) - raft.server.log.queue.byte-limit = 2147483647 (custom)
2019-11-19 03:48:02,748 [pool-27-thread-1] INFO  server.RaftServerConfigKeys (ConfUtils.java:logGet(43)) - raft.server.log.queue.byte-limit = 2147483647 (custom)
2019-11-19 03:48:02,749 [pool-37-thread-1] INFO  server.RaftServerConfigKeys (ConfUtils.java:logGet(43)) - raft.server.log.queue.element-limit = 1024 (custom)
2019-11-19 03:48:02,749 [pool-47-thread-1] INFO  server.RaftServerConfigKeys (ConfUtils.java:logGet(43)) - raft.server.log.segment.cache.num.max = 2 (custom)
2019-11-19 03:48:02,749 [pool-37-thread-1] INFO  server.RaftServerConfigKeys (ConfUtils.java:logGet(43)) - raft.server.log.segment.size.max = 1048576 (custom)
2019-11-19 03:48:02,749 [pool-27-thread-1] INFO  server.RaftServerConfigKeys (ConfUtils.java:logGet(43)) - raft.server.log.queue.element-limit = 1024 (custom)
2019-11-19 03:48:02,749 [pool-37-thread-1] INFO  server.RaftServerConfigKeys (ConfUtils.java:logGet(43)) - raft.server.log.preallocated.size = 16384 (custom)
2019-11-19 03:48:02,749 [pool-47-thread-1] INFO  segmented.SegmentedRaftLogWorker (SegmentedRaftLogWorker.java:<init>(173)) - new 9cc7b172-5690-4837-9e8b-954d40059b5c@group-BBFFFEFEEB94-SegmentedRaftLogWorker for RaftStorage:Storage Directory /workdir/hadoop-ozone/tools/target/test-dir/MiniOzoneClusterImpl-416ee1e3-35e2-4142-88bf-bddadec884fc/datanode-2/data/ratis/b09c2bcc-08f3-4e28-a4ef-bbfffefeeb94
2019-11-19 03:48:02,750 [pool-37-thread-1] INFO  server.RaftServerConfigKeys (ConfUtils.java:logGet(43)) - raft.server.log.write.buffer.size = 33554432 (custom)
2019-11-19 03:48:02,750 [pool-27-thread-1] INFO  server.RaftServerConfigKeys (ConfUtils.java:logGet(43)) - raft.server.log.segment.size.max = 1048576 (custom)
2019-11-19 03:48:02,750 [pool-37-thread-1] INFO  server.RaftServerConfigKeys (ConfUtils.java:logGet(43)) - raft.server.log.force.sync.num = 128 (default)
2019-11-19 03:48:02,750 [pool-47-thread-1] INFO  server.RaftServerConfigKeys (ConfUtils.java:logGet(43)) - raft.server.log.queue.byte-limit = 2147483647 (custom)
2019-11-19 03:48:02,750 [pool-37-thread-1] INFO  server.RaftServerConfigKeys (ConfUtils.java:logGet(43)) - raft.server.log.statemachine.data.sync = true (default)
2019-11-19 03:48:02,750 [pool-27-thread-1] INFO  server.RaftServerConfigKeys (ConfUtils.java:logGet(43)) - raft.server.log.preallocated.size = 16384 (custom)
2019-11-19 03:48:02,751 [pool-37-thread-1] INFO  server.RaftServerConfigKeys (ConfUtils.java:logGet(43)) - raft.server.log.statemachine.data.sync.timeout = 10s (default)
2019-11-19 03:48:02,750 [pool-47-thread-1] INFO  server.RaftServerConfigKeys (ConfUtils.java:logGet(43)) - raft.server.log.queue.element-limit = 1024 (custom)
2019-11-19 03:48:02,751 [pool-37-thread-1] INFO  server.RaftServerConfigKeys (ConfUtils.java:logGet(43)) - raft.server.log.statemachine.data.sync.timeout.retry = -1 (default)
2019-11-19 03:48:02,751 [pool-27-thread-1] INFO  server.RaftServerConfigKeys (ConfUtils.java:logGet(43)) - raft.server.log.write.buffer.size = 33554432 (custom)
2019-11-19 03:48:02,751 [pool-37-thread-1] INFO  server.RaftServerConfigKeys (ConfUtils.java:logGet(43)) - raft.server.log.statemachine.data.caching.enabled = true (custom)
2019-11-19 03:48:02,751 [pool-47-thread-1] INFO  server.RaftServerConfigKeys (ConfUtils.java:logGet(43)) - raft.server.log.segment.size.max = 1048576 (custom)
2019-11-19 03:48:02,751 [pool-27-thread-1] INFO  server.RaftServerConfigKeys (ConfUtils.java:logGet(43)) - raft.server.log.force.sync.num = 128 (default)
2019-11-19 03:48:02,752 [pool-47-thread-1] INFO  server.RaftServerConfigKeys (ConfUtils.java:logGet(43)) - raft.server.log.preallocated.size = 16384 (custom)
2019-11-19 03:48:02,752 [pool-27-thread-1] INFO  server.RaftServerConfigKeys (ConfUtils.java:logGet(43)) - raft.server.log.statemachine.data.sync = true (default)
2019-11-19 03:48:02,752 [pool-37-thread-1] INFO  segmented.SegmentedRaftLogWorker (SegmentedRaftLogWorker.java:lambda$new$0(128)) - 68ce684d-122b-4aed-8b9f-e4c378aa8e43@group-BBFFFEFEEB94-SegmentedRaftLogWorker: flushIndex: setUnconditionally 0 -> -1
2019-11-19 03:48:02,752 [pool-47-thread-1] INFO  server.RaftServerConfigKeys (ConfUtils.java:logGet(43)) - raft.server.log.write.buffer.size = 33554432 (custom)
2019-11-19 03:48:02,752 [pool-27-thread-1] INFO  server.RaftServerConfigKeys (ConfUtils.java:logGet(43)) - raft.server.log.statemachine.data.sync.timeout = 10s (default)
2019-11-19 03:48:02,752 [pool-37-thread-1] INFO  server.RaftServerConfigKeys (ConfUtils.java:logGet(43)) - raft.server.snapshot.auto.trigger.enabled = true (custom)
2019-11-19 03:48:02,752 [pool-47-thread-1] INFO  server.RaftServerConfigKeys (ConfUtils.java:logGet(43)) - raft.server.log.force.sync.num = 128 (default)
2019-11-19 03:48:02,753 [pool-37-thread-1] INFO  server.RaftServerConfigKeys (ConfUtils.java:logGet(43)) - raft.server.snapshot.auto.trigger.threshold = 10000 (custom)
2019-11-19 03:48:02,753 [pool-27-thread-1] INFO  server.RaftServerConfigKeys (ConfUtils.java:logGet(43)) - raft.server.log.statemachine.data.sync.timeout.retry = -1 (default)
2019-11-19 03:48:02,753 [pool-37-thread-1] INFO  server.RaftServerConfigKeys (ConfUtils.java:logGet(43)) - raft.server.snapshot.retention.file.num = 5 (custom)
2019-11-19 03:48:02,753 [pool-47-thread-1] INFO  server.RaftServerConfigKeys (ConfUtils.java:logGet(43)) - raft.server.log.statemachine.data.sync = true (default)
2019-11-19 03:48:02,754 [pool-37-thread-1] INFO  server.RaftServerConfigKeys (ConfUtils.java:logGet(43)) - raft.server.retrycache.expirytime = 600000ms (custom)
2019-11-19 03:48:02,753 [pool-27-thread-1] INFO  server.RaftServerConfigKeys (ConfUtils.java:logGet(43)) - raft.server.log.statemachine.data.caching.enabled = true (custom)
2019-11-19 03:48:02,754 [pool-37-thread-1] WARN  impl.MetricRegistriesImpl (MetricRegistriesImpl.java:lambda$create$1(61)) - First MetricRegistry has been created without registering reporters. You may need to call MetricRegistries.global().addReportRegistration(...) before.
2019-11-19 03:48:02,754 [pool-47-thread-1] INFO  server.RaftServerConfigKeys (ConfUtils.java:logGet(43)) - raft.server.log.statemachine.data.sync.timeout = 10s (default)
2019-11-19 03:48:02,755 [pool-27-thread-1] INFO  segmented.SegmentedRaftLogWorker (SegmentedRaftLogWorker.java:lambda$new$0(128)) - 5e677d00-17c4-46d7-af27-6ea1471f8275@group-BBFFFEFEEB94-SegmentedRaftLogWorker: flushIndex: setUnconditionally 0 -> -1
2019-11-19 03:48:02,754 [pool-37-thread-1] WARN  impl.MetricRegistriesImpl (MetricRegistriesImpl.java:lambda$create$1(61)) - First MetricRegistry has been created without registering reporters. You may need to call MetricRegistries.global().addReportRegistration(...) before.
2019-11-19 03:48:02,755 [pool-27-thread-1] INFO  server.RaftServerConfigKeys (ConfUtils.java:logGet(43)) - raft.server.snapshot.auto.trigger.enabled = true (custom)
2019-11-19 03:48:02,755 [pool-47-thread-1] INFO  server.RaftServerConfigKeys (ConfUtils.java:logGet(43)) - raft.server.log.statemachine.data.sync.timeout.retry = -1 (default)
2019-11-19 03:48:02,755 [pool-27-thread-1] INFO  server.RaftServerConfigKeys (ConfUtils.java:logGet(43)) - raft.server.snapshot.auto.trigger.threshold = 10000 (custom)
2019-11-19 03:48:02,755 [pool-37-thread-1] INFO  impl.RaftServerImpl (RaftServerImpl.java:start(184)) - 68ce684d-122b-4aed-8b9f-e4c378aa8e43@group-BBFFFEFEEB94: start as a follower, conf=-1: [9cc7b172-5690-4837-9e8b-954d40059b5c:192.168.157.214:42035, 68ce684d-122b-4aed-8b9f-e4c378aa8e43:192.168.157.214:37339, 5e677d00-17c4-46d7-af27-6ea1471f8275:192.168.157.214:44732], old=null
2019-11-19 03:48:02,756 [pool-27-thread-1] INFO  server.RaftServerConfigKeys (ConfUtils.java:logGet(43)) - raft.server.snapshot.retention.file.num = 5 (custom)
2019-11-19 03:48:02,755 [pool-47-thread-1] INFO  server.RaftServerConfigKeys (ConfUtils.java:logGet(43)) - raft.server.log.statemachine.data.caching.enabled = true (custom)
2019-11-19 03:48:02,756 [pool-27-thread-1] INFO  server.RaftServerConfigKeys (ConfUtils.java:logGet(43)) - raft.server.retrycache.expirytime = 600000ms (custom)
2019-11-19 03:48:02,756 [pool-37-thread-1] INFO  impl.RaftServerImpl (RaftServerImpl.java:setRole(173)) - 68ce684d-122b-4aed-8b9f-e4c378aa8e43@group-BBFFFEFEEB94: changes role from      null to FOLLOWER at term 0 for startAsFollower
2019-11-19 03:48:02,756 [pool-47-thread-1] INFO  segmented.SegmentedRaftLogWorker (SegmentedRaftLogWorker.java:lambda$new$0(128)) - 9cc7b172-5690-4837-9e8b-954d40059b5c@group-BBFFFEFEEB94-SegmentedRaftLogWorker: flushIndex: setUnconditionally 0 -> -1
2019-11-19 03:48:02,756 [pool-27-thread-1] WARN  impl.MetricRegistriesImpl (MetricRegistriesImpl.java:lambda$create$1(61)) - First MetricRegistry has been created without registering reporters. You may need to call MetricRegistries.global().addReportRegistration(...) before.
2019-11-19 03:48:02,756 [pool-37-thread-1] INFO  impl.RoleInfo (RoleInfo.java:updateAndGet(143)) - 68ce684d-122b-4aed-8b9f-e4c378aa8e43: start FollowerState
2019-11-19 03:48:02,757 [pool-27-thread-1] WARN  impl.MetricRegistriesImpl (MetricRegistriesImpl.java:lambda$create$1(61)) - First MetricRegistry has been created without registering reporters. You may need to call MetricRegistries.global().addReportRegistration(...) before.
2019-11-19 03:48:02,757 [pool-47-thread-1] INFO  server.RaftServerConfigKeys (ConfUtils.java:logGet(43)) - raft.server.snapshot.auto.trigger.enabled = true (custom)
2019-11-19 03:48:02,757 [pool-47-thread-1] INFO  server.RaftServerConfigKeys (ConfUtils.java:logGet(43)) - raft.server.snapshot.auto.trigger.threshold = 10000 (custom)
2019-11-19 03:48:02,757 [pool-37-thread-1] INFO  util.JmxRegister (JmxRegister.java:tryRegister(44)) - Successfully registered JMX Bean with object name Ratis:service=RaftServer,group=group-BBFFFEFEEB94,id=68ce684d-122b-4aed-8b9f-e4c378aa8e43
2019-11-19 03:48:02,757 [pool-27-thread-1] INFO  impl.RaftServerImpl (RaftServerImpl.java:start(184)) - 5e677d00-17c4-46d7-af27-6ea1471f8275@group-BBFFFEFEEB94: start as a follower, conf=-1: [9cc7b172-5690-4837-9e8b-954d40059b5c:192.168.157.214:42035, 68ce684d-122b-4aed-8b9f-e4c378aa8e43:192.168.157.214:37339, 5e677d00-17c4-46d7-af27-6ea1471f8275:192.168.157.214:44732], old=null
2019-11-19 03:48:02,758 [pool-37-thread-1] WARN  impl.MetricRegistriesImpl (MetricRegistriesImpl.java:lambda$create$1(61)) - First MetricRegistry has been created without registering reporters. You may need to call MetricRegistries.global().addReportRegistration(...) before.
2019-11-19 03:48:02,757 [pool-47-thread-1] INFO  server.RaftServerConfigKeys (ConfUtils.java:logGet(43)) - raft.server.snapshot.retention.file.num = 5 (custom)
2019-11-19 03:48:02,758 [pool-27-thread-1] INFO  impl.RaftServerImpl (RaftServerImpl.java:setRole(173)) - 5e677d00-17c4-46d7-af27-6ea1471f8275@group-BBFFFEFEEB94: changes role from      null to FOLLOWER at term 0 for startAsFollower
2019-11-19 03:48:02,758 [pool-47-thread-1] INFO  server.RaftServerConfigKeys (ConfUtils.java:logGet(43)) - raft.server.retrycache.expirytime = 600000ms (custom)
2019-11-19 03:48:02,758 [pool-27-thread-1] INFO  impl.RoleInfo (RoleInfo.java:updateAndGet(143)) - 5e677d00-17c4-46d7-af27-6ea1471f8275: start FollowerState
2019-11-19 03:48:02,758 [Command processor thread] INFO  commandhandler.CreatePipelineCommandHandler (CreatePipelineCommandHandler.java:handle(86)) - Create Pipeline RATIS THREE #id: "b09c2bcc-08f3-4e28-a4ef-bbfffefeeb94"
 command succeed on datanode 68ce684d-122b-4aed-8b9f-e4c378aa8e43.
2019-11-19 03:48:02,758 [pool-47-thread-1] WARN  impl.MetricRegistriesImpl (MetricRegistriesImpl.java:lambda$create$1(61)) - First MetricRegistry has been created without registering reporters. You may need to call MetricRegistries.global().addReportRegistration(...) before.
2019-11-19 03:48:02,759 [pool-47-thread-1] WARN  impl.MetricRegistriesImpl (MetricRegistriesImpl.java:lambda$create$1(61)) - First MetricRegistry has been created without registering reporters. You may need to call MetricRegistries.global().addReportRegistration(...) before.
2019-11-19 03:48:02,759 [pool-27-thread-1] INFO  util.JmxRegister (JmxRegister.java:tryRegister(44)) - Successfully registered JMX Bean with object name Ratis:service=RaftServer,group=group-BBFFFEFEEB94,id=5e677d00-17c4-46d7-af27-6ea1471f8275
2019-11-19 03:48:02,759 [pool-47-thread-1] INFO  impl.RaftServerImpl (RaftServerImpl.java:start(184)) - 9cc7b172-5690-4837-9e8b-954d40059b5c@group-BBFFFEFEEB94: start as a follower, conf=-1: [9cc7b172-5690-4837-9e8b-954d40059b5c:192.168.157.214:42035, 68ce684d-122b-4aed-8b9f-e4c378aa8e43:192.168.157.214:37339, 5e677d00-17c4-46d7-af27-6ea1471f8275:192.168.157.214:44732], old=null
2019-11-19 03:48:02,759 [pool-27-thread-1] WARN  impl.MetricRegistriesImpl (MetricRegistriesImpl.java:lambda$create$1(61)) - First MetricRegistry has been created without registering reporters. You may need to call MetricRegistries.global().addReportRegistration(...) before.
2019-11-19 03:48:02,759 [pool-47-thread-1] INFO  impl.RaftServerImpl (RaftServerImpl.java:setRole(173)) - 9cc7b172-5690-4837-9e8b-954d40059b5c@group-BBFFFEFEEB94: changes role from      null to FOLLOWER at term 0 for startAsFollower
2019-11-19 03:48:02,761 [pool-47-thread-1] INFO  impl.RoleInfo (RoleInfo.java:updateAndGet(143)) - 9cc7b172-5690-4837-9e8b-954d40059b5c: start FollowerState
2019-11-19 03:48:02,761 [Command processor thread] INFO  commandhandler.CreatePipelineCommandHandler (CreatePipelineCommandHandler.java:handle(86)) - Create Pipeline RATIS THREE #id: "b09c2bcc-08f3-4e28-a4ef-bbfffefeeb94"
 command succeed on datanode 5e677d00-17c4-46d7-af27-6ea1471f8275.
2019-11-19 03:48:02,761 [pool-47-thread-1] INFO  util.JmxRegister (JmxRegister.java:tryRegister(44)) - Successfully registered JMX Bean with object name Ratis:service=RaftServer,group=group-BBFFFEFEEB94,id=9cc7b172-5690-4837-9e8b-954d40059b5c
2019-11-19 03:48:02,761 [pool-47-thread-1] WARN  impl.MetricRegistriesImpl (MetricRegistriesImpl.java:lambda$create$1(61)) - First MetricRegistry has been created without registering reporters. You may need to call MetricRegistries.global().addReportRegistration(...) before.
2019-11-19 03:48:02,762 [EventQueue-PipelineReportForPipelineReportHandler] INFO  pipeline.PipelineReportHandler (PipelineReportHandler.java:processPipelineReport(113)) - Pipeline THREE PipelineID=b09c2bcc-08f3-4e28-a4ef-bbfffefeeb94 reported by 68ce684d-122b-4aed-8b9f-e4c378aa8e43{ip: 192.168.157.214, host: pr-hdds-2536-847dz-100891120, networkLocation: /default-rack, certSerialId: null}
2019-11-19 03:48:02,763 [Command processor thread] INFO  commandhandler.CreatePipelineCommandHandler (CreatePipelineCommandHandler.java:handle(86)) - Create Pipeline RATIS THREE #id: "b09c2bcc-08f3-4e28-a4ef-bbfffefeeb94"
 command succeed on datanode 9cc7b172-5690-4837-9e8b-954d40059b5c.
2019-11-19 03:48:02,764 [EventQueue-PipelineReportForPipelineReportHandler] INFO  pipeline.PipelineReportHandler (PipelineReportHandler.java:processPipelineReport(113)) - Pipeline THREE PipelineID=b09c2bcc-08f3-4e28-a4ef-bbfffefeeb94 reported by 5e677d00-17c4-46d7-af27-6ea1471f8275{ip: 192.168.157.214, host: pr-hdds-2536-847dz-100891120, networkLocation: /default-rack, certSerialId: null}
2019-11-19 03:48:02,765 [EventQueue-PipelineReportForPipelineReportHandler] INFO  pipeline.PipelineReportHandler (PipelineReportHandler.java:processPipelineReport(113)) - Pipeline THREE PipelineID=b09c2bcc-08f3-4e28-a4ef-bbfffefeeb94 reported by 9cc7b172-5690-4837-9e8b-954d40059b5c{ip: 192.168.157.214, host: pr-hdds-2536-847dz-100891120, networkLocation: /default-rack, certSerialId: null}
2019-11-19 03:48:03,531 [main] INFO  ozone.MiniOzoneClusterImpl (MiniOzoneClusterImpl.java:lambda$waitForClusterToBeReady$0(150)) - Nodes are ready. Got 3 of 3 DN Heartbeats.
2019-11-19 03:48:03,532 [main] INFO  ozone.MiniOzoneClusterImpl (MiniOzoneClusterImpl.java:lambda$waitForClusterToBeReady$0(153)) - Waiting for cluster to exit safe mode
2019-11-19 03:48:04,532 [main] INFO  ozone.MiniOzoneClusterImpl (MiniOzoneClusterImpl.java:lambda$waitForClusterToBeReady$0(150)) - Nodes are ready. Got 3 of 3 DN Heartbeats.
2019-11-19 03:48:04,533 [main] INFO  ozone.MiniOzoneClusterImpl (MiniOzoneClusterImpl.java:lambda$waitForClusterToBeReady$0(153)) - Waiting for cluster to exit safe mode
2019-11-19 03:48:05,533 [main] INFO  ozone.MiniOzoneClusterImpl (MiniOzoneClusterImpl.java:lambda$waitForClusterToBeReady$0(150)) - Nodes are ready. Got 3 of 3 DN Heartbeats.
2019-11-19 03:48:05,534 [main] INFO  ozone.MiniOzoneClusterImpl (MiniOzoneClusterImpl.java:lambda$waitForClusterToBeReady$0(153)) - Waiting for cluster to exit safe mode
2019-11-19 03:48:06,534 [main] INFO  ozone.MiniOzoneClusterImpl (MiniOzoneClusterImpl.java:lambda$waitForClusterToBeReady$0(150)) - Nodes are ready. Got 3 of 3 DN Heartbeats.
2019-11-19 03:48:06,534 [main] INFO  ozone.MiniOzoneClusterImpl (MiniOzoneClusterImpl.java:lambda$waitForClusterToBeReady$0(153)) - Waiting for cluster to exit safe mode
2019-11-19 03:48:07,535 [main] INFO  ozone.MiniOzoneClusterImpl (MiniOzoneClusterImpl.java:lambda$waitForClusterToBeReady$0(150)) - Nodes are ready. Got 3 of 3 DN Heartbeats.
2019-11-19 03:48:07,535 [main] INFO  ozone.MiniOzoneClusterImpl (MiniOzoneClusterImpl.java:lambda$waitForClusterToBeReady$0(153)) - Waiting for cluster to exit safe mode
2019-11-19 03:48:07,683 [Thread-183] INFO  impl.FollowerState (FollowerState.java:run(111)) - 68ce684d-122b-4aed-8b9f-e4c378aa8e43@group-B2601835851F-FollowerState: change to CANDIDATE, lastRpcTime:5016ms, electionTimeout:5012ms
2019-11-19 03:48:07,685 [Thread-183] INFO  impl.RoleInfo (RoleInfo.java:shutdownFollowerState(121)) - 68ce684d-122b-4aed-8b9f-e4c378aa8e43: shutdown FollowerState
2019-11-19 03:48:07,685 [Thread-183] INFO  impl.RaftServerImpl (RaftServerImpl.java:setRole(173)) - 68ce684d-122b-4aed-8b9f-e4c378aa8e43@group-B2601835851F: changes role from  FOLLOWER to CANDIDATE at term 0 for changeToCandidate
2019-11-19 03:48:07,689 [Thread-183] INFO  impl.RoleInfo (RoleInfo.java:updateAndGet(143)) - 68ce684d-122b-4aed-8b9f-e4c378aa8e43: start LeaderElection
2019-11-19 03:48:07,717 [68ce684d-122b-4aed-8b9f-e4c378aa8e43@group-B2601835851F-LeaderElection1] INFO  impl.LeaderElection (LeaderElection.java:askForVotes(178)) - 68ce684d-122b-4aed-8b9f-e4c378aa8e43@group-B2601835851F-LeaderElection1: begin an election at term 1 for -1: [68ce684d-122b-4aed-8b9f-e4c378aa8e43:192.168.157.214:37339], old=null
2019-11-19 03:48:07,719 [68ce684d-122b-4aed-8b9f-e4c378aa8e43@group-B2601835851F-LeaderElection1] INFO  impl.RoleInfo (RoleInfo.java:shutdownLeaderElection(134)) - 68ce684d-122b-4aed-8b9f-e4c378aa8e43: shutdown LeaderElection
2019-11-19 03:48:07,720 [68ce684d-122b-4aed-8b9f-e4c378aa8e43@group-B2601835851F-LeaderElection1] INFO  impl.RaftServerImpl (RaftServerImpl.java:setRole(173)) - 68ce684d-122b-4aed-8b9f-e4c378aa8e43@group-B2601835851F: changes role from CANDIDATE to LEADER at term 1 for changeToLeader
2019-11-19 03:48:07,720 [68ce684d-122b-4aed-8b9f-e4c378aa8e43@group-B2601835851F-LeaderElection1] INFO  ratis.XceiverServerRatis (XceiverServerRatis.java:handleLeaderChangedNotification(733)) - Leader change notification received for group: group-B2601835851F with new leaderId: 68ce684d-122b-4aed-8b9f-e4c378aa8e43
2019-11-19 03:48:07,720 [68ce684d-122b-4aed-8b9f-e4c378aa8e43@group-B2601835851F-LeaderElection1] INFO  impl.RaftServerImpl (ServerState.java:setLeader(255)) - 68ce684d-122b-4aed-8b9f-e4c378aa8e43@group-B2601835851F: change Leader from null to 68ce684d-122b-4aed-8b9f-e4c378aa8e43 at term 1 for becomeLeader, leader elected after 5157ms
2019-11-19 03:48:07,725 [EventQueue-PipelineReportForPipelineReportHandler] INFO  pipeline.PipelineReportHandler (PipelineReportHandler.java:processPipelineReport(113)) - Pipeline THREE PipelineID=b09c2bcc-08f3-4e28-a4ef-bbfffefeeb94 reported by 68ce684d-122b-4aed-8b9f-e4c378aa8e43{ip: 192.168.157.214, host: pr-hdds-2536-847dz-100891120, networkLocation: /default-rack, certSerialId: null}
2019-11-19 03:48:07,728 [68ce684d-122b-4aed-8b9f-e4c378aa8e43@group-B2601835851F-LeaderElection1] INFO  server.RaftServerConfigKeys (ConfUtils.java:logGet(43)) - raft.server.staging.catchup.gap = 1000 (default)
2019-11-19 03:48:07,728 [68ce684d-122b-4aed-8b9f-e4c378aa8e43@group-B2601835851F-LeaderElection1] INFO  server.RaftServerConfigKeys (ConfUtils.java:logGet(43)) - raft.server.rpc.sleep.time = 25ms (default)
2019-11-19 03:48:07,733 [68ce684d-122b-4aed-8b9f-e4c378aa8e43@group-B2601835851F-LeaderElection1] INFO  server.RaftServerConfigKeys (ConfUtils.java:logGet(43)) - raft.server.write.element-limit = 4096 (default)
2019-11-19 03:48:07,737 [Thread-182] INFO  impl.FollowerState (FollowerState.java:run(111)) - 9cc7b172-5690-4837-9e8b-954d40059b5c@group-793C5CB10CFF-FollowerState: change to CANDIDATE, lastRpcTime:5070ms, electionTimeout:5066ms
2019-11-19 03:48:07,738 [Thread-182] INFO  impl.RoleInfo (RoleInfo.java:shutdownFollowerState(121)) - 9cc7b172-5690-4837-9e8b-954d40059b5c: shutdown FollowerState
2019-11-19 03:48:07,738 [Thread-182] INFO  impl.RaftServerImpl (RaftServerImpl.java:setRole(173)) - 9cc7b172-5690-4837-9e8b-954d40059b5c@group-793C5CB10CFF: changes role from  FOLLOWER to CANDIDATE at term 0 for changeToCandidate
2019-11-19 03:48:07,738 [Thread-182] INFO  impl.RoleInfo (RoleInfo.java:updateAndGet(143)) - 9cc7b172-5690-4837-9e8b-954d40059b5c: start LeaderElection
2019-11-19 03:48:07,742 [68ce684d-122b-4aed-8b9f-e4c378aa8e43@group-B2601835851F-LeaderElection1] INFO  server.RaftServerConfigKeys (ConfUtils.java:logGet(43)) - raft.server.watch.timeout = 10s (default)
2019-11-19 03:48:07,742 [68ce684d-122b-4aed-8b9f-e4c378aa8e43@group-B2601835851F-LeaderElection1] INFO  server.RaftServerConfigKeys (ConfUtils.java:logGet(43)) - raft.server.watch.timeout.denomination = 1s (default)
2019-11-19 03:48:07,744 [68ce684d-122b-4aed-8b9f-e4c378aa8e43@group-B2601835851F-LeaderElection1] INFO  server.RaftServerConfigKeys (ConfUtils.java:logGet(43)) - raft.server.watch.element-limit = 65536 (default)
2019-11-19 03:48:07,754 [68ce684d-122b-4aed-8b9f-e4c378aa8e43@group-B2601835851F-LeaderElection1] INFO  impl.RoleInfo (RoleInfo.java:updateAndGet(143)) - 68ce684d-122b-4aed-8b9f-e4c378aa8e43: start LeaderState
2019-11-19 03:48:07,765 [9cc7b172-5690-4837-9e8b-954d40059b5c@group-793C5CB10CFF-LeaderElection2] INFO  impl.LeaderElection (LeaderElection.java:askForVotes(178)) - 9cc7b172-5690-4837-9e8b-954d40059b5c@group-793C5CB10CFF-LeaderElection2: begin an election at term 1 for -1: [9cc7b172-5690-4837-9e8b-954d40059b5c:192.168.157.214:42035], old=null
2019-11-19 03:48:07,766 [9cc7b172-5690-4837-9e8b-954d40059b5c@group-793C5CB10CFF-LeaderElection2] INFO  impl.RoleInfo (RoleInfo.java:shutdownLeaderElection(134)) - 9cc7b172-5690-4837-9e8b-954d40059b5c: shutdown LeaderElection
2019-11-19 03:48:07,767 [9cc7b172-5690-4837-9e8b-954d40059b5c@group-793C5CB10CFF-LeaderElection2] INFO  impl.RaftServerImpl (RaftServerImpl.java:setRole(173)) - 9cc7b172-5690-4837-9e8b-954d40059b5c@group-793C5CB10CFF: changes role from CANDIDATE to LEADER at term 1 for changeToLeader
2019-11-19 03:48:07,767 [9cc7b172-5690-4837-9e8b-954d40059b5c@group-793C5CB10CFF-LeaderElection2] INFO  ratis.XceiverServerRatis (XceiverServerRatis.java:handleLeaderChangedNotification(733)) - Leader change notification received for group: group-793C5CB10CFF with new leaderId: 9cc7b172-5690-4837-9e8b-954d40059b5c
2019-11-19 03:48:07,768 [9cc7b172-5690-4837-9e8b-954d40059b5c@group-793C5CB10CFF-LeaderElection2] INFO  impl.RaftServerImpl (ServerState.java:setLeader(255)) - 9cc7b172-5690-4837-9e8b-954d40059b5c@group-793C5CB10CFF: change Leader from null to 9cc7b172-5690-4837-9e8b-954d40059b5c at term 1 for becomeLeader, leader elected after 5183ms
2019-11-19 03:48:07,769 [9cc7b172-5690-4837-9e8b-954d40059b5c@group-793C5CB10CFF-LeaderElection2] INFO  server.RaftServerConfigKeys (ConfUtils.java:logGet(43)) - raft.server.staging.catchup.gap = 1000 (default)
2019-11-19 03:48:07,769 [9cc7b172-5690-4837-9e8b-954d40059b5c@group-793C5CB10CFF-LeaderElection2] INFO  server.RaftServerConfigKeys (ConfUtils.java:logGet(43)) - raft.server.rpc.sleep.time = 25ms (default)
2019-11-19 03:48:07,769 [9cc7b172-5690-4837-9e8b-954d40059b5c@group-793C5CB10CFF-LeaderElection2] INFO  server.RaftServerConfigKeys (ConfUtils.java:logGet(43)) - raft.server.write.element-limit = 4096 (default)
2019-11-19 03:48:07,769 [9cc7b172-5690-4837-9e8b-954d40059b5c@group-793C5CB10CFF-LeaderElection2] INFO  server.RaftServerConfigKeys (ConfUtils.java:logGet(43)) - raft.server.watch.timeout = 10s (default)
2019-11-19 03:48:07,769 [9cc7b172-5690-4837-9e8b-954d40059b5c@group-793C5CB10CFF-LeaderElection2] INFO  server.RaftServerConfigKeys (ConfUtils.java:logGet(43)) - raft.server.watch.timeout.denomination = 1s (default)
2019-11-19 03:48:07,770 [9cc7b172-5690-4837-9e8b-954d40059b5c@group-793C5CB10CFF-LeaderElection2] INFO  server.RaftServerConfigKeys (ConfUtils.java:logGet(43)) - raft.server.watch.element-limit = 65536 (default)
2019-11-19 03:48:07,771 [9cc7b172-5690-4837-9e8b-954d40059b5c@group-793C5CB10CFF-LeaderElection2] INFO  impl.RoleInfo (RoleInfo.java:updateAndGet(143)) - 9cc7b172-5690-4837-9e8b-954d40059b5c: start LeaderState
2019-11-19 03:48:07,773 [EventQueue-PipelineReportForPipelineReportHandler] INFO  pipeline.PipelineReportHandler (PipelineReportHandler.java:processPipelineReport(113)) - Pipeline THREE PipelineID=b09c2bcc-08f3-4e28-a4ef-bbfffefeeb94 reported by 9cc7b172-5690-4837-9e8b-954d40059b5c{ip: 192.168.157.214, host: pr-hdds-2536-847dz-100891120, networkLocation: /default-rack, certSerialId: null}
2019-11-19 03:48:07,787 [68ce684d-122b-4aed-8b9f-e4c378aa8e43@group-B2601835851F-LeaderElection1] INFO  segmented.SegmentedRaftLogWorker (SegmentedRaftLogWorker.java:startLogSegment(385)) - 68ce684d-122b-4aed-8b9f-e4c378aa8e43@group-B2601835851F-SegmentedRaftLogWorker: Starting segment from index:0
2019-11-19 03:48:07,787 [9cc7b172-5690-4837-9e8b-954d40059b5c@group-793C5CB10CFF-LeaderElection2] INFO  segmented.SegmentedRaftLogWorker (SegmentedRaftLogWorker.java:startLogSegment(385)) - 9cc7b172-5690-4837-9e8b-954d40059b5c@group-793C5CB10CFF-SegmentedRaftLogWorker: Starting segment from index:0
2019-11-19 03:48:07,792 [Thread-181] INFO  impl.FollowerState (FollowerState.java:run(111)) - 5e677d00-17c4-46d7-af27-6ea1471f8275@group-7147CB898705-FollowerState: change to CANDIDATE, lastRpcTime:5125ms, electionTimeout:5121ms
2019-11-19 03:48:07,792 [Thread-181] INFO  impl.RoleInfo (RoleInfo.java:shutdownFollowerState(121)) - 5e677d00-17c4-46d7-af27-6ea1471f8275: shutdown FollowerState
2019-11-19 03:48:07,792 [Thread-181] INFO  impl.RaftServerImpl (RaftServerImpl.java:setRole(173)) - 5e677d00-17c4-46d7-af27-6ea1471f8275@group-7147CB898705: changes role from  FOLLOWER to CANDIDATE at term 0 for changeToCandidate
2019-11-19 03:48:07,792 [Thread-181] INFO  impl.RoleInfo (RoleInfo.java:updateAndGet(143)) - 5e677d00-17c4-46d7-af27-6ea1471f8275: start LeaderElection
2019-11-19 03:48:07,814 [9cc7b172-5690-4837-9e8b-954d40059b5c@group-793C5CB10CFF-LeaderElection2] INFO  impl.RaftServerImpl (ServerState.java:setRaftConf(356)) - 9cc7b172-5690-4837-9e8b-954d40059b5c@group-793C5CB10CFF: set configuration 0: [9cc7b172-5690-4837-9e8b-954d40059b5c:192.168.157.214:42035], old=null at 0
2019-11-19 03:48:07,814 [68ce684d-122b-4aed-8b9f-e4c378aa8e43@group-B2601835851F-LeaderElection1] INFO  impl.RaftServerImpl (ServerState.java:setRaftConf(356)) - 68ce684d-122b-4aed-8b9f-e4c378aa8e43@group-B2601835851F: set configuration 0: [68ce684d-122b-4aed-8b9f-e4c378aa8e43:192.168.157.214:37339], old=null at 0
2019-11-19 03:48:07,840 [5e677d00-17c4-46d7-af27-6ea1471f8275@group-7147CB898705-LeaderElection3] INFO  impl.LeaderElection (LeaderElection.java:askForVotes(178)) - 5e677d00-17c4-46d7-af27-6ea1471f8275@group-7147CB898705-LeaderElection3: begin an election at term 1 for -1: [5e677d00-17c4-46d7-af27-6ea1471f8275:192.168.157.214:44732], old=null
2019-11-19 03:48:07,841 [5e677d00-17c4-46d7-af27-6ea1471f8275@group-7147CB898705-LeaderElection3] INFO  impl.RoleInfo (RoleInfo.java:shutdownLeaderElection(134)) - 5e677d00-17c4-46d7-af27-6ea1471f8275: shutdown LeaderElection
2019-11-19 03:48:07,841 [5e677d00-17c4-46d7-af27-6ea1471f8275@group-7147CB898705-LeaderElection3] INFO  impl.RaftServerImpl (RaftServerImpl.java:setRole(173)) - 5e677d00-17c4-46d7-af27-6ea1471f8275@group-7147CB898705: changes role from CANDIDATE to LEADER at term 1 for changeToLeader
2019-11-19 03:48:07,841 [5e677d00-17c4-46d7-af27-6ea1471f8275@group-7147CB898705-LeaderElection3] INFO  ratis.XceiverServerRatis (XceiverServerRatis.java:handleLeaderChangedNotification(733)) - Leader change notification received for group: group-7147CB898705 with new leaderId: 5e677d00-17c4-46d7-af27-6ea1471f8275
2019-11-19 03:48:07,841 [5e677d00-17c4-46d7-af27-6ea1471f8275@group-7147CB898705-LeaderElection3] INFO  impl.RaftServerImpl (ServerState.java:setLeader(255)) - 5e677d00-17c4-46d7-af27-6ea1471f8275@group-7147CB898705: change Leader from null to 5e677d00-17c4-46d7-af27-6ea1471f8275 at term 1 for becomeLeader, leader elected after 5278ms
2019-11-19 03:48:07,841 [Thread-188] INFO  impl.FollowerState (FollowerState.java:run(111)) - 68ce684d-122b-4aed-8b9f-e4c378aa8e43@group-BBFFFEFEEB94-FollowerState: change to CANDIDATE, lastRpcTime:5084ms, electionTimeout:5084ms
2019-11-19 03:48:07,841 [5e677d00-17c4-46d7-af27-6ea1471f8275@group-7147CB898705-LeaderElection3] INFO  server.RaftServerConfigKeys (ConfUtils.java:logGet(43)) - raft.server.staging.catchup.gap = 1000 (default)
2019-11-19 03:48:07,842 [Thread-188] INFO  impl.RoleInfo (RoleInfo.java:shutdownFollowerState(121)) - 68ce684d-122b-4aed-8b9f-e4c378aa8e43: shutdown FollowerState
2019-11-19 03:48:07,842 [5e677d00-17c4-46d7-af27-6ea1471f8275@group-7147CB898705-LeaderElection3] INFO  server.RaftServerConfigKeys (ConfUtils.java:logGet(43)) - raft.server.rpc.sleep.time = 25ms (default)
2019-11-19 03:48:07,842 [Thread-188] INFO  impl.RaftServerImpl (RaftServerImpl.java:setRole(173)) - 68ce684d-122b-4aed-8b9f-e4c378aa8e43@group-BBFFFEFEEB94: changes role from  FOLLOWER to CANDIDATE at term 0 for changeToCandidate
2019-11-19 03:48:07,842 [5e677d00-17c4-46d7-af27-6ea1471f8275@group-7147CB898705-LeaderElection3] INFO  server.RaftServerConfigKeys (ConfUtils.java:logGet(43)) - raft.server.write.element-limit = 4096 (default)
2019-11-19 03:48:07,843 [Thread-188] INFO  impl.RoleInfo (RoleInfo.java:updateAndGet(143)) - 68ce684d-122b-4aed-8b9f-e4c378aa8e43: start LeaderElection
2019-11-19 03:48:07,843 [5e677d00-17c4-46d7-af27-6ea1471f8275@group-7147CB898705-LeaderElection3] INFO  server.RaftServerConfigKeys (ConfUtils.java:logGet(43)) - raft.server.watch.timeout = 10s (default)
2019-11-19 03:48:07,843 [5e677d00-17c4-46d7-af27-6ea1471f8275@group-7147CB898705-LeaderElection3] INFO  server.RaftServerConfigKeys (ConfUtils.java:logGet(43)) - raft.server.watch.timeout.denomination = 1s (default)
2019-11-19 03:48:07,844 [5e677d00-17c4-46d7-af27-6ea1471f8275@group-7147CB898705-LeaderElection3] INFO  server.RaftServerConfigKeys (ConfUtils.java:logGet(43)) - raft.server.watch.element-limit = 65536 (default)
2019-11-19 03:48:07,845 [5e677d00-17c4-46d7-af27-6ea1471f8275@group-7147CB898705-LeaderElection3] INFO  impl.RoleInfo (RoleInfo.java:updateAndGet(143)) - 5e677d00-17c4-46d7-af27-6ea1471f8275: start LeaderState
2019-11-19 03:48:07,845 [EventQueue-PipelineReportForPipelineReportHandler] INFO  pipeline.PipelineReportHandler (PipelineReportHandler.java:processPipelineReport(113)) - Pipeline THREE PipelineID=b09c2bcc-08f3-4e28-a4ef-bbfffefeeb94 reported by 5e677d00-17c4-46d7-af27-6ea1471f8275{ip: 192.168.157.214, host: pr-hdds-2536-847dz-100891120, networkLocation: /default-rack, certSerialId: null}
2019-11-19 03:48:07,846 [5e677d00-17c4-46d7-af27-6ea1471f8275@group-7147CB898705-LeaderElection3] INFO  segmented.SegmentedRaftLogWorker (SegmentedRaftLogWorker.java:startLogSegment(385)) - 5e677d00-17c4-46d7-af27-6ea1471f8275@group-7147CB898705-SegmentedRaftLogWorker: Starting segment from index:0
2019-11-19 03:48:07,846 [5e677d00-17c4-46d7-af27-6ea1471f8275@group-7147CB898705-LeaderElection3] INFO  impl.RaftServerImpl (ServerState.java:setRaftConf(356)) - 5e677d00-17c4-46d7-af27-6ea1471f8275@group-7147CB898705: set configuration 0: [5e677d00-17c4-46d7-af27-6ea1471f8275:192.168.157.214:44732], old=null at 0
2019-11-19 03:48:07,854 [Thread-191] INFO  impl.FollowerState (FollowerState.java:run(111)) - 9cc7b172-5690-4837-9e8b-954d40059b5c@group-BBFFFEFEEB94-FollowerState: change to CANDIDATE, lastRpcTime:5094ms, electionTimeout:5093ms
2019-11-19 03:48:07,854 [Thread-191] INFO  impl.RoleInfo (RoleInfo.java:shutdownFollowerState(121)) - 9cc7b172-5690-4837-9e8b-954d40059b5c: shutdown FollowerState
2019-11-19 03:48:07,855 [Thread-191] INFO  impl.RaftServerImpl (RaftServerImpl.java:setRole(173)) - 9cc7b172-5690-4837-9e8b-954d40059b5c@group-BBFFFEFEEB94: changes role from  FOLLOWER to CANDIDATE at term 0 for changeToCandidate
2019-11-19 03:48:07,855 [Thread-191] INFO  impl.RoleInfo (RoleInfo.java:updateAndGet(143)) - 9cc7b172-5690-4837-9e8b-954d40059b5c: start LeaderElection
2019-11-19 03:48:07,874 [68ce684d-122b-4aed-8b9f-e4c378aa8e43@group-BBFFFEFEEB94-LeaderElection4] INFO  impl.LeaderElection (LeaderElection.java:askForVotes(178)) - 68ce684d-122b-4aed-8b9f-e4c378aa8e43@group-BBFFFEFEEB94-LeaderElection4: begin an election at term 1 for -1: [9cc7b172-5690-4837-9e8b-954d40059b5c:192.168.157.214:42035, 68ce684d-122b-4aed-8b9f-e4c378aa8e43:192.168.157.214:37339, 5e677d00-17c4-46d7-af27-6ea1471f8275:192.168.157.214:44732], old=null
2019-11-19 03:48:07,885 [Thread-190] INFO  impl.FollowerState (FollowerState.java:run(111)) - 5e677d00-17c4-46d7-af27-6ea1471f8275@group-BBFFFEFEEB94-FollowerState: change to CANDIDATE, lastRpcTime:5126ms, electionTimeout:5126ms
2019-11-19 03:48:07,885 [Thread-190] INFO  impl.RoleInfo (RoleInfo.java:shutdownFollowerState(121)) - 5e677d00-17c4-46d7-af27-6ea1471f8275: shutdown FollowerState
2019-11-19 03:48:07,885 [Thread-190] INFO  impl.RaftServerImpl (RaftServerImpl.java:setRole(173)) - 5e677d00-17c4-46d7-af27-6ea1471f8275@group-BBFFFEFEEB94: changes role from  FOLLOWER to CANDIDATE at term 0 for changeToCandidate
2019-11-19 03:48:07,885 [Thread-190] INFO  impl.RoleInfo (RoleInfo.java:updateAndGet(143)) - 5e677d00-17c4-46d7-af27-6ea1471f8275: start LeaderElection
2019-11-19 03:48:07,891 [9cc7b172-5690-4837-9e8b-954d40059b5c@group-BBFFFEFEEB94-LeaderElection5] INFO  impl.LeaderElection (LeaderElection.java:askForVotes(178)) - 9cc7b172-5690-4837-9e8b-954d40059b5c@group-BBFFFEFEEB94-LeaderElection5: begin an election at term 1 for -1: [9cc7b172-5690-4837-9e8b-954d40059b5c:192.168.157.214:42035, 68ce684d-122b-4aed-8b9f-e4c378aa8e43:192.168.157.214:37339, 5e677d00-17c4-46d7-af27-6ea1471f8275:192.168.157.214:44732], old=null
2019-11-19 03:48:07,917 [5e677d00-17c4-46d7-af27-6ea1471f8275@group-BBFFFEFEEB94-LeaderElection6] INFO  impl.LeaderElection (LeaderElection.java:askForVotes(178)) - 5e677d00-17c4-46d7-af27-6ea1471f8275@group-BBFFFEFEEB94-LeaderElection6: begin an election at term 1 for -1: [9cc7b172-5690-4837-9e8b-954d40059b5c:192.168.157.214:42035, 68ce684d-122b-4aed-8b9f-e4c378aa8e43:192.168.157.214:37339, 5e677d00-17c4-46d7-af27-6ea1471f8275:192.168.157.214:44732], old=null
2019-11-19 03:48:08,009 [5e677d00-17c4-46d7-af27-6ea1471f8275@group-7147CB898705-SegmentedRaftLogWorker] INFO  segmented.SegmentedRaftLogWorker (SegmentedRaftLogWorker.java:execute(576)) - 5e677d00-17c4-46d7-af27-6ea1471f8275@group-7147CB898705-SegmentedRaftLogWorker: created new log segment /workdir/hadoop-ozone/tools/target/test-dir/MiniOzoneClusterImpl-416ee1e3-35e2-4142-88bf-bddadec884fc/datanode-0/data/ratis/abe4e26b-0b14-4507-9013-7147cb898705/current/log_inprogress_0
2019-11-19 03:48:08,009 [9cc7b172-5690-4837-9e8b-954d40059b5c@group-793C5CB10CFF-SegmentedRaftLogWorker] INFO  segmented.SegmentedRaftLogWorker (SegmentedRaftLogWorker.java:execute(576)) - 9cc7b172-5690-4837-9e8b-954d40059b5c@group-793C5CB10CFF-SegmentedRaftLogWorker: created new log segment /workdir/hadoop-ozone/tools/target/test-dir/MiniOzoneClusterImpl-416ee1e3-35e2-4142-88bf-bddadec884fc/datanode-2/data/ratis/cdda0389-c492-4fa7-96c3-793c5cb10cff/current/log_inprogress_0
2019-11-19 03:48:08,009 [68ce684d-122b-4aed-8b9f-e4c378aa8e43@group-B2601835851F-SegmentedRaftLogWorker] INFO  segmented.SegmentedRaftLogWorker (SegmentedRaftLogWorker.java:execute(576)) - 68ce684d-122b-4aed-8b9f-e4c378aa8e43@group-B2601835851F-SegmentedRaftLogWorker: created new log segment /workdir/hadoop-ozone/tools/target/test-dir/MiniOzoneClusterImpl-416ee1e3-35e2-4142-88bf-bddadec884fc/datanode-1/data/ratis/26ec4d44-df87-4366-9ec7-b2601835851f/current/log_inprogress_0
2019-11-19 03:48:08,380 [9cc7b172-5690-4837-9e8b-954d40059b5c@group-BBFFFEFEEB94-LeaderElection5] INFO  impl.LeaderElection (LeaderElection.java:logAndReturn(56)) - 9cc7b172-5690-4837-9e8b-954d40059b5c@group-BBFFFEFEEB94-LeaderElection5: Election REJECTED; received 2 response(s) [9cc7b172-5690-4837-9e8b-954d40059b5c<-68ce684d-122b-4aed-8b9f-e4c378aa8e43#0:FAIL-t1, 9cc7b172-5690-4837-9e8b-954d40059b5c<-5e677d00-17c4-46d7-af27-6ea1471f8275#0:FAIL-t1] and 0 exception(s); 9cc7b172-5690-4837-9e8b-954d40059b5c@group-BBFFFEFEEB94:t1, leader=null, voted=9cc7b172-5690-4837-9e8b-954d40059b5c, raftlog=9cc7b172-5690-4837-9e8b-954d40059b5c@group-BBFFFEFEEB94-SegmentedRaftLog:OPENED:c-1,f-1,i0, conf=-1: [9cc7b172-5690-4837-9e8b-954d40059b5c:192.168.157.214:42035, 68ce684d-122b-4aed-8b9f-e4c378aa8e43:192.168.157.214:37339, 5e677d00-17c4-46d7-af27-6ea1471f8275:192.168.157.214:44732], old=null
2019-11-19 03:48:08,380 [68ce684d-122b-4aed-8b9f-e4c378aa8e43@group-BBFFFEFEEB94-LeaderElection4] INFO  impl.LeaderElection (LeaderElection.java:logAndReturn(56)) - 68ce684d-122b-4aed-8b9f-e4c378aa8e43@group-BBFFFEFEEB94-LeaderElection4: Election REJECTED; received 2 response(s) [68ce684d-122b-4aed-8b9f-e4c378aa8e43<-9cc7b172-5690-4837-9e8b-954d40059b5c#0:FAIL-t1, 68ce684d-122b-4aed-8b9f-e4c378aa8e43<-5e677d00-17c4-46d7-af27-6ea1471f8275#0:FAIL-t1] and 0 exception(s); 68ce684d-122b-4aed-8b9f-e4c378aa8e43@group-BBFFFEFEEB94:t1, leader=null, voted=68ce684d-122b-4aed-8b9f-e4c378aa8e43, raftlog=68ce684d-122b-4aed-8b9f-e4c378aa8e43@group-BBFFFEFEEB94-SegmentedRaftLog:OPENED:c-1,f-1,i0, conf=-1: [9cc7b172-5690-4837-9e8b-954d40059b5c:192.168.157.214:42035, 68ce684d-122b-4aed-8b9f-e4c378aa8e43:192.168.157.214:37339, 5e677d00-17c4-46d7-af27-6ea1471f8275:192.168.157.214:44732], old=null
2019-11-19 03:48:08,380 [5e677d00-17c4-46d7-af27-6ea1471f8275@group-BBFFFEFEEB94-LeaderElection6] INFO  impl.LeaderElection (LeaderElection.java:logAndReturn(56)) - 5e677d00-17c4-46d7-af27-6ea1471f8275@group-BBFFFEFEEB94-LeaderElection6: Election REJECTED; received 2 response(s) [5e677d00-17c4-46d7-af27-6ea1471f8275<-9cc7b172-5690-4837-9e8b-954d40059b5c#0:FAIL-t1, 5e677d00-17c4-46d7-af27-6ea1471f8275<-68ce684d-122b-4aed-8b9f-e4c378aa8e43#0:FAIL-t1] and 0 exception(s); 5e677d00-17c4-46d7-af27-6ea1471f8275@group-BBFFFEFEEB94:t1, leader=null, voted=5e677d00-17c4-46d7-af27-6ea1471f8275, raftlog=5e677d00-17c4-46d7-af27-6ea1471f8275@group-BBFFFEFEEB94-SegmentedRaftLog:OPENED:c-1,f-1,i0, conf=-1: [9cc7b172-5690-4837-9e8b-954d40059b5c:192.168.157.214:42035, 68ce684d-122b-4aed-8b9f-e4c378aa8e43:192.168.157.214:37339, 5e677d00-17c4-46d7-af27-6ea1471f8275:192.168.157.214:44732], old=null
2019-11-19 03:48:08,382 [9cc7b172-5690-4837-9e8b-954d40059b5c@group-BBFFFEFEEB94-LeaderElection5] INFO  impl.RaftServerImpl (RaftServerImpl.java:setRole(173)) - 9cc7b172-5690-4837-9e8b-954d40059b5c@group-BBFFFEFEEB94: changes role from CANDIDATE to FOLLOWER at term 1 for DISCOVERED_A_NEW_TERM
2019-11-19 03:48:08,384 [68ce684d-122b-4aed-8b9f-e4c378aa8e43@group-BBFFFEFEEB94-LeaderElection4] INFO  impl.RaftServerImpl (RaftServerImpl.java:setRole(173)) - 68ce684d-122b-4aed-8b9f-e4c378aa8e43@group-BBFFFEFEEB94: changes role from CANDIDATE to FOLLOWER at term 1 for DISCOVERED_A_NEW_TERM
2019-11-19 03:48:08,384 [68ce684d-122b-4aed-8b9f-e4c378aa8e43@group-BBFFFEFEEB94-LeaderElection4] INFO  impl.RoleInfo (RoleInfo.java:shutdownLeaderElection(134)) - 68ce684d-122b-4aed-8b9f-e4c378aa8e43: shutdown LeaderElection
2019-11-19 03:48:08,386 [5e677d00-17c4-46d7-af27-6ea1471f8275@group-BBFFFEFEEB94-LeaderElection6] INFO  impl.RaftServerImpl (RaftServerImpl.java:setRole(173)) - 5e677d00-17c4-46d7-af27-6ea1471f8275@group-BBFFFEFEEB94: changes role from CANDIDATE to FOLLOWER at term 1 for DISCOVERED_A_NEW_TERM
2019-11-19 03:48:08,386 [5e677d00-17c4-46d7-af27-6ea1471f8275@group-BBFFFEFEEB94-LeaderElection6] INFO  impl.RoleInfo (RoleInfo.java:shutdownLeaderElection(134)) - 5e677d00-17c4-46d7-af27-6ea1471f8275: shutdown LeaderElection
2019-11-19 03:48:08,385 [9cc7b172-5690-4837-9e8b-954d40059b5c@group-BBFFFEFEEB94-LeaderElection5] INFO  impl.RoleInfo (RoleInfo.java:shutdownLeaderElection(134)) - 9cc7b172-5690-4837-9e8b-954d40059b5c: shutdown LeaderElection
2019-11-19 03:48:08,386 [5e677d00-17c4-46d7-af27-6ea1471f8275@group-BBFFFEFEEB94-LeaderElection6] INFO  impl.RoleInfo (RoleInfo.java:updateAndGet(143)) - 5e677d00-17c4-46d7-af27-6ea1471f8275: start FollowerState
2019-11-19 03:48:08,386 [68ce684d-122b-4aed-8b9f-e4c378aa8e43@group-BBFFFEFEEB94-LeaderElection4] INFO  impl.RoleInfo (RoleInfo.java:updateAndGet(143)) - 68ce684d-122b-4aed-8b9f-e4c378aa8e43: start FollowerState
2019-11-19 03:48:08,386 [9cc7b172-5690-4837-9e8b-954d40059b5c@group-BBFFFEFEEB94-LeaderElection5] INFO  impl.RoleInfo (RoleInfo.java:updateAndGet(143)) - 9cc7b172-5690-4837-9e8b-954d40059b5c: start FollowerState
2019-11-19 03:48:08,536 [main] INFO  ozone.MiniOzoneClusterImpl (MiniOzoneClusterImpl.java:lambda$waitForClusterToBeReady$0(150)) - Nodes are ready. Got 3 of 3 DN Heartbeats.
2019-11-19 03:48:08,536 [main] INFO  ozone.MiniOzoneClusterImpl (MiniOzoneClusterImpl.java:lambda$waitForClusterToBeReady$0(153)) - Waiting for cluster to exit safe mode
2019-11-19 03:48:09,536 [main] INFO  ozone.MiniOzoneClusterImpl (MiniOzoneClusterImpl.java:lambda$waitForClusterToBeReady$0(150)) - Nodes are ready. Got 3 of 3 DN Heartbeats.
2019-11-19 03:48:09,537 [main] INFO  ozone.MiniOzoneClusterImpl (MiniOzoneClusterImpl.java:lambda$waitForClusterToBeReady$0(153)) - Waiting for cluster to exit safe mode
2019-11-19 03:48:10,537 [main] INFO  ozone.MiniOzoneClusterImpl (MiniOzoneClusterImpl.java:lambda$waitForClusterToBeReady$0(150)) - Nodes are ready. Got 3 of 3 DN Heartbeats.
2019-11-19 03:48:10,538 [main] INFO  ozone.MiniOzoneClusterImpl (MiniOzoneClusterImpl.java:lambda$waitForClusterToBeReady$0(153)) - Waiting for cluster to exit safe mode
2019-11-19 03:48:11,538 [main] INFO  ozone.MiniOzoneClusterImpl (MiniOzoneClusterImpl.java:lambda$waitForClusterToBeReady$0(150)) - Nodes are ready. Got 3 of 3 DN Heartbeats.
2019-11-19 03:48:11,538 [main] INFO  ozone.MiniOzoneClusterImpl (MiniOzoneClusterImpl.java:lambda$waitForClusterToBeReady$0(153)) - Waiting for cluster to exit safe mode
2019-11-19 03:48:12,539 [main] INFO  ozone.MiniOzoneClusterImpl (MiniOzoneClusterImpl.java:lambda$waitForClusterToBeReady$0(150)) - Nodes are ready. Got 3 of 3 DN Heartbeats.
2019-11-19 03:48:12,539 [main] INFO  ozone.MiniOzoneClusterImpl (MiniOzoneClusterImpl.java:lambda$waitForClusterToBeReady$0(153)) - Waiting for cluster to exit safe mode
2019-11-19 03:48:13,538 [Thread-208] INFO  impl.FollowerState (FollowerState.java:run(111)) - 5e677d00-17c4-46d7-af27-6ea1471f8275@group-BBFFFEFEEB94-FollowerState: change to CANDIDATE, lastRpcTime:5151ms, electionTimeout:5149ms
2019-11-19 03:48:13,538 [Thread-208] INFO  impl.RoleInfo (RoleInfo.java:shutdownFollowerState(121)) - 5e677d00-17c4-46d7-af27-6ea1471f8275: shutdown FollowerState
2019-11-19 03:48:13,538 [Thread-208] INFO  impl.RaftServerImpl (RaftServerImpl.java:setRole(173)) - 5e677d00-17c4-46d7-af27-6ea1471f8275@group-BBFFFEFEEB94: changes role from  FOLLOWER to CANDIDATE at term 1 for changeToCandidate
2019-11-19 03:48:13,539 [Thread-208] INFO  impl.RoleInfo (RoleInfo.java:updateAndGet(143)) - 5e677d00-17c4-46d7-af27-6ea1471f8275: start LeaderElection
2019-11-19 03:48:13,541 [main] INFO  ozone.MiniOzoneClusterImpl (MiniOzoneClusterImpl.java:lambda$waitForClusterToBeReady$0(150)) - Nodes are ready. Got 3 of 3 DN Heartbeats.
2019-11-19 03:48:13,541 [main] INFO  ozone.MiniOzoneClusterImpl (MiniOzoneClusterImpl.java:lambda$waitForClusterToBeReady$0(153)) - Waiting for cluster to exit safe mode
2019-11-19 03:48:13,566 [5e677d00-17c4-46d7-af27-6ea1471f8275@group-BBFFFEFEEB94-LeaderElection7] INFO  impl.LeaderElection (LeaderElection.java:askForVotes(178)) - 5e677d00-17c4-46d7-af27-6ea1471f8275@group-BBFFFEFEEB94-LeaderElection7: begin an election at term 2 for -1: [9cc7b172-5690-4837-9e8b-954d40059b5c:192.168.157.214:42035, 68ce684d-122b-4aed-8b9f-e4c378aa8e43:192.168.157.214:37339, 5e677d00-17c4-46d7-af27-6ea1471f8275:192.168.157.214:44732], old=null
2019-11-19 03:48:13,576 [Thread-209] INFO  impl.FollowerState (FollowerState.java:run(111)) - 9cc7b172-5690-4837-9e8b-954d40059b5c@group-BBFFFEFEEB94-FollowerState: change to CANDIDATE, lastRpcTime:5189ms, electionTimeout:5187ms
2019-11-19 03:48:13,576 [Thread-209] INFO  impl.RoleInfo (RoleInfo.java:shutdownFollowerState(121)) - 9cc7b172-5690-4837-9e8b-954d40059b5c: shutdown FollowerState
2019-11-19 03:48:13,576 [Thread-209] INFO  impl.RaftServerImpl (RaftServerImpl.java:setRole(173)) - 9cc7b172-5690-4837-9e8b-954d40059b5c@group-BBFFFEFEEB94: changes role from  FOLLOWER to CANDIDATE at term 1 for changeToCandidate
2019-11-19 03:48:13,577 [Thread-209] INFO  impl.RoleInfo (RoleInfo.java:updateAndGet(143)) - 9cc7b172-5690-4837-9e8b-954d40059b5c: start LeaderElection
2019-11-19 03:48:13,577 [grpc-default-executor-3] INFO  impl.RaftServerImpl (RaftServerImpl.java:setRole(173)) - 68ce684d-122b-4aed-8b9f-e4c378aa8e43@group-BBFFFEFEEB94: changes role from  FOLLOWER to FOLLOWER at term 2 for recognizeCandidate:5e677d00-17c4-46d7-af27-6ea1471f8275
2019-11-19 03:48:13,578 [grpc-default-executor-3] INFO  impl.RoleInfo (RoleInfo.java:shutdownFollowerState(121)) - 68ce684d-122b-4aed-8b9f-e4c378aa8e43: shutdown FollowerState
2019-11-19 03:48:13,579 [grpc-default-executor-3] INFO  impl.RoleInfo (RoleInfo.java:updateAndGet(143)) - 68ce684d-122b-4aed-8b9f-e4c378aa8e43: start FollowerState
2019-11-19 03:48:13,579 [Thread-207] INFO  impl.FollowerState (FollowerState.java:run(120)) - 68ce684d-122b-4aed-8b9f-e4c378aa8e43@group-BBFFFEFEEB94-FollowerState was interrupted: java.lang.InterruptedException: sleep interrupted
2019-11-19 03:48:13,594 [9cc7b172-5690-4837-9e8b-954d40059b5c@group-BBFFFEFEEB94-LeaderElection8] INFO  impl.LeaderElection (LeaderElection.java:askForVotes(178)) - 9cc7b172-5690-4837-9e8b-954d40059b5c@group-BBFFFEFEEB94-LeaderElection8: begin an election at term 2 for -1: [9cc7b172-5690-4837-9e8b-954d40059b5c:192.168.157.214:42035, 68ce684d-122b-4aed-8b9f-e4c378aa8e43:192.168.157.214:37339, 5e677d00-17c4-46d7-af27-6ea1471f8275:192.168.157.214:44732], old=null
2019-11-19 03:48:13,622 [9cc7b172-5690-4837-9e8b-954d40059b5c@group-BBFFFEFEEB94-LeaderElection8] INFO  impl.LeaderElection (LeaderElection.java:logAndReturn(56)) - 9cc7b172-5690-4837-9e8b-954d40059b5c@group-BBFFFEFEEB94-LeaderElection8: Election REJECTED; received 2 response(s) [9cc7b172-5690-4837-9e8b-954d40059b5c<-68ce684d-122b-4aed-8b9f-e4c378aa8e43#0:FAIL-t2, 9cc7b172-5690-4837-9e8b-954d40059b5c<-5e677d00-17c4-46d7-af27-6ea1471f8275#0:FAIL-t2] and 0 exception(s); 9cc7b172-5690-4837-9e8b-954d40059b5c@group-BBFFFEFEEB94:t2, leader=null, voted=9cc7b172-5690-4837-9e8b-954d40059b5c, raftlog=9cc7b172-5690-4837-9e8b-954d40059b5c@group-BBFFFEFEEB94-SegmentedRaftLog:OPENED:c-1,f-1,i0, conf=-1: [9cc7b172-5690-4837-9e8b-954d40059b5c:192.168.157.214:42035, 68ce684d-122b-4aed-8b9f-e4c378aa8e43:192.168.157.214:37339, 5e677d00-17c4-46d7-af27-6ea1471f8275:192.168.157.214:44732], old=null
2019-11-19 03:48:13,622 [5e677d00-17c4-46d7-af27-6ea1471f8275@group-BBFFFEFEEB94-LeaderElection7] INFO  impl.LeaderElection (LeaderElection.java:logAndReturn(56)) - 5e677d00-17c4-46d7-af27-6ea1471f8275@group-BBFFFEFEEB94-LeaderElection7: Election PASSED; received 2 response(s) [5e677d00-17c4-46d7-af27-6ea1471f8275<-9cc7b172-5690-4837-9e8b-954d40059b5c#0:FAIL-t2, 5e677d00-17c4-46d7-af27-6ea1471f8275<-68ce684d-122b-4aed-8b9f-e4c378aa8e43#0:OK-t2] and 0 exception(s); 5e677d00-17c4-46d7-af27-6ea1471f8275@group-BBFFFEFEEB94:t2, leader=null, voted=5e677d00-17c4-46d7-af27-6ea1471f8275, raftlog=5e677d00-17c4-46d7-af27-6ea1471f8275@group-BBFFFEFEEB94-SegmentedRaftLog:OPENED:c-1,f-1,i0, conf=-1: [9cc7b172-5690-4837-9e8b-954d40059b5c:192.168.157.214:42035, 68ce684d-122b-4aed-8b9f-e4c378aa8e43:192.168.157.214:37339, 5e677d00-17c4-46d7-af27-6ea1471f8275:192.168.157.214:44732], old=null
2019-11-19 03:48:13,622 [9cc7b172-5690-4837-9e8b-954d40059b5c@group-BBFFFEFEEB94-LeaderElection8] INFO  impl.RaftServerImpl (RaftServerImpl.java:setRole(173)) - 9cc7b172-5690-4837-9e8b-954d40059b5c@group-BBFFFEFEEB94: changes role from CANDIDATE to FOLLOWER at term 2 for DISCOVERED_A_NEW_TERM
2019-11-19 03:48:13,623 [5e677d00-17c4-46d7-af27-6ea1471f8275@group-BBFFFEFEEB94-LeaderElection7] INFO  impl.RoleInfo (RoleInfo.java:shutdownLeaderElection(134)) - 5e677d00-17c4-46d7-af27-6ea1471f8275: shutdown LeaderElection
2019-11-19 03:48:13,624 [9cc7b172-5690-4837-9e8b-954d40059b5c@group-BBFFFEFEEB94-LeaderElection8] INFO  impl.RoleInfo (RoleInfo.java:shutdownLeaderElection(134)) - 9cc7b172-5690-4837-9e8b-954d40059b5c: shutdown LeaderElection
2019-11-19 03:48:13,625 [5e677d00-17c4-46d7-af27-6ea1471f8275@group-BBFFFEFEEB94-LeaderElection7] INFO  impl.RaftServerImpl (RaftServerImpl.java:setRole(173)) - 5e677d00-17c4-46d7-af27-6ea1471f8275@group-BBFFFEFEEB94: changes role from CANDIDATE to LEADER at term 2 for changeToLeader
2019-11-19 03:48:13,625 [9cc7b172-5690-4837-9e8b-954d40059b5c@group-BBFFFEFEEB94-LeaderElection8] INFO  impl.RoleInfo (RoleInfo.java:updateAndGet(143)) - 9cc7b172-5690-4837-9e8b-954d40059b5c: start FollowerState
2019-11-19 03:48:13,625 [5e677d00-17c4-46d7-af27-6ea1471f8275@group-BBFFFEFEEB94-LeaderElection7] INFO  ratis.XceiverServerRatis (XceiverServerRatis.java:handleLeaderChangedNotification(733)) - Leader change notification received for group: group-BBFFFEFEEB94 with new leaderId: 5e677d00-17c4-46d7-af27-6ea1471f8275
2019-11-19 03:48:13,626 [5e677d00-17c4-46d7-af27-6ea1471f8275@group-BBFFFEFEEB94-LeaderElection7] INFO  impl.RaftServerImpl (ServerState.java:setLeader(255)) - 5e677d00-17c4-46d7-af27-6ea1471f8275@group-BBFFFEFEEB94: change Leader from null to 5e677d00-17c4-46d7-af27-6ea1471f8275 at term 2 for becomeLeader, leader elected after 10879ms
2019-11-19 03:48:13,626 [5e677d00-17c4-46d7-af27-6ea1471f8275@group-BBFFFEFEEB94-LeaderElection7] INFO  server.RaftServerConfigKeys (ConfUtils.java:logGet(43)) - raft.server.staging.catchup.gap = 1000 (default)
2019-11-19 03:48:13,627 [5e677d00-17c4-46d7-af27-6ea1471f8275@group-BBFFFEFEEB94-LeaderElection7] INFO  server.RaftServerConfigKeys (ConfUtils.java:logGet(43)) - raft.server.rpc.sleep.time = 25ms (default)
2019-11-19 03:48:13,627 [5e677d00-17c4-46d7-af27-6ea1471f8275@group-BBFFFEFEEB94-LeaderElection7] INFO  server.RaftServerConfigKeys (ConfUtils.java:logGet(43)) - raft.server.write.element-limit = 4096 (default)
2019-11-19 03:48:13,627 [5e677d00-17c4-46d7-af27-6ea1471f8275@group-BBFFFEFEEB94-LeaderElection7] INFO  server.RaftServerConfigKeys (ConfUtils.java:logGet(43)) - raft.server.watch.timeout = 10s (default)
2019-11-19 03:48:13,628 [5e677d00-17c4-46d7-af27-6ea1471f8275@group-BBFFFEFEEB94-LeaderElection7] INFO  server.RaftServerConfigKeys (ConfUtils.java:logGet(43)) - raft.server.watch.timeout.denomination = 1s (default)
2019-11-19 03:48:13,628 [5e677d00-17c4-46d7-af27-6ea1471f8275@group-BBFFFEFEEB94-LeaderElection7] INFO  server.RaftServerConfigKeys (ConfUtils.java:logGet(43)) - raft.server.watch.element-limit = 65536 (default)
2019-11-19 03:48:13,629 [EventQueue-PipelineReportForPipelineReportHandler] INFO  pipeline.PipelineReportHandler (PipelineReportHandler.java:processPipelineReport(113)) - Pipeline THREE PipelineID=b09c2bcc-08f3-4e28-a4ef-bbfffefeeb94 reported by 5e677d00-17c4-46d7-af27-6ea1471f8275{ip: 192.168.157.214, host: pr-hdds-2536-847dz-100891120, networkLocation: /default-rack, certSerialId: null}
2019-11-19 03:48:13,629 [EventQueue-PipelineReportForPipelineReportHandler] INFO  pipeline.PipelineStateManager (PipelineStateManager.java:openPipeline(132)) - Pipeline Pipeline[ Id: b09c2bcc-08f3-4e28-a4ef-bbfffefeeb94, Nodes: 68ce684d-122b-4aed-8b9f-e4c378aa8e43{ip: 192.168.157.214, host: pr-hdds-2536-847dz-100891120, networkLocation: /default-rack, certSerialId: null}5e677d00-17c4-46d7-af27-6ea1471f8275{ip: 192.168.157.214, host: pr-hdds-2536-847dz-100891120, networkLocation: /default-rack, certSerialId: null}9cc7b172-5690-4837-9e8b-954d40059b5c{ip: 192.168.157.214, host: pr-hdds-2536-847dz-100891120, networkLocation: /default-rack, certSerialId: null}, Type:RATIS, Factor:THREE, State:ALLOCATED] moved to OPEN state
2019-11-19 03:48:13,630 [EventQueue-OpenPipelineForOneReplicaPipelineSafeModeRule] INFO  safemode.SCMSafeModeManager (SCMSafeModeManager.java:validateSafeModeExitRules(176)) - AtleastOneDatanodeReportedRule rule is successfully validated
2019-11-19 03:48:13,630 [EventQueue-OpenPipelineForHealthyPipelineSafeModeRule] INFO  safemode.SCMSafeModeManager (HealthyPipelineSafeModeRule.java:process(132)) - SCM in safe mode. Healthy pipelines reported count is 1, required healthy pipeline reported count is 1
2019-11-19 03:48:13,631 [EventQueue-OpenPipelineForHealthyPipelineSafeModeRule] INFO  safemode.SCMSafeModeManager (SCMSafeModeManager.java:validateSafeModeExitRules(176)) - HealthyPipelineSafeModeRule rule is successfully validated
2019-11-19 03:48:13,631 [EventQueue-OpenPipelineForHealthyPipelineSafeModeRule] INFO  safemode.SCMSafeModeManager (SCMSafeModeManager.java:validateSafeModeExitRules(185)) - ScmSafeModeManager, all rules are successfully validated
2019-11-19 03:48:13,631 [EventQueue-OpenPipelineForHealthyPipelineSafeModeRule] INFO  safemode.SCMSafeModeManager (SCMSafeModeManager.java:exitSafeMode(201)) - SCM exiting safe mode.
2019-11-19 03:48:13,634 [5e677d00-17c4-46d7-af27-6ea1471f8275@group-BBFFFEFEEB94-LeaderElection7] INFO  server.RaftServerConfigKeys (ConfUtils.java:logGet(43)) - raft.server.log.appender.snapshot.chunk.size.max = 16MB (=16777216) (default)
2019-11-19 03:48:13,634 [5e677d00-17c4-46d7-af27-6ea1471f8275@group-BBFFFEFEEB94-LeaderElection7] INFO  server.RaftServerConfigKeys (ConfUtils.java:logGet(43)) - raft.server.log.appender.buffer.byte-limit = 33554432 (custom)
2019-11-19 03:48:13,635 [5e677d00-17c4-46d7-af27-6ea1471f8275@group-BBFFFEFEEB94-LeaderElection7] INFO  server.RaftServerConfigKeys (ConfUtils.java:logGet(43)) - raft.server.log.appender.buffer.element-limit = 1 (custom)
2019-11-19 03:48:13,640 [5e677d00-17c4-46d7-af27-6ea1471f8275@group-BBFFFEFEEB94-LeaderElection7] INFO  grpc.GrpcConfigKeys$Server (ConfUtils.java:logGet(43)) - raft.grpc.server.leader.outstanding.appends.max = 128 (default)
2019-11-19 03:48:13,640 [5e677d00-17c4-46d7-af27-6ea1471f8275@group-BBFFFEFEEB94-LeaderElection7] INFO  server.RaftServerConfigKeys (ConfUtils.java:logGet(43)) - raft.server.rpc.request.timeout = 3000ms (default)
2019-11-19 03:48:13,640 [5e677d00-17c4-46d7-af27-6ea1471f8275@group-BBFFFEFEEB94-LeaderElection7] INFO  server.RaftServerConfigKeys (ConfUtils.java:logGet(43)) - raft.server.log.appender.install.snapshot.enabled = false (custom)
2019-11-19 03:48:13,642 [5e677d00-17c4-46d7-af27-6ea1471f8275@group-BBFFFEFEEB94-LeaderElection7] WARN  impl.MetricRegistriesImpl (MetricRegistriesImpl.java:lambda$create$1(61)) - First MetricRegistry has been created without registering reporters. You may need to call MetricRegistries.global().addReportRegistration(...) before.
2019-11-19 03:48:13,644 [5e677d00-17c4-46d7-af27-6ea1471f8275@group-BBFFFEFEEB94-LeaderElection7] INFO  server.RaftServerConfigKeys (ConfUtils.java:logGet(43)) - raft.server.log.appender.snapshot.chunk.size.max = 16MB (=16777216) (default)
2019-11-19 03:48:13,644 [5e677d00-17c4-46d7-af27-6ea1471f8275@group-BBFFFEFEEB94-LeaderElection7] INFO  server.RaftServerConfigKeys (ConfUtils.java:logGet(43)) - raft.server.log.appender.buffer.byte-limit = 33554432 (custom)
2019-11-19 03:48:13,644 [5e677d00-17c4-46d7-af27-6ea1471f8275@group-BBFFFEFEEB94-LeaderElection7] INFO  server.RaftServerConfigKeys (ConfUtils.java:logGet(43)) - raft.server.log.appender.buffer.element-limit = 1 (custom)
2019-11-19 03:48:13,645 [5e677d00-17c4-46d7-af27-6ea1471f8275@group-BBFFFEFEEB94-LeaderElection7] INFO  grpc.GrpcConfigKeys$Server (ConfUtils.java:logGet(43)) - raft.grpc.server.leader.outstanding.appends.max = 128 (default)
2019-11-19 03:48:13,645 [5e677d00-17c4-46d7-af27-6ea1471f8275@group-BBFFFEFEEB94-LeaderElection7] INFO  server.RaftServerConfigKeys (ConfUtils.java:logGet(43)) - raft.server.rpc.request.timeout = 3000ms (default)
2019-11-19 03:48:13,645 [5e677d00-17c4-46d7-af27-6ea1471f8275@group-BBFFFEFEEB94-LeaderElection7] INFO  server.RaftServerConfigKeys (ConfUtils.java:logGet(43)) - raft.server.log.appender.install.snapshot.enabled = false (custom)
2019-11-19 03:48:13,649 [5e677d00-17c4-46d7-af27-6ea1471f8275@group-BBFFFEFEEB94-LeaderElection7] INFO  impl.RoleInfo (RoleInfo.java:updateAndGet(143)) - 5e677d00-17c4-46d7-af27-6ea1471f8275: start LeaderState
2019-11-19 03:48:13,650 [5e677d00-17c4-46d7-af27-6ea1471f8275@group-BBFFFEFEEB94-LeaderElection7] INFO  segmented.SegmentedRaftLogWorker (SegmentedRaftLogWorker.java:startLogSegment(385)) - 5e677d00-17c4-46d7-af27-6ea1471f8275@group-BBFFFEFEEB94-SegmentedRaftLogWorker: Starting segment from index:0
2019-11-19 03:48:13,651 [5e677d00-17c4-46d7-af27-6ea1471f8275@group-BBFFFEFEEB94-LeaderElection7] INFO  impl.RaftServerImpl (ServerState.java:setRaftConf(356)) - 5e677d00-17c4-46d7-af27-6ea1471f8275@group-BBFFFEFEEB94: set configuration 0: [9cc7b172-5690-4837-9e8b-954d40059b5c:192.168.157.214:42035, 68ce684d-122b-4aed-8b9f-e4c378aa8e43:192.168.157.214:37339, 5e677d00-17c4-46d7-af27-6ea1471f8275:192.168.157.214:44732], old=null at 0
2019-11-19 03:48:13,708 [5e677d00-17c4-46d7-af27-6ea1471f8275@group-BBFFFEFEEB94-SegmentedRaftLogWorker] INFO  segmented.SegmentedRaftLogWorker (SegmentedRaftLogWorker.java:execute(576)) - 5e677d00-17c4-46d7-af27-6ea1471f8275@group-BBFFFEFEEB94-SegmentedRaftLogWorker: created new log segment /workdir/hadoop-ozone/tools/target/test-dir/MiniOzoneClusterImpl-416ee1e3-35e2-4142-88bf-bddadec884fc/datanode-0/data/ratis/b09c2bcc-08f3-4e28-a4ef-bbfffefeeb94/current/log_inprogress_0
2019-11-19 03:48:13,719 [grpc-default-executor-2] INFO  ratis.XceiverServerRatis (XceiverServerRatis.java:handleLeaderChangedNotification(733)) - Leader change notification received for group: group-BBFFFEFEEB94 with new leaderId: 5e677d00-17c4-46d7-af27-6ea1471f8275
2019-11-19 03:48:13,719 [grpc-default-executor-3] INFO  ratis.XceiverServerRatis (XceiverServerRatis.java:handleLeaderChangedNotification(733)) - Leader change notification received for group: group-BBFFFEFEEB94 with new leaderId: 5e677d00-17c4-46d7-af27-6ea1471f8275
2019-11-19 03:48:13,719 [grpc-default-executor-2] INFO  impl.RaftServerImpl (ServerState.java:setLeader(255)) - 9cc7b172-5690-4837-9e8b-954d40059b5c@group-BBFFFEFEEB94: change Leader from null to 5e677d00-17c4-46d7-af27-6ea1471f8275 at term 2 for appendEntries, leader elected after 10973ms
2019-11-19 03:48:13,720 [grpc-default-executor-3] INFO  impl.RaftServerImpl (ServerState.java:setLeader(255)) - 68ce684d-122b-4aed-8b9f-e4c378aa8e43@group-BBFFFEFEEB94: change Leader from null to 5e677d00-17c4-46d7-af27-6ea1471f8275 at term 2 for appendEntries, leader elected after 10973ms
2019-11-19 03:48:13,748 [grpc-default-executor-2] INFO  impl.RaftServerImpl (ServerState.java:setRaftConf(356)) - 9cc7b172-5690-4837-9e8b-954d40059b5c@group-BBFFFEFEEB94: set configuration 0: [9cc7b172-5690-4837-9e8b-954d40059b5c:192.168.157.214:42035, 68ce684d-122b-4aed-8b9f-e4c378aa8e43:192.168.157.214:37339, 5e677d00-17c4-46d7-af27-6ea1471f8275:192.168.157.214:44732], old=null at 0
2019-11-19 03:48:13,748 [grpc-default-executor-3] INFO  impl.RaftServerImpl (ServerState.java:setRaftConf(356)) - 68ce684d-122b-4aed-8b9f-e4c378aa8e43@group-BBFFFEFEEB94: set configuration 0: [9cc7b172-5690-4837-9e8b-954d40059b5c:192.168.157.214:42035, 68ce684d-122b-4aed-8b9f-e4c378aa8e43:192.168.157.214:37339, 5e677d00-17c4-46d7-af27-6ea1471f8275:192.168.157.214:44732], old=null at 0
2019-11-19 03:48:13,748 [grpc-default-executor-2] INFO  segmented.SegmentedRaftLogWorker (SegmentedRaftLogWorker.java:startLogSegment(385)) - 9cc7b172-5690-4837-9e8b-954d40059b5c@group-BBFFFEFEEB94-SegmentedRaftLogWorker: Starting segment from index:0
2019-11-19 03:48:13,748 [grpc-default-executor-3] INFO  segmented.SegmentedRaftLogWorker (SegmentedRaftLogWorker.java:startLogSegment(385)) - 68ce684d-122b-4aed-8b9f-e4c378aa8e43@group-BBFFFEFEEB94-SegmentedRaftLogWorker: Starting segment from index:0
2019-11-19 03:48:13,791 [9cc7b172-5690-4837-9e8b-954d40059b5c@group-BBFFFEFEEB94-SegmentedRaftLogWorker] INFO  segmented.SegmentedRaftLogWorker (SegmentedRaftLogWorker.java:execute(576)) - 9cc7b172-5690-4837-9e8b-954d40059b5c@group-BBFFFEFEEB94-SegmentedRaftLogWorker: created new log segment /workdir/hadoop-ozone/tools/target/test-dir/MiniOzoneClusterImpl-416ee1e3-35e2-4142-88bf-bddadec884fc/datanode-2/data/ratis/b09c2bcc-08f3-4e28-a4ef-bbfffefeeb94/current/log_inprogress_0
2019-11-19 03:48:13,804 [68ce684d-122b-4aed-8b9f-e4c378aa8e43@group-BBFFFEFEEB94-SegmentedRaftLogWorker] INFO  segmented.SegmentedRaftLogWorker (SegmentedRaftLogWorker.java:execute(576)) - 68ce684d-122b-4aed-8b9f-e4c378aa8e43@group-BBFFFEFEEB94-SegmentedRaftLogWorker: created new log segment /workdir/hadoop-ozone/tools/target/test-dir/MiniOzoneClusterImpl-416ee1e3-35e2-4142-88bf-bddadec884fc/datanode-1/data/ratis/b09c2bcc-08f3-4e28-a4ef-bbfffefeeb94/current/log_inprogress_0
2019-11-19 03:48:14,542 [main] INFO  ozone.MiniOzoneClusterImpl (MiniOzoneClusterImpl.java:lambda$waitForClusterToBeReady$0(150)) - Nodes are ready. Got 3 of 3 DN Heartbeats.
2019-11-19 03:48:14,542 [main] INFO  ozone.MiniOzoneClusterImpl (MiniOzoneClusterImpl.java:lambda$waitForClusterToBeReady$0(153)) - Cluster exits safe mode
2019-11-19 03:48:15,441 [main] INFO  freon.RandomKeyGenerator (RandomKeyGenerator.java:call(283)) - Number of Threads: 10
2019-11-19 03:48:15,442 [main] INFO  freon.RandomKeyGenerator (RandomKeyGenerator.java:call(288)) - Number of Volumes: 1.
2019-11-19 03:48:15,442 [main] INFO  freon.RandomKeyGenerator (RandomKeyGenerator.java:call(289)) - Number of Buckets per Volume: 1.
2019-11-19 03:48:15,442 [main] INFO  freon.RandomKeyGenerator (RandomKeyGenerator.java:call(290)) - Number of Keys per Bucket: 1.
2019-11-19 03:48:15,443 [main] INFO  freon.RandomKeyGenerator (RandomKeyGenerator.java:call(291)) - Key size: 20971520 bytes
2019-11-19 03:48:15,443 [main] INFO  freon.RandomKeyGenerator (RandomKeyGenerator.java:call(292)) - Buffer size: 4096 bytes
2019-11-19 03:48:15,443 [main] INFO  freon.RandomKeyGenerator (RandomKeyGenerator.java:call(293)) - validateWrites : true
2019-11-19 03:48:15,447 [main] INFO  freon.RandomKeyGenerator (RandomKeyGenerator.java:call(307)) - Data validation is enabled.
2019-11-19 03:48:15,448 [main] INFO  freon.RandomKeyGenerator (RandomKeyGenerator.java:call(313)) - Starting progress bar Thread.

 0.00% |?                                                                                                    |  0/1 Time: 0:00:002019-11-19 03:48:15,473 [pool-53-thread-1] INFO  rpc.RpcClient (RpcClient.java:createVolume(292)) - Creating Volume: vol-0-43319, with jenkins1000 as owner.
2019-11-19 03:48:15,517 [IPC Server handler 0 on 35583] INFO  volume.OMVolumeCreateRequest (OMVolumeCreateRequest.java:validateAndUpdateCache(193)) - created volume:vol-0-43319 for user:jenkins1000
2019-11-19 03:48:15,562 [pool-53-thread-2] INFO  rpc.RpcClient (RpcClient.java:createBucket(431)) - Creating Bucket: vol-0-43319/bucket-0-02097, with Versioning false and Storage Type set to DISK and Encryption set to false 
2019-11-19 03:48:15,754 [pool-53-thread-3] INFO  impl.MetricsSystemImpl (MetricsSystemImpl.java:init(158)) - XceiverClientMetrics metrics system started (again)
 0.00% |?                                                                                                    |  0/1 Time: 0:00:012019-11-19 03:48:16,637 [Thread-220] INFO  container.ReplicationManager (ReplicationManager.java:start(162)) - Starting Replication Monitor Thread.
2019-11-19 03:48:16,638 [ReplicationMonitor] INFO  container.ReplicationManager (ReplicationManager.java:run(225)) - Replication Monitor Thread took 1 milliseconds for processing 3 containers.
 0.00% |?                                                                                                    |  0/1 Time: 0:00:02 100.00% |?????????????????????????????????????????????????????????????????????????????????????????????????????|  1/1 Time: 0:00:03
2019-11-19 03:48:23,306 [main] INFO  pipeline.SCMPipelineManager (SCMPipelineManager.java:finalizeAndDestroyPipeline(333)) - destroying pipeline:Pipeline[ Id: b09c2bcc-08f3-4e28-a4ef-bbfffefeeb94, Nodes: 68ce684d-122b-4aed-8b9f-e4c378aa8e43{ip: 192.168.157.214, host: pr-hdds-2536-847dz-100891120, networkLocation: /default-rack, certSerialId: null}5e677d00-17c4-46d7-af27-6ea1471f8275{ip: 192.168.157.214, host: pr-hdds-2536-847dz-100891120, networkLocation: /default-rack, certSerialId: null}9cc7b172-5690-4837-9e8b-954d40059b5c{ip: 192.168.157.214, host: pr-hdds-2536-847dz-100891120, networkLocation: /default-rack, certSerialId: null}, Type:RATIS, Factor:THREE, State:OPEN]
2019-11-19 03:48:23,306 [main] INFO  pipeline.PipelineStateManager (PipelineStateManager.java:finalizePipeline(121)) - Pipeline Pipeline[ Id: b09c2bcc-08f3-4e28-a4ef-bbfffefeeb94, Nodes: 68ce684d-122b-4aed-8b9f-e4c378aa8e43{ip: 192.168.157.214, host: pr-hdds-2536-847dz-100891120, networkLocation: /default-rack, certSerialId: null}5e677d00-17c4-46d7-af27-6ea1471f8275{ip: 192.168.157.214, host: pr-hdds-2536-847dz-100891120, networkLocation: /default-rack, certSerialId: null}9cc7b172-5690-4837-9e8b-954d40059b5c{ip: 192.168.157.214, host: pr-hdds-2536-847dz-100891120, networkLocation: /default-rack, certSerialId: null}, Type:RATIS, Factor:THREE, State:CLOSED] moved to CLOSED state
2019-11-19 03:48:23,307 [EventQueue-CloseContainerForCloseContainerEventHandler] INFO  container.CloseContainerEventHandler (CloseContainerEventHandler.java:onMessage(61)) - Close container Event triggered for container : #1
2019-11-19 03:48:23,308 [main] INFO  pipeline.RatisPipelineProvider (RatisPipelineProvider.java:lambda$close$5(207)) - Send pipeline:PipelineID=b09c2bcc-08f3-4e28-a4ef-bbfffefeeb94 close command to datanode 68ce684d-122b-4aed-8b9f-e4c378aa8e43
2019-11-19 03:48:23,309 [main] INFO  pipeline.RatisPipelineProvider (RatisPipelineProvider.java:lambda$close$5(207)) - Send pipeline:PipelineID=b09c2bcc-08f3-4e28-a4ef-bbfffefeeb94 close command to datanode 5e677d00-17c4-46d7-af27-6ea1471f8275
2019-11-19 03:48:23,309 [main] INFO  pipeline.RatisPipelineProvider (RatisPipelineProvider.java:lambda$close$5(207)) - Send pipeline:PipelineID=b09c2bcc-08f3-4e28-a4ef-bbfffefeeb94 close command to datanode 9cc7b172-5690-4837-9e8b-954d40059b5c
2019-11-19 03:48:23,310 [main] INFO  pipeline.PipelineStateManager (PipelineStateManager.java:removePipeline(106)) - Pipeline Pipeline[ Id: b09c2bcc-08f3-4e28-a4ef-bbfffefeeb94, Nodes: 68ce684d-122b-4aed-8b9f-e4c378aa8e43{ip: 192.168.157.214, host: pr-hdds-2536-847dz-100891120, networkLocation: /default-rack, certSerialId: null}5e677d00-17c4-46d7-af27-6ea1471f8275{ip: 192.168.157.214, host: pr-hdds-2536-847dz-100891120, networkLocation: /default-rack, certSerialId: null}9cc7b172-5690-4837-9e8b-954d40059b5c{ip: 192.168.157.214, host: pr-hdds-2536-847dz-100891120, networkLocation: /default-rack, certSerialId: null}, Type:RATIS, Factor:THREE, State:CLOSED] removed from db
2019-11-19 03:48:23,312 [EventQueue-CloseContainerForCloseContainerEventHandler] ERROR container.CloseContainerEventHandler (CloseContainerEventHandler.java:onMessage(89)) - Failed to close the container #1.
org.apache.hadoop.hdds.scm.pipeline.PipelineNotFoundException: PipelineID=b09c2bcc-08f3-4e28-a4ef-bbfffefeeb94 not found
	at org.apache.hadoop.hdds.scm.pipeline.PipelineStateMap.removeContainerFromPipeline(PipelineStateMap.java:351)
	at org.apache.hadoop.hdds.scm.pipeline.PipelineStateManager.removeContainerFromPipeline(PipelineStateManager.java:112)
	at org.apache.hadoop.hdds.scm.pipeline.SCMPipelineManager.removeContainerFromPipeline(SCMPipelineManager.java:286)
	at org.apache.hadoop.hdds.scm.container.SCMContainerManager.updateContainerState(SCMContainerManager.java:331)
	at org.apache.hadoop.hdds.scm.container.CloseContainerEventHandler.onMessage(CloseContainerEventHandler.java:66)
	at org.apache.hadoop.hdds.scm.container.CloseContainerEventHandler.onMessage(CloseContainerEventHandler.java:45)
	at org.apache.hadoop.hdds.server.events.SingleThreadExecutor.lambda$onMessage$1(SingleThreadExecutor.java:85)
	at java.util.concurrent.ThreadPoolExecutor.runWorker(ThreadPoolExecutor.java:1149)
	at java.util.concurrent.ThreadPoolExecutor$Worker.run(ThreadPoolExecutor.java:624)
	at java.lang.Thread.run(Thread.java:748)
2019-11-19 03:48:23,315 [EventQueue-CloseContainerForCloseContainerEventHandler] INFO  container.CloseContainerEventHandler (CloseContainerEventHandler.java:onMessage(61)) - Close container Event triggered for container : #2
2019-11-19 03:48:23,313 [RatisPipelineUtilsThread] INFO  pipeline.RatisPipelineProvider (RatisPipelineProvider.java:lambda$create$4(163)) - Send pipeline:PipelineID=b0169b40-3bc4-4767-a047-63b5958b2554 create command to datanode 68ce684d-122b-4aed-8b9f-e4c378aa8e43
2019-11-19 03:48:23,317 [RatisPipelineUtilsThread] INFO  pipeline.RatisPipelineProvider (RatisPipelineProvider.java:lambda$create$4(163)) - Send pipeline:PipelineID=b0169b40-3bc4-4767-a047-63b5958b2554 create command to datanode 5e677d00-17c4-46d7-af27-6ea1471f8275
2019-11-19 03:48:23,317 [RatisPipelineUtilsThread] INFO  pipeline.RatisPipelineProvider (RatisPipelineProvider.java:lambda$create$4(163)) - Send pipeline:PipelineID=b0169b40-3bc4-4767-a047-63b5958b2554 create command to datanode 9cc7b172-5690-4837-9e8b-954d40059b5c
2019-11-19 03:48:23,318 [RatisPipelineUtilsThread] INFO  pipeline.PipelineStateManager (PipelineStateManager.java:addPipeline(55)) - Created pipeline Pipeline[ Id: b0169b40-3bc4-4767-a047-63b5958b2554, Nodes: 68ce684d-122b-4aed-8b9f-e4c378aa8e43{ip: 192.168.157.214, host: pr-hdds-2536-847dz-100891120, networkLocation: /default-rack, certSerialId: null}5e677d00-17c4-46d7-af27-6ea1471f8275{ip: 192.168.157.214, host: pr-hdds-2536-847dz-100891120, networkLocation: /default-rack, certSerialId: null}9cc7b172-5690-4837-9e8b-954d40059b5c{ip: 192.168.157.214, host: pr-hdds-2536-847dz-100891120, networkLocation: /default-rack, certSerialId: null}, Type:RATIS, Factor:THREE, State:ALLOCATED]
2019-11-19 03:48:23,318 [EventQueue-CloseContainerForCloseContainerEventHandler] ERROR container.CloseContainerEventHandler (CloseContainerEventHandler.java:onMessage(89)) - Failed to close the container #2.
org.apache.hadoop.hdds.scm.pipeline.PipelineNotFoundException: PipelineID=b09c2bcc-08f3-4e28-a4ef-bbfffefeeb94 not found
	at org.apache.hadoop.hdds.scm.pipeline.PipelineStateMap.removeContainerFromPipeline(PipelineStateMap.java:351)
	at org.apache.hadoop.hdds.scm.pipeline.PipelineStateManager.removeContainerFromPipeline(PipelineStateManager.java:112)
	at org.apache.hadoop.hdds.scm.pipeline.SCMPipelineManager.removeContainerFromPipeline(SCMPipelineManager.java:286)
	at org.apache.hadoop.hdds.scm.container.SCMContainerManager.updateContainerState(SCMContainerManager.java:331)
	at org.apache.hadoop.hdds.scm.container.CloseContainerEventHandler.onMessage(CloseContainerEventHandler.java:66)
	at org.apache.hadoop.hdds.scm.container.CloseContainerEventHandler.onMessage(CloseContainerEventHandler.java:45)
	at org.apache.hadoop.hdds.server.events.SingleThreadExecutor.lambda$onMessage$1(SingleThreadExecutor.java:85)
	at java.util.concurrent.ThreadPoolExecutor.runWorker(ThreadPoolExecutor.java:1149)
	at java.util.concurrent.ThreadPoolExecutor$Worker.run(ThreadPoolExecutor.java:624)
	at java.lang.Thread.run(Thread.java:748)
2019-11-19 03:48:23,319 [EventQueue-CloseContainerForCloseContainerEventHandler] INFO  container.CloseContainerEventHandler (CloseContainerEventHandler.java:onMessage(61)) - Close container Event triggered for container : #3
2019-11-19 03:48:23,319 [EventQueue-CloseContainerForCloseContainerEventHandler] ERROR container.CloseContainerEventHandler (CloseContainerEventHandler.java:onMessage(89)) - Failed to close the container #3.
org.apache.hadoop.hdds.scm.pipeline.PipelineNotFoundException: PipelineID=b09c2bcc-08f3-4e28-a4ef-bbfffefeeb94 not found
	at org.apache.hadoop.hdds.scm.pipeline.PipelineStateMap.removeContainerFromPipeline(PipelineStateMap.java:351)
	at org.apache.hadoop.hdds.scm.pipeline.PipelineStateManager.removeContainerFromPipeline(PipelineStateManager.java:112)
	at org.apache.hadoop.hdds.scm.pipeline.SCMPipelineManager.removeContainerFromPipeline(SCMPipelineManager.java:286)
	at org.apache.hadoop.hdds.scm.container.SCMContainerManager.updateContainerState(SCMContainerManager.java:331)
	at org.apache.hadoop.hdds.scm.container.CloseContainerEventHandler.onMessage(CloseContainerEventHandler.java:66)
	at org.apache.hadoop.hdds.scm.container.CloseContainerEventHandler.onMessage(CloseContainerEventHandler.java:45)
	at org.apache.hadoop.hdds.server.events.SingleThreadExecutor.lambda$onMessage$1(SingleThreadExecutor.java:85)
	at java.util.concurrent.ThreadPoolExecutor.runWorker(ThreadPoolExecutor.java:1149)
	at java.util.concurrent.ThreadPoolExecutor$Worker.run(ThreadPoolExecutor.java:624)
	at java.lang.Thread.run(Thread.java:748)
2019-11-19 03:48:23,403 [main] INFO  freon.RandomKeyGenerator (RandomKeyGenerator.java:call(283)) - Number of Threads: 10
2019-11-19 03:48:23,404 [main] INFO  freon.RandomKeyGenerator (RandomKeyGenerator.java:call(288)) - Number of Volumes: 1.
2019-11-19 03:48:23,404 [main] INFO  freon.RandomKeyGenerator (RandomKeyGenerator.java:call(289)) - Number of Buckets per Volume: 1.
2019-11-19 03:48:23,404 [main] INFO  freon.RandomKeyGenerator (RandomKeyGenerator.java:call(290)) - Number of Keys per Bucket: 1.
2019-11-19 03:48:23,405 [main] INFO  freon.RandomKeyGenerator (RandomKeyGenerator.java:call(291)) - Key size: 20971520 bytes
2019-11-19 03:48:23,405 [main] INFO  freon.RandomKeyGenerator (RandomKeyGenerator.java:call(292)) - Buffer size: 4096 bytes
2019-11-19 03:48:23,405 [main] INFO  freon.RandomKeyGenerator (RandomKeyGenerator.java:call(293)) - validateWrites : true
2019-11-19 03:48:23,406 [main] INFO  freon.RandomKeyGenerator (RandomKeyGenerator.java:call(307)) - Data validation is enabled.
2019-11-19 03:48:23,406 [main] INFO  freon.RandomKeyGenerator (RandomKeyGenerator.java:call(313)) - Starting progress bar Thread.

 0.00% |?                                                                                                    |  0/1 Time: 0:00:002019-11-19 03:48:23,407 [pool-59-thread-2] INFO  rpc.RpcClient (RpcClient.java:createVolume(292)) - Creating Volume: vol-0-94480, with jenkins1000 as owner.
2019-11-19 03:48:23,412 [IPC Server handler 9 on 35583] INFO  volume.OMVolumeCreateRequest (OMVolumeCreateRequest.java:validateAndUpdateCache(193)) - created volume:vol-0-94480 for user:jenkins1000
2019-11-19 03:48:23,446 [pool-59-thread-1] INFO  rpc.RpcClient (RpcClient.java:createBucket(431)) - Creating Bucket: vol-0-94480/bucket-0-09223, with Versioning false and Storage Type set to DISK and Encryption set to false 
2019-11-19 03:48:23,469 [IPC Server handler 0 on 42198] WARN  block.BlockManagerImpl (BlockManagerImpl.java:allocateBlock(203)) - Pipeline creation failed for type:RATIS factor:THREE. Retrying get pipelines call once.
org.apache.hadoop.hdds.scm.pipeline.InsufficientDatanodesException: Cannot create pipeline of factor 3 using 0 nodes.
	at org.apache.hadoop.hdds.scm.pipeline.RatisPipelineProvider.create(RatisPipelineProvider.java:144)
	at org.apache.hadoop.hdds.scm.pipeline.PipelineFactory.create(PipelineFactory.java:60)
	at org.apache.hadoop.hdds.scm.pipeline.SCMPipelineManager.createPipeline(SCMPipelineManager.java:159)
	at org.apache.hadoop.hdds.scm.block.BlockManagerImpl.allocateBlock(BlockManagerImpl.java:199)
	at org.apache.hadoop.hdds.scm.server.SCMBlockProtocolServer.allocateBlock(SCMBlockProtocolServer.java:187)
	at org.apache.hadoop.hdds.scm.protocol.ScmBlockLocationProtocolServerSideTranslatorPB.allocateScmBlock(ScmBlockLocationProtocolServerSideTranslatorPB.java:159)
	at org.apache.hadoop.hdds.scm.protocol.ScmBlockLocationProtocolServerSideTranslatorPB.processMessage(ScmBlockLocationProtocolServerSideTranslatorPB.java:117)
	at org.apache.hadoop.hdds.server.OzoneProtocolMessageDispatcher.processRequest(OzoneProtocolMessageDispatcher.java:72)
	at org.apache.hadoop.hdds.scm.protocol.ScmBlockLocationProtocolServerSideTranslatorPB.send(ScmBlockLocationProtocolServerSideTranslatorPB.java:98)
	at org.apache.hadoop.hdds.protocol.proto.ScmBlockLocationProtocolProtos$ScmBlockLocationProtocolService$2.callBlockingMethod(ScmBlockLocationProtocolProtos.java:13157)
	at org.apache.hadoop.ipc.ProtobufRpcEngine$Server$ProtoBufRpcInvoker.call(ProtobufRpcEngine.java:524)
	at org.apache.hadoop.ipc.RPC$Server.call(RPC.java:1025)
	at org.apache.hadoop.ipc.Server$RpcCall.run(Server.java:876)
	at org.apache.hadoop.ipc.Server$RpcCall.run(Server.java:822)
	at java.security.AccessController.doPrivileged(Native Method)
	at javax.security.auth.Subject.doAs(Subject.java:422)
	at org.apache.hadoop.security.UserGroupInformation.doAs(UserGroupInformation.java:1730)
	at org.apache.hadoop.ipc.Server$Handler.run(Server.java:2682)
2019-11-19 03:48:23,470 [IPC Server handler 0 on 42198] INFO  block.BlockManagerImpl (BlockManagerImpl.java:allocateBlock(215)) - Could not find available pipeline of type:RATIS and factor:THREE even after retrying
2019-11-19 03:48:23,470 [IPC Server handler 0 on 42198] ERROR block.BlockManagerImpl (BlockManagerImpl.java:allocateBlock(239)) - Unable to allocate a block for the size: 4194304, type: RATIS, factor: THREE
2019-11-19 03:48:23,470 [IPC Server handler 0 on 42198] WARN  block.BlockManagerImpl (BlockManagerImpl.java:allocateBlock(203)) - Pipeline creation failed for type:RATIS factor:THREE. Retrying get pipelines call once.
org.apache.hadoop.hdds.scm.pipeline.InsufficientDatanodesException: Cannot create pipeline of factor 3 using 0 nodes.
	at org.apache.hadoop.hdds.scm.pipeline.RatisPipelineProvider.create(RatisPipelineProvider.java:144)
	at org.apache.hadoop.hdds.scm.pipeline.PipelineFactory.create(PipelineFactory.java:60)
	at org.apache.hadoop.hdds.scm.pipeline.SCMPipelineManager.createPipeline(SCMPipelineManager.java:159)
	at org.apache.hadoop.hdds.scm.block.BlockManagerImpl.allocateBlock(BlockManagerImpl.java:199)
	at org.apache.hadoop.hdds.scm.server.SCMBlockProtocolServer.allocateBlock(SCMBlockProtocolServer.java:187)
	at org.apache.hadoop.hdds.scm.protocol.ScmBlockLocationProtocolServerSideTranslatorPB.allocateScmBlock(ScmBlockLocationProtocolServerSideTranslatorPB.java:159)
	at org.apache.hadoop.hdds.scm.protocol.ScmBlockLocationProtocolServerSideTranslatorPB.processMessage(ScmBlockLocationProtocolServerSideTranslatorPB.java:117)
	at org.apache.hadoop.hdds.server.OzoneProtocolMessageDispatcher.processRequest(OzoneProtocolMessageDispatcher.java:72)
	at org.apache.hadoop.hdds.scm.protocol.ScmBlockLocationProtocolServerSideTranslatorPB.send(ScmBlockLocationProtocolServerSideTranslatorPB.java:98)
	at org.apache.hadoop.hdds.protocol.proto.ScmBlockLocationProtocolProtos$ScmBlockLocationProtocolService$2.callBlockingMethod(ScmBlockLocationProtocolProtos.java:13157)
	at org.apache.hadoop.ipc.ProtobufRpcEngine$Server$ProtoBufRpcInvoker.call(ProtobufRpcEngine.java:524)
	at org.apache.hadoop.ipc.RPC$Server.call(RPC.java:1025)
	at org.apache.hadoop.ipc.Server$RpcCall.run(Server.java:876)
	at org.apache.hadoop.ipc.Server$RpcCall.run(Server.java:822)
	at java.security.AccessController.doPrivileged(Native Method)
	at javax.security.auth.Subject.doAs(Subject.java:422)
	at org.apache.hadoop.security.UserGroupInformation.doAs(UserGroupInformation.java:1730)
	at org.apache.hadoop.ipc.Server$Handler.run(Server.java:2682)
2019-11-19 03:48:23,471 [IPC Server handler 0 on 42198] INFO  block.BlockManagerImpl (BlockManagerImpl.java:allocateBlock(215)) - Could not find available pipeline of type:RATIS and factor:THREE even after retrying
2019-11-19 03:48:23,471 [IPC Server handler 0 on 42198] ERROR block.BlockManagerImpl (BlockManagerImpl.java:allocateBlock(239)) - Unable to allocate a block for the size: 4194304, type: RATIS, factor: THREE
2019-11-19 03:48:23,471 [IPC Server handler 0 on 42198] WARN  block.BlockManagerImpl (BlockManagerImpl.java:allocateBlock(203)) - Pipeline creation failed for type:RATIS factor:THREE. Retrying get pipelines call once.
org.apache.hadoop.hdds.scm.pipeline.InsufficientDatanodesException: Cannot create pipeline of factor 3 using 0 nodes.
	at org.apache.hadoop.hdds.scm.pipeline.RatisPipelineProvider.create(RatisPipelineProvider.java:144)
	at org.apache.hadoop.hdds.scm.pipeline.PipelineFactory.create(PipelineFactory.java:60)
	at org.apache.hadoop.hdds.scm.pipeline.SCMPipelineManager.createPipeline(SCMPipelineManager.java:159)
	at org.apache.hadoop.hdds.scm.block.BlockManagerImpl.allocateBlock(BlockManagerImpl.java:199)
	at org.apache.hadoop.hdds.scm.server.SCMBlockProtocolServer.allocateBlock(SCMBlockProtocolServer.java:187)
	at org.apache.hadoop.hdds.scm.protocol.ScmBlockLocationProtocolServerSideTranslatorPB.allocateScmBlock(ScmBlockLocationProtocolServerSideTranslatorPB.java:159)
	at org.apache.hadoop.hdds.scm.protocol.ScmBlockLocationProtocolServerSideTranslatorPB.processMessage(ScmBlockLocationProtocolServerSideTranslatorPB.java:117)
	at org.apache.hadoop.hdds.server.OzoneProtocolMessageDispatcher.processRequest(OzoneProtocolMessageDispatcher.java:72)
	at org.apache.hadoop.hdds.scm.protocol.ScmBlockLocationProtocolServerSideTranslatorPB.send(ScmBlockLocationProtocolServerSideTranslatorPB.java:98)
	at org.apache.hadoop.hdds.protocol.proto.ScmBlockLocationProtocolProtos$ScmBlockLocationProtocolService$2.callBlockingMethod(ScmBlockLocationProtocolProtos.java:13157)
	at org.apache.hadoop.ipc.ProtobufRpcEngine$Server$ProtoBufRpcInvoker.call(ProtobufRpcEngine.java:524)
	at org.apache.hadoop.ipc.RPC$Server.call(RPC.java:1025)
	at org.apache.hadoop.ipc.Server$RpcCall.run(Server.java:876)
	at org.apache.hadoop.ipc.Server$RpcCall.run(Server.java:822)
	at java.security.AccessController.doPrivileged(Native Method)
	at javax.security.auth.Subject.doAs(Subject.java:422)
	at org.apache.hadoop.security.UserGroupInformation.doAs(UserGroupInformation.java:1730)
	at org.apache.hadoop.ipc.Server$Handler.run(Server.java:2682)
2019-11-19 03:48:23,471 [IPC Server handler 0 on 42198] INFO  block.BlockManagerImpl (BlockManagerImpl.java:allocateBlock(215)) - Could not find available pipeline of type:RATIS and factor:THREE even after retrying
2019-11-19 03:48:23,472 [IPC Server handler 0 on 42198] ERROR block.BlockManagerImpl (BlockManagerImpl.java:allocateBlock(239)) - Unable to allocate a block for the size: 4194304, type: RATIS, factor: THREE
2019-11-19 03:48:23,473 [IPC Server handler 0 on 42198] WARN  block.BlockManagerImpl (BlockManagerImpl.java:allocateBlock(203)) - Pipeline creation failed for type:RATIS factor:THREE. Retrying get pipelines call once.
org.apache.hadoop.hdds.scm.pipeline.InsufficientDatanodesException: Cannot create pipeline of factor 3 using 0 nodes.
	at org.apache.hadoop.hdds.scm.pipeline.RatisPipelineProvider.create(RatisPipelineProvider.java:144)
	at org.apache.hadoop.hdds.scm.pipeline.PipelineFactory.create(PipelineFactory.java:60)
	at org.apache.hadoop.hdds.scm.pipeline.SCMPipelineManager.createPipeline(SCMPipelineManager.java:159)
	at org.apache.hadoop.hdds.scm.block.BlockManagerImpl.allocateBlock(BlockManagerImpl.java:199)
	at org.apache.hadoop.hdds.scm.server.SCMBlockProtocolServer.allocateBlock(SCMBlockProtocolServer.java:187)
	at org.apache.hadoop.hdds.scm.protocol.ScmBlockLocationProtocolServerSideTranslatorPB.allocateScmBlock(ScmBlockLocationProtocolServerSideTranslatorPB.java:159)
	at org.apache.hadoop.hdds.scm.protocol.ScmBlockLocationProtocolServerSideTranslatorPB.processMessage(ScmBlockLocationProtocolServerSideTranslatorPB.java:117)
	at org.apache.hadoop.hdds.server.OzoneProtocolMessageDispatcher.processRequest(OzoneProtocolMessageDispatcher.java:72)
	at org.apache.hadoop.hdds.scm.protocol.ScmBlockLocationProtocolServerSideTranslatorPB.send(ScmBlockLocationProtocolServerSideTranslatorPB.java:98)
	at org.apache.hadoop.hdds.protocol.proto.ScmBlockLocationProtocolProtos$ScmBlockLocationProtocolService$2.callBlockingMethod(ScmBlockLocationProtocolProtos.java:13157)
	at org.apache.hadoop.ipc.ProtobufRpcEngine$Server$ProtoBufRpcInvoker.call(ProtobufRpcEngine.java:524)
	at org.apache.hadoop.ipc.RPC$Server.call(RPC.java:1025)
	at org.apache.hadoop.ipc.Server$RpcCall.run(Server.java:876)
	at org.apache.hadoop.ipc.Server$RpcCall.run(Server.java:822)
	at java.security.AccessController.doPrivileged(Native Method)
	at javax.security.auth.Subject.doAs(Subject.java:422)
	at org.apache.hadoop.security.UserGroupInformation.doAs(UserGroupInformation.java:1730)
	at org.apache.hadoop.ipc.Server$Handler.run(Server.java:2682)
2019-11-19 03:48:23,473 [IPC Server handler 0 on 42198] INFO  block.BlockManagerImpl (BlockManagerImpl.java:allocateBlock(215)) - Could not find available pipeline of type:RATIS and factor:THREE even after retrying
2019-11-19 03:48:23,473 [IPC Server handler 0 on 42198] ERROR block.BlockManagerImpl (BlockManagerImpl.java:allocateBlock(239)) - Unable to allocate a block for the size: 4194304, type: RATIS, factor: THREE
2019-11-19 03:48:23,474 [IPC Server handler 0 on 42198] WARN  block.BlockManagerImpl (BlockManagerImpl.java:allocateBlock(203)) - Pipeline creation failed for type:RATIS factor:THREE. Retrying get pipelines call once.
org.apache.hadoop.hdds.scm.pipeline.InsufficientDatanodesException: Cannot create pipeline of factor 3 using 0 nodes.
	at org.apache.hadoop.hdds.scm.pipeline.RatisPipelineProvider.create(RatisPipelineProvider.java:144)
	at org.apache.hadoop.hdds.scm.pipeline.PipelineFactory.create(PipelineFactory.java:60)
	at org.apache.hadoop.hdds.scm.pipeline.SCMPipelineManager.createPipeline(SCMPipelineManager.java:159)
	at org.apache.hadoop.hdds.scm.block.BlockManagerImpl.allocateBlock(BlockManagerImpl.java:199)
	at org.apache.hadoop.hdds.scm.server.SCMBlockProtocolServer.allocateBlock(SCMBlockProtocolServer.java:187)
	at org.apache.hadoop.hdds.scm.protocol.ScmBlockLocationProtocolServerSideTranslatorPB.allocateScmBlock(ScmBlockLocationProtocolServerSideTranslatorPB.java:159)
	at org.apache.hadoop.hdds.scm.protocol.ScmBlockLocationProtocolServerSideTranslatorPB.processMessage(ScmBlockLocationProtocolServerSideTranslatorPB.java:117)
	at org.apache.hadoop.hdds.server.OzoneProtocolMessageDispatcher.processRequest(OzoneProtocolMessageDispatcher.java:72)
	at org.apache.hadoop.hdds.scm.protocol.ScmBlockLocationProtocolServerSideTranslatorPB.send(ScmBlockLocationProtocolServerSideTranslatorPB.java:98)
	at org.apache.hadoop.hdds.protocol.proto.ScmBlockLocationProtocolProtos$ScmBlockLocationProtocolService$2.callBlockingMethod(ScmBlockLocationProtocolProtos.java:13157)
	at org.apache.hadoop.ipc.ProtobufRpcEngine$Server$ProtoBufRpcInvoker.call(ProtobufRpcEngine.java:524)
	at org.apache.hadoop.ipc.RPC$Server.call(RPC.java:1025)
	at org.apache.hadoop.ipc.Server$RpcCall.run(Server.java:876)
	at org.apache.hadoop.ipc.Server$RpcCall.run(Server.java:822)
	at java.security.AccessController.doPrivileged(Native Method)
	at javax.security.auth.Subject.doAs(Subject.java:422)
	at org.apache.hadoop.security.UserGroupInformation.doAs(UserGroupInformation.java:1730)
	at org.apache.hadoop.ipc.Server$Handler.run(Server.java:2682)
2019-11-19 03:48:23,474 [IPC Server handler 0 on 42198] INFO  block.BlockManagerImpl (BlockManagerImpl.java:allocateBlock(215)) - Could not find available pipeline of type:RATIS and factor:THREE even after retrying
2019-11-19 03:48:23,474 [IPC Server handler 0 on 42198] ERROR block.BlockManagerImpl (BlockManagerImpl.java:allocateBlock(239)) - Unable to allocate a block for the size: 4194304, type: RATIS, factor: THREE
2019-11-19 03:48:23,479 [pool-59-thread-3] ERROR freon.RandomKeyGenerator (RandomKeyGenerator.java:createKey(735)) - Exception while adding key: key-0-93349 in bucket: bucket-0-09223 of volume: vol-0-94480.
INTERNAL_ERROR org.apache.hadoop.ozone.om.exceptions.OMException: Allocated 0 blocks. Requested 5 blocks
	at org.apache.hadoop.ozone.om.protocolPB.OzoneManagerProtocolClientSideTranslatorPB.handleError(OzoneManagerProtocolClientSideTranslatorPB.java:761)
	at org.apache.hadoop.ozone.om.protocolPB.OzoneManagerProtocolClientSideTranslatorPB.openKey(OzoneManagerProtocolClientSideTranslatorPB.java:752)
	at sun.reflect.NativeMethodAccessorImpl.invoke0(Native Method)
	at sun.reflect.NativeMethodAccessorImpl.invoke(NativeMethodAccessorImpl.java:62)
	at sun.reflect.DelegatingMethodAccessorImpl.invoke(DelegatingMethodAccessorImpl.java:43)
	at java.lang.reflect.Method.invoke(Method.java:498)
	at org.apache.hadoop.hdds.tracing.TraceAllMethod.invoke(TraceAllMethod.java:66)
	at com.sun.proxy.$Proxy37.openKey(Unknown Source)
	at org.apache.hadoop.ozone.client.rpc.RpcClient.createKey(RpcClient.java:633)
	at org.apache.hadoop.ozone.client.OzoneBucket.createKey(OzoneBucket.java:325)
	at org.apache.hadoop.ozone.freon.RandomKeyGenerator.createKey(RandomKeyGenerator.java:697)
	at org.apache.hadoop.ozone.freon.RandomKeyGenerator.access$1100(RandomKeyGenerator.java:88)
	at org.apache.hadoop.ozone.freon.RandomKeyGenerator$ObjectCreator.run(RandomKeyGenerator.java:615)
	at java.util.concurrent.Executors$RunnableAdapter.call(Executors.java:511)
	at java.util.concurrent.FutureTask.run(FutureTask.java:266)
	at java.util.concurrent.ThreadPoolExecutor.runWorker(ThreadPoolExecutor.java:1149)
	at java.util.concurrent.ThreadPoolExecutor$Worker.run(ThreadPoolExecutor.java:624)
	at java.lang.Thread.run(Thread.java:748)
 0.00% |?                                                                                                    |  0/1 Time: 0:00:012019-11-19 03:48:25,291 [Command processor thread] INFO  impl.RaftServerProxy (RaftServerProxy.java:remove(95)) - 9cc7b172-5690-4837-9e8b-954d40059b5c: remove  FOLLOWER 9cc7b172-5690-4837-9e8b-954d40059b5c@group-BBFFFEFEEB94:t2, leader=5e677d00-17c4-46d7-af27-6ea1471f8275, voted=9cc7b172-5690-4837-9e8b-954d40059b5c, raftlog=9cc7b172-5690-4837-9e8b-954d40059b5c@group-BBFFFEFEEB94-SegmentedRaftLog:OPENED:c77,f77,i77, conf=0: [9cc7b172-5690-4837-9e8b-954d40059b5c:192.168.157.214:42035, 68ce684d-122b-4aed-8b9f-e4c378aa8e43:192.168.157.214:37339, 5e677d00-17c4-46d7-af27-6ea1471f8275:192.168.157.214:44732], old=null RUNNING
2019-11-19 03:48:25,291 [Command processor thread] INFO  impl.RaftServerProxy (RaftServerProxy.java:remove(95)) - 68ce684d-122b-4aed-8b9f-e4c378aa8e43: remove  FOLLOWER 68ce684d-122b-4aed-8b9f-e4c378aa8e43@group-BBFFFEFEEB94:t2, leader=5e677d00-17c4-46d7-af27-6ea1471f8275, voted=5e677d00-17c4-46d7-af27-6ea1471f8275, raftlog=68ce684d-122b-4aed-8b9f-e4c378aa8e43@group-BBFFFEFEEB94-SegmentedRaftLog:OPENED:c77,f77,i77, conf=0: [9cc7b172-5690-4837-9e8b-954d40059b5c:192.168.157.214:42035, 68ce684d-122b-4aed-8b9f-e4c378aa8e43:192.168.157.214:37339, 5e677d00-17c4-46d7-af27-6ea1471f8275:192.168.157.214:44732], old=null RUNNING
2019-11-19 03:48:25,291 [Command processor thread] INFO  impl.RaftServerProxy (RaftServerProxy.java:remove(95)) - 5e677d00-17c4-46d7-af27-6ea1471f8275: remove    LEADER 5e677d00-17c4-46d7-af27-6ea1471f8275@group-BBFFFEFEEB94:t2, leader=5e677d00-17c4-46d7-af27-6ea1471f8275, voted=5e677d00-17c4-46d7-af27-6ea1471f8275, raftlog=5e677d00-17c4-46d7-af27-6ea1471f8275@group-BBFFFEFEEB94-SegmentedRaftLog:OPENED:c77,f77,i77, conf=0: [9cc7b172-5690-4837-9e8b-954d40059b5c:192.168.157.214:42035, 68ce684d-122b-4aed-8b9f-e4c378aa8e43:192.168.157.214:37339, 5e677d00-17c4-46d7-af27-6ea1471f8275:192.168.157.214:44732], old=null RUNNING
2019-11-19 03:48:25,295 [Command processor thread] INFO  impl.RaftServerImpl (RaftServerImpl.java:lambda$shutdown$3(250)) - 68ce684d-122b-4aed-8b9f-e4c378aa8e43@group-BBFFFEFEEB94: shutdown
2019-11-19 03:48:25,295 [Command processor thread] INFO  impl.RaftServerImpl (RaftServerImpl.java:lambda$shutdown$3(250)) - 9cc7b172-5690-4837-9e8b-954d40059b5c@group-BBFFFEFEEB94: shutdown
2019-11-19 03:48:25,295 [Command processor thread] INFO  impl.RaftServerImpl (RaftServerImpl.java:lambda$shutdown$3(250)) - 5e677d00-17c4-46d7-af27-6ea1471f8275@group-BBFFFEFEEB94: shutdown
2019-11-19 03:48:25,298 [Command processor thread] INFO  util.JmxRegister (JmxRegister.java:unregister(73)) - Successfully un-registered JMX Bean with object name Ratis:service=RaftServer,group=group-BBFFFEFEEB94,id=9cc7b172-5690-4837-9e8b-954d40059b5c
2019-11-19 03:48:25,297 [Command processor thread] INFO  util.JmxRegister (JmxRegister.java:unregister(73)) - Successfully un-registered JMX Bean with object name Ratis:service=RaftServer,group=group-BBFFFEFEEB94,id=68ce684d-122b-4aed-8b9f-e4c378aa8e43
2019-11-19 03:48:25,298 [Command processor thread] INFO  impl.RoleInfo (RoleInfo.java:shutdownFollowerState(121)) - 9cc7b172-5690-4837-9e8b-954d40059b5c: shutdown FollowerState
2019-11-19 03:48:25,298 [Command processor thread] INFO  util.JmxRegister (JmxRegister.java:unregister(73)) - Successfully un-registered JMX Bean with object name Ratis:service=RaftServer,group=group-BBFFFEFEEB94,id=5e677d00-17c4-46d7-af27-6ea1471f8275
2019-11-19 03:48:25,298 [Command processor thread] INFO  impl.StateMachineUpdater (StateMachineUpdater.java:stopAndJoin(136)) - 9cc7b172-5690-4837-9e8b-954d40059b5c@group-BBFFFEFEEB94-StateMachineUpdater: set stopIndex = 77
2019-11-19 03:48:25,298 [Thread-217] INFO  impl.FollowerState (FollowerState.java:run(120)) - 9cc7b172-5690-4837-9e8b-954d40059b5c@group-BBFFFEFEEB94-FollowerState was interrupted: java.lang.InterruptedException: sleep interrupted
2019-11-19 03:48:25,298 [Command processor thread] INFO  impl.RoleInfo (RoleInfo.java:shutdownFollowerState(121)) - 68ce684d-122b-4aed-8b9f-e4c378aa8e43: shutdown FollowerState
2019-11-19 03:48:25,299 [9cc7b172-5690-4837-9e8b-954d40059b5c@group-BBFFFEFEEB94-StateMachineUpdater] INFO  ratis.ContainerStateMachine (ContainerStateMachine.java:takeSnapshot(285)) - group-BBFFFEFEEB94: Taking a snapshot at:(t:2, i:75) file /workdir/hadoop-ozone/tools/target/test-dir/MiniOzoneClusterImpl-416ee1e3-35e2-4142-88bf-bddadec884fc/datanode-2/data/ratis/b09c2bcc-08f3-4e28-a4ef-bbfffefeeb94/sm/snapshot.2_75
2019-11-19 03:48:25,299 [Command processor thread] INFO  impl.RoleInfo (RoleInfo.java:shutdownLeaderState(104)) - 5e677d00-17c4-46d7-af27-6ea1471f8275: shutdown LeaderState
2019-11-19 03:48:25,305 [Thread-214] INFO  impl.FollowerState (FollowerState.java:run(120)) - 68ce684d-122b-4aed-8b9f-e4c378aa8e43@group-BBFFFEFEEB94-FollowerState was interrupted: java.lang.InterruptedException: sleep interrupted
2019-11-19 03:48:25,305 [68ce684d-122b-4aed-8b9f-e4c378aa8e43@group-BBFFFEFEEB94-StateMachineUpdater] INFO  ratis.ContainerStateMachine (ContainerStateMachine.java:takeSnapshot(285)) - group-BBFFFEFEEB94: Taking a snapshot at:(t:2, i:75) file /workdir/hadoop-ozone/tools/target/test-dir/MiniOzoneClusterImpl-416ee1e3-35e2-4142-88bf-bddadec884fc/datanode-1/data/ratis/b09c2bcc-08f3-4e28-a4ef-bbfffefeeb94/sm/snapshot.2_75
2019-11-19 03:48:25,304 [Command processor thread] INFO  impl.StateMachineUpdater (StateMachineUpdater.java:stopAndJoin(136)) - 68ce684d-122b-4aed-8b9f-e4c378aa8e43@group-BBFFFEFEEB94-StateMachineUpdater: set stopIndex = 77
2019-11-19 03:48:25,309 [Command processor thread] INFO  impl.PendingRequests (PendingRequests.java:sendNotLeaderResponses(206)) - 5e677d00-17c4-46d7-af27-6ea1471f8275@group-BBFFFEFEEB94-PendingRequests: sendNotLeaderResponses
2019-11-19 03:48:25,309 [org.apache.ratis.server.impl.LogAppender$AppenderDaemon$$Lambda$576/1141330573@bf3d2ef] WARN  server.GrpcLogAppender (GrpcLogAppender.java:mayWait(151)) - 5e677d00-17c4-46d7-af27-6ea1471f8275@group-BBFFFEFEEB94->9cc7b172-5690-4837-9e8b-954d40059b5c-GrpcLogAppender: Wait interrupted by java.lang.InterruptedException
2019-11-19 03:48:25,309 [org.apache.ratis.server.impl.LogAppender$AppenderDaemon$$Lambda$576/1141330573@2882204f] WARN  server.GrpcLogAppender (GrpcLogAppender.java:mayWait(151)) - 5e677d00-17c4-46d7-af27-6ea1471f8275@group-BBFFFEFEEB94->68ce684d-122b-4aed-8b9f-e4c378aa8e43-GrpcLogAppender: Wait interrupted by java.lang.InterruptedException
2019-11-19 03:48:25,314 [Command processor thread] INFO  impl.StateMachineUpdater (StateMachineUpdater.java:stopAndJoin(136)) - 5e677d00-17c4-46d7-af27-6ea1471f8275@group-BBFFFEFEEB94-StateMachineUpdater: set stopIndex = 77
2019-11-19 03:48:25,314 [5e677d00-17c4-46d7-af27-6ea1471f8275@group-BBFFFEFEEB94-StateMachineUpdater] INFO  ratis.ContainerStateMachine (ContainerStateMachine.java:takeSnapshot(285)) - group-BBFFFEFEEB94: Taking a snapshot at:(t:2, i:75) file /workdir/hadoop-ozone/tools/target/test-dir/MiniOzoneClusterImpl-416ee1e3-35e2-4142-88bf-bddadec884fc/datanode-0/data/ratis/b09c2bcc-08f3-4e28-a4ef-bbfffefeeb94/sm/snapshot.2_75
2019-11-19 03:48:25,314 [grpc-default-executor-4] INFO  server.GrpcServerProtocolService (GrpcServerProtocolService.java:onCompleted(113)) - 68ce684d-122b-4aed-8b9f-e4c378aa8e43: Completed APPEND_ENTRIES, lastRequest: 5e677d00-17c4-46d7-af27-6ea1471f8275->68ce684d-122b-4aed-8b9f-e4c378aa8e43#80-t2, previous=(t:2, i:77), leaderCommit=77, initializing? false, entries: <empty>
2019-11-19 03:48:25,314 [grpc-default-executor-3] INFO  server.GrpcServerProtocolService (GrpcServerProtocolService.java:onCompleted(113)) - 9cc7b172-5690-4837-9e8b-954d40059b5c: Completed APPEND_ENTRIES, lastRequest: 5e677d00-17c4-46d7-af27-6ea1471f8275->9cc7b172-5690-4837-9e8b-954d40059b5c#80-t2, previous=(t:2, i:77), leaderCommit=77, initializing? false, entries: <empty>
2019-11-19 03:48:25,316 [grpc-default-executor-3] INFO  server.GrpcLogAppender (GrpcLogAppender.java:onCompleted(308)) - 5e677d00-17c4-46d7-af27-6ea1471f8275@group-BBFFFEFEEB94->68ce684d-122b-4aed-8b9f-e4c378aa8e43-AppendLogResponseHandler: follower responses appendEntries COMPLETED
2019-11-19 03:48:25,317 [grpc-default-executor-4] INFO  server.GrpcLogAppender (GrpcLogAppender.java:onCompleted(308)) - 5e677d00-17c4-46d7-af27-6ea1471f8275@group-BBFFFEFEEB94->9cc7b172-5690-4837-9e8b-954d40059b5c-AppendLogResponseHandler: follower responses appendEntries COMPLETED
2019-11-19 03:48:25,323 [grpc-default-executor-4] INFO  impl.FollowerInfo (FollowerInfo.java:lambda$new$0(51)) - 5e677d00-17c4-46d7-af27-6ea1471f8275@group-BBFFFEFEEB94->9cc7b172-5690-4837-9e8b-954d40059b5c: nextIndex: updateUnconditionally 78 -> 77
2019-11-19 03:48:25,323 [grpc-default-executor-3] INFO  impl.FollowerInfo (FollowerInfo.java:lambda$new$0(51)) - 5e677d00-17c4-46d7-af27-6ea1471f8275@group-BBFFFEFEEB94->68ce684d-122b-4aed-8b9f-e4c378aa8e43: nextIndex: updateUnconditionally 78 -> 77
2019-11-19 03:48:25,365 [68ce684d-122b-4aed-8b9f-e4c378aa8e43@group-BBFFFEFEEB94-StateMachineUpdater] INFO  ratis.ContainerStateMachine (ContainerStateMachine.java:takeSnapshot(296)) - group-BBFFFEFEEB94: Finished taking a snapshot at:(t:2, i:75) file:/workdir/hadoop-ozone/tools/target/test-dir/MiniOzoneClusterImpl-416ee1e3-35e2-4142-88bf-bddadec884fc/datanode-1/data/ratis/b09c2bcc-08f3-4e28-a4ef-bbfffefeeb94/sm/snapshot.2_75 time:61
2019-11-19 03:48:25,365 [5e677d00-17c4-46d7-af27-6ea1471f8275@group-BBFFFEFEEB94-StateMachineUpdater] INFO  ratis.ContainerStateMachine (ContainerStateMachine.java:takeSnapshot(296)) - group-BBFFFEFEEB94: Finished taking a snapshot at:(t:2, i:75) file:/workdir/hadoop-ozone/tools/target/test-dir/MiniOzoneClusterImpl-416ee1e3-35e2-4142-88bf-bddadec884fc/datanode-0/data/ratis/b09c2bcc-08f3-4e28-a4ef-bbfffefeeb94/sm/snapshot.2_75 time:52
2019-11-19 03:48:25,365 [9cc7b172-5690-4837-9e8b-954d40059b5c@group-BBFFFEFEEB94-StateMachineUpdater] INFO  ratis.ContainerStateMachine (ContainerStateMachine.java:takeSnapshot(296)) - group-BBFFFEFEEB94: Finished taking a snapshot at:(t:2, i:75) file:/workdir/hadoop-ozone/tools/target/test-dir/MiniOzoneClusterImpl-416ee1e3-35e2-4142-88bf-bddadec884fc/datanode-2/data/ratis/b09c2bcc-08f3-4e28-a4ef-bbfffefeeb94/sm/snapshot.2_75 time:67
2019-11-19 03:48:25,367 [68ce684d-122b-4aed-8b9f-e4c378aa8e43@group-BBFFFEFEEB94-StateMachineUpdater] INFO  impl.StateMachineUpdater (StateMachineUpdater.java:takeSnapshot(269)) - 68ce684d-122b-4aed-8b9f-e4c378aa8e43@group-BBFFFEFEEB94-StateMachineUpdater: Took a snapshot at index 75
2019-11-19 03:48:25,367 [5e677d00-17c4-46d7-af27-6ea1471f8275@group-BBFFFEFEEB94-StateMachineUpdater] INFO  impl.StateMachineUpdater (StateMachineUpdater.java:takeSnapshot(269)) - 5e677d00-17c4-46d7-af27-6ea1471f8275@group-BBFFFEFEEB94-StateMachineUpdater: Took a snapshot at index 75
2019-11-19 03:48:25,367 [9cc7b172-5690-4837-9e8b-954d40059b5c@group-BBFFFEFEEB94-StateMachineUpdater] INFO  impl.StateMachineUpdater (StateMachineUpdater.java:takeSnapshot(269)) - 9cc7b172-5690-4837-9e8b-954d40059b5c@group-BBFFFEFEEB94-StateMachineUpdater: Took a snapshot at index 75
2019-11-19 03:48:25,368 [5e677d00-17c4-46d7-af27-6ea1471f8275@group-BBFFFEFEEB94-StateMachineUpdater] INFO  impl.StateMachineUpdater (StateMachineUpdater.java:lambda$new$0(84)) - 5e677d00-17c4-46d7-af27-6ea1471f8275@group-BBFFFEFEEB94-StateMachineUpdater: snapshotIndex: updateIncreasingly -1 -> 75
2019-11-19 03:48:25,368 [68ce684d-122b-4aed-8b9f-e4c378aa8e43@group-BBFFFEFEEB94-StateMachineUpdater] INFO  impl.StateMachineUpdater (StateMachineUpdater.java:lambda$new$0(84)) - 68ce684d-122b-4aed-8b9f-e4c378aa8e43@group-BBFFFEFEEB94-StateMachineUpdater: snapshotIndex: updateIncreasingly -1 -> 75
2019-11-19 03:48:25,368 [9cc7b172-5690-4837-9e8b-954d40059b5c@group-BBFFFEFEEB94-StateMachineUpdater] INFO  impl.StateMachineUpdater (StateMachineUpdater.java:lambda$new$0(84)) - 9cc7b172-5690-4837-9e8b-954d40059b5c@group-BBFFFEFEEB94-StateMachineUpdater: snapshotIndex: updateIncreasingly -1 -> 75
2019-11-19 03:48:25,373 [68ce684d-122b-4aed-8b9f-e4c378aa8e43@group-BBFFFEFEEB94-StateMachineUpdater] INFO  ratis.ContainerStateMachine (ContainerStateMachine.java:takeSnapshot(285)) - group-BBFFFEFEEB94: Taking a snapshot at:(t:2, i:75) file /workdir/hadoop-ozone/tools/target/test-dir/MiniOzoneClusterImpl-416ee1e3-35e2-4142-88bf-bddadec884fc/datanode-1/data/ratis/b09c2bcc-08f3-4e28-a4ef-bbfffefeeb94/sm/snapshot.2_75
2019-11-19 03:48:25,373 [5e677d00-17c4-46d7-af27-6ea1471f8275@group-BBFFFEFEEB94-StateMachineUpdater] INFO  ratis.ContainerStateMachine (ContainerStateMachine.java:takeSnapshot(285)) - group-BBFFFEFEEB94: Taking a snapshot at:(t:2, i:75) file /workdir/hadoop-ozone/tools/target/test-dir/MiniOzoneClusterImpl-416ee1e3-35e2-4142-88bf-bddadec884fc/datanode-0/data/ratis/b09c2bcc-08f3-4e28-a4ef-bbfffefeeb94/sm/snapshot.2_75
2019-11-19 03:48:25,373 [9cc7b172-5690-4837-9e8b-954d40059b5c@group-BBFFFEFEEB94-StateMachineUpdater] INFO  ratis.ContainerStateMachine (ContainerStateMachine.java:takeSnapshot(285)) - group-BBFFFEFEEB94: Taking a snapshot at:(t:2, i:75) file /workdir/hadoop-ozone/tools/target/test-dir/MiniOzoneClusterImpl-416ee1e3-35e2-4142-88bf-bddadec884fc/datanode-2/data/ratis/b09c2bcc-08f3-4e28-a4ef-bbfffefeeb94/sm/snapshot.2_75
2019-11-19 03:48:25,388 [5e677d00-17c4-46d7-af27-6ea1471f8275@group-BBFFFEFEEB94-StateMachineUpdater] INFO  ratis.ContainerStateMachine (ContainerStateMachine.java:takeSnapshot(296)) - group-BBFFFEFEEB94: Finished taking a snapshot at:(t:2, i:75) file:/workdir/hadoop-ozone/tools/target/test-dir/MiniOzoneClusterImpl-416ee1e3-35e2-4142-88bf-bddadec884fc/datanode-0/data/ratis/b09c2bcc-08f3-4e28-a4ef-bbfffefeeb94/sm/snapshot.2_75 time:14
2019-11-19 03:48:25,388 [9cc7b172-5690-4837-9e8b-954d40059b5c@group-BBFFFEFEEB94-StateMachineUpdater] INFO  ratis.ContainerStateMachine (ContainerStateMachine.java:takeSnapshot(296)) - group-BBFFFEFEEB94: Finished taking a snapshot at:(t:2, i:75) file:/workdir/hadoop-ozone/tools/target/test-dir/MiniOzoneClusterImpl-416ee1e3-35e2-4142-88bf-bddadec884fc/datanode-2/data/ratis/b09c2bcc-08f3-4e28-a4ef-bbfffefeeb94/sm/snapshot.2_75 time:15
2019-11-19 03:48:25,388 [68ce684d-122b-4aed-8b9f-e4c378aa8e43@group-BBFFFEFEEB94-StateMachineUpdater] INFO  ratis.ContainerStateMachine (ContainerStateMachine.java:takeSnapshot(296)) - group-BBFFFEFEEB94: Finished taking a snapshot at:(t:2, i:75) file:/workdir/hadoop-ozone/tools/target/test-dir/MiniOzoneClusterImpl-416ee1e3-35e2-4142-88bf-bddadec884fc/datanode-1/data/ratis/b09c2bcc-08f3-4e28-a4ef-bbfffefeeb94/sm/snapshot.2_75 time:15
2019-11-19 03:48:25,388 [5e677d00-17c4-46d7-af27-6ea1471f8275@group-BBFFFEFEEB94-StateMachineUpdater] INFO  impl.StateMachineUpdater (StateMachineUpdater.java:takeSnapshot(269)) - 5e677d00-17c4-46d7-af27-6ea1471f8275@group-BBFFFEFEEB94-StateMachineUpdater: Took a snapshot at index 75
2019-11-19 03:48:25,388 [9cc7b172-5690-4837-9e8b-954d40059b5c@group-BBFFFEFEEB94-StateMachineUpdater] INFO  impl.StateMachineUpdater (StateMachineUpdater.java:takeSnapshot(269)) - 9cc7b172-5690-4837-9e8b-954d40059b5c@group-BBFFFEFEEB94-StateMachineUpdater: Took a snapshot at index 75
2019-11-19 03:48:25,388 [68ce684d-122b-4aed-8b9f-e4c378aa8e43@group-BBFFFEFEEB94-StateMachineUpdater] INFO  impl.StateMachineUpdater (StateMachineUpdater.java:takeSnapshot(269)) - 68ce684d-122b-4aed-8b9f-e4c378aa8e43@group-BBFFFEFEEB94-StateMachineUpdater: Took a snapshot at index 75
2019-11-19 03:48:25,388 [5e677d00-17c4-46d7-af27-6ea1471f8275@group-BBFFFEFEEB94-StateMachineUpdater] INFO  impl.StateMachineUpdater (StateMachineUpdater.java:lambda$new$0(84)) - 5e677d00-17c4-46d7-af27-6ea1471f8275@group-BBFFFEFEEB94-StateMachineUpdater: snapshotIndex: updateIncreasingly 75 -> 75
2019-11-19 03:48:25,388 [68ce684d-122b-4aed-8b9f-e4c378aa8e43@group-BBFFFEFEEB94-StateMachineUpdater] INFO  impl.StateMachineUpdater (StateMachineUpdater.java:lambda$new$0(84)) - 68ce684d-122b-4aed-8b9f-e4c378aa8e43@group-BBFFFEFEEB94-StateMachineUpdater: snapshotIndex: updateIncreasingly 75 -> 75
2019-11-19 03:48:25,388 [9cc7b172-5690-4837-9e8b-954d40059b5c@group-BBFFFEFEEB94-StateMachineUpdater] INFO  impl.StateMachineUpdater (StateMachineUpdater.java:lambda$new$0(84)) - 9cc7b172-5690-4837-9e8b-954d40059b5c@group-BBFFFEFEEB94-StateMachineUpdater: snapshotIndex: updateIncreasingly 75 -> 75
2019-11-19 03:48:25,389 [Command processor thread] INFO  impl.RaftServerImpl (ServerState.java:close(387)) - 5e677d00-17c4-46d7-af27-6ea1471f8275@group-BBFFFEFEEB94: closes. applyIndex: 77
2019-11-19 03:48:25,389 [Command processor thread] INFO  impl.RaftServerImpl (ServerState.java:close(387)) - 68ce684d-122b-4aed-8b9f-e4c378aa8e43@group-BBFFFEFEEB94: closes. applyIndex: 77
2019-11-19 03:48:25,389 [Command processor thread] INFO  impl.RaftServerImpl (ServerState.java:close(387)) - 9cc7b172-5690-4837-9e8b-954d40059b5c@group-BBFFFEFEEB94: closes. applyIndex: 77
2019-11-19 03:48:25,392 [9cc7b172-5690-4837-9e8b-954d40059b5c@group-BBFFFEFEEB94-SegmentedRaftLogWorker] INFO  segmented.SegmentedRaftLogWorker (SegmentedRaftLogWorker.java:run(316)) - 9cc7b172-5690-4837-9e8b-954d40059b5c@group-BBFFFEFEEB94-SegmentedRaftLogWorker was interrupted, exiting. There are 0 tasks remaining in the queue.
2019-11-19 03:48:25,392 [68ce684d-122b-4aed-8b9f-e4c378aa8e43@group-BBFFFEFEEB94-SegmentedRaftLogWorker] INFO  segmented.SegmentedRaftLogWorker (SegmentedRaftLogWorker.java:run(316)) - 68ce684d-122b-4aed-8b9f-e4c378aa8e43@group-BBFFFEFEEB94-SegmentedRaftLogWorker was interrupted, exiting. There are 0 tasks remaining in the queue.
2019-11-19 03:48:25,392 [5e677d00-17c4-46d7-af27-6ea1471f8275@group-BBFFFEFEEB94-SegmentedRaftLogWorker] INFO  segmented.SegmentedRaftLogWorker (SegmentedRaftLogWorker.java:run(316)) - 5e677d00-17c4-46d7-af27-6ea1471f8275@group-BBFFFEFEEB94-SegmentedRaftLogWorker was interrupted, exiting. There are 0 tasks remaining in the queue.
2019-11-19 03:48:25,394 [Command processor thread] INFO  segmented.SegmentedRaftLogWorker (SegmentedRaftLogWorker.java:close(224)) - 9cc7b172-5690-4837-9e8b-954d40059b5c@group-BBFFFEFEEB94-SegmentedRaftLogWorker close()
2019-11-19 03:48:25,396 [Command processor thread] INFO  segmented.SegmentedRaftLogWorker (SegmentedRaftLogWorker.java:close(224)) - 5e677d00-17c4-46d7-af27-6ea1471f8275@group-BBFFFEFEEB94-SegmentedRaftLogWorker close()
2019-11-19 03:48:25,394 [Command processor thread] INFO  segmented.SegmentedRaftLogWorker (SegmentedRaftLogWorker.java:close(224)) - 68ce684d-122b-4aed-8b9f-e4c378aa8e43@group-BBFFFEFEEB94-SegmentedRaftLogWorker close()
 0.00% |?                                                                                                    |  0/1 Time: 0:00:022019-11-19 03:48:25,429 [Command processor thread] INFO  interfaces.Container (KeyValueContainer.java:flushAndSyncDB(400)) - Container 1 is synced with bcsId 59.
2019-11-19 03:48:25,429 [Command processor thread] INFO  interfaces.Container (KeyValueContainer.java:flushAndSyncDB(400)) - Container 1 is synced with bcsId 59.
2019-11-19 03:48:25,431 [Command processor thread] INFO  interfaces.Container (KeyValueContainer.java:flushAndSyncDB(400)) - Container 1 is synced with bcsId 59.
2019-11-19 03:48:25,429 [Command processor thread] INFO  interfaces.Container (KeyValueContainer.java:flushAndSyncDB(400)) - Container 1 is synced with bcsId 59.
2019-11-19 03:48:25,431 [Command processor thread] INFO  interfaces.Container (KeyValueContainer.java:flushAndSyncDB(400)) - Container 1 is synced with bcsId 59.
2019-11-19 03:48:25,431 [Command processor thread] INFO  interfaces.Container (KeyValueContainer.java:flushAndSyncDB(400)) - Container 1 is synced with bcsId 59.
2019-11-19 03:48:25,450 [EventQueue-IncrementalContainerReportForIncrementalContainerReportHandler] INFO  container.IncrementalContainerReportHandler (AbstractContainerReportHandler.java:updateContainerState(171)) - Moving container #1 to QUASI_CLOSED state, datanode 5e677d00-17c4-46d7-af27-6ea1471f8275{ip: 192.168.157.214, host: pr-hdds-2536-847dz-100891120, networkLocation: /default-rack, certSerialId: null} reported QUASI_CLOSED replica.
2019-11-19 03:48:25,469 [Command processor thread] INFO  interfaces.Container (KeyValueContainer.java:flushAndSyncDB(400)) - Container 2 is synced with bcsId 75.
2019-11-19 03:48:25,469 [Command processor thread] INFO  interfaces.Container (KeyValueContainer.java:flushAndSyncDB(400)) - Container 2 is synced with bcsId 75.
2019-11-19 03:48:25,490 [Command processor thread] INFO  interfaces.Container (KeyValueContainer.java:flushAndSyncDB(400)) - Container 2 is synced with bcsId 75.
2019-11-19 03:48:25,490 [Command processor thread] INFO  interfaces.Container (KeyValueContainer.java:flushAndSyncDB(400)) - Container 2 is synced with bcsId 75.
2019-11-19 03:48:25,490 [Command processor thread] INFO  interfaces.Container (KeyValueContainer.java:flushAndSyncDB(400)) - Container 2 is synced with bcsId 75.
2019-11-19 03:48:25,491 [Command processor thread] INFO  interfaces.Container (KeyValueContainer.java:flushAndSyncDB(400)) - Container 2 is synced with bcsId 75.
2019-11-19 03:48:25,509 [EventQueue-IncrementalContainerReportForIncrementalContainerReportHandler] INFO  container.IncrementalContainerReportHandler (AbstractContainerReportHandler.java:updateContainerState(171)) - Moving container #2 to QUASI_CLOSED state, datanode 9cc7b172-5690-4837-9e8b-954d40059b5c{ip: 192.168.157.214, host: pr-hdds-2536-847dz-100891120, networkLocation: /default-rack, certSerialId: null} reported QUASI_CLOSED replica.
2019-11-19 03:48:25,542 [Command processor thread] INFO  interfaces.Container (KeyValueContainer.java:flushAndSyncDB(400)) - Container 3 is synced with bcsId 41.
2019-11-19 03:48:25,542 [Command processor thread] INFO  interfaces.Container (KeyValueContainer.java:flushAndSyncDB(400)) - Container 3 is synced with bcsId 41.
2019-11-19 03:48:25,559 [Command processor thread] INFO  commandhandler.ClosePipelineCommandHandler (ClosePipelineCommandHandler.java:handle(78)) - Close Pipeline #id: "b09c2bcc-08f3-4e28-a4ef-bbfffefeeb94"
 command on datanode #9cc7b172-5690-4837-9e8b-954d40059b5c.
2019-11-19 03:48:25,560 [Command processor thread] INFO  impl.RaftServerProxy (RaftServerProxy.java:addNew(89)) - 9cc7b172-5690-4837-9e8b-954d40059b5c: addNew group-63B5958B2554:[9cc7b172-5690-4837-9e8b-954d40059b5c:192.168.157.214:42035, 68ce684d-122b-4aed-8b9f-e4c378aa8e43:192.168.157.214:37339, 5e677d00-17c4-46d7-af27-6ea1471f8275:192.168.157.214:44732] returns group-63B5958B2554:java.util.concurrent.CompletableFuture@3d203e51[Not completed]
2019-11-19 03:48:25,560 [EventQueue-IncrementalContainerReportForIncrementalContainerReportHandler] INFO  container.IncrementalContainerReportHandler (AbstractContainerReportHandler.java:updateContainerState(171)) - Moving container #3 to QUASI_CLOSED state, datanode 9cc7b172-5690-4837-9e8b-954d40059b5c{ip: 192.168.157.214, host: pr-hdds-2536-847dz-100891120, networkLocation: /default-rack, certSerialId: null} reported QUASI_CLOSED replica.
2019-11-19 03:48:25,562 [pool-47-thread-1] INFO  impl.RaftServerImpl (RaftServerImpl.java:<init>(98)) - 9cc7b172-5690-4837-9e8b-954d40059b5c: new RaftServerImpl for group-63B5958B2554:[9cc7b172-5690-4837-9e8b-954d40059b5c:192.168.157.214:42035, 68ce684d-122b-4aed-8b9f-e4c378aa8e43:192.168.157.214:37339, 5e677d00-17c4-46d7-af27-6ea1471f8275:192.168.157.214:44732] with ContainerStateMachine:uninitialized
2019-11-19 03:48:25,563 [pool-47-thread-1] INFO  server.RaftServerConfigKeys (ConfUtils.java:logGet(43)) - raft.server.rpc.timeout.min = 5s (custom)
2019-11-19 03:48:25,563 [pool-47-thread-1] INFO  server.RaftServerConfigKeys (ConfUtils.java:logGet(43)) - raft.server.rpc.timeout.max = 5200ms (custom)
2019-11-19 03:48:25,563 [pool-47-thread-1] INFO  server.RaftServerConfigKeys (ConfUtils.java:logGet(43)) - raft.server.rpcslowness.timeout = 120s (custom)
2019-11-19 03:48:25,563 [pool-47-thread-1] INFO  server.RaftServerConfigKeys (ConfUtils.java:logGet(43)) - raft.server.sleep.deviation.threshold = 300 (default)
2019-11-19 03:48:25,563 [pool-47-thread-1] INFO  server.RaftServerConfigKeys (ConfUtils.java:logGet(43)) - raft.server.log.appender.install.snapshot.enabled = false (custom)
2019-11-19 03:48:25,563 [pool-47-thread-1] INFO  impl.RaftServerImpl (ServerState.java:<init>(103)) - 9cc7b172-5690-4837-9e8b-954d40059b5c@group-63B5958B2554: ConfigurationManager, init=-1: [9cc7b172-5690-4837-9e8b-954d40059b5c:192.168.157.214:42035, 68ce684d-122b-4aed-8b9f-e4c378aa8e43:192.168.157.214:37339, 5e677d00-17c4-46d7-af27-6ea1471f8275:192.168.157.214:44732], old=null, confs=<EMPTY_MAP>
2019-11-19 03:48:25,564 [pool-47-thread-1] INFO  server.RaftServerConfigKeys (ConfUtils.java:logGet(43)) - raft.server.storage.dir = [/workdir/hadoop-ozone/tools/target/test-dir/MiniOzoneClusterImpl-416ee1e3-35e2-4142-88bf-bddadec884fc/datanode-2/data/ratis] (custom)
2019-11-19 03:48:25,564 [pool-47-thread-1] INFO  server.RaftServerConfigKeys (ConfUtils.java:logGet(43)) - raft.server.log.corruption.policy = EXCEPTION (default)
2019-11-19 03:48:25,564 [pool-47-thread-1] INFO  storage.RaftStorageDirectory (RaftStorageDirectory.java:analyzeStorage(246)) - The storage directory /workdir/hadoop-ozone/tools/target/test-dir/MiniOzoneClusterImpl-416ee1e3-35e2-4142-88bf-bddadec884fc/datanode-2/data/ratis/b0169b40-3bc4-4767-a047-63b5958b2554 does not exist. Creating ...
2019-11-19 03:48:25,576 [Command processor thread] INFO  interfaces.Container (KeyValueContainer.java:flushAndSyncDB(400)) - Container 3 is synced with bcsId 41.
2019-11-19 03:48:25,576 [Command processor thread] INFO  interfaces.Container (KeyValueContainer.java:flushAndSyncDB(400)) - Container 3 is synced with bcsId 41.
2019-11-19 03:48:25,576 [Command processor thread] INFO  interfaces.Container (KeyValueContainer.java:flushAndSyncDB(400)) - Container 3 is synced with bcsId 41.
2019-11-19 03:48:25,576 [Command processor thread] INFO  interfaces.Container (KeyValueContainer.java:flushAndSyncDB(400)) - Container 3 is synced with bcsId 41.
2019-11-19 03:48:25,593 [pool-47-thread-1] INFO  storage.RaftStorageDirectory (RaftStorageDirectory.java:tryLock(328)) - Lock on /workdir/hadoop-ozone/tools/target/test-dir/MiniOzoneClusterImpl-416ee1e3-35e2-4142-88bf-bddadec884fc/datanode-2/data/ratis/b0169b40-3bc4-4767-a047-63b5958b2554/in_use.lock acquired by nodename 31164@pr-hdds-2536-847dz-100891120
2019-11-19 03:48:25,594 [Command processor thread] INFO  commandhandler.ClosePipelineCommandHandler (ClosePipelineCommandHandler.java:handle(78)) - Close Pipeline #id: "b09c2bcc-08f3-4e28-a4ef-bbfffefeeb94"
 command on datanode #68ce684d-122b-4aed-8b9f-e4c378aa8e43.
2019-11-19 03:48:25,594 [Command processor thread] INFO  commandhandler.ClosePipelineCommandHandler (ClosePipelineCommandHandler.java:handle(78)) - Close Pipeline #id: "b09c2bcc-08f3-4e28-a4ef-bbfffefeeb94"
 command on datanode #5e677d00-17c4-46d7-af27-6ea1471f8275.
2019-11-19 03:48:25,596 [Command processor thread] INFO  impl.RaftServerProxy (RaftServerProxy.java:addNew(89)) - 5e677d00-17c4-46d7-af27-6ea1471f8275: addNew group-63B5958B2554:[9cc7b172-5690-4837-9e8b-954d40059b5c:192.168.157.214:42035, 68ce684d-122b-4aed-8b9f-e4c378aa8e43:192.168.157.214:37339, 5e677d00-17c4-46d7-af27-6ea1471f8275:192.168.157.214:44732] returns group-63B5958B2554:java.util.concurrent.CompletableFuture@3c6116c3[Not completed]
2019-11-19 03:48:25,596 [Command processor thread] INFO  impl.RaftServerProxy (RaftServerProxy.java:addNew(89)) - 68ce684d-122b-4aed-8b9f-e4c378aa8e43: addNew group-63B5958B2554:[9cc7b172-5690-4837-9e8b-954d40059b5c:192.168.157.214:42035, 68ce684d-122b-4aed-8b9f-e4c378aa8e43:192.168.157.214:37339, 5e677d00-17c4-46d7-af27-6ea1471f8275:192.168.157.214:44732] returns group-63B5958B2554:java.util.concurrent.CompletableFuture@4fc9976f[Not completed]
2019-11-19 03:48:25,598 [pool-27-thread-1] INFO  impl.RaftServerImpl (RaftServerImpl.java:<init>(98)) - 5e677d00-17c4-46d7-af27-6ea1471f8275: new RaftServerImpl for group-63B5958B2554:[9cc7b172-5690-4837-9e8b-954d40059b5c:192.168.157.214:42035, 68ce684d-122b-4aed-8b9f-e4c378aa8e43:192.168.157.214:37339, 5e677d00-17c4-46d7-af27-6ea1471f8275:192.168.157.214:44732] with ContainerStateMachine:uninitialized
2019-11-19 03:48:25,598 [pool-27-thread-1] INFO  server.RaftServerConfigKeys (ConfUtils.java:logGet(43)) - raft.server.rpc.timeout.min = 5s (custom)
2019-11-19 03:48:25,598 [pool-27-thread-1] INFO  server.RaftServerConfigKeys (ConfUtils.java:logGet(43)) - raft.server.rpc.timeout.max = 5200ms (custom)
2019-11-19 03:48:25,598 [pool-27-thread-1] INFO  server.RaftServerConfigKeys (ConfUtils.java:logGet(43)) - raft.server.rpcslowness.timeout = 120s (custom)
2019-11-19 03:48:25,599 [pool-27-thread-1] INFO  server.RaftServerConfigKeys (ConfUtils.java:logGet(43)) - raft.server.sleep.deviation.threshold = 300 (default)
2019-11-19 03:48:25,599 [pool-27-thread-1] INFO  server.RaftServerConfigKeys (ConfUtils.java:logGet(43)) - raft.server.log.appender.install.snapshot.enabled = false (custom)
2019-11-19 03:48:25,599 [pool-27-thread-1] INFO  impl.RaftServerImpl (ServerState.java:<init>(103)) - 5e677d00-17c4-46d7-af27-6ea1471f8275@group-63B5958B2554: ConfigurationManager, init=-1: [9cc7b172-5690-4837-9e8b-954d40059b5c:192.168.157.214:42035, 68ce684d-122b-4aed-8b9f-e4c378aa8e43:192.168.157.214:37339, 5e677d00-17c4-46d7-af27-6ea1471f8275:192.168.157.214:44732], old=null, confs=<EMPTY_MAP>
2019-11-19 03:48:25,599 [pool-27-thread-1] INFO  server.RaftServerConfigKeys (ConfUtils.java:logGet(43)) - raft.server.storage.dir = [/workdir/hadoop-ozone/tools/target/test-dir/MiniOzoneClusterImpl-416ee1e3-35e2-4142-88bf-bddadec884fc/datanode-0/data/ratis] (custom)
2019-11-19 03:48:25,599 [pool-27-thread-1] INFO  server.RaftServerConfigKeys (ConfUtils.java:logGet(43)) - raft.server.log.corruption.policy = EXCEPTION (default)
2019-11-19 03:48:25,600 [pool-27-thread-1] INFO  storage.RaftStorageDirectory (RaftStorageDirectory.java:analyzeStorage(246)) - The storage directory /workdir/hadoop-ozone/tools/target/test-dir/MiniOzoneClusterImpl-416ee1e3-35e2-4142-88bf-bddadec884fc/datanode-0/data/ratis/b0169b40-3bc4-4767-a047-63b5958b2554 does not exist. Creating ...
2019-11-19 03:48:25,600 [pool-37-thread-1] INFO  impl.RaftServerImpl (RaftServerImpl.java:<init>(98)) - 68ce684d-122b-4aed-8b9f-e4c378aa8e43: new RaftServerImpl for group-63B5958B2554:[9cc7b172-5690-4837-9e8b-954d40059b5c:192.168.157.214:42035, 68ce684d-122b-4aed-8b9f-e4c378aa8e43:192.168.157.214:37339, 5e677d00-17c4-46d7-af27-6ea1471f8275:192.168.157.214:44732] with ContainerStateMachine:uninitialized
2019-11-19 03:48:25,600 [pool-37-thread-1] INFO  server.RaftServerConfigKeys (ConfUtils.java:logGet(43)) - raft.server.rpc.timeout.min = 5s (custom)
2019-11-19 03:48:25,600 [pool-37-thread-1] INFO  server.RaftServerConfigKeys (ConfUtils.java:logGet(43)) - raft.server.rpc.timeout.max = 5200ms (custom)
2019-11-19 03:48:25,601 [pool-37-thread-1] INFO  server.RaftServerConfigKeys (ConfUtils.java:logGet(43)) - raft.server.rpcslowness.timeout = 120s (custom)
2019-11-19 03:48:25,601 [pool-37-thread-1] INFO  server.RaftServerConfigKeys (ConfUtils.java:logGet(43)) - raft.server.sleep.deviation.threshold = 300 (default)
2019-11-19 03:48:25,601 [pool-37-thread-1] INFO  server.RaftServerConfigKeys (ConfUtils.java:logGet(43)) - raft.server.log.appender.install.snapshot.enabled = false (custom)
2019-11-19 03:48:25,601 [pool-37-thread-1] INFO  impl.RaftServerImpl (ServerState.java:<init>(103)) - 68ce684d-122b-4aed-8b9f-e4c378aa8e43@group-63B5958B2554: ConfigurationManager, init=-1: [9cc7b172-5690-4837-9e8b-954d40059b5c:192.168.157.214:42035, 68ce684d-122b-4aed-8b9f-e4c378aa8e43:192.168.157.214:37339, 5e677d00-17c4-46d7-af27-6ea1471f8275:192.168.157.214:44732], old=null, confs=<EMPTY_MAP>
2019-11-19 03:48:25,601 [pool-37-thread-1] INFO  server.RaftServerConfigKeys (ConfUtils.java:logGet(43)) - raft.server.storage.dir = [/workdir/hadoop-ozone/tools/target/test-dir/MiniOzoneClusterImpl-416ee1e3-35e2-4142-88bf-bddadec884fc/datanode-1/data/ratis] (custom)
2019-11-19 03:48:25,602 [pool-37-thread-1] INFO  server.RaftServerConfigKeys (ConfUtils.java:logGet(43)) - raft.server.log.corruption.policy = EXCEPTION (default)
2019-11-19 03:48:25,602 [pool-37-thread-1] INFO  storage.RaftStorageDirectory (RaftStorageDirectory.java:analyzeStorage(246)) - The storage directory /workdir/hadoop-ozone/tools/target/test-dir/MiniOzoneClusterImpl-416ee1e3-35e2-4142-88bf-bddadec884fc/datanode-1/data/ratis/b0169b40-3bc4-4767-a047-63b5958b2554 does not exist. Creating ...
2019-11-19 03:48:25,613 [pool-27-thread-1] INFO  storage.RaftStorageDirectory (RaftStorageDirectory.java:tryLock(328)) - Lock on /workdir/hadoop-ozone/tools/target/test-dir/MiniOzoneClusterImpl-416ee1e3-35e2-4142-88bf-bddadec884fc/datanode-0/data/ratis/b0169b40-3bc4-4767-a047-63b5958b2554/in_use.lock acquired by nodename 31164@pr-hdds-2536-847dz-100891120
2019-11-19 03:48:25,614 [pool-47-thread-1] INFO  storage.RaftStorage (RaftStorage.java:format(84)) - Storage directory /workdir/hadoop-ozone/tools/target/test-dir/MiniOzoneClusterImpl-416ee1e3-35e2-4142-88bf-bddadec884fc/datanode-2/data/ratis/b0169b40-3bc4-4767-a047-63b5958b2554 has been successfully formatted.
2019-11-19 03:48:25,614 [pool-47-thread-1] INFO  ratis.ContainerStateMachine (ContainerStateMachine.java:loadSnapshot(223)) - group-63B5958B2554: The snapshot info is null. Setting the last applied indexto:(t:0, i:~)
2019-11-19 03:48:25,614 [pool-47-thread-1] INFO  server.RaftServerConfigKeys (ConfUtils.java:logGet(43)) - raft.server.notification.no-leader.timeout = 120s (custom)
2019-11-19 03:48:25,614 [pool-47-thread-1] INFO  server.RaftServerConfigKeys (ConfUtils.java:logGet(43)) - raft.server.log.use.memory = false (default)
2019-11-19 03:48:25,615 [pool-47-thread-1] INFO  server.RaftServerConfigKeys (ConfUtils.java:logGet(43)) - raft.server.log.purge.gap = 1000000 (custom)
2019-11-19 03:48:25,615 [pool-47-thread-1] INFO  server.RaftServerConfigKeys (ConfUtils.java:logGet(43)) - raft.server.log.appender.buffer.byte-limit = 33554432 (custom)
2019-11-19 03:48:25,615 [pool-47-thread-1] INFO  server.RaftServerConfigKeys (ConfUtils.java:logGet(43)) - raft.server.log.segment.size.max = 1048576 (custom)
2019-11-19 03:48:25,615 [pool-47-thread-1] INFO  server.RaftServerConfigKeys (ConfUtils.java:logGet(43)) - raft.server.log.segment.cache.num.max = 2 (custom)
2019-11-19 03:48:25,615 [pool-47-thread-1] INFO  segmented.SegmentedRaftLogWorker (SegmentedRaftLogWorker.java:<init>(173)) - new 9cc7b172-5690-4837-9e8b-954d40059b5c@group-63B5958B2554-SegmentedRaftLogWorker for RaftStorage:Storage Directory /workdir/hadoop-ozone/tools/target/test-dir/MiniOzoneClusterImpl-416ee1e3-35e2-4142-88bf-bddadec884fc/datanode-2/data/ratis/b0169b40-3bc4-4767-a047-63b5958b2554
2019-11-19 03:48:25,615 [pool-47-thread-1] INFO  server.RaftServerConfigKeys (ConfUtils.java:logGet(43)) - raft.server.log.queue.byte-limit = 2147483647 (custom)
2019-11-19 03:48:25,616 [pool-47-thread-1] INFO  server.RaftServerConfigKeys (ConfUtils.java:logGet(43)) - raft.server.log.queue.element-limit = 1024 (custom)
2019-11-19 03:48:25,616 [pool-47-thread-1] INFO  server.RaftServerConfigKeys (ConfUtils.java:logGet(43)) - raft.server.log.segment.size.max = 1048576 (custom)
2019-11-19 03:48:25,616 [pool-47-thread-1] INFO  server.RaftServerConfigKeys (ConfUtils.java:logGet(43)) - raft.server.log.preallocated.size = 16384 (custom)
2019-11-19 03:48:25,616 [pool-47-thread-1] INFO  server.RaftServerConfigKeys (ConfUtils.java:logGet(43)) - raft.server.log.write.buffer.size = 33554432 (custom)
2019-11-19 03:48:25,616 [pool-47-thread-1] INFO  server.RaftServerConfigKeys (ConfUtils.java:logGet(43)) - raft.server.log.force.sync.num = 128 (default)
2019-11-19 03:48:25,616 [pool-47-thread-1] INFO  server.RaftServerConfigKeys (ConfUtils.java:logGet(43)) - raft.server.log.statemachine.data.sync = true (default)
2019-11-19 03:48:25,617 [pool-47-thread-1] INFO  server.RaftServerConfigKeys (ConfUtils.java:logGet(43)) - raft.server.log.statemachine.data.sync.timeout = 10s (default)
2019-11-19 03:48:25,617 [pool-47-thread-1] INFO  server.RaftServerConfigKeys (ConfUtils.java:logGet(43)) - raft.server.log.statemachine.data.sync.timeout.retry = -1 (default)
2019-11-19 03:48:25,617 [pool-47-thread-1] INFO  server.RaftServerConfigKeys (ConfUtils.java:logGet(43)) - raft.server.log.statemachine.data.caching.enabled = true (custom)
2019-11-19 03:48:25,628 [pool-47-thread-1] INFO  segmented.SegmentedRaftLogWorker (SegmentedRaftLogWorker.java:lambda$new$0(128)) - 9cc7b172-5690-4837-9e8b-954d40059b5c@group-63B5958B2554-SegmentedRaftLogWorker: flushIndex: setUnconditionally 0 -> -1
2019-11-19 03:48:25,628 [pool-37-thread-1] INFO  storage.RaftStorageDirectory (RaftStorageDirectory.java:tryLock(328)) - Lock on /workdir/hadoop-ozone/tools/target/test-dir/MiniOzoneClusterImpl-416ee1e3-35e2-4142-88bf-bddadec884fc/datanode-1/data/ratis/b0169b40-3bc4-4767-a047-63b5958b2554/in_use.lock acquired by nodename 31164@pr-hdds-2536-847dz-100891120
2019-11-19 03:48:25,628 [pool-27-thread-1] INFO  storage.RaftStorage (RaftStorage.java:format(84)) - Storage directory /workdir/hadoop-ozone/tools/target/test-dir/MiniOzoneClusterImpl-416ee1e3-35e2-4142-88bf-bddadec884fc/datanode-0/data/ratis/b0169b40-3bc4-4767-a047-63b5958b2554 has been successfully formatted.
2019-11-19 03:48:25,628 [pool-47-thread-1] INFO  server.RaftServerConfigKeys (ConfUtils.java:logGet(43)) - raft.server.snapshot.auto.trigger.enabled = true (custom)
2019-11-19 03:48:25,628 [pool-27-thread-1] INFO  ratis.ContainerStateMachine (ContainerStateMachine.java:loadSnapshot(223)) - group-63B5958B2554: The snapshot info is null. Setting the last applied indexto:(t:0, i:~)
2019-11-19 03:48:25,628 [pool-47-thread-1] INFO  server.RaftServerConfigKeys (ConfUtils.java:logGet(43)) - raft.server.snapshot.auto.trigger.threshold = 10000 (custom)
2019-11-19 03:48:25,629 [pool-27-thread-1] INFO  server.RaftServerConfigKeys (ConfUtils.java:logGet(43)) - raft.server.notification.no-leader.timeout = 120s (custom)
2019-11-19 03:48:25,629 [pool-47-thread-1] INFO  server.RaftServerConfigKeys (ConfUtils.java:logGet(43)) - raft.server.snapshot.retention.file.num = 5 (custom)
2019-11-19 03:48:25,629 [pool-27-thread-1] INFO  server.RaftServerConfigKeys (ConfUtils.java:logGet(43)) - raft.server.log.use.memory = false (default)
2019-11-19 03:48:25,629 [pool-47-thread-1] INFO  server.RaftServerConfigKeys (ConfUtils.java:logGet(43)) - raft.server.retrycache.expirytime = 600000ms (custom)
2019-11-19 03:48:25,629 [pool-27-thread-1] INFO  server.RaftServerConfigKeys (ConfUtils.java:logGet(43)) - raft.server.log.purge.gap = 1000000 (custom)
2019-11-19 03:48:25,629 [pool-27-thread-1] INFO  server.RaftServerConfigKeys (ConfUtils.java:logGet(43)) - raft.server.log.appender.buffer.byte-limit = 33554432 (custom)
2019-11-19 03:48:25,629 [pool-47-thread-1] WARN  impl.MetricRegistriesImpl (MetricRegistriesImpl.java:lambda$create$1(61)) - First MetricRegistry has been created without registering reporters. You may need to call MetricRegistries.global().addReportRegistration(...) before.
2019-11-19 03:48:25,630 [pool-27-thread-1] INFO  server.RaftServerConfigKeys (ConfUtils.java:logGet(43)) - raft.server.log.segment.size.max = 1048576 (custom)
2019-11-19 03:48:25,630 [pool-47-thread-1] WARN  impl.MetricRegistriesImpl (MetricRegistriesImpl.java:lambda$create$1(61)) - First MetricRegistry has been created without registering reporters. You may need to call MetricRegistries.global().addReportRegistration(...) before.
2019-11-19 03:48:25,630 [pool-27-thread-1] INFO  server.RaftServerConfigKeys (ConfUtils.java:logGet(43)) - raft.server.log.segment.cache.num.max = 2 (custom)
2019-11-19 03:48:25,630 [pool-27-thread-1] INFO  segmented.SegmentedRaftLogWorker (SegmentedRaftLogWorker.java:<init>(173)) - new 5e677d00-17c4-46d7-af27-6ea1471f8275@group-63B5958B2554-SegmentedRaftLogWorker for RaftStorage:Storage Directory /workdir/hadoop-ozone/tools/target/test-dir/MiniOzoneClusterImpl-416ee1e3-35e2-4142-88bf-bddadec884fc/datanode-0/data/ratis/b0169b40-3bc4-4767-a047-63b5958b2554
2019-11-19 03:48:25,630 [pool-47-thread-1] INFO  impl.RaftServerImpl (RaftServerImpl.java:start(184)) - 9cc7b172-5690-4837-9e8b-954d40059b5c@group-63B5958B2554: start as a follower, conf=-1: [9cc7b172-5690-4837-9e8b-954d40059b5c:192.168.157.214:42035, 68ce684d-122b-4aed-8b9f-e4c378aa8e43:192.168.157.214:37339, 5e677d00-17c4-46d7-af27-6ea1471f8275:192.168.157.214:44732], old=null
2019-11-19 03:48:25,630 [pool-27-thread-1] INFO  server.RaftServerConfigKeys (ConfUtils.java:logGet(43)) - raft.server.log.queue.byte-limit = 2147483647 (custom)
2019-11-19 03:48:25,630 [pool-47-thread-1] INFO  impl.RaftServerImpl (RaftServerImpl.java:setRole(173)) - 9cc7b172-5690-4837-9e8b-954d40059b5c@group-63B5958B2554: changes role from      null to FOLLOWER at term 0 for startAsFollower
2019-11-19 03:48:25,630 [pool-27-thread-1] INFO  server.RaftServerConfigKeys (ConfUtils.java:logGet(43)) - raft.server.log.queue.element-limit = 1024 (custom)
2019-11-19 03:48:25,631 [pool-47-thread-1] INFO  impl.RoleInfo (RoleInfo.java:updateAndGet(143)) - 9cc7b172-5690-4837-9e8b-954d40059b5c: start FollowerState
2019-11-19 03:48:25,631 [pool-27-thread-1] INFO  server.RaftServerConfigKeys (ConfUtils.java:logGet(43)) - raft.server.log.segment.size.max = 1048576 (custom)
2019-11-19 03:48:25,631 [pool-27-thread-1] INFO  server.RaftServerConfigKeys (ConfUtils.java:logGet(43)) - raft.server.log.preallocated.size = 16384 (custom)
2019-11-19 03:48:25,631 [pool-27-thread-1] INFO  server.RaftServerConfigKeys (ConfUtils.java:logGet(43)) - raft.server.log.write.buffer.size = 33554432 (custom)
2019-11-19 03:48:25,631 [pool-47-thread-1] INFO  util.JmxRegister (JmxRegister.java:tryRegister(44)) - Successfully registered JMX Bean with object name Ratis:service=RaftServer,group=group-63B5958B2554,id=9cc7b172-5690-4837-9e8b-954d40059b5c
2019-11-19 03:48:25,631 [pool-27-thread-1] INFO  server.RaftServerConfigKeys (ConfUtils.java:logGet(43)) - raft.server.log.force.sync.num = 128 (default)
2019-11-19 03:48:25,631 [pool-47-thread-1] WARN  impl.MetricRegistriesImpl (MetricRegistriesImpl.java:lambda$create$1(61)) - First MetricRegistry has been created without registering reporters. You may need to call MetricRegistries.global().addReportRegistration(...) before.
2019-11-19 03:48:25,632 [pool-27-thread-1] INFO  server.RaftServerConfigKeys (ConfUtils.java:logGet(43)) - raft.server.log.statemachine.data.sync = true (default)
2019-11-19 03:48:25,632 [pool-27-thread-1] INFO  server.RaftServerConfigKeys (ConfUtils.java:logGet(43)) - raft.server.log.statemachine.data.sync.timeout = 10s (default)
2019-11-19 03:48:25,632 [pool-27-thread-1] INFO  server.RaftServerConfigKeys (ConfUtils.java:logGet(43)) - raft.server.log.statemachine.data.sync.timeout.retry = -1 (default)
2019-11-19 03:48:25,632 [Command processor thread] INFO  commandhandler.CreatePipelineCommandHandler (CreatePipelineCommandHandler.java:handle(86)) - Create Pipeline RATIS THREE #id: "b0169b40-3bc4-4767-a047-63b5958b2554"
 command succeed on datanode 9cc7b172-5690-4837-9e8b-954d40059b5c.
2019-11-19 03:48:25,632 [pool-27-thread-1] INFO  server.RaftServerConfigKeys (ConfUtils.java:logGet(43)) - raft.server.log.statemachine.data.caching.enabled = true (custom)
2019-11-19 03:48:25,633 [pool-27-thread-1] INFO  segmented.SegmentedRaftLogWorker (SegmentedRaftLogWorker.java:lambda$new$0(128)) - 5e677d00-17c4-46d7-af27-6ea1471f8275@group-63B5958B2554-SegmentedRaftLogWorker: flushIndex: setUnconditionally 0 -> -1
2019-11-19 03:48:25,633 [pool-27-thread-1] INFO  server.RaftServerConfigKeys (ConfUtils.java:logGet(43)) - raft.server.snapshot.auto.trigger.enabled = true (custom)
2019-11-19 03:48:25,633 [pool-27-thread-1] INFO  server.RaftServerConfigKeys (ConfUtils.java:logGet(43)) - raft.server.snapshot.auto.trigger.threshold = 10000 (custom)
2019-11-19 03:48:25,633 [pool-27-thread-1] INFO  server.RaftServerConfigKeys (ConfUtils.java:logGet(43)) - raft.server.snapshot.retention.file.num = 5 (custom)
2019-11-19 03:48:25,633 [pool-27-thread-1] INFO  server.RaftServerConfigKeys (ConfUtils.java:logGet(43)) - raft.server.retrycache.expirytime = 600000ms (custom)
2019-11-19 03:48:25,633 [pool-27-thread-1] WARN  impl.MetricRegistriesImpl (MetricRegistriesImpl.java:lambda$create$1(61)) - First MetricRegistry has been created without registering reporters. You may need to call MetricRegistries.global().addReportRegistration(...) before.
2019-11-19 03:48:25,634 [EventQueue-PipelineReportForPipelineReportHandler] INFO  pipeline.PipelineReportHandler (PipelineReportHandler.java:processPipelineReport(113)) - Pipeline THREE PipelineID=b0169b40-3bc4-4767-a047-63b5958b2554 reported by 9cc7b172-5690-4837-9e8b-954d40059b5c{ip: 192.168.157.214, host: pr-hdds-2536-847dz-100891120, networkLocation: /default-rack, certSerialId: null}
2019-11-19 03:48:25,634 [pool-27-thread-1] WARN  impl.MetricRegistriesImpl (MetricRegistriesImpl.java:lambda$create$1(61)) - First MetricRegistry has been created without registering reporters. You may need to call MetricRegistries.global().addReportRegistration(...) before.
2019-11-19 03:48:25,634 [pool-27-thread-1] INFO  impl.RaftServerImpl (RaftServerImpl.java:start(184)) - 5e677d00-17c4-46d7-af27-6ea1471f8275@group-63B5958B2554: start as a follower, conf=-1: [9cc7b172-5690-4837-9e8b-954d40059b5c:192.168.157.214:42035, 68ce684d-122b-4aed-8b9f-e4c378aa8e43:192.168.157.214:37339, 5e677d00-17c4-46d7-af27-6ea1471f8275:192.168.157.214:44732], old=null
2019-11-19 03:48:25,634 [pool-27-thread-1] INFO  impl.RaftServerImpl (RaftServerImpl.java:setRole(173)) - 5e677d00-17c4-46d7-af27-6ea1471f8275@group-63B5958B2554: changes role from      null to FOLLOWER at term 0 for startAsFollower
2019-11-19 03:48:25,634 [pool-27-thread-1] INFO  impl.RoleInfo (RoleInfo.java:updateAndGet(143)) - 5e677d00-17c4-46d7-af27-6ea1471f8275: start FollowerState
2019-11-19 03:48:25,635 [pool-27-thread-1] INFO  util.JmxRegister (JmxRegister.java:tryRegister(44)) - Successfully registered JMX Bean with object name Ratis:service=RaftServer,group=group-63B5958B2554,id=5e677d00-17c4-46d7-af27-6ea1471f8275
2019-11-19 03:48:25,635 [pool-27-thread-1] WARN  impl.MetricRegistriesImpl (MetricRegistriesImpl.java:lambda$create$1(61)) - First MetricRegistry has been created without registering reporters. You may need to call MetricRegistries.global().addReportRegistration(...) before.
2019-11-19 03:48:25,635 [Command processor thread] INFO  commandhandler.CreatePipelineCommandHandler (CreatePipelineCommandHandler.java:handle(86)) - Create Pipeline RATIS THREE #id: "b0169b40-3bc4-4767-a047-63b5958b2554"
 command succeed on datanode 5e677d00-17c4-46d7-af27-6ea1471f8275.
2019-11-19 03:48:25,637 [EventQueue-PipelineReportForPipelineReportHandler] INFO  pipeline.PipelineReportHandler (PipelineReportHandler.java:processPipelineReport(113)) - Pipeline THREE PipelineID=b0169b40-3bc4-4767-a047-63b5958b2554 reported by 5e677d00-17c4-46d7-af27-6ea1471f8275{ip: 192.168.157.214, host: pr-hdds-2536-847dz-100891120, networkLocation: /default-rack, certSerialId: null}
2019-11-19 03:48:25,646 [pool-37-thread-1] INFO  storage.RaftStorage (RaftStorage.java:format(84)) - Storage directory /workdir/hadoop-ozone/tools/target/test-dir/MiniOzoneClusterImpl-416ee1e3-35e2-4142-88bf-bddadec884fc/datanode-1/data/ratis/b0169b40-3bc4-4767-a047-63b5958b2554 has been successfully formatted.
2019-11-19 03:48:25,647 [pool-37-thread-1] INFO  ratis.ContainerStateMachine (ContainerStateMachine.java:loadSnapshot(223)) - group-63B5958B2554: The snapshot info is null. Setting the last applied indexto:(t:0, i:~)
2019-11-19 03:48:25,647 [pool-37-thread-1] INFO  server.RaftServerConfigKeys (ConfUtils.java:logGet(43)) - raft.server.notification.no-leader.timeout = 120s (custom)
2019-11-19 03:48:25,647 [pool-37-thread-1] INFO  server.RaftServerConfigKeys (ConfUtils.java:logGet(43)) - raft.server.log.use.memory = false (default)
2019-11-19 03:48:25,647 [pool-37-thread-1] INFO  server.RaftServerConfigKeys (ConfUtils.java:logGet(43)) - raft.server.log.purge.gap = 1000000 (custom)
2019-11-19 03:48:25,647 [pool-37-thread-1] INFO  server.RaftServerConfigKeys (ConfUtils.java:logGet(43)) - raft.server.log.appender.buffer.byte-limit = 33554432 (custom)
2019-11-19 03:48:25,648 [pool-37-thread-1] INFO  server.RaftServerConfigKeys (ConfUtils.java:logGet(43)) - raft.server.log.segment.size.max = 1048576 (custom)
2019-11-19 03:48:25,648 [pool-37-thread-1] INFO  server.RaftServerConfigKeys (ConfUtils.java:logGet(43)) - raft.server.log.segment.cache.num.max = 2 (custom)
2019-11-19 03:48:25,648 [pool-37-thread-1] INFO  segmented.SegmentedRaftLogWorker (SegmentedRaftLogWorker.java:<init>(173)) - new 68ce684d-122b-4aed-8b9f-e4c378aa8e43@group-63B5958B2554-SegmentedRaftLogWorker for RaftStorage:Storage Directory /workdir/hadoop-ozone/tools/target/test-dir/MiniOzoneClusterImpl-416ee1e3-35e2-4142-88bf-bddadec884fc/datanode-1/data/ratis/b0169b40-3bc4-4767-a047-63b5958b2554
2019-11-19 03:48:25,648 [pool-37-thread-1] INFO  server.RaftServerConfigKeys (ConfUtils.java:logGet(43)) - raft.server.log.queue.byte-limit = 2147483647 (custom)
2019-11-19 03:48:25,648 [pool-37-thread-1] INFO  server.RaftServerConfigKeys (ConfUtils.java:logGet(43)) - raft.server.log.queue.element-limit = 1024 (custom)
2019-11-19 03:48:25,649 [pool-37-thread-1] INFO  server.RaftServerConfigKeys (ConfUtils.java:logGet(43)) - raft.server.log.segment.size.max = 1048576 (custom)
2019-11-19 03:48:25,649 [pool-37-thread-1] INFO  server.RaftServerConfigKeys (ConfUtils.java:logGet(43)) - raft.server.log.preallocated.size = 16384 (custom)
2019-11-19 03:48:25,649 [pool-37-thread-1] INFO  server.RaftServerConfigKeys (ConfUtils.java:logGet(43)) - raft.server.log.write.buffer.size = 33554432 (custom)
2019-11-19 03:48:25,649 [pool-37-thread-1] INFO  server.RaftServerConfigKeys (ConfUtils.java:logGet(43)) - raft.server.log.force.sync.num = 128 (default)
2019-11-19 03:48:25,649 [pool-37-thread-1] INFO  server.RaftServerConfigKeys (ConfUtils.java:logGet(43)) - raft.server.log.statemachine.data.sync = true (default)
2019-11-19 03:48:25,649 [pool-37-thread-1] INFO  server.RaftServerConfigKeys (ConfUtils.java:logGet(43)) - raft.server.log.statemachine.data.sync.timeout = 10s (default)
2019-11-19 03:48:25,650 [pool-37-thread-1] INFO  server.RaftServerConfigKeys (ConfUtils.java:logGet(43)) - raft.server.log.statemachine.data.sync.timeout.retry = -1 (default)
2019-11-19 03:48:25,650 [pool-37-thread-1] INFO  server.RaftServerConfigKeys (ConfUtils.java:logGet(43)) - raft.server.log.statemachine.data.caching.enabled = true (custom)
2019-11-19 03:48:25,650 [pool-37-thread-1] INFO  segmented.SegmentedRaftLogWorker (SegmentedRaftLogWorker.java:lambda$new$0(128)) - 68ce684d-122b-4aed-8b9f-e4c378aa8e43@group-63B5958B2554-SegmentedRaftLogWorker: flushIndex: setUnconditionally 0 -> -1
2019-11-19 03:48:25,651 [pool-37-thread-1] INFO  server.RaftServerConfigKeys (ConfUtils.java:logGet(43)) - raft.server.snapshot.auto.trigger.enabled = true (custom)
2019-11-19 03:48:25,651 [pool-37-thread-1] INFO  server.RaftServerConfigKeys (ConfUtils.java:logGet(43)) - raft.server.snapshot.auto.trigger.threshold = 10000 (custom)
2019-11-19 03:48:25,651 [pool-37-thread-1] INFO  server.RaftServerConfigKeys (ConfUtils.java:logGet(43)) - raft.server.snapshot.retention.file.num = 5 (custom)
2019-11-19 03:48:25,651 [pool-37-thread-1] INFO  server.RaftServerConfigKeys (ConfUtils.java:logGet(43)) - raft.server.retrycache.expirytime = 600000ms (custom)
2019-11-19 03:48:25,651 [pool-37-thread-1] WARN  impl.MetricRegistriesImpl (MetricRegistriesImpl.java:lambda$create$1(61)) - First MetricRegistry has been created without registering reporters. You may need to call MetricRegistries.global().addReportRegistration(...) before.
2019-11-19 03:48:25,652 [pool-37-thread-1] WARN  impl.MetricRegistriesImpl (MetricRegistriesImpl.java:lambda$create$1(61)) - First MetricRegistry has been created without registering reporters. You may need to call MetricRegistries.global().addReportRegistration(...) before.
2019-11-19 03:48:25,652 [pool-37-thread-1] INFO  impl.RaftServerImpl (RaftServerImpl.java:start(184)) - 68ce684d-122b-4aed-8b9f-e4c378aa8e43@group-63B5958B2554: start as a follower, conf=-1: [9cc7b172-5690-4837-9e8b-954d40059b5c:192.168.157.214:42035, 68ce684d-122b-4aed-8b9f-e4c378aa8e43:192.168.157.214:37339, 5e677d00-17c4-46d7-af27-6ea1471f8275:192.168.157.214:44732], old=null
2019-11-19 03:48:25,652 [pool-37-thread-1] INFO  impl.RaftServerImpl (RaftServerImpl.java:setRole(173)) - 68ce684d-122b-4aed-8b9f-e4c378aa8e43@group-63B5958B2554: changes role from      null to FOLLOWER at term 0 for startAsFollower
2019-11-19 03:48:25,652 [pool-37-thread-1] INFO  impl.RoleInfo (RoleInfo.java:updateAndGet(143)) - 68ce684d-122b-4aed-8b9f-e4c378aa8e43: start FollowerState
2019-11-19 03:48:25,653 [pool-37-thread-1] INFO  util.JmxRegister (JmxRegister.java:tryRegister(44)) - Successfully registered JMX Bean with object name Ratis:service=RaftServer,group=group-63B5958B2554,id=68ce684d-122b-4aed-8b9f-e4c378aa8e43
2019-11-19 03:48:25,653 [pool-37-thread-1] WARN  impl.MetricRegistriesImpl (MetricRegistriesImpl.java:lambda$create$1(61)) - First MetricRegistry has been created without registering reporters. You may need to call MetricRegistries.global().addReportRegistration(...) before.
2019-11-19 03:48:25,654 [Command processor thread] INFO  commandhandler.CreatePipelineCommandHandler (CreatePipelineCommandHandler.java:handle(86)) - Create Pipeline RATIS THREE #id: "b0169b40-3bc4-4767-a047-63b5958b2554"
 command succeed on datanode 68ce684d-122b-4aed-8b9f-e4c378aa8e43.
2019-11-19 03:48:25,655 [EventQueue-PipelineReportForPipelineReportHandler] INFO  pipeline.PipelineReportHandler (PipelineReportHandler.java:processPipelineReport(113)) - Pipeline THREE PipelineID=b0169b40-3bc4-4767-a047-63b5958b2554 reported by 68ce684d-122b-4aed-8b9f-e4c378aa8e43{ip: 192.168.157.214, host: pr-hdds-2536-847dz-100891120, networkLocation: /default-rack, certSerialId: null}
 0.00% |?                                                                                                    |  0/1 Time: 0:00:03 0.00% |?                                                                                                    |  0/1 Time: 0:00:04 100.00% |?????????????????????????????????????????????????????????????????????????????????????????????????????|  1/1 Time: 0:00:05
2019-11-19 03:48:30,763 [Thread-472] INFO  impl.FollowerState (FollowerState.java:run(111)) - 5e677d00-17c4-46d7-af27-6ea1471f8275@group-63B5958B2554-FollowerState: change to CANDIDATE, lastRpcTime:5128ms, electionTimeout:5128ms
2019-11-19 03:48:30,765 [Thread-472] INFO  impl.RoleInfo (RoleInfo.java:shutdownFollowerState(121)) - 5e677d00-17c4-46d7-af27-6ea1471f8275: shutdown FollowerState
2019-11-19 03:48:30,765 [Thread-472] INFO  impl.RaftServerImpl (RaftServerImpl.java:setRole(173)) - 5e677d00-17c4-46d7-af27-6ea1471f8275@group-63B5958B2554: changes role from  FOLLOWER to CANDIDATE at term 0 for changeToCandidate
2019-11-19 03:48:30,766 [Thread-472] INFO  impl.RoleInfo (RoleInfo.java:updateAndGet(143)) - 5e677d00-17c4-46d7-af27-6ea1471f8275: start LeaderElection
2019-11-19 03:48:30,808 [Thread-470] INFO  impl.FollowerState (FollowerState.java:run(111)) - 9cc7b172-5690-4837-9e8b-954d40059b5c@group-63B5958B2554-FollowerState: change to CANDIDATE, lastRpcTime:5177ms, electionTimeout:5177ms
2019-11-19 03:48:30,809 [Thread-470] INFO  impl.RoleInfo (RoleInfo.java:shutdownFollowerState(121)) - 9cc7b172-5690-4837-9e8b-954d40059b5c: shutdown FollowerState
2019-11-19 03:48:30,809 [Thread-470] INFO  impl.RaftServerImpl (RaftServerImpl.java:setRole(173)) - 9cc7b172-5690-4837-9e8b-954d40059b5c@group-63B5958B2554: changes role from  FOLLOWER to CANDIDATE at term 0 for changeToCandidate
2019-11-19 03:48:30,809 [Thread-470] INFO  impl.RoleInfo (RoleInfo.java:updateAndGet(143)) - 9cc7b172-5690-4837-9e8b-954d40059b5c: start LeaderElection
2019-11-19 03:48:30,812 [5e677d00-17c4-46d7-af27-6ea1471f8275@group-63B5958B2554-LeaderElection9] INFO  impl.LeaderElection (LeaderElection.java:askForVotes(178)) - 5e677d00-17c4-46d7-af27-6ea1471f8275@group-63B5958B2554-LeaderElection9: begin an election at term 1 for -1: [9cc7b172-5690-4837-9e8b-954d40059b5c:192.168.157.214:42035, 68ce684d-122b-4aed-8b9f-e4c378aa8e43:192.168.157.214:37339, 5e677d00-17c4-46d7-af27-6ea1471f8275:192.168.157.214:44732], old=null
2019-11-19 03:48:30,833 [grpc-default-executor-3] INFO  impl.RaftServerImpl (RaftServerImpl.java:setRole(173)) - 68ce684d-122b-4aed-8b9f-e4c378aa8e43@group-63B5958B2554: changes role from  FOLLOWER to FOLLOWER at term 1 for recognizeCandidate:5e677d00-17c4-46d7-af27-6ea1471f8275
2019-11-19 03:48:30,834 [grpc-default-executor-3] INFO  impl.RoleInfo (RoleInfo.java:shutdownFollowerState(121)) - 68ce684d-122b-4aed-8b9f-e4c378aa8e43: shutdown FollowerState
2019-11-19 03:48:30,834 [grpc-default-executor-3] INFO  impl.RoleInfo (RoleInfo.java:updateAndGet(143)) - 68ce684d-122b-4aed-8b9f-e4c378aa8e43: start FollowerState
2019-11-19 03:48:30,834 [Thread-474] INFO  impl.FollowerState (FollowerState.java:run(120)) - 68ce684d-122b-4aed-8b9f-e4c378aa8e43@group-63B5958B2554-FollowerState was interrupted: java.lang.InterruptedException: sleep interrupted
2019-11-19 03:48:30,835 [9cc7b172-5690-4837-9e8b-954d40059b5c@group-63B5958B2554-LeaderElection10] INFO  impl.LeaderElection (LeaderElection.java:askForVotes(178)) - 9cc7b172-5690-4837-9e8b-954d40059b5c@group-63B5958B2554-LeaderElection10: begin an election at term 1 for -1: [9cc7b172-5690-4837-9e8b-954d40059b5c:192.168.157.214:42035, 68ce684d-122b-4aed-8b9f-e4c378aa8e43:192.168.157.214:37339, 5e677d00-17c4-46d7-af27-6ea1471f8275:192.168.157.214:44732], old=null
2019-11-19 03:48:30,864 [5e677d00-17c4-46d7-af27-6ea1471f8275@group-63B5958B2554-LeaderElection9] INFO  impl.LeaderElection (LeaderElection.java:logAndReturn(56)) - 5e677d00-17c4-46d7-af27-6ea1471f8275@group-63B5958B2554-LeaderElection9: Election PASSED; received 2 response(s) [5e677d00-17c4-46d7-af27-6ea1471f8275<-9cc7b172-5690-4837-9e8b-954d40059b5c#0:FAIL-t1, 5e677d00-17c4-46d7-af27-6ea1471f8275<-68ce684d-122b-4aed-8b9f-e4c378aa8e43#0:OK-t1] and 0 exception(s); 5e677d00-17c4-46d7-af27-6ea1471f8275@group-63B5958B2554:t1, leader=null, voted=5e677d00-17c4-46d7-af27-6ea1471f8275, raftlog=5e677d00-17c4-46d7-af27-6ea1471f8275@group-63B5958B2554-SegmentedRaftLog:OPENED:c-1,f-1,i0, conf=-1: [9cc7b172-5690-4837-9e8b-954d40059b5c:192.168.157.214:42035, 68ce684d-122b-4aed-8b9f-e4c378aa8e43:192.168.157.214:37339, 5e677d00-17c4-46d7-af27-6ea1471f8275:192.168.157.214:44732], old=null
2019-11-19 03:48:30,864 [9cc7b172-5690-4837-9e8b-954d40059b5c@group-63B5958B2554-LeaderElection10] INFO  impl.LeaderElection (LeaderElection.java:logAndReturn(56)) - 9cc7b172-5690-4837-9e8b-954d40059b5c@group-63B5958B2554-LeaderElection10: Election REJECTED; received 2 response(s) [9cc7b172-5690-4837-9e8b-954d40059b5c<-68ce684d-122b-4aed-8b9f-e4c378aa8e43#0:FAIL-t1, 9cc7b172-5690-4837-9e8b-954d40059b5c<-5e677d00-17c4-46d7-af27-6ea1471f8275#0:FAIL-t1] and 0 exception(s); 9cc7b172-5690-4837-9e8b-954d40059b5c@group-63B5958B2554:t1, leader=null, voted=9cc7b172-5690-4837-9e8b-954d40059b5c, raftlog=9cc7b172-5690-4837-9e8b-954d40059b5c@group-63B5958B2554-SegmentedRaftLog:OPENED:c-1,f-1,i0, conf=-1: [9cc7b172-5690-4837-9e8b-954d40059b5c:192.168.157.214:42035, 68ce684d-122b-4aed-8b9f-e4c378aa8e43:192.168.157.214:37339, 5e677d00-17c4-46d7-af27-6ea1471f8275:192.168.157.214:44732], old=null
2019-11-19 03:48:30,864 [5e677d00-17c4-46d7-af27-6ea1471f8275@group-63B5958B2554-LeaderElection9] INFO  impl.RoleInfo (RoleInfo.java:shutdownLeaderElection(134)) - 5e677d00-17c4-46d7-af27-6ea1471f8275: shutdown LeaderElection
2019-11-19 03:48:30,866 [9cc7b172-5690-4837-9e8b-954d40059b5c@group-63B5958B2554-LeaderElection10] INFO  impl.RaftServerImpl (RaftServerImpl.java:setRole(173)) - 9cc7b172-5690-4837-9e8b-954d40059b5c@group-63B5958B2554: changes role from CANDIDATE to FOLLOWER at term 1 for DISCOVERED_A_NEW_TERM
2019-11-19 03:48:30,868 [9cc7b172-5690-4837-9e8b-954d40059b5c@group-63B5958B2554-LeaderElection10] INFO  impl.RoleInfo (RoleInfo.java:shutdownLeaderElection(134)) - 9cc7b172-5690-4837-9e8b-954d40059b5c: shutdown LeaderElection
2019-11-19 03:48:30,866 [5e677d00-17c4-46d7-af27-6ea1471f8275@group-63B5958B2554-LeaderElection9] INFO  impl.RaftServerImpl (RaftServerImpl.java:setRole(173)) - 5e677d00-17c4-46d7-af27-6ea1471f8275@group-63B5958B2554: changes role from CANDIDATE to LEADER at term 1 for changeToLeader
2019-11-19 03:48:30,868 [9cc7b172-5690-4837-9e8b-954d40059b5c@group-63B5958B2554-LeaderElection10] INFO  impl.RoleInfo (RoleInfo.java:updateAndGet(143)) - 9cc7b172-5690-4837-9e8b-954d40059b5c: start FollowerState
2019-11-19 03:48:30,868 [5e677d00-17c4-46d7-af27-6ea1471f8275@group-63B5958B2554-LeaderElection9] INFO  ratis.XceiverServerRatis (XceiverServerRatis.java:handleLeaderChangedNotification(733)) - Leader change notification received for group: group-63B5958B2554 with new leaderId: 5e677d00-17c4-46d7-af27-6ea1471f8275
2019-11-19 03:48:30,869 [5e677d00-17c4-46d7-af27-6ea1471f8275@group-63B5958B2554-LeaderElection9] INFO  impl.RaftServerImpl (ServerState.java:setLeader(255)) - 5e677d00-17c4-46d7-af27-6ea1471f8275@group-63B5958B2554: change Leader from null to 5e677d00-17c4-46d7-af27-6ea1471f8275 at term 1 for becomeLeader, leader elected after 5239ms
2019-11-19 03:48:30,869 [5e677d00-17c4-46d7-af27-6ea1471f8275@group-63B5958B2554-LeaderElection9] INFO  server.RaftServerConfigKeys (ConfUtils.java:logGet(43)) - raft.server.staging.catchup.gap = 1000 (default)
2019-11-19 03:48:30,869 [5e677d00-17c4-46d7-af27-6ea1471f8275@group-63B5958B2554-LeaderElection9] INFO  server.RaftServerConfigKeys (ConfUtils.java:logGet(43)) - raft.server.rpc.sleep.time = 25ms (default)
2019-11-19 03:48:30,870 [5e677d00-17c4-46d7-af27-6ea1471f8275@group-63B5958B2554-LeaderElection9] INFO  server.RaftServerConfigKeys (ConfUtils.java:logGet(43)) - raft.server.write.element-limit = 4096 (default)
2019-11-19 03:48:30,870 [5e677d00-17c4-46d7-af27-6ea1471f8275@group-63B5958B2554-LeaderElection9] INFO  server.RaftServerConfigKeys (ConfUtils.java:logGet(43)) - raft.server.watch.timeout = 10s (default)
2019-11-19 03:48:30,870 [5e677d00-17c4-46d7-af27-6ea1471f8275@group-63B5958B2554-LeaderElection9] INFO  server.RaftServerConfigKeys (ConfUtils.java:logGet(43)) - raft.server.watch.timeout.denomination = 1s (default)
2019-11-19 03:48:30,870 [5e677d00-17c4-46d7-af27-6ea1471f8275@group-63B5958B2554-LeaderElection9] INFO  server.RaftServerConfigKeys (ConfUtils.java:logGet(43)) - raft.server.watch.element-limit = 65536 (default)
2019-11-19 03:48:30,870 [5e677d00-17c4-46d7-af27-6ea1471f8275@group-63B5958B2554-LeaderElection9] INFO  server.RaftServerConfigKeys (ConfUtils.java:logGet(43)) - raft.server.log.appender.snapshot.chunk.size.max = 16MB (=16777216) (default)
2019-11-19 03:48:30,871 [5e677d00-17c4-46d7-af27-6ea1471f8275@group-63B5958B2554-LeaderElection9] INFO  server.RaftServerConfigKeys (ConfUtils.java:logGet(43)) - raft.server.log.appender.buffer.byte-limit = 33554432 (custom)
2019-11-19 03:48:30,871 [5e677d00-17c4-46d7-af27-6ea1471f8275@group-63B5958B2554-LeaderElection9] INFO  server.RaftServerConfigKeys (ConfUtils.java:logGet(43)) - raft.server.log.appender.buffer.element-limit = 1 (custom)
2019-11-19 03:48:30,871 [5e677d00-17c4-46d7-af27-6ea1471f8275@group-63B5958B2554-LeaderElection9] INFO  grpc.GrpcConfigKeys$Server (ConfUtils.java:logGet(43)) - raft.grpc.server.leader.outstanding.appends.max = 128 (default)
2019-11-19 03:48:30,872 [5e677d00-17c4-46d7-af27-6ea1471f8275@group-63B5958B2554-LeaderElection9] INFO  server.RaftServerConfigKeys (ConfUtils.java:logGet(43)) - raft.server.rpc.request.timeout = 3000ms (default)
2019-11-19 03:48:30,872 [5e677d00-17c4-46d7-af27-6ea1471f8275@group-63B5958B2554-LeaderElection9] INFO  server.RaftServerConfigKeys (ConfUtils.java:logGet(43)) - raft.server.log.appender.install.snapshot.enabled = false (custom)
2019-11-19 03:48:30,872 [5e677d00-17c4-46d7-af27-6ea1471f8275@group-63B5958B2554-LeaderElection9] WARN  impl.MetricRegistriesImpl (MetricRegistriesImpl.java:lambda$create$1(61)) - First MetricRegistry has been created without registering reporters. You may need to call MetricRegistries.global().addReportRegistration(...) before.
2019-11-19 03:48:30,872 [5e677d00-17c4-46d7-af27-6ea1471f8275@group-63B5958B2554-LeaderElection9] INFO  server.RaftServerConfigKeys (ConfUtils.java:logGet(43)) - raft.server.log.appender.snapshot.chunk.size.max = 16MB (=16777216) (default)
2019-11-19 03:48:30,872 [5e677d00-17c4-46d7-af27-6ea1471f8275@group-63B5958B2554-LeaderElection9] INFO  server.RaftServerConfigKeys (ConfUtils.java:logGet(43)) - raft.server.log.appender.buffer.byte-limit = 33554432 (custom)
2019-11-19 03:48:30,872 [EventQueue-PipelineReportForPipelineReportHandler] INFO  pipeline.PipelineReportHandler (PipelineReportHandler.java:processPipelineReport(113)) - Pipeline THREE PipelineID=b0169b40-3bc4-4767-a047-63b5958b2554 reported by 5e677d00-17c4-46d7-af27-6ea1471f8275{ip: 192.168.157.214, host: pr-hdds-2536-847dz-100891120, networkLocation: /default-rack, certSerialId: null}
2019-11-19 03:48:30,873 [5e677d00-17c4-46d7-af27-6ea1471f8275@group-63B5958B2554-LeaderElection9] INFO  server.RaftServerConfigKeys (ConfUtils.java:logGet(43)) - raft.server.log.appender.buffer.element-limit = 1 (custom)
2019-11-19 03:48:30,873 [EventQueue-PipelineReportForPipelineReportHandler] INFO  pipeline.PipelineStateManager (PipelineStateManager.java:openPipeline(132)) - Pipeline Pipeline[ Id: b0169b40-3bc4-4767-a047-63b5958b2554, Nodes: 68ce684d-122b-4aed-8b9f-e4c378aa8e43{ip: 192.168.157.214, host: pr-hdds-2536-847dz-100891120, networkLocation: /default-rack, certSerialId: null}5e677d00-17c4-46d7-af27-6ea1471f8275{ip: 192.168.157.214, host: pr-hdds-2536-847dz-100891120, networkLocation: /default-rack, certSerialId: null}9cc7b172-5690-4837-9e8b-954d40059b5c{ip: 192.168.157.214, host: pr-hdds-2536-847dz-100891120, networkLocation: /default-rack, certSerialId: null}, Type:RATIS, Factor:THREE, State:ALLOCATED] moved to OPEN state
2019-11-19 03:48:30,873 [5e677d00-17c4-46d7-af27-6ea1471f8275@group-63B5958B2554-LeaderElection9] INFO  grpc.GrpcConfigKeys$Server (ConfUtils.java:logGet(43)) - raft.grpc.server.leader.outstanding.appends.max = 128 (default)
2019-11-19 03:48:30,873 [5e677d00-17c4-46d7-af27-6ea1471f8275@group-63B5958B2554-LeaderElection9] INFO  server.RaftServerConfigKeys (ConfUtils.java:logGet(43)) - raft.server.rpc.request.timeout = 3000ms (default)
2019-11-19 03:48:30,873 [5e677d00-17c4-46d7-af27-6ea1471f8275@group-63B5958B2554-LeaderElection9] INFO  server.RaftServerConfigKeys (ConfUtils.java:logGet(43)) - raft.server.log.appender.install.snapshot.enabled = false (custom)
2019-11-19 03:48:30,873 [5e677d00-17c4-46d7-af27-6ea1471f8275@group-63B5958B2554-LeaderElection9] INFO  impl.RoleInfo (RoleInfo.java:updateAndGet(143)) - 5e677d00-17c4-46d7-af27-6ea1471f8275: start LeaderState
2019-11-19 03:48:30,874 [5e677d00-17c4-46d7-af27-6ea1471f8275@group-63B5958B2554-LeaderElection9] INFO  segmented.SegmentedRaftLogWorker (SegmentedRaftLogWorker.java:startLogSegment(385)) - 5e677d00-17c4-46d7-af27-6ea1471f8275@group-63B5958B2554-SegmentedRaftLogWorker: Starting segment from index:0
2019-11-19 03:48:30,875 [5e677d00-17c4-46d7-af27-6ea1471f8275@group-63B5958B2554-LeaderElection9] INFO  impl.RaftServerImpl (ServerState.java:setRaftConf(356)) - 5e677d00-17c4-46d7-af27-6ea1471f8275@group-63B5958B2554: set configuration 0: [9cc7b172-5690-4837-9e8b-954d40059b5c:192.168.157.214:42035, 68ce684d-122b-4aed-8b9f-e4c378aa8e43:192.168.157.214:37339, 5e677d00-17c4-46d7-af27-6ea1471f8275:192.168.157.214:44732], old=null at 0
2019-11-19 03:48:30,913 [grpc-default-executor-4] INFO  ratis.XceiverServerRatis (XceiverServerRatis.java:handleLeaderChangedNotification(733)) - Leader change notification received for group: group-63B5958B2554 with new leaderId: 5e677d00-17c4-46d7-af27-6ea1471f8275
2019-11-19 03:48:30,915 [grpc-default-executor-4] INFO  impl.RaftServerImpl (ServerState.java:setLeader(255)) - 68ce684d-122b-4aed-8b9f-e4c378aa8e43@group-63B5958B2554: change Leader from null to 5e677d00-17c4-46d7-af27-6ea1471f8275 at term 1 for appendEntries, leader elected after 5266ms
2019-11-19 03:48:30,915 [grpc-default-executor-3] INFO  ratis.XceiverServerRatis (XceiverServerRatis.java:handleLeaderChangedNotification(733)) - Leader change notification received for group: group-63B5958B2554 with new leaderId: 5e677d00-17c4-46d7-af27-6ea1471f8275
2019-11-19 03:48:30,915 [grpc-default-executor-3] INFO  impl.RaftServerImpl (ServerState.java:setLeader(255)) - 9cc7b172-5690-4837-9e8b-954d40059b5c@group-63B5958B2554: change Leader from null to 5e677d00-17c4-46d7-af27-6ea1471f8275 at term 1 for appendEntries, leader elected after 5300ms
2019-11-19 03:48:30,918 [grpc-default-executor-3] INFO  impl.RaftServerImpl (ServerState.java:setRaftConf(356)) - 68ce684d-122b-4aed-8b9f-e4c378aa8e43@group-63B5958B2554: set configuration 0: [9cc7b172-5690-4837-9e8b-954d40059b5c:192.168.157.214:42035, 68ce684d-122b-4aed-8b9f-e4c378aa8e43:192.168.157.214:37339, 5e677d00-17c4-46d7-af27-6ea1471f8275:192.168.157.214:44732], old=null at 0
2019-11-19 03:48:30,919 [grpc-default-executor-3] INFO  segmented.SegmentedRaftLogWorker (SegmentedRaftLogWorker.java:startLogSegment(385)) - 68ce684d-122b-4aed-8b9f-e4c378aa8e43@group-63B5958B2554-SegmentedRaftLogWorker: Starting segment from index:0
2019-11-19 03:48:30,919 [grpc-default-executor-4] INFO  impl.RaftServerImpl (ServerState.java:setRaftConf(356)) - 9cc7b172-5690-4837-9e8b-954d40059b5c@group-63B5958B2554: set configuration 0: [9cc7b172-5690-4837-9e8b-954d40059b5c:192.168.157.214:42035, 68ce684d-122b-4aed-8b9f-e4c378aa8e43:192.168.157.214:37339, 5e677d00-17c4-46d7-af27-6ea1471f8275:192.168.157.214:44732], old=null at 0
2019-11-19 03:48:30,919 [grpc-default-executor-4] INFO  segmented.SegmentedRaftLogWorker (SegmentedRaftLogWorker.java:startLogSegment(385)) - 9cc7b172-5690-4837-9e8b-954d40059b5c@group-63B5958B2554-SegmentedRaftLogWorker: Starting segment from index:0
2019-11-19 03:48:30,933 [5e677d00-17c4-46d7-af27-6ea1471f8275@group-63B5958B2554-SegmentedRaftLogWorker] INFO  segmented.SegmentedRaftLogWorker (SegmentedRaftLogWorker.java:execute(576)) - 5e677d00-17c4-46d7-af27-6ea1471f8275@group-63B5958B2554-SegmentedRaftLogWorker: created new log segment /workdir/hadoop-ozone/tools/target/test-dir/MiniOzoneClusterImpl-416ee1e3-35e2-4142-88bf-bddadec884fc/datanode-0/data/ratis/b0169b40-3bc4-4767-a047-63b5958b2554/current/log_inprogress_0
2019-11-19 03:48:30,964 [68ce684d-122b-4aed-8b9f-e4c378aa8e43@group-63B5958B2554-SegmentedRaftLogWorker] INFO  segmented.SegmentedRaftLogWorker (SegmentedRaftLogWorker.java:execute(576)) - 68ce684d-122b-4aed-8b9f-e4c378aa8e43@group-63B5958B2554-SegmentedRaftLogWorker: created new log segment /workdir/hadoop-ozone/tools/target/test-dir/MiniOzoneClusterImpl-416ee1e3-35e2-4142-88bf-bddadec884fc/datanode-1/data/ratis/b0169b40-3bc4-4767-a047-63b5958b2554/current/log_inprogress_0
2019-11-19 03:48:30,964 [9cc7b172-5690-4837-9e8b-954d40059b5c@group-63B5958B2554-SegmentedRaftLogWorker] INFO  segmented.SegmentedRaftLogWorker (SegmentedRaftLogWorker.java:execute(576)) - 9cc7b172-5690-4837-9e8b-954d40059b5c@group-63B5958B2554-SegmentedRaftLogWorker: created new log segment /workdir/hadoop-ozone/tools/target/test-dir/MiniOzoneClusterImpl-416ee1e3-35e2-4142-88bf-bddadec884fc/datanode-2/data/ratis/b0169b40-3bc4-4767-a047-63b5958b2554/current/log_inprogress_0
]]></system-out>
    <system-err><![CDATA[ERROR StatusLogger No Log4j 2 configuration file found. Using default configuration (logging only errors to the console), or user programmatically provided configurations. Set system property 'log4j2.debug' to show Log4j 2 internal initialization logging. See https://logging.apache.org/log4j/2.x/manual/configuration.html for instructions on how to configure Log4j 2
]]></system-err>
  </testcase>
</testsuite>