<?xml version="1.0" encoding="UTF-8"?>
<testsuite xmlns:xsi="http://www.w3.org/2001/XMLSchema-instance" xsi:noNamespaceSchemaLocation="https://maven.apache.org/surefire/maven-surefire-plugin/xsd/surefire-test-report.xsd" name="org.apache.hadoop.ozone.client.rpc.TestDeleteWithSlowFollower" time="137.896" tests="1" errors="0" skipped="0" failures="1">
  <properties>
    <property name="awt.toolkit" value="sun.awt.X11.XToolkit"/>
    <property name="file.encoding.pkg" value="sun.io"/>
    <property name="java.specification.version" value="1.8"/>
    <property name="sun.cpu.isalist" value=""/>
    <property name="sun.jnu.encoding" value="ANSI_X3.4-1968"/>
    <property name="java.class.path" value="/workdir/hadoop-ozone/integration-test/target/test-classes:/workdir/hadoop-ozone/integration-test/target/classes:/home/user/.m2/repository/org/apache/hadoop/hadoop-ozone-common/0.5.0-SNAPSHOT/hadoop-ozone-common-0.5.0-SNAPSHOT.jar:/home/user/.m2/repository/org/apache/commons/commons-compress/1.4.1/commons-compress-1.4.1.jar:/home/user/.m2/repository/org/tukaani/xz/1.0/xz-1.0.jar:/home/user/.m2/repository/org/apache/hadoop/hadoop-common/3.2.0/hadoop-common-3.2.0.jar:/home/user/.m2/repository/org/apache/hadoop/hadoop-hdfs/3.2.0/hadoop-hdfs-3.2.0.jar:/home/user/.m2/repository/org/apache/hadoop/hadoop-hdfs-client/3.2.0/hadoop-hdfs-client-3.2.0.jar:/home/user/.m2/repository/com/fasterxml/jackson/core/jackson-annotations/2.9.9/jackson-annotations-2.9.9.jar:/home/user/.m2/repository/org/apache/hadoop/hadoop-hdds-common/0.5.0-SNAPSHOT/hadoop-hdds-common-0.5.0-SNAPSHOT.jar:/home/user/.m2/repository/javax/annotation/javax.annotation-api/1.2/javax.annotation-api-1.2.jar:/home/user/.m2/repository/org/apache/ratis/ratis-server/0.5.0-ced7dbf-SNAPSHOT/ratis-server-0.5.0-ced7dbf-SNAPSHOT.jar:/home/user/.m2/repository/org/apache/ratis/ratis-thirdparty-misc/0.2.0/ratis-thirdparty-misc-0.2.0.jar:/home/user/.m2/repository/org/apache/ratis/ratis-proto/0.5.0-ced7dbf-SNAPSHOT/ratis-proto-0.5.0-ced7dbf-SNAPSHOT.jar:/home/user/.m2/repository/org/apache/ratis/ratis-common/0.5.0-ced7dbf-SNAPSHOT/ratis-common-0.5.0-ced7dbf-SNAPSHOT.jar:/home/user/.m2/repository/org/apache/ratis/ratis-client/0.5.0-ced7dbf-SNAPSHOT/ratis-client-0.5.0-ced7dbf-SNAPSHOT.jar:/home/user/.m2/repository/org/apache/ratis/ratis-metrics/0.5.0-ced7dbf-SNAPSHOT/ratis-metrics-0.5.0-ced7dbf-SNAPSHOT.jar:/home/user/.m2/repository/org/apache/ratis/ratis-netty/0.5.0-ced7dbf-SNAPSHOT/ratis-netty-0.5.0-ced7dbf-SNAPSHOT.jar:/home/user/.m2/repository/org/apache/ratis/ratis-grpc/0.5.0-ced7dbf-SNAPSHOT/ratis-grpc-0.5.0-ced7dbf-SNAPSHOT.jar:/home/user/.m2/repository/org/rocksdb/rocksdbjni/6.0.1/rocksdbjni-6.0.1.jar:/home/user/.m2/repository/org/apache/logging/log4j/log4j-api/2.11.0/log4j-api-2.11.0.jar:/home/user/.m2/repository/org/apache/logging/log4j/log4j-core/2.11.0/log4j-core-2.11.0.jar:/home/user/.m2/repository/com/lmax/disruptor/3.4.2/disruptor-3.4.2.jar:/home/user/.m2/repository/org/apache/commons/commons-pool2/2.6.0/commons-pool2-2.6.0.jar:/home/user/.m2/repository/org/bouncycastle/bcpkix-jdk15on/1.60/bcpkix-jdk15on-1.60.jar:/home/user/.m2/repository/commons-validator/commons-validator/1.6/commons-validator-1.6.jar:/home/user/.m2/repository/commons-digester/commons-digester/1.8.1/commons-digester-1.8.1.jar:/home/user/.m2/repository/io/jaegertracing/jaeger-client/0.34.0/jaeger-client-0.34.0.jar:/home/user/.m2/repository/io/jaegertracing/jaeger-thrift/0.34.0/jaeger-thrift-0.34.0.jar:/home/user/.m2/repository/org/apache/thrift/libthrift/0.12.0/libthrift-0.12.0.jar:/home/user/.m2/repository/com/squareup/okhttp3/okhttp/3.9.0/okhttp-3.9.0.jar:/home/user/.m2/repository/com/squareup/okio/okio/1.13.0/okio-1.13.0.jar:/home/user/.m2/repository/io/jaegertracing/jaeger-core/0.34.0/jaeger-core-0.34.0.jar:/home/user/.m2/repository/io/jaegertracing/jaeger-tracerresolver/0.34.0/jaeger-tracerresolver-0.34.0.jar:/home/user/.m2/repository/io/opentracing/contrib/opentracing-tracerresolver/0.1.5/opentracing-tracerresolver-0.1.5.jar:/home/user/.m2/repository/io/opentracing/opentracing-util/0.31.0/opentracing-util-0.31.0.jar:/home/user/.m2/repository/io/opentracing/opentracing-api/0.31.0/opentracing-api-0.31.0.jar:/home/user/.m2/repository/io/opentracing/opentracing-noop/0.31.0/opentracing-noop-0.31.0.jar:/home/user/.m2/repository/org/apache/hadoop/hadoop-hdds-server-framework/0.5.0-SNAPSHOT/hadoop-hdds-server-framework-0.5.0-SNAPSHOT.jar:/home/user/.m2/repository/org/apache/hadoop/hadoop-hdds-container-service/0.5.0-SNAPSHOT/hadoop-hdds-container-service-0.5.0-SNAPSHOT.jar:/home/user/.m2/repository/org/apache/hadoop/hadoop-hdds-client/0.5.0-SNAPSHOT/hadoop-hdds-client-0.5.0-SNAPSHOT.jar:/home/user/.m2/repository/org/apache/hadoop/hadoop-hdds-tools/0.5.0-SNAPSHOT/hadoop-hdds-tools-0.5.0-SNAPSHOT.jar:/home/user/.m2/repository/org/apache/hadoop/hadoop-hdds-server-scm/0.5.0-SNAPSHOT/hadoop-hdds-server-scm-0.5.0-SNAPSHOT.jar:/home/user/.m2/repository/org/apache/hadoop/hadoop-hdds-docs/0.5.0-SNAPSHOT/hadoop-hdds-docs-0.5.0-SNAPSHOT.jar:/home/user/.m2/repository/io/dropwizard/metrics/metrics-core/3.2.4/metrics-core-3.2.4.jar:/home/user/.m2/repository/org/hamcrest/hamcrest-all/1.3/hamcrest-all-1.3.jar:/home/user/.m2/repository/org/bouncycastle/bcprov-jdk15on/1.60/bcprov-jdk15on-1.60.jar:/home/user/.m2/repository/info/picocli/picocli/3.9.6/picocli-3.9.6.jar:/home/user/.m2/repository/com/google/protobuf/protobuf-java/2.5.0/protobuf-java-2.5.0.jar:/home/user/.m2/repository/com/google/guava/guava/11.0.2/guava-11.0.2.jar:/home/user/.m2/repository/org/apache/hadoop/hadoop-ozone-ozone-manager/0.5.0-SNAPSHOT/hadoop-ozone-ozone-manager-0.5.0-SNAPSHOT.jar:/home/user/.m2/repository/org/apache/hadoop/hadoop-minikdc/3.2.0/hadoop-minikdc-3.2.0.jar:/home/user/.m2/repository/commons-io/commons-io/2.5/commons-io-2.5.jar:/home/user/.m2/repository/org/apache/kerby/kerb-simplekdc/1.0.1/kerb-simplekdc-1.0.1.jar:/home/user/.m2/repository/org/apache/kerby/kerb-client/1.0.1/kerb-client-1.0.1.jar:/home/user/.m2/repository/org/apache/kerby/kerby-config/1.0.1/kerby-config-1.0.1.jar:/home/user/.m2/repository/org/apache/kerby/kerb-core/1.0.1/kerb-core-1.0.1.jar:/home/user/.m2/repository/org/apache/kerby/kerby-pkix/1.0.1/kerby-pkix-1.0.1.jar:/home/user/.m2/repository/org/apache/kerby/kerby-asn1/1.0.1/kerby-asn1-1.0.1.jar:/home/user/.m2/repository/org/apache/kerby/kerby-util/1.0.1/kerby-util-1.0.1.jar:/home/user/.m2/repository/org/apache/kerby/kerb-common/1.0.1/kerb-common-1.0.1.jar:/home/user/.m2/repository/org/apache/kerby/kerb-crypto/1.0.1/kerb-crypto-1.0.1.jar:/home/user/.m2/repository/org/apache/kerby/kerb-util/1.0.1/kerb-util-1.0.1.jar:/home/user/.m2/repository/org/apache/kerby/token-provider/1.0.1/token-provider-1.0.1.jar:/home/user/.m2/repository/org/apache/kerby/kerb-admin/1.0.1/kerb-admin-1.0.1.jar:/home/user/.m2/repository/org/apache/kerby/kerb-server/1.0.1/kerb-server-1.0.1.jar:/home/user/.m2/repository/org/apache/kerby/kerb-identity/1.0.1/kerb-identity-1.0.1.jar:/home/user/.m2/repository/org/apache/kerby/kerby-xdr/1.0.1/kerby-xdr-1.0.1.jar:/home/user/.m2/repository/org/slf4j/slf4j-log4j12/1.7.25/slf4j-log4j12-1.7.25.jar:/home/user/.m2/repository/org/apache/hadoop/hadoop-ozone-s3gateway/0.5.0-SNAPSHOT/hadoop-ozone-s3gateway-0.5.0-SNAPSHOT.jar:/home/user/.m2/repository/org/jboss/weld/servlet/weld-servlet/2.4.7.Final/weld-servlet-2.4.7.Final.jar:/home/user/.m2/repository/org/glassfish/jersey/containers/jersey-container-servlet-core/2.27/jersey-container-servlet-core-2.27.jar:/home/user/.m2/repository/org/glassfish/hk2/external/javax.inject/2.5.0-b42/javax.inject-2.5.0-b42.jar:/home/user/.m2/repository/org/glassfish/jersey/core/jersey-common/2.27/jersey-common-2.27.jar:/home/user/.m2/repository/org/glassfish/hk2/osgi-resource-locator/1.0.1/osgi-resource-locator-1.0.1.jar:/home/user/.m2/repository/javax/ws/rs/javax.ws.rs-api/2.1/javax.ws.rs-api-2.1.jar:/home/user/.m2/repository/org/glassfish/jersey/ext/cdi/jersey-cdi1x/2.27/jersey-cdi1x-2.27.jar:/home/user/.m2/repository/org/glassfish/jersey/inject/jersey-hk2/2.27/jersey-hk2-2.27.jar:/home/user/.m2/repository/org/glassfish/hk2/hk2-locator/2.5.0-b42/hk2-locator-2.5.0-b42.jar:/home/user/.m2/repository/org/javassist/javassist/3.22.0-CR2/javassist-3.22.0-CR2.jar:/home/user/.m2/repository/org/glassfish/hk2/hk2-api/2.5.0/hk2-api-2.5.0.jar:/home/user/.m2/repository/org/glassfish/hk2/external/jakarta.inject/2.5.0/jakarta.inject-2.5.0.jar:/home/user/.m2/repository/org/glassfish/hk2/hk2-utils/2.5.0/hk2-utils-2.5.0.jar:/home/user/.m2/repository/jakarta/annotation/jakarta.annotation-api/1.3.4/jakarta.annotation-api-1.3.4.jar:/home/user/.m2/repository/org/glassfish/hk2/external/aopalliance-repackaged/2.5.0/aopalliance-repackaged-2.5.0.jar:/home/user/.m2/repository/com/fasterxml/jackson/dataformat/jackson-dataformat-xml/2.9.0/jackson-dataformat-xml-2.9.0.jar:/home/user/.m2/repository/com/fasterxml/jackson/core/jackson-core/2.9.9/jackson-core-2.9.9.jar:/home/user/.m2/repository/com/fasterxml/jackson/module/jackson-module-jaxb-annotations/2.9.9/jackson-module-jaxb-annotations-2.9.9.jar:/home/user/.m2/repository/javax/enterprise/cdi-api/1.2/cdi-api-1.2.jar:/home/user/.m2/repository/javax/el/javax.el-api/3.0.0/javax.el-api-3.0.0.jar:/home/user/.m2/repository/javax/interceptor/javax.interceptor-api/1.2/javax.interceptor-api-1.2.jar:/home/user/.m2/repository/javax/inject/javax.inject/1/javax.inject-1.jar:/home/user/.m2/repository/com/sun/xml/bind/jaxb-impl/2.3.0.1/jaxb-impl-2.3.0.1.jar:/home/user/.m2/repository/com/sun/xml/bind/jaxb-core/2.3.0.1/jaxb-core-2.3.0.1.jar:/home/user/.m2/repository/javax/xml/bind/jaxb-api/2.3.0/jaxb-api-2.3.0.jar:/home/user/.m2/repository/javax/activation/activation/1.1.1/activation-1.1.1.jar:/home/user/.m2/repository/org/apache/hadoop/hadoop-ozone-csi/0.5.0-SNAPSHOT/hadoop-ozone-csi-0.5.0-SNAPSHOT.jar:/home/user/.m2/repository/com/google/protobuf/protobuf-java-util/3.5.1/protobuf-java-util-3.5.1.jar:/home/user/.m2/repository/org/apache/hadoop/hadoop-hdds-config/0.5.0-SNAPSHOT/hadoop-hdds-config-0.5.0-SNAPSHOT.jar:/home/user/.m2/repository/io/grpc/grpc-netty/1.17.1/grpc-netty-1.17.1.jar:/home/user/.m2/repository/io/grpc/grpc-core/1.17.1/grpc-core-1.17.1.jar:/home/user/.m2/repository/io/grpc/grpc-context/1.17.1/grpc-context-1.17.1.jar:/home/user/.m2/repository/com/google/errorprone/error_prone_annotations/2.2.0/error_prone_annotations-2.2.0.jar:/home/user/.m2/repository/org/codehaus/mojo/animal-sniffer-annotations/1.17/animal-sniffer-annotations-1.17.jar:/home/user/.m2/repository/io/opencensus/opencensus-api/0.17.0/opencensus-api-0.17.0.jar:/home/user/.m2/repository/io/opencensus/opencensus-contrib-grpc-metrics/0.17.0/opencensus-contrib-grpc-metrics-0.17.0.jar:/home/user/.m2/repository/io/netty/netty-codec-http2/4.1.30.Final/netty-codec-http2-4.1.30.Final.jar:/home/user/.m2/repository/io/netty/netty-codec-http/4.1.30.Final/netty-codec-http-4.1.30.Final.jar:/home/user/.m2/repository/io/netty/netty-codec/4.1.30.Final/netty-codec-4.1.30.Final.jar:/home/user/.m2/repository/io/netty/netty-handler/4.1.30.Final/netty-handler-4.1.30.Final.jar:/home/user/.m2/repository/io/netty/netty-handler-proxy/4.1.30.Final/netty-handler-proxy-4.1.30.Final.jar:/home/user/.m2/repository/io/netty/netty-codec-socks/4.1.30.Final/netty-codec-socks-4.1.30.Final.jar:/home/user/.m2/repository/io/netty/netty-transport-native-epoll/4.1.30.Final/netty-transport-native-epoll-4.1.30.Final.jar:/home/user/.m2/repository/io/netty/netty-common/4.1.30.Final/netty-common-4.1.30.Final.jar:/home/user/.m2/repository/io/netty/netty-buffer/4.1.30.Final/netty-buffer-4.1.30.Final.jar:/home/user/.m2/repository/io/netty/netty-transport/4.1.30.Final/netty-transport-4.1.30.Final.jar:/home/user/.m2/repository/io/netty/netty-resolver/4.1.30.Final/netty-resolver-4.1.30.Final.jar:/home/user/.m2/repository/io/netty/netty-transport-native-unix-common/4.1.30.Final/netty-transport-native-unix-common-4.1.30.Final.jar:/home/user/.m2/repository/io/grpc/grpc-protobuf/1.17.1/grpc-protobuf-1.17.1.jar:/home/user/.m2/repository/com/google/api/grpc/proto-google-common-protos/1.0.0/proto-google-common-protos-1.0.0.jar:/home/user/.m2/repository/io/grpc/grpc-protobuf-lite/1.17.1/grpc-protobuf-lite-1.17.1.jar:/home/user/.m2/repository/io/grpc/grpc-stub/1.17.1/grpc-stub-1.17.1.jar:/home/user/.m2/repository/org/apache/hadoop/hadoop-ozone-recon/0.5.0-SNAPSHOT/hadoop-ozone-recon-0.5.0-SNAPSHOT.jar:/home/user/.m2/repository/org/apache/hadoop/hadoop-ozone-reconcodegen/0.5.0-SNAPSHOT/hadoop-ozone-reconcodegen-0.5.0-SNAPSHOT.jar:/home/user/.m2/repository/com/google/inject/extensions/guice-multibindings/4.0/guice-multibindings-4.0.jar:/home/user/.m2/repository/com/google/inject/guice/4.0/guice-4.0.jar:/home/user/.m2/repository/aopalliance/aopalliance/1.0/aopalliance-1.0.jar:/home/user/.m2/repository/com/google/inject/extensions/guice-servlet/4.0/guice-servlet-4.0.jar:/home/user/.m2/repository/org/glassfish/jersey/containers/jersey-container-servlet/2.27/jersey-container-servlet-2.27.jar:/home/user/.m2/repository/org/glassfish/hk2/guice-bridge/2.5.0/guice-bridge-2.5.0.jar:/home/user/.m2/repository/org/glassfish/jersey/core/jersey-server/2.27/jersey-server-2.27.jar:/home/user/.m2/repository/org/glassfish/jersey/core/jersey-client/2.27/jersey-client-2.27.jar:/home/user/.m2/repository/org/glassfish/jersey/media/jersey-media-jaxb/2.27/jersey-media-jaxb-2.27.jar:/home/user/.m2/repository/javax/validation/validation-api/1.1.0.Final/validation-api-1.1.0.Final.jar:/home/user/.m2/repository/org/glassfish/jersey/media/jersey-media-json-jackson/2.27/jersey-media-json-jackson-2.27.jar:/home/user/.m2/repository/org/glassfish/jersey/ext/jersey-entity-filtering/2.27/jersey-entity-filtering-2.27.jar:/home/user/.m2/repository/com/google/inject/extensions/guice-assistedinject/4.0/guice-assistedinject-4.0.jar:/home/user/.m2/repository/org/jooq/jooq/3.11.10/jooq-3.11.10.jar:/home/user/.m2/repository/org/jooq/jooq-meta/3.11.10/jooq-meta-3.11.10.jar:/home/user/.m2/repository/org/jooq/jooq-codegen/3.11.10/jooq-codegen-3.11.10.jar:/home/user/.m2/repository/com/jolbox/bonecp/0.8.0.RELEASE/bonecp-0.8.0.RELEASE.jar:/home/user/.m2/repository/org/xerial/sqlite-jdbc/3.25.2/sqlite-jdbc-3.25.2.jar:/home/user/.m2/repository/org/springframework/spring-jdbc/5.1.3.RELEASE/spring-jdbc-5.1.3.RELEASE.jar:/home/user/.m2/repository/org/springframework/spring-beans/5.1.3.RELEASE/spring-beans-5.1.3.RELEASE.jar:/home/user/.m2/repository/org/springframework/spring-core/5.1.3.RELEASE/spring-core-5.1.3.RELEASE.jar:/home/user/.m2/repository/org/springframework/spring-jcl/5.1.3.RELEASE/spring-jcl-5.1.3.RELEASE.jar:/home/user/.m2/repository/org/springframework/spring-tx/5.1.3.RELEASE/spring-tx-5.1.3.RELEASE.jar:/home/user/.m2/repository/org/apache/hadoop/hadoop-ozone-client/0.5.0-SNAPSHOT/hadoop-ozone-client-0.5.0-SNAPSHOT.jar:/home/user/.m2/repository/commons-lang/commons-lang/2.6/commons-lang-2.6.jar:/home/user/.m2/repository/org/apache/hadoop/hadoop-ozone-ozone-manager/0.5.0-SNAPSHOT/hadoop-ozone-ozone-manager-0.5.0-SNAPSHOT-tests.jar:/home/user/.m2/repository/junit/junit/4.11/junit-4.11.jar:/home/user/.m2/repository/org/hamcrest/hamcrest-core/1.3/hamcrest-core-1.3.jar:/home/user/.m2/repository/org/openjdk/jmh/jmh-core/1.19/jmh-core-1.19.jar:/home/user/.m2/repository/net/sf/jopt-simple/jopt-simple/4.6/jopt-simple-4.6.jar:/home/user/.m2/repository/org/apache/commons/commons-math3/3.1.1/commons-math3-3.1.1.jar:/home/user/.m2/repository/org/openjdk/jmh/jmh-generator-annprocess/1.19/jmh-generator-annprocess-1.19.jar:/home/user/.m2/repository/org/mockito/mockito-all/1.8.5/mockito-all-1.8.5.jar:/home/user/.m2/repository/org/apache/hadoop/hadoop-kms/3.2.0/hadoop-kms-3.2.0.jar:/home/user/.m2/repository/org/apache/hadoop/hadoop-auth/3.2.0/hadoop-auth-3.2.0.jar:/home/user/.m2/repository/com/nimbusds/nimbus-jose-jwt/4.41.1/nimbus-jose-jwt-4.41.1.jar:/home/user/.m2/repository/com/github/stephenc/jcip/jcip-annotations/1.0-1/jcip-annotations-1.0-1.jar:/home/user/.m2/repository/net/minidev/json-smart/2.3/json-smart-2.3.jar:/home/user/.m2/repository/net/minidev/accessors-smart/1.2/accessors-smart-1.2.jar:/home/user/.m2/repository/org/ow2/asm/asm/5.0.4/asm-5.0.4.jar:/home/user/.m2/repository/org/apache/curator/curator-framework/2.12.0/curator-framework-2.12.0.jar:/home/user/.m2/repository/com/sun/jersey/jersey-core/1.19/jersey-core-1.19.jar:/home/user/.m2/repository/javax/ws/rs/jsr311-api/1.1.1/jsr311-api-1.1.1.jar:/home/user/.m2/repository/com/sun/jersey/jersey-server/1.19/jersey-server-1.19.jar:/home/user/.m2/repository/javax/servlet/javax.servlet-api/3.1.0/javax.servlet-api-3.1.0.jar:/home/user/.m2/repository/org/eclipse/jetty/jetty-server/9.3.25.v20180904/jetty-server-9.3.25.v20180904.jar:/home/user/.m2/repository/org/eclipse/jetty/jetty-http/9.3.25.v20180904/jetty-http-9.3.25.v20180904.jar:/home/user/.m2/repository/org/eclipse/jetty/jetty-io/9.3.25.v20180904/jetty-io-9.3.25.v20180904.jar:/home/user/.m2/repository/org/eclipse/jetty/jetty-webapp/9.3.25.v20180904/jetty-webapp-9.3.25.v20180904.jar:/home/user/.m2/repository/org/eclipse/jetty/jetty-xml/9.3.25.v20180904/jetty-xml-9.3.25.v20180904.jar:/home/user/.m2/repository/log4j/log4j/1.2.17/log4j-1.2.17.jar:/home/user/.m2/repository/org/slf4j/slf4j-api/1.7.25/slf4j-api-1.7.25.jar:/home/user/.m2/repository/org/slf4j/jul-to-slf4j/1.7.25/jul-to-slf4j-1.7.25.jar:/home/user/.m2/repository/org/eclipse/jetty/jetty-util/9.3.25.v20180904/jetty-util-9.3.25.v20180904.jar:/home/user/.m2/repository/com/fasterxml/jackson/core/jackson-databind/2.9.9/jackson-databind-2.9.9.jar:/home/user/.m2/repository/org/apache/hadoop/hadoop-kms/3.2.0/hadoop-kms-3.2.0-tests.jar:/home/user/.m2/repository/org/apache/hadoop/hadoop-hdds-server-scm/0.5.0-SNAPSHOT/hadoop-hdds-server-scm-0.5.0-SNAPSHOT-tests.jar:/home/user/.m2/repository/org/apache/hadoop/hadoop-hdds-container-service/0.5.0-SNAPSHOT/hadoop-hdds-container-service-0.5.0-SNAPSHOT-tests.jar:/home/user/.m2/repository/org/yaml/snakeyaml/1.16/snakeyaml-1.16.jar:/home/user/.m2/repository/org/apache/hadoop/hadoop-common/3.2.0/hadoop-common-3.2.0-tests.jar:/home/user/.m2/repository/org/apache/hadoop/hadoop-annotations/3.2.0/hadoop-annotations-3.2.0.jar:/usr/lib/jvm/java-1.8.0-openjdk-1.8.0.222.b10-1.el7_7.x86_64/jre/../lib/tools.jar:/home/user/.m2/repository/commons-cli/commons-cli/1.2/commons-cli-1.2.jar:/home/user/.m2/repository/org/apache/httpcomponents/httpclient/4.5.2/httpclient-4.5.2.jar:/home/user/.m2/repository/org/apache/httpcomponents/httpcore/4.4.4/httpcore-4.4.4.jar:/home/user/.m2/repository/commons-codec/commons-codec/1.11/commons-codec-1.11.jar:/home/user/.m2/repository/commons-net/commons-net/3.6/commons-net-3.6.jar:/home/user/.m2/repository/commons-collections/commons-collections/3.2.2/commons-collections-3.2.2.jar:/home/user/.m2/repository/org/eclipse/jetty/jetty-servlet/9.3.25.v20180904/jetty-servlet-9.3.25.v20180904.jar:/home/user/.m2/repository/org/eclipse/jetty/jetty-security/9.3.25.v20180904/jetty-security-9.3.25.v20180904.jar:/home/user/.m2/repository/javax/servlet/jsp/jsp-api/2.1/jsp-api-2.1.jar:/home/user/.m2/repository/com/sun/jersey/jersey-servlet/1.19/jersey-servlet-1.19.jar:/home/user/.m2/repository/com/sun/jersey/jersey-json/1.19/jersey-json-1.19.jar:/home/user/.m2/repository/org/codehaus/jettison/jettison/1.1/jettison-1.1.jar:/home/user/.m2/repository/org/codehaus/jackson/jackson-core-asl/1.9.13/jackson-core-asl-1.9.13.jar:/home/user/.m2/repository/org/codehaus/jackson/jackson-mapper-asl/1.9.13/jackson-mapper-asl-1.9.13.jar:/home/user/.m2/repository/org/codehaus/jackson/jackson-jaxrs/1.9.13/jackson-jaxrs-1.9.13.jar:/home/user/.m2/repository/org/codehaus/jackson/jackson-xc/1.9.13/jackson-xc-1.9.13.jar:/home/user/.m2/repository/commons-logging/commons-logging/1.1.3/commons-logging-1.1.3.jar:/home/user/.m2/repository/commons-beanutils/commons-beanutils/1.9.4/commons-beanutils-1.9.4.jar:/home/user/.m2/repository/org/apache/commons/commons-configuration2/2.1.1/commons-configuration2-2.1.1.jar:/home/user/.m2/repository/org/apache/commons/commons-lang3/3.7/commons-lang3-3.7.jar:/home/user/.m2/repository/org/apache/commons/commons-text/1.4/commons-text-1.4.jar:/home/user/.m2/repository/org/apache/avro/avro/1.7.7/avro-1.7.7.jar:/home/user/.m2/repository/com/thoughtworks/paranamer/paranamer/2.3/paranamer-2.3.jar:/home/user/.m2/repository/org/xerial/snappy/snappy-java/1.0.5/snappy-java-1.0.5.jar:/home/user/.m2/repository/com/google/re2j/re2j/1.1/re2j-1.1.jar:/home/user/.m2/repository/com/google/code/gson/gson/2.2.4/gson-2.2.4.jar:/home/user/.m2/repository/com/jcraft/jsch/0.1.54/jsch-0.1.54.jar:/home/user/.m2/repository/org/apache/curator/curator-client/2.12.0/curator-client-2.12.0.jar:/home/user/.m2/repository/org/apache/curator/curator-recipes/2.12.0/curator-recipes-2.12.0.jar:/home/user/.m2/repository/com/google/code/findbugs/jsr305/3.0.0/jsr305-3.0.0.jar:/home/user/.m2/repository/org/apache/htrace/htrace-core4/4.1.0-incubating/htrace-core4-4.1.0-incubating.jar:/home/user/.m2/repository/org/apache/zookeeper/zookeeper/3.4.13/zookeeper-3.4.13.jar:/home/user/.m2/repository/jline/jline/0.9.94/jline-0.9.94.jar:/home/user/.m2/repository/org/apache/yetus/audience-annotations/0.5.0/audience-annotations-0.5.0.jar:/home/user/.m2/repository/org/codehaus/woodstox/stax2-api/3.1.4/stax2-api-3.1.4.jar:/home/user/.m2/repository/com/fasterxml/woodstox/woodstox-core/5.0.3/woodstox-core-5.0.3.jar:/home/user/.m2/repository/dnsjava/dnsjava/2.1.7/dnsjava-2.1.7.jar:/home/user/.m2/repository/org/apache/hadoop/hadoop-hdfs/3.2.0/hadoop-hdfs-3.2.0-tests.jar:/home/user/.m2/repository/org/eclipse/jetty/jetty-util-ajax/9.3.25.v20180904/jetty-util-ajax-9.3.25.v20180904.jar:/home/user/.m2/repository/commons-daemon/commons-daemon/1.0.13/commons-daemon-1.0.13.jar:/home/user/.m2/repository/io/netty/netty/3.10.5.Final/netty-3.10.5.Final.jar:/home/user/.m2/repository/io/netty/netty-all/4.0.52.Final/netty-all-4.0.52.Final.jar:/home/user/.m2/repository/org/fusesource/leveldbjni/leveldbjni-all/1.8/leveldbjni-all-1.8.jar:"/>
    <property name="java.vm.vendor" value="Oracle Corporation"/>
    <property name="sun.arch.data.model" value="64"/>
    <property name="test.build.dir" value="/workdir/hadoop-ozone/integration-test/target/test-dir"/>
    <property name="test.cache.data" value=""/>
    <property name="java.vendor.url" value="http://java.oracle.com/"/>
    <property name="user.timezone" value=""/>
    <property name="java.vm.specification.version" value="1.8"/>
    <property name="os.name" value="Linux"/>
    <property name="test.build.data" value="/workdir/hadoop-ozone/integration-test/target/test-dir"/>
    <property name="user.country" value="US"/>
    <property name="sun.java.launcher" value="SUN_STANDARD"/>
    <property name="sun.boot.library.path" value="/usr/lib/jvm/java-1.8.0-openjdk-1.8.0.222.b10-1.el7_7.x86_64/jre/lib/amd64"/>
    <property name="sun.java.command" value="/workdir/hadoop-ozone/integration-test/target/surefire/surefirebooter4723390857491100274.jar /workdir/hadoop-ozone/integration-test/target/surefire 2019-10-24T11-25-45_335-jvmRun1 surefire7400090803430339853tmp surefire_305062729979681885714tmp"/>
    <property name="surefire.test.class.path" value="/workdir/hadoop-ozone/integration-test/target/test-classes:/workdir/hadoop-ozone/integration-test/target/classes:/home/user/.m2/repository/org/apache/hadoop/hadoop-ozone-common/0.5.0-SNAPSHOT/hadoop-ozone-common-0.5.0-SNAPSHOT.jar:/home/user/.m2/repository/org/apache/commons/commons-compress/1.4.1/commons-compress-1.4.1.jar:/home/user/.m2/repository/org/tukaani/xz/1.0/xz-1.0.jar:/home/user/.m2/repository/org/apache/hadoop/hadoop-common/3.2.0/hadoop-common-3.2.0.jar:/home/user/.m2/repository/org/apache/hadoop/hadoop-hdfs/3.2.0/hadoop-hdfs-3.2.0.jar:/home/user/.m2/repository/org/apache/hadoop/hadoop-hdfs-client/3.2.0/hadoop-hdfs-client-3.2.0.jar:/home/user/.m2/repository/com/fasterxml/jackson/core/jackson-annotations/2.9.9/jackson-annotations-2.9.9.jar:/home/user/.m2/repository/org/apache/hadoop/hadoop-hdds-common/0.5.0-SNAPSHOT/hadoop-hdds-common-0.5.0-SNAPSHOT.jar:/home/user/.m2/repository/javax/annotation/javax.annotation-api/1.2/javax.annotation-api-1.2.jar:/home/user/.m2/repository/org/apache/ratis/ratis-server/0.5.0-ced7dbf-SNAPSHOT/ratis-server-0.5.0-ced7dbf-SNAPSHOT.jar:/home/user/.m2/repository/org/apache/ratis/ratis-thirdparty-misc/0.2.0/ratis-thirdparty-misc-0.2.0.jar:/home/user/.m2/repository/org/apache/ratis/ratis-proto/0.5.0-ced7dbf-SNAPSHOT/ratis-proto-0.5.0-ced7dbf-SNAPSHOT.jar:/home/user/.m2/repository/org/apache/ratis/ratis-common/0.5.0-ced7dbf-SNAPSHOT/ratis-common-0.5.0-ced7dbf-SNAPSHOT.jar:/home/user/.m2/repository/org/apache/ratis/ratis-client/0.5.0-ced7dbf-SNAPSHOT/ratis-client-0.5.0-ced7dbf-SNAPSHOT.jar:/home/user/.m2/repository/org/apache/ratis/ratis-metrics/0.5.0-ced7dbf-SNAPSHOT/ratis-metrics-0.5.0-ced7dbf-SNAPSHOT.jar:/home/user/.m2/repository/org/apache/ratis/ratis-netty/0.5.0-ced7dbf-SNAPSHOT/ratis-netty-0.5.0-ced7dbf-SNAPSHOT.jar:/home/user/.m2/repository/org/apache/ratis/ratis-grpc/0.5.0-ced7dbf-SNAPSHOT/ratis-grpc-0.5.0-ced7dbf-SNAPSHOT.jar:/home/user/.m2/repository/org/rocksdb/rocksdbjni/6.0.1/rocksdbjni-6.0.1.jar:/home/user/.m2/repository/org/apache/logging/log4j/log4j-api/2.11.0/log4j-api-2.11.0.jar:/home/user/.m2/repository/org/apache/logging/log4j/log4j-core/2.11.0/log4j-core-2.11.0.jar:/home/user/.m2/repository/com/lmax/disruptor/3.4.2/disruptor-3.4.2.jar:/home/user/.m2/repository/org/apache/commons/commons-pool2/2.6.0/commons-pool2-2.6.0.jar:/home/user/.m2/repository/org/bouncycastle/bcpkix-jdk15on/1.60/bcpkix-jdk15on-1.60.jar:/home/user/.m2/repository/commons-validator/commons-validator/1.6/commons-validator-1.6.jar:/home/user/.m2/repository/commons-digester/commons-digester/1.8.1/commons-digester-1.8.1.jar:/home/user/.m2/repository/io/jaegertracing/jaeger-client/0.34.0/jaeger-client-0.34.0.jar:/home/user/.m2/repository/io/jaegertracing/jaeger-thrift/0.34.0/jaeger-thrift-0.34.0.jar:/home/user/.m2/repository/org/apache/thrift/libthrift/0.12.0/libthrift-0.12.0.jar:/home/user/.m2/repository/com/squareup/okhttp3/okhttp/3.9.0/okhttp-3.9.0.jar:/home/user/.m2/repository/com/squareup/okio/okio/1.13.0/okio-1.13.0.jar:/home/user/.m2/repository/io/jaegertracing/jaeger-core/0.34.0/jaeger-core-0.34.0.jar:/home/user/.m2/repository/io/jaegertracing/jaeger-tracerresolver/0.34.0/jaeger-tracerresolver-0.34.0.jar:/home/user/.m2/repository/io/opentracing/contrib/opentracing-tracerresolver/0.1.5/opentracing-tracerresolver-0.1.5.jar:/home/user/.m2/repository/io/opentracing/opentracing-util/0.31.0/opentracing-util-0.31.0.jar:/home/user/.m2/repository/io/opentracing/opentracing-api/0.31.0/opentracing-api-0.31.0.jar:/home/user/.m2/repository/io/opentracing/opentracing-noop/0.31.0/opentracing-noop-0.31.0.jar:/home/user/.m2/repository/org/apache/hadoop/hadoop-hdds-server-framework/0.5.0-SNAPSHOT/hadoop-hdds-server-framework-0.5.0-SNAPSHOT.jar:/home/user/.m2/repository/org/apache/hadoop/hadoop-hdds-container-service/0.5.0-SNAPSHOT/hadoop-hdds-container-service-0.5.0-SNAPSHOT.jar:/home/user/.m2/repository/org/apache/hadoop/hadoop-hdds-client/0.5.0-SNAPSHOT/hadoop-hdds-client-0.5.0-SNAPSHOT.jar:/home/user/.m2/repository/org/apache/hadoop/hadoop-hdds-tools/0.5.0-SNAPSHOT/hadoop-hdds-tools-0.5.0-SNAPSHOT.jar:/home/user/.m2/repository/org/apache/hadoop/hadoop-hdds-server-scm/0.5.0-SNAPSHOT/hadoop-hdds-server-scm-0.5.0-SNAPSHOT.jar:/home/user/.m2/repository/org/apache/hadoop/hadoop-hdds-docs/0.5.0-SNAPSHOT/hadoop-hdds-docs-0.5.0-SNAPSHOT.jar:/home/user/.m2/repository/io/dropwizard/metrics/metrics-core/3.2.4/metrics-core-3.2.4.jar:/home/user/.m2/repository/org/hamcrest/hamcrest-all/1.3/hamcrest-all-1.3.jar:/home/user/.m2/repository/org/bouncycastle/bcprov-jdk15on/1.60/bcprov-jdk15on-1.60.jar:/home/user/.m2/repository/info/picocli/picocli/3.9.6/picocli-3.9.6.jar:/home/user/.m2/repository/com/google/protobuf/protobuf-java/2.5.0/protobuf-java-2.5.0.jar:/home/user/.m2/repository/com/google/guava/guava/11.0.2/guava-11.0.2.jar:/home/user/.m2/repository/org/apache/hadoop/hadoop-ozone-ozone-manager/0.5.0-SNAPSHOT/hadoop-ozone-ozone-manager-0.5.0-SNAPSHOT.jar:/home/user/.m2/repository/org/apache/hadoop/hadoop-minikdc/3.2.0/hadoop-minikdc-3.2.0.jar:/home/user/.m2/repository/commons-io/commons-io/2.5/commons-io-2.5.jar:/home/user/.m2/repository/org/apache/kerby/kerb-simplekdc/1.0.1/kerb-simplekdc-1.0.1.jar:/home/user/.m2/repository/org/apache/kerby/kerb-client/1.0.1/kerb-client-1.0.1.jar:/home/user/.m2/repository/org/apache/kerby/kerby-config/1.0.1/kerby-config-1.0.1.jar:/home/user/.m2/repository/org/apache/kerby/kerb-core/1.0.1/kerb-core-1.0.1.jar:/home/user/.m2/repository/org/apache/kerby/kerby-pkix/1.0.1/kerby-pkix-1.0.1.jar:/home/user/.m2/repository/org/apache/kerby/kerby-asn1/1.0.1/kerby-asn1-1.0.1.jar:/home/user/.m2/repository/org/apache/kerby/kerby-util/1.0.1/kerby-util-1.0.1.jar:/home/user/.m2/repository/org/apache/kerby/kerb-common/1.0.1/kerb-common-1.0.1.jar:/home/user/.m2/repository/org/apache/kerby/kerb-crypto/1.0.1/kerb-crypto-1.0.1.jar:/home/user/.m2/repository/org/apache/kerby/kerb-util/1.0.1/kerb-util-1.0.1.jar:/home/user/.m2/repository/org/apache/kerby/token-provider/1.0.1/token-provider-1.0.1.jar:/home/user/.m2/repository/org/apache/kerby/kerb-admin/1.0.1/kerb-admin-1.0.1.jar:/home/user/.m2/repository/org/apache/kerby/kerb-server/1.0.1/kerb-server-1.0.1.jar:/home/user/.m2/repository/org/apache/kerby/kerb-identity/1.0.1/kerb-identity-1.0.1.jar:/home/user/.m2/repository/org/apache/kerby/kerby-xdr/1.0.1/kerby-xdr-1.0.1.jar:/home/user/.m2/repository/org/slf4j/slf4j-log4j12/1.7.25/slf4j-log4j12-1.7.25.jar:/home/user/.m2/repository/org/apache/hadoop/hadoop-ozone-s3gateway/0.5.0-SNAPSHOT/hadoop-ozone-s3gateway-0.5.0-SNAPSHOT.jar:/home/user/.m2/repository/org/jboss/weld/servlet/weld-servlet/2.4.7.Final/weld-servlet-2.4.7.Final.jar:/home/user/.m2/repository/org/glassfish/jersey/containers/jersey-container-servlet-core/2.27/jersey-container-servlet-core-2.27.jar:/home/user/.m2/repository/org/glassfish/hk2/external/javax.inject/2.5.0-b42/javax.inject-2.5.0-b42.jar:/home/user/.m2/repository/org/glassfish/jersey/core/jersey-common/2.27/jersey-common-2.27.jar:/home/user/.m2/repository/org/glassfish/hk2/osgi-resource-locator/1.0.1/osgi-resource-locator-1.0.1.jar:/home/user/.m2/repository/javax/ws/rs/javax.ws.rs-api/2.1/javax.ws.rs-api-2.1.jar:/home/user/.m2/repository/org/glassfish/jersey/ext/cdi/jersey-cdi1x/2.27/jersey-cdi1x-2.27.jar:/home/user/.m2/repository/org/glassfish/jersey/inject/jersey-hk2/2.27/jersey-hk2-2.27.jar:/home/user/.m2/repository/org/glassfish/hk2/hk2-locator/2.5.0-b42/hk2-locator-2.5.0-b42.jar:/home/user/.m2/repository/org/javassist/javassist/3.22.0-CR2/javassist-3.22.0-CR2.jar:/home/user/.m2/repository/org/glassfish/hk2/hk2-api/2.5.0/hk2-api-2.5.0.jar:/home/user/.m2/repository/org/glassfish/hk2/external/jakarta.inject/2.5.0/jakarta.inject-2.5.0.jar:/home/user/.m2/repository/org/glassfish/hk2/hk2-utils/2.5.0/hk2-utils-2.5.0.jar:/home/user/.m2/repository/jakarta/annotation/jakarta.annotation-api/1.3.4/jakarta.annotation-api-1.3.4.jar:/home/user/.m2/repository/org/glassfish/hk2/external/aopalliance-repackaged/2.5.0/aopalliance-repackaged-2.5.0.jar:/home/user/.m2/repository/com/fasterxml/jackson/dataformat/jackson-dataformat-xml/2.9.0/jackson-dataformat-xml-2.9.0.jar:/home/user/.m2/repository/com/fasterxml/jackson/core/jackson-core/2.9.9/jackson-core-2.9.9.jar:/home/user/.m2/repository/com/fasterxml/jackson/module/jackson-module-jaxb-annotations/2.9.9/jackson-module-jaxb-annotations-2.9.9.jar:/home/user/.m2/repository/javax/enterprise/cdi-api/1.2/cdi-api-1.2.jar:/home/user/.m2/repository/javax/el/javax.el-api/3.0.0/javax.el-api-3.0.0.jar:/home/user/.m2/repository/javax/interceptor/javax.interceptor-api/1.2/javax.interceptor-api-1.2.jar:/home/user/.m2/repository/javax/inject/javax.inject/1/javax.inject-1.jar:/home/user/.m2/repository/com/sun/xml/bind/jaxb-impl/2.3.0.1/jaxb-impl-2.3.0.1.jar:/home/user/.m2/repository/com/sun/xml/bind/jaxb-core/2.3.0.1/jaxb-core-2.3.0.1.jar:/home/user/.m2/repository/javax/xml/bind/jaxb-api/2.3.0/jaxb-api-2.3.0.jar:/home/user/.m2/repository/javax/activation/activation/1.1.1/activation-1.1.1.jar:/home/user/.m2/repository/org/apache/hadoop/hadoop-ozone-csi/0.5.0-SNAPSHOT/hadoop-ozone-csi-0.5.0-SNAPSHOT.jar:/home/user/.m2/repository/com/google/protobuf/protobuf-java-util/3.5.1/protobuf-java-util-3.5.1.jar:/home/user/.m2/repository/org/apache/hadoop/hadoop-hdds-config/0.5.0-SNAPSHOT/hadoop-hdds-config-0.5.0-SNAPSHOT.jar:/home/user/.m2/repository/io/grpc/grpc-netty/1.17.1/grpc-netty-1.17.1.jar:/home/user/.m2/repository/io/grpc/grpc-core/1.17.1/grpc-core-1.17.1.jar:/home/user/.m2/repository/io/grpc/grpc-context/1.17.1/grpc-context-1.17.1.jar:/home/user/.m2/repository/com/google/errorprone/error_prone_annotations/2.2.0/error_prone_annotations-2.2.0.jar:/home/user/.m2/repository/org/codehaus/mojo/animal-sniffer-annotations/1.17/animal-sniffer-annotations-1.17.jar:/home/user/.m2/repository/io/opencensus/opencensus-api/0.17.0/opencensus-api-0.17.0.jar:/home/user/.m2/repository/io/opencensus/opencensus-contrib-grpc-metrics/0.17.0/opencensus-contrib-grpc-metrics-0.17.0.jar:/home/user/.m2/repository/io/netty/netty-codec-http2/4.1.30.Final/netty-codec-http2-4.1.30.Final.jar:/home/user/.m2/repository/io/netty/netty-codec-http/4.1.30.Final/netty-codec-http-4.1.30.Final.jar:/home/user/.m2/repository/io/netty/netty-codec/4.1.30.Final/netty-codec-4.1.30.Final.jar:/home/user/.m2/repository/io/netty/netty-handler/4.1.30.Final/netty-handler-4.1.30.Final.jar:/home/user/.m2/repository/io/netty/netty-handler-proxy/4.1.30.Final/netty-handler-proxy-4.1.30.Final.jar:/home/user/.m2/repository/io/netty/netty-codec-socks/4.1.30.Final/netty-codec-socks-4.1.30.Final.jar:/home/user/.m2/repository/io/netty/netty-transport-native-epoll/4.1.30.Final/netty-transport-native-epoll-4.1.30.Final.jar:/home/user/.m2/repository/io/netty/netty-common/4.1.30.Final/netty-common-4.1.30.Final.jar:/home/user/.m2/repository/io/netty/netty-buffer/4.1.30.Final/netty-buffer-4.1.30.Final.jar:/home/user/.m2/repository/io/netty/netty-transport/4.1.30.Final/netty-transport-4.1.30.Final.jar:/home/user/.m2/repository/io/netty/netty-resolver/4.1.30.Final/netty-resolver-4.1.30.Final.jar:/home/user/.m2/repository/io/netty/netty-transport-native-unix-common/4.1.30.Final/netty-transport-native-unix-common-4.1.30.Final.jar:/home/user/.m2/repository/io/grpc/grpc-protobuf/1.17.1/grpc-protobuf-1.17.1.jar:/home/user/.m2/repository/com/google/api/grpc/proto-google-common-protos/1.0.0/proto-google-common-protos-1.0.0.jar:/home/user/.m2/repository/io/grpc/grpc-protobuf-lite/1.17.1/grpc-protobuf-lite-1.17.1.jar:/home/user/.m2/repository/io/grpc/grpc-stub/1.17.1/grpc-stub-1.17.1.jar:/home/user/.m2/repository/org/apache/hadoop/hadoop-ozone-recon/0.5.0-SNAPSHOT/hadoop-ozone-recon-0.5.0-SNAPSHOT.jar:/home/user/.m2/repository/org/apache/hadoop/hadoop-ozone-reconcodegen/0.5.0-SNAPSHOT/hadoop-ozone-reconcodegen-0.5.0-SNAPSHOT.jar:/home/user/.m2/repository/com/google/inject/extensions/guice-multibindings/4.0/guice-multibindings-4.0.jar:/home/user/.m2/repository/com/google/inject/guice/4.0/guice-4.0.jar:/home/user/.m2/repository/aopalliance/aopalliance/1.0/aopalliance-1.0.jar:/home/user/.m2/repository/com/google/inject/extensions/guice-servlet/4.0/guice-servlet-4.0.jar:/home/user/.m2/repository/org/glassfish/jersey/containers/jersey-container-servlet/2.27/jersey-container-servlet-2.27.jar:/home/user/.m2/repository/org/glassfish/hk2/guice-bridge/2.5.0/guice-bridge-2.5.0.jar:/home/user/.m2/repository/org/glassfish/jersey/core/jersey-server/2.27/jersey-server-2.27.jar:/home/user/.m2/repository/org/glassfish/jersey/core/jersey-client/2.27/jersey-client-2.27.jar:/home/user/.m2/repository/org/glassfish/jersey/media/jersey-media-jaxb/2.27/jersey-media-jaxb-2.27.jar:/home/user/.m2/repository/javax/validation/validation-api/1.1.0.Final/validation-api-1.1.0.Final.jar:/home/user/.m2/repository/org/glassfish/jersey/media/jersey-media-json-jackson/2.27/jersey-media-json-jackson-2.27.jar:/home/user/.m2/repository/org/glassfish/jersey/ext/jersey-entity-filtering/2.27/jersey-entity-filtering-2.27.jar:/home/user/.m2/repository/com/google/inject/extensions/guice-assistedinject/4.0/guice-assistedinject-4.0.jar:/home/user/.m2/repository/org/jooq/jooq/3.11.10/jooq-3.11.10.jar:/home/user/.m2/repository/org/jooq/jooq-meta/3.11.10/jooq-meta-3.11.10.jar:/home/user/.m2/repository/org/jooq/jooq-codegen/3.11.10/jooq-codegen-3.11.10.jar:/home/user/.m2/repository/com/jolbox/bonecp/0.8.0.RELEASE/bonecp-0.8.0.RELEASE.jar:/home/user/.m2/repository/org/xerial/sqlite-jdbc/3.25.2/sqlite-jdbc-3.25.2.jar:/home/user/.m2/repository/org/springframework/spring-jdbc/5.1.3.RELEASE/spring-jdbc-5.1.3.RELEASE.jar:/home/user/.m2/repository/org/springframework/spring-beans/5.1.3.RELEASE/spring-beans-5.1.3.RELEASE.jar:/home/user/.m2/repository/org/springframework/spring-core/5.1.3.RELEASE/spring-core-5.1.3.RELEASE.jar:/home/user/.m2/repository/org/springframework/spring-jcl/5.1.3.RELEASE/spring-jcl-5.1.3.RELEASE.jar:/home/user/.m2/repository/org/springframework/spring-tx/5.1.3.RELEASE/spring-tx-5.1.3.RELEASE.jar:/home/user/.m2/repository/org/apache/hadoop/hadoop-ozone-client/0.5.0-SNAPSHOT/hadoop-ozone-client-0.5.0-SNAPSHOT.jar:/home/user/.m2/repository/commons-lang/commons-lang/2.6/commons-lang-2.6.jar:/home/user/.m2/repository/org/apache/hadoop/hadoop-ozone-ozone-manager/0.5.0-SNAPSHOT/hadoop-ozone-ozone-manager-0.5.0-SNAPSHOT-tests.jar:/home/user/.m2/repository/junit/junit/4.11/junit-4.11.jar:/home/user/.m2/repository/org/hamcrest/hamcrest-core/1.3/hamcrest-core-1.3.jar:/home/user/.m2/repository/org/openjdk/jmh/jmh-core/1.19/jmh-core-1.19.jar:/home/user/.m2/repository/net/sf/jopt-simple/jopt-simple/4.6/jopt-simple-4.6.jar:/home/user/.m2/repository/org/apache/commons/commons-math3/3.1.1/commons-math3-3.1.1.jar:/home/user/.m2/repository/org/openjdk/jmh/jmh-generator-annprocess/1.19/jmh-generator-annprocess-1.19.jar:/home/user/.m2/repository/org/mockito/mockito-all/1.8.5/mockito-all-1.8.5.jar:/home/user/.m2/repository/org/apache/hadoop/hadoop-kms/3.2.0/hadoop-kms-3.2.0.jar:/home/user/.m2/repository/org/apache/hadoop/hadoop-auth/3.2.0/hadoop-auth-3.2.0.jar:/home/user/.m2/repository/com/nimbusds/nimbus-jose-jwt/4.41.1/nimbus-jose-jwt-4.41.1.jar:/home/user/.m2/repository/com/github/stephenc/jcip/jcip-annotations/1.0-1/jcip-annotations-1.0-1.jar:/home/user/.m2/repository/net/minidev/json-smart/2.3/json-smart-2.3.jar:/home/user/.m2/repository/net/minidev/accessors-smart/1.2/accessors-smart-1.2.jar:/home/user/.m2/repository/org/ow2/asm/asm/5.0.4/asm-5.0.4.jar:/home/user/.m2/repository/org/apache/curator/curator-framework/2.12.0/curator-framework-2.12.0.jar:/home/user/.m2/repository/com/sun/jersey/jersey-core/1.19/jersey-core-1.19.jar:/home/user/.m2/repository/javax/ws/rs/jsr311-api/1.1.1/jsr311-api-1.1.1.jar:/home/user/.m2/repository/com/sun/jersey/jersey-server/1.19/jersey-server-1.19.jar:/home/user/.m2/repository/javax/servlet/javax.servlet-api/3.1.0/javax.servlet-api-3.1.0.jar:/home/user/.m2/repository/org/eclipse/jetty/jetty-server/9.3.25.v20180904/jetty-server-9.3.25.v20180904.jar:/home/user/.m2/repository/org/eclipse/jetty/jetty-http/9.3.25.v20180904/jetty-http-9.3.25.v20180904.jar:/home/user/.m2/repository/org/eclipse/jetty/jetty-io/9.3.25.v20180904/jetty-io-9.3.25.v20180904.jar:/home/user/.m2/repository/org/eclipse/jetty/jetty-webapp/9.3.25.v20180904/jetty-webapp-9.3.25.v20180904.jar:/home/user/.m2/repository/org/eclipse/jetty/jetty-xml/9.3.25.v20180904/jetty-xml-9.3.25.v20180904.jar:/home/user/.m2/repository/log4j/log4j/1.2.17/log4j-1.2.17.jar:/home/user/.m2/repository/org/slf4j/slf4j-api/1.7.25/slf4j-api-1.7.25.jar:/home/user/.m2/repository/org/slf4j/jul-to-slf4j/1.7.25/jul-to-slf4j-1.7.25.jar:/home/user/.m2/repository/org/eclipse/jetty/jetty-util/9.3.25.v20180904/jetty-util-9.3.25.v20180904.jar:/home/user/.m2/repository/com/fasterxml/jackson/core/jackson-databind/2.9.9/jackson-databind-2.9.9.jar:/home/user/.m2/repository/org/apache/hadoop/hadoop-kms/3.2.0/hadoop-kms-3.2.0-tests.jar:/home/user/.m2/repository/org/apache/hadoop/hadoop-hdds-server-scm/0.5.0-SNAPSHOT/hadoop-hdds-server-scm-0.5.0-SNAPSHOT-tests.jar:/home/user/.m2/repository/org/apache/hadoop/hadoop-hdds-container-service/0.5.0-SNAPSHOT/hadoop-hdds-container-service-0.5.0-SNAPSHOT-tests.jar:/home/user/.m2/repository/org/yaml/snakeyaml/1.16/snakeyaml-1.16.jar:/home/user/.m2/repository/org/apache/hadoop/hadoop-common/3.2.0/hadoop-common-3.2.0-tests.jar:/home/user/.m2/repository/org/apache/hadoop/hadoop-annotations/3.2.0/hadoop-annotations-3.2.0.jar:/usr/lib/jvm/java-1.8.0-openjdk-1.8.0.222.b10-1.el7_7.x86_64/jre/../lib/tools.jar:/home/user/.m2/repository/commons-cli/commons-cli/1.2/commons-cli-1.2.jar:/home/user/.m2/repository/org/apache/httpcomponents/httpclient/4.5.2/httpclient-4.5.2.jar:/home/user/.m2/repository/org/apache/httpcomponents/httpcore/4.4.4/httpcore-4.4.4.jar:/home/user/.m2/repository/commons-codec/commons-codec/1.11/commons-codec-1.11.jar:/home/user/.m2/repository/commons-net/commons-net/3.6/commons-net-3.6.jar:/home/user/.m2/repository/commons-collections/commons-collections/3.2.2/commons-collections-3.2.2.jar:/home/user/.m2/repository/org/eclipse/jetty/jetty-servlet/9.3.25.v20180904/jetty-servlet-9.3.25.v20180904.jar:/home/user/.m2/repository/org/eclipse/jetty/jetty-security/9.3.25.v20180904/jetty-security-9.3.25.v20180904.jar:/home/user/.m2/repository/javax/servlet/jsp/jsp-api/2.1/jsp-api-2.1.jar:/home/user/.m2/repository/com/sun/jersey/jersey-servlet/1.19/jersey-servlet-1.19.jar:/home/user/.m2/repository/com/sun/jersey/jersey-json/1.19/jersey-json-1.19.jar:/home/user/.m2/repository/org/codehaus/jettison/jettison/1.1/jettison-1.1.jar:/home/user/.m2/repository/org/codehaus/jackson/jackson-core-asl/1.9.13/jackson-core-asl-1.9.13.jar:/home/user/.m2/repository/org/codehaus/jackson/jackson-mapper-asl/1.9.13/jackson-mapper-asl-1.9.13.jar:/home/user/.m2/repository/org/codehaus/jackson/jackson-jaxrs/1.9.13/jackson-jaxrs-1.9.13.jar:/home/user/.m2/repository/org/codehaus/jackson/jackson-xc/1.9.13/jackson-xc-1.9.13.jar:/home/user/.m2/repository/commons-logging/commons-logging/1.1.3/commons-logging-1.1.3.jar:/home/user/.m2/repository/commons-beanutils/commons-beanutils/1.9.4/commons-beanutils-1.9.4.jar:/home/user/.m2/repository/org/apache/commons/commons-configuration2/2.1.1/commons-configuration2-2.1.1.jar:/home/user/.m2/repository/org/apache/commons/commons-lang3/3.7/commons-lang3-3.7.jar:/home/user/.m2/repository/org/apache/commons/commons-text/1.4/commons-text-1.4.jar:/home/user/.m2/repository/org/apache/avro/avro/1.7.7/avro-1.7.7.jar:/home/user/.m2/repository/com/thoughtworks/paranamer/paranamer/2.3/paranamer-2.3.jar:/home/user/.m2/repository/org/xerial/snappy/snappy-java/1.0.5/snappy-java-1.0.5.jar:/home/user/.m2/repository/com/google/re2j/re2j/1.1/re2j-1.1.jar:/home/user/.m2/repository/com/google/code/gson/gson/2.2.4/gson-2.2.4.jar:/home/user/.m2/repository/com/jcraft/jsch/0.1.54/jsch-0.1.54.jar:/home/user/.m2/repository/org/apache/curator/curator-client/2.12.0/curator-client-2.12.0.jar:/home/user/.m2/repository/org/apache/curator/curator-recipes/2.12.0/curator-recipes-2.12.0.jar:/home/user/.m2/repository/com/google/code/findbugs/jsr305/3.0.0/jsr305-3.0.0.jar:/home/user/.m2/repository/org/apache/htrace/htrace-core4/4.1.0-incubating/htrace-core4-4.1.0-incubating.jar:/home/user/.m2/repository/org/apache/zookeeper/zookeeper/3.4.13/zookeeper-3.4.13.jar:/home/user/.m2/repository/jline/jline/0.9.94/jline-0.9.94.jar:/home/user/.m2/repository/org/apache/yetus/audience-annotations/0.5.0/audience-annotations-0.5.0.jar:/home/user/.m2/repository/org/codehaus/woodstox/stax2-api/3.1.4/stax2-api-3.1.4.jar:/home/user/.m2/repository/com/fasterxml/woodstox/woodstox-core/5.0.3/woodstox-core-5.0.3.jar:/home/user/.m2/repository/dnsjava/dnsjava/2.1.7/dnsjava-2.1.7.jar:/home/user/.m2/repository/org/apache/hadoop/hadoop-hdfs/3.2.0/hadoop-hdfs-3.2.0-tests.jar:/home/user/.m2/repository/org/eclipse/jetty/jetty-util-ajax/9.3.25.v20180904/jetty-util-ajax-9.3.25.v20180904.jar:/home/user/.m2/repository/commons-daemon/commons-daemon/1.0.13/commons-daemon-1.0.13.jar:/home/user/.m2/repository/io/netty/netty/3.10.5.Final/netty-3.10.5.Final.jar:/home/user/.m2/repository/io/netty/netty-all/4.0.52.Final/netty-all-4.0.52.Final.jar:/home/user/.m2/repository/org/fusesource/leveldbjni/leveldbjni-all/1.8/leveldbjni-all-1.8.jar:"/>
    <property name="sun.cpu.endian" value="little"/>
    <property name="user.home" value="/home/user"/>
    <property name="user.language" value="en"/>
    <property name="java.specification.vendor" value="Oracle Corporation"/>
    <property name="java.home" value="/usr/lib/jvm/java-1.8.0-openjdk-1.8.0.222.b10-1.el7_7.x86_64/jre"/>
    <property name="surefire.excludesFile" value="/tools/ozone-bad-unit-tests"/>
    <property name="java.security.krb5.conf" value="/workdir/hadoop-ozone/integration-test/target/test-classes/krb5.conf"/>
    <property name="basedir" value="/workdir/hadoop-ozone/integration-test"/>
    <property name="file.separator" value="/"/>
    <property name="line.separator" value="&#10;"/>
    <property name="java.vm.specification.vendor" value="Oracle Corporation"/>
    <property name="java.specification.name" value="Java Platform API Specification"/>
    <property name="java.awt.graphicsenv" value="sun.awt.X11GraphicsEnvironment"/>
    <property name="surefire.real.class.path" value="/workdir/hadoop-ozone/integration-test/target/surefire/surefirebooter4723390857491100274.jar"/>
    <property name="hadoop.log.dir" value="/workdir/hadoop-ozone/integration-test/target/log"/>
    <property name="sun.boot.class.path" value="/usr/lib/jvm/java-1.8.0-openjdk-1.8.0.222.b10-1.el7_7.x86_64/jre/lib/resources.jar:/usr/lib/jvm/java-1.8.0-openjdk-1.8.0.222.b10-1.el7_7.x86_64/jre/lib/rt.jar:/usr/lib/jvm/java-1.8.0-openjdk-1.8.0.222.b10-1.el7_7.x86_64/jre/lib/sunrsasign.jar:/usr/lib/jvm/java-1.8.0-openjdk-1.8.0.222.b10-1.el7_7.x86_64/jre/lib/jsse.jar:/usr/lib/jvm/java-1.8.0-openjdk-1.8.0.222.b10-1.el7_7.x86_64/jre/lib/jce.jar:/usr/lib/jvm/java-1.8.0-openjdk-1.8.0.222.b10-1.el7_7.x86_64/jre/lib/charsets.jar:/usr/lib/jvm/java-1.8.0-openjdk-1.8.0.222.b10-1.el7_7.x86_64/jre/lib/jfr.jar:/usr/lib/jvm/java-1.8.0-openjdk-1.8.0.222.b10-1.el7_7.x86_64/jre/classes"/>
    <property name="sun.management.compiler" value="HotSpot 64-Bit Tiered Compilers"/>
    <property name="java.runtime.version" value="1.8.0_222-b10"/>
    <property name="java.net.preferIPv4Stack" value="true"/>
    <property name="user.name" value="jenkins1000"/>
    <property name="path.separator" value=":"/>
    <property name="java.security.egd" value="file:///dev/urandom"/>
    <property name="os.version" value="3.10.0-957.12.2.el7.x86_64"/>
    <property name="java.endorsed.dirs" value="/usr/lib/jvm/java-1.8.0-openjdk-1.8.0.222.b10-1.el7_7.x86_64/jre/lib/endorsed"/>
    <property name="java.runtime.name" value="OpenJDK Runtime Environment"/>
    <property name="file.encoding" value="ANSI_X3.4-1968"/>
    <property name="java.vm.name" value="OpenJDK 64-Bit Server VM"/>
    <property name="test.build.webapps" value=""/>
    <property name="localRepository" value="/home/user/.m2/repository"/>
    <property name="java.vendor.url.bug" value="http://bugreport.sun.com/bugreport/"/>
    <property name="java.io.tmpdir" value="/tmp"/>
    <property name="require.test.libhadoop" value=""/>
    <property name="java.version" value="1.8.0_222"/>
    <property name="user.dir" value="/workdir/hadoop-ozone/integration-test"/>
    <property name="os.arch" value="amd64"/>
    <property name="java.vm.specification.name" value="Java Virtual Machine Specification"/>
    <property name="test.build.classes" value="/workdir/hadoop-ozone/integration-test/target/test-classes"/>
    <property name="java.awt.printerjob" value="sun.print.PSPrinterJob"/>
    <property name="sun.os.patch.level" value="unknown"/>
    <property name="hadoop.tmp.dir" value="/workdir/hadoop-ozone/integration-test/target/tmp"/>
    <property name="java.library.path" value="/usr/lib:/workdir/hadoop-ozone/integration-test/target/native/target/usr/local/lib:/workdir/hadoop-ozone/integration-test/../../hadoop-common-project/hadoop-common/target/native/target/usr/local/lib:/usr/java/packages/lib/amd64:/usr/lib64:/lib64:/lib:/usr/lib"/>
    <property name="java.vm.info" value="mixed mode"/>
    <property name="java.vendor" value="Oracle Corporation"/>
    <property name="java.vm.version" value="25.222-b10"/>
    <property name="java.ext.dirs" value="/usr/lib/jvm/java-1.8.0-openjdk-1.8.0.222.b10-1.el7_7.x86_64/jre/lib/ext:/usr/java/packages/lib/ext"/>
    <property name="sun.io.unicode.encoding" value="UnicodeLittle"/>
    <property name="java.class.version" value="52.0"/>
  </properties>
  <testcase name="testDeleteKeyWithSlowFollower" classname="org.apache.hadoop.ozone.client.rpc.TestDeleteWithSlowFollower" time="117.194">
    <failure type="java.lang.AssertionError">java.lang.AssertionError
	at org.junit.Assert.fail(Assert.java:86)
	at org.junit.Assert.assertTrue(Assert.java:41)
	at org.junit.Assert.assertTrue(Assert.java:52)
	at org.apache.hadoop.ozone.client.rpc.TestDeleteWithSlowFollower.testDeleteKeyWithSlowFollower(TestDeleteWithSlowFollower.java:265)
	at sun.reflect.NativeMethodAccessorImpl.invoke0(Native Method)
	at sun.reflect.NativeMethodAccessorImpl.invoke(NativeMethodAccessorImpl.java:62)
	at sun.reflect.DelegatingMethodAccessorImpl.invoke(DelegatingMethodAccessorImpl.java:43)
	at java.lang.reflect.Method.invoke(Method.java:498)
	at org.junit.runners.model.FrameworkMethod$1.runReflectiveCall(FrameworkMethod.java:47)
	at org.junit.internal.runners.model.ReflectiveCallable.run(ReflectiveCallable.java:12)
	at org.junit.runners.model.FrameworkMethod.invokeExplosively(FrameworkMethod.java:44)
	at org.junit.internal.runners.statements.InvokeMethod.evaluate(InvokeMethod.java:17)
	at org.junit.runners.ParentRunner.runLeaf(ParentRunner.java:271)
	at org.junit.runners.BlockJUnit4ClassRunner.runChild(BlockJUnit4ClassRunner.java:70)
	at org.junit.runners.BlockJUnit4ClassRunner.runChild(BlockJUnit4ClassRunner.java:50)
	at org.junit.runners.ParentRunner$3.run(ParentRunner.java:238)
	at org.junit.runners.ParentRunner$1.schedule(ParentRunner.java:63)
	at org.junit.runners.ParentRunner.runChildren(ParentRunner.java:236)
	at org.junit.runners.ParentRunner.access$000(ParentRunner.java:53)
	at org.junit.runners.ParentRunner$2.evaluate(ParentRunner.java:229)
	at org.junit.internal.runners.statements.RunBefores.evaluate(RunBefores.java:26)
	at org.junit.internal.runners.statements.RunAfters.evaluate(RunAfters.java:27)
	at org.junit.runners.ParentRunner.run(ParentRunner.java:309)
	at org.apache.maven.surefire.junit4.JUnit4Provider.execute(JUnit4Provider.java:365)
	at org.apache.maven.surefire.junit4.JUnit4Provider.executeWithRerun(JUnit4Provider.java:273)
	at org.apache.maven.surefire.junit4.JUnit4Provider.executeTestSet(JUnit4Provider.java:238)
	at org.apache.maven.surefire.junit4.JUnit4Provider.invoke(JUnit4Provider.java:159)
	at org.apache.maven.surefire.booter.ForkedBooter.invokeProviderInSameClassLoader(ForkedBooter.java:384)
	at org.apache.maven.surefire.booter.ForkedBooter.runSuitesInProcess(ForkedBooter.java:345)
	at org.apache.maven.surefire.booter.ForkedBooter.execute(ForkedBooter.java:126)
	at org.apache.maven.surefire.booter.ForkedBooter.main(ForkedBooter.java:418)
</failure>
    <system-out><![CDATA[2019-10-24 11:46:03,274 [main] WARN  server.ServerUtils (ServerUtils.java:getScmDbDir(145)) - ozone.scm.db.dirs is not configured. We recommend adding this setting. Falling back to ozone.metadata.dirs instead.
2019-10-24 11:46:03,421 [main] WARN  server.ServerUtils (ServerUtils.java:getScmDbDir(145)) - ozone.scm.db.dirs is not configured. We recommend adding this setting. Falling back to ozone.metadata.dirs instead.
2019-10-24 11:46:03,425 [main] WARN  server.ServerUtils (ServerUtils.java:getScmDbDir(145)) - ozone.scm.db.dirs is not configured. We recommend adding this setting. Falling back to ozone.metadata.dirs instead.
2019-10-24 11:46:03,453 [main] INFO  util.log (Log.java:initialized(192)) - Logging initialized @805ms
2019-10-24 11:46:03,542 [main] INFO  db.DBStoreBuilder (DBStoreBuilder.java:addTable(127)) - using custom profile for table: deletedBlocks
2019-10-24 11:46:03,542 [main] INFO  db.DBStoreBuilder (DBStoreBuilder.java:processTables(183)) - Using default column profile:DBProfile.DISK for Table:deletedBlocks
2019-10-24 11:46:03,543 [main] INFO  db.DBStoreBuilder (DBStoreBuilder.java:addTable(127)) - using custom profile for table: validCerts
2019-10-24 11:46:03,543 [main] INFO  db.DBStoreBuilder (DBStoreBuilder.java:processTables(183)) - Using default column profile:DBProfile.DISK for Table:validCerts
2019-10-24 11:46:03,543 [main] INFO  db.DBStoreBuilder (DBStoreBuilder.java:addTable(127)) - using custom profile for table: revokedCerts
2019-10-24 11:46:03,544 [main] INFO  db.DBStoreBuilder (DBStoreBuilder.java:processTables(183)) - Using default column profile:DBProfile.DISK for Table:revokedCerts
2019-10-24 11:46:03,554 [main] INFO  db.DBStoreBuilder (DBStoreBuilder.java:addTable(127)) - using custom profile for table: default
2019-10-24 11:46:03,554 [main] INFO  db.DBStoreBuilder (DBStoreBuilder.java:processTables(189)) - Using default column profile:DBProfile.DISK for Table:default
2019-10-24 11:46:03,556 [main] INFO  db.DBStoreBuilder (DBStoreBuilder.java:getDbProfile(220)) - Using default options. DBProfile.DISK
2019-10-24 11:46:03,803 [main] INFO  net.NodeSchemaLoader (NodeSchemaLoader.java:loadSchemaFromFile(125)) - Loading file from sun.misc.CompoundEnumeration@1bb5a082
2019-10-24 11:46:03,804 [main] INFO  net.NodeSchemaLoader (NodeSchemaLoader.java:loadSchema(171)) - Loading network topology layer schema file
2019-10-24 11:46:03,860 [main] WARN  server.ServerUtils (ServerUtils.java:sanitizeUserArgs(70)) - ozone.scm.stale.node.interval value = 1000000 is larger than max = 100000 based on the key value of ozone.scm.heartbeat.thread.interval, reset to the max value 100000.
2019-10-24 11:46:03,863 [main] WARN  server.ServerUtils (ServerUtils.java:sanitizeUserArgs(70)) - ozone.scm.stale.node.interval value = 1000000 is larger than max = 100000 based on the key value of ozone.scm.heartbeat.thread.interval, reset to the max value 100000.
2019-10-24 11:46:03,866 [main] INFO  node.SCMNodeManager (SCMNodeManager.java:<init>(116)) - Entering startup safe mode.
2019-10-24 11:46:03,928 [main] INFO  algorithms.ContainerPlacementPolicyFactory (ContainerPlacementPolicyFactory.java:getPolicy(57)) - Create container placement policy of type org.apache.hadoop.hdds.scm.container.placement.algorithms.SCMContainerPlacementRandom
2019-10-24 11:46:03,942 [main] WARN  server.ServerUtils (ServerUtils.java:getScmDbDir(145)) - ozone.scm.db.dirs is not configured. We recommend adding this setting. Falling back to ozone.metadata.dirs instead.
2019-10-24 11:46:03,999 [main] INFO  pipeline.SCMPipelineManager (SCMPipelineManager.java:initializePipelineState(132)) - No pipeline exists in current db
2019-10-24 11:46:04,001 [main] WARN  server.ServerUtils (ServerUtils.java:getScmDbDir(145)) - ozone.scm.db.dirs is not configured. We recommend adding this setting. Falling back to ozone.metadata.dirs instead.
2019-10-24 11:46:04,098 [main] WARN  events.EventQueue (EventQueue.java:fireEvent(183)) - No event handler registered for event TypedEvent{payloadType=SafeModeStatus, name='SafeModeStatus'}
2019-10-24 11:46:04,433 [main] INFO  ipc.CallQueueManager (CallQueueManager.java:<init>(84)) - Using callQueue: class java.util.concurrent.LinkedBlockingQueue, queueCapacity: 2000, scheduler: class org.apache.hadoop.ipc.DefaultRpcScheduler, ipcBackoff: false.
2019-10-24 11:46:04,545 [Socket Reader #1 for port 36424] INFO  ipc.Server (Server.java:run(1074)) - Starting Socket Reader #1 for port 36424
2019-10-24 11:46:04,592 [main] INFO  ipc.CallQueueManager (CallQueueManager.java:<init>(84)) - Using callQueue: class java.util.concurrent.LinkedBlockingQueue, queueCapacity: 2000, scheduler: class org.apache.hadoop.ipc.DefaultRpcScheduler, ipcBackoff: false.
2019-10-24 11:46:04,594 [Socket Reader #1 for port 44178] INFO  ipc.Server (Server.java:run(1074)) - Starting Socket Reader #1 for port 44178
2019-10-24 11:46:04,605 [main] INFO  ipc.CallQueueManager (CallQueueManager.java:<init>(84)) - Using callQueue: class java.util.concurrent.LinkedBlockingQueue, queueCapacity: 2000, scheduler: class org.apache.hadoop.ipc.DefaultRpcScheduler, ipcBackoff: false.
2019-10-24 11:46:04,606 [Socket Reader #1 for port 45366] INFO  ipc.Server (Server.java:run(1074)) - Starting Socket Reader #1 for port 45366
2019-10-24 11:46:04,634 [main] INFO  hdfs.DFSUtil (DFSUtil.java:httpServerTemplateForNNAndJN(1641)) - Starting Web-server for scm at: http://0.0.0.0:0
2019-10-24 11:46:04,805 [main] INFO  server.AuthenticationFilter (AuthenticationFilter.java:constructSecretProvider(240)) - Unable to initialize FileSignerSecretProvider, falling back to use random secrets.
2019-10-24 11:46:04,813 [main] WARN  http.HttpRequestLog (HttpRequestLog.java:getRequestLog(97)) - Jetty request log can only be enabled using Log4j
2019-10-24 11:46:04,820 [main] INFO  http.HttpServer2 (HttpServer2.java:addGlobalFilter(975)) - Added global filter 'safety' (class=org.apache.hadoop.http.HttpServer2$QuotingInputFilter)
2019-10-24 11:46:04,823 [main] INFO  http.HttpServer2 (HttpServer2.java:addFilter(948)) - Added filter static_user_filter (class=org.apache.hadoop.http.lib.StaticUserWebFilter$StaticUserFilter) to context scm
2019-10-24 11:46:04,823 [main] INFO  http.HttpServer2 (HttpServer2.java:addFilter(958)) - Added filter static_user_filter (class=org.apache.hadoop.http.lib.StaticUserWebFilter$StaticUserFilter) to context static
2019-10-24 11:46:04,823 [main] INFO  http.HttpServer2 (HttpServer2.java:addFilter(958)) - Added filter static_user_filter (class=org.apache.hadoop.http.lib.StaticUserWebFilter$StaticUserFilter) to context logs
2019-10-24 11:46:04,861 [main] INFO  server.StorageContainerManager (StorageContainerManager.java:start(772)) - StorageContainerLocationProtocol RPC server is listening at /0.0.0.0:45366
2019-10-24 11:46:04,947 [main] WARN  impl.MetricsConfig (MetricsConfig.java:loadFirst(134)) - Cannot locate configuration: tried hadoop-metrics2-storagecontainermanager.properties,hadoop-metrics2.properties
2019-10-24 11:46:04,963 [main] INFO  impl.MetricsSystemImpl (MetricsSystemImpl.java:startTimer(374)) - Scheduled Metric snapshot period at 10 second(s).
2019-10-24 11:46:04,963 [main] INFO  impl.MetricsSystemImpl (MetricsSystemImpl.java:start(191)) - StorageContainerManager metrics system started
2019-10-24 11:46:05,223 [main] INFO  server.SCMClientProtocolServer (SCMClientProtocolServer.java:start(159)) - RPC server for Client  is listening at /0.0.0.0:45366
2019-10-24 11:46:05,224 [IPC Server listener on 45366] INFO  ipc.Server (Server.java:run(1153)) - IPC Server listener on 45366: starting
2019-10-24 11:46:05,224 [IPC Server Responder] INFO  ipc.Server (Server.java:run(1314)) - IPC Server Responder: starting
2019-10-24 11:46:05,227 [main] INFO  server.StorageContainerManager (StorageContainerManager.java:start(782)) - ScmBlockLocationProtocol RPC server is listening at /0.0.0.0:44178
2019-10-24 11:46:05,228 [main] INFO  server.SCMBlockProtocolServer (SCMBlockProtocolServer.java:start(146)) - RPC server for Block Protocol is listening at /0.0.0.0:44178
2019-10-24 11:46:05,228 [IPC Server Responder] INFO  ipc.Server (Server.java:run(1314)) - IPC Server Responder: starting
2019-10-24 11:46:05,229 [IPC Server listener on 44178] INFO  ipc.Server (Server.java:run(1153)) - IPC Server listener on 44178: starting
2019-10-24 11:46:05,231 [main] INFO  server.StorageContainerManager (StorageContainerManager.java:start(786)) - ScmDatanodeProtocl RPC server is listening at /0.0.0.0:36424
2019-10-24 11:46:05,231 [main] INFO  server.SCMDatanodeProtocolServer (SCMDatanodeProtocolServer.java:start(169)) - RPC server for DataNodes is listening at /0.0.0.0:36424
2019-10-24 11:46:05,232 [IPC Server Responder] INFO  ipc.Server (Server.java:run(1314)) - IPC Server Responder: starting
2019-10-24 11:46:05,232 [IPC Server listener on 36424] INFO  ipc.Server (Server.java:run(1153)) - IPC Server listener on 36424: starting
2019-10-24 11:46:05,236 [main] INFO  http.HttpServer2 (HttpServer2.java:bindListener(1191)) - Jetty bound to port 46410
2019-10-24 11:46:05,238 [main] INFO  server.Server (Server.java:doStart(351)) - jetty-9.3.25.v20180904, build timestamp: 2018-09-04T21:11:46Z, git hash: 3ce520221d0240229c862b122d2b06c12a625732
2019-10-24 11:46:05,279 [main] INFO  handler.ContextHandler (ContextHandler.java:doStart(781)) - Started o.e.j.s.ServletContextHandler@78f5c518{/logs,file:///workdir/hadoop-ozone/integration-test/target/log,AVAILABLE}
2019-10-24 11:46:05,280 [main] INFO  handler.ContextHandler (ContextHandler.java:doStart(781)) - Started o.e.j.s.ServletContextHandler@34f7234e{/static,file:///workdir/hadoop-ozone/integration-test/target/test-classes/webapps/static,AVAILABLE}
2019-10-24 11:46:05,312 [main] INFO  handler.ContextHandler (ContextHandler.java:doStart(781)) - Started o.e.j.w.WebAppContext@6bc248ed{/,file:///workdir/hadoop-ozone/integration-test/target/test-classes/webapps/scm/,AVAILABLE}{/scm}
2019-10-24 11:46:05,317 [main] INFO  server.AbstractConnector (AbstractConnector.java:doStart(278)) - Started ServerConnector@73511076{HTTP/1.1,[http/1.1]}{0.0.0.0:46410}
2019-10-24 11:46:05,318 [main] INFO  server.Server (Server.java:doStart(419)) - Started @2670ms
2019-10-24 11:46:05,321 [main] INFO  impl.MetricsSinkAdapter (MetricsSinkAdapter.java:start(204)) - Sink prometheus started
2019-10-24 11:46:05,321 [main] INFO  impl.MetricsSystemImpl (MetricsSystemImpl.java:registerSink(301)) - Registered sink prometheus
2019-10-24 11:46:05,323 [main] INFO  server.BaseHttpServer (BaseHttpServer.java:updateConnectorAddress(215)) - HTTP server of SCM is listening at http://0.0.0.0:46410
2019-10-24 11:46:05,329 [org.apache.hadoop.util.JvmPauseMonitor$Monitor@10b892d5] INFO  util.JvmPauseMonitor (JvmPauseMonitor.java:run(188)) - Starting JVM pause monitor
2019-10-24 11:46:05,334 [main] WARN  server.ServerUtils (ServerUtils.java:getDBPath(222)) - ozone.om.db.dirs is not configured. We recommend adding this setting. Falling back to ozone.metadata.dirs instead.
2019-10-24 11:46:05,440 [main] INFO  ha.OMHANodeDetails (OMHANodeDetails.java:loadOMHAConfig(190)) - Configuration either no ozone.om.address set. Falling back to the default OM address /127.0.0.1:0
2019-10-24 11:46:05,440 [main] INFO  ha.OMHANodeDetails (OMHANodeDetails.java:getOMNodeDetails(220)) - OM Service ID is not set. Setting it to the default ID: omServiceIdDefault
2019-10-24 11:46:05,442 [main] WARN  server.ServerUtils (ServerUtils.java:getDBPath(222)) - ozone.om.db.dirs is not configured. We recommend adding this setting. Falling back to ozone.metadata.dirs instead.
2019-10-24 11:46:05,443 [main] WARN  server.ServerUtils (ServerUtils.java:getDBPath(222)) - ozone.om.db.dirs is not configured. We recommend adding this setting. Falling back to ozone.metadata.dirs instead.
2019-10-24 11:46:06,066 [main] WARN  server.ServerUtils (ServerUtils.java:getDBPath(222)) - ozone.om.db.dirs is not configured. We recommend adding this setting. Falling back to ozone.metadata.dirs instead.
2019-10-24 11:46:06,074 [main] INFO  db.DBStoreBuilder (DBStoreBuilder.java:addTable(127)) - using custom profile for table: userTable
2019-10-24 11:46:06,074 [main] INFO  db.DBStoreBuilder (DBStoreBuilder.java:processTables(183)) - Using default column profile:DBProfile.DISK for Table:userTable
2019-10-24 11:46:06,075 [main] INFO  db.DBStoreBuilder (DBStoreBuilder.java:addTable(127)) - using custom profile for table: volumeTable
2019-10-24 11:46:06,075 [main] INFO  db.DBStoreBuilder (DBStoreBuilder.java:processTables(183)) - Using default column profile:DBProfile.DISK for Table:volumeTable
2019-10-24 11:46:06,075 [main] INFO  db.DBStoreBuilder (DBStoreBuilder.java:addTable(127)) - using custom profile for table: bucketTable
2019-10-24 11:46:06,075 [main] INFO  db.DBStoreBuilder (DBStoreBuilder.java:processTables(183)) - Using default column profile:DBProfile.DISK for Table:bucketTable
2019-10-24 11:46:06,076 [main] INFO  db.DBStoreBuilder (DBStoreBuilder.java:addTable(127)) - using custom profile for table: keyTable
2019-10-24 11:46:06,076 [main] INFO  db.DBStoreBuilder (DBStoreBuilder.java:processTables(183)) - Using default column profile:DBProfile.DISK for Table:keyTable
2019-10-24 11:46:06,076 [main] INFO  db.DBStoreBuilder (DBStoreBuilder.java:addTable(127)) - using custom profile for table: deletedTable
2019-10-24 11:46:06,076 [main] INFO  db.DBStoreBuilder (DBStoreBuilder.java:processTables(183)) - Using default column profile:DBProfile.DISK for Table:deletedTable
2019-10-24 11:46:06,077 [main] INFO  db.DBStoreBuilder (DBStoreBuilder.java:addTable(127)) - using custom profile for table: openKeyTable
2019-10-24 11:46:06,077 [main] INFO  db.DBStoreBuilder (DBStoreBuilder.java:processTables(183)) - Using default column profile:DBProfile.DISK for Table:openKeyTable
2019-10-24 11:46:06,077 [main] INFO  db.DBStoreBuilder (DBStoreBuilder.java:addTable(127)) - using custom profile for table: s3Table
2019-10-24 11:46:06,077 [main] INFO  db.DBStoreBuilder (DBStoreBuilder.java:processTables(183)) - Using default column profile:DBProfile.DISK for Table:s3Table
2019-10-24 11:46:06,078 [main] INFO  db.DBStoreBuilder (DBStoreBuilder.java:addTable(127)) - using custom profile for table: multipartInfoTable
2019-10-24 11:46:06,078 [main] INFO  db.DBStoreBuilder (DBStoreBuilder.java:processTables(183)) - Using default column profile:DBProfile.DISK for Table:multipartInfoTable
2019-10-24 11:46:06,078 [main] INFO  db.DBStoreBuilder (DBStoreBuilder.java:addTable(127)) - using custom profile for table: dTokenTable
2019-10-24 11:46:06,078 [main] INFO  db.DBStoreBuilder (DBStoreBuilder.java:processTables(183)) - Using default column profile:DBProfile.DISK for Table:dTokenTable
2019-10-24 11:46:06,079 [main] INFO  db.DBStoreBuilder (DBStoreBuilder.java:addTable(127)) - using custom profile for table: s3SecretTable
2019-10-24 11:46:06,079 [main] INFO  db.DBStoreBuilder (DBStoreBuilder.java:processTables(183)) - Using default column profile:DBProfile.DISK for Table:s3SecretTable
2019-10-24 11:46:06,079 [main] INFO  db.DBStoreBuilder (DBStoreBuilder.java:addTable(127)) - using custom profile for table: prefixTable
2019-10-24 11:46:06,079 [main] INFO  db.DBStoreBuilder (DBStoreBuilder.java:processTables(183)) - Using default column profile:DBProfile.DISK for Table:prefixTable
2019-10-24 11:46:06,080 [main] INFO  db.DBStoreBuilder (DBStoreBuilder.java:addTable(127)) - using custom profile for table: default
2019-10-24 11:46:06,080 [main] INFO  db.DBStoreBuilder (DBStoreBuilder.java:processTables(189)) - Using default column profile:DBProfile.DISK for Table:default
2019-10-24 11:46:06,080 [main] INFO  db.DBStoreBuilder (DBStoreBuilder.java:getDbProfile(220)) - Using default options. DBProfile.DISK
2019-10-24 11:46:06,406 [main] INFO  ipc.CallQueueManager (CallQueueManager.java:<init>(84)) - Using callQueue: class java.util.concurrent.LinkedBlockingQueue, queueCapacity: 2000, scheduler: class org.apache.hadoop.ipc.DefaultRpcScheduler, ipcBackoff: false.
2019-10-24 11:46:06,407 [Socket Reader #1 for port 42251] INFO  ipc.Server (Server.java:run(1074)) - Starting Socket Reader #1 for port 42251
2019-10-24 11:46:06,437 [main] INFO  om.OzoneManager (OzoneManager.java:start(1074)) - OzoneManager RPC server is listening at localhost/127.0.0.1:42251
2019-10-24 11:46:06,437 [main] INFO  impl.MetricsSystemImpl (MetricsSystemImpl.java:init(158)) - OzoneManager metrics system started (again)
2019-10-24 11:46:06,445 [IPC Server Responder] INFO  ipc.Server (Server.java:run(1314)) - IPC Server Responder: starting
2019-10-24 11:46:06,445 [IPC Server listener on 42251] INFO  ipc.Server (Server.java:run(1153)) - IPC Server listener on 42251: starting
2019-10-24 11:46:06,451 [main] INFO  hdfs.DFSUtil (DFSUtil.java:httpServerTemplateForNNAndJN(1641)) - Starting Web-server for ozoneManager at: http://0.0.0.0:0
2019-10-24 11:46:06,454 [main] INFO  server.AuthenticationFilter (AuthenticationFilter.java:constructSecretProvider(240)) - Unable to initialize FileSignerSecretProvider, falling back to use random secrets.
2019-10-24 11:46:06,454 [main] WARN  http.HttpRequestLog (HttpRequestLog.java:getRequestLog(97)) - Jetty request log can only be enabled using Log4j
2019-10-24 11:46:06,458 [main] INFO  http.HttpServer2 (HttpServer2.java:addGlobalFilter(975)) - Added global filter 'safety' (class=org.apache.hadoop.http.HttpServer2$QuotingInputFilter)
2019-10-24 11:46:06,459 [main] INFO  http.HttpServer2 (HttpServer2.java:addFilter(948)) - Added filter static_user_filter (class=org.apache.hadoop.http.lib.StaticUserWebFilter$StaticUserFilter) to context ozoneManager
2019-10-24 11:46:06,460 [main] INFO  http.HttpServer2 (HttpServer2.java:addFilter(958)) - Added filter static_user_filter (class=org.apache.hadoop.http.lib.StaticUserWebFilter$StaticUserFilter) to context logs
2019-10-24 11:46:06,460 [main] INFO  http.HttpServer2 (HttpServer2.java:addFilter(958)) - Added filter static_user_filter (class=org.apache.hadoop.http.lib.StaticUserWebFilter$StaticUserFilter) to context static
2019-10-24 11:46:06,463 [main] INFO  http.HttpServer2 (HttpServer2.java:bindListener(1191)) - Jetty bound to port 46178
2019-10-24 11:46:06,464 [main] INFO  server.Server (Server.java:doStart(351)) - jetty-9.3.25.v20180904, build timestamp: 2018-09-04T21:11:46Z, git hash: 3ce520221d0240229c862b122d2b06c12a625732
2019-10-24 11:46:06,467 [main] INFO  handler.ContextHandler (ContextHandler.java:doStart(781)) - Started o.e.j.s.ServletContextHandler@7a799159{/logs,file:///workdir/hadoop-ozone/integration-test/target/log,AVAILABLE}
2019-10-24 11:46:06,467 [main] INFO  handler.ContextHandler (ContextHandler.java:doStart(781)) - Started o.e.j.s.ServletContextHandler@6ff37443{/static,file:///workdir/hadoop-ozone/integration-test/target/test-classes/webapps/static,AVAILABLE}
2019-10-24 11:46:06,475 [main] INFO  handler.ContextHandler (ContextHandler.java:doStart(781)) - Started o.e.j.w.WebAppContext@783efb48{/,file:///workdir/hadoop-ozone/integration-test/target/test-classes/webapps/ozoneManager/,AVAILABLE}{/ozoneManager}
2019-10-24 11:46:06,476 [main] INFO  server.AbstractConnector (AbstractConnector.java:doStart(278)) - Started ServerConnector@5d235104{HTTP/1.1,[http/1.1]}{0.0.0.0:46178}
2019-10-24 11:46:06,476 [main] INFO  server.Server (Server.java:doStart(419)) - Started @3829ms
2019-10-24 11:46:06,477 [main] WARN  impl.MetricsSystemImpl (MetricsSystemImpl.java:register(276)) - Sink prometheus already exists!
2019-10-24 11:46:06,478 [main] INFO  server.BaseHttpServer (BaseHttpServer.java:updateConnectorAddress(215)) - HTTP server of OZONEMANAGER is listening at http://0.0.0.0:46178
2019-10-24 11:46:06,796 [main] INFO  impl.MetricsSystemImpl (MetricsSystemImpl.java:init(158)) - HddsDatanode metrics system started (again)
2019-10-24 11:46:06,842 [main] INFO  ozone.HddsDatanodeService (HddsDatanodeService.java:start(184)) - HddsDatanodeService host:pr-hdds-1701-wjnxn-4111008579 ip:192.168.157.222
2019-10-24 11:46:06,876 [main] INFO  volume.HddsVolume (HddsVolume.java:<init>(176)) - Creating Volume: /workdir/hadoop-ozone/integration-test/target/test-dir/MiniOzoneClusterImpl-7ce79f69-7e7f-4d83-a6bf-fd0497776909/datanode-0/data/containers/hdds of  storage type : DISK and capacity : 1482555576320
2019-10-24 11:46:06,880 [main] INFO  volume.VolumeSet (VolumeSet.java:initializeVolumeSet(170)) - Added Volume : /workdir/hadoop-ozone/integration-test/target/test-dir/MiniOzoneClusterImpl-7ce79f69-7e7f-4d83-a6bf-fd0497776909/datanode-0/data/containers/hdds to VolumeSet
2019-10-24 11:46:06,885 [main] INFO  volume.ThrottledAsyncChecker (ThrottledAsyncChecker.java:schedule(141)) - Scheduling a check for /workdir/hadoop-ozone/integration-test/target/test-dir/MiniOzoneClusterImpl-7ce79f69-7e7f-4d83-a6bf-fd0497776909/datanode-0/data/containers/hdds
2019-10-24 11:46:06,910 [main] INFO  volume.HddsVolumeChecker (HddsVolumeChecker.java:checkAllVolumes(204)) - Scheduled health check for volume /workdir/hadoop-ozone/integration-test/target/test-dir/MiniOzoneClusterImpl-7ce79f69-7e7f-4d83-a6bf-fd0497776909/datanode-0/data/containers/hdds
2019-10-24 11:46:07,036 [main] INFO  impl.RaftServerProxy (ConfUtils.java:logGet(43)) - raft.rpc.type = GRPC (default)
2019-10-24 11:46:07,105 [main] INFO  grpc.GrpcFactory (GrpcFactory.java:checkPooledByteBufAllocatorUseCacheForAllThreads(45)) - PERFORMANCE WARNING: useCacheForAllThreads is true that may cause Netty to create a lot garbage objects and, as a result, trigger GC.
	It is recommended to disable useCacheForAllThreads by setting -Dorg.apache.ratis.thirdparty.io.netty.allocator.useCacheForAllThreads=false in command line.
2019-10-24 11:46:07,110 [main] INFO  grpc.GrpcConfigKeys$Server (ConfUtils.java:logGet(43)) - raft.grpc.server.port = 0 (default)
2019-10-24 11:46:07,111 [main] INFO  server.GrpcService (ConfUtils.java:logGet(43)) - raft.grpc.message.size.max = 33570816 (custom)
2019-10-24 11:46:07,113 [main] INFO  server.RaftServerConfigKeys (ConfUtils.java:logGet(43)) - raft.server.log.appender.buffer.byte-limit = 33554432 (custom)
2019-10-24 11:46:07,114 [main] INFO  server.GrpcService (ConfUtils.java:logGet(43)) - raft.grpc.flow.control.window = 1MB (=1048576) (default)
2019-10-24 11:46:07,114 [main] INFO  server.RaftServerConfigKeys (ConfUtils.java:logGet(43)) - raft.server.rpc.request.timeout = 3000ms (default)
2019-10-24 11:46:07,277 [main] INFO  server.RaftServerConfigKeys (ConfUtils.java:logGet(43)) - raft.server.storage.dir = [/workdir/hadoop-ozone/integration-test/target/test-dir/MiniOzoneClusterImpl-7ce79f69-7e7f-4d83-a6bf-fd0497776909/datanode-0/data/ratis] (custom)
2019-10-24 11:46:07,326 [main] INFO  hdfs.DFSUtil (DFSUtil.java:httpServerTemplateForNNAndJN(1641)) - Starting Web-server for hddsDatanode at: http://0.0.0.0:0
2019-10-24 11:46:07,329 [main] INFO  server.AuthenticationFilter (AuthenticationFilter.java:constructSecretProvider(240)) - Unable to initialize FileSignerSecretProvider, falling back to use random secrets.
2019-10-24 11:46:07,330 [main] WARN  http.HttpRequestLog (HttpRequestLog.java:getRequestLog(97)) - Jetty request log can only be enabled using Log4j
2019-10-24 11:46:07,333 [main] INFO  http.HttpServer2 (HttpServer2.java:addGlobalFilter(975)) - Added global filter 'safety' (class=org.apache.hadoop.http.HttpServer2$QuotingInputFilter)
2019-10-24 11:46:07,334 [main] INFO  http.HttpServer2 (HttpServer2.java:addFilter(948)) - Added filter static_user_filter (class=org.apache.hadoop.http.lib.StaticUserWebFilter$StaticUserFilter) to context hddsDatanode
2019-10-24 11:46:07,334 [main] INFO  http.HttpServer2 (HttpServer2.java:addFilter(958)) - Added filter static_user_filter (class=org.apache.hadoop.http.lib.StaticUserWebFilter$StaticUserFilter) to context logs
2019-10-24 11:46:07,334 [main] INFO  http.HttpServer2 (HttpServer2.java:addFilter(958)) - Added filter static_user_filter (class=org.apache.hadoop.http.lib.StaticUserWebFilter$StaticUserFilter) to context static
2019-10-24 11:46:07,336 [main] INFO  http.HttpServer2 (HttpServer2.java:bindListener(1191)) - Jetty bound to port 40195
2019-10-24 11:46:07,336 [main] INFO  server.Server (Server.java:doStart(351)) - jetty-9.3.25.v20180904, build timestamp: 2018-09-04T21:11:46Z, git hash: 3ce520221d0240229c862b122d2b06c12a625732
2019-10-24 11:46:07,341 [main] INFO  handler.ContextHandler (ContextHandler.java:doStart(781)) - Started o.e.j.s.ServletContextHandler@44bd4b0a{/logs,file:///workdir/hadoop-ozone/integration-test/target/log,AVAILABLE}
2019-10-24 11:46:07,342 [main] INFO  handler.ContextHandler (ContextHandler.java:doStart(781)) - Started o.e.j.s.ServletContextHandler@216e0771{/static,jar:file:/home/user/.m2/repository/org/apache/hadoop/hadoop-hdds-container-service/0.5.0-SNAPSHOT/hadoop-hdds-container-service-0.5.0-SNAPSHOT.jar!/webapps/static,AVAILABLE}
2019-10-24 11:46:07,392 [main] INFO  handler.ContextHandler (ContextHandler.java:doStart(781)) - Started o.e.j.w.WebAppContext@62e93c3a{/,file:///tmp/jetty-0.0.0.0-40195-hddsDatanode-_-any-3917823174773807728.dir/webapp/,AVAILABLE}{/hddsDatanode}
2019-10-24 11:46:07,393 [main] INFO  server.AbstractConnector (AbstractConnector.java:doStart(278)) - Started ServerConnector@673919a7{HTTP/1.1,[http/1.1]}{0.0.0.0:40195}
2019-10-24 11:46:07,393 [main] INFO  server.Server (Server.java:doStart(419)) - Started @4746ms
2019-10-24 11:46:07,394 [main] WARN  impl.MetricsSystemImpl (MetricsSystemImpl.java:register(276)) - Sink prometheus already exists!
2019-10-24 11:46:07,395 [main] INFO  server.BaseHttpServer (BaseHttpServer.java:updateConnectorAddress(215)) - HTTP server of HDDSDATANODE is listening at http://0.0.0.0:40195
2019-10-24 11:46:07,397 [main] INFO  impl.MetricsSystemImpl (MetricsSystemImpl.java:init(158)) - HddsDatanode metrics system started (again)
2019-10-24 11:46:07,402 [main] INFO  ozone.HddsDatanodeService (HddsDatanodeService.java:start(184)) - HddsDatanodeService host:pr-hdds-1701-wjnxn-4111008579 ip:192.168.157.222
2019-10-24 11:46:07,404 [org.apache.hadoop.util.JvmPauseMonitor$Monitor@33466fe7] INFO  util.JvmPauseMonitor (JvmPauseMonitor.java:run(188)) - Starting JVM pause monitor
2019-10-24 11:46:07,413 [main] INFO  volume.HddsVolume (HddsVolume.java:<init>(176)) - Creating Volume: /workdir/hadoop-ozone/integration-test/target/test-dir/MiniOzoneClusterImpl-7ce79f69-7e7f-4d83-a6bf-fd0497776909/datanode-1/data/containers/hdds of  storage type : DISK and capacity : 1482555576320
2019-10-24 11:46:07,414 [main] INFO  volume.VolumeSet (VolumeSet.java:initializeVolumeSet(170)) - Added Volume : /workdir/hadoop-ozone/integration-test/target/test-dir/MiniOzoneClusterImpl-7ce79f69-7e7f-4d83-a6bf-fd0497776909/datanode-1/data/containers/hdds to VolumeSet
2019-10-24 11:46:07,414 [main] INFO  volume.ThrottledAsyncChecker (ThrottledAsyncChecker.java:schedule(141)) - Scheduling a check for /workdir/hadoop-ozone/integration-test/target/test-dir/MiniOzoneClusterImpl-7ce79f69-7e7f-4d83-a6bf-fd0497776909/datanode-1/data/containers/hdds
2019-10-24 11:46:07,416 [main] INFO  volume.HddsVolumeChecker (HddsVolumeChecker.java:checkAllVolumes(204)) - Scheduled health check for volume /workdir/hadoop-ozone/integration-test/target/test-dir/MiniOzoneClusterImpl-7ce79f69-7e7f-4d83-a6bf-fd0497776909/datanode-1/data/containers/hdds
2019-10-24 11:46:07,438 [main] INFO  impl.RaftServerProxy (ConfUtils.java:logGet(43)) - raft.rpc.type = GRPC (default)
2019-10-24 11:46:07,439 [main] INFO  grpc.GrpcFactory (GrpcFactory.java:checkPooledByteBufAllocatorUseCacheForAllThreads(45)) - PERFORMANCE WARNING: useCacheForAllThreads is true that may cause Netty to create a lot garbage objects and, as a result, trigger GC.
	It is recommended to disable useCacheForAllThreads by setting -Dorg.apache.ratis.thirdparty.io.netty.allocator.useCacheForAllThreads=false in command line.
2019-10-24 11:46:07,439 [main] INFO  grpc.GrpcConfigKeys$Server (ConfUtils.java:logGet(43)) - raft.grpc.server.port = 0 (default)
2019-10-24 11:46:07,439 [main] INFO  server.GrpcService (ConfUtils.java:logGet(43)) - raft.grpc.message.size.max = 33570816 (custom)
2019-10-24 11:46:07,440 [main] INFO  server.RaftServerConfigKeys (ConfUtils.java:logGet(43)) - raft.server.log.appender.buffer.byte-limit = 33554432 (custom)
2019-10-24 11:46:07,440 [main] INFO  server.GrpcService (ConfUtils.java:logGet(43)) - raft.grpc.flow.control.window = 1MB (=1048576) (default)
2019-10-24 11:46:07,440 [main] INFO  server.RaftServerConfigKeys (ConfUtils.java:logGet(43)) - raft.server.rpc.request.timeout = 3000ms (default)
2019-10-24 11:46:07,443 [main] INFO  server.RaftServerConfigKeys (ConfUtils.java:logGet(43)) - raft.server.storage.dir = [/workdir/hadoop-ozone/integration-test/target/test-dir/MiniOzoneClusterImpl-7ce79f69-7e7f-4d83-a6bf-fd0497776909/datanode-1/data/ratis] (custom)
2019-10-24 11:46:07,445 [main] INFO  hdfs.DFSUtil (DFSUtil.java:httpServerTemplateForNNAndJN(1641)) - Starting Web-server for hddsDatanode at: http://0.0.0.0:0
2019-10-24 11:46:07,447 [main] INFO  server.AuthenticationFilter (AuthenticationFilter.java:constructSecretProvider(240)) - Unable to initialize FileSignerSecretProvider, falling back to use random secrets.
2019-10-24 11:46:07,447 [main] WARN  http.HttpRequestLog (HttpRequestLog.java:getRequestLog(97)) - Jetty request log can only be enabled using Log4j
2019-10-24 11:46:07,449 [main] INFO  http.HttpServer2 (HttpServer2.java:addGlobalFilter(975)) - Added global filter 'safety' (class=org.apache.hadoop.http.HttpServer2$QuotingInputFilter)
2019-10-24 11:46:07,450 [main] INFO  http.HttpServer2 (HttpServer2.java:addFilter(948)) - Added filter static_user_filter (class=org.apache.hadoop.http.lib.StaticUserWebFilter$StaticUserFilter) to context hddsDatanode
2019-10-24 11:46:07,450 [main] INFO  http.HttpServer2 (HttpServer2.java:addFilter(958)) - Added filter static_user_filter (class=org.apache.hadoop.http.lib.StaticUserWebFilter$StaticUserFilter) to context logs
2019-10-24 11:46:07,450 [main] INFO  http.HttpServer2 (HttpServer2.java:addFilter(958)) - Added filter static_user_filter (class=org.apache.hadoop.http.lib.StaticUserWebFilter$StaticUserFilter) to context static
2019-10-24 11:46:07,451 [main] INFO  http.HttpServer2 (HttpServer2.java:bindListener(1191)) - Jetty bound to port 38551
2019-10-24 11:46:07,451 [main] INFO  server.Server (Server.java:doStart(351)) - jetty-9.3.25.v20180904, build timestamp: 2018-09-04T21:11:46Z, git hash: 3ce520221d0240229c862b122d2b06c12a625732
2019-10-24 11:46:07,453 [main] INFO  handler.ContextHandler (ContextHandler.java:doStart(781)) - Started o.e.j.s.ServletContextHandler@30364216{/logs,file:///workdir/hadoop-ozone/integration-test/target/log,AVAILABLE}
2019-10-24 11:46:07,454 [main] INFO  handler.ContextHandler (ContextHandler.java:doStart(781)) - Started o.e.j.s.ServletContextHandler@1e8ab90f{/static,jar:file:/home/user/.m2/repository/org/apache/hadoop/hadoop-hdds-container-service/0.5.0-SNAPSHOT/hadoop-hdds-container-service-0.5.0-SNAPSHOT.jar!/webapps/static,AVAILABLE}
2019-10-24 11:46:07,485 [main] INFO  handler.ContextHandler (ContextHandler.java:doStart(781)) - Started o.e.j.w.WebAppContext@60325987{/,file:///tmp/jetty-0.0.0.0-38551-hddsDatanode-_-any-5063185158548990039.dir/webapp/,AVAILABLE}{/hddsDatanode}
2019-10-24 11:46:07,486 [main] INFO  server.AbstractConnector (AbstractConnector.java:doStart(278)) - Started ServerConnector@2f37f1f9{HTTP/1.1,[http/1.1]}{0.0.0.0:38551}
2019-10-24 11:46:07,486 [main] INFO  server.Server (Server.java:doStart(419)) - Started @4839ms
2019-10-24 11:46:07,486 [main] WARN  impl.MetricsSystemImpl (MetricsSystemImpl.java:register(276)) - Sink prometheus already exists!
2019-10-24 11:46:07,488 [main] INFO  server.BaseHttpServer (BaseHttpServer.java:updateConnectorAddress(215)) - HTTP server of HDDSDATANODE is listening at http://0.0.0.0:38551
2019-10-24 11:46:07,489 [main] INFO  impl.MetricsSystemImpl (MetricsSystemImpl.java:init(158)) - HddsDatanode metrics system started (again)
2019-10-24 11:46:07,492 [org.apache.hadoop.util.JvmPauseMonitor$Monitor@61ed06ef] INFO  util.JvmPauseMonitor (JvmPauseMonitor.java:run(188)) - Starting JVM pause monitor
2019-10-24 11:46:07,493 [main] INFO  ozone.HddsDatanodeService (HddsDatanodeService.java:start(184)) - HddsDatanodeService host:pr-hdds-1701-wjnxn-4111008579 ip:192.168.157.222
2019-10-24 11:46:07,503 [main] INFO  volume.HddsVolume (HddsVolume.java:<init>(176)) - Creating Volume: /workdir/hadoop-ozone/integration-test/target/test-dir/MiniOzoneClusterImpl-7ce79f69-7e7f-4d83-a6bf-fd0497776909/datanode-2/data/containers/hdds of  storage type : DISK and capacity : 1482555576320
2019-10-24 11:46:07,504 [main] INFO  volume.VolumeSet (VolumeSet.java:initializeVolumeSet(170)) - Added Volume : /workdir/hadoop-ozone/integration-test/target/test-dir/MiniOzoneClusterImpl-7ce79f69-7e7f-4d83-a6bf-fd0497776909/datanode-2/data/containers/hdds to VolumeSet
2019-10-24 11:46:07,504 [main] INFO  volume.ThrottledAsyncChecker (ThrottledAsyncChecker.java:schedule(141)) - Scheduling a check for /workdir/hadoop-ozone/integration-test/target/test-dir/MiniOzoneClusterImpl-7ce79f69-7e7f-4d83-a6bf-fd0497776909/datanode-2/data/containers/hdds
2019-10-24 11:46:07,504 [main] INFO  volume.HddsVolumeChecker (HddsVolumeChecker.java:checkAllVolumes(204)) - Scheduled health check for volume /workdir/hadoop-ozone/integration-test/target/test-dir/MiniOzoneClusterImpl-7ce79f69-7e7f-4d83-a6bf-fd0497776909/datanode-2/data/containers/hdds
2019-10-24 11:46:07,522 [main] INFO  impl.RaftServerProxy (ConfUtils.java:logGet(43)) - raft.rpc.type = GRPC (default)
2019-10-24 11:46:07,522 [main] INFO  grpc.GrpcFactory (GrpcFactory.java:checkPooledByteBufAllocatorUseCacheForAllThreads(45)) - PERFORMANCE WARNING: useCacheForAllThreads is true that may cause Netty to create a lot garbage objects and, as a result, trigger GC.
	It is recommended to disable useCacheForAllThreads by setting -Dorg.apache.ratis.thirdparty.io.netty.allocator.useCacheForAllThreads=false in command line.
2019-10-24 11:46:07,523 [main] INFO  grpc.GrpcConfigKeys$Server (ConfUtils.java:logGet(43)) - raft.grpc.server.port = 0 (default)
2019-10-24 11:46:07,523 [main] INFO  server.GrpcService (ConfUtils.java:logGet(43)) - raft.grpc.message.size.max = 33570816 (custom)
2019-10-24 11:46:07,523 [main] INFO  server.RaftServerConfigKeys (ConfUtils.java:logGet(43)) - raft.server.log.appender.buffer.byte-limit = 33554432 (custom)
2019-10-24 11:46:07,524 [main] INFO  server.GrpcService (ConfUtils.java:logGet(43)) - raft.grpc.flow.control.window = 1MB (=1048576) (default)
2019-10-24 11:46:07,524 [main] INFO  server.RaftServerConfigKeys (ConfUtils.java:logGet(43)) - raft.server.rpc.request.timeout = 3000ms (default)
2019-10-24 11:46:07,525 [main] INFO  server.RaftServerConfigKeys (ConfUtils.java:logGet(43)) - raft.server.storage.dir = [/workdir/hadoop-ozone/integration-test/target/test-dir/MiniOzoneClusterImpl-7ce79f69-7e7f-4d83-a6bf-fd0497776909/datanode-2/data/ratis] (custom)
2019-10-24 11:46:07,528 [main] INFO  hdfs.DFSUtil (DFSUtil.java:httpServerTemplateForNNAndJN(1641)) - Starting Web-server for hddsDatanode at: http://0.0.0.0:0
2019-10-24 11:46:07,529 [main] INFO  server.AuthenticationFilter (AuthenticationFilter.java:constructSecretProvider(240)) - Unable to initialize FileSignerSecretProvider, falling back to use random secrets.
2019-10-24 11:46:07,529 [Datanode State Machine Thread - 0] INFO  datanode.InitDatanodeState (InitDatanodeState.java:persistContainerDatanodeDetails(140)) - DatanodeDetails is persisted to /workdir/hadoop-ozone/integration-test/target/test-dir/MiniOzoneClusterImpl-7ce79f69-7e7f-4d83-a6bf-fd0497776909/datanode-0/meta/datanode.id
2019-10-24 11:46:07,530 [main] WARN  http.HttpRequestLog (HttpRequestLog.java:getRequestLog(97)) - Jetty request log can only be enabled using Log4j
2019-10-24 11:46:07,533 [Datanode State Machine Thread - 0] INFO  datanode.InitDatanodeState (InitDatanodeState.java:persistContainerDatanodeDetails(140)) - DatanodeDetails is persisted to /workdir/hadoop-ozone/integration-test/target/test-dir/MiniOzoneClusterImpl-7ce79f69-7e7f-4d83-a6bf-fd0497776909/datanode-1/meta/datanode.id
2019-10-24 11:46:07,533 [main] INFO  http.HttpServer2 (HttpServer2.java:addGlobalFilter(975)) - Added global filter 'safety' (class=org.apache.hadoop.http.HttpServer2$QuotingInputFilter)
2019-10-24 11:46:07,534 [main] INFO  http.HttpServer2 (HttpServer2.java:addFilter(948)) - Added filter static_user_filter (class=org.apache.hadoop.http.lib.StaticUserWebFilter$StaticUserFilter) to context hddsDatanode
2019-10-24 11:46:07,535 [main] INFO  http.HttpServer2 (HttpServer2.java:addFilter(958)) - Added filter static_user_filter (class=org.apache.hadoop.http.lib.StaticUserWebFilter$StaticUserFilter) to context static
2019-10-24 11:46:07,535 [main] INFO  http.HttpServer2 (HttpServer2.java:addFilter(958)) - Added filter static_user_filter (class=org.apache.hadoop.http.lib.StaticUserWebFilter$StaticUserFilter) to context logs
2019-10-24 11:46:07,536 [main] INFO  http.HttpServer2 (HttpServer2.java:bindListener(1191)) - Jetty bound to port 33870
2019-10-24 11:46:07,536 [main] INFO  server.Server (Server.java:doStart(351)) - jetty-9.3.25.v20180904, build timestamp: 2018-09-04T21:11:46Z, git hash: 3ce520221d0240229c862b122d2b06c12a625732
2019-10-24 11:46:07,539 [main] INFO  handler.ContextHandler (ContextHandler.java:doStart(781)) - Started o.e.j.s.ServletContextHandler@1229a2b7{/logs,file:///workdir/hadoop-ozone/integration-test/target/log,AVAILABLE}
2019-10-24 11:46:07,540 [main] INFO  handler.ContextHandler (ContextHandler.java:doStart(781)) - Started o.e.j.s.ServletContextHandler@51c959a4{/static,jar:file:/home/user/.m2/repository/org/apache/hadoop/hadoop-hdds-container-service/0.5.0-SNAPSHOT/hadoop-hdds-container-service-0.5.0-SNAPSHOT.jar!/webapps/static,AVAILABLE}
2019-10-24 11:46:07,575 [main] INFO  handler.ContextHandler (ContextHandler.java:doStart(781)) - Started o.e.j.w.WebAppContext@75ae4a1f{/,file:///tmp/jetty-0.0.0.0-33870-hddsDatanode-_-any-5680210242751614847.dir/webapp/,AVAILABLE}{/hddsDatanode}
2019-10-24 11:46:07,576 [main] INFO  server.AbstractConnector (AbstractConnector.java:doStart(278)) - Started ServerConnector@70228253{HTTP/1.1,[http/1.1]}{0.0.0.0:33870}
2019-10-24 11:46:07,576 [main] INFO  server.Server (Server.java:doStart(419)) - Started @4929ms
2019-10-24 11:46:07,577 [main] WARN  impl.MetricsSystemImpl (MetricsSystemImpl.java:register(276)) - Sink prometheus already exists!
2019-10-24 11:46:07,579 [main] INFO  server.BaseHttpServer (BaseHttpServer.java:updateConnectorAddress(215)) - HTTP server of HDDSDATANODE is listening at http://0.0.0.0:33870
2019-10-24 11:46:07,580 [main] INFO  ozone.MiniOzoneClusterImpl (MiniOzoneClusterImpl.java:lambda$waitForClusterToBeReady$0(147)) - Waiting for cluster to be ready. Got 0 of 3 DN Heartbeats.
2019-10-24 11:46:07,581 [org.apache.hadoop.util.JvmPauseMonitor$Monitor@23aad184] INFO  util.JvmPauseMonitor (JvmPauseMonitor.java:run(188)) - Starting JVM pause monitor
2019-10-24 11:46:07,585 [Datanode State Machine Thread - 0] INFO  datanode.InitDatanodeState (InitDatanodeState.java:persistContainerDatanodeDetails(140)) - DatanodeDetails is persisted to /workdir/hadoop-ozone/integration-test/target/test-dir/MiniOzoneClusterImpl-7ce79f69-7e7f-4d83-a6bf-fd0497776909/datanode-2/meta/datanode.id
2019-10-24 11:46:08,580 [main] INFO  ozone.MiniOzoneClusterImpl (MiniOzoneClusterImpl.java:lambda$waitForClusterToBeReady$0(147)) - Waiting for cluster to be ready. Got 0 of 3 DN Heartbeats.
2019-10-24 11:46:09,487 [Datanode State Machine Thread - 0] INFO  ozoneimpl.OzoneContainer (OzoneContainer.java:start(213)) - Attempting to start container services.
2019-10-24 11:46:09,490 [Datanode State Machine Thread - 0] INFO  ozoneimpl.OzoneContainer (OzoneContainer.java:startContainerScrub(177)) - Background container scanner has been disabled.
2019-10-24 11:46:09,490 [Datanode State Machine Thread - 0] INFO  ratis.XceiverServerRatis (XceiverServerRatis.java:start(418)) - Starting XceiverServerRatis 9c614e94-540a-4713-aa04-685a3a141a15 at port 0
2019-10-24 11:46:09,511 [Datanode State Machine Thread - 0] INFO  ozoneimpl.OzoneContainer (OzoneContainer.java:start(213)) - Attempting to start container services.
2019-10-24 11:46:09,517 [Datanode State Machine Thread - 0] INFO  ozoneimpl.OzoneContainer (OzoneContainer.java:startContainerScrub(177)) - Background container scanner has been disabled.
2019-10-24 11:46:09,517 [Datanode State Machine Thread - 0] INFO  ratis.XceiverServerRatis (XceiverServerRatis.java:start(418)) - Starting XceiverServerRatis 6ef47ec4-f888-4c0a-9473-d3351b934030 at port 0
2019-10-24 11:46:09,531 [Datanode State Machine Thread - 0] INFO  impl.RaftServerProxy (RaftServerProxy.java:lambda$start$3(299)) - 6ef47ec4-f888-4c0a-9473-d3351b934030: start RPC server
2019-10-24 11:46:09,531 [Datanode State Machine Thread - 0] INFO  impl.RaftServerProxy (RaftServerProxy.java:lambda$start$3(299)) - 9c614e94-540a-4713-aa04-685a3a141a15: start RPC server
2019-10-24 11:46:09,581 [main] INFO  ozone.MiniOzoneClusterImpl (MiniOzoneClusterImpl.java:lambda$waitForClusterToBeReady$0(147)) - Waiting for cluster to be ready. Got 0 of 3 DN Heartbeats.
2019-10-24 11:46:09,598 [Datanode State Machine Thread - 0] INFO  ozoneimpl.OzoneContainer (OzoneContainer.java:start(213)) - Attempting to start container services.
2019-10-24 11:46:09,600 [Datanode State Machine Thread - 0] INFO  ozoneimpl.OzoneContainer (OzoneContainer.java:startContainerScrub(177)) - Background container scanner has been disabled.
2019-10-24 11:46:09,600 [Datanode State Machine Thread - 0] INFO  ratis.XceiverServerRatis (XceiverServerRatis.java:start(418)) - Starting XceiverServerRatis c50ed3b6-ed09-4007-97fb-753acd29cc2b at port 0
2019-10-24 11:46:09,610 [Datanode State Machine Thread - 0] INFO  impl.RaftServerProxy (RaftServerProxy.java:lambda$start$3(299)) - c50ed3b6-ed09-4007-97fb-753acd29cc2b: start RPC server
2019-10-24 11:46:09,659 [Datanode State Machine Thread - 0] INFO  server.GrpcService (GrpcService.java:startImpl(158)) - 9c614e94-540a-4713-aa04-685a3a141a15: GrpcService started, listening on 0.0.0.0/0.0.0.0:45068
2019-10-24 11:46:09,659 [Datanode State Machine Thread - 0] INFO  server.GrpcService (GrpcService.java:startImpl(158)) - 6ef47ec4-f888-4c0a-9473-d3351b934030: GrpcService started, listening on 0.0.0.0/0.0.0.0:45627
2019-10-24 11:46:09,659 [Datanode State Machine Thread - 0] INFO  server.GrpcService (GrpcService.java:startImpl(158)) - c50ed3b6-ed09-4007-97fb-753acd29cc2b: GrpcService started, listening on 0.0.0.0/0.0.0.0:42942
2019-10-24 11:46:09,660 [Datanode State Machine Thread - 0] INFO  ratis.XceiverServerRatis (XceiverServerRatis.java:start(428)) - XceiverServerRatis 6ef47ec4-f888-4c0a-9473-d3351b934030 is started using port 45627
2019-10-24 11:46:09,660 [Datanode State Machine Thread - 0] INFO  ratis.XceiverServerRatis (XceiverServerRatis.java:start(428)) - XceiverServerRatis 9c614e94-540a-4713-aa04-685a3a141a15 is started using port 45068
2019-10-24 11:46:09,660 [Datanode State Machine Thread - 0] INFO  ratis.XceiverServerRatis (XceiverServerRatis.java:start(428)) - XceiverServerRatis c50ed3b6-ed09-4007-97fb-753acd29cc2b is started using port 42942
2019-10-24 11:46:09,666 [Datanode State Machine Thread - 0] INFO  server.XceiverServerGrpc (XceiverServerGrpc.java:start(149)) - XceiverServerGrpc 9c614e94-540a-4713-aa04-685a3a141a15 is started using port 41735
2019-10-24 11:46:09,666 [Datanode State Machine Thread - 0] INFO  server.XceiverServerGrpc (XceiverServerGrpc.java:start(149)) - XceiverServerGrpc c50ed3b6-ed09-4007-97fb-753acd29cc2b is started using port 37994
2019-10-24 11:46:09,666 [Datanode State Machine Thread - 0] INFO  server.XceiverServerGrpc (XceiverServerGrpc.java:start(149)) - XceiverServerGrpc 6ef47ec4-f888-4c0a-9473-d3351b934030 is started using port 32951
2019-10-24 11:46:10,582 [main] INFO  ozone.MiniOzoneClusterImpl (MiniOzoneClusterImpl.java:lambda$waitForClusterToBeReady$0(147)) - Waiting for cluster to be ready. Got 0 of 3 DN Heartbeats.
2019-10-24 11:46:11,437 [IPC Server handler 0 on 36424] INFO  net.NetworkTopology (NetworkTopologyImpl.java:add(111)) - Added a new node: /default-rack/9c614e94-540a-4713-aa04-685a3a141a15
2019-10-24 11:46:11,438 [IPC Server handler 0 on 36424] INFO  node.SCMNodeManager (SCMNodeManager.java:register(268)) - Registered Data node : 9c614e94-540a-4713-aa04-685a3a141a15{ip: 192.168.157.222, host: pr-hdds-1701-wjnxn-4111008579, networkLocation: /default-rack, certSerialId: null}
2019-10-24 11:46:11,441 [EventQueue-NodeRegistrationContainerReportForDataNodeSafeModeRule] INFO  safemode.SCMSafeModeManager (DataNodeSafeModeRule.java:process(71)) - SCM in safe mode. 1 DataNodes registered, 1 required.
2019-10-24 11:46:11,441 [EventQueue-NodeRegistrationContainerReportForDataNodeSafeModeRule] INFO  safemode.SCMSafeModeManager (SCMSafeModeManager.java:validateSafeModeExitRules(177)) - ScmSafeModeManager, all rules are successfully validated
2019-10-24 11:46:11,442 [EventQueue-NodeRegistrationContainerReportForDataNodeSafeModeRule] INFO  safemode.SCMSafeModeManager (SCMSafeModeManager.java:exitSafeMode(193)) - SCM exiting safe mode.
2019-10-24 11:46:11,495 [IPC Server handler 2 on 36424] INFO  net.NetworkTopology (NetworkTopologyImpl.java:add(111)) - Added a new node: /default-rack/6ef47ec4-f888-4c0a-9473-d3351b934030
2019-10-24 11:46:11,496 [IPC Server handler 2 on 36424] INFO  node.SCMNodeManager (SCMNodeManager.java:register(268)) - Registered Data node : 6ef47ec4-f888-4c0a-9473-d3351b934030{ip: 192.168.157.222, host: pr-hdds-1701-wjnxn-4111008579, networkLocation: /default-rack, certSerialId: null}
2019-10-24 11:46:11,583 [main] INFO  ozone.MiniOzoneClusterImpl (MiniOzoneClusterImpl.java:lambda$waitForClusterToBeReady$0(147)) - Waiting for cluster to be ready. Got 2 of 3 DN Heartbeats.
2019-10-24 11:46:11,584 [IPC Server handler 1 on 36424] INFO  net.NetworkTopology (NetworkTopologyImpl.java:add(111)) - Added a new node: /default-rack/c50ed3b6-ed09-4007-97fb-753acd29cc2b
2019-10-24 11:46:11,585 [IPC Server handler 1 on 36424] INFO  node.SCMNodeManager (SCMNodeManager.java:register(268)) - Registered Data node : c50ed3b6-ed09-4007-97fb-753acd29cc2b{ip: 192.168.157.222, host: pr-hdds-1701-wjnxn-4111008579, networkLocation: /default-rack, certSerialId: null}
2019-10-24 11:46:11,932 [grpc-default-executor-0] INFO  impl.RaftServerProxy (RaftServerProxy.java:addNew(89)) - 9c614e94-540a-4713-aa04-685a3a141a15: addNew group-23651327B6C3:[9c614e94-540a-4713-aa04-685a3a141a15:192.168.157.222:45068] returns group-23651327B6C3:java.util.concurrent.CompletableFuture@65575c49[Not completed]
2019-10-24 11:46:11,947 [pool-27-thread-1] INFO  impl.RaftServerImpl (RaftServerImpl.java:<init>(98)) - 9c614e94-540a-4713-aa04-685a3a141a15: new RaftServerImpl for group-23651327B6C3:[9c614e94-540a-4713-aa04-685a3a141a15:192.168.157.222:45068] with ContainerStateMachine:uninitialized
2019-10-24 11:46:11,950 [pool-27-thread-1] INFO  server.RaftServerConfigKeys (ConfUtils.java:logGet(43)) - raft.server.rpc.timeout.min = 5s (custom)
2019-10-24 11:46:11,951 [pool-27-thread-1] INFO  server.RaftServerConfigKeys (ConfUtils.java:logGet(43)) - raft.server.rpc.timeout.max = 5200ms (custom)
2019-10-24 11:46:11,952 [pool-27-thread-1] INFO  server.RaftServerConfigKeys (ConfUtils.java:logGet(43)) - raft.server.rpcslowness.timeout = 1000s (custom)
2019-10-24 11:46:11,952 [pool-27-thread-1] INFO  server.RaftServerConfigKeys (ConfUtils.java:logGet(43)) - raft.server.sleep.deviation.threshold = 300 (default)
2019-10-24 11:46:11,953 [pool-27-thread-1] INFO  server.RaftServerConfigKeys (ConfUtils.java:logGet(43)) - raft.server.log.appender.install.snapshot.enabled = false (custom)
2019-10-24 11:46:11,963 [pool-27-thread-1] INFO  impl.RaftServerImpl (ServerState.java:<init>(103)) - 9c614e94-540a-4713-aa04-685a3a141a15@group-23651327B6C3: ConfigurationManager, init=-1: [9c614e94-540a-4713-aa04-685a3a141a15:192.168.157.222:45068], old=null, confs=<EMPTY_MAP>
2019-10-24 11:46:11,963 [pool-27-thread-1] INFO  server.RaftServerConfigKeys (ConfUtils.java:logGet(43)) - raft.server.storage.dir = [/workdir/hadoop-ozone/integration-test/target/test-dir/MiniOzoneClusterImpl-7ce79f69-7e7f-4d83-a6bf-fd0497776909/datanode-0/data/ratis] (custom)
2019-10-24 11:46:11,971 [pool-27-thread-1] INFO  server.RaftServerConfigKeys (ConfUtils.java:logGet(43)) - raft.server.log.corruption.policy = EXCEPTION (default)
2019-10-24 11:46:11,973 [pool-27-thread-1] INFO  storage.RaftStorageDirectory (RaftStorageDirectory.java:analyzeStorage(246)) - The storage directory /workdir/hadoop-ozone/integration-test/target/test-dir/MiniOzoneClusterImpl-7ce79f69-7e7f-4d83-a6bf-fd0497776909/datanode-0/data/ratis/fcbf7f05-8c43-4124-be02-23651327b6c3 does not exist. Creating ...
2019-10-24 11:46:11,983 [pool-27-thread-1] INFO  storage.RaftStorageDirectory (RaftStorageDirectory.java:tryLock(328)) - Lock on /workdir/hadoop-ozone/integration-test/target/test-dir/MiniOzoneClusterImpl-7ce79f69-7e7f-4d83-a6bf-fd0497776909/datanode-0/data/ratis/fcbf7f05-8c43-4124-be02-23651327b6c3/in_use.lock acquired by nodename 2241@pr-hdds-1701-wjnxn-4111008579
2019-10-24 11:46:11,999 [pool-27-thread-1] INFO  storage.RaftStorage (RaftStorage.java:format(84)) - Storage directory /workdir/hadoop-ozone/integration-test/target/test-dir/MiniOzoneClusterImpl-7ce79f69-7e7f-4d83-a6bf-fd0497776909/datanode-0/data/ratis/fcbf7f05-8c43-4124-be02-23651327b6c3 has been successfully formatted.
2019-10-24 11:46:12,002 [pool-27-thread-1] INFO  ratis.ContainerStateMachine (ContainerStateMachine.java:loadSnapshot(231)) - group-23651327B6C3: The snapshot info is null. Setting the last applied indexto:(t:0, i:~)
2019-10-24 11:46:12,002 [pool-27-thread-1] INFO  server.RaftServerConfigKeys (ConfUtils.java:logGet(43)) - raft.server.notification.no-leader.timeout = 1000s (custom)
2019-10-24 11:46:12,004 [pool-27-thread-1] INFO  server.RaftServerConfigKeys (ConfUtils.java:logGet(43)) - raft.server.log.use.memory = false (default)
2019-10-24 11:46:12,011 [pool-27-thread-1] INFO  server.RaftServerConfigKeys (ConfUtils.java:logGet(43)) - raft.server.log.purge.gap = 1000000 (custom)
2019-10-24 11:46:12,011 [pool-27-thread-1] INFO  server.RaftServerConfigKeys (ConfUtils.java:logGet(43)) - raft.server.log.appender.buffer.byte-limit = 33554432 (custom)
2019-10-24 11:46:12,014 [pool-27-thread-1] INFO  server.RaftServerConfigKeys (ConfUtils.java:logGet(43)) - raft.server.log.segment.size.max = 1048576 (custom)
2019-10-24 11:46:12,019 [pool-27-thread-1] INFO  metrics.MetricRegistries (MetricRegistriesLoader.java:load(64)) - Loaded MetricRegistries class org.apache.ratis.metrics.impl.MetricRegistriesImpl
2019-10-24 11:46:12,024 [pool-27-thread-1] WARN  impl.MetricRegistriesImpl (MetricRegistriesImpl.java:lambda$create$1(61)) - First MetricRegistry has been created without registering reporters. You may need to call MetricRegistries.global().addReportRegistration(...) before.
2019-10-24 11:46:12,030 [pool-27-thread-1] INFO  server.RaftServerConfigKeys (ConfUtils.java:logGet(43)) - raft.server.log.segment.cache.num.max = 2 (custom)
2019-10-24 11:46:12,037 [pool-27-thread-1] INFO  segmented.SegmentedRaftLogWorker (SegmentedRaftLogWorker.java:<init>(173)) - new 9c614e94-540a-4713-aa04-685a3a141a15@group-23651327B6C3-SegmentedRaftLogWorker for RaftStorage:Storage Directory /workdir/hadoop-ozone/integration-test/target/test-dir/MiniOzoneClusterImpl-7ce79f69-7e7f-4d83-a6bf-fd0497776909/datanode-0/data/ratis/fcbf7f05-8c43-4124-be02-23651327b6c3
2019-10-24 11:46:12,037 [pool-27-thread-1] INFO  server.RaftServerConfigKeys (ConfUtils.java:logGet(43)) - raft.server.log.queue.byte-limit = 2147483647 (custom)
2019-10-24 11:46:12,038 [pool-27-thread-1] INFO  server.RaftServerConfigKeys (ConfUtils.java:logGet(43)) - raft.server.log.queue.element-limit = 1024 (custom)
2019-10-24 11:46:12,039 [pool-27-thread-1] INFO  server.RaftServerConfigKeys (ConfUtils.java:logGet(43)) - raft.server.log.segment.size.max = 1048576 (custom)
2019-10-24 11:46:12,040 [pool-27-thread-1] INFO  server.RaftServerConfigKeys (ConfUtils.java:logGet(43)) - raft.server.log.preallocated.size = 16384 (custom)
2019-10-24 11:46:12,040 [pool-27-thread-1] INFO  server.RaftServerConfigKeys (ConfUtils.java:logGet(43)) - raft.server.log.write.buffer.size = 33554432 (custom)
2019-10-24 11:46:12,041 [pool-27-thread-1] INFO  server.RaftServerConfigKeys (ConfUtils.java:logGet(43)) - raft.server.log.force.sync.num = 128 (default)
2019-10-24 11:46:12,042 [pool-27-thread-1] INFO  server.RaftServerConfigKeys (ConfUtils.java:logGet(43)) - raft.server.log.statemachine.data.sync = true (default)
2019-10-24 11:46:12,042 [pool-27-thread-1] INFO  server.RaftServerConfigKeys (ConfUtils.java:logGet(43)) - raft.server.log.statemachine.data.sync.timeout = 10s (default)
2019-10-24 11:46:12,043 [pool-27-thread-1] INFO  server.RaftServerConfigKeys (ConfUtils.java:logGet(43)) - raft.server.log.statemachine.data.sync.timeout.retry = -1 (default)
2019-10-24 11:46:12,054 [pool-27-thread-1] INFO  server.RaftServerConfigKeys (ConfUtils.java:logGet(43)) - raft.server.log.statemachine.data.caching.enabled = true (custom)
2019-10-24 11:46:12,059 [pool-27-thread-1] INFO  segmented.SegmentedRaftLogWorker (SegmentedRaftLogWorker.java:lambda$new$0(128)) - 9c614e94-540a-4713-aa04-685a3a141a15@group-23651327B6C3-SegmentedRaftLogWorker: flushIndex: setUnconditionally 0 -> -1
2019-10-24 11:46:12,063 [pool-27-thread-1] INFO  server.RaftServerConfigKeys (ConfUtils.java:logGet(43)) - raft.server.snapshot.auto.trigger.enabled = true (custom)
2019-10-24 11:46:12,064 [pool-27-thread-1] INFO  server.RaftServerConfigKeys (ConfUtils.java:logGet(43)) - raft.server.snapshot.auto.trigger.threshold = 10000 (custom)
2019-10-24 11:46:12,064 [pool-27-thread-1] INFO  server.RaftServerConfigKeys (ConfUtils.java:logGet(43)) - raft.server.snapshot.retention.file.num = 5 (custom)
2019-10-24 11:46:12,065 [pool-27-thread-1] INFO  server.RaftServerConfigKeys (ConfUtils.java:logGet(43)) - raft.server.retrycache.expirytime = 600000ms (custom)
2019-10-24 11:46:12,085 [pool-27-thread-1] WARN  impl.MetricRegistriesImpl (MetricRegistriesImpl.java:lambda$create$1(61)) - First MetricRegistry has been created without registering reporters. You may need to call MetricRegistries.global().addReportRegistration(...) before.
2019-10-24 11:46:12,087 [pool-27-thread-1] WARN  impl.MetricRegistriesImpl (MetricRegistriesImpl.java:lambda$create$1(61)) - First MetricRegistry has been created without registering reporters. You may need to call MetricRegistries.global().addReportRegistration(...) before.
2019-10-24 11:46:12,088 [pool-27-thread-1] INFO  impl.RaftServerImpl (RaftServerImpl.java:start(184)) - 9c614e94-540a-4713-aa04-685a3a141a15@group-23651327B6C3: start as a follower, conf=-1: [9c614e94-540a-4713-aa04-685a3a141a15:192.168.157.222:45068], old=null
2019-10-24 11:46:12,089 [pool-27-thread-1] INFO  impl.RaftServerImpl (RaftServerImpl.java:setRole(173)) - 9c614e94-540a-4713-aa04-685a3a141a15@group-23651327B6C3: changes role from      null to FOLLOWER at term 0 for startAsFollower
2019-10-24 11:46:12,090 [pool-27-thread-1] INFO  impl.RoleInfo (RoleInfo.java:updateAndGet(143)) - 9c614e94-540a-4713-aa04-685a3a141a15: start FollowerState
2019-10-24 11:46:12,092 [pool-27-thread-1] INFO  util.JmxRegister (JmxRegister.java:tryRegister(44)) - Successfully registered JMX Bean with object name Ratis:service=RaftServer,group=group-23651327B6C3,id=9c614e94-540a-4713-aa04-685a3a141a15
2019-10-24 11:46:12,093 [pool-27-thread-1] WARN  impl.MetricRegistriesImpl (MetricRegistriesImpl.java:lambda$create$1(61)) - First MetricRegistry has been created without registering reporters. You may need to call MetricRegistries.global().addReportRegistration(...) before.
2019-10-24 11:46:12,159 [RatisPipelineUtilsThread] INFO  pipeline.PipelineStateManager (PipelineStateManager.java:addPipeline(56)) - Created pipeline Pipeline[ Id: fcbf7f05-8c43-4124-be02-23651327b6c3, Nodes: 9c614e94-540a-4713-aa04-685a3a141a15{ip: 192.168.157.222, host: pr-hdds-1701-wjnxn-4111008579, networkLocation: /default-rack, certSerialId: null}, Type:RATIS, Factor:ONE, State:OPEN]
2019-10-24 11:46:12,176 [grpc-default-executor-0] INFO  impl.RaftServerProxy (RaftServerProxy.java:addNew(89)) - c50ed3b6-ed09-4007-97fb-753acd29cc2b: addNew group-3E0925291158:[c50ed3b6-ed09-4007-97fb-753acd29cc2b:192.168.157.222:42942] returns group-3E0925291158:java.util.concurrent.CompletableFuture@335f26f5[Not completed]
2019-10-24 11:46:12,199 [pool-47-thread-1] INFO  impl.RaftServerImpl (RaftServerImpl.java:<init>(98)) - c50ed3b6-ed09-4007-97fb-753acd29cc2b: new RaftServerImpl for group-3E0925291158:[c50ed3b6-ed09-4007-97fb-753acd29cc2b:192.168.157.222:42942] with ContainerStateMachine:uninitialized
2019-10-24 11:46:12,201 [pool-47-thread-1] INFO  server.RaftServerConfigKeys (ConfUtils.java:logGet(43)) - raft.server.rpc.timeout.min = 5s (custom)
2019-10-24 11:46:12,201 [pool-47-thread-1] INFO  server.RaftServerConfigKeys (ConfUtils.java:logGet(43)) - raft.server.rpc.timeout.max = 5200ms (custom)
2019-10-24 11:46:12,201 [pool-47-thread-1] INFO  server.RaftServerConfigKeys (ConfUtils.java:logGet(43)) - raft.server.rpcslowness.timeout = 1000s (custom)
2019-10-24 11:46:12,201 [pool-47-thread-1] INFO  server.RaftServerConfigKeys (ConfUtils.java:logGet(43)) - raft.server.sleep.deviation.threshold = 300 (default)
2019-10-24 11:46:12,201 [pool-47-thread-1] INFO  server.RaftServerConfigKeys (ConfUtils.java:logGet(43)) - raft.server.log.appender.install.snapshot.enabled = false (custom)
2019-10-24 11:46:12,202 [pool-47-thread-1] INFO  impl.RaftServerImpl (ServerState.java:<init>(103)) - c50ed3b6-ed09-4007-97fb-753acd29cc2b@group-3E0925291158: ConfigurationManager, init=-1: [c50ed3b6-ed09-4007-97fb-753acd29cc2b:192.168.157.222:42942], old=null, confs=<EMPTY_MAP>
2019-10-24 11:46:12,202 [pool-47-thread-1] INFO  server.RaftServerConfigKeys (ConfUtils.java:logGet(43)) - raft.server.storage.dir = [/workdir/hadoop-ozone/integration-test/target/test-dir/MiniOzoneClusterImpl-7ce79f69-7e7f-4d83-a6bf-fd0497776909/datanode-2/data/ratis] (custom)
2019-10-24 11:46:12,202 [pool-47-thread-1] INFO  server.RaftServerConfigKeys (ConfUtils.java:logGet(43)) - raft.server.log.corruption.policy = EXCEPTION (default)
2019-10-24 11:46:12,202 [pool-47-thread-1] INFO  storage.RaftStorageDirectory (RaftStorageDirectory.java:analyzeStorage(246)) - The storage directory /workdir/hadoop-ozone/integration-test/target/test-dir/MiniOzoneClusterImpl-7ce79f69-7e7f-4d83-a6bf-fd0497776909/datanode-2/data/ratis/b5f70217-80fc-4bfb-a29a-3e0925291158 does not exist. Creating ...
2019-10-24 11:46:12,217 [pool-47-thread-1] INFO  storage.RaftStorageDirectory (RaftStorageDirectory.java:tryLock(328)) - Lock on /workdir/hadoop-ozone/integration-test/target/test-dir/MiniOzoneClusterImpl-7ce79f69-7e7f-4d83-a6bf-fd0497776909/datanode-2/data/ratis/b5f70217-80fc-4bfb-a29a-3e0925291158/in_use.lock acquired by nodename 2241@pr-hdds-1701-wjnxn-4111008579
2019-10-24 11:46:12,230 [pool-47-thread-1] INFO  storage.RaftStorage (RaftStorage.java:format(84)) - Storage directory /workdir/hadoop-ozone/integration-test/target/test-dir/MiniOzoneClusterImpl-7ce79f69-7e7f-4d83-a6bf-fd0497776909/datanode-2/data/ratis/b5f70217-80fc-4bfb-a29a-3e0925291158 has been successfully formatted.
2019-10-24 11:46:12,232 [pool-47-thread-1] INFO  ratis.ContainerStateMachine (ContainerStateMachine.java:loadSnapshot(231)) - group-3E0925291158: The snapshot info is null. Setting the last applied indexto:(t:0, i:~)
2019-10-24 11:46:12,233 [pool-47-thread-1] INFO  server.RaftServerConfigKeys (ConfUtils.java:logGet(43)) - raft.server.notification.no-leader.timeout = 1000s (custom)
2019-10-24 11:46:12,233 [pool-47-thread-1] INFO  server.RaftServerConfigKeys (ConfUtils.java:logGet(43)) - raft.server.log.use.memory = false (default)
2019-10-24 11:46:12,233 [pool-47-thread-1] INFO  server.RaftServerConfigKeys (ConfUtils.java:logGet(43)) - raft.server.log.purge.gap = 1000000 (custom)
2019-10-24 11:46:12,233 [pool-47-thread-1] INFO  server.RaftServerConfigKeys (ConfUtils.java:logGet(43)) - raft.server.log.appender.buffer.byte-limit = 33554432 (custom)
2019-10-24 11:46:12,233 [pool-47-thread-1] INFO  server.RaftServerConfigKeys (ConfUtils.java:logGet(43)) - raft.server.log.segment.size.max = 1048576 (custom)
2019-10-24 11:46:12,234 [pool-47-thread-1] WARN  impl.MetricRegistriesImpl (MetricRegistriesImpl.java:lambda$create$1(61)) - First MetricRegistry has been created without registering reporters. You may need to call MetricRegistries.global().addReportRegistration(...) before.
2019-10-24 11:46:12,235 [pool-47-thread-1] INFO  server.RaftServerConfigKeys (ConfUtils.java:logGet(43)) - raft.server.log.segment.cache.num.max = 2 (custom)
2019-10-24 11:46:12,235 [pool-47-thread-1] INFO  segmented.SegmentedRaftLogWorker (SegmentedRaftLogWorker.java:<init>(173)) - new c50ed3b6-ed09-4007-97fb-753acd29cc2b@group-3E0925291158-SegmentedRaftLogWorker for RaftStorage:Storage Directory /workdir/hadoop-ozone/integration-test/target/test-dir/MiniOzoneClusterImpl-7ce79f69-7e7f-4d83-a6bf-fd0497776909/datanode-2/data/ratis/b5f70217-80fc-4bfb-a29a-3e0925291158
2019-10-24 11:46:12,236 [pool-47-thread-1] INFO  server.RaftServerConfigKeys (ConfUtils.java:logGet(43)) - raft.server.log.queue.byte-limit = 2147483647 (custom)
2019-10-24 11:46:12,236 [pool-47-thread-1] INFO  server.RaftServerConfigKeys (ConfUtils.java:logGet(43)) - raft.server.log.queue.element-limit = 1024 (custom)
2019-10-24 11:46:12,236 [pool-47-thread-1] INFO  server.RaftServerConfigKeys (ConfUtils.java:logGet(43)) - raft.server.log.segment.size.max = 1048576 (custom)
2019-10-24 11:46:12,236 [pool-47-thread-1] INFO  server.RaftServerConfigKeys (ConfUtils.java:logGet(43)) - raft.server.log.preallocated.size = 16384 (custom)
2019-10-24 11:46:12,236 [pool-47-thread-1] INFO  server.RaftServerConfigKeys (ConfUtils.java:logGet(43)) - raft.server.log.write.buffer.size = 33554432 (custom)
2019-10-24 11:46:12,237 [pool-47-thread-1] INFO  server.RaftServerConfigKeys (ConfUtils.java:logGet(43)) - raft.server.log.force.sync.num = 128 (default)
2019-10-24 11:46:12,237 [pool-47-thread-1] INFO  server.RaftServerConfigKeys (ConfUtils.java:logGet(43)) - raft.server.log.statemachine.data.sync = true (default)
2019-10-24 11:46:12,237 [pool-47-thread-1] INFO  server.RaftServerConfigKeys (ConfUtils.java:logGet(43)) - raft.server.log.statemachine.data.sync.timeout = 10s (default)
2019-10-24 11:46:12,237 [pool-47-thread-1] INFO  server.RaftServerConfigKeys (ConfUtils.java:logGet(43)) - raft.server.log.statemachine.data.sync.timeout.retry = -1 (default)
2019-10-24 11:46:12,238 [pool-47-thread-1] INFO  server.RaftServerConfigKeys (ConfUtils.java:logGet(43)) - raft.server.log.statemachine.data.caching.enabled = true (custom)
2019-10-24 11:46:12,238 [pool-47-thread-1] INFO  segmented.SegmentedRaftLogWorker (SegmentedRaftLogWorker.java:lambda$new$0(128)) - c50ed3b6-ed09-4007-97fb-753acd29cc2b@group-3E0925291158-SegmentedRaftLogWorker: flushIndex: setUnconditionally 0 -> -1
2019-10-24 11:46:12,238 [pool-47-thread-1] INFO  server.RaftServerConfigKeys (ConfUtils.java:logGet(43)) - raft.server.snapshot.auto.trigger.enabled = true (custom)
2019-10-24 11:46:12,239 [pool-47-thread-1] INFO  server.RaftServerConfigKeys (ConfUtils.java:logGet(43)) - raft.server.snapshot.auto.trigger.threshold = 10000 (custom)
2019-10-24 11:46:12,239 [pool-47-thread-1] INFO  server.RaftServerConfigKeys (ConfUtils.java:logGet(43)) - raft.server.snapshot.retention.file.num = 5 (custom)
2019-10-24 11:46:12,239 [pool-47-thread-1] INFO  server.RaftServerConfigKeys (ConfUtils.java:logGet(43)) - raft.server.retrycache.expirytime = 600000ms (custom)
2019-10-24 11:46:12,239 [pool-47-thread-1] WARN  impl.MetricRegistriesImpl (MetricRegistriesImpl.java:lambda$create$1(61)) - First MetricRegistry has been created without registering reporters. You may need to call MetricRegistries.global().addReportRegistration(...) before.
2019-10-24 11:46:12,239 [pool-47-thread-1] WARN  impl.MetricRegistriesImpl (MetricRegistriesImpl.java:lambda$create$1(61)) - First MetricRegistry has been created without registering reporters. You may need to call MetricRegistries.global().addReportRegistration(...) before.
2019-10-24 11:46:12,240 [pool-47-thread-1] INFO  impl.RaftServerImpl (RaftServerImpl.java:start(184)) - c50ed3b6-ed09-4007-97fb-753acd29cc2b@group-3E0925291158: start as a follower, conf=-1: [c50ed3b6-ed09-4007-97fb-753acd29cc2b:192.168.157.222:42942], old=null
2019-10-24 11:46:12,240 [pool-47-thread-1] INFO  impl.RaftServerImpl (RaftServerImpl.java:setRole(173)) - c50ed3b6-ed09-4007-97fb-753acd29cc2b@group-3E0925291158: changes role from      null to FOLLOWER at term 0 for startAsFollower
2019-10-24 11:46:12,240 [pool-47-thread-1] INFO  impl.RoleInfo (RoleInfo.java:updateAndGet(143)) - c50ed3b6-ed09-4007-97fb-753acd29cc2b: start FollowerState
2019-10-24 11:46:12,241 [pool-47-thread-1] INFO  util.JmxRegister (JmxRegister.java:tryRegister(44)) - Successfully registered JMX Bean with object name Ratis:service=RaftServer,group=group-3E0925291158,id=c50ed3b6-ed09-4007-97fb-753acd29cc2b
2019-10-24 11:46:12,242 [pool-47-thread-1] WARN  impl.MetricRegistriesImpl (MetricRegistriesImpl.java:lambda$create$1(61)) - First MetricRegistry has been created without registering reporters. You may need to call MetricRegistries.global().addReportRegistration(...) before.
2019-10-24 11:46:12,253 [RatisPipelineUtilsThread] INFO  pipeline.PipelineStateManager (PipelineStateManager.java:addPipeline(56)) - Created pipeline Pipeline[ Id: b5f70217-80fc-4bfb-a29a-3e0925291158, Nodes: c50ed3b6-ed09-4007-97fb-753acd29cc2b{ip: 192.168.157.222, host: pr-hdds-1701-wjnxn-4111008579, networkLocation: /default-rack, certSerialId: null}, Type:RATIS, Factor:ONE, State:OPEN]
2019-10-24 11:46:12,270 [grpc-default-executor-0] INFO  impl.RaftServerProxy (RaftServerProxy.java:addNew(89)) - 6ef47ec4-f888-4c0a-9473-d3351b934030: addNew group-F47056D13A54:[6ef47ec4-f888-4c0a-9473-d3351b934030:192.168.157.222:45627] returns group-F47056D13A54:java.util.concurrent.CompletableFuture@5b31e4cb[Not completed]
2019-10-24 11:46:12,287 [pool-37-thread-1] INFO  impl.RaftServerImpl (RaftServerImpl.java:<init>(98)) - 6ef47ec4-f888-4c0a-9473-d3351b934030: new RaftServerImpl for group-F47056D13A54:[6ef47ec4-f888-4c0a-9473-d3351b934030:192.168.157.222:45627] with ContainerStateMachine:uninitialized
2019-10-24 11:46:12,288 [pool-37-thread-1] INFO  server.RaftServerConfigKeys (ConfUtils.java:logGet(43)) - raft.server.rpc.timeout.min = 5s (custom)
2019-10-24 11:46:12,288 [pool-37-thread-1] INFO  server.RaftServerConfigKeys (ConfUtils.java:logGet(43)) - raft.server.rpc.timeout.max = 5200ms (custom)
2019-10-24 11:46:12,288 [pool-37-thread-1] INFO  server.RaftServerConfigKeys (ConfUtils.java:logGet(43)) - raft.server.rpcslowness.timeout = 1000s (custom)
2019-10-24 11:46:12,288 [pool-37-thread-1] INFO  server.RaftServerConfigKeys (ConfUtils.java:logGet(43)) - raft.server.sleep.deviation.threshold = 300 (default)
2019-10-24 11:46:12,288 [pool-37-thread-1] INFO  server.RaftServerConfigKeys (ConfUtils.java:logGet(43)) - raft.server.log.appender.install.snapshot.enabled = false (custom)
2019-10-24 11:46:12,289 [pool-37-thread-1] INFO  impl.RaftServerImpl (ServerState.java:<init>(103)) - 6ef47ec4-f888-4c0a-9473-d3351b934030@group-F47056D13A54: ConfigurationManager, init=-1: [6ef47ec4-f888-4c0a-9473-d3351b934030:192.168.157.222:45627], old=null, confs=<EMPTY_MAP>
2019-10-24 11:46:12,289 [pool-37-thread-1] INFO  server.RaftServerConfigKeys (ConfUtils.java:logGet(43)) - raft.server.storage.dir = [/workdir/hadoop-ozone/integration-test/target/test-dir/MiniOzoneClusterImpl-7ce79f69-7e7f-4d83-a6bf-fd0497776909/datanode-1/data/ratis] (custom)
2019-10-24 11:46:12,289 [pool-37-thread-1] INFO  server.RaftServerConfigKeys (ConfUtils.java:logGet(43)) - raft.server.log.corruption.policy = EXCEPTION (default)
2019-10-24 11:46:12,290 [pool-37-thread-1] INFO  storage.RaftStorageDirectory (RaftStorageDirectory.java:analyzeStorage(246)) - The storage directory /workdir/hadoop-ozone/integration-test/target/test-dir/MiniOzoneClusterImpl-7ce79f69-7e7f-4d83-a6bf-fd0497776909/datanode-1/data/ratis/90616fbc-b041-4830-840a-f47056d13a54 does not exist. Creating ...
2019-10-24 11:46:12,303 [pool-37-thread-1] INFO  storage.RaftStorageDirectory (RaftStorageDirectory.java:tryLock(328)) - Lock on /workdir/hadoop-ozone/integration-test/target/test-dir/MiniOzoneClusterImpl-7ce79f69-7e7f-4d83-a6bf-fd0497776909/datanode-1/data/ratis/90616fbc-b041-4830-840a-f47056d13a54/in_use.lock acquired by nodename 2241@pr-hdds-1701-wjnxn-4111008579
2019-10-24 11:46:12,317 [pool-37-thread-1] INFO  storage.RaftStorage (RaftStorage.java:format(84)) - Storage directory /workdir/hadoop-ozone/integration-test/target/test-dir/MiniOzoneClusterImpl-7ce79f69-7e7f-4d83-a6bf-fd0497776909/datanode-1/data/ratis/90616fbc-b041-4830-840a-f47056d13a54 has been successfully formatted.
2019-10-24 11:46:12,318 [pool-37-thread-1] INFO  ratis.ContainerStateMachine (ContainerStateMachine.java:loadSnapshot(231)) - group-F47056D13A54: The snapshot info is null. Setting the last applied indexto:(t:0, i:~)
2019-10-24 11:46:12,318 [pool-37-thread-1] INFO  server.RaftServerConfigKeys (ConfUtils.java:logGet(43)) - raft.server.notification.no-leader.timeout = 1000s (custom)
2019-10-24 11:46:12,318 [pool-37-thread-1] INFO  server.RaftServerConfigKeys (ConfUtils.java:logGet(43)) - raft.server.log.use.memory = false (default)
2019-10-24 11:46:12,318 [pool-37-thread-1] INFO  server.RaftServerConfigKeys (ConfUtils.java:logGet(43)) - raft.server.log.purge.gap = 1000000 (custom)
2019-10-24 11:46:12,319 [pool-37-thread-1] INFO  server.RaftServerConfigKeys (ConfUtils.java:logGet(43)) - raft.server.log.appender.buffer.byte-limit = 33554432 (custom)
2019-10-24 11:46:12,319 [pool-37-thread-1] INFO  server.RaftServerConfigKeys (ConfUtils.java:logGet(43)) - raft.server.log.segment.size.max = 1048576 (custom)
2019-10-24 11:46:12,319 [pool-37-thread-1] WARN  impl.MetricRegistriesImpl (MetricRegistriesImpl.java:lambda$create$1(61)) - First MetricRegistry has been created without registering reporters. You may need to call MetricRegistries.global().addReportRegistration(...) before.
2019-10-24 11:46:12,319 [pool-37-thread-1] INFO  server.RaftServerConfigKeys (ConfUtils.java:logGet(43)) - raft.server.log.segment.cache.num.max = 2 (custom)
2019-10-24 11:46:12,319 [pool-37-thread-1] INFO  segmented.SegmentedRaftLogWorker (SegmentedRaftLogWorker.java:<init>(173)) - new 6ef47ec4-f888-4c0a-9473-d3351b934030@group-F47056D13A54-SegmentedRaftLogWorker for RaftStorage:Storage Directory /workdir/hadoop-ozone/integration-test/target/test-dir/MiniOzoneClusterImpl-7ce79f69-7e7f-4d83-a6bf-fd0497776909/datanode-1/data/ratis/90616fbc-b041-4830-840a-f47056d13a54
2019-10-24 11:46:12,320 [pool-37-thread-1] INFO  server.RaftServerConfigKeys (ConfUtils.java:logGet(43)) - raft.server.log.queue.byte-limit = 2147483647 (custom)
2019-10-24 11:46:12,320 [pool-37-thread-1] INFO  server.RaftServerConfigKeys (ConfUtils.java:logGet(43)) - raft.server.log.queue.element-limit = 1024 (custom)
2019-10-24 11:46:12,320 [pool-37-thread-1] INFO  server.RaftServerConfigKeys (ConfUtils.java:logGet(43)) - raft.server.log.segment.size.max = 1048576 (custom)
2019-10-24 11:46:12,320 [pool-37-thread-1] INFO  server.RaftServerConfigKeys (ConfUtils.java:logGet(43)) - raft.server.log.preallocated.size = 16384 (custom)
2019-10-24 11:46:12,320 [pool-37-thread-1] INFO  server.RaftServerConfigKeys (ConfUtils.java:logGet(43)) - raft.server.log.write.buffer.size = 33554432 (custom)
2019-10-24 11:46:12,320 [pool-37-thread-1] INFO  server.RaftServerConfigKeys (ConfUtils.java:logGet(43)) - raft.server.log.force.sync.num = 128 (default)
2019-10-24 11:46:12,321 [pool-37-thread-1] INFO  server.RaftServerConfigKeys (ConfUtils.java:logGet(43)) - raft.server.log.statemachine.data.sync = true (default)
2019-10-24 11:46:12,321 [pool-37-thread-1] INFO  server.RaftServerConfigKeys (ConfUtils.java:logGet(43)) - raft.server.log.statemachine.data.sync.timeout = 10s (default)
2019-10-24 11:46:12,321 [pool-37-thread-1] INFO  server.RaftServerConfigKeys (ConfUtils.java:logGet(43)) - raft.server.log.statemachine.data.sync.timeout.retry = -1 (default)
2019-10-24 11:46:12,321 [pool-37-thread-1] INFO  server.RaftServerConfigKeys (ConfUtils.java:logGet(43)) - raft.server.log.statemachine.data.caching.enabled = true (custom)
2019-10-24 11:46:12,322 [pool-37-thread-1] INFO  segmented.SegmentedRaftLogWorker (SegmentedRaftLogWorker.java:lambda$new$0(128)) - 6ef47ec4-f888-4c0a-9473-d3351b934030@group-F47056D13A54-SegmentedRaftLogWorker: flushIndex: setUnconditionally 0 -> -1
2019-10-24 11:46:12,322 [pool-37-thread-1] INFO  server.RaftServerConfigKeys (ConfUtils.java:logGet(43)) - raft.server.snapshot.auto.trigger.enabled = true (custom)
2019-10-24 11:46:12,323 [pool-37-thread-1] INFO  server.RaftServerConfigKeys (ConfUtils.java:logGet(43)) - raft.server.snapshot.auto.trigger.threshold = 10000 (custom)
2019-10-24 11:46:12,323 [pool-37-thread-1] INFO  server.RaftServerConfigKeys (ConfUtils.java:logGet(43)) - raft.server.snapshot.retention.file.num = 5 (custom)
2019-10-24 11:46:12,323 [pool-37-thread-1] INFO  server.RaftServerConfigKeys (ConfUtils.java:logGet(43)) - raft.server.retrycache.expirytime = 600000ms (custom)
2019-10-24 11:46:12,323 [pool-37-thread-1] WARN  impl.MetricRegistriesImpl (MetricRegistriesImpl.java:lambda$create$1(61)) - First MetricRegistry has been created without registering reporters. You may need to call MetricRegistries.global().addReportRegistration(...) before.
2019-10-24 11:46:12,323 [pool-37-thread-1] WARN  impl.MetricRegistriesImpl (MetricRegistriesImpl.java:lambda$create$1(61)) - First MetricRegistry has been created without registering reporters. You may need to call MetricRegistries.global().addReportRegistration(...) before.
2019-10-24 11:46:12,324 [pool-37-thread-1] INFO  impl.RaftServerImpl (RaftServerImpl.java:start(184)) - 6ef47ec4-f888-4c0a-9473-d3351b934030@group-F47056D13A54: start as a follower, conf=-1: [6ef47ec4-f888-4c0a-9473-d3351b934030:192.168.157.222:45627], old=null
2019-10-24 11:46:12,324 [pool-37-thread-1] INFO  impl.RaftServerImpl (RaftServerImpl.java:setRole(173)) - 6ef47ec4-f888-4c0a-9473-d3351b934030@group-F47056D13A54: changes role from      null to FOLLOWER at term 0 for startAsFollower
2019-10-24 11:46:12,324 [pool-37-thread-1] INFO  impl.RoleInfo (RoleInfo.java:updateAndGet(143)) - 6ef47ec4-f888-4c0a-9473-d3351b934030: start FollowerState
2019-10-24 11:46:12,325 [pool-37-thread-1] INFO  util.JmxRegister (JmxRegister.java:tryRegister(44)) - Successfully registered JMX Bean with object name Ratis:service=RaftServer,group=group-F47056D13A54,id=6ef47ec4-f888-4c0a-9473-d3351b934030
2019-10-24 11:46:12,325 [pool-37-thread-1] WARN  impl.MetricRegistriesImpl (MetricRegistriesImpl.java:lambda$create$1(61)) - First MetricRegistry has been created without registering reporters. You may need to call MetricRegistries.global().addReportRegistration(...) before.
2019-10-24 11:46:12,337 [RatisPipelineUtilsThread] INFO  pipeline.PipelineStateManager (PipelineStateManager.java:addPipeline(56)) - Created pipeline Pipeline[ Id: 90616fbc-b041-4830-840a-f47056d13a54, Nodes: 6ef47ec4-f888-4c0a-9473-d3351b934030{ip: 192.168.157.222, host: pr-hdds-1701-wjnxn-4111008579, networkLocation: /default-rack, certSerialId: null}, Type:RATIS, Factor:ONE, State:OPEN]
2019-10-24 11:46:12,364 [grpc-default-executor-2] INFO  impl.RaftServerProxy (RaftServerProxy.java:addNew(89)) - 9c614e94-540a-4713-aa04-685a3a141a15: addNew group-DB82EA1B0560:[c50ed3b6-ed09-4007-97fb-753acd29cc2b:192.168.157.222:42942, 9c614e94-540a-4713-aa04-685a3a141a15:192.168.157.222:45068, 6ef47ec4-f888-4c0a-9473-d3351b934030:192.168.157.222:45627] returns group-DB82EA1B0560:java.util.concurrent.CompletableFuture@341f09ef[Not completed]
2019-10-24 11:46:12,370 [grpc-default-executor-1] INFO  impl.RaftServerProxy (RaftServerProxy.java:addNew(89)) - c50ed3b6-ed09-4007-97fb-753acd29cc2b: addNew group-DB82EA1B0560:[c50ed3b6-ed09-4007-97fb-753acd29cc2b:192.168.157.222:42942, 9c614e94-540a-4713-aa04-685a3a141a15:192.168.157.222:45068, 6ef47ec4-f888-4c0a-9473-d3351b934030:192.168.157.222:45627] returns group-DB82EA1B0560:java.util.concurrent.CompletableFuture@38c9dc6[Not completed]
2019-10-24 11:46:12,370 [grpc-default-executor-2] INFO  impl.RaftServerProxy (RaftServerProxy.java:addNew(89)) - 6ef47ec4-f888-4c0a-9473-d3351b934030: addNew group-DB82EA1B0560:[c50ed3b6-ed09-4007-97fb-753acd29cc2b:192.168.157.222:42942, 9c614e94-540a-4713-aa04-685a3a141a15:192.168.157.222:45068, 6ef47ec4-f888-4c0a-9473-d3351b934030:192.168.157.222:45627] returns group-DB82EA1B0560:java.util.concurrent.CompletableFuture@711d8108[Not completed]
2019-10-24 11:46:12,370 [pool-27-thread-1] INFO  impl.RaftServerImpl (RaftServerImpl.java:<init>(98)) - 9c614e94-540a-4713-aa04-685a3a141a15: new RaftServerImpl for group-DB82EA1B0560:[c50ed3b6-ed09-4007-97fb-753acd29cc2b:192.168.157.222:42942, 9c614e94-540a-4713-aa04-685a3a141a15:192.168.157.222:45068, 6ef47ec4-f888-4c0a-9473-d3351b934030:192.168.157.222:45627] with ContainerStateMachine:uninitialized
2019-10-24 11:46:12,371 [pool-27-thread-1] INFO  server.RaftServerConfigKeys (ConfUtils.java:logGet(43)) - raft.server.rpc.timeout.min = 5s (custom)
2019-10-24 11:46:12,371 [pool-27-thread-1] INFO  server.RaftServerConfigKeys (ConfUtils.java:logGet(43)) - raft.server.rpc.timeout.max = 5200ms (custom)
2019-10-24 11:46:12,372 [pool-27-thread-1] INFO  server.RaftServerConfigKeys (ConfUtils.java:logGet(43)) - raft.server.rpcslowness.timeout = 1000s (custom)
2019-10-24 11:46:12,372 [pool-27-thread-1] INFO  server.RaftServerConfigKeys (ConfUtils.java:logGet(43)) - raft.server.sleep.deviation.threshold = 300 (default)
2019-10-24 11:46:12,372 [pool-27-thread-1] INFO  server.RaftServerConfigKeys (ConfUtils.java:logGet(43)) - raft.server.log.appender.install.snapshot.enabled = false (custom)
2019-10-24 11:46:12,372 [pool-47-thread-1] INFO  impl.RaftServerImpl (RaftServerImpl.java:<init>(98)) - c50ed3b6-ed09-4007-97fb-753acd29cc2b: new RaftServerImpl for group-DB82EA1B0560:[c50ed3b6-ed09-4007-97fb-753acd29cc2b:192.168.157.222:42942, 9c614e94-540a-4713-aa04-685a3a141a15:192.168.157.222:45068, 6ef47ec4-f888-4c0a-9473-d3351b934030:192.168.157.222:45627] with ContainerStateMachine:uninitialized
2019-10-24 11:46:12,372 [pool-27-thread-1] INFO  impl.RaftServerImpl (ServerState.java:<init>(103)) - 9c614e94-540a-4713-aa04-685a3a141a15@group-DB82EA1B0560: ConfigurationManager, init=-1: [c50ed3b6-ed09-4007-97fb-753acd29cc2b:192.168.157.222:42942, 9c614e94-540a-4713-aa04-685a3a141a15:192.168.157.222:45068, 6ef47ec4-f888-4c0a-9473-d3351b934030:192.168.157.222:45627], old=null, confs=<EMPTY_MAP>
2019-10-24 11:46:12,372 [pool-47-thread-1] INFO  server.RaftServerConfigKeys (ConfUtils.java:logGet(43)) - raft.server.rpc.timeout.min = 5s (custom)
2019-10-24 11:46:12,373 [pool-47-thread-1] INFO  server.RaftServerConfigKeys (ConfUtils.java:logGet(43)) - raft.server.rpc.timeout.max = 5200ms (custom)
2019-10-24 11:46:12,373 [pool-27-thread-1] INFO  server.RaftServerConfigKeys (ConfUtils.java:logGet(43)) - raft.server.storage.dir = [/workdir/hadoop-ozone/integration-test/target/test-dir/MiniOzoneClusterImpl-7ce79f69-7e7f-4d83-a6bf-fd0497776909/datanode-0/data/ratis] (custom)
2019-10-24 11:46:12,373 [pool-47-thread-1] INFO  server.RaftServerConfigKeys (ConfUtils.java:logGet(43)) - raft.server.rpcslowness.timeout = 1000s (custom)
2019-10-24 11:46:12,373 [pool-47-thread-1] INFO  server.RaftServerConfigKeys (ConfUtils.java:logGet(43)) - raft.server.sleep.deviation.threshold = 300 (default)
2019-10-24 11:46:12,373 [pool-37-thread-1] INFO  impl.RaftServerImpl (RaftServerImpl.java:<init>(98)) - 6ef47ec4-f888-4c0a-9473-d3351b934030: new RaftServerImpl for group-DB82EA1B0560:[c50ed3b6-ed09-4007-97fb-753acd29cc2b:192.168.157.222:42942, 9c614e94-540a-4713-aa04-685a3a141a15:192.168.157.222:45068, 6ef47ec4-f888-4c0a-9473-d3351b934030:192.168.157.222:45627] with ContainerStateMachine:uninitialized
2019-10-24 11:46:12,373 [pool-27-thread-1] INFO  server.RaftServerConfigKeys (ConfUtils.java:logGet(43)) - raft.server.log.corruption.policy = EXCEPTION (default)
2019-10-24 11:46:12,373 [pool-47-thread-1] INFO  server.RaftServerConfigKeys (ConfUtils.java:logGet(43)) - raft.server.log.appender.install.snapshot.enabled = false (custom)
2019-10-24 11:46:12,373 [pool-37-thread-1] INFO  server.RaftServerConfigKeys (ConfUtils.java:logGet(43)) - raft.server.rpc.timeout.min = 5s (custom)
2019-10-24 11:46:12,374 [pool-27-thread-1] INFO  storage.RaftStorageDirectory (RaftStorageDirectory.java:analyzeStorage(246)) - The storage directory /workdir/hadoop-ozone/integration-test/target/test-dir/MiniOzoneClusterImpl-7ce79f69-7e7f-4d83-a6bf-fd0497776909/datanode-0/data/ratis/376e765d-a5bf-4b1f-a23f-db82ea1b0560 does not exist. Creating ...
2019-10-24 11:46:12,374 [pool-47-thread-1] INFO  impl.RaftServerImpl (ServerState.java:<init>(103)) - c50ed3b6-ed09-4007-97fb-753acd29cc2b@group-DB82EA1B0560: ConfigurationManager, init=-1: [c50ed3b6-ed09-4007-97fb-753acd29cc2b:192.168.157.222:42942, 9c614e94-540a-4713-aa04-685a3a141a15:192.168.157.222:45068, 6ef47ec4-f888-4c0a-9473-d3351b934030:192.168.157.222:45627], old=null, confs=<EMPTY_MAP>
2019-10-24 11:46:12,374 [pool-37-thread-1] INFO  server.RaftServerConfigKeys (ConfUtils.java:logGet(43)) - raft.server.rpc.timeout.max = 5200ms (custom)
2019-10-24 11:46:12,374 [pool-47-thread-1] INFO  server.RaftServerConfigKeys (ConfUtils.java:logGet(43)) - raft.server.storage.dir = [/workdir/hadoop-ozone/integration-test/target/test-dir/MiniOzoneClusterImpl-7ce79f69-7e7f-4d83-a6bf-fd0497776909/datanode-2/data/ratis] (custom)
2019-10-24 11:46:12,374 [pool-37-thread-1] INFO  server.RaftServerConfigKeys (ConfUtils.java:logGet(43)) - raft.server.rpcslowness.timeout = 1000s (custom)
2019-10-24 11:46:12,375 [pool-37-thread-1] INFO  server.RaftServerConfigKeys (ConfUtils.java:logGet(43)) - raft.server.sleep.deviation.threshold = 300 (default)
2019-10-24 11:46:12,375 [pool-47-thread-1] INFO  server.RaftServerConfigKeys (ConfUtils.java:logGet(43)) - raft.server.log.corruption.policy = EXCEPTION (default)
2019-10-24 11:46:12,375 [pool-37-thread-1] INFO  server.RaftServerConfigKeys (ConfUtils.java:logGet(43)) - raft.server.log.appender.install.snapshot.enabled = false (custom)
2019-10-24 11:46:12,375 [pool-47-thread-1] INFO  storage.RaftStorageDirectory (RaftStorageDirectory.java:analyzeStorage(246)) - The storage directory /workdir/hadoop-ozone/integration-test/target/test-dir/MiniOzoneClusterImpl-7ce79f69-7e7f-4d83-a6bf-fd0497776909/datanode-2/data/ratis/376e765d-a5bf-4b1f-a23f-db82ea1b0560 does not exist. Creating ...
2019-10-24 11:46:12,375 [pool-37-thread-1] INFO  impl.RaftServerImpl (ServerState.java:<init>(103)) - 6ef47ec4-f888-4c0a-9473-d3351b934030@group-DB82EA1B0560: ConfigurationManager, init=-1: [c50ed3b6-ed09-4007-97fb-753acd29cc2b:192.168.157.222:42942, 9c614e94-540a-4713-aa04-685a3a141a15:192.168.157.222:45068, 6ef47ec4-f888-4c0a-9473-d3351b934030:192.168.157.222:45627], old=null, confs=<EMPTY_MAP>
2019-10-24 11:46:12,375 [pool-37-thread-1] INFO  server.RaftServerConfigKeys (ConfUtils.java:logGet(43)) - raft.server.storage.dir = [/workdir/hadoop-ozone/integration-test/target/test-dir/MiniOzoneClusterImpl-7ce79f69-7e7f-4d83-a6bf-fd0497776909/datanode-1/data/ratis] (custom)
2019-10-24 11:46:12,376 [pool-37-thread-1] INFO  server.RaftServerConfigKeys (ConfUtils.java:logGet(43)) - raft.server.log.corruption.policy = EXCEPTION (default)
2019-10-24 11:46:12,376 [pool-37-thread-1] INFO  storage.RaftStorageDirectory (RaftStorageDirectory.java:analyzeStorage(246)) - The storage directory /workdir/hadoop-ozone/integration-test/target/test-dir/MiniOzoneClusterImpl-7ce79f69-7e7f-4d83-a6bf-fd0497776909/datanode-1/data/ratis/376e765d-a5bf-4b1f-a23f-db82ea1b0560 does not exist. Creating ...
2019-10-24 11:46:12,388 [pool-47-thread-1] INFO  storage.RaftStorageDirectory (RaftStorageDirectory.java:tryLock(328)) - Lock on /workdir/hadoop-ozone/integration-test/target/test-dir/MiniOzoneClusterImpl-7ce79f69-7e7f-4d83-a6bf-fd0497776909/datanode-2/data/ratis/376e765d-a5bf-4b1f-a23f-db82ea1b0560/in_use.lock acquired by nodename 2241@pr-hdds-1701-wjnxn-4111008579
2019-10-24 11:46:12,388 [pool-27-thread-1] INFO  storage.RaftStorageDirectory (RaftStorageDirectory.java:tryLock(328)) - Lock on /workdir/hadoop-ozone/integration-test/target/test-dir/MiniOzoneClusterImpl-7ce79f69-7e7f-4d83-a6bf-fd0497776909/datanode-0/data/ratis/376e765d-a5bf-4b1f-a23f-db82ea1b0560/in_use.lock acquired by nodename 2241@pr-hdds-1701-wjnxn-4111008579
2019-10-24 11:46:12,388 [pool-37-thread-1] INFO  storage.RaftStorageDirectory (RaftStorageDirectory.java:tryLock(328)) - Lock on /workdir/hadoop-ozone/integration-test/target/test-dir/MiniOzoneClusterImpl-7ce79f69-7e7f-4d83-a6bf-fd0497776909/datanode-1/data/ratis/376e765d-a5bf-4b1f-a23f-db82ea1b0560/in_use.lock acquired by nodename 2241@pr-hdds-1701-wjnxn-4111008579
2019-10-24 11:46:12,401 [pool-47-thread-1] INFO  storage.RaftStorage (RaftStorage.java:format(84)) - Storage directory /workdir/hadoop-ozone/integration-test/target/test-dir/MiniOzoneClusterImpl-7ce79f69-7e7f-4d83-a6bf-fd0497776909/datanode-2/data/ratis/376e765d-a5bf-4b1f-a23f-db82ea1b0560 has been successfully formatted.
2019-10-24 11:46:12,401 [pool-37-thread-1] INFO  storage.RaftStorage (RaftStorage.java:format(84)) - Storage directory /workdir/hadoop-ozone/integration-test/target/test-dir/MiniOzoneClusterImpl-7ce79f69-7e7f-4d83-a6bf-fd0497776909/datanode-1/data/ratis/376e765d-a5bf-4b1f-a23f-db82ea1b0560 has been successfully formatted.
2019-10-24 11:46:12,401 [pool-27-thread-1] INFO  storage.RaftStorage (RaftStorage.java:format(84)) - Storage directory /workdir/hadoop-ozone/integration-test/target/test-dir/MiniOzoneClusterImpl-7ce79f69-7e7f-4d83-a6bf-fd0497776909/datanode-0/data/ratis/376e765d-a5bf-4b1f-a23f-db82ea1b0560 has been successfully formatted.
2019-10-24 11:46:12,402 [pool-47-thread-1] INFO  ratis.ContainerStateMachine (ContainerStateMachine.java:loadSnapshot(231)) - group-DB82EA1B0560: The snapshot info is null. Setting the last applied indexto:(t:0, i:~)
2019-10-24 11:46:12,402 [pool-37-thread-1] INFO  ratis.ContainerStateMachine (ContainerStateMachine.java:loadSnapshot(231)) - group-DB82EA1B0560: The snapshot info is null. Setting the last applied indexto:(t:0, i:~)
2019-10-24 11:46:12,402 [pool-27-thread-1] INFO  ratis.ContainerStateMachine (ContainerStateMachine.java:loadSnapshot(231)) - group-DB82EA1B0560: The snapshot info is null. Setting the last applied indexto:(t:0, i:~)
2019-10-24 11:46:12,402 [pool-47-thread-1] INFO  server.RaftServerConfigKeys (ConfUtils.java:logGet(43)) - raft.server.notification.no-leader.timeout = 1000s (custom)
2019-10-24 11:46:12,403 [pool-27-thread-1] INFO  server.RaftServerConfigKeys (ConfUtils.java:logGet(43)) - raft.server.notification.no-leader.timeout = 1000s (custom)
2019-10-24 11:46:12,402 [pool-37-thread-1] INFO  server.RaftServerConfigKeys (ConfUtils.java:logGet(43)) - raft.server.notification.no-leader.timeout = 1000s (custom)
2019-10-24 11:46:12,403 [pool-27-thread-1] INFO  server.RaftServerConfigKeys (ConfUtils.java:logGet(43)) - raft.server.log.use.memory = false (default)
2019-10-24 11:46:12,403 [pool-47-thread-1] INFO  server.RaftServerConfigKeys (ConfUtils.java:logGet(43)) - raft.server.log.use.memory = false (default)
2019-10-24 11:46:12,403 [pool-27-thread-1] INFO  server.RaftServerConfigKeys (ConfUtils.java:logGet(43)) - raft.server.log.purge.gap = 1000000 (custom)
2019-10-24 11:46:12,403 [pool-37-thread-1] INFO  server.RaftServerConfigKeys (ConfUtils.java:logGet(43)) - raft.server.log.use.memory = false (default)
2019-10-24 11:46:12,403 [pool-27-thread-1] INFO  server.RaftServerConfigKeys (ConfUtils.java:logGet(43)) - raft.server.log.appender.buffer.byte-limit = 33554432 (custom)
2019-10-24 11:46:12,403 [pool-47-thread-1] INFO  server.RaftServerConfigKeys (ConfUtils.java:logGet(43)) - raft.server.log.purge.gap = 1000000 (custom)
2019-10-24 11:46:12,404 [pool-27-thread-1] INFO  server.RaftServerConfigKeys (ConfUtils.java:logGet(43)) - raft.server.log.segment.size.max = 1048576 (custom)
2019-10-24 11:46:12,403 [pool-37-thread-1] INFO  server.RaftServerConfigKeys (ConfUtils.java:logGet(43)) - raft.server.log.purge.gap = 1000000 (custom)
2019-10-24 11:46:12,404 [pool-27-thread-1] INFO  server.RaftServerConfigKeys (ConfUtils.java:logGet(43)) - raft.server.log.segment.cache.num.max = 2 (custom)
2019-10-24 11:46:12,404 [pool-37-thread-1] INFO  server.RaftServerConfigKeys (ConfUtils.java:logGet(43)) - raft.server.log.appender.buffer.byte-limit = 33554432 (custom)
2019-10-24 11:46:12,404 [pool-47-thread-1] INFO  server.RaftServerConfigKeys (ConfUtils.java:logGet(43)) - raft.server.log.appender.buffer.byte-limit = 33554432 (custom)
2019-10-24 11:46:12,404 [pool-37-thread-1] INFO  server.RaftServerConfigKeys (ConfUtils.java:logGet(43)) - raft.server.log.segment.size.max = 1048576 (custom)
2019-10-24 11:46:12,404 [pool-27-thread-1] INFO  segmented.SegmentedRaftLogWorker (SegmentedRaftLogWorker.java:<init>(173)) - new 9c614e94-540a-4713-aa04-685a3a141a15@group-DB82EA1B0560-SegmentedRaftLogWorker for RaftStorage:Storage Directory /workdir/hadoop-ozone/integration-test/target/test-dir/MiniOzoneClusterImpl-7ce79f69-7e7f-4d83-a6bf-fd0497776909/datanode-0/data/ratis/376e765d-a5bf-4b1f-a23f-db82ea1b0560
2019-10-24 11:46:12,405 [pool-37-thread-1] INFO  server.RaftServerConfigKeys (ConfUtils.java:logGet(43)) - raft.server.log.segment.cache.num.max = 2 (custom)
2019-10-24 11:46:12,404 [pool-47-thread-1] INFO  server.RaftServerConfigKeys (ConfUtils.java:logGet(43)) - raft.server.log.segment.size.max = 1048576 (custom)
2019-10-24 11:46:12,405 [pool-37-thread-1] INFO  segmented.SegmentedRaftLogWorker (SegmentedRaftLogWorker.java:<init>(173)) - new 6ef47ec4-f888-4c0a-9473-d3351b934030@group-DB82EA1B0560-SegmentedRaftLogWorker for RaftStorage:Storage Directory /workdir/hadoop-ozone/integration-test/target/test-dir/MiniOzoneClusterImpl-7ce79f69-7e7f-4d83-a6bf-fd0497776909/datanode-1/data/ratis/376e765d-a5bf-4b1f-a23f-db82ea1b0560
2019-10-24 11:46:12,405 [pool-27-thread-1] INFO  server.RaftServerConfigKeys (ConfUtils.java:logGet(43)) - raft.server.log.queue.byte-limit = 2147483647 (custom)
2019-10-24 11:46:12,405 [pool-37-thread-1] INFO  server.RaftServerConfigKeys (ConfUtils.java:logGet(43)) - raft.server.log.queue.byte-limit = 2147483647 (custom)
2019-10-24 11:46:12,405 [pool-47-thread-1] INFO  server.RaftServerConfigKeys (ConfUtils.java:logGet(43)) - raft.server.log.segment.cache.num.max = 2 (custom)
2019-10-24 11:46:12,405 [pool-37-thread-1] INFO  server.RaftServerConfigKeys (ConfUtils.java:logGet(43)) - raft.server.log.queue.element-limit = 1024 (custom)
2019-10-24 11:46:12,405 [pool-27-thread-1] INFO  server.RaftServerConfigKeys (ConfUtils.java:logGet(43)) - raft.server.log.queue.element-limit = 1024 (custom)
2019-10-24 11:46:12,406 [pool-37-thread-1] INFO  server.RaftServerConfigKeys (ConfUtils.java:logGet(43)) - raft.server.log.segment.size.max = 1048576 (custom)
2019-10-24 11:46:12,406 [pool-47-thread-1] INFO  segmented.SegmentedRaftLogWorker (SegmentedRaftLogWorker.java:<init>(173)) - new c50ed3b6-ed09-4007-97fb-753acd29cc2b@group-DB82EA1B0560-SegmentedRaftLogWorker for RaftStorage:Storage Directory /workdir/hadoop-ozone/integration-test/target/test-dir/MiniOzoneClusterImpl-7ce79f69-7e7f-4d83-a6bf-fd0497776909/datanode-2/data/ratis/376e765d-a5bf-4b1f-a23f-db82ea1b0560
2019-10-24 11:46:12,406 [pool-37-thread-1] INFO  server.RaftServerConfigKeys (ConfUtils.java:logGet(43)) - raft.server.log.preallocated.size = 16384 (custom)
2019-10-24 11:46:12,406 [pool-27-thread-1] INFO  server.RaftServerConfigKeys (ConfUtils.java:logGet(43)) - raft.server.log.segment.size.max = 1048576 (custom)
2019-10-24 11:46:12,406 [pool-37-thread-1] INFO  server.RaftServerConfigKeys (ConfUtils.java:logGet(43)) - raft.server.log.write.buffer.size = 33554432 (custom)
2019-10-24 11:46:12,406 [pool-47-thread-1] INFO  server.RaftServerConfigKeys (ConfUtils.java:logGet(43)) - raft.server.log.queue.byte-limit = 2147483647 (custom)
2019-10-24 11:46:12,406 [pool-37-thread-1] INFO  server.RaftServerConfigKeys (ConfUtils.java:logGet(43)) - raft.server.log.force.sync.num = 128 (default)
2019-10-24 11:46:12,406 [pool-27-thread-1] INFO  server.RaftServerConfigKeys (ConfUtils.java:logGet(43)) - raft.server.log.preallocated.size = 16384 (custom)
2019-10-24 11:46:12,407 [pool-37-thread-1] INFO  server.RaftServerConfigKeys (ConfUtils.java:logGet(43)) - raft.server.log.statemachine.data.sync = true (default)
2019-10-24 11:46:12,407 [pool-47-thread-1] INFO  server.RaftServerConfigKeys (ConfUtils.java:logGet(43)) - raft.server.log.queue.element-limit = 1024 (custom)
2019-10-24 11:46:12,407 [pool-37-thread-1] INFO  server.RaftServerConfigKeys (ConfUtils.java:logGet(43)) - raft.server.log.statemachine.data.sync.timeout = 10s (default)
2019-10-24 11:46:12,407 [pool-27-thread-1] INFO  server.RaftServerConfigKeys (ConfUtils.java:logGet(43)) - raft.server.log.write.buffer.size = 33554432 (custom)
2019-10-24 11:46:12,407 [pool-37-thread-1] INFO  server.RaftServerConfigKeys (ConfUtils.java:logGet(43)) - raft.server.log.statemachine.data.sync.timeout.retry = -1 (default)
2019-10-24 11:46:12,407 [pool-47-thread-1] INFO  server.RaftServerConfigKeys (ConfUtils.java:logGet(43)) - raft.server.log.segment.size.max = 1048576 (custom)
2019-10-24 11:46:12,407 [pool-27-thread-1] INFO  server.RaftServerConfigKeys (ConfUtils.java:logGet(43)) - raft.server.log.force.sync.num = 128 (default)
2019-10-24 11:46:12,408 [pool-37-thread-1] INFO  server.RaftServerConfigKeys (ConfUtils.java:logGet(43)) - raft.server.log.statemachine.data.caching.enabled = true (custom)
2019-10-24 11:46:12,408 [pool-47-thread-1] INFO  server.RaftServerConfigKeys (ConfUtils.java:logGet(43)) - raft.server.log.preallocated.size = 16384 (custom)
2019-10-24 11:46:12,408 [pool-27-thread-1] INFO  server.RaftServerConfigKeys (ConfUtils.java:logGet(43)) - raft.server.log.statemachine.data.sync = true (default)
2019-10-24 11:46:12,408 [pool-47-thread-1] INFO  server.RaftServerConfigKeys (ConfUtils.java:logGet(43)) - raft.server.log.write.buffer.size = 33554432 (custom)
2019-10-24 11:46:12,408 [pool-37-thread-1] INFO  segmented.SegmentedRaftLogWorker (SegmentedRaftLogWorker.java:lambda$new$0(128)) - 6ef47ec4-f888-4c0a-9473-d3351b934030@group-DB82EA1B0560-SegmentedRaftLogWorker: flushIndex: setUnconditionally 0 -> -1
2019-10-24 11:46:12,408 [pool-47-thread-1] INFO  server.RaftServerConfigKeys (ConfUtils.java:logGet(43)) - raft.server.log.force.sync.num = 128 (default)
2019-10-24 11:46:12,408 [pool-27-thread-1] INFO  server.RaftServerConfigKeys (ConfUtils.java:logGet(43)) - raft.server.log.statemachine.data.sync.timeout = 10s (default)
2019-10-24 11:46:12,409 [pool-37-thread-1] INFO  server.RaftServerConfigKeys (ConfUtils.java:logGet(43)) - raft.server.snapshot.auto.trigger.enabled = true (custom)
2019-10-24 11:46:12,409 [pool-47-thread-1] INFO  server.RaftServerConfigKeys (ConfUtils.java:logGet(43)) - raft.server.log.statemachine.data.sync = true (default)
2019-10-24 11:46:12,409 [pool-37-thread-1] INFO  server.RaftServerConfigKeys (ConfUtils.java:logGet(43)) - raft.server.snapshot.auto.trigger.threshold = 10000 (custom)
2019-10-24 11:46:12,409 [pool-27-thread-1] INFO  server.RaftServerConfigKeys (ConfUtils.java:logGet(43)) - raft.server.log.statemachine.data.sync.timeout.retry = -1 (default)
2019-10-24 11:46:12,409 [pool-37-thread-1] INFO  server.RaftServerConfigKeys (ConfUtils.java:logGet(43)) - raft.server.snapshot.retention.file.num = 5 (custom)
2019-10-24 11:46:12,409 [pool-47-thread-1] INFO  server.RaftServerConfigKeys (ConfUtils.java:logGet(43)) - raft.server.log.statemachine.data.sync.timeout = 10s (default)
2019-10-24 11:46:12,410 [pool-37-thread-1] INFO  server.RaftServerConfigKeys (ConfUtils.java:logGet(43)) - raft.server.retrycache.expirytime = 600000ms (custom)
2019-10-24 11:46:12,410 [pool-27-thread-1] INFO  server.RaftServerConfigKeys (ConfUtils.java:logGet(43)) - raft.server.log.statemachine.data.caching.enabled = true (custom)
2019-10-24 11:46:12,410 [pool-37-thread-1] WARN  impl.MetricRegistriesImpl (MetricRegistriesImpl.java:lambda$create$1(61)) - First MetricRegistry has been created without registering reporters. You may need to call MetricRegistries.global().addReportRegistration(...) before.
2019-10-24 11:46:12,410 [pool-47-thread-1] INFO  server.RaftServerConfigKeys (ConfUtils.java:logGet(43)) - raft.server.log.statemachine.data.sync.timeout.retry = -1 (default)
2019-10-24 11:46:12,410 [pool-27-thread-1] INFO  segmented.SegmentedRaftLogWorker (SegmentedRaftLogWorker.java:lambda$new$0(128)) - 9c614e94-540a-4713-aa04-685a3a141a15@group-DB82EA1B0560-SegmentedRaftLogWorker: flushIndex: setUnconditionally 0 -> -1
2019-10-24 11:46:12,410 [pool-37-thread-1] WARN  impl.MetricRegistriesImpl (MetricRegistriesImpl.java:lambda$create$1(61)) - First MetricRegistry has been created without registering reporters. You may need to call MetricRegistries.global().addReportRegistration(...) before.
2019-10-24 11:46:12,410 [pool-47-thread-1] INFO  server.RaftServerConfigKeys (ConfUtils.java:logGet(43)) - raft.server.log.statemachine.data.caching.enabled = true (custom)
2019-10-24 11:46:12,411 [pool-37-thread-1] INFO  impl.RaftServerImpl (RaftServerImpl.java:start(184)) - 6ef47ec4-f888-4c0a-9473-d3351b934030@group-DB82EA1B0560: start as a follower, conf=-1: [c50ed3b6-ed09-4007-97fb-753acd29cc2b:192.168.157.222:42942, 9c614e94-540a-4713-aa04-685a3a141a15:192.168.157.222:45068, 6ef47ec4-f888-4c0a-9473-d3351b934030:192.168.157.222:45627], old=null
2019-10-24 11:46:12,411 [pool-27-thread-1] INFO  server.RaftServerConfigKeys (ConfUtils.java:logGet(43)) - raft.server.snapshot.auto.trigger.enabled = true (custom)
2019-10-24 11:46:12,411 [pool-37-thread-1] INFO  impl.RaftServerImpl (RaftServerImpl.java:setRole(173)) - 6ef47ec4-f888-4c0a-9473-d3351b934030@group-DB82EA1B0560: changes role from      null to FOLLOWER at term 0 for startAsFollower
2019-10-24 11:46:12,411 [pool-47-thread-1] INFO  segmented.SegmentedRaftLogWorker (SegmentedRaftLogWorker.java:lambda$new$0(128)) - c50ed3b6-ed09-4007-97fb-753acd29cc2b@group-DB82EA1B0560-SegmentedRaftLogWorker: flushIndex: setUnconditionally 0 -> -1
2019-10-24 11:46:12,411 [pool-27-thread-1] INFO  server.RaftServerConfigKeys (ConfUtils.java:logGet(43)) - raft.server.snapshot.auto.trigger.threshold = 10000 (custom)
2019-10-24 11:46:12,411 [pool-37-thread-1] INFO  impl.RoleInfo (RoleInfo.java:updateAndGet(143)) - 6ef47ec4-f888-4c0a-9473-d3351b934030: start FollowerState
2019-10-24 11:46:12,411 [pool-27-thread-1] INFO  server.RaftServerConfigKeys (ConfUtils.java:logGet(43)) - raft.server.snapshot.retention.file.num = 5 (custom)
2019-10-24 11:46:12,412 [pool-47-thread-1] INFO  server.RaftServerConfigKeys (ConfUtils.java:logGet(43)) - raft.server.snapshot.auto.trigger.enabled = true (custom)
2019-10-24 11:46:12,412 [pool-27-thread-1] INFO  server.RaftServerConfigKeys (ConfUtils.java:logGet(43)) - raft.server.retrycache.expirytime = 600000ms (custom)
2019-10-24 11:46:12,412 [pool-37-thread-1] INFO  util.JmxRegister (JmxRegister.java:tryRegister(44)) - Successfully registered JMX Bean with object name Ratis:service=RaftServer,group=group-DB82EA1B0560,id=6ef47ec4-f888-4c0a-9473-d3351b934030
2019-10-24 11:46:12,412 [pool-47-thread-1] INFO  server.RaftServerConfigKeys (ConfUtils.java:logGet(43)) - raft.server.snapshot.auto.trigger.threshold = 10000 (custom)
2019-10-24 11:46:12,412 [pool-37-thread-1] WARN  impl.MetricRegistriesImpl (MetricRegistriesImpl.java:lambda$create$1(61)) - First MetricRegistry has been created without registering reporters. You may need to call MetricRegistries.global().addReportRegistration(...) before.
2019-10-24 11:46:12,412 [pool-27-thread-1] WARN  impl.MetricRegistriesImpl (MetricRegistriesImpl.java:lambda$create$1(61)) - First MetricRegistry has been created without registering reporters. You may need to call MetricRegistries.global().addReportRegistration(...) before.
2019-10-24 11:46:12,412 [pool-47-thread-1] INFO  server.RaftServerConfigKeys (ConfUtils.java:logGet(43)) - raft.server.snapshot.retention.file.num = 5 (custom)
2019-10-24 11:46:12,413 [pool-27-thread-1] WARN  impl.MetricRegistriesImpl (MetricRegistriesImpl.java:lambda$create$1(61)) - First MetricRegistry has been created without registering reporters. You may need to call MetricRegistries.global().addReportRegistration(...) before.
2019-10-24 11:46:12,413 [pool-47-thread-1] INFO  server.RaftServerConfigKeys (ConfUtils.java:logGet(43)) - raft.server.retrycache.expirytime = 600000ms (custom)
2019-10-24 11:46:12,413 [pool-27-thread-1] INFO  impl.RaftServerImpl (RaftServerImpl.java:start(184)) - 9c614e94-540a-4713-aa04-685a3a141a15@group-DB82EA1B0560: start as a follower, conf=-1: [c50ed3b6-ed09-4007-97fb-753acd29cc2b:192.168.157.222:42942, 9c614e94-540a-4713-aa04-685a3a141a15:192.168.157.222:45068, 6ef47ec4-f888-4c0a-9473-d3351b934030:192.168.157.222:45627], old=null
2019-10-24 11:46:12,413 [pool-47-thread-1] WARN  impl.MetricRegistriesImpl (MetricRegistriesImpl.java:lambda$create$1(61)) - First MetricRegistry has been created without registering reporters. You may need to call MetricRegistries.global().addReportRegistration(...) before.
2019-10-24 11:46:12,413 [pool-27-thread-1] INFO  impl.RaftServerImpl (RaftServerImpl.java:setRole(173)) - 9c614e94-540a-4713-aa04-685a3a141a15@group-DB82EA1B0560: changes role from      null to FOLLOWER at term 0 for startAsFollower
2019-10-24 11:46:12,413 [pool-47-thread-1] WARN  impl.MetricRegistriesImpl (MetricRegistriesImpl.java:lambda$create$1(61)) - First MetricRegistry has been created without registering reporters. You may need to call MetricRegistries.global().addReportRegistration(...) before.
2019-10-24 11:46:12,415 [pool-27-thread-1] INFO  impl.RoleInfo (RoleInfo.java:updateAndGet(143)) - 9c614e94-540a-4713-aa04-685a3a141a15: start FollowerState
2019-10-24 11:46:12,415 [pool-47-thread-1] INFO  impl.RaftServerImpl (RaftServerImpl.java:start(184)) - c50ed3b6-ed09-4007-97fb-753acd29cc2b@group-DB82EA1B0560: start as a follower, conf=-1: [c50ed3b6-ed09-4007-97fb-753acd29cc2b:192.168.157.222:42942, 9c614e94-540a-4713-aa04-685a3a141a15:192.168.157.222:45068, 6ef47ec4-f888-4c0a-9473-d3351b934030:192.168.157.222:45627], old=null
2019-10-24 11:46:12,416 [pool-47-thread-1] INFO  impl.RaftServerImpl (RaftServerImpl.java:setRole(173)) - c50ed3b6-ed09-4007-97fb-753acd29cc2b@group-DB82EA1B0560: changes role from      null to FOLLOWER at term 0 for startAsFollower
2019-10-24 11:46:12,416 [pool-27-thread-1] INFO  util.JmxRegister (JmxRegister.java:tryRegister(44)) - Successfully registered JMX Bean with object name Ratis:service=RaftServer,group=group-DB82EA1B0560,id=9c614e94-540a-4713-aa04-685a3a141a15
2019-10-24 11:46:12,416 [pool-27-thread-1] WARN  impl.MetricRegistriesImpl (MetricRegistriesImpl.java:lambda$create$1(61)) - First MetricRegistry has been created without registering reporters. You may need to call MetricRegistries.global().addReportRegistration(...) before.
2019-10-24 11:46:12,416 [pool-47-thread-1] INFO  impl.RoleInfo (RoleInfo.java:updateAndGet(143)) - c50ed3b6-ed09-4007-97fb-753acd29cc2b: start FollowerState
2019-10-24 11:46:12,418 [pool-47-thread-1] INFO  util.JmxRegister (JmxRegister.java:tryRegister(44)) - Successfully registered JMX Bean with object name Ratis:service=RaftServer,group=group-DB82EA1B0560,id=c50ed3b6-ed09-4007-97fb-753acd29cc2b
2019-10-24 11:46:12,419 [pool-47-thread-1] WARN  impl.MetricRegistriesImpl (MetricRegistriesImpl.java:lambda$create$1(61)) - First MetricRegistry has been created without registering reporters. You may need to call MetricRegistries.global().addReportRegistration(...) before.
2019-10-24 11:46:12,432 [RatisPipelineUtilsThread] INFO  pipeline.PipelineStateManager (PipelineStateManager.java:addPipeline(56)) - Created pipeline Pipeline[ Id: 376e765d-a5bf-4b1f-a23f-db82ea1b0560, Nodes: 9c614e94-540a-4713-aa04-685a3a141a15{ip: 192.168.157.222, host: pr-hdds-1701-wjnxn-4111008579, networkLocation: /default-rack, certSerialId: null}c50ed3b6-ed09-4007-97fb-753acd29cc2b{ip: 192.168.157.222, host: pr-hdds-1701-wjnxn-4111008579, networkLocation: /default-rack, certSerialId: null}6ef47ec4-f888-4c0a-9473-d3351b934030{ip: 192.168.157.222, host: pr-hdds-1701-wjnxn-4111008579, networkLocation: /default-rack, certSerialId: null}, Type:RATIS, Factor:THREE, State:OPEN]
2019-10-24 11:46:12,584 [main] INFO  ozone.MiniOzoneClusterImpl (MiniOzoneClusterImpl.java:lambda$waitForClusterToBeReady$0(147)) - Cluster is ready. Got 3 of 3 DN Heartbeats.
2019-10-24 11:46:13,064 [main] INFO  rpc.RpcClient (RpcClient.java:createVolume(272)) - Creating Volume: testcontainerstatemachinefailures, with jenkins1000 as owner.
2019-10-24 11:46:13,165 [IPC Server handler 4 on 42251] INFO  volume.OMVolumeCreateRequest (OMVolumeCreateRequest.java:validateAndUpdateCache(193)) - created volume:testcontainerstatemachinefailures for user:jenkins1000
2019-10-24 11:46:13,197 [main] INFO  rpc.RpcClient (RpcClient.java:createBucket(411)) - Creating Bucket: testcontainerstatemachinefailures/testcontainerstatemachinefailures, with Versioning false and Storage Type set to DISK and Encryption set to false 
2019-10-24 11:46:13,705 [main] INFO  impl.MetricsSystemImpl (MetricsSystemImpl.java:init(158)) - XceiverClientMetrics metrics system started (again)
2019-10-24 11:46:14,451 [Thread-181] INFO  container.ReplicationManager (ReplicationManager.java:start(162)) - Starting Replication Monitor Thread.
2019-10-24 11:46:14,456 [ReplicationMonitor] INFO  container.ReplicationManager (ReplicationManager.java:run(225)) - Replication Monitor Thread took 4 milliseconds for processing 1 containers.
2019-10-24 11:46:17,250 [Thread-186] INFO  impl.FollowerState (FollowerState.java:run(111)) - 9c614e94-540a-4713-aa04-685a3a141a15@group-23651327B6C3-FollowerState: change to CANDIDATE, lastRpcTime:5160ms, electionTimeout:5159ms
2019-10-24 11:46:17,251 [Thread-186] INFO  impl.RoleInfo (RoleInfo.java:shutdownFollowerState(121)) - 9c614e94-540a-4713-aa04-685a3a141a15: shutdown FollowerState
2019-10-24 11:46:17,251 [Thread-186] INFO  impl.RaftServerImpl (RaftServerImpl.java:setRole(173)) - 9c614e94-540a-4713-aa04-685a3a141a15@group-23651327B6C3: changes role from  FOLLOWER to CANDIDATE at term 0 for changeToCandidate
2019-10-24 11:46:17,255 [Thread-189] INFO  impl.FollowerState (FollowerState.java:run(111)) - c50ed3b6-ed09-4007-97fb-753acd29cc2b@group-3E0925291158-FollowerState: change to CANDIDATE, lastRpcTime:5015ms, electionTimeout:5014ms
2019-10-24 11:46:17,262 [Thread-189] INFO  impl.RoleInfo (RoleInfo.java:shutdownFollowerState(121)) - c50ed3b6-ed09-4007-97fb-753acd29cc2b: shutdown FollowerState
2019-10-24 11:46:17,262 [Thread-186] INFO  impl.RoleInfo (RoleInfo.java:updateAndGet(143)) - 9c614e94-540a-4713-aa04-685a3a141a15: start LeaderElection
2019-10-24 11:46:17,263 [Thread-189] INFO  impl.RaftServerImpl (RaftServerImpl.java:setRole(173)) - c50ed3b6-ed09-4007-97fb-753acd29cc2b@group-3E0925291158: changes role from  FOLLOWER to CANDIDATE at term 0 for changeToCandidate
2019-10-24 11:46:17,264 [Thread-189] INFO  impl.RoleInfo (RoleInfo.java:updateAndGet(143)) - c50ed3b6-ed09-4007-97fb-753acd29cc2b: start LeaderElection
2019-10-24 11:46:17,283 [c50ed3b6-ed09-4007-97fb-753acd29cc2b@group-3E0925291158-LeaderElection2] INFO  impl.LeaderElection (LeaderElection.java:askForVotes(178)) - c50ed3b6-ed09-4007-97fb-753acd29cc2b@group-3E0925291158-LeaderElection2: begin an election at term 1 for -1: [c50ed3b6-ed09-4007-97fb-753acd29cc2b:192.168.157.222:42942], old=null
2019-10-24 11:46:17,283 [9c614e94-540a-4713-aa04-685a3a141a15@group-23651327B6C3-LeaderElection1] INFO  impl.LeaderElection (LeaderElection.java:askForVotes(178)) - 9c614e94-540a-4713-aa04-685a3a141a15@group-23651327B6C3-LeaderElection1: begin an election at term 1 for -1: [9c614e94-540a-4713-aa04-685a3a141a15:192.168.157.222:45068], old=null
2019-10-24 11:46:17,286 [9c614e94-540a-4713-aa04-685a3a141a15@group-23651327B6C3-LeaderElection1] INFO  impl.RoleInfo (RoleInfo.java:shutdownLeaderElection(134)) - 9c614e94-540a-4713-aa04-685a3a141a15: shutdown LeaderElection
2019-10-24 11:46:17,286 [c50ed3b6-ed09-4007-97fb-753acd29cc2b@group-3E0925291158-LeaderElection2] INFO  impl.RoleInfo (RoleInfo.java:shutdownLeaderElection(134)) - c50ed3b6-ed09-4007-97fb-753acd29cc2b: shutdown LeaderElection
2019-10-24 11:46:17,287 [c50ed3b6-ed09-4007-97fb-753acd29cc2b@group-3E0925291158-LeaderElection2] INFO  impl.RaftServerImpl (RaftServerImpl.java:setRole(173)) - c50ed3b6-ed09-4007-97fb-753acd29cc2b@group-3E0925291158: changes role from CANDIDATE to LEADER at term 1 for changeToLeader
2019-10-24 11:46:17,287 [9c614e94-540a-4713-aa04-685a3a141a15@group-23651327B6C3-LeaderElection1] INFO  impl.RaftServerImpl (RaftServerImpl.java:setRole(173)) - 9c614e94-540a-4713-aa04-685a3a141a15@group-23651327B6C3: changes role from CANDIDATE to LEADER at term 1 for changeToLeader
2019-10-24 11:46:17,287 [9c614e94-540a-4713-aa04-685a3a141a15@group-23651327B6C3-LeaderElection1] INFO  impl.RaftServerImpl (ServerState.java:setLeader(255)) - 9c614e94-540a-4713-aa04-685a3a141a15@group-23651327B6C3: change Leader from null to 9c614e94-540a-4713-aa04-685a3a141a15 at term 1 for becomeLeader, leader elected after 5285ms
2019-10-24 11:46:17,287 [c50ed3b6-ed09-4007-97fb-753acd29cc2b@group-3E0925291158-LeaderElection2] INFO  impl.RaftServerImpl (ServerState.java:setLeader(255)) - c50ed3b6-ed09-4007-97fb-753acd29cc2b@group-3E0925291158: change Leader from null to c50ed3b6-ed09-4007-97fb-753acd29cc2b at term 1 for becomeLeader, leader elected after 5054ms
2019-10-24 11:46:17,294 [c50ed3b6-ed09-4007-97fb-753acd29cc2b@group-3E0925291158-LeaderElection2] INFO  server.RaftServerConfigKeys (ConfUtils.java:logGet(43)) - raft.server.staging.catchup.gap = 1000 (default)
2019-10-24 11:46:17,294 [9c614e94-540a-4713-aa04-685a3a141a15@group-23651327B6C3-LeaderElection1] INFO  server.RaftServerConfigKeys (ConfUtils.java:logGet(43)) - raft.server.staging.catchup.gap = 1000 (default)
2019-10-24 11:46:17,294 [c50ed3b6-ed09-4007-97fb-753acd29cc2b@group-3E0925291158-LeaderElection2] INFO  server.RaftServerConfigKeys (ConfUtils.java:logGet(43)) - raft.server.rpc.sleep.time = 25ms (default)
2019-10-24 11:46:17,294 [9c614e94-540a-4713-aa04-685a3a141a15@group-23651327B6C3-LeaderElection1] INFO  server.RaftServerConfigKeys (ConfUtils.java:logGet(43)) - raft.server.rpc.sleep.time = 25ms (default)
2019-10-24 11:46:17,299 [c50ed3b6-ed09-4007-97fb-753acd29cc2b@group-3E0925291158-LeaderElection2] INFO  server.RaftServerConfigKeys (ConfUtils.java:logGet(43)) - raft.server.write.element-limit = 4096 (default)
2019-10-24 11:46:17,299 [9c614e94-540a-4713-aa04-685a3a141a15@group-23651327B6C3-LeaderElection1] INFO  server.RaftServerConfigKeys (ConfUtils.java:logGet(43)) - raft.server.write.element-limit = 4096 (default)
2019-10-24 11:46:17,305 [9c614e94-540a-4713-aa04-685a3a141a15@group-23651327B6C3-LeaderElection1] INFO  server.RaftServerConfigKeys (ConfUtils.java:logGet(43)) - raft.server.watch.timeout = 10s (default)
2019-10-24 11:46:17,305 [c50ed3b6-ed09-4007-97fb-753acd29cc2b@group-3E0925291158-LeaderElection2] INFO  server.RaftServerConfigKeys (ConfUtils.java:logGet(43)) - raft.server.watch.timeout = 10s (default)
2019-10-24 11:46:17,305 [9c614e94-540a-4713-aa04-685a3a141a15@group-23651327B6C3-LeaderElection1] INFO  server.RaftServerConfigKeys (ConfUtils.java:logGet(43)) - raft.server.watch.timeout.denomination = 1s (default)
2019-10-24 11:46:17,305 [c50ed3b6-ed09-4007-97fb-753acd29cc2b@group-3E0925291158-LeaderElection2] INFO  server.RaftServerConfigKeys (ConfUtils.java:logGet(43)) - raft.server.watch.timeout.denomination = 1s (default)
2019-10-24 11:46:17,306 [9c614e94-540a-4713-aa04-685a3a141a15@group-23651327B6C3-LeaderElection1] INFO  server.RaftServerConfigKeys (ConfUtils.java:logGet(43)) - raft.server.watch.element-limit = 65536 (default)
2019-10-24 11:46:17,306 [c50ed3b6-ed09-4007-97fb-753acd29cc2b@group-3E0925291158-LeaderElection2] INFO  server.RaftServerConfigKeys (ConfUtils.java:logGet(43)) - raft.server.watch.element-limit = 65536 (default)
2019-10-24 11:46:17,317 [c50ed3b6-ed09-4007-97fb-753acd29cc2b@group-3E0925291158-LeaderElection2] INFO  impl.RoleInfo (RoleInfo.java:updateAndGet(143)) - c50ed3b6-ed09-4007-97fb-753acd29cc2b: start LeaderState
2019-10-24 11:46:17,317 [9c614e94-540a-4713-aa04-685a3a141a15@group-23651327B6C3-LeaderElection1] INFO  impl.RoleInfo (RoleInfo.java:updateAndGet(143)) - 9c614e94-540a-4713-aa04-685a3a141a15: start LeaderState
2019-10-24 11:46:17,335 [9c614e94-540a-4713-aa04-685a3a141a15@group-23651327B6C3-LeaderElection1] INFO  segmented.SegmentedRaftLogWorker (SegmentedRaftLogWorker.java:startLogSegment(385)) - 9c614e94-540a-4713-aa04-685a3a141a15@group-23651327B6C3-SegmentedRaftLogWorker: Starting segment from index:0
2019-10-24 11:46:17,335 [c50ed3b6-ed09-4007-97fb-753acd29cc2b@group-3E0925291158-LeaderElection2] INFO  segmented.SegmentedRaftLogWorker (SegmentedRaftLogWorker.java:startLogSegment(385)) - c50ed3b6-ed09-4007-97fb-753acd29cc2b@group-3E0925291158-SegmentedRaftLogWorker: Starting segment from index:0
2019-10-24 11:46:17,344 [9c614e94-540a-4713-aa04-685a3a141a15@group-23651327B6C3-LeaderElection1] INFO  impl.RaftServerImpl (ServerState.java:setRaftConf(356)) - 9c614e94-540a-4713-aa04-685a3a141a15@group-23651327B6C3: set configuration 0: [9c614e94-540a-4713-aa04-685a3a141a15:192.168.157.222:45068], old=null at 0
2019-10-24 11:46:17,344 [c50ed3b6-ed09-4007-97fb-753acd29cc2b@group-3E0925291158-LeaderElection2] INFO  impl.RaftServerImpl (ServerState.java:setRaftConf(356)) - c50ed3b6-ed09-4007-97fb-753acd29cc2b@group-3E0925291158: set configuration 0: [c50ed3b6-ed09-4007-97fb-753acd29cc2b:192.168.157.222:42942], old=null at 0
2019-10-24 11:46:17,396 [Thread-192] INFO  impl.FollowerState (FollowerState.java:run(111)) - 6ef47ec4-f888-4c0a-9473-d3351b934030@group-F47056D13A54-FollowerState: change to CANDIDATE, lastRpcTime:5071ms, electionTimeout:5071ms
2019-10-24 11:46:17,397 [Thread-192] INFO  impl.RoleInfo (RoleInfo.java:shutdownFollowerState(121)) - 6ef47ec4-f888-4c0a-9473-d3351b934030: shutdown FollowerState
2019-10-24 11:46:17,397 [Thread-192] INFO  impl.RaftServerImpl (RaftServerImpl.java:setRole(173)) - 6ef47ec4-f888-4c0a-9473-d3351b934030@group-F47056D13A54: changes role from  FOLLOWER to CANDIDATE at term 0 for changeToCandidate
2019-10-24 11:46:17,397 [Thread-192] INFO  impl.RoleInfo (RoleInfo.java:updateAndGet(143)) - 6ef47ec4-f888-4c0a-9473-d3351b934030: start LeaderElection
2019-10-24 11:46:17,413 [6ef47ec4-f888-4c0a-9473-d3351b934030@group-F47056D13A54-LeaderElection3] INFO  impl.LeaderElection (LeaderElection.java:askForVotes(178)) - 6ef47ec4-f888-4c0a-9473-d3351b934030@group-F47056D13A54-LeaderElection3: begin an election at term 1 for -1: [6ef47ec4-f888-4c0a-9473-d3351b934030:192.168.157.222:45627], old=null
2019-10-24 11:46:17,413 [6ef47ec4-f888-4c0a-9473-d3351b934030@group-F47056D13A54-LeaderElection3] INFO  impl.RoleInfo (RoleInfo.java:shutdownLeaderElection(134)) - 6ef47ec4-f888-4c0a-9473-d3351b934030: shutdown LeaderElection
2019-10-24 11:46:17,413 [6ef47ec4-f888-4c0a-9473-d3351b934030@group-F47056D13A54-LeaderElection3] INFO  impl.RaftServerImpl (RaftServerImpl.java:setRole(173)) - 6ef47ec4-f888-4c0a-9473-d3351b934030@group-F47056D13A54: changes role from CANDIDATE to LEADER at term 1 for changeToLeader
2019-10-24 11:46:17,413 [6ef47ec4-f888-4c0a-9473-d3351b934030@group-F47056D13A54-LeaderElection3] INFO  impl.RaftServerImpl (ServerState.java:setLeader(255)) - 6ef47ec4-f888-4c0a-9473-d3351b934030@group-F47056D13A54: change Leader from null to 6ef47ec4-f888-4c0a-9473-d3351b934030 at term 1 for becomeLeader, leader elected after 5095ms
2019-10-24 11:46:17,413 [6ef47ec4-f888-4c0a-9473-d3351b934030@group-F47056D13A54-LeaderElection3] INFO  server.RaftServerConfigKeys (ConfUtils.java:logGet(43)) - raft.server.staging.catchup.gap = 1000 (default)
2019-10-24 11:46:17,414 [6ef47ec4-f888-4c0a-9473-d3351b934030@group-F47056D13A54-LeaderElection3] INFO  server.RaftServerConfigKeys (ConfUtils.java:logGet(43)) - raft.server.rpc.sleep.time = 25ms (default)
2019-10-24 11:46:17,414 [6ef47ec4-f888-4c0a-9473-d3351b934030@group-F47056D13A54-LeaderElection3] INFO  server.RaftServerConfigKeys (ConfUtils.java:logGet(43)) - raft.server.write.element-limit = 4096 (default)
2019-10-24 11:46:17,414 [6ef47ec4-f888-4c0a-9473-d3351b934030@group-F47056D13A54-LeaderElection3] INFO  server.RaftServerConfigKeys (ConfUtils.java:logGet(43)) - raft.server.watch.timeout = 10s (default)
2019-10-24 11:46:17,414 [6ef47ec4-f888-4c0a-9473-d3351b934030@group-F47056D13A54-LeaderElection3] INFO  server.RaftServerConfigKeys (ConfUtils.java:logGet(43)) - raft.server.watch.timeout.denomination = 1s (default)
2019-10-24 11:46:17,414 [6ef47ec4-f888-4c0a-9473-d3351b934030@group-F47056D13A54-LeaderElection3] INFO  server.RaftServerConfigKeys (ConfUtils.java:logGet(43)) - raft.server.watch.element-limit = 65536 (default)
2019-10-24 11:46:17,415 [6ef47ec4-f888-4c0a-9473-d3351b934030@group-F47056D13A54-LeaderElection3] INFO  impl.RoleInfo (RoleInfo.java:updateAndGet(143)) - 6ef47ec4-f888-4c0a-9473-d3351b934030: start LeaderState
2019-10-24 11:46:17,415 [6ef47ec4-f888-4c0a-9473-d3351b934030@group-F47056D13A54-LeaderElection3] INFO  segmented.SegmentedRaftLogWorker (SegmentedRaftLogWorker.java:startLogSegment(385)) - 6ef47ec4-f888-4c0a-9473-d3351b934030@group-F47056D13A54-SegmentedRaftLogWorker: Starting segment from index:0
2019-10-24 11:46:17,416 [6ef47ec4-f888-4c0a-9473-d3351b934030@group-F47056D13A54-LeaderElection3] INFO  impl.RaftServerImpl (ServerState.java:setRaftConf(356)) - 6ef47ec4-f888-4c0a-9473-d3351b934030@group-F47056D13A54: set configuration 0: [6ef47ec4-f888-4c0a-9473-d3351b934030:192.168.157.222:45627], old=null at 0
2019-10-24 11:46:17,425 [Thread-200] INFO  impl.FollowerState (FollowerState.java:run(111)) - c50ed3b6-ed09-4007-97fb-753acd29cc2b@group-DB82EA1B0560-FollowerState: change to CANDIDATE, lastRpcTime:5008ms, electionTimeout:5007ms
2019-10-24 11:46:17,425 [Thread-200] INFO  impl.RoleInfo (RoleInfo.java:shutdownFollowerState(121)) - c50ed3b6-ed09-4007-97fb-753acd29cc2b: shutdown FollowerState
2019-10-24 11:46:17,425 [Thread-200] INFO  impl.RaftServerImpl (RaftServerImpl.java:setRole(173)) - c50ed3b6-ed09-4007-97fb-753acd29cc2b@group-DB82EA1B0560: changes role from  FOLLOWER to CANDIDATE at term 0 for changeToCandidate
2019-10-24 11:46:17,425 [Thread-200] INFO  impl.RoleInfo (RoleInfo.java:updateAndGet(143)) - c50ed3b6-ed09-4007-97fb-753acd29cc2b: start LeaderElection
2019-10-24 11:46:17,440 [c50ed3b6-ed09-4007-97fb-753acd29cc2b@group-DB82EA1B0560-LeaderElection4] INFO  impl.LeaderElection (LeaderElection.java:askForVotes(178)) - c50ed3b6-ed09-4007-97fb-753acd29cc2b@group-DB82EA1B0560-LeaderElection4: begin an election at term 1 for -1: [c50ed3b6-ed09-4007-97fb-753acd29cc2b:192.168.157.222:42942, 9c614e94-540a-4713-aa04-685a3a141a15:192.168.157.222:45068, 6ef47ec4-f888-4c0a-9473-d3351b934030:192.168.157.222:45627], old=null
2019-10-24 11:46:17,441 [Thread-195] INFO  impl.FollowerState (FollowerState.java:run(111)) - 6ef47ec4-f888-4c0a-9473-d3351b934030@group-DB82EA1B0560-FollowerState: change to CANDIDATE, lastRpcTime:5029ms, electionTimeout:5029ms
2019-10-24 11:46:17,441 [Thread-195] INFO  impl.RoleInfo (RoleInfo.java:shutdownFollowerState(121)) - 6ef47ec4-f888-4c0a-9473-d3351b934030: shutdown FollowerState
2019-10-24 11:46:17,441 [Thread-195] INFO  impl.RaftServerImpl (RaftServerImpl.java:setRole(173)) - 6ef47ec4-f888-4c0a-9473-d3351b934030@group-DB82EA1B0560: changes role from  FOLLOWER to CANDIDATE at term 0 for changeToCandidate
2019-10-24 11:46:17,442 [Thread-195] INFO  impl.RoleInfo (RoleInfo.java:updateAndGet(143)) - 6ef47ec4-f888-4c0a-9473-d3351b934030: start LeaderElection
2019-10-24 11:46:17,456 [6ef47ec4-f888-4c0a-9473-d3351b934030@group-DB82EA1B0560-LeaderElection5] INFO  impl.LeaderElection (LeaderElection.java:askForVotes(178)) - 6ef47ec4-f888-4c0a-9473-d3351b934030@group-DB82EA1B0560-LeaderElection5: begin an election at term 1 for -1: [c50ed3b6-ed09-4007-97fb-753acd29cc2b:192.168.157.222:42942, 9c614e94-540a-4713-aa04-685a3a141a15:192.168.157.222:45068, 6ef47ec4-f888-4c0a-9473-d3351b934030:192.168.157.222:45627], old=null
2019-10-24 11:46:17,472 [grpc-default-executor-2] INFO  impl.RaftServerImpl (RaftServerImpl.java:setRole(173)) - 9c614e94-540a-4713-aa04-685a3a141a15@group-DB82EA1B0560: changes role from  FOLLOWER to FOLLOWER at term 1 for recognizeCandidate:6ef47ec4-f888-4c0a-9473-d3351b934030
2019-10-24 11:46:17,473 [grpc-default-executor-2] INFO  impl.RoleInfo (RoleInfo.java:shutdownFollowerState(121)) - 9c614e94-540a-4713-aa04-685a3a141a15: shutdown FollowerState
2019-10-24 11:46:17,474 [Thread-199] INFO  impl.FollowerState (FollowerState.java:run(120)) - 9c614e94-540a-4713-aa04-685a3a141a15@group-DB82EA1B0560-FollowerState was interrupted: java.lang.InterruptedException: sleep interrupted
2019-10-24 11:46:17,474 [grpc-default-executor-2] INFO  impl.RoleInfo (RoleInfo.java:updateAndGet(143)) - 9c614e94-540a-4713-aa04-685a3a141a15: start FollowerState
2019-10-24 11:46:17,531 [6ef47ec4-f888-4c0a-9473-d3351b934030@group-DB82EA1B0560-LeaderElection5] INFO  impl.LeaderElection (LeaderElection.java:logAndReturn(56)) - 6ef47ec4-f888-4c0a-9473-d3351b934030@group-DB82EA1B0560-LeaderElection5: Election PASSED; received 2 response(s) [6ef47ec4-f888-4c0a-9473-d3351b934030<-c50ed3b6-ed09-4007-97fb-753acd29cc2b#0:FAIL-t1, 6ef47ec4-f888-4c0a-9473-d3351b934030<-9c614e94-540a-4713-aa04-685a3a141a15#0:OK-t1] and 0 exception(s); 6ef47ec4-f888-4c0a-9473-d3351b934030@group-DB82EA1B0560:t1, leader=null, voted=6ef47ec4-f888-4c0a-9473-d3351b934030, raftlog=6ef47ec4-f888-4c0a-9473-d3351b934030@group-DB82EA1B0560-SegmentedRaftLog:OPENED:c-1,f-1,i0, conf=-1: [c50ed3b6-ed09-4007-97fb-753acd29cc2b:192.168.157.222:42942, 9c614e94-540a-4713-aa04-685a3a141a15:192.168.157.222:45068, 6ef47ec4-f888-4c0a-9473-d3351b934030:192.168.157.222:45627], old=null
2019-10-24 11:46:17,531 [c50ed3b6-ed09-4007-97fb-753acd29cc2b@group-DB82EA1B0560-LeaderElection4] INFO  impl.LeaderElection (LeaderElection.java:logAndReturn(56)) - c50ed3b6-ed09-4007-97fb-753acd29cc2b@group-DB82EA1B0560-LeaderElection4: Election REJECTED; received 2 response(s) [c50ed3b6-ed09-4007-97fb-753acd29cc2b<-9c614e94-540a-4713-aa04-685a3a141a15#0:FAIL-t1, c50ed3b6-ed09-4007-97fb-753acd29cc2b<-6ef47ec4-f888-4c0a-9473-d3351b934030#0:FAIL-t1] and 0 exception(s); c50ed3b6-ed09-4007-97fb-753acd29cc2b@group-DB82EA1B0560:t1, leader=null, voted=c50ed3b6-ed09-4007-97fb-753acd29cc2b, raftlog=c50ed3b6-ed09-4007-97fb-753acd29cc2b@group-DB82EA1B0560-SegmentedRaftLog:OPENED:c-1,f-1,i0, conf=-1: [c50ed3b6-ed09-4007-97fb-753acd29cc2b:192.168.157.222:42942, 9c614e94-540a-4713-aa04-685a3a141a15:192.168.157.222:45068, 6ef47ec4-f888-4c0a-9473-d3351b934030:192.168.157.222:45627], old=null
2019-10-24 11:46:17,531 [6ef47ec4-f888-4c0a-9473-d3351b934030@group-DB82EA1B0560-LeaderElection5] INFO  impl.RoleInfo (RoleInfo.java:shutdownLeaderElection(134)) - 6ef47ec4-f888-4c0a-9473-d3351b934030: shutdown LeaderElection
2019-10-24 11:46:17,532 [c50ed3b6-ed09-4007-97fb-753acd29cc2b@group-DB82EA1B0560-LeaderElection4] INFO  impl.RaftServerImpl (RaftServerImpl.java:setRole(173)) - c50ed3b6-ed09-4007-97fb-753acd29cc2b@group-DB82EA1B0560: changes role from CANDIDATE to FOLLOWER at term 1 for DISCOVERED_A_NEW_TERM
2019-10-24 11:46:17,533 [c50ed3b6-ed09-4007-97fb-753acd29cc2b@group-DB82EA1B0560-LeaderElection4] INFO  impl.RoleInfo (RoleInfo.java:shutdownLeaderElection(134)) - c50ed3b6-ed09-4007-97fb-753acd29cc2b: shutdown LeaderElection
2019-10-24 11:46:17,534 [6ef47ec4-f888-4c0a-9473-d3351b934030@group-DB82EA1B0560-LeaderElection5] INFO  impl.RaftServerImpl (RaftServerImpl.java:setRole(173)) - 6ef47ec4-f888-4c0a-9473-d3351b934030@group-DB82EA1B0560: changes role from CANDIDATE to LEADER at term 1 for changeToLeader
2019-10-24 11:46:17,536 [c50ed3b6-ed09-4007-97fb-753acd29cc2b@group-DB82EA1B0560-LeaderElection4] INFO  impl.RoleInfo (RoleInfo.java:updateAndGet(143)) - c50ed3b6-ed09-4007-97fb-753acd29cc2b: start FollowerState
2019-10-24 11:46:17,537 [6ef47ec4-f888-4c0a-9473-d3351b934030@group-DB82EA1B0560-LeaderElection5] INFO  impl.RaftServerImpl (ServerState.java:setLeader(255)) - 6ef47ec4-f888-4c0a-9473-d3351b934030@group-DB82EA1B0560: change Leader from null to 6ef47ec4-f888-4c0a-9473-d3351b934030 at term 1 for becomeLeader, leader elected after 5133ms
2019-10-24 11:46:17,537 [6ef47ec4-f888-4c0a-9473-d3351b934030@group-DB82EA1B0560-LeaderElection5] INFO  server.RaftServerConfigKeys (ConfUtils.java:logGet(43)) - raft.server.staging.catchup.gap = 1000 (default)
2019-10-24 11:46:17,538 [6ef47ec4-f888-4c0a-9473-d3351b934030@group-DB82EA1B0560-LeaderElection5] INFO  server.RaftServerConfigKeys (ConfUtils.java:logGet(43)) - raft.server.rpc.sleep.time = 25ms (default)
2019-10-24 11:46:17,538 [6ef47ec4-f888-4c0a-9473-d3351b934030@group-DB82EA1B0560-LeaderElection5] INFO  server.RaftServerConfigKeys (ConfUtils.java:logGet(43)) - raft.server.write.element-limit = 4096 (default)
2019-10-24 11:46:17,538 [6ef47ec4-f888-4c0a-9473-d3351b934030@group-DB82EA1B0560-LeaderElection5] INFO  server.RaftServerConfigKeys (ConfUtils.java:logGet(43)) - raft.server.watch.timeout = 10s (default)
2019-10-24 11:46:17,538 [6ef47ec4-f888-4c0a-9473-d3351b934030@group-DB82EA1B0560-LeaderElection5] INFO  server.RaftServerConfigKeys (ConfUtils.java:logGet(43)) - raft.server.watch.timeout.denomination = 1s (default)
2019-10-24 11:46:17,539 [6ef47ec4-f888-4c0a-9473-d3351b934030@group-DB82EA1B0560-LeaderElection5] INFO  server.RaftServerConfigKeys (ConfUtils.java:logGet(43)) - raft.server.watch.element-limit = 65536 (default)
2019-10-24 11:46:17,542 [6ef47ec4-f888-4c0a-9473-d3351b934030@group-DB82EA1B0560-LeaderElection5] INFO  server.RaftServerConfigKeys (ConfUtils.java:logGet(43)) - raft.server.log.appender.snapshot.chunk.size.max = 16MB (=16777216) (default)
2019-10-24 11:46:17,542 [6ef47ec4-f888-4c0a-9473-d3351b934030@group-DB82EA1B0560-LeaderElection5] INFO  server.RaftServerConfigKeys (ConfUtils.java:logGet(43)) - raft.server.log.appender.buffer.byte-limit = 33554432 (custom)
2019-10-24 11:46:17,543 [6ef47ec4-f888-4c0a-9473-d3351b934030@group-DB82EA1B0560-LeaderElection5] INFO  server.RaftServerConfigKeys (ConfUtils.java:logGet(43)) - raft.server.log.appender.buffer.element-limit = 1 (custom)
2019-10-24 11:46:17,547 [6ef47ec4-f888-4c0a-9473-d3351b934030@group-DB82EA1B0560-LeaderElection5] INFO  grpc.GrpcConfigKeys$Server (ConfUtils.java:logGet(43)) - raft.grpc.server.leader.outstanding.appends.max = 128 (default)
2019-10-24 11:46:17,547 [6ef47ec4-f888-4c0a-9473-d3351b934030@group-F47056D13A54-SegmentedRaftLogWorker] INFO  segmented.SegmentedRaftLogWorker (SegmentedRaftLogWorker.java:execute(576)) - 6ef47ec4-f888-4c0a-9473-d3351b934030@group-F47056D13A54-SegmentedRaftLogWorker: created new log segment /workdir/hadoop-ozone/integration-test/target/test-dir/MiniOzoneClusterImpl-7ce79f69-7e7f-4d83-a6bf-fd0497776909/datanode-1/data/ratis/90616fbc-b041-4830-840a-f47056d13a54/current/log_inprogress_0
2019-10-24 11:46:17,547 [6ef47ec4-f888-4c0a-9473-d3351b934030@group-DB82EA1B0560-LeaderElection5] INFO  server.RaftServerConfigKeys (ConfUtils.java:logGet(43)) - raft.server.rpc.request.timeout = 3000ms (default)
2019-10-24 11:46:17,547 [9c614e94-540a-4713-aa04-685a3a141a15@group-23651327B6C3-SegmentedRaftLogWorker] INFO  segmented.SegmentedRaftLogWorker (SegmentedRaftLogWorker.java:execute(576)) - 9c614e94-540a-4713-aa04-685a3a141a15@group-23651327B6C3-SegmentedRaftLogWorker: created new log segment /workdir/hadoop-ozone/integration-test/target/test-dir/MiniOzoneClusterImpl-7ce79f69-7e7f-4d83-a6bf-fd0497776909/datanode-0/data/ratis/fcbf7f05-8c43-4124-be02-23651327b6c3/current/log_inprogress_0
2019-10-24 11:46:17,547 [c50ed3b6-ed09-4007-97fb-753acd29cc2b@group-3E0925291158-SegmentedRaftLogWorker] INFO  segmented.SegmentedRaftLogWorker (SegmentedRaftLogWorker.java:execute(576)) - c50ed3b6-ed09-4007-97fb-753acd29cc2b@group-3E0925291158-SegmentedRaftLogWorker: created new log segment /workdir/hadoop-ozone/integration-test/target/test-dir/MiniOzoneClusterImpl-7ce79f69-7e7f-4d83-a6bf-fd0497776909/datanode-2/data/ratis/b5f70217-80fc-4bfb-a29a-3e0925291158/current/log_inprogress_0
2019-10-24 11:46:17,547 [6ef47ec4-f888-4c0a-9473-d3351b934030@group-DB82EA1B0560-LeaderElection5] INFO  server.RaftServerConfigKeys (ConfUtils.java:logGet(43)) - raft.server.log.appender.install.snapshot.enabled = false (custom)
2019-10-24 11:46:17,549 [6ef47ec4-f888-4c0a-9473-d3351b934030@group-DB82EA1B0560-LeaderElection5] WARN  impl.MetricRegistriesImpl (MetricRegistriesImpl.java:lambda$create$1(61)) - First MetricRegistry has been created without registering reporters. You may need to call MetricRegistries.global().addReportRegistration(...) before.
2019-10-24 11:46:17,551 [6ef47ec4-f888-4c0a-9473-d3351b934030@group-DB82EA1B0560-LeaderElection5] INFO  server.RaftServerConfigKeys (ConfUtils.java:logGet(43)) - raft.server.log.appender.snapshot.chunk.size.max = 16MB (=16777216) (default)
2019-10-24 11:46:17,551 [6ef47ec4-f888-4c0a-9473-d3351b934030@group-DB82EA1B0560-LeaderElection5] INFO  server.RaftServerConfigKeys (ConfUtils.java:logGet(43)) - raft.server.log.appender.buffer.byte-limit = 33554432 (custom)
2019-10-24 11:46:17,551 [6ef47ec4-f888-4c0a-9473-d3351b934030@group-DB82EA1B0560-LeaderElection5] INFO  server.RaftServerConfigKeys (ConfUtils.java:logGet(43)) - raft.server.log.appender.buffer.element-limit = 1 (custom)
2019-10-24 11:46:17,552 [6ef47ec4-f888-4c0a-9473-d3351b934030@group-DB82EA1B0560-LeaderElection5] INFO  grpc.GrpcConfigKeys$Server (ConfUtils.java:logGet(43)) - raft.grpc.server.leader.outstanding.appends.max = 128 (default)
2019-10-24 11:46:17,552 [6ef47ec4-f888-4c0a-9473-d3351b934030@group-DB82EA1B0560-LeaderElection5] INFO  server.RaftServerConfigKeys (ConfUtils.java:logGet(43)) - raft.server.rpc.request.timeout = 3000ms (default)
2019-10-24 11:46:17,552 [6ef47ec4-f888-4c0a-9473-d3351b934030@group-DB82EA1B0560-LeaderElection5] INFO  server.RaftServerConfigKeys (ConfUtils.java:logGet(43)) - raft.server.log.appender.install.snapshot.enabled = false (custom)
2019-10-24 11:46:17,553 [6ef47ec4-f888-4c0a-9473-d3351b934030@group-DB82EA1B0560-LeaderElection5] INFO  impl.RoleInfo (RoleInfo.java:updateAndGet(143)) - 6ef47ec4-f888-4c0a-9473-d3351b934030: start LeaderState
2019-10-24 11:46:17,554 [6ef47ec4-f888-4c0a-9473-d3351b934030@group-DB82EA1B0560-LeaderElection5] INFO  segmented.SegmentedRaftLogWorker (SegmentedRaftLogWorker.java:startLogSegment(385)) - 6ef47ec4-f888-4c0a-9473-d3351b934030@group-DB82EA1B0560-SegmentedRaftLogWorker: Starting segment from index:0
2019-10-24 11:46:17,554 [6ef47ec4-f888-4c0a-9473-d3351b934030@group-DB82EA1B0560-LeaderElection5] INFO  impl.RaftServerImpl (ServerState.java:setRaftConf(356)) - 6ef47ec4-f888-4c0a-9473-d3351b934030@group-DB82EA1B0560: set configuration 0: [c50ed3b6-ed09-4007-97fb-753acd29cc2b:192.168.157.222:42942, 9c614e94-540a-4713-aa04-685a3a141a15:192.168.157.222:45068, 6ef47ec4-f888-4c0a-9473-d3351b934030:192.168.157.222:45627], old=null at 0
2019-10-24 11:46:17,601 [6ef47ec4-f888-4c0a-9473-d3351b934030@group-DB82EA1B0560-SegmentedRaftLogWorker] INFO  segmented.SegmentedRaftLogWorker (SegmentedRaftLogWorker.java:execute(576)) - 6ef47ec4-f888-4c0a-9473-d3351b934030@group-DB82EA1B0560-SegmentedRaftLogWorker: created new log segment /workdir/hadoop-ozone/integration-test/target/test-dir/MiniOzoneClusterImpl-7ce79f69-7e7f-4d83-a6bf-fd0497776909/datanode-1/data/ratis/376e765d-a5bf-4b1f-a23f-db82ea1b0560/current/log_inprogress_0
2019-10-24 11:46:17,611 [grpc-default-executor-1] INFO  impl.RaftServerImpl (ServerState.java:setLeader(255)) - 9c614e94-540a-4713-aa04-685a3a141a15@group-DB82EA1B0560: change Leader from null to 6ef47ec4-f888-4c0a-9473-d3351b934030 at term 1 for appendEntries, leader elected after 5208ms
2019-10-24 11:46:17,611 [grpc-default-executor-2] INFO  impl.RaftServerImpl (ServerState.java:setLeader(255)) - c50ed3b6-ed09-4007-97fb-753acd29cc2b@group-DB82EA1B0560: change Leader from null to 6ef47ec4-f888-4c0a-9473-d3351b934030 at term 1 for appendEntries, leader elected after 5208ms
2019-10-24 11:46:17,641 [grpc-default-executor-2] INFO  impl.RaftServerImpl (ServerState.java:setRaftConf(356)) - 9c614e94-540a-4713-aa04-685a3a141a15@group-DB82EA1B0560: set configuration 0: [c50ed3b6-ed09-4007-97fb-753acd29cc2b:192.168.157.222:42942, 9c614e94-540a-4713-aa04-685a3a141a15:192.168.157.222:45068, 6ef47ec4-f888-4c0a-9473-d3351b934030:192.168.157.222:45627], old=null at 0
2019-10-24 11:46:17,641 [grpc-default-executor-1] INFO  impl.RaftServerImpl (ServerState.java:setRaftConf(356)) - c50ed3b6-ed09-4007-97fb-753acd29cc2b@group-DB82EA1B0560: set configuration 0: [c50ed3b6-ed09-4007-97fb-753acd29cc2b:192.168.157.222:42942, 9c614e94-540a-4713-aa04-685a3a141a15:192.168.157.222:45068, 6ef47ec4-f888-4c0a-9473-d3351b934030:192.168.157.222:45627], old=null at 0
2019-10-24 11:46:17,641 [grpc-default-executor-2] INFO  segmented.SegmentedRaftLogWorker (SegmentedRaftLogWorker.java:startLogSegment(385)) - 9c614e94-540a-4713-aa04-685a3a141a15@group-DB82EA1B0560-SegmentedRaftLogWorker: Starting segment from index:0
2019-10-24 11:46:17,641 [grpc-default-executor-1] INFO  segmented.SegmentedRaftLogWorker (SegmentedRaftLogWorker.java:startLogSegment(385)) - c50ed3b6-ed09-4007-97fb-753acd29cc2b@group-DB82EA1B0560-SegmentedRaftLogWorker: Starting segment from index:0
2019-10-24 11:46:17,692 [c50ed3b6-ed09-4007-97fb-753acd29cc2b@group-DB82EA1B0560-SegmentedRaftLogWorker] INFO  segmented.SegmentedRaftLogWorker (SegmentedRaftLogWorker.java:execute(576)) - c50ed3b6-ed09-4007-97fb-753acd29cc2b@group-DB82EA1B0560-SegmentedRaftLogWorker: created new log segment /workdir/hadoop-ozone/integration-test/target/test-dir/MiniOzoneClusterImpl-7ce79f69-7e7f-4d83-a6bf-fd0497776909/datanode-2/data/ratis/376e765d-a5bf-4b1f-a23f-db82ea1b0560/current/log_inprogress_0
2019-10-24 11:46:17,692 [9c614e94-540a-4713-aa04-685a3a141a15@group-DB82EA1B0560-SegmentedRaftLogWorker] INFO  segmented.SegmentedRaftLogWorker (SegmentedRaftLogWorker.java:execute(576)) - 9c614e94-540a-4713-aa04-685a3a141a15@group-DB82EA1B0560-SegmentedRaftLogWorker: created new log segment /workdir/hadoop-ozone/integration-test/target/test-dir/MiniOzoneClusterImpl-7ce79f69-7e7f-4d83-a6bf-fd0497776909/datanode-0/data/ratis/376e765d-a5bf-4b1f-a23f-db82ea1b0560/current/log_inprogress_0
2019-10-24 11:46:18,289 [Datanode State Machine Thread - 0] INFO  statemachine.DatanodeStateMachine (DatanodeStateMachine.java:lambda$startDaemon$0(350)) - Ozone container server started.
2019-10-24 11:46:23,276 [main] INFO  ozoneimpl.OzoneContainer (OzoneContainer.java:stop(227)) - Attempting to stop container services.
2019-10-24 11:46:23,278 [main] INFO  impl.RaftServerProxy (RaftServerProxy.java:lambda$close$4(314)) - c50ed3b6-ed09-4007-97fb-753acd29cc2b: close
2019-10-24 11:46:23,280 [main] INFO  impl.RaftServerImpl (RaftServerImpl.java:lambda$shutdown$3(250)) - c50ed3b6-ed09-4007-97fb-753acd29cc2b@group-3E0925291158: shutdown
2019-10-24 11:46:23,280 [main] INFO  util.JmxRegister (JmxRegister.java:unregister(73)) - Successfully un-registered JMX Bean with object name Ratis:service=RaftServer,group=group-3E0925291158,id=c50ed3b6-ed09-4007-97fb-753acd29cc2b
2019-10-24 11:46:23,281 [main] INFO  impl.RoleInfo (RoleInfo.java:shutdownLeaderState(104)) - c50ed3b6-ed09-4007-97fb-753acd29cc2b: shutdown LeaderState
2019-10-24 11:46:23,282 [main] INFO  impl.PendingRequests (PendingRequests.java:sendNotLeaderResponses(206)) - c50ed3b6-ed09-4007-97fb-753acd29cc2b@group-3E0925291158-PendingRequests: sendNotLeaderResponses
2019-10-24 11:46:23,284 [main] INFO  impl.StateMachineUpdater (StateMachineUpdater.java:stopAndJoin(136)) - c50ed3b6-ed09-4007-97fb-753acd29cc2b@group-3E0925291158-StateMachineUpdater: set stopIndex = 0
2019-10-24 11:46:23,286 [main] INFO  impl.RaftServerImpl (ServerState.java:close(387)) - c50ed3b6-ed09-4007-97fb-753acd29cc2b@group-3E0925291158: closes. applyIndex: 0
2019-10-24 11:46:23,288 [c50ed3b6-ed09-4007-97fb-753acd29cc2b@group-3E0925291158-SegmentedRaftLogWorker] INFO  segmented.SegmentedRaftLogWorker (SegmentedRaftLogWorker.java:run(316)) - c50ed3b6-ed09-4007-97fb-753acd29cc2b@group-3E0925291158-SegmentedRaftLogWorker was interrupted, exiting. There are 0 tasks remaining in the queue.
2019-10-24 11:46:23,290 [main] INFO  segmented.SegmentedRaftLogWorker (SegmentedRaftLogWorker.java:close(224)) - c50ed3b6-ed09-4007-97fb-753acd29cc2b@group-3E0925291158-SegmentedRaftLogWorker close()
2019-10-24 11:46:23,292 [main] INFO  impl.RaftServerImpl (RaftServerImpl.java:lambda$shutdown$3(250)) - c50ed3b6-ed09-4007-97fb-753acd29cc2b@group-DB82EA1B0560: shutdown
2019-10-24 11:46:23,292 [main] INFO  util.JmxRegister (JmxRegister.java:unregister(73)) - Successfully un-registered JMX Bean with object name Ratis:service=RaftServer,group=group-DB82EA1B0560,id=c50ed3b6-ed09-4007-97fb-753acd29cc2b
2019-10-24 11:46:23,293 [main] INFO  impl.RoleInfo (RoleInfo.java:shutdownFollowerState(121)) - c50ed3b6-ed09-4007-97fb-753acd29cc2b: shutdown FollowerState
2019-10-24 11:46:23,293 [main] INFO  impl.StateMachineUpdater (StateMachineUpdater.java:stopAndJoin(136)) - c50ed3b6-ed09-4007-97fb-753acd29cc2b@group-DB82EA1B0560-StateMachineUpdater: set stopIndex = 4
2019-10-24 11:46:23,293 [c50ed3b6-ed09-4007-97fb-753acd29cc2b@group-DB82EA1B0560-StateMachineUpdater] INFO  ratis.ContainerStateMachine (ContainerStateMachine.java:takeSnapshot(294)) - group-DB82EA1B0560: Taking a snapshot at:(t:1, i:3) file /workdir/hadoop-ozone/integration-test/target/test-dir/MiniOzoneClusterImpl-7ce79f69-7e7f-4d83-a6bf-fd0497776909/datanode-2/data/ratis/376e765d-a5bf-4b1f-a23f-db82ea1b0560/sm/snapshot.1_3
2019-10-24 11:46:23,293 [Thread-244] INFO  impl.FollowerState (FollowerState.java:run(120)) - c50ed3b6-ed09-4007-97fb-753acd29cc2b@group-DB82EA1B0560-FollowerState was interrupted: java.lang.InterruptedException: sleep interrupted
2019-10-24 11:46:23,419 [c50ed3b6-ed09-4007-97fb-753acd29cc2b@group-DB82EA1B0560-StateMachineUpdater] INFO  ratis.ContainerStateMachine (ContainerStateMachine.java:takeSnapshot(305)) - group-DB82EA1B0560: Finished taking a snapshot at:(t:1, i:3) file:/workdir/hadoop-ozone/integration-test/target/test-dir/MiniOzoneClusterImpl-7ce79f69-7e7f-4d83-a6bf-fd0497776909/datanode-2/data/ratis/376e765d-a5bf-4b1f-a23f-db82ea1b0560/sm/snapshot.1_3 time:126
2019-10-24 11:46:23,421 [c50ed3b6-ed09-4007-97fb-753acd29cc2b@group-DB82EA1B0560-StateMachineUpdater] INFO  impl.StateMachineUpdater (StateMachineUpdater.java:takeSnapshot(269)) - c50ed3b6-ed09-4007-97fb-753acd29cc2b@group-DB82EA1B0560-StateMachineUpdater: Took a snapshot at index 3
2019-10-24 11:46:23,422 [c50ed3b6-ed09-4007-97fb-753acd29cc2b@group-DB82EA1B0560-StateMachineUpdater] INFO  impl.StateMachineUpdater (StateMachineUpdater.java:lambda$new$0(84)) - c50ed3b6-ed09-4007-97fb-753acd29cc2b@group-DB82EA1B0560-StateMachineUpdater: snapshotIndex: updateIncreasingly -1 -> 3
2019-10-24 11:46:23,425 [c50ed3b6-ed09-4007-97fb-753acd29cc2b@group-DB82EA1B0560-StateMachineUpdater] INFO  ratis.ContainerStateMachine (ContainerStateMachine.java:takeSnapshot(294)) - group-DB82EA1B0560: Taking a snapshot at:(t:1, i:3) file /workdir/hadoop-ozone/integration-test/target/test-dir/MiniOzoneClusterImpl-7ce79f69-7e7f-4d83-a6bf-fd0497776909/datanode-2/data/ratis/376e765d-a5bf-4b1f-a23f-db82ea1b0560/sm/snapshot.1_3
2019-10-24 11:46:23,438 [c50ed3b6-ed09-4007-97fb-753acd29cc2b@group-DB82EA1B0560-StateMachineUpdater] INFO  ratis.ContainerStateMachine (ContainerStateMachine.java:takeSnapshot(305)) - group-DB82EA1B0560: Finished taking a snapshot at:(t:1, i:3) file:/workdir/hadoop-ozone/integration-test/target/test-dir/MiniOzoneClusterImpl-7ce79f69-7e7f-4d83-a6bf-fd0497776909/datanode-2/data/ratis/376e765d-a5bf-4b1f-a23f-db82ea1b0560/sm/snapshot.1_3 time:12
2019-10-24 11:46:23,438 [c50ed3b6-ed09-4007-97fb-753acd29cc2b@group-DB82EA1B0560-StateMachineUpdater] INFO  impl.StateMachineUpdater (StateMachineUpdater.java:takeSnapshot(269)) - c50ed3b6-ed09-4007-97fb-753acd29cc2b@group-DB82EA1B0560-StateMachineUpdater: Took a snapshot at index 3
2019-10-24 11:46:23,438 [c50ed3b6-ed09-4007-97fb-753acd29cc2b@group-DB82EA1B0560-StateMachineUpdater] INFO  impl.StateMachineUpdater (StateMachineUpdater.java:lambda$new$0(84)) - c50ed3b6-ed09-4007-97fb-753acd29cc2b@group-DB82EA1B0560-StateMachineUpdater: snapshotIndex: updateIncreasingly 3 -> 3
2019-10-24 11:46:23,438 [main] INFO  impl.RaftServerImpl (ServerState.java:close(387)) - c50ed3b6-ed09-4007-97fb-753acd29cc2b@group-DB82EA1B0560: closes. applyIndex: 4
2019-10-24 11:46:23,439 [c50ed3b6-ed09-4007-97fb-753acd29cc2b@group-DB82EA1B0560-SegmentedRaftLogWorker] INFO  segmented.SegmentedRaftLogWorker (SegmentedRaftLogWorker.java:run(316)) - c50ed3b6-ed09-4007-97fb-753acd29cc2b@group-DB82EA1B0560-SegmentedRaftLogWorker was interrupted, exiting. There are 0 tasks remaining in the queue.
2019-10-24 11:46:23,441 [main] INFO  segmented.SegmentedRaftLogWorker (SegmentedRaftLogWorker.java:close(224)) - c50ed3b6-ed09-4007-97fb-753acd29cc2b@group-DB82EA1B0560-SegmentedRaftLogWorker close()
2019-10-24 11:46:23,443 [main] INFO  server.GrpcService (GrpcService.java:closeImpl(164)) - c50ed3b6-ed09-4007-97fb-753acd29cc2b: shutdown server with port 42942 now
2019-10-24 11:46:23,454 [main] INFO  server.GrpcService (GrpcService.java:closeImpl(172)) - c50ed3b6-ed09-4007-97fb-753acd29cc2b: shutdown server with port 42942 successfully
2019-10-24 11:46:23,454 [grpc-default-executor-2] WARN  server.GrpcServerProtocolService (LogUtils.java:warn(134)) - c50ed3b6-ed09-4007-97fb-753acd29cc2b: installSnapshot onError, lastRequest: 6ef47ec4-f888-4c0a-9473-d3351b934030->c50ed3b6-ed09-4007-97fb-753acd29cc2b#7-t1, previous=(t:1, i:4), leaderCommit=4, initializing? false, entries: <empty>: org.apache.ratis.thirdparty.io.grpc.StatusRuntimeException: CANCELLED: cancelled before receiving half close
2019-10-24 11:46:23,458 [refreshUsed-/workdir/hadoop-ozone/integration-test/target/test-dir/MiniOzoneClusterImpl-7ce79f69-7e7f-4d83-a6bf-fd0497776909/datanode-2/data/containers] WARN  fs.CachingGetSpaceUsed (CachingGetSpaceUsed.java:run(183)) - Thread Interrupted waiting to refresh disk information: sleep interrupted
2019-10-24 11:46:23,460 [grpc-default-executor-0] WARN  server.GrpcLogAppender (LogUtils.java:warn(134)) - 6ef47ec4-f888-4c0a-9473-d3351b934030@group-DB82EA1B0560->c50ed3b6-ed09-4007-97fb-753acd29cc2b-AppendLogResponseHandler: Failed appendEntries: org.apache.ratis.thirdparty.io.grpc.StatusRuntimeException: CANCELLED: HTTP/2 error code: CANCEL
Received Rst Stream
2019-10-24 11:46:23,484 [main] INFO  utils.BackgroundService (BackgroundService.java:shutdown(151)) - Shutting down service BlockDeletingService
2019-10-24 11:46:23,488 [main] INFO  statemachine.DatanodeStateMachine (DatanodeStateMachine.java:stopDaemon(395)) - Ozone container server stopped.
2019-10-24 11:46:23,495 [main] INFO  handler.ContextHandler (ContextHandler.java:doStop(910)) - Stopped o.e.j.w.WebAppContext@75ae4a1f{/,null,UNAVAILABLE}{/hddsDatanode}
2019-10-24 11:46:23,502 [main] INFO  server.AbstractConnector (AbstractConnector.java:doStop(318)) - Stopped ServerConnector@70228253{HTTP/1.1,[http/1.1]}{0.0.0.0:0}
2019-10-24 11:46:23,502 [main] INFO  handler.ContextHandler (ContextHandler.java:doStop(910)) - Stopped o.e.j.s.ServletContextHandler@51c959a4{/static,jar:file:/home/user/.m2/repository/org/apache/hadoop/hadoop-hdds-container-service/0.5.0-SNAPSHOT/hadoop-hdds-container-service-0.5.0-SNAPSHOT.jar!/webapps/static,UNAVAILABLE}
2019-10-24 11:46:23,503 [main] INFO  handler.ContextHandler (ContextHandler.java:doStop(910)) - Stopped o.e.j.s.ServletContextHandler@1229a2b7{/logs,file:///workdir/hadoop-ozone/integration-test/target/log,UNAVAILABLE}
2019-10-24 11:46:26,511 [java.util.concurrent.ThreadPoolExecutor$Worker@67eec169[State = -1, empty queue]] WARN  server.GrpcLogAppender (GrpcLogAppender.java:timeoutAppendRequest(209)) - 6ef47ec4-f888-4c0a-9473-d3351b934030@group-DB82EA1B0560->c50ed3b6-ed09-4007-97fb-753acd29cc2b-GrpcLogAppender: appendEntries Timeout, request=6ef47ec4-f888-4c0a-9473-d3351b934030->c50ed3b6-ed09-4007-97fb-753acd29cc2b#8-t1, previous=(t:1, i:4), leaderCommit=4, initializing? false, entries: size=1, first=(t:1, i:5), STATEMACHINELOGENTRY, client-5229374272EA, cid=8
2019-10-24 11:46:26,513 [java.util.concurrent.ThreadPoolExecutor$Worker@67eec169[State = -1, empty queue]] WARN  server.GrpcLogAppender (GrpcLogAppender.java:timeoutAppendRequest(209)) - 6ef47ec4-f888-4c0a-9473-d3351b934030@group-DB82EA1B0560->c50ed3b6-ed09-4007-97fb-753acd29cc2b-GrpcLogAppender: appendEntries Timeout, request=6ef47ec4-f888-4c0a-9473-d3351b934030->c50ed3b6-ed09-4007-97fb-753acd29cc2b#9-t1, previous=(t:1, i:5), leaderCommit=4, initializing? false, entries: size=1, first=(t:1, i:6), STATEMACHINELOGENTRY, client-5229374272EA, cid=9
2019-10-24 11:46:26,524 [java.util.concurrent.ThreadPoolExecutor$Worker@67eec169[State = -1, empty queue]] WARN  server.GrpcLogAppender (GrpcLogAppender.java:timeoutAppendRequest(209)) - 6ef47ec4-f888-4c0a-9473-d3351b934030@group-DB82EA1B0560->c50ed3b6-ed09-4007-97fb-753acd29cc2b-GrpcLogAppender: appendEntries Timeout, request=6ef47ec4-f888-4c0a-9473-d3351b934030->c50ed3b6-ed09-4007-97fb-753acd29cc2b#10-t1, previous=(t:1, i:6), leaderCommit=6, initializing? false, entries: size=1, first=(t:1, i:7), METADATAENTRY(c5)
2019-10-24 11:46:26,525 [java.util.concurrent.ThreadPoolExecutor$Worker@67eec169[State = -1, empty queue]] WARN  server.GrpcLogAppender (GrpcLogAppender.java:timeoutAppendRequest(209)) - 6ef47ec4-f888-4c0a-9473-d3351b934030@group-DB82EA1B0560->c50ed3b6-ed09-4007-97fb-753acd29cc2b-GrpcLogAppender: appendEntries Timeout, request=6ef47ec4-f888-4c0a-9473-d3351b934030->c50ed3b6-ed09-4007-97fb-753acd29cc2b#11-t1, previous=(t:1, i:7), leaderCommit=6, initializing? false, entries: size=1, first=(t:1, i:8), METADATAENTRY(c6)
2019-10-24 11:46:29,026 [java.util.concurrent.ThreadPoolExecutor$Worker@67eec169[State = -1, empty queue]] WARN  server.GrpcLogAppender (GrpcLogAppender.java:timeoutAppendRequest(209)) - 6ef47ec4-f888-4c0a-9473-d3351b934030@group-DB82EA1B0560->c50ed3b6-ed09-4007-97fb-753acd29cc2b-GrpcLogAppender: appendEntries Timeout, request=6ef47ec4-f888-4c0a-9473-d3351b934030->c50ed3b6-ed09-4007-97fb-753acd29cc2b#12-t1, previous=(t:1, i:8), leaderCommit=8, initializing? false, entries: <empty>
2019-10-24 11:46:31,531 [java.util.concurrent.ThreadPoolExecutor$Worker@67eec169[State = -1, empty queue]] WARN  server.GrpcLogAppender (GrpcLogAppender.java:timeoutAppendRequest(209)) - 6ef47ec4-f888-4c0a-9473-d3351b934030@group-DB82EA1B0560->c50ed3b6-ed09-4007-97fb-753acd29cc2b-GrpcLogAppender: appendEntries Timeout, request=6ef47ec4-f888-4c0a-9473-d3351b934030->c50ed3b6-ed09-4007-97fb-753acd29cc2b#13-t1, previous=(t:1, i:8), leaderCommit=8, initializing? false, entries: <empty>
2019-10-24 11:46:33,586 [Thread-293] INFO  client.GrpcClientProtocolService (GrpcClientProtocolService.java:lambda$processClientRequest$0(279)) - Failed RaftClientRequest:client-5229374272EA->9c614e94-540a-4713-aa04-685a3a141a15@group-DB82EA1B0560, cid=10, seq=0, Watch-ALL_COMMITTED(6), Message:<EMPTY>, reply=RaftClientReply:client-5229374272EA->9c614e94-540a-4713-aa04-685a3a141a15@group-DB82EA1B0560, cid=10, FAILED org.apache.ratis.protocol.NotLeaderException: Server 9c614e94-540a-4713-aa04-685a3a141a15@group-DB82EA1B0560 is not the leader 6ef47ec4-f888-4c0a-9473-d3351b934030:192.168.157.222:45627, logIndex=0, commits[9c614e94-540a-4713-aa04-685a3a141a15:c8, c50ed3b6-ed09-4007-97fb-753acd29cc2b:c4, 6ef47ec4-f888-4c0a-9473-d3351b934030:c8]
2019-10-24 11:46:33,589 [Thread-294] INFO  client.GrpcClientProtocolService (GrpcClientProtocolService.java:lambda$processClientRequest$0(279)) - Failed RaftClientRequest:client-5229374272EA->6ef47ec4-f888-4c0a-9473-d3351b934030@group-DB82EA1B0560, cid=10, seq=0, Watch-ALL_COMMITTED(6), Message:<EMPTY>, reply=RaftClientReply:client-5229374272EA->6ef47ec4-f888-4c0a-9473-d3351b934030@group-DB82EA1B0560, cid=10, FAILED org.apache.ratis.protocol.NotReplicatedException: Request with call Id 10 and log index 6 is not yet replicated to ALL_COMMITTED, logIndex=6, commits[6ef47ec4-f888-4c0a-9473-d3351b934030:c8, c50ed3b6-ed09-4007-97fb-753acd29cc2b:c4, 9c614e94-540a-4713-aa04-685a3a141a15:c8]
2019-10-24 11:46:34,033 [java.util.concurrent.ThreadPoolExecutor$Worker@67eec169[State = -1, empty queue]] WARN  server.GrpcLogAppender (GrpcLogAppender.java:timeoutAppendRequest(209)) - 6ef47ec4-f888-4c0a-9473-d3351b934030@group-DB82EA1B0560->c50ed3b6-ed09-4007-97fb-753acd29cc2b-GrpcLogAppender: appendEntries Timeout, request=6ef47ec4-f888-4c0a-9473-d3351b934030->c50ed3b6-ed09-4007-97fb-753acd29cc2b#14-t1, previous=(t:1, i:8), leaderCommit=8, initializing? false, entries: <empty>
2019-10-24 11:46:36,534 [java.util.concurrent.ThreadPoolExecutor$Worker@67eec169[State = -1, empty queue]] WARN  server.GrpcLogAppender (GrpcLogAppender.java:timeoutAppendRequest(209)) - 6ef47ec4-f888-4c0a-9473-d3351b934030@group-DB82EA1B0560->c50ed3b6-ed09-4007-97fb-753acd29cc2b-GrpcLogAppender: appendEntries Timeout, request=6ef47ec4-f888-4c0a-9473-d3351b934030->c50ed3b6-ed09-4007-97fb-753acd29cc2b#15-t1, previous=(t:1, i:8), leaderCommit=8, initializing? false, entries: <empty>
2019-10-24 11:46:39,035 [java.util.concurrent.ThreadPoolExecutor$Worker@67eec169[State = -1, empty queue]] WARN  server.GrpcLogAppender (GrpcLogAppender.java:timeoutAppendRequest(209)) - 6ef47ec4-f888-4c0a-9473-d3351b934030@group-DB82EA1B0560->c50ed3b6-ed09-4007-97fb-753acd29cc2b-GrpcLogAppender: appendEntries Timeout, request=6ef47ec4-f888-4c0a-9473-d3351b934030->c50ed3b6-ed09-4007-97fb-753acd29cc2b#16-t1, previous=(t:1, i:8), leaderCommit=8, initializing? false, entries: <empty>
2019-10-24 11:46:41,536 [java.util.concurrent.ThreadPoolExecutor$Worker@67eec169[State = -1, empty queue]] WARN  server.GrpcLogAppender (GrpcLogAppender.java:timeoutAppendRequest(209)) - 6ef47ec4-f888-4c0a-9473-d3351b934030@group-DB82EA1B0560->c50ed3b6-ed09-4007-97fb-753acd29cc2b-GrpcLogAppender: appendEntries Timeout, request=6ef47ec4-f888-4c0a-9473-d3351b934030->c50ed3b6-ed09-4007-97fb-753acd29cc2b#17-t1, previous=(t:1, i:8), leaderCommit=8, initializing? false, entries: <empty>
2019-10-24 11:46:42,626 [Thread-302] INFO  client.GrpcClientProtocolService (GrpcClientProtocolService.java:lambda$processClientRequest$0(279)) - Failed RaftClientRequest:client-5229374272EA->9c614e94-540a-4713-aa04-685a3a141a15@group-DB82EA1B0560, cid=10, seq=0, Watch-ALL_COMMITTED(6), Message:<EMPTY>, reply=RaftClientReply:client-5229374272EA->9c614e94-540a-4713-aa04-685a3a141a15@group-DB82EA1B0560, cid=10, FAILED org.apache.ratis.protocol.NotLeaderException: Server 9c614e94-540a-4713-aa04-685a3a141a15@group-DB82EA1B0560 is not the leader 6ef47ec4-f888-4c0a-9473-d3351b934030:192.168.157.222:45627, logIndex=0, commits[9c614e94-540a-4713-aa04-685a3a141a15:c8, c50ed3b6-ed09-4007-97fb-753acd29cc2b:c4, 6ef47ec4-f888-4c0a-9473-d3351b934030:c8]
2019-10-24 11:46:44,039 [java.util.concurrent.ThreadPoolExecutor$Worker@67eec169[State = -1, empty queue]] WARN  server.GrpcLogAppender (GrpcLogAppender.java:timeoutAppendRequest(209)) - 6ef47ec4-f888-4c0a-9473-d3351b934030@group-DB82EA1B0560->c50ed3b6-ed09-4007-97fb-753acd29cc2b-GrpcLogAppender: appendEntries Timeout, request=6ef47ec4-f888-4c0a-9473-d3351b934030->c50ed3b6-ed09-4007-97fb-753acd29cc2b#18-t1, previous=(t:1, i:8), leaderCommit=8, initializing? false, entries: <empty>
2019-10-24 11:46:44,585 [Thread-306] INFO  client.GrpcClientProtocolService (GrpcClientProtocolService.java:lambda$processClientRequest$0(279)) - Failed RaftClientRequest:client-5229374272EA->6ef47ec4-f888-4c0a-9473-d3351b934030@group-DB82EA1B0560, cid=10, seq=0, Watch-ALL_COMMITTED(6), Message:<EMPTY>, reply=RaftClientReply:client-5229374272EA->6ef47ec4-f888-4c0a-9473-d3351b934030@group-DB82EA1B0560, cid=10, FAILED org.apache.ratis.protocol.NotReplicatedException: Request with call Id 10 and log index 6 is not yet replicated to ALL_COMMITTED, logIndex=6, commits[6ef47ec4-f888-4c0a-9473-d3351b934030:c8, c50ed3b6-ed09-4007-97fb-753acd29cc2b:c4, 9c614e94-540a-4713-aa04-685a3a141a15:c8]
2019-10-24 11:46:46,540 [java.util.concurrent.ThreadPoolExecutor$Worker@67eec169[State = -1, empty queue]] WARN  server.GrpcLogAppender (GrpcLogAppender.java:timeoutAppendRequest(209)) - 6ef47ec4-f888-4c0a-9473-d3351b934030@group-DB82EA1B0560->c50ed3b6-ed09-4007-97fb-753acd29cc2b-GrpcLogAppender: appendEntries Timeout, request=6ef47ec4-f888-4c0a-9473-d3351b934030->c50ed3b6-ed09-4007-97fb-753acd29cc2b#19-t1, previous=(t:1, i:8), leaderCommit=8, initializing? false, entries: <empty>
2019-10-24 11:46:49,041 [java.util.concurrent.ThreadPoolExecutor$Worker@67eec169[State = -1, empty queue]] WARN  server.GrpcLogAppender (GrpcLogAppender.java:timeoutAppendRequest(209)) - 6ef47ec4-f888-4c0a-9473-d3351b934030@group-DB82EA1B0560->c50ed3b6-ed09-4007-97fb-753acd29cc2b-GrpcLogAppender: appendEntries Timeout, request=6ef47ec4-f888-4c0a-9473-d3351b934030->c50ed3b6-ed09-4007-97fb-753acd29cc2b#20-t1, previous=(t:1, i:8), leaderCommit=8, initializing? false, entries: <empty>
2019-10-24 11:46:51,544 [java.util.concurrent.ThreadPoolExecutor$Worker@67eec169[State = -1, empty queue]] WARN  server.GrpcLogAppender (GrpcLogAppender.java:timeoutAppendRequest(209)) - 6ef47ec4-f888-4c0a-9473-d3351b934030@group-DB82EA1B0560->c50ed3b6-ed09-4007-97fb-753acd29cc2b-GrpcLogAppender: appendEntries Timeout, request=6ef47ec4-f888-4c0a-9473-d3351b934030->c50ed3b6-ed09-4007-97fb-753acd29cc2b#21-t1, previous=(t:1, i:8), leaderCommit=8, initializing? false, entries: <empty>
2019-10-24 11:46:51,667 [Thread-312] INFO  client.GrpcClientProtocolService (GrpcClientProtocolService.java:lambda$processClientRequest$0(279)) - Failed RaftClientRequest:client-5229374272EA->9c614e94-540a-4713-aa04-685a3a141a15@group-DB82EA1B0560, cid=10, seq=0, Watch-ALL_COMMITTED(6), Message:<EMPTY>, reply=RaftClientReply:client-5229374272EA->9c614e94-540a-4713-aa04-685a3a141a15@group-DB82EA1B0560, cid=10, FAILED org.apache.ratis.protocol.NotLeaderException: Server 9c614e94-540a-4713-aa04-685a3a141a15@group-DB82EA1B0560 is not the leader 6ef47ec4-f888-4c0a-9473-d3351b934030:192.168.157.222:45627, logIndex=0, commits[9c614e94-540a-4713-aa04-685a3a141a15:c8, c50ed3b6-ed09-4007-97fb-753acd29cc2b:c4, 6ef47ec4-f888-4c0a-9473-d3351b934030:c8]
2019-10-24 11:46:53,541 [main] WARN  scm.XceiverClientRatis (XceiverClientRatis.java:watchForCommit(277)) - 3 way commit failed on pipeline Pipeline[ Id: 376e765d-a5bf-4b1f-a23f-db82ea1b0560, Nodes: 9c614e94-540a-4713-aa04-685a3a141a15{ip: 192.168.157.222, host: pr-hdds-1701-wjnxn-4111008579, networkLocation: /default-rack, certSerialId: null}c50ed3b6-ed09-4007-97fb-753acd29cc2b{ip: 192.168.157.222, host: pr-hdds-1701-wjnxn-4111008579, networkLocation: /default-rack, certSerialId: null}6ef47ec4-f888-4c0a-9473-d3351b934030{ip: 192.168.157.222, host: pr-hdds-1701-wjnxn-4111008579, networkLocation: /default-rack, certSerialId: null}, Type:RATIS, Factor:THREE, State:OPEN]
java.util.concurrent.TimeoutException
	at java.util.concurrent.CompletableFuture.timedGet(CompletableFuture.java:1771)
	at java.util.concurrent.CompletableFuture.get(CompletableFuture.java:1915)
	at org.apache.hadoop.hdds.scm.XceiverClientRatis.watchForCommit(XceiverClientRatis.java:274)
	at org.apache.hadoop.hdds.scm.storage.CommitWatcher.watchForCommit(CommitWatcher.java:198)
	at org.apache.hadoop.hdds.scm.storage.CommitWatcher.watchOnLastIndex(CommitWatcher.java:161)
	at org.apache.hadoop.hdds.scm.storage.BlockOutputStream.watchForCommit(BlockOutputStream.java:346)
	at org.apache.hadoop.hdds.scm.storage.BlockOutputStream.handleFlush(BlockOutputStream.java:482)
	at org.apache.hadoop.hdds.scm.storage.BlockOutputStream.close(BlockOutputStream.java:496)
	at org.apache.hadoop.ozone.client.io.BlockOutputStreamEntry.close(BlockOutputStreamEntry.java:143)
	at org.apache.hadoop.ozone.client.io.KeyOutputStream.handleFlushOrClose(KeyOutputStream.java:435)
	at org.apache.hadoop.ozone.client.io.KeyOutputStream.close(KeyOutputStream.java:473)
	at org.apache.hadoop.ozone.client.io.OzoneOutputStream.close(OzoneOutputStream.java:60)
	at org.apache.hadoop.ozone.client.rpc.TestDeleteWithSlowFollower.testDeleteKeyWithSlowFollower(TestDeleteWithSlowFollower.java:193)
	at sun.reflect.NativeMethodAccessorImpl.invoke0(Native Method)
	at sun.reflect.NativeMethodAccessorImpl.invoke(NativeMethodAccessorImpl.java:62)
	at sun.reflect.DelegatingMethodAccessorImpl.invoke(DelegatingMethodAccessorImpl.java:43)
	at java.lang.reflect.Method.invoke(Method.java:498)
	at org.junit.runners.model.FrameworkMethod$1.runReflectiveCall(FrameworkMethod.java:47)
	at org.junit.internal.runners.model.ReflectiveCallable.run(ReflectiveCallable.java:12)
	at org.junit.runners.model.FrameworkMethod.invokeExplosively(FrameworkMethod.java:44)
	at org.junit.internal.runners.statements.InvokeMethod.evaluate(InvokeMethod.java:17)
	at org.junit.runners.ParentRunner.runLeaf(ParentRunner.java:271)
	at org.junit.runners.BlockJUnit4ClassRunner.runChild(BlockJUnit4ClassRunner.java:70)
	at org.junit.runners.BlockJUnit4ClassRunner.runChild(BlockJUnit4ClassRunner.java:50)
	at org.junit.runners.ParentRunner$3.run(ParentRunner.java:238)
	at org.junit.runners.ParentRunner$1.schedule(ParentRunner.java:63)
	at org.junit.runners.ParentRunner.runChildren(ParentRunner.java:236)
	at org.junit.runners.ParentRunner.access$000(ParentRunner.java:53)
	at org.junit.runners.ParentRunner$2.evaluate(ParentRunner.java:229)
	at org.junit.internal.runners.statements.RunBefores.evaluate(RunBefores.java:26)
	at org.junit.internal.runners.statements.RunAfters.evaluate(RunAfters.java:27)
	at org.junit.runners.ParentRunner.run(ParentRunner.java:309)
	at org.apache.maven.surefire.junit4.JUnit4Provider.execute(JUnit4Provider.java:365)
	at org.apache.maven.surefire.junit4.JUnit4Provider.executeWithRerun(JUnit4Provider.java:273)
	at org.apache.maven.surefire.junit4.JUnit4Provider.executeTestSet(JUnit4Provider.java:238)
	at org.apache.maven.surefire.junit4.JUnit4Provider.invoke(JUnit4Provider.java:159)
	at org.apache.maven.surefire.booter.ForkedBooter.invokeProviderInSameClassLoader(ForkedBooter.java:384)
	at org.apache.maven.surefire.booter.ForkedBooter.runSuitesInProcess(ForkedBooter.java:345)
	at org.apache.maven.surefire.booter.ForkedBooter.execute(ForkedBooter.java:126)
	at org.apache.maven.surefire.booter.ForkedBooter.main(ForkedBooter.java:418)
2019-10-24 11:46:53,561 [main] INFO  scm.XceiverClientRatis (XceiverClientRatis.java:lambda$watchForCommit$5(295)) - Could not commit index 6 on pipeline Pipeline[ Id: 376e765d-a5bf-4b1f-a23f-db82ea1b0560, Nodes: 9c614e94-540a-4713-aa04-685a3a141a15{ip: 192.168.157.222, host: pr-hdds-1701-wjnxn-4111008579, networkLocation: /default-rack, certSerialId: null}c50ed3b6-ed09-4007-97fb-753acd29cc2b{ip: 192.168.157.222, host: pr-hdds-1701-wjnxn-4111008579, networkLocation: /default-rack, certSerialId: null}6ef47ec4-f888-4c0a-9473-d3351b934030{ip: 192.168.157.222, host: pr-hdds-1701-wjnxn-4111008579, networkLocation: /default-rack, certSerialId: null}, Type:RATIS, Factor:THREE, State:OPEN] to all the nodes. Server c50ed3b6-ed09-4007-97fb-753acd29cc2b has failed. Committed by majority.
2019-10-24 11:46:53,562 [main] WARN  storage.BlockOutputStream (BlockOutputStream.java:watchForCommit(352)) - Failed to commit BlockId conID: 1 locID: 103017190103449600 bcsId: 6 on Pipeline[ Id: 376e765d-a5bf-4b1f-a23f-db82ea1b0560, Nodes: 9c614e94-540a-4713-aa04-685a3a141a15{ip: 192.168.157.222, host: pr-hdds-1701-wjnxn-4111008579, networkLocation: /default-rack, certSerialId: null}c50ed3b6-ed09-4007-97fb-753acd29cc2b{ip: 192.168.157.222, host: pr-hdds-1701-wjnxn-4111008579, networkLocation: /default-rack, certSerialId: null}6ef47ec4-f888-4c0a-9473-d3351b934030{ip: 192.168.157.222, host: pr-hdds-1701-wjnxn-4111008579, networkLocation: /default-rack, certSerialId: null}, Type:RATIS, Factor:THREE, State:OPEN]. Failed nodes: [c50ed3b6-ed09-4007-97fb-753acd29cc2b{ip: null, host: null, networkLocation: /default-rack, certSerialId: null}]
2019-10-24 11:46:53,584 [Thread-318] INFO  client.GrpcClientProtocolService (GrpcClientProtocolService.java:lambda$processClientRequest$0(279)) - Failed RaftClientRequest:client-5229374272EA->6ef47ec4-f888-4c0a-9473-d3351b934030@group-DB82EA1B0560, cid=10, seq=0, Watch-ALL_COMMITTED(6), Message:<EMPTY>, reply=RaftClientReply:client-5229374272EA->6ef47ec4-f888-4c0a-9473-d3351b934030@group-DB82EA1B0560, cid=10, FAILED org.apache.ratis.protocol.NotReplicatedException: Request with call Id 10 and log index 6 is not yet replicated to ALL_COMMITTED, logIndex=6, commits[6ef47ec4-f888-4c0a-9473-d3351b934030:c8, c50ed3b6-ed09-4007-97fb-753acd29cc2b:c4, 9c614e94-540a-4713-aa04-685a3a141a15:c8]
2019-10-24 11:46:53,655 [EventQueue-IncrementalContainerReportForIncrementalContainerReportHandler] WARN  container.IncrementalContainerReportHandler (AbstractContainerReportHandler.java:updateContainerState(145)) - Container #1 is in OPEN state, but the datanode 6ef47ec4-f888-4c0a-9473-d3351b934030{ip: 192.168.157.222, host: pr-hdds-1701-wjnxn-4111008579, networkLocation: /default-rack, certSerialId: null} reports an CLOSING replica.
2019-10-24 11:46:53,665 [RatisApplyTransactionExecutor 1] INFO  interfaces.Container (KeyValueContainer.java:flushAndSyncDB(386)) - Container 1 is synced with bcsId 6.
2019-10-24 11:46:53,666 [RatisApplyTransactionExecutor 1] INFO  interfaces.Container (KeyValueContainer.java:flushAndSyncDB(386)) - Container 1 is synced with bcsId 6.
2019-10-24 11:46:53,671 [EventQueue-IncrementalContainerReportForIncrementalContainerReportHandler] WARN  container.IncrementalContainerReportHandler (AbstractContainerReportHandler.java:updateContainerState(145)) - Container #1 is in OPEN state, but the datanode 9c614e94-540a-4713-aa04-685a3a141a15{ip: 192.168.157.222, host: pr-hdds-1701-wjnxn-4111008579, networkLocation: /default-rack, certSerialId: null} reports an CLOSING replica.
2019-10-24 11:46:53,672 [RatisApplyTransactionExecutor 1] INFO  interfaces.Container (KeyValueContainer.java:close(335)) - Container 1 is closed with bcsId 6.
2019-10-24 11:46:53,672 [RatisApplyTransactionExecutor 1] INFO  interfaces.Container (KeyValueContainer.java:flushAndSyncDB(386)) - Container 1 is synced with bcsId 6.
2019-10-24 11:46:53,674 [RatisApplyTransactionExecutor 1] INFO  interfaces.Container (KeyValueContainer.java:flushAndSyncDB(386)) - Container 1 is synced with bcsId 6.
2019-10-24 11:46:53,675 [EventQueue-IncrementalContainerReportForIncrementalContainerReportHandler] WARN  container.IncrementalContainerReportHandler (AbstractContainerReportHandler.java:updateContainerState(145)) - Container #1 is in OPEN state, but the datanode 6ef47ec4-f888-4c0a-9473-d3351b934030{ip: 192.168.157.222, host: pr-hdds-1701-wjnxn-4111008579, networkLocation: /default-rack, certSerialId: null} reports an CLOSED replica.
2019-10-24 11:46:53,683 [RatisApplyTransactionExecutor 1] INFO  interfaces.Container (KeyValueContainer.java:close(335)) - Container 1 is closed with bcsId 6.
2019-10-24 11:46:53,685 [EventQueue-IncrementalContainerReportForIncrementalContainerReportHandler] WARN  container.IncrementalContainerReportHandler (AbstractContainerReportHandler.java:updateContainerState(145)) - Container #1 is in OPEN state, but the datanode 9c614e94-540a-4713-aa04-685a3a141a15{ip: 192.168.157.222, host: pr-hdds-1701-wjnxn-4111008579, networkLocation: /default-rack, certSerialId: null} reports an CLOSED replica.
2019-10-24 11:46:53,716 [BlockDeletingService#2] WARN  background.BlockDeletingService (BlockDeletingService.java:isDeletionAllowed(187)) - Close Container log Index 6 is not replicated across allthe servers in the pipeline 376e765d-a5bf-4b1f-a23f-db82ea1b0560 as the min replicated index is 4. Deletion is not allowed in this container yet.
2019-10-24 11:46:53,716 [BlockDeletingService#2] WARN  background.BlockDeletingService (BlockDeletingService.java:isDeletionAllowed(187)) - Close Container log Index 6 is not replicated across allthe servers in the pipeline 376e765d-a5bf-4b1f-a23f-db82ea1b0560 as the min replicated index is 4. Deletion is not allowed in this container yet.
2019-10-24 11:46:53,773 [EventQueue-ContainerReportForContainerReportHandler] WARN  container.ContainerReportHandler (AbstractContainerReportHandler.java:updateContainerState(145)) - Container #1 is in OPEN state, but the datanode 6ef47ec4-f888-4c0a-9473-d3351b934030{ip: 192.168.157.222, host: pr-hdds-1701-wjnxn-4111008579, networkLocation: /default-rack, certSerialId: null} reports an CLOSED replica.
2019-10-24 11:46:53,884 [EventQueue-ContainerReportForContainerReportHandler] WARN  container.ContainerReportHandler (AbstractContainerReportHandler.java:updateContainerState(145)) - Container #1 is in OPEN state, but the datanode 9c614e94-540a-4713-aa04-685a3a141a15{ip: 192.168.157.222, host: pr-hdds-1701-wjnxn-4111008579, networkLocation: /default-rack, certSerialId: null} reports an CLOSED replica.
2019-10-24 11:46:54,046 [java.util.concurrent.ThreadPoolExecutor$Worker@67eec169[State = -1, empty queue]] WARN  server.GrpcLogAppender (GrpcLogAppender.java:timeoutAppendRequest(209)) - 6ef47ec4-f888-4c0a-9473-d3351b934030@group-DB82EA1B0560->c50ed3b6-ed09-4007-97fb-753acd29cc2b-GrpcLogAppender: appendEntries Timeout, request=6ef47ec4-f888-4c0a-9473-d3351b934030->c50ed3b6-ed09-4007-97fb-753acd29cc2b#22-t1, previous=(t:1, i:8), leaderCommit=8, initializing? false, entries: <empty>
2019-10-24 11:46:54,174 [EventQueue-ContainerReportForContainerReportHandler] WARN  container.ContainerReportHandler (AbstractContainerReportHandler.java:updateContainerState(145)) - Container #1 is in OPEN state, but the datanode 6ef47ec4-f888-4c0a-9473-d3351b934030{ip: 192.168.157.222, host: pr-hdds-1701-wjnxn-4111008579, networkLocation: /default-rack, certSerialId: null} reports an CLOSED replica.
2019-10-24 11:46:54,184 [EventQueue-ContainerReportForContainerReportHandler] WARN  container.ContainerReportHandler (AbstractContainerReportHandler.java:updateContainerState(145)) - Container #1 is in OPEN state, but the datanode 9c614e94-540a-4713-aa04-685a3a141a15{ip: 192.168.157.222, host: pr-hdds-1701-wjnxn-4111008579, networkLocation: /default-rack, certSerialId: null} reports an CLOSED replica.
2019-10-24 11:46:54,485 [EventQueue-ContainerReportForContainerReportHandler] WARN  container.ContainerReportHandler (AbstractContainerReportHandler.java:updateContainerState(145)) - Container #1 is in OPEN state, but the datanode 9c614e94-540a-4713-aa04-685a3a141a15{ip: 192.168.157.222, host: pr-hdds-1701-wjnxn-4111008579, networkLocation: /default-rack, certSerialId: null} reports an CLOSED replica.
2019-10-24 11:46:54,573 [EventQueue-ContainerReportForContainerReportHandler] WARN  container.ContainerReportHandler (AbstractContainerReportHandler.java:updateContainerState(145)) - Container #1 is in OPEN state, but the datanode 6ef47ec4-f888-4c0a-9473-d3351b934030{ip: 192.168.157.222, host: pr-hdds-1701-wjnxn-4111008579, networkLocation: /default-rack, certSerialId: null} reports an CLOSED replica.
2019-10-24 11:46:54,621 [IPC Server handler 0 on 44178] INFO  server.SCMBlockProtocolServer (SCMBlockProtocolServer.java:deleteKeyBlocks(217)) - SCM is informed by OM to delete 1 blocks
2019-10-24 11:46:54,622 [IPC Server handler 0 on 44178] INFO  block.BlockManagerImpl (BlockManagerImpl.java:deleteBlocks(285)) - Deleting blocks conID: 1 locID: 103017190103449600 bcsId: 0
2019-10-24 11:46:54,717 [BlockDeletingService#2] WARN  background.BlockDeletingService (BlockDeletingService.java:isDeletionAllowed(187)) - Close Container log Index 6 is not replicated across allthe servers in the pipeline 376e765d-a5bf-4b1f-a23f-db82ea1b0560 as the min replicated index is 4. Deletion is not allowed in this container yet.
2019-10-24 11:46:54,718 [BlockDeletingService#2] WARN  background.BlockDeletingService (BlockDeletingService.java:isDeletionAllowed(187)) - Close Container log Index 6 is not replicated across allthe servers in the pipeline 376e765d-a5bf-4b1f-a23f-db82ea1b0560 as the min replicated index is 4. Deletion is not allowed in this container yet.
2019-10-24 11:46:54,774 [EventQueue-ContainerReportForContainerReportHandler] WARN  container.ContainerReportHandler (AbstractContainerReportHandler.java:updateContainerState(145)) - Container #1 is in OPEN state, but the datanode 6ef47ec4-f888-4c0a-9473-d3351b934030{ip: 192.168.157.222, host: pr-hdds-1701-wjnxn-4111008579, networkLocation: /default-rack, certSerialId: null} reports an CLOSED replica.
2019-10-24 11:46:54,887 [EventQueue-ContainerReportForContainerReportHandler] WARN  container.ContainerReportHandler (AbstractContainerReportHandler.java:updateContainerState(145)) - Container #1 is in OPEN state, but the datanode 9c614e94-540a-4713-aa04-685a3a141a15{ip: 192.168.157.222, host: pr-hdds-1701-wjnxn-4111008579, networkLocation: /default-rack, certSerialId: null} reports an CLOSED replica.
2019-10-24 11:46:54,973 [EventQueue-ContainerReportForContainerReportHandler] WARN  container.ContainerReportHandler (AbstractContainerReportHandler.java:updateContainerState(145)) - Container #1 is in OPEN state, but the datanode 6ef47ec4-f888-4c0a-9473-d3351b934030{ip: 192.168.157.222, host: pr-hdds-1701-wjnxn-4111008579, networkLocation: /default-rack, certSerialId: null} reports an CLOSED replica.
2019-10-24 11:46:55,187 [EventQueue-ContainerReportForContainerReportHandler] WARN  container.ContainerReportHandler (AbstractContainerReportHandler.java:updateContainerState(145)) - Container #1 is in OPEN state, but the datanode 9c614e94-540a-4713-aa04-685a3a141a15{ip: 192.168.157.222, host: pr-hdds-1701-wjnxn-4111008579, networkLocation: /default-rack, certSerialId: null} reports an CLOSED replica.
2019-10-24 11:46:55,273 [EventQueue-ContainerReportForContainerReportHandler] WARN  container.ContainerReportHandler (AbstractContainerReportHandler.java:updateContainerState(145)) - Container #1 is in OPEN state, but the datanode 6ef47ec4-f888-4c0a-9473-d3351b934030{ip: 192.168.157.222, host: pr-hdds-1701-wjnxn-4111008579, networkLocation: /default-rack, certSerialId: null} reports an CLOSED replica.
2019-10-24 11:46:55,388 [EventQueue-ContainerReportForContainerReportHandler] WARN  container.ContainerReportHandler (AbstractContainerReportHandler.java:updateContainerState(145)) - Container #1 is in OPEN state, but the datanode 9c614e94-540a-4713-aa04-685a3a141a15{ip: 192.168.157.222, host: pr-hdds-1701-wjnxn-4111008579, networkLocation: /default-rack, certSerialId: null} reports an CLOSED replica.
2019-10-24 11:46:55,588 [EventQueue-ContainerReportForContainerReportHandler] WARN  container.ContainerReportHandler (AbstractContainerReportHandler.java:updateContainerState(145)) - Container #1 is in OPEN state, but the datanode 9c614e94-540a-4713-aa04-685a3a141a15{ip: 192.168.157.222, host: pr-hdds-1701-wjnxn-4111008579, networkLocation: /default-rack, certSerialId: null} reports an CLOSED replica.
2019-10-24 11:46:55,674 [EventQueue-ContainerReportForContainerReportHandler] WARN  container.ContainerReportHandler (AbstractContainerReportHandler.java:updateContainerState(145)) - Container #1 is in OPEN state, but the datanode 6ef47ec4-f888-4c0a-9473-d3351b934030{ip: 192.168.157.222, host: pr-hdds-1701-wjnxn-4111008579, networkLocation: /default-rack, certSerialId: null} reports an CLOSED replica.
2019-10-24 11:46:55,719 [BlockDeletingService#2] WARN  background.BlockDeletingService (BlockDeletingService.java:isDeletionAllowed(187)) - Close Container log Index 6 is not replicated across allthe servers in the pipeline 376e765d-a5bf-4b1f-a23f-db82ea1b0560 as the min replicated index is 4. Deletion is not allowed in this container yet.
2019-10-24 11:46:55,719 [BlockDeletingService#2] WARN  background.BlockDeletingService (BlockDeletingService.java:isDeletionAllowed(187)) - Close Container log Index 6 is not replicated across allthe servers in the pipeline 376e765d-a5bf-4b1f-a23f-db82ea1b0560 as the min replicated index is 4. Deletion is not allowed in this container yet.
2019-10-24 11:46:55,874 [EventQueue-ContainerReportForContainerReportHandler] WARN  container.ContainerReportHandler (AbstractContainerReportHandler.java:updateContainerState(145)) - Container #1 is in OPEN state, but the datanode 6ef47ec4-f888-4c0a-9473-d3351b934030{ip: 192.168.157.222, host: pr-hdds-1701-wjnxn-4111008579, networkLocation: /default-rack, certSerialId: null} reports an CLOSED replica.
2019-10-24 11:46:55,988 [EventQueue-ContainerReportForContainerReportHandler] WARN  container.ContainerReportHandler (AbstractContainerReportHandler.java:updateContainerState(145)) - Container #1 is in OPEN state, but the datanode 9c614e94-540a-4713-aa04-685a3a141a15{ip: 192.168.157.222, host: pr-hdds-1701-wjnxn-4111008579, networkLocation: /default-rack, certSerialId: null} reports an CLOSED replica.
2019-10-24 11:46:56,189 [EventQueue-ContainerReportForContainerReportHandler] WARN  container.ContainerReportHandler (AbstractContainerReportHandler.java:updateContainerState(145)) - Container #1 is in OPEN state, but the datanode 9c614e94-540a-4713-aa04-685a3a141a15{ip: 192.168.157.222, host: pr-hdds-1701-wjnxn-4111008579, networkLocation: /default-rack, certSerialId: null} reports an CLOSED replica.
2019-10-24 11:46:56,275 [EventQueue-ContainerReportForContainerReportHandler] WARN  container.ContainerReportHandler (AbstractContainerReportHandler.java:updateContainerState(145)) - Container #1 is in OPEN state, but the datanode 6ef47ec4-f888-4c0a-9473-d3351b934030{ip: 192.168.157.222, host: pr-hdds-1701-wjnxn-4111008579, networkLocation: /default-rack, certSerialId: null} reports an CLOSED replica.
2019-10-24 11:46:56,488 [EventQueue-ContainerReportForContainerReportHandler] WARN  container.ContainerReportHandler (AbstractContainerReportHandler.java:updateContainerState(145)) - Container #1 is in OPEN state, but the datanode 9c614e94-540a-4713-aa04-685a3a141a15{ip: 192.168.157.222, host: pr-hdds-1701-wjnxn-4111008579, networkLocation: /default-rack, certSerialId: null} reports an CLOSED replica.
2019-10-24 11:46:56,547 [java.util.concurrent.ThreadPoolExecutor$Worker@67eec169[State = -1, empty queue]] WARN  server.GrpcLogAppender (GrpcLogAppender.java:timeoutAppendRequest(209)) - 6ef47ec4-f888-4c0a-9473-d3351b934030@group-DB82EA1B0560->c50ed3b6-ed09-4007-97fb-753acd29cc2b-GrpcLogAppender: appendEntries Timeout, request=6ef47ec4-f888-4c0a-9473-d3351b934030->c50ed3b6-ed09-4007-97fb-753acd29cc2b#23-t1, previous=(t:1, i:8), leaderCommit=8, initializing? false, entries: <empty>
2019-10-24 11:46:56,627 [java.util.concurrent.ThreadPoolExecutor$Worker@67eec169[State = -1, empty queue]] WARN  server.GrpcLogAppender (GrpcLogAppender.java:timeoutAppendRequest(209)) - 6ef47ec4-f888-4c0a-9473-d3351b934030@group-DB82EA1B0560->c50ed3b6-ed09-4007-97fb-753acd29cc2b-GrpcLogAppender: appendEntries Timeout, request=6ef47ec4-f888-4c0a-9473-d3351b934030->c50ed3b6-ed09-4007-97fb-753acd29cc2b#24-t1, previous=(t:1, i:8), leaderCommit=8, initializing? false, entries: size=1, first=(t:1, i:9), STATEMACHINELOGENTRY, client-4062528D056B, cid=12
2019-10-24 11:46:56,641 [java.util.concurrent.ThreadPoolExecutor$Worker@67eec169[State = -1, empty queue]] WARN  server.GrpcLogAppender (GrpcLogAppender.java:timeoutAppendRequest(209)) - 6ef47ec4-f888-4c0a-9473-d3351b934030@group-DB82EA1B0560->c50ed3b6-ed09-4007-97fb-753acd29cc2b-GrpcLogAppender: appendEntries Timeout, request=6ef47ec4-f888-4c0a-9473-d3351b934030->c50ed3b6-ed09-4007-97fb-753acd29cc2b#25-t1, previous=(t:1, i:9), leaderCommit=9, initializing? false, entries: size=1, first=(t:1, i:10), METADATAENTRY(c9)
2019-10-24 11:46:56,676 [EventQueue-ContainerReportForContainerReportHandler] WARN  container.ContainerReportHandler (AbstractContainerReportHandler.java:updateContainerState(145)) - Container #1 is in OPEN state, but the datanode 6ef47ec4-f888-4c0a-9473-d3351b934030{ip: 192.168.157.222, host: pr-hdds-1701-wjnxn-4111008579, networkLocation: /default-rack, certSerialId: null} reports an CLOSED replica.
2019-10-24 11:46:56,688 [EventQueue-ContainerReportForContainerReportHandler] WARN  container.ContainerReportHandler (AbstractContainerReportHandler.java:updateContainerState(145)) - Container #1 is in OPEN state, but the datanode 9c614e94-540a-4713-aa04-685a3a141a15{ip: 192.168.157.222, host: pr-hdds-1701-wjnxn-4111008579, networkLocation: /default-rack, certSerialId: null} reports an CLOSED replica.
2019-10-24 11:46:56,721 [BlockDeletingService#2] WARN  background.BlockDeletingService (BlockDeletingService.java:isDeletionAllowed(187)) - Close Container log Index 6 is not replicated across allthe servers in the pipeline 376e765d-a5bf-4b1f-a23f-db82ea1b0560 as the min replicated index is 4. Deletion is not allowed in this container yet.
2019-10-24 11:46:56,722 [BlockDeletingService#2] WARN  background.BlockDeletingService (BlockDeletingService.java:isDeletionAllowed(187)) - Close Container log Index 6 is not replicated across allthe servers in the pipeline 376e765d-a5bf-4b1f-a23f-db82ea1b0560 as the min replicated index is 4. Deletion is not allowed in this container yet.
2019-10-24 11:46:56,889 [EventQueue-ContainerReportForContainerReportHandler] WARN  container.ContainerReportHandler (AbstractContainerReportHandler.java:updateContainerState(145)) - Container #1 is in OPEN state, but the datanode 9c614e94-540a-4713-aa04-685a3a141a15{ip: 192.168.157.222, host: pr-hdds-1701-wjnxn-4111008579, networkLocation: /default-rack, certSerialId: null} reports an CLOSED replica.
2019-10-24 11:46:56,978 [EventQueue-ContainerReportForContainerReportHandler] WARN  container.ContainerReportHandler (AbstractContainerReportHandler.java:updateContainerState(145)) - Container #1 is in OPEN state, but the datanode 6ef47ec4-f888-4c0a-9473-d3351b934030{ip: 192.168.157.222, host: pr-hdds-1701-wjnxn-4111008579, networkLocation: /default-rack, certSerialId: null} reports an CLOSED replica.
2019-10-24 11:46:57,178 [EventQueue-ContainerReportForContainerReportHandler] WARN  container.ContainerReportHandler (AbstractContainerReportHandler.java:updateContainerState(145)) - Container #1 is in OPEN state, but the datanode 6ef47ec4-f888-4c0a-9473-d3351b934030{ip: 192.168.157.222, host: pr-hdds-1701-wjnxn-4111008579, networkLocation: /default-rack, certSerialId: null} reports an CLOSED replica.
2019-10-24 11:46:57,188 [EventQueue-ContainerReportForContainerReportHandler] WARN  container.ContainerReportHandler (AbstractContainerReportHandler.java:updateContainerState(145)) - Container #1 is in OPEN state, but the datanode 9c614e94-540a-4713-aa04-685a3a141a15{ip: 192.168.157.222, host: pr-hdds-1701-wjnxn-4111008579, networkLocation: /default-rack, certSerialId: null} reports an CLOSED replica.
2019-10-24 11:46:57,490 [EventQueue-ContainerReportForContainerReportHandler] WARN  container.ContainerReportHandler (AbstractContainerReportHandler.java:updateContainerState(145)) - Container #1 is in OPEN state, but the datanode 9c614e94-540a-4713-aa04-685a3a141a15{ip: 192.168.157.222, host: pr-hdds-1701-wjnxn-4111008579, networkLocation: /default-rack, certSerialId: null} reports an CLOSED replica.
2019-10-24 11:46:57,577 [EventQueue-ContainerReportForContainerReportHandler] WARN  container.ContainerReportHandler (AbstractContainerReportHandler.java:updateContainerState(145)) - Container #1 is in OPEN state, but the datanode 6ef47ec4-f888-4c0a-9473-d3351b934030{ip: 192.168.157.222, host: pr-hdds-1701-wjnxn-4111008579, networkLocation: /default-rack, certSerialId: null} reports an CLOSED replica.
2019-10-24 11:46:57,726 [BlockDeletingService#2] WARN  background.BlockDeletingService (BlockDeletingService.java:isDeletionAllowed(187)) - Close Container log Index 6 is not replicated across allthe servers in the pipeline 376e765d-a5bf-4b1f-a23f-db82ea1b0560 as the min replicated index is 4. Deletion is not allowed in this container yet.
2019-10-24 11:46:57,726 [BlockDeletingService#2] WARN  background.BlockDeletingService (BlockDeletingService.java:isDeletionAllowed(187)) - Close Container log Index 6 is not replicated across allthe servers in the pipeline 376e765d-a5bf-4b1f-a23f-db82ea1b0560 as the min replicated index is 4. Deletion is not allowed in this container yet.
2019-10-24 11:46:57,778 [EventQueue-ContainerReportForContainerReportHandler] WARN  container.ContainerReportHandler (AbstractContainerReportHandler.java:updateContainerState(145)) - Container #1 is in OPEN state, but the datanode 6ef47ec4-f888-4c0a-9473-d3351b934030{ip: 192.168.157.222, host: pr-hdds-1701-wjnxn-4111008579, networkLocation: /default-rack, certSerialId: null} reports an CLOSED replica.
2019-10-24 11:46:57,791 [EventQueue-ContainerReportForContainerReportHandler] WARN  container.ContainerReportHandler (AbstractContainerReportHandler.java:updateContainerState(145)) - Container #1 is in OPEN state, but the datanode 9c614e94-540a-4713-aa04-685a3a141a15{ip: 192.168.157.222, host: pr-hdds-1701-wjnxn-4111008579, networkLocation: /default-rack, certSerialId: null} reports an CLOSED replica.
2019-10-24 11:46:58,079 [EventQueue-ContainerReportForContainerReportHandler] WARN  container.ContainerReportHandler (AbstractContainerReportHandler.java:updateContainerState(145)) - Container #1 is in OPEN state, but the datanode 6ef47ec4-f888-4c0a-9473-d3351b934030{ip: 192.168.157.222, host: pr-hdds-1701-wjnxn-4111008579, networkLocation: /default-rack, certSerialId: null} reports an CLOSED replica.
2019-10-24 11:46:58,191 [EventQueue-ContainerReportForContainerReportHandler] WARN  container.ContainerReportHandler (AbstractContainerReportHandler.java:updateContainerState(145)) - Container #1 is in OPEN state, but the datanode 9c614e94-540a-4713-aa04-685a3a141a15{ip: 192.168.157.222, host: pr-hdds-1701-wjnxn-4111008579, networkLocation: /default-rack, certSerialId: null} reports an CLOSED replica.
2019-10-24 11:46:58,479 [EventQueue-ContainerReportForContainerReportHandler] WARN  container.ContainerReportHandler (AbstractContainerReportHandler.java:updateContainerState(145)) - Container #1 is in OPEN state, but the datanode 6ef47ec4-f888-4c0a-9473-d3351b934030{ip: 192.168.157.222, host: pr-hdds-1701-wjnxn-4111008579, networkLocation: /default-rack, certSerialId: null} reports an CLOSED replica.
2019-10-24 11:46:58,592 [EventQueue-ContainerReportForContainerReportHandler] WARN  container.ContainerReportHandler (AbstractContainerReportHandler.java:updateContainerState(145)) - Container #1 is in OPEN state, but the datanode 9c614e94-540a-4713-aa04-685a3a141a15{ip: 192.168.157.222, host: pr-hdds-1701-wjnxn-4111008579, networkLocation: /default-rack, certSerialId: null} reports an CLOSED replica.
2019-10-24 11:46:58,728 [BlockDeletingService#2] WARN  background.BlockDeletingService (BlockDeletingService.java:isDeletionAllowed(187)) - Close Container log Index 6 is not replicated across allthe servers in the pipeline 376e765d-a5bf-4b1f-a23f-db82ea1b0560 as the min replicated index is 4. Deletion is not allowed in this container yet.
2019-10-24 11:46:58,728 [BlockDeletingService#2] WARN  background.BlockDeletingService (BlockDeletingService.java:isDeletionAllowed(187)) - Close Container log Index 6 is not replicated across allthe servers in the pipeline 376e765d-a5bf-4b1f-a23f-db82ea1b0560 as the min replicated index is 4. Deletion is not allowed in this container yet.
2019-10-24 11:46:58,879 [EventQueue-ContainerReportForContainerReportHandler] WARN  container.ContainerReportHandler (AbstractContainerReportHandler.java:updateContainerState(145)) - Container #1 is in OPEN state, but the datanode 6ef47ec4-f888-4c0a-9473-d3351b934030{ip: 192.168.157.222, host: pr-hdds-1701-wjnxn-4111008579, networkLocation: /default-rack, certSerialId: null} reports an CLOSED replica.
2019-10-24 11:46:58,892 [EventQueue-ContainerReportForContainerReportHandler] WARN  container.ContainerReportHandler (AbstractContainerReportHandler.java:updateContainerState(145)) - Container #1 is in OPEN state, but the datanode 9c614e94-540a-4713-aa04-685a3a141a15{ip: 192.168.157.222, host: pr-hdds-1701-wjnxn-4111008579, networkLocation: /default-rack, certSerialId: null} reports an CLOSED replica.
2019-10-24 11:46:59,142 [java.util.concurrent.ThreadPoolExecutor$Worker@67eec169[State = -1, empty queue]] WARN  server.GrpcLogAppender (GrpcLogAppender.java:timeoutAppendRequest(209)) - 6ef47ec4-f888-4c0a-9473-d3351b934030@group-DB82EA1B0560->c50ed3b6-ed09-4007-97fb-753acd29cc2b-GrpcLogAppender: appendEntries Timeout, request=6ef47ec4-f888-4c0a-9473-d3351b934030->c50ed3b6-ed09-4007-97fb-753acd29cc2b#26-t1, previous=(t:1, i:10), leaderCommit=10, initializing? false, entries: <empty>
2019-10-24 11:46:59,179 [EventQueue-ContainerReportForContainerReportHandler] WARN  container.ContainerReportHandler (AbstractContainerReportHandler.java:updateContainerState(145)) - Container #1 is in OPEN state, but the datanode 6ef47ec4-f888-4c0a-9473-d3351b934030{ip: 192.168.157.222, host: pr-hdds-1701-wjnxn-4111008579, networkLocation: /default-rack, certSerialId: null} reports an CLOSED replica.
2019-10-24 11:46:59,192 [EventQueue-ContainerReportForContainerReportHandler] WARN  container.ContainerReportHandler (AbstractContainerReportHandler.java:updateContainerState(145)) - Container #1 is in OPEN state, but the datanode 9c614e94-540a-4713-aa04-685a3a141a15{ip: 192.168.157.222, host: pr-hdds-1701-wjnxn-4111008579, networkLocation: /default-rack, certSerialId: null} reports an CLOSED replica.
2019-10-24 11:46:59,480 [EventQueue-ContainerReportForContainerReportHandler] WARN  container.ContainerReportHandler (AbstractContainerReportHandler.java:updateContainerState(145)) - Container #1 is in OPEN state, but the datanode 6ef47ec4-f888-4c0a-9473-d3351b934030{ip: 192.168.157.222, host: pr-hdds-1701-wjnxn-4111008579, networkLocation: /default-rack, certSerialId: null} reports an CLOSED replica.
2019-10-24 11:46:59,492 [EventQueue-ContainerReportForContainerReportHandler] WARN  container.ContainerReportHandler (AbstractContainerReportHandler.java:updateContainerState(145)) - Container #1 is in OPEN state, but the datanode 9c614e94-540a-4713-aa04-685a3a141a15{ip: 192.168.157.222, host: pr-hdds-1701-wjnxn-4111008579, networkLocation: /default-rack, certSerialId: null} reports an CLOSED replica.
2019-10-24 11:46:59,731 [BlockDeletingService#2] WARN  background.BlockDeletingService (BlockDeletingService.java:isDeletionAllowed(187)) - Close Container log Index 6 is not replicated across allthe servers in the pipeline 376e765d-a5bf-4b1f-a23f-db82ea1b0560 as the min replicated index is 4. Deletion is not allowed in this container yet.
2019-10-24 11:46:59,731 [BlockDeletingService#2] WARN  background.BlockDeletingService (BlockDeletingService.java:isDeletionAllowed(187)) - Close Container log Index 6 is not replicated across allthe servers in the pipeline 376e765d-a5bf-4b1f-a23f-db82ea1b0560 as the min replicated index is 4. Deletion is not allowed in this container yet.
2019-10-24 11:46:59,781 [EventQueue-ContainerReportForContainerReportHandler] WARN  container.ContainerReportHandler (AbstractContainerReportHandler.java:updateContainerState(145)) - Container #1 is in OPEN state, but the datanode 6ef47ec4-f888-4c0a-9473-d3351b934030{ip: 192.168.157.222, host: pr-hdds-1701-wjnxn-4111008579, networkLocation: /default-rack, certSerialId: null} reports an CLOSED replica.
2019-10-24 11:46:59,796 [EventQueue-ContainerReportForContainerReportHandler] WARN  container.ContainerReportHandler (AbstractContainerReportHandler.java:updateContainerState(145)) - Container #1 is in OPEN state, but the datanode 9c614e94-540a-4713-aa04-685a3a141a15{ip: 192.168.157.222, host: pr-hdds-1701-wjnxn-4111008579, networkLocation: /default-rack, certSerialId: null} reports an CLOSED replica.
2019-10-24 11:47:00,096 [EventQueue-ContainerReportForContainerReportHandler] WARN  container.ContainerReportHandler (AbstractContainerReportHandler.java:updateContainerState(145)) - Container #1 is in OPEN state, but the datanode 9c614e94-540a-4713-aa04-685a3a141a15{ip: 192.168.157.222, host: pr-hdds-1701-wjnxn-4111008579, networkLocation: /default-rack, certSerialId: null} reports an CLOSED replica.
2019-10-24 11:47:00,183 [EventQueue-ContainerReportForContainerReportHandler] WARN  container.ContainerReportHandler (AbstractContainerReportHandler.java:updateContainerState(145)) - Container #1 is in OPEN state, but the datanode 6ef47ec4-f888-4c0a-9473-d3351b934030{ip: 192.168.157.222, host: pr-hdds-1701-wjnxn-4111008579, networkLocation: /default-rack, certSerialId: null} reports an CLOSED replica.
2019-10-24 11:47:00,397 [EventQueue-ContainerReportForContainerReportHandler] WARN  container.ContainerReportHandler (AbstractContainerReportHandler.java:updateContainerState(145)) - Container #1 is in OPEN state, but the datanode 9c614e94-540a-4713-aa04-685a3a141a15{ip: 192.168.157.222, host: pr-hdds-1701-wjnxn-4111008579, networkLocation: /default-rack, certSerialId: null} reports an CLOSED replica.
2019-10-24 11:47:00,580 [EventQueue-ContainerReportForContainerReportHandler] WARN  container.ContainerReportHandler (AbstractContainerReportHandler.java:updateContainerState(145)) - Container #1 is in OPEN state, but the datanode 6ef47ec4-f888-4c0a-9473-d3351b934030{ip: 192.168.157.222, host: pr-hdds-1701-wjnxn-4111008579, networkLocation: /default-rack, certSerialId: null} reports an CLOSED replica.
2019-10-24 11:47:00,733 [BlockDeletingService#2] WARN  background.BlockDeletingService (BlockDeletingService.java:isDeletionAllowed(187)) - Close Container log Index 6 is not replicated across allthe servers in the pipeline 376e765d-a5bf-4b1f-a23f-db82ea1b0560 as the min replicated index is 4. Deletion is not allowed in this container yet.
2019-10-24 11:47:00,733 [BlockDeletingService#2] WARN  background.BlockDeletingService (BlockDeletingService.java:isDeletionAllowed(187)) - Close Container log Index 6 is not replicated across allthe servers in the pipeline 376e765d-a5bf-4b1f-a23f-db82ea1b0560 as the min replicated index is 4. Deletion is not allowed in this container yet.
2019-10-24 11:47:00,799 [EventQueue-ContainerReportForContainerReportHandler] WARN  container.ContainerReportHandler (AbstractContainerReportHandler.java:updateContainerState(145)) - Container #1 is in OPEN state, but the datanode 9c614e94-540a-4713-aa04-685a3a141a15{ip: 192.168.157.222, host: pr-hdds-1701-wjnxn-4111008579, networkLocation: /default-rack, certSerialId: null} reports an CLOSED replica.
2019-10-24 11:47:00,881 [EventQueue-ContainerReportForContainerReportHandler] WARN  container.ContainerReportHandler (AbstractContainerReportHandler.java:updateContainerState(145)) - Container #1 is in OPEN state, but the datanode 6ef47ec4-f888-4c0a-9473-d3351b934030{ip: 192.168.157.222, host: pr-hdds-1701-wjnxn-4111008579, networkLocation: /default-rack, certSerialId: null} reports an CLOSED replica.
2019-10-24 11:47:00,999 [EventQueue-ContainerReportForContainerReportHandler] WARN  container.ContainerReportHandler (AbstractContainerReportHandler.java:updateContainerState(145)) - Container #1 is in OPEN state, but the datanode 9c614e94-540a-4713-aa04-685a3a141a15{ip: 192.168.157.222, host: pr-hdds-1701-wjnxn-4111008579, networkLocation: /default-rack, certSerialId: null} reports an CLOSED replica.
2019-10-24 11:47:01,082 [EventQueue-ContainerReportForContainerReportHandler] WARN  container.ContainerReportHandler (AbstractContainerReportHandler.java:updateContainerState(145)) - Container #1 is in OPEN state, but the datanode 6ef47ec4-f888-4c0a-9473-d3351b934030{ip: 192.168.157.222, host: pr-hdds-1701-wjnxn-4111008579, networkLocation: /default-rack, certSerialId: null} reports an CLOSED replica.
2019-10-24 11:47:01,301 [EventQueue-ContainerReportForContainerReportHandler] WARN  container.ContainerReportHandler (AbstractContainerReportHandler.java:updateContainerState(145)) - Container #1 is in OPEN state, but the datanode 9c614e94-540a-4713-aa04-685a3a141a15{ip: 192.168.157.222, host: pr-hdds-1701-wjnxn-4111008579, networkLocation: /default-rack, certSerialId: null} reports an CLOSED replica.
2019-10-24 11:47:01,383 [EventQueue-ContainerReportForContainerReportHandler] WARN  container.ContainerReportHandler (AbstractContainerReportHandler.java:updateContainerState(145)) - Container #1 is in OPEN state, but the datanode 6ef47ec4-f888-4c0a-9473-d3351b934030{ip: 192.168.157.222, host: pr-hdds-1701-wjnxn-4111008579, networkLocation: /default-rack, certSerialId: null} reports an CLOSED replica.
2019-10-24 11:47:01,599 [EventQueue-ContainerReportForContainerReportHandler] WARN  container.ContainerReportHandler (AbstractContainerReportHandler.java:updateContainerState(145)) - Container #1 is in OPEN state, but the datanode 9c614e94-540a-4713-aa04-685a3a141a15{ip: 192.168.157.222, host: pr-hdds-1701-wjnxn-4111008579, networkLocation: /default-rack, certSerialId: null} reports an CLOSED replica.
2019-10-24 11:47:01,644 [java.util.concurrent.ThreadPoolExecutor$Worker@67eec169[State = -1, empty queue]] WARN  server.GrpcLogAppender (GrpcLogAppender.java:timeoutAppendRequest(209)) - 6ef47ec4-f888-4c0a-9473-d3351b934030@group-DB82EA1B0560->c50ed3b6-ed09-4007-97fb-753acd29cc2b-GrpcLogAppender: appendEntries Timeout, request=6ef47ec4-f888-4c0a-9473-d3351b934030->c50ed3b6-ed09-4007-97fb-753acd29cc2b#27-t1, previous=(t:1, i:10), leaderCommit=10, initializing? false, entries: <empty>
2019-10-24 11:47:01,686 [EventQueue-ContainerReportForContainerReportHandler] WARN  container.ContainerReportHandler (AbstractContainerReportHandler.java:updateContainerState(145)) - Container #1 is in OPEN state, but the datanode 6ef47ec4-f888-4c0a-9473-d3351b934030{ip: 192.168.157.222, host: pr-hdds-1701-wjnxn-4111008579, networkLocation: /default-rack, certSerialId: null} reports an CLOSED replica.
2019-10-24 11:47:01,723 [Thread-351] INFO  client.GrpcClientProtocolService (GrpcClientProtocolService.java:lambda$processClientRequest$0(279)) - Failed RaftClientRequest:client-5229374272EA->9c614e94-540a-4713-aa04-685a3a141a15@group-DB82EA1B0560, cid=10, seq=0, Watch-ALL_COMMITTED(6), Message:<EMPTY>, reply=RaftClientReply:client-5229374272EA->9c614e94-540a-4713-aa04-685a3a141a15@group-DB82EA1B0560, cid=10, FAILED org.apache.ratis.protocol.NotLeaderException: Server 9c614e94-540a-4713-aa04-685a3a141a15@group-DB82EA1B0560 is not the leader 6ef47ec4-f888-4c0a-9473-d3351b934030:192.168.157.222:45627, logIndex=0, commits[9c614e94-540a-4713-aa04-685a3a141a15:c10, c50ed3b6-ed09-4007-97fb-753acd29cc2b:c4, 6ef47ec4-f888-4c0a-9473-d3351b934030:c10]
2019-10-24 11:47:01,736 [BlockDeletingService#2] WARN  background.BlockDeletingService (BlockDeletingService.java:isDeletionAllowed(187)) - Close Container log Index 6 is not replicated across allthe servers in the pipeline 376e765d-a5bf-4b1f-a23f-db82ea1b0560 as the min replicated index is 4. Deletion is not allowed in this container yet.
2019-10-24 11:47:01,736 [BlockDeletingService#2] WARN  background.BlockDeletingService (BlockDeletingService.java:isDeletionAllowed(187)) - Close Container log Index 6 is not replicated across allthe servers in the pipeline 376e765d-a5bf-4b1f-a23f-db82ea1b0560 as the min replicated index is 4. Deletion is not allowed in this container yet.
2019-10-24 11:47:01,899 [EventQueue-ContainerReportForContainerReportHandler] WARN  container.ContainerReportHandler (AbstractContainerReportHandler.java:updateContainerState(145)) - Container #1 is in OPEN state, but the datanode 9c614e94-540a-4713-aa04-685a3a141a15{ip: 192.168.157.222, host: pr-hdds-1701-wjnxn-4111008579, networkLocation: /default-rack, certSerialId: null} reports an CLOSED replica.
2019-10-24 11:47:01,987 [EventQueue-ContainerReportForContainerReportHandler] WARN  container.ContainerReportHandler (AbstractContainerReportHandler.java:updateContainerState(145)) - Container #1 is in OPEN state, but the datanode 6ef47ec4-f888-4c0a-9473-d3351b934030{ip: 192.168.157.222, host: pr-hdds-1701-wjnxn-4111008579, networkLocation: /default-rack, certSerialId: null} reports an CLOSED replica.
2019-10-24 11:47:02,199 [EventQueue-ContainerReportForContainerReportHandler] WARN  container.ContainerReportHandler (AbstractContainerReportHandler.java:updateContainerState(145)) - Container #1 is in OPEN state, but the datanode 9c614e94-540a-4713-aa04-685a3a141a15{ip: 192.168.157.222, host: pr-hdds-1701-wjnxn-4111008579, networkLocation: /default-rack, certSerialId: null} reports an CLOSED replica.
2019-10-24 11:47:02,387 [EventQueue-ContainerReportForContainerReportHandler] WARN  container.ContainerReportHandler (AbstractContainerReportHandler.java:updateContainerState(145)) - Container #1 is in OPEN state, but the datanode 6ef47ec4-f888-4c0a-9473-d3351b934030{ip: 192.168.157.222, host: pr-hdds-1701-wjnxn-4111008579, networkLocation: /default-rack, certSerialId: null} reports an CLOSED replica.
2019-10-24 11:47:02,500 [EventQueue-ContainerReportForContainerReportHandler] WARN  container.ContainerReportHandler (AbstractContainerReportHandler.java:updateContainerState(145)) - Container #1 is in OPEN state, but the datanode 9c614e94-540a-4713-aa04-685a3a141a15{ip: 192.168.157.222, host: pr-hdds-1701-wjnxn-4111008579, networkLocation: /default-rack, certSerialId: null} reports an CLOSED replica.
2019-10-24 11:47:02,586 [Thread-356] INFO  client.GrpcClientProtocolService (GrpcClientProtocolService.java:lambda$processClientRequest$0(279)) - Failed RaftClientRequest:client-5229374272EA->6ef47ec4-f888-4c0a-9473-d3351b934030@group-DB82EA1B0560, cid=10, seq=0, Watch-ALL_COMMITTED(6), Message:<EMPTY>, reply=RaftClientReply:client-5229374272EA->6ef47ec4-f888-4c0a-9473-d3351b934030@group-DB82EA1B0560, cid=10, FAILED org.apache.ratis.protocol.NotReplicatedException: Request with call Id 10 and log index 6 is not yet replicated to ALL_COMMITTED, logIndex=6, commits[6ef47ec4-f888-4c0a-9473-d3351b934030:c10, c50ed3b6-ed09-4007-97fb-753acd29cc2b:c4, 9c614e94-540a-4713-aa04-685a3a141a15:c10]
2019-10-24 11:47:02,590 [EventQueue-ContainerReportForContainerReportHandler] WARN  container.ContainerReportHandler (AbstractContainerReportHandler.java:updateContainerState(145)) - Container #1 is in OPEN state, but the datanode 6ef47ec4-f888-4c0a-9473-d3351b934030{ip: 192.168.157.222, host: pr-hdds-1701-wjnxn-4111008579, networkLocation: /default-rack, certSerialId: null} reports an CLOSED replica.
2019-10-24 11:47:02,739 [BlockDeletingService#2] WARN  background.BlockDeletingService (BlockDeletingService.java:isDeletionAllowed(187)) - Close Container log Index 6 is not replicated across allthe servers in the pipeline 376e765d-a5bf-4b1f-a23f-db82ea1b0560 as the min replicated index is 4. Deletion is not allowed in this container yet.
2019-10-24 11:47:02,742 [BlockDeletingService#2] WARN  background.BlockDeletingService (BlockDeletingService.java:isDeletionAllowed(187)) - Close Container log Index 6 is not replicated across allthe servers in the pipeline 376e765d-a5bf-4b1f-a23f-db82ea1b0560 as the min replicated index is 4. Deletion is not allowed in this container yet.
2019-10-24 11:47:02,888 [EventQueue-ContainerReportForContainerReportHandler] WARN  container.ContainerReportHandler (AbstractContainerReportHandler.java:updateContainerState(145)) - Container #1 is in OPEN state, but the datanode 6ef47ec4-f888-4c0a-9473-d3351b934030{ip: 192.168.157.222, host: pr-hdds-1701-wjnxn-4111008579, networkLocation: /default-rack, certSerialId: null} reports an CLOSED replica.
2019-10-24 11:47:02,900 [EventQueue-ContainerReportForContainerReportHandler] WARN  container.ContainerReportHandler (AbstractContainerReportHandler.java:updateContainerState(145)) - Container #1 is in OPEN state, but the datanode 9c614e94-540a-4713-aa04-685a3a141a15{ip: 192.168.157.222, host: pr-hdds-1701-wjnxn-4111008579, networkLocation: /default-rack, certSerialId: null} reports an CLOSED replica.
2019-10-24 11:47:03,088 [EventQueue-ContainerReportForContainerReportHandler] WARN  container.ContainerReportHandler (AbstractContainerReportHandler.java:updateContainerState(145)) - Container #1 is in OPEN state, but the datanode 6ef47ec4-f888-4c0a-9473-d3351b934030{ip: 192.168.157.222, host: pr-hdds-1701-wjnxn-4111008579, networkLocation: /default-rack, certSerialId: null} reports an CLOSED replica.
2019-10-24 11:47:03,201 [EventQueue-ContainerReportForContainerReportHandler] WARN  container.ContainerReportHandler (AbstractContainerReportHandler.java:updateContainerState(145)) - Container #1 is in OPEN state, but the datanode 9c614e94-540a-4713-aa04-685a3a141a15{ip: 192.168.157.222, host: pr-hdds-1701-wjnxn-4111008579, networkLocation: /default-rack, certSerialId: null} reports an CLOSED replica.
2019-10-24 11:47:03,489 [EventQueue-ContainerReportForContainerReportHandler] WARN  container.ContainerReportHandler (AbstractContainerReportHandler.java:updateContainerState(145)) - Container #1 is in OPEN state, but the datanode 6ef47ec4-f888-4c0a-9473-d3351b934030{ip: 192.168.157.222, host: pr-hdds-1701-wjnxn-4111008579, networkLocation: /default-rack, certSerialId: null} reports an CLOSED replica.
2019-10-24 11:47:03,501 [EventQueue-ContainerReportForContainerReportHandler] WARN  container.ContainerReportHandler (AbstractContainerReportHandler.java:updateContainerState(145)) - Container #1 is in OPEN state, but the datanode 9c614e94-540a-4713-aa04-685a3a141a15{ip: 192.168.157.222, host: pr-hdds-1701-wjnxn-4111008579, networkLocation: /default-rack, certSerialId: null} reports an CLOSED replica.
2019-10-24 11:47:03,701 [EventQueue-ContainerReportForContainerReportHandler] WARN  container.ContainerReportHandler (AbstractContainerReportHandler.java:updateContainerState(145)) - Container #1 is in OPEN state, but the datanode 9c614e94-540a-4713-aa04-685a3a141a15{ip: 192.168.157.222, host: pr-hdds-1701-wjnxn-4111008579, networkLocation: /default-rack, certSerialId: null} reports an CLOSED replica.
2019-10-24 11:47:03,745 [BlockDeletingService#2] WARN  background.BlockDeletingService (BlockDeletingService.java:isDeletionAllowed(187)) - Close Container log Index 6 is not replicated across allthe servers in the pipeline 376e765d-a5bf-4b1f-a23f-db82ea1b0560 as the min replicated index is 4. Deletion is not allowed in this container yet.
2019-10-24 11:47:03,745 [BlockDeletingService#2] WARN  background.BlockDeletingService (BlockDeletingService.java:isDeletionAllowed(187)) - Close Container log Index 6 is not replicated across allthe servers in the pipeline 376e765d-a5bf-4b1f-a23f-db82ea1b0560 as the min replicated index is 4. Deletion is not allowed in this container yet.
2019-10-24 11:47:03,790 [EventQueue-ContainerReportForContainerReportHandler] WARN  container.ContainerReportHandler (AbstractContainerReportHandler.java:updateContainerState(145)) - Container #1 is in OPEN state, but the datanode 6ef47ec4-f888-4c0a-9473-d3351b934030{ip: 192.168.157.222, host: pr-hdds-1701-wjnxn-4111008579, networkLocation: /default-rack, certSerialId: null} reports an CLOSED replica.
2019-10-24 11:47:04,002 [EventQueue-ContainerReportForContainerReportHandler] WARN  container.ContainerReportHandler (AbstractContainerReportHandler.java:updateContainerState(145)) - Container #1 is in OPEN state, but the datanode 9c614e94-540a-4713-aa04-685a3a141a15{ip: 192.168.157.222, host: pr-hdds-1701-wjnxn-4111008579, networkLocation: /default-rack, certSerialId: null} reports an CLOSED replica.
2019-10-24 11:47:04,091 [EventQueue-ContainerReportForContainerReportHandler] WARN  container.ContainerReportHandler (AbstractContainerReportHandler.java:updateContainerState(145)) - Container #1 is in OPEN state, but the datanode 6ef47ec4-f888-4c0a-9473-d3351b934030{ip: 192.168.157.222, host: pr-hdds-1701-wjnxn-4111008579, networkLocation: /default-rack, certSerialId: null} reports an CLOSED replica.
2019-10-24 11:47:04,146 [java.util.concurrent.ThreadPoolExecutor$Worker@67eec169[State = -1, empty queue]] WARN  server.GrpcLogAppender (GrpcLogAppender.java:timeoutAppendRequest(209)) - 6ef47ec4-f888-4c0a-9473-d3351b934030@group-DB82EA1B0560->c50ed3b6-ed09-4007-97fb-753acd29cc2b-GrpcLogAppender: appendEntries Timeout, request=6ef47ec4-f888-4c0a-9473-d3351b934030->c50ed3b6-ed09-4007-97fb-753acd29cc2b#28-t1, previous=(t:1, i:10), leaderCommit=10, initializing? false, entries: <empty>
2019-10-24 11:47:04,201 [EventQueue-ContainerReportForContainerReportHandler] WARN  container.ContainerReportHandler (AbstractContainerReportHandler.java:updateContainerState(145)) - Container #1 is in OPEN state, but the datanode 9c614e94-540a-4713-aa04-685a3a141a15{ip: 192.168.157.222, host: pr-hdds-1701-wjnxn-4111008579, networkLocation: /default-rack, certSerialId: null} reports an CLOSED replica.
2019-10-24 11:47:04,391 [EventQueue-ContainerReportForContainerReportHandler] WARN  container.ContainerReportHandler (AbstractContainerReportHandler.java:updateContainerState(145)) - Container #1 is in OPEN state, but the datanode 6ef47ec4-f888-4c0a-9473-d3351b934030{ip: 192.168.157.222, host: pr-hdds-1701-wjnxn-4111008579, networkLocation: /default-rack, certSerialId: null} reports an CLOSED replica.
2019-10-24 11:47:04,603 [EventQueue-ContainerReportForContainerReportHandler] WARN  container.ContainerReportHandler (AbstractContainerReportHandler.java:updateContainerState(145)) - Container #1 is in OPEN state, but the datanode 9c614e94-540a-4713-aa04-685a3a141a15{ip: 192.168.157.222, host: pr-hdds-1701-wjnxn-4111008579, networkLocation: /default-rack, certSerialId: null} reports an CLOSED replica.
2019-10-24 11:47:04,748 [BlockDeletingService#2] WARN  background.BlockDeletingService (BlockDeletingService.java:isDeletionAllowed(187)) - Close Container log Index 6 is not replicated across allthe servers in the pipeline 376e765d-a5bf-4b1f-a23f-db82ea1b0560 as the min replicated index is 4. Deletion is not allowed in this container yet.
2019-10-24 11:47:04,748 [BlockDeletingService#2] WARN  background.BlockDeletingService (BlockDeletingService.java:isDeletionAllowed(187)) - Close Container log Index 6 is not replicated across allthe servers in the pipeline 376e765d-a5bf-4b1f-a23f-db82ea1b0560 as the min replicated index is 4. Deletion is not allowed in this container yet.
2019-10-24 11:47:04,792 [EventQueue-ContainerReportForContainerReportHandler] WARN  container.ContainerReportHandler (AbstractContainerReportHandler.java:updateContainerState(145)) - Container #1 is in OPEN state, but the datanode 6ef47ec4-f888-4c0a-9473-d3351b934030{ip: 192.168.157.222, host: pr-hdds-1701-wjnxn-4111008579, networkLocation: /default-rack, certSerialId: null} reports an CLOSED replica.
2019-10-24 11:47:05,002 [EventQueue-ContainerReportForContainerReportHandler] WARN  container.ContainerReportHandler (AbstractContainerReportHandler.java:updateContainerState(145)) - Container #1 is in OPEN state, but the datanode 9c614e94-540a-4713-aa04-685a3a141a15{ip: 192.168.157.222, host: pr-hdds-1701-wjnxn-4111008579, networkLocation: /default-rack, certSerialId: null} reports an CLOSED replica.
2019-10-24 11:47:05,093 [EventQueue-ContainerReportForContainerReportHandler] WARN  container.ContainerReportHandler (AbstractContainerReportHandler.java:updateContainerState(145)) - Container #1 is in OPEN state, but the datanode 6ef47ec4-f888-4c0a-9473-d3351b934030{ip: 192.168.157.222, host: pr-hdds-1701-wjnxn-4111008579, networkLocation: /default-rack, certSerialId: null} reports an CLOSED replica.
2019-10-24 11:47:05,303 [EventQueue-ContainerReportForContainerReportHandler] WARN  container.ContainerReportHandler (AbstractContainerReportHandler.java:updateContainerState(145)) - Container #1 is in OPEN state, but the datanode 9c614e94-540a-4713-aa04-685a3a141a15{ip: 192.168.157.222, host: pr-hdds-1701-wjnxn-4111008579, networkLocation: /default-rack, certSerialId: null} reports an CLOSED replica.
2019-10-24 11:47:05,393 [EventQueue-ContainerReportForContainerReportHandler] WARN  container.ContainerReportHandler (AbstractContainerReportHandler.java:updateContainerState(145)) - Container #1 is in OPEN state, but the datanode 6ef47ec4-f888-4c0a-9473-d3351b934030{ip: 192.168.157.222, host: pr-hdds-1701-wjnxn-4111008579, networkLocation: /default-rack, certSerialId: null} reports an CLOSED replica.
2019-10-24 11:47:05,602 [EventQueue-ContainerReportForContainerReportHandler] WARN  container.ContainerReportHandler (AbstractContainerReportHandler.java:updateContainerState(145)) - Container #1 is in OPEN state, but the datanode 9c614e94-540a-4713-aa04-685a3a141a15{ip: 192.168.157.222, host: pr-hdds-1701-wjnxn-4111008579, networkLocation: /default-rack, certSerialId: null} reports an CLOSED replica.
2019-10-24 11:47:05,694 [EventQueue-ContainerReportForContainerReportHandler] WARN  container.ContainerReportHandler (AbstractContainerReportHandler.java:updateContainerState(145)) - Container #1 is in OPEN state, but the datanode 6ef47ec4-f888-4c0a-9473-d3351b934030{ip: 192.168.157.222, host: pr-hdds-1701-wjnxn-4111008579, networkLocation: /default-rack, certSerialId: null} reports an CLOSED replica.
2019-10-24 11:47:05,750 [BlockDeletingService#2] WARN  background.BlockDeletingService (BlockDeletingService.java:isDeletionAllowed(187)) - Close Container log Index 6 is not replicated across allthe servers in the pipeline 376e765d-a5bf-4b1f-a23f-db82ea1b0560 as the min replicated index is 4. Deletion is not allowed in this container yet.
2019-10-24 11:47:05,750 [BlockDeletingService#2] WARN  background.BlockDeletingService (BlockDeletingService.java:isDeletionAllowed(187)) - Close Container log Index 6 is not replicated across allthe servers in the pipeline 376e765d-a5bf-4b1f-a23f-db82ea1b0560 as the min replicated index is 4. Deletion is not allowed in this container yet.
2019-10-24 11:47:05,893 [EventQueue-ContainerReportForContainerReportHandler] WARN  container.ContainerReportHandler (AbstractContainerReportHandler.java:updateContainerState(145)) - Container #1 is in OPEN state, but the datanode 6ef47ec4-f888-4c0a-9473-d3351b934030{ip: 192.168.157.222, host: pr-hdds-1701-wjnxn-4111008579, networkLocation: /default-rack, certSerialId: null} reports an CLOSED replica.
2019-10-24 11:47:05,902 [EventQueue-ContainerReportForContainerReportHandler] WARN  container.ContainerReportHandler (AbstractContainerReportHandler.java:updateContainerState(145)) - Container #1 is in OPEN state, but the datanode 9c614e94-540a-4713-aa04-685a3a141a15{ip: 192.168.157.222, host: pr-hdds-1701-wjnxn-4111008579, networkLocation: /default-rack, certSerialId: null} reports an CLOSED replica.
2019-10-24 11:47:06,193 [EventQueue-ContainerReportForContainerReportHandler] WARN  container.ContainerReportHandler (AbstractContainerReportHandler.java:updateContainerState(145)) - Container #1 is in OPEN state, but the datanode 6ef47ec4-f888-4c0a-9473-d3351b934030{ip: 192.168.157.222, host: pr-hdds-1701-wjnxn-4111008579, networkLocation: /default-rack, certSerialId: null} reports an CLOSED replica.
2019-10-24 11:47:06,202 [EventQueue-ContainerReportForContainerReportHandler] WARN  container.ContainerReportHandler (AbstractContainerReportHandler.java:updateContainerState(145)) - Container #1 is in OPEN state, but the datanode 9c614e94-540a-4713-aa04-685a3a141a15{ip: 192.168.157.222, host: pr-hdds-1701-wjnxn-4111008579, networkLocation: /default-rack, certSerialId: null} reports an CLOSED replica.
2019-10-24 11:47:06,593 [EventQueue-ContainerReportForContainerReportHandler] WARN  container.ContainerReportHandler (AbstractContainerReportHandler.java:updateContainerState(145)) - Container #1 is in OPEN state, but the datanode 6ef47ec4-f888-4c0a-9473-d3351b934030{ip: 192.168.157.222, host: pr-hdds-1701-wjnxn-4111008579, networkLocation: /default-rack, certSerialId: null} reports an CLOSED replica.
2019-10-24 11:47:06,603 [EventQueue-ContainerReportForContainerReportHandler] WARN  container.ContainerReportHandler (AbstractContainerReportHandler.java:updateContainerState(145)) - Container #1 is in OPEN state, but the datanode 9c614e94-540a-4713-aa04-685a3a141a15{ip: 192.168.157.222, host: pr-hdds-1701-wjnxn-4111008579, networkLocation: /default-rack, certSerialId: null} reports an CLOSED replica.
2019-10-24 11:47:06,648 [java.util.concurrent.ThreadPoolExecutor$Worker@67eec169[State = -1, empty queue]] WARN  server.GrpcLogAppender (GrpcLogAppender.java:timeoutAppendRequest(209)) - 6ef47ec4-f888-4c0a-9473-d3351b934030@group-DB82EA1B0560->c50ed3b6-ed09-4007-97fb-753acd29cc2b-GrpcLogAppender: appendEntries Timeout, request=6ef47ec4-f888-4c0a-9473-d3351b934030->c50ed3b6-ed09-4007-97fb-753acd29cc2b#29-t1, previous=(t:1, i:10), leaderCommit=10, initializing? false, entries: <empty>
2019-10-24 11:47:06,751 [BlockDeletingService#2] WARN  background.BlockDeletingService (BlockDeletingService.java:isDeletionAllowed(187)) - Close Container log Index 6 is not replicated across allthe servers in the pipeline 376e765d-a5bf-4b1f-a23f-db82ea1b0560 as the min replicated index is 4. Deletion is not allowed in this container yet.
2019-10-24 11:47:06,752 [BlockDeletingService#2] WARN  background.BlockDeletingService (BlockDeletingService.java:isDeletionAllowed(187)) - Close Container log Index 6 is not replicated across allthe servers in the pipeline 376e765d-a5bf-4b1f-a23f-db82ea1b0560 as the min replicated index is 4. Deletion is not allowed in this container yet.
2019-10-24 11:47:06,793 [EventQueue-ContainerReportForContainerReportHandler] WARN  container.ContainerReportHandler (AbstractContainerReportHandler.java:updateContainerState(145)) - Container #1 is in OPEN state, but the datanode 6ef47ec4-f888-4c0a-9473-d3351b934030{ip: 192.168.157.222, host: pr-hdds-1701-wjnxn-4111008579, networkLocation: /default-rack, certSerialId: null} reports an CLOSED replica.
2019-10-24 11:47:06,904 [EventQueue-ContainerReportForContainerReportHandler] WARN  container.ContainerReportHandler (AbstractContainerReportHandler.java:updateContainerState(145)) - Container #1 is in OPEN state, but the datanode 9c614e94-540a-4713-aa04-685a3a141a15{ip: 192.168.157.222, host: pr-hdds-1701-wjnxn-4111008579, networkLocation: /default-rack, certSerialId: null} reports an CLOSED replica.
2019-10-24 11:47:07,194 [EventQueue-ContainerReportForContainerReportHandler] WARN  container.ContainerReportHandler (AbstractContainerReportHandler.java:updateContainerState(145)) - Container #1 is in OPEN state, but the datanode 6ef47ec4-f888-4c0a-9473-d3351b934030{ip: 192.168.157.222, host: pr-hdds-1701-wjnxn-4111008579, networkLocation: /default-rack, certSerialId: null} reports an CLOSED replica.
2019-10-24 11:47:07,305 [EventQueue-ContainerReportForContainerReportHandler] WARN  container.ContainerReportHandler (AbstractContainerReportHandler.java:updateContainerState(145)) - Container #1 is in OPEN state, but the datanode 9c614e94-540a-4713-aa04-685a3a141a15{ip: 192.168.157.222, host: pr-hdds-1701-wjnxn-4111008579, networkLocation: /default-rack, certSerialId: null} reports an CLOSED replica.
2019-10-24 11:47:07,494 [EventQueue-ContainerReportForContainerReportHandler] WARN  container.ContainerReportHandler (AbstractContainerReportHandler.java:updateContainerState(145)) - Container #1 is in OPEN state, but the datanode 6ef47ec4-f888-4c0a-9473-d3351b934030{ip: 192.168.157.222, host: pr-hdds-1701-wjnxn-4111008579, networkLocation: /default-rack, certSerialId: null} reports an CLOSED replica.
2019-10-24 11:47:07,606 [EventQueue-ContainerReportForContainerReportHandler] WARN  container.ContainerReportHandler (AbstractContainerReportHandler.java:updateContainerState(145)) - Container #1 is in OPEN state, but the datanode 9c614e94-540a-4713-aa04-685a3a141a15{ip: 192.168.157.222, host: pr-hdds-1701-wjnxn-4111008579, networkLocation: /default-rack, certSerialId: null} reports an CLOSED replica.
2019-10-24 11:47:07,694 [EventQueue-ContainerReportForContainerReportHandler] WARN  container.ContainerReportHandler (AbstractContainerReportHandler.java:updateContainerState(145)) - Container #1 is in OPEN state, but the datanode 6ef47ec4-f888-4c0a-9473-d3351b934030{ip: 192.168.157.222, host: pr-hdds-1701-wjnxn-4111008579, networkLocation: /default-rack, certSerialId: null} reports an CLOSED replica.
2019-10-24 11:47:07,753 [BlockDeletingService#2] WARN  background.BlockDeletingService (BlockDeletingService.java:isDeletionAllowed(187)) - Close Container log Index 6 is not replicated across allthe servers in the pipeline 376e765d-a5bf-4b1f-a23f-db82ea1b0560 as the min replicated index is 4. Deletion is not allowed in this container yet.
2019-10-24 11:47:07,753 [BlockDeletingService#2] WARN  background.BlockDeletingService (BlockDeletingService.java:isDeletionAllowed(187)) - Close Container log Index 6 is not replicated across allthe servers in the pipeline 376e765d-a5bf-4b1f-a23f-db82ea1b0560 as the min replicated index is 4. Deletion is not allowed in this container yet.
2019-10-24 11:47:07,805 [EventQueue-ContainerReportForContainerReportHandler] WARN  container.ContainerReportHandler (AbstractContainerReportHandler.java:updateContainerState(145)) - Container #1 is in OPEN state, but the datanode 9c614e94-540a-4713-aa04-685a3a141a15{ip: 192.168.157.222, host: pr-hdds-1701-wjnxn-4111008579, networkLocation: /default-rack, certSerialId: null} reports an CLOSED replica.
2019-10-24 11:47:07,994 [EventQueue-ContainerReportForContainerReportHandler] WARN  container.ContainerReportHandler (AbstractContainerReportHandler.java:updateContainerState(145)) - Container #1 is in OPEN state, but the datanode 6ef47ec4-f888-4c0a-9473-d3351b934030{ip: 192.168.157.222, host: pr-hdds-1701-wjnxn-4111008579, networkLocation: /default-rack, certSerialId: null} reports an CLOSED replica.
2019-10-24 11:47:08,105 [EventQueue-ContainerReportForContainerReportHandler] WARN  container.ContainerReportHandler (AbstractContainerReportHandler.java:updateContainerState(145)) - Container #1 is in OPEN state, but the datanode 9c614e94-540a-4713-aa04-685a3a141a15{ip: 192.168.157.222, host: pr-hdds-1701-wjnxn-4111008579, networkLocation: /default-rack, certSerialId: null} reports an CLOSED replica.
2019-10-24 11:47:08,305 [EventQueue-ContainerReportForContainerReportHandler] WARN  container.ContainerReportHandler (AbstractContainerReportHandler.java:updateContainerState(145)) - Container #1 is in OPEN state, but the datanode 9c614e94-540a-4713-aa04-685a3a141a15{ip: 192.168.157.222, host: pr-hdds-1701-wjnxn-4111008579, networkLocation: /default-rack, certSerialId: null} reports an CLOSED replica.
2019-10-24 11:47:08,394 [EventQueue-ContainerReportForContainerReportHandler] WARN  container.ContainerReportHandler (AbstractContainerReportHandler.java:updateContainerState(145)) - Container #1 is in OPEN state, but the datanode 6ef47ec4-f888-4c0a-9473-d3351b934030{ip: 192.168.157.222, host: pr-hdds-1701-wjnxn-4111008579, networkLocation: /default-rack, certSerialId: null} reports an CLOSED replica.
2019-10-24 11:47:08,505 [EventQueue-ContainerReportForContainerReportHandler] WARN  container.ContainerReportHandler (AbstractContainerReportHandler.java:updateContainerState(145)) - Container #1 is in OPEN state, but the datanode 9c614e94-540a-4713-aa04-685a3a141a15{ip: 192.168.157.222, host: pr-hdds-1701-wjnxn-4111008579, networkLocation: /default-rack, certSerialId: null} reports an CLOSED replica.
2019-10-24 11:47:08,695 [EventQueue-ContainerReportForContainerReportHandler] WARN  container.ContainerReportHandler (AbstractContainerReportHandler.java:updateContainerState(145)) - Container #1 is in OPEN state, but the datanode 6ef47ec4-f888-4c0a-9473-d3351b934030{ip: 192.168.157.222, host: pr-hdds-1701-wjnxn-4111008579, networkLocation: /default-rack, certSerialId: null} reports an CLOSED replica.
2019-10-24 11:47:08,754 [BlockDeletingService#2] WARN  background.BlockDeletingService (BlockDeletingService.java:isDeletionAllowed(187)) - Close Container log Index 6 is not replicated across allthe servers in the pipeline 376e765d-a5bf-4b1f-a23f-db82ea1b0560 as the min replicated index is 4. Deletion is not allowed in this container yet.
2019-10-24 11:47:08,755 [BlockDeletingService#2] WARN  background.BlockDeletingService (BlockDeletingService.java:isDeletionAllowed(187)) - Close Container log Index 6 is not replicated across allthe servers in the pipeline 376e765d-a5bf-4b1f-a23f-db82ea1b0560 as the min replicated index is 4. Deletion is not allowed in this container yet.
2019-10-24 11:47:08,895 [EventQueue-ContainerReportForContainerReportHandler] WARN  container.ContainerReportHandler (AbstractContainerReportHandler.java:updateContainerState(145)) - Container #1 is in OPEN state, but the datanode 6ef47ec4-f888-4c0a-9473-d3351b934030{ip: 192.168.157.222, host: pr-hdds-1701-wjnxn-4111008579, networkLocation: /default-rack, certSerialId: null} reports an CLOSED replica.
2019-10-24 11:47:08,906 [EventQueue-ContainerReportForContainerReportHandler] WARN  container.ContainerReportHandler (AbstractContainerReportHandler.java:updateContainerState(145)) - Container #1 is in OPEN state, but the datanode 9c614e94-540a-4713-aa04-685a3a141a15{ip: 192.168.157.222, host: pr-hdds-1701-wjnxn-4111008579, networkLocation: /default-rack, certSerialId: null} reports an CLOSED replica.
2019-10-24 11:47:09,096 [EventQueue-ContainerReportForContainerReportHandler] WARN  container.ContainerReportHandler (AbstractContainerReportHandler.java:updateContainerState(145)) - Container #1 is in OPEN state, but the datanode 6ef47ec4-f888-4c0a-9473-d3351b934030{ip: 192.168.157.222, host: pr-hdds-1701-wjnxn-4111008579, networkLocation: /default-rack, certSerialId: null} reports an CLOSED replica.
2019-10-24 11:47:09,150 [java.util.concurrent.ThreadPoolExecutor$Worker@67eec169[State = -1, empty queue]] WARN  server.GrpcLogAppender (GrpcLogAppender.java:timeoutAppendRequest(209)) - 6ef47ec4-f888-4c0a-9473-d3351b934030@group-DB82EA1B0560->c50ed3b6-ed09-4007-97fb-753acd29cc2b-GrpcLogAppender: appendEntries Timeout, request=6ef47ec4-f888-4c0a-9473-d3351b934030->c50ed3b6-ed09-4007-97fb-753acd29cc2b#30-t1, previous=(t:1, i:10), leaderCommit=10, initializing? false, entries: <empty>
2019-10-24 11:47:09,206 [EventQueue-ContainerReportForContainerReportHandler] WARN  container.ContainerReportHandler (AbstractContainerReportHandler.java:updateContainerState(145)) - Container #1 is in OPEN state, but the datanode 9c614e94-540a-4713-aa04-685a3a141a15{ip: 192.168.157.222, host: pr-hdds-1701-wjnxn-4111008579, networkLocation: /default-rack, certSerialId: null} reports an CLOSED replica.
2019-10-24 11:47:09,406 [EventQueue-ContainerReportForContainerReportHandler] WARN  container.ContainerReportHandler (AbstractContainerReportHandler.java:updateContainerState(145)) - Container #1 is in OPEN state, but the datanode 9c614e94-540a-4713-aa04-685a3a141a15{ip: 192.168.157.222, host: pr-hdds-1701-wjnxn-4111008579, networkLocation: /default-rack, certSerialId: null} reports an CLOSED replica.
2019-10-24 11:47:09,495 [EventQueue-ContainerReportForContainerReportHandler] WARN  container.ContainerReportHandler (AbstractContainerReportHandler.java:updateContainerState(145)) - Container #1 is in OPEN state, but the datanode 6ef47ec4-f888-4c0a-9473-d3351b934030{ip: 192.168.157.222, host: pr-hdds-1701-wjnxn-4111008579, networkLocation: /default-rack, certSerialId: null} reports an CLOSED replica.
2019-10-24 11:47:09,756 [BlockDeletingService#2] WARN  background.BlockDeletingService (BlockDeletingService.java:isDeletionAllowed(187)) - Close Container log Index 6 is not replicated across allthe servers in the pipeline 376e765d-a5bf-4b1f-a23f-db82ea1b0560 as the min replicated index is 4. Deletion is not allowed in this container yet.
2019-10-24 11:47:09,756 [BlockDeletingService#2] WARN  background.BlockDeletingService (BlockDeletingService.java:isDeletionAllowed(187)) - Close Container log Index 6 is not replicated across allthe servers in the pipeline 376e765d-a5bf-4b1f-a23f-db82ea1b0560 as the min replicated index is 4. Deletion is not allowed in this container yet.
2019-10-24 11:47:09,807 [EventQueue-ContainerReportForContainerReportHandler] WARN  container.ContainerReportHandler (AbstractContainerReportHandler.java:updateContainerState(145)) - Container #1 is in OPEN state, but the datanode 9c614e94-540a-4713-aa04-685a3a141a15{ip: 192.168.157.222, host: pr-hdds-1701-wjnxn-4111008579, networkLocation: /default-rack, certSerialId: null} reports an CLOSED replica.
2019-10-24 11:47:09,895 [EventQueue-ContainerReportForContainerReportHandler] WARN  container.ContainerReportHandler (AbstractContainerReportHandler.java:updateContainerState(145)) - Container #1 is in OPEN state, but the datanode 6ef47ec4-f888-4c0a-9473-d3351b934030{ip: 192.168.157.222, host: pr-hdds-1701-wjnxn-4111008579, networkLocation: /default-rack, certSerialId: null} reports an CLOSED replica.
2019-10-24 11:47:10,006 [EventQueue-ContainerReportForContainerReportHandler] WARN  container.ContainerReportHandler (AbstractContainerReportHandler.java:updateContainerState(145)) - Container #1 is in OPEN state, but the datanode 9c614e94-540a-4713-aa04-685a3a141a15{ip: 192.168.157.222, host: pr-hdds-1701-wjnxn-4111008579, networkLocation: /default-rack, certSerialId: null} reports an CLOSED replica.
2019-10-24 11:47:10,095 [EventQueue-ContainerReportForContainerReportHandler] WARN  container.ContainerReportHandler (AbstractContainerReportHandler.java:updateContainerState(145)) - Container #1 is in OPEN state, but the datanode 6ef47ec4-f888-4c0a-9473-d3351b934030{ip: 192.168.157.222, host: pr-hdds-1701-wjnxn-4111008579, networkLocation: /default-rack, certSerialId: null} reports an CLOSED replica.
2019-10-24 11:47:10,396 [EventQueue-ContainerReportForContainerReportHandler] WARN  container.ContainerReportHandler (AbstractContainerReportHandler.java:updateContainerState(145)) - Container #1 is in OPEN state, but the datanode 6ef47ec4-f888-4c0a-9473-d3351b934030{ip: 192.168.157.222, host: pr-hdds-1701-wjnxn-4111008579, networkLocation: /default-rack, certSerialId: null} reports an CLOSED replica.
2019-10-24 11:47:10,406 [EventQueue-ContainerReportForContainerReportHandler] WARN  container.ContainerReportHandler (AbstractContainerReportHandler.java:updateContainerState(145)) - Container #1 is in OPEN state, but the datanode 9c614e94-540a-4713-aa04-685a3a141a15{ip: 192.168.157.222, host: pr-hdds-1701-wjnxn-4111008579, networkLocation: /default-rack, certSerialId: null} reports an CLOSED replica.
2019-10-24 11:47:10,596 [EventQueue-ContainerReportForContainerReportHandler] WARN  container.ContainerReportHandler (AbstractContainerReportHandler.java:updateContainerState(145)) - Container #1 is in OPEN state, but the datanode 6ef47ec4-f888-4c0a-9473-d3351b934030{ip: 192.168.157.222, host: pr-hdds-1701-wjnxn-4111008579, networkLocation: /default-rack, certSerialId: null} reports an CLOSED replica.
2019-10-24 11:47:10,706 [EventQueue-ContainerReportForContainerReportHandler] WARN  container.ContainerReportHandler (AbstractContainerReportHandler.java:updateContainerState(145)) - Container #1 is in OPEN state, but the datanode 9c614e94-540a-4713-aa04-685a3a141a15{ip: 192.168.157.222, host: pr-hdds-1701-wjnxn-4111008579, networkLocation: /default-rack, certSerialId: null} reports an CLOSED replica.
2019-10-24 11:47:10,751 [Thread-379] INFO  client.GrpcClientProtocolService (GrpcClientProtocolService.java:lambda$processClientRequest$0(279)) - Failed RaftClientRequest:client-5229374272EA->9c614e94-540a-4713-aa04-685a3a141a15@group-DB82EA1B0560, cid=10, seq=0, Watch-ALL_COMMITTED(6), Message:<EMPTY>, reply=RaftClientReply:client-5229374272EA->9c614e94-540a-4713-aa04-685a3a141a15@group-DB82EA1B0560, cid=10, FAILED org.apache.ratis.protocol.NotLeaderException: Server 9c614e94-540a-4713-aa04-685a3a141a15@group-DB82EA1B0560 is not the leader 6ef47ec4-f888-4c0a-9473-d3351b934030:192.168.157.222:45627, logIndex=0, commits[9c614e94-540a-4713-aa04-685a3a141a15:c10, c50ed3b6-ed09-4007-97fb-753acd29cc2b:c4, 6ef47ec4-f888-4c0a-9473-d3351b934030:c10]
2019-10-24 11:47:10,763 [BlockDeletingService#2] WARN  background.BlockDeletingService (BlockDeletingService.java:isDeletionAllowed(187)) - Close Container log Index 6 is not replicated across allthe servers in the pipeline 376e765d-a5bf-4b1f-a23f-db82ea1b0560 as the min replicated index is 4. Deletion is not allowed in this container yet.
2019-10-24 11:47:10,763 [BlockDeletingService#2] WARN  background.BlockDeletingService (BlockDeletingService.java:isDeletionAllowed(187)) - Close Container log Index 6 is not replicated across allthe servers in the pipeline 376e765d-a5bf-4b1f-a23f-db82ea1b0560 as the min replicated index is 4. Deletion is not allowed in this container yet.
2019-10-24 11:47:10,997 [EventQueue-ContainerReportForContainerReportHandler] WARN  container.ContainerReportHandler (AbstractContainerReportHandler.java:updateContainerState(145)) - Container #1 is in OPEN state, but the datanode 6ef47ec4-f888-4c0a-9473-d3351b934030{ip: 192.168.157.222, host: pr-hdds-1701-wjnxn-4111008579, networkLocation: /default-rack, certSerialId: null} reports an CLOSED replica.
2019-10-24 11:47:11,006 [EventQueue-ContainerReportForContainerReportHandler] WARN  container.ContainerReportHandler (AbstractContainerReportHandler.java:updateContainerState(145)) - Container #1 is in OPEN state, but the datanode 9c614e94-540a-4713-aa04-685a3a141a15{ip: 192.168.157.222, host: pr-hdds-1701-wjnxn-4111008579, networkLocation: /default-rack, certSerialId: null} reports an CLOSED replica.
2019-10-24 11:47:11,197 [EventQueue-ContainerReportForContainerReportHandler] WARN  container.ContainerReportHandler (AbstractContainerReportHandler.java:updateContainerState(145)) - Container #1 is in OPEN state, but the datanode 6ef47ec4-f888-4c0a-9473-d3351b934030{ip: 192.168.157.222, host: pr-hdds-1701-wjnxn-4111008579, networkLocation: /default-rack, certSerialId: null} reports an CLOSED replica.
2019-10-24 11:47:11,306 [EventQueue-ContainerReportForContainerReportHandler] WARN  container.ContainerReportHandler (AbstractContainerReportHandler.java:updateContainerState(145)) - Container #1 is in OPEN state, but the datanode 9c614e94-540a-4713-aa04-685a3a141a15{ip: 192.168.157.222, host: pr-hdds-1701-wjnxn-4111008579, networkLocation: /default-rack, certSerialId: null} reports an CLOSED replica.
2019-10-24 11:47:11,506 [EventQueue-ContainerReportForContainerReportHandler] WARN  container.ContainerReportHandler (AbstractContainerReportHandler.java:updateContainerState(145)) - Container #1 is in OPEN state, but the datanode 9c614e94-540a-4713-aa04-685a3a141a15{ip: 192.168.157.222, host: pr-hdds-1701-wjnxn-4111008579, networkLocation: /default-rack, certSerialId: null} reports an CLOSED replica.
2019-10-24 11:47:11,597 [EventQueue-ContainerReportForContainerReportHandler] WARN  container.ContainerReportHandler (AbstractContainerReportHandler.java:updateContainerState(145)) - Container #1 is in OPEN state, but the datanode 6ef47ec4-f888-4c0a-9473-d3351b934030{ip: 192.168.157.222, host: pr-hdds-1701-wjnxn-4111008579, networkLocation: /default-rack, certSerialId: null} reports an CLOSED replica.
2019-10-24 11:47:11,650 [java.util.concurrent.ThreadPoolExecutor$Worker@67eec169[State = -1, empty queue]] WARN  server.GrpcLogAppender (GrpcLogAppender.java:timeoutAppendRequest(209)) - 6ef47ec4-f888-4c0a-9473-d3351b934030@group-DB82EA1B0560->c50ed3b6-ed09-4007-97fb-753acd29cc2b-GrpcLogAppender: appendEntries Timeout, request=6ef47ec4-f888-4c0a-9473-d3351b934030->c50ed3b6-ed09-4007-97fb-753acd29cc2b#31-t1, previous=(t:1, i:10), leaderCommit=10, initializing? false, entries: <empty>
2019-10-24 11:47:11,706 [EventQueue-ContainerReportForContainerReportHandler] WARN  container.ContainerReportHandler (AbstractContainerReportHandler.java:updateContainerState(145)) - Container #1 is in OPEN state, but the datanode 9c614e94-540a-4713-aa04-685a3a141a15{ip: 192.168.157.222, host: pr-hdds-1701-wjnxn-4111008579, networkLocation: /default-rack, certSerialId: null} reports an CLOSED replica.
2019-10-24 11:47:11,765 [BlockDeletingService#2] WARN  background.BlockDeletingService (BlockDeletingService.java:isDeletionAllowed(187)) - Close Container log Index 6 is not replicated across allthe servers in the pipeline 376e765d-a5bf-4b1f-a23f-db82ea1b0560 as the min replicated index is 4. Deletion is not allowed in this container yet.
2019-10-24 11:47:11,766 [BlockDeletingService#2] WARN  background.BlockDeletingService (BlockDeletingService.java:isDeletionAllowed(187)) - Close Container log Index 6 is not replicated across allthe servers in the pipeline 376e765d-a5bf-4b1f-a23f-db82ea1b0560 as the min replicated index is 4. Deletion is not allowed in this container yet.
2019-10-24 11:47:11,997 [EventQueue-ContainerReportForContainerReportHandler] WARN  container.ContainerReportHandler (AbstractContainerReportHandler.java:updateContainerState(145)) - Container #1 is in OPEN state, but the datanode 6ef47ec4-f888-4c0a-9473-d3351b934030{ip: 192.168.157.222, host: pr-hdds-1701-wjnxn-4111008579, networkLocation: /default-rack, certSerialId: null} reports an CLOSED replica.
2019-10-24 11:47:12,006 [EventQueue-ContainerReportForContainerReportHandler] WARN  container.ContainerReportHandler (AbstractContainerReportHandler.java:updateContainerState(145)) - Container #1 is in OPEN state, but the datanode 9c614e94-540a-4713-aa04-685a3a141a15{ip: 192.168.157.222, host: pr-hdds-1701-wjnxn-4111008579, networkLocation: /default-rack, certSerialId: null} reports an CLOSED replica.
2019-10-24 11:47:12,298 [EventQueue-ContainerReportForContainerReportHandler] WARN  container.ContainerReportHandler (AbstractContainerReportHandler.java:updateContainerState(145)) - Container #1 is in OPEN state, but the datanode 6ef47ec4-f888-4c0a-9473-d3351b934030{ip: 192.168.157.222, host: pr-hdds-1701-wjnxn-4111008579, networkLocation: /default-rack, certSerialId: null} reports an CLOSED replica.
2019-10-24 11:47:12,307 [EventQueue-ContainerReportForContainerReportHandler] WARN  container.ContainerReportHandler (AbstractContainerReportHandler.java:updateContainerState(145)) - Container #1 is in OPEN state, but the datanode 9c614e94-540a-4713-aa04-685a3a141a15{ip: 192.168.157.222, host: pr-hdds-1701-wjnxn-4111008579, networkLocation: /default-rack, certSerialId: null} reports an CLOSED replica.
2019-10-24 11:47:12,585 [Thread-387] INFO  client.GrpcClientProtocolService (GrpcClientProtocolService.java:lambda$processClientRequest$0(279)) - Failed RaftClientRequest:client-5229374272EA->6ef47ec4-f888-4c0a-9473-d3351b934030@group-DB82EA1B0560, cid=10, seq=0, Watch-ALL_COMMITTED(6), Message:<EMPTY>, reply=RaftClientReply:client-5229374272EA->6ef47ec4-f888-4c0a-9473-d3351b934030@group-DB82EA1B0560, cid=10, FAILED org.apache.ratis.protocol.NotReplicatedException: Request with call Id 10 and log index 6 is not yet replicated to ALL_COMMITTED, logIndex=6, commits[6ef47ec4-f888-4c0a-9473-d3351b934030:c10, c50ed3b6-ed09-4007-97fb-753acd29cc2b:c4, 9c614e94-540a-4713-aa04-685a3a141a15:c10]
2019-10-24 11:47:12,598 [EventQueue-ContainerReportForContainerReportHandler] WARN  container.ContainerReportHandler (AbstractContainerReportHandler.java:updateContainerState(145)) - Container #1 is in OPEN state, but the datanode 6ef47ec4-f888-4c0a-9473-d3351b934030{ip: 192.168.157.222, host: pr-hdds-1701-wjnxn-4111008579, networkLocation: /default-rack, certSerialId: null} reports an CLOSED replica.
2019-10-24 11:47:12,607 [EventQueue-ContainerReportForContainerReportHandler] WARN  container.ContainerReportHandler (AbstractContainerReportHandler.java:updateContainerState(145)) - Container #1 is in OPEN state, but the datanode 9c614e94-540a-4713-aa04-685a3a141a15{ip: 192.168.157.222, host: pr-hdds-1701-wjnxn-4111008579, networkLocation: /default-rack, certSerialId: null} reports an CLOSED replica.
2019-10-24 11:47:12,767 [BlockDeletingService#2] WARN  background.BlockDeletingService (BlockDeletingService.java:isDeletionAllowed(187)) - Close Container log Index 6 is not replicated across allthe servers in the pipeline 376e765d-a5bf-4b1f-a23f-db82ea1b0560 as the min replicated index is 4. Deletion is not allowed in this container yet.
2019-10-24 11:47:12,769 [BlockDeletingService#2] WARN  background.BlockDeletingService (BlockDeletingService.java:isDeletionAllowed(187)) - Close Container log Index 6 is not replicated across allthe servers in the pipeline 376e765d-a5bf-4b1f-a23f-db82ea1b0560 as the min replicated index is 4. Deletion is not allowed in this container yet.
2019-10-24 11:47:12,899 [EventQueue-ContainerReportForContainerReportHandler] WARN  container.ContainerReportHandler (AbstractContainerReportHandler.java:updateContainerState(145)) - Container #1 is in OPEN state, but the datanode 6ef47ec4-f888-4c0a-9473-d3351b934030{ip: 192.168.157.222, host: pr-hdds-1701-wjnxn-4111008579, networkLocation: /default-rack, certSerialId: null} reports an CLOSED replica.
2019-10-24 11:47:12,907 [EventQueue-ContainerReportForContainerReportHandler] WARN  container.ContainerReportHandler (AbstractContainerReportHandler.java:updateContainerState(145)) - Container #1 is in OPEN state, but the datanode 9c614e94-540a-4713-aa04-685a3a141a15{ip: 192.168.157.222, host: pr-hdds-1701-wjnxn-4111008579, networkLocation: /default-rack, certSerialId: null} reports an CLOSED replica.
2019-10-24 11:47:13,200 [EventQueue-ContainerReportForContainerReportHandler] WARN  container.ContainerReportHandler (AbstractContainerReportHandler.java:updateContainerState(145)) - Container #1 is in OPEN state, but the datanode 6ef47ec4-f888-4c0a-9473-d3351b934030{ip: 192.168.157.222, host: pr-hdds-1701-wjnxn-4111008579, networkLocation: /default-rack, certSerialId: null} reports an CLOSED replica.
2019-10-24 11:47:13,207 [EventQueue-ContainerReportForContainerReportHandler] WARN  container.ContainerReportHandler (AbstractContainerReportHandler.java:updateContainerState(145)) - Container #1 is in OPEN state, but the datanode 9c614e94-540a-4713-aa04-685a3a141a15{ip: 192.168.157.222, host: pr-hdds-1701-wjnxn-4111008579, networkLocation: /default-rack, certSerialId: null} reports an CLOSED replica.
2019-10-24 11:47:13,500 [EventQueue-ContainerReportForContainerReportHandler] WARN  container.ContainerReportHandler (AbstractContainerReportHandler.java:updateContainerState(145)) - Container #1 is in OPEN state, but the datanode 6ef47ec4-f888-4c0a-9473-d3351b934030{ip: 192.168.157.222, host: pr-hdds-1701-wjnxn-4111008579, networkLocation: /default-rack, certSerialId: null} reports an CLOSED replica.
2019-10-24 11:47:13,507 [EventQueue-ContainerReportForContainerReportHandler] WARN  container.ContainerReportHandler (AbstractContainerReportHandler.java:updateContainerState(145)) - Container #1 is in OPEN state, but the datanode 9c614e94-540a-4713-aa04-685a3a141a15{ip: 192.168.157.222, host: pr-hdds-1701-wjnxn-4111008579, networkLocation: /default-rack, certSerialId: null} reports an CLOSED replica.
2019-10-24 11:47:13,708 [EventQueue-ContainerReportForContainerReportHandler] WARN  container.ContainerReportHandler (AbstractContainerReportHandler.java:updateContainerState(145)) - Container #1 is in OPEN state, but the datanode 9c614e94-540a-4713-aa04-685a3a141a15{ip: 192.168.157.222, host: pr-hdds-1701-wjnxn-4111008579, networkLocation: /default-rack, certSerialId: null} reports an CLOSED replica.
2019-10-24 11:47:13,778 [BlockDeletingService#2] WARN  background.BlockDeletingService (BlockDeletingService.java:isDeletionAllowed(187)) - Close Container log Index 6 is not replicated across allthe servers in the pipeline 376e765d-a5bf-4b1f-a23f-db82ea1b0560 as the min replicated index is 4. Deletion is not allowed in this container yet.
2019-10-24 11:47:13,779 [BlockDeletingService#2] WARN  background.BlockDeletingService (BlockDeletingService.java:isDeletionAllowed(187)) - Close Container log Index 6 is not replicated across allthe servers in the pipeline 376e765d-a5bf-4b1f-a23f-db82ea1b0560 as the min replicated index is 4. Deletion is not allowed in this container yet.
2019-10-24 11:47:13,800 [EventQueue-ContainerReportForContainerReportHandler] WARN  container.ContainerReportHandler (AbstractContainerReportHandler.java:updateContainerState(145)) - Container #1 is in OPEN state, but the datanode 6ef47ec4-f888-4c0a-9473-d3351b934030{ip: 192.168.157.222, host: pr-hdds-1701-wjnxn-4111008579, networkLocation: /default-rack, certSerialId: null} reports an CLOSED replica.
2019-10-24 11:47:14,101 [EventQueue-ContainerReportForContainerReportHandler] WARN  container.ContainerReportHandler (AbstractContainerReportHandler.java:updateContainerState(145)) - Container #1 is in OPEN state, but the datanode 6ef47ec4-f888-4c0a-9473-d3351b934030{ip: 192.168.157.222, host: pr-hdds-1701-wjnxn-4111008579, networkLocation: /default-rack, certSerialId: null} reports an CLOSED replica.
2019-10-24 11:47:14,108 [EventQueue-ContainerReportForContainerReportHandler] WARN  container.ContainerReportHandler (AbstractContainerReportHandler.java:updateContainerState(145)) - Container #1 is in OPEN state, but the datanode 9c614e94-540a-4713-aa04-685a3a141a15{ip: 192.168.157.222, host: pr-hdds-1701-wjnxn-4111008579, networkLocation: /default-rack, certSerialId: null} reports an CLOSED replica.
2019-10-24 11:47:14,152 [java.util.concurrent.ThreadPoolExecutor$Worker@67eec169[State = -1, empty queue]] WARN  server.GrpcLogAppender (GrpcLogAppender.java:timeoutAppendRequest(209)) - 6ef47ec4-f888-4c0a-9473-d3351b934030@group-DB82EA1B0560->c50ed3b6-ed09-4007-97fb-753acd29cc2b-GrpcLogAppender: appendEntries Timeout, request=6ef47ec4-f888-4c0a-9473-d3351b934030->c50ed3b6-ed09-4007-97fb-753acd29cc2b#32-t1, previous=(t:1, i:10), leaderCommit=10, initializing? false, entries: <empty>
2019-10-24 11:47:14,401 [EventQueue-ContainerReportForContainerReportHandler] WARN  container.ContainerReportHandler (AbstractContainerReportHandler.java:updateContainerState(145)) - Container #1 is in OPEN state, but the datanode 6ef47ec4-f888-4c0a-9473-d3351b934030{ip: 192.168.157.222, host: pr-hdds-1701-wjnxn-4111008579, networkLocation: /default-rack, certSerialId: null} reports an CLOSED replica.
2019-10-24 11:47:14,408 [EventQueue-ContainerReportForContainerReportHandler] WARN  container.ContainerReportHandler (AbstractContainerReportHandler.java:updateContainerState(145)) - Container #1 is in OPEN state, but the datanode 9c614e94-540a-4713-aa04-685a3a141a15{ip: 192.168.157.222, host: pr-hdds-1701-wjnxn-4111008579, networkLocation: /default-rack, certSerialId: null} reports an CLOSED replica.
2019-10-24 11:47:14,702 [EventQueue-ContainerReportForContainerReportHandler] WARN  container.ContainerReportHandler (AbstractContainerReportHandler.java:updateContainerState(145)) - Container #1 is in OPEN state, but the datanode 6ef47ec4-f888-4c0a-9473-d3351b934030{ip: 192.168.157.222, host: pr-hdds-1701-wjnxn-4111008579, networkLocation: /default-rack, certSerialId: null} reports an CLOSED replica.
2019-10-24 11:47:14,708 [EventQueue-ContainerReportForContainerReportHandler] WARN  container.ContainerReportHandler (AbstractContainerReportHandler.java:updateContainerState(145)) - Container #1 is in OPEN state, but the datanode 9c614e94-540a-4713-aa04-685a3a141a15{ip: 192.168.157.222, host: pr-hdds-1701-wjnxn-4111008579, networkLocation: /default-rack, certSerialId: null} reports an CLOSED replica.
2019-10-24 11:47:14,782 [BlockDeletingService#2] WARN  background.BlockDeletingService (BlockDeletingService.java:isDeletionAllowed(187)) - Close Container log Index 6 is not replicated across allthe servers in the pipeline 376e765d-a5bf-4b1f-a23f-db82ea1b0560 as the min replicated index is 4. Deletion is not allowed in this container yet.
2019-10-24 11:47:14,782 [BlockDeletingService#2] WARN  background.BlockDeletingService (BlockDeletingService.java:isDeletionAllowed(187)) - Close Container log Index 6 is not replicated across allthe servers in the pipeline 376e765d-a5bf-4b1f-a23f-db82ea1b0560 as the min replicated index is 4. Deletion is not allowed in this container yet.
2019-10-24 11:47:15,000 [EventQueue-ContainerReportForContainerReportHandler] WARN  container.ContainerReportHandler (AbstractContainerReportHandler.java:updateContainerState(145)) - Container #1 is in OPEN state, but the datanode 6ef47ec4-f888-4c0a-9473-d3351b934030{ip: 192.168.157.222, host: pr-hdds-1701-wjnxn-4111008579, networkLocation: /default-rack, certSerialId: null} reports an CLOSED replica.
2019-10-24 11:47:15,008 [EventQueue-ContainerReportForContainerReportHandler] WARN  container.ContainerReportHandler (AbstractContainerReportHandler.java:updateContainerState(145)) - Container #1 is in OPEN state, but the datanode 9c614e94-540a-4713-aa04-685a3a141a15{ip: 192.168.157.222, host: pr-hdds-1701-wjnxn-4111008579, networkLocation: /default-rack, certSerialId: null} reports an CLOSED replica.
2019-10-24 11:47:15,308 [EventQueue-ContainerReportForContainerReportHandler] WARN  container.ContainerReportHandler (AbstractContainerReportHandler.java:updateContainerState(145)) - Container #1 is in OPEN state, but the datanode 9c614e94-540a-4713-aa04-685a3a141a15{ip: 192.168.157.222, host: pr-hdds-1701-wjnxn-4111008579, networkLocation: /default-rack, certSerialId: null} reports an CLOSED replica.
2019-10-24 11:47:15,401 [EventQueue-ContainerReportForContainerReportHandler] WARN  container.ContainerReportHandler (AbstractContainerReportHandler.java:updateContainerState(145)) - Container #1 is in OPEN state, but the datanode 6ef47ec4-f888-4c0a-9473-d3351b934030{ip: 192.168.157.222, host: pr-hdds-1701-wjnxn-4111008579, networkLocation: /default-rack, certSerialId: null} reports an CLOSED replica.
2019-10-24 11:47:15,602 [EventQueue-ContainerReportForContainerReportHandler] WARN  container.ContainerReportHandler (AbstractContainerReportHandler.java:updateContainerState(145)) - Container #1 is in OPEN state, but the datanode 6ef47ec4-f888-4c0a-9473-d3351b934030{ip: 192.168.157.222, host: pr-hdds-1701-wjnxn-4111008579, networkLocation: /default-rack, certSerialId: null} reports an CLOSED replica.
2019-10-24 11:47:15,710 [EventQueue-ContainerReportForContainerReportHandler] WARN  container.ContainerReportHandler (AbstractContainerReportHandler.java:updateContainerState(145)) - Container #1 is in OPEN state, but the datanode 9c614e94-540a-4713-aa04-685a3a141a15{ip: 192.168.157.222, host: pr-hdds-1701-wjnxn-4111008579, networkLocation: /default-rack, certSerialId: null} reports an CLOSED replica.
2019-10-24 11:47:15,783 [BlockDeletingService#2] WARN  background.BlockDeletingService (BlockDeletingService.java:isDeletionAllowed(187)) - Close Container log Index 6 is not replicated across allthe servers in the pipeline 376e765d-a5bf-4b1f-a23f-db82ea1b0560 as the min replicated index is 4. Deletion is not allowed in this container yet.
2019-10-24 11:47:15,784 [BlockDeletingService#2] WARN  background.BlockDeletingService (BlockDeletingService.java:isDeletionAllowed(187)) - Close Container log Index 6 is not replicated across allthe servers in the pipeline 376e765d-a5bf-4b1f-a23f-db82ea1b0560 as the min replicated index is 4. Deletion is not allowed in this container yet.
2019-10-24 11:47:15,903 [EventQueue-ContainerReportForContainerReportHandler] WARN  container.ContainerReportHandler (AbstractContainerReportHandler.java:updateContainerState(145)) - Container #1 is in OPEN state, but the datanode 6ef47ec4-f888-4c0a-9473-d3351b934030{ip: 192.168.157.222, host: pr-hdds-1701-wjnxn-4111008579, networkLocation: /default-rack, certSerialId: null} reports an CLOSED replica.
2019-10-24 11:47:15,909 [EventQueue-ContainerReportForContainerReportHandler] WARN  container.ContainerReportHandler (AbstractContainerReportHandler.java:updateContainerState(145)) - Container #1 is in OPEN state, but the datanode 9c614e94-540a-4713-aa04-685a3a141a15{ip: 192.168.157.222, host: pr-hdds-1701-wjnxn-4111008579, networkLocation: /default-rack, certSerialId: null} reports an CLOSED replica.
2019-10-24 11:47:16,203 [EventQueue-ContainerReportForContainerReportHandler] WARN  container.ContainerReportHandler (AbstractContainerReportHandler.java:updateContainerState(145)) - Container #1 is in OPEN state, but the datanode 6ef47ec4-f888-4c0a-9473-d3351b934030{ip: 192.168.157.222, host: pr-hdds-1701-wjnxn-4111008579, networkLocation: /default-rack, certSerialId: null} reports an CLOSED replica.
2019-10-24 11:47:16,310 [EventQueue-ContainerReportForContainerReportHandler] WARN  container.ContainerReportHandler (AbstractContainerReportHandler.java:updateContainerState(145)) - Container #1 is in OPEN state, but the datanode 9c614e94-540a-4713-aa04-685a3a141a15{ip: 192.168.157.222, host: pr-hdds-1701-wjnxn-4111008579, networkLocation: /default-rack, certSerialId: null} reports an CLOSED replica.
2019-10-24 11:47:16,504 [EventQueue-ContainerReportForContainerReportHandler] WARN  container.ContainerReportHandler (AbstractContainerReportHandler.java:updateContainerState(145)) - Container #1 is in OPEN state, but the datanode 6ef47ec4-f888-4c0a-9473-d3351b934030{ip: 192.168.157.222, host: pr-hdds-1701-wjnxn-4111008579, networkLocation: /default-rack, certSerialId: null} reports an CLOSED replica.
2019-10-24 11:47:16,611 [EventQueue-ContainerReportForContainerReportHandler] WARN  container.ContainerReportHandler (AbstractContainerReportHandler.java:updateContainerState(145)) - Container #1 is in OPEN state, but the datanode 9c614e94-540a-4713-aa04-685a3a141a15{ip: 192.168.157.222, host: pr-hdds-1701-wjnxn-4111008579, networkLocation: /default-rack, certSerialId: null} reports an CLOSED replica.
2019-10-24 11:47:16,653 [java.util.concurrent.ThreadPoolExecutor$Worker@67eec169[State = -1, empty queue]] WARN  server.GrpcLogAppender (GrpcLogAppender.java:timeoutAppendRequest(209)) - 6ef47ec4-f888-4c0a-9473-d3351b934030@group-DB82EA1B0560->c50ed3b6-ed09-4007-97fb-753acd29cc2b-GrpcLogAppender: appendEntries Timeout, request=6ef47ec4-f888-4c0a-9473-d3351b934030->c50ed3b6-ed09-4007-97fb-753acd29cc2b#33-t1, previous=(t:1, i:10), leaderCommit=10, initializing? false, entries: <empty>
2019-10-24 11:47:16,786 [BlockDeletingService#2] WARN  background.BlockDeletingService (BlockDeletingService.java:isDeletionAllowed(187)) - Close Container log Index 6 is not replicated across allthe servers in the pipeline 376e765d-a5bf-4b1f-a23f-db82ea1b0560 as the min replicated index is 4. Deletion is not allowed in this container yet.
2019-10-24 11:47:16,786 [BlockDeletingService#2] WARN  background.BlockDeletingService (BlockDeletingService.java:isDeletionAllowed(187)) - Close Container log Index 6 is not replicated across allthe servers in the pipeline 376e765d-a5bf-4b1f-a23f-db82ea1b0560 as the min replicated index is 4. Deletion is not allowed in this container yet.
2019-10-24 11:47:16,803 [EventQueue-ContainerReportForContainerReportHandler] WARN  container.ContainerReportHandler (AbstractContainerReportHandler.java:updateContainerState(145)) - Container #1 is in OPEN state, but the datanode 6ef47ec4-f888-4c0a-9473-d3351b934030{ip: 192.168.157.222, host: pr-hdds-1701-wjnxn-4111008579, networkLocation: /default-rack, certSerialId: null} reports an CLOSED replica.
2019-10-24 11:47:16,811 [EventQueue-ContainerReportForContainerReportHandler] WARN  container.ContainerReportHandler (AbstractContainerReportHandler.java:updateContainerState(145)) - Container #1 is in OPEN state, but the datanode 9c614e94-540a-4713-aa04-685a3a141a15{ip: 192.168.157.222, host: pr-hdds-1701-wjnxn-4111008579, networkLocation: /default-rack, certSerialId: null} reports an CLOSED replica.
2019-10-24 11:47:17,104 [EventQueue-ContainerReportForContainerReportHandler] WARN  container.ContainerReportHandler (AbstractContainerReportHandler.java:updateContainerState(145)) - Container #1 is in OPEN state, but the datanode 6ef47ec4-f888-4c0a-9473-d3351b934030{ip: 192.168.157.222, host: pr-hdds-1701-wjnxn-4111008579, networkLocation: /default-rack, certSerialId: null} reports an CLOSED replica.
2019-10-24 11:47:17,112 [EventQueue-ContainerReportForContainerReportHandler] WARN  container.ContainerReportHandler (AbstractContainerReportHandler.java:updateContainerState(145)) - Container #1 is in OPEN state, but the datanode 9c614e94-540a-4713-aa04-685a3a141a15{ip: 192.168.157.222, host: pr-hdds-1701-wjnxn-4111008579, networkLocation: /default-rack, certSerialId: null} reports an CLOSED replica.
2019-10-24 11:47:17,303 [EventQueue-ContainerReportForContainerReportHandler] WARN  container.ContainerReportHandler (AbstractContainerReportHandler.java:updateContainerState(145)) - Container #1 is in OPEN state, but the datanode 6ef47ec4-f888-4c0a-9473-d3351b934030{ip: 192.168.157.222, host: pr-hdds-1701-wjnxn-4111008579, networkLocation: /default-rack, certSerialId: null} reports an CLOSED replica.
2019-10-24 11:47:17,411 [EventQueue-ContainerReportForContainerReportHandler] WARN  container.ContainerReportHandler (AbstractContainerReportHandler.java:updateContainerState(145)) - Container #1 is in OPEN state, but the datanode 9c614e94-540a-4713-aa04-685a3a141a15{ip: 192.168.157.222, host: pr-hdds-1701-wjnxn-4111008579, networkLocation: /default-rack, certSerialId: null} reports an CLOSED replica.
2019-10-24 11:47:17,503 [EventQueue-ContainerReportForContainerReportHandler] WARN  container.ContainerReportHandler (AbstractContainerReportHandler.java:updateContainerState(145)) - Container #1 is in OPEN state, but the datanode 6ef47ec4-f888-4c0a-9473-d3351b934030{ip: 192.168.157.222, host: pr-hdds-1701-wjnxn-4111008579, networkLocation: /default-rack, certSerialId: null} reports an CLOSED replica.
2019-10-24 11:47:17,711 [EventQueue-ContainerReportForContainerReportHandler] WARN  container.ContainerReportHandler (AbstractContainerReportHandler.java:updateContainerState(145)) - Container #1 is in OPEN state, but the datanode 9c614e94-540a-4713-aa04-685a3a141a15{ip: 192.168.157.222, host: pr-hdds-1701-wjnxn-4111008579, networkLocation: /default-rack, certSerialId: null} reports an CLOSED replica.
2019-10-24 11:47:17,787 [BlockDeletingService#2] WARN  background.BlockDeletingService (BlockDeletingService.java:isDeletionAllowed(187)) - Close Container log Index 6 is not replicated across allthe servers in the pipeline 376e765d-a5bf-4b1f-a23f-db82ea1b0560 as the min replicated index is 4. Deletion is not allowed in this container yet.
2019-10-24 11:47:17,787 [BlockDeletingService#2] WARN  background.BlockDeletingService (BlockDeletingService.java:isDeletionAllowed(187)) - Close Container log Index 6 is not replicated across allthe servers in the pipeline 376e765d-a5bf-4b1f-a23f-db82ea1b0560 as the min replicated index is 4. Deletion is not allowed in this container yet.
2019-10-24 11:47:17,804 [EventQueue-ContainerReportForContainerReportHandler] WARN  container.ContainerReportHandler (AbstractContainerReportHandler.java:updateContainerState(145)) - Container #1 is in OPEN state, but the datanode 6ef47ec4-f888-4c0a-9473-d3351b934030{ip: 192.168.157.222, host: pr-hdds-1701-wjnxn-4111008579, networkLocation: /default-rack, certSerialId: null} reports an CLOSED replica.
2019-10-24 11:47:18,012 [EventQueue-ContainerReportForContainerReportHandler] WARN  container.ContainerReportHandler (AbstractContainerReportHandler.java:updateContainerState(145)) - Container #1 is in OPEN state, but the datanode 9c614e94-540a-4713-aa04-685a3a141a15{ip: 192.168.157.222, host: pr-hdds-1701-wjnxn-4111008579, networkLocation: /default-rack, certSerialId: null} reports an CLOSED replica.
2019-10-24 11:47:18,104 [EventQueue-ContainerReportForContainerReportHandler] WARN  container.ContainerReportHandler (AbstractContainerReportHandler.java:updateContainerState(145)) - Container #1 is in OPEN state, but the datanode 6ef47ec4-f888-4c0a-9473-d3351b934030{ip: 192.168.157.222, host: pr-hdds-1701-wjnxn-4111008579, networkLocation: /default-rack, certSerialId: null} reports an CLOSED replica.
2019-10-24 11:47:18,313 [EventQueue-ContainerReportForContainerReportHandler] WARN  container.ContainerReportHandler (AbstractContainerReportHandler.java:updateContainerState(145)) - Container #1 is in OPEN state, but the datanode 9c614e94-540a-4713-aa04-685a3a141a15{ip: 192.168.157.222, host: pr-hdds-1701-wjnxn-4111008579, networkLocation: /default-rack, certSerialId: null} reports an CLOSED replica.
2019-10-24 11:47:18,404 [EventQueue-ContainerReportForContainerReportHandler] WARN  container.ContainerReportHandler (AbstractContainerReportHandler.java:updateContainerState(145)) - Container #1 is in OPEN state, but the datanode 6ef47ec4-f888-4c0a-9473-d3351b934030{ip: 192.168.157.222, host: pr-hdds-1701-wjnxn-4111008579, networkLocation: /default-rack, certSerialId: null} reports an CLOSED replica.
2019-10-24 11:47:18,613 [EventQueue-ContainerReportForContainerReportHandler] WARN  container.ContainerReportHandler (AbstractContainerReportHandler.java:updateContainerState(145)) - Container #1 is in OPEN state, but the datanode 9c614e94-540a-4713-aa04-685a3a141a15{ip: 192.168.157.222, host: pr-hdds-1701-wjnxn-4111008579, networkLocation: /default-rack, certSerialId: null} reports an CLOSED replica.
2019-10-24 11:47:18,789 [BlockDeletingService#2] WARN  background.BlockDeletingService (BlockDeletingService.java:isDeletionAllowed(187)) - Close Container log Index 6 is not replicated across allthe servers in the pipeline 376e765d-a5bf-4b1f-a23f-db82ea1b0560 as the min replicated index is 4. Deletion is not allowed in this container yet.
2019-10-24 11:47:18,789 [BlockDeletingService#2] WARN  background.BlockDeletingService (BlockDeletingService.java:isDeletionAllowed(187)) - Close Container log Index 6 is not replicated across allthe servers in the pipeline 376e765d-a5bf-4b1f-a23f-db82ea1b0560 as the min replicated index is 4. Deletion is not allowed in this container yet.
2019-10-24 11:47:18,804 [EventQueue-ContainerReportForContainerReportHandler] WARN  container.ContainerReportHandler (AbstractContainerReportHandler.java:updateContainerState(145)) - Container #1 is in OPEN state, but the datanode 6ef47ec4-f888-4c0a-9473-d3351b934030{ip: 192.168.157.222, host: pr-hdds-1701-wjnxn-4111008579, networkLocation: /default-rack, certSerialId: null} reports an CLOSED replica.
2019-10-24 11:47:18,813 [EventQueue-ContainerReportForContainerReportHandler] WARN  container.ContainerReportHandler (AbstractContainerReportHandler.java:updateContainerState(145)) - Container #1 is in OPEN state, but the datanode 9c614e94-540a-4713-aa04-685a3a141a15{ip: 192.168.157.222, host: pr-hdds-1701-wjnxn-4111008579, networkLocation: /default-rack, certSerialId: null} reports an CLOSED replica.
2019-10-24 11:47:19,113 [EventQueue-ContainerReportForContainerReportHandler] WARN  container.ContainerReportHandler (AbstractContainerReportHandler.java:updateContainerState(145)) - Container #1 is in OPEN state, but the datanode 9c614e94-540a-4713-aa04-685a3a141a15{ip: 192.168.157.222, host: pr-hdds-1701-wjnxn-4111008579, networkLocation: /default-rack, certSerialId: null} reports an CLOSED replica.
2019-10-24 11:47:19,154 [java.util.concurrent.ThreadPoolExecutor$Worker@67eec169[State = -1, empty queue]] WARN  server.GrpcLogAppender (GrpcLogAppender.java:timeoutAppendRequest(209)) - 6ef47ec4-f888-4c0a-9473-d3351b934030@group-DB82EA1B0560->c50ed3b6-ed09-4007-97fb-753acd29cc2b-GrpcLogAppender: appendEntries Timeout, request=6ef47ec4-f888-4c0a-9473-d3351b934030->c50ed3b6-ed09-4007-97fb-753acd29cc2b#34-t1, previous=(t:1, i:10), leaderCommit=10, initializing? false, entries: <empty>
2019-10-24 11:47:19,204 [EventQueue-ContainerReportForContainerReportHandler] WARN  container.ContainerReportHandler (AbstractContainerReportHandler.java:updateContainerState(145)) - Container #1 is in OPEN state, but the datanode 6ef47ec4-f888-4c0a-9473-d3351b934030{ip: 192.168.157.222, host: pr-hdds-1701-wjnxn-4111008579, networkLocation: /default-rack, certSerialId: null} reports an CLOSED replica.
2019-10-24 11:47:19,513 [EventQueue-ContainerReportForContainerReportHandler] WARN  container.ContainerReportHandler (AbstractContainerReportHandler.java:updateContainerState(145)) - Container #1 is in OPEN state, but the datanode 9c614e94-540a-4713-aa04-685a3a141a15{ip: 192.168.157.222, host: pr-hdds-1701-wjnxn-4111008579, networkLocation: /default-rack, certSerialId: null} reports an CLOSED replica.
2019-10-24 11:47:19,604 [EventQueue-ContainerReportForContainerReportHandler] WARN  container.ContainerReportHandler (AbstractContainerReportHandler.java:updateContainerState(145)) - Container #1 is in OPEN state, but the datanode 6ef47ec4-f888-4c0a-9473-d3351b934030{ip: 192.168.157.222, host: pr-hdds-1701-wjnxn-4111008579, networkLocation: /default-rack, certSerialId: null} reports an CLOSED replica.
2019-10-24 11:47:19,787 [Thread-407] INFO  client.GrpcClientProtocolService (GrpcClientProtocolService.java:lambda$processClientRequest$0(279)) - Failed RaftClientRequest:client-5229374272EA->9c614e94-540a-4713-aa04-685a3a141a15@group-DB82EA1B0560, cid=10, seq=0, Watch-ALL_COMMITTED(6), Message:<EMPTY>, reply=RaftClientReply:client-5229374272EA->9c614e94-540a-4713-aa04-685a3a141a15@group-DB82EA1B0560, cid=10, FAILED org.apache.ratis.protocol.NotLeaderException: Server 9c614e94-540a-4713-aa04-685a3a141a15@group-DB82EA1B0560 is not the leader 6ef47ec4-f888-4c0a-9473-d3351b934030:192.168.157.222:45627, logIndex=0, commits[9c614e94-540a-4713-aa04-685a3a141a15:c10, c50ed3b6-ed09-4007-97fb-753acd29cc2b:c4, 6ef47ec4-f888-4c0a-9473-d3351b934030:c10]
2019-10-24 11:47:19,791 [BlockDeletingService#2] WARN  background.BlockDeletingService (BlockDeletingService.java:isDeletionAllowed(187)) - Close Container log Index 6 is not replicated across allthe servers in the pipeline 376e765d-a5bf-4b1f-a23f-db82ea1b0560 as the min replicated index is 4. Deletion is not allowed in this container yet.
2019-10-24 11:47:19,791 [BlockDeletingService#2] WARN  background.BlockDeletingService (BlockDeletingService.java:isDeletionAllowed(187)) - Close Container log Index 6 is not replicated across allthe servers in the pipeline 376e765d-a5bf-4b1f-a23f-db82ea1b0560 as the min replicated index is 4. Deletion is not allowed in this container yet.
2019-10-24 11:47:19,814 [EventQueue-ContainerReportForContainerReportHandler] WARN  container.ContainerReportHandler (AbstractContainerReportHandler.java:updateContainerState(145)) - Container #1 is in OPEN state, but the datanode 9c614e94-540a-4713-aa04-685a3a141a15{ip: 192.168.157.222, host: pr-hdds-1701-wjnxn-4111008579, networkLocation: /default-rack, certSerialId: null} reports an CLOSED replica.
2019-10-24 11:47:19,904 [EventQueue-ContainerReportForContainerReportHandler] WARN  container.ContainerReportHandler (AbstractContainerReportHandler.java:updateContainerState(145)) - Container #1 is in OPEN state, but the datanode 6ef47ec4-f888-4c0a-9473-d3351b934030{ip: 192.168.157.222, host: pr-hdds-1701-wjnxn-4111008579, networkLocation: /default-rack, certSerialId: null} reports an CLOSED replica.
2019-10-24 11:47:20,114 [EventQueue-ContainerReportForContainerReportHandler] WARN  container.ContainerReportHandler (AbstractContainerReportHandler.java:updateContainerState(145)) - Container #1 is in OPEN state, but the datanode 9c614e94-540a-4713-aa04-685a3a141a15{ip: 192.168.157.222, host: pr-hdds-1701-wjnxn-4111008579, networkLocation: /default-rack, certSerialId: null} reports an CLOSED replica.
2019-10-24 11:47:20,204 [EventQueue-ContainerReportForContainerReportHandler] WARN  container.ContainerReportHandler (AbstractContainerReportHandler.java:updateContainerState(145)) - Container #1 is in OPEN state, but the datanode 6ef47ec4-f888-4c0a-9473-d3351b934030{ip: 192.168.157.222, host: pr-hdds-1701-wjnxn-4111008579, networkLocation: /default-rack, certSerialId: null} reports an CLOSED replica.
2019-10-24 11:47:20,414 [EventQueue-ContainerReportForContainerReportHandler] WARN  container.ContainerReportHandler (AbstractContainerReportHandler.java:updateContainerState(145)) - Container #1 is in OPEN state, but the datanode 9c614e94-540a-4713-aa04-685a3a141a15{ip: 192.168.157.222, host: pr-hdds-1701-wjnxn-4111008579, networkLocation: /default-rack, certSerialId: null} reports an CLOSED replica.
2019-10-24 11:47:20,505 [EventQueue-ContainerReportForContainerReportHandler] WARN  container.ContainerReportHandler (AbstractContainerReportHandler.java:updateContainerState(145)) - Container #1 is in OPEN state, but the datanode 6ef47ec4-f888-4c0a-9473-d3351b934030{ip: 192.168.157.222, host: pr-hdds-1701-wjnxn-4111008579, networkLocation: /default-rack, certSerialId: null} reports an CLOSED replica.
2019-10-24 11:47:20,714 [EventQueue-ContainerReportForContainerReportHandler] WARN  container.ContainerReportHandler (AbstractContainerReportHandler.java:updateContainerState(145)) - Container #1 is in OPEN state, but the datanode 9c614e94-540a-4713-aa04-685a3a141a15{ip: 192.168.157.222, host: pr-hdds-1701-wjnxn-4111008579, networkLocation: /default-rack, certSerialId: null} reports an CLOSED replica.
2019-10-24 11:47:20,792 [BlockDeletingService#2] WARN  background.BlockDeletingService (BlockDeletingService.java:isDeletionAllowed(187)) - Close Container log Index 6 is not replicated across allthe servers in the pipeline 376e765d-a5bf-4b1f-a23f-db82ea1b0560 as the min replicated index is 4. Deletion is not allowed in this container yet.
2019-10-24 11:47:20,793 [BlockDeletingService#2] WARN  background.BlockDeletingService (BlockDeletingService.java:isDeletionAllowed(187)) - Close Container log Index 6 is not replicated across allthe servers in the pipeline 376e765d-a5bf-4b1f-a23f-db82ea1b0560 as the min replicated index is 4. Deletion is not allowed in this container yet.
2019-10-24 11:47:20,905 [EventQueue-ContainerReportForContainerReportHandler] WARN  container.ContainerReportHandler (AbstractContainerReportHandler.java:updateContainerState(145)) - Container #1 is in OPEN state, but the datanode 6ef47ec4-f888-4c0a-9473-d3351b934030{ip: 192.168.157.222, host: pr-hdds-1701-wjnxn-4111008579, networkLocation: /default-rack, certSerialId: null} reports an CLOSED replica.
2019-10-24 11:47:21,014 [EventQueue-ContainerReportForContainerReportHandler] WARN  container.ContainerReportHandler (AbstractContainerReportHandler.java:updateContainerState(145)) - Container #1 is in OPEN state, but the datanode 9c614e94-540a-4713-aa04-685a3a141a15{ip: 192.168.157.222, host: pr-hdds-1701-wjnxn-4111008579, networkLocation: /default-rack, certSerialId: null} reports an CLOSED replica.
2019-10-24 11:47:21,205 [EventQueue-ContainerReportForContainerReportHandler] WARN  container.ContainerReportHandler (AbstractContainerReportHandler.java:updateContainerState(145)) - Container #1 is in OPEN state, but the datanode 6ef47ec4-f888-4c0a-9473-d3351b934030{ip: 192.168.157.222, host: pr-hdds-1701-wjnxn-4111008579, networkLocation: /default-rack, certSerialId: null} reports an CLOSED replica.
2019-10-24 11:47:21,214 [EventQueue-ContainerReportForContainerReportHandler] WARN  container.ContainerReportHandler (AbstractContainerReportHandler.java:updateContainerState(145)) - Container #1 is in OPEN state, but the datanode 9c614e94-540a-4713-aa04-685a3a141a15{ip: 192.168.157.222, host: pr-hdds-1701-wjnxn-4111008579, networkLocation: /default-rack, certSerialId: null} reports an CLOSED replica.
2019-10-24 11:47:21,415 [EventQueue-ContainerReportForContainerReportHandler] WARN  container.ContainerReportHandler (AbstractContainerReportHandler.java:updateContainerState(145)) - Container #1 is in OPEN state, but the datanode 9c614e94-540a-4713-aa04-685a3a141a15{ip: 192.168.157.222, host: pr-hdds-1701-wjnxn-4111008579, networkLocation: /default-rack, certSerialId: null} reports an CLOSED replica.
2019-10-24 11:47:21,504 [EventQueue-ContainerReportForContainerReportHandler] WARN  container.ContainerReportHandler (AbstractContainerReportHandler.java:updateContainerState(145)) - Container #1 is in OPEN state, but the datanode 6ef47ec4-f888-4c0a-9473-d3351b934030{ip: 192.168.157.222, host: pr-hdds-1701-wjnxn-4111008579, networkLocation: /default-rack, certSerialId: null} reports an CLOSED replica.
2019-10-24 11:47:21,584 [Thread-415] INFO  client.GrpcClientProtocolService (GrpcClientProtocolService.java:lambda$processClientRequest$0(279)) - Failed RaftClientRequest:client-5229374272EA->6ef47ec4-f888-4c0a-9473-d3351b934030@group-DB82EA1B0560, cid=10, seq=0, Watch-ALL_COMMITTED(6), Message:<EMPTY>, reply=RaftClientReply:client-5229374272EA->6ef47ec4-f888-4c0a-9473-d3351b934030@group-DB82EA1B0560, cid=10, FAILED org.apache.ratis.protocol.NotReplicatedException: Request with call Id 10 and log index 6 is not yet replicated to ALL_COMMITTED, logIndex=6, commits[6ef47ec4-f888-4c0a-9473-d3351b934030:c10, c50ed3b6-ed09-4007-97fb-753acd29cc2b:c4, 9c614e94-540a-4713-aa04-685a3a141a15:c10]
2019-10-24 11:47:21,655 [java.util.concurrent.ThreadPoolExecutor$Worker@67eec169[State = -1, empty queue]] WARN  server.GrpcLogAppender (GrpcLogAppender.java:timeoutAppendRequest(209)) - 6ef47ec4-f888-4c0a-9473-d3351b934030@group-DB82EA1B0560->c50ed3b6-ed09-4007-97fb-753acd29cc2b-GrpcLogAppender: appendEntries Timeout, request=6ef47ec4-f888-4c0a-9473-d3351b934030->c50ed3b6-ed09-4007-97fb-753acd29cc2b#35-t1, previous=(t:1, i:10), leaderCommit=10, initializing? false, entries: <empty>
2019-10-24 11:47:21,795 [BlockDeletingService#2] WARN  background.BlockDeletingService (BlockDeletingService.java:isDeletionAllowed(187)) - Close Container log Index 6 is not replicated across allthe servers in the pipeline 376e765d-a5bf-4b1f-a23f-db82ea1b0560 as the min replicated index is 4. Deletion is not allowed in this container yet.
2019-10-24 11:47:21,795 [BlockDeletingService#2] WARN  background.BlockDeletingService (BlockDeletingService.java:isDeletionAllowed(187)) - Close Container log Index 6 is not replicated across allthe servers in the pipeline 376e765d-a5bf-4b1f-a23f-db82ea1b0560 as the min replicated index is 4. Deletion is not allowed in this container yet.
2019-10-24 11:47:21,804 [EventQueue-ContainerReportForContainerReportHandler] WARN  container.ContainerReportHandler (AbstractContainerReportHandler.java:updateContainerState(145)) - Container #1 is in OPEN state, but the datanode 6ef47ec4-f888-4c0a-9473-d3351b934030{ip: 192.168.157.222, host: pr-hdds-1701-wjnxn-4111008579, networkLocation: /default-rack, certSerialId: null} reports an CLOSED replica.
2019-10-24 11:47:21,815 [EventQueue-ContainerReportForContainerReportHandler] WARN  container.ContainerReportHandler (AbstractContainerReportHandler.java:updateContainerState(145)) - Container #1 is in OPEN state, but the datanode 9c614e94-540a-4713-aa04-685a3a141a15{ip: 192.168.157.222, host: pr-hdds-1701-wjnxn-4111008579, networkLocation: /default-rack, certSerialId: null} reports an CLOSED replica.
2019-10-24 11:47:22,005 [EventQueue-ContainerReportForContainerReportHandler] WARN  container.ContainerReportHandler (AbstractContainerReportHandler.java:updateContainerState(145)) - Container #1 is in OPEN state, but the datanode 6ef47ec4-f888-4c0a-9473-d3351b934030{ip: 192.168.157.222, host: pr-hdds-1701-wjnxn-4111008579, networkLocation: /default-rack, certSerialId: null} reports an CLOSED replica.
2019-10-24 11:47:22,114 [EventQueue-ContainerReportForContainerReportHandler] WARN  container.ContainerReportHandler (AbstractContainerReportHandler.java:updateContainerState(145)) - Container #1 is in OPEN state, but the datanode 9c614e94-540a-4713-aa04-685a3a141a15{ip: 192.168.157.222, host: pr-hdds-1701-wjnxn-4111008579, networkLocation: /default-rack, certSerialId: null} reports an CLOSED replica.
2019-10-24 11:47:22,404 [EventQueue-ContainerReportForContainerReportHandler] WARN  container.ContainerReportHandler (AbstractContainerReportHandler.java:updateContainerState(145)) - Container #1 is in OPEN state, but the datanode 6ef47ec4-f888-4c0a-9473-d3351b934030{ip: 192.168.157.222, host: pr-hdds-1701-wjnxn-4111008579, networkLocation: /default-rack, certSerialId: null} reports an CLOSED replica.
2019-10-24 11:47:22,414 [EventQueue-ContainerReportForContainerReportHandler] WARN  container.ContainerReportHandler (AbstractContainerReportHandler.java:updateContainerState(145)) - Container #1 is in OPEN state, but the datanode 9c614e94-540a-4713-aa04-685a3a141a15{ip: 192.168.157.222, host: pr-hdds-1701-wjnxn-4111008579, networkLocation: /default-rack, certSerialId: null} reports an CLOSED replica.
2019-10-24 11:47:22,615 [EventQueue-ContainerReportForContainerReportHandler] WARN  container.ContainerReportHandler (AbstractContainerReportHandler.java:updateContainerState(145)) - Container #1 is in OPEN state, but the datanode 9c614e94-540a-4713-aa04-685a3a141a15{ip: 192.168.157.222, host: pr-hdds-1701-wjnxn-4111008579, networkLocation: /default-rack, certSerialId: null} reports an CLOSED replica.
2019-10-24 11:47:22,705 [EventQueue-ContainerReportForContainerReportHandler] WARN  container.ContainerReportHandler (AbstractContainerReportHandler.java:updateContainerState(145)) - Container #1 is in OPEN state, but the datanode 6ef47ec4-f888-4c0a-9473-d3351b934030{ip: 192.168.157.222, host: pr-hdds-1701-wjnxn-4111008579, networkLocation: /default-rack, certSerialId: null} reports an CLOSED replica.
2019-10-24 11:47:22,801 [BlockDeletingService#2] WARN  background.BlockDeletingService (BlockDeletingService.java:isDeletionAllowed(187)) - Close Container log Index 6 is not replicated across allthe servers in the pipeline 376e765d-a5bf-4b1f-a23f-db82ea1b0560 as the min replicated index is 4. Deletion is not allowed in this container yet.
2019-10-24 11:47:22,801 [BlockDeletingService#2] WARN  background.BlockDeletingService (BlockDeletingService.java:isDeletionAllowed(187)) - Close Container log Index 6 is not replicated across allthe servers in the pipeline 376e765d-a5bf-4b1f-a23f-db82ea1b0560 as the min replicated index is 4. Deletion is not allowed in this container yet.
2019-10-24 11:47:22,915 [EventQueue-ContainerReportForContainerReportHandler] WARN  container.ContainerReportHandler (AbstractContainerReportHandler.java:updateContainerState(145)) - Container #1 is in OPEN state, but the datanode 9c614e94-540a-4713-aa04-685a3a141a15{ip: 192.168.157.222, host: pr-hdds-1701-wjnxn-4111008579, networkLocation: /default-rack, certSerialId: null} reports an CLOSED replica.
2019-10-24 11:47:23,104 [EventQueue-ContainerReportForContainerReportHandler] WARN  container.ContainerReportHandler (AbstractContainerReportHandler.java:updateContainerState(145)) - Container #1 is in OPEN state, but the datanode 6ef47ec4-f888-4c0a-9473-d3351b934030{ip: 192.168.157.222, host: pr-hdds-1701-wjnxn-4111008579, networkLocation: /default-rack, certSerialId: null} reports an CLOSED replica.
2019-10-24 11:47:23,316 [EventQueue-ContainerReportForContainerReportHandler] WARN  container.ContainerReportHandler (AbstractContainerReportHandler.java:updateContainerState(145)) - Container #1 is in OPEN state, but the datanode 9c614e94-540a-4713-aa04-685a3a141a15{ip: 192.168.157.222, host: pr-hdds-1701-wjnxn-4111008579, networkLocation: /default-rack, certSerialId: null} reports an CLOSED replica.
2019-10-24 11:47:23,404 [EventQueue-ContainerReportForContainerReportHandler] WARN  container.ContainerReportHandler (AbstractContainerReportHandler.java:updateContainerState(145)) - Container #1 is in OPEN state, but the datanode 6ef47ec4-f888-4c0a-9473-d3351b934030{ip: 192.168.157.222, host: pr-hdds-1701-wjnxn-4111008579, networkLocation: /default-rack, certSerialId: null} reports an CLOSED replica.
2019-10-24 11:47:23,516 [EventQueue-ContainerReportForContainerReportHandler] WARN  container.ContainerReportHandler (AbstractContainerReportHandler.java:updateContainerState(145)) - Container #1 is in OPEN state, but the datanode 9c614e94-540a-4713-aa04-685a3a141a15{ip: 192.168.157.222, host: pr-hdds-1701-wjnxn-4111008579, networkLocation: /default-rack, certSerialId: null} reports an CLOSED replica.
2019-10-24 11:47:23,704 [EventQueue-ContainerReportForContainerReportHandler] WARN  container.ContainerReportHandler (AbstractContainerReportHandler.java:updateContainerState(145)) - Container #1 is in OPEN state, but the datanode 6ef47ec4-f888-4c0a-9473-d3351b934030{ip: 192.168.157.222, host: pr-hdds-1701-wjnxn-4111008579, networkLocation: /default-rack, certSerialId: null} reports an CLOSED replica.
2019-10-24 11:47:23,802 [BlockDeletingService#2] WARN  background.BlockDeletingService (BlockDeletingService.java:isDeletionAllowed(187)) - Close Container log Index 6 is not replicated across allthe servers in the pipeline 376e765d-a5bf-4b1f-a23f-db82ea1b0560 as the min replicated index is 4. Deletion is not allowed in this container yet.
2019-10-24 11:47:23,803 [BlockDeletingService#2] WARN  background.BlockDeletingService (BlockDeletingService.java:isDeletionAllowed(187)) - Close Container log Index 6 is not replicated across allthe servers in the pipeline 376e765d-a5bf-4b1f-a23f-db82ea1b0560 as the min replicated index is 4. Deletion is not allowed in this container yet.
2019-10-24 11:47:23,815 [EventQueue-ContainerReportForContainerReportHandler] WARN  container.ContainerReportHandler (AbstractContainerReportHandler.java:updateContainerState(145)) - Container #1 is in OPEN state, but the datanode 9c614e94-540a-4713-aa04-685a3a141a15{ip: 192.168.157.222, host: pr-hdds-1701-wjnxn-4111008579, networkLocation: /default-rack, certSerialId: null} reports an CLOSED replica.
2019-10-24 11:47:23,904 [EventQueue-ContainerReportForContainerReportHandler] WARN  container.ContainerReportHandler (AbstractContainerReportHandler.java:updateContainerState(145)) - Container #1 is in OPEN state, but the datanode 6ef47ec4-f888-4c0a-9473-d3351b934030{ip: 192.168.157.222, host: pr-hdds-1701-wjnxn-4111008579, networkLocation: /default-rack, certSerialId: null} reports an CLOSED replica.
2019-10-24 11:47:24,116 [EventQueue-ContainerReportForContainerReportHandler] WARN  container.ContainerReportHandler (AbstractContainerReportHandler.java:updateContainerState(145)) - Container #1 is in OPEN state, but the datanode 9c614e94-540a-4713-aa04-685a3a141a15{ip: 192.168.157.222, host: pr-hdds-1701-wjnxn-4111008579, networkLocation: /default-rack, certSerialId: null} reports an CLOSED replica.
2019-10-24 11:47:24,156 [java.util.concurrent.ThreadPoolExecutor$Worker@67eec169[State = -1, empty queue]] WARN  server.GrpcLogAppender (GrpcLogAppender.java:timeoutAppendRequest(209)) - 6ef47ec4-f888-4c0a-9473-d3351b934030@group-DB82EA1B0560->c50ed3b6-ed09-4007-97fb-753acd29cc2b-GrpcLogAppender: appendEntries Timeout, request=6ef47ec4-f888-4c0a-9473-d3351b934030->c50ed3b6-ed09-4007-97fb-753acd29cc2b#36-t1, previous=(t:1, i:10), leaderCommit=10, initializing? false, entries: <empty>
2019-10-24 11:47:24,305 [EventQueue-ContainerReportForContainerReportHandler] WARN  container.ContainerReportHandler (AbstractContainerReportHandler.java:updateContainerState(145)) - Container #1 is in OPEN state, but the datanode 6ef47ec4-f888-4c0a-9473-d3351b934030{ip: 192.168.157.222, host: pr-hdds-1701-wjnxn-4111008579, networkLocation: /default-rack, certSerialId: null} reports an CLOSED replica.
2019-10-24 11:47:24,416 [EventQueue-ContainerReportForContainerReportHandler] WARN  container.ContainerReportHandler (AbstractContainerReportHandler.java:updateContainerState(145)) - Container #1 is in OPEN state, but the datanode 9c614e94-540a-4713-aa04-685a3a141a15{ip: 192.168.157.222, host: pr-hdds-1701-wjnxn-4111008579, networkLocation: /default-rack, certSerialId: null} reports an CLOSED replica.
2019-10-24 11:47:24,605 [EventQueue-ContainerReportForContainerReportHandler] WARN  container.ContainerReportHandler (AbstractContainerReportHandler.java:updateContainerState(145)) - Container #1 is in OPEN state, but the datanode 6ef47ec4-f888-4c0a-9473-d3351b934030{ip: 192.168.157.222, host: pr-hdds-1701-wjnxn-4111008579, networkLocation: /default-rack, certSerialId: null} reports an CLOSED replica.
2019-10-24 11:47:24,617 [EventQueue-ContainerReportForContainerReportHandler] WARN  container.ContainerReportHandler (AbstractContainerReportHandler.java:updateContainerState(145)) - Container #1 is in OPEN state, but the datanode 9c614e94-540a-4713-aa04-685a3a141a15{ip: 192.168.157.222, host: pr-hdds-1701-wjnxn-4111008579, networkLocation: /default-rack, certSerialId: null} reports an CLOSED replica.
2019-10-24 11:47:24,804 [BlockDeletingService#2] WARN  background.BlockDeletingService (BlockDeletingService.java:isDeletionAllowed(187)) - Close Container log Index 6 is not replicated across allthe servers in the pipeline 376e765d-a5bf-4b1f-a23f-db82ea1b0560 as the min replicated index is 4. Deletion is not allowed in this container yet.
2019-10-24 11:47:24,804 [BlockDeletingService#2] WARN  background.BlockDeletingService (BlockDeletingService.java:isDeletionAllowed(187)) - Close Container log Index 6 is not replicated across allthe servers in the pipeline 376e765d-a5bf-4b1f-a23f-db82ea1b0560 as the min replicated index is 4. Deletion is not allowed in this container yet.
2019-10-24 11:47:24,905 [EventQueue-ContainerReportForContainerReportHandler] WARN  container.ContainerReportHandler (AbstractContainerReportHandler.java:updateContainerState(145)) - Container #1 is in OPEN state, but the datanode 6ef47ec4-f888-4c0a-9473-d3351b934030{ip: 192.168.157.222, host: pr-hdds-1701-wjnxn-4111008579, networkLocation: /default-rack, certSerialId: null} reports an CLOSED replica.
2019-10-24 11:47:24,916 [EventQueue-ContainerReportForContainerReportHandler] WARN  container.ContainerReportHandler (AbstractContainerReportHandler.java:updateContainerState(145)) - Container #1 is in OPEN state, but the datanode 9c614e94-540a-4713-aa04-685a3a141a15{ip: 192.168.157.222, host: pr-hdds-1701-wjnxn-4111008579, networkLocation: /default-rack, certSerialId: null} reports an CLOSED replica.
2019-10-24 11:47:25,216 [EventQueue-ContainerReportForContainerReportHandler] WARN  container.ContainerReportHandler (AbstractContainerReportHandler.java:updateContainerState(145)) - Container #1 is in OPEN state, but the datanode 9c614e94-540a-4713-aa04-685a3a141a15{ip: 192.168.157.222, host: pr-hdds-1701-wjnxn-4111008579, networkLocation: /default-rack, certSerialId: null} reports an CLOSED replica.
2019-10-24 11:47:25,304 [EventQueue-ContainerReportForContainerReportHandler] WARN  container.ContainerReportHandler (AbstractContainerReportHandler.java:updateContainerState(145)) - Container #1 is in OPEN state, but the datanode 6ef47ec4-f888-4c0a-9473-d3351b934030{ip: 192.168.157.222, host: pr-hdds-1701-wjnxn-4111008579, networkLocation: /default-rack, certSerialId: null} reports an CLOSED replica.
2019-10-24 11:47:25,516 [EventQueue-ContainerReportForContainerReportHandler] WARN  container.ContainerReportHandler (AbstractContainerReportHandler.java:updateContainerState(145)) - Container #1 is in OPEN state, but the datanode 9c614e94-540a-4713-aa04-685a3a141a15{ip: 192.168.157.222, host: pr-hdds-1701-wjnxn-4111008579, networkLocation: /default-rack, certSerialId: null} reports an CLOSED replica.
2019-10-24 11:47:25,604 [EventQueue-ContainerReportForContainerReportHandler] WARN  container.ContainerReportHandler (AbstractContainerReportHandler.java:updateContainerState(145)) - Container #1 is in OPEN state, but the datanode 6ef47ec4-f888-4c0a-9473-d3351b934030{ip: 192.168.157.222, host: pr-hdds-1701-wjnxn-4111008579, networkLocation: /default-rack, certSerialId: null} reports an CLOSED replica.
2019-10-24 11:47:25,716 [EventQueue-ContainerReportForContainerReportHandler] WARN  container.ContainerReportHandler (AbstractContainerReportHandler.java:updateContainerState(145)) - Container #1 is in OPEN state, but the datanode 9c614e94-540a-4713-aa04-685a3a141a15{ip: 192.168.157.222, host: pr-hdds-1701-wjnxn-4111008579, networkLocation: /default-rack, certSerialId: null} reports an CLOSED replica.
2019-10-24 11:47:25,806 [BlockDeletingService#2] WARN  background.BlockDeletingService (BlockDeletingService.java:isDeletionAllowed(187)) - Close Container log Index 6 is not replicated across allthe servers in the pipeline 376e765d-a5bf-4b1f-a23f-db82ea1b0560 as the min replicated index is 4. Deletion is not allowed in this container yet.
2019-10-24 11:47:25,806 [BlockDeletingService#2] WARN  background.BlockDeletingService (BlockDeletingService.java:isDeletionAllowed(187)) - Close Container log Index 6 is not replicated across allthe servers in the pipeline 376e765d-a5bf-4b1f-a23f-db82ea1b0560 as the min replicated index is 4. Deletion is not allowed in this container yet.
2019-10-24 11:47:25,904 [EventQueue-ContainerReportForContainerReportHandler] WARN  container.ContainerReportHandler (AbstractContainerReportHandler.java:updateContainerState(145)) - Container #1 is in OPEN state, but the datanode 6ef47ec4-f888-4c0a-9473-d3351b934030{ip: 192.168.157.222, host: pr-hdds-1701-wjnxn-4111008579, networkLocation: /default-rack, certSerialId: null} reports an CLOSED replica.
2019-10-24 11:47:26,118 [EventQueue-ContainerReportForContainerReportHandler] WARN  container.ContainerReportHandler (AbstractContainerReportHandler.java:updateContainerState(145)) - Container #1 is in OPEN state, but the datanode 9c614e94-540a-4713-aa04-685a3a141a15{ip: 192.168.157.222, host: pr-hdds-1701-wjnxn-4111008579, networkLocation: /default-rack, certSerialId: null} reports an CLOSED replica.
2019-10-24 11:47:26,304 [EventQueue-ContainerReportForContainerReportHandler] WARN  container.ContainerReportHandler (AbstractContainerReportHandler.java:updateContainerState(145)) - Container #1 is in OPEN state, but the datanode 6ef47ec4-f888-4c0a-9473-d3351b934030{ip: 192.168.157.222, host: pr-hdds-1701-wjnxn-4111008579, networkLocation: /default-rack, certSerialId: null} reports an CLOSED replica.
2019-10-24 11:47:26,318 [EventQueue-ContainerReportForContainerReportHandler] WARN  container.ContainerReportHandler (AbstractContainerReportHandler.java:updateContainerState(145)) - Container #1 is in OPEN state, but the datanode 9c614e94-540a-4713-aa04-685a3a141a15{ip: 192.168.157.222, host: pr-hdds-1701-wjnxn-4111008579, networkLocation: /default-rack, certSerialId: null} reports an CLOSED replica.
2019-10-24 11:47:26,604 [EventQueue-ContainerReportForContainerReportHandler] WARN  container.ContainerReportHandler (AbstractContainerReportHandler.java:updateContainerState(145)) - Container #1 is in OPEN state, but the datanode 6ef47ec4-f888-4c0a-9473-d3351b934030{ip: 192.168.157.222, host: pr-hdds-1701-wjnxn-4111008579, networkLocation: /default-rack, certSerialId: null} reports an CLOSED replica.
2019-10-24 11:47:26,620 [EventQueue-ContainerReportForContainerReportHandler] WARN  container.ContainerReportHandler (AbstractContainerReportHandler.java:updateContainerState(145)) - Container #1 is in OPEN state, but the datanode 9c614e94-540a-4713-aa04-685a3a141a15{ip: 192.168.157.222, host: pr-hdds-1701-wjnxn-4111008579, networkLocation: /default-rack, certSerialId: null} reports an CLOSED replica.
2019-10-24 11:47:26,657 [java.util.concurrent.ThreadPoolExecutor$Worker@67eec169[State = -1, empty queue]] WARN  server.GrpcLogAppender (GrpcLogAppender.java:timeoutAppendRequest(209)) - 6ef47ec4-f888-4c0a-9473-d3351b934030@group-DB82EA1B0560->c50ed3b6-ed09-4007-97fb-753acd29cc2b-GrpcLogAppender: appendEntries Timeout, request=6ef47ec4-f888-4c0a-9473-d3351b934030->c50ed3b6-ed09-4007-97fb-753acd29cc2b#37-t1, previous=(t:1, i:10), leaderCommit=10, initializing? false, entries: <empty>
2019-10-24 11:47:26,808 [BlockDeletingService#2] WARN  background.BlockDeletingService (BlockDeletingService.java:isDeletionAllowed(187)) - Close Container log Index 6 is not replicated across allthe servers in the pipeline 376e765d-a5bf-4b1f-a23f-db82ea1b0560 as the min replicated index is 4. Deletion is not allowed in this container yet.
2019-10-24 11:47:26,808 [BlockDeletingService#2] WARN  background.BlockDeletingService (BlockDeletingService.java:isDeletionAllowed(187)) - Close Container log Index 6 is not replicated across allthe servers in the pipeline 376e765d-a5bf-4b1f-a23f-db82ea1b0560 as the min replicated index is 4. Deletion is not allowed in this container yet.
2019-10-24 11:47:27,005 [EventQueue-ContainerReportForContainerReportHandler] WARN  container.ContainerReportHandler (AbstractContainerReportHandler.java:updateContainerState(145)) - Container #1 is in OPEN state, but the datanode 6ef47ec4-f888-4c0a-9473-d3351b934030{ip: 192.168.157.222, host: pr-hdds-1701-wjnxn-4111008579, networkLocation: /default-rack, certSerialId: null} reports an CLOSED replica.
2019-10-24 11:47:27,020 [EventQueue-ContainerReportForContainerReportHandler] WARN  container.ContainerReportHandler (AbstractContainerReportHandler.java:updateContainerState(145)) - Container #1 is in OPEN state, but the datanode 9c614e94-540a-4713-aa04-685a3a141a15{ip: 192.168.157.222, host: pr-hdds-1701-wjnxn-4111008579, networkLocation: /default-rack, certSerialId: null} reports an CLOSED replica.
2019-10-24 11:47:27,304 [EventQueue-ContainerReportForContainerReportHandler] WARN  container.ContainerReportHandler (AbstractContainerReportHandler.java:updateContainerState(145)) - Container #1 is in OPEN state, but the datanode 6ef47ec4-f888-4c0a-9473-d3351b934030{ip: 192.168.157.222, host: pr-hdds-1701-wjnxn-4111008579, networkLocation: /default-rack, certSerialId: null} reports an CLOSED replica.
2019-10-24 11:47:27,320 [EventQueue-ContainerReportForContainerReportHandler] WARN  container.ContainerReportHandler (AbstractContainerReportHandler.java:updateContainerState(145)) - Container #1 is in OPEN state, but the datanode 9c614e94-540a-4713-aa04-685a3a141a15{ip: 192.168.157.222, host: pr-hdds-1701-wjnxn-4111008579, networkLocation: /default-rack, certSerialId: null} reports an CLOSED replica.
2019-10-24 11:47:27,505 [EventQueue-ContainerReportForContainerReportHandler] WARN  container.ContainerReportHandler (AbstractContainerReportHandler.java:updateContainerState(145)) - Container #1 is in OPEN state, but the datanode 6ef47ec4-f888-4c0a-9473-d3351b934030{ip: 192.168.157.222, host: pr-hdds-1701-wjnxn-4111008579, networkLocation: /default-rack, certSerialId: null} reports an CLOSED replica.
2019-10-24 11:47:27,620 [EventQueue-ContainerReportForContainerReportHandler] WARN  container.ContainerReportHandler (AbstractContainerReportHandler.java:updateContainerState(145)) - Container #1 is in OPEN state, but the datanode 9c614e94-540a-4713-aa04-685a3a141a15{ip: 192.168.157.222, host: pr-hdds-1701-wjnxn-4111008579, networkLocation: /default-rack, certSerialId: null} reports an CLOSED replica.
2019-10-24 11:47:27,806 [EventQueue-ContainerReportForContainerReportHandler] WARN  container.ContainerReportHandler (AbstractContainerReportHandler.java:updateContainerState(145)) - Container #1 is in OPEN state, but the datanode 6ef47ec4-f888-4c0a-9473-d3351b934030{ip: 192.168.157.222, host: pr-hdds-1701-wjnxn-4111008579, networkLocation: /default-rack, certSerialId: null} reports an CLOSED replica.
2019-10-24 11:47:27,809 [BlockDeletingService#2] WARN  background.BlockDeletingService (BlockDeletingService.java:isDeletionAllowed(187)) - Close Container log Index 6 is not replicated across allthe servers in the pipeline 376e765d-a5bf-4b1f-a23f-db82ea1b0560 as the min replicated index is 4. Deletion is not allowed in this container yet.
2019-10-24 11:47:27,809 [BlockDeletingService#2] WARN  background.BlockDeletingService (BlockDeletingService.java:isDeletionAllowed(187)) - Close Container log Index 6 is not replicated across allthe servers in the pipeline 376e765d-a5bf-4b1f-a23f-db82ea1b0560 as the min replicated index is 4. Deletion is not allowed in this container yet.
2019-10-24 11:47:27,820 [EventQueue-ContainerReportForContainerReportHandler] WARN  container.ContainerReportHandler (AbstractContainerReportHandler.java:updateContainerState(145)) - Container #1 is in OPEN state, but the datanode 9c614e94-540a-4713-aa04-685a3a141a15{ip: 192.168.157.222, host: pr-hdds-1701-wjnxn-4111008579, networkLocation: /default-rack, certSerialId: null} reports an CLOSED replica.
2019-10-24 11:47:28,104 [EventQueue-ContainerReportForContainerReportHandler] WARN  container.ContainerReportHandler (AbstractContainerReportHandler.java:updateContainerState(145)) - Container #1 is in OPEN state, but the datanode 6ef47ec4-f888-4c0a-9473-d3351b934030{ip: 192.168.157.222, host: pr-hdds-1701-wjnxn-4111008579, networkLocation: /default-rack, certSerialId: null} reports an CLOSED replica.
2019-10-24 11:47:28,220 [EventQueue-ContainerReportForContainerReportHandler] WARN  container.ContainerReportHandler (AbstractContainerReportHandler.java:updateContainerState(145)) - Container #1 is in OPEN state, but the datanode 9c614e94-540a-4713-aa04-685a3a141a15{ip: 192.168.157.222, host: pr-hdds-1701-wjnxn-4111008579, networkLocation: /default-rack, certSerialId: null} reports an CLOSED replica.
2019-10-24 11:47:28,406 [EventQueue-ContainerReportForContainerReportHandler] WARN  container.ContainerReportHandler (AbstractContainerReportHandler.java:updateContainerState(145)) - Container #1 is in OPEN state, but the datanode 6ef47ec4-f888-4c0a-9473-d3351b934030{ip: 192.168.157.222, host: pr-hdds-1701-wjnxn-4111008579, networkLocation: /default-rack, certSerialId: null} reports an CLOSED replica.
2019-10-24 11:47:28,520 [EventQueue-ContainerReportForContainerReportHandler] WARN  container.ContainerReportHandler (AbstractContainerReportHandler.java:updateContainerState(145)) - Container #1 is in OPEN state, but the datanode 9c614e94-540a-4713-aa04-685a3a141a15{ip: 192.168.157.222, host: pr-hdds-1701-wjnxn-4111008579, networkLocation: /default-rack, certSerialId: null} reports an CLOSED replica.
2019-10-24 11:47:28,606 [EventQueue-ContainerReportForContainerReportHandler] WARN  container.ContainerReportHandler (AbstractContainerReportHandler.java:updateContainerState(145)) - Container #1 is in OPEN state, but the datanode 6ef47ec4-f888-4c0a-9473-d3351b934030{ip: 192.168.157.222, host: pr-hdds-1701-wjnxn-4111008579, networkLocation: /default-rack, certSerialId: null} reports an CLOSED replica.
2019-10-24 11:47:28,811 [BlockDeletingService#2] WARN  background.BlockDeletingService (BlockDeletingService.java:isDeletionAllowed(187)) - Close Container log Index 6 is not replicated across allthe servers in the pipeline 376e765d-a5bf-4b1f-a23f-db82ea1b0560 as the min replicated index is 4. Deletion is not allowed in this container yet.
2019-10-24 11:47:28,812 [BlockDeletingService#2] WARN  background.BlockDeletingService (BlockDeletingService.java:isDeletionAllowed(187)) - Close Container log Index 6 is not replicated across allthe servers in the pipeline 376e765d-a5bf-4b1f-a23f-db82ea1b0560 as the min replicated index is 4. Deletion is not allowed in this container yet.
2019-10-24 11:47:28,820 [EventQueue-ContainerReportForContainerReportHandler] WARN  container.ContainerReportHandler (AbstractContainerReportHandler.java:updateContainerState(145)) - Container #1 is in OPEN state, but the datanode 9c614e94-540a-4713-aa04-685a3a141a15{ip: 192.168.157.222, host: pr-hdds-1701-wjnxn-4111008579, networkLocation: /default-rack, certSerialId: null} reports an CLOSED replica.
2019-10-24 11:47:29,008 [EventQueue-ContainerReportForContainerReportHandler] WARN  container.ContainerReportHandler (AbstractContainerReportHandler.java:updateContainerState(145)) - Container #1 is in OPEN state, but the datanode 6ef47ec4-f888-4c0a-9473-d3351b934030{ip: 192.168.157.222, host: pr-hdds-1701-wjnxn-4111008579, networkLocation: /default-rack, certSerialId: null} reports an CLOSED replica.
2019-10-24 11:47:29,122 [EventQueue-ContainerReportForContainerReportHandler] WARN  container.ContainerReportHandler (AbstractContainerReportHandler.java:updateContainerState(145)) - Container #1 is in OPEN state, but the datanode 9c614e94-540a-4713-aa04-685a3a141a15{ip: 192.168.157.222, host: pr-hdds-1701-wjnxn-4111008579, networkLocation: /default-rack, certSerialId: null} reports an CLOSED replica.
2019-10-24 11:47:29,160 [java.util.concurrent.ThreadPoolExecutor$Worker@67eec169[State = -1, empty queue]] WARN  server.GrpcLogAppender (GrpcLogAppender.java:timeoutAppendRequest(209)) - 6ef47ec4-f888-4c0a-9473-d3351b934030@group-DB82EA1B0560->c50ed3b6-ed09-4007-97fb-753acd29cc2b-GrpcLogAppender: appendEntries Timeout, request=6ef47ec4-f888-4c0a-9473-d3351b934030->c50ed3b6-ed09-4007-97fb-753acd29cc2b#38-t1, previous=(t:1, i:10), leaderCommit=10, initializing? false, entries: <empty>
2019-10-24 11:47:29,311 [EventQueue-ContainerReportForContainerReportHandler] WARN  container.ContainerReportHandler (AbstractContainerReportHandler.java:updateContainerState(145)) - Container #1 is in OPEN state, but the datanode 6ef47ec4-f888-4c0a-9473-d3351b934030{ip: 192.168.157.222, host: pr-hdds-1701-wjnxn-4111008579, networkLocation: /default-rack, certSerialId: null} reports an CLOSED replica.
2019-10-24 11:47:29,522 [EventQueue-ContainerReportForContainerReportHandler] WARN  container.ContainerReportHandler (AbstractContainerReportHandler.java:updateContainerState(145)) - Container #1 is in OPEN state, but the datanode 9c614e94-540a-4713-aa04-685a3a141a15{ip: 192.168.157.222, host: pr-hdds-1701-wjnxn-4111008579, networkLocation: /default-rack, certSerialId: null} reports an CLOSED replica.
2019-10-24 11:47:29,611 [EventQueue-ContainerReportForContainerReportHandler] WARN  container.ContainerReportHandler (AbstractContainerReportHandler.java:updateContainerState(145)) - Container #1 is in OPEN state, but the datanode 6ef47ec4-f888-4c0a-9473-d3351b934030{ip: 192.168.157.222, host: pr-hdds-1701-wjnxn-4111008579, networkLocation: /default-rack, certSerialId: null} reports an CLOSED replica.
2019-10-24 11:47:29,723 [EventQueue-ContainerReportForContainerReportHandler] WARN  container.ContainerReportHandler (AbstractContainerReportHandler.java:updateContainerState(145)) - Container #1 is in OPEN state, but the datanode 9c614e94-540a-4713-aa04-685a3a141a15{ip: 192.168.157.222, host: pr-hdds-1701-wjnxn-4111008579, networkLocation: /default-rack, certSerialId: null} reports an CLOSED replica.
2019-10-24 11:47:29,813 [BlockDeletingService#2] WARN  background.BlockDeletingService (BlockDeletingService.java:isDeletionAllowed(187)) - Close Container log Index 6 is not replicated across allthe servers in the pipeline 376e765d-a5bf-4b1f-a23f-db82ea1b0560 as the min replicated index is 4. Deletion is not allowed in this container yet.
2019-10-24 11:47:29,813 [BlockDeletingService#2] WARN  background.BlockDeletingService (BlockDeletingService.java:isDeletionAllowed(187)) - Close Container log Index 6 is not replicated across allthe servers in the pipeline 376e765d-a5bf-4b1f-a23f-db82ea1b0560 as the min replicated index is 4. Deletion is not allowed in this container yet.
2019-10-24 11:47:30,011 [EventQueue-ContainerReportForContainerReportHandler] WARN  container.ContainerReportHandler (AbstractContainerReportHandler.java:updateContainerState(145)) - Container #1 is in OPEN state, but the datanode 6ef47ec4-f888-4c0a-9473-d3351b934030{ip: 192.168.157.222, host: pr-hdds-1701-wjnxn-4111008579, networkLocation: /default-rack, certSerialId: null} reports an CLOSED replica.
2019-10-24 11:47:30,023 [EventQueue-ContainerReportForContainerReportHandler] WARN  container.ContainerReportHandler (AbstractContainerReportHandler.java:updateContainerState(145)) - Container #1 is in OPEN state, but the datanode 9c614e94-540a-4713-aa04-685a3a141a15{ip: 192.168.157.222, host: pr-hdds-1701-wjnxn-4111008579, networkLocation: /default-rack, certSerialId: null} reports an CLOSED replica.
2019-10-24 11:47:30,211 [EventQueue-ContainerReportForContainerReportHandler] WARN  container.ContainerReportHandler (AbstractContainerReportHandler.java:updateContainerState(145)) - Container #1 is in OPEN state, but the datanode 6ef47ec4-f888-4c0a-9473-d3351b934030{ip: 192.168.157.222, host: pr-hdds-1701-wjnxn-4111008579, networkLocation: /default-rack, certSerialId: null} reports an CLOSED replica.
2019-10-24 11:47:30,424 [EventQueue-ContainerReportForContainerReportHandler] WARN  container.ContainerReportHandler (AbstractContainerReportHandler.java:updateContainerState(145)) - Container #1 is in OPEN state, but the datanode 9c614e94-540a-4713-aa04-685a3a141a15{ip: 192.168.157.222, host: pr-hdds-1701-wjnxn-4111008579, networkLocation: /default-rack, certSerialId: null} reports an CLOSED replica.
2019-10-24 11:47:30,584 [Thread-441] INFO  client.GrpcClientProtocolService (GrpcClientProtocolService.java:lambda$processClientRequest$0(279)) - Failed RaftClientRequest:client-5229374272EA->6ef47ec4-f888-4c0a-9473-d3351b934030@group-DB82EA1B0560, cid=10, seq=0, Watch-ALL_COMMITTED(6), Message:<EMPTY>, reply=RaftClientReply:client-5229374272EA->6ef47ec4-f888-4c0a-9473-d3351b934030@group-DB82EA1B0560, cid=10, FAILED org.apache.ratis.protocol.NotReplicatedException: Request with call Id 10 and log index 6 is not yet replicated to ALL_COMMITTED, logIndex=6, commits[6ef47ec4-f888-4c0a-9473-d3351b934030:c10, c50ed3b6-ed09-4007-97fb-753acd29cc2b:c4, 9c614e94-540a-4713-aa04-685a3a141a15:c10]
2019-10-24 11:47:30,611 [EventQueue-ContainerReportForContainerReportHandler] WARN  container.ContainerReportHandler (AbstractContainerReportHandler.java:updateContainerState(145)) - Container #1 is in OPEN state, but the datanode 6ef47ec4-f888-4c0a-9473-d3351b934030{ip: 192.168.157.222, host: pr-hdds-1701-wjnxn-4111008579, networkLocation: /default-rack, certSerialId: null} reports an CLOSED replica.
2019-10-24 11:47:30,812 [EventQueue-ContainerReportForContainerReportHandler] WARN  container.ContainerReportHandler (AbstractContainerReportHandler.java:updateContainerState(145)) - Container #1 is in OPEN state, but the datanode 6ef47ec4-f888-4c0a-9473-d3351b934030{ip: 192.168.157.222, host: pr-hdds-1701-wjnxn-4111008579, networkLocation: /default-rack, certSerialId: null} reports an CLOSED replica.
2019-10-24 11:47:30,814 [BlockDeletingService#2] WARN  background.BlockDeletingService (BlockDeletingService.java:isDeletionAllowed(187)) - Close Container log Index 6 is not replicated across allthe servers in the pipeline 376e765d-a5bf-4b1f-a23f-db82ea1b0560 as the min replicated index is 4. Deletion is not allowed in this container yet.
2019-10-24 11:47:30,819 [BlockDeletingService#2] WARN  background.BlockDeletingService (BlockDeletingService.java:isDeletionAllowed(187)) - Close Container log Index 6 is not replicated across allthe servers in the pipeline 376e765d-a5bf-4b1f-a23f-db82ea1b0560 as the min replicated index is 4. Deletion is not allowed in this container yet.
2019-10-24 11:47:30,826 [EventQueue-ContainerReportForContainerReportHandler] WARN  container.ContainerReportHandler (AbstractContainerReportHandler.java:updateContainerState(145)) - Container #1 is in OPEN state, but the datanode 9c614e94-540a-4713-aa04-685a3a141a15{ip: 192.168.157.222, host: pr-hdds-1701-wjnxn-4111008579, networkLocation: /default-rack, certSerialId: null} reports an CLOSED replica.
2019-10-24 11:47:31,012 [EventQueue-ContainerReportForContainerReportHandler] WARN  container.ContainerReportHandler (AbstractContainerReportHandler.java:updateContainerState(145)) - Container #1 is in OPEN state, but the datanode 6ef47ec4-f888-4c0a-9473-d3351b934030{ip: 192.168.157.222, host: pr-hdds-1701-wjnxn-4111008579, networkLocation: /default-rack, certSerialId: null} reports an CLOSED replica.
2019-10-24 11:47:31,125 [EventQueue-ContainerReportForContainerReportHandler] WARN  container.ContainerReportHandler (AbstractContainerReportHandler.java:updateContainerState(145)) - Container #1 is in OPEN state, but the datanode 9c614e94-540a-4713-aa04-685a3a141a15{ip: 192.168.157.222, host: pr-hdds-1701-wjnxn-4111008579, networkLocation: /default-rack, certSerialId: null} reports an CLOSED replica.
2019-10-24 11:47:31,313 [EventQueue-ContainerReportForContainerReportHandler] WARN  container.ContainerReportHandler (AbstractContainerReportHandler.java:updateContainerState(145)) - Container #1 is in OPEN state, but the datanode 6ef47ec4-f888-4c0a-9473-d3351b934030{ip: 192.168.157.222, host: pr-hdds-1701-wjnxn-4111008579, networkLocation: /default-rack, certSerialId: null} reports an CLOSED replica.
2019-10-24 11:47:31,525 [EventQueue-ContainerReportForContainerReportHandler] WARN  container.ContainerReportHandler (AbstractContainerReportHandler.java:updateContainerState(145)) - Container #1 is in OPEN state, but the datanode 9c614e94-540a-4713-aa04-685a3a141a15{ip: 192.168.157.222, host: pr-hdds-1701-wjnxn-4111008579, networkLocation: /default-rack, certSerialId: null} reports an CLOSED replica.
2019-10-24 11:47:31,613 [EventQueue-ContainerReportForContainerReportHandler] WARN  container.ContainerReportHandler (AbstractContainerReportHandler.java:updateContainerState(145)) - Container #1 is in OPEN state, but the datanode 6ef47ec4-f888-4c0a-9473-d3351b934030{ip: 192.168.157.222, host: pr-hdds-1701-wjnxn-4111008579, networkLocation: /default-rack, certSerialId: null} reports an CLOSED replica.
2019-10-24 11:47:31,660 [java.util.concurrent.ThreadPoolExecutor$Worker@67eec169[State = -1, empty queue]] WARN  server.GrpcLogAppender (GrpcLogAppender.java:timeoutAppendRequest(209)) - 6ef47ec4-f888-4c0a-9473-d3351b934030@group-DB82EA1B0560->c50ed3b6-ed09-4007-97fb-753acd29cc2b-GrpcLogAppender: appendEntries Timeout, request=6ef47ec4-f888-4c0a-9473-d3351b934030->c50ed3b6-ed09-4007-97fb-753acd29cc2b#39-t1, previous=(t:1, i:10), leaderCommit=10, initializing? false, entries: <empty>
2019-10-24 11:47:31,725 [EventQueue-ContainerReportForContainerReportHandler] WARN  container.ContainerReportHandler (AbstractContainerReportHandler.java:updateContainerState(145)) - Container #1 is in OPEN state, but the datanode 9c614e94-540a-4713-aa04-685a3a141a15{ip: 192.168.157.222, host: pr-hdds-1701-wjnxn-4111008579, networkLocation: /default-rack, certSerialId: null} reports an CLOSED replica.
2019-10-24 11:47:31,822 [BlockDeletingService#2] WARN  background.BlockDeletingService (BlockDeletingService.java:isDeletionAllowed(187)) - Close Container log Index 6 is not replicated across allthe servers in the pipeline 376e765d-a5bf-4b1f-a23f-db82ea1b0560 as the min replicated index is 4. Deletion is not allowed in this container yet.
2019-10-24 11:47:31,822 [BlockDeletingService#2] WARN  background.BlockDeletingService (BlockDeletingService.java:isDeletionAllowed(187)) - Close Container log Index 6 is not replicated across allthe servers in the pipeline 376e765d-a5bf-4b1f-a23f-db82ea1b0560 as the min replicated index is 4. Deletion is not allowed in this container yet.
2019-10-24 11:47:31,913 [EventQueue-ContainerReportForContainerReportHandler] WARN  container.ContainerReportHandler (AbstractContainerReportHandler.java:updateContainerState(145)) - Container #1 is in OPEN state, but the datanode 6ef47ec4-f888-4c0a-9473-d3351b934030{ip: 192.168.157.222, host: pr-hdds-1701-wjnxn-4111008579, networkLocation: /default-rack, certSerialId: null} reports an CLOSED replica.
2019-10-24 11:47:32,025 [EventQueue-ContainerReportForContainerReportHandler] WARN  container.ContainerReportHandler (AbstractContainerReportHandler.java:updateContainerState(145)) - Container #1 is in OPEN state, but the datanode 9c614e94-540a-4713-aa04-685a3a141a15{ip: 192.168.157.222, host: pr-hdds-1701-wjnxn-4111008579, networkLocation: /default-rack, certSerialId: null} reports an CLOSED replica.
2019-10-24 11:47:32,113 [EventQueue-ContainerReportForContainerReportHandler] WARN  container.ContainerReportHandler (AbstractContainerReportHandler.java:updateContainerState(145)) - Container #1 is in OPEN state, but the datanode 6ef47ec4-f888-4c0a-9473-d3351b934030{ip: 192.168.157.222, host: pr-hdds-1701-wjnxn-4111008579, networkLocation: /default-rack, certSerialId: null} reports an CLOSED replica.
2019-10-24 11:47:32,326 [EventQueue-ContainerReportForContainerReportHandler] WARN  container.ContainerReportHandler (AbstractContainerReportHandler.java:updateContainerState(145)) - Container #1 is in OPEN state, but the datanode 9c614e94-540a-4713-aa04-685a3a141a15{ip: 192.168.157.222, host: pr-hdds-1701-wjnxn-4111008579, networkLocation: /default-rack, certSerialId: null} reports an CLOSED replica.
2019-10-24 11:47:32,513 [EventQueue-ContainerReportForContainerReportHandler] WARN  container.ContainerReportHandler (AbstractContainerReportHandler.java:updateContainerState(145)) - Container #1 is in OPEN state, but the datanode 6ef47ec4-f888-4c0a-9473-d3351b934030{ip: 192.168.157.222, host: pr-hdds-1701-wjnxn-4111008579, networkLocation: /default-rack, certSerialId: null} reports an CLOSED replica.
2019-10-24 11:47:32,626 [EventQueue-ContainerReportForContainerReportHandler] WARN  container.ContainerReportHandler (AbstractContainerReportHandler.java:updateContainerState(145)) - Container #1 is in OPEN state, but the datanode 9c614e94-540a-4713-aa04-685a3a141a15{ip: 192.168.157.222, host: pr-hdds-1701-wjnxn-4111008579, networkLocation: /default-rack, certSerialId: null} reports an CLOSED replica.
2019-10-24 11:47:32,815 [EventQueue-ContainerReportForContainerReportHandler] WARN  container.ContainerReportHandler (AbstractContainerReportHandler.java:updateContainerState(145)) - Container #1 is in OPEN state, but the datanode 6ef47ec4-f888-4c0a-9473-d3351b934030{ip: 192.168.157.222, host: pr-hdds-1701-wjnxn-4111008579, networkLocation: /default-rack, certSerialId: null} reports an CLOSED replica.
2019-10-24 11:47:32,824 [BlockDeletingService#2] WARN  background.BlockDeletingService (BlockDeletingService.java:isDeletionAllowed(187)) - Close Container log Index 6 is not replicated across allthe servers in the pipeline 376e765d-a5bf-4b1f-a23f-db82ea1b0560 as the min replicated index is 4. Deletion is not allowed in this container yet.
2019-10-24 11:47:32,824 [BlockDeletingService#2] WARN  background.BlockDeletingService (BlockDeletingService.java:isDeletionAllowed(187)) - Close Container log Index 6 is not replicated across allthe servers in the pipeline 376e765d-a5bf-4b1f-a23f-db82ea1b0560 as the min replicated index is 4. Deletion is not allowed in this container yet.
2019-10-24 11:47:33,026 [EventQueue-ContainerReportForContainerReportHandler] WARN  container.ContainerReportHandler (AbstractContainerReportHandler.java:updateContainerState(145)) - Container #1 is in OPEN state, but the datanode 9c614e94-540a-4713-aa04-685a3a141a15{ip: 192.168.157.222, host: pr-hdds-1701-wjnxn-4111008579, networkLocation: /default-rack, certSerialId: null} reports an CLOSED replica.
2019-10-24 11:47:33,115 [EventQueue-ContainerReportForContainerReportHandler] WARN  container.ContainerReportHandler (AbstractContainerReportHandler.java:updateContainerState(145)) - Container #1 is in OPEN state, but the datanode 6ef47ec4-f888-4c0a-9473-d3351b934030{ip: 192.168.157.222, host: pr-hdds-1701-wjnxn-4111008579, networkLocation: /default-rack, certSerialId: null} reports an CLOSED replica.
2019-10-24 11:47:33,315 [EventQueue-ContainerReportForContainerReportHandler] WARN  container.ContainerReportHandler (AbstractContainerReportHandler.java:updateContainerState(145)) - Container #1 is in OPEN state, but the datanode 6ef47ec4-f888-4c0a-9473-d3351b934030{ip: 192.168.157.222, host: pr-hdds-1701-wjnxn-4111008579, networkLocation: /default-rack, certSerialId: null} reports an CLOSED replica.
2019-10-24 11:47:33,426 [EventQueue-ContainerReportForContainerReportHandler] WARN  container.ContainerReportHandler (AbstractContainerReportHandler.java:updateContainerState(145)) - Container #1 is in OPEN state, but the datanode 9c614e94-540a-4713-aa04-685a3a141a15{ip: 192.168.157.222, host: pr-hdds-1701-wjnxn-4111008579, networkLocation: /default-rack, certSerialId: null} reports an CLOSED replica.
2019-10-24 11:47:33,715 [EventQueue-ContainerReportForContainerReportHandler] WARN  container.ContainerReportHandler (AbstractContainerReportHandler.java:updateContainerState(145)) - Container #1 is in OPEN state, but the datanode 6ef47ec4-f888-4c0a-9473-d3351b934030{ip: 192.168.157.222, host: pr-hdds-1701-wjnxn-4111008579, networkLocation: /default-rack, certSerialId: null} reports an CLOSED replica.
2019-10-24 11:47:33,726 [EventQueue-ContainerReportForContainerReportHandler] WARN  container.ContainerReportHandler (AbstractContainerReportHandler.java:updateContainerState(145)) - Container #1 is in OPEN state, but the datanode 9c614e94-540a-4713-aa04-685a3a141a15{ip: 192.168.157.222, host: pr-hdds-1701-wjnxn-4111008579, networkLocation: /default-rack, certSerialId: null} reports an CLOSED replica.
2019-10-24 11:47:33,825 [BlockDeletingService#2] WARN  background.BlockDeletingService (BlockDeletingService.java:isDeletionAllowed(187)) - Close Container log Index 6 is not replicated across allthe servers in the pipeline 376e765d-a5bf-4b1f-a23f-db82ea1b0560 as the min replicated index is 4. Deletion is not allowed in this container yet.
2019-10-24 11:47:33,825 [BlockDeletingService#2] WARN  background.BlockDeletingService (BlockDeletingService.java:isDeletionAllowed(187)) - Close Container log Index 6 is not replicated across allthe servers in the pipeline 376e765d-a5bf-4b1f-a23f-db82ea1b0560 as the min replicated index is 4. Deletion is not allowed in this container yet.
2019-10-24 11:47:34,015 [EventQueue-ContainerReportForContainerReportHandler] WARN  container.ContainerReportHandler (AbstractContainerReportHandler.java:updateContainerState(145)) - Container #1 is in OPEN state, but the datanode 6ef47ec4-f888-4c0a-9473-d3351b934030{ip: 192.168.157.222, host: pr-hdds-1701-wjnxn-4111008579, networkLocation: /default-rack, certSerialId: null} reports an CLOSED replica.
2019-10-24 11:47:34,027 [EventQueue-ContainerReportForContainerReportHandler] WARN  container.ContainerReportHandler (AbstractContainerReportHandler.java:updateContainerState(145)) - Container #1 is in OPEN state, but the datanode 9c614e94-540a-4713-aa04-685a3a141a15{ip: 192.168.157.222, host: pr-hdds-1701-wjnxn-4111008579, networkLocation: /default-rack, certSerialId: null} reports an CLOSED replica.
2019-10-24 11:47:34,161 [java.util.concurrent.ThreadPoolExecutor$Worker@67eec169[State = -1, empty queue]] WARN  server.GrpcLogAppender (GrpcLogAppender.java:timeoutAppendRequest(209)) - 6ef47ec4-f888-4c0a-9473-d3351b934030@group-DB82EA1B0560->c50ed3b6-ed09-4007-97fb-753acd29cc2b-GrpcLogAppender: appendEntries Timeout, request=6ef47ec4-f888-4c0a-9473-d3351b934030->c50ed3b6-ed09-4007-97fb-753acd29cc2b#40-t1, previous=(t:1, i:10), leaderCommit=10, initializing? false, entries: <empty>
2019-10-24 11:47:34,227 [EventQueue-ContainerReportForContainerReportHandler] WARN  container.ContainerReportHandler (AbstractContainerReportHandler.java:updateContainerState(145)) - Container #1 is in OPEN state, but the datanode 9c614e94-540a-4713-aa04-685a3a141a15{ip: 192.168.157.222, host: pr-hdds-1701-wjnxn-4111008579, networkLocation: /default-rack, certSerialId: null} reports an CLOSED replica.
2019-10-24 11:47:34,315 [EventQueue-ContainerReportForContainerReportHandler] WARN  container.ContainerReportHandler (AbstractContainerReportHandler.java:updateContainerState(145)) - Container #1 is in OPEN state, but the datanode 6ef47ec4-f888-4c0a-9473-d3351b934030{ip: 192.168.157.222, host: pr-hdds-1701-wjnxn-4111008579, networkLocation: /default-rack, certSerialId: null} reports an CLOSED replica.
2019-10-24 11:47:34,428 [EventQueue-ContainerReportForContainerReportHandler] WARN  container.ContainerReportHandler (AbstractContainerReportHandler.java:updateContainerState(145)) - Container #1 is in OPEN state, but the datanode 9c614e94-540a-4713-aa04-685a3a141a15{ip: 192.168.157.222, host: pr-hdds-1701-wjnxn-4111008579, networkLocation: /default-rack, certSerialId: null} reports an CLOSED replica.
2019-10-24 11:47:34,715 [EventQueue-ContainerReportForContainerReportHandler] WARN  container.ContainerReportHandler (AbstractContainerReportHandler.java:updateContainerState(145)) - Container #1 is in OPEN state, but the datanode 6ef47ec4-f888-4c0a-9473-d3351b934030{ip: 192.168.157.222, host: pr-hdds-1701-wjnxn-4111008579, networkLocation: /default-rack, certSerialId: null} reports an CLOSED replica.
2019-10-24 11:47:34,826 [BlockDeletingService#2] WARN  background.BlockDeletingService (BlockDeletingService.java:isDeletionAllowed(187)) - Close Container log Index 6 is not replicated across allthe servers in the pipeline 376e765d-a5bf-4b1f-a23f-db82ea1b0560 as the min replicated index is 4. Deletion is not allowed in this container yet.
2019-10-24 11:47:34,826 [BlockDeletingService#2] WARN  background.BlockDeletingService (BlockDeletingService.java:isDeletionAllowed(187)) - Close Container log Index 6 is not replicated across allthe servers in the pipeline 376e765d-a5bf-4b1f-a23f-db82ea1b0560 as the min replicated index is 4. Deletion is not allowed in this container yet.
2019-10-24 11:47:34,828 [EventQueue-ContainerReportForContainerReportHandler] WARN  container.ContainerReportHandler (AbstractContainerReportHandler.java:updateContainerState(145)) - Container #1 is in OPEN state, but the datanode 9c614e94-540a-4713-aa04-685a3a141a15{ip: 192.168.157.222, host: pr-hdds-1701-wjnxn-4111008579, networkLocation: /default-rack, certSerialId: null} reports an CLOSED replica.
2019-10-24 11:47:35,015 [EventQueue-ContainerReportForContainerReportHandler] WARN  container.ContainerReportHandler (AbstractContainerReportHandler.java:updateContainerState(145)) - Container #1 is in OPEN state, but the datanode 6ef47ec4-f888-4c0a-9473-d3351b934030{ip: 192.168.157.222, host: pr-hdds-1701-wjnxn-4111008579, networkLocation: /default-rack, certSerialId: null} reports an CLOSED replica.
2019-10-24 11:47:35,215 [EventQueue-ContainerReportForContainerReportHandler] WARN  container.ContainerReportHandler (AbstractContainerReportHandler.java:updateContainerState(145)) - Container #1 is in OPEN state, but the datanode 6ef47ec4-f888-4c0a-9473-d3351b934030{ip: 192.168.157.222, host: pr-hdds-1701-wjnxn-4111008579, networkLocation: /default-rack, certSerialId: null} reports an CLOSED replica.
2019-10-24 11:47:35,228 [EventQueue-ContainerReportForContainerReportHandler] WARN  container.ContainerReportHandler (AbstractContainerReportHandler.java:updateContainerState(145)) - Container #1 is in OPEN state, but the datanode 9c614e94-540a-4713-aa04-685a3a141a15{ip: 192.168.157.222, host: pr-hdds-1701-wjnxn-4111008579, networkLocation: /default-rack, certSerialId: null} reports an CLOSED replica.
2019-10-24 11:47:35,515 [EventQueue-ContainerReportForContainerReportHandler] WARN  container.ContainerReportHandler (AbstractContainerReportHandler.java:updateContainerState(145)) - Container #1 is in OPEN state, but the datanode 6ef47ec4-f888-4c0a-9473-d3351b934030{ip: 192.168.157.222, host: pr-hdds-1701-wjnxn-4111008579, networkLocation: /default-rack, certSerialId: null} reports an CLOSED replica.
2019-10-24 11:47:35,528 [EventQueue-ContainerReportForContainerReportHandler] WARN  container.ContainerReportHandler (AbstractContainerReportHandler.java:updateContainerState(145)) - Container #1 is in OPEN state, but the datanode 9c614e94-540a-4713-aa04-685a3a141a15{ip: 192.168.157.222, host: pr-hdds-1701-wjnxn-4111008579, networkLocation: /default-rack, certSerialId: null} reports an CLOSED replica.
2019-10-24 11:47:35,728 [EventQueue-ContainerReportForContainerReportHandler] WARN  container.ContainerReportHandler (AbstractContainerReportHandler.java:updateContainerState(145)) - Container #1 is in OPEN state, but the datanode 9c614e94-540a-4713-aa04-685a3a141a15{ip: 192.168.157.222, host: pr-hdds-1701-wjnxn-4111008579, networkLocation: /default-rack, certSerialId: null} reports an CLOSED replica.
2019-10-24 11:47:35,828 [BlockDeletingService#2] WARN  background.BlockDeletingService (BlockDeletingService.java:isDeletionAllowed(187)) - Close Container log Index 6 is not replicated across allthe servers in the pipeline 376e765d-a5bf-4b1f-a23f-db82ea1b0560 as the min replicated index is 4. Deletion is not allowed in this container yet.
2019-10-24 11:47:35,828 [BlockDeletingService#2] WARN  background.BlockDeletingService (BlockDeletingService.java:isDeletionAllowed(187)) - Close Container log Index 6 is not replicated across allthe servers in the pipeline 376e765d-a5bf-4b1f-a23f-db82ea1b0560 as the min replicated index is 4. Deletion is not allowed in this container yet.
2019-10-24 11:47:35,918 [EventQueue-ContainerReportForContainerReportHandler] WARN  container.ContainerReportHandler (AbstractContainerReportHandler.java:updateContainerState(145)) - Container #1 is in OPEN state, but the datanode 6ef47ec4-f888-4c0a-9473-d3351b934030{ip: 192.168.157.222, host: pr-hdds-1701-wjnxn-4111008579, networkLocation: /default-rack, certSerialId: null} reports an CLOSED replica.
2019-10-24 11:47:36,028 [EventQueue-ContainerReportForContainerReportHandler] WARN  container.ContainerReportHandler (AbstractContainerReportHandler.java:updateContainerState(145)) - Container #1 is in OPEN state, but the datanode 9c614e94-540a-4713-aa04-685a3a141a15{ip: 192.168.157.222, host: pr-hdds-1701-wjnxn-4111008579, networkLocation: /default-rack, certSerialId: null} reports an CLOSED replica.
2019-10-24 11:47:36,119 [EventQueue-ContainerReportForContainerReportHandler] WARN  container.ContainerReportHandler (AbstractContainerReportHandler.java:updateContainerState(145)) - Container #1 is in OPEN state, but the datanode 6ef47ec4-f888-4c0a-9473-d3351b934030{ip: 192.168.157.222, host: pr-hdds-1701-wjnxn-4111008579, networkLocation: /default-rack, certSerialId: null} reports an CLOSED replica.
2019-10-24 11:47:36,419 [EventQueue-ContainerReportForContainerReportHandler] WARN  container.ContainerReportHandler (AbstractContainerReportHandler.java:updateContainerState(145)) - Container #1 is in OPEN state, but the datanode 6ef47ec4-f888-4c0a-9473-d3351b934030{ip: 192.168.157.222, host: pr-hdds-1701-wjnxn-4111008579, networkLocation: /default-rack, certSerialId: null} reports an CLOSED replica.
2019-10-24 11:47:36,428 [EventQueue-ContainerReportForContainerReportHandler] WARN  container.ContainerReportHandler (AbstractContainerReportHandler.java:updateContainerState(145)) - Container #1 is in OPEN state, but the datanode 9c614e94-540a-4713-aa04-685a3a141a15{ip: 192.168.157.222, host: pr-hdds-1701-wjnxn-4111008579, networkLocation: /default-rack, certSerialId: null} reports an CLOSED replica.
2019-10-24 11:47:36,619 [EventQueue-ContainerReportForContainerReportHandler] WARN  container.ContainerReportHandler (AbstractContainerReportHandler.java:updateContainerState(145)) - Container #1 is in OPEN state, but the datanode 6ef47ec4-f888-4c0a-9473-d3351b934030{ip: 192.168.157.222, host: pr-hdds-1701-wjnxn-4111008579, networkLocation: /default-rack, certSerialId: null} reports an CLOSED replica.
2019-10-24 11:47:36,662 [java.util.concurrent.ThreadPoolExecutor$Worker@67eec169[State = -1, empty queue]] WARN  server.GrpcLogAppender (GrpcLogAppender.java:timeoutAppendRequest(209)) - 6ef47ec4-f888-4c0a-9473-d3351b934030@group-DB82EA1B0560->c50ed3b6-ed09-4007-97fb-753acd29cc2b-GrpcLogAppender: appendEntries Timeout, request=6ef47ec4-f888-4c0a-9473-d3351b934030->c50ed3b6-ed09-4007-97fb-753acd29cc2b#41-t1, previous=(t:1, i:10), leaderCommit=10, initializing? false, entries: <empty>
2019-10-24 11:47:36,828 [EventQueue-ContainerReportForContainerReportHandler] WARN  container.ContainerReportHandler (AbstractContainerReportHandler.java:updateContainerState(145)) - Container #1 is in OPEN state, but the datanode 9c614e94-540a-4713-aa04-685a3a141a15{ip: 192.168.157.222, host: pr-hdds-1701-wjnxn-4111008579, networkLocation: /default-rack, certSerialId: null} reports an CLOSED replica.
2019-10-24 11:47:36,829 [BlockDeletingService#2] WARN  background.BlockDeletingService (BlockDeletingService.java:isDeletionAllowed(187)) - Close Container log Index 6 is not replicated across allthe servers in the pipeline 376e765d-a5bf-4b1f-a23f-db82ea1b0560 as the min replicated index is 4. Deletion is not allowed in this container yet.
2019-10-24 11:47:36,829 [BlockDeletingService#2] WARN  background.BlockDeletingService (BlockDeletingService.java:isDeletionAllowed(187)) - Close Container log Index 6 is not replicated across allthe servers in the pipeline 376e765d-a5bf-4b1f-a23f-db82ea1b0560 as the min replicated index is 4. Deletion is not allowed in this container yet.
2019-10-24 11:47:36,919 [EventQueue-ContainerReportForContainerReportHandler] WARN  container.ContainerReportHandler (AbstractContainerReportHandler.java:updateContainerState(145)) - Container #1 is in OPEN state, but the datanode 6ef47ec4-f888-4c0a-9473-d3351b934030{ip: 192.168.157.222, host: pr-hdds-1701-wjnxn-4111008579, networkLocation: /default-rack, certSerialId: null} reports an CLOSED replica.
2019-10-24 11:47:37,128 [EventQueue-ContainerReportForContainerReportHandler] WARN  container.ContainerReportHandler (AbstractContainerReportHandler.java:updateContainerState(145)) - Container #1 is in OPEN state, but the datanode 9c614e94-540a-4713-aa04-685a3a141a15{ip: 192.168.157.222, host: pr-hdds-1701-wjnxn-4111008579, networkLocation: /default-rack, certSerialId: null} reports an CLOSED replica.
2019-10-24 11:47:37,319 [EventQueue-ContainerReportForContainerReportHandler] WARN  container.ContainerReportHandler (AbstractContainerReportHandler.java:updateContainerState(145)) - Container #1 is in OPEN state, but the datanode 6ef47ec4-f888-4c0a-9473-d3351b934030{ip: 192.168.157.222, host: pr-hdds-1701-wjnxn-4111008579, networkLocation: /default-rack, certSerialId: null} reports an CLOSED replica.
2019-10-24 11:47:37,328 [EventQueue-ContainerReportForContainerReportHandler] WARN  container.ContainerReportHandler (AbstractContainerReportHandler.java:updateContainerState(145)) - Container #1 is in OPEN state, but the datanode 9c614e94-540a-4713-aa04-685a3a141a15{ip: 192.168.157.222, host: pr-hdds-1701-wjnxn-4111008579, networkLocation: /default-rack, certSerialId: null} reports an CLOSED replica.
2019-10-24 11:47:37,620 [EventQueue-ContainerReportForContainerReportHandler] WARN  container.ContainerReportHandler (AbstractContainerReportHandler.java:updateContainerState(145)) - Container #1 is in OPEN state, but the datanode 6ef47ec4-f888-4c0a-9473-d3351b934030{ip: 192.168.157.222, host: pr-hdds-1701-wjnxn-4111008579, networkLocation: /default-rack, certSerialId: null} reports an CLOSED replica.
2019-10-24 11:47:37,628 [EventQueue-ContainerReportForContainerReportHandler] WARN  container.ContainerReportHandler (AbstractContainerReportHandler.java:updateContainerState(145)) - Container #1 is in OPEN state, but the datanode 9c614e94-540a-4713-aa04-685a3a141a15{ip: 192.168.157.222, host: pr-hdds-1701-wjnxn-4111008579, networkLocation: /default-rack, certSerialId: null} reports an CLOSED replica.
2019-10-24 11:47:37,831 [BlockDeletingService#2] WARN  background.BlockDeletingService (BlockDeletingService.java:isDeletionAllowed(187)) - Close Container log Index 6 is not replicated across allthe servers in the pipeline 376e765d-a5bf-4b1f-a23f-db82ea1b0560 as the min replicated index is 4. Deletion is not allowed in this container yet.
2019-10-24 11:47:37,831 [BlockDeletingService#2] WARN  background.BlockDeletingService (BlockDeletingService.java:isDeletionAllowed(187)) - Close Container log Index 6 is not replicated across allthe servers in the pipeline 376e765d-a5bf-4b1f-a23f-db82ea1b0560 as the min replicated index is 4. Deletion is not allowed in this container yet.
2019-10-24 11:47:37,920 [EventQueue-ContainerReportForContainerReportHandler] WARN  container.ContainerReportHandler (AbstractContainerReportHandler.java:updateContainerState(145)) - Container #1 is in OPEN state, but the datanode 6ef47ec4-f888-4c0a-9473-d3351b934030{ip: 192.168.157.222, host: pr-hdds-1701-wjnxn-4111008579, networkLocation: /default-rack, certSerialId: null} reports an CLOSED replica.
2019-10-24 11:47:37,928 [EventQueue-ContainerReportForContainerReportHandler] WARN  container.ContainerReportHandler (AbstractContainerReportHandler.java:updateContainerState(145)) - Container #1 is in OPEN state, but the datanode 9c614e94-540a-4713-aa04-685a3a141a15{ip: 192.168.157.222, host: pr-hdds-1701-wjnxn-4111008579, networkLocation: /default-rack, certSerialId: null} reports an CLOSED replica.
2019-10-24 11:47:38,228 [EventQueue-ContainerReportForContainerReportHandler] WARN  container.ContainerReportHandler (AbstractContainerReportHandler.java:updateContainerState(145)) - Container #1 is in OPEN state, but the datanode 9c614e94-540a-4713-aa04-685a3a141a15{ip: 192.168.157.222, host: pr-hdds-1701-wjnxn-4111008579, networkLocation: /default-rack, certSerialId: null} reports an CLOSED replica.
2019-10-24 11:47:38,321 [EventQueue-ContainerReportForContainerReportHandler] WARN  container.ContainerReportHandler (AbstractContainerReportHandler.java:updateContainerState(145)) - Container #1 is in OPEN state, but the datanode 6ef47ec4-f888-4c0a-9473-d3351b934030{ip: 192.168.157.222, host: pr-hdds-1701-wjnxn-4111008579, networkLocation: /default-rack, certSerialId: null} reports an CLOSED replica.
2019-10-24 11:47:38,529 [EventQueue-ContainerReportForContainerReportHandler] WARN  container.ContainerReportHandler (AbstractContainerReportHandler.java:updateContainerState(145)) - Container #1 is in OPEN state, but the datanode 9c614e94-540a-4713-aa04-685a3a141a15{ip: 192.168.157.222, host: pr-hdds-1701-wjnxn-4111008579, networkLocation: /default-rack, certSerialId: null} reports an CLOSED replica.
2019-10-24 11:47:38,722 [EventQueue-ContainerReportForContainerReportHandler] WARN  container.ContainerReportHandler (AbstractContainerReportHandler.java:updateContainerState(145)) - Container #1 is in OPEN state, but the datanode 6ef47ec4-f888-4c0a-9473-d3351b934030{ip: 192.168.157.222, host: pr-hdds-1701-wjnxn-4111008579, networkLocation: /default-rack, certSerialId: null} reports an CLOSED replica.
2019-10-24 11:47:38,833 [EventQueue-ContainerReportForContainerReportHandler] WARN  container.ContainerReportHandler (AbstractContainerReportHandler.java:updateContainerState(145)) - Container #1 is in OPEN state, but the datanode 9c614e94-540a-4713-aa04-685a3a141a15{ip: 192.168.157.222, host: pr-hdds-1701-wjnxn-4111008579, networkLocation: /default-rack, certSerialId: null} reports an CLOSED replica.
2019-10-24 11:47:38,833 [BlockDeletingService#2] WARN  background.BlockDeletingService (BlockDeletingService.java:isDeletionAllowed(187)) - Close Container log Index 6 is not replicated across allthe servers in the pipeline 376e765d-a5bf-4b1f-a23f-db82ea1b0560 as the min replicated index is 4. Deletion is not allowed in this container yet.
2019-10-24 11:47:38,833 [BlockDeletingService#2] WARN  background.BlockDeletingService (BlockDeletingService.java:isDeletionAllowed(187)) - Close Container log Index 6 is not replicated across allthe servers in the pipeline 376e765d-a5bf-4b1f-a23f-db82ea1b0560 as the min replicated index is 4. Deletion is not allowed in this container yet.
2019-10-24 11:47:39,022 [EventQueue-ContainerReportForContainerReportHandler] WARN  container.ContainerReportHandler (AbstractContainerReportHandler.java:updateContainerState(145)) - Container #1 is in OPEN state, but the datanode 6ef47ec4-f888-4c0a-9473-d3351b934030{ip: 192.168.157.222, host: pr-hdds-1701-wjnxn-4111008579, networkLocation: /default-rack, certSerialId: null} reports an CLOSED replica.
2019-10-24 11:47:39,131 [EventQueue-ContainerReportForContainerReportHandler] WARN  container.ContainerReportHandler (AbstractContainerReportHandler.java:updateContainerState(145)) - Container #1 is in OPEN state, but the datanode 9c614e94-540a-4713-aa04-685a3a141a15{ip: 192.168.157.222, host: pr-hdds-1701-wjnxn-4111008579, networkLocation: /default-rack, certSerialId: null} reports an CLOSED replica.
2019-10-24 11:47:39,162 [java.util.concurrent.ThreadPoolExecutor$Worker@67eec169[State = -1, empty queue]] WARN  server.GrpcLogAppender (GrpcLogAppender.java:timeoutAppendRequest(209)) - 6ef47ec4-f888-4c0a-9473-d3351b934030@group-DB82EA1B0560->c50ed3b6-ed09-4007-97fb-753acd29cc2b-GrpcLogAppender: appendEntries Timeout, request=6ef47ec4-f888-4c0a-9473-d3351b934030->c50ed3b6-ed09-4007-97fb-753acd29cc2b#42-t1, previous=(t:1, i:10), leaderCommit=10, initializing? false, entries: <empty>
2019-10-24 11:47:39,322 [EventQueue-ContainerReportForContainerReportHandler] WARN  container.ContainerReportHandler (AbstractContainerReportHandler.java:updateContainerState(145)) - Container #1 is in OPEN state, but the datanode 6ef47ec4-f888-4c0a-9473-d3351b934030{ip: 192.168.157.222, host: pr-hdds-1701-wjnxn-4111008579, networkLocation: /default-rack, certSerialId: null} reports an CLOSED replica.
2019-10-24 11:47:39,431 [EventQueue-ContainerReportForContainerReportHandler] WARN  container.ContainerReportHandler (AbstractContainerReportHandler.java:updateContainerState(145)) - Container #1 is in OPEN state, but the datanode 9c614e94-540a-4713-aa04-685a3a141a15{ip: 192.168.157.222, host: pr-hdds-1701-wjnxn-4111008579, networkLocation: /default-rack, certSerialId: null} reports an CLOSED replica.
2019-10-24 11:47:39,523 [EventQueue-ContainerReportForContainerReportHandler] WARN  container.ContainerReportHandler (AbstractContainerReportHandler.java:updateContainerState(145)) - Container #1 is in OPEN state, but the datanode 6ef47ec4-f888-4c0a-9473-d3351b934030{ip: 192.168.157.222, host: pr-hdds-1701-wjnxn-4111008579, networkLocation: /default-rack, certSerialId: null} reports an CLOSED replica.
2019-10-24 11:47:39,731 [EventQueue-ContainerReportForContainerReportHandler] WARN  container.ContainerReportHandler (AbstractContainerReportHandler.java:updateContainerState(145)) - Container #1 is in OPEN state, but the datanode 9c614e94-540a-4713-aa04-685a3a141a15{ip: 192.168.157.222, host: pr-hdds-1701-wjnxn-4111008579, networkLocation: /default-rack, certSerialId: null} reports an CLOSED replica.
2019-10-24 11:47:39,823 [EventQueue-ContainerReportForContainerReportHandler] WARN  container.ContainerReportHandler (AbstractContainerReportHandler.java:updateContainerState(145)) - Container #1 is in OPEN state, but the datanode 6ef47ec4-f888-4c0a-9473-d3351b934030{ip: 192.168.157.222, host: pr-hdds-1701-wjnxn-4111008579, networkLocation: /default-rack, certSerialId: null} reports an CLOSED replica.
2019-10-24 11:47:39,836 [BlockDeletingService#2] WARN  background.BlockDeletingService (BlockDeletingService.java:isDeletionAllowed(187)) - Close Container log Index 6 is not replicated across allthe servers in the pipeline 376e765d-a5bf-4b1f-a23f-db82ea1b0560 as the min replicated index is 4. Deletion is not allowed in this container yet.
2019-10-24 11:47:39,836 [BlockDeletingService#2] WARN  background.BlockDeletingService (BlockDeletingService.java:isDeletionAllowed(187)) - Close Container log Index 6 is not replicated across allthe servers in the pipeline 376e765d-a5bf-4b1f-a23f-db82ea1b0560 as the min replicated index is 4. Deletion is not allowed in this container yet.
2019-10-24 11:47:39,840 [Thread-470] INFO  client.GrpcClientProtocolService (GrpcClientProtocolService.java:lambda$processClientRequest$0(279)) - Failed RaftClientRequest:client-5229374272EA->9c614e94-540a-4713-aa04-685a3a141a15@group-DB82EA1B0560, cid=10, seq=0, Watch-ALL_COMMITTED(6), Message:<EMPTY>, reply=RaftClientReply:client-5229374272EA->9c614e94-540a-4713-aa04-685a3a141a15@group-DB82EA1B0560, cid=10, FAILED org.apache.ratis.protocol.NotLeaderException: Server 9c614e94-540a-4713-aa04-685a3a141a15@group-DB82EA1B0560 is not the leader 6ef47ec4-f888-4c0a-9473-d3351b934030:192.168.157.222:45627, logIndex=0, commits[9c614e94-540a-4713-aa04-685a3a141a15:c10, c50ed3b6-ed09-4007-97fb-753acd29cc2b:c4, 6ef47ec4-f888-4c0a-9473-d3351b934030:c10]
2019-10-24 11:47:39,931 [EventQueue-ContainerReportForContainerReportHandler] WARN  container.ContainerReportHandler (AbstractContainerReportHandler.java:updateContainerState(145)) - Container #1 is in OPEN state, but the datanode 9c614e94-540a-4713-aa04-685a3a141a15{ip: 192.168.157.222, host: pr-hdds-1701-wjnxn-4111008579, networkLocation: /default-rack, certSerialId: null} reports an CLOSED replica.
2019-10-24 11:47:40,131 [EventQueue-ContainerReportForContainerReportHandler] WARN  container.ContainerReportHandler (AbstractContainerReportHandler.java:updateContainerState(145)) - Container #1 is in OPEN state, but the datanode 9c614e94-540a-4713-aa04-685a3a141a15{ip: 192.168.157.222, host: pr-hdds-1701-wjnxn-4111008579, networkLocation: /default-rack, certSerialId: null} reports an CLOSED replica.
2019-10-24 11:47:40,223 [EventQueue-ContainerReportForContainerReportHandler] WARN  container.ContainerReportHandler (AbstractContainerReportHandler.java:updateContainerState(145)) - Container #1 is in OPEN state, but the datanode 6ef47ec4-f888-4c0a-9473-d3351b934030{ip: 192.168.157.222, host: pr-hdds-1701-wjnxn-4111008579, networkLocation: /default-rack, certSerialId: null} reports an CLOSED replica.
2019-10-24 11:47:40,424 [EventQueue-ContainerReportForContainerReportHandler] WARN  container.ContainerReportHandler (AbstractContainerReportHandler.java:updateContainerState(145)) - Container #1 is in OPEN state, but the datanode 6ef47ec4-f888-4c0a-9473-d3351b934030{ip: 192.168.157.222, host: pr-hdds-1701-wjnxn-4111008579, networkLocation: /default-rack, certSerialId: null} reports an CLOSED replica.
2019-10-24 11:47:40,431 [EventQueue-ContainerReportForContainerReportHandler] WARN  container.ContainerReportHandler (AbstractContainerReportHandler.java:updateContainerState(145)) - Container #1 is in OPEN state, but the datanode 9c614e94-540a-4713-aa04-685a3a141a15{ip: 192.168.157.222, host: pr-hdds-1701-wjnxn-4111008579, networkLocation: /default-rack, certSerialId: null} reports an CLOSED replica.
2019-10-24 11:47:40,584 [Thread-473] INFO  client.GrpcClientProtocolService (GrpcClientProtocolService.java:lambda$processClientRequest$0(279)) - Failed RaftClientRequest:client-5229374272EA->6ef47ec4-f888-4c0a-9473-d3351b934030@group-DB82EA1B0560, cid=10, seq=0, Watch-ALL_COMMITTED(6), Message:<EMPTY>, reply=RaftClientReply:client-5229374272EA->6ef47ec4-f888-4c0a-9473-d3351b934030@group-DB82EA1B0560, cid=10, FAILED org.apache.ratis.protocol.NotReplicatedException: Request with call Id 10 and log index 6 is not yet replicated to ALL_COMMITTED, logIndex=6, commits[6ef47ec4-f888-4c0a-9473-d3351b934030:c10, c50ed3b6-ed09-4007-97fb-753acd29cc2b:c4, 9c614e94-540a-4713-aa04-685a3a141a15:c10]
2019-10-24 11:47:40,724 [EventQueue-ContainerReportForContainerReportHandler] WARN  container.ContainerReportHandler (AbstractContainerReportHandler.java:updateContainerState(145)) - Container #1 is in OPEN state, but the datanode 6ef47ec4-f888-4c0a-9473-d3351b934030{ip: 192.168.157.222, host: pr-hdds-1701-wjnxn-4111008579, networkLocation: /default-rack, certSerialId: null} reports an CLOSED replica.
2019-10-24 11:47:40,833 [EventQueue-ContainerReportForContainerReportHandler] WARN  container.ContainerReportHandler (AbstractContainerReportHandler.java:updateContainerState(145)) - Container #1 is in OPEN state, but the datanode 9c614e94-540a-4713-aa04-685a3a141a15{ip: 192.168.157.222, host: pr-hdds-1701-wjnxn-4111008579, networkLocation: /default-rack, certSerialId: null} reports an CLOSED replica.
2019-10-24 11:47:40,837 [BlockDeletingService#2] WARN  background.BlockDeletingService (BlockDeletingService.java:isDeletionAllowed(187)) - Close Container log Index 6 is not replicated across allthe servers in the pipeline 376e765d-a5bf-4b1f-a23f-db82ea1b0560 as the min replicated index is 4. Deletion is not allowed in this container yet.
2019-10-24 11:47:40,839 [BlockDeletingService#2] WARN  background.BlockDeletingService (BlockDeletingService.java:isDeletionAllowed(187)) - Close Container log Index 6 is not replicated across allthe servers in the pipeline 376e765d-a5bf-4b1f-a23f-db82ea1b0560 as the min replicated index is 4. Deletion is not allowed in this container yet.
2019-10-24 11:47:41,025 [EventQueue-ContainerReportForContainerReportHandler] WARN  container.ContainerReportHandler (AbstractContainerReportHandler.java:updateContainerState(145)) - Container #1 is in OPEN state, but the datanode 6ef47ec4-f888-4c0a-9473-d3351b934030{ip: 192.168.157.222, host: pr-hdds-1701-wjnxn-4111008579, networkLocation: /default-rack, certSerialId: null} reports an CLOSED replica.
2019-10-24 11:47:41,033 [EventQueue-ContainerReportForContainerReportHandler] WARN  container.ContainerReportHandler (AbstractContainerReportHandler.java:updateContainerState(145)) - Container #1 is in OPEN state, but the datanode 9c614e94-540a-4713-aa04-685a3a141a15{ip: 192.168.157.222, host: pr-hdds-1701-wjnxn-4111008579, networkLocation: /default-rack, certSerialId: null} reports an CLOSED replica.
2019-10-24 11:47:41,324 [EventQueue-ContainerReportForContainerReportHandler] WARN  container.ContainerReportHandler (AbstractContainerReportHandler.java:updateContainerState(145)) - Container #1 is in OPEN state, but the datanode 6ef47ec4-f888-4c0a-9473-d3351b934030{ip: 192.168.157.222, host: pr-hdds-1701-wjnxn-4111008579, networkLocation: /default-rack, certSerialId: null} reports an CLOSED replica.
2019-10-24 11:47:41,434 [EventQueue-ContainerReportForContainerReportHandler] WARN  container.ContainerReportHandler (AbstractContainerReportHandler.java:updateContainerState(145)) - Container #1 is in OPEN state, but the datanode 9c614e94-540a-4713-aa04-685a3a141a15{ip: 192.168.157.222, host: pr-hdds-1701-wjnxn-4111008579, networkLocation: /default-rack, certSerialId: null} reports an CLOSED replica.
2019-10-24 11:47:41,625 [EventQueue-ContainerReportForContainerReportHandler] WARN  container.ContainerReportHandler (AbstractContainerReportHandler.java:updateContainerState(145)) - Container #1 is in OPEN state, but the datanode 6ef47ec4-f888-4c0a-9473-d3351b934030{ip: 192.168.157.222, host: pr-hdds-1701-wjnxn-4111008579, networkLocation: /default-rack, certSerialId: null} reports an CLOSED replica.
2019-10-24 11:47:41,663 [java.util.concurrent.ThreadPoolExecutor$Worker@67eec169[State = -1, empty queue]] WARN  server.GrpcLogAppender (GrpcLogAppender.java:timeoutAppendRequest(209)) - 6ef47ec4-f888-4c0a-9473-d3351b934030@group-DB82EA1B0560->c50ed3b6-ed09-4007-97fb-753acd29cc2b-GrpcLogAppender: appendEntries Timeout, request=6ef47ec4-f888-4c0a-9473-d3351b934030->c50ed3b6-ed09-4007-97fb-753acd29cc2b#43-t1, previous=(t:1, i:10), leaderCommit=10, initializing? false, entries: <empty>
2019-10-24 11:47:41,736 [EventQueue-ContainerReportForContainerReportHandler] WARN  container.ContainerReportHandler (AbstractContainerReportHandler.java:updateContainerState(145)) - Container #1 is in OPEN state, but the datanode 9c614e94-540a-4713-aa04-685a3a141a15{ip: 192.168.157.222, host: pr-hdds-1701-wjnxn-4111008579, networkLocation: /default-rack, certSerialId: null} reports an CLOSED replica.
2019-10-24 11:47:41,825 [EventQueue-ContainerReportForContainerReportHandler] WARN  container.ContainerReportHandler (AbstractContainerReportHandler.java:updateContainerState(145)) - Container #1 is in OPEN state, but the datanode 6ef47ec4-f888-4c0a-9473-d3351b934030{ip: 192.168.157.222, host: pr-hdds-1701-wjnxn-4111008579, networkLocation: /default-rack, certSerialId: null} reports an CLOSED replica.
2019-10-24 11:47:41,840 [BlockDeletingService#2] WARN  background.BlockDeletingService (BlockDeletingService.java:isDeletionAllowed(187)) - Close Container log Index 6 is not replicated across allthe servers in the pipeline 376e765d-a5bf-4b1f-a23f-db82ea1b0560 as the min replicated index is 4. Deletion is not allowed in this container yet.
2019-10-24 11:47:41,840 [BlockDeletingService#2] WARN  background.BlockDeletingService (BlockDeletingService.java:isDeletionAllowed(187)) - Close Container log Index 6 is not replicated across allthe servers in the pipeline 376e765d-a5bf-4b1f-a23f-db82ea1b0560 as the min replicated index is 4. Deletion is not allowed in this container yet.
2019-10-24 11:47:42,035 [EventQueue-ContainerReportForContainerReportHandler] WARN  container.ContainerReportHandler (AbstractContainerReportHandler.java:updateContainerState(145)) - Container #1 is in OPEN state, but the datanode 9c614e94-540a-4713-aa04-685a3a141a15{ip: 192.168.157.222, host: pr-hdds-1701-wjnxn-4111008579, networkLocation: /default-rack, certSerialId: null} reports an CLOSED replica.
2019-10-24 11:47:42,126 [EventQueue-ContainerReportForContainerReportHandler] WARN  container.ContainerReportHandler (AbstractContainerReportHandler.java:updateContainerState(145)) - Container #1 is in OPEN state, but the datanode 6ef47ec4-f888-4c0a-9473-d3351b934030{ip: 192.168.157.222, host: pr-hdds-1701-wjnxn-4111008579, networkLocation: /default-rack, certSerialId: null} reports an CLOSED replica.
2019-10-24 11:47:42,235 [EventQueue-ContainerReportForContainerReportHandler] WARN  container.ContainerReportHandler (AbstractContainerReportHandler.java:updateContainerState(145)) - Container #1 is in OPEN state, but the datanode 9c614e94-540a-4713-aa04-685a3a141a15{ip: 192.168.157.222, host: pr-hdds-1701-wjnxn-4111008579, networkLocation: /default-rack, certSerialId: null} reports an CLOSED replica.
2019-10-24 11:47:42,435 [EventQueue-ContainerReportForContainerReportHandler] WARN  container.ContainerReportHandler (AbstractContainerReportHandler.java:updateContainerState(145)) - Container #1 is in OPEN state, but the datanode 9c614e94-540a-4713-aa04-685a3a141a15{ip: 192.168.157.222, host: pr-hdds-1701-wjnxn-4111008579, networkLocation: /default-rack, certSerialId: null} reports an CLOSED replica.
2019-10-24 11:47:42,527 [EventQueue-ContainerReportForContainerReportHandler] WARN  container.ContainerReportHandler (AbstractContainerReportHandler.java:updateContainerState(145)) - Container #1 is in OPEN state, but the datanode 6ef47ec4-f888-4c0a-9473-d3351b934030{ip: 192.168.157.222, host: pr-hdds-1701-wjnxn-4111008579, networkLocation: /default-rack, certSerialId: null} reports an CLOSED replica.
2019-10-24 11:47:42,727 [EventQueue-ContainerReportForContainerReportHandler] WARN  container.ContainerReportHandler (AbstractContainerReportHandler.java:updateContainerState(145)) - Container #1 is in OPEN state, but the datanode 6ef47ec4-f888-4c0a-9473-d3351b934030{ip: 192.168.157.222, host: pr-hdds-1701-wjnxn-4111008579, networkLocation: /default-rack, certSerialId: null} reports an CLOSED replica.
2019-10-24 11:47:42,835 [EventQueue-ContainerReportForContainerReportHandler] WARN  container.ContainerReportHandler (AbstractContainerReportHandler.java:updateContainerState(145)) - Container #1 is in OPEN state, but the datanode 9c614e94-540a-4713-aa04-685a3a141a15{ip: 192.168.157.222, host: pr-hdds-1701-wjnxn-4111008579, networkLocation: /default-rack, certSerialId: null} reports an CLOSED replica.
2019-10-24 11:47:42,842 [BlockDeletingService#2] WARN  background.BlockDeletingService (BlockDeletingService.java:isDeletionAllowed(187)) - Close Container log Index 6 is not replicated across allthe servers in the pipeline 376e765d-a5bf-4b1f-a23f-db82ea1b0560 as the min replicated index is 4. Deletion is not allowed in this container yet.
2019-10-24 11:47:42,842 [BlockDeletingService#2] WARN  background.BlockDeletingService (BlockDeletingService.java:isDeletionAllowed(187)) - Close Container log Index 6 is not replicated across allthe servers in the pipeline 376e765d-a5bf-4b1f-a23f-db82ea1b0560 as the min replicated index is 4. Deletion is not allowed in this container yet.
2019-10-24 11:47:43,131 [EventQueue-ContainerReportForContainerReportHandler] WARN  container.ContainerReportHandler (AbstractContainerReportHandler.java:updateContainerState(145)) - Container #1 is in OPEN state, but the datanode 6ef47ec4-f888-4c0a-9473-d3351b934030{ip: 192.168.157.222, host: pr-hdds-1701-wjnxn-4111008579, networkLocation: /default-rack, certSerialId: null} reports an CLOSED replica.
2019-10-24 11:47:43,137 [EventQueue-ContainerReportForContainerReportHandler] WARN  container.ContainerReportHandler (AbstractContainerReportHandler.java:updateContainerState(145)) - Container #1 is in OPEN state, but the datanode 9c614e94-540a-4713-aa04-685a3a141a15{ip: 192.168.157.222, host: pr-hdds-1701-wjnxn-4111008579, networkLocation: /default-rack, certSerialId: null} reports an CLOSED replica.
2019-10-24 11:47:43,327 [EventQueue-ContainerReportForContainerReportHandler] WARN  container.ContainerReportHandler (AbstractContainerReportHandler.java:updateContainerState(145)) - Container #1 is in OPEN state, but the datanode 6ef47ec4-f888-4c0a-9473-d3351b934030{ip: 192.168.157.222, host: pr-hdds-1701-wjnxn-4111008579, networkLocation: /default-rack, certSerialId: null} reports an CLOSED replica.
2019-10-24 11:47:43,438 [EventQueue-ContainerReportForContainerReportHandler] WARN  container.ContainerReportHandler (AbstractContainerReportHandler.java:updateContainerState(145)) - Container #1 is in OPEN state, but the datanode 9c614e94-540a-4713-aa04-685a3a141a15{ip: 192.168.157.222, host: pr-hdds-1701-wjnxn-4111008579, networkLocation: /default-rack, certSerialId: null} reports an CLOSED replica.
2019-10-24 11:47:43,528 [EventQueue-ContainerReportForContainerReportHandler] WARN  container.ContainerReportHandler (AbstractContainerReportHandler.java:updateContainerState(145)) - Container #1 is in OPEN state, but the datanode 6ef47ec4-f888-4c0a-9473-d3351b934030{ip: 192.168.157.222, host: pr-hdds-1701-wjnxn-4111008579, networkLocation: /default-rack, certSerialId: null} reports an CLOSED replica.
2019-10-24 11:47:43,639 [EventQueue-ContainerReportForContainerReportHandler] WARN  container.ContainerReportHandler (AbstractContainerReportHandler.java:updateContainerState(145)) - Container #1 is in OPEN state, but the datanode 9c614e94-540a-4713-aa04-685a3a141a15{ip: 192.168.157.222, host: pr-hdds-1701-wjnxn-4111008579, networkLocation: /default-rack, certSerialId: null} reports an CLOSED replica.
2019-10-24 11:47:43,844 [BlockDeletingService#2] WARN  background.BlockDeletingService (BlockDeletingService.java:isDeletionAllowed(187)) - Close Container log Index 6 is not replicated across allthe servers in the pipeline 376e765d-a5bf-4b1f-a23f-db82ea1b0560 as the min replicated index is 4. Deletion is not allowed in this container yet.
2019-10-24 11:47:43,844 [BlockDeletingService#2] WARN  background.BlockDeletingService (BlockDeletingService.java:isDeletionAllowed(187)) - Close Container log Index 6 is not replicated across allthe servers in the pipeline 376e765d-a5bf-4b1f-a23f-db82ea1b0560 as the min replicated index is 4. Deletion is not allowed in this container yet.
2019-10-24 11:47:43,927 [EventQueue-ContainerReportForContainerReportHandler] WARN  container.ContainerReportHandler (AbstractContainerReportHandler.java:updateContainerState(145)) - Container #1 is in OPEN state, but the datanode 6ef47ec4-f888-4c0a-9473-d3351b934030{ip: 192.168.157.222, host: pr-hdds-1701-wjnxn-4111008579, networkLocation: /default-rack, certSerialId: null} reports an CLOSED replica.
2019-10-24 11:47:44,041 [EventQueue-ContainerReportForContainerReportHandler] WARN  container.ContainerReportHandler (AbstractContainerReportHandler.java:updateContainerState(145)) - Container #1 is in OPEN state, but the datanode 9c614e94-540a-4713-aa04-685a3a141a15{ip: 192.168.157.222, host: pr-hdds-1701-wjnxn-4111008579, networkLocation: /default-rack, certSerialId: null} reports an CLOSED replica.
2019-10-24 11:47:44,164 [java.util.concurrent.ThreadPoolExecutor$Worker@67eec169[State = -1, empty queue]] WARN  server.GrpcLogAppender (GrpcLogAppender.java:timeoutAppendRequest(209)) - 6ef47ec4-f888-4c0a-9473-d3351b934030@group-DB82EA1B0560->c50ed3b6-ed09-4007-97fb-753acd29cc2b-GrpcLogAppender: appendEntries Timeout, request=6ef47ec4-f888-4c0a-9473-d3351b934030->c50ed3b6-ed09-4007-97fb-753acd29cc2b#44-t1, previous=(t:1, i:10), leaderCommit=10, initializing? false, entries: <empty>
2019-10-24 11:47:44,327 [EventQueue-ContainerReportForContainerReportHandler] WARN  container.ContainerReportHandler (AbstractContainerReportHandler.java:updateContainerState(145)) - Container #1 is in OPEN state, but the datanode 6ef47ec4-f888-4c0a-9473-d3351b934030{ip: 192.168.157.222, host: pr-hdds-1701-wjnxn-4111008579, networkLocation: /default-rack, certSerialId: null} reports an CLOSED replica.
2019-10-24 11:47:44,342 [EventQueue-ContainerReportForContainerReportHandler] WARN  container.ContainerReportHandler (AbstractContainerReportHandler.java:updateContainerState(145)) - Container #1 is in OPEN state, but the datanode 9c614e94-540a-4713-aa04-685a3a141a15{ip: 192.168.157.222, host: pr-hdds-1701-wjnxn-4111008579, networkLocation: /default-rack, certSerialId: null} reports an CLOSED replica.
2019-10-24 11:47:44,528 [EventQueue-ContainerReportForContainerReportHandler] WARN  container.ContainerReportHandler (AbstractContainerReportHandler.java:updateContainerState(145)) - Container #1 is in OPEN state, but the datanode 6ef47ec4-f888-4c0a-9473-d3351b934030{ip: 192.168.157.222, host: pr-hdds-1701-wjnxn-4111008579, networkLocation: /default-rack, certSerialId: null} reports an CLOSED replica.
2019-10-24 11:47:44,542 [EventQueue-ContainerReportForContainerReportHandler] WARN  container.ContainerReportHandler (AbstractContainerReportHandler.java:updateContainerState(145)) - Container #1 is in OPEN state, but the datanode 9c614e94-540a-4713-aa04-685a3a141a15{ip: 192.168.157.222, host: pr-hdds-1701-wjnxn-4111008579, networkLocation: /default-rack, certSerialId: null} reports an CLOSED replica.
2019-10-24 11:47:44,843 [EventQueue-ContainerReportForContainerReportHandler] WARN  container.ContainerReportHandler (AbstractContainerReportHandler.java:updateContainerState(145)) - Container #1 is in OPEN state, but the datanode 9c614e94-540a-4713-aa04-685a3a141a15{ip: 192.168.157.222, host: pr-hdds-1701-wjnxn-4111008579, networkLocation: /default-rack, certSerialId: null} reports an CLOSED replica.
2019-10-24 11:47:44,848 [BlockDeletingService#2] WARN  background.BlockDeletingService (BlockDeletingService.java:isDeletionAllowed(187)) - Close Container log Index 6 is not replicated across allthe servers in the pipeline 376e765d-a5bf-4b1f-a23f-db82ea1b0560 as the min replicated index is 4. Deletion is not allowed in this container yet.
2019-10-24 11:47:44,848 [BlockDeletingService#2] WARN  background.BlockDeletingService (BlockDeletingService.java:isDeletionAllowed(187)) - Close Container log Index 6 is not replicated across allthe servers in the pipeline 376e765d-a5bf-4b1f-a23f-db82ea1b0560 as the min replicated index is 4. Deletion is not allowed in this container yet.
2019-10-24 11:47:44,927 [EventQueue-ContainerReportForContainerReportHandler] WARN  container.ContainerReportHandler (AbstractContainerReportHandler.java:updateContainerState(145)) - Container #1 is in OPEN state, but the datanode 6ef47ec4-f888-4c0a-9473-d3351b934030{ip: 192.168.157.222, host: pr-hdds-1701-wjnxn-4111008579, networkLocation: /default-rack, certSerialId: null} reports an CLOSED replica.
2019-10-24 11:47:45,227 [EventQueue-ContainerReportForContainerReportHandler] WARN  container.ContainerReportHandler (AbstractContainerReportHandler.java:updateContainerState(145)) - Container #1 is in OPEN state, but the datanode 6ef47ec4-f888-4c0a-9473-d3351b934030{ip: 192.168.157.222, host: pr-hdds-1701-wjnxn-4111008579, networkLocation: /default-rack, certSerialId: null} reports an CLOSED replica.
2019-10-24 11:47:45,243 [EventQueue-ContainerReportForContainerReportHandler] WARN  container.ContainerReportHandler (AbstractContainerReportHandler.java:updateContainerState(145)) - Container #1 is in OPEN state, but the datanode 9c614e94-540a-4713-aa04-685a3a141a15{ip: 192.168.157.222, host: pr-hdds-1701-wjnxn-4111008579, networkLocation: /default-rack, certSerialId: null} reports an CLOSED replica.
2019-10-24 11:47:45,528 [EventQueue-ContainerReportForContainerReportHandler] WARN  container.ContainerReportHandler (AbstractContainerReportHandler.java:updateContainerState(145)) - Container #1 is in OPEN state, but the datanode 6ef47ec4-f888-4c0a-9473-d3351b934030{ip: 192.168.157.222, host: pr-hdds-1701-wjnxn-4111008579, networkLocation: /default-rack, certSerialId: null} reports an CLOSED replica.
2019-10-24 11:47:45,545 [EventQueue-ContainerReportForContainerReportHandler] WARN  container.ContainerReportHandler (AbstractContainerReportHandler.java:updateContainerState(145)) - Container #1 is in OPEN state, but the datanode 9c614e94-540a-4713-aa04-685a3a141a15{ip: 192.168.157.222, host: pr-hdds-1701-wjnxn-4111008579, networkLocation: /default-rack, certSerialId: null} reports an CLOSED replica.
2019-10-24 11:47:45,829 [EventQueue-ContainerReportForContainerReportHandler] WARN  container.ContainerReportHandler (AbstractContainerReportHandler.java:updateContainerState(145)) - Container #1 is in OPEN state, but the datanode 6ef47ec4-f888-4c0a-9473-d3351b934030{ip: 192.168.157.222, host: pr-hdds-1701-wjnxn-4111008579, networkLocation: /default-rack, certSerialId: null} reports an CLOSED replica.
2019-10-24 11:47:45,845 [EventQueue-ContainerReportForContainerReportHandler] WARN  container.ContainerReportHandler (AbstractContainerReportHandler.java:updateContainerState(145)) - Container #1 is in OPEN state, but the datanode 9c614e94-540a-4713-aa04-685a3a141a15{ip: 192.168.157.222, host: pr-hdds-1701-wjnxn-4111008579, networkLocation: /default-rack, certSerialId: null} reports an CLOSED replica.
2019-10-24 11:47:45,851 [BlockDeletingService#2] WARN  background.BlockDeletingService (BlockDeletingService.java:isDeletionAllowed(187)) - Close Container log Index 6 is not replicated across allthe servers in the pipeline 376e765d-a5bf-4b1f-a23f-db82ea1b0560 as the min replicated index is 4. Deletion is not allowed in this container yet.
2019-10-24 11:47:45,851 [BlockDeletingService#2] WARN  background.BlockDeletingService (BlockDeletingService.java:isDeletionAllowed(187)) - Close Container log Index 6 is not replicated across allthe servers in the pipeline 376e765d-a5bf-4b1f-a23f-db82ea1b0560 as the min replicated index is 4. Deletion is not allowed in this container yet.
2019-10-24 11:47:46,145 [EventQueue-ContainerReportForContainerReportHandler] WARN  container.ContainerReportHandler (AbstractContainerReportHandler.java:updateContainerState(145)) - Container #1 is in OPEN state, but the datanode 9c614e94-540a-4713-aa04-685a3a141a15{ip: 192.168.157.222, host: pr-hdds-1701-wjnxn-4111008579, networkLocation: /default-rack, certSerialId: null} reports an CLOSED replica.
2019-10-24 11:47:46,230 [EventQueue-ContainerReportForContainerReportHandler] WARN  container.ContainerReportHandler (AbstractContainerReportHandler.java:updateContainerState(145)) - Container #1 is in OPEN state, but the datanode 6ef47ec4-f888-4c0a-9473-d3351b934030{ip: 192.168.157.222, host: pr-hdds-1701-wjnxn-4111008579, networkLocation: /default-rack, certSerialId: null} reports an CLOSED replica.
2019-10-24 11:47:46,431 [EventQueue-ContainerReportForContainerReportHandler] WARN  container.ContainerReportHandler (AbstractContainerReportHandler.java:updateContainerState(145)) - Container #1 is in OPEN state, but the datanode 6ef47ec4-f888-4c0a-9473-d3351b934030{ip: 192.168.157.222, host: pr-hdds-1701-wjnxn-4111008579, networkLocation: /default-rack, certSerialId: null} reports an CLOSED replica.
2019-10-24 11:47:46,445 [EventQueue-ContainerReportForContainerReportHandler] WARN  container.ContainerReportHandler (AbstractContainerReportHandler.java:updateContainerState(145)) - Container #1 is in OPEN state, but the datanode 9c614e94-540a-4713-aa04-685a3a141a15{ip: 192.168.157.222, host: pr-hdds-1701-wjnxn-4111008579, networkLocation: /default-rack, certSerialId: null} reports an CLOSED replica.
2019-10-24 11:47:46,667 [java.util.concurrent.ThreadPoolExecutor$Worker@67eec169[State = -1, empty queue]] WARN  server.GrpcLogAppender (GrpcLogAppender.java:timeoutAppendRequest(209)) - 6ef47ec4-f888-4c0a-9473-d3351b934030@group-DB82EA1B0560->c50ed3b6-ed09-4007-97fb-753acd29cc2b-GrpcLogAppender: appendEntries Timeout, request=6ef47ec4-f888-4c0a-9473-d3351b934030->c50ed3b6-ed09-4007-97fb-753acd29cc2b#45-t1, previous=(t:1, i:10), leaderCommit=10, initializing? false, entries: <empty>
2019-10-24 11:47:46,731 [EventQueue-ContainerReportForContainerReportHandler] WARN  container.ContainerReportHandler (AbstractContainerReportHandler.java:updateContainerState(145)) - Container #1 is in OPEN state, but the datanode 6ef47ec4-f888-4c0a-9473-d3351b934030{ip: 192.168.157.222, host: pr-hdds-1701-wjnxn-4111008579, networkLocation: /default-rack, certSerialId: null} reports an CLOSED replica.
2019-10-24 11:47:46,746 [EventQueue-ContainerReportForContainerReportHandler] WARN  container.ContainerReportHandler (AbstractContainerReportHandler.java:updateContainerState(145)) - Container #1 is in OPEN state, but the datanode 9c614e94-540a-4713-aa04-685a3a141a15{ip: 192.168.157.222, host: pr-hdds-1701-wjnxn-4111008579, networkLocation: /default-rack, certSerialId: null} reports an CLOSED replica.
2019-10-24 11:47:46,853 [BlockDeletingService#2] WARN  background.BlockDeletingService (BlockDeletingService.java:isDeletionAllowed(187)) - Close Container log Index 6 is not replicated across allthe servers in the pipeline 376e765d-a5bf-4b1f-a23f-db82ea1b0560 as the min replicated index is 4. Deletion is not allowed in this container yet.
2019-10-24 11:47:46,853 [BlockDeletingService#2] WARN  background.BlockDeletingService (BlockDeletingService.java:isDeletionAllowed(187)) - Close Container log Index 6 is not replicated across allthe servers in the pipeline 376e765d-a5bf-4b1f-a23f-db82ea1b0560 as the min replicated index is 4. Deletion is not allowed in this container yet.
2019-10-24 11:47:46,946 [EventQueue-ContainerReportForContainerReportHandler] WARN  container.ContainerReportHandler (AbstractContainerReportHandler.java:updateContainerState(145)) - Container #1 is in OPEN state, but the datanode 9c614e94-540a-4713-aa04-685a3a141a15{ip: 192.168.157.222, host: pr-hdds-1701-wjnxn-4111008579, networkLocation: /default-rack, certSerialId: null} reports an CLOSED replica.
2019-10-24 11:47:47,132 [EventQueue-ContainerReportForContainerReportHandler] WARN  container.ContainerReportHandler (AbstractContainerReportHandler.java:updateContainerState(145)) - Container #1 is in OPEN state, but the datanode 6ef47ec4-f888-4c0a-9473-d3351b934030{ip: 192.168.157.222, host: pr-hdds-1701-wjnxn-4111008579, networkLocation: /default-rack, certSerialId: null} reports an CLOSED replica.
2019-10-24 11:47:47,247 [EventQueue-ContainerReportForContainerReportHandler] WARN  container.ContainerReportHandler (AbstractContainerReportHandler.java:updateContainerState(145)) - Container #1 is in OPEN state, but the datanode 9c614e94-540a-4713-aa04-685a3a141a15{ip: 192.168.157.222, host: pr-hdds-1701-wjnxn-4111008579, networkLocation: /default-rack, certSerialId: null} reports an CLOSED replica.
2019-10-24 11:47:47,432 [EventQueue-ContainerReportForContainerReportHandler] WARN  container.ContainerReportHandler (AbstractContainerReportHandler.java:updateContainerState(145)) - Container #1 is in OPEN state, but the datanode 6ef47ec4-f888-4c0a-9473-d3351b934030{ip: 192.168.157.222, host: pr-hdds-1701-wjnxn-4111008579, networkLocation: /default-rack, certSerialId: null} reports an CLOSED replica.
2019-10-24 11:47:47,546 [EventQueue-ContainerReportForContainerReportHandler] WARN  container.ContainerReportHandler (AbstractContainerReportHandler.java:updateContainerState(145)) - Container #1 is in OPEN state, but the datanode 9c614e94-540a-4713-aa04-685a3a141a15{ip: 192.168.157.222, host: pr-hdds-1701-wjnxn-4111008579, networkLocation: /default-rack, certSerialId: null} reports an CLOSED replica.
2019-10-24 11:47:47,732 [EventQueue-ContainerReportForContainerReportHandler] WARN  container.ContainerReportHandler (AbstractContainerReportHandler.java:updateContainerState(145)) - Container #1 is in OPEN state, but the datanode 6ef47ec4-f888-4c0a-9473-d3351b934030{ip: 192.168.157.222, host: pr-hdds-1701-wjnxn-4111008579, networkLocation: /default-rack, certSerialId: null} reports an CLOSED replica.
2019-10-24 11:47:47,846 [EventQueue-ContainerReportForContainerReportHandler] WARN  container.ContainerReportHandler (AbstractContainerReportHandler.java:updateContainerState(145)) - Container #1 is in OPEN state, but the datanode 9c614e94-540a-4713-aa04-685a3a141a15{ip: 192.168.157.222, host: pr-hdds-1701-wjnxn-4111008579, networkLocation: /default-rack, certSerialId: null} reports an CLOSED replica.
2019-10-24 11:47:47,855 [BlockDeletingService#2] WARN  background.BlockDeletingService (BlockDeletingService.java:isDeletionAllowed(187)) - Close Container log Index 6 is not replicated across allthe servers in the pipeline 376e765d-a5bf-4b1f-a23f-db82ea1b0560 as the min replicated index is 4. Deletion is not allowed in this container yet.
2019-10-24 11:47:47,856 [BlockDeletingService#2] WARN  background.BlockDeletingService (BlockDeletingService.java:isDeletionAllowed(187)) - Close Container log Index 6 is not replicated across allthe servers in the pipeline 376e765d-a5bf-4b1f-a23f-db82ea1b0560 as the min replicated index is 4. Deletion is not allowed in this container yet.
2019-10-24 11:47:48,047 [EventQueue-ContainerReportForContainerReportHandler] WARN  container.ContainerReportHandler (AbstractContainerReportHandler.java:updateContainerState(145)) - Container #1 is in OPEN state, but the datanode 9c614e94-540a-4713-aa04-685a3a141a15{ip: 192.168.157.222, host: pr-hdds-1701-wjnxn-4111008579, networkLocation: /default-rack, certSerialId: null} reports an CLOSED replica.
2019-10-24 11:47:48,132 [EventQueue-ContainerReportForContainerReportHandler] WARN  container.ContainerReportHandler (AbstractContainerReportHandler.java:updateContainerState(145)) - Container #1 is in OPEN state, but the datanode 6ef47ec4-f888-4c0a-9473-d3351b934030{ip: 192.168.157.222, host: pr-hdds-1701-wjnxn-4111008579, networkLocation: /default-rack, certSerialId: null} reports an CLOSED replica.
2019-10-24 11:47:48,333 [EventQueue-ContainerReportForContainerReportHandler] WARN  container.ContainerReportHandler (AbstractContainerReportHandler.java:updateContainerState(145)) - Container #1 is in OPEN state, but the datanode 6ef47ec4-f888-4c0a-9473-d3351b934030{ip: 192.168.157.222, host: pr-hdds-1701-wjnxn-4111008579, networkLocation: /default-rack, certSerialId: null} reports an CLOSED replica.
2019-10-24 11:47:48,348 [EventQueue-ContainerReportForContainerReportHandler] WARN  container.ContainerReportHandler (AbstractContainerReportHandler.java:updateContainerState(145)) - Container #1 is in OPEN state, but the datanode 9c614e94-540a-4713-aa04-685a3a141a15{ip: 192.168.157.222, host: pr-hdds-1701-wjnxn-4111008579, networkLocation: /default-rack, certSerialId: null} reports an CLOSED replica.
2019-10-24 11:47:48,634 [EventQueue-ContainerReportForContainerReportHandler] WARN  container.ContainerReportHandler (AbstractContainerReportHandler.java:updateContainerState(145)) - Container #1 is in OPEN state, but the datanode 6ef47ec4-f888-4c0a-9473-d3351b934030{ip: 192.168.157.222, host: pr-hdds-1701-wjnxn-4111008579, networkLocation: /default-rack, certSerialId: null} reports an CLOSED replica.
2019-10-24 11:47:48,748 [EventQueue-ContainerReportForContainerReportHandler] WARN  container.ContainerReportHandler (AbstractContainerReportHandler.java:updateContainerState(145)) - Container #1 is in OPEN state, but the datanode 9c614e94-540a-4713-aa04-685a3a141a15{ip: 192.168.157.222, host: pr-hdds-1701-wjnxn-4111008579, networkLocation: /default-rack, certSerialId: null} reports an CLOSED replica.
2019-10-24 11:47:48,859 [BlockDeletingService#2] WARN  background.BlockDeletingService (BlockDeletingService.java:isDeletionAllowed(187)) - Close Container log Index 6 is not replicated across allthe servers in the pipeline 376e765d-a5bf-4b1f-a23f-db82ea1b0560 as the min replicated index is 4. Deletion is not allowed in this container yet.
2019-10-24 11:47:48,859 [BlockDeletingService#2] WARN  background.BlockDeletingService (BlockDeletingService.java:isDeletionAllowed(187)) - Close Container log Index 6 is not replicated across allthe servers in the pipeline 376e765d-a5bf-4b1f-a23f-db82ea1b0560 as the min replicated index is 4. Deletion is not allowed in this container yet.
2019-10-24 11:47:48,866 [Thread-498] INFO  client.GrpcClientProtocolService (GrpcClientProtocolService.java:lambda$processClientRequest$0(279)) - Failed RaftClientRequest:client-5229374272EA->9c614e94-540a-4713-aa04-685a3a141a15@group-DB82EA1B0560, cid=10, seq=0, Watch-ALL_COMMITTED(6), Message:<EMPTY>, reply=RaftClientReply:client-5229374272EA->9c614e94-540a-4713-aa04-685a3a141a15@group-DB82EA1B0560, cid=10, FAILED org.apache.ratis.protocol.NotLeaderException: Server 9c614e94-540a-4713-aa04-685a3a141a15@group-DB82EA1B0560 is not the leader 6ef47ec4-f888-4c0a-9473-d3351b934030:192.168.157.222:45627, logIndex=0, commits[9c614e94-540a-4713-aa04-685a3a141a15:c10, c50ed3b6-ed09-4007-97fb-753acd29cc2b:c4, 6ef47ec4-f888-4c0a-9473-d3351b934030:c10]
2019-10-24 11:47:48,935 [EventQueue-ContainerReportForContainerReportHandler] WARN  container.ContainerReportHandler (AbstractContainerReportHandler.java:updateContainerState(145)) - Container #1 is in OPEN state, but the datanode 6ef47ec4-f888-4c0a-9473-d3351b934030{ip: 192.168.157.222, host: pr-hdds-1701-wjnxn-4111008579, networkLocation: /default-rack, certSerialId: null} reports an CLOSED replica.
2019-10-24 11:47:49,048 [EventQueue-ContainerReportForContainerReportHandler] WARN  container.ContainerReportHandler (AbstractContainerReportHandler.java:updateContainerState(145)) - Container #1 is in OPEN state, but the datanode 9c614e94-540a-4713-aa04-685a3a141a15{ip: 192.168.157.222, host: pr-hdds-1701-wjnxn-4111008579, networkLocation: /default-rack, certSerialId: null} reports an CLOSED replica.
2019-10-24 11:47:49,169 [java.util.concurrent.ThreadPoolExecutor$Worker@67eec169[State = -1, empty queue]] WARN  server.GrpcLogAppender (GrpcLogAppender.java:timeoutAppendRequest(209)) - 6ef47ec4-f888-4c0a-9473-d3351b934030@group-DB82EA1B0560->c50ed3b6-ed09-4007-97fb-753acd29cc2b-GrpcLogAppender: appendEntries Timeout, request=6ef47ec4-f888-4c0a-9473-d3351b934030->c50ed3b6-ed09-4007-97fb-753acd29cc2b#46-t1, previous=(t:1, i:10), leaderCommit=10, initializing? false, entries: <empty>
2019-10-24 11:47:49,235 [EventQueue-ContainerReportForContainerReportHandler] WARN  container.ContainerReportHandler (AbstractContainerReportHandler.java:updateContainerState(145)) - Container #1 is in OPEN state, but the datanode 6ef47ec4-f888-4c0a-9473-d3351b934030{ip: 192.168.157.222, host: pr-hdds-1701-wjnxn-4111008579, networkLocation: /default-rack, certSerialId: null} reports an CLOSED replica.
2019-10-24 11:47:49,448 [EventQueue-ContainerReportForContainerReportHandler] WARN  container.ContainerReportHandler (AbstractContainerReportHandler.java:updateContainerState(145)) - Container #1 is in OPEN state, but the datanode 9c614e94-540a-4713-aa04-685a3a141a15{ip: 192.168.157.222, host: pr-hdds-1701-wjnxn-4111008579, networkLocation: /default-rack, certSerialId: null} reports an CLOSED replica.
2019-10-24 11:47:49,535 [EventQueue-ContainerReportForContainerReportHandler] WARN  container.ContainerReportHandler (AbstractContainerReportHandler.java:updateContainerState(145)) - Container #1 is in OPEN state, but the datanode 6ef47ec4-f888-4c0a-9473-d3351b934030{ip: 192.168.157.222, host: pr-hdds-1701-wjnxn-4111008579, networkLocation: /default-rack, certSerialId: null} reports an CLOSED replica.
2019-10-24 11:47:49,848 [EventQueue-ContainerReportForContainerReportHandler] WARN  container.ContainerReportHandler (AbstractContainerReportHandler.java:updateContainerState(145)) - Container #1 is in OPEN state, but the datanode 9c614e94-540a-4713-aa04-685a3a141a15{ip: 192.168.157.222, host: pr-hdds-1701-wjnxn-4111008579, networkLocation: /default-rack, certSerialId: null} reports an CLOSED replica.
2019-10-24 11:47:49,860 [BlockDeletingService#2] WARN  background.BlockDeletingService (BlockDeletingService.java:isDeletionAllowed(187)) - Close Container log Index 6 is not replicated across allthe servers in the pipeline 376e765d-a5bf-4b1f-a23f-db82ea1b0560 as the min replicated index is 4. Deletion is not allowed in this container yet.
2019-10-24 11:47:49,860 [BlockDeletingService#2] WARN  background.BlockDeletingService (BlockDeletingService.java:isDeletionAllowed(187)) - Close Container log Index 6 is not replicated across allthe servers in the pipeline 376e765d-a5bf-4b1f-a23f-db82ea1b0560 as the min replicated index is 4. Deletion is not allowed in this container yet.
2019-10-24 11:47:49,935 [EventQueue-ContainerReportForContainerReportHandler] WARN  container.ContainerReportHandler (AbstractContainerReportHandler.java:updateContainerState(145)) - Container #1 is in OPEN state, but the datanode 6ef47ec4-f888-4c0a-9473-d3351b934030{ip: 192.168.157.222, host: pr-hdds-1701-wjnxn-4111008579, networkLocation: /default-rack, certSerialId: null} reports an CLOSED replica.
2019-10-24 11:47:50,049 [EventQueue-ContainerReportForContainerReportHandler] WARN  container.ContainerReportHandler (AbstractContainerReportHandler.java:updateContainerState(145)) - Container #1 is in OPEN state, but the datanode 9c614e94-540a-4713-aa04-685a3a141a15{ip: 192.168.157.222, host: pr-hdds-1701-wjnxn-4111008579, networkLocation: /default-rack, certSerialId: null} reports an CLOSED replica.
2019-10-24 11:47:50,235 [EventQueue-ContainerReportForContainerReportHandler] WARN  container.ContainerReportHandler (AbstractContainerReportHandler.java:updateContainerState(145)) - Container #1 is in OPEN state, but the datanode 6ef47ec4-f888-4c0a-9473-d3351b934030{ip: 192.168.157.222, host: pr-hdds-1701-wjnxn-4111008579, networkLocation: /default-rack, certSerialId: null} reports an CLOSED replica.
2019-10-24 11:47:50,249 [EventQueue-ContainerReportForContainerReportHandler] WARN  container.ContainerReportHandler (AbstractContainerReportHandler.java:updateContainerState(145)) - Container #1 is in OPEN state, but the datanode 9c614e94-540a-4713-aa04-685a3a141a15{ip: 192.168.157.222, host: pr-hdds-1701-wjnxn-4111008579, networkLocation: /default-rack, certSerialId: null} reports an CLOSED replica.
2019-10-24 11:47:50,536 [EventQueue-ContainerReportForContainerReportHandler] WARN  container.ContainerReportHandler (AbstractContainerReportHandler.java:updateContainerState(145)) - Container #1 is in OPEN state, but the datanode 6ef47ec4-f888-4c0a-9473-d3351b934030{ip: 192.168.157.222, host: pr-hdds-1701-wjnxn-4111008579, networkLocation: /default-rack, certSerialId: null} reports an CLOSED replica.
2019-10-24 11:47:50,585 [Thread-503] INFO  client.GrpcClientProtocolService (GrpcClientProtocolService.java:lambda$processClientRequest$0(279)) - Failed RaftClientRequest:client-5229374272EA->6ef47ec4-f888-4c0a-9473-d3351b934030@group-DB82EA1B0560, cid=10, seq=0, Watch-ALL_COMMITTED(6), Message:<EMPTY>, reply=RaftClientReply:client-5229374272EA->6ef47ec4-f888-4c0a-9473-d3351b934030@group-DB82EA1B0560, cid=10, FAILED org.apache.ratis.protocol.NotReplicatedException: Request with call Id 10 and log index 6 is not yet replicated to ALL_COMMITTED, logIndex=6, commits[6ef47ec4-f888-4c0a-9473-d3351b934030:c10, c50ed3b6-ed09-4007-97fb-753acd29cc2b:c4, 9c614e94-540a-4713-aa04-685a3a141a15:c10]
2019-10-24 11:47:50,649 [EventQueue-ContainerReportForContainerReportHandler] WARN  container.ContainerReportHandler (AbstractContainerReportHandler.java:updateContainerState(145)) - Container #1 is in OPEN state, but the datanode 9c614e94-540a-4713-aa04-685a3a141a15{ip: 192.168.157.222, host: pr-hdds-1701-wjnxn-4111008579, networkLocation: /default-rack, certSerialId: null} reports an CLOSED replica.
2019-10-24 11:47:50,862 [BlockDeletingService#2] WARN  background.BlockDeletingService (BlockDeletingService.java:isDeletionAllowed(187)) - Close Container log Index 6 is not replicated across allthe servers in the pipeline 376e765d-a5bf-4b1f-a23f-db82ea1b0560 as the min replicated index is 4. Deletion is not allowed in this container yet.
2019-10-24 11:47:50,862 [BlockDeletingService#2] WARN  background.BlockDeletingService (BlockDeletingService.java:isDeletionAllowed(187)) - Close Container log Index 6 is not replicated across allthe servers in the pipeline 376e765d-a5bf-4b1f-a23f-db82ea1b0560 as the min replicated index is 4. Deletion is not allowed in this container yet.
2019-10-24 11:47:50,935 [EventQueue-ContainerReportForContainerReportHandler] WARN  container.ContainerReportHandler (AbstractContainerReportHandler.java:updateContainerState(145)) - Container #1 is in OPEN state, but the datanode 6ef47ec4-f888-4c0a-9473-d3351b934030{ip: 192.168.157.222, host: pr-hdds-1701-wjnxn-4111008579, networkLocation: /default-rack, certSerialId: null} reports an CLOSED replica.
2019-10-24 11:47:50,949 [EventQueue-ContainerReportForContainerReportHandler] WARN  container.ContainerReportHandler (AbstractContainerReportHandler.java:updateContainerState(145)) - Container #1 is in OPEN state, but the datanode 9c614e94-540a-4713-aa04-685a3a141a15{ip: 192.168.157.222, host: pr-hdds-1701-wjnxn-4111008579, networkLocation: /default-rack, certSerialId: null} reports an CLOSED replica.
2019-10-24 11:47:51,150 [EventQueue-ContainerReportForContainerReportHandler] WARN  container.ContainerReportHandler (AbstractContainerReportHandler.java:updateContainerState(145)) - Container #1 is in OPEN state, but the datanode 9c614e94-540a-4713-aa04-685a3a141a15{ip: 192.168.157.222, host: pr-hdds-1701-wjnxn-4111008579, networkLocation: /default-rack, certSerialId: null} reports an CLOSED replica.
2019-10-24 11:47:51,236 [EventQueue-ContainerReportForContainerReportHandler] WARN  container.ContainerReportHandler (AbstractContainerReportHandler.java:updateContainerState(145)) - Container #1 is in OPEN state, but the datanode 6ef47ec4-f888-4c0a-9473-d3351b934030{ip: 192.168.157.222, host: pr-hdds-1701-wjnxn-4111008579, networkLocation: /default-rack, certSerialId: null} reports an CLOSED replica.
2019-10-24 11:47:51,349 [EventQueue-ContainerReportForContainerReportHandler] WARN  container.ContainerReportHandler (AbstractContainerReportHandler.java:updateContainerState(145)) - Container #1 is in OPEN state, but the datanode 9c614e94-540a-4713-aa04-685a3a141a15{ip: 192.168.157.222, host: pr-hdds-1701-wjnxn-4111008579, networkLocation: /default-rack, certSerialId: null} reports an CLOSED replica.
2019-10-24 11:47:51,636 [EventQueue-ContainerReportForContainerReportHandler] WARN  container.ContainerReportHandler (AbstractContainerReportHandler.java:updateContainerState(145)) - Container #1 is in OPEN state, but the datanode 6ef47ec4-f888-4c0a-9473-d3351b934030{ip: 192.168.157.222, host: pr-hdds-1701-wjnxn-4111008579, networkLocation: /default-rack, certSerialId: null} reports an CLOSED replica.
2019-10-24 11:47:51,649 [EventQueue-ContainerReportForContainerReportHandler] WARN  container.ContainerReportHandler (AbstractContainerReportHandler.java:updateContainerState(145)) - Container #1 is in OPEN state, but the datanode 9c614e94-540a-4713-aa04-685a3a141a15{ip: 192.168.157.222, host: pr-hdds-1701-wjnxn-4111008579, networkLocation: /default-rack, certSerialId: null} reports an CLOSED replica.
2019-10-24 11:47:51,672 [java.util.concurrent.ThreadPoolExecutor$Worker@67eec169[State = -1, empty queue]] WARN  server.GrpcLogAppender (GrpcLogAppender.java:timeoutAppendRequest(209)) - 6ef47ec4-f888-4c0a-9473-d3351b934030@group-DB82EA1B0560->c50ed3b6-ed09-4007-97fb-753acd29cc2b-GrpcLogAppender: appendEntries Timeout, request=6ef47ec4-f888-4c0a-9473-d3351b934030->c50ed3b6-ed09-4007-97fb-753acd29cc2b#47-t1, previous=(t:1, i:10), leaderCommit=10, initializing? false, entries: <empty>
2019-10-24 11:47:51,836 [EventQueue-ContainerReportForContainerReportHandler] WARN  container.ContainerReportHandler (AbstractContainerReportHandler.java:updateContainerState(145)) - Container #1 is in OPEN state, but the datanode 6ef47ec4-f888-4c0a-9473-d3351b934030{ip: 192.168.157.222, host: pr-hdds-1701-wjnxn-4111008579, networkLocation: /default-rack, certSerialId: null} reports an CLOSED replica.
2019-10-24 11:47:51,849 [EventQueue-ContainerReportForContainerReportHandler] WARN  container.ContainerReportHandler (AbstractContainerReportHandler.java:updateContainerState(145)) - Container #1 is in OPEN state, but the datanode 9c614e94-540a-4713-aa04-685a3a141a15{ip: 192.168.157.222, host: pr-hdds-1701-wjnxn-4111008579, networkLocation: /default-rack, certSerialId: null} reports an CLOSED replica.
2019-10-24 11:47:51,866 [BlockDeletingService#2] WARN  background.BlockDeletingService (BlockDeletingService.java:isDeletionAllowed(187)) - Close Container log Index 6 is not replicated across allthe servers in the pipeline 376e765d-a5bf-4b1f-a23f-db82ea1b0560 as the min replicated index is 4. Deletion is not allowed in this container yet.
2019-10-24 11:47:51,866 [BlockDeletingService#2] WARN  background.BlockDeletingService (BlockDeletingService.java:isDeletionAllowed(187)) - Close Container log Index 6 is not replicated across allthe servers in the pipeline 376e765d-a5bf-4b1f-a23f-db82ea1b0560 as the min replicated index is 4. Deletion is not allowed in this container yet.
2019-10-24 11:47:52,150 [EventQueue-ContainerReportForContainerReportHandler] WARN  container.ContainerReportHandler (AbstractContainerReportHandler.java:updateContainerState(145)) - Container #1 is in OPEN state, but the datanode 9c614e94-540a-4713-aa04-685a3a141a15{ip: 192.168.157.222, host: pr-hdds-1701-wjnxn-4111008579, networkLocation: /default-rack, certSerialId: null} reports an CLOSED replica.
2019-10-24 11:47:52,236 [EventQueue-ContainerReportForContainerReportHandler] WARN  container.ContainerReportHandler (AbstractContainerReportHandler.java:updateContainerState(145)) - Container #1 is in OPEN state, but the datanode 6ef47ec4-f888-4c0a-9473-d3351b934030{ip: 192.168.157.222, host: pr-hdds-1701-wjnxn-4111008579, networkLocation: /default-rack, certSerialId: null} reports an CLOSED replica.
2019-10-24 11:47:52,537 [EventQueue-ContainerReportForContainerReportHandler] WARN  container.ContainerReportHandler (AbstractContainerReportHandler.java:updateContainerState(145)) - Container #1 is in OPEN state, but the datanode 6ef47ec4-f888-4c0a-9473-d3351b934030{ip: 192.168.157.222, host: pr-hdds-1701-wjnxn-4111008579, networkLocation: /default-rack, certSerialId: null} reports an CLOSED replica.
2019-10-24 11:47:52,550 [EventQueue-ContainerReportForContainerReportHandler] WARN  container.ContainerReportHandler (AbstractContainerReportHandler.java:updateContainerState(145)) - Container #1 is in OPEN state, but the datanode 9c614e94-540a-4713-aa04-685a3a141a15{ip: 192.168.157.222, host: pr-hdds-1701-wjnxn-4111008579, networkLocation: /default-rack, certSerialId: null} reports an CLOSED replica.
2019-10-24 11:47:52,738 [EventQueue-ContainerReportForContainerReportHandler] WARN  container.ContainerReportHandler (AbstractContainerReportHandler.java:updateContainerState(145)) - Container #1 is in OPEN state, but the datanode 6ef47ec4-f888-4c0a-9473-d3351b934030{ip: 192.168.157.222, host: pr-hdds-1701-wjnxn-4111008579, networkLocation: /default-rack, certSerialId: null} reports an CLOSED replica.
2019-10-24 11:47:52,850 [EventQueue-ContainerReportForContainerReportHandler] WARN  container.ContainerReportHandler (AbstractContainerReportHandler.java:updateContainerState(145)) - Container #1 is in OPEN state, but the datanode 9c614e94-540a-4713-aa04-685a3a141a15{ip: 192.168.157.222, host: pr-hdds-1701-wjnxn-4111008579, networkLocation: /default-rack, certSerialId: null} reports an CLOSED replica.
2019-10-24 11:47:52,868 [BlockDeletingService#2] WARN  background.BlockDeletingService (BlockDeletingService.java:isDeletionAllowed(187)) - Close Container log Index 6 is not replicated across allthe servers in the pipeline 376e765d-a5bf-4b1f-a23f-db82ea1b0560 as the min replicated index is 4. Deletion is not allowed in this container yet.
2019-10-24 11:47:52,868 [BlockDeletingService#2] WARN  background.BlockDeletingService (BlockDeletingService.java:isDeletionAllowed(187)) - Close Container log Index 6 is not replicated across allthe servers in the pipeline 376e765d-a5bf-4b1f-a23f-db82ea1b0560 as the min replicated index is 4. Deletion is not allowed in this container yet.
2019-10-24 11:47:53,038 [EventQueue-ContainerReportForContainerReportHandler] WARN  container.ContainerReportHandler (AbstractContainerReportHandler.java:updateContainerState(145)) - Container #1 is in OPEN state, but the datanode 6ef47ec4-f888-4c0a-9473-d3351b934030{ip: 192.168.157.222, host: pr-hdds-1701-wjnxn-4111008579, networkLocation: /default-rack, certSerialId: null} reports an CLOSED replica.
2019-10-24 11:47:53,252 [EventQueue-ContainerReportForContainerReportHandler] WARN  container.ContainerReportHandler (AbstractContainerReportHandler.java:updateContainerState(145)) - Container #1 is in OPEN state, but the datanode 9c614e94-540a-4713-aa04-685a3a141a15{ip: 192.168.157.222, host: pr-hdds-1701-wjnxn-4111008579, networkLocation: /default-rack, certSerialId: null} reports an CLOSED replica.
2019-10-24 11:47:53,439 [EventQueue-ContainerReportForContainerReportHandler] WARN  container.ContainerReportHandler (AbstractContainerReportHandler.java:updateContainerState(145)) - Container #1 is in OPEN state, but the datanode 6ef47ec4-f888-4c0a-9473-d3351b934030{ip: 192.168.157.222, host: pr-hdds-1701-wjnxn-4111008579, networkLocation: /default-rack, certSerialId: null} reports an CLOSED replica.
2019-10-24 11:47:53,551 [EventQueue-ContainerReportForContainerReportHandler] WARN  container.ContainerReportHandler (AbstractContainerReportHandler.java:updateContainerState(145)) - Container #1 is in OPEN state, but the datanode 9c614e94-540a-4713-aa04-685a3a141a15{ip: 192.168.157.222, host: pr-hdds-1701-wjnxn-4111008579, networkLocation: /default-rack, certSerialId: null} reports an CLOSED replica.
2019-10-24 11:47:53,842 [EventQueue-ContainerReportForContainerReportHandler] WARN  container.ContainerReportHandler (AbstractContainerReportHandler.java:updateContainerState(145)) - Container #1 is in OPEN state, but the datanode 6ef47ec4-f888-4c0a-9473-d3351b934030{ip: 192.168.157.222, host: pr-hdds-1701-wjnxn-4111008579, networkLocation: /default-rack, certSerialId: null} reports an CLOSED replica.
2019-10-24 11:47:53,870 [BlockDeletingService#2] WARN  background.BlockDeletingService (BlockDeletingService.java:isDeletionAllowed(187)) - Close Container log Index 6 is not replicated across allthe servers in the pipeline 376e765d-a5bf-4b1f-a23f-db82ea1b0560 as the min replicated index is 4. Deletion is not allowed in this container yet.
2019-10-24 11:47:53,870 [BlockDeletingService#2] WARN  background.BlockDeletingService (BlockDeletingService.java:isDeletionAllowed(187)) - Close Container log Index 6 is not replicated across allthe servers in the pipeline 376e765d-a5bf-4b1f-a23f-db82ea1b0560 as the min replicated index is 4. Deletion is not allowed in this container yet.
2019-10-24 11:47:53,951 [EventQueue-ContainerReportForContainerReportHandler] WARN  container.ContainerReportHandler (AbstractContainerReportHandler.java:updateContainerState(145)) - Container #1 is in OPEN state, but the datanode 9c614e94-540a-4713-aa04-685a3a141a15{ip: 192.168.157.222, host: pr-hdds-1701-wjnxn-4111008579, networkLocation: /default-rack, certSerialId: null} reports an CLOSED replica.
2019-10-24 11:47:54,042 [EventQueue-ContainerReportForContainerReportHandler] WARN  container.ContainerReportHandler (AbstractContainerReportHandler.java:updateContainerState(145)) - Container #1 is in OPEN state, but the datanode 6ef47ec4-f888-4c0a-9473-d3351b934030{ip: 192.168.157.222, host: pr-hdds-1701-wjnxn-4111008579, networkLocation: /default-rack, certSerialId: null} reports an CLOSED replica.
2019-10-24 11:47:54,151 [EventQueue-ContainerReportForContainerReportHandler] WARN  container.ContainerReportHandler (AbstractContainerReportHandler.java:updateContainerState(145)) - Container #1 is in OPEN state, but the datanode 9c614e94-540a-4713-aa04-685a3a141a15{ip: 192.168.157.222, host: pr-hdds-1701-wjnxn-4111008579, networkLocation: /default-rack, certSerialId: null} reports an CLOSED replica.
2019-10-24 11:47:54,174 [java.util.concurrent.ThreadPoolExecutor$Worker@67eec169[State = -1, empty queue]] WARN  server.GrpcLogAppender (GrpcLogAppender.java:timeoutAppendRequest(209)) - 6ef47ec4-f888-4c0a-9473-d3351b934030@group-DB82EA1B0560->c50ed3b6-ed09-4007-97fb-753acd29cc2b-GrpcLogAppender: appendEntries Timeout, request=6ef47ec4-f888-4c0a-9473-d3351b934030->c50ed3b6-ed09-4007-97fb-753acd29cc2b#48-t1, previous=(t:1, i:10), leaderCommit=10, initializing? false, entries: <empty>
2019-10-24 11:47:54,242 [EventQueue-ContainerReportForContainerReportHandler] WARN  container.ContainerReportHandler (AbstractContainerReportHandler.java:updateContainerState(145)) - Container #1 is in OPEN state, but the datanode 6ef47ec4-f888-4c0a-9473-d3351b934030{ip: 192.168.157.222, host: pr-hdds-1701-wjnxn-4111008579, networkLocation: /default-rack, certSerialId: null} reports an CLOSED replica.
2019-10-24 11:47:54,351 [EventQueue-ContainerReportForContainerReportHandler] WARN  container.ContainerReportHandler (AbstractContainerReportHandler.java:updateContainerState(145)) - Container #1 is in OPEN state, but the datanode 9c614e94-540a-4713-aa04-685a3a141a15{ip: 192.168.157.222, host: pr-hdds-1701-wjnxn-4111008579, networkLocation: /default-rack, certSerialId: null} reports an CLOSED replica.
2019-10-24 11:47:54,442 [EventQueue-ContainerReportForContainerReportHandler] WARN  container.ContainerReportHandler (AbstractContainerReportHandler.java:updateContainerState(145)) - Container #1 is in OPEN state, but the datanode 6ef47ec4-f888-4c0a-9473-d3351b934030{ip: 192.168.157.222, host: pr-hdds-1701-wjnxn-4111008579, networkLocation: /default-rack, certSerialId: null} reports an CLOSED replica.
2019-10-24 11:47:54,642 [EventQueue-ContainerReportForContainerReportHandler] WARN  container.ContainerReportHandler (AbstractContainerReportHandler.java:updateContainerState(145)) - Container #1 is in OPEN state, but the datanode 6ef47ec4-f888-4c0a-9473-d3351b934030{ip: 192.168.157.222, host: pr-hdds-1701-wjnxn-4111008579, networkLocation: /default-rack, certSerialId: null} reports an CLOSED replica.
2019-10-24 11:47:54,651 [EventQueue-ContainerReportForContainerReportHandler] WARN  container.ContainerReportHandler (AbstractContainerReportHandler.java:updateContainerState(145)) - Container #1 is in OPEN state, but the datanode 9c614e94-540a-4713-aa04-685a3a141a15{ip: 192.168.157.222, host: pr-hdds-1701-wjnxn-4111008579, networkLocation: /default-rack, certSerialId: null} reports an CLOSED replica.
2019-10-24 11:47:54,851 [EventQueue-ContainerReportForContainerReportHandler] WARN  container.ContainerReportHandler (AbstractContainerReportHandler.java:updateContainerState(145)) - Container #1 is in OPEN state, but the datanode 9c614e94-540a-4713-aa04-685a3a141a15{ip: 192.168.157.222, host: pr-hdds-1701-wjnxn-4111008579, networkLocation: /default-rack, certSerialId: null} reports an CLOSED replica.
2019-10-24 11:47:54,873 [BlockDeletingService#2] WARN  background.BlockDeletingService (BlockDeletingService.java:isDeletionAllowed(187)) - Close Container log Index 6 is not replicated across allthe servers in the pipeline 376e765d-a5bf-4b1f-a23f-db82ea1b0560 as the min replicated index is 4. Deletion is not allowed in this container yet.
2019-10-24 11:47:54,873 [BlockDeletingService#2] WARN  background.BlockDeletingService (BlockDeletingService.java:isDeletionAllowed(187)) - Close Container log Index 6 is not replicated across allthe servers in the pipeline 376e765d-a5bf-4b1f-a23f-db82ea1b0560 as the min replicated index is 4. Deletion is not allowed in this container yet.
2019-10-24 11:47:54,943 [EventQueue-ContainerReportForContainerReportHandler] WARN  container.ContainerReportHandler (AbstractContainerReportHandler.java:updateContainerState(145)) - Container #1 is in OPEN state, but the datanode 6ef47ec4-f888-4c0a-9473-d3351b934030{ip: 192.168.157.222, host: pr-hdds-1701-wjnxn-4111008579, networkLocation: /default-rack, certSerialId: null} reports an CLOSED replica.
2019-10-24 11:47:55,142 [EventQueue-ContainerReportForContainerReportHandler] WARN  container.ContainerReportHandler (AbstractContainerReportHandler.java:updateContainerState(145)) - Container #1 is in OPEN state, but the datanode 6ef47ec4-f888-4c0a-9473-d3351b934030{ip: 192.168.157.222, host: pr-hdds-1701-wjnxn-4111008579, networkLocation: /default-rack, certSerialId: null} reports an CLOSED replica.
2019-10-24 11:47:55,251 [EventQueue-ContainerReportForContainerReportHandler] WARN  container.ContainerReportHandler (AbstractContainerReportHandler.java:updateContainerState(145)) - Container #1 is in OPEN state, but the datanode 9c614e94-540a-4713-aa04-685a3a141a15{ip: 192.168.157.222, host: pr-hdds-1701-wjnxn-4111008579, networkLocation: /default-rack, certSerialId: null} reports an CLOSED replica.
2019-10-24 11:47:55,442 [EventQueue-ContainerReportForContainerReportHandler] WARN  container.ContainerReportHandler (AbstractContainerReportHandler.java:updateContainerState(145)) - Container #1 is in OPEN state, but the datanode 6ef47ec4-f888-4c0a-9473-d3351b934030{ip: 192.168.157.222, host: pr-hdds-1701-wjnxn-4111008579, networkLocation: /default-rack, certSerialId: null} reports an CLOSED replica.
2019-10-24 11:47:55,551 [EventQueue-ContainerReportForContainerReportHandler] WARN  container.ContainerReportHandler (AbstractContainerReportHandler.java:updateContainerState(145)) - Container #1 is in OPEN state, but the datanode 9c614e94-540a-4713-aa04-685a3a141a15{ip: 192.168.157.222, host: pr-hdds-1701-wjnxn-4111008579, networkLocation: /default-rack, certSerialId: null} reports an CLOSED replica.
2019-10-24 11:47:55,843 [EventQueue-ContainerReportForContainerReportHandler] WARN  container.ContainerReportHandler (AbstractContainerReportHandler.java:updateContainerState(145)) - Container #1 is in OPEN state, but the datanode 6ef47ec4-f888-4c0a-9473-d3351b934030{ip: 192.168.157.222, host: pr-hdds-1701-wjnxn-4111008579, networkLocation: /default-rack, certSerialId: null} reports an CLOSED replica.
2019-10-24 11:47:55,876 [BlockDeletingService#2] WARN  background.BlockDeletingService (BlockDeletingService.java:isDeletionAllowed(187)) - Close Container log Index 6 is not replicated across allthe servers in the pipeline 376e765d-a5bf-4b1f-a23f-db82ea1b0560 as the min replicated index is 4. Deletion is not allowed in this container yet.
2019-10-24 11:47:55,876 [BlockDeletingService#2] WARN  background.BlockDeletingService (BlockDeletingService.java:isDeletionAllowed(187)) - Close Container log Index 6 is not replicated across allthe servers in the pipeline 376e765d-a5bf-4b1f-a23f-db82ea1b0560 as the min replicated index is 4. Deletion is not allowed in this container yet.
2019-10-24 11:47:55,951 [EventQueue-ContainerReportForContainerReportHandler] WARN  container.ContainerReportHandler (AbstractContainerReportHandler.java:updateContainerState(145)) - Container #1 is in OPEN state, but the datanode 9c614e94-540a-4713-aa04-685a3a141a15{ip: 192.168.157.222, host: pr-hdds-1701-wjnxn-4111008579, networkLocation: /default-rack, certSerialId: null} reports an CLOSED replica.
2019-10-24 11:47:56,043 [EventQueue-ContainerReportForContainerReportHandler] WARN  container.ContainerReportHandler (AbstractContainerReportHandler.java:updateContainerState(145)) - Container #1 is in OPEN state, but the datanode 6ef47ec4-f888-4c0a-9473-d3351b934030{ip: 192.168.157.222, host: pr-hdds-1701-wjnxn-4111008579, networkLocation: /default-rack, certSerialId: null} reports an CLOSED replica.
2019-10-24 11:47:56,151 [EventQueue-ContainerReportForContainerReportHandler] WARN  container.ContainerReportHandler (AbstractContainerReportHandler.java:updateContainerState(145)) - Container #1 is in OPEN state, but the datanode 9c614e94-540a-4713-aa04-685a3a141a15{ip: 192.168.157.222, host: pr-hdds-1701-wjnxn-4111008579, networkLocation: /default-rack, certSerialId: null} reports an CLOSED replica.
2019-10-24 11:47:56,344 [EventQueue-ContainerReportForContainerReportHandler] WARN  container.ContainerReportHandler (AbstractContainerReportHandler.java:updateContainerState(145)) - Container #1 is in OPEN state, but the datanode 6ef47ec4-f888-4c0a-9473-d3351b934030{ip: 192.168.157.222, host: pr-hdds-1701-wjnxn-4111008579, networkLocation: /default-rack, certSerialId: null} reports an CLOSED replica.
2019-10-24 11:47:56,351 [EventQueue-ContainerReportForContainerReportHandler] WARN  container.ContainerReportHandler (AbstractContainerReportHandler.java:updateContainerState(145)) - Container #1 is in OPEN state, but the datanode 9c614e94-540a-4713-aa04-685a3a141a15{ip: 192.168.157.222, host: pr-hdds-1701-wjnxn-4111008579, networkLocation: /default-rack, certSerialId: null} reports an CLOSED replica.
2019-10-24 11:47:56,544 [EventQueue-ContainerReportForContainerReportHandler] WARN  container.ContainerReportHandler (AbstractContainerReportHandler.java:updateContainerState(145)) - Container #1 is in OPEN state, but the datanode 6ef47ec4-f888-4c0a-9473-d3351b934030{ip: 192.168.157.222, host: pr-hdds-1701-wjnxn-4111008579, networkLocation: /default-rack, certSerialId: null} reports an CLOSED replica.
2019-10-24 11:47:56,651 [EventQueue-ContainerReportForContainerReportHandler] WARN  container.ContainerReportHandler (AbstractContainerReportHandler.java:updateContainerState(145)) - Container #1 is in OPEN state, but the datanode 9c614e94-540a-4713-aa04-685a3a141a15{ip: 192.168.157.222, host: pr-hdds-1701-wjnxn-4111008579, networkLocation: /default-rack, certSerialId: null} reports an CLOSED replica.
2019-10-24 11:47:56,677 [java.util.concurrent.ThreadPoolExecutor$Worker@67eec169[State = -1, empty queue]] WARN  server.GrpcLogAppender (GrpcLogAppender.java:timeoutAppendRequest(209)) - 6ef47ec4-f888-4c0a-9473-d3351b934030@group-DB82EA1B0560->c50ed3b6-ed09-4007-97fb-753acd29cc2b-GrpcLogAppender: appendEntries Timeout, request=6ef47ec4-f888-4c0a-9473-d3351b934030->c50ed3b6-ed09-4007-97fb-753acd29cc2b#49-t1, previous=(t:1, i:10), leaderCommit=10, initializing? false, entries: <empty>
2019-10-24 11:47:56,879 [BlockDeletingService#2] WARN  background.BlockDeletingService (BlockDeletingService.java:isDeletionAllowed(187)) - Close Container log Index 6 is not replicated across allthe servers in the pipeline 376e765d-a5bf-4b1f-a23f-db82ea1b0560 as the min replicated index is 4. Deletion is not allowed in this container yet.
2019-10-24 11:47:56,879 [BlockDeletingService#2] WARN  background.BlockDeletingService (BlockDeletingService.java:isDeletionAllowed(187)) - Close Container log Index 6 is not replicated across allthe servers in the pipeline 376e765d-a5bf-4b1f-a23f-db82ea1b0560 as the min replicated index is 4. Deletion is not allowed in this container yet.
2019-10-24 11:47:56,944 [EventQueue-ContainerReportForContainerReportHandler] WARN  container.ContainerReportHandler (AbstractContainerReportHandler.java:updateContainerState(145)) - Container #1 is in OPEN state, but the datanode 6ef47ec4-f888-4c0a-9473-d3351b934030{ip: 192.168.157.222, host: pr-hdds-1701-wjnxn-4111008579, networkLocation: /default-rack, certSerialId: null} reports an CLOSED replica.
2019-10-24 11:47:57,054 [EventQueue-ContainerReportForContainerReportHandler] WARN  container.ContainerReportHandler (AbstractContainerReportHandler.java:updateContainerState(145)) - Container #1 is in OPEN state, but the datanode 9c614e94-540a-4713-aa04-685a3a141a15{ip: 192.168.157.222, host: pr-hdds-1701-wjnxn-4111008579, networkLocation: /default-rack, certSerialId: null} reports an CLOSED replica.
2019-10-24 11:47:57,246 [EventQueue-ContainerReportForContainerReportHandler] WARN  container.ContainerReportHandler (AbstractContainerReportHandler.java:updateContainerState(145)) - Container #1 is in OPEN state, but the datanode 6ef47ec4-f888-4c0a-9473-d3351b934030{ip: 192.168.157.222, host: pr-hdds-1701-wjnxn-4111008579, networkLocation: /default-rack, certSerialId: null} reports an CLOSED replica.
2019-10-24 11:47:57,253 [EventQueue-ContainerReportForContainerReportHandler] WARN  container.ContainerReportHandler (AbstractContainerReportHandler.java:updateContainerState(145)) - Container #1 is in OPEN state, but the datanode 9c614e94-540a-4713-aa04-685a3a141a15{ip: 192.168.157.222, host: pr-hdds-1701-wjnxn-4111008579, networkLocation: /default-rack, certSerialId: null} reports an CLOSED replica.
2019-10-24 11:47:57,547 [EventQueue-ContainerReportForContainerReportHandler] WARN  container.ContainerReportHandler (AbstractContainerReportHandler.java:updateContainerState(145)) - Container #1 is in OPEN state, but the datanode 6ef47ec4-f888-4c0a-9473-d3351b934030{ip: 192.168.157.222, host: pr-hdds-1701-wjnxn-4111008579, networkLocation: /default-rack, certSerialId: null} reports an CLOSED replica.
2019-10-24 11:47:57,553 [EventQueue-ContainerReportForContainerReportHandler] WARN  container.ContainerReportHandler (AbstractContainerReportHandler.java:updateContainerState(145)) - Container #1 is in OPEN state, but the datanode 9c614e94-540a-4713-aa04-685a3a141a15{ip: 192.168.157.222, host: pr-hdds-1701-wjnxn-4111008579, networkLocation: /default-rack, certSerialId: null} reports an CLOSED replica.
2019-10-24 11:47:57,846 [EventQueue-ContainerReportForContainerReportHandler] WARN  container.ContainerReportHandler (AbstractContainerReportHandler.java:updateContainerState(145)) - Container #1 is in OPEN state, but the datanode 6ef47ec4-f888-4c0a-9473-d3351b934030{ip: 192.168.157.222, host: pr-hdds-1701-wjnxn-4111008579, networkLocation: /default-rack, certSerialId: null} reports an CLOSED replica.
2019-10-24 11:47:57,853 [EventQueue-ContainerReportForContainerReportHandler] WARN  container.ContainerReportHandler (AbstractContainerReportHandler.java:updateContainerState(145)) - Container #1 is in OPEN state, but the datanode 9c614e94-540a-4713-aa04-685a3a141a15{ip: 192.168.157.222, host: pr-hdds-1701-wjnxn-4111008579, networkLocation: /default-rack, certSerialId: null} reports an CLOSED replica.
2019-10-24 11:47:57,882 [BlockDeletingService#2] WARN  background.BlockDeletingService (BlockDeletingService.java:isDeletionAllowed(187)) - Close Container log Index 6 is not replicated across allthe servers in the pipeline 376e765d-a5bf-4b1f-a23f-db82ea1b0560 as the min replicated index is 4. Deletion is not allowed in this container yet.
2019-10-24 11:47:57,882 [BlockDeletingService#2] WARN  background.BlockDeletingService (BlockDeletingService.java:isDeletionAllowed(187)) - Close Container log Index 6 is not replicated across allthe servers in the pipeline 376e765d-a5bf-4b1f-a23f-db82ea1b0560 as the min replicated index is 4. Deletion is not allowed in this container yet.
2019-10-24 11:47:57,899 [Thread-525] INFO  client.GrpcClientProtocolService (GrpcClientProtocolService.java:lambda$processClientRequest$0(279)) - Failed RaftClientRequest:client-5229374272EA->9c614e94-540a-4713-aa04-685a3a141a15@group-DB82EA1B0560, cid=10, seq=0, Watch-ALL_COMMITTED(6), Message:<EMPTY>, reply=RaftClientReply:client-5229374272EA->9c614e94-540a-4713-aa04-685a3a141a15@group-DB82EA1B0560, cid=10, FAILED org.apache.ratis.protocol.NotLeaderException: Server 9c614e94-540a-4713-aa04-685a3a141a15@group-DB82EA1B0560 is not the leader 6ef47ec4-f888-4c0a-9473-d3351b934030:192.168.157.222:45627, logIndex=0, commits[9c614e94-540a-4713-aa04-685a3a141a15:c10, c50ed3b6-ed09-4007-97fb-753acd29cc2b:c4, 6ef47ec4-f888-4c0a-9473-d3351b934030:c10]
2019-10-24 11:47:58,153 [EventQueue-ContainerReportForContainerReportHandler] WARN  container.ContainerReportHandler (AbstractContainerReportHandler.java:updateContainerState(145)) - Container #1 is in OPEN state, but the datanode 9c614e94-540a-4713-aa04-685a3a141a15{ip: 192.168.157.222, host: pr-hdds-1701-wjnxn-4111008579, networkLocation: /default-rack, certSerialId: null} reports an CLOSED replica.
2019-10-24 11:47:58,246 [EventQueue-ContainerReportForContainerReportHandler] WARN  container.ContainerReportHandler (AbstractContainerReportHandler.java:updateContainerState(145)) - Container #1 is in OPEN state, but the datanode 6ef47ec4-f888-4c0a-9473-d3351b934030{ip: 192.168.157.222, host: pr-hdds-1701-wjnxn-4111008579, networkLocation: /default-rack, certSerialId: null} reports an CLOSED replica.
2019-10-24 11:47:58,251 [EventQueue-StaleNodeForStaleNodeHandler] INFO  node.StaleNodeHandler (StaleNodeHandler.java:onMessage(58)) - Datanode c50ed3b6-ed09-4007-97fb-753acd29cc2b{ip: 192.168.157.222, host: pr-hdds-1701-wjnxn-4111008579, networkLocation: /default-rack, certSerialId: null} moved to stale state. Finalizing its pipelines [PipelineID=b5f70217-80fc-4bfb-a29a-3e0925291158, PipelineID=376e765d-a5bf-4b1f-a23f-db82ea1b0560]
2019-10-24 11:47:58,253 [EventQueue-StaleNodeForStaleNodeHandler] INFO  pipeline.SCMPipelineManager (SCMPipelineManager.java:finalizeAndDestroyPipeline(315)) - destroying pipeline:Pipeline[ Id: b5f70217-80fc-4bfb-a29a-3e0925291158, Nodes: c50ed3b6-ed09-4007-97fb-753acd29cc2b{ip: 192.168.157.222, host: pr-hdds-1701-wjnxn-4111008579, networkLocation: /default-rack, certSerialId: null}, Type:RATIS, Factor:ONE, State:OPEN]
2019-10-24 11:47:58,255 [EventQueue-StaleNodeForStaleNodeHandler] INFO  pipeline.PipelineStateManager (PipelineStateManager.java:finalizePipeline(123)) - Pipeline Pipeline[ Id: b5f70217-80fc-4bfb-a29a-3e0925291158, Nodes: c50ed3b6-ed09-4007-97fb-753acd29cc2b{ip: 192.168.157.222, host: pr-hdds-1701-wjnxn-4111008579, networkLocation: /default-rack, certSerialId: null}, Type:RATIS, Factor:ONE, State:CLOSED] moved to CLOSED state
2019-10-24 11:47:58,257 [EventQueue-StaleNodeForStaleNodeHandler] INFO  pipeline.SCMPipelineManager (SCMPipelineManager.java:finalizeAndDestroyPipeline(315)) - destroying pipeline:Pipeline[ Id: 376e765d-a5bf-4b1f-a23f-db82ea1b0560, Nodes: 9c614e94-540a-4713-aa04-685a3a141a15{ip: 192.168.157.222, host: pr-hdds-1701-wjnxn-4111008579, networkLocation: /default-rack, certSerialId: null}c50ed3b6-ed09-4007-97fb-753acd29cc2b{ip: 192.168.157.222, host: pr-hdds-1701-wjnxn-4111008579, networkLocation: /default-rack, certSerialId: null}6ef47ec4-f888-4c0a-9473-d3351b934030{ip: 192.168.157.222, host: pr-hdds-1701-wjnxn-4111008579, networkLocation: /default-rack, certSerialId: null}, Type:RATIS, Factor:THREE, State:OPEN]
2019-10-24 11:47:58,257 [EventQueue-StaleNodeForStaleNodeHandler] INFO  pipeline.PipelineStateManager (PipelineStateManager.java:finalizePipeline(123)) - Pipeline Pipeline[ Id: 376e765d-a5bf-4b1f-a23f-db82ea1b0560, Nodes: 9c614e94-540a-4713-aa04-685a3a141a15{ip: 192.168.157.222, host: pr-hdds-1701-wjnxn-4111008579, networkLocation: /default-rack, certSerialId: null}c50ed3b6-ed09-4007-97fb-753acd29cc2b{ip: 192.168.157.222, host: pr-hdds-1701-wjnxn-4111008579, networkLocation: /default-rack, certSerialId: null}6ef47ec4-f888-4c0a-9473-d3351b934030{ip: 192.168.157.222, host: pr-hdds-1701-wjnxn-4111008579, networkLocation: /default-rack, certSerialId: null}, Type:RATIS, Factor:THREE, State:CLOSED] moved to CLOSED state
2019-10-24 11:47:58,258 [EventQueue-CloseContainerForCloseContainerEventHandler] INFO  container.CloseContainerEventHandler (CloseContainerEventHandler.java:onMessage(61)) - Close container Event triggered for container : #1
2019-10-24 11:47:58,454 [EventQueue-ContainerReportForContainerReportHandler] INFO  container.ContainerReportHandler (AbstractContainerReportHandler.java:updateContainerState(178)) - Moving container #1 to CLOSED state, datanode 9c614e94-540a-4713-aa04-685a3a141a15{ip: 192.168.157.222, host: pr-hdds-1701-wjnxn-4111008579, networkLocation: /default-rack, certSerialId: null} reported CLOSED replica.
2019-10-24 11:47:58,655 [SCMBlockDeletingService#1] INFO  block.SCMBlockDeletingService (SCMBlockDeletingService.java:call(184)) - Totally added 3 delete blocks command for 3 datanodes, task elapsed time: 6ms
2019-10-24 11:47:58,884 [BlockDeletingService#2] WARN  background.BlockDeletingService (BlockDeletingService.java:isDeletionAllowed(187)) - Close Container log Index 6 is not replicated across allthe servers in the pipeline 376e765d-a5bf-4b1f-a23f-db82ea1b0560 as the min replicated index is 4. Deletion is not allowed in this container yet.
2019-10-24 11:47:58,884 [BlockDeletingService#2] WARN  background.BlockDeletingService (BlockDeletingService.java:isDeletionAllowed(187)) - Close Container log Index 6 is not replicated across allthe servers in the pipeline 376e765d-a5bf-4b1f-a23f-db82ea1b0560 as the min replicated index is 4. Deletion is not allowed in this container yet.
2019-10-24 11:47:58,949 [EventQueue-PendingDeleteStatusForPendingDeleteHandler] INFO  block.SCMBlockDeletingService (SCMBlockDeletingService.java:handlePendingDeletes(115)) - Block deletion txnID mismatch in datanode 6ef47ec4-f888-4c0a-9473-d3351b934030 for containerID 1. Datanode delete txnID: 0, SCM txnID: 1
2019-10-24 11:47:58,953 [EventQueue-PendingDeleteStatusForPendingDeleteHandler] INFO  block.SCMBlockDeletingService (SCMBlockDeletingService.java:handlePendingDeletes(115)) - Block deletion txnID mismatch in datanode 9c614e94-540a-4713-aa04-685a3a141a15 for containerID 1. Datanode delete txnID: 0, SCM txnID: 1
2019-10-24 11:47:59,149 [EventQueue-PendingDeleteStatusForPendingDeleteHandler] INFO  block.SCMBlockDeletingService (SCMBlockDeletingService.java:handlePendingDeletes(115)) - Block deletion txnID mismatch in datanode 6ef47ec4-f888-4c0a-9473-d3351b934030 for containerID 1. Datanode delete txnID: 0, SCM txnID: 1
2019-10-24 11:47:59,179 [java.util.concurrent.ThreadPoolExecutor$Worker@67eec169[State = -1, empty queue]] WARN  server.GrpcLogAppender (GrpcLogAppender.java:timeoutAppendRequest(209)) - 6ef47ec4-f888-4c0a-9473-d3351b934030@group-DB82EA1B0560->c50ed3b6-ed09-4007-97fb-753acd29cc2b-GrpcLogAppender: appendEntries Timeout, request=6ef47ec4-f888-4c0a-9473-d3351b934030->c50ed3b6-ed09-4007-97fb-753acd29cc2b#50-t1, previous=(t:1, i:10), leaderCommit=10, initializing? false, entries: <empty>
2019-10-24 11:47:59,253 [EventQueue-PendingDeleteStatusForPendingDeleteHandler] INFO  block.SCMBlockDeletingService (SCMBlockDeletingService.java:handlePendingDeletes(115)) - Block deletion txnID mismatch in datanode 9c614e94-540a-4713-aa04-685a3a141a15 for containerID 1. Datanode delete txnID: 0, SCM txnID: 1
2019-10-24 11:47:59,457 [Command processor thread] INFO  commandhandler.DeleteBlocksCommandHandler (DeleteBlocksCommandHandler.java:handle(106)) - Start to delete container blocks, TXIDs=[1(0)], numOfContainers=1, numOfBlocks=1
2019-10-24 11:47:59,548 [EventQueue-PendingDeleteStatusForPendingDeleteHandler] INFO  block.SCMBlockDeletingService (SCMBlockDeletingService.java:handlePendingDeletes(115)) - Block deletion txnID mismatch in datanode 6ef47ec4-f888-4c0a-9473-d3351b934030 for containerID 1. Datanode delete txnID: 0, SCM txnID: 1
2019-10-24 11:47:59,584 [Thread-537] INFO  client.GrpcClientProtocolService (GrpcClientProtocolService.java:lambda$processClientRequest$0(279)) - Failed RaftClientRequest:client-5229374272EA->6ef47ec4-f888-4c0a-9473-d3351b934030@group-DB82EA1B0560, cid=10, seq=0, Watch-ALL_COMMITTED(6), Message:<EMPTY>, reply=RaftClientReply:client-5229374272EA->6ef47ec4-f888-4c0a-9473-d3351b934030@group-DB82EA1B0560, cid=10, FAILED org.apache.ratis.protocol.NotReplicatedException: Request with call Id 10 and log index 6 is not yet replicated to ALL_COMMITTED, logIndex=6, commits[6ef47ec4-f888-4c0a-9473-d3351b934030:c10, c50ed3b6-ed09-4007-97fb-753acd29cc2b:c4, 9c614e94-540a-4713-aa04-685a3a141a15:c10]
2019-10-24 11:47:59,656 [SCMBlockDeletingService#1] INFO  block.SCMBlockDeletingService (SCMBlockDeletingService.java:call(184)) - Totally added 3 delete blocks command for 3 datanodes, task elapsed time: 0ms
2019-10-24 11:47:59,656 [pool-7-thread-1] INFO  commands.RetriableDatanodeEventWatcher (RetriableDatanodeEventWatcher.java:onTimeout(47)) - RetriableDatanodeCommand type=deleteBlocksCommand with id=1571917678654 timed out. Retrying.
2019-10-24 11:47:59,657 [pool-7-thread-3] INFO  commands.RetriableDatanodeEventWatcher (RetriableDatanodeEventWatcher.java:onTimeout(47)) - RetriableDatanodeCommand type=deleteBlocksCommand with id=1571917678655 timed out. Retrying.
2019-10-24 11:47:59,657 [pool-7-thread-2] INFO  commands.RetriableDatanodeEventWatcher (RetriableDatanodeEventWatcher.java:onTimeout(47)) - RetriableDatanodeCommand type=deleteBlocksCommand with id=1571917678656 timed out. Retrying.
2019-10-24 11:47:59,746 [Command processor thread] INFO  commandhandler.DeleteBlocksCommandHandler (DeleteBlocksCommandHandler.java:handle(106)) - Start to delete container blocks, TXIDs=[1(0)], numOfContainers=1, numOfBlocks=1
2019-10-24 11:47:59,885 [BlockDeletingService#2] WARN  background.BlockDeletingService (BlockDeletingService.java:isDeletionAllowed(187)) - Close Container log Index 6 is not replicated across allthe servers in the pipeline 376e765d-a5bf-4b1f-a23f-db82ea1b0560 as the min replicated index is 4. Deletion is not allowed in this container yet.
2019-10-24 11:47:59,885 [BlockDeletingService#2] WARN  background.BlockDeletingService (BlockDeletingService.java:isDeletionAllowed(187)) - Close Container log Index 6 is not replicated across allthe servers in the pipeline 376e765d-a5bf-4b1f-a23f-db82ea1b0560 as the min replicated index is 4. Deletion is not allowed in this container yet.
2019-10-24 11:48:00,225 [main] INFO  impl.MetricsSystemImpl (MetricsSystemImpl.java:init(158)) - HddsDatanode metrics system started (again)
2019-10-24 11:48:00,275 [main] INFO  ozone.HddsDatanodeService (HddsDatanodeService.java:start(184)) - HddsDatanodeService host:pr-hdds-1701-wjnxn-4111008579 ip:192.168.157.222
2019-10-24 11:48:00,280 [main] INFO  volume.VolumeUsage (VolumeUsage.java:loadScmUsed(144)) - Cached ScmUsed found for /workdir/hadoop-ozone/integration-test/target/test-dir/MiniOzoneClusterImpl-7ce79f69-7e7f-4d83-a6bf-fd0497776909/datanode-2/data/containers : 4096 
2019-10-24 11:48:00,280 [main] INFO  volume.HddsVolume (HddsVolume.java:<init>(176)) - Creating Volume: /workdir/hadoop-ozone/integration-test/target/test-dir/MiniOzoneClusterImpl-7ce79f69-7e7f-4d83-a6bf-fd0497776909/datanode-2/data/containers/hdds of  storage type : DISK and capacity : 1482555576320
2019-10-24 11:48:00,281 [main] INFO  volume.VolumeSet (VolumeSet.java:initializeVolumeSet(170)) - Added Volume : /workdir/hadoop-ozone/integration-test/target/test-dir/MiniOzoneClusterImpl-7ce79f69-7e7f-4d83-a6bf-fd0497776909/datanode-2/data/containers/hdds to VolumeSet
2019-10-24 11:48:00,281 [main] INFO  volume.ThrottledAsyncChecker (ThrottledAsyncChecker.java:schedule(141)) - Scheduling a check for /workdir/hadoop-ozone/integration-test/target/test-dir/MiniOzoneClusterImpl-7ce79f69-7e7f-4d83-a6bf-fd0497776909/datanode-2/data/containers/hdds
2019-10-24 11:48:00,282 [main] INFO  volume.HddsVolumeChecker (HddsVolumeChecker.java:checkAllVolumes(204)) - Scheduled health check for volume /workdir/hadoop-ozone/integration-test/target/test-dir/MiniOzoneClusterImpl-7ce79f69-7e7f-4d83-a6bf-fd0497776909/datanode-2/data/containers/hdds
2019-10-24 11:48:00,328 [main] INFO  impl.RaftServerProxy (ConfUtils.java:logGet(43)) - raft.rpc.type = GRPC (default)
2019-10-24 11:48:00,328 [main] INFO  grpc.GrpcFactory (GrpcFactory.java:checkPooledByteBufAllocatorUseCacheForAllThreads(45)) - PERFORMANCE WARNING: useCacheForAllThreads is true that may cause Netty to create a lot garbage objects and, as a result, trigger GC.
	It is recommended to disable useCacheForAllThreads by setting -Dorg.apache.ratis.thirdparty.io.netty.allocator.useCacheForAllThreads=false in command line.
2019-10-24 11:48:00,328 [main] INFO  grpc.GrpcConfigKeys$Server (ConfUtils.java:logGet(43)) - raft.grpc.server.port = 42942 (custom)
2019-10-24 11:48:00,329 [main] INFO  server.GrpcService (ConfUtils.java:logGet(43)) - raft.grpc.message.size.max = 33570816 (custom)
2019-10-24 11:48:00,329 [main] INFO  server.RaftServerConfigKeys (ConfUtils.java:logGet(43)) - raft.server.log.appender.buffer.byte-limit = 33554432 (custom)
2019-10-24 11:48:00,330 [main] INFO  server.GrpcService (ConfUtils.java:logGet(43)) - raft.grpc.flow.control.window = 1MB (=1048576) (default)
2019-10-24 11:48:00,330 [main] INFO  server.RaftServerConfigKeys (ConfUtils.java:logGet(43)) - raft.server.rpc.request.timeout = 3000ms (default)
2019-10-24 11:48:00,330 [main] INFO  server.RaftServerConfigKeys (ConfUtils.java:logGet(43)) - raft.server.storage.dir = [/workdir/hadoop-ozone/integration-test/target/test-dir/MiniOzoneClusterImpl-7ce79f69-7e7f-4d83-a6bf-fd0497776909/datanode-2/data/ratis] (custom)
2019-10-24 11:48:00,331 [main] INFO  impl.RaftServerProxy (RaftServerProxy.java:lambda$null$0(191)) - c50ed3b6-ed09-4007-97fb-753acd29cc2b: found a subdirectory /workdir/hadoop-ozone/integration-test/target/test-dir/MiniOzoneClusterImpl-7ce79f69-7e7f-4d83-a6bf-fd0497776909/datanode-2/data/ratis/376e765d-a5bf-4b1f-a23f-db82ea1b0560
2019-10-24 11:48:00,332 [main] INFO  impl.RaftServerProxy (RaftServerProxy.java:addNew(89)) - c50ed3b6-ed09-4007-97fb-753acd29cc2b: addNew group-DB82EA1B0560:[] returns group-DB82EA1B0560:java.util.concurrent.CompletableFuture@1fc713c9[Not completed]
2019-10-24 11:48:00,332 [main] INFO  impl.RaftServerProxy (RaftServerProxy.java:lambda$null$0(191)) - c50ed3b6-ed09-4007-97fb-753acd29cc2b: found a subdirectory /workdir/hadoop-ozone/integration-test/target/test-dir/MiniOzoneClusterImpl-7ce79f69-7e7f-4d83-a6bf-fd0497776909/datanode-2/data/ratis/b5f70217-80fc-4bfb-a29a-3e0925291158
2019-10-24 11:48:00,332 [main] INFO  impl.RaftServerProxy (RaftServerProxy.java:addNew(89)) - c50ed3b6-ed09-4007-97fb-753acd29cc2b: addNew group-3E0925291158:[] returns group-3E0925291158:java.util.concurrent.CompletableFuture@7301eebe[Not completed]
2019-10-24 11:48:00,336 [main] INFO  hdfs.DFSUtil (DFSUtil.java:httpServerTemplateForNNAndJN(1641)) - Starting Web-server for hddsDatanode at: http://0.0.0.0:33870
2019-10-24 11:48:00,336 [pool-59-thread-1] INFO  impl.RaftServerImpl (RaftServerImpl.java:<init>(98)) - c50ed3b6-ed09-4007-97fb-753acd29cc2b: new RaftServerImpl for group-DB82EA1B0560:[] with ContainerStateMachine:uninitialized
2019-10-24 11:48:00,337 [pool-59-thread-1] INFO  server.RaftServerConfigKeys (ConfUtils.java:logGet(43)) - raft.server.rpc.timeout.min = 5s (custom)
2019-10-24 11:48:00,337 [pool-59-thread-1] INFO  server.RaftServerConfigKeys (ConfUtils.java:logGet(43)) - raft.server.rpc.timeout.max = 5200ms (custom)
2019-10-24 11:48:00,337 [pool-59-thread-1] INFO  server.RaftServerConfigKeys (ConfUtils.java:logGet(43)) - raft.server.rpcslowness.timeout = 1000s (custom)
2019-10-24 11:48:00,337 [pool-59-thread-1] INFO  server.RaftServerConfigKeys (ConfUtils.java:logGet(43)) - raft.server.sleep.deviation.threshold = 300 (default)
2019-10-24 11:48:00,338 [pool-59-thread-1] INFO  server.RaftServerConfigKeys (ConfUtils.java:logGet(43)) - raft.server.log.appender.install.snapshot.enabled = false (custom)
2019-10-24 11:48:00,338 [pool-59-thread-1] INFO  impl.RaftServerImpl (ServerState.java:<init>(103)) - c50ed3b6-ed09-4007-97fb-753acd29cc2b@group-DB82EA1B0560: ConfigurationManager, init=-1: [], old=null, confs=<EMPTY_MAP>
2019-10-24 11:48:00,338 [pool-59-thread-1] INFO  server.RaftServerConfigKeys (ConfUtils.java:logGet(43)) - raft.server.storage.dir = [/workdir/hadoop-ozone/integration-test/target/test-dir/MiniOzoneClusterImpl-7ce79f69-7e7f-4d83-a6bf-fd0497776909/datanode-2/data/ratis] (custom)
2019-10-24 11:48:00,338 [pool-59-thread-1] INFO  server.RaftServerConfigKeys (ConfUtils.java:logGet(43)) - raft.server.log.corruption.policy = EXCEPTION (default)
2019-10-24 11:48:00,340 [main] INFO  server.AuthenticationFilter (AuthenticationFilter.java:constructSecretProvider(240)) - Unable to initialize FileSignerSecretProvider, falling back to use random secrets.
2019-10-24 11:48:00,341 [main] WARN  http.HttpRequestLog (HttpRequestLog.java:getRequestLog(97)) - Jetty request log can only be enabled using Log4j
2019-10-24 11:48:00,344 [main] INFO  http.HttpServer2 (HttpServer2.java:addGlobalFilter(975)) - Added global filter 'safety' (class=org.apache.hadoop.http.HttpServer2$QuotingInputFilter)
2019-10-24 11:48:00,345 [main] INFO  http.HttpServer2 (HttpServer2.java:addFilter(948)) - Added filter static_user_filter (class=org.apache.hadoop.http.lib.StaticUserWebFilter$StaticUserFilter) to context hddsDatanode
2019-10-24 11:48:00,345 [main] INFO  http.HttpServer2 (HttpServer2.java:addFilter(958)) - Added filter static_user_filter (class=org.apache.hadoop.http.lib.StaticUserWebFilter$StaticUserFilter) to context logs
2019-10-24 11:48:00,345 [main] INFO  http.HttpServer2 (HttpServer2.java:addFilter(958)) - Added filter static_user_filter (class=org.apache.hadoop.http.lib.StaticUserWebFilter$StaticUserFilter) to context static
2019-10-24 11:48:00,347 [main] INFO  http.HttpServer2 (HttpServer2.java:bindListener(1191)) - Jetty bound to port 33870
2019-10-24 11:48:00,347 [main] INFO  server.Server (Server.java:doStart(351)) - jetty-9.3.25.v20180904, build timestamp: 2018-09-04T21:11:46Z, git hash: 3ce520221d0240229c862b122d2b06c12a625732
2019-10-24 11:48:00,350 [main] INFO  handler.ContextHandler (ContextHandler.java:doStart(781)) - Started o.e.j.s.ServletContextHandler@6848a051{/logs,file:///workdir/hadoop-ozone/integration-test/target/log,AVAILABLE}
2019-10-24 11:48:00,350 [main] INFO  handler.ContextHandler (ContextHandler.java:doStart(781)) - Started o.e.j.s.ServletContextHandler@5740ff5e{/static,jar:file:/home/user/.m2/repository/org/apache/hadoop/hadoop-hdds-container-service/0.5.0-SNAPSHOT/hadoop-hdds-container-service-0.5.0-SNAPSHOT.jar!/webapps/static,AVAILABLE}
2019-10-24 11:48:00,352 [pool-59-thread-1] INFO  storage.RaftStorageDirectory (RaftStorageDirectory.java:tryLock(328)) - Lock on /workdir/hadoop-ozone/integration-test/target/test-dir/MiniOzoneClusterImpl-7ce79f69-7e7f-4d83-a6bf-fd0497776909/datanode-2/data/ratis/376e765d-a5bf-4b1f-a23f-db82ea1b0560/in_use.lock acquired by nodename 2241@pr-hdds-1701-wjnxn-4111008579
2019-10-24 11:48:00,355 [pool-59-thread-1] INFO  ratis.ContainerStateMachine (ContainerStateMachine.java:loadSnapshot(240)) - group-DB82EA1B0560: Setting the last applied index to (t:1, i:3)
2019-10-24 11:48:00,361 [pool-59-thread-1] INFO  impl.RaftServerImpl (ServerState.java:setRaftConf(356)) - c50ed3b6-ed09-4007-97fb-753acd29cc2b@group-DB82EA1B0560: set configuration 0: [c50ed3b6-ed09-4007-97fb-753acd29cc2b:192.168.157.222:42942, 9c614e94-540a-4713-aa04-685a3a141a15:192.168.157.222:45068, 6ef47ec4-f888-4c0a-9473-d3351b934030:192.168.157.222:45627], old=null at 0
2019-10-24 11:48:00,361 [pool-59-thread-1] INFO  server.RaftServerConfigKeys (ConfUtils.java:logGet(43)) - raft.server.notification.no-leader.timeout = 1000s (custom)
2019-10-24 11:48:00,361 [pool-59-thread-1] INFO  server.RaftServerConfigKeys (ConfUtils.java:logGet(43)) - raft.server.log.use.memory = false (default)
2019-10-24 11:48:00,361 [pool-59-thread-1] INFO  server.RaftServerConfigKeys (ConfUtils.java:logGet(43)) - raft.server.log.purge.gap = 1000000 (custom)
2019-10-24 11:48:00,362 [pool-59-thread-1] INFO  server.RaftServerConfigKeys (ConfUtils.java:logGet(43)) - raft.server.log.appender.buffer.byte-limit = 33554432 (custom)
2019-10-24 11:48:00,362 [pool-59-thread-1] INFO  server.RaftServerConfigKeys (ConfUtils.java:logGet(43)) - raft.server.log.segment.size.max = 1048576 (custom)
2019-10-24 11:48:00,362 [pool-59-thread-1] INFO  server.RaftServerConfigKeys (ConfUtils.java:logGet(43)) - raft.server.log.segment.cache.num.max = 2 (custom)
2019-10-24 11:48:00,362 [pool-59-thread-1] INFO  segmented.SegmentedRaftLogWorker (SegmentedRaftLogWorker.java:<init>(173)) - new c50ed3b6-ed09-4007-97fb-753acd29cc2b@group-DB82EA1B0560-SegmentedRaftLogWorker for RaftStorage:Storage Directory /workdir/hadoop-ozone/integration-test/target/test-dir/MiniOzoneClusterImpl-7ce79f69-7e7f-4d83-a6bf-fd0497776909/datanode-2/data/ratis/376e765d-a5bf-4b1f-a23f-db82ea1b0560
2019-10-24 11:48:00,362 [pool-59-thread-1] INFO  server.RaftServerConfigKeys (ConfUtils.java:logGet(43)) - raft.server.log.queue.byte-limit = 2147483647 (custom)
2019-10-24 11:48:00,362 [pool-59-thread-1] INFO  server.RaftServerConfigKeys (ConfUtils.java:logGet(43)) - raft.server.log.queue.element-limit = 1024 (custom)
2019-10-24 11:48:00,363 [pool-59-thread-1] INFO  server.RaftServerConfigKeys (ConfUtils.java:logGet(43)) - raft.server.log.segment.size.max = 1048576 (custom)
2019-10-24 11:48:00,363 [pool-59-thread-1] INFO  server.RaftServerConfigKeys (ConfUtils.java:logGet(43)) - raft.server.log.preallocated.size = 16384 (custom)
2019-10-24 11:48:00,363 [pool-59-thread-1] INFO  server.RaftServerConfigKeys (ConfUtils.java:logGet(43)) - raft.server.log.write.buffer.size = 33554432 (custom)
2019-10-24 11:48:00,363 [pool-59-thread-1] INFO  server.RaftServerConfigKeys (ConfUtils.java:logGet(43)) - raft.server.log.force.sync.num = 128 (default)
2019-10-24 11:48:00,363 [pool-59-thread-1] INFO  server.RaftServerConfigKeys (ConfUtils.java:logGet(43)) - raft.server.log.statemachine.data.sync = true (default)
2019-10-24 11:48:00,363 [pool-59-thread-1] INFO  server.RaftServerConfigKeys (ConfUtils.java:logGet(43)) - raft.server.log.statemachine.data.sync.timeout = 10s (default)
2019-10-24 11:48:00,363 [pool-59-thread-1] INFO  server.RaftServerConfigKeys (ConfUtils.java:logGet(43)) - raft.server.log.statemachine.data.sync.timeout.retry = -1 (default)
2019-10-24 11:48:00,364 [pool-59-thread-1] INFO  server.RaftServerConfigKeys (ConfUtils.java:logGet(43)) - raft.server.log.statemachine.data.caching.enabled = true (custom)
2019-10-24 11:48:00,370 [pool-59-thread-1] INFO  impl.RaftServerImpl (ServerState.java:setRaftConf(356)) - c50ed3b6-ed09-4007-97fb-753acd29cc2b@group-DB82EA1B0560: set configuration 0: [c50ed3b6-ed09-4007-97fb-753acd29cc2b:192.168.157.222:42942, 9c614e94-540a-4713-aa04-685a3a141a15:192.168.157.222:45068, 6ef47ec4-f888-4c0a-9473-d3351b934030:192.168.157.222:45627], old=null at 0
2019-10-24 11:48:00,372 [pool-59-thread-1] INFO  segmented.LogSegment (LogSegment.java:loadSegment(140)) - Successfully read 5 entries from segment file /workdir/hadoop-ozone/integration-test/target/test-dir/MiniOzoneClusterImpl-7ce79f69-7e7f-4d83-a6bf-fd0497776909/datanode-2/data/ratis/376e765d-a5bf-4b1f-a23f-db82ea1b0560/current/log_inprogress_0
2019-10-24 11:48:00,372 [pool-59-thread-1] INFO  segmented.SegmentedRaftLogWorker (SegmentedRaftLogWorker.java:lambda$new$0(128)) - c50ed3b6-ed09-4007-97fb-753acd29cc2b@group-DB82EA1B0560-SegmentedRaftLogWorker: flushIndex: setUnconditionally 0 -> 4
2019-10-24 11:48:00,398 [main] INFO  handler.ContextHandler (ContextHandler.java:doStart(781)) - Started o.e.j.w.WebAppContext@37854b34{/,file:///tmp/jetty-0.0.0.0-33870-hddsDatanode-_-any-4975108269167384825.dir/webapp/,AVAILABLE}{/hddsDatanode}
2019-10-24 11:48:00,399 [main] INFO  server.AbstractConnector (AbstractConnector.java:doStart(278)) - Started ServerConnector@48eb001a{HTTP/1.1,[http/1.1]}{0.0.0.0:33870}
2019-10-24 11:48:00,400 [main] INFO  server.Server (Server.java:doStart(419)) - Started @117753ms
2019-10-24 11:48:00,400 [pool-59-thread-1] INFO  raftlog.RaftLog (RaftLog.java:lambda$new$0(61)) - c50ed3b6-ed09-4007-97fb-753acd29cc2b@group-DB82EA1B0560-SegmentedRaftLog: commitIndex: updateToMax old=3, new=3, updated? false
2019-10-24 11:48:00,400 [main] WARN  impl.MetricsSystemImpl (MetricsSystemImpl.java:register(276)) - Sink prometheus already exists!
2019-10-24 11:48:00,401 [pool-59-thread-1] INFO  server.RaftServerConfigKeys (ConfUtils.java:logGet(43)) - raft.server.snapshot.auto.trigger.enabled = true (custom)
2019-10-24 11:48:00,401 [pool-59-thread-1] INFO  server.RaftServerConfigKeys (ConfUtils.java:logGet(43)) - raft.server.snapshot.auto.trigger.threshold = 10000 (custom)
2019-10-24 11:48:00,401 [pool-59-thread-1] INFO  server.RaftServerConfigKeys (ConfUtils.java:logGet(43)) - raft.server.snapshot.retention.file.num = 5 (custom)
2019-10-24 11:48:00,401 [pool-59-thread-1] INFO  server.RaftServerConfigKeys (ConfUtils.java:logGet(43)) - raft.server.retrycache.expirytime = 600000ms (custom)
2019-10-24 11:48:00,402 [main] INFO  server.BaseHttpServer (BaseHttpServer.java:updateConnectorAddress(215)) - HTTP server of HDDSDATANODE is listening at http://0.0.0.0:33870
2019-10-24 11:48:00,404 [org.apache.hadoop.util.JvmPauseMonitor$Monitor@487b125b] INFO  util.JvmPauseMonitor (JvmPauseMonitor.java:run(188)) - Starting JVM pause monitor
2019-10-24 11:48:00,404 [pool-59-thread-1] INFO  impl.RaftServerImpl (RaftServerImpl.java:<init>(98)) - c50ed3b6-ed09-4007-97fb-753acd29cc2b: new RaftServerImpl for group-3E0925291158:[] with ContainerStateMachine:uninitialized
2019-10-24 11:48:00,404 [pool-59-thread-1] INFO  server.RaftServerConfigKeys (ConfUtils.java:logGet(43)) - raft.server.rpc.timeout.min = 5s (custom)
2019-10-24 11:48:00,404 [pool-59-thread-1] INFO  server.RaftServerConfigKeys (ConfUtils.java:logGet(43)) - raft.server.rpc.timeout.max = 5200ms (custom)
2019-10-24 11:48:00,404 [pool-59-thread-1] INFO  server.RaftServerConfigKeys (ConfUtils.java:logGet(43)) - raft.server.rpcslowness.timeout = 1000s (custom)
2019-10-24 11:48:00,404 [pool-59-thread-1] INFO  server.RaftServerConfigKeys (ConfUtils.java:logGet(43)) - raft.server.sleep.deviation.threshold = 300 (default)
2019-10-24 11:48:00,404 [pool-59-thread-1] INFO  server.RaftServerConfigKeys (ConfUtils.java:logGet(43)) - raft.server.log.appender.install.snapshot.enabled = false (custom)
2019-10-24 11:48:00,405 [pool-59-thread-1] INFO  impl.RaftServerImpl (ServerState.java:<init>(103)) - c50ed3b6-ed09-4007-97fb-753acd29cc2b@group-3E0925291158: ConfigurationManager, init=-1: [], old=null, confs=<EMPTY_MAP>
2019-10-24 11:48:00,405 [pool-59-thread-1] INFO  server.RaftServerConfigKeys (ConfUtils.java:logGet(43)) - raft.server.storage.dir = [/workdir/hadoop-ozone/integration-test/target/test-dir/MiniOzoneClusterImpl-7ce79f69-7e7f-4d83-a6bf-fd0497776909/datanode-2/data/ratis] (custom)
2019-10-24 11:48:00,405 [pool-59-thread-1] INFO  server.RaftServerConfigKeys (ConfUtils.java:logGet(43)) - raft.server.log.corruption.policy = EXCEPTION (default)
2019-10-24 11:48:00,417 [pool-59-thread-1] INFO  storage.RaftStorageDirectory (RaftStorageDirectory.java:tryLock(328)) - Lock on /workdir/hadoop-ozone/integration-test/target/test-dir/MiniOzoneClusterImpl-7ce79f69-7e7f-4d83-a6bf-fd0497776909/datanode-2/data/ratis/b5f70217-80fc-4bfb-a29a-3e0925291158/in_use.lock acquired by nodename 2241@pr-hdds-1701-wjnxn-4111008579
2019-10-24 11:48:00,418 [pool-59-thread-1] INFO  ratis.ContainerStateMachine (ContainerStateMachine.java:loadSnapshot(231)) - group-3E0925291158: The snapshot info is null. Setting the last applied indexto:(t:0, i:~)
2019-10-24 11:48:00,418 [pool-59-thread-1] INFO  server.RaftServerConfigKeys (ConfUtils.java:logGet(43)) - raft.server.notification.no-leader.timeout = 1000s (custom)
2019-10-24 11:48:00,418 [pool-59-thread-1] INFO  server.RaftServerConfigKeys (ConfUtils.java:logGet(43)) - raft.server.log.use.memory = false (default)
2019-10-24 11:48:00,418 [pool-59-thread-1] INFO  server.RaftServerConfigKeys (ConfUtils.java:logGet(43)) - raft.server.log.purge.gap = 1000000 (custom)
2019-10-24 11:48:00,418 [pool-59-thread-1] INFO  server.RaftServerConfigKeys (ConfUtils.java:logGet(43)) - raft.server.log.appender.buffer.byte-limit = 33554432 (custom)
2019-10-24 11:48:00,418 [pool-59-thread-1] INFO  server.RaftServerConfigKeys (ConfUtils.java:logGet(43)) - raft.server.log.segment.size.max = 1048576 (custom)
2019-10-24 11:48:00,419 [pool-59-thread-1] INFO  server.RaftServerConfigKeys (ConfUtils.java:logGet(43)) - raft.server.log.segment.cache.num.max = 2 (custom)
2019-10-24 11:48:00,419 [pool-59-thread-1] INFO  segmented.SegmentedRaftLogWorker (SegmentedRaftLogWorker.java:<init>(173)) - new c50ed3b6-ed09-4007-97fb-753acd29cc2b@group-3E0925291158-SegmentedRaftLogWorker for RaftStorage:Storage Directory /workdir/hadoop-ozone/integration-test/target/test-dir/MiniOzoneClusterImpl-7ce79f69-7e7f-4d83-a6bf-fd0497776909/datanode-2/data/ratis/b5f70217-80fc-4bfb-a29a-3e0925291158
2019-10-24 11:48:00,419 [pool-59-thread-1] INFO  server.RaftServerConfigKeys (ConfUtils.java:logGet(43)) - raft.server.log.queue.byte-limit = 2147483647 (custom)
2019-10-24 11:48:00,419 [pool-59-thread-1] INFO  server.RaftServerConfigKeys (ConfUtils.java:logGet(43)) - raft.server.log.queue.element-limit = 1024 (custom)
2019-10-24 11:48:00,419 [pool-59-thread-1] INFO  server.RaftServerConfigKeys (ConfUtils.java:logGet(43)) - raft.server.log.segment.size.max = 1048576 (custom)
2019-10-24 11:48:00,419 [pool-59-thread-1] INFO  server.RaftServerConfigKeys (ConfUtils.java:logGet(43)) - raft.server.log.preallocated.size = 16384 (custom)
2019-10-24 11:48:00,419 [pool-59-thread-1] INFO  server.RaftServerConfigKeys (ConfUtils.java:logGet(43)) - raft.server.log.write.buffer.size = 33554432 (custom)
2019-10-24 11:48:00,419 [pool-59-thread-1] INFO  server.RaftServerConfigKeys (ConfUtils.java:logGet(43)) - raft.server.log.force.sync.num = 128 (default)
2019-10-24 11:48:00,419 [pool-59-thread-1] INFO  server.RaftServerConfigKeys (ConfUtils.java:logGet(43)) - raft.server.log.statemachine.data.sync = true (default)
2019-10-24 11:48:00,419 [pool-59-thread-1] INFO  server.RaftServerConfigKeys (ConfUtils.java:logGet(43)) - raft.server.log.statemachine.data.sync.timeout = 10s (default)
2019-10-24 11:48:00,420 [pool-59-thread-1] INFO  server.RaftServerConfigKeys (ConfUtils.java:logGet(43)) - raft.server.log.statemachine.data.sync.timeout.retry = -1 (default)
2019-10-24 11:48:00,420 [pool-59-thread-1] INFO  server.RaftServerConfigKeys (ConfUtils.java:logGet(43)) - raft.server.log.statemachine.data.caching.enabled = true (custom)
2019-10-24 11:48:00,420 [pool-59-thread-1] INFO  impl.RaftServerImpl (ServerState.java:setRaftConf(356)) - c50ed3b6-ed09-4007-97fb-753acd29cc2b@group-3E0925291158: set configuration 0: [c50ed3b6-ed09-4007-97fb-753acd29cc2b:192.168.157.222:42942], old=null at 0
2019-10-24 11:48:00,420 [pool-59-thread-1] INFO  segmented.LogSegment (LogSegment.java:loadSegment(140)) - Successfully read 1 entries from segment file /workdir/hadoop-ozone/integration-test/target/test-dir/MiniOzoneClusterImpl-7ce79f69-7e7f-4d83-a6bf-fd0497776909/datanode-2/data/ratis/b5f70217-80fc-4bfb-a29a-3e0925291158/current/log_inprogress_0
2019-10-24 11:48:00,421 [pool-59-thread-1] INFO  segmented.SegmentedRaftLogWorker (SegmentedRaftLogWorker.java:lambda$new$0(128)) - c50ed3b6-ed09-4007-97fb-753acd29cc2b@group-3E0925291158-SegmentedRaftLogWorker: flushIndex: setUnconditionally 0 -> 0
2019-10-24 11:48:00,445 [pool-59-thread-1] INFO  server.RaftServerConfigKeys (ConfUtils.java:logGet(43)) - raft.server.snapshot.auto.trigger.enabled = true (custom)
2019-10-24 11:48:00,445 [pool-59-thread-1] INFO  server.RaftServerConfigKeys (ConfUtils.java:logGet(43)) - raft.server.snapshot.auto.trigger.threshold = 10000 (custom)
2019-10-24 11:48:00,445 [pool-59-thread-1] INFO  server.RaftServerConfigKeys (ConfUtils.java:logGet(43)) - raft.server.snapshot.retention.file.num = 5 (custom)
2019-10-24 11:48:00,445 [pool-59-thread-1] INFO  server.RaftServerConfigKeys (ConfUtils.java:logGet(43)) - raft.server.retrycache.expirytime = 600000ms (custom)
2019-10-24 11:48:00,553 [Command processor thread] INFO  commandhandler.DeleteBlocksCommandHandler (DeleteBlocksCommandHandler.java:handle(106)) - Start to delete container blocks, TXIDs=[1(2)], numOfContainers=1, numOfBlocks=1
2019-10-24 11:48:00,553 [Command processor thread] INFO  commandhandler.DeleteBlocksCommandHandler (DeleteBlocksCommandHandler.java:handle(106)) - Start to delete container blocks, TXIDs=[1(0)], numOfContainers=1, numOfBlocks=1
2019-10-24 11:48:00,655 [pool-7-thread-2] INFO  commands.RetriableDatanodeEventWatcher (RetriableDatanodeEventWatcher.java:onTimeout(47)) - RetriableDatanodeCommand type=deleteBlocksCommand with id=1571917678657 timed out. Retrying.
2019-10-24 11:48:00,655 [pool-7-thread-1] INFO  commands.RetriableDatanodeEventWatcher (RetriableDatanodeEventWatcher.java:onTimeout(47)) - RetriableDatanodeCommand type=deleteBlocksCommand with id=1571917678658 timed out. Retrying.
2019-10-24 11:48:00,656 [pool-7-thread-3] INFO  commands.RetriableDatanodeEventWatcher (RetriableDatanodeEventWatcher.java:onTimeout(47)) - RetriableDatanodeCommand type=deleteBlocksCommand with id=1571917678659 timed out. Retrying.
2019-10-24 11:48:00,657 [SCMBlockDeletingService#1] INFO  block.SCMBlockDeletingService (SCMBlockDeletingService.java:call(184)) - Totally added 2 delete blocks command for 2 datanodes, task elapsed time: 1ms
2019-10-24 11:48:00,658 [pool-7-thread-3] INFO  commands.RetriableDatanodeEventWatcher (RetriableDatanodeEventWatcher.java:onTimeout(47)) - RetriableDatanodeCommand type=deleteBlocksCommand with id=1571917678656 timed out. Retrying.
2019-10-24 11:48:00,658 [pool-7-thread-1] INFO  commands.RetriableDatanodeEventWatcher (RetriableDatanodeEventWatcher.java:onTimeout(47)) - RetriableDatanodeCommand type=deleteBlocksCommand with id=1571917678655 timed out. Retrying.
2019-10-24 11:48:00,755 [EventQueue-DeleteBlockStatusForEventWatcher$$Lambda$29/1825738663] WARN  events.EventWatcher (EventWatcher.java:lambda$start$0(110)) - Completion event without active lease. Id=1571917678654
2019-10-24 11:48:00,847 [Command processor thread] INFO  commandhandler.DeleteBlocksCommandHandler (DeleteBlocksCommandHandler.java:handle(106)) - Start to delete container blocks, TXIDs=[1(2)], numOfContainers=1, numOfBlocks=1
2019-10-24 11:48:00,848 [Command processor thread] INFO  commandhandler.DeleteBlocksCommandHandler (DeleteBlocksCommandHandler.java:handle(106)) - Start to delete container blocks, TXIDs=[1(0)], numOfContainers=1, numOfBlocks=1
2019-10-24 11:48:00,848 [Command processor thread] INFO  commandhandler.DeleteBlocksCommandHandler (DeleteBlocksCommandHandler.java:handle(106)) - Start to delete container blocks, TXIDs=[1(2)], numOfContainers=1, numOfBlocks=1
2019-10-24 11:48:00,848 [Command processor thread] INFO  commandhandler.DeleteBlocksCommandHandler (DeleteBlocksCommandHandler.java:handle(106)) - Start to delete container blocks, TXIDs=[1(6)], numOfContainers=1, numOfBlocks=1
2019-10-24 11:48:00,849 [Command processor thread] INFO  commandhandler.DeleteBlocksCommandHandler (DeleteBlocksCommandHandler.java:handle(106)) - Start to delete container blocks, TXIDs=[1(0)], numOfContainers=1, numOfBlocks=1
2019-10-24 11:48:00,887 [BlockDeletingService#2] WARN  background.BlockDeletingService (BlockDeletingService.java:isDeletionAllowed(187)) - Close Container log Index 6 is not replicated across allthe servers in the pipeline 376e765d-a5bf-4b1f-a23f-db82ea1b0560 as the min replicated index is 4. Deletion is not allowed in this container yet.
2019-10-24 11:48:00,887 [BlockDeletingService#2] WARN  background.BlockDeletingService (BlockDeletingService.java:isDeletionAllowed(187)) - Close Container log Index 6 is not replicated across allthe servers in the pipeline 376e765d-a5bf-4b1f-a23f-db82ea1b0560 as the min replicated index is 4. Deletion is not allowed in this container yet.
2019-10-24 11:48:01,654 [Command processor thread] INFO  commandhandler.DeleteBlocksCommandHandler (DeleteBlocksCommandHandler.java:handle(106)) - Start to delete container blocks, TXIDs=[1(2)], numOfContainers=1, numOfBlocks=1
2019-10-24 11:48:01,656 [pool-7-thread-1] INFO  commands.RetriableDatanodeEventWatcher (RetriableDatanodeEventWatcher.java:onTimeout(47)) - RetriableDatanodeCommand type=deleteBlocksCommand with id=1571917678658 timed out. Retrying.
2019-10-24 11:48:01,657 [pool-7-thread-1] INFO  commands.RetriableDatanodeEventWatcher (RetriableDatanodeEventWatcher.java:onTimeout(47)) - RetriableDatanodeCommand type=deleteBlocksCommand with id=1571917678660 timed out. Retrying.
2019-10-24 11:48:01,658 [pool-7-thread-1] INFO  commands.RetriableDatanodeEventWatcher (RetriableDatanodeEventWatcher.java:onTimeout(47)) - RetriableDatanodeCommand type=deleteBlocksCommand with id=1571917678655 timed out. Retrying.
2019-10-24 11:48:01,659 [SCMBlockDeletingService#1] INFO  block.SCMBlockDeletingService (SCMBlockDeletingService.java:call(184)) - Totally added 1 delete blocks command for 1 datanodes, task elapsed time: 2ms
2019-10-24 11:48:01,681 [java.util.concurrent.ThreadPoolExecutor$Worker@67eec169[State = -1, empty queue]] WARN  server.GrpcLogAppender (GrpcLogAppender.java:timeoutAppendRequest(209)) - 6ef47ec4-f888-4c0a-9473-d3351b934030@group-DB82EA1B0560->c50ed3b6-ed09-4007-97fb-753acd29cc2b-GrpcLogAppender: appendEntries Timeout, request=6ef47ec4-f888-4c0a-9473-d3351b934030->c50ed3b6-ed09-4007-97fb-753acd29cc2b#51-t1, previous=(t:1, i:10), leaderCommit=10, initializing? false, entries: <empty>
2019-10-24 11:48:01,756 [EventQueue-DeleteBlockStatusForEventWatcher$$Lambda$29/1825738663] WARN  events.EventWatcher (EventWatcher.java:lambda$start$0(110)) - Completion event without active lease. Id=1571917678657
2019-10-24 11:48:01,890 [BlockDeletingService#2] WARN  background.BlockDeletingService (BlockDeletingService.java:isDeletionAllowed(187)) - Close Container log Index 6 is not replicated across allthe servers in the pipeline 376e765d-a5bf-4b1f-a23f-db82ea1b0560 as the min replicated index is 4. Deletion is not allowed in this container yet.
2019-10-24 11:48:01,890 [BlockDeletingService#2] WARN  background.BlockDeletingService (BlockDeletingService.java:isDeletionAllowed(187)) - Close Container log Index 6 is not replicated across allthe servers in the pipeline 376e765d-a5bf-4b1f-a23f-db82ea1b0560 as the min replicated index is 4. Deletion is not allowed in this container yet.
2019-10-24 11:48:02,408 [Datanode State Machine Thread - 0] INFO  ozoneimpl.OzoneContainer (OzoneContainer.java:start(213)) - Attempting to start container services.
2019-10-24 11:48:02,409 [Datanode State Machine Thread - 0] INFO  ozoneimpl.OzoneContainer (OzoneContainer.java:startContainerScrub(177)) - Background container scanner has been disabled.
2019-10-24 11:48:02,409 [Datanode State Machine Thread - 0] INFO  ratis.XceiverServerRatis (XceiverServerRatis.java:start(418)) - Starting XceiverServerRatis c50ed3b6-ed09-4007-97fb-753acd29cc2b at port 42942
2019-10-24 11:48:02,423 [Datanode State Machine Thread - 0] INFO  impl.RaftServerImpl (RaftServerImpl.java:start(184)) - c50ed3b6-ed09-4007-97fb-753acd29cc2b@group-3E0925291158: start as a follower, conf=0: [c50ed3b6-ed09-4007-97fb-753acd29cc2b:192.168.157.222:42942], old=null
2019-10-24 11:48:02,424 [ForkJoinPool.commonPool-worker-1] INFO  impl.RaftServerImpl (RaftServerImpl.java:start(184)) - c50ed3b6-ed09-4007-97fb-753acd29cc2b@group-DB82EA1B0560: start as a follower, conf=0: [c50ed3b6-ed09-4007-97fb-753acd29cc2b:192.168.157.222:42942, 9c614e94-540a-4713-aa04-685a3a141a15:192.168.157.222:45068, 6ef47ec4-f888-4c0a-9473-d3351b934030:192.168.157.222:45627], old=null
2019-10-24 11:48:02,425 [Datanode State Machine Thread - 0] INFO  impl.RaftServerImpl (RaftServerImpl.java:setRole(173)) - c50ed3b6-ed09-4007-97fb-753acd29cc2b@group-3E0925291158: changes role from      null to FOLLOWER at term 1 for startAsFollower
2019-10-24 11:48:02,425 [ForkJoinPool.commonPool-worker-1] INFO  impl.RaftServerImpl (RaftServerImpl.java:setRole(173)) - c50ed3b6-ed09-4007-97fb-753acd29cc2b@group-DB82EA1B0560: changes role from      null to FOLLOWER at term 1 for startAsFollower
2019-10-24 11:48:02,425 [Datanode State Machine Thread - 0] INFO  impl.RoleInfo (RoleInfo.java:updateAndGet(143)) - c50ed3b6-ed09-4007-97fb-753acd29cc2b: start FollowerState
2019-10-24 11:48:02,425 [ForkJoinPool.commonPool-worker-1] INFO  impl.RoleInfo (RoleInfo.java:updateAndGet(143)) - c50ed3b6-ed09-4007-97fb-753acd29cc2b: start FollowerState
2019-10-24 11:48:02,426 [Datanode State Machine Thread - 0] INFO  util.JmxRegister (JmxRegister.java:tryRegister(44)) - Successfully registered JMX Bean with object name Ratis:service=RaftServer,group=group-3E0925291158,id=c50ed3b6-ed09-4007-97fb-753acd29cc2b
2019-10-24 11:48:02,426 [ForkJoinPool.commonPool-worker-1] INFO  util.JmxRegister (JmxRegister.java:tryRegister(44)) - Successfully registered JMX Bean with object name Ratis:service=RaftServer,group=group-DB82EA1B0560,id=c50ed3b6-ed09-4007-97fb-753acd29cc2b
2019-10-24 11:48:02,429 [Datanode State Machine Thread - 0] INFO  impl.RaftServerProxy (RaftServerProxy.java:lambda$start$3(299)) - c50ed3b6-ed09-4007-97fb-753acd29cc2b: start RPC server
2019-10-24 11:48:02,431 [Datanode State Machine Thread - 0] INFO  server.GrpcService (GrpcService.java:startImpl(158)) - c50ed3b6-ed09-4007-97fb-753acd29cc2b: GrpcService started, listening on 0.0.0.0/0.0.0.0:42942
2019-10-24 11:48:02,657 [pool-7-thread-1] INFO  commands.RetriableDatanodeEventWatcher (RetriableDatanodeEventWatcher.java:onTimeout(47)) - RetriableDatanodeCommand type=deleteBlocksCommand with id=1571917678660 timed out. Retrying.
2019-10-24 11:48:02,657 [pool-7-thread-3] INFO  commands.RetriableDatanodeEventWatcher (RetriableDatanodeEventWatcher.java:onTimeout(47)) - RetriableDatanodeCommand type=deleteBlocksCommand with id=1571917678658 timed out. Retrying.
2019-10-24 11:48:02,659 [pool-7-thread-3] INFO  commands.RetriableDatanodeEventWatcher (RetriableDatanodeEventWatcher.java:onTimeout(47)) - RetriableDatanodeCommand type=deleteBlocksCommand with id=1571917678662 timed out. Retrying.
2019-10-24 11:48:02,659 [pool-7-thread-1] INFO  commands.RetriableDatanodeEventWatcher (RetriableDatanodeEventWatcher.java:onTimeout(47)) - RetriableDatanodeCommand type=deleteBlocksCommand with id=1571917678655 timed out. Retrying.
2019-10-24 11:48:02,661 [SCMBlockDeletingService#1] INFO  block.SCMBlockDeletingService (SCMBlockDeletingService.java:call(184)) - Totally added 1 delete blocks command for 1 datanodes, task elapsed time: 1ms
2019-10-24 11:48:02,891 [BlockDeletingService#2] WARN  background.BlockDeletingService (BlockDeletingService.java:isDeletionAllowed(187)) - Close Container log Index 6 is not replicated across allthe servers in the pipeline 376e765d-a5bf-4b1f-a23f-db82ea1b0560 as the min replicated index is 4. Deletion is not allowed in this container yet.
2019-10-24 11:48:02,891 [BlockDeletingService#2] WARN  background.BlockDeletingService (BlockDeletingService.java:isDeletionAllowed(187)) - Close Container log Index 6 is not replicated across allthe servers in the pipeline 376e765d-a5bf-4b1f-a23f-db82ea1b0560 as the min replicated index is 4. Deletion is not allowed in this container yet.
2019-10-24 11:48:03,658 [pool-7-thread-1] INFO  commands.RetriableDatanodeEventWatcher (RetriableDatanodeEventWatcher.java:onTimeout(47)) - RetriableDatanodeCommand type=deleteBlocksCommand with id=1571917678660 timed out. Retrying.
2019-10-24 11:48:03,658 [pool-7-thread-3] INFO  commands.RetriableDatanodeEventWatcher (RetriableDatanodeEventWatcher.java:onTimeout(47)) - RetriableDatanodeCommand type=deleteBlocksCommand with id=1571917678658 timed out. Retrying.
2019-10-24 11:48:03,660 [pool-7-thread-1] INFO  commands.RetriableDatanodeEventWatcher (RetriableDatanodeEventWatcher.java:onTimeout(47)) - RetriableDatanodeCommand type=deleteBlocksCommand with id=1571917678662 timed out. Retrying.
2019-10-24 11:48:03,660 [pool-7-thread-2] INFO  commands.RetriableDatanodeEventWatcher (RetriableDatanodeEventWatcher.java:onTimeout(47)) - RetriableDatanodeCommand type=deleteBlocksCommand with id=1571917678655 timed out. Retrying.
2019-10-24 11:48:03,660 [pool-7-thread-3] INFO  commands.RetriableDatanodeEventWatcher (RetriableDatanodeEventWatcher.java:onTimeout(47)) - RetriableDatanodeCommand type=deleteBlocksCommand with id=1571917678663 timed out. Retrying.
2019-10-24 11:48:03,662 [SCMBlockDeletingService#1] INFO  block.SCMBlockDeletingService (SCMBlockDeletingService.java:call(184)) - Totally added 1 delete blocks command for 1 datanodes, task elapsed time: 1ms
2019-10-24 11:48:03,893 [BlockDeletingService#2] WARN  background.BlockDeletingService (BlockDeletingService.java:isDeletionAllowed(187)) - Close Container log Index 6 is not replicated across allthe servers in the pipeline 376e765d-a5bf-4b1f-a23f-db82ea1b0560 as the min replicated index is 4. Deletion is not allowed in this container yet.
2019-10-24 11:48:03,893 [BlockDeletingService#2] WARN  background.BlockDeletingService (BlockDeletingService.java:isDeletionAllowed(187)) - Close Container log Index 6 is not replicated across allthe servers in the pipeline 376e765d-a5bf-4b1f-a23f-db82ea1b0560 as the min replicated index is 4. Deletion is not allowed in this container yet.
2019-10-24 11:48:04,182 [java.util.concurrent.ThreadPoolExecutor$Worker@67eec169[State = -1, empty queue]] WARN  server.GrpcLogAppender (GrpcLogAppender.java:timeoutAppendRequest(209)) - 6ef47ec4-f888-4c0a-9473-d3351b934030@group-DB82EA1B0560->c50ed3b6-ed09-4007-97fb-753acd29cc2b-GrpcLogAppender: appendEntries Timeout, request=6ef47ec4-f888-4c0a-9473-d3351b934030->c50ed3b6-ed09-4007-97fb-753acd29cc2b#52-t1, previous=(t:1, i:10), leaderCommit=10, initializing? false, entries: <empty>
2019-10-24 11:48:04,408 [EventQueue-PendingDeleteStatusForPendingDeleteHandler] INFO  block.SCMBlockDeletingService (SCMBlockDeletingService.java:handlePendingDeletes(115)) - Block deletion txnID mismatch in datanode c50ed3b6-ed09-4007-97fb-753acd29cc2b for containerID 1. Datanode delete txnID: 0, SCM txnID: 1
2019-10-24 11:48:04,659 [pool-7-thread-3] INFO  commands.RetriableDatanodeEventWatcher (RetriableDatanodeEventWatcher.java:onTimeout(47)) - RetriableDatanodeCommand type=deleteBlocksCommand with id=1571917678660 timed out. Retrying.
2019-10-24 11:48:04,659 [pool-7-thread-2] INFO  commands.RetriableDatanodeEventWatcher (RetriableDatanodeEventWatcher.java:onTimeout(47)) - RetriableDatanodeCommand type=deleteBlocksCommand with id=1571917678658 timed out. Retrying.
2019-10-24 11:48:04,661 [pool-7-thread-2] INFO  commands.RetriableDatanodeEventWatcher (RetriableDatanodeEventWatcher.java:onTimeout(47)) - RetriableDatanodeCommand type=deleteBlocksCommand with id=1571917678663 timed out. Retrying.
2019-10-24 11:48:04,661 [pool-7-thread-1] INFO  commands.RetriableDatanodeEventWatcher (RetriableDatanodeEventWatcher.java:onTimeout(47)) - RetriableDatanodeCommand type=deleteBlocksCommand with id=1571917678655 timed out. Retrying.
2019-10-24 11:48:04,661 [pool-7-thread-3] INFO  commands.RetriableDatanodeEventWatcher (RetriableDatanodeEventWatcher.java:onTimeout(47)) - RetriableDatanodeCommand type=deleteBlocksCommand with id=1571917678662 timed out. Retrying.
2019-10-24 11:48:04,662 [pool-7-thread-4] INFO  commands.RetriableDatanodeEventWatcher (RetriableDatanodeEventWatcher.java:onTimeout(47)) - RetriableDatanodeCommand type=deleteBlocksCommand with id=1571917678664 timed out. Retrying.
2019-10-24 11:48:04,664 [SCMBlockDeletingService#1] INFO  block.SCMBlockDeletingService (SCMBlockDeletingService.java:call(184)) - Totally added 1 delete blocks command for 1 datanodes, task elapsed time: 1ms
2019-10-24 11:48:04,895 [BlockDeletingService#2] WARN  background.BlockDeletingService (BlockDeletingService.java:isDeletionAllowed(187)) - Close Container log Index 6 is not replicated across allthe servers in the pipeline 376e765d-a5bf-4b1f-a23f-db82ea1b0560 as the min replicated index is 4. Deletion is not allowed in this container yet.
2019-10-24 11:48:04,895 [BlockDeletingService#2] WARN  background.BlockDeletingService (BlockDeletingService.java:isDeletionAllowed(187)) - Close Container log Index 6 is not replicated across allthe servers in the pipeline 376e765d-a5bf-4b1f-a23f-db82ea1b0560 as the min replicated index is 4. Deletion is not allowed in this container yet.
2019-10-24 11:48:05,660 [pool-7-thread-3] INFO  commands.RetriableDatanodeEventWatcher (RetriableDatanodeEventWatcher.java:onTimeout(47)) - RetriableDatanodeCommand type=deleteBlocksCommand with id=1571917678658 timed out. Retrying.
2019-10-24 11:48:05,660 [pool-7-thread-4] INFO  commands.RetriableDatanodeEventWatcher (RetriableDatanodeEventWatcher.java:onTimeout(47)) - RetriableDatanodeCommand type=deleteBlocksCommand with id=1571917678660 timed out. Retrying.
2019-10-24 11:48:05,662 [pool-7-thread-3] INFO  commands.RetriableDatanodeEventWatcher (RetriableDatanodeEventWatcher.java:onTimeout(47)) - RetriableDatanodeCommand type=deleteBlocksCommand with id=1571917678662 timed out. Retrying.
2019-10-24 11:48:05,662 [pool-7-thread-1] INFO  commands.RetriableDatanodeEventWatcher (RetriableDatanodeEventWatcher.java:onTimeout(47)) - RetriableDatanodeCommand type=deleteBlocksCommand with id=1571917678655 timed out. Retrying.
2019-10-24 11:48:05,662 [pool-7-thread-2] INFO  commands.RetriableDatanodeEventWatcher (RetriableDatanodeEventWatcher.java:onTimeout(47)) - RetriableDatanodeCommand type=deleteBlocksCommand with id=1571917678664 timed out. Retrying.
2019-10-24 11:48:05,662 [pool-7-thread-4] INFO  commands.RetriableDatanodeEventWatcher (RetriableDatanodeEventWatcher.java:onTimeout(47)) - RetriableDatanodeCommand type=deleteBlocksCommand with id=1571917678663 timed out. Retrying.
2019-10-24 11:48:05,664 [pool-7-thread-4] INFO  commands.RetriableDatanodeEventWatcher (RetriableDatanodeEventWatcher.java:onTimeout(47)) - RetriableDatanodeCommand type=deleteBlocksCommand with id=1571917678665 timed out. Retrying.
2019-10-24 11:48:05,665 [SCMBlockDeletingService#1] INFO  block.SCMBlockDeletingService (SCMBlockDeletingService.java:call(184)) - Totally added 1 delete blocks command for 1 datanodes, task elapsed time: 1ms
2019-10-24 11:48:05,896 [BlockDeletingService#2] WARN  background.BlockDeletingService (BlockDeletingService.java:isDeletionAllowed(187)) - Close Container log Index 6 is not replicated across allthe servers in the pipeline 376e765d-a5bf-4b1f-a23f-db82ea1b0560 as the min replicated index is 4. Deletion is not allowed in this container yet.
2019-10-24 11:48:05,896 [BlockDeletingService#2] WARN  background.BlockDeletingService (BlockDeletingService.java:isDeletionAllowed(187)) - Close Container log Index 6 is not replicated across allthe servers in the pipeline 376e765d-a5bf-4b1f-a23f-db82ea1b0560 as the min replicated index is 4. Deletion is not allowed in this container yet.
2019-10-24 11:48:06,404 [EventQueue-PendingDeleteStatusForPendingDeleteHandler] INFO  block.SCMBlockDeletingService (SCMBlockDeletingService.java:handlePendingDeletes(115)) - Block deletion txnID mismatch in datanode c50ed3b6-ed09-4007-97fb-753acd29cc2b for containerID 1. Datanode delete txnID: 0, SCM txnID: 1
2019-10-24 11:48:06,476 [grpc-default-executor-0] INFO  impl.RaftServerProxy (RaftServerProxy.java:addNew(89)) - c50ed3b6-ed09-4007-97fb-753acd29cc2b: addNew group-E7A2A7A098DE:[c50ed3b6-ed09-4007-97fb-753acd29cc2b:192.168.157.222:42942] returns group-E7A2A7A098DE:java.util.concurrent.CompletableFuture@5517db02[Not completed]
2019-10-24 11:48:06,479 [pool-59-thread-1] INFO  impl.RaftServerImpl (RaftServerImpl.java:<init>(98)) - c50ed3b6-ed09-4007-97fb-753acd29cc2b: new RaftServerImpl for group-E7A2A7A098DE:[c50ed3b6-ed09-4007-97fb-753acd29cc2b:192.168.157.222:42942] with ContainerStateMachine:uninitialized
2019-10-24 11:48:06,480 [pool-59-thread-1] INFO  server.RaftServerConfigKeys (ConfUtils.java:logGet(43)) - raft.server.rpc.timeout.min = 5s (custom)
2019-10-24 11:48:06,480 [pool-59-thread-1] INFO  server.RaftServerConfigKeys (ConfUtils.java:logGet(43)) - raft.server.rpc.timeout.max = 5200ms (custom)
2019-10-24 11:48:06,480 [pool-59-thread-1] INFO  server.RaftServerConfigKeys (ConfUtils.java:logGet(43)) - raft.server.rpcslowness.timeout = 1000s (custom)
2019-10-24 11:48:06,480 [pool-59-thread-1] INFO  server.RaftServerConfigKeys (ConfUtils.java:logGet(43)) - raft.server.sleep.deviation.threshold = 300 (default)
2019-10-24 11:48:06,480 [pool-59-thread-1] INFO  server.RaftServerConfigKeys (ConfUtils.java:logGet(43)) - raft.server.log.appender.install.snapshot.enabled = false (custom)
2019-10-24 11:48:06,480 [pool-59-thread-1] INFO  impl.RaftServerImpl (ServerState.java:<init>(103)) - c50ed3b6-ed09-4007-97fb-753acd29cc2b@group-E7A2A7A098DE: ConfigurationManager, init=-1: [c50ed3b6-ed09-4007-97fb-753acd29cc2b:192.168.157.222:42942], old=null, confs=<EMPTY_MAP>
2019-10-24 11:48:06,481 [pool-59-thread-1] INFO  server.RaftServerConfigKeys (ConfUtils.java:logGet(43)) - raft.server.storage.dir = [/workdir/hadoop-ozone/integration-test/target/test-dir/MiniOzoneClusterImpl-7ce79f69-7e7f-4d83-a6bf-fd0497776909/datanode-2/data/ratis] (custom)
2019-10-24 11:48:06,481 [pool-59-thread-1] INFO  server.RaftServerConfigKeys (ConfUtils.java:logGet(43)) - raft.server.log.corruption.policy = EXCEPTION (default)
2019-10-24 11:48:06,481 [pool-59-thread-1] INFO  storage.RaftStorageDirectory (RaftStorageDirectory.java:analyzeStorage(246)) - The storage directory /workdir/hadoop-ozone/integration-test/target/test-dir/MiniOzoneClusterImpl-7ce79f69-7e7f-4d83-a6bf-fd0497776909/datanode-2/data/ratis/064aba2b-25d7-4a15-86f4-e7a2a7a098de does not exist. Creating ...
2019-10-24 11:48:06,496 [pool-59-thread-1] INFO  storage.RaftStorageDirectory (RaftStorageDirectory.java:tryLock(328)) - Lock on /workdir/hadoop-ozone/integration-test/target/test-dir/MiniOzoneClusterImpl-7ce79f69-7e7f-4d83-a6bf-fd0497776909/datanode-2/data/ratis/064aba2b-25d7-4a15-86f4-e7a2a7a098de/in_use.lock acquired by nodename 2241@pr-hdds-1701-wjnxn-4111008579
2019-10-24 11:48:06,504 [EventQueue-PendingDeleteStatusForPendingDeleteHandler] INFO  block.SCMBlockDeletingService (SCMBlockDeletingService.java:handlePendingDeletes(115)) - Block deletion txnID mismatch in datanode c50ed3b6-ed09-4007-97fb-753acd29cc2b for containerID 1. Datanode delete txnID: 0, SCM txnID: 1
2019-10-24 11:48:06,509 [pool-59-thread-1] INFO  storage.RaftStorage (RaftStorage.java:format(84)) - Storage directory /workdir/hadoop-ozone/integration-test/target/test-dir/MiniOzoneClusterImpl-7ce79f69-7e7f-4d83-a6bf-fd0497776909/datanode-2/data/ratis/064aba2b-25d7-4a15-86f4-e7a2a7a098de has been successfully formatted.
2019-10-24 11:48:06,510 [pool-59-thread-1] INFO  ratis.ContainerStateMachine (ContainerStateMachine.java:loadSnapshot(231)) - group-E7A2A7A098DE: The snapshot info is null. Setting the last applied indexto:(t:0, i:~)
2019-10-24 11:48:06,510 [pool-59-thread-1] INFO  server.RaftServerConfigKeys (ConfUtils.java:logGet(43)) - raft.server.notification.no-leader.timeout = 1000s (custom)
2019-10-24 11:48:06,510 [pool-59-thread-1] INFO  server.RaftServerConfigKeys (ConfUtils.java:logGet(43)) - raft.server.log.use.memory = false (default)
2019-10-24 11:48:06,510 [pool-59-thread-1] INFO  server.RaftServerConfigKeys (ConfUtils.java:logGet(43)) - raft.server.log.purge.gap = 1000000 (custom)
2019-10-24 11:48:06,511 [pool-59-thread-1] INFO  server.RaftServerConfigKeys (ConfUtils.java:logGet(43)) - raft.server.log.appender.buffer.byte-limit = 33554432 (custom)
2019-10-24 11:48:06,511 [pool-59-thread-1] INFO  server.RaftServerConfigKeys (ConfUtils.java:logGet(43)) - raft.server.log.segment.size.max = 1048576 (custom)
2019-10-24 11:48:06,511 [pool-59-thread-1] INFO  server.RaftServerConfigKeys (ConfUtils.java:logGet(43)) - raft.server.log.segment.cache.num.max = 2 (custom)
2019-10-24 11:48:06,511 [pool-59-thread-1] INFO  segmented.SegmentedRaftLogWorker (SegmentedRaftLogWorker.java:<init>(173)) - new c50ed3b6-ed09-4007-97fb-753acd29cc2b@group-E7A2A7A098DE-SegmentedRaftLogWorker for RaftStorage:Storage Directory /workdir/hadoop-ozone/integration-test/target/test-dir/MiniOzoneClusterImpl-7ce79f69-7e7f-4d83-a6bf-fd0497776909/datanode-2/data/ratis/064aba2b-25d7-4a15-86f4-e7a2a7a098de
2019-10-24 11:48:06,511 [pool-59-thread-1] INFO  server.RaftServerConfigKeys (ConfUtils.java:logGet(43)) - raft.server.log.queue.byte-limit = 2147483647 (custom)
2019-10-24 11:48:06,511 [pool-59-thread-1] INFO  server.RaftServerConfigKeys (ConfUtils.java:logGet(43)) - raft.server.log.queue.element-limit = 1024 (custom)
2019-10-24 11:48:06,512 [pool-59-thread-1] INFO  server.RaftServerConfigKeys (ConfUtils.java:logGet(43)) - raft.server.log.segment.size.max = 1048576 (custom)
2019-10-24 11:48:06,512 [pool-59-thread-1] INFO  server.RaftServerConfigKeys (ConfUtils.java:logGet(43)) - raft.server.log.preallocated.size = 16384 (custom)
2019-10-24 11:48:06,512 [pool-59-thread-1] INFO  server.RaftServerConfigKeys (ConfUtils.java:logGet(43)) - raft.server.log.write.buffer.size = 33554432 (custom)
2019-10-24 11:48:06,512 [pool-59-thread-1] INFO  server.RaftServerConfigKeys (ConfUtils.java:logGet(43)) - raft.server.log.force.sync.num = 128 (default)
2019-10-24 11:48:06,512 [pool-59-thread-1] INFO  server.RaftServerConfigKeys (ConfUtils.java:logGet(43)) - raft.server.log.statemachine.data.sync = true (default)
2019-10-24 11:48:06,512 [pool-59-thread-1] INFO  server.RaftServerConfigKeys (ConfUtils.java:logGet(43)) - raft.server.log.statemachine.data.sync.timeout = 10s (default)
2019-10-24 11:48:06,513 [pool-59-thread-1] INFO  server.RaftServerConfigKeys (ConfUtils.java:logGet(43)) - raft.server.log.statemachine.data.sync.timeout.retry = -1 (default)
2019-10-24 11:48:06,513 [pool-59-thread-1] INFO  server.RaftServerConfigKeys (ConfUtils.java:logGet(43)) - raft.server.log.statemachine.data.caching.enabled = true (custom)
2019-10-24 11:48:06,513 [pool-59-thread-1] INFO  segmented.SegmentedRaftLogWorker (SegmentedRaftLogWorker.java:lambda$new$0(128)) - c50ed3b6-ed09-4007-97fb-753acd29cc2b@group-E7A2A7A098DE-SegmentedRaftLogWorker: flushIndex: setUnconditionally 0 -> -1
2019-10-24 11:48:06,514 [pool-59-thread-1] INFO  server.RaftServerConfigKeys (ConfUtils.java:logGet(43)) - raft.server.snapshot.auto.trigger.enabled = true (custom)
2019-10-24 11:48:06,514 [pool-59-thread-1] INFO  server.RaftServerConfigKeys (ConfUtils.java:logGet(43)) - raft.server.snapshot.auto.trigger.threshold = 10000 (custom)
2019-10-24 11:48:06,514 [pool-59-thread-1] INFO  server.RaftServerConfigKeys (ConfUtils.java:logGet(43)) - raft.server.snapshot.retention.file.num = 5 (custom)
2019-10-24 11:48:06,514 [pool-59-thread-1] INFO  server.RaftServerConfigKeys (ConfUtils.java:logGet(43)) - raft.server.retrycache.expirytime = 600000ms (custom)
2019-10-24 11:48:06,515 [pool-59-thread-1] WARN  impl.MetricRegistriesImpl (MetricRegistriesImpl.java:lambda$create$1(61)) - First MetricRegistry has been created without registering reporters. You may need to call MetricRegistries.global().addReportRegistration(...) before.
2019-10-24 11:48:06,515 [pool-59-thread-1] WARN  impl.MetricRegistriesImpl (MetricRegistriesImpl.java:lambda$create$1(61)) - First MetricRegistry has been created without registering reporters. You may need to call MetricRegistries.global().addReportRegistration(...) before.
2019-10-24 11:48:06,515 [pool-59-thread-1] INFO  impl.RaftServerImpl (RaftServerImpl.java:start(184)) - c50ed3b6-ed09-4007-97fb-753acd29cc2b@group-E7A2A7A098DE: start as a follower, conf=-1: [c50ed3b6-ed09-4007-97fb-753acd29cc2b:192.168.157.222:42942], old=null
2019-10-24 11:48:06,515 [pool-59-thread-1] INFO  impl.RaftServerImpl (RaftServerImpl.java:setRole(173)) - c50ed3b6-ed09-4007-97fb-753acd29cc2b@group-E7A2A7A098DE: changes role from      null to FOLLOWER at term 0 for startAsFollower
2019-10-24 11:48:06,516 [pool-59-thread-1] INFO  impl.RoleInfo (RoleInfo.java:updateAndGet(143)) - c50ed3b6-ed09-4007-97fb-753acd29cc2b: start FollowerState
2019-10-24 11:48:06,516 [pool-59-thread-1] INFO  util.JmxRegister (JmxRegister.java:tryRegister(44)) - Successfully registered JMX Bean with object name Ratis:service=RaftServer,group=group-E7A2A7A098DE,id=c50ed3b6-ed09-4007-97fb-753acd29cc2b
2019-10-24 11:48:06,516 [pool-59-thread-1] WARN  impl.MetricRegistriesImpl (MetricRegistriesImpl.java:lambda$create$1(61)) - First MetricRegistry has been created without registering reporters. You may need to call MetricRegistries.global().addReportRegistration(...) before.
2019-10-24 11:48:06,524 [RatisPipelineUtilsThread] INFO  pipeline.PipelineStateManager (PipelineStateManager.java:addPipeline(56)) - Created pipeline Pipeline[ Id: 064aba2b-25d7-4a15-86f4-e7a2a7a098de, Nodes: c50ed3b6-ed09-4007-97fb-753acd29cc2b{ip: 192.168.157.222, host: pr-hdds-1701-wjnxn-4111008579, networkLocation: /default-rack, certSerialId: null}, Type:RATIS, Factor:ONE, State:OPEN]
2019-10-24 11:48:06,537 [grpc-default-executor-2] INFO  impl.RaftServerProxy (RaftServerProxy.java:addNew(89)) - 9c614e94-540a-4713-aa04-685a3a141a15: addNew group-A509D60FB17F:[c50ed3b6-ed09-4007-97fb-753acd29cc2b:192.168.157.222:42942, 9c614e94-540a-4713-aa04-685a3a141a15:192.168.157.222:45068, 6ef47ec4-f888-4c0a-9473-d3351b934030:192.168.157.222:45627] returns group-A509D60FB17F:java.util.concurrent.CompletableFuture@6005eeb1[Not completed]
2019-10-24 11:48:06,537 [grpc-default-executor-4] INFO  impl.RaftServerProxy (RaftServerProxy.java:addNew(89)) - 6ef47ec4-f888-4c0a-9473-d3351b934030: addNew group-A509D60FB17F:[c50ed3b6-ed09-4007-97fb-753acd29cc2b:192.168.157.222:42942, 9c614e94-540a-4713-aa04-685a3a141a15:192.168.157.222:45068, 6ef47ec4-f888-4c0a-9473-d3351b934030:192.168.157.222:45627] returns group-A509D60FB17F:java.util.concurrent.CompletableFuture@3a6e5f52[Not completed]
2019-10-24 11:48:06,537 [grpc-default-executor-0] INFO  impl.RaftServerProxy (RaftServerProxy.java:addNew(89)) - c50ed3b6-ed09-4007-97fb-753acd29cc2b: addNew group-A509D60FB17F:[c50ed3b6-ed09-4007-97fb-753acd29cc2b:192.168.157.222:42942, 9c614e94-540a-4713-aa04-685a3a141a15:192.168.157.222:45068, 6ef47ec4-f888-4c0a-9473-d3351b934030:192.168.157.222:45627] returns group-A509D60FB17F:java.util.concurrent.CompletableFuture@35d5d6df[Not completed]
2019-10-24 11:48:06,539 [pool-27-thread-1] INFO  impl.RaftServerImpl (RaftServerImpl.java:<init>(98)) - 9c614e94-540a-4713-aa04-685a3a141a15: new RaftServerImpl for group-A509D60FB17F:[c50ed3b6-ed09-4007-97fb-753acd29cc2b:192.168.157.222:42942, 9c614e94-540a-4713-aa04-685a3a141a15:192.168.157.222:45068, 6ef47ec4-f888-4c0a-9473-d3351b934030:192.168.157.222:45627] with ContainerStateMachine:uninitialized
2019-10-24 11:48:06,539 [pool-27-thread-1] INFO  server.RaftServerConfigKeys (ConfUtils.java:logGet(43)) - raft.server.rpc.timeout.min = 5s (custom)
2019-10-24 11:48:06,539 [pool-27-thread-1] INFO  server.RaftServerConfigKeys (ConfUtils.java:logGet(43)) - raft.server.rpc.timeout.max = 5200ms (custom)
2019-10-24 11:48:06,539 [pool-27-thread-1] INFO  server.RaftServerConfigKeys (ConfUtils.java:logGet(43)) - raft.server.rpcslowness.timeout = 1000s (custom)
2019-10-24 11:48:06,539 [pool-27-thread-1] INFO  server.RaftServerConfigKeys (ConfUtils.java:logGet(43)) - raft.server.sleep.deviation.threshold = 300 (default)
2019-10-24 11:48:06,540 [pool-27-thread-1] INFO  server.RaftServerConfigKeys (ConfUtils.java:logGet(43)) - raft.server.log.appender.install.snapshot.enabled = false (custom)
2019-10-24 11:48:06,540 [pool-27-thread-1] INFO  impl.RaftServerImpl (ServerState.java:<init>(103)) - 9c614e94-540a-4713-aa04-685a3a141a15@group-A509D60FB17F: ConfigurationManager, init=-1: [c50ed3b6-ed09-4007-97fb-753acd29cc2b:192.168.157.222:42942, 9c614e94-540a-4713-aa04-685a3a141a15:192.168.157.222:45068, 6ef47ec4-f888-4c0a-9473-d3351b934030:192.168.157.222:45627], old=null, confs=<EMPTY_MAP>
2019-10-24 11:48:06,540 [pool-37-thread-1] INFO  impl.RaftServerImpl (RaftServerImpl.java:<init>(98)) - 6ef47ec4-f888-4c0a-9473-d3351b934030: new RaftServerImpl for group-A509D60FB17F:[c50ed3b6-ed09-4007-97fb-753acd29cc2b:192.168.157.222:42942, 9c614e94-540a-4713-aa04-685a3a141a15:192.168.157.222:45068, 6ef47ec4-f888-4c0a-9473-d3351b934030:192.168.157.222:45627] with ContainerStateMachine:uninitialized
2019-10-24 11:48:06,540 [pool-27-thread-1] INFO  server.RaftServerConfigKeys (ConfUtils.java:logGet(43)) - raft.server.storage.dir = [/workdir/hadoop-ozone/integration-test/target/test-dir/MiniOzoneClusterImpl-7ce79f69-7e7f-4d83-a6bf-fd0497776909/datanode-0/data/ratis] (custom)
2019-10-24 11:48:06,540 [pool-37-thread-1] INFO  server.RaftServerConfigKeys (ConfUtils.java:logGet(43)) - raft.server.rpc.timeout.min = 5s (custom)
2019-10-24 11:48:06,540 [pool-37-thread-1] INFO  server.RaftServerConfigKeys (ConfUtils.java:logGet(43)) - raft.server.rpc.timeout.max = 5200ms (custom)
2019-10-24 11:48:06,540 [pool-27-thread-1] INFO  server.RaftServerConfigKeys (ConfUtils.java:logGet(43)) - raft.server.log.corruption.policy = EXCEPTION (default)
2019-10-24 11:48:06,540 [pool-37-thread-1] INFO  server.RaftServerConfigKeys (ConfUtils.java:logGet(43)) - raft.server.rpcslowness.timeout = 1000s (custom)
2019-10-24 11:48:06,541 [pool-37-thread-1] INFO  server.RaftServerConfigKeys (ConfUtils.java:logGet(43)) - raft.server.sleep.deviation.threshold = 300 (default)
2019-10-24 11:48:06,541 [pool-27-thread-1] INFO  storage.RaftStorageDirectory (RaftStorageDirectory.java:analyzeStorage(246)) - The storage directory /workdir/hadoop-ozone/integration-test/target/test-dir/MiniOzoneClusterImpl-7ce79f69-7e7f-4d83-a6bf-fd0497776909/datanode-0/data/ratis/45d15ac3-05fa-4528-8ec3-a509d60fb17f does not exist. Creating ...
2019-10-24 11:48:06,541 [pool-59-thread-1] INFO  impl.RaftServerImpl (RaftServerImpl.java:<init>(98)) - c50ed3b6-ed09-4007-97fb-753acd29cc2b: new RaftServerImpl for group-A509D60FB17F:[c50ed3b6-ed09-4007-97fb-753acd29cc2b:192.168.157.222:42942, 9c614e94-540a-4713-aa04-685a3a141a15:192.168.157.222:45068, 6ef47ec4-f888-4c0a-9473-d3351b934030:192.168.157.222:45627] with ContainerStateMachine:uninitialized
2019-10-24 11:48:06,541 [pool-37-thread-1] INFO  server.RaftServerConfigKeys (ConfUtils.java:logGet(43)) - raft.server.log.appender.install.snapshot.enabled = false (custom)
2019-10-24 11:48:06,541 [pool-59-thread-1] INFO  server.RaftServerConfigKeys (ConfUtils.java:logGet(43)) - raft.server.rpc.timeout.min = 5s (custom)
2019-10-24 11:48:06,541 [pool-37-thread-1] INFO  impl.RaftServerImpl (ServerState.java:<init>(103)) - 6ef47ec4-f888-4c0a-9473-d3351b934030@group-A509D60FB17F: ConfigurationManager, init=-1: [c50ed3b6-ed09-4007-97fb-753acd29cc2b:192.168.157.222:42942, 9c614e94-540a-4713-aa04-685a3a141a15:192.168.157.222:45068, 6ef47ec4-f888-4c0a-9473-d3351b934030:192.168.157.222:45627], old=null, confs=<EMPTY_MAP>
2019-10-24 11:48:06,541 [pool-59-thread-1] INFO  server.RaftServerConfigKeys (ConfUtils.java:logGet(43)) - raft.server.rpc.timeout.max = 5200ms (custom)
2019-10-24 11:48:06,541 [pool-37-thread-1] INFO  server.RaftServerConfigKeys (ConfUtils.java:logGet(43)) - raft.server.storage.dir = [/workdir/hadoop-ozone/integration-test/target/test-dir/MiniOzoneClusterImpl-7ce79f69-7e7f-4d83-a6bf-fd0497776909/datanode-1/data/ratis] (custom)
2019-10-24 11:48:06,542 [pool-59-thread-1] INFO  server.RaftServerConfigKeys (ConfUtils.java:logGet(43)) - raft.server.rpcslowness.timeout = 1000s (custom)
2019-10-24 11:48:06,542 [pool-59-thread-1] INFO  server.RaftServerConfigKeys (ConfUtils.java:logGet(43)) - raft.server.sleep.deviation.threshold = 300 (default)
2019-10-24 11:48:06,542 [pool-37-thread-1] INFO  server.RaftServerConfigKeys (ConfUtils.java:logGet(43)) - raft.server.log.corruption.policy = EXCEPTION (default)
2019-10-24 11:48:06,542 [pool-59-thread-1] INFO  server.RaftServerConfigKeys (ConfUtils.java:logGet(43)) - raft.server.log.appender.install.snapshot.enabled = false (custom)
2019-10-24 11:48:06,542 [pool-37-thread-1] INFO  storage.RaftStorageDirectory (RaftStorageDirectory.java:analyzeStorage(246)) - The storage directory /workdir/hadoop-ozone/integration-test/target/test-dir/MiniOzoneClusterImpl-7ce79f69-7e7f-4d83-a6bf-fd0497776909/datanode-1/data/ratis/45d15ac3-05fa-4528-8ec3-a509d60fb17f does not exist. Creating ...
2019-10-24 11:48:06,542 [pool-59-thread-1] INFO  impl.RaftServerImpl (ServerState.java:<init>(103)) - c50ed3b6-ed09-4007-97fb-753acd29cc2b@group-A509D60FB17F: ConfigurationManager, init=-1: [c50ed3b6-ed09-4007-97fb-753acd29cc2b:192.168.157.222:42942, 9c614e94-540a-4713-aa04-685a3a141a15:192.168.157.222:45068, 6ef47ec4-f888-4c0a-9473-d3351b934030:192.168.157.222:45627], old=null, confs=<EMPTY_MAP>
2019-10-24 11:48:06,542 [pool-59-thread-1] INFO  server.RaftServerConfigKeys (ConfUtils.java:logGet(43)) - raft.server.storage.dir = [/workdir/hadoop-ozone/integration-test/target/test-dir/MiniOzoneClusterImpl-7ce79f69-7e7f-4d83-a6bf-fd0497776909/datanode-2/data/ratis] (custom)
2019-10-24 11:48:06,543 [pool-59-thread-1] INFO  server.RaftServerConfigKeys (ConfUtils.java:logGet(43)) - raft.server.log.corruption.policy = EXCEPTION (default)
2019-10-24 11:48:06,543 [pool-59-thread-1] INFO  storage.RaftStorageDirectory (RaftStorageDirectory.java:analyzeStorage(246)) - The storage directory /workdir/hadoop-ozone/integration-test/target/test-dir/MiniOzoneClusterImpl-7ce79f69-7e7f-4d83-a6bf-fd0497776909/datanode-2/data/ratis/45d15ac3-05fa-4528-8ec3-a509d60fb17f does not exist. Creating ...
2019-10-24 11:48:06,554 [pool-59-thread-1] INFO  storage.RaftStorageDirectory (RaftStorageDirectory.java:tryLock(328)) - Lock on /workdir/hadoop-ozone/integration-test/target/test-dir/MiniOzoneClusterImpl-7ce79f69-7e7f-4d83-a6bf-fd0497776909/datanode-2/data/ratis/45d15ac3-05fa-4528-8ec3-a509d60fb17f/in_use.lock acquired by nodename 2241@pr-hdds-1701-wjnxn-4111008579
2019-10-24 11:48:06,555 [pool-27-thread-1] INFO  storage.RaftStorageDirectory (RaftStorageDirectory.java:tryLock(328)) - Lock on /workdir/hadoop-ozone/integration-test/target/test-dir/MiniOzoneClusterImpl-7ce79f69-7e7f-4d83-a6bf-fd0497776909/datanode-0/data/ratis/45d15ac3-05fa-4528-8ec3-a509d60fb17f/in_use.lock acquired by nodename 2241@pr-hdds-1701-wjnxn-4111008579
2019-10-24 11:48:06,554 [pool-37-thread-1] INFO  storage.RaftStorageDirectory (RaftStorageDirectory.java:tryLock(328)) - Lock on /workdir/hadoop-ozone/integration-test/target/test-dir/MiniOzoneClusterImpl-7ce79f69-7e7f-4d83-a6bf-fd0497776909/datanode-1/data/ratis/45d15ac3-05fa-4528-8ec3-a509d60fb17f/in_use.lock acquired by nodename 2241@pr-hdds-1701-wjnxn-4111008579
2019-10-24 11:48:06,568 [pool-37-thread-1] INFO  storage.RaftStorage (RaftStorage.java:format(84)) - Storage directory /workdir/hadoop-ozone/integration-test/target/test-dir/MiniOzoneClusterImpl-7ce79f69-7e7f-4d83-a6bf-fd0497776909/datanode-1/data/ratis/45d15ac3-05fa-4528-8ec3-a509d60fb17f has been successfully formatted.
2019-10-24 11:48:06,568 [pool-59-thread-1] INFO  storage.RaftStorage (RaftStorage.java:format(84)) - Storage directory /workdir/hadoop-ozone/integration-test/target/test-dir/MiniOzoneClusterImpl-7ce79f69-7e7f-4d83-a6bf-fd0497776909/datanode-2/data/ratis/45d15ac3-05fa-4528-8ec3-a509d60fb17f has been successfully formatted.
2019-10-24 11:48:06,568 [pool-27-thread-1] INFO  storage.RaftStorage (RaftStorage.java:format(84)) - Storage directory /workdir/hadoop-ozone/integration-test/target/test-dir/MiniOzoneClusterImpl-7ce79f69-7e7f-4d83-a6bf-fd0497776909/datanode-0/data/ratis/45d15ac3-05fa-4528-8ec3-a509d60fb17f has been successfully formatted.
2019-10-24 11:48:06,568 [pool-37-thread-1] INFO  ratis.ContainerStateMachine (ContainerStateMachine.java:loadSnapshot(231)) - group-A509D60FB17F: The snapshot info is null. Setting the last applied indexto:(t:0, i:~)
2019-10-24 11:48:06,569 [pool-59-thread-1] INFO  ratis.ContainerStateMachine (ContainerStateMachine.java:loadSnapshot(231)) - group-A509D60FB17F: The snapshot info is null. Setting the last applied indexto:(t:0, i:~)
2019-10-24 11:48:06,569 [pool-27-thread-1] INFO  ratis.ContainerStateMachine (ContainerStateMachine.java:loadSnapshot(231)) - group-A509D60FB17F: The snapshot info is null. Setting the last applied indexto:(t:0, i:~)
2019-10-24 11:48:06,569 [pool-37-thread-1] INFO  server.RaftServerConfigKeys (ConfUtils.java:logGet(43)) - raft.server.notification.no-leader.timeout = 1000s (custom)
2019-10-24 11:48:06,569 [pool-27-thread-1] INFO  server.RaftServerConfigKeys (ConfUtils.java:logGet(43)) - raft.server.notification.no-leader.timeout = 1000s (custom)
2019-10-24 11:48:06,569 [pool-59-thread-1] INFO  server.RaftServerConfigKeys (ConfUtils.java:logGet(43)) - raft.server.notification.no-leader.timeout = 1000s (custom)
2019-10-24 11:48:06,569 [pool-27-thread-1] INFO  server.RaftServerConfigKeys (ConfUtils.java:logGet(43)) - raft.server.log.use.memory = false (default)
2019-10-24 11:48:06,569 [pool-37-thread-1] INFO  server.RaftServerConfigKeys (ConfUtils.java:logGet(43)) - raft.server.log.use.memory = false (default)
2019-10-24 11:48:06,570 [pool-27-thread-1] INFO  server.RaftServerConfigKeys (ConfUtils.java:logGet(43)) - raft.server.log.purge.gap = 1000000 (custom)
2019-10-24 11:48:06,569 [pool-59-thread-1] INFO  server.RaftServerConfigKeys (ConfUtils.java:logGet(43)) - raft.server.log.use.memory = false (default)
2019-10-24 11:48:06,570 [pool-27-thread-1] INFO  server.RaftServerConfigKeys (ConfUtils.java:logGet(43)) - raft.server.log.appender.buffer.byte-limit = 33554432 (custom)
2019-10-24 11:48:06,570 [pool-37-thread-1] INFO  server.RaftServerConfigKeys (ConfUtils.java:logGet(43)) - raft.server.log.purge.gap = 1000000 (custom)
2019-10-24 11:48:06,570 [pool-27-thread-1] INFO  server.RaftServerConfigKeys (ConfUtils.java:logGet(43)) - raft.server.log.segment.size.max = 1048576 (custom)
2019-10-24 11:48:06,570 [pool-59-thread-1] INFO  server.RaftServerConfigKeys (ConfUtils.java:logGet(43)) - raft.server.log.purge.gap = 1000000 (custom)
2019-10-24 11:48:06,570 [pool-27-thread-1] INFO  server.RaftServerConfigKeys (ConfUtils.java:logGet(43)) - raft.server.log.segment.cache.num.max = 2 (custom)
2019-10-24 11:48:06,570 [pool-37-thread-1] INFO  server.RaftServerConfigKeys (ConfUtils.java:logGet(43)) - raft.server.log.appender.buffer.byte-limit = 33554432 (custom)
2019-10-24 11:48:06,570 [pool-27-thread-1] INFO  segmented.SegmentedRaftLogWorker (SegmentedRaftLogWorker.java:<init>(173)) - new 9c614e94-540a-4713-aa04-685a3a141a15@group-A509D60FB17F-SegmentedRaftLogWorker for RaftStorage:Storage Directory /workdir/hadoop-ozone/integration-test/target/test-dir/MiniOzoneClusterImpl-7ce79f69-7e7f-4d83-a6bf-fd0497776909/datanode-0/data/ratis/45d15ac3-05fa-4528-8ec3-a509d60fb17f
2019-10-24 11:48:06,570 [pool-59-thread-1] INFO  server.RaftServerConfigKeys (ConfUtils.java:logGet(43)) - raft.server.log.appender.buffer.byte-limit = 33554432 (custom)
2019-10-24 11:48:06,571 [pool-27-thread-1] INFO  server.RaftServerConfigKeys (ConfUtils.java:logGet(43)) - raft.server.log.queue.byte-limit = 2147483647 (custom)
2019-10-24 11:48:06,571 [pool-37-thread-1] INFO  server.RaftServerConfigKeys (ConfUtils.java:logGet(43)) - raft.server.log.segment.size.max = 1048576 (custom)
2019-10-24 11:48:06,571 [pool-27-thread-1] INFO  server.RaftServerConfigKeys (ConfUtils.java:logGet(43)) - raft.server.log.queue.element-limit = 1024 (custom)
2019-10-24 11:48:06,571 [pool-59-thread-1] INFO  server.RaftServerConfigKeys (ConfUtils.java:logGet(43)) - raft.server.log.segment.size.max = 1048576 (custom)
2019-10-24 11:48:06,571 [pool-27-thread-1] INFO  server.RaftServerConfigKeys (ConfUtils.java:logGet(43)) - raft.server.log.segment.size.max = 1048576 (custom)
2019-10-24 11:48:06,571 [pool-37-thread-1] INFO  server.RaftServerConfigKeys (ConfUtils.java:logGet(43)) - raft.server.log.segment.cache.num.max = 2 (custom)
2019-10-24 11:48:06,571 [pool-27-thread-1] INFO  server.RaftServerConfigKeys (ConfUtils.java:logGet(43)) - raft.server.log.preallocated.size = 16384 (custom)
2019-10-24 11:48:06,571 [pool-59-thread-1] INFO  server.RaftServerConfigKeys (ConfUtils.java:logGet(43)) - raft.server.log.segment.cache.num.max = 2 (custom)
2019-10-24 11:48:06,572 [pool-27-thread-1] INFO  server.RaftServerConfigKeys (ConfUtils.java:logGet(43)) - raft.server.log.write.buffer.size = 33554432 (custom)
2019-10-24 11:48:06,571 [pool-37-thread-1] INFO  segmented.SegmentedRaftLogWorker (SegmentedRaftLogWorker.java:<init>(173)) - new 6ef47ec4-f888-4c0a-9473-d3351b934030@group-A509D60FB17F-SegmentedRaftLogWorker for RaftStorage:Storage Directory /workdir/hadoop-ozone/integration-test/target/test-dir/MiniOzoneClusterImpl-7ce79f69-7e7f-4d83-a6bf-fd0497776909/datanode-1/data/ratis/45d15ac3-05fa-4528-8ec3-a509d60fb17f
2019-10-24 11:48:06,572 [pool-27-thread-1] INFO  server.RaftServerConfigKeys (ConfUtils.java:logGet(43)) - raft.server.log.force.sync.num = 128 (default)
2019-10-24 11:48:06,572 [pool-59-thread-1] INFO  segmented.SegmentedRaftLogWorker (SegmentedRaftLogWorker.java:<init>(173)) - new c50ed3b6-ed09-4007-97fb-753acd29cc2b@group-A509D60FB17F-SegmentedRaftLogWorker for RaftStorage:Storage Directory /workdir/hadoop-ozone/integration-test/target/test-dir/MiniOzoneClusterImpl-7ce79f69-7e7f-4d83-a6bf-fd0497776909/datanode-2/data/ratis/45d15ac3-05fa-4528-8ec3-a509d60fb17f
2019-10-24 11:48:06,572 [pool-27-thread-1] INFO  server.RaftServerConfigKeys (ConfUtils.java:logGet(43)) - raft.server.log.statemachine.data.sync = true (default)
2019-10-24 11:48:06,572 [pool-37-thread-1] INFO  server.RaftServerConfigKeys (ConfUtils.java:logGet(43)) - raft.server.log.queue.byte-limit = 2147483647 (custom)
2019-10-24 11:48:06,572 [pool-27-thread-1] INFO  server.RaftServerConfigKeys (ConfUtils.java:logGet(43)) - raft.server.log.statemachine.data.sync.timeout = 10s (default)
2019-10-24 11:48:06,572 [pool-59-thread-1] INFO  server.RaftServerConfigKeys (ConfUtils.java:logGet(43)) - raft.server.log.queue.byte-limit = 2147483647 (custom)
2019-10-24 11:48:06,573 [pool-27-thread-1] INFO  server.RaftServerConfigKeys (ConfUtils.java:logGet(43)) - raft.server.log.statemachine.data.sync.timeout.retry = -1 (default)
2019-10-24 11:48:06,572 [pool-37-thread-1] INFO  server.RaftServerConfigKeys (ConfUtils.java:logGet(43)) - raft.server.log.queue.element-limit = 1024 (custom)
2019-10-24 11:48:06,573 [pool-59-thread-1] INFO  server.RaftServerConfigKeys (ConfUtils.java:logGet(43)) - raft.server.log.queue.element-limit = 1024 (custom)
2019-10-24 11:48:06,573 [pool-27-thread-1] INFO  server.RaftServerConfigKeys (ConfUtils.java:logGet(43)) - raft.server.log.statemachine.data.caching.enabled = true (custom)
2019-10-24 11:48:06,573 [pool-37-thread-1] INFO  server.RaftServerConfigKeys (ConfUtils.java:logGet(43)) - raft.server.log.segment.size.max = 1048576 (custom)
2019-10-24 11:48:06,573 [pool-59-thread-1] INFO  server.RaftServerConfigKeys (ConfUtils.java:logGet(43)) - raft.server.log.segment.size.max = 1048576 (custom)
2019-10-24 11:48:06,573 [pool-27-thread-1] INFO  segmented.SegmentedRaftLogWorker (SegmentedRaftLogWorker.java:lambda$new$0(128)) - 9c614e94-540a-4713-aa04-685a3a141a15@group-A509D60FB17F-SegmentedRaftLogWorker: flushIndex: setUnconditionally 0 -> -1
2019-10-24 11:48:06,573 [pool-37-thread-1] INFO  server.RaftServerConfigKeys (ConfUtils.java:logGet(43)) - raft.server.log.preallocated.size = 16384 (custom)
2019-10-24 11:48:06,573 [pool-59-thread-1] INFO  server.RaftServerConfigKeys (ConfUtils.java:logGet(43)) - raft.server.log.preallocated.size = 16384 (custom)
2019-10-24 11:48:06,574 [pool-27-thread-1] INFO  server.RaftServerConfigKeys (ConfUtils.java:logGet(43)) - raft.server.snapshot.auto.trigger.enabled = true (custom)
2019-10-24 11:48:06,574 [pool-37-thread-1] INFO  server.RaftServerConfigKeys (ConfUtils.java:logGet(43)) - raft.server.log.write.buffer.size = 33554432 (custom)
2019-10-24 11:48:06,574 [pool-27-thread-1] INFO  server.RaftServerConfigKeys (ConfUtils.java:logGet(43)) - raft.server.snapshot.auto.trigger.threshold = 10000 (custom)
2019-10-24 11:48:06,574 [pool-27-thread-1] INFO  server.RaftServerConfigKeys (ConfUtils.java:logGet(43)) - raft.server.snapshot.retention.file.num = 5 (custom)
2019-10-24 11:48:06,574 [pool-59-thread-1] INFO  server.RaftServerConfigKeys (ConfUtils.java:logGet(43)) - raft.server.log.write.buffer.size = 33554432 (custom)
2019-10-24 11:48:06,574 [pool-27-thread-1] INFO  server.RaftServerConfigKeys (ConfUtils.java:logGet(43)) - raft.server.retrycache.expirytime = 600000ms (custom)
2019-10-24 11:48:06,574 [pool-37-thread-1] INFO  server.RaftServerConfigKeys (ConfUtils.java:logGet(43)) - raft.server.log.force.sync.num = 128 (default)
2019-10-24 11:48:06,575 [pool-27-thread-1] WARN  impl.MetricRegistriesImpl (MetricRegistriesImpl.java:lambda$create$1(61)) - First MetricRegistry has been created without registering reporters. You may need to call MetricRegistries.global().addReportRegistration(...) before.
2019-10-24 11:48:06,574 [pool-59-thread-1] INFO  server.RaftServerConfigKeys (ConfUtils.java:logGet(43)) - raft.server.log.force.sync.num = 128 (default)
2019-10-24 11:48:06,575 [pool-27-thread-1] WARN  impl.MetricRegistriesImpl (MetricRegistriesImpl.java:lambda$create$1(61)) - First MetricRegistry has been created without registering reporters. You may need to call MetricRegistries.global().addReportRegistration(...) before.
2019-10-24 11:48:06,575 [pool-37-thread-1] INFO  server.RaftServerConfigKeys (ConfUtils.java:logGet(43)) - raft.server.log.statemachine.data.sync = true (default)
2019-10-24 11:48:06,575 [pool-59-thread-1] INFO  server.RaftServerConfigKeys (ConfUtils.java:logGet(43)) - raft.server.log.statemachine.data.sync = true (default)
2019-10-24 11:48:06,575 [pool-37-thread-1] INFO  server.RaftServerConfigKeys (ConfUtils.java:logGet(43)) - raft.server.log.statemachine.data.sync.timeout = 10s (default)
2019-10-24 11:48:06,575 [pool-27-thread-1] INFO  impl.RaftServerImpl (RaftServerImpl.java:start(184)) - 9c614e94-540a-4713-aa04-685a3a141a15@group-A509D60FB17F: start as a follower, conf=-1: [c50ed3b6-ed09-4007-97fb-753acd29cc2b:192.168.157.222:42942, 9c614e94-540a-4713-aa04-685a3a141a15:192.168.157.222:45068, 6ef47ec4-f888-4c0a-9473-d3351b934030:192.168.157.222:45627], old=null
2019-10-24 11:48:06,575 [pool-37-thread-1] INFO  server.RaftServerConfigKeys (ConfUtils.java:logGet(43)) - raft.server.log.statemachine.data.sync.timeout.retry = -1 (default)
2019-10-24 11:48:06,575 [pool-59-thread-1] INFO  server.RaftServerConfigKeys (ConfUtils.java:logGet(43)) - raft.server.log.statemachine.data.sync.timeout = 10s (default)
2019-10-24 11:48:06,576 [pool-37-thread-1] INFO  server.RaftServerConfigKeys (ConfUtils.java:logGet(43)) - raft.server.log.statemachine.data.caching.enabled = true (custom)
2019-10-24 11:48:06,575 [pool-27-thread-1] INFO  impl.RaftServerImpl (RaftServerImpl.java:setRole(173)) - 9c614e94-540a-4713-aa04-685a3a141a15@group-A509D60FB17F: changes role from      null to FOLLOWER at term 0 for startAsFollower
2019-10-24 11:48:06,576 [pool-59-thread-1] INFO  server.RaftServerConfigKeys (ConfUtils.java:logGet(43)) - raft.server.log.statemachine.data.sync.timeout.retry = -1 (default)
2019-10-24 11:48:06,576 [pool-27-thread-1] INFO  impl.RoleInfo (RoleInfo.java:updateAndGet(143)) - 9c614e94-540a-4713-aa04-685a3a141a15: start FollowerState
2019-10-24 11:48:06,576 [pool-59-thread-1] INFO  server.RaftServerConfigKeys (ConfUtils.java:logGet(43)) - raft.server.log.statemachine.data.caching.enabled = true (custom)
2019-10-24 11:48:06,576 [pool-37-thread-1] INFO  segmented.SegmentedRaftLogWorker (SegmentedRaftLogWorker.java:lambda$new$0(128)) - 6ef47ec4-f888-4c0a-9473-d3351b934030@group-A509D60FB17F-SegmentedRaftLogWorker: flushIndex: setUnconditionally 0 -> -1
2019-10-24 11:48:06,577 [pool-27-thread-1] INFO  util.JmxRegister (JmxRegister.java:tryRegister(44)) - Successfully registered JMX Bean with object name Ratis:service=RaftServer,group=group-A509D60FB17F,id=9c614e94-540a-4713-aa04-685a3a141a15
2019-10-24 11:48:06,577 [pool-59-thread-1] INFO  segmented.SegmentedRaftLogWorker (SegmentedRaftLogWorker.java:lambda$new$0(128)) - c50ed3b6-ed09-4007-97fb-753acd29cc2b@group-A509D60FB17F-SegmentedRaftLogWorker: flushIndex: setUnconditionally 0 -> -1
2019-10-24 11:48:06,577 [pool-37-thread-1] INFO  server.RaftServerConfigKeys (ConfUtils.java:logGet(43)) - raft.server.snapshot.auto.trigger.enabled = true (custom)
2019-10-24 11:48:06,577 [pool-27-thread-1] WARN  impl.MetricRegistriesImpl (MetricRegistriesImpl.java:lambda$create$1(61)) - First MetricRegistry has been created without registering reporters. You may need to call MetricRegistries.global().addReportRegistration(...) before.
2019-10-24 11:48:06,577 [pool-37-thread-1] INFO  server.RaftServerConfigKeys (ConfUtils.java:logGet(43)) - raft.server.snapshot.auto.trigger.threshold = 10000 (custom)
2019-10-24 11:48:06,577 [pool-59-thread-1] INFO  server.RaftServerConfigKeys (ConfUtils.java:logGet(43)) - raft.server.snapshot.auto.trigger.enabled = true (custom)
2019-10-24 11:48:06,577 [pool-37-thread-1] INFO  server.RaftServerConfigKeys (ConfUtils.java:logGet(43)) - raft.server.snapshot.retention.file.num = 5 (custom)
2019-10-24 11:48:06,577 [pool-59-thread-1] INFO  server.RaftServerConfigKeys (ConfUtils.java:logGet(43)) - raft.server.snapshot.auto.trigger.threshold = 10000 (custom)
2019-10-24 11:48:06,577 [pool-37-thread-1] INFO  server.RaftServerConfigKeys (ConfUtils.java:logGet(43)) - raft.server.retrycache.expirytime = 600000ms (custom)
2019-10-24 11:48:06,577 [pool-59-thread-1] INFO  server.RaftServerConfigKeys (ConfUtils.java:logGet(43)) - raft.server.snapshot.retention.file.num = 5 (custom)
2019-10-24 11:48:06,578 [pool-37-thread-1] WARN  impl.MetricRegistriesImpl (MetricRegistriesImpl.java:lambda$create$1(61)) - First MetricRegistry has been created without registering reporters. You may need to call MetricRegistries.global().addReportRegistration(...) before.
2019-10-24 11:48:06,578 [pool-59-thread-1] INFO  server.RaftServerConfigKeys (ConfUtils.java:logGet(43)) - raft.server.retrycache.expirytime = 600000ms (custom)
2019-10-24 11:48:06,578 [pool-37-thread-1] WARN  impl.MetricRegistriesImpl (MetricRegistriesImpl.java:lambda$create$1(61)) - First MetricRegistry has been created without registering reporters. You may need to call MetricRegistries.global().addReportRegistration(...) before.
2019-10-24 11:48:06,578 [pool-59-thread-1] WARN  impl.MetricRegistriesImpl (MetricRegistriesImpl.java:lambda$create$1(61)) - First MetricRegistry has been created without registering reporters. You may need to call MetricRegistries.global().addReportRegistration(...) before.
2019-10-24 11:48:06,578 [pool-37-thread-1] INFO  impl.RaftServerImpl (RaftServerImpl.java:start(184)) - 6ef47ec4-f888-4c0a-9473-d3351b934030@group-A509D60FB17F: start as a follower, conf=-1: [c50ed3b6-ed09-4007-97fb-753acd29cc2b:192.168.157.222:42942, 9c614e94-540a-4713-aa04-685a3a141a15:192.168.157.222:45068, 6ef47ec4-f888-4c0a-9473-d3351b934030:192.168.157.222:45627], old=null
2019-10-24 11:48:06,578 [pool-59-thread-1] WARN  impl.MetricRegistriesImpl (MetricRegistriesImpl.java:lambda$create$1(61)) - First MetricRegistry has been created without registering reporters. You may need to call MetricRegistries.global().addReportRegistration(...) before.
2019-10-24 11:48:06,578 [pool-37-thread-1] INFO  impl.RaftServerImpl (RaftServerImpl.java:setRole(173)) - 6ef47ec4-f888-4c0a-9473-d3351b934030@group-A509D60FB17F: changes role from      null to FOLLOWER at term 0 for startAsFollower
2019-10-24 11:48:06,579 [pool-59-thread-1] INFO  impl.RaftServerImpl (RaftServerImpl.java:start(184)) - c50ed3b6-ed09-4007-97fb-753acd29cc2b@group-A509D60FB17F: start as a follower, conf=-1: [c50ed3b6-ed09-4007-97fb-753acd29cc2b:192.168.157.222:42942, 9c614e94-540a-4713-aa04-685a3a141a15:192.168.157.222:45068, 6ef47ec4-f888-4c0a-9473-d3351b934030:192.168.157.222:45627], old=null
2019-10-24 11:48:06,580 [pool-37-thread-1] INFO  impl.RoleInfo (RoleInfo.java:updateAndGet(143)) - 6ef47ec4-f888-4c0a-9473-d3351b934030: start FollowerState
2019-10-24 11:48:06,580 [pool-59-thread-1] INFO  impl.RaftServerImpl (RaftServerImpl.java:setRole(173)) - c50ed3b6-ed09-4007-97fb-753acd29cc2b@group-A509D60FB17F: changes role from      null to FOLLOWER at term 0 for startAsFollower
2019-10-24 11:48:06,580 [pool-59-thread-1] INFO  impl.RoleInfo (RoleInfo.java:updateAndGet(143)) - c50ed3b6-ed09-4007-97fb-753acd29cc2b: start FollowerState
2019-10-24 11:48:06,580 [pool-37-thread-1] INFO  util.JmxRegister (JmxRegister.java:tryRegister(44)) - Successfully registered JMX Bean with object name Ratis:service=RaftServer,group=group-A509D60FB17F,id=6ef47ec4-f888-4c0a-9473-d3351b934030
2019-10-24 11:48:06,580 [pool-37-thread-1] WARN  impl.MetricRegistriesImpl (MetricRegistriesImpl.java:lambda$create$1(61)) - First MetricRegistry has been created without registering reporters. You may need to call MetricRegistries.global().addReportRegistration(...) before.
2019-10-24 11:48:06,581 [pool-59-thread-1] INFO  util.JmxRegister (JmxRegister.java:tryRegister(44)) - Successfully registered JMX Bean with object name Ratis:service=RaftServer,group=group-A509D60FB17F,id=c50ed3b6-ed09-4007-97fb-753acd29cc2b
2019-10-24 11:48:06,582 [pool-59-thread-1] WARN  impl.MetricRegistriesImpl (MetricRegistriesImpl.java:lambda$create$1(61)) - First MetricRegistry has been created without registering reporters. You may need to call MetricRegistries.global().addReportRegistration(...) before.
2019-10-24 11:48:06,593 [RatisPipelineUtilsThread] INFO  pipeline.PipelineStateManager (PipelineStateManager.java:addPipeline(56)) - Created pipeline Pipeline[ Id: 45d15ac3-05fa-4528-8ec3-a509d60fb17f, Nodes: 9c614e94-540a-4713-aa04-685a3a141a15{ip: 192.168.157.222, host: pr-hdds-1701-wjnxn-4111008579, networkLocation: /default-rack, certSerialId: null}c50ed3b6-ed09-4007-97fb-753acd29cc2b{ip: 192.168.157.222, host: pr-hdds-1701-wjnxn-4111008579, networkLocation: /default-rack, certSerialId: null}6ef47ec4-f888-4c0a-9473-d3351b934030{ip: 192.168.157.222, host: pr-hdds-1701-wjnxn-4111008579, networkLocation: /default-rack, certSerialId: null}, Type:RATIS, Factor:THREE, State:OPEN]
2019-10-24 11:48:06,660 [pool-7-thread-2] INFO  commands.RetriableDatanodeEventWatcher (RetriableDatanodeEventWatcher.java:onTimeout(47)) - RetriableDatanodeCommand type=deleteBlocksCommand with id=1571917678658 timed out. Retrying.
2019-10-24 11:48:06,661 [pool-7-thread-4] INFO  commands.RetriableDatanodeEventWatcher (RetriableDatanodeEventWatcher.java:onTimeout(47)) - RetriableDatanodeCommand type=deleteBlocksCommand with id=1571917678660 timed out. Retrying.
2019-10-24 11:48:06,663 [pool-7-thread-2] INFO  commands.RetriableDatanodeEventWatcher (RetriableDatanodeEventWatcher.java:onTimeout(47)) - RetriableDatanodeCommand type=deleteBlocksCommand with id=1571917678662 timed out. Retrying.
2019-10-24 11:48:06,663 [pool-7-thread-3] INFO  commands.RetriableDatanodeEventWatcher (RetriableDatanodeEventWatcher.java:onTimeout(47)) - RetriableDatanodeCommand type=deleteBlocksCommand with id=1571917678664 timed out. Retrying.
2019-10-24 11:48:06,664 [pool-7-thread-1] INFO  commands.RetriableDatanodeEventWatcher (RetriableDatanodeEventWatcher.java:onTimeout(47)) - RetriableDatanodeCommand type=deleteBlocksCommand with id=1571917678655 timed out. Retrying.
2019-10-24 11:48:06,664 [pool-7-thread-4] INFO  commands.RetriableDatanodeEventWatcher (RetriableDatanodeEventWatcher.java:onTimeout(47)) - RetriableDatanodeCommand type=deleteBlocksCommand with id=1571917678663 timed out. Retrying.
2019-10-24 11:48:06,664 [pool-7-thread-4] INFO  commands.RetriableDatanodeEventWatcher (RetriableDatanodeEventWatcher.java:onTimeout(47)) - RetriableDatanodeCommand type=deleteBlocksCommand with id=1571917678665 timed out. Retrying.
2019-10-24 11:48:06,666 [pool-7-thread-4] INFO  commands.RetriableDatanodeEventWatcher (RetriableDatanodeEventWatcher.java:onTimeout(47)) - RetriableDatanodeCommand type=deleteBlocksCommand with id=1571917678666 timed out. Retrying.
2019-10-24 11:48:06,666 [SCMBlockDeletingService#1] INFO  block.SCMBlockDeletingService (SCMBlockDeletingService.java:call(184)) - Totally added 1 delete blocks command for 1 datanodes, task elapsed time: 1ms
2019-10-24 11:48:06,684 [java.util.concurrent.ThreadPoolExecutor$Worker@67eec169[State = -1, empty queue]] WARN  server.GrpcLogAppender (GrpcLogAppender.java:timeoutAppendRequest(209)) - 6ef47ec4-f888-4c0a-9473-d3351b934030@group-DB82EA1B0560->c50ed3b6-ed09-4007-97fb-753acd29cc2b-GrpcLogAppender: appendEntries Timeout, request=6ef47ec4-f888-4c0a-9473-d3351b934030->c50ed3b6-ed09-4007-97fb-753acd29cc2b#53-t1, previous=(t:1, i:10), leaderCommit=10, initializing? false, entries: <empty>
2019-10-24 11:48:06,804 [EventQueue-PendingDeleteStatusForPendingDeleteHandler] INFO  block.SCMBlockDeletingService (SCMBlockDeletingService.java:handlePendingDeletes(115)) - Block deletion txnID mismatch in datanode c50ed3b6-ed09-4007-97fb-753acd29cc2b for containerID 1. Datanode delete txnID: 0, SCM txnID: 1
2019-10-24 11:48:06,898 [BlockDeletingService#2] WARN  background.BlockDeletingService (BlockDeletingService.java:isDeletionAllowed(187)) - Close Container log Index 6 is not replicated across allthe servers in the pipeline 376e765d-a5bf-4b1f-a23f-db82ea1b0560 as the min replicated index is 4. Deletion is not allowed in this container yet.
2019-10-24 11:48:06,898 [BlockDeletingService#2] WARN  background.BlockDeletingService (BlockDeletingService.java:isDeletionAllowed(187)) - Close Container log Index 6 is not replicated across allthe servers in the pipeline 376e765d-a5bf-4b1f-a23f-db82ea1b0560 as the min replicated index is 4. Deletion is not allowed in this container yet.
2019-10-24 11:48:06,923 [Thread-597] INFO  client.GrpcClientProtocolService (GrpcClientProtocolService.java:lambda$processClientRequest$0(279)) - Failed RaftClientRequest:client-5229374272EA->c50ed3b6-ed09-4007-97fb-753acd29cc2b@group-DB82EA1B0560, cid=10, seq=0, Watch-ALL_COMMITTED(6), Message:<EMPTY>, reply=RaftClientReply:client-5229374272EA->c50ed3b6-ed09-4007-97fb-753acd29cc2b@group-DB82EA1B0560, cid=10, FAILED org.apache.ratis.protocol.NotLeaderException: Server c50ed3b6-ed09-4007-97fb-753acd29cc2b@group-DB82EA1B0560 is not the leader, logIndex=0, commits[c50ed3b6-ed09-4007-97fb-753acd29cc2b:c3]
2019-10-24 11:48:07,105 [EventQueue-PendingDeleteStatusForPendingDeleteHandler] INFO  block.SCMBlockDeletingService (SCMBlockDeletingService.java:handlePendingDeletes(115)) - Block deletion txnID mismatch in datanode c50ed3b6-ed09-4007-97fb-753acd29cc2b for containerID 1. Datanode delete txnID: 0, SCM txnID: 1
2019-10-24 11:48:07,404 [EventQueue-PendingDeleteStatusForPendingDeleteHandler] INFO  block.SCMBlockDeletingService (SCMBlockDeletingService.java:handlePendingDeletes(115)) - Block deletion txnID mismatch in datanode c50ed3b6-ed09-4007-97fb-753acd29cc2b for containerID 1. Datanode delete txnID: 0, SCM txnID: 1
2019-10-24 11:48:07,424 [Command processor thread] INFO  commandhandler.DeleteBlocksCommandHandler (DeleteBlocksCommandHandler.java:handle(106)) - Start to delete container blocks, TXIDs=[1(0)], numOfContainers=1, numOfBlocks=1
2019-10-24 11:48:07,426 [Command processor thread] INFO  commandhandler.DeleteBlocksCommandHandler (DeleteBlocksCommandHandler.java:handle(106)) - Start to delete container blocks, TXIDs=[1(2)], numOfContainers=1, numOfBlocks=1
2019-10-24 11:48:07,426 [Command processor thread] INFO  commandhandler.DeleteBlocksCommandHandler (DeleteBlocksCommandHandler.java:handle(106)) - Start to delete container blocks, TXIDs=[1(0)], numOfContainers=1, numOfBlocks=1
2019-10-24 11:48:07,426 [Command processor thread] INFO  commandhandler.DeleteBlocksCommandHandler (DeleteBlocksCommandHandler.java:handle(106)) - Start to delete container blocks, TXIDs=[1(2)], numOfContainers=1, numOfBlocks=1
2019-10-24 11:48:07,427 [Command processor thread] INFO  commandhandler.DeleteBlocksCommandHandler (DeleteBlocksCommandHandler.java:handle(106)) - Start to delete container blocks, TXIDs=[1(6)], numOfContainers=1, numOfBlocks=1
2019-10-24 11:48:07,427 [Command processor thread] INFO  commandhandler.DeleteBlocksCommandHandler (DeleteBlocksCommandHandler.java:handle(106)) - Start to delete container blocks, TXIDs=[1(0)], numOfContainers=1, numOfBlocks=1
2019-10-24 11:48:07,427 [Command processor thread] INFO  commandhandler.DeleteBlocksCommandHandler (DeleteBlocksCommandHandler.java:handle(106)) - Start to delete container blocks, TXIDs=[1(2)], numOfContainers=1, numOfBlocks=1
2019-10-24 11:48:07,427 [Command processor thread] INFO  commandhandler.DeleteBlocksCommandHandler (DeleteBlocksCommandHandler.java:handle(106)) - Start to delete container blocks, TXIDs=[1(6)], numOfContainers=1, numOfBlocks=1
2019-10-24 11:48:07,428 [Command processor thread] INFO  commandhandler.DeleteBlocksCommandHandler (DeleteBlocksCommandHandler.java:handle(106)) - Start to delete container blocks, TXIDs=[1(0)], numOfContainers=1, numOfBlocks=1
2019-10-24 11:48:07,428 [Command processor thread] INFO  commandhandler.DeleteBlocksCommandHandler (DeleteBlocksCommandHandler.java:handle(106)) - Start to delete container blocks, TXIDs=[1(10)], numOfContainers=1, numOfBlocks=1
2019-10-24 11:48:07,428 [Command processor thread] INFO  commandhandler.DeleteBlocksCommandHandler (DeleteBlocksCommandHandler.java:handle(106)) - Start to delete container blocks, TXIDs=[1(6)], numOfContainers=1, numOfBlocks=1
2019-10-24 11:48:07,428 [Command processor thread] INFO  commandhandler.DeleteBlocksCommandHandler (DeleteBlocksCommandHandler.java:handle(106)) - Start to delete container blocks, TXIDs=[1(2)], numOfContainers=1, numOfBlocks=1
2019-10-24 11:48:07,429 [Command processor thread] INFO  commandhandler.DeleteBlocksCommandHandler (DeleteBlocksCommandHandler.java:handle(106)) - Start to delete container blocks, TXIDs=[1(10)], numOfContainers=1, numOfBlocks=1
2019-10-24 11:48:07,429 [Command processor thread] INFO  commandhandler.DeleteBlocksCommandHandler (DeleteBlocksCommandHandler.java:handle(106)) - Start to delete container blocks, TXIDs=[1(0)], numOfContainers=1, numOfBlocks=1
2019-10-24 11:48:07,429 [Command processor thread] INFO  commandhandler.DeleteBlocksCommandHandler (DeleteBlocksCommandHandler.java:handle(106)) - Start to delete container blocks, TXIDs=[1(10)], numOfContainers=1, numOfBlocks=1
2019-10-24 11:48:07,429 [Command processor thread] INFO  commandhandler.DeleteBlocksCommandHandler (DeleteBlocksCommandHandler.java:handle(106)) - Start to delete container blocks, TXIDs=[1(6)], numOfContainers=1, numOfBlocks=1
2019-10-24 11:48:07,430 [Command processor thread] INFO  commandhandler.DeleteBlocksCommandHandler (DeleteBlocksCommandHandler.java:handle(106)) - Start to delete container blocks, TXIDs=[1(2)], numOfContainers=1, numOfBlocks=1
2019-10-24 11:48:07,430 [Command processor thread] INFO  commandhandler.DeleteBlocksCommandHandler (DeleteBlocksCommandHandler.java:handle(106)) - Start to delete container blocks, TXIDs=[1(10)], numOfContainers=1, numOfBlocks=1
2019-10-24 11:48:07,430 [Command processor thread] INFO  commandhandler.DeleteBlocksCommandHandler (DeleteBlocksCommandHandler.java:handle(106)) - Start to delete container blocks, TXIDs=[1(0)], numOfContainers=1, numOfBlocks=1
2019-10-24 11:48:07,431 [Command processor thread] INFO  commandhandler.DeleteBlocksCommandHandler (DeleteBlocksCommandHandler.java:handle(106)) - Start to delete container blocks, TXIDs=[1(10)], numOfContainers=1, numOfBlocks=1
2019-10-24 11:48:07,431 [Command processor thread] INFO  commandhandler.DeleteBlocksCommandHandler (DeleteBlocksCommandHandler.java:handle(106)) - Start to delete container blocks, TXIDs=[1(10)], numOfContainers=1, numOfBlocks=1
2019-10-24 11:48:07,431 [Command processor thread] INFO  commandhandler.DeleteBlocksCommandHandler (DeleteBlocksCommandHandler.java:handle(106)) - Start to delete container blocks, TXIDs=[1(6)], numOfContainers=1, numOfBlocks=1
2019-10-24 11:48:07,431 [Command processor thread] INFO  commandhandler.DeleteBlocksCommandHandler (DeleteBlocksCommandHandler.java:handle(106)) - Start to delete container blocks, TXIDs=[1(2)], numOfContainers=1, numOfBlocks=1
2019-10-24 11:48:07,432 [Command processor thread] INFO  commandhandler.DeleteBlocksCommandHandler (DeleteBlocksCommandHandler.java:handle(106)) - Start to delete container blocks, TXIDs=[1(10)], numOfContainers=1, numOfBlocks=1
2019-10-24 11:48:07,432 [Command processor thread] INFO  commandhandler.DeleteBlocksCommandHandler (DeleteBlocksCommandHandler.java:handle(106)) - Start to delete container blocks, TXIDs=[1(0)], numOfContainers=1, numOfBlocks=1
2019-10-24 11:48:07,432 [Command processor thread] INFO  commandhandler.DeleteBlocksCommandHandler (DeleteBlocksCommandHandler.java:handle(106)) - Start to delete container blocks, TXIDs=[1(10)], numOfContainers=1, numOfBlocks=1
2019-10-24 11:48:07,432 [Command processor thread] INFO  commandhandler.DeleteBlocksCommandHandler (DeleteBlocksCommandHandler.java:handle(106)) - Start to delete container blocks, TXIDs=[1(10)], numOfContainers=1, numOfBlocks=1
2019-10-24 11:48:07,432 [Command processor thread] INFO  commandhandler.DeleteBlocksCommandHandler (DeleteBlocksCommandHandler.java:handle(106)) - Start to delete container blocks, TXIDs=[1(10)], numOfContainers=1, numOfBlocks=1
2019-10-24 11:48:07,433 [Command processor thread] INFO  commandhandler.DeleteBlocksCommandHandler (DeleteBlocksCommandHandler.java:handle(106)) - Start to delete container blocks, TXIDs=[1(2)], numOfContainers=1, numOfBlocks=1
2019-10-24 11:48:07,433 [Command processor thread] INFO  commandhandler.DeleteBlocksCommandHandler (DeleteBlocksCommandHandler.java:handle(106)) - Start to delete container blocks, TXIDs=[1(6)], numOfContainers=1, numOfBlocks=1
2019-10-24 11:48:07,433 [Command processor thread] INFO  commandhandler.DeleteBlocksCommandHandler (DeleteBlocksCommandHandler.java:handle(106)) - Start to delete container blocks, TXIDs=[1(10)], numOfContainers=1, numOfBlocks=1
2019-10-24 11:48:07,433 [Command processor thread] INFO  commandhandler.DeleteBlocksCommandHandler (DeleteBlocksCommandHandler.java:handle(106)) - Start to delete container blocks, TXIDs=[1(0)], numOfContainers=1, numOfBlocks=1
2019-10-24 11:48:07,433 [Command processor thread] INFO  commandhandler.DeleteBlocksCommandHandler (DeleteBlocksCommandHandler.java:handle(106)) - Start to delete container blocks, TXIDs=[1(10)], numOfContainers=1, numOfBlocks=1
2019-10-24 11:48:07,434 [Command processor thread] INFO  commandhandler.DeleteBlocksCommandHandler (DeleteBlocksCommandHandler.java:handle(106)) - Start to delete container blocks, TXIDs=[1(10)], numOfContainers=1, numOfBlocks=1
2019-10-24 11:48:07,434 [Command processor thread] INFO  commandhandler.DeleteBlocksCommandHandler (DeleteBlocksCommandHandler.java:handle(106)) - Start to delete container blocks, TXIDs=[1(10)], numOfContainers=1, numOfBlocks=1
2019-10-24 11:48:07,434 [Command processor thread] INFO  commandhandler.DeleteBlocksCommandHandler (DeleteBlocksCommandHandler.java:handle(106)) - Start to delete container blocks, TXIDs=[1(10)], numOfContainers=1, numOfBlocks=1
2019-10-24 11:48:07,434 [Command processor thread] INFO  commandhandler.DeleteBlocksCommandHandler (DeleteBlocksCommandHandler.java:handle(106)) - Start to delete container blocks, TXIDs=[1(2)], numOfContainers=1, numOfBlocks=1
2019-10-24 11:48:07,435 [Command processor thread] INFO  commandhandler.DeleteBlocksCommandHandler (DeleteBlocksCommandHandler.java:handle(106)) - Start to delete container blocks, TXIDs=[1(6)], numOfContainers=1, numOfBlocks=1
2019-10-24 11:48:07,435 [Command processor thread] INFO  commandhandler.DeleteBlocksCommandHandler (DeleteBlocksCommandHandler.java:handle(106)) - Start to delete container blocks, TXIDs=[1(10)], numOfContainers=1, numOfBlocks=1
2019-10-24 11:48:07,435 [Command processor thread] INFO  commandhandler.DeleteBlocksCommandHandler (DeleteBlocksCommandHandler.java:handle(106)) - Start to delete container blocks, TXIDs=[1(10)], numOfContainers=1, numOfBlocks=1
2019-10-24 11:48:07,435 [Command processor thread] INFO  commandhandler.DeleteBlocksCommandHandler (DeleteBlocksCommandHandler.java:handle(106)) - Start to delete container blocks, TXIDs=[1(0)], numOfContainers=1, numOfBlocks=1
2019-10-24 11:48:07,435 [Command processor thread] INFO  commandhandler.DeleteBlocksCommandHandler (DeleteBlocksCommandHandler.java:handle(106)) - Start to delete container blocks, TXIDs=[1(10)], numOfContainers=1, numOfBlocks=1
2019-10-24 11:48:07,436 [Command processor thread] INFO  commandhandler.DeleteBlocksCommandHandler (DeleteBlocksCommandHandler.java:handle(106)) - Start to delete container blocks, TXIDs=[1(10)], numOfContainers=1, numOfBlocks=1
2019-10-24 11:48:07,436 [Command processor thread] INFO  commandhandler.DeleteBlocksCommandHandler (DeleteBlocksCommandHandler.java:handle(106)) - Start to delete container blocks, TXIDs=[1(46)], numOfContainers=1, numOfBlocks=1
2019-10-24 11:48:07,436 [Command processor thread] INFO  commandhandler.DeleteBlocksCommandHandler (DeleteBlocksCommandHandler.java:handle(106)) - Start to delete container blocks, TXIDs=[1(10)], numOfContainers=1, numOfBlocks=1
2019-10-24 11:48:07,565 [Thread-564] INFO  impl.FollowerState (FollowerState.java:run(111)) - c50ed3b6-ed09-4007-97fb-753acd29cc2b@group-DB82EA1B0560-FollowerState: change to CANDIDATE, lastRpcTime:5140ms, electionTimeout:5139ms
2019-10-24 11:48:07,565 [Thread-564] INFO  impl.RoleInfo (RoleInfo.java:shutdownFollowerState(121)) - c50ed3b6-ed09-4007-97fb-753acd29cc2b: shutdown FollowerState
2019-10-24 11:48:07,566 [Thread-564] INFO  impl.RaftServerImpl (RaftServerImpl.java:setRole(173)) - c50ed3b6-ed09-4007-97fb-753acd29cc2b@group-DB82EA1B0560: changes role from  FOLLOWER to CANDIDATE at term 1 for changeToCandidate
2019-10-24 11:48:07,566 [Thread-564] INFO  impl.RoleInfo (RoleInfo.java:updateAndGet(143)) - c50ed3b6-ed09-4007-97fb-753acd29cc2b: start LeaderElection
2019-10-24 11:48:07,573 [Thread-563] INFO  impl.FollowerState (FollowerState.java:run(111)) - c50ed3b6-ed09-4007-97fb-753acd29cc2b@group-3E0925291158-FollowerState: change to CANDIDATE, lastRpcTime:5147ms, electionTimeout:5147ms
2019-10-24 11:48:07,573 [Thread-563] INFO  impl.RoleInfo (RoleInfo.java:shutdownFollowerState(121)) - c50ed3b6-ed09-4007-97fb-753acd29cc2b: shutdown FollowerState
2019-10-24 11:48:07,573 [Thread-563] INFO  impl.RaftServerImpl (RaftServerImpl.java:setRole(173)) - c50ed3b6-ed09-4007-97fb-753acd29cc2b@group-3E0925291158: changes role from  FOLLOWER to CANDIDATE at term 1 for changeToCandidate
2019-10-24 11:48:07,574 [Thread-563] INFO  impl.RoleInfo (RoleInfo.java:updateAndGet(143)) - c50ed3b6-ed09-4007-97fb-753acd29cc2b: start LeaderElection
2019-10-24 11:48:07,582 [c50ed3b6-ed09-4007-97fb-753acd29cc2b@group-3E0925291158-LeaderElection7] INFO  impl.LeaderElection (LeaderElection.java:askForVotes(178)) - c50ed3b6-ed09-4007-97fb-753acd29cc2b@group-3E0925291158-LeaderElection7: begin an election at term 2 for 0: [c50ed3b6-ed09-4007-97fb-753acd29cc2b:192.168.157.222:42942], old=null
2019-10-24 11:48:07,582 [c50ed3b6-ed09-4007-97fb-753acd29cc2b@group-DB82EA1B0560-LeaderElection6] INFO  impl.LeaderElection (LeaderElection.java:askForVotes(178)) - c50ed3b6-ed09-4007-97fb-753acd29cc2b@group-DB82EA1B0560-LeaderElection6: begin an election at term 2 for 0: [c50ed3b6-ed09-4007-97fb-753acd29cc2b:192.168.157.222:42942, 9c614e94-540a-4713-aa04-685a3a141a15:192.168.157.222:45068, 6ef47ec4-f888-4c0a-9473-d3351b934030:192.168.157.222:45627], old=null
2019-10-24 11:48:07,582 [c50ed3b6-ed09-4007-97fb-753acd29cc2b@group-3E0925291158-LeaderElection7] INFO  impl.RoleInfo (RoleInfo.java:shutdownLeaderElection(134)) - c50ed3b6-ed09-4007-97fb-753acd29cc2b: shutdown LeaderElection
2019-10-24 11:48:07,583 [c50ed3b6-ed09-4007-97fb-753acd29cc2b@group-3E0925291158-LeaderElection7] INFO  impl.RaftServerImpl (RaftServerImpl.java:setRole(173)) - c50ed3b6-ed09-4007-97fb-753acd29cc2b@group-3E0925291158: changes role from CANDIDATE to LEADER at term 2 for changeToLeader
2019-10-24 11:48:07,583 [c50ed3b6-ed09-4007-97fb-753acd29cc2b@group-3E0925291158-LeaderElection7] INFO  impl.RaftServerImpl (ServerState.java:setLeader(255)) - c50ed3b6-ed09-4007-97fb-753acd29cc2b@group-3E0925291158: change Leader from null to c50ed3b6-ed09-4007-97fb-753acd29cc2b at term 2 for becomeLeader, leader elected after 7164ms
2019-10-24 11:48:07,583 [c50ed3b6-ed09-4007-97fb-753acd29cc2b@group-3E0925291158-LeaderElection7] INFO  server.RaftServerConfigKeys (ConfUtils.java:logGet(43)) - raft.server.staging.catchup.gap = 1000 (default)
2019-10-24 11:48:07,583 [c50ed3b6-ed09-4007-97fb-753acd29cc2b@group-3E0925291158-LeaderElection7] INFO  server.RaftServerConfigKeys (ConfUtils.java:logGet(43)) - raft.server.rpc.sleep.time = 25ms (default)
2019-10-24 11:48:07,584 [c50ed3b6-ed09-4007-97fb-753acd29cc2b@group-3E0925291158-LeaderElection7] INFO  server.RaftServerConfigKeys (ConfUtils.java:logGet(43)) - raft.server.write.element-limit = 4096 (default)
2019-10-24 11:48:07,584 [c50ed3b6-ed09-4007-97fb-753acd29cc2b@group-3E0925291158-LeaderElection7] INFO  server.RaftServerConfigKeys (ConfUtils.java:logGet(43)) - raft.server.watch.timeout = 10s (default)
2019-10-24 11:48:07,589 [c50ed3b6-ed09-4007-97fb-753acd29cc2b@group-3E0925291158-LeaderElection7] INFO  server.RaftServerConfigKeys (ConfUtils.java:logGet(43)) - raft.server.watch.timeout.denomination = 1s (default)
2019-10-24 11:48:07,589 [c50ed3b6-ed09-4007-97fb-753acd29cc2b@group-3E0925291158-LeaderElection7] INFO  server.RaftServerConfigKeys (ConfUtils.java:logGet(43)) - raft.server.watch.element-limit = 65536 (default)
2019-10-24 11:48:07,590 [c50ed3b6-ed09-4007-97fb-753acd29cc2b@group-3E0925291158-LeaderElection7] INFO  impl.RoleInfo (RoleInfo.java:updateAndGet(143)) - c50ed3b6-ed09-4007-97fb-753acd29cc2b: start LeaderState
2019-10-24 11:48:07,591 [c50ed3b6-ed09-4007-97fb-753acd29cc2b@group-3E0925291158-LeaderElection7] INFO  segmented.SegmentedRaftLogWorker (SegmentedRaftLogWorker.java:rollLogSegment(390)) - c50ed3b6-ed09-4007-97fb-753acd29cc2b@group-3E0925291158-SegmentedRaftLogWorker: Rolling segment log-0_0 to index:0
2019-10-24 11:48:07,596 [grpc-default-executor-0] INFO  impl.RaftServerImpl (ServerState.java:setLeader(255)) - 6ef47ec4-f888-4c0a-9473-d3351b934030@group-DB82EA1B0560: change Leader from 6ef47ec4-f888-4c0a-9473-d3351b934030 to null at term 2 for updateCurrentTerm
2019-10-24 11:48:07,596 [grpc-default-executor-4] INFO  impl.RaftServerImpl (ServerState.java:setLeader(255)) - 9c614e94-540a-4713-aa04-685a3a141a15@group-DB82EA1B0560: change Leader from 6ef47ec4-f888-4c0a-9473-d3351b934030 to null at term 2 for updateCurrentTerm
2019-10-24 11:48:07,596 [grpc-default-executor-0] INFO  impl.RaftServerImpl (RaftServerImpl.java:setRole(173)) - 6ef47ec4-f888-4c0a-9473-d3351b934030@group-DB82EA1B0560: changes role from    LEADER to FOLLOWER at term 2 for recognizeCandidate:c50ed3b6-ed09-4007-97fb-753acd29cc2b
2019-10-24 11:48:07,597 [grpc-default-executor-4] INFO  impl.RaftServerImpl (RaftServerImpl.java:setRole(173)) - 9c614e94-540a-4713-aa04-685a3a141a15@group-DB82EA1B0560: changes role from  FOLLOWER to FOLLOWER at term 2 for recognizeCandidate:c50ed3b6-ed09-4007-97fb-753acd29cc2b
2019-10-24 11:48:07,597 [grpc-default-executor-0] INFO  impl.RoleInfo (RoleInfo.java:shutdownLeaderState(104)) - 6ef47ec4-f888-4c0a-9473-d3351b934030: shutdown LeaderState
2019-10-24 11:48:07,597 [c50ed3b6-ed09-4007-97fb-753acd29cc2b@group-3E0925291158-LeaderElection7] INFO  impl.RaftServerImpl (ServerState.java:setRaftConf(356)) - c50ed3b6-ed09-4007-97fb-753acd29cc2b@group-3E0925291158: set configuration 1: [c50ed3b6-ed09-4007-97fb-753acd29cc2b:192.168.157.222:42942], old=null at 1
2019-10-24 11:48:07,597 [grpc-default-executor-4] INFO  impl.RoleInfo (RoleInfo.java:shutdownFollowerState(121)) - 9c614e94-540a-4713-aa04-685a3a141a15: shutdown FollowerState
2019-10-24 11:48:07,603 [org.apache.ratis.server.impl.LogAppender$AppenderDaemon$$Lambda$557/1827381628@44e6bd52] WARN  server.GrpcLogAppender (GrpcLogAppender.java:mayWait(149)) - 6ef47ec4-f888-4c0a-9473-d3351b934030@group-DB82EA1B0560->9c614e94-540a-4713-aa04-685a3a141a15-GrpcLogAppender: Wait interrupted by java.lang.InterruptedException
2019-10-24 11:48:07,602 [grpc-default-executor-0] INFO  impl.PendingRequests (PendingRequests.java:sendNotLeaderResponses(206)) - 6ef47ec4-f888-4c0a-9473-d3351b934030@group-DB82EA1B0560-PendingRequests: sendNotLeaderResponses
2019-10-24 11:48:07,602 [org.apache.ratis.server.impl.LogAppender$AppenderDaemon$$Lambda$557/1827381628@586248a7] WARN  server.GrpcLogAppender (GrpcLogAppender.java:mayWait(149)) - 6ef47ec4-f888-4c0a-9473-d3351b934030@group-DB82EA1B0560->c50ed3b6-ed09-4007-97fb-753acd29cc2b-GrpcLogAppender: Wait interrupted by java.lang.InterruptedException
2019-10-24 11:48:07,602 [c50ed3b6-ed09-4007-97fb-753acd29cc2b@group-3E0925291158-SegmentedRaftLogWorker] INFO  segmented.SegmentedRaftLogWorker (SegmentedRaftLogWorker.java:execute(533)) - c50ed3b6-ed09-4007-97fb-753acd29cc2b@group-3E0925291158-SegmentedRaftLogWorker: Rolled log segment from /workdir/hadoop-ozone/integration-test/target/test-dir/MiniOzoneClusterImpl-7ce79f69-7e7f-4d83-a6bf-fd0497776909/datanode-2/data/ratis/b5f70217-80fc-4bfb-a29a-3e0925291158/current/log_inprogress_0 to /workdir/hadoop-ozone/integration-test/target/test-dir/MiniOzoneClusterImpl-7ce79f69-7e7f-4d83-a6bf-fd0497776909/datanode-2/data/ratis/b5f70217-80fc-4bfb-a29a-3e0925291158/current/log_0-0
2019-10-24 11:48:07,603 [grpc-default-executor-4] INFO  impl.RoleInfo (RoleInfo.java:updateAndGet(143)) - 9c614e94-540a-4713-aa04-685a3a141a15: start FollowerState
2019-10-24 11:48:07,603 [Thread-243] INFO  impl.FollowerState (FollowerState.java:run(120)) - 9c614e94-540a-4713-aa04-685a3a141a15@group-DB82EA1B0560-FollowerState was interrupted: java.lang.InterruptedException: sleep interrupted
2019-10-24 11:48:07,607 [grpc-default-executor-2] INFO  server.GrpcServerProtocolService (GrpcServerProtocolService.java:onCompleted(113)) - 9c614e94-540a-4713-aa04-685a3a141a15: Completed APPEND_ENTRIES, lastRequest: 6ef47ec4-f888-4c0a-9473-d3351b934030->9c614e94-540a-4713-aa04-685a3a141a15#54-t1, previous=(t:1, i:10), leaderCommit=10, initializing? false, entries: <empty>
2019-10-24 11:48:07,608 [grpc-default-executor-0] INFO  impl.RoleInfo (RoleInfo.java:updateAndGet(143)) - 6ef47ec4-f888-4c0a-9473-d3351b934030: start FollowerState
2019-10-24 11:48:07,608 [Thread-606] INFO  client.GrpcClientProtocolService (GrpcClientProtocolService.java:lambda$processClientRequest$0(279)) - Failed RaftClientRequest:client-5229374272EA->6ef47ec4-f888-4c0a-9473-d3351b934030@group-DB82EA1B0560, cid=10, seq=0, Watch-ALL_COMMITTED(6), Message:<EMPTY>, reply=RaftClientReply:client-5229374272EA->6ef47ec4-f888-4c0a-9473-d3351b934030@group-DB82EA1B0560, cid=10, FAILED org.apache.ratis.protocol.NotLeaderException: Server 6ef47ec4-f888-4c0a-9473-d3351b934030@group-DB82EA1B0560 is not the leader, logIndex=0, commits[6ef47ec4-f888-4c0a-9473-d3351b934030:c10, c50ed3b6-ed09-4007-97fb-753acd29cc2b:c4, 9c614e94-540a-4713-aa04-685a3a141a15:c10]
2019-10-24 11:48:07,640 [grpc-default-executor-2] INFO  server.GrpcLogAppender (GrpcLogAppender.java:onCompleted(308)) - 6ef47ec4-f888-4c0a-9473-d3351b934030@group-DB82EA1B0560->9c614e94-540a-4713-aa04-685a3a141a15-AppendLogResponseHandler: follower responses appendEntries COMPLETED
2019-10-24 11:48:07,650 [grpc-default-executor-2] INFO  impl.FollowerInfo (FollowerInfo.java:lambda$new$0(51)) - 6ef47ec4-f888-4c0a-9473-d3351b934030@group-DB82EA1B0560->9c614e94-540a-4713-aa04-685a3a141a15: nextIndex: updateUnconditionally 11 -> 10
2019-10-24 11:48:07,653 [c50ed3b6-ed09-4007-97fb-753acd29cc2b@group-3E0925291158-SegmentedRaftLogWorker] INFO  segmented.SegmentedRaftLogWorker (SegmentedRaftLogWorker.java:execute(576)) - c50ed3b6-ed09-4007-97fb-753acd29cc2b@group-3E0925291158-SegmentedRaftLogWorker: created new log segment /workdir/hadoop-ozone/integration-test/target/test-dir/MiniOzoneClusterImpl-7ce79f69-7e7f-4d83-a6bf-fd0497776909/datanode-2/data/ratis/b5f70217-80fc-4bfb-a29a-3e0925291158/current/log_inprogress_1
2019-10-24 11:48:07,656 [c50ed3b6-ed09-4007-97fb-753acd29cc2b@group-DB82EA1B0560-LeaderElection6] INFO  impl.LeaderElection (LeaderElection.java:logAndReturn(56)) - c50ed3b6-ed09-4007-97fb-753acd29cc2b@group-DB82EA1B0560-LeaderElection6: Election REJECTED; received 2 response(s) [c50ed3b6-ed09-4007-97fb-753acd29cc2b<-9c614e94-540a-4713-aa04-685a3a141a15#0:FAIL-t2, c50ed3b6-ed09-4007-97fb-753acd29cc2b<-6ef47ec4-f888-4c0a-9473-d3351b934030#0:FAIL-t2] and 0 exception(s); c50ed3b6-ed09-4007-97fb-753acd29cc2b@group-DB82EA1B0560:t2, leader=null, voted=c50ed3b6-ed09-4007-97fb-753acd29cc2b, raftlog=c50ed3b6-ed09-4007-97fb-753acd29cc2b@group-DB82EA1B0560-SegmentedRaftLog:OPENED:c3,f4,i4, conf=0: [c50ed3b6-ed09-4007-97fb-753acd29cc2b:192.168.157.222:42942, 9c614e94-540a-4713-aa04-685a3a141a15:192.168.157.222:45068, 6ef47ec4-f888-4c0a-9473-d3351b934030:192.168.157.222:45627], old=null
2019-10-24 11:48:07,656 [c50ed3b6-ed09-4007-97fb-753acd29cc2b@group-DB82EA1B0560-LeaderElection6] INFO  impl.RaftServerImpl (RaftServerImpl.java:setRole(173)) - c50ed3b6-ed09-4007-97fb-753acd29cc2b@group-DB82EA1B0560: changes role from CANDIDATE to FOLLOWER at term 2 for DISCOVERED_A_NEW_TERM
2019-10-24 11:48:07,657 [c50ed3b6-ed09-4007-97fb-753acd29cc2b@group-DB82EA1B0560-LeaderElection6] INFO  impl.RoleInfo (RoleInfo.java:shutdownLeaderElection(134)) - c50ed3b6-ed09-4007-97fb-753acd29cc2b: shutdown LeaderElection
2019-10-24 11:48:07,657 [c50ed3b6-ed09-4007-97fb-753acd29cc2b@group-DB82EA1B0560-LeaderElection6] INFO  impl.RoleInfo (RoleInfo.java:updateAndGet(143)) - c50ed3b6-ed09-4007-97fb-753acd29cc2b: start FollowerState
2019-10-24 11:48:07,661 [pool-7-thread-1] INFO  commands.RetriableDatanodeEventWatcher (RetriableDatanodeEventWatcher.java:onTimeout(47)) - RetriableDatanodeCommand type=deleteBlocksCommand with id=1571917678658 timed out. Retrying.
2019-10-24 11:48:07,662 [pool-7-thread-4] INFO  commands.RetriableDatanodeEventWatcher (RetriableDatanodeEventWatcher.java:onTimeout(47)) - RetriableDatanodeCommand type=deleteBlocksCommand with id=1571917678660 timed out. Retrying.
2019-10-24 11:48:07,665 [pool-7-thread-1] INFO  commands.RetriableDatanodeEventWatcher (RetriableDatanodeEventWatcher.java:onTimeout(47)) - RetriableDatanodeCommand type=deleteBlocksCommand with id=1571917678662 timed out. Retrying.
2019-10-24 11:48:07,665 [pool-7-thread-3] INFO  commands.RetriableDatanodeEventWatcher (RetriableDatanodeEventWatcher.java:onTimeout(47)) - RetriableDatanodeCommand type=deleteBlocksCommand with id=1571917678655 timed out. Retrying.
2019-10-24 11:48:07,665 [pool-7-thread-2] INFO  commands.RetriableDatanodeEventWatcher (RetriableDatanodeEventWatcher.java:onTimeout(47)) - RetriableDatanodeCommand type=deleteBlocksCommand with id=1571917678665 timed out. Retrying.
2019-10-24 11:48:07,665 [pool-7-thread-4] INFO  commands.RetriableDatanodeEventWatcher (RetriableDatanodeEventWatcher.java:onTimeout(47)) - RetriableDatanodeCommand type=deleteBlocksCommand with id=1571917678663 timed out. Retrying.
2019-10-24 11:48:07,666 [pool-7-thread-5] INFO  commands.RetriableDatanodeEventWatcher (RetriableDatanodeEventWatcher.java:onTimeout(47)) - RetriableDatanodeCommand type=deleteBlocksCommand with id=1571917678664 timed out. Retrying.
2019-10-24 11:48:07,667 [pool-7-thread-5] INFO  commands.RetriableDatanodeEventWatcher (RetriableDatanodeEventWatcher.java:onTimeout(47)) - RetriableDatanodeCommand type=deleteBlocksCommand with id=1571917678667 timed out. Retrying.
2019-10-24 11:48:07,667 [pool-7-thread-4] INFO  commands.RetriableDatanodeEventWatcher (RetriableDatanodeEventWatcher.java:onTimeout(47)) - RetriableDatanodeCommand type=deleteBlocksCommand with id=1571917678666 timed out. Retrying.
2019-10-24 11:48:07,667 [SCMBlockDeletingService#1] INFO  block.SCMBlockDeletingService (SCMBlockDeletingService.java:call(184)) - Totally added 1 delete blocks command for 1 datanodes, task elapsed time: 1ms
2019-10-24 11:48:07,744 [EventQueue-DeleteBlockStatusForDeletedBlockLogImpl] WARN  block.DeletedBlockLogImpl (DeletedBlockLogImpl.java:commitTransactions(205)) - Transaction txId=1 commit by dnId=c50ed3b6-ed09-4007-97fb-753acd29cc2b for containerID=#1 failed. Corresponding entry not found.
2019-10-24 11:48:07,745 [EventQueue-DeleteBlockStatusForDeletedBlockLogImpl] WARN  block.DeletedBlockLogImpl (DeletedBlockLogImpl.java:commitTransactions(205)) - Transaction txId=1 commit by dnId=c50ed3b6-ed09-4007-97fb-753acd29cc2b for containerID=#1 failed. Corresponding entry not found.
2019-10-24 11:48:07,745 [EventQueue-DeleteBlockStatusForDeletedBlockLogImpl] WARN  block.DeletedBlockLogImpl (DeletedBlockLogImpl.java:commitTransactions(205)) - Transaction txId=1 commit by dnId=c50ed3b6-ed09-4007-97fb-753acd29cc2b for containerID=#1 failed. Corresponding entry not found.
2019-10-24 11:48:07,745 [EventQueue-DeleteBlockStatusForDeletedBlockLogImpl] WARN  block.DeletedBlockLogImpl (DeletedBlockLogImpl.java:commitTransactions(205)) - Transaction txId=1 commit by dnId=c50ed3b6-ed09-4007-97fb-753acd29cc2b for containerID=#1 failed. Corresponding entry not found.
2019-10-24 11:48:07,746 [EventQueue-DeleteBlockStatusForDeletedBlockLogImpl] WARN  block.DeletedBlockLogImpl (DeletedBlockLogImpl.java:commitTransactions(205)) - Transaction txId=1 commit by dnId=c50ed3b6-ed09-4007-97fb-753acd29cc2b for containerID=#1 failed. Corresponding entry not found.
2019-10-24 11:48:07,746 [EventQueue-DeleteBlockStatusForDeletedBlockLogImpl] WARN  block.DeletedBlockLogImpl (DeletedBlockLogImpl.java:commitTransactions(205)) - Transaction txId=1 commit by dnId=c50ed3b6-ed09-4007-97fb-753acd29cc2b for containerID=#1 failed. Corresponding entry not found.
2019-10-24 11:48:07,746 [EventQueue-DeleteBlockStatusForDeletedBlockLogImpl] WARN  block.DeletedBlockLogImpl (DeletedBlockLogImpl.java:commitTransactions(205)) - Transaction txId=1 commit by dnId=c50ed3b6-ed09-4007-97fb-753acd29cc2b for containerID=#1 failed. Corresponding entry not found.
2019-10-24 11:48:07,746 [EventQueue-DeleteBlockStatusForDeletedBlockLogImpl] WARN  block.DeletedBlockLogImpl (DeletedBlockLogImpl.java:commitTransactions(205)) - Transaction txId=1 commit by dnId=c50ed3b6-ed09-4007-97fb-753acd29cc2b for containerID=#1 failed. Corresponding entry not found.
2019-10-24 11:48:07,746 [IPC Server handler 16 on 36424] WARN  block.DeletedBlockLogImpl (DeletedBlockLogImpl.java:incrementCount(141)) - Deleted TXID not found.
2019-10-24 11:48:07,747 [IPC Server handler 16 on 36424] WARN  block.DeletedBlockLogImpl (DeletedBlockLogImpl.java:incrementCount(141)) - Deleted TXID not found.
2019-10-24 11:48:07,747 [IPC Server handler 16 on 36424] WARN  block.DeletedBlockLogImpl (DeletedBlockLogImpl.java:incrementCount(141)) - Deleted TXID not found.
2019-10-24 11:48:07,748 [IPC Server handler 16 on 36424] WARN  block.DeletedBlockLogImpl (DeletedBlockLogImpl.java:incrementCount(141)) - Deleted TXID not found.
2019-10-24 11:48:07,748 [IPC Server handler 16 on 36424] WARN  block.DeletedBlockLogImpl (DeletedBlockLogImpl.java:incrementCount(141)) - Deleted TXID not found.
2019-10-24 11:48:07,748 [IPC Server handler 16 on 36424] WARN  block.DeletedBlockLogImpl (DeletedBlockLogImpl.java:incrementCount(141)) - Deleted TXID not found.
2019-10-24 11:48:07,749 [IPC Server handler 16 on 36424] WARN  block.DeletedBlockLogImpl (DeletedBlockLogImpl.java:incrementCount(141)) - Deleted TXID not found.
2019-10-24 11:48:07,749 [IPC Server handler 16 on 36424] WARN  block.DeletedBlockLogImpl (DeletedBlockLogImpl.java:incrementCount(141)) - Deleted TXID not found.
2019-10-24 11:48:07,899 [BlockDeletingService#2] WARN  background.BlockDeletingService (BlockDeletingService.java:isDeletionAllowed(187)) - Close Container log Index 6 is not replicated across allthe servers in the pipeline 376e765d-a5bf-4b1f-a23f-db82ea1b0560 as the min replicated index is 4. Deletion is not allowed in this container yet.
2019-10-24 11:48:07,899 [BlockDeletingService#2] WARN  background.BlockDeletingService (BlockDeletingService.java:isDeletionAllowed(187)) - Close Container log Index 6 is not replicated across allthe servers in the pipeline 376e765d-a5bf-4b1f-a23f-db82ea1b0560 as the min replicated index is 4. Deletion is not allowed in this container yet.
2019-10-24 11:48:07,940 [Thread-612] INFO  client.GrpcClientProtocolService (GrpcClientProtocolService.java:lambda$processClientRequest$0(279)) - Failed RaftClientRequest:client-5229374272EA->9c614e94-540a-4713-aa04-685a3a141a15@group-DB82EA1B0560, cid=10, seq=0, Watch-ALL_COMMITTED(6), Message:<EMPTY>, reply=RaftClientReply:client-5229374272EA->9c614e94-540a-4713-aa04-685a3a141a15@group-DB82EA1B0560, cid=10, FAILED org.apache.ratis.protocol.NotLeaderException: Server 9c614e94-540a-4713-aa04-685a3a141a15@group-DB82EA1B0560 is not the leader, logIndex=0, commits[9c614e94-540a-4713-aa04-685a3a141a15:c10, c50ed3b6-ed09-4007-97fb-753acd29cc2b:c4, 6ef47ec4-f888-4c0a-9473-d3351b934030:c10]
2019-10-24 11:48:08,522 [Command processor thread] INFO  commandhandler.DeleteBlocksCommandHandler (DeleteBlocksCommandHandler.java:handle(106)) - Start to delete container blocks, TXIDs=[1(2)], numOfContainers=1, numOfBlocks=1
2019-10-24 11:48:08,523 [Command processor thread] INFO  commandhandler.DeleteBlocksCommandHandler (DeleteBlocksCommandHandler.java:handle(106)) - Start to delete container blocks, TXIDs=[1(6)], numOfContainers=1, numOfBlocks=1
2019-10-24 11:48:08,523 [Command processor thread] INFO  commandhandler.DeleteBlocksCommandHandler (DeleteBlocksCommandHandler.java:handle(106)) - Start to delete container blocks, TXIDs=[1(10)], numOfContainers=1, numOfBlocks=1
2019-10-24 11:48:08,523 [Command processor thread] INFO  commandhandler.DeleteBlocksCommandHandler (DeleteBlocksCommandHandler.java:handle(106)) - Start to delete container blocks, TXIDs=[1(0)], numOfContainers=1, numOfBlocks=1
2019-10-24 11:48:08,523 [Command processor thread] INFO  commandhandler.DeleteBlocksCommandHandler (DeleteBlocksCommandHandler.java:handle(106)) - Start to delete container blocks, TXIDs=[1(10)], numOfContainers=1, numOfBlocks=1
2019-10-24 11:48:08,523 [Command processor thread] INFO  commandhandler.DeleteBlocksCommandHandler (DeleteBlocksCommandHandler.java:handle(106)) - Start to delete container blocks, TXIDs=[1(10)], numOfContainers=1, numOfBlocks=1
2019-10-24 11:48:08,524 [Command processor thread] INFO  commandhandler.DeleteBlocksCommandHandler (DeleteBlocksCommandHandler.java:handle(106)) - Start to delete container blocks, TXIDs=[1(10)], numOfContainers=1, numOfBlocks=1
2019-10-24 11:48:08,524 [Command processor thread] INFO  commandhandler.DeleteBlocksCommandHandler (DeleteBlocksCommandHandler.java:handle(106)) - Start to delete container blocks, TXIDs=[1(55)], numOfContainers=1, numOfBlocks=1
2019-10-24 11:48:08,524 [Command processor thread] INFO  commandhandler.DeleteBlocksCommandHandler (DeleteBlocksCommandHandler.java:handle(106)) - Start to delete container blocks, TXIDs=[1(46)], numOfContainers=1, numOfBlocks=1
2019-10-24 11:48:08,524 [Command processor thread] INFO  commandhandler.DeleteBlocksCommandHandler (DeleteBlocksCommandHandler.java:handle(106)) - Start to delete container blocks, TXIDs=[1(10)], numOfContainers=1, numOfBlocks=1
2019-10-24 11:48:08,668 [pool-7-thread-4] INFO  commands.RetriableDatanodeEventWatcher (RetriableDatanodeEventWatcher.java:onTimeout(47)) - RetriableDatanodeCommand type=deleteBlocksCommand with id=1571917678668 timed out. Retrying.
2019-10-24 11:48:08,740 [IPC Server handler 4 on 36424] WARN  block.DeletedBlockLogImpl (DeletedBlockLogImpl.java:incrementCount(141)) - Deleted TXID not found.
2019-10-24 11:48:08,741 [EventQueue-DeleteBlockStatusForEventWatcher$$Lambda$29/1825738663] WARN  events.EventWatcher (EventWatcher.java:lambda$start$0(110)) - Completion event without active lease. Id=1571917678660
2019-10-24 11:48:08,741 [EventQueue-DeleteBlockStatusForDeletedBlockLogImpl] WARN  block.DeletedBlockLogImpl (DeletedBlockLogImpl.java:commitTransactions(205)) - Transaction txId=1 commit by dnId=c50ed3b6-ed09-4007-97fb-753acd29cc2b for containerID=#1 failed. Corresponding entry not found.
2019-10-24 11:48:08,741 [EventQueue-DeleteBlockStatusForEventWatcher$$Lambda$29/1825738663] WARN  events.EventWatcher (EventWatcher.java:lambda$start$0(110)) - Completion event without active lease. Id=1571917678663
2019-10-24 11:48:08,741 [EventQueue-DeleteBlockStatusForDeletedBlockLogImpl] WARN  block.DeletedBlockLogImpl (DeletedBlockLogImpl.java:commitTransactions(205)) - Transaction txId=1 commit by dnId=c50ed3b6-ed09-4007-97fb-753acd29cc2b for containerID=#1 failed. Corresponding entry not found.
2019-10-24 11:48:08,741 [EventQueue-DeleteBlockStatusForEventWatcher$$Lambda$29/1825738663] WARN  events.EventWatcher (EventWatcher.java:lambda$start$0(110)) - Completion event without active lease. Id=1571917678662
2019-10-24 11:48:08,741 [EventQueue-DeleteBlockStatusForDeletedBlockLogImpl] WARN  block.DeletedBlockLogImpl (DeletedBlockLogImpl.java:commitTransactions(205)) - Transaction txId=1 commit by dnId=c50ed3b6-ed09-4007-97fb-753acd29cc2b for containerID=#1 failed. Corresponding entry not found.
2019-10-24 11:48:08,741 [EventQueue-DeleteBlockStatusForEventWatcher$$Lambda$29/1825738663] WARN  events.EventWatcher (EventWatcher.java:lambda$start$0(110)) - Completion event without active lease. Id=1571917678658
2019-10-24 11:48:08,742 [EventQueue-DeleteBlockStatusForDeletedBlockLogImpl] WARN  block.DeletedBlockLogImpl (DeletedBlockLogImpl.java:commitTransactions(205)) - Transaction txId=1 commit by dnId=c50ed3b6-ed09-4007-97fb-753acd29cc2b for containerID=#1 failed. Corresponding entry not found.
2019-10-24 11:48:08,742 [EventQueue-DeleteBlockStatusForEventWatcher$$Lambda$29/1825738663] WARN  events.EventWatcher (EventWatcher.java:lambda$start$0(110)) - Completion event without active lease. Id=1571917678655
2019-10-24 11:48:08,742 [EventQueue-DeleteBlockStatusForDeletedBlockLogImpl] WARN  block.DeletedBlockLogImpl (DeletedBlockLogImpl.java:commitTransactions(205)) - Transaction txId=1 commit by dnId=c50ed3b6-ed09-4007-97fb-753acd29cc2b for containerID=#1 failed. Corresponding entry not found.
2019-10-24 11:48:08,742 [EventQueue-DeleteBlockStatusForEventWatcher$$Lambda$29/1825738663] WARN  events.EventWatcher (EventWatcher.java:lambda$start$0(110)) - Completion event without active lease. Id=1571917678665
2019-10-24 11:48:08,742 [EventQueue-DeleteBlockStatusForDeletedBlockLogImpl] WARN  block.DeletedBlockLogImpl (DeletedBlockLogImpl.java:commitTransactions(205)) - Transaction txId=1 commit by dnId=c50ed3b6-ed09-4007-97fb-753acd29cc2b for containerID=#1 failed. Corresponding entry not found.
2019-10-24 11:48:08,742 [EventQueue-DeleteBlockStatusForEventWatcher$$Lambda$29/1825738663] WARN  events.EventWatcher (EventWatcher.java:lambda$start$0(110)) - Completion event without active lease. Id=1571917678664
2019-10-24 11:48:08,742 [EventQueue-DeleteBlockStatusForDeletedBlockLogImpl] WARN  block.DeletedBlockLogImpl (DeletedBlockLogImpl.java:commitTransactions(205)) - Transaction txId=1 commit by dnId=c50ed3b6-ed09-4007-97fb-753acd29cc2b for containerID=#1 failed. Corresponding entry not found.
2019-10-24 11:48:08,742 [EventQueue-DeleteBlockStatusForEventWatcher$$Lambda$29/1825738663] WARN  events.EventWatcher (EventWatcher.java:lambda$start$0(110)) - Completion event without active lease. Id=1571917678667
2019-10-24 11:48:08,742 [EventQueue-DeleteBlockStatusForDeletedBlockLogImpl] WARN  block.DeletedBlockLogImpl (DeletedBlockLogImpl.java:commitTransactions(205)) - Transaction txId=1 commit by dnId=c50ed3b6-ed09-4007-97fb-753acd29cc2b for containerID=#1 failed. Corresponding entry not found.
2019-10-24 11:48:08,743 [EventQueue-DeleteBlockStatusForEventWatcher$$Lambda$29/1825738663] WARN  events.EventWatcher (EventWatcher.java:lambda$start$0(110)) - Completion event without active lease. Id=1571917678666
2019-10-24 11:48:08,743 [EventQueue-DeleteBlockStatusForDeletedBlockLogImpl] WARN  block.DeletedBlockLogImpl (DeletedBlockLogImpl.java:commitTransactions(205)) - Transaction txId=1 commit by dnId=c50ed3b6-ed09-4007-97fb-753acd29cc2b for containerID=#1 failed. Corresponding entry not found.
2019-10-24 11:48:08,743 [EventQueue-DeleteBlockStatusForDeletedBlockLogImpl] WARN  block.DeletedBlockLogImpl (DeletedBlockLogImpl.java:commitTransactions(205)) - Transaction txId=1 commit by dnId=c50ed3b6-ed09-4007-97fb-753acd29cc2b for containerID=#1 failed. Corresponding entry not found.
2019-10-24 11:48:08,902 [BlockDeletingService#2] WARN  background.BlockDeletingService (BlockDeletingService.java:isDeletionAllowed(187)) - Close Container log Index 6 is not replicated across allthe servers in the pipeline 376e765d-a5bf-4b1f-a23f-db82ea1b0560 as the min replicated index is 4. Deletion is not allowed in this container yet.
2019-10-24 11:48:08,902 [BlockDeletingService#2] WARN  background.BlockDeletingService (BlockDeletingService.java:isDeletionAllowed(187)) - Close Container log Index 6 is not replicated across allthe servers in the pipeline 376e765d-a5bf-4b1f-a23f-db82ea1b0560 as the min replicated index is 4. Deletion is not allowed in this container yet.
2019-10-24 11:48:08,960 [Thread-618] INFO  client.GrpcClientProtocolService (GrpcClientProtocolService.java:lambda$processClientRequest$0(279)) - Failed RaftClientRequest:client-5229374272EA->6ef47ec4-f888-4c0a-9473-d3351b934030@group-DB82EA1B0560, cid=10, seq=0, Watch-ALL_COMMITTED(6), Message:<EMPTY>, reply=RaftClientReply:client-5229374272EA->6ef47ec4-f888-4c0a-9473-d3351b934030@group-DB82EA1B0560, cid=10, FAILED org.apache.ratis.protocol.NotLeaderException: Server 6ef47ec4-f888-4c0a-9473-d3351b934030@group-DB82EA1B0560 is not the leader, logIndex=0, commits[6ef47ec4-f888-4c0a-9473-d3351b934030:c10, c50ed3b6-ed09-4007-97fb-753acd29cc2b:c4, 9c614e94-540a-4713-aa04-685a3a141a15:c10]
2019-10-24 11:48:09,185 [java.util.concurrent.ThreadPoolExecutor$Worker@67eec169[State = -1, empty queue]] WARN  server.GrpcLogAppender (GrpcLogAppender.java:timeoutAppendRequest(209)) - 6ef47ec4-f888-4c0a-9473-d3351b934030@group-DB82EA1B0560->c50ed3b6-ed09-4007-97fb-753acd29cc2b-GrpcLogAppender: appendEntries Timeout, request=6ef47ec4-f888-4c0a-9473-d3351b934030->c50ed3b6-ed09-4007-97fb-753acd29cc2b#54-t1, previous=(t:1, i:10), leaderCommit=10, initializing? false, entries: <empty>
2019-10-24 11:48:09,540 [Command processor thread] INFO  commandhandler.DeleteBlocksCommandHandler (DeleteBlocksCommandHandler.java:handle(106)) - Start to delete container blocks, TXIDs=[1(55)], numOfContainers=1, numOfBlocks=1
2019-10-24 11:48:09,742 [EventQueue-DeleteBlockStatusForDeletedBlockLogImpl] WARN  block.DeletedBlockLogImpl (DeletedBlockLogImpl.java:commitTransactions(205)) - Transaction txId=1 commit by dnId=c50ed3b6-ed09-4007-97fb-753acd29cc2b for containerID=#1 failed. Corresponding entry not found.
2019-10-24 11:48:09,742 [EventQueue-DeleteBlockStatusForEventWatcher$$Lambda$29/1825738663] WARN  events.EventWatcher (EventWatcher.java:lambda$start$0(110)) - Completion event without active lease. Id=1571917678668
2019-10-24 11:48:09,903 [BlockDeletingService#2] WARN  background.BlockDeletingService (BlockDeletingService.java:isDeletionAllowed(187)) - Close Container log Index 6 is not replicated across allthe servers in the pipeline 376e765d-a5bf-4b1f-a23f-db82ea1b0560 as the min replicated index is 4. Deletion is not allowed in this container yet.
2019-10-24 11:48:09,904 [BlockDeletingService#2] WARN  background.BlockDeletingService (BlockDeletingService.java:isDeletionAllowed(187)) - Close Container log Index 6 is not replicated across allthe servers in the pipeline 376e765d-a5bf-4b1f-a23f-db82ea1b0560 as the min replicated index is 4. Deletion is not allowed in this container yet.
2019-10-24 11:48:09,975 [Thread-624] INFO  client.GrpcClientProtocolService (GrpcClientProtocolService.java:lambda$processClientRequest$0(279)) - Failed RaftClientRequest:client-5229374272EA->c50ed3b6-ed09-4007-97fb-753acd29cc2b@group-DB82EA1B0560, cid=10, seq=0, Watch-ALL_COMMITTED(6), Message:<EMPTY>, reply=RaftClientReply:client-5229374272EA->c50ed3b6-ed09-4007-97fb-753acd29cc2b@group-DB82EA1B0560, cid=10, FAILED org.apache.ratis.protocol.NotLeaderException: Server c50ed3b6-ed09-4007-97fb-753acd29cc2b@group-DB82EA1B0560 is not the leader, logIndex=0, commits[c50ed3b6-ed09-4007-97fb-753acd29cc2b:c3]
]]></system-out>
    <system-err><![CDATA[ERROR StatusLogger No Log4j 2 configuration file found. Using default configuration (logging only errors to the console), or user programmatically provided configurations. Set system property 'log4j2.debug' to show Log4j 2 internal initialization logging. See https://logging.apache.org/log4j/2.x/manual/configuration.html for instructions on how to configure Log4j 2
Oct 24, 2019 11:46:23 AM org.apache.ratis.thirdparty.io.grpc.internal.SerializingExecutor run
SEVERE: Exception while executing runnable org.apache.ratis.thirdparty.io.grpc.internal.ServerImpl$JumpToApplicationThreadServerStreamListener$1Closed@3f4bbc5b
org.apache.ratis.thirdparty.io.grpc.StatusRuntimeException: CANCELLED: call already cancelled
	at org.apache.ratis.thirdparty.io.grpc.Status.asRuntimeException(Status.java:517)
	at org.apache.ratis.thirdparty.io.grpc.stub.ServerCalls$ServerCallStreamObserverImpl.onCompleted(ServerCalls.java:356)
	at org.apache.ratis.grpc.server.GrpcServerProtocolService$ServerRequestStreamObserver.onError(GrpcServerProtocolService.java:121)
	at org.apache.ratis.thirdparty.io.grpc.stub.ServerCalls$StreamingServerCallHandler$StreamingServerCallListener.onCancel(ServerCalls.java:269)
	at org.apache.ratis.thirdparty.io.grpc.internal.ServerCallImpl$ServerStreamListenerImpl.closed(ServerCallImpl.java:293)
	at org.apache.ratis.thirdparty.io.grpc.internal.ServerImpl$JumpToApplicationThreadServerStreamListener$1Closed.runInContext(ServerImpl.java:741)
	at org.apache.ratis.thirdparty.io.grpc.internal.ContextRunnable.run(ContextRunnable.java:37)
	at org.apache.ratis.thirdparty.io.grpc.internal.SerializingExecutor.run(SerializingExecutor.java:123)
	at java.util.concurrent.ThreadPoolExecutor.runWorker(ThreadPoolExecutor.java:1149)
	at java.util.concurrent.ThreadPoolExecutor$Worker.run(ThreadPoolExecutor.java:624)
	at java.lang.Thread.run(Thread.java:748)

Oct 24, 2019 11:46:23 AM org.apache.ratis.thirdparty.io.grpc.internal.SerializingExecutor run
SEVERE: Exception while executing runnable org.apache.ratis.thirdparty.io.grpc.internal.ClientCallImpl$ClientStreamListenerImpl$1StreamClosed@7af4e3ba
java.lang.NullPointerException
	at org.apache.ratis.grpc.server.GrpcLogAppender$AppendLogResponseHandler.onError(GrpcLogAppender.java:303)
	at org.apache.ratis.thirdparty.io.grpc.stub.ClientCalls$StreamObserverToCallListenerAdapter.onClose(ClientCalls.java:434)
	at org.apache.ratis.thirdparty.io.grpc.PartialForwardingClientCallListener.onClose(PartialForwardingClientCallListener.java:39)
	at org.apache.ratis.thirdparty.io.grpc.ForwardingClientCallListener.onClose(ForwardingClientCallListener.java:23)
	at org.apache.ratis.thirdparty.io.grpc.ForwardingClientCallListener$SimpleForwardingClientCallListener.onClose(ForwardingClientCallListener.java:40)
	at org.apache.ratis.thirdparty.io.grpc.internal.CensusStatsModule$StatsClientInterceptor$1$1.onClose(CensusStatsModule.java:678)
	at org.apache.ratis.thirdparty.io.grpc.PartialForwardingClientCallListener.onClose(PartialForwardingClientCallListener.java:39)
	at org.apache.ratis.thirdparty.io.grpc.ForwardingClientCallListener.onClose(ForwardingClientCallListener.java:23)
	at org.apache.ratis.thirdparty.io.grpc.ForwardingClientCallListener$SimpleForwardingClientCallListener.onClose(ForwardingClientCallListener.java:40)
	at org.apache.ratis.thirdparty.io.grpc.internal.CensusTracingModule$TracingClientInterceptor$1$1.onClose(CensusTracingModule.java:397)
	at org.apache.ratis.thirdparty.io.grpc.internal.ClientCallImpl.closeObserver(ClientCallImpl.java:459)
	at org.apache.ratis.thirdparty.io.grpc.internal.ClientCallImpl.access$300(ClientCallImpl.java:63)
	at org.apache.ratis.thirdparty.io.grpc.internal.ClientCallImpl$ClientStreamListenerImpl.close(ClientCallImpl.java:546)
	at org.apache.ratis.thirdparty.io.grpc.internal.ClientCallImpl$ClientStreamListenerImpl.access$600(ClientCallImpl.java:467)
	at org.apache.ratis.thirdparty.io.grpc.internal.ClientCallImpl$ClientStreamListenerImpl$1StreamClosed.runInContext(ClientCallImpl.java:584)
	at org.apache.ratis.thirdparty.io.grpc.internal.ContextRunnable.run(ContextRunnable.java:37)
	at org.apache.ratis.thirdparty.io.grpc.internal.SerializingExecutor.run(SerializingExecutor.java:123)
	at java.util.concurrent.ThreadPoolExecutor.runWorker(ThreadPoolExecutor.java:1149)
	at java.util.concurrent.ThreadPoolExecutor$Worker.run(ThreadPoolExecutor.java:624)
	at java.lang.Thread.run(Thread.java:748)

]]></system-err>
  </testcase>
</testsuite>