<?xml version="1.0" encoding="UTF-8"?>
<testsuite xmlns:xsi="http://www.w3.org/2001/XMLSchema-instance" xsi:noNamespaceSchemaLocation="https://maven.apache.org/surefire/maven-surefire-plugin/xsd/surefire-test-report.xsd" name="org.apache.hadoop.ozone.client.rpc.TestFailureHandlingByClient" time="311.24" tests="5" errors="1" skipped="0" failures="1">
  <properties>
    <property name="awt.toolkit" value="sun.awt.X11.XToolkit"/>
    <property name="file.encoding.pkg" value="sun.io"/>
    <property name="java.specification.version" value="1.8"/>
    <property name="sun.cpu.isalist" value=""/>
    <property name="sun.jnu.encoding" value="ANSI_X3.4-1968"/>
    <property name="java.class.path" value="/workdir/hadoop-ozone/integration-test/target/test-classes:/workdir/hadoop-ozone/integration-test/target/classes:/home/user/.m2/repository/org/apache/hadoop/hadoop-ozone-common/0.5.0-SNAPSHOT/hadoop-ozone-common-0.5.0-SNAPSHOT.jar:/home/user/.m2/repository/org/apache/commons/commons-compress/1.4.1/commons-compress-1.4.1.jar:/home/user/.m2/repository/org/tukaani/xz/1.0/xz-1.0.jar:/home/user/.m2/repository/org/apache/hadoop/hadoop-common/3.2.0/hadoop-common-3.2.0.jar:/home/user/.m2/repository/org/apache/hadoop/hadoop-hdfs/3.2.0/hadoop-hdfs-3.2.0.jar:/home/user/.m2/repository/org/apache/hadoop/hadoop-hdfs-client/3.2.0/hadoop-hdfs-client-3.2.0.jar:/home/user/.m2/repository/com/fasterxml/jackson/core/jackson-annotations/2.9.9/jackson-annotations-2.9.9.jar:/home/user/.m2/repository/org/apache/hadoop/hadoop-hdds-common/0.5.0-SNAPSHOT/hadoop-hdds-common-0.5.0-SNAPSHOT.jar:/home/user/.m2/repository/javax/annotation/javax.annotation-api/1.2/javax.annotation-api-1.2.jar:/home/user/.m2/repository/org/apache/ratis/ratis-server/0.5.0-d6d58d0-SNAPSHOT/ratis-server-0.5.0-d6d58d0-SNAPSHOT.jar:/home/user/.m2/repository/org/apache/ratis/ratis-thirdparty-misc/0.2.0/ratis-thirdparty-misc-0.2.0.jar:/home/user/.m2/repository/org/apache/ratis/ratis-proto/0.5.0-d6d58d0-SNAPSHOT/ratis-proto-0.5.0-d6d58d0-SNAPSHOT.jar:/home/user/.m2/repository/org/apache/ratis/ratis-common/0.5.0-d6d58d0-SNAPSHOT/ratis-common-0.5.0-d6d58d0-SNAPSHOT.jar:/home/user/.m2/repository/org/apache/ratis/ratis-client/0.5.0-d6d58d0-SNAPSHOT/ratis-client-0.5.0-d6d58d0-SNAPSHOT.jar:/home/user/.m2/repository/org/apache/ratis/ratis-metrics/0.5.0-d6d58d0-SNAPSHOT/ratis-metrics-0.5.0-d6d58d0-SNAPSHOT.jar:/home/user/.m2/repository/org/apache/ratis/ratis-netty/0.5.0-d6d58d0-SNAPSHOT/ratis-netty-0.5.0-d6d58d0-SNAPSHOT.jar:/home/user/.m2/repository/org/apache/ratis/ratis-grpc/0.5.0-d6d58d0-SNAPSHOT/ratis-grpc-0.5.0-d6d58d0-SNAPSHOT.jar:/home/user/.m2/repository/org/rocksdb/rocksdbjni/6.0.1/rocksdbjni-6.0.1.jar:/home/user/.m2/repository/org/apache/logging/log4j/log4j-api/2.11.0/log4j-api-2.11.0.jar:/home/user/.m2/repository/org/apache/logging/log4j/log4j-core/2.11.0/log4j-core-2.11.0.jar:/home/user/.m2/repository/com/lmax/disruptor/3.4.2/disruptor-3.4.2.jar:/home/user/.m2/repository/org/apache/commons/commons-pool2/2.6.0/commons-pool2-2.6.0.jar:/home/user/.m2/repository/org/bouncycastle/bcpkix-jdk15on/1.60/bcpkix-jdk15on-1.60.jar:/home/user/.m2/repository/commons-validator/commons-validator/1.6/commons-validator-1.6.jar:/home/user/.m2/repository/commons-digester/commons-digester/1.8.1/commons-digester-1.8.1.jar:/home/user/.m2/repository/io/jaegertracing/jaeger-client/0.34.0/jaeger-client-0.34.0.jar:/home/user/.m2/repository/io/jaegertracing/jaeger-thrift/0.34.0/jaeger-thrift-0.34.0.jar:/home/user/.m2/repository/org/apache/thrift/libthrift/0.12.0/libthrift-0.12.0.jar:/home/user/.m2/repository/com/squareup/okhttp3/okhttp/3.9.0/okhttp-3.9.0.jar:/home/user/.m2/repository/com/squareup/okio/okio/1.13.0/okio-1.13.0.jar:/home/user/.m2/repository/io/jaegertracing/jaeger-core/0.34.0/jaeger-core-0.34.0.jar:/home/user/.m2/repository/io/jaegertracing/jaeger-tracerresolver/0.34.0/jaeger-tracerresolver-0.34.0.jar:/home/user/.m2/repository/io/opentracing/contrib/opentracing-tracerresolver/0.1.5/opentracing-tracerresolver-0.1.5.jar:/home/user/.m2/repository/io/opentracing/opentracing-util/0.31.0/opentracing-util-0.31.0.jar:/home/user/.m2/repository/io/opentracing/opentracing-api/0.31.0/opentracing-api-0.31.0.jar:/home/user/.m2/repository/io/opentracing/opentracing-noop/0.31.0/opentracing-noop-0.31.0.jar:/home/user/.m2/repository/org/apache/hadoop/hadoop-hdds-server-framework/0.5.0-SNAPSHOT/hadoop-hdds-server-framework-0.5.0-SNAPSHOT.jar:/home/user/.m2/repository/org/apache/hadoop/hadoop-hdds-container-service/0.5.0-SNAPSHOT/hadoop-hdds-container-service-0.5.0-SNAPSHOT.jar:/home/user/.m2/repository/org/apache/hadoop/hadoop-hdds-client/0.5.0-SNAPSHOT/hadoop-hdds-client-0.5.0-SNAPSHOT.jar:/home/user/.m2/repository/org/apache/hadoop/hadoop-hdds-tools/0.5.0-SNAPSHOT/hadoop-hdds-tools-0.5.0-SNAPSHOT.jar:/home/user/.m2/repository/org/apache/hadoop/hadoop-hdds-server-scm/0.5.0-SNAPSHOT/hadoop-hdds-server-scm-0.5.0-SNAPSHOT.jar:/home/user/.m2/repository/org/apache/hadoop/hadoop-hdds-docs/0.5.0-SNAPSHOT/hadoop-hdds-docs-0.5.0-SNAPSHOT.jar:/home/user/.m2/repository/io/dropwizard/metrics/metrics-core/3.2.4/metrics-core-3.2.4.jar:/home/user/.m2/repository/org/hamcrest/hamcrest-all/1.3/hamcrest-all-1.3.jar:/home/user/.m2/repository/org/bouncycastle/bcprov-jdk15on/1.60/bcprov-jdk15on-1.60.jar:/home/user/.m2/repository/info/picocli/picocli/3.9.6/picocli-3.9.6.jar:/home/user/.m2/repository/com/google/protobuf/protobuf-java/2.5.0/protobuf-java-2.5.0.jar:/home/user/.m2/repository/com/google/guava/guava/11.0.2/guava-11.0.2.jar:/home/user/.m2/repository/org/apache/hadoop/hadoop-ozone-ozone-manager/0.5.0-SNAPSHOT/hadoop-ozone-ozone-manager-0.5.0-SNAPSHOT.jar:/home/user/.m2/repository/org/apache/hadoop/hadoop-minikdc/3.2.0/hadoop-minikdc-3.2.0.jar:/home/user/.m2/repository/commons-io/commons-io/2.5/commons-io-2.5.jar:/home/user/.m2/repository/org/apache/kerby/kerb-simplekdc/1.0.1/kerb-simplekdc-1.0.1.jar:/home/user/.m2/repository/org/apache/kerby/kerb-client/1.0.1/kerb-client-1.0.1.jar:/home/user/.m2/repository/org/apache/kerby/kerby-config/1.0.1/kerby-config-1.0.1.jar:/home/user/.m2/repository/org/apache/kerby/kerb-core/1.0.1/kerb-core-1.0.1.jar:/home/user/.m2/repository/org/apache/kerby/kerby-pkix/1.0.1/kerby-pkix-1.0.1.jar:/home/user/.m2/repository/org/apache/kerby/kerby-asn1/1.0.1/kerby-asn1-1.0.1.jar:/home/user/.m2/repository/org/apache/kerby/kerby-util/1.0.1/kerby-util-1.0.1.jar:/home/user/.m2/repository/org/apache/kerby/kerb-common/1.0.1/kerb-common-1.0.1.jar:/home/user/.m2/repository/org/apache/kerby/kerb-crypto/1.0.1/kerb-crypto-1.0.1.jar:/home/user/.m2/repository/org/apache/kerby/kerb-util/1.0.1/kerb-util-1.0.1.jar:/home/user/.m2/repository/org/apache/kerby/token-provider/1.0.1/token-provider-1.0.1.jar:/home/user/.m2/repository/org/apache/kerby/kerb-admin/1.0.1/kerb-admin-1.0.1.jar:/home/user/.m2/repository/org/apache/kerby/kerb-server/1.0.1/kerb-server-1.0.1.jar:/home/user/.m2/repository/org/apache/kerby/kerb-identity/1.0.1/kerb-identity-1.0.1.jar:/home/user/.m2/repository/org/apache/kerby/kerby-xdr/1.0.1/kerby-xdr-1.0.1.jar:/home/user/.m2/repository/org/slf4j/slf4j-log4j12/1.7.25/slf4j-log4j12-1.7.25.jar:/home/user/.m2/repository/org/apache/hadoop/hadoop-ozone-s3gateway/0.5.0-SNAPSHOT/hadoop-ozone-s3gateway-0.5.0-SNAPSHOT.jar:/home/user/.m2/repository/org/jboss/weld/servlet/weld-servlet/2.4.7.Final/weld-servlet-2.4.7.Final.jar:/home/user/.m2/repository/org/glassfish/jersey/containers/jersey-container-servlet-core/2.27/jersey-container-servlet-core-2.27.jar:/home/user/.m2/repository/org/glassfish/hk2/external/javax.inject/2.5.0-b42/javax.inject-2.5.0-b42.jar:/home/user/.m2/repository/org/glassfish/jersey/core/jersey-common/2.27/jersey-common-2.27.jar:/home/user/.m2/repository/org/glassfish/hk2/osgi-resource-locator/1.0.1/osgi-resource-locator-1.0.1.jar:/home/user/.m2/repository/javax/ws/rs/javax.ws.rs-api/2.1/javax.ws.rs-api-2.1.jar:/home/user/.m2/repository/org/glassfish/jersey/ext/cdi/jersey-cdi1x/2.27/jersey-cdi1x-2.27.jar:/home/user/.m2/repository/org/glassfish/jersey/inject/jersey-hk2/2.27/jersey-hk2-2.27.jar:/home/user/.m2/repository/org/glassfish/hk2/hk2-locator/2.5.0-b42/hk2-locator-2.5.0-b42.jar:/home/user/.m2/repository/org/javassist/javassist/3.22.0-CR2/javassist-3.22.0-CR2.jar:/home/user/.m2/repository/org/glassfish/hk2/hk2-api/2.5.0/hk2-api-2.5.0.jar:/home/user/.m2/repository/org/glassfish/hk2/external/jakarta.inject/2.5.0/jakarta.inject-2.5.0.jar:/home/user/.m2/repository/org/glassfish/hk2/hk2-utils/2.5.0/hk2-utils-2.5.0.jar:/home/user/.m2/repository/jakarta/annotation/jakarta.annotation-api/1.3.4/jakarta.annotation-api-1.3.4.jar:/home/user/.m2/repository/org/glassfish/hk2/external/aopalliance-repackaged/2.5.0/aopalliance-repackaged-2.5.0.jar:/home/user/.m2/repository/com/fasterxml/jackson/dataformat/jackson-dataformat-xml/2.9.0/jackson-dataformat-xml-2.9.0.jar:/home/user/.m2/repository/com/fasterxml/jackson/core/jackson-core/2.9.9/jackson-core-2.9.9.jar:/home/user/.m2/repository/com/fasterxml/jackson/module/jackson-module-jaxb-annotations/2.9.9/jackson-module-jaxb-annotations-2.9.9.jar:/home/user/.m2/repository/javax/enterprise/cdi-api/1.2/cdi-api-1.2.jar:/home/user/.m2/repository/javax/el/javax.el-api/3.0.0/javax.el-api-3.0.0.jar:/home/user/.m2/repository/javax/interceptor/javax.interceptor-api/1.2/javax.interceptor-api-1.2.jar:/home/user/.m2/repository/javax/inject/javax.inject/1/javax.inject-1.jar:/home/user/.m2/repository/com/sun/xml/bind/jaxb-impl/2.3.0.1/jaxb-impl-2.3.0.1.jar:/home/user/.m2/repository/com/sun/xml/bind/jaxb-core/2.3.0.1/jaxb-core-2.3.0.1.jar:/home/user/.m2/repository/javax/xml/bind/jaxb-api/2.3.0/jaxb-api-2.3.0.jar:/home/user/.m2/repository/javax/activation/activation/1.1.1/activation-1.1.1.jar:/home/user/.m2/repository/org/apache/hadoop/hadoop-ozone-csi/0.5.0-SNAPSHOT/hadoop-ozone-csi-0.5.0-SNAPSHOT.jar:/home/user/.m2/repository/com/google/protobuf/protobuf-java-util/3.5.1/protobuf-java-util-3.5.1.jar:/home/user/.m2/repository/org/apache/hadoop/hadoop-hdds-config/0.5.0-SNAPSHOT/hadoop-hdds-config-0.5.0-SNAPSHOT.jar:/home/user/.m2/repository/io/grpc/grpc-netty/1.17.1/grpc-netty-1.17.1.jar:/home/user/.m2/repository/io/grpc/grpc-core/1.17.1/grpc-core-1.17.1.jar:/home/user/.m2/repository/io/grpc/grpc-context/1.17.1/grpc-context-1.17.1.jar:/home/user/.m2/repository/com/google/errorprone/error_prone_annotations/2.2.0/error_prone_annotations-2.2.0.jar:/home/user/.m2/repository/org/codehaus/mojo/animal-sniffer-annotations/1.17/animal-sniffer-annotations-1.17.jar:/home/user/.m2/repository/io/opencensus/opencensus-api/0.17.0/opencensus-api-0.17.0.jar:/home/user/.m2/repository/io/opencensus/opencensus-contrib-grpc-metrics/0.17.0/opencensus-contrib-grpc-metrics-0.17.0.jar:/home/user/.m2/repository/io/netty/netty-codec-http2/4.1.30.Final/netty-codec-http2-4.1.30.Final.jar:/home/user/.m2/repository/io/netty/netty-codec-http/4.1.30.Final/netty-codec-http-4.1.30.Final.jar:/home/user/.m2/repository/io/netty/netty-codec/4.1.30.Final/netty-codec-4.1.30.Final.jar:/home/user/.m2/repository/io/netty/netty-handler/4.1.30.Final/netty-handler-4.1.30.Final.jar:/home/user/.m2/repository/io/netty/netty-handler-proxy/4.1.30.Final/netty-handler-proxy-4.1.30.Final.jar:/home/user/.m2/repository/io/netty/netty-codec-socks/4.1.30.Final/netty-codec-socks-4.1.30.Final.jar:/home/user/.m2/repository/io/netty/netty-transport-native-epoll/4.1.30.Final/netty-transport-native-epoll-4.1.30.Final.jar:/home/user/.m2/repository/io/netty/netty-common/4.1.30.Final/netty-common-4.1.30.Final.jar:/home/user/.m2/repository/io/netty/netty-buffer/4.1.30.Final/netty-buffer-4.1.30.Final.jar:/home/user/.m2/repository/io/netty/netty-transport/4.1.30.Final/netty-transport-4.1.30.Final.jar:/home/user/.m2/repository/io/netty/netty-resolver/4.1.30.Final/netty-resolver-4.1.30.Final.jar:/home/user/.m2/repository/io/netty/netty-transport-native-unix-common/4.1.30.Final/netty-transport-native-unix-common-4.1.30.Final.jar:/home/user/.m2/repository/io/grpc/grpc-protobuf/1.17.1/grpc-protobuf-1.17.1.jar:/home/user/.m2/repository/com/google/api/grpc/proto-google-common-protos/1.0.0/proto-google-common-protos-1.0.0.jar:/home/user/.m2/repository/io/grpc/grpc-protobuf-lite/1.17.1/grpc-protobuf-lite-1.17.1.jar:/home/user/.m2/repository/io/grpc/grpc-stub/1.17.1/grpc-stub-1.17.1.jar:/home/user/.m2/repository/org/apache/hadoop/hadoop-ozone-recon/0.5.0-SNAPSHOT/hadoop-ozone-recon-0.5.0-SNAPSHOT.jar:/home/user/.m2/repository/org/apache/hadoop/hadoop-ozone-reconcodegen/0.5.0-SNAPSHOT/hadoop-ozone-reconcodegen-0.5.0-SNAPSHOT.jar:/home/user/.m2/repository/com/google/inject/extensions/guice-multibindings/4.0/guice-multibindings-4.0.jar:/home/user/.m2/repository/com/google/inject/guice/4.0/guice-4.0.jar:/home/user/.m2/repository/aopalliance/aopalliance/1.0/aopalliance-1.0.jar:/home/user/.m2/repository/com/google/inject/extensions/guice-servlet/4.0/guice-servlet-4.0.jar:/home/user/.m2/repository/org/glassfish/jersey/containers/jersey-container-servlet/2.27/jersey-container-servlet-2.27.jar:/home/user/.m2/repository/org/glassfish/hk2/guice-bridge/2.5.0/guice-bridge-2.5.0.jar:/home/user/.m2/repository/org/glassfish/jersey/core/jersey-server/2.27/jersey-server-2.27.jar:/home/user/.m2/repository/org/glassfish/jersey/core/jersey-client/2.27/jersey-client-2.27.jar:/home/user/.m2/repository/org/glassfish/jersey/media/jersey-media-jaxb/2.27/jersey-media-jaxb-2.27.jar:/home/user/.m2/repository/javax/validation/validation-api/1.1.0.Final/validation-api-1.1.0.Final.jar:/home/user/.m2/repository/org/glassfish/jersey/media/jersey-media-json-jackson/2.27/jersey-media-json-jackson-2.27.jar:/home/user/.m2/repository/org/glassfish/jersey/ext/jersey-entity-filtering/2.27/jersey-entity-filtering-2.27.jar:/home/user/.m2/repository/com/google/inject/extensions/guice-assistedinject/4.0/guice-assistedinject-4.0.jar:/home/user/.m2/repository/org/jooq/jooq/3.11.10/jooq-3.11.10.jar:/home/user/.m2/repository/org/jooq/jooq-meta/3.11.10/jooq-meta-3.11.10.jar:/home/user/.m2/repository/org/jooq/jooq-codegen/3.11.10/jooq-codegen-3.11.10.jar:/home/user/.m2/repository/com/jolbox/bonecp/0.8.0.RELEASE/bonecp-0.8.0.RELEASE.jar:/home/user/.m2/repository/org/xerial/sqlite-jdbc/3.25.2/sqlite-jdbc-3.25.2.jar:/home/user/.m2/repository/org/springframework/spring-jdbc/5.1.3.RELEASE/spring-jdbc-5.1.3.RELEASE.jar:/home/user/.m2/repository/org/springframework/spring-beans/5.1.3.RELEASE/spring-beans-5.1.3.RELEASE.jar:/home/user/.m2/repository/org/springframework/spring-core/5.1.3.RELEASE/spring-core-5.1.3.RELEASE.jar:/home/user/.m2/repository/org/springframework/spring-jcl/5.1.3.RELEASE/spring-jcl-5.1.3.RELEASE.jar:/home/user/.m2/repository/org/springframework/spring-tx/5.1.3.RELEASE/spring-tx-5.1.3.RELEASE.jar:/home/user/.m2/repository/org/apache/hadoop/hadoop-ozone-client/0.5.0-SNAPSHOT/hadoop-ozone-client-0.5.0-SNAPSHOT.jar:/home/user/.m2/repository/commons-lang/commons-lang/2.6/commons-lang-2.6.jar:/home/user/.m2/repository/org/apache/hadoop/hadoop-ozone-ozone-manager/0.5.0-SNAPSHOT/hadoop-ozone-ozone-manager-0.5.0-SNAPSHOT-tests.jar:/home/user/.m2/repository/junit/junit/4.11/junit-4.11.jar:/home/user/.m2/repository/org/hamcrest/hamcrest-core/1.3/hamcrest-core-1.3.jar:/home/user/.m2/repository/org/openjdk/jmh/jmh-core/1.19/jmh-core-1.19.jar:/home/user/.m2/repository/net/sf/jopt-simple/jopt-simple/4.6/jopt-simple-4.6.jar:/home/user/.m2/repository/org/apache/commons/commons-math3/3.1.1/commons-math3-3.1.1.jar:/home/user/.m2/repository/org/openjdk/jmh/jmh-generator-annprocess/1.19/jmh-generator-annprocess-1.19.jar:/home/user/.m2/repository/org/mockito/mockito-all/1.8.5/mockito-all-1.8.5.jar:/home/user/.m2/repository/org/apache/hadoop/hadoop-kms/3.2.0/hadoop-kms-3.2.0.jar:/home/user/.m2/repository/org/apache/hadoop/hadoop-auth/3.2.0/hadoop-auth-3.2.0.jar:/home/user/.m2/repository/com/nimbusds/nimbus-jose-jwt/4.41.1/nimbus-jose-jwt-4.41.1.jar:/home/user/.m2/repository/com/github/stephenc/jcip/jcip-annotations/1.0-1/jcip-annotations-1.0-1.jar:/home/user/.m2/repository/net/minidev/json-smart/2.3/json-smart-2.3.jar:/home/user/.m2/repository/net/minidev/accessors-smart/1.2/accessors-smart-1.2.jar:/home/user/.m2/repository/org/ow2/asm/asm/5.0.4/asm-5.0.4.jar:/home/user/.m2/repository/org/apache/curator/curator-framework/2.12.0/curator-framework-2.12.0.jar:/home/user/.m2/repository/com/sun/jersey/jersey-core/1.19/jersey-core-1.19.jar:/home/user/.m2/repository/javax/ws/rs/jsr311-api/1.1.1/jsr311-api-1.1.1.jar:/home/user/.m2/repository/com/sun/jersey/jersey-server/1.19/jersey-server-1.19.jar:/home/user/.m2/repository/javax/servlet/javax.servlet-api/3.1.0/javax.servlet-api-3.1.0.jar:/home/user/.m2/repository/org/eclipse/jetty/jetty-server/9.3.25.v20180904/jetty-server-9.3.25.v20180904.jar:/home/user/.m2/repository/org/eclipse/jetty/jetty-http/9.3.25.v20180904/jetty-http-9.3.25.v20180904.jar:/home/user/.m2/repository/org/eclipse/jetty/jetty-io/9.3.25.v20180904/jetty-io-9.3.25.v20180904.jar:/home/user/.m2/repository/org/eclipse/jetty/jetty-webapp/9.3.25.v20180904/jetty-webapp-9.3.25.v20180904.jar:/home/user/.m2/repository/org/eclipse/jetty/jetty-xml/9.3.25.v20180904/jetty-xml-9.3.25.v20180904.jar:/home/user/.m2/repository/log4j/log4j/1.2.17/log4j-1.2.17.jar:/home/user/.m2/repository/org/slf4j/slf4j-api/1.7.25/slf4j-api-1.7.25.jar:/home/user/.m2/repository/org/slf4j/jul-to-slf4j/1.7.25/jul-to-slf4j-1.7.25.jar:/home/user/.m2/repository/org/eclipse/jetty/jetty-util/9.3.25.v20180904/jetty-util-9.3.25.v20180904.jar:/home/user/.m2/repository/com/fasterxml/jackson/core/jackson-databind/2.9.9/jackson-databind-2.9.9.jar:/home/user/.m2/repository/org/apache/hadoop/hadoop-kms/3.2.0/hadoop-kms-3.2.0-tests.jar:/home/user/.m2/repository/org/apache/hadoop/hadoop-hdds-server-scm/0.5.0-SNAPSHOT/hadoop-hdds-server-scm-0.5.0-SNAPSHOT-tests.jar:/home/user/.m2/repository/org/apache/hadoop/hadoop-hdds-container-service/0.5.0-SNAPSHOT/hadoop-hdds-container-service-0.5.0-SNAPSHOT-tests.jar:/home/user/.m2/repository/org/yaml/snakeyaml/1.16/snakeyaml-1.16.jar:/home/user/.m2/repository/org/apache/hadoop/hadoop-common/3.2.0/hadoop-common-3.2.0-tests.jar:/home/user/.m2/repository/org/apache/hadoop/hadoop-annotations/3.2.0/hadoop-annotations-3.2.0.jar:/usr/lib/jvm/java-1.8.0-openjdk-1.8.0.222.b10-1.el7_7.x86_64/jre/../lib/tools.jar:/home/user/.m2/repository/commons-cli/commons-cli/1.2/commons-cli-1.2.jar:/home/user/.m2/repository/org/apache/httpcomponents/httpclient/4.5.2/httpclient-4.5.2.jar:/home/user/.m2/repository/org/apache/httpcomponents/httpcore/4.4.4/httpcore-4.4.4.jar:/home/user/.m2/repository/commons-codec/commons-codec/1.11/commons-codec-1.11.jar:/home/user/.m2/repository/commons-net/commons-net/3.6/commons-net-3.6.jar:/home/user/.m2/repository/commons-collections/commons-collections/3.2.2/commons-collections-3.2.2.jar:/home/user/.m2/repository/org/eclipse/jetty/jetty-servlet/9.3.25.v20180904/jetty-servlet-9.3.25.v20180904.jar:/home/user/.m2/repository/org/eclipse/jetty/jetty-security/9.3.25.v20180904/jetty-security-9.3.25.v20180904.jar:/home/user/.m2/repository/javax/servlet/jsp/jsp-api/2.1/jsp-api-2.1.jar:/home/user/.m2/repository/com/sun/jersey/jersey-servlet/1.19/jersey-servlet-1.19.jar:/home/user/.m2/repository/com/sun/jersey/jersey-json/1.19/jersey-json-1.19.jar:/home/user/.m2/repository/org/codehaus/jettison/jettison/1.1/jettison-1.1.jar:/home/user/.m2/repository/org/codehaus/jackson/jackson-core-asl/1.9.13/jackson-core-asl-1.9.13.jar:/home/user/.m2/repository/org/codehaus/jackson/jackson-mapper-asl/1.9.13/jackson-mapper-asl-1.9.13.jar:/home/user/.m2/repository/org/codehaus/jackson/jackson-jaxrs/1.9.13/jackson-jaxrs-1.9.13.jar:/home/user/.m2/repository/org/codehaus/jackson/jackson-xc/1.9.13/jackson-xc-1.9.13.jar:/home/user/.m2/repository/commons-logging/commons-logging/1.1.3/commons-logging-1.1.3.jar:/home/user/.m2/repository/commons-beanutils/commons-beanutils/1.9.4/commons-beanutils-1.9.4.jar:/home/user/.m2/repository/org/apache/commons/commons-configuration2/2.1.1/commons-configuration2-2.1.1.jar:/home/user/.m2/repository/org/apache/commons/commons-lang3/3.7/commons-lang3-3.7.jar:/home/user/.m2/repository/org/apache/commons/commons-text/1.4/commons-text-1.4.jar:/home/user/.m2/repository/org/apache/avro/avro/1.7.7/avro-1.7.7.jar:/home/user/.m2/repository/com/thoughtworks/paranamer/paranamer/2.3/paranamer-2.3.jar:/home/user/.m2/repository/org/xerial/snappy/snappy-java/1.0.5/snappy-java-1.0.5.jar:/home/user/.m2/repository/com/google/re2j/re2j/1.1/re2j-1.1.jar:/home/user/.m2/repository/com/google/code/gson/gson/2.2.4/gson-2.2.4.jar:/home/user/.m2/repository/com/jcraft/jsch/0.1.54/jsch-0.1.54.jar:/home/user/.m2/repository/org/apache/curator/curator-client/2.12.0/curator-client-2.12.0.jar:/home/user/.m2/repository/org/apache/curator/curator-recipes/2.12.0/curator-recipes-2.12.0.jar:/home/user/.m2/repository/com/google/code/findbugs/jsr305/3.0.0/jsr305-3.0.0.jar:/home/user/.m2/repository/org/apache/htrace/htrace-core4/4.1.0-incubating/htrace-core4-4.1.0-incubating.jar:/home/user/.m2/repository/org/apache/zookeeper/zookeeper/3.4.13/zookeeper-3.4.13.jar:/home/user/.m2/repository/jline/jline/0.9.94/jline-0.9.94.jar:/home/user/.m2/repository/org/apache/yetus/audience-annotations/0.5.0/audience-annotations-0.5.0.jar:/home/user/.m2/repository/org/codehaus/woodstox/stax2-api/3.1.4/stax2-api-3.1.4.jar:/home/user/.m2/repository/com/fasterxml/woodstox/woodstox-core/5.0.3/woodstox-core-5.0.3.jar:/home/user/.m2/repository/dnsjava/dnsjava/2.1.7/dnsjava-2.1.7.jar:/home/user/.m2/repository/org/apache/hadoop/hadoop-hdfs/3.2.0/hadoop-hdfs-3.2.0-tests.jar:/home/user/.m2/repository/org/eclipse/jetty/jetty-util-ajax/9.3.25.v20180904/jetty-util-ajax-9.3.25.v20180904.jar:/home/user/.m2/repository/commons-daemon/commons-daemon/1.0.13/commons-daemon-1.0.13.jar:/home/user/.m2/repository/io/netty/netty/3.10.5.Final/netty-3.10.5.Final.jar:/home/user/.m2/repository/io/netty/netty-all/4.0.52.Final/netty-all-4.0.52.Final.jar:/home/user/.m2/repository/org/fusesource/leveldbjni/leveldbjni-all/1.8/leveldbjni-all-1.8.jar:"/>
    <property name="java.vm.vendor" value="Oracle Corporation"/>
    <property name="sun.arch.data.model" value="64"/>
    <property name="test.build.dir" value="/workdir/hadoop-ozone/integration-test/target/test-dir"/>
    <property name="test.cache.data" value=""/>
    <property name="java.vendor.url" value="http://java.oracle.com/"/>
    <property name="user.timezone" value=""/>
    <property name="java.vm.specification.version" value="1.8"/>
    <property name="os.name" value="Linux"/>
    <property name="test.build.data" value="/workdir/hadoop-ozone/integration-test/target/test-dir"/>
    <property name="user.country" value="US"/>
    <property name="sun.java.launcher" value="SUN_STANDARD"/>
    <property name="sun.boot.library.path" value="/usr/lib/jvm/java-1.8.0-openjdk-1.8.0.222.b10-1.el7_7.x86_64/jre/lib/amd64"/>
    <property name="sun.java.command" value="/workdir/hadoop-ozone/integration-test/target/surefire/surefirebooter6603438476678636055.jar /workdir/hadoop-ozone/integration-test/target/surefire 2019-11-14T23-58-44_115-jvmRun1 surefire7166371795287039660tmp surefire_512512723280050315712tmp"/>
    <property name="surefire.test.class.path" value="/workdir/hadoop-ozone/integration-test/target/test-classes:/workdir/hadoop-ozone/integration-test/target/classes:/home/user/.m2/repository/org/apache/hadoop/hadoop-ozone-common/0.5.0-SNAPSHOT/hadoop-ozone-common-0.5.0-SNAPSHOT.jar:/home/user/.m2/repository/org/apache/commons/commons-compress/1.4.1/commons-compress-1.4.1.jar:/home/user/.m2/repository/org/tukaani/xz/1.0/xz-1.0.jar:/home/user/.m2/repository/org/apache/hadoop/hadoop-common/3.2.0/hadoop-common-3.2.0.jar:/home/user/.m2/repository/org/apache/hadoop/hadoop-hdfs/3.2.0/hadoop-hdfs-3.2.0.jar:/home/user/.m2/repository/org/apache/hadoop/hadoop-hdfs-client/3.2.0/hadoop-hdfs-client-3.2.0.jar:/home/user/.m2/repository/com/fasterxml/jackson/core/jackson-annotations/2.9.9/jackson-annotations-2.9.9.jar:/home/user/.m2/repository/org/apache/hadoop/hadoop-hdds-common/0.5.0-SNAPSHOT/hadoop-hdds-common-0.5.0-SNAPSHOT.jar:/home/user/.m2/repository/javax/annotation/javax.annotation-api/1.2/javax.annotation-api-1.2.jar:/home/user/.m2/repository/org/apache/ratis/ratis-server/0.5.0-d6d58d0-SNAPSHOT/ratis-server-0.5.0-d6d58d0-SNAPSHOT.jar:/home/user/.m2/repository/org/apache/ratis/ratis-thirdparty-misc/0.2.0/ratis-thirdparty-misc-0.2.0.jar:/home/user/.m2/repository/org/apache/ratis/ratis-proto/0.5.0-d6d58d0-SNAPSHOT/ratis-proto-0.5.0-d6d58d0-SNAPSHOT.jar:/home/user/.m2/repository/org/apache/ratis/ratis-common/0.5.0-d6d58d0-SNAPSHOT/ratis-common-0.5.0-d6d58d0-SNAPSHOT.jar:/home/user/.m2/repository/org/apache/ratis/ratis-client/0.5.0-d6d58d0-SNAPSHOT/ratis-client-0.5.0-d6d58d0-SNAPSHOT.jar:/home/user/.m2/repository/org/apache/ratis/ratis-metrics/0.5.0-d6d58d0-SNAPSHOT/ratis-metrics-0.5.0-d6d58d0-SNAPSHOT.jar:/home/user/.m2/repository/org/apache/ratis/ratis-netty/0.5.0-d6d58d0-SNAPSHOT/ratis-netty-0.5.0-d6d58d0-SNAPSHOT.jar:/home/user/.m2/repository/org/apache/ratis/ratis-grpc/0.5.0-d6d58d0-SNAPSHOT/ratis-grpc-0.5.0-d6d58d0-SNAPSHOT.jar:/home/user/.m2/repository/org/rocksdb/rocksdbjni/6.0.1/rocksdbjni-6.0.1.jar:/home/user/.m2/repository/org/apache/logging/log4j/log4j-api/2.11.0/log4j-api-2.11.0.jar:/home/user/.m2/repository/org/apache/logging/log4j/log4j-core/2.11.0/log4j-core-2.11.0.jar:/home/user/.m2/repository/com/lmax/disruptor/3.4.2/disruptor-3.4.2.jar:/home/user/.m2/repository/org/apache/commons/commons-pool2/2.6.0/commons-pool2-2.6.0.jar:/home/user/.m2/repository/org/bouncycastle/bcpkix-jdk15on/1.60/bcpkix-jdk15on-1.60.jar:/home/user/.m2/repository/commons-validator/commons-validator/1.6/commons-validator-1.6.jar:/home/user/.m2/repository/commons-digester/commons-digester/1.8.1/commons-digester-1.8.1.jar:/home/user/.m2/repository/io/jaegertracing/jaeger-client/0.34.0/jaeger-client-0.34.0.jar:/home/user/.m2/repository/io/jaegertracing/jaeger-thrift/0.34.0/jaeger-thrift-0.34.0.jar:/home/user/.m2/repository/org/apache/thrift/libthrift/0.12.0/libthrift-0.12.0.jar:/home/user/.m2/repository/com/squareup/okhttp3/okhttp/3.9.0/okhttp-3.9.0.jar:/home/user/.m2/repository/com/squareup/okio/okio/1.13.0/okio-1.13.0.jar:/home/user/.m2/repository/io/jaegertracing/jaeger-core/0.34.0/jaeger-core-0.34.0.jar:/home/user/.m2/repository/io/jaegertracing/jaeger-tracerresolver/0.34.0/jaeger-tracerresolver-0.34.0.jar:/home/user/.m2/repository/io/opentracing/contrib/opentracing-tracerresolver/0.1.5/opentracing-tracerresolver-0.1.5.jar:/home/user/.m2/repository/io/opentracing/opentracing-util/0.31.0/opentracing-util-0.31.0.jar:/home/user/.m2/repository/io/opentracing/opentracing-api/0.31.0/opentracing-api-0.31.0.jar:/home/user/.m2/repository/io/opentracing/opentracing-noop/0.31.0/opentracing-noop-0.31.0.jar:/home/user/.m2/repository/org/apache/hadoop/hadoop-hdds-server-framework/0.5.0-SNAPSHOT/hadoop-hdds-server-framework-0.5.0-SNAPSHOT.jar:/home/user/.m2/repository/org/apache/hadoop/hadoop-hdds-container-service/0.5.0-SNAPSHOT/hadoop-hdds-container-service-0.5.0-SNAPSHOT.jar:/home/user/.m2/repository/org/apache/hadoop/hadoop-hdds-client/0.5.0-SNAPSHOT/hadoop-hdds-client-0.5.0-SNAPSHOT.jar:/home/user/.m2/repository/org/apache/hadoop/hadoop-hdds-tools/0.5.0-SNAPSHOT/hadoop-hdds-tools-0.5.0-SNAPSHOT.jar:/home/user/.m2/repository/org/apache/hadoop/hadoop-hdds-server-scm/0.5.0-SNAPSHOT/hadoop-hdds-server-scm-0.5.0-SNAPSHOT.jar:/home/user/.m2/repository/org/apache/hadoop/hadoop-hdds-docs/0.5.0-SNAPSHOT/hadoop-hdds-docs-0.5.0-SNAPSHOT.jar:/home/user/.m2/repository/io/dropwizard/metrics/metrics-core/3.2.4/metrics-core-3.2.4.jar:/home/user/.m2/repository/org/hamcrest/hamcrest-all/1.3/hamcrest-all-1.3.jar:/home/user/.m2/repository/org/bouncycastle/bcprov-jdk15on/1.60/bcprov-jdk15on-1.60.jar:/home/user/.m2/repository/info/picocli/picocli/3.9.6/picocli-3.9.6.jar:/home/user/.m2/repository/com/google/protobuf/protobuf-java/2.5.0/protobuf-java-2.5.0.jar:/home/user/.m2/repository/com/google/guava/guava/11.0.2/guava-11.0.2.jar:/home/user/.m2/repository/org/apache/hadoop/hadoop-ozone-ozone-manager/0.5.0-SNAPSHOT/hadoop-ozone-ozone-manager-0.5.0-SNAPSHOT.jar:/home/user/.m2/repository/org/apache/hadoop/hadoop-minikdc/3.2.0/hadoop-minikdc-3.2.0.jar:/home/user/.m2/repository/commons-io/commons-io/2.5/commons-io-2.5.jar:/home/user/.m2/repository/org/apache/kerby/kerb-simplekdc/1.0.1/kerb-simplekdc-1.0.1.jar:/home/user/.m2/repository/org/apache/kerby/kerb-client/1.0.1/kerb-client-1.0.1.jar:/home/user/.m2/repository/org/apache/kerby/kerby-config/1.0.1/kerby-config-1.0.1.jar:/home/user/.m2/repository/org/apache/kerby/kerb-core/1.0.1/kerb-core-1.0.1.jar:/home/user/.m2/repository/org/apache/kerby/kerby-pkix/1.0.1/kerby-pkix-1.0.1.jar:/home/user/.m2/repository/org/apache/kerby/kerby-asn1/1.0.1/kerby-asn1-1.0.1.jar:/home/user/.m2/repository/org/apache/kerby/kerby-util/1.0.1/kerby-util-1.0.1.jar:/home/user/.m2/repository/org/apache/kerby/kerb-common/1.0.1/kerb-common-1.0.1.jar:/home/user/.m2/repository/org/apache/kerby/kerb-crypto/1.0.1/kerb-crypto-1.0.1.jar:/home/user/.m2/repository/org/apache/kerby/kerb-util/1.0.1/kerb-util-1.0.1.jar:/home/user/.m2/repository/org/apache/kerby/token-provider/1.0.1/token-provider-1.0.1.jar:/home/user/.m2/repository/org/apache/kerby/kerb-admin/1.0.1/kerb-admin-1.0.1.jar:/home/user/.m2/repository/org/apache/kerby/kerb-server/1.0.1/kerb-server-1.0.1.jar:/home/user/.m2/repository/org/apache/kerby/kerb-identity/1.0.1/kerb-identity-1.0.1.jar:/home/user/.m2/repository/org/apache/kerby/kerby-xdr/1.0.1/kerby-xdr-1.0.1.jar:/home/user/.m2/repository/org/slf4j/slf4j-log4j12/1.7.25/slf4j-log4j12-1.7.25.jar:/home/user/.m2/repository/org/apache/hadoop/hadoop-ozone-s3gateway/0.5.0-SNAPSHOT/hadoop-ozone-s3gateway-0.5.0-SNAPSHOT.jar:/home/user/.m2/repository/org/jboss/weld/servlet/weld-servlet/2.4.7.Final/weld-servlet-2.4.7.Final.jar:/home/user/.m2/repository/org/glassfish/jersey/containers/jersey-container-servlet-core/2.27/jersey-container-servlet-core-2.27.jar:/home/user/.m2/repository/org/glassfish/hk2/external/javax.inject/2.5.0-b42/javax.inject-2.5.0-b42.jar:/home/user/.m2/repository/org/glassfish/jersey/core/jersey-common/2.27/jersey-common-2.27.jar:/home/user/.m2/repository/org/glassfish/hk2/osgi-resource-locator/1.0.1/osgi-resource-locator-1.0.1.jar:/home/user/.m2/repository/javax/ws/rs/javax.ws.rs-api/2.1/javax.ws.rs-api-2.1.jar:/home/user/.m2/repository/org/glassfish/jersey/ext/cdi/jersey-cdi1x/2.27/jersey-cdi1x-2.27.jar:/home/user/.m2/repository/org/glassfish/jersey/inject/jersey-hk2/2.27/jersey-hk2-2.27.jar:/home/user/.m2/repository/org/glassfish/hk2/hk2-locator/2.5.0-b42/hk2-locator-2.5.0-b42.jar:/home/user/.m2/repository/org/javassist/javassist/3.22.0-CR2/javassist-3.22.0-CR2.jar:/home/user/.m2/repository/org/glassfish/hk2/hk2-api/2.5.0/hk2-api-2.5.0.jar:/home/user/.m2/repository/org/glassfish/hk2/external/jakarta.inject/2.5.0/jakarta.inject-2.5.0.jar:/home/user/.m2/repository/org/glassfish/hk2/hk2-utils/2.5.0/hk2-utils-2.5.0.jar:/home/user/.m2/repository/jakarta/annotation/jakarta.annotation-api/1.3.4/jakarta.annotation-api-1.3.4.jar:/home/user/.m2/repository/org/glassfish/hk2/external/aopalliance-repackaged/2.5.0/aopalliance-repackaged-2.5.0.jar:/home/user/.m2/repository/com/fasterxml/jackson/dataformat/jackson-dataformat-xml/2.9.0/jackson-dataformat-xml-2.9.0.jar:/home/user/.m2/repository/com/fasterxml/jackson/core/jackson-core/2.9.9/jackson-core-2.9.9.jar:/home/user/.m2/repository/com/fasterxml/jackson/module/jackson-module-jaxb-annotations/2.9.9/jackson-module-jaxb-annotations-2.9.9.jar:/home/user/.m2/repository/javax/enterprise/cdi-api/1.2/cdi-api-1.2.jar:/home/user/.m2/repository/javax/el/javax.el-api/3.0.0/javax.el-api-3.0.0.jar:/home/user/.m2/repository/javax/interceptor/javax.interceptor-api/1.2/javax.interceptor-api-1.2.jar:/home/user/.m2/repository/javax/inject/javax.inject/1/javax.inject-1.jar:/home/user/.m2/repository/com/sun/xml/bind/jaxb-impl/2.3.0.1/jaxb-impl-2.3.0.1.jar:/home/user/.m2/repository/com/sun/xml/bind/jaxb-core/2.3.0.1/jaxb-core-2.3.0.1.jar:/home/user/.m2/repository/javax/xml/bind/jaxb-api/2.3.0/jaxb-api-2.3.0.jar:/home/user/.m2/repository/javax/activation/activation/1.1.1/activation-1.1.1.jar:/home/user/.m2/repository/org/apache/hadoop/hadoop-ozone-csi/0.5.0-SNAPSHOT/hadoop-ozone-csi-0.5.0-SNAPSHOT.jar:/home/user/.m2/repository/com/google/protobuf/protobuf-java-util/3.5.1/protobuf-java-util-3.5.1.jar:/home/user/.m2/repository/org/apache/hadoop/hadoop-hdds-config/0.5.0-SNAPSHOT/hadoop-hdds-config-0.5.0-SNAPSHOT.jar:/home/user/.m2/repository/io/grpc/grpc-netty/1.17.1/grpc-netty-1.17.1.jar:/home/user/.m2/repository/io/grpc/grpc-core/1.17.1/grpc-core-1.17.1.jar:/home/user/.m2/repository/io/grpc/grpc-context/1.17.1/grpc-context-1.17.1.jar:/home/user/.m2/repository/com/google/errorprone/error_prone_annotations/2.2.0/error_prone_annotations-2.2.0.jar:/home/user/.m2/repository/org/codehaus/mojo/animal-sniffer-annotations/1.17/animal-sniffer-annotations-1.17.jar:/home/user/.m2/repository/io/opencensus/opencensus-api/0.17.0/opencensus-api-0.17.0.jar:/home/user/.m2/repository/io/opencensus/opencensus-contrib-grpc-metrics/0.17.0/opencensus-contrib-grpc-metrics-0.17.0.jar:/home/user/.m2/repository/io/netty/netty-codec-http2/4.1.30.Final/netty-codec-http2-4.1.30.Final.jar:/home/user/.m2/repository/io/netty/netty-codec-http/4.1.30.Final/netty-codec-http-4.1.30.Final.jar:/home/user/.m2/repository/io/netty/netty-codec/4.1.30.Final/netty-codec-4.1.30.Final.jar:/home/user/.m2/repository/io/netty/netty-handler/4.1.30.Final/netty-handler-4.1.30.Final.jar:/home/user/.m2/repository/io/netty/netty-handler-proxy/4.1.30.Final/netty-handler-proxy-4.1.30.Final.jar:/home/user/.m2/repository/io/netty/netty-codec-socks/4.1.30.Final/netty-codec-socks-4.1.30.Final.jar:/home/user/.m2/repository/io/netty/netty-transport-native-epoll/4.1.30.Final/netty-transport-native-epoll-4.1.30.Final.jar:/home/user/.m2/repository/io/netty/netty-common/4.1.30.Final/netty-common-4.1.30.Final.jar:/home/user/.m2/repository/io/netty/netty-buffer/4.1.30.Final/netty-buffer-4.1.30.Final.jar:/home/user/.m2/repository/io/netty/netty-transport/4.1.30.Final/netty-transport-4.1.30.Final.jar:/home/user/.m2/repository/io/netty/netty-resolver/4.1.30.Final/netty-resolver-4.1.30.Final.jar:/home/user/.m2/repository/io/netty/netty-transport-native-unix-common/4.1.30.Final/netty-transport-native-unix-common-4.1.30.Final.jar:/home/user/.m2/repository/io/grpc/grpc-protobuf/1.17.1/grpc-protobuf-1.17.1.jar:/home/user/.m2/repository/com/google/api/grpc/proto-google-common-protos/1.0.0/proto-google-common-protos-1.0.0.jar:/home/user/.m2/repository/io/grpc/grpc-protobuf-lite/1.17.1/grpc-protobuf-lite-1.17.1.jar:/home/user/.m2/repository/io/grpc/grpc-stub/1.17.1/grpc-stub-1.17.1.jar:/home/user/.m2/repository/org/apache/hadoop/hadoop-ozone-recon/0.5.0-SNAPSHOT/hadoop-ozone-recon-0.5.0-SNAPSHOT.jar:/home/user/.m2/repository/org/apache/hadoop/hadoop-ozone-reconcodegen/0.5.0-SNAPSHOT/hadoop-ozone-reconcodegen-0.5.0-SNAPSHOT.jar:/home/user/.m2/repository/com/google/inject/extensions/guice-multibindings/4.0/guice-multibindings-4.0.jar:/home/user/.m2/repository/com/google/inject/guice/4.0/guice-4.0.jar:/home/user/.m2/repository/aopalliance/aopalliance/1.0/aopalliance-1.0.jar:/home/user/.m2/repository/com/google/inject/extensions/guice-servlet/4.0/guice-servlet-4.0.jar:/home/user/.m2/repository/org/glassfish/jersey/containers/jersey-container-servlet/2.27/jersey-container-servlet-2.27.jar:/home/user/.m2/repository/org/glassfish/hk2/guice-bridge/2.5.0/guice-bridge-2.5.0.jar:/home/user/.m2/repository/org/glassfish/jersey/core/jersey-server/2.27/jersey-server-2.27.jar:/home/user/.m2/repository/org/glassfish/jersey/core/jersey-client/2.27/jersey-client-2.27.jar:/home/user/.m2/repository/org/glassfish/jersey/media/jersey-media-jaxb/2.27/jersey-media-jaxb-2.27.jar:/home/user/.m2/repository/javax/validation/validation-api/1.1.0.Final/validation-api-1.1.0.Final.jar:/home/user/.m2/repository/org/glassfish/jersey/media/jersey-media-json-jackson/2.27/jersey-media-json-jackson-2.27.jar:/home/user/.m2/repository/org/glassfish/jersey/ext/jersey-entity-filtering/2.27/jersey-entity-filtering-2.27.jar:/home/user/.m2/repository/com/google/inject/extensions/guice-assistedinject/4.0/guice-assistedinject-4.0.jar:/home/user/.m2/repository/org/jooq/jooq/3.11.10/jooq-3.11.10.jar:/home/user/.m2/repository/org/jooq/jooq-meta/3.11.10/jooq-meta-3.11.10.jar:/home/user/.m2/repository/org/jooq/jooq-codegen/3.11.10/jooq-codegen-3.11.10.jar:/home/user/.m2/repository/com/jolbox/bonecp/0.8.0.RELEASE/bonecp-0.8.0.RELEASE.jar:/home/user/.m2/repository/org/xerial/sqlite-jdbc/3.25.2/sqlite-jdbc-3.25.2.jar:/home/user/.m2/repository/org/springframework/spring-jdbc/5.1.3.RELEASE/spring-jdbc-5.1.3.RELEASE.jar:/home/user/.m2/repository/org/springframework/spring-beans/5.1.3.RELEASE/spring-beans-5.1.3.RELEASE.jar:/home/user/.m2/repository/org/springframework/spring-core/5.1.3.RELEASE/spring-core-5.1.3.RELEASE.jar:/home/user/.m2/repository/org/springframework/spring-jcl/5.1.3.RELEASE/spring-jcl-5.1.3.RELEASE.jar:/home/user/.m2/repository/org/springframework/spring-tx/5.1.3.RELEASE/spring-tx-5.1.3.RELEASE.jar:/home/user/.m2/repository/org/apache/hadoop/hadoop-ozone-client/0.5.0-SNAPSHOT/hadoop-ozone-client-0.5.0-SNAPSHOT.jar:/home/user/.m2/repository/commons-lang/commons-lang/2.6/commons-lang-2.6.jar:/home/user/.m2/repository/org/apache/hadoop/hadoop-ozone-ozone-manager/0.5.0-SNAPSHOT/hadoop-ozone-ozone-manager-0.5.0-SNAPSHOT-tests.jar:/home/user/.m2/repository/junit/junit/4.11/junit-4.11.jar:/home/user/.m2/repository/org/hamcrest/hamcrest-core/1.3/hamcrest-core-1.3.jar:/home/user/.m2/repository/org/openjdk/jmh/jmh-core/1.19/jmh-core-1.19.jar:/home/user/.m2/repository/net/sf/jopt-simple/jopt-simple/4.6/jopt-simple-4.6.jar:/home/user/.m2/repository/org/apache/commons/commons-math3/3.1.1/commons-math3-3.1.1.jar:/home/user/.m2/repository/org/openjdk/jmh/jmh-generator-annprocess/1.19/jmh-generator-annprocess-1.19.jar:/home/user/.m2/repository/org/mockito/mockito-all/1.8.5/mockito-all-1.8.5.jar:/home/user/.m2/repository/org/apache/hadoop/hadoop-kms/3.2.0/hadoop-kms-3.2.0.jar:/home/user/.m2/repository/org/apache/hadoop/hadoop-auth/3.2.0/hadoop-auth-3.2.0.jar:/home/user/.m2/repository/com/nimbusds/nimbus-jose-jwt/4.41.1/nimbus-jose-jwt-4.41.1.jar:/home/user/.m2/repository/com/github/stephenc/jcip/jcip-annotations/1.0-1/jcip-annotations-1.0-1.jar:/home/user/.m2/repository/net/minidev/json-smart/2.3/json-smart-2.3.jar:/home/user/.m2/repository/net/minidev/accessors-smart/1.2/accessors-smart-1.2.jar:/home/user/.m2/repository/org/ow2/asm/asm/5.0.4/asm-5.0.4.jar:/home/user/.m2/repository/org/apache/curator/curator-framework/2.12.0/curator-framework-2.12.0.jar:/home/user/.m2/repository/com/sun/jersey/jersey-core/1.19/jersey-core-1.19.jar:/home/user/.m2/repository/javax/ws/rs/jsr311-api/1.1.1/jsr311-api-1.1.1.jar:/home/user/.m2/repository/com/sun/jersey/jersey-server/1.19/jersey-server-1.19.jar:/home/user/.m2/repository/javax/servlet/javax.servlet-api/3.1.0/javax.servlet-api-3.1.0.jar:/home/user/.m2/repository/org/eclipse/jetty/jetty-server/9.3.25.v20180904/jetty-server-9.3.25.v20180904.jar:/home/user/.m2/repository/org/eclipse/jetty/jetty-http/9.3.25.v20180904/jetty-http-9.3.25.v20180904.jar:/home/user/.m2/repository/org/eclipse/jetty/jetty-io/9.3.25.v20180904/jetty-io-9.3.25.v20180904.jar:/home/user/.m2/repository/org/eclipse/jetty/jetty-webapp/9.3.25.v20180904/jetty-webapp-9.3.25.v20180904.jar:/home/user/.m2/repository/org/eclipse/jetty/jetty-xml/9.3.25.v20180904/jetty-xml-9.3.25.v20180904.jar:/home/user/.m2/repository/log4j/log4j/1.2.17/log4j-1.2.17.jar:/home/user/.m2/repository/org/slf4j/slf4j-api/1.7.25/slf4j-api-1.7.25.jar:/home/user/.m2/repository/org/slf4j/jul-to-slf4j/1.7.25/jul-to-slf4j-1.7.25.jar:/home/user/.m2/repository/org/eclipse/jetty/jetty-util/9.3.25.v20180904/jetty-util-9.3.25.v20180904.jar:/home/user/.m2/repository/com/fasterxml/jackson/core/jackson-databind/2.9.9/jackson-databind-2.9.9.jar:/home/user/.m2/repository/org/apache/hadoop/hadoop-kms/3.2.0/hadoop-kms-3.2.0-tests.jar:/home/user/.m2/repository/org/apache/hadoop/hadoop-hdds-server-scm/0.5.0-SNAPSHOT/hadoop-hdds-server-scm-0.5.0-SNAPSHOT-tests.jar:/home/user/.m2/repository/org/apache/hadoop/hadoop-hdds-container-service/0.5.0-SNAPSHOT/hadoop-hdds-container-service-0.5.0-SNAPSHOT-tests.jar:/home/user/.m2/repository/org/yaml/snakeyaml/1.16/snakeyaml-1.16.jar:/home/user/.m2/repository/org/apache/hadoop/hadoop-common/3.2.0/hadoop-common-3.2.0-tests.jar:/home/user/.m2/repository/org/apache/hadoop/hadoop-annotations/3.2.0/hadoop-annotations-3.2.0.jar:/usr/lib/jvm/java-1.8.0-openjdk-1.8.0.222.b10-1.el7_7.x86_64/jre/../lib/tools.jar:/home/user/.m2/repository/commons-cli/commons-cli/1.2/commons-cli-1.2.jar:/home/user/.m2/repository/org/apache/httpcomponents/httpclient/4.5.2/httpclient-4.5.2.jar:/home/user/.m2/repository/org/apache/httpcomponents/httpcore/4.4.4/httpcore-4.4.4.jar:/home/user/.m2/repository/commons-codec/commons-codec/1.11/commons-codec-1.11.jar:/home/user/.m2/repository/commons-net/commons-net/3.6/commons-net-3.6.jar:/home/user/.m2/repository/commons-collections/commons-collections/3.2.2/commons-collections-3.2.2.jar:/home/user/.m2/repository/org/eclipse/jetty/jetty-servlet/9.3.25.v20180904/jetty-servlet-9.3.25.v20180904.jar:/home/user/.m2/repository/org/eclipse/jetty/jetty-security/9.3.25.v20180904/jetty-security-9.3.25.v20180904.jar:/home/user/.m2/repository/javax/servlet/jsp/jsp-api/2.1/jsp-api-2.1.jar:/home/user/.m2/repository/com/sun/jersey/jersey-servlet/1.19/jersey-servlet-1.19.jar:/home/user/.m2/repository/com/sun/jersey/jersey-json/1.19/jersey-json-1.19.jar:/home/user/.m2/repository/org/codehaus/jettison/jettison/1.1/jettison-1.1.jar:/home/user/.m2/repository/org/codehaus/jackson/jackson-core-asl/1.9.13/jackson-core-asl-1.9.13.jar:/home/user/.m2/repository/org/codehaus/jackson/jackson-mapper-asl/1.9.13/jackson-mapper-asl-1.9.13.jar:/home/user/.m2/repository/org/codehaus/jackson/jackson-jaxrs/1.9.13/jackson-jaxrs-1.9.13.jar:/home/user/.m2/repository/org/codehaus/jackson/jackson-xc/1.9.13/jackson-xc-1.9.13.jar:/home/user/.m2/repository/commons-logging/commons-logging/1.1.3/commons-logging-1.1.3.jar:/home/user/.m2/repository/commons-beanutils/commons-beanutils/1.9.4/commons-beanutils-1.9.4.jar:/home/user/.m2/repository/org/apache/commons/commons-configuration2/2.1.1/commons-configuration2-2.1.1.jar:/home/user/.m2/repository/org/apache/commons/commons-lang3/3.7/commons-lang3-3.7.jar:/home/user/.m2/repository/org/apache/commons/commons-text/1.4/commons-text-1.4.jar:/home/user/.m2/repository/org/apache/avro/avro/1.7.7/avro-1.7.7.jar:/home/user/.m2/repository/com/thoughtworks/paranamer/paranamer/2.3/paranamer-2.3.jar:/home/user/.m2/repository/org/xerial/snappy/snappy-java/1.0.5/snappy-java-1.0.5.jar:/home/user/.m2/repository/com/google/re2j/re2j/1.1/re2j-1.1.jar:/home/user/.m2/repository/com/google/code/gson/gson/2.2.4/gson-2.2.4.jar:/home/user/.m2/repository/com/jcraft/jsch/0.1.54/jsch-0.1.54.jar:/home/user/.m2/repository/org/apache/curator/curator-client/2.12.0/curator-client-2.12.0.jar:/home/user/.m2/repository/org/apache/curator/curator-recipes/2.12.0/curator-recipes-2.12.0.jar:/home/user/.m2/repository/com/google/code/findbugs/jsr305/3.0.0/jsr305-3.0.0.jar:/home/user/.m2/repository/org/apache/htrace/htrace-core4/4.1.0-incubating/htrace-core4-4.1.0-incubating.jar:/home/user/.m2/repository/org/apache/zookeeper/zookeeper/3.4.13/zookeeper-3.4.13.jar:/home/user/.m2/repository/jline/jline/0.9.94/jline-0.9.94.jar:/home/user/.m2/repository/org/apache/yetus/audience-annotations/0.5.0/audience-annotations-0.5.0.jar:/home/user/.m2/repository/org/codehaus/woodstox/stax2-api/3.1.4/stax2-api-3.1.4.jar:/home/user/.m2/repository/com/fasterxml/woodstox/woodstox-core/5.0.3/woodstox-core-5.0.3.jar:/home/user/.m2/repository/dnsjava/dnsjava/2.1.7/dnsjava-2.1.7.jar:/home/user/.m2/repository/org/apache/hadoop/hadoop-hdfs/3.2.0/hadoop-hdfs-3.2.0-tests.jar:/home/user/.m2/repository/org/eclipse/jetty/jetty-util-ajax/9.3.25.v20180904/jetty-util-ajax-9.3.25.v20180904.jar:/home/user/.m2/repository/commons-daemon/commons-daemon/1.0.13/commons-daemon-1.0.13.jar:/home/user/.m2/repository/io/netty/netty/3.10.5.Final/netty-3.10.5.Final.jar:/home/user/.m2/repository/io/netty/netty-all/4.0.52.Final/netty-all-4.0.52.Final.jar:/home/user/.m2/repository/org/fusesource/leveldbjni/leveldbjni-all/1.8/leveldbjni-all-1.8.jar:"/>
    <property name="sun.cpu.endian" value="little"/>
    <property name="user.home" value="/home/user"/>
    <property name="user.language" value="en"/>
    <property name="java.specification.vendor" value="Oracle Corporation"/>
    <property name="java.home" value="/usr/lib/jvm/java-1.8.0-openjdk-1.8.0.222.b10-1.el7_7.x86_64/jre"/>
    <property name="surefire.excludesFile" value="/tools/ozone-bad-unit-tests"/>
    <property name="java.security.krb5.conf" value="/workdir/hadoop-ozone/integration-test/target/test-classes/krb5.conf"/>
    <property name="basedir" value="/workdir/hadoop-ozone/integration-test"/>
    <property name="file.separator" value="/"/>
    <property name="line.separator" value="&#10;"/>
    <property name="java.vm.specification.vendor" value="Oracle Corporation"/>
    <property name="java.specification.name" value="Java Platform API Specification"/>
    <property name="java.awt.graphicsenv" value="sun.awt.X11GraphicsEnvironment"/>
    <property name="surefire.real.class.path" value="/workdir/hadoop-ozone/integration-test/target/surefire/surefirebooter6603438476678636055.jar"/>
    <property name="hadoop.log.dir" value="/workdir/hadoop-ozone/integration-test/target/log"/>
    <property name="sun.boot.class.path" value="/usr/lib/jvm/java-1.8.0-openjdk-1.8.0.222.b10-1.el7_7.x86_64/jre/lib/resources.jar:/usr/lib/jvm/java-1.8.0-openjdk-1.8.0.222.b10-1.el7_7.x86_64/jre/lib/rt.jar:/usr/lib/jvm/java-1.8.0-openjdk-1.8.0.222.b10-1.el7_7.x86_64/jre/lib/sunrsasign.jar:/usr/lib/jvm/java-1.8.0-openjdk-1.8.0.222.b10-1.el7_7.x86_64/jre/lib/jsse.jar:/usr/lib/jvm/java-1.8.0-openjdk-1.8.0.222.b10-1.el7_7.x86_64/jre/lib/jce.jar:/usr/lib/jvm/java-1.8.0-openjdk-1.8.0.222.b10-1.el7_7.x86_64/jre/lib/charsets.jar:/usr/lib/jvm/java-1.8.0-openjdk-1.8.0.222.b10-1.el7_7.x86_64/jre/lib/jfr.jar:/usr/lib/jvm/java-1.8.0-openjdk-1.8.0.222.b10-1.el7_7.x86_64/jre/classes"/>
    <property name="sun.management.compiler" value="HotSpot 64-Bit Tiered Compilers"/>
    <property name="java.runtime.version" value="1.8.0_222-b10"/>
    <property name="java.net.preferIPv4Stack" value="true"/>
    <property name="user.name" value="jenkins1000"/>
    <property name="path.separator" value=":"/>
    <property name="java.security.egd" value="file:///dev/urandom"/>
    <property name="os.version" value="3.10.0-957.12.2.el7.x86_64"/>
    <property name="java.endorsed.dirs" value="/usr/lib/jvm/java-1.8.0-openjdk-1.8.0.222.b10-1.el7_7.x86_64/jre/lib/endorsed"/>
    <property name="java.runtime.name" value="OpenJDK Runtime Environment"/>
    <property name="file.encoding" value="ANSI_X3.4-1968"/>
    <property name="java.vm.name" value="OpenJDK 64-Bit Server VM"/>
    <property name="test.build.webapps" value=""/>
    <property name="localRepository" value="/home/user/.m2/repository"/>
    <property name="java.vendor.url.bug" value="http://bugreport.sun.com/bugreport/"/>
    <property name="java.io.tmpdir" value="/tmp"/>
    <property name="require.test.libhadoop" value=""/>
    <property name="java.version" value="1.8.0_222"/>
    <property name="user.dir" value="/workdir/hadoop-ozone/integration-test"/>
    <property name="os.arch" value="amd64"/>
    <property name="java.vm.specification.name" value="Java Virtual Machine Specification"/>
    <property name="test.build.classes" value="/workdir/hadoop-ozone/integration-test/target/test-classes"/>
    <property name="java.awt.printerjob" value="sun.print.PSPrinterJob"/>
    <property name="sun.os.patch.level" value="unknown"/>
    <property name="hadoop.tmp.dir" value="/workdir/hadoop-ozone/integration-test/target/tmp"/>
    <property name="java.library.path" value="/usr/lib:/workdir/hadoop-ozone/integration-test/target/native/target/usr/local/lib:/workdir/hadoop-ozone/integration-test/../../hadoop-common-project/hadoop-common/target/native/target/usr/local/lib:/usr/java/packages/lib/amd64:/usr/lib64:/lib64:/lib:/usr/lib"/>
    <property name="java.vm.info" value="mixed mode"/>
    <property name="java.vendor" value="Oracle Corporation"/>
    <property name="java.vm.version" value="25.222-b10"/>
    <property name="java.ext.dirs" value="/usr/lib/jvm/java-1.8.0-openjdk-1.8.0.222.b10-1.el7_7.x86_64/jre/lib/ext:/usr/java/packages/lib/ext"/>
    <property name="sun.io.unicode.encoding" value="UnicodeLittle"/>
    <property name="java.class.version" value="52.0"/>
  </properties>
  <testcase name="testPipelineExclusionWithPipelineFailure" classname="org.apache.hadoop.ozone.client.rpc.TestFailureHandlingByClient" time="85.779"/>
  <testcase name="testContainerExclusionWithClosedContainerException" classname="org.apache.hadoop.ozone.client.rpc.TestFailureHandlingByClient" time="49.325">
    <error message="Timed out waiting for condition. Thread diagnostics:&#10;Timestamp: 2019-11-15 12:57:39,726&#10;&#10;&quot;pool-156-thread-1&quot; daemon prio=5 tid=2037 timed_waiting&#10;java.lang.Thread.State: TIMED_WAITING&#10;        at sun.misc.Unsafe.park(Native Method)&#10;        at java.util.concurrent.locks.LockSupport.parkNanos(LockSupport.java:215)&#10;        at java.util.concurrent.locks.AbstractQueuedSynchronizer$ConditionObject.awaitNanos(AbstractQueuedSynchronizer.java:2078)&#10;        at java.util.concurrent.ScheduledThreadPoolExecutor$DelayedWorkQueue.take(ScheduledThreadPoolExecutor.java:1093)&#10;        at java.util.concurrent.ScheduledThreadPoolExecutor$DelayedWorkQueue.take(ScheduledThreadPoolExecutor.java:809)&#10;        at java.util.concurrent.ThreadPoolExecutor.getTask(ThreadPoolExecutor.java:1074)&#10;        at java.util.concurrent.ThreadPoolExecutor.runWorker(ThreadPoolExecutor.java:1134)&#10;        at java.util.concurrent.ThreadPoolExecutor$Worker.run(ThreadPoolExecutor.java:624)&#10;        at java.lang.Thread.run(Thread.java:748)&#10;&quot;Datanode ReportManager Thread - 3&quot; daemon prio=5 tid=2271 in Object.wait()&#10;java.lang.Thread.State: WAITING (on object monitor)&#10;        at sun.misc.Unsafe.park(Native Method)&#10;        at java.util.concurrent.locks.LockSupport.park(LockSupport.java:175)&#10;        at java.util.concurrent.locks.AbstractQueuedSynchronizer$ConditionObject.await(AbstractQueuedSynchronizer.java:2039)&#10;        at java.util.concurrent.ScheduledThreadPoolExecutor$DelayedWorkQueue.take(ScheduledThreadPoolExecutor.java:1088)&#10;        at java.util.concurrent.ScheduledThreadPoolExecutor$DelayedWorkQueue.take(ScheduledThreadPoolExecutor.java:809)&#10;        at java.util.concurrent.ThreadPoolExecutor.getTask(ThreadPoolExecutor.java:1074)&#10;        at java.util.concurrent.ThreadPoolExecutor.runWorker(ThreadPoolExecutor.java:1134)&#10;        at java.util.concurrent.ThreadPoolExecutor$Worker.run(ThreadPoolExecutor.java:624)&#10;        at java.lang.Thread.run(Thread.java:748)&#10;&quot;Datanode State Machine Thread - 0&quot; daemon prio=5 tid=2132 timed_waiting&#10;java.lang.Thread.State: TIMED_WAITING&#10;        at java.lang.Thread.sleep(Native Method)&#10;        at org.apache.hadoop.ozone.container.common.statemachine.DatanodeStateMachine.start(DatanodeStateMachine.java:196)&#10;        at org.apache.hadoop.ozone.container.common.statemachine.DatanodeStateMachine.lambda$startDaemon$0(DatanodeStateMachine.java:354)&#10;        at org.apache.hadoop.ozone.container.common.statemachine.DatanodeStateMachine$$Lambda$141/502066023.run(Unknown Source)&#10;        at java.lang.Thread.run(Thread.java:748)&#10;&quot;pool-208-thread-13&quot;  prio=5 tid=2661 in Object.wait()&#10;java.lang.Thread.State: WAITING (on object monitor)&#10;        at sun.misc.Unsafe.park(Native Method)&#10;        at java.util.concurrent.locks.LockSupport.park(LockSupport.java:175)&#10;        at java.util.concurrent.locks.AbstractQueuedSynchronizer$ConditionObject.await(AbstractQueuedSynchronizer.java:2039)&#10;        at java.util.concurrent.ArrayBlockingQueue.take(ArrayBlockingQueue.java:403)&#10;        at java.util.concurrent.ThreadPoolExecutor.getTask(ThreadPoolExecutor.java:1074)&#10;        at java.util.concurrent.ThreadPoolExecutor.runWorker(ThreadPoolExecutor.java:1134)&#10;        at java.util.concurrent.ThreadPoolExecutor$Worker.run(ThreadPoolExecutor.java:624)&#10;        at java.lang.Thread.run(Thread.java:748)&#10;&quot;IPC Server handler 14 on 35120&quot; daemon prio=5 tid=1903 timed_waiting&#10;java.lang.Thread.State: TIMED_WAITING&#10;        at sun.misc.Unsafe.park(Native Method)&#10;        at java.util.concurrent.locks.LockSupport.parkNanos(LockSupport.java:215)&#10;        at java.util.concurrent.locks.AbstractQueuedSynchronizer$ConditionObject.awaitNanos(AbstractQueuedSynchronizer.java:2078)&#10;        at java.util.concurrent.LinkedBlockingQueue.poll(LinkedBlockingQueue.java:467)&#10;        at org.apache.hadoop.ipc.CallQueueManager.take(CallQueueManager.java:288)&#10;        at org.apache.hadoop.ipc.Server$Handler.run(Server.java:2668)&#10;&quot;4dfd32cc-2252-49fe-ba51-4380d1c0b0d5@group-10A6A3E936DF-SegmentedRaftLogWorker&quot;  prio=5 tid=3103 timed_waiting&#10;java.lang.Thread.State: TIMED_WAITING&#10;        at sun.misc.Unsafe.park(Native Method)&#10;        at java.util.concurrent.locks.LockSupport.parkNanos(LockSupport.java:215)&#10;        at java.util.concurrent.locks.AbstractQueuedSynchronizer$ConditionObject.awaitNanos(AbstractQueuedSynchronizer.java:2078)&#10;        at org.apache.ratis.util.DataBlockingQueue.poll(DataBlockingQueue.java:137)&#10;        at org.apache.ratis.server.raftlog.segmented.SegmentedRaftLogWorker.run(SegmentedRaftLogWorker.java:282)&#10;        at java.lang.Thread.run(Thread.java:748)&#10;&quot;pool-238-thread-38&quot;  prio=5 tid=2872 in Object.wait()&#10;java.lang.Thread.State: WAITING (on object monitor)&#10;        at sun.misc.Unsafe.park(Native Method)&#10;        at java.util.concurrent.locks.LockSupport.park(LockSupport.java:175)&#10;        at java.util.concurrent.locks.AbstractQueuedSynchronizer$ConditionObject.await(AbstractQueuedSynchronizer.java:2039)&#10;        at java.util.concurrent.ArrayBlockingQueue.take(ArrayBlockingQueue.java:403)&#10;        at java.util.concurrent.ThreadPoolExecutor.getTask(ThreadPoolExecutor.java:1074)&#10;        at java.util.concurrent.ThreadPoolExecutor.runWorker(ThreadPoolExecutor.java:1134)&#10;        at java.util.concurrent.ThreadPoolExecutor$Worker.run(ThreadPoolExecutor.java:624)&#10;        at java.lang.Thread.run(Thread.java:748)&#10;&quot;pool-238-thread-42&quot;  prio=5 tid=2876 in Object.wait()&#10;java.lang.Thread.State: WAITING (on object monitor)&#10;        at sun.misc.Unsafe.park(Native Method)&#10;        at java.util.concurrent.locks.LockSupport.park(LockSupport.java:175)&#10;        at java.util.concurrent.locks.AbstractQueuedSynchronizer$ConditionObject.await(AbstractQueuedSynchronizer.java:2039)&#10;        at java.util.concurrent.ArrayBlockingQueue.take(ArrayBlockingQueue.java:403)&#10;        at java.util.concurrent.ThreadPoolExecutor.getTask(ThreadPoolExecutor.java:1074)&#10;        at java.util.concurrent.ThreadPoolExecutor.runWorker(ThreadPoolExecutor.java:1134)&#10;        at java.util.concurrent.ThreadPoolExecutor$Worker.run(ThreadPoolExecutor.java:624)&#10;        at java.lang.Thread.run(Thread.java:748)&#10;&quot;IPC Server handler 1 on 45410&quot; daemon prio=5 tid=1972 timed_waiting&#10;java.lang.Thread.State: TIMED_WAITING&#10;        at sun.misc.Unsafe.park(Native Method)&#10;        at java.util.concurrent.locks.LockSupport.parkNanos(LockSupport.java:215)&#10;        at java.util.concurrent.locks.AbstractQueuedSynchronizer$ConditionObject.awaitNanos(AbstractQueuedSynchronizer.java:2078)&#10;        at java.util.concurrent.LinkedBlockingQueue.poll(LinkedBlockingQueue.java:467)&#10;        at org.apache.hadoop.ipc.CallQueueManager.take(CallQueueManager.java:288)&#10;        at org.apache.hadoop.ipc.Server$Handler.run(Server.java:2668)&#10;&quot;pool-228-thread-46&quot;  prio=5 tid=2818 in Object.wait()&#10;java.lang.Thread.State: WAITING (on object monitor)&#10;        at sun.misc.Unsafe.park(Native Method)&#10;        at java.util.concurrent.locks.LockSupport.park(LockSupport.java:175)&#10;        at java.util.concurrent.locks.AbstractQueuedSynchronizer$ConditionObject.await(AbstractQueuedSynchronizer.java:2039)&#10;        at java.util.concurrent.ArrayBlockingQueue.take(ArrayBlockingQueue.java:403)&#10;        at java.util.concurrent.ThreadPoolExecutor.getTask(ThreadPoolExecutor.java:1074)&#10;        at java.util.concurrent.ThreadPoolExecutor.runWorker(ThreadPoolExecutor.java:1134)&#10;        at java.util.concurrent.ThreadPoolExecutor$Worker.run(ThreadPoolExecutor.java:624)&#10;        at java.lang.Thread.run(Thread.java:748)&#10;&quot;org.apache.hadoop.util.JvmPauseMonitor$Monitor@52567620&quot; daemon prio=5 tid=2057 timed_waiting&#10;java.lang.Thread.State: TIMED_WAITING&#10;        at java.lang.Thread.sleep(Native Method)&#10;        at org.apache.hadoop.util.JvmPauseMonitor$Monitor.run(JvmPauseMonitor.java:192)&#10;        at java.lang.Thread.run(Thread.java:748)&#10;&quot;qtp843410864-2182&quot; daemon prio=5 tid=2182 timed_waiting&#10;java.lang.Thread.State: TIMED_WAITING&#10;        at sun.misc.Unsafe.park(Native Method)&#10;        at java.util.concurrent.locks.LockSupport.parkNanos(LockSupport.java:215)&#10;        at java.util.concurrent.locks.AbstractQueuedSynchronizer$ConditionObject.awaitNanos(AbstractQueuedSynchronizer.java:2078)&#10;        at org.eclipse.jetty.util.BlockingArrayQueue.poll(BlockingArrayQueue.java:392)&#10;        at org.eclipse.jetty.util.thread.QueuedThreadPool.idleJobPoll(QueuedThreadPool.java:563)&#10;        at org.eclipse.jetty.util.thread.QueuedThreadPool.access$800(QueuedThreadPool.java:48)&#10;        at org.eclipse.jetty.util.thread.QueuedThreadPool$2.run(QueuedThreadPool.java:626)&#10;        at java.lang.Thread.run(Thread.java:748)&#10;&quot;pool-228-thread-24&quot;  prio=5 tid=2796 in Object.wait()&#10;java.lang.Thread.State: WAITING (on object monitor)&#10;        at sun.misc.Unsafe.park(Native Method)&#10;        at java.util.concurrent.locks.LockSupport.park(LockSupport.java:175)&#10;        at java.util.concurrent.locks.AbstractQueuedSynchronizer$ConditionObject.await(AbstractQueuedSynchronizer.java:2039)&#10;        at java.util.concurrent.ArrayBlockingQueue.take(ArrayBlockingQueue.java:403)&#10;        at java.util.concurrent.ThreadPoolExecutor.getTask(ThreadPoolExecutor.java:1074)&#10;        at java.util.concurrent.ThreadPoolExecutor.runWorker(ThreadPoolExecutor.java:1134)&#10;        at java.util.concurrent.ThreadPoolExecutor$Worker.run(ThreadPoolExecutor.java:624)&#10;        at java.lang.Thread.run(Thread.java:748)&#10;&quot;refreshUsed-/workdir/hadoop-ozone/integration-test/target/test-dir/MiniOzoneClusterImpl-8fc52630-20fd-4955-97d1-2a2852f9ee58/datanode-2/data/containers&quot; daemon prio=5 tid=2062 timed_waiting&#10;java.lang.Thread.State: TIMED_WAITING&#10;        at java.lang.Thread.sleep(Native Method)&#10;        at org.apache.hadoop.fs.CachingGetSpaceUsed$RefreshThread.run(CachingGetSpaceUsed.java:179)&#10;        at java.lang.Thread.run(Thread.java:748)&#10;&quot;DataNode DiskChecker thread 0&quot; daemon prio=5 tid=2198 timed_waiting&#10;java.lang.Thread.State: TIMED_WAITING&#10;        at sun.misc.Unsafe.park(Native Method)&#10;        at java.util.concurrent.locks.LockSupport.parkNanos(LockSupport.java:215)&#10;        at java.util.concurrent.SynchronousQueue$TransferStack.awaitFulfill(SynchronousQueue.java:460)&#10;        at java.util.concurrent.SynchronousQueue$TransferStack.transfer(SynchronousQueue.java:362)&#10;        at java.util.concurrent.SynchronousQueue.poll(SynchronousQueue.java:941)&#10;        at java.util.concurrent.ThreadPoolExecutor.getTask(ThreadPoolExecutor.java:1073)&#10;        at java.util.concurrent.ThreadPoolExecutor.runWorker(ThreadPoolExecutor.java:1134)&#10;        at java.util.concurrent.ThreadPoolExecutor$Worker.run(ThreadPoolExecutor.java:624)&#10;        at java.lang.Thread.run(Thread.java:748)&#10;&quot;Datanode ReportManager Thread - 1&quot; daemon prio=5 tid=2188 in Object.wait()&#10;java.lang.Thread.State: WAITING (on object monitor)&#10;        at sun.misc.Unsafe.park(Native Method)&#10;        at java.util.concurrent.locks.LockSupport.park(LockSupport.java:175)&#10;        at java.util.concurrent.locks.AbstractQueuedSynchronizer$ConditionObject.await(AbstractQueuedSynchronizer.java:2039)&#10;        at java.util.concurrent.ScheduledThreadPoolExecutor$DelayedWorkQueue.take(ScheduledThreadPoolExecutor.java:1088)&#10;        at java.util.concurrent.ScheduledThreadPoolExecutor$DelayedWorkQueue.take(ScheduledThreadPoolExecutor.java:809)&#10;        at java.util.concurrent.ThreadPoolExecutor.getTask(ThreadPoolExecutor.java:1074)&#10;        at java.util.concurrent.ThreadPoolExecutor.runWorker(ThreadPoolExecutor.java:1134)&#10;        at java.util.concurrent.ThreadPoolExecutor$Worker.run(ThreadPoolExecutor.java:624)&#10;        at java.lang.Thread.run(Thread.java:748)&#10;&quot;Datanode ReportManager Thread - 0&quot; daemon prio=5 tid=2079 in Object.wait()&#10;java.lang.Thread.State: WAITING (on object monitor)&#10;        at sun.misc.Unsafe.park(Native Method)&#10;        at java.util.concurrent.locks.LockSupport.park(LockSupport.java:175)&#10;        at java.util.concurrent.locks.AbstractQueuedSynchronizer$ConditionObject.await(AbstractQueuedSynchronizer.java:2039)&#10;        at java.util.concurrent.ScheduledThreadPoolExecutor$DelayedWorkQueue.take(ScheduledThreadPoolExecutor.java:1088)&#10;        at java.util.concurrent.ScheduledThreadPoolExecutor$DelayedWorkQueue.take(ScheduledThreadPoolExecutor.java:809)&#10;        at java.util.concurrent.ThreadPoolExecutor.getTask(ThreadPoolExecutor.java:1074)&#10;        at java.util.concurrent.ThreadPoolExecutor.runWorker(ThreadPoolExecutor.java:1134)&#10;        at java.util.concurrent.ThreadPoolExecutor$Worker.run(ThreadPoolExecutor.java:624)&#10;        at java.lang.Thread.run(Thread.java:748)&#10;&quot;surefire-forkedjvm-command-thread&quot; daemon prio=5 tid=8 runnable&#10;java.lang.Thread.State: RUNNABLE&#10;        at java.io.FileInputStream.readBytes(Native Method)&#10;        at java.io.FileInputStream.read(FileInputStream.java:255)&#10;        at java.io.BufferedInputStream.fill(BufferedInputStream.java:246)&#10;        at java.io.BufferedInputStream.read(BufferedInputStream.java:265)&#10;        at java.io.DataInputStream.readInt(DataInputStream.java:387)&#10;        at org.apache.maven.surefire.booter.MasterProcessCommand.decode(MasterProcessCommand.java:115)&#10;        at org.apache.maven.surefire.booter.CommandReader$CommandRunnable.run(CommandReader.java:390)&#10;        at java.lang.Thread.run(Thread.java:748)&#10;&quot;pool-158-thread-38&quot;  prio=5 tid=2376 in Object.wait()&#10;java.lang.Thread.State: WAITING (on object monitor)&#10;        at sun.misc.Unsafe.park(Native Method)&#10;        at java.util.concurrent.locks.LockSupport.park(LockSupport.java:175)&#10;        at java.util.concurrent.locks.AbstractQueuedSynchronizer$ConditionObject.await(AbstractQueuedSynchronizer.java:2039)&#10;        at java.util.concurrent.ArrayBlockingQueue.take(ArrayBlockingQueue.java:403)&#10;        at java.util.concurrent.ThreadPoolExecutor.getTask(ThreadPoolExecutor.java:1074)&#10;        at java.util.concurrent.ThreadPoolExecutor.runWorker(ThreadPoolExecutor.java:1134)&#10;        at java.util.concurrent.ThreadPoolExecutor$Worker.run(ThreadPoolExecutor.java:624)&#10;        at java.lang.Thread.run(Thread.java:748)&#10;&quot;pool-178-thread-27&quot;  prio=5 tid=2489 in Object.wait()&#10;java.lang.Thread.State: WAITING (on object monitor)&#10;        at sun.misc.Unsafe.park(Native Method)&#10;        at java.util.concurrent.locks.LockSupport.park(LockSupport.java:175)&#10;        at java.util.concurrent.locks.AbstractQueuedSynchronizer$ConditionObject.await(AbstractQueuedSynchronizer.java:2039)&#10;        at java.util.concurrent.ArrayBlockingQueue.take(ArrayBlockingQueue.java:403)&#10;        at java.util.concurrent.ThreadPoolExecutor.getTask(ThreadPoolExecutor.java:1074)&#10;        at java.util.concurrent.ThreadPoolExecutor.runWorker(ThreadPoolExecutor.java:1134)&#10;        at java.util.concurrent.ThreadPoolExecutor$Worker.run(ThreadPoolExecutor.java:624)&#10;        at java.lang.Thread.run(Thread.java:748)&#10;&quot;qtp2120404899-2153&quot; daemon prio=5 tid=2153 timed_waiting&#10;java.lang.Thread.State: TIMED_WAITING&#10;        at sun.misc.Unsafe.park(Native Method)&#10;        at java.util.concurrent.locks.LockSupport.parkNanos(LockSupport.java:215)&#10;        at java.util.concurrent.locks.AbstractQueuedSynchronizer$ConditionObject.awaitNanos(AbstractQueuedSynchronizer.java:2078)&#10;        at org.eclipse.jetty.util.BlockingArrayQueue.poll(BlockingArrayQueue.java:392)&#10;        at org.eclipse.jetty.util.thread.QueuedThreadPool.idleJobPoll(QueuedThreadPool.java:563)&#10;        at org.eclipse.jetty.util.thread.QueuedThreadPool.access$800(QueuedThreadPool.java:48)&#10;        at org.eclipse.jetty.util.thread.QueuedThreadPool$2.run(QueuedThreadPool.java:626)&#10;        at java.lang.Thread.run(Thread.java:748)&#10;&quot;pool-178-thread-2&quot;  prio=5 tid=2464 in Object.wait()&#10;java.lang.Thread.State: WAITING (on object monitor)&#10;        at sun.misc.Unsafe.park(Native Method)&#10;        at java.util.concurrent.locks.LockSupport.park(LockSupport.java:175)&#10;        at java.util.concurrent.locks.AbstractQueuedSynchronizer$ConditionObject.await(AbstractQueuedSynchronizer.java:2039)&#10;        at java.util.concurrent.ArrayBlockingQueue.take(ArrayBlockingQueue.java:403)&#10;        at java.util.concurrent.ThreadPoolExecutor.getTask(ThreadPoolExecutor.java:1074)&#10;        at java.util.concurrent.ThreadPoolExecutor.runWorker(ThreadPoolExecutor.java:1134)&#10;        at java.util.concurrent.ThreadPoolExecutor$Worker.run(ThreadPoolExecutor.java:624)&#10;        at java.lang.Thread.run(Thread.java:748)&#10;&quot;Thread-1537&quot; daemon prio=5 tid=3196 timed_waiting&#10;java.lang.Thread.State: TIMED_WAITING&#10;        at sun.misc.Unsafe.park(Native Method)&#10;        at java.util.concurrent.locks.LockSupport.parkNanos(LockSupport.java:215)&#10;        at java.util.concurrent.locks.AbstractQueuedSynchronizer$ConditionObject.awaitNanos(AbstractQueuedSynchronizer.java:2078)&#10;        at java.util.concurrent.ArrayBlockingQueue.poll(ArrayBlockingQueue.java:418)&#10;        at org.apache.ratis.server.impl.LeaderState$EventQueue.poll(LeaderState.java:115)&#10;        at org.apache.ratis.server.impl.LeaderState$EventProcessor.run(LeaderState.java:467)&#10;&quot;Thread-1535&quot; daemon prio=5 tid=3194 timed_waiting&#10;java.lang.Thread.State: TIMED_WAITING&#10;        at sun.misc.Unsafe.park(Native Method)&#10;        at java.util.concurrent.locks.LockSupport.parkNanos(LockSupport.java:215)&#10;        at java.util.concurrent.locks.AbstractQueuedSynchronizer$ConditionObject.awaitNanos(AbstractQueuedSynchronizer.java:2078)&#10;        at java.util.concurrent.ArrayBlockingQueue.poll(ArrayBlockingQueue.java:418)&#10;        at org.apache.ratis.server.impl.LeaderState$EventQueue.poll(LeaderState.java:115)&#10;        at org.apache.ratis.server.impl.LeaderState$EventProcessor.run(LeaderState.java:467)&#10;&quot;pool-178-thread-36&quot;  prio=5 tid=2498 in Object.wait()&#10;java.lang.Thread.State: WAITING (on object monitor)&#10;        at sun.misc.Unsafe.park(Native Method)&#10;        at java.util.concurrent.locks.LockSupport.park(LockSupport.java:175)&#10;        at java.util.concurrent.locks.AbstractQueuedSynchronizer$ConditionObject.await(AbstractQueuedSynchronizer.java:2039)&#10;        at java.util.concurrent.ArrayBlockingQueue.take(ArrayBlockingQueue.java:403)&#10;        at java.util.concurrent.ThreadPoolExecutor.getTask(ThreadPoolExecutor.java:1074)&#10;        at java.util.concurrent.ThreadPoolExecutor.runWorker(ThreadPoolExecutor.java:1134)&#10;        at java.util.concurrent.ThreadPoolExecutor$Worker.run(ThreadPoolExecutor.java:624)&#10;        at java.lang.Thread.run(Thread.java:748)&#10;&quot;pool-218-thread-31&quot;  prio=5 tid=2741 in Object.wait()&#10;java.lang.Thread.State: WAITING (on object monitor)&#10;        at sun.misc.Unsafe.park(Native Method)&#10;        at java.util.concurrent.locks.LockSupport.park(LockSupport.java:175)&#10;        at java.util.concurrent.locks.AbstractQueuedSynchronizer$ConditionObject.await(AbstractQueuedSynchronizer.java:2039)&#10;        at java.util.concurrent.ArrayBlockingQueue.take(ArrayBlockingQueue.java:403)&#10;        at java.util.concurrent.ThreadPoolExecutor.getTask(ThreadPoolExecutor.java:1074)&#10;        at java.util.concurrent.ThreadPoolExecutor.runWorker(ThreadPoolExecutor.java:1134)&#10;        at java.util.concurrent.ThreadPoolExecutor$Worker.run(ThreadPoolExecutor.java:624)&#10;        at java.lang.Thread.run(Thread.java:748)&#10;&quot;pool-218-thread-7&quot;  prio=5 tid=2717 in Object.wait()&#10;java.lang.Thread.State: WAITING (on object monitor)&#10;        at sun.misc.Unsafe.park(Native Method)&#10;        at java.util.concurrent.locks.LockSupport.park(LockSupport.java:175)&#10;        at java.util.concurrent.locks.AbstractQueuedSynchronizer$ConditionObject.await(AbstractQueuedSynchronizer.java:2039)&#10;        at java.util.concurrent.ArrayBlockingQueue.take(ArrayBlockingQueue.java:403)&#10;        at java.util.concurrent.ThreadPoolExecutor.getTask(ThreadPoolExecutor.java:1074)&#10;        at java.util.concurrent.ThreadPoolExecutor.runWorker(ThreadPoolExecutor.java:1134)&#10;        at java.util.concurrent.ThreadPoolExecutor$Worker.run(ThreadPoolExecutor.java:624)&#10;        at java.lang.Thread.run(Thread.java:748)&#10;&quot;IPC Server handler 13 on 45410&quot; daemon prio=5 tid=1985 timed_waiting&#10;java.lang.Thread.State: TIMED_WAITING&#10;        at sun.misc.Unsafe.park(Native Method)&#10;        at java.util.concurrent.locks.LockSupport.parkNanos(LockSupport.java:215)&#10;        at java.util.concurrent.locks.AbstractQueuedSynchronizer$ConditionObject.awaitNanos(AbstractQueuedSynchronizer.java:2078)&#10;        at java.util.concurrent.LinkedBlockingQueue.poll(LinkedBlockingQueue.java:467)&#10;        at org.apache.hadoop.ipc.CallQueueManager.take(CallQueueManager.java:288)&#10;        at org.apache.hadoop.ipc.Server$Handler.run(Server.java:2668)&#10;&quot;pool-218-thread-38&quot;  prio=5 tid=2748 in Object.wait()&#10;java.lang.Thread.State: WAITING (on object monitor)&#10;        at sun.misc.Unsafe.park(Native Method)&#10;        at java.util.concurrent.locks.LockSupport.park(LockSupport.java:175)&#10;        at java.util.concurrent.locks.AbstractQueuedSynchronizer$ConditionObject.await(AbstractQueuedSynchronizer.java:2039)&#10;        at java.util.concurrent.ArrayBlockingQueue.take(ArrayBlockingQueue.java:403)&#10;        at java.util.concurrent.ThreadPoolExecutor.getTask(ThreadPoolExecutor.java:1074)&#10;        at java.util.concurrent.ThreadPoolExecutor.runWorker(ThreadPoolExecutor.java:1134)&#10;        at java.util.concurrent.ThreadPoolExecutor$Worker.run(ThreadPoolExecutor.java:624)&#10;        at java.lang.Thread.run(Thread.java:748)&#10;&quot;pool-148-thread-41&quot;  prio=5 tid=2316 in Object.wait()&#10;java.lang.Thread.State: WAITING (on object monitor)&#10;        at sun.misc.Unsafe.park(Native Method)&#10;        at java.util.concurrent.locks.LockSupport.park(LockSupport.java:175)&#10;        at java.util.concurrent.locks.AbstractQueuedSynchronizer$ConditionObject.await(AbstractQueuedSynchronizer.java:2039)&#10;        at java.util.concurrent.ArrayBlockingQueue.take(ArrayBlockingQueue.java:403)&#10;        at java.util.concurrent.ThreadPoolExecutor.getTask(ThreadPoolExecutor.java:1074)&#10;        at java.util.concurrent.ThreadPoolExecutor.runWorker(ThreadPoolExecutor.java:1134)&#10;        at java.util.concurrent.ThreadPoolExecutor$Worker.run(ThreadPoolExecutor.java:624)&#10;        at java.lang.Thread.run(Thread.java:748)&#10;&quot;qtp83554564-2262&quot; daemon prio=5 tid=2262 timed_waiting&#10;java.lang.Thread.State: TIMED_WAITING&#10;        at sun.misc.Unsafe.park(Native Method)&#10;        at java.util.concurrent.locks.LockSupport.parkNanos(LockSupport.java:215)&#10;        at java.util.concurrent.locks.AbstractQueuedSynchronizer$ConditionObject.awaitNanos(AbstractQueuedSynchronizer.java:2078)&#10;        at org.eclipse.jetty.util.BlockingArrayQueue.poll(BlockingArrayQueue.java:392)&#10;        at org.eclipse.jetty.util.thread.QueuedThreadPool.idleJobPoll(QueuedThreadPool.java:563)&#10;        at org.eclipse.jetty.util.thread.QueuedThreadPool.access$800(QueuedThreadPool.java:48)&#10;        at org.eclipse.jetty.util.thread.QueuedThreadPool$2.run(QueuedThreadPool.java:626)&#10;        at java.lang.Thread.run(Thread.java:748)&#10;&quot;pool-148-thread-5&quot;  prio=5 tid=2280 in Object.wait()&#10;java.lang.Thread.State: WAITING (on object monitor)&#10;        at sun.misc.Unsafe.park(Native Method)&#10;        at java.util.concurrent.locks.LockSupport.park(LockSupport.java:175)&#10;        at java.util.concurrent.locks.AbstractQueuedSynchronizer$ConditionObject.await(AbstractQueuedSynchronizer.java:2039)&#10;        at java.util.concurrent.ArrayBlockingQueue.take(ArrayBlockingQueue.java:403)&#10;        at java.util.concurrent.ThreadPoolExecutor.getTask(ThreadPoolExecutor.java:1074)&#10;        at java.util.concurrent.ThreadPoolExecutor.runWorker(ThreadPoolExecutor.java:1134)&#10;        at java.util.concurrent.ThreadPoolExecutor$Worker.run(ThreadPoolExecutor.java:624)&#10;        at java.lang.Thread.run(Thread.java:748)&#10;&quot;Datanode State Machine Thread - 0&quot; daemon prio=5 tid=2139 timed_waiting&#10;java.lang.Thread.State: TIMED_WAITING&#10;        at sun.misc.Unsafe.park(Native Method)&#10;        at java.util.concurrent.locks.LockSupport.parkNanos(LockSupport.java:215)&#10;        at java.util.concurrent.SynchronousQueue$TransferStack.awaitFulfill(SynchronousQueue.java:460)&#10;        at java.util.concurrent.SynchronousQueue$TransferStack.transfer(SynchronousQueue.java:362)&#10;        at java.util.concurrent.SynchronousQueue.poll(SynchronousQueue.java:941)&#10;        at java.util.concurrent.ThreadPoolExecutor.getTask(ThreadPoolExecutor.java:1073)&#10;        at java.util.concurrent.ThreadPoolExecutor.runWorker(ThreadPoolExecutor.java:1134)&#10;        at java.util.concurrent.ThreadPoolExecutor$Worker.run(ThreadPoolExecutor.java:624)&#10;        at java.lang.Thread.run(Thread.java:748)&#10;&quot;pool-168-thread-27&quot;  prio=5 tid=2427 in Object.wait()&#10;java.lang.Thread.State: WAITING (on object monitor)&#10;        at sun.misc.Unsafe.park(Native Method)&#10;        at java.util.concurrent.locks.LockSupport.park(LockSupport.java:175)&#10;        at java.util.concurrent.locks.AbstractQueuedSynchronizer$ConditionObject.await(AbstractQueuedSynchronizer.java:2039)&#10;        at java.util.concurrent.ArrayBlockingQueue.take(ArrayBlockingQueue.java:403)&#10;        at java.util.concurrent.ThreadPoolExecutor.getTask(ThreadPoolExecutor.java:1074)&#10;        at java.util.concurrent.ThreadPoolExecutor.runWorker(ThreadPoolExecutor.java:1134)&#10;        at java.util.concurrent.ThreadPoolExecutor$Worker.run(ThreadPoolExecutor.java:624)&#10;        at java.lang.Thread.run(Thread.java:748)&#10;&quot;IPC Server handler 7 on 35120&quot; daemon prio=5 tid=1896 in Object.wait()&#10;java.lang.Thread.State: WAITING (on object monitor)&#10;        at sun.misc.Unsafe.park(Native Method)&#10;        at java.util.concurrent.locks.LockSupport.parkNanos(LockSupport.java:215)&#10;        at java.util.concurrent.locks.AbstractQueuedSynchronizer$ConditionObject.awaitNanos(AbstractQueuedSynchronizer.java:2078)&#10;        at java.util.concurrent.LinkedBlockingQueue.poll(LinkedBlockingQueue.java:467)&#10;        at org.apache.hadoop.ipc.CallQueueManager.take(CallQueueManager.java:288)&#10;        at org.apache.hadoop.ipc.Server$Handler.run(Server.java:2668)&#10;&quot;4dfd32cc-2252-49fe-ba51-4380d1c0b0d5@group-D08F3DBE2A41-StateMachineUpdater&quot; daemon prio=5 tid=3147 in Object.wait()&#10;java.lang.Thread.State: WAITING (on object monitor)&#10;        at java.lang.Object.wait(Native Method)&#10;        at java.lang.Object.wait(Object.java:502)&#10;        at org.apache.ratis.server.impl.StateMachineUpdater.waitForCommit(StateMachineUpdater.java:194)&#10;        at org.apache.ratis.server.impl.StateMachineUpdater.run(StateMachineUpdater.java:159)&#10;        at java.lang.Thread.run(Thread.java:748)&#10;&quot;Datanode ReportManager Thread - 1&quot; daemon prio=5 tid=334 in Object.wait()&#10;java.lang.Thread.State: WAITING (on object monitor)&#10;        at sun.misc.Unsafe.park(Native Method)&#10;        at java.util.concurrent.locks.LockSupport.park(LockSupport.java:175)&#10;        at java.util.concurrent.locks.AbstractQueuedSynchronizer$ConditionObject.await(AbstractQueuedSynchronizer.java:2039)&#10;        at java.util.concurrent.ScheduledThreadPoolExecutor$DelayedWorkQueue.take(ScheduledThreadPoolExecutor.java:1088)&#10;        at java.util.concurrent.ScheduledThreadPoolExecutor$DelayedWorkQueue.take(ScheduledThreadPoolExecutor.java:809)&#10;        at java.util.concurrent.ThreadPoolExecutor.getTask(ThreadPoolExecutor.java:1074)&#10;        at java.util.concurrent.ThreadPoolExecutor.runWorker(ThreadPoolExecutor.java:1134)&#10;        at java.util.concurrent.ThreadPoolExecutor$Worker.run(ThreadPoolExecutor.java:624)&#10;        at java.lang.Thread.run(Thread.java:748)&#10;&quot;pool-218-thread-42&quot;  prio=5 tid=2752 in Object.wait()&#10;java.lang.Thread.State: WAITING (on object monitor)&#10;        at sun.misc.Unsafe.park(Native Method)&#10;        at java.util.concurrent.locks.LockSupport.park(LockSupport.java:175)&#10;        at java.util.concurrent.locks.AbstractQueuedSynchronizer$ConditionObject.await(AbstractQueuedSynchronizer.java:2039)&#10;        at java.util.concurrent.ArrayBlockingQueue.take(ArrayBlockingQueue.java:403)&#10;        at java.util.concurrent.ThreadPoolExecutor.getTask(ThreadPoolExecutor.java:1074)&#10;        at java.util.concurrent.ThreadPoolExecutor.runWorker(ThreadPoolExecutor.java:1134)&#10;        at java.util.concurrent.ThreadPoolExecutor$Worker.run(ThreadPoolExecutor.java:624)&#10;        at java.lang.Thread.run(Thread.java:748)&#10;&quot;grpc-default-worker-ELG-3-2&quot; daemon prio=5 tid=1054 runnable&#10;java.lang.Thread.State: RUNNABLE&#10;        at sun.nio.ch.EPollArrayWrapper.epollWait(Native Method)&#10;        at sun.nio.ch.EPollArrayWrapper.poll(EPollArrayWrapper.java:269)&#10;        at sun.nio.ch.EPollSelectorImpl.doSelect(EPollSelectorImpl.java:93)&#10;        at sun.nio.ch.SelectorImpl.lockAndDoSelect(SelectorImpl.java:86)&#10;        at sun.nio.ch.SelectorImpl.select(SelectorImpl.java:97)&#10;        at org.apache.ratis.thirdparty.io.netty.channel.nio.SelectedSelectionKeySetSelector.select(SelectedSelectionKeySetSelector.java:62)&#10;        at org.apache.ratis.thirdparty.io.netty.channel.nio.NioEventLoop.select(NioEventLoop.java:753)&#10;        at org.apache.ratis.thirdparty.io.netty.channel.nio.NioEventLoop.run(NioEventLoop.java:408)&#10;        at org.apache.ratis.thirdparty.io.netty.util.concurrent.SingleThreadEventExecutor$5.run(SingleThreadEventExecutor.java:897)&#10;        at org.apache.ratis.thirdparty.io.netty.util.concurrent.FastThreadLocalRunnable.run(FastThreadLocalRunnable.java:30)&#10;        at java.lang.Thread.run(Thread.java:748)&#10;&quot;pool-238-thread-43&quot;  prio=5 tid=2877 in Object.wait()&#10;java.lang.Thread.State: WAITING (on object monitor)&#10;        at sun.misc.Unsafe.park(Native Method)&#10;        at java.util.concurrent.locks.LockSupport.park(LockSupport.java:175)&#10;        at java.util.concurrent.locks.AbstractQueuedSynchronizer$ConditionObject.await(AbstractQueuedSynchronizer.java:2039)&#10;        at java.util.concurrent.ArrayBlockingQueue.take(ArrayBlockingQueue.java:403)&#10;        at java.util.concurrent.ThreadPoolExecutor.getTask(ThreadPoolExecutor.java:1074)&#10;        at java.util.concurrent.ThreadPoolExecutor.runWorker(ThreadPoolExecutor.java:1134)&#10;        at java.util.concurrent.ThreadPoolExecutor$Worker.run(ThreadPoolExecutor.java:624)&#10;        at java.lang.Thread.run(Thread.java:748)&#10;&quot;pool-208-thread-49&quot;  prio=5 tid=2697 in Object.wait()&#10;java.lang.Thread.State: WAITING (on object monitor)&#10;        at sun.misc.Unsafe.park(Native Method)&#10;        at java.util.concurrent.locks.LockSupport.park(LockSupport.java:175)&#10;        at java.util.concurrent.locks.AbstractQueuedSynchronizer$ConditionObject.await(AbstractQueuedSynchronizer.java:2039)&#10;        at java.util.concurrent.ArrayBlockingQueue.take(ArrayBlockingQueue.java:403)&#10;        at java.util.concurrent.ThreadPoolExecutor.getTask(ThreadPoolExecutor.java:1074)&#10;        at java.util.concurrent.ThreadPoolExecutor.runWorker(ThreadPoolExecutor.java:1134)&#10;        at java.util.concurrent.ThreadPoolExecutor$Worker.run(ThreadPoolExecutor.java:624)&#10;        at java.lang.Thread.run(Thread.java:748)&#10;&quot;pool-148-thread-30&quot;  prio=5 tid=2305 in Object.wait()&#10;java.lang.Thread.State: WAITING (on object monitor)&#10;        at sun.misc.Unsafe.park(Native Method)&#10;        at java.util.concurrent.locks.LockSupport.park(LockSupport.java:175)&#10;        at java.util.concurrent.locks.AbstractQueuedSynchronizer$ConditionObject.await(AbstractQueuedSynchronizer.java:2039)&#10;        at java.util.concurrent.ArrayBlockingQueue.take(ArrayBlockingQueue.java:403)&#10;        at java.util.concurrent.ThreadPoolExecutor.getTask(ThreadPoolExecutor.java:1074)&#10;        at java.util.concurrent.ThreadPoolExecutor.runWorker(ThreadPoolExecutor.java:1134)&#10;        at java.util.concurrent.ThreadPoolExecutor$Worker.run(ThreadPoolExecutor.java:624)&#10;        at java.lang.Thread.run(Thread.java:748)&#10;&quot;BlockDeletingService#0&quot; daemon prio=5 tid=2895 timed_waiting&#10;java.lang.Thread.State: TIMED_WAITING&#10;        at sun.misc.Unsafe.park(Native Method)&#10;        at java.util.concurrent.locks.LockSupport.parkNanos(LockSupport.java:215)&#10;        at java.util.concurrent.locks.AbstractQueuedSynchronizer$ConditionObject.awaitNanos(AbstractQueuedSynchronizer.java:2078)&#10;        at java.util.concurrent.ScheduledThreadPoolExecutor$DelayedWorkQueue.take(ScheduledThreadPoolExecutor.java:1093)&#10;        at java.util.concurrent.ScheduledThreadPoolExecutor$DelayedWorkQueue.take(ScheduledThreadPoolExecutor.java:809)&#10;        at java.util.concurrent.ThreadPoolExecutor.getTask(ThreadPoolExecutor.java:1074)&#10;        at java.util.concurrent.ThreadPoolExecutor.runWorker(ThreadPoolExecutor.java:1134)&#10;        at java.util.concurrent.ThreadPoolExecutor$Worker.run(ThreadPoolExecutor.java:624)&#10;        at java.lang.Thread.run(Thread.java:748)&#10;&quot;pool-148-thread-18&quot;  prio=5 tid=2293 in Object.wait()&#10;java.lang.Thread.State: WAITING (on object monitor)&#10;        at sun.misc.Unsafe.park(Native Method)&#10;        at java.util.concurrent.locks.LockSupport.park(LockSupport.java:175)&#10;        at java.util.concurrent.locks.AbstractQueuedSynchronizer$ConditionObject.await(AbstractQueuedSynchronizer.java:2039)&#10;        at java.util.concurrent.ArrayBlockingQueue.take(ArrayBlockingQueue.java:403)&#10;        at java.util.concurrent.ThreadPoolExecutor.getTask(ThreadPoolExecutor.java:1074)&#10;        at java.util.concurrent.ThreadPoolExecutor.runWorker(ThreadPoolExecutor.java:1134)&#10;        at java.util.concurrent.ThreadPoolExecutor$Worker.run(ThreadPoolExecutor.java:624)&#10;        at java.lang.Thread.run(Thread.java:748)&#10;&quot;qtp769195805-2014-acceptor-0@7e334ca1-ServerConnector@73aeef7d{HTTP/1.1,[http/1.1]}{0.0.0.0:38397}&quot; daemon prio=3 tid=2014 runnable&#10;java.lang.Thread.State: RUNNABLE&#10;        at sun.nio.ch.ServerSocketChannelImpl.accept0(Native Method)&#10;        at sun.nio.ch.ServerSocketChannelImpl.accept(ServerSocketChannelImpl.java:422)&#10;        at sun.nio.ch.ServerSocketChannelImpl.accept(ServerSocketChannelImpl.java:250)&#10;        at org.eclipse.jetty.server.ServerConnector.accept(ServerConnector.java:397)&#10;        at org.eclipse.jetty.server.AbstractConnector$Acceptor.run(AbstractConnector.java:601)&#10;        at org.eclipse.jetty.util.thread.QueuedThreadPool.runJob(QueuedThreadPool.java:671)&#10;        at org.eclipse.jetty.util.thread.QueuedThreadPool$2.run(QueuedThreadPool.java:589)&#10;        at java.lang.Thread.run(Thread.java:748)&#10;&quot;IPC Server handler 2 on 45410&quot; daemon prio=5 tid=1974 timed_waiting&#10;java.lang.Thread.State: TIMED_WAITING&#10;        at sun.misc.Unsafe.park(Native Method)&#10;        at java.util.concurrent.locks.LockSupport.parkNanos(LockSupport.java:215)&#10;        at java.util.concurrent.locks.AbstractQueuedSynchronizer$ConditionObject.awaitNanos(AbstractQueuedSynchronizer.java:2078)&#10;        at java.util.concurrent.LinkedBlockingQueue.poll(LinkedBlockingQueue.java:467)&#10;        at org.apache.hadoop.ipc.CallQueueManager.take(CallQueueManager.java:288)&#10;        at org.apache.hadoop.ipc.Server$Handler.run(Server.java:2668)&#10;&quot;pool-148-thread-32&quot;  prio=5 tid=2307 in Object.wait()&#10;java.lang.Thread.State: WAITING (on object monitor)&#10;        at sun.misc.Unsafe.park(Native Method)&#10;        at java.util.concurrent.locks.LockSupport.park(LockSupport.java:175)&#10;        at java.util.concurrent.locks.AbstractQueuedSynchronizer$ConditionObject.await(AbstractQueuedSynchronizer.java:2039)&#10;        at java.util.concurrent.ArrayBlockingQueue.take(ArrayBlockingQueue.java:403)&#10;        at java.util.concurrent.ThreadPoolExecutor.getTask(ThreadPoolExecutor.java:1074)&#10;        at java.util.concurrent.ThreadPoolExecutor.runWorker(ThreadPoolExecutor.java:1134)&#10;        at java.util.concurrent.ThreadPoolExecutor$Worker.run(ThreadPoolExecutor.java:624)&#10;        at java.lang.Thread.run(Thread.java:748)&#10;&quot;pool-188-thread-2&quot;  prio=5 tid=2526 in Object.wait()&#10;java.lang.Thread.State: WAITING (on object monitor)&#10;        at sun.misc.Unsafe.park(Native Method)&#10;        at java.util.concurrent.locks.LockSupport.park(LockSupport.java:175)&#10;        at java.util.concurrent.locks.AbstractQueuedSynchronizer$ConditionObject.await(AbstractQueuedSynchronizer.java:2039)&#10;        at java.util.concurrent.ArrayBlockingQueue.take(ArrayBlockingQueue.java:403)&#10;        at java.util.concurrent.ThreadPoolExecutor.getTask(ThreadPoolExecutor.java:1074)&#10;        at java.util.concurrent.ThreadPoolExecutor.runWorker(ThreadPoolExecutor.java:1134)&#10;        at java.util.concurrent.ThreadPoolExecutor$Worker.run(ThreadPoolExecutor.java:624)&#10;        at java.lang.Thread.run(Thread.java:748)&#10;&quot;Thread-1582&quot; daemon prio=5 tid=3241 timed_waiting&#10;java.lang.Thread.State: TIMED_WAITING&#10;        at java.lang.Thread.sleep(Native Method)&#10;        at org.apache.ratis.util.JavaUtils.sleep(JavaUtils.java:243)&#10;        at org.apache.ratis.server.impl.FollowerState.run(FollowerState.java:100)&#10;&quot;IPC Server handler 6 on 45410&quot; daemon prio=5 tid=1978 timed_waiting&#10;java.lang.Thread.State: TIMED_WAITING&#10;        at sun.misc.Unsafe.park(Native Method)&#10;        at java.util.concurrent.locks.LockSupport.parkNanos(LockSupport.java:215)&#10;        at java.util.concurrent.locks.AbstractQueuedSynchronizer$ConditionObject.awaitNanos(AbstractQueuedSynchronizer.java:2078)&#10;        at java.util.concurrent.LinkedBlockingQueue.poll(LinkedBlockingQueue.java:467)&#10;        at org.apache.hadoop.ipc.CallQueueManager.take(CallQueueManager.java:288)&#10;        at org.apache.hadoop.ipc.Server$Handler.run(Server.java:2668)&#10;&quot;pool-218-thread-45&quot;  prio=5 tid=2755 in Object.wait()&#10;java.lang.Thread.State: WAITING (on object monitor)&#10;        at sun.misc.Unsafe.park(Native Method)&#10;        at java.util.concurrent.locks.LockSupport.park(LockSupport.java:175)&#10;        at java.util.concurrent.locks.AbstractQueuedSynchronizer$ConditionObject.await(AbstractQueuedSynchronizer.java:2039)&#10;        at java.util.concurrent.ArrayBlockingQueue.take(ArrayBlockingQueue.java:403)&#10;        at java.util.concurrent.ThreadPoolExecutor.getTask(ThreadPoolExecutor.java:1074)&#10;        at java.util.concurrent.ThreadPoolExecutor.runWorker(ThreadPoolExecutor.java:1134)&#10;        at java.util.concurrent.ThreadPoolExecutor$Worker.run(ThreadPoolExecutor.java:624)&#10;        at java.lang.Thread.run(Thread.java:748)&#10;&quot;pool-158-thread-33&quot;  prio=5 tid=2371 in Object.wait()&#10;java.lang.Thread.State: WAITING (on object monitor)&#10;        at sun.misc.Unsafe.park(Native Method)&#10;        at java.util.concurrent.locks.LockSupport.park(LockSupport.java:175)&#10;        at java.util.concurrent.locks.AbstractQueuedSynchronizer$ConditionObject.await(AbstractQueuedSynchronizer.java:2039)&#10;        at java.util.concurrent.ArrayBlockingQueue.take(ArrayBlockingQueue.java:403)&#10;        at java.util.concurrent.ThreadPoolExecutor.getTask(ThreadPoolExecutor.java:1074)&#10;        at java.util.concurrent.ThreadPoolExecutor.runWorker(ThreadPoolExecutor.java:1134)&#10;        at java.util.concurrent.ThreadPoolExecutor$Worker.run(ThreadPoolExecutor.java:624)&#10;        at java.lang.Thread.run(Thread.java:748)&#10;&quot;Datanode ReportManager Thread - 3&quot; daemon prio=5 tid=2190 in Object.wait()&#10;java.lang.Thread.State: WAITING (on object monitor)&#10;        at sun.misc.Unsafe.park(Native Method)&#10;        at java.util.concurrent.locks.LockSupport.park(LockSupport.java:175)&#10;        at java.util.concurrent.locks.AbstractQueuedSynchronizer$ConditionObject.await(AbstractQueuedSynchronizer.java:2039)&#10;        at java.util.concurrent.ScheduledThreadPoolExecutor$DelayedWorkQueue.take(ScheduledThreadPoolExecutor.java:1088)&#10;        at java.util.concurrent.ScheduledThreadPoolExecutor$DelayedWorkQueue.take(ScheduledThreadPoolExecutor.java:809)&#10;        at java.util.concurrent.ThreadPoolExecutor.getTask(ThreadPoolExecutor.java:1074)&#10;        at java.util.concurrent.ThreadPoolExecutor.runWorker(ThreadPoolExecutor.java:1134)&#10;        at java.util.concurrent.ThreadPoolExecutor$Worker.run(ThreadPoolExecutor.java:624)&#10;        at java.lang.Thread.run(Thread.java:748)&#10;&quot;Datanode ReportManager Thread - 3&quot; daemon prio=5 tid=2028 in Object.wait()&#10;java.lang.Thread.State: WAITING (on object monitor)&#10;        at sun.misc.Unsafe.park(Native Method)&#10;        at java.util.concurrent.locks.LockSupport.park(LockSupport.java:175)&#10;        at java.util.concurrent.locks.AbstractQueuedSynchronizer$ConditionObject.await(AbstractQueuedSynchronizer.java:2039)&#10;        at java.util.concurrent.ScheduledThreadPoolExecutor$DelayedWorkQueue.take(ScheduledThreadPoolExecutor.java:1088)&#10;        at java.util.concurrent.ScheduledThreadPoolExecutor$DelayedWorkQueue.take(ScheduledThreadPoolExecutor.java:809)&#10;        at java.util.concurrent.ThreadPoolExecutor.getTask(ThreadPoolExecutor.java:1074)&#10;        at java.util.concurrent.ThreadPoolExecutor.runWorker(ThreadPoolExecutor.java:1134)&#10;        at java.util.concurrent.ThreadPoolExecutor$Worker.run(ThreadPoolExecutor.java:624)&#10;        at java.lang.Thread.run(Thread.java:748)&#10;&quot;pool-188-thread-8&quot;  prio=5 tid=2532 in Object.wait()&#10;java.lang.Thread.State: WAITING (on object monitor)&#10;        at sun.misc.Unsafe.park(Native Method)&#10;        at java.util.concurrent.locks.LockSupport.park(LockSupport.java:175)&#10;        at java.util.concurrent.locks.AbstractQueuedSynchronizer$ConditionObject.await(AbstractQueuedSynchronizer.java:2039)&#10;        at java.util.concurrent.ArrayBlockingQueue.take(ArrayBlockingQueue.java:403)&#10;        at java.util.concurrent.ThreadPoolExecutor.getTask(ThreadPoolExecutor.java:1074)&#10;        at java.util.concurrent.ThreadPoolExecutor.runWorker(ThreadPoolExecutor.java:1134)&#10;        at java.util.concurrent.ThreadPoolExecutor$Worker.run(ThreadPoolExecutor.java:624)&#10;        at java.lang.Thread.run(Thread.java:748)&#10;&quot;Datanode ReportManager Thread - 0&quot; daemon prio=5 tid=2241 in Object.wait()&#10;java.lang.Thread.State: WAITING (on object monitor)&#10;        at sun.misc.Unsafe.park(Native Method)&#10;        at java.util.concurrent.locks.LockSupport.park(LockSupport.java:175)&#10;        at java.util.concurrent.locks.AbstractQueuedSynchronizer$ConditionObject.await(AbstractQueuedSynchronizer.java:2039)&#10;        at java.util.concurrent.ScheduledThreadPoolExecutor$DelayedWorkQueue.take(ScheduledThreadPoolExecutor.java:1088)&#10;        at java.util.concurrent.ScheduledThreadPoolExecutor$DelayedWorkQueue.take(ScheduledThreadPoolExecutor.java:809)&#10;        at java.util.concurrent.ThreadPoolExecutor.getTask(ThreadPoolExecutor.java:1074)&#10;        at java.util.concurrent.ThreadPoolExecutor.runWorker(ThreadPoolExecutor.java:1134)&#10;        at java.util.concurrent.ThreadPoolExecutor$Worker.run(ThreadPoolExecutor.java:624)&#10;        at java.lang.Thread.run(Thread.java:748)&#10;&quot;Datanode ReportManager Thread - 2&quot; daemon prio=5 tid=2189 in Object.wait()&#10;java.lang.Thread.State: WAITING (on object monitor)&#10;        at sun.misc.Unsafe.park(Native Method)&#10;        at java.util.concurrent.locks.LockSupport.park(LockSupport.java:175)&#10;        at java.util.concurrent.locks.AbstractQueuedSynchronizer$ConditionObject.await(AbstractQueuedSynchronizer.java:2039)&#10;        at java.util.concurrent.ScheduledThreadPoolExecutor$DelayedWorkQueue.take(ScheduledThreadPoolExecutor.java:1088)&#10;        at java.util.concurrent.ScheduledThreadPoolExecutor$DelayedWorkQueue.take(ScheduledThreadPoolExecutor.java:809)&#10;        at java.util.concurrent.ThreadPoolExecutor.getTask(ThreadPoolExecutor.java:1074)&#10;        at java.util.concurrent.ThreadPoolExecutor.runWorker(ThreadPoolExecutor.java:1134)&#10;        at java.util.concurrent.ThreadPoolExecutor$Worker.run(ThreadPoolExecutor.java:624)&#10;        at java.lang.Thread.run(Thread.java:748)&#10;&quot;qtp841721161-2067&quot; daemon prio=5 tid=2067 runnable&#10;java.lang.Thread.State: RUNNABLE&#10;        at sun.nio.ch.EPollArrayWrapper.epollWait(Native Method)&#10;        at sun.nio.ch.EPollArrayWrapper.poll(EPollArrayWrapper.java:269)&#10;        at sun.nio.ch.EPollSelectorImpl.doSelect(EPollSelectorImpl.java:93)&#10;        at sun.nio.ch.SelectorImpl.lockAndDoSelect(SelectorImpl.java:86)&#10;        at sun.nio.ch.SelectorImpl.select(SelectorImpl.java:97)&#10;        at sun.nio.ch.SelectorImpl.select(SelectorImpl.java:101)&#10;        at org.eclipse.jetty.io.ManagedSelector$SelectorProducer.select(ManagedSelector.java:243)&#10;        at org.eclipse.jetty.io.ManagedSelector$SelectorProducer.produce(ManagedSelector.java:191)&#10;        at org.eclipse.jetty.util.thread.strategy.ExecuteProduceConsume.executeProduceConsume(ExecuteProduceConsume.java:249)&#10;        at org.eclipse.jetty.util.thread.strategy.ExecuteProduceConsume.produceConsume(ExecuteProduceConsume.java:148)&#10;        at org.eclipse.jetty.util.thread.strategy.ExecuteProduceConsume.execute(ExecuteProduceConsume.java:100)&#10;        at org.eclipse.jetty.io.ManagedSelector.run(ManagedSelector.java:147)&#10;        at org.eclipse.jetty.util.thread.QueuedThreadPool.runJob(QueuedThreadPool.java:671)&#10;        at org.eclipse.jetty.util.thread.QueuedThreadPool$2.run(QueuedThreadPool.java:589)&#10;        at java.lang.Thread.run(Thread.java:748)&#10;&quot;pool-238-thread-17&quot;  prio=5 tid=2851 in Object.wait()&#10;java.lang.Thread.State: WAITING (on object monitor)&#10;        at sun.misc.Unsafe.park(Native Method)&#10;        at java.util.concurrent.locks.LockSupport.park(LockSupport.java:175)&#10;        at java.util.concurrent.locks.AbstractQueuedSynchronizer$ConditionObject.await(AbstractQueuedSynchronizer.java:2039)&#10;        at java.util.concurrent.ArrayBlockingQueue.take(ArrayBlockingQueue.java:403)&#10;        at java.util.concurrent.ThreadPoolExecutor.getTask(ThreadPoolExecutor.java:1074)&#10;        at java.util.concurrent.ThreadPoolExecutor.runWorker(ThreadPoolExecutor.java:1134)&#10;        at java.util.concurrent.ThreadPoolExecutor$Worker.run(ThreadPoolExecutor.java:624)&#10;        at java.lang.Thread.run(Thread.java:748)&#10;&quot;pool-178-thread-54&quot;  prio=5 tid=2516 in Object.wait()&#10;java.lang.Thread.State: WAITING (on object monitor)&#10;        at sun.misc.Unsafe.park(Native Method)&#10;        at java.util.concurrent.locks.LockSupport.park(LockSupport.java:175)&#10;        at java.util.concurrent.locks.AbstractQueuedSynchronizer$ConditionObject.await(AbstractQueuedSynchronizer.java:2039)&#10;        at java.util.concurrent.ArrayBlockingQueue.take(ArrayBlockingQueue.java:403)&#10;        at java.util.concurrent.ThreadPoolExecutor.getTask(ThreadPoolExecutor.java:1074)&#10;        at java.util.concurrent.ThreadPoolExecutor.runWorker(ThreadPoolExecutor.java:1134)&#10;        at java.util.concurrent.ThreadPoolExecutor$Worker.run(ThreadPoolExecutor.java:624)&#10;        at java.lang.Thread.run(Thread.java:748)&#10;&quot;pool-228-thread-40&quot;  prio=5 tid=2812 in Object.wait()&#10;java.lang.Thread.State: WAITING (on object monitor)&#10;        at sun.misc.Unsafe.park(Native Method)&#10;        at java.util.concurrent.locks.LockSupport.park(LockSupport.java:175)&#10;        at java.util.concurrent.locks.AbstractQueuedSynchronizer$ConditionObject.await(AbstractQueuedSynchronizer.java:2039)&#10;        at java.util.concurrent.ArrayBlockingQueue.take(ArrayBlockingQueue.java:403)&#10;        at java.util.concurrent.ThreadPoolExecutor.getTask(ThreadPoolExecutor.java:1074)&#10;        at java.util.concurrent.ThreadPoolExecutor.runWorker(ThreadPoolExecutor.java:1134)&#10;        at java.util.concurrent.ThreadPoolExecutor$Worker.run(ThreadPoolExecutor.java:624)&#10;        at java.lang.Thread.run(Thread.java:748)&#10;&quot;pool-198-thread-29&quot;  prio=5 tid=2615 in Object.wait()&#10;java.lang.Thread.State: WAITING (on object monitor)&#10;        at sun.misc.Unsafe.park(Native Method)&#10;        at java.util.concurrent.locks.LockSupport.park(LockSupport.java:175)&#10;        at java.util.concurrent.locks.AbstractQueuedSynchronizer$ConditionObject.await(AbstractQueuedSynchronizer.java:2039)&#10;        at java.util.concurrent.ArrayBlockingQueue.take(ArrayBlockingQueue.java:403)&#10;        at java.util.concurrent.ThreadPoolExecutor.getTask(ThreadPoolExecutor.java:1074)&#10;        at java.util.concurrent.ThreadPoolExecutor.runWorker(ThreadPoolExecutor.java:1134)&#10;        at java.util.concurrent.ThreadPoolExecutor$Worker.run(ThreadPoolExecutor.java:624)&#10;        at java.lang.Thread.run(Thread.java:748)&#10;&quot;pool-218-thread-5&quot;  prio=5 tid=2715 in Object.wait()&#10;java.lang.Thread.State: WAITING (on object monitor)&#10;        at sun.misc.Unsafe.park(Native Method)&#10;        at java.util.concurrent.locks.LockSupport.park(LockSupport.java:175)&#10;        at java.util.concurrent.locks.AbstractQueuedSynchronizer$ConditionObject.await(AbstractQueuedSynchronizer.java:2039)&#10;        at java.util.concurrent.ArrayBlockingQueue.take(ArrayBlockingQueue.java:403)&#10;        at java.util.concurrent.ThreadPoolExecutor.getTask(ThreadPoolExecutor.java:1074)&#10;        at java.util.concurrent.ThreadPoolExecutor.runWorker(ThreadPoolExecutor.java:1134)&#10;        at java.util.concurrent.ThreadPoolExecutor$Worker.run(ThreadPoolExecutor.java:624)&#10;        at java.lang.Thread.run(Thread.java:748)&#10;&quot;pool-158-thread-60&quot;  prio=5 tid=2398 in Object.wait()&#10;java.lang.Thread.State: WAITING (on object monitor)&#10;        at sun.misc.Unsafe.park(Native Method)&#10;        at java.util.concurrent.locks.LockSupport.park(LockSupport.java:175)&#10;        at java.util.concurrent.locks.AbstractQueuedSynchronizer$ConditionObject.await(AbstractQueuedSynchronizer.java:2039)&#10;        at java.util.concurrent.ArrayBlockingQueue.take(ArrayBlockingQueue.java:403)&#10;        at java.util.concurrent.ThreadPoolExecutor.getTask(ThreadPoolExecutor.java:1074)&#10;        at java.util.concurrent.ThreadPoolExecutor.runWorker(ThreadPoolExecutor.java:1134)&#10;        at java.util.concurrent.ThreadPoolExecutor$Worker.run(ThreadPoolExecutor.java:624)&#10;        at java.lang.Thread.run(Thread.java:748)&#10;&quot;Datanode ReportManager Thread - 1&quot; daemon prio=5 tid=2080 timed_waiting&#10;java.lang.Thread.State: TIMED_WAITING&#10;        at sun.misc.Unsafe.park(Native Method)&#10;        at java.util.concurrent.locks.LockSupport.parkNanos(LockSupport.java:215)&#10;        at java.util.concurrent.locks.AbstractQueuedSynchronizer$ConditionObject.awaitNanos(AbstractQueuedSynchronizer.java:2078)&#10;        at java.util.concurrent.ScheduledThreadPoolExecutor$DelayedWorkQueue.take(ScheduledThreadPoolExecutor.java:1093)&#10;        at java.util.concurrent.ScheduledThreadPoolExecutor$DelayedWorkQueue.take(ScheduledThreadPoolExecutor.java:809)&#10;        at java.util.concurrent.ThreadPoolExecutor.getTask(ThreadPoolExecutor.java:1074)&#10;        at java.util.concurrent.ThreadPoolExecutor.runWorker(ThreadPoolExecutor.java:1134)&#10;        at java.util.concurrent.ThreadPoolExecutor$Worker.run(ThreadPoolExecutor.java:624)&#10;        at java.lang.Thread.run(Thread.java:748)&#10;&quot;grpc-default-worker-ELG-3-1&quot; daemon prio=5 tid=1052 runnable&#10;java.lang.Thread.State: RUNNABLE&#10;        at sun.nio.ch.EPollArrayWrapper.epollWait(Native Method)&#10;        at sun.nio.ch.EPollArrayWrapper.poll(EPollArrayWrapper.java:269)&#10;        at sun.nio.ch.EPollSelectorImpl.doSelect(EPollSelectorImpl.java:93)&#10;        at sun.nio.ch.SelectorImpl.lockAndDoSelect(SelectorImpl.java:86)&#10;        at sun.nio.ch.SelectorImpl.select(SelectorImpl.java:97)&#10;        at org.apache.ratis.thirdparty.io.netty.channel.nio.SelectedSelectionKeySetSelector.select(SelectedSelectionKeySetSelector.java:62)&#10;        at org.apache.ratis.thirdparty.io.netty.channel.nio.NioEventLoop.select(NioEventLoop.java:753)&#10;        at org.apache.ratis.thirdparty.io.netty.channel.nio.NioEventLoop.run(NioEventLoop.java:408)&#10;        at org.apache.ratis.thirdparty.io.netty.util.concurrent.SingleThreadEventExecutor$5.run(SingleThreadEventExecutor.java:897)&#10;        at org.apache.ratis.thirdparty.io.netty.util.concurrent.FastThreadLocalRunnable.run(FastThreadLocalRunnable.java:30)&#10;        at java.lang.Thread.run(Thread.java:748)&#10;&quot;pool-228-thread-32&quot;  prio=5 tid=2804 in Object.wait()&#10;java.lang.Thread.State: WAITING (on object monitor)&#10;        at sun.misc.Unsafe.park(Native Method)&#10;        at java.util.concurrent.locks.LockSupport.park(LockSupport.java:175)&#10;        at java.util.concurrent.locks.AbstractQueuedSynchronizer$ConditionObject.await(AbstractQueuedSynchronizer.java:2039)&#10;        at java.util.concurrent.ArrayBlockingQueue.take(ArrayBlockingQueue.java:403)&#10;        at java.util.concurrent.ThreadPoolExecutor.getTask(ThreadPoolExecutor.java:1074)&#10;        at java.util.concurrent.ThreadPoolExecutor.runWorker(ThreadPoolExecutor.java:1134)&#10;        at java.util.concurrent.ThreadPoolExecutor$Worker.run(ThreadPoolExecutor.java:624)&#10;        at java.lang.Thread.run(Thread.java:748)&#10;&quot;IPC Server handler 9 on 40581&quot; daemon prio=5 tid=1918 timed_waiting&#10;java.lang.Thread.State: TIMED_WAITING&#10;        at sun.misc.Unsafe.park(Native Method)&#10;        at java.util.concurrent.locks.LockSupport.parkNanos(LockSupport.java:215)&#10;        at java.util.concurrent.locks.AbstractQueuedSynchronizer$ConditionObject.awaitNanos(AbstractQueuedSynchronizer.java:2078)&#10;        at java.util.concurrent.LinkedBlockingQueue.poll(LinkedBlockingQueue.java:467)&#10;        at org.apache.hadoop.ipc.CallQueueManager.take(CallQueueManager.java:288)&#10;        at org.apache.hadoop.ipc.Server$Handler.run(Server.java:2668)&#10;&quot;org.apache.hadoop.util.JvmPauseMonitor$Monitor@39bbd623&quot; daemon prio=5 tid=2084 timed_waiting&#10;java.lang.Thread.State: TIMED_WAITING&#10;        at java.lang.Thread.sleep(Native Method)&#10;        at org.apache.hadoop.util.JvmPauseMonitor$Monitor.run(JvmPauseMonitor.java:192)&#10;        at java.lang.Thread.run(Thread.java:748)&#10;&quot;pool-208-thread-1&quot;  prio=5 tid=2649 in Object.wait()&#10;java.lang.Thread.State: WAITING (on object monitor)&#10;        at sun.misc.Unsafe.park(Native Method)&#10;        at java.util.concurrent.locks.LockSupport.park(LockSupport.java:175)&#10;        at java.util.concurrent.locks.AbstractQueuedSynchronizer$ConditionObject.await(AbstractQueuedSynchronizer.java:2039)&#10;        at java.util.concurrent.ArrayBlockingQueue.take(ArrayBlockingQueue.java:403)&#10;        at java.util.concurrent.ThreadPoolExecutor.getTask(ThreadPoolExecutor.java:1074)&#10;        at java.util.concurrent.ThreadPoolExecutor.runWorker(ThreadPoolExecutor.java:1134)&#10;        at java.util.concurrent.ThreadPoolExecutor$Worker.run(ThreadPoolExecutor.java:624)&#10;        at java.lang.Thread.run(Thread.java:748)&#10;&quot;pool-228-thread-31&quot;  prio=5 tid=2803 in Object.wait()&#10;java.lang.Thread.State: WAITING (on object monitor)&#10;        at sun.misc.Unsafe.park(Native Method)&#10;        at java.util.concurrent.locks.LockSupport.park(LockSupport.java:175)&#10;        at java.util.concurrent.locks.AbstractQueuedSynchronizer$ConditionObject.await(AbstractQueuedSynchronizer.java:2039)&#10;        at java.util.concurrent.ArrayBlockingQueue.take(ArrayBlockingQueue.java:403)&#10;        at java.util.concurrent.ThreadPoolExecutor.getTask(ThreadPoolExecutor.java:1074)&#10;        at java.util.concurrent.ThreadPoolExecutor.runWorker(ThreadPoolExecutor.java:1134)&#10;        at java.util.concurrent.ThreadPoolExecutor$Worker.run(ThreadPoolExecutor.java:624)&#10;        at java.lang.Thread.run(Thread.java:748)&#10;&quot;IPC Server idle connection scanner for port 45410&quot; daemon prio=5 tid=1967 timed_waiting&#10;java.lang.Thread.State: TIMED_WAITING&#10;        at java.lang.Object.wait(Native Method)&#10;        at java.util.TimerThread.mainLoop(Timer.java:552)&#10;        at java.util.TimerThread.run(Timer.java:505)&#10;&quot;pool-178-thread-15&quot;  prio=5 tid=2477 in Object.wait()&#10;java.lang.Thread.State: WAITING (on object monitor)&#10;        at sun.misc.Unsafe.park(Native Method)&#10;        at java.util.concurrent.locks.LockSupport.park(LockSupport.java:175)&#10;        at java.util.concurrent.locks.AbstractQueuedSynchronizer$ConditionObject.await(AbstractQueuedSynchronizer.java:2039)&#10;        at java.util.concurrent.ArrayBlockingQueue.take(ArrayBlockingQueue.java:403)&#10;        at java.util.concurrent.ThreadPoolExecutor.getTask(ThreadPoolExecutor.java:1074)&#10;        at java.util.concurrent.ThreadPoolExecutor.runWorker(ThreadPoolExecutor.java:1134)&#10;        at java.util.concurrent.ThreadPoolExecutor$Worker.run(ThreadPoolExecutor.java:624)&#10;        at java.lang.Thread.run(Thread.java:748)&#10;&quot;pool-172-thread-1&quot;  prio=5 tid=2066 timed_waiting&#10;java.lang.Thread.State: TIMED_WAITING&#10;        at sun.misc.Unsafe.park(Native Method)&#10;        at java.util.concurrent.locks.LockSupport.parkNanos(LockSupport.java:215)&#10;        at java.util.concurrent.locks.AbstractQueuedSynchronizer$ConditionObject.awaitNanos(AbstractQueuedSynchronizer.java:2078)&#10;        at java.util.concurrent.ScheduledThreadPoolExecutor$DelayedWorkQueue.take(ScheduledThreadPoolExecutor.java:1093)&#10;        at java.util.concurrent.ScheduledThreadPoolExecutor$DelayedWorkQueue.take(ScheduledThreadPoolExecutor.java:809)&#10;        at java.util.concurrent.ThreadPoolExecutor.getTask(ThreadPoolExecutor.java:1074)&#10;        at java.util.concurrent.ThreadPoolExecutor.runWorker(ThreadPoolExecutor.java:1134)&#10;        at java.util.concurrent.ThreadPoolExecutor$Worker.run(ThreadPoolExecutor.java:624)&#10;        at java.lang.Thread.run(Thread.java:748)&#10;&quot;org.eclipse.jetty.server.session.HashSessionManager@78422efbTimer&quot; daemon prio=5 tid=2076 timed_waiting&#10;java.lang.Thread.State: TIMED_WAITING&#10;        at sun.misc.Unsafe.park(Native Method)&#10;        at java.util.concurrent.locks.LockSupport.parkNanos(LockSupport.java:215)&#10;        at java.util.concurrent.locks.AbstractQueuedSynchronizer$ConditionObject.awaitNanos(AbstractQueuedSynchronizer.java:2078)&#10;        at java.util.concurrent.ScheduledThreadPoolExecutor$DelayedWorkQueue.take(ScheduledThreadPoolExecutor.java:1093)&#10;        at java.util.concurrent.ScheduledThreadPoolExecutor$DelayedWorkQueue.take(ScheduledThreadPoolExecutor.java:809)&#10;        at java.util.concurrent.ThreadPoolExecutor.getTask(ThreadPoolExecutor.java:1074)&#10;        at java.util.concurrent.ThreadPoolExecutor.runWorker(ThreadPoolExecutor.java:1134)&#10;        at java.util.concurrent.ThreadPoolExecutor$Worker.run(ThreadPoolExecutor.java:624)&#10;        at java.lang.Thread.run(Thread.java:748)&#10;&quot;CommandWatcher-LeaseManager#LeaseMonitor&quot; daemon prio=5 tid=1888 timed_waiting&#10;java.lang.Thread.State: TIMED_WAITING&#10;        at java.lang.Thread.sleep(Native Method)&#10;        at org.apache.hadoop.ozone.lease.LeaseManager$LeaseMonitor.run(LeaseManager.java:234)&#10;        at java.lang.Thread.run(Thread.java:748)&#10;&quot;pool-238-thread-4&quot;  prio=5 tid=2838 in Object.wait()&#10;java.lang.Thread.State: WAITING (on object monitor)&#10;        at sun.misc.Unsafe.park(Native Method)&#10;        at java.util.concurrent.locks.LockSupport.park(LockSupport.java:175)&#10;        at java.util.concurrent.locks.AbstractQueuedSynchronizer$ConditionObject.await(AbstractQueuedSynchronizer.java:2039)&#10;        at java.util.concurrent.ArrayBlockingQueue.take(ArrayBlockingQueue.java:403)&#10;        at java.util.concurrent.ThreadPoolExecutor.getTask(ThreadPoolExecutor.java:1074)&#10;        at java.util.concurrent.ThreadPoolExecutor.runWorker(ThreadPoolExecutor.java:1134)&#10;        at java.util.concurrent.ThreadPoolExecutor$Worker.run(ThreadPoolExecutor.java:624)&#10;        at java.lang.Thread.run(Thread.java:748)&#10;&quot;Timer-2&quot;  prio=5 tid=1969 timed_waiting&#10;java.lang.Thread.State: TIMED_WAITING&#10;        at java.lang.Object.wait(Native Method)&#10;        at java.util.TimerThread.mainLoop(Timer.java:552)&#10;        at java.util.TimerThread.run(Timer.java:505)&#10;&quot;IPC Server handler 15 on 40581&quot; daemon prio=5 tid=1924 timed_waiting&#10;java.lang.Thread.State: TIMED_WAITING&#10;        at sun.misc.Unsafe.park(Native Method)&#10;        at java.util.concurrent.locks.LockSupport.parkNanos(LockSupport.java:215)&#10;        at java.util.concurrent.locks.AbstractQueuedSynchronizer$ConditionObject.awaitNanos(AbstractQueuedSynchronizer.java:2078)&#10;        at java.util.concurrent.LinkedBlockingQueue.poll(LinkedBlockingQueue.java:467)&#10;        at org.apache.hadoop.ipc.CallQueueManager.take(CallQueueManager.java:288)&#10;        at org.apache.hadoop.ipc.Server$Handler.run(Server.java:2668)&#10;&quot;Datanode ReportManager Thread - 1&quot; daemon prio=5 tid=2107 timed_waiting&#10;java.lang.Thread.State: TIMED_WAITING&#10;        at sun.misc.Unsafe.park(Native Method)&#10;        at java.util.concurrent.locks.LockSupport.parkNanos(LockSupport.java:215)&#10;        at java.util.concurrent.locks.AbstractQueuedSynchronizer$ConditionObject.awaitNanos(AbstractQueuedSynchronizer.java:2078)&#10;        at java.util.concurrent.ScheduledThreadPoolExecutor$DelayedWorkQueue.take(ScheduledThreadPoolExecutor.java:1093)&#10;        at java.util.concurrent.ScheduledThreadPoolExecutor$DelayedWorkQueue.take(ScheduledThreadPoolExecutor.java:809)&#10;        at java.util.concurrent.ThreadPoolExecutor.getTask(ThreadPoolExecutor.java:1074)&#10;        at java.util.concurrent.ThreadPoolExecutor.runWorker(ThreadPoolExecutor.java:1134)&#10;        at java.util.concurrent.ThreadPoolExecutor$Worker.run(ThreadPoolExecutor.java:624)&#10;        at java.lang.Thread.run(Thread.java:748)&#10;&quot;pool-238-thread-36&quot;  prio=5 tid=2870 in Object.wait()&#10;java.lang.Thread.State: WAITING (on object monitor)&#10;        at sun.misc.Unsafe.park(Native Method)&#10;        at java.util.concurrent.locks.LockSupport.park(LockSupport.java:175)&#10;        at java.util.concurrent.locks.AbstractQueuedSynchronizer$ConditionObject.await(AbstractQueuedSynchronizer.java:2039)&#10;        at java.util.concurrent.ArrayBlockingQueue.take(ArrayBlockingQueue.java:403)&#10;        at java.util.concurrent.ThreadPoolExecutor.getTask(ThreadPoolExecutor.java:1074)&#10;        at java.util.concurrent.ThreadPoolExecutor.runWorker(ThreadPoolExecutor.java:1134)&#10;        at java.util.concurrent.ThreadPoolExecutor$Worker.run(ThreadPoolExecutor.java:624)&#10;        at java.lang.Thread.run(Thread.java:748)&#10;&quot;IPC Server handler 2 on 39845&quot; daemon prio=5 tid=1931 timed_waiting&#10;java.lang.Thread.State: TIMED_WAITING&#10;        at sun.misc.Unsafe.park(Native Method)&#10;        at java.util.concurrent.locks.LockSupport.parkNanos(LockSupport.java:215)&#10;        at java.util.concurrent.locks.AbstractQueuedSynchronizer$ConditionObject.awaitNanos(AbstractQueuedSynchronizer.java:2078)&#10;        at java.util.concurrent.LinkedBlockingQueue.poll(LinkedBlockingQueue.java:467)&#10;        at org.apache.hadoop.ipc.CallQueueManager.take(CallQueueManager.java:288)&#10;        at org.apache.hadoop.ipc.Server$Handler.run(Server.java:2668)&#10;&quot;e96d2cc9-026c-4220-b0f4-2bd3b4d5a924@group-D08F3DBE2A41-StateMachineUpdater&quot; daemon prio=5 tid=3149 in Object.wait()&#10;java.lang.Thread.State: WAITING (on object monitor)&#10;        at java.lang.Object.wait(Native Method)&#10;        at java.lang.Object.wait(Object.java:502)&#10;        at org.apache.ratis.server.impl.StateMachineUpdater.waitForCommit(StateMachineUpdater.java:194)&#10;        at org.apache.ratis.server.impl.StateMachineUpdater.run(StateMachineUpdater.java:159)&#10;        at java.lang.Thread.run(Thread.java:748)&#10;&quot;pool-168-thread-16&quot;  prio=5 tid=2416 in Object.wait()&#10;java.lang.Thread.State: WAITING (on object monitor)&#10;        at sun.misc.Unsafe.park(Native Method)&#10;        at java.util.concurrent.locks.LockSupport.park(LockSupport.java:175)&#10;        at java.util.concurrent.locks.AbstractQueuedSynchronizer$ConditionObject.await(AbstractQueuedSynchronizer.java:2039)&#10;        at java.util.concurrent.ArrayBlockingQueue.take(ArrayBlockingQueue.java:403)&#10;        at java.util.concurrent.ThreadPoolExecutor.getTask(ThreadPoolExecutor.java:1074)&#10;        at java.util.concurrent.ThreadPoolExecutor.runWorker(ThreadPoolExecutor.java:1134)&#10;        at java.util.concurrent.ThreadPoolExecutor$Worker.run(ThreadPoolExecutor.java:624)&#10;        at java.lang.Thread.run(Thread.java:748)&#10;&quot;5fe8490f-f805-406a-80e2-fbda1a66b042@group-A2A7FA27FDC7-StateMachineUpdater&quot; daemon prio=5 tid=3156 in Object.wait()&#10;java.lang.Thread.State: WAITING (on object monitor)&#10;        at java.lang.Object.wait(Native Method)&#10;        at java.lang.Object.wait(Object.java:502)&#10;        at org.apache.ratis.server.impl.StateMachineUpdater.waitForCommit(StateMachineUpdater.java:194)&#10;        at org.apache.ratis.server.impl.StateMachineUpdater.run(StateMachineUpdater.java:159)&#10;        at java.lang.Thread.run(Thread.java:748)&#10;&quot;qtp98459285-1950-acceptor-0@28aff1f7-ServerConnector@f5cf29b{HTTP/1.1,[http/1.1]}{0.0.0.0:39761}&quot; daemon prio=3 tid=1950 runnable&#10;java.lang.Thread.State: RUNNABLE&#10;        at sun.nio.ch.ServerSocketChannelImpl.accept0(Native Method)&#10;        at sun.nio.ch.ServerSocketChannelImpl.accept(ServerSocketChannelImpl.java:422)&#10;        at sun.nio.ch.ServerSocketChannelImpl.accept(ServerSocketChannelImpl.java:250)&#10;        at org.eclipse.jetty.server.ServerConnector.accept(ServerConnector.java:397)&#10;        at org.eclipse.jetty.server.AbstractConnector$Acceptor.run(AbstractConnector.java:601)&#10;        at org.eclipse.jetty.util.thread.QueuedThreadPool.runJob(QueuedThreadPool.java:671)&#10;        at org.eclipse.jetty.util.thread.QueuedThreadPool$2.run(QueuedThreadPool.java:589)&#10;        at java.lang.Thread.run(Thread.java:748)&#10;&quot;org.eclipse.jetty.server.session.HashSessionManager@5a545b0fTimer&quot; daemon prio=5 tid=2048 timed_waiting&#10;java.lang.Thread.State: TIMED_WAITING&#10;        at sun.misc.Unsafe.park(Native Method)&#10;        at java.util.concurrent.locks.LockSupport.parkNanos(LockSupport.java:215)&#10;        at java.util.concurrent.locks.AbstractQueuedSynchronizer$ConditionObject.awaitNanos(AbstractQueuedSynchronizer.java:2078)&#10;        at java.util.concurrent.ScheduledThreadPoolExecutor$DelayedWorkQueue.take(ScheduledThreadPoolExecutor.java:1093)&#10;        at java.util.concurrent.ScheduledThreadPoolExecutor$DelayedWorkQueue.take(ScheduledThreadPoolExecutor.java:809)&#10;        at java.util.concurrent.ThreadPoolExecutor.getTask(ThreadPoolExecutor.java:1074)&#10;        at java.util.concurrent.ThreadPoolExecutor.runWorker(ThreadPoolExecutor.java:1134)&#10;        at java.util.concurrent.ThreadPoolExecutor$Worker.run(ThreadPoolExecutor.java:624)&#10;        at java.lang.Thread.run(Thread.java:748)&#10;&quot;PartialTableCache Cleanup Thread - 0&quot; daemon prio=5 tid=3079 in Object.wait()&#10;java.lang.Thread.State: WAITING (on object monitor)&#10;        at sun.misc.Unsafe.park(Native Method)&#10;        at java.util.concurrent.locks.LockSupport.park(LockSupport.java:175)&#10;        at java.util.concurrent.locks.AbstractQueuedSynchronizer$ConditionObject.await(AbstractQueuedSynchronizer.java:2039)&#10;        at java.util.concurrent.LinkedBlockingQueue.take(LinkedBlockingQueue.java:442)&#10;        at java.util.concurrent.ThreadPoolExecutor.getTask(ThreadPoolExecutor.java:1074)&#10;        at java.util.concurrent.ThreadPoolExecutor.runWorker(ThreadPoolExecutor.java:1134)&#10;        at java.util.concurrent.ThreadPoolExecutor$Worker.run(ThreadPoolExecutor.java:624)&#10;        at java.lang.Thread.run(Thread.java:748)&#10;&quot;pool-208-thread-19&quot;  prio=5 tid=2667 in Object.wait()&#10;java.lang.Thread.State: WAITING (on object monitor)&#10;        at sun.misc.Unsafe.park(Native Method)&#10;        at java.util.concurrent.locks.LockSupport.park(LockSupport.java:175)&#10;        at java.util.concurrent.locks.AbstractQueuedSynchronizer$ConditionObject.await(AbstractQueuedSynchronizer.java:2039)&#10;        at java.util.concurrent.ArrayBlockingQueue.take(ArrayBlockingQueue.java:403)&#10;        at java.util.concurrent.ThreadPoolExecutor.getTask(ThreadPoolExecutor.java:1074)&#10;        at java.util.concurrent.ThreadPoolExecutor.runWorker(ThreadPoolExecutor.java:1134)&#10;        at java.util.concurrent.ThreadPoolExecutor$Worker.run(ThreadPoolExecutor.java:624)&#10;        at java.lang.Thread.run(Thread.java:748)&#10;&quot;qtp2010856706-2202&quot; daemon prio=5 tid=2202 runnable&#10;java.lang.Thread.State: RUNNABLE&#10;        at sun.nio.ch.EPollArrayWrapper.epollWait(Native Method)&#10;        at sun.nio.ch.EPollArrayWrapper.poll(EPollArrayWrapper.java:269)&#10;        at sun.nio.ch.EPollSelectorImpl.doSelect(EPollSelectorImpl.java:93)&#10;        at sun.nio.ch.SelectorImpl.lockAndDoSelect(SelectorImpl.java:86)&#10;        at sun.nio.ch.SelectorImpl.select(SelectorImpl.java:97)&#10;        at sun.nio.ch.SelectorImpl.select(SelectorImpl.java:101)&#10;        at org.eclipse.jetty.io.ManagedSelector$SelectorProducer.select(ManagedSelector.java:243)&#10;        at org.eclipse.jetty.io.ManagedSelector$SelectorProducer.produce(ManagedSelector.java:191)&#10;        at org.eclipse.jetty.util.thread.strategy.ExecuteProduceConsume.executeProduceConsume(ExecuteProduceConsume.java:249)&#10;        at org.eclipse.jetty.util.thread.strategy.ExecuteProduceConsume.produceConsume(ExecuteProduceConsume.java:148)&#10;        at org.eclipse.jetty.util.thread.strategy.ExecuteProduceConsume.execute(ExecuteProduceConsume.java:100)&#10;        at org.eclipse.jetty.io.ManagedSelector.run(ManagedSelector.java:147)&#10;        at org.eclipse.jetty.util.thread.QueuedThreadPool.runJob(QueuedThreadPool.java:671)&#10;        at org.eclipse.jetty.util.thread.QueuedThreadPool$2.run(QueuedThreadPool.java:589)&#10;        at java.lang.Thread.run(Thread.java:748)&#10;&quot;pool-168-thread-52&quot;  prio=5 tid=2452 in Object.wait()&#10;java.lang.Thread.State: WAITING (on object monitor)&#10;        at sun.misc.Unsafe.park(Native Method)&#10;        at java.util.concurrent.locks.LockSupport.park(LockSupport.java:175)&#10;        at java.util.concurrent.locks.AbstractQueuedSynchronizer$ConditionObject.await(AbstractQueuedSynchronizer.java:2039)&#10;        at java.util.concurrent.ArrayBlockingQueue.take(ArrayBlockingQueue.java:403)&#10;        at java.util.concurrent.ThreadPoolExecutor.getTask(ThreadPoolExecutor.java:1074)&#10;        at java.util.concurrent.ThreadPoolExecutor.runWorker(ThreadPoolExecutor.java:1134)&#10;        at java.util.concurrent.ThreadPoolExecutor$Worker.run(ThreadPoolExecutor.java:624)&#10;        at java.lang.Thread.run(Thread.java:748)&#10;&quot;PartialTableCache Cleanup Thread - 0&quot; daemon prio=5 tid=1329 in Object.wait()&#10;java.lang.Thread.State: WAITING (on object monitor)&#10;        at sun.misc.Unsafe.park(Native Method)&#10;        at java.util.concurrent.locks.LockSupport.park(LockSupport.java:175)&#10;        at java.util.concurrent.locks.AbstractQueuedSynchronizer$ConditionObject.await(AbstractQueuedSynchronizer.java:2039)&#10;        at java.util.concurrent.LinkedBlockingQueue.take(LinkedBlockingQueue.java:442)&#10;        at java.util.concurrent.ThreadPoolExecutor.getTask(ThreadPoolExecutor.java:1074)&#10;        at java.util.concurrent.ThreadPoolExecutor.runWorker(ThreadPoolExecutor.java:1134)&#10;        at java.util.concurrent.ThreadPoolExecutor$Worker.run(ThreadPoolExecutor.java:624)&#10;        at java.lang.Thread.run(Thread.java:748)&#10;&quot;pool-168-thread-3&quot;  prio=5 tid=2403 in Object.wait()&#10;java.lang.Thread.State: WAITING (on object monitor)&#10;        at sun.misc.Unsafe.park(Native Method)&#10;        at java.util.concurrent.locks.LockSupport.park(LockSupport.java:175)&#10;        at java.util.concurrent.locks.AbstractQueuedSynchronizer$ConditionObject.await(AbstractQueuedSynchronizer.java:2039)&#10;        at java.util.concurrent.ArrayBlockingQueue.take(ArrayBlockingQueue.java:403)&#10;        at java.util.concurrent.ThreadPoolExecutor.getTask(ThreadPoolExecutor.java:1074)&#10;        at java.util.concurrent.ThreadPoolExecutor.runWorker(ThreadPoolExecutor.java:1134)&#10;        at java.util.concurrent.ThreadPoolExecutor$Worker.run(ThreadPoolExecutor.java:624)&#10;        at java.lang.Thread.run(Thread.java:748)&#10;&quot;pool-218-thread-35&quot;  prio=5 tid=2745 in Object.wait()&#10;java.lang.Thread.State: WAITING (on object monitor)&#10;        at sun.misc.Unsafe.park(Native Method)&#10;        at java.util.concurrent.locks.LockSupport.park(LockSupport.java:175)&#10;        at java.util.concurrent.locks.AbstractQueuedSynchronizer$ConditionObject.await(AbstractQueuedSynchronizer.java:2039)&#10;        at java.util.concurrent.ArrayBlockingQueue.take(ArrayBlockingQueue.java:403)&#10;        at java.util.concurrent.ThreadPoolExecutor.getTask(ThreadPoolExecutor.java:1074)&#10;        at java.util.concurrent.ThreadPoolExecutor.runWorker(ThreadPoolExecutor.java:1134)&#10;        at java.util.concurrent.ThreadPoolExecutor$Worker.run(ThreadPoolExecutor.java:624)&#10;        at java.lang.Thread.run(Thread.java:748)&#10;&quot;pool-178-thread-9&quot;  prio=5 tid=2471 in Object.wait()&#10;java.lang.Thread.State: WAITING (on object monitor)&#10;        at sun.misc.Unsafe.park(Native Method)&#10;        at java.util.concurrent.locks.LockSupport.park(LockSupport.java:175)&#10;        at java.util.concurrent.locks.AbstractQueuedSynchronizer$ConditionObject.await(AbstractQueuedSynchronizer.java:2039)&#10;        at java.util.concurrent.ArrayBlockingQueue.take(ArrayBlockingQueue.java:403)&#10;        at java.util.concurrent.ThreadPoolExecutor.getTask(ThreadPoolExecutor.java:1074)&#10;        at java.util.concurrent.ThreadPoolExecutor.runWorker(ThreadPoolExecutor.java:1134)&#10;        at java.util.concurrent.ThreadPoolExecutor$Worker.run(ThreadPoolExecutor.java:624)&#10;        at java.lang.Thread.run(Thread.java:748)&#10;&quot;pool-158-thread-36&quot;  prio=5 tid=2374 in Object.wait()&#10;java.lang.Thread.State: WAITING (on object monitor)&#10;        at sun.misc.Unsafe.park(Native Method)&#10;        at java.util.concurrent.locks.LockSupport.park(LockSupport.java:175)&#10;        at java.util.concurrent.locks.AbstractQueuedSynchronizer$ConditionObject.await(AbstractQueuedSynchronizer.java:2039)&#10;        at java.util.concurrent.ArrayBlockingQueue.take(ArrayBlockingQueue.java:403)&#10;        at java.util.concurrent.ThreadPoolExecutor.getTask(ThreadPoolExecutor.java:1074)&#10;        at java.util.concurrent.ThreadPoolExecutor.runWorker(ThreadPoolExecutor.java:1134)&#10;        at java.util.concurrent.ThreadPoolExecutor$Worker.run(ThreadPoolExecutor.java:624)&#10;        at java.lang.Thread.run(Thread.java:748)&#10;&quot;pool-148-thread-21&quot;  prio=5 tid=2296 in Object.wait()&#10;java.lang.Thread.State: WAITING (on object monitor)&#10;        at sun.misc.Unsafe.park(Native Method)&#10;        at java.util.concurrent.locks.LockSupport.park(LockSupport.java:175)&#10;        at java.util.concurrent.locks.AbstractQueuedSynchronizer$ConditionObject.await(AbstractQueuedSynchronizer.java:2039)&#10;        at java.util.concurrent.ArrayBlockingQueue.take(ArrayBlockingQueue.java:403)&#10;        at java.util.concurrent.ThreadPoolExecutor.getTask(ThreadPoolExecutor.java:1074)&#10;        at java.util.concurrent.ThreadPoolExecutor.runWorker(ThreadPoolExecutor.java:1134)&#10;        at java.util.concurrent.ThreadPoolExecutor$Worker.run(ThreadPoolExecutor.java:624)&#10;        at java.lang.Thread.run(Thread.java:748)&#10;&quot;IPC Server handler 7 on 45410&quot; daemon prio=5 tid=1979 timed_waiting&#10;java.lang.Thread.State: TIMED_WAITING&#10;        at sun.misc.Unsafe.park(Native Method)&#10;        at java.util.concurrent.locks.LockSupport.parkNanos(LockSupport.java:215)&#10;        at java.util.concurrent.locks.AbstractQueuedSynchronizer$ConditionObject.awaitNanos(AbstractQueuedSynchronizer.java:2078)&#10;        at java.util.concurrent.LinkedBlockingQueue.poll(LinkedBlockingQueue.java:467)&#10;        at org.apache.hadoop.ipc.CallQueueManager.take(CallQueueManager.java:288)&#10;        at org.apache.hadoop.ipc.Server$Handler.run(Server.java:2668)&#10;&quot;pool-148-thread-33&quot;  prio=5 tid=2308 in Object.wait()&#10;java.lang.Thread.State: WAITING (on object monitor)&#10;        at sun.misc.Unsafe.park(Native Method)&#10;        at java.util.concurrent.locks.LockSupport.park(LockSupport.java:175)&#10;        at java.util.concurrent.locks.AbstractQueuedSynchronizer$ConditionObject.await(AbstractQueuedSynchronizer.java:2039)&#10;        at java.util.concurrent.ArrayBlockingQueue.take(ArrayBlockingQueue.java:403)&#10;        at java.util.concurrent.ThreadPoolExecutor.getTask(ThreadPoolExecutor.java:1074)&#10;        at java.util.concurrent.ThreadPoolExecutor.runWorker(ThreadPoolExecutor.java:1134)&#10;        at java.util.concurrent.ThreadPoolExecutor$Worker.run(ThreadPoolExecutor.java:624)&#10;        at java.lang.Thread.run(Thread.java:748)&#10;&quot;pool-229-thread-1&quot;  prio=5 tid=2973 in Object.wait()&#10;java.lang.Thread.State: WAITING (on object monitor)&#10;        at sun.misc.Unsafe.park(Native Method)&#10;        at java.util.concurrent.locks.LockSupport.park(LockSupport.java:175)&#10;        at java.util.concurrent.locks.AbstractQueuedSynchronizer$ConditionObject.await(AbstractQueuedSynchronizer.java:2039)&#10;        at java.util.concurrent.LinkedBlockingQueue.take(LinkedBlockingQueue.java:442)&#10;        at java.util.concurrent.ThreadPoolExecutor.getTask(ThreadPoolExecutor.java:1074)&#10;        at java.util.concurrent.ThreadPoolExecutor.runWorker(ThreadPoolExecutor.java:1134)&#10;        at java.util.concurrent.ThreadPoolExecutor$Worker.run(ThreadPoolExecutor.java:624)&#10;        at java.lang.Thread.run(Thread.java:748)&#10;&quot;pool-158-thread-23&quot;  prio=5 tid=2361 in Object.wait()&#10;java.lang.Thread.State: WAITING (on object monitor)&#10;        at sun.misc.Unsafe.park(Native Method)&#10;        at java.util.concurrent.locks.LockSupport.park(LockSupport.java:175)&#10;        at java.util.concurrent.locks.AbstractQueuedSynchronizer$ConditionObject.await(AbstractQueuedSynchronizer.java:2039)&#10;        at java.util.concurrent.ArrayBlockingQueue.take(ArrayBlockingQueue.java:403)&#10;        at java.util.concurrent.ThreadPoolExecutor.getTask(ThreadPoolExecutor.java:1074)&#10;        at java.util.concurrent.ThreadPoolExecutor.runWorker(ThreadPoolExecutor.java:1134)&#10;        at java.util.concurrent.ThreadPoolExecutor$Worker.run(ThreadPoolExecutor.java:624)&#10;        at java.lang.Thread.run(Thread.java:748)&#10;&quot;pool-158-thread-1&quot;  prio=5 tid=2339 in Object.wait()&#10;java.lang.Thread.State: WAITING (on object monitor)&#10;        at sun.misc.Unsafe.park(Native Method)&#10;        at java.util.concurrent.locks.LockSupport.park(LockSupport.java:175)&#10;        at java.util.concurrent.locks.AbstractQueuedSynchronizer$ConditionObject.await(AbstractQueuedSynchronizer.java:2039)&#10;        at java.util.concurrent.ArrayBlockingQueue.take(ArrayBlockingQueue.java:403)&#10;        at java.util.concurrent.ThreadPoolExecutor.getTask(ThreadPoolExecutor.java:1074)&#10;        at java.util.concurrent.ThreadPoolExecutor.runWorker(ThreadPoolExecutor.java:1134)&#10;        at java.util.concurrent.ThreadPoolExecutor$Worker.run(ThreadPoolExecutor.java:624)&#10;        at java.lang.Thread.run(Thread.java:748)&#10;&quot;pool-198-thread-24&quot;  prio=5 tid=2610 in Object.wait()&#10;java.lang.Thread.State: WAITING (on object monitor)&#10;        at sun.misc.Unsafe.park(Native Method)&#10;        at java.util.concurrent.locks.LockSupport.park(LockSupport.java:175)&#10;        at java.util.concurrent.locks.AbstractQueuedSynchronizer$ConditionObject.await(AbstractQueuedSynchronizer.java:2039)&#10;        at java.util.concurrent.ArrayBlockingQueue.take(ArrayBlockingQueue.java:403)&#10;        at java.util.concurrent.ThreadPoolExecutor.getTask(ThreadPoolExecutor.java:1074)&#10;        at java.util.concurrent.ThreadPoolExecutor.runWorker(ThreadPoolExecutor.java:1134)&#10;        at java.util.concurrent.ThreadPoolExecutor$Worker.run(ThreadPoolExecutor.java:624)&#10;        at java.lang.Thread.run(Thread.java:748)&#10;&quot;org.eclipse.jetty.server.session.HashSessionManager@4a2e7bcbTimer&quot; daemon prio=5 tid=1957 timed_waiting&#10;java.lang.Thread.State: TIMED_WAITING&#10;        at sun.misc.Unsafe.park(Native Method)&#10;        at java.util.concurrent.locks.LockSupport.parkNanos(LockSupport.java:215)&#10;        at java.util.concurrent.locks.AbstractQueuedSynchronizer$ConditionObject.awaitNanos(AbstractQueuedSynchronizer.java:2078)&#10;        at java.util.concurrent.ScheduledThreadPoolExecutor$DelayedWorkQueue.take(ScheduledThreadPoolExecutor.java:1093)&#10;        at java.util.concurrent.ScheduledThreadPoolExecutor$DelayedWorkQueue.take(ScheduledThreadPoolExecutor.java:809)&#10;        at java.util.concurrent.ThreadPoolExecutor.getTask(ThreadPoolExecutor.java:1074)&#10;        at java.util.concurrent.ThreadPoolExecutor.runWorker(ThreadPoolExecutor.java:1134)&#10;        at java.util.concurrent.ThreadPoolExecutor$Worker.run(ThreadPoolExecutor.java:624)&#10;        at java.lang.Thread.run(Thread.java:748)&#10;&quot;IPC Server handler 11 on 40581&quot; daemon prio=5 tid=1920 timed_waiting&#10;java.lang.Thread.State: TIMED_WAITING&#10;        at sun.misc.Unsafe.park(Native Method)&#10;        at java.util.concurrent.locks.LockSupport.parkNanos(LockSupport.java:215)&#10;        at java.util.concurrent.locks.AbstractQueuedSynchronizer$ConditionObject.awaitNanos(AbstractQueuedSynchronizer.java:2078)&#10;        at java.util.concurrent.LinkedBlockingQueue.poll(LinkedBlockingQueue.java:467)&#10;        at org.apache.hadoop.ipc.CallQueueManager.take(CallQueueManager.java:288)&#10;        at org.apache.hadoop.ipc.Server$Handler.run(Server.java:2668)&#10;&quot;IPC Server listener on 40581&quot; daemon prio=5 tid=1878 runnable&#10;java.lang.Thread.State: RUNNABLE&#10;        at sun.nio.ch.EPollArrayWrapper.epollWait(Native Method)&#10;        at sun.nio.ch.EPollArrayWrapper.poll(EPollArrayWrapper.java:269)&#10;        at sun.nio.ch.EPollSelectorImpl.doSelect(EPollSelectorImpl.java:93)&#10;        at sun.nio.ch.SelectorImpl.lockAndDoSelect(SelectorImpl.java:86)&#10;        at sun.nio.ch.SelectorImpl.select(SelectorImpl.java:97)&#10;        at sun.nio.ch.SelectorImpl.select(SelectorImpl.java:101)&#10;        at org.apache.hadoop.ipc.Server$Listener.run(Server.java:1159)&#10;&quot;pool-198-thread-18&quot;  prio=5 tid=2604 in Object.wait()&#10;java.lang.Thread.State: WAITING (on object monitor)&#10;        at sun.misc.Unsafe.park(Native Method)&#10;        at java.util.concurrent.locks.LockSupport.park(LockSupport.java:175)&#10;        at java.util.concurrent.locks.AbstractQueuedSynchronizer$ConditionObject.await(AbstractQueuedSynchronizer.java:2039)&#10;        at java.util.concurrent.ArrayBlockingQueue.take(ArrayBlockingQueue.java:403)&#10;        at java.util.concurrent.ThreadPoolExecutor.getTask(ThreadPoolExecutor.java:1074)&#10;        at java.util.concurrent.ThreadPoolExecutor.runWorker(ThreadPoolExecutor.java:1134)&#10;        at java.util.concurrent.ThreadPoolExecutor$Worker.run(ThreadPoolExecutor.java:624)&#10;        at java.lang.Thread.run(Thread.java:748)&#10;&quot;pool-178-thread-26&quot;  prio=5 tid=2488 in Object.wait()&#10;java.lang.Thread.State: WAITING (on object monitor)&#10;        at sun.misc.Unsafe.park(Native Method)&#10;        at java.util.concurrent.locks.LockSupport.park(LockSupport.java:175)&#10;        at java.util.concurrent.locks.AbstractQueuedSynchronizer$ConditionObject.await(AbstractQueuedSynchronizer.java:2039)&#10;        at java.util.concurrent.ArrayBlockingQueue.take(ArrayBlockingQueue.java:403)&#10;        at java.util.concurrent.ThreadPoolExecutor.getTask(ThreadPoolExecutor.java:1074)&#10;        at java.util.concurrent.ThreadPoolExecutor.runWorker(ThreadPoolExecutor.java:1134)&#10;        at java.util.concurrent.ThreadPoolExecutor$Worker.run(ThreadPoolExecutor.java:624)&#10;        at java.lang.Thread.run(Thread.java:748)&#10;&quot;grpc-default-executor-0&quot; daemon prio=5 tid=1053 timed_waiting&#10;java.lang.Thread.State: TIMED_WAITING&#10;        at sun.misc.Unsafe.park(Native Method)&#10;        at java.util.concurrent.locks.LockSupport.parkNanos(LockSupport.java:215)&#10;        at java.util.concurrent.SynchronousQueue$TransferStack.awaitFulfill(SynchronousQueue.java:460)&#10;        at java.util.concurrent.SynchronousQueue$TransferStack.transfer(SynchronousQueue.java:362)&#10;        at java.util.concurrent.SynchronousQueue.poll(SynchronousQueue.java:941)&#10;        at java.util.concurrent.ThreadPoolExecutor.getTask(ThreadPoolExecutor.java:1073)&#10;        at java.util.concurrent.ThreadPoolExecutor.runWorker(ThreadPoolExecutor.java:1134)&#10;        at java.util.concurrent.ThreadPoolExecutor$Worker.run(ThreadPoolExecutor.java:624)&#10;        at java.lang.Thread.run(Thread.java:748)&#10;&quot;pool-218-thread-3&quot;  prio=5 tid=2713 in Object.wait()&#10;java.lang.Thread.State: WAITING (on object monitor)&#10;        at sun.misc.Unsafe.park(Native Method)&#10;        at java.util.concurrent.locks.LockSupport.park(LockSupport.java:175)&#10;        at java.util.concurrent.locks.AbstractQueuedSynchronizer$ConditionObject.await(AbstractQueuedSynchronizer.java:2039)&#10;        at java.util.concurrent.ArrayBlockingQueue.take(ArrayBlockingQueue.java:403)&#10;        at java.util.concurrent.ThreadPoolExecutor.getTask(ThreadPoolExecutor.java:1074)&#10;        at java.util.concurrent.ThreadPoolExecutor.runWorker(ThreadPoolExecutor.java:1134)&#10;        at java.util.concurrent.ThreadPoolExecutor$Worker.run(ThreadPoolExecutor.java:624)&#10;        at java.lang.Thread.run(Thread.java:748)&#10;&quot;pool-178-thread-53&quot;  prio=5 tid=2515 in Object.wait()&#10;java.lang.Thread.State: WAITING (on object monitor)&#10;        at sun.misc.Unsafe.park(Native Method)&#10;        at java.util.concurrent.locks.LockSupport.park(LockSupport.java:175)&#10;        at java.util.concurrent.locks.AbstractQueuedSynchronizer$ConditionObject.await(AbstractQueuedSynchronizer.java:2039)&#10;        at java.util.concurrent.ArrayBlockingQueue.take(ArrayBlockingQueue.java:403)&#10;        at java.util.concurrent.ThreadPoolExecutor.getTask(ThreadPoolExecutor.java:1074)&#10;        at java.util.concurrent.ThreadPoolExecutor.runWorker(ThreadPoolExecutor.java:1134)&#10;        at java.util.concurrent.ThreadPoolExecutor$Worker.run(ThreadPoolExecutor.java:624)&#10;        at java.lang.Thread.run(Thread.java:748)&#10;&quot;IPC Server handler 12 on 45410&quot; daemon prio=5 tid=1984 timed_waiting&#10;java.lang.Thread.State: TIMED_WAITING&#10;        at sun.misc.Unsafe.park(Native Method)&#10;        at java.util.concurrent.locks.LockSupport.parkNanos(LockSupport.java:215)&#10;        at java.util.concurrent.locks.AbstractQueuedSynchronizer$ConditionObject.awaitNanos(AbstractQueuedSynchronizer.java:2078)&#10;        at java.util.concurrent.LinkedBlockingQueue.poll(LinkedBlockingQueue.java:467)&#10;        at org.apache.hadoop.ipc.CallQueueManager.take(CallQueueManager.java:288)&#10;        at org.apache.hadoop.ipc.Server$Handler.run(Server.java:2668)&#10;&quot;IPC Server handler 2 on 35120&quot; daemon prio=5 tid=1891 timed_waiting&#10;java.lang.Thread.State: TIMED_WAITING&#10;        at sun.misc.Unsafe.park(Native Method)&#10;        at java.util.concurrent.locks.LockSupport.parkNanos(LockSupport.java:215)&#10;        at java.util.concurrent.locks.AbstractQueuedSynchronizer$ConditionObject.awaitNanos(AbstractQueuedSynchronizer.java:2078)&#10;        at java.util.concurrent.LinkedBlockingQueue.poll(LinkedBlockingQueue.java:467)&#10;        at org.apache.hadoop.ipc.CallQueueManager.take(CallQueueManager.java:288)&#10;        at org.apache.hadoop.ipc.Server$Handler.run(Server.java:2668)&#10;&quot;Datanode ReportManager Thread - 3&quot; daemon prio=5 tid=282 timed_waiting&#10;java.lang.Thread.State: TIMED_WAITING&#10;        at sun.misc.Unsafe.park(Native Method)&#10;        at java.util.concurrent.locks.LockSupport.parkNanos(LockSupport.java:215)&#10;        at java.util.concurrent.locks.AbstractQueuedSynchronizer$ConditionObject.awaitNanos(AbstractQueuedSynchronizer.java:2078)&#10;        at java.util.concurrent.ScheduledThreadPoolExecutor$DelayedWorkQueue.take(ScheduledThreadPoolExecutor.java:1093)&#10;        at java.util.concurrent.ScheduledThreadPoolExecutor$DelayedWorkQueue.take(ScheduledThreadPoolExecutor.java:809)&#10;        at java.util.concurrent.ThreadPoolExecutor.getTask(ThreadPoolExecutor.java:1074)&#10;        at java.util.concurrent.ThreadPoolExecutor.runWorker(ThreadPoolExecutor.java:1134)&#10;        at java.util.concurrent.ThreadPoolExecutor$Worker.run(ThreadPoolExecutor.java:624)&#10;        at java.lang.Thread.run(Thread.java:748)&#10;&quot;pool-178-thread-35&quot;  prio=5 tid=2497 in Object.wait()&#10;java.lang.Thread.State: WAITING (on object monitor)&#10;        at sun.misc.Unsafe.park(Native Method)&#10;        at java.util.concurrent.locks.LockSupport.park(LockSupport.java:175)&#10;        at java.util.concurrent.locks.AbstractQueuedSynchronizer$ConditionObject.await(AbstractQueuedSynchronizer.java:2039)&#10;        at java.util.concurrent.ArrayBlockingQueue.take(ArrayBlockingQueue.java:403)&#10;        at java.util.concurrent.ThreadPoolExecutor.getTask(ThreadPoolExecutor.java:1074)&#10;        at java.util.concurrent.ThreadPoolExecutor.runWorker(ThreadPoolExecutor.java:1134)&#10;        at java.util.concurrent.ThreadPoolExecutor$Worker.run(ThreadPoolExecutor.java:624)&#10;        at java.lang.Thread.run(Thread.java:748)&#10;&quot;pool-158-thread-44&quot;  prio=5 tid=2382 in Object.wait()&#10;java.lang.Thread.State: WAITING (on object monitor)&#10;        at sun.misc.Unsafe.park(Native Method)&#10;        at java.util.concurrent.locks.LockSupport.park(LockSupport.java:175)&#10;        at java.util.concurrent.locks.AbstractQueuedSynchronizer$ConditionObject.await(AbstractQueuedSynchronizer.java:2039)&#10;        at java.util.concurrent.ArrayBlockingQueue.take(ArrayBlockingQueue.java:403)&#10;        at java.util.concurrent.ThreadPoolExecutor.getTask(ThreadPoolExecutor.java:1074)&#10;        at java.util.concurrent.ThreadPoolExecutor.runWorker(ThreadPoolExecutor.java:1134)&#10;        at java.util.concurrent.ThreadPoolExecutor$Worker.run(ThreadPoolExecutor.java:624)&#10;        at java.lang.Thread.run(Thread.java:748)&#10;&quot;pool-198-thread-1&quot;  prio=5 tid=2587 in Object.wait()&#10;java.lang.Thread.State: WAITING (on object monitor)&#10;        at sun.misc.Unsafe.park(Native Method)&#10;        at java.util.concurrent.locks.LockSupport.park(LockSupport.java:175)&#10;        at java.util.concurrent.locks.AbstractQueuedSynchronizer$ConditionObject.await(AbstractQueuedSynchronizer.java:2039)&#10;        at java.util.concurrent.ArrayBlockingQueue.take(ArrayBlockingQueue.java:403)&#10;        at java.util.concurrent.ThreadPoolExecutor.getTask(ThreadPoolExecutor.java:1074)&#10;        at java.util.concurrent.ThreadPoolExecutor.runWorker(ThreadPoolExecutor.java:1134)&#10;        at java.util.concurrent.ThreadPoolExecutor$Worker.run(ThreadPoolExecutor.java:624)&#10;        at java.lang.Thread.run(Thread.java:748)&#10;&quot;pool-208-thread-42&quot;  prio=5 tid=2690 in Object.wait()&#10;java.lang.Thread.State: WAITING (on object monitor)&#10;        at sun.misc.Unsafe.park(Native Method)&#10;        at java.util.concurrent.locks.LockSupport.park(LockSupport.java:175)&#10;        at java.util.concurrent.locks.AbstractQueuedSynchronizer$ConditionObject.await(AbstractQueuedSynchronizer.java:2039)&#10;        at java.util.concurrent.ArrayBlockingQueue.take(ArrayBlockingQueue.java:403)&#10;        at java.util.concurrent.ThreadPoolExecutor.getTask(ThreadPoolExecutor.java:1074)&#10;        at java.util.concurrent.ThreadPoolExecutor.runWorker(ThreadPoolExecutor.java:1134)&#10;        at java.util.concurrent.ThreadPoolExecutor$Worker.run(ThreadPoolExecutor.java:624)&#10;        at java.lang.Thread.run(Thread.java:748)&#10;&quot;pool-188-thread-16&quot;  prio=5 tid=2540 in Object.wait()&#10;java.lang.Thread.State: WAITING (on object monitor)&#10;        at sun.misc.Unsafe.park(Native Method)&#10;        at java.util.concurrent.locks.LockSupport.park(LockSupport.java:175)&#10;        at java.util.concurrent.locks.AbstractQueuedSynchronizer$ConditionObject.await(AbstractQueuedSynchronizer.java:2039)&#10;        at java.util.concurrent.ArrayBlockingQueue.take(ArrayBlockingQueue.java:403)&#10;        at java.util.concurrent.ThreadPoolExecutor.getTask(ThreadPoolExecutor.java:1074)&#10;        at java.util.concurrent.ThreadPoolExecutor.runWorker(ThreadPoolExecutor.java:1134)&#10;        at java.util.concurrent.ThreadPoolExecutor$Worker.run(ThreadPoolExecutor.java:624)&#10;        at java.lang.Thread.run(Thread.java:748)&#10;&quot;refreshUsed-/workdir/hadoop-ozone/integration-test/target/test-dir/MiniOzoneClusterImpl-8fc52630-20fd-4955-97d1-2a2852f9ee58/datanode-9/data/containers&quot; daemon prio=5 tid=2251 timed_waiting&#10;java.lang.Thread.State: TIMED_WAITING&#10;        at java.lang.Thread.sleep(Native Method)&#10;        at org.apache.hadoop.fs.CachingGetSpaceUsed$RefreshThread.run(CachingGetSpaceUsed.java:179)&#10;        at java.lang.Thread.run(Thread.java:748)&#10;&quot;pool-218-thread-48&quot;  prio=5 tid=2758 in Object.wait()&#10;java.lang.Thread.State: WAITING (on object monitor)&#10;        at sun.misc.Unsafe.park(Native Method)&#10;        at java.util.concurrent.locks.LockSupport.park(LockSupport.java:175)&#10;        at java.util.concurrent.locks.AbstractQueuedSynchronizer$ConditionObject.await(AbstractQueuedSynchronizer.java:2039)&#10;        at java.util.concurrent.ArrayBlockingQueue.take(ArrayBlockingQueue.java:403)&#10;        at java.util.concurrent.ThreadPoolExecutor.getTask(ThreadPoolExecutor.java:1074)&#10;        at java.util.concurrent.ThreadPoolExecutor.runWorker(ThreadPoolExecutor.java:1134)&#10;        at java.util.concurrent.ThreadPoolExecutor$Worker.run(ThreadPoolExecutor.java:624)&#10;        at java.lang.Thread.run(Thread.java:748)&#10;&quot;pool-158-thread-9&quot;  prio=5 tid=2347 in Object.wait()&#10;java.lang.Thread.State: WAITING (on object monitor)&#10;        at sun.misc.Unsafe.park(Native Method)&#10;        at java.util.concurrent.locks.LockSupport.park(LockSupport.java:175)&#10;        at java.util.concurrent.locks.AbstractQueuedSynchronizer$ConditionObject.await(AbstractQueuedSynchronizer.java:2039)&#10;        at java.util.concurrent.ArrayBlockingQueue.take(ArrayBlockingQueue.java:403)&#10;        at java.util.concurrent.ThreadPoolExecutor.getTask(ThreadPoolExecutor.java:1074)&#10;        at java.util.concurrent.ThreadPoolExecutor.runWorker(ThreadPoolExecutor.java:1134)&#10;        at java.util.concurrent.ThreadPoolExecutor$Worker.run(ThreadPoolExecutor.java:624)&#10;        at java.lang.Thread.run(Thread.java:748)&#10;&quot;grpc-default-worker-ELG-3-4&quot; daemon prio=5 tid=1056 runnable&#10;java.lang.Thread.State: RUNNABLE&#10;        at sun.nio.ch.EPollArrayWrapper.epollWait(Native Method)&#10;        at sun.nio.ch.EPollArrayWrapper.poll(EPollArrayWrapper.java:269)&#10;        at sun.nio.ch.EPollSelectorImpl.doSelect(EPollSelectorImpl.java:93)&#10;        at sun.nio.ch.SelectorImpl.lockAndDoSelect(SelectorImpl.java:86)&#10;        at sun.nio.ch.SelectorImpl.select(SelectorImpl.java:97)&#10;        at org.apache.ratis.thirdparty.io.netty.channel.nio.SelectedSelectionKeySetSelector.select(SelectedSelectionKeySetSelector.java:62)&#10;        at org.apache.ratis.thirdparty.io.netty.channel.nio.NioEventLoop.select(NioEventLoop.java:753)&#10;        at org.apache.ratis.thirdparty.io.netty.channel.nio.NioEventLoop.run(NioEventLoop.java:408)&#10;        at org.apache.ratis.thirdparty.io.netty.util.concurrent.SingleThreadEventExecutor$5.run(SingleThreadEventExecutor.java:897)&#10;        at org.apache.ratis.thirdparty.io.netty.util.concurrent.FastThreadLocalRunnable.run(FastThreadLocalRunnable.java:30)&#10;        at java.lang.Thread.run(Thread.java:748)&#10;&quot;pool-158-thread-2&quot;  prio=5 tid=2340 in Object.wait()&#10;java.lang.Thread.State: WAITING (on object monitor)&#10;        at sun.misc.Unsafe.park(Native Method)&#10;        at java.util.concurrent.locks.LockSupport.park(LockSupport.java:175)&#10;        at java.util.concurrent.locks.AbstractQueuedSynchronizer$ConditionObject.await(AbstractQueuedSynchronizer.java:2039)&#10;        at java.util.concurrent.ArrayBlockingQueue.take(ArrayBlockingQueue.java:403)&#10;        at java.util.concurrent.ThreadPoolExecutor.getTask(ThreadPoolExecutor.java:1074)&#10;        at java.util.concurrent.ThreadPoolExecutor.runWorker(ThreadPoolExecutor.java:1134)&#10;        at java.util.concurrent.ThreadPoolExecutor$Worker.run(ThreadPoolExecutor.java:624)&#10;        at java.lang.Thread.run(Thread.java:748)&#10;&quot;pool-148-thread-1&quot;  prio=5 tid=2276 in Object.wait()&#10;java.lang.Thread.State: WAITING (on object monitor)&#10;        at sun.misc.Unsafe.park(Native Method)&#10;        at java.util.concurrent.locks.LockSupport.park(LockSupport.java:175)&#10;        at java.util.concurrent.locks.AbstractQueuedSynchronizer$ConditionObject.await(AbstractQueuedSynchronizer.java:2039)&#10;        at java.util.concurrent.ArrayBlockingQueue.take(ArrayBlockingQueue.java:403)&#10;        at java.util.concurrent.ThreadPoolExecutor.getTask(ThreadPoolExecutor.java:1074)&#10;        at java.util.concurrent.ThreadPoolExecutor.runWorker(ThreadPoolExecutor.java:1134)&#10;        at java.util.concurrent.ThreadPoolExecutor$Worker.run(ThreadPoolExecutor.java:624)&#10;        at java.lang.Thread.run(Thread.java:748)&#10;&quot;pool-178-thread-13&quot;  prio=5 tid=2475 in Object.wait()&#10;java.lang.Thread.State: WAITING (on object monitor)&#10;        at sun.misc.Unsafe.park(Native Method)&#10;        at java.util.concurrent.locks.LockSupport.park(LockSupport.java:175)&#10;        at java.util.concurrent.locks.AbstractQueuedSynchronizer$ConditionObject.await(AbstractQueuedSynchronizer.java:2039)&#10;        at java.util.concurrent.ArrayBlockingQueue.take(ArrayBlockingQueue.java:403)&#10;        at java.util.concurrent.ThreadPoolExecutor.getTask(ThreadPoolExecutor.java:1074)&#10;        at java.util.concurrent.ThreadPoolExecutor.runWorker(ThreadPoolExecutor.java:1134)&#10;        at java.util.concurrent.ThreadPoolExecutor$Worker.run(ThreadPoolExecutor.java:624)&#10;        at java.lang.Thread.run(Thread.java:748)&#10;&quot;Thread-1557&quot; daemon prio=5 tid=3216 timed_waiting&#10;java.lang.Thread.State: TIMED_WAITING&#10;        at sun.misc.Unsafe.park(Native Method)&#10;        at java.util.concurrent.locks.LockSupport.parkNanos(LockSupport.java:215)&#10;        at java.util.concurrent.locks.AbstractQueuedSynchronizer$ConditionObject.awaitNanos(AbstractQueuedSynchronizer.java:2078)&#10;        at java.util.concurrent.ArrayBlockingQueue.poll(ArrayBlockingQueue.java:418)&#10;        at org.apache.ratis.server.impl.LeaderState$EventQueue.poll(LeaderState.java:115)&#10;        at org.apache.ratis.server.impl.LeaderState$EventProcessor.run(LeaderState.java:467)&#10;&quot;IPC Server handler 14 on 40581&quot; daemon prio=5 tid=1923 timed_waiting&#10;java.lang.Thread.State: TIMED_WAITING&#10;        at sun.misc.Unsafe.park(Native Method)&#10;        at java.util.concurrent.locks.LockSupport.parkNanos(LockSupport.java:215)&#10;        at java.util.concurrent.locks.AbstractQueuedSynchronizer$ConditionObject.awaitNanos(AbstractQueuedSynchronizer.java:2078)&#10;        at java.util.concurrent.LinkedBlockingQueue.poll(LinkedBlockingQueue.java:467)&#10;        at org.apache.hadoop.ipc.CallQueueManager.take(CallQueueManager.java:288)&#10;        at org.apache.hadoop.ipc.Server$Handler.run(Server.java:2668)&#10;&quot;IPC Server idle connection scanner for port 39845&quot; daemon prio=5 tid=1876 timed_waiting&#10;java.lang.Thread.State: TIMED_WAITING&#10;        at java.lang.Object.wait(Native Method)&#10;        at java.util.TimerThread.mainLoop(Timer.java:552)&#10;        at java.util.TimerThread.run(Timer.java:505)&#10;&quot;pool-188-thread-4&quot;  prio=5 tid=2528 in Object.wait()&#10;java.lang.Thread.State: WAITING (on object monitor)&#10;        at sun.misc.Unsafe.park(Native Method)&#10;        at java.util.concurrent.locks.LockSupport.park(LockSupport.java:175)&#10;        at java.util.concurrent.locks.AbstractQueuedSynchronizer$ConditionObject.await(AbstractQueuedSynchronizer.java:2039)&#10;        at java.util.concurrent.ArrayBlockingQueue.take(ArrayBlockingQueue.java:403)&#10;        at java.util.concurrent.ThreadPoolExecutor.getTask(ThreadPoolExecutor.java:1074)&#10;        at java.util.concurrent.ThreadPoolExecutor.runWorker(ThreadPoolExecutor.java:1134)&#10;        at java.util.concurrent.ThreadPoolExecutor$Worker.run(ThreadPoolExecutor.java:624)&#10;        at java.lang.Thread.run(Thread.java:748)&#10;&quot;pool-228-thread-11&quot;  prio=5 tid=2783 in Object.wait()&#10;java.lang.Thread.State: WAITING (on object monitor)&#10;        at sun.misc.Unsafe.park(Native Method)&#10;        at java.util.concurrent.locks.LockSupport.park(LockSupport.java:175)&#10;        at java.util.concurrent.locks.AbstractQueuedSynchronizer$ConditionObject.await(AbstractQueuedSynchronizer.java:2039)&#10;        at java.util.concurrent.ArrayBlockingQueue.take(ArrayBlockingQueue.java:403)&#10;        at java.util.concurrent.ThreadPoolExecutor.getTask(ThreadPoolExecutor.java:1074)&#10;        at java.util.concurrent.ThreadPoolExecutor.runWorker(ThreadPoolExecutor.java:1134)&#10;        at java.util.concurrent.ThreadPoolExecutor$Worker.run(ThreadPoolExecutor.java:624)&#10;        at java.lang.Thread.run(Thread.java:748)&#10;&quot;Datanode ReportManager Thread - 2&quot; daemon prio=5 tid=389 in Object.wait()&#10;java.lang.Thread.State: WAITING (on object monitor)&#10;        at sun.misc.Unsafe.park(Native Method)&#10;        at java.util.concurrent.locks.LockSupport.park(LockSupport.java:175)&#10;        at java.util.concurrent.locks.AbstractQueuedSynchronizer$ConditionObject.await(AbstractQueuedSynchronizer.java:2039)&#10;        at java.util.concurrent.ScheduledThreadPoolExecutor$DelayedWorkQueue.take(ScheduledThreadPoolExecutor.java:1088)&#10;        at java.util.concurrent.ScheduledThreadPoolExecutor$DelayedWorkQueue.take(ScheduledThreadPoolExecutor.java:809)&#10;        at java.util.concurrent.ThreadPoolExecutor.getTask(ThreadPoolExecutor.java:1074)&#10;        at java.util.concurrent.ThreadPoolExecutor.runWorker(ThreadPoolExecutor.java:1134)&#10;        at java.util.concurrent.ThreadPoolExecutor$Worker.run(ThreadPoolExecutor.java:624)&#10;        at java.lang.Thread.run(Thread.java:748)&#10;&quot;pool-168-thread-24&quot;  prio=5 tid=2424 in Object.wait()&#10;java.lang.Thread.State: WAITING (on object monitor)&#10;        at sun.misc.Unsafe.park(Native Method)&#10;        at java.util.concurrent.locks.LockSupport.park(LockSupport.java:175)&#10;        at java.util.concurrent.locks.AbstractQueuedSynchronizer$ConditionObject.await(AbstractQueuedSynchronizer.java:2039)&#10;        at java.util.concurrent.ArrayBlockingQueue.take(ArrayBlockingQueue.java:403)&#10;        at java.util.concurrent.ThreadPoolExecutor.getTask(ThreadPoolExecutor.java:1074)&#10;        at java.util.concurrent.ThreadPoolExecutor.runWorker(ThreadPoolExecutor.java:1134)&#10;        at java.util.concurrent.ThreadPoolExecutor$Worker.run(ThreadPoolExecutor.java:624)&#10;        at java.lang.Thread.run(Thread.java:748)&#10;&quot;pool-158-thread-25&quot;  prio=5 tid=2363 in Object.wait()&#10;java.lang.Thread.State: WAITING (on object monitor)&#10;        at sun.misc.Unsafe.park(Native Method)&#10;        at java.util.concurrent.locks.LockSupport.park(LockSupport.java:175)&#10;        at java.util.concurrent.locks.AbstractQueuedSynchronizer$ConditionObject.await(AbstractQueuedSynchronizer.java:2039)&#10;        at java.util.concurrent.ArrayBlockingQueue.take(ArrayBlockingQueue.java:403)&#10;        at java.util.concurrent.ThreadPoolExecutor.getTask(ThreadPoolExecutor.java:1074)&#10;        at java.util.concurrent.ThreadPoolExecutor.runWorker(ThreadPoolExecutor.java:1134)&#10;        at java.util.concurrent.ThreadPoolExecutor$Worker.run(ThreadPoolExecutor.java:624)&#10;        at java.lang.Thread.run(Thread.java:748)&#10;&quot;DataNode DiskChecker thread 0&quot; daemon prio=5 tid=2252 timed_waiting&#10;java.lang.Thread.State: TIMED_WAITING&#10;        at sun.misc.Unsafe.park(Native Method)&#10;        at java.util.concurrent.locks.LockSupport.parkNanos(LockSupport.java:215)&#10;        at java.util.concurrent.SynchronousQueue$TransferStack.awaitFulfill(SynchronousQueue.java:460)&#10;        at java.util.concurrent.SynchronousQueue$TransferStack.transfer(SynchronousQueue.java:362)&#10;        at java.util.concurrent.SynchronousQueue.poll(SynchronousQueue.java:941)&#10;        at java.util.concurrent.ThreadPoolExecutor.getTask(ThreadPoolExecutor.java:1073)&#10;        at java.util.concurrent.ThreadPoolExecutor.runWorker(ThreadPoolExecutor.java:1134)&#10;        at java.util.concurrent.ThreadPoolExecutor$Worker.run(ThreadPoolExecutor.java:624)&#10;        at java.lang.Thread.run(Thread.java:748)&#10;&quot;pool-188-thread-24&quot;  prio=5 tid=2548 in Object.wait()&#10;java.lang.Thread.State: WAITING (on object monitor)&#10;        at sun.misc.Unsafe.park(Native Method)&#10;        at java.util.concurrent.locks.LockSupport.park(LockSupport.java:175)&#10;        at java.util.concurrent.locks.AbstractQueuedSynchronizer$ConditionObject.await(AbstractQueuedSynchronizer.java:2039)&#10;        at java.util.concurrent.ArrayBlockingQueue.take(ArrayBlockingQueue.java:403)&#10;        at java.util.concurrent.ThreadPoolExecutor.getTask(ThreadPoolExecutor.java:1074)&#10;        at java.util.concurrent.ThreadPoolExecutor.runWorker(ThreadPoolExecutor.java:1134)&#10;        at java.util.concurrent.ThreadPoolExecutor$Worker.run(ThreadPoolExecutor.java:624)&#10;        at java.lang.Thread.run(Thread.java:748)&#10;&quot;pool-148-thread-29&quot;  prio=5 tid=2304 in Object.wait()&#10;java.lang.Thread.State: WAITING (on object monitor)&#10;        at sun.misc.Unsafe.park(Native Method)&#10;        at java.util.concurrent.locks.LockSupport.park(LockSupport.java:175)&#10;        at java.util.concurrent.locks.AbstractQueuedSynchronizer$ConditionObject.await(AbstractQueuedSynchronizer.java:2039)&#10;        at java.util.concurrent.ArrayBlockingQueue.take(ArrayBlockingQueue.java:403)&#10;        at java.util.concurrent.ThreadPoolExecutor.getTask(ThreadPoolExecutor.java:1074)&#10;        at java.util.concurrent.ThreadPoolExecutor.runWorker(ThreadPoolExecutor.java:1134)&#10;        at java.util.concurrent.ThreadPoolExecutor$Worker.run(ThreadPoolExecutor.java:624)&#10;        at java.lang.Thread.run(Thread.java:748)&#10;&quot;Command processor thread&quot; daemon prio=5 tid=2245 timed_waiting&#10;java.lang.Thread.State: TIMED_WAITING&#10;        at java.lang.Thread.sleep(Native Method)&#10;        at org.apache.hadoop.ozone.container.common.statemachine.DatanodeStateMachine.lambda$initCommandHandlerThread$1(DatanodeStateMachine.java:444)&#10;        at org.apache.hadoop.ozone.container.common.statemachine.DatanodeStateMachine$$Lambda$142/1059342576.run(Unknown Source)&#10;        at java.lang.Thread.run(Thread.java:748)&#10;&quot;pool-188-thread-58&quot;  prio=5 tid=2582 in Object.wait()&#10;java.lang.Thread.State: WAITING (on object monitor)&#10;        at sun.misc.Unsafe.park(Native Method)&#10;        at java.util.concurrent.locks.LockSupport.park(LockSupport.java:175)&#10;        at java.util.concurrent.locks.AbstractQueuedSynchronizer$ConditionObject.await(AbstractQueuedSynchronizer.java:2039)&#10;        at java.util.concurrent.ArrayBlockingQueue.take(ArrayBlockingQueue.java:403)&#10;        at java.util.concurrent.ThreadPoolExecutor.getTask(ThreadPoolExecutor.java:1074)&#10;        at java.util.concurrent.ThreadPoolExecutor.runWorker(ThreadPoolExecutor.java:1134)&#10;        at java.util.concurrent.ThreadPoolExecutor$Worker.run(ThreadPoolExecutor.java:624)&#10;        at java.lang.Thread.run(Thread.java:748)&#10;&quot;pool-148-thread-3&quot;  prio=5 tid=2278 in Object.wait()&#10;java.lang.Thread.State: WAITING (on object monitor)&#10;        at sun.misc.Unsafe.park(Native Method)&#10;        at java.util.concurrent.locks.LockSupport.park(LockSupport.java:175)&#10;        at java.util.concurrent.locks.AbstractQueuedSynchronizer$ConditionObject.await(AbstractQueuedSynchronizer.java:2039)&#10;        at java.util.concurrent.ArrayBlockingQueue.take(ArrayBlockingQueue.java:403)&#10;        at java.util.concurrent.ThreadPoolExecutor.getTask(ThreadPoolExecutor.java:1074)&#10;        at java.util.concurrent.ThreadPoolExecutor.runWorker(ThreadPoolExecutor.java:1134)&#10;        at java.util.concurrent.ThreadPoolExecutor$Worker.run(ThreadPoolExecutor.java:624)&#10;        at java.lang.Thread.run(Thread.java:748)&#10;&quot;Datanode ReportManager Thread - 0&quot; daemon prio=5 tid=2214 in Object.wait()&#10;java.lang.Thread.State: WAITING (on object monitor)&#10;        at sun.misc.Unsafe.park(Native Method)&#10;        at java.util.concurrent.locks.LockSupport.park(LockSupport.java:175)&#10;        at java.util.concurrent.locks.AbstractQueuedSynchronizer$ConditionObject.await(AbstractQueuedSynchronizer.java:2039)&#10;        at java.util.concurrent.ScheduledThreadPoolExecutor$DelayedWorkQueue.take(ScheduledThreadPoolExecutor.java:1088)&#10;        at java.util.concurrent.ScheduledThreadPoolExecutor$DelayedWorkQueue.take(ScheduledThreadPoolExecutor.java:809)&#10;        at java.util.concurrent.ThreadPoolExecutor.getTask(ThreadPoolExecutor.java:1074)&#10;        at java.util.concurrent.ThreadPoolExecutor.runWorker(ThreadPoolExecutor.java:1134)&#10;        at java.util.concurrent.ThreadPoolExecutor$Worker.run(ThreadPoolExecutor.java:624)&#10;        at java.lang.Thread.run(Thread.java:748)&#10;&quot;IPC Server handler 11 on 45410&quot; daemon prio=5 tid=1983 timed_waiting&#10;java.lang.Thread.State: TIMED_WAITING&#10;        at sun.misc.Unsafe.park(Native Method)&#10;        at java.util.concurrent.locks.LockSupport.parkNanos(LockSupport.java:215)&#10;        at java.util.concurrent.locks.AbstractQueuedSynchronizer$ConditionObject.awaitNanos(AbstractQueuedSynchronizer.java:2078)&#10;        at java.util.concurrent.LinkedBlockingQueue.poll(LinkedBlockingQueue.java:467)&#10;        at org.apache.hadoop.ipc.CallQueueManager.take(CallQueueManager.java:288)&#10;        at org.apache.hadoop.ipc.Server$Handler.run(Server.java:2668)&#10;&quot;qtp2120404899-2148&quot; daemon prio=5 tid=2148 runnable&#10;java.lang.Thread.State: RUNNABLE&#10;        at sun.nio.ch.EPollArrayWrapper.epollWait(Native Method)&#10;        at sun.nio.ch.EPollArrayWrapper.poll(EPollArrayWrapper.java:269)&#10;        at sun.nio.ch.EPollSelectorImpl.doSelect(EPollSelectorImpl.java:93)&#10;        at sun.nio.ch.SelectorImpl.lockAndDoSelect(SelectorImpl.java:86)&#10;        at sun.nio.ch.SelectorImpl.select(SelectorImpl.java:97)&#10;        at sun.nio.ch.SelectorImpl.select(SelectorImpl.java:101)&#10;        at org.eclipse.jetty.io.ManagedSelector$SelectorProducer.select(ManagedSelector.java:243)&#10;        at org.eclipse.jetty.io.ManagedSelector$SelectorProducer.produce(ManagedSelector.java:191)&#10;        at org.eclipse.jetty.util.thread.strategy.ExecuteProduceConsume.executeProduceConsume(ExecuteProduceConsume.java:249)&#10;        at org.eclipse.jetty.util.thread.strategy.ExecuteProduceConsume.produceConsume(ExecuteProduceConsume.java:148)&#10;        at org.eclipse.jetty.util.thread.strategy.ExecuteProduceConsume.execute(ExecuteProduceConsume.java:100)&#10;        at org.eclipse.jetty.io.ManagedSelector.run(ManagedSelector.java:147)&#10;        at org.eclipse.jetty.util.thread.QueuedThreadPool.runJob(QueuedThreadPool.java:671)&#10;        at org.eclipse.jetty.util.thread.QueuedThreadPool$2.run(QueuedThreadPool.java:589)&#10;        at java.lang.Thread.run(Thread.java:748)&#10;&quot;IPC Server idle connection scanner for port 40581&quot; daemon prio=5 tid=1880 timed_waiting&#10;java.lang.Thread.State: TIMED_WAITING&#10;        at java.lang.Object.wait(Native Method)&#10;        at java.util.TimerThread.mainLoop(Timer.java:552)&#10;        at java.util.TimerThread.run(Timer.java:505)&#10;&quot;c182b01b-afca-4fcd-8295-9462a850df3a@group-3CC6E6EE53B4-StateMachineUpdater&quot; daemon prio=5 tid=2938 in Object.wait()&#10;java.lang.Thread.State: WAITING (on object monitor)&#10;        at java.lang.Object.wait(Native Method)&#10;        at java.lang.Object.wait(Object.java:502)&#10;        at org.apache.ratis.server.impl.StateMachineUpdater.waitForCommit(StateMachineUpdater.java:194)&#10;        at org.apache.ratis.server.impl.StateMachineUpdater.run(StateMachineUpdater.java:159)&#10;        at java.lang.Thread.run(Thread.java:748)&#10;&quot;pool-158-thread-41&quot;  prio=5 tid=2379 in Object.wait()&#10;java.lang.Thread.State: WAITING (on object monitor)&#10;        at sun.misc.Unsafe.park(Native Method)&#10;        at java.util.concurrent.locks.LockSupport.park(LockSupport.java:175)&#10;        at java.util.concurrent.locks.AbstractQueuedSynchronizer$ConditionObject.await(AbstractQueuedSynchronizer.java:2039)&#10;        at java.util.concurrent.ArrayBlockingQueue.take(ArrayBlockingQueue.java:403)&#10;        at java.util.concurrent.ThreadPoolExecutor.getTask(ThreadPoolExecutor.java:1074)&#10;        at java.util.concurrent.ThreadPoolExecutor.runWorker(ThreadPoolExecutor.java:1134)&#10;        at java.util.concurrent.ThreadPoolExecutor$Worker.run(ThreadPoolExecutor.java:624)&#10;        at java.lang.Thread.run(Thread.java:748)&#10;&quot;pool-238-thread-7&quot;  prio=5 tid=2841 in Object.wait()&#10;java.lang.Thread.State: WAITING (on object monitor)&#10;        at sun.misc.Unsafe.park(Native Method)&#10;        at java.util.concurrent.locks.LockSupport.park(LockSupport.java:175)&#10;        at java.util.concurrent.locks.AbstractQueuedSynchronizer$ConditionObject.await(AbstractQueuedSynchronizer.java:2039)&#10;        at java.util.concurrent.ArrayBlockingQueue.take(ArrayBlockingQueue.java:403)&#10;        at java.util.concurrent.ThreadPoolExecutor.getTask(ThreadPoolExecutor.java:1074)&#10;        at java.util.concurrent.ThreadPoolExecutor.runWorker(ThreadPoolExecutor.java:1134)&#10;        at java.util.concurrent.ThreadPoolExecutor$Worker.run(ThreadPoolExecutor.java:624)&#10;        at java.lang.Thread.run(Thread.java:748)&#10;&quot;pool-148-thread-17&quot;  prio=5 tid=2292 in Object.wait()&#10;java.lang.Thread.State: WAITING (on object monitor)&#10;        at sun.misc.Unsafe.park(Native Method)&#10;        at java.util.concurrent.locks.LockSupport.park(LockSupport.java:175)&#10;        at java.util.concurrent.locks.AbstractQueuedSynchronizer$ConditionObject.await(AbstractQueuedSynchronizer.java:2039)&#10;        at java.util.concurrent.ArrayBlockingQueue.take(ArrayBlockingQueue.java:403)&#10;        at java.util.concurrent.ThreadPoolExecutor.getTask(ThreadPoolExecutor.java:1074)&#10;        at java.util.concurrent.ThreadPoolExecutor.runWorker(ThreadPoolExecutor.java:1134)&#10;        at java.util.concurrent.ThreadPoolExecutor$Worker.run(ThreadPoolExecutor.java:624)&#10;        at java.lang.Thread.run(Thread.java:748)&#10;&quot;Datanode ReportManager Thread - 2&quot; daemon prio=5 tid=2108 in Object.wait()&#10;java.lang.Thread.State: WAITING (on object monitor)&#10;        at sun.misc.Unsafe.park(Native Method)&#10;        at java.util.concurrent.locks.LockSupport.park(LockSupport.java:175)&#10;        at java.util.concurrent.locks.AbstractQueuedSynchronizer$ConditionObject.await(AbstractQueuedSynchronizer.java:2039)&#10;        at java.util.concurrent.ScheduledThreadPoolExecutor$DelayedWorkQueue.take(ScheduledThreadPoolExecutor.java:1088)&#10;        at java.util.concurrent.ScheduledThreadPoolExecutor$DelayedWorkQueue.take(ScheduledThreadPoolExecutor.java:809)&#10;        at java.util.concurrent.ThreadPoolExecutor.getTask(ThreadPoolExecutor.java:1074)&#10;        at java.util.concurrent.ThreadPoolExecutor.runWorker(ThreadPoolExecutor.java:1134)&#10;        at java.util.concurrent.ThreadPoolExecutor$Worker.run(ThreadPoolExecutor.java:624)&#10;        at java.lang.Thread.run(Thread.java:748)&#10;&quot;pool-228-thread-28&quot;  prio=5 tid=2800 in Object.wait()&#10;java.lang.Thread.State: WAITING (on object monitor)&#10;        at sun.misc.Unsafe.park(Native Method)&#10;        at java.util.concurrent.locks.LockSupport.park(LockSupport.java:175)&#10;        at java.util.concurrent.locks.AbstractQueuedSynchronizer$ConditionObject.await(AbstractQueuedSynchronizer.java:2039)&#10;        at java.util.concurrent.ArrayBlockingQueue.take(ArrayBlockingQueue.java:403)&#10;        at java.util.concurrent.ThreadPoolExecutor.getTask(ThreadPoolExecutor.java:1074)&#10;        at java.util.concurrent.ThreadPoolExecutor.runWorker(ThreadPoolExecutor.java:1134)&#10;        at java.util.concurrent.ThreadPoolExecutor$Worker.run(ThreadPoolExecutor.java:624)&#10;        at java.lang.Thread.run(Thread.java:748)&#10;&quot;Thread-1412&quot; daemon prio=5 tid=3040 timed_waiting&#10;java.lang.Thread.State: TIMED_WAITING&#10;        at sun.misc.Unsafe.park(Native Method)&#10;        at java.util.concurrent.locks.LockSupport.parkNanos(LockSupport.java:215)&#10;        at java.util.concurrent.locks.AbstractQueuedSynchronizer$ConditionObject.awaitNanos(AbstractQueuedSynchronizer.java:2078)&#10;        at java.util.concurrent.ArrayBlockingQueue.poll(ArrayBlockingQueue.java:418)&#10;        at org.apache.ratis.server.impl.LeaderState$EventQueue.poll(LeaderState.java:115)&#10;        at org.apache.ratis.server.impl.LeaderState$EventProcessor.run(LeaderState.java:467)&#10;&quot;Datanode ReportManager Thread - 1&quot; daemon prio=5 tid=2161 in Object.wait()&#10;java.lang.Thread.State: WAITING (on object monitor)&#10;        at sun.misc.Unsafe.park(Native Method)&#10;        at java.util.concurrent.locks.LockSupport.park(LockSupport.java:175)&#10;        at java.util.concurrent.locks.AbstractQueuedSynchronizer$ConditionObject.await(AbstractQueuedSynchronizer.java:2039)&#10;        at java.util.concurrent.ScheduledThreadPoolExecutor$DelayedWorkQueue.take(ScheduledThreadPoolExecutor.java:1088)&#10;        at java.util.concurrent.ScheduledThreadPoolExecutor$DelayedWorkQueue.take(ScheduledThreadPoolExecutor.java:809)&#10;        at java.util.concurrent.ThreadPoolExecutor.getTask(ThreadPoolExecutor.java:1074)&#10;        at java.util.concurrent.ThreadPoolExecutor.runWorker(ThreadPoolExecutor.java:1134)&#10;        at java.util.concurrent.ThreadPoolExecutor$Worker.run(ThreadPoolExecutor.java:624)&#10;        at java.lang.Thread.run(Thread.java:748)&#10;&quot;Datanode ReportManager Thread - 3&quot; daemon prio=5 tid=2055 in Object.wait()&#10;java.lang.Thread.State: WAITING (on object monitor)&#10;        at sun.misc.Unsafe.park(Native Method)&#10;        at java.util.concurrent.locks.LockSupport.park(LockSupport.java:175)&#10;        at java.util.concurrent.locks.AbstractQueuedSynchronizer$ConditionObject.await(AbstractQueuedSynchronizer.java:2039)&#10;        at java.util.concurrent.ScheduledThreadPoolExecutor$DelayedWorkQueue.take(ScheduledThreadPoolExecutor.java:1088)&#10;        at java.util.concurrent.ScheduledThreadPoolExecutor$DelayedWorkQueue.take(ScheduledThreadPoolExecutor.java:809)&#10;        at java.util.concurrent.ThreadPoolExecutor.getTask(ThreadPoolExecutor.java:1074)&#10;        at java.util.concurrent.ThreadPoolExecutor.runWorker(ThreadPoolExecutor.java:1134)&#10;        at java.util.concurrent.ThreadPoolExecutor$Worker.run(ThreadPoolExecutor.java:624)&#10;        at java.lang.Thread.run(Thread.java:748)&#10;&quot;Thread-1552&quot; daemon prio=5 tid=3211 timed_waiting&#10;java.lang.Thread.State: TIMED_WAITING&#10;        at java.lang.Thread.sleep(Native Method)&#10;        at org.apache.ratis.util.JavaUtils.sleep(JavaUtils.java:243)&#10;        at org.apache.ratis.server.impl.FollowerState.run(FollowerState.java:100)&#10;&quot;BlockDeletingService#1&quot; daemon prio=5 tid=2896 in Object.wait()&#10;java.lang.Thread.State: WAITING (on object monitor)&#10;        at sun.misc.Unsafe.park(Native Method)&#10;        at java.util.concurrent.locks.LockSupport.park(LockSupport.java:175)&#10;        at java.util.concurrent.locks.AbstractQueuedSynchronizer$ConditionObject.await(AbstractQueuedSynchronizer.java:2039)&#10;        at java.util.concurrent.ScheduledThreadPoolExecutor$DelayedWorkQueue.take(ScheduledThreadPoolExecutor.java:1088)&#10;        at java.util.concurrent.ScheduledThreadPoolExecutor$DelayedWorkQueue.take(ScheduledThreadPoolExecutor.java:809)&#10;        at java.util.concurrent.ThreadPoolExecutor.getTask(ThreadPoolExecutor.java:1074)&#10;        at java.util.concurrent.ThreadPoolExecutor.runWorker(ThreadPoolExecutor.java:1134)&#10;        at java.util.concurrent.ThreadPoolExecutor$Worker.run(ThreadPoolExecutor.java:624)&#10;        at java.lang.Thread.run(Thread.java:748)&#10;&quot;pool-188-thread-27&quot;  prio=5 tid=2551 in Object.wait()&#10;java.lang.Thread.State: WAITING (on object monitor)&#10;        at sun.misc.Unsafe.park(Native Method)&#10;        at java.util.concurrent.locks.LockSupport.park(LockSupport.java:175)&#10;        at java.util.concurrent.locks.AbstractQueuedSynchronizer$ConditionObject.await(AbstractQueuedSynchronizer.java:2039)&#10;        at java.util.concurrent.ArrayBlockingQueue.take(ArrayBlockingQueue.java:403)&#10;        at java.util.concurrent.ThreadPoolExecutor.getTask(ThreadPoolExecutor.java:1074)&#10;        at java.util.concurrent.ThreadPoolExecutor.runWorker(ThreadPoolExecutor.java:1134)&#10;        at java.util.concurrent.ThreadPoolExecutor$Worker.run(ThreadPoolExecutor.java:624)&#10;        at java.lang.Thread.run(Thread.java:748)&#10;&quot;pool-208-thread-32&quot;  prio=5 tid=2680 in Object.wait()&#10;java.lang.Thread.State: WAITING (on object monitor)&#10;        at sun.misc.Unsafe.park(Native Method)&#10;        at java.util.concurrent.locks.LockSupport.park(LockSupport.java:175)&#10;        at java.util.concurrent.locks.AbstractQueuedSynchronizer$ConditionObject.await(AbstractQueuedSynchronizer.java:2039)&#10;        at java.util.concurrent.ArrayBlockingQueue.take(ArrayBlockingQueue.java:403)&#10;        at java.util.concurrent.ThreadPoolExecutor.getTask(ThreadPoolExecutor.java:1074)&#10;        at java.util.concurrent.ThreadPoolExecutor.runWorker(ThreadPoolExecutor.java:1134)&#10;        at java.util.concurrent.ThreadPoolExecutor$Worker.run(ThreadPoolExecutor.java:624)&#10;        at java.lang.Thread.run(Thread.java:748)&#10;&quot;pool-178-thread-23&quot;  prio=5 tid=2485 in Object.wait()&#10;java.lang.Thread.State: WAITING (on object monitor)&#10;        at sun.misc.Unsafe.park(Native Method)&#10;        at java.util.concurrent.locks.LockSupport.park(LockSupport.java:175)&#10;        at java.util.concurrent.locks.AbstractQueuedSynchronizer$ConditionObject.await(AbstractQueuedSynchronizer.java:2039)&#10;        at java.util.concurrent.ArrayBlockingQueue.take(ArrayBlockingQueue.java:403)&#10;        at java.util.concurrent.ThreadPoolExecutor.getTask(ThreadPoolExecutor.java:1074)&#10;        at java.util.concurrent.ThreadPoolExecutor.runWorker(ThreadPoolExecutor.java:1134)&#10;        at java.util.concurrent.ThreadPoolExecutor$Worker.run(ThreadPoolExecutor.java:624)&#10;        at java.lang.Thread.run(Thread.java:748)&#10;&quot;pool-178-thread-16&quot;  prio=5 tid=2478 in Object.wait()&#10;java.lang.Thread.State: WAITING (on object monitor)&#10;        at sun.misc.Unsafe.park(Native Method)&#10;        at java.util.concurrent.locks.LockSupport.park(LockSupport.java:175)&#10;        at java.util.concurrent.locks.AbstractQueuedSynchronizer$ConditionObject.await(AbstractQueuedSynchronizer.java:2039)&#10;        at java.util.concurrent.ArrayBlockingQueue.take(ArrayBlockingQueue.java:403)&#10;        at java.util.concurrent.ThreadPoolExecutor.getTask(ThreadPoolExecutor.java:1074)&#10;        at java.util.concurrent.ThreadPoolExecutor.runWorker(ThreadPoolExecutor.java:1134)&#10;        at java.util.concurrent.ThreadPoolExecutor$Worker.run(ThreadPoolExecutor.java:624)&#10;        at java.lang.Thread.run(Thread.java:748)&#10;&quot;org.apache.ratis.server.impl.LogAppender$AppenderDaemon$$Lambda$466/1042245461@716c6571&quot; daemon prio=5 tid=3243 timed_waiting&#10;java.lang.Thread.State: TIMED_WAITING&#10;        at java.lang.Object.wait(Native Method)&#10;        at org.apache.ratis.grpc.server.GrpcLogAppender.mayWait(GrpcLogAppender.java:149)&#10;        at org.apache.ratis.grpc.server.GrpcLogAppender.runAppenderImpl(GrpcLogAppender.java:103)&#10;        at org.apache.ratis.server.impl.LogAppender$AppenderDaemon.run(LogAppender.java:76)&#10;        at org.apache.ratis.server.impl.LogAppender$AppenderDaemon$$Lambda$466/1042245461.run(Unknown Source)&#10;        at java.lang.Thread.run(Thread.java:748)&#10;&quot;pool-168-thread-20&quot;  prio=5 tid=2420 in Object.wait()&#10;java.lang.Thread.State: WAITING (on object monitor)&#10;        at sun.misc.Unsafe.park(Native Method)&#10;        at java.util.concurrent.locks.LockSupport.park(LockSupport.java:175)&#10;        at java.util.concurrent.locks.AbstractQueuedSynchronizer$ConditionObject.await(AbstractQueuedSynchronizer.java:2039)&#10;        at java.util.concurrent.ArrayBlockingQueue.take(ArrayBlockingQueue.java:403)&#10;        at java.util.concurrent.ThreadPoolExecutor.getTask(ThreadPoolExecutor.java:1074)&#10;        at java.util.concurrent.ThreadPoolExecutor.runWorker(ThreadPoolExecutor.java:1134)&#10;        at java.util.concurrent.ThreadPoolExecutor$Worker.run(ThreadPoolExecutor.java:624)&#10;        at java.lang.Thread.run(Thread.java:748)&#10;&quot;pool-208-thread-37&quot;  prio=5 tid=2685 in Object.wait()&#10;java.lang.Thread.State: WAITING (on object monitor)&#10;        at sun.misc.Unsafe.park(Native Method)&#10;        at java.util.concurrent.locks.LockSupport.park(LockSupport.java:175)&#10;        at java.util.concurrent.locks.AbstractQueuedSynchronizer$ConditionObject.await(AbstractQueuedSynchronizer.java:2039)&#10;        at java.util.concurrent.ArrayBlockingQueue.take(ArrayBlockingQueue.java:403)&#10;        at java.util.concurrent.ThreadPoolExecutor.getTask(ThreadPoolExecutor.java:1074)&#10;        at java.util.concurrent.ThreadPoolExecutor.runWorker(ThreadPoolExecutor.java:1134)&#10;        at java.util.concurrent.ThreadPoolExecutor$Worker.run(ThreadPoolExecutor.java:624)&#10;        at java.lang.Thread.run(Thread.java:748)&#10;&quot;Datanode ReportManager Thread - 2&quot; daemon prio=5 tid=2081 in Object.wait()&#10;java.lang.Thread.State: WAITING (on object monitor)&#10;        at sun.misc.Unsafe.park(Native Method)&#10;        at java.util.concurrent.locks.LockSupport.park(LockSupport.java:175)&#10;        at java.util.concurrent.locks.AbstractQueuedSynchronizer$ConditionObject.await(AbstractQueuedSynchronizer.java:2039)&#10;        at java.util.concurrent.ScheduledThreadPoolExecutor$DelayedWorkQueue.take(ScheduledThreadPoolExecutor.java:1088)&#10;        at java.util.concurrent.ScheduledThreadPoolExecutor$DelayedWorkQueue.take(ScheduledThreadPoolExecutor.java:809)&#10;        at java.util.concurrent.ThreadPoolExecutor.getTask(ThreadPoolExecutor.java:1074)&#10;        at java.util.concurrent.ThreadPoolExecutor.runWorker(ThreadPoolExecutor.java:1134)&#10;        at java.util.concurrent.ThreadPoolExecutor$Worker.run(ThreadPoolExecutor.java:624)&#10;        at java.lang.Thread.run(Thread.java:748)&#10;&quot;pool-238-thread-6&quot;  prio=5 tid=2840 in Object.wait()&#10;java.lang.Thread.State: WAITING (on object monitor)&#10;        at sun.misc.Unsafe.park(Native Method)&#10;        at java.util.concurrent.locks.LockSupport.park(LockSupport.java:175)&#10;        at java.util.concurrent.locks.AbstractQueuedSynchronizer$ConditionObject.await(AbstractQueuedSynchronizer.java:2039)&#10;        at java.util.concurrent.ArrayBlockingQueue.take(ArrayBlockingQueue.java:403)&#10;        at java.util.concurrent.ThreadPoolExecutor.getTask(ThreadPoolExecutor.java:1074)&#10;        at java.util.concurrent.ThreadPoolExecutor.runWorker(ThreadPoolExecutor.java:1134)&#10;        at java.util.concurrent.ThreadPoolExecutor$Worker.run(ThreadPoolExecutor.java:624)&#10;        at java.lang.Thread.run(Thread.java:748)&#10;&quot;pool-198-thread-45&quot;  prio=5 tid=2631 in Object.wait()&#10;java.lang.Thread.State: WAITING (on object monitor)&#10;        at sun.misc.Unsafe.park(Native Method)&#10;        at java.util.concurrent.locks.LockSupport.park(LockSupport.java:175)&#10;        at java.util.concurrent.locks.AbstractQueuedSynchronizer$ConditionObject.await(AbstractQueuedSynchronizer.java:2039)&#10;        at java.util.concurrent.ArrayBlockingQueue.take(ArrayBlockingQueue.java:403)&#10;        at java.util.concurrent.ThreadPoolExecutor.getTask(ThreadPoolExecutor.java:1074)&#10;        at java.util.concurrent.ThreadPoolExecutor.runWorker(ThreadPoolExecutor.java:1134)&#10;        at java.util.concurrent.ThreadPoolExecutor$Worker.run(ThreadPoolExecutor.java:624)&#10;        at java.lang.Thread.run(Thread.java:748)&#10;&quot;qtp83554564-2261&quot; daemon prio=5 tid=2261 timed_waiting&#10;java.lang.Thread.State: TIMED_WAITING&#10;        at sun.misc.Unsafe.park(Native Method)&#10;        at java.util.concurrent.locks.LockSupport.parkNanos(LockSupport.java:215)&#10;        at java.util.concurrent.locks.AbstractQueuedSynchronizer$ConditionObject.awaitNanos(AbstractQueuedSynchronizer.java:2078)&#10;        at org.eclipse.jetty.util.BlockingArrayQueue.poll(BlockingArrayQueue.java:392)&#10;        at org.eclipse.jetty.util.thread.QueuedThreadPool.idleJobPoll(QueuedThreadPool.java:563)&#10;        at org.eclipse.jetty.util.thread.QueuedThreadPool.access$800(QueuedThreadPool.java:48)&#10;        at org.eclipse.jetty.util.thread.QueuedThreadPool$2.run(QueuedThreadPool.java:626)&#10;        at java.lang.Thread.run(Thread.java:748)&#10;&quot;DataNode DiskChecker thread 0&quot; daemon prio=5 tid=2009 timed_waiting&#10;java.lang.Thread.State: TIMED_WAITING&#10;        at sun.misc.Unsafe.park(Native Method)&#10;        at java.util.concurrent.locks.LockSupport.parkNanos(LockSupport.java:215)&#10;        at java.util.concurrent.SynchronousQueue$TransferStack.awaitFulfill(SynchronousQueue.java:460)&#10;        at java.util.concurrent.SynchronousQueue$TransferStack.transfer(SynchronousQueue.java:362)&#10;        at java.util.concurrent.SynchronousQueue.poll(SynchronousQueue.java:941)&#10;        at java.util.concurrent.ThreadPoolExecutor.getTask(ThreadPoolExecutor.java:1073)&#10;        at java.util.concurrent.ThreadPoolExecutor.runWorker(ThreadPoolExecutor.java:1134)&#10;        at java.util.concurrent.ThreadPoolExecutor$Worker.run(ThreadPoolExecutor.java:624)&#10;        at java.lang.Thread.run(Thread.java:748)&#10;&quot;pool-158-thread-29&quot;  prio=5 tid=2367 in Object.wait()&#10;java.lang.Thread.State: WAITING (on object monitor)&#10;        at sun.misc.Unsafe.park(Native Method)&#10;        at java.util.concurrent.locks.LockSupport.park(LockSupport.java:175)&#10;        at java.util.concurrent.locks.AbstractQueuedSynchronizer$ConditionObject.await(AbstractQueuedSynchronizer.java:2039)&#10;        at java.util.concurrent.ArrayBlockingQueue.take(ArrayBlockingQueue.java:403)&#10;        at java.util.concurrent.ThreadPoolExecutor.getTask(ThreadPoolExecutor.java:1074)&#10;        at java.util.concurrent.ThreadPoolExecutor.runWorker(ThreadPoolExecutor.java:1134)&#10;        at java.util.concurrent.ThreadPoolExecutor$Worker.run(ThreadPoolExecutor.java:624)&#10;        at java.lang.Thread.run(Thread.java:748)&#10;&quot;pool-146-thread-1&quot; daemon prio=5 tid=2010 timed_waiting&#10;java.lang.Thread.State: TIMED_WAITING&#10;        at sun.misc.Unsafe.park(Native Method)&#10;        at java.util.concurrent.locks.LockSupport.parkNanos(LockSupport.java:215)&#10;        at java.util.concurrent.locks.AbstractQueuedSynchronizer$ConditionObject.awaitNanos(AbstractQueuedSynchronizer.java:2078)&#10;        at java.util.concurrent.ScheduledThreadPoolExecutor$DelayedWorkQueue.take(ScheduledThreadPoolExecutor.java:1093)&#10;        at java.util.concurrent.ScheduledThreadPoolExecutor$DelayedWorkQueue.take(ScheduledThreadPoolExecutor.java:809)&#10;        at java.util.concurrent.ThreadPoolExecutor.getTask(ThreadPoolExecutor.java:1074)&#10;        at java.util.concurrent.ThreadPoolExecutor.runWorker(ThreadPoolExecutor.java:1134)&#10;        at java.util.concurrent.ThreadPoolExecutor$Worker.run(ThreadPoolExecutor.java:624)&#10;        at java.lang.Thread.run(Thread.java:748)&#10;&quot;pool-188-thread-46&quot;  prio=5 tid=2570 in Object.wait()&#10;java.lang.Thread.State: WAITING (on object monitor)&#10;        at sun.misc.Unsafe.park(Native Method)&#10;        at java.util.concurrent.locks.LockSupport.park(LockSupport.java:175)&#10;        at java.util.concurrent.locks.AbstractQueuedSynchronizer$ConditionObject.await(AbstractQueuedSynchronizer.java:2039)&#10;        at java.util.concurrent.ArrayBlockingQueue.take(ArrayBlockingQueue.java:403)&#10;        at java.util.concurrent.ThreadPoolExecutor.getTask(ThreadPoolExecutor.java:1074)&#10;        at java.util.concurrent.ThreadPoolExecutor.runWorker(ThreadPoolExecutor.java:1134)&#10;        at java.util.concurrent.ThreadPoolExecutor$Worker.run(ThreadPoolExecutor.java:624)&#10;        at java.lang.Thread.run(Thread.java:748)&#10;&quot;d61fc7c3-32e3-43e3-b156-a1b483a86779@group-783A9A2A969F-SegmentedRaftLogWorker&quot;  prio=5 tid=2913 timed_waiting&#10;java.lang.Thread.State: TIMED_WAITING&#10;        at sun.misc.Unsafe.park(Native Method)&#10;        at java.util.concurrent.locks.LockSupport.parkNanos(LockSupport.java:215)&#10;        at java.util.concurrent.locks.AbstractQueuedSynchronizer$ConditionObject.awaitNanos(AbstractQueuedSynchronizer.java:2078)&#10;        at org.apache.ratis.util.DataBlockingQueue.poll(DataBlockingQueue.java:137)&#10;        at org.apache.ratis.server.raftlog.segmented.SegmentedRaftLogWorker.run(SegmentedRaftLogWorker.java:282)&#10;        at java.lang.Thread.run(Thread.java:748)&#10;&quot;SCMBlockDeletingService#1&quot; daemon prio=5 tid=1962 in Object.wait()&#10;java.lang.Thread.State: WAITING (on object monitor)&#10;        at sun.misc.Unsafe.park(Native Method)&#10;        at java.util.concurrent.locks.LockSupport.park(LockSupport.java:175)&#10;        at java.util.concurrent.locks.AbstractQueuedSynchronizer$ConditionObject.await(AbstractQueuedSynchronizer.java:2039)&#10;        at java.util.concurrent.ScheduledThreadPoolExecutor$DelayedWorkQueue.take(ScheduledThreadPoolExecutor.java:1088)&#10;        at java.util.concurrent.ScheduledThreadPoolExecutor$DelayedWorkQueue.take(ScheduledThreadPoolExecutor.java:809)&#10;        at java.util.concurrent.ThreadPoolExecutor.getTask(ThreadPoolExecutor.java:1074)&#10;        at java.util.concurrent.ThreadPoolExecutor.runWorker(ThreadPoolExecutor.java:1134)&#10;        at java.util.concurrent.ThreadPoolExecutor$Worker.run(ThreadPoolExecutor.java:624)&#10;        at java.lang.Thread.run(Thread.java:748)&#10;&quot;pool-158-thread-6&quot;  prio=5 tid=2344 in Object.wait()&#10;java.lang.Thread.State: WAITING (on object monitor)&#10;        at sun.misc.Unsafe.park(Native Method)&#10;        at java.util.concurrent.locks.LockSupport.park(LockSupport.java:175)&#10;        at java.util.concurrent.locks.AbstractQueuedSynchronizer$ConditionObject.await(AbstractQueuedSynchronizer.java:2039)&#10;        at java.util.concurrent.ArrayBlockingQueue.take(ArrayBlockingQueue.java:403)&#10;        at java.util.concurrent.ThreadPoolExecutor.getTask(ThreadPoolExecutor.java:1074)&#10;        at java.util.concurrent.ThreadPoolExecutor.runWorker(ThreadPoolExecutor.java:1134)&#10;        at java.util.concurrent.ThreadPoolExecutor$Worker.run(ThreadPoolExecutor.java:624)&#10;        at java.lang.Thread.run(Thread.java:748)&#10;&quot;pool-148-thread-26&quot;  prio=5 tid=2301 in Object.wait()&#10;java.lang.Thread.State: WAITING (on object monitor)&#10;        at sun.misc.Unsafe.park(Native Method)&#10;        at java.util.concurrent.locks.LockSupport.park(LockSupport.java:175)&#10;        at java.util.concurrent.locks.AbstractQueuedSynchronizer$ConditionObject.await(AbstractQueuedSynchronizer.java:2039)&#10;        at java.util.concurrent.ArrayBlockingQueue.take(ArrayBlockingQueue.java:403)&#10;        at java.util.concurrent.ThreadPoolExecutor.getTask(ThreadPoolExecutor.java:1074)&#10;        at java.util.concurrent.ThreadPoolExecutor.runWorker(ThreadPoolExecutor.java:1134)&#10;        at java.util.concurrent.ThreadPoolExecutor$Worker.run(ThreadPoolExecutor.java:624)&#10;        at java.lang.Thread.run(Thread.java:748)&#10;&quot;DataNode DiskChecker thread 0&quot; daemon prio=5 tid=2225 timed_waiting&#10;java.lang.Thread.State: TIMED_WAITING&#10;        at sun.misc.Unsafe.park(Native Method)&#10;        at java.util.concurrent.locks.LockSupport.parkNanos(LockSupport.java:215)&#10;        at java.util.concurrent.SynchronousQueue$TransferStack.awaitFulfill(SynchronousQueue.java:460)&#10;        at java.util.concurrent.SynchronousQueue$TransferStack.transfer(SynchronousQueue.java:362)&#10;        at java.util.concurrent.SynchronousQueue.poll(SynchronousQueue.java:941)&#10;        at java.util.concurrent.ThreadPoolExecutor.getTask(ThreadPoolExecutor.java:1073)&#10;        at java.util.concurrent.ThreadPoolExecutor.runWorker(ThreadPoolExecutor.java:1134)&#10;        at java.util.concurrent.ThreadPoolExecutor$Worker.run(ThreadPoolExecutor.java:624)&#10;        at java.lang.Thread.run(Thread.java:748)&#10;&quot;pool-218-thread-32&quot;  prio=5 tid=2742 in Object.wait()&#10;java.lang.Thread.State: WAITING (on object monitor)&#10;        at sun.misc.Unsafe.park(Native Method)&#10;        at java.util.concurrent.locks.LockSupport.park(LockSupport.java:175)&#10;        at java.util.concurrent.locks.AbstractQueuedSynchronizer$ConditionObject.await(AbstractQueuedSynchronizer.java:2039)&#10;        at java.util.concurrent.ArrayBlockingQueue.take(ArrayBlockingQueue.java:403)&#10;        at java.util.concurrent.ThreadPoolExecutor.getTask(ThreadPoolExecutor.java:1074)&#10;        at java.util.concurrent.ThreadPoolExecutor.runWorker(ThreadPoolExecutor.java:1134)&#10;        at java.util.concurrent.ThreadPoolExecutor$Worker.run(ThreadPoolExecutor.java:624)&#10;        at java.lang.Thread.run(Thread.java:748)&#10;&quot;pool-158-thread-16&quot;  prio=5 tid=2354 in Object.wait()&#10;java.lang.Thread.State: WAITING (on object monitor)&#10;        at sun.misc.Unsafe.park(Native Method)&#10;        at java.util.concurrent.locks.LockSupport.park(LockSupport.java:175)&#10;        at java.util.concurrent.locks.AbstractQueuedSynchronizer$ConditionObject.await(AbstractQueuedSynchronizer.java:2039)&#10;        at java.util.concurrent.ArrayBlockingQueue.take(ArrayBlockingQueue.java:403)&#10;        at java.util.concurrent.ThreadPoolExecutor.getTask(ThreadPoolExecutor.java:1074)&#10;        at java.util.concurrent.ThreadPoolExecutor.runWorker(ThreadPoolExecutor.java:1134)&#10;        at java.util.concurrent.ThreadPoolExecutor$Worker.run(ThreadPoolExecutor.java:624)&#10;        at java.lang.Thread.run(Thread.java:748)&#10;&quot;Datanode State Machine Thread - 0&quot; daemon prio=5 tid=2240 timed_waiting&#10;java.lang.Thread.State: TIMED_WAITING&#10;        at java.lang.Thread.sleep(Native Method)&#10;        at org.apache.hadoop.ozone.container.common.statemachine.DatanodeStateMachine.start(DatanodeStateMachine.java:196)&#10;        at org.apache.hadoop.ozone.container.common.statemachine.DatanodeStateMachine.lambda$startDaemon$0(DatanodeStateMachine.java:354)&#10;        at org.apache.hadoop.ozone.container.common.statemachine.DatanodeStateMachine$$Lambda$141/502066023.run(Unknown Source)&#10;        at java.lang.Thread.run(Thread.java:748)&#10;&quot;Periodic HDDS volume checker&quot;  prio=5 tid=2033 timed_waiting&#10;java.lang.Thread.State: TIMED_WAITING&#10;        at sun.misc.Unsafe.park(Native Method)&#10;        at java.util.concurrent.locks.LockSupport.parkNanos(LockSupport.java:215)&#10;        at java.util.concurrent.locks.AbstractQueuedSynchronizer$ConditionObject.awaitNanos(AbstractQueuedSynchronizer.java:2078)&#10;        at java.util.concurrent.ScheduledThreadPoolExecutor$DelayedWorkQueue.take(ScheduledThreadPoolExecutor.java:1093)&#10;        at java.util.concurrent.ScheduledThreadPoolExecutor$DelayedWorkQueue.take(ScheduledThreadPoolExecutor.java:809)&#10;        at java.util.concurrent.ThreadPoolExecutor.getTask(ThreadPoolExecutor.java:1074)&#10;        at java.util.concurrent.ThreadPoolExecutor.runWorker(ThreadPoolExecutor.java:1134)&#10;        at java.util.concurrent.ThreadPoolExecutor$Worker.run(ThreadPoolExecutor.java:624)&#10;        at java.lang.Thread.run(Thread.java:748)&#10;&quot;qtp98459285-1949&quot; daemon prio=5 tid=1949 runnable&#10;java.lang.Thread.State: RUNNABLE&#10;        at sun.nio.ch.EPollArrayWrapper.epollWait(Native Method)&#10;        at sun.nio.ch.EPollArrayWrapper.poll(EPollArrayWrapper.java:269)&#10;        at sun.nio.ch.EPollSelectorImpl.doSelect(EPollSelectorImpl.java:93)&#10;        at sun.nio.ch.SelectorImpl.lockAndDoSelect(SelectorImpl.java:86)&#10;        at sun.nio.ch.SelectorImpl.select(SelectorImpl.java:97)&#10;        at sun.nio.ch.SelectorImpl.select(SelectorImpl.java:101)&#10;        at org.eclipse.jetty.io.ManagedSelector$SelectorProducer.select(ManagedSelector.java:243)&#10;        at org.eclipse.jetty.io.ManagedSelector$SelectorProducer.produce(ManagedSelector.java:191)&#10;        at org.eclipse.jetty.util.thread.strategy.ExecuteProduceConsume.executeProduceConsume(ExecuteProduceConsume.java:249)&#10;        at org.eclipse.jetty.util.thread.strategy.ExecuteProduceConsume.produceConsume(ExecuteProduceConsume.java:148)&#10;        at org.eclipse.jetty.util.thread.strategy.ExecuteProduceConsume.execute(ExecuteProduceConsume.java:100)&#10;        at org.eclipse.jetty.io.ManagedSelector.run(ManagedSelector.java:147)&#10;        at org.eclipse.jetty.util.thread.QueuedThreadPool.runJob(QueuedThreadPool.java:671)&#10;        at org.eclipse.jetty.util.thread.QueuedThreadPool$2.run(QueuedThreadPool.java:589)&#10;        at java.lang.Thread.run(Thread.java:748)&#10;&quot;IPC Server handler 13 on 40581&quot; daemon prio=5 tid=1922 timed_waiting&#10;java.lang.Thread.State: TIMED_WAITING&#10;        at sun.misc.Unsafe.park(Native Method)&#10;        at java.util.concurrent.locks.LockSupport.parkNanos(LockSupport.java:215)&#10;        at java.util.concurrent.locks.AbstractQueuedSynchronizer$ConditionObject.awaitNanos(AbstractQueuedSynchronizer.java:2078)&#10;        at java.util.concurrent.LinkedBlockingQueue.poll(LinkedBlockingQueue.java:467)&#10;        at org.apache.hadoop.ipc.CallQueueManager.take(CallQueueManager.java:288)&#10;        at org.apache.hadoop.ipc.Server$Handler.run(Server.java:2668)&#10;&quot;pool-169-thread-1&quot;  prio=5 tid=2917 in Object.wait()&#10;java.lang.Thread.State: WAITING (on object monitor)&#10;        at sun.misc.Unsafe.park(Native Method)&#10;        at java.util.concurrent.locks.LockSupport.park(LockSupport.java:175)&#10;        at java.util.concurrent.locks.AbstractQueuedSynchronizer$ConditionObject.await(AbstractQueuedSynchronizer.java:2039)&#10;        at java.util.concurrent.LinkedBlockingQueue.take(LinkedBlockingQueue.java:442)&#10;        at java.util.concurrent.ThreadPoolExecutor.getTask(ThreadPoolExecutor.java:1074)&#10;        at java.util.concurrent.ThreadPoolExecutor.runWorker(ThreadPoolExecutor.java:1134)&#10;        at java.util.concurrent.ThreadPoolExecutor$Worker.run(ThreadPoolExecutor.java:624)&#10;        at java.lang.Thread.run(Thread.java:748)&#10;&quot;pool-188-thread-54&quot;  prio=5 tid=2578 in Object.wait()&#10;java.lang.Thread.State: WAITING (on object monitor)&#10;        at sun.misc.Unsafe.park(Native Method)&#10;        at java.util.concurrent.locks.LockSupport.park(LockSupport.java:175)&#10;        at java.util.concurrent.locks.AbstractQueuedSynchronizer$ConditionObject.await(AbstractQueuedSynchronizer.java:2039)&#10;        at java.util.concurrent.ArrayBlockingQueue.take(ArrayBlockingQueue.java:403)&#10;        at java.util.concurrent.ThreadPoolExecutor.getTask(ThreadPoolExecutor.java:1074)&#10;        at java.util.concurrent.ThreadPoolExecutor.runWorker(ThreadPoolExecutor.java:1134)&#10;        at java.util.concurrent.ThreadPoolExecutor$Worker.run(ThreadPoolExecutor.java:624)&#10;        at java.lang.Thread.run(Thread.java:748)&#10;&quot;qtp457245448-2098&quot; daemon prio=5 tid=2098 timed_waiting&#10;java.lang.Thread.State: TIMED_WAITING&#10;        at sun.misc.Unsafe.park(Native Method)&#10;        at java.util.concurrent.locks.LockSupport.parkNanos(LockSupport.java:215)&#10;        at java.util.concurrent.locks.AbstractQueuedSynchronizer$ConditionObject.awaitNanos(AbstractQueuedSynchronizer.java:2078)&#10;        at org.eclipse.jetty.util.BlockingArrayQueue.poll(BlockingArrayQueue.java:392)&#10;        at org.eclipse.jetty.util.thread.QueuedThreadPool.idleJobPoll(QueuedThreadPool.java:563)&#10;        at org.eclipse.jetty.util.thread.QueuedThreadPool.access$800(QueuedThreadPool.java:48)&#10;        at org.eclipse.jetty.util.thread.QueuedThreadPool$2.run(QueuedThreadPool.java:626)&#10;        at java.lang.Thread.run(Thread.java:748)&#10;&quot;qtp769195805-2017&quot; daemon prio=5 tid=2017 timed_waiting&#10;java.lang.Thread.State: TIMED_WAITING&#10;        at sun.misc.Unsafe.park(Native Method)&#10;        at java.util.concurrent.locks.LockSupport.parkNanos(LockSupport.java:215)&#10;        at java.util.concurrent.locks.AbstractQueuedSynchronizer$ConditionObject.awaitNanos(AbstractQueuedSynchronizer.java:2078)&#10;        at org.eclipse.jetty.util.BlockingArrayQueue.poll(BlockingArrayQueue.java:392)&#10;        at org.eclipse.jetty.util.thread.QueuedThreadPool.idleJobPoll(QueuedThreadPool.java:563)&#10;        at org.eclipse.jetty.util.thread.QueuedThreadPool.access$800(QueuedThreadPool.java:48)&#10;        at org.eclipse.jetty.util.thread.QueuedThreadPool$2.run(QueuedThreadPool.java:626)&#10;        at java.lang.Thread.run(Thread.java:748)&#10;&quot;BlockDeletingService#0&quot; daemon prio=5 tid=2771 timed_waiting&#10;java.lang.Thread.State: TIMED_WAITING&#10;        at sun.misc.Unsafe.park(Native Method)&#10;        at java.util.concurrent.locks.LockSupport.parkNanos(LockSupport.java:215)&#10;        at java.util.concurrent.locks.AbstractQueuedSynchronizer$ConditionObject.awaitNanos(AbstractQueuedSynchronizer.java:2078)&#10;        at java.util.concurrent.ScheduledThreadPoolExecutor$DelayedWorkQueue.take(ScheduledThreadPoolExecutor.java:1093)&#10;        at java.util.concurrent.ScheduledThreadPoolExecutor$DelayedWorkQueue.take(ScheduledThreadPoolExecutor.java:809)&#10;        at java.util.concurrent.ThreadPoolExecutor.getTask(ThreadPoolExecutor.java:1074)&#10;        at java.util.concurrent.ThreadPoolExecutor.runWorker(ThreadPoolExecutor.java:1134)&#10;        at java.util.concurrent.ThreadPoolExecutor$Worker.run(ThreadPoolExecutor.java:624)&#10;        at java.lang.Thread.run(Thread.java:748)&#10;&quot;pool-218-thread-23&quot;  prio=5 tid=2733 in Object.wait()&#10;java.lang.Thread.State: WAITING (on object monitor)&#10;        at sun.misc.Unsafe.park(Native Method)&#10;        at java.util.concurrent.locks.LockSupport.park(LockSupport.java:175)&#10;        at java.util.concurrent.locks.AbstractQueuedSynchronizer$ConditionObject.await(AbstractQueuedSynchronizer.java:2039)&#10;        at java.util.concurrent.ArrayBlockingQueue.take(ArrayBlockingQueue.java:403)&#10;        at java.util.concurrent.ThreadPoolExecutor.getTask(ThreadPoolExecutor.java:1074)&#10;        at java.util.concurrent.ThreadPoolExecutor.runWorker(ThreadPoolExecutor.java:1134)&#10;        at java.util.concurrent.ThreadPoolExecutor$Worker.run(ThreadPoolExecutor.java:624)&#10;        at java.lang.Thread.run(Thread.java:748)&#10;&quot;pool-168-thread-58&quot;  prio=5 tid=2458 in Object.wait()&#10;java.lang.Thread.State: WAITING (on object monitor)&#10;        at sun.misc.Unsafe.park(Native Method)&#10;        at java.util.concurrent.locks.LockSupport.park(LockSupport.java:175)&#10;        at java.util.concurrent.locks.AbstractQueuedSynchronizer$ConditionObject.await(AbstractQueuedSynchronizer.java:2039)&#10;        at java.util.concurrent.ArrayBlockingQueue.take(ArrayBlockingQueue.java:403)&#10;        at java.util.concurrent.ThreadPoolExecutor.getTask(ThreadPoolExecutor.java:1074)&#10;        at java.util.concurrent.ThreadPoolExecutor.runWorker(ThreadPoolExecutor.java:1134)&#10;        at java.util.concurrent.ThreadPoolExecutor$Worker.run(ThreadPoolExecutor.java:624)&#10;        at java.lang.Thread.run(Thread.java:748)&#10;&quot;pool-158-thread-39&quot;  prio=5 tid=2377 in Object.wait()&#10;java.lang.Thread.State: WAITING (on object monitor)&#10;        at sun.misc.Unsafe.park(Native Method)&#10;        at java.util.concurrent.locks.LockSupport.park(LockSupport.java:175)&#10;        at java.util.concurrent.locks.AbstractQueuedSynchronizer$ConditionObject.await(AbstractQueuedSynchronizer.java:2039)&#10;        at java.util.concurrent.ArrayBlockingQueue.take(ArrayBlockingQueue.java:403)&#10;        at java.util.concurrent.ThreadPoolExecutor.getTask(ThreadPoolExecutor.java:1074)&#10;        at java.util.concurrent.ThreadPoolExecutor.runWorker(ThreadPoolExecutor.java:1134)&#10;        at java.util.concurrent.ThreadPoolExecutor$Worker.run(ThreadPoolExecutor.java:624)&#10;        at java.lang.Thread.run(Thread.java:748)&#10;&quot;pool-168-thread-32&quot;  prio=5 tid=2432 in Object.wait()&#10;java.lang.Thread.State: WAITING (on object monitor)&#10;        at sun.misc.Unsafe.park(Native Method)&#10;        at java.util.concurrent.locks.LockSupport.park(LockSupport.java:175)&#10;        at java.util.concurrent.locks.AbstractQueuedSynchronizer$ConditionObject.await(AbstractQueuedSynchronizer.java:2039)&#10;        at java.util.concurrent.ArrayBlockingQueue.take(ArrayBlockingQueue.java:403)&#10;        at java.util.concurrent.ThreadPoolExecutor.getTask(ThreadPoolExecutor.java:1074)&#10;        at java.util.concurrent.ThreadPoolExecutor.runWorker(ThreadPoolExecutor.java:1134)&#10;        at java.util.concurrent.ThreadPoolExecutor$Worker.run(ThreadPoolExecutor.java:624)&#10;        at java.lang.Thread.run(Thread.java:748)&#10;&quot;pool-228-thread-51&quot;  prio=5 tid=2823 in Object.wait()&#10;java.lang.Thread.State: WAITING (on object monitor)&#10;        at sun.misc.Unsafe.park(Native Method)&#10;        at java.util.concurrent.locks.LockSupport.park(LockSupport.java:175)&#10;        at java.util.concurrent.locks.AbstractQueuedSynchronizer$ConditionObject.await(AbstractQueuedSynchronizer.java:2039)&#10;        at java.util.concurrent.ArrayBlockingQueue.take(ArrayBlockingQueue.java:403)&#10;        at java.util.concurrent.ThreadPoolExecutor.getTask(ThreadPoolExecutor.java:1074)&#10;        at java.util.concurrent.ThreadPoolExecutor.runWorker(ThreadPoolExecutor.java:1134)&#10;        at java.util.concurrent.ThreadPoolExecutor$Worker.run(ThreadPoolExecutor.java:624)&#10;        at java.lang.Thread.run(Thread.java:748)&#10;&quot;pool-178-thread-43&quot;  prio=5 tid=2505 in Object.wait()&#10;java.lang.Thread.State: WAITING (on object monitor)&#10;        at sun.misc.Unsafe.park(Native Method)&#10;        at java.util.concurrent.locks.LockSupport.park(LockSupport.java:175)&#10;        at java.util.concurrent.locks.AbstractQueuedSynchronizer$ConditionObject.await(AbstractQueuedSynchronizer.java:2039)&#10;        at java.util.concurrent.ArrayBlockingQueue.take(ArrayBlockingQueue.java:403)&#10;        at java.util.concurrent.ThreadPoolExecutor.getTask(ThreadPoolExecutor.java:1074)&#10;        at java.util.concurrent.ThreadPoolExecutor.runWorker(ThreadPoolExecutor.java:1134)&#10;        at java.util.concurrent.ThreadPoolExecutor$Worker.run(ThreadPoolExecutor.java:624)&#10;        at java.lang.Thread.run(Thread.java:748)&#10;&quot;pool-158-thread-30&quot;  prio=5 tid=2368 in Object.wait()&#10;java.lang.Thread.State: WAITING (on object monitor)&#10;        at sun.misc.Unsafe.park(Native Method)&#10;        at java.util.concurrent.locks.LockSupport.park(LockSupport.java:175)&#10;        at java.util.concurrent.locks.AbstractQueuedSynchronizer$ConditionObject.await(AbstractQueuedSynchronizer.java:2039)&#10;        at java.util.concurrent.ArrayBlockingQueue.take(ArrayBlockingQueue.java:403)&#10;        at java.util.concurrent.ThreadPoolExecutor.getTask(ThreadPoolExecutor.java:1074)&#10;        at java.util.concurrent.ThreadPoolExecutor.runWorker(ThreadPoolExecutor.java:1134)&#10;        at java.util.concurrent.ThreadPoolExecutor$Worker.run(ThreadPoolExecutor.java:624)&#10;        at java.lang.Thread.run(Thread.java:748)&#10;&quot;pool-188-thread-31&quot;  prio=5 tid=2555 in Object.wait()&#10;java.lang.Thread.State: WAITING (on object monitor)&#10;        at sun.misc.Unsafe.park(Native Method)&#10;        at java.util.concurrent.locks.LockSupport.park(LockSupport.java:175)&#10;        at java.util.concurrent.locks.AbstractQueuedSynchronizer$ConditionObject.await(AbstractQueuedSynchronizer.java:2039)&#10;        at java.util.concurrent.ArrayBlockingQueue.take(ArrayBlockingQueue.java:403)&#10;        at java.util.concurrent.ThreadPoolExecutor.getTask(ThreadPoolExecutor.java:1074)&#10;        at java.util.concurrent.ThreadPoolExecutor.runWorker(ThreadPoolExecutor.java:1134)&#10;        at java.util.concurrent.ThreadPoolExecutor$Worker.run(ThreadPoolExecutor.java:624)&#10;        at java.lang.Thread.run(Thread.java:748)&#10;&quot;c182b01b-afca-4fcd-8295-9462a850df3a@group-3CC6E6EE53B4-SegmentedRaftLogWorker&quot;  prio=5 tid=2937 timed_waiting&#10;java.lang.Thread.State: TIMED_WAITING&#10;        at sun.misc.Unsafe.park(Native Method)&#10;        at java.util.concurrent.locks.LockSupport.parkNanos(LockSupport.java:215)&#10;        at java.util.concurrent.locks.AbstractQueuedSynchronizer$ConditionObject.awaitNanos(AbstractQueuedSynchronizer.java:2078)&#10;        at org.apache.ratis.util.DataBlockingQueue.poll(DataBlockingQueue.java:137)&#10;        at org.apache.ratis.server.raftlog.segmented.SegmentedRaftLogWorker.run(SegmentedRaftLogWorker.java:282)&#10;        at java.lang.Thread.run(Thread.java:748)&#10;&quot;pool-202-thread-1&quot;  prio=5 tid=2147 timed_waiting&#10;java.lang.Thread.State: TIMED_WAITING&#10;        at sun.misc.Unsafe.park(Native Method)&#10;        at java.util.concurrent.locks.LockSupport.parkNanos(LockSupport.java:215)&#10;        at java.util.concurrent.locks.AbstractQueuedSynchronizer$ConditionObject.awaitNanos(AbstractQueuedSynchronizer.java:2078)&#10;        at java.util.concurrent.ScheduledThreadPoolExecutor$DelayedWorkQueue.take(ScheduledThreadPoolExecutor.java:1093)&#10;        at java.util.concurrent.ScheduledThreadPoolExecutor$DelayedWorkQueue.take(ScheduledThreadPoolExecutor.java:809)&#10;        at java.util.concurrent.ThreadPoolExecutor.getTask(ThreadPoolExecutor.java:1074)&#10;        at java.util.concurrent.ThreadPoolExecutor.runWorker(ThreadPoolExecutor.java:1134)&#10;        at java.util.concurrent.ThreadPoolExecutor$Worker.run(ThreadPoolExecutor.java:624)&#10;        at java.lang.Thread.run(Thread.java:748)&#10;&quot;IPC Server handler 6 on 35120&quot; daemon prio=5 tid=1895 timed_waiting&#10;java.lang.Thread.State: TIMED_WAITING&#10;        at sun.misc.Unsafe.park(Native Method)&#10;        at java.util.concurrent.locks.LockSupport.parkNanos(LockSupport.java:215)&#10;        at java.util.concurrent.locks.AbstractQueuedSynchronizer$ConditionObject.awaitNanos(AbstractQueuedSynchronizer.java:2078)&#10;        at java.util.concurrent.LinkedBlockingQueue.poll(LinkedBlockingQueue.java:467)&#10;        at org.apache.hadoop.ipc.CallQueueManager.take(CallQueueManager.java:288)&#10;        at org.apache.hadoop.ipc.Server$Handler.run(Server.java:2668)&#10;&quot;org.eclipse.jetty.server.session.HashSessionManager@5d94a2dcTimer&quot; daemon prio=5 tid=2103 timed_waiting&#10;java.lang.Thread.State: TIMED_WAITING&#10;        at sun.misc.Unsafe.park(Native Method)&#10;        at java.util.concurrent.locks.LockSupport.parkNanos(LockSupport.java:215)&#10;        at java.util.concurrent.locks.AbstractQueuedSynchronizer$ConditionObject.awaitNanos(AbstractQueuedSynchronizer.java:2078)&#10;        at java.util.concurrent.ScheduledThreadPoolExecutor$DelayedWorkQueue.take(ScheduledThreadPoolExecutor.java:1093)&#10;        at java.util.concurrent.ScheduledThreadPoolExecutor$DelayedWorkQueue.take(ScheduledThreadPoolExecutor.java:809)&#10;        at java.util.concurrent.ThreadPoolExecutor.getTask(ThreadPoolExecutor.java:1074)&#10;        at java.util.concurrent.ThreadPoolExecutor.runWorker(ThreadPoolExecutor.java:1134)&#10;        at java.util.concurrent.ThreadPoolExecutor$Worker.run(ThreadPoolExecutor.java:624)&#10;        at java.lang.Thread.run(Thread.java:748)&#10;&quot;pool-228-thread-47&quot;  prio=5 tid=2819 in Object.wait()&#10;java.lang.Thread.State: WAITING (on object monitor)&#10;        at sun.misc.Unsafe.park(Native Method)&#10;        at java.util.concurrent.locks.LockSupport.park(LockSupport.java:175)&#10;        at java.util.concurrent.locks.AbstractQueuedSynchronizer$ConditionObject.await(AbstractQueuedSynchronizer.java:2039)&#10;        at java.util.concurrent.ArrayBlockingQueue.take(ArrayBlockingQueue.java:403)&#10;        at java.util.concurrent.ThreadPoolExecutor.getTask(ThreadPoolExecutor.java:1074)&#10;        at java.util.concurrent.ThreadPoolExecutor.runWorker(ThreadPoolExecutor.java:1134)&#10;        at java.util.concurrent.ThreadPoolExecutor$Worker.run(ThreadPoolExecutor.java:624)&#10;        at java.lang.Thread.run(Thread.java:748)&#10;&quot;org.eclipse.jetty.server.session.HashSessionManager@6c8dbf56Timer&quot; daemon prio=5 tid=2003 timed_waiting&#10;java.lang.Thread.State: TIMED_WAITING&#10;        at sun.misc.Unsafe.park(Native Method)&#10;        at java.util.concurrent.locks.LockSupport.parkNanos(LockSupport.java:215)&#10;        at java.util.concurrent.locks.AbstractQueuedSynchronizer$ConditionObject.awaitNanos(AbstractQueuedSynchronizer.java:2078)&#10;        at java.util.concurrent.ScheduledThreadPoolExecutor$DelayedWorkQueue.take(ScheduledThreadPoolExecutor.java:1093)&#10;        at java.util.concurrent.ScheduledThreadPoolExecutor$DelayedWorkQueue.take(ScheduledThreadPoolExecutor.java:809)&#10;        at java.util.concurrent.ThreadPoolExecutor.getTask(ThreadPoolExecutor.java:1074)&#10;        at java.util.concurrent.ThreadPoolExecutor.runWorker(ThreadPoolExecutor.java:1134)&#10;        at java.util.concurrent.ThreadPoolExecutor$Worker.run(ThreadPoolExecutor.java:624)&#10;        at java.lang.Thread.run(Thread.java:748)&#10;&quot;DataNode DiskChecker thread 0&quot; daemon prio=5 tid=2117 timed_waiting&#10;java.lang.Thread.State: TIMED_WAITING&#10;        at sun.misc.Unsafe.park(Native Method)&#10;        at java.util.concurrent.locks.LockSupport.parkNanos(LockSupport.java:215)&#10;        at java.util.concurrent.SynchronousQueue$TransferStack.awaitFulfill(SynchronousQueue.java:460)&#10;        at java.util.concurrent.SynchronousQueue$TransferStack.transfer(SynchronousQueue.java:362)&#10;        at java.util.concurrent.SynchronousQueue.poll(SynchronousQueue.java:941)&#10;        at java.util.concurrent.ThreadPoolExecutor.getTask(ThreadPoolExecutor.java:1073)&#10;        at java.util.concurrent.ThreadPoolExecutor.runWorker(ThreadPoolExecutor.java:1134)&#10;        at java.util.concurrent.ThreadPoolExecutor$Worker.run(ThreadPoolExecutor.java:624)&#10;        at java.lang.Thread.run(Thread.java:748)&#10;&quot;8692cc3a-c5e2-4bd5-b878-b8217203f52e@group-1DD6D94E4861-StateMachineUpdater&quot; daemon prio=5 tid=3174 in Object.wait()&#10;java.lang.Thread.State: WAITING (on object monitor)&#10;        at java.lang.Object.wait(Native Method)&#10;        at java.lang.Object.wait(Object.java:502)&#10;        at org.apache.ratis.server.impl.StateMachineUpdater.waitForCommit(StateMachineUpdater.java:194)&#10;        at org.apache.ratis.server.impl.StateMachineUpdater.run(StateMachineUpdater.java:159)&#10;        at java.lang.Thread.run(Thread.java:748)&#10;&quot;Thread-1384&quot; daemon prio=5 tid=3012 timed_waiting&#10;java.lang.Thread.State: TIMED_WAITING&#10;        at sun.misc.Unsafe.park(Native Method)&#10;        at java.util.concurrent.locks.LockSupport.parkNanos(LockSupport.java:215)&#10;        at java.util.concurrent.locks.AbstractQueuedSynchronizer$ConditionObject.awaitNanos(AbstractQueuedSynchronizer.java:2078)&#10;        at java.util.concurrent.ArrayBlockingQueue.poll(ArrayBlockingQueue.java:418)&#10;        at org.apache.ratis.server.impl.LeaderState$EventQueue.poll(LeaderState.java:115)&#10;        at org.apache.ratis.server.impl.LeaderState$EventProcessor.run(LeaderState.java:467)&#10;&quot;pool-148-thread-55&quot;  prio=5 tid=2330 in Object.wait()&#10;java.lang.Thread.State: WAITING (on object monitor)&#10;        at sun.misc.Unsafe.park(Native Method)&#10;        at java.util.concurrent.locks.LockSupport.park(LockSupport.java:175)&#10;        at java.util.concurrent.locks.AbstractQueuedSynchronizer$ConditionObject.await(AbstractQueuedSynchronizer.java:2039)&#10;        at java.util.concurrent.ArrayBlockingQueue.take(ArrayBlockingQueue.java:403)&#10;        at java.util.concurrent.ThreadPoolExecutor.getTask(ThreadPoolExecutor.java:1074)&#10;        at java.util.concurrent.ThreadPoolExecutor.runWorker(ThreadPoolExecutor.java:1134)&#10;        at java.util.concurrent.ThreadPoolExecutor$Worker.run(ThreadPoolExecutor.java:624)&#10;        at java.lang.Thread.run(Thread.java:748)&#10;&quot;Periodic HDDS volume checker&quot;  prio=5 tid=2222 timed_waiting&#10;java.lang.Thread.State: TIMED_WAITING&#10;        at sun.misc.Unsafe.park(Native Method)&#10;        at java.util.concurrent.locks.LockSupport.parkNanos(LockSupport.java:215)&#10;        at java.util.concurrent.locks.AbstractQueuedSynchronizer$ConditionObject.awaitNanos(AbstractQueuedSynchronizer.java:2078)&#10;        at java.util.concurrent.ScheduledThreadPoolExecutor$DelayedWorkQueue.take(ScheduledThreadPoolExecutor.java:1093)&#10;        at java.util.concurrent.ScheduledThreadPoolExecutor$DelayedWorkQueue.take(ScheduledThreadPoolExecutor.java:809)&#10;        at java.util.concurrent.ThreadPoolExecutor.getTask(ThreadPoolExecutor.java:1074)&#10;        at java.util.concurrent.ThreadPoolExecutor.runWorker(ThreadPoolExecutor.java:1134)&#10;        at java.util.concurrent.ThreadPoolExecutor$Worker.run(ThreadPoolExecutor.java:624)&#10;        at java.lang.Thread.run(Thread.java:748)&#10;&quot;qtp83554564-2256&quot; daemon prio=5 tid=2256 runnable&#10;java.lang.Thread.State: RUNNABLE&#10;        at sun.nio.ch.EPollArrayWrapper.epollWait(Native Method)&#10;        at sun.nio.ch.EPollArrayWrapper.poll(EPollArrayWrapper.java:269)&#10;        at sun.nio.ch.EPollSelectorImpl.doSelect(EPollSelectorImpl.java:93)&#10;        at sun.nio.ch.SelectorImpl.lockAndDoSelect(SelectorImpl.java:86)&#10;        at sun.nio.ch.SelectorImpl.select(SelectorImpl.java:97)&#10;        at sun.nio.ch.SelectorImpl.select(SelectorImpl.java:101)&#10;        at org.eclipse.jetty.io.ManagedSelector$SelectorProducer.select(ManagedSelector.java:243)&#10;        at org.eclipse.jetty.io.ManagedSelector$SelectorProducer.produce(ManagedSelector.java:191)&#10;        at org.eclipse.jetty.util.thread.strategy.ExecuteProduceConsume.executeProduceConsume(ExecuteProduceConsume.java:249)&#10;        at org.eclipse.jetty.util.thread.strategy.ExecuteProduceConsume.produceConsume(ExecuteProduceConsume.java:148)&#10;        at org.eclipse.jetty.util.thread.strategy.ExecuteProduceConsume.execute(ExecuteProduceConsume.java:100)&#10;        at org.eclipse.jetty.io.ManagedSelector.run(ManagedSelector.java:147)&#10;        at org.eclipse.jetty.util.thread.QueuedThreadPool.runJob(QueuedThreadPool.java:671)&#10;        at org.eclipse.jetty.util.thread.QueuedThreadPool$2.run(QueuedThreadPool.java:589)&#10;        at java.lang.Thread.run(Thread.java:748)&#10;&quot;pool-188-thread-52&quot;  prio=5 tid=2576 in Object.wait()&#10;java.lang.Thread.State: WAITING (on object monitor)&#10;        at sun.misc.Unsafe.park(Native Method)&#10;        at java.util.concurrent.locks.LockSupport.park(LockSupport.java:175)&#10;        at java.util.concurrent.locks.AbstractQueuedSynchronizer$ConditionObject.await(AbstractQueuedSynchronizer.java:2039)&#10;        at java.util.concurrent.ArrayBlockingQueue.take(ArrayBlockingQueue.java:403)&#10;        at java.util.concurrent.ThreadPoolExecutor.getTask(ThreadPoolExecutor.java:1074)&#10;        at java.util.concurrent.ThreadPoolExecutor.runWorker(ThreadPoolExecutor.java:1134)&#10;        at java.util.concurrent.ThreadPoolExecutor$Worker.run(ThreadPoolExecutor.java:624)&#10;        at java.lang.Thread.run(Thread.java:748)&#10;&quot;Periodic HDDS volume checker&quot;  prio=5 tid=2195 timed_waiting&#10;java.lang.Thread.State: TIMED_WAITING&#10;        at sun.misc.Unsafe.park(Native Method)&#10;        at java.util.concurrent.locks.LockSupport.parkNanos(LockSupport.java:215)&#10;        at java.util.concurrent.locks.AbstractQueuedSynchronizer$ConditionObject.awaitNanos(AbstractQueuedSynchronizer.java:2078)&#10;        at java.util.concurrent.ScheduledThreadPoolExecutor$DelayedWorkQueue.take(ScheduledThreadPoolExecutor.java:1093)&#10;        at java.util.concurrent.ScheduledThreadPoolExecutor$DelayedWorkQueue.take(ScheduledThreadPoolExecutor.java:809)&#10;        at java.util.concurrent.ThreadPoolExecutor.getTask(ThreadPoolExecutor.java:1074)&#10;        at java.util.concurrent.ThreadPoolExecutor.runWorker(ThreadPoolExecutor.java:1134)&#10;        at java.util.concurrent.ThreadPoolExecutor$Worker.run(ThreadPoolExecutor.java:624)&#10;        at java.lang.Thread.run(Thread.java:748)&#10;&quot;pool-208-thread-3&quot;  prio=5 tid=2651 in Object.wait()&#10;java.lang.Thread.State: WAITING (on object monitor)&#10;        at sun.misc.Unsafe.park(Native Method)&#10;        at java.util.concurrent.locks.LockSupport.park(LockSupport.java:175)&#10;        at java.util.concurrent.locks.AbstractQueuedSynchronizer$ConditionObject.await(AbstractQueuedSynchronizer.java:2039)&#10;        at java.util.concurrent.ArrayBlockingQueue.take(ArrayBlockingQueue.java:403)&#10;        at java.util.concurrent.ThreadPoolExecutor.getTask(ThreadPoolExecutor.java:1074)&#10;        at java.util.concurrent.ThreadPoolExecutor.runWorker(ThreadPoolExecutor.java:1134)&#10;        at java.util.concurrent.ThreadPoolExecutor$Worker.run(ThreadPoolExecutor.java:624)&#10;        at java.lang.Thread.run(Thread.java:748)&#10;&quot;org.apache.hadoop.util.JvmPauseMonitor$Monitor@5fc6ee52&quot; daemon prio=5 tid=2192 timed_waiting&#10;java.lang.Thread.State: TIMED_WAITING&#10;        at java.lang.Thread.sleep(Native Method)&#10;        at org.apache.hadoop.util.JvmPauseMonitor$Monitor.run(JvmPauseMonitor.java:192)&#10;        at java.lang.Thread.run(Thread.java:748)&#10;&quot;pool-178-thread-60&quot;  prio=5 tid=2522 in Object.wait()&#10;java.lang.Thread.State: WAITING (on object monitor)&#10;        at sun.misc.Unsafe.park(Native Method)&#10;        at java.util.concurrent.locks.LockSupport.park(LockSupport.java:175)&#10;        at java.util.concurrent.locks.AbstractQueuedSynchronizer$ConditionObject.await(AbstractQueuedSynchronizer.java:2039)&#10;        at java.util.concurrent.ArrayBlockingQueue.take(ArrayBlockingQueue.java:403)&#10;        at java.util.concurrent.ThreadPoolExecutor.getTask(ThreadPoolExecutor.java:1074)&#10;        at java.util.concurrent.ThreadPoolExecutor.runWorker(ThreadPoolExecutor.java:1134)&#10;        at java.util.concurrent.ThreadPoolExecutor$Worker.run(ThreadPoolExecutor.java:624)&#10;        at java.lang.Thread.run(Thread.java:748)&#10;&quot;pool-168-thread-23&quot;  prio=5 tid=2423 in Object.wait()&#10;java.lang.Thread.State: WAITING (on object monitor)&#10;        at sun.misc.Unsafe.park(Native Method)&#10;        at java.util.concurrent.locks.LockSupport.park(LockSupport.java:175)&#10;        at java.util.concurrent.locks.AbstractQueuedSynchronizer$ConditionObject.await(AbstractQueuedSynchronizer.java:2039)&#10;        at java.util.concurrent.ArrayBlockingQueue.take(ArrayBlockingQueue.java:403)&#10;        at java.util.concurrent.ThreadPoolExecutor.getTask(ThreadPoolExecutor.java:1074)&#10;        at java.util.concurrent.ThreadPoolExecutor.runWorker(ThreadPoolExecutor.java:1134)&#10;        at java.util.concurrent.ThreadPoolExecutor$Worker.run(ThreadPoolExecutor.java:624)&#10;        at java.lang.Thread.run(Thread.java:748)&#10;&quot;pool-168-thread-26&quot;  prio=5 tid=2426 in Object.wait()&#10;java.lang.Thread.State: WAITING (on object monitor)&#10;        at sun.misc.Unsafe.park(Native Method)&#10;        at java.util.concurrent.locks.LockSupport.park(LockSupport.java:175)&#10;        at java.util.concurrent.locks.AbstractQueuedSynchronizer$ConditionObject.await(AbstractQueuedSynchronizer.java:2039)&#10;        at java.util.concurrent.ArrayBlockingQueue.take(ArrayBlockingQueue.java:403)&#10;        at java.util.concurrent.ThreadPoolExecutor.getTask(ThreadPoolExecutor.java:1074)&#10;        at java.util.concurrent.ThreadPoolExecutor.runWorker(ThreadPoolExecutor.java:1134)&#10;        at java.util.concurrent.ThreadPoolExecutor$Worker.run(ThreadPoolExecutor.java:624)&#10;        at java.lang.Thread.run(Thread.java:748)&#10;&quot;Command processor thread&quot; daemon prio=5 tid=2029 timed_waiting&#10;java.lang.Thread.State: TIMED_WAITING&#10;        at java.lang.Thread.sleep(Native Method)&#10;        at org.apache.hadoop.ozone.container.common.statemachine.DatanodeStateMachine.lambda$initCommandHandlerThread$1(DatanodeStateMachine.java:444)&#10;        at org.apache.hadoop.ozone.container.common.statemachine.DatanodeStateMachine$$Lambda$142/1059342576.run(Unknown Source)&#10;        at java.lang.Thread.run(Thread.java:748)&#10;&quot;pool-188-thread-56&quot;  prio=5 tid=2580 in Object.wait()&#10;java.lang.Thread.State: WAITING (on object monitor)&#10;        at sun.misc.Unsafe.park(Native Method)&#10;        at java.util.concurrent.locks.LockSupport.park(LockSupport.java:175)&#10;        at java.util.concurrent.locks.AbstractQueuedSynchronizer$ConditionObject.await(AbstractQueuedSynchronizer.java:2039)&#10;        at java.util.concurrent.ArrayBlockingQueue.take(ArrayBlockingQueue.java:403)&#10;        at java.util.concurrent.ThreadPoolExecutor.getTask(ThreadPoolExecutor.java:1074)&#10;        at java.util.concurrent.ThreadPoolExecutor.runWorker(ThreadPoolExecutor.java:1134)&#10;        at java.util.concurrent.ThreadPoolExecutor$Worker.run(ThreadPoolExecutor.java:624)&#10;        at java.lang.Thread.run(Thread.java:748)&#10;&quot;IPC Server handler 1 on 35120&quot; daemon prio=5 tid=1890 timed_waiting&#10;java.lang.Thread.State: TIMED_WAITING&#10;        at sun.misc.Unsafe.park(Native Method)&#10;        at java.util.concurrent.locks.LockSupport.parkNanos(LockSupport.java:215)&#10;        at java.util.concurrent.locks.AbstractQueuedSynchronizer$ConditionObject.awaitNanos(AbstractQueuedSynchronizer.java:2078)&#10;        at java.util.concurrent.LinkedBlockingQueue.poll(LinkedBlockingQueue.java:467)&#10;        at org.apache.hadoop.ipc.CallQueueManager.take(CallQueueManager.java:288)&#10;        at org.apache.hadoop.ipc.Server$Handler.run(Server.java:2668)&#10;&quot;IPC Server handler 17 on 40581&quot; daemon prio=5 tid=1926 timed_waiting&#10;java.lang.Thread.State: TIMED_WAITING&#10;        at sun.misc.Unsafe.park(Native Method)&#10;        at java.util.concurrent.locks.LockSupport.parkNanos(LockSupport.java:215)&#10;        at java.util.concurrent.locks.AbstractQueuedSynchronizer$ConditionObject.awaitNanos(AbstractQueuedSynchronizer.java:2078)&#10;        at java.util.concurrent.LinkedBlockingQueue.poll(LinkedBlockingQueue.java:467)&#10;        at org.apache.hadoop.ipc.CallQueueManager.take(CallQueueManager.java:288)&#10;        at org.apache.hadoop.ipc.Server$Handler.run(Server.java:2668)&#10;&quot;PartialTableCache Cleanup Thread - 0&quot; daemon prio=5 tid=3073 in Object.wait()&#10;java.lang.Thread.State: WAITING (on object monitor)&#10;        at sun.misc.Unsafe.park(Native Method)&#10;        at java.util.concurrent.locks.LockSupport.park(LockSupport.java:175)&#10;        at java.util.concurrent.locks.AbstractQueuedSynchronizer$ConditionObject.await(AbstractQueuedSynchronizer.java:2039)&#10;        at java.util.concurrent.LinkedBlockingQueue.take(LinkedBlockingQueue.java:442)&#10;        at java.util.concurrent.ThreadPoolExecutor.getTask(ThreadPoolExecutor.java:1074)&#10;        at java.util.concurrent.ThreadPoolExecutor.runWorker(ThreadPoolExecutor.java:1134)&#10;        at java.util.concurrent.ThreadPoolExecutor$Worker.run(ThreadPoolExecutor.java:624)&#10;        at java.lang.Thread.run(Thread.java:748)&#10;&quot;pool-158-thread-42&quot;  prio=5 tid=2380 in Object.wait()&#10;java.lang.Thread.State: WAITING (on object monitor)&#10;        at sun.misc.Unsafe.park(Native Method)&#10;        at java.util.concurrent.locks.LockSupport.park(LockSupport.java:175)&#10;        at java.util.concurrent.locks.AbstractQueuedSynchronizer$ConditionObject.await(AbstractQueuedSynchronizer.java:2039)&#10;        at java.util.concurrent.ArrayBlockingQueue.take(ArrayBlockingQueue.java:403)&#10;        at java.util.concurrent.ThreadPoolExecutor.getTask(ThreadPoolExecutor.java:1074)&#10;        at java.util.concurrent.ThreadPoolExecutor.runWorker(ThreadPoolExecutor.java:1134)&#10;        at java.util.concurrent.ThreadPoolExecutor$Worker.run(ThreadPoolExecutor.java:624)&#10;        at java.lang.Thread.run(Thread.java:748)&#10;&quot;pool-148-thread-23&quot;  prio=5 tid=2298 in Object.wait()&#10;java.lang.Thread.State: WAITING (on object monitor)&#10;        at sun.misc.Unsafe.park(Native Method)&#10;        at java.util.concurrent.locks.LockSupport.park(LockSupport.java:175)&#10;        at java.util.concurrent.locks.AbstractQueuedSynchronizer$ConditionObject.await(AbstractQueuedSynchronizer.java:2039)&#10;        at java.util.concurrent.ArrayBlockingQueue.take(ArrayBlockingQueue.java:403)&#10;        at java.util.concurrent.ThreadPoolExecutor.getTask(ThreadPoolExecutor.java:1074)&#10;        at java.util.concurrent.ThreadPoolExecutor.runWorker(ThreadPoolExecutor.java:1134)&#10;        at java.util.concurrent.ThreadPoolExecutor$Worker.run(ThreadPoolExecutor.java:624)&#10;        at java.lang.Thread.run(Thread.java:748)&#10;&quot;org.apache.ratis.server.impl.LogAppender$AppenderDaemon$$Lambda$466/1042245461@2abfa729&quot; daemon prio=5 tid=3212 timed_waiting&#10;java.lang.Thread.State: TIMED_WAITING&#10;        at java.lang.Object.wait(Native Method)&#10;        at org.apache.ratis.grpc.server.GrpcLogAppender.mayWait(GrpcLogAppender.java:149)&#10;        at org.apache.ratis.grpc.server.GrpcLogAppender.runAppenderImpl(GrpcLogAppender.java:103)&#10;        at org.apache.ratis.server.impl.LogAppender$AppenderDaemon.run(LogAppender.java:76)&#10;        at org.apache.ratis.server.impl.LogAppender$AppenderDaemon$$Lambda$466/1042245461.run(Unknown Source)&#10;        at java.lang.Thread.run(Thread.java:748)&#10;&quot;pool-168-thread-51&quot;  prio=5 tid=2451 in Object.wait()&#10;java.lang.Thread.State: WAITING (on object monitor)&#10;        at sun.misc.Unsafe.park(Native Method)&#10;        at java.util.concurrent.locks.LockSupport.park(LockSupport.java:175)&#10;        at java.util.concurrent.locks.AbstractQueuedSynchronizer$ConditionObject.await(AbstractQueuedSynchronizer.java:2039)&#10;        at java.util.concurrent.ArrayBlockingQueue.take(ArrayBlockingQueue.java:403)&#10;        at java.util.concurrent.ThreadPoolExecutor.getTask(ThreadPoolExecutor.java:1074)&#10;        at java.util.concurrent.ThreadPoolExecutor.runWorker(ThreadPoolExecutor.java:1134)&#10;        at java.util.concurrent.ThreadPoolExecutor$Worker.run(ThreadPoolExecutor.java:624)&#10;        at java.lang.Thread.run(Thread.java:748)&#10;&quot;IPC Server handler 0 on 40581&quot; daemon prio=5 tid=1909 timed_waiting&#10;java.lang.Thread.State: TIMED_WAITING&#10;        at sun.misc.Unsafe.park(Native Method)&#10;        at java.util.concurrent.locks.LockSupport.parkNanos(LockSupport.java:215)&#10;        at java.util.concurrent.locks.AbstractQueuedSynchronizer$ConditionObject.awaitNanos(AbstractQueuedSynchronizer.java:2078)&#10;        at java.util.concurrent.LinkedBlockingQueue.poll(LinkedBlockingQueue.java:467)&#10;        at org.apache.hadoop.ipc.CallQueueManager.take(CallQueueManager.java:288)&#10;        at org.apache.hadoop.ipc.Server$Handler.run(Server.java:2668)&#10;&quot;pool-238-thread-24&quot;  prio=5 tid=2858 in Object.wait()&#10;java.lang.Thread.State: WAITING (on object monitor)&#10;        at sun.misc.Unsafe.park(Native Method)&#10;        at java.util.concurrent.locks.LockSupport.park(LockSupport.java:175)&#10;        at java.util.concurrent.locks.AbstractQueuedSynchronizer$ConditionObject.await(AbstractQueuedSynchronizer.java:2039)&#10;        at java.util.concurrent.ArrayBlockingQueue.take(ArrayBlockingQueue.java:403)&#10;        at java.util.concurrent.ThreadPoolExecutor.getTask(ThreadPoolExecutor.java:1074)&#10;        at java.util.concurrent.ThreadPoolExecutor.runWorker(ThreadPoolExecutor.java:1134)&#10;        at java.util.concurrent.ThreadPoolExecutor$Worker.run(ThreadPoolExecutor.java:624)&#10;        at java.lang.Thread.run(Thread.java:748)&#10;&quot;pool-238-thread-23&quot;  prio=5 tid=2857 in Object.wait()&#10;java.lang.Thread.State: WAITING (on object monitor)&#10;        at sun.misc.Unsafe.park(Native Method)&#10;        at java.util.concurrent.locks.LockSupport.park(LockSupport.java:175)&#10;        at java.util.concurrent.locks.AbstractQueuedSynchronizer$ConditionObject.await(AbstractQueuedSynchronizer.java:2039)&#10;        at java.util.concurrent.ArrayBlockingQueue.take(ArrayBlockingQueue.java:403)&#10;        at java.util.concurrent.ThreadPoolExecutor.getTask(ThreadPoolExecutor.java:1074)&#10;        at java.util.concurrent.ThreadPoolExecutor.runWorker(ThreadPoolExecutor.java:1134)&#10;        at java.util.concurrent.ThreadPoolExecutor$Worker.run(ThreadPoolExecutor.java:624)&#10;        at java.lang.Thread.run(Thread.java:748)&#10;&quot;pool-148-thread-16&quot;  prio=5 tid=2291 in Object.wait()&#10;java.lang.Thread.State: WAITING (on object monitor)&#10;        at sun.misc.Unsafe.park(Native Method)&#10;        at java.util.concurrent.locks.LockSupport.park(LockSupport.java:175)&#10;        at java.util.concurrent.locks.AbstractQueuedSynchronizer$ConditionObject.await(AbstractQueuedSynchronizer.java:2039)&#10;        at java.util.concurrent.ArrayBlockingQueue.take(ArrayBlockingQueue.java:403)&#10;        at java.util.concurrent.ThreadPoolExecutor.getTask(ThreadPoolExecutor.java:1074)&#10;        at java.util.concurrent.ThreadPoolExecutor.runWorker(ThreadPoolExecutor.java:1134)&#10;        at java.util.concurrent.ThreadPoolExecutor$Worker.run(ThreadPoolExecutor.java:624)&#10;        at java.lang.Thread.run(Thread.java:748)&#10;&quot;pool-199-thread-1&quot;  prio=5 tid=2946 in Object.wait()&#10;java.lang.Thread.State: WAITING (on object monitor)&#10;        at sun.misc.Unsafe.park(Native Method)&#10;        at java.util.concurrent.locks.LockSupport.park(LockSupport.java:175)&#10;        at java.util.concurrent.locks.AbstractQueuedSynchronizer$ConditionObject.await(AbstractQueuedSynchronizer.java:2039)&#10;        at java.util.concurrent.LinkedBlockingQueue.take(LinkedBlockingQueue.java:442)&#10;        at java.util.concurrent.ThreadPoolExecutor.getTask(ThreadPoolExecutor.java:1074)&#10;        at java.util.concurrent.ThreadPoolExecutor.runWorker(ThreadPoolExecutor.java:1134)&#10;        at java.util.concurrent.ThreadPoolExecutor$Worker.run(ThreadPoolExecutor.java:624)&#10;        at java.lang.Thread.run(Thread.java:748)&#10;&quot;qtp769195805-2013&quot; daemon prio=5 tid=2013 runnable&#10;java.lang.Thread.State: RUNNABLE&#10;        at sun.nio.ch.EPollArrayWrapper.epollWait(Native Method)&#10;        at sun.nio.ch.EPollArrayWrapper.poll(EPollArrayWrapper.java:269)&#10;        at sun.nio.ch.EPollSelectorImpl.doSelect(EPollSelectorImpl.java:93)&#10;        at sun.nio.ch.SelectorImpl.lockAndDoSelect(SelectorImpl.java:86)&#10;        at sun.nio.ch.SelectorImpl.select(SelectorImpl.java:97)&#10;        at sun.nio.ch.SelectorImpl.select(SelectorImpl.java:101)&#10;        at org.eclipse.jetty.io.ManagedSelector$SelectorProducer.select(ManagedSelector.java:243)&#10;        at org.eclipse.jetty.io.ManagedSelector$SelectorProducer.produce(ManagedSelector.java:191)&#10;        at org.eclipse.jetty.util.thread.strategy.ExecuteProduceConsume.executeProduceConsume(ExecuteProduceConsume.java:249)&#10;        at org.eclipse.jetty.util.thread.strategy.ExecuteProduceConsume.produceConsume(ExecuteProduceConsume.java:148)&#10;        at org.eclipse.jetty.util.thread.strategy.ExecuteProduceConsume.execute(ExecuteProduceConsume.java:100)&#10;        at org.eclipse.jetty.io.ManagedSelector.run(ManagedSelector.java:147)&#10;        at org.eclipse.jetty.util.thread.QueuedThreadPool.runJob(QueuedThreadPool.java:671)&#10;        at org.eclipse.jetty.util.thread.QueuedThreadPool$2.run(QueuedThreadPool.java:589)&#10;        at java.lang.Thread.run(Thread.java:748)&#10;&quot;pool-168-thread-33&quot;  prio=5 tid=2433 in Object.wait()&#10;java.lang.Thread.State: WAITING (on object monitor)&#10;        at sun.misc.Unsafe.park(Native Method)&#10;        at java.util.concurrent.locks.LockSupport.park(LockSupport.java:175)&#10;        at java.util.concurrent.locks.AbstractQueuedSynchronizer$ConditionObject.await(AbstractQueuedSynchronizer.java:2039)&#10;        at java.util.concurrent.ArrayBlockingQueue.take(ArrayBlockingQueue.java:403)&#10;        at java.util.concurrent.ThreadPoolExecutor.getTask(ThreadPoolExecutor.java:1074)&#10;        at java.util.concurrent.ThreadPoolExecutor.runWorker(ThreadPoolExecutor.java:1134)&#10;        at java.util.concurrent.ThreadPoolExecutor$Worker.run(ThreadPoolExecutor.java:624)&#10;        at java.lang.Thread.run(Thread.java:748)&#10;&quot;pool-148-thread-43&quot;  prio=5 tid=2318 in Object.wait()&#10;java.lang.Thread.State: WAITING (on object monitor)&#10;        at sun.misc.Unsafe.park(Native Method)&#10;        at java.util.concurrent.locks.LockSupport.park(LockSupport.java:175)&#10;        at java.util.concurrent.locks.AbstractQueuedSynchronizer$ConditionObject.await(AbstractQueuedSynchronizer.java:2039)&#10;        at java.util.concurrent.ArrayBlockingQueue.take(ArrayBlockingQueue.java:403)&#10;        at java.util.concurrent.ThreadPoolExecutor.getTask(ThreadPoolExecutor.java:1074)&#10;        at java.util.concurrent.ThreadPoolExecutor.runWorker(ThreadPoolExecutor.java:1134)&#10;        at java.util.concurrent.ThreadPoolExecutor$Worker.run(ThreadPoolExecutor.java:624)&#10;        at java.lang.Thread.run(Thread.java:748)&#10;&quot;pool-208-thread-15&quot;  prio=5 tid=2663 in Object.wait()&#10;java.lang.Thread.State: WAITING (on object monitor)&#10;        at sun.misc.Unsafe.park(Native Method)&#10;        at java.util.concurrent.locks.LockSupport.park(LockSupport.java:175)&#10;        at java.util.concurrent.locks.AbstractQueuedSynchronizer$ConditionObject.await(AbstractQueuedSynchronizer.java:2039)&#10;        at java.util.concurrent.ArrayBlockingQueue.take(ArrayBlockingQueue.java:403)&#10;        at java.util.concurrent.ThreadPoolExecutor.getTask(ThreadPoolExecutor.java:1074)&#10;        at java.util.concurrent.ThreadPoolExecutor.runWorker(ThreadPoolExecutor.java:1134)&#10;        at java.util.concurrent.ThreadPoolExecutor$Worker.run(ThreadPoolExecutor.java:624)&#10;        at java.lang.Thread.run(Thread.java:748)&#10;&quot;pool-198-thread-23&quot;  prio=5 tid=2609 in Object.wait()&#10;java.lang.Thread.State: WAITING (on object monitor)&#10;        at sun.misc.Unsafe.park(Native Method)&#10;        at java.util.concurrent.locks.LockSupport.park(LockSupport.java:175)&#10;        at java.util.concurrent.locks.AbstractQueuedSynchronizer$ConditionObject.await(AbstractQueuedSynchronizer.java:2039)&#10;        at java.util.concurrent.ArrayBlockingQueue.take(ArrayBlockingQueue.java:403)&#10;        at java.util.concurrent.ThreadPoolExecutor.getTask(ThreadPoolExecutor.java:1074)&#10;        at java.util.concurrent.ThreadPoolExecutor.runWorker(ThreadPoolExecutor.java:1134)&#10;        at java.util.concurrent.ThreadPoolExecutor$Worker.run(ThreadPoolExecutor.java:624)&#10;        at java.lang.Thread.run(Thread.java:748)&#10;&quot;EventQueue-DatanodeCommandForSCMNodeManager&quot;  prio=5 tid=3109 in Object.wait()&#10;java.lang.Thread.State: WAITING (on object monitor)&#10;        at sun.misc.Unsafe.park(Native Method)&#10;        at java.util.concurrent.locks.LockSupport.park(LockSupport.java:175)&#10;        at java.util.concurrent.locks.AbstractQueuedSynchronizer$ConditionObject.await(AbstractQueuedSynchronizer.java:2039)&#10;        at java.util.concurrent.LinkedBlockingQueue.take(LinkedBlockingQueue.java:442)&#10;        at java.util.concurrent.ThreadPoolExecutor.getTask(ThreadPoolExecutor.java:1074)&#10;        at java.util.concurrent.ThreadPoolExecutor.runWorker(ThreadPoolExecutor.java:1134)&#10;        at java.util.concurrent.ThreadPoolExecutor$Worker.run(ThreadPoolExecutor.java:624)&#10;        at java.lang.Thread.run(Thread.java:748)&#10;&quot;Datanode ReportManager Thread - 2&quot; daemon prio=5 tid=2054 in Object.wait()&#10;java.lang.Thread.State: WAITING (on object monitor)&#10;        at sun.misc.Unsafe.park(Native Method)&#10;        at java.util.concurrent.locks.LockSupport.park(LockSupport.java:175)&#10;        at java.util.concurrent.locks.AbstractQueuedSynchronizer$ConditionObject.await(AbstractQueuedSynchronizer.java:2039)&#10;        at java.util.concurrent.ScheduledThreadPoolExecutor$DelayedWorkQueue.take(ScheduledThreadPoolExecutor.java:1088)&#10;        at java.util.concurrent.ScheduledThreadPoolExecutor$DelayedWorkQueue.take(ScheduledThreadPoolExecutor.java:809)&#10;        at java.util.concurrent.ThreadPoolExecutor.getTask(ThreadPoolExecutor.java:1074)&#10;        at java.util.concurrent.ThreadPoolExecutor.runWorker(ThreadPoolExecutor.java:1134)&#10;        at java.util.concurrent.ThreadPoolExecutor$Worker.run(ThreadPoolExecutor.java:624)&#10;        at java.lang.Thread.run(Thread.java:748)&#10;&quot;pool-218-thread-17&quot;  prio=5 tid=2727 in Object.wait()&#10;java.lang.Thread.State: WAITING (on object monitor)&#10;        at sun.misc.Unsafe.park(Native Method)&#10;        at java.util.concurrent.locks.LockSupport.park(LockSupport.java:175)&#10;        at java.util.concurrent.locks.AbstractQueuedSynchronizer$ConditionObject.await(AbstractQueuedSynchronizer.java:2039)&#10;        at java.util.concurrent.ArrayBlockingQueue.take(ArrayBlockingQueue.java:403)&#10;        at java.util.concurrent.ThreadPoolExecutor.getTask(ThreadPoolExecutor.java:1074)&#10;        at java.util.concurrent.ThreadPoolExecutor.runWorker(ThreadPoolExecutor.java:1134)&#10;        at java.util.concurrent.ThreadPoolExecutor$Worker.run(ThreadPoolExecutor.java:624)&#10;        at java.lang.Thread.run(Thread.java:748)&#10;&quot;pool-218-thread-24&quot;  prio=5 tid=2734 in Object.wait()&#10;java.lang.Thread.State: WAITING (on object monitor)&#10;        at sun.misc.Unsafe.park(Native Method)&#10;        at java.util.concurrent.locks.LockSupport.park(LockSupport.java:175)&#10;        at java.util.concurrent.locks.AbstractQueuedSynchronizer$ConditionObject.await(AbstractQueuedSynchronizer.java:2039)&#10;        at java.util.concurrent.ArrayBlockingQueue.take(ArrayBlockingQueue.java:403)&#10;        at java.util.concurrent.ThreadPoolExecutor.getTask(ThreadPoolExecutor.java:1074)&#10;        at java.util.concurrent.ThreadPoolExecutor.runWorker(ThreadPoolExecutor.java:1134)&#10;        at java.util.concurrent.ThreadPoolExecutor$Worker.run(ThreadPoolExecutor.java:624)&#10;        at java.lang.Thread.run(Thread.java:748)&#10;&quot;pool-168-thread-8&quot;  prio=5 tid=2408 in Object.wait()&#10;java.lang.Thread.State: WAITING (on object monitor)&#10;        at sun.misc.Unsafe.park(Native Method)&#10;        at java.util.concurrent.locks.LockSupport.park(LockSupport.java:175)&#10;        at java.util.concurrent.locks.AbstractQueuedSynchronizer$ConditionObject.await(AbstractQueuedSynchronizer.java:2039)&#10;        at java.util.concurrent.ArrayBlockingQueue.take(ArrayBlockingQueue.java:403)&#10;        at java.util.concurrent.ThreadPoolExecutor.getTask(ThreadPoolExecutor.java:1074)&#10;        at java.util.concurrent.ThreadPoolExecutor.runWorker(ThreadPoolExecutor.java:1134)&#10;        at java.util.concurrent.ThreadPoolExecutor$Worker.run(ThreadPoolExecutor.java:624)&#10;        at java.lang.Thread.run(Thread.java:748)&#10;&quot;org.eclipse.jetty.server.session.HashSessionManager@69aa7d76Timer&quot; daemon prio=5 tid=2212 timed_waiting&#10;java.lang.Thread.State: TIMED_WAITING&#10;        at sun.misc.Unsafe.park(Native Method)&#10;        at java.util.concurrent.locks.LockSupport.parkNanos(LockSupport.java:215)&#10;        at java.util.concurrent.locks.AbstractQueuedSynchronizer$ConditionObject.awaitNanos(AbstractQueuedSynchronizer.java:2078)&#10;        at java.util.concurrent.ScheduledThreadPoolExecutor$DelayedWorkQueue.take(ScheduledThreadPoolExecutor.java:1093)&#10;        at java.util.concurrent.ScheduledThreadPoolExecutor$DelayedWorkQueue.take(ScheduledThreadPoolExecutor.java:809)&#10;        at java.util.concurrent.ThreadPoolExecutor.getTask(ThreadPoolExecutor.java:1074)&#10;        at java.util.concurrent.ThreadPoolExecutor.runWorker(ThreadPoolExecutor.java:1134)&#10;        at java.util.concurrent.ThreadPoolExecutor$Worker.run(ThreadPoolExecutor.java:624)&#10;        at java.lang.Thread.run(Thread.java:748)&#10;&quot;Datanode ReportManager Thread - 3&quot; daemon prio=5 tid=228 in Object.wait()&#10;java.lang.Thread.State: WAITING (on object monitor)&#10;        at sun.misc.Unsafe.park(Native Method)&#10;        at java.util.concurrent.locks.LockSupport.park(LockSupport.java:175)&#10;        at java.util.concurrent.locks.AbstractQueuedSynchronizer$ConditionObject.await(AbstractQueuedSynchronizer.java:2039)&#10;        at java.util.concurrent.ScheduledThreadPoolExecutor$DelayedWorkQueue.take(ScheduledThreadPoolExecutor.java:1088)&#10;        at java.util.concurrent.ScheduledThreadPoolExecutor$DelayedWorkQueue.take(ScheduledThreadPoolExecutor.java:809)&#10;        at java.util.concurrent.ThreadPoolExecutor.getTask(ThreadPoolExecutor.java:1074)&#10;        at java.util.concurrent.ThreadPoolExecutor.runWorker(ThreadPoolExecutor.java:1134)&#10;        at java.util.concurrent.ThreadPoolExecutor$Worker.run(ThreadPoolExecutor.java:624)&#10;        at java.lang.Thread.run(Thread.java:748)&#10;&quot;grpc-shared-destroyer-0&quot; daemon prio=5 tid=1872 in Object.wait()&#10;java.lang.Thread.State: WAITING (on object monitor)&#10;        at sun.misc.Unsafe.park(Native Method)&#10;        at java.util.concurrent.locks.LockSupport.park(LockSupport.java:175)&#10;        at java.util.concurrent.locks.AbstractQueuedSynchronizer$ConditionObject.await(AbstractQueuedSynchronizer.java:2039)&#10;        at java.util.concurrent.ScheduledThreadPoolExecutor$DelayedWorkQueue.take(ScheduledThreadPoolExecutor.java:1081)&#10;        at java.util.concurrent.ScheduledThreadPoolExecutor$DelayedWorkQueue.take(ScheduledThreadPoolExecutor.java:809)&#10;        at java.util.concurrent.ThreadPoolExecutor.getTask(ThreadPoolExecutor.java:1074)&#10;        at java.util.concurrent.ThreadPoolExecutor.runWorker(ThreadPoolExecutor.java:1134)&#10;        at java.util.concurrent.ThreadPoolExecutor$Worker.run(ThreadPoolExecutor.java:624)&#10;        at java.lang.Thread.run(Thread.java:748)&#10;&quot;Datanode ReportManager Thread - 2&quot; daemon prio=5 tid=2216 in Object.wait()&#10;java.lang.Thread.State: WAITING (on object monitor)&#10;        at sun.misc.Unsafe.park(Native Method)&#10;        at java.util.concurrent.locks.LockSupport.park(LockSupport.java:175)&#10;        at java.util.concurrent.locks.AbstractQueuedSynchronizer$ConditionObject.await(AbstractQueuedSynchronizer.java:2039)&#10;        at java.util.concurrent.ScheduledThreadPoolExecutor$DelayedWorkQueue.take(ScheduledThreadPoolExecutor.java:1088)&#10;        at java.util.concurrent.ScheduledThreadPoolExecutor$DelayedWorkQueue.take(ScheduledThreadPoolExecutor.java:809)&#10;        at java.util.concurrent.ThreadPoolExecutor.getTask(ThreadPoolExecutor.java:1074)&#10;        at java.util.concurrent.ThreadPoolExecutor.runWorker(ThreadPoolExecutor.java:1134)&#10;        at java.util.concurrent.ThreadPoolExecutor$Worker.run(ThreadPoolExecutor.java:624)&#10;        at java.lang.Thread.run(Thread.java:748)&#10;&quot;qtp2010856706-2207&quot; daemon prio=5 tid=2207 timed_waiting&#10;java.lang.Thread.State: TIMED_WAITING&#10;        at sun.misc.Unsafe.park(Native Method)&#10;        at java.util.concurrent.locks.LockSupport.parkNanos(LockSupport.java:215)&#10;        at java.util.concurrent.locks.AbstractQueuedSynchronizer$ConditionObject.awaitNanos(AbstractQueuedSynchronizer.java:2078)&#10;        at org.eclipse.jetty.util.BlockingArrayQueue.poll(BlockingArrayQueue.java:392)&#10;        at org.eclipse.jetty.util.thread.QueuedThreadPool.idleJobPoll(QueuedThreadPool.java:563)&#10;        at org.eclipse.jetty.util.thread.QueuedThreadPool.access$800(QueuedThreadPool.java:48)&#10;        at org.eclipse.jetty.util.thread.QueuedThreadPool$2.run(QueuedThreadPool.java:626)&#10;        at java.lang.Thread.run(Thread.java:748)&#10;&quot;pool-228-thread-10&quot;  prio=5 tid=2782 in Object.wait()&#10;java.lang.Thread.State: WAITING (on object monitor)&#10;        at sun.misc.Unsafe.park(Native Method)&#10;        at java.util.concurrent.locks.LockSupport.park(LockSupport.java:175)&#10;        at java.util.concurrent.locks.AbstractQueuedSynchronizer$ConditionObject.await(AbstractQueuedSynchronizer.java:2039)&#10;        at java.util.concurrent.ArrayBlockingQueue.take(ArrayBlockingQueue.java:403)&#10;        at java.util.concurrent.ThreadPoolExecutor.getTask(ThreadPoolExecutor.java:1074)&#10;        at java.util.concurrent.ThreadPoolExecutor.runWorker(ThreadPoolExecutor.java:1134)&#10;        at java.util.concurrent.ThreadPoolExecutor$Worker.run(ThreadPoolExecutor.java:624)&#10;        at java.lang.Thread.run(Thread.java:748)&#10;&quot;Datanode ReportManager Thread - 1&quot; daemon prio=5 tid=226 in Object.wait()&#10;java.lang.Thread.State: WAITING (on object monitor)&#10;        at sun.misc.Unsafe.park(Native Method)&#10;        at java.util.concurrent.locks.LockSupport.park(LockSupport.java:175)&#10;        at java.util.concurrent.locks.AbstractQueuedSynchronizer$ConditionObject.await(AbstractQueuedSynchronizer.java:2039)&#10;        at java.util.concurrent.ScheduledThreadPoolExecutor$DelayedWorkQueue.take(ScheduledThreadPoolExecutor.java:1088)&#10;        at java.util.concurrent.ScheduledThreadPoolExecutor$DelayedWorkQueue.take(ScheduledThreadPoolExecutor.java:809)&#10;        at java.util.concurrent.ThreadPoolExecutor.getTask(ThreadPoolExecutor.java:1074)&#10;        at java.util.concurrent.ThreadPoolExecutor.runWorker(ThreadPoolExecutor.java:1134)&#10;        at java.util.concurrent.ThreadPoolExecutor$Worker.run(ThreadPoolExecutor.java:624)&#10;        at java.lang.Thread.run(Thread.java:748)&#10;&quot;pool-198-thread-28&quot;  prio=5 tid=2614 in Object.wait()&#10;java.lang.Thread.State: WAITING (on object monitor)&#10;        at sun.misc.Unsafe.park(Native Method)&#10;        at java.util.concurrent.locks.LockSupport.park(LockSupport.java:175)&#10;        at java.util.concurrent.locks.AbstractQueuedSynchronizer$ConditionObject.await(AbstractQueuedSynchronizer.java:2039)&#10;        at java.util.concurrent.ArrayBlockingQueue.take(ArrayBlockingQueue.java:403)&#10;        at java.util.concurrent.ThreadPoolExecutor.getTask(ThreadPoolExecutor.java:1074)&#10;        at java.util.concurrent.ThreadPoolExecutor.runWorker(ThreadPoolExecutor.java:1134)&#10;        at java.util.concurrent.ThreadPoolExecutor$Worker.run(ThreadPoolExecutor.java:624)&#10;        at java.lang.Thread.run(Thread.java:748)&#10;&quot;pool-198-thread-14&quot;  prio=5 tid=2600 in Object.wait()&#10;java.lang.Thread.State: WAITING (on object monitor)&#10;        at sun.misc.Unsafe.park(Native Method)&#10;        at java.util.concurrent.locks.LockSupport.park(LockSupport.java:175)&#10;        at java.util.concurrent.locks.AbstractQueuedSynchronizer$ConditionObject.await(AbstractQueuedSynchronizer.java:2039)&#10;        at java.util.concurrent.ArrayBlockingQueue.take(ArrayBlockingQueue.java:403)&#10;        at java.util.concurrent.ThreadPoolExecutor.getTask(ThreadPoolExecutor.java:1074)&#10;        at java.util.concurrent.ThreadPoolExecutor.runWorker(ThreadPoolExecutor.java:1134)&#10;        at java.util.concurrent.ThreadPoolExecutor$Worker.run(ThreadPoolExecutor.java:624)&#10;        at java.lang.Thread.run(Thread.java:748)&#10;&quot;pool-158-thread-17&quot;  prio=5 tid=2355 in Object.wait()&#10;java.lang.Thread.State: WAITING (on object monitor)&#10;        at sun.misc.Unsafe.park(Native Method)&#10;        at java.util.concurrent.locks.LockSupport.park(LockSupport.java:175)&#10;        at java.util.concurrent.locks.AbstractQueuedSynchronizer$ConditionObject.await(AbstractQueuedSynchronizer.java:2039)&#10;        at java.util.concurrent.ArrayBlockingQueue.take(ArrayBlockingQueue.java:403)&#10;        at java.util.concurrent.ThreadPoolExecutor.getTask(ThreadPoolExecutor.java:1074)&#10;        at java.util.concurrent.ThreadPoolExecutor.runWorker(ThreadPoolExecutor.java:1134)&#10;        at java.util.concurrent.ThreadPoolExecutor$Worker.run(ThreadPoolExecutor.java:624)&#10;        at java.lang.Thread.run(Thread.java:748)&#10;&quot;pool-148-thread-39&quot;  prio=5 tid=2314 in Object.wait()&#10;java.lang.Thread.State: WAITING (on object monitor)&#10;        at sun.misc.Unsafe.park(Native Method)&#10;        at java.util.concurrent.locks.LockSupport.park(LockSupport.java:175)&#10;        at java.util.concurrent.locks.AbstractQueuedSynchronizer$ConditionObject.await(AbstractQueuedSynchronizer.java:2039)&#10;        at java.util.concurrent.ArrayBlockingQueue.take(ArrayBlockingQueue.java:403)&#10;        at java.util.concurrent.ThreadPoolExecutor.getTask(ThreadPoolExecutor.java:1074)&#10;        at java.util.concurrent.ThreadPoolExecutor.runWorker(ThreadPoolExecutor.java:1134)&#10;        at java.util.concurrent.ThreadPoolExecutor$Worker.run(ThreadPoolExecutor.java:624)&#10;        at java.lang.Thread.run(Thread.java:748)&#10;&quot;Datanode State Machine Thread - 0&quot; daemon prio=5 tid=2213 timed_waiting&#10;java.lang.Thread.State: TIMED_WAITING&#10;        at java.lang.Thread.sleep(Native Method)&#10;        at org.apache.hadoop.ozone.container.common.statemachine.DatanodeStateMachine.start(DatanodeStateMachine.java:196)&#10;        at org.apache.hadoop.ozone.container.common.statemachine.DatanodeStateMachine.lambda$startDaemon$0(DatanodeStateMachine.java:354)&#10;        at org.apache.hadoop.ozone.container.common.statemachine.DatanodeStateMachine$$Lambda$141/502066023.run(Unknown Source)&#10;        at java.lang.Thread.run(Thread.java:748)&#10;&quot;pool-178-thread-19&quot;  prio=5 tid=2481 in Object.wait()&#10;java.lang.Thread.State: WAITING (on object monitor)&#10;        at sun.misc.Unsafe.park(Native Method)&#10;        at java.util.concurrent.locks.LockSupport.park(LockSupport.java:175)&#10;        at java.util.concurrent.locks.AbstractQueuedSynchronizer$ConditionObject.await(AbstractQueuedSynchronizer.java:2039)&#10;        at java.util.concurrent.ArrayBlockingQueue.take(ArrayBlockingQueue.java:403)&#10;        at java.util.concurrent.ThreadPoolExecutor.getTask(ThreadPoolExecutor.java:1074)&#10;        at java.util.concurrent.ThreadPoolExecutor.runWorker(ThreadPoolExecutor.java:1134)&#10;        at java.util.concurrent.ThreadPoolExecutor$Worker.run(ThreadPoolExecutor.java:624)&#10;        at java.lang.Thread.run(Thread.java:748)&#10;&quot;pool-176-thread-1&quot; daemon prio=5 tid=2091 timed_waiting&#10;java.lang.Thread.State: TIMED_WAITING&#10;        at sun.misc.Unsafe.park(Native Method)&#10;        at java.util.concurrent.locks.LockSupport.parkNanos(LockSupport.java:215)&#10;        at java.util.concurrent.locks.AbstractQueuedSynchronizer$ConditionObject.awaitNanos(AbstractQueuedSynchronizer.java:2078)&#10;        at java.util.concurrent.ScheduledThreadPoolExecutor$DelayedWorkQueue.take(ScheduledThreadPoolExecutor.java:1093)&#10;        at java.util.concurrent.ScheduledThreadPoolExecutor$DelayedWorkQueue.take(ScheduledThreadPoolExecutor.java:809)&#10;        at java.util.concurrent.ThreadPoolExecutor.getTask(ThreadPoolExecutor.java:1074)&#10;        at java.util.concurrent.ThreadPoolExecutor.runWorker(ThreadPoolExecutor.java:1134)&#10;        at java.util.concurrent.ThreadPoolExecutor$Worker.run(ThreadPoolExecutor.java:624)&#10;        at java.lang.Thread.run(Thread.java:748)&#10;&quot;pool-188-thread-33&quot;  prio=5 tid=2557 in Object.wait()&#10;java.lang.Thread.State: WAITING (on object monitor)&#10;        at sun.misc.Unsafe.park(Native Method)&#10;        at java.util.concurrent.locks.LockSupport.park(LockSupport.java:175)&#10;        at java.util.concurrent.locks.AbstractQueuedSynchronizer$ConditionObject.await(AbstractQueuedSynchronizer.java:2039)&#10;        at java.util.concurrent.ArrayBlockingQueue.take(ArrayBlockingQueue.java:403)&#10;        at java.util.concurrent.ThreadPoolExecutor.getTask(ThreadPoolExecutor.java:1074)&#10;        at java.util.concurrent.ThreadPoolExecutor.runWorker(ThreadPoolExecutor.java:1134)&#10;        at java.util.concurrent.ThreadPoolExecutor$Worker.run(ThreadPoolExecutor.java:624)&#10;        at java.lang.Thread.run(Thread.java:748)&#10;&quot;c182b01b-afca-4fcd-8295-9462a850df3a@group-529DDC391E9C-SegmentedRaftLogWorker&quot;  prio=5 tid=3132 timed_waiting&#10;java.lang.Thread.State: TIMED_WAITING&#10;        at sun.misc.Unsafe.park(Native Method)&#10;        at java.util.concurrent.locks.LockSupport.parkNanos(LockSupport.java:215)&#10;        at java.util.concurrent.locks.AbstractQueuedSynchronizer$ConditionObject.awaitNanos(AbstractQueuedSynchronizer.java:2078)&#10;        at org.apache.ratis.util.DataBlockingQueue.poll(DataBlockingQueue.java:137)&#10;        at org.apache.ratis.server.raftlog.segmented.SegmentedRaftLogWorker.run(SegmentedRaftLogWorker.java:282)&#10;        at java.lang.Thread.run(Thread.java:748)&#10;&quot;pool-218-thread-2&quot;  prio=5 tid=2712 in Object.wait()&#10;java.lang.Thread.State: WAITING (on object monitor)&#10;        at sun.misc.Unsafe.park(Native Method)&#10;        at java.util.concurrent.locks.LockSupport.park(LockSupport.java:175)&#10;        at java.util.concurrent.locks.AbstractQueuedSynchronizer$ConditionObject.await(AbstractQueuedSynchronizer.java:2039)&#10;        at java.util.concurrent.ArrayBlockingQueue.take(ArrayBlockingQueue.java:403)&#10;        at java.util.concurrent.ThreadPoolExecutor.getTask(ThreadPoolExecutor.java:1074)&#10;        at java.util.concurrent.ThreadPoolExecutor.runWorker(ThreadPoolExecutor.java:1134)&#10;        at java.util.concurrent.ThreadPoolExecutor$Worker.run(ThreadPoolExecutor.java:624)&#10;        at java.lang.Thread.run(Thread.java:748)&#10;&quot;pool-228-thread-50&quot;  prio=5 tid=2822 in Object.wait()&#10;java.lang.Thread.State: WAITING (on object monitor)&#10;        at sun.misc.Unsafe.park(Native Method)&#10;        at java.util.concurrent.locks.LockSupport.park(LockSupport.java:175)&#10;        at java.util.concurrent.locks.AbstractQueuedSynchronizer$ConditionObject.await(AbstractQueuedSynchronizer.java:2039)&#10;        at java.util.concurrent.ArrayBlockingQueue.take(ArrayBlockingQueue.java:403)&#10;        at java.util.concurrent.ThreadPoolExecutor.getTask(ThreadPoolExecutor.java:1074)&#10;        at java.util.concurrent.ThreadPoolExecutor.runWorker(ThreadPoolExecutor.java:1134)&#10;        at java.util.concurrent.ThreadPoolExecutor$Worker.run(ThreadPoolExecutor.java:624)&#10;        at java.lang.Thread.run(Thread.java:748)&#10;&quot;pool-238-thread-44&quot;  prio=5 tid=2878 in Object.wait()&#10;java.lang.Thread.State: WAITING (on object monitor)&#10;        at sun.misc.Unsafe.park(Native Method)&#10;        at java.util.concurrent.locks.LockSupport.park(LockSupport.java:175)&#10;        at java.util.concurrent.locks.AbstractQueuedSynchronizer$ConditionObject.await(AbstractQueuedSynchronizer.java:2039)&#10;        at java.util.concurrent.ArrayBlockingQueue.take(ArrayBlockingQueue.java:403)&#10;        at java.util.concurrent.ThreadPoolExecutor.getTask(ThreadPoolExecutor.java:1074)&#10;        at java.util.concurrent.ThreadPoolExecutor.runWorker(ThreadPoolExecutor.java:1134)&#10;        at java.util.concurrent.ThreadPoolExecutor$Worker.run(ThreadPoolExecutor.java:624)&#10;        at java.lang.Thread.run(Thread.java:748)&#10;&quot;pool-148-thread-31&quot;  prio=5 tid=2306 in Object.wait()&#10;java.lang.Thread.State: WAITING (on object monitor)&#10;        at sun.misc.Unsafe.park(Native Method)&#10;        at java.util.concurrent.locks.LockSupport.park(LockSupport.java:175)&#10;        at java.util.concurrent.locks.AbstractQueuedSynchronizer$ConditionObject.await(AbstractQueuedSynchronizer.java:2039)&#10;        at java.util.concurrent.ArrayBlockingQueue.take(ArrayBlockingQueue.java:403)&#10;        at java.util.concurrent.ThreadPoolExecutor.getTask(ThreadPoolExecutor.java:1074)&#10;        at java.util.concurrent.ThreadPoolExecutor.runWorker(ThreadPoolExecutor.java:1134)&#10;        at java.util.concurrent.ThreadPoolExecutor$Worker.run(ThreadPoolExecutor.java:624)&#10;        at java.lang.Thread.run(Thread.java:748)&#10;&quot;IPC Client (465909321) connection to /0.0.0.0:39845 from jenkins1000&quot; daemon prio=5 tid=2275 timed_waiting&#10;java.lang.Thread.State: TIMED_WAITING&#10;        at java.lang.Object.wait(Native Method)&#10;        at org.apache.hadoop.ipc.Client$Connection.waitForWork(Client.java:1024)&#10;        at org.apache.hadoop.ipc.Client$Connection.run(Client.java:1068)&#10;&quot;pool-148-thread-48&quot;  prio=5 tid=2323 in Object.wait()&#10;java.lang.Thread.State: WAITING (on object monitor)&#10;        at sun.misc.Unsafe.park(Native Method)&#10;        at java.util.concurrent.locks.LockSupport.park(LockSupport.java:175)&#10;        at java.util.concurrent.locks.AbstractQueuedSynchronizer$ConditionObject.await(AbstractQueuedSynchronizer.java:2039)&#10;        at java.util.concurrent.ArrayBlockingQueue.take(ArrayBlockingQueue.java:403)&#10;        at java.util.concurrent.ThreadPoolExecutor.getTask(ThreadPoolExecutor.java:1074)&#10;        at java.util.concurrent.ThreadPoolExecutor.runWorker(ThreadPoolExecutor.java:1134)&#10;        at java.util.concurrent.ThreadPoolExecutor$Worker.run(ThreadPoolExecutor.java:624)&#10;        at java.lang.Thread.run(Thread.java:748)&#10;&quot;pool-218-thread-44&quot;  prio=5 tid=2754 in Object.wait()&#10;java.lang.Thread.State: WAITING (on object monitor)&#10;        at sun.misc.Unsafe.park(Native Method)&#10;        at java.util.concurrent.locks.LockSupport.park(LockSupport.java:175)&#10;        at java.util.concurrent.locks.AbstractQueuedSynchronizer$ConditionObject.await(AbstractQueuedSynchronizer.java:2039)&#10;        at java.util.concurrent.ArrayBlockingQueue.take(ArrayBlockingQueue.java:403)&#10;        at java.util.concurrent.ThreadPoolExecutor.getTask(ThreadPoolExecutor.java:1074)&#10;        at java.util.concurrent.ThreadPoolExecutor.runWorker(ThreadPoolExecutor.java:1134)&#10;        at java.util.concurrent.ThreadPoolExecutor$Worker.run(ThreadPoolExecutor.java:624)&#10;        at java.lang.Thread.run(Thread.java:748)&#10;&quot;pool-148-thread-35&quot;  prio=5 tid=2310 in Object.wait()&#10;java.lang.Thread.State: WAITING (on object monitor)&#10;        at sun.misc.Unsafe.park(Native Method)&#10;        at java.util.concurrent.locks.LockSupport.park(LockSupport.java:175)&#10;        at java.util.concurrent.locks.AbstractQueuedSynchronizer$ConditionObject.await(AbstractQueuedSynchronizer.java:2039)&#10;        at java.util.concurrent.ArrayBlockingQueue.take(ArrayBlockingQueue.java:403)&#10;        at java.util.concurrent.ThreadPoolExecutor.getTask(ThreadPoolExecutor.java:1074)&#10;        at java.util.concurrent.ThreadPoolExecutor.runWorker(ThreadPoolExecutor.java:1134)&#10;        at java.util.concurrent.ThreadPoolExecutor$Worker.run(ThreadPoolExecutor.java:624)&#10;        at java.lang.Thread.run(Thread.java:748)&#10;&quot;IPC Server handler 7 on 40581&quot; daemon prio=5 tid=1916 timed_waiting&#10;java.lang.Thread.State: TIMED_WAITING&#10;        at sun.misc.Unsafe.park(Native Method)&#10;        at java.util.concurrent.locks.LockSupport.parkNanos(LockSupport.java:215)&#10;        at java.util.concurrent.locks.AbstractQueuedSynchronizer$ConditionObject.awaitNanos(AbstractQueuedSynchronizer.java:2078)&#10;        at java.util.concurrent.LinkedBlockingQueue.poll(LinkedBlockingQueue.java:467)&#10;        at org.apache.hadoop.ipc.CallQueueManager.take(CallQueueManager.java:288)&#10;        at org.apache.hadoop.ipc.Server$Handler.run(Server.java:2668)&#10;&quot;Datanode ReportManager Thread - 2&quot; daemon prio=5 tid=200 in Object.wait()&#10;java.lang.Thread.State: WAITING (on object monitor)&#10;        at sun.misc.Unsafe.park(Native Method)&#10;        at java.util.concurrent.locks.LockSupport.park(LockSupport.java:175)&#10;        at java.util.concurrent.locks.AbstractQueuedSynchronizer$ConditionObject.await(AbstractQueuedSynchronizer.java:2039)&#10;        at java.util.concurrent.ScheduledThreadPoolExecutor$DelayedWorkQueue.take(ScheduledThreadPoolExecutor.java:1088)&#10;        at java.util.concurrent.ScheduledThreadPoolExecutor$DelayedWorkQueue.take(ScheduledThreadPoolExecutor.java:809)&#10;        at java.util.concurrent.ThreadPoolExecutor.getTask(ThreadPoolExecutor.java:1074)&#10;        at java.util.concurrent.ThreadPoolExecutor.runWorker(ThreadPoolExecutor.java:1134)&#10;        at java.util.concurrent.ThreadPoolExecutor$Worker.run(ThreadPoolExecutor.java:624)&#10;        at java.lang.Thread.run(Thread.java:748)&#10;&quot;pool-208-thread-5&quot;  prio=5 tid=2653 in Object.wait()&#10;java.lang.Thread.State: WAITING (on object monitor)&#10;        at sun.misc.Unsafe.park(Native Method)&#10;        at java.util.concurrent.locks.LockSupport.park(LockSupport.java:175)&#10;        at java.util.concurrent.locks.AbstractQueuedSynchronizer$ConditionObject.await(AbstractQueuedSynchronizer.java:2039)&#10;        at java.util.concurrent.ArrayBlockingQueue.take(ArrayBlockingQueue.java:403)&#10;        at java.util.concurrent.ThreadPoolExecutor.getTask(ThreadPoolExecutor.java:1074)&#10;        at java.util.concurrent.ThreadPoolExecutor.runWorker(ThreadPoolExecutor.java:1134)&#10;        at java.util.concurrent.ThreadPoolExecutor$Worker.run(ThreadPoolExecutor.java:624)&#10;        at java.lang.Thread.run(Thread.java:748)&#10;&quot;qtp270313690-2126&quot; daemon prio=5 tid=2126 timed_waiting&#10;java.lang.Thread.State: TIMED_WAITING&#10;        at sun.misc.Unsafe.park(Native Method)&#10;        at java.util.concurrent.locks.LockSupport.parkNanos(LockSupport.java:215)&#10;        at java.util.concurrent.locks.AbstractQueuedSynchronizer$ConditionObject.awaitNanos(AbstractQueuedSynchronizer.java:2078)&#10;        at org.eclipse.jetty.util.BlockingArrayQueue.poll(BlockingArrayQueue.java:392)&#10;        at org.eclipse.jetty.util.thread.QueuedThreadPool.idleJobPoll(QueuedThreadPool.java:563)&#10;        at org.eclipse.jetty.util.thread.QueuedThreadPool.access$800(QueuedThreadPool.java:48)&#10;        at org.eclipse.jetty.util.thread.QueuedThreadPool$2.run(QueuedThreadPool.java:626)&#10;        at java.lang.Thread.run(Thread.java:748)&#10;&quot;pool-149-thread-1&quot;  prio=5 tid=2906 in Object.wait()&#10;java.lang.Thread.State: WAITING (on object monitor)&#10;        at sun.misc.Unsafe.park(Native Method)&#10;        at java.util.concurrent.locks.LockSupport.park(LockSupport.java:175)&#10;        at java.util.concurrent.locks.AbstractQueuedSynchronizer$ConditionObject.await(AbstractQueuedSynchronizer.java:2039)&#10;        at java.util.concurrent.LinkedBlockingQueue.take(LinkedBlockingQueue.java:442)&#10;        at java.util.concurrent.ThreadPoolExecutor.getTask(ThreadPoolExecutor.java:1074)&#10;        at java.util.concurrent.ThreadPoolExecutor.runWorker(ThreadPoolExecutor.java:1134)&#10;        at java.util.concurrent.ThreadPoolExecutor$Worker.run(ThreadPoolExecutor.java:624)&#10;        at java.lang.Thread.run(Thread.java:748)&#10;&quot;pool-226-thread-1&quot; daemon prio=5 tid=2226 timed_waiting&#10;java.lang.Thread.State: TIMED_WAITING&#10;        at sun.misc.Unsafe.park(Native Method)&#10;        at java.util.concurrent.locks.LockSupport.parkNanos(LockSupport.java:215)&#10;        at java.util.concurrent.locks.AbstractQueuedSynchronizer$ConditionObject.awaitNanos(AbstractQueuedSynchronizer.java:2078)&#10;        at java.util.concurrent.ScheduledThreadPoolExecutor$DelayedWorkQueue.take(ScheduledThreadPoolExecutor.java:1093)&#10;        at java.util.concurrent.ScheduledThreadPoolExecutor$DelayedWorkQueue.take(ScheduledThreadPoolExecutor.java:809)&#10;        at java.util.concurrent.ThreadPoolExecutor.getTask(ThreadPoolExecutor.java:1074)&#10;        at java.util.concurrent.ThreadPoolExecutor.runWorker(ThreadPoolExecutor.java:1134)&#10;        at java.util.concurrent.ThreadPoolExecutor$Worker.run(ThreadPoolExecutor.java:624)&#10;        at java.lang.Thread.run(Thread.java:748)&#10;&quot;pool-228-thread-53&quot;  prio=5 tid=2825 in Object.wait()&#10;java.lang.Thread.State: WAITING (on object monitor)&#10;        at sun.misc.Unsafe.park(Native Method)&#10;        at java.util.concurrent.locks.LockSupport.park(LockSupport.java:175)&#10;        at java.util.concurrent.locks.AbstractQueuedSynchronizer$ConditionObject.await(AbstractQueuedSynchronizer.java:2039)&#10;        at java.util.concurrent.ArrayBlockingQueue.take(ArrayBlockingQueue.java:403)&#10;        at java.util.concurrent.ThreadPoolExecutor.getTask(ThreadPoolExecutor.java:1074)&#10;        at java.util.concurrent.ThreadPoolExecutor.runWorker(ThreadPoolExecutor.java:1134)&#10;        at java.util.concurrent.ThreadPoolExecutor$Worker.run(ThreadPoolExecutor.java:624)&#10;        at java.lang.Thread.run(Thread.java:748)&#10;&quot;pool-238-thread-10&quot;  prio=5 tid=2844 in Object.wait()&#10;java.lang.Thread.State: WAITING (on object monitor)&#10;        at sun.misc.Unsafe.park(Native Method)&#10;        at java.util.concurrent.locks.LockSupport.park(LockSupport.java:175)&#10;        at java.util.concurrent.locks.AbstractQueuedSynchronizer$ConditionObject.await(AbstractQueuedSynchronizer.java:2039)&#10;        at java.util.concurrent.ArrayBlockingQueue.take(ArrayBlockingQueue.java:403)&#10;        at java.util.concurrent.ThreadPoolExecutor.getTask(ThreadPoolExecutor.java:1074)&#10;        at java.util.concurrent.ThreadPoolExecutor.runWorker(ThreadPoolExecutor.java:1134)&#10;        at java.util.concurrent.ThreadPoolExecutor$Worker.run(ThreadPoolExecutor.java:624)&#10;        at java.lang.Thread.run(Thread.java:748)&#10;&quot;d61fc7c3-32e3-43e3-b156-a1b483a86779@group-783A9A2A969F-StateMachineUpdater&quot; daemon prio=5 tid=2914 in Object.wait()&#10;java.lang.Thread.State: WAITING (on object monitor)&#10;        at java.lang.Object.wait(Native Method)&#10;        at java.lang.Object.wait(Object.java:502)&#10;        at org.apache.ratis.server.impl.StateMachineUpdater.waitForCommit(StateMachineUpdater.java:194)&#10;        at org.apache.ratis.server.impl.StateMachineUpdater.run(StateMachineUpdater.java:159)&#10;        at java.lang.Thread.run(Thread.java:748)&#10;&quot;0bfc3546-5406-43b9-8d67-9a12bf5503d8@group-5812CD6E2952-StateMachineUpdater&quot; daemon prio=5 tid=3188 in Object.wait()&#10;java.lang.Thread.State: WAITING (on object monitor)&#10;        at java.lang.Object.wait(Native Method)&#10;        at java.lang.Object.wait(Object.java:502)&#10;        at org.apache.ratis.server.impl.StateMachineUpdater.waitForCommit(StateMachineUpdater.java:194)&#10;        at org.apache.ratis.server.impl.StateMachineUpdater.run(StateMachineUpdater.java:159)&#10;        at java.lang.Thread.run(Thread.java:748)&#10;&quot;java.util.concurrent.ThreadPoolExecutor$Worker@3134153d[State = -1, empty queue]&quot; daemon prio=5 tid=1759 runnable&#10;java.lang.Thread.State: RUNNABLE&#10;        at java.util.concurrent.ScheduledThreadPoolExecutor$DelayedWorkQueue.poll(ScheduledThreadPoolExecutor.java:809)&#10;        at java.util.concurrent.ThreadPoolExecutor.getTask(ThreadPoolExecutor.java:1073)&#10;        at java.util.concurrent.ThreadPoolExecutor.runWorker(ThreadPoolExecutor.java:1134)&#10;        at java.util.concurrent.ThreadPoolExecutor$Worker.run(ThreadPoolExecutor.java:624)&#10;        at java.lang.Thread.run(Thread.java:748)&#10;&quot;pool-238-thread-50&quot;  prio=5 tid=2884 in Object.wait()&#10;java.lang.Thread.State: WAITING (on object monitor)&#10;        at sun.misc.Unsafe.park(Native Method)&#10;        at java.util.concurrent.locks.LockSupport.park(LockSupport.java:175)&#10;        at java.util.concurrent.locks.AbstractQueuedSynchronizer$ConditionObject.await(AbstractQueuedSynchronizer.java:2039)&#10;        at java.util.concurrent.ArrayBlockingQueue.take(ArrayBlockingQueue.java:403)&#10;        at java.util.concurrent.ThreadPoolExecutor.getTask(ThreadPoolExecutor.java:1074)&#10;        at java.util.concurrent.ThreadPoolExecutor.runWorker(ThreadPoolExecutor.java:1134)&#10;        at java.util.concurrent.ThreadPoolExecutor$Worker.run(ThreadPoolExecutor.java:624)&#10;        at java.lang.Thread.run(Thread.java:748)&#10;&quot;IPC Server handler 16 on 35120&quot; daemon prio=5 tid=1905 timed_waiting&#10;java.lang.Thread.State: TIMED_WAITING&#10;        at sun.misc.Unsafe.park(Native Method)&#10;        at java.util.concurrent.locks.LockSupport.parkNanos(LockSupport.java:215)&#10;        at java.util.concurrent.locks.AbstractQueuedSynchronizer$ConditionObject.awaitNanos(AbstractQueuedSynchronizer.java:2078)&#10;        at java.util.concurrent.LinkedBlockingQueue.poll(LinkedBlockingQueue.java:467)&#10;        at org.apache.hadoop.ipc.CallQueueManager.take(CallQueueManager.java:288)&#10;        at org.apache.hadoop.ipc.Server$Handler.run(Server.java:2668)&#10;&quot;pool-178-thread-29&quot;  prio=5 tid=2491 in Object.wait()&#10;java.lang.Thread.State: WAITING (on object monitor)&#10;        at sun.misc.Unsafe.park(Native Method)&#10;        at java.util.concurrent.locks.LockSupport.park(LockSupport.java:175)&#10;        at java.util.concurrent.locks.AbstractQueuedSynchronizer$ConditionObject.await(AbstractQueuedSynchronizer.java:2039)&#10;        at java.util.concurrent.ArrayBlockingQueue.take(ArrayBlockingQueue.java:403)&#10;        at java.util.concurrent.ThreadPoolExecutor.getTask(ThreadPoolExecutor.java:1074)&#10;        at java.util.concurrent.ThreadPoolExecutor.runWorker(ThreadPoolExecutor.java:1134)&#10;        at java.util.concurrent.ThreadPoolExecutor$Worker.run(ThreadPoolExecutor.java:624)&#10;        at java.lang.Thread.run(Thread.java:748)&#10;&quot;pool-148-thread-52&quot;  prio=5 tid=2327 in Object.wait()&#10;java.lang.Thread.State: WAITING (on object monitor)&#10;        at sun.misc.Unsafe.park(Native Method)&#10;        at java.util.concurrent.locks.LockSupport.park(LockSupport.java:175)&#10;        at java.util.concurrent.locks.AbstractQueuedSynchronizer$ConditionObject.await(AbstractQueuedSynchronizer.java:2039)&#10;        at java.util.concurrent.ArrayBlockingQueue.take(ArrayBlockingQueue.java:403)&#10;        at java.util.concurrent.ThreadPoolExecutor.getTask(ThreadPoolExecutor.java:1074)&#10;        at java.util.concurrent.ThreadPoolExecutor.runWorker(ThreadPoolExecutor.java:1134)&#10;        at java.util.concurrent.ThreadPoolExecutor$Worker.run(ThreadPoolExecutor.java:624)&#10;        at java.lang.Thread.run(Thread.java:748)&#10;&quot;pool-188-thread-50&quot;  prio=5 tid=2574 in Object.wait()&#10;java.lang.Thread.State: WAITING (on object monitor)&#10;        at sun.misc.Unsafe.park(Native Method)&#10;        at java.util.concurrent.locks.LockSupport.park(LockSupport.java:175)&#10;        at java.util.concurrent.locks.AbstractQueuedSynchronizer$ConditionObject.await(AbstractQueuedSynchronizer.java:2039)&#10;        at java.util.concurrent.ArrayBlockingQueue.take(ArrayBlockingQueue.java:403)&#10;        at java.util.concurrent.ThreadPoolExecutor.getTask(ThreadPoolExecutor.java:1074)&#10;        at java.util.concurrent.ThreadPoolExecutor.runWorker(ThreadPoolExecutor.java:1134)&#10;        at java.util.concurrent.ThreadPoolExecutor$Worker.run(ThreadPoolExecutor.java:624)&#10;        at java.lang.Thread.run(Thread.java:748)&#10;&quot;qtp83554564-2258&quot; daemon prio=5 tid=2258 timed_waiting&#10;java.lang.Thread.State: TIMED_WAITING&#10;        at sun.misc.Unsafe.park(Native Method)&#10;        at java.util.concurrent.locks.LockSupport.parkNanos(LockSupport.java:215)&#10;        at java.util.concurrent.locks.AbstractQueuedSynchronizer$ConditionObject.awaitNanos(AbstractQueuedSynchronizer.java:2078)&#10;        at org.eclipse.jetty.util.BlockingArrayQueue.poll(BlockingArrayQueue.java:392)&#10;        at org.eclipse.jetty.util.thread.QueuedThreadPool.idleJobPoll(QueuedThreadPool.java:563)&#10;        at org.eclipse.jetty.util.thread.QueuedThreadPool.access$800(QueuedThreadPool.java:48)&#10;        at org.eclipse.jetty.util.thread.QueuedThreadPool$2.run(QueuedThreadPool.java:626)&#10;        at java.lang.Thread.run(Thread.java:748)&#10;&quot;pool-238-thread-53&quot;  prio=5 tid=2887 in Object.wait()&#10;java.lang.Thread.State: WAITING (on object monitor)&#10;        at sun.misc.Unsafe.park(Native Method)&#10;        at java.util.concurrent.locks.LockSupport.park(LockSupport.java:175)&#10;        at java.util.concurrent.locks.AbstractQueuedSynchronizer$ConditionObject.await(AbstractQueuedSynchronizer.java:2039)&#10;        at java.util.concurrent.ArrayBlockingQueue.take(ArrayBlockingQueue.java:403)&#10;        at java.util.concurrent.ThreadPoolExecutor.getTask(ThreadPoolExecutor.java:1074)&#10;        at java.util.concurrent.ThreadPoolExecutor.runWorker(ThreadPoolExecutor.java:1134)&#10;        at java.util.concurrent.ThreadPoolExecutor$Worker.run(ThreadPoolExecutor.java:624)&#10;        at java.lang.Thread.run(Thread.java:748)&#10;&quot;pool-198-thread-41&quot;  prio=5 tid=2627 in Object.wait()&#10;java.lang.Thread.State: WAITING (on object monitor)&#10;        at sun.misc.Unsafe.park(Native Method)&#10;        at java.util.concurrent.locks.LockSupport.park(LockSupport.java:175)&#10;        at java.util.concurrent.locks.AbstractQueuedSynchronizer$ConditionObject.await(AbstractQueuedSynchronizer.java:2039)&#10;        at java.util.concurrent.ArrayBlockingQueue.take(ArrayBlockingQueue.java:403)&#10;        at java.util.concurrent.ThreadPoolExecutor.getTask(ThreadPoolExecutor.java:1074)&#10;        at java.util.concurrent.ThreadPoolExecutor.runWorker(ThreadPoolExecutor.java:1134)&#10;        at java.util.concurrent.ThreadPoolExecutor$Worker.run(ThreadPoolExecutor.java:624)&#10;        at java.lang.Thread.run(Thread.java:748)&#10;&quot;refreshUsed-/workdir/hadoop-ozone/integration-test/target/test-dir/MiniOzoneClusterImpl-8fc52630-20fd-4955-97d1-2a2852f9ee58/datanode-5/data/containers&quot; daemon prio=5 tid=2143 timed_waiting&#10;java.lang.Thread.State: TIMED_WAITING&#10;        at java.lang.Thread.sleep(Native Method)&#10;        at org.apache.hadoop.fs.CachingGetSpaceUsed$RefreshThread.run(CachingGetSpaceUsed.java:179)&#10;        at java.lang.Thread.run(Thread.java:748)&#10;&quot;pool-178-thread-44&quot;  prio=5 tid=2506 in Object.wait()&#10;java.lang.Thread.State: WAITING (on object monitor)&#10;        at sun.misc.Unsafe.park(Native Method)&#10;        at java.util.concurrent.locks.LockSupport.park(LockSupport.java:175)&#10;        at java.util.concurrent.locks.AbstractQueuedSynchronizer$ConditionObject.await(AbstractQueuedSynchronizer.java:2039)&#10;        at java.util.concurrent.ArrayBlockingQueue.take(ArrayBlockingQueue.java:403)&#10;        at java.util.concurrent.ThreadPoolExecutor.getTask(ThreadPoolExecutor.java:1074)&#10;        at java.util.concurrent.ThreadPoolExecutor.runWorker(ThreadPoolExecutor.java:1134)&#10;        at java.util.concurrent.ThreadPoolExecutor$Worker.run(ThreadPoolExecutor.java:624)&#10;        at java.lang.Thread.run(Thread.java:748)&#10;&quot;Datanode ReportManager Thread - 0&quot; daemon prio=5 tid=2025 in Object.wait()&#10;java.lang.Thread.State: WAITING (on object monitor)&#10;        at sun.misc.Unsafe.park(Native Method)&#10;        at java.util.concurrent.locks.LockSupport.park(LockSupport.java:175)&#10;        at java.util.concurrent.locks.AbstractQueuedSynchronizer$ConditionObject.await(AbstractQueuedSynchronizer.java:2039)&#10;        at java.util.concurrent.ScheduledThreadPoolExecutor$DelayedWorkQueue.take(ScheduledThreadPoolExecutor.java:1088)&#10;        at java.util.concurrent.ScheduledThreadPoolExecutor$DelayedWorkQueue.take(ScheduledThreadPoolExecutor.java:809)&#10;        at java.util.concurrent.ThreadPoolExecutor.getTask(ThreadPoolExecutor.java:1074)&#10;        at java.util.concurrent.ThreadPoolExecutor.runWorker(ThreadPoolExecutor.java:1134)&#10;        at java.util.concurrent.ThreadPoolExecutor$Worker.run(ThreadPoolExecutor.java:624)&#10;        at java.lang.Thread.run(Thread.java:748)&#10;&quot;pool-238-thread-35&quot;  prio=5 tid=2869 in Object.wait()&#10;java.lang.Thread.State: WAITING (on object monitor)&#10;        at sun.misc.Unsafe.park(Native Method)&#10;        at java.util.concurrent.locks.LockSupport.park(LockSupport.java:175)&#10;        at java.util.concurrent.locks.AbstractQueuedSynchronizer$ConditionObject.await(AbstractQueuedSynchronizer.java:2039)&#10;        at java.util.concurrent.ArrayBlockingQueue.take(ArrayBlockingQueue.java:403)&#10;        at java.util.concurrent.ThreadPoolExecutor.getTask(ThreadPoolExecutor.java:1074)&#10;        at java.util.concurrent.ThreadPoolExecutor.runWorker(ThreadPoolExecutor.java:1134)&#10;        at java.util.concurrent.ThreadPoolExecutor$Worker.run(ThreadPoolExecutor.java:624)&#10;        at java.lang.Thread.run(Thread.java:748)&#10;&quot;pool-238-thread-8&quot;  prio=5 tid=2842 in Object.wait()&#10;java.lang.Thread.State: WAITING (on object monitor)&#10;        at sun.misc.Unsafe.park(Native Method)&#10;        at java.util.concurrent.locks.LockSupport.park(LockSupport.java:175)&#10;        at java.util.concurrent.locks.AbstractQueuedSynchronizer$ConditionObject.await(AbstractQueuedSynchronizer.java:2039)&#10;        at java.util.concurrent.ArrayBlockingQueue.take(ArrayBlockingQueue.java:403)&#10;        at java.util.concurrent.ThreadPoolExecutor.getTask(ThreadPoolExecutor.java:1074)&#10;        at java.util.concurrent.ThreadPoolExecutor.runWorker(ThreadPoolExecutor.java:1134)&#10;        at java.util.concurrent.ThreadPoolExecutor$Worker.run(ThreadPoolExecutor.java:624)&#10;        at java.lang.Thread.run(Thread.java:748)&#10;&quot;qtp2010856706-2208&quot; daemon prio=5 tid=2208 timed_waiting&#10;java.lang.Thread.State: TIMED_WAITING&#10;        at sun.misc.Unsafe.park(Native Method)&#10;        at java.util.concurrent.locks.LockSupport.parkNanos(LockSupport.java:215)&#10;        at java.util.concurrent.locks.AbstractQueuedSynchronizer$ConditionObject.awaitNanos(AbstractQueuedSynchronizer.java:2078)&#10;        at org.eclipse.jetty.util.BlockingArrayQueue.poll(BlockingArrayQueue.java:392)&#10;        at org.eclipse.jetty.util.thread.QueuedThreadPool.idleJobPoll(QueuedThreadPool.java:563)&#10;        at org.eclipse.jetty.util.thread.QueuedThreadPool.access$800(QueuedThreadPool.java:48)&#10;        at org.eclipse.jetty.util.thread.QueuedThreadPool$2.run(QueuedThreadPool.java:626)&#10;        at java.lang.Thread.run(Thread.java:748)&#10;&quot;8692cc3a-c5e2-4bd5-b878-b8217203f52e@group-5812CD6E2952-SegmentedRaftLogWorker&quot;  prio=5 tid=3184 timed_waiting&#10;java.lang.Thread.State: TIMED_WAITING&#10;        at sun.misc.Unsafe.park(Native Method)&#10;        at java.util.concurrent.locks.LockSupport.parkNanos(LockSupport.java:215)&#10;        at java.util.concurrent.locks.AbstractQueuedSynchronizer$ConditionObject.awaitNanos(AbstractQueuedSynchronizer.java:2078)&#10;        at org.apache.ratis.util.DataBlockingQueue.poll(DataBlockingQueue.java:137)&#10;        at org.apache.ratis.server.raftlog.segmented.SegmentedRaftLogWorker.run(SegmentedRaftLogWorker.java:282)&#10;        at java.lang.Thread.run(Thread.java:748)&#10;&quot;qtp270313690-2123&quot; daemon prio=5 tid=2123 timed_waiting&#10;java.lang.Thread.State: TIMED_WAITING&#10;        at sun.misc.Unsafe.park(Native Method)&#10;        at java.util.concurrent.locks.LockSupport.parkNanos(LockSupport.java:215)&#10;        at java.util.concurrent.locks.AbstractQueuedSynchronizer$ConditionObject.awaitNanos(AbstractQueuedSynchronizer.java:2078)&#10;        at org.eclipse.jetty.util.BlockingArrayQueue.poll(BlockingArrayQueue.java:392)&#10;        at org.eclipse.jetty.util.thread.QueuedThreadPool.idleJobPoll(QueuedThreadPool.java:563)&#10;        at org.eclipse.jetty.util.thread.QueuedThreadPool.access$800(QueuedThreadPool.java:48)&#10;        at org.eclipse.jetty.util.thread.QueuedThreadPool$2.run(QueuedThreadPool.java:626)&#10;        at java.lang.Thread.run(Thread.java:748)&#10;&quot;PartialTableCache Cleanup Thread - 0&quot; daemon prio=5 tid=3071 in Object.wait()&#10;java.lang.Thread.State: WAITING (on object monitor)&#10;        at sun.misc.Unsafe.park(Native Method)&#10;        at java.util.concurrent.locks.LockSupport.park(LockSupport.java:175)&#10;        at java.util.concurrent.locks.AbstractQueuedSynchronizer$ConditionObject.await(AbstractQueuedSynchronizer.java:2039)&#10;        at java.util.concurrent.LinkedBlockingQueue.take(LinkedBlockingQueue.java:442)&#10;        at java.util.concurrent.ThreadPoolExecutor.getTask(ThreadPoolExecutor.java:1074)&#10;        at java.util.concurrent.ThreadPoolExecutor.runWorker(ThreadPoolExecutor.java:1134)&#10;        at java.util.concurrent.ThreadPoolExecutor$Worker.run(ThreadPoolExecutor.java:624)&#10;        at java.lang.Thread.run(Thread.java:748)&#10;&quot;pool-198-thread-60&quot;  prio=5 tid=2646 in Object.wait()&#10;java.lang.Thread.State: WAITING (on object monitor)&#10;        at sun.misc.Unsafe.park(Native Method)&#10;        at java.util.concurrent.locks.LockSupport.park(LockSupport.java:175)&#10;        at java.util.concurrent.locks.AbstractQueuedSynchronizer$ConditionObject.await(AbstractQueuedSynchronizer.java:2039)&#10;        at java.util.concurrent.ArrayBlockingQueue.take(ArrayBlockingQueue.java:403)&#10;        at java.util.concurrent.ThreadPoolExecutor.getTask(ThreadPoolExecutor.java:1074)&#10;        at java.util.concurrent.ThreadPoolExecutor.runWorker(ThreadPoolExecutor.java:1134)&#10;        at java.util.concurrent.ThreadPoolExecutor$Worker.run(ThreadPoolExecutor.java:624)&#10;        at java.lang.Thread.run(Thread.java:748)&#10;&quot;pool-168-thread-45&quot;  prio=5 tid=2445 in Object.wait()&#10;java.lang.Thread.State: WAITING (on object monitor)&#10;        at sun.misc.Unsafe.park(Native Method)&#10;        at java.util.concurrent.locks.LockSupport.park(LockSupport.java:175)&#10;        at java.util.concurrent.locks.AbstractQueuedSynchronizer$ConditionObject.await(AbstractQueuedSynchronizer.java:2039)&#10;        at java.util.concurrent.ArrayBlockingQueue.take(ArrayBlockingQueue.java:403)&#10;        at java.util.concurrent.ThreadPoolExecutor.getTask(ThreadPoolExecutor.java:1074)&#10;        at java.util.concurrent.ThreadPoolExecutor.runWorker(ThreadPoolExecutor.java:1134)&#10;        at java.util.concurrent.ThreadPoolExecutor$Worker.run(ThreadPoolExecutor.java:624)&#10;        at java.lang.Thread.run(Thread.java:748)&#10;&quot;org.eclipse.jetty.server.session.HashSessionManager@430b2699Timer&quot; daemon prio=5 tid=2050 timed_waiting&#10;java.lang.Thread.State: TIMED_WAITING&#10;        at sun.misc.Unsafe.park(Native Method)&#10;        at java.util.concurrent.locks.LockSupport.parkNanos(LockSupport.java:215)&#10;        at java.util.concurrent.locks.AbstractQueuedSynchronizer$ConditionObject.awaitNanos(AbstractQueuedSynchronizer.java:2078)&#10;        at java.util.concurrent.ScheduledThreadPoolExecutor$DelayedWorkQueue.take(ScheduledThreadPoolExecutor.java:1093)&#10;        at java.util.concurrent.ScheduledThreadPoolExecutor$DelayedWorkQueue.take(ScheduledThreadPoolExecutor.java:809)&#10;        at java.util.concurrent.ThreadPoolExecutor.getTask(ThreadPoolExecutor.java:1074)&#10;        at java.util.concurrent.ThreadPoolExecutor.runWorker(ThreadPoolExecutor.java:1134)&#10;        at java.util.concurrent.ThreadPoolExecutor$Worker.run(ThreadPoolExecutor.java:624)&#10;        at java.lang.Thread.run(Thread.java:748)&#10;&quot;pool-208-thread-55&quot;  prio=5 tid=2703 in Object.wait()&#10;java.lang.Thread.State: WAITING (on object monitor)&#10;        at sun.misc.Unsafe.park(Native Method)&#10;        at java.util.concurrent.locks.LockSupport.park(LockSupport.java:175)&#10;        at java.util.concurrent.locks.AbstractQueuedSynchronizer$ConditionObject.await(AbstractQueuedSynchronizer.java:2039)&#10;        at java.util.concurrent.ArrayBlockingQueue.take(ArrayBlockingQueue.java:403)&#10;        at java.util.concurrent.ThreadPoolExecutor.getTask(ThreadPoolExecutor.java:1074)&#10;        at java.util.concurrent.ThreadPoolExecutor.runWorker(ThreadPoolExecutor.java:1134)&#10;        at java.util.concurrent.ThreadPoolExecutor$Worker.run(ThreadPoolExecutor.java:624)&#10;        at java.lang.Thread.run(Thread.java:748)&#10;&quot;pool-218-thread-33&quot;  prio=5 tid=2743 in Object.wait()&#10;java.lang.Thread.State: WAITING (on object monitor)&#10;        at sun.misc.Unsafe.park(Native Method)&#10;        at java.util.concurrent.locks.LockSupport.park(LockSupport.java:175)&#10;        at java.util.concurrent.locks.AbstractQueuedSynchronizer$ConditionObject.await(AbstractQueuedSynchronizer.java:2039)&#10;        at java.util.concurrent.ArrayBlockingQueue.take(ArrayBlockingQueue.java:403)&#10;        at java.util.concurrent.ThreadPoolExecutor.getTask(ThreadPoolExecutor.java:1074)&#10;        at java.util.concurrent.ThreadPoolExecutor.runWorker(ThreadPoolExecutor.java:1134)&#10;        at java.util.concurrent.ThreadPoolExecutor$Worker.run(ThreadPoolExecutor.java:624)&#10;        at java.lang.Thread.run(Thread.java:748)&#10;&quot;pool-238-thread-58&quot;  prio=5 tid=2892 in Object.wait()&#10;java.lang.Thread.State: WAITING (on object monitor)&#10;        at sun.misc.Unsafe.park(Native Method)&#10;        at java.util.concurrent.locks.LockSupport.park(LockSupport.java:175)&#10;        at java.util.concurrent.locks.AbstractQueuedSynchronizer$ConditionObject.await(AbstractQueuedSynchronizer.java:2039)&#10;        at java.util.concurrent.ArrayBlockingQueue.take(ArrayBlockingQueue.java:403)&#10;        at java.util.concurrent.ThreadPoolExecutor.getTask(ThreadPoolExecutor.java:1074)&#10;        at java.util.concurrent.ThreadPoolExecutor.runWorker(ThreadPoolExecutor.java:1134)&#10;        at java.util.concurrent.ThreadPoolExecutor$Worker.run(ThreadPoolExecutor.java:624)&#10;        at java.lang.Thread.run(Thread.java:748)&#10;&quot;pool-178-thread-47&quot;  prio=5 tid=2509 in Object.wait()&#10;java.lang.Thread.State: WAITING (on object monitor)&#10;        at sun.misc.Unsafe.park(Native Method)&#10;        at java.util.concurrent.locks.LockSupport.park(LockSupport.java:175)&#10;        at java.util.concurrent.locks.AbstractQueuedSynchronizer$ConditionObject.await(AbstractQueuedSynchronizer.java:2039)&#10;        at java.util.concurrent.ArrayBlockingQueue.take(ArrayBlockingQueue.java:403)&#10;        at java.util.concurrent.ThreadPoolExecutor.getTask(ThreadPoolExecutor.java:1074)&#10;        at java.util.concurrent.ThreadPoolExecutor.runWorker(ThreadPoolExecutor.java:1134)&#10;        at java.util.concurrent.ThreadPoolExecutor$Worker.run(ThreadPoolExecutor.java:624)&#10;        at java.lang.Thread.run(Thread.java:748)&#10;&quot;IPC Server handler 18 on 39845&quot; daemon prio=5 tid=1947 timed_waiting&#10;java.lang.Thread.State: TIMED_WAITING&#10;        at sun.misc.Unsafe.park(Native Method)&#10;        at java.util.concurrent.locks.LockSupport.parkNanos(LockSupport.java:215)&#10;        at java.util.concurrent.locks.AbstractQueuedSynchronizer$ConditionObject.awaitNanos(AbstractQueuedSynchronizer.java:2078)&#10;        at java.util.concurrent.LinkedBlockingQueue.poll(LinkedBlockingQueue.java:467)&#10;        at org.apache.hadoop.ipc.CallQueueManager.take(CallQueueManager.java:288)&#10;        at org.apache.hadoop.ipc.Server$Handler.run(Server.java:2668)&#10;&quot;RatisPipelineUtilsThread&quot;  prio=5 tid=2898 timed_waiting&#10;java.lang.Thread.State: TIMED_WAITING&#10;        at sun.misc.Unsafe.park(Native Method)&#10;        at java.util.concurrent.locks.LockSupport.parkNanos(LockSupport.java:215)&#10;        at java.util.concurrent.locks.AbstractQueuedSynchronizer$ConditionObject.awaitNanos(AbstractQueuedSynchronizer.java:2078)&#10;        at java.util.concurrent.ScheduledThreadPoolExecutor$DelayedWorkQueue.take(ScheduledThreadPoolExecutor.java:1093)&#10;        at java.util.concurrent.ScheduledThreadPoolExecutor$DelayedWorkQueue.take(ScheduledThreadPoolExecutor.java:809)&#10;        at java.util.concurrent.ThreadPoolExecutor.getTask(ThreadPoolExecutor.java:1074)&#10;        at java.util.concurrent.ThreadPoolExecutor.runWorker(ThreadPoolExecutor.java:1134)&#10;        at java.util.concurrent.ThreadPoolExecutor$Worker.run(ThreadPoolExecutor.java:624)&#10;        at java.lang.Thread.run(Thread.java:748)&#10;&quot;pool-178-thread-17&quot;  prio=5 tid=2479 in Object.wait()&#10;java.lang.Thread.State: WAITING (on object monitor)&#10;        at sun.misc.Unsafe.park(Native Method)&#10;        at java.util.concurrent.locks.LockSupport.park(LockSupport.java:175)&#10;        at java.util.concurrent.locks.AbstractQueuedSynchronizer$ConditionObject.await(AbstractQueuedSynchronizer.java:2039)&#10;        at java.util.concurrent.ArrayBlockingQueue.take(ArrayBlockingQueue.java:403)&#10;        at java.util.concurrent.ThreadPoolExecutor.getTask(ThreadPoolExecutor.java:1074)&#10;        at java.util.concurrent.ThreadPoolExecutor.runWorker(ThreadPoolExecutor.java:1134)&#10;        at java.util.concurrent.ThreadPoolExecutor$Worker.run(ThreadPoolExecutor.java:624)&#10;        at java.lang.Thread.run(Thread.java:748)&#10;&quot;pool-228-thread-20&quot;  prio=5 tid=2792 in Object.wait()&#10;java.lang.Thread.State: WAITING (on object monitor)&#10;        at sun.misc.Unsafe.park(Native Method)&#10;        at java.util.concurrent.locks.LockSupport.park(LockSupport.java:175)&#10;        at java.util.concurrent.locks.AbstractQueuedSynchronizer$ConditionObject.await(AbstractQueuedSynchronizer.java:2039)&#10;        at java.util.concurrent.ArrayBlockingQueue.take(ArrayBlockingQueue.java:403)&#10;        at java.util.concurrent.ThreadPoolExecutor.getTask(ThreadPoolExecutor.java:1074)&#10;        at java.util.concurrent.ThreadPoolExecutor.runWorker(ThreadPoolExecutor.java:1134)&#10;        at java.util.concurrent.ThreadPoolExecutor$Worker.run(ThreadPoolExecutor.java:624)&#10;        at java.lang.Thread.run(Thread.java:748)&#10;&quot;pool-198-thread-19&quot;  prio=5 tid=2605 in Object.wait()&#10;java.lang.Thread.State: WAITING (on object monitor)&#10;        at sun.misc.Unsafe.park(Native Method)&#10;        at java.util.concurrent.locks.LockSupport.park(LockSupport.java:175)&#10;        at java.util.concurrent.locks.AbstractQueuedSynchronizer$ConditionObject.await(AbstractQueuedSynchronizer.java:2039)&#10;        at java.util.concurrent.ArrayBlockingQueue.take(ArrayBlockingQueue.java:403)&#10;        at java.util.concurrent.ThreadPoolExecutor.getTask(ThreadPoolExecutor.java:1074)&#10;        at java.util.concurrent.ThreadPoolExecutor.runWorker(ThreadPoolExecutor.java:1134)&#10;        at java.util.concurrent.ThreadPoolExecutor$Worker.run(ThreadPoolExecutor.java:624)&#10;        at java.lang.Thread.run(Thread.java:748)&#10;&quot;org.eclipse.jetty.server.session.HashSessionManager@1b01a0dTimer&quot; daemon prio=5 tid=2185 timed_waiting&#10;java.lang.Thread.State: TIMED_WAITING&#10;        at sun.misc.Unsafe.park(Native Method)&#10;        at java.util.concurrent.locks.LockSupport.parkNanos(LockSupport.java:215)&#10;        at java.util.concurrent.locks.AbstractQueuedSynchronizer$ConditionObject.awaitNanos(AbstractQueuedSynchronizer.java:2078)&#10;        at java.util.concurrent.ScheduledThreadPoolExecutor$DelayedWorkQueue.take(ScheduledThreadPoolExecutor.java:1093)&#10;        at java.util.concurrent.ScheduledThreadPoolExecutor$DelayedWorkQueue.take(ScheduledThreadPoolExecutor.java:809)&#10;        at java.util.concurrent.ThreadPoolExecutor.getTask(ThreadPoolExecutor.java:1074)&#10;        at java.util.concurrent.ThreadPoolExecutor.runWorker(ThreadPoolExecutor.java:1134)&#10;        at java.util.concurrent.ThreadPoolExecutor$Worker.run(ThreadPoolExecutor.java:624)&#10;        at java.lang.Thread.run(Thread.java:748)&#10;&quot;IPC Server handler 11 on 35120&quot; daemon prio=5 tid=1900 timed_waiting&#10;java.lang.Thread.State: TIMED_WAITING&#10;        at sun.misc.Unsafe.park(Native Method)&#10;        at java.util.concurrent.locks.LockSupport.parkNanos(LockSupport.java:215)&#10;        at java.util.concurrent.locks.AbstractQueuedSynchronizer$ConditionObject.awaitNanos(AbstractQueuedSynchronizer.java:2078)&#10;        at java.util.concurrent.LinkedBlockingQueue.poll(LinkedBlockingQueue.java:467)&#10;        at org.apache.hadoop.ipc.CallQueueManager.take(CallQueueManager.java:288)&#10;        at org.apache.hadoop.ipc.Server$Handler.run(Server.java:2668)&#10;&quot;pool-158-thread-28&quot;  prio=5 tid=2366 in Object.wait()&#10;java.lang.Thread.State: WAITING (on object monitor)&#10;        at sun.misc.Unsafe.park(Native Method)&#10;        at java.util.concurrent.locks.LockSupport.park(LockSupport.java:175)&#10;        at java.util.concurrent.locks.AbstractQueuedSynchronizer$ConditionObject.await(AbstractQueuedSynchronizer.java:2039)&#10;        at java.util.concurrent.ArrayBlockingQueue.take(ArrayBlockingQueue.java:403)&#10;        at java.util.concurrent.ThreadPoolExecutor.getTask(ThreadPoolExecutor.java:1074)&#10;        at java.util.concurrent.ThreadPoolExecutor.runWorker(ThreadPoolExecutor.java:1134)&#10;        at java.util.concurrent.ThreadPoolExecutor$Worker.run(ThreadPoolExecutor.java:624)&#10;        at java.lang.Thread.run(Thread.java:748)&#10;&quot;Datanode ReportManager Thread - 2&quot; daemon prio=5 tid=2162 in Object.wait()&#10;java.lang.Thread.State: WAITING (on object monitor)&#10;        at sun.misc.Unsafe.park(Native Method)&#10;        at java.util.concurrent.locks.LockSupport.park(LockSupport.java:175)&#10;        at java.util.concurrent.locks.AbstractQueuedSynchronizer$ConditionObject.await(AbstractQueuedSynchronizer.java:2039)&#10;        at java.util.concurrent.ScheduledThreadPoolExecutor$DelayedWorkQueue.take(ScheduledThreadPoolExecutor.java:1088)&#10;        at java.util.concurrent.ScheduledThreadPoolExecutor$DelayedWorkQueue.take(ScheduledThreadPoolExecutor.java:809)&#10;        at java.util.concurrent.ThreadPoolExecutor.getTask(ThreadPoolExecutor.java:1074)&#10;        at java.util.concurrent.ThreadPoolExecutor.runWorker(ThreadPoolExecutor.java:1134)&#10;        at java.util.concurrent.ThreadPoolExecutor$Worker.run(ThreadPoolExecutor.java:624)&#10;        at java.lang.Thread.run(Thread.java:748)&#10;&quot;org.eclipse.jetty.server.session.HashSessionManager@bf75b5cTimer&quot; daemon prio=5 tid=2266 timed_waiting&#10;java.lang.Thread.State: TIMED_WAITING&#10;        at sun.misc.Unsafe.park(Native Method)&#10;        at java.util.concurrent.locks.LockSupport.parkNanos(LockSupport.java:215)&#10;        at java.util.concurrent.locks.AbstractQueuedSynchronizer$ConditionObject.awaitNanos(AbstractQueuedSynchronizer.java:2078)&#10;        at java.util.concurrent.ScheduledThreadPoolExecutor$DelayedWorkQueue.take(ScheduledThreadPoolExecutor.java:1093)&#10;        at java.util.concurrent.ScheduledThreadPoolExecutor$DelayedWorkQueue.take(ScheduledThreadPoolExecutor.java:809)&#10;        at java.util.concurrent.ThreadPoolExecutor.getTask(ThreadPoolExecutor.java:1074)&#10;        at java.util.concurrent.ThreadPoolExecutor.runWorker(ThreadPoolExecutor.java:1134)&#10;        at java.util.concurrent.ThreadPoolExecutor$Worker.run(ThreadPoolExecutor.java:624)&#10;        at java.lang.Thread.run(Thread.java:748)&#10;&quot;pool-168-thread-15&quot;  prio=5 tid=2415 in Object.wait()&#10;java.lang.Thread.State: WAITING (on object monitor)&#10;        at sun.misc.Unsafe.park(Native Method)&#10;        at java.util.concurrent.locks.LockSupport.park(LockSupport.java:175)&#10;        at java.util.concurrent.locks.AbstractQueuedSynchronizer$ConditionObject.await(AbstractQueuedSynchronizer.java:2039)&#10;        at java.util.concurrent.ArrayBlockingQueue.take(ArrayBlockingQueue.java:403)&#10;        at java.util.concurrent.ThreadPoolExecutor.getTask(ThreadPoolExecutor.java:1074)&#10;        at java.util.concurrent.ThreadPoolExecutor.runWorker(ThreadPoolExecutor.java:1134)&#10;        at java.util.concurrent.ThreadPoolExecutor$Worker.run(ThreadPoolExecutor.java:624)&#10;        at java.lang.Thread.run(Thread.java:748)&#10;&quot;pool-148-thread-10&quot;  prio=5 tid=2285 in Object.wait()&#10;java.lang.Thread.State: WAITING (on object monitor)&#10;        at sun.misc.Unsafe.park(Native Method)&#10;        at java.util.concurrent.locks.LockSupport.park(LockSupport.java:175)&#10;        at java.util.concurrent.locks.AbstractQueuedSynchronizer$ConditionObject.await(AbstractQueuedSynchronizer.java:2039)&#10;        at java.util.concurrent.ArrayBlockingQueue.take(ArrayBlockingQueue.java:403)&#10;        at java.util.concurrent.ThreadPoolExecutor.getTask(ThreadPoolExecutor.java:1074)&#10;        at java.util.concurrent.ThreadPoolExecutor.runWorker(ThreadPoolExecutor.java:1134)&#10;        at java.util.concurrent.ThreadPoolExecutor$Worker.run(ThreadPoolExecutor.java:624)&#10;        at java.lang.Thread.run(Thread.java:748)&#10;&quot;pool-178-thread-5&quot;  prio=5 tid=2467 in Object.wait()&#10;java.lang.Thread.State: WAITING (on object monitor)&#10;        at sun.misc.Unsafe.park(Native Method)&#10;        at java.util.concurrent.locks.LockSupport.park(LockSupport.java:175)&#10;        at java.util.concurrent.locks.AbstractQueuedSynchronizer$ConditionObject.await(AbstractQueuedSynchronizer.java:2039)&#10;        at java.util.concurrent.ArrayBlockingQueue.take(ArrayBlockingQueue.java:403)&#10;        at java.util.concurrent.ThreadPoolExecutor.getTask(ThreadPoolExecutor.java:1074)&#10;        at java.util.concurrent.ThreadPoolExecutor.runWorker(ThreadPoolExecutor.java:1134)&#10;        at java.util.concurrent.ThreadPoolExecutor$Worker.run(ThreadPoolExecutor.java:624)&#10;        at java.lang.Thread.run(Thread.java:748)&#10;&quot;refreshUsed-/workdir/hadoop-ozone/integration-test/target/test-dir/MiniOzoneClusterImpl-8fc52630-20fd-4955-97d1-2a2852f9ee58/datanode-0/data/containers&quot; daemon prio=5 tid=2008 timed_waiting&#10;java.lang.Thread.State: TIMED_WAITING&#10;        at java.lang.Thread.sleep(Native Method)&#10;        at org.apache.hadoop.fs.CachingGetSpaceUsed$RefreshThread.run(CachingGetSpaceUsed.java:179)&#10;        at java.lang.Thread.run(Thread.java:748)&#10;&quot;pool-198-thread-12&quot;  prio=5 tid=2598 in Object.wait()&#10;java.lang.Thread.State: WAITING (on object monitor)&#10;        at sun.misc.Unsafe.park(Native Method)&#10;        at java.util.concurrent.locks.LockSupport.park(LockSupport.java:175)&#10;        at java.util.concurrent.locks.AbstractQueuedSynchronizer$ConditionObject.await(AbstractQueuedSynchronizer.java:2039)&#10;        at java.util.concurrent.ArrayBlockingQueue.take(ArrayBlockingQueue.java:403)&#10;        at java.util.concurrent.ThreadPoolExecutor.getTask(ThreadPoolExecutor.java:1074)&#10;        at java.util.concurrent.ThreadPoolExecutor.runWorker(ThreadPoolExecutor.java:1134)&#10;        at java.util.concurrent.ThreadPoolExecutor$Worker.run(ThreadPoolExecutor.java:624)&#10;        at java.lang.Thread.run(Thread.java:748)&#10;&quot;pool-198-thread-33&quot;  prio=5 tid=2619 in Object.wait()&#10;java.lang.Thread.State: WAITING (on object monitor)&#10;        at sun.misc.Unsafe.park(Native Method)&#10;        at java.util.concurrent.locks.LockSupport.park(LockSupport.java:175)&#10;        at java.util.concurrent.locks.AbstractQueuedSynchronizer$ConditionObject.await(AbstractQueuedSynchronizer.java:2039)&#10;        at java.util.concurrent.ArrayBlockingQueue.take(ArrayBlockingQueue.java:403)&#10;        at java.util.concurrent.ThreadPoolExecutor.getTask(ThreadPoolExecutor.java:1074)&#10;        at java.util.concurrent.ThreadPoolExecutor.runWorker(ThreadPoolExecutor.java:1134)&#10;        at java.util.concurrent.ThreadPoolExecutor$Worker.run(ThreadPoolExecutor.java:624)&#10;        at java.lang.Thread.run(Thread.java:748)&#10;&quot;pool-218-thread-36&quot;  prio=5 tid=2746 in Object.wait()&#10;java.lang.Thread.State: WAITING (on object monitor)&#10;        at sun.misc.Unsafe.park(Native Method)&#10;        at java.util.concurrent.locks.LockSupport.park(LockSupport.java:175)&#10;        at java.util.concurrent.locks.AbstractQueuedSynchronizer$ConditionObject.await(AbstractQueuedSynchronizer.java:2039)&#10;        at java.util.concurrent.ArrayBlockingQueue.take(ArrayBlockingQueue.java:403)&#10;        at java.util.concurrent.ThreadPoolExecutor.getTask(ThreadPoolExecutor.java:1074)&#10;        at java.util.concurrent.ThreadPoolExecutor.runWorker(ThreadPoolExecutor.java:1134)&#10;        at java.util.concurrent.ThreadPoolExecutor$Worker.run(ThreadPoolExecutor.java:624)&#10;        at java.lang.Thread.run(Thread.java:748)&#10;&quot;pool-188-thread-3&quot;  prio=5 tid=2527 in Object.wait()&#10;java.lang.Thread.State: WAITING (on object monitor)&#10;        at sun.misc.Unsafe.park(Native Method)&#10;        at java.util.concurrent.locks.LockSupport.park(LockSupport.java:175)&#10;        at java.util.concurrent.locks.AbstractQueuedSynchronizer$ConditionObject.await(AbstractQueuedSynchronizer.java:2039)&#10;        at java.util.concurrent.ArrayBlockingQueue.take(ArrayBlockingQueue.java:403)&#10;        at java.util.concurrent.ThreadPoolExecutor.getTask(ThreadPoolExecutor.java:1074)&#10;        at java.util.concurrent.ThreadPoolExecutor.runWorker(ThreadPoolExecutor.java:1134)&#10;        at java.util.concurrent.ThreadPoolExecutor$Worker.run(ThreadPoolExecutor.java:624)&#10;        at java.lang.Thread.run(Thread.java:748)&#10;&quot;BlockDeletingService#0&quot; daemon prio=5 tid=2337 timed_waiting&#10;java.lang.Thread.State: TIMED_WAITING&#10;        at sun.misc.Unsafe.park(Native Method)&#10;        at java.util.concurrent.locks.LockSupport.parkNanos(LockSupport.java:215)&#10;        at java.util.concurrent.locks.AbstractQueuedSynchronizer$ConditionObject.awaitNanos(AbstractQueuedSynchronizer.java:2078)&#10;        at java.util.concurrent.ScheduledThreadPoolExecutor$DelayedWorkQueue.take(ScheduledThreadPoolExecutor.java:1093)&#10;        at java.util.concurrent.ScheduledThreadPoolExecutor$DelayedWorkQueue.take(ScheduledThreadPoolExecutor.java:809)&#10;        at java.util.concurrent.ThreadPoolExecutor.getTask(ThreadPoolExecutor.java:1074)&#10;        at java.util.concurrent.ThreadPoolExecutor.runWorker(ThreadPoolExecutor.java:1134)&#10;        at java.util.concurrent.ThreadPoolExecutor$Worker.run(ThreadPoolExecutor.java:624)&#10;        at java.lang.Thread.run(Thread.java:748)&#10;&quot;Datanode ReportManager Thread - 3&quot; daemon prio=5 tid=390 in Object.wait()&#10;java.lang.Thread.State: WAITING (on object monitor)&#10;        at sun.misc.Unsafe.park(Native Method)&#10;        at java.util.concurrent.locks.LockSupport.park(LockSupport.java:175)&#10;        at java.util.concurrent.locks.AbstractQueuedSynchronizer$ConditionObject.await(AbstractQueuedSynchronizer.java:2039)&#10;        at java.util.concurrent.ScheduledThreadPoolExecutor$DelayedWorkQueue.take(ScheduledThreadPoolExecutor.java:1088)&#10;        at java.util.concurrent.ScheduledThreadPoolExecutor$DelayedWorkQueue.take(ScheduledThreadPoolExecutor.java:809)&#10;        at java.util.concurrent.ThreadPoolExecutor.getTask(ThreadPoolExecutor.java:1074)&#10;        at java.util.concurrent.ThreadPoolExecutor.runWorker(ThreadPoolExecutor.java:1134)&#10;        at java.util.concurrent.ThreadPoolExecutor$Worker.run(ThreadPoolExecutor.java:624)&#10;        at java.lang.Thread.run(Thread.java:748)&#10;&quot;qtp377667724-1993&quot; daemon prio=5 tid=1993 runnable&#10;java.lang.Thread.State: RUNNABLE&#10;        at sun.nio.ch.EPollArrayWrapper.epollWait(Native Method)&#10;        at sun.nio.ch.EPollArrayWrapper.poll(EPollArrayWrapper.java:269)&#10;        at sun.nio.ch.EPollSelectorImpl.doSelect(EPollSelectorImpl.java:93)&#10;        at sun.nio.ch.SelectorImpl.lockAndDoSelect(SelectorImpl.java:86)&#10;        at sun.nio.ch.SelectorImpl.select(SelectorImpl.java:97)&#10;        at sun.nio.ch.SelectorImpl.select(SelectorImpl.java:101)&#10;        at org.eclipse.jetty.io.ManagedSelector$SelectorProducer.select(ManagedSelector.java:243)&#10;        at org.eclipse.jetty.io.ManagedSelector$SelectorProducer.produce(ManagedSelector.java:191)&#10;        at org.eclipse.jetty.util.thread.strategy.ExecuteProduceConsume.executeProduceConsume(ExecuteProduceConsume.java:249)&#10;        at org.eclipse.jetty.util.thread.strategy.ExecuteProduceConsume.produceConsume(ExecuteProduceConsume.java:148)&#10;        at org.eclipse.jetty.util.thread.strategy.ExecuteProduceConsume.execute(ExecuteProduceConsume.java:100)&#10;        at org.eclipse.jetty.io.ManagedSelector.run(ManagedSelector.java:147)&#10;        at org.eclipse.jetty.util.thread.QueuedThreadPool.runJob(QueuedThreadPool.java:671)&#10;        at org.eclipse.jetty.util.thread.QueuedThreadPool$2.run(QueuedThreadPool.java:589)&#10;        at java.lang.Thread.run(Thread.java:748)&#10;&quot;pool-198-thread-42&quot;  prio=5 tid=2628 in Object.wait()&#10;java.lang.Thread.State: WAITING (on object monitor)&#10;        at sun.misc.Unsafe.park(Native Method)&#10;        at java.util.concurrent.locks.LockSupport.park(LockSupport.java:175)&#10;        at java.util.concurrent.locks.AbstractQueuedSynchronizer$ConditionObject.await(AbstractQueuedSynchronizer.java:2039)&#10;        at java.util.concurrent.ArrayBlockingQueue.take(ArrayBlockingQueue.java:403)&#10;        at java.util.concurrent.ThreadPoolExecutor.getTask(ThreadPoolExecutor.java:1074)&#10;        at java.util.concurrent.ThreadPoolExecutor.runWorker(ThreadPoolExecutor.java:1134)&#10;        at java.util.concurrent.ThreadPoolExecutor$Worker.run(ThreadPoolExecutor.java:624)&#10;        at java.lang.Thread.run(Thread.java:748)&#10;&quot;pool-198-thread-39&quot;  prio=5 tid=2625 in Object.wait()&#10;java.lang.Thread.State: WAITING (on object monitor)&#10;        at sun.misc.Unsafe.park(Native Method)&#10;        at java.util.concurrent.locks.LockSupport.park(LockSupport.java:175)&#10;        at java.util.concurrent.locks.AbstractQueuedSynchronizer$ConditionObject.await(AbstractQueuedSynchronizer.java:2039)&#10;        at java.util.concurrent.ArrayBlockingQueue.take(ArrayBlockingQueue.java:403)&#10;        at java.util.concurrent.ThreadPoolExecutor.getTask(ThreadPoolExecutor.java:1074)&#10;        at java.util.concurrent.ThreadPoolExecutor.runWorker(ThreadPoolExecutor.java:1134)&#10;        at java.util.concurrent.ThreadPoolExecutor$Worker.run(ThreadPoolExecutor.java:624)&#10;        at java.lang.Thread.run(Thread.java:748)&#10;&quot;pool-178-thread-11&quot;  prio=5 tid=2473 in Object.wait()&#10;java.lang.Thread.State: WAITING (on object monitor)&#10;        at sun.misc.Unsafe.park(Native Method)&#10;        at java.util.concurrent.locks.LockSupport.park(LockSupport.java:175)&#10;        at java.util.concurrent.locks.AbstractQueuedSynchronizer$ConditionObject.await(AbstractQueuedSynchronizer.java:2039)&#10;        at java.util.concurrent.ArrayBlockingQueue.take(ArrayBlockingQueue.java:403)&#10;        at java.util.concurrent.ThreadPoolExecutor.getTask(ThreadPoolExecutor.java:1074)&#10;        at java.util.concurrent.ThreadPoolExecutor.runWorker(ThreadPoolExecutor.java:1134)&#10;        at java.util.concurrent.ThreadPoolExecutor$Worker.run(ThreadPoolExecutor.java:624)&#10;        at java.lang.Thread.run(Thread.java:748)&#10;&quot;Thread-1573&quot; daemon prio=5 tid=3232 timed_waiting&#10;java.lang.Thread.State: TIMED_WAITING&#10;        at sun.misc.Unsafe.park(Native Method)&#10;        at java.util.concurrent.locks.LockSupport.parkNanos(LockSupport.java:215)&#10;        at java.util.concurrent.locks.AbstractQueuedSynchronizer$ConditionObject.awaitNanos(AbstractQueuedSynchronizer.java:2078)&#10;        at java.util.concurrent.ArrayBlockingQueue.poll(ArrayBlockingQueue.java:418)&#10;        at org.apache.ratis.server.impl.LeaderState$EventQueue.poll(LeaderState.java:115)&#10;        at org.apache.ratis.server.impl.LeaderState$EventProcessor.run(LeaderState.java:467)&#10;&quot;pool-148-thread-37&quot;  prio=5 tid=2312 in Object.wait()&#10;java.lang.Thread.State: WAITING (on object monitor)&#10;        at sun.misc.Unsafe.park(Native Method)&#10;        at java.util.concurrent.locks.LockSupport.park(LockSupport.java:175)&#10;        at java.util.concurrent.locks.AbstractQueuedSynchronizer$ConditionObject.await(AbstractQueuedSynchronizer.java:2039)&#10;        at java.util.concurrent.ArrayBlockingQueue.take(ArrayBlockingQueue.java:403)&#10;        at java.util.concurrent.ThreadPoolExecutor.getTask(ThreadPoolExecutor.java:1074)&#10;        at java.util.concurrent.ThreadPoolExecutor.runWorker(ThreadPoolExecutor.java:1134)&#10;        at java.util.concurrent.ThreadPoolExecutor$Worker.run(ThreadPoolExecutor.java:624)&#10;        at java.lang.Thread.run(Thread.java:748)&#10;&quot;grpc-default-boss-ELG-4-1&quot; daemon prio=5 tid=2336 runnable&#10;java.lang.Thread.State: RUNNABLE&#10;        at sun.nio.ch.EPollArrayWrapper.epollWait(Native Method)&#10;        at sun.nio.ch.EPollArrayWrapper.poll(EPollArrayWrapper.java:269)&#10;        at sun.nio.ch.EPollSelectorImpl.doSelect(EPollSelectorImpl.java:93)&#10;        at sun.nio.ch.SelectorImpl.lockAndDoSelect(SelectorImpl.java:86)&#10;        at sun.nio.ch.SelectorImpl.select(SelectorImpl.java:97)&#10;        at org.apache.ratis.thirdparty.io.netty.channel.nio.SelectedSelectionKeySetSelector.select(SelectedSelectionKeySetSelector.java:62)&#10;        at org.apache.ratis.thirdparty.io.netty.channel.nio.NioEventLoop.select(NioEventLoop.java:753)&#10;        at org.apache.ratis.thirdparty.io.netty.channel.nio.NioEventLoop.run(NioEventLoop.java:408)&#10;        at org.apache.ratis.thirdparty.io.netty.util.concurrent.SingleThreadEventExecutor$5.run(SingleThreadEventExecutor.java:897)&#10;        at org.apache.ratis.thirdparty.io.netty.util.concurrent.FastThreadLocalRunnable.run(FastThreadLocalRunnable.java:30)&#10;        at java.lang.Thread.run(Thread.java:748)&#10;&quot;pool-228-thread-18&quot;  prio=5 tid=2790 in Object.wait()&#10;java.lang.Thread.State: WAITING (on object monitor)&#10;        at sun.misc.Unsafe.park(Native Method)&#10;        at java.util.concurrent.locks.LockSupport.park(LockSupport.java:175)&#10;        at java.util.concurrent.locks.AbstractQueuedSynchronizer$ConditionObject.await(AbstractQueuedSynchronizer.java:2039)&#10;        at java.util.concurrent.ArrayBlockingQueue.take(ArrayBlockingQueue.java:403)&#10;        at java.util.concurrent.ThreadPoolExecutor.getTask(ThreadPoolExecutor.java:1074)&#10;        at java.util.concurrent.ThreadPoolExecutor.runWorker(ThreadPoolExecutor.java:1134)&#10;        at java.util.concurrent.ThreadPoolExecutor$Worker.run(ThreadPoolExecutor.java:624)&#10;        at java.lang.Thread.run(Thread.java:748)&#10;&quot;pool-148-thread-19&quot;  prio=5 tid=2294 in Object.wait()&#10;java.lang.Thread.State: WAITING (on object monitor)&#10;        at sun.misc.Unsafe.park(Native Method)&#10;        at java.util.concurrent.locks.LockSupport.park(LockSupport.java:175)&#10;        at java.util.concurrent.locks.AbstractQueuedSynchronizer$ConditionObject.await(AbstractQueuedSynchronizer.java:2039)&#10;        at java.util.concurrent.ArrayBlockingQueue.take(ArrayBlockingQueue.java:403)&#10;        at java.util.concurrent.ThreadPoolExecutor.getTask(ThreadPoolExecutor.java:1074)&#10;        at java.util.concurrent.ThreadPoolExecutor.runWorker(ThreadPoolExecutor.java:1134)&#10;        at java.util.concurrent.ThreadPoolExecutor$Worker.run(ThreadPoolExecutor.java:624)&#10;        at java.lang.Thread.run(Thread.java:748)&#10;&quot;pool-228-thread-35&quot;  prio=5 tid=2807 in Object.wait()&#10;java.lang.Thread.State: WAITING (on object monitor)&#10;        at sun.misc.Unsafe.park(Native Method)&#10;        at java.util.concurrent.locks.LockSupport.park(LockSupport.java:175)&#10;        at java.util.concurrent.locks.AbstractQueuedSynchronizer$ConditionObject.await(AbstractQueuedSynchronizer.java:2039)&#10;        at java.util.concurrent.ArrayBlockingQueue.take(ArrayBlockingQueue.java:403)&#10;        at java.util.concurrent.ThreadPoolExecutor.getTask(ThreadPoolExecutor.java:1074)&#10;        at java.util.concurrent.ThreadPoolExecutor.runWorker(ThreadPoolExecutor.java:1134)&#10;        at java.util.concurrent.ThreadPoolExecutor$Worker.run(ThreadPoolExecutor.java:624)&#10;        at java.lang.Thread.run(Thread.java:748)&#10;&quot;pool-168-thread-2&quot;  prio=5 tid=2402 in Object.wait()&#10;java.lang.Thread.State: WAITING (on object monitor)&#10;        at sun.misc.Unsafe.park(Native Method)&#10;        at java.util.concurrent.locks.LockSupport.park(LockSupport.java:175)&#10;        at java.util.concurrent.locks.AbstractQueuedSynchronizer$ConditionObject.await(AbstractQueuedSynchronizer.java:2039)&#10;        at java.util.concurrent.ArrayBlockingQueue.take(ArrayBlockingQueue.java:403)&#10;        at java.util.concurrent.ThreadPoolExecutor.getTask(ThreadPoolExecutor.java:1074)&#10;        at java.util.concurrent.ThreadPoolExecutor.runWorker(ThreadPoolExecutor.java:1134)&#10;        at java.util.concurrent.ThreadPoolExecutor$Worker.run(ThreadPoolExecutor.java:624)&#10;        at java.lang.Thread.run(Thread.java:748)&#10;&quot;IPC Server handler 16 on 39845&quot; daemon prio=5 tid=1945 timed_waiting&#10;java.lang.Thread.State: TIMED_WAITING&#10;        at sun.misc.Unsafe.park(Native Method)&#10;        at java.util.concurrent.locks.LockSupport.parkNanos(LockSupport.java:215)&#10;        at java.util.concurrent.locks.AbstractQueuedSynchronizer$ConditionObject.awaitNanos(AbstractQueuedSynchronizer.java:2078)&#10;        at java.util.concurrent.LinkedBlockingQueue.poll(LinkedBlockingQueue.java:467)&#10;        at org.apache.hadoop.ipc.CallQueueManager.take(CallQueueManager.java:288)&#10;        at org.apache.hadoop.ipc.Server$Handler.run(Server.java:2668)&#10;&quot;pool-166-thread-1&quot; daemon prio=5 tid=2064 timed_waiting&#10;java.lang.Thread.State: TIMED_WAITING&#10;        at sun.misc.Unsafe.park(Native Method)&#10;        at java.util.concurrent.locks.LockSupport.parkNanos(LockSupport.java:215)&#10;        at java.util.concurrent.locks.AbstractQueuedSynchronizer$ConditionObject.awaitNanos(AbstractQueuedSynchronizer.java:2078)&#10;        at java.util.concurrent.ScheduledThreadPoolExecutor$DelayedWorkQueue.take(ScheduledThreadPoolExecutor.java:1093)&#10;        at java.util.concurrent.ScheduledThreadPoolExecutor$DelayedWorkQueue.take(ScheduledThreadPoolExecutor.java:809)&#10;        at java.util.concurrent.ThreadPoolExecutor.getTask(ThreadPoolExecutor.java:1074)&#10;        at java.util.concurrent.ThreadPoolExecutor.runWorker(ThreadPoolExecutor.java:1134)&#10;        at java.util.concurrent.ThreadPoolExecutor$Worker.run(ThreadPoolExecutor.java:624)&#10;        at java.lang.Thread.run(Thread.java:748)&#10;&quot;qtp457245448-2099&quot; daemon prio=5 tid=2099 timed_waiting&#10;java.lang.Thread.State: TIMED_WAITING&#10;        at sun.misc.Unsafe.park(Native Method)&#10;        at java.util.concurrent.locks.LockSupport.parkNanos(LockSupport.java:215)&#10;        at java.util.concurrent.locks.AbstractQueuedSynchronizer$ConditionObject.awaitNanos(AbstractQueuedSynchronizer.java:2078)&#10;        at org.eclipse.jetty.util.BlockingArrayQueue.poll(BlockingArrayQueue.java:392)&#10;        at org.eclipse.jetty.util.thread.QueuedThreadPool.idleJobPoll(QueuedThreadPool.java:563)&#10;        at org.eclipse.jetty.util.thread.QueuedThreadPool.access$800(QueuedThreadPool.java:48)&#10;        at org.eclipse.jetty.util.thread.QueuedThreadPool$2.run(QueuedThreadPool.java:626)&#10;        at java.lang.Thread.run(Thread.java:748)&#10;&quot;pool-168-thread-56&quot;  prio=5 tid=2456 in Object.wait()&#10;java.lang.Thread.State: WAITING (on object monitor)&#10;        at sun.misc.Unsafe.park(Native Method)&#10;        at java.util.concurrent.locks.LockSupport.park(LockSupport.java:175)&#10;        at java.util.concurrent.locks.AbstractQueuedSynchronizer$ConditionObject.await(AbstractQueuedSynchronizer.java:2039)&#10;        at java.util.concurrent.ArrayBlockingQueue.take(ArrayBlockingQueue.java:403)&#10;        at java.util.concurrent.ThreadPoolExecutor.getTask(ThreadPoolExecutor.java:1074)&#10;        at java.util.concurrent.ThreadPoolExecutor.runWorker(ThreadPoolExecutor.java:1134)&#10;        at java.util.concurrent.ThreadPoolExecutor$Worker.run(ThreadPoolExecutor.java:624)&#10;        at java.lang.Thread.run(Thread.java:748)&#10;&quot;pool-198-thread-37&quot;  prio=5 tid=2623 in Object.wait()&#10;java.lang.Thread.State: WAITING (on object monitor)&#10;        at sun.misc.Unsafe.park(Native Method)&#10;        at java.util.concurrent.locks.LockSupport.park(LockSupport.java:175)&#10;        at java.util.concurrent.locks.AbstractQueuedSynchronizer$ConditionObject.await(AbstractQueuedSynchronizer.java:2039)&#10;        at java.util.concurrent.ArrayBlockingQueue.take(ArrayBlockingQueue.java:403)&#10;        at java.util.concurrent.ThreadPoolExecutor.getTask(ThreadPoolExecutor.java:1074)&#10;        at java.util.concurrent.ThreadPoolExecutor.runWorker(ThreadPoolExecutor.java:1134)&#10;        at java.util.concurrent.ThreadPoolExecutor$Worker.run(ThreadPoolExecutor.java:624)&#10;        at java.lang.Thread.run(Thread.java:748)&#10;&quot;Datanode State Machine Thread - 0&quot; daemon prio=5 tid=2024 timed_waiting&#10;java.lang.Thread.State: TIMED_WAITING&#10;        at java.lang.Thread.sleep(Native Method)&#10;        at org.apache.hadoop.ozone.container.common.statemachine.DatanodeStateMachine.start(DatanodeStateMachine.java:196)&#10;        at org.apache.hadoop.ozone.container.common.statemachine.DatanodeStateMachine.lambda$startDaemon$0(DatanodeStateMachine.java:354)&#10;        at org.apache.hadoop.ozone.container.common.statemachine.DatanodeStateMachine$$Lambda$141/502066023.run(Unknown Source)&#10;        at java.lang.Thread.run(Thread.java:748)&#10;&quot;pool-148-thread-34&quot;  prio=5 tid=2309 in Object.wait()&#10;java.lang.Thread.State: WAITING (on object monitor)&#10;        at sun.misc.Unsafe.park(Native Method)&#10;        at java.util.concurrent.locks.LockSupport.park(LockSupport.java:175)&#10;        at java.util.concurrent.locks.AbstractQueuedSynchronizer$ConditionObject.await(AbstractQueuedSynchronizer.java:2039)&#10;        at java.util.concurrent.ArrayBlockingQueue.take(ArrayBlockingQueue.java:403)&#10;        at java.util.concurrent.ThreadPoolExecutor.getTask(ThreadPoolExecutor.java:1074)&#10;        at java.util.concurrent.ThreadPoolExecutor.runWorker(ThreadPoolExecutor.java:1134)&#10;        at java.util.concurrent.ThreadPoolExecutor$Worker.run(ThreadPoolExecutor.java:624)&#10;        at java.lang.Thread.run(Thread.java:748)&#10;&quot;pool-178-thread-31&quot;  prio=5 tid=2493 in Object.wait()&#10;java.lang.Thread.State: WAITING (on object monitor)&#10;        at sun.misc.Unsafe.park(Native Method)&#10;        at java.util.concurrent.locks.LockSupport.park(LockSupport.java:175)&#10;        at java.util.concurrent.locks.AbstractQueuedSynchronizer$ConditionObject.await(AbstractQueuedSynchronizer.java:2039)&#10;        at java.util.concurrent.ArrayBlockingQueue.take(ArrayBlockingQueue.java:403)&#10;        at java.util.concurrent.ThreadPoolExecutor.getTask(ThreadPoolExecutor.java:1074)&#10;        at java.util.concurrent.ThreadPoolExecutor.runWorker(ThreadPoolExecutor.java:1134)&#10;        at java.util.concurrent.ThreadPoolExecutor$Worker.run(ThreadPoolExecutor.java:624)&#10;        at java.lang.Thread.run(Thread.java:748)&#10;&quot;pool-168-thread-9&quot;  prio=5 tid=2409 in Object.wait()&#10;java.lang.Thread.State: WAITING (on object monitor)&#10;        at sun.misc.Unsafe.park(Native Method)&#10;        at java.util.concurrent.locks.LockSupport.park(LockSupport.java:175)&#10;        at java.util.concurrent.locks.AbstractQueuedSynchronizer$ConditionObject.await(AbstractQueuedSynchronizer.java:2039)&#10;        at java.util.concurrent.ArrayBlockingQueue.take(ArrayBlockingQueue.java:403)&#10;        at java.util.concurrent.ThreadPoolExecutor.getTask(ThreadPoolExecutor.java:1074)&#10;        at java.util.concurrent.ThreadPoolExecutor.runWorker(ThreadPoolExecutor.java:1134)&#10;        at java.util.concurrent.ThreadPoolExecutor$Worker.run(ThreadPoolExecutor.java:624)&#10;        at java.lang.Thread.run(Thread.java:748)&#10;&quot;pool-178-thread-4&quot;  prio=5 tid=2466 in Object.wait()&#10;java.lang.Thread.State: WAITING (on object monitor)&#10;        at sun.misc.Unsafe.park(Native Method)&#10;        at java.util.concurrent.locks.LockSupport.park(LockSupport.java:175)&#10;        at java.util.concurrent.locks.AbstractQueuedSynchronizer$ConditionObject.await(AbstractQueuedSynchronizer.java:2039)&#10;        at java.util.concurrent.ArrayBlockingQueue.take(ArrayBlockingQueue.java:403)&#10;        at java.util.concurrent.ThreadPoolExecutor.getTask(ThreadPoolExecutor.java:1074)&#10;        at java.util.concurrent.ThreadPoolExecutor.runWorker(ThreadPoolExecutor.java:1134)&#10;        at java.util.concurrent.ThreadPoolExecutor$Worker.run(ThreadPoolExecutor.java:624)&#10;        at java.lang.Thread.run(Thread.java:748)&#10;&quot;Command processor thread&quot; daemon prio=5 tid=2218 timed_waiting&#10;java.lang.Thread.State: TIMED_WAITING&#10;        at java.lang.Thread.sleep(Native Method)&#10;        at org.apache.hadoop.ozone.container.common.statemachine.DatanodeStateMachine.lambda$initCommandHandlerThread$1(DatanodeStateMachine.java:444)&#10;        at org.apache.hadoop.ozone.container.common.statemachine.DatanodeStateMachine$$Lambda$142/1059342576.run(Unknown Source)&#10;        at java.lang.Thread.run(Thread.java:748)&#10;&quot;org.eclipse.jetty.server.session.HashSessionManager@24a2e565Timer&quot; daemon prio=5 tid=1959 timed_waiting&#10;java.lang.Thread.State: TIMED_WAITING&#10;        at sun.misc.Unsafe.park(Native Method)&#10;        at java.util.concurrent.locks.LockSupport.parkNanos(LockSupport.java:215)&#10;        at java.util.concurrent.locks.AbstractQueuedSynchronizer$ConditionObject.awaitNanos(AbstractQueuedSynchronizer.java:2078)&#10;        at java.util.concurrent.ScheduledThreadPoolExecutor$DelayedWorkQueue.take(ScheduledThreadPoolExecutor.java:1093)&#10;        at java.util.concurrent.ScheduledThreadPoolExecutor$DelayedWorkQueue.take(ScheduledThreadPoolExecutor.java:809)&#10;        at java.util.concurrent.ThreadPoolExecutor.getTask(ThreadPoolExecutor.java:1074)&#10;        at java.util.concurrent.ThreadPoolExecutor.runWorker(ThreadPoolExecutor.java:1134)&#10;        at java.util.concurrent.ThreadPoolExecutor$Worker.run(ThreadPoolExecutor.java:624)&#10;        at java.lang.Thread.run(Thread.java:748)&#10;&quot;pool-188-thread-23&quot;  prio=5 tid=2547 in Object.wait()&#10;java.lang.Thread.State: WAITING (on object monitor)&#10;        at sun.misc.Unsafe.park(Native Method)&#10;        at java.util.concurrent.locks.LockSupport.park(LockSupport.java:175)&#10;        at java.util.concurrent.locks.AbstractQueuedSynchronizer$ConditionObject.await(AbstractQueuedSynchronizer.java:2039)&#10;        at java.util.concurrent.ArrayBlockingQueue.take(ArrayBlockingQueue.java:403)&#10;        at java.util.concurrent.ThreadPoolExecutor.getTask(ThreadPoolExecutor.java:1074)&#10;        at java.util.concurrent.ThreadPoolExecutor.runWorker(ThreadPoolExecutor.java:1134)&#10;        at java.util.concurrent.ThreadPoolExecutor$Worker.run(ThreadPoolExecutor.java:624)&#10;        at java.lang.Thread.run(Thread.java:748)&#10;&quot;pool-178-thread-49&quot;  prio=5 tid=2511 in Object.wait()&#10;java.lang.Thread.State: WAITING (on object monitor)&#10;        at sun.misc.Unsafe.park(Native Method)&#10;        at java.util.concurrent.locks.LockSupport.park(LockSupport.java:175)&#10;        at java.util.concurrent.locks.AbstractQueuedSynchronizer$ConditionObject.await(AbstractQueuedSynchronizer.java:2039)&#10;        at java.util.concurrent.ArrayBlockingQueue.take(ArrayBlockingQueue.java:403)&#10;        at java.util.concurrent.ThreadPoolExecutor.getTask(ThreadPoolExecutor.java:1074)&#10;        at java.util.concurrent.ThreadPoolExecutor.runWorker(ThreadPoolExecutor.java:1134)&#10;        at java.util.concurrent.ThreadPoolExecutor$Worker.run(ThreadPoolExecutor.java:624)&#10;        at java.lang.Thread.run(Thread.java:748)&#10;&quot;IPC Server handler 3 on 40581&quot; daemon prio=5 tid=1912 timed_waiting&#10;java.lang.Thread.State: TIMED_WAITING&#10;        at sun.misc.Unsafe.park(Native Method)&#10;        at java.util.concurrent.locks.LockSupport.parkNanos(LockSupport.java:215)&#10;        at java.util.concurrent.locks.AbstractQueuedSynchronizer$ConditionObject.awaitNanos(AbstractQueuedSynchronizer.java:2078)&#10;        at java.util.concurrent.LinkedBlockingQueue.poll(LinkedBlockingQueue.java:467)&#10;        at org.apache.hadoop.ipc.CallQueueManager.take(CallQueueManager.java:288)&#10;        at org.apache.hadoop.ipc.Server$Handler.run(Server.java:2668)&#10;&quot;pool-168-thread-13&quot;  prio=5 tid=2413 in Object.wait()&#10;java.lang.Thread.State: WAITING (on object monitor)&#10;        at sun.misc.Unsafe.park(Native Method)&#10;        at java.util.concurrent.locks.LockSupport.park(LockSupport.java:175)&#10;        at java.util.concurrent.locks.AbstractQueuedSynchronizer$ConditionObject.await(AbstractQueuedSynchronizer.java:2039)&#10;        at java.util.concurrent.ArrayBlockingQueue.take(ArrayBlockingQueue.java:403)&#10;        at java.util.concurrent.ThreadPoolExecutor.getTask(ThreadPoolExecutor.java:1074)&#10;        at java.util.concurrent.ThreadPoolExecutor.runWorker(ThreadPoolExecutor.java:1134)&#10;        at java.util.concurrent.ThreadPoolExecutor$Worker.run(ThreadPoolExecutor.java:624)&#10;        at java.lang.Thread.run(Thread.java:748)&#10;&quot;e96d2cc9-026c-4220-b0f4-2bd3b4d5a924@group-0B60AC9C5BED-StateMachineUpdater&quot; daemon prio=5 tid=3112 in Object.wait()&#10;java.lang.Thread.State: WAITING (on object monitor)&#10;        at java.lang.Object.wait(Native Method)&#10;        at java.lang.Object.wait(Object.java:502)&#10;        at org.apache.ratis.server.impl.StateMachineUpdater.waitForCommit(StateMachineUpdater.java:194)&#10;        at org.apache.ratis.server.impl.StateMachineUpdater.run(StateMachineUpdater.java:159)&#10;        at java.lang.Thread.run(Thread.java:748)&#10;&quot;pool-238-thread-52&quot;  prio=5 tid=2886 in Object.wait()&#10;java.lang.Thread.State: WAITING (on object monitor)&#10;        at sun.misc.Unsafe.park(Native Method)&#10;        at java.util.concurrent.locks.LockSupport.park(LockSupport.java:175)&#10;        at java.util.concurrent.locks.AbstractQueuedSynchronizer$ConditionObject.await(AbstractQueuedSynchronizer.java:2039)&#10;        at java.util.concurrent.ArrayBlockingQueue.take(ArrayBlockingQueue.java:403)&#10;        at java.util.concurrent.ThreadPoolExecutor.getTask(ThreadPoolExecutor.java:1074)&#10;        at java.util.concurrent.ThreadPoolExecutor.runWorker(ThreadPoolExecutor.java:1134)&#10;        at java.util.concurrent.ThreadPoolExecutor$Worker.run(ThreadPoolExecutor.java:624)&#10;        at java.lang.Thread.run(Thread.java:748)&#10;&quot;pool-198-thread-49&quot;  prio=5 tid=2635 in Object.wait()&#10;java.lang.Thread.State: WAITING (on object monitor)&#10;        at sun.misc.Unsafe.park(Native Method)&#10;        at java.util.concurrent.locks.LockSupport.park(LockSupport.java:175)&#10;        at java.util.concurrent.locks.AbstractQueuedSynchronizer$ConditionObject.await(AbstractQueuedSynchronizer.java:2039)&#10;        at java.util.concurrent.ArrayBlockingQueue.take(ArrayBlockingQueue.java:403)&#10;        at java.util.concurrent.ThreadPoolExecutor.getTask(ThreadPoolExecutor.java:1074)&#10;        at java.util.concurrent.ThreadPoolExecutor.runWorker(ThreadPoolExecutor.java:1134)&#10;        at java.util.concurrent.ThreadPoolExecutor$Worker.run(ThreadPoolExecutor.java:624)&#10;        at java.lang.Thread.run(Thread.java:748)&#10;&quot;pool-228-thread-23&quot;  prio=5 tid=2795 in Object.wait()&#10;java.lang.Thread.State: WAITING (on object monitor)&#10;        at sun.misc.Unsafe.park(Native Method)&#10;        at java.util.concurrent.locks.LockSupport.park(LockSupport.java:175)&#10;        at java.util.concurrent.locks.AbstractQueuedSynchronizer$ConditionObject.await(AbstractQueuedSynchronizer.java:2039)&#10;        at java.util.concurrent.ArrayBlockingQueue.take(ArrayBlockingQueue.java:403)&#10;        at java.util.concurrent.ThreadPoolExecutor.getTask(ThreadPoolExecutor.java:1074)&#10;        at java.util.concurrent.ThreadPoolExecutor.runWorker(ThreadPoolExecutor.java:1134)&#10;        at java.util.concurrent.ThreadPoolExecutor$Worker.run(ThreadPoolExecutor.java:624)&#10;        at java.lang.Thread.run(Thread.java:748)&#10;&quot;pool-168-thread-46&quot;  prio=5 tid=2446 in Object.wait()&#10;java.lang.Thread.State: WAITING (on object monitor)&#10;        at sun.misc.Unsafe.park(Native Method)&#10;        at java.util.concurrent.locks.LockSupport.park(LockSupport.java:175)&#10;        at java.util.concurrent.locks.AbstractQueuedSynchronizer$ConditionObject.await(AbstractQueuedSynchronizer.java:2039)&#10;        at java.util.concurrent.ArrayBlockingQueue.take(ArrayBlockingQueue.java:403)&#10;        at java.util.concurrent.ThreadPoolExecutor.getTask(ThreadPoolExecutor.java:1074)&#10;        at java.util.concurrent.ThreadPoolExecutor.runWorker(ThreadPoolExecutor.java:1134)&#10;        at java.util.concurrent.ThreadPoolExecutor$Worker.run(ThreadPoolExecutor.java:624)&#10;        at java.lang.Thread.run(Thread.java:748)&#10;&quot;pool-158-thread-11&quot;  prio=5 tid=2349 in Object.wait()&#10;java.lang.Thread.State: WAITING (on object monitor)&#10;        at sun.misc.Unsafe.park(Native Method)&#10;        at java.util.concurrent.locks.LockSupport.park(LockSupport.java:175)&#10;        at java.util.concurrent.locks.AbstractQueuedSynchronizer$ConditionObject.await(AbstractQueuedSynchronizer.java:2039)&#10;        at java.util.concurrent.ArrayBlockingQueue.take(ArrayBlockingQueue.java:403)&#10;        at java.util.concurrent.ThreadPoolExecutor.getTask(ThreadPoolExecutor.java:1074)&#10;        at java.util.concurrent.ThreadPoolExecutor.runWorker(ThreadPoolExecutor.java:1134)&#10;        at java.util.concurrent.ThreadPoolExecutor$Worker.run(ThreadPoolExecutor.java:624)&#10;        at java.lang.Thread.run(Thread.java:748)&#10;&quot;pool-238-thread-60&quot;  prio=5 tid=2894 in Object.wait()&#10;java.lang.Thread.State: WAITING (on object monitor)&#10;        at sun.misc.Unsafe.park(Native Method)&#10;        at java.util.concurrent.locks.LockSupport.park(LockSupport.java:175)&#10;        at java.util.concurrent.locks.AbstractQueuedSynchronizer$ConditionObject.await(AbstractQueuedSynchronizer.java:2039)&#10;        at java.util.concurrent.ArrayBlockingQueue.take(ArrayBlockingQueue.java:403)&#10;        at java.util.concurrent.ThreadPoolExecutor.getTask(ThreadPoolExecutor.java:1074)&#10;        at java.util.concurrent.ThreadPoolExecutor.runWorker(ThreadPoolExecutor.java:1134)&#10;        at java.util.concurrent.ThreadPoolExecutor$Worker.run(ThreadPoolExecutor.java:624)&#10;        at java.lang.Thread.run(Thread.java:748)&#10;&quot;pool-188-thread-51&quot;  prio=5 tid=2575 in Object.wait()&#10;java.lang.Thread.State: WAITING (on object monitor)&#10;        at sun.misc.Unsafe.park(Native Method)&#10;        at java.util.concurrent.locks.LockSupport.park(LockSupport.java:175)&#10;        at java.util.concurrent.locks.AbstractQueuedSynchronizer$ConditionObject.await(AbstractQueuedSynchronizer.java:2039)&#10;        at java.util.concurrent.ArrayBlockingQueue.take(ArrayBlockingQueue.java:403)&#10;        at java.util.concurrent.ThreadPoolExecutor.getTask(ThreadPoolExecutor.java:1074)&#10;        at java.util.concurrent.ThreadPoolExecutor.runWorker(ThreadPoolExecutor.java:1134)&#10;        at java.util.concurrent.ThreadPoolExecutor$Worker.run(ThreadPoolExecutor.java:624)&#10;        at java.lang.Thread.run(Thread.java:748)&#10;&quot;pool-148-thread-38&quot;  prio=5 tid=2313 in Object.wait()&#10;java.lang.Thread.State: WAITING (on object monitor)&#10;        at sun.misc.Unsafe.park(Native Method)&#10;        at java.util.concurrent.locks.LockSupport.park(LockSupport.java:175)&#10;        at java.util.concurrent.locks.AbstractQueuedSynchronizer$ConditionObject.await(AbstractQueuedSynchronizer.java:2039)&#10;        at java.util.concurrent.ArrayBlockingQueue.take(ArrayBlockingQueue.java:403)&#10;        at java.util.concurrent.ThreadPoolExecutor.getTask(ThreadPoolExecutor.java:1074)&#10;        at java.util.concurrent.ThreadPoolExecutor.runWorker(ThreadPoolExecutor.java:1134)&#10;        at java.util.concurrent.ThreadPoolExecutor$Worker.run(ThreadPoolExecutor.java:624)&#10;        at java.lang.Thread.run(Thread.java:748)&#10;&quot;qtp270313690-2127&quot; daemon prio=5 tid=2127 timed_waiting&#10;java.lang.Thread.State: TIMED_WAITING&#10;        at sun.misc.Unsafe.park(Native Method)&#10;        at java.util.concurrent.locks.LockSupport.parkNanos(LockSupport.java:215)&#10;        at java.util.concurrent.locks.AbstractQueuedSynchronizer$ConditionObject.awaitNanos(AbstractQueuedSynchronizer.java:2078)&#10;        at org.eclipse.jetty.util.BlockingArrayQueue.poll(BlockingArrayQueue.java:392)&#10;        at org.eclipse.jetty.util.thread.QueuedThreadPool.idleJobPoll(QueuedThreadPool.java:563)&#10;        at org.eclipse.jetty.util.thread.QueuedThreadPool.access$800(QueuedThreadPool.java:48)&#10;        at org.eclipse.jetty.util.thread.QueuedThreadPool$2.run(QueuedThreadPool.java:626)&#10;        at java.lang.Thread.run(Thread.java:748)&#10;&quot;IPC Server handler 19 on 39845&quot; daemon prio=5 tid=1948 timed_waiting&#10;java.lang.Thread.State: TIMED_WAITING&#10;        at sun.misc.Unsafe.park(Native Method)&#10;        at java.util.concurrent.locks.LockSupport.parkNanos(LockSupport.java:215)&#10;        at java.util.concurrent.locks.AbstractQueuedSynchronizer$ConditionObject.awaitNanos(AbstractQueuedSynchronizer.java:2078)&#10;        at java.util.concurrent.LinkedBlockingQueue.poll(LinkedBlockingQueue.java:467)&#10;        at org.apache.hadoop.ipc.CallQueueManager.take(CallQueueManager.java:288)&#10;        at org.apache.hadoop.ipc.Server$Handler.run(Server.java:2668)&#10;&quot;pool-198-thread-57&quot;  prio=5 tid=2643 in Object.wait()&#10;java.lang.Thread.State: WAITING (on object monitor)&#10;        at sun.misc.Unsafe.park(Native Method)&#10;        at java.util.concurrent.locks.LockSupport.park(LockSupport.java:175)&#10;        at java.util.concurrent.locks.AbstractQueuedSynchronizer$ConditionObject.await(AbstractQueuedSynchronizer.java:2039)&#10;        at java.util.concurrent.ArrayBlockingQueue.take(ArrayBlockingQueue.java:403)&#10;        at java.util.concurrent.ThreadPoolExecutor.getTask(ThreadPoolExecutor.java:1074)&#10;        at java.util.concurrent.ThreadPoolExecutor.runWorker(ThreadPoolExecutor.java:1134)&#10;        at java.util.concurrent.ThreadPoolExecutor$Worker.run(ThreadPoolExecutor.java:624)&#10;        at java.lang.Thread.run(Thread.java:748)&#10;&quot;pool-218-thread-11&quot;  prio=5 tid=2721 in Object.wait()&#10;java.lang.Thread.State: WAITING (on object monitor)&#10;        at sun.misc.Unsafe.park(Native Method)&#10;        at java.util.concurrent.locks.LockSupport.park(LockSupport.java:175)&#10;        at java.util.concurrent.locks.AbstractQueuedSynchronizer$ConditionObject.await(AbstractQueuedSynchronizer.java:2039)&#10;        at java.util.concurrent.ArrayBlockingQueue.take(ArrayBlockingQueue.java:403)&#10;        at java.util.concurrent.ThreadPoolExecutor.getTask(ThreadPoolExecutor.java:1074)&#10;        at java.util.concurrent.ThreadPoolExecutor.runWorker(ThreadPoolExecutor.java:1134)&#10;        at java.util.concurrent.ThreadPoolExecutor$Worker.run(ThreadPoolExecutor.java:624)&#10;        at java.lang.Thread.run(Thread.java:748)&#10;&quot;qtp841721161-2068-acceptor-0@654cd8a7-ServerConnector@50eb4a2c{HTTP/1.1,[http/1.1]}{0.0.0.0:42734}&quot; daemon prio=3 tid=2068 runnable&#10;java.lang.Thread.State: RUNNABLE&#10;        at sun.nio.ch.ServerSocketChannelImpl.accept0(Native Method)&#10;        at sun.nio.ch.ServerSocketChannelImpl.accept(ServerSocketChannelImpl.java:422)&#10;        at sun.nio.ch.ServerSocketChannelImpl.accept(ServerSocketChannelImpl.java:250)&#10;        at org.eclipse.jetty.server.ServerConnector.accept(ServerConnector.java:397)&#10;        at org.eclipse.jetty.server.AbstractConnector$Acceptor.run(AbstractConnector.java:601)&#10;        at org.eclipse.jetty.util.thread.QueuedThreadPool.runJob(QueuedThreadPool.java:671)&#10;        at org.eclipse.jetty.util.thread.QueuedThreadPool$2.run(QueuedThreadPool.java:589)&#10;        at java.lang.Thread.run(Thread.java:748)&#10;&quot;IPC Server handler 5 on 39845&quot; daemon prio=5 tid=1934 timed_waiting&#10;java.lang.Thread.State: TIMED_WAITING&#10;        at sun.misc.Unsafe.park(Native Method)&#10;        at java.util.concurrent.locks.LockSupport.parkNanos(LockSupport.java:215)&#10;        at java.util.concurrent.locks.AbstractQueuedSynchronizer$ConditionObject.awaitNanos(AbstractQueuedSynchronizer.java:2078)&#10;        at java.util.concurrent.LinkedBlockingQueue.poll(LinkedBlockingQueue.java:467)&#10;        at org.apache.hadoop.ipc.CallQueueManager.take(CallQueueManager.java:288)&#10;        at org.apache.hadoop.ipc.Server$Handler.run(Server.java:2668)&#10;&quot;pool-158-thread-10&quot;  prio=5 tid=2348 in Object.wait()&#10;java.lang.Thread.State: WAITING (on object monitor)&#10;        at sun.misc.Unsafe.park(Native Method)&#10;        at java.util.concurrent.locks.LockSupport.park(LockSupport.java:175)&#10;        at java.util.concurrent.locks.AbstractQueuedSynchronizer$ConditionObject.await(AbstractQueuedSynchronizer.java:2039)&#10;        at java.util.concurrent.ArrayBlockingQueue.take(ArrayBlockingQueue.java:403)&#10;        at java.util.concurrent.ThreadPoolExecutor.getTask(ThreadPoolExecutor.java:1074)&#10;        at java.util.concurrent.ThreadPoolExecutor.runWorker(ThreadPoolExecutor.java:1134)&#10;        at java.util.concurrent.ThreadPoolExecutor$Worker.run(ThreadPoolExecutor.java:624)&#10;        at java.lang.Thread.run(Thread.java:748)&#10;&quot;qtp843410864-2177&quot; daemon prio=5 tid=2177 timed_waiting&#10;java.lang.Thread.State: TIMED_WAITING&#10;        at sun.misc.Unsafe.park(Native Method)&#10;        at java.util.concurrent.locks.LockSupport.parkNanos(LockSupport.java:215)&#10;        at java.util.concurrent.locks.AbstractQueuedSynchronizer$ConditionObject.awaitNanos(AbstractQueuedSynchronizer.java:2078)&#10;        at org.eclipse.jetty.util.BlockingArrayQueue.poll(BlockingArrayQueue.java:392)&#10;        at org.eclipse.jetty.util.thread.QueuedThreadPool.idleJobPoll(QueuedThreadPool.java:563)&#10;        at org.eclipse.jetty.util.thread.QueuedThreadPool.access$800(QueuedThreadPool.java:48)&#10;        at org.eclipse.jetty.util.thread.QueuedThreadPool$2.run(QueuedThreadPool.java:626)&#10;        at java.lang.Thread.run(Thread.java:748)&#10;&quot;pool-238-thread-5&quot;  prio=5 tid=2839 in Object.wait()&#10;java.lang.Thread.State: WAITING (on object monitor)&#10;        at sun.misc.Unsafe.park(Native Method)&#10;        at java.util.concurrent.locks.LockSupport.park(LockSupport.java:175)&#10;        at java.util.concurrent.locks.AbstractQueuedSynchronizer$ConditionObject.await(AbstractQueuedSynchronizer.java:2039)&#10;        at java.util.concurrent.ArrayBlockingQueue.take(ArrayBlockingQueue.java:403)&#10;        at java.util.concurrent.ThreadPoolExecutor.getTask(ThreadPoolExecutor.java:1074)&#10;        at java.util.concurrent.ThreadPoolExecutor.runWorker(ThreadPoolExecutor.java:1134)&#10;        at java.util.concurrent.ThreadPoolExecutor$Worker.run(ThreadPoolExecutor.java:624)&#10;        at java.lang.Thread.run(Thread.java:748)&#10;&quot;Datanode ReportManager Thread - 2&quot; daemon prio=5 tid=2027 in Object.wait()&#10;java.lang.Thread.State: WAITING (on object monitor)&#10;        at sun.misc.Unsafe.park(Native Method)&#10;        at java.util.concurrent.locks.LockSupport.park(LockSupport.java:175)&#10;        at java.util.concurrent.locks.AbstractQueuedSynchronizer$ConditionObject.await(AbstractQueuedSynchronizer.java:2039)&#10;        at java.util.concurrent.ScheduledThreadPoolExecutor$DelayedWorkQueue.take(ScheduledThreadPoolExecutor.java:1088)&#10;        at java.util.concurrent.ScheduledThreadPoolExecutor$DelayedWorkQueue.take(ScheduledThreadPoolExecutor.java:809)&#10;        at java.util.concurrent.ThreadPoolExecutor.getTask(ThreadPoolExecutor.java:1074)&#10;        at java.util.concurrent.ThreadPoolExecutor.runWorker(ThreadPoolExecutor.java:1134)&#10;        at java.util.concurrent.ThreadPoolExecutor$Worker.run(ThreadPoolExecutor.java:624)&#10;        at java.lang.Thread.run(Thread.java:748)&#10;&quot;jaeger.RemoteReporter-QueueProcessor&quot; daemon prio=5 tid=147 in Object.wait()&#10;java.lang.Thread.State: WAITING (on object monitor)&#10;        at sun.misc.Unsafe.park(Native Method)&#10;        at java.util.concurrent.locks.LockSupport.park(LockSupport.java:175)&#10;        at java.util.concurrent.locks.AbstractQueuedSynchronizer$ConditionObject.await(AbstractQueuedSynchronizer.java:2039)&#10;        at java.util.concurrent.ArrayBlockingQueue.take(ArrayBlockingQueue.java:403)&#10;        at io.jaegertracing.internal.reporters.RemoteReporter$QueueProcessor.run(RemoteReporter.java:173)&#10;        at java.lang.Thread.run(Thread.java:748)&#10;&quot;IPC Server Responder&quot; daemon prio=5 tid=1968 runnable&#10;java.lang.Thread.State: RUNNABLE&#10;        at sun.nio.ch.EPollArrayWrapper.epollWait(Native Method)&#10;        at sun.nio.ch.EPollArrayWrapper.poll(EPollArrayWrapper.java:269)&#10;        at sun.nio.ch.EPollSelectorImpl.doSelect(EPollSelectorImpl.java:93)&#10;        at sun.nio.ch.SelectorImpl.lockAndDoSelect(SelectorImpl.java:86)&#10;        at sun.nio.ch.SelectorImpl.select(SelectorImpl.java:97)&#10;        at org.apache.hadoop.ipc.Server$Responder.doRunLoop(Server.java:1334)&#10;        at org.apache.hadoop.ipc.Server$Responder.run(Server.java:1317)&#10;&quot;Thread-1551&quot; daemon prio=5 tid=3210 timed_waiting&#10;java.lang.Thread.State: TIMED_WAITING&#10;        at java.lang.Thread.sleep(Native Method)&#10;        at org.apache.ratis.util.JavaUtils.sleep(JavaUtils.java:243)&#10;        at org.apache.ratis.server.impl.FollowerState.run(FollowerState.java:100)&#10;&quot;pool-238-thread-46&quot;  prio=5 tid=2880 in Object.wait()&#10;java.lang.Thread.State: WAITING (on object monitor)&#10;        at sun.misc.Unsafe.park(Native Method)&#10;        at java.util.concurrent.locks.LockSupport.park(LockSupport.java:175)&#10;        at java.util.concurrent.locks.AbstractQueuedSynchronizer$ConditionObject.await(AbstractQueuedSynchronizer.java:2039)&#10;        at java.util.concurrent.ArrayBlockingQueue.take(ArrayBlockingQueue.java:403)&#10;        at java.util.concurrent.ThreadPoolExecutor.getTask(ThreadPoolExecutor.java:1074)&#10;        at java.util.concurrent.ThreadPoolExecutor.runWorker(ThreadPoolExecutor.java:1134)&#10;        at java.util.concurrent.ThreadPoolExecutor$Worker.run(ThreadPoolExecutor.java:624)&#10;        at java.lang.Thread.run(Thread.java:748)&#10;&quot;pool-158-thread-56&quot;  prio=5 tid=2394 in Object.wait()&#10;java.lang.Thread.State: WAITING (on object monitor)&#10;        at sun.misc.Unsafe.park(Native Method)&#10;        at java.util.concurrent.locks.LockSupport.park(LockSupport.java:175)&#10;        at java.util.concurrent.locks.AbstractQueuedSynchronizer$ConditionObject.await(AbstractQueuedSynchronizer.java:2039)&#10;        at java.util.concurrent.ArrayBlockingQueue.take(ArrayBlockingQueue.java:403)&#10;        at java.util.concurrent.ThreadPoolExecutor.getTask(ThreadPoolExecutor.java:1074)&#10;        at java.util.concurrent.ThreadPoolExecutor.runWorker(ThreadPoolExecutor.java:1134)&#10;        at java.util.concurrent.ThreadPoolExecutor$Worker.run(ThreadPoolExecutor.java:624)&#10;        at java.lang.Thread.run(Thread.java:748)&#10;&quot;9ac24c7e-7e4f-4cef-ab0e-298cb71ae60d@group-12721B264F3B-StateMachineUpdater&quot; daemon prio=5 tid=3117 in Object.wait()&#10;java.lang.Thread.State: WAITING (on object monitor)&#10;        at java.lang.Object.wait(Native Method)&#10;        at java.lang.Object.wait(Object.java:502)&#10;        at org.apache.ratis.server.impl.StateMachineUpdater.waitForCommit(StateMachineUpdater.java:194)&#10;        at org.apache.ratis.server.impl.StateMachineUpdater.run(StateMachineUpdater.java:159)&#10;        at java.lang.Thread.run(Thread.java:748)&#10;&quot;pool-198-thread-38&quot;  prio=5 tid=2624 in Object.wait()&#10;java.lang.Thread.State: WAITING (on object monitor)&#10;        at sun.misc.Unsafe.park(Native Method)&#10;        at java.util.concurrent.locks.LockSupport.park(LockSupport.java:175)&#10;        at java.util.concurrent.locks.AbstractQueuedSynchronizer$ConditionObject.await(AbstractQueuedSynchronizer.java:2039)&#10;        at java.util.concurrent.ArrayBlockingQueue.take(ArrayBlockingQueue.java:403)&#10;        at java.util.concurrent.ThreadPoolExecutor.getTask(ThreadPoolExecutor.java:1074)&#10;        at java.util.concurrent.ThreadPoolExecutor.runWorker(ThreadPoolExecutor.java:1134)&#10;        at java.util.concurrent.ThreadPoolExecutor$Worker.run(ThreadPoolExecutor.java:624)&#10;        at java.lang.Thread.run(Thread.java:748)&#10;&quot;Datanode State Machine Thread - 0&quot; daemon prio=5 tid=2267 timed_waiting&#10;java.lang.Thread.State: TIMED_WAITING&#10;        at java.lang.Thread.sleep(Native Method)&#10;        at org.apache.hadoop.ozone.container.common.statemachine.DatanodeStateMachine.start(DatanodeStateMachine.java:196)&#10;        at org.apache.hadoop.ozone.container.common.statemachine.DatanodeStateMachine.lambda$startDaemon$0(DatanodeStateMachine.java:354)&#10;        at org.apache.hadoop.ozone.container.common.statemachine.DatanodeStateMachine$$Lambda$141/502066023.run(Unknown Source)&#10;        at java.lang.Thread.run(Thread.java:748)&#10;&quot;Periodic HDDS volume checker&quot;  prio=5 tid=2114 timed_waiting&#10;java.lang.Thread.State: TIMED_WAITING&#10;        at sun.misc.Unsafe.park(Native Method)&#10;        at java.util.concurrent.locks.LockSupport.parkNanos(LockSupport.java:215)&#10;        at java.util.concurrent.locks.AbstractQueuedSynchronizer$ConditionObject.awaitNanos(AbstractQueuedSynchronizer.java:2078)&#10;        at java.util.concurrent.ScheduledThreadPoolExecutor$DelayedWorkQueue.take(ScheduledThreadPoolExecutor.java:1093)&#10;        at java.util.concurrent.ScheduledThreadPoolExecutor$DelayedWorkQueue.take(ScheduledThreadPoolExecutor.java:809)&#10;        at java.util.concurrent.ThreadPoolExecutor.getTask(ThreadPoolExecutor.java:1074)&#10;        at java.util.concurrent.ThreadPoolExecutor.runWorker(ThreadPoolExecutor.java:1134)&#10;        at java.util.concurrent.ThreadPoolExecutor$Worker.run(ThreadPoolExecutor.java:624)&#10;        at java.lang.Thread.run(Thread.java:748)&#10;&quot;IPC Server handler 9 on 39845&quot; daemon prio=5 tid=1938 timed_waiting&#10;java.lang.Thread.State: TIMED_WAITING&#10;        at sun.misc.Unsafe.park(Native Method)&#10;        at java.util.concurrent.locks.LockSupport.parkNanos(LockSupport.java:215)&#10;        at java.util.concurrent.locks.AbstractQueuedSynchronizer$ConditionObject.awaitNanos(AbstractQueuedSynchronizer.java:2078)&#10;        at java.util.concurrent.LinkedBlockingQueue.poll(LinkedBlockingQueue.java:467)&#10;        at org.apache.hadoop.ipc.CallQueueManager.take(CallQueueManager.java:288)&#10;        at org.apache.hadoop.ipc.Server$Handler.run(Server.java:2668)&#10;&quot;pool-218-thread-53&quot;  prio=5 tid=2763 in Object.wait()&#10;java.lang.Thread.State: WAITING (on object monitor)&#10;        at sun.misc.Unsafe.park(Native Method)&#10;        at java.util.concurrent.locks.LockSupport.park(LockSupport.java:175)&#10;        at java.util.concurrent.locks.AbstractQueuedSynchronizer$ConditionObject.await(AbstractQueuedSynchronizer.java:2039)&#10;        at java.util.concurrent.ArrayBlockingQueue.take(ArrayBlockingQueue.java:403)&#10;        at java.util.concurrent.ThreadPoolExecutor.getTask(ThreadPoolExecutor.java:1074)&#10;        at java.util.concurrent.ThreadPoolExecutor.runWorker(ThreadPoolExecutor.java:1134)&#10;        at java.util.concurrent.ThreadPoolExecutor$Worker.run(ThreadPoolExecutor.java:624)&#10;        at java.lang.Thread.run(Thread.java:748)&#10;&quot;pool-188-thread-1&quot;  prio=5 tid=2525 in Object.wait()&#10;java.lang.Thread.State: WAITING (on object monitor)&#10;        at sun.misc.Unsafe.park(Native Method)&#10;        at java.util.concurrent.locks.LockSupport.park(LockSupport.java:175)&#10;        at java.util.concurrent.locks.AbstractQueuedSynchronizer$ConditionObject.await(AbstractQueuedSynchronizer.java:2039)&#10;        at java.util.concurrent.ArrayBlockingQueue.take(ArrayBlockingQueue.java:403)&#10;        at java.util.concurrent.ThreadPoolExecutor.getTask(ThreadPoolExecutor.java:1074)&#10;        at java.util.concurrent.ThreadPoolExecutor.runWorker(ThreadPoolExecutor.java:1134)&#10;        at java.util.concurrent.ThreadPoolExecutor$Worker.run(ThreadPoolExecutor.java:624)&#10;        at java.lang.Thread.run(Thread.java:748)&#10;&quot;Datanode ReportManager Thread - 0&quot; daemon prio=5 tid=2160 timed_waiting&#10;java.lang.Thread.State: TIMED_WAITING&#10;        at sun.misc.Unsafe.park(Native Method)&#10;        at java.util.concurrent.locks.LockSupport.parkNanos(LockSupport.java:215)&#10;        at java.util.concurrent.locks.AbstractQueuedSynchronizer$ConditionObject.awaitNanos(AbstractQueuedSynchronizer.java:2078)&#10;        at java.util.concurrent.ScheduledThreadPoolExecutor$DelayedWorkQueue.take(ScheduledThreadPoolExecutor.java:1093)&#10;        at java.util.concurrent.ScheduledThreadPoolExecutor$DelayedWorkQueue.take(ScheduledThreadPoolExecutor.java:809)&#10;        at java.util.concurrent.ThreadPoolExecutor.getTask(ThreadPoolExecutor.java:1074)&#10;        at java.util.concurrent.ThreadPoolExecutor.runWorker(ThreadPoolExecutor.java:1134)&#10;        at java.util.concurrent.ThreadPoolExecutor$Worker.run(ThreadPoolExecutor.java:624)&#10;        at java.lang.Thread.run(Thread.java:748)&#10;&quot;org.eclipse.jetty.server.session.HashSessionManager@55b5cd2bTimer&quot; daemon prio=5 tid=2238 timed_waiting&#10;java.lang.Thread.State: TIMED_WAITING&#10;        at sun.misc.Unsafe.park(Native Method)&#10;        at java.util.concurrent.locks.LockSupport.parkNanos(LockSupport.java:215)&#10;        at java.util.concurrent.locks.AbstractQueuedSynchronizer$ConditionObject.awaitNanos(AbstractQueuedSynchronizer.java:2078)&#10;        at java.util.concurrent.ScheduledThreadPoolExecutor$DelayedWorkQueue.take(ScheduledThreadPoolExecutor.java:1093)&#10;        at java.util.concurrent.ScheduledThreadPoolExecutor$DelayedWorkQueue.take(ScheduledThreadPoolExecutor.java:809)&#10;        at java.util.concurrent.ThreadPoolExecutor.getTask(ThreadPoolExecutor.java:1074)&#10;        at java.util.concurrent.ThreadPoolExecutor.runWorker(ThreadPoolExecutor.java:1134)&#10;        at java.util.concurrent.ThreadPoolExecutor$Worker.run(ThreadPoolExecutor.java:624)&#10;        at java.lang.Thread.run(Thread.java:748)&#10;&quot;Command processor thread&quot; daemon prio=5 tid=2191 timed_waiting&#10;java.lang.Thread.State: TIMED_WAITING&#10;        at java.lang.Thread.sleep(Native Method)&#10;        at org.apache.hadoop.ozone.container.common.statemachine.DatanodeStateMachine.lambda$initCommandHandlerThread$1(DatanodeStateMachine.java:444)&#10;        at org.apache.hadoop.ozone.container.common.statemachine.DatanodeStateMachine$$Lambda$142/1059342576.run(Unknown Source)&#10;        at java.lang.Thread.run(Thread.java:748)&#10;&quot;pool-228-thread-15&quot;  prio=5 tid=2787 in Object.wait()&#10;java.lang.Thread.State: WAITING (on object monitor)&#10;        at sun.misc.Unsafe.park(Native Method)&#10;        at java.util.concurrent.locks.LockSupport.park(LockSupport.java:175)&#10;        at java.util.concurrent.locks.AbstractQueuedSynchronizer$ConditionObject.await(AbstractQueuedSynchronizer.java:2039)&#10;        at java.util.concurrent.ArrayBlockingQueue.take(ArrayBlockingQueue.java:403)&#10;        at java.util.concurrent.ThreadPoolExecutor.getTask(ThreadPoolExecutor.java:1074)&#10;        at java.util.concurrent.ThreadPoolExecutor.runWorker(ThreadPoolExecutor.java:1134)&#10;        at java.util.concurrent.ThreadPoolExecutor$Worker.run(ThreadPoolExecutor.java:624)&#10;        at java.lang.Thread.run(Thread.java:748)&#10;&quot;pool-218-thread-26&quot;  prio=5 tid=2736 in Object.wait()&#10;java.lang.Thread.State: WAITING (on object monitor)&#10;        at sun.misc.Unsafe.park(Native Method)&#10;        at java.util.concurrent.locks.LockSupport.park(LockSupport.java:175)&#10;        at java.util.concurrent.locks.AbstractQueuedSynchronizer$ConditionObject.await(AbstractQueuedSynchronizer.java:2039)&#10;        at java.util.concurrent.ArrayBlockingQueue.take(ArrayBlockingQueue.java:403)&#10;        at java.util.concurrent.ThreadPoolExecutor.getTask(ThreadPoolExecutor.java:1074)&#10;        at java.util.concurrent.ThreadPoolExecutor.runWorker(ThreadPoolExecutor.java:1134)&#10;        at java.util.concurrent.ThreadPoolExecutor$Worker.run(ThreadPoolExecutor.java:624)&#10;        at java.lang.Thread.run(Thread.java:748)&#10;&quot;pool-198-thread-59&quot;  prio=5 tid=2645 in Object.wait()&#10;java.lang.Thread.State: WAITING (on object monitor)&#10;        at sun.misc.Unsafe.park(Native Method)&#10;        at java.util.concurrent.locks.LockSupport.park(LockSupport.java:175)&#10;        at java.util.concurrent.locks.AbstractQueuedSynchronizer$ConditionObject.await(AbstractQueuedSynchronizer.java:2039)&#10;        at java.util.concurrent.ArrayBlockingQueue.take(ArrayBlockingQueue.java:403)&#10;        at java.util.concurrent.ThreadPoolExecutor.getTask(ThreadPoolExecutor.java:1074)&#10;        at java.util.concurrent.ThreadPoolExecutor.runWorker(ThreadPoolExecutor.java:1134)&#10;        at java.util.concurrent.ThreadPoolExecutor$Worker.run(ThreadPoolExecutor.java:624)&#10;        at java.lang.Thread.run(Thread.java:748)&#10;&quot;pool-178-thread-18&quot;  prio=5 tid=2480 in Object.wait()&#10;java.lang.Thread.State: WAITING (on object monitor)&#10;        at sun.misc.Unsafe.park(Native Method)&#10;        at java.util.concurrent.locks.LockSupport.park(LockSupport.java:175)&#10;        at java.util.concurrent.locks.AbstractQueuedSynchronizer$ConditionObject.await(AbstractQueuedSynchronizer.java:2039)&#10;        at java.util.concurrent.ArrayBlockingQueue.take(ArrayBlockingQueue.java:403)&#10;        at java.util.concurrent.ThreadPoolExecutor.getTask(ThreadPoolExecutor.java:1074)&#10;        at java.util.concurrent.ThreadPoolExecutor.runWorker(ThreadPoolExecutor.java:1134)&#10;        at java.util.concurrent.ThreadPoolExecutor$Worker.run(ThreadPoolExecutor.java:624)&#10;        at java.lang.Thread.run(Thread.java:748)&#10;&quot;PartialTableCache Cleanup Thread - 0&quot; daemon prio=5 tid=3078 in Object.wait()&#10;java.lang.Thread.State: WAITING (on object monitor)&#10;        at sun.misc.Unsafe.park(Native Method)&#10;        at java.util.concurrent.locks.LockSupport.park(LockSupport.java:175)&#10;        at java.util.concurrent.locks.AbstractQueuedSynchronizer$ConditionObject.await(AbstractQueuedSynchronizer.java:2039)&#10;        at java.util.concurrent.LinkedBlockingQueue.take(LinkedBlockingQueue.java:442)&#10;        at java.util.concurrent.ThreadPoolExecutor.getTask(ThreadPoolExecutor.java:1074)&#10;        at java.util.concurrent.ThreadPoolExecutor.runWorker(ThreadPoolExecutor.java:1134)&#10;        at java.util.concurrent.ThreadPoolExecutor$Worker.run(ThreadPoolExecutor.java:624)&#10;        at java.lang.Thread.run(Thread.java:748)&#10;&quot;pool-188-thread-20&quot;  prio=5 tid=2544 in Object.wait()&#10;java.lang.Thread.State: WAITING (on object monitor)&#10;        at sun.misc.Unsafe.park(Native Method)&#10;        at java.util.concurrent.locks.LockSupport.park(LockSupport.java:175)&#10;        at java.util.concurrent.locks.AbstractQueuedSynchronizer$ConditionObject.await(AbstractQueuedSynchronizer.java:2039)&#10;        at java.util.concurrent.ArrayBlockingQueue.take(ArrayBlockingQueue.java:403)&#10;        at java.util.concurrent.ThreadPoolExecutor.getTask(ThreadPoolExecutor.java:1074)&#10;        at java.util.concurrent.ThreadPoolExecutor.runWorker(ThreadPoolExecutor.java:1134)&#10;        at java.util.concurrent.ThreadPoolExecutor$Worker.run(ThreadPoolExecutor.java:624)&#10;        at java.lang.Thread.run(Thread.java:748)&#10;&quot;pool-189-thread-1&quot;  prio=5 tid=2936 in Object.wait()&#10;java.lang.Thread.State: WAITING (on object monitor)&#10;        at sun.misc.Unsafe.park(Native Method)&#10;        at java.util.concurrent.locks.LockSupport.park(LockSupport.java:175)&#10;        at java.util.concurrent.locks.AbstractQueuedSynchronizer$ConditionObject.await(AbstractQueuedSynchronizer.java:2039)&#10;        at java.util.concurrent.LinkedBlockingQueue.take(LinkedBlockingQueue.java:442)&#10;        at java.util.concurrent.ThreadPoolExecutor.getTask(ThreadPoolExecutor.java:1074)&#10;        at java.util.concurrent.ThreadPoolExecutor.runWorker(ThreadPoolExecutor.java:1134)&#10;        at java.util.concurrent.ThreadPoolExecutor$Worker.run(ThreadPoolExecutor.java:624)&#10;        at java.lang.Thread.run(Thread.java:748)&#10;&quot;pool-228-thread-5&quot;  prio=5 tid=2777 in Object.wait()&#10;java.lang.Thread.State: WAITING (on object monitor)&#10;        at sun.misc.Unsafe.park(Native Method)&#10;        at java.util.concurrent.locks.LockSupport.park(LockSupport.java:175)&#10;        at java.util.concurrent.locks.AbstractQueuedSynchronizer$ConditionObject.await(AbstractQueuedSynchronizer.java:2039)&#10;        at java.util.concurrent.ArrayBlockingQueue.take(ArrayBlockingQueue.java:403)&#10;        at java.util.concurrent.ThreadPoolExecutor.getTask(ThreadPoolExecutor.java:1074)&#10;        at java.util.concurrent.ThreadPoolExecutor.runWorker(ThreadPoolExecutor.java:1134)&#10;        at java.util.concurrent.ThreadPoolExecutor$Worker.run(ThreadPoolExecutor.java:624)&#10;        at java.lang.Thread.run(Thread.java:748)&#10;&quot;pool-218-thread-16&quot;  prio=5 tid=2726 in Object.wait()&#10;java.lang.Thread.State: WAITING (on object monitor)&#10;        at sun.misc.Unsafe.park(Native Method)&#10;        at java.util.concurrent.locks.LockSupport.park(LockSupport.java:175)&#10;        at java.util.concurrent.locks.AbstractQueuedSynchronizer$ConditionObject.await(AbstractQueuedSynchronizer.java:2039)&#10;        at java.util.concurrent.ArrayBlockingQueue.take(ArrayBlockingQueue.java:403)&#10;        at java.util.concurrent.ThreadPoolExecutor.getTask(ThreadPoolExecutor.java:1074)&#10;        at java.util.concurrent.ThreadPoolExecutor.runWorker(ThreadPoolExecutor.java:1134)&#10;        at java.util.concurrent.ThreadPoolExecutor$Worker.run(ThreadPoolExecutor.java:624)&#10;        at java.lang.Thread.run(Thread.java:748)&#10;&quot;Socket Reader #1 for port 39845&quot;  prio=5 tid=1875 runnable&#10;java.lang.Thread.State: RUNNABLE&#10;        at sun.nio.ch.EPollArrayWrapper.epollWait(Native Method)&#10;        at sun.nio.ch.EPollArrayWrapper.poll(EPollArrayWrapper.java:269)&#10;        at sun.nio.ch.EPollSelectorImpl.doSelect(EPollSelectorImpl.java:93)&#10;        at sun.nio.ch.SelectorImpl.lockAndDoSelect(SelectorImpl.java:86)&#10;        at sun.nio.ch.SelectorImpl.select(SelectorImpl.java:97)&#10;        at sun.nio.ch.SelectorImpl.select(SelectorImpl.java:101)&#10;        at org.apache.hadoop.ipc.Server$Listener$Reader.doRunLoop(Server.java:1097)&#10;        at org.apache.hadoop.ipc.Server$Listener$Reader.run(Server.java:1076)&#10;&quot;pool-208-thread-43&quot;  prio=5 tid=2691 in Object.wait()&#10;java.lang.Thread.State: WAITING (on object monitor)&#10;        at sun.misc.Unsafe.park(Native Method)&#10;        at java.util.concurrent.locks.LockSupport.park(LockSupport.java:175)&#10;        at java.util.concurrent.locks.AbstractQueuedSynchronizer$ConditionObject.await(AbstractQueuedSynchronizer.java:2039)&#10;        at java.util.concurrent.ArrayBlockingQueue.take(ArrayBlockingQueue.java:403)&#10;        at java.util.concurrent.ThreadPoolExecutor.getTask(ThreadPoolExecutor.java:1074)&#10;        at java.util.concurrent.ThreadPoolExecutor.runWorker(ThreadPoolExecutor.java:1134)&#10;        at java.util.concurrent.ThreadPoolExecutor$Worker.run(ThreadPoolExecutor.java:624)&#10;        at java.lang.Thread.run(Thread.java:748)&#10;&quot;pool-238-thread-18&quot;  prio=5 tid=2852 in Object.wait()&#10;java.lang.Thread.State: WAITING (on object monitor)&#10;        at sun.misc.Unsafe.park(Native Method)&#10;        at java.util.concurrent.locks.LockSupport.park(LockSupport.java:175)&#10;        at java.util.concurrent.locks.AbstractQueuedSynchronizer$ConditionObject.await(AbstractQueuedSynchronizer.java:2039)&#10;        at java.util.concurrent.ArrayBlockingQueue.take(ArrayBlockingQueue.java:403)&#10;        at java.util.concurrent.ThreadPoolExecutor.getTask(ThreadPoolExecutor.java:1074)&#10;        at java.util.concurrent.ThreadPoolExecutor.runWorker(ThreadPoolExecutor.java:1134)&#10;        at java.util.concurrent.ThreadPoolExecutor$Worker.run(ThreadPoolExecutor.java:624)&#10;        at java.lang.Thread.run(Thread.java:748)&#10;&quot;pool-238-thread-11&quot;  prio=5 tid=2845 in Object.wait()&#10;java.lang.Thread.State: WAITING (on object monitor)&#10;        at sun.misc.Unsafe.park(Native Method)&#10;        at java.util.concurrent.locks.LockSupport.park(LockSupport.java:175)&#10;        at java.util.concurrent.locks.AbstractQueuedSynchronizer$ConditionObject.await(AbstractQueuedSynchronizer.java:2039)&#10;        at java.util.concurrent.ArrayBlockingQueue.take(ArrayBlockingQueue.java:403)&#10;        at java.util.concurrent.ThreadPoolExecutor.getTask(ThreadPoolExecutor.java:1074)&#10;        at java.util.concurrent.ThreadPoolExecutor.runWorker(ThreadPoolExecutor.java:1134)&#10;        at java.util.concurrent.ThreadPoolExecutor$Worker.run(ThreadPoolExecutor.java:624)&#10;        at java.lang.Thread.run(Thread.java:748)&#10;&quot;pool-188-thread-39&quot;  prio=5 tid=2563 in Object.wait()&#10;java.lang.Thread.State: WAITING (on object monitor)&#10;        at sun.misc.Unsafe.park(Native Method)&#10;        at java.util.concurrent.locks.LockSupport.park(LockSupport.java:175)&#10;        at java.util.concurrent.locks.AbstractQueuedSynchronizer$ConditionObject.await(AbstractQueuedSynchronizer.java:2039)&#10;        at java.util.concurrent.ArrayBlockingQueue.take(ArrayBlockingQueue.java:403)&#10;        at java.util.concurrent.ThreadPoolExecutor.getTask(ThreadPoolExecutor.java:1074)&#10;        at java.util.concurrent.ThreadPoolExecutor.runWorker(ThreadPoolExecutor.java:1134)&#10;        at java.util.concurrent.ThreadPoolExecutor$Worker.run(ThreadPoolExecutor.java:624)&#10;        at java.lang.Thread.run(Thread.java:748)&#10;&quot;DataNode DiskChecker thread 0&quot; daemon prio=5 tid=2090 timed_waiting&#10;java.lang.Thread.State: TIMED_WAITING&#10;        at sun.misc.Unsafe.park(Native Method)&#10;        at java.util.concurrent.locks.LockSupport.parkNanos(LockSupport.java:215)&#10;        at java.util.concurrent.SynchronousQueue$TransferStack.awaitFulfill(SynchronousQueue.java:460)&#10;        at java.util.concurrent.SynchronousQueue$TransferStack.transfer(SynchronousQueue.java:362)&#10;        at java.util.concurrent.SynchronousQueue.poll(SynchronousQueue.java:941)&#10;        at java.util.concurrent.ThreadPoolExecutor.getTask(ThreadPoolExecutor.java:1073)&#10;        at java.util.concurrent.ThreadPoolExecutor.runWorker(ThreadPoolExecutor.java:1134)&#10;        at java.util.concurrent.ThreadPoolExecutor$Worker.run(ThreadPoolExecutor.java:624)&#10;        at java.lang.Thread.run(Thread.java:748)&#10;&quot;pool-178-thread-20&quot;  prio=5 tid=2482 in Object.wait()&#10;java.lang.Thread.State: WAITING (on object monitor)&#10;        at sun.misc.Unsafe.park(Native Method)&#10;        at java.util.concurrent.locks.LockSupport.park(LockSupport.java:175)&#10;        at java.util.concurrent.locks.AbstractQueuedSynchronizer$ConditionObject.await(AbstractQueuedSynchronizer.java:2039)&#10;        at java.util.concurrent.ArrayBlockingQueue.take(ArrayBlockingQueue.java:403)&#10;        at java.util.concurrent.ThreadPoolExecutor.getTask(ThreadPoolExecutor.java:1074)&#10;        at java.util.concurrent.ThreadPoolExecutor.runWorker(ThreadPoolExecutor.java:1134)&#10;        at java.util.concurrent.ThreadPoolExecutor$Worker.run(ThreadPoolExecutor.java:624)&#10;        at java.lang.Thread.run(Thread.java:748)&#10;&quot;pool-198-thread-52&quot;  prio=5 tid=2638 in Object.wait()&#10;java.lang.Thread.State: WAITING (on object monitor)&#10;        at sun.misc.Unsafe.park(Native Method)&#10;        at java.util.concurrent.locks.LockSupport.park(LockSupport.java:175)&#10;        at java.util.concurrent.locks.AbstractQueuedSynchronizer$ConditionObject.await(AbstractQueuedSynchronizer.java:2039)&#10;        at java.util.concurrent.ArrayBlockingQueue.take(ArrayBlockingQueue.java:403)&#10;        at java.util.concurrent.ThreadPoolExecutor.getTask(ThreadPoolExecutor.java:1074)&#10;        at java.util.concurrent.ThreadPoolExecutor.runWorker(ThreadPoolExecutor.java:1134)&#10;        at java.util.concurrent.ThreadPoolExecutor$Worker.run(ThreadPoolExecutor.java:624)&#10;        at java.lang.Thread.run(Thread.java:748)&#10;&quot;refreshUsed-/workdir/hadoop-ozone/integration-test/target/test-dir/MiniOzoneClusterImpl-8fc52630-20fd-4955-97d1-2a2852f9ee58/datanode-3/data/containers&quot; daemon prio=5 tid=2089 timed_waiting&#10;java.lang.Thread.State: TIMED_WAITING&#10;        at java.lang.Thread.sleep(Native Method)&#10;        at org.apache.hadoop.fs.CachingGetSpaceUsed$RefreshThread.run(CachingGetSpaceUsed.java:179)&#10;        at java.lang.Thread.run(Thread.java:748)&#10;&quot;pool-198-thread-2&quot;  prio=5 tid=2588 in Object.wait()&#10;java.lang.Thread.State: WAITING (on object monitor)&#10;        at sun.misc.Unsafe.park(Native Method)&#10;        at java.util.concurrent.locks.LockSupport.park(LockSupport.java:175)&#10;        at java.util.concurrent.locks.AbstractQueuedSynchronizer$ConditionObject.await(AbstractQueuedSynchronizer.java:2039)&#10;        at java.util.concurrent.ArrayBlockingQueue.take(ArrayBlockingQueue.java:403)&#10;        at java.util.concurrent.ThreadPoolExecutor.getTask(ThreadPoolExecutor.java:1074)&#10;        at java.util.concurrent.ThreadPoolExecutor.runWorker(ThreadPoolExecutor.java:1134)&#10;        at java.util.concurrent.ThreadPoolExecutor$Worker.run(ThreadPoolExecutor.java:624)&#10;        at java.lang.Thread.run(Thread.java:748)&#10;&quot;refreshUsed-/workdir/hadoop-ozone/integration-test/target/test-dir/MiniOzoneClusterImpl-8fc52630-20fd-4955-97d1-2a2852f9ee58/datanode-6/data/containers&quot; daemon prio=5 tid=2170 timed_waiting&#10;java.lang.Thread.State: TIMED_WAITING&#10;        at java.lang.Thread.sleep(Native Method)&#10;        at org.apache.hadoop.fs.CachingGetSpaceUsed$RefreshThread.run(CachingGetSpaceUsed.java:179)&#10;        at java.lang.Thread.run(Thread.java:748)&#10;&quot;Datanode State Machine Thread - 0&quot; daemon prio=5 tid=2105 timed_waiting&#10;java.lang.Thread.State: TIMED_WAITING&#10;        at java.lang.Thread.sleep(Native Method)&#10;        at org.apache.hadoop.ozone.container.common.statemachine.DatanodeStateMachine.start(DatanodeStateMachine.java:196)&#10;        at org.apache.hadoop.ozone.container.common.statemachine.DatanodeStateMachine.lambda$startDaemon$0(DatanodeStateMachine.java:354)&#10;        at org.apache.hadoop.ozone.container.common.statemachine.DatanodeStateMachine$$Lambda$141/502066023.run(Unknown Source)&#10;        at java.lang.Thread.run(Thread.java:748)&#10;&quot;EventQueue-SafemodestatusForSafeModeHandler&quot; daemon prio=5 tid=2904 in Object.wait()&#10;java.lang.Thread.State: WAITING (on object monitor)&#10;        at sun.misc.Unsafe.park(Native Method)&#10;        at java.util.concurrent.locks.LockSupport.park(LockSupport.java:175)&#10;        at java.util.concurrent.locks.AbstractQueuedSynchronizer$ConditionObject.await(AbstractQueuedSynchronizer.java:2039)&#10;        at java.util.concurrent.LinkedBlockingQueue.take(LinkedBlockingQueue.java:442)&#10;        at java.util.concurrent.ThreadPoolExecutor.getTask(ThreadPoolExecutor.java:1074)&#10;        at java.util.concurrent.ThreadPoolExecutor.runWorker(ThreadPoolExecutor.java:1134)&#10;        at java.util.concurrent.ThreadPoolExecutor$Worker.run(ThreadPoolExecutor.java:624)&#10;        at java.lang.Thread.run(Thread.java:748)&#10;&quot;BlockDeletingService#0&quot; daemon prio=5 tid=2709 timed_waiting&#10;java.lang.Thread.State: TIMED_WAITING&#10;        at sun.misc.Unsafe.park(Native Method)&#10;        at java.util.concurrent.locks.LockSupport.parkNanos(LockSupport.java:215)&#10;        at java.util.concurrent.locks.AbstractQueuedSynchronizer$ConditionObject.awaitNanos(AbstractQueuedSynchronizer.java:2078)&#10;        at java.util.concurrent.ScheduledThreadPoolExecutor$DelayedWorkQueue.take(ScheduledThreadPoolExecutor.java:1093)&#10;        at java.util.concurrent.ScheduledThreadPoolExecutor$DelayedWorkQueue.take(ScheduledThreadPoolExecutor.java:809)&#10;        at java.util.concurrent.ThreadPoolExecutor.getTask(ThreadPoolExecutor.java:1074)&#10;        at java.util.concurrent.ThreadPoolExecutor.runWorker(ThreadPoolExecutor.java:1134)&#10;        at java.util.concurrent.ThreadPoolExecutor$Worker.run(ThreadPoolExecutor.java:624)&#10;        at java.lang.Thread.run(Thread.java:748)&#10;&quot;pool-188-thread-18&quot;  prio=5 tid=2542 in Object.wait()&#10;java.lang.Thread.State: WAITING (on object monitor)&#10;        at sun.misc.Unsafe.park(Native Method)&#10;        at java.util.concurrent.locks.LockSupport.park(LockSupport.java:175)&#10;        at java.util.concurrent.locks.AbstractQueuedSynchronizer$ConditionObject.await(AbstractQueuedSynchronizer.java:2039)&#10;        at java.util.concurrent.ArrayBlockingQueue.take(ArrayBlockingQueue.java:403)&#10;        at java.util.concurrent.ThreadPoolExecutor.getTask(ThreadPoolExecutor.java:1074)&#10;        at java.util.concurrent.ThreadPoolExecutor.runWorker(ThreadPoolExecutor.java:1134)&#10;        at java.util.concurrent.ThreadPoolExecutor$Worker.run(ThreadPoolExecutor.java:624)&#10;        at java.lang.Thread.run(Thread.java:748)&#10;&quot;pool-218-thread-58&quot;  prio=5 tid=2768 in Object.wait()&#10;java.lang.Thread.State: WAITING (on object monitor)&#10;        at sun.misc.Unsafe.park(Native Method)&#10;        at java.util.concurrent.locks.LockSupport.park(LockSupport.java:175)&#10;        at java.util.concurrent.locks.AbstractQueuedSynchronizer$ConditionObject.await(AbstractQueuedSynchronizer.java:2039)&#10;        at java.util.concurrent.ArrayBlockingQueue.take(ArrayBlockingQueue.java:403)&#10;        at java.util.concurrent.ThreadPoolExecutor.getTask(ThreadPoolExecutor.java:1074)&#10;        at java.util.concurrent.ThreadPoolExecutor.runWorker(ThreadPoolExecutor.java:1134)&#10;        at java.util.concurrent.ThreadPoolExecutor$Worker.run(ThreadPoolExecutor.java:624)&#10;        at java.lang.Thread.run(Thread.java:748)&#10;&quot;pool-188-thread-32&quot;  prio=5 tid=2556 in Object.wait()&#10;java.lang.Thread.State: WAITING (on object monitor)&#10;        at sun.misc.Unsafe.park(Native Method)&#10;        at java.util.concurrent.locks.LockSupport.park(LockSupport.java:175)&#10;        at java.util.concurrent.locks.AbstractQueuedSynchronizer$ConditionObject.await(AbstractQueuedSynchronizer.java:2039)&#10;        at java.util.concurrent.ArrayBlockingQueue.take(ArrayBlockingQueue.java:403)&#10;        at java.util.concurrent.ThreadPoolExecutor.getTask(ThreadPoolExecutor.java:1074)&#10;        at java.util.concurrent.ThreadPoolExecutor.runWorker(ThreadPoolExecutor.java:1134)&#10;        at java.util.concurrent.ThreadPoolExecutor$Worker.run(ThreadPoolExecutor.java:624)&#10;        at java.lang.Thread.run(Thread.java:748)&#10;&quot;pool-228-thread-29&quot;  prio=5 tid=2801 in Object.wait()&#10;java.lang.Thread.State: WAITING (on object monitor)&#10;        at sun.misc.Unsafe.park(Native Method)&#10;        at java.util.concurrent.locks.LockSupport.park(LockSupport.java:175)&#10;        at java.util.concurrent.locks.AbstractQueuedSynchronizer$ConditionObject.await(AbstractQueuedSynchronizer.java:2039)&#10;        at java.util.concurrent.ArrayBlockingQueue.take(ArrayBlockingQueue.java:403)&#10;        at java.util.concurrent.ThreadPoolExecutor.getTask(ThreadPoolExecutor.java:1074)&#10;        at java.util.concurrent.ThreadPoolExecutor.runWorker(ThreadPoolExecutor.java:1134)&#10;        at java.util.concurrent.ThreadPoolExecutor$Worker.run(ThreadPoolExecutor.java:624)&#10;        at java.lang.Thread.run(Thread.java:748)&#10;&quot;refreshUsed-/workdir/hadoop-ozone/integration-test/target/test-dir/MiniOzoneClusterImpl-8fc52630-20fd-4955-97d1-2a2852f9ee58/datanode-7/data/containers&quot; daemon prio=5 tid=2197 timed_waiting&#10;java.lang.Thread.State: TIMED_WAITING&#10;        at java.lang.Thread.sleep(Native Method)&#10;        at org.apache.hadoop.fs.CachingGetSpaceUsed$RefreshThread.run(CachingGetSpaceUsed.java:179)&#10;        at java.lang.Thread.run(Thread.java:748)&#10;&quot;pool-208-thread-16&quot;  prio=5 tid=2664 in Object.wait()&#10;java.lang.Thread.State: WAITING (on object monitor)&#10;        at sun.misc.Unsafe.park(Native Method)&#10;        at java.util.concurrent.locks.LockSupport.park(LockSupport.java:175)&#10;        at java.util.concurrent.locks.AbstractQueuedSynchronizer$ConditionObject.await(AbstractQueuedSynchronizer.java:2039)&#10;        at java.util.concurrent.ArrayBlockingQueue.take(ArrayBlockingQueue.java:403)&#10;        at java.util.concurrent.ThreadPoolExecutor.getTask(ThreadPoolExecutor.java:1074)&#10;        at java.util.concurrent.ThreadPoolExecutor.runWorker(ThreadPoolExecutor.java:1134)&#10;        at java.util.concurrent.ThreadPoolExecutor$Worker.run(ThreadPoolExecutor.java:624)&#10;        at java.lang.Thread.run(Thread.java:748)&#10;&quot;pool-188-thread-17&quot;  prio=5 tid=2541 in Object.wait()&#10;java.lang.Thread.State: WAITING (on object monitor)&#10;        at sun.misc.Unsafe.park(Native Method)&#10;        at java.util.concurrent.locks.LockSupport.park(LockSupport.java:175)&#10;        at java.util.concurrent.locks.AbstractQueuedSynchronizer$ConditionObject.await(AbstractQueuedSynchronizer.java:2039)&#10;        at java.util.concurrent.ArrayBlockingQueue.take(ArrayBlockingQueue.java:403)&#10;        at java.util.concurrent.ThreadPoolExecutor.getTask(ThreadPoolExecutor.java:1074)&#10;        at java.util.concurrent.ThreadPoolExecutor.runWorker(ThreadPoolExecutor.java:1134)&#10;        at java.util.concurrent.ThreadPoolExecutor$Worker.run(ThreadPoolExecutor.java:624)&#10;        at java.lang.Thread.run(Thread.java:748)&#10;&quot;pool-158-thread-52&quot;  prio=5 tid=2390 in Object.wait()&#10;java.lang.Thread.State: WAITING (on object monitor)&#10;        at sun.misc.Unsafe.park(Native Method)&#10;        at java.util.concurrent.locks.LockSupport.park(LockSupport.java:175)&#10;        at java.util.concurrent.locks.AbstractQueuedSynchronizer$ConditionObject.await(AbstractQueuedSynchronizer.java:2039)&#10;        at java.util.concurrent.ArrayBlockingQueue.take(ArrayBlockingQueue.java:403)&#10;        at java.util.concurrent.ThreadPoolExecutor.getTask(ThreadPoolExecutor.java:1074)&#10;        at java.util.concurrent.ThreadPoolExecutor.runWorker(ThreadPoolExecutor.java:1134)&#10;        at java.util.concurrent.ThreadPoolExecutor$Worker.run(ThreadPoolExecutor.java:624)&#10;        at java.lang.Thread.run(Thread.java:748)&#10;&quot;IPC Server handler 17 on 45410&quot; daemon prio=5 tid=1989 timed_waiting&#10;java.lang.Thread.State: TIMED_WAITING&#10;        at sun.misc.Unsafe.park(Native Method)&#10;        at java.util.concurrent.locks.LockSupport.parkNanos(LockSupport.java:215)&#10;        at java.util.concurrent.locks.AbstractQueuedSynchronizer$ConditionObject.awaitNanos(AbstractQueuedSynchronizer.java:2078)&#10;        at java.util.concurrent.LinkedBlockingQueue.poll(LinkedBlockingQueue.java:467)&#10;        at org.apache.hadoop.ipc.CallQueueManager.take(CallQueueManager.java:288)&#10;        at org.apache.hadoop.ipc.Server$Handler.run(Server.java:2668)&#10;&quot;pool-198-thread-27&quot;  prio=5 tid=2613 in Object.wait()&#10;java.lang.Thread.State: WAITING (on object monitor)&#10;        at sun.misc.Unsafe.park(Native Method)&#10;        at java.util.concurrent.locks.LockSupport.park(LockSupport.java:175)&#10;        at java.util.concurrent.locks.AbstractQueuedSynchronizer$ConditionObject.await(AbstractQueuedSynchronizer.java:2039)&#10;        at java.util.concurrent.ArrayBlockingQueue.take(ArrayBlockingQueue.java:403)&#10;        at java.util.concurrent.ThreadPoolExecutor.getTask(ThreadPoolExecutor.java:1074)&#10;        at java.util.concurrent.ThreadPoolExecutor.runWorker(ThreadPoolExecutor.java:1134)&#10;        at java.util.concurrent.ThreadPoolExecutor$Worker.run(ThreadPoolExecutor.java:624)&#10;        at java.lang.Thread.run(Thread.java:748)&#10;&quot;pool-228-thread-39&quot;  prio=5 tid=2811 in Object.wait()&#10;java.lang.Thread.State: WAITING (on object monitor)&#10;        at sun.misc.Unsafe.park(Native Method)&#10;        at java.util.concurrent.locks.LockSupport.park(LockSupport.java:175)&#10;        at java.util.concurrent.locks.AbstractQueuedSynchronizer$ConditionObject.await(AbstractQueuedSynchronizer.java:2039)&#10;        at java.util.concurrent.ArrayBlockingQueue.take(ArrayBlockingQueue.java:403)&#10;        at java.util.concurrent.ThreadPoolExecutor.getTask(ThreadPoolExecutor.java:1074)&#10;        at java.util.concurrent.ThreadPoolExecutor.runWorker(ThreadPoolExecutor.java:1134)&#10;        at java.util.concurrent.ThreadPoolExecutor$Worker.run(ThreadPoolExecutor.java:624)&#10;        at java.lang.Thread.run(Thread.java:748)&#10;&quot;pool-148-thread-24&quot;  prio=5 tid=2299 in Object.wait()&#10;java.lang.Thread.State: WAITING (on object monitor)&#10;        at sun.misc.Unsafe.park(Native Method)&#10;        at java.util.concurrent.locks.LockSupport.park(LockSupport.java:175)&#10;        at java.util.concurrent.locks.AbstractQueuedSynchronizer$ConditionObject.await(AbstractQueuedSynchronizer.java:2039)&#10;        at java.util.concurrent.ArrayBlockingQueue.take(ArrayBlockingQueue.java:403)&#10;        at java.util.concurrent.ThreadPoolExecutor.getTask(ThreadPoolExecutor.java:1074)&#10;        at java.util.concurrent.ThreadPoolExecutor.runWorker(ThreadPoolExecutor.java:1134)&#10;        at java.util.concurrent.ThreadPoolExecutor$Worker.run(ThreadPoolExecutor.java:624)&#10;        at java.lang.Thread.run(Thread.java:748)&#10;&quot;Periodic HDDS volume checker&quot;  prio=5 tid=2006 timed_waiting&#10;java.lang.Thread.State: TIMED_WAITING&#10;        at sun.misc.Unsafe.park(Native Method)&#10;        at java.util.concurrent.locks.LockSupport.parkNanos(LockSupport.java:215)&#10;        at java.util.concurrent.locks.AbstractQueuedSynchronizer$ConditionObject.awaitNanos(AbstractQueuedSynchronizer.java:2078)&#10;        at java.util.concurrent.ScheduledThreadPoolExecutor$DelayedWorkQueue.take(ScheduledThreadPoolExecutor.java:1093)&#10;        at java.util.concurrent.ScheduledThreadPoolExecutor$DelayedWorkQueue.take(ScheduledThreadPoolExecutor.java:809)&#10;        at java.util.concurrent.ThreadPoolExecutor.getTask(ThreadPoolExecutor.java:1074)&#10;        at java.util.concurrent.ThreadPoolExecutor.runWorker(ThreadPoolExecutor.java:1134)&#10;        at java.util.concurrent.ThreadPoolExecutor$Worker.run(ThreadPoolExecutor.java:624)&#10;        at java.lang.Thread.run(Thread.java:748)&#10;&quot;BlockDeletingService#0&quot; daemon prio=5 tid=2461 timed_waiting&#10;java.lang.Thread.State: TIMED_WAITING&#10;        at sun.misc.Unsafe.park(Native Method)&#10;        at java.util.concurrent.locks.LockSupport.parkNanos(LockSupport.java:215)&#10;        at java.util.concurrent.locks.AbstractQueuedSynchronizer$ConditionObject.awaitNanos(AbstractQueuedSynchronizer.java:2078)&#10;        at java.util.concurrent.ScheduledThreadPoolExecutor$DelayedWorkQueue.take(ScheduledThreadPoolExecutor.java:1093)&#10;        at java.util.concurrent.ScheduledThreadPoolExecutor$DelayedWorkQueue.take(ScheduledThreadPoolExecutor.java:809)&#10;        at java.util.concurrent.ThreadPoolExecutor.getTask(ThreadPoolExecutor.java:1074)&#10;        at java.util.concurrent.ThreadPoolExecutor.runWorker(ThreadPoolExecutor.java:1134)&#10;        at java.util.concurrent.ThreadPoolExecutor$Worker.run(ThreadPoolExecutor.java:624)&#10;        at java.lang.Thread.run(Thread.java:748)&#10;&quot;pool-178-thread-57&quot;  prio=5 tid=2519 in Object.wait()&#10;java.lang.Thread.State: WAITING (on object monitor)&#10;        at sun.misc.Unsafe.park(Native Method)&#10;        at java.util.concurrent.locks.LockSupport.park(LockSupport.java:175)&#10;        at java.util.concurrent.locks.AbstractQueuedSynchronizer$ConditionObject.await(AbstractQueuedSynchronizer.java:2039)&#10;        at java.util.concurrent.ArrayBlockingQueue.take(ArrayBlockingQueue.java:403)&#10;        at java.util.concurrent.ThreadPoolExecutor.getTask(ThreadPoolExecutor.java:1074)&#10;        at java.util.concurrent.ThreadPoolExecutor.runWorker(ThreadPoolExecutor.java:1134)&#10;        at java.util.concurrent.ThreadPoolExecutor$Worker.run(ThreadPoolExecutor.java:624)&#10;        at java.lang.Thread.run(Thread.java:748)&#10;&quot;Datanode State Machine Thread - 0&quot; daemon prio=5 tid=2186 timed_waiting&#10;java.lang.Thread.State: TIMED_WAITING&#10;        at java.lang.Thread.sleep(Native Method)&#10;        at org.apache.hadoop.ozone.container.common.statemachine.DatanodeStateMachine.start(DatanodeStateMachine.java:196)&#10;        at org.apache.hadoop.ozone.container.common.statemachine.DatanodeStateMachine.lambda$startDaemon$0(DatanodeStateMachine.java:354)&#10;        at org.apache.hadoop.ozone.container.common.statemachine.DatanodeStateMachine$$Lambda$141/502066023.run(Unknown Source)&#10;        at java.lang.Thread.run(Thread.java:748)&#10;&quot;pool-158-thread-54&quot;  prio=5 tid=2392 in Object.wait()&#10;java.lang.Thread.State: WAITING (on object monitor)&#10;        at sun.misc.Unsafe.park(Native Method)&#10;        at java.util.concurrent.locks.LockSupport.park(LockSupport.java:175)&#10;        at java.util.concurrent.locks.AbstractQueuedSynchronizer$ConditionObject.await(AbstractQueuedSynchronizer.java:2039)&#10;        at java.util.concurrent.ArrayBlockingQueue.take(ArrayBlockingQueue.java:403)&#10;        at java.util.concurrent.ThreadPoolExecutor.getTask(ThreadPoolExecutor.java:1074)&#10;        at java.util.concurrent.ThreadPoolExecutor.runWorker(ThreadPoolExecutor.java:1134)&#10;        at java.util.concurrent.ThreadPoolExecutor$Worker.run(ThreadPoolExecutor.java:624)&#10;        at java.lang.Thread.run(Thread.java:748)&#10;&quot;Command processor thread&quot; daemon prio=5 tid=2056 timed_waiting&#10;java.lang.Thread.State: TIMED_WAITING&#10;        at java.lang.Thread.sleep(Native Method)&#10;        at org.apache.hadoop.ozone.container.common.statemachine.DatanodeStateMachine.lambda$initCommandHandlerThread$1(DatanodeStateMachine.java:444)&#10;        at org.apache.hadoop.ozone.container.common.statemachine.DatanodeStateMachine$$Lambda$142/1059342576.run(Unknown Source)&#10;        at java.lang.Thread.run(Thread.java:748)&#10;&quot;pool-198-thread-48&quot;  prio=5 tid=2634 in Object.wait()&#10;java.lang.Thread.State: WAITING (on object monitor)&#10;        at sun.misc.Unsafe.park(Native Method)&#10;        at java.util.concurrent.locks.LockSupport.park(LockSupport.java:175)&#10;        at java.util.concurrent.locks.AbstractQueuedSynchronizer$ConditionObject.await(AbstractQueuedSynchronizer.java:2039)&#10;        at java.util.concurrent.ArrayBlockingQueue.take(ArrayBlockingQueue.java:403)&#10;        at java.util.concurrent.ThreadPoolExecutor.getTask(ThreadPoolExecutor.java:1074)&#10;        at java.util.concurrent.ThreadPoolExecutor.runWorker(ThreadPoolExecutor.java:1134)&#10;        at java.util.concurrent.ThreadPoolExecutor$Worker.run(ThreadPoolExecutor.java:624)&#10;        at java.lang.Thread.run(Thread.java:748)&#10;&quot;e96d2cc9-026c-4220-b0f4-2bd3b4d5a924@group-D08F3DBE2A41-SegmentedRaftLogWorker&quot;  prio=5 tid=3145 timed_waiting&#10;java.lang.Thread.State: TIMED_WAITING&#10;        at sun.misc.Unsafe.park(Native Method)&#10;        at java.util.concurrent.locks.LockSupport.parkNanos(LockSupport.java:215)&#10;        at java.util.concurrent.locks.AbstractQueuedSynchronizer$ConditionObject.awaitNanos(AbstractQueuedSynchronizer.java:2078)&#10;        at org.apache.ratis.util.DataBlockingQueue.poll(DataBlockingQueue.java:137)&#10;        at org.apache.ratis.server.raftlog.segmented.SegmentedRaftLogWorker.run(SegmentedRaftLogWorker.java:282)&#10;        at java.lang.Thread.run(Thread.java:748)&#10;&quot;pool-168-thread-40&quot;  prio=5 tid=2440 in Object.wait()&#10;java.lang.Thread.State: WAITING (on object monitor)&#10;        at sun.misc.Unsafe.park(Native Method)&#10;        at java.util.concurrent.locks.LockSupport.park(LockSupport.java:175)&#10;        at java.util.concurrent.locks.AbstractQueuedSynchronizer$ConditionObject.await(AbstractQueuedSynchronizer.java:2039)&#10;        at java.util.concurrent.ArrayBlockingQueue.take(ArrayBlockingQueue.java:403)&#10;        at java.util.concurrent.ThreadPoolExecutor.getTask(ThreadPoolExecutor.java:1074)&#10;        at java.util.concurrent.ThreadPoolExecutor.runWorker(ThreadPoolExecutor.java:1134)&#10;        at java.util.concurrent.ThreadPoolExecutor$Worker.run(ThreadPoolExecutor.java:624)&#10;        at java.lang.Thread.run(Thread.java:748)&#10;&quot;IPC Server handler 5 on 35120&quot; daemon prio=5 tid=1894 timed_waiting&#10;java.lang.Thread.State: TIMED_WAITING&#10;        at sun.misc.Unsafe.park(Native Method)&#10;        at java.util.concurrent.locks.LockSupport.parkNanos(LockSupport.java:215)&#10;        at java.util.concurrent.locks.AbstractQueuedSynchronizer$ConditionObject.awaitNanos(AbstractQueuedSynchronizer.java:2078)&#10;        at java.util.concurrent.LinkedBlockingQueue.poll(LinkedBlockingQueue.java:467)&#10;        at org.apache.hadoop.ipc.CallQueueManager.take(CallQueueManager.java:288)&#10;        at org.apache.hadoop.ipc.Server$Handler.run(Server.java:2668)&#10;&quot;IPC Server handler 10 on 40581&quot; daemon prio=5 tid=1919 timed_waiting&#10;java.lang.Thread.State: TIMED_WAITING&#10;        at sun.misc.Unsafe.park(Native Method)&#10;        at java.util.concurrent.locks.LockSupport.parkNanos(LockSupport.java:215)&#10;        at java.util.concurrent.locks.AbstractQueuedSynchronizer$ConditionObject.awaitNanos(AbstractQueuedSynchronizer.java:2078)&#10;        at java.util.concurrent.LinkedBlockingQueue.poll(LinkedBlockingQueue.java:467)&#10;        at org.apache.hadoop.ipc.CallQueueManager.take(CallQueueManager.java:288)&#10;        at org.apache.hadoop.ipc.Server$Handler.run(Server.java:2668)&#10;&quot;org.apache.hadoop.util.JvmPauseMonitor$Monitor@3fe4e0e1&quot; daemon prio=5 tid=2246 timed_waiting&#10;java.lang.Thread.State: TIMED_WAITING&#10;        at java.lang.Thread.sleep(Native Method)&#10;        at org.apache.hadoop.util.JvmPauseMonitor$Monitor.run(JvmPauseMonitor.java:192)&#10;        at java.lang.Thread.run(Thread.java:748)&#10;&quot;pool-208-thread-10&quot;  prio=5 tid=2658 in Object.wait()&#10;java.lang.Thread.State: WAITING (on object monitor)&#10;        at sun.misc.Unsafe.park(Native Method)&#10;        at java.util.concurrent.locks.LockSupport.park(LockSupport.java:175)&#10;        at java.util.concurrent.locks.AbstractQueuedSynchronizer$ConditionObject.await(AbstractQueuedSynchronizer.java:2039)&#10;        at java.util.concurrent.ArrayBlockingQueue.take(ArrayBlockingQueue.java:403)&#10;        at java.util.concurrent.ThreadPoolExecutor.getTask(ThreadPoolExecutor.java:1074)&#10;        at java.util.concurrent.ThreadPoolExecutor.runWorker(ThreadPoolExecutor.java:1134)&#10;        at java.util.concurrent.ThreadPoolExecutor$Worker.run(ThreadPoolExecutor.java:624)&#10;        at java.lang.Thread.run(Thread.java:748)&#10;&quot;pool-158-thread-46&quot;  prio=5 tid=2384 in Object.wait()&#10;java.lang.Thread.State: WAITING (on object monitor)&#10;        at sun.misc.Unsafe.park(Native Method)&#10;        at java.util.concurrent.locks.LockSupport.park(LockSupport.java:175)&#10;        at java.util.concurrent.locks.AbstractQueuedSynchronizer$ConditionObject.await(AbstractQueuedSynchronizer.java:2039)&#10;        at java.util.concurrent.ArrayBlockingQueue.take(ArrayBlockingQueue.java:403)&#10;        at java.util.concurrent.ThreadPoolExecutor.getTask(ThreadPoolExecutor.java:1074)&#10;        at java.util.concurrent.ThreadPoolExecutor.runWorker(ThreadPoolExecutor.java:1134)&#10;        at java.util.concurrent.ThreadPoolExecutor$Worker.run(ThreadPoolExecutor.java:624)&#10;        at java.lang.Thread.run(Thread.java:748)&#10;&quot;Datanode ReportManager Thread - 2&quot; daemon prio=5 tid=254 in Object.wait()&#10;java.lang.Thread.State: WAITING (on object monitor)&#10;        at sun.misc.Unsafe.park(Native Method)&#10;        at java.util.concurrent.locks.LockSupport.park(LockSupport.java:175)&#10;        at java.util.concurrent.locks.AbstractQueuedSynchronizer$ConditionObject.await(AbstractQueuedSynchronizer.java:2039)&#10;        at java.util.concurrent.ScheduledThreadPoolExecutor$DelayedWorkQueue.take(ScheduledThreadPoolExecutor.java:1088)&#10;        at java.util.concurrent.ScheduledThreadPoolExecutor$DelayedWorkQueue.take(ScheduledThreadPoolExecutor.java:809)&#10;        at java.util.concurrent.ThreadPoolExecutor.getTask(ThreadPoolExecutor.java:1074)&#10;        at java.util.concurrent.ThreadPoolExecutor.runWorker(ThreadPoolExecutor.java:1134)&#10;        at java.util.concurrent.ThreadPoolExecutor$Worker.run(ThreadPoolExecutor.java:624)&#10;        at java.lang.Thread.run(Thread.java:748)&#10;&quot;qtp841721161-2070&quot; daemon prio=5 tid=2070 timed_waiting&#10;java.lang.Thread.State: TIMED_WAITING&#10;        at sun.misc.Unsafe.park(Native Method)&#10;        at java.util.concurrent.locks.LockSupport.parkNanos(LockSupport.java:215)&#10;        at java.util.concurrent.locks.AbstractQueuedSynchronizer$ConditionObject.awaitNanos(AbstractQueuedSynchronizer.java:2078)&#10;        at org.eclipse.jetty.util.BlockingArrayQueue.poll(BlockingArrayQueue.java:392)&#10;        at org.eclipse.jetty.util.thread.QueuedThreadPool.idleJobPoll(QueuedThreadPool.java:563)&#10;        at org.eclipse.jetty.util.thread.QueuedThreadPool.access$800(QueuedThreadPool.java:48)&#10;        at org.eclipse.jetty.util.thread.QueuedThreadPool$2.run(QueuedThreadPool.java:626)&#10;        at java.lang.Thread.run(Thread.java:748)&#10;&quot;Finalizer&quot; daemon prio=8 tid=3 in Object.wait()&#10;java.lang.Thread.State: WAITING (on object monitor)&#10;        at java.lang.Object.wait(Native Method)&#10;        at java.lang.ref.ReferenceQueue.remove(ReferenceQueue.java:144)&#10;        at java.lang.ref.ReferenceQueue.remove(ReferenceQueue.java:165)&#10;        at java.lang.ref.Finalizer$FinalizerThread.run(Finalizer.java:216)&#10;&quot;pool-198-thread-6&quot;  prio=5 tid=2592 in Object.wait()&#10;java.lang.Thread.State: WAITING (on object monitor)&#10;        at sun.misc.Unsafe.park(Native Method)&#10;        at java.util.concurrent.locks.LockSupport.park(LockSupport.java:175)&#10;        at java.util.concurrent.locks.AbstractQueuedSynchronizer$ConditionObject.await(AbstractQueuedSynchronizer.java:2039)&#10;        at java.util.concurrent.ArrayBlockingQueue.take(ArrayBlockingQueue.java:403)&#10;        at java.util.concurrent.ThreadPoolExecutor.getTask(ThreadPoolExecutor.java:1074)&#10;        at java.util.concurrent.ThreadPoolExecutor.runWorker(ThreadPoolExecutor.java:1134)&#10;        at java.util.concurrent.ThreadPoolExecutor$Worker.run(ThreadPoolExecutor.java:624)&#10;        at java.lang.Thread.run(Thread.java:748)&#10;&quot;IPC Server handler 2 on 40581&quot; daemon prio=5 tid=1911 timed_waiting&#10;java.lang.Thread.State: TIMED_WAITING&#10;        at sun.misc.Unsafe.park(Native Method)&#10;        at java.util.concurrent.locks.LockSupport.parkNanos(LockSupport.java:215)&#10;        at java.util.concurrent.locks.AbstractQueuedSynchronizer$ConditionObject.awaitNanos(AbstractQueuedSynchronizer.java:2078)&#10;        at java.util.concurrent.LinkedBlockingQueue.poll(LinkedBlockingQueue.java:467)&#10;        at org.apache.hadoop.ipc.CallQueueManager.take(CallQueueManager.java:288)&#10;        at org.apache.hadoop.ipc.Server$Handler.run(Server.java:2668)&#10;&quot;pool-238-thread-16&quot;  prio=5 tid=2850 in Object.wait()&#10;java.lang.Thread.State: WAITING (on object monitor)&#10;        at sun.misc.Unsafe.park(Native Method)&#10;        at java.util.concurrent.locks.LockSupport.park(LockSupport.java:175)&#10;        at java.util.concurrent.locks.AbstractQueuedSynchronizer$ConditionObject.await(AbstractQueuedSynchronizer.java:2039)&#10;        at java.util.concurrent.ArrayBlockingQueue.take(ArrayBlockingQueue.java:403)&#10;        at java.util.concurrent.ThreadPoolExecutor.getTask(ThreadPoolExecutor.java:1074)&#10;        at java.util.concurrent.ThreadPoolExecutor.runWorker(ThreadPoolExecutor.java:1134)&#10;        at java.util.concurrent.ThreadPoolExecutor$Worker.run(ThreadPoolExecutor.java:624)&#10;        at java.lang.Thread.run(Thread.java:748)&#10;&quot;pool-218-thread-12&quot;  prio=5 tid=2722 in Object.wait()&#10;java.lang.Thread.State: WAITING (on object monitor)&#10;        at sun.misc.Unsafe.park(Native Method)&#10;        at java.util.concurrent.locks.LockSupport.park(LockSupport.java:175)&#10;        at java.util.concurrent.locks.AbstractQueuedSynchronizer$ConditionObject.await(AbstractQueuedSynchronizer.java:2039)&#10;        at java.util.concurrent.ArrayBlockingQueue.take(ArrayBlockingQueue.java:403)&#10;        at java.util.concurrent.ThreadPoolExecutor.getTask(ThreadPoolExecutor.java:1074)&#10;        at java.util.concurrent.ThreadPoolExecutor.runWorker(ThreadPoolExecutor.java:1134)&#10;        at java.util.concurrent.ThreadPoolExecutor$Worker.run(ThreadPoolExecutor.java:624)&#10;        at java.lang.Thread.run(Thread.java:748)&#10;&quot;Thread-1539&quot; daemon prio=5 tid=3198 timed_waiting&#10;java.lang.Thread.State: TIMED_WAITING&#10;        at sun.misc.Unsafe.park(Native Method)&#10;        at java.util.concurrent.locks.LockSupport.parkNanos(LockSupport.java:215)&#10;        at java.util.concurrent.locks.AbstractQueuedSynchronizer$ConditionObject.awaitNanos(AbstractQueuedSynchronizer.java:2078)&#10;        at java.util.concurrent.ArrayBlockingQueue.poll(ArrayBlockingQueue.java:418)&#10;        at org.apache.ratis.server.impl.LeaderState$EventQueue.poll(LeaderState.java:115)&#10;        at org.apache.ratis.server.impl.LeaderState$EventProcessor.run(LeaderState.java:467)&#10;&quot;pool-148-thread-2&quot;  prio=5 tid=2277 in Object.wait()&#10;java.lang.Thread.State: WAITING (on object monitor)&#10;        at sun.misc.Unsafe.park(Native Method)&#10;        at java.util.concurrent.locks.LockSupport.park(LockSupport.java:175)&#10;        at java.util.concurrent.locks.AbstractQueuedSynchronizer$ConditionObject.await(AbstractQueuedSynchronizer.java:2039)&#10;        at java.util.concurrent.ArrayBlockingQueue.take(ArrayBlockingQueue.java:403)&#10;        at java.util.concurrent.ThreadPoolExecutor.getTask(ThreadPoolExecutor.java:1074)&#10;        at java.util.concurrent.ThreadPoolExecutor.runWorker(ThreadPoolExecutor.java:1134)&#10;        at java.util.concurrent.ThreadPoolExecutor$Worker.run(ThreadPoolExecutor.java:624)&#10;        at java.lang.Thread.run(Thread.java:748)&#10;&quot;pool-148-thread-14&quot;  prio=5 tid=2289 in Object.wait()&#10;java.lang.Thread.State: WAITING (on object monitor)&#10;        at sun.misc.Unsafe.park(Native Method)&#10;        at java.util.concurrent.locks.LockSupport.park(LockSupport.java:175)&#10;        at java.util.concurrent.locks.AbstractQueuedSynchronizer$ConditionObject.await(AbstractQueuedSynchronizer.java:2039)&#10;        at java.util.concurrent.ArrayBlockingQueue.take(ArrayBlockingQueue.java:403)&#10;        at java.util.concurrent.ThreadPoolExecutor.getTask(ThreadPoolExecutor.java:1074)&#10;        at java.util.concurrent.ThreadPoolExecutor.runWorker(ThreadPoolExecutor.java:1134)&#10;        at java.util.concurrent.ThreadPoolExecutor$Worker.run(ThreadPoolExecutor.java:624)&#10;        at java.lang.Thread.run(Thread.java:748)&#10;&quot;pool-178-thread-28&quot;  prio=5 tid=2490 in Object.wait()&#10;java.lang.Thread.State: WAITING (on object monitor)&#10;        at sun.misc.Unsafe.park(Native Method)&#10;        at java.util.concurrent.locks.LockSupport.park(LockSupport.java:175)&#10;        at java.util.concurrent.locks.AbstractQueuedSynchronizer$ConditionObject.await(AbstractQueuedSynchronizer.java:2039)&#10;        at java.util.concurrent.ArrayBlockingQueue.take(ArrayBlockingQueue.java:403)&#10;        at java.util.concurrent.ThreadPoolExecutor.getTask(ThreadPoolExecutor.java:1074)&#10;        at java.util.concurrent.ThreadPoolExecutor.runWorker(ThreadPoolExecutor.java:1134)&#10;        at java.util.concurrent.ThreadPoolExecutor$Worker.run(ThreadPoolExecutor.java:624)&#10;        at java.lang.Thread.run(Thread.java:748)&#10;&quot;pool-239-thread-1&quot;  prio=5 tid=2978 in Object.wait()&#10;java.lang.Thread.State: WAITING (on object monitor)&#10;        at sun.misc.Unsafe.park(Native Method)&#10;        at java.util.concurrent.locks.LockSupport.park(LockSupport.java:175)&#10;        at java.util.concurrent.locks.AbstractQueuedSynchronizer$ConditionObject.await(AbstractQueuedSynchronizer.java:2039)&#10;        at java.util.concurrent.LinkedBlockingQueue.take(LinkedBlockingQueue.java:442)&#10;        at java.util.concurrent.ThreadPoolExecutor.getTask(ThreadPoolExecutor.java:1074)&#10;        at java.util.concurrent.ThreadPoolExecutor.runWorker(ThreadPoolExecutor.java:1134)&#10;        at java.util.concurrent.ThreadPoolExecutor$Worker.run(ThreadPoolExecutor.java:624)&#10;        at java.lang.Thread.run(Thread.java:748)&#10;&quot;pool-218-thread-43&quot;  prio=5 tid=2753 in Object.wait()&#10;java.lang.Thread.State: WAITING (on object monitor)&#10;        at sun.misc.Unsafe.park(Native Method)&#10;        at java.util.concurrent.locks.LockSupport.park(LockSupport.java:175)&#10;        at java.util.concurrent.locks.AbstractQueuedSynchronizer$ConditionObject.await(AbstractQueuedSynchronizer.java:2039)&#10;        at java.util.concurrent.ArrayBlockingQueue.take(ArrayBlockingQueue.java:403)&#10;        at java.util.concurrent.ThreadPoolExecutor.getTask(ThreadPoolExecutor.java:1074)&#10;        at java.util.concurrent.ThreadPoolExecutor.runWorker(ThreadPoolExecutor.java:1134)&#10;        at java.util.concurrent.ThreadPoolExecutor$Worker.run(ThreadPoolExecutor.java:624)&#10;        at java.lang.Thread.run(Thread.java:748)&#10;&quot;pool-188-thread-47&quot;  prio=5 tid=2571 in Object.wait()&#10;java.lang.Thread.State: WAITING (on object monitor)&#10;        at sun.misc.Unsafe.park(Native Method)&#10;        at java.util.concurrent.locks.LockSupport.park(LockSupport.java:175)&#10;        at java.util.concurrent.locks.AbstractQueuedSynchronizer$ConditionObject.await(AbstractQueuedSynchronizer.java:2039)&#10;        at java.util.concurrent.ArrayBlockingQueue.take(ArrayBlockingQueue.java:403)&#10;        at java.util.concurrent.ThreadPoolExecutor.getTask(ThreadPoolExecutor.java:1074)&#10;        at java.util.concurrent.ThreadPoolExecutor.runWorker(ThreadPoolExecutor.java:1134)&#10;        at java.util.concurrent.ThreadPoolExecutor$Worker.run(ThreadPoolExecutor.java:624)&#10;        at java.lang.Thread.run(Thread.java:748)&#10;&quot;pool-158-thread-48&quot;  prio=5 tid=2386 in Object.wait()&#10;java.lang.Thread.State: WAITING (on object monitor)&#10;        at sun.misc.Unsafe.park(Native Method)&#10;        at java.util.concurrent.locks.LockSupport.park(LockSupport.java:175)&#10;        at java.util.concurrent.locks.AbstractQueuedSynchronizer$ConditionObject.await(AbstractQueuedSynchronizer.java:2039)&#10;        at java.util.concurrent.ArrayBlockingQueue.take(ArrayBlockingQueue.java:403)&#10;        at java.util.concurrent.ThreadPoolExecutor.getTask(ThreadPoolExecutor.java:1074)&#10;        at java.util.concurrent.ThreadPoolExecutor.runWorker(ThreadPoolExecutor.java:1134)&#10;        at java.util.concurrent.ThreadPoolExecutor$Worker.run(ThreadPoolExecutor.java:624)&#10;        at java.lang.Thread.run(Thread.java:748)&#10;&quot;IPC Server handler 4 on 40581&quot; daemon prio=5 tid=1913 timed_waiting&#10;java.lang.Thread.State: TIMED_WAITING&#10;        at sun.misc.Unsafe.park(Native Method)&#10;        at java.util.concurrent.locks.LockSupport.parkNanos(LockSupport.java:215)&#10;        at java.util.concurrent.locks.AbstractQueuedSynchronizer$ConditionObject.awaitNanos(AbstractQueuedSynchronizer.java:2078)&#10;        at java.util.concurrent.LinkedBlockingQueue.poll(LinkedBlockingQueue.java:467)&#10;        at org.apache.hadoop.ipc.CallQueueManager.take(CallQueueManager.java:288)&#10;        at org.apache.hadoop.ipc.Server$Handler.run(Server.java:2668)&#10;&quot;pool-208-thread-51&quot;  prio=5 tid=2699 in Object.wait()&#10;java.lang.Thread.State: WAITING (on object monitor)&#10;        at sun.misc.Unsafe.park(Native Method)&#10;        at java.util.concurrent.locks.LockSupport.park(LockSupport.java:175)&#10;        at java.util.concurrent.locks.AbstractQueuedSynchronizer$ConditionObject.await(AbstractQueuedSynchronizer.java:2039)&#10;        at java.util.concurrent.ArrayBlockingQueue.take(ArrayBlockingQueue.java:403)&#10;        at java.util.concurrent.ThreadPoolExecutor.getTask(ThreadPoolExecutor.java:1074)&#10;        at java.util.concurrent.ThreadPoolExecutor.runWorker(ThreadPoolExecutor.java:1134)&#10;        at java.util.concurrent.ThreadPoolExecutor$Worker.run(ThreadPoolExecutor.java:624)&#10;        at java.lang.Thread.run(Thread.java:748)&#10;&quot;pool-188-thread-38&quot;  prio=5 tid=2562 in Object.wait()&#10;java.lang.Thread.State: WAITING (on object monitor)&#10;        at sun.misc.Unsafe.park(Native Method)&#10;        at java.util.concurrent.locks.LockSupport.park(LockSupport.java:175)&#10;        at java.util.concurrent.locks.AbstractQueuedSynchronizer$ConditionObject.await(AbstractQueuedSynchronizer.java:2039)&#10;        at java.util.concurrent.ArrayBlockingQueue.take(ArrayBlockingQueue.java:403)&#10;        at java.util.concurrent.ThreadPoolExecutor.getTask(ThreadPoolExecutor.java:1074)&#10;        at java.util.concurrent.ThreadPoolExecutor.runWorker(ThreadPoolExecutor.java:1134)&#10;        at java.util.concurrent.ThreadPoolExecutor$Worker.run(ThreadPoolExecutor.java:624)&#10;        at java.lang.Thread.run(Thread.java:748)&#10;&quot;pool-158-thread-53&quot;  prio=5 tid=2391 in Object.wait()&#10;java.lang.Thread.State: WAITING (on object monitor)&#10;        at sun.misc.Unsafe.park(Native Method)&#10;        at java.util.concurrent.locks.LockSupport.park(LockSupport.java:175)&#10;        at java.util.concurrent.locks.AbstractQueuedSynchronizer$ConditionObject.await(AbstractQueuedSynchronizer.java:2039)&#10;        at java.util.concurrent.ArrayBlockingQueue.take(ArrayBlockingQueue.java:403)&#10;        at java.util.concurrent.ThreadPoolExecutor.getTask(ThreadPoolExecutor.java:1074)&#10;        at java.util.concurrent.ThreadPoolExecutor.runWorker(ThreadPoolExecutor.java:1134)&#10;        at java.util.concurrent.ThreadPoolExecutor$Worker.run(ThreadPoolExecutor.java:624)&#10;        at java.lang.Thread.run(Thread.java:748)&#10;&quot;pool-188-thread-57&quot;  prio=5 tid=2581 in Object.wait()&#10;java.lang.Thread.State: WAITING (on object monitor)&#10;        at sun.misc.Unsafe.park(Native Method)&#10;        at java.util.concurrent.locks.LockSupport.park(LockSupport.java:175)&#10;        at java.util.concurrent.locks.AbstractQueuedSynchronizer$ConditionObject.await(AbstractQueuedSynchronizer.java:2039)&#10;        at java.util.concurrent.ArrayBlockingQueue.take(ArrayBlockingQueue.java:403)&#10;        at java.util.concurrent.ThreadPoolExecutor.getTask(ThreadPoolExecutor.java:1074)&#10;        at java.util.concurrent.ThreadPoolExecutor.runWorker(ThreadPoolExecutor.java:1134)&#10;        at java.util.concurrent.ThreadPoolExecutor$Worker.run(ThreadPoolExecutor.java:624)&#10;        at java.lang.Thread.run(Thread.java:748)&#10;&quot;org.apache.ratis.server.impl.LogAppender$AppenderDaemon$$Lambda$466/1042245461@346ee538&quot; daemon prio=5 tid=3244 timed_waiting&#10;java.lang.Thread.State: TIMED_WAITING&#10;        at java.lang.Object.wait(Native Method)&#10;        at org.apache.ratis.grpc.server.GrpcLogAppender.mayWait(GrpcLogAppender.java:149)&#10;        at org.apache.ratis.grpc.server.GrpcLogAppender.runAppenderImpl(GrpcLogAppender.java:103)&#10;        at org.apache.ratis.server.impl.LogAppender$AppenderDaemon.run(LogAppender.java:76)&#10;        at org.apache.ratis.server.impl.LogAppender$AppenderDaemon$$Lambda$466/1042245461.run(Unknown Source)&#10;        at java.lang.Thread.run(Thread.java:748)&#10;&quot;Datanode ReportManager Thread - 2&quot; daemon prio=5 tid=2270 in Object.wait()&#10;java.lang.Thread.State: WAITING (on object monitor)&#10;        at sun.misc.Unsafe.park(Native Method)&#10;        at java.util.concurrent.locks.LockSupport.park(LockSupport.java:175)&#10;        at java.util.concurrent.locks.AbstractQueuedSynchronizer$ConditionObject.await(AbstractQueuedSynchronizer.java:2039)&#10;        at java.util.concurrent.ScheduledThreadPoolExecutor$DelayedWorkQueue.take(ScheduledThreadPoolExecutor.java:1088)&#10;        at java.util.concurrent.ScheduledThreadPoolExecutor$DelayedWorkQueue.take(ScheduledThreadPoolExecutor.java:809)&#10;        at java.util.concurrent.ThreadPoolExecutor.getTask(ThreadPoolExecutor.java:1074)&#10;        at java.util.concurrent.ThreadPoolExecutor.runWorker(ThreadPoolExecutor.java:1134)&#10;        at java.util.concurrent.ThreadPoolExecutor$Worker.run(ThreadPoolExecutor.java:624)&#10;        at java.lang.Thread.run(Thread.java:748)&#10;&quot;pool-148-thread-7&quot;  prio=5 tid=2282 in Object.wait()&#10;java.lang.Thread.State: WAITING (on object monitor)&#10;        at sun.misc.Unsafe.park(Native Method)&#10;        at java.util.concurrent.locks.LockSupport.park(LockSupport.java:175)&#10;        at java.util.concurrent.locks.AbstractQueuedSynchronizer$ConditionObject.await(AbstractQueuedSynchronizer.java:2039)&#10;        at java.util.concurrent.ArrayBlockingQueue.take(ArrayBlockingQueue.java:403)&#10;        at java.util.concurrent.ThreadPoolExecutor.getTask(ThreadPoolExecutor.java:1074)&#10;        at java.util.concurrent.ThreadPoolExecutor.runWorker(ThreadPoolExecutor.java:1134)&#10;        at java.util.concurrent.ThreadPoolExecutor$Worker.run(ThreadPoolExecutor.java:624)&#10;        at java.lang.Thread.run(Thread.java:748)&#10;&quot;pool-198-thread-55&quot;  prio=5 tid=2641 in Object.wait()&#10;java.lang.Thread.State: WAITING (on object monitor)&#10;        at sun.misc.Unsafe.park(Native Method)&#10;        at java.util.concurrent.locks.LockSupport.park(LockSupport.java:175)&#10;        at java.util.concurrent.locks.AbstractQueuedSynchronizer$ConditionObject.await(AbstractQueuedSynchronizer.java:2039)&#10;        at java.util.concurrent.ArrayBlockingQueue.take(ArrayBlockingQueue.java:403)&#10;        at java.util.concurrent.ThreadPoolExecutor.getTask(ThreadPoolExecutor.java:1074)&#10;        at java.util.concurrent.ThreadPoolExecutor.runWorker(ThreadPoolExecutor.java:1134)&#10;        at java.util.concurrent.ThreadPoolExecutor$Worker.run(ThreadPoolExecutor.java:624)&#10;        at java.lang.Thread.run(Thread.java:748)&#10;&quot;IPC Server handler 9 on 45410&quot; daemon prio=5 tid=1981 timed_waiting&#10;java.lang.Thread.State: TIMED_WAITING&#10;        at sun.misc.Unsafe.park(Native Method)&#10;        at java.util.concurrent.locks.LockSupport.parkNanos(LockSupport.java:215)&#10;        at java.util.concurrent.locks.AbstractQueuedSynchronizer$ConditionObject.awaitNanos(AbstractQueuedSynchronizer.java:2078)&#10;        at java.util.concurrent.LinkedBlockingQueue.poll(LinkedBlockingQueue.java:467)&#10;        at org.apache.hadoop.ipc.CallQueueManager.take(CallQueueManager.java:288)&#10;        at org.apache.hadoop.ipc.Server$Handler.run(Server.java:2668)&#10;&quot;Datanode ReportManager Thread - 2&quot; daemon prio=5 tid=281 in Object.wait()&#10;java.lang.Thread.State: WAITING (on object monitor)&#10;        at sun.misc.Unsafe.park(Native Method)&#10;        at java.util.concurrent.locks.LockSupport.park(LockSupport.java:175)&#10;        at java.util.concurrent.locks.AbstractQueuedSynchronizer$ConditionObject.await(AbstractQueuedSynchronizer.java:2039)&#10;        at java.util.concurrent.ScheduledThreadPoolExecutor$DelayedWorkQueue.take(ScheduledThreadPoolExecutor.java:1088)&#10;        at java.util.concurrent.ScheduledThreadPoolExecutor$DelayedWorkQueue.take(ScheduledThreadPoolExecutor.java:809)&#10;        at java.util.concurrent.ThreadPoolExecutor.getTask(ThreadPoolExecutor.java:1074)&#10;        at java.util.concurrent.ThreadPoolExecutor.runWorker(ThreadPoolExecutor.java:1134)&#10;        at java.util.concurrent.ThreadPoolExecutor$Worker.run(ThreadPoolExecutor.java:624)&#10;        at java.lang.Thread.run(Thread.java:748)&#10;&quot;Datanode State Machine Thread - 0&quot; daemon prio=5 tid=2274 timed_waiting&#10;java.lang.Thread.State: TIMED_WAITING&#10;        at sun.misc.Unsafe.park(Native Method)&#10;        at java.util.concurrent.locks.LockSupport.parkNanos(LockSupport.java:215)&#10;        at java.util.concurrent.SynchronousQueue$TransferStack.awaitFulfill(SynchronousQueue.java:460)&#10;        at java.util.concurrent.SynchronousQueue$TransferStack.transfer(SynchronousQueue.java:362)&#10;        at java.util.concurrent.SynchronousQueue.poll(SynchronousQueue.java:941)&#10;        at java.util.concurrent.ThreadPoolExecutor.getTask(ThreadPoolExecutor.java:1073)&#10;        at java.util.concurrent.ThreadPoolExecutor.runWorker(ThreadPoolExecutor.java:1134)&#10;        at java.util.concurrent.ThreadPoolExecutor$Worker.run(ThreadPoolExecutor.java:624)&#10;        at java.lang.Thread.run(Thread.java:748)&#10;&quot;qtp843410864-2178&quot; daemon prio=5 tid=2178 timed_waiting&#10;java.lang.Thread.State: TIMED_WAITING&#10;        at sun.misc.Unsafe.park(Native Method)&#10;        at java.util.concurrent.locks.LockSupport.parkNanos(LockSupport.java:215)&#10;        at java.util.concurrent.locks.AbstractQueuedSynchronizer$ConditionObject.awaitNanos(AbstractQueuedSynchronizer.java:2078)&#10;        at org.eclipse.jetty.util.BlockingArrayQueue.poll(BlockingArrayQueue.java:392)&#10;        at org.eclipse.jetty.util.thread.QueuedThreadPool.idleJobPoll(QueuedThreadPool.java:563)&#10;        at org.eclipse.jetty.util.thread.QueuedThreadPool.access$800(QueuedThreadPool.java:48)&#10;        at org.eclipse.jetty.util.thread.QueuedThreadPool$2.run(QueuedThreadPool.java:626)&#10;        at java.lang.Thread.run(Thread.java:748)&#10;&quot;pool-238-thread-32&quot;  prio=5 tid=2866 in Object.wait()&#10;java.lang.Thread.State: WAITING (on object monitor)&#10;        at sun.misc.Unsafe.park(Native Method)&#10;        at java.util.concurrent.locks.LockSupport.park(LockSupport.java:175)&#10;        at java.util.concurrent.locks.AbstractQueuedSynchronizer$ConditionObject.await(AbstractQueuedSynchronizer.java:2039)&#10;        at java.util.concurrent.ArrayBlockingQueue.take(ArrayBlockingQueue.java:403)&#10;        at java.util.concurrent.ThreadPoolExecutor.getTask(ThreadPoolExecutor.java:1074)&#10;        at java.util.concurrent.ThreadPoolExecutor.runWorker(ThreadPoolExecutor.java:1134)&#10;        at java.util.concurrent.ThreadPoolExecutor$Worker.run(ThreadPoolExecutor.java:624)&#10;        at java.lang.Thread.run(Thread.java:748)&#10;&quot;pool-208-thread-52&quot;  prio=5 tid=2700 in Object.wait()&#10;java.lang.Thread.State: WAITING (on object monitor)&#10;        at sun.misc.Unsafe.park(Native Method)&#10;        at java.util.concurrent.locks.LockSupport.park(LockSupport.java:175)&#10;        at java.util.concurrent.locks.AbstractQueuedSynchronizer$ConditionObject.await(AbstractQueuedSynchronizer.java:2039)&#10;        at java.util.concurrent.ArrayBlockingQueue.take(ArrayBlockingQueue.java:403)&#10;        at java.util.concurrent.ThreadPoolExecutor.getTask(ThreadPoolExecutor.java:1074)&#10;        at java.util.concurrent.ThreadPoolExecutor.runWorker(ThreadPoolExecutor.java:1134)&#10;        at java.util.concurrent.ThreadPoolExecutor$Worker.run(ThreadPoolExecutor.java:624)&#10;        at java.lang.Thread.run(Thread.java:748)&#10;&quot;Datanode ReportManager Thread - 0&quot; daemon prio=5 tid=2268 timed_waiting&#10;java.lang.Thread.State: TIMED_WAITING&#10;        at sun.misc.Unsafe.park(Native Method)&#10;        at java.util.concurrent.locks.LockSupport.parkNanos(LockSupport.java:215)&#10;        at java.util.concurrent.locks.AbstractQueuedSynchronizer$ConditionObject.awaitNanos(AbstractQueuedSynchronizer.java:2078)&#10;        at java.util.concurrent.ScheduledThreadPoolExecutor$DelayedWorkQueue.take(ScheduledThreadPoolExecutor.java:1093)&#10;        at java.util.concurrent.ScheduledThreadPoolExecutor$DelayedWorkQueue.take(ScheduledThreadPoolExecutor.java:809)&#10;        at java.util.concurrent.ThreadPoolExecutor.getTask(ThreadPoolExecutor.java:1074)&#10;        at java.util.concurrent.ThreadPoolExecutor.runWorker(ThreadPoolExecutor.java:1134)&#10;        at java.util.concurrent.ThreadPoolExecutor$Worker.run(ThreadPoolExecutor.java:624)&#10;        at java.lang.Thread.run(Thread.java:748)&#10;&quot;IPC Server handler 19 on 45410&quot; daemon prio=5 tid=1991 timed_waiting&#10;java.lang.Thread.State: TIMED_WAITING&#10;        at sun.misc.Unsafe.park(Native Method)&#10;        at java.util.concurrent.locks.LockSupport.parkNanos(LockSupport.java:215)&#10;        at java.util.concurrent.locks.AbstractQueuedSynchronizer$ConditionObject.awaitNanos(AbstractQueuedSynchronizer.java:2078)&#10;        at java.util.concurrent.LinkedBlockingQueue.poll(LinkedBlockingQueue.java:467)&#10;        at org.apache.hadoop.ipc.CallQueueManager.take(CallQueueManager.java:288)&#10;        at org.apache.hadoop.ipc.Server$Handler.run(Server.java:2668)&#10;&quot;pool-218-thread-21&quot;  prio=5 tid=2731 in Object.wait()&#10;java.lang.Thread.State: WAITING (on object monitor)&#10;        at sun.misc.Unsafe.park(Native Method)&#10;        at java.util.concurrent.locks.LockSupport.park(LockSupport.java:175)&#10;        at java.util.concurrent.locks.AbstractQueuedSynchronizer$ConditionObject.await(AbstractQueuedSynchronizer.java:2039)&#10;        at java.util.concurrent.ArrayBlockingQueue.take(ArrayBlockingQueue.java:403)&#10;        at java.util.concurrent.ThreadPoolExecutor.getTask(ThreadPoolExecutor.java:1074)&#10;        at java.util.concurrent.ThreadPoolExecutor.runWorker(ThreadPoolExecutor.java:1134)&#10;        at java.util.concurrent.ThreadPoolExecutor$Worker.run(ThreadPoolExecutor.java:624)&#10;        at java.lang.Thread.run(Thread.java:748)&#10;&quot;pool-188-thread-36&quot;  prio=5 tid=2560 in Object.wait()&#10;java.lang.Thread.State: WAITING (on object monitor)&#10;        at sun.misc.Unsafe.park(Native Method)&#10;        at java.util.concurrent.locks.LockSupport.park(LockSupport.java:175)&#10;        at java.util.concurrent.locks.AbstractQueuedSynchronizer$ConditionObject.await(AbstractQueuedSynchronizer.java:2039)&#10;        at java.util.concurrent.ArrayBlockingQueue.take(ArrayBlockingQueue.java:403)&#10;        at java.util.concurrent.ThreadPoolExecutor.getTask(ThreadPoolExecutor.java:1074)&#10;        at java.util.concurrent.ThreadPoolExecutor.runWorker(ThreadPoolExecutor.java:1134)&#10;        at java.util.concurrent.ThreadPoolExecutor$Worker.run(ThreadPoolExecutor.java:624)&#10;        at java.lang.Thread.run(Thread.java:748)&#10;&quot;pool-238-thread-28&quot;  prio=5 tid=2862 in Object.wait()&#10;java.lang.Thread.State: WAITING (on object monitor)&#10;        at sun.misc.Unsafe.park(Native Method)&#10;        at java.util.concurrent.locks.LockSupport.park(LockSupport.java:175)&#10;        at java.util.concurrent.locks.AbstractQueuedSynchronizer$ConditionObject.await(AbstractQueuedSynchronizer.java:2039)&#10;        at java.util.concurrent.ArrayBlockingQueue.take(ArrayBlockingQueue.java:403)&#10;        at java.util.concurrent.ThreadPoolExecutor.getTask(ThreadPoolExecutor.java:1074)&#10;        at java.util.concurrent.ThreadPoolExecutor.runWorker(ThreadPoolExecutor.java:1134)&#10;        at java.util.concurrent.ThreadPoolExecutor$Worker.run(ThreadPoolExecutor.java:624)&#10;        at java.lang.Thread.run(Thread.java:748)&#10;&quot;pool-208-thread-35&quot;  prio=5 tid=2683 in Object.wait()&#10;java.lang.Thread.State: WAITING (on object monitor)&#10;        at sun.misc.Unsafe.park(Native Method)&#10;        at java.util.concurrent.locks.LockSupport.park(LockSupport.java:175)&#10;        at java.util.concurrent.locks.AbstractQueuedSynchronizer$ConditionObject.await(AbstractQueuedSynchronizer.java:2039)&#10;        at java.util.concurrent.ArrayBlockingQueue.take(ArrayBlockingQueue.java:403)&#10;        at java.util.concurrent.ThreadPoolExecutor.getTask(ThreadPoolExecutor.java:1074)&#10;        at java.util.concurrent.ThreadPoolExecutor.runWorker(ThreadPoolExecutor.java:1134)&#10;        at java.util.concurrent.ThreadPoolExecutor$Worker.run(ThreadPoolExecutor.java:624)&#10;        at java.lang.Thread.run(Thread.java:748)&#10;&quot;pool-178-thread-48&quot;  prio=5 tid=2510 in Object.wait()&#10;java.lang.Thread.State: WAITING (on object monitor)&#10;        at sun.misc.Unsafe.park(Native Method)&#10;        at java.util.concurrent.locks.LockSupport.park(LockSupport.java:175)&#10;        at java.util.concurrent.locks.AbstractQueuedSynchronizer$ConditionObject.await(AbstractQueuedSynchronizer.java:2039)&#10;        at java.util.concurrent.ArrayBlockingQueue.take(ArrayBlockingQueue.java:403)&#10;        at java.util.concurrent.ThreadPoolExecutor.getTask(ThreadPoolExecutor.java:1074)&#10;        at java.util.concurrent.ThreadPoolExecutor.runWorker(ThreadPoolExecutor.java:1134)&#10;        at java.util.concurrent.ThreadPoolExecutor$Worker.run(ThreadPoolExecutor.java:624)&#10;        at java.lang.Thread.run(Thread.java:748)&#10;&quot;pool-168-thread-53&quot;  prio=5 tid=2453 in Object.wait()&#10;java.lang.Thread.State: WAITING (on object monitor)&#10;        at sun.misc.Unsafe.park(Native Method)&#10;        at java.util.concurrent.locks.LockSupport.park(LockSupport.java:175)&#10;        at java.util.concurrent.locks.AbstractQueuedSynchronizer$ConditionObject.await(AbstractQueuedSynchronizer.java:2039)&#10;        at java.util.concurrent.ArrayBlockingQueue.take(ArrayBlockingQueue.java:403)&#10;        at java.util.concurrent.ThreadPoolExecutor.getTask(ThreadPoolExecutor.java:1074)&#10;        at java.util.concurrent.ThreadPoolExecutor.runWorker(ThreadPoolExecutor.java:1134)&#10;        at java.util.concurrent.ThreadPoolExecutor$Worker.run(ThreadPoolExecutor.java:624)&#10;        at java.lang.Thread.run(Thread.java:748)&#10;&quot;Datanode ReportManager Thread - 1&quot; daemon prio=5 tid=172 in Object.wait()&#10;java.lang.Thread.State: WAITING (on object monitor)&#10;        at sun.misc.Unsafe.park(Native Method)&#10;        at java.util.concurrent.locks.LockSupport.park(LockSupport.java:175)&#10;        at java.util.concurrent.locks.AbstractQueuedSynchronizer$ConditionObject.await(AbstractQueuedSynchronizer.java:2039)&#10;        at java.util.concurrent.ScheduledThreadPoolExecutor$DelayedWorkQueue.take(ScheduledThreadPoolExecutor.java:1088)&#10;        at java.util.concurrent.ScheduledThreadPoolExecutor$DelayedWorkQueue.take(ScheduledThreadPoolExecutor.java:809)&#10;        at java.util.concurrent.ThreadPoolExecutor.getTask(ThreadPoolExecutor.java:1074)&#10;        at java.util.concurrent.ThreadPoolExecutor.runWorker(ThreadPoolExecutor.java:1134)&#10;        at java.util.concurrent.ThreadPoolExecutor$Worker.run(ThreadPoolExecutor.java:624)&#10;        at java.lang.Thread.run(Thread.java:748)&#10;&quot;pool-178-thread-1&quot;  prio=5 tid=2463 in Object.wait()&#10;java.lang.Thread.State: WAITING (on object monitor)&#10;        at sun.misc.Unsafe.park(Native Method)&#10;        at java.util.concurrent.locks.LockSupport.park(LockSupport.java:175)&#10;        at java.util.concurrent.locks.AbstractQueuedSynchronizer$ConditionObject.await(AbstractQueuedSynchronizer.java:2039)&#10;        at java.util.concurrent.ArrayBlockingQueue.take(ArrayBlockingQueue.java:403)&#10;        at java.util.concurrent.ThreadPoolExecutor.getTask(ThreadPoolExecutor.java:1074)&#10;        at java.util.concurrent.ThreadPoolExecutor.runWorker(ThreadPoolExecutor.java:1134)&#10;        at java.util.concurrent.ThreadPoolExecutor$Worker.run(ThreadPoolExecutor.java:624)&#10;        at java.lang.Thread.run(Thread.java:748)&#10;&quot;pool-158-thread-26&quot;  prio=5 tid=2364 in Object.wait()&#10;java.lang.Thread.State: WAITING (on object monitor)&#10;        at sun.misc.Unsafe.park(Native Method)&#10;        at java.util.concurrent.locks.LockSupport.park(LockSupport.java:175)&#10;        at java.util.concurrent.locks.AbstractQueuedSynchronizer$ConditionObject.await(AbstractQueuedSynchronizer.java:2039)&#10;        at java.util.concurrent.ArrayBlockingQueue.take(ArrayBlockingQueue.java:403)&#10;        at java.util.concurrent.ThreadPoolExecutor.getTask(ThreadPoolExecutor.java:1074)&#10;        at java.util.concurrent.ThreadPoolExecutor.runWorker(ThreadPoolExecutor.java:1134)&#10;        at java.util.concurrent.ThreadPoolExecutor$Worker.run(ThreadPoolExecutor.java:624)&#10;        at java.lang.Thread.run(Thread.java:748)&#10;&quot;Datanode State Machine Thread - 0&quot; daemon prio=5 tid=2031 timed_waiting&#10;java.lang.Thread.State: TIMED_WAITING&#10;        at sun.misc.Unsafe.park(Native Method)&#10;        at java.util.concurrent.locks.LockSupport.parkNanos(LockSupport.java:215)&#10;        at java.util.concurrent.SynchronousQueue$TransferStack.awaitFulfill(SynchronousQueue.java:460)&#10;        at java.util.concurrent.SynchronousQueue$TransferStack.transfer(SynchronousQueue.java:362)&#10;        at java.util.concurrent.SynchronousQueue.poll(SynchronousQueue.java:941)&#10;        at java.util.concurrent.ThreadPoolExecutor.getTask(ThreadPoolExecutor.java:1073)&#10;        at java.util.concurrent.ThreadPoolExecutor.runWorker(ThreadPoolExecutor.java:1134)&#10;        at java.util.concurrent.ThreadPoolExecutor$Worker.run(ThreadPoolExecutor.java:624)&#10;        at java.lang.Thread.run(Thread.java:748)&#10;&quot;pool-228-thread-57&quot;  prio=5 tid=2829 in Object.wait()&#10;java.lang.Thread.State: WAITING (on object monitor)&#10;        at sun.misc.Unsafe.park(Native Method)&#10;        at java.util.concurrent.locks.LockSupport.park(LockSupport.java:175)&#10;        at java.util.concurrent.locks.AbstractQueuedSynchronizer$ConditionObject.await(AbstractQueuedSynchronizer.java:2039)&#10;        at java.util.concurrent.ArrayBlockingQueue.take(ArrayBlockingQueue.java:403)&#10;        at java.util.concurrent.ThreadPoolExecutor.getTask(ThreadPoolExecutor.java:1074)&#10;        at java.util.concurrent.ThreadPoolExecutor.runWorker(ThreadPoolExecutor.java:1134)&#10;        at java.util.concurrent.ThreadPoolExecutor$Worker.run(ThreadPoolExecutor.java:624)&#10;        at java.lang.Thread.run(Thread.java:748)&#10;&quot;IPC Server handler 18 on 45410&quot; daemon prio=5 tid=1990 timed_waiting&#10;java.lang.Thread.State: TIMED_WAITING&#10;        at sun.misc.Unsafe.park(Native Method)&#10;        at java.util.concurrent.locks.LockSupport.parkNanos(LockSupport.java:215)&#10;        at java.util.concurrent.locks.AbstractQueuedSynchronizer$ConditionObject.awaitNanos(AbstractQueuedSynchronizer.java:2078)&#10;        at java.util.concurrent.LinkedBlockingQueue.poll(LinkedBlockingQueue.java:467)&#10;        at org.apache.hadoop.ipc.CallQueueManager.take(CallQueueManager.java:288)&#10;        at org.apache.hadoop.ipc.Server$Handler.run(Server.java:2668)&#10;&quot;Datanode ReportManager Thread - 0&quot; daemon prio=5 tid=387 timed_waiting&#10;java.lang.Thread.State: TIMED_WAITING&#10;        at sun.misc.Unsafe.park(Native Method)&#10;        at java.util.concurrent.locks.LockSupport.parkNanos(LockSupport.java:215)&#10;        at java.util.concurrent.locks.AbstractQueuedSynchronizer$ConditionObject.awaitNanos(AbstractQueuedSynchronizer.java:2078)&#10;        at java.util.concurrent.ScheduledThreadPoolExecutor$DelayedWorkQueue.take(ScheduledThreadPoolExecutor.java:1093)&#10;        at java.util.concurrent.ScheduledThreadPoolExecutor$DelayedWorkQueue.take(ScheduledThreadPoolExecutor.java:809)&#10;        at java.util.concurrent.ThreadPoolExecutor.getTask(ThreadPoolExecutor.java:1074)&#10;        at java.util.concurrent.ThreadPoolExecutor.runWorker(ThreadPoolExecutor.java:1134)&#10;        at java.util.concurrent.ThreadPoolExecutor$Worker.run(ThreadPoolExecutor.java:624)&#10;        at java.lang.Thread.run(Thread.java:748)&#10;&quot;pool-158-thread-37&quot;  prio=5 tid=2375 in Object.wait()&#10;java.lang.Thread.State: WAITING (on object monitor)&#10;        at sun.misc.Unsafe.park(Native Method)&#10;        at java.util.concurrent.locks.LockSupport.park(LockSupport.java:175)&#10;        at java.util.concurrent.locks.AbstractQueuedSynchronizer$ConditionObject.await(AbstractQueuedSynchronizer.java:2039)&#10;        at java.util.concurrent.ArrayBlockingQueue.take(ArrayBlockingQueue.java:403)&#10;        at java.util.concurrent.ThreadPoolExecutor.getTask(ThreadPoolExecutor.java:1074)&#10;        at java.util.concurrent.ThreadPoolExecutor.runWorker(ThreadPoolExecutor.java:1134)&#10;        at java.util.concurrent.ThreadPoolExecutor$Worker.run(ThreadPoolExecutor.java:624)&#10;        at java.lang.Thread.run(Thread.java:748)&#10;&quot;pool-158-thread-18&quot;  prio=5 tid=2356 in Object.wait()&#10;java.lang.Thread.State: WAITING (on object monitor)&#10;        at sun.misc.Unsafe.park(Native Method)&#10;        at java.util.concurrent.locks.LockSupport.park(LockSupport.java:175)&#10;        at java.util.concurrent.locks.AbstractQueuedSynchronizer$ConditionObject.await(AbstractQueuedSynchronizer.java:2039)&#10;        at java.util.concurrent.ArrayBlockingQueue.take(ArrayBlockingQueue.java:403)&#10;        at java.util.concurrent.ThreadPoolExecutor.getTask(ThreadPoolExecutor.java:1074)&#10;        at java.util.concurrent.ThreadPoolExecutor.runWorker(ThreadPoolExecutor.java:1134)&#10;        at java.util.concurrent.ThreadPoolExecutor$Worker.run(ThreadPoolExecutor.java:624)&#10;        at java.lang.Thread.run(Thread.java:748)&#10;&quot;8692cc3a-c5e2-4bd5-b878-b8217203f52e@group-5812CD6E2952-StateMachineUpdater&quot; daemon prio=5 tid=3187 in Object.wait()&#10;java.lang.Thread.State: WAITING (on object monitor)&#10;        at java.lang.Object.wait(Native Method)&#10;        at java.lang.Object.wait(Object.java:502)&#10;        at org.apache.ratis.server.impl.StateMachineUpdater.waitForCommit(StateMachineUpdater.java:194)&#10;        at org.apache.ratis.server.impl.StateMachineUpdater.run(StateMachineUpdater.java:159)&#10;        at java.lang.Thread.run(Thread.java:748)&#10;&quot;pool-168-thread-1&quot;  prio=5 tid=2401 in Object.wait()&#10;java.lang.Thread.State: WAITING (on object monitor)&#10;        at sun.misc.Unsafe.park(Native Method)&#10;        at java.util.concurrent.locks.LockSupport.park(LockSupport.java:175)&#10;        at java.util.concurrent.locks.AbstractQueuedSynchronizer$ConditionObject.await(AbstractQueuedSynchronizer.java:2039)&#10;        at java.util.concurrent.ArrayBlockingQueue.take(ArrayBlockingQueue.java:403)&#10;        at java.util.concurrent.ThreadPoolExecutor.getTask(ThreadPoolExecutor.java:1074)&#10;        at java.util.concurrent.ThreadPoolExecutor.runWorker(ThreadPoolExecutor.java:1134)&#10;        at java.util.concurrent.ThreadPoolExecutor$Worker.run(ThreadPoolExecutor.java:624)&#10;        at java.lang.Thread.run(Thread.java:748)&#10;&quot;pool-218-thread-54&quot;  prio=5 tid=2764 in Object.wait()&#10;java.lang.Thread.State: WAITING (on object monitor)&#10;        at sun.misc.Unsafe.park(Native Method)&#10;        at java.util.concurrent.locks.LockSupport.park(LockSupport.java:175)&#10;        at java.util.concurrent.locks.AbstractQueuedSynchronizer$ConditionObject.await(AbstractQueuedSynchronizer.java:2039)&#10;        at java.util.concurrent.ArrayBlockingQueue.take(ArrayBlockingQueue.java:403)&#10;        at java.util.concurrent.ThreadPoolExecutor.getTask(ThreadPoolExecutor.java:1074)&#10;        at java.util.concurrent.ThreadPoolExecutor.runWorker(ThreadPoolExecutor.java:1134)&#10;        at java.util.concurrent.ThreadPoolExecutor$Worker.run(ThreadPoolExecutor.java:624)&#10;        at java.lang.Thread.run(Thread.java:748)&#10;&quot;9ac24c7e-7e4f-4cef-ab0e-298cb71ae60d@group-12721B264F3B-SegmentedRaftLogWorker&quot;  prio=5 tid=3116 timed_waiting&#10;java.lang.Thread.State: TIMED_WAITING&#10;        at sun.misc.Unsafe.park(Native Method)&#10;        at java.util.concurrent.locks.LockSupport.parkNanos(LockSupport.java:215)&#10;        at java.util.concurrent.locks.AbstractQueuedSynchronizer$ConditionObject.awaitNanos(AbstractQueuedSynchronizer.java:2078)&#10;        at org.apache.ratis.util.DataBlockingQueue.poll(DataBlockingQueue.java:137)&#10;        at org.apache.ratis.server.raftlog.segmented.SegmentedRaftLogWorker.run(SegmentedRaftLogWorker.java:282)&#10;        at java.lang.Thread.run(Thread.java:748)&#10;&quot;pool-198-thread-44&quot;  prio=5 tid=2630 in Object.wait()&#10;java.lang.Thread.State: WAITING (on object monitor)&#10;        at sun.misc.Unsafe.park(Native Method)&#10;        at java.util.concurrent.locks.LockSupport.park(LockSupport.java:175)&#10;        at java.util.concurrent.locks.AbstractQueuedSynchronizer$ConditionObject.await(AbstractQueuedSynchronizer.java:2039)&#10;        at java.util.concurrent.ArrayBlockingQueue.take(ArrayBlockingQueue.java:403)&#10;        at java.util.concurrent.ThreadPoolExecutor.getTask(ThreadPoolExecutor.java:1074)&#10;        at java.util.concurrent.ThreadPoolExecutor.runWorker(ThreadPoolExecutor.java:1134)&#10;        at java.util.concurrent.ThreadPoolExecutor$Worker.run(ThreadPoolExecutor.java:624)&#10;        at java.lang.Thread.run(Thread.java:748)&#10;&quot;pool-198-thread-3&quot;  prio=5 tid=2589 in Object.wait()&#10;java.lang.Thread.State: WAITING (on object monitor)&#10;        at sun.misc.Unsafe.park(Native Method)&#10;        at java.util.concurrent.locks.LockSupport.park(LockSupport.java:175)&#10;        at java.util.concurrent.locks.AbstractQueuedSynchronizer$ConditionObject.await(AbstractQueuedSynchronizer.java:2039)&#10;        at java.util.concurrent.ArrayBlockingQueue.take(ArrayBlockingQueue.java:403)&#10;        at java.util.concurrent.ThreadPoolExecutor.getTask(ThreadPoolExecutor.java:1074)&#10;        at java.util.concurrent.ThreadPoolExecutor.runWorker(ThreadPoolExecutor.java:1134)&#10;        at java.util.concurrent.ThreadPoolExecutor$Worker.run(ThreadPoolExecutor.java:624)&#10;        at java.lang.Thread.run(Thread.java:748)&#10;&quot;qtp377667724-1998&quot; daemon prio=5 tid=1998 timed_waiting&#10;java.lang.Thread.State: TIMED_WAITING&#10;        at sun.misc.Unsafe.park(Native Method)&#10;        at java.util.concurrent.locks.LockSupport.parkNanos(LockSupport.java:215)&#10;        at java.util.concurrent.locks.AbstractQueuedSynchronizer$ConditionObject.awaitNanos(AbstractQueuedSynchronizer.java:2078)&#10;        at org.eclipse.jetty.util.BlockingArrayQueue.poll(BlockingArrayQueue.java:392)&#10;        at org.eclipse.jetty.util.thread.QueuedThreadPool.idleJobPoll(QueuedThreadPool.java:563)&#10;        at org.eclipse.jetty.util.thread.QueuedThreadPool.access$800(QueuedThreadPool.java:48)&#10;        at org.eclipse.jetty.util.thread.QueuedThreadPool$2.run(QueuedThreadPool.java:626)&#10;        at java.lang.Thread.run(Thread.java:748)&#10;&quot;org.eclipse.jetty.server.session.HashSessionManager@388d14eTimer&quot; daemon prio=5 tid=2158 timed_waiting&#10;java.lang.Thread.State: TIMED_WAITING&#10;        at sun.misc.Unsafe.park(Native Method)&#10;        at java.util.concurrent.locks.LockSupport.parkNanos(LockSupport.java:215)&#10;        at java.util.concurrent.locks.AbstractQueuedSynchronizer$ConditionObject.awaitNanos(AbstractQueuedSynchronizer.java:2078)&#10;        at java.util.concurrent.ScheduledThreadPoolExecutor$DelayedWorkQueue.take(ScheduledThreadPoolExecutor.java:1093)&#10;        at java.util.concurrent.ScheduledThreadPoolExecutor$DelayedWorkQueue.take(ScheduledThreadPoolExecutor.java:809)&#10;        at java.util.concurrent.ThreadPoolExecutor.getTask(ThreadPoolExecutor.java:1074)&#10;        at java.util.concurrent.ThreadPoolExecutor.runWorker(ThreadPoolExecutor.java:1134)&#10;        at java.util.concurrent.ThreadPoolExecutor$Worker.run(ThreadPoolExecutor.java:624)&#10;        at java.lang.Thread.run(Thread.java:748)&#10;&quot;Thread-1570&quot; daemon prio=5 tid=3229 timed_waiting&#10;java.lang.Thread.State: TIMED_WAITING&#10;        at sun.misc.Unsafe.park(Native Method)&#10;        at java.util.concurrent.locks.LockSupport.parkNanos(LockSupport.java:215)&#10;        at java.util.concurrent.locks.AbstractQueuedSynchronizer$ConditionObject.awaitNanos(AbstractQueuedSynchronizer.java:2078)&#10;        at java.util.concurrent.ArrayBlockingQueue.poll(ArrayBlockingQueue.java:418)&#10;        at org.apache.ratis.server.impl.LeaderState$EventQueue.poll(LeaderState.java:115)&#10;        at org.apache.ratis.server.impl.LeaderState$EventProcessor.run(LeaderState.java:467)&#10;&quot;pool-168-thread-22&quot;  prio=5 tid=2422 in Object.wait()&#10;java.lang.Thread.State: WAITING (on object monitor)&#10;        at sun.misc.Unsafe.park(Native Method)&#10;        at java.util.concurrent.locks.LockSupport.park(LockSupport.java:175)&#10;        at java.util.concurrent.locks.AbstractQueuedSynchronizer$ConditionObject.await(AbstractQueuedSynchronizer.java:2039)&#10;        at java.util.concurrent.ArrayBlockingQueue.take(ArrayBlockingQueue.java:403)&#10;        at java.util.concurrent.ThreadPoolExecutor.getTask(ThreadPoolExecutor.java:1074)&#10;        at java.util.concurrent.ThreadPoolExecutor.runWorker(ThreadPoolExecutor.java:1134)&#10;        at java.util.concurrent.ThreadPoolExecutor$Worker.run(ThreadPoolExecutor.java:624)&#10;        at java.lang.Thread.run(Thread.java:748)&#10;&quot;pool-218-thread-19&quot;  prio=5 tid=2729 in Object.wait()&#10;java.lang.Thread.State: WAITING (on object monitor)&#10;        at sun.misc.Unsafe.park(Native Method)&#10;        at java.util.concurrent.locks.LockSupport.park(LockSupport.java:175)&#10;        at java.util.concurrent.locks.AbstractQueuedSynchronizer$ConditionObject.await(AbstractQueuedSynchronizer.java:2039)&#10;        at java.util.concurrent.ArrayBlockingQueue.take(ArrayBlockingQueue.java:403)&#10;        at java.util.concurrent.ThreadPoolExecutor.getTask(ThreadPoolExecutor.java:1074)&#10;        at java.util.concurrent.ThreadPoolExecutor.runWorker(ThreadPoolExecutor.java:1134)&#10;        at java.util.concurrent.ThreadPoolExecutor$Worker.run(ThreadPoolExecutor.java:624)&#10;        at java.lang.Thread.run(Thread.java:748)&#10;&quot;refreshUsed-/workdir/hadoop-ozone/integration-test/target/test-dir/MiniOzoneClusterImpl-8fc52630-20fd-4955-97d1-2a2852f9ee58/datanode-8/data/containers&quot; daemon prio=5 tid=2224 timed_waiting&#10;java.lang.Thread.State: TIMED_WAITING&#10;        at java.lang.Thread.sleep(Native Method)&#10;        at org.apache.hadoop.fs.CachingGetSpaceUsed$RefreshThread.run(CachingGetSpaceUsed.java:179)&#10;        at java.lang.Thread.run(Thread.java:748)&#10;&quot;eccb109f-99d1-4501-bb16-6ecf49b3cdca@group-529DDC391E9C-StateMachineUpdater&quot; daemon prio=5 tid=3131 in Object.wait()&#10;java.lang.Thread.State: WAITING (on object monitor)&#10;        at java.lang.Object.wait(Native Method)&#10;        at java.lang.Object.wait(Object.java:502)&#10;        at org.apache.ratis.server.impl.StateMachineUpdater.waitForCommit(StateMachineUpdater.java:194)&#10;        at org.apache.ratis.server.impl.StateMachineUpdater.run(StateMachineUpdater.java:159)&#10;        at java.lang.Thread.run(Thread.java:748)&#10;&quot;pool-238-thread-14&quot;  prio=5 tid=2848 in Object.wait()&#10;java.lang.Thread.State: WAITING (on object monitor)&#10;        at sun.misc.Unsafe.park(Native Method)&#10;        at java.util.concurrent.locks.LockSupport.park(LockSupport.java:175)&#10;        at java.util.concurrent.locks.AbstractQueuedSynchronizer$ConditionObject.await(AbstractQueuedSynchronizer.java:2039)&#10;        at java.util.concurrent.ArrayBlockingQueue.take(ArrayBlockingQueue.java:403)&#10;        at java.util.concurrent.ThreadPoolExecutor.getTask(ThreadPoolExecutor.java:1074)&#10;        at java.util.concurrent.ThreadPoolExecutor.runWorker(ThreadPoolExecutor.java:1134)&#10;        at java.util.concurrent.ThreadPoolExecutor$Worker.run(ThreadPoolExecutor.java:624)&#10;        at java.lang.Thread.run(Thread.java:748)&#10;&quot;pool-232-thread-1&quot;  prio=5 tid=2228 timed_waiting&#10;java.lang.Thread.State: TIMED_WAITING&#10;        at sun.misc.Unsafe.park(Native Method)&#10;        at java.util.concurrent.locks.LockSupport.parkNanos(LockSupport.java:215)&#10;        at java.util.concurrent.locks.AbstractQueuedSynchronizer$ConditionObject.awaitNanos(AbstractQueuedSynchronizer.java:2078)&#10;        at java.util.concurrent.ScheduledThreadPoolExecutor$DelayedWorkQueue.take(ScheduledThreadPoolExecutor.java:1093)&#10;        at java.util.concurrent.ScheduledThreadPoolExecutor$DelayedWorkQueue.take(ScheduledThreadPoolExecutor.java:809)&#10;        at java.util.concurrent.ThreadPoolExecutor.getTask(ThreadPoolExecutor.java:1074)&#10;        at java.util.concurrent.ThreadPoolExecutor.runWorker(ThreadPoolExecutor.java:1134)&#10;        at java.util.concurrent.ThreadPoolExecutor$Worker.run(ThreadPoolExecutor.java:624)&#10;        at java.lang.Thread.run(Thread.java:748)&#10;&quot;pool-218-thread-9&quot;  prio=5 tid=2719 in Object.wait()&#10;java.lang.Thread.State: WAITING (on object monitor)&#10;        at sun.misc.Unsafe.park(Native Method)&#10;        at java.util.concurrent.locks.LockSupport.park(LockSupport.java:175)&#10;        at java.util.concurrent.locks.AbstractQueuedSynchronizer$ConditionObject.await(AbstractQueuedSynchronizer.java:2039)&#10;        at java.util.concurrent.ArrayBlockingQueue.take(ArrayBlockingQueue.java:403)&#10;        at java.util.concurrent.ThreadPoolExecutor.getTask(ThreadPoolExecutor.java:1074)&#10;        at java.util.concurrent.ThreadPoolExecutor.runWorker(ThreadPoolExecutor.java:1134)&#10;        at java.util.concurrent.ThreadPoolExecutor$Worker.run(ThreadPoolExecutor.java:624)&#10;        at java.lang.Thread.run(Thread.java:748)&#10;&quot;PartialTableCache Cleanup Thread - 0&quot; daemon prio=5 tid=1331 in Object.wait()&#10;java.lang.Thread.State: WAITING (on object monitor)&#10;        at sun.misc.Unsafe.park(Native Method)&#10;        at java.util.concurrent.locks.LockSupport.park(LockSupport.java:175)&#10;        at java.util.concurrent.locks.AbstractQueuedSynchronizer$ConditionObject.await(AbstractQueuedSynchronizer.java:2039)&#10;        at java.util.concurrent.LinkedBlockingQueue.take(LinkedBlockingQueue.java:442)&#10;        at java.util.concurrent.ThreadPoolExecutor.getTask(ThreadPoolExecutor.java:1074)&#10;        at java.util.concurrent.ThreadPoolExecutor.runWorker(ThreadPoolExecutor.java:1134)&#10;        at java.util.concurrent.ThreadPoolExecutor$Worker.run(ThreadPoolExecutor.java:624)&#10;        at java.lang.Thread.run(Thread.java:748)&#10;&quot;pool-168-thread-12&quot;  prio=5 tid=2412 in Object.wait()&#10;java.lang.Thread.State: WAITING (on object monitor)&#10;        at sun.misc.Unsafe.park(Native Method)&#10;        at java.util.concurrent.locks.LockSupport.park(LockSupport.java:175)&#10;        at java.util.concurrent.locks.AbstractQueuedSynchronizer$ConditionObject.await(AbstractQueuedSynchronizer.java:2039)&#10;        at java.util.concurrent.ArrayBlockingQueue.take(ArrayBlockingQueue.java:403)&#10;        at java.util.concurrent.ThreadPoolExecutor.getTask(ThreadPoolExecutor.java:1074)&#10;        at java.util.concurrent.ThreadPoolExecutor.runWorker(ThreadPoolExecutor.java:1134)&#10;        at java.util.concurrent.ThreadPoolExecutor$Worker.run(ThreadPoolExecutor.java:624)&#10;        at java.lang.Thread.run(Thread.java:748)&#10;&quot;qtp377667724-2000&quot; daemon prio=5 tid=2000 timed_waiting&#10;java.lang.Thread.State: TIMED_WAITING&#10;        at sun.misc.Unsafe.park(Native Method)&#10;        at java.util.concurrent.locks.LockSupport.parkNanos(LockSupport.java:215)&#10;        at java.util.concurrent.locks.AbstractQueuedSynchronizer$ConditionObject.awaitNanos(AbstractQueuedSynchronizer.java:2078)&#10;        at org.eclipse.jetty.util.BlockingArrayQueue.poll(BlockingArrayQueue.java:392)&#10;        at org.eclipse.jetty.util.thread.QueuedThreadPool.idleJobPoll(QueuedThreadPool.java:563)&#10;        at org.eclipse.jetty.util.thread.QueuedThreadPool.access$800(QueuedThreadPool.java:48)&#10;        at org.eclipse.jetty.util.thread.QueuedThreadPool$2.run(QueuedThreadPool.java:626)&#10;        at java.lang.Thread.run(Thread.java:748)&#10;&quot;pool-238-thread-48&quot;  prio=5 tid=2882 in Object.wait()&#10;java.lang.Thread.State: WAITING (on object monitor)&#10;        at sun.misc.Unsafe.park(Native Method)&#10;        at java.util.concurrent.locks.LockSupport.park(LockSupport.java:175)&#10;        at java.util.concurrent.locks.AbstractQueuedSynchronizer$ConditionObject.await(AbstractQueuedSynchronizer.java:2039)&#10;        at java.util.concurrent.ArrayBlockingQueue.take(ArrayBlockingQueue.java:403)&#10;        at java.util.concurrent.ThreadPoolExecutor.getTask(ThreadPoolExecutor.java:1074)&#10;        at java.util.concurrent.ThreadPoolExecutor.runWorker(ThreadPoolExecutor.java:1134)&#10;        at java.util.concurrent.ThreadPoolExecutor$Worker.run(ThreadPoolExecutor.java:624)&#10;        at java.lang.Thread.run(Thread.java:748)&#10;&quot;qtp843410864-2176-acceptor-0@b16e629-ServerConnector@65bb6275{HTTP/1.1,[http/1.1]}{0.0.0.0:39963}&quot; daemon prio=3 tid=2176 runnable&#10;java.lang.Thread.State: RUNNABLE&#10;        at sun.nio.ch.ServerSocketChannelImpl.accept0(Native Method)&#10;        at sun.nio.ch.ServerSocketChannelImpl.accept(ServerSocketChannelImpl.java:422)&#10;        at sun.nio.ch.ServerSocketChannelImpl.accept(ServerSocketChannelImpl.java:250)&#10;        at org.eclipse.jetty.server.ServerConnector.accept(ServerConnector.java:397)&#10;        at org.eclipse.jetty.server.AbstractConnector$Acceptor.run(AbstractConnector.java:601)&#10;        at org.eclipse.jetty.util.thread.QueuedThreadPool.runJob(QueuedThreadPool.java:671)&#10;        at org.eclipse.jetty.util.thread.QueuedThreadPool$2.run(QueuedThreadPool.java:589)&#10;        at java.lang.Thread.run(Thread.java:748)&#10;&quot;eccb109f-99d1-4501-bb16-6ecf49b3cdca@group-F658B4985483-StateMachineUpdater&quot; daemon prio=5 tid=3161 in Object.wait()&#10;java.lang.Thread.State: WAITING (on object monitor)&#10;        at java.lang.Object.wait(Native Method)&#10;        at java.lang.Object.wait(Object.java:502)&#10;        at org.apache.ratis.server.impl.StateMachineUpdater.waitForCommit(StateMachineUpdater.java:194)&#10;        at org.apache.ratis.server.impl.StateMachineUpdater.run(StateMachineUpdater.java:159)&#10;        at java.lang.Thread.run(Thread.java:748)&#10;&quot;pool-198-thread-16&quot;  prio=5 tid=2602 in Object.wait()&#10;java.lang.Thread.State: WAITING (on object monitor)&#10;        at sun.misc.Unsafe.park(Native Method)&#10;        at java.util.concurrent.locks.LockSupport.park(LockSupport.java:175)&#10;        at java.util.concurrent.locks.AbstractQueuedSynchronizer$ConditionObject.await(AbstractQueuedSynchronizer.java:2039)&#10;        at java.util.concurrent.ArrayBlockingQueue.take(ArrayBlockingQueue.java:403)&#10;        at java.util.concurrent.ThreadPoolExecutor.getTask(ThreadPoolExecutor.java:1074)&#10;        at java.util.concurrent.ThreadPoolExecutor.runWorker(ThreadPoolExecutor.java:1134)&#10;        at java.util.concurrent.ThreadPoolExecutor$Worker.run(ThreadPoolExecutor.java:624)&#10;        at java.lang.Thread.run(Thread.java:748)&#10;&quot;Periodic HDDS volume checker&quot;  prio=5 tid=2060 timed_waiting&#10;java.lang.Thread.State: TIMED_WAITING&#10;        at sun.misc.Unsafe.park(Native Method)&#10;        at java.util.concurrent.locks.LockSupport.parkNanos(LockSupport.java:215)&#10;        at java.util.concurrent.locks.AbstractQueuedSynchronizer$ConditionObject.awaitNanos(AbstractQueuedSynchronizer.java:2078)&#10;        at java.util.concurrent.ScheduledThreadPoolExecutor$DelayedWorkQueue.take(ScheduledThreadPoolExecutor.java:1093)&#10;        at java.util.concurrent.ScheduledThreadPoolExecutor$DelayedWorkQueue.take(ScheduledThreadPoolExecutor.java:809)&#10;        at java.util.concurrent.ThreadPoolExecutor.getTask(ThreadPoolExecutor.java:1074)&#10;        at java.util.concurrent.ThreadPoolExecutor.runWorker(ThreadPoolExecutor.java:1134)&#10;        at java.util.concurrent.ThreadPoolExecutor$Worker.run(ThreadPoolExecutor.java:624)&#10;        at java.lang.Thread.run(Thread.java:748)&#10;&quot;Datanode ReportManager Thread - 1&quot; daemon prio=5 tid=280 in Object.wait()&#10;java.lang.Thread.State: WAITING (on object monitor)&#10;        at sun.misc.Unsafe.park(Native Method)&#10;        at java.util.concurrent.locks.LockSupport.park(LockSupport.java:175)&#10;        at java.util.concurrent.locks.AbstractQueuedSynchronizer$ConditionObject.await(AbstractQueuedSynchronizer.java:2039)&#10;        at java.util.concurrent.ScheduledThreadPoolExecutor$DelayedWorkQueue.take(ScheduledThreadPoolExecutor.java:1088)&#10;        at java.util.concurrent.ScheduledThreadPoolExecutor$DelayedWorkQueue.take(ScheduledThreadPoolExecutor.java:809)&#10;        at java.util.concurrent.ThreadPoolExecutor.getTask(ThreadPoolExecutor.java:1074)&#10;        at java.util.concurrent.ThreadPoolExecutor.runWorker(ThreadPoolExecutor.java:1134)&#10;        at java.util.concurrent.ThreadPoolExecutor$Worker.run(ThreadPoolExecutor.java:624)&#10;        at java.lang.Thread.run(Thread.java:748)&#10;&quot;pool-228-thread-17&quot;  prio=5 tid=2789 in Object.wait()&#10;java.lang.Thread.State: WAITING (on object monitor)&#10;        at sun.misc.Unsafe.park(Native Method)&#10;        at java.util.concurrent.locks.LockSupport.park(LockSupport.java:175)&#10;        at java.util.concurrent.locks.AbstractQueuedSynchronizer$ConditionObject.await(AbstractQueuedSynchronizer.java:2039)&#10;        at java.util.concurrent.ArrayBlockingQueue.take(ArrayBlockingQueue.java:403)&#10;        at java.util.concurrent.ThreadPoolExecutor.getTask(ThreadPoolExecutor.java:1074)&#10;        at java.util.concurrent.ThreadPoolExecutor.runWorker(ThreadPoolExecutor.java:1134)&#10;        at java.util.concurrent.ThreadPoolExecutor$Worker.run(ThreadPoolExecutor.java:624)&#10;        at java.lang.Thread.run(Thread.java:748)&#10;&quot;pool-168-thread-6&quot;  prio=5 tid=2406 in Object.wait()&#10;java.lang.Thread.State: WAITING (on object monitor)&#10;        at sun.misc.Unsafe.park(Native Method)&#10;        at java.util.concurrent.locks.LockSupport.park(LockSupport.java:175)&#10;        at java.util.concurrent.locks.AbstractQueuedSynchronizer$ConditionObject.await(AbstractQueuedSynchronizer.java:2039)&#10;        at java.util.concurrent.ArrayBlockingQueue.take(ArrayBlockingQueue.java:403)&#10;        at java.util.concurrent.ThreadPoolExecutor.getTask(ThreadPoolExecutor.java:1074)&#10;        at java.util.concurrent.ThreadPoolExecutor.runWorker(ThreadPoolExecutor.java:1134)&#10;        at java.util.concurrent.ThreadPoolExecutor$Worker.run(ThreadPoolExecutor.java:624)&#10;        at java.lang.Thread.run(Thread.java:748)&#10;&quot;qtp843410864-2180&quot; daemon prio=5 tid=2180 timed_waiting&#10;java.lang.Thread.State: TIMED_WAITING&#10;        at sun.misc.Unsafe.park(Native Method)&#10;        at java.util.concurrent.locks.LockSupport.parkNanos(LockSupport.java:215)&#10;        at java.util.concurrent.locks.AbstractQueuedSynchronizer$ConditionObject.awaitNanos(AbstractQueuedSynchronizer.java:2078)&#10;        at org.eclipse.jetty.util.BlockingArrayQueue.poll(BlockingArrayQueue.java:392)&#10;        at org.eclipse.jetty.util.thread.QueuedThreadPool.idleJobPoll(QueuedThreadPool.java:563)&#10;        at org.eclipse.jetty.util.thread.QueuedThreadPool.access$800(QueuedThreadPool.java:48)&#10;        at org.eclipse.jetty.util.thread.QueuedThreadPool$2.run(QueuedThreadPool.java:626)&#10;        at java.lang.Thread.run(Thread.java:748)&#10;&quot;org.eclipse.jetty.server.session.HashSessionManager@2eda072Timer&quot; daemon prio=5 tid=2184 timed_waiting&#10;java.lang.Thread.State: TIMED_WAITING&#10;        at sun.misc.Unsafe.park(Native Method)&#10;        at java.util.concurrent.locks.LockSupport.parkNanos(LockSupport.java:215)&#10;        at java.util.concurrent.locks.AbstractQueuedSynchronizer$ConditionObject.awaitNanos(AbstractQueuedSynchronizer.java:2078)&#10;        at java.util.concurrent.ScheduledThreadPoolExecutor$DelayedWorkQueue.take(ScheduledThreadPoolExecutor.java:1093)&#10;        at java.util.concurrent.ScheduledThreadPoolExecutor$DelayedWorkQueue.take(ScheduledThreadPoolExecutor.java:809)&#10;        at java.util.concurrent.ThreadPoolExecutor.getTask(ThreadPoolExecutor.java:1074)&#10;        at java.util.concurrent.ThreadPoolExecutor.runWorker(ThreadPoolExecutor.java:1134)&#10;        at java.util.concurrent.ThreadPoolExecutor$Worker.run(ThreadPoolExecutor.java:624)&#10;        at java.lang.Thread.run(Thread.java:748)&#10;&quot;process reaper&quot; daemon prio=10 tid=10 timed_waiting&#10;java.lang.Thread.State: TIMED_WAITING&#10;        at sun.misc.Unsafe.park(Native Method)&#10;        at java.util.concurrent.locks.LockSupport.parkNanos(LockSupport.java:215)&#10;        at java.util.concurrent.SynchronousQueue$TransferStack.awaitFulfill(SynchronousQueue.java:460)&#10;        at java.util.concurrent.SynchronousQueue$TransferStack.transfer(SynchronousQueue.java:362)&#10;        at java.util.concurrent.SynchronousQueue.poll(SynchronousQueue.java:941)&#10;        at java.util.concurrent.ThreadPoolExecutor.getTask(ThreadPoolExecutor.java:1073)&#10;        at java.util.concurrent.ThreadPoolExecutor.runWorker(ThreadPoolExecutor.java:1134)&#10;        at java.util.concurrent.ThreadPoolExecutor$Worker.run(ThreadPoolExecutor.java:624)&#10;        at java.lang.Thread.run(Thread.java:748)&#10;&quot;pool-208-thread-48&quot;  prio=5 tid=2696 in Object.wait()&#10;java.lang.Thread.State: WAITING (on object monitor)&#10;        at sun.misc.Unsafe.park(Native Method)&#10;        at java.util.concurrent.locks.LockSupport.park(LockSupport.java:175)&#10;        at java.util.concurrent.locks.AbstractQueuedSynchronizer$ConditionObject.await(AbstractQueuedSynchronizer.java:2039)&#10;        at java.util.concurrent.ArrayBlockingQueue.take(ArrayBlockingQueue.java:403)&#10;        at java.util.concurrent.ThreadPoolExecutor.getTask(ThreadPoolExecutor.java:1074)&#10;        at java.util.concurrent.ThreadPoolExecutor.runWorker(ThreadPoolExecutor.java:1134)&#10;        at java.util.concurrent.ThreadPoolExecutor$Worker.run(ThreadPoolExecutor.java:624)&#10;        at java.lang.Thread.run(Thread.java:748)&#10;&quot;IPC Server handler 3 on 45410&quot; daemon prio=5 tid=1975 timed_waiting&#10;java.lang.Thread.State: TIMED_WAITING&#10;        at sun.misc.Unsafe.park(Native Method)&#10;        at java.util.concurrent.locks.LockSupport.parkNanos(LockSupport.java:215)&#10;        at java.util.concurrent.locks.AbstractQueuedSynchronizer$ConditionObject.awaitNanos(AbstractQueuedSynchronizer.java:2078)&#10;        at java.util.concurrent.LinkedBlockingQueue.poll(LinkedBlockingQueue.java:467)&#10;        at org.apache.hadoop.ipc.CallQueueManager.take(CallQueueManager.java:288)&#10;        at org.apache.hadoop.ipc.Server$Handler.run(Server.java:2668)&#10;&quot;pool-208-thread-40&quot;  prio=5 tid=2688 in Object.wait()&#10;java.lang.Thread.State: WAITING (on object monitor)&#10;        at sun.misc.Unsafe.park(Native Method)&#10;        at java.util.concurrent.locks.LockSupport.park(LockSupport.java:175)&#10;        at java.util.concurrent.locks.AbstractQueuedSynchronizer$ConditionObject.await(AbstractQueuedSynchronizer.java:2039)&#10;        at java.util.concurrent.ArrayBlockingQueue.take(ArrayBlockingQueue.java:403)&#10;        at java.util.concurrent.ThreadPoolExecutor.getTask(ThreadPoolExecutor.java:1074)&#10;        at java.util.concurrent.ThreadPoolExecutor.runWorker(ThreadPoolExecutor.java:1134)&#10;        at java.util.concurrent.ThreadPoolExecutor$Worker.run(ThreadPoolExecutor.java:624)&#10;        at java.lang.Thread.run(Thread.java:748)&#10;&quot;org.apache.hadoop.util.JvmPauseMonitor$Monitor@4a46a7c5&quot; daemon prio=5 tid=2273 timed_waiting&#10;java.lang.Thread.State: TIMED_WAITING&#10;        at java.lang.Thread.sleep(Native Method)&#10;        at org.apache.hadoop.util.JvmPauseMonitor$Monitor.run(JvmPauseMonitor.java:192)&#10;        at java.lang.Thread.run(Thread.java:748)&#10;&quot;Timer-1&quot; daemon prio=5 tid=149 timed_waiting&#10;java.lang.Thread.State: TIMED_WAITING&#10;        at java.lang.Object.wait(Native Method)&#10;        at java.util.TimerThread.mainLoop(Timer.java:552)&#10;        at java.util.TimerThread.run(Timer.java:505)&#10;&quot;PartialTableCache Cleanup Thread - 0&quot; daemon prio=5 tid=3075 in Object.wait()&#10;java.lang.Thread.State: WAITING (on object monitor)&#10;        at sun.misc.Unsafe.park(Native Method)&#10;        at java.util.concurrent.locks.LockSupport.park(LockSupport.java:175)&#10;        at java.util.concurrent.locks.AbstractQueuedSynchronizer$ConditionObject.await(AbstractQueuedSynchronizer.java:2039)&#10;        at java.util.concurrent.LinkedBlockingQueue.take(LinkedBlockingQueue.java:442)&#10;        at java.util.concurrent.ThreadPoolExecutor.getTask(ThreadPoolExecutor.java:1074)&#10;        at java.util.concurrent.ThreadPoolExecutor.runWorker(ThreadPoolExecutor.java:1134)&#10;        at java.util.concurrent.ThreadPoolExecutor$Worker.run(ThreadPoolExecutor.java:624)&#10;        at java.lang.Thread.run(Thread.java:748)&#10;&quot;pool-178-thread-37&quot;  prio=5 tid=2499 in Object.wait()&#10;java.lang.Thread.State: WAITING (on object monitor)&#10;        at sun.misc.Unsafe.park(Native Method)&#10;        at java.util.concurrent.locks.LockSupport.park(LockSupport.java:175)&#10;        at java.util.concurrent.locks.AbstractQueuedSynchronizer$ConditionObject.await(AbstractQueuedSynchronizer.java:2039)&#10;        at java.util.concurrent.ArrayBlockingQueue.take(ArrayBlockingQueue.java:403)&#10;        at java.util.concurrent.ThreadPoolExecutor.getTask(ThreadPoolExecutor.java:1074)&#10;        at java.util.concurrent.ThreadPoolExecutor.runWorker(ThreadPoolExecutor.java:1134)&#10;        at java.util.concurrent.ThreadPoolExecutor$Worker.run(ThreadPoolExecutor.java:624)&#10;        at java.lang.Thread.run(Thread.java:748)&#10;&quot;DataNode DiskChecker thread 0&quot; daemon prio=5 tid=2063 timed_waiting&#10;java.lang.Thread.State: TIMED_WAITING&#10;        at sun.misc.Unsafe.park(Native Method)&#10;        at java.util.concurrent.locks.LockSupport.parkNanos(LockSupport.java:215)&#10;        at java.util.concurrent.SynchronousQueue$TransferStack.awaitFulfill(SynchronousQueue.java:460)&#10;        at java.util.concurrent.SynchronousQueue$TransferStack.transfer(SynchronousQueue.java:362)&#10;        at java.util.concurrent.SynchronousQueue.poll(SynchronousQueue.java:941)&#10;        at java.util.concurrent.ThreadPoolExecutor.getTask(ThreadPoolExecutor.java:1073)&#10;        at java.util.concurrent.ThreadPoolExecutor.runWorker(ThreadPoolExecutor.java:1134)&#10;        at java.util.concurrent.ThreadPoolExecutor$Worker.run(ThreadPoolExecutor.java:624)&#10;        at java.lang.Thread.run(Thread.java:748)&#10;&quot;pool-218-thread-18&quot;  prio=5 tid=2728 in Object.wait()&#10;java.lang.Thread.State: WAITING (on object monitor)&#10;        at sun.misc.Unsafe.park(Native Method)&#10;        at java.util.concurrent.locks.LockSupport.park(LockSupport.java:175)&#10;        at java.util.concurrent.locks.AbstractQueuedSynchronizer$ConditionObject.await(AbstractQueuedSynchronizer.java:2039)&#10;        at java.util.concurrent.ArrayBlockingQueue.take(ArrayBlockingQueue.java:403)&#10;        at java.util.concurrent.ThreadPoolExecutor.getTask(ThreadPoolExecutor.java:1074)&#10;        at java.util.concurrent.ThreadPoolExecutor.runWorker(ThreadPoolExecutor.java:1134)&#10;        at java.util.concurrent.ThreadPoolExecutor$Worker.run(ThreadPoolExecutor.java:624)&#10;        at java.lang.Thread.run(Thread.java:748)&#10;&quot;pool-186-thread-1&quot; daemon prio=5 tid=2118 timed_waiting&#10;java.lang.Thread.State: TIMED_WAITING&#10;        at sun.misc.Unsafe.park(Native Method)&#10;        at java.util.concurrent.locks.LockSupport.parkNanos(LockSupport.java:215)&#10;        at java.util.concurrent.locks.AbstractQueuedSynchronizer$ConditionObject.awaitNanos(AbstractQueuedSynchronizer.java:2078)&#10;        at java.util.concurrent.ScheduledThreadPoolExecutor$DelayedWorkQueue.take(ScheduledThreadPoolExecutor.java:1093)&#10;        at java.util.concurrent.ScheduledThreadPoolExecutor$DelayedWorkQueue.take(ScheduledThreadPoolExecutor.java:809)&#10;        at java.util.concurrent.ThreadPoolExecutor.getTask(ThreadPoolExecutor.java:1074)&#10;        at java.util.concurrent.ThreadPoolExecutor.runWorker(ThreadPoolExecutor.java:1134)&#10;        at java.util.concurrent.ThreadPoolExecutor$Worker.run(ThreadPoolExecutor.java:624)&#10;        at java.lang.Thread.run(Thread.java:748)&#10;&quot;IPC Server handler 12 on 40581&quot; daemon prio=5 tid=1921 timed_waiting&#10;java.lang.Thread.State: TIMED_WAITING&#10;        at sun.misc.Unsafe.park(Native Method)&#10;        at java.util.concurrent.locks.LockSupport.parkNanos(LockSupport.java:215)&#10;        at java.util.concurrent.locks.AbstractQueuedSynchronizer$ConditionObject.awaitNanos(AbstractQueuedSynchronizer.java:2078)&#10;        at java.util.concurrent.LinkedBlockingQueue.poll(LinkedBlockingQueue.java:467)&#10;        at org.apache.hadoop.ipc.CallQueueManager.take(CallQueueManager.java:288)&#10;        at org.apache.hadoop.ipc.Server$Handler.run(Server.java:2668)&#10;&quot;pool-228-thread-1&quot;  prio=5 tid=2773 in Object.wait()&#10;java.lang.Thread.State: WAITING (on object monitor)&#10;        at sun.misc.Unsafe.park(Native Method)&#10;        at java.util.concurrent.locks.LockSupport.park(LockSupport.java:175)&#10;        at java.util.concurrent.locks.AbstractQueuedSynchronizer$ConditionObject.await(AbstractQueuedSynchronizer.java:2039)&#10;        at java.util.concurrent.ArrayBlockingQueue.take(ArrayBlockingQueue.java:403)&#10;        at java.util.concurrent.ThreadPoolExecutor.getTask(ThreadPoolExecutor.java:1074)&#10;        at java.util.concurrent.ThreadPoolExecutor.runWorker(ThreadPoolExecutor.java:1134)&#10;        at java.util.concurrent.ThreadPoolExecutor$Worker.run(ThreadPoolExecutor.java:624)&#10;        at java.lang.Thread.run(Thread.java:748)&#10;&quot;pool-198-thread-30&quot;  prio=5 tid=2616 in Object.wait()&#10;java.lang.Thread.State: WAITING (on object monitor)&#10;        at sun.misc.Unsafe.park(Native Method)&#10;        at java.util.concurrent.locks.LockSupport.park(LockSupport.java:175)&#10;        at java.util.concurrent.locks.AbstractQueuedSynchronizer$ConditionObject.await(AbstractQueuedSynchronizer.java:2039)&#10;        at java.util.concurrent.ArrayBlockingQueue.take(ArrayBlockingQueue.java:403)&#10;        at java.util.concurrent.ThreadPoolExecutor.getTask(ThreadPoolExecutor.java:1074)&#10;        at java.util.concurrent.ThreadPoolExecutor.runWorker(ThreadPoolExecutor.java:1134)&#10;        at java.util.concurrent.ThreadPoolExecutor$Worker.run(ThreadPoolExecutor.java:624)&#10;        at java.lang.Thread.run(Thread.java:748)&#10;&quot;IPC Server handler 8 on 45410&quot; daemon prio=5 tid=1980 timed_waiting&#10;java.lang.Thread.State: TIMED_WAITING&#10;        at sun.misc.Unsafe.park(Native Method)&#10;        at java.util.concurrent.locks.LockSupport.parkNanos(LockSupport.java:215)&#10;        at java.util.concurrent.locks.AbstractQueuedSynchronizer$ConditionObject.awaitNanos(AbstractQueuedSynchronizer.java:2078)&#10;        at java.util.concurrent.LinkedBlockingQueue.poll(LinkedBlockingQueue.java:467)&#10;        at org.apache.hadoop.ipc.CallQueueManager.take(CallQueueManager.java:288)&#10;        at org.apache.hadoop.ipc.Server$Handler.run(Server.java:2668)&#10;&quot;pool-148-thread-4&quot;  prio=5 tid=2279 in Object.wait()&#10;java.lang.Thread.State: WAITING (on object monitor)&#10;        at sun.misc.Unsafe.park(Native Method)&#10;        at java.util.concurrent.locks.LockSupport.park(LockSupport.java:175)&#10;        at java.util.concurrent.locks.AbstractQueuedSynchronizer$ConditionObject.await(AbstractQueuedSynchronizer.java:2039)&#10;        at java.util.concurrent.ArrayBlockingQueue.take(ArrayBlockingQueue.java:403)&#10;        at java.util.concurrent.ThreadPoolExecutor.getTask(ThreadPoolExecutor.java:1074)&#10;        at java.util.concurrent.ThreadPoolExecutor.runWorker(ThreadPoolExecutor.java:1134)&#10;        at java.util.concurrent.ThreadPoolExecutor$Worker.run(ThreadPoolExecutor.java:624)&#10;        at java.lang.Thread.run(Thread.java:748)&#10;&quot;0bfc3546-5406-43b9-8d67-9a12bf5503d8@group-5812CD6E2952-SegmentedRaftLogWorker&quot;  prio=5 tid=3185 timed_waiting&#10;java.lang.Thread.State: TIMED_WAITING&#10;        at sun.misc.Unsafe.park(Native Method)&#10;        at java.util.concurrent.locks.LockSupport.parkNanos(LockSupport.java:215)&#10;        at java.util.concurrent.locks.AbstractQueuedSynchronizer$ConditionObject.awaitNanos(AbstractQueuedSynchronizer.java:2078)&#10;        at org.apache.ratis.util.DataBlockingQueue.poll(DataBlockingQueue.java:137)&#10;        at org.apache.ratis.server.raftlog.segmented.SegmentedRaftLogWorker.run(SegmentedRaftLogWorker.java:282)&#10;        at java.lang.Thread.run(Thread.java:748)&#10;&quot;pool-178-thread-58&quot;  prio=5 tid=2520 in Object.wait()&#10;java.lang.Thread.State: WAITING (on object monitor)&#10;        at sun.misc.Unsafe.park(Native Method)&#10;        at java.util.concurrent.locks.LockSupport.park(LockSupport.java:175)&#10;        at java.util.concurrent.locks.AbstractQueuedSynchronizer$ConditionObject.await(AbstractQueuedSynchronizer.java:2039)&#10;        at java.util.concurrent.ArrayBlockingQueue.take(ArrayBlockingQueue.java:403)&#10;        at java.util.concurrent.ThreadPoolExecutor.getTask(ThreadPoolExecutor.java:1074)&#10;        at java.util.concurrent.ThreadPoolExecutor.runWorker(ThreadPoolExecutor.java:1134)&#10;        at java.util.concurrent.ThreadPoolExecutor$Worker.run(ThreadPoolExecutor.java:624)&#10;        at java.lang.Thread.run(Thread.java:748)&#10;&quot;pool-168-thread-14&quot;  prio=5 tid=2414 in Object.wait()&#10;java.lang.Thread.State: WAITING (on object monitor)&#10;        at sun.misc.Unsafe.park(Native Method)&#10;        at java.util.concurrent.locks.LockSupport.park(LockSupport.java:175)&#10;        at java.util.concurrent.locks.AbstractQueuedSynchronizer$ConditionObject.await(AbstractQueuedSynchronizer.java:2039)&#10;        at java.util.concurrent.ArrayBlockingQueue.take(ArrayBlockingQueue.java:403)&#10;        at java.util.concurrent.ThreadPoolExecutor.getTask(ThreadPoolExecutor.java:1074)&#10;        at java.util.concurrent.ThreadPoolExecutor.runWorker(ThreadPoolExecutor.java:1134)&#10;        at java.util.concurrent.ThreadPoolExecutor$Worker.run(ThreadPoolExecutor.java:624)&#10;        at java.lang.Thread.run(Thread.java:748)&#10;&quot;Datanode ReportManager Thread - 1&quot; daemon prio=5 tid=2215 timed_waiting&#10;java.lang.Thread.State: TIMED_WAITING&#10;        at sun.misc.Unsafe.park(Native Method)&#10;        at java.util.concurrent.locks.LockSupport.parkNanos(LockSupport.java:215)&#10;        at java.util.concurrent.locks.AbstractQueuedSynchronizer$ConditionObject.awaitNanos(AbstractQueuedSynchronizer.java:2078)&#10;        at java.util.concurrent.ScheduledThreadPoolExecutor$DelayedWorkQueue.take(ScheduledThreadPoolExecutor.java:1093)&#10;        at java.util.concurrent.ScheduledThreadPoolExecutor$DelayedWorkQueue.take(ScheduledThreadPoolExecutor.java:809)&#10;        at java.util.concurrent.ThreadPoolExecutor.getTask(ThreadPoolExecutor.java:1074)&#10;        at java.util.concurrent.ThreadPoolExecutor.runWorker(ThreadPoolExecutor.java:1134)&#10;        at java.util.concurrent.ThreadPoolExecutor$Worker.run(ThreadPoolExecutor.java:624)&#10;        at java.lang.Thread.run(Thread.java:748)&#10;&quot;Datanode ReportManager Thread - 0&quot; daemon prio=5 tid=360 timed_waiting&#10;java.lang.Thread.State: TIMED_WAITING&#10;        at sun.misc.Unsafe.park(Native Method)&#10;        at java.util.concurrent.locks.LockSupport.parkNanos(LockSupport.java:215)&#10;        at java.util.concurrent.locks.AbstractQueuedSynchronizer$ConditionObject.awaitNanos(AbstractQueuedSynchronizer.java:2078)&#10;        at java.util.concurrent.ScheduledThreadPoolExecutor$DelayedWorkQueue.take(ScheduledThreadPoolExecutor.java:1093)&#10;        at java.util.concurrent.ScheduledThreadPoolExecutor$DelayedWorkQueue.take(ScheduledThreadPoolExecutor.java:809)&#10;        at java.util.concurrent.ThreadPoolExecutor.getTask(ThreadPoolExecutor.java:1074)&#10;        at java.util.concurrent.ThreadPoolExecutor.runWorker(ThreadPoolExecutor.java:1134)&#10;        at java.util.concurrent.ThreadPoolExecutor$Worker.run(ThreadPoolExecutor.java:624)&#10;        at java.lang.Thread.run(Thread.java:748)&#10;&quot;pool-188-thread-37&quot;  prio=5 tid=2561 in Object.wait()&#10;java.lang.Thread.State: WAITING (on object monitor)&#10;        at sun.misc.Unsafe.park(Native Method)&#10;        at java.util.concurrent.locks.LockSupport.park(LockSupport.java:175)&#10;        at java.util.concurrent.locks.AbstractQueuedSynchronizer$ConditionObject.await(AbstractQueuedSynchronizer.java:2039)&#10;        at java.util.concurrent.ArrayBlockingQueue.take(ArrayBlockingQueue.java:403)&#10;        at java.util.concurrent.ThreadPoolExecutor.getTask(ThreadPoolExecutor.java:1074)&#10;        at java.util.concurrent.ThreadPoolExecutor.runWorker(ThreadPoolExecutor.java:1134)&#10;        at java.util.concurrent.ThreadPoolExecutor$Worker.run(ThreadPoolExecutor.java:624)&#10;        at java.lang.Thread.run(Thread.java:748)&#10;&quot;pool-192-thread-1&quot;  prio=5 tid=2120 timed_waiting&#10;java.lang.Thread.State: TIMED_WAITING&#10;        at sun.misc.Unsafe.park(Native Method)&#10;        at java.util.concurrent.locks.LockSupport.parkNanos(LockSupport.java:215)&#10;        at java.util.concurrent.locks.AbstractQueuedSynchronizer$ConditionObject.awaitNanos(AbstractQueuedSynchronizer.java:2078)&#10;        at java.util.concurrent.ScheduledThreadPoolExecutor$DelayedWorkQueue.take(ScheduledThreadPoolExecutor.java:1093)&#10;        at java.util.concurrent.ScheduledThreadPoolExecutor$DelayedWorkQueue.take(ScheduledThreadPoolExecutor.java:809)&#10;        at java.util.concurrent.ThreadPoolExecutor.getTask(ThreadPoolExecutor.java:1074)&#10;        at java.util.concurrent.ThreadPoolExecutor.runWorker(ThreadPoolExecutor.java:1134)&#10;        at java.util.concurrent.ThreadPoolExecutor$Worker.run(ThreadPoolExecutor.java:624)&#10;        at java.lang.Thread.run(Thread.java:748)&#10;&quot;qtp377667724-1995&quot; daemon prio=5 tid=1995 timed_waiting&#10;java.lang.Thread.State: TIMED_WAITING&#10;        at sun.misc.Unsafe.park(Native Method)&#10;        at java.util.concurrent.locks.LockSupport.parkNanos(LockSupport.java:215)&#10;        at java.util.concurrent.locks.AbstractQueuedSynchronizer$ConditionObject.awaitNanos(AbstractQueuedSynchronizer.java:2078)&#10;        at org.eclipse.jetty.util.BlockingArrayQueue.poll(BlockingArrayQueue.java:392)&#10;        at org.eclipse.jetty.util.thread.QueuedThreadPool.idleJobPoll(QueuedThreadPool.java:563)&#10;        at org.eclipse.jetty.util.thread.QueuedThreadPool.access$800(QueuedThreadPool.java:48)&#10;        at org.eclipse.jetty.util.thread.QueuedThreadPool$2.run(QueuedThreadPool.java:626)&#10;        at java.lang.Thread.run(Thread.java:748)&#10;&quot;pool-228-thread-43&quot;  prio=5 tid=2815 in Object.wait()&#10;java.lang.Thread.State: WAITING (on object monitor)&#10;        at sun.misc.Unsafe.park(Native Method)&#10;        at java.util.concurrent.locks.LockSupport.park(LockSupport.java:175)&#10;        at java.util.concurrent.locks.AbstractQueuedSynchronizer$ConditionObject.await(AbstractQueuedSynchronizer.java:2039)&#10;        at java.util.concurrent.ArrayBlockingQueue.take(ArrayBlockingQueue.java:403)&#10;        at java.util.concurrent.ThreadPoolExecutor.getTask(ThreadPoolExecutor.java:1074)&#10;        at java.util.concurrent.ThreadPoolExecutor.runWorker(ThreadPoolExecutor.java:1134)&#10;        at java.util.concurrent.ThreadPoolExecutor$Worker.run(ThreadPoolExecutor.java:624)&#10;        at java.lang.Thread.run(Thread.java:748)&#10;&quot;pool-148-thread-13&quot;  prio=5 tid=2288 in Object.wait()&#10;java.lang.Thread.State: WAITING (on object monitor)&#10;        at sun.misc.Unsafe.park(Native Method)&#10;        at java.util.concurrent.locks.LockSupport.park(LockSupport.java:175)&#10;        at java.util.concurrent.locks.AbstractQueuedSynchronizer$ConditionObject.await(AbstractQueuedSynchronizer.java:2039)&#10;        at java.util.concurrent.ArrayBlockingQueue.take(ArrayBlockingQueue.java:403)&#10;        at java.util.concurrent.ThreadPoolExecutor.getTask(ThreadPoolExecutor.java:1074)&#10;        at java.util.concurrent.ThreadPoolExecutor.runWorker(ThreadPoolExecutor.java:1134)&#10;        at java.util.concurrent.ThreadPoolExecutor$Worker.run(ThreadPoolExecutor.java:624)&#10;        at java.lang.Thread.run(Thread.java:748)&#10;&quot;org.apache.hadoop.util.JvmPauseMonitor$Monitor@70deb45e&quot; daemon prio=5 tid=2111 timed_waiting&#10;java.lang.Thread.State: TIMED_WAITING&#10;        at java.lang.Thread.sleep(Native Method)&#10;        at org.apache.hadoop.util.JvmPauseMonitor$Monitor.run(JvmPauseMonitor.java:192)&#10;        at java.lang.Thread.run(Thread.java:748)&#10;&quot;pool-208-thread-34&quot;  prio=5 tid=2682 in Object.wait()&#10;java.lang.Thread.State: WAITING (on object monitor)&#10;        at sun.misc.Unsafe.park(Native Method)&#10;        at java.util.concurrent.locks.LockSupport.park(LockSupport.java:175)&#10;        at java.util.concurrent.locks.AbstractQueuedSynchronizer$ConditionObject.await(AbstractQueuedSynchronizer.java:2039)&#10;        at java.util.concurrent.ArrayBlockingQueue.take(ArrayBlockingQueue.java:403)&#10;        at java.util.concurrent.ThreadPoolExecutor.getTask(ThreadPoolExecutor.java:1074)&#10;        at java.util.concurrent.ThreadPoolExecutor.runWorker(ThreadPoolExecutor.java:1134)&#10;        at java.util.concurrent.ThreadPoolExecutor$Worker.run(ThreadPoolExecutor.java:624)&#10;        at java.lang.Thread.run(Thread.java:748)&#10;&quot;pool-218-thread-8&quot;  prio=5 tid=2718 in Object.wait()&#10;java.lang.Thread.State: WAITING (on object monitor)&#10;        at sun.misc.Unsafe.park(Native Method)&#10;        at java.util.concurrent.locks.LockSupport.park(LockSupport.java:175)&#10;        at java.util.concurrent.locks.AbstractQueuedSynchronizer$ConditionObject.await(AbstractQueuedSynchronizer.java:2039)&#10;        at java.util.concurrent.ArrayBlockingQueue.take(ArrayBlockingQueue.java:403)&#10;        at java.util.concurrent.ThreadPoolExecutor.getTask(ThreadPoolExecutor.java:1074)&#10;        at java.util.concurrent.ThreadPoolExecutor.runWorker(ThreadPoolExecutor.java:1134)&#10;        at java.util.concurrent.ThreadPoolExecutor$Worker.run(ThreadPoolExecutor.java:624)&#10;        at java.lang.Thread.run(Thread.java:748)&#10;&quot;pool-178-thread-7&quot;  prio=5 tid=2469 in Object.wait()&#10;java.lang.Thread.State: WAITING (on object monitor)&#10;        at sun.misc.Unsafe.park(Native Method)&#10;        at java.util.concurrent.locks.LockSupport.park(LockSupport.java:175)&#10;        at java.util.concurrent.locks.AbstractQueuedSynchronizer$ConditionObject.await(AbstractQueuedSynchronizer.java:2039)&#10;        at java.util.concurrent.ArrayBlockingQueue.take(ArrayBlockingQueue.java:403)&#10;        at java.util.concurrent.ThreadPoolExecutor.getTask(ThreadPoolExecutor.java:1074)&#10;        at java.util.concurrent.ThreadPoolExecutor.runWorker(ThreadPoolExecutor.java:1134)&#10;        at java.util.concurrent.ThreadPoolExecutor$Worker.run(ThreadPoolExecutor.java:624)&#10;        at java.lang.Thread.run(Thread.java:748)&#10;&quot;pool-158-thread-47&quot;  prio=5 tid=2385 in Object.wait()&#10;java.lang.Thread.State: WAITING (on object monitor)&#10;        at sun.misc.Unsafe.park(Native Method)&#10;        at java.util.concurrent.locks.LockSupport.park(LockSupport.java:175)&#10;        at java.util.concurrent.locks.AbstractQueuedSynchronizer$ConditionObject.await(AbstractQueuedSynchronizer.java:2039)&#10;        at java.util.concurrent.ArrayBlockingQueue.take(ArrayBlockingQueue.java:403)&#10;        at java.util.concurrent.ThreadPoolExecutor.getTask(ThreadPoolExecutor.java:1074)&#10;        at java.util.concurrent.ThreadPoolExecutor.runWorker(ThreadPoolExecutor.java:1134)&#10;        at java.util.concurrent.ThreadPoolExecutor$Worker.run(ThreadPoolExecutor.java:624)&#10;        at java.lang.Thread.run(Thread.java:748)&#10;&quot;pool-209-thread-1&quot;  prio=5 tid=2963 in Object.wait()&#10;java.lang.Thread.State: WAITING (on object monitor)&#10;        at sun.misc.Unsafe.park(Native Method)&#10;        at java.util.concurrent.locks.LockSupport.park(LockSupport.java:175)&#10;        at java.util.concurrent.locks.AbstractQueuedSynchronizer$ConditionObject.await(AbstractQueuedSynchronizer.java:2039)&#10;        at java.util.concurrent.LinkedBlockingQueue.take(LinkedBlockingQueue.java:442)&#10;        at java.util.concurrent.ThreadPoolExecutor.getTask(ThreadPoolExecutor.java:1074)&#10;        at java.util.concurrent.ThreadPoolExecutor.runWorker(ThreadPoolExecutor.java:1134)&#10;        at java.util.concurrent.ThreadPoolExecutor$Worker.run(ThreadPoolExecutor.java:624)&#10;        at java.lang.Thread.run(Thread.java:748)&#10;&quot;pool-158-thread-55&quot;  prio=5 tid=2393 in Object.wait()&#10;java.lang.Thread.State: WAITING (on object monitor)&#10;        at sun.misc.Unsafe.park(Native Method)&#10;        at java.util.concurrent.locks.LockSupport.park(LockSupport.java:175)&#10;        at java.util.concurrent.locks.AbstractQueuedSynchronizer$ConditionObject.await(AbstractQueuedSynchronizer.java:2039)&#10;        at java.util.concurrent.ArrayBlockingQueue.take(ArrayBlockingQueue.java:403)&#10;        at java.util.concurrent.ThreadPoolExecutor.getTask(ThreadPoolExecutor.java:1074)&#10;        at java.util.concurrent.ThreadPoolExecutor.runWorker(ThreadPoolExecutor.java:1134)&#10;        at java.util.concurrent.ThreadPoolExecutor$Worker.run(ThreadPoolExecutor.java:624)&#10;        at java.lang.Thread.run(Thread.java:748)&#10;&quot;pool-188-thread-19&quot;  prio=5 tid=2543 in Object.wait()&#10;java.lang.Thread.State: WAITING (on object monitor)&#10;        at sun.misc.Unsafe.park(Native Method)&#10;        at java.util.concurrent.locks.LockSupport.park(LockSupport.java:175)&#10;        at java.util.concurrent.locks.AbstractQueuedSynchronizer$ConditionObject.await(AbstractQueuedSynchronizer.java:2039)&#10;        at java.util.concurrent.ArrayBlockingQueue.take(ArrayBlockingQueue.java:403)&#10;        at java.util.concurrent.ThreadPoolExecutor.getTask(ThreadPoolExecutor.java:1074)&#10;        at java.util.concurrent.ThreadPoolExecutor.runWorker(ThreadPoolExecutor.java:1134)&#10;        at java.util.concurrent.ThreadPoolExecutor$Worker.run(ThreadPoolExecutor.java:624)&#10;        at java.lang.Thread.run(Thread.java:748)&#10;&quot;org.eclipse.jetty.server.session.HashSessionManager@57a6a933Timer&quot; daemon prio=5 tid=2211 timed_waiting&#10;java.lang.Thread.State: TIMED_WAITING&#10;        at sun.misc.Unsafe.park(Native Method)&#10;        at java.util.concurrent.locks.LockSupport.parkNanos(LockSupport.java:215)&#10;        at java.util.concurrent.locks.AbstractQueuedSynchronizer$ConditionObject.awaitNanos(AbstractQueuedSynchronizer.java:2078)&#10;        at java.util.concurrent.ScheduledThreadPoolExecutor$DelayedWorkQueue.take(ScheduledThreadPoolExecutor.java:1093)&#10;        at java.util.concurrent.ScheduledThreadPoolExecutor$DelayedWorkQueue.take(ScheduledThreadPoolExecutor.java:809)&#10;        at java.util.concurrent.ThreadPoolExecutor.getTask(ThreadPoolExecutor.java:1074)&#10;        at java.util.concurrent.ThreadPoolExecutor.runWorker(ThreadPoolExecutor.java:1134)&#10;        at java.util.concurrent.ThreadPoolExecutor$Worker.run(ThreadPoolExecutor.java:624)&#10;        at java.lang.Thread.run(Thread.java:748)&#10;&quot;pool-208-thread-22&quot;  prio=5 tid=2670 in Object.wait()&#10;java.lang.Thread.State: WAITING (on object monitor)&#10;        at sun.misc.Unsafe.park(Native Method)&#10;        at java.util.concurrent.locks.LockSupport.park(LockSupport.java:175)&#10;        at java.util.concurrent.locks.AbstractQueuedSynchronizer$ConditionObject.await(AbstractQueuedSynchronizer.java:2039)&#10;        at java.util.concurrent.ArrayBlockingQueue.take(ArrayBlockingQueue.java:403)&#10;        at java.util.concurrent.ThreadPoolExecutor.getTask(ThreadPoolExecutor.java:1074)&#10;        at java.util.concurrent.ThreadPoolExecutor.runWorker(ThreadPoolExecutor.java:1134)&#10;        at java.util.concurrent.ThreadPoolExecutor$Worker.run(ThreadPoolExecutor.java:624)&#10;        at java.lang.Thread.run(Thread.java:748)&#10;&quot;pool-178-thread-39&quot;  prio=5 tid=2501 in Object.wait()&#10;java.lang.Thread.State: WAITING (on object monitor)&#10;        at sun.misc.Unsafe.park(Native Method)&#10;        at java.util.concurrent.locks.LockSupport.park(LockSupport.java:175)&#10;        at java.util.concurrent.locks.AbstractQueuedSynchronizer$ConditionObject.await(AbstractQueuedSynchronizer.java:2039)&#10;        at java.util.concurrent.ArrayBlockingQueue.take(ArrayBlockingQueue.java:403)&#10;        at java.util.concurrent.ThreadPoolExecutor.getTask(ThreadPoolExecutor.java:1074)&#10;        at java.util.concurrent.ThreadPoolExecutor.runWorker(ThreadPoolExecutor.java:1134)&#10;        at java.util.concurrent.ThreadPoolExecutor$Worker.run(ThreadPoolExecutor.java:624)&#10;        at java.lang.Thread.run(Thread.java:748)&#10;&quot;pool-238-thread-12&quot;  prio=5 tid=2846 in Object.wait()&#10;java.lang.Thread.State: WAITING (on object monitor)&#10;        at sun.misc.Unsafe.park(Native Method)&#10;        at java.util.concurrent.locks.LockSupport.park(LockSupport.java:175)&#10;        at java.util.concurrent.locks.AbstractQueuedSynchronizer$ConditionObject.await(AbstractQueuedSynchronizer.java:2039)&#10;        at java.util.concurrent.ArrayBlockingQueue.take(ArrayBlockingQueue.java:403)&#10;        at java.util.concurrent.ThreadPoolExecutor.getTask(ThreadPoolExecutor.java:1074)&#10;        at java.util.concurrent.ThreadPoolExecutor.runWorker(ThreadPoolExecutor.java:1134)&#10;        at java.util.concurrent.ThreadPoolExecutor$Worker.run(ThreadPoolExecutor.java:624)&#10;        at java.lang.Thread.run(Thread.java:748)&#10;&quot;pool-158-thread-8&quot;  prio=5 tid=2346 in Object.wait()&#10;java.lang.Thread.State: WAITING (on object monitor)&#10;        at sun.misc.Unsafe.park(Native Method)&#10;        at java.util.concurrent.locks.LockSupport.park(LockSupport.java:175)&#10;        at java.util.concurrent.locks.AbstractQueuedSynchronizer$ConditionObject.await(AbstractQueuedSynchronizer.java:2039)&#10;        at java.util.concurrent.ArrayBlockingQueue.take(ArrayBlockingQueue.java:403)&#10;        at java.util.concurrent.ThreadPoolExecutor.getTask(ThreadPoolExecutor.java:1074)&#10;        at java.util.concurrent.ThreadPoolExecutor.runWorker(ThreadPoolExecutor.java:1134)&#10;        at java.util.concurrent.ThreadPoolExecutor$Worker.run(ThreadPoolExecutor.java:624)&#10;        at java.lang.Thread.run(Thread.java:748)&#10;&quot;IPC Server handler 17 on 35120&quot; daemon prio=5 tid=1906 timed_waiting&#10;java.lang.Thread.State: TIMED_WAITING&#10;        at sun.misc.Unsafe.park(Native Method)&#10;        at java.util.concurrent.locks.LockSupport.parkNanos(LockSupport.java:215)&#10;        at java.util.concurrent.locks.AbstractQueuedSynchronizer$ConditionObject.awaitNanos(AbstractQueuedSynchronizer.java:2078)&#10;        at java.util.concurrent.LinkedBlockingQueue.poll(LinkedBlockingQueue.java:467)&#10;        at org.apache.hadoop.ipc.CallQueueManager.take(CallQueueManager.java:288)&#10;        at org.apache.hadoop.ipc.Server$Handler.run(Server.java:2668)&#10;&quot;pool-188-thread-42&quot;  prio=5 tid=2566 in Object.wait()&#10;java.lang.Thread.State: WAITING (on object monitor)&#10;        at sun.misc.Unsafe.park(Native Method)&#10;        at java.util.concurrent.locks.LockSupport.park(LockSupport.java:175)&#10;        at java.util.concurrent.locks.AbstractQueuedSynchronizer$ConditionObject.await(AbstractQueuedSynchronizer.java:2039)&#10;        at java.util.concurrent.ArrayBlockingQueue.take(ArrayBlockingQueue.java:403)&#10;        at java.util.concurrent.ThreadPoolExecutor.getTask(ThreadPoolExecutor.java:1074)&#10;        at java.util.concurrent.ThreadPoolExecutor.runWorker(ThreadPoolExecutor.java:1134)&#10;        at java.util.concurrent.ThreadPoolExecutor$Worker.run(ThreadPoolExecutor.java:624)&#10;        at java.lang.Thread.run(Thread.java:748)&#10;&quot;qtp1583082378-2236&quot; daemon prio=5 tid=2236 timed_waiting&#10;java.lang.Thread.State: TIMED_WAITING&#10;        at sun.misc.Unsafe.park(Native Method)&#10;        at java.util.concurrent.locks.LockSupport.parkNanos(LockSupport.java:215)&#10;        at java.util.concurrent.locks.AbstractQueuedSynchronizer$ConditionObject.awaitNanos(AbstractQueuedSynchronizer.java:2078)&#10;        at org.eclipse.jetty.util.BlockingArrayQueue.poll(BlockingArrayQueue.java:392)&#10;        at org.eclipse.jetty.util.thread.QueuedThreadPool.idleJobPoll(QueuedThreadPool.java:563)&#10;        at org.eclipse.jetty.util.thread.QueuedThreadPool.access$800(QueuedThreadPool.java:48)&#10;        at org.eclipse.jetty.util.thread.QueuedThreadPool$2.run(QueuedThreadPool.java:626)&#10;        at java.lang.Thread.run(Thread.java:748)&#10;&quot;pool-198-thread-32&quot;  prio=5 tid=2618 in Object.wait()&#10;java.lang.Thread.State: WAITING (on object monitor)&#10;        at sun.misc.Unsafe.park(Native Method)&#10;        at java.util.concurrent.locks.LockSupport.park(LockSupport.java:175)&#10;        at java.util.concurrent.locks.AbstractQueuedSynchronizer$ConditionObject.await(AbstractQueuedSynchronizer.java:2039)&#10;        at java.util.concurrent.ArrayBlockingQueue.take(ArrayBlockingQueue.java:403)&#10;        at java.util.concurrent.ThreadPoolExecutor.getTask(ThreadPoolExecutor.java:1074)&#10;        at java.util.concurrent.ThreadPoolExecutor.runWorker(ThreadPoolExecutor.java:1134)&#10;        at java.util.concurrent.ThreadPoolExecutor$Worker.run(ThreadPoolExecutor.java:624)&#10;        at java.lang.Thread.run(Thread.java:748)&#10;&quot;pool-198-thread-26&quot;  prio=5 tid=2612 in Object.wait()&#10;java.lang.Thread.State: WAITING (on object monitor)&#10;        at sun.misc.Unsafe.park(Native Method)&#10;        at java.util.concurrent.locks.LockSupport.park(LockSupport.java:175)&#10;        at java.util.concurrent.locks.AbstractQueuedSynchronizer$ConditionObject.await(AbstractQueuedSynchronizer.java:2039)&#10;        at java.util.concurrent.ArrayBlockingQueue.take(ArrayBlockingQueue.java:403)&#10;        at java.util.concurrent.ThreadPoolExecutor.getTask(ThreadPoolExecutor.java:1074)&#10;        at java.util.concurrent.ThreadPoolExecutor.runWorker(ThreadPoolExecutor.java:1134)&#10;        at java.util.concurrent.ThreadPoolExecutor$Worker.run(ThreadPoolExecutor.java:624)&#10;        at java.lang.Thread.run(Thread.java:748)&#10;&quot;pool-228-thread-13&quot;  prio=5 tid=2785 in Object.wait()&#10;java.lang.Thread.State: WAITING (on object monitor)&#10;        at sun.misc.Unsafe.park(Native Method)&#10;        at java.util.concurrent.locks.LockSupport.park(LockSupport.java:175)&#10;        at java.util.concurrent.locks.AbstractQueuedSynchronizer$ConditionObject.await(AbstractQueuedSynchronizer.java:2039)&#10;        at java.util.concurrent.ArrayBlockingQueue.take(ArrayBlockingQueue.java:403)&#10;        at java.util.concurrent.ThreadPoolExecutor.getTask(ThreadPoolExecutor.java:1074)&#10;        at java.util.concurrent.ThreadPoolExecutor.runWorker(ThreadPoolExecutor.java:1134)&#10;        at java.util.concurrent.ThreadPoolExecutor$Worker.run(ThreadPoolExecutor.java:624)&#10;        at java.lang.Thread.run(Thread.java:748)&#10;&quot;BlockDeletingService#1&quot; daemon prio=5 tid=2710 in Object.wait()&#10;java.lang.Thread.State: WAITING (on object monitor)&#10;        at sun.misc.Unsafe.park(Native Method)&#10;        at java.util.concurrent.locks.LockSupport.park(LockSupport.java:175)&#10;        at java.util.concurrent.locks.AbstractQueuedSynchronizer$ConditionObject.await(AbstractQueuedSynchronizer.java:2039)&#10;        at java.util.concurrent.ScheduledThreadPoolExecutor$DelayedWorkQueue.take(ScheduledThreadPoolExecutor.java:1088)&#10;        at java.util.concurrent.ScheduledThreadPoolExecutor$DelayedWorkQueue.take(ScheduledThreadPoolExecutor.java:809)&#10;        at java.util.concurrent.ThreadPoolExecutor.getTask(ThreadPoolExecutor.java:1074)&#10;        at java.util.concurrent.ThreadPoolExecutor.runWorker(ThreadPoolExecutor.java:1134)&#10;        at java.util.concurrent.ThreadPoolExecutor$Worker.run(ThreadPoolExecutor.java:624)&#10;        at java.lang.Thread.run(Thread.java:748)&#10;&quot;pool-158-thread-20&quot;  prio=5 tid=2358 in Object.wait()&#10;java.lang.Thread.State: WAITING (on object monitor)&#10;        at sun.misc.Unsafe.park(Native Method)&#10;        at java.util.concurrent.locks.LockSupport.park(LockSupport.java:175)&#10;        at java.util.concurrent.locks.AbstractQueuedSynchronizer$ConditionObject.await(AbstractQueuedSynchronizer.java:2039)&#10;        at java.util.concurrent.ArrayBlockingQueue.take(ArrayBlockingQueue.java:403)&#10;        at java.util.concurrent.ThreadPoolExecutor.getTask(ThreadPoolExecutor.java:1074)&#10;        at java.util.concurrent.ThreadPoolExecutor.runWorker(ThreadPoolExecutor.java:1134)&#10;        at java.util.concurrent.ThreadPoolExecutor$Worker.run(ThreadPoolExecutor.java:624)&#10;        at java.lang.Thread.run(Thread.java:748)&#10;&quot;qtp843410864-2175&quot; daemon prio=5 tid=2175 runnable&#10;java.lang.Thread.State: RUNNABLE&#10;        at sun.nio.ch.EPollArrayWrapper.epollWait(Native Method)&#10;        at sun.nio.ch.EPollArrayWrapper.poll(EPollArrayWrapper.java:269)&#10;        at sun.nio.ch.EPollSelectorImpl.doSelect(EPollSelectorImpl.java:93)&#10;        at sun.nio.ch.SelectorImpl.lockAndDoSelect(SelectorImpl.java:86)&#10;        at sun.nio.ch.SelectorImpl.select(SelectorImpl.java:97)&#10;        at sun.nio.ch.SelectorImpl.select(SelectorImpl.java:101)&#10;        at org.eclipse.jetty.io.ManagedSelector$SelectorProducer.select(ManagedSelector.java:243)&#10;        at org.eclipse.jetty.io.ManagedSelector$SelectorProducer.produce(ManagedSelector.java:191)&#10;        at org.eclipse.jetty.util.thread.strategy.ExecuteProduceConsume.executeProduceConsume(ExecuteProduceConsume.java:249)&#10;        at org.eclipse.jetty.util.thread.strategy.ExecuteProduceConsume.produceConsume(ExecuteProduceConsume.java:148)&#10;        at org.eclipse.jetty.util.thread.strategy.ExecuteProduceConsume.execute(ExecuteProduceConsume.java:100)&#10;        at org.eclipse.jetty.io.ManagedSelector.run(ManagedSelector.java:147)&#10;        at org.eclipse.jetty.util.thread.QueuedThreadPool.runJob(QueuedThreadPool.java:671)&#10;        at org.eclipse.jetty.util.thread.QueuedThreadPool$2.run(QueuedThreadPool.java:589)&#10;        at java.lang.Thread.run(Thread.java:748)&#10;&quot;pool-208-thread-58&quot;  prio=5 tid=2706 in Object.wait()&#10;java.lang.Thread.State: WAITING (on object monitor)&#10;        at sun.misc.Unsafe.park(Native Method)&#10;        at java.util.concurrent.locks.LockSupport.park(LockSupport.java:175)&#10;        at java.util.concurrent.locks.AbstractQueuedSynchronizer$ConditionObject.await(AbstractQueuedSynchronizer.java:2039)&#10;        at java.util.concurrent.ArrayBlockingQueue.take(ArrayBlockingQueue.java:403)&#10;        at java.util.concurrent.ThreadPoolExecutor.getTask(ThreadPoolExecutor.java:1074)&#10;        at java.util.concurrent.ThreadPoolExecutor.runWorker(ThreadPoolExecutor.java:1134)&#10;        at java.util.concurrent.ThreadPoolExecutor$Worker.run(ThreadPoolExecutor.java:624)&#10;        at java.lang.Thread.run(Thread.java:748)&#10;&quot;pool-148-thread-25&quot;  prio=5 tid=2300 in Object.wait()&#10;java.lang.Thread.State: WAITING (on object monitor)&#10;        at sun.misc.Unsafe.park(Native Method)&#10;        at java.util.concurrent.locks.LockSupport.park(LockSupport.java:175)&#10;        at java.util.concurrent.locks.AbstractQueuedSynchronizer$ConditionObject.await(AbstractQueuedSynchronizer.java:2039)&#10;        at java.util.concurrent.ArrayBlockingQueue.take(ArrayBlockingQueue.java:403)&#10;        at java.util.concurrent.ThreadPoolExecutor.getTask(ThreadPoolExecutor.java:1074)&#10;        at java.util.concurrent.ThreadPoolExecutor.runWorker(ThreadPoolExecutor.java:1134)&#10;        at java.util.concurrent.ThreadPoolExecutor$Worker.run(ThreadPoolExecutor.java:624)&#10;        at java.lang.Thread.run(Thread.java:748)&#10;&quot;grpc-default-executor-6&quot; daemon prio=5 tid=1199 timed_waiting&#10;java.lang.Thread.State: TIMED_WAITING&#10;        at sun.misc.Unsafe.park(Native Method)&#10;        at java.util.concurrent.locks.LockSupport.parkNanos(LockSupport.java:215)&#10;        at java.util.concurrent.SynchronousQueue$TransferStack.awaitFulfill(SynchronousQueue.java:460)&#10;        at java.util.concurrent.SynchronousQueue$TransferStack.transfer(SynchronousQueue.java:362)&#10;        at java.util.concurrent.SynchronousQueue.poll(SynchronousQueue.java:941)&#10;        at java.util.concurrent.ThreadPoolExecutor.getTask(ThreadPoolExecutor.java:1073)&#10;        at java.util.concurrent.ThreadPoolExecutor.runWorker(ThreadPoolExecutor.java:1134)&#10;        at java.util.concurrent.ThreadPoolExecutor$Worker.run(ThreadPoolExecutor.java:624)&#10;        at java.lang.Thread.run(Thread.java:748)&#10;&quot;pool-208-thread-45&quot;  prio=5 tid=2693 in Object.wait()&#10;java.lang.Thread.State: WAITING (on object monitor)&#10;        at sun.misc.Unsafe.park(Native Method)&#10;        at java.util.concurrent.locks.LockSupport.park(LockSupport.java:175)&#10;        at java.util.concurrent.locks.AbstractQueuedSynchronizer$ConditionObject.await(AbstractQueuedSynchronizer.java:2039)&#10;        at java.util.concurrent.ArrayBlockingQueue.take(ArrayBlockingQueue.java:403)&#10;        at java.util.concurrent.ThreadPoolExecutor.getTask(ThreadPoolExecutor.java:1074)&#10;        at java.util.concurrent.ThreadPoolExecutor.runWorker(ThreadPoolExecutor.java:1134)&#10;        at java.util.concurrent.ThreadPoolExecutor$Worker.run(ThreadPoolExecutor.java:624)&#10;        at java.lang.Thread.run(Thread.java:748)&#10;&quot;pool-228-thread-54&quot;  prio=5 tid=2826 in Object.wait()&#10;java.lang.Thread.State: WAITING (on object monitor)&#10;        at sun.misc.Unsafe.park(Native Method)&#10;        at java.util.concurrent.locks.LockSupport.park(LockSupport.java:175)&#10;        at java.util.concurrent.locks.AbstractQueuedSynchronizer$ConditionObject.await(AbstractQueuedSynchronizer.java:2039)&#10;        at java.util.concurrent.ArrayBlockingQueue.take(ArrayBlockingQueue.java:403)&#10;        at java.util.concurrent.ThreadPoolExecutor.getTask(ThreadPoolExecutor.java:1074)&#10;        at java.util.concurrent.ThreadPoolExecutor.runWorker(ThreadPoolExecutor.java:1134)&#10;        at java.util.concurrent.ThreadPoolExecutor$Worker.run(ThreadPoolExecutor.java:624)&#10;        at java.lang.Thread.run(Thread.java:748)&#10;&quot;pool-218-thread-60&quot;  prio=5 tid=2770 in Object.wait()&#10;java.lang.Thread.State: WAITING (on object monitor)&#10;        at sun.misc.Unsafe.park(Native Method)&#10;        at java.util.concurrent.locks.LockSupport.park(LockSupport.java:175)&#10;        at java.util.concurrent.locks.AbstractQueuedSynchronizer$ConditionObject.await(AbstractQueuedSynchronizer.java:2039)&#10;        at java.util.concurrent.ArrayBlockingQueue.take(ArrayBlockingQueue.java:403)&#10;        at java.util.concurrent.ThreadPoolExecutor.getTask(ThreadPoolExecutor.java:1074)&#10;        at java.util.concurrent.ThreadPoolExecutor.runWorker(ThreadPoolExecutor.java:1134)&#10;        at java.util.concurrent.ThreadPoolExecutor$Worker.run(ThreadPoolExecutor.java:624)&#10;        at java.lang.Thread.run(Thread.java:748)&#10;&quot;org.eclipse.jetty.server.session.HashSessionManager@7209ffb5Timer&quot; daemon prio=5 tid=2022 timed_waiting&#10;java.lang.Thread.State: TIMED_WAITING&#10;        at sun.misc.Unsafe.park(Native Method)&#10;        at java.util.concurrent.locks.LockSupport.parkNanos(LockSupport.java:215)&#10;        at java.util.concurrent.locks.AbstractQueuedSynchronizer$ConditionObject.awaitNanos(AbstractQueuedSynchronizer.java:2078)&#10;        at java.util.concurrent.ScheduledThreadPoolExecutor$DelayedWorkQueue.take(ScheduledThreadPoolExecutor.java:1093)&#10;        at java.util.concurrent.ScheduledThreadPoolExecutor$DelayedWorkQueue.take(ScheduledThreadPoolExecutor.java:809)&#10;        at java.util.concurrent.ThreadPoolExecutor.getTask(ThreadPoolExecutor.java:1074)&#10;        at java.util.concurrent.ThreadPoolExecutor.runWorker(ThreadPoolExecutor.java:1134)&#10;        at java.util.concurrent.ThreadPoolExecutor$Worker.run(ThreadPoolExecutor.java:624)&#10;        at java.lang.Thread.run(Thread.java:748)&#10;&quot;pool-222-thread-1&quot;  prio=5 tid=2201 timed_waiting&#10;java.lang.Thread.State: TIMED_WAITING&#10;        at sun.misc.Unsafe.park(Native Method)&#10;        at java.util.concurrent.locks.LockSupport.parkNanos(LockSupport.java:215)&#10;        at java.util.concurrent.locks.AbstractQueuedSynchronizer$ConditionObject.awaitNanos(AbstractQueuedSynchronizer.java:2078)&#10;        at java.util.concurrent.ScheduledThreadPoolExecutor$DelayedWorkQueue.take(ScheduledThreadPoolExecutor.java:1093)&#10;        at java.util.concurrent.ScheduledThreadPoolExecutor$DelayedWorkQueue.take(ScheduledThreadPoolExecutor.java:809)&#10;        at java.util.concurrent.ThreadPoolExecutor.getTask(ThreadPoolExecutor.java:1074)&#10;        at java.util.concurrent.ThreadPoolExecutor.runWorker(ThreadPoolExecutor.java:1134)&#10;        at java.util.concurrent.ThreadPoolExecutor$Worker.run(ThreadPoolExecutor.java:624)&#10;        at java.lang.Thread.run(Thread.java:748)&#10;&quot;pool-218-thread-49&quot;  prio=5 tid=2759 in Object.wait()&#10;java.lang.Thread.State: WAITING (on object monitor)&#10;        at sun.misc.Unsafe.park(Native Method)&#10;        at java.util.concurrent.locks.LockSupport.park(LockSupport.java:175)&#10;        at java.util.concurrent.locks.AbstractQueuedSynchronizer$ConditionObject.await(AbstractQueuedSynchronizer.java:2039)&#10;        at java.util.concurrent.ArrayBlockingQueue.take(ArrayBlockingQueue.java:403)&#10;        at java.util.concurrent.ThreadPoolExecutor.getTask(ThreadPoolExecutor.java:1074)&#10;        at java.util.concurrent.ThreadPoolExecutor.runWorker(ThreadPoolExecutor.java:1134)&#10;        at java.util.concurrent.ThreadPoolExecutor$Worker.run(ThreadPoolExecutor.java:624)&#10;        at java.lang.Thread.run(Thread.java:748)&#10;&quot;pool-178-thread-59&quot;  prio=5 tid=2521 in Object.wait()&#10;java.lang.Thread.State: WAITING (on object monitor)&#10;        at sun.misc.Unsafe.park(Native Method)&#10;        at java.util.concurrent.locks.LockSupport.park(LockSupport.java:175)&#10;        at java.util.concurrent.locks.AbstractQueuedSynchronizer$ConditionObject.await(AbstractQueuedSynchronizer.java:2039)&#10;        at java.util.concurrent.ArrayBlockingQueue.take(ArrayBlockingQueue.java:403)&#10;        at java.util.concurrent.ThreadPoolExecutor.getTask(ThreadPoolExecutor.java:1074)&#10;        at java.util.concurrent.ThreadPoolExecutor.runWorker(ThreadPoolExecutor.java:1134)&#10;        at java.util.concurrent.ThreadPoolExecutor$Worker.run(ThreadPoolExecutor.java:624)&#10;        at java.lang.Thread.run(Thread.java:748)&#10;&quot;pool-178-thread-21&quot;  prio=5 tid=2483 in Object.wait()&#10;java.lang.Thread.State: WAITING (on object monitor)&#10;        at sun.misc.Unsafe.park(Native Method)&#10;        at java.util.concurrent.locks.LockSupport.park(LockSupport.java:175)&#10;        at java.util.concurrent.locks.AbstractQueuedSynchronizer$ConditionObject.await(AbstractQueuedSynchronizer.java:2039)&#10;        at java.util.concurrent.ArrayBlockingQueue.take(ArrayBlockingQueue.java:403)&#10;        at java.util.concurrent.ThreadPoolExecutor.getTask(ThreadPoolExecutor.java:1074)&#10;        at java.util.concurrent.ThreadPoolExecutor.runWorker(ThreadPoolExecutor.java:1134)&#10;        at java.util.concurrent.ThreadPoolExecutor$Worker.run(ThreadPoolExecutor.java:624)&#10;        at java.lang.Thread.run(Thread.java:748)&#10;&quot;pool-238-thread-15&quot;  prio=5 tid=2849 in Object.wait()&#10;java.lang.Thread.State: WAITING (on object monitor)&#10;        at sun.misc.Unsafe.park(Native Method)&#10;        at java.util.concurrent.locks.LockSupport.park(LockSupport.java:175)&#10;        at java.util.concurrent.locks.AbstractQueuedSynchronizer$ConditionObject.await(AbstractQueuedSynchronizer.java:2039)&#10;        at java.util.concurrent.ArrayBlockingQueue.take(ArrayBlockingQueue.java:403)&#10;        at java.util.concurrent.ThreadPoolExecutor.getTask(ThreadPoolExecutor.java:1074)&#10;        at java.util.concurrent.ThreadPoolExecutor.runWorker(ThreadPoolExecutor.java:1134)&#10;        at java.util.concurrent.ThreadPoolExecutor$Worker.run(ThreadPoolExecutor.java:624)&#10;        at java.lang.Thread.run(Thread.java:748)&#10;&quot;pool-148-thread-46&quot;  prio=5 tid=2321 in Object.wait()&#10;java.lang.Thread.State: WAITING (on object monitor)&#10;        at sun.misc.Unsafe.park(Native Method)&#10;        at java.util.concurrent.locks.LockSupport.park(LockSupport.java:175)&#10;        at java.util.concurrent.locks.AbstractQueuedSynchronizer$ConditionObject.await(AbstractQueuedSynchronizer.java:2039)&#10;        at java.util.concurrent.ArrayBlockingQueue.take(ArrayBlockingQueue.java:403)&#10;        at java.util.concurrent.ThreadPoolExecutor.getTask(ThreadPoolExecutor.java:1074)&#10;        at java.util.concurrent.ThreadPoolExecutor.runWorker(ThreadPoolExecutor.java:1134)&#10;        at java.util.concurrent.ThreadPoolExecutor$Worker.run(ThreadPoolExecutor.java:624)&#10;        at java.lang.Thread.run(Thread.java:748)&#10;&quot;pool-188-thread-60&quot;  prio=5 tid=2584 in Object.wait()&#10;java.lang.Thread.State: WAITING (on object monitor)&#10;        at sun.misc.Unsafe.park(Native Method)&#10;        at java.util.concurrent.locks.LockSupport.park(LockSupport.java:175)&#10;        at java.util.concurrent.locks.AbstractQueuedSynchronizer$ConditionObject.await(AbstractQueuedSynchronizer.java:2039)&#10;        at java.util.concurrent.ArrayBlockingQueue.take(ArrayBlockingQueue.java:403)&#10;        at java.util.concurrent.ThreadPoolExecutor.getTask(ThreadPoolExecutor.java:1074)&#10;        at java.util.concurrent.ThreadPoolExecutor.runWorker(ThreadPoolExecutor.java:1134)&#10;        at java.util.concurrent.ThreadPoolExecutor$Worker.run(ThreadPoolExecutor.java:624)&#10;        at java.lang.Thread.run(Thread.java:748)&#10;&quot;PartialTableCache Cleanup Thread - 0&quot; daemon prio=5 tid=1335 in Object.wait()&#10;java.lang.Thread.State: WAITING (on object monitor)&#10;        at sun.misc.Unsafe.park(Native Method)&#10;        at java.util.concurrent.locks.LockSupport.park(LockSupport.java:175)&#10;        at java.util.concurrent.locks.AbstractQueuedSynchronizer$ConditionObject.await(AbstractQueuedSynchronizer.java:2039)&#10;        at java.util.concurrent.LinkedBlockingQueue.take(LinkedBlockingQueue.java:442)&#10;        at java.util.concurrent.ThreadPoolExecutor.getTask(ThreadPoolExecutor.java:1074)&#10;        at java.util.concurrent.ThreadPoolExecutor.runWorker(ThreadPoolExecutor.java:1134)&#10;        at java.util.concurrent.ThreadPoolExecutor$Worker.run(ThreadPoolExecutor.java:624)&#10;        at java.lang.Thread.run(Thread.java:748)&#10;&quot;pool-208-thread-60&quot;  prio=5 tid=2708 in Object.wait()&#10;java.lang.Thread.State: WAITING (on object monitor)&#10;        at sun.misc.Unsafe.park(Native Method)&#10;        at java.util.concurrent.locks.LockSupport.park(LockSupport.java:175)&#10;        at java.util.concurrent.locks.AbstractQueuedSynchronizer$ConditionObject.await(AbstractQueuedSynchronizer.java:2039)&#10;        at java.util.concurrent.ArrayBlockingQueue.take(ArrayBlockingQueue.java:403)&#10;        at java.util.concurrent.ThreadPoolExecutor.getTask(ThreadPoolExecutor.java:1074)&#10;        at java.util.concurrent.ThreadPoolExecutor.runWorker(ThreadPoolExecutor.java:1134)&#10;        at java.util.concurrent.ThreadPoolExecutor$Worker.run(ThreadPoolExecutor.java:624)&#10;        at java.lang.Thread.run(Thread.java:748)&#10;&quot;qtp841721161-2074&quot; daemon prio=5 tid=2074 timed_waiting&#10;java.lang.Thread.State: TIMED_WAITING&#10;        at sun.misc.Unsafe.park(Native Method)&#10;        at java.util.concurrent.locks.LockSupport.parkNanos(LockSupport.java:215)&#10;        at java.util.concurrent.locks.AbstractQueuedSynchronizer$ConditionObject.awaitNanos(AbstractQueuedSynchronizer.java:2078)&#10;        at org.eclipse.jetty.util.BlockingArrayQueue.poll(BlockingArrayQueue.java:392)&#10;        at org.eclipse.jetty.util.thread.QueuedThreadPool.idleJobPoll(QueuedThreadPool.java:563)&#10;        at org.eclipse.jetty.util.thread.QueuedThreadPool.access$800(QueuedThreadPool.java:48)&#10;        at org.eclipse.jetty.util.thread.QueuedThreadPool$2.run(QueuedThreadPool.java:626)&#10;        at java.lang.Thread.run(Thread.java:748)&#10;&quot;pool-158-thread-50&quot;  prio=5 tid=2388 in Object.wait()&#10;java.lang.Thread.State: WAITING (on object monitor)&#10;        at sun.misc.Unsafe.park(Native Method)&#10;        at java.util.concurrent.locks.LockSupport.park(LockSupport.java:175)&#10;        at java.util.concurrent.locks.AbstractQueuedSynchronizer$ConditionObject.await(AbstractQueuedSynchronizer.java:2039)&#10;        at java.util.concurrent.ArrayBlockingQueue.take(ArrayBlockingQueue.java:403)&#10;        at java.util.concurrent.ThreadPoolExecutor.getTask(ThreadPoolExecutor.java:1074)&#10;        at java.util.concurrent.ThreadPoolExecutor.runWorker(ThreadPoolExecutor.java:1134)&#10;        at java.util.concurrent.ThreadPoolExecutor$Worker.run(ThreadPoolExecutor.java:624)&#10;        at java.lang.Thread.run(Thread.java:748)&#10;&quot;pool-208-thread-2&quot;  prio=5 tid=2650 in Object.wait()&#10;java.lang.Thread.State: WAITING (on object monitor)&#10;        at sun.misc.Unsafe.park(Native Method)&#10;        at java.util.concurrent.locks.LockSupport.park(LockSupport.java:175)&#10;        at java.util.concurrent.locks.AbstractQueuedSynchronizer$ConditionObject.await(AbstractQueuedSynchronizer.java:2039)&#10;        at java.util.concurrent.ArrayBlockingQueue.take(ArrayBlockingQueue.java:403)&#10;        at java.util.concurrent.ThreadPoolExecutor.getTask(ThreadPoolExecutor.java:1074)&#10;        at java.util.concurrent.ThreadPoolExecutor.runWorker(ThreadPoolExecutor.java:1134)&#10;        at java.util.concurrent.ThreadPoolExecutor$Worker.run(ThreadPoolExecutor.java:624)&#10;        at java.lang.Thread.run(Thread.java:748)&#10;&quot;pool-228-thread-37&quot;  prio=5 tid=2809 in Object.wait()&#10;java.lang.Thread.State: WAITING (on object monitor)&#10;        at sun.misc.Unsafe.park(Native Method)&#10;        at java.util.concurrent.locks.LockSupport.park(LockSupport.java:175)&#10;        at java.util.concurrent.locks.AbstractQueuedSynchronizer$ConditionObject.await(AbstractQueuedSynchronizer.java:2039)&#10;        at java.util.concurrent.ArrayBlockingQueue.take(ArrayBlockingQueue.java:403)&#10;        at java.util.concurrent.ThreadPoolExecutor.getTask(ThreadPoolExecutor.java:1074)&#10;        at java.util.concurrent.ThreadPoolExecutor.runWorker(ThreadPoolExecutor.java:1134)&#10;        at java.util.concurrent.ThreadPoolExecutor$Worker.run(ThreadPoolExecutor.java:624)&#10;        at java.lang.Thread.run(Thread.java:748)&#10;&quot;pool-168-thread-21&quot;  prio=5 tid=2421 in Object.wait()&#10;java.lang.Thread.State: WAITING (on object monitor)&#10;        at sun.misc.Unsafe.park(Native Method)&#10;        at java.util.concurrent.locks.LockSupport.park(LockSupport.java:175)&#10;        at java.util.concurrent.locks.AbstractQueuedSynchronizer$ConditionObject.await(AbstractQueuedSynchronizer.java:2039)&#10;        at java.util.concurrent.ArrayBlockingQueue.take(ArrayBlockingQueue.java:403)&#10;        at java.util.concurrent.ThreadPoolExecutor.getTask(ThreadPoolExecutor.java:1074)&#10;        at java.util.concurrent.ThreadPoolExecutor.runWorker(ThreadPoolExecutor.java:1134)&#10;        at java.util.concurrent.ThreadPoolExecutor$Worker.run(ThreadPoolExecutor.java:624)&#10;        at java.lang.Thread.run(Thread.java:748)&#10;&quot;qtp1583082378-2233&quot; daemon prio=5 tid=2233 timed_waiting&#10;java.lang.Thread.State: TIMED_WAITING&#10;        at sun.misc.Unsafe.park(Native Method)&#10;        at java.util.concurrent.locks.LockSupport.parkNanos(LockSupport.java:215)&#10;        at java.util.concurrent.locks.AbstractQueuedSynchronizer$ConditionObject.awaitNanos(AbstractQueuedSynchronizer.java:2078)&#10;        at org.eclipse.jetty.util.BlockingArrayQueue.poll(BlockingArrayQueue.java:392)&#10;        at org.eclipse.jetty.util.thread.QueuedThreadPool.idleJobPoll(QueuedThreadPool.java:563)&#10;        at org.eclipse.jetty.util.thread.QueuedThreadPool.access$800(QueuedThreadPool.java:48)&#10;        at org.eclipse.jetty.util.thread.QueuedThreadPool$2.run(QueuedThreadPool.java:626)&#10;        at java.lang.Thread.run(Thread.java:748)&#10;&quot;Datanode ReportManager Thread - 1&quot; daemon prio=5 tid=2053 in Object.wait()&#10;java.lang.Thread.State: WAITING (on object monitor)&#10;        at sun.misc.Unsafe.park(Native Method)&#10;        at java.util.concurrent.locks.LockSupport.park(LockSupport.java:175)&#10;        at java.util.concurrent.locks.AbstractQueuedSynchronizer$ConditionObject.await(AbstractQueuedSynchronizer.java:2039)&#10;        at java.util.concurrent.ScheduledThreadPoolExecutor$DelayedWorkQueue.take(ScheduledThreadPoolExecutor.java:1088)&#10;        at java.util.concurrent.ScheduledThreadPoolExecutor$DelayedWorkQueue.take(ScheduledThreadPoolExecutor.java:809)&#10;        at java.util.concurrent.ThreadPoolExecutor.getTask(ThreadPoolExecutor.java:1074)&#10;        at java.util.concurrent.ThreadPoolExecutor.runWorker(ThreadPoolExecutor.java:1134)&#10;        at java.util.concurrent.ThreadPoolExecutor$Worker.run(ThreadPoolExecutor.java:624)&#10;        at java.lang.Thread.run(Thread.java:748)&#10;&quot;pool-148-thread-9&quot;  prio=5 tid=2284 in Object.wait()&#10;java.lang.Thread.State: WAITING (on object monitor)&#10;        at sun.misc.Unsafe.park(Native Method)&#10;        at java.util.concurrent.locks.LockSupport.park(LockSupport.java:175)&#10;        at java.util.concurrent.locks.AbstractQueuedSynchronizer$ConditionObject.await(AbstractQueuedSynchronizer.java:2039)&#10;        at java.util.concurrent.ArrayBlockingQueue.take(ArrayBlockingQueue.java:403)&#10;        at java.util.concurrent.ThreadPoolExecutor.getTask(ThreadPoolExecutor.java:1074)&#10;        at java.util.concurrent.ThreadPoolExecutor.runWorker(ThreadPoolExecutor.java:1134)&#10;        at java.util.concurrent.ThreadPoolExecutor$Worker.run(ThreadPoolExecutor.java:624)&#10;        at java.lang.Thread.run(Thread.java:748)&#10;&quot;PartialTableCache Cleanup Thread - 0&quot; daemon prio=5 tid=3076 in Object.wait()&#10;java.lang.Thread.State: WAITING (on object monitor)&#10;        at sun.misc.Unsafe.park(Native Method)&#10;        at java.util.concurrent.locks.LockSupport.park(LockSupport.java:175)&#10;        at java.util.concurrent.locks.AbstractQueuedSynchronizer$ConditionObject.await(AbstractQueuedSynchronizer.java:2039)&#10;        at java.util.concurrent.LinkedBlockingQueue.take(LinkedBlockingQueue.java:442)&#10;        at java.util.concurrent.ThreadPoolExecutor.getTask(ThreadPoolExecutor.java:1074)&#10;        at java.util.concurrent.ThreadPoolExecutor.runWorker(ThreadPoolExecutor.java:1134)&#10;        at java.util.concurrent.ThreadPoolExecutor$Worker.run(ThreadPoolExecutor.java:624)&#10;        at java.lang.Thread.run(Thread.java:748)&#10;&quot;qtp270313690-2128&quot; daemon prio=5 tid=2128 timed_waiting&#10;java.lang.Thread.State: TIMED_WAITING&#10;        at sun.misc.Unsafe.park(Native Method)&#10;        at java.util.concurrent.locks.LockSupport.parkNanos(LockSupport.java:215)&#10;        at java.util.concurrent.locks.AbstractQueuedSynchronizer$ConditionObject.awaitNanos(AbstractQueuedSynchronizer.java:2078)&#10;        at org.eclipse.jetty.util.BlockingArrayQueue.poll(BlockingArrayQueue.java:392)&#10;        at org.eclipse.jetty.util.thread.QueuedThreadPool.idleJobPoll(QueuedThreadPool.java:563)&#10;        at org.eclipse.jetty.util.thread.QueuedThreadPool.access$800(QueuedThreadPool.java:48)&#10;        at org.eclipse.jetty.util.thread.QueuedThreadPool$2.run(QueuedThreadPool.java:626)&#10;        at java.lang.Thread.run(Thread.java:748)&#10;&quot;pool-148-thread-11&quot;  prio=5 tid=2286 in Object.wait()&#10;java.lang.Thread.State: WAITING (on object monitor)&#10;        at sun.misc.Unsafe.park(Native Method)&#10;        at java.util.concurrent.locks.LockSupport.park(LockSupport.java:175)&#10;        at java.util.concurrent.locks.AbstractQueuedSynchronizer$ConditionObject.await(AbstractQueuedSynchronizer.java:2039)&#10;        at java.util.concurrent.ArrayBlockingQueue.take(ArrayBlockingQueue.java:403)&#10;        at java.util.concurrent.ThreadPoolExecutor.getTask(ThreadPoolExecutor.java:1074)&#10;        at java.util.concurrent.ThreadPoolExecutor.runWorker(ThreadPoolExecutor.java:1134)&#10;        at java.util.concurrent.ThreadPoolExecutor$Worker.run(ThreadPoolExecutor.java:624)&#10;        at java.lang.Thread.run(Thread.java:748)&#10;&quot;pool-168-thread-18&quot;  prio=5 tid=2418 in Object.wait()&#10;java.lang.Thread.State: WAITING (on object monitor)&#10;        at sun.misc.Unsafe.park(Native Method)&#10;        at java.util.concurrent.locks.LockSupport.park(LockSupport.java:175)&#10;        at java.util.concurrent.locks.AbstractQueuedSynchronizer$ConditionObject.await(AbstractQueuedSynchronizer.java:2039)&#10;        at java.util.concurrent.ArrayBlockingQueue.take(ArrayBlockingQueue.java:403)&#10;        at java.util.concurrent.ThreadPoolExecutor.getTask(ThreadPoolExecutor.java:1074)&#10;        at java.util.concurrent.ThreadPoolExecutor.runWorker(ThreadPoolExecutor.java:1134)&#10;        at java.util.concurrent.ThreadPoolExecutor$Worker.run(ThreadPoolExecutor.java:624)&#10;        at java.lang.Thread.run(Thread.java:748)&#10;&quot;pool-238-thread-30&quot;  prio=5 tid=2864 in Object.wait()&#10;java.lang.Thread.State: WAITING (on object monitor)&#10;        at sun.misc.Unsafe.park(Native Method)&#10;        at java.util.concurrent.locks.LockSupport.park(LockSupport.java:175)&#10;        at java.util.concurrent.locks.AbstractQueuedSynchronizer$ConditionObject.await(AbstractQueuedSynchronizer.java:2039)&#10;        at java.util.concurrent.ArrayBlockingQueue.take(ArrayBlockingQueue.java:403)&#10;        at java.util.concurrent.ThreadPoolExecutor.getTask(ThreadPoolExecutor.java:1074)&#10;        at java.util.concurrent.ThreadPoolExecutor.runWorker(ThreadPoolExecutor.java:1134)&#10;        at java.util.concurrent.ThreadPoolExecutor$Worker.run(ThreadPoolExecutor.java:624)&#10;        at java.lang.Thread.run(Thread.java:748)&#10;&quot;pool-238-thread-40&quot;  prio=5 tid=2874 in Object.wait()&#10;java.lang.Thread.State: WAITING (on object monitor)&#10;        at sun.misc.Unsafe.park(Native Method)&#10;        at java.util.concurrent.locks.LockSupport.park(LockSupport.java:175)&#10;        at java.util.concurrent.locks.AbstractQueuedSynchronizer$ConditionObject.await(AbstractQueuedSynchronizer.java:2039)&#10;        at java.util.concurrent.ArrayBlockingQueue.take(ArrayBlockingQueue.java:403)&#10;        at java.util.concurrent.ThreadPoolExecutor.getTask(ThreadPoolExecutor.java:1074)&#10;        at java.util.concurrent.ThreadPoolExecutor.runWorker(ThreadPoolExecutor.java:1134)&#10;        at java.util.concurrent.ThreadPoolExecutor$Worker.run(ThreadPoolExecutor.java:624)&#10;        at java.lang.Thread.run(Thread.java:748)&#10;&quot;pool-188-thread-25&quot;  prio=5 tid=2549 in Object.wait()&#10;java.lang.Thread.State: WAITING (on object monitor)&#10;        at sun.misc.Unsafe.park(Native Method)&#10;        at java.util.concurrent.locks.LockSupport.park(LockSupport.java:175)&#10;        at java.util.concurrent.locks.AbstractQueuedSynchronizer$ConditionObject.await(AbstractQueuedSynchronizer.java:2039)&#10;        at java.util.concurrent.ArrayBlockingQueue.take(ArrayBlockingQueue.java:403)&#10;        at java.util.concurrent.ThreadPoolExecutor.getTask(ThreadPoolExecutor.java:1074)&#10;        at java.util.concurrent.ThreadPoolExecutor.runWorker(ThreadPoolExecutor.java:1134)&#10;        at java.util.concurrent.ThreadPoolExecutor$Worker.run(ThreadPoolExecutor.java:624)&#10;        at java.lang.Thread.run(Thread.java:748)&#10;&quot;org.apache.hadoop.util.JvmPauseMonitor$Monitor@37e69c43&quot; daemon prio=5 tid=1961 timed_waiting&#10;java.lang.Thread.State: TIMED_WAITING&#10;        at java.lang.Thread.sleep(Native Method)&#10;        at org.apache.hadoop.util.JvmPauseMonitor$Monitor.run(JvmPauseMonitor.java:192)&#10;        at java.lang.Thread.run(Thread.java:748)&#10;&quot;pool-198-thread-47&quot;  prio=5 tid=2633 in Object.wait()&#10;java.lang.Thread.State: WAITING (on object monitor)&#10;        at sun.misc.Unsafe.park(Native Method)&#10;        at java.util.concurrent.locks.LockSupport.park(LockSupport.java:175)&#10;        at java.util.concurrent.locks.AbstractQueuedSynchronizer$ConditionObject.await(AbstractQueuedSynchronizer.java:2039)&#10;        at java.util.concurrent.ArrayBlockingQueue.take(ArrayBlockingQueue.java:403)&#10;        at java.util.concurrent.ThreadPoolExecutor.getTask(ThreadPoolExecutor.java:1074)&#10;        at java.util.concurrent.ThreadPoolExecutor.runWorker(ThreadPoolExecutor.java:1134)&#10;        at java.util.concurrent.ThreadPoolExecutor$Worker.run(ThreadPoolExecutor.java:624)&#10;        at java.lang.Thread.run(Thread.java:748)&#10;&quot;pool-228-thread-7&quot;  prio=5 tid=2779 in Object.wait()&#10;java.lang.Thread.State: WAITING (on object monitor)&#10;        at sun.misc.Unsafe.park(Native Method)&#10;        at java.util.concurrent.locks.LockSupport.park(LockSupport.java:175)&#10;        at java.util.concurrent.locks.AbstractQueuedSynchronizer$ConditionObject.await(AbstractQueuedSynchronizer.java:2039)&#10;        at java.util.concurrent.ArrayBlockingQueue.take(ArrayBlockingQueue.java:403)&#10;        at java.util.concurrent.ThreadPoolExecutor.getTask(ThreadPoolExecutor.java:1074)&#10;        at java.util.concurrent.ThreadPoolExecutor.runWorker(ThreadPoolExecutor.java:1134)&#10;        at java.util.concurrent.ThreadPoolExecutor$Worker.run(ThreadPoolExecutor.java:624)&#10;        at java.lang.Thread.run(Thread.java:748)&#10;&quot;efbac357-ca4e-4ee4-91b4-c654bf02dfcf@group-5812CD6E2952-StateMachineUpdater&quot; daemon prio=5 tid=3182 in Object.wait()&#10;java.lang.Thread.State: WAITING (on object monitor)&#10;        at java.lang.Object.wait(Native Method)&#10;        at java.lang.Object.wait(Object.java:502)&#10;        at org.apache.ratis.server.impl.StateMachineUpdater.waitForCommit(StateMachineUpdater.java:194)&#10;        at org.apache.ratis.server.impl.StateMachineUpdater.run(StateMachineUpdater.java:159)&#10;        at java.lang.Thread.run(Thread.java:748)&#10;&quot;org.eclipse.jetty.server.session.HashSessionManager@5ba03c82Timer&quot; daemon prio=5 tid=2156 timed_waiting&#10;java.lang.Thread.State: TIMED_WAITING&#10;        at sun.misc.Unsafe.park(Native Method)&#10;        at java.util.concurrent.locks.LockSupport.parkNanos(LockSupport.java:215)&#10;        at java.util.concurrent.locks.AbstractQueuedSynchronizer$ConditionObject.awaitNanos(AbstractQueuedSynchronizer.java:2078)&#10;        at java.util.concurrent.ScheduledThreadPoolExecutor$DelayedWorkQueue.take(ScheduledThreadPoolExecutor.java:1093)&#10;        at java.util.concurrent.ScheduledThreadPoolExecutor$DelayedWorkQueue.take(ScheduledThreadPoolExecutor.java:809)&#10;        at java.util.concurrent.ThreadPoolExecutor.getTask(ThreadPoolExecutor.java:1074)&#10;        at java.util.concurrent.ThreadPoolExecutor.runWorker(ThreadPoolExecutor.java:1134)&#10;        at java.util.concurrent.ThreadPoolExecutor$Worker.run(ThreadPoolExecutor.java:624)&#10;        at java.lang.Thread.run(Thread.java:748)&#10;&quot;efbac357-ca4e-4ee4-91b4-c654bf02dfcf@group-1012B3444813-SegmentedRaftLogWorker&quot;  prio=5 tid=2964 timed_waiting&#10;java.lang.Thread.State: TIMED_WAITING&#10;        at sun.misc.Unsafe.park(Native Method)&#10;        at java.util.concurrent.locks.LockSupport.parkNanos(LockSupport.java:215)&#10;        at java.util.concurrent.locks.AbstractQueuedSynchronizer$ConditionObject.awaitNanos(AbstractQueuedSynchronizer.java:2078)&#10;        at org.apache.ratis.util.DataBlockingQueue.poll(DataBlockingQueue.java:137)&#10;        at org.apache.ratis.server.raftlog.segmented.SegmentedRaftLogWorker.run(SegmentedRaftLogWorker.java:282)&#10;        at java.lang.Thread.run(Thread.java:748)&#10;&quot;BlockDeletingService#0&quot; daemon prio=5 tid=2833 timed_waiting&#10;java.lang.Thread.State: TIMED_WAITING&#10;        at sun.misc.Unsafe.park(Native Method)&#10;        at java.util.concurrent.locks.LockSupport.parkNanos(LockSupport.java:215)&#10;        at java.util.concurrent.locks.AbstractQueuedSynchronizer$ConditionObject.awaitNanos(AbstractQueuedSynchronizer.java:2078)&#10;        at java.util.concurrent.ScheduledThreadPoolExecutor$DelayedWorkQueue.take(ScheduledThreadPoolExecutor.java:1093)&#10;        at java.util.concurrent.ScheduledThreadPoolExecutor$DelayedWorkQueue.take(ScheduledThreadPoolExecutor.java:809)&#10;        at java.util.concurrent.ThreadPoolExecutor.getTask(ThreadPoolExecutor.java:1074)&#10;        at java.util.concurrent.ThreadPoolExecutor.runWorker(ThreadPoolExecutor.java:1134)&#10;        at java.util.concurrent.ThreadPoolExecutor$Worker.run(ThreadPoolExecutor.java:624)&#10;        at java.lang.Thread.run(Thread.java:748)&#10;&quot;BlockDeletingService#1&quot; daemon prio=5 tid=2524 in Object.wait()&#10;java.lang.Thread.State: WAITING (on object monitor)&#10;        at sun.misc.Unsafe.park(Native Method)&#10;        at java.util.concurrent.locks.LockSupport.park(LockSupport.java:175)&#10;        at java.util.concurrent.locks.AbstractQueuedSynchronizer$ConditionObject.await(AbstractQueuedSynchronizer.java:2039)&#10;        at java.util.concurrent.ScheduledThreadPoolExecutor$DelayedWorkQueue.take(ScheduledThreadPoolExecutor.java:1088)&#10;        at java.util.concurrent.ScheduledThreadPoolExecutor$DelayedWorkQueue.take(ScheduledThreadPoolExecutor.java:809)&#10;        at java.util.concurrent.ThreadPoolExecutor.getTask(ThreadPoolExecutor.java:1074)&#10;        at java.util.concurrent.ThreadPoolExecutor.runWorker(ThreadPoolExecutor.java:1134)&#10;        at java.util.concurrent.ThreadPoolExecutor$Worker.run(ThreadPoolExecutor.java:624)&#10;        at java.lang.Thread.run(Thread.java:748)&#10;&quot;Datanode ReportManager Thread - 1&quot; daemon prio=5 tid=361 in Object.wait()&#10;java.lang.Thread.State: WAITING (on object monitor)&#10;        at sun.misc.Unsafe.park(Native Method)&#10;        at java.util.concurrent.locks.LockSupport.park(LockSupport.java:175)&#10;        at java.util.concurrent.locks.AbstractQueuedSynchronizer$ConditionObject.await(AbstractQueuedSynchronizer.java:2039)&#10;        at java.util.concurrent.ScheduledThreadPoolExecutor$DelayedWorkQueue.take(ScheduledThreadPoolExecutor.java:1088)&#10;        at java.util.concurrent.ScheduledThreadPoolExecutor$DelayedWorkQueue.take(ScheduledThreadPoolExecutor.java:809)&#10;        at java.util.concurrent.ThreadPoolExecutor.getTask(ThreadPoolExecutor.java:1074)&#10;        at java.util.concurrent.ThreadPoolExecutor.runWorker(ThreadPoolExecutor.java:1134)&#10;        at java.util.concurrent.ThreadPoolExecutor$Worker.run(ThreadPoolExecutor.java:624)&#10;        at java.lang.Thread.run(Thread.java:748)&#10;&quot;pool-188-thread-45&quot;  prio=5 tid=2569 in Object.wait()&#10;java.lang.Thread.State: WAITING (on object monitor)&#10;        at sun.misc.Unsafe.park(Native Method)&#10;        at java.util.concurrent.locks.LockSupport.park(LockSupport.java:175)&#10;        at java.util.concurrent.locks.AbstractQueuedSynchronizer$ConditionObject.await(AbstractQueuedSynchronizer.java:2039)&#10;        at java.util.concurrent.ArrayBlockingQueue.take(ArrayBlockingQueue.java:403)&#10;        at java.util.concurrent.ThreadPoolExecutor.getTask(ThreadPoolExecutor.java:1074)&#10;        at java.util.concurrent.ThreadPoolExecutor.runWorker(ThreadPoolExecutor.java:1134)&#10;        at java.util.concurrent.ThreadPoolExecutor$Worker.run(ThreadPoolExecutor.java:624)&#10;        at java.lang.Thread.run(Thread.java:748)&#10;&quot;Datanode ReportManager Thread - 0&quot; daemon prio=5 tid=225 timed_waiting&#10;java.lang.Thread.State: TIMED_WAITING&#10;        at sun.misc.Unsafe.park(Native Method)&#10;        at java.util.concurrent.locks.LockSupport.parkNanos(LockSupport.java:215)&#10;        at java.util.concurrent.locks.AbstractQueuedSynchronizer$ConditionObject.awaitNanos(AbstractQueuedSynchronizer.java:2078)&#10;        at java.util.concurrent.ScheduledThreadPoolExecutor$DelayedWorkQueue.take(ScheduledThreadPoolExecutor.java:1093)&#10;        at java.util.concurrent.ScheduledThreadPoolExecutor$DelayedWorkQueue.take(ScheduledThreadPoolExecutor.java:809)&#10;        at java.util.concurrent.ThreadPoolExecutor.getTask(ThreadPoolExecutor.java:1074)&#10;        at java.util.concurrent.ThreadPoolExecutor.runWorker(ThreadPoolExecutor.java:1134)&#10;        at java.util.concurrent.ThreadPoolExecutor$Worker.run(ThreadPoolExecutor.java:624)&#10;        at java.lang.Thread.run(Thread.java:748)&#10;&quot;IPC Server handler 18 on 40581&quot; daemon prio=5 tid=1927 timed_waiting&#10;java.lang.Thread.State: TIMED_WAITING&#10;        at sun.misc.Unsafe.park(Native Method)&#10;        at java.util.concurrent.locks.LockSupport.parkNanos(LockSupport.java:215)&#10;        at java.util.concurrent.locks.AbstractQueuedSynchronizer$ConditionObject.awaitNanos(AbstractQueuedSynchronizer.java:2078)&#10;        at java.util.concurrent.LinkedBlockingQueue.poll(LinkedBlockingQueue.java:467)&#10;        at org.apache.hadoop.ipc.CallQueueManager.take(CallQueueManager.java:288)&#10;        at org.apache.hadoop.ipc.Server$Handler.run(Server.java:2668)&#10;&quot;pool-238-thread-21&quot;  prio=5 tid=2855 in Object.wait()&#10;java.lang.Thread.State: WAITING (on object monitor)&#10;        at sun.misc.Unsafe.park(Native Method)&#10;        at java.util.concurrent.locks.LockSupport.park(LockSupport.java:175)&#10;        at java.util.concurrent.locks.AbstractQueuedSynchronizer$ConditionObject.await(AbstractQueuedSynchronizer.java:2039)&#10;        at java.util.concurrent.ArrayBlockingQueue.take(ArrayBlockingQueue.java:403)&#10;        at java.util.concurrent.ThreadPoolExecutor.getTask(ThreadPoolExecutor.java:1074)&#10;        at java.util.concurrent.ThreadPoolExecutor.runWorker(ThreadPoolExecutor.java:1134)&#10;        at java.util.concurrent.ThreadPoolExecutor$Worker.run(ThreadPoolExecutor.java:624)&#10;        at java.lang.Thread.run(Thread.java:748)&#10;&quot;pool-218-thread-30&quot;  prio=5 tid=2740 in Object.wait()&#10;java.lang.Thread.State: WAITING (on object monitor)&#10;        at sun.misc.Unsafe.park(Native Method)&#10;        at java.util.concurrent.locks.LockSupport.park(LockSupport.java:175)&#10;        at java.util.concurrent.locks.AbstractQueuedSynchronizer$ConditionObject.await(AbstractQueuedSynchronizer.java:2039)&#10;        at java.util.concurrent.ArrayBlockingQueue.take(ArrayBlockingQueue.java:403)&#10;        at java.util.concurrent.ThreadPoolExecutor.getTask(ThreadPoolExecutor.java:1074)&#10;        at java.util.concurrent.ThreadPoolExecutor.runWorker(ThreadPoolExecutor.java:1134)&#10;        at java.util.concurrent.ThreadPoolExecutor$Worker.run(ThreadPoolExecutor.java:624)&#10;        at java.lang.Thread.run(Thread.java:748)&#10;&quot;pool-228-thread-3&quot;  prio=5 tid=2775 in Object.wait()&#10;java.lang.Thread.State: WAITING (on object monitor)&#10;        at sun.misc.Unsafe.park(Native Method)&#10;        at java.util.concurrent.locks.LockSupport.park(LockSupport.java:175)&#10;        at java.util.concurrent.locks.AbstractQueuedSynchronizer$ConditionObject.await(AbstractQueuedSynchronizer.java:2039)&#10;        at java.util.concurrent.ArrayBlockingQueue.take(ArrayBlockingQueue.java:403)&#10;        at java.util.concurrent.ThreadPoolExecutor.getTask(ThreadPoolExecutor.java:1074)&#10;        at java.util.concurrent.ThreadPoolExecutor.runWorker(ThreadPoolExecutor.java:1134)&#10;        at java.util.concurrent.ThreadPoolExecutor$Worker.run(ThreadPoolExecutor.java:624)&#10;        at java.lang.Thread.run(Thread.java:748)&#10;&quot;pool-143-thread-1&quot;  prio=5 tid=1992 timed_waiting&#10;java.lang.Thread.State: TIMED_WAITING&#10;        at sun.misc.Unsafe.park(Native Method)&#10;        at java.util.concurrent.locks.LockSupport.parkNanos(LockSupport.java:215)&#10;        at java.util.concurrent.locks.AbstractQueuedSynchronizer$ConditionObject.awaitNanos(AbstractQueuedSynchronizer.java:2078)&#10;        at java.util.concurrent.ScheduledThreadPoolExecutor$DelayedWorkQueue.take(ScheduledThreadPoolExecutor.java:1093)&#10;        at java.util.concurrent.ScheduledThreadPoolExecutor$DelayedWorkQueue.take(ScheduledThreadPoolExecutor.java:809)&#10;        at java.util.concurrent.ThreadPoolExecutor.getTask(ThreadPoolExecutor.java:1074)&#10;        at java.util.concurrent.ThreadPoolExecutor.runWorker(ThreadPoolExecutor.java:1134)&#10;        at java.util.concurrent.ThreadPoolExecutor$Worker.run(ThreadPoolExecutor.java:624)&#10;        at java.lang.Thread.run(Thread.java:748)&#10;&quot;pool-198-thread-10&quot;  prio=5 tid=2596 in Object.wait()&#10;java.lang.Thread.State: WAITING (on object monitor)&#10;        at sun.misc.Unsafe.park(Native Method)&#10;        at java.util.concurrent.locks.LockSupport.park(LockSupport.java:175)&#10;        at java.util.concurrent.locks.AbstractQueuedSynchronizer$ConditionObject.await(AbstractQueuedSynchronizer.java:2039)&#10;        at java.util.concurrent.ArrayBlockingQueue.take(ArrayBlockingQueue.java:403)&#10;        at java.util.concurrent.ThreadPoolExecutor.getTask(ThreadPoolExecutor.java:1074)&#10;        at java.util.concurrent.ThreadPoolExecutor.runWorker(ThreadPoolExecutor.java:1134)&#10;        at java.util.concurrent.ThreadPoolExecutor$Worker.run(ThreadPoolExecutor.java:624)&#10;        at java.lang.Thread.run(Thread.java:748)&#10;&quot;IPC Server handler 5 on 40581&quot; daemon prio=5 tid=1914 timed_waiting&#10;java.lang.Thread.State: TIMED_WAITING&#10;        at sun.misc.Unsafe.park(Native Method)&#10;        at java.util.concurrent.locks.LockSupport.parkNanos(LockSupport.java:215)&#10;        at java.util.concurrent.locks.AbstractQueuedSynchronizer$ConditionObject.awaitNanos(AbstractQueuedSynchronizer.java:2078)&#10;        at java.util.concurrent.LinkedBlockingQueue.poll(LinkedBlockingQueue.java:467)&#10;        at org.apache.hadoop.ipc.CallQueueManager.take(CallQueueManager.java:288)&#10;        at org.apache.hadoop.ipc.Server$Handler.run(Server.java:2668)&#10;&quot;IPC Server handler 8 on 39845&quot; daemon prio=5 tid=1937 timed_waiting&#10;java.lang.Thread.State: TIMED_WAITING&#10;        at sun.misc.Unsafe.park(Native Method)&#10;        at java.util.concurrent.locks.LockSupport.parkNanos(LockSupport.java:215)&#10;        at java.util.concurrent.locks.AbstractQueuedSynchronizer$ConditionObject.awaitNanos(AbstractQueuedSynchronizer.java:2078)&#10;        at java.util.concurrent.LinkedBlockingQueue.poll(LinkedBlockingQueue.java:467)&#10;        at org.apache.hadoop.ipc.CallQueueManager.take(CallQueueManager.java:288)&#10;        at org.apache.hadoop.ipc.Server$Handler.run(Server.java:2668)&#10;&quot;pool-158-thread-3&quot;  prio=5 tid=2341 in Object.wait()&#10;java.lang.Thread.State: WAITING (on object monitor)&#10;        at sun.misc.Unsafe.park(Native Method)&#10;        at java.util.concurrent.locks.LockSupport.park(LockSupport.java:175)&#10;        at java.util.concurrent.locks.AbstractQueuedSynchronizer$ConditionObject.await(AbstractQueuedSynchronizer.java:2039)&#10;        at java.util.concurrent.ArrayBlockingQueue.take(ArrayBlockingQueue.java:403)&#10;        at java.util.concurrent.ThreadPoolExecutor.getTask(ThreadPoolExecutor.java:1074)&#10;        at java.util.concurrent.ThreadPoolExecutor.runWorker(ThreadPoolExecutor.java:1134)&#10;        at java.util.concurrent.ThreadPoolExecutor$Worker.run(ThreadPoolExecutor.java:624)&#10;        at java.lang.Thread.run(Thread.java:748)&#10;&quot;pool-198-thread-21&quot;  prio=5 tid=2607 in Object.wait()&#10;java.lang.Thread.State: WAITING (on object monitor)&#10;        at sun.misc.Unsafe.park(Native Method)&#10;        at java.util.concurrent.locks.LockSupport.park(LockSupport.java:175)&#10;        at java.util.concurrent.locks.AbstractQueuedSynchronizer$ConditionObject.await(AbstractQueuedSynchronizer.java:2039)&#10;        at java.util.concurrent.ArrayBlockingQueue.take(ArrayBlockingQueue.java:403)&#10;        at java.util.concurrent.ThreadPoolExecutor.getTask(ThreadPoolExecutor.java:1074)&#10;        at java.util.concurrent.ThreadPoolExecutor.runWorker(ThreadPoolExecutor.java:1134)&#10;        at java.util.concurrent.ThreadPoolExecutor$Worker.run(ThreadPoolExecutor.java:624)&#10;        at java.lang.Thread.run(Thread.java:748)&#10;&quot;pool-218-thread-57&quot;  prio=5 tid=2767 in Object.wait()&#10;java.lang.Thread.State: WAITING (on object monitor)&#10;        at sun.misc.Unsafe.park(Native Method)&#10;        at java.util.concurrent.locks.LockSupport.park(LockSupport.java:175)&#10;        at java.util.concurrent.locks.AbstractQueuedSynchronizer$ConditionObject.await(AbstractQueuedSynchronizer.java:2039)&#10;        at java.util.concurrent.ArrayBlockingQueue.take(ArrayBlockingQueue.java:403)&#10;        at java.util.concurrent.ThreadPoolExecutor.getTask(ThreadPoolExecutor.java:1074)&#10;        at java.util.concurrent.ThreadPoolExecutor.runWorker(ThreadPoolExecutor.java:1134)&#10;        at java.util.concurrent.ThreadPoolExecutor$Worker.run(ThreadPoolExecutor.java:624)&#10;        at java.lang.Thread.run(Thread.java:748)&#10;&quot;pool-208-thread-28&quot;  prio=5 tid=2676 in Object.wait()&#10;java.lang.Thread.State: WAITING (on object monitor)&#10;        at sun.misc.Unsafe.park(Native Method)&#10;        at java.util.concurrent.locks.LockSupport.park(LockSupport.java:175)&#10;        at java.util.concurrent.locks.AbstractQueuedSynchronizer$ConditionObject.await(AbstractQueuedSynchronizer.java:2039)&#10;        at java.util.concurrent.ArrayBlockingQueue.take(ArrayBlockingQueue.java:403)&#10;        at java.util.concurrent.ThreadPoolExecutor.getTask(ThreadPoolExecutor.java:1074)&#10;        at java.util.concurrent.ThreadPoolExecutor.runWorker(ThreadPoolExecutor.java:1134)&#10;        at java.util.concurrent.ThreadPoolExecutor$Worker.run(ThreadPoolExecutor.java:624)&#10;        at java.lang.Thread.run(Thread.java:748)&#10;&quot;IPC Server handler 0 on 45410&quot; daemon prio=5 tid=1971 timed_waiting&#10;java.lang.Thread.State: TIMED_WAITING&#10;        at sun.misc.Unsafe.park(Native Method)&#10;        at java.util.concurrent.locks.LockSupport.parkNanos(LockSupport.java:215)&#10;        at java.util.concurrent.locks.AbstractQueuedSynchronizer$ConditionObject.awaitNanos(AbstractQueuedSynchronizer.java:2078)&#10;        at java.util.concurrent.LinkedBlockingQueue.poll(LinkedBlockingQueue.java:467)&#10;        at org.apache.hadoop.ipc.CallQueueManager.take(CallQueueManager.java:288)&#10;        at org.apache.hadoop.ipc.Server$Handler.run(Server.java:2668)&#10;&quot;pool-168-thread-60&quot;  prio=5 tid=2460 in Object.wait()&#10;java.lang.Thread.State: WAITING (on object monitor)&#10;        at sun.misc.Unsafe.park(Native Method)&#10;        at java.util.concurrent.locks.LockSupport.park(LockSupport.java:175)&#10;        at java.util.concurrent.locks.AbstractQueuedSynchronizer$ConditionObject.await(AbstractQueuedSynchronizer.java:2039)&#10;        at java.util.concurrent.ArrayBlockingQueue.take(ArrayBlockingQueue.java:403)&#10;        at java.util.concurrent.ThreadPoolExecutor.getTask(ThreadPoolExecutor.java:1074)&#10;        at java.util.concurrent.ThreadPoolExecutor.runWorker(ThreadPoolExecutor.java:1134)&#10;        at java.util.concurrent.ThreadPoolExecutor$Worker.run(ThreadPoolExecutor.java:624)&#10;        at java.lang.Thread.run(Thread.java:748)&#10;&quot;pool-238-thread-25&quot;  prio=5 tid=2859 in Object.wait()&#10;java.lang.Thread.State: WAITING (on object monitor)&#10;        at sun.misc.Unsafe.park(Native Method)&#10;        at java.util.concurrent.locks.LockSupport.park(LockSupport.java:175)&#10;        at java.util.concurrent.locks.AbstractQueuedSynchronizer$ConditionObject.await(AbstractQueuedSynchronizer.java:2039)&#10;        at java.util.concurrent.ArrayBlockingQueue.take(ArrayBlockingQueue.java:403)&#10;        at java.util.concurrent.ThreadPoolExecutor.getTask(ThreadPoolExecutor.java:1074)&#10;        at java.util.concurrent.ThreadPoolExecutor.runWorker(ThreadPoolExecutor.java:1134)&#10;        at java.util.concurrent.ThreadPoolExecutor$Worker.run(ThreadPoolExecutor.java:624)&#10;        at java.lang.Thread.run(Thread.java:748)&#10;&quot;Datanode ReportManager Thread - 3&quot; daemon prio=5 tid=2244 in Object.wait()&#10;java.lang.Thread.State: WAITING (on object monitor)&#10;        at sun.misc.Unsafe.park(Native Method)&#10;        at java.util.concurrent.locks.LockSupport.park(LockSupport.java:175)&#10;        at java.util.concurrent.locks.AbstractQueuedSynchronizer$ConditionObject.await(AbstractQueuedSynchronizer.java:2039)&#10;        at java.util.concurrent.ScheduledThreadPoolExecutor$DelayedWorkQueue.take(ScheduledThreadPoolExecutor.java:1088)&#10;        at java.util.concurrent.ScheduledThreadPoolExecutor$DelayedWorkQueue.take(ScheduledThreadPoolExecutor.java:809)&#10;        at java.util.concurrent.ThreadPoolExecutor.getTask(ThreadPoolExecutor.java:1074)&#10;        at java.util.concurrent.ThreadPoolExecutor.runWorker(ThreadPoolExecutor.java:1134)&#10;        at java.util.concurrent.ThreadPoolExecutor$Worker.run(ThreadPoolExecutor.java:624)&#10;        at java.lang.Thread.run(Thread.java:748)&#10;&quot;PartialTableCache Cleanup Thread - 0&quot; daemon prio=5 tid=1333 in Object.wait()&#10;java.lang.Thread.State: WAITING (on object monitor)&#10;        at sun.misc.Unsafe.park(Native Method)&#10;        at java.util.concurrent.locks.LockSupport.park(LockSupport.java:175)&#10;        at java.util.concurrent.locks.AbstractQueuedSynchronizer$ConditionObject.await(AbstractQueuedSynchronizer.java:2039)&#10;        at java.util.concurrent.LinkedBlockingQueue.take(LinkedBlockingQueue.java:442)&#10;        at java.util.concurrent.ThreadPoolExecutor.getTask(ThreadPoolExecutor.java:1074)&#10;        at java.util.concurrent.ThreadPoolExecutor.runWorker(ThreadPoolExecutor.java:1134)&#10;        at java.util.concurrent.ThreadPoolExecutor$Worker.run(ThreadPoolExecutor.java:624)&#10;        at java.lang.Thread.run(Thread.java:748)&#10;&quot;pool-168-thread-19&quot;  prio=5 tid=2419 in Object.wait()&#10;java.lang.Thread.State: WAITING (on object monitor)&#10;        at sun.misc.Unsafe.park(Native Method)&#10;        at java.util.concurrent.locks.LockSupport.park(LockSupport.java:175)&#10;        at java.util.concurrent.locks.AbstractQueuedSynchronizer$ConditionObject.await(AbstractQueuedSynchronizer.java:2039)&#10;        at java.util.concurrent.ArrayBlockingQueue.take(ArrayBlockingQueue.java:403)&#10;        at java.util.concurrent.ThreadPoolExecutor.getTask(ThreadPoolExecutor.java:1074)&#10;        at java.util.concurrent.ThreadPoolExecutor.runWorker(ThreadPoolExecutor.java:1134)&#10;        at java.util.concurrent.ThreadPoolExecutor$Worker.run(ThreadPoolExecutor.java:624)&#10;        at java.lang.Thread.run(Thread.java:748)&#10;&quot;pool-168-thread-41&quot;  prio=5 tid=2441 in Object.wait()&#10;java.lang.Thread.State: WAITING (on object monitor)&#10;        at sun.misc.Unsafe.park(Native Method)&#10;        at java.util.concurrent.locks.LockSupport.park(LockSupport.java:175)&#10;        at java.util.concurrent.locks.AbstractQueuedSynchronizer$ConditionObject.await(AbstractQueuedSynchronizer.java:2039)&#10;        at java.util.concurrent.ArrayBlockingQueue.take(ArrayBlockingQueue.java:403)&#10;        at java.util.concurrent.ThreadPoolExecutor.getTask(ThreadPoolExecutor.java:1074)&#10;        at java.util.concurrent.ThreadPoolExecutor.runWorker(ThreadPoolExecutor.java:1134)&#10;        at java.util.concurrent.ThreadPoolExecutor$Worker.run(ThreadPoolExecutor.java:624)&#10;        at java.lang.Thread.run(Thread.java:748)&#10;&quot;qtp457245448-2096&quot; daemon prio=5 tid=2096 timed_waiting&#10;java.lang.Thread.State: TIMED_WAITING&#10;        at sun.misc.Unsafe.park(Native Method)&#10;        at java.util.concurrent.locks.LockSupport.parkNanos(LockSupport.java:215)&#10;        at java.util.concurrent.locks.AbstractQueuedSynchronizer$ConditionObject.awaitNanos(AbstractQueuedSynchronizer.java:2078)&#10;        at org.eclipse.jetty.util.BlockingArrayQueue.poll(BlockingArrayQueue.java:392)&#10;        at org.eclipse.jetty.util.thread.QueuedThreadPool.idleJobPoll(QueuedThreadPool.java:563)&#10;        at org.eclipse.jetty.util.thread.QueuedThreadPool.access$800(QueuedThreadPool.java:48)&#10;        at org.eclipse.jetty.util.thread.QueuedThreadPool$2.run(QueuedThreadPool.java:626)&#10;        at java.lang.Thread.run(Thread.java:748)&#10;&quot;pool-168-thread-30&quot;  prio=5 tid=2430 in Object.wait()&#10;java.lang.Thread.State: WAITING (on object monitor)&#10;        at sun.misc.Unsafe.park(Native Method)&#10;        at java.util.concurrent.locks.LockSupport.park(LockSupport.java:175)&#10;        at java.util.concurrent.locks.AbstractQueuedSynchronizer$ConditionObject.await(AbstractQueuedSynchronizer.java:2039)&#10;        at java.util.concurrent.ArrayBlockingQueue.take(ArrayBlockingQueue.java:403)&#10;        at java.util.concurrent.ThreadPoolExecutor.getTask(ThreadPoolExecutor.java:1074)&#10;        at java.util.concurrent.ThreadPoolExecutor.runWorker(ThreadPoolExecutor.java:1134)&#10;        at java.util.concurrent.ThreadPoolExecutor$Worker.run(ThreadPoolExecutor.java:624)&#10;        at java.lang.Thread.run(Thread.java:748)&#10;&quot;pool-238-thread-20&quot;  prio=5 tid=2854 in Object.wait()&#10;java.lang.Thread.State: WAITING (on object monitor)&#10;        at sun.misc.Unsafe.park(Native Method)&#10;        at java.util.concurrent.locks.LockSupport.park(LockSupport.java:175)&#10;        at java.util.concurrent.locks.AbstractQueuedSynchronizer$ConditionObject.await(AbstractQueuedSynchronizer.java:2039)&#10;        at java.util.concurrent.ArrayBlockingQueue.take(ArrayBlockingQueue.java:403)&#10;        at java.util.concurrent.ThreadPoolExecutor.getTask(ThreadPoolExecutor.java:1074)&#10;        at java.util.concurrent.ThreadPoolExecutor.runWorker(ThreadPoolExecutor.java:1134)&#10;        at java.util.concurrent.ThreadPoolExecutor$Worker.run(ThreadPoolExecutor.java:624)&#10;        at java.lang.Thread.run(Thread.java:748)&#10;&quot;Datanode ReportManager Thread - 0&quot; daemon prio=5 tid=333 in Object.wait()&#10;java.lang.Thread.State: WAITING (on object monitor)&#10;        at sun.misc.Unsafe.park(Native Method)&#10;        at java.util.concurrent.locks.LockSupport.park(LockSupport.java:175)&#10;        at java.util.concurrent.locks.AbstractQueuedSynchronizer$ConditionObject.await(AbstractQueuedSynchronizer.java:2039)&#10;        at java.util.concurrent.ScheduledThreadPoolExecutor$DelayedWorkQueue.take(ScheduledThreadPoolExecutor.java:1088)&#10;        at java.util.concurrent.ScheduledThreadPoolExecutor$DelayedWorkQueue.take(ScheduledThreadPoolExecutor.java:809)&#10;        at java.util.concurrent.ThreadPoolExecutor.getTask(ThreadPoolExecutor.java:1074)&#10;        at java.util.concurrent.ThreadPoolExecutor.runWorker(ThreadPoolExecutor.java:1134)&#10;        at java.util.concurrent.ThreadPoolExecutor$Worker.run(ThreadPoolExecutor.java:624)&#10;        at java.lang.Thread.run(Thread.java:748)&#10;&quot;pool-158-thread-31&quot;  prio=5 tid=2369 in Object.wait()&#10;java.lang.Thread.State: WAITING (on object monitor)&#10;        at sun.misc.Unsafe.park(Native Method)&#10;        at java.util.concurrent.locks.LockSupport.park(LockSupport.java:175)&#10;        at java.util.concurrent.locks.AbstractQueuedSynchronizer$ConditionObject.await(AbstractQueuedSynchronizer.java:2039)&#10;        at java.util.concurrent.ArrayBlockingQueue.take(ArrayBlockingQueue.java:403)&#10;        at java.util.concurrent.ThreadPoolExecutor.getTask(ThreadPoolExecutor.java:1074)&#10;        at java.util.concurrent.ThreadPoolExecutor.runWorker(ThreadPoolExecutor.java:1134)&#10;        at java.util.concurrent.ThreadPoolExecutor$Worker.run(ThreadPoolExecutor.java:624)&#10;        at java.lang.Thread.run(Thread.java:748)&#10;&quot;Socket Reader #1 for port 40581&quot;  prio=5 tid=1879 runnable&#10;java.lang.Thread.State: RUNNABLE&#10;        at sun.nio.ch.EPollArrayWrapper.epollWait(Native Method)&#10;        at sun.nio.ch.EPollArrayWrapper.poll(EPollArrayWrapper.java:269)&#10;        at sun.nio.ch.EPollSelectorImpl.doSelect(EPollSelectorImpl.java:93)&#10;        at sun.nio.ch.SelectorImpl.lockAndDoSelect(SelectorImpl.java:86)&#10;        at sun.nio.ch.SelectorImpl.select(SelectorImpl.java:97)&#10;        at sun.nio.ch.SelectorImpl.select(SelectorImpl.java:101)&#10;        at org.apache.hadoop.ipc.Server$Listener$Reader.doRunLoop(Server.java:1097)&#10;        at org.apache.hadoop.ipc.Server$Listener$Reader.run(Server.java:1076)&#10;&quot;e96d2cc9-026c-4220-b0f4-2bd3b4d5a924@group-0B60AC9C5BED-SegmentedRaftLogWorker&quot;  prio=5 tid=3111 timed_waiting&#10;java.lang.Thread.State: TIMED_WAITING&#10;        at sun.misc.Unsafe.park(Native Method)&#10;        at java.util.concurrent.locks.LockSupport.parkNanos(LockSupport.java:215)&#10;        at java.util.concurrent.locks.AbstractQueuedSynchronizer$ConditionObject.awaitNanos(AbstractQueuedSynchronizer.java:2078)&#10;        at org.apache.ratis.util.DataBlockingQueue.poll(DataBlockingQueue.java:137)&#10;        at org.apache.ratis.server.raftlog.segmented.SegmentedRaftLogWorker.run(SegmentedRaftLogWorker.java:282)&#10;        at java.lang.Thread.run(Thread.java:748)&#10;&quot;pool-188-thread-13&quot;  prio=5 tid=2537 in Object.wait()&#10;java.lang.Thread.State: WAITING (on object monitor)&#10;        at sun.misc.Unsafe.park(Native Method)&#10;        at java.util.concurrent.locks.LockSupport.park(LockSupport.java:175)&#10;        at java.util.concurrent.locks.AbstractQueuedSynchronizer$ConditionObject.await(AbstractQueuedSynchronizer.java:2039)&#10;        at java.util.concurrent.ArrayBlockingQueue.take(ArrayBlockingQueue.java:403)&#10;        at java.util.concurrent.ThreadPoolExecutor.getTask(ThreadPoolExecutor.java:1074)&#10;        at java.util.concurrent.ThreadPoolExecutor.runWorker(ThreadPoolExecutor.java:1134)&#10;        at java.util.concurrent.ThreadPoolExecutor$Worker.run(ThreadPoolExecutor.java:624)&#10;        at java.lang.Thread.run(Thread.java:748)&#10;&quot;pool-178-thread-34&quot;  prio=5 tid=2496 in Object.wait()&#10;java.lang.Thread.State: WAITING (on object monitor)&#10;        at sun.misc.Unsafe.park(Native Method)&#10;        at java.util.concurrent.locks.LockSupport.park(LockSupport.java:175)&#10;        at java.util.concurrent.locks.AbstractQueuedSynchronizer$ConditionObject.await(AbstractQueuedSynchronizer.java:2039)&#10;        at java.util.concurrent.ArrayBlockingQueue.take(ArrayBlockingQueue.java:403)&#10;        at java.util.concurrent.ThreadPoolExecutor.getTask(ThreadPoolExecutor.java:1074)&#10;        at java.util.concurrent.ThreadPoolExecutor.runWorker(ThreadPoolExecutor.java:1134)&#10;        at java.util.concurrent.ThreadPoolExecutor$Worker.run(ThreadPoolExecutor.java:624)&#10;        at java.lang.Thread.run(Thread.java:748)&#10;&quot;qtp270313690-2125&quot; daemon prio=5 tid=2125 timed_waiting&#10;java.lang.Thread.State: TIMED_WAITING&#10;        at sun.misc.Unsafe.park(Native Method)&#10;        at java.util.concurrent.locks.LockSupport.parkNanos(LockSupport.java:215)&#10;        at java.util.concurrent.locks.AbstractQueuedSynchronizer$ConditionObject.awaitNanos(AbstractQueuedSynchronizer.java:2078)&#10;        at org.eclipse.jetty.util.BlockingArrayQueue.poll(BlockingArrayQueue.java:392)&#10;        at org.eclipse.jetty.util.thread.QueuedThreadPool.idleJobPoll(QueuedThreadPool.java:563)&#10;        at org.eclipse.jetty.util.thread.QueuedThreadPool.access$800(QueuedThreadPool.java:48)&#10;        at org.eclipse.jetty.util.thread.QueuedThreadPool$2.run(QueuedThreadPool.java:626)&#10;        at java.lang.Thread.run(Thread.java:748)&#10;&quot;Datanode ReportManager Thread - 1&quot; daemon prio=5 tid=199 timed_waiting&#10;java.lang.Thread.State: TIMED_WAITING&#10;        at sun.misc.Unsafe.park(Native Method)&#10;        at java.util.concurrent.locks.LockSupport.parkNanos(LockSupport.java:215)&#10;        at java.util.concurrent.locks.AbstractQueuedSynchronizer$ConditionObject.awaitNanos(AbstractQueuedSynchronizer.java:2078)&#10;        at java.util.concurrent.ScheduledThreadPoolExecutor$DelayedWorkQueue.take(ScheduledThreadPoolExecutor.java:1093)&#10;        at java.util.concurrent.ScheduledThreadPoolExecutor$DelayedWorkQueue.take(ScheduledThreadPoolExecutor.java:809)&#10;        at java.util.concurrent.ThreadPoolExecutor.getTask(ThreadPoolExecutor.java:1074)&#10;        at java.util.concurrent.ThreadPoolExecutor.runWorker(ThreadPoolExecutor.java:1134)&#10;        at java.util.concurrent.ThreadPoolExecutor$Worker.run(ThreadPoolExecutor.java:624)&#10;        at java.lang.Thread.run(Thread.java:748)&#10;&quot;pool-218-thread-46&quot;  prio=5 tid=2756 in Object.wait()&#10;java.lang.Thread.State: WAITING (on object monitor)&#10;        at sun.misc.Unsafe.park(Native Method)&#10;        at java.util.concurrent.locks.LockSupport.park(LockSupport.java:175)&#10;        at java.util.concurrent.locks.AbstractQueuedSynchronizer$ConditionObject.await(AbstractQueuedSynchronizer.java:2039)&#10;        at java.util.concurrent.ArrayBlockingQueue.take(ArrayBlockingQueue.java:403)&#10;        at java.util.concurrent.ThreadPoolExecutor.getTask(ThreadPoolExecutor.java:1074)&#10;        at java.util.concurrent.ThreadPoolExecutor.runWorker(ThreadPoolExecutor.java:1134)&#10;        at java.util.concurrent.ThreadPoolExecutor$Worker.run(ThreadPoolExecutor.java:624)&#10;        at java.lang.Thread.run(Thread.java:748)&#10;&quot;pool-158-thread-4&quot;  prio=5 tid=2342 in Object.wait()&#10;java.lang.Thread.State: WAITING (on object monitor)&#10;        at sun.misc.Unsafe.park(Native Method)&#10;        at java.util.concurrent.locks.LockSupport.park(LockSupport.java:175)&#10;        at java.util.concurrent.locks.AbstractQueuedSynchronizer$ConditionObject.await(AbstractQueuedSynchronizer.java:2039)&#10;        at java.util.concurrent.ArrayBlockingQueue.take(ArrayBlockingQueue.java:403)&#10;        at java.util.concurrent.ThreadPoolExecutor.getTask(ThreadPoolExecutor.java:1074)&#10;        at java.util.concurrent.ThreadPoolExecutor.runWorker(ThreadPoolExecutor.java:1134)&#10;        at java.util.concurrent.ThreadPoolExecutor$Worker.run(ThreadPoolExecutor.java:624)&#10;        at java.lang.Thread.run(Thread.java:748)&#10;&quot;pool-218-thread-34&quot;  prio=5 tid=2744 in Object.wait()&#10;java.lang.Thread.State: WAITING (on object monitor)&#10;        at sun.misc.Unsafe.park(Native Method)&#10;        at java.util.concurrent.locks.LockSupport.park(LockSupport.java:175)&#10;        at java.util.concurrent.locks.AbstractQueuedSynchronizer$ConditionObject.await(AbstractQueuedSynchronizer.java:2039)&#10;        at java.util.concurrent.ArrayBlockingQueue.take(ArrayBlockingQueue.java:403)&#10;        at java.util.concurrent.ThreadPoolExecutor.getTask(ThreadPoolExecutor.java:1074)&#10;        at java.util.concurrent.ThreadPoolExecutor.runWorker(ThreadPoolExecutor.java:1134)&#10;        at java.util.concurrent.ThreadPoolExecutor$Worker.run(ThreadPoolExecutor.java:624)&#10;        at java.lang.Thread.run(Thread.java:748)&#10;&quot;pool-216-thread-1&quot; daemon prio=5 tid=2199 timed_waiting&#10;java.lang.Thread.State: TIMED_WAITING&#10;        at sun.misc.Unsafe.park(Native Method)&#10;        at java.util.concurrent.locks.LockSupport.parkNanos(LockSupport.java:215)&#10;        at java.util.concurrent.locks.AbstractQueuedSynchronizer$ConditionObject.awaitNanos(AbstractQueuedSynchronizer.java:2078)&#10;        at java.util.concurrent.ScheduledThreadPoolExecutor$DelayedWorkQueue.take(ScheduledThreadPoolExecutor.java:1093)&#10;        at java.util.concurrent.ScheduledThreadPoolExecutor$DelayedWorkQueue.take(ScheduledThreadPoolExecutor.java:809)&#10;        at java.util.concurrent.ThreadPoolExecutor.getTask(ThreadPoolExecutor.java:1074)&#10;        at java.util.concurrent.ThreadPoolExecutor.runWorker(ThreadPoolExecutor.java:1134)&#10;        at java.util.concurrent.ThreadPoolExecutor$Worker.run(ThreadPoolExecutor.java:624)&#10;        at java.lang.Thread.run(Thread.java:748)&#10;&quot;pool-228-thread-25&quot;  prio=5 tid=2797 in Object.wait()&#10;java.lang.Thread.State: WAITING (on object monitor)&#10;        at sun.misc.Unsafe.park(Native Method)&#10;        at java.util.concurrent.locks.LockSupport.park(LockSupport.java:175)&#10;        at java.util.concurrent.locks.AbstractQueuedSynchronizer$ConditionObject.await(AbstractQueuedSynchronizer.java:2039)&#10;        at java.util.concurrent.ArrayBlockingQueue.take(ArrayBlockingQueue.java:403)&#10;        at java.util.concurrent.ThreadPoolExecutor.getTask(ThreadPoolExecutor.java:1074)&#10;        at java.util.concurrent.ThreadPoolExecutor.runWorker(ThreadPoolExecutor.java:1134)&#10;        at java.util.concurrent.ThreadPoolExecutor$Worker.run(ThreadPoolExecutor.java:624)&#10;        at java.lang.Thread.run(Thread.java:748)&#10;&quot;pool-198-thread-43&quot;  prio=5 tid=2629 in Object.wait()&#10;java.lang.Thread.State: WAITING (on object monitor)&#10;        at sun.misc.Unsafe.park(Native Method)&#10;        at java.util.concurrent.locks.LockSupport.park(LockSupport.java:175)&#10;        at java.util.concurrent.locks.AbstractQueuedSynchronizer$ConditionObject.await(AbstractQueuedSynchronizer.java:2039)&#10;        at java.util.concurrent.ArrayBlockingQueue.take(ArrayBlockingQueue.java:403)&#10;        at java.util.concurrent.ThreadPoolExecutor.getTask(ThreadPoolExecutor.java:1074)&#10;        at java.util.concurrent.ThreadPoolExecutor.runWorker(ThreadPoolExecutor.java:1134)&#10;        at java.util.concurrent.ThreadPoolExecutor$Worker.run(ThreadPoolExecutor.java:624)&#10;        at java.lang.Thread.run(Thread.java:748)&#10;&quot;pool-158-thread-5&quot;  prio=5 tid=2343 in Object.wait()&#10;java.lang.Thread.State: WAITING (on object monitor)&#10;        at sun.misc.Unsafe.park(Native Method)&#10;        at java.util.concurrent.locks.LockSupport.park(LockSupport.java:175)&#10;        at java.util.concurrent.locks.AbstractQueuedSynchronizer$ConditionObject.await(AbstractQueuedSynchronizer.java:2039)&#10;        at java.util.concurrent.ArrayBlockingQueue.take(ArrayBlockingQueue.java:403)&#10;        at java.util.concurrent.ThreadPoolExecutor.getTask(ThreadPoolExecutor.java:1074)&#10;        at java.util.concurrent.ThreadPoolExecutor.runWorker(ThreadPoolExecutor.java:1134)&#10;        at java.util.concurrent.ThreadPoolExecutor$Worker.run(ThreadPoolExecutor.java:624)&#10;        at java.lang.Thread.run(Thread.java:748)&#10;&quot;efbac357-ca4e-4ee4-91b4-c654bf02dfcf@group-5812CD6E2952-SegmentedRaftLogWorker&quot;  prio=5 tid=3181 timed_waiting&#10;java.lang.Thread.State: TIMED_WAITING&#10;        at sun.misc.Unsafe.park(Native Method)&#10;        at java.util.concurrent.locks.LockSupport.parkNanos(LockSupport.java:215)&#10;        at java.util.concurrent.locks.AbstractQueuedSynchronizer$ConditionObject.awaitNanos(AbstractQueuedSynchronizer.java:2078)&#10;        at org.apache.ratis.util.DataBlockingQueue.poll(DataBlockingQueue.java:137)&#10;        at org.apache.ratis.server.raftlog.segmented.SegmentedRaftLogWorker.run(SegmentedRaftLogWorker.java:282)&#10;        at java.lang.Thread.run(Thread.java:748)&#10;&quot;pool-208-thread-24&quot;  prio=5 tid=2672 in Object.wait()&#10;java.lang.Thread.State: WAITING (on object monitor)&#10;        at sun.misc.Unsafe.park(Native Method)&#10;        at java.util.concurrent.locks.LockSupport.park(LockSupport.java:175)&#10;        at java.util.concurrent.locks.AbstractQueuedSynchronizer$ConditionObject.await(AbstractQueuedSynchronizer.java:2039)&#10;        at java.util.concurrent.ArrayBlockingQueue.take(ArrayBlockingQueue.java:403)&#10;        at java.util.concurrent.ThreadPoolExecutor.getTask(ThreadPoolExecutor.java:1074)&#10;        at java.util.concurrent.ThreadPoolExecutor.runWorker(ThreadPoolExecutor.java:1134)&#10;        at java.util.concurrent.ThreadPoolExecutor$Worker.run(ThreadPoolExecutor.java:624)&#10;        at java.lang.Thread.run(Thread.java:748)&#10;&quot;pool-218-thread-4&quot;  prio=5 tid=2714 in Object.wait()&#10;java.lang.Thread.State: WAITING (on object monitor)&#10;        at sun.misc.Unsafe.park(Native Method)&#10;        at java.util.concurrent.locks.LockSupport.park(LockSupport.java:175)&#10;        at java.util.concurrent.locks.AbstractQueuedSynchronizer$ConditionObject.await(AbstractQueuedSynchronizer.java:2039)&#10;        at java.util.concurrent.ArrayBlockingQueue.take(ArrayBlockingQueue.java:403)&#10;        at java.util.concurrent.ThreadPoolExecutor.getTask(ThreadPoolExecutor.java:1074)&#10;        at java.util.concurrent.ThreadPoolExecutor.runWorker(ThreadPoolExecutor.java:1134)&#10;        at java.util.concurrent.ThreadPoolExecutor$Worker.run(ThreadPoolExecutor.java:624)&#10;        at java.lang.Thread.run(Thread.java:748)&#10;&quot;qtp2120404899-2151&quot; daemon prio=5 tid=2151 timed_waiting&#10;java.lang.Thread.State: TIMED_WAITING&#10;        at sun.misc.Unsafe.park(Native Method)&#10;        at java.util.concurrent.locks.LockSupport.parkNanos(LockSupport.java:215)&#10;        at java.util.concurrent.locks.AbstractQueuedSynchronizer$ConditionObject.awaitNanos(AbstractQueuedSynchronizer.java:2078)&#10;        at org.eclipse.jetty.util.BlockingArrayQueue.poll(BlockingArrayQueue.java:392)&#10;        at org.eclipse.jetty.util.thread.QueuedThreadPool.idleJobPoll(QueuedThreadPool.java:563)&#10;        at org.eclipse.jetty.util.thread.QueuedThreadPool.access$800(QueuedThreadPool.java:48)&#10;        at org.eclipse.jetty.util.thread.QueuedThreadPool$2.run(QueuedThreadPool.java:626)&#10;        at java.lang.Thread.run(Thread.java:748)&#10;&quot;pool-218-thread-39&quot;  prio=5 tid=2749 in Object.wait()&#10;java.lang.Thread.State: WAITING (on object monitor)&#10;        at sun.misc.Unsafe.park(Native Method)&#10;        at java.util.concurrent.locks.LockSupport.park(LockSupport.java:175)&#10;        at java.util.concurrent.locks.AbstractQueuedSynchronizer$ConditionObject.await(AbstractQueuedSynchronizer.java:2039)&#10;        at java.util.concurrent.ArrayBlockingQueue.take(ArrayBlockingQueue.java:403)&#10;        at java.util.concurrent.ThreadPoolExecutor.getTask(ThreadPoolExecutor.java:1074)&#10;        at java.util.concurrent.ThreadPoolExecutor.runWorker(ThreadPoolExecutor.java:1134)&#10;        at java.util.concurrent.ThreadPoolExecutor$Worker.run(ThreadPoolExecutor.java:624)&#10;        at java.lang.Thread.run(Thread.java:748)&#10;&quot;EventQueue-NodeRegistrationContainerReportForDataNodeSafeModeRule&quot; daemon prio=5 tid=2901 in Object.wait()&#10;java.lang.Thread.State: WAITING (on object monitor)&#10;        at sun.misc.Unsafe.park(Native Method)&#10;        at java.util.concurrent.locks.LockSupport.park(LockSupport.java:175)&#10;        at java.util.concurrent.locks.AbstractQueuedSynchronizer$ConditionObject.await(AbstractQueuedSynchronizer.java:2039)&#10;        at java.util.concurrent.LinkedBlockingQueue.take(LinkedBlockingQueue.java:442)&#10;        at java.util.concurrent.ThreadPoolExecutor.getTask(ThreadPoolExecutor.java:1074)&#10;        at java.util.concurrent.ThreadPoolExecutor.runWorker(ThreadPoolExecutor.java:1134)&#10;        at java.util.concurrent.ThreadPoolExecutor$Worker.run(ThreadPoolExecutor.java:624)&#10;        at java.lang.Thread.run(Thread.java:748)&#10;&quot;Datanode State Machine Thread - 0&quot; daemon prio=5 tid=2058 timed_waiting&#10;java.lang.Thread.State: TIMED_WAITING&#10;        at sun.misc.Unsafe.park(Native Method)&#10;        at java.util.concurrent.locks.LockSupport.parkNanos(LockSupport.java:215)&#10;        at java.util.concurrent.SynchronousQueue$TransferStack.awaitFulfill(SynchronousQueue.java:460)&#10;        at java.util.concurrent.SynchronousQueue$TransferStack.transfer(SynchronousQueue.java:362)&#10;        at java.util.concurrent.SynchronousQueue.poll(SynchronousQueue.java:941)&#10;        at java.util.concurrent.ThreadPoolExecutor.getTask(ThreadPoolExecutor.java:1073)&#10;        at java.util.concurrent.ThreadPoolExecutor.runWorker(ThreadPoolExecutor.java:1134)&#10;        at java.util.concurrent.ThreadPoolExecutor$Worker.run(ThreadPoolExecutor.java:624)&#10;        at java.lang.Thread.run(Thread.java:748)&#10;&quot;pool-198-thread-50&quot;  prio=5 tid=2636 in Object.wait()&#10;java.lang.Thread.State: WAITING (on object monitor)&#10;        at sun.misc.Unsafe.park(Native Method)&#10;        at java.util.concurrent.locks.LockSupport.park(LockSupport.java:175)&#10;        at java.util.concurrent.locks.AbstractQueuedSynchronizer$ConditionObject.await(AbstractQueuedSynchronizer.java:2039)&#10;        at java.util.concurrent.ArrayBlockingQueue.take(ArrayBlockingQueue.java:403)&#10;        at java.util.concurrent.ThreadPoolExecutor.getTask(ThreadPoolExecutor.java:1074)&#10;        at java.util.concurrent.ThreadPoolExecutor.runWorker(ThreadPoolExecutor.java:1134)&#10;        at java.util.concurrent.ThreadPoolExecutor$Worker.run(ThreadPoolExecutor.java:624)&#10;        at java.lang.Thread.run(Thread.java:748)&#10;&quot;pool-188-thread-9&quot;  prio=5 tid=2533 in Object.wait()&#10;java.lang.Thread.State: WAITING (on object monitor)&#10;        at sun.misc.Unsafe.park(Native Method)&#10;        at java.util.concurrent.locks.LockSupport.park(LockSupport.java:175)&#10;        at java.util.concurrent.locks.AbstractQueuedSynchronizer$ConditionObject.await(AbstractQueuedSynchronizer.java:2039)&#10;        at java.util.concurrent.ArrayBlockingQueue.take(ArrayBlockingQueue.java:403)&#10;        at java.util.concurrent.ThreadPoolExecutor.getTask(ThreadPoolExecutor.java:1074)&#10;        at java.util.concurrent.ThreadPoolExecutor.runWorker(ThreadPoolExecutor.java:1134)&#10;        at java.util.concurrent.ThreadPoolExecutor$Worker.run(ThreadPoolExecutor.java:624)&#10;        at java.lang.Thread.run(Thread.java:748)&#10;&quot;pool-158-thread-21&quot;  prio=5 tid=2359 in Object.wait()&#10;java.lang.Thread.State: WAITING (on object monitor)&#10;        at sun.misc.Unsafe.park(Native Method)&#10;        at java.util.concurrent.locks.LockSupport.park(LockSupport.java:175)&#10;        at java.util.concurrent.locks.AbstractQueuedSynchronizer$ConditionObject.await(AbstractQueuedSynchronizer.java:2039)&#10;        at java.util.concurrent.ArrayBlockingQueue.take(ArrayBlockingQueue.java:403)&#10;        at java.util.concurrent.ThreadPoolExecutor.getTask(ThreadPoolExecutor.java:1074)&#10;        at java.util.concurrent.ThreadPoolExecutor.runWorker(ThreadPoolExecutor.java:1134)&#10;        at java.util.concurrent.ThreadPoolExecutor$Worker.run(ThreadPoolExecutor.java:624)&#10;        at java.lang.Thread.run(Thread.java:748)&#10;&quot;Datanode ReportManager Thread - 3&quot; daemon prio=5 tid=201 in Object.wait()&#10;java.lang.Thread.State: WAITING (on object monitor)&#10;        at sun.misc.Unsafe.park(Native Method)&#10;        at java.util.concurrent.locks.LockSupport.park(LockSupport.java:175)&#10;        at java.util.concurrent.locks.AbstractQueuedSynchronizer$ConditionObject.await(AbstractQueuedSynchronizer.java:2039)&#10;        at java.util.concurrent.ScheduledThreadPoolExecutor$DelayedWorkQueue.take(ScheduledThreadPoolExecutor.java:1088)&#10;        at java.util.concurrent.ScheduledThreadPoolExecutor$DelayedWorkQueue.take(ScheduledThreadPoolExecutor.java:809)&#10;        at java.util.concurrent.ThreadPoolExecutor.getTask(ThreadPoolExecutor.java:1074)&#10;        at java.util.concurrent.ThreadPoolExecutor.runWorker(ThreadPoolExecutor.java:1134)&#10;        at java.util.concurrent.ThreadPoolExecutor$Worker.run(ThreadPoolExecutor.java:624)&#10;        at java.lang.Thread.run(Thread.java:748)&#10;&quot;Thread-1569&quot; daemon prio=5 tid=3228 timed_waiting&#10;java.lang.Thread.State: TIMED_WAITING&#10;        at sun.misc.Unsafe.park(Native Method)&#10;        at java.util.concurrent.locks.LockSupport.parkNanos(LockSupport.java:215)&#10;        at java.util.concurrent.locks.AbstractQueuedSynchronizer$ConditionObject.awaitNanos(AbstractQueuedSynchronizer.java:2078)&#10;        at java.util.concurrent.ArrayBlockingQueue.poll(ArrayBlockingQueue.java:418)&#10;        at org.apache.ratis.server.impl.LeaderState$EventQueue.poll(LeaderState.java:115)&#10;        at org.apache.ratis.server.impl.LeaderState$EventProcessor.run(LeaderState.java:467)&#10;&quot;pool-178-thread-41&quot;  prio=5 tid=2503 in Object.wait()&#10;java.lang.Thread.State: WAITING (on object monitor)&#10;        at sun.misc.Unsafe.park(Native Method)&#10;        at java.util.concurrent.locks.LockSupport.park(LockSupport.java:175)&#10;        at java.util.concurrent.locks.AbstractQueuedSynchronizer$ConditionObject.await(AbstractQueuedSynchronizer.java:2039)&#10;        at java.util.concurrent.ArrayBlockingQueue.take(ArrayBlockingQueue.java:403)&#10;        at java.util.concurrent.ThreadPoolExecutor.getTask(ThreadPoolExecutor.java:1074)&#10;        at java.util.concurrent.ThreadPoolExecutor.runWorker(ThreadPoolExecutor.java:1134)&#10;        at java.util.concurrent.ThreadPoolExecutor$Worker.run(ThreadPoolExecutor.java:624)&#10;        at java.lang.Thread.run(Thread.java:748)&#10;&quot;pool-158-thread-32&quot;  prio=5 tid=2370 in Object.wait()&#10;java.lang.Thread.State: WAITING (on object monitor)&#10;        at sun.misc.Unsafe.park(Native Method)&#10;        at java.util.concurrent.locks.LockSupport.park(LockSupport.java:175)&#10;        at java.util.concurrent.locks.AbstractQueuedSynchronizer$ConditionObject.await(AbstractQueuedSynchronizer.java:2039)&#10;        at java.util.concurrent.ArrayBlockingQueue.take(ArrayBlockingQueue.java:403)&#10;        at java.util.concurrent.ThreadPoolExecutor.getTask(ThreadPoolExecutor.java:1074)&#10;        at java.util.concurrent.ThreadPoolExecutor.runWorker(ThreadPoolExecutor.java:1134)&#10;        at java.util.concurrent.ThreadPoolExecutor$Worker.run(ThreadPoolExecutor.java:624)&#10;        at java.lang.Thread.run(Thread.java:748)&#10;&quot;Datanode State Machine Thread - 0&quot; daemon prio=5 tid=2112 timed_waiting&#10;java.lang.Thread.State: TIMED_WAITING&#10;        at sun.misc.Unsafe.park(Native Method)&#10;        at java.util.concurrent.locks.LockSupport.parkNanos(LockSupport.java:215)&#10;        at java.util.concurrent.SynchronousQueue$TransferStack.awaitFulfill(SynchronousQueue.java:460)&#10;        at java.util.concurrent.SynchronousQueue$TransferStack.transfer(SynchronousQueue.java:362)&#10;        at java.util.concurrent.SynchronousQueue.poll(SynchronousQueue.java:941)&#10;        at java.util.concurrent.ThreadPoolExecutor.getTask(ThreadPoolExecutor.java:1073)&#10;        at java.util.concurrent.ThreadPoolExecutor.runWorker(ThreadPoolExecutor.java:1134)&#10;        at java.util.concurrent.ThreadPoolExecutor$Worker.run(ThreadPoolExecutor.java:624)&#10;        at java.lang.Thread.run(Thread.java:748)&#10;&quot;Datanode ReportManager Thread - 2&quot; daemon prio=5 tid=362 in Object.wait()&#10;java.lang.Thread.State: WAITING (on object monitor)&#10;        at sun.misc.Unsafe.park(Native Method)&#10;        at java.util.concurrent.locks.LockSupport.park(LockSupport.java:175)&#10;        at java.util.concurrent.locks.AbstractQueuedSynchronizer$ConditionObject.await(AbstractQueuedSynchronizer.java:2039)&#10;        at java.util.concurrent.ScheduledThreadPoolExecutor$DelayedWorkQueue.take(ScheduledThreadPoolExecutor.java:1088)&#10;        at java.util.concurrent.ScheduledThreadPoolExecutor$DelayedWorkQueue.take(ScheduledThreadPoolExecutor.java:809)&#10;        at java.util.concurrent.ThreadPoolExecutor.getTask(ThreadPoolExecutor.java:1074)&#10;        at java.util.concurrent.ThreadPoolExecutor.runWorker(ThreadPoolExecutor.java:1134)&#10;        at java.util.concurrent.ThreadPoolExecutor$Worker.run(ThreadPoolExecutor.java:624)&#10;        at java.lang.Thread.run(Thread.java:748)&#10;&quot;pool-158-thread-13&quot;  prio=5 tid=2351 in Object.wait()&#10;java.lang.Thread.State: WAITING (on object monitor)&#10;        at sun.misc.Unsafe.park(Native Method)&#10;        at java.util.concurrent.locks.LockSupport.park(LockSupport.java:175)&#10;        at java.util.concurrent.locks.AbstractQueuedSynchronizer$ConditionObject.await(AbstractQueuedSynchronizer.java:2039)&#10;        at java.util.concurrent.ArrayBlockingQueue.take(ArrayBlockingQueue.java:403)&#10;        at java.util.concurrent.ThreadPoolExecutor.getTask(ThreadPoolExecutor.java:1074)&#10;        at java.util.concurrent.ThreadPoolExecutor.runWorker(ThreadPoolExecutor.java:1134)&#10;        at java.util.concurrent.ThreadPoolExecutor$Worker.run(ThreadPoolExecutor.java:624)&#10;        at java.lang.Thread.run(Thread.java:748)&#10;&quot;IPC Server handler 10 on 35120&quot; daemon prio=5 tid=1899 timed_waiting&#10;java.lang.Thread.State: TIMED_WAITING&#10;        at sun.misc.Unsafe.park(Native Method)&#10;        at java.util.concurrent.locks.LockSupport.parkNanos(LockSupport.java:215)&#10;        at java.util.concurrent.locks.AbstractQueuedSynchronizer$ConditionObject.awaitNanos(AbstractQueuedSynchronizer.java:2078)&#10;        at java.util.concurrent.LinkedBlockingQueue.poll(LinkedBlockingQueue.java:467)&#10;        at org.apache.hadoop.ipc.CallQueueManager.take(CallQueueManager.java:288)&#10;        at org.apache.hadoop.ipc.Server$Handler.run(Server.java:2668)&#10;&quot;PartialTableCache Cleanup Thread - 0&quot; daemon prio=5 tid=3074 in Object.wait()&#10;java.lang.Thread.State: WAITING (on object monitor)&#10;        at sun.misc.Unsafe.park(Native Method)&#10;        at java.util.concurrent.locks.LockSupport.park(LockSupport.java:175)&#10;        at java.util.concurrent.locks.AbstractQueuedSynchronizer$ConditionObject.await(AbstractQueuedSynchronizer.java:2039)&#10;        at java.util.concurrent.LinkedBlockingQueue.take(LinkedBlockingQueue.java:442)&#10;        at java.util.concurrent.ThreadPoolExecutor.getTask(ThreadPoolExecutor.java:1074)&#10;        at java.util.concurrent.ThreadPoolExecutor.runWorker(ThreadPoolExecutor.java:1134)&#10;        at java.util.concurrent.ThreadPoolExecutor$Worker.run(ThreadPoolExecutor.java:624)&#10;        at java.lang.Thread.run(Thread.java:748)&#10;&quot;qtp2010856706-2209&quot; daemon prio=5 tid=2209 timed_waiting&#10;java.lang.Thread.State: TIMED_WAITING&#10;        at sun.misc.Unsafe.park(Native Method)&#10;        at java.util.concurrent.locks.LockSupport.parkNanos(LockSupport.java:215)&#10;        at java.util.concurrent.locks.AbstractQueuedSynchronizer$ConditionObject.awaitNanos(AbstractQueuedSynchronizer.java:2078)&#10;        at org.eclipse.jetty.util.BlockingArrayQueue.poll(BlockingArrayQueue.java:392)&#10;        at org.eclipse.jetty.util.thread.QueuedThreadPool.idleJobPoll(QueuedThreadPool.java:563)&#10;        at org.eclipse.jetty.util.thread.QueuedThreadPool.access$800(QueuedThreadPool.java:48)&#10;        at org.eclipse.jetty.util.thread.QueuedThreadPool$2.run(QueuedThreadPool.java:626)&#10;        at java.lang.Thread.run(Thread.java:748)&#10;&quot;5fe8490f-f805-406a-80e2-fbda1a66b042@group-529DDC391E9C-StateMachineUpdater&quot; daemon prio=5 tid=3137 in Object.wait()&#10;java.lang.Thread.State: WAITING (on object monitor)&#10;        at java.lang.Object.wait(Native Method)&#10;        at java.lang.Object.wait(Object.java:502)&#10;        at org.apache.ratis.server.impl.StateMachineUpdater.waitForCommit(StateMachineUpdater.java:194)&#10;        at org.apache.ratis.server.impl.StateMachineUpdater.run(StateMachineUpdater.java:159)&#10;        at java.lang.Thread.run(Thread.java:748)&#10;&quot;pool-178-thread-12&quot;  prio=5 tid=2474 in Object.wait()&#10;java.lang.Thread.State: WAITING (on object monitor)&#10;        at sun.misc.Unsafe.park(Native Method)&#10;        at java.util.concurrent.locks.LockSupport.park(LockSupport.java:175)&#10;        at java.util.concurrent.locks.AbstractQueuedSynchronizer$ConditionObject.await(AbstractQueuedSynchronizer.java:2039)&#10;        at java.util.concurrent.ArrayBlockingQueue.take(ArrayBlockingQueue.java:403)&#10;        at java.util.concurrent.ThreadPoolExecutor.getTask(ThreadPoolExecutor.java:1074)&#10;        at java.util.concurrent.ThreadPoolExecutor.runWorker(ThreadPoolExecutor.java:1134)&#10;        at java.util.concurrent.ThreadPoolExecutor$Worker.run(ThreadPoolExecutor.java:624)&#10;        at java.lang.Thread.run(Thread.java:748)&#10;&quot;org.eclipse.jetty.server.session.HashSessionManager@9c73fffTimer&quot; daemon prio=5 tid=2129 timed_waiting&#10;java.lang.Thread.State: TIMED_WAITING&#10;        at sun.misc.Unsafe.park(Native Method)&#10;        at java.util.concurrent.locks.LockSupport.parkNanos(LockSupport.java:215)&#10;        at java.util.concurrent.locks.AbstractQueuedSynchronizer$ConditionObject.awaitNanos(AbstractQueuedSynchronizer.java:2078)&#10;        at java.util.concurrent.ScheduledThreadPoolExecutor$DelayedWorkQueue.take(ScheduledThreadPoolExecutor.java:1093)&#10;        at java.util.concurrent.ScheduledThreadPoolExecutor$DelayedWorkQueue.take(ScheduledThreadPoolExecutor.java:809)&#10;        at java.util.concurrent.ThreadPoolExecutor.getTask(ThreadPoolExecutor.java:1074)&#10;        at java.util.concurrent.ThreadPoolExecutor.runWorker(ThreadPoolExecutor.java:1134)&#10;        at java.util.concurrent.ThreadPoolExecutor$Worker.run(ThreadPoolExecutor.java:624)&#10;        at java.lang.Thread.run(Thread.java:748)&#10;&quot;pool-198-thread-56&quot;  prio=5 tid=2642 in Object.wait()&#10;java.lang.Thread.State: WAITING (on object monitor)&#10;        at sun.misc.Unsafe.park(Native Method)&#10;        at java.util.concurrent.locks.LockSupport.park(LockSupport.java:175)&#10;        at java.util.concurrent.locks.AbstractQueuedSynchronizer$ConditionObject.await(AbstractQueuedSynchronizer.java:2039)&#10;        at java.util.concurrent.ArrayBlockingQueue.take(ArrayBlockingQueue.java:403)&#10;        at java.util.concurrent.ThreadPoolExecutor.getTask(ThreadPoolExecutor.java:1074)&#10;        at java.util.concurrent.ThreadPoolExecutor.runWorker(ThreadPoolExecutor.java:1134)&#10;        at java.util.concurrent.ThreadPoolExecutor$Worker.run(ThreadPoolExecutor.java:624)&#10;        at java.lang.Thread.run(Thread.java:748)&#10;&quot;pool-188-thread-48&quot;  prio=5 tid=2572 in Object.wait()&#10;java.lang.Thread.State: WAITING (on object monitor)&#10;        at sun.misc.Unsafe.park(Native Method)&#10;        at java.util.concurrent.locks.LockSupport.park(LockSupport.java:175)&#10;        at java.util.concurrent.locks.AbstractQueuedSynchronizer$ConditionObject.await(AbstractQueuedSynchronizer.java:2039)&#10;        at java.util.concurrent.ArrayBlockingQueue.take(ArrayBlockingQueue.java:403)&#10;        at java.util.concurrent.ThreadPoolExecutor.getTask(ThreadPoolExecutor.java:1074)&#10;        at java.util.concurrent.ThreadPoolExecutor.runWorker(ThreadPoolExecutor.java:1134)&#10;        at java.util.concurrent.ThreadPoolExecutor$Worker.run(ThreadPoolExecutor.java:624)&#10;        at java.lang.Thread.run(Thread.java:748)&#10;&quot;qtp984235065-2045&quot; daemon prio=5 tid=2045 timed_waiting&#10;java.lang.Thread.State: TIMED_WAITING&#10;        at sun.misc.Unsafe.park(Native Method)&#10;        at java.util.concurrent.locks.LockSupport.parkNanos(LockSupport.java:215)&#10;        at java.util.concurrent.locks.AbstractQueuedSynchronizer$ConditionObject.awaitNanos(AbstractQueuedSynchronizer.java:2078)&#10;        at org.eclipse.jetty.util.BlockingArrayQueue.poll(BlockingArrayQueue.java:392)&#10;        at org.eclipse.jetty.util.thread.QueuedThreadPool.idleJobPoll(QueuedThreadPool.java:563)&#10;        at org.eclipse.jetty.util.thread.QueuedThreadPool.access$800(QueuedThreadPool.java:48)&#10;        at org.eclipse.jetty.util.thread.QueuedThreadPool$2.run(QueuedThreadPool.java:626)&#10;        at java.lang.Thread.run(Thread.java:748)&#10;&quot;pool-168-thread-59&quot;  prio=5 tid=2459 in Object.wait()&#10;java.lang.Thread.State: WAITING (on object monitor)&#10;        at sun.misc.Unsafe.park(Native Method)&#10;        at java.util.concurrent.locks.LockSupport.park(LockSupport.java:175)&#10;        at java.util.concurrent.locks.AbstractQueuedSynchronizer$ConditionObject.await(AbstractQueuedSynchronizer.java:2039)&#10;        at java.util.concurrent.ArrayBlockingQueue.take(ArrayBlockingQueue.java:403)&#10;        at java.util.concurrent.ThreadPoolExecutor.getTask(ThreadPoolExecutor.java:1074)&#10;        at java.util.concurrent.ThreadPoolExecutor.runWorker(ThreadPoolExecutor.java:1134)&#10;        at java.util.concurrent.ThreadPoolExecutor$Worker.run(ThreadPoolExecutor.java:624)&#10;        at java.lang.Thread.run(Thread.java:748)&#10;&quot;IPC Server handler 8 on 35120&quot; daemon prio=5 tid=1897 timed_waiting&#10;java.lang.Thread.State: TIMED_WAITING&#10;        at sun.misc.Unsafe.park(Native Method)&#10;        at java.util.concurrent.locks.LockSupport.parkNanos(LockSupport.java:215)&#10;        at java.util.concurrent.locks.AbstractQueuedSynchronizer$ConditionObject.awaitNanos(AbstractQueuedSynchronizer.java:2078)&#10;        at java.util.concurrent.LinkedBlockingQueue.poll(LinkedBlockingQueue.java:467)&#10;        at org.apache.hadoop.ipc.CallQueueManager.take(CallQueueManager.java:288)&#10;        at org.apache.hadoop.ipc.Server$Handler.run(Server.java:2668)&#10;&quot;pool-208-thread-6&quot;  prio=5 tid=2654 in Object.wait()&#10;java.lang.Thread.State: WAITING (on object monitor)&#10;        at sun.misc.Unsafe.park(Native Method)&#10;        at java.util.concurrent.locks.LockSupport.park(LockSupport.java:175)&#10;        at java.util.concurrent.locks.AbstractQueuedSynchronizer$ConditionObject.await(AbstractQueuedSynchronizer.java:2039)&#10;        at java.util.concurrent.ArrayBlockingQueue.take(ArrayBlockingQueue.java:403)&#10;        at java.util.concurrent.ThreadPoolExecutor.getTask(ThreadPoolExecutor.java:1074)&#10;        at java.util.concurrent.ThreadPoolExecutor.runWorker(ThreadPoolExecutor.java:1134)&#10;        at java.util.concurrent.ThreadPoolExecutor$Worker.run(ThreadPoolExecutor.java:624)&#10;        at java.lang.Thread.run(Thread.java:748)&#10;&quot;grpc-default-executor-3&quot; daemon prio=5 tid=1174 timed_waiting&#10;java.lang.Thread.State: TIMED_WAITING&#10;        at sun.misc.Unsafe.park(Native Method)&#10;        at java.util.concurrent.locks.LockSupport.parkNanos(LockSupport.java:215)&#10;        at java.util.concurrent.SynchronousQueue$TransferStack.awaitFulfill(SynchronousQueue.java:460)&#10;        at java.util.concurrent.SynchronousQueue$TransferStack.transfer(SynchronousQueue.java:362)&#10;        at java.util.concurrent.SynchronousQueue.poll(SynchronousQueue.java:941)&#10;        at java.util.concurrent.ThreadPoolExecutor.getTask(ThreadPoolExecutor.java:1073)&#10;        at java.util.concurrent.ThreadPoolExecutor.runWorker(ThreadPoolExecutor.java:1134)&#10;        at java.util.concurrent.ThreadPoolExecutor$Worker.run(ThreadPoolExecutor.java:624)&#10;        at java.lang.Thread.run(Thread.java:748)&#10;&quot;pool-198-thread-22&quot;  prio=5 tid=2608 in Object.wait()&#10;java.lang.Thread.State: WAITING (on object monitor)&#10;        at sun.misc.Unsafe.park(Native Method)&#10;        at java.util.concurrent.locks.LockSupport.park(LockSupport.java:175)&#10;        at java.util.concurrent.locks.AbstractQueuedSynchronizer$ConditionObject.await(AbstractQueuedSynchronizer.java:2039)&#10;        at java.util.concurrent.ArrayBlockingQueue.take(ArrayBlockingQueue.java:403)&#10;        at java.util.concurrent.ThreadPoolExecutor.getTask(ThreadPoolExecutor.java:1074)&#10;        at java.util.concurrent.ThreadPoolExecutor.runWorker(ThreadPoolExecutor.java:1134)&#10;        at java.util.concurrent.ThreadPoolExecutor$Worker.run(ThreadPoolExecutor.java:624)&#10;        at java.lang.Thread.run(Thread.java:748)&#10;&quot;qtp984235065-2046&quot; daemon prio=5 tid=2046 timed_waiting&#10;java.lang.Thread.State: TIMED_WAITING&#10;        at sun.misc.Unsafe.park(Native Method)&#10;        at java.util.concurrent.locks.LockSupport.parkNanos(LockSupport.java:215)&#10;        at java.util.concurrent.locks.AbstractQueuedSynchronizer$ConditionObject.awaitNanos(AbstractQueuedSynchronizer.java:2078)&#10;        at org.eclipse.jetty.util.BlockingArrayQueue.poll(BlockingArrayQueue.java:392)&#10;        at org.eclipse.jetty.util.thread.QueuedThreadPool.idleJobPoll(QueuedThreadPool.java:563)&#10;        at org.eclipse.jetty.util.thread.QueuedThreadPool.access$800(QueuedThreadPool.java:48)&#10;        at org.eclipse.jetty.util.thread.QueuedThreadPool$2.run(QueuedThreadPool.java:626)&#10;        at java.lang.Thread.run(Thread.java:748)&#10;&quot;PartialTableCache Cleanup Thread - 0&quot; daemon prio=5 tid=1336 in Object.wait()&#10;java.lang.Thread.State: WAITING (on object monitor)&#10;        at sun.misc.Unsafe.park(Native Method)&#10;        at java.util.concurrent.locks.LockSupport.park(LockSupport.java:175)&#10;        at java.util.concurrent.locks.AbstractQueuedSynchronizer$ConditionObject.await(AbstractQueuedSynchronizer.java:2039)&#10;        at java.util.concurrent.LinkedBlockingQueue.take(LinkedBlockingQueue.java:442)&#10;        at java.util.concurrent.ThreadPoolExecutor.getTask(ThreadPoolExecutor.java:1074)&#10;        at java.util.concurrent.ThreadPoolExecutor.runWorker(ThreadPoolExecutor.java:1134)&#10;        at java.util.concurrent.ThreadPoolExecutor$Worker.run(ThreadPoolExecutor.java:624)&#10;        at java.lang.Thread.run(Thread.java:748)&#10;&quot;pool-228-thread-12&quot;  prio=5 tid=2784 in Object.wait()&#10;java.lang.Thread.State: WAITING (on object monitor)&#10;        at sun.misc.Unsafe.park(Native Method)&#10;        at java.util.concurrent.locks.LockSupport.park(LockSupport.java:175)&#10;        at java.util.concurrent.locks.AbstractQueuedSynchronizer$ConditionObject.await(AbstractQueuedSynchronizer.java:2039)&#10;        at java.util.concurrent.ArrayBlockingQueue.take(ArrayBlockingQueue.java:403)&#10;        at java.util.concurrent.ThreadPoolExecutor.getTask(ThreadPoolExecutor.java:1074)&#10;        at java.util.concurrent.ThreadPoolExecutor.runWorker(ThreadPoolExecutor.java:1134)&#10;        at java.util.concurrent.ThreadPoolExecutor$Worker.run(ThreadPoolExecutor.java:624)&#10;        at java.lang.Thread.run(Thread.java:748)&#10;&quot;pool-198-thread-31&quot;  prio=5 tid=2617 in Object.wait()&#10;java.lang.Thread.State: WAITING (on object monitor)&#10;        at sun.misc.Unsafe.park(Native Method)&#10;        at java.util.concurrent.locks.LockSupport.park(LockSupport.java:175)&#10;        at java.util.concurrent.locks.AbstractQueuedSynchronizer$ConditionObject.await(AbstractQueuedSynchronizer.java:2039)&#10;        at java.util.concurrent.ArrayBlockingQueue.take(ArrayBlockingQueue.java:403)&#10;        at java.util.concurrent.ThreadPoolExecutor.getTask(ThreadPoolExecutor.java:1074)&#10;        at java.util.concurrent.ThreadPoolExecutor.runWorker(ThreadPoolExecutor.java:1134)&#10;        at java.util.concurrent.ThreadPoolExecutor$Worker.run(ThreadPoolExecutor.java:624)&#10;        at java.lang.Thread.run(Thread.java:748)&#10;&quot;pool-208-thread-14&quot;  prio=5 tid=2662 in Object.wait()&#10;java.lang.Thread.State: WAITING (on object monitor)&#10;        at sun.misc.Unsafe.park(Native Method)&#10;        at java.util.concurrent.locks.LockSupport.park(LockSupport.java:175)&#10;        at java.util.concurrent.locks.AbstractQueuedSynchronizer$ConditionObject.await(AbstractQueuedSynchronizer.java:2039)&#10;        at java.util.concurrent.ArrayBlockingQueue.take(ArrayBlockingQueue.java:403)&#10;        at java.util.concurrent.ThreadPoolExecutor.getTask(ThreadPoolExecutor.java:1074)&#10;        at java.util.concurrent.ThreadPoolExecutor.runWorker(ThreadPoolExecutor.java:1134)&#10;        at java.util.concurrent.ThreadPoolExecutor$Worker.run(ThreadPoolExecutor.java:624)&#10;        at java.lang.Thread.run(Thread.java:748)&#10;&quot;pool-228-thread-45&quot;  prio=5 tid=2817 in Object.wait()&#10;java.lang.Thread.State: WAITING (on object monitor)&#10;        at sun.misc.Unsafe.park(Native Method)&#10;        at java.util.concurrent.locks.LockSupport.park(LockSupport.java:175)&#10;        at java.util.concurrent.locks.AbstractQueuedSynchronizer$ConditionObject.await(AbstractQueuedSynchronizer.java:2039)&#10;        at java.util.concurrent.ArrayBlockingQueue.take(ArrayBlockingQueue.java:403)&#10;        at java.util.concurrent.ThreadPoolExecutor.getTask(ThreadPoolExecutor.java:1074)&#10;        at java.util.concurrent.ThreadPoolExecutor.runWorker(ThreadPoolExecutor.java:1134)&#10;        at java.util.concurrent.ThreadPoolExecutor$Worker.run(ThreadPoolExecutor.java:624)&#10;        at java.lang.Thread.run(Thread.java:748)&#10;&quot;org.eclipse.jetty.server.session.HashSessionManager@233db8e9Timer&quot; daemon prio=5 tid=2104 timed_waiting&#10;java.lang.Thread.State: TIMED_WAITING&#10;        at sun.misc.Unsafe.park(Native Method)&#10;        at java.util.concurrent.locks.LockSupport.parkNanos(LockSupport.java:215)&#10;        at java.util.concurrent.locks.AbstractQueuedSynchronizer$ConditionObject.awaitNanos(AbstractQueuedSynchronizer.java:2078)&#10;        at java.util.concurrent.ScheduledThreadPoolExecutor$DelayedWorkQueue.take(ScheduledThreadPoolExecutor.java:1093)&#10;        at java.util.concurrent.ScheduledThreadPoolExecutor$DelayedWorkQueue.take(ScheduledThreadPoolExecutor.java:809)&#10;        at java.util.concurrent.ThreadPoolExecutor.getTask(ThreadPoolExecutor.java:1074)&#10;        at java.util.concurrent.ThreadPoolExecutor.runWorker(ThreadPoolExecutor.java:1134)&#10;        at java.util.concurrent.ThreadPoolExecutor$Worker.run(ThreadPoolExecutor.java:624)&#10;        at java.lang.Thread.run(Thread.java:748)&#10;&quot;pool-238-thread-39&quot;  prio=5 tid=2873 in Object.wait()&#10;java.lang.Thread.State: WAITING (on object monitor)&#10;        at sun.misc.Unsafe.park(Native Method)&#10;        at java.util.concurrent.locks.LockSupport.park(LockSupport.java:175)&#10;        at java.util.concurrent.locks.AbstractQueuedSynchronizer$ConditionObject.await(AbstractQueuedSynchronizer.java:2039)&#10;        at java.util.concurrent.ArrayBlockingQueue.take(ArrayBlockingQueue.java:403)&#10;        at java.util.concurrent.ThreadPoolExecutor.getTask(ThreadPoolExecutor.java:1074)&#10;        at java.util.concurrent.ThreadPoolExecutor.runWorker(ThreadPoolExecutor.java:1134)&#10;        at java.util.concurrent.ThreadPoolExecutor$Worker.run(ThreadPoolExecutor.java:624)&#10;        at java.lang.Thread.run(Thread.java:748)&#10;&quot;pool-188-thread-5&quot;  prio=5 tid=2529 in Object.wait()&#10;java.lang.Thread.State: WAITING (on object monitor)&#10;        at sun.misc.Unsafe.park(Native Method)&#10;        at java.util.concurrent.locks.LockSupport.park(LockSupport.java:175)&#10;        at java.util.concurrent.locks.AbstractQueuedSynchronizer$ConditionObject.await(AbstractQueuedSynchronizer.java:2039)&#10;        at java.util.concurrent.ArrayBlockingQueue.take(ArrayBlockingQueue.java:403)&#10;        at java.util.concurrent.ThreadPoolExecutor.getTask(ThreadPoolExecutor.java:1074)&#10;        at java.util.concurrent.ThreadPoolExecutor.runWorker(ThreadPoolExecutor.java:1134)&#10;        at java.util.concurrent.ThreadPoolExecutor$Worker.run(ThreadPoolExecutor.java:624)&#10;        at java.lang.Thread.run(Thread.java:748)&#10;&quot;pool-228-thread-4&quot;  prio=5 tid=2776 in Object.wait()&#10;java.lang.Thread.State: WAITING (on object monitor)&#10;        at sun.misc.Unsafe.park(Native Method)&#10;        at java.util.concurrent.locks.LockSupport.park(LockSupport.java:175)&#10;        at java.util.concurrent.locks.AbstractQueuedSynchronizer$ConditionObject.await(AbstractQueuedSynchronizer.java:2039)&#10;        at java.util.concurrent.ArrayBlockingQueue.take(ArrayBlockingQueue.java:403)&#10;        at java.util.concurrent.ThreadPoolExecutor.getTask(ThreadPoolExecutor.java:1074)&#10;        at java.util.concurrent.ThreadPoolExecutor.runWorker(ThreadPoolExecutor.java:1134)&#10;        at java.util.concurrent.ThreadPoolExecutor$Worker.run(ThreadPoolExecutor.java:624)&#10;        at java.lang.Thread.run(Thread.java:748)&#10;&quot;pool-168-thread-7&quot;  prio=5 tid=2407 in Object.wait()&#10;java.lang.Thread.State: WAITING (on object monitor)&#10;        at sun.misc.Unsafe.park(Native Method)&#10;        at java.util.concurrent.locks.LockSupport.park(LockSupport.java:175)&#10;        at java.util.concurrent.locks.AbstractQueuedSynchronizer$ConditionObject.await(AbstractQueuedSynchronizer.java:2039)&#10;        at java.util.concurrent.ArrayBlockingQueue.take(ArrayBlockingQueue.java:403)&#10;        at java.util.concurrent.ThreadPoolExecutor.getTask(ThreadPoolExecutor.java:1074)&#10;        at java.util.concurrent.ThreadPoolExecutor.runWorker(ThreadPoolExecutor.java:1134)&#10;        at java.util.concurrent.ThreadPoolExecutor$Worker.run(ThreadPoolExecutor.java:624)&#10;        at java.lang.Thread.run(Thread.java:748)&#10;&quot;Datanode ReportManager Thread - 0&quot; daemon prio=5 tid=2106 in Object.wait()&#10;java.lang.Thread.State: WAITING (on object monitor)&#10;        at sun.misc.Unsafe.park(Native Method)&#10;        at java.util.concurrent.locks.LockSupport.park(LockSupport.java:175)&#10;        at java.util.concurrent.locks.AbstractQueuedSynchronizer$ConditionObject.await(AbstractQueuedSynchronizer.java:2039)&#10;        at java.util.concurrent.ScheduledThreadPoolExecutor$DelayedWorkQueue.take(ScheduledThreadPoolExecutor.java:1088)&#10;        at java.util.concurrent.ScheduledThreadPoolExecutor$DelayedWorkQueue.take(ScheduledThreadPoolExecutor.java:809)&#10;        at java.util.concurrent.ThreadPoolExecutor.getTask(ThreadPoolExecutor.java:1074)&#10;        at java.util.concurrent.ThreadPoolExecutor.runWorker(ThreadPoolExecutor.java:1134)&#10;        at java.util.concurrent.ThreadPoolExecutor$Worker.run(ThreadPoolExecutor.java:624)&#10;        at java.lang.Thread.run(Thread.java:748)&#10;&quot;Timer for &apos;StorageContainerManager&apos; metrics system&quot; daemon prio=5 tid=1887 timed_waiting&#10;java.lang.Thread.State: TIMED_WAITING&#10;        at java.lang.Object.wait(Native Method)&#10;        at java.util.TimerThread.mainLoop(Timer.java:552)&#10;        at java.util.TimerThread.run(Timer.java:505)&#10;&quot;0bfc3546-5406-43b9-8d67-9a12bf5503d8@group-7EAD115034F9-StateMachineUpdater&quot; daemon prio=5 tid=3169 in Object.wait()&#10;java.lang.Thread.State: WAITING (on object monitor)&#10;        at java.lang.Object.wait(Native Method)&#10;        at java.lang.Object.wait(Object.java:502)&#10;        at org.apache.ratis.server.impl.StateMachineUpdater.waitForCommit(StateMachineUpdater.java:194)&#10;        at org.apache.ratis.server.impl.StateMachineUpdater.run(StateMachineUpdater.java:159)&#10;        at java.lang.Thread.run(Thread.java:748)&#10;&quot;PartialTableCache Cleanup Thread - 0&quot; daemon prio=5 tid=1339 in Object.wait()&#10;java.lang.Thread.State: WAITING (on object monitor)&#10;        at sun.misc.Unsafe.park(Native Method)&#10;        at java.util.concurrent.locks.LockSupport.park(LockSupport.java:175)&#10;        at java.util.concurrent.locks.AbstractQueuedSynchronizer$ConditionObject.await(AbstractQueuedSynchronizer.java:2039)&#10;        at java.util.concurrent.LinkedBlockingQueue.take(LinkedBlockingQueue.java:442)&#10;        at java.util.concurrent.ThreadPoolExecutor.getTask(ThreadPoolExecutor.java:1074)&#10;        at java.util.concurrent.ThreadPoolExecutor.runWorker(ThreadPoolExecutor.java:1134)&#10;        at java.util.concurrent.ThreadPoolExecutor$Worker.run(ThreadPoolExecutor.java:624)&#10;        at java.lang.Thread.run(Thread.java:748)&#10;&quot;pool-148-thread-6&quot;  prio=5 tid=2281 in Object.wait()&#10;java.lang.Thread.State: WAITING (on object monitor)&#10;        at sun.misc.Unsafe.park(Native Method)&#10;        at java.util.concurrent.locks.LockSupport.park(LockSupport.java:175)&#10;        at java.util.concurrent.locks.AbstractQueuedSynchronizer$ConditionObject.await(AbstractQueuedSynchronizer.java:2039)&#10;        at java.util.concurrent.ArrayBlockingQueue.take(ArrayBlockingQueue.java:403)&#10;        at java.util.concurrent.ThreadPoolExecutor.getTask(ThreadPoolExecutor.java:1074)&#10;        at java.util.concurrent.ThreadPoolExecutor.runWorker(ThreadPoolExecutor.java:1134)&#10;        at java.util.concurrent.ThreadPoolExecutor$Worker.run(ThreadPoolExecutor.java:624)&#10;        at java.lang.Thread.run(Thread.java:748)&#10;&quot;Datanode ReportManager Thread - 3&quot; daemon prio=5 tid=2136 in Object.wait()&#10;java.lang.Thread.State: WAITING (on object monitor)&#10;        at sun.misc.Unsafe.park(Native Method)&#10;        at java.util.concurrent.locks.LockSupport.park(LockSupport.java:175)&#10;        at java.util.concurrent.locks.AbstractQueuedSynchronizer$ConditionObject.await(AbstractQueuedSynchronizer.java:2039)&#10;        at java.util.concurrent.ScheduledThreadPoolExecutor$DelayedWorkQueue.take(ScheduledThreadPoolExecutor.java:1088)&#10;        at java.util.concurrent.ScheduledThreadPoolExecutor$DelayedWorkQueue.take(ScheduledThreadPoolExecutor.java:809)&#10;        at java.util.concurrent.ThreadPoolExecutor.getTask(ThreadPoolExecutor.java:1074)&#10;        at java.util.concurrent.ThreadPoolExecutor.runWorker(ThreadPoolExecutor.java:1134)&#10;        at java.util.concurrent.ThreadPoolExecutor$Worker.run(ThreadPoolExecutor.java:624)&#10;        at java.lang.Thread.run(Thread.java:748)&#10;&quot;Thread-1373&quot; daemon prio=5 tid=3001 timed_waiting&#10;java.lang.Thread.State: TIMED_WAITING&#10;        at sun.misc.Unsafe.park(Native Method)&#10;        at java.util.concurrent.locks.LockSupport.parkNanos(LockSupport.java:215)&#10;        at java.util.concurrent.locks.AbstractQueuedSynchronizer$ConditionObject.awaitNanos(AbstractQueuedSynchronizer.java:2078)&#10;        at java.util.concurrent.ArrayBlockingQueue.poll(ArrayBlockingQueue.java:418)&#10;        at org.apache.ratis.server.impl.LeaderState$EventQueue.poll(LeaderState.java:115)&#10;        at org.apache.ratis.server.impl.LeaderState$EventProcessor.run(LeaderState.java:467)&#10;&quot;pool-178-thread-3&quot;  prio=5 tid=2465 in Object.wait()&#10;java.lang.Thread.State: WAITING (on object monitor)&#10;        at sun.misc.Unsafe.park(Native Method)&#10;        at java.util.concurrent.locks.LockSupport.park(LockSupport.java:175)&#10;        at java.util.concurrent.locks.AbstractQueuedSynchronizer$ConditionObject.await(AbstractQueuedSynchronizer.java:2039)&#10;        at java.util.concurrent.ArrayBlockingQueue.take(ArrayBlockingQueue.java:403)&#10;        at java.util.concurrent.ThreadPoolExecutor.getTask(ThreadPoolExecutor.java:1074)&#10;        at java.util.concurrent.ThreadPoolExecutor.runWorker(ThreadPoolExecutor.java:1134)&#10;        at java.util.concurrent.ThreadPoolExecutor$Worker.run(ThreadPoolExecutor.java:624)&#10;        at java.lang.Thread.run(Thread.java:748)&#10;&quot;pool-208-thread-17&quot;  prio=5 tid=2665 in Object.wait()&#10;java.lang.Thread.State: WAITING (on object monitor)&#10;        at sun.misc.Unsafe.park(Native Method)&#10;        at java.util.concurrent.locks.LockSupport.park(LockSupport.java:175)&#10;        at java.util.concurrent.locks.AbstractQueuedSynchronizer$ConditionObject.await(AbstractQueuedSynchronizer.java:2039)&#10;        at java.util.concurrent.ArrayBlockingQueue.take(ArrayBlockingQueue.java:403)&#10;        at java.util.concurrent.ThreadPoolExecutor.getTask(ThreadPoolExecutor.java:1074)&#10;        at java.util.concurrent.ThreadPoolExecutor.runWorker(ThreadPoolExecutor.java:1134)&#10;        at java.util.concurrent.ThreadPoolExecutor$Worker.run(ThreadPoolExecutor.java:624)&#10;        at java.lang.Thread.run(Thread.java:748)&#10;&quot;pool-168-thread-25&quot;  prio=5 tid=2425 in Object.wait()&#10;java.lang.Thread.State: WAITING (on object monitor)&#10;        at sun.misc.Unsafe.park(Native Method)&#10;        at java.util.concurrent.locks.LockSupport.park(LockSupport.java:175)&#10;        at java.util.concurrent.locks.AbstractQueuedSynchronizer$ConditionObject.await(AbstractQueuedSynchronizer.java:2039)&#10;        at java.util.concurrent.ArrayBlockingQueue.take(ArrayBlockingQueue.java:403)&#10;        at java.util.concurrent.ThreadPoolExecutor.getTask(ThreadPoolExecutor.java:1074)&#10;        at java.util.concurrent.ThreadPoolExecutor.runWorker(ThreadPoolExecutor.java:1134)&#10;        at java.util.concurrent.ThreadPoolExecutor$Worker.run(ThreadPoolExecutor.java:624)&#10;        at java.lang.Thread.run(Thread.java:748)&#10;&quot;pool-218-thread-41&quot;  prio=5 tid=2751 in Object.wait()&#10;java.lang.Thread.State: WAITING (on object monitor)&#10;        at sun.misc.Unsafe.park(Native Method)&#10;        at java.util.concurrent.locks.LockSupport.park(LockSupport.java:175)&#10;        at java.util.concurrent.locks.AbstractQueuedSynchronizer$ConditionObject.await(AbstractQueuedSynchronizer.java:2039)&#10;        at java.util.concurrent.ArrayBlockingQueue.take(ArrayBlockingQueue.java:403)&#10;        at java.util.concurrent.ThreadPoolExecutor.getTask(ThreadPoolExecutor.java:1074)&#10;        at java.util.concurrent.ThreadPoolExecutor.runWorker(ThreadPoolExecutor.java:1134)&#10;        at java.util.concurrent.ThreadPoolExecutor$Worker.run(ThreadPoolExecutor.java:624)&#10;        at java.lang.Thread.run(Thread.java:748)&#10;&quot;pool-208-thread-29&quot;  prio=5 tid=2677 in Object.wait()&#10;java.lang.Thread.State: WAITING (on object monitor)&#10;        at sun.misc.Unsafe.park(Native Method)&#10;        at java.util.concurrent.locks.LockSupport.park(LockSupport.java:175)&#10;        at java.util.concurrent.locks.AbstractQueuedSynchronizer$ConditionObject.await(AbstractQueuedSynchronizer.java:2039)&#10;        at java.util.concurrent.ArrayBlockingQueue.take(ArrayBlockingQueue.java:403)&#10;        at java.util.concurrent.ThreadPoolExecutor.getTask(ThreadPoolExecutor.java:1074)&#10;        at java.util.concurrent.ThreadPoolExecutor.runWorker(ThreadPoolExecutor.java:1134)&#10;        at java.util.concurrent.ThreadPoolExecutor$Worker.run(ThreadPoolExecutor.java:624)&#10;        at java.lang.Thread.run(Thread.java:748)&#10;&quot;pool-228-thread-21&quot;  prio=5 tid=2793 in Object.wait()&#10;java.lang.Thread.State: WAITING (on object monitor)&#10;        at sun.misc.Unsafe.park(Native Method)&#10;        at java.util.concurrent.locks.LockSupport.park(LockSupport.java:175)&#10;        at java.util.concurrent.locks.AbstractQueuedSynchronizer$ConditionObject.await(AbstractQueuedSynchronizer.java:2039)&#10;        at java.util.concurrent.ArrayBlockingQueue.take(ArrayBlockingQueue.java:403)&#10;        at java.util.concurrent.ThreadPoolExecutor.getTask(ThreadPoolExecutor.java:1074)&#10;        at java.util.concurrent.ThreadPoolExecutor.runWorker(ThreadPoolExecutor.java:1134)&#10;        at java.util.concurrent.ThreadPoolExecutor$Worker.run(ThreadPoolExecutor.java:624)&#10;        at java.lang.Thread.run(Thread.java:748)&#10;&quot;pool-168-thread-43&quot;  prio=5 tid=2443 in Object.wait()&#10;java.lang.Thread.State: WAITING (on object monitor)&#10;        at sun.misc.Unsafe.park(Native Method)&#10;        at java.util.concurrent.locks.LockSupport.park(LockSupport.java:175)&#10;        at java.util.concurrent.locks.AbstractQueuedSynchronizer$ConditionObject.await(AbstractQueuedSynchronizer.java:2039)&#10;        at java.util.concurrent.ArrayBlockingQueue.take(ArrayBlockingQueue.java:403)&#10;        at java.util.concurrent.ThreadPoolExecutor.getTask(ThreadPoolExecutor.java:1074)&#10;        at java.util.concurrent.ThreadPoolExecutor.runWorker(ThreadPoolExecutor.java:1134)&#10;        at java.util.concurrent.ThreadPoolExecutor$Worker.run(ThreadPoolExecutor.java:624)&#10;        at java.lang.Thread.run(Thread.java:748)&#10;&quot;Datanode ReportManager Thread - 1&quot; daemon prio=5 tid=2269 in Object.wait()&#10;java.lang.Thread.State: WAITING (on object monitor)&#10;        at sun.misc.Unsafe.park(Native Method)&#10;        at java.util.concurrent.locks.LockSupport.park(LockSupport.java:175)&#10;        at java.util.concurrent.locks.AbstractQueuedSynchronizer$ConditionObject.await(AbstractQueuedSynchronizer.java:2039)&#10;        at java.util.concurrent.ScheduledThreadPoolExecutor$DelayedWorkQueue.take(ScheduledThreadPoolExecutor.java:1088)&#10;        at java.util.concurrent.ScheduledThreadPoolExecutor$DelayedWorkQueue.take(ScheduledThreadPoolExecutor.java:809)&#10;        at java.util.concurrent.ThreadPoolExecutor.getTask(ThreadPoolExecutor.java:1074)&#10;        at java.util.concurrent.ThreadPoolExecutor.runWorker(ThreadPoolExecutor.java:1134)&#10;        at java.util.concurrent.ThreadPoolExecutor$Worker.run(ThreadPoolExecutor.java:624)&#10;        at java.lang.Thread.run(Thread.java:748)&#10;&quot;pool-198-thread-17&quot;  prio=5 tid=2603 in Object.wait()&#10;java.lang.Thread.State: WAITING (on object monitor)&#10;        at sun.misc.Unsafe.park(Native Method)&#10;        at java.util.concurrent.locks.LockSupport.park(LockSupport.java:175)&#10;        at java.util.concurrent.locks.AbstractQueuedSynchronizer$ConditionObject.await(AbstractQueuedSynchronizer.java:2039)&#10;        at java.util.concurrent.ArrayBlockingQueue.take(ArrayBlockingQueue.java:403)&#10;        at java.util.concurrent.ThreadPoolExecutor.getTask(ThreadPoolExecutor.java:1074)&#10;        at java.util.concurrent.ThreadPoolExecutor.runWorker(ThreadPoolExecutor.java:1134)&#10;        at java.util.concurrent.ThreadPoolExecutor$Worker.run(ThreadPoolExecutor.java:624)&#10;        at java.lang.Thread.run(Thread.java:748)&#10;&quot;pool-228-thread-42&quot;  prio=5 tid=2814 in Object.wait()&#10;java.lang.Thread.State: WAITING (on object monitor)&#10;        at sun.misc.Unsafe.park(Native Method)&#10;        at java.util.concurrent.locks.LockSupport.park(LockSupport.java:175)&#10;        at java.util.concurrent.locks.AbstractQueuedSynchronizer$ConditionObject.await(AbstractQueuedSynchronizer.java:2039)&#10;        at java.util.concurrent.ArrayBlockingQueue.take(ArrayBlockingQueue.java:403)&#10;        at java.util.concurrent.ThreadPoolExecutor.getTask(ThreadPoolExecutor.java:1074)&#10;        at java.util.concurrent.ThreadPoolExecutor.runWorker(ThreadPoolExecutor.java:1134)&#10;        at java.util.concurrent.ThreadPoolExecutor$Worker.run(ThreadPoolExecutor.java:624)&#10;        at java.lang.Thread.run(Thread.java:748)&#10;&quot;pool-218-thread-13&quot;  prio=5 tid=2723 in Object.wait()&#10;java.lang.Thread.State: WAITING (on object monitor)&#10;        at sun.misc.Unsafe.park(Native Method)&#10;        at java.util.concurrent.locks.LockSupport.park(LockSupport.java:175)&#10;        at java.util.concurrent.locks.AbstractQueuedSynchronizer$ConditionObject.await(AbstractQueuedSynchronizer.java:2039)&#10;        at java.util.concurrent.ArrayBlockingQueue.take(ArrayBlockingQueue.java:403)&#10;        at java.util.concurrent.ThreadPoolExecutor.getTask(ThreadPoolExecutor.java:1074)&#10;        at java.util.concurrent.ThreadPoolExecutor.runWorker(ThreadPoolExecutor.java:1134)&#10;        at java.util.concurrent.ThreadPoolExecutor$Worker.run(ThreadPoolExecutor.java:624)&#10;        at java.lang.Thread.run(Thread.java:748)&#10;&quot;eccb109f-99d1-4501-bb16-6ecf49b3cdca@group-529DDC391E9C-SegmentedRaftLogWorker&quot;  prio=5 tid=3130 timed_waiting&#10;java.lang.Thread.State: TIMED_WAITING&#10;        at sun.misc.Unsafe.park(Native Method)&#10;        at java.util.concurrent.locks.LockSupport.parkNanos(LockSupport.java:215)&#10;        at java.util.concurrent.locks.AbstractQueuedSynchronizer$ConditionObject.awaitNanos(AbstractQueuedSynchronizer.java:2078)&#10;        at org.apache.ratis.util.DataBlockingQueue.poll(DataBlockingQueue.java:137)&#10;        at org.apache.ratis.server.raftlog.segmented.SegmentedRaftLogWorker.run(SegmentedRaftLogWorker.java:282)&#10;        at java.lang.Thread.run(Thread.java:748)&#10;&quot;qtp270313690-2121&quot; daemon prio=5 tid=2121 runnable&#10;java.lang.Thread.State: RUNNABLE&#10;        at sun.nio.ch.EPollArrayWrapper.epollWait(Native Method)&#10;        at sun.nio.ch.EPollArrayWrapper.poll(EPollArrayWrapper.java:269)&#10;        at sun.nio.ch.EPollSelectorImpl.doSelect(EPollSelectorImpl.java:93)&#10;        at sun.nio.ch.SelectorImpl.lockAndDoSelect(SelectorImpl.java:86)&#10;        at sun.nio.ch.SelectorImpl.select(SelectorImpl.java:97)&#10;        at sun.nio.ch.SelectorImpl.select(SelectorImpl.java:101)&#10;        at org.eclipse.jetty.io.ManagedSelector$SelectorProducer.select(ManagedSelector.java:243)&#10;        at org.eclipse.jetty.io.ManagedSelector$SelectorProducer.produce(ManagedSelector.java:191)&#10;        at org.eclipse.jetty.util.thread.strategy.ExecuteProduceConsume.executeProduceConsume(ExecuteProduceConsume.java:249)&#10;        at org.eclipse.jetty.util.thread.strategy.ExecuteProduceConsume.produceConsume(ExecuteProduceConsume.java:148)&#10;        at org.eclipse.jetty.util.thread.strategy.ExecuteProduceConsume.execute(ExecuteProduceConsume.java:100)&#10;        at org.eclipse.jetty.io.ManagedSelector.run(ManagedSelector.java:147)&#10;        at org.eclipse.jetty.util.thread.QueuedThreadPool.runJob(QueuedThreadPool.java:671)&#10;        at org.eclipse.jetty.util.thread.QueuedThreadPool$2.run(QueuedThreadPool.java:589)&#10;        at java.lang.Thread.run(Thread.java:748)&#10;&quot;pool-130-thread-1&quot;  prio=5 tid=1886 timed_waiting&#10;java.lang.Thread.State: TIMED_WAITING&#10;        at sun.misc.Unsafe.park(Native Method)&#10;        at java.util.concurrent.locks.LockSupport.parkNanos(LockSupport.java:215)&#10;        at java.util.concurrent.locks.AbstractQueuedSynchronizer$ConditionObject.awaitNanos(AbstractQueuedSynchronizer.java:2078)&#10;        at java.util.concurrent.ScheduledThreadPoolExecutor$DelayedWorkQueue.take(ScheduledThreadPoolExecutor.java:1093)&#10;        at java.util.concurrent.ScheduledThreadPoolExecutor$DelayedWorkQueue.take(ScheduledThreadPoolExecutor.java:809)&#10;        at java.util.concurrent.ThreadPoolExecutor.getTask(ThreadPoolExecutor.java:1074)&#10;        at java.util.concurrent.ThreadPoolExecutor.runWorker(ThreadPoolExecutor.java:1134)&#10;        at java.util.concurrent.ThreadPoolExecutor$Worker.run(ThreadPoolExecutor.java:624)&#10;        at java.lang.Thread.run(Thread.java:748)&#10;&quot;IPC Server listener on 45410&quot; daemon prio=5 tid=1965 runnable&#10;java.lang.Thread.State: RUNNABLE&#10;        at sun.nio.ch.EPollArrayWrapper.epollWait(Native Method)&#10;        at sun.nio.ch.EPollArrayWrapper.poll(EPollArrayWrapper.java:269)&#10;        at sun.nio.ch.EPollSelectorImpl.doSelect(EPollSelectorImpl.java:93)&#10;        at sun.nio.ch.SelectorImpl.lockAndDoSelect(SelectorImpl.java:86)&#10;        at sun.nio.ch.SelectorImpl.select(SelectorImpl.java:97)&#10;        at sun.nio.ch.SelectorImpl.select(SelectorImpl.java:101)&#10;        at org.apache.hadoop.ipc.Server$Listener.run(Server.java:1159)&#10;&quot;pool-148-thread-40&quot;  prio=5 tid=2315 in Object.wait()&#10;java.lang.Thread.State: WAITING (on object monitor)&#10;        at sun.misc.Unsafe.park(Native Method)&#10;        at java.util.concurrent.locks.LockSupport.park(LockSupport.java:175)&#10;        at java.util.concurrent.locks.AbstractQueuedSynchronizer$ConditionObject.await(AbstractQueuedSynchronizer.java:2039)&#10;        at java.util.concurrent.ArrayBlockingQueue.take(ArrayBlockingQueue.java:403)&#10;        at java.util.concurrent.ThreadPoolExecutor.getTask(ThreadPoolExecutor.java:1074)&#10;        at java.util.concurrent.ThreadPoolExecutor.runWorker(ThreadPoolExecutor.java:1134)&#10;        at java.util.concurrent.ThreadPoolExecutor$Worker.run(ThreadPoolExecutor.java:624)&#10;        at java.lang.Thread.run(Thread.java:748)&#10;&quot;pool-158-thread-19&quot;  prio=5 tid=2357 in Object.wait()&#10;java.lang.Thread.State: WAITING (on object monitor)&#10;        at sun.misc.Unsafe.park(Native Method)&#10;        at java.util.concurrent.locks.LockSupport.park(LockSupport.java:175)&#10;        at java.util.concurrent.locks.AbstractQueuedSynchronizer$ConditionObject.await(AbstractQueuedSynchronizer.java:2039)&#10;        at java.util.concurrent.ArrayBlockingQueue.take(ArrayBlockingQueue.java:403)&#10;        at java.util.concurrent.ThreadPoolExecutor.getTask(ThreadPoolExecutor.java:1074)&#10;        at java.util.concurrent.ThreadPoolExecutor.runWorker(ThreadPoolExecutor.java:1134)&#10;        at java.util.concurrent.ThreadPoolExecutor$Worker.run(ThreadPoolExecutor.java:624)&#10;        at java.lang.Thread.run(Thread.java:748)&#10;&quot;EventQueue-CloseContainerForCloseContainerEventHandler&quot;  prio=5 tid=3108 in Object.wait()&#10;java.lang.Thread.State: WAITING (on object monitor)&#10;        at sun.misc.Unsafe.park(Native Method)&#10;        at java.util.concurrent.locks.LockSupport.park(LockSupport.java:175)&#10;        at java.util.concurrent.locks.AbstractQueuedSynchronizer$ConditionObject.await(AbstractQueuedSynchronizer.java:2039)&#10;        at java.util.concurrent.LinkedBlockingQueue.take(LinkedBlockingQueue.java:442)&#10;        at java.util.concurrent.ThreadPoolExecutor.getTask(ThreadPoolExecutor.java:1074)&#10;        at java.util.concurrent.ThreadPoolExecutor.runWorker(ThreadPoolExecutor.java:1134)&#10;        at java.util.concurrent.ThreadPoolExecutor$Worker.run(ThreadPoolExecutor.java:624)&#10;        at java.lang.Thread.run(Thread.java:748)&#10;&quot;pool-158-thread-12&quot;  prio=5 tid=2350 in Object.wait()&#10;java.lang.Thread.State: WAITING (on object monitor)&#10;        at sun.misc.Unsafe.park(Native Method)&#10;        at java.util.concurrent.locks.LockSupport.park(LockSupport.java:175)&#10;        at java.util.concurrent.locks.AbstractQueuedSynchronizer$ConditionObject.await(AbstractQueuedSynchronizer.java:2039)&#10;        at java.util.concurrent.ArrayBlockingQueue.take(ArrayBlockingQueue.java:403)&#10;        at java.util.concurrent.ThreadPoolExecutor.getTask(ThreadPoolExecutor.java:1074)&#10;        at java.util.concurrent.ThreadPoolExecutor.runWorker(ThreadPoolExecutor.java:1134)&#10;        at java.util.concurrent.ThreadPoolExecutor$Worker.run(ThreadPoolExecutor.java:624)&#10;        at java.lang.Thread.run(Thread.java:748)&#10;&quot;Thread-1581&quot; daemon prio=5 tid=3240 timed_waiting&#10;java.lang.Thread.State: TIMED_WAITING&#10;        at java.lang.Thread.sleep(Native Method)&#10;        at org.apache.ratis.util.JavaUtils.sleep(JavaUtils.java:243)&#10;        at org.apache.ratis.server.impl.FollowerState.run(FollowerState.java:100)&#10;&quot;pool-228-thread-44&quot;  prio=5 tid=2816 in Object.wait()&#10;java.lang.Thread.State: WAITING (on object monitor)&#10;        at sun.misc.Unsafe.park(Native Method)&#10;        at java.util.concurrent.locks.LockSupport.park(LockSupport.java:175)&#10;        at java.util.concurrent.locks.AbstractQueuedSynchronizer$ConditionObject.await(AbstractQueuedSynchronizer.java:2039)&#10;        at java.util.concurrent.ArrayBlockingQueue.take(ArrayBlockingQueue.java:403)&#10;        at java.util.concurrent.ThreadPoolExecutor.getTask(ThreadPoolExecutor.java:1074)&#10;        at java.util.concurrent.ThreadPoolExecutor.runWorker(ThreadPoolExecutor.java:1134)&#10;        at java.util.concurrent.ThreadPoolExecutor$Worker.run(ThreadPoolExecutor.java:624)&#10;        at java.lang.Thread.run(Thread.java:748)&#10;&quot;pool-228-thread-2&quot;  prio=5 tid=2774 in Object.wait()&#10;java.lang.Thread.State: WAITING (on object monitor)&#10;        at sun.misc.Unsafe.park(Native Method)&#10;        at java.util.concurrent.locks.LockSupport.park(LockSupport.java:175)&#10;        at java.util.concurrent.locks.AbstractQueuedSynchronizer$ConditionObject.await(AbstractQueuedSynchronizer.java:2039)&#10;        at java.util.concurrent.ArrayBlockingQueue.take(ArrayBlockingQueue.java:403)&#10;        at java.util.concurrent.ThreadPoolExecutor.getTask(ThreadPoolExecutor.java:1074)&#10;        at java.util.concurrent.ThreadPoolExecutor.runWorker(ThreadPoolExecutor.java:1134)&#10;        at java.util.concurrent.ThreadPoolExecutor$Worker.run(ThreadPoolExecutor.java:624)&#10;        at java.lang.Thread.run(Thread.java:748)&#10;&quot;PartialTableCache Cleanup Thread - 0&quot; daemon prio=5 tid=3077 in Object.wait()&#10;java.lang.Thread.State: WAITING (on object monitor)&#10;        at sun.misc.Unsafe.park(Native Method)&#10;        at java.util.concurrent.locks.LockSupport.park(LockSupport.java:175)&#10;        at java.util.concurrent.locks.AbstractQueuedSynchronizer$ConditionObject.await(AbstractQueuedSynchronizer.java:2039)&#10;        at java.util.concurrent.LinkedBlockingQueue.take(LinkedBlockingQueue.java:442)&#10;        at java.util.concurrent.ThreadPoolExecutor.getTask(ThreadPoolExecutor.java:1074)&#10;        at java.util.concurrent.ThreadPoolExecutor.runWorker(ThreadPoolExecutor.java:1134)&#10;        at java.util.concurrent.ThreadPoolExecutor$Worker.run(ThreadPoolExecutor.java:624)&#10;        at java.lang.Thread.run(Thread.java:748)&#10;&quot;pool-208-thread-53&quot;  prio=5 tid=2701 in Object.wait()&#10;java.lang.Thread.State: WAITING (on object monitor)&#10;        at sun.misc.Unsafe.park(Native Method)&#10;        at java.util.concurrent.locks.LockSupport.park(LockSupport.java:175)&#10;        at java.util.concurrent.locks.AbstractQueuedSynchronizer$ConditionObject.await(AbstractQueuedSynchronizer.java:2039)&#10;        at java.util.concurrent.ArrayBlockingQueue.take(ArrayBlockingQueue.java:403)&#10;        at java.util.concurrent.ThreadPoolExecutor.getTask(ThreadPoolExecutor.java:1074)&#10;        at java.util.concurrent.ThreadPoolExecutor.runWorker(ThreadPoolExecutor.java:1134)&#10;        at java.util.concurrent.ThreadPoolExecutor$Worker.run(ThreadPoolExecutor.java:624)&#10;        at java.lang.Thread.run(Thread.java:748)&#10;&quot;pool-208-thread-26&quot;  prio=5 tid=2674 in Object.wait()&#10;java.lang.Thread.State: WAITING (on object monitor)&#10;        at sun.misc.Unsafe.park(Native Method)&#10;        at java.util.concurrent.locks.LockSupport.park(LockSupport.java:175)&#10;        at java.util.concurrent.locks.AbstractQueuedSynchronizer$ConditionObject.await(AbstractQueuedSynchronizer.java:2039)&#10;        at java.util.concurrent.ArrayBlockingQueue.take(ArrayBlockingQueue.java:403)&#10;        at java.util.concurrent.ThreadPoolExecutor.getTask(ThreadPoolExecutor.java:1074)&#10;        at java.util.concurrent.ThreadPoolExecutor.runWorker(ThreadPoolExecutor.java:1134)&#10;        at java.util.concurrent.ThreadPoolExecutor$Worker.run(ThreadPoolExecutor.java:624)&#10;        at java.lang.Thread.run(Thread.java:748)&#10;&quot;refreshUsed-/workdir/hadoop-ozone/integration-test/target/test-dir/MiniOzoneClusterImpl-8fc52630-20fd-4955-97d1-2a2852f9ee58/datanode-4/data/containers&quot; daemon prio=5 tid=2116 timed_waiting&#10;java.lang.Thread.State: TIMED_WAITING&#10;        at java.lang.Thread.sleep(Native Method)&#10;        at org.apache.hadoop.fs.CachingGetSpaceUsed$RefreshThread.run(CachingGetSpaceUsed.java:179)&#10;        at java.lang.Thread.run(Thread.java:748)&#10;&quot;Datanode ReportManager Thread - 1&quot; daemon prio=5 tid=253 in Object.wait()&#10;java.lang.Thread.State: WAITING (on object monitor)&#10;        at sun.misc.Unsafe.park(Native Method)&#10;        at java.util.concurrent.locks.LockSupport.park(LockSupport.java:175)&#10;        at java.util.concurrent.locks.AbstractQueuedSynchronizer$ConditionObject.await(AbstractQueuedSynchronizer.java:2039)&#10;        at java.util.concurrent.ScheduledThreadPoolExecutor$DelayedWorkQueue.take(ScheduledThreadPoolExecutor.java:1088)&#10;        at java.util.concurrent.ScheduledThreadPoolExecutor$DelayedWorkQueue.take(ScheduledThreadPoolExecutor.java:809)&#10;        at java.util.concurrent.ThreadPoolExecutor.getTask(ThreadPoolExecutor.java:1074)&#10;        at java.util.concurrent.ThreadPoolExecutor.runWorker(ThreadPoolExecutor.java:1134)&#10;        at java.util.concurrent.ThreadPoolExecutor$Worker.run(ThreadPoolExecutor.java:624)&#10;        at java.lang.Thread.run(Thread.java:748)&#10;&quot;pool-238-thread-19&quot;  prio=5 tid=2853 in Object.wait()&#10;java.lang.Thread.State: WAITING (on object monitor)&#10;        at sun.misc.Unsafe.park(Native Method)&#10;        at java.util.concurrent.locks.LockSupport.park(LockSupport.java:175)&#10;        at java.util.concurrent.locks.AbstractQueuedSynchronizer$ConditionObject.await(AbstractQueuedSynchronizer.java:2039)&#10;        at java.util.concurrent.ArrayBlockingQueue.take(ArrayBlockingQueue.java:403)&#10;        at java.util.concurrent.ThreadPoolExecutor.getTask(ThreadPoolExecutor.java:1074)&#10;        at java.util.concurrent.ThreadPoolExecutor.runWorker(ThreadPoolExecutor.java:1134)&#10;        at java.util.concurrent.ThreadPoolExecutor$Worker.run(ThreadPoolExecutor.java:624)&#10;        at java.lang.Thread.run(Thread.java:748)&#10;&quot;pool-198-thread-40&quot;  prio=5 tid=2626 in Object.wait()&#10;java.lang.Thread.State: WAITING (on object monitor)&#10;        at sun.misc.Unsafe.park(Native Method)&#10;        at java.util.concurrent.locks.LockSupport.park(LockSupport.java:175)&#10;        at java.util.concurrent.locks.AbstractQueuedSynchronizer$ConditionObject.await(AbstractQueuedSynchronizer.java:2039)&#10;        at java.util.concurrent.ArrayBlockingQueue.take(ArrayBlockingQueue.java:403)&#10;        at java.util.concurrent.ThreadPoolExecutor.getTask(ThreadPoolExecutor.java:1074)&#10;        at java.util.concurrent.ThreadPoolExecutor.runWorker(ThreadPoolExecutor.java:1134)&#10;        at java.util.concurrent.ThreadPoolExecutor$Worker.run(ThreadPoolExecutor.java:624)&#10;        at java.lang.Thread.run(Thread.java:748)&#10;&quot;pool-198-thread-36&quot;  prio=5 tid=2622 in Object.wait()&#10;java.lang.Thread.State: WAITING (on object monitor)&#10;        at sun.misc.Unsafe.park(Native Method)&#10;        at java.util.concurrent.locks.LockSupport.park(LockSupport.java:175)&#10;        at java.util.concurrent.locks.AbstractQueuedSynchronizer$ConditionObject.await(AbstractQueuedSynchronizer.java:2039)&#10;        at java.util.concurrent.ArrayBlockingQueue.take(ArrayBlockingQueue.java:403)&#10;        at java.util.concurrent.ThreadPoolExecutor.getTask(ThreadPoolExecutor.java:1074)&#10;        at java.util.concurrent.ThreadPoolExecutor.runWorker(ThreadPoolExecutor.java:1134)&#10;        at java.util.concurrent.ThreadPoolExecutor$Worker.run(ThreadPoolExecutor.java:624)&#10;        at java.lang.Thread.run(Thread.java:748)&#10;&quot;pool-148-thread-28&quot;  prio=5 tid=2303 in Object.wait()&#10;java.lang.Thread.State: WAITING (on object monitor)&#10;        at sun.misc.Unsafe.park(Native Method)&#10;        at java.util.concurrent.locks.LockSupport.park(LockSupport.java:175)&#10;        at java.util.concurrent.locks.AbstractQueuedSynchronizer$ConditionObject.await(AbstractQueuedSynchronizer.java:2039)&#10;        at java.util.concurrent.ArrayBlockingQueue.take(ArrayBlockingQueue.java:403)&#10;        at java.util.concurrent.ThreadPoolExecutor.getTask(ThreadPoolExecutor.java:1074)&#10;        at java.util.concurrent.ThreadPoolExecutor.runWorker(ThreadPoolExecutor.java:1134)&#10;        at java.util.concurrent.ThreadPoolExecutor$Worker.run(ThreadPoolExecutor.java:624)&#10;        at java.lang.Thread.run(Thread.java:748)&#10;&quot;org.eclipse.jetty.server.session.HashSessionManager@9f86dc3Timer&quot; daemon prio=5 tid=2264 timed_waiting&#10;java.lang.Thread.State: TIMED_WAITING&#10;        at sun.misc.Unsafe.park(Native Method)&#10;        at java.util.concurrent.locks.LockSupport.parkNanos(LockSupport.java:215)&#10;        at java.util.concurrent.locks.AbstractQueuedSynchronizer$ConditionObject.awaitNanos(AbstractQueuedSynchronizer.java:2078)&#10;        at java.util.concurrent.ScheduledThreadPoolExecutor$DelayedWorkQueue.take(ScheduledThreadPoolExecutor.java:1093)&#10;        at java.util.concurrent.ScheduledThreadPoolExecutor$DelayedWorkQueue.take(ScheduledThreadPoolExecutor.java:809)&#10;        at java.util.concurrent.ThreadPoolExecutor.getTask(ThreadPoolExecutor.java:1074)&#10;        at java.util.concurrent.ThreadPoolExecutor.runWorker(ThreadPoolExecutor.java:1134)&#10;        at java.util.concurrent.ThreadPoolExecutor$Worker.run(ThreadPoolExecutor.java:624)&#10;        at java.lang.Thread.run(Thread.java:748)&#10;&quot;pool-208-thread-7&quot;  prio=5 tid=2655 in Object.wait()&#10;java.lang.Thread.State: WAITING (on object monitor)&#10;        at sun.misc.Unsafe.park(Native Method)&#10;        at java.util.concurrent.locks.LockSupport.park(LockSupport.java:175)&#10;        at java.util.concurrent.locks.AbstractQueuedSynchronizer$ConditionObject.await(AbstractQueuedSynchronizer.java:2039)&#10;        at java.util.concurrent.ArrayBlockingQueue.take(ArrayBlockingQueue.java:403)&#10;        at java.util.concurrent.ThreadPoolExecutor.getTask(ThreadPoolExecutor.java:1074)&#10;        at java.util.concurrent.ThreadPoolExecutor.runWorker(ThreadPoolExecutor.java:1134)&#10;        at java.util.concurrent.ThreadPoolExecutor$Worker.run(ThreadPoolExecutor.java:624)&#10;        at java.lang.Thread.run(Thread.java:748)&#10;&quot;pool-188-thread-59&quot;  prio=5 tid=2583 in Object.wait()&#10;java.lang.Thread.State: WAITING (on object monitor)&#10;        at sun.misc.Unsafe.park(Native Method)&#10;        at java.util.concurrent.locks.LockSupport.park(LockSupport.java:175)&#10;        at java.util.concurrent.locks.AbstractQueuedSynchronizer$ConditionObject.await(AbstractQueuedSynchronizer.java:2039)&#10;        at java.util.concurrent.ArrayBlockingQueue.take(ArrayBlockingQueue.java:403)&#10;        at java.util.concurrent.ThreadPoolExecutor.getTask(ThreadPoolExecutor.java:1074)&#10;        at java.util.concurrent.ThreadPoolExecutor.runWorker(ThreadPoolExecutor.java:1134)&#10;        at java.util.concurrent.ThreadPoolExecutor$Worker.run(ThreadPoolExecutor.java:624)&#10;        at java.lang.Thread.run(Thread.java:748)&#10;&quot;IPC Server handler 13 on 39845&quot; daemon prio=5 tid=1942 timed_waiting&#10;java.lang.Thread.State: TIMED_WAITING&#10;        at sun.misc.Unsafe.park(Native Method)&#10;        at java.util.concurrent.locks.LockSupport.parkNanos(LockSupport.java:215)&#10;        at java.util.concurrent.locks.AbstractQueuedSynchronizer$ConditionObject.awaitNanos(AbstractQueuedSynchronizer.java:2078)&#10;        at java.util.concurrent.LinkedBlockingQueue.poll(LinkedBlockingQueue.java:467)&#10;        at org.apache.hadoop.ipc.CallQueueManager.take(CallQueueManager.java:288)&#10;        at org.apache.hadoop.ipc.Server$Handler.run(Server.java:2668)&#10;&quot;qtp769195805-2020&quot; daemon prio=5 tid=2020 timed_waiting&#10;java.lang.Thread.State: TIMED_WAITING&#10;        at sun.misc.Unsafe.park(Native Method)&#10;        at java.util.concurrent.locks.LockSupport.parkNanos(LockSupport.java:215)&#10;        at java.util.concurrent.locks.AbstractQueuedSynchronizer$ConditionObject.awaitNanos(AbstractQueuedSynchronizer.java:2078)&#10;        at org.eclipse.jetty.util.BlockingArrayQueue.poll(BlockingArrayQueue.java:392)&#10;        at org.eclipse.jetty.util.thread.QueuedThreadPool.idleJobPoll(QueuedThreadPool.java:563)&#10;        at org.eclipse.jetty.util.thread.QueuedThreadPool.access$800(QueuedThreadPool.java:48)&#10;        at org.eclipse.jetty.util.thread.QueuedThreadPool$2.run(QueuedThreadPool.java:626)&#10;        at java.lang.Thread.run(Thread.java:748)&#10;&quot;PartialTableCache Cleanup Thread - 0&quot; daemon prio=5 tid=3070 in Object.wait()&#10;java.lang.Thread.State: WAITING (on object monitor)&#10;        at sun.misc.Unsafe.park(Native Method)&#10;        at java.util.concurrent.locks.LockSupport.park(LockSupport.java:175)&#10;        at java.util.concurrent.locks.AbstractQueuedSynchronizer$ConditionObject.await(AbstractQueuedSynchronizer.java:2039)&#10;        at java.util.concurrent.LinkedBlockingQueue.take(LinkedBlockingQueue.java:442)&#10;        at java.util.concurrent.ThreadPoolExecutor.getTask(ThreadPoolExecutor.java:1074)&#10;        at java.util.concurrent.ThreadPoolExecutor.runWorker(ThreadPoolExecutor.java:1134)&#10;        at java.util.concurrent.ThreadPoolExecutor$Worker.run(ThreadPoolExecutor.java:624)&#10;        at java.lang.Thread.run(Thread.java:748)&#10;&quot;pool-178-thread-33&quot;  prio=5 tid=2495 in Object.wait()&#10;java.lang.Thread.State: WAITING (on object monitor)&#10;        at sun.misc.Unsafe.park(Native Method)&#10;        at java.util.concurrent.locks.LockSupport.park(LockSupport.java:175)&#10;        at java.util.concurrent.locks.AbstractQueuedSynchronizer$ConditionObject.await(AbstractQueuedSynchronizer.java:2039)&#10;        at java.util.concurrent.ArrayBlockingQueue.take(ArrayBlockingQueue.java:403)&#10;        at java.util.concurrent.ThreadPoolExecutor.getTask(ThreadPoolExecutor.java:1074)&#10;        at java.util.concurrent.ThreadPoolExecutor.runWorker(ThreadPoolExecutor.java:1134)&#10;        at java.util.concurrent.ThreadPoolExecutor$Worker.run(ThreadPoolExecutor.java:624)&#10;        at java.lang.Thread.run(Thread.java:748)&#10;&quot;org.eclipse.jetty.server.session.HashSessionManager@6e60f18Timer&quot; daemon prio=5 tid=2157 timed_waiting&#10;java.lang.Thread.State: TIMED_WAITING&#10;        at sun.misc.Unsafe.park(Native Method)&#10;        at java.util.concurrent.locks.LockSupport.parkNanos(LockSupport.java:215)&#10;        at java.util.concurrent.locks.AbstractQueuedSynchronizer$ConditionObject.awaitNanos(AbstractQueuedSynchronizer.java:2078)&#10;        at java.util.concurrent.ScheduledThreadPoolExecutor$DelayedWorkQueue.take(ScheduledThreadPoolExecutor.java:1093)&#10;        at java.util.concurrent.ScheduledThreadPoolExecutor$DelayedWorkQueue.take(ScheduledThreadPoolExecutor.java:809)&#10;        at java.util.concurrent.ThreadPoolExecutor.getTask(ThreadPoolExecutor.java:1074)&#10;        at java.util.concurrent.ThreadPoolExecutor.runWorker(ThreadPoolExecutor.java:1134)&#10;        at java.util.concurrent.ThreadPoolExecutor$Worker.run(ThreadPoolExecutor.java:624)&#10;        at java.lang.Thread.run(Thread.java:748)&#10;&quot;org.eclipse.jetty.server.session.HashSessionManager@2e463f4Timer&quot; daemon prio=5 tid=2130 timed_waiting&#10;java.lang.Thread.State: TIMED_WAITING&#10;        at sun.misc.Unsafe.park(Native Method)&#10;        at java.util.concurrent.locks.LockSupport.parkNanos(LockSupport.java:215)&#10;        at java.util.concurrent.locks.AbstractQueuedSynchronizer$ConditionObject.awaitNanos(AbstractQueuedSynchronizer.java:2078)&#10;        at java.util.concurrent.ScheduledThreadPoolExecutor$DelayedWorkQueue.take(ScheduledThreadPoolExecutor.java:1093)&#10;        at java.util.concurrent.ScheduledThreadPoolExecutor$DelayedWorkQueue.take(ScheduledThreadPoolExecutor.java:809)&#10;        at java.util.concurrent.ThreadPoolExecutor.getTask(ThreadPoolExecutor.java:1074)&#10;        at java.util.concurrent.ThreadPoolExecutor.runWorker(ThreadPoolExecutor.java:1134)&#10;        at java.util.concurrent.ThreadPoolExecutor$Worker.run(ThreadPoolExecutor.java:624)&#10;        at java.lang.Thread.run(Thread.java:748)&#10;&quot;pool-198-thread-58&quot;  prio=5 tid=2644 in Object.wait()&#10;java.lang.Thread.State: WAITING (on object monitor)&#10;        at sun.misc.Unsafe.park(Native Method)&#10;        at java.util.concurrent.locks.LockSupport.park(LockSupport.java:175)&#10;        at java.util.concurrent.locks.AbstractQueuedSynchronizer$ConditionObject.await(AbstractQueuedSynchronizer.java:2039)&#10;        at java.util.concurrent.ArrayBlockingQueue.take(ArrayBlockingQueue.java:403)&#10;        at java.util.concurrent.ThreadPoolExecutor.getTask(ThreadPoolExecutor.java:1074)&#10;        at java.util.concurrent.ThreadPoolExecutor.runWorker(ThreadPoolExecutor.java:1134)&#10;        at java.util.concurrent.ThreadPoolExecutor$Worker.run(ThreadPoolExecutor.java:624)&#10;        at java.lang.Thread.run(Thread.java:748)&#10;&quot;surefire-forkedjvm-ping-30s&quot; daemon prio=5 tid=9 timed_waiting&#10;java.lang.Thread.State: TIMED_WAITING&#10;        at sun.misc.Unsafe.park(Native Method)&#10;        at java.util.concurrent.locks.LockSupport.parkNanos(LockSupport.java:215)&#10;        at java.util.concurrent.locks.AbstractQueuedSynchronizer$ConditionObject.awaitNanos(AbstractQueuedSynchronizer.java:2078)&#10;        at java.util.concurrent.ScheduledThreadPoolExecutor$DelayedWorkQueue.take(ScheduledThreadPoolExecutor.java:1093)&#10;        at java.util.concurrent.ScheduledThreadPoolExecutor$DelayedWorkQueue.take(ScheduledThreadPoolExecutor.java:809)&#10;        at java.util.concurrent.ThreadPoolExecutor.getTask(ThreadPoolExecutor.java:1074)&#10;        at java.util.concurrent.ThreadPoolExecutor.runWorker(ThreadPoolExecutor.java:1134)&#10;        at java.util.concurrent.ThreadPoolExecutor$Worker.run(ThreadPoolExecutor.java:624)&#10;        at java.lang.Thread.run(Thread.java:748)&#10;&quot;org.eclipse.jetty.server.session.HashSessionManager@40247d48Timer&quot; daemon prio=5 tid=2049 timed_waiting&#10;java.lang.Thread.State: TIMED_WAITING&#10;        at sun.misc.Unsafe.park(Native Method)&#10;        at java.util.concurrent.locks.LockSupport.parkNanos(LockSupport.java:215)&#10;        at java.util.concurrent.locks.AbstractQueuedSynchronizer$ConditionObject.awaitNanos(AbstractQueuedSynchronizer.java:2078)&#10;        at java.util.concurrent.ScheduledThreadPoolExecutor$DelayedWorkQueue.take(ScheduledThreadPoolExecutor.java:1093)&#10;        at java.util.concurrent.ScheduledThreadPoolExecutor$DelayedWorkQueue.take(ScheduledThreadPoolExecutor.java:809)&#10;        at java.util.concurrent.ThreadPoolExecutor.getTask(ThreadPoolExecutor.java:1074)&#10;        at java.util.concurrent.ThreadPoolExecutor.runWorker(ThreadPoolExecutor.java:1134)&#10;        at java.util.concurrent.ThreadPoolExecutor$Worker.run(ThreadPoolExecutor.java:624)&#10;        at java.lang.Thread.run(Thread.java:748)&#10;&quot;pool-228-thread-49&quot;  prio=5 tid=2821 in Object.wait()&#10;java.lang.Thread.State: WAITING (on object monitor)&#10;        at sun.misc.Unsafe.park(Native Method)&#10;        at java.util.concurrent.locks.LockSupport.park(LockSupport.java:175)&#10;        at java.util.concurrent.locks.AbstractQueuedSynchronizer$ConditionObject.await(AbstractQueuedSynchronizer.java:2039)&#10;        at java.util.concurrent.ArrayBlockingQueue.take(ArrayBlockingQueue.java:403)&#10;        at java.util.concurrent.ThreadPoolExecutor.getTask(ThreadPoolExecutor.java:1074)&#10;        at java.util.concurrent.ThreadPoolExecutor.runWorker(ThreadPoolExecutor.java:1134)&#10;        at java.util.concurrent.ThreadPoolExecutor$Worker.run(ThreadPoolExecutor.java:624)&#10;        at java.lang.Thread.run(Thread.java:748)&#10;&quot;pool-208-thread-12&quot;  prio=5 tid=2660 in Object.wait()&#10;java.lang.Thread.State: WAITING (on object monitor)&#10;        at sun.misc.Unsafe.park(Native Method)&#10;        at java.util.concurrent.locks.LockSupport.park(LockSupport.java:175)&#10;        at java.util.concurrent.locks.AbstractQueuedSynchronizer$ConditionObject.await(AbstractQueuedSynchronizer.java:2039)&#10;        at java.util.concurrent.ArrayBlockingQueue.take(ArrayBlockingQueue.java:403)&#10;        at java.util.concurrent.ThreadPoolExecutor.getTask(ThreadPoolExecutor.java:1074)&#10;        at java.util.concurrent.ThreadPoolExecutor.runWorker(ThreadPoolExecutor.java:1134)&#10;        at java.util.concurrent.ThreadPoolExecutor$Worker.run(ThreadPoolExecutor.java:624)&#10;        at java.lang.Thread.run(Thread.java:748)&#10;&quot;Datanode ReportManager Thread - 3&quot; daemon prio=5 tid=2082 in Object.wait()&#10;java.lang.Thread.State: WAITING (on object monitor)&#10;        at sun.misc.Unsafe.park(Native Method)&#10;        at java.util.concurrent.locks.LockSupport.park(LockSupport.java:175)&#10;        at java.util.concurrent.locks.AbstractQueuedSynchronizer$ConditionObject.await(AbstractQueuedSynchronizer.java:2039)&#10;        at java.util.concurrent.ScheduledThreadPoolExecutor$DelayedWorkQueue.take(ScheduledThreadPoolExecutor.java:1088)&#10;        at java.util.concurrent.ScheduledThreadPoolExecutor$DelayedWorkQueue.take(ScheduledThreadPoolExecutor.java:809)&#10;        at java.util.concurrent.ThreadPoolExecutor.getTask(ThreadPoolExecutor.java:1074)&#10;        at java.util.concurrent.ThreadPoolExecutor.runWorker(ThreadPoolExecutor.java:1134)&#10;        at java.util.concurrent.ThreadPoolExecutor$Worker.run(ThreadPoolExecutor.java:624)&#10;        at java.lang.Thread.run(Thread.java:748)&#10;&quot;grpc-default-executor-5&quot; daemon prio=5 tid=1190 timed_waiting&#10;java.lang.Thread.State: TIMED_WAITING&#10;        at sun.misc.Unsafe.park(Native Method)&#10;        at java.util.concurrent.locks.LockSupport.parkNanos(LockSupport.java:215)&#10;        at java.util.concurrent.SynchronousQueue$TransferStack.awaitFulfill(SynchronousQueue.java:460)&#10;        at java.util.concurrent.SynchronousQueue$TransferStack.transfer(SynchronousQueue.java:362)&#10;        at java.util.concurrent.SynchronousQueue.poll(SynchronousQueue.java:941)&#10;        at java.util.concurrent.ThreadPoolExecutor.getTask(ThreadPoolExecutor.java:1073)&#10;        at java.util.concurrent.ThreadPoolExecutor.runWorker(ThreadPoolExecutor.java:1134)&#10;        at java.util.concurrent.ThreadPoolExecutor$Worker.run(ThreadPoolExecutor.java:624)&#10;        at java.lang.Thread.run(Thread.java:748)&#10;&quot;5fe8490f-f805-406a-80e2-fbda1a66b042@group-A2A7FA27FDC7-SegmentedRaftLogWorker&quot;  prio=5 tid=3155 timed_waiting&#10;java.lang.Thread.State: TIMED_WAITING&#10;        at sun.misc.Unsafe.park(Native Method)&#10;        at java.util.concurrent.locks.LockSupport.parkNanos(LockSupport.java:215)&#10;        at java.util.concurrent.locks.AbstractQueuedSynchronizer$ConditionObject.awaitNanos(AbstractQueuedSynchronizer.java:2078)&#10;        at org.apache.ratis.util.DataBlockingQueue.poll(DataBlockingQueue.java:137)&#10;        at org.apache.ratis.server.raftlog.segmented.SegmentedRaftLogWorker.run(SegmentedRaftLogWorker.java:282)&#10;        at java.lang.Thread.run(Thread.java:748)&#10;&quot;qtp377667724-1999&quot; daemon prio=5 tid=1999 timed_waiting&#10;java.lang.Thread.State: TIMED_WAITING&#10;        at sun.misc.Unsafe.park(Native Method)&#10;        at java.util.concurrent.locks.LockSupport.parkNanos(LockSupport.java:215)&#10;        at java.util.concurrent.locks.AbstractQueuedSynchronizer$ConditionObject.awaitNanos(AbstractQueuedSynchronizer.java:2078)&#10;        at org.eclipse.jetty.util.BlockingArrayQueue.poll(BlockingArrayQueue.java:392)&#10;        at org.eclipse.jetty.util.thread.QueuedThreadPool.idleJobPoll(QueuedThreadPool.java:563)&#10;        at org.eclipse.jetty.util.thread.QueuedThreadPool.access$800(QueuedThreadPool.java:48)&#10;        at org.eclipse.jetty.util.thread.QueuedThreadPool$2.run(QueuedThreadPool.java:626)&#10;        at java.lang.Thread.run(Thread.java:748)&#10;&quot;Thread-1556&quot; daemon prio=5 tid=3215 timed_waiting&#10;java.lang.Thread.State: TIMED_WAITING&#10;        at java.lang.Thread.sleep(Native Method)&#10;        at org.apache.ratis.util.JavaUtils.sleep(JavaUtils.java:243)&#10;        at org.apache.ratis.server.impl.FollowerState.run(FollowerState.java:100)&#10;&quot;pool-168-thread-50&quot;  prio=5 tid=2450 in Object.wait()&#10;java.lang.Thread.State: WAITING (on object monitor)&#10;        at sun.misc.Unsafe.park(Native Method)&#10;        at java.util.concurrent.locks.LockSupport.park(LockSupport.java:175)&#10;        at java.util.concurrent.locks.AbstractQueuedSynchronizer$ConditionObject.await(AbstractQueuedSynchronizer.java:2039)&#10;        at java.util.concurrent.ArrayBlockingQueue.take(ArrayBlockingQueue.java:403)&#10;        at java.util.concurrent.ThreadPoolExecutor.getTask(ThreadPoolExecutor.java:1074)&#10;        at java.util.concurrent.ThreadPoolExecutor.runWorker(ThreadPoolExecutor.java:1134)&#10;        at java.util.concurrent.ThreadPoolExecutor$Worker.run(ThreadPoolExecutor.java:624)&#10;        at java.lang.Thread.run(Thread.java:748)&#10;&quot;pool-238-thread-55&quot;  prio=5 tid=2889 in Object.wait()&#10;java.lang.Thread.State: WAITING (on object monitor)&#10;        at sun.misc.Unsafe.park(Native Method)&#10;        at java.util.concurrent.locks.LockSupport.park(LockSupport.java:175)&#10;        at java.util.concurrent.locks.AbstractQueuedSynchronizer$ConditionObject.await(AbstractQueuedSynchronizer.java:2039)&#10;        at java.util.concurrent.ArrayBlockingQueue.take(ArrayBlockingQueue.java:403)&#10;        at java.util.concurrent.ThreadPoolExecutor.getTask(ThreadPoolExecutor.java:1074)&#10;        at java.util.concurrent.ThreadPoolExecutor.runWorker(ThreadPoolExecutor.java:1134)&#10;        at java.util.concurrent.ThreadPoolExecutor$Worker.run(ThreadPoolExecutor.java:624)&#10;        at java.lang.Thread.run(Thread.java:748)&#10;&quot;IPC Server handler 13 on 35120&quot; daemon prio=5 tid=1902 timed_waiting&#10;java.lang.Thread.State: TIMED_WAITING&#10;        at sun.misc.Unsafe.park(Native Method)&#10;        at java.util.concurrent.locks.LockSupport.parkNanos(LockSupport.java:215)&#10;        at java.util.concurrent.locks.AbstractQueuedSynchronizer$ConditionObject.awaitNanos(AbstractQueuedSynchronizer.java:2078)&#10;        at java.util.concurrent.LinkedBlockingQueue.poll(LinkedBlockingQueue.java:467)&#10;        at org.apache.hadoop.ipc.CallQueueManager.take(CallQueueManager.java:288)&#10;        at org.apache.hadoop.ipc.Server$Handler.run(Server.java:2668)&#10;&quot;Periodic HDDS volume checker&quot;  prio=5 tid=2087 timed_waiting&#10;java.lang.Thread.State: TIMED_WAITING&#10;        at sun.misc.Unsafe.park(Native Method)&#10;        at java.util.concurrent.locks.LockSupport.parkNanos(LockSupport.java:215)&#10;        at java.util.concurrent.locks.AbstractQueuedSynchronizer$ConditionObject.awaitNanos(AbstractQueuedSynchronizer.java:2078)&#10;        at java.util.concurrent.ScheduledThreadPoolExecutor$DelayedWorkQueue.take(ScheduledThreadPoolExecutor.java:1093)&#10;        at java.util.concurrent.ScheduledThreadPoolExecutor$DelayedWorkQueue.take(ScheduledThreadPoolExecutor.java:809)&#10;        at java.util.concurrent.ThreadPoolExecutor.getTask(ThreadPoolExecutor.java:1074)&#10;        at java.util.concurrent.ThreadPoolExecutor.runWorker(ThreadPoolExecutor.java:1134)&#10;        at java.util.concurrent.ThreadPoolExecutor$Worker.run(ThreadPoolExecutor.java:624)&#10;        at java.lang.Thread.run(Thread.java:748)&#10;&quot;qtp984235065-2047&quot; daemon prio=5 tid=2047 timed_waiting&#10;java.lang.Thread.State: TIMED_WAITING&#10;        at sun.misc.Unsafe.park(Native Method)&#10;        at java.util.concurrent.locks.LockSupport.parkNanos(LockSupport.java:215)&#10;        at java.util.concurrent.locks.AbstractQueuedSynchronizer$ConditionObject.awaitNanos(AbstractQueuedSynchronizer.java:2078)&#10;        at org.eclipse.jetty.util.BlockingArrayQueue.poll(BlockingArrayQueue.java:392)&#10;        at org.eclipse.jetty.util.thread.QueuedThreadPool.idleJobPoll(QueuedThreadPool.java:563)&#10;        at org.eclipse.jetty.util.thread.QueuedThreadPool.access$800(QueuedThreadPool.java:48)&#10;        at org.eclipse.jetty.util.thread.QueuedThreadPool$2.run(QueuedThreadPool.java:626)&#10;        at java.lang.Thread.run(Thread.java:748)&#10;&quot;Thread-1550&quot; daemon prio=5 tid=3209 timed_waiting&#10;java.lang.Thread.State: TIMED_WAITING&#10;        at sun.misc.Unsafe.park(Native Method)&#10;        at java.util.concurrent.locks.LockSupport.parkNanos(LockSupport.java:215)&#10;        at java.util.concurrent.locks.AbstractQueuedSynchronizer$ConditionObject.awaitNanos(AbstractQueuedSynchronizer.java:2078)&#10;        at java.util.concurrent.ArrayBlockingQueue.poll(ArrayBlockingQueue.java:418)&#10;        at org.apache.ratis.server.impl.LeaderState$EventQueue.poll(LeaderState.java:115)&#10;        at org.apache.ratis.server.impl.LeaderState$EventProcessor.run(LeaderState.java:467)&#10;&quot;qtp769195805-2016&quot; daemon prio=5 tid=2016 timed_waiting&#10;java.lang.Thread.State: TIMED_WAITING&#10;        at sun.misc.Unsafe.park(Native Method)&#10;        at java.util.concurrent.locks.LockSupport.parkNanos(LockSupport.java:215)&#10;        at java.util.concurrent.locks.AbstractQueuedSynchronizer$ConditionObject.awaitNanos(AbstractQueuedSynchronizer.java:2078)&#10;        at org.eclipse.jetty.util.BlockingArrayQueue.poll(BlockingArrayQueue.java:392)&#10;        at org.eclipse.jetty.util.thread.QueuedThreadPool.idleJobPoll(QueuedThreadPool.java:563)&#10;        at org.eclipse.jetty.util.thread.QueuedThreadPool.access$800(QueuedThreadPool.java:48)&#10;        at org.eclipse.jetty.util.thread.QueuedThreadPool$2.run(QueuedThreadPool.java:626)&#10;        at java.lang.Thread.run(Thread.java:748)&#10;&quot;Datanode ReportManager Thread - 3&quot; daemon prio=5 tid=174 timed_waiting&#10;java.lang.Thread.State: TIMED_WAITING&#10;        at sun.misc.Unsafe.park(Native Method)&#10;        at java.util.concurrent.locks.LockSupport.parkNanos(LockSupport.java:215)&#10;        at java.util.concurrent.locks.AbstractQueuedSynchronizer$ConditionObject.awaitNanos(AbstractQueuedSynchronizer.java:2078)&#10;        at java.util.concurrent.ScheduledThreadPoolExecutor$DelayedWorkQueue.take(ScheduledThreadPoolExecutor.java:1093)&#10;        at java.util.concurrent.ScheduledThreadPoolExecutor$DelayedWorkQueue.take(ScheduledThreadPoolExecutor.java:809)&#10;        at java.util.concurrent.ThreadPoolExecutor.getTask(ThreadPoolExecutor.java:1074)&#10;        at java.util.concurrent.ThreadPoolExecutor.runWorker(ThreadPoolExecutor.java:1134)&#10;        at java.util.concurrent.ThreadPoolExecutor$Worker.run(ThreadPoolExecutor.java:624)&#10;        at java.lang.Thread.run(Thread.java:748)&#10;&quot;pool-178-thread-50&quot;  prio=5 tid=2512 in Object.wait()&#10;java.lang.Thread.State: WAITING (on object monitor)&#10;        at sun.misc.Unsafe.park(Native Method)&#10;        at java.util.concurrent.locks.LockSupport.park(LockSupport.java:175)&#10;        at java.util.concurrent.locks.AbstractQueuedSynchronizer$ConditionObject.await(AbstractQueuedSynchronizer.java:2039)&#10;        at java.util.concurrent.ArrayBlockingQueue.take(ArrayBlockingQueue.java:403)&#10;        at java.util.concurrent.ThreadPoolExecutor.getTask(ThreadPoolExecutor.java:1074)&#10;        at java.util.concurrent.ThreadPoolExecutor.runWorker(ThreadPoolExecutor.java:1134)&#10;        at java.util.concurrent.ThreadPoolExecutor$Worker.run(ThreadPoolExecutor.java:624)&#10;        at java.lang.Thread.run(Thread.java:748)&#10;&quot;0bfc3546-5406-43b9-8d67-9a12bf5503d8@group-7EAD115034F9-SegmentedRaftLogWorker&quot;  prio=5 tid=3168 timed_waiting&#10;java.lang.Thread.State: TIMED_WAITING&#10;        at sun.misc.Unsafe.park(Native Method)&#10;        at java.util.concurrent.locks.LockSupport.parkNanos(LockSupport.java:215)&#10;        at java.util.concurrent.locks.AbstractQueuedSynchronizer$ConditionObject.awaitNanos(AbstractQueuedSynchronizer.java:2078)&#10;        at org.apache.ratis.util.DataBlockingQueue.poll(DataBlockingQueue.java:137)&#10;        at org.apache.ratis.server.raftlog.segmented.SegmentedRaftLogWorker.run(SegmentedRaftLogWorker.java:282)&#10;        at java.lang.Thread.run(Thread.java:748)&#10;&quot;Datanode ReportManager Thread - 1&quot; daemon prio=5 tid=388 in Object.wait()&#10;java.lang.Thread.State: WAITING (on object monitor)&#10;        at sun.misc.Unsafe.park(Native Method)&#10;        at java.util.concurrent.locks.LockSupport.park(LockSupport.java:175)&#10;        at java.util.concurrent.locks.AbstractQueuedSynchronizer$ConditionObject.await(AbstractQueuedSynchronizer.java:2039)&#10;        at java.util.concurrent.ScheduledThreadPoolExecutor$DelayedWorkQueue.take(ScheduledThreadPoolExecutor.java:1088)&#10;        at java.util.concurrent.ScheduledThreadPoolExecutor$DelayedWorkQueue.take(ScheduledThreadPoolExecutor.java:809)&#10;        at java.util.concurrent.ThreadPoolExecutor.getTask(ThreadPoolExecutor.java:1074)&#10;        at java.util.concurrent.ThreadPoolExecutor.runWorker(ThreadPoolExecutor.java:1134)&#10;        at java.util.concurrent.ThreadPoolExecutor$Worker.run(ThreadPoolExecutor.java:624)&#10;        at java.lang.Thread.run(Thread.java:748)&#10;&quot;pool-158-thread-24&quot;  prio=5 tid=2362 in Object.wait()&#10;java.lang.Thread.State: WAITING (on object monitor)&#10;        at sun.misc.Unsafe.park(Native Method)&#10;        at java.util.concurrent.locks.LockSupport.park(LockSupport.java:175)&#10;        at java.util.concurrent.locks.AbstractQueuedSynchronizer$ConditionObject.await(AbstractQueuedSynchronizer.java:2039)&#10;        at java.util.concurrent.ArrayBlockingQueue.take(ArrayBlockingQueue.java:403)&#10;        at java.util.concurrent.ThreadPoolExecutor.getTask(ThreadPoolExecutor.java:1074)&#10;        at java.util.concurrent.ThreadPoolExecutor.runWorker(ThreadPoolExecutor.java:1134)&#10;        at java.util.concurrent.ThreadPoolExecutor$Worker.run(ThreadPoolExecutor.java:624)&#10;        at java.lang.Thread.run(Thread.java:748)&#10;&quot;Command processor thread&quot; daemon prio=5 tid=2164 timed_waiting&#10;java.lang.Thread.State: TIMED_WAITING&#10;        at java.lang.Thread.sleep(Native Method)&#10;        at org.apache.hadoop.ozone.container.common.statemachine.DatanodeStateMachine.lambda$initCommandHandlerThread$1(DatanodeStateMachine.java:444)&#10;        at org.apache.hadoop.ozone.container.common.statemachine.DatanodeStateMachine$$Lambda$142/1059342576.run(Unknown Source)&#10;        at java.lang.Thread.run(Thread.java:748)&#10;&quot;IPC Server handler 11 on 39845&quot; daemon prio=5 tid=1940 timed_waiting&#10;java.lang.Thread.State: TIMED_WAITING&#10;        at sun.misc.Unsafe.park(Native Method)&#10;        at java.util.concurrent.locks.LockSupport.parkNanos(LockSupport.java:215)&#10;        at java.util.concurrent.locks.AbstractQueuedSynchronizer$ConditionObject.awaitNanos(AbstractQueuedSynchronizer.java:2078)&#10;        at java.util.concurrent.LinkedBlockingQueue.poll(LinkedBlockingQueue.java:467)&#10;        at org.apache.hadoop.ipc.CallQueueManager.take(CallQueueManager.java:288)&#10;        at org.apache.hadoop.ipc.Server$Handler.run(Server.java:2668)&#10;&quot;pool-228-thread-19&quot;  prio=5 tid=2791 in Object.wait()&#10;java.lang.Thread.State: WAITING (on object monitor)&#10;        at sun.misc.Unsafe.park(Native Method)&#10;        at java.util.concurrent.locks.LockSupport.park(LockSupport.java:175)&#10;        at java.util.concurrent.locks.AbstractQueuedSynchronizer$ConditionObject.await(AbstractQueuedSynchronizer.java:2039)&#10;        at java.util.concurrent.ArrayBlockingQueue.take(ArrayBlockingQueue.java:403)&#10;        at java.util.concurrent.ThreadPoolExecutor.getTask(ThreadPoolExecutor.java:1074)&#10;        at java.util.concurrent.ThreadPoolExecutor.runWorker(ThreadPoolExecutor.java:1134)&#10;        at java.util.concurrent.ThreadPoolExecutor$Worker.run(ThreadPoolExecutor.java:624)&#10;        at java.lang.Thread.run(Thread.java:748)&#10;&quot;BlockDeletingService#0&quot; daemon prio=5 tid=2647 timed_waiting&#10;java.lang.Thread.State: TIMED_WAITING&#10;        at sun.misc.Unsafe.park(Native Method)&#10;        at java.util.concurrent.locks.LockSupport.parkNanos(LockSupport.java:215)&#10;        at java.util.concurrent.locks.AbstractQueuedSynchronizer$ConditionObject.awaitNanos(AbstractQueuedSynchronizer.java:2078)&#10;        at java.util.concurrent.ScheduledThreadPoolExecutor$DelayedWorkQueue.take(ScheduledThreadPoolExecutor.java:1093)&#10;        at java.util.concurrent.ScheduledThreadPoolExecutor$DelayedWorkQueue.take(ScheduledThreadPoolExecutor.java:809)&#10;        at java.util.concurrent.ThreadPoolExecutor.getTask(ThreadPoolExecutor.java:1074)&#10;        at java.util.concurrent.ThreadPoolExecutor.runWorker(ThreadPoolExecutor.java:1134)&#10;        at java.util.concurrent.ThreadPoolExecutor$Worker.run(ThreadPoolExecutor.java:624)&#10;        at java.lang.Thread.run(Thread.java:748)&#10;&quot;pool-158-thread-35&quot;  prio=5 tid=2373 in Object.wait()&#10;java.lang.Thread.State: WAITING (on object monitor)&#10;        at sun.misc.Unsafe.park(Native Method)&#10;        at java.util.concurrent.locks.LockSupport.park(LockSupport.java:175)&#10;        at java.util.concurrent.locks.AbstractQueuedSynchronizer$ConditionObject.await(AbstractQueuedSynchronizer.java:2039)&#10;        at java.util.concurrent.ArrayBlockingQueue.take(ArrayBlockingQueue.java:403)&#10;        at java.util.concurrent.ThreadPoolExecutor.getTask(ThreadPoolExecutor.java:1074)&#10;        at java.util.concurrent.ThreadPoolExecutor.runWorker(ThreadPoolExecutor.java:1134)&#10;        at java.util.concurrent.ThreadPoolExecutor$Worker.run(ThreadPoolExecutor.java:624)&#10;        at java.lang.Thread.run(Thread.java:748)&#10;&quot;qtp2010856706-2206&quot; daemon prio=5 tid=2206 timed_waiting&#10;java.lang.Thread.State: TIMED_WAITING&#10;        at sun.misc.Unsafe.park(Native Method)&#10;        at java.util.concurrent.locks.LockSupport.parkNanos(LockSupport.java:215)&#10;        at java.util.concurrent.locks.AbstractQueuedSynchronizer$ConditionObject.awaitNanos(AbstractQueuedSynchronizer.java:2078)&#10;        at org.eclipse.jetty.util.BlockingArrayQueue.poll(BlockingArrayQueue.java:392)&#10;        at org.eclipse.jetty.util.thread.QueuedThreadPool.idleJobPoll(QueuedThreadPool.java:563)&#10;        at org.eclipse.jetty.util.thread.QueuedThreadPool.access$800(QueuedThreadPool.java:48)&#10;        at org.eclipse.jetty.util.thread.QueuedThreadPool$2.run(QueuedThreadPool.java:626)&#10;        at java.lang.Thread.run(Thread.java:748)&#10;&quot;pool-178-thread-46&quot;  prio=5 tid=2508 in Object.wait()&#10;java.lang.Thread.State: WAITING (on object monitor)&#10;        at sun.misc.Unsafe.park(Native Method)&#10;        at java.util.concurrent.locks.LockSupport.park(LockSupport.java:175)&#10;        at java.util.concurrent.locks.AbstractQueuedSynchronizer$ConditionObject.await(AbstractQueuedSynchronizer.java:2039)&#10;        at java.util.concurrent.ArrayBlockingQueue.take(ArrayBlockingQueue.java:403)&#10;        at java.util.concurrent.ThreadPoolExecutor.getTask(ThreadPoolExecutor.java:1074)&#10;        at java.util.concurrent.ThreadPoolExecutor.runWorker(ThreadPoolExecutor.java:1134)&#10;        at java.util.concurrent.ThreadPoolExecutor$Worker.run(ThreadPoolExecutor.java:624)&#10;        at java.lang.Thread.run(Thread.java:748)&#10;&quot;org.eclipse.jetty.server.session.HashSessionManager@73c3cd09Timer&quot; daemon prio=5 tid=1958 timed_waiting&#10;java.lang.Thread.State: TIMED_WAITING&#10;        at sun.misc.Unsafe.park(Native Method)&#10;        at java.util.concurrent.locks.LockSupport.parkNanos(LockSupport.java:215)&#10;        at java.util.concurrent.locks.AbstractQueuedSynchronizer$ConditionObject.awaitNanos(AbstractQueuedSynchronizer.java:2078)&#10;        at java.util.concurrent.ScheduledThreadPoolExecutor$DelayedWorkQueue.take(ScheduledThreadPoolExecutor.java:1093)&#10;        at java.util.concurrent.ScheduledThreadPoolExecutor$DelayedWorkQueue.take(ScheduledThreadPoolExecutor.java:809)&#10;        at java.util.concurrent.ThreadPoolExecutor.getTask(ThreadPoolExecutor.java:1074)&#10;        at java.util.concurrent.ThreadPoolExecutor.runWorker(ThreadPoolExecutor.java:1134)&#10;        at java.util.concurrent.ThreadPoolExecutor$Worker.run(ThreadPoolExecutor.java:624)&#10;        at java.lang.Thread.run(Thread.java:748)&#10;&quot;EventQueue-ContainerReportForContainerReportHandler&quot; daemon prio=5 tid=2899 in Object.wait()&#10;java.lang.Thread.State: WAITING (on object monitor)&#10;        at sun.misc.Unsafe.park(Native Method)&#10;        at java.util.concurrent.locks.LockSupport.park(LockSupport.java:175)&#10;        at java.util.concurrent.locks.AbstractQueuedSynchronizer$ConditionObject.await(AbstractQueuedSynchronizer.java:2039)&#10;        at java.util.concurrent.LinkedBlockingQueue.take(LinkedBlockingQueue.java:442)&#10;        at java.util.concurrent.ThreadPoolExecutor.getTask(ThreadPoolExecutor.java:1074)&#10;        at java.util.concurrent.ThreadPoolExecutor.runWorker(ThreadPoolExecutor.java:1134)&#10;        at java.util.concurrent.ThreadPoolExecutor$Worker.run(ThreadPoolExecutor.java:624)&#10;        at java.lang.Thread.run(Thread.java:748)&#10;&quot;IPC Server handler 17 on 39845&quot; daemon prio=5 tid=1946 timed_waiting&#10;java.lang.Thread.State: TIMED_WAITING&#10;        at sun.misc.Unsafe.park(Native Method)&#10;        at java.util.concurrent.locks.LockSupport.parkNanos(LockSupport.java:215)&#10;        at java.util.concurrent.locks.AbstractQueuedSynchronizer$ConditionObject.awaitNanos(AbstractQueuedSynchronizer.java:2078)&#10;        at java.util.concurrent.LinkedBlockingQueue.poll(LinkedBlockingQueue.java:467)&#10;        at org.apache.hadoop.ipc.CallQueueManager.take(CallQueueManager.java:288)&#10;        at org.apache.hadoop.ipc.Server$Handler.run(Server.java:2668)&#10;&quot;qtp1583082378-2235&quot; daemon prio=5 tid=2235 timed_waiting&#10;java.lang.Thread.State: TIMED_WAITING&#10;        at sun.misc.Unsafe.park(Native Method)&#10;        at java.util.concurrent.locks.LockSupport.parkNanos(LockSupport.java:215)&#10;        at java.util.concurrent.locks.AbstractQueuedSynchronizer$ConditionObject.awaitNanos(AbstractQueuedSynchronizer.java:2078)&#10;        at org.eclipse.jetty.util.BlockingArrayQueue.poll(BlockingArrayQueue.java:392)&#10;        at org.eclipse.jetty.util.thread.QueuedThreadPool.idleJobPoll(QueuedThreadPool.java:563)&#10;        at org.eclipse.jetty.util.thread.QueuedThreadPool.access$800(QueuedThreadPool.java:48)&#10;        at org.eclipse.jetty.util.thread.QueuedThreadPool$2.run(QueuedThreadPool.java:626)&#10;        at java.lang.Thread.run(Thread.java:748)&#10;&quot;PartialTableCache Cleanup Thread - 0&quot; daemon prio=5 tid=1330 in Object.wait()&#10;java.lang.Thread.State: WAITING (on object monitor)&#10;        at sun.misc.Unsafe.park(Native Method)&#10;        at java.util.concurrent.locks.LockSupport.park(LockSupport.java:175)&#10;        at java.util.concurrent.locks.AbstractQueuedSynchronizer$ConditionObject.await(AbstractQueuedSynchronizer.java:2039)&#10;        at java.util.concurrent.LinkedBlockingQueue.take(LinkedBlockingQueue.java:442)&#10;        at java.util.concurrent.ThreadPoolExecutor.getTask(ThreadPoolExecutor.java:1074)&#10;        at java.util.concurrent.ThreadPoolExecutor.runWorker(ThreadPoolExecutor.java:1134)&#10;        at java.util.concurrent.ThreadPoolExecutor$Worker.run(ThreadPoolExecutor.java:624)&#10;        at java.lang.Thread.run(Thread.java:748)&#10;&quot;Thread-1583&quot; daemon prio=5 tid=3242 timed_waiting&#10;java.lang.Thread.State: TIMED_WAITING&#10;        at sun.misc.Unsafe.park(Native Method)&#10;        at java.util.concurrent.locks.LockSupport.parkNanos(LockSupport.java:215)&#10;        at java.util.concurrent.locks.AbstractQueuedSynchronizer$ConditionObject.awaitNanos(AbstractQueuedSynchronizer.java:2078)&#10;        at java.util.concurrent.ArrayBlockingQueue.poll(ArrayBlockingQueue.java:418)&#10;        at org.apache.ratis.server.impl.LeaderState$EventQueue.poll(LeaderState.java:115)&#10;        at org.apache.ratis.server.impl.LeaderState$EventProcessor.run(LeaderState.java:467)&#10;&quot;qtp2010856706-2203-acceptor-0@5de2ba2f-ServerConnector@3913f206{HTTP/1.1,[http/1.1]}{0.0.0.0:33082}&quot; daemon prio=3 tid=2203 runnable&#10;java.lang.Thread.State: RUNNABLE&#10;        at sun.nio.ch.ServerSocketChannelImpl.accept0(Native Method)&#10;        at sun.nio.ch.ServerSocketChannelImpl.accept(ServerSocketChannelImpl.java:422)&#10;        at sun.nio.ch.ServerSocketChannelImpl.accept(ServerSocketChannelImpl.java:250)&#10;        at org.eclipse.jetty.server.ServerConnector.accept(ServerConnector.java:397)&#10;        at org.eclipse.jetty.server.AbstractConnector$Acceptor.run(AbstractConnector.java:601)&#10;        at org.eclipse.jetty.util.thread.QueuedThreadPool.runJob(QueuedThreadPool.java:671)&#10;        at org.eclipse.jetty.util.thread.QueuedThreadPool$2.run(QueuedThreadPool.java:589)&#10;        at java.lang.Thread.run(Thread.java:748)&#10;&quot;pool-208-thread-38&quot;  prio=5 tid=2686 in Object.wait()&#10;java.lang.Thread.State: WAITING (on object monitor)&#10;        at sun.misc.Unsafe.park(Native Method)&#10;        at java.util.concurrent.locks.LockSupport.park(LockSupport.java:175)&#10;        at java.util.concurrent.locks.AbstractQueuedSynchronizer$ConditionObject.await(AbstractQueuedSynchronizer.java:2039)&#10;        at java.util.concurrent.ArrayBlockingQueue.take(ArrayBlockingQueue.java:403)&#10;        at java.util.concurrent.ThreadPoolExecutor.getTask(ThreadPoolExecutor.java:1074)&#10;        at java.util.concurrent.ThreadPoolExecutor.runWorker(ThreadPoolExecutor.java:1134)&#10;        at java.util.concurrent.ThreadPoolExecutor$Worker.run(ThreadPoolExecutor.java:624)&#10;        at java.lang.Thread.run(Thread.java:748)&#10;&quot;pool-188-thread-15&quot;  prio=5 tid=2539 in Object.wait()&#10;java.lang.Thread.State: WAITING (on object monitor)&#10;        at sun.misc.Unsafe.park(Native Method)&#10;        at java.util.concurrent.locks.LockSupport.park(LockSupport.java:175)&#10;        at java.util.concurrent.locks.AbstractQueuedSynchronizer$ConditionObject.await(AbstractQueuedSynchronizer.java:2039)&#10;        at java.util.concurrent.ArrayBlockingQueue.take(ArrayBlockingQueue.java:403)&#10;        at java.util.concurrent.ThreadPoolExecutor.getTask(ThreadPoolExecutor.java:1074)&#10;        at java.util.concurrent.ThreadPoolExecutor.runWorker(ThreadPoolExecutor.java:1134)&#10;        at java.util.concurrent.ThreadPoolExecutor$Worker.run(ThreadPoolExecutor.java:624)&#10;        at java.lang.Thread.run(Thread.java:748)&#10;&quot;pool-168-thread-5&quot;  prio=5 tid=2405 in Object.wait()&#10;java.lang.Thread.State: WAITING (on object monitor)&#10;        at sun.misc.Unsafe.park(Native Method)&#10;        at java.util.concurrent.locks.LockSupport.park(LockSupport.java:175)&#10;        at java.util.concurrent.locks.AbstractQueuedSynchronizer$ConditionObject.await(AbstractQueuedSynchronizer.java:2039)&#10;        at java.util.concurrent.ArrayBlockingQueue.take(ArrayBlockingQueue.java:403)&#10;        at java.util.concurrent.ThreadPoolExecutor.getTask(ThreadPoolExecutor.java:1074)&#10;        at java.util.concurrent.ThreadPoolExecutor.runWorker(ThreadPoolExecutor.java:1134)&#10;        at java.util.concurrent.ThreadPoolExecutor$Worker.run(ThreadPoolExecutor.java:624)&#10;        at java.lang.Thread.run(Thread.java:748)&#10;&quot;Datanode ReportManager Thread - 2&quot; daemon prio=5 tid=2135 in Object.wait()&#10;java.lang.Thread.State: WAITING (on object monitor)&#10;        at sun.misc.Unsafe.park(Native Method)&#10;        at java.util.concurrent.locks.LockSupport.park(LockSupport.java:175)&#10;        at java.util.concurrent.locks.AbstractQueuedSynchronizer$ConditionObject.await(AbstractQueuedSynchronizer.java:2039)&#10;        at java.util.concurrent.ScheduledThreadPoolExecutor$DelayedWorkQueue.take(ScheduledThreadPoolExecutor.java:1088)&#10;        at java.util.concurrent.ScheduledThreadPoolExecutor$DelayedWorkQueue.take(ScheduledThreadPoolExecutor.java:809)&#10;        at java.util.concurrent.ThreadPoolExecutor.getTask(ThreadPoolExecutor.java:1074)&#10;        at java.util.concurrent.ThreadPoolExecutor.runWorker(ThreadPoolExecutor.java:1134)&#10;        at java.util.concurrent.ThreadPoolExecutor$Worker.run(ThreadPoolExecutor.java:624)&#10;        at java.lang.Thread.run(Thread.java:748)&#10;&quot;pool-178-thread-56&quot;  prio=5 tid=2518 in Object.wait()&#10;java.lang.Thread.State: WAITING (on object monitor)&#10;        at sun.misc.Unsafe.park(Native Method)&#10;        at java.util.concurrent.locks.LockSupport.park(LockSupport.java:175)&#10;        at java.util.concurrent.locks.AbstractQueuedSynchronizer$ConditionObject.await(AbstractQueuedSynchronizer.java:2039)&#10;        at java.util.concurrent.ArrayBlockingQueue.take(ArrayBlockingQueue.java:403)&#10;        at java.util.concurrent.ThreadPoolExecutor.getTask(ThreadPoolExecutor.java:1074)&#10;        at java.util.concurrent.ThreadPoolExecutor.runWorker(ThreadPoolExecutor.java:1134)&#10;        at java.util.concurrent.ThreadPoolExecutor$Worker.run(ThreadPoolExecutor.java:624)&#10;        at java.lang.Thread.run(Thread.java:748)&#10;&quot;pool-218-thread-27&quot;  prio=5 tid=2737 in Object.wait()&#10;java.lang.Thread.State: WAITING (on object monitor)&#10;        at sun.misc.Unsafe.park(Native Method)&#10;        at java.util.concurrent.locks.LockSupport.park(LockSupport.java:175)&#10;        at java.util.concurrent.locks.AbstractQueuedSynchronizer$ConditionObject.await(AbstractQueuedSynchronizer.java:2039)&#10;        at java.util.concurrent.ArrayBlockingQueue.take(ArrayBlockingQueue.java:403)&#10;        at java.util.concurrent.ThreadPoolExecutor.getTask(ThreadPoolExecutor.java:1074)&#10;        at java.util.concurrent.ThreadPoolExecutor.runWorker(ThreadPoolExecutor.java:1134)&#10;        at java.util.concurrent.ThreadPoolExecutor$Worker.run(ThreadPoolExecutor.java:624)&#10;        at java.lang.Thread.run(Thread.java:748)&#10;&quot;pool-178-thread-32&quot;  prio=5 tid=2494 in Object.wait()&#10;java.lang.Thread.State: WAITING (on object monitor)&#10;        at sun.misc.Unsafe.park(Native Method)&#10;        at java.util.concurrent.locks.LockSupport.park(LockSupport.java:175)&#10;        at java.util.concurrent.locks.AbstractQueuedSynchronizer$ConditionObject.await(AbstractQueuedSynchronizer.java:2039)&#10;        at java.util.concurrent.ArrayBlockingQueue.take(ArrayBlockingQueue.java:403)&#10;        at java.util.concurrent.ThreadPoolExecutor.getTask(ThreadPoolExecutor.java:1074)&#10;        at java.util.concurrent.ThreadPoolExecutor.runWorker(ThreadPoolExecutor.java:1134)&#10;        at java.util.concurrent.ThreadPoolExecutor$Worker.run(ThreadPoolExecutor.java:624)&#10;        at java.lang.Thread.run(Thread.java:748)&#10;&quot;Datanode ReportManager Thread - 0&quot; daemon prio=5 tid=198 in Object.wait()&#10;java.lang.Thread.State: WAITING (on object monitor)&#10;        at sun.misc.Unsafe.park(Native Method)&#10;        at java.util.concurrent.locks.LockSupport.park(LockSupport.java:175)&#10;        at java.util.concurrent.locks.AbstractQueuedSynchronizer$ConditionObject.await(AbstractQueuedSynchronizer.java:2039)&#10;        at java.util.concurrent.ScheduledThreadPoolExecutor$DelayedWorkQueue.take(ScheduledThreadPoolExecutor.java:1088)&#10;        at java.util.concurrent.ScheduledThreadPoolExecutor$DelayedWorkQueue.take(ScheduledThreadPoolExecutor.java:809)&#10;        at java.util.concurrent.ThreadPoolExecutor.getTask(ThreadPoolExecutor.java:1074)&#10;        at java.util.concurrent.ThreadPoolExecutor.runWorker(ThreadPoolExecutor.java:1134)&#10;        at java.util.concurrent.ThreadPoolExecutor$Worker.run(ThreadPoolExecutor.java:624)&#10;        at java.lang.Thread.run(Thread.java:748)&#10;&quot;IPC Server handler 0 on 35120&quot; daemon prio=5 tid=1889 timed_waiting&#10;java.lang.Thread.State: TIMED_WAITING&#10;        at sun.misc.Unsafe.park(Native Method)&#10;        at java.util.concurrent.locks.LockSupport.parkNanos(LockSupport.java:215)&#10;        at java.util.concurrent.locks.AbstractQueuedSynchronizer$ConditionObject.awaitNanos(AbstractQueuedSynchronizer.java:2078)&#10;        at java.util.concurrent.LinkedBlockingQueue.poll(LinkedBlockingQueue.java:467)&#10;        at org.apache.hadoop.ipc.CallQueueManager.take(CallQueueManager.java:288)&#10;        at org.apache.hadoop.ipc.Server$Handler.run(Server.java:2668)&#10;&quot;c182b01b-afca-4fcd-8295-9462a850df3a@group-529DDC391E9C-StateMachineUpdater&quot; daemon prio=5 tid=3136 in Object.wait()&#10;java.lang.Thread.State: WAITING (on object monitor)&#10;        at java.lang.Object.wait(Native Method)&#10;        at java.lang.Object.wait(Object.java:502)&#10;        at org.apache.ratis.server.impl.StateMachineUpdater.waitForCommit(StateMachineUpdater.java:194)&#10;        at org.apache.ratis.server.impl.StateMachineUpdater.run(StateMachineUpdater.java:159)&#10;        at java.lang.Thread.run(Thread.java:748)&#10;&quot;pool-168-thread-31&quot;  prio=5 tid=2431 in Object.wait()&#10;java.lang.Thread.State: WAITING (on object monitor)&#10;        at sun.misc.Unsafe.park(Native Method)&#10;        at java.util.concurrent.locks.LockSupport.park(LockSupport.java:175)&#10;        at java.util.concurrent.locks.AbstractQueuedSynchronizer$ConditionObject.await(AbstractQueuedSynchronizer.java:2039)&#10;        at java.util.concurrent.ArrayBlockingQueue.take(ArrayBlockingQueue.java:403)&#10;        at java.util.concurrent.ThreadPoolExecutor.getTask(ThreadPoolExecutor.java:1074)&#10;        at java.util.concurrent.ThreadPoolExecutor.runWorker(ThreadPoolExecutor.java:1134)&#10;        at java.util.concurrent.ThreadPoolExecutor$Worker.run(ThreadPoolExecutor.java:624)&#10;        at java.lang.Thread.run(Thread.java:748)&#10;&quot;BlockDeletingService#1&quot; daemon prio=5 tid=2400 in Object.wait()&#10;java.lang.Thread.State: WAITING (on object monitor)&#10;        at sun.misc.Unsafe.park(Native Method)&#10;        at java.util.concurrent.locks.LockSupport.park(LockSupport.java:175)&#10;        at java.util.concurrent.locks.AbstractQueuedSynchronizer$ConditionObject.await(AbstractQueuedSynchronizer.java:2039)&#10;        at java.util.concurrent.ScheduledThreadPoolExecutor$DelayedWorkQueue.take(ScheduledThreadPoolExecutor.java:1088)&#10;        at java.util.concurrent.ScheduledThreadPoolExecutor$DelayedWorkQueue.take(ScheduledThreadPoolExecutor.java:809)&#10;        at java.util.concurrent.ThreadPoolExecutor.getTask(ThreadPoolExecutor.java:1074)&#10;        at java.util.concurrent.ThreadPoolExecutor.runWorker(ThreadPoolExecutor.java:1134)&#10;        at java.util.concurrent.ThreadPoolExecutor$Worker.run(ThreadPoolExecutor.java:624)&#10;        at java.lang.Thread.run(Thread.java:748)&#10;&quot;pool-238-thread-22&quot;  prio=5 tid=2856 in Object.wait()&#10;java.lang.Thread.State: WAITING (on object monitor)&#10;        at sun.misc.Unsafe.park(Native Method)&#10;        at java.util.concurrent.locks.LockSupport.park(LockSupport.java:175)&#10;        at java.util.concurrent.locks.AbstractQueuedSynchronizer$ConditionObject.await(AbstractQueuedSynchronizer.java:2039)&#10;        at java.util.concurrent.ArrayBlockingQueue.take(ArrayBlockingQueue.java:403)&#10;        at java.util.concurrent.ThreadPoolExecutor.getTask(ThreadPoolExecutor.java:1074)&#10;        at java.util.concurrent.ThreadPoolExecutor.runWorker(ThreadPoolExecutor.java:1134)&#10;        at java.util.concurrent.ThreadPoolExecutor$Worker.run(ThreadPoolExecutor.java:624)&#10;        at java.lang.Thread.run(Thread.java:748)&#10;&quot;pool-218-thread-28&quot;  prio=5 tid=2738 in Object.wait()&#10;java.lang.Thread.State: WAITING (on object monitor)&#10;        at sun.misc.Unsafe.park(Native Method)&#10;        at java.util.concurrent.locks.LockSupport.park(LockSupport.java:175)&#10;        at java.util.concurrent.locks.AbstractQueuedSynchronizer$ConditionObject.await(AbstractQueuedSynchronizer.java:2039)&#10;        at java.util.concurrent.ArrayBlockingQueue.take(ArrayBlockingQueue.java:403)&#10;        at java.util.concurrent.ThreadPoolExecutor.getTask(ThreadPoolExecutor.java:1074)&#10;        at java.util.concurrent.ThreadPoolExecutor.runWorker(ThreadPoolExecutor.java:1134)&#10;        at java.util.concurrent.ThreadPoolExecutor$Worker.run(ThreadPoolExecutor.java:624)&#10;        at java.lang.Thread.run(Thread.java:748)&#10;&quot;pool-168-thread-4&quot;  prio=5 tid=2404 in Object.wait()&#10;java.lang.Thread.State: WAITING (on object monitor)&#10;        at sun.misc.Unsafe.park(Native Method)&#10;        at java.util.concurrent.locks.LockSupport.park(LockSupport.java:175)&#10;        at java.util.concurrent.locks.AbstractQueuedSynchronizer$ConditionObject.await(AbstractQueuedSynchronizer.java:2039)&#10;        at java.util.concurrent.ArrayBlockingQueue.take(ArrayBlockingQueue.java:403)&#10;        at java.util.concurrent.ThreadPoolExecutor.getTask(ThreadPoolExecutor.java:1074)&#10;        at java.util.concurrent.ThreadPoolExecutor.runWorker(ThreadPoolExecutor.java:1134)&#10;        at java.util.concurrent.ThreadPoolExecutor$Worker.run(ThreadPoolExecutor.java:624)&#10;        at java.lang.Thread.run(Thread.java:748)&#10;&quot;qtp270313690-2122-acceptor-0@609f90f-ServerConnector@467233e4{HTTP/1.1,[http/1.1]}{0.0.0.0:40856}&quot; daemon prio=3 tid=2122 runnable&#10;java.lang.Thread.State: RUNNABLE&#10;        at sun.nio.ch.ServerSocketChannelImpl.accept0(Native Method)&#10;        at sun.nio.ch.ServerSocketChannelImpl.accept(ServerSocketChannelImpl.java:422)&#10;        at sun.nio.ch.ServerSocketChannelImpl.accept(ServerSocketChannelImpl.java:250)&#10;        at org.eclipse.jetty.server.ServerConnector.accept(ServerConnector.java:397)&#10;        at org.eclipse.jetty.server.AbstractConnector$Acceptor.run(AbstractConnector.java:601)&#10;        at org.eclipse.jetty.util.thread.QueuedThreadPool.runJob(QueuedThreadPool.java:671)&#10;        at org.eclipse.jetty.util.thread.QueuedThreadPool$2.run(QueuedThreadPool.java:589)&#10;        at java.lang.Thread.run(Thread.java:748)&#10;&quot;IPC Server handler 18 on 35120&quot; daemon prio=5 tid=1907 timed_waiting&#10;java.lang.Thread.State: TIMED_WAITING&#10;        at sun.misc.Unsafe.park(Native Method)&#10;        at java.util.concurrent.locks.LockSupport.parkNanos(LockSupport.java:215)&#10;        at java.util.concurrent.locks.AbstractQueuedSynchronizer$ConditionObject.awaitNanos(AbstractQueuedSynchronizer.java:2078)&#10;        at java.util.concurrent.LinkedBlockingQueue.poll(LinkedBlockingQueue.java:467)&#10;        at org.apache.hadoop.ipc.CallQueueManager.take(CallQueueManager.java:288)&#10;        at org.apache.hadoop.ipc.Server$Handler.run(Server.java:2668)&#10;&quot;java.util.concurrent.ThreadPoolExecutor$Worker@106f8411[State = -1, empty queue]&quot; daemon prio=5 tid=3214 runnable&#10;java.lang.Thread.State: RUNNABLE&#10;        at java.util.concurrent.ScheduledThreadPoolExecutor$DelayedWorkQueue.poll(ScheduledThreadPoolExecutor.java:809)&#10;        at java.util.concurrent.ThreadPoolExecutor.getTask(ThreadPoolExecutor.java:1073)&#10;        at java.util.concurrent.ThreadPoolExecutor.runWorker(ThreadPoolExecutor.java:1134)&#10;        at java.util.concurrent.ThreadPoolExecutor$Worker.run(ThreadPoolExecutor.java:624)&#10;        at java.lang.Thread.run(Thread.java:748)&#10;&quot;Datanode State Machine Thread - 0&quot; daemon prio=5 tid=2166 timed_waiting&#10;java.lang.Thread.State: TIMED_WAITING&#10;        at sun.misc.Unsafe.park(Native Method)&#10;        at java.util.concurrent.locks.LockSupport.parkNanos(LockSupport.java:215)&#10;        at java.util.concurrent.SynchronousQueue$TransferStack.awaitFulfill(SynchronousQueue.java:460)&#10;        at java.util.concurrent.SynchronousQueue$TransferStack.transfer(SynchronousQueue.java:362)&#10;        at java.util.concurrent.SynchronousQueue.poll(SynchronousQueue.java:941)&#10;        at java.util.concurrent.ThreadPoolExecutor.getTask(ThreadPoolExecutor.java:1073)&#10;        at java.util.concurrent.ThreadPoolExecutor.runWorker(ThreadPoolExecutor.java:1134)&#10;        at java.util.concurrent.ThreadPoolExecutor$Worker.run(ThreadPoolExecutor.java:624)&#10;        at java.lang.Thread.run(Thread.java:748)&#10;&quot;qtp769195805-2018&quot; daemon prio=5 tid=2018 timed_waiting&#10;java.lang.Thread.State: TIMED_WAITING&#10;        at sun.misc.Unsafe.park(Native Method)&#10;        at java.util.concurrent.locks.LockSupport.parkNanos(LockSupport.java:215)&#10;        at java.util.concurrent.locks.AbstractQueuedSynchronizer$ConditionObject.awaitNanos(AbstractQueuedSynchronizer.java:2078)&#10;        at org.eclipse.jetty.util.BlockingArrayQueue.poll(BlockingArrayQueue.java:392)&#10;        at org.eclipse.jetty.util.thread.QueuedThreadPool.idleJobPoll(QueuedThreadPool.java:563)&#10;        at org.eclipse.jetty.util.thread.QueuedThreadPool.access$800(QueuedThreadPool.java:48)&#10;        at org.eclipse.jetty.util.thread.QueuedThreadPool$2.run(QueuedThreadPool.java:626)&#10;        at java.lang.Thread.run(Thread.java:748)&#10;&quot;pool-228-thread-55&quot;  prio=5 tid=2827 in Object.wait()&#10;java.lang.Thread.State: WAITING (on object monitor)&#10;        at sun.misc.Unsafe.park(Native Method)&#10;        at java.util.concurrent.locks.LockSupport.park(LockSupport.java:175)&#10;        at java.util.concurrent.locks.AbstractQueuedSynchronizer$ConditionObject.await(AbstractQueuedSynchronizer.java:2039)&#10;        at java.util.concurrent.ArrayBlockingQueue.take(ArrayBlockingQueue.java:403)&#10;        at java.util.concurrent.ThreadPoolExecutor.getTask(ThreadPoolExecutor.java:1074)&#10;        at java.util.concurrent.ThreadPoolExecutor.runWorker(ThreadPoolExecutor.java:1134)&#10;        at java.util.concurrent.ThreadPoolExecutor$Worker.run(ThreadPoolExecutor.java:624)&#10;        at java.lang.Thread.run(Thread.java:748)&#10;&quot;org.eclipse.jetty.server.session.HashSessionManager@217bf99eTimer&quot; daemon prio=5 tid=2023 timed_waiting&#10;java.lang.Thread.State: TIMED_WAITING&#10;        at sun.misc.Unsafe.park(Native Method)&#10;        at java.util.concurrent.locks.LockSupport.parkNanos(LockSupport.java:215)&#10;        at java.util.concurrent.locks.AbstractQueuedSynchronizer$ConditionObject.awaitNanos(AbstractQueuedSynchronizer.java:2078)&#10;        at java.util.concurrent.ScheduledThreadPoolExecutor$DelayedWorkQueue.take(ScheduledThreadPoolExecutor.java:1093)&#10;        at java.util.concurrent.ScheduledThreadPoolExecutor$DelayedWorkQueue.take(ScheduledThreadPoolExecutor.java:809)&#10;        at java.util.concurrent.ThreadPoolExecutor.getTask(ThreadPoolExecutor.java:1074)&#10;        at java.util.concurrent.ThreadPoolExecutor.runWorker(ThreadPoolExecutor.java:1134)&#10;        at java.util.concurrent.ThreadPoolExecutor$Worker.run(ThreadPoolExecutor.java:624)&#10;        at java.lang.Thread.run(Thread.java:748)&#10;&quot;qtp98459285-1956&quot; daemon prio=5 tid=1956 timed_waiting&#10;java.lang.Thread.State: TIMED_WAITING&#10;        at sun.misc.Unsafe.park(Native Method)&#10;        at java.util.concurrent.locks.LockSupport.parkNanos(LockSupport.java:215)&#10;        at java.util.concurrent.locks.AbstractQueuedSynchronizer$ConditionObject.awaitNanos(AbstractQueuedSynchronizer.java:2078)&#10;        at org.eclipse.jetty.util.BlockingArrayQueue.poll(BlockingArrayQueue.java:392)&#10;        at org.eclipse.jetty.util.thread.QueuedThreadPool.idleJobPoll(QueuedThreadPool.java:563)&#10;        at org.eclipse.jetty.util.thread.QueuedThreadPool.access$800(QueuedThreadPool.java:48)&#10;        at org.eclipse.jetty.util.thread.QueuedThreadPool$2.run(QueuedThreadPool.java:626)&#10;        at java.lang.Thread.run(Thread.java:748)&#10;&quot;pool-188-thread-35&quot;  prio=5 tid=2559 in Object.wait()&#10;java.lang.Thread.State: WAITING (on object monitor)&#10;        at sun.misc.Unsafe.park(Native Method)&#10;        at java.util.concurrent.locks.LockSupport.park(LockSupport.java:175)&#10;        at java.util.concurrent.locks.AbstractQueuedSynchronizer$ConditionObject.await(AbstractQueuedSynchronizer.java:2039)&#10;        at java.util.concurrent.ArrayBlockingQueue.take(ArrayBlockingQueue.java:403)&#10;        at java.util.concurrent.ThreadPoolExecutor.getTask(ThreadPoolExecutor.java:1074)&#10;        at java.util.concurrent.ThreadPoolExecutor.runWorker(ThreadPoolExecutor.java:1134)&#10;        at java.util.concurrent.ThreadPoolExecutor$Worker.run(ThreadPoolExecutor.java:624)&#10;        at java.lang.Thread.run(Thread.java:748)&#10;&quot;pool-148-thread-53&quot;  prio=5 tid=2328 in Object.wait()&#10;java.lang.Thread.State: WAITING (on object monitor)&#10;        at sun.misc.Unsafe.park(Native Method)&#10;        at java.util.concurrent.locks.LockSupport.park(LockSupport.java:175)&#10;        at java.util.concurrent.locks.AbstractQueuedSynchronizer$ConditionObject.await(AbstractQueuedSynchronizer.java:2039)&#10;        at java.util.concurrent.ArrayBlockingQueue.take(ArrayBlockingQueue.java:403)&#10;        at java.util.concurrent.ThreadPoolExecutor.getTask(ThreadPoolExecutor.java:1074)&#10;        at java.util.concurrent.ThreadPoolExecutor.runWorker(ThreadPoolExecutor.java:1134)&#10;        at java.util.concurrent.ThreadPoolExecutor$Worker.run(ThreadPoolExecutor.java:624)&#10;        at java.lang.Thread.run(Thread.java:748)&#10;&quot;pool-148-thread-42&quot;  prio=5 tid=2317 in Object.wait()&#10;java.lang.Thread.State: WAITING (on object monitor)&#10;        at sun.misc.Unsafe.park(Native Method)&#10;        at java.util.concurrent.locks.LockSupport.park(LockSupport.java:175)&#10;        at java.util.concurrent.locks.AbstractQueuedSynchronizer$ConditionObject.await(AbstractQueuedSynchronizer.java:2039)&#10;        at java.util.concurrent.ArrayBlockingQueue.take(ArrayBlockingQueue.java:403)&#10;        at java.util.concurrent.ThreadPoolExecutor.getTask(ThreadPoolExecutor.java:1074)&#10;        at java.util.concurrent.ThreadPoolExecutor.runWorker(ThreadPoolExecutor.java:1134)&#10;        at java.util.concurrent.ThreadPoolExecutor$Worker.run(ThreadPoolExecutor.java:624)&#10;        at java.lang.Thread.run(Thread.java:748)&#10;&quot;pool-148-thread-8&quot;  prio=5 tid=2283 in Object.wait()&#10;java.lang.Thread.State: WAITING (on object monitor)&#10;        at sun.misc.Unsafe.park(Native Method)&#10;        at java.util.concurrent.locks.LockSupport.park(LockSupport.java:175)&#10;        at java.util.concurrent.locks.AbstractQueuedSynchronizer$ConditionObject.await(AbstractQueuedSynchronizer.java:2039)&#10;        at java.util.concurrent.ArrayBlockingQueue.take(ArrayBlockingQueue.java:403)&#10;        at java.util.concurrent.ThreadPoolExecutor.getTask(ThreadPoolExecutor.java:1074)&#10;        at java.util.concurrent.ThreadPoolExecutor.runWorker(ThreadPoolExecutor.java:1134)&#10;        at java.util.concurrent.ThreadPoolExecutor$Worker.run(ThreadPoolExecutor.java:624)&#10;        at java.lang.Thread.run(Thread.java:748)&#10;&quot;qtp1583082378-2230-acceptor-0@75e08f46-ServerConnector@7a6ea47d{HTTP/1.1,[http/1.1]}{0.0.0.0:34956}&quot; daemon prio=3 tid=2230 runnable&#10;java.lang.Thread.State: RUNNABLE&#10;        at sun.nio.ch.ServerSocketChannelImpl.accept0(Native Method)&#10;        at sun.nio.ch.ServerSocketChannelImpl.accept(ServerSocketChannelImpl.java:422)&#10;        at sun.nio.ch.ServerSocketChannelImpl.accept(ServerSocketChannelImpl.java:250)&#10;        at org.eclipse.jetty.server.ServerConnector.accept(ServerConnector.java:397)&#10;        at org.eclipse.jetty.server.AbstractConnector$Acceptor.run(AbstractConnector.java:601)&#10;        at org.eclipse.jetty.util.thread.QueuedThreadPool.runJob(QueuedThreadPool.java:671)&#10;        at org.eclipse.jetty.util.thread.QueuedThreadPool$2.run(QueuedThreadPool.java:589)&#10;        at java.lang.Thread.run(Thread.java:748)&#10;&quot;IPC Server handler 4 on 35120&quot; daemon prio=5 tid=1893 timed_waiting&#10;java.lang.Thread.State: TIMED_WAITING&#10;        at sun.misc.Unsafe.park(Native Method)&#10;        at java.util.concurrent.locks.LockSupport.parkNanos(LockSupport.java:215)&#10;        at java.util.concurrent.locks.AbstractQueuedSynchronizer$ConditionObject.awaitNanos(AbstractQueuedSynchronizer.java:2078)&#10;        at java.util.concurrent.LinkedBlockingQueue.poll(LinkedBlockingQueue.java:467)&#10;        at org.apache.hadoop.ipc.CallQueueManager.take(CallQueueManager.java:288)&#10;        at org.apache.hadoop.ipc.Server$Handler.run(Server.java:2668)&#10;&quot;pool-158-thread-51&quot;  prio=5 tid=2389 in Object.wait()&#10;java.lang.Thread.State: WAITING (on object monitor)&#10;        at sun.misc.Unsafe.park(Native Method)&#10;        at java.util.concurrent.locks.LockSupport.park(LockSupport.java:175)&#10;        at java.util.concurrent.locks.AbstractQueuedSynchronizer$ConditionObject.await(AbstractQueuedSynchronizer.java:2039)&#10;        at java.util.concurrent.ArrayBlockingQueue.take(ArrayBlockingQueue.java:403)&#10;        at java.util.concurrent.ThreadPoolExecutor.getTask(ThreadPoolExecutor.java:1074)&#10;        at java.util.concurrent.ThreadPoolExecutor.runWorker(ThreadPoolExecutor.java:1134)&#10;        at java.util.concurrent.ThreadPoolExecutor$Worker.run(ThreadPoolExecutor.java:624)&#10;        at java.lang.Thread.run(Thread.java:748)&#10;&quot;pool-178-thread-22&quot;  prio=5 tid=2484 in Object.wait()&#10;java.lang.Thread.State: WAITING (on object monitor)&#10;        at sun.misc.Unsafe.park(Native Method)&#10;        at java.util.concurrent.locks.LockSupport.park(LockSupport.java:175)&#10;        at java.util.concurrent.locks.AbstractQueuedSynchronizer$ConditionObject.await(AbstractQueuedSynchronizer.java:2039)&#10;        at java.util.concurrent.ArrayBlockingQueue.take(ArrayBlockingQueue.java:403)&#10;        at java.util.concurrent.ThreadPoolExecutor.getTask(ThreadPoolExecutor.java:1074)&#10;        at java.util.concurrent.ThreadPoolExecutor.runWorker(ThreadPoolExecutor.java:1134)&#10;        at java.util.concurrent.ThreadPoolExecutor$Worker.run(ThreadPoolExecutor.java:624)&#10;        at java.lang.Thread.run(Thread.java:748)&#10;&quot;pool-178-thread-8&quot;  prio=5 tid=2470 in Object.wait()&#10;java.lang.Thread.State: WAITING (on object monitor)&#10;        at sun.misc.Unsafe.park(Native Method)&#10;        at java.util.concurrent.locks.LockSupport.park(LockSupport.java:175)&#10;        at java.util.concurrent.locks.AbstractQueuedSynchronizer$ConditionObject.await(AbstractQueuedSynchronizer.java:2039)&#10;        at java.util.concurrent.ArrayBlockingQueue.take(ArrayBlockingQueue.java:403)&#10;        at java.util.concurrent.ThreadPoolExecutor.getTask(ThreadPoolExecutor.java:1074)&#10;        at java.util.concurrent.ThreadPoolExecutor.runWorker(ThreadPoolExecutor.java:1134)&#10;        at java.util.concurrent.ThreadPoolExecutor$Worker.run(ThreadPoolExecutor.java:624)&#10;        at java.lang.Thread.run(Thread.java:748)&#10;&quot;qtp841721161-2071&quot; daemon prio=5 tid=2071 timed_waiting&#10;java.lang.Thread.State: TIMED_WAITING&#10;        at sun.misc.Unsafe.park(Native Method)&#10;        at java.util.concurrent.locks.LockSupport.parkNanos(LockSupport.java:215)&#10;        at java.util.concurrent.locks.AbstractQueuedSynchronizer$ConditionObject.awaitNanos(AbstractQueuedSynchronizer.java:2078)&#10;        at org.eclipse.jetty.util.BlockingArrayQueue.poll(BlockingArrayQueue.java:392)&#10;        at org.eclipse.jetty.util.thread.QueuedThreadPool.idleJobPoll(QueuedThreadPool.java:563)&#10;        at org.eclipse.jetty.util.thread.QueuedThreadPool.access$800(QueuedThreadPool.java:48)&#10;        at org.eclipse.jetty.util.thread.QueuedThreadPool$2.run(QueuedThreadPool.java:626)&#10;        at java.lang.Thread.run(Thread.java:748)&#10;&quot;pool-238-thread-2&quot;  prio=5 tid=2836 in Object.wait()&#10;java.lang.Thread.State: WAITING (on object monitor)&#10;        at sun.misc.Unsafe.park(Native Method)&#10;        at java.util.concurrent.locks.LockSupport.park(LockSupport.java:175)&#10;        at java.util.concurrent.locks.AbstractQueuedSynchronizer$ConditionObject.await(AbstractQueuedSynchronizer.java:2039)&#10;        at java.util.concurrent.ArrayBlockingQueue.take(ArrayBlockingQueue.java:403)&#10;        at java.util.concurrent.ThreadPoolExecutor.getTask(ThreadPoolExecutor.java:1074)&#10;        at java.util.concurrent.ThreadPoolExecutor.runWorker(ThreadPoolExecutor.java:1134)&#10;        at java.util.concurrent.ThreadPoolExecutor$Worker.run(ThreadPoolExecutor.java:624)&#10;        at java.lang.Thread.run(Thread.java:748)&#10;&quot;pool-228-thread-16&quot;  prio=5 tid=2788 in Object.wait()&#10;java.lang.Thread.State: WAITING (on object monitor)&#10;        at sun.misc.Unsafe.park(Native Method)&#10;        at java.util.concurrent.locks.LockSupport.park(LockSupport.java:175)&#10;        at java.util.concurrent.locks.AbstractQueuedSynchronizer$ConditionObject.await(AbstractQueuedSynchronizer.java:2039)&#10;        at java.util.concurrent.ArrayBlockingQueue.take(ArrayBlockingQueue.java:403)&#10;        at java.util.concurrent.ThreadPoolExecutor.getTask(ThreadPoolExecutor.java:1074)&#10;        at java.util.concurrent.ThreadPoolExecutor.runWorker(ThreadPoolExecutor.java:1134)&#10;        at java.util.concurrent.ThreadPoolExecutor$Worker.run(ThreadPoolExecutor.java:624)&#10;        at java.lang.Thread.run(Thread.java:748)&#10;&quot;Thread-1575&quot; daemon prio=5 tid=3234 timed_waiting&#10;java.lang.Thread.State: TIMED_WAITING&#10;        at sun.misc.Unsafe.park(Native Method)&#10;        at java.util.concurrent.locks.LockSupport.parkNanos(LockSupport.java:215)&#10;        at java.util.concurrent.locks.AbstractQueuedSynchronizer$ConditionObject.awaitNanos(AbstractQueuedSynchronizer.java:2078)&#10;        at java.util.concurrent.ArrayBlockingQueue.poll(ArrayBlockingQueue.java:418)&#10;        at org.apache.ratis.server.impl.LeaderState$EventQueue.poll(LeaderState.java:115)&#10;        at org.apache.ratis.server.impl.LeaderState$EventProcessor.run(LeaderState.java:467)&#10;&quot;ReplicationMonitor&quot; daemon prio=5 tid=3082 timed_waiting&#10;java.lang.Thread.State: TIMED_WAITING&#10;        at java.lang.Object.wait(Native Method)&#10;        at org.apache.hadoop.hdds.scm.container.ReplicationManager.run(ReplicationManager.java:229)&#10;        at org.apache.hadoop.hdds.scm.container.ReplicationManager$$Lambda$437/739395820.run(Unknown Source)&#10;        at java.lang.Thread.run(Thread.java:748)&#10;&quot;pool-218-thread-55&quot;  prio=5 tid=2765 in Object.wait()&#10;java.lang.Thread.State: WAITING (on object monitor)&#10;        at sun.misc.Unsafe.park(Native Method)&#10;        at java.util.concurrent.locks.LockSupport.park(LockSupport.java:175)&#10;        at java.util.concurrent.locks.AbstractQueuedSynchronizer$ConditionObject.await(AbstractQueuedSynchronizer.java:2039)&#10;        at java.util.concurrent.ArrayBlockingQueue.take(ArrayBlockingQueue.java:403)&#10;        at java.util.concurrent.ThreadPoolExecutor.getTask(ThreadPoolExecutor.java:1074)&#10;        at java.util.concurrent.ThreadPoolExecutor.runWorker(ThreadPoolExecutor.java:1134)&#10;        at java.util.concurrent.ThreadPoolExecutor$Worker.run(ThreadPoolExecutor.java:624)&#10;        at java.lang.Thread.run(Thread.java:748)&#10;&quot;qtp457245448-2100&quot; daemon prio=5 tid=2100 timed_waiting&#10;java.lang.Thread.State: TIMED_WAITING&#10;        at sun.misc.Unsafe.park(Native Method)&#10;        at java.util.concurrent.locks.LockSupport.parkNanos(LockSupport.java:215)&#10;        at java.util.concurrent.locks.AbstractQueuedSynchronizer$ConditionObject.awaitNanos(AbstractQueuedSynchronizer.java:2078)&#10;        at org.eclipse.jetty.util.BlockingArrayQueue.poll(BlockingArrayQueue.java:392)&#10;        at org.eclipse.jetty.util.thread.QueuedThreadPool.idleJobPoll(QueuedThreadPool.java:563)&#10;        at org.eclipse.jetty.util.thread.QueuedThreadPool.access$800(QueuedThreadPool.java:48)&#10;        at org.eclipse.jetty.util.thread.QueuedThreadPool$2.run(QueuedThreadPool.java:626)&#10;        at java.lang.Thread.run(Thread.java:748)&#10;&quot;pool-218-thread-15&quot;  prio=5 tid=2725 in Object.wait()&#10;java.lang.Thread.State: WAITING (on object monitor)&#10;        at sun.misc.Unsafe.park(Native Method)&#10;        at java.util.concurrent.locks.LockSupport.park(LockSupport.java:175)&#10;        at java.util.concurrent.locks.AbstractQueuedSynchronizer$ConditionObject.await(AbstractQueuedSynchronizer.java:2039)&#10;        at java.util.concurrent.ArrayBlockingQueue.take(ArrayBlockingQueue.java:403)&#10;        at java.util.concurrent.ThreadPoolExecutor.getTask(ThreadPoolExecutor.java:1074)&#10;        at java.util.concurrent.ThreadPoolExecutor.runWorker(ThreadPoolExecutor.java:1134)&#10;        at java.util.concurrent.ThreadPoolExecutor$Worker.run(ThreadPoolExecutor.java:624)&#10;        at java.lang.Thread.run(Thread.java:748)&#10;&quot;PartialTableCache Cleanup Thread - 0&quot; daemon prio=5 tid=3072 in Object.wait()&#10;java.lang.Thread.State: WAITING (on object monitor)&#10;        at sun.misc.Unsafe.park(Native Method)&#10;        at java.util.concurrent.locks.LockSupport.park(LockSupport.java:175)&#10;        at java.util.concurrent.locks.AbstractQueuedSynchronizer$ConditionObject.await(AbstractQueuedSynchronizer.java:2039)&#10;        at java.util.concurrent.LinkedBlockingQueue.take(LinkedBlockingQueue.java:442)&#10;        at java.util.concurrent.ThreadPoolExecutor.getTask(ThreadPoolExecutor.java:1074)&#10;        at java.util.concurrent.ThreadPoolExecutor.runWorker(ThreadPoolExecutor.java:1134)&#10;        at java.util.concurrent.ThreadPoolExecutor$Worker.run(ThreadPoolExecutor.java:624)&#10;        at java.lang.Thread.run(Thread.java:748)&#10;&quot;Command processor thread&quot; daemon prio=5 tid=2137 timed_waiting&#10;java.lang.Thread.State: TIMED_WAITING&#10;        at java.lang.Thread.sleep(Native Method)&#10;        at org.apache.hadoop.ozone.container.common.statemachine.DatanodeStateMachine.lambda$initCommandHandlerThread$1(DatanodeStateMachine.java:444)&#10;        at org.apache.hadoop.ozone.container.common.statemachine.DatanodeStateMachine$$Lambda$142/1059342576.run(Unknown Source)&#10;        at java.lang.Thread.run(Thread.java:748)&#10;&quot;qtp984235065-2042&quot; daemon prio=5 tid=2042 timed_waiting&#10;java.lang.Thread.State: TIMED_WAITING&#10;        at sun.misc.Unsafe.park(Native Method)&#10;        at java.util.concurrent.locks.LockSupport.parkNanos(LockSupport.java:215)&#10;        at java.util.concurrent.locks.AbstractQueuedSynchronizer$ConditionObject.awaitNanos(AbstractQueuedSynchronizer.java:2078)&#10;        at org.eclipse.jetty.util.BlockingArrayQueue.poll(BlockingArrayQueue.java:392)&#10;        at org.eclipse.jetty.util.thread.QueuedThreadPool.idleJobPoll(QueuedThreadPool.java:563)&#10;        at org.eclipse.jetty.util.thread.QueuedThreadPool.access$800(QueuedThreadPool.java:48)&#10;        at org.eclipse.jetty.util.thread.QueuedThreadPool$2.run(QueuedThreadPool.java:626)&#10;        at java.lang.Thread.run(Thread.java:748)&#10;&quot;pool-208-thread-33&quot;  prio=5 tid=2681 in Object.wait()&#10;java.lang.Thread.State: WAITING (on object monitor)&#10;        at sun.misc.Unsafe.park(Native Method)&#10;        at java.util.concurrent.locks.LockSupport.park(LockSupport.java:175)&#10;        at java.util.concurrent.locks.AbstractQueuedSynchronizer$ConditionObject.await(AbstractQueuedSynchronizer.java:2039)&#10;        at java.util.concurrent.ArrayBlockingQueue.take(ArrayBlockingQueue.java:403)&#10;        at java.util.concurrent.ThreadPoolExecutor.getTask(ThreadPoolExecutor.java:1074)&#10;        at java.util.concurrent.ThreadPoolExecutor.runWorker(ThreadPoolExecutor.java:1134)&#10;        at java.util.concurrent.ThreadPoolExecutor$Worker.run(ThreadPoolExecutor.java:624)&#10;        at java.lang.Thread.run(Thread.java:748)&#10;&quot;pool-238-thread-57&quot;  prio=5 tid=2891 in Object.wait()&#10;java.lang.Thread.State: WAITING (on object monitor)&#10;        at sun.misc.Unsafe.park(Native Method)&#10;        at java.util.concurrent.locks.LockSupport.park(LockSupport.java:175)&#10;        at java.util.concurrent.locks.AbstractQueuedSynchronizer$ConditionObject.await(AbstractQueuedSynchronizer.java:2039)&#10;        at java.util.concurrent.ArrayBlockingQueue.take(ArrayBlockingQueue.java:403)&#10;        at java.util.concurrent.ThreadPoolExecutor.getTask(ThreadPoolExecutor.java:1074)&#10;        at java.util.concurrent.ThreadPoolExecutor.runWorker(ThreadPoolExecutor.java:1134)&#10;        at java.util.concurrent.ThreadPoolExecutor$Worker.run(ThreadPoolExecutor.java:624)&#10;        at java.lang.Thread.run(Thread.java:748)&#10;&quot;pool-238-thread-3&quot;  prio=5 tid=2837 in Object.wait()&#10;java.lang.Thread.State: WAITING (on object monitor)&#10;        at sun.misc.Unsafe.park(Native Method)&#10;        at java.util.concurrent.locks.LockSupport.park(LockSupport.java:175)&#10;        at java.util.concurrent.locks.AbstractQueuedSynchronizer$ConditionObject.await(AbstractQueuedSynchronizer.java:2039)&#10;        at java.util.concurrent.ArrayBlockingQueue.take(ArrayBlockingQueue.java:403)&#10;        at java.util.concurrent.ThreadPoolExecutor.getTask(ThreadPoolExecutor.java:1074)&#10;        at java.util.concurrent.ThreadPoolExecutor.runWorker(ThreadPoolExecutor.java:1134)&#10;        at java.util.concurrent.ThreadPoolExecutor$Worker.run(ThreadPoolExecutor.java:624)&#10;        at java.lang.Thread.run(Thread.java:748)&#10;&quot;pool-238-thread-41&quot;  prio=5 tid=2875 in Object.wait()&#10;java.lang.Thread.State: WAITING (on object monitor)&#10;        at sun.misc.Unsafe.park(Native Method)&#10;        at java.util.concurrent.locks.LockSupport.park(LockSupport.java:175)&#10;        at java.util.concurrent.locks.AbstractQueuedSynchronizer$ConditionObject.await(AbstractQueuedSynchronizer.java:2039)&#10;        at java.util.concurrent.ArrayBlockingQueue.take(ArrayBlockingQueue.java:403)&#10;        at java.util.concurrent.ThreadPoolExecutor.getTask(ThreadPoolExecutor.java:1074)&#10;        at java.util.concurrent.ThreadPoolExecutor.runWorker(ThreadPoolExecutor.java:1134)&#10;        at java.util.concurrent.ThreadPoolExecutor$Worker.run(ThreadPoolExecutor.java:624)&#10;        at java.lang.Thread.run(Thread.java:748)&#10;&quot;EventQueue-IncrementalContainerReportForIncrementalContainerReportHandler&quot; daemon prio=5 tid=3083 in Object.wait()&#10;java.lang.Thread.State: WAITING (on object monitor)&#10;        at sun.misc.Unsafe.park(Native Method)&#10;        at java.util.concurrent.locks.LockSupport.park(LockSupport.java:175)&#10;        at java.util.concurrent.locks.AbstractQueuedSynchronizer$ConditionObject.await(AbstractQueuedSynchronizer.java:2039)&#10;        at java.util.concurrent.LinkedBlockingQueue.take(LinkedBlockingQueue.java:442)&#10;        at java.util.concurrent.ThreadPoolExecutor.getTask(ThreadPoolExecutor.java:1074)&#10;        at java.util.concurrent.ThreadPoolExecutor.runWorker(ThreadPoolExecutor.java:1134)&#10;        at java.util.concurrent.ThreadPoolExecutor$Worker.run(ThreadPoolExecutor.java:624)&#10;        at java.lang.Thread.run(Thread.java:748)&#10;&quot;Command processor thread&quot; daemon prio=5 tid=2110 timed_waiting&#10;java.lang.Thread.State: TIMED_WAITING&#10;        at java.lang.Thread.sleep(Native Method)&#10;        at org.apache.hadoop.ozone.container.common.statemachine.DatanodeStateMachine.lambda$initCommandHandlerThread$1(DatanodeStateMachine.java:444)&#10;        at org.apache.hadoop.ozone.container.common.statemachine.DatanodeStateMachine$$Lambda$142/1059342576.run(Unknown Source)&#10;        at java.lang.Thread.run(Thread.java:748)&#10;&quot;pool-198-thread-51&quot;  prio=5 tid=2637 in Object.wait()&#10;java.lang.Thread.State: WAITING (on object monitor)&#10;        at sun.misc.Unsafe.park(Native Method)&#10;        at java.util.concurrent.locks.LockSupport.park(LockSupport.java:175)&#10;        at java.util.concurrent.locks.AbstractQueuedSynchronizer$ConditionObject.await(AbstractQueuedSynchronizer.java:2039)&#10;        at java.util.concurrent.ArrayBlockingQueue.take(ArrayBlockingQueue.java:403)&#10;        at java.util.concurrent.ThreadPoolExecutor.getTask(ThreadPoolExecutor.java:1074)&#10;        at java.util.concurrent.ThreadPoolExecutor.runWorker(ThreadPoolExecutor.java:1134)&#10;        at java.util.concurrent.ThreadPoolExecutor$Worker.run(ThreadPoolExecutor.java:624)&#10;        at java.lang.Thread.run(Thread.java:748)&#10;&quot;pool-178-thread-6&quot;  prio=5 tid=2468 in Object.wait()&#10;java.lang.Thread.State: WAITING (on object monitor)&#10;        at sun.misc.Unsafe.park(Native Method)&#10;        at java.util.concurrent.locks.LockSupport.park(LockSupport.java:175)&#10;        at java.util.concurrent.locks.AbstractQueuedSynchronizer$ConditionObject.await(AbstractQueuedSynchronizer.java:2039)&#10;        at java.util.concurrent.ArrayBlockingQueue.take(ArrayBlockingQueue.java:403)&#10;        at java.util.concurrent.ThreadPoolExecutor.getTask(ThreadPoolExecutor.java:1074)&#10;        at java.util.concurrent.ThreadPoolExecutor.runWorker(ThreadPoolExecutor.java:1134)&#10;        at java.util.concurrent.ThreadPoolExecutor$Worker.run(ThreadPoolExecutor.java:624)&#10;        at java.lang.Thread.run(Thread.java:748)&#10;&quot;pool-206-thread-1&quot; daemon prio=5 tid=2172 timed_waiting&#10;java.lang.Thread.State: TIMED_WAITING&#10;        at sun.misc.Unsafe.park(Native Method)&#10;        at java.util.concurrent.locks.LockSupport.parkNanos(LockSupport.java:215)&#10;        at java.util.concurrent.locks.AbstractQueuedSynchronizer$ConditionObject.awaitNanos(AbstractQueuedSynchronizer.java:2078)&#10;        at java.util.concurrent.ScheduledThreadPoolExecutor$DelayedWorkQueue.take(ScheduledThreadPoolExecutor.java:1093)&#10;        at java.util.concurrent.ScheduledThreadPoolExecutor$DelayedWorkQueue.take(ScheduledThreadPoolExecutor.java:809)&#10;        at java.util.concurrent.ThreadPoolExecutor.getTask(ThreadPoolExecutor.java:1074)&#10;        at java.util.concurrent.ThreadPoolExecutor.runWorker(ThreadPoolExecutor.java:1134)&#10;        at java.util.concurrent.ThreadPoolExecutor$Worker.run(ThreadPoolExecutor.java:624)&#10;        at java.lang.Thread.run(Thread.java:748)&#10;&quot;grpc-default-worker-ELG-3-3&quot; daemon prio=5 tid=1055 runnable&#10;java.lang.Thread.State: RUNNABLE&#10;        at sun.nio.ch.EPollArrayWrapper.epollWait(Native Method)&#10;        at sun.nio.ch.EPollArrayWrapper.poll(EPollArrayWrapper.java:269)&#10;        at sun.nio.ch.EPollSelectorImpl.doSelect(EPollSelectorImpl.java:93)&#10;        at sun.nio.ch.SelectorImpl.lockAndDoSelect(SelectorImpl.java:86)&#10;        at sun.nio.ch.SelectorImpl.select(SelectorImpl.java:97)&#10;        at org.apache.ratis.thirdparty.io.netty.channel.nio.SelectedSelectionKeySetSelector.select(SelectedSelectionKeySetSelector.java:62)&#10;        at org.apache.ratis.thirdparty.io.netty.channel.nio.NioEventLoop.select(NioEventLoop.java:753)&#10;        at org.apache.ratis.thirdparty.io.netty.channel.nio.NioEventLoop.run(NioEventLoop.java:408)&#10;        at org.apache.ratis.thirdparty.io.netty.util.concurrent.SingleThreadEventExecutor$5.run(SingleThreadEventExecutor.java:897)&#10;        at org.apache.ratis.thirdparty.io.netty.util.concurrent.FastThreadLocalRunnable.run(FastThreadLocalRunnable.java:30)&#10;        at java.lang.Thread.run(Thread.java:748)&#10;&quot;pool-178-thread-38&quot;  prio=5 tid=2500 in Object.wait()&#10;java.lang.Thread.State: WAITING (on object monitor)&#10;        at sun.misc.Unsafe.park(Native Method)&#10;        at java.util.concurrent.locks.LockSupport.park(LockSupport.java:175)&#10;        at java.util.concurrent.locks.AbstractQueuedSynchronizer$ConditionObject.await(AbstractQueuedSynchronizer.java:2039)&#10;        at java.util.concurrent.ArrayBlockingQueue.take(ArrayBlockingQueue.java:403)&#10;        at java.util.concurrent.ThreadPoolExecutor.getTask(ThreadPoolExecutor.java:1074)&#10;        at java.util.concurrent.ThreadPoolExecutor.runWorker(ThreadPoolExecutor.java:1134)&#10;        at java.util.concurrent.ThreadPoolExecutor$Worker.run(ThreadPoolExecutor.java:624)&#10;        at java.lang.Thread.run(Thread.java:748)&#10;&quot;pool-178-thread-30&quot;  prio=5 tid=2492 in Object.wait()&#10;java.lang.Thread.State: WAITING (on object monitor)&#10;        at sun.misc.Unsafe.park(Native Method)&#10;        at java.util.concurrent.locks.LockSupport.park(LockSupport.java:175)&#10;        at java.util.concurrent.locks.AbstractQueuedSynchronizer$ConditionObject.await(AbstractQueuedSynchronizer.java:2039)&#10;        at java.util.concurrent.ArrayBlockingQueue.take(ArrayBlockingQueue.java:403)&#10;        at java.util.concurrent.ThreadPoolExecutor.getTask(ThreadPoolExecutor.java:1074)&#10;        at java.util.concurrent.ThreadPoolExecutor.runWorker(ThreadPoolExecutor.java:1134)&#10;        at java.util.concurrent.ThreadPoolExecutor$Worker.run(ThreadPoolExecutor.java:624)&#10;        at java.lang.Thread.run(Thread.java:748)&#10;&quot;pool-158-thread-14&quot;  prio=5 tid=2352 in Object.wait()&#10;java.lang.Thread.State: WAITING (on object monitor)&#10;        at sun.misc.Unsafe.park(Native Method)&#10;        at java.util.concurrent.locks.LockSupport.park(LockSupport.java:175)&#10;        at java.util.concurrent.locks.AbstractQueuedSynchronizer$ConditionObject.await(AbstractQueuedSynchronizer.java:2039)&#10;        at java.util.concurrent.ArrayBlockingQueue.take(ArrayBlockingQueue.java:403)&#10;        at java.util.concurrent.ThreadPoolExecutor.getTask(ThreadPoolExecutor.java:1074)&#10;        at java.util.concurrent.ThreadPoolExecutor.runWorker(ThreadPoolExecutor.java:1134)&#10;        at java.util.concurrent.ThreadPoolExecutor$Worker.run(ThreadPoolExecutor.java:624)&#10;        at java.lang.Thread.run(Thread.java:748)&#10;&quot;qtp841721161-2069&quot; daemon prio=5 tid=2069 timed_waiting&#10;java.lang.Thread.State: TIMED_WAITING&#10;        at sun.misc.Unsafe.park(Native Method)&#10;        at java.util.concurrent.locks.LockSupport.parkNanos(LockSupport.java:215)&#10;        at java.util.concurrent.locks.AbstractQueuedSynchronizer$ConditionObject.awaitNanos(AbstractQueuedSynchronizer.java:2078)&#10;        at org.eclipse.jetty.util.BlockingArrayQueue.poll(BlockingArrayQueue.java:392)&#10;        at org.eclipse.jetty.util.thread.QueuedThreadPool.idleJobPoll(QueuedThreadPool.java:563)&#10;        at org.eclipse.jetty.util.thread.QueuedThreadPool.access$800(QueuedThreadPool.java:48)&#10;        at org.eclipse.jetty.util.thread.QueuedThreadPool$2.run(QueuedThreadPool.java:626)&#10;        at java.lang.Thread.run(Thread.java:748)&#10;&quot;pool-178-thread-14&quot;  prio=5 tid=2476 in Object.wait()&#10;java.lang.Thread.State: WAITING (on object monitor)&#10;        at sun.misc.Unsafe.park(Native Method)&#10;        at java.util.concurrent.locks.LockSupport.park(LockSupport.java:175)&#10;        at java.util.concurrent.locks.AbstractQueuedSynchronizer$ConditionObject.await(AbstractQueuedSynchronizer.java:2039)&#10;        at java.util.concurrent.ArrayBlockingQueue.take(ArrayBlockingQueue.java:403)&#10;        at java.util.concurrent.ThreadPoolExecutor.getTask(ThreadPoolExecutor.java:1074)&#10;        at java.util.concurrent.ThreadPoolExecutor.runWorker(ThreadPoolExecutor.java:1134)&#10;        at java.util.concurrent.ThreadPoolExecutor$Worker.run(ThreadPoolExecutor.java:624)&#10;        at java.lang.Thread.run(Thread.java:748)&#10;&quot;Datanode State Machine Thread - 0&quot; daemon prio=5 tid=2085 timed_waiting&#10;java.lang.Thread.State: TIMED_WAITING&#10;        at sun.misc.Unsafe.park(Native Method)&#10;        at java.util.concurrent.locks.LockSupport.parkNanos(LockSupport.java:215)&#10;        at java.util.concurrent.SynchronousQueue$TransferStack.awaitFulfill(SynchronousQueue.java:460)&#10;        at java.util.concurrent.SynchronousQueue$TransferStack.transfer(SynchronousQueue.java:362)&#10;        at java.util.concurrent.SynchronousQueue.poll(SynchronousQueue.java:941)&#10;        at java.util.concurrent.ThreadPoolExecutor.getTask(ThreadPoolExecutor.java:1073)&#10;        at java.util.concurrent.ThreadPoolExecutor.runWorker(ThreadPoolExecutor.java:1134)&#10;        at java.util.concurrent.ThreadPoolExecutor$Worker.run(ThreadPoolExecutor.java:624)&#10;        at java.lang.Thread.run(Thread.java:748)&#10;&quot;qtp2120404899-2152&quot; daemon prio=5 tid=2152 timed_waiting&#10;java.lang.Thread.State: TIMED_WAITING&#10;        at sun.misc.Unsafe.park(Native Method)&#10;        at java.util.concurrent.locks.LockSupport.parkNanos(LockSupport.java:215)&#10;        at java.util.concurrent.locks.AbstractQueuedSynchronizer$ConditionObject.awaitNanos(AbstractQueuedSynchronizer.java:2078)&#10;        at org.eclipse.jetty.util.BlockingArrayQueue.poll(BlockingArrayQueue.java:392)&#10;        at org.eclipse.jetty.util.thread.QueuedThreadPool.idleJobPoll(QueuedThreadPool.java:563)&#10;        at org.eclipse.jetty.util.thread.QueuedThreadPool.access$800(QueuedThreadPool.java:48)&#10;        at org.eclipse.jetty.util.thread.QueuedThreadPool$2.run(QueuedThreadPool.java:626)&#10;        at java.lang.Thread.run(Thread.java:748)&#10;&quot;Datanode ReportManager Thread - 3&quot; daemon prio=5 tid=363 in Object.wait()&#10;java.lang.Thread.State: WAITING (on object monitor)&#10;        at sun.misc.Unsafe.park(Native Method)&#10;        at java.util.concurrent.locks.LockSupport.park(LockSupport.java:175)&#10;        at java.util.concurrent.locks.AbstractQueuedSynchronizer$ConditionObject.await(AbstractQueuedSynchronizer.java:2039)&#10;        at java.util.concurrent.ScheduledThreadPoolExecutor$DelayedWorkQueue.take(ScheduledThreadPoolExecutor.java:1088)&#10;        at java.util.concurrent.ScheduledThreadPoolExecutor$DelayedWorkQueue.take(ScheduledThreadPoolExecutor.java:809)&#10;        at java.util.concurrent.ThreadPoolExecutor.getTask(ThreadPoolExecutor.java:1074)&#10;        at java.util.concurrent.ThreadPoolExecutor.runWorker(ThreadPoolExecutor.java:1134)&#10;        at java.util.concurrent.ThreadPoolExecutor$Worker.run(ThreadPoolExecutor.java:624)&#10;        at java.lang.Thread.run(Thread.java:748)&#10;&quot;qtp1583082378-2234&quot; daemon prio=5 tid=2234 timed_waiting&#10;java.lang.Thread.State: TIMED_WAITING&#10;        at sun.misc.Unsafe.park(Native Method)&#10;        at java.util.concurrent.locks.LockSupport.parkNanos(LockSupport.java:215)&#10;        at java.util.concurrent.locks.AbstractQueuedSynchronizer$ConditionObject.awaitNanos(AbstractQueuedSynchronizer.java:2078)&#10;        at org.eclipse.jetty.util.BlockingArrayQueue.poll(BlockingArrayQueue.java:392)&#10;        at org.eclipse.jetty.util.thread.QueuedThreadPool.idleJobPoll(QueuedThreadPool.java:563)&#10;        at org.eclipse.jetty.util.thread.QueuedThreadPool.access$800(QueuedThreadPool.java:48)&#10;        at org.eclipse.jetty.util.thread.QueuedThreadPool$2.run(QueuedThreadPool.java:626)&#10;        at java.lang.Thread.run(Thread.java:748)&#10;&quot;BlockDeletingService#1&quot; daemon prio=5 tid=2648 in Object.wait()&#10;java.lang.Thread.State: WAITING (on object monitor)&#10;        at sun.misc.Unsafe.park(Native Method)&#10;        at java.util.concurrent.locks.LockSupport.park(LockSupport.java:175)&#10;        at java.util.concurrent.locks.AbstractQueuedSynchronizer$ConditionObject.await(AbstractQueuedSynchronizer.java:2039)&#10;        at java.util.concurrent.ScheduledThreadPoolExecutor$DelayedWorkQueue.take(ScheduledThreadPoolExecutor.java:1088)&#10;        at java.util.concurrent.ScheduledThreadPoolExecutor$DelayedWorkQueue.take(ScheduledThreadPoolExecutor.java:809)&#10;        at java.util.concurrent.ThreadPoolExecutor.getTask(ThreadPoolExecutor.java:1074)&#10;        at java.util.concurrent.ThreadPoolExecutor.runWorker(ThreadPoolExecutor.java:1134)&#10;        at java.util.concurrent.ThreadPoolExecutor$Worker.run(ThreadPoolExecutor.java:624)&#10;        at java.lang.Thread.run(Thread.java:748)&#10;&quot;IPC Server handler 3 on 39845&quot; daemon prio=5 tid=1932 timed_waiting&#10;java.lang.Thread.State: TIMED_WAITING&#10;        at sun.misc.Unsafe.park(Native Method)&#10;        at java.util.concurrent.locks.LockSupport.parkNanos(LockSupport.java:215)&#10;        at java.util.concurrent.locks.AbstractQueuedSynchronizer$ConditionObject.awaitNanos(AbstractQueuedSynchronizer.java:2078)&#10;        at java.util.concurrent.LinkedBlockingQueue.poll(LinkedBlockingQueue.java:467)&#10;        at org.apache.hadoop.ipc.CallQueueManager.take(CallQueueManager.java:288)&#10;        at org.apache.hadoop.ipc.Server$Handler.run(Server.java:2668)&#10;&quot;IPC Server handler 0 on 39845&quot; daemon prio=5 tid=1929 timed_waiting&#10;java.lang.Thread.State: TIMED_WAITING&#10;        at sun.misc.Unsafe.park(Native Method)&#10;        at java.util.concurrent.locks.LockSupport.parkNanos(LockSupport.java:215)&#10;        at java.util.concurrent.locks.AbstractQueuedSynchronizer$ConditionObject.awaitNanos(AbstractQueuedSynchronizer.java:2078)&#10;        at java.util.concurrent.LinkedBlockingQueue.poll(LinkedBlockingQueue.java:467)&#10;        at org.apache.hadoop.ipc.CallQueueManager.take(CallQueueManager.java:288)&#10;        at org.apache.hadoop.ipc.Server$Handler.run(Server.java:2668)&#10;&quot;EventQueue-NewNodeForNewNodeHandler&quot; daemon prio=5 tid=2897 in Object.wait()&#10;java.lang.Thread.State: WAITING (on object monitor)&#10;        at sun.misc.Unsafe.park(Native Method)&#10;        at java.util.concurrent.locks.LockSupport.park(LockSupport.java:175)&#10;        at java.util.concurrent.locks.AbstractQueuedSynchronizer$ConditionObject.await(AbstractQueuedSynchronizer.java:2039)&#10;        at java.util.concurrent.LinkedBlockingQueue.take(LinkedBlockingQueue.java:442)&#10;        at java.util.concurrent.ThreadPoolExecutor.getTask(ThreadPoolExecutor.java:1074)&#10;        at java.util.concurrent.ThreadPoolExecutor.runWorker(ThreadPoolExecutor.java:1134)&#10;        at java.util.concurrent.ThreadPoolExecutor$Worker.run(ThreadPoolExecutor.java:624)&#10;        at java.lang.Thread.run(Thread.java:748)&#10;&quot;qtp83554564-2257-acceptor-0@330039cb-ServerConnector@51f18e31{HTTP/1.1,[http/1.1]}{0.0.0.0:45373}&quot; daemon prio=3 tid=2257 runnable&#10;java.lang.Thread.State: RUNNABLE&#10;        at sun.nio.ch.ServerSocketChannelImpl.accept0(Native Method)&#10;        at sun.nio.ch.ServerSocketChannelImpl.accept(ServerSocketChannelImpl.java:422)&#10;        at sun.nio.ch.ServerSocketChannelImpl.accept(ServerSocketChannelImpl.java:250)&#10;        at org.eclipse.jetty.server.ServerConnector.accept(ServerConnector.java:397)&#10;        at org.eclipse.jetty.server.AbstractConnector$Acceptor.run(AbstractConnector.java:601)&#10;        at org.eclipse.jetty.util.thread.QueuedThreadPool.runJob(QueuedThreadPool.java:671)&#10;        at org.eclipse.jetty.util.thread.QueuedThreadPool$2.run(QueuedThreadPool.java:589)&#10;        at java.lang.Thread.run(Thread.java:748)&#10;&quot;pool-158-thread-57&quot;  prio=5 tid=2395 in Object.wait()&#10;java.lang.Thread.State: WAITING (on object monitor)&#10;        at sun.misc.Unsafe.park(Native Method)&#10;        at java.util.concurrent.locks.LockSupport.park(LockSupport.java:175)&#10;        at java.util.concurrent.locks.AbstractQueuedSynchronizer$ConditionObject.await(AbstractQueuedSynchronizer.java:2039)&#10;        at java.util.concurrent.ArrayBlockingQueue.take(ArrayBlockingQueue.java:403)&#10;        at java.util.concurrent.ThreadPoolExecutor.getTask(ThreadPoolExecutor.java:1074)&#10;        at java.util.concurrent.ThreadPoolExecutor.runWorker(ThreadPoolExecutor.java:1134)&#10;        at java.util.concurrent.ThreadPoolExecutor$Worker.run(ThreadPoolExecutor.java:624)&#10;        at java.lang.Thread.run(Thread.java:748)&#10;&quot;pool-158-thread-7&quot;  prio=5 tid=2345 in Object.wait()&#10;java.lang.Thread.State: WAITING (on object monitor)&#10;        at sun.misc.Unsafe.park(Native Method)&#10;        at java.util.concurrent.locks.LockSupport.park(LockSupport.java:175)&#10;        at java.util.concurrent.locks.AbstractQueuedSynchronizer$ConditionObject.await(AbstractQueuedSynchronizer.java:2039)&#10;        at java.util.concurrent.ArrayBlockingQueue.take(ArrayBlockingQueue.java:403)&#10;        at java.util.concurrent.ThreadPoolExecutor.getTask(ThreadPoolExecutor.java:1074)&#10;        at java.util.concurrent.ThreadPoolExecutor.runWorker(ThreadPoolExecutor.java:1134)&#10;        at java.util.concurrent.ThreadPoolExecutor$Worker.run(ThreadPoolExecutor.java:624)&#10;        at java.lang.Thread.run(Thread.java:748)&#10;&quot;pool-178-thread-10&quot;  prio=5 tid=2472 in Object.wait()&#10;java.lang.Thread.State: WAITING (on object monitor)&#10;        at sun.misc.Unsafe.park(Native Method)&#10;        at java.util.concurrent.locks.LockSupport.park(LockSupport.java:175)&#10;        at java.util.concurrent.locks.AbstractQueuedSynchronizer$ConditionObject.await(AbstractQueuedSynchronizer.java:2039)&#10;        at java.util.concurrent.ArrayBlockingQueue.take(ArrayBlockingQueue.java:403)&#10;        at java.util.concurrent.ThreadPoolExecutor.getTask(ThreadPoolExecutor.java:1074)&#10;        at java.util.concurrent.ThreadPoolExecutor.runWorker(ThreadPoolExecutor.java:1134)&#10;        at java.util.concurrent.ThreadPoolExecutor$Worker.run(ThreadPoolExecutor.java:624)&#10;        at java.lang.Thread.run(Thread.java:748)&#10;&quot;org.eclipse.jetty.server.session.HashSessionManager@6c184d4dTimer&quot; daemon prio=5 tid=2239 timed_waiting&#10;java.lang.Thread.State: TIMED_WAITING&#10;        at sun.misc.Unsafe.park(Native Method)&#10;        at java.util.concurrent.locks.LockSupport.parkNanos(LockSupport.java:215)&#10;        at java.util.concurrent.locks.AbstractQueuedSynchronizer$ConditionObject.awaitNanos(AbstractQueuedSynchronizer.java:2078)&#10;        at java.util.concurrent.ScheduledThreadPoolExecutor$DelayedWorkQueue.take(ScheduledThreadPoolExecutor.java:1093)&#10;        at java.util.concurrent.ScheduledThreadPoolExecutor$DelayedWorkQueue.take(ScheduledThreadPoolExecutor.java:809)&#10;        at java.util.concurrent.ThreadPoolExecutor.getTask(ThreadPoolExecutor.java:1074)&#10;        at java.util.concurrent.ThreadPoolExecutor.runWorker(ThreadPoolExecutor.java:1134)&#10;        at java.util.concurrent.ThreadPoolExecutor$Worker.run(ThreadPoolExecutor.java:624)&#10;        at java.lang.Thread.run(Thread.java:748)&#10;&quot;pool-228-thread-14&quot;  prio=5 tid=2786 in Object.wait()&#10;java.lang.Thread.State: WAITING (on object monitor)&#10;        at sun.misc.Unsafe.park(Native Method)&#10;        at java.util.concurrent.locks.LockSupport.park(LockSupport.java:175)&#10;        at java.util.concurrent.locks.AbstractQueuedSynchronizer$ConditionObject.await(AbstractQueuedSynchronizer.java:2039)&#10;        at java.util.concurrent.ArrayBlockingQueue.take(ArrayBlockingQueue.java:403)&#10;        at java.util.concurrent.ThreadPoolExecutor.getTask(ThreadPoolExecutor.java:1074)&#10;        at java.util.concurrent.ThreadPoolExecutor.runWorker(ThreadPoolExecutor.java:1134)&#10;        at java.util.concurrent.ThreadPoolExecutor$Worker.run(ThreadPoolExecutor.java:624)&#10;        at java.lang.Thread.run(Thread.java:748)&#10;&quot;pool-208-thread-39&quot;  prio=5 tid=2687 in Object.wait()&#10;java.lang.Thread.State: WAITING (on object monitor)&#10;        at sun.misc.Unsafe.park(Native Method)&#10;        at java.util.concurrent.locks.LockSupport.park(LockSupport.java:175)&#10;        at java.util.concurrent.locks.AbstractQueuedSynchronizer$ConditionObject.await(AbstractQueuedSynchronizer.java:2039)&#10;        at java.util.concurrent.ArrayBlockingQueue.take(ArrayBlockingQueue.java:403)&#10;        at java.util.concurrent.ThreadPoolExecutor.getTask(ThreadPoolExecutor.java:1074)&#10;        at java.util.concurrent.ThreadPoolExecutor.runWorker(ThreadPoolExecutor.java:1134)&#10;        at java.util.concurrent.ThreadPoolExecutor$Worker.run(ThreadPoolExecutor.java:624)&#10;        at java.lang.Thread.run(Thread.java:748)&#10;&quot;Datanode ReportManager Thread - 2&quot; daemon prio=5 tid=173 in Object.wait()&#10;java.lang.Thread.State: WAITING (on object monitor)&#10;        at sun.misc.Unsafe.park(Native Method)&#10;        at java.util.concurrent.locks.LockSupport.park(LockSupport.java:175)&#10;        at java.util.concurrent.locks.AbstractQueuedSynchronizer$ConditionObject.await(AbstractQueuedSynchronizer.java:2039)&#10;        at java.util.concurrent.ScheduledThreadPoolExecutor$DelayedWorkQueue.take(ScheduledThreadPoolExecutor.java:1088)&#10;        at java.util.concurrent.ScheduledThreadPoolExecutor$DelayedWorkQueue.take(ScheduledThreadPoolExecutor.java:809)&#10;        at java.util.concurrent.ThreadPoolExecutor.getTask(ThreadPoolExecutor.java:1074)&#10;        at java.util.concurrent.ThreadPoolExecutor.runWorker(ThreadPoolExecutor.java:1134)&#10;        at java.util.concurrent.ThreadPoolExecutor$Worker.run(ThreadPoolExecutor.java:624)&#10;        at java.lang.Thread.run(Thread.java:748)&#10;&quot;pool-198-thread-25&quot;  prio=5 tid=2611 in Object.wait()&#10;java.lang.Thread.State: WAITING (on object monitor)&#10;        at sun.misc.Unsafe.park(Native Method)&#10;        at java.util.concurrent.locks.LockSupport.park(LockSupport.java:175)&#10;        at java.util.concurrent.locks.AbstractQueuedSynchronizer$ConditionObject.await(AbstractQueuedSynchronizer.java:2039)&#10;        at java.util.concurrent.ArrayBlockingQueue.take(ArrayBlockingQueue.java:403)&#10;        at java.util.concurrent.ThreadPoolExecutor.getTask(ThreadPoolExecutor.java:1074)&#10;        at java.util.concurrent.ThreadPoolExecutor.runWorker(ThreadPoolExecutor.java:1134)&#10;        at java.util.concurrent.ThreadPoolExecutor$Worker.run(ThreadPoolExecutor.java:624)&#10;        at java.lang.Thread.run(Thread.java:748)&#10;&quot;pool-168-thread-39&quot;  prio=5 tid=2439 in Object.wait()&#10;java.lang.Thread.State: WAITING (on object monitor)&#10;        at sun.misc.Unsafe.park(Native Method)&#10;        at java.util.concurrent.locks.LockSupport.park(LockSupport.java:175)&#10;        at java.util.concurrent.locks.AbstractQueuedSynchronizer$ConditionObject.await(AbstractQueuedSynchronizer.java:2039)&#10;        at java.util.concurrent.ArrayBlockingQueue.take(ArrayBlockingQueue.java:403)&#10;        at java.util.concurrent.ThreadPoolExecutor.getTask(ThreadPoolExecutor.java:1074)&#10;        at java.util.concurrent.ThreadPoolExecutor.runWorker(ThreadPoolExecutor.java:1134)&#10;        at java.util.concurrent.ThreadPoolExecutor$Worker.run(ThreadPoolExecutor.java:624)&#10;        at java.lang.Thread.run(Thread.java:748)&#10;&quot;pool-188-thread-22&quot;  prio=5 tid=2546 in Object.wait()&#10;java.lang.Thread.State: WAITING (on object monitor)&#10;        at sun.misc.Unsafe.park(Native Method)&#10;        at java.util.concurrent.locks.LockSupport.park(LockSupport.java:175)&#10;        at java.util.concurrent.locks.AbstractQueuedSynchronizer$ConditionObject.await(AbstractQueuedSynchronizer.java:2039)&#10;        at java.util.concurrent.ArrayBlockingQueue.take(ArrayBlockingQueue.java:403)&#10;        at java.util.concurrent.ThreadPoolExecutor.getTask(ThreadPoolExecutor.java:1074)&#10;        at java.util.concurrent.ThreadPoolExecutor.runWorker(ThreadPoolExecutor.java:1134)&#10;        at java.util.concurrent.ThreadPoolExecutor$Worker.run(ThreadPoolExecutor.java:624)&#10;        at java.lang.Thread.run(Thread.java:748)&#10;&quot;org.eclipse.jetty.server.session.HashSessionManager@d3f4505Timer&quot; daemon prio=5 tid=2021 timed_waiting&#10;java.lang.Thread.State: TIMED_WAITING&#10;        at sun.misc.Unsafe.park(Native Method)&#10;        at java.util.concurrent.locks.LockSupport.parkNanos(LockSupport.java:215)&#10;        at java.util.concurrent.locks.AbstractQueuedSynchronizer$ConditionObject.awaitNanos(AbstractQueuedSynchronizer.java:2078)&#10;        at java.util.concurrent.ScheduledThreadPoolExecutor$DelayedWorkQueue.take(ScheduledThreadPoolExecutor.java:1093)&#10;        at java.util.concurrent.ScheduledThreadPoolExecutor$DelayedWorkQueue.take(ScheduledThreadPoolExecutor.java:809)&#10;        at java.util.concurrent.ThreadPoolExecutor.getTask(ThreadPoolExecutor.java:1074)&#10;        at java.util.concurrent.ThreadPoolExecutor.runWorker(ThreadPoolExecutor.java:1134)&#10;        at java.util.concurrent.ThreadPoolExecutor$Worker.run(ThreadPoolExecutor.java:624)&#10;        at java.lang.Thread.run(Thread.java:748)&#10;&quot;pool-188-thread-11&quot;  prio=5 tid=2535 in Object.wait()&#10;java.lang.Thread.State: WAITING (on object monitor)&#10;        at sun.misc.Unsafe.park(Native Method)&#10;        at java.util.concurrent.locks.LockSupport.park(LockSupport.java:175)&#10;        at java.util.concurrent.locks.AbstractQueuedSynchronizer$ConditionObject.await(AbstractQueuedSynchronizer.java:2039)&#10;        at java.util.concurrent.ArrayBlockingQueue.take(ArrayBlockingQueue.java:403)&#10;        at java.util.concurrent.ThreadPoolExecutor.getTask(ThreadPoolExecutor.java:1074)&#10;        at java.util.concurrent.ThreadPoolExecutor.runWorker(ThreadPoolExecutor.java:1134)&#10;        at java.util.concurrent.ThreadPoolExecutor$Worker.run(ThreadPoolExecutor.java:624)&#10;        at java.lang.Thread.run(Thread.java:748)&#10;&quot;pool-228-thread-6&quot;  prio=5 tid=2778 in Object.wait()&#10;java.lang.Thread.State: WAITING (on object monitor)&#10;        at sun.misc.Unsafe.park(Native Method)&#10;        at java.util.concurrent.locks.LockSupport.park(LockSupport.java:175)&#10;        at java.util.concurrent.locks.AbstractQueuedSynchronizer$ConditionObject.await(AbstractQueuedSynchronizer.java:2039)&#10;        at java.util.concurrent.ArrayBlockingQueue.take(ArrayBlockingQueue.java:403)&#10;        at java.util.concurrent.ThreadPoolExecutor.getTask(ThreadPoolExecutor.java:1074)&#10;        at java.util.concurrent.ThreadPoolExecutor.runWorker(ThreadPoolExecutor.java:1134)&#10;        at java.util.concurrent.ThreadPoolExecutor$Worker.run(ThreadPoolExecutor.java:624)&#10;        at java.lang.Thread.run(Thread.java:748)&#10;&quot;org.eclipse.jetty.server.session.HashSessionManager@6ebc9573Timer&quot; daemon prio=5 tid=2002 timed_waiting&#10;java.lang.Thread.State: TIMED_WAITING&#10;        at sun.misc.Unsafe.park(Native Method)&#10;        at java.util.concurrent.locks.LockSupport.parkNanos(LockSupport.java:215)&#10;        at java.util.concurrent.locks.AbstractQueuedSynchronizer$ConditionObject.awaitNanos(AbstractQueuedSynchronizer.java:2078)&#10;        at java.util.concurrent.ScheduledThreadPoolExecutor$DelayedWorkQueue.take(ScheduledThreadPoolExecutor.java:1093)&#10;        at java.util.concurrent.ScheduledThreadPoolExecutor$DelayedWorkQueue.take(ScheduledThreadPoolExecutor.java:809)&#10;        at java.util.concurrent.ThreadPoolExecutor.getTask(ThreadPoolExecutor.java:1074)&#10;        at java.util.concurrent.ThreadPoolExecutor.runWorker(ThreadPoolExecutor.java:1134)&#10;        at java.util.concurrent.ThreadPoolExecutor$Worker.run(ThreadPoolExecutor.java:624)&#10;        at java.lang.Thread.run(Thread.java:748)&#10;&quot;org.eclipse.jetty.server.session.HashSessionManager@363c32ccTimer&quot; daemon prio=5 tid=2210 timed_waiting&#10;java.lang.Thread.State: TIMED_WAITING&#10;        at sun.misc.Unsafe.park(Native Method)&#10;        at java.util.concurrent.locks.LockSupport.parkNanos(LockSupport.java:215)&#10;        at java.util.concurrent.locks.AbstractQueuedSynchronizer$ConditionObject.awaitNanos(AbstractQueuedSynchronizer.java:2078)&#10;        at java.util.concurrent.ScheduledThreadPoolExecutor$DelayedWorkQueue.take(ScheduledThreadPoolExecutor.java:1093)&#10;        at java.util.concurrent.ScheduledThreadPoolExecutor$DelayedWorkQueue.take(ScheduledThreadPoolExecutor.java:809)&#10;        at java.util.concurrent.ThreadPoolExecutor.getTask(ThreadPoolExecutor.java:1074)&#10;        at java.util.concurrent.ThreadPoolExecutor.runWorker(ThreadPoolExecutor.java:1134)&#10;        at java.util.concurrent.ThreadPoolExecutor$Worker.run(ThreadPoolExecutor.java:624)&#10;        at java.lang.Thread.run(Thread.java:748)&#10;&quot;IPC Server handler 1 on 40581&quot; daemon prio=5 tid=1910 timed_waiting&#10;java.lang.Thread.State: TIMED_WAITING&#10;        at sun.misc.Unsafe.park(Native Method)&#10;        at java.util.concurrent.locks.LockSupport.parkNanos(LockSupport.java:215)&#10;        at java.util.concurrent.locks.AbstractQueuedSynchronizer$ConditionObject.awaitNanos(AbstractQueuedSynchronizer.java:2078)&#10;        at java.util.concurrent.LinkedBlockingQueue.poll(LinkedBlockingQueue.java:467)&#10;        at org.apache.hadoop.ipc.CallQueueManager.take(CallQueueManager.java:288)&#10;        at org.apache.hadoop.ipc.Server$Handler.run(Server.java:2668)&#10;&quot;pool-208-thread-8&quot;  prio=5 tid=2656 in Object.wait()&#10;java.lang.Thread.State: WAITING (on object monitor)&#10;        at sun.misc.Unsafe.park(Native Method)&#10;        at java.util.concurrent.locks.LockSupport.park(LockSupport.java:175)&#10;        at java.util.concurrent.locks.AbstractQueuedSynchronizer$ConditionObject.await(AbstractQueuedSynchronizer.java:2039)&#10;        at java.util.concurrent.ArrayBlockingQueue.take(ArrayBlockingQueue.java:403)&#10;        at java.util.concurrent.ThreadPoolExecutor.getTask(ThreadPoolExecutor.java:1074)&#10;        at java.util.concurrent.ThreadPoolExecutor.runWorker(ThreadPoolExecutor.java:1134)&#10;        at java.util.concurrent.ThreadPoolExecutor$Worker.run(ThreadPoolExecutor.java:624)&#10;        at java.lang.Thread.run(Thread.java:748)&#10;&quot;pool-208-thread-41&quot;  prio=5 tid=2689 in Object.wait()&#10;java.lang.Thread.State: WAITING (on object monitor)&#10;        at sun.misc.Unsafe.park(Native Method)&#10;        at java.util.concurrent.locks.LockSupport.park(LockSupport.java:175)&#10;        at java.util.concurrent.locks.AbstractQueuedSynchronizer$ConditionObject.await(AbstractQueuedSynchronizer.java:2039)&#10;        at java.util.concurrent.ArrayBlockingQueue.take(ArrayBlockingQueue.java:403)&#10;        at java.util.concurrent.ThreadPoolExecutor.getTask(ThreadPoolExecutor.java:1074)&#10;        at java.util.concurrent.ThreadPoolExecutor.runWorker(ThreadPoolExecutor.java:1134)&#10;        at java.util.concurrent.ThreadPoolExecutor$Worker.run(ThreadPoolExecutor.java:624)&#10;        at java.lang.Thread.run(Thread.java:748)&#10;&quot;Periodic HDDS volume checker&quot;  prio=5 tid=2249 timed_waiting&#10;java.lang.Thread.State: TIMED_WAITING&#10;        at sun.misc.Unsafe.park(Native Method)&#10;        at java.util.concurrent.locks.LockSupport.parkNanos(LockSupport.java:215)&#10;        at java.util.concurrent.locks.AbstractQueuedSynchronizer$ConditionObject.awaitNanos(AbstractQueuedSynchronizer.java:2078)&#10;        at java.util.concurrent.ScheduledThreadPoolExecutor$DelayedWorkQueue.take(ScheduledThreadPoolExecutor.java:1093)&#10;        at java.util.concurrent.ScheduledThreadPoolExecutor$DelayedWorkQueue.take(ScheduledThreadPoolExecutor.java:809)&#10;        at java.util.concurrent.ThreadPoolExecutor.getTask(ThreadPoolExecutor.java:1074)&#10;        at java.util.concurrent.ThreadPoolExecutor.runWorker(ThreadPoolExecutor.java:1134)&#10;        at java.util.concurrent.ThreadPoolExecutor$Worker.run(ThreadPoolExecutor.java:624)&#10;        at java.lang.Thread.run(Thread.java:748)&#10;&quot;pool-208-thread-54&quot;  prio=5 tid=2702 in Object.wait()&#10;java.lang.Thread.State: WAITING (on object monitor)&#10;        at sun.misc.Unsafe.park(Native Method)&#10;        at java.util.concurrent.locks.LockSupport.park(LockSupport.java:175)&#10;        at java.util.concurrent.locks.AbstractQueuedSynchronizer$ConditionObject.await(AbstractQueuedSynchronizer.java:2039)&#10;        at java.util.concurrent.ArrayBlockingQueue.take(ArrayBlockingQueue.java:403)&#10;        at java.util.concurrent.ThreadPoolExecutor.getTask(ThreadPoolExecutor.java:1074)&#10;        at java.util.concurrent.ThreadPoolExecutor.runWorker(ThreadPoolExecutor.java:1134)&#10;        at java.util.concurrent.ThreadPoolExecutor$Worker.run(ThreadPoolExecutor.java:624)&#10;        at java.lang.Thread.run(Thread.java:748)&#10;&quot;BlockDeletingService#1&quot; daemon prio=5 tid=2834 in Object.wait()&#10;java.lang.Thread.State: WAITING (on object monitor)&#10;        at sun.misc.Unsafe.park(Native Method)&#10;        at java.util.concurrent.locks.LockSupport.park(LockSupport.java:175)&#10;        at java.util.concurrent.locks.AbstractQueuedSynchronizer$ConditionObject.await(AbstractQueuedSynchronizer.java:2039)&#10;        at java.util.concurrent.ScheduledThreadPoolExecutor$DelayedWorkQueue.take(ScheduledThreadPoolExecutor.java:1088)&#10;        at java.util.concurrent.ScheduledThreadPoolExecutor$DelayedWorkQueue.take(ScheduledThreadPoolExecutor.java:809)&#10;        at java.util.concurrent.ThreadPoolExecutor.getTask(ThreadPoolExecutor.java:1074)&#10;        at java.util.concurrent.ThreadPoolExecutor.runWorker(ThreadPoolExecutor.java:1134)&#10;        at java.util.concurrent.ThreadPoolExecutor$Worker.run(ThreadPoolExecutor.java:624)&#10;        at java.lang.Thread.run(Thread.java:748)&#10;&quot;Datanode ReportManager Thread - 0&quot; daemon prio=5 tid=252 timed_waiting&#10;java.lang.Thread.State: TIMED_WAITING&#10;        at sun.misc.Unsafe.park(Native Method)&#10;        at java.util.concurrent.locks.LockSupport.parkNanos(LockSupport.java:215)&#10;        at java.util.concurrent.locks.AbstractQueuedSynchronizer$ConditionObject.awaitNanos(AbstractQueuedSynchronizer.java:2078)&#10;        at java.util.concurrent.ScheduledThreadPoolExecutor$DelayedWorkQueue.take(ScheduledThreadPoolExecutor.java:1093)&#10;        at java.util.concurrent.ScheduledThreadPoolExecutor$DelayedWorkQueue.take(ScheduledThreadPoolExecutor.java:809)&#10;        at java.util.concurrent.ThreadPoolExecutor.getTask(ThreadPoolExecutor.java:1074)&#10;        at java.util.concurrent.ThreadPoolExecutor.runWorker(ThreadPoolExecutor.java:1134)&#10;        at java.util.concurrent.ThreadPoolExecutor$Worker.run(ThreadPoolExecutor.java:624)&#10;        at java.lang.Thread.run(Thread.java:748)&#10;&quot;pool-178-thread-45&quot;  prio=5 tid=2507 in Object.wait()&#10;java.lang.Thread.State: WAITING (on object monitor)&#10;        at sun.misc.Unsafe.park(Native Method)&#10;        at java.util.concurrent.locks.LockSupport.park(LockSupport.java:175)&#10;        at java.util.concurrent.locks.AbstractQueuedSynchronizer$ConditionObject.await(AbstractQueuedSynchronizer.java:2039)&#10;        at java.util.concurrent.ArrayBlockingQueue.take(ArrayBlockingQueue.java:403)&#10;        at java.util.concurrent.ThreadPoolExecutor.getTask(ThreadPoolExecutor.java:1074)&#10;        at java.util.concurrent.ThreadPoolExecutor.runWorker(ThreadPoolExecutor.java:1134)&#10;        at java.util.concurrent.ThreadPoolExecutor$Worker.run(ThreadPoolExecutor.java:624)&#10;        at java.lang.Thread.run(Thread.java:748)&#10;&quot;qtp98459285-1955&quot; daemon prio=5 tid=1955 timed_waiting&#10;java.lang.Thread.State: TIMED_WAITING&#10;        at sun.misc.Unsafe.park(Native Method)&#10;        at java.util.concurrent.locks.LockSupport.parkNanos(LockSupport.java:215)&#10;        at java.util.concurrent.locks.AbstractQueuedSynchronizer$ConditionObject.awaitNanos(AbstractQueuedSynchronizer.java:2078)&#10;        at org.eclipse.jetty.util.BlockingArrayQueue.poll(BlockingArrayQueue.java:392)&#10;        at org.eclipse.jetty.util.thread.QueuedThreadPool.idleJobPoll(QueuedThreadPool.java:563)&#10;        at org.eclipse.jetty.util.thread.QueuedThreadPool.access$800(QueuedThreadPool.java:48)&#10;        at org.eclipse.jetty.util.thread.QueuedThreadPool$2.run(QueuedThreadPool.java:626)&#10;        at java.lang.Thread.run(Thread.java:748)&#10;&quot;pool-168-thread-42&quot;  prio=5 tid=2442 in Object.wait()&#10;java.lang.Thread.State: WAITING (on object monitor)&#10;        at sun.misc.Unsafe.park(Native Method)&#10;        at java.util.concurrent.locks.LockSupport.park(LockSupport.java:175)&#10;        at java.util.concurrent.locks.AbstractQueuedSynchronizer$ConditionObject.await(AbstractQueuedSynchronizer.java:2039)&#10;        at java.util.concurrent.ArrayBlockingQueue.take(ArrayBlockingQueue.java:403)&#10;        at java.util.concurrent.ThreadPoolExecutor.getTask(ThreadPoolExecutor.java:1074)&#10;        at java.util.concurrent.ThreadPoolExecutor.runWorker(ThreadPoolExecutor.java:1134)&#10;        at java.util.concurrent.ThreadPoolExecutor$Worker.run(ThreadPoolExecutor.java:624)&#10;        at java.lang.Thread.run(Thread.java:748)&#10;&quot;pool-158-thread-58&quot;  prio=5 tid=2396 in Object.wait()&#10;java.lang.Thread.State: WAITING (on object monitor)&#10;        at sun.misc.Unsafe.park(Native Method)&#10;        at java.util.concurrent.locks.LockSupport.park(LockSupport.java:175)&#10;        at java.util.concurrent.locks.AbstractQueuedSynchronizer$ConditionObject.await(AbstractQueuedSynchronizer.java:2039)&#10;        at java.util.concurrent.ArrayBlockingQueue.take(ArrayBlockingQueue.java:403)&#10;        at java.util.concurrent.ThreadPoolExecutor.getTask(ThreadPoolExecutor.java:1074)&#10;        at java.util.concurrent.ThreadPoolExecutor.runWorker(ThreadPoolExecutor.java:1134)&#10;        at java.util.concurrent.ThreadPoolExecutor$Worker.run(ThreadPoolExecutor.java:624)&#10;        at java.lang.Thread.run(Thread.java:748)&#10;&quot;IPC Server Responder&quot; daemon prio=5 tid=1881 runnable&#10;java.lang.Thread.State: RUNNABLE&#10;        at sun.nio.ch.EPollArrayWrapper.epollWait(Native Method)&#10;        at sun.nio.ch.EPollArrayWrapper.poll(EPollArrayWrapper.java:269)&#10;        at sun.nio.ch.EPollSelectorImpl.doSelect(EPollSelectorImpl.java:93)&#10;        at sun.nio.ch.SelectorImpl.lockAndDoSelect(SelectorImpl.java:86)&#10;        at sun.nio.ch.SelectorImpl.select(SelectorImpl.java:97)&#10;        at org.apache.hadoop.ipc.Server$Responder.doRunLoop(Server.java:1334)&#10;        at org.apache.hadoop.ipc.Server$Responder.run(Server.java:1317)&#10;&quot;org.eclipse.jetty.server.session.HashSessionManager@2e43c38dTimer&quot; daemon prio=5 tid=2265 timed_waiting&#10;java.lang.Thread.State: TIMED_WAITING&#10;        at sun.misc.Unsafe.park(Native Method)&#10;        at java.util.concurrent.locks.LockSupport.parkNanos(LockSupport.java:215)&#10;        at java.util.concurrent.locks.AbstractQueuedSynchronizer$ConditionObject.awaitNanos(AbstractQueuedSynchronizer.java:2078)&#10;        at java.util.concurrent.ScheduledThreadPoolExecutor$DelayedWorkQueue.take(ScheduledThreadPoolExecutor.java:1093)&#10;        at java.util.concurrent.ScheduledThreadPoolExecutor$DelayedWorkQueue.take(ScheduledThreadPoolExecutor.java:809)&#10;        at java.util.concurrent.ThreadPoolExecutor.getTask(ThreadPoolExecutor.java:1074)&#10;        at java.util.concurrent.ThreadPoolExecutor.runWorker(ThreadPoolExecutor.java:1134)&#10;        at java.util.concurrent.ThreadPoolExecutor$Worker.run(ThreadPoolExecutor.java:624)&#10;        at java.lang.Thread.run(Thread.java:748)&#10;&quot;IPC Server Responder&quot; daemon prio=5 tid=1877 runnable&#10;java.lang.Thread.State: RUNNABLE&#10;        at sun.nio.ch.EPollArrayWrapper.epollWait(Native Method)&#10;        at sun.nio.ch.EPollArrayWrapper.poll(EPollArrayWrapper.java:269)&#10;        at sun.nio.ch.EPollSelectorImpl.doSelect(EPollSelectorImpl.java:93)&#10;        at sun.nio.ch.SelectorImpl.lockAndDoSelect(SelectorImpl.java:86)&#10;        at sun.nio.ch.SelectorImpl.select(SelectorImpl.java:97)&#10;        at org.apache.hadoop.ipc.Server$Responder.doRunLoop(Server.java:1334)&#10;        at org.apache.hadoop.ipc.Server$Responder.run(Server.java:1317)&#10;&quot;pool-179-thread-1&quot;  prio=5 tid=2941 in Object.wait()&#10;java.lang.Thread.State: WAITING (on object monitor)&#10;        at sun.misc.Unsafe.park(Native Method)&#10;        at java.util.concurrent.locks.LockSupport.park(LockSupport.java:175)&#10;        at java.util.concurrent.locks.AbstractQueuedSynchronizer$ConditionObject.await(AbstractQueuedSynchronizer.java:2039)&#10;        at java.util.concurrent.LinkedBlockingQueue.take(LinkedBlockingQueue.java:442)&#10;        at java.util.concurrent.ThreadPoolExecutor.getTask(ThreadPoolExecutor.java:1074)&#10;        at java.util.concurrent.ThreadPoolExecutor.runWorker(ThreadPoolExecutor.java:1134)&#10;        at java.util.concurrent.ThreadPoolExecutor$Worker.run(ThreadPoolExecutor.java:624)&#10;        at java.lang.Thread.run(Thread.java:748)&#10;&quot;pool-188-thread-6&quot;  prio=5 tid=2530 in Object.wait()&#10;java.lang.Thread.State: WAITING (on object monitor)&#10;        at sun.misc.Unsafe.park(Native Method)&#10;        at java.util.concurrent.locks.LockSupport.park(LockSupport.java:175)&#10;        at java.util.concurrent.locks.AbstractQueuedSynchronizer$ConditionObject.await(AbstractQueuedSynchronizer.java:2039)&#10;        at java.util.concurrent.ArrayBlockingQueue.take(ArrayBlockingQueue.java:403)&#10;        at java.util.concurrent.ThreadPoolExecutor.getTask(ThreadPoolExecutor.java:1074)&#10;        at java.util.concurrent.ThreadPoolExecutor.runWorker(ThreadPoolExecutor.java:1134)&#10;        at java.util.concurrent.ThreadPoolExecutor$Worker.run(ThreadPoolExecutor.java:624)&#10;        at java.lang.Thread.run(Thread.java:748)&#10;&quot;IPC Server handler 19 on 35120&quot; daemon prio=5 tid=1908 timed_waiting&#10;java.lang.Thread.State: TIMED_WAITING&#10;        at sun.misc.Unsafe.park(Native Method)&#10;        at java.util.concurrent.locks.LockSupport.parkNanos(LockSupport.java:215)&#10;        at java.util.concurrent.locks.AbstractQueuedSynchronizer$ConditionObject.awaitNanos(AbstractQueuedSynchronizer.java:2078)&#10;        at java.util.concurrent.LinkedBlockingQueue.poll(LinkedBlockingQueue.java:467)&#10;        at org.apache.hadoop.ipc.CallQueueManager.take(CallQueueManager.java:288)&#10;        at org.apache.hadoop.ipc.Server$Handler.run(Server.java:2668)&#10;&quot;qtp1583082378-2231&quot; daemon prio=5 tid=2231 timed_waiting&#10;java.lang.Thread.State: TIMED_WAITING&#10;        at sun.misc.Unsafe.park(Native Method)&#10;        at java.util.concurrent.locks.LockSupport.parkNanos(LockSupport.java:215)&#10;        at java.util.concurrent.locks.AbstractQueuedSynchronizer$ConditionObject.awaitNanos(AbstractQueuedSynchronizer.java:2078)&#10;        at org.eclipse.jetty.util.BlockingArrayQueue.poll(BlockingArrayQueue.java:392)&#10;        at org.eclipse.jetty.util.thread.QueuedThreadPool.idleJobPoll(QueuedThreadPool.java:563)&#10;        at org.eclipse.jetty.util.thread.QueuedThreadPool.access$800(QueuedThreadPool.java:48)&#10;        at org.eclipse.jetty.util.thread.QueuedThreadPool$2.run(QueuedThreadPool.java:626)&#10;        at java.lang.Thread.run(Thread.java:748)&#10;&quot;pool-208-thread-21&quot;  prio=5 tid=2669 in Object.wait()&#10;java.lang.Thread.State: WAITING (on object monitor)&#10;        at sun.misc.Unsafe.park(Native Method)&#10;        at java.util.concurrent.locks.LockSupport.park(LockSupport.java:175)&#10;        at java.util.concurrent.locks.AbstractQueuedSynchronizer$ConditionObject.await(AbstractQueuedSynchronizer.java:2039)&#10;        at java.util.concurrent.ArrayBlockingQueue.take(ArrayBlockingQueue.java:403)&#10;        at java.util.concurrent.ThreadPoolExecutor.getTask(ThreadPoolExecutor.java:1074)&#10;        at java.util.concurrent.ThreadPoolExecutor.runWorker(ThreadPoolExecutor.java:1134)&#10;        at java.util.concurrent.ThreadPoolExecutor$Worker.run(ThreadPoolExecutor.java:624)&#10;        at java.lang.Thread.run(Thread.java:748)&#10;&quot;qtp270313690-2124&quot; daemon prio=5 tid=2124 timed_waiting&#10;java.lang.Thread.State: TIMED_WAITING&#10;        at sun.misc.Unsafe.park(Native Method)&#10;        at java.util.concurrent.locks.LockSupport.parkNanos(LockSupport.java:215)&#10;        at java.util.concurrent.locks.AbstractQueuedSynchronizer$ConditionObject.awaitNanos(AbstractQueuedSynchronizer.java:2078)&#10;        at org.eclipse.jetty.util.BlockingArrayQueue.poll(BlockingArrayQueue.java:392)&#10;        at org.eclipse.jetty.util.thread.QueuedThreadPool.idleJobPoll(QueuedThreadPool.java:563)&#10;        at org.eclipse.jetty.util.thread.QueuedThreadPool.access$800(QueuedThreadPool.java:48)&#10;        at org.eclipse.jetty.util.thread.QueuedThreadPool$2.run(QueuedThreadPool.java:626)&#10;        at java.lang.Thread.run(Thread.java:748)&#10;&quot;pool-219-thread-1&quot;  prio=5 tid=2968 in Object.wait()&#10;java.lang.Thread.State: WAITING (on object monitor)&#10;        at sun.misc.Unsafe.park(Native Method)&#10;        at java.util.concurrent.locks.LockSupport.park(LockSupport.java:175)&#10;        at java.util.concurrent.locks.AbstractQueuedSynchronizer$ConditionObject.await(AbstractQueuedSynchronizer.java:2039)&#10;        at java.util.concurrent.LinkedBlockingQueue.take(LinkedBlockingQueue.java:442)&#10;        at java.util.concurrent.ThreadPoolExecutor.getTask(ThreadPoolExecutor.java:1074)&#10;        at java.util.concurrent.ThreadPoolExecutor.runWorker(ThreadPoolExecutor.java:1134)&#10;        at java.util.concurrent.ThreadPoolExecutor$Worker.run(ThreadPoolExecutor.java:624)&#10;        at java.lang.Thread.run(Thread.java:748)&#10;&quot;pool-208-thread-18&quot;  prio=5 tid=2666 in Object.wait()&#10;java.lang.Thread.State: WAITING (on object monitor)&#10;        at sun.misc.Unsafe.park(Native Method)&#10;        at java.util.concurrent.locks.LockSupport.park(LockSupport.java:175)&#10;        at java.util.concurrent.locks.AbstractQueuedSynchronizer$ConditionObject.await(AbstractQueuedSynchronizer.java:2039)&#10;        at java.util.concurrent.ArrayBlockingQueue.take(ArrayBlockingQueue.java:403)&#10;        at java.util.concurrent.ThreadPoolExecutor.getTask(ThreadPoolExecutor.java:1074)&#10;        at java.util.concurrent.ThreadPoolExecutor.runWorker(ThreadPoolExecutor.java:1134)&#10;        at java.util.concurrent.ThreadPoolExecutor$Worker.run(ThreadPoolExecutor.java:624)&#10;        at java.lang.Thread.run(Thread.java:748)&#10;&quot;IPC Server handler 1 on 39845&quot; daemon prio=5 tid=1930 timed_waiting&#10;java.lang.Thread.State: TIMED_WAITING&#10;        at sun.misc.Unsafe.park(Native Method)&#10;        at java.util.concurrent.locks.LockSupport.parkNanos(LockSupport.java:215)&#10;        at java.util.concurrent.locks.AbstractQueuedSynchronizer$ConditionObject.awaitNanos(AbstractQueuedSynchronizer.java:2078)&#10;        at java.util.concurrent.LinkedBlockingQueue.poll(LinkedBlockingQueue.java:467)&#10;        at org.apache.hadoop.ipc.CallQueueManager.take(CallQueueManager.java:288)&#10;        at org.apache.hadoop.ipc.Server$Handler.run(Server.java:2668)&#10;&quot;refreshUsed-/workdir/hadoop-ozone/integration-test/target/test-dir/MiniOzoneClusterImpl-8fc52630-20fd-4955-97d1-2a2852f9ee58/datanode-1/data/containers&quot; daemon prio=5 tid=2035 timed_waiting&#10;java.lang.Thread.State: TIMED_WAITING&#10;        at java.lang.Thread.sleep(Native Method)&#10;        at org.apache.hadoop.fs.CachingGetSpaceUsed$RefreshThread.run(CachingGetSpaceUsed.java:179)&#10;        at java.lang.Thread.run(Thread.java:748)&#10;&quot;BlockDeletingService#0&quot; daemon prio=5 tid=2523 timed_waiting&#10;java.lang.Thread.State: TIMED_WAITING&#10;        at sun.misc.Unsafe.park(Native Method)&#10;        at java.util.concurrent.locks.LockSupport.parkNanos(LockSupport.java:215)&#10;        at java.util.concurrent.locks.AbstractQueuedSynchronizer$ConditionObject.awaitNanos(AbstractQueuedSynchronizer.java:2078)&#10;        at java.util.concurrent.ScheduledThreadPoolExecutor$DelayedWorkQueue.take(ScheduledThreadPoolExecutor.java:1093)&#10;        at java.util.concurrent.ScheduledThreadPoolExecutor$DelayedWorkQueue.take(ScheduledThreadPoolExecutor.java:809)&#10;        at java.util.concurrent.ThreadPoolExecutor.getTask(ThreadPoolExecutor.java:1074)&#10;        at java.util.concurrent.ThreadPoolExecutor.runWorker(ThreadPoolExecutor.java:1134)&#10;        at java.util.concurrent.ThreadPoolExecutor$Worker.run(ThreadPoolExecutor.java:624)&#10;        at java.lang.Thread.run(Thread.java:748)&#10;&quot;IPC Server handler 5 on 45410&quot; daemon prio=5 tid=1977 timed_waiting&#10;java.lang.Thread.State: TIMED_WAITING&#10;        at sun.misc.Unsafe.park(Native Method)&#10;        at java.util.concurrent.locks.LockSupport.parkNanos(LockSupport.java:215)&#10;        at java.util.concurrent.locks.AbstractQueuedSynchronizer$ConditionObject.awaitNanos(AbstractQueuedSynchronizer.java:2078)&#10;        at java.util.concurrent.LinkedBlockingQueue.poll(LinkedBlockingQueue.java:467)&#10;        at org.apache.hadoop.ipc.CallQueueManager.take(CallQueueManager.java:288)&#10;        at org.apache.hadoop.ipc.Server$Handler.run(Server.java:2668)&#10;&quot;pool-218-thread-47&quot;  prio=5 tid=2757 in Object.wait()&#10;java.lang.Thread.State: WAITING (on object monitor)&#10;        at sun.misc.Unsafe.park(Native Method)&#10;        at java.util.concurrent.locks.LockSupport.park(LockSupport.java:175)&#10;        at java.util.concurrent.locks.AbstractQueuedSynchronizer$ConditionObject.await(AbstractQueuedSynchronizer.java:2039)&#10;        at java.util.concurrent.ArrayBlockingQueue.take(ArrayBlockingQueue.java:403)&#10;        at java.util.concurrent.ThreadPoolExecutor.getTask(ThreadPoolExecutor.java:1074)&#10;        at java.util.concurrent.ThreadPoolExecutor.runWorker(ThreadPoolExecutor.java:1134)&#10;        at java.util.concurrent.ThreadPoolExecutor$Worker.run(ThreadPoolExecutor.java:624)&#10;        at java.lang.Thread.run(Thread.java:748)&#10;&quot;qtp98459285-1951&quot; daemon prio=5 tid=1951 timed_waiting&#10;java.lang.Thread.State: TIMED_WAITING&#10;        at sun.misc.Unsafe.park(Native Method)&#10;        at java.util.concurrent.locks.LockSupport.parkNanos(LockSupport.java:215)&#10;        at java.util.concurrent.locks.AbstractQueuedSynchronizer$ConditionObject.awaitNanos(AbstractQueuedSynchronizer.java:2078)&#10;        at org.eclipse.jetty.util.BlockingArrayQueue.poll(BlockingArrayQueue.java:392)&#10;        at org.eclipse.jetty.util.thread.QueuedThreadPool.idleJobPoll(QueuedThreadPool.java:563)&#10;        at org.eclipse.jetty.util.thread.QueuedThreadPool.access$800(QueuedThreadPool.java:48)&#10;        at org.eclipse.jetty.util.thread.QueuedThreadPool$2.run(QueuedThreadPool.java:626)&#10;        at java.lang.Thread.run(Thread.java:748)&#10;&quot;Datanode ReportManager Thread - 2&quot; daemon prio=5 tid=227 in Object.wait()&#10;java.lang.Thread.State: WAITING (on object monitor)&#10;        at sun.misc.Unsafe.park(Native Method)&#10;        at java.util.concurrent.locks.LockSupport.park(LockSupport.java:175)&#10;        at java.util.concurrent.locks.AbstractQueuedSynchronizer$ConditionObject.await(AbstractQueuedSynchronizer.java:2039)&#10;        at java.util.concurrent.ScheduledThreadPoolExecutor$DelayedWorkQueue.take(ScheduledThreadPoolExecutor.java:1088)&#10;        at java.util.concurrent.ScheduledThreadPoolExecutor$DelayedWorkQueue.take(ScheduledThreadPoolExecutor.java:809)&#10;        at java.util.concurrent.ThreadPoolExecutor.getTask(ThreadPoolExecutor.java:1074)&#10;        at java.util.concurrent.ThreadPoolExecutor.runWorker(ThreadPoolExecutor.java:1134)&#10;        at java.util.concurrent.ThreadPoolExecutor$Worker.run(ThreadPoolExecutor.java:624)&#10;        at java.lang.Thread.run(Thread.java:748)&#10;&quot;DataNode DiskChecker thread 0&quot; daemon prio=5 tid=2144 timed_waiting&#10;java.lang.Thread.State: TIMED_WAITING&#10;        at sun.misc.Unsafe.park(Native Method)&#10;        at java.util.concurrent.locks.LockSupport.parkNanos(LockSupport.java:215)&#10;        at java.util.concurrent.SynchronousQueue$TransferStack.awaitFulfill(SynchronousQueue.java:460)&#10;        at java.util.concurrent.SynchronousQueue$TransferStack.transfer(SynchronousQueue.java:362)&#10;        at java.util.concurrent.SynchronousQueue.poll(SynchronousQueue.java:941)&#10;        at java.util.concurrent.ThreadPoolExecutor.getTask(ThreadPoolExecutor.java:1073)&#10;        at java.util.concurrent.ThreadPoolExecutor.runWorker(ThreadPoolExecutor.java:1134)&#10;        at java.util.concurrent.ThreadPoolExecutor$Worker.run(ThreadPoolExecutor.java:624)&#10;        at java.lang.Thread.run(Thread.java:748)&#10;&quot;org.apache.ratis.server.impl.LogAppender$AppenderDaemon$$Lambda$466/1042245461@1c8c2044&quot; daemon prio=5 tid=3220 timed_waiting&#10;java.lang.Thread.State: TIMED_WAITING&#10;        at java.lang.Object.wait(Native Method)&#10;        at org.apache.ratis.grpc.server.GrpcLogAppender.mayWait(GrpcLogAppender.java:149)&#10;        at org.apache.ratis.grpc.server.GrpcLogAppender.runAppenderImpl(GrpcLogAppender.java:103)&#10;        at org.apache.ratis.server.impl.LogAppender$AppenderDaemon.run(LogAppender.java:76)&#10;        at org.apache.ratis.server.impl.LogAppender$AppenderDaemon$$Lambda$466/1042245461.run(Unknown Source)&#10;        at java.lang.Thread.run(Thread.java:748)&#10;&quot;Datanode State Machine Thread - 0&quot; daemon prio=5 tid=2159 timed_waiting&#10;java.lang.Thread.State: TIMED_WAITING&#10;        at java.lang.Thread.sleep(Native Method)&#10;        at org.apache.hadoop.ozone.container.common.statemachine.DatanodeStateMachine.start(DatanodeStateMachine.java:196)&#10;        at org.apache.hadoop.ozone.container.common.statemachine.DatanodeStateMachine.lambda$startDaemon$0(DatanodeStateMachine.java:354)&#10;        at org.apache.hadoop.ozone.container.common.statemachine.DatanodeStateMachine$$Lambda$141/502066023.run(Unknown Source)&#10;        at java.lang.Thread.run(Thread.java:748)&#10;&quot;pool-198-thread-8&quot;  prio=5 tid=2594 in Object.wait()&#10;java.lang.Thread.State: WAITING (on object monitor)&#10;        at sun.misc.Unsafe.park(Native Method)&#10;        at java.util.concurrent.locks.LockSupport.park(LockSupport.java:175)&#10;        at java.util.concurrent.locks.AbstractQueuedSynchronizer$ConditionObject.await(AbstractQueuedSynchronizer.java:2039)&#10;        at java.util.concurrent.ArrayBlockingQueue.take(ArrayBlockingQueue.java:403)&#10;        at java.util.concurrent.ThreadPoolExecutor.getTask(ThreadPoolExecutor.java:1074)&#10;        at java.util.concurrent.ThreadPoolExecutor.runWorker(ThreadPoolExecutor.java:1134)&#10;        at java.util.concurrent.ThreadPoolExecutor$Worker.run(ThreadPoolExecutor.java:624)&#10;        at java.lang.Thread.run(Thread.java:748)&#10;&quot;pool-238-thread-13&quot;  prio=5 tid=2847 in Object.wait()&#10;java.lang.Thread.State: WAITING (on object monitor)&#10;        at sun.misc.Unsafe.park(Native Method)&#10;        at java.util.concurrent.locks.LockSupport.park(LockSupport.java:175)&#10;        at java.util.concurrent.locks.AbstractQueuedSynchronizer$ConditionObject.await(AbstractQueuedSynchronizer.java:2039)&#10;        at java.util.concurrent.ArrayBlockingQueue.take(ArrayBlockingQueue.java:403)&#10;        at java.util.concurrent.ThreadPoolExecutor.getTask(ThreadPoolExecutor.java:1074)&#10;        at java.util.concurrent.ThreadPoolExecutor.runWorker(ThreadPoolExecutor.java:1134)&#10;        at java.util.concurrent.ThreadPoolExecutor$Worker.run(ThreadPoolExecutor.java:624)&#10;        at java.lang.Thread.run(Thread.java:748)&#10;&quot;org.apache.ratis.server.impl.LogAppender$AppenderDaemon$$Lambda$466/1042245461@598eb511&quot; daemon prio=5 tid=3219 timed_waiting&#10;java.lang.Thread.State: TIMED_WAITING&#10;        at java.lang.Object.wait(Native Method)&#10;        at org.apache.ratis.grpc.server.GrpcLogAppender.mayWait(GrpcLogAppender.java:149)&#10;        at org.apache.ratis.grpc.server.GrpcLogAppender.runAppenderImpl(GrpcLogAppender.java:103)&#10;        at org.apache.ratis.server.impl.LogAppender$AppenderDaemon.run(LogAppender.java:76)&#10;        at org.apache.ratis.server.impl.LogAppender$AppenderDaemon$$Lambda$466/1042245461.run(Unknown Source)&#10;        at java.lang.Thread.run(Thread.java:748)&#10;&quot;pool-196-thread-1&quot; daemon prio=5 tid=2145 timed_waiting&#10;java.lang.Thread.State: TIMED_WAITING&#10;        at sun.misc.Unsafe.park(Native Method)&#10;        at java.util.concurrent.locks.LockSupport.parkNanos(LockSupport.java:215)&#10;        at java.util.concurrent.locks.AbstractQueuedSynchronizer$ConditionObject.awaitNanos(AbstractQueuedSynchronizer.java:2078)&#10;        at java.util.concurrent.ScheduledThreadPoolExecutor$DelayedWorkQueue.take(ScheduledThreadPoolExecutor.java:1093)&#10;        at java.util.concurrent.ScheduledThreadPoolExecutor$DelayedWorkQueue.take(ScheduledThreadPoolExecutor.java:809)&#10;        at java.util.concurrent.ThreadPoolExecutor.getTask(ThreadPoolExecutor.java:1074)&#10;        at java.util.concurrent.ThreadPoolExecutor.runWorker(ThreadPoolExecutor.java:1134)&#10;        at java.util.concurrent.ThreadPoolExecutor$Worker.run(ThreadPoolExecutor.java:624)&#10;        at java.lang.Thread.run(Thread.java:748)&#10;&quot;pool-168-thread-49&quot;  prio=5 tid=2449 in Object.wait()&#10;java.lang.Thread.State: WAITING (on object monitor)&#10;        at sun.misc.Unsafe.park(Native Method)&#10;        at java.util.concurrent.locks.LockSupport.park(LockSupport.java:175)&#10;        at java.util.concurrent.locks.AbstractQueuedSynchronizer$ConditionObject.await(AbstractQueuedSynchronizer.java:2039)&#10;        at java.util.concurrent.ArrayBlockingQueue.take(ArrayBlockingQueue.java:403)&#10;        at java.util.concurrent.ThreadPoolExecutor.getTask(ThreadPoolExecutor.java:1074)&#10;        at java.util.concurrent.ThreadPoolExecutor.runWorker(ThreadPoolExecutor.java:1134)&#10;        at java.util.concurrent.ThreadPoolExecutor$Worker.run(ThreadPoolExecutor.java:624)&#10;        at java.lang.Thread.run(Thread.java:748)&#10;&quot;Datanode ReportManager Thread - 0&quot; daemon prio=5 tid=2052 timed_waiting&#10;java.lang.Thread.State: TIMED_WAITING&#10;        at sun.misc.Unsafe.park(Native Method)&#10;        at java.util.concurrent.locks.LockSupport.parkNanos(LockSupport.java:215)&#10;        at java.util.concurrent.locks.AbstractQueuedSynchronizer$ConditionObject.awaitNanos(AbstractQueuedSynchronizer.java:2078)&#10;        at java.util.concurrent.ScheduledThreadPoolExecutor$DelayedWorkQueue.take(ScheduledThreadPoolExecutor.java:1093)&#10;        at java.util.concurrent.ScheduledThreadPoolExecutor$DelayedWorkQueue.take(ScheduledThreadPoolExecutor.java:809)&#10;        at java.util.concurrent.ThreadPoolExecutor.getTask(ThreadPoolExecutor.java:1074)&#10;        at java.util.concurrent.ThreadPoolExecutor.runWorker(ThreadPoolExecutor.java:1134)&#10;        at java.util.concurrent.ThreadPoolExecutor$Worker.run(ThreadPoolExecutor.java:624)&#10;        at java.lang.Thread.run(Thread.java:748)&#10;&quot;pool-236-thread-1&quot; daemon prio=5 tid=2253 timed_waiting&#10;java.lang.Thread.State: TIMED_WAITING&#10;        at sun.misc.Unsafe.park(Native Method)&#10;        at java.util.concurrent.locks.LockSupport.parkNanos(LockSupport.java:215)&#10;        at java.util.concurrent.locks.AbstractQueuedSynchronizer$ConditionObject.awaitNanos(AbstractQueuedSynchronizer.java:2078)&#10;        at java.util.concurrent.ScheduledThreadPoolExecutor$DelayedWorkQueue.take(ScheduledThreadPoolExecutor.java:1093)&#10;        at java.util.concurrent.ScheduledThreadPoolExecutor$DelayedWorkQueue.take(ScheduledThreadPoolExecutor.java:809)&#10;        at java.util.concurrent.ThreadPoolExecutor.getTask(ThreadPoolExecutor.java:1074)&#10;        at java.util.concurrent.ThreadPoolExecutor.runWorker(ThreadPoolExecutor.java:1134)&#10;        at java.util.concurrent.ThreadPoolExecutor$Worker.run(ThreadPoolExecutor.java:624)&#10;        at java.lang.Thread.run(Thread.java:748)&#10;&quot;pool-228-thread-38&quot;  prio=5 tid=2810 in Object.wait()&#10;java.lang.Thread.State: WAITING (on object monitor)&#10;        at sun.misc.Unsafe.park(Native Method)&#10;        at java.util.concurrent.locks.LockSupport.park(LockSupport.java:175)&#10;        at java.util.concurrent.locks.AbstractQueuedSynchronizer$ConditionObject.await(AbstractQueuedSynchronizer.java:2039)&#10;        at java.util.concurrent.ArrayBlockingQueue.take(ArrayBlockingQueue.java:403)&#10;        at java.util.concurrent.ThreadPoolExecutor.getTask(ThreadPoolExecutor.java:1074)&#10;        at java.util.concurrent.ThreadPoolExecutor.runWorker(ThreadPoolExecutor.java:1134)&#10;        at java.util.concurrent.ThreadPoolExecutor$Worker.run(ThreadPoolExecutor.java:624)&#10;        at java.lang.Thread.run(Thread.java:748)&#10;&quot;qtp769195805-2015&quot; daemon prio=5 tid=2015 timed_waiting&#10;java.lang.Thread.State: TIMED_WAITING&#10;        at sun.misc.Unsafe.park(Native Method)&#10;        at java.util.concurrent.locks.LockSupport.parkNanos(LockSupport.java:215)&#10;        at java.util.concurrent.locks.AbstractQueuedSynchronizer$ConditionObject.awaitNanos(AbstractQueuedSynchronizer.java:2078)&#10;        at org.eclipse.jetty.util.BlockingArrayQueue.poll(BlockingArrayQueue.java:392)&#10;        at org.eclipse.jetty.util.thread.QueuedThreadPool.idleJobPoll(QueuedThreadPool.java:563)&#10;        at org.eclipse.jetty.util.thread.QueuedThreadPool.access$800(QueuedThreadPool.java:48)&#10;        at org.eclipse.jetty.util.thread.QueuedThreadPool$2.run(QueuedThreadPool.java:626)&#10;        at java.lang.Thread.run(Thread.java:748)&#10;&quot;pool-218-thread-59&quot;  prio=5 tid=2769 in Object.wait()&#10;java.lang.Thread.State: WAITING (on object monitor)&#10;        at sun.misc.Unsafe.park(Native Method)&#10;        at java.util.concurrent.locks.LockSupport.park(LockSupport.java:175)&#10;        at java.util.concurrent.locks.AbstractQueuedSynchronizer$ConditionObject.await(AbstractQueuedSynchronizer.java:2039)&#10;        at java.util.concurrent.ArrayBlockingQueue.take(ArrayBlockingQueue.java:403)&#10;        at java.util.concurrent.ThreadPoolExecutor.getTask(ThreadPoolExecutor.java:1074)&#10;        at java.util.concurrent.ThreadPoolExecutor.runWorker(ThreadPoolExecutor.java:1134)&#10;        at java.util.concurrent.ThreadPoolExecutor$Worker.run(ThreadPoolExecutor.java:624)&#10;        at java.lang.Thread.run(Thread.java:748)&#10;&quot;Datanode ReportManager Thread - 0&quot; daemon prio=5 tid=2133 in Object.wait()&#10;java.lang.Thread.State: WAITING (on object monitor)&#10;        at sun.misc.Unsafe.park(Native Method)&#10;        at java.util.concurrent.locks.LockSupport.park(LockSupport.java:175)&#10;        at java.util.concurrent.locks.AbstractQueuedSynchronizer$ConditionObject.await(AbstractQueuedSynchronizer.java:2039)&#10;        at java.util.concurrent.ScheduledThreadPoolExecutor$DelayedWorkQueue.take(ScheduledThreadPoolExecutor.java:1088)&#10;        at java.util.concurrent.ScheduledThreadPoolExecutor$DelayedWorkQueue.take(ScheduledThreadPoolExecutor.java:809)&#10;        at java.util.concurrent.ThreadPoolExecutor.getTask(ThreadPoolExecutor.java:1074)&#10;        at java.util.concurrent.ThreadPoolExecutor.runWorker(ThreadPoolExecutor.java:1134)&#10;        at java.util.concurrent.ThreadPoolExecutor$Worker.run(ThreadPoolExecutor.java:624)&#10;        at java.lang.Thread.run(Thread.java:748)&#10;&quot;pool-158-thread-59&quot;  prio=5 tid=2397 in Object.wait()&#10;java.lang.Thread.State: WAITING (on object monitor)&#10;        at sun.misc.Unsafe.park(Native Method)&#10;        at java.util.concurrent.locks.LockSupport.park(LockSupport.java:175)&#10;        at java.util.concurrent.locks.AbstractQueuedSynchronizer$ConditionObject.await(AbstractQueuedSynchronizer.java:2039)&#10;        at java.util.concurrent.ArrayBlockingQueue.take(ArrayBlockingQueue.java:403)&#10;        at java.util.concurrent.ThreadPoolExecutor.getTask(ThreadPoolExecutor.java:1074)&#10;        at java.util.concurrent.ThreadPoolExecutor.runWorker(ThreadPoolExecutor.java:1134)&#10;        at java.util.concurrent.ThreadPoolExecutor$Worker.run(ThreadPoolExecutor.java:624)&#10;        at java.lang.Thread.run(Thread.java:748)&#10;&quot;pool-218-thread-22&quot;  prio=5 tid=2732 in Object.wait()&#10;java.lang.Thread.State: WAITING (on object monitor)&#10;        at sun.misc.Unsafe.park(Native Method)&#10;        at java.util.concurrent.locks.LockSupport.park(LockSupport.java:175)&#10;        at java.util.concurrent.locks.AbstractQueuedSynchronizer$ConditionObject.await(AbstractQueuedSynchronizer.java:2039)&#10;        at java.util.concurrent.ArrayBlockingQueue.take(ArrayBlockingQueue.java:403)&#10;        at java.util.concurrent.ThreadPoolExecutor.getTask(ThreadPoolExecutor.java:1074)&#10;        at java.util.concurrent.ThreadPoolExecutor.runWorker(ThreadPoolExecutor.java:1134)&#10;        at java.util.concurrent.ThreadPoolExecutor$Worker.run(ThreadPoolExecutor.java:624)&#10;        at java.lang.Thread.run(Thread.java:748)&#10;&quot;pool-182-thread-1&quot;  prio=5 tid=2093 timed_waiting&#10;java.lang.Thread.State: TIMED_WAITING&#10;        at sun.misc.Unsafe.park(Native Method)&#10;        at java.util.concurrent.locks.LockSupport.parkNanos(LockSupport.java:215)&#10;        at java.util.concurrent.locks.AbstractQueuedSynchronizer$ConditionObject.awaitNanos(AbstractQueuedSynchronizer.java:2078)&#10;        at java.util.concurrent.ScheduledThreadPoolExecutor$DelayedWorkQueue.take(ScheduledThreadPoolExecutor.java:1093)&#10;        at java.util.concurrent.ScheduledThreadPoolExecutor$DelayedWorkQueue.take(ScheduledThreadPoolExecutor.java:809)&#10;        at java.util.concurrent.ThreadPoolExecutor.getTask(ThreadPoolExecutor.java:1074)&#10;        at java.util.concurrent.ThreadPoolExecutor.runWorker(ThreadPoolExecutor.java:1134)&#10;        at java.util.concurrent.ThreadPoolExecutor$Worker.run(ThreadPoolExecutor.java:624)&#10;        at java.lang.Thread.run(Thread.java:748)&#10;&quot;pool-168-thread-28&quot;  prio=5 tid=2428 in Object.wait()&#10;java.lang.Thread.State: WAITING (on object monitor)&#10;        at sun.misc.Unsafe.park(Native Method)&#10;        at java.util.concurrent.locks.LockSupport.park(LockSupport.java:175)&#10;        at java.util.concurrent.locks.AbstractQueuedSynchronizer$ConditionObject.await(AbstractQueuedSynchronizer.java:2039)&#10;        at java.util.concurrent.ArrayBlockingQueue.take(ArrayBlockingQueue.java:403)&#10;        at java.util.concurrent.ThreadPoolExecutor.getTask(ThreadPoolExecutor.java:1074)&#10;        at java.util.concurrent.ThreadPoolExecutor.runWorker(ThreadPoolExecutor.java:1134)&#10;        at java.util.concurrent.ThreadPoolExecutor$Worker.run(ThreadPoolExecutor.java:624)&#10;        at java.lang.Thread.run(Thread.java:748)&#10;&quot;PartialTableCache Cleanup Thread - 0&quot; daemon prio=5 tid=3080 in Object.wait()&#10;java.lang.Thread.State: WAITING (on object monitor)&#10;        at sun.misc.Unsafe.park(Native Method)&#10;        at java.util.concurrent.locks.LockSupport.park(LockSupport.java:175)&#10;        at java.util.concurrent.locks.AbstractQueuedSynchronizer$ConditionObject.await(AbstractQueuedSynchronizer.java:2039)&#10;        at java.util.concurrent.LinkedBlockingQueue.take(LinkedBlockingQueue.java:442)&#10;        at java.util.concurrent.ThreadPoolExecutor.getTask(ThreadPoolExecutor.java:1074)&#10;        at java.util.concurrent.ThreadPoolExecutor.runWorker(ThreadPoolExecutor.java:1134)&#10;        at java.util.concurrent.ThreadPoolExecutor$Worker.run(ThreadPoolExecutor.java:624)&#10;        at java.lang.Thread.run(Thread.java:748)&#10;&quot;pool-178-thread-51&quot;  prio=5 tid=2513 in Object.wait()&#10;java.lang.Thread.State: WAITING (on object monitor)&#10;        at sun.misc.Unsafe.park(Native Method)&#10;        at java.util.concurrent.locks.LockSupport.park(LockSupport.java:175)&#10;        at java.util.concurrent.locks.AbstractQueuedSynchronizer$ConditionObject.await(AbstractQueuedSynchronizer.java:2039)&#10;        at java.util.concurrent.ArrayBlockingQueue.take(ArrayBlockingQueue.java:403)&#10;        at java.util.concurrent.ThreadPoolExecutor.getTask(ThreadPoolExecutor.java:1074)&#10;        at java.util.concurrent.ThreadPoolExecutor.runWorker(ThreadPoolExecutor.java:1134)&#10;        at java.util.concurrent.ThreadPoolExecutor$Worker.run(ThreadPoolExecutor.java:624)&#10;        at java.lang.Thread.run(Thread.java:748)&#10;&quot;Datanode ReportManager Thread - 3&quot; daemon prio=5 tid=255 in Object.wait()&#10;java.lang.Thread.State: WAITING (on object monitor)&#10;        at sun.misc.Unsafe.park(Native Method)&#10;        at java.util.concurrent.locks.LockSupport.park(LockSupport.java:175)&#10;        at java.util.concurrent.locks.AbstractQueuedSynchronizer$ConditionObject.await(AbstractQueuedSynchronizer.java:2039)&#10;        at java.util.concurrent.ScheduledThreadPoolExecutor$DelayedWorkQueue.take(ScheduledThreadPoolExecutor.java:1088)&#10;        at java.util.concurrent.ScheduledThreadPoolExecutor$DelayedWorkQueue.take(ScheduledThreadPoolExecutor.java:809)&#10;        at java.util.concurrent.ThreadPoolExecutor.getTask(ThreadPoolExecutor.java:1074)&#10;        at java.util.concurrent.ThreadPoolExecutor.runWorker(ThreadPoolExecutor.java:1134)&#10;        at java.util.concurrent.ThreadPoolExecutor$Worker.run(ThreadPoolExecutor.java:624)&#10;        at java.lang.Thread.run(Thread.java:748)&#10;&quot;pool-148-thread-45&quot;  prio=5 tid=2320 in Object.wait()&#10;java.lang.Thread.State: WAITING (on object monitor)&#10;        at sun.misc.Unsafe.park(Native Method)&#10;        at java.util.concurrent.locks.LockSupport.park(LockSupport.java:175)&#10;        at java.util.concurrent.locks.AbstractQueuedSynchronizer$ConditionObject.await(AbstractQueuedSynchronizer.java:2039)&#10;        at java.util.concurrent.ArrayBlockingQueue.take(ArrayBlockingQueue.java:403)&#10;        at java.util.concurrent.ThreadPoolExecutor.getTask(ThreadPoolExecutor.java:1074)&#10;        at java.util.concurrent.ThreadPoolExecutor.runWorker(ThreadPoolExecutor.java:1134)&#10;        at java.util.concurrent.ThreadPoolExecutor$Worker.run(ThreadPoolExecutor.java:624)&#10;        at java.lang.Thread.run(Thread.java:748)&#10;&quot;pool-188-thread-41&quot;  prio=5 tid=2565 in Object.wait()&#10;java.lang.Thread.State: WAITING (on object monitor)&#10;        at sun.misc.Unsafe.park(Native Method)&#10;        at java.util.concurrent.locks.LockSupport.park(LockSupport.java:175)&#10;        at java.util.concurrent.locks.AbstractQueuedSynchronizer$ConditionObject.await(AbstractQueuedSynchronizer.java:2039)&#10;        at java.util.concurrent.ArrayBlockingQueue.take(ArrayBlockingQueue.java:403)&#10;        at java.util.concurrent.ThreadPoolExecutor.getTask(ThreadPoolExecutor.java:1074)&#10;        at java.util.concurrent.ThreadPoolExecutor.runWorker(ThreadPoolExecutor.java:1134)&#10;        at java.util.concurrent.ThreadPoolExecutor$Worker.run(ThreadPoolExecutor.java:624)&#10;        at java.lang.Thread.run(Thread.java:748)&#10;&quot;pool-148-thread-44&quot;  prio=5 tid=2319 in Object.wait()&#10;java.lang.Thread.State: WAITING (on object monitor)&#10;        at sun.misc.Unsafe.park(Native Method)&#10;        at java.util.concurrent.locks.LockSupport.park(LockSupport.java:175)&#10;        at java.util.concurrent.locks.AbstractQueuedSynchronizer$ConditionObject.await(AbstractQueuedSynchronizer.java:2039)&#10;        at java.util.concurrent.ArrayBlockingQueue.take(ArrayBlockingQueue.java:403)&#10;        at java.util.concurrent.ThreadPoolExecutor.getTask(ThreadPoolExecutor.java:1074)&#10;        at java.util.concurrent.ThreadPoolExecutor.runWorker(ThreadPoolExecutor.java:1134)&#10;        at java.util.concurrent.ThreadPoolExecutor$Worker.run(ThreadPoolExecutor.java:624)&#10;        at java.lang.Thread.run(Thread.java:748)&#10;&quot;pool-188-thread-44&quot;  prio=5 tid=2568 in Object.wait()&#10;java.lang.Thread.State: WAITING (on object monitor)&#10;        at sun.misc.Unsafe.park(Native Method)&#10;        at java.util.concurrent.locks.LockSupport.park(LockSupport.java:175)&#10;        at java.util.concurrent.locks.AbstractQueuedSynchronizer$ConditionObject.await(AbstractQueuedSynchronizer.java:2039)&#10;        at java.util.concurrent.ArrayBlockingQueue.take(ArrayBlockingQueue.java:403)&#10;        at java.util.concurrent.ThreadPoolExecutor.getTask(ThreadPoolExecutor.java:1074)&#10;        at java.util.concurrent.ThreadPoolExecutor.runWorker(ThreadPoolExecutor.java:1134)&#10;        at java.util.concurrent.ThreadPoolExecutor$Worker.run(ThreadPoolExecutor.java:624)&#10;        at java.lang.Thread.run(Thread.java:748)&#10;&quot;IPC Server handler 4 on 45410&quot; daemon prio=5 tid=1976 timed_waiting&#10;java.lang.Thread.State: TIMED_WAITING&#10;        at sun.misc.Unsafe.park(Native Method)&#10;        at java.util.concurrent.locks.LockSupport.parkNanos(LockSupport.java:215)&#10;        at java.util.concurrent.locks.AbstractQueuedSynchronizer$ConditionObject.awaitNanos(AbstractQueuedSynchronizer.java:2078)&#10;        at java.util.concurrent.LinkedBlockingQueue.poll(LinkedBlockingQueue.java:467)&#10;        at org.apache.hadoop.ipc.CallQueueManager.take(CallQueueManager.java:288)&#10;        at org.apache.hadoop.ipc.Server$Handler.run(Server.java:2668)&#10;&quot;pool-168-thread-55&quot;  prio=5 tid=2455 in Object.wait()&#10;java.lang.Thread.State: WAITING (on object monitor)&#10;        at sun.misc.Unsafe.park(Native Method)&#10;        at java.util.concurrent.locks.LockSupport.park(LockSupport.java:175)&#10;        at java.util.concurrent.locks.AbstractQueuedSynchronizer$ConditionObject.await(AbstractQueuedSynchronizer.java:2039)&#10;        at java.util.concurrent.ArrayBlockingQueue.take(ArrayBlockingQueue.java:403)&#10;        at java.util.concurrent.ThreadPoolExecutor.getTask(ThreadPoolExecutor.java:1074)&#10;        at java.util.concurrent.ThreadPoolExecutor.runWorker(ThreadPoolExecutor.java:1134)&#10;        at java.util.concurrent.ThreadPoolExecutor$Worker.run(ThreadPoolExecutor.java:624)&#10;        at java.lang.Thread.run(Thread.java:748)&#10;&quot;IPC Server handler 6 on 39845&quot; daemon prio=5 tid=1935 timed_waiting&#10;java.lang.Thread.State: TIMED_WAITING&#10;        at sun.misc.Unsafe.park(Native Method)&#10;        at java.util.concurrent.locks.LockSupport.parkNanos(LockSupport.java:215)&#10;        at java.util.concurrent.locks.AbstractQueuedSynchronizer$ConditionObject.awaitNanos(AbstractQueuedSynchronizer.java:2078)&#10;        at java.util.concurrent.LinkedBlockingQueue.poll(LinkedBlockingQueue.java:467)&#10;        at org.apache.hadoop.ipc.CallQueueManager.take(CallQueueManager.java:288)&#10;        at org.apache.hadoop.ipc.Server$Handler.run(Server.java:2668)&#10;&quot;pool-188-thread-10&quot;  prio=5 tid=2534 in Object.wait()&#10;java.lang.Thread.State: WAITING (on object monitor)&#10;        at sun.misc.Unsafe.park(Native Method)&#10;        at java.util.concurrent.locks.LockSupport.park(LockSupport.java:175)&#10;        at java.util.concurrent.locks.AbstractQueuedSynchronizer$ConditionObject.await(AbstractQueuedSynchronizer.java:2039)&#10;        at java.util.concurrent.ArrayBlockingQueue.take(ArrayBlockingQueue.java:403)&#10;        at java.util.concurrent.ThreadPoolExecutor.getTask(ThreadPoolExecutor.java:1074)&#10;        at java.util.concurrent.ThreadPoolExecutor.runWorker(ThreadPoolExecutor.java:1134)&#10;        at java.util.concurrent.ThreadPoolExecutor$Worker.run(ThreadPoolExecutor.java:624)&#10;        at java.lang.Thread.run(Thread.java:748)&#10;&quot;pool-178-thread-40&quot;  prio=5 tid=2502 in Object.wait()&#10;java.lang.Thread.State: WAITING (on object monitor)&#10;        at sun.misc.Unsafe.park(Native Method)&#10;        at java.util.concurrent.locks.LockSupport.park(LockSupport.java:175)&#10;        at java.util.concurrent.locks.AbstractQueuedSynchronizer$ConditionObject.await(AbstractQueuedSynchronizer.java:2039)&#10;        at java.util.concurrent.ArrayBlockingQueue.take(ArrayBlockingQueue.java:403)&#10;        at java.util.concurrent.ThreadPoolExecutor.getTask(ThreadPoolExecutor.java:1074)&#10;        at java.util.concurrent.ThreadPoolExecutor.runWorker(ThreadPoolExecutor.java:1134)&#10;        at java.util.concurrent.ThreadPoolExecutor$Worker.run(ThreadPoolExecutor.java:624)&#10;        at java.lang.Thread.run(Thread.java:748)&#10;&quot;qtp843410864-2181&quot; daemon prio=5 tid=2181 timed_waiting&#10;java.lang.Thread.State: TIMED_WAITING&#10;        at sun.misc.Unsafe.park(Native Method)&#10;        at java.util.concurrent.locks.LockSupport.parkNanos(LockSupport.java:215)&#10;        at java.util.concurrent.locks.AbstractQueuedSynchronizer$ConditionObject.awaitNanos(AbstractQueuedSynchronizer.java:2078)&#10;        at org.eclipse.jetty.util.BlockingArrayQueue.poll(BlockingArrayQueue.java:392)&#10;        at org.eclipse.jetty.util.thread.QueuedThreadPool.idleJobPoll(QueuedThreadPool.java:563)&#10;        at org.eclipse.jetty.util.thread.QueuedThreadPool.access$800(QueuedThreadPool.java:48)&#10;        at org.eclipse.jetty.util.thread.QueuedThreadPool$2.run(QueuedThreadPool.java:626)&#10;        at java.lang.Thread.run(Thread.java:748)&#10;&quot;9ac24c7e-7e4f-4cef-ab0e-298cb71ae60d@group-D08F3DBE2A41-StateMachineUpdater&quot; daemon prio=5 tid=3143 in Object.wait()&#10;java.lang.Thread.State: WAITING (on object monitor)&#10;        at java.lang.Object.wait(Native Method)&#10;        at java.lang.Object.wait(Object.java:502)&#10;        at org.apache.ratis.server.impl.StateMachineUpdater.waitForCommit(StateMachineUpdater.java:194)&#10;        at org.apache.ratis.server.impl.StateMachineUpdater.run(StateMachineUpdater.java:159)&#10;        at java.lang.Thread.run(Thread.java:748)&#10;&quot;pool-188-thread-40&quot;  prio=5 tid=2564 in Object.wait()&#10;java.lang.Thread.State: WAITING (on object monitor)&#10;        at sun.misc.Unsafe.park(Native Method)&#10;        at java.util.concurrent.locks.LockSupport.park(LockSupport.java:175)&#10;        at java.util.concurrent.locks.AbstractQueuedSynchronizer$ConditionObject.await(AbstractQueuedSynchronizer.java:2039)&#10;        at java.util.concurrent.ArrayBlockingQueue.take(ArrayBlockingQueue.java:403)&#10;        at java.util.concurrent.ThreadPoolExecutor.getTask(ThreadPoolExecutor.java:1074)&#10;        at java.util.concurrent.ThreadPoolExecutor.runWorker(ThreadPoolExecutor.java:1134)&#10;        at java.util.concurrent.ThreadPoolExecutor$Worker.run(ThreadPoolExecutor.java:624)&#10;        at java.lang.Thread.run(Thread.java:748)&#10;&quot;pool-148-thread-22&quot;  prio=5 tid=2297 in Object.wait()&#10;java.lang.Thread.State: WAITING (on object monitor)&#10;        at sun.misc.Unsafe.park(Native Method)&#10;        at java.util.concurrent.locks.LockSupport.park(LockSupport.java:175)&#10;        at java.util.concurrent.locks.AbstractQueuedSynchronizer$ConditionObject.await(AbstractQueuedSynchronizer.java:2039)&#10;        at java.util.concurrent.ArrayBlockingQueue.take(ArrayBlockingQueue.java:403)&#10;        at java.util.concurrent.ThreadPoolExecutor.getTask(ThreadPoolExecutor.java:1074)&#10;        at java.util.concurrent.ThreadPoolExecutor.runWorker(ThreadPoolExecutor.java:1134)&#10;        at java.util.concurrent.ThreadPoolExecutor$Worker.run(ThreadPoolExecutor.java:624)&#10;        at java.lang.Thread.run(Thread.java:748)&#10;&quot;org.apache.hadoop.util.JvmPauseMonitor$Monitor@4ed82f0&quot; daemon prio=5 tid=2138 timed_waiting&#10;java.lang.Thread.State: TIMED_WAITING&#10;        at java.lang.Thread.sleep(Native Method)&#10;        at org.apache.hadoop.util.JvmPauseMonitor$Monitor.run(JvmPauseMonitor.java:192)&#10;        at java.lang.Thread.run(Thread.java:748)&#10;&quot;PartialTableCache Cleanup Thread - 0&quot; daemon prio=5 tid=1337 in Object.wait()&#10;java.lang.Thread.State: WAITING (on object monitor)&#10;        at sun.misc.Unsafe.park(Native Method)&#10;        at java.util.concurrent.locks.LockSupport.park(LockSupport.java:175)&#10;        at java.util.concurrent.locks.AbstractQueuedSynchronizer$ConditionObject.await(AbstractQueuedSynchronizer.java:2039)&#10;        at java.util.concurrent.LinkedBlockingQueue.take(LinkedBlockingQueue.java:442)&#10;        at java.util.concurrent.ThreadPoolExecutor.getTask(ThreadPoolExecutor.java:1074)&#10;        at java.util.concurrent.ThreadPoolExecutor.runWorker(ThreadPoolExecutor.java:1134)&#10;        at java.util.concurrent.ThreadPoolExecutor$Worker.run(ThreadPoolExecutor.java:624)&#10;        at java.lang.Thread.run(Thread.java:748)&#10;&quot;qtp2120404899-2155&quot; daemon prio=5 tid=2155 timed_waiting&#10;java.lang.Thread.State: TIMED_WAITING&#10;        at sun.misc.Unsafe.park(Native Method)&#10;        at java.util.concurrent.locks.LockSupport.parkNanos(LockSupport.java:215)&#10;        at java.util.concurrent.locks.AbstractQueuedSynchronizer$ConditionObject.awaitNanos(AbstractQueuedSynchronizer.java:2078)&#10;        at org.eclipse.jetty.util.BlockingArrayQueue.poll(BlockingArrayQueue.java:392)&#10;        at org.eclipse.jetty.util.thread.QueuedThreadPool.idleJobPoll(QueuedThreadPool.java:563)&#10;        at org.eclipse.jetty.util.thread.QueuedThreadPool.access$800(QueuedThreadPool.java:48)&#10;        at org.eclipse.jetty.util.thread.QueuedThreadPool$2.run(QueuedThreadPool.java:626)&#10;        at java.lang.Thread.run(Thread.java:748)&#10;&quot;pool-238-thread-54&quot;  prio=5 tid=2888 in Object.wait()&#10;java.lang.Thread.State: WAITING (on object monitor)&#10;        at sun.misc.Unsafe.park(Native Method)&#10;        at java.util.concurrent.locks.LockSupport.park(LockSupport.java:175)&#10;        at java.util.concurrent.locks.AbstractQueuedSynchronizer$ConditionObject.await(AbstractQueuedSynchronizer.java:2039)&#10;        at java.util.concurrent.ArrayBlockingQueue.take(ArrayBlockingQueue.java:403)&#10;        at java.util.concurrent.ThreadPoolExecutor.getTask(ThreadPoolExecutor.java:1074)&#10;        at java.util.concurrent.ThreadPoolExecutor.runWorker(ThreadPoolExecutor.java:1134)&#10;        at java.util.concurrent.ThreadPoolExecutor$Worker.run(ThreadPoolExecutor.java:624)&#10;        at java.lang.Thread.run(Thread.java:748)&#10;&quot;IPC Server handler 15 on 45410&quot; daemon prio=5 tid=1987 timed_waiting&#10;java.lang.Thread.State: TIMED_WAITING&#10;        at sun.misc.Unsafe.park(Native Method)&#10;        at java.util.concurrent.locks.LockSupport.parkNanos(LockSupport.java:215)&#10;        at java.util.concurrent.locks.AbstractQueuedSynchronizer$ConditionObject.awaitNanos(AbstractQueuedSynchronizer.java:2078)&#10;        at java.util.concurrent.LinkedBlockingQueue.poll(LinkedBlockingQueue.java:467)&#10;        at org.apache.hadoop.ipc.CallQueueManager.take(CallQueueManager.java:288)&#10;        at org.apache.hadoop.ipc.Server$Handler.run(Server.java:2668)&#10;&quot;IPC Server handler 3 on 35120&quot; daemon prio=5 tid=1892 timed_waiting&#10;java.lang.Thread.State: TIMED_WAITING&#10;        at sun.misc.Unsafe.park(Native Method)&#10;        at java.util.concurrent.locks.LockSupport.parkNanos(LockSupport.java:215)&#10;        at java.util.concurrent.locks.AbstractQueuedSynchronizer$ConditionObject.awaitNanos(AbstractQueuedSynchronizer.java:2078)&#10;        at java.util.concurrent.LinkedBlockingQueue.poll(LinkedBlockingQueue.java:467)&#10;        at org.apache.hadoop.ipc.CallQueueManager.take(CallQueueManager.java:288)&#10;        at org.apache.hadoop.ipc.Server$Handler.run(Server.java:2668)&#10;&quot;Command processor thread&quot; daemon prio=5 tid=2272 timed_waiting&#10;java.lang.Thread.State: TIMED_WAITING&#10;        at java.lang.Thread.sleep(Native Method)&#10;        at org.apache.hadoop.ozone.container.common.statemachine.DatanodeStateMachine.lambda$initCommandHandlerThread$1(DatanodeStateMachine.java:444)&#10;        at org.apache.hadoop.ozone.container.common.statemachine.DatanodeStateMachine$$Lambda$142/1059342576.run(Unknown Source)&#10;        at java.lang.Thread.run(Thread.java:748)&#10;&quot;pool-228-thread-59&quot;  prio=5 tid=2831 in Object.wait()&#10;java.lang.Thread.State: WAITING (on object monitor)&#10;        at sun.misc.Unsafe.park(Native Method)&#10;        at java.util.concurrent.locks.LockSupport.park(LockSupport.java:175)&#10;        at java.util.concurrent.locks.AbstractQueuedSynchronizer$ConditionObject.await(AbstractQueuedSynchronizer.java:2039)&#10;        at java.util.concurrent.ArrayBlockingQueue.take(ArrayBlockingQueue.java:403)&#10;        at java.util.concurrent.ThreadPoolExecutor.getTask(ThreadPoolExecutor.java:1074)&#10;        at java.util.concurrent.ThreadPoolExecutor.runWorker(ThreadPoolExecutor.java:1134)&#10;        at java.util.concurrent.ThreadPoolExecutor$Worker.run(ThreadPoolExecutor.java:624)&#10;        at java.lang.Thread.run(Thread.java:748)&#10;&quot;qtp377667724-1994-acceptor-0@3a807bb0-ServerConnector@55fee662{HTTP/1.1,[http/1.1]}{0.0.0.0:43207}&quot; daemon prio=3 tid=1994 runnable&#10;java.lang.Thread.State: RUNNABLE&#10;        at sun.nio.ch.ServerSocketChannelImpl.accept0(Native Method)&#10;        at sun.nio.ch.ServerSocketChannelImpl.accept(ServerSocketChannelImpl.java:422)&#10;        at sun.nio.ch.ServerSocketChannelImpl.accept(ServerSocketChannelImpl.java:250)&#10;        at org.eclipse.jetty.server.ServerConnector.accept(ServerConnector.java:397)&#10;        at org.eclipse.jetty.server.AbstractConnector$Acceptor.run(AbstractConnector.java:601)&#10;        at org.eclipse.jetty.util.thread.QueuedThreadPool.runJob(QueuedThreadPool.java:671)&#10;        at org.eclipse.jetty.util.thread.QueuedThreadPool$2.run(QueuedThreadPool.java:589)&#10;        at java.lang.Thread.run(Thread.java:748)&#10;&quot;pool-168-thread-17&quot;  prio=5 tid=2417 in Object.wait()&#10;java.lang.Thread.State: WAITING (on object monitor)&#10;        at sun.misc.Unsafe.park(Native Method)&#10;        at java.util.concurrent.locks.LockSupport.park(LockSupport.java:175)&#10;        at java.util.concurrent.locks.AbstractQueuedSynchronizer$ConditionObject.await(AbstractQueuedSynchronizer.java:2039)&#10;        at java.util.concurrent.ArrayBlockingQueue.take(ArrayBlockingQueue.java:403)&#10;        at java.util.concurrent.ThreadPoolExecutor.getTask(ThreadPoolExecutor.java:1074)&#10;        at java.util.concurrent.ThreadPoolExecutor.runWorker(ThreadPoolExecutor.java:1134)&#10;        at java.util.concurrent.ThreadPoolExecutor$Worker.run(ThreadPoolExecutor.java:624)&#10;        at java.lang.Thread.run(Thread.java:748)&#10;&quot;IPC Server handler 14 on 45410&quot; daemon prio=5 tid=1986 timed_waiting&#10;java.lang.Thread.State: TIMED_WAITING&#10;        at sun.misc.Unsafe.park(Native Method)&#10;        at java.util.concurrent.locks.LockSupport.parkNanos(LockSupport.java:215)&#10;        at java.util.concurrent.locks.AbstractQueuedSynchronizer$ConditionObject.awaitNanos(AbstractQueuedSynchronizer.java:2078)&#10;        at java.util.concurrent.LinkedBlockingQueue.poll(LinkedBlockingQueue.java:467)&#10;        at org.apache.hadoop.ipc.CallQueueManager.take(CallQueueManager.java:288)&#10;        at org.apache.hadoop.ipc.Server$Handler.run(Server.java:2668)&#10;&quot;4dfd32cc-2252-49fe-ba51-4380d1c0b0d5@group-D08F3DBE2A41-SegmentedRaftLogWorker&quot;  prio=5 tid=3144 timed_waiting&#10;java.lang.Thread.State: TIMED_WAITING&#10;        at sun.misc.Unsafe.park(Native Method)&#10;        at java.util.concurrent.locks.LockSupport.parkNanos(LockSupport.java:215)&#10;        at java.util.concurrent.locks.AbstractQueuedSynchronizer$ConditionObject.awaitNanos(AbstractQueuedSynchronizer.java:2078)&#10;        at org.apache.ratis.util.DataBlockingQueue.poll(DataBlockingQueue.java:137)&#10;        at org.apache.ratis.server.raftlog.segmented.SegmentedRaftLogWorker.run(SegmentedRaftLogWorker.java:282)&#10;        at java.lang.Thread.run(Thread.java:748)&#10;&quot;pool-208-thread-27&quot;  prio=5 tid=2675 in Object.wait()&#10;java.lang.Thread.State: WAITING (on object monitor)&#10;        at sun.misc.Unsafe.park(Native Method)&#10;        at java.util.concurrent.locks.LockSupport.park(LockSupport.java:175)&#10;        at java.util.concurrent.locks.AbstractQueuedSynchronizer$ConditionObject.await(AbstractQueuedSynchronizer.java:2039)&#10;        at java.util.concurrent.ArrayBlockingQueue.take(ArrayBlockingQueue.java:403)&#10;        at java.util.concurrent.ThreadPoolExecutor.getTask(ThreadPoolExecutor.java:1074)&#10;        at java.util.concurrent.ThreadPoolExecutor.runWorker(ThreadPoolExecutor.java:1134)&#10;        at java.util.concurrent.ThreadPoolExecutor$Worker.run(ThreadPoolExecutor.java:624)&#10;        at java.lang.Thread.run(Thread.java:748)&#10;&quot;pool-238-thread-45&quot;  prio=5 tid=2879 in Object.wait()&#10;java.lang.Thread.State: WAITING (on object monitor)&#10;        at sun.misc.Unsafe.park(Native Method)&#10;        at java.util.concurrent.locks.LockSupport.park(LockSupport.java:175)&#10;        at java.util.concurrent.locks.AbstractQueuedSynchronizer$ConditionObject.await(AbstractQueuedSynchronizer.java:2039)&#10;        at java.util.concurrent.ArrayBlockingQueue.take(ArrayBlockingQueue.java:403)&#10;        at java.util.concurrent.ThreadPoolExecutor.getTask(ThreadPoolExecutor.java:1074)&#10;        at java.util.concurrent.ThreadPoolExecutor.runWorker(ThreadPoolExecutor.java:1134)&#10;        at java.util.concurrent.ThreadPoolExecutor$Worker.run(ThreadPoolExecutor.java:624)&#10;        at java.lang.Thread.run(Thread.java:748)&#10;&quot;IPC Server handler 19 on 40581&quot; daemon prio=5 tid=1928 timed_waiting&#10;java.lang.Thread.State: TIMED_WAITING&#10;        at sun.misc.Unsafe.park(Native Method)&#10;        at java.util.concurrent.locks.LockSupport.parkNanos(LockSupport.java:215)&#10;        at java.util.concurrent.locks.AbstractQueuedSynchronizer$ConditionObject.awaitNanos(AbstractQueuedSynchronizer.java:2078)&#10;        at java.util.concurrent.LinkedBlockingQueue.poll(LinkedBlockingQueue.java:467)&#10;        at org.apache.hadoop.ipc.CallQueueManager.take(CallQueueManager.java:288)&#10;        at org.apache.hadoop.ipc.Server$Handler.run(Server.java:2668)&#10;&quot;qtp83554564-2259&quot; daemon prio=5 tid=2259 timed_waiting&#10;java.lang.Thread.State: TIMED_WAITING&#10;        at sun.misc.Unsafe.park(Native Method)&#10;        at java.util.concurrent.locks.LockSupport.parkNanos(LockSupport.java:215)&#10;        at java.util.concurrent.locks.AbstractQueuedSynchronizer$ConditionObject.awaitNanos(AbstractQueuedSynchronizer.java:2078)&#10;        at org.eclipse.jetty.util.BlockingArrayQueue.poll(BlockingArrayQueue.java:392)&#10;        at org.eclipse.jetty.util.thread.QueuedThreadPool.idleJobPoll(QueuedThreadPool.java:563)&#10;        at org.eclipse.jetty.util.thread.QueuedThreadPool.access$800(QueuedThreadPool.java:48)&#10;        at org.eclipse.jetty.util.thread.QueuedThreadPool$2.run(QueuedThreadPool.java:626)&#10;        at java.lang.Thread.run(Thread.java:748)&#10;&quot;qtp984235065-2044&quot; daemon prio=5 tid=2044 timed_waiting&#10;java.lang.Thread.State: TIMED_WAITING&#10;        at sun.misc.Unsafe.park(Native Method)&#10;        at java.util.concurrent.locks.LockSupport.parkNanos(LockSupport.java:215)&#10;        at java.util.concurrent.locks.AbstractQueuedSynchronizer$ConditionObject.awaitNanos(AbstractQueuedSynchronizer.java:2078)&#10;        at org.eclipse.jetty.util.BlockingArrayQueue.poll(BlockingArrayQueue.java:392)&#10;        at org.eclipse.jetty.util.thread.QueuedThreadPool.idleJobPoll(QueuedThreadPool.java:563)&#10;        at org.eclipse.jetty.util.thread.QueuedThreadPool.access$800(QueuedThreadPool.java:48)&#10;        at org.eclipse.jetty.util.thread.QueuedThreadPool$2.run(QueuedThreadPool.java:626)&#10;        at java.lang.Thread.run(Thread.java:748)&#10;&quot;SCM Heartbeat Processing Thread - 0&quot; daemon prio=5 tid=1873 timed_waiting&#10;java.lang.Thread.State: TIMED_WAITING&#10;        at sun.misc.Unsafe.park(Native Method)&#10;        at java.util.concurrent.locks.LockSupport.parkNanos(LockSupport.java:215)&#10;        at java.util.concurrent.locks.AbstractQueuedSynchronizer$ConditionObject.awaitNanos(AbstractQueuedSynchronizer.java:2078)&#10;        at java.util.concurrent.ScheduledThreadPoolExecutor$DelayedWorkQueue.take(ScheduledThreadPoolExecutor.java:1093)&#10;        at java.util.concurrent.ScheduledThreadPoolExecutor$DelayedWorkQueue.take(ScheduledThreadPoolExecutor.java:809)&#10;        at java.util.concurrent.ThreadPoolExecutor.getTask(ThreadPoolExecutor.java:1074)&#10;        at java.util.concurrent.ThreadPoolExecutor.runWorker(ThreadPoolExecutor.java:1134)&#10;        at java.util.concurrent.ThreadPoolExecutor$Worker.run(ThreadPoolExecutor.java:624)&#10;        at java.lang.Thread.run(Thread.java:748)&#10;&quot;pool-228-thread-9&quot;  prio=5 tid=2781 in Object.wait()&#10;java.lang.Thread.State: WAITING (on object monitor)&#10;        at sun.misc.Unsafe.park(Native Method)&#10;        at java.util.concurrent.locks.LockSupport.park(LockSupport.java:175)&#10;        at java.util.concurrent.locks.AbstractQueuedSynchronizer$ConditionObject.await(AbstractQueuedSynchronizer.java:2039)&#10;        at java.util.concurrent.ArrayBlockingQueue.take(ArrayBlockingQueue.java:403)&#10;        at java.util.concurrent.ThreadPoolExecutor.getTask(ThreadPoolExecutor.java:1074)&#10;        at java.util.concurrent.ThreadPoolExecutor.runWorker(ThreadPoolExecutor.java:1134)&#10;        at java.util.concurrent.ThreadPoolExecutor$Worker.run(ThreadPoolExecutor.java:624)&#10;        at java.lang.Thread.run(Thread.java:748)&#10;&quot;4dfd32cc-2252-49fe-ba51-4380d1c0b0d5@group-10A6A3E936DF-StateMachineUpdater&quot; daemon prio=5 tid=3104 in Object.wait()&#10;java.lang.Thread.State: WAITING (on object monitor)&#10;        at java.lang.Object.wait(Native Method)&#10;        at java.lang.Object.wait(Object.java:502)&#10;        at org.apache.ratis.server.impl.StateMachineUpdater.waitForCommit(StateMachineUpdater.java:194)&#10;        at org.apache.ratis.server.impl.StateMachineUpdater.run(StateMachineUpdater.java:159)&#10;        at java.lang.Thread.run(Thread.java:748)&#10;&quot;pool-208-thread-31&quot;  prio=5 tid=2679 in Object.wait()&#10;java.lang.Thread.State: WAITING (on object monitor)&#10;        at sun.misc.Unsafe.park(Native Method)&#10;        at java.util.concurrent.locks.LockSupport.park(LockSupport.java:175)&#10;        at java.util.concurrent.locks.AbstractQueuedSynchronizer$ConditionObject.await(AbstractQueuedSynchronizer.java:2039)&#10;        at java.util.concurrent.ArrayBlockingQueue.take(ArrayBlockingQueue.java:403)&#10;        at java.util.concurrent.ThreadPoolExecutor.getTask(ThreadPoolExecutor.java:1074)&#10;        at java.util.concurrent.ThreadPoolExecutor.runWorker(ThreadPoolExecutor.java:1134)&#10;        at java.util.concurrent.ThreadPoolExecutor$Worker.run(ThreadPoolExecutor.java:624)&#10;        at java.lang.Thread.run(Thread.java:748)&#10;&quot;pool-188-thread-29&quot;  prio=5 tid=2553 in Object.wait()&#10;java.lang.Thread.State: WAITING (on object monitor)&#10;        at sun.misc.Unsafe.park(Native Method)&#10;        at java.util.concurrent.locks.LockSupport.park(LockSupport.java:175)&#10;        at java.util.concurrent.locks.AbstractQueuedSynchronizer$ConditionObject.await(AbstractQueuedSynchronizer.java:2039)&#10;        at java.util.concurrent.ArrayBlockingQueue.take(ArrayBlockingQueue.java:403)&#10;        at java.util.concurrent.ThreadPoolExecutor.getTask(ThreadPoolExecutor.java:1074)&#10;        at java.util.concurrent.ThreadPoolExecutor.runWorker(ThreadPoolExecutor.java:1134)&#10;        at java.util.concurrent.ThreadPoolExecutor$Worker.run(ThreadPoolExecutor.java:624)&#10;        at java.lang.Thread.run(Thread.java:748)&#10;&quot;SCMBlockDeletingService#0&quot; daemon prio=5 tid=1960 timed_waiting&#10;java.lang.Thread.State: TIMED_WAITING&#10;        at sun.misc.Unsafe.park(Native Method)&#10;        at java.util.concurrent.locks.LockSupport.parkNanos(LockSupport.java:215)&#10;        at java.util.concurrent.locks.AbstractQueuedSynchronizer$ConditionObject.awaitNanos(AbstractQueuedSynchronizer.java:2078)&#10;        at java.util.concurrent.ScheduledThreadPoolExecutor$DelayedWorkQueue.take(ScheduledThreadPoolExecutor.java:1093)&#10;        at java.util.concurrent.ScheduledThreadPoolExecutor$DelayedWorkQueue.take(ScheduledThreadPoolExecutor.java:809)&#10;        at java.util.concurrent.ThreadPoolExecutor.getTask(ThreadPoolExecutor.java:1074)&#10;        at java.util.concurrent.ThreadPoolExecutor.runWorker(ThreadPoolExecutor.java:1134)&#10;        at java.util.concurrent.ThreadPoolExecutor$Worker.run(ThreadPoolExecutor.java:624)&#10;        at java.lang.Thread.run(Thread.java:748)&#10;&quot;pool-238-thread-59&quot;  prio=5 tid=2893 in Object.wait()&#10;java.lang.Thread.State: WAITING (on object monitor)&#10;        at sun.misc.Unsafe.park(Native Method)&#10;        at java.util.concurrent.locks.LockSupport.park(LockSupport.java:175)&#10;        at java.util.concurrent.locks.AbstractQueuedSynchronizer$ConditionObject.await(AbstractQueuedSynchronizer.java:2039)&#10;        at java.util.concurrent.ArrayBlockingQueue.take(ArrayBlockingQueue.java:403)&#10;        at java.util.concurrent.ThreadPoolExecutor.getTask(ThreadPoolExecutor.java:1074)&#10;        at java.util.concurrent.ThreadPoolExecutor.runWorker(ThreadPoolExecutor.java:1134)&#10;        at java.util.concurrent.ThreadPoolExecutor$Worker.run(ThreadPoolExecutor.java:624)&#10;        at java.lang.Thread.run(Thread.java:748)&#10;&quot;qtp83554564-2263&quot; daemon prio=5 tid=2263 timed_waiting&#10;java.lang.Thread.State: TIMED_WAITING&#10;        at sun.misc.Unsafe.park(Native Method)&#10;        at java.util.concurrent.locks.LockSupport.parkNanos(LockSupport.java:215)&#10;        at java.util.concurrent.locks.AbstractQueuedSynchronizer$ConditionObject.awaitNanos(AbstractQueuedSynchronizer.java:2078)&#10;        at org.eclipse.jetty.util.BlockingArrayQueue.poll(BlockingArrayQueue.java:392)&#10;        at org.eclipse.jetty.util.thread.QueuedThreadPool.idleJobPoll(QueuedThreadPool.java:563)&#10;        at org.eclipse.jetty.util.thread.QueuedThreadPool.access$800(QueuedThreadPool.java:48)&#10;        at org.eclipse.jetty.util.thread.QueuedThreadPool$2.run(QueuedThreadPool.java:626)&#10;        at java.lang.Thread.run(Thread.java:748)&#10;&quot;pool-168-thread-57&quot;  prio=5 tid=2457 in Object.wait()&#10;java.lang.Thread.State: WAITING (on object monitor)&#10;        at sun.misc.Unsafe.park(Native Method)&#10;        at java.util.concurrent.locks.LockSupport.park(LockSupport.java:175)&#10;        at java.util.concurrent.locks.AbstractQueuedSynchronizer$ConditionObject.await(AbstractQueuedSynchronizer.java:2039)&#10;        at java.util.concurrent.ArrayBlockingQueue.take(ArrayBlockingQueue.java:403)&#10;        at java.util.concurrent.ThreadPoolExecutor.getTask(ThreadPoolExecutor.java:1074)&#10;        at java.util.concurrent.ThreadPoolExecutor.runWorker(ThreadPoolExecutor.java:1134)&#10;        at java.util.concurrent.ThreadPoolExecutor$Worker.run(ThreadPoolExecutor.java:624)&#10;        at java.lang.Thread.run(Thread.java:748)&#10;&quot;pool-148-thread-36&quot;  prio=5 tid=2311 in Object.wait()&#10;java.lang.Thread.State: WAITING (on object monitor)&#10;        at sun.misc.Unsafe.park(Native Method)&#10;        at java.util.concurrent.locks.LockSupport.park(LockSupport.java:175)&#10;        at java.util.concurrent.locks.AbstractQueuedSynchronizer$ConditionObject.await(AbstractQueuedSynchronizer.java:2039)&#10;        at java.util.concurrent.ArrayBlockingQueue.take(ArrayBlockingQueue.java:403)&#10;        at java.util.concurrent.ThreadPoolExecutor.getTask(ThreadPoolExecutor.java:1074)&#10;        at java.util.concurrent.ThreadPoolExecutor.runWorker(ThreadPoolExecutor.java:1134)&#10;        at java.util.concurrent.ThreadPoolExecutor$Worker.run(ThreadPoolExecutor.java:624)&#10;        at java.lang.Thread.run(Thread.java:748)&#10;&quot;Datanode ReportManager Thread - 3&quot; daemon prio=5 tid=2109 in Object.wait()&#10;java.lang.Thread.State: WAITING (on object monitor)&#10;        at sun.misc.Unsafe.park(Native Method)&#10;        at java.util.concurrent.locks.LockSupport.park(LockSupport.java:175)&#10;        at java.util.concurrent.locks.AbstractQueuedSynchronizer$ConditionObject.await(AbstractQueuedSynchronizer.java:2039)&#10;        at java.util.concurrent.ScheduledThreadPoolExecutor$DelayedWorkQueue.take(ScheduledThreadPoolExecutor.java:1088)&#10;        at java.util.concurrent.ScheduledThreadPoolExecutor$DelayedWorkQueue.take(ScheduledThreadPoolExecutor.java:809)&#10;        at java.util.concurrent.ThreadPoolExecutor.getTask(ThreadPoolExecutor.java:1074)&#10;        at java.util.concurrent.ThreadPoolExecutor.runWorker(ThreadPoolExecutor.java:1134)&#10;        at java.util.concurrent.ThreadPoolExecutor$Worker.run(ThreadPoolExecutor.java:624)&#10;        at java.lang.Thread.run(Thread.java:748)&#10;&quot;DataNode DiskChecker thread 0&quot; daemon prio=5 tid=2171 timed_waiting&#10;java.lang.Thread.State: TIMED_WAITING&#10;        at sun.misc.Unsafe.park(Native Method)&#10;        at java.util.concurrent.locks.LockSupport.parkNanos(LockSupport.java:215)&#10;        at java.util.concurrent.SynchronousQueue$TransferStack.awaitFulfill(SynchronousQueue.java:460)&#10;        at java.util.concurrent.SynchronousQueue$TransferStack.transfer(SynchronousQueue.java:362)&#10;        at java.util.concurrent.SynchronousQueue.poll(SynchronousQueue.java:941)&#10;        at java.util.concurrent.ThreadPoolExecutor.getTask(ThreadPoolExecutor.java:1073)&#10;        at java.util.concurrent.ThreadPoolExecutor.runWorker(ThreadPoolExecutor.java:1134)&#10;        at java.util.concurrent.ThreadPoolExecutor$Worker.run(ThreadPoolExecutor.java:624)&#10;        at java.lang.Thread.run(Thread.java:748)&#10;&quot;qtp98459285-1954&quot; daemon prio=5 tid=1954 timed_waiting&#10;java.lang.Thread.State: TIMED_WAITING&#10;        at sun.misc.Unsafe.park(Native Method)&#10;        at java.util.concurrent.locks.LockSupport.parkNanos(LockSupport.java:215)&#10;        at java.util.concurrent.locks.AbstractQueuedSynchronizer$ConditionObject.awaitNanos(AbstractQueuedSynchronizer.java:2078)&#10;        at org.eclipse.jetty.util.BlockingArrayQueue.poll(BlockingArrayQueue.java:392)&#10;        at org.eclipse.jetty.util.thread.QueuedThreadPool.idleJobPoll(QueuedThreadPool.java:563)&#10;        at org.eclipse.jetty.util.thread.QueuedThreadPool.access$800(QueuedThreadPool.java:48)&#10;        at org.eclipse.jetty.util.thread.QueuedThreadPool$2.run(QueuedThreadPool.java:626)&#10;        at java.lang.Thread.run(Thread.java:748)&#10;&quot;pool-148-thread-60&quot;  prio=5 tid=2335 in Object.wait()&#10;java.lang.Thread.State: WAITING (on object monitor)&#10;        at sun.misc.Unsafe.park(Native Method)&#10;        at java.util.concurrent.locks.LockSupport.park(LockSupport.java:175)&#10;        at java.util.concurrent.locks.AbstractQueuedSynchronizer$ConditionObject.await(AbstractQueuedSynchronizer.java:2039)&#10;        at java.util.concurrent.ArrayBlockingQueue.take(ArrayBlockingQueue.java:403)&#10;        at java.util.concurrent.ThreadPoolExecutor.getTask(ThreadPoolExecutor.java:1074)&#10;        at java.util.concurrent.ThreadPoolExecutor.runWorker(ThreadPoolExecutor.java:1134)&#10;        at java.util.concurrent.ThreadPoolExecutor$Worker.run(ThreadPoolExecutor.java:624)&#10;        at java.lang.Thread.run(Thread.java:748)&#10;&quot;pool-198-thread-20&quot;  prio=5 tid=2606 in Object.wait()&#10;java.lang.Thread.State: WAITING (on object monitor)&#10;        at sun.misc.Unsafe.park(Native Method)&#10;        at java.util.concurrent.locks.LockSupport.park(LockSupport.java:175)&#10;        at java.util.concurrent.locks.AbstractQueuedSynchronizer$ConditionObject.await(AbstractQueuedSynchronizer.java:2039)&#10;        at java.util.concurrent.ArrayBlockingQueue.take(ArrayBlockingQueue.java:403)&#10;        at java.util.concurrent.ThreadPoolExecutor.getTask(ThreadPoolExecutor.java:1074)&#10;        at java.util.concurrent.ThreadPoolExecutor.runWorker(ThreadPoolExecutor.java:1134)&#10;        at java.util.concurrent.ThreadPoolExecutor$Worker.run(ThreadPoolExecutor.java:624)&#10;        at java.lang.Thread.run(Thread.java:748)&#10;&quot;pool-238-thread-29&quot;  prio=5 tid=2863 in Object.wait()&#10;java.lang.Thread.State: WAITING (on object monitor)&#10;        at sun.misc.Unsafe.park(Native Method)&#10;        at java.util.concurrent.locks.LockSupport.park(LockSupport.java:175)&#10;        at java.util.concurrent.locks.AbstractQueuedSynchronizer$ConditionObject.await(AbstractQueuedSynchronizer.java:2039)&#10;        at java.util.concurrent.ArrayBlockingQueue.take(ArrayBlockingQueue.java:403)&#10;        at java.util.concurrent.ThreadPoolExecutor.getTask(ThreadPoolExecutor.java:1074)&#10;        at java.util.concurrent.ThreadPoolExecutor.runWorker(ThreadPoolExecutor.java:1134)&#10;        at java.util.concurrent.ThreadPoolExecutor$Worker.run(ThreadPoolExecutor.java:624)&#10;        at java.lang.Thread.run(Thread.java:748)&#10;&quot;pool-208-thread-50&quot;  prio=5 tid=2698 in Object.wait()&#10;java.lang.Thread.State: WAITING (on object monitor)&#10;        at sun.misc.Unsafe.park(Native Method)&#10;        at java.util.concurrent.locks.LockSupport.park(LockSupport.java:175)&#10;        at java.util.concurrent.locks.AbstractQueuedSynchronizer$ConditionObject.await(AbstractQueuedSynchronizer.java:2039)&#10;        at java.util.concurrent.ArrayBlockingQueue.take(ArrayBlockingQueue.java:403)&#10;        at java.util.concurrent.ThreadPoolExecutor.getTask(ThreadPoolExecutor.java:1074)&#10;        at java.util.concurrent.ThreadPoolExecutor.runWorker(ThreadPoolExecutor.java:1134)&#10;        at java.util.concurrent.ThreadPoolExecutor$Worker.run(ThreadPoolExecutor.java:624)&#10;        at java.lang.Thread.run(Thread.java:748)&#10;&quot;pool-168-thread-38&quot;  prio=5 tid=2438 in Object.wait()&#10;java.lang.Thread.State: WAITING (on object monitor)&#10;        at sun.misc.Unsafe.park(Native Method)&#10;        at java.util.concurrent.locks.LockSupport.park(LockSupport.java:175)&#10;        at java.util.concurrent.locks.AbstractQueuedSynchronizer$ConditionObject.await(AbstractQueuedSynchronizer.java:2039)&#10;        at java.util.concurrent.ArrayBlockingQueue.take(ArrayBlockingQueue.java:403)&#10;        at java.util.concurrent.ThreadPoolExecutor.getTask(ThreadPoolExecutor.java:1074)&#10;        at java.util.concurrent.ThreadPoolExecutor.runWorker(ThreadPoolExecutor.java:1134)&#10;        at java.util.concurrent.ThreadPoolExecutor$Worker.run(ThreadPoolExecutor.java:624)&#10;        at java.lang.Thread.run(Thread.java:748)&#10;&quot;pool-198-thread-34&quot;  prio=5 tid=2620 in Object.wait()&#10;java.lang.Thread.State: WAITING (on object monitor)&#10;        at sun.misc.Unsafe.park(Native Method)&#10;        at java.util.concurrent.locks.LockSupport.park(LockSupport.java:175)&#10;        at java.util.concurrent.locks.AbstractQueuedSynchronizer$ConditionObject.await(AbstractQueuedSynchronizer.java:2039)&#10;        at java.util.concurrent.ArrayBlockingQueue.take(ArrayBlockingQueue.java:403)&#10;        at java.util.concurrent.ThreadPoolExecutor.getTask(ThreadPoolExecutor.java:1074)&#10;        at java.util.concurrent.ThreadPoolExecutor.runWorker(ThreadPoolExecutor.java:1134)&#10;        at java.util.concurrent.ThreadPoolExecutor$Worker.run(ThreadPoolExecutor.java:624)&#10;        at java.lang.Thread.run(Thread.java:748)&#10;&quot;Datanode ReportManager Thread - 2&quot; daemon prio=5 tid=2243 in Object.wait()&#10;java.lang.Thread.State: WAITING (on object monitor)&#10;        at sun.misc.Unsafe.park(Native Method)&#10;        at java.util.concurrent.locks.LockSupport.park(LockSupport.java:175)&#10;        at java.util.concurrent.locks.AbstractQueuedSynchronizer$ConditionObject.await(AbstractQueuedSynchronizer.java:2039)&#10;        at java.util.concurrent.ScheduledThreadPoolExecutor$DelayedWorkQueue.take(ScheduledThreadPoolExecutor.java:1088)&#10;        at java.util.concurrent.ScheduledThreadPoolExecutor$DelayedWorkQueue.take(ScheduledThreadPoolExecutor.java:809)&#10;        at java.util.concurrent.ThreadPoolExecutor.getTask(ThreadPoolExecutor.java:1074)&#10;        at java.util.concurrent.ThreadPoolExecutor.runWorker(ThreadPoolExecutor.java:1134)&#10;        at java.util.concurrent.ThreadPoolExecutor$Worker.run(ThreadPoolExecutor.java:624)&#10;        at java.lang.Thread.run(Thread.java:748)&#10;&quot;pool-228-thread-41&quot;  prio=5 tid=2813 in Object.wait()&#10;java.lang.Thread.State: WAITING (on object monitor)&#10;        at sun.misc.Unsafe.park(Native Method)&#10;        at java.util.concurrent.locks.LockSupport.park(LockSupport.java:175)&#10;        at java.util.concurrent.locks.AbstractQueuedSynchronizer$ConditionObject.await(AbstractQueuedSynchronizer.java:2039)&#10;        at java.util.concurrent.ArrayBlockingQueue.take(ArrayBlockingQueue.java:403)&#10;        at java.util.concurrent.ThreadPoolExecutor.getTask(ThreadPoolExecutor.java:1074)&#10;        at java.util.concurrent.ThreadPoolExecutor.runWorker(ThreadPoolExecutor.java:1134)&#10;        at java.util.concurrent.ThreadPoolExecutor$Worker.run(ThreadPoolExecutor.java:624)&#10;        at java.lang.Thread.run(Thread.java:748)&#10;&quot;Datanode ReportManager Thread - 1&quot; daemon prio=5 tid=2242 timed_waiting&#10;java.lang.Thread.State: TIMED_WAITING&#10;        at sun.misc.Unsafe.park(Native Method)&#10;        at java.util.concurrent.locks.LockSupport.parkNanos(LockSupport.java:215)&#10;        at java.util.concurrent.locks.AbstractQueuedSynchronizer$ConditionObject.awaitNanos(AbstractQueuedSynchronizer.java:2078)&#10;        at java.util.concurrent.ScheduledThreadPoolExecutor$DelayedWorkQueue.take(ScheduledThreadPoolExecutor.java:1093)&#10;        at java.util.concurrent.ScheduledThreadPoolExecutor$DelayedWorkQueue.take(ScheduledThreadPoolExecutor.java:809)&#10;        at java.util.concurrent.ThreadPoolExecutor.getTask(ThreadPoolExecutor.java:1074)&#10;        at java.util.concurrent.ThreadPoolExecutor.runWorker(ThreadPoolExecutor.java:1134)&#10;        at java.util.concurrent.ThreadPoolExecutor$Worker.run(ThreadPoolExecutor.java:624)&#10;        at java.lang.Thread.run(Thread.java:748)&#10;&quot;KeyDeletingService#0&quot; daemon prio=5 tid=1970 timed_waiting&#10;java.lang.Thread.State: TIMED_WAITING&#10;        at sun.misc.Unsafe.park(Native Method)&#10;        at java.util.concurrent.locks.LockSupport.parkNanos(LockSupport.java:215)&#10;        at java.util.concurrent.locks.AbstractQueuedSynchronizer$ConditionObject.awaitNanos(AbstractQueuedSynchronizer.java:2078)&#10;        at java.util.concurrent.ScheduledThreadPoolExecutor$DelayedWorkQueue.take(ScheduledThreadPoolExecutor.java:1093)&#10;        at java.util.concurrent.ScheduledThreadPoolExecutor$DelayedWorkQueue.take(ScheduledThreadPoolExecutor.java:809)&#10;        at java.util.concurrent.ThreadPoolExecutor.getTask(ThreadPoolExecutor.java:1074)&#10;        at java.util.concurrent.ThreadPoolExecutor.runWorker(ThreadPoolExecutor.java:1134)&#10;        at java.util.concurrent.ThreadPoolExecutor$Worker.run(ThreadPoolExecutor.java:624)&#10;        at java.lang.Thread.run(Thread.java:748)&#10;&quot;pool-238-thread-33&quot;  prio=5 tid=2867 in Object.wait()&#10;java.lang.Thread.State: WAITING (on object monitor)&#10;        at sun.misc.Unsafe.park(Native Method)&#10;        at java.util.concurrent.locks.LockSupport.park(LockSupport.java:175)&#10;        at java.util.concurrent.locks.AbstractQueuedSynchronizer$ConditionObject.await(AbstractQueuedSynchronizer.java:2039)&#10;        at java.util.concurrent.ArrayBlockingQueue.take(ArrayBlockingQueue.java:403)&#10;        at java.util.concurrent.ThreadPoolExecutor.getTask(ThreadPoolExecutor.java:1074)&#10;        at java.util.concurrent.ThreadPoolExecutor.runWorker(ThreadPoolExecutor.java:1134)&#10;        at java.util.concurrent.ThreadPoolExecutor$Worker.run(ThreadPoolExecutor.java:624)&#10;        at java.lang.Thread.run(Thread.java:748)&#10;&quot;Datanode State Machine Thread - 0&quot; daemon prio=5 tid=2051 timed_waiting&#10;java.lang.Thread.State: TIMED_WAITING&#10;        at java.lang.Thread.sleep(Native Method)&#10;        at org.apache.hadoop.ozone.container.common.statemachine.DatanodeStateMachine.start(DatanodeStateMachine.java:196)&#10;        at org.apache.hadoop.ozone.container.common.statemachine.DatanodeStateMachine.lambda$startDaemon$0(DatanodeStateMachine.java:354)&#10;        at org.apache.hadoop.ozone.container.common.statemachine.DatanodeStateMachine$$Lambda$141/502066023.run(Unknown Source)&#10;        at java.lang.Thread.run(Thread.java:748)&#10;&quot;qtp1583082378-2229&quot; daemon prio=5 tid=2229 runnable&#10;java.lang.Thread.State: RUNNABLE&#10;        at sun.nio.ch.EPollArrayWrapper.epollWait(Native Method)&#10;        at sun.nio.ch.EPollArrayWrapper.poll(EPollArrayWrapper.java:269)&#10;        at sun.nio.ch.EPollSelectorImpl.doSelect(EPollSelectorImpl.java:93)&#10;        at sun.nio.ch.SelectorImpl.lockAndDoSelect(SelectorImpl.java:86)&#10;        at sun.nio.ch.SelectorImpl.select(SelectorImpl.java:97)&#10;        at sun.nio.ch.SelectorImpl.select(SelectorImpl.java:101)&#10;        at org.eclipse.jetty.io.ManagedSelector$SelectorProducer.select(ManagedSelector.java:243)&#10;        at org.eclipse.jetty.io.ManagedSelector$SelectorProducer.produce(ManagedSelector.java:191)&#10;        at org.eclipse.jetty.util.thread.strategy.ExecuteProduceConsume.executeProduceConsume(ExecuteProduceConsume.java:249)&#10;        at org.eclipse.jetty.util.thread.strategy.ExecuteProduceConsume.produceConsume(ExecuteProduceConsume.java:148)&#10;        at org.eclipse.jetty.util.thread.strategy.ExecuteProduceConsume.execute(ExecuteProduceConsume.java:100)&#10;        at org.eclipse.jetty.io.ManagedSelector.run(ManagedSelector.java:147)&#10;        at org.eclipse.jetty.util.thread.QueuedThreadPool.runJob(QueuedThreadPool.java:671)&#10;        at org.eclipse.jetty.util.thread.QueuedThreadPool$2.run(QueuedThreadPool.java:589)&#10;        at java.lang.Thread.run(Thread.java:748)&#10;&quot;org.apache.hadoop.util.JvmPauseMonitor$Monitor@4e1817b5&quot; daemon prio=5 tid=2165 timed_waiting&#10;java.lang.Thread.State: TIMED_WAITING&#10;        at java.lang.Thread.sleep(Native Method)&#10;        at org.apache.hadoop.util.JvmPauseMonitor$Monitor.run(JvmPauseMonitor.java:192)&#10;        at java.lang.Thread.run(Thread.java:748)&#10;&quot;pool-178-thread-42&quot;  prio=5 tid=2504 in Object.wait()&#10;java.lang.Thread.State: WAITING (on object monitor)&#10;        at sun.misc.Unsafe.park(Native Method)&#10;        at java.util.concurrent.locks.LockSupport.park(LockSupport.java:175)&#10;        at java.util.concurrent.locks.AbstractQueuedSynchronizer$ConditionObject.await(AbstractQueuedSynchronizer.java:2039)&#10;        at java.util.concurrent.ArrayBlockingQueue.take(ArrayBlockingQueue.java:403)&#10;        at java.util.concurrent.ThreadPoolExecutor.getTask(ThreadPoolExecutor.java:1074)&#10;        at java.util.concurrent.ThreadPoolExecutor.runWorker(ThreadPoolExecutor.java:1134)&#10;        at java.util.concurrent.ThreadPoolExecutor$Worker.run(ThreadPoolExecutor.java:624)&#10;        at java.lang.Thread.run(Thread.java:748)&#10;&quot;qtp984235065-2040&quot; daemon prio=5 tid=2040 runnable&#10;java.lang.Thread.State: RUNNABLE&#10;        at sun.nio.ch.EPollArrayWrapper.epollWait(Native Method)&#10;        at sun.nio.ch.EPollArrayWrapper.poll(EPollArrayWrapper.java:269)&#10;        at sun.nio.ch.EPollSelectorImpl.doSelect(EPollSelectorImpl.java:93)&#10;        at sun.nio.ch.SelectorImpl.lockAndDoSelect(SelectorImpl.java:86)&#10;        at sun.nio.ch.SelectorImpl.select(SelectorImpl.java:97)&#10;        at sun.nio.ch.SelectorImpl.select(SelectorImpl.java:101)&#10;        at org.eclipse.jetty.io.ManagedSelector$SelectorProducer.select(ManagedSelector.java:243)&#10;        at org.eclipse.jetty.io.ManagedSelector$SelectorProducer.produce(ManagedSelector.java:191)&#10;        at org.eclipse.jetty.util.thread.strategy.ExecuteProduceConsume.executeProduceConsume(ExecuteProduceConsume.java:249)&#10;        at org.eclipse.jetty.util.thread.strategy.ExecuteProduceConsume.produceConsume(ExecuteProduceConsume.java:148)&#10;        at org.eclipse.jetty.util.thread.strategy.ExecuteProduceConsume.execute(ExecuteProduceConsume.java:100)&#10;        at org.eclipse.jetty.io.ManagedSelector.run(ManagedSelector.java:147)&#10;        at org.eclipse.jetty.util.thread.QueuedThreadPool.runJob(QueuedThreadPool.java:671)&#10;        at org.eclipse.jetty.util.thread.QueuedThreadPool$2.run(QueuedThreadPool.java:589)&#10;        at java.lang.Thread.run(Thread.java:748)&#10;&quot;pool-218-thread-6&quot;  prio=5 tid=2716 in Object.wait()&#10;java.lang.Thread.State: WAITING (on object monitor)&#10;        at sun.misc.Unsafe.park(Native Method)&#10;        at java.util.concurrent.locks.LockSupport.park(LockSupport.java:175)&#10;        at java.util.concurrent.locks.AbstractQueuedSynchronizer$ConditionObject.await(AbstractQueuedSynchronizer.java:2039)&#10;        at java.util.concurrent.ArrayBlockingQueue.take(ArrayBlockingQueue.java:403)&#10;        at java.util.concurrent.ThreadPoolExecutor.getTask(ThreadPoolExecutor.java:1074)&#10;        at java.util.concurrent.ThreadPoolExecutor.runWorker(ThreadPoolExecutor.java:1134)&#10;        at java.util.concurrent.ThreadPoolExecutor$Worker.run(ThreadPoolExecutor.java:624)&#10;        at java.lang.Thread.run(Thread.java:748)&#10;&quot;IPC Server idle connection scanner for port 35120&quot; daemon prio=5 tid=1884 timed_waiting&#10;java.lang.Thread.State: TIMED_WAITING&#10;        at java.lang.Object.wait(Native Method)&#10;        at java.util.TimerThread.mainLoop(Timer.java:552)&#10;        at java.util.TimerThread.run(Timer.java:505)&#10;&quot;Signal Dispatcher&quot; daemon prio=9 tid=4 runnable&#10;java.lang.Thread.State: RUNNABLE&#10;&quot;5fe8490f-f805-406a-80e2-fbda1a66b042@group-529DDC391E9C-SegmentedRaftLogWorker&quot;  prio=5 tid=3133 timed_waiting&#10;java.lang.Thread.State: TIMED_WAITING&#10;        at sun.misc.Unsafe.park(Native Method)&#10;        at java.util.concurrent.locks.LockSupport.parkNanos(LockSupport.java:215)&#10;        at java.util.concurrent.locks.AbstractQueuedSynchronizer$ConditionObject.awaitNanos(AbstractQueuedSynchronizer.java:2078)&#10;        at org.apache.ratis.util.DataBlockingQueue.poll(DataBlockingQueue.java:137)&#10;        at org.apache.ratis.server.raftlog.segmented.SegmentedRaftLogWorker.run(SegmentedRaftLogWorker.java:282)&#10;        at java.lang.Thread.run(Thread.java:748)&#10;&quot;pool-158-thread-22&quot;  prio=5 tid=2360 in Object.wait()&#10;java.lang.Thread.State: WAITING (on object monitor)&#10;        at sun.misc.Unsafe.park(Native Method)&#10;        at java.util.concurrent.locks.LockSupport.park(LockSupport.java:175)&#10;        at java.util.concurrent.locks.AbstractQueuedSynchronizer$ConditionObject.await(AbstractQueuedSynchronizer.java:2039)&#10;        at java.util.concurrent.ArrayBlockingQueue.take(ArrayBlockingQueue.java:403)&#10;        at java.util.concurrent.ThreadPoolExecutor.getTask(ThreadPoolExecutor.java:1074)&#10;        at java.util.concurrent.ThreadPoolExecutor.runWorker(ThreadPoolExecutor.java:1134)&#10;        at java.util.concurrent.ThreadPoolExecutor$Worker.run(ThreadPoolExecutor.java:624)&#10;        at java.lang.Thread.run(Thread.java:748)&#10;&quot;IPC Server handler 9 on 35120&quot; daemon prio=5 tid=1898 timed_waiting&#10;java.lang.Thread.State: TIMED_WAITING&#10;        at sun.misc.Unsafe.park(Native Method)&#10;        at java.util.concurrent.locks.LockSupport.parkNanos(LockSupport.java:215)&#10;        at java.util.concurrent.locks.AbstractQueuedSynchronizer$ConditionObject.awaitNanos(AbstractQueuedSynchronizer.java:2078)&#10;        at java.util.concurrent.LinkedBlockingQueue.poll(LinkedBlockingQueue.java:467)&#10;        at org.apache.hadoop.ipc.CallQueueManager.take(CallQueueManager.java:288)&#10;        at org.apache.hadoop.ipc.Server$Handler.run(Server.java:2668)&#10;&quot;IPC Server handler 4 on 39845&quot; daemon prio=5 tid=1933 timed_waiting&#10;java.lang.Thread.State: TIMED_WAITING&#10;        at sun.misc.Unsafe.park(Native Method)&#10;        at java.util.concurrent.locks.LockSupport.parkNanos(LockSupport.java:215)&#10;        at java.util.concurrent.locks.AbstractQueuedSynchronizer$ConditionObject.awaitNanos(AbstractQueuedSynchronizer.java:2078)&#10;        at java.util.concurrent.LinkedBlockingQueue.poll(LinkedBlockingQueue.java:467)&#10;        at org.apache.hadoop.ipc.CallQueueManager.take(CallQueueManager.java:288)&#10;        at org.apache.hadoop.ipc.Server$Handler.run(Server.java:2668)&#10;&quot;Reference Handler&quot; daemon prio=10 tid=2 in Object.wait()&#10;java.lang.Thread.State: WAITING (on object monitor)&#10;        at java.lang.Object.wait(Native Method)&#10;        at java.lang.Object.wait(Object.java:502)&#10;        at java.lang.ref.Reference.tryHandlePending(Reference.java:191)&#10;        at java.lang.ref.Reference$ReferenceHandler.run(Reference.java:153)&#10;&quot;IPC Server handler 8 on 40581&quot; daemon prio=5 tid=1917 timed_waiting&#10;java.lang.Thread.State: TIMED_WAITING&#10;        at sun.misc.Unsafe.park(Native Method)&#10;        at java.util.concurrent.locks.LockSupport.parkNanos(LockSupport.java:215)&#10;        at java.util.concurrent.locks.AbstractQueuedSynchronizer$ConditionObject.awaitNanos(AbstractQueuedSynchronizer.java:2078)&#10;        at java.util.concurrent.LinkedBlockingQueue.poll(LinkedBlockingQueue.java:467)&#10;        at org.apache.hadoop.ipc.CallQueueManager.take(CallQueueManager.java:288)&#10;        at org.apache.hadoop.ipc.Server$Handler.run(Server.java:2668)&#10;&quot;pool-228-thread-27&quot;  prio=5 tid=2799 in Object.wait()&#10;java.lang.Thread.State: WAITING (on object monitor)&#10;        at sun.misc.Unsafe.park(Native Method)&#10;        at java.util.concurrent.locks.LockSupport.park(LockSupport.java:175)&#10;        at java.util.concurrent.locks.AbstractQueuedSynchronizer$ConditionObject.await(AbstractQueuedSynchronizer.java:2039)&#10;        at java.util.concurrent.ArrayBlockingQueue.take(ArrayBlockingQueue.java:403)&#10;        at java.util.concurrent.ThreadPoolExecutor.getTask(ThreadPoolExecutor.java:1074)&#10;        at java.util.concurrent.ThreadPoolExecutor.runWorker(ThreadPoolExecutor.java:1134)&#10;        at java.util.concurrent.ThreadPoolExecutor$Worker.run(ThreadPoolExecutor.java:624)&#10;        at java.lang.Thread.run(Thread.java:748)&#10;&quot;pool-238-thread-47&quot;  prio=5 tid=2881 in Object.wait()&#10;java.lang.Thread.State: WAITING (on object monitor)&#10;        at sun.misc.Unsafe.park(Native Method)&#10;        at java.util.concurrent.locks.LockSupport.park(LockSupport.java:175)&#10;        at java.util.concurrent.locks.AbstractQueuedSynchronizer$ConditionObject.await(AbstractQueuedSynchronizer.java:2039)&#10;        at java.util.concurrent.ArrayBlockingQueue.take(ArrayBlockingQueue.java:403)&#10;        at java.util.concurrent.ThreadPoolExecutor.getTask(ThreadPoolExecutor.java:1074)&#10;        at java.util.concurrent.ThreadPoolExecutor.runWorker(ThreadPoolExecutor.java:1134)&#10;        at java.util.concurrent.ThreadPoolExecutor$Worker.run(ThreadPoolExecutor.java:624)&#10;        at java.lang.Thread.run(Thread.java:748)&#10;&quot;IPC Server handler 15 on 35120&quot; daemon prio=5 tid=1904 timed_waiting&#10;java.lang.Thread.State: TIMED_WAITING&#10;        at sun.misc.Unsafe.park(Native Method)&#10;        at java.util.concurrent.locks.LockSupport.parkNanos(LockSupport.java:215)&#10;        at java.util.concurrent.locks.AbstractQueuedSynchronizer$ConditionObject.awaitNanos(AbstractQueuedSynchronizer.java:2078)&#10;        at java.util.concurrent.LinkedBlockingQueue.poll(LinkedBlockingQueue.java:467)&#10;        at org.apache.hadoop.ipc.CallQueueManager.take(CallQueueManager.java:288)&#10;        at org.apache.hadoop.ipc.Server$Handler.run(Server.java:2668)&#10;&quot;pool-238-thread-34&quot;  prio=5 tid=2868 in Object.wait()&#10;java.lang.Thread.State: WAITING (on object monitor)&#10;        at sun.misc.Unsafe.park(Native Method)&#10;        at java.util.concurrent.locks.LockSupport.park(LockSupport.java:175)&#10;        at java.util.concurrent.locks.AbstractQueuedSynchronizer$ConditionObject.await(AbstractQueuedSynchronizer.java:2039)&#10;        at java.util.concurrent.ArrayBlockingQueue.take(ArrayBlockingQueue.java:403)&#10;        at java.util.concurrent.ThreadPoolExecutor.getTask(ThreadPoolExecutor.java:1074)&#10;        at java.util.concurrent.ThreadPoolExecutor.runWorker(ThreadPoolExecutor.java:1134)&#10;        at java.util.concurrent.ThreadPoolExecutor$Worker.run(ThreadPoolExecutor.java:624)&#10;        at java.lang.Thread.run(Thread.java:748)&#10;&quot;pool-238-thread-31&quot;  prio=5 tid=2865 in Object.wait()&#10;java.lang.Thread.State: WAITING (on object monitor)&#10;        at sun.misc.Unsafe.park(Native Method)&#10;        at java.util.concurrent.locks.LockSupport.park(LockSupport.java:175)&#10;        at java.util.concurrent.locks.AbstractQueuedSynchronizer$ConditionObject.await(AbstractQueuedSynchronizer.java:2039)&#10;        at java.util.concurrent.ArrayBlockingQueue.take(ArrayBlockingQueue.java:403)&#10;        at java.util.concurrent.ThreadPoolExecutor.getTask(ThreadPoolExecutor.java:1074)&#10;        at java.util.concurrent.ThreadPoolExecutor.runWorker(ThreadPoolExecutor.java:1134)&#10;        at java.util.concurrent.ThreadPoolExecutor$Worker.run(ThreadPoolExecutor.java:624)&#10;        at java.lang.Thread.run(Thread.java:748)&#10;&quot;BlockDeletingService#1&quot; daemon prio=5 tid=2338 in Object.wait()&#10;java.lang.Thread.State: WAITING (on object monitor)&#10;        at sun.misc.Unsafe.park(Native Method)&#10;        at java.util.concurrent.locks.LockSupport.park(LockSupport.java:175)&#10;        at java.util.concurrent.locks.AbstractQueuedSynchronizer$ConditionObject.await(AbstractQueuedSynchronizer.java:2039)&#10;        at java.util.concurrent.ScheduledThreadPoolExecutor$DelayedWorkQueue.take(ScheduledThreadPoolExecutor.java:1088)&#10;        at java.util.concurrent.ScheduledThreadPoolExecutor$DelayedWorkQueue.take(ScheduledThreadPoolExecutor.java:809)&#10;        at java.util.concurrent.ThreadPoolExecutor.getTask(ThreadPoolExecutor.java:1074)&#10;        at java.util.concurrent.ThreadPoolExecutor.runWorker(ThreadPoolExecutor.java:1134)&#10;        at java.util.concurrent.ThreadPoolExecutor$Worker.run(ThreadPoolExecutor.java:624)&#10;        at java.lang.Thread.run(Thread.java:748)&#10;&quot;grpc-default-executor-2&quot; daemon prio=5 tid=1111 timed_waiting&#10;java.lang.Thread.State: TIMED_WAITING&#10;        at sun.misc.Unsafe.park(Native Method)&#10;        at java.util.concurrent.locks.LockSupport.parkNanos(LockSupport.java:215)&#10;        at java.util.concurrent.SynchronousQueue$TransferStack.awaitFulfill(SynchronousQueue.java:460)&#10;        at java.util.concurrent.SynchronousQueue$TransferStack.transfer(SynchronousQueue.java:362)&#10;        at java.util.concurrent.SynchronousQueue.poll(SynchronousQueue.java:941)&#10;        at java.util.concurrent.ThreadPoolExecutor.getTask(ThreadPoolExecutor.java:1073)&#10;        at java.util.concurrent.ThreadPoolExecutor.runWorker(ThreadPoolExecutor.java:1134)&#10;        at java.util.concurrent.ThreadPoolExecutor$Worker.run(ThreadPoolExecutor.java:624)&#10;        at java.lang.Thread.run(Thread.java:748)&#10;&quot;Datanode ReportManager Thread - 0&quot; daemon prio=5 tid=279 in Object.wait()&#10;java.lang.Thread.State: WAITING (on object monitor)&#10;        at sun.misc.Unsafe.park(Native Method)&#10;        at java.util.concurrent.locks.LockSupport.park(LockSupport.java:175)&#10;        at java.util.concurrent.locks.AbstractQueuedSynchronizer$ConditionObject.await(AbstractQueuedSynchronizer.java:2039)&#10;        at java.util.concurrent.ScheduledThreadPoolExecutor$DelayedWorkQueue.take(ScheduledThreadPoolExecutor.java:1088)&#10;        at java.util.concurrent.ScheduledThreadPoolExecutor$DelayedWorkQueue.take(ScheduledThreadPoolExecutor.java:809)&#10;        at java.util.concurrent.ThreadPoolExecutor.getTask(ThreadPoolExecutor.java:1074)&#10;        at java.util.concurrent.ThreadPoolExecutor.runWorker(ThreadPoolExecutor.java:1134)&#10;        at java.util.concurrent.ThreadPoolExecutor$Worker.run(ThreadPoolExecutor.java:624)&#10;        at java.lang.Thread.run(Thread.java:748)&#10;&quot;IPC Server handler 12 on 35120&quot; daemon prio=5 tid=1901 timed_waiting&#10;java.lang.Thread.State: TIMED_WAITING&#10;        at sun.misc.Unsafe.park(Native Method)&#10;        at java.util.concurrent.locks.LockSupport.parkNanos(LockSupport.java:215)&#10;        at java.util.concurrent.locks.AbstractQueuedSynchronizer$ConditionObject.awaitNanos(AbstractQueuedSynchronizer.java:2078)&#10;        at java.util.concurrent.LinkedBlockingQueue.poll(LinkedBlockingQueue.java:467)&#10;        at org.apache.hadoop.ipc.CallQueueManager.take(CallQueueManager.java:288)&#10;        at org.apache.hadoop.ipc.Server$Handler.run(Server.java:2668)&#10;&quot;org.apache.hadoop.util.JvmPauseMonitor$Monitor@71f29a6f&quot; daemon prio=5 tid=2219 timed_waiting&#10;java.lang.Thread.State: TIMED_WAITING&#10;        at java.lang.Thread.sleep(Native Method)&#10;        at org.apache.hadoop.util.JvmPauseMonitor$Monitor.run(JvmPauseMonitor.java:192)&#10;        at java.lang.Thread.run(Thread.java:748)&#10;&quot;pool-168-thread-47&quot;  prio=5 tid=2447 in Object.wait()&#10;java.lang.Thread.State: WAITING (on object monitor)&#10;        at sun.misc.Unsafe.park(Native Method)&#10;        at java.util.concurrent.locks.LockSupport.park(LockSupport.java:175)&#10;        at java.util.concurrent.locks.AbstractQueuedSynchronizer$ConditionObject.await(AbstractQueuedSynchronizer.java:2039)&#10;        at java.util.concurrent.ArrayBlockingQueue.take(ArrayBlockingQueue.java:403)&#10;        at java.util.concurrent.ThreadPoolExecutor.getTask(ThreadPoolExecutor.java:1074)&#10;        at java.util.concurrent.ThreadPoolExecutor.runWorker(ThreadPoolExecutor.java:1134)&#10;        at java.util.concurrent.ThreadPoolExecutor$Worker.run(ThreadPoolExecutor.java:624)&#10;        at java.lang.Thread.run(Thread.java:748)&#10;&quot;pool-218-thread-29&quot;  prio=5 tid=2739 in Object.wait()&#10;java.lang.Thread.State: WAITING (on object monitor)&#10;        at sun.misc.Unsafe.park(Native Method)&#10;        at java.util.concurrent.locks.LockSupport.park(LockSupport.java:175)&#10;        at java.util.concurrent.locks.AbstractQueuedSynchronizer$ConditionObject.await(AbstractQueuedSynchronizer.java:2039)&#10;        at java.util.concurrent.ArrayBlockingQueue.take(ArrayBlockingQueue.java:403)&#10;        at java.util.concurrent.ThreadPoolExecutor.getTask(ThreadPoolExecutor.java:1074)&#10;        at java.util.concurrent.ThreadPoolExecutor.runWorker(ThreadPoolExecutor.java:1134)&#10;        at java.util.concurrent.ThreadPoolExecutor$Worker.run(ThreadPoolExecutor.java:624)&#10;        at java.lang.Thread.run(Thread.java:748)&#10;&quot;pool-218-thread-20&quot;  prio=5 tid=2730 in Object.wait()&#10;java.lang.Thread.State: WAITING (on object monitor)&#10;        at sun.misc.Unsafe.park(Native Method)&#10;        at java.util.concurrent.locks.LockSupport.park(LockSupport.java:175)&#10;        at java.util.concurrent.locks.AbstractQueuedSynchronizer$ConditionObject.await(AbstractQueuedSynchronizer.java:2039)&#10;        at java.util.concurrent.ArrayBlockingQueue.take(ArrayBlockingQueue.java:403)&#10;        at java.util.concurrent.ThreadPoolExecutor.getTask(ThreadPoolExecutor.java:1074)&#10;        at java.util.concurrent.ThreadPoolExecutor.runWorker(ThreadPoolExecutor.java:1134)&#10;        at java.util.concurrent.ThreadPoolExecutor$Worker.run(ThreadPoolExecutor.java:624)&#10;        at java.lang.Thread.run(Thread.java:748)&#10;&quot;pool-208-thread-25&quot;  prio=5 tid=2673 in Object.wait()&#10;java.lang.Thread.State: WAITING (on object monitor)&#10;        at sun.misc.Unsafe.park(Native Method)&#10;        at java.util.concurrent.locks.LockSupport.park(LockSupport.java:175)&#10;        at java.util.concurrent.locks.AbstractQueuedSynchronizer$ConditionObject.await(AbstractQueuedSynchronizer.java:2039)&#10;        at java.util.concurrent.ArrayBlockingQueue.take(ArrayBlockingQueue.java:403)&#10;        at java.util.concurrent.ThreadPoolExecutor.getTask(ThreadPoolExecutor.java:1074)&#10;        at java.util.concurrent.ThreadPoolExecutor.runWorker(ThreadPoolExecutor.java:1134)&#10;        at java.util.concurrent.ThreadPoolExecutor$Worker.run(ThreadPoolExecutor.java:624)&#10;        at java.lang.Thread.run(Thread.java:748)&#10;&quot;pool-158-thread-40&quot;  prio=5 tid=2378 in Object.wait()&#10;java.lang.Thread.State: WAITING (on object monitor)&#10;        at sun.misc.Unsafe.park(Native Method)&#10;        at java.util.concurrent.locks.LockSupport.park(LockSupport.java:175)&#10;        at java.util.concurrent.locks.AbstractQueuedSynchronizer$ConditionObject.await(AbstractQueuedSynchronizer.java:2039)&#10;        at java.util.concurrent.ArrayBlockingQueue.take(ArrayBlockingQueue.java:403)&#10;        at java.util.concurrent.ThreadPoolExecutor.getTask(ThreadPoolExecutor.java:1074)&#10;        at java.util.concurrent.ThreadPoolExecutor.runWorker(ThreadPoolExecutor.java:1134)&#10;        at java.util.concurrent.ThreadPoolExecutor$Worker.run(ThreadPoolExecutor.java:624)&#10;        at java.lang.Thread.run(Thread.java:748)&#10;&quot;pool-228-thread-26&quot;  prio=5 tid=2798 in Object.wait()&#10;java.lang.Thread.State: WAITING (on object monitor)&#10;        at sun.misc.Unsafe.park(Native Method)&#10;        at java.util.concurrent.locks.LockSupport.park(LockSupport.java:175)&#10;        at java.util.concurrent.locks.AbstractQueuedSynchronizer$ConditionObject.await(AbstractQueuedSynchronizer.java:2039)&#10;        at java.util.concurrent.ArrayBlockingQueue.take(ArrayBlockingQueue.java:403)&#10;        at java.util.concurrent.ThreadPoolExecutor.getTask(ThreadPoolExecutor.java:1074)&#10;        at java.util.concurrent.ThreadPoolExecutor.runWorker(ThreadPoolExecutor.java:1134)&#10;        at java.util.concurrent.ThreadPoolExecutor$Worker.run(ThreadPoolExecutor.java:624)&#10;        at java.lang.Thread.run(Thread.java:748)&#10;&quot;Thread-1545&quot; daemon prio=5 tid=3204 timed_waiting&#10;java.lang.Thread.State: TIMED_WAITING&#10;        at java.lang.Thread.sleep(Native Method)&#10;        at org.apache.ratis.util.JavaUtils.sleep(JavaUtils.java:243)&#10;        at org.apache.ratis.server.impl.FollowerState.run(FollowerState.java:100)&#10;&quot;BlockDeletingService#1&quot; daemon prio=5 tid=2462 in Object.wait()&#10;java.lang.Thread.State: WAITING (on object monitor)&#10;        at sun.misc.Unsafe.park(Native Method)&#10;        at java.util.concurrent.locks.LockSupport.park(LockSupport.java:175)&#10;        at java.util.concurrent.locks.AbstractQueuedSynchronizer$ConditionObject.await(AbstractQueuedSynchronizer.java:2039)&#10;        at java.util.concurrent.ScheduledThreadPoolExecutor$DelayedWorkQueue.take(ScheduledThreadPoolExecutor.java:1088)&#10;        at java.util.concurrent.ScheduledThreadPoolExecutor$DelayedWorkQueue.take(ScheduledThreadPoolExecutor.java:809)&#10;        at java.util.concurrent.ThreadPoolExecutor.getTask(ThreadPoolExecutor.java:1074)&#10;        at java.util.concurrent.ThreadPoolExecutor.runWorker(ThreadPoolExecutor.java:1134)&#10;        at java.util.concurrent.ThreadPoolExecutor$Worker.run(ThreadPoolExecutor.java:624)&#10;        at java.lang.Thread.run(Thread.java:748)&#10;&quot;qtp377667724-1996&quot; daemon prio=5 tid=1996 timed_waiting&#10;java.lang.Thread.State: TIMED_WAITING&#10;        at sun.misc.Unsafe.park(Native Method)&#10;        at java.util.concurrent.locks.LockSupport.parkNanos(LockSupport.java:215)&#10;        at java.util.concurrent.locks.AbstractQueuedSynchronizer$ConditionObject.awaitNanos(AbstractQueuedSynchronizer.java:2078)&#10;        at org.eclipse.jetty.util.BlockingArrayQueue.poll(BlockingArrayQueue.java:392)&#10;        at org.eclipse.jetty.util.thread.QueuedThreadPool.idleJobPoll(QueuedThreadPool.java:563)&#10;        at org.eclipse.jetty.util.thread.QueuedThreadPool.access$800(QueuedThreadPool.java:48)&#10;        at org.eclipse.jetty.util.thread.QueuedThreadPool$2.run(QueuedThreadPool.java:626)&#10;        at java.lang.Thread.run(Thread.java:748)&#10;&quot;pool-198-thread-53&quot;  prio=5 tid=2639 in Object.wait()&#10;java.lang.Thread.State: WAITING (on object monitor)&#10;        at sun.misc.Unsafe.park(Native Method)&#10;        at java.util.concurrent.locks.LockSupport.park(LockSupport.java:175)&#10;        at java.util.concurrent.locks.AbstractQueuedSynchronizer$ConditionObject.await(AbstractQueuedSynchronizer.java:2039)&#10;        at java.util.concurrent.ArrayBlockingQueue.take(ArrayBlockingQueue.java:403)&#10;        at java.util.concurrent.ThreadPoolExecutor.getTask(ThreadPoolExecutor.java:1074)&#10;        at java.util.concurrent.ThreadPoolExecutor.runWorker(ThreadPoolExecutor.java:1134)&#10;        at java.util.concurrent.ThreadPoolExecutor$Worker.run(ThreadPoolExecutor.java:624)&#10;        at java.lang.Thread.run(Thread.java:748)&#10;&quot;qtp2120404899-2154&quot; daemon prio=5 tid=2154 timed_waiting&#10;java.lang.Thread.State: TIMED_WAITING&#10;        at sun.misc.Unsafe.park(Native Method)&#10;        at java.util.concurrent.locks.LockSupport.parkNanos(LockSupport.java:215)&#10;        at java.util.concurrent.locks.AbstractQueuedSynchronizer$ConditionObject.awaitNanos(AbstractQueuedSynchronizer.java:2078)&#10;        at org.eclipse.jetty.util.BlockingArrayQueue.poll(BlockingArrayQueue.java:392)&#10;        at org.eclipse.jetty.util.thread.QueuedThreadPool.idleJobPoll(QueuedThreadPool.java:563)&#10;        at org.eclipse.jetty.util.thread.QueuedThreadPool.access$800(QueuedThreadPool.java:48)&#10;        at org.eclipse.jetty.util.thread.QueuedThreadPool$2.run(QueuedThreadPool.java:626)&#10;        at java.lang.Thread.run(Thread.java:748)&#10;&quot;pool-218-thread-56&quot;  prio=5 tid=2766 in Object.wait()&#10;java.lang.Thread.State: WAITING (on object monitor)&#10;        at sun.misc.Unsafe.park(Native Method)&#10;        at java.util.concurrent.locks.LockSupport.park(LockSupport.java:175)&#10;        at java.util.concurrent.locks.AbstractQueuedSynchronizer$ConditionObject.await(AbstractQueuedSynchronizer.java:2039)&#10;        at java.util.concurrent.ArrayBlockingQueue.take(ArrayBlockingQueue.java:403)&#10;        at java.util.concurrent.ThreadPoolExecutor.getTask(ThreadPoolExecutor.java:1074)&#10;        at java.util.concurrent.ThreadPoolExecutor.runWorker(ThreadPoolExecutor.java:1134)&#10;        at java.util.concurrent.ThreadPoolExecutor$Worker.run(ThreadPoolExecutor.java:624)&#10;        at java.lang.Thread.run(Thread.java:748)&#10;&quot;pool-198-thread-9&quot;  prio=5 tid=2595 in Object.wait()&#10;java.lang.Thread.State: WAITING (on object monitor)&#10;        at sun.misc.Unsafe.park(Native Method)&#10;        at java.util.concurrent.locks.LockSupport.park(LockSupport.java:175)&#10;        at java.util.concurrent.locks.AbstractQueuedSynchronizer$ConditionObject.await(AbstractQueuedSynchronizer.java:2039)&#10;        at java.util.concurrent.ArrayBlockingQueue.take(ArrayBlockingQueue.java:403)&#10;        at java.util.concurrent.ThreadPoolExecutor.getTask(ThreadPoolExecutor.java:1074)&#10;        at java.util.concurrent.ThreadPoolExecutor.runWorker(ThreadPoolExecutor.java:1134)&#10;        at java.util.concurrent.ThreadPoolExecutor$Worker.run(ThreadPoolExecutor.java:624)&#10;        at java.lang.Thread.run(Thread.java:748)&#10;&quot;IPC Server handler 15 on 39845&quot; daemon prio=5 tid=1944 timed_waiting&#10;java.lang.Thread.State: TIMED_WAITING&#10;        at sun.misc.Unsafe.park(Native Method)&#10;        at java.util.concurrent.locks.LockSupport.parkNanos(LockSupport.java:215)&#10;        at java.util.concurrent.locks.AbstractQueuedSynchronizer$ConditionObject.awaitNanos(AbstractQueuedSynchronizer.java:2078)&#10;        at java.util.concurrent.LinkedBlockingQueue.poll(LinkedBlockingQueue.java:467)&#10;        at org.apache.hadoop.ipc.CallQueueManager.take(CallQueueManager.java:288)&#10;        at org.apache.hadoop.ipc.Server$Handler.run(Server.java:2668)&#10;&quot;grpc-default-executor-4&quot; daemon prio=5 tid=1189 timed_waiting&#10;java.lang.Thread.State: TIMED_WAITING&#10;        at sun.misc.Unsafe.park(Native Method)&#10;        at java.util.concurrent.locks.LockSupport.parkNanos(LockSupport.java:215)&#10;        at java.util.concurrent.SynchronousQueue$TransferStack.awaitFulfill(SynchronousQueue.java:460)&#10;        at java.util.concurrent.SynchronousQueue$TransferStack.transfer(SynchronousQueue.java:362)&#10;        at java.util.concurrent.SynchronousQueue.poll(SynchronousQueue.java:941)&#10;        at java.util.concurrent.ThreadPoolExecutor.getTask(ThreadPoolExecutor.java:1073)&#10;        at java.util.concurrent.ThreadPoolExecutor.runWorker(ThreadPoolExecutor.java:1134)&#10;        at java.util.concurrent.ThreadPoolExecutor$Worker.run(ThreadPoolExecutor.java:624)&#10;        at java.lang.Thread.run(Thread.java:748)&#10;&quot;IPC Server handler 12 on 39845&quot; daemon prio=5 tid=1941 timed_waiting&#10;java.lang.Thread.State: TIMED_WAITING&#10;        at sun.misc.Unsafe.park(Native Method)&#10;        at java.util.concurrent.locks.LockSupport.parkNanos(LockSupport.java:215)&#10;        at java.util.concurrent.locks.AbstractQueuedSynchronizer$ConditionObject.awaitNanos(AbstractQueuedSynchronizer.java:2078)&#10;        at java.util.concurrent.LinkedBlockingQueue.poll(LinkedBlockingQueue.java:467)&#10;        at org.apache.hadoop.ipc.CallQueueManager.take(CallQueueManager.java:288)&#10;        at org.apache.hadoop.ipc.Server$Handler.run(Server.java:2668)&#10;&quot;pool-208-thread-57&quot;  prio=5 tid=2705 in Object.wait()&#10;java.lang.Thread.State: WAITING (on object monitor)&#10;        at sun.misc.Unsafe.park(Native Method)&#10;        at java.util.concurrent.locks.LockSupport.park(LockSupport.java:175)&#10;        at java.util.concurrent.locks.AbstractQueuedSynchronizer$ConditionObject.await(AbstractQueuedSynchronizer.java:2039)&#10;        at java.util.concurrent.ArrayBlockingQueue.take(ArrayBlockingQueue.java:403)&#10;        at java.util.concurrent.ThreadPoolExecutor.getTask(ThreadPoolExecutor.java:1074)&#10;        at java.util.concurrent.ThreadPoolExecutor.runWorker(ThreadPoolExecutor.java:1134)&#10;        at java.util.concurrent.ThreadPoolExecutor$Worker.run(ThreadPoolExecutor.java:624)&#10;        at java.lang.Thread.run(Thread.java:748)&#10;&quot;pool-188-thread-14&quot;  prio=5 tid=2538 in Object.wait()&#10;java.lang.Thread.State: WAITING (on object monitor)&#10;        at sun.misc.Unsafe.park(Native Method)&#10;        at java.util.concurrent.locks.LockSupport.park(LockSupport.java:175)&#10;        at java.util.concurrent.locks.AbstractQueuedSynchronizer$ConditionObject.await(AbstractQueuedSynchronizer.java:2039)&#10;        at java.util.concurrent.ArrayBlockingQueue.take(ArrayBlockingQueue.java:403)&#10;        at java.util.concurrent.ThreadPoolExecutor.getTask(ThreadPoolExecutor.java:1074)&#10;        at java.util.concurrent.ThreadPoolExecutor.runWorker(ThreadPoolExecutor.java:1134)&#10;        at java.util.concurrent.ThreadPoolExecutor$Worker.run(ThreadPoolExecutor.java:624)&#10;        at java.lang.Thread.run(Thread.java:748)&#10;&quot;pool-148-thread-56&quot;  prio=5 tid=2331 in Object.wait()&#10;java.lang.Thread.State: WAITING (on object monitor)&#10;        at sun.misc.Unsafe.park(Native Method)&#10;        at java.util.concurrent.locks.LockSupport.park(LockSupport.java:175)&#10;        at java.util.concurrent.locks.AbstractQueuedSynchronizer$ConditionObject.await(AbstractQueuedSynchronizer.java:2039)&#10;        at java.util.concurrent.ArrayBlockingQueue.take(ArrayBlockingQueue.java:403)&#10;        at java.util.concurrent.ThreadPoolExecutor.getTask(ThreadPoolExecutor.java:1074)&#10;        at java.util.concurrent.ThreadPoolExecutor.runWorker(ThreadPoolExecutor.java:1134)&#10;        at java.util.concurrent.ThreadPoolExecutor$Worker.run(ThreadPoolExecutor.java:624)&#10;        at java.lang.Thread.run(Thread.java:748)&#10;&quot;pool-168-thread-48&quot;  prio=5 tid=2448 in Object.wait()&#10;java.lang.Thread.State: WAITING (on object monitor)&#10;        at sun.misc.Unsafe.park(Native Method)&#10;        at java.util.concurrent.locks.LockSupport.park(LockSupport.java:175)&#10;        at java.util.concurrent.locks.AbstractQueuedSynchronizer$ConditionObject.await(AbstractQueuedSynchronizer.java:2039)&#10;        at java.util.concurrent.ArrayBlockingQueue.take(ArrayBlockingQueue.java:403)&#10;        at java.util.concurrent.ThreadPoolExecutor.getTask(ThreadPoolExecutor.java:1074)&#10;        at java.util.concurrent.ThreadPoolExecutor.runWorker(ThreadPoolExecutor.java:1134)&#10;        at java.util.concurrent.ThreadPoolExecutor$Worker.run(ThreadPoolExecutor.java:624)&#10;        at java.lang.Thread.run(Thread.java:748)&#10;&quot;pool-238-thread-56&quot;  prio=5 tid=2890 in Object.wait()&#10;java.lang.Thread.State: WAITING (on object monitor)&#10;        at sun.misc.Unsafe.park(Native Method)&#10;        at java.util.concurrent.locks.LockSupport.park(LockSupport.java:175)&#10;        at java.util.concurrent.locks.AbstractQueuedSynchronizer$ConditionObject.await(AbstractQueuedSynchronizer.java:2039)&#10;        at java.util.concurrent.ArrayBlockingQueue.take(ArrayBlockingQueue.java:403)&#10;        at java.util.concurrent.ThreadPoolExecutor.getTask(ThreadPoolExecutor.java:1074)&#10;        at java.util.concurrent.ThreadPoolExecutor.runWorker(ThreadPoolExecutor.java:1134)&#10;        at java.util.concurrent.ThreadPoolExecutor$Worker.run(ThreadPoolExecutor.java:624)&#10;        at java.lang.Thread.run(Thread.java:748)&#10;&quot;pool-168-thread-44&quot;  prio=5 tid=2444 in Object.wait()&#10;java.lang.Thread.State: WAITING (on object monitor)&#10;        at sun.misc.Unsafe.park(Native Method)&#10;        at java.util.concurrent.locks.LockSupport.park(LockSupport.java:175)&#10;        at java.util.concurrent.locks.AbstractQueuedSynchronizer$ConditionObject.await(AbstractQueuedSynchronizer.java:2039)&#10;        at java.util.concurrent.ArrayBlockingQueue.take(ArrayBlockingQueue.java:403)&#10;        at java.util.concurrent.ThreadPoolExecutor.getTask(ThreadPoolExecutor.java:1074)&#10;        at java.util.concurrent.ThreadPoolExecutor.runWorker(ThreadPoolExecutor.java:1134)&#10;        at java.util.concurrent.ThreadPoolExecutor$Worker.run(ThreadPoolExecutor.java:624)&#10;        at java.lang.Thread.run(Thread.java:748)&#10;&quot;pool-208-thread-30&quot;  prio=5 tid=2678 in Object.wait()&#10;java.lang.Thread.State: WAITING (on object monitor)&#10;        at sun.misc.Unsafe.park(Native Method)&#10;        at java.util.concurrent.locks.LockSupport.park(LockSupport.java:175)&#10;        at java.util.concurrent.locks.AbstractQueuedSynchronizer$ConditionObject.await(AbstractQueuedSynchronizer.java:2039)&#10;        at java.util.concurrent.ArrayBlockingQueue.take(ArrayBlockingQueue.java:403)&#10;        at java.util.concurrent.ThreadPoolExecutor.getTask(ThreadPoolExecutor.java:1074)&#10;        at java.util.concurrent.ThreadPoolExecutor.runWorker(ThreadPoolExecutor.java:1134)&#10;        at java.util.concurrent.ThreadPoolExecutor$Worker.run(ThreadPoolExecutor.java:624)&#10;        at java.lang.Thread.run(Thread.java:748)&#10;&quot;pool-178-thread-25&quot;  prio=5 tid=2487 in Object.wait()&#10;java.lang.Thread.State: WAITING (on object monitor)&#10;        at sun.misc.Unsafe.park(Native Method)&#10;        at java.util.concurrent.locks.LockSupport.park(LockSupport.java:175)&#10;        at java.util.concurrent.locks.AbstractQueuedSynchronizer$ConditionObject.await(AbstractQueuedSynchronizer.java:2039)&#10;        at java.util.concurrent.ArrayBlockingQueue.take(ArrayBlockingQueue.java:403)&#10;        at java.util.concurrent.ThreadPoolExecutor.getTask(ThreadPoolExecutor.java:1074)&#10;        at java.util.concurrent.ThreadPoolExecutor.runWorker(ThreadPoolExecutor.java:1134)&#10;        at java.util.concurrent.ThreadPoolExecutor$Worker.run(ThreadPoolExecutor.java:624)&#10;        at java.lang.Thread.run(Thread.java:748)&#10;&quot;pool-238-thread-1&quot;  prio=5 tid=2835 in Object.wait()&#10;java.lang.Thread.State: WAITING (on object monitor)&#10;        at sun.misc.Unsafe.park(Native Method)&#10;        at java.util.concurrent.locks.LockSupport.park(LockSupport.java:175)&#10;        at java.util.concurrent.locks.AbstractQueuedSynchronizer$ConditionObject.await(AbstractQueuedSynchronizer.java:2039)&#10;        at java.util.concurrent.ArrayBlockingQueue.take(ArrayBlockingQueue.java:403)&#10;        at java.util.concurrent.ThreadPoolExecutor.getTask(ThreadPoolExecutor.java:1074)&#10;        at java.util.concurrent.ThreadPoolExecutor.runWorker(ThreadPoolExecutor.java:1134)&#10;        at java.util.concurrent.ThreadPoolExecutor$Worker.run(ThreadPoolExecutor.java:624)&#10;        at java.lang.Thread.run(Thread.java:748)&#10;&quot;pool-168-thread-35&quot;  prio=5 tid=2435 in Object.wait()&#10;java.lang.Thread.State: WAITING (on object monitor)&#10;        at sun.misc.Unsafe.park(Native Method)&#10;        at java.util.concurrent.locks.LockSupport.park(LockSupport.java:175)&#10;        at java.util.concurrent.locks.AbstractQueuedSynchronizer$ConditionObject.await(AbstractQueuedSynchronizer.java:2039)&#10;        at java.util.concurrent.ArrayBlockingQueue.take(ArrayBlockingQueue.java:403)&#10;        at java.util.concurrent.ThreadPoolExecutor.getTask(ThreadPoolExecutor.java:1074)&#10;        at java.util.concurrent.ThreadPoolExecutor.runWorker(ThreadPoolExecutor.java:1134)&#10;        at java.util.concurrent.ThreadPoolExecutor$Worker.run(ThreadPoolExecutor.java:624)&#10;        at java.lang.Thread.run(Thread.java:748)&#10;&quot;Socket Reader #1 for port 45410&quot;  prio=5 tid=1966 runnable&#10;java.lang.Thread.State: RUNNABLE&#10;        at sun.nio.ch.EPollArrayWrapper.epollWait(Native Method)&#10;        at sun.nio.ch.EPollArrayWrapper.poll(EPollArrayWrapper.java:269)&#10;        at sun.nio.ch.EPollSelectorImpl.doSelect(EPollSelectorImpl.java:93)&#10;        at sun.nio.ch.SelectorImpl.lockAndDoSelect(SelectorImpl.java:86)&#10;        at sun.nio.ch.SelectorImpl.select(SelectorImpl.java:97)&#10;        at sun.nio.ch.SelectorImpl.select(SelectorImpl.java:101)&#10;        at org.apache.hadoop.ipc.Server$Listener$Reader.doRunLoop(Server.java:1097)&#10;        at org.apache.hadoop.ipc.Server$Listener$Reader.run(Server.java:1076)&#10;&quot;IPC Server listener on 39845&quot; daemon prio=5 tid=1874 runnable&#10;java.lang.Thread.State: RUNNABLE&#10;        at sun.nio.ch.EPollArrayWrapper.epollWait(Native Method)&#10;        at sun.nio.ch.EPollArrayWrapper.poll(EPollArrayWrapper.java:269)&#10;        at sun.nio.ch.EPollSelectorImpl.doSelect(EPollSelectorImpl.java:93)&#10;        at sun.nio.ch.SelectorImpl.lockAndDoSelect(SelectorImpl.java:86)&#10;        at sun.nio.ch.SelectorImpl.select(SelectorImpl.java:97)&#10;        at sun.nio.ch.SelectorImpl.select(SelectorImpl.java:101)&#10;        at org.apache.hadoop.ipc.Server$Listener.run(Server.java:1159)&#10;&quot;pool-158-thread-34&quot;  prio=5 tid=2372 in Object.wait()&#10;java.lang.Thread.State: WAITING (on object monitor)&#10;        at sun.misc.Unsafe.park(Native Method)&#10;        at java.util.concurrent.locks.LockSupport.park(LockSupport.java:175)&#10;        at java.util.concurrent.locks.AbstractQueuedSynchronizer$ConditionObject.await(AbstractQueuedSynchronizer.java:2039)&#10;        at java.util.concurrent.ArrayBlockingQueue.take(ArrayBlockingQueue.java:403)&#10;        at java.util.concurrent.ThreadPoolExecutor.getTask(ThreadPoolExecutor.java:1074)&#10;        at java.util.concurrent.ThreadPoolExecutor.runWorker(ThreadPoolExecutor.java:1134)&#10;        at java.util.concurrent.ThreadPoolExecutor$Worker.run(ThreadPoolExecutor.java:624)&#10;        at java.lang.Thread.run(Thread.java:748)&#10;&quot;jaeger.RemoteReporter-FlushTimer&quot; daemon prio=5 tid=148 timed_waiting&#10;java.lang.Thread.State: TIMED_WAITING&#10;        at java.lang.Object.wait(Native Method)&#10;        at java.util.TimerThread.mainLoop(Timer.java:552)&#10;        at java.util.TimerThread.run(Timer.java:505)&#10;&quot;efbac357-ca4e-4ee4-91b4-c654bf02dfcf@group-1012B3444813-StateMachineUpdater&quot; daemon prio=5 tid=2965 in Object.wait()&#10;java.lang.Thread.State: WAITING (on object monitor)&#10;        at java.lang.Object.wait(Native Method)&#10;        at java.lang.Object.wait(Object.java:502)&#10;        at org.apache.ratis.server.impl.StateMachineUpdater.waitForCommit(StateMachineUpdater.java:194)&#10;        at org.apache.ratis.server.impl.StateMachineUpdater.run(StateMachineUpdater.java:159)&#10;        at java.lang.Thread.run(Thread.java:748)&#10;&quot;pool-178-thread-52&quot;  prio=5 tid=2514 in Object.wait()&#10;java.lang.Thread.State: WAITING (on object monitor)&#10;        at sun.misc.Unsafe.park(Native Method)&#10;        at java.util.concurrent.locks.LockSupport.park(LockSupport.java:175)&#10;        at java.util.concurrent.locks.AbstractQueuedSynchronizer$ConditionObject.await(AbstractQueuedSynchronizer.java:2039)&#10;        at java.util.concurrent.ArrayBlockingQueue.take(ArrayBlockingQueue.java:403)&#10;        at java.util.concurrent.ThreadPoolExecutor.getTask(ThreadPoolExecutor.java:1074)&#10;        at java.util.concurrent.ThreadPoolExecutor.runWorker(ThreadPoolExecutor.java:1134)&#10;        at java.util.concurrent.ThreadPoolExecutor$Worker.run(ThreadPoolExecutor.java:624)&#10;        at java.lang.Thread.run(Thread.java:748)&#10;&quot;org.eclipse.jetty.server.session.HashSessionManager@4cad79bcTimer&quot; daemon prio=5 tid=2075 timed_waiting&#10;java.lang.Thread.State: TIMED_WAITING&#10;        at sun.misc.Unsafe.park(Native Method)&#10;        at java.util.concurrent.locks.LockSupport.parkNanos(LockSupport.java:215)&#10;        at java.util.concurrent.locks.AbstractQueuedSynchronizer$ConditionObject.awaitNanos(AbstractQueuedSynchronizer.java:2078)&#10;        at java.util.concurrent.ScheduledThreadPoolExecutor$DelayedWorkQueue.take(ScheduledThreadPoolExecutor.java:1093)&#10;        at java.util.concurrent.ScheduledThreadPoolExecutor$DelayedWorkQueue.take(ScheduledThreadPoolExecutor.java:809)&#10;        at java.util.concurrent.ThreadPoolExecutor.getTask(ThreadPoolExecutor.java:1074)&#10;        at java.util.concurrent.ThreadPoolExecutor.runWorker(ThreadPoolExecutor.java:1134)&#10;        at java.util.concurrent.ThreadPoolExecutor$Worker.run(ThreadPoolExecutor.java:624)&#10;        at java.lang.Thread.run(Thread.java:748)&#10;&quot;BlockDeletingService#0&quot; daemon prio=5 tid=2399 timed_waiting&#10;java.lang.Thread.State: TIMED_WAITING&#10;        at sun.misc.Unsafe.park(Native Method)&#10;        at java.util.concurrent.locks.LockSupport.parkNanos(LockSupport.java:215)&#10;        at java.util.concurrent.locks.AbstractQueuedSynchronizer$ConditionObject.awaitNanos(AbstractQueuedSynchronizer.java:2078)&#10;        at java.util.concurrent.ScheduledThreadPoolExecutor$DelayedWorkQueue.take(ScheduledThreadPoolExecutor.java:1093)&#10;        at java.util.concurrent.ScheduledThreadPoolExecutor$DelayedWorkQueue.take(ScheduledThreadPoolExecutor.java:809)&#10;        at java.util.concurrent.ThreadPoolExecutor.getTask(ThreadPoolExecutor.java:1074)&#10;        at java.util.concurrent.ThreadPoolExecutor.runWorker(ThreadPoolExecutor.java:1134)&#10;        at java.util.concurrent.ThreadPoolExecutor$Worker.run(ThreadPoolExecutor.java:624)&#10;        at java.lang.Thread.run(Thread.java:748)&#10;&quot;Datanode ReportManager Thread - 0&quot; daemon prio=5 tid=2187 timed_waiting&#10;java.lang.Thread.State: TIMED_WAITING&#10;        at sun.misc.Unsafe.park(Native Method)&#10;        at java.util.concurrent.locks.LockSupport.parkNanos(LockSupport.java:215)&#10;        at java.util.concurrent.locks.AbstractQueuedSynchronizer$ConditionObject.awaitNanos(AbstractQueuedSynchronizer.java:2078)&#10;        at java.util.concurrent.ScheduledThreadPoolExecutor$DelayedWorkQueue.take(ScheduledThreadPoolExecutor.java:1093)&#10;        at java.util.concurrent.ScheduledThreadPoolExecutor$DelayedWorkQueue.take(ScheduledThreadPoolExecutor.java:809)&#10;        at java.util.concurrent.ThreadPoolExecutor.getTask(ThreadPoolExecutor.java:1074)&#10;        at java.util.concurrent.ThreadPoolExecutor.runWorker(ThreadPoolExecutor.java:1134)&#10;        at java.util.concurrent.ThreadPoolExecutor$Worker.run(ThreadPoolExecutor.java:624)&#10;        at java.lang.Thread.run(Thread.java:748)&#10;&quot;pool-188-thread-34&quot;  prio=5 tid=2558 in Object.wait()&#10;java.lang.Thread.State: WAITING (on object monitor)&#10;        at sun.misc.Unsafe.park(Native Method)&#10;        at java.util.concurrent.locks.LockSupport.park(LockSupport.java:175)&#10;        at java.util.concurrent.locks.AbstractQueuedSynchronizer$ConditionObject.await(AbstractQueuedSynchronizer.java:2039)&#10;        at java.util.concurrent.ArrayBlockingQueue.take(ArrayBlockingQueue.java:403)&#10;        at java.util.concurrent.ThreadPoolExecutor.getTask(ThreadPoolExecutor.java:1074)&#10;        at java.util.concurrent.ThreadPoolExecutor.runWorker(ThreadPoolExecutor.java:1134)&#10;        at java.util.concurrent.ThreadPoolExecutor$Worker.run(ThreadPoolExecutor.java:624)&#10;        at java.lang.Thread.run(Thread.java:748)&#10;&quot;pool-208-thread-46&quot;  prio=5 tid=2694 in Object.wait()&#10;java.lang.Thread.State: WAITING (on object monitor)&#10;        at sun.misc.Unsafe.park(Native Method)&#10;        at java.util.concurrent.locks.LockSupport.park(LockSupport.java:175)&#10;        at java.util.concurrent.locks.AbstractQueuedSynchronizer$ConditionObject.await(AbstractQueuedSynchronizer.java:2039)&#10;        at java.util.concurrent.ArrayBlockingQueue.take(ArrayBlockingQueue.java:403)&#10;        at java.util.concurrent.ThreadPoolExecutor.getTask(ThreadPoolExecutor.java:1074)&#10;        at java.util.concurrent.ThreadPoolExecutor.runWorker(ThreadPoolExecutor.java:1134)&#10;        at java.util.concurrent.ThreadPoolExecutor$Worker.run(ThreadPoolExecutor.java:624)&#10;        at java.lang.Thread.run(Thread.java:748)&#10;&quot;pool-228-thread-22&quot;  prio=5 tid=2794 in Object.wait()&#10;java.lang.Thread.State: WAITING (on object monitor)&#10;        at sun.misc.Unsafe.park(Native Method)&#10;        at java.util.concurrent.locks.LockSupport.park(LockSupport.java:175)&#10;        at java.util.concurrent.locks.AbstractQueuedSynchronizer$ConditionObject.await(AbstractQueuedSynchronizer.java:2039)&#10;        at java.util.concurrent.ArrayBlockingQueue.take(ArrayBlockingQueue.java:403)&#10;        at java.util.concurrent.ThreadPoolExecutor.getTask(ThreadPoolExecutor.java:1074)&#10;        at java.util.concurrent.ThreadPoolExecutor.runWorker(ThreadPoolExecutor.java:1134)&#10;        at java.util.concurrent.ThreadPoolExecutor$Worker.run(ThreadPoolExecutor.java:624)&#10;        at java.lang.Thread.run(Thread.java:748)&#10;&quot;BlockDeletingService#1&quot; daemon prio=5 tid=2772 in Object.wait()&#10;java.lang.Thread.State: WAITING (on object monitor)&#10;        at sun.misc.Unsafe.park(Native Method)&#10;        at java.util.concurrent.locks.LockSupport.park(LockSupport.java:175)&#10;        at java.util.concurrent.locks.AbstractQueuedSynchronizer$ConditionObject.await(AbstractQueuedSynchronizer.java:2039)&#10;        at java.util.concurrent.ScheduledThreadPoolExecutor$DelayedWorkQueue.take(ScheduledThreadPoolExecutor.java:1088)&#10;        at java.util.concurrent.ScheduledThreadPoolExecutor$DelayedWorkQueue.take(ScheduledThreadPoolExecutor.java:809)&#10;        at java.util.concurrent.ThreadPoolExecutor.getTask(ThreadPoolExecutor.java:1074)&#10;        at java.util.concurrent.ThreadPoolExecutor.runWorker(ThreadPoolExecutor.java:1134)&#10;        at java.util.concurrent.ThreadPoolExecutor$Worker.run(ThreadPoolExecutor.java:624)&#10;        at java.lang.Thread.run(Thread.java:748)&#10;&quot;pool-218-thread-14&quot;  prio=5 tid=2724 in Object.wait()&#10;java.lang.Thread.State: WAITING (on object monitor)&#10;        at sun.misc.Unsafe.park(Native Method)&#10;        at java.util.concurrent.locks.LockSupport.park(LockSupport.java:175)&#10;        at java.util.concurrent.locks.AbstractQueuedSynchronizer$ConditionObject.await(AbstractQueuedSynchronizer.java:2039)&#10;        at java.util.concurrent.ArrayBlockingQueue.take(ArrayBlockingQueue.java:403)&#10;        at java.util.concurrent.ThreadPoolExecutor.getTask(ThreadPoolExecutor.java:1074)&#10;        at java.util.concurrent.ThreadPoolExecutor.runWorker(ThreadPoolExecutor.java:1134)&#10;        at java.util.concurrent.ThreadPoolExecutor$Worker.run(ThreadPoolExecutor.java:624)&#10;        at java.lang.Thread.run(Thread.java:748)&#10;&quot;org.eclipse.jetty.server.session.HashSessionManager@414f87a9Timer&quot; daemon prio=5 tid=2183 timed_waiting&#10;java.lang.Thread.State: TIMED_WAITING&#10;        at sun.misc.Unsafe.park(Native Method)&#10;        at java.util.concurrent.locks.LockSupport.parkNanos(LockSupport.java:215)&#10;        at java.util.concurrent.locks.AbstractQueuedSynchronizer$ConditionObject.awaitNanos(AbstractQueuedSynchronizer.java:2078)&#10;        at java.util.concurrent.ScheduledThreadPoolExecutor$DelayedWorkQueue.take(ScheduledThreadPoolExecutor.java:1093)&#10;        at java.util.concurrent.ScheduledThreadPoolExecutor$DelayedWorkQueue.take(ScheduledThreadPoolExecutor.java:809)&#10;        at java.util.concurrent.ThreadPoolExecutor.getTask(ThreadPoolExecutor.java:1074)&#10;        at java.util.concurrent.ThreadPoolExecutor.runWorker(ThreadPoolExecutor.java:1134)&#10;        at java.util.concurrent.ThreadPoolExecutor$Worker.run(ThreadPoolExecutor.java:624)&#10;        at java.lang.Thread.run(Thread.java:748)&#10;&quot;pool-218-thread-10&quot;  prio=5 tid=2720 in Object.wait()&#10;java.lang.Thread.State: WAITING (on object monitor)&#10;        at sun.misc.Unsafe.park(Native Method)&#10;        at java.util.concurrent.locks.LockSupport.park(LockSupport.java:175)&#10;        at java.util.concurrent.locks.AbstractQueuedSynchronizer$ConditionObject.await(AbstractQueuedSynchronizer.java:2039)&#10;        at java.util.concurrent.ArrayBlockingQueue.take(ArrayBlockingQueue.java:403)&#10;        at java.util.concurrent.ThreadPoolExecutor.getTask(ThreadPoolExecutor.java:1074)&#10;        at java.util.concurrent.ThreadPoolExecutor.runWorker(ThreadPoolExecutor.java:1134)&#10;        at java.util.concurrent.ThreadPoolExecutor$Worker.run(ThreadPoolExecutor.java:624)&#10;        at java.lang.Thread.run(Thread.java:748)&#10;&quot;pool-162-thread-1&quot;  prio=5 tid=2039 timed_waiting&#10;java.lang.Thread.State: TIMED_WAITING&#10;        at sun.misc.Unsafe.park(Native Method)&#10;        at java.util.concurrent.locks.LockSupport.parkNanos(LockSupport.java:215)&#10;        at java.util.concurrent.locks.AbstractQueuedSynchronizer$ConditionObject.awaitNanos(AbstractQueuedSynchronizer.java:2078)&#10;        at java.util.concurrent.ScheduledThreadPoolExecutor$DelayedWorkQueue.take(ScheduledThreadPoolExecutor.java:1093)&#10;        at java.util.concurrent.ScheduledThreadPoolExecutor$DelayedWorkQueue.take(ScheduledThreadPoolExecutor.java:809)&#10;        at java.util.concurrent.ThreadPoolExecutor.getTask(ThreadPoolExecutor.java:1074)&#10;        at java.util.concurrent.ThreadPoolExecutor.runWorker(ThreadPoolExecutor.java:1134)&#10;        at java.util.concurrent.ThreadPoolExecutor$Worker.run(ThreadPoolExecutor.java:624)&#10;        at java.lang.Thread.run(Thread.java:748)&#10;&quot;org.eclipse.jetty.server.session.HashSessionManager@b61edb9Timer&quot; daemon prio=5 tid=2131 timed_waiting&#10;java.lang.Thread.State: TIMED_WAITING&#10;        at sun.misc.Unsafe.park(Native Method)&#10;        at java.util.concurrent.locks.LockSupport.parkNanos(LockSupport.java:215)&#10;        at java.util.concurrent.locks.AbstractQueuedSynchronizer$ConditionObject.awaitNanos(AbstractQueuedSynchronizer.java:2078)&#10;        at java.util.concurrent.ScheduledThreadPoolExecutor$DelayedWorkQueue.take(ScheduledThreadPoolExecutor.java:1093)&#10;        at java.util.concurrent.ScheduledThreadPoolExecutor$DelayedWorkQueue.take(ScheduledThreadPoolExecutor.java:809)&#10;        at java.util.concurrent.ThreadPoolExecutor.getTask(ThreadPoolExecutor.java:1074)&#10;        at java.util.concurrent.ThreadPoolExecutor.runWorker(ThreadPoolExecutor.java:1134)&#10;        at java.util.concurrent.ThreadPoolExecutor$Worker.run(ThreadPoolExecutor.java:624)&#10;        at java.lang.Thread.run(Thread.java:748)&#10;&quot;EventQueue-PipelineReportForPipelineReportHandler&quot; daemon prio=5 tid=2902 in Object.wait()&#10;java.lang.Thread.State: WAITING (on object monitor)&#10;        at sun.misc.Unsafe.park(Native Method)&#10;        at java.util.concurrent.locks.LockSupport.park(LockSupport.java:175)&#10;        at java.util.concurrent.locks.AbstractQueuedSynchronizer$ConditionObject.await(AbstractQueuedSynchronizer.java:2039)&#10;        at java.util.concurrent.LinkedBlockingQueue.take(LinkedBlockingQueue.java:442)&#10;        at java.util.concurrent.ThreadPoolExecutor.getTask(ThreadPoolExecutor.java:1074)&#10;        at java.util.concurrent.ThreadPoolExecutor.runWorker(ThreadPoolExecutor.java:1134)&#10;        at java.util.concurrent.ThreadPoolExecutor$Worker.run(ThreadPoolExecutor.java:624)&#10;        at java.lang.Thread.run(Thread.java:748)&#10;&quot;9ac24c7e-7e4f-4cef-ab0e-298cb71ae60d@group-D08F3DBE2A41-SegmentedRaftLogWorker&quot;  prio=5 tid=3142 timed_waiting&#10;java.lang.Thread.State: TIMED_WAITING&#10;        at sun.misc.Unsafe.park(Native Method)&#10;        at java.util.concurrent.locks.LockSupport.parkNanos(LockSupport.java:215)&#10;        at java.util.concurrent.locks.AbstractQueuedSynchronizer$ConditionObject.awaitNanos(AbstractQueuedSynchronizer.java:2078)&#10;        at org.apache.ratis.util.DataBlockingQueue.poll(DataBlockingQueue.java:137)&#10;        at org.apache.ratis.server.raftlog.segmented.SegmentedRaftLogWorker.run(SegmentedRaftLogWorker.java:282)&#10;        at java.lang.Thread.run(Thread.java:748)&#10;&quot;pool-218-thread-37&quot;  prio=5 tid=2747 in Object.wait()&#10;java.lang.Thread.State: WAITING (on object monitor)&#10;        at sun.misc.Unsafe.park(Native Method)&#10;        at java.util.concurrent.locks.LockSupport.park(LockSupport.java:175)&#10;        at java.util.concurrent.locks.AbstractQueuedSynchronizer$ConditionObject.await(AbstractQueuedSynchronizer.java:2039)&#10;        at java.util.concurrent.ArrayBlockingQueue.take(ArrayBlockingQueue.java:403)&#10;        at java.util.concurrent.ThreadPoolExecutor.getTask(ThreadPoolExecutor.java:1074)&#10;        at java.util.concurrent.ThreadPoolExecutor.runWorker(ThreadPoolExecutor.java:1134)&#10;        at java.util.concurrent.ThreadPoolExecutor$Worker.run(ThreadPoolExecutor.java:624)&#10;        at java.lang.Thread.run(Thread.java:748)&#10;&quot;IPC Parameter Sending Thread #0&quot; daemon prio=5 tid=105 timed_waiting&#10;java.lang.Thread.State: TIMED_WAITING&#10;        at sun.misc.Unsafe.park(Native Method)&#10;        at java.util.concurrent.locks.LockSupport.parkNanos(LockSupport.java:215)&#10;        at java.util.concurrent.SynchronousQueue$TransferStack.awaitFulfill(SynchronousQueue.java:460)&#10;        at java.util.concurrent.SynchronousQueue$TransferStack.transfer(SynchronousQueue.java:362)&#10;        at java.util.concurrent.SynchronousQueue.poll(SynchronousQueue.java:941)&#10;        at java.util.concurrent.ThreadPoolExecutor.getTask(ThreadPoolExecutor.java:1073)&#10;        at java.util.concurrent.ThreadPoolExecutor.runWorker(ThreadPoolExecutor.java:1134)&#10;        at java.util.concurrent.ThreadPoolExecutor$Worker.run(ThreadPoolExecutor.java:624)&#10;        at java.lang.Thread.run(Thread.java:748)&#10;&quot;pool-148-thread-51&quot;  prio=5 tid=2326 in Object.wait()&#10;java.lang.Thread.State: WAITING (on object monitor)&#10;        at sun.misc.Unsafe.park(Native Method)&#10;        at java.util.concurrent.locks.LockSupport.park(LockSupport.java:175)&#10;        at java.util.concurrent.locks.AbstractQueuedSynchronizer$ConditionObject.await(AbstractQueuedSynchronizer.java:2039)&#10;        at java.util.concurrent.ArrayBlockingQueue.take(ArrayBlockingQueue.java:403)&#10;        at java.util.concurrent.ThreadPoolExecutor.getTask(ThreadPoolExecutor.java:1074)&#10;        at java.util.concurrent.ThreadPoolExecutor.runWorker(ThreadPoolExecutor.java:1134)&#10;        at java.util.concurrent.ThreadPoolExecutor$Worker.run(ThreadPoolExecutor.java:624)&#10;        at java.lang.Thread.run(Thread.java:748)&#10;&quot;8692cc3a-c5e2-4bd5-b878-b8217203f52e@group-1DD6D94E4861-SegmentedRaftLogWorker&quot;  prio=5 tid=3173 timed_waiting&#10;java.lang.Thread.State: TIMED_WAITING&#10;        at sun.misc.Unsafe.park(Native Method)&#10;        at java.util.concurrent.locks.LockSupport.parkNanos(LockSupport.java:215)&#10;        at java.util.concurrent.locks.AbstractQueuedSynchronizer$ConditionObject.awaitNanos(AbstractQueuedSynchronizer.java:2078)&#10;        at org.apache.ratis.util.DataBlockingQueue.poll(DataBlockingQueue.java:137)&#10;        at org.apache.ratis.server.raftlog.segmented.SegmentedRaftLogWorker.run(SegmentedRaftLogWorker.java:282)&#10;        at java.lang.Thread.run(Thread.java:748)&#10;&quot;OMDoubleBufferFlushThread&quot; daemon prio=5 tid=1964 timed_waiting&#10;java.lang.Thread.State: TIMED_WAITING&#10;        at java.lang.Object.wait(Native Method)&#10;        at org.apache.hadoop.ozone.om.ratis.OzoneManagerDoubleBuffer.canFlush(OzoneManagerDoubleBuffer.java:333)&#10;        at org.apache.hadoop.ozone.om.ratis.OzoneManagerDoubleBuffer.flushTransactions(OzoneManagerDoubleBuffer.java:130)&#10;        at org.apache.hadoop.ozone.om.ratis.OzoneManagerDoubleBuffer$$Lambda$48/1914740115.run(Unknown Source)&#10;        at java.lang.Thread.run(Thread.java:748)&#10;&quot;pool-208-thread-36&quot;  prio=5 tid=2684 in Object.wait()&#10;java.lang.Thread.State: WAITING (on object monitor)&#10;        at sun.misc.Unsafe.park(Native Method)&#10;        at java.util.concurrent.locks.LockSupport.park(LockSupport.java:175)&#10;        at java.util.concurrent.locks.AbstractQueuedSynchronizer$ConditionObject.await(AbstractQueuedSynchronizer.java:2039)&#10;        at java.util.concurrent.ArrayBlockingQueue.take(ArrayBlockingQueue.java:403)&#10;        at java.util.concurrent.ThreadPoolExecutor.getTask(ThreadPoolExecutor.java:1074)&#10;        at java.util.concurrent.ThreadPoolExecutor.runWorker(ThreadPoolExecutor.java:1134)&#10;        at java.util.concurrent.ThreadPoolExecutor$Worker.run(ThreadPoolExecutor.java:624)&#10;        at java.lang.Thread.run(Thread.java:748)&#10;&quot;pool-188-thread-12&quot;  prio=5 tid=2536 in Object.wait()&#10;java.lang.Thread.State: WAITING (on object monitor)&#10;        at sun.misc.Unsafe.park(Native Method)&#10;        at java.util.concurrent.locks.LockSupport.park(LockSupport.java:175)&#10;        at java.util.concurrent.locks.AbstractQueuedSynchronizer$ConditionObject.await(AbstractQueuedSynchronizer.java:2039)&#10;        at java.util.concurrent.ArrayBlockingQueue.take(ArrayBlockingQueue.java:403)&#10;        at java.util.concurrent.ThreadPoolExecutor.getTask(ThreadPoolExecutor.java:1074)&#10;        at java.util.concurrent.ThreadPoolExecutor.runWorker(ThreadPoolExecutor.java:1134)&#10;        at java.util.concurrent.ThreadPoolExecutor$Worker.run(ThreadPoolExecutor.java:624)&#10;        at java.lang.Thread.run(Thread.java:748)&#10;&quot;pool-198-thread-5&quot;  prio=5 tid=2591 in Object.wait()&#10;java.lang.Thread.State: WAITING (on object monitor)&#10;        at sun.misc.Unsafe.park(Native Method)&#10;        at java.util.concurrent.locks.LockSupport.park(LockSupport.java:175)&#10;        at java.util.concurrent.locks.AbstractQueuedSynchronizer$ConditionObject.await(AbstractQueuedSynchronizer.java:2039)&#10;        at java.util.concurrent.ArrayBlockingQueue.take(ArrayBlockingQueue.java:403)&#10;        at java.util.concurrent.ThreadPoolExecutor.getTask(ThreadPoolExecutor.java:1074)&#10;        at java.util.concurrent.ThreadPoolExecutor.runWorker(ThreadPoolExecutor.java:1134)&#10;        at java.util.concurrent.ThreadPoolExecutor$Worker.run(ThreadPoolExecutor.java:624)&#10;        at java.lang.Thread.run(Thread.java:748)&#10;&quot;pool-188-thread-26&quot;  prio=5 tid=2550 in Object.wait()&#10;java.lang.Thread.State: WAITING (on object monitor)&#10;        at sun.misc.Unsafe.park(Native Method)&#10;        at java.util.concurrent.locks.LockSupport.park(LockSupport.java:175)&#10;        at java.util.concurrent.locks.AbstractQueuedSynchronizer$ConditionObject.await(AbstractQueuedSynchronizer.java:2039)&#10;        at java.util.concurrent.ArrayBlockingQueue.take(ArrayBlockingQueue.java:403)&#10;        at java.util.concurrent.ThreadPoolExecutor.getTask(ThreadPoolExecutor.java:1074)&#10;        at java.util.concurrent.ThreadPoolExecutor.runWorker(ThreadPoolExecutor.java:1134)&#10;        at java.util.concurrent.ThreadPoolExecutor$Worker.run(ThreadPoolExecutor.java:624)&#10;        at java.lang.Thread.run(Thread.java:748)&#10;&quot;pool-168-thread-37&quot;  prio=5 tid=2437 in Object.wait()&#10;java.lang.Thread.State: WAITING (on object monitor)&#10;        at sun.misc.Unsafe.park(Native Method)&#10;        at java.util.concurrent.locks.LockSupport.park(LockSupport.java:175)&#10;        at java.util.concurrent.locks.AbstractQueuedSynchronizer$ConditionObject.await(AbstractQueuedSynchronizer.java:2039)&#10;        at java.util.concurrent.ArrayBlockingQueue.take(ArrayBlockingQueue.java:403)&#10;        at java.util.concurrent.ThreadPoolExecutor.getTask(ThreadPoolExecutor.java:1074)&#10;        at java.util.concurrent.ThreadPoolExecutor.runWorker(ThreadPoolExecutor.java:1134)&#10;        at java.util.concurrent.ThreadPoolExecutor$Worker.run(ThreadPoolExecutor.java:624)&#10;        at java.lang.Thread.run(Thread.java:748)&#10;&quot;qtp83554564-2260&quot; daemon prio=5 tid=2260 timed_waiting&#10;java.lang.Thread.State: TIMED_WAITING&#10;        at sun.misc.Unsafe.park(Native Method)&#10;        at java.util.concurrent.locks.LockSupport.parkNanos(LockSupport.java:215)&#10;        at java.util.concurrent.locks.AbstractQueuedSynchronizer$ConditionObject.awaitNanos(AbstractQueuedSynchronizer.java:2078)&#10;        at org.eclipse.jetty.util.BlockingArrayQueue.poll(BlockingArrayQueue.java:392)&#10;        at org.eclipse.jetty.util.thread.QueuedThreadPool.idleJobPoll(QueuedThreadPool.java:563)&#10;        at org.eclipse.jetty.util.thread.QueuedThreadPool.access$800(QueuedThreadPool.java:48)&#10;        at org.eclipse.jetty.util.thread.QueuedThreadPool$2.run(QueuedThreadPool.java:626)&#10;        at java.lang.Thread.run(Thread.java:748)&#10;&quot;pool-159-thread-1&quot;  prio=5 tid=2912 in Object.wait()&#10;java.lang.Thread.State: WAITING (on object monitor)&#10;        at sun.misc.Unsafe.park(Native Method)&#10;        at java.util.concurrent.locks.LockSupport.park(LockSupport.java:175)&#10;        at java.util.concurrent.locks.AbstractQueuedSynchronizer$ConditionObject.await(AbstractQueuedSynchronizer.java:2039)&#10;        at java.util.concurrent.LinkedBlockingQueue.take(LinkedBlockingQueue.java:442)&#10;        at java.util.concurrent.ThreadPoolExecutor.getTask(ThreadPoolExecutor.java:1074)&#10;        at java.util.concurrent.ThreadPoolExecutor.runWorker(ThreadPoolExecutor.java:1134)&#10;        at java.util.concurrent.ThreadPoolExecutor$Worker.run(ThreadPoolExecutor.java:624)&#10;        at java.lang.Thread.run(Thread.java:748)&#10;&quot;org.apache.hadoop.util.JvmPauseMonitor$Monitor@5ea12c40&quot; daemon prio=5 tid=2030 timed_waiting&#10;java.lang.Thread.State: TIMED_WAITING&#10;        at java.lang.Thread.sleep(Native Method)&#10;        at org.apache.hadoop.util.JvmPauseMonitor$Monitor.run(JvmPauseMonitor.java:192)&#10;        at java.lang.Thread.run(Thread.java:748)&#10;&quot;org.eclipse.jetty.server.session.HashSessionManager@d48e998Timer&quot; daemon prio=5 tid=2077 timed_waiting&#10;java.lang.Thread.State: TIMED_WAITING&#10;        at sun.misc.Unsafe.park(Native Method)&#10;        at java.util.concurrent.locks.LockSupport.parkNanos(LockSupport.java:215)&#10;        at java.util.concurrent.locks.AbstractQueuedSynchronizer$ConditionObject.awaitNanos(AbstractQueuedSynchronizer.java:2078)&#10;        at java.util.concurrent.ScheduledThreadPoolExecutor$DelayedWorkQueue.take(ScheduledThreadPoolExecutor.java:1093)&#10;        at java.util.concurrent.ScheduledThreadPoolExecutor$DelayedWorkQueue.take(ScheduledThreadPoolExecutor.java:809)&#10;        at java.util.concurrent.ThreadPoolExecutor.getTask(ThreadPoolExecutor.java:1074)&#10;        at java.util.concurrent.ThreadPoolExecutor.runWorker(ThreadPoolExecutor.java:1134)&#10;        at java.util.concurrent.ThreadPoolExecutor$Worker.run(ThreadPoolExecutor.java:624)&#10;        at java.lang.Thread.run(Thread.java:748)&#10;&quot;pool-168-thread-29&quot;  prio=5 tid=2429 in Object.wait()&#10;java.lang.Thread.State: WAITING (on object monitor)&#10;        at sun.misc.Unsafe.park(Native Method)&#10;        at java.util.concurrent.locks.LockSupport.park(LockSupport.java:175)&#10;        at java.util.concurrent.locks.AbstractQueuedSynchronizer$ConditionObject.await(AbstractQueuedSynchronizer.java:2039)&#10;        at java.util.concurrent.ArrayBlockingQueue.take(ArrayBlockingQueue.java:403)&#10;        at java.util.concurrent.ThreadPoolExecutor.getTask(ThreadPoolExecutor.java:1074)&#10;        at java.util.concurrent.ThreadPoolExecutor.runWorker(ThreadPoolExecutor.java:1134)&#10;        at java.util.concurrent.ThreadPoolExecutor$Worker.run(ThreadPoolExecutor.java:624)&#10;        at java.lang.Thread.run(Thread.java:748)&#10;&quot;pool-238-thread-26&quot;  prio=5 tid=2860 in Object.wait()&#10;java.lang.Thread.State: WAITING (on object monitor)&#10;        at sun.misc.Unsafe.park(Native Method)&#10;        at java.util.concurrent.locks.LockSupport.park(LockSupport.java:175)&#10;        at java.util.concurrent.locks.AbstractQueuedSynchronizer$ConditionObject.await(AbstractQueuedSynchronizer.java:2039)&#10;        at java.util.concurrent.ArrayBlockingQueue.take(ArrayBlockingQueue.java:403)&#10;        at java.util.concurrent.ThreadPoolExecutor.getTask(ThreadPoolExecutor.java:1074)&#10;        at java.util.concurrent.ThreadPoolExecutor.runWorker(ThreadPoolExecutor.java:1134)&#10;        at java.util.concurrent.ThreadPoolExecutor$Worker.run(ThreadPoolExecutor.java:624)&#10;        at java.lang.Thread.run(Thread.java:748)&#10;&quot;pool-188-thread-21&quot;  prio=5 tid=2545 in Object.wait()&#10;java.lang.Thread.State: WAITING (on object monitor)&#10;        at sun.misc.Unsafe.park(Native Method)&#10;        at java.util.concurrent.locks.LockSupport.park(LockSupport.java:175)&#10;        at java.util.concurrent.locks.AbstractQueuedSynchronizer$ConditionObject.await(AbstractQueuedSynchronizer.java:2039)&#10;        at java.util.concurrent.ArrayBlockingQueue.take(ArrayBlockingQueue.java:403)&#10;        at java.util.concurrent.ThreadPoolExecutor.getTask(ThreadPoolExecutor.java:1074)&#10;        at java.util.concurrent.ThreadPoolExecutor.runWorker(ThreadPoolExecutor.java:1134)&#10;        at java.util.concurrent.ThreadPoolExecutor$Worker.run(ThreadPoolExecutor.java:624)&#10;        at java.lang.Thread.run(Thread.java:748)&#10;&quot;pool-228-thread-30&quot;  prio=5 tid=2802 in Object.wait()&#10;java.lang.Thread.State: WAITING (on object monitor)&#10;        at sun.misc.Unsafe.park(Native Method)&#10;        at java.util.concurrent.locks.LockSupport.park(LockSupport.java:175)&#10;        at java.util.concurrent.locks.AbstractQueuedSynchronizer$ConditionObject.await(AbstractQueuedSynchronizer.java:2039)&#10;        at java.util.concurrent.ArrayBlockingQueue.take(ArrayBlockingQueue.java:403)&#10;        at java.util.concurrent.ThreadPoolExecutor.getTask(ThreadPoolExecutor.java:1074)&#10;        at java.util.concurrent.ThreadPoolExecutor.runWorker(ThreadPoolExecutor.java:1134)&#10;        at java.util.concurrent.ThreadPoolExecutor$Worker.run(ThreadPoolExecutor.java:624)&#10;        at java.lang.Thread.run(Thread.java:748)&#10;&quot;pool-168-thread-10&quot;  prio=5 tid=2410 in Object.wait()&#10;java.lang.Thread.State: WAITING (on object monitor)&#10;        at sun.misc.Unsafe.park(Native Method)&#10;        at java.util.concurrent.locks.LockSupport.park(LockSupport.java:175)&#10;        at java.util.concurrent.locks.AbstractQueuedSynchronizer$ConditionObject.await(AbstractQueuedSynchronizer.java:2039)&#10;        at java.util.concurrent.ArrayBlockingQueue.take(ArrayBlockingQueue.java:403)&#10;        at java.util.concurrent.ThreadPoolExecutor.getTask(ThreadPoolExecutor.java:1074)&#10;        at java.util.concurrent.ThreadPoolExecutor.runWorker(ThreadPoolExecutor.java:1134)&#10;        at java.util.concurrent.ThreadPoolExecutor$Worker.run(ThreadPoolExecutor.java:624)&#10;        at java.lang.Thread.run(Thread.java:748)&#10;&quot;eccb109f-99d1-4501-bb16-6ecf49b3cdca@group-F658B4985483-SegmentedRaftLogWorker&quot;  prio=5 tid=3160 timed_waiting&#10;java.lang.Thread.State: TIMED_WAITING&#10;        at sun.misc.Unsafe.park(Native Method)&#10;        at java.util.concurrent.locks.LockSupport.parkNanos(LockSupport.java:215)&#10;        at java.util.concurrent.locks.AbstractQueuedSynchronizer$ConditionObject.awaitNanos(AbstractQueuedSynchronizer.java:2078)&#10;        at org.apache.ratis.util.DataBlockingQueue.poll(DataBlockingQueue.java:137)&#10;        at org.apache.ratis.server.raftlog.segmented.SegmentedRaftLogWorker.run(SegmentedRaftLogWorker.java:282)&#10;        at java.lang.Thread.run(Thread.java:748)&#10;&quot;org.eclipse.jetty.server.session.HashSessionManager@2bc7db89Timer&quot; daemon prio=5 tid=2237 timed_waiting&#10;java.lang.Thread.State: TIMED_WAITING&#10;        at sun.misc.Unsafe.park(Native Method)&#10;        at java.util.concurrent.locks.LockSupport.parkNanos(LockSupport.java:215)&#10;        at java.util.concurrent.locks.AbstractQueuedSynchronizer$ConditionObject.awaitNanos(AbstractQueuedSynchronizer.java:2078)&#10;        at java.util.concurrent.ScheduledThreadPoolExecutor$DelayedWorkQueue.take(ScheduledThreadPoolExecutor.java:1093)&#10;        at java.util.concurrent.ScheduledThreadPoolExecutor$DelayedWorkQueue.take(ScheduledThreadPoolExecutor.java:809)&#10;        at java.util.concurrent.ThreadPoolExecutor.getTask(ThreadPoolExecutor.java:1074)&#10;        at java.util.concurrent.ThreadPoolExecutor.runWorker(ThreadPoolExecutor.java:1134)&#10;        at java.util.concurrent.ThreadPoolExecutor$Worker.run(ThreadPoolExecutor.java:624)&#10;        at java.lang.Thread.run(Thread.java:748)&#10;&quot;qtp1583082378-2232&quot; daemon prio=5 tid=2232 timed_waiting&#10;java.lang.Thread.State: TIMED_WAITING&#10;        at sun.misc.Unsafe.park(Native Method)&#10;        at java.util.concurrent.locks.LockSupport.parkNanos(LockSupport.java:215)&#10;        at java.util.concurrent.locks.AbstractQueuedSynchronizer$ConditionObject.awaitNanos(AbstractQueuedSynchronizer.java:2078)&#10;        at org.eclipse.jetty.util.BlockingArrayQueue.poll(BlockingArrayQueue.java:392)&#10;        at org.eclipse.jetty.util.thread.QueuedThreadPool.idleJobPoll(QueuedThreadPool.java:563)&#10;        at org.eclipse.jetty.util.thread.QueuedThreadPool.access$800(QueuedThreadPool.java:48)&#10;        at org.eclipse.jetty.util.thread.QueuedThreadPool$2.run(QueuedThreadPool.java:626)&#10;        at java.lang.Thread.run(Thread.java:748)&#10;&quot;qtp457245448-2095-acceptor-0@32c4363c-ServerConnector@60a7e509{HTTP/1.1,[http/1.1]}{0.0.0.0:45198}&quot; daemon prio=3 tid=2095 runnable&#10;java.lang.Thread.State: RUNNABLE&#10;        at sun.nio.ch.ServerSocketChannelImpl.accept0(Native Method)&#10;        at sun.nio.ch.ServerSocketChannelImpl.accept(ServerSocketChannelImpl.java:422)&#10;        at sun.nio.ch.ServerSocketChannelImpl.accept(ServerSocketChannelImpl.java:250)&#10;        at org.eclipse.jetty.server.ServerConnector.accept(ServerConnector.java:397)&#10;        at org.eclipse.jetty.server.AbstractConnector$Acceptor.run(AbstractConnector.java:601)&#10;        at org.eclipse.jetty.util.thread.QueuedThreadPool.runJob(QueuedThreadPool.java:671)&#10;        at org.eclipse.jetty.util.thread.QueuedThreadPool$2.run(QueuedThreadPool.java:589)&#10;        at java.lang.Thread.run(Thread.java:748)&#10;&quot;pool-198-thread-13&quot;  prio=5 tid=2599 in Object.wait()&#10;java.lang.Thread.State: WAITING (on object monitor)&#10;        at sun.misc.Unsafe.park(Native Method)&#10;        at java.util.concurrent.locks.LockSupport.park(LockSupport.java:175)&#10;        at java.util.concurrent.locks.AbstractQueuedSynchronizer$ConditionObject.await(AbstractQueuedSynchronizer.java:2039)&#10;        at java.util.concurrent.ArrayBlockingQueue.take(ArrayBlockingQueue.java:403)&#10;        at java.util.concurrent.ThreadPoolExecutor.getTask(ThreadPoolExecutor.java:1074)&#10;        at java.util.concurrent.ThreadPoolExecutor.runWorker(ThreadPoolExecutor.java:1134)&#10;        at java.util.concurrent.ThreadPoolExecutor$Worker.run(ThreadPoolExecutor.java:624)&#10;        at java.lang.Thread.run(Thread.java:748)&#10;&quot;pool-158-thread-45&quot;  prio=5 tid=2383 in Object.wait()&#10;java.lang.Thread.State: WAITING (on object monitor)&#10;        at sun.misc.Unsafe.park(Native Method)&#10;        at java.util.concurrent.locks.LockSupport.park(LockSupport.java:175)&#10;        at java.util.concurrent.locks.AbstractQueuedSynchronizer$ConditionObject.await(AbstractQueuedSynchronizer.java:2039)&#10;        at java.util.concurrent.ArrayBlockingQueue.take(ArrayBlockingQueue.java:403)&#10;        at java.util.concurrent.ThreadPoolExecutor.getTask(ThreadPoolExecutor.java:1074)&#10;        at java.util.concurrent.ThreadPoolExecutor.runWorker(ThreadPoolExecutor.java:1134)&#10;        at java.util.concurrent.ThreadPoolExecutor$Worker.run(ThreadPoolExecutor.java:624)&#10;        at java.lang.Thread.run(Thread.java:748)&#10;&quot;pool-158-thread-43&quot;  prio=5 tid=2381 in Object.wait()&#10;java.lang.Thread.State: WAITING (on object monitor)&#10;        at sun.misc.Unsafe.park(Native Method)&#10;        at java.util.concurrent.locks.LockSupport.park(LockSupport.java:175)&#10;        at java.util.concurrent.locks.AbstractQueuedSynchronizer$ConditionObject.await(AbstractQueuedSynchronizer.java:2039)&#10;        at java.util.concurrent.ArrayBlockingQueue.take(ArrayBlockingQueue.java:403)&#10;        at java.util.concurrent.ThreadPoolExecutor.getTask(ThreadPoolExecutor.java:1074)&#10;        at java.util.concurrent.ThreadPoolExecutor.runWorker(ThreadPoolExecutor.java:1134)&#10;        at java.util.concurrent.ThreadPoolExecutor$Worker.run(ThreadPoolExecutor.java:624)&#10;        at java.lang.Thread.run(Thread.java:748)&#10;&quot;pool-198-thread-4&quot;  prio=5 tid=2590 in Object.wait()&#10;java.lang.Thread.State: WAITING (on object monitor)&#10;        at sun.misc.Unsafe.park(Native Method)&#10;        at java.util.concurrent.locks.LockSupport.park(LockSupport.java:175)&#10;        at java.util.concurrent.locks.AbstractQueuedSynchronizer$ConditionObject.await(AbstractQueuedSynchronizer.java:2039)&#10;        at java.util.concurrent.ArrayBlockingQueue.take(ArrayBlockingQueue.java:403)&#10;        at java.util.concurrent.ThreadPoolExecutor.getTask(ThreadPoolExecutor.java:1074)&#10;        at java.util.concurrent.ThreadPoolExecutor.runWorker(ThreadPoolExecutor.java:1134)&#10;        at java.util.concurrent.ThreadPoolExecutor$Worker.run(ThreadPoolExecutor.java:624)&#10;        at java.lang.Thread.run(Thread.java:748)&#10;&quot;PartialTableCache Cleanup Thread - 0&quot; daemon prio=5 tid=1338 in Object.wait()&#10;java.lang.Thread.State: WAITING (on object monitor)&#10;        at sun.misc.Unsafe.park(Native Method)&#10;        at java.util.concurrent.locks.LockSupport.park(LockSupport.java:175)&#10;        at java.util.concurrent.locks.AbstractQueuedSynchronizer$ConditionObject.await(AbstractQueuedSynchronizer.java:2039)&#10;        at java.util.concurrent.LinkedBlockingQueue.take(LinkedBlockingQueue.java:442)&#10;        at java.util.concurrent.ThreadPoolExecutor.getTask(ThreadPoolExecutor.java:1074)&#10;        at java.util.concurrent.ThreadPoolExecutor.runWorker(ThreadPoolExecutor.java:1134)&#10;        at java.util.concurrent.ThreadPoolExecutor$Worker.run(ThreadPoolExecutor.java:624)&#10;        at java.lang.Thread.run(Thread.java:748)&#10;&quot;pool-178-thread-24&quot;  prio=5 tid=2486 in Object.wait()&#10;java.lang.Thread.State: WAITING (on object monitor)&#10;        at sun.misc.Unsafe.park(Native Method)&#10;        at java.util.concurrent.locks.LockSupport.park(LockSupport.java:175)&#10;        at java.util.concurrent.locks.AbstractQueuedSynchronizer$ConditionObject.await(AbstractQueuedSynchronizer.java:2039)&#10;        at java.util.concurrent.ArrayBlockingQueue.take(ArrayBlockingQueue.java:403)&#10;        at java.util.concurrent.ThreadPoolExecutor.getTask(ThreadPoolExecutor.java:1074)&#10;        at java.util.concurrent.ThreadPoolExecutor.runWorker(ThreadPoolExecutor.java:1134)&#10;        at java.util.concurrent.ThreadPoolExecutor$Worker.run(ThreadPoolExecutor.java:624)&#10;        at java.lang.Thread.run(Thread.java:748)&#10;&quot;pool-168-thread-54&quot;  prio=5 tid=2454 in Object.wait()&#10;java.lang.Thread.State: WAITING (on object monitor)&#10;        at sun.misc.Unsafe.park(Native Method)&#10;        at java.util.concurrent.locks.LockSupport.park(LockSupport.java:175)&#10;        at java.util.concurrent.locks.AbstractQueuedSynchronizer$ConditionObject.await(AbstractQueuedSynchronizer.java:2039)&#10;        at java.util.concurrent.ArrayBlockingQueue.take(ArrayBlockingQueue.java:403)&#10;        at java.util.concurrent.ThreadPoolExecutor.getTask(ThreadPoolExecutor.java:1074)&#10;        at java.util.concurrent.ThreadPoolExecutor.runWorker(ThreadPoolExecutor.java:1134)&#10;        at java.util.concurrent.ThreadPoolExecutor$Worker.run(ThreadPoolExecutor.java:624)&#10;        at java.lang.Thread.run(Thread.java:748)&#10;&quot;pool-148-thread-54&quot;  prio=5 tid=2329 in Object.wait()&#10;java.lang.Thread.State: WAITING (on object monitor)&#10;        at sun.misc.Unsafe.park(Native Method)&#10;        at java.util.concurrent.locks.LockSupport.park(LockSupport.java:175)&#10;        at java.util.concurrent.locks.AbstractQueuedSynchronizer$ConditionObject.await(AbstractQueuedSynchronizer.java:2039)&#10;        at java.util.concurrent.ArrayBlockingQueue.take(ArrayBlockingQueue.java:403)&#10;        at java.util.concurrent.ThreadPoolExecutor.getTask(ThreadPoolExecutor.java:1074)&#10;        at java.util.concurrent.ThreadPoolExecutor.runWorker(ThreadPoolExecutor.java:1134)&#10;        at java.util.concurrent.ThreadPoolExecutor$Worker.run(ThreadPoolExecutor.java:624)&#10;        at java.lang.Thread.run(Thread.java:748)&#10;&quot;qtp843410864-2179&quot; daemon prio=5 tid=2179 timed_waiting&#10;java.lang.Thread.State: TIMED_WAITING&#10;        at sun.misc.Unsafe.park(Native Method)&#10;        at java.util.concurrent.locks.LockSupport.parkNanos(LockSupport.java:215)&#10;        at java.util.concurrent.locks.AbstractQueuedSynchronizer$ConditionObject.awaitNanos(AbstractQueuedSynchronizer.java:2078)&#10;        at org.eclipse.jetty.util.BlockingArrayQueue.poll(BlockingArrayQueue.java:392)&#10;        at org.eclipse.jetty.util.thread.QueuedThreadPool.idleJobPoll(QueuedThreadPool.java:563)&#10;        at org.eclipse.jetty.util.thread.QueuedThreadPool.access$800(QueuedThreadPool.java:48)&#10;        at org.eclipse.jetty.util.thread.QueuedThreadPool$2.run(QueuedThreadPool.java:626)&#10;        at java.lang.Thread.run(Thread.java:748)&#10;&quot;pool-188-thread-53&quot;  prio=5 tid=2577 in Object.wait()&#10;java.lang.Thread.State: WAITING (on object monitor)&#10;        at sun.misc.Unsafe.park(Native Method)&#10;        at java.util.concurrent.locks.LockSupport.park(LockSupport.java:175)&#10;        at java.util.concurrent.locks.AbstractQueuedSynchronizer$ConditionObject.await(AbstractQueuedSynchronizer.java:2039)&#10;        at java.util.concurrent.ArrayBlockingQueue.take(ArrayBlockingQueue.java:403)&#10;        at java.util.concurrent.ThreadPoolExecutor.getTask(ThreadPoolExecutor.java:1074)&#10;        at java.util.concurrent.ThreadPoolExecutor.runWorker(ThreadPoolExecutor.java:1134)&#10;        at java.util.concurrent.ThreadPoolExecutor$Worker.run(ThreadPoolExecutor.java:624)&#10;        at java.lang.Thread.run(Thread.java:748)&#10;&quot;qtp2120404899-2149-acceptor-0@61329685-ServerConnector@68b366e2{HTTP/1.1,[http/1.1]}{0.0.0.0:33085}&quot; daemon prio=3 tid=2149 runnable&#10;java.lang.Thread.State: RUNNABLE&#10;        at sun.nio.ch.ServerSocketChannelImpl.accept0(Native Method)&#10;        at sun.nio.ch.ServerSocketChannelImpl.accept(ServerSocketChannelImpl.java:422)&#10;        at sun.nio.ch.ServerSocketChannelImpl.accept(ServerSocketChannelImpl.java:250)&#10;        at org.eclipse.jetty.server.ServerConnector.accept(ServerConnector.java:397)&#10;        at org.eclipse.jetty.server.AbstractConnector$Acceptor.run(AbstractConnector.java:601)&#10;        at org.eclipse.jetty.util.thread.QueuedThreadPool.runJob(QueuedThreadPool.java:671)&#10;        at org.eclipse.jetty.util.thread.QueuedThreadPool$2.run(QueuedThreadPool.java:589)&#10;        at java.lang.Thread.run(Thread.java:748)&#10;&quot;pool-238-thread-51&quot;  prio=5 tid=2885 in Object.wait()&#10;java.lang.Thread.State: WAITING (on object monitor)&#10;        at sun.misc.Unsafe.park(Native Method)&#10;        at java.util.concurrent.locks.LockSupport.park(LockSupport.java:175)&#10;        at java.util.concurrent.locks.AbstractQueuedSynchronizer$ConditionObject.await(AbstractQueuedSynchronizer.java:2039)&#10;        at java.util.concurrent.ArrayBlockingQueue.take(ArrayBlockingQueue.java:403)&#10;        at java.util.concurrent.ThreadPoolExecutor.getTask(ThreadPoolExecutor.java:1074)&#10;        at java.util.concurrent.ThreadPoolExecutor.runWorker(ThreadPoolExecutor.java:1134)&#10;        at java.util.concurrent.ThreadPoolExecutor$Worker.run(ThreadPoolExecutor.java:624)&#10;        at java.lang.Thread.run(Thread.java:748)&#10;&quot;pool-168-thread-36&quot;  prio=5 tid=2436 in Object.wait()&#10;java.lang.Thread.State: WAITING (on object monitor)&#10;        at sun.misc.Unsafe.park(Native Method)&#10;        at java.util.concurrent.locks.LockSupport.park(LockSupport.java:175)&#10;        at java.util.concurrent.locks.AbstractQueuedSynchronizer$ConditionObject.await(AbstractQueuedSynchronizer.java:2039)&#10;        at java.util.concurrent.ArrayBlockingQueue.take(ArrayBlockingQueue.java:403)&#10;        at java.util.concurrent.ThreadPoolExecutor.getTask(ThreadPoolExecutor.java:1074)&#10;        at java.util.concurrent.ThreadPoolExecutor.runWorker(ThreadPoolExecutor.java:1134)&#10;        at java.util.concurrent.ThreadPoolExecutor$Worker.run(ThreadPoolExecutor.java:624)&#10;        at java.lang.Thread.run(Thread.java:748)&#10;&quot;pool-208-thread-44&quot;  prio=5 tid=2692 in Object.wait()&#10;java.lang.Thread.State: WAITING (on object monitor)&#10;        at sun.misc.Unsafe.park(Native Method)&#10;        at java.util.concurrent.locks.LockSupport.park(LockSupport.java:175)&#10;        at java.util.concurrent.locks.AbstractQueuedSynchronizer$ConditionObject.await(AbstractQueuedSynchronizer.java:2039)&#10;        at java.util.concurrent.ArrayBlockingQueue.take(ArrayBlockingQueue.java:403)&#10;        at java.util.concurrent.ThreadPoolExecutor.getTask(ThreadPoolExecutor.java:1074)&#10;        at java.util.concurrent.ThreadPoolExecutor.runWorker(ThreadPoolExecutor.java:1134)&#10;        at java.util.concurrent.ThreadPoolExecutor$Worker.run(ThreadPoolExecutor.java:624)&#10;        at java.lang.Thread.run(Thread.java:748)&#10;&quot;pool-228-thread-58&quot;  prio=5 tid=2830 in Object.wait()&#10;java.lang.Thread.State: WAITING (on object monitor)&#10;        at sun.misc.Unsafe.park(Native Method)&#10;        at java.util.concurrent.locks.LockSupport.park(LockSupport.java:175)&#10;        at java.util.concurrent.locks.AbstractQueuedSynchronizer$ConditionObject.await(AbstractQueuedSynchronizer.java:2039)&#10;        at java.util.concurrent.ArrayBlockingQueue.take(ArrayBlockingQueue.java:403)&#10;        at java.util.concurrent.ThreadPoolExecutor.getTask(ThreadPoolExecutor.java:1074)&#10;        at java.util.concurrent.ThreadPoolExecutor.runWorker(ThreadPoolExecutor.java:1134)&#10;        at java.util.concurrent.ThreadPoolExecutor$Worker.run(ThreadPoolExecutor.java:624)&#10;        at java.lang.Thread.run(Thread.java:748)&#10;&quot;IPC Server handler 7 on 39845&quot; daemon prio=5 tid=1936 timed_waiting&#10;java.lang.Thread.State: TIMED_WAITING&#10;        at sun.misc.Unsafe.park(Native Method)&#10;        at java.util.concurrent.locks.LockSupport.parkNanos(LockSupport.java:215)&#10;        at java.util.concurrent.locks.AbstractQueuedSynchronizer$ConditionObject.awaitNanos(AbstractQueuedSynchronizer.java:2078)&#10;        at java.util.concurrent.LinkedBlockingQueue.poll(LinkedBlockingQueue.java:467)&#10;        at org.apache.hadoop.ipc.CallQueueManager.take(CallQueueManager.java:288)&#10;        at org.apache.hadoop.ipc.Server$Handler.run(Server.java:2668)&#10;&quot;pool-198-thread-15&quot;  prio=5 tid=2601 in Object.wait()&#10;java.lang.Thread.State: WAITING (on object monitor)&#10;        at sun.misc.Unsafe.park(Native Method)&#10;        at java.util.concurrent.locks.LockSupport.park(LockSupport.java:175)&#10;        at java.util.concurrent.locks.AbstractQueuedSynchronizer$ConditionObject.await(AbstractQueuedSynchronizer.java:2039)&#10;        at java.util.concurrent.ArrayBlockingQueue.take(ArrayBlockingQueue.java:403)&#10;        at java.util.concurrent.ThreadPoolExecutor.getTask(ThreadPoolExecutor.java:1074)&#10;        at java.util.concurrent.ThreadPoolExecutor.runWorker(ThreadPoolExecutor.java:1134)&#10;        at java.util.concurrent.ThreadPoolExecutor$Worker.run(ThreadPoolExecutor.java:624)&#10;        at java.lang.Thread.run(Thread.java:748)&#10;&quot;pool-148-thread-50&quot;  prio=5 tid=2325 in Object.wait()&#10;java.lang.Thread.State: WAITING (on object monitor)&#10;        at sun.misc.Unsafe.park(Native Method)&#10;        at java.util.concurrent.locks.LockSupport.park(LockSupport.java:175)&#10;        at java.util.concurrent.locks.AbstractQueuedSynchronizer$ConditionObject.await(AbstractQueuedSynchronizer.java:2039)&#10;        at java.util.concurrent.ArrayBlockingQueue.take(ArrayBlockingQueue.java:403)&#10;        at java.util.concurrent.ThreadPoolExecutor.getTask(ThreadPoolExecutor.java:1074)&#10;        at java.util.concurrent.ThreadPoolExecutor.runWorker(ThreadPoolExecutor.java:1134)&#10;        at java.util.concurrent.ThreadPoolExecutor$Worker.run(ThreadPoolExecutor.java:624)&#10;        at java.lang.Thread.run(Thread.java:748)&#10;&quot;pool-148-thread-57&quot;  prio=5 tid=2332 in Object.wait()&#10;java.lang.Thread.State: WAITING (on object monitor)&#10;        at sun.misc.Unsafe.park(Native Method)&#10;        at java.util.concurrent.locks.LockSupport.park(LockSupport.java:175)&#10;        at java.util.concurrent.locks.AbstractQueuedSynchronizer$ConditionObject.await(AbstractQueuedSynchronizer.java:2039)&#10;        at java.util.concurrent.ArrayBlockingQueue.take(ArrayBlockingQueue.java:403)&#10;        at java.util.concurrent.ThreadPoolExecutor.getTask(ThreadPoolExecutor.java:1074)&#10;        at java.util.concurrent.ThreadPoolExecutor.runWorker(ThreadPoolExecutor.java:1134)&#10;        at java.util.concurrent.ThreadPoolExecutor$Worker.run(ThreadPoolExecutor.java:624)&#10;        at java.lang.Thread.run(Thread.java:748)&#10;&quot;qtp377667724-1997&quot; daemon prio=5 tid=1997 timed_waiting&#10;java.lang.Thread.State: TIMED_WAITING&#10;        at sun.misc.Unsafe.park(Native Method)&#10;        at java.util.concurrent.locks.LockSupport.parkNanos(LockSupport.java:215)&#10;        at java.util.concurrent.locks.AbstractQueuedSynchronizer$ConditionObject.awaitNanos(AbstractQueuedSynchronizer.java:2078)&#10;        at org.eclipse.jetty.util.BlockingArrayQueue.poll(BlockingArrayQueue.java:392)&#10;        at org.eclipse.jetty.util.thread.QueuedThreadPool.idleJobPoll(QueuedThreadPool.java:563)&#10;        at org.eclipse.jetty.util.thread.QueuedThreadPool.access$800(QueuedThreadPool.java:48)&#10;        at org.eclipse.jetty.util.thread.QueuedThreadPool$2.run(QueuedThreadPool.java:626)&#10;        at java.lang.Thread.run(Thread.java:748)&#10;&quot;pool-188-thread-28&quot;  prio=5 tid=2552 in Object.wait()&#10;java.lang.Thread.State: WAITING (on object monitor)&#10;        at sun.misc.Unsafe.park(Native Method)&#10;        at java.util.concurrent.locks.LockSupport.park(LockSupport.java:175)&#10;        at java.util.concurrent.locks.AbstractQueuedSynchronizer$ConditionObject.await(AbstractQueuedSynchronizer.java:2039)&#10;        at java.util.concurrent.ArrayBlockingQueue.take(ArrayBlockingQueue.java:403)&#10;        at java.util.concurrent.ThreadPoolExecutor.getTask(ThreadPoolExecutor.java:1074)&#10;        at java.util.concurrent.ThreadPoolExecutor.runWorker(ThreadPoolExecutor.java:1134)&#10;        at java.util.concurrent.ThreadPoolExecutor$Worker.run(ThreadPoolExecutor.java:624)&#10;        at java.lang.Thread.run(Thread.java:748)&#10;&quot;org.eclipse.jetty.server.session.HashSessionManager@6e03db1fTimer&quot; daemon prio=5 tid=2001 timed_waiting&#10;java.lang.Thread.State: TIMED_WAITING&#10;        at sun.misc.Unsafe.park(Native Method)&#10;        at java.util.concurrent.locks.LockSupport.parkNanos(LockSupport.java:215)&#10;        at java.util.concurrent.locks.AbstractQueuedSynchronizer$ConditionObject.awaitNanos(AbstractQueuedSynchronizer.java:2078)&#10;        at java.util.concurrent.ScheduledThreadPoolExecutor$DelayedWorkQueue.take(ScheduledThreadPoolExecutor.java:1093)&#10;        at java.util.concurrent.ScheduledThreadPoolExecutor$DelayedWorkQueue.take(ScheduledThreadPoolExecutor.java:809)&#10;        at java.util.concurrent.ThreadPoolExecutor.getTask(ThreadPoolExecutor.java:1074)&#10;        at java.util.concurrent.ThreadPoolExecutor.runWorker(ThreadPoolExecutor.java:1134)&#10;        at java.util.concurrent.ThreadPoolExecutor$Worker.run(ThreadPoolExecutor.java:624)&#10;        at java.lang.Thread.run(Thread.java:748)&#10;&quot;pool-228-thread-52&quot;  prio=5 tid=2824 in Object.wait()&#10;java.lang.Thread.State: WAITING (on object monitor)&#10;        at sun.misc.Unsafe.park(Native Method)&#10;        at java.util.concurrent.locks.LockSupport.park(LockSupport.java:175)&#10;        at java.util.concurrent.locks.AbstractQueuedSynchronizer$ConditionObject.await(AbstractQueuedSynchronizer.java:2039)&#10;        at java.util.concurrent.ArrayBlockingQueue.take(ArrayBlockingQueue.java:403)&#10;        at java.util.concurrent.ThreadPoolExecutor.getTask(ThreadPoolExecutor.java:1074)&#10;        at java.util.concurrent.ThreadPoolExecutor.runWorker(ThreadPoolExecutor.java:1134)&#10;        at java.util.concurrent.ThreadPoolExecutor$Worker.run(ThreadPoolExecutor.java:624)&#10;        at java.lang.Thread.run(Thread.java:748)&#10;&quot;pool-152-thread-1&quot;  prio=5 tid=2012 timed_waiting&#10;java.lang.Thread.State: TIMED_WAITING&#10;        at sun.misc.Unsafe.park(Native Method)&#10;        at java.util.concurrent.locks.LockSupport.parkNanos(LockSupport.java:215)&#10;        at java.util.concurrent.locks.AbstractQueuedSynchronizer$ConditionObject.awaitNanos(AbstractQueuedSynchronizer.java:2078)&#10;        at java.util.concurrent.ScheduledThreadPoolExecutor$DelayedWorkQueue.take(ScheduledThreadPoolExecutor.java:1093)&#10;        at java.util.concurrent.ScheduledThreadPoolExecutor$DelayedWorkQueue.take(ScheduledThreadPoolExecutor.java:809)&#10;        at java.util.concurrent.ThreadPoolExecutor.getTask(ThreadPoolExecutor.java:1074)&#10;        at java.util.concurrent.ThreadPoolExecutor.runWorker(ThreadPoolExecutor.java:1134)&#10;        at java.util.concurrent.ThreadPoolExecutor$Worker.run(ThreadPoolExecutor.java:624)&#10;        at java.lang.Thread.run(Thread.java:748)&#10;&quot;pool-228-thread-60&quot;  prio=5 tid=2832 in Object.wait()&#10;java.lang.Thread.State: WAITING (on object monitor)&#10;        at sun.misc.Unsafe.park(Native Method)&#10;        at java.util.concurrent.locks.LockSupport.park(LockSupport.java:175)&#10;        at java.util.concurrent.locks.AbstractQueuedSynchronizer$ConditionObject.await(AbstractQueuedSynchronizer.java:2039)&#10;        at java.util.concurrent.ArrayBlockingQueue.take(ArrayBlockingQueue.java:403)&#10;        at java.util.concurrent.ThreadPoolExecutor.getTask(ThreadPoolExecutor.java:1074)&#10;        at java.util.concurrent.ThreadPoolExecutor.runWorker(ThreadPoolExecutor.java:1134)&#10;        at java.util.concurrent.ThreadPoolExecutor$Worker.run(ThreadPoolExecutor.java:624)&#10;        at java.lang.Thread.run(Thread.java:748)&#10;&quot;Datanode ReportManager Thread - 3&quot; daemon prio=5 tid=2163 in Object.wait()&#10;java.lang.Thread.State: WAITING (on object monitor)&#10;        at sun.misc.Unsafe.park(Native Method)&#10;        at java.util.concurrent.locks.LockSupport.park(LockSupport.java:175)&#10;        at java.util.concurrent.locks.AbstractQueuedSynchronizer$ConditionObject.await(AbstractQueuedSynchronizer.java:2039)&#10;        at java.util.concurrent.ScheduledThreadPoolExecutor$DelayedWorkQueue.take(ScheduledThreadPoolExecutor.java:1088)&#10;        at java.util.concurrent.ScheduledThreadPoolExecutor$DelayedWorkQueue.take(ScheduledThreadPoolExecutor.java:809)&#10;        at java.util.concurrent.ThreadPoolExecutor.getTask(ThreadPoolExecutor.java:1074)&#10;        at java.util.concurrent.ThreadPoolExecutor.runWorker(ThreadPoolExecutor.java:1134)&#10;        at java.util.concurrent.ThreadPoolExecutor$Worker.run(ThreadPoolExecutor.java:624)&#10;        at java.lang.Thread.run(Thread.java:748)&#10;&quot;pool-148-thread-58&quot;  prio=5 tid=2333 in Object.wait()&#10;java.lang.Thread.State: WAITING (on object monitor)&#10;        at sun.misc.Unsafe.park(Native Method)&#10;        at java.util.concurrent.locks.LockSupport.park(LockSupport.java:175)&#10;        at java.util.concurrent.locks.AbstractQueuedSynchronizer$ConditionObject.await(AbstractQueuedSynchronizer.java:2039)&#10;        at java.util.concurrent.ArrayBlockingQueue.take(ArrayBlockingQueue.java:403)&#10;        at java.util.concurrent.ThreadPoolExecutor.getTask(ThreadPoolExecutor.java:1074)&#10;        at java.util.concurrent.ThreadPoolExecutor.runWorker(ThreadPoolExecutor.java:1134)&#10;        at java.util.concurrent.ThreadPoolExecutor$Worker.run(ThreadPoolExecutor.java:624)&#10;        at java.lang.Thread.run(Thread.java:748)&#10;&quot;Socket Reader #1 for port 35120&quot;  prio=5 tid=1883 runnable&#10;java.lang.Thread.State: RUNNABLE&#10;        at sun.nio.ch.EPollArrayWrapper.epollWait(Native Method)&#10;        at sun.nio.ch.EPollArrayWrapper.poll(EPollArrayWrapper.java:269)&#10;        at sun.nio.ch.EPollSelectorImpl.doSelect(EPollSelectorImpl.java:93)&#10;        at sun.nio.ch.SelectorImpl.lockAndDoSelect(SelectorImpl.java:86)&#10;        at sun.nio.ch.SelectorImpl.select(SelectorImpl.java:97)&#10;        at sun.nio.ch.SelectorImpl.select(SelectorImpl.java:101)&#10;        at org.apache.hadoop.ipc.Server$Listener$Reader.doRunLoop(Server.java:1097)&#10;        at org.apache.hadoop.ipc.Server$Listener$Reader.run(Server.java:1076)&#10;&quot;qtp98459285-1953&quot; daemon prio=5 tid=1953 timed_waiting&#10;java.lang.Thread.State: TIMED_WAITING&#10;        at sun.misc.Unsafe.park(Native Method)&#10;        at java.util.concurrent.locks.LockSupport.parkNanos(LockSupport.java:215)&#10;        at java.util.concurrent.locks.AbstractQueuedSynchronizer$ConditionObject.awaitNanos(AbstractQueuedSynchronizer.java:2078)&#10;        at org.eclipse.jetty.util.BlockingArrayQueue.poll(BlockingArrayQueue.java:392)&#10;        at org.eclipse.jetty.util.thread.QueuedThreadPool.idleJobPoll(QueuedThreadPool.java:563)&#10;        at org.eclipse.jetty.util.thread.QueuedThreadPool.access$800(QueuedThreadPool.java:48)&#10;        at org.eclipse.jetty.util.thread.QueuedThreadPool$2.run(QueuedThreadPool.java:626)&#10;        at java.lang.Thread.run(Thread.java:748)&#10;&quot;Datanode ReportManager Thread - 1&quot; daemon prio=5 tid=2026 timed_waiting&#10;java.lang.Thread.State: TIMED_WAITING&#10;        at sun.misc.Unsafe.park(Native Method)&#10;        at java.util.concurrent.locks.LockSupport.parkNanos(LockSupport.java:215)&#10;        at java.util.concurrent.locks.AbstractQueuedSynchronizer$ConditionObject.awaitNanos(AbstractQueuedSynchronizer.java:2078)&#10;        at java.util.concurrent.ScheduledThreadPoolExecutor$DelayedWorkQueue.take(ScheduledThreadPoolExecutor.java:1093)&#10;        at java.util.concurrent.ScheduledThreadPoolExecutor$DelayedWorkQueue.take(ScheduledThreadPoolExecutor.java:809)&#10;        at java.util.concurrent.ThreadPoolExecutor.getTask(ThreadPoolExecutor.java:1074)&#10;        at java.util.concurrent.ThreadPoolExecutor.runWorker(ThreadPoolExecutor.java:1134)&#10;        at java.util.concurrent.ThreadPoolExecutor$Worker.run(ThreadPoolExecutor.java:624)&#10;        at java.lang.Thread.run(Thread.java:748)&#10;&quot;qtp98459285-1952&quot; daemon prio=5 tid=1952 timed_waiting&#10;java.lang.Thread.State: TIMED_WAITING&#10;        at sun.misc.Unsafe.park(Native Method)&#10;        at java.util.concurrent.locks.LockSupport.parkNanos(LockSupport.java:215)&#10;        at java.util.concurrent.locks.AbstractQueuedSynchronizer$ConditionObject.awaitNanos(AbstractQueuedSynchronizer.java:2078)&#10;        at org.eclipse.jetty.util.BlockingArrayQueue.poll(BlockingArrayQueue.java:392)&#10;        at org.eclipse.jetty.util.thread.QueuedThreadPool.idleJobPoll(QueuedThreadPool.java:563)&#10;        at org.eclipse.jetty.util.thread.QueuedThreadPool.access$800(QueuedThreadPool.java:48)&#10;        at org.eclipse.jetty.util.thread.QueuedThreadPool$2.run(QueuedThreadPool.java:626)&#10;        at java.lang.Thread.run(Thread.java:748)&#10;&quot;IPC Server handler 6 on 40581&quot; daemon prio=5 tid=1915 timed_waiting&#10;java.lang.Thread.State: TIMED_WAITING&#10;        at sun.misc.Unsafe.park(Native Method)&#10;        at java.util.concurrent.locks.LockSupport.parkNanos(LockSupport.java:215)&#10;        at java.util.concurrent.locks.AbstractQueuedSynchronizer$ConditionObject.awaitNanos(AbstractQueuedSynchronizer.java:2078)&#10;        at java.util.concurrent.LinkedBlockingQueue.poll(LinkedBlockingQueue.java:467)&#10;        at org.apache.hadoop.ipc.CallQueueManager.take(CallQueueManager.java:288)&#10;        at org.apache.hadoop.ipc.Server$Handler.run(Server.java:2668)&#10;&quot;pool-238-thread-49&quot;  prio=5 tid=2883 in Object.wait()&#10;java.lang.Thread.State: WAITING (on object monitor)&#10;        at sun.misc.Unsafe.park(Native Method)&#10;        at java.util.concurrent.locks.LockSupport.park(LockSupport.java:175)&#10;        at java.util.concurrent.locks.AbstractQueuedSynchronizer$ConditionObject.await(AbstractQueuedSynchronizer.java:2039)&#10;        at java.util.concurrent.ArrayBlockingQueue.take(ArrayBlockingQueue.java:403)&#10;        at java.util.concurrent.ThreadPoolExecutor.getTask(ThreadPoolExecutor.java:1074)&#10;        at java.util.concurrent.ThreadPoolExecutor.runWorker(ThreadPoolExecutor.java:1134)&#10;        at java.util.concurrent.ThreadPoolExecutor$Worker.run(ThreadPoolExecutor.java:624)&#10;        at java.lang.Thread.run(Thread.java:748)&#10;&quot;pool-228-thread-36&quot;  prio=5 tid=2808 in Object.wait()&#10;java.lang.Thread.State: WAITING (on object monitor)&#10;        at sun.misc.Unsafe.park(Native Method)&#10;        at java.util.concurrent.locks.LockSupport.park(LockSupport.java:175)&#10;        at java.util.concurrent.locks.AbstractQueuedSynchronizer$ConditionObject.await(AbstractQueuedSynchronizer.java:2039)&#10;        at java.util.concurrent.ArrayBlockingQueue.take(ArrayBlockingQueue.java:403)&#10;        at java.util.concurrent.ThreadPoolExecutor.getTask(ThreadPoolExecutor.java:1074)&#10;        at java.util.concurrent.ThreadPoolExecutor.runWorker(ThreadPoolExecutor.java:1134)&#10;        at java.util.concurrent.ThreadPoolExecutor$Worker.run(ThreadPoolExecutor.java:624)&#10;        at java.lang.Thread.run(Thread.java:748)&#10;&quot;pool-218-thread-1&quot;  prio=5 tid=2711 in Object.wait()&#10;java.lang.Thread.State: WAITING (on object monitor)&#10;        at sun.misc.Unsafe.park(Native Method)&#10;        at java.util.concurrent.locks.LockSupport.park(LockSupport.java:175)&#10;        at java.util.concurrent.locks.AbstractQueuedSynchronizer$ConditionObject.await(AbstractQueuedSynchronizer.java:2039)&#10;        at java.util.concurrent.ArrayBlockingQueue.take(ArrayBlockingQueue.java:403)&#10;        at java.util.concurrent.ThreadPoolExecutor.getTask(ThreadPoolExecutor.java:1074)&#10;        at java.util.concurrent.ThreadPoolExecutor.runWorker(ThreadPoolExecutor.java:1134)&#10;        at java.util.concurrent.ThreadPoolExecutor$Worker.run(ThreadPoolExecutor.java:624)&#10;        at java.lang.Thread.run(Thread.java:748)&#10;&quot;PartialTableCache Cleanup Thread - 0&quot; daemon prio=5 tid=1334 in Object.wait()&#10;java.lang.Thread.State: WAITING (on object monitor)&#10;        at sun.misc.Unsafe.park(Native Method)&#10;        at java.util.concurrent.locks.LockSupport.park(LockSupport.java:175)&#10;        at java.util.concurrent.locks.AbstractQueuedSynchronizer$ConditionObject.await(AbstractQueuedSynchronizer.java:2039)&#10;        at java.util.concurrent.LinkedBlockingQueue.take(LinkedBlockingQueue.java:442)&#10;        at java.util.concurrent.ThreadPoolExecutor.getTask(ThreadPoolExecutor.java:1074)&#10;        at java.util.concurrent.ThreadPoolExecutor.runWorker(ThreadPoolExecutor.java:1134)&#10;        at java.util.concurrent.ThreadPoolExecutor$Worker.run(ThreadPoolExecutor.java:624)&#10;        at java.lang.Thread.run(Thread.java:748)&#10;&quot;pool-208-thread-11&quot;  prio=5 tid=2659 in Object.wait()&#10;java.lang.Thread.State: WAITING (on object monitor)&#10;        at sun.misc.Unsafe.park(Native Method)&#10;        at java.util.concurrent.locks.LockSupport.park(LockSupport.java:175)&#10;        at java.util.concurrent.locks.AbstractQueuedSynchronizer$ConditionObject.await(AbstractQueuedSynchronizer.java:2039)&#10;        at java.util.concurrent.ArrayBlockingQueue.take(ArrayBlockingQueue.java:403)&#10;        at java.util.concurrent.ThreadPoolExecutor.getTask(ThreadPoolExecutor.java:1074)&#10;        at java.util.concurrent.ThreadPoolExecutor.runWorker(ThreadPoolExecutor.java:1134)&#10;        at java.util.concurrent.ThreadPoolExecutor$Worker.run(ThreadPoolExecutor.java:624)&#10;        at java.lang.Thread.run(Thread.java:748)&#10;&quot;pool-188-thread-43&quot;  prio=5 tid=2567 in Object.wait()&#10;java.lang.Thread.State: WAITING (on object monitor)&#10;        at sun.misc.Unsafe.park(Native Method)&#10;        at java.util.concurrent.locks.LockSupport.park(LockSupport.java:175)&#10;        at java.util.concurrent.locks.AbstractQueuedSynchronizer$ConditionObject.await(AbstractQueuedSynchronizer.java:2039)&#10;        at java.util.concurrent.ArrayBlockingQueue.take(ArrayBlockingQueue.java:403)&#10;        at java.util.concurrent.ThreadPoolExecutor.getTask(ThreadPoolExecutor.java:1074)&#10;        at java.util.concurrent.ThreadPoolExecutor.runWorker(ThreadPoolExecutor.java:1134)&#10;        at java.util.concurrent.ThreadPoolExecutor$Worker.run(ThreadPoolExecutor.java:624)&#10;        at java.lang.Thread.run(Thread.java:748)&#10;&quot;pool-158-thread-27&quot;  prio=5 tid=2365 in Object.wait()&#10;java.lang.Thread.State: WAITING (on object monitor)&#10;        at sun.misc.Unsafe.park(Native Method)&#10;        at java.util.concurrent.locks.LockSupport.park(LockSupport.java:175)&#10;        at java.util.concurrent.locks.AbstractQueuedSynchronizer$ConditionObject.await(AbstractQueuedSynchronizer.java:2039)&#10;        at java.util.concurrent.ArrayBlockingQueue.take(ArrayBlockingQueue.java:403)&#10;        at java.util.concurrent.ThreadPoolExecutor.getTask(ThreadPoolExecutor.java:1074)&#10;        at java.util.concurrent.ThreadPoolExecutor.runWorker(ThreadPoolExecutor.java:1134)&#10;        at java.util.concurrent.ThreadPoolExecutor$Worker.run(ThreadPoolExecutor.java:624)&#10;        at java.lang.Thread.run(Thread.java:748)&#10;&quot;pool-212-thread-1&quot;  prio=5 tid=2174 timed_waiting&#10;java.lang.Thread.State: TIMED_WAITING&#10;        at sun.misc.Unsafe.park(Native Method)&#10;        at java.util.concurrent.locks.LockSupport.parkNanos(LockSupport.java:215)&#10;        at java.util.concurrent.locks.AbstractQueuedSynchronizer$ConditionObject.awaitNanos(AbstractQueuedSynchronizer.java:2078)&#10;        at java.util.concurrent.ScheduledThreadPoolExecutor$DelayedWorkQueue.take(ScheduledThreadPoolExecutor.java:1093)&#10;        at java.util.concurrent.ScheduledThreadPoolExecutor$DelayedWorkQueue.take(ScheduledThreadPoolExecutor.java:809)&#10;        at java.util.concurrent.ThreadPoolExecutor.getTask(ThreadPoolExecutor.java:1074)&#10;        at java.util.concurrent.ThreadPoolExecutor.runWorker(ThreadPoolExecutor.java:1134)&#10;        at java.util.concurrent.ThreadPoolExecutor$Worker.run(ThreadPoolExecutor.java:624)&#10;        at java.lang.Thread.run(Thread.java:748)&#10;&quot;pool-188-thread-49&quot;  prio=5 tid=2573 in Object.wait()&#10;java.lang.Thread.State: WAITING (on object monitor)&#10;        at sun.misc.Unsafe.park(Native Method)&#10;        at java.util.concurrent.locks.LockSupport.park(LockSupport.java:175)&#10;        at java.util.concurrent.locks.AbstractQueuedSynchronizer$ConditionObject.await(AbstractQueuedSynchronizer.java:2039)&#10;        at java.util.concurrent.ArrayBlockingQueue.take(ArrayBlockingQueue.java:403)&#10;        at java.util.concurrent.ThreadPoolExecutor.getTask(ThreadPoolExecutor.java:1074)&#10;        at java.util.concurrent.ThreadPoolExecutor.runWorker(ThreadPoolExecutor.java:1134)&#10;        at java.util.concurrent.ThreadPoolExecutor$Worker.run(ThreadPoolExecutor.java:624)&#10;        at java.lang.Thread.run(Thread.java:748)&#10;&quot;pool-208-thread-56&quot;  prio=5 tid=2704 in Object.wait()&#10;java.lang.Thread.State: WAITING (on object monitor)&#10;        at sun.misc.Unsafe.park(Native Method)&#10;        at java.util.concurrent.locks.LockSupport.park(LockSupport.java:175)&#10;        at java.util.concurrent.locks.AbstractQueuedSynchronizer$ConditionObject.await(AbstractQueuedSynchronizer.java:2039)&#10;        at java.util.concurrent.ArrayBlockingQueue.take(ArrayBlockingQueue.java:403)&#10;        at java.util.concurrent.ThreadPoolExecutor.getTask(ThreadPoolExecutor.java:1074)&#10;        at java.util.concurrent.ThreadPoolExecutor.runWorker(ThreadPoolExecutor.java:1134)&#10;        at java.util.concurrent.ThreadPoolExecutor$Worker.run(ThreadPoolExecutor.java:624)&#10;        at java.lang.Thread.run(Thread.java:748)&#10;&quot;pool-148-thread-47&quot;  prio=5 tid=2322 in Object.wait()&#10;java.lang.Thread.State: WAITING (on object monitor)&#10;        at sun.misc.Unsafe.park(Native Method)&#10;        at java.util.concurrent.locks.LockSupport.park(LockSupport.java:175)&#10;        at java.util.concurrent.locks.AbstractQueuedSynchronizer$ConditionObject.await(AbstractQueuedSynchronizer.java:2039)&#10;        at java.util.concurrent.ArrayBlockingQueue.take(ArrayBlockingQueue.java:403)&#10;        at java.util.concurrent.ThreadPoolExecutor.getTask(ThreadPoolExecutor.java:1074)&#10;        at java.util.concurrent.ThreadPoolExecutor.runWorker(ThreadPoolExecutor.java:1134)&#10;        at java.util.concurrent.ThreadPoolExecutor$Worker.run(ThreadPoolExecutor.java:624)&#10;        at java.lang.Thread.run(Thread.java:748)&#10;&quot;pool-228-thread-8&quot;  prio=5 tid=2780 in Object.wait()&#10;java.lang.Thread.State: WAITING (on object monitor)&#10;        at sun.misc.Unsafe.park(Native Method)&#10;        at java.util.concurrent.locks.LockSupport.park(LockSupport.java:175)&#10;        at java.util.concurrent.locks.AbstractQueuedSynchronizer$ConditionObject.await(AbstractQueuedSynchronizer.java:2039)&#10;        at java.util.concurrent.ArrayBlockingQueue.take(ArrayBlockingQueue.java:403)&#10;        at java.util.concurrent.ThreadPoolExecutor.getTask(ThreadPoolExecutor.java:1074)&#10;        at java.util.concurrent.ThreadPoolExecutor.runWorker(ThreadPoolExecutor.java:1134)&#10;        at java.util.concurrent.ThreadPoolExecutor$Worker.run(ThreadPoolExecutor.java:624)&#10;        at java.lang.Thread.run(Thread.java:748)&#10;&quot;pool-168-thread-34&quot;  prio=5 tid=2434 in Object.wait()&#10;java.lang.Thread.State: WAITING (on object monitor)&#10;        at sun.misc.Unsafe.park(Native Method)&#10;        at java.util.concurrent.locks.LockSupport.park(LockSupport.java:175)&#10;        at java.util.concurrent.locks.AbstractQueuedSynchronizer$ConditionObject.await(AbstractQueuedSynchronizer.java:2039)&#10;        at java.util.concurrent.ArrayBlockingQueue.take(ArrayBlockingQueue.java:403)&#10;        at java.util.concurrent.ThreadPoolExecutor.getTask(ThreadPoolExecutor.java:1074)&#10;        at java.util.concurrent.ThreadPoolExecutor.runWorker(ThreadPoolExecutor.java:1134)&#10;        at java.util.concurrent.ThreadPoolExecutor$Worker.run(ThreadPoolExecutor.java:624)&#10;        at java.lang.Thread.run(Thread.java:748)&#10;&quot;Datanode State Machine Thread - 0&quot; daemon prio=5 tid=2193 timed_waiting&#10;java.lang.Thread.State: TIMED_WAITING&#10;        at sun.misc.Unsafe.park(Native Method)&#10;        at java.util.concurrent.locks.LockSupport.parkNanos(LockSupport.java:215)&#10;        at java.util.concurrent.SynchronousQueue$TransferStack.awaitFulfill(SynchronousQueue.java:460)&#10;        at java.util.concurrent.SynchronousQueue$TransferStack.transfer(SynchronousQueue.java:362)&#10;        at java.util.concurrent.SynchronousQueue.poll(SynchronousQueue.java:941)&#10;        at java.util.concurrent.ThreadPoolExecutor.getTask(ThreadPoolExecutor.java:1073)&#10;        at java.util.concurrent.ThreadPoolExecutor.runWorker(ThreadPoolExecutor.java:1134)&#10;        at java.util.concurrent.ThreadPoolExecutor$Worker.run(ThreadPoolExecutor.java:624)&#10;        at java.lang.Thread.run(Thread.java:748)&#10;&quot;pool-148-thread-27&quot;  prio=5 tid=2302 in Object.wait()&#10;java.lang.Thread.State: WAITING (on object monitor)&#10;        at sun.misc.Unsafe.park(Native Method)&#10;        at java.util.concurrent.locks.LockSupport.park(LockSupport.java:175)&#10;        at java.util.concurrent.locks.AbstractQueuedSynchronizer$ConditionObject.await(AbstractQueuedSynchronizer.java:2039)&#10;        at java.util.concurrent.ArrayBlockingQueue.take(ArrayBlockingQueue.java:403)&#10;        at java.util.concurrent.ThreadPoolExecutor.getTask(ThreadPoolExecutor.java:1074)&#10;        at java.util.concurrent.ThreadPoolExecutor.runWorker(ThreadPoolExecutor.java:1134)&#10;        at java.util.concurrent.ThreadPoolExecutor$Worker.run(ThreadPoolExecutor.java:624)&#10;        at java.lang.Thread.run(Thread.java:748)&#10;&quot;IPC Server handler 16 on 45410&quot; daemon prio=5 tid=1988 timed_waiting&#10;java.lang.Thread.State: TIMED_WAITING&#10;        at sun.misc.Unsafe.park(Native Method)&#10;        at java.util.concurrent.locks.LockSupport.parkNanos(LockSupport.java:215)&#10;        at java.util.concurrent.locks.AbstractQueuedSynchronizer$ConditionObject.awaitNanos(AbstractQueuedSynchronizer.java:2078)&#10;        at java.util.concurrent.LinkedBlockingQueue.poll(LinkedBlockingQueue.java:467)&#10;        at org.apache.hadoop.ipc.CallQueueManager.take(CallQueueManager.java:288)&#10;        at org.apache.hadoop.ipc.Server$Handler.run(Server.java:2668)&#10;&quot;pool-208-thread-59&quot;  prio=5 tid=2707 in Object.wait()&#10;java.lang.Thread.State: WAITING (on object monitor)&#10;        at sun.misc.Unsafe.park(Native Method)&#10;        at java.util.concurrent.locks.LockSupport.park(LockSupport.java:175)&#10;        at java.util.concurrent.locks.AbstractQueuedSynchronizer$ConditionObject.await(AbstractQueuedSynchronizer.java:2039)&#10;        at java.util.concurrent.ArrayBlockingQueue.take(ArrayBlockingQueue.java:403)&#10;        at java.util.concurrent.ThreadPoolExecutor.getTask(ThreadPoolExecutor.java:1074)&#10;        at java.util.concurrent.ThreadPoolExecutor.runWorker(ThreadPoolExecutor.java:1134)&#10;        at java.util.concurrent.ThreadPoolExecutor$Worker.run(ThreadPoolExecutor.java:624)&#10;        at java.lang.Thread.run(Thread.java:748)&#10;&quot;pool-208-thread-4&quot;  prio=5 tid=2652 in Object.wait()&#10;java.lang.Thread.State: WAITING (on object monitor)&#10;        at sun.misc.Unsafe.park(Native Method)&#10;        at java.util.concurrent.locks.LockSupport.park(LockSupport.java:175)&#10;        at java.util.concurrent.locks.AbstractQueuedSynchronizer$ConditionObject.await(AbstractQueuedSynchronizer.java:2039)&#10;        at java.util.concurrent.ArrayBlockingQueue.take(ArrayBlockingQueue.java:403)&#10;        at java.util.concurrent.ThreadPoolExecutor.getTask(ThreadPoolExecutor.java:1074)&#10;        at java.util.concurrent.ThreadPoolExecutor.runWorker(ThreadPoolExecutor.java:1134)&#10;        at java.util.concurrent.ThreadPoolExecutor$Worker.run(ThreadPoolExecutor.java:624)&#10;        at java.lang.Thread.run(Thread.java:748)&#10;&quot;org.apache.ratis.server.impl.LogAppender$AppenderDaemon$$Lambda$466/1042245461@6fbd3c1a&quot; daemon prio=5 tid=3213 timed_waiting&#10;java.lang.Thread.State: TIMED_WAITING&#10;        at java.lang.Object.wait(Native Method)&#10;        at org.apache.ratis.grpc.server.GrpcLogAppender.mayWait(GrpcLogAppender.java:149)&#10;        at org.apache.ratis.grpc.server.GrpcLogAppender.runAppenderImpl(GrpcLogAppender.java:103)&#10;        at org.apache.ratis.server.impl.LogAppender$AppenderDaemon.run(LogAppender.java:76)&#10;        at org.apache.ratis.server.impl.LogAppender$AppenderDaemon$$Lambda$466/1042245461.run(Unknown Source)&#10;        at java.lang.Thread.run(Thread.java:748)&#10;&quot;pool-218-thread-50&quot;  prio=5 tid=2760 in Object.wait()&#10;java.lang.Thread.State: WAITING (on object monitor)&#10;        at sun.misc.Unsafe.park(Native Method)&#10;        at java.util.concurrent.locks.LockSupport.park(LockSupport.java:175)&#10;        at java.util.concurrent.locks.AbstractQueuedSynchronizer$ConditionObject.await(AbstractQueuedSynchronizer.java:2039)&#10;        at java.util.concurrent.ArrayBlockingQueue.take(ArrayBlockingQueue.java:403)&#10;        at java.util.concurrent.ThreadPoolExecutor.getTask(ThreadPoolExecutor.java:1074)&#10;        at java.util.concurrent.ThreadPoolExecutor.runWorker(ThreadPoolExecutor.java:1134)&#10;        at java.util.concurrent.ThreadPoolExecutor$Worker.run(ThreadPoolExecutor.java:624)&#10;        at java.lang.Thread.run(Thread.java:748)&#10;&quot;qtp2010856706-2205&quot; daemon prio=5 tid=2205 timed_waiting&#10;java.lang.Thread.State: TIMED_WAITING&#10;        at sun.misc.Unsafe.park(Native Method)&#10;        at java.util.concurrent.locks.LockSupport.parkNanos(LockSupport.java:215)&#10;        at java.util.concurrent.locks.AbstractQueuedSynchronizer$ConditionObject.awaitNanos(AbstractQueuedSynchronizer.java:2078)&#10;        at org.eclipse.jetty.util.BlockingArrayQueue.poll(BlockingArrayQueue.java:392)&#10;        at org.eclipse.jetty.util.thread.QueuedThreadPool.idleJobPoll(QueuedThreadPool.java:563)&#10;        at org.eclipse.jetty.util.thread.QueuedThreadPool.access$800(QueuedThreadPool.java:48)&#10;        at org.eclipse.jetty.util.thread.QueuedThreadPool$2.run(QueuedThreadPool.java:626)&#10;        at java.lang.Thread.run(Thread.java:748)&#10;&quot;pool-148-thread-20&quot;  prio=5 tid=2295 in Object.wait()&#10;java.lang.Thread.State: WAITING (on object monitor)&#10;        at sun.misc.Unsafe.park(Native Method)&#10;        at java.util.concurrent.locks.LockSupport.park(LockSupport.java:175)&#10;        at java.util.concurrent.locks.AbstractQueuedSynchronizer$ConditionObject.await(AbstractQueuedSynchronizer.java:2039)&#10;        at java.util.concurrent.ArrayBlockingQueue.take(ArrayBlockingQueue.java:403)&#10;        at java.util.concurrent.ThreadPoolExecutor.getTask(ThreadPoolExecutor.java:1074)&#10;        at java.util.concurrent.ThreadPoolExecutor.runWorker(ThreadPoolExecutor.java:1134)&#10;        at java.util.concurrent.ThreadPoolExecutor$Worker.run(ThreadPoolExecutor.java:624)&#10;        at java.lang.Thread.run(Thread.java:748)&#10;&quot;Datanode ReportManager Thread - 3&quot; daemon prio=5 tid=336 in Object.wait()&#10;java.lang.Thread.State: WAITING (on object monitor)&#10;        at sun.misc.Unsafe.park(Native Method)&#10;        at java.util.concurrent.locks.LockSupport.park(LockSupport.java:175)&#10;        at java.util.concurrent.locks.AbstractQueuedSynchronizer$ConditionObject.await(AbstractQueuedSynchronizer.java:2039)&#10;        at java.util.concurrent.ScheduledThreadPoolExecutor$DelayedWorkQueue.take(ScheduledThreadPoolExecutor.java:1088)&#10;        at java.util.concurrent.ScheduledThreadPoolExecutor$DelayedWorkQueue.take(ScheduledThreadPoolExecutor.java:809)&#10;        at java.util.concurrent.ThreadPoolExecutor.getTask(ThreadPoolExecutor.java:1074)&#10;        at java.util.concurrent.ThreadPoolExecutor.runWorker(ThreadPoolExecutor.java:1134)&#10;        at java.util.concurrent.ThreadPoolExecutor$Worker.run(ThreadPoolExecutor.java:624)&#10;        at java.lang.Thread.run(Thread.java:748)&#10;&quot;Datanode ReportManager Thread - 2&quot; daemon prio=5 tid=335 timed_waiting&#10;java.lang.Thread.State: TIMED_WAITING&#10;        at sun.misc.Unsafe.park(Native Method)&#10;        at java.util.concurrent.locks.LockSupport.parkNanos(LockSupport.java:215)&#10;        at java.util.concurrent.locks.AbstractQueuedSynchronizer$ConditionObject.awaitNanos(AbstractQueuedSynchronizer.java:2078)&#10;        at java.util.concurrent.ScheduledThreadPoolExecutor$DelayedWorkQueue.take(ScheduledThreadPoolExecutor.java:1093)&#10;        at java.util.concurrent.ScheduledThreadPoolExecutor$DelayedWorkQueue.take(ScheduledThreadPoolExecutor.java:809)&#10;        at java.util.concurrent.ThreadPoolExecutor.getTask(ThreadPoolExecutor.java:1074)&#10;        at java.util.concurrent.ThreadPoolExecutor.runWorker(ThreadPoolExecutor.java:1134)&#10;        at java.util.concurrent.ThreadPoolExecutor$Worker.run(ThreadPoolExecutor.java:624)&#10;        at java.lang.Thread.run(Thread.java:748)&#10;&quot;pool-198-thread-35&quot;  prio=5 tid=2621 in Object.wait()&#10;java.lang.Thread.State: WAITING (on object monitor)&#10;        at sun.misc.Unsafe.park(Native Method)&#10;        at java.util.concurrent.locks.LockSupport.park(LockSupport.java:175)&#10;        at java.util.concurrent.locks.AbstractQueuedSynchronizer$ConditionObject.await(AbstractQueuedSynchronizer.java:2039)&#10;        at java.util.concurrent.ArrayBlockingQueue.take(ArrayBlockingQueue.java:403)&#10;        at java.util.concurrent.ThreadPoolExecutor.getTask(ThreadPoolExecutor.java:1074)&#10;        at java.util.concurrent.ThreadPoolExecutor.runWorker(ThreadPoolExecutor.java:1134)&#10;        at java.util.concurrent.ThreadPoolExecutor$Worker.run(ThreadPoolExecutor.java:624)&#10;        at java.lang.Thread.run(Thread.java:748)&#10;&quot;Periodic HDDS volume checker&quot;  prio=5 tid=2168 timed_waiting&#10;java.lang.Thread.State: TIMED_WAITING&#10;        at sun.misc.Unsafe.park(Native Method)&#10;        at java.util.concurrent.locks.LockSupport.parkNanos(LockSupport.java:215)&#10;        at java.util.concurrent.locks.AbstractQueuedSynchronizer$ConditionObject.awaitNanos(AbstractQueuedSynchronizer.java:2078)&#10;        at java.util.concurrent.ScheduledThreadPoolExecutor$DelayedWorkQueue.take(ScheduledThreadPoolExecutor.java:1093)&#10;        at java.util.concurrent.ScheduledThreadPoolExecutor$DelayedWorkQueue.take(ScheduledThreadPoolExecutor.java:809)&#10;        at java.util.concurrent.ThreadPoolExecutor.getTask(ThreadPoolExecutor.java:1074)&#10;        at java.util.concurrent.ThreadPoolExecutor.runWorker(ThreadPoolExecutor.java:1134)&#10;        at java.util.concurrent.ThreadPoolExecutor$Worker.run(ThreadPoolExecutor.java:624)&#10;        at java.lang.Thread.run(Thread.java:748)&#10;&quot;pool-228-thread-33&quot;  prio=5 tid=2805 in Object.wait()&#10;java.lang.Thread.State: WAITING (on object monitor)&#10;        at sun.misc.Unsafe.park(Native Method)&#10;        at java.util.concurrent.locks.LockSupport.park(LockSupport.java:175)&#10;        at java.util.concurrent.locks.AbstractQueuedSynchronizer$ConditionObject.await(AbstractQueuedSynchronizer.java:2039)&#10;        at java.util.concurrent.ArrayBlockingQueue.take(ArrayBlockingQueue.java:403)&#10;        at java.util.concurrent.ThreadPoolExecutor.getTask(ThreadPoolExecutor.java:1074)&#10;        at java.util.concurrent.ThreadPoolExecutor.runWorker(ThreadPoolExecutor.java:1134)&#10;        at java.util.concurrent.ThreadPoolExecutor$Worker.run(ThreadPoolExecutor.java:624)&#10;        at java.lang.Thread.run(Thread.java:748)&#10;&quot;pool-228-thread-56&quot;  prio=5 tid=2828 in Object.wait()&#10;java.lang.Thread.State: WAITING (on object monitor)&#10;        at sun.misc.Unsafe.park(Native Method)&#10;        at java.util.concurrent.locks.LockSupport.park(LockSupport.java:175)&#10;        at java.util.concurrent.locks.AbstractQueuedSynchronizer$ConditionObject.await(AbstractQueuedSynchronizer.java:2039)&#10;        at java.util.concurrent.ArrayBlockingQueue.take(ArrayBlockingQueue.java:403)&#10;        at java.util.concurrent.ThreadPoolExecutor.getTask(ThreadPoolExecutor.java:1074)&#10;        at java.util.concurrent.ThreadPoolExecutor.runWorker(ThreadPoolExecutor.java:1134)&#10;        at java.util.concurrent.ThreadPoolExecutor$Worker.run(ThreadPoolExecutor.java:624)&#10;        at java.lang.Thread.run(Thread.java:748)&#10;&quot;qtp2010856706-2204&quot; daemon prio=5 tid=2204 timed_waiting&#10;java.lang.Thread.State: TIMED_WAITING&#10;        at sun.misc.Unsafe.park(Native Method)&#10;        at java.util.concurrent.locks.LockSupport.parkNanos(LockSupport.java:215)&#10;        at java.util.concurrent.locks.AbstractQueuedSynchronizer$ConditionObject.awaitNanos(AbstractQueuedSynchronizer.java:2078)&#10;        at org.eclipse.jetty.util.BlockingArrayQueue.poll(BlockingArrayQueue.java:392)&#10;        at org.eclipse.jetty.util.thread.QueuedThreadPool.idleJobPoll(QueuedThreadPool.java:563)&#10;        at org.eclipse.jetty.util.thread.QueuedThreadPool.access$800(QueuedThreadPool.java:48)&#10;        at org.eclipse.jetty.util.thread.QueuedThreadPool$2.run(QueuedThreadPool.java:626)&#10;        at java.lang.Thread.run(Thread.java:748)&#10;&quot;Datanode State Machine Thread - 0&quot; daemon prio=5 tid=2078 timed_waiting&#10;java.lang.Thread.State: TIMED_WAITING&#10;        at java.lang.Thread.sleep(Native Method)&#10;        at org.apache.hadoop.ozone.container.common.statemachine.DatanodeStateMachine.start(DatanodeStateMachine.java:196)&#10;        at org.apache.hadoop.ozone.container.common.statemachine.DatanodeStateMachine.lambda$startDaemon$0(DatanodeStateMachine.java:354)&#10;        at org.apache.hadoop.ozone.container.common.statemachine.DatanodeStateMachine$$Lambda$141/502066023.run(Unknown Source)&#10;        at java.lang.Thread.run(Thread.java:748)&#10;&quot;qtp457245448-2097&quot; daemon prio=5 tid=2097 timed_waiting&#10;java.lang.Thread.State: TIMED_WAITING&#10;        at sun.misc.Unsafe.park(Native Method)&#10;        at java.util.concurrent.locks.LockSupport.parkNanos(LockSupport.java:215)&#10;        at java.util.concurrent.locks.AbstractQueuedSynchronizer$ConditionObject.awaitNanos(AbstractQueuedSynchronizer.java:2078)&#10;        at org.eclipse.jetty.util.BlockingArrayQueue.poll(BlockingArrayQueue.java:392)&#10;        at org.eclipse.jetty.util.thread.QueuedThreadPool.idleJobPoll(QueuedThreadPool.java:563)&#10;        at org.eclipse.jetty.util.thread.QueuedThreadPool.access$800(QueuedThreadPool.java:48)&#10;        at org.eclipse.jetty.util.thread.QueuedThreadPool$2.run(QueuedThreadPool.java:626)&#10;        at java.lang.Thread.run(Thread.java:748)&#10;&quot;pool-208-thread-20&quot;  prio=5 tid=2668 in Object.wait()&#10;java.lang.Thread.State: WAITING (on object monitor)&#10;        at sun.misc.Unsafe.park(Native Method)&#10;        at java.util.concurrent.locks.LockSupport.park(LockSupport.java:175)&#10;        at java.util.concurrent.locks.AbstractQueuedSynchronizer$ConditionObject.await(AbstractQueuedSynchronizer.java:2039)&#10;        at java.util.concurrent.ArrayBlockingQueue.take(ArrayBlockingQueue.java:403)&#10;        at java.util.concurrent.ThreadPoolExecutor.getTask(ThreadPoolExecutor.java:1074)&#10;        at java.util.concurrent.ThreadPoolExecutor.runWorker(ThreadPoolExecutor.java:1134)&#10;        at java.util.concurrent.ThreadPoolExecutor$Worker.run(ThreadPoolExecutor.java:624)&#10;        at java.lang.Thread.run(Thread.java:748)&#10;&quot;pool-158-thread-15&quot;  prio=5 tid=2353 in Object.wait()&#10;java.lang.Thread.State: WAITING (on object monitor)&#10;        at sun.misc.Unsafe.park(Native Method)&#10;        at java.util.concurrent.locks.LockSupport.park(LockSupport.java:175)&#10;        at java.util.concurrent.locks.AbstractQueuedSynchronizer$ConditionObject.await(AbstractQueuedSynchronizer.java:2039)&#10;        at java.util.concurrent.ArrayBlockingQueue.take(ArrayBlockingQueue.java:403)&#10;        at java.util.concurrent.ThreadPoolExecutor.getTask(ThreadPoolExecutor.java:1074)&#10;        at java.util.concurrent.ThreadPoolExecutor.runWorker(ThreadPoolExecutor.java:1134)&#10;        at java.util.concurrent.ThreadPoolExecutor$Worker.run(ThreadPoolExecutor.java:624)&#10;        at java.lang.Thread.run(Thread.java:748)&#10;&quot;pool-218-thread-40&quot;  prio=5 tid=2750 in Object.wait()&#10;java.lang.Thread.State: WAITING (on object monitor)&#10;        at sun.misc.Unsafe.park(Native Method)&#10;        at java.util.concurrent.locks.LockSupport.park(LockSupport.java:175)&#10;        at java.util.concurrent.locks.AbstractQueuedSynchronizer$ConditionObject.await(AbstractQueuedSynchronizer.java:2039)&#10;        at java.util.concurrent.ArrayBlockingQueue.take(ArrayBlockingQueue.java:403)&#10;        at java.util.concurrent.ThreadPoolExecutor.getTask(ThreadPoolExecutor.java:1074)&#10;        at java.util.concurrent.ThreadPoolExecutor.runWorker(ThreadPoolExecutor.java:1134)&#10;        at java.util.concurrent.ThreadPoolExecutor$Worker.run(ThreadPoolExecutor.java:624)&#10;        at java.lang.Thread.run(Thread.java:748)&#10;&quot;pool-148-thread-15&quot;  prio=5 tid=2290 in Object.wait()&#10;java.lang.Thread.State: WAITING (on object monitor)&#10;        at sun.misc.Unsafe.park(Native Method)&#10;        at java.util.concurrent.locks.LockSupport.park(LockSupport.java:175)&#10;        at java.util.concurrent.locks.AbstractQueuedSynchronizer$ConditionObject.await(AbstractQueuedSynchronizer.java:2039)&#10;        at java.util.concurrent.ArrayBlockingQueue.take(ArrayBlockingQueue.java:403)&#10;        at java.util.concurrent.ThreadPoolExecutor.getTask(ThreadPoolExecutor.java:1074)&#10;        at java.util.concurrent.ThreadPoolExecutor.runWorker(ThreadPoolExecutor.java:1134)&#10;        at java.util.concurrent.ThreadPoolExecutor$Worker.run(ThreadPoolExecutor.java:624)&#10;        at java.lang.Thread.run(Thread.java:748)&#10;&quot;pool-148-thread-49&quot;  prio=5 tid=2324 in Object.wait()&#10;java.lang.Thread.State: WAITING (on object monitor)&#10;        at sun.misc.Unsafe.park(Native Method)&#10;        at java.util.concurrent.locks.LockSupport.park(LockSupport.java:175)&#10;        at java.util.concurrent.locks.AbstractQueuedSynchronizer$ConditionObject.await(AbstractQueuedSynchronizer.java:2039)&#10;        at java.util.concurrent.ArrayBlockingQueue.take(ArrayBlockingQueue.java:403)&#10;        at java.util.concurrent.ThreadPoolExecutor.getTask(ThreadPoolExecutor.java:1074)&#10;        at java.util.concurrent.ThreadPoolExecutor.runWorker(ThreadPoolExecutor.java:1134)&#10;        at java.util.concurrent.ThreadPoolExecutor$Worker.run(ThreadPoolExecutor.java:624)&#10;        at java.lang.Thread.run(Thread.java:748)&#10;&quot;pool-168-thread-11&quot;  prio=5 tid=2411 in Object.wait()&#10;java.lang.Thread.State: WAITING (on object monitor)&#10;        at sun.misc.Unsafe.park(Native Method)&#10;        at java.util.concurrent.locks.LockSupport.park(LockSupport.java:175)&#10;        at java.util.concurrent.locks.AbstractQueuedSynchronizer$ConditionObject.await(AbstractQueuedSynchronizer.java:2039)&#10;        at java.util.concurrent.ArrayBlockingQueue.take(ArrayBlockingQueue.java:403)&#10;        at java.util.concurrent.ThreadPoolExecutor.getTask(ThreadPoolExecutor.java:1074)&#10;        at java.util.concurrent.ThreadPoolExecutor.runWorker(ThreadPoolExecutor.java:1134)&#10;        at java.util.concurrent.ThreadPoolExecutor$Worker.run(ThreadPoolExecutor.java:624)&#10;        at java.lang.Thread.run(Thread.java:748)&#10;&quot;Datanode State Machine Thread - 0&quot; daemon prio=5 tid=2220 timed_waiting&#10;java.lang.Thread.State: TIMED_WAITING&#10;        at sun.misc.Unsafe.park(Native Method)&#10;        at java.util.concurrent.locks.LockSupport.parkNanos(LockSupport.java:215)&#10;        at java.util.concurrent.SynchronousQueue$TransferStack.awaitFulfill(SynchronousQueue.java:460)&#10;        at java.util.concurrent.SynchronousQueue$TransferStack.transfer(SynchronousQueue.java:362)&#10;        at java.util.concurrent.SynchronousQueue.poll(SynchronousQueue.java:941)&#10;        at java.util.concurrent.ThreadPoolExecutor.getTask(ThreadPoolExecutor.java:1073)&#10;        at java.util.concurrent.ThreadPoolExecutor.runWorker(ThreadPoolExecutor.java:1134)&#10;        at java.util.concurrent.ThreadPoolExecutor$Worker.run(ThreadPoolExecutor.java:624)&#10;        at java.lang.Thread.run(Thread.java:748)&#10;&quot;Datanode ReportManager Thread - 1&quot; daemon prio=5 tid=2134 timed_waiting&#10;java.lang.Thread.State: TIMED_WAITING&#10;        at sun.misc.Unsafe.park(Native Method)&#10;        at java.util.concurrent.locks.LockSupport.parkNanos(LockSupport.java:215)&#10;        at java.util.concurrent.locks.AbstractQueuedSynchronizer$ConditionObject.awaitNanos(AbstractQueuedSynchronizer.java:2078)&#10;        at java.util.concurrent.ScheduledThreadPoolExecutor$DelayedWorkQueue.take(ScheduledThreadPoolExecutor.java:1093)&#10;        at java.util.concurrent.ScheduledThreadPoolExecutor$DelayedWorkQueue.take(ScheduledThreadPoolExecutor.java:809)&#10;        at java.util.concurrent.ThreadPoolExecutor.getTask(ThreadPoolExecutor.java:1074)&#10;        at java.util.concurrent.ThreadPoolExecutor.runWorker(ThreadPoolExecutor.java:1134)&#10;        at java.util.concurrent.ThreadPoolExecutor$Worker.run(ThreadPoolExecutor.java:624)&#10;        at java.lang.Thread.run(Thread.java:748)&#10;&quot;pool-238-thread-9&quot;  prio=5 tid=2843 in Object.wait()&#10;java.lang.Thread.State: WAITING (on object monitor)&#10;        at sun.misc.Unsafe.park(Native Method)&#10;        at java.util.concurrent.locks.LockSupport.park(LockSupport.java:175)&#10;        at java.util.concurrent.locks.AbstractQueuedSynchronizer$ConditionObject.await(AbstractQueuedSynchronizer.java:2039)&#10;        at java.util.concurrent.ArrayBlockingQueue.take(ArrayBlockingQueue.java:403)&#10;        at java.util.concurrent.ThreadPoolExecutor.getTask(ThreadPoolExecutor.java:1074)&#10;        at java.util.concurrent.ThreadPoolExecutor.runWorker(ThreadPoolExecutor.java:1134)&#10;        at java.util.concurrent.ThreadPoolExecutor$Worker.run(ThreadPoolExecutor.java:624)&#10;        at java.lang.Thread.run(Thread.java:748)&#10;&quot;pool-244-thread-1&quot;  prio=5 tid=3093 in Object.wait()&#10;java.lang.Thread.State: WAITING (on object monitor)&#10;        at sun.misc.Unsafe.park(Native Method)&#10;        at java.util.concurrent.locks.LockSupport.park(LockSupport.java:175)&#10;        at java.util.concurrent.locks.AbstractQueuedSynchronizer$ConditionObject.await(AbstractQueuedSynchronizer.java:2039)&#10;        at java.util.concurrent.LinkedBlockingQueue.take(LinkedBlockingQueue.java:442)&#10;        at java.util.concurrent.ThreadPoolExecutor.getTask(ThreadPoolExecutor.java:1074)&#10;        at java.util.concurrent.ThreadPoolExecutor.runWorker(ThreadPoolExecutor.java:1134)&#10;        at java.util.concurrent.ThreadPoolExecutor$Worker.run(ThreadPoolExecutor.java:624)&#10;        at java.lang.Thread.run(Thread.java:748)&#10;&quot;DataNode DiskChecker thread 0&quot; daemon prio=5 tid=2036 timed_waiting&#10;java.lang.Thread.State: TIMED_WAITING&#10;        at sun.misc.Unsafe.park(Native Method)&#10;        at java.util.concurrent.locks.LockSupport.parkNanos(LockSupport.java:215)&#10;        at java.util.concurrent.SynchronousQueue$TransferStack.awaitFulfill(SynchronousQueue.java:460)&#10;        at java.util.concurrent.SynchronousQueue$TransferStack.transfer(SynchronousQueue.java:362)&#10;        at java.util.concurrent.SynchronousQueue.poll(SynchronousQueue.java:941)&#10;        at java.util.concurrent.ThreadPoolExecutor.getTask(ThreadPoolExecutor.java:1073)&#10;        at java.util.concurrent.ThreadPoolExecutor.runWorker(ThreadPoolExecutor.java:1134)&#10;        at java.util.concurrent.ThreadPoolExecutor$Worker.run(ThreadPoolExecutor.java:624)&#10;        at java.lang.Thread.run(Thread.java:748)&#10;&quot;qtp769195805-2019&quot; daemon prio=5 tid=2019 timed_waiting&#10;java.lang.Thread.State: TIMED_WAITING&#10;        at sun.misc.Unsafe.park(Native Method)&#10;        at java.util.concurrent.locks.LockSupport.parkNanos(LockSupport.java:215)&#10;        at java.util.concurrent.locks.AbstractQueuedSynchronizer$ConditionObject.awaitNanos(AbstractQueuedSynchronizer.java:2078)&#10;        at org.eclipse.jetty.util.BlockingArrayQueue.poll(BlockingArrayQueue.java:392)&#10;        at org.eclipse.jetty.util.thread.QueuedThreadPool.idleJobPoll(QueuedThreadPool.java:563)&#10;        at org.eclipse.jetty.util.thread.QueuedThreadPool.access$800(QueuedThreadPool.java:48)&#10;        at org.eclipse.jetty.util.thread.QueuedThreadPool$2.run(QueuedThreadPool.java:626)&#10;        at java.lang.Thread.run(Thread.java:748)&#10;&quot;pool-188-thread-30&quot;  prio=5 tid=2554 in Object.wait()&#10;java.lang.Thread.State: WAITING (on object monitor)&#10;        at sun.misc.Unsafe.park(Native Method)&#10;        at java.util.concurrent.locks.LockSupport.park(LockSupport.java:175)&#10;        at java.util.concurrent.locks.AbstractQueuedSynchronizer$ConditionObject.await(AbstractQueuedSynchronizer.java:2039)&#10;        at java.util.concurrent.ArrayBlockingQueue.take(ArrayBlockingQueue.java:403)&#10;        at java.util.concurrent.ThreadPoolExecutor.getTask(ThreadPoolExecutor.java:1074)&#10;        at java.util.concurrent.ThreadPoolExecutor.runWorker(ThreadPoolExecutor.java:1134)&#10;        at java.util.concurrent.ThreadPoolExecutor$Worker.run(ThreadPoolExecutor.java:624)&#10;        at java.lang.Thread.run(Thread.java:748)&#10;&quot;pool-188-thread-7&quot;  prio=5 tid=2531 in Object.wait()&#10;java.lang.Thread.State: WAITING (on object monitor)&#10;        at sun.misc.Unsafe.park(Native Method)&#10;        at java.util.concurrent.locks.LockSupport.park(LockSupport.java:175)&#10;        at java.util.concurrent.locks.AbstractQueuedSynchronizer$ConditionObject.await(AbstractQueuedSynchronizer.java:2039)&#10;        at java.util.concurrent.ArrayBlockingQueue.take(ArrayBlockingQueue.java:403)&#10;        at java.util.concurrent.ThreadPoolExecutor.getTask(ThreadPoolExecutor.java:1074)&#10;        at java.util.concurrent.ThreadPoolExecutor.runWorker(ThreadPoolExecutor.java:1134)&#10;        at java.util.concurrent.ThreadPoolExecutor$Worker.run(ThreadPoolExecutor.java:624)&#10;        at java.lang.Thread.run(Thread.java:748)&#10;&quot;pool-208-thread-23&quot;  prio=5 tid=2671 in Object.wait()&#10;java.lang.Thread.State: WAITING (on object monitor)&#10;        at sun.misc.Unsafe.park(Native Method)&#10;        at java.util.concurrent.locks.LockSupport.park(LockSupport.java:175)&#10;        at java.util.concurrent.locks.AbstractQueuedSynchronizer$ConditionObject.await(AbstractQueuedSynchronizer.java:2039)&#10;        at java.util.concurrent.ArrayBlockingQueue.take(ArrayBlockingQueue.java:403)&#10;        at java.util.concurrent.ThreadPoolExecutor.getTask(ThreadPoolExecutor.java:1074)&#10;        at java.util.concurrent.ThreadPoolExecutor.runWorker(ThreadPoolExecutor.java:1134)&#10;        at java.util.concurrent.ThreadPoolExecutor$Worker.run(ThreadPoolExecutor.java:624)&#10;        at java.lang.Thread.run(Thread.java:748)&#10;&quot;qtp984235065-2041-acceptor-0@28d1b57f-ServerConnector@d16be4f{HTTP/1.1,[http/1.1]}{0.0.0.0:45938}&quot; daemon prio=3 tid=2041 runnable&#10;java.lang.Thread.State: RUNNABLE&#10;        at sun.nio.ch.ServerSocketChannelImpl.accept0(Native Method)&#10;        at sun.nio.ch.ServerSocketChannelImpl.accept(ServerSocketChannelImpl.java:422)&#10;        at sun.nio.ch.ServerSocketChannelImpl.accept(ServerSocketChannelImpl.java:250)&#10;        at org.eclipse.jetty.server.ServerConnector.accept(ServerConnector.java:397)&#10;        at org.eclipse.jetty.server.AbstractConnector$Acceptor.run(AbstractConnector.java:601)&#10;        at org.eclipse.jetty.util.thread.QueuedThreadPool.runJob(QueuedThreadPool.java:671)&#10;        at org.eclipse.jetty.util.thread.QueuedThreadPool$2.run(QueuedThreadPool.java:589)&#10;        at java.lang.Thread.run(Thread.java:748)&#10;&quot;main&quot;  prio=5 tid=1 runnable&#10;java.lang.Thread.State: RUNNABLE&#10;        at java.lang.Thread.dumpThreads(Native Method)&#10;        at java.lang.Thread.getAllStackTraces(Thread.java:1610)&#10;        at org.apache.hadoop.test.TimedOutTestsListener.buildThreadDump(TimedOutTestsListener.java:87)&#10;        at org.apache.hadoop.test.TimedOutTestsListener.buildThreadDiagnosticString(TimedOutTestsListener.java:73)&#10;        at org.apache.hadoop.test.GenericTestUtils.waitFor(GenericTestUtils.java:389)&#10;        at org.apache.hadoop.ozone.container.ContainerTestHelper.waitForContainerClose(ContainerTestHelper.java:903)&#10;        at org.apache.hadoop.ozone.client.rpc.TestFailureHandlingByClient.testContainerExclusionWithClosedContainerException(TestFailureHandlingByClient.java:249)&#10;        at sun.reflect.NativeMethodAccessorImpl.invoke0(Native Method)&#10;        at sun.reflect.NativeMethodAccessorImpl.invoke(NativeMethodAccessorImpl.java:62)&#10;        at sun.reflect.DelegatingMethodAccessorImpl.invoke(DelegatingMethodAccessorImpl.java:43)&#10;        at java.lang.reflect.Method.invoke(Method.java:498)&#10;        at org.junit.runners.model.FrameworkMethod$1.runReflectiveCall(FrameworkMethod.java:47)&#10;        at org.junit.internal.runners.model.ReflectiveCallable.run(ReflectiveCallable.java:12)&#10;        at org.junit.runners.model.FrameworkMethod.invokeExplosively(FrameworkMethod.java:44)&#10;        at org.junit.internal.runners.statements.InvokeMethod.evaluate(InvokeMethod.java:17)&#10;        at org.junit.internal.runners.statements.RunAfters.evaluate(RunAfters.java:27)&#10;        at org.junit.runners.ParentRunner.runLeaf(ParentRunner.java:271)&#10;        at org.junit.runners.BlockJUnit4ClassRunner.runChild(BlockJUnit4ClassRunner.java:70)&#10;        at org.junit.runners.BlockJUnit4ClassRunner.runChild(BlockJUnit4ClassRunner.java:50)&#10;        at org.junit.runners.ParentRunner$3.run(ParentRunner.java:238)&#10;        at org.junit.runners.ParentRunner$1.schedule(ParentRunner.java:63)&#10;        at org.junit.runners.ParentRunner.runChildren(ParentRunner.java:236)&#10;        at org.junit.runners.ParentRunner.access$000(ParentRunner.java:53)&#10;        at org.junit.runners.ParentRunner$2.evaluate(ParentRunner.java:229)&#10;        at org.junit.runners.ParentRunner.run(ParentRunner.java:309)&#10;        at org.apache.maven.surefire.junit4.JUnit4Provider.execute(JUnit4Provider.java:365)&#10;        at org.apache.maven.surefire.junit4.JUnit4Provider.executeWithRerun(JUnit4Provider.java:273)&#10;        at org.apache.maven.surefire.junit4.JUnit4Provider.executeTestSet(JUnit4Provider.java:238)&#10;        at org.apache.maven.surefire.junit4.JUnit4Provider.invoke(JUnit4Provider.java:159)&#10;        at org.apache.maven.surefire.booter.ForkedBooter.invokeProviderInSameClassLoader(ForkedBooter.java:384)&#10;        at org.apache.maven.surefire.booter.ForkedBooter.runSuitesInProcess(ForkedBooter.java:345)&#10;        at org.apache.maven.surefire.booter.ForkedBooter.execute(ForkedBooter.java:126)&#10;        at org.apache.maven.surefire.booter.ForkedBooter.main(ForkedBooter.java:418)&#10;&quot;Datanode ReportManager Thread - 3&quot; daemon prio=5 tid=2217 in Object.wait()&#10;java.lang.Thread.State: WAITING (on object monitor)&#10;        at sun.misc.Unsafe.park(Native Method)&#10;        at java.util.concurrent.locks.LockSupport.park(LockSupport.java:175)&#10;        at java.util.concurrent.locks.AbstractQueuedSynchronizer$ConditionObject.await(AbstractQueuedSynchronizer.java:2039)&#10;        at java.util.concurrent.ScheduledThreadPoolExecutor$DelayedWorkQueue.take(ScheduledThreadPoolExecutor.java:1088)&#10;        at java.util.concurrent.ScheduledThreadPoolExecutor$DelayedWorkQueue.take(ScheduledThreadPoolExecutor.java:809)&#10;        at java.util.concurrent.ThreadPoolExecutor.getTask(ThreadPoolExecutor.java:1074)&#10;        at java.util.concurrent.ThreadPoolExecutor.runWorker(ThreadPoolExecutor.java:1134)&#10;        at java.util.concurrent.ThreadPoolExecutor$Worker.run(ThreadPoolExecutor.java:624)&#10;        at java.lang.Thread.run(Thread.java:748)&#10;&quot;qtp2120404899-2150&quot; daemon prio=5 tid=2150 timed_waiting&#10;java.lang.Thread.State: TIMED_WAITING&#10;        at sun.misc.Unsafe.park(Native Method)&#10;        at java.util.concurrent.locks.LockSupport.parkNanos(LockSupport.java:215)&#10;        at java.util.concurrent.locks.AbstractQueuedSynchronizer$ConditionObject.awaitNanos(AbstractQueuedSynchronizer.java:2078)&#10;        at org.eclipse.jetty.util.BlockingArrayQueue.poll(BlockingArrayQueue.java:392)&#10;        at org.eclipse.jetty.util.thread.QueuedThreadPool.idleJobPoll(QueuedThreadPool.java:563)&#10;        at org.eclipse.jetty.util.thread.QueuedThreadPool.access$800(QueuedThreadPool.java:48)&#10;        at org.eclipse.jetty.util.thread.QueuedThreadPool$2.run(QueuedThreadPool.java:626)&#10;        at java.lang.Thread.run(Thread.java:748)&#10;&quot;pool-198-thread-11&quot;  prio=5 tid=2597 in Object.wait()&#10;java.lang.Thread.State: WAITING (on object monitor)&#10;        at sun.misc.Unsafe.park(Native Method)&#10;        at java.util.concurrent.locks.LockSupport.park(LockSupport.java:175)&#10;        at java.util.concurrent.locks.AbstractQueuedSynchronizer$ConditionObject.await(AbstractQueuedSynchronizer.java:2039)&#10;        at java.util.concurrent.ArrayBlockingQueue.take(ArrayBlockingQueue.java:403)&#10;        at java.util.concurrent.ThreadPoolExecutor.getTask(ThreadPoolExecutor.java:1074)&#10;        at java.util.concurrent.ThreadPoolExecutor.runWorker(ThreadPoolExecutor.java:1134)&#10;        at java.util.concurrent.ThreadPoolExecutor$Worker.run(ThreadPoolExecutor.java:624)&#10;        at java.lang.Thread.run(Thread.java:748)&#10;&quot;EventQueue-NodeRegistrationContainerReportForContainerSafeModeRule&quot; daemon prio=5 tid=2900 in Object.wait()&#10;java.lang.Thread.State: WAITING (on object monitor)&#10;        at sun.misc.Unsafe.park(Native Method)&#10;        at java.util.concurrent.locks.LockSupport.park(LockSupport.java:175)&#10;        at java.util.concurrent.locks.AbstractQueuedSynchronizer$ConditionObject.await(AbstractQueuedSynchronizer.java:2039)&#10;        at java.util.concurrent.LinkedBlockingQueue.take(LinkedBlockingQueue.java:442)&#10;        at java.util.concurrent.ThreadPoolExecutor.getTask(ThreadPoolExecutor.java:1074)&#10;        at java.util.concurrent.ThreadPoolExecutor.runWorker(ThreadPoolExecutor.java:1134)&#10;        at java.util.concurrent.ThreadPoolExecutor$Worker.run(ThreadPoolExecutor.java:624)&#10;        at java.lang.Thread.run(Thread.java:748)&#10;&quot;Datanode ReportManager Thread - 0&quot; daemon prio=5 tid=171 in Object.wait()&#10;java.lang.Thread.State: WAITING (on object monitor)&#10;        at sun.misc.Unsafe.park(Native Method)&#10;        at java.util.concurrent.locks.LockSupport.park(LockSupport.java:175)&#10;        at java.util.concurrent.locks.AbstractQueuedSynchronizer$ConditionObject.await(AbstractQueuedSynchronizer.java:2039)&#10;        at java.util.concurrent.ScheduledThreadPoolExecutor$DelayedWorkQueue.take(ScheduledThreadPoolExecutor.java:1088)&#10;        at java.util.concurrent.ScheduledThreadPoolExecutor$DelayedWorkQueue.take(ScheduledThreadPoolExecutor.java:809)&#10;        at java.util.concurrent.ThreadPoolExecutor.getTask(ThreadPoolExecutor.java:1074)&#10;        at java.util.concurrent.ThreadPoolExecutor.runWorker(ThreadPoolExecutor.java:1134)&#10;        at java.util.concurrent.ThreadPoolExecutor$Worker.run(ThreadPoolExecutor.java:624)&#10;        at java.lang.Thread.run(Thread.java:748)&#10;&quot;pool-238-thread-37&quot;  prio=5 tid=2871 in Object.wait()&#10;java.lang.Thread.State: WAITING (on object monitor)&#10;        at sun.misc.Unsafe.park(Native Method)&#10;        at java.util.concurrent.locks.LockSupport.park(LockSupport.java:175)&#10;        at java.util.concurrent.locks.AbstractQueuedSynchronizer$ConditionObject.await(AbstractQueuedSynchronizer.java:2039)&#10;        at java.util.concurrent.ArrayBlockingQueue.take(ArrayBlockingQueue.java:403)&#10;        at java.util.concurrent.ThreadPoolExecutor.getTask(ThreadPoolExecutor.java:1074)&#10;        at java.util.concurrent.ThreadPoolExecutor.runWorker(ThreadPoolExecutor.java:1134)&#10;        at java.util.concurrent.ThreadPoolExecutor$Worker.run(ThreadPoolExecutor.java:624)&#10;        at java.lang.Thread.run(Thread.java:748)&#10;&quot;pool-198-thread-46&quot;  prio=5 tid=2632 in Object.wait()&#10;java.lang.Thread.State: WAITING (on object monitor)&#10;        at sun.misc.Unsafe.park(Native Method)&#10;        at java.util.concurrent.locks.LockSupport.park(LockSupport.java:175)&#10;        at java.util.concurrent.locks.AbstractQueuedSynchronizer$ConditionObject.await(AbstractQueuedSynchronizer.java:2039)&#10;        at java.util.concurrent.ArrayBlockingQueue.take(ArrayBlockingQueue.java:403)&#10;        at java.util.concurrent.ThreadPoolExecutor.getTask(ThreadPoolExecutor.java:1074)&#10;        at java.util.concurrent.ThreadPoolExecutor.runWorker(ThreadPoolExecutor.java:1134)&#10;        at java.util.concurrent.ThreadPoolExecutor$Worker.run(ThreadPoolExecutor.java:624)&#10;        at java.lang.Thread.run(Thread.java:748)&#10;&quot;pool-198-thread-7&quot;  prio=5 tid=2593 in Object.wait()&#10;java.lang.Thread.State: WAITING (on object monitor)&#10;        at sun.misc.Unsafe.park(Native Method)&#10;        at java.util.concurrent.locks.LockSupport.park(LockSupport.java:175)&#10;        at java.util.concurrent.locks.AbstractQueuedSynchronizer$ConditionObject.await(AbstractQueuedSynchronizer.java:2039)&#10;        at java.util.concurrent.ArrayBlockingQueue.take(ArrayBlockingQueue.java:403)&#10;        at java.util.concurrent.ThreadPoolExecutor.getTask(ThreadPoolExecutor.java:1074)&#10;        at java.util.concurrent.ThreadPoolExecutor.runWorker(ThreadPoolExecutor.java:1134)&#10;        at java.util.concurrent.ThreadPoolExecutor$Worker.run(ThreadPoolExecutor.java:624)&#10;        at java.lang.Thread.run(Thread.java:748)&#10;&quot;qtp841721161-2073&quot; daemon prio=5 tid=2073 timed_waiting&#10;java.lang.Thread.State: TIMED_WAITING&#10;        at sun.misc.Unsafe.park(Native Method)&#10;        at java.util.concurrent.locks.LockSupport.parkNanos(LockSupport.java:215)&#10;        at java.util.concurrent.locks.AbstractQueuedSynchronizer$ConditionObject.awaitNanos(AbstractQueuedSynchronizer.java:2078)&#10;        at org.eclipse.jetty.util.BlockingArrayQueue.poll(BlockingArrayQueue.java:392)&#10;        at org.eclipse.jetty.util.thread.QueuedThreadPool.idleJobPoll(QueuedThreadPool.java:563)&#10;        at org.eclipse.jetty.util.thread.QueuedThreadPool.access$800(QueuedThreadPool.java:48)&#10;        at org.eclipse.jetty.util.thread.QueuedThreadPool$2.run(QueuedThreadPool.java:626)&#10;        at java.lang.Thread.run(Thread.java:748)&#10;&quot;qtp841721161-2072&quot; daemon prio=5 tid=2072 timed_waiting&#10;java.lang.Thread.State: TIMED_WAITING&#10;        at sun.misc.Unsafe.park(Native Method)&#10;        at java.util.concurrent.locks.LockSupport.parkNanos(LockSupport.java:215)&#10;        at java.util.concurrent.locks.AbstractQueuedSynchronizer$ConditionObject.awaitNanos(AbstractQueuedSynchronizer.java:2078)&#10;        at org.eclipse.jetty.util.BlockingArrayQueue.poll(BlockingArrayQueue.java:392)&#10;        at org.eclipse.jetty.util.thread.QueuedThreadPool.idleJobPoll(QueuedThreadPool.java:563)&#10;        at org.eclipse.jetty.util.thread.QueuedThreadPool.access$800(QueuedThreadPool.java:48)&#10;        at org.eclipse.jetty.util.thread.QueuedThreadPool$2.run(QueuedThreadPool.java:626)&#10;        at java.lang.Thread.run(Thread.java:748)&#10;&quot;pool-228-thread-34&quot;  prio=5 tid=2806 in Object.wait()&#10;java.lang.Thread.State: WAITING (on object monitor)&#10;        at sun.misc.Unsafe.park(Native Method)&#10;        at java.util.concurrent.locks.LockSupport.park(LockSupport.java:175)&#10;        at java.util.concurrent.locks.AbstractQueuedSynchronizer$ConditionObject.await(AbstractQueuedSynchronizer.java:2039)&#10;        at java.util.concurrent.ArrayBlockingQueue.take(ArrayBlockingQueue.java:403)&#10;        at java.util.concurrent.ThreadPoolExecutor.getTask(ThreadPoolExecutor.java:1074)&#10;        at java.util.concurrent.ThreadPoolExecutor.runWorker(ThreadPoolExecutor.java:1134)&#10;        at java.util.concurrent.ThreadPoolExecutor$Worker.run(ThreadPoolExecutor.java:624)&#10;        at java.lang.Thread.run(Thread.java:748)&#10;&quot;pool-242-thread-1&quot;  prio=5 tid=2255 timed_waiting&#10;java.lang.Thread.State: TIMED_WAITING&#10;        at sun.misc.Unsafe.park(Native Method)&#10;        at java.util.concurrent.locks.LockSupport.parkNanos(LockSupport.java:215)&#10;        at java.util.concurrent.locks.AbstractQueuedSynchronizer$ConditionObject.awaitNanos(AbstractQueuedSynchronizer.java:2078)&#10;        at java.util.concurrent.ScheduledThreadPoolExecutor$DelayedWorkQueue.take(ScheduledThreadPoolExecutor.java:1093)&#10;        at java.util.concurrent.ScheduledThreadPoolExecutor$DelayedWorkQueue.take(ScheduledThreadPoolExecutor.java:809)&#10;        at java.util.concurrent.ThreadPoolExecutor.getTask(ThreadPoolExecutor.java:1074)&#10;        at java.util.concurrent.ThreadPoolExecutor.runWorker(ThreadPoolExecutor.java:1134)&#10;        at java.util.concurrent.ThreadPoolExecutor$Worker.run(ThreadPoolExecutor.java:624)&#10;        at java.lang.Thread.run(Thread.java:748)&#10;&quot;qtp457245448-2094&quot; daemon prio=5 tid=2094 runnable&#10;java.lang.Thread.State: RUNNABLE&#10;        at sun.nio.ch.EPollArrayWrapper.epollWait(Native Method)&#10;        at sun.nio.ch.EPollArrayWrapper.poll(EPollArrayWrapper.java:269)&#10;        at sun.nio.ch.EPollSelectorImpl.doSelect(EPollSelectorImpl.java:93)&#10;        at sun.nio.ch.SelectorImpl.lockAndDoSelect(SelectorImpl.java:86)&#10;        at sun.nio.ch.SelectorImpl.select(SelectorImpl.java:97)&#10;        at sun.nio.ch.SelectorImpl.select(SelectorImpl.java:101)&#10;        at org.eclipse.jetty.io.ManagedSelector$SelectorProducer.select(ManagedSelector.java:243)&#10;        at org.eclipse.jetty.io.ManagedSelector$SelectorProducer.produce(ManagedSelector.java:191)&#10;        at org.eclipse.jetty.util.thread.strategy.ExecuteProduceConsume.executeProduceConsume(ExecuteProduceConsume.java:249)&#10;        at org.eclipse.jetty.util.thread.strategy.ExecuteProduceConsume.produceConsume(ExecuteProduceConsume.java:148)&#10;        at org.eclipse.jetty.util.thread.strategy.ExecuteProduceConsume.execute(ExecuteProduceConsume.java:100)&#10;        at org.eclipse.jetty.io.ManagedSelector.run(ManagedSelector.java:147)&#10;        at org.eclipse.jetty.util.thread.QueuedThreadPool.runJob(QueuedThreadPool.java:671)&#10;        at org.eclipse.jetty.util.thread.QueuedThreadPool$2.run(QueuedThreadPool.java:589)&#10;        at java.lang.Thread.run(Thread.java:748)&#10;&quot;pool-148-thread-12&quot;  prio=5 tid=2287 in Object.wait()&#10;java.lang.Thread.State: WAITING (on object monitor)&#10;        at sun.misc.Unsafe.park(Native Method)&#10;        at java.util.concurrent.locks.LockSupport.park(LockSupport.java:175)&#10;        at java.util.concurrent.locks.AbstractQueuedSynchronizer$ConditionObject.await(AbstractQueuedSynchronizer.java:2039)&#10;        at java.util.concurrent.ArrayBlockingQueue.take(ArrayBlockingQueue.java:403)&#10;        at java.util.concurrent.ThreadPoolExecutor.getTask(ThreadPoolExecutor.java:1074)&#10;        at java.util.concurrent.ThreadPoolExecutor.runWorker(ThreadPoolExecutor.java:1134)&#10;        at java.util.concurrent.ThreadPoolExecutor$Worker.run(ThreadPoolExecutor.java:624)&#10;        at java.lang.Thread.run(Thread.java:748)&#10;&quot;pool-158-thread-49&quot;  prio=5 tid=2387 in Object.wait()&#10;java.lang.Thread.State: WAITING (on object monitor)&#10;        at sun.misc.Unsafe.park(Native Method)&#10;        at java.util.concurrent.locks.LockSupport.park(LockSupport.java:175)&#10;        at java.util.concurrent.locks.AbstractQueuedSynchronizer$ConditionObject.await(AbstractQueuedSynchronizer.java:2039)&#10;        at java.util.concurrent.ArrayBlockingQueue.take(ArrayBlockingQueue.java:403)&#10;        at java.util.concurrent.ThreadPoolExecutor.getTask(ThreadPoolExecutor.java:1074)&#10;        at java.util.concurrent.ThreadPoolExecutor.runWorker(ThreadPoolExecutor.java:1134)&#10;        at java.util.concurrent.ThreadPoolExecutor$Worker.run(ThreadPoolExecutor.java:624)&#10;        at java.lang.Thread.run(Thread.java:748)&#10;&quot;pool-238-thread-27&quot;  prio=5 tid=2861 in Object.wait()&#10;java.lang.Thread.State: WAITING (on object monitor)&#10;        at sun.misc.Unsafe.park(Native Method)&#10;        at java.util.concurrent.locks.LockSupport.park(LockSupport.java:175)&#10;        at java.util.concurrent.locks.AbstractQueuedSynchronizer$ConditionObject.await(AbstractQueuedSynchronizer.java:2039)&#10;        at java.util.concurrent.ArrayBlockingQueue.take(ArrayBlockingQueue.java:403)&#10;        at java.util.concurrent.ThreadPoolExecutor.getTask(ThreadPoolExecutor.java:1074)&#10;        at java.util.concurrent.ThreadPoolExecutor.runWorker(ThreadPoolExecutor.java:1134)&#10;        at java.util.concurrent.ThreadPoolExecutor$Worker.run(ThreadPoolExecutor.java:624)&#10;        at java.lang.Thread.run(Thread.java:748)&#10;&quot;BlockDeletingService#1&quot; daemon prio=5 tid=2586 in Object.wait()&#10;java.lang.Thread.State: WAITING (on object monitor)&#10;        at sun.misc.Unsafe.park(Native Method)&#10;        at java.util.concurrent.locks.LockSupport.park(LockSupport.java:175)&#10;        at java.util.concurrent.locks.AbstractQueuedSynchronizer$ConditionObject.await(AbstractQueuedSynchronizer.java:2039)&#10;        at java.util.concurrent.ScheduledThreadPoolExecutor$DelayedWorkQueue.take(ScheduledThreadPoolExecutor.java:1088)&#10;        at java.util.concurrent.ScheduledThreadPoolExecutor$DelayedWorkQueue.take(ScheduledThreadPoolExecutor.java:809)&#10;        at java.util.concurrent.ThreadPoolExecutor.getTask(ThreadPoolExecutor.java:1074)&#10;        at java.util.concurrent.ThreadPoolExecutor.runWorker(ThreadPoolExecutor.java:1134)&#10;        at java.util.concurrent.ThreadPoolExecutor$Worker.run(ThreadPoolExecutor.java:624)&#10;        at java.lang.Thread.run(Thread.java:748)&#10;&quot;qtp457245448-2101&quot; daemon prio=5 tid=2101 timed_waiting&#10;java.lang.Thread.State: TIMED_WAITING&#10;        at sun.misc.Unsafe.park(Native Method)&#10;        at java.util.concurrent.locks.LockSupport.parkNanos(LockSupport.java:215)&#10;        at java.util.concurrent.locks.AbstractQueuedSynchronizer$ConditionObject.awaitNanos(AbstractQueuedSynchronizer.java:2078)&#10;        at org.eclipse.jetty.util.BlockingArrayQueue.poll(BlockingArrayQueue.java:392)&#10;        at org.eclipse.jetty.util.thread.QueuedThreadPool.idleJobPoll(QueuedThreadPool.java:563)&#10;        at org.eclipse.jetty.util.thread.QueuedThreadPool.access$800(QueuedThreadPool.java:48)&#10;        at org.eclipse.jetty.util.thread.QueuedThreadPool$2.run(QueuedThreadPool.java:626)&#10;        at java.lang.Thread.run(Thread.java:748)&#10;&quot;IPC Server handler 10 on 39845&quot; daemon prio=5 tid=1939 timed_waiting&#10;java.lang.Thread.State: TIMED_WAITING&#10;        at sun.misc.Unsafe.park(Native Method)&#10;        at java.util.concurrent.locks.LockSupport.parkNanos(LockSupport.java:215)&#10;        at java.util.concurrent.locks.AbstractQueuedSynchronizer$ConditionObject.awaitNanos(AbstractQueuedSynchronizer.java:2078)&#10;        at java.util.concurrent.LinkedBlockingQueue.poll(LinkedBlockingQueue.java:467)&#10;        at org.apache.hadoop.ipc.CallQueueManager.take(CallQueueManager.java:288)&#10;        at org.apache.hadoop.ipc.Server$Handler.run(Server.java:2668)&#10;&quot;pool-188-thread-55&quot;  prio=5 tid=2579 in Object.wait()&#10;java.lang.Thread.State: WAITING (on object monitor)&#10;        at sun.misc.Unsafe.park(Native Method)&#10;        at java.util.concurrent.locks.LockSupport.park(LockSupport.java:175)&#10;        at java.util.concurrent.locks.AbstractQueuedSynchronizer$ConditionObject.await(AbstractQueuedSynchronizer.java:2039)&#10;        at java.util.concurrent.ArrayBlockingQueue.take(ArrayBlockingQueue.java:403)&#10;        at java.util.concurrent.ThreadPoolExecutor.getTask(ThreadPoolExecutor.java:1074)&#10;        at java.util.concurrent.ThreadPoolExecutor.runWorker(ThreadPoolExecutor.java:1134)&#10;        at java.util.concurrent.ThreadPoolExecutor$Worker.run(ThreadPoolExecutor.java:624)&#10;        at java.lang.Thread.run(Thread.java:748)&#10;&quot;pool-178-thread-55&quot;  prio=5 tid=2517 in Object.wait()&#10;java.lang.Thread.State: WAITING (on object monitor)&#10;        at sun.misc.Unsafe.park(Native Method)&#10;        at java.util.concurrent.locks.LockSupport.park(LockSupport.java:175)&#10;        at java.util.concurrent.locks.AbstractQueuedSynchronizer$ConditionObject.await(AbstractQueuedSynchronizer.java:2039)&#10;        at java.util.concurrent.ArrayBlockingQueue.take(ArrayBlockingQueue.java:403)&#10;        at java.util.concurrent.ThreadPoolExecutor.getTask(ThreadPoolExecutor.java:1074)&#10;        at java.util.concurrent.ThreadPoolExecutor.runWorker(ThreadPoolExecutor.java:1134)&#10;        at java.util.concurrent.ThreadPoolExecutor$Worker.run(ThreadPoolExecutor.java:624)&#10;        at java.lang.Thread.run(Thread.java:748)&#10;&quot;pool-208-thread-9&quot;  prio=5 tid=2657 in Object.wait()&#10;java.lang.Thread.State: WAITING (on object monitor)&#10;        at sun.misc.Unsafe.park(Native Method)&#10;        at java.util.concurrent.locks.LockSupport.park(LockSupport.java:175)&#10;        at java.util.concurrent.locks.AbstractQueuedSynchronizer$ConditionObject.await(AbstractQueuedSynchronizer.java:2039)&#10;        at java.util.concurrent.ArrayBlockingQueue.take(ArrayBlockingQueue.java:403)&#10;        at java.util.concurrent.ThreadPoolExecutor.getTask(ThreadPoolExecutor.java:1074)&#10;        at java.util.concurrent.ThreadPoolExecutor.runWorker(ThreadPoolExecutor.java:1134)&#10;        at java.util.concurrent.ThreadPoolExecutor$Worker.run(ThreadPoolExecutor.java:624)&#10;        at java.lang.Thread.run(Thread.java:748)&#10;&quot;pool-218-thread-52&quot;  prio=5 tid=2762 in Object.wait()&#10;java.lang.Thread.State: WAITING (on object monitor)&#10;        at sun.misc.Unsafe.park(Native Method)&#10;        at java.util.concurrent.locks.LockSupport.park(LockSupport.java:175)&#10;        at java.util.concurrent.locks.AbstractQueuedSynchronizer$ConditionObject.await(AbstractQueuedSynchronizer.java:2039)&#10;        at java.util.concurrent.ArrayBlockingQueue.take(ArrayBlockingQueue.java:403)&#10;        at java.util.concurrent.ThreadPoolExecutor.getTask(ThreadPoolExecutor.java:1074)&#10;        at java.util.concurrent.ThreadPoolExecutor.runWorker(ThreadPoolExecutor.java:1134)&#10;        at java.util.concurrent.ThreadPoolExecutor$Worker.run(ThreadPoolExecutor.java:624)&#10;        at java.lang.Thread.run(Thread.java:748)&#10;&quot;Command processor thread&quot; daemon prio=5 tid=2083 timed_waiting&#10;java.lang.Thread.State: TIMED_WAITING&#10;        at java.lang.Thread.sleep(Native Method)&#10;        at org.apache.hadoop.ozone.container.common.statemachine.DatanodeStateMachine.lambda$initCommandHandlerThread$1(DatanodeStateMachine.java:444)&#10;        at org.apache.hadoop.ozone.container.common.statemachine.DatanodeStateMachine$$Lambda$142/1059342576.run(Unknown Source)&#10;        at java.lang.Thread.run(Thread.java:748)&#10;&quot;IPC Server Responder&quot; daemon prio=5 tid=1885 runnable&#10;java.lang.Thread.State: RUNNABLE&#10;        at sun.nio.ch.EPollArrayWrapper.epollWait(Native Method)&#10;        at sun.nio.ch.EPollArrayWrapper.poll(EPollArrayWrapper.java:269)&#10;        at sun.nio.ch.EPollSelectorImpl.doSelect(EPollSelectorImpl.java:93)&#10;        at sun.nio.ch.SelectorImpl.lockAndDoSelect(SelectorImpl.java:86)&#10;        at sun.nio.ch.SelectorImpl.select(SelectorImpl.java:97)&#10;        at org.apache.hadoop.ipc.Server$Responder.doRunLoop(Server.java:1334)&#10;        at org.apache.hadoop.ipc.Server$Responder.run(Server.java:1317)&#10;&quot;BlockDeletingService#0&quot; daemon prio=5 tid=2585 timed_waiting&#10;java.lang.Thread.State: TIMED_WAITING&#10;        at sun.misc.Unsafe.park(Native Method)&#10;        at java.util.concurrent.locks.LockSupport.parkNanos(LockSupport.java:215)&#10;        at java.util.concurrent.locks.AbstractQueuedSynchronizer$ConditionObject.awaitNanos(AbstractQueuedSynchronizer.java:2078)&#10;        at java.util.concurrent.ScheduledThreadPoolExecutor$DelayedWorkQueue.take(ScheduledThreadPoolExecutor.java:1093)&#10;        at java.util.concurrent.ScheduledThreadPoolExecutor$DelayedWorkQueue.take(ScheduledThreadPoolExecutor.java:809)&#10;        at java.util.concurrent.ThreadPoolExecutor.getTask(ThreadPoolExecutor.java:1074)&#10;        at java.util.concurrent.ThreadPoolExecutor.runWorker(ThreadPoolExecutor.java:1134)&#10;        at java.util.concurrent.ThreadPoolExecutor$Worker.run(ThreadPoolExecutor.java:624)&#10;        at java.lang.Thread.run(Thread.java:748)&#10;&quot;pool-218-thread-25&quot;  prio=5 tid=2735 in Object.wait()&#10;java.lang.Thread.State: WAITING (on object monitor)&#10;        at sun.misc.Unsafe.park(Native Method)&#10;        at java.util.concurrent.locks.LockSupport.park(LockSupport.java:175)&#10;        at java.util.concurrent.locks.AbstractQueuedSynchronizer$ConditionObject.await(AbstractQueuedSynchronizer.java:2039)&#10;        at java.util.concurrent.ArrayBlockingQueue.take(ArrayBlockingQueue.java:403)&#10;        at java.util.concurrent.ThreadPoolExecutor.getTask(ThreadPoolExecutor.java:1074)&#10;        at java.util.concurrent.ThreadPoolExecutor.runWorker(ThreadPoolExecutor.java:1134)&#10;        at java.util.concurrent.ThreadPoolExecutor$Worker.run(ThreadPoolExecutor.java:624)&#10;        at java.lang.Thread.run(Thread.java:748)&#10;&quot;IPC Server handler 10 on 45410&quot; daemon prio=5 tid=1982 timed_waiting&#10;java.lang.Thread.State: TIMED_WAITING&#10;        at sun.misc.Unsafe.park(Native Method)&#10;        at java.util.concurrent.locks.LockSupport.parkNanos(LockSupport.java:215)&#10;        at java.util.concurrent.locks.AbstractQueuedSynchronizer$ConditionObject.awaitNanos(AbstractQueuedSynchronizer.java:2078)&#10;        at java.util.concurrent.LinkedBlockingQueue.poll(LinkedBlockingQueue.java:467)&#10;        at org.apache.hadoop.ipc.CallQueueManager.take(CallQueueManager.java:288)&#10;        at org.apache.hadoop.ipc.Server$Handler.run(Server.java:2668)&#10;&quot;qtp984235065-2043&quot; daemon prio=5 tid=2043 timed_waiting&#10;java.lang.Thread.State: TIMED_WAITING&#10;        at sun.misc.Unsafe.park(Native Method)&#10;        at java.util.concurrent.locks.LockSupport.parkNanos(LockSupport.java:215)&#10;        at java.util.concurrent.locks.AbstractQueuedSynchronizer$ConditionObject.awaitNanos(AbstractQueuedSynchronizer.java:2078)&#10;        at org.eclipse.jetty.util.BlockingArrayQueue.poll(BlockingArrayQueue.java:392)&#10;        at org.eclipse.jetty.util.thread.QueuedThreadPool.idleJobPoll(QueuedThreadPool.java:563)&#10;        at org.eclipse.jetty.util.thread.QueuedThreadPool.access$800(QueuedThreadPool.java:48)&#10;        at org.eclipse.jetty.util.thread.QueuedThreadPool$2.run(QueuedThreadPool.java:626)&#10;        at java.lang.Thread.run(Thread.java:748)&#10;&quot;Datanode State Machine Thread - 1&quot; daemon prio=5 tid=3178 timed_waiting&#10;java.lang.Thread.State: TIMED_WAITING&#10;        at sun.misc.Unsafe.park(Native Method)&#10;        at java.util.concurrent.locks.LockSupport.parkNanos(LockSupport.java:215)&#10;        at java.util.concurrent.SynchronousQueue$TransferStack.awaitFulfill(SynchronousQueue.java:460)&#10;        at java.util.concurrent.SynchronousQueue$TransferStack.transfer(SynchronousQueue.java:362)&#10;        at java.util.concurrent.SynchronousQueue.poll(SynchronousQueue.java:941)&#10;        at java.util.concurrent.ThreadPoolExecutor.getTask(ThreadPoolExecutor.java:1073)&#10;        at java.util.concurrent.ThreadPoolExecutor.runWorker(ThreadPoolExecutor.java:1134)&#10;        at java.util.concurrent.ThreadPoolExecutor$Worker.run(ThreadPoolExecutor.java:624)&#10;        at java.lang.Thread.run(Thread.java:748)&#10;&quot;Periodic HDDS volume checker&quot;  prio=5 tid=2141 timed_waiting&#10;java.lang.Thread.State: TIMED_WAITING&#10;        at sun.misc.Unsafe.park(Native Method)&#10;        at java.util.concurrent.locks.LockSupport.parkNanos(LockSupport.java:215)&#10;        at java.util.concurrent.locks.AbstractQueuedSynchronizer$ConditionObject.awaitNanos(AbstractQueuedSynchronizer.java:2078)&#10;        at java.util.concurrent.ScheduledThreadPoolExecutor$DelayedWorkQueue.take(ScheduledThreadPoolExecutor.java:1093)&#10;        at java.util.concurrent.ScheduledThreadPoolExecutor$DelayedWorkQueue.take(ScheduledThreadPoolExecutor.java:809)&#10;        at java.util.concurrent.ThreadPoolExecutor.getTask(ThreadPoolExecutor.java:1074)&#10;        at java.util.concurrent.ThreadPoolExecutor.runWorker(ThreadPoolExecutor.java:1134)&#10;        at java.util.concurrent.ThreadPoolExecutor$Worker.run(ThreadPoolExecutor.java:624)&#10;        at java.lang.Thread.run(Thread.java:748)&#10;&quot;IPC Server handler 14 on 39845&quot; daemon prio=5 tid=1943 timed_waiting&#10;java.lang.Thread.State: TIMED_WAITING&#10;        at sun.misc.Unsafe.park(Native Method)&#10;        at java.util.concurrent.locks.LockSupport.parkNanos(LockSupport.java:215)&#10;        at java.util.concurrent.locks.AbstractQueuedSynchronizer$ConditionObject.awaitNanos(AbstractQueuedSynchronizer.java:2078)&#10;        at java.util.concurrent.LinkedBlockingQueue.poll(LinkedBlockingQueue.java:467)&#10;        at org.apache.hadoop.ipc.CallQueueManager.take(CallQueueManager.java:288)&#10;        at org.apache.hadoop.ipc.Server$Handler.run(Server.java:2668)&#10;&quot;pool-228-thread-48&quot;  prio=5 tid=2820 in Object.wait()&#10;java.lang.Thread.State: WAITING (on object monitor)&#10;        at sun.misc.Unsafe.park(Native Method)&#10;        at java.util.concurrent.locks.LockSupport.park(LockSupport.java:175)&#10;        at java.util.concurrent.locks.AbstractQueuedSynchronizer$ConditionObject.await(AbstractQueuedSynchronizer.java:2039)&#10;        at java.util.concurrent.ArrayBlockingQueue.take(ArrayBlockingQueue.java:403)&#10;        at java.util.concurrent.ThreadPoolExecutor.getTask(ThreadPoolExecutor.java:1074)&#10;        at java.util.concurrent.ThreadPoolExecutor.runWorker(ThreadPoolExecutor.java:1134)&#10;        at java.util.concurrent.ThreadPoolExecutor$Worker.run(ThreadPoolExecutor.java:624)&#10;        at java.lang.Thread.run(Thread.java:748)&#10;&quot;org.eclipse.jetty.server.session.HashSessionManager@5a917723Timer&quot; daemon prio=5 tid=2102 timed_waiting&#10;java.lang.Thread.State: TIMED_WAITING&#10;        at sun.misc.Unsafe.park(Native Method)&#10;        at java.util.concurrent.locks.LockSupport.parkNanos(LockSupport.java:215)&#10;        at java.util.concurrent.locks.AbstractQueuedSynchronizer$ConditionObject.awaitNanos(AbstractQueuedSynchronizer.java:2078)&#10;        at java.util.concurrent.ScheduledThreadPoolExecutor$DelayedWorkQueue.take(ScheduledThreadPoolExecutor.java:1093)&#10;        at java.util.concurrent.ScheduledThreadPoolExecutor$DelayedWorkQueue.take(ScheduledThreadPoolExecutor.java:809)&#10;        at java.util.concurrent.ThreadPoolExecutor.getTask(ThreadPoolExecutor.java:1074)&#10;        at java.util.concurrent.ThreadPoolExecutor.runWorker(ThreadPoolExecutor.java:1134)&#10;        at java.util.concurrent.ThreadPoolExecutor$Worker.run(ThreadPoolExecutor.java:624)&#10;        at java.lang.Thread.run(Thread.java:748)&#10;&quot;KeyDeletingService#1&quot; daemon prio=5 tid=1973 in Object.wait()&#10;java.lang.Thread.State: WAITING (on object monitor)&#10;        at sun.misc.Unsafe.park(Native Method)&#10;        at java.util.concurrent.locks.LockSupport.park(LockSupport.java:175)&#10;        at java.util.concurrent.locks.AbstractQueuedSynchronizer$ConditionObject.await(AbstractQueuedSynchronizer.java:2039)&#10;        at java.util.concurrent.ScheduledThreadPoolExecutor$DelayedWorkQueue.take(ScheduledThreadPoolExecutor.java:1088)&#10;        at java.util.concurrent.ScheduledThreadPoolExecutor$DelayedWorkQueue.take(ScheduledThreadPoolExecutor.java:809)&#10;        at java.util.concurrent.ThreadPoolExecutor.getTask(ThreadPoolExecutor.java:1074)&#10;        at java.util.concurrent.ThreadPoolExecutor.runWorker(ThreadPoolExecutor.java:1134)&#10;        at java.util.concurrent.ThreadPoolExecutor$Worker.run(ThreadPoolExecutor.java:624)&#10;        at java.lang.Thread.run(Thread.java:748)&#10;&quot;Datanode State Machine Thread - 0&quot; daemon prio=5 tid=2247 timed_waiting&#10;java.lang.Thread.State: TIMED_WAITING&#10;        at sun.misc.Unsafe.park(Native Method)&#10;        at java.util.concurrent.locks.LockSupport.parkNanos(LockSupport.java:215)&#10;        at java.util.concurrent.SynchronousQueue$TransferStack.awaitFulfill(SynchronousQueue.java:460)&#10;        at java.util.concurrent.SynchronousQueue$TransferStack.transfer(SynchronousQueue.java:362)&#10;        at java.util.concurrent.SynchronousQueue.poll(SynchronousQueue.java:941)&#10;        at java.util.concurrent.ThreadPoolExecutor.getTask(ThreadPoolExecutor.java:1073)&#10;        at java.util.concurrent.ThreadPoolExecutor.runWorker(ThreadPoolExecutor.java:1134)&#10;        at java.util.concurrent.ThreadPoolExecutor$Worker.run(ThreadPoolExecutor.java:624)&#10;        at java.lang.Thread.run(Thread.java:748)&#10;&quot;IPC Server handler 16 on 40581&quot; daemon prio=5 tid=1925 timed_waiting&#10;java.lang.Thread.State: TIMED_WAITING&#10;        at sun.misc.Unsafe.park(Native Method)&#10;        at java.util.concurrent.locks.LockSupport.parkNanos(LockSupport.java:215)&#10;        at java.util.concurrent.locks.AbstractQueuedSynchronizer$ConditionObject.awaitNanos(AbstractQueuedSynchronizer.java:2078)&#10;        at java.util.concurrent.LinkedBlockingQueue.poll(LinkedBlockingQueue.java:467)&#10;        at org.apache.hadoop.ipc.CallQueueManager.take(CallQueueManager.java:288)&#10;        at org.apache.hadoop.ipc.Server$Handler.run(Server.java:2668)&#10;&quot;pool-198-thread-54&quot;  prio=5 tid=2640 in Object.wait()&#10;java.lang.Thread.State: WAITING (on object monitor)&#10;        at sun.misc.Unsafe.park(Native Method)&#10;        at java.util.concurrent.locks.LockSupport.park(LockSupport.java:175)&#10;        at java.util.concurrent.locks.AbstractQueuedSynchronizer$ConditionObject.await(AbstractQueuedSynchronizer.java:2039)&#10;        at java.util.concurrent.ArrayBlockingQueue.take(ArrayBlockingQueue.java:403)&#10;        at java.util.concurrent.ThreadPoolExecutor.getTask(ThreadPoolExecutor.java:1074)&#10;        at java.util.concurrent.ThreadPoolExecutor.runWorker(ThreadPoolExecutor.java:1134)&#10;        at java.util.concurrent.ThreadPoolExecutor$Worker.run(ThreadPoolExecutor.java:624)&#10;        at java.lang.Thread.run(Thread.java:748)&#10;&quot;pool-218-thread-51&quot;  prio=5 tid=2761 in Object.wait()&#10;java.lang.Thread.State: WAITING (on object monitor)&#10;        at sun.misc.Unsafe.park(Native Method)&#10;        at java.util.concurrent.locks.LockSupport.park(LockSupport.java:175)&#10;        at java.util.concurrent.locks.AbstractQueuedSynchronizer$ConditionObject.await(AbstractQueuedSynchronizer.java:2039)&#10;        at java.util.concurrent.ArrayBlockingQueue.take(ArrayBlockingQueue.java:403)&#10;        at java.util.concurrent.ThreadPoolExecutor.getTask(ThreadPoolExecutor.java:1074)&#10;        at java.util.concurrent.ThreadPoolExecutor.runWorker(ThreadPoolExecutor.java:1134)&#10;        at java.util.concurrent.ThreadPoolExecutor$Worker.run(ThreadPoolExecutor.java:624)&#10;        at java.lang.Thread.run(Thread.java:748)&#10;&quot;IPC Server listener on 35120&quot; daemon prio=5 tid=1882 runnable&#10;java.lang.Thread.State: RUNNABLE&#10;        at sun.nio.ch.EPollArrayWrapper.epollWait(Native Method)&#10;        at sun.nio.ch.EPollArrayWrapper.poll(EPollArrayWrapper.java:269)&#10;        at sun.nio.ch.EPollSelectorImpl.doSelect(EPollSelectorImpl.java:93)&#10;        at sun.nio.ch.SelectorImpl.lockAndDoSelect(SelectorImpl.java:86)&#10;        at sun.nio.ch.SelectorImpl.select(SelectorImpl.java:97)&#10;        at sun.nio.ch.SelectorImpl.select(SelectorImpl.java:101)&#10;        at org.apache.hadoop.ipc.Server$Listener.run(Server.java:1159)&#10;&quot;pool-208-thread-47&quot;  prio=5 tid=2695 in Object.wait()&#10;java.lang.Thread.State: WAITING (on object monitor)&#10;        at sun.misc.Unsafe.park(Native Method)&#10;        at java.util.concurrent.locks.LockSupport.park(LockSupport.java:175)&#10;        at java.util.concurrent.locks.AbstractQueuedSynchronizer$ConditionObject.await(AbstractQueuedSynchronizer.java:2039)&#10;        at java.util.concurrent.ArrayBlockingQueue.take(ArrayBlockingQueue.java:403)&#10;        at java.util.concurrent.ThreadPoolExecutor.getTask(ThreadPoolExecutor.java:1074)&#10;        at java.util.concurrent.ThreadPoolExecutor.runWorker(ThreadPoolExecutor.java:1134)&#10;        at java.util.concurrent.ThreadPoolExecutor$Worker.run(ThreadPoolExecutor.java:624)&#10;        at java.lang.Thread.run(Thread.java:748)&#10;&quot;pool-148-thread-59&quot;  prio=5 tid=2334 in Object.wait()&#10;java.lang.Thread.State: WAITING (on object monitor)&#10;        at sun.misc.Unsafe.park(Native Method)&#10;        at java.util.concurrent.locks.LockSupport.park(LockSupport.java:175)&#10;        at java.util.concurrent.locks.AbstractQueuedSynchronizer$ConditionObject.await(AbstractQueuedSynchronizer.java:2039)&#10;        at java.util.concurrent.ArrayBlockingQueue.take(ArrayBlockingQueue.java:403)&#10;        at java.util.concurrent.ThreadPoolExecutor.getTask(ThreadPoolExecutor.java:1074)&#10;        at java.util.concurrent.ThreadPoolExecutor.runWorker(ThreadPoolExecutor.java:1134)&#10;        at java.util.concurrent.ThreadPoolExecutor$Worker.run(ThreadPoolExecutor.java:624)&#10;        at java.lang.Thread.run(Thread.java:748)&#10;&quot;PartialTableCache Cleanup Thread - 0&quot; daemon prio=5 tid=1332 in Object.wait()&#10;java.lang.Thread.State: WAITING (on object monitor)&#10;        at sun.misc.Unsafe.park(Native Method)&#10;        at java.util.concurrent.locks.LockSupport.park(LockSupport.java:175)&#10;        at java.util.concurrent.locks.AbstractQueuedSynchronizer$ConditionObject.await(AbstractQueuedSynchronizer.java:2039)&#10;        at java.util.concurrent.LinkedBlockingQueue.take(LinkedBlockingQueue.java:442)&#10;        at java.util.concurrent.ThreadPoolExecutor.getTask(ThreadPoolExecutor.java:1074)&#10;        at java.util.concurrent.ThreadPoolExecutor.runWorker(ThreadPoolExecutor.java:1134)&#10;        at java.util.concurrent.ThreadPoolExecutor$Worker.run(ThreadPoolExecutor.java:624)&#10;        at java.lang.Thread.run(Thread.java:748)&#10;&#10;" type="java.util.concurrent.TimeoutException">java.util.concurrent.TimeoutException: 
Timed out waiting for condition. Thread diagnostics:
Timestamp: 2019-11-15 12:57:39,726

"pool-156-thread-1" daemon prio=5 tid=2037 timed_waiting
java.lang.Thread.State: TIMED_WAITING
        at sun.misc.Unsafe.park(Native Method)
        at java.util.concurrent.locks.LockSupport.parkNanos(LockSupport.java:215)
        at java.util.concurrent.locks.AbstractQueuedSynchronizer$ConditionObject.awaitNanos(AbstractQueuedSynchronizer.java:2078)
        at java.util.concurrent.ScheduledThreadPoolExecutor$DelayedWorkQueue.take(ScheduledThreadPoolExecutor.java:1093)
        at java.util.concurrent.ScheduledThreadPoolExecutor$DelayedWorkQueue.take(ScheduledThreadPoolExecutor.java:809)
        at java.util.concurrent.ThreadPoolExecutor.getTask(ThreadPoolExecutor.java:1074)
        at java.util.concurrent.ThreadPoolExecutor.runWorker(ThreadPoolExecutor.java:1134)
        at java.util.concurrent.ThreadPoolExecutor$Worker.run(ThreadPoolExecutor.java:624)
        at java.lang.Thread.run(Thread.java:748)
"Datanode ReportManager Thread - 3" daemon prio=5 tid=2271 in Object.wait()
java.lang.Thread.State: WAITING (on object monitor)
        at sun.misc.Unsafe.park(Native Method)
        at java.util.concurrent.locks.LockSupport.park(LockSupport.java:175)
        at java.util.concurrent.locks.AbstractQueuedSynchronizer$ConditionObject.await(AbstractQueuedSynchronizer.java:2039)
        at java.util.concurrent.ScheduledThreadPoolExecutor$DelayedWorkQueue.take(ScheduledThreadPoolExecutor.java:1088)
        at java.util.concurrent.ScheduledThreadPoolExecutor$DelayedWorkQueue.take(ScheduledThreadPoolExecutor.java:809)
        at java.util.concurrent.ThreadPoolExecutor.getTask(ThreadPoolExecutor.java:1074)
        at java.util.concurrent.ThreadPoolExecutor.runWorker(ThreadPoolExecutor.java:1134)
        at java.util.concurrent.ThreadPoolExecutor$Worker.run(ThreadPoolExecutor.java:624)
        at java.lang.Thread.run(Thread.java:748)
"Datanode State Machine Thread - 0" daemon prio=5 tid=2132 timed_waiting
java.lang.Thread.State: TIMED_WAITING
        at java.lang.Thread.sleep(Native Method)
        at org.apache.hadoop.ozone.container.common.statemachine.DatanodeStateMachine.start(DatanodeStateMachine.java:196)
        at org.apache.hadoop.ozone.container.common.statemachine.DatanodeStateMachine.lambda$startDaemon$0(DatanodeStateMachine.java:354)
        at org.apache.hadoop.ozone.container.common.statemachine.DatanodeStateMachine$$Lambda$141/502066023.run(Unknown Source)
        at java.lang.Thread.run(Thread.java:748)
"pool-208-thread-13"  prio=5 tid=2661 in Object.wait()
java.lang.Thread.State: WAITING (on object monitor)
        at sun.misc.Unsafe.park(Native Method)
        at java.util.concurrent.locks.LockSupport.park(LockSupport.java:175)
        at java.util.concurrent.locks.AbstractQueuedSynchronizer$ConditionObject.await(AbstractQueuedSynchronizer.java:2039)
        at java.util.concurrent.ArrayBlockingQueue.take(ArrayBlockingQueue.java:403)
        at java.util.concurrent.ThreadPoolExecutor.getTask(ThreadPoolExecutor.java:1074)
        at java.util.concurrent.ThreadPoolExecutor.runWorker(ThreadPoolExecutor.java:1134)
        at java.util.concurrent.ThreadPoolExecutor$Worker.run(ThreadPoolExecutor.java:624)
        at java.lang.Thread.run(Thread.java:748)
"IPC Server handler 14 on 35120" daemon prio=5 tid=1903 timed_waiting
java.lang.Thread.State: TIMED_WAITING
        at sun.misc.Unsafe.park(Native Method)
        at java.util.concurrent.locks.LockSupport.parkNanos(LockSupport.java:215)
        at java.util.concurrent.locks.AbstractQueuedSynchronizer$ConditionObject.awaitNanos(AbstractQueuedSynchronizer.java:2078)
        at java.util.concurrent.LinkedBlockingQueue.poll(LinkedBlockingQueue.java:467)
        at org.apache.hadoop.ipc.CallQueueManager.take(CallQueueManager.java:288)
        at org.apache.hadoop.ipc.Server$Handler.run(Server.java:2668)
"4dfd32cc-2252-49fe-ba51-4380d1c0b0d5@group-10A6A3E936DF-SegmentedRaftLogWorker"  prio=5 tid=3103 timed_waiting
java.lang.Thread.State: TIMED_WAITING
        at sun.misc.Unsafe.park(Native Method)
        at java.util.concurrent.locks.LockSupport.parkNanos(LockSupport.java:215)
        at java.util.concurrent.locks.AbstractQueuedSynchronizer$ConditionObject.awaitNanos(AbstractQueuedSynchronizer.java:2078)
        at org.apache.ratis.util.DataBlockingQueue.poll(DataBlockingQueue.java:137)
        at org.apache.ratis.server.raftlog.segmented.SegmentedRaftLogWorker.run(SegmentedRaftLogWorker.java:282)
        at java.lang.Thread.run(Thread.java:748)
"pool-238-thread-38"  prio=5 tid=2872 in Object.wait()
java.lang.Thread.State: WAITING (on object monitor)
        at sun.misc.Unsafe.park(Native Method)
        at java.util.concurrent.locks.LockSupport.park(LockSupport.java:175)
        at java.util.concurrent.locks.AbstractQueuedSynchronizer$ConditionObject.await(AbstractQueuedSynchronizer.java:2039)
        at java.util.concurrent.ArrayBlockingQueue.take(ArrayBlockingQueue.java:403)
        at java.util.concurrent.ThreadPoolExecutor.getTask(ThreadPoolExecutor.java:1074)
        at java.util.concurrent.ThreadPoolExecutor.runWorker(ThreadPoolExecutor.java:1134)
        at java.util.concurrent.ThreadPoolExecutor$Worker.run(ThreadPoolExecutor.java:624)
        at java.lang.Thread.run(Thread.java:748)
"pool-238-thread-42"  prio=5 tid=2876 in Object.wait()
java.lang.Thread.State: WAITING (on object monitor)
        at sun.misc.Unsafe.park(Native Method)
        at java.util.concurrent.locks.LockSupport.park(LockSupport.java:175)
        at java.util.concurrent.locks.AbstractQueuedSynchronizer$ConditionObject.await(AbstractQueuedSynchronizer.java:2039)
        at java.util.concurrent.ArrayBlockingQueue.take(ArrayBlockingQueue.java:403)
        at java.util.concurrent.ThreadPoolExecutor.getTask(ThreadPoolExecutor.java:1074)
        at java.util.concurrent.ThreadPoolExecutor.runWorker(ThreadPoolExecutor.java:1134)
        at java.util.concurrent.ThreadPoolExecutor$Worker.run(ThreadPoolExecutor.java:624)
        at java.lang.Thread.run(Thread.java:748)
"IPC Server handler 1 on 45410" daemon prio=5 tid=1972 timed_waiting
java.lang.Thread.State: TIMED_WAITING
        at sun.misc.Unsafe.park(Native Method)
        at java.util.concurrent.locks.LockSupport.parkNanos(LockSupport.java:215)
        at java.util.concurrent.locks.AbstractQueuedSynchronizer$ConditionObject.awaitNanos(AbstractQueuedSynchronizer.java:2078)
        at java.util.concurrent.LinkedBlockingQueue.poll(LinkedBlockingQueue.java:467)
        at org.apache.hadoop.ipc.CallQueueManager.take(CallQueueManager.java:288)
        at org.apache.hadoop.ipc.Server$Handler.run(Server.java:2668)
"pool-228-thread-46"  prio=5 tid=2818 in Object.wait()
java.lang.Thread.State: WAITING (on object monitor)
        at sun.misc.Unsafe.park(Native Method)
        at java.util.concurrent.locks.LockSupport.park(LockSupport.java:175)
        at java.util.concurrent.locks.AbstractQueuedSynchronizer$ConditionObject.await(AbstractQueuedSynchronizer.java:2039)
        at java.util.concurrent.ArrayBlockingQueue.take(ArrayBlockingQueue.java:403)
        at java.util.concurrent.ThreadPoolExecutor.getTask(ThreadPoolExecutor.java:1074)
        at java.util.concurrent.ThreadPoolExecutor.runWorker(ThreadPoolExecutor.java:1134)
        at java.util.concurrent.ThreadPoolExecutor$Worker.run(ThreadPoolExecutor.java:624)
        at java.lang.Thread.run(Thread.java:748)
"org.apache.hadoop.util.JvmPauseMonitor$Monitor@52567620" daemon prio=5 tid=2057 timed_waiting
java.lang.Thread.State: TIMED_WAITING
        at java.lang.Thread.sleep(Native Method)
        at org.apache.hadoop.util.JvmPauseMonitor$Monitor.run(JvmPauseMonitor.java:192)
        at java.lang.Thread.run(Thread.java:748)
"qtp843410864-2182" daemon prio=5 tid=2182 timed_waiting
java.lang.Thread.State: TIMED_WAITING
        at sun.misc.Unsafe.park(Native Method)
        at java.util.concurrent.locks.LockSupport.parkNanos(LockSupport.java:215)
        at java.util.concurrent.locks.AbstractQueuedSynchronizer$ConditionObject.awaitNanos(AbstractQueuedSynchronizer.java:2078)
        at org.eclipse.jetty.util.BlockingArrayQueue.poll(BlockingArrayQueue.java:392)
        at org.eclipse.jetty.util.thread.QueuedThreadPool.idleJobPoll(QueuedThreadPool.java:563)
        at org.eclipse.jetty.util.thread.QueuedThreadPool.access$800(QueuedThreadPool.java:48)
        at org.eclipse.jetty.util.thread.QueuedThreadPool$2.run(QueuedThreadPool.java:626)
        at java.lang.Thread.run(Thread.java:748)
"pool-228-thread-24"  prio=5 tid=2796 in Object.wait()
java.lang.Thread.State: WAITING (on object monitor)
        at sun.misc.Unsafe.park(Native Method)
        at java.util.concurrent.locks.LockSupport.park(LockSupport.java:175)
        at java.util.concurrent.locks.AbstractQueuedSynchronizer$ConditionObject.await(AbstractQueuedSynchronizer.java:2039)
        at java.util.concurrent.ArrayBlockingQueue.take(ArrayBlockingQueue.java:403)
        at java.util.concurrent.ThreadPoolExecutor.getTask(ThreadPoolExecutor.java:1074)
        at java.util.concurrent.ThreadPoolExecutor.runWorker(ThreadPoolExecutor.java:1134)
        at java.util.concurrent.ThreadPoolExecutor$Worker.run(ThreadPoolExecutor.java:624)
        at java.lang.Thread.run(Thread.java:748)
"refreshUsed-/workdir/hadoop-ozone/integration-test/target/test-dir/MiniOzoneClusterImpl-8fc52630-20fd-4955-97d1-2a2852f9ee58/datanode-2/data/containers" daemon prio=5 tid=2062 timed_waiting
java.lang.Thread.State: TIMED_WAITING
        at java.lang.Thread.sleep(Native Method)
        at org.apache.hadoop.fs.CachingGetSpaceUsed$RefreshThread.run(CachingGetSpaceUsed.java:179)
        at java.lang.Thread.run(Thread.java:748)
"DataNode DiskChecker thread 0" daemon prio=5 tid=2198 timed_waiting
java.lang.Thread.State: TIMED_WAITING
        at sun.misc.Unsafe.park(Native Method)
        at java.util.concurrent.locks.LockSupport.parkNanos(LockSupport.java:215)
        at java.util.concurrent.SynchronousQueue$TransferStack.awaitFulfill(SynchronousQueue.java:460)
        at java.util.concurrent.SynchronousQueue$TransferStack.transfer(SynchronousQueue.java:362)
        at java.util.concurrent.SynchronousQueue.poll(SynchronousQueue.java:941)
        at java.util.concurrent.ThreadPoolExecutor.getTask(ThreadPoolExecutor.java:1073)
        at java.util.concurrent.ThreadPoolExecutor.runWorker(ThreadPoolExecutor.java:1134)
        at java.util.concurrent.ThreadPoolExecutor$Worker.run(ThreadPoolExecutor.java:624)
        at java.lang.Thread.run(Thread.java:748)
"Datanode ReportManager Thread - 1" daemon prio=5 tid=2188 in Object.wait()
java.lang.Thread.State: WAITING (on object monitor)
        at sun.misc.Unsafe.park(Native Method)
        at java.util.concurrent.locks.LockSupport.park(LockSupport.java:175)
        at java.util.concurrent.locks.AbstractQueuedSynchronizer$ConditionObject.await(AbstractQueuedSynchronizer.java:2039)
        at java.util.concurrent.ScheduledThreadPoolExecutor$DelayedWorkQueue.take(ScheduledThreadPoolExecutor.java:1088)
        at java.util.concurrent.ScheduledThreadPoolExecutor$DelayedWorkQueue.take(ScheduledThreadPoolExecutor.java:809)
        at java.util.concurrent.ThreadPoolExecutor.getTask(ThreadPoolExecutor.java:1074)
        at java.util.concurrent.ThreadPoolExecutor.runWorker(ThreadPoolExecutor.java:1134)
        at java.util.concurrent.ThreadPoolExecutor$Worker.run(ThreadPoolExecutor.java:624)
        at java.lang.Thread.run(Thread.java:748)
"Datanode ReportManager Thread - 0" daemon prio=5 tid=2079 in Object.wait()
java.lang.Thread.State: WAITING (on object monitor)
        at sun.misc.Unsafe.park(Native Method)
        at java.util.concurrent.locks.LockSupport.park(LockSupport.java:175)
        at java.util.concurrent.locks.AbstractQueuedSynchronizer$ConditionObject.await(AbstractQueuedSynchronizer.java:2039)
        at java.util.concurrent.ScheduledThreadPoolExecutor$DelayedWorkQueue.take(ScheduledThreadPoolExecutor.java:1088)
        at java.util.concurrent.ScheduledThreadPoolExecutor$DelayedWorkQueue.take(ScheduledThreadPoolExecutor.java:809)
        at java.util.concurrent.ThreadPoolExecutor.getTask(ThreadPoolExecutor.java:1074)
        at java.util.concurrent.ThreadPoolExecutor.runWorker(ThreadPoolExecutor.java:1134)
        at java.util.concurrent.ThreadPoolExecutor$Worker.run(ThreadPoolExecutor.java:624)
        at java.lang.Thread.run(Thread.java:748)
"surefire-forkedjvm-command-thread" daemon prio=5 tid=8 runnable
java.lang.Thread.State: RUNNABLE
        at java.io.FileInputStream.readBytes(Native Method)
        at java.io.FileInputStream.read(FileInputStream.java:255)
        at java.io.BufferedInputStream.fill(BufferedInputStream.java:246)
        at java.io.BufferedInputStream.read(BufferedInputStream.java:265)
        at java.io.DataInputStream.readInt(DataInputStream.java:387)
        at org.apache.maven.surefire.booter.MasterProcessCommand.decode(MasterProcessCommand.java:115)
        at org.apache.maven.surefire.booter.CommandReader$CommandRunnable.run(CommandReader.java:390)
        at java.lang.Thread.run(Thread.java:748)
"pool-158-thread-38"  prio=5 tid=2376 in Object.wait()
java.lang.Thread.State: WAITING (on object monitor)
        at sun.misc.Unsafe.park(Native Method)
        at java.util.concurrent.locks.LockSupport.park(LockSupport.java:175)
        at java.util.concurrent.locks.AbstractQueuedSynchronizer$ConditionObject.await(AbstractQueuedSynchronizer.java:2039)
        at java.util.concurrent.ArrayBlockingQueue.take(ArrayBlockingQueue.java:403)
        at java.util.concurrent.ThreadPoolExecutor.getTask(ThreadPoolExecutor.java:1074)
        at java.util.concurrent.ThreadPoolExecutor.runWorker(ThreadPoolExecutor.java:1134)
        at java.util.concurrent.ThreadPoolExecutor$Worker.run(ThreadPoolExecutor.java:624)
        at java.lang.Thread.run(Thread.java:748)
"pool-178-thread-27"  prio=5 tid=2489 in Object.wait()
java.lang.Thread.State: WAITING (on object monitor)
        at sun.misc.Unsafe.park(Native Method)
        at java.util.concurrent.locks.LockSupport.park(LockSupport.java:175)
        at java.util.concurrent.locks.AbstractQueuedSynchronizer$ConditionObject.await(AbstractQueuedSynchronizer.java:2039)
        at java.util.concurrent.ArrayBlockingQueue.take(ArrayBlockingQueue.java:403)
        at java.util.concurrent.ThreadPoolExecutor.getTask(ThreadPoolExecutor.java:1074)
        at java.util.concurrent.ThreadPoolExecutor.runWorker(ThreadPoolExecutor.java:1134)
        at java.util.concurrent.ThreadPoolExecutor$Worker.run(ThreadPoolExecutor.java:624)
        at java.lang.Thread.run(Thread.java:748)
"qtp2120404899-2153" daemon prio=5 tid=2153 timed_waiting
java.lang.Thread.State: TIMED_WAITING
        at sun.misc.Unsafe.park(Native Method)
        at java.util.concurrent.locks.LockSupport.parkNanos(LockSupport.java:215)
        at java.util.concurrent.locks.AbstractQueuedSynchronizer$ConditionObject.awaitNanos(AbstractQueuedSynchronizer.java:2078)
        at org.eclipse.jetty.util.BlockingArrayQueue.poll(BlockingArrayQueue.java:392)
        at org.eclipse.jetty.util.thread.QueuedThreadPool.idleJobPoll(QueuedThreadPool.java:563)
        at org.eclipse.jetty.util.thread.QueuedThreadPool.access$800(QueuedThreadPool.java:48)
        at org.eclipse.jetty.util.thread.QueuedThreadPool$2.run(QueuedThreadPool.java:626)
        at java.lang.Thread.run(Thread.java:748)
"pool-178-thread-2"  prio=5 tid=2464 in Object.wait()
java.lang.Thread.State: WAITING (on object monitor)
        at sun.misc.Unsafe.park(Native Method)
        at java.util.concurrent.locks.LockSupport.park(LockSupport.java:175)
        at java.util.concurrent.locks.AbstractQueuedSynchronizer$ConditionObject.await(AbstractQueuedSynchronizer.java:2039)
        at java.util.concurrent.ArrayBlockingQueue.take(ArrayBlockingQueue.java:403)
        at java.util.concurrent.ThreadPoolExecutor.getTask(ThreadPoolExecutor.java:1074)
        at java.util.concurrent.ThreadPoolExecutor.runWorker(ThreadPoolExecutor.java:1134)
        at java.util.concurrent.ThreadPoolExecutor$Worker.run(ThreadPoolExecutor.java:624)
        at java.lang.Thread.run(Thread.java:748)
"Thread-1537" daemon prio=5 tid=3196 timed_waiting
java.lang.Thread.State: TIMED_WAITING
        at sun.misc.Unsafe.park(Native Method)
        at java.util.concurrent.locks.LockSupport.parkNanos(LockSupport.java:215)
        at java.util.concurrent.locks.AbstractQueuedSynchronizer$ConditionObject.awaitNanos(AbstractQueuedSynchronizer.java:2078)
        at java.util.concurrent.ArrayBlockingQueue.poll(ArrayBlockingQueue.java:418)
        at org.apache.ratis.server.impl.LeaderState$EventQueue.poll(LeaderState.java:115)
        at org.apache.ratis.server.impl.LeaderState$EventProcessor.run(LeaderState.java:467)
"Thread-1535" daemon prio=5 tid=3194 timed_waiting
java.lang.Thread.State: TIMED_WAITING
        at sun.misc.Unsafe.park(Native Method)
        at java.util.concurrent.locks.LockSupport.parkNanos(LockSupport.java:215)
        at java.util.concurrent.locks.AbstractQueuedSynchronizer$ConditionObject.awaitNanos(AbstractQueuedSynchronizer.java:2078)
        at java.util.concurrent.ArrayBlockingQueue.poll(ArrayBlockingQueue.java:418)
        at org.apache.ratis.server.impl.LeaderState$EventQueue.poll(LeaderState.java:115)
        at org.apache.ratis.server.impl.LeaderState$EventProcessor.run(LeaderState.java:467)
"pool-178-thread-36"  prio=5 tid=2498 in Object.wait()
java.lang.Thread.State: WAITING (on object monitor)
        at sun.misc.Unsafe.park(Native Method)
        at java.util.concurrent.locks.LockSupport.park(LockSupport.java:175)
        at java.util.concurrent.locks.AbstractQueuedSynchronizer$ConditionObject.await(AbstractQueuedSynchronizer.java:2039)
        at java.util.concurrent.ArrayBlockingQueue.take(ArrayBlockingQueue.java:403)
        at java.util.concurrent.ThreadPoolExecutor.getTask(ThreadPoolExecutor.java:1074)
        at java.util.concurrent.ThreadPoolExecutor.runWorker(ThreadPoolExecutor.java:1134)
        at java.util.concurrent.ThreadPoolExecutor$Worker.run(ThreadPoolExecutor.java:624)
        at java.lang.Thread.run(Thread.java:748)
"pool-218-thread-31"  prio=5 tid=2741 in Object.wait()
java.lang.Thread.State: WAITING (on object monitor)
        at sun.misc.Unsafe.park(Native Method)
        at java.util.concurrent.locks.LockSupport.park(LockSupport.java:175)
        at java.util.concurrent.locks.AbstractQueuedSynchronizer$ConditionObject.await(AbstractQueuedSynchronizer.java:2039)
        at java.util.concurrent.ArrayBlockingQueue.take(ArrayBlockingQueue.java:403)
        at java.util.concurrent.ThreadPoolExecutor.getTask(ThreadPoolExecutor.java:1074)
        at java.util.concurrent.ThreadPoolExecutor.runWorker(ThreadPoolExecutor.java:1134)
        at java.util.concurrent.ThreadPoolExecutor$Worker.run(ThreadPoolExecutor.java:624)
        at java.lang.Thread.run(Thread.java:748)
"pool-218-thread-7"  prio=5 tid=2717 in Object.wait()
java.lang.Thread.State: WAITING (on object monitor)
        at sun.misc.Unsafe.park(Native Method)
        at java.util.concurrent.locks.LockSupport.park(LockSupport.java:175)
        at java.util.concurrent.locks.AbstractQueuedSynchronizer$ConditionObject.await(AbstractQueuedSynchronizer.java:2039)
        at java.util.concurrent.ArrayBlockingQueue.take(ArrayBlockingQueue.java:403)
        at java.util.concurrent.ThreadPoolExecutor.getTask(ThreadPoolExecutor.java:1074)
        at java.util.concurrent.ThreadPoolExecutor.runWorker(ThreadPoolExecutor.java:1134)
        at java.util.concurrent.ThreadPoolExecutor$Worker.run(ThreadPoolExecutor.java:624)
        at java.lang.Thread.run(Thread.java:748)
"IPC Server handler 13 on 45410" daemon prio=5 tid=1985 timed_waiting
java.lang.Thread.State: TIMED_WAITING
        at sun.misc.Unsafe.park(Native Method)
        at java.util.concurrent.locks.LockSupport.parkNanos(LockSupport.java:215)
        at java.util.concurrent.locks.AbstractQueuedSynchronizer$ConditionObject.awaitNanos(AbstractQueuedSynchronizer.java:2078)
        at java.util.concurrent.LinkedBlockingQueue.poll(LinkedBlockingQueue.java:467)
        at org.apache.hadoop.ipc.CallQueueManager.take(CallQueueManager.java:288)
        at org.apache.hadoop.ipc.Server$Handler.run(Server.java:2668)
"pool-218-thread-38"  prio=5 tid=2748 in Object.wait()
java.lang.Thread.State: WAITING (on object monitor)
        at sun.misc.Unsafe.park(Native Method)
        at java.util.concurrent.locks.LockSupport.park(LockSupport.java:175)
        at java.util.concurrent.locks.AbstractQueuedSynchronizer$ConditionObject.await(AbstractQueuedSynchronizer.java:2039)
        at java.util.concurrent.ArrayBlockingQueue.take(ArrayBlockingQueue.java:403)
        at java.util.concurrent.ThreadPoolExecutor.getTask(ThreadPoolExecutor.java:1074)
        at java.util.concurrent.ThreadPoolExecutor.runWorker(ThreadPoolExecutor.java:1134)
        at java.util.concurrent.ThreadPoolExecutor$Worker.run(ThreadPoolExecutor.java:624)
        at java.lang.Thread.run(Thread.java:748)
"pool-148-thread-41"  prio=5 tid=2316 in Object.wait()
java.lang.Thread.State: WAITING (on object monitor)
        at sun.misc.Unsafe.park(Native Method)
        at java.util.concurrent.locks.LockSupport.park(LockSupport.java:175)
        at java.util.concurrent.locks.AbstractQueuedSynchronizer$ConditionObject.await(AbstractQueuedSynchronizer.java:2039)
        at java.util.concurrent.ArrayBlockingQueue.take(ArrayBlockingQueue.java:403)
        at java.util.concurrent.ThreadPoolExecutor.getTask(ThreadPoolExecutor.java:1074)
        at java.util.concurrent.ThreadPoolExecutor.runWorker(ThreadPoolExecutor.java:1134)
        at java.util.concurrent.ThreadPoolExecutor$Worker.run(ThreadPoolExecutor.java:624)
        at java.lang.Thread.run(Thread.java:748)
"qtp83554564-2262" daemon prio=5 tid=2262 timed_waiting
java.lang.Thread.State: TIMED_WAITING
        at sun.misc.Unsafe.park(Native Method)
        at java.util.concurrent.locks.LockSupport.parkNanos(LockSupport.java:215)
        at java.util.concurrent.locks.AbstractQueuedSynchronizer$ConditionObject.awaitNanos(AbstractQueuedSynchronizer.java:2078)
        at org.eclipse.jetty.util.BlockingArrayQueue.poll(BlockingArrayQueue.java:392)
        at org.eclipse.jetty.util.thread.QueuedThreadPool.idleJobPoll(QueuedThreadPool.java:563)
        at org.eclipse.jetty.util.thread.QueuedThreadPool.access$800(QueuedThreadPool.java:48)
        at org.eclipse.jetty.util.thread.QueuedThreadPool$2.run(QueuedThreadPool.java:626)
        at java.lang.Thread.run(Thread.java:748)
"pool-148-thread-5"  prio=5 tid=2280 in Object.wait()
java.lang.Thread.State: WAITING (on object monitor)
        at sun.misc.Unsafe.park(Native Method)
        at java.util.concurrent.locks.LockSupport.park(LockSupport.java:175)
        at java.util.concurrent.locks.AbstractQueuedSynchronizer$ConditionObject.await(AbstractQueuedSynchronizer.java:2039)
        at java.util.concurrent.ArrayBlockingQueue.take(ArrayBlockingQueue.java:403)
        at java.util.concurrent.ThreadPoolExecutor.getTask(ThreadPoolExecutor.java:1074)
        at java.util.concurrent.ThreadPoolExecutor.runWorker(ThreadPoolExecutor.java:1134)
        at java.util.concurrent.ThreadPoolExecutor$Worker.run(ThreadPoolExecutor.java:624)
        at java.lang.Thread.run(Thread.java:748)
"Datanode State Machine Thread - 0" daemon prio=5 tid=2139 timed_waiting
java.lang.Thread.State: TIMED_WAITING
        at sun.misc.Unsafe.park(Native Method)
        at java.util.concurrent.locks.LockSupport.parkNanos(LockSupport.java:215)
        at java.util.concurrent.SynchronousQueue$TransferStack.awaitFulfill(SynchronousQueue.java:460)
        at java.util.concurrent.SynchronousQueue$TransferStack.transfer(SynchronousQueue.java:362)
        at java.util.concurrent.SynchronousQueue.poll(SynchronousQueue.java:941)
        at java.util.concurrent.ThreadPoolExecutor.getTask(ThreadPoolExecutor.java:1073)
        at java.util.concurrent.ThreadPoolExecutor.runWorker(ThreadPoolExecutor.java:1134)
        at java.util.concurrent.ThreadPoolExecutor$Worker.run(ThreadPoolExecutor.java:624)
        at java.lang.Thread.run(Thread.java:748)
"pool-168-thread-27"  prio=5 tid=2427 in Object.wait()
java.lang.Thread.State: WAITING (on object monitor)
        at sun.misc.Unsafe.park(Native Method)
        at java.util.concurrent.locks.LockSupport.park(LockSupport.java:175)
        at java.util.concurrent.locks.AbstractQueuedSynchronizer$ConditionObject.await(AbstractQueuedSynchronizer.java:2039)
        at java.util.concurrent.ArrayBlockingQueue.take(ArrayBlockingQueue.java:403)
        at java.util.concurrent.ThreadPoolExecutor.getTask(ThreadPoolExecutor.java:1074)
        at java.util.concurrent.ThreadPoolExecutor.runWorker(ThreadPoolExecutor.java:1134)
        at java.util.concurrent.ThreadPoolExecutor$Worker.run(ThreadPoolExecutor.java:624)
        at java.lang.Thread.run(Thread.java:748)
"IPC Server handler 7 on 35120" daemon prio=5 tid=1896 in Object.wait()
java.lang.Thread.State: WAITING (on object monitor)
        at sun.misc.Unsafe.park(Native Method)
        at java.util.concurrent.locks.LockSupport.parkNanos(LockSupport.java:215)
        at java.util.concurrent.locks.AbstractQueuedSynchronizer$ConditionObject.awaitNanos(AbstractQueuedSynchronizer.java:2078)
        at java.util.concurrent.LinkedBlockingQueue.poll(LinkedBlockingQueue.java:467)
        at org.apache.hadoop.ipc.CallQueueManager.take(CallQueueManager.java:288)
        at org.apache.hadoop.ipc.Server$Handler.run(Server.java:2668)
"4dfd32cc-2252-49fe-ba51-4380d1c0b0d5@group-D08F3DBE2A41-StateMachineUpdater" daemon prio=5 tid=3147 in Object.wait()
java.lang.Thread.State: WAITING (on object monitor)
        at java.lang.Object.wait(Native Method)
        at java.lang.Object.wait(Object.java:502)
        at org.apache.ratis.server.impl.StateMachineUpdater.waitForCommit(StateMachineUpdater.java:194)
        at org.apache.ratis.server.impl.StateMachineUpdater.run(StateMachineUpdater.java:159)
        at java.lang.Thread.run(Thread.java:748)
"Datanode ReportManager Thread - 1" daemon prio=5 tid=334 in Object.wait()
java.lang.Thread.State: WAITING (on object monitor)
        at sun.misc.Unsafe.park(Native Method)
        at java.util.concurrent.locks.LockSupport.park(LockSupport.java:175)
        at java.util.concurrent.locks.AbstractQueuedSynchronizer$ConditionObject.await(AbstractQueuedSynchronizer.java:2039)
        at java.util.concurrent.ScheduledThreadPoolExecutor$DelayedWorkQueue.take(ScheduledThreadPoolExecutor.java:1088)
        at java.util.concurrent.ScheduledThreadPoolExecutor$DelayedWorkQueue.take(ScheduledThreadPoolExecutor.java:809)
        at java.util.concurrent.ThreadPoolExecutor.getTask(ThreadPoolExecutor.java:1074)
        at java.util.concurrent.ThreadPoolExecutor.runWorker(ThreadPoolExecutor.java:1134)
        at java.util.concurrent.ThreadPoolExecutor$Worker.run(ThreadPoolExecutor.java:624)
        at java.lang.Thread.run(Thread.java:748)
"pool-218-thread-42"  prio=5 tid=2752 in Object.wait()
java.lang.Thread.State: WAITING (on object monitor)
        at sun.misc.Unsafe.park(Native Method)
        at java.util.concurrent.locks.LockSupport.park(LockSupport.java:175)
        at java.util.concurrent.locks.AbstractQueuedSynchronizer$ConditionObject.await(AbstractQueuedSynchronizer.java:2039)
        at java.util.concurrent.ArrayBlockingQueue.take(ArrayBlockingQueue.java:403)
        at java.util.concurrent.ThreadPoolExecutor.getTask(ThreadPoolExecutor.java:1074)
        at java.util.concurrent.ThreadPoolExecutor.runWorker(ThreadPoolExecutor.java:1134)
        at java.util.concurrent.ThreadPoolExecutor$Worker.run(ThreadPoolExecutor.java:624)
        at java.lang.Thread.run(Thread.java:748)
"grpc-default-worker-ELG-3-2" daemon prio=5 tid=1054 runnable
java.lang.Thread.State: RUNNABLE
        at sun.nio.ch.EPollArrayWrapper.epollWait(Native Method)
        at sun.nio.ch.EPollArrayWrapper.poll(EPollArrayWrapper.java:269)
        at sun.nio.ch.EPollSelectorImpl.doSelect(EPollSelectorImpl.java:93)
        at sun.nio.ch.SelectorImpl.lockAndDoSelect(SelectorImpl.java:86)
        at sun.nio.ch.SelectorImpl.select(SelectorImpl.java:97)
        at org.apache.ratis.thirdparty.io.netty.channel.nio.SelectedSelectionKeySetSelector.select(SelectedSelectionKeySetSelector.java:62)
        at org.apache.ratis.thirdparty.io.netty.channel.nio.NioEventLoop.select(NioEventLoop.java:753)
        at org.apache.ratis.thirdparty.io.netty.channel.nio.NioEventLoop.run(NioEventLoop.java:408)
        at org.apache.ratis.thirdparty.io.netty.util.concurrent.SingleThreadEventExecutor$5.run(SingleThreadEventExecutor.java:897)
        at org.apache.ratis.thirdparty.io.netty.util.concurrent.FastThreadLocalRunnable.run(FastThreadLocalRunnable.java:30)
        at java.lang.Thread.run(Thread.java:748)
"pool-238-thread-43"  prio=5 tid=2877 in Object.wait()
java.lang.Thread.State: WAITING (on object monitor)
        at sun.misc.Unsafe.park(Native Method)
        at java.util.concurrent.locks.LockSupport.park(LockSupport.java:175)
        at java.util.concurrent.locks.AbstractQueuedSynchronizer$ConditionObject.await(AbstractQueuedSynchronizer.java:2039)
        at java.util.concurrent.ArrayBlockingQueue.take(ArrayBlockingQueue.java:403)
        at java.util.concurrent.ThreadPoolExecutor.getTask(ThreadPoolExecutor.java:1074)
        at java.util.concurrent.ThreadPoolExecutor.runWorker(ThreadPoolExecutor.java:1134)
        at java.util.concurrent.ThreadPoolExecutor$Worker.run(ThreadPoolExecutor.java:624)
        at java.lang.Thread.run(Thread.java:748)
"pool-208-thread-49"  prio=5 tid=2697 in Object.wait()
java.lang.Thread.State: WAITING (on object monitor)
        at sun.misc.Unsafe.park(Native Method)
        at java.util.concurrent.locks.LockSupport.park(LockSupport.java:175)
        at java.util.concurrent.locks.AbstractQueuedSynchronizer$ConditionObject.await(AbstractQueuedSynchronizer.java:2039)
        at java.util.concurrent.ArrayBlockingQueue.take(ArrayBlockingQueue.java:403)
        at java.util.concurrent.ThreadPoolExecutor.getTask(ThreadPoolExecutor.java:1074)
        at java.util.concurrent.ThreadPoolExecutor.runWorker(ThreadPoolExecutor.java:1134)
        at java.util.concurrent.ThreadPoolExecutor$Worker.run(ThreadPoolExecutor.java:624)
        at java.lang.Thread.run(Thread.java:748)
"pool-148-thread-30"  prio=5 tid=2305 in Object.wait()
java.lang.Thread.State: WAITING (on object monitor)
        at sun.misc.Unsafe.park(Native Method)
        at java.util.concurrent.locks.LockSupport.park(LockSupport.java:175)
        at java.util.concurrent.locks.AbstractQueuedSynchronizer$ConditionObject.await(AbstractQueuedSynchronizer.java:2039)
        at java.util.concurrent.ArrayBlockingQueue.take(ArrayBlockingQueue.java:403)
        at java.util.concurrent.ThreadPoolExecutor.getTask(ThreadPoolExecutor.java:1074)
        at java.util.concurrent.ThreadPoolExecutor.runWorker(ThreadPoolExecutor.java:1134)
        at java.util.concurrent.ThreadPoolExecutor$Worker.run(ThreadPoolExecutor.java:624)
        at java.lang.Thread.run(Thread.java:748)
"BlockDeletingService#0" daemon prio=5 tid=2895 timed_waiting
java.lang.Thread.State: TIMED_WAITING
        at sun.misc.Unsafe.park(Native Method)
        at java.util.concurrent.locks.LockSupport.parkNanos(LockSupport.java:215)
        at java.util.concurrent.locks.AbstractQueuedSynchronizer$ConditionObject.awaitNanos(AbstractQueuedSynchronizer.java:2078)
        at java.util.concurrent.ScheduledThreadPoolExecutor$DelayedWorkQueue.take(ScheduledThreadPoolExecutor.java:1093)
        at java.util.concurrent.ScheduledThreadPoolExecutor$DelayedWorkQueue.take(ScheduledThreadPoolExecutor.java:809)
        at java.util.concurrent.ThreadPoolExecutor.getTask(ThreadPoolExecutor.java:1074)
        at java.util.concurrent.ThreadPoolExecutor.runWorker(ThreadPoolExecutor.java:1134)
        at java.util.concurrent.ThreadPoolExecutor$Worker.run(ThreadPoolExecutor.java:624)
        at java.lang.Thread.run(Thread.java:748)
"pool-148-thread-18"  prio=5 tid=2293 in Object.wait()
java.lang.Thread.State: WAITING (on object monitor)
        at sun.misc.Unsafe.park(Native Method)
        at java.util.concurrent.locks.LockSupport.park(LockSupport.java:175)
        at java.util.concurrent.locks.AbstractQueuedSynchronizer$ConditionObject.await(AbstractQueuedSynchronizer.java:2039)
        at java.util.concurrent.ArrayBlockingQueue.take(ArrayBlockingQueue.java:403)
        at java.util.concurrent.ThreadPoolExecutor.getTask(ThreadPoolExecutor.java:1074)
        at java.util.concurrent.ThreadPoolExecutor.runWorker(ThreadPoolExecutor.java:1134)
        at java.util.concurrent.ThreadPoolExecutor$Worker.run(ThreadPoolExecutor.java:624)
        at java.lang.Thread.run(Thread.java:748)
"qtp769195805-2014-acceptor-0@7e334ca1-ServerConnector@73aeef7d{HTTP/1.1,[http/1.1]}{0.0.0.0:38397}" daemon prio=3 tid=2014 runnable
java.lang.Thread.State: RUNNABLE
        at sun.nio.ch.ServerSocketChannelImpl.accept0(Native Method)
        at sun.nio.ch.ServerSocketChannelImpl.accept(ServerSocketChannelImpl.java:422)
        at sun.nio.ch.ServerSocketChannelImpl.accept(ServerSocketChannelImpl.java:250)
        at org.eclipse.jetty.server.ServerConnector.accept(ServerConnector.java:397)
        at org.eclipse.jetty.server.AbstractConnector$Acceptor.run(AbstractConnector.java:601)
        at org.eclipse.jetty.util.thread.QueuedThreadPool.runJob(QueuedThreadPool.java:671)
        at org.eclipse.jetty.util.thread.QueuedThreadPool$2.run(QueuedThreadPool.java:589)
        at java.lang.Thread.run(Thread.java:748)
"IPC Server handler 2 on 45410" daemon prio=5 tid=1974 timed_waiting
java.lang.Thread.State: TIMED_WAITING
        at sun.misc.Unsafe.park(Native Method)
        at java.util.concurrent.locks.LockSupport.parkNanos(LockSupport.java:215)
        at java.util.concurrent.locks.AbstractQueuedSynchronizer$ConditionObject.awaitNanos(AbstractQueuedSynchronizer.java:2078)
        at java.util.concurrent.LinkedBlockingQueue.poll(LinkedBlockingQueue.java:467)
        at org.apache.hadoop.ipc.CallQueueManager.take(CallQueueManager.java:288)
        at org.apache.hadoop.ipc.Server$Handler.run(Server.java:2668)
"pool-148-thread-32"  prio=5 tid=2307 in Object.wait()
java.lang.Thread.State: WAITING (on object monitor)
        at sun.misc.Unsafe.park(Native Method)
        at java.util.concurrent.locks.LockSupport.park(LockSupport.java:175)
        at java.util.concurrent.locks.AbstractQueuedSynchronizer$ConditionObject.await(AbstractQueuedSynchronizer.java:2039)
        at java.util.concurrent.ArrayBlockingQueue.take(ArrayBlockingQueue.java:403)
        at java.util.concurrent.ThreadPoolExecutor.getTask(ThreadPoolExecutor.java:1074)
        at java.util.concurrent.ThreadPoolExecutor.runWorker(ThreadPoolExecutor.java:1134)
        at java.util.concurrent.ThreadPoolExecutor$Worker.run(ThreadPoolExecutor.java:624)
        at java.lang.Thread.run(Thread.java:748)
"pool-188-thread-2"  prio=5 tid=2526 in Object.wait()
java.lang.Thread.State: WAITING (on object monitor)
        at sun.misc.Unsafe.park(Native Method)
        at java.util.concurrent.locks.LockSupport.park(LockSupport.java:175)
        at java.util.concurrent.locks.AbstractQueuedSynchronizer$ConditionObject.await(AbstractQueuedSynchronizer.java:2039)
        at java.util.concurrent.ArrayBlockingQueue.take(ArrayBlockingQueue.java:403)
        at java.util.concurrent.ThreadPoolExecutor.getTask(ThreadPoolExecutor.java:1074)
        at java.util.concurrent.ThreadPoolExecutor.runWorker(ThreadPoolExecutor.java:1134)
        at java.util.concurrent.ThreadPoolExecutor$Worker.run(ThreadPoolExecutor.java:624)
        at java.lang.Thread.run(Thread.java:748)
"Thread-1582" daemon prio=5 tid=3241 timed_waiting
java.lang.Thread.State: TIMED_WAITING
        at java.lang.Thread.sleep(Native Method)
        at org.apache.ratis.util.JavaUtils.sleep(JavaUtils.java:243)
        at org.apache.ratis.server.impl.FollowerState.run(FollowerState.java:100)
"IPC Server handler 6 on 45410" daemon prio=5 tid=1978 timed_waiting
java.lang.Thread.State: TIMED_WAITING
        at sun.misc.Unsafe.park(Native Method)
        at java.util.concurrent.locks.LockSupport.parkNanos(LockSupport.java:215)
        at java.util.concurrent.locks.AbstractQueuedSynchronizer$ConditionObject.awaitNanos(AbstractQueuedSynchronizer.java:2078)
        at java.util.concurrent.LinkedBlockingQueue.poll(LinkedBlockingQueue.java:467)
        at org.apache.hadoop.ipc.CallQueueManager.take(CallQueueManager.java:288)
        at org.apache.hadoop.ipc.Server$Handler.run(Server.java:2668)
"pool-218-thread-45"  prio=5 tid=2755 in Object.wait()
java.lang.Thread.State: WAITING (on object monitor)
        at sun.misc.Unsafe.park(Native Method)
        at java.util.concurrent.locks.LockSupport.park(LockSupport.java:175)
        at java.util.concurrent.locks.AbstractQueuedSynchronizer$ConditionObject.await(AbstractQueuedSynchronizer.java:2039)
        at java.util.concurrent.ArrayBlockingQueue.take(ArrayBlockingQueue.java:403)
        at java.util.concurrent.ThreadPoolExecutor.getTask(ThreadPoolExecutor.java:1074)
        at java.util.concurrent.ThreadPoolExecutor.runWorker(ThreadPoolExecutor.java:1134)
        at java.util.concurrent.ThreadPoolExecutor$Worker.run(ThreadPoolExecutor.java:624)
        at java.lang.Thread.run(Thread.java:748)
"pool-158-thread-33"  prio=5 tid=2371 in Object.wait()
java.lang.Thread.State: WAITING (on object monitor)
        at sun.misc.Unsafe.park(Native Method)
        at java.util.concurrent.locks.LockSupport.park(LockSupport.java:175)
        at java.util.concurrent.locks.AbstractQueuedSynchronizer$ConditionObject.await(AbstractQueuedSynchronizer.java:2039)
        at java.util.concurrent.ArrayBlockingQueue.take(ArrayBlockingQueue.java:403)
        at java.util.concurrent.ThreadPoolExecutor.getTask(ThreadPoolExecutor.java:1074)
        at java.util.concurrent.ThreadPoolExecutor.runWorker(ThreadPoolExecutor.java:1134)
        at java.util.concurrent.ThreadPoolExecutor$Worker.run(ThreadPoolExecutor.java:624)
        at java.lang.Thread.run(Thread.java:748)
"Datanode ReportManager Thread - 3" daemon prio=5 tid=2190 in Object.wait()
java.lang.Thread.State: WAITING (on object monitor)
        at sun.misc.Unsafe.park(Native Method)
        at java.util.concurrent.locks.LockSupport.park(LockSupport.java:175)
        at java.util.concurrent.locks.AbstractQueuedSynchronizer$ConditionObject.await(AbstractQueuedSynchronizer.java:2039)
        at java.util.concurrent.ScheduledThreadPoolExecutor$DelayedWorkQueue.take(ScheduledThreadPoolExecutor.java:1088)
        at java.util.concurrent.ScheduledThreadPoolExecutor$DelayedWorkQueue.take(ScheduledThreadPoolExecutor.java:809)
        at java.util.concurrent.ThreadPoolExecutor.getTask(ThreadPoolExecutor.java:1074)
        at java.util.concurrent.ThreadPoolExecutor.runWorker(ThreadPoolExecutor.java:1134)
        at java.util.concurrent.ThreadPoolExecutor$Worker.run(ThreadPoolExecutor.java:624)
        at java.lang.Thread.run(Thread.java:748)
"Datanode ReportManager Thread - 3" daemon prio=5 tid=2028 in Object.wait()
java.lang.Thread.State: WAITING (on object monitor)
        at sun.misc.Unsafe.park(Native Method)
        at java.util.concurrent.locks.LockSupport.park(LockSupport.java:175)
        at java.util.concurrent.locks.AbstractQueuedSynchronizer$ConditionObject.await(AbstractQueuedSynchronizer.java:2039)
        at java.util.concurrent.ScheduledThreadPoolExecutor$DelayedWorkQueue.take(ScheduledThreadPoolExecutor.java:1088)
        at java.util.concurrent.ScheduledThreadPoolExecutor$DelayedWorkQueue.take(ScheduledThreadPoolExecutor.java:809)
        at java.util.concurrent.ThreadPoolExecutor.getTask(ThreadPoolExecutor.java:1074)
        at java.util.concurrent.ThreadPoolExecutor.runWorker(ThreadPoolExecutor.java:1134)
        at java.util.concurrent.ThreadPoolExecutor$Worker.run(ThreadPoolExecutor.java:624)
        at java.lang.Thread.run(Thread.java:748)
"pool-188-thread-8"  prio=5 tid=2532 in Object.wait()
java.lang.Thread.State: WAITING (on object monitor)
        at sun.misc.Unsafe.park(Native Method)
        at java.util.concurrent.locks.LockSupport.park(LockSupport.java:175)
        at java.util.concurrent.locks.AbstractQueuedSynchronizer$ConditionObject.await(AbstractQueuedSynchronizer.java:2039)
        at java.util.concurrent.ArrayBlockingQueue.take(ArrayBlockingQueue.java:403)
        at java.util.concurrent.ThreadPoolExecutor.getTask(ThreadPoolExecutor.java:1074)
        at java.util.concurrent.ThreadPoolExecutor.runWorker(ThreadPoolExecutor.java:1134)
        at java.util.concurrent.ThreadPoolExecutor$Worker.run(ThreadPoolExecutor.java:624)
        at java.lang.Thread.run(Thread.java:748)
"Datanode ReportManager Thread - 0" daemon prio=5 tid=2241 in Object.wait()
java.lang.Thread.State: WAITING (on object monitor)
        at sun.misc.Unsafe.park(Native Method)
        at java.util.concurrent.locks.LockSupport.park(LockSupport.java:175)
        at java.util.concurrent.locks.AbstractQueuedSynchronizer$ConditionObject.await(AbstractQueuedSynchronizer.java:2039)
        at java.util.concurrent.ScheduledThreadPoolExecutor$DelayedWorkQueue.take(ScheduledThreadPoolExecutor.java:1088)
        at java.util.concurrent.ScheduledThreadPoolExecutor$DelayedWorkQueue.take(ScheduledThreadPoolExecutor.java:809)
        at java.util.concurrent.ThreadPoolExecutor.getTask(ThreadPoolExecutor.java:1074)
        at java.util.concurrent.ThreadPoolExecutor.runWorker(ThreadPoolExecutor.java:1134)
        at java.util.concurrent.ThreadPoolExecutor$Worker.run(ThreadPoolExecutor.java:624)
        at java.lang.Thread.run(Thread.java:748)
"Datanode ReportManager Thread - 2" daemon prio=5 tid=2189 in Object.wait()
java.lang.Thread.State: WAITING (on object monitor)
        at sun.misc.Unsafe.park(Native Method)
        at java.util.concurrent.locks.LockSupport.park(LockSupport.java:175)
        at java.util.concurrent.locks.AbstractQueuedSynchronizer$ConditionObject.await(AbstractQueuedSynchronizer.java:2039)
        at java.util.concurrent.ScheduledThreadPoolExecutor$DelayedWorkQueue.take(ScheduledThreadPoolExecutor.java:1088)
        at java.util.concurrent.ScheduledThreadPoolExecutor$DelayedWorkQueue.take(ScheduledThreadPoolExecutor.java:809)
        at java.util.concurrent.ThreadPoolExecutor.getTask(ThreadPoolExecutor.java:1074)
        at java.util.concurrent.ThreadPoolExecutor.runWorker(ThreadPoolExecutor.java:1134)
        at java.util.concurrent.ThreadPoolExecutor$Worker.run(ThreadPoolExecutor.java:624)
        at java.lang.Thread.run(Thread.java:748)
"qtp841721161-2067" daemon prio=5 tid=2067 runnable
java.lang.Thread.State: RUNNABLE
        at sun.nio.ch.EPollArrayWrapper.epollWait(Native Method)
        at sun.nio.ch.EPollArrayWrapper.poll(EPollArrayWrapper.java:269)
        at sun.nio.ch.EPollSelectorImpl.doSelect(EPollSelectorImpl.java:93)
        at sun.nio.ch.SelectorImpl.lockAndDoSelect(SelectorImpl.java:86)
        at sun.nio.ch.SelectorImpl.select(SelectorImpl.java:97)
        at sun.nio.ch.SelectorImpl.select(SelectorImpl.java:101)
        at org.eclipse.jetty.io.ManagedSelector$SelectorProducer.select(ManagedSelector.java:243)
        at org.eclipse.jetty.io.ManagedSelector$SelectorProducer.produce(ManagedSelector.java:191)
        at org.eclipse.jetty.util.thread.strategy.ExecuteProduceConsume.executeProduceConsume(ExecuteProduceConsume.java:249)
        at org.eclipse.jetty.util.thread.strategy.ExecuteProduceConsume.produceConsume(ExecuteProduceConsume.java:148)
        at org.eclipse.jetty.util.thread.strategy.ExecuteProduceConsume.execute(ExecuteProduceConsume.java:100)
        at org.eclipse.jetty.io.ManagedSelector.run(ManagedSelector.java:147)
        at org.eclipse.jetty.util.thread.QueuedThreadPool.runJob(QueuedThreadPool.java:671)
        at org.eclipse.jetty.util.thread.QueuedThreadPool$2.run(QueuedThreadPool.java:589)
        at java.lang.Thread.run(Thread.java:748)
"pool-238-thread-17"  prio=5 tid=2851 in Object.wait()
java.lang.Thread.State: WAITING (on object monitor)
        at sun.misc.Unsafe.park(Native Method)
        at java.util.concurrent.locks.LockSupport.park(LockSupport.java:175)
        at java.util.concurrent.locks.AbstractQueuedSynchronizer$ConditionObject.await(AbstractQueuedSynchronizer.java:2039)
        at java.util.concurrent.ArrayBlockingQueue.take(ArrayBlockingQueue.java:403)
        at java.util.concurrent.ThreadPoolExecutor.getTask(ThreadPoolExecutor.java:1074)
        at java.util.concurrent.ThreadPoolExecutor.runWorker(ThreadPoolExecutor.java:1134)
        at java.util.concurrent.ThreadPoolExecutor$Worker.run(ThreadPoolExecutor.java:624)
        at java.lang.Thread.run(Thread.java:748)
"pool-178-thread-54"  prio=5 tid=2516 in Object.wait()
java.lang.Thread.State: WAITING (on object monitor)
        at sun.misc.Unsafe.park(Native Method)
        at java.util.concurrent.locks.LockSupport.park(LockSupport.java:175)
        at java.util.concurrent.locks.AbstractQueuedSynchronizer$ConditionObject.await(AbstractQueuedSynchronizer.java:2039)
        at java.util.concurrent.ArrayBlockingQueue.take(ArrayBlockingQueue.java:403)
        at java.util.concurrent.ThreadPoolExecutor.getTask(ThreadPoolExecutor.java:1074)
        at java.util.concurrent.ThreadPoolExecutor.runWorker(ThreadPoolExecutor.java:1134)
        at java.util.concurrent.ThreadPoolExecutor$Worker.run(ThreadPoolExecutor.java:624)
        at java.lang.Thread.run(Thread.java:748)
"pool-228-thread-40"  prio=5 tid=2812 in Object.wait()
java.lang.Thread.State: WAITING (on object monitor)
        at sun.misc.Unsafe.park(Native Method)
        at java.util.concurrent.locks.LockSupport.park(LockSupport.java:175)
        at java.util.concurrent.locks.AbstractQueuedSynchronizer$ConditionObject.await(AbstractQueuedSynchronizer.java:2039)
        at java.util.concurrent.ArrayBlockingQueue.take(ArrayBlockingQueue.java:403)
        at java.util.concurrent.ThreadPoolExecutor.getTask(ThreadPoolExecutor.java:1074)
        at java.util.concurrent.ThreadPoolExecutor.runWorker(ThreadPoolExecutor.java:1134)
        at java.util.concurrent.ThreadPoolExecutor$Worker.run(ThreadPoolExecutor.java:624)
        at java.lang.Thread.run(Thread.java:748)
"pool-198-thread-29"  prio=5 tid=2615 in Object.wait()
java.lang.Thread.State: WAITING (on object monitor)
        at sun.misc.Unsafe.park(Native Method)
        at java.util.concurrent.locks.LockSupport.park(LockSupport.java:175)
        at java.util.concurrent.locks.AbstractQueuedSynchronizer$ConditionObject.await(AbstractQueuedSynchronizer.java:2039)
        at java.util.concurrent.ArrayBlockingQueue.take(ArrayBlockingQueue.java:403)
        at java.util.concurrent.ThreadPoolExecutor.getTask(ThreadPoolExecutor.java:1074)
        at java.util.concurrent.ThreadPoolExecutor.runWorker(ThreadPoolExecutor.java:1134)
        at java.util.concurrent.ThreadPoolExecutor$Worker.run(ThreadPoolExecutor.java:624)
        at java.lang.Thread.run(Thread.java:748)
"pool-218-thread-5"  prio=5 tid=2715 in Object.wait()
java.lang.Thread.State: WAITING (on object monitor)
        at sun.misc.Unsafe.park(Native Method)
        at java.util.concurrent.locks.LockSupport.park(LockSupport.java:175)
        at java.util.concurrent.locks.AbstractQueuedSynchronizer$ConditionObject.await(AbstractQueuedSynchronizer.java:2039)
        at java.util.concurrent.ArrayBlockingQueue.take(ArrayBlockingQueue.java:403)
        at java.util.concurrent.ThreadPoolExecutor.getTask(ThreadPoolExecutor.java:1074)
        at java.util.concurrent.ThreadPoolExecutor.runWorker(ThreadPoolExecutor.java:1134)
        at java.util.concurrent.ThreadPoolExecutor$Worker.run(ThreadPoolExecutor.java:624)
        at java.lang.Thread.run(Thread.java:748)
"pool-158-thread-60"  prio=5 tid=2398 in Object.wait()
java.lang.Thread.State: WAITING (on object monitor)
        at sun.misc.Unsafe.park(Native Method)
        at java.util.concurrent.locks.LockSupport.park(LockSupport.java:175)
        at java.util.concurrent.locks.AbstractQueuedSynchronizer$ConditionObject.await(AbstractQueuedSynchronizer.java:2039)
        at java.util.concurrent.ArrayBlockingQueue.take(ArrayBlockingQueue.java:403)
        at java.util.concurrent.ThreadPoolExecutor.getTask(ThreadPoolExecutor.java:1074)
        at java.util.concurrent.ThreadPoolExecutor.runWorker(ThreadPoolExecutor.java:1134)
        at java.util.concurrent.ThreadPoolExecutor$Worker.run(ThreadPoolExecutor.java:624)
        at java.lang.Thread.run(Thread.java:748)
"Datanode ReportManager Thread - 1" daemon prio=5 tid=2080 timed_waiting
java.lang.Thread.State: TIMED_WAITING
        at sun.misc.Unsafe.park(Native Method)
        at java.util.concurrent.locks.LockSupport.parkNanos(LockSupport.java:215)
        at java.util.concurrent.locks.AbstractQueuedSynchronizer$ConditionObject.awaitNanos(AbstractQueuedSynchronizer.java:2078)
        at java.util.concurrent.ScheduledThreadPoolExecutor$DelayedWorkQueue.take(ScheduledThreadPoolExecutor.java:1093)
        at java.util.concurrent.ScheduledThreadPoolExecutor$DelayedWorkQueue.take(ScheduledThreadPoolExecutor.java:809)
        at java.util.concurrent.ThreadPoolExecutor.getTask(ThreadPoolExecutor.java:1074)
        at java.util.concurrent.ThreadPoolExecutor.runWorker(ThreadPoolExecutor.java:1134)
        at java.util.concurrent.ThreadPoolExecutor$Worker.run(ThreadPoolExecutor.java:624)
        at java.lang.Thread.run(Thread.java:748)
"grpc-default-worker-ELG-3-1" daemon prio=5 tid=1052 runnable
java.lang.Thread.State: RUNNABLE
        at sun.nio.ch.EPollArrayWrapper.epollWait(Native Method)
        at sun.nio.ch.EPollArrayWrapper.poll(EPollArrayWrapper.java:269)
        at sun.nio.ch.EPollSelectorImpl.doSelect(EPollSelectorImpl.java:93)
        at sun.nio.ch.SelectorImpl.lockAndDoSelect(SelectorImpl.java:86)
        at sun.nio.ch.SelectorImpl.select(SelectorImpl.java:97)
        at org.apache.ratis.thirdparty.io.netty.channel.nio.SelectedSelectionKeySetSelector.select(SelectedSelectionKeySetSelector.java:62)
        at org.apache.ratis.thirdparty.io.netty.channel.nio.NioEventLoop.select(NioEventLoop.java:753)
        at org.apache.ratis.thirdparty.io.netty.channel.nio.NioEventLoop.run(NioEventLoop.java:408)
        at org.apache.ratis.thirdparty.io.netty.util.concurrent.SingleThreadEventExecutor$5.run(SingleThreadEventExecutor.java:897)
        at org.apache.ratis.thirdparty.io.netty.util.concurrent.FastThreadLocalRunnable.run(FastThreadLocalRunnable.java:30)
        at java.lang.Thread.run(Thread.java:748)
"pool-228-thread-32"  prio=5 tid=2804 in Object.wait()
java.lang.Thread.State: WAITING (on object monitor)
        at sun.misc.Unsafe.park(Native Method)
        at java.util.concurrent.locks.LockSupport.park(LockSupport.java:175)
        at java.util.concurrent.locks.AbstractQueuedSynchronizer$ConditionObject.await(AbstractQueuedSynchronizer.java:2039)
        at java.util.concurrent.ArrayBlockingQueue.take(ArrayBlockingQueue.java:403)
        at java.util.concurrent.ThreadPoolExecutor.getTask(ThreadPoolExecutor.java:1074)
        at java.util.concurrent.ThreadPoolExecutor.runWorker(ThreadPoolExecutor.java:1134)
        at java.util.concurrent.ThreadPoolExecutor$Worker.run(ThreadPoolExecutor.java:624)
        at java.lang.Thread.run(Thread.java:748)
"IPC Server handler 9 on 40581" daemon prio=5 tid=1918 timed_waiting
java.lang.Thread.State: TIMED_WAITING
        at sun.misc.Unsafe.park(Native Method)
        at java.util.concurrent.locks.LockSupport.parkNanos(LockSupport.java:215)
        at java.util.concurrent.locks.AbstractQueuedSynchronizer$ConditionObject.awaitNanos(AbstractQueuedSynchronizer.java:2078)
        at java.util.concurrent.LinkedBlockingQueue.poll(LinkedBlockingQueue.java:467)
        at org.apache.hadoop.ipc.CallQueueManager.take(CallQueueManager.java:288)
        at org.apache.hadoop.ipc.Server$Handler.run(Server.java:2668)
"org.apache.hadoop.util.JvmPauseMonitor$Monitor@39bbd623" daemon prio=5 tid=2084 timed_waiting
java.lang.Thread.State: TIMED_WAITING
        at java.lang.Thread.sleep(Native Method)
        at org.apache.hadoop.util.JvmPauseMonitor$Monitor.run(JvmPauseMonitor.java:192)
        at java.lang.Thread.run(Thread.java:748)
"pool-208-thread-1"  prio=5 tid=2649 in Object.wait()
java.lang.Thread.State: WAITING (on object monitor)
        at sun.misc.Unsafe.park(Native Method)
        at java.util.concurrent.locks.LockSupport.park(LockSupport.java:175)
        at java.util.concurrent.locks.AbstractQueuedSynchronizer$ConditionObject.await(AbstractQueuedSynchronizer.java:2039)
        at java.util.concurrent.ArrayBlockingQueue.take(ArrayBlockingQueue.java:403)
        at java.util.concurrent.ThreadPoolExecutor.getTask(ThreadPoolExecutor.java:1074)
        at java.util.concurrent.ThreadPoolExecutor.runWorker(ThreadPoolExecutor.java:1134)
        at java.util.concurrent.ThreadPoolExecutor$Worker.run(ThreadPoolExecutor.java:624)
        at java.lang.Thread.run(Thread.java:748)
"pool-228-thread-31"  prio=5 tid=2803 in Object.wait()
java.lang.Thread.State: WAITING (on object monitor)
        at sun.misc.Unsafe.park(Native Method)
        at java.util.concurrent.locks.LockSupport.park(LockSupport.java:175)
        at java.util.concurrent.locks.AbstractQueuedSynchronizer$ConditionObject.await(AbstractQueuedSynchronizer.java:2039)
        at java.util.concurrent.ArrayBlockingQueue.take(ArrayBlockingQueue.java:403)
        at java.util.concurrent.ThreadPoolExecutor.getTask(ThreadPoolExecutor.java:1074)
        at java.util.concurrent.ThreadPoolExecutor.runWorker(ThreadPoolExecutor.java:1134)
        at java.util.concurrent.ThreadPoolExecutor$Worker.run(ThreadPoolExecutor.java:624)
        at java.lang.Thread.run(Thread.java:748)
"IPC Server idle connection scanner for port 45410" daemon prio=5 tid=1967 timed_waiting
java.lang.Thread.State: TIMED_WAITING
        at java.lang.Object.wait(Native Method)
        at java.util.TimerThread.mainLoop(Timer.java:552)
        at java.util.TimerThread.run(Timer.java:505)
"pool-178-thread-15"  prio=5 tid=2477 in Object.wait()
java.lang.Thread.State: WAITING (on object monitor)
        at sun.misc.Unsafe.park(Native Method)
        at java.util.concurrent.locks.LockSupport.park(LockSupport.java:175)
        at java.util.concurrent.locks.AbstractQueuedSynchronizer$ConditionObject.await(AbstractQueuedSynchronizer.java:2039)
        at java.util.concurrent.ArrayBlockingQueue.take(ArrayBlockingQueue.java:403)
        at java.util.concurrent.ThreadPoolExecutor.getTask(ThreadPoolExecutor.java:1074)
        at java.util.concurrent.ThreadPoolExecutor.runWorker(ThreadPoolExecutor.java:1134)
        at java.util.concurrent.ThreadPoolExecutor$Worker.run(ThreadPoolExecutor.java:624)
        at java.lang.Thread.run(Thread.java:748)
"pool-172-thread-1"  prio=5 tid=2066 timed_waiting
java.lang.Thread.State: TIMED_WAITING
        at sun.misc.Unsafe.park(Native Method)
        at java.util.concurrent.locks.LockSupport.parkNanos(LockSupport.java:215)
        at java.util.concurrent.locks.AbstractQueuedSynchronizer$ConditionObject.awaitNanos(AbstractQueuedSynchronizer.java:2078)
        at java.util.concurrent.ScheduledThreadPoolExecutor$DelayedWorkQueue.take(ScheduledThreadPoolExecutor.java:1093)
        at java.util.concurrent.ScheduledThreadPoolExecutor$DelayedWorkQueue.take(ScheduledThreadPoolExecutor.java:809)
        at java.util.concurrent.ThreadPoolExecutor.getTask(ThreadPoolExecutor.java:1074)
        at java.util.concurrent.ThreadPoolExecutor.runWorker(ThreadPoolExecutor.java:1134)
        at java.util.concurrent.ThreadPoolExecutor$Worker.run(ThreadPoolExecutor.java:624)
        at java.lang.Thread.run(Thread.java:748)
"org.eclipse.jetty.server.session.HashSessionManager@78422efbTimer" daemon prio=5 tid=2076 timed_waiting
java.lang.Thread.State: TIMED_WAITING
        at sun.misc.Unsafe.park(Native Method)
        at java.util.concurrent.locks.LockSupport.parkNanos(LockSupport.java:215)
        at java.util.concurrent.locks.AbstractQueuedSynchronizer$ConditionObject.awaitNanos(AbstractQueuedSynchronizer.java:2078)
        at java.util.concurrent.ScheduledThreadPoolExecutor$DelayedWorkQueue.take(ScheduledThreadPoolExecutor.java:1093)
        at java.util.concurrent.ScheduledThreadPoolExecutor$DelayedWorkQueue.take(ScheduledThreadPoolExecutor.java:809)
        at java.util.concurrent.ThreadPoolExecutor.getTask(ThreadPoolExecutor.java:1074)
        at java.util.concurrent.ThreadPoolExecutor.runWorker(ThreadPoolExecutor.java:1134)
        at java.util.concurrent.ThreadPoolExecutor$Worker.run(ThreadPoolExecutor.java:624)
        at java.lang.Thread.run(Thread.java:748)
"CommandWatcher-LeaseManager#LeaseMonitor" daemon prio=5 tid=1888 timed_waiting
java.lang.Thread.State: TIMED_WAITING
        at java.lang.Thread.sleep(Native Method)
        at org.apache.hadoop.ozone.lease.LeaseManager$LeaseMonitor.run(LeaseManager.java:234)
        at java.lang.Thread.run(Thread.java:748)
"pool-238-thread-4"  prio=5 tid=2838 in Object.wait()
java.lang.Thread.State: WAITING (on object monitor)
        at sun.misc.Unsafe.park(Native Method)
        at java.util.concurrent.locks.LockSupport.park(LockSupport.java:175)
        at java.util.concurrent.locks.AbstractQueuedSynchronizer$ConditionObject.await(AbstractQueuedSynchronizer.java:2039)
        at java.util.concurrent.ArrayBlockingQueue.take(ArrayBlockingQueue.java:403)
        at java.util.concurrent.ThreadPoolExecutor.getTask(ThreadPoolExecutor.java:1074)
        at java.util.concurrent.ThreadPoolExecutor.runWorker(ThreadPoolExecutor.java:1134)
        at java.util.concurrent.ThreadPoolExecutor$Worker.run(ThreadPoolExecutor.java:624)
        at java.lang.Thread.run(Thread.java:748)
"Timer-2"  prio=5 tid=1969 timed_waiting
java.lang.Thread.State: TIMED_WAITING
        at java.lang.Object.wait(Native Method)
        at java.util.TimerThread.mainLoop(Timer.java:552)
        at java.util.TimerThread.run(Timer.java:505)
"IPC Server handler 15 on 40581" daemon prio=5 tid=1924 timed_waiting
java.lang.Thread.State: TIMED_WAITING
        at sun.misc.Unsafe.park(Native Method)
        at java.util.concurrent.locks.LockSupport.parkNanos(LockSupport.java:215)
        at java.util.concurrent.locks.AbstractQueuedSynchronizer$ConditionObject.awaitNanos(AbstractQueuedSynchronizer.java:2078)
        at java.util.concurrent.LinkedBlockingQueue.poll(LinkedBlockingQueue.java:467)
        at org.apache.hadoop.ipc.CallQueueManager.take(CallQueueManager.java:288)
        at org.apache.hadoop.ipc.Server$Handler.run(Server.java:2668)
"Datanode ReportManager Thread - 1" daemon prio=5 tid=2107 timed_waiting
java.lang.Thread.State: TIMED_WAITING
        at sun.misc.Unsafe.park(Native Method)
        at java.util.concurrent.locks.LockSupport.parkNanos(LockSupport.java:215)
        at java.util.concurrent.locks.AbstractQueuedSynchronizer$ConditionObject.awaitNanos(AbstractQueuedSynchronizer.java:2078)
        at java.util.concurrent.ScheduledThreadPoolExecutor$DelayedWorkQueue.take(ScheduledThreadPoolExecutor.java:1093)
        at java.util.concurrent.ScheduledThreadPoolExecutor$DelayedWorkQueue.take(ScheduledThreadPoolExecutor.java:809)
        at java.util.concurrent.ThreadPoolExecutor.getTask(ThreadPoolExecutor.java:1074)
        at java.util.concurrent.ThreadPoolExecutor.runWorker(ThreadPoolExecutor.java:1134)
        at java.util.concurrent.ThreadPoolExecutor$Worker.run(ThreadPoolExecutor.java:624)
        at java.lang.Thread.run(Thread.java:748)
"pool-238-thread-36"  prio=5 tid=2870 in Object.wait()
java.lang.Thread.State: WAITING (on object monitor)
        at sun.misc.Unsafe.park(Native Method)
        at java.util.concurrent.locks.LockSupport.park(LockSupport.java:175)
        at java.util.concurrent.locks.AbstractQueuedSynchronizer$ConditionObject.await(AbstractQueuedSynchronizer.java:2039)
        at java.util.concurrent.ArrayBlockingQueue.take(ArrayBlockingQueue.java:403)
        at java.util.concurrent.ThreadPoolExecutor.getTask(ThreadPoolExecutor.java:1074)
        at java.util.concurrent.ThreadPoolExecutor.runWorker(ThreadPoolExecutor.java:1134)
        at java.util.concurrent.ThreadPoolExecutor$Worker.run(ThreadPoolExecutor.java:624)
        at java.lang.Thread.run(Thread.java:748)
"IPC Server handler 2 on 39845" daemon prio=5 tid=1931 timed_waiting
java.lang.Thread.State: TIMED_WAITING
        at sun.misc.Unsafe.park(Native Method)
        at java.util.concurrent.locks.LockSupport.parkNanos(LockSupport.java:215)
        at java.util.concurrent.locks.AbstractQueuedSynchronizer$ConditionObject.awaitNanos(AbstractQueuedSynchronizer.java:2078)
        at java.util.concurrent.LinkedBlockingQueue.poll(LinkedBlockingQueue.java:467)
        at org.apache.hadoop.ipc.CallQueueManager.take(CallQueueManager.java:288)
        at org.apache.hadoop.ipc.Server$Handler.run(Server.java:2668)
"e96d2cc9-026c-4220-b0f4-2bd3b4d5a924@group-D08F3DBE2A41-StateMachineUpdater" daemon prio=5 tid=3149 in Object.wait()
java.lang.Thread.State: WAITING (on object monitor)
        at java.lang.Object.wait(Native Method)
        at java.lang.Object.wait(Object.java:502)
        at org.apache.ratis.server.impl.StateMachineUpdater.waitForCommit(StateMachineUpdater.java:194)
        at org.apache.ratis.server.impl.StateMachineUpdater.run(StateMachineUpdater.java:159)
        at java.lang.Thread.run(Thread.java:748)
"pool-168-thread-16"  prio=5 tid=2416 in Object.wait()
java.lang.Thread.State: WAITING (on object monitor)
        at sun.misc.Unsafe.park(Native Method)
        at java.util.concurrent.locks.LockSupport.park(LockSupport.java:175)
        at java.util.concurrent.locks.AbstractQueuedSynchronizer$ConditionObject.await(AbstractQueuedSynchronizer.java:2039)
        at java.util.concurrent.ArrayBlockingQueue.take(ArrayBlockingQueue.java:403)
        at java.util.concurrent.ThreadPoolExecutor.getTask(ThreadPoolExecutor.java:1074)
        at java.util.concurrent.ThreadPoolExecutor.runWorker(ThreadPoolExecutor.java:1134)
        at java.util.concurrent.ThreadPoolExecutor$Worker.run(ThreadPoolExecutor.java:624)
        at java.lang.Thread.run(Thread.java:748)
"5fe8490f-f805-406a-80e2-fbda1a66b042@group-A2A7FA27FDC7-StateMachineUpdater" daemon prio=5 tid=3156 in Object.wait()
java.lang.Thread.State: WAITING (on object monitor)
        at java.lang.Object.wait(Native Method)
        at java.lang.Object.wait(Object.java:502)
        at org.apache.ratis.server.impl.StateMachineUpdater.waitForCommit(StateMachineUpdater.java:194)
        at org.apache.ratis.server.impl.StateMachineUpdater.run(StateMachineUpdater.java:159)
        at java.lang.Thread.run(Thread.java:748)
"qtp98459285-1950-acceptor-0@28aff1f7-ServerConnector@f5cf29b{HTTP/1.1,[http/1.1]}{0.0.0.0:39761}" daemon prio=3 tid=1950 runnable
java.lang.Thread.State: RUNNABLE
        at sun.nio.ch.ServerSocketChannelImpl.accept0(Native Method)
        at sun.nio.ch.ServerSocketChannelImpl.accept(ServerSocketChannelImpl.java:422)
        at sun.nio.ch.ServerSocketChannelImpl.accept(ServerSocketChannelImpl.java:250)
        at org.eclipse.jetty.server.ServerConnector.accept(ServerConnector.java:397)
        at org.eclipse.jetty.server.AbstractConnector$Acceptor.run(AbstractConnector.java:601)
        at org.eclipse.jetty.util.thread.QueuedThreadPool.runJob(QueuedThreadPool.java:671)
        at org.eclipse.jetty.util.thread.QueuedThreadPool$2.run(QueuedThreadPool.java:589)
        at java.lang.Thread.run(Thread.java:748)
"org.eclipse.jetty.server.session.HashSessionManager@5a545b0fTimer" daemon prio=5 tid=2048 timed_waiting
java.lang.Thread.State: TIMED_WAITING
        at sun.misc.Unsafe.park(Native Method)
        at java.util.concurrent.locks.LockSupport.parkNanos(LockSupport.java:215)
        at java.util.concurrent.locks.AbstractQueuedSynchronizer$ConditionObject.awaitNanos(AbstractQueuedSynchronizer.java:2078)
        at java.util.concurrent.ScheduledThreadPoolExecutor$DelayedWorkQueue.take(ScheduledThreadPoolExecutor.java:1093)
        at java.util.concurrent.ScheduledThreadPoolExecutor$DelayedWorkQueue.take(ScheduledThreadPoolExecutor.java:809)
        at java.util.concurrent.ThreadPoolExecutor.getTask(ThreadPoolExecutor.java:1074)
        at java.util.concurrent.ThreadPoolExecutor.runWorker(ThreadPoolExecutor.java:1134)
        at java.util.concurrent.ThreadPoolExecutor$Worker.run(ThreadPoolExecutor.java:624)
        at java.lang.Thread.run(Thread.java:748)
"PartialTableCache Cleanup Thread - 0" daemon prio=5 tid=3079 in Object.wait()
java.lang.Thread.State: WAITING (on object monitor)
        at sun.misc.Unsafe.park(Native Method)
        at java.util.concurrent.locks.LockSupport.park(LockSupport.java:175)
        at java.util.concurrent.locks.AbstractQueuedSynchronizer$ConditionObject.await(AbstractQueuedSynchronizer.java:2039)
        at java.util.concurrent.LinkedBlockingQueue.take(LinkedBlockingQueue.java:442)
        at java.util.concurrent.ThreadPoolExecutor.getTask(ThreadPoolExecutor.java:1074)
        at java.util.concurrent.ThreadPoolExecutor.runWorker(ThreadPoolExecutor.java:1134)
        at java.util.concurrent.ThreadPoolExecutor$Worker.run(ThreadPoolExecutor.java:624)
        at java.lang.Thread.run(Thread.java:748)
"pool-208-thread-19"  prio=5 tid=2667 in Object.wait()
java.lang.Thread.State: WAITING (on object monitor)
        at sun.misc.Unsafe.park(Native Method)
        at java.util.concurrent.locks.LockSupport.park(LockSupport.java:175)
        at java.util.concurrent.locks.AbstractQueuedSynchronizer$ConditionObject.await(AbstractQueuedSynchronizer.java:2039)
        at java.util.concurrent.ArrayBlockingQueue.take(ArrayBlockingQueue.java:403)
        at java.util.concurrent.ThreadPoolExecutor.getTask(ThreadPoolExecutor.java:1074)
        at java.util.concurrent.ThreadPoolExecutor.runWorker(ThreadPoolExecutor.java:1134)
        at java.util.concurrent.ThreadPoolExecutor$Worker.run(ThreadPoolExecutor.java:624)
        at java.lang.Thread.run(Thread.java:748)
"qtp2010856706-2202" daemon prio=5 tid=2202 runnable
java.lang.Thread.State: RUNNABLE
        at sun.nio.ch.EPollArrayWrapper.epollWait(Native Method)
        at sun.nio.ch.EPollArrayWrapper.poll(EPollArrayWrapper.java:269)
        at sun.nio.ch.EPollSelectorImpl.doSelect(EPollSelectorImpl.java:93)
        at sun.nio.ch.SelectorImpl.lockAndDoSelect(SelectorImpl.java:86)
        at sun.nio.ch.SelectorImpl.select(SelectorImpl.java:97)
        at sun.nio.ch.SelectorImpl.select(SelectorImpl.java:101)
        at org.eclipse.jetty.io.ManagedSelector$SelectorProducer.select(ManagedSelector.java:243)
        at org.eclipse.jetty.io.ManagedSelector$SelectorProducer.produce(ManagedSelector.java:191)
        at org.eclipse.jetty.util.thread.strategy.ExecuteProduceConsume.executeProduceConsume(ExecuteProduceConsume.java:249)
        at org.eclipse.jetty.util.thread.strategy.ExecuteProduceConsume.produceConsume(ExecuteProduceConsume.java:148)
        at org.eclipse.jetty.util.thread.strategy.ExecuteProduceConsume.execute(ExecuteProduceConsume.java:100)
        at org.eclipse.jetty.io.ManagedSelector.run(ManagedSelector.java:147)
        at org.eclipse.jetty.util.thread.QueuedThreadPool.runJob(QueuedThreadPool.java:671)
        at org.eclipse.jetty.util.thread.QueuedThreadPool$2.run(QueuedThreadPool.java:589)
        at java.lang.Thread.run(Thread.java:748)
"pool-168-thread-52"  prio=5 tid=2452 in Object.wait()
java.lang.Thread.State: WAITING (on object monitor)
        at sun.misc.Unsafe.park(Native Method)
        at java.util.concurrent.locks.LockSupport.park(LockSupport.java:175)
        at java.util.concurrent.locks.AbstractQueuedSynchronizer$ConditionObject.await(AbstractQueuedSynchronizer.java:2039)
        at java.util.concurrent.ArrayBlockingQueue.take(ArrayBlockingQueue.java:403)
        at java.util.concurrent.ThreadPoolExecutor.getTask(ThreadPoolExecutor.java:1074)
        at java.util.concurrent.ThreadPoolExecutor.runWorker(ThreadPoolExecutor.java:1134)
        at java.util.concurrent.ThreadPoolExecutor$Worker.run(ThreadPoolExecutor.java:624)
        at java.lang.Thread.run(Thread.java:748)
"PartialTableCache Cleanup Thread - 0" daemon prio=5 tid=1329 in Object.wait()
java.lang.Thread.State: WAITING (on object monitor)
        at sun.misc.Unsafe.park(Native Method)
        at java.util.concurrent.locks.LockSupport.park(LockSupport.java:175)
        at java.util.concurrent.locks.AbstractQueuedSynchronizer$ConditionObject.await(AbstractQueuedSynchronizer.java:2039)
        at java.util.concurrent.LinkedBlockingQueue.take(LinkedBlockingQueue.java:442)
        at java.util.concurrent.ThreadPoolExecutor.getTask(ThreadPoolExecutor.java:1074)
        at java.util.concurrent.ThreadPoolExecutor.runWorker(ThreadPoolExecutor.java:1134)
        at java.util.concurrent.ThreadPoolExecutor$Worker.run(ThreadPoolExecutor.java:624)
        at java.lang.Thread.run(Thread.java:748)
"pool-168-thread-3"  prio=5 tid=2403 in Object.wait()
java.lang.Thread.State: WAITING (on object monitor)
        at sun.misc.Unsafe.park(Native Method)
        at java.util.concurrent.locks.LockSupport.park(LockSupport.java:175)
        at java.util.concurrent.locks.AbstractQueuedSynchronizer$ConditionObject.await(AbstractQueuedSynchronizer.java:2039)
        at java.util.concurrent.ArrayBlockingQueue.take(ArrayBlockingQueue.java:403)
        at java.util.concurrent.ThreadPoolExecutor.getTask(ThreadPoolExecutor.java:1074)
        at java.util.concurrent.ThreadPoolExecutor.runWorker(ThreadPoolExecutor.java:1134)
        at java.util.concurrent.ThreadPoolExecutor$Worker.run(ThreadPoolExecutor.java:624)
        at java.lang.Thread.run(Thread.java:748)
"pool-218-thread-35"  prio=5 tid=2745 in Object.wait()
java.lang.Thread.State: WAITING (on object monitor)
        at sun.misc.Unsafe.park(Native Method)
        at java.util.concurrent.locks.LockSupport.park(LockSupport.java:175)
        at java.util.concurrent.locks.AbstractQueuedSynchronizer$ConditionObject.await(AbstractQueuedSynchronizer.java:2039)
        at java.util.concurrent.ArrayBlockingQueue.take(ArrayBlockingQueue.java:403)
        at java.util.concurrent.ThreadPoolExecutor.getTask(ThreadPoolExecutor.java:1074)
        at java.util.concurrent.ThreadPoolExecutor.runWorker(ThreadPoolExecutor.java:1134)
        at java.util.concurrent.ThreadPoolExecutor$Worker.run(ThreadPoolExecutor.java:624)
        at java.lang.Thread.run(Thread.java:748)
"pool-178-thread-9"  prio=5 tid=2471 in Object.wait()
java.lang.Thread.State: WAITING (on object monitor)
        at sun.misc.Unsafe.park(Native Method)
        at java.util.concurrent.locks.LockSupport.park(LockSupport.java:175)
        at java.util.concurrent.locks.AbstractQueuedSynchronizer$ConditionObject.await(AbstractQueuedSynchronizer.java:2039)
        at java.util.concurrent.ArrayBlockingQueue.take(ArrayBlockingQueue.java:403)
        at java.util.concurrent.ThreadPoolExecutor.getTask(ThreadPoolExecutor.java:1074)
        at java.util.concurrent.ThreadPoolExecutor.runWorker(ThreadPoolExecutor.java:1134)
        at java.util.concurrent.ThreadPoolExecutor$Worker.run(ThreadPoolExecutor.java:624)
        at java.lang.Thread.run(Thread.java:748)
"pool-158-thread-36"  prio=5 tid=2374 in Object.wait()
java.lang.Thread.State: WAITING (on object monitor)
        at sun.misc.Unsafe.park(Native Method)
        at java.util.concurrent.locks.LockSupport.park(LockSupport.java:175)
        at java.util.concurrent.locks.AbstractQueuedSynchronizer$ConditionObject.await(AbstractQueuedSynchronizer.java:2039)
        at java.util.concurrent.ArrayBlockingQueue.take(ArrayBlockingQueue.java:403)
        at java.util.concurrent.ThreadPoolExecutor.getTask(ThreadPoolExecutor.java:1074)
        at java.util.concurrent.ThreadPoolExecutor.runWorker(ThreadPoolExecutor.java:1134)
        at java.util.concurrent.ThreadPoolExecutor$Worker.run(ThreadPoolExecutor.java:624)
        at java.lang.Thread.run(Thread.java:748)
"pool-148-thread-21"  prio=5 tid=2296 in Object.wait()
java.lang.Thread.State: WAITING (on object monitor)
        at sun.misc.Unsafe.park(Native Method)
        at java.util.concurrent.locks.LockSupport.park(LockSupport.java:175)
        at java.util.concurrent.locks.AbstractQueuedSynchronizer$ConditionObject.await(AbstractQueuedSynchronizer.java:2039)
        at java.util.concurrent.ArrayBlockingQueue.take(ArrayBlockingQueue.java:403)
        at java.util.concurrent.ThreadPoolExecutor.getTask(ThreadPoolExecutor.java:1074)
        at java.util.concurrent.ThreadPoolExecutor.runWorker(ThreadPoolExecutor.java:1134)
        at java.util.concurrent.ThreadPoolExecutor$Worker.run(ThreadPoolExecutor.java:624)
        at java.lang.Thread.run(Thread.java:748)
"IPC Server handler 7 on 45410" daemon prio=5 tid=1979 timed_waiting
java.lang.Thread.State: TIMED_WAITING
        at sun.misc.Unsafe.park(Native Method)
        at java.util.concurrent.locks.LockSupport.parkNanos(LockSupport.java:215)
        at java.util.concurrent.locks.AbstractQueuedSynchronizer$ConditionObject.awaitNanos(AbstractQueuedSynchronizer.java:2078)
        at java.util.concurrent.LinkedBlockingQueue.poll(LinkedBlockingQueue.java:467)
        at org.apache.hadoop.ipc.CallQueueManager.take(CallQueueManager.java:288)
        at org.apache.hadoop.ipc.Server$Handler.run(Server.java:2668)
"pool-148-thread-33"  prio=5 tid=2308 in Object.wait()
java.lang.Thread.State: WAITING (on object monitor)
        at sun.misc.Unsafe.park(Native Method)
        at java.util.concurrent.locks.LockSupport.park(LockSupport.java:175)
        at java.util.concurrent.locks.AbstractQueuedSynchronizer$ConditionObject.await(AbstractQueuedSynchronizer.java:2039)
        at java.util.concurrent.ArrayBlockingQueue.take(ArrayBlockingQueue.java:403)
        at java.util.concurrent.ThreadPoolExecutor.getTask(ThreadPoolExecutor.java:1074)
        at java.util.concurrent.ThreadPoolExecutor.runWorker(ThreadPoolExecutor.java:1134)
        at java.util.concurrent.ThreadPoolExecutor$Worker.run(ThreadPoolExecutor.java:624)
        at java.lang.Thread.run(Thread.java:748)
"pool-229-thread-1"  prio=5 tid=2973 in Object.wait()
java.lang.Thread.State: WAITING (on object monitor)
        at sun.misc.Unsafe.park(Native Method)
        at java.util.concurrent.locks.LockSupport.park(LockSupport.java:175)
        at java.util.concurrent.locks.AbstractQueuedSynchronizer$ConditionObject.await(AbstractQueuedSynchronizer.java:2039)
        at java.util.concurrent.LinkedBlockingQueue.take(LinkedBlockingQueue.java:442)
        at java.util.concurrent.ThreadPoolExecutor.getTask(ThreadPoolExecutor.java:1074)
        at java.util.concurrent.ThreadPoolExecutor.runWorker(ThreadPoolExecutor.java:1134)
        at java.util.concurrent.ThreadPoolExecutor$Worker.run(ThreadPoolExecutor.java:624)
        at java.lang.Thread.run(Thread.java:748)
"pool-158-thread-23"  prio=5 tid=2361 in Object.wait()
java.lang.Thread.State: WAITING (on object monitor)
        at sun.misc.Unsafe.park(Native Method)
        at java.util.concurrent.locks.LockSupport.park(LockSupport.java:175)
        at java.util.concurrent.locks.AbstractQueuedSynchronizer$ConditionObject.await(AbstractQueuedSynchronizer.java:2039)
        at java.util.concurrent.ArrayBlockingQueue.take(ArrayBlockingQueue.java:403)
        at java.util.concurrent.ThreadPoolExecutor.getTask(ThreadPoolExecutor.java:1074)
        at java.util.concurrent.ThreadPoolExecutor.runWorker(ThreadPoolExecutor.java:1134)
        at java.util.concurrent.ThreadPoolExecutor$Worker.run(ThreadPoolExecutor.java:624)
        at java.lang.Thread.run(Thread.java:748)
"pool-158-thread-1"  prio=5 tid=2339 in Object.wait()
java.lang.Thread.State: WAITING (on object monitor)
        at sun.misc.Unsafe.park(Native Method)
        at java.util.concurrent.locks.LockSupport.park(LockSupport.java:175)
        at java.util.concurrent.locks.AbstractQueuedSynchronizer$ConditionObject.await(AbstractQueuedSynchronizer.java:2039)
        at java.util.concurrent.ArrayBlockingQueue.take(ArrayBlockingQueue.java:403)
        at java.util.concurrent.ThreadPoolExecutor.getTask(ThreadPoolExecutor.java:1074)
        at java.util.concurrent.ThreadPoolExecutor.runWorker(ThreadPoolExecutor.java:1134)
        at java.util.concurrent.ThreadPoolExecutor$Worker.run(ThreadPoolExecutor.java:624)
        at java.lang.Thread.run(Thread.java:748)
"pool-198-thread-24"  prio=5 tid=2610 in Object.wait()
java.lang.Thread.State: WAITING (on object monitor)
        at sun.misc.Unsafe.park(Native Method)
        at java.util.concurrent.locks.LockSupport.park(LockSupport.java:175)
        at java.util.concurrent.locks.AbstractQueuedSynchronizer$ConditionObject.await(AbstractQueuedSynchronizer.java:2039)
        at java.util.concurrent.ArrayBlockingQueue.take(ArrayBlockingQueue.java:403)
        at java.util.concurrent.ThreadPoolExecutor.getTask(ThreadPoolExecutor.java:1074)
        at java.util.concurrent.ThreadPoolExecutor.runWorker(ThreadPoolExecutor.java:1134)
        at java.util.concurrent.ThreadPoolExecutor$Worker.run(ThreadPoolExecutor.java:624)
        at java.lang.Thread.run(Thread.java:748)
"org.eclipse.jetty.server.session.HashSessionManager@4a2e7bcbTimer" daemon prio=5 tid=1957 timed_waiting
java.lang.Thread.State: TIMED_WAITING
        at sun.misc.Unsafe.park(Native Method)
        at java.util.concurrent.locks.LockSupport.parkNanos(LockSupport.java:215)
        at java.util.concurrent.locks.AbstractQueuedSynchronizer$ConditionObject.awaitNanos(AbstractQueuedSynchronizer.java:2078)
        at java.util.concurrent.ScheduledThreadPoolExecutor$DelayedWorkQueue.take(ScheduledThreadPoolExecutor.java:1093)
        at java.util.concurrent.ScheduledThreadPoolExecutor$DelayedWorkQueue.take(ScheduledThreadPoolExecutor.java:809)
        at java.util.concurrent.ThreadPoolExecutor.getTask(ThreadPoolExecutor.java:1074)
        at java.util.concurrent.ThreadPoolExecutor.runWorker(ThreadPoolExecutor.java:1134)
        at java.util.concurrent.ThreadPoolExecutor$Worker.run(ThreadPoolExecutor.java:624)
        at java.lang.Thread.run(Thread.java:748)
"IPC Server handler 11 on 40581" daemon prio=5 tid=1920 timed_waiting
java.lang.Thread.State: TIMED_WAITING
        at sun.misc.Unsafe.park(Native Method)
        at java.util.concurrent.locks.LockSupport.parkNanos(LockSupport.java:215)
        at java.util.concurrent.locks.AbstractQueuedSynchronizer$ConditionObject.awaitNanos(AbstractQueuedSynchronizer.java:2078)
        at java.util.concurrent.LinkedBlockingQueue.poll(LinkedBlockingQueue.java:467)
        at org.apache.hadoop.ipc.CallQueueManager.take(CallQueueManager.java:288)
        at org.apache.hadoop.ipc.Server$Handler.run(Server.java:2668)
"IPC Server listener on 40581" daemon prio=5 tid=1878 runnable
java.lang.Thread.State: RUNNABLE
        at sun.nio.ch.EPollArrayWrapper.epollWait(Native Method)
        at sun.nio.ch.EPollArrayWrapper.poll(EPollArrayWrapper.java:269)
        at sun.nio.ch.EPollSelectorImpl.doSelect(EPollSelectorImpl.java:93)
        at sun.nio.ch.SelectorImpl.lockAndDoSelect(SelectorImpl.java:86)
        at sun.nio.ch.SelectorImpl.select(SelectorImpl.java:97)
        at sun.nio.ch.SelectorImpl.select(SelectorImpl.java:101)
        at org.apache.hadoop.ipc.Server$Listener.run(Server.java:1159)
"pool-198-thread-18"  prio=5 tid=2604 in Object.wait()
java.lang.Thread.State: WAITING (on object monitor)
        at sun.misc.Unsafe.park(Native Method)
        at java.util.concurrent.locks.LockSupport.park(LockSupport.java:175)
        at java.util.concurrent.locks.AbstractQueuedSynchronizer$ConditionObject.await(AbstractQueuedSynchronizer.java:2039)
        at java.util.concurrent.ArrayBlockingQueue.take(ArrayBlockingQueue.java:403)
        at java.util.concurrent.ThreadPoolExecutor.getTask(ThreadPoolExecutor.java:1074)
        at java.util.concurrent.ThreadPoolExecutor.runWorker(ThreadPoolExecutor.java:1134)
        at java.util.concurrent.ThreadPoolExecutor$Worker.run(ThreadPoolExecutor.java:624)
        at java.lang.Thread.run(Thread.java:748)
"pool-178-thread-26"  prio=5 tid=2488 in Object.wait()
java.lang.Thread.State: WAITING (on object monitor)
        at sun.misc.Unsafe.park(Native Method)
        at java.util.concurrent.locks.LockSupport.park(LockSupport.java:175)
        at java.util.concurrent.locks.AbstractQueuedSynchronizer$ConditionObject.await(AbstractQueuedSynchronizer.java:2039)
        at java.util.concurrent.ArrayBlockingQueue.take(ArrayBlockingQueue.java:403)
        at java.util.concurrent.ThreadPoolExecutor.getTask(ThreadPoolExecutor.java:1074)
        at java.util.concurrent.ThreadPoolExecutor.runWorker(ThreadPoolExecutor.java:1134)
        at java.util.concurrent.ThreadPoolExecutor$Worker.run(ThreadPoolExecutor.java:624)
        at java.lang.Thread.run(Thread.java:748)
"grpc-default-executor-0" daemon prio=5 tid=1053 timed_waiting
java.lang.Thread.State: TIMED_WAITING
        at sun.misc.Unsafe.park(Native Method)
        at java.util.concurrent.locks.LockSupport.parkNanos(LockSupport.java:215)
        at java.util.concurrent.SynchronousQueue$TransferStack.awaitFulfill(SynchronousQueue.java:460)
        at java.util.concurrent.SynchronousQueue$TransferStack.transfer(SynchronousQueue.java:362)
        at java.util.concurrent.SynchronousQueue.poll(SynchronousQueue.java:941)
        at java.util.concurrent.ThreadPoolExecutor.getTask(ThreadPoolExecutor.java:1073)
        at java.util.concurrent.ThreadPoolExecutor.runWorker(ThreadPoolExecutor.java:1134)
        at java.util.concurrent.ThreadPoolExecutor$Worker.run(ThreadPoolExecutor.java:624)
        at java.lang.Thread.run(Thread.java:748)
"pool-218-thread-3"  prio=5 tid=2713 in Object.wait()
java.lang.Thread.State: WAITING (on object monitor)
        at sun.misc.Unsafe.park(Native Method)
        at java.util.concurrent.locks.LockSupport.park(LockSupport.java:175)
        at java.util.concurrent.locks.AbstractQueuedSynchronizer$ConditionObject.await(AbstractQueuedSynchronizer.java:2039)
        at java.util.concurrent.ArrayBlockingQueue.take(ArrayBlockingQueue.java:403)
        at java.util.concurrent.ThreadPoolExecutor.getTask(ThreadPoolExecutor.java:1074)
        at java.util.concurrent.ThreadPoolExecutor.runWorker(ThreadPoolExecutor.java:1134)
        at java.util.concurrent.ThreadPoolExecutor$Worker.run(ThreadPoolExecutor.java:624)
        at java.lang.Thread.run(Thread.java:748)
"pool-178-thread-53"  prio=5 tid=2515 in Object.wait()
java.lang.Thread.State: WAITING (on object monitor)
        at sun.misc.Unsafe.park(Native Method)
        at java.util.concurrent.locks.LockSupport.park(LockSupport.java:175)
        at java.util.concurrent.locks.AbstractQueuedSynchronizer$ConditionObject.await(AbstractQueuedSynchronizer.java:2039)
        at java.util.concurrent.ArrayBlockingQueue.take(ArrayBlockingQueue.java:403)
        at java.util.concurrent.ThreadPoolExecutor.getTask(ThreadPoolExecutor.java:1074)
        at java.util.concurrent.ThreadPoolExecutor.runWorker(ThreadPoolExecutor.java:1134)
        at java.util.concurrent.ThreadPoolExecutor$Worker.run(ThreadPoolExecutor.java:624)
        at java.lang.Thread.run(Thread.java:748)
"IPC Server handler 12 on 45410" daemon prio=5 tid=1984 timed_waiting
java.lang.Thread.State: TIMED_WAITING
        at sun.misc.Unsafe.park(Native Method)
        at java.util.concurrent.locks.LockSupport.parkNanos(LockSupport.java:215)
        at java.util.concurrent.locks.AbstractQueuedSynchronizer$ConditionObject.awaitNanos(AbstractQueuedSynchronizer.java:2078)
        at java.util.concurrent.LinkedBlockingQueue.poll(LinkedBlockingQueue.java:467)
        at org.apache.hadoop.ipc.CallQueueManager.take(CallQueueManager.java:288)
        at org.apache.hadoop.ipc.Server$Handler.run(Server.java:2668)
"IPC Server handler 2 on 35120" daemon prio=5 tid=1891 timed_waiting
java.lang.Thread.State: TIMED_WAITING
        at sun.misc.Unsafe.park(Native Method)
        at java.util.concurrent.locks.LockSupport.parkNanos(LockSupport.java:215)
        at java.util.concurrent.locks.AbstractQueuedSynchronizer$ConditionObject.awaitNanos(AbstractQueuedSynchronizer.java:2078)
        at java.util.concurrent.LinkedBlockingQueue.poll(LinkedBlockingQueue.java:467)
        at org.apache.hadoop.ipc.CallQueueManager.take(CallQueueManager.java:288)
        at org.apache.hadoop.ipc.Server$Handler.run(Server.java:2668)
"Datanode ReportManager Thread - 3" daemon prio=5 tid=282 timed_waiting
java.lang.Thread.State: TIMED_WAITING
        at sun.misc.Unsafe.park(Native Method)
        at java.util.concurrent.locks.LockSupport.parkNanos(LockSupport.java:215)
        at java.util.concurrent.locks.AbstractQueuedSynchronizer$ConditionObject.awaitNanos(AbstractQueuedSynchronizer.java:2078)
        at java.util.concurrent.ScheduledThreadPoolExecutor$DelayedWorkQueue.take(ScheduledThreadPoolExecutor.java:1093)
        at java.util.concurrent.ScheduledThreadPoolExecutor$DelayedWorkQueue.take(ScheduledThreadPoolExecutor.java:809)
        at java.util.concurrent.ThreadPoolExecutor.getTask(ThreadPoolExecutor.java:1074)
        at java.util.concurrent.ThreadPoolExecutor.runWorker(ThreadPoolExecutor.java:1134)
        at java.util.concurrent.ThreadPoolExecutor$Worker.run(ThreadPoolExecutor.java:624)
        at java.lang.Thread.run(Thread.java:748)
"pool-178-thread-35"  prio=5 tid=2497 in Object.wait()
java.lang.Thread.State: WAITING (on object monitor)
        at sun.misc.Unsafe.park(Native Method)
        at java.util.concurrent.locks.LockSupport.park(LockSupport.java:175)
        at java.util.concurrent.locks.AbstractQueuedSynchronizer$ConditionObject.await(AbstractQueuedSynchronizer.java:2039)
        at java.util.concurrent.ArrayBlockingQueue.take(ArrayBlockingQueue.java:403)
        at java.util.concurrent.ThreadPoolExecutor.getTask(ThreadPoolExecutor.java:1074)
        at java.util.concurrent.ThreadPoolExecutor.runWorker(ThreadPoolExecutor.java:1134)
        at java.util.concurrent.ThreadPoolExecutor$Worker.run(ThreadPoolExecutor.java:624)
        at java.lang.Thread.run(Thread.java:748)
"pool-158-thread-44"  prio=5 tid=2382 in Object.wait()
java.lang.Thread.State: WAITING (on object monitor)
        at sun.misc.Unsafe.park(Native Method)
        at java.util.concurrent.locks.LockSupport.park(LockSupport.java:175)
        at java.util.concurrent.locks.AbstractQueuedSynchronizer$ConditionObject.await(AbstractQueuedSynchronizer.java:2039)
        at java.util.concurrent.ArrayBlockingQueue.take(ArrayBlockingQueue.java:403)
        at java.util.concurrent.ThreadPoolExecutor.getTask(ThreadPoolExecutor.java:1074)
        at java.util.concurrent.ThreadPoolExecutor.runWorker(ThreadPoolExecutor.java:1134)
        at java.util.concurrent.ThreadPoolExecutor$Worker.run(ThreadPoolExecutor.java:624)
        at java.lang.Thread.run(Thread.java:748)
"pool-198-thread-1"  prio=5 tid=2587 in Object.wait()
java.lang.Thread.State: WAITING (on object monitor)
        at sun.misc.Unsafe.park(Native Method)
        at java.util.concurrent.locks.LockSupport.park(LockSupport.java:175)
        at java.util.concurrent.locks.AbstractQueuedSynchronizer$ConditionObject.await(AbstractQueuedSynchronizer.java:2039)
        at java.util.concurrent.ArrayBlockingQueue.take(ArrayBlockingQueue.java:403)
        at java.util.concurrent.ThreadPoolExecutor.getTask(ThreadPoolExecutor.java:1074)
        at java.util.concurrent.ThreadPoolExecutor.runWorker(ThreadPoolExecutor.java:1134)
        at java.util.concurrent.ThreadPoolExecutor$Worker.run(ThreadPoolExecutor.java:624)
        at java.lang.Thread.run(Thread.java:748)
"pool-208-thread-42"  prio=5 tid=2690 in Object.wait()
java.lang.Thread.State: WAITING (on object monitor)
        at sun.misc.Unsafe.park(Native Method)
        at java.util.concurrent.locks.LockSupport.park(LockSupport.java:175)
        at java.util.concurrent.locks.AbstractQueuedSynchronizer$ConditionObject.await(AbstractQueuedSynchronizer.java:2039)
        at java.util.concurrent.ArrayBlockingQueue.take(ArrayBlockingQueue.java:403)
        at java.util.concurrent.ThreadPoolExecutor.getTask(ThreadPoolExecutor.java:1074)
        at java.util.concurrent.ThreadPoolExecutor.runWorker(ThreadPoolExecutor.java:1134)
        at java.util.concurrent.ThreadPoolExecutor$Worker.run(ThreadPoolExecutor.java:624)
        at java.lang.Thread.run(Thread.java:748)
"pool-188-thread-16"  prio=5 tid=2540 in Object.wait()
java.lang.Thread.State: WAITING (on object monitor)
        at sun.misc.Unsafe.park(Native Method)
        at java.util.concurrent.locks.LockSupport.park(LockSupport.java:175)
        at java.util.concurrent.locks.AbstractQueuedSynchronizer$ConditionObject.await(AbstractQueuedSynchronizer.java:2039)
        at java.util.concurrent.ArrayBlockingQueue.take(ArrayBlockingQueue.java:403)
        at java.util.concurrent.ThreadPoolExecutor.getTask(ThreadPoolExecutor.java:1074)
        at java.util.concurrent.ThreadPoolExecutor.runWorker(ThreadPoolExecutor.java:1134)
        at java.util.concurrent.ThreadPoolExecutor$Worker.run(ThreadPoolExecutor.java:624)
        at java.lang.Thread.run(Thread.java:748)
"refreshUsed-/workdir/hadoop-ozone/integration-test/target/test-dir/MiniOzoneClusterImpl-8fc52630-20fd-4955-97d1-2a2852f9ee58/datanode-9/data/containers" daemon prio=5 tid=2251 timed_waiting
java.lang.Thread.State: TIMED_WAITING
        at java.lang.Thread.sleep(Native Method)
        at org.apache.hadoop.fs.CachingGetSpaceUsed$RefreshThread.run(CachingGetSpaceUsed.java:179)
        at java.lang.Thread.run(Thread.java:748)
"pool-218-thread-48"  prio=5 tid=2758 in Object.wait()
java.lang.Thread.State: WAITING (on object monitor)
        at sun.misc.Unsafe.park(Native Method)
        at java.util.concurrent.locks.LockSupport.park(LockSupport.java:175)
        at java.util.concurrent.locks.AbstractQueuedSynchronizer$ConditionObject.await(AbstractQueuedSynchronizer.java:2039)
        at java.util.concurrent.ArrayBlockingQueue.take(ArrayBlockingQueue.java:403)
        at java.util.concurrent.ThreadPoolExecutor.getTask(ThreadPoolExecutor.java:1074)
        at java.util.concurrent.ThreadPoolExecutor.runWorker(ThreadPoolExecutor.java:1134)
        at java.util.concurrent.ThreadPoolExecutor$Worker.run(ThreadPoolExecutor.java:624)
        at java.lang.Thread.run(Thread.java:748)
"pool-158-thread-9"  prio=5 tid=2347 in Object.wait()
java.lang.Thread.State: WAITING (on object monitor)
        at sun.misc.Unsafe.park(Native Method)
        at java.util.concurrent.locks.LockSupport.park(LockSupport.java:175)
        at java.util.concurrent.locks.AbstractQueuedSynchronizer$ConditionObject.await(AbstractQueuedSynchronizer.java:2039)
        at java.util.concurrent.ArrayBlockingQueue.take(ArrayBlockingQueue.java:403)
        at java.util.concurrent.ThreadPoolExecutor.getTask(ThreadPoolExecutor.java:1074)
        at java.util.concurrent.ThreadPoolExecutor.runWorker(ThreadPoolExecutor.java:1134)
        at java.util.concurrent.ThreadPoolExecutor$Worker.run(ThreadPoolExecutor.java:624)
        at java.lang.Thread.run(Thread.java:748)
"grpc-default-worker-ELG-3-4" daemon prio=5 tid=1056 runnable
java.lang.Thread.State: RUNNABLE
        at sun.nio.ch.EPollArrayWrapper.epollWait(Native Method)
        at sun.nio.ch.EPollArrayWrapper.poll(EPollArrayWrapper.java:269)
        at sun.nio.ch.EPollSelectorImpl.doSelect(EPollSelectorImpl.java:93)
        at sun.nio.ch.SelectorImpl.lockAndDoSelect(SelectorImpl.java:86)
        at sun.nio.ch.SelectorImpl.select(SelectorImpl.java:97)
        at org.apache.ratis.thirdparty.io.netty.channel.nio.SelectedSelectionKeySetSelector.select(SelectedSelectionKeySetSelector.java:62)
        at org.apache.ratis.thirdparty.io.netty.channel.nio.NioEventLoop.select(NioEventLoop.java:753)
        at org.apache.ratis.thirdparty.io.netty.channel.nio.NioEventLoop.run(NioEventLoop.java:408)
        at org.apache.ratis.thirdparty.io.netty.util.concurrent.SingleThreadEventExecutor$5.run(SingleThreadEventExecutor.java:897)
        at org.apache.ratis.thirdparty.io.netty.util.concurrent.FastThreadLocalRunnable.run(FastThreadLocalRunnable.java:30)
        at java.lang.Thread.run(Thread.java:748)
"pool-158-thread-2"  prio=5 tid=2340 in Object.wait()
java.lang.Thread.State: WAITING (on object monitor)
        at sun.misc.Unsafe.park(Native Method)
        at java.util.concurrent.locks.LockSupport.park(LockSupport.java:175)
        at java.util.concurrent.locks.AbstractQueuedSynchronizer$ConditionObject.await(AbstractQueuedSynchronizer.java:2039)
        at java.util.concurrent.ArrayBlockingQueue.take(ArrayBlockingQueue.java:403)
        at java.util.concurrent.ThreadPoolExecutor.getTask(ThreadPoolExecutor.java:1074)
        at java.util.concurrent.ThreadPoolExecutor.runWorker(ThreadPoolExecutor.java:1134)
        at java.util.concurrent.ThreadPoolExecutor$Worker.run(ThreadPoolExecutor.java:624)
        at java.lang.Thread.run(Thread.java:748)
"pool-148-thread-1"  prio=5 tid=2276 in Object.wait()
java.lang.Thread.State: WAITING (on object monitor)
        at sun.misc.Unsafe.park(Native Method)
        at java.util.concurrent.locks.LockSupport.park(LockSupport.java:175)
        at java.util.concurrent.locks.AbstractQueuedSynchronizer$ConditionObject.await(AbstractQueuedSynchronizer.java:2039)
        at java.util.concurrent.ArrayBlockingQueue.take(ArrayBlockingQueue.java:403)
        at java.util.concurrent.ThreadPoolExecutor.getTask(ThreadPoolExecutor.java:1074)
        at java.util.concurrent.ThreadPoolExecutor.runWorker(ThreadPoolExecutor.java:1134)
        at java.util.concurrent.ThreadPoolExecutor$Worker.run(ThreadPoolExecutor.java:624)
        at java.lang.Thread.run(Thread.java:748)
"pool-178-thread-13"  prio=5 tid=2475 in Object.wait()
java.lang.Thread.State: WAITING (on object monitor)
        at sun.misc.Unsafe.park(Native Method)
        at java.util.concurrent.locks.LockSupport.park(LockSupport.java:175)
        at java.util.concurrent.locks.AbstractQueuedSynchronizer$ConditionObject.await(AbstractQueuedSynchronizer.java:2039)
        at java.util.concurrent.ArrayBlockingQueue.take(ArrayBlockingQueue.java:403)
        at java.util.concurrent.ThreadPoolExecutor.getTask(ThreadPoolExecutor.java:1074)
        at java.util.concurrent.ThreadPoolExecutor.runWorker(ThreadPoolExecutor.java:1134)
        at java.util.concurrent.ThreadPoolExecutor$Worker.run(ThreadPoolExecutor.java:624)
        at java.lang.Thread.run(Thread.java:748)
"Thread-1557" daemon prio=5 tid=3216 timed_waiting
java.lang.Thread.State: TIMED_WAITING
        at sun.misc.Unsafe.park(Native Method)
        at java.util.concurrent.locks.LockSupport.parkNanos(LockSupport.java:215)
        at java.util.concurrent.locks.AbstractQueuedSynchronizer$ConditionObject.awaitNanos(AbstractQueuedSynchronizer.java:2078)
        at java.util.concurrent.ArrayBlockingQueue.poll(ArrayBlockingQueue.java:418)
        at org.apache.ratis.server.impl.LeaderState$EventQueue.poll(LeaderState.java:115)
        at org.apache.ratis.server.impl.LeaderState$EventProcessor.run(LeaderState.java:467)
"IPC Server handler 14 on 40581" daemon prio=5 tid=1923 timed_waiting
java.lang.Thread.State: TIMED_WAITING
        at sun.misc.Unsafe.park(Native Method)
        at java.util.concurrent.locks.LockSupport.parkNanos(LockSupport.java:215)
        at java.util.concurrent.locks.AbstractQueuedSynchronizer$ConditionObject.awaitNanos(AbstractQueuedSynchronizer.java:2078)
        at java.util.concurrent.LinkedBlockingQueue.poll(LinkedBlockingQueue.java:467)
        at org.apache.hadoop.ipc.CallQueueManager.take(CallQueueManager.java:288)
        at org.apache.hadoop.ipc.Server$Handler.run(Server.java:2668)
"IPC Server idle connection scanner for port 39845" daemon prio=5 tid=1876 timed_waiting
java.lang.Thread.State: TIMED_WAITING
        at java.lang.Object.wait(Native Method)
        at java.util.TimerThread.mainLoop(Timer.java:552)
        at java.util.TimerThread.run(Timer.java:505)
"pool-188-thread-4"  prio=5 tid=2528 in Object.wait()
java.lang.Thread.State: WAITING (on object monitor)
        at sun.misc.Unsafe.park(Native Method)
        at java.util.concurrent.locks.LockSupport.park(LockSupport.java:175)
        at java.util.concurrent.locks.AbstractQueuedSynchronizer$ConditionObject.await(AbstractQueuedSynchronizer.java:2039)
        at java.util.concurrent.ArrayBlockingQueue.take(ArrayBlockingQueue.java:403)
        at java.util.concurrent.ThreadPoolExecutor.getTask(ThreadPoolExecutor.java:1074)
        at java.util.concurrent.ThreadPoolExecutor.runWorker(ThreadPoolExecutor.java:1134)
        at java.util.concurrent.ThreadPoolExecutor$Worker.run(ThreadPoolExecutor.java:624)
        at java.lang.Thread.run(Thread.java:748)
"pool-228-thread-11"  prio=5 tid=2783 in Object.wait()
java.lang.Thread.State: WAITING (on object monitor)
        at sun.misc.Unsafe.park(Native Method)
        at java.util.concurrent.locks.LockSupport.park(LockSupport.java:175)
        at java.util.concurrent.locks.AbstractQueuedSynchronizer$ConditionObject.await(AbstractQueuedSynchronizer.java:2039)
        at java.util.concurrent.ArrayBlockingQueue.take(ArrayBlockingQueue.java:403)
        at java.util.concurrent.ThreadPoolExecutor.getTask(ThreadPoolExecutor.java:1074)
        at java.util.concurrent.ThreadPoolExecutor.runWorker(ThreadPoolExecutor.java:1134)
        at java.util.concurrent.ThreadPoolExecutor$Worker.run(ThreadPoolExecutor.java:624)
        at java.lang.Thread.run(Thread.java:748)
"Datanode ReportManager Thread - 2" daemon prio=5 tid=389 in Object.wait()
java.lang.Thread.State: WAITING (on object monitor)
        at sun.misc.Unsafe.park(Native Method)
        at java.util.concurrent.locks.LockSupport.park(LockSupport.java:175)
        at java.util.concurrent.locks.AbstractQueuedSynchronizer$ConditionObject.await(AbstractQueuedSynchronizer.java:2039)
        at java.util.concurrent.ScheduledThreadPoolExecutor$DelayedWorkQueue.take(ScheduledThreadPoolExecutor.java:1088)
        at java.util.concurrent.ScheduledThreadPoolExecutor$DelayedWorkQueue.take(ScheduledThreadPoolExecutor.java:809)
        at java.util.concurrent.ThreadPoolExecutor.getTask(ThreadPoolExecutor.java:1074)
        at java.util.concurrent.ThreadPoolExecutor.runWorker(ThreadPoolExecutor.java:1134)
        at java.util.concurrent.ThreadPoolExecutor$Worker.run(ThreadPoolExecutor.java:624)
        at java.lang.Thread.run(Thread.java:748)
"pool-168-thread-24"  prio=5 tid=2424 in Object.wait()
java.lang.Thread.State: WAITING (on object monitor)
        at sun.misc.Unsafe.park(Native Method)
        at java.util.concurrent.locks.LockSupport.park(LockSupport.java:175)
        at java.util.concurrent.locks.AbstractQueuedSynchronizer$ConditionObject.await(AbstractQueuedSynchronizer.java:2039)
        at java.util.concurrent.ArrayBlockingQueue.take(ArrayBlockingQueue.java:403)
        at java.util.concurrent.ThreadPoolExecutor.getTask(ThreadPoolExecutor.java:1074)
        at java.util.concurrent.ThreadPoolExecutor.runWorker(ThreadPoolExecutor.java:1134)
        at java.util.concurrent.ThreadPoolExecutor$Worker.run(ThreadPoolExecutor.java:624)
        at java.lang.Thread.run(Thread.java:748)
"pool-158-thread-25"  prio=5 tid=2363 in Object.wait()
java.lang.Thread.State: WAITING (on object monitor)
        at sun.misc.Unsafe.park(Native Method)
        at java.util.concurrent.locks.LockSupport.park(LockSupport.java:175)
        at java.util.concurrent.locks.AbstractQueuedSynchronizer$ConditionObject.await(AbstractQueuedSynchronizer.java:2039)
        at java.util.concurrent.ArrayBlockingQueue.take(ArrayBlockingQueue.java:403)
        at java.util.concurrent.ThreadPoolExecutor.getTask(ThreadPoolExecutor.java:1074)
        at java.util.concurrent.ThreadPoolExecutor.runWorker(ThreadPoolExecutor.java:1134)
        at java.util.concurrent.ThreadPoolExecutor$Worker.run(ThreadPoolExecutor.java:624)
        at java.lang.Thread.run(Thread.java:748)
"DataNode DiskChecker thread 0" daemon prio=5 tid=2252 timed_waiting
java.lang.Thread.State: TIMED_WAITING
        at sun.misc.Unsafe.park(Native Method)
        at java.util.concurrent.locks.LockSupport.parkNanos(LockSupport.java:215)
        at java.util.concurrent.SynchronousQueue$TransferStack.awaitFulfill(SynchronousQueue.java:460)
        at java.util.concurrent.SynchronousQueue$TransferStack.transfer(SynchronousQueue.java:362)
        at java.util.concurrent.SynchronousQueue.poll(SynchronousQueue.java:941)
        at java.util.concurrent.ThreadPoolExecutor.getTask(ThreadPoolExecutor.java:1073)
        at java.util.concurrent.ThreadPoolExecutor.runWorker(ThreadPoolExecutor.java:1134)
        at java.util.concurrent.ThreadPoolExecutor$Worker.run(ThreadPoolExecutor.java:624)
        at java.lang.Thread.run(Thread.java:748)
"pool-188-thread-24"  prio=5 tid=2548 in Object.wait()
java.lang.Thread.State: WAITING (on object monitor)
        at sun.misc.Unsafe.park(Native Method)
        at java.util.concurrent.locks.LockSupport.park(LockSupport.java:175)
        at java.util.concurrent.locks.AbstractQueuedSynchronizer$ConditionObject.await(AbstractQueuedSynchronizer.java:2039)
        at java.util.concurrent.ArrayBlockingQueue.take(ArrayBlockingQueue.java:403)
        at java.util.concurrent.ThreadPoolExecutor.getTask(ThreadPoolExecutor.java:1074)
        at java.util.concurrent.ThreadPoolExecutor.runWorker(ThreadPoolExecutor.java:1134)
        at java.util.concurrent.ThreadPoolExecutor$Worker.run(ThreadPoolExecutor.java:624)
        at java.lang.Thread.run(Thread.java:748)
"pool-148-thread-29"  prio=5 tid=2304 in Object.wait()
java.lang.Thread.State: WAITING (on object monitor)
        at sun.misc.Unsafe.park(Native Method)
        at java.util.concurrent.locks.LockSupport.park(LockSupport.java:175)
        at java.util.concurrent.locks.AbstractQueuedSynchronizer$ConditionObject.await(AbstractQueuedSynchronizer.java:2039)
        at java.util.concurrent.ArrayBlockingQueue.take(ArrayBlockingQueue.java:403)
        at java.util.concurrent.ThreadPoolExecutor.getTask(ThreadPoolExecutor.java:1074)
        at java.util.concurrent.ThreadPoolExecutor.runWorker(ThreadPoolExecutor.java:1134)
        at java.util.concurrent.ThreadPoolExecutor$Worker.run(ThreadPoolExecutor.java:624)
        at java.lang.Thread.run(Thread.java:748)
"Command processor thread" daemon prio=5 tid=2245 timed_waiting
java.lang.Thread.State: TIMED_WAITING
        at java.lang.Thread.sleep(Native Method)
        at org.apache.hadoop.ozone.container.common.statemachine.DatanodeStateMachine.lambda$initCommandHandlerThread$1(DatanodeStateMachine.java:444)
        at org.apache.hadoop.ozone.container.common.statemachine.DatanodeStateMachine$$Lambda$142/1059342576.run(Unknown Source)
        at java.lang.Thread.run(Thread.java:748)
"pool-188-thread-58"  prio=5 tid=2582 in Object.wait()
java.lang.Thread.State: WAITING (on object monitor)
        at sun.misc.Unsafe.park(Native Method)
        at java.util.concurrent.locks.LockSupport.park(LockSupport.java:175)
        at java.util.concurrent.locks.AbstractQueuedSynchronizer$ConditionObject.await(AbstractQueuedSynchronizer.java:2039)
        at java.util.concurrent.ArrayBlockingQueue.take(ArrayBlockingQueue.java:403)
        at java.util.concurrent.ThreadPoolExecutor.getTask(ThreadPoolExecutor.java:1074)
        at java.util.concurrent.ThreadPoolExecutor.runWorker(ThreadPoolExecutor.java:1134)
        at java.util.concurrent.ThreadPoolExecutor$Worker.run(ThreadPoolExecutor.java:624)
        at java.lang.Thread.run(Thread.java:748)
"pool-148-thread-3"  prio=5 tid=2278 in Object.wait()
java.lang.Thread.State: WAITING (on object monitor)
        at sun.misc.Unsafe.park(Native Method)
        at java.util.concurrent.locks.LockSupport.park(LockSupport.java:175)
        at java.util.concurrent.locks.AbstractQueuedSynchronizer$ConditionObject.await(AbstractQueuedSynchronizer.java:2039)
        at java.util.concurrent.ArrayBlockingQueue.take(ArrayBlockingQueue.java:403)
        at java.util.concurrent.ThreadPoolExecutor.getTask(ThreadPoolExecutor.java:1074)
        at java.util.concurrent.ThreadPoolExecutor.runWorker(ThreadPoolExecutor.java:1134)
        at java.util.concurrent.ThreadPoolExecutor$Worker.run(ThreadPoolExecutor.java:624)
        at java.lang.Thread.run(Thread.java:748)
"Datanode ReportManager Thread - 0" daemon prio=5 tid=2214 in Object.wait()
java.lang.Thread.State: WAITING (on object monitor)
        at sun.misc.Unsafe.park(Native Method)
        at java.util.concurrent.locks.LockSupport.park(LockSupport.java:175)
        at java.util.concurrent.locks.AbstractQueuedSynchronizer$ConditionObject.await(AbstractQueuedSynchronizer.java:2039)
        at java.util.concurrent.ScheduledThreadPoolExecutor$DelayedWorkQueue.take(ScheduledThreadPoolExecutor.java:1088)
        at java.util.concurrent.ScheduledThreadPoolExecutor$DelayedWorkQueue.take(ScheduledThreadPoolExecutor.java:809)
        at java.util.concurrent.ThreadPoolExecutor.getTask(ThreadPoolExecutor.java:1074)
        at java.util.concurrent.ThreadPoolExecutor.runWorker(ThreadPoolExecutor.java:1134)
        at java.util.concurrent.ThreadPoolExecutor$Worker.run(ThreadPoolExecutor.java:624)
        at java.lang.Thread.run(Thread.java:748)
"IPC Server handler 11 on 45410" daemon prio=5 tid=1983 timed_waiting
java.lang.Thread.State: TIMED_WAITING
        at sun.misc.Unsafe.park(Native Method)
        at java.util.concurrent.locks.LockSupport.parkNanos(LockSupport.java:215)
        at java.util.concurrent.locks.AbstractQueuedSynchronizer$ConditionObject.awaitNanos(AbstractQueuedSynchronizer.java:2078)
        at java.util.concurrent.LinkedBlockingQueue.poll(LinkedBlockingQueue.java:467)
        at org.apache.hadoop.ipc.CallQueueManager.take(CallQueueManager.java:288)
        at org.apache.hadoop.ipc.Server$Handler.run(Server.java:2668)
"qtp2120404899-2148" daemon prio=5 tid=2148 runnable
java.lang.Thread.State: RUNNABLE
        at sun.nio.ch.EPollArrayWrapper.epollWait(Native Method)
        at sun.nio.ch.EPollArrayWrapper.poll(EPollArrayWrapper.java:269)
        at sun.nio.ch.EPollSelectorImpl.doSelect(EPollSelectorImpl.java:93)
        at sun.nio.ch.SelectorImpl.lockAndDoSelect(SelectorImpl.java:86)
        at sun.nio.ch.SelectorImpl.select(SelectorImpl.java:97)
        at sun.nio.ch.SelectorImpl.select(SelectorImpl.java:101)
        at org.eclipse.jetty.io.ManagedSelector$SelectorProducer.select(ManagedSelector.java:243)
        at org.eclipse.jetty.io.ManagedSelector$SelectorProducer.produce(ManagedSelector.java:191)
        at org.eclipse.jetty.util.thread.strategy.ExecuteProduceConsume.executeProduceConsume(ExecuteProduceConsume.java:249)
        at org.eclipse.jetty.util.thread.strategy.ExecuteProduceConsume.produceConsume(ExecuteProduceConsume.java:148)
        at org.eclipse.jetty.util.thread.strategy.ExecuteProduceConsume.execute(ExecuteProduceConsume.java:100)
        at org.eclipse.jetty.io.ManagedSelector.run(ManagedSelector.java:147)
        at org.eclipse.jetty.util.thread.QueuedThreadPool.runJob(QueuedThreadPool.java:671)
        at org.eclipse.jetty.util.thread.QueuedThreadPool$2.run(QueuedThreadPool.java:589)
        at java.lang.Thread.run(Thread.java:748)
"IPC Server idle connection scanner for port 40581" daemon prio=5 tid=1880 timed_waiting
java.lang.Thread.State: TIMED_WAITING
        at java.lang.Object.wait(Native Method)
        at java.util.TimerThread.mainLoop(Timer.java:552)
        at java.util.TimerThread.run(Timer.java:505)
"c182b01b-afca-4fcd-8295-9462a850df3a@group-3CC6E6EE53B4-StateMachineUpdater" daemon prio=5 tid=2938 in Object.wait()
java.lang.Thread.State: WAITING (on object monitor)
        at java.lang.Object.wait(Native Method)
        at java.lang.Object.wait(Object.java:502)
        at org.apache.ratis.server.impl.StateMachineUpdater.waitForCommit(StateMachineUpdater.java:194)
        at org.apache.ratis.server.impl.StateMachineUpdater.run(StateMachineUpdater.java:159)
        at java.lang.Thread.run(Thread.java:748)
"pool-158-thread-41"  prio=5 tid=2379 in Object.wait()
java.lang.Thread.State: WAITING (on object monitor)
        at sun.misc.Unsafe.park(Native Method)
        at java.util.concurrent.locks.LockSupport.park(LockSupport.java:175)
        at java.util.concurrent.locks.AbstractQueuedSynchronizer$ConditionObject.await(AbstractQueuedSynchronizer.java:2039)
        at java.util.concurrent.ArrayBlockingQueue.take(ArrayBlockingQueue.java:403)
        at java.util.concurrent.ThreadPoolExecutor.getTask(ThreadPoolExecutor.java:1074)
        at java.util.concurrent.ThreadPoolExecutor.runWorker(ThreadPoolExecutor.java:1134)
        at java.util.concurrent.ThreadPoolExecutor$Worker.run(ThreadPoolExecutor.java:624)
        at java.lang.Thread.run(Thread.java:748)
"pool-238-thread-7"  prio=5 tid=2841 in Object.wait()
java.lang.Thread.State: WAITING (on object monitor)
        at sun.misc.Unsafe.park(Native Method)
        at java.util.concurrent.locks.LockSupport.park(LockSupport.java:175)
        at java.util.concurrent.locks.AbstractQueuedSynchronizer$ConditionObject.await(AbstractQueuedSynchronizer.java:2039)
        at java.util.concurrent.ArrayBlockingQueue.take(ArrayBlockingQueue.java:403)
        at java.util.concurrent.ThreadPoolExecutor.getTask(ThreadPoolExecutor.java:1074)
        at java.util.concurrent.ThreadPoolExecutor.runWorker(ThreadPoolExecutor.java:1134)
        at java.util.concurrent.ThreadPoolExecutor$Worker.run(ThreadPoolExecutor.java:624)
        at java.lang.Thread.run(Thread.java:748)
"pool-148-thread-17"  prio=5 tid=2292 in Object.wait()
java.lang.Thread.State: WAITING (on object monitor)
        at sun.misc.Unsafe.park(Native Method)
        at java.util.concurrent.locks.LockSupport.park(LockSupport.java:175)
        at java.util.concurrent.locks.AbstractQueuedSynchronizer$ConditionObject.await(AbstractQueuedSynchronizer.java:2039)
        at java.util.concurrent.ArrayBlockingQueue.take(ArrayBlockingQueue.java:403)
        at java.util.concurrent.ThreadPoolExecutor.getTask(ThreadPoolExecutor.java:1074)
        at java.util.concurrent.ThreadPoolExecutor.runWorker(ThreadPoolExecutor.java:1134)
        at java.util.concurrent.ThreadPoolExecutor$Worker.run(ThreadPoolExecutor.java:624)
        at java.lang.Thread.run(Thread.java:748)
"Datanode ReportManager Thread - 2" daemon prio=5 tid=2108 in Object.wait()
java.lang.Thread.State: WAITING (on object monitor)
        at sun.misc.Unsafe.park(Native Method)
        at java.util.concurrent.locks.LockSupport.park(LockSupport.java:175)
        at java.util.concurrent.locks.AbstractQueuedSynchronizer$ConditionObject.await(AbstractQueuedSynchronizer.java:2039)
        at java.util.concurrent.ScheduledThreadPoolExecutor$DelayedWorkQueue.take(ScheduledThreadPoolExecutor.java:1088)
        at java.util.concurrent.ScheduledThreadPoolExecutor$DelayedWorkQueue.take(ScheduledThreadPoolExecutor.java:809)
        at java.util.concurrent.ThreadPoolExecutor.getTask(ThreadPoolExecutor.java:1074)
        at java.util.concurrent.ThreadPoolExecutor.runWorker(ThreadPoolExecutor.java:1134)
        at java.util.concurrent.ThreadPoolExecutor$Worker.run(ThreadPoolExecutor.java:624)
        at java.lang.Thread.run(Thread.java:748)
"pool-228-thread-28"  prio=5 tid=2800 in Object.wait()
java.lang.Thread.State: WAITING (on object monitor)
        at sun.misc.Unsafe.park(Native Method)
        at java.util.concurrent.locks.LockSupport.park(LockSupport.java:175)
        at java.util.concurrent.locks.AbstractQueuedSynchronizer$ConditionObject.await(AbstractQueuedSynchronizer.java:2039)
        at java.util.concurrent.ArrayBlockingQueue.take(ArrayBlockingQueue.java:403)
        at java.util.concurrent.ThreadPoolExecutor.getTask(ThreadPoolExecutor.java:1074)
        at java.util.concurrent.ThreadPoolExecutor.runWorker(ThreadPoolExecutor.java:1134)
        at java.util.concurrent.ThreadPoolExecutor$Worker.run(ThreadPoolExecutor.java:624)
        at java.lang.Thread.run(Thread.java:748)
"Thread-1412" daemon prio=5 tid=3040 timed_waiting
java.lang.Thread.State: TIMED_WAITING
        at sun.misc.Unsafe.park(Native Method)
        at java.util.concurrent.locks.LockSupport.parkNanos(LockSupport.java:215)
        at java.util.concurrent.locks.AbstractQueuedSynchronizer$ConditionObject.awaitNanos(AbstractQueuedSynchronizer.java:2078)
        at java.util.concurrent.ArrayBlockingQueue.poll(ArrayBlockingQueue.java:418)
        at org.apache.ratis.server.impl.LeaderState$EventQueue.poll(LeaderState.java:115)
        at org.apache.ratis.server.impl.LeaderState$EventProcessor.run(LeaderState.java:467)
"Datanode ReportManager Thread - 1" daemon prio=5 tid=2161 in Object.wait()
java.lang.Thread.State: WAITING (on object monitor)
        at sun.misc.Unsafe.park(Native Method)
        at java.util.concurrent.locks.LockSupport.park(LockSupport.java:175)
        at java.util.concurrent.locks.AbstractQueuedSynchronizer$ConditionObject.await(AbstractQueuedSynchronizer.java:2039)
        at java.util.concurrent.ScheduledThreadPoolExecutor$DelayedWorkQueue.take(ScheduledThreadPoolExecutor.java:1088)
        at java.util.concurrent.ScheduledThreadPoolExecutor$DelayedWorkQueue.take(ScheduledThreadPoolExecutor.java:809)
        at java.util.concurrent.ThreadPoolExecutor.getTask(ThreadPoolExecutor.java:1074)
        at java.util.concurrent.ThreadPoolExecutor.runWorker(ThreadPoolExecutor.java:1134)
        at java.util.concurrent.ThreadPoolExecutor$Worker.run(ThreadPoolExecutor.java:624)
        at java.lang.Thread.run(Thread.java:748)
"Datanode ReportManager Thread - 3" daemon prio=5 tid=2055 in Object.wait()
java.lang.Thread.State: WAITING (on object monitor)
        at sun.misc.Unsafe.park(Native Method)
        at java.util.concurrent.locks.LockSupport.park(LockSupport.java:175)
        at java.util.concurrent.locks.AbstractQueuedSynchronizer$ConditionObject.await(AbstractQueuedSynchronizer.java:2039)
        at java.util.concurrent.ScheduledThreadPoolExecutor$DelayedWorkQueue.take(ScheduledThreadPoolExecutor.java:1088)
        at java.util.concurrent.ScheduledThreadPoolExecutor$DelayedWorkQueue.take(ScheduledThreadPoolExecutor.java:809)
        at java.util.concurrent.ThreadPoolExecutor.getTask(ThreadPoolExecutor.java:1074)
        at java.util.concurrent.ThreadPoolExecutor.runWorker(ThreadPoolExecutor.java:1134)
        at java.util.concurrent.ThreadPoolExecutor$Worker.run(ThreadPoolExecutor.java:624)
        at java.lang.Thread.run(Thread.java:748)
"Thread-1552" daemon prio=5 tid=3211 timed_waiting
java.lang.Thread.State: TIMED_WAITING
        at java.lang.Thread.sleep(Native Method)
        at org.apache.ratis.util.JavaUtils.sleep(JavaUtils.java:243)
        at org.apache.ratis.server.impl.FollowerState.run(FollowerState.java:100)
"BlockDeletingService#1" daemon prio=5 tid=2896 in Object.wait()
java.lang.Thread.State: WAITING (on object monitor)
        at sun.misc.Unsafe.park(Native Method)
        at java.util.concurrent.locks.LockSupport.park(LockSupport.java:175)
        at java.util.concurrent.locks.AbstractQueuedSynchronizer$ConditionObject.await(AbstractQueuedSynchronizer.java:2039)
        at java.util.concurrent.ScheduledThreadPoolExecutor$DelayedWorkQueue.take(ScheduledThreadPoolExecutor.java:1088)
        at java.util.concurrent.ScheduledThreadPoolExecutor$DelayedWorkQueue.take(ScheduledThreadPoolExecutor.java:809)
        at java.util.concurrent.ThreadPoolExecutor.getTask(ThreadPoolExecutor.java:1074)
        at java.util.concurrent.ThreadPoolExecutor.runWorker(ThreadPoolExecutor.java:1134)
        at java.util.concurrent.ThreadPoolExecutor$Worker.run(ThreadPoolExecutor.java:624)
        at java.lang.Thread.run(Thread.java:748)
"pool-188-thread-27"  prio=5 tid=2551 in Object.wait()
java.lang.Thread.State: WAITING (on object monitor)
        at sun.misc.Unsafe.park(Native Method)
        at java.util.concurrent.locks.LockSupport.park(LockSupport.java:175)
        at java.util.concurrent.locks.AbstractQueuedSynchronizer$ConditionObject.await(AbstractQueuedSynchronizer.java:2039)
        at java.util.concurrent.ArrayBlockingQueue.take(ArrayBlockingQueue.java:403)
        at java.util.concurrent.ThreadPoolExecutor.getTask(ThreadPoolExecutor.java:1074)
        at java.util.concurrent.ThreadPoolExecutor.runWorker(ThreadPoolExecutor.java:1134)
        at java.util.concurrent.ThreadPoolExecutor$Worker.run(ThreadPoolExecutor.java:624)
        at java.lang.Thread.run(Thread.java:748)
"pool-208-thread-32"  prio=5 tid=2680 in Object.wait()
java.lang.Thread.State: WAITING (on object monitor)
        at sun.misc.Unsafe.park(Native Method)
        at java.util.concurrent.locks.LockSupport.park(LockSupport.java:175)
        at java.util.concurrent.locks.AbstractQueuedSynchronizer$ConditionObject.await(AbstractQueuedSynchronizer.java:2039)
        at java.util.concurrent.ArrayBlockingQueue.take(ArrayBlockingQueue.java:403)
        at java.util.concurrent.ThreadPoolExecutor.getTask(ThreadPoolExecutor.java:1074)
        at java.util.concurrent.ThreadPoolExecutor.runWorker(ThreadPoolExecutor.java:1134)
        at java.util.concurrent.ThreadPoolExecutor$Worker.run(ThreadPoolExecutor.java:624)
        at java.lang.Thread.run(Thread.java:748)
"pool-178-thread-23"  prio=5 tid=2485 in Object.wait()
java.lang.Thread.State: WAITING (on object monitor)
        at sun.misc.Unsafe.park(Native Method)
        at java.util.concurrent.locks.LockSupport.park(LockSupport.java:175)
        at java.util.concurrent.locks.AbstractQueuedSynchronizer$ConditionObject.await(AbstractQueuedSynchronizer.java:2039)
        at java.util.concurrent.ArrayBlockingQueue.take(ArrayBlockingQueue.java:403)
        at java.util.concurrent.ThreadPoolExecutor.getTask(ThreadPoolExecutor.java:1074)
        at java.util.concurrent.ThreadPoolExecutor.runWorker(ThreadPoolExecutor.java:1134)
        at java.util.concurrent.ThreadPoolExecutor$Worker.run(ThreadPoolExecutor.java:624)
        at java.lang.Thread.run(Thread.java:748)
"pool-178-thread-16"  prio=5 tid=2478 in Object.wait()
java.lang.Thread.State: WAITING (on object monitor)
        at sun.misc.Unsafe.park(Native Method)
        at java.util.concurrent.locks.LockSupport.park(LockSupport.java:175)
        at java.util.concurrent.locks.AbstractQueuedSynchronizer$ConditionObject.await(AbstractQueuedSynchronizer.java:2039)
        at java.util.concurrent.ArrayBlockingQueue.take(ArrayBlockingQueue.java:403)
        at java.util.concurrent.ThreadPoolExecutor.getTask(ThreadPoolExecutor.java:1074)
        at java.util.concurrent.ThreadPoolExecutor.runWorker(ThreadPoolExecutor.java:1134)
        at java.util.concurrent.ThreadPoolExecutor$Worker.run(ThreadPoolExecutor.java:624)
        at java.lang.Thread.run(Thread.java:748)
"org.apache.ratis.server.impl.LogAppender$AppenderDaemon$$Lambda$466/1042245461@716c6571" daemon prio=5 tid=3243 timed_waiting
java.lang.Thread.State: TIMED_WAITING
        at java.lang.Object.wait(Native Method)
        at org.apache.ratis.grpc.server.GrpcLogAppender.mayWait(GrpcLogAppender.java:149)
        at org.apache.ratis.grpc.server.GrpcLogAppender.runAppenderImpl(GrpcLogAppender.java:103)
        at org.apache.ratis.server.impl.LogAppender$AppenderDaemon.run(LogAppender.java:76)
        at org.apache.ratis.server.impl.LogAppender$AppenderDaemon$$Lambda$466/1042245461.run(Unknown Source)
        at java.lang.Thread.run(Thread.java:748)
"pool-168-thread-20"  prio=5 tid=2420 in Object.wait()
java.lang.Thread.State: WAITING (on object monitor)
        at sun.misc.Unsafe.park(Native Method)
        at java.util.concurrent.locks.LockSupport.park(LockSupport.java:175)
        at java.util.concurrent.locks.AbstractQueuedSynchronizer$ConditionObject.await(AbstractQueuedSynchronizer.java:2039)
        at java.util.concurrent.ArrayBlockingQueue.take(ArrayBlockingQueue.java:403)
        at java.util.concurrent.ThreadPoolExecutor.getTask(ThreadPoolExecutor.java:1074)
        at java.util.concurrent.ThreadPoolExecutor.runWorker(ThreadPoolExecutor.java:1134)
        at java.util.concurrent.ThreadPoolExecutor$Worker.run(ThreadPoolExecutor.java:624)
        at java.lang.Thread.run(Thread.java:748)
"pool-208-thread-37"  prio=5 tid=2685 in Object.wait()
java.lang.Thread.State: WAITING (on object monitor)
        at sun.misc.Unsafe.park(Native Method)
        at java.util.concurrent.locks.LockSupport.park(LockSupport.java:175)
        at java.util.concurrent.locks.AbstractQueuedSynchronizer$ConditionObject.await(AbstractQueuedSynchronizer.java:2039)
        at java.util.concurrent.ArrayBlockingQueue.take(ArrayBlockingQueue.java:403)
        at java.util.concurrent.ThreadPoolExecutor.getTask(ThreadPoolExecutor.java:1074)
        at java.util.concurrent.ThreadPoolExecutor.runWorker(ThreadPoolExecutor.java:1134)
        at java.util.concurrent.ThreadPoolExecutor$Worker.run(ThreadPoolExecutor.java:624)
        at java.lang.Thread.run(Thread.java:748)
"Datanode ReportManager Thread - 2" daemon prio=5 tid=2081 in Object.wait()
java.lang.Thread.State: WAITING (on object monitor)
        at sun.misc.Unsafe.park(Native Method)
        at java.util.concurrent.locks.LockSupport.park(LockSupport.java:175)
        at java.util.concurrent.locks.AbstractQueuedSynchronizer$ConditionObject.await(AbstractQueuedSynchronizer.java:2039)
        at java.util.concurrent.ScheduledThreadPoolExecutor$DelayedWorkQueue.take(ScheduledThreadPoolExecutor.java:1088)
        at java.util.concurrent.ScheduledThreadPoolExecutor$DelayedWorkQueue.take(ScheduledThreadPoolExecutor.java:809)
        at java.util.concurrent.ThreadPoolExecutor.getTask(ThreadPoolExecutor.java:1074)
        at java.util.concurrent.ThreadPoolExecutor.runWorker(ThreadPoolExecutor.java:1134)
        at java.util.concurrent.ThreadPoolExecutor$Worker.run(ThreadPoolExecutor.java:624)
        at java.lang.Thread.run(Thread.java:748)
"pool-238-thread-6"  prio=5 tid=2840 in Object.wait()
java.lang.Thread.State: WAITING (on object monitor)
        at sun.misc.Unsafe.park(Native Method)
        at java.util.concurrent.locks.LockSupport.park(LockSupport.java:175)
        at java.util.concurrent.locks.AbstractQueuedSynchronizer$ConditionObject.await(AbstractQueuedSynchronizer.java:2039)
        at java.util.concurrent.ArrayBlockingQueue.take(ArrayBlockingQueue.java:403)
        at java.util.concurrent.ThreadPoolExecutor.getTask(ThreadPoolExecutor.java:1074)
        at java.util.concurrent.ThreadPoolExecutor.runWorker(ThreadPoolExecutor.java:1134)
        at java.util.concurrent.ThreadPoolExecutor$Worker.run(ThreadPoolExecutor.java:624)
        at java.lang.Thread.run(Thread.java:748)
"pool-198-thread-45"  prio=5 tid=2631 in Object.wait()
java.lang.Thread.State: WAITING (on object monitor)
        at sun.misc.Unsafe.park(Native Method)
        at java.util.concurrent.locks.LockSupport.park(LockSupport.java:175)
        at java.util.concurrent.locks.AbstractQueuedSynchronizer$ConditionObject.await(AbstractQueuedSynchronizer.java:2039)
        at java.util.concurrent.ArrayBlockingQueue.take(ArrayBlockingQueue.java:403)
        at java.util.concurrent.ThreadPoolExecutor.getTask(ThreadPoolExecutor.java:1074)
        at java.util.concurrent.ThreadPoolExecutor.runWorker(ThreadPoolExecutor.java:1134)
        at java.util.concurrent.ThreadPoolExecutor$Worker.run(ThreadPoolExecutor.java:624)
        at java.lang.Thread.run(Thread.java:748)
"qtp83554564-2261" daemon prio=5 tid=2261 timed_waiting
java.lang.Thread.State: TIMED_WAITING
        at sun.misc.Unsafe.park(Native Method)
        at java.util.concurrent.locks.LockSupport.parkNanos(LockSupport.java:215)
        at java.util.concurrent.locks.AbstractQueuedSynchronizer$ConditionObject.awaitNanos(AbstractQueuedSynchronizer.java:2078)
        at org.eclipse.jetty.util.BlockingArrayQueue.poll(BlockingArrayQueue.java:392)
        at org.eclipse.jetty.util.thread.QueuedThreadPool.idleJobPoll(QueuedThreadPool.java:563)
        at org.eclipse.jetty.util.thread.QueuedThreadPool.access$800(QueuedThreadPool.java:48)
        at org.eclipse.jetty.util.thread.QueuedThreadPool$2.run(QueuedThreadPool.java:626)
        at java.lang.Thread.run(Thread.java:748)
"DataNode DiskChecker thread 0" daemon prio=5 tid=2009 timed_waiting
java.lang.Thread.State: TIMED_WAITING
        at sun.misc.Unsafe.park(Native Method)
        at java.util.concurrent.locks.LockSupport.parkNanos(LockSupport.java:215)
        at java.util.concurrent.SynchronousQueue$TransferStack.awaitFulfill(SynchronousQueue.java:460)
        at java.util.concurrent.SynchronousQueue$TransferStack.transfer(SynchronousQueue.java:362)
        at java.util.concurrent.SynchronousQueue.poll(SynchronousQueue.java:941)
        at java.util.concurrent.ThreadPoolExecutor.getTask(ThreadPoolExecutor.java:1073)
        at java.util.concurrent.ThreadPoolExecutor.runWorker(ThreadPoolExecutor.java:1134)
        at java.util.concurrent.ThreadPoolExecutor$Worker.run(ThreadPoolExecutor.java:624)
        at java.lang.Thread.run(Thread.java:748)
"pool-158-thread-29"  prio=5 tid=2367 in Object.wait()
java.lang.Thread.State: WAITING (on object monitor)
        at sun.misc.Unsafe.park(Native Method)
        at java.util.concurrent.locks.LockSupport.park(LockSupport.java:175)
        at java.util.concurrent.locks.AbstractQueuedSynchronizer$ConditionObject.await(AbstractQueuedSynchronizer.java:2039)
        at java.util.concurrent.ArrayBlockingQueue.take(ArrayBlockingQueue.java:403)
        at java.util.concurrent.ThreadPoolExecutor.getTask(ThreadPoolExecutor.java:1074)
        at java.util.concurrent.ThreadPoolExecutor.runWorker(ThreadPoolExecutor.java:1134)
        at java.util.concurrent.ThreadPoolExecutor$Worker.run(ThreadPoolExecutor.java:624)
        at java.lang.Thread.run(Thread.java:748)
"pool-146-thread-1" daemon prio=5 tid=2010 timed_waiting
java.lang.Thread.State: TIMED_WAITING
        at sun.misc.Unsafe.park(Native Method)
        at java.util.concurrent.locks.LockSupport.parkNanos(LockSupport.java:215)
        at java.util.concurrent.locks.AbstractQueuedSynchronizer$ConditionObject.awaitNanos(AbstractQueuedSynchronizer.java:2078)
        at java.util.concurrent.ScheduledThreadPoolExecutor$DelayedWorkQueue.take(ScheduledThreadPoolExecutor.java:1093)
        at java.util.concurrent.ScheduledThreadPoolExecutor$DelayedWorkQueue.take(ScheduledThreadPoolExecutor.java:809)
        at java.util.concurrent.ThreadPoolExecutor.getTask(ThreadPoolExecutor.java:1074)
        at java.util.concurrent.ThreadPoolExecutor.runWorker(ThreadPoolExecutor.java:1134)
        at java.util.concurrent.ThreadPoolExecutor$Worker.run(ThreadPoolExecutor.java:624)
        at java.lang.Thread.run(Thread.java:748)
"pool-188-thread-46"  prio=5 tid=2570 in Object.wait()
java.lang.Thread.State: WAITING (on object monitor)
        at sun.misc.Unsafe.park(Native Method)
        at java.util.concurrent.locks.LockSupport.park(LockSupport.java:175)
        at java.util.concurrent.locks.AbstractQueuedSynchronizer$ConditionObject.await(AbstractQueuedSynchronizer.java:2039)
        at java.util.concurrent.ArrayBlockingQueue.take(ArrayBlockingQueue.java:403)
        at java.util.concurrent.ThreadPoolExecutor.getTask(ThreadPoolExecutor.java:1074)
        at java.util.concurrent.ThreadPoolExecutor.runWorker(ThreadPoolExecutor.java:1134)
        at java.util.concurrent.ThreadPoolExecutor$Worker.run(ThreadPoolExecutor.java:624)
        at java.lang.Thread.run(Thread.java:748)
"d61fc7c3-32e3-43e3-b156-a1b483a86779@group-783A9A2A969F-SegmentedRaftLogWorker"  prio=5 tid=2913 timed_waiting
java.lang.Thread.State: TIMED_WAITING
        at sun.misc.Unsafe.park(Native Method)
        at java.util.concurrent.locks.LockSupport.parkNanos(LockSupport.java:215)
        at java.util.concurrent.locks.AbstractQueuedSynchronizer$ConditionObject.awaitNanos(AbstractQueuedSynchronizer.java:2078)
        at org.apache.ratis.util.DataBlockingQueue.poll(DataBlockingQueue.java:137)
        at org.apache.ratis.server.raftlog.segmented.SegmentedRaftLogWorker.run(SegmentedRaftLogWorker.java:282)
        at java.lang.Thread.run(Thread.java:748)
"SCMBlockDeletingService#1" daemon prio=5 tid=1962 in Object.wait()
java.lang.Thread.State: WAITING (on object monitor)
        at sun.misc.Unsafe.park(Native Method)
        at java.util.concurrent.locks.LockSupport.park(LockSupport.java:175)
        at java.util.concurrent.locks.AbstractQueuedSynchronizer$ConditionObject.await(AbstractQueuedSynchronizer.java:2039)
        at java.util.concurrent.ScheduledThreadPoolExecutor$DelayedWorkQueue.take(ScheduledThreadPoolExecutor.java:1088)
        at java.util.concurrent.ScheduledThreadPoolExecutor$DelayedWorkQueue.take(ScheduledThreadPoolExecutor.java:809)
        at java.util.concurrent.ThreadPoolExecutor.getTask(ThreadPoolExecutor.java:1074)
        at java.util.concurrent.ThreadPoolExecutor.runWorker(ThreadPoolExecutor.java:1134)
        at java.util.concurrent.ThreadPoolExecutor$Worker.run(ThreadPoolExecutor.java:624)
        at java.lang.Thread.run(Thread.java:748)
"pool-158-thread-6"  prio=5 tid=2344 in Object.wait()
java.lang.Thread.State: WAITING (on object monitor)
        at sun.misc.Unsafe.park(Native Method)
        at java.util.concurrent.locks.LockSupport.park(LockSupport.java:175)
        at java.util.concurrent.locks.AbstractQueuedSynchronizer$ConditionObject.await(AbstractQueuedSynchronizer.java:2039)
        at java.util.concurrent.ArrayBlockingQueue.take(ArrayBlockingQueue.java:403)
        at java.util.concurrent.ThreadPoolExecutor.getTask(ThreadPoolExecutor.java:1074)
        at java.util.concurrent.ThreadPoolExecutor.runWorker(ThreadPoolExecutor.java:1134)
        at java.util.concurrent.ThreadPoolExecutor$Worker.run(ThreadPoolExecutor.java:624)
        at java.lang.Thread.run(Thread.java:748)
"pool-148-thread-26"  prio=5 tid=2301 in Object.wait()
java.lang.Thread.State: WAITING (on object monitor)
        at sun.misc.Unsafe.park(Native Method)
        at java.util.concurrent.locks.LockSupport.park(LockSupport.java:175)
        at java.util.concurrent.locks.AbstractQueuedSynchronizer$ConditionObject.await(AbstractQueuedSynchronizer.java:2039)
        at java.util.concurrent.ArrayBlockingQueue.take(ArrayBlockingQueue.java:403)
        at java.util.concurrent.ThreadPoolExecutor.getTask(ThreadPoolExecutor.java:1074)
        at java.util.concurrent.ThreadPoolExecutor.runWorker(ThreadPoolExecutor.java:1134)
        at java.util.concurrent.ThreadPoolExecutor$Worker.run(ThreadPoolExecutor.java:624)
        at java.lang.Thread.run(Thread.java:748)
"DataNode DiskChecker thread 0" daemon prio=5 tid=2225 timed_waiting
java.lang.Thread.State: TIMED_WAITING
        at sun.misc.Unsafe.park(Native Method)
        at java.util.concurrent.locks.LockSupport.parkNanos(LockSupport.java:215)
        at java.util.concurrent.SynchronousQueue$TransferStack.awaitFulfill(SynchronousQueue.java:460)
        at java.util.concurrent.SynchronousQueue$TransferStack.transfer(SynchronousQueue.java:362)
        at java.util.concurrent.SynchronousQueue.poll(SynchronousQueue.java:941)
        at java.util.concurrent.ThreadPoolExecutor.getTask(ThreadPoolExecutor.java:1073)
        at java.util.concurrent.ThreadPoolExecutor.runWorker(ThreadPoolExecutor.java:1134)
        at java.util.concurrent.ThreadPoolExecutor$Worker.run(ThreadPoolExecutor.java:624)
        at java.lang.Thread.run(Thread.java:748)
"pool-218-thread-32"  prio=5 tid=2742 in Object.wait()
java.lang.Thread.State: WAITING (on object monitor)
        at sun.misc.Unsafe.park(Native Method)
        at java.util.concurrent.locks.LockSupport.park(LockSupport.java:175)
        at java.util.concurrent.locks.AbstractQueuedSynchronizer$ConditionObject.await(AbstractQueuedSynchronizer.java:2039)
        at java.util.concurrent.ArrayBlockingQueue.take(ArrayBlockingQueue.java:403)
        at java.util.concurrent.ThreadPoolExecutor.getTask(ThreadPoolExecutor.java:1074)
        at java.util.concurrent.ThreadPoolExecutor.runWorker(ThreadPoolExecutor.java:1134)
        at java.util.concurrent.ThreadPoolExecutor$Worker.run(ThreadPoolExecutor.java:624)
        at java.lang.Thread.run(Thread.java:748)
"pool-158-thread-16"  prio=5 tid=2354 in Object.wait()
java.lang.Thread.State: WAITING (on object monitor)
        at sun.misc.Unsafe.park(Native Method)
        at java.util.concurrent.locks.LockSupport.park(LockSupport.java:175)
        at java.util.concurrent.locks.AbstractQueuedSynchronizer$ConditionObject.await(AbstractQueuedSynchronizer.java:2039)
        at java.util.concurrent.ArrayBlockingQueue.take(ArrayBlockingQueue.java:403)
        at java.util.concurrent.ThreadPoolExecutor.getTask(ThreadPoolExecutor.java:1074)
        at java.util.concurrent.ThreadPoolExecutor.runWorker(ThreadPoolExecutor.java:1134)
        at java.util.concurrent.ThreadPoolExecutor$Worker.run(ThreadPoolExecutor.java:624)
        at java.lang.Thread.run(Thread.java:748)
"Datanode State Machine Thread - 0" daemon prio=5 tid=2240 timed_waiting
java.lang.Thread.State: TIMED_WAITING
        at java.lang.Thread.sleep(Native Method)
        at org.apache.hadoop.ozone.container.common.statemachine.DatanodeStateMachine.start(DatanodeStateMachine.java:196)
        at org.apache.hadoop.ozone.container.common.statemachine.DatanodeStateMachine.lambda$startDaemon$0(DatanodeStateMachine.java:354)
        at org.apache.hadoop.ozone.container.common.statemachine.DatanodeStateMachine$$Lambda$141/502066023.run(Unknown Source)
        at java.lang.Thread.run(Thread.java:748)
"Periodic HDDS volume checker"  prio=5 tid=2033 timed_waiting
java.lang.Thread.State: TIMED_WAITING
        at sun.misc.Unsafe.park(Native Method)
        at java.util.concurrent.locks.LockSupport.parkNanos(LockSupport.java:215)
        at java.util.concurrent.locks.AbstractQueuedSynchronizer$ConditionObject.awaitNanos(AbstractQueuedSynchronizer.java:2078)
        at java.util.concurrent.ScheduledThreadPoolExecutor$DelayedWorkQueue.take(ScheduledThreadPoolExecutor.java:1093)
        at java.util.concurrent.ScheduledThreadPoolExecutor$DelayedWorkQueue.take(ScheduledThreadPoolExecutor.java:809)
        at java.util.concurrent.ThreadPoolExecutor.getTask(ThreadPoolExecutor.java:1074)
        at java.util.concurrent.ThreadPoolExecutor.runWorker(ThreadPoolExecutor.java:1134)
        at java.util.concurrent.ThreadPoolExecutor$Worker.run(ThreadPoolExecutor.java:624)
        at java.lang.Thread.run(Thread.java:748)
"qtp98459285-1949" daemon prio=5 tid=1949 runnable
java.lang.Thread.State: RUNNABLE
        at sun.nio.ch.EPollArrayWrapper.epollWait(Native Method)
        at sun.nio.ch.EPollArrayWrapper.poll(EPollArrayWrapper.java:269)
        at sun.nio.ch.EPollSelectorImpl.doSelect(EPollSelectorImpl.java:93)
        at sun.nio.ch.SelectorImpl.lockAndDoSelect(SelectorImpl.java:86)
        at sun.nio.ch.SelectorImpl.select(SelectorImpl.java:97)
        at sun.nio.ch.SelectorImpl.select(SelectorImpl.java:101)
        at org.eclipse.jetty.io.ManagedSelector$SelectorProducer.select(ManagedSelector.java:243)
        at org.eclipse.jetty.io.ManagedSelector$SelectorProducer.produce(ManagedSelector.java:191)
        at org.eclipse.jetty.util.thread.strategy.ExecuteProduceConsume.executeProduceConsume(ExecuteProduceConsume.java:249)
        at org.eclipse.jetty.util.thread.strategy.ExecuteProduceConsume.produceConsume(ExecuteProduceConsume.java:148)
        at org.eclipse.jetty.util.thread.strategy.ExecuteProduceConsume.execute(ExecuteProduceConsume.java:100)
        at org.eclipse.jetty.io.ManagedSelector.run(ManagedSelector.java:147)
        at org.eclipse.jetty.util.thread.QueuedThreadPool.runJob(QueuedThreadPool.java:671)
        at org.eclipse.jetty.util.thread.QueuedThreadPool$2.run(QueuedThreadPool.java:589)
        at java.lang.Thread.run(Thread.java:748)
"IPC Server handler 13 on 40581" daemon prio=5 tid=1922 timed_waiting
java.lang.Thread.State: TIMED_WAITING
        at sun.misc.Unsafe.park(Native Method)
        at java.util.concurrent.locks.LockSupport.parkNanos(LockSupport.java:215)
        at java.util.concurrent.locks.AbstractQueuedSynchronizer$ConditionObject.awaitNanos(AbstractQueuedSynchronizer.java:2078)
        at java.util.concurrent.LinkedBlockingQueue.poll(LinkedBlockingQueue.java:467)
        at org.apache.hadoop.ipc.CallQueueManager.take(CallQueueManager.java:288)
        at org.apache.hadoop.ipc.Server$Handler.run(Server.java:2668)
"pool-169-thread-1"  prio=5 tid=2917 in Object.wait()
java.lang.Thread.State: WAITING (on object monitor)
        at sun.misc.Unsafe.park(Native Method)
        at java.util.concurrent.locks.LockSupport.park(LockSupport.java:175)
        at java.util.concurrent.locks.AbstractQueuedSynchronizer$ConditionObject.await(AbstractQueuedSynchronizer.java:2039)
        at java.util.concurrent.LinkedBlockingQueue.take(LinkedBlockingQueue.java:442)
        at java.util.concurrent.ThreadPoolExecutor.getTask(ThreadPoolExecutor.java:1074)
        at java.util.concurrent.ThreadPoolExecutor.runWorker(ThreadPoolExecutor.java:1134)
        at java.util.concurrent.ThreadPoolExecutor$Worker.run(ThreadPoolExecutor.java:624)
        at java.lang.Thread.run(Thread.java:748)
"pool-188-thread-54"  prio=5 tid=2578 in Object.wait()
java.lang.Thread.State: WAITING (on object monitor)
        at sun.misc.Unsafe.park(Native Method)
        at java.util.concurrent.locks.LockSupport.park(LockSupport.java:175)
        at java.util.concurrent.locks.AbstractQueuedSynchronizer$ConditionObject.await(AbstractQueuedSynchronizer.java:2039)
        at java.util.concurrent.ArrayBlockingQueue.take(ArrayBlockingQueue.java:403)
        at java.util.concurrent.ThreadPoolExecutor.getTask(ThreadPoolExecutor.java:1074)
        at java.util.concurrent.ThreadPoolExecutor.runWorker(ThreadPoolExecutor.java:1134)
        at java.util.concurrent.ThreadPoolExecutor$Worker.run(ThreadPoolExecutor.java:624)
        at java.lang.Thread.run(Thread.java:748)
"qtp457245448-2098" daemon prio=5 tid=2098 timed_waiting
java.lang.Thread.State: TIMED_WAITING
        at sun.misc.Unsafe.park(Native Method)
        at java.util.concurrent.locks.LockSupport.parkNanos(LockSupport.java:215)
        at java.util.concurrent.locks.AbstractQueuedSynchronizer$ConditionObject.awaitNanos(AbstractQueuedSynchronizer.java:2078)
        at org.eclipse.jetty.util.BlockingArrayQueue.poll(BlockingArrayQueue.java:392)
        at org.eclipse.jetty.util.thread.QueuedThreadPool.idleJobPoll(QueuedThreadPool.java:563)
        at org.eclipse.jetty.util.thread.QueuedThreadPool.access$800(QueuedThreadPool.java:48)
        at org.eclipse.jetty.util.thread.QueuedThreadPool$2.run(QueuedThreadPool.java:626)
        at java.lang.Thread.run(Thread.java:748)
"qtp769195805-2017" daemon prio=5 tid=2017 timed_waiting
java.lang.Thread.State: TIMED_WAITING
        at sun.misc.Unsafe.park(Native Method)
        at java.util.concurrent.locks.LockSupport.parkNanos(LockSupport.java:215)
        at java.util.concurrent.locks.AbstractQueuedSynchronizer$ConditionObject.awaitNanos(AbstractQueuedSynchronizer.java:2078)
        at org.eclipse.jetty.util.BlockingArrayQueue.poll(BlockingArrayQueue.java:392)
        at org.eclipse.jetty.util.thread.QueuedThreadPool.idleJobPoll(QueuedThreadPool.java:563)
        at org.eclipse.jetty.util.thread.QueuedThreadPool.access$800(QueuedThreadPool.java:48)
        at org.eclipse.jetty.util.thread.QueuedThreadPool$2.run(QueuedThreadPool.java:626)
        at java.lang.Thread.run(Thread.java:748)
"BlockDeletingService#0" daemon prio=5 tid=2771 timed_waiting
java.lang.Thread.State: TIMED_WAITING
        at sun.misc.Unsafe.park(Native Method)
        at java.util.concurrent.locks.LockSupport.parkNanos(LockSupport.java:215)
        at java.util.concurrent.locks.AbstractQueuedSynchronizer$ConditionObject.awaitNanos(AbstractQueuedSynchronizer.java:2078)
        at java.util.concurrent.ScheduledThreadPoolExecutor$DelayedWorkQueue.take(ScheduledThreadPoolExecutor.java:1093)
        at java.util.concurrent.ScheduledThreadPoolExecutor$DelayedWorkQueue.take(ScheduledThreadPoolExecutor.java:809)
        at java.util.concurrent.ThreadPoolExecutor.getTask(ThreadPoolExecutor.java:1074)
        at java.util.concurrent.ThreadPoolExecutor.runWorker(ThreadPoolExecutor.java:1134)
        at java.util.concurrent.ThreadPoolExecutor$Worker.run(ThreadPoolExecutor.java:624)
        at java.lang.Thread.run(Thread.java:748)
"pool-218-thread-23"  prio=5 tid=2733 in Object.wait()
java.lang.Thread.State: WAITING (on object monitor)
        at sun.misc.Unsafe.park(Native Method)
        at java.util.concurrent.locks.LockSupport.park(LockSupport.java:175)
        at java.util.concurrent.locks.AbstractQueuedSynchronizer$ConditionObject.await(AbstractQueuedSynchronizer.java:2039)
        at java.util.concurrent.ArrayBlockingQueue.take(ArrayBlockingQueue.java:403)
        at java.util.concurrent.ThreadPoolExecutor.getTask(ThreadPoolExecutor.java:1074)
        at java.util.concurrent.ThreadPoolExecutor.runWorker(ThreadPoolExecutor.java:1134)
        at java.util.concurrent.ThreadPoolExecutor$Worker.run(ThreadPoolExecutor.java:624)
        at java.lang.Thread.run(Thread.java:748)
"pool-168-thread-58"  prio=5 tid=2458 in Object.wait()
java.lang.Thread.State: WAITING (on object monitor)
        at sun.misc.Unsafe.park(Native Method)
        at java.util.concurrent.locks.LockSupport.park(LockSupport.java:175)
        at java.util.concurrent.locks.AbstractQueuedSynchronizer$ConditionObject.await(AbstractQueuedSynchronizer.java:2039)
        at java.util.concurrent.ArrayBlockingQueue.take(ArrayBlockingQueue.java:403)
        at java.util.concurrent.ThreadPoolExecutor.getTask(ThreadPoolExecutor.java:1074)
        at java.util.concurrent.ThreadPoolExecutor.runWorker(ThreadPoolExecutor.java:1134)
        at java.util.concurrent.ThreadPoolExecutor$Worker.run(ThreadPoolExecutor.java:624)
        at java.lang.Thread.run(Thread.java:748)
"pool-158-thread-39"  prio=5 tid=2377 in Object.wait()
java.lang.Thread.State: WAITING (on object monitor)
        at sun.misc.Unsafe.park(Native Method)
        at java.util.concurrent.locks.LockSupport.park(LockSupport.java:175)
        at java.util.concurrent.locks.AbstractQueuedSynchronizer$ConditionObject.await(AbstractQueuedSynchronizer.java:2039)
        at java.util.concurrent.ArrayBlockingQueue.take(ArrayBlockingQueue.java:403)
        at java.util.concurrent.ThreadPoolExecutor.getTask(ThreadPoolExecutor.java:1074)
        at java.util.concurrent.ThreadPoolExecutor.runWorker(ThreadPoolExecutor.java:1134)
        at java.util.concurrent.ThreadPoolExecutor$Worker.run(ThreadPoolExecutor.java:624)
        at java.lang.Thread.run(Thread.java:748)
"pool-168-thread-32"  prio=5 tid=2432 in Object.wait()
java.lang.Thread.State: WAITING (on object monitor)
        at sun.misc.Unsafe.park(Native Method)
        at java.util.concurrent.locks.LockSupport.park(LockSupport.java:175)
        at java.util.concurrent.locks.AbstractQueuedSynchronizer$ConditionObject.await(AbstractQueuedSynchronizer.java:2039)
        at java.util.concurrent.ArrayBlockingQueue.take(ArrayBlockingQueue.java:403)
        at java.util.concurrent.ThreadPoolExecutor.getTask(ThreadPoolExecutor.java:1074)
        at java.util.concurrent.ThreadPoolExecutor.runWorker(ThreadPoolExecutor.java:1134)
        at java.util.concurrent.ThreadPoolExecutor$Worker.run(ThreadPoolExecutor.java:624)
        at java.lang.Thread.run(Thread.java:748)
"pool-228-thread-51"  prio=5 tid=2823 in Object.wait()
java.lang.Thread.State: WAITING (on object monitor)
        at sun.misc.Unsafe.park(Native Method)
        at java.util.concurrent.locks.LockSupport.park(LockSupport.java:175)
        at java.util.concurrent.locks.AbstractQueuedSynchronizer$ConditionObject.await(AbstractQueuedSynchronizer.java:2039)
        at java.util.concurrent.ArrayBlockingQueue.take(ArrayBlockingQueue.java:403)
        at java.util.concurrent.ThreadPoolExecutor.getTask(ThreadPoolExecutor.java:1074)
        at java.util.concurrent.ThreadPoolExecutor.runWorker(ThreadPoolExecutor.java:1134)
        at java.util.concurrent.ThreadPoolExecutor$Worker.run(ThreadPoolExecutor.java:624)
        at java.lang.Thread.run(Thread.java:748)
"pool-178-thread-43"  prio=5 tid=2505 in Object.wait()
java.lang.Thread.State: WAITING (on object monitor)
        at sun.misc.Unsafe.park(Native Method)
        at java.util.concurrent.locks.LockSupport.park(LockSupport.java:175)
        at java.util.concurrent.locks.AbstractQueuedSynchronizer$ConditionObject.await(AbstractQueuedSynchronizer.java:2039)
        at java.util.concurrent.ArrayBlockingQueue.take(ArrayBlockingQueue.java:403)
        at java.util.concurrent.ThreadPoolExecutor.getTask(ThreadPoolExecutor.java:1074)
        at java.util.concurrent.ThreadPoolExecutor.runWorker(ThreadPoolExecutor.java:1134)
        at java.util.concurrent.ThreadPoolExecutor$Worker.run(ThreadPoolExecutor.java:624)
        at java.lang.Thread.run(Thread.java:748)
"pool-158-thread-30"  prio=5 tid=2368 in Object.wait()
java.lang.Thread.State: WAITING (on object monitor)
        at sun.misc.Unsafe.park(Native Method)
        at java.util.concurrent.locks.LockSupport.park(LockSupport.java:175)
        at java.util.concurrent.locks.AbstractQueuedSynchronizer$ConditionObject.await(AbstractQueuedSynchronizer.java:2039)
        at java.util.concurrent.ArrayBlockingQueue.take(ArrayBlockingQueue.java:403)
        at java.util.concurrent.ThreadPoolExecutor.getTask(ThreadPoolExecutor.java:1074)
        at java.util.concurrent.ThreadPoolExecutor.runWorker(ThreadPoolExecutor.java:1134)
        at java.util.concurrent.ThreadPoolExecutor$Worker.run(ThreadPoolExecutor.java:624)
        at java.lang.Thread.run(Thread.java:748)
"pool-188-thread-31"  prio=5 tid=2555 in Object.wait()
java.lang.Thread.State: WAITING (on object monitor)
        at sun.misc.Unsafe.park(Native Method)
        at java.util.concurrent.locks.LockSupport.park(LockSupport.java:175)
        at java.util.concurrent.locks.AbstractQueuedSynchronizer$ConditionObject.await(AbstractQueuedSynchronizer.java:2039)
        at java.util.concurrent.ArrayBlockingQueue.take(ArrayBlockingQueue.java:403)
        at java.util.concurrent.ThreadPoolExecutor.getTask(ThreadPoolExecutor.java:1074)
        at java.util.concurrent.ThreadPoolExecutor.runWorker(ThreadPoolExecutor.java:1134)
        at java.util.concurrent.ThreadPoolExecutor$Worker.run(ThreadPoolExecutor.java:624)
        at java.lang.Thread.run(Thread.java:748)
"c182b01b-afca-4fcd-8295-9462a850df3a@group-3CC6E6EE53B4-SegmentedRaftLogWorker"  prio=5 tid=2937 timed_waiting
java.lang.Thread.State: TIMED_WAITING
        at sun.misc.Unsafe.park(Native Method)
        at java.util.concurrent.locks.LockSupport.parkNanos(LockSupport.java:215)
        at java.util.concurrent.locks.AbstractQueuedSynchronizer$ConditionObject.awaitNanos(AbstractQueuedSynchronizer.java:2078)
        at org.apache.ratis.util.DataBlockingQueue.poll(DataBlockingQueue.java:137)
        at org.apache.ratis.server.raftlog.segmented.SegmentedRaftLogWorker.run(SegmentedRaftLogWorker.java:282)
        at java.lang.Thread.run(Thread.java:748)
"pool-202-thread-1"  prio=5 tid=2147 timed_waiting
java.lang.Thread.State: TIMED_WAITING
        at sun.misc.Unsafe.park(Native Method)
        at java.util.concurrent.locks.LockSupport.parkNanos(LockSupport.java:215)
        at java.util.concurrent.locks.AbstractQueuedSynchronizer$ConditionObject.awaitNanos(AbstractQueuedSynchronizer.java:2078)
        at java.util.concurrent.ScheduledThreadPoolExecutor$DelayedWorkQueue.take(ScheduledThreadPoolExecutor.java:1093)
        at java.util.concurrent.ScheduledThreadPoolExecutor$DelayedWorkQueue.take(ScheduledThreadPoolExecutor.java:809)
        at java.util.concurrent.ThreadPoolExecutor.getTask(ThreadPoolExecutor.java:1074)
        at java.util.concurrent.ThreadPoolExecutor.runWorker(ThreadPoolExecutor.java:1134)
        at java.util.concurrent.ThreadPoolExecutor$Worker.run(ThreadPoolExecutor.java:624)
        at java.lang.Thread.run(Thread.java:748)
"IPC Server handler 6 on 35120" daemon prio=5 tid=1895 timed_waiting
java.lang.Thread.State: TIMED_WAITING
        at sun.misc.Unsafe.park(Native Method)
        at java.util.concurrent.locks.LockSupport.parkNanos(LockSupport.java:215)
        at java.util.concurrent.locks.AbstractQueuedSynchronizer$ConditionObject.awaitNanos(AbstractQueuedSynchronizer.java:2078)
        at java.util.concurrent.LinkedBlockingQueue.poll(LinkedBlockingQueue.java:467)
        at org.apache.hadoop.ipc.CallQueueManager.take(CallQueueManager.java:288)
        at org.apache.hadoop.ipc.Server$Handler.run(Server.java:2668)
"org.eclipse.jetty.server.session.HashSessionManager@5d94a2dcTimer" daemon prio=5 tid=2103 timed_waiting
java.lang.Thread.State: TIMED_WAITING
        at sun.misc.Unsafe.park(Native Method)
        at java.util.concurrent.locks.LockSupport.parkNanos(LockSupport.java:215)
        at java.util.concurrent.locks.AbstractQueuedSynchronizer$ConditionObject.awaitNanos(AbstractQueuedSynchronizer.java:2078)
        at java.util.concurrent.ScheduledThreadPoolExecutor$DelayedWorkQueue.take(ScheduledThreadPoolExecutor.java:1093)
        at java.util.concurrent.ScheduledThreadPoolExecutor$DelayedWorkQueue.take(ScheduledThreadPoolExecutor.java:809)
        at java.util.concurrent.ThreadPoolExecutor.getTask(ThreadPoolExecutor.java:1074)
        at java.util.concurrent.ThreadPoolExecutor.runWorker(ThreadPoolExecutor.java:1134)
        at java.util.concurrent.ThreadPoolExecutor$Worker.run(ThreadPoolExecutor.java:624)
        at java.lang.Thread.run(Thread.java:748)
"pool-228-thread-47"  prio=5 tid=2819 in Object.wait()
java.lang.Thread.State: WAITING (on object monitor)
        at sun.misc.Unsafe.park(Native Method)
        at java.util.concurrent.locks.LockSupport.park(LockSupport.java:175)
        at java.util.concurrent.locks.AbstractQueuedSynchronizer$ConditionObject.await(AbstractQueuedSynchronizer.java:2039)
        at java.util.concurrent.ArrayBlockingQueue.take(ArrayBlockingQueue.java:403)
        at java.util.concurrent.ThreadPoolExecutor.getTask(ThreadPoolExecutor.java:1074)
        at java.util.concurrent.ThreadPoolExecutor.runWorker(ThreadPoolExecutor.java:1134)
        at java.util.concurrent.ThreadPoolExecutor$Worker.run(ThreadPoolExecutor.java:624)
        at java.lang.Thread.run(Thread.java:748)
"org.eclipse.jetty.server.session.HashSessionManager@6c8dbf56Timer" daemon prio=5 tid=2003 timed_waiting
java.lang.Thread.State: TIMED_WAITING
        at sun.misc.Unsafe.park(Native Method)
        at java.util.concurrent.locks.LockSupport.parkNanos(LockSupport.java:215)
        at java.util.concurrent.locks.AbstractQueuedSynchronizer$ConditionObject.awaitNanos(AbstractQueuedSynchronizer.java:2078)
        at java.util.concurrent.ScheduledThreadPoolExecutor$DelayedWorkQueue.take(ScheduledThreadPoolExecutor.java:1093)
        at java.util.concurrent.ScheduledThreadPoolExecutor$DelayedWorkQueue.take(ScheduledThreadPoolExecutor.java:809)
        at java.util.concurrent.ThreadPoolExecutor.getTask(ThreadPoolExecutor.java:1074)
        at java.util.concurrent.ThreadPoolExecutor.runWorker(ThreadPoolExecutor.java:1134)
        at java.util.concurrent.ThreadPoolExecutor$Worker.run(ThreadPoolExecutor.java:624)
        at java.lang.Thread.run(Thread.java:748)
"DataNode DiskChecker thread 0" daemon prio=5 tid=2117 timed_waiting
java.lang.Thread.State: TIMED_WAITING
        at sun.misc.Unsafe.park(Native Method)
        at java.util.concurrent.locks.LockSupport.parkNanos(LockSupport.java:215)
        at java.util.concurrent.SynchronousQueue$TransferStack.awaitFulfill(SynchronousQueue.java:460)
        at java.util.concurrent.SynchronousQueue$TransferStack.transfer(SynchronousQueue.java:362)
        at java.util.concurrent.SynchronousQueue.poll(SynchronousQueue.java:941)
        at java.util.concurrent.ThreadPoolExecutor.getTask(ThreadPoolExecutor.java:1073)
        at java.util.concurrent.ThreadPoolExecutor.runWorker(ThreadPoolExecutor.java:1134)
        at java.util.concurrent.ThreadPoolExecutor$Worker.run(ThreadPoolExecutor.java:624)
        at java.lang.Thread.run(Thread.java:748)
"8692cc3a-c5e2-4bd5-b878-b8217203f52e@group-1DD6D94E4861-StateMachineUpdater" daemon prio=5 tid=3174 in Object.wait()
java.lang.Thread.State: WAITING (on object monitor)
        at java.lang.Object.wait(Native Method)
        at java.lang.Object.wait(Object.java:502)
        at org.apache.ratis.server.impl.StateMachineUpdater.waitForCommit(StateMachineUpdater.java:194)
        at org.apache.ratis.server.impl.StateMachineUpdater.run(StateMachineUpdater.java:159)
        at java.lang.Thread.run(Thread.java:748)
"Thread-1384" daemon prio=5 tid=3012 timed_waiting
java.lang.Thread.State: TIMED_WAITING
        at sun.misc.Unsafe.park(Native Method)
        at java.util.concurrent.locks.LockSupport.parkNanos(LockSupport.java:215)
        at java.util.concurrent.locks.AbstractQueuedSynchronizer$ConditionObject.awaitNanos(AbstractQueuedSynchronizer.java:2078)
        at java.util.concurrent.ArrayBlockingQueue.poll(ArrayBlockingQueue.java:418)
        at org.apache.ratis.server.impl.LeaderState$EventQueue.poll(LeaderState.java:115)
        at org.apache.ratis.server.impl.LeaderState$EventProcessor.run(LeaderState.java:467)
"pool-148-thread-55"  prio=5 tid=2330 in Object.wait()
java.lang.Thread.State: WAITING (on object monitor)
        at sun.misc.Unsafe.park(Native Method)
        at java.util.concurrent.locks.LockSupport.park(LockSupport.java:175)
        at java.util.concurrent.locks.AbstractQueuedSynchronizer$ConditionObject.await(AbstractQueuedSynchronizer.java:2039)
        at java.util.concurrent.ArrayBlockingQueue.take(ArrayBlockingQueue.java:403)
        at java.util.concurrent.ThreadPoolExecutor.getTask(ThreadPoolExecutor.java:1074)
        at java.util.concurrent.ThreadPoolExecutor.runWorker(ThreadPoolExecutor.java:1134)
        at java.util.concurrent.ThreadPoolExecutor$Worker.run(ThreadPoolExecutor.java:624)
        at java.lang.Thread.run(Thread.java:748)
"Periodic HDDS volume checker"  prio=5 tid=2222 timed_waiting
java.lang.Thread.State: TIMED_WAITING
        at sun.misc.Unsafe.park(Native Method)
        at java.util.concurrent.locks.LockSupport.parkNanos(LockSupport.java:215)
        at java.util.concurrent.locks.AbstractQueuedSynchronizer$ConditionObject.awaitNanos(AbstractQueuedSynchronizer.java:2078)
        at java.util.concurrent.ScheduledThreadPoolExecutor$DelayedWorkQueue.take(ScheduledThreadPoolExecutor.java:1093)
        at java.util.concurrent.ScheduledThreadPoolExecutor$DelayedWorkQueue.take(ScheduledThreadPoolExecutor.java:809)
        at java.util.concurrent.ThreadPoolExecutor.getTask(ThreadPoolExecutor.java:1074)
        at java.util.concurrent.ThreadPoolExecutor.runWorker(ThreadPoolExecutor.java:1134)
        at java.util.concurrent.ThreadPoolExecutor$Worker.run(ThreadPoolExecutor.java:624)
        at java.lang.Thread.run(Thread.java:748)
"qtp83554564-2256" daemon prio=5 tid=2256 runnable
java.lang.Thread.State: RUNNABLE
        at sun.nio.ch.EPollArrayWrapper.epollWait(Native Method)
        at sun.nio.ch.EPollArrayWrapper.poll(EPollArrayWrapper.java:269)
        at sun.nio.ch.EPollSelectorImpl.doSelect(EPollSelectorImpl.java:93)
        at sun.nio.ch.SelectorImpl.lockAndDoSelect(SelectorImpl.java:86)
        at sun.nio.ch.SelectorImpl.select(SelectorImpl.java:97)
        at sun.nio.ch.SelectorImpl.select(SelectorImpl.java:101)
        at org.eclipse.jetty.io.ManagedSelector$SelectorProducer.select(ManagedSelector.java:243)
        at org.eclipse.jetty.io.ManagedSelector$SelectorProducer.produce(ManagedSelector.java:191)
        at org.eclipse.jetty.util.thread.strategy.ExecuteProduceConsume.executeProduceConsume(ExecuteProduceConsume.java:249)
        at org.eclipse.jetty.util.thread.strategy.ExecuteProduceConsume.produceConsume(ExecuteProduceConsume.java:148)
        at org.eclipse.jetty.util.thread.strategy.ExecuteProduceConsume.execute(ExecuteProduceConsume.java:100)
        at org.eclipse.jetty.io.ManagedSelector.run(ManagedSelector.java:147)
        at org.eclipse.jetty.util.thread.QueuedThreadPool.runJob(QueuedThreadPool.java:671)
        at org.eclipse.jetty.util.thread.QueuedThreadPool$2.run(QueuedThreadPool.java:589)
        at java.lang.Thread.run(Thread.java:748)
"pool-188-thread-52"  prio=5 tid=2576 in Object.wait()
java.lang.Thread.State: WAITING (on object monitor)
        at sun.misc.Unsafe.park(Native Method)
        at java.util.concurrent.locks.LockSupport.park(LockSupport.java:175)
        at java.util.concurrent.locks.AbstractQueuedSynchronizer$ConditionObject.await(AbstractQueuedSynchronizer.java:2039)
        at java.util.concurrent.ArrayBlockingQueue.take(ArrayBlockingQueue.java:403)
        at java.util.concurrent.ThreadPoolExecutor.getTask(ThreadPoolExecutor.java:1074)
        at java.util.concurrent.ThreadPoolExecutor.runWorker(ThreadPoolExecutor.java:1134)
        at java.util.concurrent.ThreadPoolExecutor$Worker.run(ThreadPoolExecutor.java:624)
        at java.lang.Thread.run(Thread.java:748)
"Periodic HDDS volume checker"  prio=5 tid=2195 timed_waiting
java.lang.Thread.State: TIMED_WAITING
        at sun.misc.Unsafe.park(Native Method)
        at java.util.concurrent.locks.LockSupport.parkNanos(LockSupport.java:215)
        at java.util.concurrent.locks.AbstractQueuedSynchronizer$ConditionObject.awaitNanos(AbstractQueuedSynchronizer.java:2078)
        at java.util.concurrent.ScheduledThreadPoolExecutor$DelayedWorkQueue.take(ScheduledThreadPoolExecutor.java:1093)
        at java.util.concurrent.ScheduledThreadPoolExecutor$DelayedWorkQueue.take(ScheduledThreadPoolExecutor.java:809)
        at java.util.concurrent.ThreadPoolExecutor.getTask(ThreadPoolExecutor.java:1074)
        at java.util.concurrent.ThreadPoolExecutor.runWorker(ThreadPoolExecutor.java:1134)
        at java.util.concurrent.ThreadPoolExecutor$Worker.run(ThreadPoolExecutor.java:624)
        at java.lang.Thread.run(Thread.java:748)
"pool-208-thread-3"  prio=5 tid=2651 in Object.wait()
java.lang.Thread.State: WAITING (on object monitor)
        at sun.misc.Unsafe.park(Native Method)
        at java.util.concurrent.locks.LockSupport.park(LockSupport.java:175)
        at java.util.concurrent.locks.AbstractQueuedSynchronizer$ConditionObject.await(AbstractQueuedSynchronizer.java:2039)
        at java.util.concurrent.ArrayBlockingQueue.take(ArrayBlockingQueue.java:403)
        at java.util.concurrent.ThreadPoolExecutor.getTask(ThreadPoolExecutor.java:1074)
        at java.util.concurrent.ThreadPoolExecutor.runWorker(ThreadPoolExecutor.java:1134)
        at java.util.concurrent.ThreadPoolExecutor$Worker.run(ThreadPoolExecutor.java:624)
        at java.lang.Thread.run(Thread.java:748)
"org.apache.hadoop.util.JvmPauseMonitor$Monitor@5fc6ee52" daemon prio=5 tid=2192 timed_waiting
java.lang.Thread.State: TIMED_WAITING
        at java.lang.Thread.sleep(Native Method)
        at org.apache.hadoop.util.JvmPauseMonitor$Monitor.run(JvmPauseMonitor.java:192)
        at java.lang.Thread.run(Thread.java:748)
"pool-178-thread-60"  prio=5 tid=2522 in Object.wait()
java.lang.Thread.State: WAITING (on object monitor)
        at sun.misc.Unsafe.park(Native Method)
        at java.util.concurrent.locks.LockSupport.park(LockSupport.java:175)
        at java.util.concurrent.locks.AbstractQueuedSynchronizer$ConditionObject.await(AbstractQueuedSynchronizer.java:2039)
        at java.util.concurrent.ArrayBlockingQueue.take(ArrayBlockingQueue.java:403)
        at java.util.concurrent.ThreadPoolExecutor.getTask(ThreadPoolExecutor.java:1074)
        at java.util.concurrent.ThreadPoolExecutor.runWorker(ThreadPoolExecutor.java:1134)
        at java.util.concurrent.ThreadPoolExecutor$Worker.run(ThreadPoolExecutor.java:624)
        at java.lang.Thread.run(Thread.java:748)
"pool-168-thread-23"  prio=5 tid=2423 in Object.wait()
java.lang.Thread.State: WAITING (on object monitor)
        at sun.misc.Unsafe.park(Native Method)
        at java.util.concurrent.locks.LockSupport.park(LockSupport.java:175)
        at java.util.concurrent.locks.AbstractQueuedSynchronizer$ConditionObject.await(AbstractQueuedSynchronizer.java:2039)
        at java.util.concurrent.ArrayBlockingQueue.take(ArrayBlockingQueue.java:403)
        at java.util.concurrent.ThreadPoolExecutor.getTask(ThreadPoolExecutor.java:1074)
        at java.util.concurrent.ThreadPoolExecutor.runWorker(ThreadPoolExecutor.java:1134)
        at java.util.concurrent.ThreadPoolExecutor$Worker.run(ThreadPoolExecutor.java:624)
        at java.lang.Thread.run(Thread.java:748)
"pool-168-thread-26"  prio=5 tid=2426 in Object.wait()
java.lang.Thread.State: WAITING (on object monitor)
        at sun.misc.Unsafe.park(Native Method)
        at java.util.concurrent.locks.LockSupport.park(LockSupport.java:175)
        at java.util.concurrent.locks.AbstractQueuedSynchronizer$ConditionObject.await(AbstractQueuedSynchronizer.java:2039)
        at java.util.concurrent.ArrayBlockingQueue.take(ArrayBlockingQueue.java:403)
        at java.util.concurrent.ThreadPoolExecutor.getTask(ThreadPoolExecutor.java:1074)
        at java.util.concurrent.ThreadPoolExecutor.runWorker(ThreadPoolExecutor.java:1134)
        at java.util.concurrent.ThreadPoolExecutor$Worker.run(ThreadPoolExecutor.java:624)
        at java.lang.Thread.run(Thread.java:748)
"Command processor thread" daemon prio=5 tid=2029 timed_waiting
java.lang.Thread.State: TIMED_WAITING
        at java.lang.Thread.sleep(Native Method)
        at org.apache.hadoop.ozone.container.common.statemachine.DatanodeStateMachine.lambda$initCommandHandlerThread$1(DatanodeStateMachine.java:444)
        at org.apache.hadoop.ozone.container.common.statemachine.DatanodeStateMachine$$Lambda$142/1059342576.run(Unknown Source)
        at java.lang.Thread.run(Thread.java:748)
"pool-188-thread-56"  prio=5 tid=2580 in Object.wait()
java.lang.Thread.State: WAITING (on object monitor)
        at sun.misc.Unsafe.park(Native Method)
        at java.util.concurrent.locks.LockSupport.park(LockSupport.java:175)
        at java.util.concurrent.locks.AbstractQueuedSynchronizer$ConditionObject.await(AbstractQueuedSynchronizer.java:2039)
        at java.util.concurrent.ArrayBlockingQueue.take(ArrayBlockingQueue.java:403)
        at java.util.concurrent.ThreadPoolExecutor.getTask(ThreadPoolExecutor.java:1074)
        at java.util.concurrent.ThreadPoolExecutor.runWorker(ThreadPoolExecutor.java:1134)
        at java.util.concurrent.ThreadPoolExecutor$Worker.run(ThreadPoolExecutor.java:624)
        at java.lang.Thread.run(Thread.java:748)
"IPC Server handler 1 on 35120" daemon prio=5 tid=1890 timed_waiting
java.lang.Thread.State: TIMED_WAITING
        at sun.misc.Unsafe.park(Native Method)
        at java.util.concurrent.locks.LockSupport.parkNanos(LockSupport.java:215)
        at java.util.concurrent.locks.AbstractQueuedSynchronizer$ConditionObject.awaitNanos(AbstractQueuedSynchronizer.java:2078)
        at java.util.concurrent.LinkedBlockingQueue.poll(LinkedBlockingQueue.java:467)
        at org.apache.hadoop.ipc.CallQueueManager.take(CallQueueManager.java:288)
        at org.apache.hadoop.ipc.Server$Handler.run(Server.java:2668)
"IPC Server handler 17 on 40581" daemon prio=5 tid=1926 timed_waiting
java.lang.Thread.State: TIMED_WAITING
        at sun.misc.Unsafe.park(Native Method)
        at java.util.concurrent.locks.LockSupport.parkNanos(LockSupport.java:215)
        at java.util.concurrent.locks.AbstractQueuedSynchronizer$ConditionObject.awaitNanos(AbstractQueuedSynchronizer.java:2078)
        at java.util.concurrent.LinkedBlockingQueue.poll(LinkedBlockingQueue.java:467)
        at org.apache.hadoop.ipc.CallQueueManager.take(CallQueueManager.java:288)
        at org.apache.hadoop.ipc.Server$Handler.run(Server.java:2668)
"PartialTableCache Cleanup Thread - 0" daemon prio=5 tid=3073 in Object.wait()
java.lang.Thread.State: WAITING (on object monitor)
        at sun.misc.Unsafe.park(Native Method)
        at java.util.concurrent.locks.LockSupport.park(LockSupport.java:175)
        at java.util.concurrent.locks.AbstractQueuedSynchronizer$ConditionObject.await(AbstractQueuedSynchronizer.java:2039)
        at java.util.concurrent.LinkedBlockingQueue.take(LinkedBlockingQueue.java:442)
        at java.util.concurrent.ThreadPoolExecutor.getTask(ThreadPoolExecutor.java:1074)
        at java.util.concurrent.ThreadPoolExecutor.runWorker(ThreadPoolExecutor.java:1134)
        at java.util.concurrent.ThreadPoolExecutor$Worker.run(ThreadPoolExecutor.java:624)
        at java.lang.Thread.run(Thread.java:748)
"pool-158-thread-42"  prio=5 tid=2380 in Object.wait()
java.lang.Thread.State: WAITING (on object monitor)
        at sun.misc.Unsafe.park(Native Method)
        at java.util.concurrent.locks.LockSupport.park(LockSupport.java:175)
        at java.util.concurrent.locks.AbstractQueuedSynchronizer$ConditionObject.await(AbstractQueuedSynchronizer.java:2039)
        at java.util.concurrent.ArrayBlockingQueue.take(ArrayBlockingQueue.java:403)
        at java.util.concurrent.ThreadPoolExecutor.getTask(ThreadPoolExecutor.java:1074)
        at java.util.concurrent.ThreadPoolExecutor.runWorker(ThreadPoolExecutor.java:1134)
        at java.util.concurrent.ThreadPoolExecutor$Worker.run(ThreadPoolExecutor.java:624)
        at java.lang.Thread.run(Thread.java:748)
"pool-148-thread-23"  prio=5 tid=2298 in Object.wait()
java.lang.Thread.State: WAITING (on object monitor)
        at sun.misc.Unsafe.park(Native Method)
        at java.util.concurrent.locks.LockSupport.park(LockSupport.java:175)
        at java.util.concurrent.locks.AbstractQueuedSynchronizer$ConditionObject.await(AbstractQueuedSynchronizer.java:2039)
        at java.util.concurrent.ArrayBlockingQueue.take(ArrayBlockingQueue.java:403)
        at java.util.concurrent.ThreadPoolExecutor.getTask(ThreadPoolExecutor.java:1074)
        at java.util.concurrent.ThreadPoolExecutor.runWorker(ThreadPoolExecutor.java:1134)
        at java.util.concurrent.ThreadPoolExecutor$Worker.run(ThreadPoolExecutor.java:624)
        at java.lang.Thread.run(Thread.java:748)
"org.apache.ratis.server.impl.LogAppender$AppenderDaemon$$Lambda$466/1042245461@2abfa729" daemon prio=5 tid=3212 timed_waiting
java.lang.Thread.State: TIMED_WAITING
        at java.lang.Object.wait(Native Method)
        at org.apache.ratis.grpc.server.GrpcLogAppender.mayWait(GrpcLogAppender.java:149)
        at org.apache.ratis.grpc.server.GrpcLogAppender.runAppenderImpl(GrpcLogAppender.java:103)
        at org.apache.ratis.server.impl.LogAppender$AppenderDaemon.run(LogAppender.java:76)
        at org.apache.ratis.server.impl.LogAppender$AppenderDaemon$$Lambda$466/1042245461.run(Unknown Source)
        at java.lang.Thread.run(Thread.java:748)
"pool-168-thread-51"  prio=5 tid=2451 in Object.wait()
java.lang.Thread.State: WAITING (on object monitor)
        at sun.misc.Unsafe.park(Native Method)
        at java.util.concurrent.locks.LockSupport.park(LockSupport.java:175)
        at java.util.concurrent.locks.AbstractQueuedSynchronizer$ConditionObject.await(AbstractQueuedSynchronizer.java:2039)
        at java.util.concurrent.ArrayBlockingQueue.take(ArrayBlockingQueue.java:403)
        at java.util.concurrent.ThreadPoolExecutor.getTask(ThreadPoolExecutor.java:1074)
        at java.util.concurrent.ThreadPoolExecutor.runWorker(ThreadPoolExecutor.java:1134)
        at java.util.concurrent.ThreadPoolExecutor$Worker.run(ThreadPoolExecutor.java:624)
        at java.lang.Thread.run(Thread.java:748)
"IPC Server handler 0 on 40581" daemon prio=5 tid=1909 timed_waiting
java.lang.Thread.State: TIMED_WAITING
        at sun.misc.Unsafe.park(Native Method)
        at java.util.concurrent.locks.LockSupport.parkNanos(LockSupport.java:215)
        at java.util.concurrent.locks.AbstractQueuedSynchronizer$ConditionObject.awaitNanos(AbstractQueuedSynchronizer.java:2078)
        at java.util.concurrent.LinkedBlockingQueue.poll(LinkedBlockingQueue.java:467)
        at org.apache.hadoop.ipc.CallQueueManager.take(CallQueueManager.java:288)
        at org.apache.hadoop.ipc.Server$Handler.run(Server.java:2668)
"pool-238-thread-24"  prio=5 tid=2858 in Object.wait()
java.lang.Thread.State: WAITING (on object monitor)
        at sun.misc.Unsafe.park(Native Method)
        at java.util.concurrent.locks.LockSupport.park(LockSupport.java:175)
        at java.util.concurrent.locks.AbstractQueuedSynchronizer$ConditionObject.await(AbstractQueuedSynchronizer.java:2039)
        at java.util.concurrent.ArrayBlockingQueue.take(ArrayBlockingQueue.java:403)
        at java.util.concurrent.ThreadPoolExecutor.getTask(ThreadPoolExecutor.java:1074)
        at java.util.concurrent.ThreadPoolExecutor.runWorker(ThreadPoolExecutor.java:1134)
        at java.util.concurrent.ThreadPoolExecutor$Worker.run(ThreadPoolExecutor.java:624)
        at java.lang.Thread.run(Thread.java:748)
"pool-238-thread-23"  prio=5 tid=2857 in Object.wait()
java.lang.Thread.State: WAITING (on object monitor)
        at sun.misc.Unsafe.park(Native Method)
        at java.util.concurrent.locks.LockSupport.park(LockSupport.java:175)
        at java.util.concurrent.locks.AbstractQueuedSynchronizer$ConditionObject.await(AbstractQueuedSynchronizer.java:2039)
        at java.util.concurrent.ArrayBlockingQueue.take(ArrayBlockingQueue.java:403)
        at java.util.concurrent.ThreadPoolExecutor.getTask(ThreadPoolExecutor.java:1074)
        at java.util.concurrent.ThreadPoolExecutor.runWorker(ThreadPoolExecutor.java:1134)
        at java.util.concurrent.ThreadPoolExecutor$Worker.run(ThreadPoolExecutor.java:624)
        at java.lang.Thread.run(Thread.java:748)
"pool-148-thread-16"  prio=5 tid=2291 in Object.wait()
java.lang.Thread.State: WAITING (on object monitor)
        at sun.misc.Unsafe.park(Native Method)
        at java.util.concurrent.locks.LockSupport.park(LockSupport.java:175)
        at java.util.concurrent.locks.AbstractQueuedSynchronizer$ConditionObject.await(AbstractQueuedSynchronizer.java:2039)
        at java.util.concurrent.ArrayBlockingQueue.take(ArrayBlockingQueue.java:403)
        at java.util.concurrent.ThreadPoolExecutor.getTask(ThreadPoolExecutor.java:1074)
        at java.util.concurrent.ThreadPoolExecutor.runWorker(ThreadPoolExecutor.java:1134)
        at java.util.concurrent.ThreadPoolExecutor$Worker.run(ThreadPoolExecutor.java:624)
        at java.lang.Thread.run(Thread.java:748)
"pool-199-thread-1"  prio=5 tid=2946 in Object.wait()
java.lang.Thread.State: WAITING (on object monitor)
        at sun.misc.Unsafe.park(Native Method)
        at java.util.concurrent.locks.LockSupport.park(LockSupport.java:175)
        at java.util.concurrent.locks.AbstractQueuedSynchronizer$ConditionObject.await(AbstractQueuedSynchronizer.java:2039)
        at java.util.concurrent.LinkedBlockingQueue.take(LinkedBlockingQueue.java:442)
        at java.util.concurrent.ThreadPoolExecutor.getTask(ThreadPoolExecutor.java:1074)
        at java.util.concurrent.ThreadPoolExecutor.runWorker(ThreadPoolExecutor.java:1134)
        at java.util.concurrent.ThreadPoolExecutor$Worker.run(ThreadPoolExecutor.java:624)
        at java.lang.Thread.run(Thread.java:748)
"qtp769195805-2013" daemon prio=5 tid=2013 runnable
java.lang.Thread.State: RUNNABLE
        at sun.nio.ch.EPollArrayWrapper.epollWait(Native Method)
        at sun.nio.ch.EPollArrayWrapper.poll(EPollArrayWrapper.java:269)
        at sun.nio.ch.EPollSelectorImpl.doSelect(EPollSelectorImpl.java:93)
        at sun.nio.ch.SelectorImpl.lockAndDoSelect(SelectorImpl.java:86)
        at sun.nio.ch.SelectorImpl.select(SelectorImpl.java:97)
        at sun.nio.ch.SelectorImpl.select(SelectorImpl.java:101)
        at org.eclipse.jetty.io.ManagedSelector$SelectorProducer.select(ManagedSelector.java:243)
        at org.eclipse.jetty.io.ManagedSelector$SelectorProducer.produce(ManagedSelector.java:191)
        at org.eclipse.jetty.util.thread.strategy.ExecuteProduceConsume.executeProduceConsume(ExecuteProduceConsume.java:249)
        at org.eclipse.jetty.util.thread.strategy.ExecuteProduceConsume.produceConsume(ExecuteProduceConsume.java:148)
        at org.eclipse.jetty.util.thread.strategy.ExecuteProduceConsume.execute(ExecuteProduceConsume.java:100)
        at org.eclipse.jetty.io.ManagedSelector.run(ManagedSelector.java:147)
        at org.eclipse.jetty.util.thread.QueuedThreadPool.runJob(QueuedThreadPool.java:671)
        at org.eclipse.jetty.util.thread.QueuedThreadPool$2.run(QueuedThreadPool.java:589)
        at java.lang.Thread.run(Thread.java:748)
"pool-168-thread-33"  prio=5 tid=2433 in Object.wait()
java.lang.Thread.State: WAITING (on object monitor)
        at sun.misc.Unsafe.park(Native Method)
        at java.util.concurrent.locks.LockSupport.park(LockSupport.java:175)
        at java.util.concurrent.locks.AbstractQueuedSynchronizer$ConditionObject.await(AbstractQueuedSynchronizer.java:2039)
        at java.util.concurrent.ArrayBlockingQueue.take(ArrayBlockingQueue.java:403)
        at java.util.concurrent.ThreadPoolExecutor.getTask(ThreadPoolExecutor.java:1074)
        at java.util.concurrent.ThreadPoolExecutor.runWorker(ThreadPoolExecutor.java:1134)
        at java.util.concurrent.ThreadPoolExecutor$Worker.run(ThreadPoolExecutor.java:624)
        at java.lang.Thread.run(Thread.java:748)
"pool-148-thread-43"  prio=5 tid=2318 in Object.wait()
java.lang.Thread.State: WAITING (on object monitor)
        at sun.misc.Unsafe.park(Native Method)
        at java.util.concurrent.locks.LockSupport.park(LockSupport.java:175)
        at java.util.concurrent.locks.AbstractQueuedSynchronizer$ConditionObject.await(AbstractQueuedSynchronizer.java:2039)
        at java.util.concurrent.ArrayBlockingQueue.take(ArrayBlockingQueue.java:403)
        at java.util.concurrent.ThreadPoolExecutor.getTask(ThreadPoolExecutor.java:1074)
        at java.util.concurrent.ThreadPoolExecutor.runWorker(ThreadPoolExecutor.java:1134)
        at java.util.concurrent.ThreadPoolExecutor$Worker.run(ThreadPoolExecutor.java:624)
        at java.lang.Thread.run(Thread.java:748)
"pool-208-thread-15"  prio=5 tid=2663 in Object.wait()
java.lang.Thread.State: WAITING (on object monitor)
        at sun.misc.Unsafe.park(Native Method)
        at java.util.concurrent.locks.LockSupport.park(LockSupport.java:175)
        at java.util.concurrent.locks.AbstractQueuedSynchronizer$ConditionObject.await(AbstractQueuedSynchronizer.java:2039)
        at java.util.concurrent.ArrayBlockingQueue.take(ArrayBlockingQueue.java:403)
        at java.util.concurrent.ThreadPoolExecutor.getTask(ThreadPoolExecutor.java:1074)
        at java.util.concurrent.ThreadPoolExecutor.runWorker(ThreadPoolExecutor.java:1134)
        at java.util.concurrent.ThreadPoolExecutor$Worker.run(ThreadPoolExecutor.java:624)
        at java.lang.Thread.run(Thread.java:748)
"pool-198-thread-23"  prio=5 tid=2609 in Object.wait()
java.lang.Thread.State: WAITING (on object monitor)
        at sun.misc.Unsafe.park(Native Method)
        at java.util.concurrent.locks.LockSupport.park(LockSupport.java:175)
        at java.util.concurrent.locks.AbstractQueuedSynchronizer$ConditionObject.await(AbstractQueuedSynchronizer.java:2039)
        at java.util.concurrent.ArrayBlockingQueue.take(ArrayBlockingQueue.java:403)
        at java.util.concurrent.ThreadPoolExecutor.getTask(ThreadPoolExecutor.java:1074)
        at java.util.concurrent.ThreadPoolExecutor.runWorker(ThreadPoolExecutor.java:1134)
        at java.util.concurrent.ThreadPoolExecutor$Worker.run(ThreadPoolExecutor.java:624)
        at java.lang.Thread.run(Thread.java:748)
"EventQueue-DatanodeCommandForSCMNodeManager"  prio=5 tid=3109 in Object.wait()
java.lang.Thread.State: WAITING (on object monitor)
        at sun.misc.Unsafe.park(Native Method)
        at java.util.concurrent.locks.LockSupport.park(LockSupport.java:175)
        at java.util.concurrent.locks.AbstractQueuedSynchronizer$ConditionObject.await(AbstractQueuedSynchronizer.java:2039)
        at java.util.concurrent.LinkedBlockingQueue.take(LinkedBlockingQueue.java:442)
        at java.util.concurrent.ThreadPoolExecutor.getTask(ThreadPoolExecutor.java:1074)
        at java.util.concurrent.ThreadPoolExecutor.runWorker(ThreadPoolExecutor.java:1134)
        at java.util.concurrent.ThreadPoolExecutor$Worker.run(ThreadPoolExecutor.java:624)
        at java.lang.Thread.run(Thread.java:748)
"Datanode ReportManager Thread - 2" daemon prio=5 tid=2054 in Object.wait()
java.lang.Thread.State: WAITING (on object monitor)
        at sun.misc.Unsafe.park(Native Method)
        at java.util.concurrent.locks.LockSupport.park(LockSupport.java:175)
        at java.util.concurrent.locks.AbstractQueuedSynchronizer$ConditionObject.await(AbstractQueuedSynchronizer.java:2039)
        at java.util.concurrent.ScheduledThreadPoolExecutor$DelayedWorkQueue.take(ScheduledThreadPoolExecutor.java:1088)
        at java.util.concurrent.ScheduledThreadPoolExecutor$DelayedWorkQueue.take(ScheduledThreadPoolExecutor.java:809)
        at java.util.concurrent.ThreadPoolExecutor.getTask(ThreadPoolExecutor.java:1074)
        at java.util.concurrent.ThreadPoolExecutor.runWorker(ThreadPoolExecutor.java:1134)
        at java.util.concurrent.ThreadPoolExecutor$Worker.run(ThreadPoolExecutor.java:624)
        at java.lang.Thread.run(Thread.java:748)
"pool-218-thread-17"  prio=5 tid=2727 in Object.wait()
java.lang.Thread.State: WAITING (on object monitor)
        at sun.misc.Unsafe.park(Native Method)
        at java.util.concurrent.locks.LockSupport.park(LockSupport.java:175)
        at java.util.concurrent.locks.AbstractQueuedSynchronizer$ConditionObject.await(AbstractQueuedSynchronizer.java:2039)
        at java.util.concurrent.ArrayBlockingQueue.take(ArrayBlockingQueue.java:403)
        at java.util.concurrent.ThreadPoolExecutor.getTask(ThreadPoolExecutor.java:1074)
        at java.util.concurrent.ThreadPoolExecutor.runWorker(ThreadPoolExecutor.java:1134)
        at java.util.concurrent.ThreadPoolExecutor$Worker.run(ThreadPoolExecutor.java:624)
        at java.lang.Thread.run(Thread.java:748)
"pool-218-thread-24"  prio=5 tid=2734 in Object.wait()
java.lang.Thread.State: WAITING (on object monitor)
        at sun.misc.Unsafe.park(Native Method)
        at java.util.concurrent.locks.LockSupport.park(LockSupport.java:175)
        at java.util.concurrent.locks.AbstractQueuedSynchronizer$ConditionObject.await(AbstractQueuedSynchronizer.java:2039)
        at java.util.concurrent.ArrayBlockingQueue.take(ArrayBlockingQueue.java:403)
        at java.util.concurrent.ThreadPoolExecutor.getTask(ThreadPoolExecutor.java:1074)
        at java.util.concurrent.ThreadPoolExecutor.runWorker(ThreadPoolExecutor.java:1134)
        at java.util.concurrent.ThreadPoolExecutor$Worker.run(ThreadPoolExecutor.java:624)
        at java.lang.Thread.run(Thread.java:748)
"pool-168-thread-8"  prio=5 tid=2408 in Object.wait()
java.lang.Thread.State: WAITING (on object monitor)
        at sun.misc.Unsafe.park(Native Method)
        at java.util.concurrent.locks.LockSupport.park(LockSupport.java:175)
        at java.util.concurrent.locks.AbstractQueuedSynchronizer$ConditionObject.await(AbstractQueuedSynchronizer.java:2039)
        at java.util.concurrent.ArrayBlockingQueue.take(ArrayBlockingQueue.java:403)
        at java.util.concurrent.ThreadPoolExecutor.getTask(ThreadPoolExecutor.java:1074)
        at java.util.concurrent.ThreadPoolExecutor.runWorker(ThreadPoolExecutor.java:1134)
        at java.util.concurrent.ThreadPoolExecutor$Worker.run(ThreadPoolExecutor.java:624)
        at java.lang.Thread.run(Thread.java:748)
"org.eclipse.jetty.server.session.HashSessionManager@69aa7d76Timer" daemon prio=5 tid=2212 timed_waiting
java.lang.Thread.State: TIMED_WAITING
        at sun.misc.Unsafe.park(Native Method)
        at java.util.concurrent.locks.LockSupport.parkNanos(LockSupport.java:215)
        at java.util.concurrent.locks.AbstractQueuedSynchronizer$ConditionObject.awaitNanos(AbstractQueuedSynchronizer.java:2078)
        at java.util.concurrent.ScheduledThreadPoolExecutor$DelayedWorkQueue.take(ScheduledThreadPoolExecutor.java:1093)
        at java.util.concurrent.ScheduledThreadPoolExecutor$DelayedWorkQueue.take(ScheduledThreadPoolExecutor.java:809)
        at java.util.concurrent.ThreadPoolExecutor.getTask(ThreadPoolExecutor.java:1074)
        at java.util.concurrent.ThreadPoolExecutor.runWorker(ThreadPoolExecutor.java:1134)
        at java.util.concurrent.ThreadPoolExecutor$Worker.run(ThreadPoolExecutor.java:624)
        at java.lang.Thread.run(Thread.java:748)
"Datanode ReportManager Thread - 3" daemon prio=5 tid=228 in Object.wait()
java.lang.Thread.State: WAITING (on object monitor)
        at sun.misc.Unsafe.park(Native Method)
        at java.util.concurrent.locks.LockSupport.park(LockSupport.java:175)
        at java.util.concurrent.locks.AbstractQueuedSynchronizer$ConditionObject.await(AbstractQueuedSynchronizer.java:2039)
        at java.util.concurrent.ScheduledThreadPoolExecutor$DelayedWorkQueue.take(ScheduledThreadPoolExecutor.java:1088)
        at java.util.concurrent.ScheduledThreadPoolExecutor$DelayedWorkQueue.take(ScheduledThreadPoolExecutor.java:809)
        at java.util.concurrent.ThreadPoolExecutor.getTask(ThreadPoolExecutor.java:1074)
        at java.util.concurrent.ThreadPoolExecutor.runWorker(ThreadPoolExecutor.java:1134)
        at java.util.concurrent.ThreadPoolExecutor$Worker.run(ThreadPoolExecutor.java:624)
        at java.lang.Thread.run(Thread.java:748)
"grpc-shared-destroyer-0" daemon prio=5 tid=1872 in Object.wait()
java.lang.Thread.State: WAITING (on object monitor)
        at sun.misc.Unsafe.park(Native Method)
        at java.util.concurrent.locks.LockSupport.park(LockSupport.java:175)
        at java.util.concurrent.locks.AbstractQueuedSynchronizer$ConditionObject.await(AbstractQueuedSynchronizer.java:2039)
        at java.util.concurrent.ScheduledThreadPoolExecutor$DelayedWorkQueue.take(ScheduledThreadPoolExecutor.java:1081)
        at java.util.concurrent.ScheduledThreadPoolExecutor$DelayedWorkQueue.take(ScheduledThreadPoolExecutor.java:809)
        at java.util.concurrent.ThreadPoolExecutor.getTask(ThreadPoolExecutor.java:1074)
        at java.util.concurrent.ThreadPoolExecutor.runWorker(ThreadPoolExecutor.java:1134)
        at java.util.concurrent.ThreadPoolExecutor$Worker.run(ThreadPoolExecutor.java:624)
        at java.lang.Thread.run(Thread.java:748)
"Datanode ReportManager Thread - 2" daemon prio=5 tid=2216 in Object.wait()
java.lang.Thread.State: WAITING (on object monitor)
        at sun.misc.Unsafe.park(Native Method)
        at java.util.concurrent.locks.LockSupport.park(LockSupport.java:175)
        at java.util.concurrent.locks.AbstractQueuedSynchronizer$ConditionObject.await(AbstractQueuedSynchronizer.java:2039)
        at java.util.concurrent.ScheduledThreadPoolExecutor$DelayedWorkQueue.take(ScheduledThreadPoolExecutor.java:1088)
        at java.util.concurrent.ScheduledThreadPoolExecutor$DelayedWorkQueue.take(ScheduledThreadPoolExecutor.java:809)
        at java.util.concurrent.ThreadPoolExecutor.getTask(ThreadPoolExecutor.java:1074)
        at java.util.concurrent.ThreadPoolExecutor.runWorker(ThreadPoolExecutor.java:1134)
        at java.util.concurrent.ThreadPoolExecutor$Worker.run(ThreadPoolExecutor.java:624)
        at java.lang.Thread.run(Thread.java:748)
"qtp2010856706-2207" daemon prio=5 tid=2207 timed_waiting
java.lang.Thread.State: TIMED_WAITING
        at sun.misc.Unsafe.park(Native Method)
        at java.util.concurrent.locks.LockSupport.parkNanos(LockSupport.java:215)
        at java.util.concurrent.locks.AbstractQueuedSynchronizer$ConditionObject.awaitNanos(AbstractQueuedSynchronizer.java:2078)
        at org.eclipse.jetty.util.BlockingArrayQueue.poll(BlockingArrayQueue.java:392)
        at org.eclipse.jetty.util.thread.QueuedThreadPool.idleJobPoll(QueuedThreadPool.java:563)
        at org.eclipse.jetty.util.thread.QueuedThreadPool.access$800(QueuedThreadPool.java:48)
        at org.eclipse.jetty.util.thread.QueuedThreadPool$2.run(QueuedThreadPool.java:626)
        at java.lang.Thread.run(Thread.java:748)
"pool-228-thread-10"  prio=5 tid=2782 in Object.wait()
java.lang.Thread.State: WAITING (on object monitor)
        at sun.misc.Unsafe.park(Native Method)
        at java.util.concurrent.locks.LockSupport.park(LockSupport.java:175)
        at java.util.concurrent.locks.AbstractQueuedSynchronizer$ConditionObject.await(AbstractQueuedSynchronizer.java:2039)
        at java.util.concurrent.ArrayBlockingQueue.take(ArrayBlockingQueue.java:403)
        at java.util.concurrent.ThreadPoolExecutor.getTask(ThreadPoolExecutor.java:1074)
        at java.util.concurrent.ThreadPoolExecutor.runWorker(ThreadPoolExecutor.java:1134)
        at java.util.concurrent.ThreadPoolExecutor$Worker.run(ThreadPoolExecutor.java:624)
        at java.lang.Thread.run(Thread.java:748)
"Datanode ReportManager Thread - 1" daemon prio=5 tid=226 in Object.wait()
java.lang.Thread.State: WAITING (on object monitor)
        at sun.misc.Unsafe.park(Native Method)
        at java.util.concurrent.locks.LockSupport.park(LockSupport.java:175)
        at java.util.concurrent.locks.AbstractQueuedSynchronizer$ConditionObject.await(AbstractQueuedSynchronizer.java:2039)
        at java.util.concurrent.ScheduledThreadPoolExecutor$DelayedWorkQueue.take(ScheduledThreadPoolExecutor.java:1088)
        at java.util.concurrent.ScheduledThreadPoolExecutor$DelayedWorkQueue.take(ScheduledThreadPoolExecutor.java:809)
        at java.util.concurrent.ThreadPoolExecutor.getTask(ThreadPoolExecutor.java:1074)
        at java.util.concurrent.ThreadPoolExecutor.runWorker(ThreadPoolExecutor.java:1134)
        at java.util.concurrent.ThreadPoolExecutor$Worker.run(ThreadPoolExecutor.java:624)
        at java.lang.Thread.run(Thread.java:748)
"pool-198-thread-28"  prio=5 tid=2614 in Object.wait()
java.lang.Thread.State: WAITING (on object monitor)
        at sun.misc.Unsafe.park(Native Method)
        at java.util.concurrent.locks.LockSupport.park(LockSupport.java:175)
        at java.util.concurrent.locks.AbstractQueuedSynchronizer$ConditionObject.await(AbstractQueuedSynchronizer.java:2039)
        at java.util.concurrent.ArrayBlockingQueue.take(ArrayBlockingQueue.java:403)
        at java.util.concurrent.ThreadPoolExecutor.getTask(ThreadPoolExecutor.java:1074)
        at java.util.concurrent.ThreadPoolExecutor.runWorker(ThreadPoolExecutor.java:1134)
        at java.util.concurrent.ThreadPoolExecutor$Worker.run(ThreadPoolExecutor.java:624)
        at java.lang.Thread.run(Thread.java:748)
"pool-198-thread-14"  prio=5 tid=2600 in Object.wait()
java.lang.Thread.State: WAITING (on object monitor)
        at sun.misc.Unsafe.park(Native Method)
        at java.util.concurrent.locks.LockSupport.park(LockSupport.java:175)
        at java.util.concurrent.locks.AbstractQueuedSynchronizer$ConditionObject.await(AbstractQueuedSynchronizer.java:2039)
        at java.util.concurrent.ArrayBlockingQueue.take(ArrayBlockingQueue.java:403)
        at java.util.concurrent.ThreadPoolExecutor.getTask(ThreadPoolExecutor.java:1074)
        at java.util.concurrent.ThreadPoolExecutor.runWorker(ThreadPoolExecutor.java:1134)
        at java.util.concurrent.ThreadPoolExecutor$Worker.run(ThreadPoolExecutor.java:624)
        at java.lang.Thread.run(Thread.java:748)
"pool-158-thread-17"  prio=5 tid=2355 in Object.wait()
java.lang.Thread.State: WAITING (on object monitor)
        at sun.misc.Unsafe.park(Native Method)
        at java.util.concurrent.locks.LockSupport.park(LockSupport.java:175)
        at java.util.concurrent.locks.AbstractQueuedSynchronizer$ConditionObject.await(AbstractQueuedSynchronizer.java:2039)
        at java.util.concurrent.ArrayBlockingQueue.take(ArrayBlockingQueue.java:403)
        at java.util.concurrent.ThreadPoolExecutor.getTask(ThreadPoolExecutor.java:1074)
        at java.util.concurrent.ThreadPoolExecutor.runWorker(ThreadPoolExecutor.java:1134)
        at java.util.concurrent.ThreadPoolExecutor$Worker.run(ThreadPoolExecutor.java:624)
        at java.lang.Thread.run(Thread.java:748)
"pool-148-thread-39"  prio=5 tid=2314 in Object.wait()
java.lang.Thread.State: WAITING (on object monitor)
        at sun.misc.Unsafe.park(Native Method)
        at java.util.concurrent.locks.LockSupport.park(LockSupport.java:175)
        at java.util.concurrent.locks.AbstractQueuedSynchronizer$ConditionObject.await(AbstractQueuedSynchronizer.java:2039)
        at java.util.concurrent.ArrayBlockingQueue.take(ArrayBlockingQueue.java:403)
        at java.util.concurrent.ThreadPoolExecutor.getTask(ThreadPoolExecutor.java:1074)
        at java.util.concurrent.ThreadPoolExecutor.runWorker(ThreadPoolExecutor.java:1134)
        at java.util.concurrent.ThreadPoolExecutor$Worker.run(ThreadPoolExecutor.java:624)
        at java.lang.Thread.run(Thread.java:748)
"Datanode State Machine Thread - 0" daemon prio=5 tid=2213 timed_waiting
java.lang.Thread.State: TIMED_WAITING
        at java.lang.Thread.sleep(Native Method)
        at org.apache.hadoop.ozone.container.common.statemachine.DatanodeStateMachine.start(DatanodeStateMachine.java:196)
        at org.apache.hadoop.ozone.container.common.statemachine.DatanodeStateMachine.lambda$startDaemon$0(DatanodeStateMachine.java:354)
        at org.apache.hadoop.ozone.container.common.statemachine.DatanodeStateMachine$$Lambda$141/502066023.run(Unknown Source)
        at java.lang.Thread.run(Thread.java:748)
"pool-178-thread-19"  prio=5 tid=2481 in Object.wait()
java.lang.Thread.State: WAITING (on object monitor)
        at sun.misc.Unsafe.park(Native Method)
        at java.util.concurrent.locks.LockSupport.park(LockSupport.java:175)
        at java.util.concurrent.locks.AbstractQueuedSynchronizer$ConditionObject.await(AbstractQueuedSynchronizer.java:2039)
        at java.util.concurrent.ArrayBlockingQueue.take(ArrayBlockingQueue.java:403)
        at java.util.concurrent.ThreadPoolExecutor.getTask(ThreadPoolExecutor.java:1074)
        at java.util.concurrent.ThreadPoolExecutor.runWorker(ThreadPoolExecutor.java:1134)
        at java.util.concurrent.ThreadPoolExecutor$Worker.run(ThreadPoolExecutor.java:624)
        at java.lang.Thread.run(Thread.java:748)
"pool-176-thread-1" daemon prio=5 tid=2091 timed_waiting
java.lang.Thread.State: TIMED_WAITING
        at sun.misc.Unsafe.park(Native Method)
        at java.util.concurrent.locks.LockSupport.parkNanos(LockSupport.java:215)
        at java.util.concurrent.locks.AbstractQueuedSynchronizer$ConditionObject.awaitNanos(AbstractQueuedSynchronizer.java:2078)
        at java.util.concurrent.ScheduledThreadPoolExecutor$DelayedWorkQueue.take(ScheduledThreadPoolExecutor.java:1093)
        at java.util.concurrent.ScheduledThreadPoolExecutor$DelayedWorkQueue.take(ScheduledThreadPoolExecutor.java:809)
        at java.util.concurrent.ThreadPoolExecutor.getTask(ThreadPoolExecutor.java:1074)
        at java.util.concurrent.ThreadPoolExecutor.runWorker(ThreadPoolExecutor.java:1134)
        at java.util.concurrent.ThreadPoolExecutor$Worker.run(ThreadPoolExecutor.java:624)
        at java.lang.Thread.run(Thread.java:748)
"pool-188-thread-33"  prio=5 tid=2557 in Object.wait()
java.lang.Thread.State: WAITING (on object monitor)
        at sun.misc.Unsafe.park(Native Method)
        at java.util.concurrent.locks.LockSupport.park(LockSupport.java:175)
        at java.util.concurrent.locks.AbstractQueuedSynchronizer$ConditionObject.await(AbstractQueuedSynchronizer.java:2039)
        at java.util.concurrent.ArrayBlockingQueue.take(ArrayBlockingQueue.java:403)
        at java.util.concurrent.ThreadPoolExecutor.getTask(ThreadPoolExecutor.java:1074)
        at java.util.concurrent.ThreadPoolExecutor.runWorker(ThreadPoolExecutor.java:1134)
        at java.util.concurrent.ThreadPoolExecutor$Worker.run(ThreadPoolExecutor.java:624)
        at java.lang.Thread.run(Thread.java:748)
"c182b01b-afca-4fcd-8295-9462a850df3a@group-529DDC391E9C-SegmentedRaftLogWorker"  prio=5 tid=3132 timed_waiting
java.lang.Thread.State: TIMED_WAITING
        at sun.misc.Unsafe.park(Native Method)
        at java.util.concurrent.locks.LockSupport.parkNanos(LockSupport.java:215)
        at java.util.concurrent.locks.AbstractQueuedSynchronizer$ConditionObject.awaitNanos(AbstractQueuedSynchronizer.java:2078)
        at org.apache.ratis.util.DataBlockingQueue.poll(DataBlockingQueue.java:137)
        at org.apache.ratis.server.raftlog.segmented.SegmentedRaftLogWorker.run(SegmentedRaftLogWorker.java:282)
        at java.lang.Thread.run(Thread.java:748)
"pool-218-thread-2"  prio=5 tid=2712 in Object.wait()
java.lang.Thread.State: WAITING (on object monitor)
        at sun.misc.Unsafe.park(Native Method)
        at java.util.concurrent.locks.LockSupport.park(LockSupport.java:175)
        at java.util.concurrent.locks.AbstractQueuedSynchronizer$ConditionObject.await(AbstractQueuedSynchronizer.java:2039)
        at java.util.concurrent.ArrayBlockingQueue.take(ArrayBlockingQueue.java:403)
        at java.util.concurrent.ThreadPoolExecutor.getTask(ThreadPoolExecutor.java:1074)
        at java.util.concurrent.ThreadPoolExecutor.runWorker(ThreadPoolExecutor.java:1134)
        at java.util.concurrent.ThreadPoolExecutor$Worker.run(ThreadPoolExecutor.java:624)
        at java.lang.Thread.run(Thread.java:748)
"pool-228-thread-50"  prio=5 tid=2822 in Object.wait()
java.lang.Thread.State: WAITING (on object monitor)
        at sun.misc.Unsafe.park(Native Method)
        at java.util.concurrent.locks.LockSupport.park(LockSupport.java:175)
        at java.util.concurrent.locks.AbstractQueuedSynchronizer$ConditionObject.await(AbstractQueuedSynchronizer.java:2039)
        at java.util.concurrent.ArrayBlockingQueue.take(ArrayBlockingQueue.java:403)
        at java.util.concurrent.ThreadPoolExecutor.getTask(ThreadPoolExecutor.java:1074)
        at java.util.concurrent.ThreadPoolExecutor.runWorker(ThreadPoolExecutor.java:1134)
        at java.util.concurrent.ThreadPoolExecutor$Worker.run(ThreadPoolExecutor.java:624)
        at java.lang.Thread.run(Thread.java:748)
"pool-238-thread-44"  prio=5 tid=2878 in Object.wait()
java.lang.Thread.State: WAITING (on object monitor)
        at sun.misc.Unsafe.park(Native Method)
        at java.util.concurrent.locks.LockSupport.park(LockSupport.java:175)
        at java.util.concurrent.locks.AbstractQueuedSynchronizer$ConditionObject.await(AbstractQueuedSynchronizer.java:2039)
        at java.util.concurrent.ArrayBlockingQueue.take(ArrayBlockingQueue.java:403)
        at java.util.concurrent.ThreadPoolExecutor.getTask(ThreadPoolExecutor.java:1074)
        at java.util.concurrent.ThreadPoolExecutor.runWorker(ThreadPoolExecutor.java:1134)
        at java.util.concurrent.ThreadPoolExecutor$Worker.run(ThreadPoolExecutor.java:624)
        at java.lang.Thread.run(Thread.java:748)
"pool-148-thread-31"  prio=5 tid=2306 in Object.wait()
java.lang.Thread.State: WAITING (on object monitor)
        at sun.misc.Unsafe.park(Native Method)
        at java.util.concurrent.locks.LockSupport.park(LockSupport.java:175)
        at java.util.concurrent.locks.AbstractQueuedSynchronizer$ConditionObject.await(AbstractQueuedSynchronizer.java:2039)
        at java.util.concurrent.ArrayBlockingQueue.take(ArrayBlockingQueue.java:403)
        at java.util.concurrent.ThreadPoolExecutor.getTask(ThreadPoolExecutor.java:1074)
        at java.util.concurrent.ThreadPoolExecutor.runWorker(ThreadPoolExecutor.java:1134)
        at java.util.concurrent.ThreadPoolExecutor$Worker.run(ThreadPoolExecutor.java:624)
        at java.lang.Thread.run(Thread.java:748)
"IPC Client (465909321) connection to /0.0.0.0:39845 from jenkins1000" daemon prio=5 tid=2275 timed_waiting
java.lang.Thread.State: TIMED_WAITING
        at java.lang.Object.wait(Native Method)
        at org.apache.hadoop.ipc.Client$Connection.waitForWork(Client.java:1024)
        at org.apache.hadoop.ipc.Client$Connection.run(Client.java:1068)
"pool-148-thread-48"  prio=5 tid=2323 in Object.wait()
java.lang.Thread.State: WAITING (on object monitor)
        at sun.misc.Unsafe.park(Native Method)
        at java.util.concurrent.locks.LockSupport.park(LockSupport.java:175)
        at java.util.concurrent.locks.AbstractQueuedSynchronizer$ConditionObject.await(AbstractQueuedSynchronizer.java:2039)
        at java.util.concurrent.ArrayBlockingQueue.take(ArrayBlockingQueue.java:403)
        at java.util.concurrent.ThreadPoolExecutor.getTask(ThreadPoolExecutor.java:1074)
        at java.util.concurrent.ThreadPoolExecutor.runWorker(ThreadPoolExecutor.java:1134)
        at java.util.concurrent.ThreadPoolExecutor$Worker.run(ThreadPoolExecutor.java:624)
        at java.lang.Thread.run(Thread.java:748)
"pool-218-thread-44"  prio=5 tid=2754 in Object.wait()
java.lang.Thread.State: WAITING (on object monitor)
        at sun.misc.Unsafe.park(Native Method)
        at java.util.concurrent.locks.LockSupport.park(LockSupport.java:175)
        at java.util.concurrent.locks.AbstractQueuedSynchronizer$ConditionObject.await(AbstractQueuedSynchronizer.java:2039)
        at java.util.concurrent.ArrayBlockingQueue.take(ArrayBlockingQueue.java:403)
        at java.util.concurrent.ThreadPoolExecutor.getTask(ThreadPoolExecutor.java:1074)
        at java.util.concurrent.ThreadPoolExecutor.runWorker(ThreadPoolExecutor.java:1134)
        at java.util.concurrent.ThreadPoolExecutor$Worker.run(ThreadPoolExecutor.java:624)
        at java.lang.Thread.run(Thread.java:748)
"pool-148-thread-35"  prio=5 tid=2310 in Object.wait()
java.lang.Thread.State: WAITING (on object monitor)
        at sun.misc.Unsafe.park(Native Method)
        at java.util.concurrent.locks.LockSupport.park(LockSupport.java:175)
        at java.util.concurrent.locks.AbstractQueuedSynchronizer$ConditionObject.await(AbstractQueuedSynchronizer.java:2039)
        at java.util.concurrent.ArrayBlockingQueue.take(ArrayBlockingQueue.java:403)
        at java.util.concurrent.ThreadPoolExecutor.getTask(ThreadPoolExecutor.java:1074)
        at java.util.concurrent.ThreadPoolExecutor.runWorker(ThreadPoolExecutor.java:1134)
        at java.util.concurrent.ThreadPoolExecutor$Worker.run(ThreadPoolExecutor.java:624)
        at java.lang.Thread.run(Thread.java:748)
"IPC Server handler 7 on 40581" daemon prio=5 tid=1916 timed_waiting
java.lang.Thread.State: TIMED_WAITING
        at sun.misc.Unsafe.park(Native Method)
        at java.util.concurrent.locks.LockSupport.parkNanos(LockSupport.java:215)
        at java.util.concurrent.locks.AbstractQueuedSynchronizer$ConditionObject.awaitNanos(AbstractQueuedSynchronizer.java:2078)
        at java.util.concurrent.LinkedBlockingQueue.poll(LinkedBlockingQueue.java:467)
        at org.apache.hadoop.ipc.CallQueueManager.take(CallQueueManager.java:288)
        at org.apache.hadoop.ipc.Server$Handler.run(Server.java:2668)
"Datanode ReportManager Thread - 2" daemon prio=5 tid=200 in Object.wait()
java.lang.Thread.State: WAITING (on object monitor)
        at sun.misc.Unsafe.park(Native Method)
        at java.util.concurrent.locks.LockSupport.park(LockSupport.java:175)
        at java.util.concurrent.locks.AbstractQueuedSynchronizer$ConditionObject.await(AbstractQueuedSynchronizer.java:2039)
        at java.util.concurrent.ScheduledThreadPoolExecutor$DelayedWorkQueue.take(ScheduledThreadPoolExecutor.java:1088)
        at java.util.concurrent.ScheduledThreadPoolExecutor$DelayedWorkQueue.take(ScheduledThreadPoolExecutor.java:809)
        at java.util.concurrent.ThreadPoolExecutor.getTask(ThreadPoolExecutor.java:1074)
        at java.util.concurrent.ThreadPoolExecutor.runWorker(ThreadPoolExecutor.java:1134)
        at java.util.concurrent.ThreadPoolExecutor$Worker.run(ThreadPoolExecutor.java:624)
        at java.lang.Thread.run(Thread.java:748)
"pool-208-thread-5"  prio=5 tid=2653 in Object.wait()
java.lang.Thread.State: WAITING (on object monitor)
        at sun.misc.Unsafe.park(Native Method)
        at java.util.concurrent.locks.LockSupport.park(LockSupport.java:175)
        at java.util.concurrent.locks.AbstractQueuedSynchronizer$ConditionObject.await(AbstractQueuedSynchronizer.java:2039)
        at java.util.concurrent.ArrayBlockingQueue.take(ArrayBlockingQueue.java:403)
        at java.util.concurrent.ThreadPoolExecutor.getTask(ThreadPoolExecutor.java:1074)
        at java.util.concurrent.ThreadPoolExecutor.runWorker(ThreadPoolExecutor.java:1134)
        at java.util.concurrent.ThreadPoolExecutor$Worker.run(ThreadPoolExecutor.java:624)
        at java.lang.Thread.run(Thread.java:748)
"qtp270313690-2126" daemon prio=5 tid=2126 timed_waiting
java.lang.Thread.State: TIMED_WAITING
        at sun.misc.Unsafe.park(Native Method)
        at java.util.concurrent.locks.LockSupport.parkNanos(LockSupport.java:215)
        at java.util.concurrent.locks.AbstractQueuedSynchronizer$ConditionObject.awaitNanos(AbstractQueuedSynchronizer.java:2078)
        at org.eclipse.jetty.util.BlockingArrayQueue.poll(BlockingArrayQueue.java:392)
        at org.eclipse.jetty.util.thread.QueuedThreadPool.idleJobPoll(QueuedThreadPool.java:563)
        at org.eclipse.jetty.util.thread.QueuedThreadPool.access$800(QueuedThreadPool.java:48)
        at org.eclipse.jetty.util.thread.QueuedThreadPool$2.run(QueuedThreadPool.java:626)
        at java.lang.Thread.run(Thread.java:748)
"pool-149-thread-1"  prio=5 tid=2906 in Object.wait()
java.lang.Thread.State: WAITING (on object monitor)
        at sun.misc.Unsafe.park(Native Method)
        at java.util.concurrent.locks.LockSupport.park(LockSupport.java:175)
        at java.util.concurrent.locks.AbstractQueuedSynchronizer$ConditionObject.await(AbstractQueuedSynchronizer.java:2039)
        at java.util.concurrent.LinkedBlockingQueue.take(LinkedBlockingQueue.java:442)
        at java.util.concurrent.ThreadPoolExecutor.getTask(ThreadPoolExecutor.java:1074)
        at java.util.concurrent.ThreadPoolExecutor.runWorker(ThreadPoolExecutor.java:1134)
        at java.util.concurrent.ThreadPoolExecutor$Worker.run(ThreadPoolExecutor.java:624)
        at java.lang.Thread.run(Thread.java:748)
"pool-226-thread-1" daemon prio=5 tid=2226 timed_waiting
java.lang.Thread.State: TIMED_WAITING
        at sun.misc.Unsafe.park(Native Method)
        at java.util.concurrent.locks.LockSupport.parkNanos(LockSupport.java:215)
        at java.util.concurrent.locks.AbstractQueuedSynchronizer$ConditionObject.awaitNanos(AbstractQueuedSynchronizer.java:2078)
        at java.util.concurrent.ScheduledThreadPoolExecutor$DelayedWorkQueue.take(ScheduledThreadPoolExecutor.java:1093)
        at java.util.concurrent.ScheduledThreadPoolExecutor$DelayedWorkQueue.take(ScheduledThreadPoolExecutor.java:809)
        at java.util.concurrent.ThreadPoolExecutor.getTask(ThreadPoolExecutor.java:1074)
        at java.util.concurrent.ThreadPoolExecutor.runWorker(ThreadPoolExecutor.java:1134)
        at java.util.concurrent.ThreadPoolExecutor$Worker.run(ThreadPoolExecutor.java:624)
        at java.lang.Thread.run(Thread.java:748)
"pool-228-thread-53"  prio=5 tid=2825 in Object.wait()
java.lang.Thread.State: WAITING (on object monitor)
        at sun.misc.Unsafe.park(Native Method)
        at java.util.concurrent.locks.LockSupport.park(LockSupport.java:175)
        at java.util.concurrent.locks.AbstractQueuedSynchronizer$ConditionObject.await(AbstractQueuedSynchronizer.java:2039)
        at java.util.concurrent.ArrayBlockingQueue.take(ArrayBlockingQueue.java:403)
        at java.util.concurrent.ThreadPoolExecutor.getTask(ThreadPoolExecutor.java:1074)
        at java.util.concurrent.ThreadPoolExecutor.runWorker(ThreadPoolExecutor.java:1134)
        at java.util.concurrent.ThreadPoolExecutor$Worker.run(ThreadPoolExecutor.java:624)
        at java.lang.Thread.run(Thread.java:748)
"pool-238-thread-10"  prio=5 tid=2844 in Object.wait()
java.lang.Thread.State: WAITING (on object monitor)
        at sun.misc.Unsafe.park(Native Method)
        at java.util.concurrent.locks.LockSupport.park(LockSupport.java:175)
        at java.util.concurrent.locks.AbstractQueuedSynchronizer$ConditionObject.await(AbstractQueuedSynchronizer.java:2039)
        at java.util.concurrent.ArrayBlockingQueue.take(ArrayBlockingQueue.java:403)
        at java.util.concurrent.ThreadPoolExecutor.getTask(ThreadPoolExecutor.java:1074)
        at java.util.concurrent.ThreadPoolExecutor.runWorker(ThreadPoolExecutor.java:1134)
        at java.util.concurrent.ThreadPoolExecutor$Worker.run(ThreadPoolExecutor.java:624)
        at java.lang.Thread.run(Thread.java:748)
"d61fc7c3-32e3-43e3-b156-a1b483a86779@group-783A9A2A969F-StateMachineUpdater" daemon prio=5 tid=2914 in Object.wait()
java.lang.Thread.State: WAITING (on object monitor)
        at java.lang.Object.wait(Native Method)
        at java.lang.Object.wait(Object.java:502)
        at org.apache.ratis.server.impl.StateMachineUpdater.waitForCommit(StateMachineUpdater.java:194)
        at org.apache.ratis.server.impl.StateMachineUpdater.run(StateMachineUpdater.java:159)
        at java.lang.Thread.run(Thread.java:748)
"0bfc3546-5406-43b9-8d67-9a12bf5503d8@group-5812CD6E2952-StateMachineUpdater" daemon prio=5 tid=3188 in Object.wait()
java.lang.Thread.State: WAITING (on object monitor)
        at java.lang.Object.wait(Native Method)
        at java.lang.Object.wait(Object.java:502)
        at org.apache.ratis.server.impl.StateMachineUpdater.waitForCommit(StateMachineUpdater.java:194)
        at org.apache.ratis.server.impl.StateMachineUpdater.run(StateMachineUpdater.java:159)
        at java.lang.Thread.run(Thread.java:748)
"java.util.concurrent.ThreadPoolExecutor$Worker@3134153d[State = -1, empty queue]" daemon prio=5 tid=1759 runnable
java.lang.Thread.State: RUNNABLE
        at java.util.concurrent.ScheduledThreadPoolExecutor$DelayedWorkQueue.poll(ScheduledThreadPoolExecutor.java:809)
        at java.util.concurrent.ThreadPoolExecutor.getTask(ThreadPoolExecutor.java:1073)
        at java.util.concurrent.ThreadPoolExecutor.runWorker(ThreadPoolExecutor.java:1134)
        at java.util.concurrent.ThreadPoolExecutor$Worker.run(ThreadPoolExecutor.java:624)
        at java.lang.Thread.run(Thread.java:748)
"pool-238-thread-50"  prio=5 tid=2884 in Object.wait()
java.lang.Thread.State: WAITING (on object monitor)
        at sun.misc.Unsafe.park(Native Method)
        at java.util.concurrent.locks.LockSupport.park(LockSupport.java:175)
        at java.util.concurrent.locks.AbstractQueuedSynchronizer$ConditionObject.await(AbstractQueuedSynchronizer.java:2039)
        at java.util.concurrent.ArrayBlockingQueue.take(ArrayBlockingQueue.java:403)
        at java.util.concurrent.ThreadPoolExecutor.getTask(ThreadPoolExecutor.java:1074)
        at java.util.concurrent.ThreadPoolExecutor.runWorker(ThreadPoolExecutor.java:1134)
        at java.util.concurrent.ThreadPoolExecutor$Worker.run(ThreadPoolExecutor.java:624)
        at java.lang.Thread.run(Thread.java:748)
"IPC Server handler 16 on 35120" daemon prio=5 tid=1905 timed_waiting
java.lang.Thread.State: TIMED_WAITING
        at sun.misc.Unsafe.park(Native Method)
        at java.util.concurrent.locks.LockSupport.parkNanos(LockSupport.java:215)
        at java.util.concurrent.locks.AbstractQueuedSynchronizer$ConditionObject.awaitNanos(AbstractQueuedSynchronizer.java:2078)
        at java.util.concurrent.LinkedBlockingQueue.poll(LinkedBlockingQueue.java:467)
        at org.apache.hadoop.ipc.CallQueueManager.take(CallQueueManager.java:288)
        at org.apache.hadoop.ipc.Server$Handler.run(Server.java:2668)
"pool-178-thread-29"  prio=5 tid=2491 in Object.wait()
java.lang.Thread.State: WAITING (on object monitor)
        at sun.misc.Unsafe.park(Native Method)
        at java.util.concurrent.locks.LockSupport.park(LockSupport.java:175)
        at java.util.concurrent.locks.AbstractQueuedSynchronizer$ConditionObject.await(AbstractQueuedSynchronizer.java:2039)
        at java.util.concurrent.ArrayBlockingQueue.take(ArrayBlockingQueue.java:403)
        at java.util.concurrent.ThreadPoolExecutor.getTask(ThreadPoolExecutor.java:1074)
        at java.util.concurrent.ThreadPoolExecutor.runWorker(ThreadPoolExecutor.java:1134)
        at java.util.concurrent.ThreadPoolExecutor$Worker.run(ThreadPoolExecutor.java:624)
        at java.lang.Thread.run(Thread.java:748)
"pool-148-thread-52"  prio=5 tid=2327 in Object.wait()
java.lang.Thread.State: WAITING (on object monitor)
        at sun.misc.Unsafe.park(Native Method)
        at java.util.concurrent.locks.LockSupport.park(LockSupport.java:175)
        at java.util.concurrent.locks.AbstractQueuedSynchronizer$ConditionObject.await(AbstractQueuedSynchronizer.java:2039)
        at java.util.concurrent.ArrayBlockingQueue.take(ArrayBlockingQueue.java:403)
        at java.util.concurrent.ThreadPoolExecutor.getTask(ThreadPoolExecutor.java:1074)
        at java.util.concurrent.ThreadPoolExecutor.runWorker(ThreadPoolExecutor.java:1134)
        at java.util.concurrent.ThreadPoolExecutor$Worker.run(ThreadPoolExecutor.java:624)
        at java.lang.Thread.run(Thread.java:748)
"pool-188-thread-50"  prio=5 tid=2574 in Object.wait()
java.lang.Thread.State: WAITING (on object monitor)
        at sun.misc.Unsafe.park(Native Method)
        at java.util.concurrent.locks.LockSupport.park(LockSupport.java:175)
        at java.util.concurrent.locks.AbstractQueuedSynchronizer$ConditionObject.await(AbstractQueuedSynchronizer.java:2039)
        at java.util.concurrent.ArrayBlockingQueue.take(ArrayBlockingQueue.java:403)
        at java.util.concurrent.ThreadPoolExecutor.getTask(ThreadPoolExecutor.java:1074)
        at java.util.concurrent.ThreadPoolExecutor.runWorker(ThreadPoolExecutor.java:1134)
        at java.util.concurrent.ThreadPoolExecutor$Worker.run(ThreadPoolExecutor.java:624)
        at java.lang.Thread.run(Thread.java:748)
"qtp83554564-2258" daemon prio=5 tid=2258 timed_waiting
java.lang.Thread.State: TIMED_WAITING
        at sun.misc.Unsafe.park(Native Method)
        at java.util.concurrent.locks.LockSupport.parkNanos(LockSupport.java:215)
        at java.util.concurrent.locks.AbstractQueuedSynchronizer$ConditionObject.awaitNanos(AbstractQueuedSynchronizer.java:2078)
        at org.eclipse.jetty.util.BlockingArrayQueue.poll(BlockingArrayQueue.java:392)
        at org.eclipse.jetty.util.thread.QueuedThreadPool.idleJobPoll(QueuedThreadPool.java:563)
        at org.eclipse.jetty.util.thread.QueuedThreadPool.access$800(QueuedThreadPool.java:48)
        at org.eclipse.jetty.util.thread.QueuedThreadPool$2.run(QueuedThreadPool.java:626)
        at java.lang.Thread.run(Thread.java:748)
"pool-238-thread-53"  prio=5 tid=2887 in Object.wait()
java.lang.Thread.State: WAITING (on object monitor)
        at sun.misc.Unsafe.park(Native Method)
        at java.util.concurrent.locks.LockSupport.park(LockSupport.java:175)
        at java.util.concurrent.locks.AbstractQueuedSynchronizer$ConditionObject.await(AbstractQueuedSynchronizer.java:2039)
        at java.util.concurrent.ArrayBlockingQueue.take(ArrayBlockingQueue.java:403)
        at java.util.concurrent.ThreadPoolExecutor.getTask(ThreadPoolExecutor.java:1074)
        at java.util.concurrent.ThreadPoolExecutor.runWorker(ThreadPoolExecutor.java:1134)
        at java.util.concurrent.ThreadPoolExecutor$Worker.run(ThreadPoolExecutor.java:624)
        at java.lang.Thread.run(Thread.java:748)
"pool-198-thread-41"  prio=5 tid=2627 in Object.wait()
java.lang.Thread.State: WAITING (on object monitor)
        at sun.misc.Unsafe.park(Native Method)
        at java.util.concurrent.locks.LockSupport.park(LockSupport.java:175)
        at java.util.concurrent.locks.AbstractQueuedSynchronizer$ConditionObject.await(AbstractQueuedSynchronizer.java:2039)
        at java.util.concurrent.ArrayBlockingQueue.take(ArrayBlockingQueue.java:403)
        at java.util.concurrent.ThreadPoolExecutor.getTask(ThreadPoolExecutor.java:1074)
        at java.util.concurrent.ThreadPoolExecutor.runWorker(ThreadPoolExecutor.java:1134)
        at java.util.concurrent.ThreadPoolExecutor$Worker.run(ThreadPoolExecutor.java:624)
        at java.lang.Thread.run(Thread.java:748)
"refreshUsed-/workdir/hadoop-ozone/integration-test/target/test-dir/MiniOzoneClusterImpl-8fc52630-20fd-4955-97d1-2a2852f9ee58/datanode-5/data/containers" daemon prio=5 tid=2143 timed_waiting
java.lang.Thread.State: TIMED_WAITING
        at java.lang.Thread.sleep(Native Method)
        at org.apache.hadoop.fs.CachingGetSpaceUsed$RefreshThread.run(CachingGetSpaceUsed.java:179)
        at java.lang.Thread.run(Thread.java:748)
"pool-178-thread-44"  prio=5 tid=2506 in Object.wait()
java.lang.Thread.State: WAITING (on object monitor)
        at sun.misc.Unsafe.park(Native Method)
        at java.util.concurrent.locks.LockSupport.park(LockSupport.java:175)
        at java.util.concurrent.locks.AbstractQueuedSynchronizer$ConditionObject.await(AbstractQueuedSynchronizer.java:2039)
        at java.util.concurrent.ArrayBlockingQueue.take(ArrayBlockingQueue.java:403)
        at java.util.concurrent.ThreadPoolExecutor.getTask(ThreadPoolExecutor.java:1074)
        at java.util.concurrent.ThreadPoolExecutor.runWorker(ThreadPoolExecutor.java:1134)
        at java.util.concurrent.ThreadPoolExecutor$Worker.run(ThreadPoolExecutor.java:624)
        at java.lang.Thread.run(Thread.java:748)
"Datanode ReportManager Thread - 0" daemon prio=5 tid=2025 in Object.wait()
java.lang.Thread.State: WAITING (on object monitor)
        at sun.misc.Unsafe.park(Native Method)
        at java.util.concurrent.locks.LockSupport.park(LockSupport.java:175)
        at java.util.concurrent.locks.AbstractQueuedSynchronizer$ConditionObject.await(AbstractQueuedSynchronizer.java:2039)
        at java.util.concurrent.ScheduledThreadPoolExecutor$DelayedWorkQueue.take(ScheduledThreadPoolExecutor.java:1088)
        at java.util.concurrent.ScheduledThreadPoolExecutor$DelayedWorkQueue.take(ScheduledThreadPoolExecutor.java:809)
        at java.util.concurrent.ThreadPoolExecutor.getTask(ThreadPoolExecutor.java:1074)
        at java.util.concurrent.ThreadPoolExecutor.runWorker(ThreadPoolExecutor.java:1134)
        at java.util.concurrent.ThreadPoolExecutor$Worker.run(ThreadPoolExecutor.java:624)
        at java.lang.Thread.run(Thread.java:748)
"pool-238-thread-35"  prio=5 tid=2869 in Object.wait()
java.lang.Thread.State: WAITING (on object monitor)
        at sun.misc.Unsafe.park(Native Method)
        at java.util.concurrent.locks.LockSupport.park(LockSupport.java:175)
        at java.util.concurrent.locks.AbstractQueuedSynchronizer$ConditionObject.await(AbstractQueuedSynchronizer.java:2039)
        at java.util.concurrent.ArrayBlockingQueue.take(ArrayBlockingQueue.java:403)
        at java.util.concurrent.ThreadPoolExecutor.getTask(ThreadPoolExecutor.java:1074)
        at java.util.concurrent.ThreadPoolExecutor.runWorker(ThreadPoolExecutor.java:1134)
        at java.util.concurrent.ThreadPoolExecutor$Worker.run(ThreadPoolExecutor.java:624)
        at java.lang.Thread.run(Thread.java:748)
"pool-238-thread-8"  prio=5 tid=2842 in Object.wait()
java.lang.Thread.State: WAITING (on object monitor)
        at sun.misc.Unsafe.park(Native Method)
        at java.util.concurrent.locks.LockSupport.park(LockSupport.java:175)
        at java.util.concurrent.locks.AbstractQueuedSynchronizer$ConditionObject.await(AbstractQueuedSynchronizer.java:2039)
        at java.util.concurrent.ArrayBlockingQueue.take(ArrayBlockingQueue.java:403)
        at java.util.concurrent.ThreadPoolExecutor.getTask(ThreadPoolExecutor.java:1074)
        at java.util.concurrent.ThreadPoolExecutor.runWorker(ThreadPoolExecutor.java:1134)
        at java.util.concurrent.ThreadPoolExecutor$Worker.run(ThreadPoolExecutor.java:624)
        at java.lang.Thread.run(Thread.java:748)
"qtp2010856706-2208" daemon prio=5 tid=2208 timed_waiting
java.lang.Thread.State: TIMED_WAITING
        at sun.misc.Unsafe.park(Native Method)
        at java.util.concurrent.locks.LockSupport.parkNanos(LockSupport.java:215)
        at java.util.concurrent.locks.AbstractQueuedSynchronizer$ConditionObject.awaitNanos(AbstractQueuedSynchronizer.java:2078)
        at org.eclipse.jetty.util.BlockingArrayQueue.poll(BlockingArrayQueue.java:392)
        at org.eclipse.jetty.util.thread.QueuedThreadPool.idleJobPoll(QueuedThreadPool.java:563)
        at org.eclipse.jetty.util.thread.QueuedThreadPool.access$800(QueuedThreadPool.java:48)
        at org.eclipse.jetty.util.thread.QueuedThreadPool$2.run(QueuedThreadPool.java:626)
        at java.lang.Thread.run(Thread.java:748)
"8692cc3a-c5e2-4bd5-b878-b8217203f52e@group-5812CD6E2952-SegmentedRaftLogWorker"  prio=5 tid=3184 timed_waiting
java.lang.Thread.State: TIMED_WAITING
        at sun.misc.Unsafe.park(Native Method)
        at java.util.concurrent.locks.LockSupport.parkNanos(LockSupport.java:215)
        at java.util.concurrent.locks.AbstractQueuedSynchronizer$ConditionObject.awaitNanos(AbstractQueuedSynchronizer.java:2078)
        at org.apache.ratis.util.DataBlockingQueue.poll(DataBlockingQueue.java:137)
        at org.apache.ratis.server.raftlog.segmented.SegmentedRaftLogWorker.run(SegmentedRaftLogWorker.java:282)
        at java.lang.Thread.run(Thread.java:748)
"qtp270313690-2123" daemon prio=5 tid=2123 timed_waiting
java.lang.Thread.State: TIMED_WAITING
        at sun.misc.Unsafe.park(Native Method)
        at java.util.concurrent.locks.LockSupport.parkNanos(LockSupport.java:215)
        at java.util.concurrent.locks.AbstractQueuedSynchronizer$ConditionObject.awaitNanos(AbstractQueuedSynchronizer.java:2078)
        at org.eclipse.jetty.util.BlockingArrayQueue.poll(BlockingArrayQueue.java:392)
        at org.eclipse.jetty.util.thread.QueuedThreadPool.idleJobPoll(QueuedThreadPool.java:563)
        at org.eclipse.jetty.util.thread.QueuedThreadPool.access$800(QueuedThreadPool.java:48)
        at org.eclipse.jetty.util.thread.QueuedThreadPool$2.run(QueuedThreadPool.java:626)
        at java.lang.Thread.run(Thread.java:748)
"PartialTableCache Cleanup Thread - 0" daemon prio=5 tid=3071 in Object.wait()
java.lang.Thread.State: WAITING (on object monitor)
        at sun.misc.Unsafe.park(Native Method)
        at java.util.concurrent.locks.LockSupport.park(LockSupport.java:175)
        at java.util.concurrent.locks.AbstractQueuedSynchronizer$ConditionObject.await(AbstractQueuedSynchronizer.java:2039)
        at java.util.concurrent.LinkedBlockingQueue.take(LinkedBlockingQueue.java:442)
        at java.util.concurrent.ThreadPoolExecutor.getTask(ThreadPoolExecutor.java:1074)
        at java.util.concurrent.ThreadPoolExecutor.runWorker(ThreadPoolExecutor.java:1134)
        at java.util.concurrent.ThreadPoolExecutor$Worker.run(ThreadPoolExecutor.java:624)
        at java.lang.Thread.run(Thread.java:748)
"pool-198-thread-60"  prio=5 tid=2646 in Object.wait()
java.lang.Thread.State: WAITING (on object monitor)
        at sun.misc.Unsafe.park(Native Method)
        at java.util.concurrent.locks.LockSupport.park(LockSupport.java:175)
        at java.util.concurrent.locks.AbstractQueuedSynchronizer$ConditionObject.await(AbstractQueuedSynchronizer.java:2039)
        at java.util.concurrent.ArrayBlockingQueue.take(ArrayBlockingQueue.java:403)
        at java.util.concurrent.ThreadPoolExecutor.getTask(ThreadPoolExecutor.java:1074)
        at java.util.concurrent.ThreadPoolExecutor.runWorker(ThreadPoolExecutor.java:1134)
        at java.util.concurrent.ThreadPoolExecutor$Worker.run(ThreadPoolExecutor.java:624)
        at java.lang.Thread.run(Thread.java:748)
"pool-168-thread-45"  prio=5 tid=2445 in Object.wait()
java.lang.Thread.State: WAITING (on object monitor)
        at sun.misc.Unsafe.park(Native Method)
        at java.util.concurrent.locks.LockSupport.park(LockSupport.java:175)
        at java.util.concurrent.locks.AbstractQueuedSynchronizer$ConditionObject.await(AbstractQueuedSynchronizer.java:2039)
        at java.util.concurrent.ArrayBlockingQueue.take(ArrayBlockingQueue.java:403)
        at java.util.concurrent.ThreadPoolExecutor.getTask(ThreadPoolExecutor.java:1074)
        at java.util.concurrent.ThreadPoolExecutor.runWorker(ThreadPoolExecutor.java:1134)
        at java.util.concurrent.ThreadPoolExecutor$Worker.run(ThreadPoolExecutor.java:624)
        at java.lang.Thread.run(Thread.java:748)
"org.eclipse.jetty.server.session.HashSessionManager@430b2699Timer" daemon prio=5 tid=2050 timed_waiting
java.lang.Thread.State: TIMED_WAITING
        at sun.misc.Unsafe.park(Native Method)
        at java.util.concurrent.locks.LockSupport.parkNanos(LockSupport.java:215)
        at java.util.concurrent.locks.AbstractQueuedSynchronizer$ConditionObject.awaitNanos(AbstractQueuedSynchronizer.java:2078)
        at java.util.concurrent.ScheduledThreadPoolExecutor$DelayedWorkQueue.take(ScheduledThreadPoolExecutor.java:1093)
        at java.util.concurrent.ScheduledThreadPoolExecutor$DelayedWorkQueue.take(ScheduledThreadPoolExecutor.java:809)
        at java.util.concurrent.ThreadPoolExecutor.getTask(ThreadPoolExecutor.java:1074)
        at java.util.concurrent.ThreadPoolExecutor.runWorker(ThreadPoolExecutor.java:1134)
        at java.util.concurrent.ThreadPoolExecutor$Worker.run(ThreadPoolExecutor.java:624)
        at java.lang.Thread.run(Thread.java:748)
"pool-208-thread-55"  prio=5 tid=2703 in Object.wait()
java.lang.Thread.State: WAITING (on object monitor)
        at sun.misc.Unsafe.park(Native Method)
        at java.util.concurrent.locks.LockSupport.park(LockSupport.java:175)
        at java.util.concurrent.locks.AbstractQueuedSynchronizer$ConditionObject.await(AbstractQueuedSynchronizer.java:2039)
        at java.util.concurrent.ArrayBlockingQueue.take(ArrayBlockingQueue.java:403)
        at java.util.concurrent.ThreadPoolExecutor.getTask(ThreadPoolExecutor.java:1074)
        at java.util.concurrent.ThreadPoolExecutor.runWorker(ThreadPoolExecutor.java:1134)
        at java.util.concurrent.ThreadPoolExecutor$Worker.run(ThreadPoolExecutor.java:624)
        at java.lang.Thread.run(Thread.java:748)
"pool-218-thread-33"  prio=5 tid=2743 in Object.wait()
java.lang.Thread.State: WAITING (on object monitor)
        at sun.misc.Unsafe.park(Native Method)
        at java.util.concurrent.locks.LockSupport.park(LockSupport.java:175)
        at java.util.concurrent.locks.AbstractQueuedSynchronizer$ConditionObject.await(AbstractQueuedSynchronizer.java:2039)
        at java.util.concurrent.ArrayBlockingQueue.take(ArrayBlockingQueue.java:403)
        at java.util.concurrent.ThreadPoolExecutor.getTask(ThreadPoolExecutor.java:1074)
        at java.util.concurrent.ThreadPoolExecutor.runWorker(ThreadPoolExecutor.java:1134)
        at java.util.concurrent.ThreadPoolExecutor$Worker.run(ThreadPoolExecutor.java:624)
        at java.lang.Thread.run(Thread.java:748)
"pool-238-thread-58"  prio=5 tid=2892 in Object.wait()
java.lang.Thread.State: WAITING (on object monitor)
        at sun.misc.Unsafe.park(Native Method)
        at java.util.concurrent.locks.LockSupport.park(LockSupport.java:175)
        at java.util.concurrent.locks.AbstractQueuedSynchronizer$ConditionObject.await(AbstractQueuedSynchronizer.java:2039)
        at java.util.concurrent.ArrayBlockingQueue.take(ArrayBlockingQueue.java:403)
        at java.util.concurrent.ThreadPoolExecutor.getTask(ThreadPoolExecutor.java:1074)
        at java.util.concurrent.ThreadPoolExecutor.runWorker(ThreadPoolExecutor.java:1134)
        at java.util.concurrent.ThreadPoolExecutor$Worker.run(ThreadPoolExecutor.java:624)
        at java.lang.Thread.run(Thread.java:748)
"pool-178-thread-47"  prio=5 tid=2509 in Object.wait()
java.lang.Thread.State: WAITING (on object monitor)
        at sun.misc.Unsafe.park(Native Method)
        at java.util.concurrent.locks.LockSupport.park(LockSupport.java:175)
        at java.util.concurrent.locks.AbstractQueuedSynchronizer$ConditionObject.await(AbstractQueuedSynchronizer.java:2039)
        at java.util.concurrent.ArrayBlockingQueue.take(ArrayBlockingQueue.java:403)
        at java.util.concurrent.ThreadPoolExecutor.getTask(ThreadPoolExecutor.java:1074)
        at java.util.concurrent.ThreadPoolExecutor.runWorker(ThreadPoolExecutor.java:1134)
        at java.util.concurrent.ThreadPoolExecutor$Worker.run(ThreadPoolExecutor.java:624)
        at java.lang.Thread.run(Thread.java:748)
"IPC Server handler 18 on 39845" daemon prio=5 tid=1947 timed_waiting
java.lang.Thread.State: TIMED_WAITING
        at sun.misc.Unsafe.park(Native Method)
        at java.util.concurrent.locks.LockSupport.parkNanos(LockSupport.java:215)
        at java.util.concurrent.locks.AbstractQueuedSynchronizer$ConditionObject.awaitNanos(AbstractQueuedSynchronizer.java:2078)
        at java.util.concurrent.LinkedBlockingQueue.poll(LinkedBlockingQueue.java:467)
        at org.apache.hadoop.ipc.CallQueueManager.take(CallQueueManager.java:288)
        at org.apache.hadoop.ipc.Server$Handler.run(Server.java:2668)
"RatisPipelineUtilsThread"  prio=5 tid=2898 timed_waiting
java.lang.Thread.State: TIMED_WAITING
        at sun.misc.Unsafe.park(Native Method)
        at java.util.concurrent.locks.LockSupport.parkNanos(LockSupport.java:215)
        at java.util.concurrent.locks.AbstractQueuedSynchronizer$ConditionObject.awaitNanos(AbstractQueuedSynchronizer.java:2078)
        at java.util.concurrent.ScheduledThreadPoolExecutor$DelayedWorkQueue.take(ScheduledThreadPoolExecutor.java:1093)
        at java.util.concurrent.ScheduledThreadPoolExecutor$DelayedWorkQueue.take(ScheduledThreadPoolExecutor.java:809)
        at java.util.concurrent.ThreadPoolExecutor.getTask(ThreadPoolExecutor.java:1074)
        at java.util.concurrent.ThreadPoolExecutor.runWorker(ThreadPoolExecutor.java:1134)
        at java.util.concurrent.ThreadPoolExecutor$Worker.run(ThreadPoolExecutor.java:624)
        at java.lang.Thread.run(Thread.java:748)
"pool-178-thread-17"  prio=5 tid=2479 in Object.wait()
java.lang.Thread.State: WAITING (on object monitor)
        at sun.misc.Unsafe.park(Native Method)
        at java.util.concurrent.locks.LockSupport.park(LockSupport.java:175)
        at java.util.concurrent.locks.AbstractQueuedSynchronizer$ConditionObject.await(AbstractQueuedSynchronizer.java:2039)
        at java.util.concurrent.ArrayBlockingQueue.take(ArrayBlockingQueue.java:403)
        at java.util.concurrent.ThreadPoolExecutor.getTask(ThreadPoolExecutor.java:1074)
        at java.util.concurrent.ThreadPoolExecutor.runWorker(ThreadPoolExecutor.java:1134)
        at java.util.concurrent.ThreadPoolExecutor$Worker.run(ThreadPoolExecutor.java:624)
        at java.lang.Thread.run(Thread.java:748)
"pool-228-thread-20"  prio=5 tid=2792 in Object.wait()
java.lang.Thread.State: WAITING (on object monitor)
        at sun.misc.Unsafe.park(Native Method)
        at java.util.concurrent.locks.LockSupport.park(LockSupport.java:175)
        at java.util.concurrent.locks.AbstractQueuedSynchronizer$ConditionObject.await(AbstractQueuedSynchronizer.java:2039)
        at java.util.concurrent.ArrayBlockingQueue.take(ArrayBlockingQueue.java:403)
        at java.util.concurrent.ThreadPoolExecutor.getTask(ThreadPoolExecutor.java:1074)
        at java.util.concurrent.ThreadPoolExecutor.runWorker(ThreadPoolExecutor.java:1134)
        at java.util.concurrent.ThreadPoolExecutor$Worker.run(ThreadPoolExecutor.java:624)
        at java.lang.Thread.run(Thread.java:748)
"pool-198-thread-19"  prio=5 tid=2605 in Object.wait()
java.lang.Thread.State: WAITING (on object monitor)
        at sun.misc.Unsafe.park(Native Method)
        at java.util.concurrent.locks.LockSupport.park(LockSupport.java:175)
        at java.util.concurrent.locks.AbstractQueuedSynchronizer$ConditionObject.await(AbstractQueuedSynchronizer.java:2039)
        at java.util.concurrent.ArrayBlockingQueue.take(ArrayBlockingQueue.java:403)
        at java.util.concurrent.ThreadPoolExecutor.getTask(ThreadPoolExecutor.java:1074)
        at java.util.concurrent.ThreadPoolExecutor.runWorker(ThreadPoolExecutor.java:1134)
        at java.util.concurrent.ThreadPoolExecutor$Worker.run(ThreadPoolExecutor.java:624)
        at java.lang.Thread.run(Thread.java:748)
"org.eclipse.jetty.server.session.HashSessionManager@1b01a0dTimer" daemon prio=5 tid=2185 timed_waiting
java.lang.Thread.State: TIMED_WAITING
        at sun.misc.Unsafe.park(Native Method)
        at java.util.concurrent.locks.LockSupport.parkNanos(LockSupport.java:215)
        at java.util.concurrent.locks.AbstractQueuedSynchronizer$ConditionObject.awaitNanos(AbstractQueuedSynchronizer.java:2078)
        at java.util.concurrent.ScheduledThreadPoolExecutor$DelayedWorkQueue.take(ScheduledThreadPoolExecutor.java:1093)
        at java.util.concurrent.ScheduledThreadPoolExecutor$DelayedWorkQueue.take(ScheduledThreadPoolExecutor.java:809)
        at java.util.concurrent.ThreadPoolExecutor.getTask(ThreadPoolExecutor.java:1074)
        at java.util.concurrent.ThreadPoolExecutor.runWorker(ThreadPoolExecutor.java:1134)
        at java.util.concurrent.ThreadPoolExecutor$Worker.run(ThreadPoolExecutor.java:624)
        at java.lang.Thread.run(Thread.java:748)
"IPC Server handler 11 on 35120" daemon prio=5 tid=1900 timed_waiting
java.lang.Thread.State: TIMED_WAITING
        at sun.misc.Unsafe.park(Native Method)
        at java.util.concurrent.locks.LockSupport.parkNanos(LockSupport.java:215)
        at java.util.concurrent.locks.AbstractQueuedSynchronizer$ConditionObject.awaitNanos(AbstractQueuedSynchronizer.java:2078)
        at java.util.concurrent.LinkedBlockingQueue.poll(LinkedBlockingQueue.java:467)
        at org.apache.hadoop.ipc.CallQueueManager.take(CallQueueManager.java:288)
        at org.apache.hadoop.ipc.Server$Handler.run(Server.java:2668)
"pool-158-thread-28"  prio=5 tid=2366 in Object.wait()
java.lang.Thread.State: WAITING (on object monitor)
        at sun.misc.Unsafe.park(Native Method)
        at java.util.concurrent.locks.LockSupport.park(LockSupport.java:175)
        at java.util.concurrent.locks.AbstractQueuedSynchronizer$ConditionObject.await(AbstractQueuedSynchronizer.java:2039)
        at java.util.concurrent.ArrayBlockingQueue.take(ArrayBlockingQueue.java:403)
        at java.util.concurrent.ThreadPoolExecutor.getTask(ThreadPoolExecutor.java:1074)
        at java.util.concurrent.ThreadPoolExecutor.runWorker(ThreadPoolExecutor.java:1134)
        at java.util.concurrent.ThreadPoolExecutor$Worker.run(ThreadPoolExecutor.java:624)
        at java.lang.Thread.run(Thread.java:748)
"Datanode ReportManager Thread - 2" daemon prio=5 tid=2162 in Object.wait()
java.lang.Thread.State: WAITING (on object monitor)
        at sun.misc.Unsafe.park(Native Method)
        at java.util.concurrent.locks.LockSupport.park(LockSupport.java:175)
        at java.util.concurrent.locks.AbstractQueuedSynchronizer$ConditionObject.await(AbstractQueuedSynchronizer.java:2039)
        at java.util.concurrent.ScheduledThreadPoolExecutor$DelayedWorkQueue.take(ScheduledThreadPoolExecutor.java:1088)
        at java.util.concurrent.ScheduledThreadPoolExecutor$DelayedWorkQueue.take(ScheduledThreadPoolExecutor.java:809)
        at java.util.concurrent.ThreadPoolExecutor.getTask(ThreadPoolExecutor.java:1074)
        at java.util.concurrent.ThreadPoolExecutor.runWorker(ThreadPoolExecutor.java:1134)
        at java.util.concurrent.ThreadPoolExecutor$Worker.run(ThreadPoolExecutor.java:624)
        at java.lang.Thread.run(Thread.java:748)
"org.eclipse.jetty.server.session.HashSessionManager@bf75b5cTimer" daemon prio=5 tid=2266 timed_waiting
java.lang.Thread.State: TIMED_WAITING
        at sun.misc.Unsafe.park(Native Method)
        at java.util.concurrent.locks.LockSupport.parkNanos(LockSupport.java:215)
        at java.util.concurrent.locks.AbstractQueuedSynchronizer$ConditionObject.awaitNanos(AbstractQueuedSynchronizer.java:2078)
        at java.util.concurrent.ScheduledThreadPoolExecutor$DelayedWorkQueue.take(ScheduledThreadPoolExecutor.java:1093)
        at java.util.concurrent.ScheduledThreadPoolExecutor$DelayedWorkQueue.take(ScheduledThreadPoolExecutor.java:809)
        at java.util.concurrent.ThreadPoolExecutor.getTask(ThreadPoolExecutor.java:1074)
        at java.util.concurrent.ThreadPoolExecutor.runWorker(ThreadPoolExecutor.java:1134)
        at java.util.concurrent.ThreadPoolExecutor$Worker.run(ThreadPoolExecutor.java:624)
        at java.lang.Thread.run(Thread.java:748)
"pool-168-thread-15"  prio=5 tid=2415 in Object.wait()
java.lang.Thread.State: WAITING (on object monitor)
        at sun.misc.Unsafe.park(Native Method)
        at java.util.concurrent.locks.LockSupport.park(LockSupport.java:175)
        at java.util.concurrent.locks.AbstractQueuedSynchronizer$ConditionObject.await(AbstractQueuedSynchronizer.java:2039)
        at java.util.concurrent.ArrayBlockingQueue.take(ArrayBlockingQueue.java:403)
        at java.util.concurrent.ThreadPoolExecutor.getTask(ThreadPoolExecutor.java:1074)
        at java.util.concurrent.ThreadPoolExecutor.runWorker(ThreadPoolExecutor.java:1134)
        at java.util.concurrent.ThreadPoolExecutor$Worker.run(ThreadPoolExecutor.java:624)
        at java.lang.Thread.run(Thread.java:748)
"pool-148-thread-10"  prio=5 tid=2285 in Object.wait()
java.lang.Thread.State: WAITING (on object monitor)
        at sun.misc.Unsafe.park(Native Method)
        at java.util.concurrent.locks.LockSupport.park(LockSupport.java:175)
        at java.util.concurrent.locks.AbstractQueuedSynchronizer$ConditionObject.await(AbstractQueuedSynchronizer.java:2039)
        at java.util.concurrent.ArrayBlockingQueue.take(ArrayBlockingQueue.java:403)
        at java.util.concurrent.ThreadPoolExecutor.getTask(ThreadPoolExecutor.java:1074)
        at java.util.concurrent.ThreadPoolExecutor.runWorker(ThreadPoolExecutor.java:1134)
        at java.util.concurrent.ThreadPoolExecutor$Worker.run(ThreadPoolExecutor.java:624)
        at java.lang.Thread.run(Thread.java:748)
"pool-178-thread-5"  prio=5 tid=2467 in Object.wait()
java.lang.Thread.State: WAITING (on object monitor)
        at sun.misc.Unsafe.park(Native Method)
        at java.util.concurrent.locks.LockSupport.park(LockSupport.java:175)
        at java.util.concurrent.locks.AbstractQueuedSynchronizer$ConditionObject.await(AbstractQueuedSynchronizer.java:2039)
        at java.util.concurrent.ArrayBlockingQueue.take(ArrayBlockingQueue.java:403)
        at java.util.concurrent.ThreadPoolExecutor.getTask(ThreadPoolExecutor.java:1074)
        at java.util.concurrent.ThreadPoolExecutor.runWorker(ThreadPoolExecutor.java:1134)
        at java.util.concurrent.ThreadPoolExecutor$Worker.run(ThreadPoolExecutor.java:624)
        at java.lang.Thread.run(Thread.java:748)
"refreshUsed-/workdir/hadoop-ozone/integration-test/target/test-dir/MiniOzoneClusterImpl-8fc52630-20fd-4955-97d1-2a2852f9ee58/datanode-0/data/containers" daemon prio=5 tid=2008 timed_waiting
java.lang.Thread.State: TIMED_WAITING
        at java.lang.Thread.sleep(Native Method)
        at org.apache.hadoop.fs.CachingGetSpaceUsed$RefreshThread.run(CachingGetSpaceUsed.java:179)
        at java.lang.Thread.run(Thread.java:748)
"pool-198-thread-12"  prio=5 tid=2598 in Object.wait()
java.lang.Thread.State: WAITING (on object monitor)
        at sun.misc.Unsafe.park(Native Method)
        at java.util.concurrent.locks.LockSupport.park(LockSupport.java:175)
        at java.util.concurrent.locks.AbstractQueuedSynchronizer$ConditionObject.await(AbstractQueuedSynchronizer.java:2039)
        at java.util.concurrent.ArrayBlockingQueue.take(ArrayBlockingQueue.java:403)
        at java.util.concurrent.ThreadPoolExecutor.getTask(ThreadPoolExecutor.java:1074)
        at java.util.concurrent.ThreadPoolExecutor.runWorker(ThreadPoolExecutor.java:1134)
        at java.util.concurrent.ThreadPoolExecutor$Worker.run(ThreadPoolExecutor.java:624)
        at java.lang.Thread.run(Thread.java:748)
"pool-198-thread-33"  prio=5 tid=2619 in Object.wait()
java.lang.Thread.State: WAITING (on object monitor)
        at sun.misc.Unsafe.park(Native Method)
        at java.util.concurrent.locks.LockSupport.park(LockSupport.java:175)
        at java.util.concurrent.locks.AbstractQueuedSynchronizer$ConditionObject.await(AbstractQueuedSynchronizer.java:2039)
        at java.util.concurrent.ArrayBlockingQueue.take(ArrayBlockingQueue.java:403)
        at java.util.concurrent.ThreadPoolExecutor.getTask(ThreadPoolExecutor.java:1074)
        at java.util.concurrent.ThreadPoolExecutor.runWorker(ThreadPoolExecutor.java:1134)
        at java.util.concurrent.ThreadPoolExecutor$Worker.run(ThreadPoolExecutor.java:624)
        at java.lang.Thread.run(Thread.java:748)
"pool-218-thread-36"  prio=5 tid=2746 in Object.wait()
java.lang.Thread.State: WAITING (on object monitor)
        at sun.misc.Unsafe.park(Native Method)
        at java.util.concurrent.locks.LockSupport.park(LockSupport.java:175)
        at java.util.concurrent.locks.AbstractQueuedSynchronizer$ConditionObject.await(AbstractQueuedSynchronizer.java:2039)
        at java.util.concurrent.ArrayBlockingQueue.take(ArrayBlockingQueue.java:403)
        at java.util.concurrent.ThreadPoolExecutor.getTask(ThreadPoolExecutor.java:1074)
        at java.util.concurrent.ThreadPoolExecutor.runWorker(ThreadPoolExecutor.java:1134)
        at java.util.concurrent.ThreadPoolExecutor$Worker.run(ThreadPoolExecutor.java:624)
        at java.lang.Thread.run(Thread.java:748)
"pool-188-thread-3"  prio=5 tid=2527 in Object.wait()
java.lang.Thread.State: WAITING (on object monitor)
        at sun.misc.Unsafe.park(Native Method)
        at java.util.concurrent.locks.LockSupport.park(LockSupport.java:175)
        at java.util.concurrent.locks.AbstractQueuedSynchronizer$ConditionObject.await(AbstractQueuedSynchronizer.java:2039)
        at java.util.concurrent.ArrayBlockingQueue.take(ArrayBlockingQueue.java:403)
        at java.util.concurrent.ThreadPoolExecutor.getTask(ThreadPoolExecutor.java:1074)
        at java.util.concurrent.ThreadPoolExecutor.runWorker(ThreadPoolExecutor.java:1134)
        at java.util.concurrent.ThreadPoolExecutor$Worker.run(ThreadPoolExecutor.java:624)
        at java.lang.Thread.run(Thread.java:748)
"BlockDeletingService#0" daemon prio=5 tid=2337 timed_waiting
java.lang.Thread.State: TIMED_WAITING
        at sun.misc.Unsafe.park(Native Method)
        at java.util.concurrent.locks.LockSupport.parkNanos(LockSupport.java:215)
        at java.util.concurrent.locks.AbstractQueuedSynchronizer$ConditionObject.awaitNanos(AbstractQueuedSynchronizer.java:2078)
        at java.util.concurrent.ScheduledThreadPoolExecutor$DelayedWorkQueue.take(ScheduledThreadPoolExecutor.java:1093)
        at java.util.concurrent.ScheduledThreadPoolExecutor$DelayedWorkQueue.take(ScheduledThreadPoolExecutor.java:809)
        at java.util.concurrent.ThreadPoolExecutor.getTask(ThreadPoolExecutor.java:1074)
        at java.util.concurrent.ThreadPoolExecutor.runWorker(ThreadPoolExecutor.java:1134)
        at java.util.concurrent.ThreadPoolExecutor$Worker.run(ThreadPoolExecutor.java:624)
        at java.lang.Thread.run(Thread.java:748)
"Datanode ReportManager Thread - 3" daemon prio=5 tid=390 in Object.wait()
java.lang.Thread.State: WAITING (on object monitor)
        at sun.misc.Unsafe.park(Native Method)
        at java.util.concurrent.locks.LockSupport.park(LockSupport.java:175)
        at java.util.concurrent.locks.AbstractQueuedSynchronizer$ConditionObject.await(AbstractQueuedSynchronizer.java:2039)
        at java.util.concurrent.ScheduledThreadPoolExecutor$DelayedWorkQueue.take(ScheduledThreadPoolExecutor.java:1088)
        at java.util.concurrent.ScheduledThreadPoolExecutor$DelayedWorkQueue.take(ScheduledThreadPoolExecutor.java:809)
        at java.util.concurrent.ThreadPoolExecutor.getTask(ThreadPoolExecutor.java:1074)
        at java.util.concurrent.ThreadPoolExecutor.runWorker(ThreadPoolExecutor.java:1134)
        at java.util.concurrent.ThreadPoolExecutor$Worker.run(ThreadPoolExecutor.java:624)
        at java.lang.Thread.run(Thread.java:748)
"qtp377667724-1993" daemon prio=5 tid=1993 runnable
java.lang.Thread.State: RUNNABLE
        at sun.nio.ch.EPollArrayWrapper.epollWait(Native Method)
        at sun.nio.ch.EPollArrayWrapper.poll(EPollArrayWrapper.java:269)
        at sun.nio.ch.EPollSelectorImpl.doSelect(EPollSelectorImpl.java:93)
        at sun.nio.ch.SelectorImpl.lockAndDoSelect(SelectorImpl.java:86)
        at sun.nio.ch.SelectorImpl.select(SelectorImpl.java:97)
        at sun.nio.ch.SelectorImpl.select(SelectorImpl.java:101)
        at org.eclipse.jetty.io.ManagedSelector$SelectorProducer.select(ManagedSelector.java:243)
        at org.eclipse.jetty.io.ManagedSelector$SelectorProducer.produce(ManagedSelector.java:191)
        at org.eclipse.jetty.util.thread.strategy.ExecuteProduceConsume.executeProduceConsume(ExecuteProduceConsume.java:249)
        at org.eclipse.jetty.util.thread.strategy.ExecuteProduceConsume.produceConsume(ExecuteProduceConsume.java:148)
        at org.eclipse.jetty.util.thread.strategy.ExecuteProduceConsume.execute(ExecuteProduceConsume.java:100)
        at org.eclipse.jetty.io.ManagedSelector.run(ManagedSelector.java:147)
        at org.eclipse.jetty.util.thread.QueuedThreadPool.runJob(QueuedThreadPool.java:671)
        at org.eclipse.jetty.util.thread.QueuedThreadPool$2.run(QueuedThreadPool.java:589)
        at java.lang.Thread.run(Thread.java:748)
"pool-198-thread-42"  prio=5 tid=2628 in Object.wait()
java.lang.Thread.State: WAITING (on object monitor)
        at sun.misc.Unsafe.park(Native Method)
        at java.util.concurrent.locks.LockSupport.park(LockSupport.java:175)
        at java.util.concurrent.locks.AbstractQueuedSynchronizer$ConditionObject.await(AbstractQueuedSynchronizer.java:2039)
        at java.util.concurrent.ArrayBlockingQueue.take(ArrayBlockingQueue.java:403)
        at java.util.concurrent.ThreadPoolExecutor.getTask(ThreadPoolExecutor.java:1074)
        at java.util.concurrent.ThreadPoolExecutor.runWorker(ThreadPoolExecutor.java:1134)
        at java.util.concurrent.ThreadPoolExecutor$Worker.run(ThreadPoolExecutor.java:624)
        at java.lang.Thread.run(Thread.java:748)
"pool-198-thread-39"  prio=5 tid=2625 in Object.wait()
java.lang.Thread.State: WAITING (on object monitor)
        at sun.misc.Unsafe.park(Native Method)
        at java.util.concurrent.locks.LockSupport.park(LockSupport.java:175)
        at java.util.concurrent.locks.AbstractQueuedSynchronizer$ConditionObject.await(AbstractQueuedSynchronizer.java:2039)
        at java.util.concurrent.ArrayBlockingQueue.take(ArrayBlockingQueue.java:403)
        at java.util.concurrent.ThreadPoolExecutor.getTask(ThreadPoolExecutor.java:1074)
        at java.util.concurrent.ThreadPoolExecutor.runWorker(ThreadPoolExecutor.java:1134)
        at java.util.concurrent.ThreadPoolExecutor$Worker.run(ThreadPoolExecutor.java:624)
        at java.lang.Thread.run(Thread.java:748)
"pool-178-thread-11"  prio=5 tid=2473 in Object.wait()
java.lang.Thread.State: WAITING (on object monitor)
        at sun.misc.Unsafe.park(Native Method)
        at java.util.concurrent.locks.LockSupport.park(LockSupport.java:175)
        at java.util.concurrent.locks.AbstractQueuedSynchronizer$ConditionObject.await(AbstractQueuedSynchronizer.java:2039)
        at java.util.concurrent.ArrayBlockingQueue.take(ArrayBlockingQueue.java:403)
        at java.util.concurrent.ThreadPoolExecutor.getTask(ThreadPoolExecutor.java:1074)
        at java.util.concurrent.ThreadPoolExecutor.runWorker(ThreadPoolExecutor.java:1134)
        at java.util.concurrent.ThreadPoolExecutor$Worker.run(ThreadPoolExecutor.java:624)
        at java.lang.Thread.run(Thread.java:748)
"Thread-1573" daemon prio=5 tid=3232 timed_waiting
java.lang.Thread.State: TIMED_WAITING
        at sun.misc.Unsafe.park(Native Method)
        at java.util.concurrent.locks.LockSupport.parkNanos(LockSupport.java:215)
        at java.util.concurrent.locks.AbstractQueuedSynchronizer$ConditionObject.awaitNanos(AbstractQueuedSynchronizer.java:2078)
        at java.util.concurrent.ArrayBlockingQueue.poll(ArrayBlockingQueue.java:418)
        at org.apache.ratis.server.impl.LeaderState$EventQueue.poll(LeaderState.java:115)
        at org.apache.ratis.server.impl.LeaderState$EventProcessor.run(LeaderState.java:467)
"pool-148-thread-37"  prio=5 tid=2312 in Object.wait()
java.lang.Thread.State: WAITING (on object monitor)
        at sun.misc.Unsafe.park(Native Method)
        at java.util.concurrent.locks.LockSupport.park(LockSupport.java:175)
        at java.util.concurrent.locks.AbstractQueuedSynchronizer$ConditionObject.await(AbstractQueuedSynchronizer.java:2039)
        at java.util.concurrent.ArrayBlockingQueue.take(ArrayBlockingQueue.java:403)
        at java.util.concurrent.ThreadPoolExecutor.getTask(ThreadPoolExecutor.java:1074)
        at java.util.concurrent.ThreadPoolExecutor.runWorker(ThreadPoolExecutor.java:1134)
        at java.util.concurrent.ThreadPoolExecutor$Worker.run(ThreadPoolExecutor.java:624)
        at java.lang.Thread.run(Thread.java:748)
"grpc-default-boss-ELG-4-1" daemon prio=5 tid=2336 runnable
java.lang.Thread.State: RUNNABLE
        at sun.nio.ch.EPollArrayWrapper.epollWait(Native Method)
        at sun.nio.ch.EPollArrayWrapper.poll(EPollArrayWrapper.java:269)
        at sun.nio.ch.EPollSelectorImpl.doSelect(EPollSelectorImpl.java:93)
        at sun.nio.ch.SelectorImpl.lockAndDoSelect(SelectorImpl.java:86)
        at sun.nio.ch.SelectorImpl.select(SelectorImpl.java:97)
        at org.apache.ratis.thirdparty.io.netty.channel.nio.SelectedSelectionKeySetSelector.select(SelectedSelectionKeySetSelector.java:62)
        at org.apache.ratis.thirdparty.io.netty.channel.nio.NioEventLoop.select(NioEventLoop.java:753)
        at org.apache.ratis.thirdparty.io.netty.channel.nio.NioEventLoop.run(NioEventLoop.java:408)
        at org.apache.ratis.thirdparty.io.netty.util.concurrent.SingleThreadEventExecutor$5.run(SingleThreadEventExecutor.java:897)
        at org.apache.ratis.thirdparty.io.netty.util.concurrent.FastThreadLocalRunnable.run(FastThreadLocalRunnable.java:30)
        at java.lang.Thread.run(Thread.java:748)
"pool-228-thread-18"  prio=5 tid=2790 in Object.wait()
java.lang.Thread.State: WAITING (on object monitor)
        at sun.misc.Unsafe.park(Native Method)
        at java.util.concurrent.locks.LockSupport.park(LockSupport.java:175)
        at java.util.concurrent.locks.AbstractQueuedSynchronizer$ConditionObject.await(AbstractQueuedSynchronizer.java:2039)
        at java.util.concurrent.ArrayBlockingQueue.take(ArrayBlockingQueue.java:403)
        at java.util.concurrent.ThreadPoolExecutor.getTask(ThreadPoolExecutor.java:1074)
        at java.util.concurrent.ThreadPoolExecutor.runWorker(ThreadPoolExecutor.java:1134)
        at java.util.concurrent.ThreadPoolExecutor$Worker.run(ThreadPoolExecutor.java:624)
        at java.lang.Thread.run(Thread.java:748)
"pool-148-thread-19"  prio=5 tid=2294 in Object.wait()
java.lang.Thread.State: WAITING (on object monitor)
        at sun.misc.Unsafe.park(Native Method)
        at java.util.concurrent.locks.LockSupport.park(LockSupport.java:175)
        at java.util.concurrent.locks.AbstractQueuedSynchronizer$ConditionObject.await(AbstractQueuedSynchronizer.java:2039)
        at java.util.concurrent.ArrayBlockingQueue.take(ArrayBlockingQueue.java:403)
        at java.util.concurrent.ThreadPoolExecutor.getTask(ThreadPoolExecutor.java:1074)
        at java.util.concurrent.ThreadPoolExecutor.runWorker(ThreadPoolExecutor.java:1134)
        at java.util.concurrent.ThreadPoolExecutor$Worker.run(ThreadPoolExecutor.java:624)
        at java.lang.Thread.run(Thread.java:748)
"pool-228-thread-35"  prio=5 tid=2807 in Object.wait()
java.lang.Thread.State: WAITING (on object monitor)
        at sun.misc.Unsafe.park(Native Method)
        at java.util.concurrent.locks.LockSupport.park(LockSupport.java:175)
        at java.util.concurrent.locks.AbstractQueuedSynchronizer$ConditionObject.await(AbstractQueuedSynchronizer.java:2039)
        at java.util.concurrent.ArrayBlockingQueue.take(ArrayBlockingQueue.java:403)
        at java.util.concurrent.ThreadPoolExecutor.getTask(ThreadPoolExecutor.java:1074)
        at java.util.concurrent.ThreadPoolExecutor.runWorker(ThreadPoolExecutor.java:1134)
        at java.util.concurrent.ThreadPoolExecutor$Worker.run(ThreadPoolExecutor.java:624)
        at java.lang.Thread.run(Thread.java:748)
"pool-168-thread-2"  prio=5 tid=2402 in Object.wait()
java.lang.Thread.State: WAITING (on object monitor)
        at sun.misc.Unsafe.park(Native Method)
        at java.util.concurrent.locks.LockSupport.park(LockSupport.java:175)
        at java.util.concurrent.locks.AbstractQueuedSynchronizer$ConditionObject.await(AbstractQueuedSynchronizer.java:2039)
        at java.util.concurrent.ArrayBlockingQueue.take(ArrayBlockingQueue.java:403)
        at java.util.concurrent.ThreadPoolExecutor.getTask(ThreadPoolExecutor.java:1074)
        at java.util.concurrent.ThreadPoolExecutor.runWorker(ThreadPoolExecutor.java:1134)
        at java.util.concurrent.ThreadPoolExecutor$Worker.run(ThreadPoolExecutor.java:624)
        at java.lang.Thread.run(Thread.java:748)
"IPC Server handler 16 on 39845" daemon prio=5 tid=1945 timed_waiting
java.lang.Thread.State: TIMED_WAITING
        at sun.misc.Unsafe.park(Native Method)
        at java.util.concurrent.locks.LockSupport.parkNanos(LockSupport.java:215)
        at java.util.concurrent.locks.AbstractQueuedSynchronizer$ConditionObject.awaitNanos(AbstractQueuedSynchronizer.java:2078)
        at java.util.concurrent.LinkedBlockingQueue.poll(LinkedBlockingQueue.java:467)
        at org.apache.hadoop.ipc.CallQueueManager.take(CallQueueManager.java:288)
        at org.apache.hadoop.ipc.Server$Handler.run(Server.java:2668)
"pool-166-thread-1" daemon prio=5 tid=2064 timed_waiting
java.lang.Thread.State: TIMED_WAITING
        at sun.misc.Unsafe.park(Native Method)
        at java.util.concurrent.locks.LockSupport.parkNanos(LockSupport.java:215)
        at java.util.concurrent.locks.AbstractQueuedSynchronizer$ConditionObject.awaitNanos(AbstractQueuedSynchronizer.java:2078)
        at java.util.concurrent.ScheduledThreadPoolExecutor$DelayedWorkQueue.take(ScheduledThreadPoolExecutor.java:1093)
        at java.util.concurrent.ScheduledThreadPoolExecutor$DelayedWorkQueue.take(ScheduledThreadPoolExecutor.java:809)
        at java.util.concurrent.ThreadPoolExecutor.getTask(ThreadPoolExecutor.java:1074)
        at java.util.concurrent.ThreadPoolExecutor.runWorker(ThreadPoolExecutor.java:1134)
        at java.util.concurrent.ThreadPoolExecutor$Worker.run(ThreadPoolExecutor.java:624)
        at java.lang.Thread.run(Thread.java:748)
"qtp457245448-2099" daemon prio=5 tid=2099 timed_waiting
java.lang.Thread.State: TIMED_WAITING
        at sun.misc.Unsafe.park(Native Method)
        at java.util.concurrent.locks.LockSupport.parkNanos(LockSupport.java:215)
        at java.util.concurrent.locks.AbstractQueuedSynchronizer$ConditionObject.awaitNanos(AbstractQueuedSynchronizer.java:2078)
        at org.eclipse.jetty.util.BlockingArrayQueue.poll(BlockingArrayQueue.java:392)
        at org.eclipse.jetty.util.thread.QueuedThreadPool.idleJobPoll(QueuedThreadPool.java:563)
        at org.eclipse.jetty.util.thread.QueuedThreadPool.access$800(QueuedThreadPool.java:48)
        at org.eclipse.jetty.util.thread.QueuedThreadPool$2.run(QueuedThreadPool.java:626)
        at java.lang.Thread.run(Thread.java:748)
"pool-168-thread-56"  prio=5 tid=2456 in Object.wait()
java.lang.Thread.State: WAITING (on object monitor)
        at sun.misc.Unsafe.park(Native Method)
        at java.util.concurrent.locks.LockSupport.park(LockSupport.java:175)
        at java.util.concurrent.locks.AbstractQueuedSynchronizer$ConditionObject.await(AbstractQueuedSynchronizer.java:2039)
        at java.util.concurrent.ArrayBlockingQueue.take(ArrayBlockingQueue.java:403)
        at java.util.concurrent.ThreadPoolExecutor.getTask(ThreadPoolExecutor.java:1074)
        at java.util.concurrent.ThreadPoolExecutor.runWorker(ThreadPoolExecutor.java:1134)
        at java.util.concurrent.ThreadPoolExecutor$Worker.run(ThreadPoolExecutor.java:624)
        at java.lang.Thread.run(Thread.java:748)
"pool-198-thread-37"  prio=5 tid=2623 in Object.wait()
java.lang.Thread.State: WAITING (on object monitor)
        at sun.misc.Unsafe.park(Native Method)
        at java.util.concurrent.locks.LockSupport.park(LockSupport.java:175)
        at java.util.concurrent.locks.AbstractQueuedSynchronizer$ConditionObject.await(AbstractQueuedSynchronizer.java:2039)
        at java.util.concurrent.ArrayBlockingQueue.take(ArrayBlockingQueue.java:403)
        at java.util.concurrent.ThreadPoolExecutor.getTask(ThreadPoolExecutor.java:1074)
        at java.util.concurrent.ThreadPoolExecutor.runWorker(ThreadPoolExecutor.java:1134)
        at java.util.concurrent.ThreadPoolExecutor$Worker.run(ThreadPoolExecutor.java:624)
        at java.lang.Thread.run(Thread.java:748)
"Datanode State Machine Thread - 0" daemon prio=5 tid=2024 timed_waiting
java.lang.Thread.State: TIMED_WAITING
        at java.lang.Thread.sleep(Native Method)
        at org.apache.hadoop.ozone.container.common.statemachine.DatanodeStateMachine.start(DatanodeStateMachine.java:196)
        at org.apache.hadoop.ozone.container.common.statemachine.DatanodeStateMachine.lambda$startDaemon$0(DatanodeStateMachine.java:354)
        at org.apache.hadoop.ozone.container.common.statemachine.DatanodeStateMachine$$Lambda$141/502066023.run(Unknown Source)
        at java.lang.Thread.run(Thread.java:748)
"pool-148-thread-34"  prio=5 tid=2309 in Object.wait()
java.lang.Thread.State: WAITING (on object monitor)
        at sun.misc.Unsafe.park(Native Method)
        at java.util.concurrent.locks.LockSupport.park(LockSupport.java:175)
        at java.util.concurrent.locks.AbstractQueuedSynchronizer$ConditionObject.await(AbstractQueuedSynchronizer.java:2039)
        at java.util.concurrent.ArrayBlockingQueue.take(ArrayBlockingQueue.java:403)
        at java.util.concurrent.ThreadPoolExecutor.getTask(ThreadPoolExecutor.java:1074)
        at java.util.concurrent.ThreadPoolExecutor.runWorker(ThreadPoolExecutor.java:1134)
        at java.util.concurrent.ThreadPoolExecutor$Worker.run(ThreadPoolExecutor.java:624)
        at java.lang.Thread.run(Thread.java:748)
"pool-178-thread-31"  prio=5 tid=2493 in Object.wait()
java.lang.Thread.State: WAITING (on object monitor)
        at sun.misc.Unsafe.park(Native Method)
        at java.util.concurrent.locks.LockSupport.park(LockSupport.java:175)
        at java.util.concurrent.locks.AbstractQueuedSynchronizer$ConditionObject.await(AbstractQueuedSynchronizer.java:2039)
        at java.util.concurrent.ArrayBlockingQueue.take(ArrayBlockingQueue.java:403)
        at java.util.concurrent.ThreadPoolExecutor.getTask(ThreadPoolExecutor.java:1074)
        at java.util.concurrent.ThreadPoolExecutor.runWorker(ThreadPoolExecutor.java:1134)
        at java.util.concurrent.ThreadPoolExecutor$Worker.run(ThreadPoolExecutor.java:624)
        at java.lang.Thread.run(Thread.java:748)
"pool-168-thread-9"  prio=5 tid=2409 in Object.wait()
java.lang.Thread.State: WAITING (on object monitor)
        at sun.misc.Unsafe.park(Native Method)
        at java.util.concurrent.locks.LockSupport.park(LockSupport.java:175)
        at java.util.concurrent.locks.AbstractQueuedSynchronizer$ConditionObject.await(AbstractQueuedSynchronizer.java:2039)
        at java.util.concurrent.ArrayBlockingQueue.take(ArrayBlockingQueue.java:403)
        at java.util.concurrent.ThreadPoolExecutor.getTask(ThreadPoolExecutor.java:1074)
        at java.util.concurrent.ThreadPoolExecutor.runWorker(ThreadPoolExecutor.java:1134)
        at java.util.concurrent.ThreadPoolExecutor$Worker.run(ThreadPoolExecutor.java:624)
        at java.lang.Thread.run(Thread.java:748)
"pool-178-thread-4"  prio=5 tid=2466 in Object.wait()
java.lang.Thread.State: WAITING (on object monitor)
        at sun.misc.Unsafe.park(Native Method)
        at java.util.concurrent.locks.LockSupport.park(LockSupport.java:175)
        at java.util.concurrent.locks.AbstractQueuedSynchronizer$ConditionObject.await(AbstractQueuedSynchronizer.java:2039)
        at java.util.concurrent.ArrayBlockingQueue.take(ArrayBlockingQueue.java:403)
        at java.util.concurrent.ThreadPoolExecutor.getTask(ThreadPoolExecutor.java:1074)
        at java.util.concurrent.ThreadPoolExecutor.runWorker(ThreadPoolExecutor.java:1134)
        at java.util.concurrent.ThreadPoolExecutor$Worker.run(ThreadPoolExecutor.java:624)
        at java.lang.Thread.run(Thread.java:748)
"Command processor thread" daemon prio=5 tid=2218 timed_waiting
java.lang.Thread.State: TIMED_WAITING
        at java.lang.Thread.sleep(Native Method)
        at org.apache.hadoop.ozone.container.common.statemachine.DatanodeStateMachine.lambda$initCommandHandlerThread$1(DatanodeStateMachine.java:444)
        at org.apache.hadoop.ozone.container.common.statemachine.DatanodeStateMachine$$Lambda$142/1059342576.run(Unknown Source)
        at java.lang.Thread.run(Thread.java:748)
"org.eclipse.jetty.server.session.HashSessionManager@24a2e565Timer" daemon prio=5 tid=1959 timed_waiting
java.lang.Thread.State: TIMED_WAITING
        at sun.misc.Unsafe.park(Native Method)
        at java.util.concurrent.locks.LockSupport.parkNanos(LockSupport.java:215)
        at java.util.concurrent.locks.AbstractQueuedSynchronizer$ConditionObject.awaitNanos(AbstractQueuedSynchronizer.java:2078)
        at java.util.concurrent.ScheduledThreadPoolExecutor$DelayedWorkQueue.take(ScheduledThreadPoolExecutor.java:1093)
        at java.util.concurrent.ScheduledThreadPoolExecutor$DelayedWorkQueue.take(ScheduledThreadPoolExecutor.java:809)
        at java.util.concurrent.ThreadPoolExecutor.getTask(ThreadPoolExecutor.java:1074)
        at java.util.concurrent.ThreadPoolExecutor.runWorker(ThreadPoolExecutor.java:1134)
        at java.util.concurrent.ThreadPoolExecutor$Worker.run(ThreadPoolExecutor.java:624)
        at java.lang.Thread.run(Thread.java:748)
"pool-188-thread-23"  prio=5 tid=2547 in Object.wait()
java.lang.Thread.State: WAITING (on object monitor)
        at sun.misc.Unsafe.park(Native Method)
        at java.util.concurrent.locks.LockSupport.park(LockSupport.java:175)
        at java.util.concurrent.locks.AbstractQueuedSynchronizer$ConditionObject.await(AbstractQueuedSynchronizer.java:2039)
        at java.util.concurrent.ArrayBlockingQueue.take(ArrayBlockingQueue.java:403)
        at java.util.concurrent.ThreadPoolExecutor.getTask(ThreadPoolExecutor.java:1074)
        at java.util.concurrent.ThreadPoolExecutor.runWorker(ThreadPoolExecutor.java:1134)
        at java.util.concurrent.ThreadPoolExecutor$Worker.run(ThreadPoolExecutor.java:624)
        at java.lang.Thread.run(Thread.java:748)
"pool-178-thread-49"  prio=5 tid=2511 in Object.wait()
java.lang.Thread.State: WAITING (on object monitor)
        at sun.misc.Unsafe.park(Native Method)
        at java.util.concurrent.locks.LockSupport.park(LockSupport.java:175)
        at java.util.concurrent.locks.AbstractQueuedSynchronizer$ConditionObject.await(AbstractQueuedSynchronizer.java:2039)
        at java.util.concurrent.ArrayBlockingQueue.take(ArrayBlockingQueue.java:403)
        at java.util.concurrent.ThreadPoolExecutor.getTask(ThreadPoolExecutor.java:1074)
        at java.util.concurrent.ThreadPoolExecutor.runWorker(ThreadPoolExecutor.java:1134)
        at java.util.concurrent.ThreadPoolExecutor$Worker.run(ThreadPoolExecutor.java:624)
        at java.lang.Thread.run(Thread.java:748)
"IPC Server handler 3 on 40581" daemon prio=5 tid=1912 timed_waiting
java.lang.Thread.State: TIMED_WAITING
        at sun.misc.Unsafe.park(Native Method)
        at java.util.concurrent.locks.LockSupport.parkNanos(LockSupport.java:215)
        at java.util.concurrent.locks.AbstractQueuedSynchronizer$ConditionObject.awaitNanos(AbstractQueuedSynchronizer.java:2078)
        at java.util.concurrent.LinkedBlockingQueue.poll(LinkedBlockingQueue.java:467)
        at org.apache.hadoop.ipc.CallQueueManager.take(CallQueueManager.java:288)
        at org.apache.hadoop.ipc.Server$Handler.run(Server.java:2668)
"pool-168-thread-13"  prio=5 tid=2413 in Object.wait()
java.lang.Thread.State: WAITING (on object monitor)
        at sun.misc.Unsafe.park(Native Method)
        at java.util.concurrent.locks.LockSupport.park(LockSupport.java:175)
        at java.util.concurrent.locks.AbstractQueuedSynchronizer$ConditionObject.await(AbstractQueuedSynchronizer.java:2039)
        at java.util.concurrent.ArrayBlockingQueue.take(ArrayBlockingQueue.java:403)
        at java.util.concurrent.ThreadPoolExecutor.getTask(ThreadPoolExecutor.java:1074)
        at java.util.concurrent.ThreadPoolExecutor.runWorker(ThreadPoolExecutor.java:1134)
        at java.util.concurrent.ThreadPoolExecutor$Worker.run(ThreadPoolExecutor.java:624)
        at java.lang.Thread.run(Thread.java:748)
"e96d2cc9-026c-4220-b0f4-2bd3b4d5a924@group-0B60AC9C5BED-StateMachineUpdater" daemon prio=5 tid=3112 in Object.wait()
java.lang.Thread.State: WAITING (on object monitor)
        at java.lang.Object.wait(Native Method)
        at java.lang.Object.wait(Object.java:502)
        at org.apache.ratis.server.impl.StateMachineUpdater.waitForCommit(StateMachineUpdater.java:194)
        at org.apache.ratis.server.impl.StateMachineUpdater.run(StateMachineUpdater.java:159)
        at java.lang.Thread.run(Thread.java:748)
"pool-238-thread-52"  prio=5 tid=2886 in Object.wait()
java.lang.Thread.State: WAITING (on object monitor)
        at sun.misc.Unsafe.park(Native Method)
        at java.util.concurrent.locks.LockSupport.park(LockSupport.java:175)
        at java.util.concurrent.locks.AbstractQueuedSynchronizer$ConditionObject.await(AbstractQueuedSynchronizer.java:2039)
        at java.util.concurrent.ArrayBlockingQueue.take(ArrayBlockingQueue.java:403)
        at java.util.concurrent.ThreadPoolExecutor.getTask(ThreadPoolExecutor.java:1074)
        at java.util.concurrent.ThreadPoolExecutor.runWorker(ThreadPoolExecutor.java:1134)
        at java.util.concurrent.ThreadPoolExecutor$Worker.run(ThreadPoolExecutor.java:624)
        at java.lang.Thread.run(Thread.java:748)
"pool-198-thread-49"  prio=5 tid=2635 in Object.wait()
java.lang.Thread.State: WAITING (on object monitor)
        at sun.misc.Unsafe.park(Native Method)
        at java.util.concurrent.locks.LockSupport.park(LockSupport.java:175)
        at java.util.concurrent.locks.AbstractQueuedSynchronizer$ConditionObject.await(AbstractQueuedSynchronizer.java:2039)
        at java.util.concurrent.ArrayBlockingQueue.take(ArrayBlockingQueue.java:403)
        at java.util.concurrent.ThreadPoolExecutor.getTask(ThreadPoolExecutor.java:1074)
        at java.util.concurrent.ThreadPoolExecutor.runWorker(ThreadPoolExecutor.java:1134)
        at java.util.concurrent.ThreadPoolExecutor$Worker.run(ThreadPoolExecutor.java:624)
        at java.lang.Thread.run(Thread.java:748)
"pool-228-thread-23"  prio=5 tid=2795 in Object.wait()
java.lang.Thread.State: WAITING (on object monitor)
        at sun.misc.Unsafe.park(Native Method)
        at java.util.concurrent.locks.LockSupport.park(LockSupport.java:175)
        at java.util.concurrent.locks.AbstractQueuedSynchronizer$ConditionObject.await(AbstractQueuedSynchronizer.java:2039)
        at java.util.concurrent.ArrayBlockingQueue.take(ArrayBlockingQueue.java:403)
        at java.util.concurrent.ThreadPoolExecutor.getTask(ThreadPoolExecutor.java:1074)
        at java.util.concurrent.ThreadPoolExecutor.runWorker(ThreadPoolExecutor.java:1134)
        at java.util.concurrent.ThreadPoolExecutor$Worker.run(ThreadPoolExecutor.java:624)
        at java.lang.Thread.run(Thread.java:748)
"pool-168-thread-46"  prio=5 tid=2446 in Object.wait()
java.lang.Thread.State: WAITING (on object monitor)
        at sun.misc.Unsafe.park(Native Method)
        at java.util.concurrent.locks.LockSupport.park(LockSupport.java:175)
        at java.util.concurrent.locks.AbstractQueuedSynchronizer$ConditionObject.await(AbstractQueuedSynchronizer.java:2039)
        at java.util.concurrent.ArrayBlockingQueue.take(ArrayBlockingQueue.java:403)
        at java.util.concurrent.ThreadPoolExecutor.getTask(ThreadPoolExecutor.java:1074)
        at java.util.concurrent.ThreadPoolExecutor.runWorker(ThreadPoolExecutor.java:1134)
        at java.util.concurrent.ThreadPoolExecutor$Worker.run(ThreadPoolExecutor.java:624)
        at java.lang.Thread.run(Thread.java:748)
"pool-158-thread-11"  prio=5 tid=2349 in Object.wait()
java.lang.Thread.State: WAITING (on object monitor)
        at sun.misc.Unsafe.park(Native Method)
        at java.util.concurrent.locks.LockSupport.park(LockSupport.java:175)
        at java.util.concurrent.locks.AbstractQueuedSynchronizer$ConditionObject.await(AbstractQueuedSynchronizer.java:2039)
        at java.util.concurrent.ArrayBlockingQueue.take(ArrayBlockingQueue.java:403)
        at java.util.concurrent.ThreadPoolExecutor.getTask(ThreadPoolExecutor.java:1074)
        at java.util.concurrent.ThreadPoolExecutor.runWorker(ThreadPoolExecutor.java:1134)
        at java.util.concurrent.ThreadPoolExecutor$Worker.run(ThreadPoolExecutor.java:624)
        at java.lang.Thread.run(Thread.java:748)
"pool-238-thread-60"  prio=5 tid=2894 in Object.wait()
java.lang.Thread.State: WAITING (on object monitor)
        at sun.misc.Unsafe.park(Native Method)
        at java.util.concurrent.locks.LockSupport.park(LockSupport.java:175)
        at java.util.concurrent.locks.AbstractQueuedSynchronizer$ConditionObject.await(AbstractQueuedSynchronizer.java:2039)
        at java.util.concurrent.ArrayBlockingQueue.take(ArrayBlockingQueue.java:403)
        at java.util.concurrent.ThreadPoolExecutor.getTask(ThreadPoolExecutor.java:1074)
        at java.util.concurrent.ThreadPoolExecutor.runWorker(ThreadPoolExecutor.java:1134)
        at java.util.concurrent.ThreadPoolExecutor$Worker.run(ThreadPoolExecutor.java:624)
        at java.lang.Thread.run(Thread.java:748)
"pool-188-thread-51"  prio=5 tid=2575 in Object.wait()
java.lang.Thread.State: WAITING (on object monitor)
        at sun.misc.Unsafe.park(Native Method)
        at java.util.concurrent.locks.LockSupport.park(LockSupport.java:175)
        at java.util.concurrent.locks.AbstractQueuedSynchronizer$ConditionObject.await(AbstractQueuedSynchronizer.java:2039)
        at java.util.concurrent.ArrayBlockingQueue.take(ArrayBlockingQueue.java:403)
        at java.util.concurrent.ThreadPoolExecutor.getTask(ThreadPoolExecutor.java:1074)
        at java.util.concurrent.ThreadPoolExecutor.runWorker(ThreadPoolExecutor.java:1134)
        at java.util.concurrent.ThreadPoolExecutor$Worker.run(ThreadPoolExecutor.java:624)
        at java.lang.Thread.run(Thread.java:748)
"pool-148-thread-38"  prio=5 tid=2313 in Object.wait()
java.lang.Thread.State: WAITING (on object monitor)
        at sun.misc.Unsafe.park(Native Method)
        at java.util.concurrent.locks.LockSupport.park(LockSupport.java:175)
        at java.util.concurrent.locks.AbstractQueuedSynchronizer$ConditionObject.await(AbstractQueuedSynchronizer.java:2039)
        at java.util.concurrent.ArrayBlockingQueue.take(ArrayBlockingQueue.java:403)
        at java.util.concurrent.ThreadPoolExecutor.getTask(ThreadPoolExecutor.java:1074)
        at java.util.concurrent.ThreadPoolExecutor.runWorker(ThreadPoolExecutor.java:1134)
        at java.util.concurrent.ThreadPoolExecutor$Worker.run(ThreadPoolExecutor.java:624)
        at java.lang.Thread.run(Thread.java:748)
"qtp270313690-2127" daemon prio=5 tid=2127 timed_waiting
java.lang.Thread.State: TIMED_WAITING
        at sun.misc.Unsafe.park(Native Method)
        at java.util.concurrent.locks.LockSupport.parkNanos(LockSupport.java:215)
        at java.util.concurrent.locks.AbstractQueuedSynchronizer$ConditionObject.awaitNanos(AbstractQueuedSynchronizer.java:2078)
        at org.eclipse.jetty.util.BlockingArrayQueue.poll(BlockingArrayQueue.java:392)
        at org.eclipse.jetty.util.thread.QueuedThreadPool.idleJobPoll(QueuedThreadPool.java:563)
        at org.eclipse.jetty.util.thread.QueuedThreadPool.access$800(QueuedThreadPool.java:48)
        at org.eclipse.jetty.util.thread.QueuedThreadPool$2.run(QueuedThreadPool.java:626)
        at java.lang.Thread.run(Thread.java:748)
"IPC Server handler 19 on 39845" daemon prio=5 tid=1948 timed_waiting
java.lang.Thread.State: TIMED_WAITING
        at sun.misc.Unsafe.park(Native Method)
        at java.util.concurrent.locks.LockSupport.parkNanos(LockSupport.java:215)
        at java.util.concurrent.locks.AbstractQueuedSynchronizer$ConditionObject.awaitNanos(AbstractQueuedSynchronizer.java:2078)
        at java.util.concurrent.LinkedBlockingQueue.poll(LinkedBlockingQueue.java:467)
        at org.apache.hadoop.ipc.CallQueueManager.take(CallQueueManager.java:288)
        at org.apache.hadoop.ipc.Server$Handler.run(Server.java:2668)
"pool-198-thread-57"  prio=5 tid=2643 in Object.wait()
java.lang.Thread.State: WAITING (on object monitor)
        at sun.misc.Unsafe.park(Native Method)
        at java.util.concurrent.locks.LockSupport.park(LockSupport.java:175)
        at java.util.concurrent.locks.AbstractQueuedSynchronizer$ConditionObject.await(AbstractQueuedSynchronizer.java:2039)
        at java.util.concurrent.ArrayBlockingQueue.take(ArrayBlockingQueue.java:403)
        at java.util.concurrent.ThreadPoolExecutor.getTask(ThreadPoolExecutor.java:1074)
        at java.util.concurrent.ThreadPoolExecutor.runWorker(ThreadPoolExecutor.java:1134)
        at java.util.concurrent.ThreadPoolExecutor$Worker.run(ThreadPoolExecutor.java:624)
        at java.lang.Thread.run(Thread.java:748)
"pool-218-thread-11"  prio=5 tid=2721 in Object.wait()
java.lang.Thread.State: WAITING (on object monitor)
        at sun.misc.Unsafe.park(Native Method)
        at java.util.concurrent.locks.LockSupport.park(LockSupport.java:175)
        at java.util.concurrent.locks.AbstractQueuedSynchronizer$ConditionObject.await(AbstractQueuedSynchronizer.java:2039)
        at java.util.concurrent.ArrayBlockingQueue.take(ArrayBlockingQueue.java:403)
        at java.util.concurrent.ThreadPoolExecutor.getTask(ThreadPoolExecutor.java:1074)
        at java.util.concurrent.ThreadPoolExecutor.runWorker(ThreadPoolExecutor.java:1134)
        at java.util.concurrent.ThreadPoolExecutor$Worker.run(ThreadPoolExecutor.java:624)
        at java.lang.Thread.run(Thread.java:748)
"qtp841721161-2068-acceptor-0@654cd8a7-ServerConnector@50eb4a2c{HTTP/1.1,[http/1.1]}{0.0.0.0:42734}" daemon prio=3 tid=2068 runnable
java.lang.Thread.State: RUNNABLE
        at sun.nio.ch.ServerSocketChannelImpl.accept0(Native Method)
        at sun.nio.ch.ServerSocketChannelImpl.accept(ServerSocketChannelImpl.java:422)
        at sun.nio.ch.ServerSocketChannelImpl.accept(ServerSocketChannelImpl.java:250)
        at org.eclipse.jetty.server.ServerConnector.accept(ServerConnector.java:397)
        at org.eclipse.jetty.server.AbstractConnector$Acceptor.run(AbstractConnector.java:601)
        at org.eclipse.jetty.util.thread.QueuedThreadPool.runJob(QueuedThreadPool.java:671)
        at org.eclipse.jetty.util.thread.QueuedThreadPool$2.run(QueuedThreadPool.java:589)
        at java.lang.Thread.run(Thread.java:748)
"IPC Server handler 5 on 39845" daemon prio=5 tid=1934 timed_waiting
java.lang.Thread.State: TIMED_WAITING
        at sun.misc.Unsafe.park(Native Method)
        at java.util.concurrent.locks.LockSupport.parkNanos(LockSupport.java:215)
        at java.util.concurrent.locks.AbstractQueuedSynchronizer$ConditionObject.awaitNanos(AbstractQueuedSynchronizer.java:2078)
        at java.util.concurrent.LinkedBlockingQueue.poll(LinkedBlockingQueue.java:467)
        at org.apache.hadoop.ipc.CallQueueManager.take(CallQueueManager.java:288)
        at org.apache.hadoop.ipc.Server$Handler.run(Server.java:2668)
"pool-158-thread-10"  prio=5 tid=2348 in Object.wait()
java.lang.Thread.State: WAITING (on object monitor)
        at sun.misc.Unsafe.park(Native Method)
        at java.util.concurrent.locks.LockSupport.park(LockSupport.java:175)
        at java.util.concurrent.locks.AbstractQueuedSynchronizer$ConditionObject.await(AbstractQueuedSynchronizer.java:2039)
        at java.util.concurrent.ArrayBlockingQueue.take(ArrayBlockingQueue.java:403)
        at java.util.concurrent.ThreadPoolExecutor.getTask(ThreadPoolExecutor.java:1074)
        at java.util.concurrent.ThreadPoolExecutor.runWorker(ThreadPoolExecutor.java:1134)
        at java.util.concurrent.ThreadPoolExecutor$Worker.run(ThreadPoolExecutor.java:624)
        at java.lang.Thread.run(Thread.java:748)
"qtp843410864-2177" daemon prio=5 tid=2177 timed_waiting
java.lang.Thread.State: TIMED_WAITING
        at sun.misc.Unsafe.park(Native Method)
        at java.util.concurrent.locks.LockSupport.parkNanos(LockSupport.java:215)
        at java.util.concurrent.locks.AbstractQueuedSynchronizer$ConditionObject.awaitNanos(AbstractQueuedSynchronizer.java:2078)
        at org.eclipse.jetty.util.BlockingArrayQueue.poll(BlockingArrayQueue.java:392)
        at org.eclipse.jetty.util.thread.QueuedThreadPool.idleJobPoll(QueuedThreadPool.java:563)
        at org.eclipse.jetty.util.thread.QueuedThreadPool.access$800(QueuedThreadPool.java:48)
        at org.eclipse.jetty.util.thread.QueuedThreadPool$2.run(QueuedThreadPool.java:626)
        at java.lang.Thread.run(Thread.java:748)
"pool-238-thread-5"  prio=5 tid=2839 in Object.wait()
java.lang.Thread.State: WAITING (on object monitor)
        at sun.misc.Unsafe.park(Native Method)
        at java.util.concurrent.locks.LockSupport.park(LockSupport.java:175)
        at java.util.concurrent.locks.AbstractQueuedSynchronizer$ConditionObject.await(AbstractQueuedSynchronizer.java:2039)
        at java.util.concurrent.ArrayBlockingQueue.take(ArrayBlockingQueue.java:403)
        at java.util.concurrent.ThreadPoolExecutor.getTask(ThreadPoolExecutor.java:1074)
        at java.util.concurrent.ThreadPoolExecutor.runWorker(ThreadPoolExecutor.java:1134)
        at java.util.concurrent.ThreadPoolExecutor$Worker.run(ThreadPoolExecutor.java:624)
        at java.lang.Thread.run(Thread.java:748)
"Datanode ReportManager Thread - 2" daemon prio=5 tid=2027 in Object.wait()
java.lang.Thread.State: WAITING (on object monitor)
        at sun.misc.Unsafe.park(Native Method)
        at java.util.concurrent.locks.LockSupport.park(LockSupport.java:175)
        at java.util.concurrent.locks.AbstractQueuedSynchronizer$ConditionObject.await(AbstractQueuedSynchronizer.java:2039)
        at java.util.concurrent.ScheduledThreadPoolExecutor$DelayedWorkQueue.take(ScheduledThreadPoolExecutor.java:1088)
        at java.util.concurrent.ScheduledThreadPoolExecutor$DelayedWorkQueue.take(ScheduledThreadPoolExecutor.java:809)
        at java.util.concurrent.ThreadPoolExecutor.getTask(ThreadPoolExecutor.java:1074)
        at java.util.concurrent.ThreadPoolExecutor.runWorker(ThreadPoolExecutor.java:1134)
        at java.util.concurrent.ThreadPoolExecutor$Worker.run(ThreadPoolExecutor.java:624)
        at java.lang.Thread.run(Thread.java:748)
"jaeger.RemoteReporter-QueueProcessor" daemon prio=5 tid=147 in Object.wait()
java.lang.Thread.State: WAITING (on object monitor)
        at sun.misc.Unsafe.park(Native Method)
        at java.util.concurrent.locks.LockSupport.park(LockSupport.java:175)
        at java.util.concurrent.locks.AbstractQueuedSynchronizer$ConditionObject.await(AbstractQueuedSynchronizer.java:2039)
        at java.util.concurrent.ArrayBlockingQueue.take(ArrayBlockingQueue.java:403)
        at io.jaegertracing.internal.reporters.RemoteReporter$QueueProcessor.run(RemoteReporter.java:173)
        at java.lang.Thread.run(Thread.java:748)
"IPC Server Responder" daemon prio=5 tid=1968 runnable
java.lang.Thread.State: RUNNABLE
        at sun.nio.ch.EPollArrayWrapper.epollWait(Native Method)
        at sun.nio.ch.EPollArrayWrapper.poll(EPollArrayWrapper.java:269)
        at sun.nio.ch.EPollSelectorImpl.doSelect(EPollSelectorImpl.java:93)
        at sun.nio.ch.SelectorImpl.lockAndDoSelect(SelectorImpl.java:86)
        at sun.nio.ch.SelectorImpl.select(SelectorImpl.java:97)
        at org.apache.hadoop.ipc.Server$Responder.doRunLoop(Server.java:1334)
        at org.apache.hadoop.ipc.Server$Responder.run(Server.java:1317)
"Thread-1551" daemon prio=5 tid=3210 timed_waiting
java.lang.Thread.State: TIMED_WAITING
        at java.lang.Thread.sleep(Native Method)
        at org.apache.ratis.util.JavaUtils.sleep(JavaUtils.java:243)
        at org.apache.ratis.server.impl.FollowerState.run(FollowerState.java:100)
"pool-238-thread-46"  prio=5 tid=2880 in Object.wait()
java.lang.Thread.State: WAITING (on object monitor)
        at sun.misc.Unsafe.park(Native Method)
        at java.util.concurrent.locks.LockSupport.park(LockSupport.java:175)
        at java.util.concurrent.locks.AbstractQueuedSynchronizer$ConditionObject.await(AbstractQueuedSynchronizer.java:2039)
        at java.util.concurrent.ArrayBlockingQueue.take(ArrayBlockingQueue.java:403)
        at java.util.concurrent.ThreadPoolExecutor.getTask(ThreadPoolExecutor.java:1074)
        at java.util.concurrent.ThreadPoolExecutor.runWorker(ThreadPoolExecutor.java:1134)
        at java.util.concurrent.ThreadPoolExecutor$Worker.run(ThreadPoolExecutor.java:624)
        at java.lang.Thread.run(Thread.java:748)
"pool-158-thread-56"  prio=5 tid=2394 in Object.wait()
java.lang.Thread.State: WAITING (on object monitor)
        at sun.misc.Unsafe.park(Native Method)
        at java.util.concurrent.locks.LockSupport.park(LockSupport.java:175)
        at java.util.concurrent.locks.AbstractQueuedSynchronizer$ConditionObject.await(AbstractQueuedSynchronizer.java:2039)
        at java.util.concurrent.ArrayBlockingQueue.take(ArrayBlockingQueue.java:403)
        at java.util.concurrent.ThreadPoolExecutor.getTask(ThreadPoolExecutor.java:1074)
        at java.util.concurrent.ThreadPoolExecutor.runWorker(ThreadPoolExecutor.java:1134)
        at java.util.concurrent.ThreadPoolExecutor$Worker.run(ThreadPoolExecutor.java:624)
        at java.lang.Thread.run(Thread.java:748)
"9ac24c7e-7e4f-4cef-ab0e-298cb71ae60d@group-12721B264F3B-StateMachineUpdater" daemon prio=5 tid=3117 in Object.wait()
java.lang.Thread.State: WAITING (on object monitor)
        at java.lang.Object.wait(Native Method)
        at java.lang.Object.wait(Object.java:502)
        at org.apache.ratis.server.impl.StateMachineUpdater.waitForCommit(StateMachineUpdater.java:194)
        at org.apache.ratis.server.impl.StateMachineUpdater.run(StateMachineUpdater.java:159)
        at java.lang.Thread.run(Thread.java:748)
"pool-198-thread-38"  prio=5 tid=2624 in Object.wait()
java.lang.Thread.State: WAITING (on object monitor)
        at sun.misc.Unsafe.park(Native Method)
        at java.util.concurrent.locks.LockSupport.park(LockSupport.java:175)
        at java.util.concurrent.locks.AbstractQueuedSynchronizer$ConditionObject.await(AbstractQueuedSynchronizer.java:2039)
        at java.util.concurrent.ArrayBlockingQueue.take(ArrayBlockingQueue.java:403)
        at java.util.concurrent.ThreadPoolExecutor.getTask(ThreadPoolExecutor.java:1074)
        at java.util.concurrent.ThreadPoolExecutor.runWorker(ThreadPoolExecutor.java:1134)
        at java.util.concurrent.ThreadPoolExecutor$Worker.run(ThreadPoolExecutor.java:624)
        at java.lang.Thread.run(Thread.java:748)
"Datanode State Machine Thread - 0" daemon prio=5 tid=2267 timed_waiting
java.lang.Thread.State: TIMED_WAITING
        at java.lang.Thread.sleep(Native Method)
        at org.apache.hadoop.ozone.container.common.statemachine.DatanodeStateMachine.start(DatanodeStateMachine.java:196)
        at org.apache.hadoop.ozone.container.common.statemachine.DatanodeStateMachine.lambda$startDaemon$0(DatanodeStateMachine.java:354)
        at org.apache.hadoop.ozone.container.common.statemachine.DatanodeStateMachine$$Lambda$141/502066023.run(Unknown Source)
        at java.lang.Thread.run(Thread.java:748)
"Periodic HDDS volume checker"  prio=5 tid=2114 timed_waiting
java.lang.Thread.State: TIMED_WAITING
        at sun.misc.Unsafe.park(Native Method)
        at java.util.concurrent.locks.LockSupport.parkNanos(LockSupport.java:215)
        at java.util.concurrent.locks.AbstractQueuedSynchronizer$ConditionObject.awaitNanos(AbstractQueuedSynchronizer.java:2078)
        at java.util.concurrent.ScheduledThreadPoolExecutor$DelayedWorkQueue.take(ScheduledThreadPoolExecutor.java:1093)
        at java.util.concurrent.ScheduledThreadPoolExecutor$DelayedWorkQueue.take(ScheduledThreadPoolExecutor.java:809)
        at java.util.concurrent.ThreadPoolExecutor.getTask(ThreadPoolExecutor.java:1074)
        at java.util.concurrent.ThreadPoolExecutor.runWorker(ThreadPoolExecutor.java:1134)
        at java.util.concurrent.ThreadPoolExecutor$Worker.run(ThreadPoolExecutor.java:624)
        at java.lang.Thread.run(Thread.java:748)
"IPC Server handler 9 on 39845" daemon prio=5 tid=1938 timed_waiting
java.lang.Thread.State: TIMED_WAITING
        at sun.misc.Unsafe.park(Native Method)
        at java.util.concurrent.locks.LockSupport.parkNanos(LockSupport.java:215)
        at java.util.concurrent.locks.AbstractQueuedSynchronizer$ConditionObject.awaitNanos(AbstractQueuedSynchronizer.java:2078)
        at java.util.concurrent.LinkedBlockingQueue.poll(LinkedBlockingQueue.java:467)
        at org.apache.hadoop.ipc.CallQueueManager.take(CallQueueManager.java:288)
        at org.apache.hadoop.ipc.Server$Handler.run(Server.java:2668)
"pool-218-thread-53"  prio=5 tid=2763 in Object.wait()
java.lang.Thread.State: WAITING (on object monitor)
        at sun.misc.Unsafe.park(Native Method)
        at java.util.concurrent.locks.LockSupport.park(LockSupport.java:175)
        at java.util.concurrent.locks.AbstractQueuedSynchronizer$ConditionObject.await(AbstractQueuedSynchronizer.java:2039)
        at java.util.concurrent.ArrayBlockingQueue.take(ArrayBlockingQueue.java:403)
        at java.util.concurrent.ThreadPoolExecutor.getTask(ThreadPoolExecutor.java:1074)
        at java.util.concurrent.ThreadPoolExecutor.runWorker(ThreadPoolExecutor.java:1134)
        at java.util.concurrent.ThreadPoolExecutor$Worker.run(ThreadPoolExecutor.java:624)
        at java.lang.Thread.run(Thread.java:748)
"pool-188-thread-1"  prio=5 tid=2525 in Object.wait()
java.lang.Thread.State: WAITING (on object monitor)
        at sun.misc.Unsafe.park(Native Method)
        at java.util.concurrent.locks.LockSupport.park(LockSupport.java:175)
        at java.util.concurrent.locks.AbstractQueuedSynchronizer$ConditionObject.await(AbstractQueuedSynchronizer.java:2039)
        at java.util.concurrent.ArrayBlockingQueue.take(ArrayBlockingQueue.java:403)
        at java.util.concurrent.ThreadPoolExecutor.getTask(ThreadPoolExecutor.java:1074)
        at java.util.concurrent.ThreadPoolExecutor.runWorker(ThreadPoolExecutor.java:1134)
        at java.util.concurrent.ThreadPoolExecutor$Worker.run(ThreadPoolExecutor.java:624)
        at java.lang.Thread.run(Thread.java:748)
"Datanode ReportManager Thread - 0" daemon prio=5 tid=2160 timed_waiting
java.lang.Thread.State: TIMED_WAITING
        at sun.misc.Unsafe.park(Native Method)
        at java.util.concurrent.locks.LockSupport.parkNanos(LockSupport.java:215)
        at java.util.concurrent.locks.AbstractQueuedSynchronizer$ConditionObject.awaitNanos(AbstractQueuedSynchronizer.java:2078)
        at java.util.concurrent.ScheduledThreadPoolExecutor$DelayedWorkQueue.take(ScheduledThreadPoolExecutor.java:1093)
        at java.util.concurrent.ScheduledThreadPoolExecutor$DelayedWorkQueue.take(ScheduledThreadPoolExecutor.java:809)
        at java.util.concurrent.ThreadPoolExecutor.getTask(ThreadPoolExecutor.java:1074)
        at java.util.concurrent.ThreadPoolExecutor.runWorker(ThreadPoolExecutor.java:1134)
        at java.util.concurrent.ThreadPoolExecutor$Worker.run(ThreadPoolExecutor.java:624)
        at java.lang.Thread.run(Thread.java:748)
"org.eclipse.jetty.server.session.HashSessionManager@55b5cd2bTimer" daemon prio=5 tid=2238 timed_waiting
java.lang.Thread.State: TIMED_WAITING
        at sun.misc.Unsafe.park(Native Method)
        at java.util.concurrent.locks.LockSupport.parkNanos(LockSupport.java:215)
        at java.util.concurrent.locks.AbstractQueuedSynchronizer$ConditionObject.awaitNanos(AbstractQueuedSynchronizer.java:2078)
        at java.util.concurrent.ScheduledThreadPoolExecutor$DelayedWorkQueue.take(ScheduledThreadPoolExecutor.java:1093)
        at java.util.concurrent.ScheduledThreadPoolExecutor$DelayedWorkQueue.take(ScheduledThreadPoolExecutor.java:809)
        at java.util.concurrent.ThreadPoolExecutor.getTask(ThreadPoolExecutor.java:1074)
        at java.util.concurrent.ThreadPoolExecutor.runWorker(ThreadPoolExecutor.java:1134)
        at java.util.concurrent.ThreadPoolExecutor$Worker.run(ThreadPoolExecutor.java:624)
        at java.lang.Thread.run(Thread.java:748)
"Command processor thread" daemon prio=5 tid=2191 timed_waiting
java.lang.Thread.State: TIMED_WAITING
        at java.lang.Thread.sleep(Native Method)
        at org.apache.hadoop.ozone.container.common.statemachine.DatanodeStateMachine.lambda$initCommandHandlerThread$1(DatanodeStateMachine.java:444)
        at org.apache.hadoop.ozone.container.common.statemachine.DatanodeStateMachine$$Lambda$142/1059342576.run(Unknown Source)
        at java.lang.Thread.run(Thread.java:748)
"pool-228-thread-15"  prio=5 tid=2787 in Object.wait()
java.lang.Thread.State: WAITING (on object monitor)
        at sun.misc.Unsafe.park(Native Method)
        at java.util.concurrent.locks.LockSupport.park(LockSupport.java:175)
        at java.util.concurrent.locks.AbstractQueuedSynchronizer$ConditionObject.await(AbstractQueuedSynchronizer.java:2039)
        at java.util.concurrent.ArrayBlockingQueue.take(ArrayBlockingQueue.java:403)
        at java.util.concurrent.ThreadPoolExecutor.getTask(ThreadPoolExecutor.java:1074)
        at java.util.concurrent.ThreadPoolExecutor.runWorker(ThreadPoolExecutor.java:1134)
        at java.util.concurrent.ThreadPoolExecutor$Worker.run(ThreadPoolExecutor.java:624)
        at java.lang.Thread.run(Thread.java:748)
"pool-218-thread-26"  prio=5 tid=2736 in Object.wait()
java.lang.Thread.State: WAITING (on object monitor)
        at sun.misc.Unsafe.park(Native Method)
        at java.util.concurrent.locks.LockSupport.park(LockSupport.java:175)
        at java.util.concurrent.locks.AbstractQueuedSynchronizer$ConditionObject.await(AbstractQueuedSynchronizer.java:2039)
        at java.util.concurrent.ArrayBlockingQueue.take(ArrayBlockingQueue.java:403)
        at java.util.concurrent.ThreadPoolExecutor.getTask(ThreadPoolExecutor.java:1074)
        at java.util.concurrent.ThreadPoolExecutor.runWorker(ThreadPoolExecutor.java:1134)
        at java.util.concurrent.ThreadPoolExecutor$Worker.run(ThreadPoolExecutor.java:624)
        at java.lang.Thread.run(Thread.java:748)
"pool-198-thread-59"  prio=5 tid=2645 in Object.wait()
java.lang.Thread.State: WAITING (on object monitor)
        at sun.misc.Unsafe.park(Native Method)
        at java.util.concurrent.locks.LockSupport.park(LockSupport.java:175)
        at java.util.concurrent.locks.AbstractQueuedSynchronizer$ConditionObject.await(AbstractQueuedSynchronizer.java:2039)
        at java.util.concurrent.ArrayBlockingQueue.take(ArrayBlockingQueue.java:403)
        at java.util.concurrent.ThreadPoolExecutor.getTask(ThreadPoolExecutor.java:1074)
        at java.util.concurrent.ThreadPoolExecutor.runWorker(ThreadPoolExecutor.java:1134)
        at java.util.concurrent.ThreadPoolExecutor$Worker.run(ThreadPoolExecutor.java:624)
        at java.lang.Thread.run(Thread.java:748)
"pool-178-thread-18"  prio=5 tid=2480 in Object.wait()
java.lang.Thread.State: WAITING (on object monitor)
        at sun.misc.Unsafe.park(Native Method)
        at java.util.concurrent.locks.LockSupport.park(LockSupport.java:175)
        at java.util.concurrent.locks.AbstractQueuedSynchronizer$ConditionObject.await(AbstractQueuedSynchronizer.java:2039)
        at java.util.concurrent.ArrayBlockingQueue.take(ArrayBlockingQueue.java:403)
        at java.util.concurrent.ThreadPoolExecutor.getTask(ThreadPoolExecutor.java:1074)
        at java.util.concurrent.ThreadPoolExecutor.runWorker(ThreadPoolExecutor.java:1134)
        at java.util.concurrent.ThreadPoolExecutor$Worker.run(ThreadPoolExecutor.java:624)
        at java.lang.Thread.run(Thread.java:748)
"PartialTableCache Cleanup Thread - 0" daemon prio=5 tid=3078 in Object.wait()
java.lang.Thread.State: WAITING (on object monitor)
        at sun.misc.Unsafe.park(Native Method)
        at java.util.concurrent.locks.LockSupport.park(LockSupport.java:175)
        at java.util.concurrent.locks.AbstractQueuedSynchronizer$ConditionObject.await(AbstractQueuedSynchronizer.java:2039)
        at java.util.concurrent.LinkedBlockingQueue.take(LinkedBlockingQueue.java:442)
        at java.util.concurrent.ThreadPoolExecutor.getTask(ThreadPoolExecutor.java:1074)
        at java.util.concurrent.ThreadPoolExecutor.runWorker(ThreadPoolExecutor.java:1134)
        at java.util.concurrent.ThreadPoolExecutor$Worker.run(ThreadPoolExecutor.java:624)
        at java.lang.Thread.run(Thread.java:748)
"pool-188-thread-20"  prio=5 tid=2544 in Object.wait()
java.lang.Thread.State: WAITING (on object monitor)
        at sun.misc.Unsafe.park(Native Method)
        at java.util.concurrent.locks.LockSupport.park(LockSupport.java:175)
        at java.util.concurrent.locks.AbstractQueuedSynchronizer$ConditionObject.await(AbstractQueuedSynchronizer.java:2039)
        at java.util.concurrent.ArrayBlockingQueue.take(ArrayBlockingQueue.java:403)
        at java.util.concurrent.ThreadPoolExecutor.getTask(ThreadPoolExecutor.java:1074)
        at java.util.concurrent.ThreadPoolExecutor.runWorker(ThreadPoolExecutor.java:1134)
        at java.util.concurrent.ThreadPoolExecutor$Worker.run(ThreadPoolExecutor.java:624)
        at java.lang.Thread.run(Thread.java:748)
"pool-189-thread-1"  prio=5 tid=2936 in Object.wait()
java.lang.Thread.State: WAITING (on object monitor)
        at sun.misc.Unsafe.park(Native Method)
        at java.util.concurrent.locks.LockSupport.park(LockSupport.java:175)
        at java.util.concurrent.locks.AbstractQueuedSynchronizer$ConditionObject.await(AbstractQueuedSynchronizer.java:2039)
        at java.util.concurrent.LinkedBlockingQueue.take(LinkedBlockingQueue.java:442)
        at java.util.concurrent.ThreadPoolExecutor.getTask(ThreadPoolExecutor.java:1074)
        at java.util.concurrent.ThreadPoolExecutor.runWorker(ThreadPoolExecutor.java:1134)
        at java.util.concurrent.ThreadPoolExecutor$Worker.run(ThreadPoolExecutor.java:624)
        at java.lang.Thread.run(Thread.java:748)
"pool-228-thread-5"  prio=5 tid=2777 in Object.wait()
java.lang.Thread.State: WAITING (on object monitor)
        at sun.misc.Unsafe.park(Native Method)
        at java.util.concurrent.locks.LockSupport.park(LockSupport.java:175)
        at java.util.concurrent.locks.AbstractQueuedSynchronizer$ConditionObject.await(AbstractQueuedSynchronizer.java:2039)
        at java.util.concurrent.ArrayBlockingQueue.take(ArrayBlockingQueue.java:403)
        at java.util.concurrent.ThreadPoolExecutor.getTask(ThreadPoolExecutor.java:1074)
        at java.util.concurrent.ThreadPoolExecutor.runWorker(ThreadPoolExecutor.java:1134)
        at java.util.concurrent.ThreadPoolExecutor$Worker.run(ThreadPoolExecutor.java:624)
        at java.lang.Thread.run(Thread.java:748)
"pool-218-thread-16"  prio=5 tid=2726 in Object.wait()
java.lang.Thread.State: WAITING (on object monitor)
        at sun.misc.Unsafe.park(Native Method)
        at java.util.concurrent.locks.LockSupport.park(LockSupport.java:175)
        at java.util.concurrent.locks.AbstractQueuedSynchronizer$ConditionObject.await(AbstractQueuedSynchronizer.java:2039)
        at java.util.concurrent.ArrayBlockingQueue.take(ArrayBlockingQueue.java:403)
        at java.util.concurrent.ThreadPoolExecutor.getTask(ThreadPoolExecutor.java:1074)
        at java.util.concurrent.ThreadPoolExecutor.runWorker(ThreadPoolExecutor.java:1134)
        at java.util.concurrent.ThreadPoolExecutor$Worker.run(ThreadPoolExecutor.java:624)
        at java.lang.Thread.run(Thread.java:748)
"Socket Reader #1 for port 39845"  prio=5 tid=1875 runnable
java.lang.Thread.State: RUNNABLE
        at sun.nio.ch.EPollArrayWrapper.epollWait(Native Method)
        at sun.nio.ch.EPollArrayWrapper.poll(EPollArrayWrapper.java:269)
        at sun.nio.ch.EPollSelectorImpl.doSelect(EPollSelectorImpl.java:93)
        at sun.nio.ch.SelectorImpl.lockAndDoSelect(SelectorImpl.java:86)
        at sun.nio.ch.SelectorImpl.select(SelectorImpl.java:97)
        at sun.nio.ch.SelectorImpl.select(SelectorImpl.java:101)
        at org.apache.hadoop.ipc.Server$Listener$Reader.doRunLoop(Server.java:1097)
        at org.apache.hadoop.ipc.Server$Listener$Reader.run(Server.java:1076)
"pool-208-thread-43"  prio=5 tid=2691 in Object.wait()
java.lang.Thread.State: WAITING (on object monitor)
        at sun.misc.Unsafe.park(Native Method)
        at java.util.concurrent.locks.LockSupport.park(LockSupport.java:175)
        at java.util.concurrent.locks.AbstractQueuedSynchronizer$ConditionObject.await(AbstractQueuedSynchronizer.java:2039)
        at java.util.concurrent.ArrayBlockingQueue.take(ArrayBlockingQueue.java:403)
        at java.util.concurrent.ThreadPoolExecutor.getTask(ThreadPoolExecutor.java:1074)
        at java.util.concurrent.ThreadPoolExecutor.runWorker(ThreadPoolExecutor.java:1134)
        at java.util.concurrent.ThreadPoolExecutor$Worker.run(ThreadPoolExecutor.java:624)
        at java.lang.Thread.run(Thread.java:748)
"pool-238-thread-18"  prio=5 tid=2852 in Object.wait()
java.lang.Thread.State: WAITING (on object monitor)
        at sun.misc.Unsafe.park(Native Method)
        at java.util.concurrent.locks.LockSupport.park(LockSupport.java:175)
        at java.util.concurrent.locks.AbstractQueuedSynchronizer$ConditionObject.await(AbstractQueuedSynchronizer.java:2039)
        at java.util.concurrent.ArrayBlockingQueue.take(ArrayBlockingQueue.java:403)
        at java.util.concurrent.ThreadPoolExecutor.getTask(ThreadPoolExecutor.java:1074)
        at java.util.concurrent.ThreadPoolExecutor.runWorker(ThreadPoolExecutor.java:1134)
        at java.util.concurrent.ThreadPoolExecutor$Worker.run(ThreadPoolExecutor.java:624)
        at java.lang.Thread.run(Thread.java:748)
"pool-238-thread-11"  prio=5 tid=2845 in Object.wait()
java.lang.Thread.State: WAITING (on object monitor)
        at sun.misc.Unsafe.park(Native Method)
        at java.util.concurrent.locks.LockSupport.park(LockSupport.java:175)
        at java.util.concurrent.locks.AbstractQueuedSynchronizer$ConditionObject.await(AbstractQueuedSynchronizer.java:2039)
        at java.util.concurrent.ArrayBlockingQueue.take(ArrayBlockingQueue.java:403)
        at java.util.concurrent.ThreadPoolExecutor.getTask(ThreadPoolExecutor.java:1074)
        at java.util.concurrent.ThreadPoolExecutor.runWorker(ThreadPoolExecutor.java:1134)
        at java.util.concurrent.ThreadPoolExecutor$Worker.run(ThreadPoolExecutor.java:624)
        at java.lang.Thread.run(Thread.java:748)
"pool-188-thread-39"  prio=5 tid=2563 in Object.wait()
java.lang.Thread.State: WAITING (on object monitor)
        at sun.misc.Unsafe.park(Native Method)
        at java.util.concurrent.locks.LockSupport.park(LockSupport.java:175)
        at java.util.concurrent.locks.AbstractQueuedSynchronizer$ConditionObject.await(AbstractQueuedSynchronizer.java:2039)
        at java.util.concurrent.ArrayBlockingQueue.take(ArrayBlockingQueue.java:403)
        at java.util.concurrent.ThreadPoolExecutor.getTask(ThreadPoolExecutor.java:1074)
        at java.util.concurrent.ThreadPoolExecutor.runWorker(ThreadPoolExecutor.java:1134)
        at java.util.concurrent.ThreadPoolExecutor$Worker.run(ThreadPoolExecutor.java:624)
        at java.lang.Thread.run(Thread.java:748)
"DataNode DiskChecker thread 0" daemon prio=5 tid=2090 timed_waiting
java.lang.Thread.State: TIMED_WAITING
        at sun.misc.Unsafe.park(Native Method)
        at java.util.concurrent.locks.LockSupport.parkNanos(LockSupport.java:215)
        at java.util.concurrent.SynchronousQueue$TransferStack.awaitFulfill(SynchronousQueue.java:460)
        at java.util.concurrent.SynchronousQueue$TransferStack.transfer(SynchronousQueue.java:362)
        at java.util.concurrent.SynchronousQueue.poll(SynchronousQueue.java:941)
        at java.util.concurrent.ThreadPoolExecutor.getTask(ThreadPoolExecutor.java:1073)
        at java.util.concurrent.ThreadPoolExecutor.runWorker(ThreadPoolExecutor.java:1134)
        at java.util.concurrent.ThreadPoolExecutor$Worker.run(ThreadPoolExecutor.java:624)
        at java.lang.Thread.run(Thread.java:748)
"pool-178-thread-20"  prio=5 tid=2482 in Object.wait()
java.lang.Thread.State: WAITING (on object monitor)
        at sun.misc.Unsafe.park(Native Method)
        at java.util.concurrent.locks.LockSupport.park(LockSupport.java:175)
        at java.util.concurrent.locks.AbstractQueuedSynchronizer$ConditionObject.await(AbstractQueuedSynchronizer.java:2039)
        at java.util.concurrent.ArrayBlockingQueue.take(ArrayBlockingQueue.java:403)
        at java.util.concurrent.ThreadPoolExecutor.getTask(ThreadPoolExecutor.java:1074)
        at java.util.concurrent.ThreadPoolExecutor.runWorker(ThreadPoolExecutor.java:1134)
        at java.util.concurrent.ThreadPoolExecutor$Worker.run(ThreadPoolExecutor.java:624)
        at java.lang.Thread.run(Thread.java:748)
"pool-198-thread-52"  prio=5 tid=2638 in Object.wait()
java.lang.Thread.State: WAITING (on object monitor)
        at sun.misc.Unsafe.park(Native Method)
        at java.util.concurrent.locks.LockSupport.park(LockSupport.java:175)
        at java.util.concurrent.locks.AbstractQueuedSynchronizer$ConditionObject.await(AbstractQueuedSynchronizer.java:2039)
        at java.util.concurrent.ArrayBlockingQueue.take(ArrayBlockingQueue.java:403)
        at java.util.concurrent.ThreadPoolExecutor.getTask(ThreadPoolExecutor.java:1074)
        at java.util.concurrent.ThreadPoolExecutor.runWorker(ThreadPoolExecutor.java:1134)
        at java.util.concurrent.ThreadPoolExecutor$Worker.run(ThreadPoolExecutor.java:624)
        at java.lang.Thread.run(Thread.java:748)
"refreshUsed-/workdir/hadoop-ozone/integration-test/target/test-dir/MiniOzoneClusterImpl-8fc52630-20fd-4955-97d1-2a2852f9ee58/datanode-3/data/containers" daemon prio=5 tid=2089 timed_waiting
java.lang.Thread.State: TIMED_WAITING
        at java.lang.Thread.sleep(Native Method)
        at org.apache.hadoop.fs.CachingGetSpaceUsed$RefreshThread.run(CachingGetSpaceUsed.java:179)
        at java.lang.Thread.run(Thread.java:748)
"pool-198-thread-2"  prio=5 tid=2588 in Object.wait()
java.lang.Thread.State: WAITING (on object monitor)
        at sun.misc.Unsafe.park(Native Method)
        at java.util.concurrent.locks.LockSupport.park(LockSupport.java:175)
        at java.util.concurrent.locks.AbstractQueuedSynchronizer$ConditionObject.await(AbstractQueuedSynchronizer.java:2039)
        at java.util.concurrent.ArrayBlockingQueue.take(ArrayBlockingQueue.java:403)
        at java.util.concurrent.ThreadPoolExecutor.getTask(ThreadPoolExecutor.java:1074)
        at java.util.concurrent.ThreadPoolExecutor.runWorker(ThreadPoolExecutor.java:1134)
        at java.util.concurrent.ThreadPoolExecutor$Worker.run(ThreadPoolExecutor.java:624)
        at java.lang.Thread.run(Thread.java:748)
"refreshUsed-/workdir/hadoop-ozone/integration-test/target/test-dir/MiniOzoneClusterImpl-8fc52630-20fd-4955-97d1-2a2852f9ee58/datanode-6/data/containers" daemon prio=5 tid=2170 timed_waiting
java.lang.Thread.State: TIMED_WAITING
        at java.lang.Thread.sleep(Native Method)
        at org.apache.hadoop.fs.CachingGetSpaceUsed$RefreshThread.run(CachingGetSpaceUsed.java:179)
        at java.lang.Thread.run(Thread.java:748)
"Datanode State Machine Thread - 0" daemon prio=5 tid=2105 timed_waiting
java.lang.Thread.State: TIMED_WAITING
        at java.lang.Thread.sleep(Native Method)
        at org.apache.hadoop.ozone.container.common.statemachine.DatanodeStateMachine.start(DatanodeStateMachine.java:196)
        at org.apache.hadoop.ozone.container.common.statemachine.DatanodeStateMachine.lambda$startDaemon$0(DatanodeStateMachine.java:354)
        at org.apache.hadoop.ozone.container.common.statemachine.DatanodeStateMachine$$Lambda$141/502066023.run(Unknown Source)
        at java.lang.Thread.run(Thread.java:748)
"EventQueue-SafemodestatusForSafeModeHandler" daemon prio=5 tid=2904 in Object.wait()
java.lang.Thread.State: WAITING (on object monitor)
        at sun.misc.Unsafe.park(Native Method)
        at java.util.concurrent.locks.LockSupport.park(LockSupport.java:175)
        at java.util.concurrent.locks.AbstractQueuedSynchronizer$ConditionObject.await(AbstractQueuedSynchronizer.java:2039)
        at java.util.concurrent.LinkedBlockingQueue.take(LinkedBlockingQueue.java:442)
        at java.util.concurrent.ThreadPoolExecutor.getTask(ThreadPoolExecutor.java:1074)
        at java.util.concurrent.ThreadPoolExecutor.runWorker(ThreadPoolExecutor.java:1134)
        at java.util.concurrent.ThreadPoolExecutor$Worker.run(ThreadPoolExecutor.java:624)
        at java.lang.Thread.run(Thread.java:748)
"BlockDeletingService#0" daemon prio=5 tid=2709 timed_waiting
java.lang.Thread.State: TIMED_WAITING
        at sun.misc.Unsafe.park(Native Method)
        at java.util.concurrent.locks.LockSupport.parkNanos(LockSupport.java:215)
        at java.util.concurrent.locks.AbstractQueuedSynchronizer$ConditionObject.awaitNanos(AbstractQueuedSynchronizer.java:2078)
        at java.util.concurrent.ScheduledThreadPoolExecutor$DelayedWorkQueue.take(ScheduledThreadPoolExecutor.java:1093)
        at java.util.concurrent.ScheduledThreadPoolExecutor$DelayedWorkQueue.take(ScheduledThreadPoolExecutor.java:809)
        at java.util.concurrent.ThreadPoolExecutor.getTask(ThreadPoolExecutor.java:1074)
        at java.util.concurrent.ThreadPoolExecutor.runWorker(ThreadPoolExecutor.java:1134)
        at java.util.concurrent.ThreadPoolExecutor$Worker.run(ThreadPoolExecutor.java:624)
        at java.lang.Thread.run(Thread.java:748)
"pool-188-thread-18"  prio=5 tid=2542 in Object.wait()
java.lang.Thread.State: WAITING (on object monitor)
        at sun.misc.Unsafe.park(Native Method)
        at java.util.concurrent.locks.LockSupport.park(LockSupport.java:175)
        at java.util.concurrent.locks.AbstractQueuedSynchronizer$ConditionObject.await(AbstractQueuedSynchronizer.java:2039)
        at java.util.concurrent.ArrayBlockingQueue.take(ArrayBlockingQueue.java:403)
        at java.util.concurrent.ThreadPoolExecutor.getTask(ThreadPoolExecutor.java:1074)
        at java.util.concurrent.ThreadPoolExecutor.runWorker(ThreadPoolExecutor.java:1134)
        at java.util.concurrent.ThreadPoolExecutor$Worker.run(ThreadPoolExecutor.java:624)
        at java.lang.Thread.run(Thread.java:748)
"pool-218-thread-58"  prio=5 tid=2768 in Object.wait()
java.lang.Thread.State: WAITING (on object monitor)
        at sun.misc.Unsafe.park(Native Method)
        at java.util.concurrent.locks.LockSupport.park(LockSupport.java:175)
        at java.util.concurrent.locks.AbstractQueuedSynchronizer$ConditionObject.await(AbstractQueuedSynchronizer.java:2039)
        at java.util.concurrent.ArrayBlockingQueue.take(ArrayBlockingQueue.java:403)
        at java.util.concurrent.ThreadPoolExecutor.getTask(ThreadPoolExecutor.java:1074)
        at java.util.concurrent.ThreadPoolExecutor.runWorker(ThreadPoolExecutor.java:1134)
        at java.util.concurrent.ThreadPoolExecutor$Worker.run(ThreadPoolExecutor.java:624)
        at java.lang.Thread.run(Thread.java:748)
"pool-188-thread-32"  prio=5 tid=2556 in Object.wait()
java.lang.Thread.State: WAITING (on object monitor)
        at sun.misc.Unsafe.park(Native Method)
        at java.util.concurrent.locks.LockSupport.park(LockSupport.java:175)
        at java.util.concurrent.locks.AbstractQueuedSynchronizer$ConditionObject.await(AbstractQueuedSynchronizer.java:2039)
        at java.util.concurrent.ArrayBlockingQueue.take(ArrayBlockingQueue.java:403)
        at java.util.concurrent.ThreadPoolExecutor.getTask(ThreadPoolExecutor.java:1074)
        at java.util.concurrent.ThreadPoolExecutor.runWorker(ThreadPoolExecutor.java:1134)
        at java.util.concurrent.ThreadPoolExecutor$Worker.run(ThreadPoolExecutor.java:624)
        at java.lang.Thread.run(Thread.java:748)
"pool-228-thread-29"  prio=5 tid=2801 in Object.wait()
java.lang.Thread.State: WAITING (on object monitor)
        at sun.misc.Unsafe.park(Native Method)
        at java.util.concurrent.locks.LockSupport.park(LockSupport.java:175)
        at java.util.concurrent.locks.AbstractQueuedSynchronizer$ConditionObject.await(AbstractQueuedSynchronizer.java:2039)
        at java.util.concurrent.ArrayBlockingQueue.take(ArrayBlockingQueue.java:403)
        at java.util.concurrent.ThreadPoolExecutor.getTask(ThreadPoolExecutor.java:1074)
        at java.util.concurrent.ThreadPoolExecutor.runWorker(ThreadPoolExecutor.java:1134)
        at java.util.concurrent.ThreadPoolExecutor$Worker.run(ThreadPoolExecutor.java:624)
        at java.lang.Thread.run(Thread.java:748)
"refreshUsed-/workdir/hadoop-ozone/integration-test/target/test-dir/MiniOzoneClusterImpl-8fc52630-20fd-4955-97d1-2a2852f9ee58/datanode-7/data/containers" daemon prio=5 tid=2197 timed_waiting
java.lang.Thread.State: TIMED_WAITING
        at java.lang.Thread.sleep(Native Method)
        at org.apache.hadoop.fs.CachingGetSpaceUsed$RefreshThread.run(CachingGetSpaceUsed.java:179)
        at java.lang.Thread.run(Thread.java:748)
"pool-208-thread-16"  prio=5 tid=2664 in Object.wait()
java.lang.Thread.State: WAITING (on object monitor)
        at sun.misc.Unsafe.park(Native Method)
        at java.util.concurrent.locks.LockSupport.park(LockSupport.java:175)
        at java.util.concurrent.locks.AbstractQueuedSynchronizer$ConditionObject.await(AbstractQueuedSynchronizer.java:2039)
        at java.util.concurrent.ArrayBlockingQueue.take(ArrayBlockingQueue.java:403)
        at java.util.concurrent.ThreadPoolExecutor.getTask(ThreadPoolExecutor.java:1074)
        at java.util.concurrent.ThreadPoolExecutor.runWorker(ThreadPoolExecutor.java:1134)
        at java.util.concurrent.ThreadPoolExecutor$Worker.run(ThreadPoolExecutor.java:624)
        at java.lang.Thread.run(Thread.java:748)
"pool-188-thread-17"  prio=5 tid=2541 in Object.wait()
java.lang.Thread.State: WAITING (on object monitor)
        at sun.misc.Unsafe.park(Native Method)
        at java.util.concurrent.locks.LockSupport.park(LockSupport.java:175)
        at java.util.concurrent.locks.AbstractQueuedSynchronizer$ConditionObject.await(AbstractQueuedSynchronizer.java:2039)
        at java.util.concurrent.ArrayBlockingQueue.take(ArrayBlockingQueue.java:403)
        at java.util.concurrent.ThreadPoolExecutor.getTask(ThreadPoolExecutor.java:1074)
        at java.util.concurrent.ThreadPoolExecutor.runWorker(ThreadPoolExecutor.java:1134)
        at java.util.concurrent.ThreadPoolExecutor$Worker.run(ThreadPoolExecutor.java:624)
        at java.lang.Thread.run(Thread.java:748)
"pool-158-thread-52"  prio=5 tid=2390 in Object.wait()
java.lang.Thread.State: WAITING (on object monitor)
        at sun.misc.Unsafe.park(Native Method)
        at java.util.concurrent.locks.LockSupport.park(LockSupport.java:175)
        at java.util.concurrent.locks.AbstractQueuedSynchronizer$ConditionObject.await(AbstractQueuedSynchronizer.java:2039)
        at java.util.concurrent.ArrayBlockingQueue.take(ArrayBlockingQueue.java:403)
        at java.util.concurrent.ThreadPoolExecutor.getTask(ThreadPoolExecutor.java:1074)
        at java.util.concurrent.ThreadPoolExecutor.runWorker(ThreadPoolExecutor.java:1134)
        at java.util.concurrent.ThreadPoolExecutor$Worker.run(ThreadPoolExecutor.java:624)
        at java.lang.Thread.run(Thread.java:748)
"IPC Server handler 17 on 45410" daemon prio=5 tid=1989 timed_waiting
java.lang.Thread.State: TIMED_WAITING
        at sun.misc.Unsafe.park(Native Method)
        at java.util.concurrent.locks.LockSupport.parkNanos(LockSupport.java:215)
        at java.util.concurrent.locks.AbstractQueuedSynchronizer$ConditionObject.awaitNanos(AbstractQueuedSynchronizer.java:2078)
        at java.util.concurrent.LinkedBlockingQueue.poll(LinkedBlockingQueue.java:467)
        at org.apache.hadoop.ipc.CallQueueManager.take(CallQueueManager.java:288)
        at org.apache.hadoop.ipc.Server$Handler.run(Server.java:2668)
"pool-198-thread-27"  prio=5 tid=2613 in Object.wait()
java.lang.Thread.State: WAITING (on object monitor)
        at sun.misc.Unsafe.park(Native Method)
        at java.util.concurrent.locks.LockSupport.park(LockSupport.java:175)
        at java.util.concurrent.locks.AbstractQueuedSynchronizer$ConditionObject.await(AbstractQueuedSynchronizer.java:2039)
        at java.util.concurrent.ArrayBlockingQueue.take(ArrayBlockingQueue.java:403)
        at java.util.concurrent.ThreadPoolExecutor.getTask(ThreadPoolExecutor.java:1074)
        at java.util.concurrent.ThreadPoolExecutor.runWorker(ThreadPoolExecutor.java:1134)
        at java.util.concurrent.ThreadPoolExecutor$Worker.run(ThreadPoolExecutor.java:624)
        at java.lang.Thread.run(Thread.java:748)
"pool-228-thread-39"  prio=5 tid=2811 in Object.wait()
java.lang.Thread.State: WAITING (on object monitor)
        at sun.misc.Unsafe.park(Native Method)
        at java.util.concurrent.locks.LockSupport.park(LockSupport.java:175)
        at java.util.concurrent.locks.AbstractQueuedSynchronizer$ConditionObject.await(AbstractQueuedSynchronizer.java:2039)
        at java.util.concurrent.ArrayBlockingQueue.take(ArrayBlockingQueue.java:403)
        at java.util.concurrent.ThreadPoolExecutor.getTask(ThreadPoolExecutor.java:1074)
        at java.util.concurrent.ThreadPoolExecutor.runWorker(ThreadPoolExecutor.java:1134)
        at java.util.concurrent.ThreadPoolExecutor$Worker.run(ThreadPoolExecutor.java:624)
        at java.lang.Thread.run(Thread.java:748)
"pool-148-thread-24"  prio=5 tid=2299 in Object.wait()
java.lang.Thread.State: WAITING (on object monitor)
        at sun.misc.Unsafe.park(Native Method)
        at java.util.concurrent.locks.LockSupport.park(LockSupport.java:175)
        at java.util.concurrent.locks.AbstractQueuedSynchronizer$ConditionObject.await(AbstractQueuedSynchronizer.java:2039)
        at java.util.concurrent.ArrayBlockingQueue.take(ArrayBlockingQueue.java:403)
        at java.util.concurrent.ThreadPoolExecutor.getTask(ThreadPoolExecutor.java:1074)
        at java.util.concurrent.ThreadPoolExecutor.runWorker(ThreadPoolExecutor.java:1134)
        at java.util.concurrent.ThreadPoolExecutor$Worker.run(ThreadPoolExecutor.java:624)
        at java.lang.Thread.run(Thread.java:748)
"Periodic HDDS volume checker"  prio=5 tid=2006 timed_waiting
java.lang.Thread.State: TIMED_WAITING
        at sun.misc.Unsafe.park(Native Method)
        at java.util.concurrent.locks.LockSupport.parkNanos(LockSupport.java:215)
        at java.util.concurrent.locks.AbstractQueuedSynchronizer$ConditionObject.awaitNanos(AbstractQueuedSynchronizer.java:2078)
        at java.util.concurrent.ScheduledThreadPoolExecutor$DelayedWorkQueue.take(ScheduledThreadPoolExecutor.java:1093)
        at java.util.concurrent.ScheduledThreadPoolExecutor$DelayedWorkQueue.take(ScheduledThreadPoolExecutor.java:809)
        at java.util.concurrent.ThreadPoolExecutor.getTask(ThreadPoolExecutor.java:1074)
        at java.util.concurrent.ThreadPoolExecutor.runWorker(ThreadPoolExecutor.java:1134)
        at java.util.concurrent.ThreadPoolExecutor$Worker.run(ThreadPoolExecutor.java:624)
        at java.lang.Thread.run(Thread.java:748)
"BlockDeletingService#0" daemon prio=5 tid=2461 timed_waiting
java.lang.Thread.State: TIMED_WAITING
        at sun.misc.Unsafe.park(Native Method)
        at java.util.concurrent.locks.LockSupport.parkNanos(LockSupport.java:215)
        at java.util.concurrent.locks.AbstractQueuedSynchronizer$ConditionObject.awaitNanos(AbstractQueuedSynchronizer.java:2078)
        at java.util.concurrent.ScheduledThreadPoolExecutor$DelayedWorkQueue.take(ScheduledThreadPoolExecutor.java:1093)
        at java.util.concurrent.ScheduledThreadPoolExecutor$DelayedWorkQueue.take(ScheduledThreadPoolExecutor.java:809)
        at java.util.concurrent.ThreadPoolExecutor.getTask(ThreadPoolExecutor.java:1074)
        at java.util.concurrent.ThreadPoolExecutor.runWorker(ThreadPoolExecutor.java:1134)
        at java.util.concurrent.ThreadPoolExecutor$Worker.run(ThreadPoolExecutor.java:624)
        at java.lang.Thread.run(Thread.java:748)
"pool-178-thread-57"  prio=5 tid=2519 in Object.wait()
java.lang.Thread.State: WAITING (on object monitor)
        at sun.misc.Unsafe.park(Native Method)
        at java.util.concurrent.locks.LockSupport.park(LockSupport.java:175)
        at java.util.concurrent.locks.AbstractQueuedSynchronizer$ConditionObject.await(AbstractQueuedSynchronizer.java:2039)
        at java.util.concurrent.ArrayBlockingQueue.take(ArrayBlockingQueue.java:403)
        at java.util.concurrent.ThreadPoolExecutor.getTask(ThreadPoolExecutor.java:1074)
        at java.util.concurrent.ThreadPoolExecutor.runWorker(ThreadPoolExecutor.java:1134)
        at java.util.concurrent.ThreadPoolExecutor$Worker.run(ThreadPoolExecutor.java:624)
        at java.lang.Thread.run(Thread.java:748)
"Datanode State Machine Thread - 0" daemon prio=5 tid=2186 timed_waiting
java.lang.Thread.State: TIMED_WAITING
        at java.lang.Thread.sleep(Native Method)
        at org.apache.hadoop.ozone.container.common.statemachine.DatanodeStateMachine.start(DatanodeStateMachine.java:196)
        at org.apache.hadoop.ozone.container.common.statemachine.DatanodeStateMachine.lambda$startDaemon$0(DatanodeStateMachine.java:354)
        at org.apache.hadoop.ozone.container.common.statemachine.DatanodeStateMachine$$Lambda$141/502066023.run(Unknown Source)
        at java.lang.Thread.run(Thread.java:748)
"pool-158-thread-54"  prio=5 tid=2392 in Object.wait()
java.lang.Thread.State: WAITING (on object monitor)
        at sun.misc.Unsafe.park(Native Method)
        at java.util.concurrent.locks.LockSupport.park(LockSupport.java:175)
        at java.util.concurrent.locks.AbstractQueuedSynchronizer$ConditionObject.await(AbstractQueuedSynchronizer.java:2039)
        at java.util.concurrent.ArrayBlockingQueue.take(ArrayBlockingQueue.java:403)
        at java.util.concurrent.ThreadPoolExecutor.getTask(ThreadPoolExecutor.java:1074)
        at java.util.concurrent.ThreadPoolExecutor.runWorker(ThreadPoolExecutor.java:1134)
        at java.util.concurrent.ThreadPoolExecutor$Worker.run(ThreadPoolExecutor.java:624)
        at java.lang.Thread.run(Thread.java:748)
"Command processor thread" daemon prio=5 tid=2056 timed_waiting
java.lang.Thread.State: TIMED_WAITING
        at java.lang.Thread.sleep(Native Method)
        at org.apache.hadoop.ozone.container.common.statemachine.DatanodeStateMachine.lambda$initCommandHandlerThread$1(DatanodeStateMachine.java:444)
        at org.apache.hadoop.ozone.container.common.statemachine.DatanodeStateMachine$$Lambda$142/1059342576.run(Unknown Source)
        at java.lang.Thread.run(Thread.java:748)
"pool-198-thread-48"  prio=5 tid=2634 in Object.wait()
java.lang.Thread.State: WAITING (on object monitor)
        at sun.misc.Unsafe.park(Native Method)
        at java.util.concurrent.locks.LockSupport.park(LockSupport.java:175)
        at java.util.concurrent.locks.AbstractQueuedSynchronizer$ConditionObject.await(AbstractQueuedSynchronizer.java:2039)
        at java.util.concurrent.ArrayBlockingQueue.take(ArrayBlockingQueue.java:403)
        at java.util.concurrent.ThreadPoolExecutor.getTask(ThreadPoolExecutor.java:1074)
        at java.util.concurrent.ThreadPoolExecutor.runWorker(ThreadPoolExecutor.java:1134)
        at java.util.concurrent.ThreadPoolExecutor$Worker.run(ThreadPoolExecutor.java:624)
        at java.lang.Thread.run(Thread.java:748)
"e96d2cc9-026c-4220-b0f4-2bd3b4d5a924@group-D08F3DBE2A41-SegmentedRaftLogWorker"  prio=5 tid=3145 timed_waiting
java.lang.Thread.State: TIMED_WAITING
        at sun.misc.Unsafe.park(Native Method)
        at java.util.concurrent.locks.LockSupport.parkNanos(LockSupport.java:215)
        at java.util.concurrent.locks.AbstractQueuedSynchronizer$ConditionObject.awaitNanos(AbstractQueuedSynchronizer.java:2078)
        at org.apache.ratis.util.DataBlockingQueue.poll(DataBlockingQueue.java:137)
        at org.apache.ratis.server.raftlog.segmented.SegmentedRaftLogWorker.run(SegmentedRaftLogWorker.java:282)
        at java.lang.Thread.run(Thread.java:748)
"pool-168-thread-40"  prio=5 tid=2440 in Object.wait()
java.lang.Thread.State: WAITING (on object monitor)
        at sun.misc.Unsafe.park(Native Method)
        at java.util.concurrent.locks.LockSupport.park(LockSupport.java:175)
        at java.util.concurrent.locks.AbstractQueuedSynchronizer$ConditionObject.await(AbstractQueuedSynchronizer.java:2039)
        at java.util.concurrent.ArrayBlockingQueue.take(ArrayBlockingQueue.java:403)
        at java.util.concurrent.ThreadPoolExecutor.getTask(ThreadPoolExecutor.java:1074)
        at java.util.concurrent.ThreadPoolExecutor.runWorker(ThreadPoolExecutor.java:1134)
        at java.util.concurrent.ThreadPoolExecutor$Worker.run(ThreadPoolExecutor.java:624)
        at java.lang.Thread.run(Thread.java:748)
"IPC Server handler 5 on 35120" daemon prio=5 tid=1894 timed_waiting
java.lang.Thread.State: TIMED_WAITING
        at sun.misc.Unsafe.park(Native Method)
        at java.util.concurrent.locks.LockSupport.parkNanos(LockSupport.java:215)
        at java.util.concurrent.locks.AbstractQueuedSynchronizer$ConditionObject.awaitNanos(AbstractQueuedSynchronizer.java:2078)
        at java.util.concurrent.LinkedBlockingQueue.poll(LinkedBlockingQueue.java:467)
        at org.apache.hadoop.ipc.CallQueueManager.take(CallQueueManager.java:288)
        at org.apache.hadoop.ipc.Server$Handler.run(Server.java:2668)
"IPC Server handler 10 on 40581" daemon prio=5 tid=1919 timed_waiting
java.lang.Thread.State: TIMED_WAITING
        at sun.misc.Unsafe.park(Native Method)
        at java.util.concurrent.locks.LockSupport.parkNanos(LockSupport.java:215)
        at java.util.concurrent.locks.AbstractQueuedSynchronizer$ConditionObject.awaitNanos(AbstractQueuedSynchronizer.java:2078)
        at java.util.concurrent.LinkedBlockingQueue.poll(LinkedBlockingQueue.java:467)
        at org.apache.hadoop.ipc.CallQueueManager.take(CallQueueManager.java:288)
        at org.apache.hadoop.ipc.Server$Handler.run(Server.java:2668)
"org.apache.hadoop.util.JvmPauseMonitor$Monitor@3fe4e0e1" daemon prio=5 tid=2246 timed_waiting
java.lang.Thread.State: TIMED_WAITING
        at java.lang.Thread.sleep(Native Method)
        at org.apache.hadoop.util.JvmPauseMonitor$Monitor.run(JvmPauseMonitor.java:192)
        at java.lang.Thread.run(Thread.java:748)
"pool-208-thread-10"  prio=5 tid=2658 in Object.wait()
java.lang.Thread.State: WAITING (on object monitor)
        at sun.misc.Unsafe.park(Native Method)
        at java.util.concurrent.locks.LockSupport.park(LockSupport.java:175)
        at java.util.concurrent.locks.AbstractQueuedSynchronizer$ConditionObject.await(AbstractQueuedSynchronizer.java:2039)
        at java.util.concurrent.ArrayBlockingQueue.take(ArrayBlockingQueue.java:403)
        at java.util.concurrent.ThreadPoolExecutor.getTask(ThreadPoolExecutor.java:1074)
        at java.util.concurrent.ThreadPoolExecutor.runWorker(ThreadPoolExecutor.java:1134)
        at java.util.concurrent.ThreadPoolExecutor$Worker.run(ThreadPoolExecutor.java:624)
        at java.lang.Thread.run(Thread.java:748)
"pool-158-thread-46"  prio=5 tid=2384 in Object.wait()
java.lang.Thread.State: WAITING (on object monitor)
        at sun.misc.Unsafe.park(Native Method)
        at java.util.concurrent.locks.LockSupport.park(LockSupport.java:175)
        at java.util.concurrent.locks.AbstractQueuedSynchronizer$ConditionObject.await(AbstractQueuedSynchronizer.java:2039)
        at java.util.concurrent.ArrayBlockingQueue.take(ArrayBlockingQueue.java:403)
        at java.util.concurrent.ThreadPoolExecutor.getTask(ThreadPoolExecutor.java:1074)
        at java.util.concurrent.ThreadPoolExecutor.runWorker(ThreadPoolExecutor.java:1134)
        at java.util.concurrent.ThreadPoolExecutor$Worker.run(ThreadPoolExecutor.java:624)
        at java.lang.Thread.run(Thread.java:748)
"Datanode ReportManager Thread - 2" daemon prio=5 tid=254 in Object.wait()
java.lang.Thread.State: WAITING (on object monitor)
        at sun.misc.Unsafe.park(Native Method)
        at java.util.concurrent.locks.LockSupport.park(LockSupport.java:175)
        at java.util.concurrent.locks.AbstractQueuedSynchronizer$ConditionObject.await(AbstractQueuedSynchronizer.java:2039)
        at java.util.concurrent.ScheduledThreadPoolExecutor$DelayedWorkQueue.take(ScheduledThreadPoolExecutor.java:1088)
        at java.util.concurrent.ScheduledThreadPoolExecutor$DelayedWorkQueue.take(ScheduledThreadPoolExecutor.java:809)
        at java.util.concurrent.ThreadPoolExecutor.getTask(ThreadPoolExecutor.java:1074)
        at java.util.concurrent.ThreadPoolExecutor.runWorker(ThreadPoolExecutor.java:1134)
        at java.util.concurrent.ThreadPoolExecutor$Worker.run(ThreadPoolExecutor.java:624)
        at java.lang.Thread.run(Thread.java:748)
"qtp841721161-2070" daemon prio=5 tid=2070 timed_waiting
java.lang.Thread.State: TIMED_WAITING
        at sun.misc.Unsafe.park(Native Method)
        at java.util.concurrent.locks.LockSupport.parkNanos(LockSupport.java:215)
        at java.util.concurrent.locks.AbstractQueuedSynchronizer$ConditionObject.awaitNanos(AbstractQueuedSynchronizer.java:2078)
        at org.eclipse.jetty.util.BlockingArrayQueue.poll(BlockingArrayQueue.java:392)
        at org.eclipse.jetty.util.thread.QueuedThreadPool.idleJobPoll(QueuedThreadPool.java:563)
        at org.eclipse.jetty.util.thread.QueuedThreadPool.access$800(QueuedThreadPool.java:48)
        at org.eclipse.jetty.util.thread.QueuedThreadPool$2.run(QueuedThreadPool.java:626)
        at java.lang.Thread.run(Thread.java:748)
"Finalizer" daemon prio=8 tid=3 in Object.wait()
java.lang.Thread.State: WAITING (on object monitor)
        at java.lang.Object.wait(Native Method)
        at java.lang.ref.ReferenceQueue.remove(ReferenceQueue.java:144)
        at java.lang.ref.ReferenceQueue.remove(ReferenceQueue.java:165)
        at java.lang.ref.Finalizer$FinalizerThread.run(Finalizer.java:216)
"pool-198-thread-6"  prio=5 tid=2592 in Object.wait()
java.lang.Thread.State: WAITING (on object monitor)
        at sun.misc.Unsafe.park(Native Method)
        at java.util.concurrent.locks.LockSupport.park(LockSupport.java:175)
        at java.util.concurrent.locks.AbstractQueuedSynchronizer$ConditionObject.await(AbstractQueuedSynchronizer.java:2039)
        at java.util.concurrent.ArrayBlockingQueue.take(ArrayBlockingQueue.java:403)
        at java.util.concurrent.ThreadPoolExecutor.getTask(ThreadPoolExecutor.java:1074)
        at java.util.concurrent.ThreadPoolExecutor.runWorker(ThreadPoolExecutor.java:1134)
        at java.util.concurrent.ThreadPoolExecutor$Worker.run(ThreadPoolExecutor.java:624)
        at java.lang.Thread.run(Thread.java:748)
"IPC Server handler 2 on 40581" daemon prio=5 tid=1911 timed_waiting
java.lang.Thread.State: TIMED_WAITING
        at sun.misc.Unsafe.park(Native Method)
        at java.util.concurrent.locks.LockSupport.parkNanos(LockSupport.java:215)
        at java.util.concurrent.locks.AbstractQueuedSynchronizer$ConditionObject.awaitNanos(AbstractQueuedSynchronizer.java:2078)
        at java.util.concurrent.LinkedBlockingQueue.poll(LinkedBlockingQueue.java:467)
        at org.apache.hadoop.ipc.CallQueueManager.take(CallQueueManager.java:288)
        at org.apache.hadoop.ipc.Server$Handler.run(Server.java:2668)
"pool-238-thread-16"  prio=5 tid=2850 in Object.wait()
java.lang.Thread.State: WAITING (on object monitor)
        at sun.misc.Unsafe.park(Native Method)
        at java.util.concurrent.locks.LockSupport.park(LockSupport.java:175)
        at java.util.concurrent.locks.AbstractQueuedSynchronizer$ConditionObject.await(AbstractQueuedSynchronizer.java:2039)
        at java.util.concurrent.ArrayBlockingQueue.take(ArrayBlockingQueue.java:403)
        at java.util.concurrent.ThreadPoolExecutor.getTask(ThreadPoolExecutor.java:1074)
        at java.util.concurrent.ThreadPoolExecutor.runWorker(ThreadPoolExecutor.java:1134)
        at java.util.concurrent.ThreadPoolExecutor$Worker.run(ThreadPoolExecutor.java:624)
        at java.lang.Thread.run(Thread.java:748)
"pool-218-thread-12"  prio=5 tid=2722 in Object.wait()
java.lang.Thread.State: WAITING (on object monitor)
        at sun.misc.Unsafe.park(Native Method)
        at java.util.concurrent.locks.LockSupport.park(LockSupport.java:175)
        at java.util.concurrent.locks.AbstractQueuedSynchronizer$ConditionObject.await(AbstractQueuedSynchronizer.java:2039)
        at java.util.concurrent.ArrayBlockingQueue.take(ArrayBlockingQueue.java:403)
        at java.util.concurrent.ThreadPoolExecutor.getTask(ThreadPoolExecutor.java:1074)
        at java.util.concurrent.ThreadPoolExecutor.runWorker(ThreadPoolExecutor.java:1134)
        at java.util.concurrent.ThreadPoolExecutor$Worker.run(ThreadPoolExecutor.java:624)
        at java.lang.Thread.run(Thread.java:748)
"Thread-1539" daemon prio=5 tid=3198 timed_waiting
java.lang.Thread.State: TIMED_WAITING
        at sun.misc.Unsafe.park(Native Method)
        at java.util.concurrent.locks.LockSupport.parkNanos(LockSupport.java:215)
        at java.util.concurrent.locks.AbstractQueuedSynchronizer$ConditionObject.awaitNanos(AbstractQueuedSynchronizer.java:2078)
        at java.util.concurrent.ArrayBlockingQueue.poll(ArrayBlockingQueue.java:418)
        at org.apache.ratis.server.impl.LeaderState$EventQueue.poll(LeaderState.java:115)
        at org.apache.ratis.server.impl.LeaderState$EventProcessor.run(LeaderState.java:467)
"pool-148-thread-2"  prio=5 tid=2277 in Object.wait()
java.lang.Thread.State: WAITING (on object monitor)
        at sun.misc.Unsafe.park(Native Method)
        at java.util.concurrent.locks.LockSupport.park(LockSupport.java:175)
        at java.util.concurrent.locks.AbstractQueuedSynchronizer$ConditionObject.await(AbstractQueuedSynchronizer.java:2039)
        at java.util.concurrent.ArrayBlockingQueue.take(ArrayBlockingQueue.java:403)
        at java.util.concurrent.ThreadPoolExecutor.getTask(ThreadPoolExecutor.java:1074)
        at java.util.concurrent.ThreadPoolExecutor.runWorker(ThreadPoolExecutor.java:1134)
        at java.util.concurrent.ThreadPoolExecutor$Worker.run(ThreadPoolExecutor.java:624)
        at java.lang.Thread.run(Thread.java:748)
"pool-148-thread-14"  prio=5 tid=2289 in Object.wait()
java.lang.Thread.State: WAITING (on object monitor)
        at sun.misc.Unsafe.park(Native Method)
        at java.util.concurrent.locks.LockSupport.park(LockSupport.java:175)
        at java.util.concurrent.locks.AbstractQueuedSynchronizer$ConditionObject.await(AbstractQueuedSynchronizer.java:2039)
        at java.util.concurrent.ArrayBlockingQueue.take(ArrayBlockingQueue.java:403)
        at java.util.concurrent.ThreadPoolExecutor.getTask(ThreadPoolExecutor.java:1074)
        at java.util.concurrent.ThreadPoolExecutor.runWorker(ThreadPoolExecutor.java:1134)
        at java.util.concurrent.ThreadPoolExecutor$Worker.run(ThreadPoolExecutor.java:624)
        at java.lang.Thread.run(Thread.java:748)
"pool-178-thread-28"  prio=5 tid=2490 in Object.wait()
java.lang.Thread.State: WAITING (on object monitor)
        at sun.misc.Unsafe.park(Native Method)
        at java.util.concurrent.locks.LockSupport.park(LockSupport.java:175)
        at java.util.concurrent.locks.AbstractQueuedSynchronizer$ConditionObject.await(AbstractQueuedSynchronizer.java:2039)
        at java.util.concurrent.ArrayBlockingQueue.take(ArrayBlockingQueue.java:403)
        at java.util.concurrent.ThreadPoolExecutor.getTask(ThreadPoolExecutor.java:1074)
        at java.util.concurrent.ThreadPoolExecutor.runWorker(ThreadPoolExecutor.java:1134)
        at java.util.concurrent.ThreadPoolExecutor$Worker.run(ThreadPoolExecutor.java:624)
        at java.lang.Thread.run(Thread.java:748)
"pool-239-thread-1"  prio=5 tid=2978 in Object.wait()
java.lang.Thread.State: WAITING (on object monitor)
        at sun.misc.Unsafe.park(Native Method)
        at java.util.concurrent.locks.LockSupport.park(LockSupport.java:175)
        at java.util.concurrent.locks.AbstractQueuedSynchronizer$ConditionObject.await(AbstractQueuedSynchronizer.java:2039)
        at java.util.concurrent.LinkedBlockingQueue.take(LinkedBlockingQueue.java:442)
        at java.util.concurrent.ThreadPoolExecutor.getTask(ThreadPoolExecutor.java:1074)
        at java.util.concurrent.ThreadPoolExecutor.runWorker(ThreadPoolExecutor.java:1134)
        at java.util.concurrent.ThreadPoolExecutor$Worker.run(ThreadPoolExecutor.java:624)
        at java.lang.Thread.run(Thread.java:748)
"pool-218-thread-43"  prio=5 tid=2753 in Object.wait()
java.lang.Thread.State: WAITING (on object monitor)
        at sun.misc.Unsafe.park(Native Method)
        at java.util.concurrent.locks.LockSupport.park(LockSupport.java:175)
        at java.util.concurrent.locks.AbstractQueuedSynchronizer$ConditionObject.await(AbstractQueuedSynchronizer.java:2039)
        at java.util.concurrent.ArrayBlockingQueue.take(ArrayBlockingQueue.java:403)
        at java.util.concurrent.ThreadPoolExecutor.getTask(ThreadPoolExecutor.java:1074)
        at java.util.concurrent.ThreadPoolExecutor.runWorker(ThreadPoolExecutor.java:1134)
        at java.util.concurrent.ThreadPoolExecutor$Worker.run(ThreadPoolExecutor.java:624)
        at java.lang.Thread.run(Thread.java:748)
"pool-188-thread-47"  prio=5 tid=2571 in Object.wait()
java.lang.Thread.State: WAITING (on object monitor)
        at sun.misc.Unsafe.park(Native Method)
        at java.util.concurrent.locks.LockSupport.park(LockSupport.java:175)
        at java.util.concurrent.locks.AbstractQueuedSynchronizer$ConditionObject.await(AbstractQueuedSynchronizer.java:2039)
        at java.util.concurrent.ArrayBlockingQueue.take(ArrayBlockingQueue.java:403)
        at java.util.concurrent.ThreadPoolExecutor.getTask(ThreadPoolExecutor.java:1074)
        at java.util.concurrent.ThreadPoolExecutor.runWorker(ThreadPoolExecutor.java:1134)
        at java.util.concurrent.ThreadPoolExecutor$Worker.run(ThreadPoolExecutor.java:624)
        at java.lang.Thread.run(Thread.java:748)
"pool-158-thread-48"  prio=5 tid=2386 in Object.wait()
java.lang.Thread.State: WAITING (on object monitor)
        at sun.misc.Unsafe.park(Native Method)
        at java.util.concurrent.locks.LockSupport.park(LockSupport.java:175)
        at java.util.concurrent.locks.AbstractQueuedSynchronizer$ConditionObject.await(AbstractQueuedSynchronizer.java:2039)
        at java.util.concurrent.ArrayBlockingQueue.take(ArrayBlockingQueue.java:403)
        at java.util.concurrent.ThreadPoolExecutor.getTask(ThreadPoolExecutor.java:1074)
        at java.util.concurrent.ThreadPoolExecutor.runWorker(ThreadPoolExecutor.java:1134)
        at java.util.concurrent.ThreadPoolExecutor$Worker.run(ThreadPoolExecutor.java:624)
        at java.lang.Thread.run(Thread.java:748)
"IPC Server handler 4 on 40581" daemon prio=5 tid=1913 timed_waiting
java.lang.Thread.State: TIMED_WAITING
        at sun.misc.Unsafe.park(Native Method)
        at java.util.concurrent.locks.LockSupport.parkNanos(LockSupport.java:215)
        at java.util.concurrent.locks.AbstractQueuedSynchronizer$ConditionObject.awaitNanos(AbstractQueuedSynchronizer.java:2078)
        at java.util.concurrent.LinkedBlockingQueue.poll(LinkedBlockingQueue.java:467)
        at org.apache.hadoop.ipc.CallQueueManager.take(CallQueueManager.java:288)
        at org.apache.hadoop.ipc.Server$Handler.run(Server.java:2668)
"pool-208-thread-51"  prio=5 tid=2699 in Object.wait()
java.lang.Thread.State: WAITING (on object monitor)
        at sun.misc.Unsafe.park(Native Method)
        at java.util.concurrent.locks.LockSupport.park(LockSupport.java:175)
        at java.util.concurrent.locks.AbstractQueuedSynchronizer$ConditionObject.await(AbstractQueuedSynchronizer.java:2039)
        at java.util.concurrent.ArrayBlockingQueue.take(ArrayBlockingQueue.java:403)
        at java.util.concurrent.ThreadPoolExecutor.getTask(ThreadPoolExecutor.java:1074)
        at java.util.concurrent.ThreadPoolExecutor.runWorker(ThreadPoolExecutor.java:1134)
        at java.util.concurrent.ThreadPoolExecutor$Worker.run(ThreadPoolExecutor.java:624)
        at java.lang.Thread.run(Thread.java:748)
"pool-188-thread-38"  prio=5 tid=2562 in Object.wait()
java.lang.Thread.State: WAITING (on object monitor)
        at sun.misc.Unsafe.park(Native Method)
        at java.util.concurrent.locks.LockSupport.park(LockSupport.java:175)
        at java.util.concurrent.locks.AbstractQueuedSynchronizer$ConditionObject.await(AbstractQueuedSynchronizer.java:2039)
        at java.util.concurrent.ArrayBlockingQueue.take(ArrayBlockingQueue.java:403)
        at java.util.concurrent.ThreadPoolExecutor.getTask(ThreadPoolExecutor.java:1074)
        at java.util.concurrent.ThreadPoolExecutor.runWorker(ThreadPoolExecutor.java:1134)
        at java.util.concurrent.ThreadPoolExecutor$Worker.run(ThreadPoolExecutor.java:624)
        at java.lang.Thread.run(Thread.java:748)
"pool-158-thread-53"  prio=5 tid=2391 in Object.wait()
java.lang.Thread.State: WAITING (on object monitor)
        at sun.misc.Unsafe.park(Native Method)
        at java.util.concurrent.locks.LockSupport.park(LockSupport.java:175)
        at java.util.concurrent.locks.AbstractQueuedSynchronizer$ConditionObject.await(AbstractQueuedSynchronizer.java:2039)
        at java.util.concurrent.ArrayBlockingQueue.take(ArrayBlockingQueue.java:403)
        at java.util.concurrent.ThreadPoolExecutor.getTask(ThreadPoolExecutor.java:1074)
        at java.util.concurrent.ThreadPoolExecutor.runWorker(ThreadPoolExecutor.java:1134)
        at java.util.concurrent.ThreadPoolExecutor$Worker.run(ThreadPoolExecutor.java:624)
        at java.lang.Thread.run(Thread.java:748)
"pool-188-thread-57"  prio=5 tid=2581 in Object.wait()
java.lang.Thread.State: WAITING (on object monitor)
        at sun.misc.Unsafe.park(Native Method)
        at java.util.concurrent.locks.LockSupport.park(LockSupport.java:175)
        at java.util.concurrent.locks.AbstractQueuedSynchronizer$ConditionObject.await(AbstractQueuedSynchronizer.java:2039)
        at java.util.concurrent.ArrayBlockingQueue.take(ArrayBlockingQueue.java:403)
        at java.util.concurrent.ThreadPoolExecutor.getTask(ThreadPoolExecutor.java:1074)
        at java.util.concurrent.ThreadPoolExecutor.runWorker(ThreadPoolExecutor.java:1134)
        at java.util.concurrent.ThreadPoolExecutor$Worker.run(ThreadPoolExecutor.java:624)
        at java.lang.Thread.run(Thread.java:748)
"org.apache.ratis.server.impl.LogAppender$AppenderDaemon$$Lambda$466/1042245461@346ee538" daemon prio=5 tid=3244 timed_waiting
java.lang.Thread.State: TIMED_WAITING
        at java.lang.Object.wait(Native Method)
        at org.apache.ratis.grpc.server.GrpcLogAppender.mayWait(GrpcLogAppender.java:149)
        at org.apache.ratis.grpc.server.GrpcLogAppender.runAppenderImpl(GrpcLogAppender.java:103)
        at org.apache.ratis.server.impl.LogAppender$AppenderDaemon.run(LogAppender.java:76)
        at org.apache.ratis.server.impl.LogAppender$AppenderDaemon$$Lambda$466/1042245461.run(Unknown Source)
        at java.lang.Thread.run(Thread.java:748)
"Datanode ReportManager Thread - 2" daemon prio=5 tid=2270 in Object.wait()
java.lang.Thread.State: WAITING (on object monitor)
        at sun.misc.Unsafe.park(Native Method)
        at java.util.concurrent.locks.LockSupport.park(LockSupport.java:175)
        at java.util.concurrent.locks.AbstractQueuedSynchronizer$ConditionObject.await(AbstractQueuedSynchronizer.java:2039)
        at java.util.concurrent.ScheduledThreadPoolExecutor$DelayedWorkQueue.take(ScheduledThreadPoolExecutor.java:1088)
        at java.util.concurrent.ScheduledThreadPoolExecutor$DelayedWorkQueue.take(ScheduledThreadPoolExecutor.java:809)
        at java.util.concurrent.ThreadPoolExecutor.getTask(ThreadPoolExecutor.java:1074)
        at java.util.concurrent.ThreadPoolExecutor.runWorker(ThreadPoolExecutor.java:1134)
        at java.util.concurrent.ThreadPoolExecutor$Worker.run(ThreadPoolExecutor.java:624)
        at java.lang.Thread.run(Thread.java:748)
"pool-148-thread-7"  prio=5 tid=2282 in Object.wait()
java.lang.Thread.State: WAITING (on object monitor)
        at sun.misc.Unsafe.park(Native Method)
        at java.util.concurrent.locks.LockSupport.park(LockSupport.java:175)
        at java.util.concurrent.locks.AbstractQueuedSynchronizer$ConditionObject.await(AbstractQueuedSynchronizer.java:2039)
        at java.util.concurrent.ArrayBlockingQueue.take(ArrayBlockingQueue.java:403)
        at java.util.concurrent.ThreadPoolExecutor.getTask(ThreadPoolExecutor.java:1074)
        at java.util.concurrent.ThreadPoolExecutor.runWorker(ThreadPoolExecutor.java:1134)
        at java.util.concurrent.ThreadPoolExecutor$Worker.run(ThreadPoolExecutor.java:624)
        at java.lang.Thread.run(Thread.java:748)
"pool-198-thread-55"  prio=5 tid=2641 in Object.wait()
java.lang.Thread.State: WAITING (on object monitor)
        at sun.misc.Unsafe.park(Native Method)
        at java.util.concurrent.locks.LockSupport.park(LockSupport.java:175)
        at java.util.concurrent.locks.AbstractQueuedSynchronizer$ConditionObject.await(AbstractQueuedSynchronizer.java:2039)
        at java.util.concurrent.ArrayBlockingQueue.take(ArrayBlockingQueue.java:403)
        at java.util.concurrent.ThreadPoolExecutor.getTask(ThreadPoolExecutor.java:1074)
        at java.util.concurrent.ThreadPoolExecutor.runWorker(ThreadPoolExecutor.java:1134)
        at java.util.concurrent.ThreadPoolExecutor$Worker.run(ThreadPoolExecutor.java:624)
        at java.lang.Thread.run(Thread.java:748)
"IPC Server handler 9 on 45410" daemon prio=5 tid=1981 timed_waiting
java.lang.Thread.State: TIMED_WAITING
        at sun.misc.Unsafe.park(Native Method)
        at java.util.concurrent.locks.LockSupport.parkNanos(LockSupport.java:215)
        at java.util.concurrent.locks.AbstractQueuedSynchronizer$ConditionObject.awaitNanos(AbstractQueuedSynchronizer.java:2078)
        at java.util.concurrent.LinkedBlockingQueue.poll(LinkedBlockingQueue.java:467)
        at org.apache.hadoop.ipc.CallQueueManager.take(CallQueueManager.java:288)
        at org.apache.hadoop.ipc.Server$Handler.run(Server.java:2668)
"Datanode ReportManager Thread - 2" daemon prio=5 tid=281 in Object.wait()
java.lang.Thread.State: WAITING (on object monitor)
        at sun.misc.Unsafe.park(Native Method)
        at java.util.concurrent.locks.LockSupport.park(LockSupport.java:175)
        at java.util.concurrent.locks.AbstractQueuedSynchronizer$ConditionObject.await(AbstractQueuedSynchronizer.java:2039)
        at java.util.concurrent.ScheduledThreadPoolExecutor$DelayedWorkQueue.take(ScheduledThreadPoolExecutor.java:1088)
        at java.util.concurrent.ScheduledThreadPoolExecutor$DelayedWorkQueue.take(ScheduledThreadPoolExecutor.java:809)
        at java.util.concurrent.ThreadPoolExecutor.getTask(ThreadPoolExecutor.java:1074)
        at java.util.concurrent.ThreadPoolExecutor.runWorker(ThreadPoolExecutor.java:1134)
        at java.util.concurrent.ThreadPoolExecutor$Worker.run(ThreadPoolExecutor.java:624)
        at java.lang.Thread.run(Thread.java:748)
"Datanode State Machine Thread - 0" daemon prio=5 tid=2274 timed_waiting
java.lang.Thread.State: TIMED_WAITING
        at sun.misc.Unsafe.park(Native Method)
        at java.util.concurrent.locks.LockSupport.parkNanos(LockSupport.java:215)
        at java.util.concurrent.SynchronousQueue$TransferStack.awaitFulfill(SynchronousQueue.java:460)
        at java.util.concurrent.SynchronousQueue$TransferStack.transfer(SynchronousQueue.java:362)
        at java.util.concurrent.SynchronousQueue.poll(SynchronousQueue.java:941)
        at java.util.concurrent.ThreadPoolExecutor.getTask(ThreadPoolExecutor.java:1073)
        at java.util.concurrent.ThreadPoolExecutor.runWorker(ThreadPoolExecutor.java:1134)
        at java.util.concurrent.ThreadPoolExecutor$Worker.run(ThreadPoolExecutor.java:624)
        at java.lang.Thread.run(Thread.java:748)
"qtp843410864-2178" daemon prio=5 tid=2178 timed_waiting
java.lang.Thread.State: TIMED_WAITING
        at sun.misc.Unsafe.park(Native Method)
        at java.util.concurrent.locks.LockSupport.parkNanos(LockSupport.java:215)
        at java.util.concurrent.locks.AbstractQueuedSynchronizer$ConditionObject.awaitNanos(AbstractQueuedSynchronizer.java:2078)
        at org.eclipse.jetty.util.BlockingArrayQueue.poll(BlockingArrayQueue.java:392)
        at org.eclipse.jetty.util.thread.QueuedThreadPool.idleJobPoll(QueuedThreadPool.java:563)
        at org.eclipse.jetty.util.thread.QueuedThreadPool.access$800(QueuedThreadPool.java:48)
        at org.eclipse.jetty.util.thread.QueuedThreadPool$2.run(QueuedThreadPool.java:626)
        at java.lang.Thread.run(Thread.java:748)
"pool-238-thread-32"  prio=5 tid=2866 in Object.wait()
java.lang.Thread.State: WAITING (on object monitor)
        at sun.misc.Unsafe.park(Native Method)
        at java.util.concurrent.locks.LockSupport.park(LockSupport.java:175)
        at java.util.concurrent.locks.AbstractQueuedSynchronizer$ConditionObject.await(AbstractQueuedSynchronizer.java:2039)
        at java.util.concurrent.ArrayBlockingQueue.take(ArrayBlockingQueue.java:403)
        at java.util.concurrent.ThreadPoolExecutor.getTask(ThreadPoolExecutor.java:1074)
        at java.util.concurrent.ThreadPoolExecutor.runWorker(ThreadPoolExecutor.java:1134)
        at java.util.concurrent.ThreadPoolExecutor$Worker.run(ThreadPoolExecutor.java:624)
        at java.lang.Thread.run(Thread.java:748)
"pool-208-thread-52"  prio=5 tid=2700 in Object.wait()
java.lang.Thread.State: WAITING (on object monitor)
        at sun.misc.Unsafe.park(Native Method)
        at java.util.concurrent.locks.LockSupport.park(LockSupport.java:175)
        at java.util.concurrent.locks.AbstractQueuedSynchronizer$ConditionObject.await(AbstractQueuedSynchronizer.java:2039)
        at java.util.concurrent.ArrayBlockingQueue.take(ArrayBlockingQueue.java:403)
        at java.util.concurrent.ThreadPoolExecutor.getTask(ThreadPoolExecutor.java:1074)
        at java.util.concurrent.ThreadPoolExecutor.runWorker(ThreadPoolExecutor.java:1134)
        at java.util.concurrent.ThreadPoolExecutor$Worker.run(ThreadPoolExecutor.java:624)
        at java.lang.Thread.run(Thread.java:748)
"Datanode ReportManager Thread - 0" daemon prio=5 tid=2268 timed_waiting
java.lang.Thread.State: TIMED_WAITING
        at sun.misc.Unsafe.park(Native Method)
        at java.util.concurrent.locks.LockSupport.parkNanos(LockSupport.java:215)
        at java.util.concurrent.locks.AbstractQueuedSynchronizer$ConditionObject.awaitNanos(AbstractQueuedSynchronizer.java:2078)
        at java.util.concurrent.ScheduledThreadPoolExecutor$DelayedWorkQueue.take(ScheduledThreadPoolExecutor.java:1093)
        at java.util.concurrent.ScheduledThreadPoolExecutor$DelayedWorkQueue.take(ScheduledThreadPoolExecutor.java:809)
        at java.util.concurrent.ThreadPoolExecutor.getTask(ThreadPoolExecutor.java:1074)
        at java.util.concurrent.ThreadPoolExecutor.runWorker(ThreadPoolExecutor.java:1134)
        at java.util.concurrent.ThreadPoolExecutor$Worker.run(ThreadPoolExecutor.java:624)
        at java.lang.Thread.run(Thread.java:748)
"IPC Server handler 19 on 45410" daemon prio=5 tid=1991 timed_waiting
java.lang.Thread.State: TIMED_WAITING
        at sun.misc.Unsafe.park(Native Method)
        at java.util.concurrent.locks.LockSupport.parkNanos(LockSupport.java:215)
        at java.util.concurrent.locks.AbstractQueuedSynchronizer$ConditionObject.awaitNanos(AbstractQueuedSynchronizer.java:2078)
        at java.util.concurrent.LinkedBlockingQueue.poll(LinkedBlockingQueue.java:467)
        at org.apache.hadoop.ipc.CallQueueManager.take(CallQueueManager.java:288)
        at org.apache.hadoop.ipc.Server$Handler.run(Server.java:2668)
"pool-218-thread-21"  prio=5 tid=2731 in Object.wait()
java.lang.Thread.State: WAITING (on object monitor)
        at sun.misc.Unsafe.park(Native Method)
        at java.util.concurrent.locks.LockSupport.park(LockSupport.java:175)
        at java.util.concurrent.locks.AbstractQueuedSynchronizer$ConditionObject.await(AbstractQueuedSynchronizer.java:2039)
        at java.util.concurrent.ArrayBlockingQueue.take(ArrayBlockingQueue.java:403)
        at java.util.concurrent.ThreadPoolExecutor.getTask(ThreadPoolExecutor.java:1074)
        at java.util.concurrent.ThreadPoolExecutor.runWorker(ThreadPoolExecutor.java:1134)
        at java.util.concurrent.ThreadPoolExecutor$Worker.run(ThreadPoolExecutor.java:624)
        at java.lang.Thread.run(Thread.java:748)
"pool-188-thread-36"  prio=5 tid=2560 in Object.wait()
java.lang.Thread.State: WAITING (on object monitor)
        at sun.misc.Unsafe.park(Native Method)
        at java.util.concurrent.locks.LockSupport.park(LockSupport.java:175)
        at java.util.concurrent.locks.AbstractQueuedSynchronizer$ConditionObject.await(AbstractQueuedSynchronizer.java:2039)
        at java.util.concurrent.ArrayBlockingQueue.take(ArrayBlockingQueue.java:403)
        at java.util.concurrent.ThreadPoolExecutor.getTask(ThreadPoolExecutor.java:1074)
        at java.util.concurrent.ThreadPoolExecutor.runWorker(ThreadPoolExecutor.java:1134)
        at java.util.concurrent.ThreadPoolExecutor$Worker.run(ThreadPoolExecutor.java:624)
        at java.lang.Thread.run(Thread.java:748)
"pool-238-thread-28"  prio=5 tid=2862 in Object.wait()
java.lang.Thread.State: WAITING (on object monitor)
        at sun.misc.Unsafe.park(Native Method)
        at java.util.concurrent.locks.LockSupport.park(LockSupport.java:175)
        at java.util.concurrent.locks.AbstractQueuedSynchronizer$ConditionObject.await(AbstractQueuedSynchronizer.java:2039)
        at java.util.concurrent.ArrayBlockingQueue.take(ArrayBlockingQueue.java:403)
        at java.util.concurrent.ThreadPoolExecutor.getTask(ThreadPoolExecutor.java:1074)
        at java.util.concurrent.ThreadPoolExecutor.runWorker(ThreadPoolExecutor.java:1134)
        at java.util.concurrent.ThreadPoolExecutor$Worker.run(ThreadPoolExecutor.java:624)
        at java.lang.Thread.run(Thread.java:748)
"pool-208-thread-35"  prio=5 tid=2683 in Object.wait()
java.lang.Thread.State: WAITING (on object monitor)
        at sun.misc.Unsafe.park(Native Method)
        at java.util.concurrent.locks.LockSupport.park(LockSupport.java:175)
        at java.util.concurrent.locks.AbstractQueuedSynchronizer$ConditionObject.await(AbstractQueuedSynchronizer.java:2039)
        at java.util.concurrent.ArrayBlockingQueue.take(ArrayBlockingQueue.java:403)
        at java.util.concurrent.ThreadPoolExecutor.getTask(ThreadPoolExecutor.java:1074)
        at java.util.concurrent.ThreadPoolExecutor.runWorker(ThreadPoolExecutor.java:1134)
        at java.util.concurrent.ThreadPoolExecutor$Worker.run(ThreadPoolExecutor.java:624)
        at java.lang.Thread.run(Thread.java:748)
"pool-178-thread-48"  prio=5 tid=2510 in Object.wait()
java.lang.Thread.State: WAITING (on object monitor)
        at sun.misc.Unsafe.park(Native Method)
        at java.util.concurrent.locks.LockSupport.park(LockSupport.java:175)
        at java.util.concurrent.locks.AbstractQueuedSynchronizer$ConditionObject.await(AbstractQueuedSynchronizer.java:2039)
        at java.util.concurrent.ArrayBlockingQueue.take(ArrayBlockingQueue.java:403)
        at java.util.concurrent.ThreadPoolExecutor.getTask(ThreadPoolExecutor.java:1074)
        at java.util.concurrent.ThreadPoolExecutor.runWorker(ThreadPoolExecutor.java:1134)
        at java.util.concurrent.ThreadPoolExecutor$Worker.run(ThreadPoolExecutor.java:624)
        at java.lang.Thread.run(Thread.java:748)
"pool-168-thread-53"  prio=5 tid=2453 in Object.wait()
java.lang.Thread.State: WAITING (on object monitor)
        at sun.misc.Unsafe.park(Native Method)
        at java.util.concurrent.locks.LockSupport.park(LockSupport.java:175)
        at java.util.concurrent.locks.AbstractQueuedSynchronizer$ConditionObject.await(AbstractQueuedSynchronizer.java:2039)
        at java.util.concurrent.ArrayBlockingQueue.take(ArrayBlockingQueue.java:403)
        at java.util.concurrent.ThreadPoolExecutor.getTask(ThreadPoolExecutor.java:1074)
        at java.util.concurrent.ThreadPoolExecutor.runWorker(ThreadPoolExecutor.java:1134)
        at java.util.concurrent.ThreadPoolExecutor$Worker.run(ThreadPoolExecutor.java:624)
        at java.lang.Thread.run(Thread.java:748)
"Datanode ReportManager Thread - 1" daemon prio=5 tid=172 in Object.wait()
java.lang.Thread.State: WAITING (on object monitor)
        at sun.misc.Unsafe.park(Native Method)
        at java.util.concurrent.locks.LockSupport.park(LockSupport.java:175)
        at java.util.concurrent.locks.AbstractQueuedSynchronizer$ConditionObject.await(AbstractQueuedSynchronizer.java:2039)
        at java.util.concurrent.ScheduledThreadPoolExecutor$DelayedWorkQueue.take(ScheduledThreadPoolExecutor.java:1088)
        at java.util.concurrent.ScheduledThreadPoolExecutor$DelayedWorkQueue.take(ScheduledThreadPoolExecutor.java:809)
        at java.util.concurrent.ThreadPoolExecutor.getTask(ThreadPoolExecutor.java:1074)
        at java.util.concurrent.ThreadPoolExecutor.runWorker(ThreadPoolExecutor.java:1134)
        at java.util.concurrent.ThreadPoolExecutor$Worker.run(ThreadPoolExecutor.java:624)
        at java.lang.Thread.run(Thread.java:748)
"pool-178-thread-1"  prio=5 tid=2463 in Object.wait()
java.lang.Thread.State: WAITING (on object monitor)
        at sun.misc.Unsafe.park(Native Method)
        at java.util.concurrent.locks.LockSupport.park(LockSupport.java:175)
        at java.util.concurrent.locks.AbstractQueuedSynchronizer$ConditionObject.await(AbstractQueuedSynchronizer.java:2039)
        at java.util.concurrent.ArrayBlockingQueue.take(ArrayBlockingQueue.java:403)
        at java.util.concurrent.ThreadPoolExecutor.getTask(ThreadPoolExecutor.java:1074)
        at java.util.concurrent.ThreadPoolExecutor.runWorker(ThreadPoolExecutor.java:1134)
        at java.util.concurrent.ThreadPoolExecutor$Worker.run(ThreadPoolExecutor.java:624)
        at java.lang.Thread.run(Thread.java:748)
"pool-158-thread-26"  prio=5 tid=2364 in Object.wait()
java.lang.Thread.State: WAITING (on object monitor)
        at sun.misc.Unsafe.park(Native Method)
        at java.util.concurrent.locks.LockSupport.park(LockSupport.java:175)
        at java.util.concurrent.locks.AbstractQueuedSynchronizer$ConditionObject.await(AbstractQueuedSynchronizer.java:2039)
        at java.util.concurrent.ArrayBlockingQueue.take(ArrayBlockingQueue.java:403)
        at java.util.concurrent.ThreadPoolExecutor.getTask(ThreadPoolExecutor.java:1074)
        at java.util.concurrent.ThreadPoolExecutor.runWorker(ThreadPoolExecutor.java:1134)
        at java.util.concurrent.ThreadPoolExecutor$Worker.run(ThreadPoolExecutor.java:624)
        at java.lang.Thread.run(Thread.java:748)
"Datanode State Machine Thread - 0" daemon prio=5 tid=2031 timed_waiting
java.lang.Thread.State: TIMED_WAITING
        at sun.misc.Unsafe.park(Native Method)
        at java.util.concurrent.locks.LockSupport.parkNanos(LockSupport.java:215)
        at java.util.concurrent.SynchronousQueue$TransferStack.awaitFulfill(SynchronousQueue.java:460)
        at java.util.concurrent.SynchronousQueue$TransferStack.transfer(SynchronousQueue.java:362)
        at java.util.concurrent.SynchronousQueue.poll(SynchronousQueue.java:941)
        at java.util.concurrent.ThreadPoolExecutor.getTask(ThreadPoolExecutor.java:1073)
        at java.util.concurrent.ThreadPoolExecutor.runWorker(ThreadPoolExecutor.java:1134)
        at java.util.concurrent.ThreadPoolExecutor$Worker.run(ThreadPoolExecutor.java:624)
        at java.lang.Thread.run(Thread.java:748)
"pool-228-thread-57"  prio=5 tid=2829 in Object.wait()
java.lang.Thread.State: WAITING (on object monitor)
        at sun.misc.Unsafe.park(Native Method)
        at java.util.concurrent.locks.LockSupport.park(LockSupport.java:175)
        at java.util.concurrent.locks.AbstractQueuedSynchronizer$ConditionObject.await(AbstractQueuedSynchronizer.java:2039)
        at java.util.concurrent.ArrayBlockingQueue.take(ArrayBlockingQueue.java:403)
        at java.util.concurrent.ThreadPoolExecutor.getTask(ThreadPoolExecutor.java:1074)
        at java.util.concurrent.ThreadPoolExecutor.runWorker(ThreadPoolExecutor.java:1134)
        at java.util.concurrent.ThreadPoolExecutor$Worker.run(ThreadPoolExecutor.java:624)
        at java.lang.Thread.run(Thread.java:748)
"IPC Server handler 18 on 45410" daemon prio=5 tid=1990 timed_waiting
java.lang.Thread.State: TIMED_WAITING
        at sun.misc.Unsafe.park(Native Method)
        at java.util.concurrent.locks.LockSupport.parkNanos(LockSupport.java:215)
        at java.util.concurrent.locks.AbstractQueuedSynchronizer$ConditionObject.awaitNanos(AbstractQueuedSynchronizer.java:2078)
        at java.util.concurrent.LinkedBlockingQueue.poll(LinkedBlockingQueue.java:467)
        at org.apache.hadoop.ipc.CallQueueManager.take(CallQueueManager.java:288)
        at org.apache.hadoop.ipc.Server$Handler.run(Server.java:2668)
"Datanode ReportManager Thread - 0" daemon prio=5 tid=387 timed_waiting
java.lang.Thread.State: TIMED_WAITING
        at sun.misc.Unsafe.park(Native Method)
        at java.util.concurrent.locks.LockSupport.parkNanos(LockSupport.java:215)
        at java.util.concurrent.locks.AbstractQueuedSynchronizer$ConditionObject.awaitNanos(AbstractQueuedSynchronizer.java:2078)
        at java.util.concurrent.ScheduledThreadPoolExecutor$DelayedWorkQueue.take(ScheduledThreadPoolExecutor.java:1093)
        at java.util.concurrent.ScheduledThreadPoolExecutor$DelayedWorkQueue.take(ScheduledThreadPoolExecutor.java:809)
        at java.util.concurrent.ThreadPoolExecutor.getTask(ThreadPoolExecutor.java:1074)
        at java.util.concurrent.ThreadPoolExecutor.runWorker(ThreadPoolExecutor.java:1134)
        at java.util.concurrent.ThreadPoolExecutor$Worker.run(ThreadPoolExecutor.java:624)
        at java.lang.Thread.run(Thread.java:748)
"pool-158-thread-37"  prio=5 tid=2375 in Object.wait()
java.lang.Thread.State: WAITING (on object monitor)
        at sun.misc.Unsafe.park(Native Method)
        at java.util.concurrent.locks.LockSupport.park(LockSupport.java:175)
        at java.util.concurrent.locks.AbstractQueuedSynchronizer$ConditionObject.await(AbstractQueuedSynchronizer.java:2039)
        at java.util.concurrent.ArrayBlockingQueue.take(ArrayBlockingQueue.java:403)
        at java.util.concurrent.ThreadPoolExecutor.getTask(ThreadPoolExecutor.java:1074)
        at java.util.concurrent.ThreadPoolExecutor.runWorker(ThreadPoolExecutor.java:1134)
        at java.util.concurrent.ThreadPoolExecutor$Worker.run(ThreadPoolExecutor.java:624)
        at java.lang.Thread.run(Thread.java:748)
"pool-158-thread-18"  prio=5 tid=2356 in Object.wait()
java.lang.Thread.State: WAITING (on object monitor)
        at sun.misc.Unsafe.park(Native Method)
        at java.util.concurrent.locks.LockSupport.park(LockSupport.java:175)
        at java.util.concurrent.locks.AbstractQueuedSynchronizer$ConditionObject.await(AbstractQueuedSynchronizer.java:2039)
        at java.util.concurrent.ArrayBlockingQueue.take(ArrayBlockingQueue.java:403)
        at java.util.concurrent.ThreadPoolExecutor.getTask(ThreadPoolExecutor.java:1074)
        at java.util.concurrent.ThreadPoolExecutor.runWorker(ThreadPoolExecutor.java:1134)
        at java.util.concurrent.ThreadPoolExecutor$Worker.run(ThreadPoolExecutor.java:624)
        at java.lang.Thread.run(Thread.java:748)
"8692cc3a-c5e2-4bd5-b878-b8217203f52e@group-5812CD6E2952-StateMachineUpdater" daemon prio=5 tid=3187 in Object.wait()
java.lang.Thread.State: WAITING (on object monitor)
        at java.lang.Object.wait(Native Method)
        at java.lang.Object.wait(Object.java:502)
        at org.apache.ratis.server.impl.StateMachineUpdater.waitForCommit(StateMachineUpdater.java:194)
        at org.apache.ratis.server.impl.StateMachineUpdater.run(StateMachineUpdater.java:159)
        at java.lang.Thread.run(Thread.java:748)
"pool-168-thread-1"  prio=5 tid=2401 in Object.wait()
java.lang.Thread.State: WAITING (on object monitor)
        at sun.misc.Unsafe.park(Native Method)
        at java.util.concurrent.locks.LockSupport.park(LockSupport.java:175)
        at java.util.concurrent.locks.AbstractQueuedSynchronizer$ConditionObject.await(AbstractQueuedSynchronizer.java:2039)
        at java.util.concurrent.ArrayBlockingQueue.take(ArrayBlockingQueue.java:403)
        at java.util.concurrent.ThreadPoolExecutor.getTask(ThreadPoolExecutor.java:1074)
        at java.util.concurrent.ThreadPoolExecutor.runWorker(ThreadPoolExecutor.java:1134)
        at java.util.concurrent.ThreadPoolExecutor$Worker.run(ThreadPoolExecutor.java:624)
        at java.lang.Thread.run(Thread.java:748)
"pool-218-thread-54"  prio=5 tid=2764 in Object.wait()
java.lang.Thread.State: WAITING (on object monitor)
        at sun.misc.Unsafe.park(Native Method)
        at java.util.concurrent.locks.LockSupport.park(LockSupport.java:175)
        at java.util.concurrent.locks.AbstractQueuedSynchronizer$ConditionObject.await(AbstractQueuedSynchronizer.java:2039)
        at java.util.concurrent.ArrayBlockingQueue.take(ArrayBlockingQueue.java:403)
        at java.util.concurrent.ThreadPoolExecutor.getTask(ThreadPoolExecutor.java:1074)
        at java.util.concurrent.ThreadPoolExecutor.runWorker(ThreadPoolExecutor.java:1134)
        at java.util.concurrent.ThreadPoolExecutor$Worker.run(ThreadPoolExecutor.java:624)
        at java.lang.Thread.run(Thread.java:748)
"9ac24c7e-7e4f-4cef-ab0e-298cb71ae60d@group-12721B264F3B-SegmentedRaftLogWorker"  prio=5 tid=3116 timed_waiting
java.lang.Thread.State: TIMED_WAITING
        at sun.misc.Unsafe.park(Native Method)
        at java.util.concurrent.locks.LockSupport.parkNanos(LockSupport.java:215)
        at java.util.concurrent.locks.AbstractQueuedSynchronizer$ConditionObject.awaitNanos(AbstractQueuedSynchronizer.java:2078)
        at org.apache.ratis.util.DataBlockingQueue.poll(DataBlockingQueue.java:137)
        at org.apache.ratis.server.raftlog.segmented.SegmentedRaftLogWorker.run(SegmentedRaftLogWorker.java:282)
        at java.lang.Thread.run(Thread.java:748)
"pool-198-thread-44"  prio=5 tid=2630 in Object.wait()
java.lang.Thread.State: WAITING (on object monitor)
        at sun.misc.Unsafe.park(Native Method)
        at java.util.concurrent.locks.LockSupport.park(LockSupport.java:175)
        at java.util.concurrent.locks.AbstractQueuedSynchronizer$ConditionObject.await(AbstractQueuedSynchronizer.java:2039)
        at java.util.concurrent.ArrayBlockingQueue.take(ArrayBlockingQueue.java:403)
        at java.util.concurrent.ThreadPoolExecutor.getTask(ThreadPoolExecutor.java:1074)
        at java.util.concurrent.ThreadPoolExecutor.runWorker(ThreadPoolExecutor.java:1134)
        at java.util.concurrent.ThreadPoolExecutor$Worker.run(ThreadPoolExecutor.java:624)
        at java.lang.Thread.run(Thread.java:748)
"pool-198-thread-3"  prio=5 tid=2589 in Object.wait()
java.lang.Thread.State: WAITING (on object monitor)
        at sun.misc.Unsafe.park(Native Method)
        at java.util.concurrent.locks.LockSupport.park(LockSupport.java:175)
        at java.util.concurrent.locks.AbstractQueuedSynchronizer$ConditionObject.await(AbstractQueuedSynchronizer.java:2039)
        at java.util.concurrent.ArrayBlockingQueue.take(ArrayBlockingQueue.java:403)
        at java.util.concurrent.ThreadPoolExecutor.getTask(ThreadPoolExecutor.java:1074)
        at java.util.concurrent.ThreadPoolExecutor.runWorker(ThreadPoolExecutor.java:1134)
        at java.util.concurrent.ThreadPoolExecutor$Worker.run(ThreadPoolExecutor.java:624)
        at java.lang.Thread.run(Thread.java:748)
"qtp377667724-1998" daemon prio=5 tid=1998 timed_waiting
java.lang.Thread.State: TIMED_WAITING
        at sun.misc.Unsafe.park(Native Method)
        at java.util.concurrent.locks.LockSupport.parkNanos(LockSupport.java:215)
        at java.util.concurrent.locks.AbstractQueuedSynchronizer$ConditionObject.awaitNanos(AbstractQueuedSynchronizer.java:2078)
        at org.eclipse.jetty.util.BlockingArrayQueue.poll(BlockingArrayQueue.java:392)
        at org.eclipse.jetty.util.thread.QueuedThreadPool.idleJobPoll(QueuedThreadPool.java:563)
        at org.eclipse.jetty.util.thread.QueuedThreadPool.access$800(QueuedThreadPool.java:48)
        at org.eclipse.jetty.util.thread.QueuedThreadPool$2.run(QueuedThreadPool.java:626)
        at java.lang.Thread.run(Thread.java:748)
"org.eclipse.jetty.server.session.HashSessionManager@388d14eTimer" daemon prio=5 tid=2158 timed_waiting
java.lang.Thread.State: TIMED_WAITING
        at sun.misc.Unsafe.park(Native Method)
        at java.util.concurrent.locks.LockSupport.parkNanos(LockSupport.java:215)
        at java.util.concurrent.locks.AbstractQueuedSynchronizer$ConditionObject.awaitNanos(AbstractQueuedSynchronizer.java:2078)
        at java.util.concurrent.ScheduledThreadPoolExecutor$DelayedWorkQueue.take(ScheduledThreadPoolExecutor.java:1093)
        at java.util.concurrent.ScheduledThreadPoolExecutor$DelayedWorkQueue.take(ScheduledThreadPoolExecutor.java:809)
        at java.util.concurrent.ThreadPoolExecutor.getTask(ThreadPoolExecutor.java:1074)
        at java.util.concurrent.ThreadPoolExecutor.runWorker(ThreadPoolExecutor.java:1134)
        at java.util.concurrent.ThreadPoolExecutor$Worker.run(ThreadPoolExecutor.java:624)
        at java.lang.Thread.run(Thread.java:748)
"Thread-1570" daemon prio=5 tid=3229 timed_waiting
java.lang.Thread.State: TIMED_WAITING
        at sun.misc.Unsafe.park(Native Method)
        at java.util.concurrent.locks.LockSupport.parkNanos(LockSupport.java:215)
        at java.util.concurrent.locks.AbstractQueuedSynchronizer$ConditionObject.awaitNanos(AbstractQueuedSynchronizer.java:2078)
        at java.util.concurrent.ArrayBlockingQueue.poll(ArrayBlockingQueue.java:418)
        at org.apache.ratis.server.impl.LeaderState$EventQueue.poll(LeaderState.java:115)
        at org.apache.ratis.server.impl.LeaderState$EventProcessor.run(LeaderState.java:467)
"pool-168-thread-22"  prio=5 tid=2422 in Object.wait()
java.lang.Thread.State: WAITING (on object monitor)
        at sun.misc.Unsafe.park(Native Method)
        at java.util.concurrent.locks.LockSupport.park(LockSupport.java:175)
        at java.util.concurrent.locks.AbstractQueuedSynchronizer$ConditionObject.await(AbstractQueuedSynchronizer.java:2039)
        at java.util.concurrent.ArrayBlockingQueue.take(ArrayBlockingQueue.java:403)
        at java.util.concurrent.ThreadPoolExecutor.getTask(ThreadPoolExecutor.java:1074)
        at java.util.concurrent.ThreadPoolExecutor.runWorker(ThreadPoolExecutor.java:1134)
        at java.util.concurrent.ThreadPoolExecutor$Worker.run(ThreadPoolExecutor.java:624)
        at java.lang.Thread.run(Thread.java:748)
"pool-218-thread-19"  prio=5 tid=2729 in Object.wait()
java.lang.Thread.State: WAITING (on object monitor)
        at sun.misc.Unsafe.park(Native Method)
        at java.util.concurrent.locks.LockSupport.park(LockSupport.java:175)
        at java.util.concurrent.locks.AbstractQueuedSynchronizer$ConditionObject.await(AbstractQueuedSynchronizer.java:2039)
        at java.util.concurrent.ArrayBlockingQueue.take(ArrayBlockingQueue.java:403)
        at java.util.concurrent.ThreadPoolExecutor.getTask(ThreadPoolExecutor.java:1074)
        at java.util.concurrent.ThreadPoolExecutor.runWorker(ThreadPoolExecutor.java:1134)
        at java.util.concurrent.ThreadPoolExecutor$Worker.run(ThreadPoolExecutor.java:624)
        at java.lang.Thread.run(Thread.java:748)
"refreshUsed-/workdir/hadoop-ozone/integration-test/target/test-dir/MiniOzoneClusterImpl-8fc52630-20fd-4955-97d1-2a2852f9ee58/datanode-8/data/containers" daemon prio=5 tid=2224 timed_waiting
java.lang.Thread.State: TIMED_WAITING
        at java.lang.Thread.sleep(Native Method)
        at org.apache.hadoop.fs.CachingGetSpaceUsed$RefreshThread.run(CachingGetSpaceUsed.java:179)
        at java.lang.Thread.run(Thread.java:748)
"eccb109f-99d1-4501-bb16-6ecf49b3cdca@group-529DDC391E9C-StateMachineUpdater" daemon prio=5 tid=3131 in Object.wait()
java.lang.Thread.State: WAITING (on object monitor)
        at java.lang.Object.wait(Native Method)
        at java.lang.Object.wait(Object.java:502)
        at org.apache.ratis.server.impl.StateMachineUpdater.waitForCommit(StateMachineUpdater.java:194)
        at org.apache.ratis.server.impl.StateMachineUpdater.run(StateMachineUpdater.java:159)
        at java.lang.Thread.run(Thread.java:748)
"pool-238-thread-14"  prio=5 tid=2848 in Object.wait()
java.lang.Thread.State: WAITING (on object monitor)
        at sun.misc.Unsafe.park(Native Method)
        at java.util.concurrent.locks.LockSupport.park(LockSupport.java:175)
        at java.util.concurrent.locks.AbstractQueuedSynchronizer$ConditionObject.await(AbstractQueuedSynchronizer.java:2039)
        at java.util.concurrent.ArrayBlockingQueue.take(ArrayBlockingQueue.java:403)
        at java.util.concurrent.ThreadPoolExecutor.getTask(ThreadPoolExecutor.java:1074)
        at java.util.concurrent.ThreadPoolExecutor.runWorker(ThreadPoolExecutor.java:1134)
        at java.util.concurrent.ThreadPoolExecutor$Worker.run(ThreadPoolExecutor.java:624)
        at java.lang.Thread.run(Thread.java:748)
"pool-232-thread-1"  prio=5 tid=2228 timed_waiting
java.lang.Thread.State: TIMED_WAITING
        at sun.misc.Unsafe.park(Native Method)
        at java.util.concurrent.locks.LockSupport.parkNanos(LockSupport.java:215)
        at java.util.concurrent.locks.AbstractQueuedSynchronizer$ConditionObject.awaitNanos(AbstractQueuedSynchronizer.java:2078)
        at java.util.concurrent.ScheduledThreadPoolExecutor$DelayedWorkQueue.take(ScheduledThreadPoolExecutor.java:1093)
        at java.util.concurrent.ScheduledThreadPoolExecutor$DelayedWorkQueue.take(ScheduledThreadPoolExecutor.java:809)
        at java.util.concurrent.ThreadPoolExecutor.getTask(ThreadPoolExecutor.java:1074)
        at java.util.concurrent.ThreadPoolExecutor.runWorker(ThreadPoolExecutor.java:1134)
        at java.util.concurrent.ThreadPoolExecutor$Worker.run(ThreadPoolExecutor.java:624)
        at java.lang.Thread.run(Thread.java:748)
"pool-218-thread-9"  prio=5 tid=2719 in Object.wait()
java.lang.Thread.State: WAITING (on object monitor)
        at sun.misc.Unsafe.park(Native Method)
        at java.util.concurrent.locks.LockSupport.park(LockSupport.java:175)
        at java.util.concurrent.locks.AbstractQueuedSynchronizer$ConditionObject.await(AbstractQueuedSynchronizer.java:2039)
        at java.util.concurrent.ArrayBlockingQueue.take(ArrayBlockingQueue.java:403)
        at java.util.concurrent.ThreadPoolExecutor.getTask(ThreadPoolExecutor.java:1074)
        at java.util.concurrent.ThreadPoolExecutor.runWorker(ThreadPoolExecutor.java:1134)
        at java.util.concurrent.ThreadPoolExecutor$Worker.run(ThreadPoolExecutor.java:624)
        at java.lang.Thread.run(Thread.java:748)
"PartialTableCache Cleanup Thread - 0" daemon prio=5 tid=1331 in Object.wait()
java.lang.Thread.State: WAITING (on object monitor)
        at sun.misc.Unsafe.park(Native Method)
        at java.util.concurrent.locks.LockSupport.park(LockSupport.java:175)
        at java.util.concurrent.locks.AbstractQueuedSynchronizer$ConditionObject.await(AbstractQueuedSynchronizer.java:2039)
        at java.util.concurrent.LinkedBlockingQueue.take(LinkedBlockingQueue.java:442)
        at java.util.concurrent.ThreadPoolExecutor.getTask(ThreadPoolExecutor.java:1074)
        at java.util.concurrent.ThreadPoolExecutor.runWorker(ThreadPoolExecutor.java:1134)
        at java.util.concurrent.ThreadPoolExecutor$Worker.run(ThreadPoolExecutor.java:624)
        at java.lang.Thread.run(Thread.java:748)
"pool-168-thread-12"  prio=5 tid=2412 in Object.wait()
java.lang.Thread.State: WAITING (on object monitor)
        at sun.misc.Unsafe.park(Native Method)
        at java.util.concurrent.locks.LockSupport.park(LockSupport.java:175)
        at java.util.concurrent.locks.AbstractQueuedSynchronizer$ConditionObject.await(AbstractQueuedSynchronizer.java:2039)
        at java.util.concurrent.ArrayBlockingQueue.take(ArrayBlockingQueue.java:403)
        at java.util.concurrent.ThreadPoolExecutor.getTask(ThreadPoolExecutor.java:1074)
        at java.util.concurrent.ThreadPoolExecutor.runWorker(ThreadPoolExecutor.java:1134)
        at java.util.concurrent.ThreadPoolExecutor$Worker.run(ThreadPoolExecutor.java:624)
        at java.lang.Thread.run(Thread.java:748)
"qtp377667724-2000" daemon prio=5 tid=2000 timed_waiting
java.lang.Thread.State: TIMED_WAITING
        at sun.misc.Unsafe.park(Native Method)
        at java.util.concurrent.locks.LockSupport.parkNanos(LockSupport.java:215)
        at java.util.concurrent.locks.AbstractQueuedSynchronizer$ConditionObject.awaitNanos(AbstractQueuedSynchronizer.java:2078)
        at org.eclipse.jetty.util.BlockingArrayQueue.poll(BlockingArrayQueue.java:392)
        at org.eclipse.jetty.util.thread.QueuedThreadPool.idleJobPoll(QueuedThreadPool.java:563)
        at org.eclipse.jetty.util.thread.QueuedThreadPool.access$800(QueuedThreadPool.java:48)
        at org.eclipse.jetty.util.thread.QueuedThreadPool$2.run(QueuedThreadPool.java:626)
        at java.lang.Thread.run(Thread.java:748)
"pool-238-thread-48"  prio=5 tid=2882 in Object.wait()
java.lang.Thread.State: WAITING (on object monitor)
        at sun.misc.Unsafe.park(Native Method)
        at java.util.concurrent.locks.LockSupport.park(LockSupport.java:175)
        at java.util.concurrent.locks.AbstractQueuedSynchronizer$ConditionObject.await(AbstractQueuedSynchronizer.java:2039)
        at java.util.concurrent.ArrayBlockingQueue.take(ArrayBlockingQueue.java:403)
        at java.util.concurrent.ThreadPoolExecutor.getTask(ThreadPoolExecutor.java:1074)
        at java.util.concurrent.ThreadPoolExecutor.runWorker(ThreadPoolExecutor.java:1134)
        at java.util.concurrent.ThreadPoolExecutor$Worker.run(ThreadPoolExecutor.java:624)
        at java.lang.Thread.run(Thread.java:748)
"qtp843410864-2176-acceptor-0@b16e629-ServerConnector@65bb6275{HTTP/1.1,[http/1.1]}{0.0.0.0:39963}" daemon prio=3 tid=2176 runnable
java.lang.Thread.State: RUNNABLE
        at sun.nio.ch.ServerSocketChannelImpl.accept0(Native Method)
        at sun.nio.ch.ServerSocketChannelImpl.accept(ServerSocketChannelImpl.java:422)
        at sun.nio.ch.ServerSocketChannelImpl.accept(ServerSocketChannelImpl.java:250)
        at org.eclipse.jetty.server.ServerConnector.accept(ServerConnector.java:397)
        at org.eclipse.jetty.server.AbstractConnector$Acceptor.run(AbstractConnector.java:601)
        at org.eclipse.jetty.util.thread.QueuedThreadPool.runJob(QueuedThreadPool.java:671)
        at org.eclipse.jetty.util.thread.QueuedThreadPool$2.run(QueuedThreadPool.java:589)
        at java.lang.Thread.run(Thread.java:748)
"eccb109f-99d1-4501-bb16-6ecf49b3cdca@group-F658B4985483-StateMachineUpdater" daemon prio=5 tid=3161 in Object.wait()
java.lang.Thread.State: WAITING (on object monitor)
        at java.lang.Object.wait(Native Method)
        at java.lang.Object.wait(Object.java:502)
        at org.apache.ratis.server.impl.StateMachineUpdater.waitForCommit(StateMachineUpdater.java:194)
        at org.apache.ratis.server.impl.StateMachineUpdater.run(StateMachineUpdater.java:159)
        at java.lang.Thread.run(Thread.java:748)
"pool-198-thread-16"  prio=5 tid=2602 in Object.wait()
java.lang.Thread.State: WAITING (on object monitor)
        at sun.misc.Unsafe.park(Native Method)
        at java.util.concurrent.locks.LockSupport.park(LockSupport.java:175)
        at java.util.concurrent.locks.AbstractQueuedSynchronizer$ConditionObject.await(AbstractQueuedSynchronizer.java:2039)
        at java.util.concurrent.ArrayBlockingQueue.take(ArrayBlockingQueue.java:403)
        at java.util.concurrent.ThreadPoolExecutor.getTask(ThreadPoolExecutor.java:1074)
        at java.util.concurrent.ThreadPoolExecutor.runWorker(ThreadPoolExecutor.java:1134)
        at java.util.concurrent.ThreadPoolExecutor$Worker.run(ThreadPoolExecutor.java:624)
        at java.lang.Thread.run(Thread.java:748)
"Periodic HDDS volume checker"  prio=5 tid=2060 timed_waiting
java.lang.Thread.State: TIMED_WAITING
        at sun.misc.Unsafe.park(Native Method)
        at java.util.concurrent.locks.LockSupport.parkNanos(LockSupport.java:215)
        at java.util.concurrent.locks.AbstractQueuedSynchronizer$ConditionObject.awaitNanos(AbstractQueuedSynchronizer.java:2078)
        at java.util.concurrent.ScheduledThreadPoolExecutor$DelayedWorkQueue.take(ScheduledThreadPoolExecutor.java:1093)
        at java.util.concurrent.ScheduledThreadPoolExecutor$DelayedWorkQueue.take(ScheduledThreadPoolExecutor.java:809)
        at java.util.concurrent.ThreadPoolExecutor.getTask(ThreadPoolExecutor.java:1074)
        at java.util.concurrent.ThreadPoolExecutor.runWorker(ThreadPoolExecutor.java:1134)
        at java.util.concurrent.ThreadPoolExecutor$Worker.run(ThreadPoolExecutor.java:624)
        at java.lang.Thread.run(Thread.java:748)
"Datanode ReportManager Thread - 1" daemon prio=5 tid=280 in Object.wait()
java.lang.Thread.State: WAITING (on object monitor)
        at sun.misc.Unsafe.park(Native Method)
        at java.util.concurrent.locks.LockSupport.park(LockSupport.java:175)
        at java.util.concurrent.locks.AbstractQueuedSynchronizer$ConditionObject.await(AbstractQueuedSynchronizer.java:2039)
        at java.util.concurrent.ScheduledThreadPoolExecutor$DelayedWorkQueue.take(ScheduledThreadPoolExecutor.java:1088)
        at java.util.concurrent.ScheduledThreadPoolExecutor$DelayedWorkQueue.take(ScheduledThreadPoolExecutor.java:809)
        at java.util.concurrent.ThreadPoolExecutor.getTask(ThreadPoolExecutor.java:1074)
        at java.util.concurrent.ThreadPoolExecutor.runWorker(ThreadPoolExecutor.java:1134)
        at java.util.concurrent.ThreadPoolExecutor$Worker.run(ThreadPoolExecutor.java:624)
        at java.lang.Thread.run(Thread.java:748)
"pool-228-thread-17"  prio=5 tid=2789 in Object.wait()
java.lang.Thread.State: WAITING (on object monitor)
        at sun.misc.Unsafe.park(Native Method)
        at java.util.concurrent.locks.LockSupport.park(LockSupport.java:175)
        at java.util.concurrent.locks.AbstractQueuedSynchronizer$ConditionObject.await(AbstractQueuedSynchronizer.java:2039)
        at java.util.concurrent.ArrayBlockingQueue.take(ArrayBlockingQueue.java:403)
        at java.util.concurrent.ThreadPoolExecutor.getTask(ThreadPoolExecutor.java:1074)
        at java.util.concurrent.ThreadPoolExecutor.runWorker(ThreadPoolExecutor.java:1134)
        at java.util.concurrent.ThreadPoolExecutor$Worker.run(ThreadPoolExecutor.java:624)
        at java.lang.Thread.run(Thread.java:748)
"pool-168-thread-6"  prio=5 tid=2406 in Object.wait()
java.lang.Thread.State: WAITING (on object monitor)
        at sun.misc.Unsafe.park(Native Method)
        at java.util.concurrent.locks.LockSupport.park(LockSupport.java:175)
        at java.util.concurrent.locks.AbstractQueuedSynchronizer$ConditionObject.await(AbstractQueuedSynchronizer.java:2039)
        at java.util.concurrent.ArrayBlockingQueue.take(ArrayBlockingQueue.java:403)
        at java.util.concurrent.ThreadPoolExecutor.getTask(ThreadPoolExecutor.java:1074)
        at java.util.concurrent.ThreadPoolExecutor.runWorker(ThreadPoolExecutor.java:1134)
        at java.util.concurrent.ThreadPoolExecutor$Worker.run(ThreadPoolExecutor.java:624)
        at java.lang.Thread.run(Thread.java:748)
"qtp843410864-2180" daemon prio=5 tid=2180 timed_waiting
java.lang.Thread.State: TIMED_WAITING
        at sun.misc.Unsafe.park(Native Method)
        at java.util.concurrent.locks.LockSupport.parkNanos(LockSupport.java:215)
        at java.util.concurrent.locks.AbstractQueuedSynchronizer$ConditionObject.awaitNanos(AbstractQueuedSynchronizer.java:2078)
        at org.eclipse.jetty.util.BlockingArrayQueue.poll(BlockingArrayQueue.java:392)
        at org.eclipse.jetty.util.thread.QueuedThreadPool.idleJobPoll(QueuedThreadPool.java:563)
        at org.eclipse.jetty.util.thread.QueuedThreadPool.access$800(QueuedThreadPool.java:48)
        at org.eclipse.jetty.util.thread.QueuedThreadPool$2.run(QueuedThreadPool.java:626)
        at java.lang.Thread.run(Thread.java:748)
"org.eclipse.jetty.server.session.HashSessionManager@2eda072Timer" daemon prio=5 tid=2184 timed_waiting
java.lang.Thread.State: TIMED_WAITING
        at sun.misc.Unsafe.park(Native Method)
        at java.util.concurrent.locks.LockSupport.parkNanos(LockSupport.java:215)
        at java.util.concurrent.locks.AbstractQueuedSynchronizer$ConditionObject.awaitNanos(AbstractQueuedSynchronizer.java:2078)
        at java.util.concurrent.ScheduledThreadPoolExecutor$DelayedWorkQueue.take(ScheduledThreadPoolExecutor.java:1093)
        at java.util.concurrent.ScheduledThreadPoolExecutor$DelayedWorkQueue.take(ScheduledThreadPoolExecutor.java:809)
        at java.util.concurrent.ThreadPoolExecutor.getTask(ThreadPoolExecutor.java:1074)
        at java.util.concurrent.ThreadPoolExecutor.runWorker(ThreadPoolExecutor.java:1134)
        at java.util.concurrent.ThreadPoolExecutor$Worker.run(ThreadPoolExecutor.java:624)
        at java.lang.Thread.run(Thread.java:748)
"process reaper" daemon prio=10 tid=10 timed_waiting
java.lang.Thread.State: TIMED_WAITING
        at sun.misc.Unsafe.park(Native Method)
        at java.util.concurrent.locks.LockSupport.parkNanos(LockSupport.java:215)
        at java.util.concurrent.SynchronousQueue$TransferStack.awaitFulfill(SynchronousQueue.java:460)
        at java.util.concurrent.SynchronousQueue$TransferStack.transfer(SynchronousQueue.java:362)
        at java.util.concurrent.SynchronousQueue.poll(SynchronousQueue.java:941)
        at java.util.concurrent.ThreadPoolExecutor.getTask(ThreadPoolExecutor.java:1073)
        at java.util.concurrent.ThreadPoolExecutor.runWorker(ThreadPoolExecutor.java:1134)
        at java.util.concurrent.ThreadPoolExecutor$Worker.run(ThreadPoolExecutor.java:624)
        at java.lang.Thread.run(Thread.java:748)
"pool-208-thread-48"  prio=5 tid=2696 in Object.wait()
java.lang.Thread.State: WAITING (on object monitor)
        at sun.misc.Unsafe.park(Native Method)
        at java.util.concurrent.locks.LockSupport.park(LockSupport.java:175)
        at java.util.concurrent.locks.AbstractQueuedSynchronizer$ConditionObject.await(AbstractQueuedSynchronizer.java:2039)
        at java.util.concurrent.ArrayBlockingQueue.take(ArrayBlockingQueue.java:403)
        at java.util.concurrent.ThreadPoolExecutor.getTask(ThreadPoolExecutor.java:1074)
        at java.util.concurrent.ThreadPoolExecutor.runWorker(ThreadPoolExecutor.java:1134)
        at java.util.concurrent.ThreadPoolExecutor$Worker.run(ThreadPoolExecutor.java:624)
        at java.lang.Thread.run(Thread.java:748)
"IPC Server handler 3 on 45410" daemon prio=5 tid=1975 timed_waiting
java.lang.Thread.State: TIMED_WAITING
        at sun.misc.Unsafe.park(Native Method)
        at java.util.concurrent.locks.LockSupport.parkNanos(LockSupport.java:215)
        at java.util.concurrent.locks.AbstractQueuedSynchronizer$ConditionObject.awaitNanos(AbstractQueuedSynchronizer.java:2078)
        at java.util.concurrent.LinkedBlockingQueue.poll(LinkedBlockingQueue.java:467)
        at org.apache.hadoop.ipc.CallQueueManager.take(CallQueueManager.java:288)
        at org.apache.hadoop.ipc.Server$Handler.run(Server.java:2668)
"pool-208-thread-40"  prio=5 tid=2688 in Object.wait()
java.lang.Thread.State: WAITING (on object monitor)
        at sun.misc.Unsafe.park(Native Method)
        at java.util.concurrent.locks.LockSupport.park(LockSupport.java:175)
        at java.util.concurrent.locks.AbstractQueuedSynchronizer$ConditionObject.await(AbstractQueuedSynchronizer.java:2039)
        at java.util.concurrent.ArrayBlockingQueue.take(ArrayBlockingQueue.java:403)
        at java.util.concurrent.ThreadPoolExecutor.getTask(ThreadPoolExecutor.java:1074)
        at java.util.concurrent.ThreadPoolExecutor.runWorker(ThreadPoolExecutor.java:1134)
        at java.util.concurrent.ThreadPoolExecutor$Worker.run(ThreadPoolExecutor.java:624)
        at java.lang.Thread.run(Thread.java:748)
"org.apache.hadoop.util.JvmPauseMonitor$Monitor@4a46a7c5" daemon prio=5 tid=2273 timed_waiting
java.lang.Thread.State: TIMED_WAITING
        at java.lang.Thread.sleep(Native Method)
        at org.apache.hadoop.util.JvmPauseMonitor$Monitor.run(JvmPauseMonitor.java:192)
        at java.lang.Thread.run(Thread.java:748)
"Timer-1" daemon prio=5 tid=149 timed_waiting
java.lang.Thread.State: TIMED_WAITING
        at java.lang.Object.wait(Native Method)
        at java.util.TimerThread.mainLoop(Timer.java:552)
        at java.util.TimerThread.run(Timer.java:505)
"PartialTableCache Cleanup Thread - 0" daemon prio=5 tid=3075 in Object.wait()
java.lang.Thread.State: WAITING (on object monitor)
        at sun.misc.Unsafe.park(Native Method)
        at java.util.concurrent.locks.LockSupport.park(LockSupport.java:175)
        at java.util.concurrent.locks.AbstractQueuedSynchronizer$ConditionObject.await(AbstractQueuedSynchronizer.java:2039)
        at java.util.concurrent.LinkedBlockingQueue.take(LinkedBlockingQueue.java:442)
        at java.util.concurrent.ThreadPoolExecutor.getTask(ThreadPoolExecutor.java:1074)
        at java.util.concurrent.ThreadPoolExecutor.runWorker(ThreadPoolExecutor.java:1134)
        at java.util.concurrent.ThreadPoolExecutor$Worker.run(ThreadPoolExecutor.java:624)
        at java.lang.Thread.run(Thread.java:748)
"pool-178-thread-37"  prio=5 tid=2499 in Object.wait()
java.lang.Thread.State: WAITING (on object monitor)
        at sun.misc.Unsafe.park(Native Method)
        at java.util.concurrent.locks.LockSupport.park(LockSupport.java:175)
        at java.util.concurrent.locks.AbstractQueuedSynchronizer$ConditionObject.await(AbstractQueuedSynchronizer.java:2039)
        at java.util.concurrent.ArrayBlockingQueue.take(ArrayBlockingQueue.java:403)
        at java.util.concurrent.ThreadPoolExecutor.getTask(ThreadPoolExecutor.java:1074)
        at java.util.concurrent.ThreadPoolExecutor.runWorker(ThreadPoolExecutor.java:1134)
        at java.util.concurrent.ThreadPoolExecutor$Worker.run(ThreadPoolExecutor.java:624)
        at java.lang.Thread.run(Thread.java:748)
"DataNode DiskChecker thread 0" daemon prio=5 tid=2063 timed_waiting
java.lang.Thread.State: TIMED_WAITING
        at sun.misc.Unsafe.park(Native Method)
        at java.util.concurrent.locks.LockSupport.parkNanos(LockSupport.java:215)
        at java.util.concurrent.SynchronousQueue$TransferStack.awaitFulfill(SynchronousQueue.java:460)
        at java.util.concurrent.SynchronousQueue$TransferStack.transfer(SynchronousQueue.java:362)
        at java.util.concurrent.SynchronousQueue.poll(SynchronousQueue.java:941)
        at java.util.concurrent.ThreadPoolExecutor.getTask(ThreadPoolExecutor.java:1073)
        at java.util.concurrent.ThreadPoolExecutor.runWorker(ThreadPoolExecutor.java:1134)
        at java.util.concurrent.ThreadPoolExecutor$Worker.run(ThreadPoolExecutor.java:624)
        at java.lang.Thread.run(Thread.java:748)
"pool-218-thread-18"  prio=5 tid=2728 in Object.wait()
java.lang.Thread.State: WAITING (on object monitor)
        at sun.misc.Unsafe.park(Native Method)
        at java.util.concurrent.locks.LockSupport.park(LockSupport.java:175)
        at java.util.concurrent.locks.AbstractQueuedSynchronizer$ConditionObject.await(AbstractQueuedSynchronizer.java:2039)
        at java.util.concurrent.ArrayBlockingQueue.take(ArrayBlockingQueue.java:403)
        at java.util.concurrent.ThreadPoolExecutor.getTask(ThreadPoolExecutor.java:1074)
        at java.util.concurrent.ThreadPoolExecutor.runWorker(ThreadPoolExecutor.java:1134)
        at java.util.concurrent.ThreadPoolExecutor$Worker.run(ThreadPoolExecutor.java:624)
        at java.lang.Thread.run(Thread.java:748)
"pool-186-thread-1" daemon prio=5 tid=2118 timed_waiting
java.lang.Thread.State: TIMED_WAITING
        at sun.misc.Unsafe.park(Native Method)
        at java.util.concurrent.locks.LockSupport.parkNanos(LockSupport.java:215)
        at java.util.concurrent.locks.AbstractQueuedSynchronizer$ConditionObject.awaitNanos(AbstractQueuedSynchronizer.java:2078)
        at java.util.concurrent.ScheduledThreadPoolExecutor$DelayedWorkQueue.take(ScheduledThreadPoolExecutor.java:1093)
        at java.util.concurrent.ScheduledThreadPoolExecutor$DelayedWorkQueue.take(ScheduledThreadPoolExecutor.java:809)
        at java.util.concurrent.ThreadPoolExecutor.getTask(ThreadPoolExecutor.java:1074)
        at java.util.concurrent.ThreadPoolExecutor.runWorker(ThreadPoolExecutor.java:1134)
        at java.util.concurrent.ThreadPoolExecutor$Worker.run(ThreadPoolExecutor.java:624)
        at java.lang.Thread.run(Thread.java:748)
"IPC Server handler 12 on 40581" daemon prio=5 tid=1921 timed_waiting
java.lang.Thread.State: TIMED_WAITING
        at sun.misc.Unsafe.park(Native Method)
        at java.util.concurrent.locks.LockSupport.parkNanos(LockSupport.java:215)
        at java.util.concurrent.locks.AbstractQueuedSynchronizer$ConditionObject.awaitNanos(AbstractQueuedSynchronizer.java:2078)
        at java.util.concurrent.LinkedBlockingQueue.poll(LinkedBlockingQueue.java:467)
        at org.apache.hadoop.ipc.CallQueueManager.take(CallQueueManager.java:288)
        at org.apache.hadoop.ipc.Server$Handler.run(Server.java:2668)
"pool-228-thread-1"  prio=5 tid=2773 in Object.wait()
java.lang.Thread.State: WAITING (on object monitor)
        at sun.misc.Unsafe.park(Native Method)
        at java.util.concurrent.locks.LockSupport.park(LockSupport.java:175)
        at java.util.concurrent.locks.AbstractQueuedSynchronizer$ConditionObject.await(AbstractQueuedSynchronizer.java:2039)
        at java.util.concurrent.ArrayBlockingQueue.take(ArrayBlockingQueue.java:403)
        at java.util.concurrent.ThreadPoolExecutor.getTask(ThreadPoolExecutor.java:1074)
        at java.util.concurrent.ThreadPoolExecutor.runWorker(ThreadPoolExecutor.java:1134)
        at java.util.concurrent.ThreadPoolExecutor$Worker.run(ThreadPoolExecutor.java:624)
        at java.lang.Thread.run(Thread.java:748)
"pool-198-thread-30"  prio=5 tid=2616 in Object.wait()
java.lang.Thread.State: WAITING (on object monitor)
        at sun.misc.Unsafe.park(Native Method)
        at java.util.concurrent.locks.LockSupport.park(LockSupport.java:175)
        at java.util.concurrent.locks.AbstractQueuedSynchronizer$ConditionObject.await(AbstractQueuedSynchronizer.java:2039)
        at java.util.concurrent.ArrayBlockingQueue.take(ArrayBlockingQueue.java:403)
        at java.util.concurrent.ThreadPoolExecutor.getTask(ThreadPoolExecutor.java:1074)
        at java.util.concurrent.ThreadPoolExecutor.runWorker(ThreadPoolExecutor.java:1134)
        at java.util.concurrent.ThreadPoolExecutor$Worker.run(ThreadPoolExecutor.java:624)
        at java.lang.Thread.run(Thread.java:748)
"IPC Server handler 8 on 45410" daemon prio=5 tid=1980 timed_waiting
java.lang.Thread.State: TIMED_WAITING
        at sun.misc.Unsafe.park(Native Method)
        at java.util.concurrent.locks.LockSupport.parkNanos(LockSupport.java:215)
        at java.util.concurrent.locks.AbstractQueuedSynchronizer$ConditionObject.awaitNanos(AbstractQueuedSynchronizer.java:2078)
        at java.util.concurrent.LinkedBlockingQueue.poll(LinkedBlockingQueue.java:467)
        at org.apache.hadoop.ipc.CallQueueManager.take(CallQueueManager.java:288)
        at org.apache.hadoop.ipc.Server$Handler.run(Server.java:2668)
"pool-148-thread-4"  prio=5 tid=2279 in Object.wait()
java.lang.Thread.State: WAITING (on object monitor)
        at sun.misc.Unsafe.park(Native Method)
        at java.util.concurrent.locks.LockSupport.park(LockSupport.java:175)
        at java.util.concurrent.locks.AbstractQueuedSynchronizer$ConditionObject.await(AbstractQueuedSynchronizer.java:2039)
        at java.util.concurrent.ArrayBlockingQueue.take(ArrayBlockingQueue.java:403)
        at java.util.concurrent.ThreadPoolExecutor.getTask(ThreadPoolExecutor.java:1074)
        at java.util.concurrent.ThreadPoolExecutor.runWorker(ThreadPoolExecutor.java:1134)
        at java.util.concurrent.ThreadPoolExecutor$Worker.run(ThreadPoolExecutor.java:624)
        at java.lang.Thread.run(Thread.java:748)
"0bfc3546-5406-43b9-8d67-9a12bf5503d8@group-5812CD6E2952-SegmentedRaftLogWorker"  prio=5 tid=3185 timed_waiting
java.lang.Thread.State: TIMED_WAITING
        at sun.misc.Unsafe.park(Native Method)
        at java.util.concurrent.locks.LockSupport.parkNanos(LockSupport.java:215)
        at java.util.concurrent.locks.AbstractQueuedSynchronizer$ConditionObject.awaitNanos(AbstractQueuedSynchronizer.java:2078)
        at org.apache.ratis.util.DataBlockingQueue.poll(DataBlockingQueue.java:137)
        at org.apache.ratis.server.raftlog.segmented.SegmentedRaftLogWorker.run(SegmentedRaftLogWorker.java:282)
        at java.lang.Thread.run(Thread.java:748)
"pool-178-thread-58"  prio=5 tid=2520 in Object.wait()
java.lang.Thread.State: WAITING (on object monitor)
        at sun.misc.Unsafe.park(Native Method)
        at java.util.concurrent.locks.LockSupport.park(LockSupport.java:175)
        at java.util.concurrent.locks.AbstractQueuedSynchronizer$ConditionObject.await(AbstractQueuedSynchronizer.java:2039)
        at java.util.concurrent.ArrayBlockingQueue.take(ArrayBlockingQueue.java:403)
        at java.util.concurrent.ThreadPoolExecutor.getTask(ThreadPoolExecutor.java:1074)
        at java.util.concurrent.ThreadPoolExecutor.runWorker(ThreadPoolExecutor.java:1134)
        at java.util.concurrent.ThreadPoolExecutor$Worker.run(ThreadPoolExecutor.java:624)
        at java.lang.Thread.run(Thread.java:748)
"pool-168-thread-14"  prio=5 tid=2414 in Object.wait()
java.lang.Thread.State: WAITING (on object monitor)
        at sun.misc.Unsafe.park(Native Method)
        at java.util.concurrent.locks.LockSupport.park(LockSupport.java:175)
        at java.util.concurrent.locks.AbstractQueuedSynchronizer$ConditionObject.await(AbstractQueuedSynchronizer.java:2039)
        at java.util.concurrent.ArrayBlockingQueue.take(ArrayBlockingQueue.java:403)
        at java.util.concurrent.ThreadPoolExecutor.getTask(ThreadPoolExecutor.java:1074)
        at java.util.concurrent.ThreadPoolExecutor.runWorker(ThreadPoolExecutor.java:1134)
        at java.util.concurrent.ThreadPoolExecutor$Worker.run(ThreadPoolExecutor.java:624)
        at java.lang.Thread.run(Thread.java:748)
"Datanode ReportManager Thread - 1" daemon prio=5 tid=2215 timed_waiting
java.lang.Thread.State: TIMED_WAITING
        at sun.misc.Unsafe.park(Native Method)
        at java.util.concurrent.locks.LockSupport.parkNanos(LockSupport.java:215)
        at java.util.concurrent.locks.AbstractQueuedSynchronizer$ConditionObject.awaitNanos(AbstractQueuedSynchronizer.java:2078)
        at java.util.concurrent.ScheduledThreadPoolExecutor$DelayedWorkQueue.take(ScheduledThreadPoolExecutor.java:1093)
        at java.util.concurrent.ScheduledThreadPoolExecutor$DelayedWorkQueue.take(ScheduledThreadPoolExecutor.java:809)
        at java.util.concurrent.ThreadPoolExecutor.getTask(ThreadPoolExecutor.java:1074)
        at java.util.concurrent.ThreadPoolExecutor.runWorker(ThreadPoolExecutor.java:1134)
        at java.util.concurrent.ThreadPoolExecutor$Worker.run(ThreadPoolExecutor.java:624)
        at java.lang.Thread.run(Thread.java:748)
"Datanode ReportManager Thread - 0" daemon prio=5 tid=360 timed_waiting
java.lang.Thread.State: TIMED_WAITING
        at sun.misc.Unsafe.park(Native Method)
        at java.util.concurrent.locks.LockSupport.parkNanos(LockSupport.java:215)
        at java.util.concurrent.locks.AbstractQueuedSynchronizer$ConditionObject.awaitNanos(AbstractQueuedSynchronizer.java:2078)
        at java.util.concurrent.ScheduledThreadPoolExecutor$DelayedWorkQueue.take(ScheduledThreadPoolExecutor.java:1093)
        at java.util.concurrent.ScheduledThreadPoolExecutor$DelayedWorkQueue.take(ScheduledThreadPoolExecutor.java:809)
        at java.util.concurrent.ThreadPoolExecutor.getTask(ThreadPoolExecutor.java:1074)
        at java.util.concurrent.ThreadPoolExecutor.runWorker(ThreadPoolExecutor.java:1134)
        at java.util.concurrent.ThreadPoolExecutor$Worker.run(ThreadPoolExecutor.java:624)
        at java.lang.Thread.run(Thread.java:748)
"pool-188-thread-37"  prio=5 tid=2561 in Object.wait()
java.lang.Thread.State: WAITING (on object monitor)
        at sun.misc.Unsafe.park(Native Method)
        at java.util.concurrent.locks.LockSupport.park(LockSupport.java:175)
        at java.util.concurrent.locks.AbstractQueuedSynchronizer$ConditionObject.await(AbstractQueuedSynchronizer.java:2039)
        at java.util.concurrent.ArrayBlockingQueue.take(ArrayBlockingQueue.java:403)
        at java.util.concurrent.ThreadPoolExecutor.getTask(ThreadPoolExecutor.java:1074)
        at java.util.concurrent.ThreadPoolExecutor.runWorker(ThreadPoolExecutor.java:1134)
        at java.util.concurrent.ThreadPoolExecutor$Worker.run(ThreadPoolExecutor.java:624)
        at java.lang.Thread.run(Thread.java:748)
"pool-192-thread-1"  prio=5 tid=2120 timed_waiting
java.lang.Thread.State: TIMED_WAITING
        at sun.misc.Unsafe.park(Native Method)
        at java.util.concurrent.locks.LockSupport.parkNanos(LockSupport.java:215)
        at java.util.concurrent.locks.AbstractQueuedSynchronizer$ConditionObject.awaitNanos(AbstractQueuedSynchronizer.java:2078)
        at java.util.concurrent.ScheduledThreadPoolExecutor$DelayedWorkQueue.take(ScheduledThreadPoolExecutor.java:1093)
        at java.util.concurrent.ScheduledThreadPoolExecutor$DelayedWorkQueue.take(ScheduledThreadPoolExecutor.java:809)
        at java.util.concurrent.ThreadPoolExecutor.getTask(ThreadPoolExecutor.java:1074)
        at java.util.concurrent.ThreadPoolExecutor.runWorker(ThreadPoolExecutor.java:1134)
        at java.util.concurrent.ThreadPoolExecutor$Worker.run(ThreadPoolExecutor.java:624)
        at java.lang.Thread.run(Thread.java:748)
"qtp377667724-1995" daemon prio=5 tid=1995 timed_waiting
java.lang.Thread.State: TIMED_WAITING
        at sun.misc.Unsafe.park(Native Method)
        at java.util.concurrent.locks.LockSupport.parkNanos(LockSupport.java:215)
        at java.util.concurrent.locks.AbstractQueuedSynchronizer$ConditionObject.awaitNanos(AbstractQueuedSynchronizer.java:2078)
        at org.eclipse.jetty.util.BlockingArrayQueue.poll(BlockingArrayQueue.java:392)
        at org.eclipse.jetty.util.thread.QueuedThreadPool.idleJobPoll(QueuedThreadPool.java:563)
        at org.eclipse.jetty.util.thread.QueuedThreadPool.access$800(QueuedThreadPool.java:48)
        at org.eclipse.jetty.util.thread.QueuedThreadPool$2.run(QueuedThreadPool.java:626)
        at java.lang.Thread.run(Thread.java:748)
"pool-228-thread-43"  prio=5 tid=2815 in Object.wait()
java.lang.Thread.State: WAITING (on object monitor)
        at sun.misc.Unsafe.park(Native Method)
        at java.util.concurrent.locks.LockSupport.park(LockSupport.java:175)
        at java.util.concurrent.locks.AbstractQueuedSynchronizer$ConditionObject.await(AbstractQueuedSynchronizer.java:2039)
        at java.util.concurrent.ArrayBlockingQueue.take(ArrayBlockingQueue.java:403)
        at java.util.concurrent.ThreadPoolExecutor.getTask(ThreadPoolExecutor.java:1074)
        at java.util.concurrent.ThreadPoolExecutor.runWorker(ThreadPoolExecutor.java:1134)
        at java.util.concurrent.ThreadPoolExecutor$Worker.run(ThreadPoolExecutor.java:624)
        at java.lang.Thread.run(Thread.java:748)
"pool-148-thread-13"  prio=5 tid=2288 in Object.wait()
java.lang.Thread.State: WAITING (on object monitor)
        at sun.misc.Unsafe.park(Native Method)
        at java.util.concurrent.locks.LockSupport.park(LockSupport.java:175)
        at java.util.concurrent.locks.AbstractQueuedSynchronizer$ConditionObject.await(AbstractQueuedSynchronizer.java:2039)
        at java.util.concurrent.ArrayBlockingQueue.take(ArrayBlockingQueue.java:403)
        at java.util.concurrent.ThreadPoolExecutor.getTask(ThreadPoolExecutor.java:1074)
        at java.util.concurrent.ThreadPoolExecutor.runWorker(ThreadPoolExecutor.java:1134)
        at java.util.concurrent.ThreadPoolExecutor$Worker.run(ThreadPoolExecutor.java:624)
        at java.lang.Thread.run(Thread.java:748)
"org.apache.hadoop.util.JvmPauseMonitor$Monitor@70deb45e" daemon prio=5 tid=2111 timed_waiting
java.lang.Thread.State: TIMED_WAITING
        at java.lang.Thread.sleep(Native Method)
        at org.apache.hadoop.util.JvmPauseMonitor$Monitor.run(JvmPauseMonitor.java:192)
        at java.lang.Thread.run(Thread.java:748)
"pool-208-thread-34"  prio=5 tid=2682 in Object.wait()
java.lang.Thread.State: WAITING (on object monitor)
        at sun.misc.Unsafe.park(Native Method)
        at java.util.concurrent.locks.LockSupport.park(LockSupport.java:175)
        at java.util.concurrent.locks.AbstractQueuedSynchronizer$ConditionObject.await(AbstractQueuedSynchronizer.java:2039)
        at java.util.concurrent.ArrayBlockingQueue.take(ArrayBlockingQueue.java:403)
        at java.util.concurrent.ThreadPoolExecutor.getTask(ThreadPoolExecutor.java:1074)
        at java.util.concurrent.ThreadPoolExecutor.runWorker(ThreadPoolExecutor.java:1134)
        at java.util.concurrent.ThreadPoolExecutor$Worker.run(ThreadPoolExecutor.java:624)
        at java.lang.Thread.run(Thread.java:748)
"pool-218-thread-8"  prio=5 tid=2718 in Object.wait()
java.lang.Thread.State: WAITING (on object monitor)
        at sun.misc.Unsafe.park(Native Method)
        at java.util.concurrent.locks.LockSupport.park(LockSupport.java:175)
        at java.util.concurrent.locks.AbstractQueuedSynchronizer$ConditionObject.await(AbstractQueuedSynchronizer.java:2039)
        at java.util.concurrent.ArrayBlockingQueue.take(ArrayBlockingQueue.java:403)
        at java.util.concurrent.ThreadPoolExecutor.getTask(ThreadPoolExecutor.java:1074)
        at java.util.concurrent.ThreadPoolExecutor.runWorker(ThreadPoolExecutor.java:1134)
        at java.util.concurrent.ThreadPoolExecutor$Worker.run(ThreadPoolExecutor.java:624)
        at java.lang.Thread.run(Thread.java:748)
"pool-178-thread-7"  prio=5 tid=2469 in Object.wait()
java.lang.Thread.State: WAITING (on object monitor)
        at sun.misc.Unsafe.park(Native Method)
        at java.util.concurrent.locks.LockSupport.park(LockSupport.java:175)
        at java.util.concurrent.locks.AbstractQueuedSynchronizer$ConditionObject.await(AbstractQueuedSynchronizer.java:2039)
        at java.util.concurrent.ArrayBlockingQueue.take(ArrayBlockingQueue.java:403)
        at java.util.concurrent.ThreadPoolExecutor.getTask(ThreadPoolExecutor.java:1074)
        at java.util.concurrent.ThreadPoolExecutor.runWorker(ThreadPoolExecutor.java:1134)
        at java.util.concurrent.ThreadPoolExecutor$Worker.run(ThreadPoolExecutor.java:624)
        at java.lang.Thread.run(Thread.java:748)
"pool-158-thread-47"  prio=5 tid=2385 in Object.wait()
java.lang.Thread.State: WAITING (on object monitor)
        at sun.misc.Unsafe.park(Native Method)
        at java.util.concurrent.locks.LockSupport.park(LockSupport.java:175)
        at java.util.concurrent.locks.AbstractQueuedSynchronizer$ConditionObject.await(AbstractQueuedSynchronizer.java:2039)
        at java.util.concurrent.ArrayBlockingQueue.take(ArrayBlockingQueue.java:403)
        at java.util.concurrent.ThreadPoolExecutor.getTask(ThreadPoolExecutor.java:1074)
        at java.util.concurrent.ThreadPoolExecutor.runWorker(ThreadPoolExecutor.java:1134)
        at java.util.concurrent.ThreadPoolExecutor$Worker.run(ThreadPoolExecutor.java:624)
        at java.lang.Thread.run(Thread.java:748)
"pool-209-thread-1"  prio=5 tid=2963 in Object.wait()
java.lang.Thread.State: WAITING (on object monitor)
        at sun.misc.Unsafe.park(Native Method)
        at java.util.concurrent.locks.LockSupport.park(LockSupport.java:175)
        at java.util.concurrent.locks.AbstractQueuedSynchronizer$ConditionObject.await(AbstractQueuedSynchronizer.java:2039)
        at java.util.concurrent.LinkedBlockingQueue.take(LinkedBlockingQueue.java:442)
        at java.util.concurrent.ThreadPoolExecutor.getTask(ThreadPoolExecutor.java:1074)
        at java.util.concurrent.ThreadPoolExecutor.runWorker(ThreadPoolExecutor.java:1134)
        at java.util.concurrent.ThreadPoolExecutor$Worker.run(ThreadPoolExecutor.java:624)
        at java.lang.Thread.run(Thread.java:748)
"pool-158-thread-55"  prio=5 tid=2393 in Object.wait()
java.lang.Thread.State: WAITING (on object monitor)
        at sun.misc.Unsafe.park(Native Method)
        at java.util.concurrent.locks.LockSupport.park(LockSupport.java:175)
        at java.util.concurrent.locks.AbstractQueuedSynchronizer$ConditionObject.await(AbstractQueuedSynchronizer.java:2039)
        at java.util.concurrent.ArrayBlockingQueue.take(ArrayBlockingQueue.java:403)
        at java.util.concurrent.ThreadPoolExecutor.getTask(ThreadPoolExecutor.java:1074)
        at java.util.concurrent.ThreadPoolExecutor.runWorker(ThreadPoolExecutor.java:1134)
        at java.util.concurrent.ThreadPoolExecutor$Worker.run(ThreadPoolExecutor.java:624)
        at java.lang.Thread.run(Thread.java:748)
"pool-188-thread-19"  prio=5 tid=2543 in Object.wait()
java.lang.Thread.State: WAITING (on object monitor)
        at sun.misc.Unsafe.park(Native Method)
        at java.util.concurrent.locks.LockSupport.park(LockSupport.java:175)
        at java.util.concurrent.locks.AbstractQueuedSynchronizer$ConditionObject.await(AbstractQueuedSynchronizer.java:2039)
        at java.util.concurrent.ArrayBlockingQueue.take(ArrayBlockingQueue.java:403)
        at java.util.concurrent.ThreadPoolExecutor.getTask(ThreadPoolExecutor.java:1074)
        at java.util.concurrent.ThreadPoolExecutor.runWorker(ThreadPoolExecutor.java:1134)
        at java.util.concurrent.ThreadPoolExecutor$Worker.run(ThreadPoolExecutor.java:624)
        at java.lang.Thread.run(Thread.java:748)
"org.eclipse.jetty.server.session.HashSessionManager@57a6a933Timer" daemon prio=5 tid=2211 timed_waiting
java.lang.Thread.State: TIMED_WAITING
        at sun.misc.Unsafe.park(Native Method)
        at java.util.concurrent.locks.LockSupport.parkNanos(LockSupport.java:215)
        at java.util.concurrent.locks.AbstractQueuedSynchronizer$ConditionObject.awaitNanos(AbstractQueuedSynchronizer.java:2078)
        at java.util.concurrent.ScheduledThreadPoolExecutor$DelayedWorkQueue.take(ScheduledThreadPoolExecutor.java:1093)
        at java.util.concurrent.ScheduledThreadPoolExecutor$DelayedWorkQueue.take(ScheduledThreadPoolExecutor.java:809)
        at java.util.concurrent.ThreadPoolExecutor.getTask(ThreadPoolExecutor.java:1074)
        at java.util.concurrent.ThreadPoolExecutor.runWorker(ThreadPoolExecutor.java:1134)
        at java.util.concurrent.ThreadPoolExecutor$Worker.run(ThreadPoolExecutor.java:624)
        at java.lang.Thread.run(Thread.java:748)
"pool-208-thread-22"  prio=5 tid=2670 in Object.wait()
java.lang.Thread.State: WAITING (on object monitor)
        at sun.misc.Unsafe.park(Native Method)
        at java.util.concurrent.locks.LockSupport.park(LockSupport.java:175)
        at java.util.concurrent.locks.AbstractQueuedSynchronizer$ConditionObject.await(AbstractQueuedSynchronizer.java:2039)
        at java.util.concurrent.ArrayBlockingQueue.take(ArrayBlockingQueue.java:403)
        at java.util.concurrent.ThreadPoolExecutor.getTask(ThreadPoolExecutor.java:1074)
        at java.util.concurrent.ThreadPoolExecutor.runWorker(ThreadPoolExecutor.java:1134)
        at java.util.concurrent.ThreadPoolExecutor$Worker.run(ThreadPoolExecutor.java:624)
        at java.lang.Thread.run(Thread.java:748)
"pool-178-thread-39"  prio=5 tid=2501 in Object.wait()
java.lang.Thread.State: WAITING (on object monitor)
        at sun.misc.Unsafe.park(Native Method)
        at java.util.concurrent.locks.LockSupport.park(LockSupport.java:175)
        at java.util.concurrent.locks.AbstractQueuedSynchronizer$ConditionObject.await(AbstractQueuedSynchronizer.java:2039)
        at java.util.concurrent.ArrayBlockingQueue.take(ArrayBlockingQueue.java:403)
        at java.util.concurrent.ThreadPoolExecutor.getTask(ThreadPoolExecutor.java:1074)
        at java.util.concurrent.ThreadPoolExecutor.runWorker(ThreadPoolExecutor.java:1134)
        at java.util.concurrent.ThreadPoolExecutor$Worker.run(ThreadPoolExecutor.java:624)
        at java.lang.Thread.run(Thread.java:748)
"pool-238-thread-12"  prio=5 tid=2846 in Object.wait()
java.lang.Thread.State: WAITING (on object monitor)
        at sun.misc.Unsafe.park(Native Method)
        at java.util.concurrent.locks.LockSupport.park(LockSupport.java:175)
        at java.util.concurrent.locks.AbstractQueuedSynchronizer$ConditionObject.await(AbstractQueuedSynchronizer.java:2039)
        at java.util.concurrent.ArrayBlockingQueue.take(ArrayBlockingQueue.java:403)
        at java.util.concurrent.ThreadPoolExecutor.getTask(ThreadPoolExecutor.java:1074)
        at java.util.concurrent.ThreadPoolExecutor.runWorker(ThreadPoolExecutor.java:1134)
        at java.util.concurrent.ThreadPoolExecutor$Worker.run(ThreadPoolExecutor.java:624)
        at java.lang.Thread.run(Thread.java:748)
"pool-158-thread-8"  prio=5 tid=2346 in Object.wait()
java.lang.Thread.State: WAITING (on object monitor)
        at sun.misc.Unsafe.park(Native Method)
        at java.util.concurrent.locks.LockSupport.park(LockSupport.java:175)
        at java.util.concurrent.locks.AbstractQueuedSynchronizer$ConditionObject.await(AbstractQueuedSynchronizer.java:2039)
        at java.util.concurrent.ArrayBlockingQueue.take(ArrayBlockingQueue.java:403)
        at java.util.concurrent.ThreadPoolExecutor.getTask(ThreadPoolExecutor.java:1074)
        at java.util.concurrent.ThreadPoolExecutor.runWorker(ThreadPoolExecutor.java:1134)
        at java.util.concurrent.ThreadPoolExecutor$Worker.run(ThreadPoolExecutor.java:624)
        at java.lang.Thread.run(Thread.java:748)
"IPC Server handler 17 on 35120" daemon prio=5 tid=1906 timed_waiting
java.lang.Thread.State: TIMED_WAITING
        at sun.misc.Unsafe.park(Native Method)
        at java.util.concurrent.locks.LockSupport.parkNanos(LockSupport.java:215)
        at java.util.concurrent.locks.AbstractQueuedSynchronizer$ConditionObject.awaitNanos(AbstractQueuedSynchronizer.java:2078)
        at java.util.concurrent.LinkedBlockingQueue.poll(LinkedBlockingQueue.java:467)
        at org.apache.hadoop.ipc.CallQueueManager.take(CallQueueManager.java:288)
        at org.apache.hadoop.ipc.Server$Handler.run(Server.java:2668)
"pool-188-thread-42"  prio=5 tid=2566 in Object.wait()
java.lang.Thread.State: WAITING (on object monitor)
        at sun.misc.Unsafe.park(Native Method)
        at java.util.concurrent.locks.LockSupport.park(LockSupport.java:175)
        at java.util.concurrent.locks.AbstractQueuedSynchronizer$ConditionObject.await(AbstractQueuedSynchronizer.java:2039)
        at java.util.concurrent.ArrayBlockingQueue.take(ArrayBlockingQueue.java:403)
        at java.util.concurrent.ThreadPoolExecutor.getTask(ThreadPoolExecutor.java:1074)
        at java.util.concurrent.ThreadPoolExecutor.runWorker(ThreadPoolExecutor.java:1134)
        at java.util.concurrent.ThreadPoolExecutor$Worker.run(ThreadPoolExecutor.java:624)
        at java.lang.Thread.run(Thread.java:748)
"qtp1583082378-2236" daemon prio=5 tid=2236 timed_waiting
java.lang.Thread.State: TIMED_WAITING
        at sun.misc.Unsafe.park(Native Method)
        at java.util.concurrent.locks.LockSupport.parkNanos(LockSupport.java:215)
        at java.util.concurrent.locks.AbstractQueuedSynchronizer$ConditionObject.awaitNanos(AbstractQueuedSynchronizer.java:2078)
        at org.eclipse.jetty.util.BlockingArrayQueue.poll(BlockingArrayQueue.java:392)
        at org.eclipse.jetty.util.thread.QueuedThreadPool.idleJobPoll(QueuedThreadPool.java:563)
        at org.eclipse.jetty.util.thread.QueuedThreadPool.access$800(QueuedThreadPool.java:48)
        at org.eclipse.jetty.util.thread.QueuedThreadPool$2.run(QueuedThreadPool.java:626)
        at java.lang.Thread.run(Thread.java:748)
"pool-198-thread-32"  prio=5 tid=2618 in Object.wait()
java.lang.Thread.State: WAITING (on object monitor)
        at sun.misc.Unsafe.park(Native Method)
        at java.util.concurrent.locks.LockSupport.park(LockSupport.java:175)
        at java.util.concurrent.locks.AbstractQueuedSynchronizer$ConditionObject.await(AbstractQueuedSynchronizer.java:2039)
        at java.util.concurrent.ArrayBlockingQueue.take(ArrayBlockingQueue.java:403)
        at java.util.concurrent.ThreadPoolExecutor.getTask(ThreadPoolExecutor.java:1074)
        at java.util.concurrent.ThreadPoolExecutor.runWorker(ThreadPoolExecutor.java:1134)
        at java.util.concurrent.ThreadPoolExecutor$Worker.run(ThreadPoolExecutor.java:624)
        at java.lang.Thread.run(Thread.java:748)
"pool-198-thread-26"  prio=5 tid=2612 in Object.wait()
java.lang.Thread.State: WAITING (on object monitor)
        at sun.misc.Unsafe.park(Native Method)
        at java.util.concurrent.locks.LockSupport.park(LockSupport.java:175)
        at java.util.concurrent.locks.AbstractQueuedSynchronizer$ConditionObject.await(AbstractQueuedSynchronizer.java:2039)
        at java.util.concurrent.ArrayBlockingQueue.take(ArrayBlockingQueue.java:403)
        at java.util.concurrent.ThreadPoolExecutor.getTask(ThreadPoolExecutor.java:1074)
        at java.util.concurrent.ThreadPoolExecutor.runWorker(ThreadPoolExecutor.java:1134)
        at java.util.concurrent.ThreadPoolExecutor$Worker.run(ThreadPoolExecutor.java:624)
        at java.lang.Thread.run(Thread.java:748)
"pool-228-thread-13"  prio=5 tid=2785 in Object.wait()
java.lang.Thread.State: WAITING (on object monitor)
        at sun.misc.Unsafe.park(Native Method)
        at java.util.concurrent.locks.LockSupport.park(LockSupport.java:175)
        at java.util.concurrent.locks.AbstractQueuedSynchronizer$ConditionObject.await(AbstractQueuedSynchronizer.java:2039)
        at java.util.concurrent.ArrayBlockingQueue.take(ArrayBlockingQueue.java:403)
        at java.util.concurrent.ThreadPoolExecutor.getTask(ThreadPoolExecutor.java:1074)
        at java.util.concurrent.ThreadPoolExecutor.runWorker(ThreadPoolExecutor.java:1134)
        at java.util.concurrent.ThreadPoolExecutor$Worker.run(ThreadPoolExecutor.java:624)
        at java.lang.Thread.run(Thread.java:748)
"BlockDeletingService#1" daemon prio=5 tid=2710 in Object.wait()
java.lang.Thread.State: WAITING (on object monitor)
        at sun.misc.Unsafe.park(Native Method)
        at java.util.concurrent.locks.LockSupport.park(LockSupport.java:175)
        at java.util.concurrent.locks.AbstractQueuedSynchronizer$ConditionObject.await(AbstractQueuedSynchronizer.java:2039)
        at java.util.concurrent.ScheduledThreadPoolExecutor$DelayedWorkQueue.take(ScheduledThreadPoolExecutor.java:1088)
        at java.util.concurrent.ScheduledThreadPoolExecutor$DelayedWorkQueue.take(ScheduledThreadPoolExecutor.java:809)
        at java.util.concurrent.ThreadPoolExecutor.getTask(ThreadPoolExecutor.java:1074)
        at java.util.concurrent.ThreadPoolExecutor.runWorker(ThreadPoolExecutor.java:1134)
        at java.util.concurrent.ThreadPoolExecutor$Worker.run(ThreadPoolExecutor.java:624)
        at java.lang.Thread.run(Thread.java:748)
"pool-158-thread-20"  prio=5 tid=2358 in Object.wait()
java.lang.Thread.State: WAITING (on object monitor)
        at sun.misc.Unsafe.park(Native Method)
        at java.util.concurrent.locks.LockSupport.park(LockSupport.java:175)
        at java.util.concurrent.locks.AbstractQueuedSynchronizer$ConditionObject.await(AbstractQueuedSynchronizer.java:2039)
        at java.util.concurrent.ArrayBlockingQueue.take(ArrayBlockingQueue.java:403)
        at java.util.concurrent.ThreadPoolExecutor.getTask(ThreadPoolExecutor.java:1074)
        at java.util.concurrent.ThreadPoolExecutor.runWorker(ThreadPoolExecutor.java:1134)
        at java.util.concurrent.ThreadPoolExecutor$Worker.run(ThreadPoolExecutor.java:624)
        at java.lang.Thread.run(Thread.java:748)
"qtp843410864-2175" daemon prio=5 tid=2175 runnable
java.lang.Thread.State: RUNNABLE
        at sun.nio.ch.EPollArrayWrapper.epollWait(Native Method)
        at sun.nio.ch.EPollArrayWrapper.poll(EPollArrayWrapper.java:269)
        at sun.nio.ch.EPollSelectorImpl.doSelect(EPollSelectorImpl.java:93)
        at sun.nio.ch.SelectorImpl.lockAndDoSelect(SelectorImpl.java:86)
        at sun.nio.ch.SelectorImpl.select(SelectorImpl.java:97)
        at sun.nio.ch.SelectorImpl.select(SelectorImpl.java:101)
        at org.eclipse.jetty.io.ManagedSelector$SelectorProducer.select(ManagedSelector.java:243)
        at org.eclipse.jetty.io.ManagedSelector$SelectorProducer.produce(ManagedSelector.java:191)
        at org.eclipse.jetty.util.thread.strategy.ExecuteProduceConsume.executeProduceConsume(ExecuteProduceConsume.java:249)
        at org.eclipse.jetty.util.thread.strategy.ExecuteProduceConsume.produceConsume(ExecuteProduceConsume.java:148)
        at org.eclipse.jetty.util.thread.strategy.ExecuteProduceConsume.execute(ExecuteProduceConsume.java:100)
        at org.eclipse.jetty.io.ManagedSelector.run(ManagedSelector.java:147)
        at org.eclipse.jetty.util.thread.QueuedThreadPool.runJob(QueuedThreadPool.java:671)
        at org.eclipse.jetty.util.thread.QueuedThreadPool$2.run(QueuedThreadPool.java:589)
        at java.lang.Thread.run(Thread.java:748)
"pool-208-thread-58"  prio=5 tid=2706 in Object.wait()
java.lang.Thread.State: WAITING (on object monitor)
        at sun.misc.Unsafe.park(Native Method)
        at java.util.concurrent.locks.LockSupport.park(LockSupport.java:175)
        at java.util.concurrent.locks.AbstractQueuedSynchronizer$ConditionObject.await(AbstractQueuedSynchronizer.java:2039)
        at java.util.concurrent.ArrayBlockingQueue.take(ArrayBlockingQueue.java:403)
        at java.util.concurrent.ThreadPoolExecutor.getTask(ThreadPoolExecutor.java:1074)
        at java.util.concurrent.ThreadPoolExecutor.runWorker(ThreadPoolExecutor.java:1134)
        at java.util.concurrent.ThreadPoolExecutor$Worker.run(ThreadPoolExecutor.java:624)
        at java.lang.Thread.run(Thread.java:748)
"pool-148-thread-25"  prio=5 tid=2300 in Object.wait()
java.lang.Thread.State: WAITING (on object monitor)
        at sun.misc.Unsafe.park(Native Method)
        at java.util.concurrent.locks.LockSupport.park(LockSupport.java:175)
        at java.util.concurrent.locks.AbstractQueuedSynchronizer$ConditionObject.await(AbstractQueuedSynchronizer.java:2039)
        at java.util.concurrent.ArrayBlockingQueue.take(ArrayBlockingQueue.java:403)
        at java.util.concurrent.ThreadPoolExecutor.getTask(ThreadPoolExecutor.java:1074)
        at java.util.concurrent.ThreadPoolExecutor.runWorker(ThreadPoolExecutor.java:1134)
        at java.util.concurrent.ThreadPoolExecutor$Worker.run(ThreadPoolExecutor.java:624)
        at java.lang.Thread.run(Thread.java:748)
"grpc-default-executor-6" daemon prio=5 tid=1199 timed_waiting
java.lang.Thread.State: TIMED_WAITING
        at sun.misc.Unsafe.park(Native Method)
        at java.util.concurrent.locks.LockSupport.parkNanos(LockSupport.java:215)
        at java.util.concurrent.SynchronousQueue$TransferStack.awaitFulfill(SynchronousQueue.java:460)
        at java.util.concurrent.SynchronousQueue$TransferStack.transfer(SynchronousQueue.java:362)
        at java.util.concurrent.SynchronousQueue.poll(SynchronousQueue.java:941)
        at java.util.concurrent.ThreadPoolExecutor.getTask(ThreadPoolExecutor.java:1073)
        at java.util.concurrent.ThreadPoolExecutor.runWorker(ThreadPoolExecutor.java:1134)
        at java.util.concurrent.ThreadPoolExecutor$Worker.run(ThreadPoolExecutor.java:624)
        at java.lang.Thread.run(Thread.java:748)
"pool-208-thread-45"  prio=5 tid=2693 in Object.wait()
java.lang.Thread.State: WAITING (on object monitor)
        at sun.misc.Unsafe.park(Native Method)
        at java.util.concurrent.locks.LockSupport.park(LockSupport.java:175)
        at java.util.concurrent.locks.AbstractQueuedSynchronizer$ConditionObject.await(AbstractQueuedSynchronizer.java:2039)
        at java.util.concurrent.ArrayBlockingQueue.take(ArrayBlockingQueue.java:403)
        at java.util.concurrent.ThreadPoolExecutor.getTask(ThreadPoolExecutor.java:1074)
        at java.util.concurrent.ThreadPoolExecutor.runWorker(ThreadPoolExecutor.java:1134)
        at java.util.concurrent.ThreadPoolExecutor$Worker.run(ThreadPoolExecutor.java:624)
        at java.lang.Thread.run(Thread.java:748)
"pool-228-thread-54"  prio=5 tid=2826 in Object.wait()
java.lang.Thread.State: WAITING (on object monitor)
        at sun.misc.Unsafe.park(Native Method)
        at java.util.concurrent.locks.LockSupport.park(LockSupport.java:175)
        at java.util.concurrent.locks.AbstractQueuedSynchronizer$ConditionObject.await(AbstractQueuedSynchronizer.java:2039)
        at java.util.concurrent.ArrayBlockingQueue.take(ArrayBlockingQueue.java:403)
        at java.util.concurrent.ThreadPoolExecutor.getTask(ThreadPoolExecutor.java:1074)
        at java.util.concurrent.ThreadPoolExecutor.runWorker(ThreadPoolExecutor.java:1134)
        at java.util.concurrent.ThreadPoolExecutor$Worker.run(ThreadPoolExecutor.java:624)
        at java.lang.Thread.run(Thread.java:748)
"pool-218-thread-60"  prio=5 tid=2770 in Object.wait()
java.lang.Thread.State: WAITING (on object monitor)
        at sun.misc.Unsafe.park(Native Method)
        at java.util.concurrent.locks.LockSupport.park(LockSupport.java:175)
        at java.util.concurrent.locks.AbstractQueuedSynchronizer$ConditionObject.await(AbstractQueuedSynchronizer.java:2039)
        at java.util.concurrent.ArrayBlockingQueue.take(ArrayBlockingQueue.java:403)
        at java.util.concurrent.ThreadPoolExecutor.getTask(ThreadPoolExecutor.java:1074)
        at java.util.concurrent.ThreadPoolExecutor.runWorker(ThreadPoolExecutor.java:1134)
        at java.util.concurrent.ThreadPoolExecutor$Worker.run(ThreadPoolExecutor.java:624)
        at java.lang.Thread.run(Thread.java:748)
"org.eclipse.jetty.server.session.HashSessionManager@7209ffb5Timer" daemon prio=5 tid=2022 timed_waiting
java.lang.Thread.State: TIMED_WAITING
        at sun.misc.Unsafe.park(Native Method)
        at java.util.concurrent.locks.LockSupport.parkNanos(LockSupport.java:215)
        at java.util.concurrent.locks.AbstractQueuedSynchronizer$ConditionObject.awaitNanos(AbstractQueuedSynchronizer.java:2078)
        at java.util.concurrent.ScheduledThreadPoolExecutor$DelayedWorkQueue.take(ScheduledThreadPoolExecutor.java:1093)
        at java.util.concurrent.ScheduledThreadPoolExecutor$DelayedWorkQueue.take(ScheduledThreadPoolExecutor.java:809)
        at java.util.concurrent.ThreadPoolExecutor.getTask(ThreadPoolExecutor.java:1074)
        at java.util.concurrent.ThreadPoolExecutor.runWorker(ThreadPoolExecutor.java:1134)
        at java.util.concurrent.ThreadPoolExecutor$Worker.run(ThreadPoolExecutor.java:624)
        at java.lang.Thread.run(Thread.java:748)
"pool-222-thread-1"  prio=5 tid=2201 timed_waiting
java.lang.Thread.State: TIMED_WAITING
        at sun.misc.Unsafe.park(Native Method)
        at java.util.concurrent.locks.LockSupport.parkNanos(LockSupport.java:215)
        at java.util.concurrent.locks.AbstractQueuedSynchronizer$ConditionObject.awaitNanos(AbstractQueuedSynchronizer.java:2078)
        at java.util.concurrent.ScheduledThreadPoolExecutor$DelayedWorkQueue.take(ScheduledThreadPoolExecutor.java:1093)
        at java.util.concurrent.ScheduledThreadPoolExecutor$DelayedWorkQueue.take(ScheduledThreadPoolExecutor.java:809)
        at java.util.concurrent.ThreadPoolExecutor.getTask(ThreadPoolExecutor.java:1074)
        at java.util.concurrent.ThreadPoolExecutor.runWorker(ThreadPoolExecutor.java:1134)
        at java.util.concurrent.ThreadPoolExecutor$Worker.run(ThreadPoolExecutor.java:624)
        at java.lang.Thread.run(Thread.java:748)
"pool-218-thread-49"  prio=5 tid=2759 in Object.wait()
java.lang.Thread.State: WAITING (on object monitor)
        at sun.misc.Unsafe.park(Native Method)
        at java.util.concurrent.locks.LockSupport.park(LockSupport.java:175)
        at java.util.concurrent.locks.AbstractQueuedSynchronizer$ConditionObject.await(AbstractQueuedSynchronizer.java:2039)
        at java.util.concurrent.ArrayBlockingQueue.take(ArrayBlockingQueue.java:403)
        at java.util.concurrent.ThreadPoolExecutor.getTask(ThreadPoolExecutor.java:1074)
        at java.util.concurrent.ThreadPoolExecutor.runWorker(ThreadPoolExecutor.java:1134)
        at java.util.concurrent.ThreadPoolExecutor$Worker.run(ThreadPoolExecutor.java:624)
        at java.lang.Thread.run(Thread.java:748)
"pool-178-thread-59"  prio=5 tid=2521 in Object.wait()
java.lang.Thread.State: WAITING (on object monitor)
        at sun.misc.Unsafe.park(Native Method)
        at java.util.concurrent.locks.LockSupport.park(LockSupport.java:175)
        at java.util.concurrent.locks.AbstractQueuedSynchronizer$ConditionObject.await(AbstractQueuedSynchronizer.java:2039)
        at java.util.concurrent.ArrayBlockingQueue.take(ArrayBlockingQueue.java:403)
        at java.util.concurrent.ThreadPoolExecutor.getTask(ThreadPoolExecutor.java:1074)
        at java.util.concurrent.ThreadPoolExecutor.runWorker(ThreadPoolExecutor.java:1134)
        at java.util.concurrent.ThreadPoolExecutor$Worker.run(ThreadPoolExecutor.java:624)
        at java.lang.Thread.run(Thread.java:748)
"pool-178-thread-21"  prio=5 tid=2483 in Object.wait()
java.lang.Thread.State: WAITING (on object monitor)
        at sun.misc.Unsafe.park(Native Method)
        at java.util.concurrent.locks.LockSupport.park(LockSupport.java:175)
        at java.util.concurrent.locks.AbstractQueuedSynchronizer$ConditionObject.await(AbstractQueuedSynchronizer.java:2039)
        at java.util.concurrent.ArrayBlockingQueue.take(ArrayBlockingQueue.java:403)
        at java.util.concurrent.ThreadPoolExecutor.getTask(ThreadPoolExecutor.java:1074)
        at java.util.concurrent.ThreadPoolExecutor.runWorker(ThreadPoolExecutor.java:1134)
        at java.util.concurrent.ThreadPoolExecutor$Worker.run(ThreadPoolExecutor.java:624)
        at java.lang.Thread.run(Thread.java:748)
"pool-238-thread-15"  prio=5 tid=2849 in Object.wait()
java.lang.Thread.State: WAITING (on object monitor)
        at sun.misc.Unsafe.park(Native Method)
        at java.util.concurrent.locks.LockSupport.park(LockSupport.java:175)
        at java.util.concurrent.locks.AbstractQueuedSynchronizer$ConditionObject.await(AbstractQueuedSynchronizer.java:2039)
        at java.util.concurrent.ArrayBlockingQueue.take(ArrayBlockingQueue.java:403)
        at java.util.concurrent.ThreadPoolExecutor.getTask(ThreadPoolExecutor.java:1074)
        at java.util.concurrent.ThreadPoolExecutor.runWorker(ThreadPoolExecutor.java:1134)
        at java.util.concurrent.ThreadPoolExecutor$Worker.run(ThreadPoolExecutor.java:624)
        at java.lang.Thread.run(Thread.java:748)
"pool-148-thread-46"  prio=5 tid=2321 in Object.wait()
java.lang.Thread.State: WAITING (on object monitor)
        at sun.misc.Unsafe.park(Native Method)
        at java.util.concurrent.locks.LockSupport.park(LockSupport.java:175)
        at java.util.concurrent.locks.AbstractQueuedSynchronizer$ConditionObject.await(AbstractQueuedSynchronizer.java:2039)
        at java.util.concurrent.ArrayBlockingQueue.take(ArrayBlockingQueue.java:403)
        at java.util.concurrent.ThreadPoolExecutor.getTask(ThreadPoolExecutor.java:1074)
        at java.util.concurrent.ThreadPoolExecutor.runWorker(ThreadPoolExecutor.java:1134)
        at java.util.concurrent.ThreadPoolExecutor$Worker.run(ThreadPoolExecutor.java:624)
        at java.lang.Thread.run(Thread.java:748)
"pool-188-thread-60"  prio=5 tid=2584 in Object.wait()
java.lang.Thread.State: WAITING (on object monitor)
        at sun.misc.Unsafe.park(Native Method)
        at java.util.concurrent.locks.LockSupport.park(LockSupport.java:175)
        at java.util.concurrent.locks.AbstractQueuedSynchronizer$ConditionObject.await(AbstractQueuedSynchronizer.java:2039)
        at java.util.concurrent.ArrayBlockingQueue.take(ArrayBlockingQueue.java:403)
        at java.util.concurrent.ThreadPoolExecutor.getTask(ThreadPoolExecutor.java:1074)
        at java.util.concurrent.ThreadPoolExecutor.runWorker(ThreadPoolExecutor.java:1134)
        at java.util.concurrent.ThreadPoolExecutor$Worker.run(ThreadPoolExecutor.java:624)
        at java.lang.Thread.run(Thread.java:748)
"PartialTableCache Cleanup Thread - 0" daemon prio=5 tid=1335 in Object.wait()
java.lang.Thread.State: WAITING (on object monitor)
        at sun.misc.Unsafe.park(Native Method)
        at java.util.concurrent.locks.LockSupport.park(LockSupport.java:175)
        at java.util.concurrent.locks.AbstractQueuedSynchronizer$ConditionObject.await(AbstractQueuedSynchronizer.java:2039)
        at java.util.concurrent.LinkedBlockingQueue.take(LinkedBlockingQueue.java:442)
        at java.util.concurrent.ThreadPoolExecutor.getTask(ThreadPoolExecutor.java:1074)
        at java.util.concurrent.ThreadPoolExecutor.runWorker(ThreadPoolExecutor.java:1134)
        at java.util.concurrent.ThreadPoolExecutor$Worker.run(ThreadPoolExecutor.java:624)
        at java.lang.Thread.run(Thread.java:748)
"pool-208-thread-60"  prio=5 tid=2708 in Object.wait()
java.lang.Thread.State: WAITING (on object monitor)
        at sun.misc.Unsafe.park(Native Method)
        at java.util.concurrent.locks.LockSupport.park(LockSupport.java:175)
        at java.util.concurrent.locks.AbstractQueuedSynchronizer$ConditionObject.await(AbstractQueuedSynchronizer.java:2039)
        at java.util.concurrent.ArrayBlockingQueue.take(ArrayBlockingQueue.java:403)
        at java.util.concurrent.ThreadPoolExecutor.getTask(ThreadPoolExecutor.java:1074)
        at java.util.concurrent.ThreadPoolExecutor.runWorker(ThreadPoolExecutor.java:1134)
        at java.util.concurrent.ThreadPoolExecutor$Worker.run(ThreadPoolExecutor.java:624)
        at java.lang.Thread.run(Thread.java:748)
"qtp841721161-2074" daemon prio=5 tid=2074 timed_waiting
java.lang.Thread.State: TIMED_WAITING
        at sun.misc.Unsafe.park(Native Method)
        at java.util.concurrent.locks.LockSupport.parkNanos(LockSupport.java:215)
        at java.util.concurrent.locks.AbstractQueuedSynchronizer$ConditionObject.awaitNanos(AbstractQueuedSynchronizer.java:2078)
        at org.eclipse.jetty.util.BlockingArrayQueue.poll(BlockingArrayQueue.java:392)
        at org.eclipse.jetty.util.thread.QueuedThreadPool.idleJobPoll(QueuedThreadPool.java:563)
        at org.eclipse.jetty.util.thread.QueuedThreadPool.access$800(QueuedThreadPool.java:48)
        at org.eclipse.jetty.util.thread.QueuedThreadPool$2.run(QueuedThreadPool.java:626)
        at java.lang.Thread.run(Thread.java:748)
"pool-158-thread-50"  prio=5 tid=2388 in Object.wait()
java.lang.Thread.State: WAITING (on object monitor)
        at sun.misc.Unsafe.park(Native Method)
        at java.util.concurrent.locks.LockSupport.park(LockSupport.java:175)
        at java.util.concurrent.locks.AbstractQueuedSynchronizer$ConditionObject.await(AbstractQueuedSynchronizer.java:2039)
        at java.util.concurrent.ArrayBlockingQueue.take(ArrayBlockingQueue.java:403)
        at java.util.concurrent.ThreadPoolExecutor.getTask(ThreadPoolExecutor.java:1074)
        at java.util.concurrent.ThreadPoolExecutor.runWorker(ThreadPoolExecutor.java:1134)
        at java.util.concurrent.ThreadPoolExecutor$Worker.run(ThreadPoolExecutor.java:624)
        at java.lang.Thread.run(Thread.java:748)
"pool-208-thread-2"  prio=5 tid=2650 in Object.wait()
java.lang.Thread.State: WAITING (on object monitor)
        at sun.misc.Unsafe.park(Native Method)
        at java.util.concurrent.locks.LockSupport.park(LockSupport.java:175)
        at java.util.concurrent.locks.AbstractQueuedSynchronizer$ConditionObject.await(AbstractQueuedSynchronizer.java:2039)
        at java.util.concurrent.ArrayBlockingQueue.take(ArrayBlockingQueue.java:403)
        at java.util.concurrent.ThreadPoolExecutor.getTask(ThreadPoolExecutor.java:1074)
        at java.util.concurrent.ThreadPoolExecutor.runWorker(ThreadPoolExecutor.java:1134)
        at java.util.concurrent.ThreadPoolExecutor$Worker.run(ThreadPoolExecutor.java:624)
        at java.lang.Thread.run(Thread.java:748)
"pool-228-thread-37"  prio=5 tid=2809 in Object.wait()
java.lang.Thread.State: WAITING (on object monitor)
        at sun.misc.Unsafe.park(Native Method)
        at java.util.concurrent.locks.LockSupport.park(LockSupport.java:175)
        at java.util.concurrent.locks.AbstractQueuedSynchronizer$ConditionObject.await(AbstractQueuedSynchronizer.java:2039)
        at java.util.concurrent.ArrayBlockingQueue.take(ArrayBlockingQueue.java:403)
        at java.util.concurrent.ThreadPoolExecutor.getTask(ThreadPoolExecutor.java:1074)
        at java.util.concurrent.ThreadPoolExecutor.runWorker(ThreadPoolExecutor.java:1134)
        at java.util.concurrent.ThreadPoolExecutor$Worker.run(ThreadPoolExecutor.java:624)
        at java.lang.Thread.run(Thread.java:748)
"pool-168-thread-21"  prio=5 tid=2421 in Object.wait()
java.lang.Thread.State: WAITING (on object monitor)
        at sun.misc.Unsafe.park(Native Method)
        at java.util.concurrent.locks.LockSupport.park(LockSupport.java:175)
        at java.util.concurrent.locks.AbstractQueuedSynchronizer$ConditionObject.await(AbstractQueuedSynchronizer.java:2039)
        at java.util.concurrent.ArrayBlockingQueue.take(ArrayBlockingQueue.java:403)
        at java.util.concurrent.ThreadPoolExecutor.getTask(ThreadPoolExecutor.java:1074)
        at java.util.concurrent.ThreadPoolExecutor.runWorker(ThreadPoolExecutor.java:1134)
        at java.util.concurrent.ThreadPoolExecutor$Worker.run(ThreadPoolExecutor.java:624)
        at java.lang.Thread.run(Thread.java:748)
"qtp1583082378-2233" daemon prio=5 tid=2233 timed_waiting
java.lang.Thread.State: TIMED_WAITING
        at sun.misc.Unsafe.park(Native Method)
        at java.util.concurrent.locks.LockSupport.parkNanos(LockSupport.java:215)
        at java.util.concurrent.locks.AbstractQueuedSynchronizer$ConditionObject.awaitNanos(AbstractQueuedSynchronizer.java:2078)
        at org.eclipse.jetty.util.BlockingArrayQueue.poll(BlockingArrayQueue.java:392)
        at org.eclipse.jetty.util.thread.QueuedThreadPool.idleJobPoll(QueuedThreadPool.java:563)
        at org.eclipse.jetty.util.thread.QueuedThreadPool.access$800(QueuedThreadPool.java:48)
        at org.eclipse.jetty.util.thread.QueuedThreadPool$2.run(QueuedThreadPool.java:626)
        at java.lang.Thread.run(Thread.java:748)
"Datanode ReportManager Thread - 1" daemon prio=5 tid=2053 in Object.wait()
java.lang.Thread.State: WAITING (on object monitor)
        at sun.misc.Unsafe.park(Native Method)
        at java.util.concurrent.locks.LockSupport.park(LockSupport.java:175)
        at java.util.concurrent.locks.AbstractQueuedSynchronizer$ConditionObject.await(AbstractQueuedSynchronizer.java:2039)
        at java.util.concurrent.ScheduledThreadPoolExecutor$DelayedWorkQueue.take(ScheduledThreadPoolExecutor.java:1088)
        at java.util.concurrent.ScheduledThreadPoolExecutor$DelayedWorkQueue.take(ScheduledThreadPoolExecutor.java:809)
        at java.util.concurrent.ThreadPoolExecutor.getTask(ThreadPoolExecutor.java:1074)
        at java.util.concurrent.ThreadPoolExecutor.runWorker(ThreadPoolExecutor.java:1134)
        at java.util.concurrent.ThreadPoolExecutor$Worker.run(ThreadPoolExecutor.java:624)
        at java.lang.Thread.run(Thread.java:748)
"pool-148-thread-9"  prio=5 tid=2284 in Object.wait()
java.lang.Thread.State: WAITING (on object monitor)
        at sun.misc.Unsafe.park(Native Method)
        at java.util.concurrent.locks.LockSupport.park(LockSupport.java:175)
        at java.util.concurrent.locks.AbstractQueuedSynchronizer$ConditionObject.await(AbstractQueuedSynchronizer.java:2039)
        at java.util.concurrent.ArrayBlockingQueue.take(ArrayBlockingQueue.java:403)
        at java.util.concurrent.ThreadPoolExecutor.getTask(ThreadPoolExecutor.java:1074)
        at java.util.concurrent.ThreadPoolExecutor.runWorker(ThreadPoolExecutor.java:1134)
        at java.util.concurrent.ThreadPoolExecutor$Worker.run(ThreadPoolExecutor.java:624)
        at java.lang.Thread.run(Thread.java:748)
"PartialTableCache Cleanup Thread - 0" daemon prio=5 tid=3076 in Object.wait()
java.lang.Thread.State: WAITING (on object monitor)
        at sun.misc.Unsafe.park(Native Method)
        at java.util.concurrent.locks.LockSupport.park(LockSupport.java:175)
        at java.util.concurrent.locks.AbstractQueuedSynchronizer$ConditionObject.await(AbstractQueuedSynchronizer.java:2039)
        at java.util.concurrent.LinkedBlockingQueue.take(LinkedBlockingQueue.java:442)
        at java.util.concurrent.ThreadPoolExecutor.getTask(ThreadPoolExecutor.java:1074)
        at java.util.concurrent.ThreadPoolExecutor.runWorker(ThreadPoolExecutor.java:1134)
        at java.util.concurrent.ThreadPoolExecutor$Worker.run(ThreadPoolExecutor.java:624)
        at java.lang.Thread.run(Thread.java:748)
"qtp270313690-2128" daemon prio=5 tid=2128 timed_waiting
java.lang.Thread.State: TIMED_WAITING
        at sun.misc.Unsafe.park(Native Method)
        at java.util.concurrent.locks.LockSupport.parkNanos(LockSupport.java:215)
        at java.util.concurrent.locks.AbstractQueuedSynchronizer$ConditionObject.awaitNanos(AbstractQueuedSynchronizer.java:2078)
        at org.eclipse.jetty.util.BlockingArrayQueue.poll(BlockingArrayQueue.java:392)
        at org.eclipse.jetty.util.thread.QueuedThreadPool.idleJobPoll(QueuedThreadPool.java:563)
        at org.eclipse.jetty.util.thread.QueuedThreadPool.access$800(QueuedThreadPool.java:48)
        at org.eclipse.jetty.util.thread.QueuedThreadPool$2.run(QueuedThreadPool.java:626)
        at java.lang.Thread.run(Thread.java:748)
"pool-148-thread-11"  prio=5 tid=2286 in Object.wait()
java.lang.Thread.State: WAITING (on object monitor)
        at sun.misc.Unsafe.park(Native Method)
        at java.util.concurrent.locks.LockSupport.park(LockSupport.java:175)
        at java.util.concurrent.locks.AbstractQueuedSynchronizer$ConditionObject.await(AbstractQueuedSynchronizer.java:2039)
        at java.util.concurrent.ArrayBlockingQueue.take(ArrayBlockingQueue.java:403)
        at java.util.concurrent.ThreadPoolExecutor.getTask(ThreadPoolExecutor.java:1074)
        at java.util.concurrent.ThreadPoolExecutor.runWorker(ThreadPoolExecutor.java:1134)
        at java.util.concurrent.ThreadPoolExecutor$Worker.run(ThreadPoolExecutor.java:624)
        at java.lang.Thread.run(Thread.java:748)
"pool-168-thread-18"  prio=5 tid=2418 in Object.wait()
java.lang.Thread.State: WAITING (on object monitor)
        at sun.misc.Unsafe.park(Native Method)
        at java.util.concurrent.locks.LockSupport.park(LockSupport.java:175)
        at java.util.concurrent.locks.AbstractQueuedSynchronizer$ConditionObject.await(AbstractQueuedSynchronizer.java:2039)
        at java.util.concurrent.ArrayBlockingQueue.take(ArrayBlockingQueue.java:403)
        at java.util.concurrent.ThreadPoolExecutor.getTask(ThreadPoolExecutor.java:1074)
        at java.util.concurrent.ThreadPoolExecutor.runWorker(ThreadPoolExecutor.java:1134)
        at java.util.concurrent.ThreadPoolExecutor$Worker.run(ThreadPoolExecutor.java:624)
        at java.lang.Thread.run(Thread.java:748)
"pool-238-thread-30"  prio=5 tid=2864 in Object.wait()
java.lang.Thread.State: WAITING (on object monitor)
        at sun.misc.Unsafe.park(Native Method)
        at java.util.concurrent.locks.LockSupport.park(LockSupport.java:175)
        at java.util.concurrent.locks.AbstractQueuedSynchronizer$ConditionObject.await(AbstractQueuedSynchronizer.java:2039)
        at java.util.concurrent.ArrayBlockingQueue.take(ArrayBlockingQueue.java:403)
        at java.util.concurrent.ThreadPoolExecutor.getTask(ThreadPoolExecutor.java:1074)
        at java.util.concurrent.ThreadPoolExecutor.runWorker(ThreadPoolExecutor.java:1134)
        at java.util.concurrent.ThreadPoolExecutor$Worker.run(ThreadPoolExecutor.java:624)
        at java.lang.Thread.run(Thread.java:748)
"pool-238-thread-40"  prio=5 tid=2874 in Object.wait()
java.lang.Thread.State: WAITING (on object monitor)
        at sun.misc.Unsafe.park(Native Method)
        at java.util.concurrent.locks.LockSupport.park(LockSupport.java:175)
        at java.util.concurrent.locks.AbstractQueuedSynchronizer$ConditionObject.await(AbstractQueuedSynchronizer.java:2039)
        at java.util.concurrent.ArrayBlockingQueue.take(ArrayBlockingQueue.java:403)
        at java.util.concurrent.ThreadPoolExecutor.getTask(ThreadPoolExecutor.java:1074)
        at java.util.concurrent.ThreadPoolExecutor.runWorker(ThreadPoolExecutor.java:1134)
        at java.util.concurrent.ThreadPoolExecutor$Worker.run(ThreadPoolExecutor.java:624)
        at java.lang.Thread.run(Thread.java:748)
"pool-188-thread-25"  prio=5 tid=2549 in Object.wait()
java.lang.Thread.State: WAITING (on object monitor)
        at sun.misc.Unsafe.park(Native Method)
        at java.util.concurrent.locks.LockSupport.park(LockSupport.java:175)
        at java.util.concurrent.locks.AbstractQueuedSynchronizer$ConditionObject.await(AbstractQueuedSynchronizer.java:2039)
        at java.util.concurrent.ArrayBlockingQueue.take(ArrayBlockingQueue.java:403)
        at java.util.concurrent.ThreadPoolExecutor.getTask(ThreadPoolExecutor.java:1074)
        at java.util.concurrent.ThreadPoolExecutor.runWorker(ThreadPoolExecutor.java:1134)
        at java.util.concurrent.ThreadPoolExecutor$Worker.run(ThreadPoolExecutor.java:624)
        at java.lang.Thread.run(Thread.java:748)
"org.apache.hadoop.util.JvmPauseMonitor$Monitor@37e69c43" daemon prio=5 tid=1961 timed_waiting
java.lang.Thread.State: TIMED_WAITING
        at java.lang.Thread.sleep(Native Method)
        at org.apache.hadoop.util.JvmPauseMonitor$Monitor.run(JvmPauseMonitor.java:192)
        at java.lang.Thread.run(Thread.java:748)
"pool-198-thread-47"  prio=5 tid=2633 in Object.wait()
java.lang.Thread.State: WAITING (on object monitor)
        at sun.misc.Unsafe.park(Native Method)
        at java.util.concurrent.locks.LockSupport.park(LockSupport.java:175)
        at java.util.concurrent.locks.AbstractQueuedSynchronizer$ConditionObject.await(AbstractQueuedSynchronizer.java:2039)
        at java.util.concurrent.ArrayBlockingQueue.take(ArrayBlockingQueue.java:403)
        at java.util.concurrent.ThreadPoolExecutor.getTask(ThreadPoolExecutor.java:1074)
        at java.util.concurrent.ThreadPoolExecutor.runWorker(ThreadPoolExecutor.java:1134)
        at java.util.concurrent.ThreadPoolExecutor$Worker.run(ThreadPoolExecutor.java:624)
        at java.lang.Thread.run(Thread.java:748)
"pool-228-thread-7"  prio=5 tid=2779 in Object.wait()
java.lang.Thread.State: WAITING (on object monitor)
        at sun.misc.Unsafe.park(Native Method)
        at java.util.concurrent.locks.LockSupport.park(LockSupport.java:175)
        at java.util.concurrent.locks.AbstractQueuedSynchronizer$ConditionObject.await(AbstractQueuedSynchronizer.java:2039)
        at java.util.concurrent.ArrayBlockingQueue.take(ArrayBlockingQueue.java:403)
        at java.util.concurrent.ThreadPoolExecutor.getTask(ThreadPoolExecutor.java:1074)
        at java.util.concurrent.ThreadPoolExecutor.runWorker(ThreadPoolExecutor.java:1134)
        at java.util.concurrent.ThreadPoolExecutor$Worker.run(ThreadPoolExecutor.java:624)
        at java.lang.Thread.run(Thread.java:748)
"efbac357-ca4e-4ee4-91b4-c654bf02dfcf@group-5812CD6E2952-StateMachineUpdater" daemon prio=5 tid=3182 in Object.wait()
java.lang.Thread.State: WAITING (on object monitor)
        at java.lang.Object.wait(Native Method)
        at java.lang.Object.wait(Object.java:502)
        at org.apache.ratis.server.impl.StateMachineUpdater.waitForCommit(StateMachineUpdater.java:194)
        at org.apache.ratis.server.impl.StateMachineUpdater.run(StateMachineUpdater.java:159)
        at java.lang.Thread.run(Thread.java:748)
"org.eclipse.jetty.server.session.HashSessionManager@5ba03c82Timer" daemon prio=5 tid=2156 timed_waiting
java.lang.Thread.State: TIMED_WAITING
        at sun.misc.Unsafe.park(Native Method)
        at java.util.concurrent.locks.LockSupport.parkNanos(LockSupport.java:215)
        at java.util.concurrent.locks.AbstractQueuedSynchronizer$ConditionObject.awaitNanos(AbstractQueuedSynchronizer.java:2078)
        at java.util.concurrent.ScheduledThreadPoolExecutor$DelayedWorkQueue.take(ScheduledThreadPoolExecutor.java:1093)
        at java.util.concurrent.ScheduledThreadPoolExecutor$DelayedWorkQueue.take(ScheduledThreadPoolExecutor.java:809)
        at java.util.concurrent.ThreadPoolExecutor.getTask(ThreadPoolExecutor.java:1074)
        at java.util.concurrent.ThreadPoolExecutor.runWorker(ThreadPoolExecutor.java:1134)
        at java.util.concurrent.ThreadPoolExecutor$Worker.run(ThreadPoolExecutor.java:624)
        at java.lang.Thread.run(Thread.java:748)
"efbac357-ca4e-4ee4-91b4-c654bf02dfcf@group-1012B3444813-SegmentedRaftLogWorker"  prio=5 tid=2964 timed_waiting
java.lang.Thread.State: TIMED_WAITING
        at sun.misc.Unsafe.park(Native Method)
        at java.util.concurrent.locks.LockSupport.parkNanos(LockSupport.java:215)
        at java.util.concurrent.locks.AbstractQueuedSynchronizer$ConditionObject.awaitNanos(AbstractQueuedSynchronizer.java:2078)
        at org.apache.ratis.util.DataBlockingQueue.poll(DataBlockingQueue.java:137)
        at org.apache.ratis.server.raftlog.segmented.SegmentedRaftLogWorker.run(SegmentedRaftLogWorker.java:282)
        at java.lang.Thread.run(Thread.java:748)
"BlockDeletingService#0" daemon prio=5 tid=2833 timed_waiting
java.lang.Thread.State: TIMED_WAITING
        at sun.misc.Unsafe.park(Native Method)
        at java.util.concurrent.locks.LockSupport.parkNanos(LockSupport.java:215)
        at java.util.concurrent.locks.AbstractQueuedSynchronizer$ConditionObject.awaitNanos(AbstractQueuedSynchronizer.java:2078)
        at java.util.concurrent.ScheduledThreadPoolExecutor$DelayedWorkQueue.take(ScheduledThreadPoolExecutor.java:1093)
        at java.util.concurrent.ScheduledThreadPoolExecutor$DelayedWorkQueue.take(ScheduledThreadPoolExecutor.java:809)
        at java.util.concurrent.ThreadPoolExecutor.getTask(ThreadPoolExecutor.java:1074)
        at java.util.concurrent.ThreadPoolExecutor.runWorker(ThreadPoolExecutor.java:1134)
        at java.util.concurrent.ThreadPoolExecutor$Worker.run(ThreadPoolExecutor.java:624)
        at java.lang.Thread.run(Thread.java:748)
"BlockDeletingService#1" daemon prio=5 tid=2524 in Object.wait()
java.lang.Thread.State: WAITING (on object monitor)
        at sun.misc.Unsafe.park(Native Method)
        at java.util.concurrent.locks.LockSupport.park(LockSupport.java:175)
        at java.util.concurrent.locks.AbstractQueuedSynchronizer$ConditionObject.await(AbstractQueuedSynchronizer.java:2039)
        at java.util.concurrent.ScheduledThreadPoolExecutor$DelayedWorkQueue.take(ScheduledThreadPoolExecutor.java:1088)
        at java.util.concurrent.ScheduledThreadPoolExecutor$DelayedWorkQueue.take(ScheduledThreadPoolExecutor.java:809)
        at java.util.concurrent.ThreadPoolExecutor.getTask(ThreadPoolExecutor.java:1074)
        at java.util.concurrent.ThreadPoolExecutor.runWorker(ThreadPoolExecutor.java:1134)
        at java.util.concurrent.ThreadPoolExecutor$Worker.run(ThreadPoolExecutor.java:624)
        at java.lang.Thread.run(Thread.java:748)
"Datanode ReportManager Thread - 1" daemon prio=5 tid=361 in Object.wait()
java.lang.Thread.State: WAITING (on object monitor)
        at sun.misc.Unsafe.park(Native Method)
        at java.util.concurrent.locks.LockSupport.park(LockSupport.java:175)
        at java.util.concurrent.locks.AbstractQueuedSynchronizer$ConditionObject.await(AbstractQueuedSynchronizer.java:2039)
        at java.util.concurrent.ScheduledThreadPoolExecutor$DelayedWorkQueue.take(ScheduledThreadPoolExecutor.java:1088)
        at java.util.concurrent.ScheduledThreadPoolExecutor$DelayedWorkQueue.take(ScheduledThreadPoolExecutor.java:809)
        at java.util.concurrent.ThreadPoolExecutor.getTask(ThreadPoolExecutor.java:1074)
        at java.util.concurrent.ThreadPoolExecutor.runWorker(ThreadPoolExecutor.java:1134)
        at java.util.concurrent.ThreadPoolExecutor$Worker.run(ThreadPoolExecutor.java:624)
        at java.lang.Thread.run(Thread.java:748)
"pool-188-thread-45"  prio=5 tid=2569 in Object.wait()
java.lang.Thread.State: WAITING (on object monitor)
        at sun.misc.Unsafe.park(Native Method)
        at java.util.concurrent.locks.LockSupport.park(LockSupport.java:175)
        at java.util.concurrent.locks.AbstractQueuedSynchronizer$ConditionObject.await(AbstractQueuedSynchronizer.java:2039)
        at java.util.concurrent.ArrayBlockingQueue.take(ArrayBlockingQueue.java:403)
        at java.util.concurrent.ThreadPoolExecutor.getTask(ThreadPoolExecutor.java:1074)
        at java.util.concurrent.ThreadPoolExecutor.runWorker(ThreadPoolExecutor.java:1134)
        at java.util.concurrent.ThreadPoolExecutor$Worker.run(ThreadPoolExecutor.java:624)
        at java.lang.Thread.run(Thread.java:748)
"Datanode ReportManager Thread - 0" daemon prio=5 tid=225 timed_waiting
java.lang.Thread.State: TIMED_WAITING
        at sun.misc.Unsafe.park(Native Method)
        at java.util.concurrent.locks.LockSupport.parkNanos(LockSupport.java:215)
        at java.util.concurrent.locks.AbstractQueuedSynchronizer$ConditionObject.awaitNanos(AbstractQueuedSynchronizer.java:2078)
        at java.util.concurrent.ScheduledThreadPoolExecutor$DelayedWorkQueue.take(ScheduledThreadPoolExecutor.java:1093)
        at java.util.concurrent.ScheduledThreadPoolExecutor$DelayedWorkQueue.take(ScheduledThreadPoolExecutor.java:809)
        at java.util.concurrent.ThreadPoolExecutor.getTask(ThreadPoolExecutor.java:1074)
        at java.util.concurrent.ThreadPoolExecutor.runWorker(ThreadPoolExecutor.java:1134)
        at java.util.concurrent.ThreadPoolExecutor$Worker.run(ThreadPoolExecutor.java:624)
        at java.lang.Thread.run(Thread.java:748)
"IPC Server handler 18 on 40581" daemon prio=5 tid=1927 timed_waiting
java.lang.Thread.State: TIMED_WAITING
        at sun.misc.Unsafe.park(Native Method)
        at java.util.concurrent.locks.LockSupport.parkNanos(LockSupport.java:215)
        at java.util.concurrent.locks.AbstractQueuedSynchronizer$ConditionObject.awaitNanos(AbstractQueuedSynchronizer.java:2078)
        at java.util.concurrent.LinkedBlockingQueue.poll(LinkedBlockingQueue.java:467)
        at org.apache.hadoop.ipc.CallQueueManager.take(CallQueueManager.java:288)
        at org.apache.hadoop.ipc.Server$Handler.run(Server.java:2668)
"pool-238-thread-21"  prio=5 tid=2855 in Object.wait()
java.lang.Thread.State: WAITING (on object monitor)
        at sun.misc.Unsafe.park(Native Method)
        at java.util.concurrent.locks.LockSupport.park(LockSupport.java:175)
        at java.util.concurrent.locks.AbstractQueuedSynchronizer$ConditionObject.await(AbstractQueuedSynchronizer.java:2039)
        at java.util.concurrent.ArrayBlockingQueue.take(ArrayBlockingQueue.java:403)
        at java.util.concurrent.ThreadPoolExecutor.getTask(ThreadPoolExecutor.java:1074)
        at java.util.concurrent.ThreadPoolExecutor.runWorker(ThreadPoolExecutor.java:1134)
        at java.util.concurrent.ThreadPoolExecutor$Worker.run(ThreadPoolExecutor.java:624)
        at java.lang.Thread.run(Thread.java:748)
"pool-218-thread-30"  prio=5 tid=2740 in Object.wait()
java.lang.Thread.State: WAITING (on object monitor)
        at sun.misc.Unsafe.park(Native Method)
        at java.util.concurrent.locks.LockSupport.park(LockSupport.java:175)
        at java.util.concurrent.locks.AbstractQueuedSynchronizer$ConditionObject.await(AbstractQueuedSynchronizer.java:2039)
        at java.util.concurrent.ArrayBlockingQueue.take(ArrayBlockingQueue.java:403)
        at java.util.concurrent.ThreadPoolExecutor.getTask(ThreadPoolExecutor.java:1074)
        at java.util.concurrent.ThreadPoolExecutor.runWorker(ThreadPoolExecutor.java:1134)
        at java.util.concurrent.ThreadPoolExecutor$Worker.run(ThreadPoolExecutor.java:624)
        at java.lang.Thread.run(Thread.java:748)
"pool-228-thread-3"  prio=5 tid=2775 in Object.wait()
java.lang.Thread.State: WAITING (on object monitor)
        at sun.misc.Unsafe.park(Native Method)
        at java.util.concurrent.locks.LockSupport.park(LockSupport.java:175)
        at java.util.concurrent.locks.AbstractQueuedSynchronizer$ConditionObject.await(AbstractQueuedSynchronizer.java:2039)
        at java.util.concurrent.ArrayBlockingQueue.take(ArrayBlockingQueue.java:403)
        at java.util.concurrent.ThreadPoolExecutor.getTask(ThreadPoolExecutor.java:1074)
        at java.util.concurrent.ThreadPoolExecutor.runWorker(ThreadPoolExecutor.java:1134)
        at java.util.concurrent.ThreadPoolExecutor$Worker.run(ThreadPoolExecutor.java:624)
        at java.lang.Thread.run(Thread.java:748)
"pool-143-thread-1"  prio=5 tid=1992 timed_waiting
java.lang.Thread.State: TIMED_WAITING
        at sun.misc.Unsafe.park(Native Method)
        at java.util.concurrent.locks.LockSupport.parkNanos(LockSupport.java:215)
        at java.util.concurrent.locks.AbstractQueuedSynchronizer$ConditionObject.awaitNanos(AbstractQueuedSynchronizer.java:2078)
        at java.util.concurrent.ScheduledThreadPoolExecutor$DelayedWorkQueue.take(ScheduledThreadPoolExecutor.java:1093)
        at java.util.concurrent.ScheduledThreadPoolExecutor$DelayedWorkQueue.take(ScheduledThreadPoolExecutor.java:809)
        at java.util.concurrent.ThreadPoolExecutor.getTask(ThreadPoolExecutor.java:1074)
        at java.util.concurrent.ThreadPoolExecutor.runWorker(ThreadPoolExecutor.java:1134)
        at java.util.concurrent.ThreadPoolExecutor$Worker.run(ThreadPoolExecutor.java:624)
        at java.lang.Thread.run(Thread.java:748)
"pool-198-thread-10"  prio=5 tid=2596 in Object.wait()
java.lang.Thread.State: WAITING (on object monitor)
        at sun.misc.Unsafe.park(Native Method)
        at java.util.concurrent.locks.LockSupport.park(LockSupport.java:175)
        at java.util.concurrent.locks.AbstractQueuedSynchronizer$ConditionObject.await(AbstractQueuedSynchronizer.java:2039)
        at java.util.concurrent.ArrayBlockingQueue.take(ArrayBlockingQueue.java:403)
        at java.util.concurrent.ThreadPoolExecutor.getTask(ThreadPoolExecutor.java:1074)
        at java.util.concurrent.ThreadPoolExecutor.runWorker(ThreadPoolExecutor.java:1134)
        at java.util.concurrent.ThreadPoolExecutor$Worker.run(ThreadPoolExecutor.java:624)
        at java.lang.Thread.run(Thread.java:748)
"IPC Server handler 5 on 40581" daemon prio=5 tid=1914 timed_waiting
java.lang.Thread.State: TIMED_WAITING
        at sun.misc.Unsafe.park(Native Method)
        at java.util.concurrent.locks.LockSupport.parkNanos(LockSupport.java:215)
        at java.util.concurrent.locks.AbstractQueuedSynchronizer$ConditionObject.awaitNanos(AbstractQueuedSynchronizer.java:2078)
        at java.util.concurrent.LinkedBlockingQueue.poll(LinkedBlockingQueue.java:467)
        at org.apache.hadoop.ipc.CallQueueManager.take(CallQueueManager.java:288)
        at org.apache.hadoop.ipc.Server$Handler.run(Server.java:2668)
"IPC Server handler 8 on 39845" daemon prio=5 tid=1937 timed_waiting
java.lang.Thread.State: TIMED_WAITING
        at sun.misc.Unsafe.park(Native Method)
        at java.util.concurrent.locks.LockSupport.parkNanos(LockSupport.java:215)
        at java.util.concurrent.locks.AbstractQueuedSynchronizer$ConditionObject.awaitNanos(AbstractQueuedSynchronizer.java:2078)
        at java.util.concurrent.LinkedBlockingQueue.poll(LinkedBlockingQueue.java:467)
        at org.apache.hadoop.ipc.CallQueueManager.take(CallQueueManager.java:288)
        at org.apache.hadoop.ipc.Server$Handler.run(Server.java:2668)
"pool-158-thread-3"  prio=5 tid=2341 in Object.wait()
java.lang.Thread.State: WAITING (on object monitor)
        at sun.misc.Unsafe.park(Native Method)
        at java.util.concurrent.locks.LockSupport.park(LockSupport.java:175)
        at java.util.concurrent.locks.AbstractQueuedSynchronizer$ConditionObject.await(AbstractQueuedSynchronizer.java:2039)
        at java.util.concurrent.ArrayBlockingQueue.take(ArrayBlockingQueue.java:403)
        at java.util.concurrent.ThreadPoolExecutor.getTask(ThreadPoolExecutor.java:1074)
        at java.util.concurrent.ThreadPoolExecutor.runWorker(ThreadPoolExecutor.java:1134)
        at java.util.concurrent.ThreadPoolExecutor$Worker.run(ThreadPoolExecutor.java:624)
        at java.lang.Thread.run(Thread.java:748)
"pool-198-thread-21"  prio=5 tid=2607 in Object.wait()
java.lang.Thread.State: WAITING (on object monitor)
        at sun.misc.Unsafe.park(Native Method)
        at java.util.concurrent.locks.LockSupport.park(LockSupport.java:175)
        at java.util.concurrent.locks.AbstractQueuedSynchronizer$ConditionObject.await(AbstractQueuedSynchronizer.java:2039)
        at java.util.concurrent.ArrayBlockingQueue.take(ArrayBlockingQueue.java:403)
        at java.util.concurrent.ThreadPoolExecutor.getTask(ThreadPoolExecutor.java:1074)
        at java.util.concurrent.ThreadPoolExecutor.runWorker(ThreadPoolExecutor.java:1134)
        at java.util.concurrent.ThreadPoolExecutor$Worker.run(ThreadPoolExecutor.java:624)
        at java.lang.Thread.run(Thread.java:748)
"pool-218-thread-57"  prio=5 tid=2767 in Object.wait()
java.lang.Thread.State: WAITING (on object monitor)
        at sun.misc.Unsafe.park(Native Method)
        at java.util.concurrent.locks.LockSupport.park(LockSupport.java:175)
        at java.util.concurrent.locks.AbstractQueuedSynchronizer$ConditionObject.await(AbstractQueuedSynchronizer.java:2039)
        at java.util.concurrent.ArrayBlockingQueue.take(ArrayBlockingQueue.java:403)
        at java.util.concurrent.ThreadPoolExecutor.getTask(ThreadPoolExecutor.java:1074)
        at java.util.concurrent.ThreadPoolExecutor.runWorker(ThreadPoolExecutor.java:1134)
        at java.util.concurrent.ThreadPoolExecutor$Worker.run(ThreadPoolExecutor.java:624)
        at java.lang.Thread.run(Thread.java:748)
"pool-208-thread-28"  prio=5 tid=2676 in Object.wait()
java.lang.Thread.State: WAITING (on object monitor)
        at sun.misc.Unsafe.park(Native Method)
        at java.util.concurrent.locks.LockSupport.park(LockSupport.java:175)
        at java.util.concurrent.locks.AbstractQueuedSynchronizer$ConditionObject.await(AbstractQueuedSynchronizer.java:2039)
        at java.util.concurrent.ArrayBlockingQueue.take(ArrayBlockingQueue.java:403)
        at java.util.concurrent.ThreadPoolExecutor.getTask(ThreadPoolExecutor.java:1074)
        at java.util.concurrent.ThreadPoolExecutor.runWorker(ThreadPoolExecutor.java:1134)
        at java.util.concurrent.ThreadPoolExecutor$Worker.run(ThreadPoolExecutor.java:624)
        at java.lang.Thread.run(Thread.java:748)
"IPC Server handler 0 on 45410" daemon prio=5 tid=1971 timed_waiting
java.lang.Thread.State: TIMED_WAITING
        at sun.misc.Unsafe.park(Native Method)
        at java.util.concurrent.locks.LockSupport.parkNanos(LockSupport.java:215)
        at java.util.concurrent.locks.AbstractQueuedSynchronizer$ConditionObject.awaitNanos(AbstractQueuedSynchronizer.java:2078)
        at java.util.concurrent.LinkedBlockingQueue.poll(LinkedBlockingQueue.java:467)
        at org.apache.hadoop.ipc.CallQueueManager.take(CallQueueManager.java:288)
        at org.apache.hadoop.ipc.Server$Handler.run(Server.java:2668)
"pool-168-thread-60"  prio=5 tid=2460 in Object.wait()
java.lang.Thread.State: WAITING (on object monitor)
        at sun.misc.Unsafe.park(Native Method)
        at java.util.concurrent.locks.LockSupport.park(LockSupport.java:175)
        at java.util.concurrent.locks.AbstractQueuedSynchronizer$ConditionObject.await(AbstractQueuedSynchronizer.java:2039)
        at java.util.concurrent.ArrayBlockingQueue.take(ArrayBlockingQueue.java:403)
        at java.util.concurrent.ThreadPoolExecutor.getTask(ThreadPoolExecutor.java:1074)
        at java.util.concurrent.ThreadPoolExecutor.runWorker(ThreadPoolExecutor.java:1134)
        at java.util.concurrent.ThreadPoolExecutor$Worker.run(ThreadPoolExecutor.java:624)
        at java.lang.Thread.run(Thread.java:748)
"pool-238-thread-25"  prio=5 tid=2859 in Object.wait()
java.lang.Thread.State: WAITING (on object monitor)
        at sun.misc.Unsafe.park(Native Method)
        at java.util.concurrent.locks.LockSupport.park(LockSupport.java:175)
        at java.util.concurrent.locks.AbstractQueuedSynchronizer$ConditionObject.await(AbstractQueuedSynchronizer.java:2039)
        at java.util.concurrent.ArrayBlockingQueue.take(ArrayBlockingQueue.java:403)
        at java.util.concurrent.ThreadPoolExecutor.getTask(ThreadPoolExecutor.java:1074)
        at java.util.concurrent.ThreadPoolExecutor.runWorker(ThreadPoolExecutor.java:1134)
        at java.util.concurrent.ThreadPoolExecutor$Worker.run(ThreadPoolExecutor.java:624)
        at java.lang.Thread.run(Thread.java:748)
"Datanode ReportManager Thread - 3" daemon prio=5 tid=2244 in Object.wait()
java.lang.Thread.State: WAITING (on object monitor)
        at sun.misc.Unsafe.park(Native Method)
        at java.util.concurrent.locks.LockSupport.park(LockSupport.java:175)
        at java.util.concurrent.locks.AbstractQueuedSynchronizer$ConditionObject.await(AbstractQueuedSynchronizer.java:2039)
        at java.util.concurrent.ScheduledThreadPoolExecutor$DelayedWorkQueue.take(ScheduledThreadPoolExecutor.java:1088)
        at java.util.concurrent.ScheduledThreadPoolExecutor$DelayedWorkQueue.take(ScheduledThreadPoolExecutor.java:809)
        at java.util.concurrent.ThreadPoolExecutor.getTask(ThreadPoolExecutor.java:1074)
        at java.util.concurrent.ThreadPoolExecutor.runWorker(ThreadPoolExecutor.java:1134)
        at java.util.concurrent.ThreadPoolExecutor$Worker.run(ThreadPoolExecutor.java:624)
        at java.lang.Thread.run(Thread.java:748)
"PartialTableCache Cleanup Thread - 0" daemon prio=5 tid=1333 in Object.wait()
java.lang.Thread.State: WAITING (on object monitor)
        at sun.misc.Unsafe.park(Native Method)
        at java.util.concurrent.locks.LockSupport.park(LockSupport.java:175)
        at java.util.concurrent.locks.AbstractQueuedSynchronizer$ConditionObject.await(AbstractQueuedSynchronizer.java:2039)
        at java.util.concurrent.LinkedBlockingQueue.take(LinkedBlockingQueue.java:442)
        at java.util.concurrent.ThreadPoolExecutor.getTask(ThreadPoolExecutor.java:1074)
        at java.util.concurrent.ThreadPoolExecutor.runWorker(ThreadPoolExecutor.java:1134)
        at java.util.concurrent.ThreadPoolExecutor$Worker.run(ThreadPoolExecutor.java:624)
        at java.lang.Thread.run(Thread.java:748)
"pool-168-thread-19"  prio=5 tid=2419 in Object.wait()
java.lang.Thread.State: WAITING (on object monitor)
        at sun.misc.Unsafe.park(Native Method)
        at java.util.concurrent.locks.LockSupport.park(LockSupport.java:175)
        at java.util.concurrent.locks.AbstractQueuedSynchronizer$ConditionObject.await(AbstractQueuedSynchronizer.java:2039)
        at java.util.concurrent.ArrayBlockingQueue.take(ArrayBlockingQueue.java:403)
        at java.util.concurrent.ThreadPoolExecutor.getTask(ThreadPoolExecutor.java:1074)
        at java.util.concurrent.ThreadPoolExecutor.runWorker(ThreadPoolExecutor.java:1134)
        at java.util.concurrent.ThreadPoolExecutor$Worker.run(ThreadPoolExecutor.java:624)
        at java.lang.Thread.run(Thread.java:748)
"pool-168-thread-41"  prio=5 tid=2441 in Object.wait()
java.lang.Thread.State: WAITING (on object monitor)
        at sun.misc.Unsafe.park(Native Method)
        at java.util.concurrent.locks.LockSupport.park(LockSupport.java:175)
        at java.util.concurrent.locks.AbstractQueuedSynchronizer$ConditionObject.await(AbstractQueuedSynchronizer.java:2039)
        at java.util.concurrent.ArrayBlockingQueue.take(ArrayBlockingQueue.java:403)
        at java.util.concurrent.ThreadPoolExecutor.getTask(ThreadPoolExecutor.java:1074)
        at java.util.concurrent.ThreadPoolExecutor.runWorker(ThreadPoolExecutor.java:1134)
        at java.util.concurrent.ThreadPoolExecutor$Worker.run(ThreadPoolExecutor.java:624)
        at java.lang.Thread.run(Thread.java:748)
"qtp457245448-2096" daemon prio=5 tid=2096 timed_waiting
java.lang.Thread.State: TIMED_WAITING
        at sun.misc.Unsafe.park(Native Method)
        at java.util.concurrent.locks.LockSupport.parkNanos(LockSupport.java:215)
        at java.util.concurrent.locks.AbstractQueuedSynchronizer$ConditionObject.awaitNanos(AbstractQueuedSynchronizer.java:2078)
        at org.eclipse.jetty.util.BlockingArrayQueue.poll(BlockingArrayQueue.java:392)
        at org.eclipse.jetty.util.thread.QueuedThreadPool.idleJobPoll(QueuedThreadPool.java:563)
        at org.eclipse.jetty.util.thread.QueuedThreadPool.access$800(QueuedThreadPool.java:48)
        at org.eclipse.jetty.util.thread.QueuedThreadPool$2.run(QueuedThreadPool.java:626)
        at java.lang.Thread.run(Thread.java:748)
"pool-168-thread-30"  prio=5 tid=2430 in Object.wait()
java.lang.Thread.State: WAITING (on object monitor)
        at sun.misc.Unsafe.park(Native Method)
        at java.util.concurrent.locks.LockSupport.park(LockSupport.java:175)
        at java.util.concurrent.locks.AbstractQueuedSynchronizer$ConditionObject.await(AbstractQueuedSynchronizer.java:2039)
        at java.util.concurrent.ArrayBlockingQueue.take(ArrayBlockingQueue.java:403)
        at java.util.concurrent.ThreadPoolExecutor.getTask(ThreadPoolExecutor.java:1074)
        at java.util.concurrent.ThreadPoolExecutor.runWorker(ThreadPoolExecutor.java:1134)
        at java.util.concurrent.ThreadPoolExecutor$Worker.run(ThreadPoolExecutor.java:624)
        at java.lang.Thread.run(Thread.java:748)
"pool-238-thread-20"  prio=5 tid=2854 in Object.wait()
java.lang.Thread.State: WAITING (on object monitor)
        at sun.misc.Unsafe.park(Native Method)
        at java.util.concurrent.locks.LockSupport.park(LockSupport.java:175)
        at java.util.concurrent.locks.AbstractQueuedSynchronizer$ConditionObject.await(AbstractQueuedSynchronizer.java:2039)
        at java.util.concurrent.ArrayBlockingQueue.take(ArrayBlockingQueue.java:403)
        at java.util.concurrent.ThreadPoolExecutor.getTask(ThreadPoolExecutor.java:1074)
        at java.util.concurrent.ThreadPoolExecutor.runWorker(ThreadPoolExecutor.java:1134)
        at java.util.concurrent.ThreadPoolExecutor$Worker.run(ThreadPoolExecutor.java:624)
        at java.lang.Thread.run(Thread.java:748)
"Datanode ReportManager Thread - 0" daemon prio=5 tid=333 in Object.wait()
java.lang.Thread.State: WAITING (on object monitor)
        at sun.misc.Unsafe.park(Native Method)
        at java.util.concurrent.locks.LockSupport.park(LockSupport.java:175)
        at java.util.concurrent.locks.AbstractQueuedSynchronizer$ConditionObject.await(AbstractQueuedSynchronizer.java:2039)
        at java.util.concurrent.ScheduledThreadPoolExecutor$DelayedWorkQueue.take(ScheduledThreadPoolExecutor.java:1088)
        at java.util.concurrent.ScheduledThreadPoolExecutor$DelayedWorkQueue.take(ScheduledThreadPoolExecutor.java:809)
        at java.util.concurrent.ThreadPoolExecutor.getTask(ThreadPoolExecutor.java:1074)
        at java.util.concurrent.ThreadPoolExecutor.runWorker(ThreadPoolExecutor.java:1134)
        at java.util.concurrent.ThreadPoolExecutor$Worker.run(ThreadPoolExecutor.java:624)
        at java.lang.Thread.run(Thread.java:748)
"pool-158-thread-31"  prio=5 tid=2369 in Object.wait()
java.lang.Thread.State: WAITING (on object monitor)
        at sun.misc.Unsafe.park(Native Method)
        at java.util.concurrent.locks.LockSupport.park(LockSupport.java:175)
        at java.util.concurrent.locks.AbstractQueuedSynchronizer$ConditionObject.await(AbstractQueuedSynchronizer.java:2039)
        at java.util.concurrent.ArrayBlockingQueue.take(ArrayBlockingQueue.java:403)
        at java.util.concurrent.ThreadPoolExecutor.getTask(ThreadPoolExecutor.java:1074)
        at java.util.concurrent.ThreadPoolExecutor.runWorker(ThreadPoolExecutor.java:1134)
        at java.util.concurrent.ThreadPoolExecutor$Worker.run(ThreadPoolExecutor.java:624)
        at java.lang.Thread.run(Thread.java:748)
"Socket Reader #1 for port 40581"  prio=5 tid=1879 runnable
java.lang.Thread.State: RUNNABLE
        at sun.nio.ch.EPollArrayWrapper.epollWait(Native Method)
        at sun.nio.ch.EPollArrayWrapper.poll(EPollArrayWrapper.java:269)
        at sun.nio.ch.EPollSelectorImpl.doSelect(EPollSelectorImpl.java:93)
        at sun.nio.ch.SelectorImpl.lockAndDoSelect(SelectorImpl.java:86)
        at sun.nio.ch.SelectorImpl.select(SelectorImpl.java:97)
        at sun.nio.ch.SelectorImpl.select(SelectorImpl.java:101)
        at org.apache.hadoop.ipc.Server$Listener$Reader.doRunLoop(Server.java:1097)
        at org.apache.hadoop.ipc.Server$Listener$Reader.run(Server.java:1076)
"e96d2cc9-026c-4220-b0f4-2bd3b4d5a924@group-0B60AC9C5BED-SegmentedRaftLogWorker"  prio=5 tid=3111 timed_waiting
java.lang.Thread.State: TIMED_WAITING
        at sun.misc.Unsafe.park(Native Method)
        at java.util.concurrent.locks.LockSupport.parkNanos(LockSupport.java:215)
        at java.util.concurrent.locks.AbstractQueuedSynchronizer$ConditionObject.awaitNanos(AbstractQueuedSynchronizer.java:2078)
        at org.apache.ratis.util.DataBlockingQueue.poll(DataBlockingQueue.java:137)
        at org.apache.ratis.server.raftlog.segmented.SegmentedRaftLogWorker.run(SegmentedRaftLogWorker.java:282)
        at java.lang.Thread.run(Thread.java:748)
"pool-188-thread-13"  prio=5 tid=2537 in Object.wait()
java.lang.Thread.State: WAITING (on object monitor)
        at sun.misc.Unsafe.park(Native Method)
        at java.util.concurrent.locks.LockSupport.park(LockSupport.java:175)
        at java.util.concurrent.locks.AbstractQueuedSynchronizer$ConditionObject.await(AbstractQueuedSynchronizer.java:2039)
        at java.util.concurrent.ArrayBlockingQueue.take(ArrayBlockingQueue.java:403)
        at java.util.concurrent.ThreadPoolExecutor.getTask(ThreadPoolExecutor.java:1074)
        at java.util.concurrent.ThreadPoolExecutor.runWorker(ThreadPoolExecutor.java:1134)
        at java.util.concurrent.ThreadPoolExecutor$Worker.run(ThreadPoolExecutor.java:624)
        at java.lang.Thread.run(Thread.java:748)
"pool-178-thread-34"  prio=5 tid=2496 in Object.wait()
java.lang.Thread.State: WAITING (on object monitor)
        at sun.misc.Unsafe.park(Native Method)
        at java.util.concurrent.locks.LockSupport.park(LockSupport.java:175)
        at java.util.concurrent.locks.AbstractQueuedSynchronizer$ConditionObject.await(AbstractQueuedSynchronizer.java:2039)
        at java.util.concurrent.ArrayBlockingQueue.take(ArrayBlockingQueue.java:403)
        at java.util.concurrent.ThreadPoolExecutor.getTask(ThreadPoolExecutor.java:1074)
        at java.util.concurrent.ThreadPoolExecutor.runWorker(ThreadPoolExecutor.java:1134)
        at java.util.concurrent.ThreadPoolExecutor$Worker.run(ThreadPoolExecutor.java:624)
        at java.lang.Thread.run(Thread.java:748)
"qtp270313690-2125" daemon prio=5 tid=2125 timed_waiting
java.lang.Thread.State: TIMED_WAITING
        at sun.misc.Unsafe.park(Native Method)
        at java.util.concurrent.locks.LockSupport.parkNanos(LockSupport.java:215)
        at java.util.concurrent.locks.AbstractQueuedSynchronizer$ConditionObject.awaitNanos(AbstractQueuedSynchronizer.java:2078)
        at org.eclipse.jetty.util.BlockingArrayQueue.poll(BlockingArrayQueue.java:392)
        at org.eclipse.jetty.util.thread.QueuedThreadPool.idleJobPoll(QueuedThreadPool.java:563)
        at org.eclipse.jetty.util.thread.QueuedThreadPool.access$800(QueuedThreadPool.java:48)
        at org.eclipse.jetty.util.thread.QueuedThreadPool$2.run(QueuedThreadPool.java:626)
        at java.lang.Thread.run(Thread.java:748)
"Datanode ReportManager Thread - 1" daemon prio=5 tid=199 timed_waiting
java.lang.Thread.State: TIMED_WAITING
        at sun.misc.Unsafe.park(Native Method)
        at java.util.concurrent.locks.LockSupport.parkNanos(LockSupport.java:215)
        at java.util.concurrent.locks.AbstractQueuedSynchronizer$ConditionObject.awaitNanos(AbstractQueuedSynchronizer.java:2078)
        at java.util.concurrent.ScheduledThreadPoolExecutor$DelayedWorkQueue.take(ScheduledThreadPoolExecutor.java:1093)
        at java.util.concurrent.ScheduledThreadPoolExecutor$DelayedWorkQueue.take(ScheduledThreadPoolExecutor.java:809)
        at java.util.concurrent.ThreadPoolExecutor.getTask(ThreadPoolExecutor.java:1074)
        at java.util.concurrent.ThreadPoolExecutor.runWorker(ThreadPoolExecutor.java:1134)
        at java.util.concurrent.ThreadPoolExecutor$Worker.run(ThreadPoolExecutor.java:624)
        at java.lang.Thread.run(Thread.java:748)
"pool-218-thread-46"  prio=5 tid=2756 in Object.wait()
java.lang.Thread.State: WAITING (on object monitor)
        at sun.misc.Unsafe.park(Native Method)
        at java.util.concurrent.locks.LockSupport.park(LockSupport.java:175)
        at java.util.concurrent.locks.AbstractQueuedSynchronizer$ConditionObject.await(AbstractQueuedSynchronizer.java:2039)
        at java.util.concurrent.ArrayBlockingQueue.take(ArrayBlockingQueue.java:403)
        at java.util.concurrent.ThreadPoolExecutor.getTask(ThreadPoolExecutor.java:1074)
        at java.util.concurrent.ThreadPoolExecutor.runWorker(ThreadPoolExecutor.java:1134)
        at java.util.concurrent.ThreadPoolExecutor$Worker.run(ThreadPoolExecutor.java:624)
        at java.lang.Thread.run(Thread.java:748)
"pool-158-thread-4"  prio=5 tid=2342 in Object.wait()
java.lang.Thread.State: WAITING (on object monitor)
        at sun.misc.Unsafe.park(Native Method)
        at java.util.concurrent.locks.LockSupport.park(LockSupport.java:175)
        at java.util.concurrent.locks.AbstractQueuedSynchronizer$ConditionObject.await(AbstractQueuedSynchronizer.java:2039)
        at java.util.concurrent.ArrayBlockingQueue.take(ArrayBlockingQueue.java:403)
        at java.util.concurrent.ThreadPoolExecutor.getTask(ThreadPoolExecutor.java:1074)
        at java.util.concurrent.ThreadPoolExecutor.runWorker(ThreadPoolExecutor.java:1134)
        at java.util.concurrent.ThreadPoolExecutor$Worker.run(ThreadPoolExecutor.java:624)
        at java.lang.Thread.run(Thread.java:748)
"pool-218-thread-34"  prio=5 tid=2744 in Object.wait()
java.lang.Thread.State: WAITING (on object monitor)
        at sun.misc.Unsafe.park(Native Method)
        at java.util.concurrent.locks.LockSupport.park(LockSupport.java:175)
        at java.util.concurrent.locks.AbstractQueuedSynchronizer$ConditionObject.await(AbstractQueuedSynchronizer.java:2039)
        at java.util.concurrent.ArrayBlockingQueue.take(ArrayBlockingQueue.java:403)
        at java.util.concurrent.ThreadPoolExecutor.getTask(ThreadPoolExecutor.java:1074)
        at java.util.concurrent.ThreadPoolExecutor.runWorker(ThreadPoolExecutor.java:1134)
        at java.util.concurrent.ThreadPoolExecutor$Worker.run(ThreadPoolExecutor.java:624)
        at java.lang.Thread.run(Thread.java:748)
"pool-216-thread-1" daemon prio=5 tid=2199 timed_waiting
java.lang.Thread.State: TIMED_WAITING
        at sun.misc.Unsafe.park(Native Method)
        at java.util.concurrent.locks.LockSupport.parkNanos(LockSupport.java:215)
        at java.util.concurrent.locks.AbstractQueuedSynchronizer$ConditionObject.awaitNanos(AbstractQueuedSynchronizer.java:2078)
        at java.util.concurrent.ScheduledThreadPoolExecutor$DelayedWorkQueue.take(ScheduledThreadPoolExecutor.java:1093)
        at java.util.concurrent.ScheduledThreadPoolExecutor$DelayedWorkQueue.take(ScheduledThreadPoolExecutor.java:809)
        at java.util.concurrent.ThreadPoolExecutor.getTask(ThreadPoolExecutor.java:1074)
        at java.util.concurrent.ThreadPoolExecutor.runWorker(ThreadPoolExecutor.java:1134)
        at java.util.concurrent.ThreadPoolExecutor$Worker.run(ThreadPoolExecutor.java:624)
        at java.lang.Thread.run(Thread.java:748)
"pool-228-thread-25"  prio=5 tid=2797 in Object.wait()
java.lang.Thread.State: WAITING (on object monitor)
        at sun.misc.Unsafe.park(Native Method)
        at java.util.concurrent.locks.LockSupport.park(LockSupport.java:175)
        at java.util.concurrent.locks.AbstractQueuedSynchronizer$ConditionObject.await(AbstractQueuedSynchronizer.java:2039)
        at java.util.concurrent.ArrayBlockingQueue.take(ArrayBlockingQueue.java:403)
        at java.util.concurrent.ThreadPoolExecutor.getTask(ThreadPoolExecutor.java:1074)
        at java.util.concurrent.ThreadPoolExecutor.runWorker(ThreadPoolExecutor.java:1134)
        at java.util.concurrent.ThreadPoolExecutor$Worker.run(ThreadPoolExecutor.java:624)
        at java.lang.Thread.run(Thread.java:748)
"pool-198-thread-43"  prio=5 tid=2629 in Object.wait()
java.lang.Thread.State: WAITING (on object monitor)
        at sun.misc.Unsafe.park(Native Method)
        at java.util.concurrent.locks.LockSupport.park(LockSupport.java:175)
        at java.util.concurrent.locks.AbstractQueuedSynchronizer$ConditionObject.await(AbstractQueuedSynchronizer.java:2039)
        at java.util.concurrent.ArrayBlockingQueue.take(ArrayBlockingQueue.java:403)
        at java.util.concurrent.ThreadPoolExecutor.getTask(ThreadPoolExecutor.java:1074)
        at java.util.concurrent.ThreadPoolExecutor.runWorker(ThreadPoolExecutor.java:1134)
        at java.util.concurrent.ThreadPoolExecutor$Worker.run(ThreadPoolExecutor.java:624)
        at java.lang.Thread.run(Thread.java:748)
"pool-158-thread-5"  prio=5 tid=2343 in Object.wait()
java.lang.Thread.State: WAITING (on object monitor)
        at sun.misc.Unsafe.park(Native Method)
        at java.util.concurrent.locks.LockSupport.park(LockSupport.java:175)
        at java.util.concurrent.locks.AbstractQueuedSynchronizer$ConditionObject.await(AbstractQueuedSynchronizer.java:2039)
        at java.util.concurrent.ArrayBlockingQueue.take(ArrayBlockingQueue.java:403)
        at java.util.concurrent.ThreadPoolExecutor.getTask(ThreadPoolExecutor.java:1074)
        at java.util.concurrent.ThreadPoolExecutor.runWorker(ThreadPoolExecutor.java:1134)
        at java.util.concurrent.ThreadPoolExecutor$Worker.run(ThreadPoolExecutor.java:624)
        at java.lang.Thread.run(Thread.java:748)
"efbac357-ca4e-4ee4-91b4-c654bf02dfcf@group-5812CD6E2952-SegmentedRaftLogWorker"  prio=5 tid=3181 timed_waiting
java.lang.Thread.State: TIMED_WAITING
        at sun.misc.Unsafe.park(Native Method)
        at java.util.concurrent.locks.LockSupport.parkNanos(LockSupport.java:215)
        at java.util.concurrent.locks.AbstractQueuedSynchronizer$ConditionObject.awaitNanos(AbstractQueuedSynchronizer.java:2078)
        at org.apache.ratis.util.DataBlockingQueue.poll(DataBlockingQueue.java:137)
        at org.apache.ratis.server.raftlog.segmented.SegmentedRaftLogWorker.run(SegmentedRaftLogWorker.java:282)
        at java.lang.Thread.run(Thread.java:748)
"pool-208-thread-24"  prio=5 tid=2672 in Object.wait()
java.lang.Thread.State: WAITING (on object monitor)
        at sun.misc.Unsafe.park(Native Method)
        at java.util.concurrent.locks.LockSupport.park(LockSupport.java:175)
        at java.util.concurrent.locks.AbstractQueuedSynchronizer$ConditionObject.await(AbstractQueuedSynchronizer.java:2039)
        at java.util.concurrent.ArrayBlockingQueue.take(ArrayBlockingQueue.java:403)
        at java.util.concurrent.ThreadPoolExecutor.getTask(ThreadPoolExecutor.java:1074)
        at java.util.concurrent.ThreadPoolExecutor.runWorker(ThreadPoolExecutor.java:1134)
        at java.util.concurrent.ThreadPoolExecutor$Worker.run(ThreadPoolExecutor.java:624)
        at java.lang.Thread.run(Thread.java:748)
"pool-218-thread-4"  prio=5 tid=2714 in Object.wait()
java.lang.Thread.State: WAITING (on object monitor)
        at sun.misc.Unsafe.park(Native Method)
        at java.util.concurrent.locks.LockSupport.park(LockSupport.java:175)
        at java.util.concurrent.locks.AbstractQueuedSynchronizer$ConditionObject.await(AbstractQueuedSynchronizer.java:2039)
        at java.util.concurrent.ArrayBlockingQueue.take(ArrayBlockingQueue.java:403)
        at java.util.concurrent.ThreadPoolExecutor.getTask(ThreadPoolExecutor.java:1074)
        at java.util.concurrent.ThreadPoolExecutor.runWorker(ThreadPoolExecutor.java:1134)
        at java.util.concurrent.ThreadPoolExecutor$Worker.run(ThreadPoolExecutor.java:624)
        at java.lang.Thread.run(Thread.java:748)
"qtp2120404899-2151" daemon prio=5 tid=2151 timed_waiting
java.lang.Thread.State: TIMED_WAITING
        at sun.misc.Unsafe.park(Native Method)
        at java.util.concurrent.locks.LockSupport.parkNanos(LockSupport.java:215)
        at java.util.concurrent.locks.AbstractQueuedSynchronizer$ConditionObject.awaitNanos(AbstractQueuedSynchronizer.java:2078)
        at org.eclipse.jetty.util.BlockingArrayQueue.poll(BlockingArrayQueue.java:392)
        at org.eclipse.jetty.util.thread.QueuedThreadPool.idleJobPoll(QueuedThreadPool.java:563)
        at org.eclipse.jetty.util.thread.QueuedThreadPool.access$800(QueuedThreadPool.java:48)
        at org.eclipse.jetty.util.thread.QueuedThreadPool$2.run(QueuedThreadPool.java:626)
        at java.lang.Thread.run(Thread.java:748)
"pool-218-thread-39"  prio=5 tid=2749 in Object.wait()
java.lang.Thread.State: WAITING (on object monitor)
        at sun.misc.Unsafe.park(Native Method)
        at java.util.concurrent.locks.LockSupport.park(LockSupport.java:175)
        at java.util.concurrent.locks.AbstractQueuedSynchronizer$ConditionObject.await(AbstractQueuedSynchronizer.java:2039)
        at java.util.concurrent.ArrayBlockingQueue.take(ArrayBlockingQueue.java:403)
        at java.util.concurrent.ThreadPoolExecutor.getTask(ThreadPoolExecutor.java:1074)
        at java.util.concurrent.ThreadPoolExecutor.runWorker(ThreadPoolExecutor.java:1134)
        at java.util.concurrent.ThreadPoolExecutor$Worker.run(ThreadPoolExecutor.java:624)
        at java.lang.Thread.run(Thread.java:748)
"EventQueue-NodeRegistrationContainerReportForDataNodeSafeModeRule" daemon prio=5 tid=2901 in Object.wait()
java.lang.Thread.State: WAITING (on object monitor)
        at sun.misc.Unsafe.park(Native Method)
        at java.util.concurrent.locks.LockSupport.park(LockSupport.java:175)
        at java.util.concurrent.locks.AbstractQueuedSynchronizer$ConditionObject.await(AbstractQueuedSynchronizer.java:2039)
        at java.util.concurrent.LinkedBlockingQueue.take(LinkedBlockingQueue.java:442)
        at java.util.concurrent.ThreadPoolExecutor.getTask(ThreadPoolExecutor.java:1074)
        at java.util.concurrent.ThreadPoolExecutor.runWorker(ThreadPoolExecutor.java:1134)
        at java.util.concurrent.ThreadPoolExecutor$Worker.run(ThreadPoolExecutor.java:624)
        at java.lang.Thread.run(Thread.java:748)
"Datanode State Machine Thread - 0" daemon prio=5 tid=2058 timed_waiting
java.lang.Thread.State: TIMED_WAITING
        at sun.misc.Unsafe.park(Native Method)
        at java.util.concurrent.locks.LockSupport.parkNanos(LockSupport.java:215)
        at java.util.concurrent.SynchronousQueue$TransferStack.awaitFulfill(SynchronousQueue.java:460)
        at java.util.concurrent.SynchronousQueue$TransferStack.transfer(SynchronousQueue.java:362)
        at java.util.concurrent.SynchronousQueue.poll(SynchronousQueue.java:941)
        at java.util.concurrent.ThreadPoolExecutor.getTask(ThreadPoolExecutor.java:1073)
        at java.util.concurrent.ThreadPoolExecutor.runWorker(ThreadPoolExecutor.java:1134)
        at java.util.concurrent.ThreadPoolExecutor$Worker.run(ThreadPoolExecutor.java:624)
        at java.lang.Thread.run(Thread.java:748)
"pool-198-thread-50"  prio=5 tid=2636 in Object.wait()
java.lang.Thread.State: WAITING (on object monitor)
        at sun.misc.Unsafe.park(Native Method)
        at java.util.concurrent.locks.LockSupport.park(LockSupport.java:175)
        at java.util.concurrent.locks.AbstractQueuedSynchronizer$ConditionObject.await(AbstractQueuedSynchronizer.java:2039)
        at java.util.concurrent.ArrayBlockingQueue.take(ArrayBlockingQueue.java:403)
        at java.util.concurrent.ThreadPoolExecutor.getTask(ThreadPoolExecutor.java:1074)
        at java.util.concurrent.ThreadPoolExecutor.runWorker(ThreadPoolExecutor.java:1134)
        at java.util.concurrent.ThreadPoolExecutor$Worker.run(ThreadPoolExecutor.java:624)
        at java.lang.Thread.run(Thread.java:748)
"pool-188-thread-9"  prio=5 tid=2533 in Object.wait()
java.lang.Thread.State: WAITING (on object monitor)
        at sun.misc.Unsafe.park(Native Method)
        at java.util.concurrent.locks.LockSupport.park(LockSupport.java:175)
        at java.util.concurrent.locks.AbstractQueuedSynchronizer$ConditionObject.await(AbstractQueuedSynchronizer.java:2039)
        at java.util.concurrent.ArrayBlockingQueue.take(ArrayBlockingQueue.java:403)
        at java.util.concurrent.ThreadPoolExecutor.getTask(ThreadPoolExecutor.java:1074)
        at java.util.concurrent.ThreadPoolExecutor.runWorker(ThreadPoolExecutor.java:1134)
        at java.util.concurrent.ThreadPoolExecutor$Worker.run(ThreadPoolExecutor.java:624)
        at java.lang.Thread.run(Thread.java:748)
"pool-158-thread-21"  prio=5 tid=2359 in Object.wait()
java.lang.Thread.State: WAITING (on object monitor)
        at sun.misc.Unsafe.park(Native Method)
        at java.util.concurrent.locks.LockSupport.park(LockSupport.java:175)
        at java.util.concurrent.locks.AbstractQueuedSynchronizer$ConditionObject.await(AbstractQueuedSynchronizer.java:2039)
        at java.util.concurrent.ArrayBlockingQueue.take(ArrayBlockingQueue.java:403)
        at java.util.concurrent.ThreadPoolExecutor.getTask(ThreadPoolExecutor.java:1074)
        at java.util.concurrent.ThreadPoolExecutor.runWorker(ThreadPoolExecutor.java:1134)
        at java.util.concurrent.ThreadPoolExecutor$Worker.run(ThreadPoolExecutor.java:624)
        at java.lang.Thread.run(Thread.java:748)
"Datanode ReportManager Thread - 3" daemon prio=5 tid=201 in Object.wait()
java.lang.Thread.State: WAITING (on object monitor)
        at sun.misc.Unsafe.park(Native Method)
        at java.util.concurrent.locks.LockSupport.park(LockSupport.java:175)
        at java.util.concurrent.locks.AbstractQueuedSynchronizer$ConditionObject.await(AbstractQueuedSynchronizer.java:2039)
        at java.util.concurrent.ScheduledThreadPoolExecutor$DelayedWorkQueue.take(ScheduledThreadPoolExecutor.java:1088)
        at java.util.concurrent.ScheduledThreadPoolExecutor$DelayedWorkQueue.take(ScheduledThreadPoolExecutor.java:809)
        at java.util.concurrent.ThreadPoolExecutor.getTask(ThreadPoolExecutor.java:1074)
        at java.util.concurrent.ThreadPoolExecutor.runWorker(ThreadPoolExecutor.java:1134)
        at java.util.concurrent.ThreadPoolExecutor$Worker.run(ThreadPoolExecutor.java:624)
        at java.lang.Thread.run(Thread.java:748)
"Thread-1569" daemon prio=5 tid=3228 timed_waiting
java.lang.Thread.State: TIMED_WAITING
        at sun.misc.Unsafe.park(Native Method)
        at java.util.concurrent.locks.LockSupport.parkNanos(LockSupport.java:215)
        at java.util.concurrent.locks.AbstractQueuedSynchronizer$ConditionObject.awaitNanos(AbstractQueuedSynchronizer.java:2078)
        at java.util.concurrent.ArrayBlockingQueue.poll(ArrayBlockingQueue.java:418)
        at org.apache.ratis.server.impl.LeaderState$EventQueue.poll(LeaderState.java:115)
        at org.apache.ratis.server.impl.LeaderState$EventProcessor.run(LeaderState.java:467)
"pool-178-thread-41"  prio=5 tid=2503 in Object.wait()
java.lang.Thread.State: WAITING (on object monitor)
        at sun.misc.Unsafe.park(Native Method)
        at java.util.concurrent.locks.LockSupport.park(LockSupport.java:175)
        at java.util.concurrent.locks.AbstractQueuedSynchronizer$ConditionObject.await(AbstractQueuedSynchronizer.java:2039)
        at java.util.concurrent.ArrayBlockingQueue.take(ArrayBlockingQueue.java:403)
        at java.util.concurrent.ThreadPoolExecutor.getTask(ThreadPoolExecutor.java:1074)
        at java.util.concurrent.ThreadPoolExecutor.runWorker(ThreadPoolExecutor.java:1134)
        at java.util.concurrent.ThreadPoolExecutor$Worker.run(ThreadPoolExecutor.java:624)
        at java.lang.Thread.run(Thread.java:748)
"pool-158-thread-32"  prio=5 tid=2370 in Object.wait()
java.lang.Thread.State: WAITING (on object monitor)
        at sun.misc.Unsafe.park(Native Method)
        at java.util.concurrent.locks.LockSupport.park(LockSupport.java:175)
        at java.util.concurrent.locks.AbstractQueuedSynchronizer$ConditionObject.await(AbstractQueuedSynchronizer.java:2039)
        at java.util.concurrent.ArrayBlockingQueue.take(ArrayBlockingQueue.java:403)
        at java.util.concurrent.ThreadPoolExecutor.getTask(ThreadPoolExecutor.java:1074)
        at java.util.concurrent.ThreadPoolExecutor.runWorker(ThreadPoolExecutor.java:1134)
        at java.util.concurrent.ThreadPoolExecutor$Worker.run(ThreadPoolExecutor.java:624)
        at java.lang.Thread.run(Thread.java:748)
"Datanode State Machine Thread - 0" daemon prio=5 tid=2112 timed_waiting
java.lang.Thread.State: TIMED_WAITING
        at sun.misc.Unsafe.park(Native Method)
        at java.util.concurrent.locks.LockSupport.parkNanos(LockSupport.java:215)
        at java.util.concurrent.SynchronousQueue$TransferStack.awaitFulfill(SynchronousQueue.java:460)
        at java.util.concurrent.SynchronousQueue$TransferStack.transfer(SynchronousQueue.java:362)
        at java.util.concurrent.SynchronousQueue.poll(SynchronousQueue.java:941)
        at java.util.concurrent.ThreadPoolExecutor.getTask(ThreadPoolExecutor.java:1073)
        at java.util.concurrent.ThreadPoolExecutor.runWorker(ThreadPoolExecutor.java:1134)
        at java.util.concurrent.ThreadPoolExecutor$Worker.run(ThreadPoolExecutor.java:624)
        at java.lang.Thread.run(Thread.java:748)
"Datanode ReportManager Thread - 2" daemon prio=5 tid=362 in Object.wait()
java.lang.Thread.State: WAITING (on object monitor)
        at sun.misc.Unsafe.park(Native Method)
        at java.util.concurrent.locks.LockSupport.park(LockSupport.java:175)
        at java.util.concurrent.locks.AbstractQueuedSynchronizer$ConditionObject.await(AbstractQueuedSynchronizer.java:2039)
        at java.util.concurrent.ScheduledThreadPoolExecutor$DelayedWorkQueue.take(ScheduledThreadPoolExecutor.java:1088)
        at java.util.concurrent.ScheduledThreadPoolExecutor$DelayedWorkQueue.take(ScheduledThreadPoolExecutor.java:809)
        at java.util.concurrent.ThreadPoolExecutor.getTask(ThreadPoolExecutor.java:1074)
        at java.util.concurrent.ThreadPoolExecutor.runWorker(ThreadPoolExecutor.java:1134)
        at java.util.concurrent.ThreadPoolExecutor$Worker.run(ThreadPoolExecutor.java:624)
        at java.lang.Thread.run(Thread.java:748)
"pool-158-thread-13"  prio=5 tid=2351 in Object.wait()
java.lang.Thread.State: WAITING (on object monitor)
        at sun.misc.Unsafe.park(Native Method)
        at java.util.concurrent.locks.LockSupport.park(LockSupport.java:175)
        at java.util.concurrent.locks.AbstractQueuedSynchronizer$ConditionObject.await(AbstractQueuedSynchronizer.java:2039)
        at java.util.concurrent.ArrayBlockingQueue.take(ArrayBlockingQueue.java:403)
        at java.util.concurrent.ThreadPoolExecutor.getTask(ThreadPoolExecutor.java:1074)
        at java.util.concurrent.ThreadPoolExecutor.runWorker(ThreadPoolExecutor.java:1134)
        at java.util.concurrent.ThreadPoolExecutor$Worker.run(ThreadPoolExecutor.java:624)
        at java.lang.Thread.run(Thread.java:748)
"IPC Server handler 10 on 35120" daemon prio=5 tid=1899 timed_waiting
java.lang.Thread.State: TIMED_WAITING
        at sun.misc.Unsafe.park(Native Method)
        at java.util.concurrent.locks.LockSupport.parkNanos(LockSupport.java:215)
        at java.util.concurrent.locks.AbstractQueuedSynchronizer$ConditionObject.awaitNanos(AbstractQueuedSynchronizer.java:2078)
        at java.util.concurrent.LinkedBlockingQueue.poll(LinkedBlockingQueue.java:467)
        at org.apache.hadoop.ipc.CallQueueManager.take(CallQueueManager.java:288)
        at org.apache.hadoop.ipc.Server$Handler.run(Server.java:2668)
"PartialTableCache Cleanup Thread - 0" daemon prio=5 tid=3074 in Object.wait()
java.lang.Thread.State: WAITING (on object monitor)
        at sun.misc.Unsafe.park(Native Method)
        at java.util.concurrent.locks.LockSupport.park(LockSupport.java:175)
        at java.util.concurrent.locks.AbstractQueuedSynchronizer$ConditionObject.await(AbstractQueuedSynchronizer.java:2039)
        at java.util.concurrent.LinkedBlockingQueue.take(LinkedBlockingQueue.java:442)
        at java.util.concurrent.ThreadPoolExecutor.getTask(ThreadPoolExecutor.java:1074)
        at java.util.concurrent.ThreadPoolExecutor.runWorker(ThreadPoolExecutor.java:1134)
        at java.util.concurrent.ThreadPoolExecutor$Worker.run(ThreadPoolExecutor.java:624)
        at java.lang.Thread.run(Thread.java:748)
"qtp2010856706-2209" daemon prio=5 tid=2209 timed_waiting
java.lang.Thread.State: TIMED_WAITING
        at sun.misc.Unsafe.park(Native Method)
        at java.util.concurrent.locks.LockSupport.parkNanos(LockSupport.java:215)
        at java.util.concurrent.locks.AbstractQueuedSynchronizer$ConditionObject.awaitNanos(AbstractQueuedSynchronizer.java:2078)
        at org.eclipse.jetty.util.BlockingArrayQueue.poll(BlockingArrayQueue.java:392)
        at org.eclipse.jetty.util.thread.QueuedThreadPool.idleJobPoll(QueuedThreadPool.java:563)
        at org.eclipse.jetty.util.thread.QueuedThreadPool.access$800(QueuedThreadPool.java:48)
        at org.eclipse.jetty.util.thread.QueuedThreadPool$2.run(QueuedThreadPool.java:626)
        at java.lang.Thread.run(Thread.java:748)
"5fe8490f-f805-406a-80e2-fbda1a66b042@group-529DDC391E9C-StateMachineUpdater" daemon prio=5 tid=3137 in Object.wait()
java.lang.Thread.State: WAITING (on object monitor)
        at java.lang.Object.wait(Native Method)
        at java.lang.Object.wait(Object.java:502)
        at org.apache.ratis.server.impl.StateMachineUpdater.waitForCommit(StateMachineUpdater.java:194)
        at org.apache.ratis.server.impl.StateMachineUpdater.run(StateMachineUpdater.java:159)
        at java.lang.Thread.run(Thread.java:748)
"pool-178-thread-12"  prio=5 tid=2474 in Object.wait()
java.lang.Thread.State: WAITING (on object monitor)
        at sun.misc.Unsafe.park(Native Method)
        at java.util.concurrent.locks.LockSupport.park(LockSupport.java:175)
        at java.util.concurrent.locks.AbstractQueuedSynchronizer$ConditionObject.await(AbstractQueuedSynchronizer.java:2039)
        at java.util.concurrent.ArrayBlockingQueue.take(ArrayBlockingQueue.java:403)
        at java.util.concurrent.ThreadPoolExecutor.getTask(ThreadPoolExecutor.java:1074)
        at java.util.concurrent.ThreadPoolExecutor.runWorker(ThreadPoolExecutor.java:1134)
        at java.util.concurrent.ThreadPoolExecutor$Worker.run(ThreadPoolExecutor.java:624)
        at java.lang.Thread.run(Thread.java:748)
"org.eclipse.jetty.server.session.HashSessionManager@9c73fffTimer" daemon prio=5 tid=2129 timed_waiting
java.lang.Thread.State: TIMED_WAITING
        at sun.misc.Unsafe.park(Native Method)
        at java.util.concurrent.locks.LockSupport.parkNanos(LockSupport.java:215)
        at java.util.concurrent.locks.AbstractQueuedSynchronizer$ConditionObject.awaitNanos(AbstractQueuedSynchronizer.java:2078)
        at java.util.concurrent.ScheduledThreadPoolExecutor$DelayedWorkQueue.take(ScheduledThreadPoolExecutor.java:1093)
        at java.util.concurrent.ScheduledThreadPoolExecutor$DelayedWorkQueue.take(ScheduledThreadPoolExecutor.java:809)
        at java.util.concurrent.ThreadPoolExecutor.getTask(ThreadPoolExecutor.java:1074)
        at java.util.concurrent.ThreadPoolExecutor.runWorker(ThreadPoolExecutor.java:1134)
        at java.util.concurrent.ThreadPoolExecutor$Worker.run(ThreadPoolExecutor.java:624)
        at java.lang.Thread.run(Thread.java:748)
"pool-198-thread-56"  prio=5 tid=2642 in Object.wait()
java.lang.Thread.State: WAITING (on object monitor)
        at sun.misc.Unsafe.park(Native Method)
        at java.util.concurrent.locks.LockSupport.park(LockSupport.java:175)
        at java.util.concurrent.locks.AbstractQueuedSynchronizer$ConditionObject.await(AbstractQueuedSynchronizer.java:2039)
        at java.util.concurrent.ArrayBlockingQueue.take(ArrayBlockingQueue.java:403)
        at java.util.concurrent.ThreadPoolExecutor.getTask(ThreadPoolExecutor.java:1074)
        at java.util.concurrent.ThreadPoolExecutor.runWorker(ThreadPoolExecutor.java:1134)
        at java.util.concurrent.ThreadPoolExecutor$Worker.run(ThreadPoolExecutor.java:624)
        at java.lang.Thread.run(Thread.java:748)
"pool-188-thread-48"  prio=5 tid=2572 in Object.wait()
java.lang.Thread.State: WAITING (on object monitor)
        at sun.misc.Unsafe.park(Native Method)
        at java.util.concurrent.locks.LockSupport.park(LockSupport.java:175)
        at java.util.concurrent.locks.AbstractQueuedSynchronizer$ConditionObject.await(AbstractQueuedSynchronizer.java:2039)
        at java.util.concurrent.ArrayBlockingQueue.take(ArrayBlockingQueue.java:403)
        at java.util.concurrent.ThreadPoolExecutor.getTask(ThreadPoolExecutor.java:1074)
        at java.util.concurrent.ThreadPoolExecutor.runWorker(ThreadPoolExecutor.java:1134)
        at java.util.concurrent.ThreadPoolExecutor$Worker.run(ThreadPoolExecutor.java:624)
        at java.lang.Thread.run(Thread.java:748)
"qtp984235065-2045" daemon prio=5 tid=2045 timed_waiting
java.lang.Thread.State: TIMED_WAITING
        at sun.misc.Unsafe.park(Native Method)
        at java.util.concurrent.locks.LockSupport.parkNanos(LockSupport.java:215)
        at java.util.concurrent.locks.AbstractQueuedSynchronizer$ConditionObject.awaitNanos(AbstractQueuedSynchronizer.java:2078)
        at org.eclipse.jetty.util.BlockingArrayQueue.poll(BlockingArrayQueue.java:392)
        at org.eclipse.jetty.util.thread.QueuedThreadPool.idleJobPoll(QueuedThreadPool.java:563)
        at org.eclipse.jetty.util.thread.QueuedThreadPool.access$800(QueuedThreadPool.java:48)
        at org.eclipse.jetty.util.thread.QueuedThreadPool$2.run(QueuedThreadPool.java:626)
        at java.lang.Thread.run(Thread.java:748)
"pool-168-thread-59"  prio=5 tid=2459 in Object.wait()
java.lang.Thread.State: WAITING (on object monitor)
        at sun.misc.Unsafe.park(Native Method)
        at java.util.concurrent.locks.LockSupport.park(LockSupport.java:175)
        at java.util.concurrent.locks.AbstractQueuedSynchronizer$ConditionObject.await(AbstractQueuedSynchronizer.java:2039)
        at java.util.concurrent.ArrayBlockingQueue.take(ArrayBlockingQueue.java:403)
        at java.util.concurrent.ThreadPoolExecutor.getTask(ThreadPoolExecutor.java:1074)
        at java.util.concurrent.ThreadPoolExecutor.runWorker(ThreadPoolExecutor.java:1134)
        at java.util.concurrent.ThreadPoolExecutor$Worker.run(ThreadPoolExecutor.java:624)
        at java.lang.Thread.run(Thread.java:748)
"IPC Server handler 8 on 35120" daemon prio=5 tid=1897 timed_waiting
java.lang.Thread.State: TIMED_WAITING
        at sun.misc.Unsafe.park(Native Method)
        at java.util.concurrent.locks.LockSupport.parkNanos(LockSupport.java:215)
        at java.util.concurrent.locks.AbstractQueuedSynchronizer$ConditionObject.awaitNanos(AbstractQueuedSynchronizer.java:2078)
        at java.util.concurrent.LinkedBlockingQueue.poll(LinkedBlockingQueue.java:467)
        at org.apache.hadoop.ipc.CallQueueManager.take(CallQueueManager.java:288)
        at org.apache.hadoop.ipc.Server$Handler.run(Server.java:2668)
"pool-208-thread-6"  prio=5 tid=2654 in Object.wait()
java.lang.Thread.State: WAITING (on object monitor)
        at sun.misc.Unsafe.park(Native Method)
        at java.util.concurrent.locks.LockSupport.park(LockSupport.java:175)
        at java.util.concurrent.locks.AbstractQueuedSynchronizer$ConditionObject.await(AbstractQueuedSynchronizer.java:2039)
        at java.util.concurrent.ArrayBlockingQueue.take(ArrayBlockingQueue.java:403)
        at java.util.concurrent.ThreadPoolExecutor.getTask(ThreadPoolExecutor.java:1074)
        at java.util.concurrent.ThreadPoolExecutor.runWorker(ThreadPoolExecutor.java:1134)
        at java.util.concurrent.ThreadPoolExecutor$Worker.run(ThreadPoolExecutor.java:624)
        at java.lang.Thread.run(Thread.java:748)
"grpc-default-executor-3" daemon prio=5 tid=1174 timed_waiting
java.lang.Thread.State: TIMED_WAITING
        at sun.misc.Unsafe.park(Native Method)
        at java.util.concurrent.locks.LockSupport.parkNanos(LockSupport.java:215)
        at java.util.concurrent.SynchronousQueue$TransferStack.awaitFulfill(SynchronousQueue.java:460)
        at java.util.concurrent.SynchronousQueue$TransferStack.transfer(SynchronousQueue.java:362)
        at java.util.concurrent.SynchronousQueue.poll(SynchronousQueue.java:941)
        at java.util.concurrent.ThreadPoolExecutor.getTask(ThreadPoolExecutor.java:1073)
        at java.util.concurrent.ThreadPoolExecutor.runWorker(ThreadPoolExecutor.java:1134)
        at java.util.concurrent.ThreadPoolExecutor$Worker.run(ThreadPoolExecutor.java:624)
        at java.lang.Thread.run(Thread.java:748)
"pool-198-thread-22"  prio=5 tid=2608 in Object.wait()
java.lang.Thread.State: WAITING (on object monitor)
        at sun.misc.Unsafe.park(Native Method)
        at java.util.concurrent.locks.LockSupport.park(LockSupport.java:175)
        at java.util.concurrent.locks.AbstractQueuedSynchronizer$ConditionObject.await(AbstractQueuedSynchronizer.java:2039)
        at java.util.concurrent.ArrayBlockingQueue.take(ArrayBlockingQueue.java:403)
        at java.util.concurrent.ThreadPoolExecutor.getTask(ThreadPoolExecutor.java:1074)
        at java.util.concurrent.ThreadPoolExecutor.runWorker(ThreadPoolExecutor.java:1134)
        at java.util.concurrent.ThreadPoolExecutor$Worker.run(ThreadPoolExecutor.java:624)
        at java.lang.Thread.run(Thread.java:748)
"qtp984235065-2046" daemon prio=5 tid=2046 timed_waiting
java.lang.Thread.State: TIMED_WAITING
        at sun.misc.Unsafe.park(Native Method)
        at java.util.concurrent.locks.LockSupport.parkNanos(LockSupport.java:215)
        at java.util.concurrent.locks.AbstractQueuedSynchronizer$ConditionObject.awaitNanos(AbstractQueuedSynchronizer.java:2078)
        at org.eclipse.jetty.util.BlockingArrayQueue.poll(BlockingArrayQueue.java:392)
        at org.eclipse.jetty.util.thread.QueuedThreadPool.idleJobPoll(QueuedThreadPool.java:563)
        at org.eclipse.jetty.util.thread.QueuedThreadPool.access$800(QueuedThreadPool.java:48)
        at org.eclipse.jetty.util.thread.QueuedThreadPool$2.run(QueuedThreadPool.java:626)
        at java.lang.Thread.run(Thread.java:748)
"PartialTableCache Cleanup Thread - 0" daemon prio=5 tid=1336 in Object.wait()
java.lang.Thread.State: WAITING (on object monitor)
        at sun.misc.Unsafe.park(Native Method)
        at java.util.concurrent.locks.LockSupport.park(LockSupport.java:175)
        at java.util.concurrent.locks.AbstractQueuedSynchronizer$ConditionObject.await(AbstractQueuedSynchronizer.java:2039)
        at java.util.concurrent.LinkedBlockingQueue.take(LinkedBlockingQueue.java:442)
        at java.util.concurrent.ThreadPoolExecutor.getTask(ThreadPoolExecutor.java:1074)
        at java.util.concurrent.ThreadPoolExecutor.runWorker(ThreadPoolExecutor.java:1134)
        at java.util.concurrent.ThreadPoolExecutor$Worker.run(ThreadPoolExecutor.java:624)
        at java.lang.Thread.run(Thread.java:748)
"pool-228-thread-12"  prio=5 tid=2784 in Object.wait()
java.lang.Thread.State: WAITING (on object monitor)
        at sun.misc.Unsafe.park(Native Method)
        at java.util.concurrent.locks.LockSupport.park(LockSupport.java:175)
        at java.util.concurrent.locks.AbstractQueuedSynchronizer$ConditionObject.await(AbstractQueuedSynchronizer.java:2039)
        at java.util.concurrent.ArrayBlockingQueue.take(ArrayBlockingQueue.java:403)
        at java.util.concurrent.ThreadPoolExecutor.getTask(ThreadPoolExecutor.java:1074)
        at java.util.concurrent.ThreadPoolExecutor.runWorker(ThreadPoolExecutor.java:1134)
        at java.util.concurrent.ThreadPoolExecutor$Worker.run(ThreadPoolExecutor.java:624)
        at java.lang.Thread.run(Thread.java:748)
"pool-198-thread-31"  prio=5 tid=2617 in Object.wait()
java.lang.Thread.State: WAITING (on object monitor)
        at sun.misc.Unsafe.park(Native Method)
        at java.util.concurrent.locks.LockSupport.park(LockSupport.java:175)
        at java.util.concurrent.locks.AbstractQueuedSynchronizer$ConditionObject.await(AbstractQueuedSynchronizer.java:2039)
        at java.util.concurrent.ArrayBlockingQueue.take(ArrayBlockingQueue.java:403)
        at java.util.concurrent.ThreadPoolExecutor.getTask(ThreadPoolExecutor.java:1074)
        at java.util.concurrent.ThreadPoolExecutor.runWorker(ThreadPoolExecutor.java:1134)
        at java.util.concurrent.ThreadPoolExecutor$Worker.run(ThreadPoolExecutor.java:624)
        at java.lang.Thread.run(Thread.java:748)
"pool-208-thread-14"  prio=5 tid=2662 in Object.wait()
java.lang.Thread.State: WAITING (on object monitor)
        at sun.misc.Unsafe.park(Native Method)
        at java.util.concurrent.locks.LockSupport.park(LockSupport.java:175)
        at java.util.concurrent.locks.AbstractQueuedSynchronizer$ConditionObject.await(AbstractQueuedSynchronizer.java:2039)
        at java.util.concurrent.ArrayBlockingQueue.take(ArrayBlockingQueue.java:403)
        at java.util.concurrent.ThreadPoolExecutor.getTask(ThreadPoolExecutor.java:1074)
        at java.util.concurrent.ThreadPoolExecutor.runWorker(ThreadPoolExecutor.java:1134)
        at java.util.concurrent.ThreadPoolExecutor$Worker.run(ThreadPoolExecutor.java:624)
        at java.lang.Thread.run(Thread.java:748)
"pool-228-thread-45"  prio=5 tid=2817 in Object.wait()
java.lang.Thread.State: WAITING (on object monitor)
        at sun.misc.Unsafe.park(Native Method)
        at java.util.concurrent.locks.LockSupport.park(LockSupport.java:175)
        at java.util.concurrent.locks.AbstractQueuedSynchronizer$ConditionObject.await(AbstractQueuedSynchronizer.java:2039)
        at java.util.concurrent.ArrayBlockingQueue.take(ArrayBlockingQueue.java:403)
        at java.util.concurrent.ThreadPoolExecutor.getTask(ThreadPoolExecutor.java:1074)
        at java.util.concurrent.ThreadPoolExecutor.runWorker(ThreadPoolExecutor.java:1134)
        at java.util.concurrent.ThreadPoolExecutor$Worker.run(ThreadPoolExecutor.java:624)
        at java.lang.Thread.run(Thread.java:748)
"org.eclipse.jetty.server.session.HashSessionManager@233db8e9Timer" daemon prio=5 tid=2104 timed_waiting
java.lang.Thread.State: TIMED_WAITING
        at sun.misc.Unsafe.park(Native Method)
        at java.util.concurrent.locks.LockSupport.parkNanos(LockSupport.java:215)
        at java.util.concurrent.locks.AbstractQueuedSynchronizer$ConditionObject.awaitNanos(AbstractQueuedSynchronizer.java:2078)
        at java.util.concurrent.ScheduledThreadPoolExecutor$DelayedWorkQueue.take(ScheduledThreadPoolExecutor.java:1093)
        at java.util.concurrent.ScheduledThreadPoolExecutor$DelayedWorkQueue.take(ScheduledThreadPoolExecutor.java:809)
        at java.util.concurrent.ThreadPoolExecutor.getTask(ThreadPoolExecutor.java:1074)
        at java.util.concurrent.ThreadPoolExecutor.runWorker(ThreadPoolExecutor.java:1134)
        at java.util.concurrent.ThreadPoolExecutor$Worker.run(ThreadPoolExecutor.java:624)
        at java.lang.Thread.run(Thread.java:748)
"pool-238-thread-39"  prio=5 tid=2873 in Object.wait()
java.lang.Thread.State: WAITING (on object monitor)
        at sun.misc.Unsafe.park(Native Method)
        at java.util.concurrent.locks.LockSupport.park(LockSupport.java:175)
        at java.util.concurrent.locks.AbstractQueuedSynchronizer$ConditionObject.await(AbstractQueuedSynchronizer.java:2039)
        at java.util.concurrent.ArrayBlockingQueue.take(ArrayBlockingQueue.java:403)
        at java.util.concurrent.ThreadPoolExecutor.getTask(ThreadPoolExecutor.java:1074)
        at java.util.concurrent.ThreadPoolExecutor.runWorker(ThreadPoolExecutor.java:1134)
        at java.util.concurrent.ThreadPoolExecutor$Worker.run(ThreadPoolExecutor.java:624)
        at java.lang.Thread.run(Thread.java:748)
"pool-188-thread-5"  prio=5 tid=2529 in Object.wait()
java.lang.Thread.State: WAITING (on object monitor)
        at sun.misc.Unsafe.park(Native Method)
        at java.util.concurrent.locks.LockSupport.park(LockSupport.java:175)
        at java.util.concurrent.locks.AbstractQueuedSynchronizer$ConditionObject.await(AbstractQueuedSynchronizer.java:2039)
        at java.util.concurrent.ArrayBlockingQueue.take(ArrayBlockingQueue.java:403)
        at java.util.concurrent.ThreadPoolExecutor.getTask(ThreadPoolExecutor.java:1074)
        at java.util.concurrent.ThreadPoolExecutor.runWorker(ThreadPoolExecutor.java:1134)
        at java.util.concurrent.ThreadPoolExecutor$Worker.run(ThreadPoolExecutor.java:624)
        at java.lang.Thread.run(Thread.java:748)
"pool-228-thread-4"  prio=5 tid=2776 in Object.wait()
java.lang.Thread.State: WAITING (on object monitor)
        at sun.misc.Unsafe.park(Native Method)
        at java.util.concurrent.locks.LockSupport.park(LockSupport.java:175)
        at java.util.concurrent.locks.AbstractQueuedSynchronizer$ConditionObject.await(AbstractQueuedSynchronizer.java:2039)
        at java.util.concurrent.ArrayBlockingQueue.take(ArrayBlockingQueue.java:403)
        at java.util.concurrent.ThreadPoolExecutor.getTask(ThreadPoolExecutor.java:1074)
        at java.util.concurrent.ThreadPoolExecutor.runWorker(ThreadPoolExecutor.java:1134)
        at java.util.concurrent.ThreadPoolExecutor$Worker.run(ThreadPoolExecutor.java:624)
        at java.lang.Thread.run(Thread.java:748)
"pool-168-thread-7"  prio=5 tid=2407 in Object.wait()
java.lang.Thread.State: WAITING (on object monitor)
        at sun.misc.Unsafe.park(Native Method)
        at java.util.concurrent.locks.LockSupport.park(LockSupport.java:175)
        at java.util.concurrent.locks.AbstractQueuedSynchronizer$ConditionObject.await(AbstractQueuedSynchronizer.java:2039)
        at java.util.concurrent.ArrayBlockingQueue.take(ArrayBlockingQueue.java:403)
        at java.util.concurrent.ThreadPoolExecutor.getTask(ThreadPoolExecutor.java:1074)
        at java.util.concurrent.ThreadPoolExecutor.runWorker(ThreadPoolExecutor.java:1134)
        at java.util.concurrent.ThreadPoolExecutor$Worker.run(ThreadPoolExecutor.java:624)
        at java.lang.Thread.run(Thread.java:748)
"Datanode ReportManager Thread - 0" daemon prio=5 tid=2106 in Object.wait()
java.lang.Thread.State: WAITING (on object monitor)
        at sun.misc.Unsafe.park(Native Method)
        at java.util.concurrent.locks.LockSupport.park(LockSupport.java:175)
        at java.util.concurrent.locks.AbstractQueuedSynchronizer$ConditionObject.await(AbstractQueuedSynchronizer.java:2039)
        at java.util.concurrent.ScheduledThreadPoolExecutor$DelayedWorkQueue.take(ScheduledThreadPoolExecutor.java:1088)
        at java.util.concurrent.ScheduledThreadPoolExecutor$DelayedWorkQueue.take(ScheduledThreadPoolExecutor.java:809)
        at java.util.concurrent.ThreadPoolExecutor.getTask(ThreadPoolExecutor.java:1074)
        at java.util.concurrent.ThreadPoolExecutor.runWorker(ThreadPoolExecutor.java:1134)
        at java.util.concurrent.ThreadPoolExecutor$Worker.run(ThreadPoolExecutor.java:624)
        at java.lang.Thread.run(Thread.java:748)
"Timer for 'StorageContainerManager' metrics system" daemon prio=5 tid=1887 timed_waiting
java.lang.Thread.State: TIMED_WAITING
        at java.lang.Object.wait(Native Method)
        at java.util.TimerThread.mainLoop(Timer.java:552)
        at java.util.TimerThread.run(Timer.java:505)
"0bfc3546-5406-43b9-8d67-9a12bf5503d8@group-7EAD115034F9-StateMachineUpdater" daemon prio=5 tid=3169 in Object.wait()
java.lang.Thread.State: WAITING (on object monitor)
        at java.lang.Object.wait(Native Method)
        at java.lang.Object.wait(Object.java:502)
        at org.apache.ratis.server.impl.StateMachineUpdater.waitForCommit(StateMachineUpdater.java:194)
        at org.apache.ratis.server.impl.StateMachineUpdater.run(StateMachineUpdater.java:159)
        at java.lang.Thread.run(Thread.java:748)
"PartialTableCache Cleanup Thread - 0" daemon prio=5 tid=1339 in Object.wait()
java.lang.Thread.State: WAITING (on object monitor)
        at sun.misc.Unsafe.park(Native Method)
        at java.util.concurrent.locks.LockSupport.park(LockSupport.java:175)
        at java.util.concurrent.locks.AbstractQueuedSynchronizer$ConditionObject.await(AbstractQueuedSynchronizer.java:2039)
        at java.util.concurrent.LinkedBlockingQueue.take(LinkedBlockingQueue.java:442)
        at java.util.concurrent.ThreadPoolExecutor.getTask(ThreadPoolExecutor.java:1074)
        at java.util.concurrent.ThreadPoolExecutor.runWorker(ThreadPoolExecutor.java:1134)
        at java.util.concurrent.ThreadPoolExecutor$Worker.run(ThreadPoolExecutor.java:624)
        at java.lang.Thread.run(Thread.java:748)
"pool-148-thread-6"  prio=5 tid=2281 in Object.wait()
java.lang.Thread.State: WAITING (on object monitor)
        at sun.misc.Unsafe.park(Native Method)
        at java.util.concurrent.locks.LockSupport.park(LockSupport.java:175)
        at java.util.concurrent.locks.AbstractQueuedSynchronizer$ConditionObject.await(AbstractQueuedSynchronizer.java:2039)
        at java.util.concurrent.ArrayBlockingQueue.take(ArrayBlockingQueue.java:403)
        at java.util.concurrent.ThreadPoolExecutor.getTask(ThreadPoolExecutor.java:1074)
        at java.util.concurrent.ThreadPoolExecutor.runWorker(ThreadPoolExecutor.java:1134)
        at java.util.concurrent.ThreadPoolExecutor$Worker.run(ThreadPoolExecutor.java:624)
        at java.lang.Thread.run(Thread.java:748)
"Datanode ReportManager Thread - 3" daemon prio=5 tid=2136 in Object.wait()
java.lang.Thread.State: WAITING (on object monitor)
        at sun.misc.Unsafe.park(Native Method)
        at java.util.concurrent.locks.LockSupport.park(LockSupport.java:175)
        at java.util.concurrent.locks.AbstractQueuedSynchronizer$ConditionObject.await(AbstractQueuedSynchronizer.java:2039)
        at java.util.concurrent.ScheduledThreadPoolExecutor$DelayedWorkQueue.take(ScheduledThreadPoolExecutor.java:1088)
        at java.util.concurrent.ScheduledThreadPoolExecutor$DelayedWorkQueue.take(ScheduledThreadPoolExecutor.java:809)
        at java.util.concurrent.ThreadPoolExecutor.getTask(ThreadPoolExecutor.java:1074)
        at java.util.concurrent.ThreadPoolExecutor.runWorker(ThreadPoolExecutor.java:1134)
        at java.util.concurrent.ThreadPoolExecutor$Worker.run(ThreadPoolExecutor.java:624)
        at java.lang.Thread.run(Thread.java:748)
"Thread-1373" daemon prio=5 tid=3001 timed_waiting
java.lang.Thread.State: TIMED_WAITING
        at sun.misc.Unsafe.park(Native Method)
        at java.util.concurrent.locks.LockSupport.parkNanos(LockSupport.java:215)
        at java.util.concurrent.locks.AbstractQueuedSynchronizer$ConditionObject.awaitNanos(AbstractQueuedSynchronizer.java:2078)
        at java.util.concurrent.ArrayBlockingQueue.poll(ArrayBlockingQueue.java:418)
        at org.apache.ratis.server.impl.LeaderState$EventQueue.poll(LeaderState.java:115)
        at org.apache.ratis.server.impl.LeaderState$EventProcessor.run(LeaderState.java:467)
"pool-178-thread-3"  prio=5 tid=2465 in Object.wait()
java.lang.Thread.State: WAITING (on object monitor)
        at sun.misc.Unsafe.park(Native Method)
        at java.util.concurrent.locks.LockSupport.park(LockSupport.java:175)
        at java.util.concurrent.locks.AbstractQueuedSynchronizer$ConditionObject.await(AbstractQueuedSynchronizer.java:2039)
        at java.util.concurrent.ArrayBlockingQueue.take(ArrayBlockingQueue.java:403)
        at java.util.concurrent.ThreadPoolExecutor.getTask(ThreadPoolExecutor.java:1074)
        at java.util.concurrent.ThreadPoolExecutor.runWorker(ThreadPoolExecutor.java:1134)
        at java.util.concurrent.ThreadPoolExecutor$Worker.run(ThreadPoolExecutor.java:624)
        at java.lang.Thread.run(Thread.java:748)
"pool-208-thread-17"  prio=5 tid=2665 in Object.wait()
java.lang.Thread.State: WAITING (on object monitor)
        at sun.misc.Unsafe.park(Native Method)
        at java.util.concurrent.locks.LockSupport.park(LockSupport.java:175)
        at java.util.concurrent.locks.AbstractQueuedSynchronizer$ConditionObject.await(AbstractQueuedSynchronizer.java:2039)
        at java.util.concurrent.ArrayBlockingQueue.take(ArrayBlockingQueue.java:403)
        at java.util.concurrent.ThreadPoolExecutor.getTask(ThreadPoolExecutor.java:1074)
        at java.util.concurrent.ThreadPoolExecutor.runWorker(ThreadPoolExecutor.java:1134)
        at java.util.concurrent.ThreadPoolExecutor$Worker.run(ThreadPoolExecutor.java:624)
        at java.lang.Thread.run(Thread.java:748)
"pool-168-thread-25"  prio=5 tid=2425 in Object.wait()
java.lang.Thread.State: WAITING (on object monitor)
        at sun.misc.Unsafe.park(Native Method)
        at java.util.concurrent.locks.LockSupport.park(LockSupport.java:175)
        at java.util.concurrent.locks.AbstractQueuedSynchronizer$ConditionObject.await(AbstractQueuedSynchronizer.java:2039)
        at java.util.concurrent.ArrayBlockingQueue.take(ArrayBlockingQueue.java:403)
        at java.util.concurrent.ThreadPoolExecutor.getTask(ThreadPoolExecutor.java:1074)
        at java.util.concurrent.ThreadPoolExecutor.runWorker(ThreadPoolExecutor.java:1134)
        at java.util.concurrent.ThreadPoolExecutor$Worker.run(ThreadPoolExecutor.java:624)
        at java.lang.Thread.run(Thread.java:748)
"pool-218-thread-41"  prio=5 tid=2751 in Object.wait()
java.lang.Thread.State: WAITING (on object monitor)
        at sun.misc.Unsafe.park(Native Method)
        at java.util.concurrent.locks.LockSupport.park(LockSupport.java:175)
        at java.util.concurrent.locks.AbstractQueuedSynchronizer$ConditionObject.await(AbstractQueuedSynchronizer.java:2039)
        at java.util.concurrent.ArrayBlockingQueue.take(ArrayBlockingQueue.java:403)
        at java.util.concurrent.ThreadPoolExecutor.getTask(ThreadPoolExecutor.java:1074)
        at java.util.concurrent.ThreadPoolExecutor.runWorker(ThreadPoolExecutor.java:1134)
        at java.util.concurrent.ThreadPoolExecutor$Worker.run(ThreadPoolExecutor.java:624)
        at java.lang.Thread.run(Thread.java:748)
"pool-208-thread-29"  prio=5 tid=2677 in Object.wait()
java.lang.Thread.State: WAITING (on object monitor)
        at sun.misc.Unsafe.park(Native Method)
        at java.util.concurrent.locks.LockSupport.park(LockSupport.java:175)
        at java.util.concurrent.locks.AbstractQueuedSynchronizer$ConditionObject.await(AbstractQueuedSynchronizer.java:2039)
        at java.util.concurrent.ArrayBlockingQueue.take(ArrayBlockingQueue.java:403)
        at java.util.concurrent.ThreadPoolExecutor.getTask(ThreadPoolExecutor.java:1074)
        at java.util.concurrent.ThreadPoolExecutor.runWorker(ThreadPoolExecutor.java:1134)
        at java.util.concurrent.ThreadPoolExecutor$Worker.run(ThreadPoolExecutor.java:624)
        at java.lang.Thread.run(Thread.java:748)
"pool-228-thread-21"  prio=5 tid=2793 in Object.wait()
java.lang.Thread.State: WAITING (on object monitor)
        at sun.misc.Unsafe.park(Native Method)
        at java.util.concurrent.locks.LockSupport.park(LockSupport.java:175)
        at java.util.concurrent.locks.AbstractQueuedSynchronizer$ConditionObject.await(AbstractQueuedSynchronizer.java:2039)
        at java.util.concurrent.ArrayBlockingQueue.take(ArrayBlockingQueue.java:403)
        at java.util.concurrent.ThreadPoolExecutor.getTask(ThreadPoolExecutor.java:1074)
        at java.util.concurrent.ThreadPoolExecutor.runWorker(ThreadPoolExecutor.java:1134)
        at java.util.concurrent.ThreadPoolExecutor$Worker.run(ThreadPoolExecutor.java:624)
        at java.lang.Thread.run(Thread.java:748)
"pool-168-thread-43"  prio=5 tid=2443 in Object.wait()
java.lang.Thread.State: WAITING (on object monitor)
        at sun.misc.Unsafe.park(Native Method)
        at java.util.concurrent.locks.LockSupport.park(LockSupport.java:175)
        at java.util.concurrent.locks.AbstractQueuedSynchronizer$ConditionObject.await(AbstractQueuedSynchronizer.java:2039)
        at java.util.concurrent.ArrayBlockingQueue.take(ArrayBlockingQueue.java:403)
        at java.util.concurrent.ThreadPoolExecutor.getTask(ThreadPoolExecutor.java:1074)
        at java.util.concurrent.ThreadPoolExecutor.runWorker(ThreadPoolExecutor.java:1134)
        at java.util.concurrent.ThreadPoolExecutor$Worker.run(ThreadPoolExecutor.java:624)
        at java.lang.Thread.run(Thread.java:748)
"Datanode ReportManager Thread - 1" daemon prio=5 tid=2269 in Object.wait()
java.lang.Thread.State: WAITING (on object monitor)
        at sun.misc.Unsafe.park(Native Method)
        at java.util.concurrent.locks.LockSupport.park(LockSupport.java:175)
        at java.util.concurrent.locks.AbstractQueuedSynchronizer$ConditionObject.await(AbstractQueuedSynchronizer.java:2039)
        at java.util.concurrent.ScheduledThreadPoolExecutor$DelayedWorkQueue.take(ScheduledThreadPoolExecutor.java:1088)
        at java.util.concurrent.ScheduledThreadPoolExecutor$DelayedWorkQueue.take(ScheduledThreadPoolExecutor.java:809)
        at java.util.concurrent.ThreadPoolExecutor.getTask(ThreadPoolExecutor.java:1074)
        at java.util.concurrent.ThreadPoolExecutor.runWorker(ThreadPoolExecutor.java:1134)
        at java.util.concurrent.ThreadPoolExecutor$Worker.run(ThreadPoolExecutor.java:624)
        at java.lang.Thread.run(Thread.java:748)
"pool-198-thread-17"  prio=5 tid=2603 in Object.wait()
java.lang.Thread.State: WAITING (on object monitor)
        at sun.misc.Unsafe.park(Native Method)
        at java.util.concurrent.locks.LockSupport.park(LockSupport.java:175)
        at java.util.concurrent.locks.AbstractQueuedSynchronizer$ConditionObject.await(AbstractQueuedSynchronizer.java:2039)
        at java.util.concurrent.ArrayBlockingQueue.take(ArrayBlockingQueue.java:403)
        at java.util.concurrent.ThreadPoolExecutor.getTask(ThreadPoolExecutor.java:1074)
        at java.util.concurrent.ThreadPoolExecutor.runWorker(ThreadPoolExecutor.java:1134)
        at java.util.concurrent.ThreadPoolExecutor$Worker.run(ThreadPoolExecutor.java:624)
        at java.lang.Thread.run(Thread.java:748)
"pool-228-thread-42"  prio=5 tid=2814 in Object.wait()
java.lang.Thread.State: WAITING (on object monitor)
        at sun.misc.Unsafe.park(Native Method)
        at java.util.concurrent.locks.LockSupport.park(LockSupport.java:175)
        at java.util.concurrent.locks.AbstractQueuedSynchronizer$ConditionObject.await(AbstractQueuedSynchronizer.java:2039)
        at java.util.concurrent.ArrayBlockingQueue.take(ArrayBlockingQueue.java:403)
        at java.util.concurrent.ThreadPoolExecutor.getTask(ThreadPoolExecutor.java:1074)
        at java.util.concurrent.ThreadPoolExecutor.runWorker(ThreadPoolExecutor.java:1134)
        at java.util.concurrent.ThreadPoolExecutor$Worker.run(ThreadPoolExecutor.java:624)
        at java.lang.Thread.run(Thread.java:748)
"pool-218-thread-13"  prio=5 tid=2723 in Object.wait()
java.lang.Thread.State: WAITING (on object monitor)
        at sun.misc.Unsafe.park(Native Method)
        at java.util.concurrent.locks.LockSupport.park(LockSupport.java:175)
        at java.util.concurrent.locks.AbstractQueuedSynchronizer$ConditionObject.await(AbstractQueuedSynchronizer.java:2039)
        at java.util.concurrent.ArrayBlockingQueue.take(ArrayBlockingQueue.java:403)
        at java.util.concurrent.ThreadPoolExecutor.getTask(ThreadPoolExecutor.java:1074)
        at java.util.concurrent.ThreadPoolExecutor.runWorker(ThreadPoolExecutor.java:1134)
        at java.util.concurrent.ThreadPoolExecutor$Worker.run(ThreadPoolExecutor.java:624)
        at java.lang.Thread.run(Thread.java:748)
"eccb109f-99d1-4501-bb16-6ecf49b3cdca@group-529DDC391E9C-SegmentedRaftLogWorker"  prio=5 tid=3130 timed_waiting
java.lang.Thread.State: TIMED_WAITING
        at sun.misc.Unsafe.park(Native Method)
        at java.util.concurrent.locks.LockSupport.parkNanos(LockSupport.java:215)
        at java.util.concurrent.locks.AbstractQueuedSynchronizer$ConditionObject.awaitNanos(AbstractQueuedSynchronizer.java:2078)
        at org.apache.ratis.util.DataBlockingQueue.poll(DataBlockingQueue.java:137)
        at org.apache.ratis.server.raftlog.segmented.SegmentedRaftLogWorker.run(SegmentedRaftLogWorker.java:282)
        at java.lang.Thread.run(Thread.java:748)
"qtp270313690-2121" daemon prio=5 tid=2121 runnable
java.lang.Thread.State: RUNNABLE
        at sun.nio.ch.EPollArrayWrapper.epollWait(Native Method)
        at sun.nio.ch.EPollArrayWrapper.poll(EPollArrayWrapper.java:269)
        at sun.nio.ch.EPollSelectorImpl.doSelect(EPollSelectorImpl.java:93)
        at sun.nio.ch.SelectorImpl.lockAndDoSelect(SelectorImpl.java:86)
        at sun.nio.ch.SelectorImpl.select(SelectorImpl.java:97)
        at sun.nio.ch.SelectorImpl.select(SelectorImpl.java:101)
        at org.eclipse.jetty.io.ManagedSelector$SelectorProducer.select(ManagedSelector.java:243)
        at org.eclipse.jetty.io.ManagedSelector$SelectorProducer.produce(ManagedSelector.java:191)
        at org.eclipse.jetty.util.thread.strategy.ExecuteProduceConsume.executeProduceConsume(ExecuteProduceConsume.java:249)
        at org.eclipse.jetty.util.thread.strategy.ExecuteProduceConsume.produceConsume(ExecuteProduceConsume.java:148)
        at org.eclipse.jetty.util.thread.strategy.ExecuteProduceConsume.execute(ExecuteProduceConsume.java:100)
        at org.eclipse.jetty.io.ManagedSelector.run(ManagedSelector.java:147)
        at org.eclipse.jetty.util.thread.QueuedThreadPool.runJob(QueuedThreadPool.java:671)
        at org.eclipse.jetty.util.thread.QueuedThreadPool$2.run(QueuedThreadPool.java:589)
        at java.lang.Thread.run(Thread.java:748)
"pool-130-thread-1"  prio=5 tid=1886 timed_waiting
java.lang.Thread.State: TIMED_WAITING
        at sun.misc.Unsafe.park(Native Method)
        at java.util.concurrent.locks.LockSupport.parkNanos(LockSupport.java:215)
        at java.util.concurrent.locks.AbstractQueuedSynchronizer$ConditionObject.awaitNanos(AbstractQueuedSynchronizer.java:2078)
        at java.util.concurrent.ScheduledThreadPoolExecutor$DelayedWorkQueue.take(ScheduledThreadPoolExecutor.java:1093)
        at java.util.concurrent.ScheduledThreadPoolExecutor$DelayedWorkQueue.take(ScheduledThreadPoolExecutor.java:809)
        at java.util.concurrent.ThreadPoolExecutor.getTask(ThreadPoolExecutor.java:1074)
        at java.util.concurrent.ThreadPoolExecutor.runWorker(ThreadPoolExecutor.java:1134)
        at java.util.concurrent.ThreadPoolExecutor$Worker.run(ThreadPoolExecutor.java:624)
        at java.lang.Thread.run(Thread.java:748)
"IPC Server listener on 45410" daemon prio=5 tid=1965 runnable
java.lang.Thread.State: RUNNABLE
        at sun.nio.ch.EPollArrayWrapper.epollWait(Native Method)
        at sun.nio.ch.EPollArrayWrapper.poll(EPollArrayWrapper.java:269)
        at sun.nio.ch.EPollSelectorImpl.doSelect(EPollSelectorImpl.java:93)
        at sun.nio.ch.SelectorImpl.lockAndDoSelect(SelectorImpl.java:86)
        at sun.nio.ch.SelectorImpl.select(SelectorImpl.java:97)
        at sun.nio.ch.SelectorImpl.select(SelectorImpl.java:101)
        at org.apache.hadoop.ipc.Server$Listener.run(Server.java:1159)
"pool-148-thread-40"  prio=5 tid=2315 in Object.wait()
java.lang.Thread.State: WAITING (on object monitor)
        at sun.misc.Unsafe.park(Native Method)
        at java.util.concurrent.locks.LockSupport.park(LockSupport.java:175)
        at java.util.concurrent.locks.AbstractQueuedSynchronizer$ConditionObject.await(AbstractQueuedSynchronizer.java:2039)
        at java.util.concurrent.ArrayBlockingQueue.take(ArrayBlockingQueue.java:403)
        at java.util.concurrent.ThreadPoolExecutor.getTask(ThreadPoolExecutor.java:1074)
        at java.util.concurrent.ThreadPoolExecutor.runWorker(ThreadPoolExecutor.java:1134)
        at java.util.concurrent.ThreadPoolExecutor$Worker.run(ThreadPoolExecutor.java:624)
        at java.lang.Thread.run(Thread.java:748)
"pool-158-thread-19"  prio=5 tid=2357 in Object.wait()
java.lang.Thread.State: WAITING (on object monitor)
        at sun.misc.Unsafe.park(Native Method)
        at java.util.concurrent.locks.LockSupport.park(LockSupport.java:175)
        at java.util.concurrent.locks.AbstractQueuedSynchronizer$ConditionObject.await(AbstractQueuedSynchronizer.java:2039)
        at java.util.concurrent.ArrayBlockingQueue.take(ArrayBlockingQueue.java:403)
        at java.util.concurrent.ThreadPoolExecutor.getTask(ThreadPoolExecutor.java:1074)
        at java.util.concurrent.ThreadPoolExecutor.runWorker(ThreadPoolExecutor.java:1134)
        at java.util.concurrent.ThreadPoolExecutor$Worker.run(ThreadPoolExecutor.java:624)
        at java.lang.Thread.run(Thread.java:748)
"EventQueue-CloseContainerForCloseContainerEventHandler"  prio=5 tid=3108 in Object.wait()
java.lang.Thread.State: WAITING (on object monitor)
        at sun.misc.Unsafe.park(Native Method)
        at java.util.concurrent.locks.LockSupport.park(LockSupport.java:175)
        at java.util.concurrent.locks.AbstractQueuedSynchronizer$ConditionObject.await(AbstractQueuedSynchronizer.java:2039)
        at java.util.concurrent.LinkedBlockingQueue.take(LinkedBlockingQueue.java:442)
        at java.util.concurrent.ThreadPoolExecutor.getTask(ThreadPoolExecutor.java:1074)
        at java.util.concurrent.ThreadPoolExecutor.runWorker(ThreadPoolExecutor.java:1134)
        at java.util.concurrent.ThreadPoolExecutor$Worker.run(ThreadPoolExecutor.java:624)
        at java.lang.Thread.run(Thread.java:748)
"pool-158-thread-12"  prio=5 tid=2350 in Object.wait()
java.lang.Thread.State: WAITING (on object monitor)
        at sun.misc.Unsafe.park(Native Method)
        at java.util.concurrent.locks.LockSupport.park(LockSupport.java:175)
        at java.util.concurrent.locks.AbstractQueuedSynchronizer$ConditionObject.await(AbstractQueuedSynchronizer.java:2039)
        at java.util.concurrent.ArrayBlockingQueue.take(ArrayBlockingQueue.java:403)
        at java.util.concurrent.ThreadPoolExecutor.getTask(ThreadPoolExecutor.java:1074)
        at java.util.concurrent.ThreadPoolExecutor.runWorker(ThreadPoolExecutor.java:1134)
        at java.util.concurrent.ThreadPoolExecutor$Worker.run(ThreadPoolExecutor.java:624)
        at java.lang.Thread.run(Thread.java:748)
"Thread-1581" daemon prio=5 tid=3240 timed_waiting
java.lang.Thread.State: TIMED_WAITING
        at java.lang.Thread.sleep(Native Method)
        at org.apache.ratis.util.JavaUtils.sleep(JavaUtils.java:243)
        at org.apache.ratis.server.impl.FollowerState.run(FollowerState.java:100)
"pool-228-thread-44"  prio=5 tid=2816 in Object.wait()
java.lang.Thread.State: WAITING (on object monitor)
        at sun.misc.Unsafe.park(Native Method)
        at java.util.concurrent.locks.LockSupport.park(LockSupport.java:175)
        at java.util.concurrent.locks.AbstractQueuedSynchronizer$ConditionObject.await(AbstractQueuedSynchronizer.java:2039)
        at java.util.concurrent.ArrayBlockingQueue.take(ArrayBlockingQueue.java:403)
        at java.util.concurrent.ThreadPoolExecutor.getTask(ThreadPoolExecutor.java:1074)
        at java.util.concurrent.ThreadPoolExecutor.runWorker(ThreadPoolExecutor.java:1134)
        at java.util.concurrent.ThreadPoolExecutor$Worker.run(ThreadPoolExecutor.java:624)
        at java.lang.Thread.run(Thread.java:748)
"pool-228-thread-2"  prio=5 tid=2774 in Object.wait()
java.lang.Thread.State: WAITING (on object monitor)
        at sun.misc.Unsafe.park(Native Method)
        at java.util.concurrent.locks.LockSupport.park(LockSupport.java:175)
        at java.util.concurrent.locks.AbstractQueuedSynchronizer$ConditionObject.await(AbstractQueuedSynchronizer.java:2039)
        at java.util.concurrent.ArrayBlockingQueue.take(ArrayBlockingQueue.java:403)
        at java.util.concurrent.ThreadPoolExecutor.getTask(ThreadPoolExecutor.java:1074)
        at java.util.concurrent.ThreadPoolExecutor.runWorker(ThreadPoolExecutor.java:1134)
        at java.util.concurrent.ThreadPoolExecutor$Worker.run(ThreadPoolExecutor.java:624)
        at java.lang.Thread.run(Thread.java:748)
"PartialTableCache Cleanup Thread - 0" daemon prio=5 tid=3077 in Object.wait()
java.lang.Thread.State: WAITING (on object monitor)
        at sun.misc.Unsafe.park(Native Method)
        at java.util.concurrent.locks.LockSupport.park(LockSupport.java:175)
        at java.util.concurrent.locks.AbstractQueuedSynchronizer$ConditionObject.await(AbstractQueuedSynchronizer.java:2039)
        at java.util.concurrent.LinkedBlockingQueue.take(LinkedBlockingQueue.java:442)
        at java.util.concurrent.ThreadPoolExecutor.getTask(ThreadPoolExecutor.java:1074)
        at java.util.concurrent.ThreadPoolExecutor.runWorker(ThreadPoolExecutor.java:1134)
        at java.util.concurrent.ThreadPoolExecutor$Worker.run(ThreadPoolExecutor.java:624)
        at java.lang.Thread.run(Thread.java:748)
"pool-208-thread-53"  prio=5 tid=2701 in Object.wait()
java.lang.Thread.State: WAITING (on object monitor)
        at sun.misc.Unsafe.park(Native Method)
        at java.util.concurrent.locks.LockSupport.park(LockSupport.java:175)
        at java.util.concurrent.locks.AbstractQueuedSynchronizer$ConditionObject.await(AbstractQueuedSynchronizer.java:2039)
        at java.util.concurrent.ArrayBlockingQueue.take(ArrayBlockingQueue.java:403)
        at java.util.concurrent.ThreadPoolExecutor.getTask(ThreadPoolExecutor.java:1074)
        at java.util.concurrent.ThreadPoolExecutor.runWorker(ThreadPoolExecutor.java:1134)
        at java.util.concurrent.ThreadPoolExecutor$Worker.run(ThreadPoolExecutor.java:624)
        at java.lang.Thread.run(Thread.java:748)
"pool-208-thread-26"  prio=5 tid=2674 in Object.wait()
java.lang.Thread.State: WAITING (on object monitor)
        at sun.misc.Unsafe.park(Native Method)
        at java.util.concurrent.locks.LockSupport.park(LockSupport.java:175)
        at java.util.concurrent.locks.AbstractQueuedSynchronizer$ConditionObject.await(AbstractQueuedSynchronizer.java:2039)
        at java.util.concurrent.ArrayBlockingQueue.take(ArrayBlockingQueue.java:403)
        at java.util.concurrent.ThreadPoolExecutor.getTask(ThreadPoolExecutor.java:1074)
        at java.util.concurrent.ThreadPoolExecutor.runWorker(ThreadPoolExecutor.java:1134)
        at java.util.concurrent.ThreadPoolExecutor$Worker.run(ThreadPoolExecutor.java:624)
        at java.lang.Thread.run(Thread.java:748)
"refreshUsed-/workdir/hadoop-ozone/integration-test/target/test-dir/MiniOzoneClusterImpl-8fc52630-20fd-4955-97d1-2a2852f9ee58/datanode-4/data/containers" daemon prio=5 tid=2116 timed_waiting
java.lang.Thread.State: TIMED_WAITING
        at java.lang.Thread.sleep(Native Method)
        at org.apache.hadoop.fs.CachingGetSpaceUsed$RefreshThread.run(CachingGetSpaceUsed.java:179)
        at java.lang.Thread.run(Thread.java:748)
"Datanode ReportManager Thread - 1" daemon prio=5 tid=253 in Object.wait()
java.lang.Thread.State: WAITING (on object monitor)
        at sun.misc.Unsafe.park(Native Method)
        at java.util.concurrent.locks.LockSupport.park(LockSupport.java:175)
        at java.util.concurrent.locks.AbstractQueuedSynchronizer$ConditionObject.await(AbstractQueuedSynchronizer.java:2039)
        at java.util.concurrent.ScheduledThreadPoolExecutor$DelayedWorkQueue.take(ScheduledThreadPoolExecutor.java:1088)
        at java.util.concurrent.ScheduledThreadPoolExecutor$DelayedWorkQueue.take(ScheduledThreadPoolExecutor.java:809)
        at java.util.concurrent.ThreadPoolExecutor.getTask(ThreadPoolExecutor.java:1074)
        at java.util.concurrent.ThreadPoolExecutor.runWorker(ThreadPoolExecutor.java:1134)
        at java.util.concurrent.ThreadPoolExecutor$Worker.run(ThreadPoolExecutor.java:624)
        at java.lang.Thread.run(Thread.java:748)
"pool-238-thread-19"  prio=5 tid=2853 in Object.wait()
java.lang.Thread.State: WAITING (on object monitor)
        at sun.misc.Unsafe.park(Native Method)
        at java.util.concurrent.locks.LockSupport.park(LockSupport.java:175)
        at java.util.concurrent.locks.AbstractQueuedSynchronizer$ConditionObject.await(AbstractQueuedSynchronizer.java:2039)
        at java.util.concurrent.ArrayBlockingQueue.take(ArrayBlockingQueue.java:403)
        at java.util.concurrent.ThreadPoolExecutor.getTask(ThreadPoolExecutor.java:1074)
        at java.util.concurrent.ThreadPoolExecutor.runWorker(ThreadPoolExecutor.java:1134)
        at java.util.concurrent.ThreadPoolExecutor$Worker.run(ThreadPoolExecutor.java:624)
        at java.lang.Thread.run(Thread.java:748)
"pool-198-thread-40"  prio=5 tid=2626 in Object.wait()
java.lang.Thread.State: WAITING (on object monitor)
        at sun.misc.Unsafe.park(Native Method)
        at java.util.concurrent.locks.LockSupport.park(LockSupport.java:175)
        at java.util.concurrent.locks.AbstractQueuedSynchronizer$ConditionObject.await(AbstractQueuedSynchronizer.java:2039)
        at java.util.concurrent.ArrayBlockingQueue.take(ArrayBlockingQueue.java:403)
        at java.util.concurrent.ThreadPoolExecutor.getTask(ThreadPoolExecutor.java:1074)
        at java.util.concurrent.ThreadPoolExecutor.runWorker(ThreadPoolExecutor.java:1134)
        at java.util.concurrent.ThreadPoolExecutor$Worker.run(ThreadPoolExecutor.java:624)
        at java.lang.Thread.run(Thread.java:748)
"pool-198-thread-36"  prio=5 tid=2622 in Object.wait()
java.lang.Thread.State: WAITING (on object monitor)
        at sun.misc.Unsafe.park(Native Method)
        at java.util.concurrent.locks.LockSupport.park(LockSupport.java:175)
        at java.util.concurrent.locks.AbstractQueuedSynchronizer$ConditionObject.await(AbstractQueuedSynchronizer.java:2039)
        at java.util.concurrent.ArrayBlockingQueue.take(ArrayBlockingQueue.java:403)
        at java.util.concurrent.ThreadPoolExecutor.getTask(ThreadPoolExecutor.java:1074)
        at java.util.concurrent.ThreadPoolExecutor.runWorker(ThreadPoolExecutor.java:1134)
        at java.util.concurrent.ThreadPoolExecutor$Worker.run(ThreadPoolExecutor.java:624)
        at java.lang.Thread.run(Thread.java:748)
"pool-148-thread-28"  prio=5 tid=2303 in Object.wait()
java.lang.Thread.State: WAITING (on object monitor)
        at sun.misc.Unsafe.park(Native Method)
        at java.util.concurrent.locks.LockSupport.park(LockSupport.java:175)
        at java.util.concurrent.locks.AbstractQueuedSynchronizer$ConditionObject.await(AbstractQueuedSynchronizer.java:2039)
        at java.util.concurrent.ArrayBlockingQueue.take(ArrayBlockingQueue.java:403)
        at java.util.concurrent.ThreadPoolExecutor.getTask(ThreadPoolExecutor.java:1074)
        at java.util.concurrent.ThreadPoolExecutor.runWorker(ThreadPoolExecutor.java:1134)
        at java.util.concurrent.ThreadPoolExecutor$Worker.run(ThreadPoolExecutor.java:624)
        at java.lang.Thread.run(Thread.java:748)
"org.eclipse.jetty.server.session.HashSessionManager@9f86dc3Timer" daemon prio=5 tid=2264 timed_waiting
java.lang.Thread.State: TIMED_WAITING
        at sun.misc.Unsafe.park(Native Method)
        at java.util.concurrent.locks.LockSupport.parkNanos(LockSupport.java:215)
        at java.util.concurrent.locks.AbstractQueuedSynchronizer$ConditionObject.awaitNanos(AbstractQueuedSynchronizer.java:2078)
        at java.util.concurrent.ScheduledThreadPoolExecutor$DelayedWorkQueue.take(ScheduledThreadPoolExecutor.java:1093)
        at java.util.concurrent.ScheduledThreadPoolExecutor$DelayedWorkQueue.take(ScheduledThreadPoolExecutor.java:809)
        at java.util.concurrent.ThreadPoolExecutor.getTask(ThreadPoolExecutor.java:1074)
        at java.util.concurrent.ThreadPoolExecutor.runWorker(ThreadPoolExecutor.java:1134)
        at java.util.concurrent.ThreadPoolExecutor$Worker.run(ThreadPoolExecutor.java:624)
        at java.lang.Thread.run(Thread.java:748)
"pool-208-thread-7"  prio=5 tid=2655 in Object.wait()
java.lang.Thread.State: WAITING (on object monitor)
        at sun.misc.Unsafe.park(Native Method)
        at java.util.concurrent.locks.LockSupport.park(LockSupport.java:175)
        at java.util.concurrent.locks.AbstractQueuedSynchronizer$ConditionObject.await(AbstractQueuedSynchronizer.java:2039)
        at java.util.concurrent.ArrayBlockingQueue.take(ArrayBlockingQueue.java:403)
        at java.util.concurrent.ThreadPoolExecutor.getTask(ThreadPoolExecutor.java:1074)
        at java.util.concurrent.ThreadPoolExecutor.runWorker(ThreadPoolExecutor.java:1134)
        at java.util.concurrent.ThreadPoolExecutor$Worker.run(ThreadPoolExecutor.java:624)
        at java.lang.Thread.run(Thread.java:748)
"pool-188-thread-59"  prio=5 tid=2583 in Object.wait()
java.lang.Thread.State: WAITING (on object monitor)
        at sun.misc.Unsafe.park(Native Method)
        at java.util.concurrent.locks.LockSupport.park(LockSupport.java:175)
        at java.util.concurrent.locks.AbstractQueuedSynchronizer$ConditionObject.await(AbstractQueuedSynchronizer.java:2039)
        at java.util.concurrent.ArrayBlockingQueue.take(ArrayBlockingQueue.java:403)
        at java.util.concurrent.ThreadPoolExecutor.getTask(ThreadPoolExecutor.java:1074)
        at java.util.concurrent.ThreadPoolExecutor.runWorker(ThreadPoolExecutor.java:1134)
        at java.util.concurrent.ThreadPoolExecutor$Worker.run(ThreadPoolExecutor.java:624)
        at java.lang.Thread.run(Thread.java:748)
"IPC Server handler 13 on 39845" daemon prio=5 tid=1942 timed_waiting
java.lang.Thread.State: TIMED_WAITING
        at sun.misc.Unsafe.park(Native Method)
        at java.util.concurrent.locks.LockSupport.parkNanos(LockSupport.java:215)
        at java.util.concurrent.locks.AbstractQueuedSynchronizer$ConditionObject.awaitNanos(AbstractQueuedSynchronizer.java:2078)
        at java.util.concurrent.LinkedBlockingQueue.poll(LinkedBlockingQueue.java:467)
        at org.apache.hadoop.ipc.CallQueueManager.take(CallQueueManager.java:288)
        at org.apache.hadoop.ipc.Server$Handler.run(Server.java:2668)
"qtp769195805-2020" daemon prio=5 tid=2020 timed_waiting
java.lang.Thread.State: TIMED_WAITING
        at sun.misc.Unsafe.park(Native Method)
        at java.util.concurrent.locks.LockSupport.parkNanos(LockSupport.java:215)
        at java.util.concurrent.locks.AbstractQueuedSynchronizer$ConditionObject.awaitNanos(AbstractQueuedSynchronizer.java:2078)
        at org.eclipse.jetty.util.BlockingArrayQueue.poll(BlockingArrayQueue.java:392)
        at org.eclipse.jetty.util.thread.QueuedThreadPool.idleJobPoll(QueuedThreadPool.java:563)
        at org.eclipse.jetty.util.thread.QueuedThreadPool.access$800(QueuedThreadPool.java:48)
        at org.eclipse.jetty.util.thread.QueuedThreadPool$2.run(QueuedThreadPool.java:626)
        at java.lang.Thread.run(Thread.java:748)
"PartialTableCache Cleanup Thread - 0" daemon prio=5 tid=3070 in Object.wait()
java.lang.Thread.State: WAITING (on object monitor)
        at sun.misc.Unsafe.park(Native Method)
        at java.util.concurrent.locks.LockSupport.park(LockSupport.java:175)
        at java.util.concurrent.locks.AbstractQueuedSynchronizer$ConditionObject.await(AbstractQueuedSynchronizer.java:2039)
        at java.util.concurrent.LinkedBlockingQueue.take(LinkedBlockingQueue.java:442)
        at java.util.concurrent.ThreadPoolExecutor.getTask(ThreadPoolExecutor.java:1074)
        at java.util.concurrent.ThreadPoolExecutor.runWorker(ThreadPoolExecutor.java:1134)
        at java.util.concurrent.ThreadPoolExecutor$Worker.run(ThreadPoolExecutor.java:624)
        at java.lang.Thread.run(Thread.java:748)
"pool-178-thread-33"  prio=5 tid=2495 in Object.wait()
java.lang.Thread.State: WAITING (on object monitor)
        at sun.misc.Unsafe.park(Native Method)
        at java.util.concurrent.locks.LockSupport.park(LockSupport.java:175)
        at java.util.concurrent.locks.AbstractQueuedSynchronizer$ConditionObject.await(AbstractQueuedSynchronizer.java:2039)
        at java.util.concurrent.ArrayBlockingQueue.take(ArrayBlockingQueue.java:403)
        at java.util.concurrent.ThreadPoolExecutor.getTask(ThreadPoolExecutor.java:1074)
        at java.util.concurrent.ThreadPoolExecutor.runWorker(ThreadPoolExecutor.java:1134)
        at java.util.concurrent.ThreadPoolExecutor$Worker.run(ThreadPoolExecutor.java:624)
        at java.lang.Thread.run(Thread.java:748)
"org.eclipse.jetty.server.session.HashSessionManager@6e60f18Timer" daemon prio=5 tid=2157 timed_waiting
java.lang.Thread.State: TIMED_WAITING
        at sun.misc.Unsafe.park(Native Method)
        at java.util.concurrent.locks.LockSupport.parkNanos(LockSupport.java:215)
        at java.util.concurrent.locks.AbstractQueuedSynchronizer$ConditionObject.awaitNanos(AbstractQueuedSynchronizer.java:2078)
        at java.util.concurrent.ScheduledThreadPoolExecutor$DelayedWorkQueue.take(ScheduledThreadPoolExecutor.java:1093)
        at java.util.concurrent.ScheduledThreadPoolExecutor$DelayedWorkQueue.take(ScheduledThreadPoolExecutor.java:809)
        at java.util.concurrent.ThreadPoolExecutor.getTask(ThreadPoolExecutor.java:1074)
        at java.util.concurrent.ThreadPoolExecutor.runWorker(ThreadPoolExecutor.java:1134)
        at java.util.concurrent.ThreadPoolExecutor$Worker.run(ThreadPoolExecutor.java:624)
        at java.lang.Thread.run(Thread.java:748)
"org.eclipse.jetty.server.session.HashSessionManager@2e463f4Timer" daemon prio=5 tid=2130 timed_waiting
java.lang.Thread.State: TIMED_WAITING
        at sun.misc.Unsafe.park(Native Method)
        at java.util.concurrent.locks.LockSupport.parkNanos(LockSupport.java:215)
        at java.util.concurrent.locks.AbstractQueuedSynchronizer$ConditionObject.awaitNanos(AbstractQueuedSynchronizer.java:2078)
        at java.util.concurrent.ScheduledThreadPoolExecutor$DelayedWorkQueue.take(ScheduledThreadPoolExecutor.java:1093)
        at java.util.concurrent.ScheduledThreadPoolExecutor$DelayedWorkQueue.take(ScheduledThreadPoolExecutor.java:809)
        at java.util.concurrent.ThreadPoolExecutor.getTask(ThreadPoolExecutor.java:1074)
        at java.util.concurrent.ThreadPoolExecutor.runWorker(ThreadPoolExecutor.java:1134)
        at java.util.concurrent.ThreadPoolExecutor$Worker.run(ThreadPoolExecutor.java:624)
        at java.lang.Thread.run(Thread.java:748)
"pool-198-thread-58"  prio=5 tid=2644 in Object.wait()
java.lang.Thread.State: WAITING (on object monitor)
        at sun.misc.Unsafe.park(Native Method)
        at java.util.concurrent.locks.LockSupport.park(LockSupport.java:175)
        at java.util.concurrent.locks.AbstractQueuedSynchronizer$ConditionObject.await(AbstractQueuedSynchronizer.java:2039)
        at java.util.concurrent.ArrayBlockingQueue.take(ArrayBlockingQueue.java:403)
        at java.util.concurrent.ThreadPoolExecutor.getTask(ThreadPoolExecutor.java:1074)
        at java.util.concurrent.ThreadPoolExecutor.runWorker(ThreadPoolExecutor.java:1134)
        at java.util.concurrent.ThreadPoolExecutor$Worker.run(ThreadPoolExecutor.java:624)
        at java.lang.Thread.run(Thread.java:748)
"surefire-forkedjvm-ping-30s" daemon prio=5 tid=9 timed_waiting
java.lang.Thread.State: TIMED_WAITING
        at sun.misc.Unsafe.park(Native Method)
        at java.util.concurrent.locks.LockSupport.parkNanos(LockSupport.java:215)
        at java.util.concurrent.locks.AbstractQueuedSynchronizer$ConditionObject.awaitNanos(AbstractQueuedSynchronizer.java:2078)
        at java.util.concurrent.ScheduledThreadPoolExecutor$DelayedWorkQueue.take(ScheduledThreadPoolExecutor.java:1093)
        at java.util.concurrent.ScheduledThreadPoolExecutor$DelayedWorkQueue.take(ScheduledThreadPoolExecutor.java:809)
        at java.util.concurrent.ThreadPoolExecutor.getTask(ThreadPoolExecutor.java:1074)
        at java.util.concurrent.ThreadPoolExecutor.runWorker(ThreadPoolExecutor.java:1134)
        at java.util.concurrent.ThreadPoolExecutor$Worker.run(ThreadPoolExecutor.java:624)
        at java.lang.Thread.run(Thread.java:748)
"org.eclipse.jetty.server.session.HashSessionManager@40247d48Timer" daemon prio=5 tid=2049 timed_waiting
java.lang.Thread.State: TIMED_WAITING
        at sun.misc.Unsafe.park(Native Method)
        at java.util.concurrent.locks.LockSupport.parkNanos(LockSupport.java:215)
        at java.util.concurrent.locks.AbstractQueuedSynchronizer$ConditionObject.awaitNanos(AbstractQueuedSynchronizer.java:2078)
        at java.util.concurrent.ScheduledThreadPoolExecutor$DelayedWorkQueue.take(ScheduledThreadPoolExecutor.java:1093)
        at java.util.concurrent.ScheduledThreadPoolExecutor$DelayedWorkQueue.take(ScheduledThreadPoolExecutor.java:809)
        at java.util.concurrent.ThreadPoolExecutor.getTask(ThreadPoolExecutor.java:1074)
        at java.util.concurrent.ThreadPoolExecutor.runWorker(ThreadPoolExecutor.java:1134)
        at java.util.concurrent.ThreadPoolExecutor$Worker.run(ThreadPoolExecutor.java:624)
        at java.lang.Thread.run(Thread.java:748)
"pool-228-thread-49"  prio=5 tid=2821 in Object.wait()
java.lang.Thread.State: WAITING (on object monitor)
        at sun.misc.Unsafe.park(Native Method)
        at java.util.concurrent.locks.LockSupport.park(LockSupport.java:175)
        at java.util.concurrent.locks.AbstractQueuedSynchronizer$ConditionObject.await(AbstractQueuedSynchronizer.java:2039)
        at java.util.concurrent.ArrayBlockingQueue.take(ArrayBlockingQueue.java:403)
        at java.util.concurrent.ThreadPoolExecutor.getTask(ThreadPoolExecutor.java:1074)
        at java.util.concurrent.ThreadPoolExecutor.runWorker(ThreadPoolExecutor.java:1134)
        at java.util.concurrent.ThreadPoolExecutor$Worker.run(ThreadPoolExecutor.java:624)
        at java.lang.Thread.run(Thread.java:748)
"pool-208-thread-12"  prio=5 tid=2660 in Object.wait()
java.lang.Thread.State: WAITING (on object monitor)
        at sun.misc.Unsafe.park(Native Method)
        at java.util.concurrent.locks.LockSupport.park(LockSupport.java:175)
        at java.util.concurrent.locks.AbstractQueuedSynchronizer$ConditionObject.await(AbstractQueuedSynchronizer.java:2039)
        at java.util.concurrent.ArrayBlockingQueue.take(ArrayBlockingQueue.java:403)
        at java.util.concurrent.ThreadPoolExecutor.getTask(ThreadPoolExecutor.java:1074)
        at java.util.concurrent.ThreadPoolExecutor.runWorker(ThreadPoolExecutor.java:1134)
        at java.util.concurrent.ThreadPoolExecutor$Worker.run(ThreadPoolExecutor.java:624)
        at java.lang.Thread.run(Thread.java:748)
"Datanode ReportManager Thread - 3" daemon prio=5 tid=2082 in Object.wait()
java.lang.Thread.State: WAITING (on object monitor)
        at sun.misc.Unsafe.park(Native Method)
        at java.util.concurrent.locks.LockSupport.park(LockSupport.java:175)
        at java.util.concurrent.locks.AbstractQueuedSynchronizer$ConditionObject.await(AbstractQueuedSynchronizer.java:2039)
        at java.util.concurrent.ScheduledThreadPoolExecutor$DelayedWorkQueue.take(ScheduledThreadPoolExecutor.java:1088)
        at java.util.concurrent.ScheduledThreadPoolExecutor$DelayedWorkQueue.take(ScheduledThreadPoolExecutor.java:809)
        at java.util.concurrent.ThreadPoolExecutor.getTask(ThreadPoolExecutor.java:1074)
        at java.util.concurrent.ThreadPoolExecutor.runWorker(ThreadPoolExecutor.java:1134)
        at java.util.concurrent.ThreadPoolExecutor$Worker.run(ThreadPoolExecutor.java:624)
        at java.lang.Thread.run(Thread.java:748)
"grpc-default-executor-5" daemon prio=5 tid=1190 timed_waiting
java.lang.Thread.State: TIMED_WAITING
        at sun.misc.Unsafe.park(Native Method)
        at java.util.concurrent.locks.LockSupport.parkNanos(LockSupport.java:215)
        at java.util.concurrent.SynchronousQueue$TransferStack.awaitFulfill(SynchronousQueue.java:460)
        at java.util.concurrent.SynchronousQueue$TransferStack.transfer(SynchronousQueue.java:362)
        at java.util.concurrent.SynchronousQueue.poll(SynchronousQueue.java:941)
        at java.util.concurrent.ThreadPoolExecutor.getTask(ThreadPoolExecutor.java:1073)
        at java.util.concurrent.ThreadPoolExecutor.runWorker(ThreadPoolExecutor.java:1134)
        at java.util.concurrent.ThreadPoolExecutor$Worker.run(ThreadPoolExecutor.java:624)
        at java.lang.Thread.run(Thread.java:748)
"5fe8490f-f805-406a-80e2-fbda1a66b042@group-A2A7FA27FDC7-SegmentedRaftLogWorker"  prio=5 tid=3155 timed_waiting
java.lang.Thread.State: TIMED_WAITING
        at sun.misc.Unsafe.park(Native Method)
        at java.util.concurrent.locks.LockSupport.parkNanos(LockSupport.java:215)
        at java.util.concurrent.locks.AbstractQueuedSynchronizer$ConditionObject.awaitNanos(AbstractQueuedSynchronizer.java:2078)
        at org.apache.ratis.util.DataBlockingQueue.poll(DataBlockingQueue.java:137)
        at org.apache.ratis.server.raftlog.segmented.SegmentedRaftLogWorker.run(SegmentedRaftLogWorker.java:282)
        at java.lang.Thread.run(Thread.java:748)
"qtp377667724-1999" daemon prio=5 tid=1999 timed_waiting
java.lang.Thread.State: TIMED_WAITING
        at sun.misc.Unsafe.park(Native Method)
        at java.util.concurrent.locks.LockSupport.parkNanos(LockSupport.java:215)
        at java.util.concurrent.locks.AbstractQueuedSynchronizer$ConditionObject.awaitNanos(AbstractQueuedSynchronizer.java:2078)
        at org.eclipse.jetty.util.BlockingArrayQueue.poll(BlockingArrayQueue.java:392)
        at org.eclipse.jetty.util.thread.QueuedThreadPool.idleJobPoll(QueuedThreadPool.java:563)
        at org.eclipse.jetty.util.thread.QueuedThreadPool.access$800(QueuedThreadPool.java:48)
        at org.eclipse.jetty.util.thread.QueuedThreadPool$2.run(QueuedThreadPool.java:626)
        at java.lang.Thread.run(Thread.java:748)
"Thread-1556" daemon prio=5 tid=3215 timed_waiting
java.lang.Thread.State: TIMED_WAITING
        at java.lang.Thread.sleep(Native Method)
        at org.apache.ratis.util.JavaUtils.sleep(JavaUtils.java:243)
        at org.apache.ratis.server.impl.FollowerState.run(FollowerState.java:100)
"pool-168-thread-50"  prio=5 tid=2450 in Object.wait()
java.lang.Thread.State: WAITING (on object monitor)
        at sun.misc.Unsafe.park(Native Method)
        at java.util.concurrent.locks.LockSupport.park(LockSupport.java:175)
        at java.util.concurrent.locks.AbstractQueuedSynchronizer$ConditionObject.await(AbstractQueuedSynchronizer.java:2039)
        at java.util.concurrent.ArrayBlockingQueue.take(ArrayBlockingQueue.java:403)
        at java.util.concurrent.ThreadPoolExecutor.getTask(ThreadPoolExecutor.java:1074)
        at java.util.concurrent.ThreadPoolExecutor.runWorker(ThreadPoolExecutor.java:1134)
        at java.util.concurrent.ThreadPoolExecutor$Worker.run(ThreadPoolExecutor.java:624)
        at java.lang.Thread.run(Thread.java:748)
"pool-238-thread-55"  prio=5 tid=2889 in Object.wait()
java.lang.Thread.State: WAITING (on object monitor)
        at sun.misc.Unsafe.park(Native Method)
        at java.util.concurrent.locks.LockSupport.park(LockSupport.java:175)
        at java.util.concurrent.locks.AbstractQueuedSynchronizer$ConditionObject.await(AbstractQueuedSynchronizer.java:2039)
        at java.util.concurrent.ArrayBlockingQueue.take(ArrayBlockingQueue.java:403)
        at java.util.concurrent.ThreadPoolExecutor.getTask(ThreadPoolExecutor.java:1074)
        at java.util.concurrent.ThreadPoolExecutor.runWorker(ThreadPoolExecutor.java:1134)
        at java.util.concurrent.ThreadPoolExecutor$Worker.run(ThreadPoolExecutor.java:624)
        at java.lang.Thread.run(Thread.java:748)
"IPC Server handler 13 on 35120" daemon prio=5 tid=1902 timed_waiting
java.lang.Thread.State: TIMED_WAITING
        at sun.misc.Unsafe.park(Native Method)
        at java.util.concurrent.locks.LockSupport.parkNanos(LockSupport.java:215)
        at java.util.concurrent.locks.AbstractQueuedSynchronizer$ConditionObject.awaitNanos(AbstractQueuedSynchronizer.java:2078)
        at java.util.concurrent.LinkedBlockingQueue.poll(LinkedBlockingQueue.java:467)
        at org.apache.hadoop.ipc.CallQueueManager.take(CallQueueManager.java:288)
        at org.apache.hadoop.ipc.Server$Handler.run(Server.java:2668)
"Periodic HDDS volume checker"  prio=5 tid=2087 timed_waiting
java.lang.Thread.State: TIMED_WAITING
        at sun.misc.Unsafe.park(Native Method)
        at java.util.concurrent.locks.LockSupport.parkNanos(LockSupport.java:215)
        at java.util.concurrent.locks.AbstractQueuedSynchronizer$ConditionObject.awaitNanos(AbstractQueuedSynchronizer.java:2078)
        at java.util.concurrent.ScheduledThreadPoolExecutor$DelayedWorkQueue.take(ScheduledThreadPoolExecutor.java:1093)
        at java.util.concurrent.ScheduledThreadPoolExecutor$DelayedWorkQueue.take(ScheduledThreadPoolExecutor.java:809)
        at java.util.concurrent.ThreadPoolExecutor.getTask(ThreadPoolExecutor.java:1074)
        at java.util.concurrent.ThreadPoolExecutor.runWorker(ThreadPoolExecutor.java:1134)
        at java.util.concurrent.ThreadPoolExecutor$Worker.run(ThreadPoolExecutor.java:624)
        at java.lang.Thread.run(Thread.java:748)
"qtp984235065-2047" daemon prio=5 tid=2047 timed_waiting
java.lang.Thread.State: TIMED_WAITING
        at sun.misc.Unsafe.park(Native Method)
        at java.util.concurrent.locks.LockSupport.parkNanos(LockSupport.java:215)
        at java.util.concurrent.locks.AbstractQueuedSynchronizer$ConditionObject.awaitNanos(AbstractQueuedSynchronizer.java:2078)
        at org.eclipse.jetty.util.BlockingArrayQueue.poll(BlockingArrayQueue.java:392)
        at org.eclipse.jetty.util.thread.QueuedThreadPool.idleJobPoll(QueuedThreadPool.java:563)
        at org.eclipse.jetty.util.thread.QueuedThreadPool.access$800(QueuedThreadPool.java:48)
        at org.eclipse.jetty.util.thread.QueuedThreadPool$2.run(QueuedThreadPool.java:626)
        at java.lang.Thread.run(Thread.java:748)
"Thread-1550" daemon prio=5 tid=3209 timed_waiting
java.lang.Thread.State: TIMED_WAITING
        at sun.misc.Unsafe.park(Native Method)
        at java.util.concurrent.locks.LockSupport.parkNanos(LockSupport.java:215)
        at java.util.concurrent.locks.AbstractQueuedSynchronizer$ConditionObject.awaitNanos(AbstractQueuedSynchronizer.java:2078)
        at java.util.concurrent.ArrayBlockingQueue.poll(ArrayBlockingQueue.java:418)
        at org.apache.ratis.server.impl.LeaderState$EventQueue.poll(LeaderState.java:115)
        at org.apache.ratis.server.impl.LeaderState$EventProcessor.run(LeaderState.java:467)
"qtp769195805-2016" daemon prio=5 tid=2016 timed_waiting
java.lang.Thread.State: TIMED_WAITING
        at sun.misc.Unsafe.park(Native Method)
        at java.util.concurrent.locks.LockSupport.parkNanos(LockSupport.java:215)
        at java.util.concurrent.locks.AbstractQueuedSynchronizer$ConditionObject.awaitNanos(AbstractQueuedSynchronizer.java:2078)
        at org.eclipse.jetty.util.BlockingArrayQueue.poll(BlockingArrayQueue.java:392)
        at org.eclipse.jetty.util.thread.QueuedThreadPool.idleJobPoll(QueuedThreadPool.java:563)
        at org.eclipse.jetty.util.thread.QueuedThreadPool.access$800(QueuedThreadPool.java:48)
        at org.eclipse.jetty.util.thread.QueuedThreadPool$2.run(QueuedThreadPool.java:626)
        at java.lang.Thread.run(Thread.java:748)
"Datanode ReportManager Thread - 3" daemon prio=5 tid=174 timed_waiting
java.lang.Thread.State: TIMED_WAITING
        at sun.misc.Unsafe.park(Native Method)
        at java.util.concurrent.locks.LockSupport.parkNanos(LockSupport.java:215)
        at java.util.concurrent.locks.AbstractQueuedSynchronizer$ConditionObject.awaitNanos(AbstractQueuedSynchronizer.java:2078)
        at java.util.concurrent.ScheduledThreadPoolExecutor$DelayedWorkQueue.take(ScheduledThreadPoolExecutor.java:1093)
        at java.util.concurrent.ScheduledThreadPoolExecutor$DelayedWorkQueue.take(ScheduledThreadPoolExecutor.java:809)
        at java.util.concurrent.ThreadPoolExecutor.getTask(ThreadPoolExecutor.java:1074)
        at java.util.concurrent.ThreadPoolExecutor.runWorker(ThreadPoolExecutor.java:1134)
        at java.util.concurrent.ThreadPoolExecutor$Worker.run(ThreadPoolExecutor.java:624)
        at java.lang.Thread.run(Thread.java:748)
"pool-178-thread-50"  prio=5 tid=2512 in Object.wait()
java.lang.Thread.State: WAITING (on object monitor)
        at sun.misc.Unsafe.park(Native Method)
        at java.util.concurrent.locks.LockSupport.park(LockSupport.java:175)
        at java.util.concurrent.locks.AbstractQueuedSynchronizer$ConditionObject.await(AbstractQueuedSynchronizer.java:2039)
        at java.util.concurrent.ArrayBlockingQueue.take(ArrayBlockingQueue.java:403)
        at java.util.concurrent.ThreadPoolExecutor.getTask(ThreadPoolExecutor.java:1074)
        at java.util.concurrent.ThreadPoolExecutor.runWorker(ThreadPoolExecutor.java:1134)
        at java.util.concurrent.ThreadPoolExecutor$Worker.run(ThreadPoolExecutor.java:624)
        at java.lang.Thread.run(Thread.java:748)
"0bfc3546-5406-43b9-8d67-9a12bf5503d8@group-7EAD115034F9-SegmentedRaftLogWorker"  prio=5 tid=3168 timed_waiting
java.lang.Thread.State: TIMED_WAITING
        at sun.misc.Unsafe.park(Native Method)
        at java.util.concurrent.locks.LockSupport.parkNanos(LockSupport.java:215)
        at java.util.concurrent.locks.AbstractQueuedSynchronizer$ConditionObject.awaitNanos(AbstractQueuedSynchronizer.java:2078)
        at org.apache.ratis.util.DataBlockingQueue.poll(DataBlockingQueue.java:137)
        at org.apache.ratis.server.raftlog.segmented.SegmentedRaftLogWorker.run(SegmentedRaftLogWorker.java:282)
        at java.lang.Thread.run(Thread.java:748)
"Datanode ReportManager Thread - 1" daemon prio=5 tid=388 in Object.wait()
java.lang.Thread.State: WAITING (on object monitor)
        at sun.misc.Unsafe.park(Native Method)
        at java.util.concurrent.locks.LockSupport.park(LockSupport.java:175)
        at java.util.concurrent.locks.AbstractQueuedSynchronizer$ConditionObject.await(AbstractQueuedSynchronizer.java:2039)
        at java.util.concurrent.ScheduledThreadPoolExecutor$DelayedWorkQueue.take(ScheduledThreadPoolExecutor.java:1088)
        at java.util.concurrent.ScheduledThreadPoolExecutor$DelayedWorkQueue.take(ScheduledThreadPoolExecutor.java:809)
        at java.util.concurrent.ThreadPoolExecutor.getTask(ThreadPoolExecutor.java:1074)
        at java.util.concurrent.ThreadPoolExecutor.runWorker(ThreadPoolExecutor.java:1134)
        at java.util.concurrent.ThreadPoolExecutor$Worker.run(ThreadPoolExecutor.java:624)
        at java.lang.Thread.run(Thread.java:748)
"pool-158-thread-24"  prio=5 tid=2362 in Object.wait()
java.lang.Thread.State: WAITING (on object monitor)
        at sun.misc.Unsafe.park(Native Method)
        at java.util.concurrent.locks.LockSupport.park(LockSupport.java:175)
        at java.util.concurrent.locks.AbstractQueuedSynchronizer$ConditionObject.await(AbstractQueuedSynchronizer.java:2039)
        at java.util.concurrent.ArrayBlockingQueue.take(ArrayBlockingQueue.java:403)
        at java.util.concurrent.ThreadPoolExecutor.getTask(ThreadPoolExecutor.java:1074)
        at java.util.concurrent.ThreadPoolExecutor.runWorker(ThreadPoolExecutor.java:1134)
        at java.util.concurrent.ThreadPoolExecutor$Worker.run(ThreadPoolExecutor.java:624)
        at java.lang.Thread.run(Thread.java:748)
"Command processor thread" daemon prio=5 tid=2164 timed_waiting
java.lang.Thread.State: TIMED_WAITING
        at java.lang.Thread.sleep(Native Method)
        at org.apache.hadoop.ozone.container.common.statemachine.DatanodeStateMachine.lambda$initCommandHandlerThread$1(DatanodeStateMachine.java:444)
        at org.apache.hadoop.ozone.container.common.statemachine.DatanodeStateMachine$$Lambda$142/1059342576.run(Unknown Source)
        at java.lang.Thread.run(Thread.java:748)
"IPC Server handler 11 on 39845" daemon prio=5 tid=1940 timed_waiting
java.lang.Thread.State: TIMED_WAITING
        at sun.misc.Unsafe.park(Native Method)
        at java.util.concurrent.locks.LockSupport.parkNanos(LockSupport.java:215)
        at java.util.concurrent.locks.AbstractQueuedSynchronizer$ConditionObject.awaitNanos(AbstractQueuedSynchronizer.java:2078)
        at java.util.concurrent.LinkedBlockingQueue.poll(LinkedBlockingQueue.java:467)
        at org.apache.hadoop.ipc.CallQueueManager.take(CallQueueManager.java:288)
        at org.apache.hadoop.ipc.Server$Handler.run(Server.java:2668)
"pool-228-thread-19"  prio=5 tid=2791 in Object.wait()
java.lang.Thread.State: WAITING (on object monitor)
        at sun.misc.Unsafe.park(Native Method)
        at java.util.concurrent.locks.LockSupport.park(LockSupport.java:175)
        at java.util.concurrent.locks.AbstractQueuedSynchronizer$ConditionObject.await(AbstractQueuedSynchronizer.java:2039)
        at java.util.concurrent.ArrayBlockingQueue.take(ArrayBlockingQueue.java:403)
        at java.util.concurrent.ThreadPoolExecutor.getTask(ThreadPoolExecutor.java:1074)
        at java.util.concurrent.ThreadPoolExecutor.runWorker(ThreadPoolExecutor.java:1134)
        at java.util.concurrent.ThreadPoolExecutor$Worker.run(ThreadPoolExecutor.java:624)
        at java.lang.Thread.run(Thread.java:748)
"BlockDeletingService#0" daemon prio=5 tid=2647 timed_waiting
java.lang.Thread.State: TIMED_WAITING
        at sun.misc.Unsafe.park(Native Method)
        at java.util.concurrent.locks.LockSupport.parkNanos(LockSupport.java:215)
        at java.util.concurrent.locks.AbstractQueuedSynchronizer$ConditionObject.awaitNanos(AbstractQueuedSynchronizer.java:2078)
        at java.util.concurrent.ScheduledThreadPoolExecutor$DelayedWorkQueue.take(ScheduledThreadPoolExecutor.java:1093)
        at java.util.concurrent.ScheduledThreadPoolExecutor$DelayedWorkQueue.take(ScheduledThreadPoolExecutor.java:809)
        at java.util.concurrent.ThreadPoolExecutor.getTask(ThreadPoolExecutor.java:1074)
        at java.util.concurrent.ThreadPoolExecutor.runWorker(ThreadPoolExecutor.java:1134)
        at java.util.concurrent.ThreadPoolExecutor$Worker.run(ThreadPoolExecutor.java:624)
        at java.lang.Thread.run(Thread.java:748)
"pool-158-thread-35"  prio=5 tid=2373 in Object.wait()
java.lang.Thread.State: WAITING (on object monitor)
        at sun.misc.Unsafe.park(Native Method)
        at java.util.concurrent.locks.LockSupport.park(LockSupport.java:175)
        at java.util.concurrent.locks.AbstractQueuedSynchronizer$ConditionObject.await(AbstractQueuedSynchronizer.java:2039)
        at java.util.concurrent.ArrayBlockingQueue.take(ArrayBlockingQueue.java:403)
        at java.util.concurrent.ThreadPoolExecutor.getTask(ThreadPoolExecutor.java:1074)
        at java.util.concurrent.ThreadPoolExecutor.runWorker(ThreadPoolExecutor.java:1134)
        at java.util.concurrent.ThreadPoolExecutor$Worker.run(ThreadPoolExecutor.java:624)
        at java.lang.Thread.run(Thread.java:748)
"qtp2010856706-2206" daemon prio=5 tid=2206 timed_waiting
java.lang.Thread.State: TIMED_WAITING
        at sun.misc.Unsafe.park(Native Method)
        at java.util.concurrent.locks.LockSupport.parkNanos(LockSupport.java:215)
        at java.util.concurrent.locks.AbstractQueuedSynchronizer$ConditionObject.awaitNanos(AbstractQueuedSynchronizer.java:2078)
        at org.eclipse.jetty.util.BlockingArrayQueue.poll(BlockingArrayQueue.java:392)
        at org.eclipse.jetty.util.thread.QueuedThreadPool.idleJobPoll(QueuedThreadPool.java:563)
        at org.eclipse.jetty.util.thread.QueuedThreadPool.access$800(QueuedThreadPool.java:48)
        at org.eclipse.jetty.util.thread.QueuedThreadPool$2.run(QueuedThreadPool.java:626)
        at java.lang.Thread.run(Thread.java:748)
"pool-178-thread-46"  prio=5 tid=2508 in Object.wait()
java.lang.Thread.State: WAITING (on object monitor)
        at sun.misc.Unsafe.park(Native Method)
        at java.util.concurrent.locks.LockSupport.park(LockSupport.java:175)
        at java.util.concurrent.locks.AbstractQueuedSynchronizer$ConditionObject.await(AbstractQueuedSynchronizer.java:2039)
        at java.util.concurrent.ArrayBlockingQueue.take(ArrayBlockingQueue.java:403)
        at java.util.concurrent.ThreadPoolExecutor.getTask(ThreadPoolExecutor.java:1074)
        at java.util.concurrent.ThreadPoolExecutor.runWorker(ThreadPoolExecutor.java:1134)
        at java.util.concurrent.ThreadPoolExecutor$Worker.run(ThreadPoolExecutor.java:624)
        at java.lang.Thread.run(Thread.java:748)
"org.eclipse.jetty.server.session.HashSessionManager@73c3cd09Timer" daemon prio=5 tid=1958 timed_waiting
java.lang.Thread.State: TIMED_WAITING
        at sun.misc.Unsafe.park(Native Method)
        at java.util.concurrent.locks.LockSupport.parkNanos(LockSupport.java:215)
        at java.util.concurrent.locks.AbstractQueuedSynchronizer$ConditionObject.awaitNanos(AbstractQueuedSynchronizer.java:2078)
        at java.util.concurrent.ScheduledThreadPoolExecutor$DelayedWorkQueue.take(ScheduledThreadPoolExecutor.java:1093)
        at java.util.concurrent.ScheduledThreadPoolExecutor$DelayedWorkQueue.take(ScheduledThreadPoolExecutor.java:809)
        at java.util.concurrent.ThreadPoolExecutor.getTask(ThreadPoolExecutor.java:1074)
        at java.util.concurrent.ThreadPoolExecutor.runWorker(ThreadPoolExecutor.java:1134)
        at java.util.concurrent.ThreadPoolExecutor$Worker.run(ThreadPoolExecutor.java:624)
        at java.lang.Thread.run(Thread.java:748)
"EventQueue-ContainerReportForContainerReportHandler" daemon prio=5 tid=2899 in Object.wait()
java.lang.Thread.State: WAITING (on object monitor)
        at sun.misc.Unsafe.park(Native Method)
        at java.util.concurrent.locks.LockSupport.park(LockSupport.java:175)
        at java.util.concurrent.locks.AbstractQueuedSynchronizer$ConditionObject.await(AbstractQueuedSynchronizer.java:2039)
        at java.util.concurrent.LinkedBlockingQueue.take(LinkedBlockingQueue.java:442)
        at java.util.concurrent.ThreadPoolExecutor.getTask(ThreadPoolExecutor.java:1074)
        at java.util.concurrent.ThreadPoolExecutor.runWorker(ThreadPoolExecutor.java:1134)
        at java.util.concurrent.ThreadPoolExecutor$Worker.run(ThreadPoolExecutor.java:624)
        at java.lang.Thread.run(Thread.java:748)
"IPC Server handler 17 on 39845" daemon prio=5 tid=1946 timed_waiting
java.lang.Thread.State: TIMED_WAITING
        at sun.misc.Unsafe.park(Native Method)
        at java.util.concurrent.locks.LockSupport.parkNanos(LockSupport.java:215)
        at java.util.concurrent.locks.AbstractQueuedSynchronizer$ConditionObject.awaitNanos(AbstractQueuedSynchronizer.java:2078)
        at java.util.concurrent.LinkedBlockingQueue.poll(LinkedBlockingQueue.java:467)
        at org.apache.hadoop.ipc.CallQueueManager.take(CallQueueManager.java:288)
        at org.apache.hadoop.ipc.Server$Handler.run(Server.java:2668)
"qtp1583082378-2235" daemon prio=5 tid=2235 timed_waiting
java.lang.Thread.State: TIMED_WAITING
        at sun.misc.Unsafe.park(Native Method)
        at java.util.concurrent.locks.LockSupport.parkNanos(LockSupport.java:215)
        at java.util.concurrent.locks.AbstractQueuedSynchronizer$ConditionObject.awaitNanos(AbstractQueuedSynchronizer.java:2078)
        at org.eclipse.jetty.util.BlockingArrayQueue.poll(BlockingArrayQueue.java:392)
        at org.eclipse.jetty.util.thread.QueuedThreadPool.idleJobPoll(QueuedThreadPool.java:563)
        at org.eclipse.jetty.util.thread.QueuedThreadPool.access$800(QueuedThreadPool.java:48)
        at org.eclipse.jetty.util.thread.QueuedThreadPool$2.run(QueuedThreadPool.java:626)
        at java.lang.Thread.run(Thread.java:748)
"PartialTableCache Cleanup Thread - 0" daemon prio=5 tid=1330 in Object.wait()
java.lang.Thread.State: WAITING (on object monitor)
        at sun.misc.Unsafe.park(Native Method)
        at java.util.concurrent.locks.LockSupport.park(LockSupport.java:175)
        at java.util.concurrent.locks.AbstractQueuedSynchronizer$ConditionObject.await(AbstractQueuedSynchronizer.java:2039)
        at java.util.concurrent.LinkedBlockingQueue.take(LinkedBlockingQueue.java:442)
        at java.util.concurrent.ThreadPoolExecutor.getTask(ThreadPoolExecutor.java:1074)
        at java.util.concurrent.ThreadPoolExecutor.runWorker(ThreadPoolExecutor.java:1134)
        at java.util.concurrent.ThreadPoolExecutor$Worker.run(ThreadPoolExecutor.java:624)
        at java.lang.Thread.run(Thread.java:748)
"Thread-1583" daemon prio=5 tid=3242 timed_waiting
java.lang.Thread.State: TIMED_WAITING
        at sun.misc.Unsafe.park(Native Method)
        at java.util.concurrent.locks.LockSupport.parkNanos(LockSupport.java:215)
        at java.util.concurrent.locks.AbstractQueuedSynchronizer$ConditionObject.awaitNanos(AbstractQueuedSynchronizer.java:2078)
        at java.util.concurrent.ArrayBlockingQueue.poll(ArrayBlockingQueue.java:418)
        at org.apache.ratis.server.impl.LeaderState$EventQueue.poll(LeaderState.java:115)
        at org.apache.ratis.server.impl.LeaderState$EventProcessor.run(LeaderState.java:467)
"qtp2010856706-2203-acceptor-0@5de2ba2f-ServerConnector@3913f206{HTTP/1.1,[http/1.1]}{0.0.0.0:33082}" daemon prio=3 tid=2203 runnable
java.lang.Thread.State: RUNNABLE
        at sun.nio.ch.ServerSocketChannelImpl.accept0(Native Method)
        at sun.nio.ch.ServerSocketChannelImpl.accept(ServerSocketChannelImpl.java:422)
        at sun.nio.ch.ServerSocketChannelImpl.accept(ServerSocketChannelImpl.java:250)
        at org.eclipse.jetty.server.ServerConnector.accept(ServerConnector.java:397)
        at org.eclipse.jetty.server.AbstractConnector$Acceptor.run(AbstractConnector.java:601)
        at org.eclipse.jetty.util.thread.QueuedThreadPool.runJob(QueuedThreadPool.java:671)
        at org.eclipse.jetty.util.thread.QueuedThreadPool$2.run(QueuedThreadPool.java:589)
        at java.lang.Thread.run(Thread.java:748)
"pool-208-thread-38"  prio=5 tid=2686 in Object.wait()
java.lang.Thread.State: WAITING (on object monitor)
        at sun.misc.Unsafe.park(Native Method)
        at java.util.concurrent.locks.LockSupport.park(LockSupport.java:175)
        at java.util.concurrent.locks.AbstractQueuedSynchronizer$ConditionObject.await(AbstractQueuedSynchronizer.java:2039)
        at java.util.concurrent.ArrayBlockingQueue.take(ArrayBlockingQueue.java:403)
        at java.util.concurrent.ThreadPoolExecutor.getTask(ThreadPoolExecutor.java:1074)
        at java.util.concurrent.ThreadPoolExecutor.runWorker(ThreadPoolExecutor.java:1134)
        at java.util.concurrent.ThreadPoolExecutor$Worker.run(ThreadPoolExecutor.java:624)
        at java.lang.Thread.run(Thread.java:748)
"pool-188-thread-15"  prio=5 tid=2539 in Object.wait()
java.lang.Thread.State: WAITING (on object monitor)
        at sun.misc.Unsafe.park(Native Method)
        at java.util.concurrent.locks.LockSupport.park(LockSupport.java:175)
        at java.util.concurrent.locks.AbstractQueuedSynchronizer$ConditionObject.await(AbstractQueuedSynchronizer.java:2039)
        at java.util.concurrent.ArrayBlockingQueue.take(ArrayBlockingQueue.java:403)
        at java.util.concurrent.ThreadPoolExecutor.getTask(ThreadPoolExecutor.java:1074)
        at java.util.concurrent.ThreadPoolExecutor.runWorker(ThreadPoolExecutor.java:1134)
        at java.util.concurrent.ThreadPoolExecutor$Worker.run(ThreadPoolExecutor.java:624)
        at java.lang.Thread.run(Thread.java:748)
"pool-168-thread-5"  prio=5 tid=2405 in Object.wait()
java.lang.Thread.State: WAITING (on object monitor)
        at sun.misc.Unsafe.park(Native Method)
        at java.util.concurrent.locks.LockSupport.park(LockSupport.java:175)
        at java.util.concurrent.locks.AbstractQueuedSynchronizer$ConditionObject.await(AbstractQueuedSynchronizer.java:2039)
        at java.util.concurrent.ArrayBlockingQueue.take(ArrayBlockingQueue.java:403)
        at java.util.concurrent.ThreadPoolExecutor.getTask(ThreadPoolExecutor.java:1074)
        at java.util.concurrent.ThreadPoolExecutor.runWorker(ThreadPoolExecutor.java:1134)
        at java.util.concurrent.ThreadPoolExecutor$Worker.run(ThreadPoolExecutor.java:624)
        at java.lang.Thread.run(Thread.java:748)
"Datanode ReportManager Thread - 2" daemon prio=5 tid=2135 in Object.wait()
java.lang.Thread.State: WAITING (on object monitor)
        at sun.misc.Unsafe.park(Native Method)
        at java.util.concurrent.locks.LockSupport.park(LockSupport.java:175)
        at java.util.concurrent.locks.AbstractQueuedSynchronizer$ConditionObject.await(AbstractQueuedSynchronizer.java:2039)
        at java.util.concurrent.ScheduledThreadPoolExecutor$DelayedWorkQueue.take(ScheduledThreadPoolExecutor.java:1088)
        at java.util.concurrent.ScheduledThreadPoolExecutor$DelayedWorkQueue.take(ScheduledThreadPoolExecutor.java:809)
        at java.util.concurrent.ThreadPoolExecutor.getTask(ThreadPoolExecutor.java:1074)
        at java.util.concurrent.ThreadPoolExecutor.runWorker(ThreadPoolExecutor.java:1134)
        at java.util.concurrent.ThreadPoolExecutor$Worker.run(ThreadPoolExecutor.java:624)
        at java.lang.Thread.run(Thread.java:748)
"pool-178-thread-56"  prio=5 tid=2518 in Object.wait()
java.lang.Thread.State: WAITING (on object monitor)
        at sun.misc.Unsafe.park(Native Method)
        at java.util.concurrent.locks.LockSupport.park(LockSupport.java:175)
        at java.util.concurrent.locks.AbstractQueuedSynchronizer$ConditionObject.await(AbstractQueuedSynchronizer.java:2039)
        at java.util.concurrent.ArrayBlockingQueue.take(ArrayBlockingQueue.java:403)
        at java.util.concurrent.ThreadPoolExecutor.getTask(ThreadPoolExecutor.java:1074)
        at java.util.concurrent.ThreadPoolExecutor.runWorker(ThreadPoolExecutor.java:1134)
        at java.util.concurrent.ThreadPoolExecutor$Worker.run(ThreadPoolExecutor.java:624)
        at java.lang.Thread.run(Thread.java:748)
"pool-218-thread-27"  prio=5 tid=2737 in Object.wait()
java.lang.Thread.State: WAITING (on object monitor)
        at sun.misc.Unsafe.park(Native Method)
        at java.util.concurrent.locks.LockSupport.park(LockSupport.java:175)
        at java.util.concurrent.locks.AbstractQueuedSynchronizer$ConditionObject.await(AbstractQueuedSynchronizer.java:2039)
        at java.util.concurrent.ArrayBlockingQueue.take(ArrayBlockingQueue.java:403)
        at java.util.concurrent.ThreadPoolExecutor.getTask(ThreadPoolExecutor.java:1074)
        at java.util.concurrent.ThreadPoolExecutor.runWorker(ThreadPoolExecutor.java:1134)
        at java.util.concurrent.ThreadPoolExecutor$Worker.run(ThreadPoolExecutor.java:624)
        at java.lang.Thread.run(Thread.java:748)
"pool-178-thread-32"  prio=5 tid=2494 in Object.wait()
java.lang.Thread.State: WAITING (on object monitor)
        at sun.misc.Unsafe.park(Native Method)
        at java.util.concurrent.locks.LockSupport.park(LockSupport.java:175)
        at java.util.concurrent.locks.AbstractQueuedSynchronizer$ConditionObject.await(AbstractQueuedSynchronizer.java:2039)
        at java.util.concurrent.ArrayBlockingQueue.take(ArrayBlockingQueue.java:403)
        at java.util.concurrent.ThreadPoolExecutor.getTask(ThreadPoolExecutor.java:1074)
        at java.util.concurrent.ThreadPoolExecutor.runWorker(ThreadPoolExecutor.java:1134)
        at java.util.concurrent.ThreadPoolExecutor$Worker.run(ThreadPoolExecutor.java:624)
        at java.lang.Thread.run(Thread.java:748)
"Datanode ReportManager Thread - 0" daemon prio=5 tid=198 in Object.wait()
java.lang.Thread.State: WAITING (on object monitor)
        at sun.misc.Unsafe.park(Native Method)
        at java.util.concurrent.locks.LockSupport.park(LockSupport.java:175)
        at java.util.concurrent.locks.AbstractQueuedSynchronizer$ConditionObject.await(AbstractQueuedSynchronizer.java:2039)
        at java.util.concurrent.ScheduledThreadPoolExecutor$DelayedWorkQueue.take(ScheduledThreadPoolExecutor.java:1088)
        at java.util.concurrent.ScheduledThreadPoolExecutor$DelayedWorkQueue.take(ScheduledThreadPoolExecutor.java:809)
        at java.util.concurrent.ThreadPoolExecutor.getTask(ThreadPoolExecutor.java:1074)
        at java.util.concurrent.ThreadPoolExecutor.runWorker(ThreadPoolExecutor.java:1134)
        at java.util.concurrent.ThreadPoolExecutor$Worker.run(ThreadPoolExecutor.java:624)
        at java.lang.Thread.run(Thread.java:748)
"IPC Server handler 0 on 35120" daemon prio=5 tid=1889 timed_waiting
java.lang.Thread.State: TIMED_WAITING
        at sun.misc.Unsafe.park(Native Method)
        at java.util.concurrent.locks.LockSupport.parkNanos(LockSupport.java:215)
        at java.util.concurrent.locks.AbstractQueuedSynchronizer$ConditionObject.awaitNanos(AbstractQueuedSynchronizer.java:2078)
        at java.util.concurrent.LinkedBlockingQueue.poll(LinkedBlockingQueue.java:467)
        at org.apache.hadoop.ipc.CallQueueManager.take(CallQueueManager.java:288)
        at org.apache.hadoop.ipc.Server$Handler.run(Server.java:2668)
"c182b01b-afca-4fcd-8295-9462a850df3a@group-529DDC391E9C-StateMachineUpdater" daemon prio=5 tid=3136 in Object.wait()
java.lang.Thread.State: WAITING (on object monitor)
        at java.lang.Object.wait(Native Method)
        at java.lang.Object.wait(Object.java:502)
        at org.apache.ratis.server.impl.StateMachineUpdater.waitForCommit(StateMachineUpdater.java:194)
        at org.apache.ratis.server.impl.StateMachineUpdater.run(StateMachineUpdater.java:159)
        at java.lang.Thread.run(Thread.java:748)
"pool-168-thread-31"  prio=5 tid=2431 in Object.wait()
java.lang.Thread.State: WAITING (on object monitor)
        at sun.misc.Unsafe.park(Native Method)
        at java.util.concurrent.locks.LockSupport.park(LockSupport.java:175)
        at java.util.concurrent.locks.AbstractQueuedSynchronizer$ConditionObject.await(AbstractQueuedSynchronizer.java:2039)
        at java.util.concurrent.ArrayBlockingQueue.take(ArrayBlockingQueue.java:403)
        at java.util.concurrent.ThreadPoolExecutor.getTask(ThreadPoolExecutor.java:1074)
        at java.util.concurrent.ThreadPoolExecutor.runWorker(ThreadPoolExecutor.java:1134)
        at java.util.concurrent.ThreadPoolExecutor$Worker.run(ThreadPoolExecutor.java:624)
        at java.lang.Thread.run(Thread.java:748)
"BlockDeletingService#1" daemon prio=5 tid=2400 in Object.wait()
java.lang.Thread.State: WAITING (on object monitor)
        at sun.misc.Unsafe.park(Native Method)
        at java.util.concurrent.locks.LockSupport.park(LockSupport.java:175)
        at java.util.concurrent.locks.AbstractQueuedSynchronizer$ConditionObject.await(AbstractQueuedSynchronizer.java:2039)
        at java.util.concurrent.ScheduledThreadPoolExecutor$DelayedWorkQueue.take(ScheduledThreadPoolExecutor.java:1088)
        at java.util.concurrent.ScheduledThreadPoolExecutor$DelayedWorkQueue.take(ScheduledThreadPoolExecutor.java:809)
        at java.util.concurrent.ThreadPoolExecutor.getTask(ThreadPoolExecutor.java:1074)
        at java.util.concurrent.ThreadPoolExecutor.runWorker(ThreadPoolExecutor.java:1134)
        at java.util.concurrent.ThreadPoolExecutor$Worker.run(ThreadPoolExecutor.java:624)
        at java.lang.Thread.run(Thread.java:748)
"pool-238-thread-22"  prio=5 tid=2856 in Object.wait()
java.lang.Thread.State: WAITING (on object monitor)
        at sun.misc.Unsafe.park(Native Method)
        at java.util.concurrent.locks.LockSupport.park(LockSupport.java:175)
        at java.util.concurrent.locks.AbstractQueuedSynchronizer$ConditionObject.await(AbstractQueuedSynchronizer.java:2039)
        at java.util.concurrent.ArrayBlockingQueue.take(ArrayBlockingQueue.java:403)
        at java.util.concurrent.ThreadPoolExecutor.getTask(ThreadPoolExecutor.java:1074)
        at java.util.concurrent.ThreadPoolExecutor.runWorker(ThreadPoolExecutor.java:1134)
        at java.util.concurrent.ThreadPoolExecutor$Worker.run(ThreadPoolExecutor.java:624)
        at java.lang.Thread.run(Thread.java:748)
"pool-218-thread-28"  prio=5 tid=2738 in Object.wait()
java.lang.Thread.State: WAITING (on object monitor)
        at sun.misc.Unsafe.park(Native Method)
        at java.util.concurrent.locks.LockSupport.park(LockSupport.java:175)
        at java.util.concurrent.locks.AbstractQueuedSynchronizer$ConditionObject.await(AbstractQueuedSynchronizer.java:2039)
        at java.util.concurrent.ArrayBlockingQueue.take(ArrayBlockingQueue.java:403)
        at java.util.concurrent.ThreadPoolExecutor.getTask(ThreadPoolExecutor.java:1074)
        at java.util.concurrent.ThreadPoolExecutor.runWorker(ThreadPoolExecutor.java:1134)
        at java.util.concurrent.ThreadPoolExecutor$Worker.run(ThreadPoolExecutor.java:624)
        at java.lang.Thread.run(Thread.java:748)
"pool-168-thread-4"  prio=5 tid=2404 in Object.wait()
java.lang.Thread.State: WAITING (on object monitor)
        at sun.misc.Unsafe.park(Native Method)
        at java.util.concurrent.locks.LockSupport.park(LockSupport.java:175)
        at java.util.concurrent.locks.AbstractQueuedSynchronizer$ConditionObject.await(AbstractQueuedSynchronizer.java:2039)
        at java.util.concurrent.ArrayBlockingQueue.take(ArrayBlockingQueue.java:403)
        at java.util.concurrent.ThreadPoolExecutor.getTask(ThreadPoolExecutor.java:1074)
        at java.util.concurrent.ThreadPoolExecutor.runWorker(ThreadPoolExecutor.java:1134)
        at java.util.concurrent.ThreadPoolExecutor$Worker.run(ThreadPoolExecutor.java:624)
        at java.lang.Thread.run(Thread.java:748)
"qtp270313690-2122-acceptor-0@609f90f-ServerConnector@467233e4{HTTP/1.1,[http/1.1]}{0.0.0.0:40856}" daemon prio=3 tid=2122 runnable
java.lang.Thread.State: RUNNABLE
        at sun.nio.ch.ServerSocketChannelImpl.accept0(Native Method)
        at sun.nio.ch.ServerSocketChannelImpl.accept(ServerSocketChannelImpl.java:422)
        at sun.nio.ch.ServerSocketChannelImpl.accept(ServerSocketChannelImpl.java:250)
        at org.eclipse.jetty.server.ServerConnector.accept(ServerConnector.java:397)
        at org.eclipse.jetty.server.AbstractConnector$Acceptor.run(AbstractConnector.java:601)
        at org.eclipse.jetty.util.thread.QueuedThreadPool.runJob(QueuedThreadPool.java:671)
        at org.eclipse.jetty.util.thread.QueuedThreadPool$2.run(QueuedThreadPool.java:589)
        at java.lang.Thread.run(Thread.java:748)
"IPC Server handler 18 on 35120" daemon prio=5 tid=1907 timed_waiting
java.lang.Thread.State: TIMED_WAITING
        at sun.misc.Unsafe.park(Native Method)
        at java.util.concurrent.locks.LockSupport.parkNanos(LockSupport.java:215)
        at java.util.concurrent.locks.AbstractQueuedSynchronizer$ConditionObject.awaitNanos(AbstractQueuedSynchronizer.java:2078)
        at java.util.concurrent.LinkedBlockingQueue.poll(LinkedBlockingQueue.java:467)
        at org.apache.hadoop.ipc.CallQueueManager.take(CallQueueManager.java:288)
        at org.apache.hadoop.ipc.Server$Handler.run(Server.java:2668)
"java.util.concurrent.ThreadPoolExecutor$Worker@106f8411[State = -1, empty queue]" daemon prio=5 tid=3214 runnable
java.lang.Thread.State: RUNNABLE
        at java.util.concurrent.ScheduledThreadPoolExecutor$DelayedWorkQueue.poll(ScheduledThreadPoolExecutor.java:809)
        at java.util.concurrent.ThreadPoolExecutor.getTask(ThreadPoolExecutor.java:1073)
        at java.util.concurrent.ThreadPoolExecutor.runWorker(ThreadPoolExecutor.java:1134)
        at java.util.concurrent.ThreadPoolExecutor$Worker.run(ThreadPoolExecutor.java:624)
        at java.lang.Thread.run(Thread.java:748)
"Datanode State Machine Thread - 0" daemon prio=5 tid=2166 timed_waiting
java.lang.Thread.State: TIMED_WAITING
        at sun.misc.Unsafe.park(Native Method)
        at java.util.concurrent.locks.LockSupport.parkNanos(LockSupport.java:215)
        at java.util.concurrent.SynchronousQueue$TransferStack.awaitFulfill(SynchronousQueue.java:460)
        at java.util.concurrent.SynchronousQueue$TransferStack.transfer(SynchronousQueue.java:362)
        at java.util.concurrent.SynchronousQueue.poll(SynchronousQueue.java:941)
        at java.util.concurrent.ThreadPoolExecutor.getTask(ThreadPoolExecutor.java:1073)
        at java.util.concurrent.ThreadPoolExecutor.runWorker(ThreadPoolExecutor.java:1134)
        at java.util.concurrent.ThreadPoolExecutor$Worker.run(ThreadPoolExecutor.java:624)
        at java.lang.Thread.run(Thread.java:748)
"qtp769195805-2018" daemon prio=5 tid=2018 timed_waiting
java.lang.Thread.State: TIMED_WAITING
        at sun.misc.Unsafe.park(Native Method)
        at java.util.concurrent.locks.LockSupport.parkNanos(LockSupport.java:215)
        at java.util.concurrent.locks.AbstractQueuedSynchronizer$ConditionObject.awaitNanos(AbstractQueuedSynchronizer.java:2078)
        at org.eclipse.jetty.util.BlockingArrayQueue.poll(BlockingArrayQueue.java:392)
        at org.eclipse.jetty.util.thread.QueuedThreadPool.idleJobPoll(QueuedThreadPool.java:563)
        at org.eclipse.jetty.util.thread.QueuedThreadPool.access$800(QueuedThreadPool.java:48)
        at org.eclipse.jetty.util.thread.QueuedThreadPool$2.run(QueuedThreadPool.java:626)
        at java.lang.Thread.run(Thread.java:748)
"pool-228-thread-55"  prio=5 tid=2827 in Object.wait()
java.lang.Thread.State: WAITING (on object monitor)
        at sun.misc.Unsafe.park(Native Method)
        at java.util.concurrent.locks.LockSupport.park(LockSupport.java:175)
        at java.util.concurrent.locks.AbstractQueuedSynchronizer$ConditionObject.await(AbstractQueuedSynchronizer.java:2039)
        at java.util.concurrent.ArrayBlockingQueue.take(ArrayBlockingQueue.java:403)
        at java.util.concurrent.ThreadPoolExecutor.getTask(ThreadPoolExecutor.java:1074)
        at java.util.concurrent.ThreadPoolExecutor.runWorker(ThreadPoolExecutor.java:1134)
        at java.util.concurrent.ThreadPoolExecutor$Worker.run(ThreadPoolExecutor.java:624)
        at java.lang.Thread.run(Thread.java:748)
"org.eclipse.jetty.server.session.HashSessionManager@217bf99eTimer" daemon prio=5 tid=2023 timed_waiting
java.lang.Thread.State: TIMED_WAITING
        at sun.misc.Unsafe.park(Native Method)
        at java.util.concurrent.locks.LockSupport.parkNanos(LockSupport.java:215)
        at java.util.concurrent.locks.AbstractQueuedSynchronizer$ConditionObject.awaitNanos(AbstractQueuedSynchronizer.java:2078)
        at java.util.concurrent.ScheduledThreadPoolExecutor$DelayedWorkQueue.take(ScheduledThreadPoolExecutor.java:1093)
        at java.util.concurrent.ScheduledThreadPoolExecutor$DelayedWorkQueue.take(ScheduledThreadPoolExecutor.java:809)
        at java.util.concurrent.ThreadPoolExecutor.getTask(ThreadPoolExecutor.java:1074)
        at java.util.concurrent.ThreadPoolExecutor.runWorker(ThreadPoolExecutor.java:1134)
        at java.util.concurrent.ThreadPoolExecutor$Worker.run(ThreadPoolExecutor.java:624)
        at java.lang.Thread.run(Thread.java:748)
"qtp98459285-1956" daemon prio=5 tid=1956 timed_waiting
java.lang.Thread.State: TIMED_WAITING
        at sun.misc.Unsafe.park(Native Method)
        at java.util.concurrent.locks.LockSupport.parkNanos(LockSupport.java:215)
        at java.util.concurrent.locks.AbstractQueuedSynchronizer$ConditionObject.awaitNanos(AbstractQueuedSynchronizer.java:2078)
        at org.eclipse.jetty.util.BlockingArrayQueue.poll(BlockingArrayQueue.java:392)
        at org.eclipse.jetty.util.thread.QueuedThreadPool.idleJobPoll(QueuedThreadPool.java:563)
        at org.eclipse.jetty.util.thread.QueuedThreadPool.access$800(QueuedThreadPool.java:48)
        at org.eclipse.jetty.util.thread.QueuedThreadPool$2.run(QueuedThreadPool.java:626)
        at java.lang.Thread.run(Thread.java:748)
"pool-188-thread-35"  prio=5 tid=2559 in Object.wait()
java.lang.Thread.State: WAITING (on object monitor)
        at sun.misc.Unsafe.park(Native Method)
        at java.util.concurrent.locks.LockSupport.park(LockSupport.java:175)
        at java.util.concurrent.locks.AbstractQueuedSynchronizer$ConditionObject.await(AbstractQueuedSynchronizer.java:2039)
        at java.util.concurrent.ArrayBlockingQueue.take(ArrayBlockingQueue.java:403)
        at java.util.concurrent.ThreadPoolExecutor.getTask(ThreadPoolExecutor.java:1074)
        at java.util.concurrent.ThreadPoolExecutor.runWorker(ThreadPoolExecutor.java:1134)
        at java.util.concurrent.ThreadPoolExecutor$Worker.run(ThreadPoolExecutor.java:624)
        at java.lang.Thread.run(Thread.java:748)
"pool-148-thread-53"  prio=5 tid=2328 in Object.wait()
java.lang.Thread.State: WAITING (on object monitor)
        at sun.misc.Unsafe.park(Native Method)
        at java.util.concurrent.locks.LockSupport.park(LockSupport.java:175)
        at java.util.concurrent.locks.AbstractQueuedSynchronizer$ConditionObject.await(AbstractQueuedSynchronizer.java:2039)
        at java.util.concurrent.ArrayBlockingQueue.take(ArrayBlockingQueue.java:403)
        at java.util.concurrent.ThreadPoolExecutor.getTask(ThreadPoolExecutor.java:1074)
        at java.util.concurrent.ThreadPoolExecutor.runWorker(ThreadPoolExecutor.java:1134)
        at java.util.concurrent.ThreadPoolExecutor$Worker.run(ThreadPoolExecutor.java:624)
        at java.lang.Thread.run(Thread.java:748)
"pool-148-thread-42"  prio=5 tid=2317 in Object.wait()
java.lang.Thread.State: WAITING (on object monitor)
        at sun.misc.Unsafe.park(Native Method)
        at java.util.concurrent.locks.LockSupport.park(LockSupport.java:175)
        at java.util.concurrent.locks.AbstractQueuedSynchronizer$ConditionObject.await(AbstractQueuedSynchronizer.java:2039)
        at java.util.concurrent.ArrayBlockingQueue.take(ArrayBlockingQueue.java:403)
        at java.util.concurrent.ThreadPoolExecutor.getTask(ThreadPoolExecutor.java:1074)
        at java.util.concurrent.ThreadPoolExecutor.runWorker(ThreadPoolExecutor.java:1134)
        at java.util.concurrent.ThreadPoolExecutor$Worker.run(ThreadPoolExecutor.java:624)
        at java.lang.Thread.run(Thread.java:748)
"pool-148-thread-8"  prio=5 tid=2283 in Object.wait()
java.lang.Thread.State: WAITING (on object monitor)
        at sun.misc.Unsafe.park(Native Method)
        at java.util.concurrent.locks.LockSupport.park(LockSupport.java:175)
        at java.util.concurrent.locks.AbstractQueuedSynchronizer$ConditionObject.await(AbstractQueuedSynchronizer.java:2039)
        at java.util.concurrent.ArrayBlockingQueue.take(ArrayBlockingQueue.java:403)
        at java.util.concurrent.ThreadPoolExecutor.getTask(ThreadPoolExecutor.java:1074)
        at java.util.concurrent.ThreadPoolExecutor.runWorker(ThreadPoolExecutor.java:1134)
        at java.util.concurrent.ThreadPoolExecutor$Worker.run(ThreadPoolExecutor.java:624)
        at java.lang.Thread.run(Thread.java:748)
"qtp1583082378-2230-acceptor-0@75e08f46-ServerConnector@7a6ea47d{HTTP/1.1,[http/1.1]}{0.0.0.0:34956}" daemon prio=3 tid=2230 runnable
java.lang.Thread.State: RUNNABLE
        at sun.nio.ch.ServerSocketChannelImpl.accept0(Native Method)
        at sun.nio.ch.ServerSocketChannelImpl.accept(ServerSocketChannelImpl.java:422)
        at sun.nio.ch.ServerSocketChannelImpl.accept(ServerSocketChannelImpl.java:250)
        at org.eclipse.jetty.server.ServerConnector.accept(ServerConnector.java:397)
        at org.eclipse.jetty.server.AbstractConnector$Acceptor.run(AbstractConnector.java:601)
        at org.eclipse.jetty.util.thread.QueuedThreadPool.runJob(QueuedThreadPool.java:671)
        at org.eclipse.jetty.util.thread.QueuedThreadPool$2.run(QueuedThreadPool.java:589)
        at java.lang.Thread.run(Thread.java:748)
"IPC Server handler 4 on 35120" daemon prio=5 tid=1893 timed_waiting
java.lang.Thread.State: TIMED_WAITING
        at sun.misc.Unsafe.park(Native Method)
        at java.util.concurrent.locks.LockSupport.parkNanos(LockSupport.java:215)
        at java.util.concurrent.locks.AbstractQueuedSynchronizer$ConditionObject.awaitNanos(AbstractQueuedSynchronizer.java:2078)
        at java.util.concurrent.LinkedBlockingQueue.poll(LinkedBlockingQueue.java:467)
        at org.apache.hadoop.ipc.CallQueueManager.take(CallQueueManager.java:288)
        at org.apache.hadoop.ipc.Server$Handler.run(Server.java:2668)
"pool-158-thread-51"  prio=5 tid=2389 in Object.wait()
java.lang.Thread.State: WAITING (on object monitor)
        at sun.misc.Unsafe.park(Native Method)
        at java.util.concurrent.locks.LockSupport.park(LockSupport.java:175)
        at java.util.concurrent.locks.AbstractQueuedSynchronizer$ConditionObject.await(AbstractQueuedSynchronizer.java:2039)
        at java.util.concurrent.ArrayBlockingQueue.take(ArrayBlockingQueue.java:403)
        at java.util.concurrent.ThreadPoolExecutor.getTask(ThreadPoolExecutor.java:1074)
        at java.util.concurrent.ThreadPoolExecutor.runWorker(ThreadPoolExecutor.java:1134)
        at java.util.concurrent.ThreadPoolExecutor$Worker.run(ThreadPoolExecutor.java:624)
        at java.lang.Thread.run(Thread.java:748)
"pool-178-thread-22"  prio=5 tid=2484 in Object.wait()
java.lang.Thread.State: WAITING (on object monitor)
        at sun.misc.Unsafe.park(Native Method)
        at java.util.concurrent.locks.LockSupport.park(LockSupport.java:175)
        at java.util.concurrent.locks.AbstractQueuedSynchronizer$ConditionObject.await(AbstractQueuedSynchronizer.java:2039)
        at java.util.concurrent.ArrayBlockingQueue.take(ArrayBlockingQueue.java:403)
        at java.util.concurrent.ThreadPoolExecutor.getTask(ThreadPoolExecutor.java:1074)
        at java.util.concurrent.ThreadPoolExecutor.runWorker(ThreadPoolExecutor.java:1134)
        at java.util.concurrent.ThreadPoolExecutor$Worker.run(ThreadPoolExecutor.java:624)
        at java.lang.Thread.run(Thread.java:748)
"pool-178-thread-8"  prio=5 tid=2470 in Object.wait()
java.lang.Thread.State: WAITING (on object monitor)
        at sun.misc.Unsafe.park(Native Method)
        at java.util.concurrent.locks.LockSupport.park(LockSupport.java:175)
        at java.util.concurrent.locks.AbstractQueuedSynchronizer$ConditionObject.await(AbstractQueuedSynchronizer.java:2039)
        at java.util.concurrent.ArrayBlockingQueue.take(ArrayBlockingQueue.java:403)
        at java.util.concurrent.ThreadPoolExecutor.getTask(ThreadPoolExecutor.java:1074)
        at java.util.concurrent.ThreadPoolExecutor.runWorker(ThreadPoolExecutor.java:1134)
        at java.util.concurrent.ThreadPoolExecutor$Worker.run(ThreadPoolExecutor.java:624)
        at java.lang.Thread.run(Thread.java:748)
"qtp841721161-2071" daemon prio=5 tid=2071 timed_waiting
java.lang.Thread.State: TIMED_WAITING
        at sun.misc.Unsafe.park(Native Method)
        at java.util.concurrent.locks.LockSupport.parkNanos(LockSupport.java:215)
        at java.util.concurrent.locks.AbstractQueuedSynchronizer$ConditionObject.awaitNanos(AbstractQueuedSynchronizer.java:2078)
        at org.eclipse.jetty.util.BlockingArrayQueue.poll(BlockingArrayQueue.java:392)
        at org.eclipse.jetty.util.thread.QueuedThreadPool.idleJobPoll(QueuedThreadPool.java:563)
        at org.eclipse.jetty.util.thread.QueuedThreadPool.access$800(QueuedThreadPool.java:48)
        at org.eclipse.jetty.util.thread.QueuedThreadPool$2.run(QueuedThreadPool.java:626)
        at java.lang.Thread.run(Thread.java:748)
"pool-238-thread-2"  prio=5 tid=2836 in Object.wait()
java.lang.Thread.State: WAITING (on object monitor)
        at sun.misc.Unsafe.park(Native Method)
        at java.util.concurrent.locks.LockSupport.park(LockSupport.java:175)
        at java.util.concurrent.locks.AbstractQueuedSynchronizer$ConditionObject.await(AbstractQueuedSynchronizer.java:2039)
        at java.util.concurrent.ArrayBlockingQueue.take(ArrayBlockingQueue.java:403)
        at java.util.concurrent.ThreadPoolExecutor.getTask(ThreadPoolExecutor.java:1074)
        at java.util.concurrent.ThreadPoolExecutor.runWorker(ThreadPoolExecutor.java:1134)
        at java.util.concurrent.ThreadPoolExecutor$Worker.run(ThreadPoolExecutor.java:624)
        at java.lang.Thread.run(Thread.java:748)
"pool-228-thread-16"  prio=5 tid=2788 in Object.wait()
java.lang.Thread.State: WAITING (on object monitor)
        at sun.misc.Unsafe.park(Native Method)
        at java.util.concurrent.locks.LockSupport.park(LockSupport.java:175)
        at java.util.concurrent.locks.AbstractQueuedSynchronizer$ConditionObject.await(AbstractQueuedSynchronizer.java:2039)
        at java.util.concurrent.ArrayBlockingQueue.take(ArrayBlockingQueue.java:403)
        at java.util.concurrent.ThreadPoolExecutor.getTask(ThreadPoolExecutor.java:1074)
        at java.util.concurrent.ThreadPoolExecutor.runWorker(ThreadPoolExecutor.java:1134)
        at java.util.concurrent.ThreadPoolExecutor$Worker.run(ThreadPoolExecutor.java:624)
        at java.lang.Thread.run(Thread.java:748)
"Thread-1575" daemon prio=5 tid=3234 timed_waiting
java.lang.Thread.State: TIMED_WAITING
        at sun.misc.Unsafe.park(Native Method)
        at java.util.concurrent.locks.LockSupport.parkNanos(LockSupport.java:215)
        at java.util.concurrent.locks.AbstractQueuedSynchronizer$ConditionObject.awaitNanos(AbstractQueuedSynchronizer.java:2078)
        at java.util.concurrent.ArrayBlockingQueue.poll(ArrayBlockingQueue.java:418)
        at org.apache.ratis.server.impl.LeaderState$EventQueue.poll(LeaderState.java:115)
        at org.apache.ratis.server.impl.LeaderState$EventProcessor.run(LeaderState.java:467)
"ReplicationMonitor" daemon prio=5 tid=3082 timed_waiting
java.lang.Thread.State: TIMED_WAITING
        at java.lang.Object.wait(Native Method)
        at org.apache.hadoop.hdds.scm.container.ReplicationManager.run(ReplicationManager.java:229)
        at org.apache.hadoop.hdds.scm.container.ReplicationManager$$Lambda$437/739395820.run(Unknown Source)
        at java.lang.Thread.run(Thread.java:748)
"pool-218-thread-55"  prio=5 tid=2765 in Object.wait()
java.lang.Thread.State: WAITING (on object monitor)
        at sun.misc.Unsafe.park(Native Method)
        at java.util.concurrent.locks.LockSupport.park(LockSupport.java:175)
        at java.util.concurrent.locks.AbstractQueuedSynchronizer$ConditionObject.await(AbstractQueuedSynchronizer.java:2039)
        at java.util.concurrent.ArrayBlockingQueue.take(ArrayBlockingQueue.java:403)
        at java.util.concurrent.ThreadPoolExecutor.getTask(ThreadPoolExecutor.java:1074)
        at java.util.concurrent.ThreadPoolExecutor.runWorker(ThreadPoolExecutor.java:1134)
        at java.util.concurrent.ThreadPoolExecutor$Worker.run(ThreadPoolExecutor.java:624)
        at java.lang.Thread.run(Thread.java:748)
"qtp457245448-2100" daemon prio=5 tid=2100 timed_waiting
java.lang.Thread.State: TIMED_WAITING
        at sun.misc.Unsafe.park(Native Method)
        at java.util.concurrent.locks.LockSupport.parkNanos(LockSupport.java:215)
        at java.util.concurrent.locks.AbstractQueuedSynchronizer$ConditionObject.awaitNanos(AbstractQueuedSynchronizer.java:2078)
        at org.eclipse.jetty.util.BlockingArrayQueue.poll(BlockingArrayQueue.java:392)
        at org.eclipse.jetty.util.thread.QueuedThreadPool.idleJobPoll(QueuedThreadPool.java:563)
        at org.eclipse.jetty.util.thread.QueuedThreadPool.access$800(QueuedThreadPool.java:48)
        at org.eclipse.jetty.util.thread.QueuedThreadPool$2.run(QueuedThreadPool.java:626)
        at java.lang.Thread.run(Thread.java:748)
"pool-218-thread-15"  prio=5 tid=2725 in Object.wait()
java.lang.Thread.State: WAITING (on object monitor)
        at sun.misc.Unsafe.park(Native Method)
        at java.util.concurrent.locks.LockSupport.park(LockSupport.java:175)
        at java.util.concurrent.locks.AbstractQueuedSynchronizer$ConditionObject.await(AbstractQueuedSynchronizer.java:2039)
        at java.util.concurrent.ArrayBlockingQueue.take(ArrayBlockingQueue.java:403)
        at java.util.concurrent.ThreadPoolExecutor.getTask(ThreadPoolExecutor.java:1074)
        at java.util.concurrent.ThreadPoolExecutor.runWorker(ThreadPoolExecutor.java:1134)
        at java.util.concurrent.ThreadPoolExecutor$Worker.run(ThreadPoolExecutor.java:624)
        at java.lang.Thread.run(Thread.java:748)
"PartialTableCache Cleanup Thread - 0" daemon prio=5 tid=3072 in Object.wait()
java.lang.Thread.State: WAITING (on object monitor)
        at sun.misc.Unsafe.park(Native Method)
        at java.util.concurrent.locks.LockSupport.park(LockSupport.java:175)
        at java.util.concurrent.locks.AbstractQueuedSynchronizer$ConditionObject.await(AbstractQueuedSynchronizer.java:2039)
        at java.util.concurrent.LinkedBlockingQueue.take(LinkedBlockingQueue.java:442)
        at java.util.concurrent.ThreadPoolExecutor.getTask(ThreadPoolExecutor.java:1074)
        at java.util.concurrent.ThreadPoolExecutor.runWorker(ThreadPoolExecutor.java:1134)
        at java.util.concurrent.ThreadPoolExecutor$Worker.run(ThreadPoolExecutor.java:624)
        at java.lang.Thread.run(Thread.java:748)
"Command processor thread" daemon prio=5 tid=2137 timed_waiting
java.lang.Thread.State: TIMED_WAITING
        at java.lang.Thread.sleep(Native Method)
        at org.apache.hadoop.ozone.container.common.statemachine.DatanodeStateMachine.lambda$initCommandHandlerThread$1(DatanodeStateMachine.java:444)
        at org.apache.hadoop.ozone.container.common.statemachine.DatanodeStateMachine$$Lambda$142/1059342576.run(Unknown Source)
        at java.lang.Thread.run(Thread.java:748)
"qtp984235065-2042" daemon prio=5 tid=2042 timed_waiting
java.lang.Thread.State: TIMED_WAITING
        at sun.misc.Unsafe.park(Native Method)
        at java.util.concurrent.locks.LockSupport.parkNanos(LockSupport.java:215)
        at java.util.concurrent.locks.AbstractQueuedSynchronizer$ConditionObject.awaitNanos(AbstractQueuedSynchronizer.java:2078)
        at org.eclipse.jetty.util.BlockingArrayQueue.poll(BlockingArrayQueue.java:392)
        at org.eclipse.jetty.util.thread.QueuedThreadPool.idleJobPoll(QueuedThreadPool.java:563)
        at org.eclipse.jetty.util.thread.QueuedThreadPool.access$800(QueuedThreadPool.java:48)
        at org.eclipse.jetty.util.thread.QueuedThreadPool$2.run(QueuedThreadPool.java:626)
        at java.lang.Thread.run(Thread.java:748)
"pool-208-thread-33"  prio=5 tid=2681 in Object.wait()
java.lang.Thread.State: WAITING (on object monitor)
        at sun.misc.Unsafe.park(Native Method)
        at java.util.concurrent.locks.LockSupport.park(LockSupport.java:175)
        at java.util.concurrent.locks.AbstractQueuedSynchronizer$ConditionObject.await(AbstractQueuedSynchronizer.java:2039)
        at java.util.concurrent.ArrayBlockingQueue.take(ArrayBlockingQueue.java:403)
        at java.util.concurrent.ThreadPoolExecutor.getTask(ThreadPoolExecutor.java:1074)
        at java.util.concurrent.ThreadPoolExecutor.runWorker(ThreadPoolExecutor.java:1134)
        at java.util.concurrent.ThreadPoolExecutor$Worker.run(ThreadPoolExecutor.java:624)
        at java.lang.Thread.run(Thread.java:748)
"pool-238-thread-57"  prio=5 tid=2891 in Object.wait()
java.lang.Thread.State: WAITING (on object monitor)
        at sun.misc.Unsafe.park(Native Method)
        at java.util.concurrent.locks.LockSupport.park(LockSupport.java:175)
        at java.util.concurrent.locks.AbstractQueuedSynchronizer$ConditionObject.await(AbstractQueuedSynchronizer.java:2039)
        at java.util.concurrent.ArrayBlockingQueue.take(ArrayBlockingQueue.java:403)
        at java.util.concurrent.ThreadPoolExecutor.getTask(ThreadPoolExecutor.java:1074)
        at java.util.concurrent.ThreadPoolExecutor.runWorker(ThreadPoolExecutor.java:1134)
        at java.util.concurrent.ThreadPoolExecutor$Worker.run(ThreadPoolExecutor.java:624)
        at java.lang.Thread.run(Thread.java:748)
"pool-238-thread-3"  prio=5 tid=2837 in Object.wait()
java.lang.Thread.State: WAITING (on object monitor)
        at sun.misc.Unsafe.park(Native Method)
        at java.util.concurrent.locks.LockSupport.park(LockSupport.java:175)
        at java.util.concurrent.locks.AbstractQueuedSynchronizer$ConditionObject.await(AbstractQueuedSynchronizer.java:2039)
        at java.util.concurrent.ArrayBlockingQueue.take(ArrayBlockingQueue.java:403)
        at java.util.concurrent.ThreadPoolExecutor.getTask(ThreadPoolExecutor.java:1074)
        at java.util.concurrent.ThreadPoolExecutor.runWorker(ThreadPoolExecutor.java:1134)
        at java.util.concurrent.ThreadPoolExecutor$Worker.run(ThreadPoolExecutor.java:624)
        at java.lang.Thread.run(Thread.java:748)
"pool-238-thread-41"  prio=5 tid=2875 in Object.wait()
java.lang.Thread.State: WAITING (on object monitor)
        at sun.misc.Unsafe.park(Native Method)
        at java.util.concurrent.locks.LockSupport.park(LockSupport.java:175)
        at java.util.concurrent.locks.AbstractQueuedSynchronizer$ConditionObject.await(AbstractQueuedSynchronizer.java:2039)
        at java.util.concurrent.ArrayBlockingQueue.take(ArrayBlockingQueue.java:403)
        at java.util.concurrent.ThreadPoolExecutor.getTask(ThreadPoolExecutor.java:1074)
        at java.util.concurrent.ThreadPoolExecutor.runWorker(ThreadPoolExecutor.java:1134)
        at java.util.concurrent.ThreadPoolExecutor$Worker.run(ThreadPoolExecutor.java:624)
        at java.lang.Thread.run(Thread.java:748)
"EventQueue-IncrementalContainerReportForIncrementalContainerReportHandler" daemon prio=5 tid=3083 in Object.wait()
java.lang.Thread.State: WAITING (on object monitor)
        at sun.misc.Unsafe.park(Native Method)
        at java.util.concurrent.locks.LockSupport.park(LockSupport.java:175)
        at java.util.concurrent.locks.AbstractQueuedSynchronizer$ConditionObject.await(AbstractQueuedSynchronizer.java:2039)
        at java.util.concurrent.LinkedBlockingQueue.take(LinkedBlockingQueue.java:442)
        at java.util.concurrent.ThreadPoolExecutor.getTask(ThreadPoolExecutor.java:1074)
        at java.util.concurrent.ThreadPoolExecutor.runWorker(ThreadPoolExecutor.java:1134)
        at java.util.concurrent.ThreadPoolExecutor$Worker.run(ThreadPoolExecutor.java:624)
        at java.lang.Thread.run(Thread.java:748)
"Command processor thread" daemon prio=5 tid=2110 timed_waiting
java.lang.Thread.State: TIMED_WAITING
        at java.lang.Thread.sleep(Native Method)
        at org.apache.hadoop.ozone.container.common.statemachine.DatanodeStateMachine.lambda$initCommandHandlerThread$1(DatanodeStateMachine.java:444)
        at org.apache.hadoop.ozone.container.common.statemachine.DatanodeStateMachine$$Lambda$142/1059342576.run(Unknown Source)
        at java.lang.Thread.run(Thread.java:748)
"pool-198-thread-51"  prio=5 tid=2637 in Object.wait()
java.lang.Thread.State: WAITING (on object monitor)
        at sun.misc.Unsafe.park(Native Method)
        at java.util.concurrent.locks.LockSupport.park(LockSupport.java:175)
        at java.util.concurrent.locks.AbstractQueuedSynchronizer$ConditionObject.await(AbstractQueuedSynchronizer.java:2039)
        at java.util.concurrent.ArrayBlockingQueue.take(ArrayBlockingQueue.java:403)
        at java.util.concurrent.ThreadPoolExecutor.getTask(ThreadPoolExecutor.java:1074)
        at java.util.concurrent.ThreadPoolExecutor.runWorker(ThreadPoolExecutor.java:1134)
        at java.util.concurrent.ThreadPoolExecutor$Worker.run(ThreadPoolExecutor.java:624)
        at java.lang.Thread.run(Thread.java:748)
"pool-178-thread-6"  prio=5 tid=2468 in Object.wait()
java.lang.Thread.State: WAITING (on object monitor)
        at sun.misc.Unsafe.park(Native Method)
        at java.util.concurrent.locks.LockSupport.park(LockSupport.java:175)
        at java.util.concurrent.locks.AbstractQueuedSynchronizer$ConditionObject.await(AbstractQueuedSynchronizer.java:2039)
        at java.util.concurrent.ArrayBlockingQueue.take(ArrayBlockingQueue.java:403)
        at java.util.concurrent.ThreadPoolExecutor.getTask(ThreadPoolExecutor.java:1074)
        at java.util.concurrent.ThreadPoolExecutor.runWorker(ThreadPoolExecutor.java:1134)
        at java.util.concurrent.ThreadPoolExecutor$Worker.run(ThreadPoolExecutor.java:624)
        at java.lang.Thread.run(Thread.java:748)
"pool-206-thread-1" daemon prio=5 tid=2172 timed_waiting
java.lang.Thread.State: TIMED_WAITING
        at sun.misc.Unsafe.park(Native Method)
        at java.util.concurrent.locks.LockSupport.parkNanos(LockSupport.java:215)
        at java.util.concurrent.locks.AbstractQueuedSynchronizer$ConditionObject.awaitNanos(AbstractQueuedSynchronizer.java:2078)
        at java.util.concurrent.ScheduledThreadPoolExecutor$DelayedWorkQueue.take(ScheduledThreadPoolExecutor.java:1093)
        at java.util.concurrent.ScheduledThreadPoolExecutor$DelayedWorkQueue.take(ScheduledThreadPoolExecutor.java:809)
        at java.util.concurrent.ThreadPoolExecutor.getTask(ThreadPoolExecutor.java:1074)
        at java.util.concurrent.ThreadPoolExecutor.runWorker(ThreadPoolExecutor.java:1134)
        at java.util.concurrent.ThreadPoolExecutor$Worker.run(ThreadPoolExecutor.java:624)
        at java.lang.Thread.run(Thread.java:748)
"grpc-default-worker-ELG-3-3" daemon prio=5 tid=1055 runnable
java.lang.Thread.State: RUNNABLE
        at sun.nio.ch.EPollArrayWrapper.epollWait(Native Method)
        at sun.nio.ch.EPollArrayWrapper.poll(EPollArrayWrapper.java:269)
        at sun.nio.ch.EPollSelectorImpl.doSelect(EPollSelectorImpl.java:93)
        at sun.nio.ch.SelectorImpl.lockAndDoSelect(SelectorImpl.java:86)
        at sun.nio.ch.SelectorImpl.select(SelectorImpl.java:97)
        at org.apache.ratis.thirdparty.io.netty.channel.nio.SelectedSelectionKeySetSelector.select(SelectedSelectionKeySetSelector.java:62)
        at org.apache.ratis.thirdparty.io.netty.channel.nio.NioEventLoop.select(NioEventLoop.java:753)
        at org.apache.ratis.thirdparty.io.netty.channel.nio.NioEventLoop.run(NioEventLoop.java:408)
        at org.apache.ratis.thirdparty.io.netty.util.concurrent.SingleThreadEventExecutor$5.run(SingleThreadEventExecutor.java:897)
        at org.apache.ratis.thirdparty.io.netty.util.concurrent.FastThreadLocalRunnable.run(FastThreadLocalRunnable.java:30)
        at java.lang.Thread.run(Thread.java:748)
"pool-178-thread-38"  prio=5 tid=2500 in Object.wait()
java.lang.Thread.State: WAITING (on object monitor)
        at sun.misc.Unsafe.park(Native Method)
        at java.util.concurrent.locks.LockSupport.park(LockSupport.java:175)
        at java.util.concurrent.locks.AbstractQueuedSynchronizer$ConditionObject.await(AbstractQueuedSynchronizer.java:2039)
        at java.util.concurrent.ArrayBlockingQueue.take(ArrayBlockingQueue.java:403)
        at java.util.concurrent.ThreadPoolExecutor.getTask(ThreadPoolExecutor.java:1074)
        at java.util.concurrent.ThreadPoolExecutor.runWorker(ThreadPoolExecutor.java:1134)
        at java.util.concurrent.ThreadPoolExecutor$Worker.run(ThreadPoolExecutor.java:624)
        at java.lang.Thread.run(Thread.java:748)
"pool-178-thread-30"  prio=5 tid=2492 in Object.wait()
java.lang.Thread.State: WAITING (on object monitor)
        at sun.misc.Unsafe.park(Native Method)
        at java.util.concurrent.locks.LockSupport.park(LockSupport.java:175)
        at java.util.concurrent.locks.AbstractQueuedSynchronizer$ConditionObject.await(AbstractQueuedSynchronizer.java:2039)
        at java.util.concurrent.ArrayBlockingQueue.take(ArrayBlockingQueue.java:403)
        at java.util.concurrent.ThreadPoolExecutor.getTask(ThreadPoolExecutor.java:1074)
        at java.util.concurrent.ThreadPoolExecutor.runWorker(ThreadPoolExecutor.java:1134)
        at java.util.concurrent.ThreadPoolExecutor$Worker.run(ThreadPoolExecutor.java:624)
        at java.lang.Thread.run(Thread.java:748)
"pool-158-thread-14"  prio=5 tid=2352 in Object.wait()
java.lang.Thread.State: WAITING (on object monitor)
        at sun.misc.Unsafe.park(Native Method)
        at java.util.concurrent.locks.LockSupport.park(LockSupport.java:175)
        at java.util.concurrent.locks.AbstractQueuedSynchronizer$ConditionObject.await(AbstractQueuedSynchronizer.java:2039)
        at java.util.concurrent.ArrayBlockingQueue.take(ArrayBlockingQueue.java:403)
        at java.util.concurrent.ThreadPoolExecutor.getTask(ThreadPoolExecutor.java:1074)
        at java.util.concurrent.ThreadPoolExecutor.runWorker(ThreadPoolExecutor.java:1134)
        at java.util.concurrent.ThreadPoolExecutor$Worker.run(ThreadPoolExecutor.java:624)
        at java.lang.Thread.run(Thread.java:748)
"qtp841721161-2069" daemon prio=5 tid=2069 timed_waiting
java.lang.Thread.State: TIMED_WAITING
        at sun.misc.Unsafe.park(Native Method)
        at java.util.concurrent.locks.LockSupport.parkNanos(LockSupport.java:215)
        at java.util.concurrent.locks.AbstractQueuedSynchronizer$ConditionObject.awaitNanos(AbstractQueuedSynchronizer.java:2078)
        at org.eclipse.jetty.util.BlockingArrayQueue.poll(BlockingArrayQueue.java:392)
        at org.eclipse.jetty.util.thread.QueuedThreadPool.idleJobPoll(QueuedThreadPool.java:563)
        at org.eclipse.jetty.util.thread.QueuedThreadPool.access$800(QueuedThreadPool.java:48)
        at org.eclipse.jetty.util.thread.QueuedThreadPool$2.run(QueuedThreadPool.java:626)
        at java.lang.Thread.run(Thread.java:748)
"pool-178-thread-14"  prio=5 tid=2476 in Object.wait()
java.lang.Thread.State: WAITING (on object monitor)
        at sun.misc.Unsafe.park(Native Method)
        at java.util.concurrent.locks.LockSupport.park(LockSupport.java:175)
        at java.util.concurrent.locks.AbstractQueuedSynchronizer$ConditionObject.await(AbstractQueuedSynchronizer.java:2039)
        at java.util.concurrent.ArrayBlockingQueue.take(ArrayBlockingQueue.java:403)
        at java.util.concurrent.ThreadPoolExecutor.getTask(ThreadPoolExecutor.java:1074)
        at java.util.concurrent.ThreadPoolExecutor.runWorker(ThreadPoolExecutor.java:1134)
        at java.util.concurrent.ThreadPoolExecutor$Worker.run(ThreadPoolExecutor.java:624)
        at java.lang.Thread.run(Thread.java:748)
"Datanode State Machine Thread - 0" daemon prio=5 tid=2085 timed_waiting
java.lang.Thread.State: TIMED_WAITING
        at sun.misc.Unsafe.park(Native Method)
        at java.util.concurrent.locks.LockSupport.parkNanos(LockSupport.java:215)
        at java.util.concurrent.SynchronousQueue$TransferStack.awaitFulfill(SynchronousQueue.java:460)
        at java.util.concurrent.SynchronousQueue$TransferStack.transfer(SynchronousQueue.java:362)
        at java.util.concurrent.SynchronousQueue.poll(SynchronousQueue.java:941)
        at java.util.concurrent.ThreadPoolExecutor.getTask(ThreadPoolExecutor.java:1073)
        at java.util.concurrent.ThreadPoolExecutor.runWorker(ThreadPoolExecutor.java:1134)
        at java.util.concurrent.ThreadPoolExecutor$Worker.run(ThreadPoolExecutor.java:624)
        at java.lang.Thread.run(Thread.java:748)
"qtp2120404899-2152" daemon prio=5 tid=2152 timed_waiting
java.lang.Thread.State: TIMED_WAITING
        at sun.misc.Unsafe.park(Native Method)
        at java.util.concurrent.locks.LockSupport.parkNanos(LockSupport.java:215)
        at java.util.concurrent.locks.AbstractQueuedSynchronizer$ConditionObject.awaitNanos(AbstractQueuedSynchronizer.java:2078)
        at org.eclipse.jetty.util.BlockingArrayQueue.poll(BlockingArrayQueue.java:392)
        at org.eclipse.jetty.util.thread.QueuedThreadPool.idleJobPoll(QueuedThreadPool.java:563)
        at org.eclipse.jetty.util.thread.QueuedThreadPool.access$800(QueuedThreadPool.java:48)
        at org.eclipse.jetty.util.thread.QueuedThreadPool$2.run(QueuedThreadPool.java:626)
        at java.lang.Thread.run(Thread.java:748)
"Datanode ReportManager Thread - 3" daemon prio=5 tid=363 in Object.wait()
java.lang.Thread.State: WAITING (on object monitor)
        at sun.misc.Unsafe.park(Native Method)
        at java.util.concurrent.locks.LockSupport.park(LockSupport.java:175)
        at java.util.concurrent.locks.AbstractQueuedSynchronizer$ConditionObject.await(AbstractQueuedSynchronizer.java:2039)
        at java.util.concurrent.ScheduledThreadPoolExecutor$DelayedWorkQueue.take(ScheduledThreadPoolExecutor.java:1088)
        at java.util.concurrent.ScheduledThreadPoolExecutor$DelayedWorkQueue.take(ScheduledThreadPoolExecutor.java:809)
        at java.util.concurrent.ThreadPoolExecutor.getTask(ThreadPoolExecutor.java:1074)
        at java.util.concurrent.ThreadPoolExecutor.runWorker(ThreadPoolExecutor.java:1134)
        at java.util.concurrent.ThreadPoolExecutor$Worker.run(ThreadPoolExecutor.java:624)
        at java.lang.Thread.run(Thread.java:748)
"qtp1583082378-2234" daemon prio=5 tid=2234 timed_waiting
java.lang.Thread.State: TIMED_WAITING
        at sun.misc.Unsafe.park(Native Method)
        at java.util.concurrent.locks.LockSupport.parkNanos(LockSupport.java:215)
        at java.util.concurrent.locks.AbstractQueuedSynchronizer$ConditionObject.awaitNanos(AbstractQueuedSynchronizer.java:2078)
        at org.eclipse.jetty.util.BlockingArrayQueue.poll(BlockingArrayQueue.java:392)
        at org.eclipse.jetty.util.thread.QueuedThreadPool.idleJobPoll(QueuedThreadPool.java:563)
        at org.eclipse.jetty.util.thread.QueuedThreadPool.access$800(QueuedThreadPool.java:48)
        at org.eclipse.jetty.util.thread.QueuedThreadPool$2.run(QueuedThreadPool.java:626)
        at java.lang.Thread.run(Thread.java:748)
"BlockDeletingService#1" daemon prio=5 tid=2648 in Object.wait()
java.lang.Thread.State: WAITING (on object monitor)
        at sun.misc.Unsafe.park(Native Method)
        at java.util.concurrent.locks.LockSupport.park(LockSupport.java:175)
        at java.util.concurrent.locks.AbstractQueuedSynchronizer$ConditionObject.await(AbstractQueuedSynchronizer.java:2039)
        at java.util.concurrent.ScheduledThreadPoolExecutor$DelayedWorkQueue.take(ScheduledThreadPoolExecutor.java:1088)
        at java.util.concurrent.ScheduledThreadPoolExecutor$DelayedWorkQueue.take(ScheduledThreadPoolExecutor.java:809)
        at java.util.concurrent.ThreadPoolExecutor.getTask(ThreadPoolExecutor.java:1074)
        at java.util.concurrent.ThreadPoolExecutor.runWorker(ThreadPoolExecutor.java:1134)
        at java.util.concurrent.ThreadPoolExecutor$Worker.run(ThreadPoolExecutor.java:624)
        at java.lang.Thread.run(Thread.java:748)
"IPC Server handler 3 on 39845" daemon prio=5 tid=1932 timed_waiting
java.lang.Thread.State: TIMED_WAITING
        at sun.misc.Unsafe.park(Native Method)
        at java.util.concurrent.locks.LockSupport.parkNanos(LockSupport.java:215)
        at java.util.concurrent.locks.AbstractQueuedSynchronizer$ConditionObject.awaitNanos(AbstractQueuedSynchronizer.java:2078)
        at java.util.concurrent.LinkedBlockingQueue.poll(LinkedBlockingQueue.java:467)
        at org.apache.hadoop.ipc.CallQueueManager.take(CallQueueManager.java:288)
        at org.apache.hadoop.ipc.Server$Handler.run(Server.java:2668)
"IPC Server handler 0 on 39845" daemon prio=5 tid=1929 timed_waiting
java.lang.Thread.State: TIMED_WAITING
        at sun.misc.Unsafe.park(Native Method)
        at java.util.concurrent.locks.LockSupport.parkNanos(LockSupport.java:215)
        at java.util.concurrent.locks.AbstractQueuedSynchronizer$ConditionObject.awaitNanos(AbstractQueuedSynchronizer.java:2078)
        at java.util.concurrent.LinkedBlockingQueue.poll(LinkedBlockingQueue.java:467)
        at org.apache.hadoop.ipc.CallQueueManager.take(CallQueueManager.java:288)
        at org.apache.hadoop.ipc.Server$Handler.run(Server.java:2668)
"EventQueue-NewNodeForNewNodeHandler" daemon prio=5 tid=2897 in Object.wait()
java.lang.Thread.State: WAITING (on object monitor)
        at sun.misc.Unsafe.park(Native Method)
        at java.util.concurrent.locks.LockSupport.park(LockSupport.java:175)
        at java.util.concurrent.locks.AbstractQueuedSynchronizer$ConditionObject.await(AbstractQueuedSynchronizer.java:2039)
        at java.util.concurrent.LinkedBlockingQueue.take(LinkedBlockingQueue.java:442)
        at java.util.concurrent.ThreadPoolExecutor.getTask(ThreadPoolExecutor.java:1074)
        at java.util.concurrent.ThreadPoolExecutor.runWorker(ThreadPoolExecutor.java:1134)
        at java.util.concurrent.ThreadPoolExecutor$Worker.run(ThreadPoolExecutor.java:624)
        at java.lang.Thread.run(Thread.java:748)
"qtp83554564-2257-acceptor-0@330039cb-ServerConnector@51f18e31{HTTP/1.1,[http/1.1]}{0.0.0.0:45373}" daemon prio=3 tid=2257 runnable
java.lang.Thread.State: RUNNABLE
        at sun.nio.ch.ServerSocketChannelImpl.accept0(Native Method)
        at sun.nio.ch.ServerSocketChannelImpl.accept(ServerSocketChannelImpl.java:422)
        at sun.nio.ch.ServerSocketChannelImpl.accept(ServerSocketChannelImpl.java:250)
        at org.eclipse.jetty.server.ServerConnector.accept(ServerConnector.java:397)
        at org.eclipse.jetty.server.AbstractConnector$Acceptor.run(AbstractConnector.java:601)
        at org.eclipse.jetty.util.thread.QueuedThreadPool.runJob(QueuedThreadPool.java:671)
        at org.eclipse.jetty.util.thread.QueuedThreadPool$2.run(QueuedThreadPool.java:589)
        at java.lang.Thread.run(Thread.java:748)
"pool-158-thread-57"  prio=5 tid=2395 in Object.wait()
java.lang.Thread.State: WAITING (on object monitor)
        at sun.misc.Unsafe.park(Native Method)
        at java.util.concurrent.locks.LockSupport.park(LockSupport.java:175)
        at java.util.concurrent.locks.AbstractQueuedSynchronizer$ConditionObject.await(AbstractQueuedSynchronizer.java:2039)
        at java.util.concurrent.ArrayBlockingQueue.take(ArrayBlockingQueue.java:403)
        at java.util.concurrent.ThreadPoolExecutor.getTask(ThreadPoolExecutor.java:1074)
        at java.util.concurrent.ThreadPoolExecutor.runWorker(ThreadPoolExecutor.java:1134)
        at java.util.concurrent.ThreadPoolExecutor$Worker.run(ThreadPoolExecutor.java:624)
        at java.lang.Thread.run(Thread.java:748)
"pool-158-thread-7"  prio=5 tid=2345 in Object.wait()
java.lang.Thread.State: WAITING (on object monitor)
        at sun.misc.Unsafe.park(Native Method)
        at java.util.concurrent.locks.LockSupport.park(LockSupport.java:175)
        at java.util.concurrent.locks.AbstractQueuedSynchronizer$ConditionObject.await(AbstractQueuedSynchronizer.java:2039)
        at java.util.concurrent.ArrayBlockingQueue.take(ArrayBlockingQueue.java:403)
        at java.util.concurrent.ThreadPoolExecutor.getTask(ThreadPoolExecutor.java:1074)
        at java.util.concurrent.ThreadPoolExecutor.runWorker(ThreadPoolExecutor.java:1134)
        at java.util.concurrent.ThreadPoolExecutor$Worker.run(ThreadPoolExecutor.java:624)
        at java.lang.Thread.run(Thread.java:748)
"pool-178-thread-10"  prio=5 tid=2472 in Object.wait()
java.lang.Thread.State: WAITING (on object monitor)
        at sun.misc.Unsafe.park(Native Method)
        at java.util.concurrent.locks.LockSupport.park(LockSupport.java:175)
        at java.util.concurrent.locks.AbstractQueuedSynchronizer$ConditionObject.await(AbstractQueuedSynchronizer.java:2039)
        at java.util.concurrent.ArrayBlockingQueue.take(ArrayBlockingQueue.java:403)
        at java.util.concurrent.ThreadPoolExecutor.getTask(ThreadPoolExecutor.java:1074)
        at java.util.concurrent.ThreadPoolExecutor.runWorker(ThreadPoolExecutor.java:1134)
        at java.util.concurrent.ThreadPoolExecutor$Worker.run(ThreadPoolExecutor.java:624)
        at java.lang.Thread.run(Thread.java:748)
"org.eclipse.jetty.server.session.HashSessionManager@6c184d4dTimer" daemon prio=5 tid=2239 timed_waiting
java.lang.Thread.State: TIMED_WAITING
        at sun.misc.Unsafe.park(Native Method)
        at java.util.concurrent.locks.LockSupport.parkNanos(LockSupport.java:215)
        at java.util.concurrent.locks.AbstractQueuedSynchronizer$ConditionObject.awaitNanos(AbstractQueuedSynchronizer.java:2078)
        at java.util.concurrent.ScheduledThreadPoolExecutor$DelayedWorkQueue.take(ScheduledThreadPoolExecutor.java:1093)
        at java.util.concurrent.ScheduledThreadPoolExecutor$DelayedWorkQueue.take(ScheduledThreadPoolExecutor.java:809)
        at java.util.concurrent.ThreadPoolExecutor.getTask(ThreadPoolExecutor.java:1074)
        at java.util.concurrent.ThreadPoolExecutor.runWorker(ThreadPoolExecutor.java:1134)
        at java.util.concurrent.ThreadPoolExecutor$Worker.run(ThreadPoolExecutor.java:624)
        at java.lang.Thread.run(Thread.java:748)
"pool-228-thread-14"  prio=5 tid=2786 in Object.wait()
java.lang.Thread.State: WAITING (on object monitor)
        at sun.misc.Unsafe.park(Native Method)
        at java.util.concurrent.locks.LockSupport.park(LockSupport.java:175)
        at java.util.concurrent.locks.AbstractQueuedSynchronizer$ConditionObject.await(AbstractQueuedSynchronizer.java:2039)
        at java.util.concurrent.ArrayBlockingQueue.take(ArrayBlockingQueue.java:403)
        at java.util.concurrent.ThreadPoolExecutor.getTask(ThreadPoolExecutor.java:1074)
        at java.util.concurrent.ThreadPoolExecutor.runWorker(ThreadPoolExecutor.java:1134)
        at java.util.concurrent.ThreadPoolExecutor$Worker.run(ThreadPoolExecutor.java:624)
        at java.lang.Thread.run(Thread.java:748)
"pool-208-thread-39"  prio=5 tid=2687 in Object.wait()
java.lang.Thread.State: WAITING (on object monitor)
        at sun.misc.Unsafe.park(Native Method)
        at java.util.concurrent.locks.LockSupport.park(LockSupport.java:175)
        at java.util.concurrent.locks.AbstractQueuedSynchronizer$ConditionObject.await(AbstractQueuedSynchronizer.java:2039)
        at java.util.concurrent.ArrayBlockingQueue.take(ArrayBlockingQueue.java:403)
        at java.util.concurrent.ThreadPoolExecutor.getTask(ThreadPoolExecutor.java:1074)
        at java.util.concurrent.ThreadPoolExecutor.runWorker(ThreadPoolExecutor.java:1134)
        at java.util.concurrent.ThreadPoolExecutor$Worker.run(ThreadPoolExecutor.java:624)
        at java.lang.Thread.run(Thread.java:748)
"Datanode ReportManager Thread - 2" daemon prio=5 tid=173 in Object.wait()
java.lang.Thread.State: WAITING (on object monitor)
        at sun.misc.Unsafe.park(Native Method)
        at java.util.concurrent.locks.LockSupport.park(LockSupport.java:175)
        at java.util.concurrent.locks.AbstractQueuedSynchronizer$ConditionObject.await(AbstractQueuedSynchronizer.java:2039)
        at java.util.concurrent.ScheduledThreadPoolExecutor$DelayedWorkQueue.take(ScheduledThreadPoolExecutor.java:1088)
        at java.util.concurrent.ScheduledThreadPoolExecutor$DelayedWorkQueue.take(ScheduledThreadPoolExecutor.java:809)
        at java.util.concurrent.ThreadPoolExecutor.getTask(ThreadPoolExecutor.java:1074)
        at java.util.concurrent.ThreadPoolExecutor.runWorker(ThreadPoolExecutor.java:1134)
        at java.util.concurrent.ThreadPoolExecutor$Worker.run(ThreadPoolExecutor.java:624)
        at java.lang.Thread.run(Thread.java:748)
"pool-198-thread-25"  prio=5 tid=2611 in Object.wait()
java.lang.Thread.State: WAITING (on object monitor)
        at sun.misc.Unsafe.park(Native Method)
        at java.util.concurrent.locks.LockSupport.park(LockSupport.java:175)
        at java.util.concurrent.locks.AbstractQueuedSynchronizer$ConditionObject.await(AbstractQueuedSynchronizer.java:2039)
        at java.util.concurrent.ArrayBlockingQueue.take(ArrayBlockingQueue.java:403)
        at java.util.concurrent.ThreadPoolExecutor.getTask(ThreadPoolExecutor.java:1074)
        at java.util.concurrent.ThreadPoolExecutor.runWorker(ThreadPoolExecutor.java:1134)
        at java.util.concurrent.ThreadPoolExecutor$Worker.run(ThreadPoolExecutor.java:624)
        at java.lang.Thread.run(Thread.java:748)
"pool-168-thread-39"  prio=5 tid=2439 in Object.wait()
java.lang.Thread.State: WAITING (on object monitor)
        at sun.misc.Unsafe.park(Native Method)
        at java.util.concurrent.locks.LockSupport.park(LockSupport.java:175)
        at java.util.concurrent.locks.AbstractQueuedSynchronizer$ConditionObject.await(AbstractQueuedSynchronizer.java:2039)
        at java.util.concurrent.ArrayBlockingQueue.take(ArrayBlockingQueue.java:403)
        at java.util.concurrent.ThreadPoolExecutor.getTask(ThreadPoolExecutor.java:1074)
        at java.util.concurrent.ThreadPoolExecutor.runWorker(ThreadPoolExecutor.java:1134)
        at java.util.concurrent.ThreadPoolExecutor$Worker.run(ThreadPoolExecutor.java:624)
        at java.lang.Thread.run(Thread.java:748)
"pool-188-thread-22"  prio=5 tid=2546 in Object.wait()
java.lang.Thread.State: WAITING (on object monitor)
        at sun.misc.Unsafe.park(Native Method)
        at java.util.concurrent.locks.LockSupport.park(LockSupport.java:175)
        at java.util.concurrent.locks.AbstractQueuedSynchronizer$ConditionObject.await(AbstractQueuedSynchronizer.java:2039)
        at java.util.concurrent.ArrayBlockingQueue.take(ArrayBlockingQueue.java:403)
        at java.util.concurrent.ThreadPoolExecutor.getTask(ThreadPoolExecutor.java:1074)
        at java.util.concurrent.ThreadPoolExecutor.runWorker(ThreadPoolExecutor.java:1134)
        at java.util.concurrent.ThreadPoolExecutor$Worker.run(ThreadPoolExecutor.java:624)
        at java.lang.Thread.run(Thread.java:748)
"org.eclipse.jetty.server.session.HashSessionManager@d3f4505Timer" daemon prio=5 tid=2021 timed_waiting
java.lang.Thread.State: TIMED_WAITING
        at sun.misc.Unsafe.park(Native Method)
        at java.util.concurrent.locks.LockSupport.parkNanos(LockSupport.java:215)
        at java.util.concurrent.locks.AbstractQueuedSynchronizer$ConditionObject.awaitNanos(AbstractQueuedSynchronizer.java:2078)
        at java.util.concurrent.ScheduledThreadPoolExecutor$DelayedWorkQueue.take(ScheduledThreadPoolExecutor.java:1093)
        at java.util.concurrent.ScheduledThreadPoolExecutor$DelayedWorkQueue.take(ScheduledThreadPoolExecutor.java:809)
        at java.util.concurrent.ThreadPoolExecutor.getTask(ThreadPoolExecutor.java:1074)
        at java.util.concurrent.ThreadPoolExecutor.runWorker(ThreadPoolExecutor.java:1134)
        at java.util.concurrent.ThreadPoolExecutor$Worker.run(ThreadPoolExecutor.java:624)
        at java.lang.Thread.run(Thread.java:748)
"pool-188-thread-11"  prio=5 tid=2535 in Object.wait()
java.lang.Thread.State: WAITING (on object monitor)
        at sun.misc.Unsafe.park(Native Method)
        at java.util.concurrent.locks.LockSupport.park(LockSupport.java:175)
        at java.util.concurrent.locks.AbstractQueuedSynchronizer$ConditionObject.await(AbstractQueuedSynchronizer.java:2039)
        at java.util.concurrent.ArrayBlockingQueue.take(ArrayBlockingQueue.java:403)
        at java.util.concurrent.ThreadPoolExecutor.getTask(ThreadPoolExecutor.java:1074)
        at java.util.concurrent.ThreadPoolExecutor.runWorker(ThreadPoolExecutor.java:1134)
        at java.util.concurrent.ThreadPoolExecutor$Worker.run(ThreadPoolExecutor.java:624)
        at java.lang.Thread.run(Thread.java:748)
"pool-228-thread-6"  prio=5 tid=2778 in Object.wait()
java.lang.Thread.State: WAITING (on object monitor)
        at sun.misc.Unsafe.park(Native Method)
        at java.util.concurrent.locks.LockSupport.park(LockSupport.java:175)
        at java.util.concurrent.locks.AbstractQueuedSynchronizer$ConditionObject.await(AbstractQueuedSynchronizer.java:2039)
        at java.util.concurrent.ArrayBlockingQueue.take(ArrayBlockingQueue.java:403)
        at java.util.concurrent.ThreadPoolExecutor.getTask(ThreadPoolExecutor.java:1074)
        at java.util.concurrent.ThreadPoolExecutor.runWorker(ThreadPoolExecutor.java:1134)
        at java.util.concurrent.ThreadPoolExecutor$Worker.run(ThreadPoolExecutor.java:624)
        at java.lang.Thread.run(Thread.java:748)
"org.eclipse.jetty.server.session.HashSessionManager@6ebc9573Timer" daemon prio=5 tid=2002 timed_waiting
java.lang.Thread.State: TIMED_WAITING
        at sun.misc.Unsafe.park(Native Method)
        at java.util.concurrent.locks.LockSupport.parkNanos(LockSupport.java:215)
        at java.util.concurrent.locks.AbstractQueuedSynchronizer$ConditionObject.awaitNanos(AbstractQueuedSynchronizer.java:2078)
        at java.util.concurrent.ScheduledThreadPoolExecutor$DelayedWorkQueue.take(ScheduledThreadPoolExecutor.java:1093)
        at java.util.concurrent.ScheduledThreadPoolExecutor$DelayedWorkQueue.take(ScheduledThreadPoolExecutor.java:809)
        at java.util.concurrent.ThreadPoolExecutor.getTask(ThreadPoolExecutor.java:1074)
        at java.util.concurrent.ThreadPoolExecutor.runWorker(ThreadPoolExecutor.java:1134)
        at java.util.concurrent.ThreadPoolExecutor$Worker.run(ThreadPoolExecutor.java:624)
        at java.lang.Thread.run(Thread.java:748)
"org.eclipse.jetty.server.session.HashSessionManager@363c32ccTimer" daemon prio=5 tid=2210 timed_waiting
java.lang.Thread.State: TIMED_WAITING
        at sun.misc.Unsafe.park(Native Method)
        at java.util.concurrent.locks.LockSupport.parkNanos(LockSupport.java:215)
        at java.util.concurrent.locks.AbstractQueuedSynchronizer$ConditionObject.awaitNanos(AbstractQueuedSynchronizer.java:2078)
        at java.util.concurrent.ScheduledThreadPoolExecutor$DelayedWorkQueue.take(ScheduledThreadPoolExecutor.java:1093)
        at java.util.concurrent.ScheduledThreadPoolExecutor$DelayedWorkQueue.take(ScheduledThreadPoolExecutor.java:809)
        at java.util.concurrent.ThreadPoolExecutor.getTask(ThreadPoolExecutor.java:1074)
        at java.util.concurrent.ThreadPoolExecutor.runWorker(ThreadPoolExecutor.java:1134)
        at java.util.concurrent.ThreadPoolExecutor$Worker.run(ThreadPoolExecutor.java:624)
        at java.lang.Thread.run(Thread.java:748)
"IPC Server handler 1 on 40581" daemon prio=5 tid=1910 timed_waiting
java.lang.Thread.State: TIMED_WAITING
        at sun.misc.Unsafe.park(Native Method)
        at java.util.concurrent.locks.LockSupport.parkNanos(LockSupport.java:215)
        at java.util.concurrent.locks.AbstractQueuedSynchronizer$ConditionObject.awaitNanos(AbstractQueuedSynchronizer.java:2078)
        at java.util.concurrent.LinkedBlockingQueue.poll(LinkedBlockingQueue.java:467)
        at org.apache.hadoop.ipc.CallQueueManager.take(CallQueueManager.java:288)
        at org.apache.hadoop.ipc.Server$Handler.run(Server.java:2668)
"pool-208-thread-8"  prio=5 tid=2656 in Object.wait()
java.lang.Thread.State: WAITING (on object monitor)
        at sun.misc.Unsafe.park(Native Method)
        at java.util.concurrent.locks.LockSupport.park(LockSupport.java:175)
        at java.util.concurrent.locks.AbstractQueuedSynchronizer$ConditionObject.await(AbstractQueuedSynchronizer.java:2039)
        at java.util.concurrent.ArrayBlockingQueue.take(ArrayBlockingQueue.java:403)
        at java.util.concurrent.ThreadPoolExecutor.getTask(ThreadPoolExecutor.java:1074)
        at java.util.concurrent.ThreadPoolExecutor.runWorker(ThreadPoolExecutor.java:1134)
        at java.util.concurrent.ThreadPoolExecutor$Worker.run(ThreadPoolExecutor.java:624)
        at java.lang.Thread.run(Thread.java:748)
"pool-208-thread-41"  prio=5 tid=2689 in Object.wait()
java.lang.Thread.State: WAITING (on object monitor)
        at sun.misc.Unsafe.park(Native Method)
        at java.util.concurrent.locks.LockSupport.park(LockSupport.java:175)
        at java.util.concurrent.locks.AbstractQueuedSynchronizer$ConditionObject.await(AbstractQueuedSynchronizer.java:2039)
        at java.util.concurrent.ArrayBlockingQueue.take(ArrayBlockingQueue.java:403)
        at java.util.concurrent.ThreadPoolExecutor.getTask(ThreadPoolExecutor.java:1074)
        at java.util.concurrent.ThreadPoolExecutor.runWorker(ThreadPoolExecutor.java:1134)
        at java.util.concurrent.ThreadPoolExecutor$Worker.run(ThreadPoolExecutor.java:624)
        at java.lang.Thread.run(Thread.java:748)
"Periodic HDDS volume checker"  prio=5 tid=2249 timed_waiting
java.lang.Thread.State: TIMED_WAITING
        at sun.misc.Unsafe.park(Native Method)
        at java.util.concurrent.locks.LockSupport.parkNanos(LockSupport.java:215)
        at java.util.concurrent.locks.AbstractQueuedSynchronizer$ConditionObject.awaitNanos(AbstractQueuedSynchronizer.java:2078)
        at java.util.concurrent.ScheduledThreadPoolExecutor$DelayedWorkQueue.take(ScheduledThreadPoolExecutor.java:1093)
        at java.util.concurrent.ScheduledThreadPoolExecutor$DelayedWorkQueue.take(ScheduledThreadPoolExecutor.java:809)
        at java.util.concurrent.ThreadPoolExecutor.getTask(ThreadPoolExecutor.java:1074)
        at java.util.concurrent.ThreadPoolExecutor.runWorker(ThreadPoolExecutor.java:1134)
        at java.util.concurrent.ThreadPoolExecutor$Worker.run(ThreadPoolExecutor.java:624)
        at java.lang.Thread.run(Thread.java:748)
"pool-208-thread-54"  prio=5 tid=2702 in Object.wait()
java.lang.Thread.State: WAITING (on object monitor)
        at sun.misc.Unsafe.park(Native Method)
        at java.util.concurrent.locks.LockSupport.park(LockSupport.java:175)
        at java.util.concurrent.locks.AbstractQueuedSynchronizer$ConditionObject.await(AbstractQueuedSynchronizer.java:2039)
        at java.util.concurrent.ArrayBlockingQueue.take(ArrayBlockingQueue.java:403)
        at java.util.concurrent.ThreadPoolExecutor.getTask(ThreadPoolExecutor.java:1074)
        at java.util.concurrent.ThreadPoolExecutor.runWorker(ThreadPoolExecutor.java:1134)
        at java.util.concurrent.ThreadPoolExecutor$Worker.run(ThreadPoolExecutor.java:624)
        at java.lang.Thread.run(Thread.java:748)
"BlockDeletingService#1" daemon prio=5 tid=2834 in Object.wait()
java.lang.Thread.State: WAITING (on object monitor)
        at sun.misc.Unsafe.park(Native Method)
        at java.util.concurrent.locks.LockSupport.park(LockSupport.java:175)
        at java.util.concurrent.locks.AbstractQueuedSynchronizer$ConditionObject.await(AbstractQueuedSynchronizer.java:2039)
        at java.util.concurrent.ScheduledThreadPoolExecutor$DelayedWorkQueue.take(ScheduledThreadPoolExecutor.java:1088)
        at java.util.concurrent.ScheduledThreadPoolExecutor$DelayedWorkQueue.take(ScheduledThreadPoolExecutor.java:809)
        at java.util.concurrent.ThreadPoolExecutor.getTask(ThreadPoolExecutor.java:1074)
        at java.util.concurrent.ThreadPoolExecutor.runWorker(ThreadPoolExecutor.java:1134)
        at java.util.concurrent.ThreadPoolExecutor$Worker.run(ThreadPoolExecutor.java:624)
        at java.lang.Thread.run(Thread.java:748)
"Datanode ReportManager Thread - 0" daemon prio=5 tid=252 timed_waiting
java.lang.Thread.State: TIMED_WAITING
        at sun.misc.Unsafe.park(Native Method)
        at java.util.concurrent.locks.LockSupport.parkNanos(LockSupport.java:215)
        at java.util.concurrent.locks.AbstractQueuedSynchronizer$ConditionObject.awaitNanos(AbstractQueuedSynchronizer.java:2078)
        at java.util.concurrent.ScheduledThreadPoolExecutor$DelayedWorkQueue.take(ScheduledThreadPoolExecutor.java:1093)
        at java.util.concurrent.ScheduledThreadPoolExecutor$DelayedWorkQueue.take(ScheduledThreadPoolExecutor.java:809)
        at java.util.concurrent.ThreadPoolExecutor.getTask(ThreadPoolExecutor.java:1074)
        at java.util.concurrent.ThreadPoolExecutor.runWorker(ThreadPoolExecutor.java:1134)
        at java.util.concurrent.ThreadPoolExecutor$Worker.run(ThreadPoolExecutor.java:624)
        at java.lang.Thread.run(Thread.java:748)
"pool-178-thread-45"  prio=5 tid=2507 in Object.wait()
java.lang.Thread.State: WAITING (on object monitor)
        at sun.misc.Unsafe.park(Native Method)
        at java.util.concurrent.locks.LockSupport.park(LockSupport.java:175)
        at java.util.concurrent.locks.AbstractQueuedSynchronizer$ConditionObject.await(AbstractQueuedSynchronizer.java:2039)
        at java.util.concurrent.ArrayBlockingQueue.take(ArrayBlockingQueue.java:403)
        at java.util.concurrent.ThreadPoolExecutor.getTask(ThreadPoolExecutor.java:1074)
        at java.util.concurrent.ThreadPoolExecutor.runWorker(ThreadPoolExecutor.java:1134)
        at java.util.concurrent.ThreadPoolExecutor$Worker.run(ThreadPoolExecutor.java:624)
        at java.lang.Thread.run(Thread.java:748)
"qtp98459285-1955" daemon prio=5 tid=1955 timed_waiting
java.lang.Thread.State: TIMED_WAITING
        at sun.misc.Unsafe.park(Native Method)
        at java.util.concurrent.locks.LockSupport.parkNanos(LockSupport.java:215)
        at java.util.concurrent.locks.AbstractQueuedSynchronizer$ConditionObject.awaitNanos(AbstractQueuedSynchronizer.java:2078)
        at org.eclipse.jetty.util.BlockingArrayQueue.poll(BlockingArrayQueue.java:392)
        at org.eclipse.jetty.util.thread.QueuedThreadPool.idleJobPoll(QueuedThreadPool.java:563)
        at org.eclipse.jetty.util.thread.QueuedThreadPool.access$800(QueuedThreadPool.java:48)
        at org.eclipse.jetty.util.thread.QueuedThreadPool$2.run(QueuedThreadPool.java:626)
        at java.lang.Thread.run(Thread.java:748)
"pool-168-thread-42"  prio=5 tid=2442 in Object.wait()
java.lang.Thread.State: WAITING (on object monitor)
        at sun.misc.Unsafe.park(Native Method)
        at java.util.concurrent.locks.LockSupport.park(LockSupport.java:175)
        at java.util.concurrent.locks.AbstractQueuedSynchronizer$ConditionObject.await(AbstractQueuedSynchronizer.java:2039)
        at java.util.concurrent.ArrayBlockingQueue.take(ArrayBlockingQueue.java:403)
        at java.util.concurrent.ThreadPoolExecutor.getTask(ThreadPoolExecutor.java:1074)
        at java.util.concurrent.ThreadPoolExecutor.runWorker(ThreadPoolExecutor.java:1134)
        at java.util.concurrent.ThreadPoolExecutor$Worker.run(ThreadPoolExecutor.java:624)
        at java.lang.Thread.run(Thread.java:748)
"pool-158-thread-58"  prio=5 tid=2396 in Object.wait()
java.lang.Thread.State: WAITING (on object monitor)
        at sun.misc.Unsafe.park(Native Method)
        at java.util.concurrent.locks.LockSupport.park(LockSupport.java:175)
        at java.util.concurrent.locks.AbstractQueuedSynchronizer$ConditionObject.await(AbstractQueuedSynchronizer.java:2039)
        at java.util.concurrent.ArrayBlockingQueue.take(ArrayBlockingQueue.java:403)
        at java.util.concurrent.ThreadPoolExecutor.getTask(ThreadPoolExecutor.java:1074)
        at java.util.concurrent.ThreadPoolExecutor.runWorker(ThreadPoolExecutor.java:1134)
        at java.util.concurrent.ThreadPoolExecutor$Worker.run(ThreadPoolExecutor.java:624)
        at java.lang.Thread.run(Thread.java:748)
"IPC Server Responder" daemon prio=5 tid=1881 runnable
java.lang.Thread.State: RUNNABLE
        at sun.nio.ch.EPollArrayWrapper.epollWait(Native Method)
        at sun.nio.ch.EPollArrayWrapper.poll(EPollArrayWrapper.java:269)
        at sun.nio.ch.EPollSelectorImpl.doSelect(EPollSelectorImpl.java:93)
        at sun.nio.ch.SelectorImpl.lockAndDoSelect(SelectorImpl.java:86)
        at sun.nio.ch.SelectorImpl.select(SelectorImpl.java:97)
        at org.apache.hadoop.ipc.Server$Responder.doRunLoop(Server.java:1334)
        at org.apache.hadoop.ipc.Server$Responder.run(Server.java:1317)
"org.eclipse.jetty.server.session.HashSessionManager@2e43c38dTimer" daemon prio=5 tid=2265 timed_waiting
java.lang.Thread.State: TIMED_WAITING
        at sun.misc.Unsafe.park(Native Method)
        at java.util.concurrent.locks.LockSupport.parkNanos(LockSupport.java:215)
        at java.util.concurrent.locks.AbstractQueuedSynchronizer$ConditionObject.awaitNanos(AbstractQueuedSynchronizer.java:2078)
        at java.util.concurrent.ScheduledThreadPoolExecutor$DelayedWorkQueue.take(ScheduledThreadPoolExecutor.java:1093)
        at java.util.concurrent.ScheduledThreadPoolExecutor$DelayedWorkQueue.take(ScheduledThreadPoolExecutor.java:809)
        at java.util.concurrent.ThreadPoolExecutor.getTask(ThreadPoolExecutor.java:1074)
        at java.util.concurrent.ThreadPoolExecutor.runWorker(ThreadPoolExecutor.java:1134)
        at java.util.concurrent.ThreadPoolExecutor$Worker.run(ThreadPoolExecutor.java:624)
        at java.lang.Thread.run(Thread.java:748)
"IPC Server Responder" daemon prio=5 tid=1877 runnable
java.lang.Thread.State: RUNNABLE
        at sun.nio.ch.EPollArrayWrapper.epollWait(Native Method)
        at sun.nio.ch.EPollArrayWrapper.poll(EPollArrayWrapper.java:269)
        at sun.nio.ch.EPollSelectorImpl.doSelect(EPollSelectorImpl.java:93)
        at sun.nio.ch.SelectorImpl.lockAndDoSelect(SelectorImpl.java:86)
        at sun.nio.ch.SelectorImpl.select(SelectorImpl.java:97)
        at org.apache.hadoop.ipc.Server$Responder.doRunLoop(Server.java:1334)
        at org.apache.hadoop.ipc.Server$Responder.run(Server.java:1317)
"pool-179-thread-1"  prio=5 tid=2941 in Object.wait()
java.lang.Thread.State: WAITING (on object monitor)
        at sun.misc.Unsafe.park(Native Method)
        at java.util.concurrent.locks.LockSupport.park(LockSupport.java:175)
        at java.util.concurrent.locks.AbstractQueuedSynchronizer$ConditionObject.await(AbstractQueuedSynchronizer.java:2039)
        at java.util.concurrent.LinkedBlockingQueue.take(LinkedBlockingQueue.java:442)
        at java.util.concurrent.ThreadPoolExecutor.getTask(ThreadPoolExecutor.java:1074)
        at java.util.concurrent.ThreadPoolExecutor.runWorker(ThreadPoolExecutor.java:1134)
        at java.util.concurrent.ThreadPoolExecutor$Worker.run(ThreadPoolExecutor.java:624)
        at java.lang.Thread.run(Thread.java:748)
"pool-188-thread-6"  prio=5 tid=2530 in Object.wait()
java.lang.Thread.State: WAITING (on object monitor)
        at sun.misc.Unsafe.park(Native Method)
        at java.util.concurrent.locks.LockSupport.park(LockSupport.java:175)
        at java.util.concurrent.locks.AbstractQueuedSynchronizer$ConditionObject.await(AbstractQueuedSynchronizer.java:2039)
        at java.util.concurrent.ArrayBlockingQueue.take(ArrayBlockingQueue.java:403)
        at java.util.concurrent.ThreadPoolExecutor.getTask(ThreadPoolExecutor.java:1074)
        at java.util.concurrent.ThreadPoolExecutor.runWorker(ThreadPoolExecutor.java:1134)
        at java.util.concurrent.ThreadPoolExecutor$Worker.run(ThreadPoolExecutor.java:624)
        at java.lang.Thread.run(Thread.java:748)
"IPC Server handler 19 on 35120" daemon prio=5 tid=1908 timed_waiting
java.lang.Thread.State: TIMED_WAITING
        at sun.misc.Unsafe.park(Native Method)
        at java.util.concurrent.locks.LockSupport.parkNanos(LockSupport.java:215)
        at java.util.concurrent.locks.AbstractQueuedSynchronizer$ConditionObject.awaitNanos(AbstractQueuedSynchronizer.java:2078)
        at java.util.concurrent.LinkedBlockingQueue.poll(LinkedBlockingQueue.java:467)
        at org.apache.hadoop.ipc.CallQueueManager.take(CallQueueManager.java:288)
        at org.apache.hadoop.ipc.Server$Handler.run(Server.java:2668)
"qtp1583082378-2231" daemon prio=5 tid=2231 timed_waiting
java.lang.Thread.State: TIMED_WAITING
        at sun.misc.Unsafe.park(Native Method)
        at java.util.concurrent.locks.LockSupport.parkNanos(LockSupport.java:215)
        at java.util.concurrent.locks.AbstractQueuedSynchronizer$ConditionObject.awaitNanos(AbstractQueuedSynchronizer.java:2078)
        at org.eclipse.jetty.util.BlockingArrayQueue.poll(BlockingArrayQueue.java:392)
        at org.eclipse.jetty.util.thread.QueuedThreadPool.idleJobPoll(QueuedThreadPool.java:563)
        at org.eclipse.jetty.util.thread.QueuedThreadPool.access$800(QueuedThreadPool.java:48)
        at org.eclipse.jetty.util.thread.QueuedThreadPool$2.run(QueuedThreadPool.java:626)
        at java.lang.Thread.run(Thread.java:748)
"pool-208-thread-21"  prio=5 tid=2669 in Object.wait()
java.lang.Thread.State: WAITING (on object monitor)
        at sun.misc.Unsafe.park(Native Method)
        at java.util.concurrent.locks.LockSupport.park(LockSupport.java:175)
        at java.util.concurrent.locks.AbstractQueuedSynchronizer$ConditionObject.await(AbstractQueuedSynchronizer.java:2039)
        at java.util.concurrent.ArrayBlockingQueue.take(ArrayBlockingQueue.java:403)
        at java.util.concurrent.ThreadPoolExecutor.getTask(ThreadPoolExecutor.java:1074)
        at java.util.concurrent.ThreadPoolExecutor.runWorker(ThreadPoolExecutor.java:1134)
        at java.util.concurrent.ThreadPoolExecutor$Worker.run(ThreadPoolExecutor.java:624)
        at java.lang.Thread.run(Thread.java:748)
"qtp270313690-2124" daemon prio=5 tid=2124 timed_waiting
java.lang.Thread.State: TIMED_WAITING
        at sun.misc.Unsafe.park(Native Method)
        at java.util.concurrent.locks.LockSupport.parkNanos(LockSupport.java:215)
        at java.util.concurrent.locks.AbstractQueuedSynchronizer$ConditionObject.awaitNanos(AbstractQueuedSynchronizer.java:2078)
        at org.eclipse.jetty.util.BlockingArrayQueue.poll(BlockingArrayQueue.java:392)
        at org.eclipse.jetty.util.thread.QueuedThreadPool.idleJobPoll(QueuedThreadPool.java:563)
        at org.eclipse.jetty.util.thread.QueuedThreadPool.access$800(QueuedThreadPool.java:48)
        at org.eclipse.jetty.util.thread.QueuedThreadPool$2.run(QueuedThreadPool.java:626)
        at java.lang.Thread.run(Thread.java:748)
"pool-219-thread-1"  prio=5 tid=2968 in Object.wait()
java.lang.Thread.State: WAITING (on object monitor)
        at sun.misc.Unsafe.park(Native Method)
        at java.util.concurrent.locks.LockSupport.park(LockSupport.java:175)
        at java.util.concurrent.locks.AbstractQueuedSynchronizer$ConditionObject.await(AbstractQueuedSynchronizer.java:2039)
        at java.util.concurrent.LinkedBlockingQueue.take(LinkedBlockingQueue.java:442)
        at java.util.concurrent.ThreadPoolExecutor.getTask(ThreadPoolExecutor.java:1074)
        at java.util.concurrent.ThreadPoolExecutor.runWorker(ThreadPoolExecutor.java:1134)
        at java.util.concurrent.ThreadPoolExecutor$Worker.run(ThreadPoolExecutor.java:624)
        at java.lang.Thread.run(Thread.java:748)
"pool-208-thread-18"  prio=5 tid=2666 in Object.wait()
java.lang.Thread.State: WAITING (on object monitor)
        at sun.misc.Unsafe.park(Native Method)
        at java.util.concurrent.locks.LockSupport.park(LockSupport.java:175)
        at java.util.concurrent.locks.AbstractQueuedSynchronizer$ConditionObject.await(AbstractQueuedSynchronizer.java:2039)
        at java.util.concurrent.ArrayBlockingQueue.take(ArrayBlockingQueue.java:403)
        at java.util.concurrent.ThreadPoolExecutor.getTask(ThreadPoolExecutor.java:1074)
        at java.util.concurrent.ThreadPoolExecutor.runWorker(ThreadPoolExecutor.java:1134)
        at java.util.concurrent.ThreadPoolExecutor$Worker.run(ThreadPoolExecutor.java:624)
        at java.lang.Thread.run(Thread.java:748)
"IPC Server handler 1 on 39845" daemon prio=5 tid=1930 timed_waiting
java.lang.Thread.State: TIMED_WAITING
        at sun.misc.Unsafe.park(Native Method)
        at java.util.concurrent.locks.LockSupport.parkNanos(LockSupport.java:215)
        at java.util.concurrent.locks.AbstractQueuedSynchronizer$ConditionObject.awaitNanos(AbstractQueuedSynchronizer.java:2078)
        at java.util.concurrent.LinkedBlockingQueue.poll(LinkedBlockingQueue.java:467)
        at org.apache.hadoop.ipc.CallQueueManager.take(CallQueueManager.java:288)
        at org.apache.hadoop.ipc.Server$Handler.run(Server.java:2668)
"refreshUsed-/workdir/hadoop-ozone/integration-test/target/test-dir/MiniOzoneClusterImpl-8fc52630-20fd-4955-97d1-2a2852f9ee58/datanode-1/data/containers" daemon prio=5 tid=2035 timed_waiting
java.lang.Thread.State: TIMED_WAITING
        at java.lang.Thread.sleep(Native Method)
        at org.apache.hadoop.fs.CachingGetSpaceUsed$RefreshThread.run(CachingGetSpaceUsed.java:179)
        at java.lang.Thread.run(Thread.java:748)
"BlockDeletingService#0" daemon prio=5 tid=2523 timed_waiting
java.lang.Thread.State: TIMED_WAITING
        at sun.misc.Unsafe.park(Native Method)
        at java.util.concurrent.locks.LockSupport.parkNanos(LockSupport.java:215)
        at java.util.concurrent.locks.AbstractQueuedSynchronizer$ConditionObject.awaitNanos(AbstractQueuedSynchronizer.java:2078)
        at java.util.concurrent.ScheduledThreadPoolExecutor$DelayedWorkQueue.take(ScheduledThreadPoolExecutor.java:1093)
        at java.util.concurrent.ScheduledThreadPoolExecutor$DelayedWorkQueue.take(ScheduledThreadPoolExecutor.java:809)
        at java.util.concurrent.ThreadPoolExecutor.getTask(ThreadPoolExecutor.java:1074)
        at java.util.concurrent.ThreadPoolExecutor.runWorker(ThreadPoolExecutor.java:1134)
        at java.util.concurrent.ThreadPoolExecutor$Worker.run(ThreadPoolExecutor.java:624)
        at java.lang.Thread.run(Thread.java:748)
"IPC Server handler 5 on 45410" daemon prio=5 tid=1977 timed_waiting
java.lang.Thread.State: TIMED_WAITING
        at sun.misc.Unsafe.park(Native Method)
        at java.util.concurrent.locks.LockSupport.parkNanos(LockSupport.java:215)
        at java.util.concurrent.locks.AbstractQueuedSynchronizer$ConditionObject.awaitNanos(AbstractQueuedSynchronizer.java:2078)
        at java.util.concurrent.LinkedBlockingQueue.poll(LinkedBlockingQueue.java:467)
        at org.apache.hadoop.ipc.CallQueueManager.take(CallQueueManager.java:288)
        at org.apache.hadoop.ipc.Server$Handler.run(Server.java:2668)
"pool-218-thread-47"  prio=5 tid=2757 in Object.wait()
java.lang.Thread.State: WAITING (on object monitor)
        at sun.misc.Unsafe.park(Native Method)
        at java.util.concurrent.locks.LockSupport.park(LockSupport.java:175)
        at java.util.concurrent.locks.AbstractQueuedSynchronizer$ConditionObject.await(AbstractQueuedSynchronizer.java:2039)
        at java.util.concurrent.ArrayBlockingQueue.take(ArrayBlockingQueue.java:403)
        at java.util.concurrent.ThreadPoolExecutor.getTask(ThreadPoolExecutor.java:1074)
        at java.util.concurrent.ThreadPoolExecutor.runWorker(ThreadPoolExecutor.java:1134)
        at java.util.concurrent.ThreadPoolExecutor$Worker.run(ThreadPoolExecutor.java:624)
        at java.lang.Thread.run(Thread.java:748)
"qtp98459285-1951" daemon prio=5 tid=1951 timed_waiting
java.lang.Thread.State: TIMED_WAITING
        at sun.misc.Unsafe.park(Native Method)
        at java.util.concurrent.locks.LockSupport.parkNanos(LockSupport.java:215)
        at java.util.concurrent.locks.AbstractQueuedSynchronizer$ConditionObject.awaitNanos(AbstractQueuedSynchronizer.java:2078)
        at org.eclipse.jetty.util.BlockingArrayQueue.poll(BlockingArrayQueue.java:392)
        at org.eclipse.jetty.util.thread.QueuedThreadPool.idleJobPoll(QueuedThreadPool.java:563)
        at org.eclipse.jetty.util.thread.QueuedThreadPool.access$800(QueuedThreadPool.java:48)
        at org.eclipse.jetty.util.thread.QueuedThreadPool$2.run(QueuedThreadPool.java:626)
        at java.lang.Thread.run(Thread.java:748)
"Datanode ReportManager Thread - 2" daemon prio=5 tid=227 in Object.wait()
java.lang.Thread.State: WAITING (on object monitor)
        at sun.misc.Unsafe.park(Native Method)
        at java.util.concurrent.locks.LockSupport.park(LockSupport.java:175)
        at java.util.concurrent.locks.AbstractQueuedSynchronizer$ConditionObject.await(AbstractQueuedSynchronizer.java:2039)
        at java.util.concurrent.ScheduledThreadPoolExecutor$DelayedWorkQueue.take(ScheduledThreadPoolExecutor.java:1088)
        at java.util.concurrent.ScheduledThreadPoolExecutor$DelayedWorkQueue.take(ScheduledThreadPoolExecutor.java:809)
        at java.util.concurrent.ThreadPoolExecutor.getTask(ThreadPoolExecutor.java:1074)
        at java.util.concurrent.ThreadPoolExecutor.runWorker(ThreadPoolExecutor.java:1134)
        at java.util.concurrent.ThreadPoolExecutor$Worker.run(ThreadPoolExecutor.java:624)
        at java.lang.Thread.run(Thread.java:748)
"DataNode DiskChecker thread 0" daemon prio=5 tid=2144 timed_waiting
java.lang.Thread.State: TIMED_WAITING
        at sun.misc.Unsafe.park(Native Method)
        at java.util.concurrent.locks.LockSupport.parkNanos(LockSupport.java:215)
        at java.util.concurrent.SynchronousQueue$TransferStack.awaitFulfill(SynchronousQueue.java:460)
        at java.util.concurrent.SynchronousQueue$TransferStack.transfer(SynchronousQueue.java:362)
        at java.util.concurrent.SynchronousQueue.poll(SynchronousQueue.java:941)
        at java.util.concurrent.ThreadPoolExecutor.getTask(ThreadPoolExecutor.java:1073)
        at java.util.concurrent.ThreadPoolExecutor.runWorker(ThreadPoolExecutor.java:1134)
        at java.util.concurrent.ThreadPoolExecutor$Worker.run(ThreadPoolExecutor.java:624)
        at java.lang.Thread.run(Thread.java:748)
"org.apache.ratis.server.impl.LogAppender$AppenderDaemon$$Lambda$466/1042245461@1c8c2044" daemon prio=5 tid=3220 timed_waiting
java.lang.Thread.State: TIMED_WAITING
        at java.lang.Object.wait(Native Method)
        at org.apache.ratis.grpc.server.GrpcLogAppender.mayWait(GrpcLogAppender.java:149)
        at org.apache.ratis.grpc.server.GrpcLogAppender.runAppenderImpl(GrpcLogAppender.java:103)
        at org.apache.ratis.server.impl.LogAppender$AppenderDaemon.run(LogAppender.java:76)
        at org.apache.ratis.server.impl.LogAppender$AppenderDaemon$$Lambda$466/1042245461.run(Unknown Source)
        at java.lang.Thread.run(Thread.java:748)
"Datanode State Machine Thread - 0" daemon prio=5 tid=2159 timed_waiting
java.lang.Thread.State: TIMED_WAITING
        at java.lang.Thread.sleep(Native Method)
        at org.apache.hadoop.ozone.container.common.statemachine.DatanodeStateMachine.start(DatanodeStateMachine.java:196)
        at org.apache.hadoop.ozone.container.common.statemachine.DatanodeStateMachine.lambda$startDaemon$0(DatanodeStateMachine.java:354)
        at org.apache.hadoop.ozone.container.common.statemachine.DatanodeStateMachine$$Lambda$141/502066023.run(Unknown Source)
        at java.lang.Thread.run(Thread.java:748)
"pool-198-thread-8"  prio=5 tid=2594 in Object.wait()
java.lang.Thread.State: WAITING (on object monitor)
        at sun.misc.Unsafe.park(Native Method)
        at java.util.concurrent.locks.LockSupport.park(LockSupport.java:175)
        at java.util.concurrent.locks.AbstractQueuedSynchronizer$ConditionObject.await(AbstractQueuedSynchronizer.java:2039)
        at java.util.concurrent.ArrayBlockingQueue.take(ArrayBlockingQueue.java:403)
        at java.util.concurrent.ThreadPoolExecutor.getTask(ThreadPoolExecutor.java:1074)
        at java.util.concurrent.ThreadPoolExecutor.runWorker(ThreadPoolExecutor.java:1134)
        at java.util.concurrent.ThreadPoolExecutor$Worker.run(ThreadPoolExecutor.java:624)
        at java.lang.Thread.run(Thread.java:748)
"pool-238-thread-13"  prio=5 tid=2847 in Object.wait()
java.lang.Thread.State: WAITING (on object monitor)
        at sun.misc.Unsafe.park(Native Method)
        at java.util.concurrent.locks.LockSupport.park(LockSupport.java:175)
        at java.util.concurrent.locks.AbstractQueuedSynchronizer$ConditionObject.await(AbstractQueuedSynchronizer.java:2039)
        at java.util.concurrent.ArrayBlockingQueue.take(ArrayBlockingQueue.java:403)
        at java.util.concurrent.ThreadPoolExecutor.getTask(ThreadPoolExecutor.java:1074)
        at java.util.concurrent.ThreadPoolExecutor.runWorker(ThreadPoolExecutor.java:1134)
        at java.util.concurrent.ThreadPoolExecutor$Worker.run(ThreadPoolExecutor.java:624)
        at java.lang.Thread.run(Thread.java:748)
"org.apache.ratis.server.impl.LogAppender$AppenderDaemon$$Lambda$466/1042245461@598eb511" daemon prio=5 tid=3219 timed_waiting
java.lang.Thread.State: TIMED_WAITING
        at java.lang.Object.wait(Native Method)
        at org.apache.ratis.grpc.server.GrpcLogAppender.mayWait(GrpcLogAppender.java:149)
        at org.apache.ratis.grpc.server.GrpcLogAppender.runAppenderImpl(GrpcLogAppender.java:103)
        at org.apache.ratis.server.impl.LogAppender$AppenderDaemon.run(LogAppender.java:76)
        at org.apache.ratis.server.impl.LogAppender$AppenderDaemon$$Lambda$466/1042245461.run(Unknown Source)
        at java.lang.Thread.run(Thread.java:748)
"pool-196-thread-1" daemon prio=5 tid=2145 timed_waiting
java.lang.Thread.State: TIMED_WAITING
        at sun.misc.Unsafe.park(Native Method)
        at java.util.concurrent.locks.LockSupport.parkNanos(LockSupport.java:215)
        at java.util.concurrent.locks.AbstractQueuedSynchronizer$ConditionObject.awaitNanos(AbstractQueuedSynchronizer.java:2078)
        at java.util.concurrent.ScheduledThreadPoolExecutor$DelayedWorkQueue.take(ScheduledThreadPoolExecutor.java:1093)
        at java.util.concurrent.ScheduledThreadPoolExecutor$DelayedWorkQueue.take(ScheduledThreadPoolExecutor.java:809)
        at java.util.concurrent.ThreadPoolExecutor.getTask(ThreadPoolExecutor.java:1074)
        at java.util.concurrent.ThreadPoolExecutor.runWorker(ThreadPoolExecutor.java:1134)
        at java.util.concurrent.ThreadPoolExecutor$Worker.run(ThreadPoolExecutor.java:624)
        at java.lang.Thread.run(Thread.java:748)
"pool-168-thread-49"  prio=5 tid=2449 in Object.wait()
java.lang.Thread.State: WAITING (on object monitor)
        at sun.misc.Unsafe.park(Native Method)
        at java.util.concurrent.locks.LockSupport.park(LockSupport.java:175)
        at java.util.concurrent.locks.AbstractQueuedSynchronizer$ConditionObject.await(AbstractQueuedSynchronizer.java:2039)
        at java.util.concurrent.ArrayBlockingQueue.take(ArrayBlockingQueue.java:403)
        at java.util.concurrent.ThreadPoolExecutor.getTask(ThreadPoolExecutor.java:1074)
        at java.util.concurrent.ThreadPoolExecutor.runWorker(ThreadPoolExecutor.java:1134)
        at java.util.concurrent.ThreadPoolExecutor$Worker.run(ThreadPoolExecutor.java:624)
        at java.lang.Thread.run(Thread.java:748)
"Datanode ReportManager Thread - 0" daemon prio=5 tid=2052 timed_waiting
java.lang.Thread.State: TIMED_WAITING
        at sun.misc.Unsafe.park(Native Method)
        at java.util.concurrent.locks.LockSupport.parkNanos(LockSupport.java:215)
        at java.util.concurrent.locks.AbstractQueuedSynchronizer$ConditionObject.awaitNanos(AbstractQueuedSynchronizer.java:2078)
        at java.util.concurrent.ScheduledThreadPoolExecutor$DelayedWorkQueue.take(ScheduledThreadPoolExecutor.java:1093)
        at java.util.concurrent.ScheduledThreadPoolExecutor$DelayedWorkQueue.take(ScheduledThreadPoolExecutor.java:809)
        at java.util.concurrent.ThreadPoolExecutor.getTask(ThreadPoolExecutor.java:1074)
        at java.util.concurrent.ThreadPoolExecutor.runWorker(ThreadPoolExecutor.java:1134)
        at java.util.concurrent.ThreadPoolExecutor$Worker.run(ThreadPoolExecutor.java:624)
        at java.lang.Thread.run(Thread.java:748)
"pool-236-thread-1" daemon prio=5 tid=2253 timed_waiting
java.lang.Thread.State: TIMED_WAITING
        at sun.misc.Unsafe.park(Native Method)
        at java.util.concurrent.locks.LockSupport.parkNanos(LockSupport.java:215)
        at java.util.concurrent.locks.AbstractQueuedSynchronizer$ConditionObject.awaitNanos(AbstractQueuedSynchronizer.java:2078)
        at java.util.concurrent.ScheduledThreadPoolExecutor$DelayedWorkQueue.take(ScheduledThreadPoolExecutor.java:1093)
        at java.util.concurrent.ScheduledThreadPoolExecutor$DelayedWorkQueue.take(ScheduledThreadPoolExecutor.java:809)
        at java.util.concurrent.ThreadPoolExecutor.getTask(ThreadPoolExecutor.java:1074)
        at java.util.concurrent.ThreadPoolExecutor.runWorker(ThreadPoolExecutor.java:1134)
        at java.util.concurrent.ThreadPoolExecutor$Worker.run(ThreadPoolExecutor.java:624)
        at java.lang.Thread.run(Thread.java:748)
"pool-228-thread-38"  prio=5 tid=2810 in Object.wait()
java.lang.Thread.State: WAITING (on object monitor)
        at sun.misc.Unsafe.park(Native Method)
        at java.util.concurrent.locks.LockSupport.park(LockSupport.java:175)
        at java.util.concurrent.locks.AbstractQueuedSynchronizer$ConditionObject.await(AbstractQueuedSynchronizer.java:2039)
        at java.util.concurrent.ArrayBlockingQueue.take(ArrayBlockingQueue.java:403)
        at java.util.concurrent.ThreadPoolExecutor.getTask(ThreadPoolExecutor.java:1074)
        at java.util.concurrent.ThreadPoolExecutor.runWorker(ThreadPoolExecutor.java:1134)
        at java.util.concurrent.ThreadPoolExecutor$Worker.run(ThreadPoolExecutor.java:624)
        at java.lang.Thread.run(Thread.java:748)
"qtp769195805-2015" daemon prio=5 tid=2015 timed_waiting
java.lang.Thread.State: TIMED_WAITING
        at sun.misc.Unsafe.park(Native Method)
        at java.util.concurrent.locks.LockSupport.parkNanos(LockSupport.java:215)
        at java.util.concurrent.locks.AbstractQueuedSynchronizer$ConditionObject.awaitNanos(AbstractQueuedSynchronizer.java:2078)
        at org.eclipse.jetty.util.BlockingArrayQueue.poll(BlockingArrayQueue.java:392)
        at org.eclipse.jetty.util.thread.QueuedThreadPool.idleJobPoll(QueuedThreadPool.java:563)
        at org.eclipse.jetty.util.thread.QueuedThreadPool.access$800(QueuedThreadPool.java:48)
        at org.eclipse.jetty.util.thread.QueuedThreadPool$2.run(QueuedThreadPool.java:626)
        at java.lang.Thread.run(Thread.java:748)
"pool-218-thread-59"  prio=5 tid=2769 in Object.wait()
java.lang.Thread.State: WAITING (on object monitor)
        at sun.misc.Unsafe.park(Native Method)
        at java.util.concurrent.locks.LockSupport.park(LockSupport.java:175)
        at java.util.concurrent.locks.AbstractQueuedSynchronizer$ConditionObject.await(AbstractQueuedSynchronizer.java:2039)
        at java.util.concurrent.ArrayBlockingQueue.take(ArrayBlockingQueue.java:403)
        at java.util.concurrent.ThreadPoolExecutor.getTask(ThreadPoolExecutor.java:1074)
        at java.util.concurrent.ThreadPoolExecutor.runWorker(ThreadPoolExecutor.java:1134)
        at java.util.concurrent.ThreadPoolExecutor$Worker.run(ThreadPoolExecutor.java:624)
        at java.lang.Thread.run(Thread.java:748)
"Datanode ReportManager Thread - 0" daemon prio=5 tid=2133 in Object.wait()
java.lang.Thread.State: WAITING (on object monitor)
        at sun.misc.Unsafe.park(Native Method)
        at java.util.concurrent.locks.LockSupport.park(LockSupport.java:175)
        at java.util.concurrent.locks.AbstractQueuedSynchronizer$ConditionObject.await(AbstractQueuedSynchronizer.java:2039)
        at java.util.concurrent.ScheduledThreadPoolExecutor$DelayedWorkQueue.take(ScheduledThreadPoolExecutor.java:1088)
        at java.util.concurrent.ScheduledThreadPoolExecutor$DelayedWorkQueue.take(ScheduledThreadPoolExecutor.java:809)
        at java.util.concurrent.ThreadPoolExecutor.getTask(ThreadPoolExecutor.java:1074)
        at java.util.concurrent.ThreadPoolExecutor.runWorker(ThreadPoolExecutor.java:1134)
        at java.util.concurrent.ThreadPoolExecutor$Worker.run(ThreadPoolExecutor.java:624)
        at java.lang.Thread.run(Thread.java:748)
"pool-158-thread-59"  prio=5 tid=2397 in Object.wait()
java.lang.Thread.State: WAITING (on object monitor)
        at sun.misc.Unsafe.park(Native Method)
        at java.util.concurrent.locks.LockSupport.park(LockSupport.java:175)
        at java.util.concurrent.locks.AbstractQueuedSynchronizer$ConditionObject.await(AbstractQueuedSynchronizer.java:2039)
        at java.util.concurrent.ArrayBlockingQueue.take(ArrayBlockingQueue.java:403)
        at java.util.concurrent.ThreadPoolExecutor.getTask(ThreadPoolExecutor.java:1074)
        at java.util.concurrent.ThreadPoolExecutor.runWorker(ThreadPoolExecutor.java:1134)
        at java.util.concurrent.ThreadPoolExecutor$Worker.run(ThreadPoolExecutor.java:624)
        at java.lang.Thread.run(Thread.java:748)
"pool-218-thread-22"  prio=5 tid=2732 in Object.wait()
java.lang.Thread.State: WAITING (on object monitor)
        at sun.misc.Unsafe.park(Native Method)
        at java.util.concurrent.locks.LockSupport.park(LockSupport.java:175)
        at java.util.concurrent.locks.AbstractQueuedSynchronizer$ConditionObject.await(AbstractQueuedSynchronizer.java:2039)
        at java.util.concurrent.ArrayBlockingQueue.take(ArrayBlockingQueue.java:403)
        at java.util.concurrent.ThreadPoolExecutor.getTask(ThreadPoolExecutor.java:1074)
        at java.util.concurrent.ThreadPoolExecutor.runWorker(ThreadPoolExecutor.java:1134)
        at java.util.concurrent.ThreadPoolExecutor$Worker.run(ThreadPoolExecutor.java:624)
        at java.lang.Thread.run(Thread.java:748)
"pool-182-thread-1"  prio=5 tid=2093 timed_waiting
java.lang.Thread.State: TIMED_WAITING
        at sun.misc.Unsafe.park(Native Method)
        at java.util.concurrent.locks.LockSupport.parkNanos(LockSupport.java:215)
        at java.util.concurrent.locks.AbstractQueuedSynchronizer$ConditionObject.awaitNanos(AbstractQueuedSynchronizer.java:2078)
        at java.util.concurrent.ScheduledThreadPoolExecutor$DelayedWorkQueue.take(ScheduledThreadPoolExecutor.java:1093)
        at java.util.concurrent.ScheduledThreadPoolExecutor$DelayedWorkQueue.take(ScheduledThreadPoolExecutor.java:809)
        at java.util.concurrent.ThreadPoolExecutor.getTask(ThreadPoolExecutor.java:1074)
        at java.util.concurrent.ThreadPoolExecutor.runWorker(ThreadPoolExecutor.java:1134)
        at java.util.concurrent.ThreadPoolExecutor$Worker.run(ThreadPoolExecutor.java:624)
        at java.lang.Thread.run(Thread.java:748)
"pool-168-thread-28"  prio=5 tid=2428 in Object.wait()
java.lang.Thread.State: WAITING (on object monitor)
        at sun.misc.Unsafe.park(Native Method)
        at java.util.concurrent.locks.LockSupport.park(LockSupport.java:175)
        at java.util.concurrent.locks.AbstractQueuedSynchronizer$ConditionObject.await(AbstractQueuedSynchronizer.java:2039)
        at java.util.concurrent.ArrayBlockingQueue.take(ArrayBlockingQueue.java:403)
        at java.util.concurrent.ThreadPoolExecutor.getTask(ThreadPoolExecutor.java:1074)
        at java.util.concurrent.ThreadPoolExecutor.runWorker(ThreadPoolExecutor.java:1134)
        at java.util.concurrent.ThreadPoolExecutor$Worker.run(ThreadPoolExecutor.java:624)
        at java.lang.Thread.run(Thread.java:748)
"PartialTableCache Cleanup Thread - 0" daemon prio=5 tid=3080 in Object.wait()
java.lang.Thread.State: WAITING (on object monitor)
        at sun.misc.Unsafe.park(Native Method)
        at java.util.concurrent.locks.LockSupport.park(LockSupport.java:175)
        at java.util.concurrent.locks.AbstractQueuedSynchronizer$ConditionObject.await(AbstractQueuedSynchronizer.java:2039)
        at java.util.concurrent.LinkedBlockingQueue.take(LinkedBlockingQueue.java:442)
        at java.util.concurrent.ThreadPoolExecutor.getTask(ThreadPoolExecutor.java:1074)
        at java.util.concurrent.ThreadPoolExecutor.runWorker(ThreadPoolExecutor.java:1134)
        at java.util.concurrent.ThreadPoolExecutor$Worker.run(ThreadPoolExecutor.java:624)
        at java.lang.Thread.run(Thread.java:748)
"pool-178-thread-51"  prio=5 tid=2513 in Object.wait()
java.lang.Thread.State: WAITING (on object monitor)
        at sun.misc.Unsafe.park(Native Method)
        at java.util.concurrent.locks.LockSupport.park(LockSupport.java:175)
        at java.util.concurrent.locks.AbstractQueuedSynchronizer$ConditionObject.await(AbstractQueuedSynchronizer.java:2039)
        at java.util.concurrent.ArrayBlockingQueue.take(ArrayBlockingQueue.java:403)
        at java.util.concurrent.ThreadPoolExecutor.getTask(ThreadPoolExecutor.java:1074)
        at java.util.concurrent.ThreadPoolExecutor.runWorker(ThreadPoolExecutor.java:1134)
        at java.util.concurrent.ThreadPoolExecutor$Worker.run(ThreadPoolExecutor.java:624)
        at java.lang.Thread.run(Thread.java:748)
"Datanode ReportManager Thread - 3" daemon prio=5 tid=255 in Object.wait()
java.lang.Thread.State: WAITING (on object monitor)
        at sun.misc.Unsafe.park(Native Method)
        at java.util.concurrent.locks.LockSupport.park(LockSupport.java:175)
        at java.util.concurrent.locks.AbstractQueuedSynchronizer$ConditionObject.await(AbstractQueuedSynchronizer.java:2039)
        at java.util.concurrent.ScheduledThreadPoolExecutor$DelayedWorkQueue.take(ScheduledThreadPoolExecutor.java:1088)
        at java.util.concurrent.ScheduledThreadPoolExecutor$DelayedWorkQueue.take(ScheduledThreadPoolExecutor.java:809)
        at java.util.concurrent.ThreadPoolExecutor.getTask(ThreadPoolExecutor.java:1074)
        at java.util.concurrent.ThreadPoolExecutor.runWorker(ThreadPoolExecutor.java:1134)
        at java.util.concurrent.ThreadPoolExecutor$Worker.run(ThreadPoolExecutor.java:624)
        at java.lang.Thread.run(Thread.java:748)
"pool-148-thread-45"  prio=5 tid=2320 in Object.wait()
java.lang.Thread.State: WAITING (on object monitor)
        at sun.misc.Unsafe.park(Native Method)
        at java.util.concurrent.locks.LockSupport.park(LockSupport.java:175)
        at java.util.concurrent.locks.AbstractQueuedSynchronizer$ConditionObject.await(AbstractQueuedSynchronizer.java:2039)
        at java.util.concurrent.ArrayBlockingQueue.take(ArrayBlockingQueue.java:403)
        at java.util.concurrent.ThreadPoolExecutor.getTask(ThreadPoolExecutor.java:1074)
        at java.util.concurrent.ThreadPoolExecutor.runWorker(ThreadPoolExecutor.java:1134)
        at java.util.concurrent.ThreadPoolExecutor$Worker.run(ThreadPoolExecutor.java:624)
        at java.lang.Thread.run(Thread.java:748)
"pool-188-thread-41"  prio=5 tid=2565 in Object.wait()
java.lang.Thread.State: WAITING (on object monitor)
        at sun.misc.Unsafe.park(Native Method)
        at java.util.concurrent.locks.LockSupport.park(LockSupport.java:175)
        at java.util.concurrent.locks.AbstractQueuedSynchronizer$ConditionObject.await(AbstractQueuedSynchronizer.java:2039)
        at java.util.concurrent.ArrayBlockingQueue.take(ArrayBlockingQueue.java:403)
        at java.util.concurrent.ThreadPoolExecutor.getTask(ThreadPoolExecutor.java:1074)
        at java.util.concurrent.ThreadPoolExecutor.runWorker(ThreadPoolExecutor.java:1134)
        at java.util.concurrent.ThreadPoolExecutor$Worker.run(ThreadPoolExecutor.java:624)
        at java.lang.Thread.run(Thread.java:748)
"pool-148-thread-44"  prio=5 tid=2319 in Object.wait()
java.lang.Thread.State: WAITING (on object monitor)
        at sun.misc.Unsafe.park(Native Method)
        at java.util.concurrent.locks.LockSupport.park(LockSupport.java:175)
        at java.util.concurrent.locks.AbstractQueuedSynchronizer$ConditionObject.await(AbstractQueuedSynchronizer.java:2039)
        at java.util.concurrent.ArrayBlockingQueue.take(ArrayBlockingQueue.java:403)
        at java.util.concurrent.ThreadPoolExecutor.getTask(ThreadPoolExecutor.java:1074)
        at java.util.concurrent.ThreadPoolExecutor.runWorker(ThreadPoolExecutor.java:1134)
        at java.util.concurrent.ThreadPoolExecutor$Worker.run(ThreadPoolExecutor.java:624)
        at java.lang.Thread.run(Thread.java:748)
"pool-188-thread-44"  prio=5 tid=2568 in Object.wait()
java.lang.Thread.State: WAITING (on object monitor)
        at sun.misc.Unsafe.park(Native Method)
        at java.util.concurrent.locks.LockSupport.park(LockSupport.java:175)
        at java.util.concurrent.locks.AbstractQueuedSynchronizer$ConditionObject.await(AbstractQueuedSynchronizer.java:2039)
        at java.util.concurrent.ArrayBlockingQueue.take(ArrayBlockingQueue.java:403)
        at java.util.concurrent.ThreadPoolExecutor.getTask(ThreadPoolExecutor.java:1074)
        at java.util.concurrent.ThreadPoolExecutor.runWorker(ThreadPoolExecutor.java:1134)
        at java.util.concurrent.ThreadPoolExecutor$Worker.run(ThreadPoolExecutor.java:624)
        at java.lang.Thread.run(Thread.java:748)
"IPC Server handler 4 on 45410" daemon prio=5 tid=1976 timed_waiting
java.lang.Thread.State: TIMED_WAITING
        at sun.misc.Unsafe.park(Native Method)
        at java.util.concurrent.locks.LockSupport.parkNanos(LockSupport.java:215)
        at java.util.concurrent.locks.AbstractQueuedSynchronizer$ConditionObject.awaitNanos(AbstractQueuedSynchronizer.java:2078)
        at java.util.concurrent.LinkedBlockingQueue.poll(LinkedBlockingQueue.java:467)
        at org.apache.hadoop.ipc.CallQueueManager.take(CallQueueManager.java:288)
        at org.apache.hadoop.ipc.Server$Handler.run(Server.java:2668)
"pool-168-thread-55"  prio=5 tid=2455 in Object.wait()
java.lang.Thread.State: WAITING (on object monitor)
        at sun.misc.Unsafe.park(Native Method)
        at java.util.concurrent.locks.LockSupport.park(LockSupport.java:175)
        at java.util.concurrent.locks.AbstractQueuedSynchronizer$ConditionObject.await(AbstractQueuedSynchronizer.java:2039)
        at java.util.concurrent.ArrayBlockingQueue.take(ArrayBlockingQueue.java:403)
        at java.util.concurrent.ThreadPoolExecutor.getTask(ThreadPoolExecutor.java:1074)
        at java.util.concurrent.ThreadPoolExecutor.runWorker(ThreadPoolExecutor.java:1134)
        at java.util.concurrent.ThreadPoolExecutor$Worker.run(ThreadPoolExecutor.java:624)
        at java.lang.Thread.run(Thread.java:748)
"IPC Server handler 6 on 39845" daemon prio=5 tid=1935 timed_waiting
java.lang.Thread.State: TIMED_WAITING
        at sun.misc.Unsafe.park(Native Method)
        at java.util.concurrent.locks.LockSupport.parkNanos(LockSupport.java:215)
        at java.util.concurrent.locks.AbstractQueuedSynchronizer$ConditionObject.awaitNanos(AbstractQueuedSynchronizer.java:2078)
        at java.util.concurrent.LinkedBlockingQueue.poll(LinkedBlockingQueue.java:467)
        at org.apache.hadoop.ipc.CallQueueManager.take(CallQueueManager.java:288)
        at org.apache.hadoop.ipc.Server$Handler.run(Server.java:2668)
"pool-188-thread-10"  prio=5 tid=2534 in Object.wait()
java.lang.Thread.State: WAITING (on object monitor)
        at sun.misc.Unsafe.park(Native Method)
        at java.util.concurrent.locks.LockSupport.park(LockSupport.java:175)
        at java.util.concurrent.locks.AbstractQueuedSynchronizer$ConditionObject.await(AbstractQueuedSynchronizer.java:2039)
        at java.util.concurrent.ArrayBlockingQueue.take(ArrayBlockingQueue.java:403)
        at java.util.concurrent.ThreadPoolExecutor.getTask(ThreadPoolExecutor.java:1074)
        at java.util.concurrent.ThreadPoolExecutor.runWorker(ThreadPoolExecutor.java:1134)
        at java.util.concurrent.ThreadPoolExecutor$Worker.run(ThreadPoolExecutor.java:624)
        at java.lang.Thread.run(Thread.java:748)
"pool-178-thread-40"  prio=5 tid=2502 in Object.wait()
java.lang.Thread.State: WAITING (on object monitor)
        at sun.misc.Unsafe.park(Native Method)
        at java.util.concurrent.locks.LockSupport.park(LockSupport.java:175)
        at java.util.concurrent.locks.AbstractQueuedSynchronizer$ConditionObject.await(AbstractQueuedSynchronizer.java:2039)
        at java.util.concurrent.ArrayBlockingQueue.take(ArrayBlockingQueue.java:403)
        at java.util.concurrent.ThreadPoolExecutor.getTask(ThreadPoolExecutor.java:1074)
        at java.util.concurrent.ThreadPoolExecutor.runWorker(ThreadPoolExecutor.java:1134)
        at java.util.concurrent.ThreadPoolExecutor$Worker.run(ThreadPoolExecutor.java:624)
        at java.lang.Thread.run(Thread.java:748)
"qtp843410864-2181" daemon prio=5 tid=2181 timed_waiting
java.lang.Thread.State: TIMED_WAITING
        at sun.misc.Unsafe.park(Native Method)
        at java.util.concurrent.locks.LockSupport.parkNanos(LockSupport.java:215)
        at java.util.concurrent.locks.AbstractQueuedSynchronizer$ConditionObject.awaitNanos(AbstractQueuedSynchronizer.java:2078)
        at org.eclipse.jetty.util.BlockingArrayQueue.poll(BlockingArrayQueue.java:392)
        at org.eclipse.jetty.util.thread.QueuedThreadPool.idleJobPoll(QueuedThreadPool.java:563)
        at org.eclipse.jetty.util.thread.QueuedThreadPool.access$800(QueuedThreadPool.java:48)
        at org.eclipse.jetty.util.thread.QueuedThreadPool$2.run(QueuedThreadPool.java:626)
        at java.lang.Thread.run(Thread.java:748)
"9ac24c7e-7e4f-4cef-ab0e-298cb71ae60d@group-D08F3DBE2A41-StateMachineUpdater" daemon prio=5 tid=3143 in Object.wait()
java.lang.Thread.State: WAITING (on object monitor)
        at java.lang.Object.wait(Native Method)
        at java.lang.Object.wait(Object.java:502)
        at org.apache.ratis.server.impl.StateMachineUpdater.waitForCommit(StateMachineUpdater.java:194)
        at org.apache.ratis.server.impl.StateMachineUpdater.run(StateMachineUpdater.java:159)
        at java.lang.Thread.run(Thread.java:748)
"pool-188-thread-40"  prio=5 tid=2564 in Object.wait()
java.lang.Thread.State: WAITING (on object monitor)
        at sun.misc.Unsafe.park(Native Method)
        at java.util.concurrent.locks.LockSupport.park(LockSupport.java:175)
        at java.util.concurrent.locks.AbstractQueuedSynchronizer$ConditionObject.await(AbstractQueuedSynchronizer.java:2039)
        at java.util.concurrent.ArrayBlockingQueue.take(ArrayBlockingQueue.java:403)
        at java.util.concurrent.ThreadPoolExecutor.getTask(ThreadPoolExecutor.java:1074)
        at java.util.concurrent.ThreadPoolExecutor.runWorker(ThreadPoolExecutor.java:1134)
        at java.util.concurrent.ThreadPoolExecutor$Worker.run(ThreadPoolExecutor.java:624)
        at java.lang.Thread.run(Thread.java:748)
"pool-148-thread-22"  prio=5 tid=2297 in Object.wait()
java.lang.Thread.State: WAITING (on object monitor)
        at sun.misc.Unsafe.park(Native Method)
        at java.util.concurrent.locks.LockSupport.park(LockSupport.java:175)
        at java.util.concurrent.locks.AbstractQueuedSynchronizer$ConditionObject.await(AbstractQueuedSynchronizer.java:2039)
        at java.util.concurrent.ArrayBlockingQueue.take(ArrayBlockingQueue.java:403)
        at java.util.concurrent.ThreadPoolExecutor.getTask(ThreadPoolExecutor.java:1074)
        at java.util.concurrent.ThreadPoolExecutor.runWorker(ThreadPoolExecutor.java:1134)
        at java.util.concurrent.ThreadPoolExecutor$Worker.run(ThreadPoolExecutor.java:624)
        at java.lang.Thread.run(Thread.java:748)
"org.apache.hadoop.util.JvmPauseMonitor$Monitor@4ed82f0" daemon prio=5 tid=2138 timed_waiting
java.lang.Thread.State: TIMED_WAITING
        at java.lang.Thread.sleep(Native Method)
        at org.apache.hadoop.util.JvmPauseMonitor$Monitor.run(JvmPauseMonitor.java:192)
        at java.lang.Thread.run(Thread.java:748)
"PartialTableCache Cleanup Thread - 0" daemon prio=5 tid=1337 in Object.wait()
java.lang.Thread.State: WAITING (on object monitor)
        at sun.misc.Unsafe.park(Native Method)
        at java.util.concurrent.locks.LockSupport.park(LockSupport.java:175)
        at java.util.concurrent.locks.AbstractQueuedSynchronizer$ConditionObject.await(AbstractQueuedSynchronizer.java:2039)
        at java.util.concurrent.LinkedBlockingQueue.take(LinkedBlockingQueue.java:442)
        at java.util.concurrent.ThreadPoolExecutor.getTask(ThreadPoolExecutor.java:1074)
        at java.util.concurrent.ThreadPoolExecutor.runWorker(ThreadPoolExecutor.java:1134)
        at java.util.concurrent.ThreadPoolExecutor$Worker.run(ThreadPoolExecutor.java:624)
        at java.lang.Thread.run(Thread.java:748)
"qtp2120404899-2155" daemon prio=5 tid=2155 timed_waiting
java.lang.Thread.State: TIMED_WAITING
        at sun.misc.Unsafe.park(Native Method)
        at java.util.concurrent.locks.LockSupport.parkNanos(LockSupport.java:215)
        at java.util.concurrent.locks.AbstractQueuedSynchronizer$ConditionObject.awaitNanos(AbstractQueuedSynchronizer.java:2078)
        at org.eclipse.jetty.util.BlockingArrayQueue.poll(BlockingArrayQueue.java:392)
        at org.eclipse.jetty.util.thread.QueuedThreadPool.idleJobPoll(QueuedThreadPool.java:563)
        at org.eclipse.jetty.util.thread.QueuedThreadPool.access$800(QueuedThreadPool.java:48)
        at org.eclipse.jetty.util.thread.QueuedThreadPool$2.run(QueuedThreadPool.java:626)
        at java.lang.Thread.run(Thread.java:748)
"pool-238-thread-54"  prio=5 tid=2888 in Object.wait()
java.lang.Thread.State: WAITING (on object monitor)
        at sun.misc.Unsafe.park(Native Method)
        at java.util.concurrent.locks.LockSupport.park(LockSupport.java:175)
        at java.util.concurrent.locks.AbstractQueuedSynchronizer$ConditionObject.await(AbstractQueuedSynchronizer.java:2039)
        at java.util.concurrent.ArrayBlockingQueue.take(ArrayBlockingQueue.java:403)
        at java.util.concurrent.ThreadPoolExecutor.getTask(ThreadPoolExecutor.java:1074)
        at java.util.concurrent.ThreadPoolExecutor.runWorker(ThreadPoolExecutor.java:1134)
        at java.util.concurrent.ThreadPoolExecutor$Worker.run(ThreadPoolExecutor.java:624)
        at java.lang.Thread.run(Thread.java:748)
"IPC Server handler 15 on 45410" daemon prio=5 tid=1987 timed_waiting
java.lang.Thread.State: TIMED_WAITING
        at sun.misc.Unsafe.park(Native Method)
        at java.util.concurrent.locks.LockSupport.parkNanos(LockSupport.java:215)
        at java.util.concurrent.locks.AbstractQueuedSynchronizer$ConditionObject.awaitNanos(AbstractQueuedSynchronizer.java:2078)
        at java.util.concurrent.LinkedBlockingQueue.poll(LinkedBlockingQueue.java:467)
        at org.apache.hadoop.ipc.CallQueueManager.take(CallQueueManager.java:288)
        at org.apache.hadoop.ipc.Server$Handler.run(Server.java:2668)
"IPC Server handler 3 on 35120" daemon prio=5 tid=1892 timed_waiting
java.lang.Thread.State: TIMED_WAITING
        at sun.misc.Unsafe.park(Native Method)
        at java.util.concurrent.locks.LockSupport.parkNanos(LockSupport.java:215)
        at java.util.concurrent.locks.AbstractQueuedSynchronizer$ConditionObject.awaitNanos(AbstractQueuedSynchronizer.java:2078)
        at java.util.concurrent.LinkedBlockingQueue.poll(LinkedBlockingQueue.java:467)
        at org.apache.hadoop.ipc.CallQueueManager.take(CallQueueManager.java:288)
        at org.apache.hadoop.ipc.Server$Handler.run(Server.java:2668)
"Command processor thread" daemon prio=5 tid=2272 timed_waiting
java.lang.Thread.State: TIMED_WAITING
        at java.lang.Thread.sleep(Native Method)
        at org.apache.hadoop.ozone.container.common.statemachine.DatanodeStateMachine.lambda$initCommandHandlerThread$1(DatanodeStateMachine.java:444)
        at org.apache.hadoop.ozone.container.common.statemachine.DatanodeStateMachine$$Lambda$142/1059342576.run(Unknown Source)
        at java.lang.Thread.run(Thread.java:748)
"pool-228-thread-59"  prio=5 tid=2831 in Object.wait()
java.lang.Thread.State: WAITING (on object monitor)
        at sun.misc.Unsafe.park(Native Method)
        at java.util.concurrent.locks.LockSupport.park(LockSupport.java:175)
        at java.util.concurrent.locks.AbstractQueuedSynchronizer$ConditionObject.await(AbstractQueuedSynchronizer.java:2039)
        at java.util.concurrent.ArrayBlockingQueue.take(ArrayBlockingQueue.java:403)
        at java.util.concurrent.ThreadPoolExecutor.getTask(ThreadPoolExecutor.java:1074)
        at java.util.concurrent.ThreadPoolExecutor.runWorker(ThreadPoolExecutor.java:1134)
        at java.util.concurrent.ThreadPoolExecutor$Worker.run(ThreadPoolExecutor.java:624)
        at java.lang.Thread.run(Thread.java:748)
"qtp377667724-1994-acceptor-0@3a807bb0-ServerConnector@55fee662{HTTP/1.1,[http/1.1]}{0.0.0.0:43207}" daemon prio=3 tid=1994 runnable
java.lang.Thread.State: RUNNABLE
        at sun.nio.ch.ServerSocketChannelImpl.accept0(Native Method)
        at sun.nio.ch.ServerSocketChannelImpl.accept(ServerSocketChannelImpl.java:422)
        at sun.nio.ch.ServerSocketChannelImpl.accept(ServerSocketChannelImpl.java:250)
        at org.eclipse.jetty.server.ServerConnector.accept(ServerConnector.java:397)
        at org.eclipse.jetty.server.AbstractConnector$Acceptor.run(AbstractConnector.java:601)
        at org.eclipse.jetty.util.thread.QueuedThreadPool.runJob(QueuedThreadPool.java:671)
        at org.eclipse.jetty.util.thread.QueuedThreadPool$2.run(QueuedThreadPool.java:589)
        at java.lang.Thread.run(Thread.java:748)
"pool-168-thread-17"  prio=5 tid=2417 in Object.wait()
java.lang.Thread.State: WAITING (on object monitor)
        at sun.misc.Unsafe.park(Native Method)
        at java.util.concurrent.locks.LockSupport.park(LockSupport.java:175)
        at java.util.concurrent.locks.AbstractQueuedSynchronizer$ConditionObject.await(AbstractQueuedSynchronizer.java:2039)
        at java.util.concurrent.ArrayBlockingQueue.take(ArrayBlockingQueue.java:403)
        at java.util.concurrent.ThreadPoolExecutor.getTask(ThreadPoolExecutor.java:1074)
        at java.util.concurrent.ThreadPoolExecutor.runWorker(ThreadPoolExecutor.java:1134)
        at java.util.concurrent.ThreadPoolExecutor$Worker.run(ThreadPoolExecutor.java:624)
        at java.lang.Thread.run(Thread.java:748)
"IPC Server handler 14 on 45410" daemon prio=5 tid=1986 timed_waiting
java.lang.Thread.State: TIMED_WAITING
        at sun.misc.Unsafe.park(Native Method)
        at java.util.concurrent.locks.LockSupport.parkNanos(LockSupport.java:215)
        at java.util.concurrent.locks.AbstractQueuedSynchronizer$ConditionObject.awaitNanos(AbstractQueuedSynchronizer.java:2078)
        at java.util.concurrent.LinkedBlockingQueue.poll(LinkedBlockingQueue.java:467)
        at org.apache.hadoop.ipc.CallQueueManager.take(CallQueueManager.java:288)
        at org.apache.hadoop.ipc.Server$Handler.run(Server.java:2668)
"4dfd32cc-2252-49fe-ba51-4380d1c0b0d5@group-D08F3DBE2A41-SegmentedRaftLogWorker"  prio=5 tid=3144 timed_waiting
java.lang.Thread.State: TIMED_WAITING
        at sun.misc.Unsafe.park(Native Method)
        at java.util.concurrent.locks.LockSupport.parkNanos(LockSupport.java:215)
        at java.util.concurrent.locks.AbstractQueuedSynchronizer$ConditionObject.awaitNanos(AbstractQueuedSynchronizer.java:2078)
        at org.apache.ratis.util.DataBlockingQueue.poll(DataBlockingQueue.java:137)
        at org.apache.ratis.server.raftlog.segmented.SegmentedRaftLogWorker.run(SegmentedRaftLogWorker.java:282)
        at java.lang.Thread.run(Thread.java:748)
"pool-208-thread-27"  prio=5 tid=2675 in Object.wait()
java.lang.Thread.State: WAITING (on object monitor)
        at sun.misc.Unsafe.park(Native Method)
        at java.util.concurrent.locks.LockSupport.park(LockSupport.java:175)
        at java.util.concurrent.locks.AbstractQueuedSynchronizer$ConditionObject.await(AbstractQueuedSynchronizer.java:2039)
        at java.util.concurrent.ArrayBlockingQueue.take(ArrayBlockingQueue.java:403)
        at java.util.concurrent.ThreadPoolExecutor.getTask(ThreadPoolExecutor.java:1074)
        at java.util.concurrent.ThreadPoolExecutor.runWorker(ThreadPoolExecutor.java:1134)
        at java.util.concurrent.ThreadPoolExecutor$Worker.run(ThreadPoolExecutor.java:624)
        at java.lang.Thread.run(Thread.java:748)
"pool-238-thread-45"  prio=5 tid=2879 in Object.wait()
java.lang.Thread.State: WAITING (on object monitor)
        at sun.misc.Unsafe.park(Native Method)
        at java.util.concurrent.locks.LockSupport.park(LockSupport.java:175)
        at java.util.concurrent.locks.AbstractQueuedSynchronizer$ConditionObject.await(AbstractQueuedSynchronizer.java:2039)
        at java.util.concurrent.ArrayBlockingQueue.take(ArrayBlockingQueue.java:403)
        at java.util.concurrent.ThreadPoolExecutor.getTask(ThreadPoolExecutor.java:1074)
        at java.util.concurrent.ThreadPoolExecutor.runWorker(ThreadPoolExecutor.java:1134)
        at java.util.concurrent.ThreadPoolExecutor$Worker.run(ThreadPoolExecutor.java:624)
        at java.lang.Thread.run(Thread.java:748)
"IPC Server handler 19 on 40581" daemon prio=5 tid=1928 timed_waiting
java.lang.Thread.State: TIMED_WAITING
        at sun.misc.Unsafe.park(Native Method)
        at java.util.concurrent.locks.LockSupport.parkNanos(LockSupport.java:215)
        at java.util.concurrent.locks.AbstractQueuedSynchronizer$ConditionObject.awaitNanos(AbstractQueuedSynchronizer.java:2078)
        at java.util.concurrent.LinkedBlockingQueue.poll(LinkedBlockingQueue.java:467)
        at org.apache.hadoop.ipc.CallQueueManager.take(CallQueueManager.java:288)
        at org.apache.hadoop.ipc.Server$Handler.run(Server.java:2668)
"qtp83554564-2259" daemon prio=5 tid=2259 timed_waiting
java.lang.Thread.State: TIMED_WAITING
        at sun.misc.Unsafe.park(Native Method)
        at java.util.concurrent.locks.LockSupport.parkNanos(LockSupport.java:215)
        at java.util.concurrent.locks.AbstractQueuedSynchronizer$ConditionObject.awaitNanos(AbstractQueuedSynchronizer.java:2078)
        at org.eclipse.jetty.util.BlockingArrayQueue.poll(BlockingArrayQueue.java:392)
        at org.eclipse.jetty.util.thread.QueuedThreadPool.idleJobPoll(QueuedThreadPool.java:563)
        at org.eclipse.jetty.util.thread.QueuedThreadPool.access$800(QueuedThreadPool.java:48)
        at org.eclipse.jetty.util.thread.QueuedThreadPool$2.run(QueuedThreadPool.java:626)
        at java.lang.Thread.run(Thread.java:748)
"qtp984235065-2044" daemon prio=5 tid=2044 timed_waiting
java.lang.Thread.State: TIMED_WAITING
        at sun.misc.Unsafe.park(Native Method)
        at java.util.concurrent.locks.LockSupport.parkNanos(LockSupport.java:215)
        at java.util.concurrent.locks.AbstractQueuedSynchronizer$ConditionObject.awaitNanos(AbstractQueuedSynchronizer.java:2078)
        at org.eclipse.jetty.util.BlockingArrayQueue.poll(BlockingArrayQueue.java:392)
        at org.eclipse.jetty.util.thread.QueuedThreadPool.idleJobPoll(QueuedThreadPool.java:563)
        at org.eclipse.jetty.util.thread.QueuedThreadPool.access$800(QueuedThreadPool.java:48)
        at org.eclipse.jetty.util.thread.QueuedThreadPool$2.run(QueuedThreadPool.java:626)
        at java.lang.Thread.run(Thread.java:748)
"SCM Heartbeat Processing Thread - 0" daemon prio=5 tid=1873 timed_waiting
java.lang.Thread.State: TIMED_WAITING
        at sun.misc.Unsafe.park(Native Method)
        at java.util.concurrent.locks.LockSupport.parkNanos(LockSupport.java:215)
        at java.util.concurrent.locks.AbstractQueuedSynchronizer$ConditionObject.awaitNanos(AbstractQueuedSynchronizer.java:2078)
        at java.util.concurrent.ScheduledThreadPoolExecutor$DelayedWorkQueue.take(ScheduledThreadPoolExecutor.java:1093)
        at java.util.concurrent.ScheduledThreadPoolExecutor$DelayedWorkQueue.take(ScheduledThreadPoolExecutor.java:809)
        at java.util.concurrent.ThreadPoolExecutor.getTask(ThreadPoolExecutor.java:1074)
        at java.util.concurrent.ThreadPoolExecutor.runWorker(ThreadPoolExecutor.java:1134)
        at java.util.concurrent.ThreadPoolExecutor$Worker.run(ThreadPoolExecutor.java:624)
        at java.lang.Thread.run(Thread.java:748)
"pool-228-thread-9"  prio=5 tid=2781 in Object.wait()
java.lang.Thread.State: WAITING (on object monitor)
        at sun.misc.Unsafe.park(Native Method)
        at java.util.concurrent.locks.LockSupport.park(LockSupport.java:175)
        at java.util.concurrent.locks.AbstractQueuedSynchronizer$ConditionObject.await(AbstractQueuedSynchronizer.java:2039)
        at java.util.concurrent.ArrayBlockingQueue.take(ArrayBlockingQueue.java:403)
        at java.util.concurrent.ThreadPoolExecutor.getTask(ThreadPoolExecutor.java:1074)
        at java.util.concurrent.ThreadPoolExecutor.runWorker(ThreadPoolExecutor.java:1134)
        at java.util.concurrent.ThreadPoolExecutor$Worker.run(ThreadPoolExecutor.java:624)
        at java.lang.Thread.run(Thread.java:748)
"4dfd32cc-2252-49fe-ba51-4380d1c0b0d5@group-10A6A3E936DF-StateMachineUpdater" daemon prio=5 tid=3104 in Object.wait()
java.lang.Thread.State: WAITING (on object monitor)
        at java.lang.Object.wait(Native Method)
        at java.lang.Object.wait(Object.java:502)
        at org.apache.ratis.server.impl.StateMachineUpdater.waitForCommit(StateMachineUpdater.java:194)
        at org.apache.ratis.server.impl.StateMachineUpdater.run(StateMachineUpdater.java:159)
        at java.lang.Thread.run(Thread.java:748)
"pool-208-thread-31"  prio=5 tid=2679 in Object.wait()
java.lang.Thread.State: WAITING (on object monitor)
        at sun.misc.Unsafe.park(Native Method)
        at java.util.concurrent.locks.LockSupport.park(LockSupport.java:175)
        at java.util.concurrent.locks.AbstractQueuedSynchronizer$ConditionObject.await(AbstractQueuedSynchronizer.java:2039)
        at java.util.concurrent.ArrayBlockingQueue.take(ArrayBlockingQueue.java:403)
        at java.util.concurrent.ThreadPoolExecutor.getTask(ThreadPoolExecutor.java:1074)
        at java.util.concurrent.ThreadPoolExecutor.runWorker(ThreadPoolExecutor.java:1134)
        at java.util.concurrent.ThreadPoolExecutor$Worker.run(ThreadPoolExecutor.java:624)
        at java.lang.Thread.run(Thread.java:748)
"pool-188-thread-29"  prio=5 tid=2553 in Object.wait()
java.lang.Thread.State: WAITING (on object monitor)
        at sun.misc.Unsafe.park(Native Method)
        at java.util.concurrent.locks.LockSupport.park(LockSupport.java:175)
        at java.util.concurrent.locks.AbstractQueuedSynchronizer$ConditionObject.await(AbstractQueuedSynchronizer.java:2039)
        at java.util.concurrent.ArrayBlockingQueue.take(ArrayBlockingQueue.java:403)
        at java.util.concurrent.ThreadPoolExecutor.getTask(ThreadPoolExecutor.java:1074)
        at java.util.concurrent.ThreadPoolExecutor.runWorker(ThreadPoolExecutor.java:1134)
        at java.util.concurrent.ThreadPoolExecutor$Worker.run(ThreadPoolExecutor.java:624)
        at java.lang.Thread.run(Thread.java:748)
"SCMBlockDeletingService#0" daemon prio=5 tid=1960 timed_waiting
java.lang.Thread.State: TIMED_WAITING
        at sun.misc.Unsafe.park(Native Method)
        at java.util.concurrent.locks.LockSupport.parkNanos(LockSupport.java:215)
        at java.util.concurrent.locks.AbstractQueuedSynchronizer$ConditionObject.awaitNanos(AbstractQueuedSynchronizer.java:2078)
        at java.util.concurrent.ScheduledThreadPoolExecutor$DelayedWorkQueue.take(ScheduledThreadPoolExecutor.java:1093)
        at java.util.concurrent.ScheduledThreadPoolExecutor$DelayedWorkQueue.take(ScheduledThreadPoolExecutor.java:809)
        at java.util.concurrent.ThreadPoolExecutor.getTask(ThreadPoolExecutor.java:1074)
        at java.util.concurrent.ThreadPoolExecutor.runWorker(ThreadPoolExecutor.java:1134)
        at java.util.concurrent.ThreadPoolExecutor$Worker.run(ThreadPoolExecutor.java:624)
        at java.lang.Thread.run(Thread.java:748)
"pool-238-thread-59"  prio=5 tid=2893 in Object.wait()
java.lang.Thread.State: WAITING (on object monitor)
        at sun.misc.Unsafe.park(Native Method)
        at java.util.concurrent.locks.LockSupport.park(LockSupport.java:175)
        at java.util.concurrent.locks.AbstractQueuedSynchronizer$ConditionObject.await(AbstractQueuedSynchronizer.java:2039)
        at java.util.concurrent.ArrayBlockingQueue.take(ArrayBlockingQueue.java:403)
        at java.util.concurrent.ThreadPoolExecutor.getTask(ThreadPoolExecutor.java:1074)
        at java.util.concurrent.ThreadPoolExecutor.runWorker(ThreadPoolExecutor.java:1134)
        at java.util.concurrent.ThreadPoolExecutor$Worker.run(ThreadPoolExecutor.java:624)
        at java.lang.Thread.run(Thread.java:748)
"qtp83554564-2263" daemon prio=5 tid=2263 timed_waiting
java.lang.Thread.State: TIMED_WAITING
        at sun.misc.Unsafe.park(Native Method)
        at java.util.concurrent.locks.LockSupport.parkNanos(LockSupport.java:215)
        at java.util.concurrent.locks.AbstractQueuedSynchronizer$ConditionObject.awaitNanos(AbstractQueuedSynchronizer.java:2078)
        at org.eclipse.jetty.util.BlockingArrayQueue.poll(BlockingArrayQueue.java:392)
        at org.eclipse.jetty.util.thread.QueuedThreadPool.idleJobPoll(QueuedThreadPool.java:563)
        at org.eclipse.jetty.util.thread.QueuedThreadPool.access$800(QueuedThreadPool.java:48)
        at org.eclipse.jetty.util.thread.QueuedThreadPool$2.run(QueuedThreadPool.java:626)
        at java.lang.Thread.run(Thread.java:748)
"pool-168-thread-57"  prio=5 tid=2457 in Object.wait()
java.lang.Thread.State: WAITING (on object monitor)
        at sun.misc.Unsafe.park(Native Method)
        at java.util.concurrent.locks.LockSupport.park(LockSupport.java:175)
        at java.util.concurrent.locks.AbstractQueuedSynchronizer$ConditionObject.await(AbstractQueuedSynchronizer.java:2039)
        at java.util.concurrent.ArrayBlockingQueue.take(ArrayBlockingQueue.java:403)
        at java.util.concurrent.ThreadPoolExecutor.getTask(ThreadPoolExecutor.java:1074)
        at java.util.concurrent.ThreadPoolExecutor.runWorker(ThreadPoolExecutor.java:1134)
        at java.util.concurrent.ThreadPoolExecutor$Worker.run(ThreadPoolExecutor.java:624)
        at java.lang.Thread.run(Thread.java:748)
"pool-148-thread-36"  prio=5 tid=2311 in Object.wait()
java.lang.Thread.State: WAITING (on object monitor)
        at sun.misc.Unsafe.park(Native Method)
        at java.util.concurrent.locks.LockSupport.park(LockSupport.java:175)
        at java.util.concurrent.locks.AbstractQueuedSynchronizer$ConditionObject.await(AbstractQueuedSynchronizer.java:2039)
        at java.util.concurrent.ArrayBlockingQueue.take(ArrayBlockingQueue.java:403)
        at java.util.concurrent.ThreadPoolExecutor.getTask(ThreadPoolExecutor.java:1074)
        at java.util.concurrent.ThreadPoolExecutor.runWorker(ThreadPoolExecutor.java:1134)
        at java.util.concurrent.ThreadPoolExecutor$Worker.run(ThreadPoolExecutor.java:624)
        at java.lang.Thread.run(Thread.java:748)
"Datanode ReportManager Thread - 3" daemon prio=5 tid=2109 in Object.wait()
java.lang.Thread.State: WAITING (on object monitor)
        at sun.misc.Unsafe.park(Native Method)
        at java.util.concurrent.locks.LockSupport.park(LockSupport.java:175)
        at java.util.concurrent.locks.AbstractQueuedSynchronizer$ConditionObject.await(AbstractQueuedSynchronizer.java:2039)
        at java.util.concurrent.ScheduledThreadPoolExecutor$DelayedWorkQueue.take(ScheduledThreadPoolExecutor.java:1088)
        at java.util.concurrent.ScheduledThreadPoolExecutor$DelayedWorkQueue.take(ScheduledThreadPoolExecutor.java:809)
        at java.util.concurrent.ThreadPoolExecutor.getTask(ThreadPoolExecutor.java:1074)
        at java.util.concurrent.ThreadPoolExecutor.runWorker(ThreadPoolExecutor.java:1134)
        at java.util.concurrent.ThreadPoolExecutor$Worker.run(ThreadPoolExecutor.java:624)
        at java.lang.Thread.run(Thread.java:748)
"DataNode DiskChecker thread 0" daemon prio=5 tid=2171 timed_waiting
java.lang.Thread.State: TIMED_WAITING
        at sun.misc.Unsafe.park(Native Method)
        at java.util.concurrent.locks.LockSupport.parkNanos(LockSupport.java:215)
        at java.util.concurrent.SynchronousQueue$TransferStack.awaitFulfill(SynchronousQueue.java:460)
        at java.util.concurrent.SynchronousQueue$TransferStack.transfer(SynchronousQueue.java:362)
        at java.util.concurrent.SynchronousQueue.poll(SynchronousQueue.java:941)
        at java.util.concurrent.ThreadPoolExecutor.getTask(ThreadPoolExecutor.java:1073)
        at java.util.concurrent.ThreadPoolExecutor.runWorker(ThreadPoolExecutor.java:1134)
        at java.util.concurrent.ThreadPoolExecutor$Worker.run(ThreadPoolExecutor.java:624)
        at java.lang.Thread.run(Thread.java:748)
"qtp98459285-1954" daemon prio=5 tid=1954 timed_waiting
java.lang.Thread.State: TIMED_WAITING
        at sun.misc.Unsafe.park(Native Method)
        at java.util.concurrent.locks.LockSupport.parkNanos(LockSupport.java:215)
        at java.util.concurrent.locks.AbstractQueuedSynchronizer$ConditionObject.awaitNanos(AbstractQueuedSynchronizer.java:2078)
        at org.eclipse.jetty.util.BlockingArrayQueue.poll(BlockingArrayQueue.java:392)
        at org.eclipse.jetty.util.thread.QueuedThreadPool.idleJobPoll(QueuedThreadPool.java:563)
        at org.eclipse.jetty.util.thread.QueuedThreadPool.access$800(QueuedThreadPool.java:48)
        at org.eclipse.jetty.util.thread.QueuedThreadPool$2.run(QueuedThreadPool.java:626)
        at java.lang.Thread.run(Thread.java:748)
"pool-148-thread-60"  prio=5 tid=2335 in Object.wait()
java.lang.Thread.State: WAITING (on object monitor)
        at sun.misc.Unsafe.park(Native Method)
        at java.util.concurrent.locks.LockSupport.park(LockSupport.java:175)
        at java.util.concurrent.locks.AbstractQueuedSynchronizer$ConditionObject.await(AbstractQueuedSynchronizer.java:2039)
        at java.util.concurrent.ArrayBlockingQueue.take(ArrayBlockingQueue.java:403)
        at java.util.concurrent.ThreadPoolExecutor.getTask(ThreadPoolExecutor.java:1074)
        at java.util.concurrent.ThreadPoolExecutor.runWorker(ThreadPoolExecutor.java:1134)
        at java.util.concurrent.ThreadPoolExecutor$Worker.run(ThreadPoolExecutor.java:624)
        at java.lang.Thread.run(Thread.java:748)
"pool-198-thread-20"  prio=5 tid=2606 in Object.wait()
java.lang.Thread.State: WAITING (on object monitor)
        at sun.misc.Unsafe.park(Native Method)
        at java.util.concurrent.locks.LockSupport.park(LockSupport.java:175)
        at java.util.concurrent.locks.AbstractQueuedSynchronizer$ConditionObject.await(AbstractQueuedSynchronizer.java:2039)
        at java.util.concurrent.ArrayBlockingQueue.take(ArrayBlockingQueue.java:403)
        at java.util.concurrent.ThreadPoolExecutor.getTask(ThreadPoolExecutor.java:1074)
        at java.util.concurrent.ThreadPoolExecutor.runWorker(ThreadPoolExecutor.java:1134)
        at java.util.concurrent.ThreadPoolExecutor$Worker.run(ThreadPoolExecutor.java:624)
        at java.lang.Thread.run(Thread.java:748)
"pool-238-thread-29"  prio=5 tid=2863 in Object.wait()
java.lang.Thread.State: WAITING (on object monitor)
        at sun.misc.Unsafe.park(Native Method)
        at java.util.concurrent.locks.LockSupport.park(LockSupport.java:175)
        at java.util.concurrent.locks.AbstractQueuedSynchronizer$ConditionObject.await(AbstractQueuedSynchronizer.java:2039)
        at java.util.concurrent.ArrayBlockingQueue.take(ArrayBlockingQueue.java:403)
        at java.util.concurrent.ThreadPoolExecutor.getTask(ThreadPoolExecutor.java:1074)
        at java.util.concurrent.ThreadPoolExecutor.runWorker(ThreadPoolExecutor.java:1134)
        at java.util.concurrent.ThreadPoolExecutor$Worker.run(ThreadPoolExecutor.java:624)
        at java.lang.Thread.run(Thread.java:748)
"pool-208-thread-50"  prio=5 tid=2698 in Object.wait()
java.lang.Thread.State: WAITING (on object monitor)
        at sun.misc.Unsafe.park(Native Method)
        at java.util.concurrent.locks.LockSupport.park(LockSupport.java:175)
        at java.util.concurrent.locks.AbstractQueuedSynchronizer$ConditionObject.await(AbstractQueuedSynchronizer.java:2039)
        at java.util.concurrent.ArrayBlockingQueue.take(ArrayBlockingQueue.java:403)
        at java.util.concurrent.ThreadPoolExecutor.getTask(ThreadPoolExecutor.java:1074)
        at java.util.concurrent.ThreadPoolExecutor.runWorker(ThreadPoolExecutor.java:1134)
        at java.util.concurrent.ThreadPoolExecutor$Worker.run(ThreadPoolExecutor.java:624)
        at java.lang.Thread.run(Thread.java:748)
"pool-168-thread-38"  prio=5 tid=2438 in Object.wait()
java.lang.Thread.State: WAITING (on object monitor)
        at sun.misc.Unsafe.park(Native Method)
        at java.util.concurrent.locks.LockSupport.park(LockSupport.java:175)
        at java.util.concurrent.locks.AbstractQueuedSynchronizer$ConditionObject.await(AbstractQueuedSynchronizer.java:2039)
        at java.util.concurrent.ArrayBlockingQueue.take(ArrayBlockingQueue.java:403)
        at java.util.concurrent.ThreadPoolExecutor.getTask(ThreadPoolExecutor.java:1074)
        at java.util.concurrent.ThreadPoolExecutor.runWorker(ThreadPoolExecutor.java:1134)
        at java.util.concurrent.ThreadPoolExecutor$Worker.run(ThreadPoolExecutor.java:624)
        at java.lang.Thread.run(Thread.java:748)
"pool-198-thread-34"  prio=5 tid=2620 in Object.wait()
java.lang.Thread.State: WAITING (on object monitor)
        at sun.misc.Unsafe.park(Native Method)
        at java.util.concurrent.locks.LockSupport.park(LockSupport.java:175)
        at java.util.concurrent.locks.AbstractQueuedSynchronizer$ConditionObject.await(AbstractQueuedSynchronizer.java:2039)
        at java.util.concurrent.ArrayBlockingQueue.take(ArrayBlockingQueue.java:403)
        at java.util.concurrent.ThreadPoolExecutor.getTask(ThreadPoolExecutor.java:1074)
        at java.util.concurrent.ThreadPoolExecutor.runWorker(ThreadPoolExecutor.java:1134)
        at java.util.concurrent.ThreadPoolExecutor$Worker.run(ThreadPoolExecutor.java:624)
        at java.lang.Thread.run(Thread.java:748)
"Datanode ReportManager Thread - 2" daemon prio=5 tid=2243 in Object.wait()
java.lang.Thread.State: WAITING (on object monitor)
        at sun.misc.Unsafe.park(Native Method)
        at java.util.concurrent.locks.LockSupport.park(LockSupport.java:175)
        at java.util.concurrent.locks.AbstractQueuedSynchronizer$ConditionObject.await(AbstractQueuedSynchronizer.java:2039)
        at java.util.concurrent.ScheduledThreadPoolExecutor$DelayedWorkQueue.take(ScheduledThreadPoolExecutor.java:1088)
        at java.util.concurrent.ScheduledThreadPoolExecutor$DelayedWorkQueue.take(ScheduledThreadPoolExecutor.java:809)
        at java.util.concurrent.ThreadPoolExecutor.getTask(ThreadPoolExecutor.java:1074)
        at java.util.concurrent.ThreadPoolExecutor.runWorker(ThreadPoolExecutor.java:1134)
        at java.util.concurrent.ThreadPoolExecutor$Worker.run(ThreadPoolExecutor.java:624)
        at java.lang.Thread.run(Thread.java:748)
"pool-228-thread-41"  prio=5 tid=2813 in Object.wait()
java.lang.Thread.State: WAITING (on object monitor)
        at sun.misc.Unsafe.park(Native Method)
        at java.util.concurrent.locks.LockSupport.park(LockSupport.java:175)
        at java.util.concurrent.locks.AbstractQueuedSynchronizer$ConditionObject.await(AbstractQueuedSynchronizer.java:2039)
        at java.util.concurrent.ArrayBlockingQueue.take(ArrayBlockingQueue.java:403)
        at java.util.concurrent.ThreadPoolExecutor.getTask(ThreadPoolExecutor.java:1074)
        at java.util.concurrent.ThreadPoolExecutor.runWorker(ThreadPoolExecutor.java:1134)
        at java.util.concurrent.ThreadPoolExecutor$Worker.run(ThreadPoolExecutor.java:624)
        at java.lang.Thread.run(Thread.java:748)
"Datanode ReportManager Thread - 1" daemon prio=5 tid=2242 timed_waiting
java.lang.Thread.State: TIMED_WAITING
        at sun.misc.Unsafe.park(Native Method)
        at java.util.concurrent.locks.LockSupport.parkNanos(LockSupport.java:215)
        at java.util.concurrent.locks.AbstractQueuedSynchronizer$ConditionObject.awaitNanos(AbstractQueuedSynchronizer.java:2078)
        at java.util.concurrent.ScheduledThreadPoolExecutor$DelayedWorkQueue.take(ScheduledThreadPoolExecutor.java:1093)
        at java.util.concurrent.ScheduledThreadPoolExecutor$DelayedWorkQueue.take(ScheduledThreadPoolExecutor.java:809)
        at java.util.concurrent.ThreadPoolExecutor.getTask(ThreadPoolExecutor.java:1074)
        at java.util.concurrent.ThreadPoolExecutor.runWorker(ThreadPoolExecutor.java:1134)
        at java.util.concurrent.ThreadPoolExecutor$Worker.run(ThreadPoolExecutor.java:624)
        at java.lang.Thread.run(Thread.java:748)
"KeyDeletingService#0" daemon prio=5 tid=1970 timed_waiting
java.lang.Thread.State: TIMED_WAITING
        at sun.misc.Unsafe.park(Native Method)
        at java.util.concurrent.locks.LockSupport.parkNanos(LockSupport.java:215)
        at java.util.concurrent.locks.AbstractQueuedSynchronizer$ConditionObject.awaitNanos(AbstractQueuedSynchronizer.java:2078)
        at java.util.concurrent.ScheduledThreadPoolExecutor$DelayedWorkQueue.take(ScheduledThreadPoolExecutor.java:1093)
        at java.util.concurrent.ScheduledThreadPoolExecutor$DelayedWorkQueue.take(ScheduledThreadPoolExecutor.java:809)
        at java.util.concurrent.ThreadPoolExecutor.getTask(ThreadPoolExecutor.java:1074)
        at java.util.concurrent.ThreadPoolExecutor.runWorker(ThreadPoolExecutor.java:1134)
        at java.util.concurrent.ThreadPoolExecutor$Worker.run(ThreadPoolExecutor.java:624)
        at java.lang.Thread.run(Thread.java:748)
"pool-238-thread-33"  prio=5 tid=2867 in Object.wait()
java.lang.Thread.State: WAITING (on object monitor)
        at sun.misc.Unsafe.park(Native Method)
        at java.util.concurrent.locks.LockSupport.park(LockSupport.java:175)
        at java.util.concurrent.locks.AbstractQueuedSynchronizer$ConditionObject.await(AbstractQueuedSynchronizer.java:2039)
        at java.util.concurrent.ArrayBlockingQueue.take(ArrayBlockingQueue.java:403)
        at java.util.concurrent.ThreadPoolExecutor.getTask(ThreadPoolExecutor.java:1074)
        at java.util.concurrent.ThreadPoolExecutor.runWorker(ThreadPoolExecutor.java:1134)
        at java.util.concurrent.ThreadPoolExecutor$Worker.run(ThreadPoolExecutor.java:624)
        at java.lang.Thread.run(Thread.java:748)
"Datanode State Machine Thread - 0" daemon prio=5 tid=2051 timed_waiting
java.lang.Thread.State: TIMED_WAITING
        at java.lang.Thread.sleep(Native Method)
        at org.apache.hadoop.ozone.container.common.statemachine.DatanodeStateMachine.start(DatanodeStateMachine.java:196)
        at org.apache.hadoop.ozone.container.common.statemachine.DatanodeStateMachine.lambda$startDaemon$0(DatanodeStateMachine.java:354)
        at org.apache.hadoop.ozone.container.common.statemachine.DatanodeStateMachine$$Lambda$141/502066023.run(Unknown Source)
        at java.lang.Thread.run(Thread.java:748)
"qtp1583082378-2229" daemon prio=5 tid=2229 runnable
java.lang.Thread.State: RUNNABLE
        at sun.nio.ch.EPollArrayWrapper.epollWait(Native Method)
        at sun.nio.ch.EPollArrayWrapper.poll(EPollArrayWrapper.java:269)
        at sun.nio.ch.EPollSelectorImpl.doSelect(EPollSelectorImpl.java:93)
        at sun.nio.ch.SelectorImpl.lockAndDoSelect(SelectorImpl.java:86)
        at sun.nio.ch.SelectorImpl.select(SelectorImpl.java:97)
        at sun.nio.ch.SelectorImpl.select(SelectorImpl.java:101)
        at org.eclipse.jetty.io.ManagedSelector$SelectorProducer.select(ManagedSelector.java:243)
        at org.eclipse.jetty.io.ManagedSelector$SelectorProducer.produce(ManagedSelector.java:191)
        at org.eclipse.jetty.util.thread.strategy.ExecuteProduceConsume.executeProduceConsume(ExecuteProduceConsume.java:249)
        at org.eclipse.jetty.util.thread.strategy.ExecuteProduceConsume.produceConsume(ExecuteProduceConsume.java:148)
        at org.eclipse.jetty.util.thread.strategy.ExecuteProduceConsume.execute(ExecuteProduceConsume.java:100)
        at org.eclipse.jetty.io.ManagedSelector.run(ManagedSelector.java:147)
        at org.eclipse.jetty.util.thread.QueuedThreadPool.runJob(QueuedThreadPool.java:671)
        at org.eclipse.jetty.util.thread.QueuedThreadPool$2.run(QueuedThreadPool.java:589)
        at java.lang.Thread.run(Thread.java:748)
"org.apache.hadoop.util.JvmPauseMonitor$Monitor@4e1817b5" daemon prio=5 tid=2165 timed_waiting
java.lang.Thread.State: TIMED_WAITING
        at java.lang.Thread.sleep(Native Method)
        at org.apache.hadoop.util.JvmPauseMonitor$Monitor.run(JvmPauseMonitor.java:192)
        at java.lang.Thread.run(Thread.java:748)
"pool-178-thread-42"  prio=5 tid=2504 in Object.wait()
java.lang.Thread.State: WAITING (on object monitor)
        at sun.misc.Unsafe.park(Native Method)
        at java.util.concurrent.locks.LockSupport.park(LockSupport.java:175)
        at java.util.concurrent.locks.AbstractQueuedSynchronizer$ConditionObject.await(AbstractQueuedSynchronizer.java:2039)
        at java.util.concurrent.ArrayBlockingQueue.take(ArrayBlockingQueue.java:403)
        at java.util.concurrent.ThreadPoolExecutor.getTask(ThreadPoolExecutor.java:1074)
        at java.util.concurrent.ThreadPoolExecutor.runWorker(ThreadPoolExecutor.java:1134)
        at java.util.concurrent.ThreadPoolExecutor$Worker.run(ThreadPoolExecutor.java:624)
        at java.lang.Thread.run(Thread.java:748)
"qtp984235065-2040" daemon prio=5 tid=2040 runnable
java.lang.Thread.State: RUNNABLE
        at sun.nio.ch.EPollArrayWrapper.epollWait(Native Method)
        at sun.nio.ch.EPollArrayWrapper.poll(EPollArrayWrapper.java:269)
        at sun.nio.ch.EPollSelectorImpl.doSelect(EPollSelectorImpl.java:93)
        at sun.nio.ch.SelectorImpl.lockAndDoSelect(SelectorImpl.java:86)
        at sun.nio.ch.SelectorImpl.select(SelectorImpl.java:97)
        at sun.nio.ch.SelectorImpl.select(SelectorImpl.java:101)
        at org.eclipse.jetty.io.ManagedSelector$SelectorProducer.select(ManagedSelector.java:243)
        at org.eclipse.jetty.io.ManagedSelector$SelectorProducer.produce(ManagedSelector.java:191)
        at org.eclipse.jetty.util.thread.strategy.ExecuteProduceConsume.executeProduceConsume(ExecuteProduceConsume.java:249)
        at org.eclipse.jetty.util.thread.strategy.ExecuteProduceConsume.produceConsume(ExecuteProduceConsume.java:148)
        at org.eclipse.jetty.util.thread.strategy.ExecuteProduceConsume.execute(ExecuteProduceConsume.java:100)
        at org.eclipse.jetty.io.ManagedSelector.run(ManagedSelector.java:147)
        at org.eclipse.jetty.util.thread.QueuedThreadPool.runJob(QueuedThreadPool.java:671)
        at org.eclipse.jetty.util.thread.QueuedThreadPool$2.run(QueuedThreadPool.java:589)
        at java.lang.Thread.run(Thread.java:748)
"pool-218-thread-6"  prio=5 tid=2716 in Object.wait()
java.lang.Thread.State: WAITING (on object monitor)
        at sun.misc.Unsafe.park(Native Method)
        at java.util.concurrent.locks.LockSupport.park(LockSupport.java:175)
        at java.util.concurrent.locks.AbstractQueuedSynchronizer$ConditionObject.await(AbstractQueuedSynchronizer.java:2039)
        at java.util.concurrent.ArrayBlockingQueue.take(ArrayBlockingQueue.java:403)
        at java.util.concurrent.ThreadPoolExecutor.getTask(ThreadPoolExecutor.java:1074)
        at java.util.concurrent.ThreadPoolExecutor.runWorker(ThreadPoolExecutor.java:1134)
        at java.util.concurrent.ThreadPoolExecutor$Worker.run(ThreadPoolExecutor.java:624)
        at java.lang.Thread.run(Thread.java:748)
"IPC Server idle connection scanner for port 35120" daemon prio=5 tid=1884 timed_waiting
java.lang.Thread.State: TIMED_WAITING
        at java.lang.Object.wait(Native Method)
        at java.util.TimerThread.mainLoop(Timer.java:552)
        at java.util.TimerThread.run(Timer.java:505)
"Signal Dispatcher" daemon prio=9 tid=4 runnable
java.lang.Thread.State: RUNNABLE
"5fe8490f-f805-406a-80e2-fbda1a66b042@group-529DDC391E9C-SegmentedRaftLogWorker"  prio=5 tid=3133 timed_waiting
java.lang.Thread.State: TIMED_WAITING
        at sun.misc.Unsafe.park(Native Method)
        at java.util.concurrent.locks.LockSupport.parkNanos(LockSupport.java:215)
        at java.util.concurrent.locks.AbstractQueuedSynchronizer$ConditionObject.awaitNanos(AbstractQueuedSynchronizer.java:2078)
        at org.apache.ratis.util.DataBlockingQueue.poll(DataBlockingQueue.java:137)
        at org.apache.ratis.server.raftlog.segmented.SegmentedRaftLogWorker.run(SegmentedRaftLogWorker.java:282)
        at java.lang.Thread.run(Thread.java:748)
"pool-158-thread-22"  prio=5 tid=2360 in Object.wait()
java.lang.Thread.State: WAITING (on object monitor)
        at sun.misc.Unsafe.park(Native Method)
        at java.util.concurrent.locks.LockSupport.park(LockSupport.java:175)
        at java.util.concurrent.locks.AbstractQueuedSynchronizer$ConditionObject.await(AbstractQueuedSynchronizer.java:2039)
        at java.util.concurrent.ArrayBlockingQueue.take(ArrayBlockingQueue.java:403)
        at java.util.concurrent.ThreadPoolExecutor.getTask(ThreadPoolExecutor.java:1074)
        at java.util.concurrent.ThreadPoolExecutor.runWorker(ThreadPoolExecutor.java:1134)
        at java.util.concurrent.ThreadPoolExecutor$Worker.run(ThreadPoolExecutor.java:624)
        at java.lang.Thread.run(Thread.java:748)
"IPC Server handler 9 on 35120" daemon prio=5 tid=1898 timed_waiting
java.lang.Thread.State: TIMED_WAITING
        at sun.misc.Unsafe.park(Native Method)
        at java.util.concurrent.locks.LockSupport.parkNanos(LockSupport.java:215)
        at java.util.concurrent.locks.AbstractQueuedSynchronizer$ConditionObject.awaitNanos(AbstractQueuedSynchronizer.java:2078)
        at java.util.concurrent.LinkedBlockingQueue.poll(LinkedBlockingQueue.java:467)
        at org.apache.hadoop.ipc.CallQueueManager.take(CallQueueManager.java:288)
        at org.apache.hadoop.ipc.Server$Handler.run(Server.java:2668)
"IPC Server handler 4 on 39845" daemon prio=5 tid=1933 timed_waiting
java.lang.Thread.State: TIMED_WAITING
        at sun.misc.Unsafe.park(Native Method)
        at java.util.concurrent.locks.LockSupport.parkNanos(LockSupport.java:215)
        at java.util.concurrent.locks.AbstractQueuedSynchronizer$ConditionObject.awaitNanos(AbstractQueuedSynchronizer.java:2078)
        at java.util.concurrent.LinkedBlockingQueue.poll(LinkedBlockingQueue.java:467)
        at org.apache.hadoop.ipc.CallQueueManager.take(CallQueueManager.java:288)
        at org.apache.hadoop.ipc.Server$Handler.run(Server.java:2668)
"Reference Handler" daemon prio=10 tid=2 in Object.wait()
java.lang.Thread.State: WAITING (on object monitor)
        at java.lang.Object.wait(Native Method)
        at java.lang.Object.wait(Object.java:502)
        at java.lang.ref.Reference.tryHandlePending(Reference.java:191)
        at java.lang.ref.Reference$ReferenceHandler.run(Reference.java:153)
"IPC Server handler 8 on 40581" daemon prio=5 tid=1917 timed_waiting
java.lang.Thread.State: TIMED_WAITING
        at sun.misc.Unsafe.park(Native Method)
        at java.util.concurrent.locks.LockSupport.parkNanos(LockSupport.java:215)
        at java.util.concurrent.locks.AbstractQueuedSynchronizer$ConditionObject.awaitNanos(AbstractQueuedSynchronizer.java:2078)
        at java.util.concurrent.LinkedBlockingQueue.poll(LinkedBlockingQueue.java:467)
        at org.apache.hadoop.ipc.CallQueueManager.take(CallQueueManager.java:288)
        at org.apache.hadoop.ipc.Server$Handler.run(Server.java:2668)
"pool-228-thread-27"  prio=5 tid=2799 in Object.wait()
java.lang.Thread.State: WAITING (on object monitor)
        at sun.misc.Unsafe.park(Native Method)
        at java.util.concurrent.locks.LockSupport.park(LockSupport.java:175)
        at java.util.concurrent.locks.AbstractQueuedSynchronizer$ConditionObject.await(AbstractQueuedSynchronizer.java:2039)
        at java.util.concurrent.ArrayBlockingQueue.take(ArrayBlockingQueue.java:403)
        at java.util.concurrent.ThreadPoolExecutor.getTask(ThreadPoolExecutor.java:1074)
        at java.util.concurrent.ThreadPoolExecutor.runWorker(ThreadPoolExecutor.java:1134)
        at java.util.concurrent.ThreadPoolExecutor$Worker.run(ThreadPoolExecutor.java:624)
        at java.lang.Thread.run(Thread.java:748)
"pool-238-thread-47"  prio=5 tid=2881 in Object.wait()
java.lang.Thread.State: WAITING (on object monitor)
        at sun.misc.Unsafe.park(Native Method)
        at java.util.concurrent.locks.LockSupport.park(LockSupport.java:175)
        at java.util.concurrent.locks.AbstractQueuedSynchronizer$ConditionObject.await(AbstractQueuedSynchronizer.java:2039)
        at java.util.concurrent.ArrayBlockingQueue.take(ArrayBlockingQueue.java:403)
        at java.util.concurrent.ThreadPoolExecutor.getTask(ThreadPoolExecutor.java:1074)
        at java.util.concurrent.ThreadPoolExecutor.runWorker(ThreadPoolExecutor.java:1134)
        at java.util.concurrent.ThreadPoolExecutor$Worker.run(ThreadPoolExecutor.java:624)
        at java.lang.Thread.run(Thread.java:748)
"IPC Server handler 15 on 35120" daemon prio=5 tid=1904 timed_waiting
java.lang.Thread.State: TIMED_WAITING
        at sun.misc.Unsafe.park(Native Method)
        at java.util.concurrent.locks.LockSupport.parkNanos(LockSupport.java:215)
        at java.util.concurrent.locks.AbstractQueuedSynchronizer$ConditionObject.awaitNanos(AbstractQueuedSynchronizer.java:2078)
        at java.util.concurrent.LinkedBlockingQueue.poll(LinkedBlockingQueue.java:467)
        at org.apache.hadoop.ipc.CallQueueManager.take(CallQueueManager.java:288)
        at org.apache.hadoop.ipc.Server$Handler.run(Server.java:2668)
"pool-238-thread-34"  prio=5 tid=2868 in Object.wait()
java.lang.Thread.State: WAITING (on object monitor)
        at sun.misc.Unsafe.park(Native Method)
        at java.util.concurrent.locks.LockSupport.park(LockSupport.java:175)
        at java.util.concurrent.locks.AbstractQueuedSynchronizer$ConditionObject.await(AbstractQueuedSynchronizer.java:2039)
        at java.util.concurrent.ArrayBlockingQueue.take(ArrayBlockingQueue.java:403)
        at java.util.concurrent.ThreadPoolExecutor.getTask(ThreadPoolExecutor.java:1074)
        at java.util.concurrent.ThreadPoolExecutor.runWorker(ThreadPoolExecutor.java:1134)
        at java.util.concurrent.ThreadPoolExecutor$Worker.run(ThreadPoolExecutor.java:624)
        at java.lang.Thread.run(Thread.java:748)
"pool-238-thread-31"  prio=5 tid=2865 in Object.wait()
java.lang.Thread.State: WAITING (on object monitor)
        at sun.misc.Unsafe.park(Native Method)
        at java.util.concurrent.locks.LockSupport.park(LockSupport.java:175)
        at java.util.concurrent.locks.AbstractQueuedSynchronizer$ConditionObject.await(AbstractQueuedSynchronizer.java:2039)
        at java.util.concurrent.ArrayBlockingQueue.take(ArrayBlockingQueue.java:403)
        at java.util.concurrent.ThreadPoolExecutor.getTask(ThreadPoolExecutor.java:1074)
        at java.util.concurrent.ThreadPoolExecutor.runWorker(ThreadPoolExecutor.java:1134)
        at java.util.concurrent.ThreadPoolExecutor$Worker.run(ThreadPoolExecutor.java:624)
        at java.lang.Thread.run(Thread.java:748)
"BlockDeletingService#1" daemon prio=5 tid=2338 in Object.wait()
java.lang.Thread.State: WAITING (on object monitor)
        at sun.misc.Unsafe.park(Native Method)
        at java.util.concurrent.locks.LockSupport.park(LockSupport.java:175)
        at java.util.concurrent.locks.AbstractQueuedSynchronizer$ConditionObject.await(AbstractQueuedSynchronizer.java:2039)
        at java.util.concurrent.ScheduledThreadPoolExecutor$DelayedWorkQueue.take(ScheduledThreadPoolExecutor.java:1088)
        at java.util.concurrent.ScheduledThreadPoolExecutor$DelayedWorkQueue.take(ScheduledThreadPoolExecutor.java:809)
        at java.util.concurrent.ThreadPoolExecutor.getTask(ThreadPoolExecutor.java:1074)
        at java.util.concurrent.ThreadPoolExecutor.runWorker(ThreadPoolExecutor.java:1134)
        at java.util.concurrent.ThreadPoolExecutor$Worker.run(ThreadPoolExecutor.java:624)
        at java.lang.Thread.run(Thread.java:748)
"grpc-default-executor-2" daemon prio=5 tid=1111 timed_waiting
java.lang.Thread.State: TIMED_WAITING
        at sun.misc.Unsafe.park(Native Method)
        at java.util.concurrent.locks.LockSupport.parkNanos(LockSupport.java:215)
        at java.util.concurrent.SynchronousQueue$TransferStack.awaitFulfill(SynchronousQueue.java:460)
        at java.util.concurrent.SynchronousQueue$TransferStack.transfer(SynchronousQueue.java:362)
        at java.util.concurrent.SynchronousQueue.poll(SynchronousQueue.java:941)
        at java.util.concurrent.ThreadPoolExecutor.getTask(ThreadPoolExecutor.java:1073)
        at java.util.concurrent.ThreadPoolExecutor.runWorker(ThreadPoolExecutor.java:1134)
        at java.util.concurrent.ThreadPoolExecutor$Worker.run(ThreadPoolExecutor.java:624)
        at java.lang.Thread.run(Thread.java:748)
"Datanode ReportManager Thread - 0" daemon prio=5 tid=279 in Object.wait()
java.lang.Thread.State: WAITING (on object monitor)
        at sun.misc.Unsafe.park(Native Method)
        at java.util.concurrent.locks.LockSupport.park(LockSupport.java:175)
        at java.util.concurrent.locks.AbstractQueuedSynchronizer$ConditionObject.await(AbstractQueuedSynchronizer.java:2039)
        at java.util.concurrent.ScheduledThreadPoolExecutor$DelayedWorkQueue.take(ScheduledThreadPoolExecutor.java:1088)
        at java.util.concurrent.ScheduledThreadPoolExecutor$DelayedWorkQueue.take(ScheduledThreadPoolExecutor.java:809)
        at java.util.concurrent.ThreadPoolExecutor.getTask(ThreadPoolExecutor.java:1074)
        at java.util.concurrent.ThreadPoolExecutor.runWorker(ThreadPoolExecutor.java:1134)
        at java.util.concurrent.ThreadPoolExecutor$Worker.run(ThreadPoolExecutor.java:624)
        at java.lang.Thread.run(Thread.java:748)
"IPC Server handler 12 on 35120" daemon prio=5 tid=1901 timed_waiting
java.lang.Thread.State: TIMED_WAITING
        at sun.misc.Unsafe.park(Native Method)
        at java.util.concurrent.locks.LockSupport.parkNanos(LockSupport.java:215)
        at java.util.concurrent.locks.AbstractQueuedSynchronizer$ConditionObject.awaitNanos(AbstractQueuedSynchronizer.java:2078)
        at java.util.concurrent.LinkedBlockingQueue.poll(LinkedBlockingQueue.java:467)
        at org.apache.hadoop.ipc.CallQueueManager.take(CallQueueManager.java:288)
        at org.apache.hadoop.ipc.Server$Handler.run(Server.java:2668)
"org.apache.hadoop.util.JvmPauseMonitor$Monitor@71f29a6f" daemon prio=5 tid=2219 timed_waiting
java.lang.Thread.State: TIMED_WAITING
        at java.lang.Thread.sleep(Native Method)
        at org.apache.hadoop.util.JvmPauseMonitor$Monitor.run(JvmPauseMonitor.java:192)
        at java.lang.Thread.run(Thread.java:748)
"pool-168-thread-47"  prio=5 tid=2447 in Object.wait()
java.lang.Thread.State: WAITING (on object monitor)
        at sun.misc.Unsafe.park(Native Method)
        at java.util.concurrent.locks.LockSupport.park(LockSupport.java:175)
        at java.util.concurrent.locks.AbstractQueuedSynchronizer$ConditionObject.await(AbstractQueuedSynchronizer.java:2039)
        at java.util.concurrent.ArrayBlockingQueue.take(ArrayBlockingQueue.java:403)
        at java.util.concurrent.ThreadPoolExecutor.getTask(ThreadPoolExecutor.java:1074)
        at java.util.concurrent.ThreadPoolExecutor.runWorker(ThreadPoolExecutor.java:1134)
        at java.util.concurrent.ThreadPoolExecutor$Worker.run(ThreadPoolExecutor.java:624)
        at java.lang.Thread.run(Thread.java:748)
"pool-218-thread-29"  prio=5 tid=2739 in Object.wait()
java.lang.Thread.State: WAITING (on object monitor)
        at sun.misc.Unsafe.park(Native Method)
        at java.util.concurrent.locks.LockSupport.park(LockSupport.java:175)
        at java.util.concurrent.locks.AbstractQueuedSynchronizer$ConditionObject.await(AbstractQueuedSynchronizer.java:2039)
        at java.util.concurrent.ArrayBlockingQueue.take(ArrayBlockingQueue.java:403)
        at java.util.concurrent.ThreadPoolExecutor.getTask(ThreadPoolExecutor.java:1074)
        at java.util.concurrent.ThreadPoolExecutor.runWorker(ThreadPoolExecutor.java:1134)
        at java.util.concurrent.ThreadPoolExecutor$Worker.run(ThreadPoolExecutor.java:624)
        at java.lang.Thread.run(Thread.java:748)
"pool-218-thread-20"  prio=5 tid=2730 in Object.wait()
java.lang.Thread.State: WAITING (on object monitor)
        at sun.misc.Unsafe.park(Native Method)
        at java.util.concurrent.locks.LockSupport.park(LockSupport.java:175)
        at java.util.concurrent.locks.AbstractQueuedSynchronizer$ConditionObject.await(AbstractQueuedSynchronizer.java:2039)
        at java.util.concurrent.ArrayBlockingQueue.take(ArrayBlockingQueue.java:403)
        at java.util.concurrent.ThreadPoolExecutor.getTask(ThreadPoolExecutor.java:1074)
        at java.util.concurrent.ThreadPoolExecutor.runWorker(ThreadPoolExecutor.java:1134)
        at java.util.concurrent.ThreadPoolExecutor$Worker.run(ThreadPoolExecutor.java:624)
        at java.lang.Thread.run(Thread.java:748)
"pool-208-thread-25"  prio=5 tid=2673 in Object.wait()
java.lang.Thread.State: WAITING (on object monitor)
        at sun.misc.Unsafe.park(Native Method)
        at java.util.concurrent.locks.LockSupport.park(LockSupport.java:175)
        at java.util.concurrent.locks.AbstractQueuedSynchronizer$ConditionObject.await(AbstractQueuedSynchronizer.java:2039)
        at java.util.concurrent.ArrayBlockingQueue.take(ArrayBlockingQueue.java:403)
        at java.util.concurrent.ThreadPoolExecutor.getTask(ThreadPoolExecutor.java:1074)
        at java.util.concurrent.ThreadPoolExecutor.runWorker(ThreadPoolExecutor.java:1134)
        at java.util.concurrent.ThreadPoolExecutor$Worker.run(ThreadPoolExecutor.java:624)
        at java.lang.Thread.run(Thread.java:748)
"pool-158-thread-40"  prio=5 tid=2378 in Object.wait()
java.lang.Thread.State: WAITING (on object monitor)
        at sun.misc.Unsafe.park(Native Method)
        at java.util.concurrent.locks.LockSupport.park(LockSupport.java:175)
        at java.util.concurrent.locks.AbstractQueuedSynchronizer$ConditionObject.await(AbstractQueuedSynchronizer.java:2039)
        at java.util.concurrent.ArrayBlockingQueue.take(ArrayBlockingQueue.java:403)
        at java.util.concurrent.ThreadPoolExecutor.getTask(ThreadPoolExecutor.java:1074)
        at java.util.concurrent.ThreadPoolExecutor.runWorker(ThreadPoolExecutor.java:1134)
        at java.util.concurrent.ThreadPoolExecutor$Worker.run(ThreadPoolExecutor.java:624)
        at java.lang.Thread.run(Thread.java:748)
"pool-228-thread-26"  prio=5 tid=2798 in Object.wait()
java.lang.Thread.State: WAITING (on object monitor)
        at sun.misc.Unsafe.park(Native Method)
        at java.util.concurrent.locks.LockSupport.park(LockSupport.java:175)
        at java.util.concurrent.locks.AbstractQueuedSynchronizer$ConditionObject.await(AbstractQueuedSynchronizer.java:2039)
        at java.util.concurrent.ArrayBlockingQueue.take(ArrayBlockingQueue.java:403)
        at java.util.concurrent.ThreadPoolExecutor.getTask(ThreadPoolExecutor.java:1074)
        at java.util.concurrent.ThreadPoolExecutor.runWorker(ThreadPoolExecutor.java:1134)
        at java.util.concurrent.ThreadPoolExecutor$Worker.run(ThreadPoolExecutor.java:624)
        at java.lang.Thread.run(Thread.java:748)
"Thread-1545" daemon prio=5 tid=3204 timed_waiting
java.lang.Thread.State: TIMED_WAITING
        at java.lang.Thread.sleep(Native Method)
        at org.apache.ratis.util.JavaUtils.sleep(JavaUtils.java:243)
        at org.apache.ratis.server.impl.FollowerState.run(FollowerState.java:100)
"BlockDeletingService#1" daemon prio=5 tid=2462 in Object.wait()
java.lang.Thread.State: WAITING (on object monitor)
        at sun.misc.Unsafe.park(Native Method)
        at java.util.concurrent.locks.LockSupport.park(LockSupport.java:175)
        at java.util.concurrent.locks.AbstractQueuedSynchronizer$ConditionObject.await(AbstractQueuedSynchronizer.java:2039)
        at java.util.concurrent.ScheduledThreadPoolExecutor$DelayedWorkQueue.take(ScheduledThreadPoolExecutor.java:1088)
        at java.util.concurrent.ScheduledThreadPoolExecutor$DelayedWorkQueue.take(ScheduledThreadPoolExecutor.java:809)
        at java.util.concurrent.ThreadPoolExecutor.getTask(ThreadPoolExecutor.java:1074)
        at java.util.concurrent.ThreadPoolExecutor.runWorker(ThreadPoolExecutor.java:1134)
        at java.util.concurrent.ThreadPoolExecutor$Worker.run(ThreadPoolExecutor.java:624)
        at java.lang.Thread.run(Thread.java:748)
"qtp377667724-1996" daemon prio=5 tid=1996 timed_waiting
java.lang.Thread.State: TIMED_WAITING
        at sun.misc.Unsafe.park(Native Method)
        at java.util.concurrent.locks.LockSupport.parkNanos(LockSupport.java:215)
        at java.util.concurrent.locks.AbstractQueuedSynchronizer$ConditionObject.awaitNanos(AbstractQueuedSynchronizer.java:2078)
        at org.eclipse.jetty.util.BlockingArrayQueue.poll(BlockingArrayQueue.java:392)
        at org.eclipse.jetty.util.thread.QueuedThreadPool.idleJobPoll(QueuedThreadPool.java:563)
        at org.eclipse.jetty.util.thread.QueuedThreadPool.access$800(QueuedThreadPool.java:48)
        at org.eclipse.jetty.util.thread.QueuedThreadPool$2.run(QueuedThreadPool.java:626)
        at java.lang.Thread.run(Thread.java:748)
"pool-198-thread-53"  prio=5 tid=2639 in Object.wait()
java.lang.Thread.State: WAITING (on object monitor)
        at sun.misc.Unsafe.park(Native Method)
        at java.util.concurrent.locks.LockSupport.park(LockSupport.java:175)
        at java.util.concurrent.locks.AbstractQueuedSynchronizer$ConditionObject.await(AbstractQueuedSynchronizer.java:2039)
        at java.util.concurrent.ArrayBlockingQueue.take(ArrayBlockingQueue.java:403)
        at java.util.concurrent.ThreadPoolExecutor.getTask(ThreadPoolExecutor.java:1074)
        at java.util.concurrent.ThreadPoolExecutor.runWorker(ThreadPoolExecutor.java:1134)
        at java.util.concurrent.ThreadPoolExecutor$Worker.run(ThreadPoolExecutor.java:624)
        at java.lang.Thread.run(Thread.java:748)
"qtp2120404899-2154" daemon prio=5 tid=2154 timed_waiting
java.lang.Thread.State: TIMED_WAITING
        at sun.misc.Unsafe.park(Native Method)
        at java.util.concurrent.locks.LockSupport.parkNanos(LockSupport.java:215)
        at java.util.concurrent.locks.AbstractQueuedSynchronizer$ConditionObject.awaitNanos(AbstractQueuedSynchronizer.java:2078)
        at org.eclipse.jetty.util.BlockingArrayQueue.poll(BlockingArrayQueue.java:392)
        at org.eclipse.jetty.util.thread.QueuedThreadPool.idleJobPoll(QueuedThreadPool.java:563)
        at org.eclipse.jetty.util.thread.QueuedThreadPool.access$800(QueuedThreadPool.java:48)
        at org.eclipse.jetty.util.thread.QueuedThreadPool$2.run(QueuedThreadPool.java:626)
        at java.lang.Thread.run(Thread.java:748)
"pool-218-thread-56"  prio=5 tid=2766 in Object.wait()
java.lang.Thread.State: WAITING (on object monitor)
        at sun.misc.Unsafe.park(Native Method)
        at java.util.concurrent.locks.LockSupport.park(LockSupport.java:175)
        at java.util.concurrent.locks.AbstractQueuedSynchronizer$ConditionObject.await(AbstractQueuedSynchronizer.java:2039)
        at java.util.concurrent.ArrayBlockingQueue.take(ArrayBlockingQueue.java:403)
        at java.util.concurrent.ThreadPoolExecutor.getTask(ThreadPoolExecutor.java:1074)
        at java.util.concurrent.ThreadPoolExecutor.runWorker(ThreadPoolExecutor.java:1134)
        at java.util.concurrent.ThreadPoolExecutor$Worker.run(ThreadPoolExecutor.java:624)
        at java.lang.Thread.run(Thread.java:748)
"pool-198-thread-9"  prio=5 tid=2595 in Object.wait()
java.lang.Thread.State: WAITING (on object monitor)
        at sun.misc.Unsafe.park(Native Method)
        at java.util.concurrent.locks.LockSupport.park(LockSupport.java:175)
        at java.util.concurrent.locks.AbstractQueuedSynchronizer$ConditionObject.await(AbstractQueuedSynchronizer.java:2039)
        at java.util.concurrent.ArrayBlockingQueue.take(ArrayBlockingQueue.java:403)
        at java.util.concurrent.ThreadPoolExecutor.getTask(ThreadPoolExecutor.java:1074)
        at java.util.concurrent.ThreadPoolExecutor.runWorker(ThreadPoolExecutor.java:1134)
        at java.util.concurrent.ThreadPoolExecutor$Worker.run(ThreadPoolExecutor.java:624)
        at java.lang.Thread.run(Thread.java:748)
"IPC Server handler 15 on 39845" daemon prio=5 tid=1944 timed_waiting
java.lang.Thread.State: TIMED_WAITING
        at sun.misc.Unsafe.park(Native Method)
        at java.util.concurrent.locks.LockSupport.parkNanos(LockSupport.java:215)
        at java.util.concurrent.locks.AbstractQueuedSynchronizer$ConditionObject.awaitNanos(AbstractQueuedSynchronizer.java:2078)
        at java.util.concurrent.LinkedBlockingQueue.poll(LinkedBlockingQueue.java:467)
        at org.apache.hadoop.ipc.CallQueueManager.take(CallQueueManager.java:288)
        at org.apache.hadoop.ipc.Server$Handler.run(Server.java:2668)
"grpc-default-executor-4" daemon prio=5 tid=1189 timed_waiting
java.lang.Thread.State: TIMED_WAITING
        at sun.misc.Unsafe.park(Native Method)
        at java.util.concurrent.locks.LockSupport.parkNanos(LockSupport.java:215)
        at java.util.concurrent.SynchronousQueue$TransferStack.awaitFulfill(SynchronousQueue.java:460)
        at java.util.concurrent.SynchronousQueue$TransferStack.transfer(SynchronousQueue.java:362)
        at java.util.concurrent.SynchronousQueue.poll(SynchronousQueue.java:941)
        at java.util.concurrent.ThreadPoolExecutor.getTask(ThreadPoolExecutor.java:1073)
        at java.util.concurrent.ThreadPoolExecutor.runWorker(ThreadPoolExecutor.java:1134)
        at java.util.concurrent.ThreadPoolExecutor$Worker.run(ThreadPoolExecutor.java:624)
        at java.lang.Thread.run(Thread.java:748)
"IPC Server handler 12 on 39845" daemon prio=5 tid=1941 timed_waiting
java.lang.Thread.State: TIMED_WAITING
        at sun.misc.Unsafe.park(Native Method)
        at java.util.concurrent.locks.LockSupport.parkNanos(LockSupport.java:215)
        at java.util.concurrent.locks.AbstractQueuedSynchronizer$ConditionObject.awaitNanos(AbstractQueuedSynchronizer.java:2078)
        at java.util.concurrent.LinkedBlockingQueue.poll(LinkedBlockingQueue.java:467)
        at org.apache.hadoop.ipc.CallQueueManager.take(CallQueueManager.java:288)
        at org.apache.hadoop.ipc.Server$Handler.run(Server.java:2668)
"pool-208-thread-57"  prio=5 tid=2705 in Object.wait()
java.lang.Thread.State: WAITING (on object monitor)
        at sun.misc.Unsafe.park(Native Method)
        at java.util.concurrent.locks.LockSupport.park(LockSupport.java:175)
        at java.util.concurrent.locks.AbstractQueuedSynchronizer$ConditionObject.await(AbstractQueuedSynchronizer.java:2039)
        at java.util.concurrent.ArrayBlockingQueue.take(ArrayBlockingQueue.java:403)
        at java.util.concurrent.ThreadPoolExecutor.getTask(ThreadPoolExecutor.java:1074)
        at java.util.concurrent.ThreadPoolExecutor.runWorker(ThreadPoolExecutor.java:1134)
        at java.util.concurrent.ThreadPoolExecutor$Worker.run(ThreadPoolExecutor.java:624)
        at java.lang.Thread.run(Thread.java:748)
"pool-188-thread-14"  prio=5 tid=2538 in Object.wait()
java.lang.Thread.State: WAITING (on object monitor)
        at sun.misc.Unsafe.park(Native Method)
        at java.util.concurrent.locks.LockSupport.park(LockSupport.java:175)
        at java.util.concurrent.locks.AbstractQueuedSynchronizer$ConditionObject.await(AbstractQueuedSynchronizer.java:2039)
        at java.util.concurrent.ArrayBlockingQueue.take(ArrayBlockingQueue.java:403)
        at java.util.concurrent.ThreadPoolExecutor.getTask(ThreadPoolExecutor.java:1074)
        at java.util.concurrent.ThreadPoolExecutor.runWorker(ThreadPoolExecutor.java:1134)
        at java.util.concurrent.ThreadPoolExecutor$Worker.run(ThreadPoolExecutor.java:624)
        at java.lang.Thread.run(Thread.java:748)
"pool-148-thread-56"  prio=5 tid=2331 in Object.wait()
java.lang.Thread.State: WAITING (on object monitor)
        at sun.misc.Unsafe.park(Native Method)
        at java.util.concurrent.locks.LockSupport.park(LockSupport.java:175)
        at java.util.concurrent.locks.AbstractQueuedSynchronizer$ConditionObject.await(AbstractQueuedSynchronizer.java:2039)
        at java.util.concurrent.ArrayBlockingQueue.take(ArrayBlockingQueue.java:403)
        at java.util.concurrent.ThreadPoolExecutor.getTask(ThreadPoolExecutor.java:1074)
        at java.util.concurrent.ThreadPoolExecutor.runWorker(ThreadPoolExecutor.java:1134)
        at java.util.concurrent.ThreadPoolExecutor$Worker.run(ThreadPoolExecutor.java:624)
        at java.lang.Thread.run(Thread.java:748)
"pool-168-thread-48"  prio=5 tid=2448 in Object.wait()
java.lang.Thread.State: WAITING (on object monitor)
        at sun.misc.Unsafe.park(Native Method)
        at java.util.concurrent.locks.LockSupport.park(LockSupport.java:175)
        at java.util.concurrent.locks.AbstractQueuedSynchronizer$ConditionObject.await(AbstractQueuedSynchronizer.java:2039)
        at java.util.concurrent.ArrayBlockingQueue.take(ArrayBlockingQueue.java:403)
        at java.util.concurrent.ThreadPoolExecutor.getTask(ThreadPoolExecutor.java:1074)
        at java.util.concurrent.ThreadPoolExecutor.runWorker(ThreadPoolExecutor.java:1134)
        at java.util.concurrent.ThreadPoolExecutor$Worker.run(ThreadPoolExecutor.java:624)
        at java.lang.Thread.run(Thread.java:748)
"pool-238-thread-56"  prio=5 tid=2890 in Object.wait()
java.lang.Thread.State: WAITING (on object monitor)
        at sun.misc.Unsafe.park(Native Method)
        at java.util.concurrent.locks.LockSupport.park(LockSupport.java:175)
        at java.util.concurrent.locks.AbstractQueuedSynchronizer$ConditionObject.await(AbstractQueuedSynchronizer.java:2039)
        at java.util.concurrent.ArrayBlockingQueue.take(ArrayBlockingQueue.java:403)
        at java.util.concurrent.ThreadPoolExecutor.getTask(ThreadPoolExecutor.java:1074)
        at java.util.concurrent.ThreadPoolExecutor.runWorker(ThreadPoolExecutor.java:1134)
        at java.util.concurrent.ThreadPoolExecutor$Worker.run(ThreadPoolExecutor.java:624)
        at java.lang.Thread.run(Thread.java:748)
"pool-168-thread-44"  prio=5 tid=2444 in Object.wait()
java.lang.Thread.State: WAITING (on object monitor)
        at sun.misc.Unsafe.park(Native Method)
        at java.util.concurrent.locks.LockSupport.park(LockSupport.java:175)
        at java.util.concurrent.locks.AbstractQueuedSynchronizer$ConditionObject.await(AbstractQueuedSynchronizer.java:2039)
        at java.util.concurrent.ArrayBlockingQueue.take(ArrayBlockingQueue.java:403)
        at java.util.concurrent.ThreadPoolExecutor.getTask(ThreadPoolExecutor.java:1074)
        at java.util.concurrent.ThreadPoolExecutor.runWorker(ThreadPoolExecutor.java:1134)
        at java.util.concurrent.ThreadPoolExecutor$Worker.run(ThreadPoolExecutor.java:624)
        at java.lang.Thread.run(Thread.java:748)
"pool-208-thread-30"  prio=5 tid=2678 in Object.wait()
java.lang.Thread.State: WAITING (on object monitor)
        at sun.misc.Unsafe.park(Native Method)
        at java.util.concurrent.locks.LockSupport.park(LockSupport.java:175)
        at java.util.concurrent.locks.AbstractQueuedSynchronizer$ConditionObject.await(AbstractQueuedSynchronizer.java:2039)
        at java.util.concurrent.ArrayBlockingQueue.take(ArrayBlockingQueue.java:403)
        at java.util.concurrent.ThreadPoolExecutor.getTask(ThreadPoolExecutor.java:1074)
        at java.util.concurrent.ThreadPoolExecutor.runWorker(ThreadPoolExecutor.java:1134)
        at java.util.concurrent.ThreadPoolExecutor$Worker.run(ThreadPoolExecutor.java:624)
        at java.lang.Thread.run(Thread.java:748)
"pool-178-thread-25"  prio=5 tid=2487 in Object.wait()
java.lang.Thread.State: WAITING (on object monitor)
        at sun.misc.Unsafe.park(Native Method)
        at java.util.concurrent.locks.LockSupport.park(LockSupport.java:175)
        at java.util.concurrent.locks.AbstractQueuedSynchronizer$ConditionObject.await(AbstractQueuedSynchronizer.java:2039)
        at java.util.concurrent.ArrayBlockingQueue.take(ArrayBlockingQueue.java:403)
        at java.util.concurrent.ThreadPoolExecutor.getTask(ThreadPoolExecutor.java:1074)
        at java.util.concurrent.ThreadPoolExecutor.runWorker(ThreadPoolExecutor.java:1134)
        at java.util.concurrent.ThreadPoolExecutor$Worker.run(ThreadPoolExecutor.java:624)
        at java.lang.Thread.run(Thread.java:748)
"pool-238-thread-1"  prio=5 tid=2835 in Object.wait()
java.lang.Thread.State: WAITING (on object monitor)
        at sun.misc.Unsafe.park(Native Method)
        at java.util.concurrent.locks.LockSupport.park(LockSupport.java:175)
        at java.util.concurrent.locks.AbstractQueuedSynchronizer$ConditionObject.await(AbstractQueuedSynchronizer.java:2039)
        at java.util.concurrent.ArrayBlockingQueue.take(ArrayBlockingQueue.java:403)
        at java.util.concurrent.ThreadPoolExecutor.getTask(ThreadPoolExecutor.java:1074)
        at java.util.concurrent.ThreadPoolExecutor.runWorker(ThreadPoolExecutor.java:1134)
        at java.util.concurrent.ThreadPoolExecutor$Worker.run(ThreadPoolExecutor.java:624)
        at java.lang.Thread.run(Thread.java:748)
"pool-168-thread-35"  prio=5 tid=2435 in Object.wait()
java.lang.Thread.State: WAITING (on object monitor)
        at sun.misc.Unsafe.park(Native Method)
        at java.util.concurrent.locks.LockSupport.park(LockSupport.java:175)
        at java.util.concurrent.locks.AbstractQueuedSynchronizer$ConditionObject.await(AbstractQueuedSynchronizer.java:2039)
        at java.util.concurrent.ArrayBlockingQueue.take(ArrayBlockingQueue.java:403)
        at java.util.concurrent.ThreadPoolExecutor.getTask(ThreadPoolExecutor.java:1074)
        at java.util.concurrent.ThreadPoolExecutor.runWorker(ThreadPoolExecutor.java:1134)
        at java.util.concurrent.ThreadPoolExecutor$Worker.run(ThreadPoolExecutor.java:624)
        at java.lang.Thread.run(Thread.java:748)
"Socket Reader #1 for port 45410"  prio=5 tid=1966 runnable
java.lang.Thread.State: RUNNABLE
        at sun.nio.ch.EPollArrayWrapper.epollWait(Native Method)
        at sun.nio.ch.EPollArrayWrapper.poll(EPollArrayWrapper.java:269)
        at sun.nio.ch.EPollSelectorImpl.doSelect(EPollSelectorImpl.java:93)
        at sun.nio.ch.SelectorImpl.lockAndDoSelect(SelectorImpl.java:86)
        at sun.nio.ch.SelectorImpl.select(SelectorImpl.java:97)
        at sun.nio.ch.SelectorImpl.select(SelectorImpl.java:101)
        at org.apache.hadoop.ipc.Server$Listener$Reader.doRunLoop(Server.java:1097)
        at org.apache.hadoop.ipc.Server$Listener$Reader.run(Server.java:1076)
"IPC Server listener on 39845" daemon prio=5 tid=1874 runnable
java.lang.Thread.State: RUNNABLE
        at sun.nio.ch.EPollArrayWrapper.epollWait(Native Method)
        at sun.nio.ch.EPollArrayWrapper.poll(EPollArrayWrapper.java:269)
        at sun.nio.ch.EPollSelectorImpl.doSelect(EPollSelectorImpl.java:93)
        at sun.nio.ch.SelectorImpl.lockAndDoSelect(SelectorImpl.java:86)
        at sun.nio.ch.SelectorImpl.select(SelectorImpl.java:97)
        at sun.nio.ch.SelectorImpl.select(SelectorImpl.java:101)
        at org.apache.hadoop.ipc.Server$Listener.run(Server.java:1159)
"pool-158-thread-34"  prio=5 tid=2372 in Object.wait()
java.lang.Thread.State: WAITING (on object monitor)
        at sun.misc.Unsafe.park(Native Method)
        at java.util.concurrent.locks.LockSupport.park(LockSupport.java:175)
        at java.util.concurrent.locks.AbstractQueuedSynchronizer$ConditionObject.await(AbstractQueuedSynchronizer.java:2039)
        at java.util.concurrent.ArrayBlockingQueue.take(ArrayBlockingQueue.java:403)
        at java.util.concurrent.ThreadPoolExecutor.getTask(ThreadPoolExecutor.java:1074)
        at java.util.concurrent.ThreadPoolExecutor.runWorker(ThreadPoolExecutor.java:1134)
        at java.util.concurrent.ThreadPoolExecutor$Worker.run(ThreadPoolExecutor.java:624)
        at java.lang.Thread.run(Thread.java:748)
"jaeger.RemoteReporter-FlushTimer" daemon prio=5 tid=148 timed_waiting
java.lang.Thread.State: TIMED_WAITING
        at java.lang.Object.wait(Native Method)
        at java.util.TimerThread.mainLoop(Timer.java:552)
        at java.util.TimerThread.run(Timer.java:505)
"efbac357-ca4e-4ee4-91b4-c654bf02dfcf@group-1012B3444813-StateMachineUpdater" daemon prio=5 tid=2965 in Object.wait()
java.lang.Thread.State: WAITING (on object monitor)
        at java.lang.Object.wait(Native Method)
        at java.lang.Object.wait(Object.java:502)
        at org.apache.ratis.server.impl.StateMachineUpdater.waitForCommit(StateMachineUpdater.java:194)
        at org.apache.ratis.server.impl.StateMachineUpdater.run(StateMachineUpdater.java:159)
        at java.lang.Thread.run(Thread.java:748)
"pool-178-thread-52"  prio=5 tid=2514 in Object.wait()
java.lang.Thread.State: WAITING (on object monitor)
        at sun.misc.Unsafe.park(Native Method)
        at java.util.concurrent.locks.LockSupport.park(LockSupport.java:175)
        at java.util.concurrent.locks.AbstractQueuedSynchronizer$ConditionObject.await(AbstractQueuedSynchronizer.java:2039)
        at java.util.concurrent.ArrayBlockingQueue.take(ArrayBlockingQueue.java:403)
        at java.util.concurrent.ThreadPoolExecutor.getTask(ThreadPoolExecutor.java:1074)
        at java.util.concurrent.ThreadPoolExecutor.runWorker(ThreadPoolExecutor.java:1134)
        at java.util.concurrent.ThreadPoolExecutor$Worker.run(ThreadPoolExecutor.java:624)
        at java.lang.Thread.run(Thread.java:748)
"org.eclipse.jetty.server.session.HashSessionManager@4cad79bcTimer" daemon prio=5 tid=2075 timed_waiting
java.lang.Thread.State: TIMED_WAITING
        at sun.misc.Unsafe.park(Native Method)
        at java.util.concurrent.locks.LockSupport.parkNanos(LockSupport.java:215)
        at java.util.concurrent.locks.AbstractQueuedSynchronizer$ConditionObject.awaitNanos(AbstractQueuedSynchronizer.java:2078)
        at java.util.concurrent.ScheduledThreadPoolExecutor$DelayedWorkQueue.take(ScheduledThreadPoolExecutor.java:1093)
        at java.util.concurrent.ScheduledThreadPoolExecutor$DelayedWorkQueue.take(ScheduledThreadPoolExecutor.java:809)
        at java.util.concurrent.ThreadPoolExecutor.getTask(ThreadPoolExecutor.java:1074)
        at java.util.concurrent.ThreadPoolExecutor.runWorker(ThreadPoolExecutor.java:1134)
        at java.util.concurrent.ThreadPoolExecutor$Worker.run(ThreadPoolExecutor.java:624)
        at java.lang.Thread.run(Thread.java:748)
"BlockDeletingService#0" daemon prio=5 tid=2399 timed_waiting
java.lang.Thread.State: TIMED_WAITING
        at sun.misc.Unsafe.park(Native Method)
        at java.util.concurrent.locks.LockSupport.parkNanos(LockSupport.java:215)
        at java.util.concurrent.locks.AbstractQueuedSynchronizer$ConditionObject.awaitNanos(AbstractQueuedSynchronizer.java:2078)
        at java.util.concurrent.ScheduledThreadPoolExecutor$DelayedWorkQueue.take(ScheduledThreadPoolExecutor.java:1093)
        at java.util.concurrent.ScheduledThreadPoolExecutor$DelayedWorkQueue.take(ScheduledThreadPoolExecutor.java:809)
        at java.util.concurrent.ThreadPoolExecutor.getTask(ThreadPoolExecutor.java:1074)
        at java.util.concurrent.ThreadPoolExecutor.runWorker(ThreadPoolExecutor.java:1134)
        at java.util.concurrent.ThreadPoolExecutor$Worker.run(ThreadPoolExecutor.java:624)
        at java.lang.Thread.run(Thread.java:748)
"Datanode ReportManager Thread - 0" daemon prio=5 tid=2187 timed_waiting
java.lang.Thread.State: TIMED_WAITING
        at sun.misc.Unsafe.park(Native Method)
        at java.util.concurrent.locks.LockSupport.parkNanos(LockSupport.java:215)
        at java.util.concurrent.locks.AbstractQueuedSynchronizer$ConditionObject.awaitNanos(AbstractQueuedSynchronizer.java:2078)
        at java.util.concurrent.ScheduledThreadPoolExecutor$DelayedWorkQueue.take(ScheduledThreadPoolExecutor.java:1093)
        at java.util.concurrent.ScheduledThreadPoolExecutor$DelayedWorkQueue.take(ScheduledThreadPoolExecutor.java:809)
        at java.util.concurrent.ThreadPoolExecutor.getTask(ThreadPoolExecutor.java:1074)
        at java.util.concurrent.ThreadPoolExecutor.runWorker(ThreadPoolExecutor.java:1134)
        at java.util.concurrent.ThreadPoolExecutor$Worker.run(ThreadPoolExecutor.java:624)
        at java.lang.Thread.run(Thread.java:748)
"pool-188-thread-34"  prio=5 tid=2558 in Object.wait()
java.lang.Thread.State: WAITING (on object monitor)
        at sun.misc.Unsafe.park(Native Method)
        at java.util.concurrent.locks.LockSupport.park(LockSupport.java:175)
        at java.util.concurrent.locks.AbstractQueuedSynchronizer$ConditionObject.await(AbstractQueuedSynchronizer.java:2039)
        at java.util.concurrent.ArrayBlockingQueue.take(ArrayBlockingQueue.java:403)
        at java.util.concurrent.ThreadPoolExecutor.getTask(ThreadPoolExecutor.java:1074)
        at java.util.concurrent.ThreadPoolExecutor.runWorker(ThreadPoolExecutor.java:1134)
        at java.util.concurrent.ThreadPoolExecutor$Worker.run(ThreadPoolExecutor.java:624)
        at java.lang.Thread.run(Thread.java:748)
"pool-208-thread-46"  prio=5 tid=2694 in Object.wait()
java.lang.Thread.State: WAITING (on object monitor)
        at sun.misc.Unsafe.park(Native Method)
        at java.util.concurrent.locks.LockSupport.park(LockSupport.java:175)
        at java.util.concurrent.locks.AbstractQueuedSynchronizer$ConditionObject.await(AbstractQueuedSynchronizer.java:2039)
        at java.util.concurrent.ArrayBlockingQueue.take(ArrayBlockingQueue.java:403)
        at java.util.concurrent.ThreadPoolExecutor.getTask(ThreadPoolExecutor.java:1074)
        at java.util.concurrent.ThreadPoolExecutor.runWorker(ThreadPoolExecutor.java:1134)
        at java.util.concurrent.ThreadPoolExecutor$Worker.run(ThreadPoolExecutor.java:624)
        at java.lang.Thread.run(Thread.java:748)
"pool-228-thread-22"  prio=5 tid=2794 in Object.wait()
java.lang.Thread.State: WAITING (on object monitor)
        at sun.misc.Unsafe.park(Native Method)
        at java.util.concurrent.locks.LockSupport.park(LockSupport.java:175)
        at java.util.concurrent.locks.AbstractQueuedSynchronizer$ConditionObject.await(AbstractQueuedSynchronizer.java:2039)
        at java.util.concurrent.ArrayBlockingQueue.take(ArrayBlockingQueue.java:403)
        at java.util.concurrent.ThreadPoolExecutor.getTask(ThreadPoolExecutor.java:1074)
        at java.util.concurrent.ThreadPoolExecutor.runWorker(ThreadPoolExecutor.java:1134)
        at java.util.concurrent.ThreadPoolExecutor$Worker.run(ThreadPoolExecutor.java:624)
        at java.lang.Thread.run(Thread.java:748)
"BlockDeletingService#1" daemon prio=5 tid=2772 in Object.wait()
java.lang.Thread.State: WAITING (on object monitor)
        at sun.misc.Unsafe.park(Native Method)
        at java.util.concurrent.locks.LockSupport.park(LockSupport.java:175)
        at java.util.concurrent.locks.AbstractQueuedSynchronizer$ConditionObject.await(AbstractQueuedSynchronizer.java:2039)
        at java.util.concurrent.ScheduledThreadPoolExecutor$DelayedWorkQueue.take(ScheduledThreadPoolExecutor.java:1088)
        at java.util.concurrent.ScheduledThreadPoolExecutor$DelayedWorkQueue.take(ScheduledThreadPoolExecutor.java:809)
        at java.util.concurrent.ThreadPoolExecutor.getTask(ThreadPoolExecutor.java:1074)
        at java.util.concurrent.ThreadPoolExecutor.runWorker(ThreadPoolExecutor.java:1134)
        at java.util.concurrent.ThreadPoolExecutor$Worker.run(ThreadPoolExecutor.java:624)
        at java.lang.Thread.run(Thread.java:748)
"pool-218-thread-14"  prio=5 tid=2724 in Object.wait()
java.lang.Thread.State: WAITING (on object monitor)
        at sun.misc.Unsafe.park(Native Method)
        at java.util.concurrent.locks.LockSupport.park(LockSupport.java:175)
        at java.util.concurrent.locks.AbstractQueuedSynchronizer$ConditionObject.await(AbstractQueuedSynchronizer.java:2039)
        at java.util.concurrent.ArrayBlockingQueue.take(ArrayBlockingQueue.java:403)
        at java.util.concurrent.ThreadPoolExecutor.getTask(ThreadPoolExecutor.java:1074)
        at java.util.concurrent.ThreadPoolExecutor.runWorker(ThreadPoolExecutor.java:1134)
        at java.util.concurrent.ThreadPoolExecutor$Worker.run(ThreadPoolExecutor.java:624)
        at java.lang.Thread.run(Thread.java:748)
"org.eclipse.jetty.server.session.HashSessionManager@414f87a9Timer" daemon prio=5 tid=2183 timed_waiting
java.lang.Thread.State: TIMED_WAITING
        at sun.misc.Unsafe.park(Native Method)
        at java.util.concurrent.locks.LockSupport.parkNanos(LockSupport.java:215)
        at java.util.concurrent.locks.AbstractQueuedSynchronizer$ConditionObject.awaitNanos(AbstractQueuedSynchronizer.java:2078)
        at java.util.concurrent.ScheduledThreadPoolExecutor$DelayedWorkQueue.take(ScheduledThreadPoolExecutor.java:1093)
        at java.util.concurrent.ScheduledThreadPoolExecutor$DelayedWorkQueue.take(ScheduledThreadPoolExecutor.java:809)
        at java.util.concurrent.ThreadPoolExecutor.getTask(ThreadPoolExecutor.java:1074)
        at java.util.concurrent.ThreadPoolExecutor.runWorker(ThreadPoolExecutor.java:1134)
        at java.util.concurrent.ThreadPoolExecutor$Worker.run(ThreadPoolExecutor.java:624)
        at java.lang.Thread.run(Thread.java:748)
"pool-218-thread-10"  prio=5 tid=2720 in Object.wait()
java.lang.Thread.State: WAITING (on object monitor)
        at sun.misc.Unsafe.park(Native Method)
        at java.util.concurrent.locks.LockSupport.park(LockSupport.java:175)
        at java.util.concurrent.locks.AbstractQueuedSynchronizer$ConditionObject.await(AbstractQueuedSynchronizer.java:2039)
        at java.util.concurrent.ArrayBlockingQueue.take(ArrayBlockingQueue.java:403)
        at java.util.concurrent.ThreadPoolExecutor.getTask(ThreadPoolExecutor.java:1074)
        at java.util.concurrent.ThreadPoolExecutor.runWorker(ThreadPoolExecutor.java:1134)
        at java.util.concurrent.ThreadPoolExecutor$Worker.run(ThreadPoolExecutor.java:624)
        at java.lang.Thread.run(Thread.java:748)
"pool-162-thread-1"  prio=5 tid=2039 timed_waiting
java.lang.Thread.State: TIMED_WAITING
        at sun.misc.Unsafe.park(Native Method)
        at java.util.concurrent.locks.LockSupport.parkNanos(LockSupport.java:215)
        at java.util.concurrent.locks.AbstractQueuedSynchronizer$ConditionObject.awaitNanos(AbstractQueuedSynchronizer.java:2078)
        at java.util.concurrent.ScheduledThreadPoolExecutor$DelayedWorkQueue.take(ScheduledThreadPoolExecutor.java:1093)
        at java.util.concurrent.ScheduledThreadPoolExecutor$DelayedWorkQueue.take(ScheduledThreadPoolExecutor.java:809)
        at java.util.concurrent.ThreadPoolExecutor.getTask(ThreadPoolExecutor.java:1074)
        at java.util.concurrent.ThreadPoolExecutor.runWorker(ThreadPoolExecutor.java:1134)
        at java.util.concurrent.ThreadPoolExecutor$Worker.run(ThreadPoolExecutor.java:624)
        at java.lang.Thread.run(Thread.java:748)
"org.eclipse.jetty.server.session.HashSessionManager@b61edb9Timer" daemon prio=5 tid=2131 timed_waiting
java.lang.Thread.State: TIMED_WAITING
        at sun.misc.Unsafe.park(Native Method)
        at java.util.concurrent.locks.LockSupport.parkNanos(LockSupport.java:215)
        at java.util.concurrent.locks.AbstractQueuedSynchronizer$ConditionObject.awaitNanos(AbstractQueuedSynchronizer.java:2078)
        at java.util.concurrent.ScheduledThreadPoolExecutor$DelayedWorkQueue.take(ScheduledThreadPoolExecutor.java:1093)
        at java.util.concurrent.ScheduledThreadPoolExecutor$DelayedWorkQueue.take(ScheduledThreadPoolExecutor.java:809)
        at java.util.concurrent.ThreadPoolExecutor.getTask(ThreadPoolExecutor.java:1074)
        at java.util.concurrent.ThreadPoolExecutor.runWorker(ThreadPoolExecutor.java:1134)
        at java.util.concurrent.ThreadPoolExecutor$Worker.run(ThreadPoolExecutor.java:624)
        at java.lang.Thread.run(Thread.java:748)
"EventQueue-PipelineReportForPipelineReportHandler" daemon prio=5 tid=2902 in Object.wait()
java.lang.Thread.State: WAITING (on object monitor)
        at sun.misc.Unsafe.park(Native Method)
        at java.util.concurrent.locks.LockSupport.park(LockSupport.java:175)
        at java.util.concurrent.locks.AbstractQueuedSynchronizer$ConditionObject.await(AbstractQueuedSynchronizer.java:2039)
        at java.util.concurrent.LinkedBlockingQueue.take(LinkedBlockingQueue.java:442)
        at java.util.concurrent.ThreadPoolExecutor.getTask(ThreadPoolExecutor.java:1074)
        at java.util.concurrent.ThreadPoolExecutor.runWorker(ThreadPoolExecutor.java:1134)
        at java.util.concurrent.ThreadPoolExecutor$Worker.run(ThreadPoolExecutor.java:624)
        at java.lang.Thread.run(Thread.java:748)
"9ac24c7e-7e4f-4cef-ab0e-298cb71ae60d@group-D08F3DBE2A41-SegmentedRaftLogWorker"  prio=5 tid=3142 timed_waiting
java.lang.Thread.State: TIMED_WAITING
        at sun.misc.Unsafe.park(Native Method)
        at java.util.concurrent.locks.LockSupport.parkNanos(LockSupport.java:215)
        at java.util.concurrent.locks.AbstractQueuedSynchronizer$ConditionObject.awaitNanos(AbstractQueuedSynchronizer.java:2078)
        at org.apache.ratis.util.DataBlockingQueue.poll(DataBlockingQueue.java:137)
        at org.apache.ratis.server.raftlog.segmented.SegmentedRaftLogWorker.run(SegmentedRaftLogWorker.java:282)
        at java.lang.Thread.run(Thread.java:748)
"pool-218-thread-37"  prio=5 tid=2747 in Object.wait()
java.lang.Thread.State: WAITING (on object monitor)
        at sun.misc.Unsafe.park(Native Method)
        at java.util.concurrent.locks.LockSupport.park(LockSupport.java:175)
        at java.util.concurrent.locks.AbstractQueuedSynchronizer$ConditionObject.await(AbstractQueuedSynchronizer.java:2039)
        at java.util.concurrent.ArrayBlockingQueue.take(ArrayBlockingQueue.java:403)
        at java.util.concurrent.ThreadPoolExecutor.getTask(ThreadPoolExecutor.java:1074)
        at java.util.concurrent.ThreadPoolExecutor.runWorker(ThreadPoolExecutor.java:1134)
        at java.util.concurrent.ThreadPoolExecutor$Worker.run(ThreadPoolExecutor.java:624)
        at java.lang.Thread.run(Thread.java:748)
"IPC Parameter Sending Thread #0" daemon prio=5 tid=105 timed_waiting
java.lang.Thread.State: TIMED_WAITING
        at sun.misc.Unsafe.park(Native Method)
        at java.util.concurrent.locks.LockSupport.parkNanos(LockSupport.java:215)
        at java.util.concurrent.SynchronousQueue$TransferStack.awaitFulfill(SynchronousQueue.java:460)
        at java.util.concurrent.SynchronousQueue$TransferStack.transfer(SynchronousQueue.java:362)
        at java.util.concurrent.SynchronousQueue.poll(SynchronousQueue.java:941)
        at java.util.concurrent.ThreadPoolExecutor.getTask(ThreadPoolExecutor.java:1073)
        at java.util.concurrent.ThreadPoolExecutor.runWorker(ThreadPoolExecutor.java:1134)
        at java.util.concurrent.ThreadPoolExecutor$Worker.run(ThreadPoolExecutor.java:624)
        at java.lang.Thread.run(Thread.java:748)
"pool-148-thread-51"  prio=5 tid=2326 in Object.wait()
java.lang.Thread.State: WAITING (on object monitor)
        at sun.misc.Unsafe.park(Native Method)
        at java.util.concurrent.locks.LockSupport.park(LockSupport.java:175)
        at java.util.concurrent.locks.AbstractQueuedSynchronizer$ConditionObject.await(AbstractQueuedSynchronizer.java:2039)
        at java.util.concurrent.ArrayBlockingQueue.take(ArrayBlockingQueue.java:403)
        at java.util.concurrent.ThreadPoolExecutor.getTask(ThreadPoolExecutor.java:1074)
        at java.util.concurrent.ThreadPoolExecutor.runWorker(ThreadPoolExecutor.java:1134)
        at java.util.concurrent.ThreadPoolExecutor$Worker.run(ThreadPoolExecutor.java:624)
        at java.lang.Thread.run(Thread.java:748)
"8692cc3a-c5e2-4bd5-b878-b8217203f52e@group-1DD6D94E4861-SegmentedRaftLogWorker"  prio=5 tid=3173 timed_waiting
java.lang.Thread.State: TIMED_WAITING
        at sun.misc.Unsafe.park(Native Method)
        at java.util.concurrent.locks.LockSupport.parkNanos(LockSupport.java:215)
        at java.util.concurrent.locks.AbstractQueuedSynchronizer$ConditionObject.awaitNanos(AbstractQueuedSynchronizer.java:2078)
        at org.apache.ratis.util.DataBlockingQueue.poll(DataBlockingQueue.java:137)
        at org.apache.ratis.server.raftlog.segmented.SegmentedRaftLogWorker.run(SegmentedRaftLogWorker.java:282)
        at java.lang.Thread.run(Thread.java:748)
"OMDoubleBufferFlushThread" daemon prio=5 tid=1964 timed_waiting
java.lang.Thread.State: TIMED_WAITING
        at java.lang.Object.wait(Native Method)
        at org.apache.hadoop.ozone.om.ratis.OzoneManagerDoubleBuffer.canFlush(OzoneManagerDoubleBuffer.java:333)
        at org.apache.hadoop.ozone.om.ratis.OzoneManagerDoubleBuffer.flushTransactions(OzoneManagerDoubleBuffer.java:130)
        at org.apache.hadoop.ozone.om.ratis.OzoneManagerDoubleBuffer$$Lambda$48/1914740115.run(Unknown Source)
        at java.lang.Thread.run(Thread.java:748)
"pool-208-thread-36"  prio=5 tid=2684 in Object.wait()
java.lang.Thread.State: WAITING (on object monitor)
        at sun.misc.Unsafe.park(Native Method)
        at java.util.concurrent.locks.LockSupport.park(LockSupport.java:175)
        at java.util.concurrent.locks.AbstractQueuedSynchronizer$ConditionObject.await(AbstractQueuedSynchronizer.java:2039)
        at java.util.concurrent.ArrayBlockingQueue.take(ArrayBlockingQueue.java:403)
        at java.util.concurrent.ThreadPoolExecutor.getTask(ThreadPoolExecutor.java:1074)
        at java.util.concurrent.ThreadPoolExecutor.runWorker(ThreadPoolExecutor.java:1134)
        at java.util.concurrent.ThreadPoolExecutor$Worker.run(ThreadPoolExecutor.java:624)
        at java.lang.Thread.run(Thread.java:748)
"pool-188-thread-12"  prio=5 tid=2536 in Object.wait()
java.lang.Thread.State: WAITING (on object monitor)
        at sun.misc.Unsafe.park(Native Method)
        at java.util.concurrent.locks.LockSupport.park(LockSupport.java:175)
        at java.util.concurrent.locks.AbstractQueuedSynchronizer$ConditionObject.await(AbstractQueuedSynchronizer.java:2039)
        at java.util.concurrent.ArrayBlockingQueue.take(ArrayBlockingQueue.java:403)
        at java.util.concurrent.ThreadPoolExecutor.getTask(ThreadPoolExecutor.java:1074)
        at java.util.concurrent.ThreadPoolExecutor.runWorker(ThreadPoolExecutor.java:1134)
        at java.util.concurrent.ThreadPoolExecutor$Worker.run(ThreadPoolExecutor.java:624)
        at java.lang.Thread.run(Thread.java:748)
"pool-198-thread-5"  prio=5 tid=2591 in Object.wait()
java.lang.Thread.State: WAITING (on object monitor)
        at sun.misc.Unsafe.park(Native Method)
        at java.util.concurrent.locks.LockSupport.park(LockSupport.java:175)
        at java.util.concurrent.locks.AbstractQueuedSynchronizer$ConditionObject.await(AbstractQueuedSynchronizer.java:2039)
        at java.util.concurrent.ArrayBlockingQueue.take(ArrayBlockingQueue.java:403)
        at java.util.concurrent.ThreadPoolExecutor.getTask(ThreadPoolExecutor.java:1074)
        at java.util.concurrent.ThreadPoolExecutor.runWorker(ThreadPoolExecutor.java:1134)
        at java.util.concurrent.ThreadPoolExecutor$Worker.run(ThreadPoolExecutor.java:624)
        at java.lang.Thread.run(Thread.java:748)
"pool-188-thread-26"  prio=5 tid=2550 in Object.wait()
java.lang.Thread.State: WAITING (on object monitor)
        at sun.misc.Unsafe.park(Native Method)
        at java.util.concurrent.locks.LockSupport.park(LockSupport.java:175)
        at java.util.concurrent.locks.AbstractQueuedSynchronizer$ConditionObject.await(AbstractQueuedSynchronizer.java:2039)
        at java.util.concurrent.ArrayBlockingQueue.take(ArrayBlockingQueue.java:403)
        at java.util.concurrent.ThreadPoolExecutor.getTask(ThreadPoolExecutor.java:1074)
        at java.util.concurrent.ThreadPoolExecutor.runWorker(ThreadPoolExecutor.java:1134)
        at java.util.concurrent.ThreadPoolExecutor$Worker.run(ThreadPoolExecutor.java:624)
        at java.lang.Thread.run(Thread.java:748)
"pool-168-thread-37"  prio=5 tid=2437 in Object.wait()
java.lang.Thread.State: WAITING (on object monitor)
        at sun.misc.Unsafe.park(Native Method)
        at java.util.concurrent.locks.LockSupport.park(LockSupport.java:175)
        at java.util.concurrent.locks.AbstractQueuedSynchronizer$ConditionObject.await(AbstractQueuedSynchronizer.java:2039)
        at java.util.concurrent.ArrayBlockingQueue.take(ArrayBlockingQueue.java:403)
        at java.util.concurrent.ThreadPoolExecutor.getTask(ThreadPoolExecutor.java:1074)
        at java.util.concurrent.ThreadPoolExecutor.runWorker(ThreadPoolExecutor.java:1134)
        at java.util.concurrent.ThreadPoolExecutor$Worker.run(ThreadPoolExecutor.java:624)
        at java.lang.Thread.run(Thread.java:748)
"qtp83554564-2260" daemon prio=5 tid=2260 timed_waiting
java.lang.Thread.State: TIMED_WAITING
        at sun.misc.Unsafe.park(Native Method)
        at java.util.concurrent.locks.LockSupport.parkNanos(LockSupport.java:215)
        at java.util.concurrent.locks.AbstractQueuedSynchronizer$ConditionObject.awaitNanos(AbstractQueuedSynchronizer.java:2078)
        at org.eclipse.jetty.util.BlockingArrayQueue.poll(BlockingArrayQueue.java:392)
        at org.eclipse.jetty.util.thread.QueuedThreadPool.idleJobPoll(QueuedThreadPool.java:563)
        at org.eclipse.jetty.util.thread.QueuedThreadPool.access$800(QueuedThreadPool.java:48)
        at org.eclipse.jetty.util.thread.QueuedThreadPool$2.run(QueuedThreadPool.java:626)
        at java.lang.Thread.run(Thread.java:748)
"pool-159-thread-1"  prio=5 tid=2912 in Object.wait()
java.lang.Thread.State: WAITING (on object monitor)
        at sun.misc.Unsafe.park(Native Method)
        at java.util.concurrent.locks.LockSupport.park(LockSupport.java:175)
        at java.util.concurrent.locks.AbstractQueuedSynchronizer$ConditionObject.await(AbstractQueuedSynchronizer.java:2039)
        at java.util.concurrent.LinkedBlockingQueue.take(LinkedBlockingQueue.java:442)
        at java.util.concurrent.ThreadPoolExecutor.getTask(ThreadPoolExecutor.java:1074)
        at java.util.concurrent.ThreadPoolExecutor.runWorker(ThreadPoolExecutor.java:1134)
        at java.util.concurrent.ThreadPoolExecutor$Worker.run(ThreadPoolExecutor.java:624)
        at java.lang.Thread.run(Thread.java:748)
"org.apache.hadoop.util.JvmPauseMonitor$Monitor@5ea12c40" daemon prio=5 tid=2030 timed_waiting
java.lang.Thread.State: TIMED_WAITING
        at java.lang.Thread.sleep(Native Method)
        at org.apache.hadoop.util.JvmPauseMonitor$Monitor.run(JvmPauseMonitor.java:192)
        at java.lang.Thread.run(Thread.java:748)
"org.eclipse.jetty.server.session.HashSessionManager@d48e998Timer" daemon prio=5 tid=2077 timed_waiting
java.lang.Thread.State: TIMED_WAITING
        at sun.misc.Unsafe.park(Native Method)
        at java.util.concurrent.locks.LockSupport.parkNanos(LockSupport.java:215)
        at java.util.concurrent.locks.AbstractQueuedSynchronizer$ConditionObject.awaitNanos(AbstractQueuedSynchronizer.java:2078)
        at java.util.concurrent.ScheduledThreadPoolExecutor$DelayedWorkQueue.take(ScheduledThreadPoolExecutor.java:1093)
        at java.util.concurrent.ScheduledThreadPoolExecutor$DelayedWorkQueue.take(ScheduledThreadPoolExecutor.java:809)
        at java.util.concurrent.ThreadPoolExecutor.getTask(ThreadPoolExecutor.java:1074)
        at java.util.concurrent.ThreadPoolExecutor.runWorker(ThreadPoolExecutor.java:1134)
        at java.util.concurrent.ThreadPoolExecutor$Worker.run(ThreadPoolExecutor.java:624)
        at java.lang.Thread.run(Thread.java:748)
"pool-168-thread-29"  prio=5 tid=2429 in Object.wait()
java.lang.Thread.State: WAITING (on object monitor)
        at sun.misc.Unsafe.park(Native Method)
        at java.util.concurrent.locks.LockSupport.park(LockSupport.java:175)
        at java.util.concurrent.locks.AbstractQueuedSynchronizer$ConditionObject.await(AbstractQueuedSynchronizer.java:2039)
        at java.util.concurrent.ArrayBlockingQueue.take(ArrayBlockingQueue.java:403)
        at java.util.concurrent.ThreadPoolExecutor.getTask(ThreadPoolExecutor.java:1074)
        at java.util.concurrent.ThreadPoolExecutor.runWorker(ThreadPoolExecutor.java:1134)
        at java.util.concurrent.ThreadPoolExecutor$Worker.run(ThreadPoolExecutor.java:624)
        at java.lang.Thread.run(Thread.java:748)
"pool-238-thread-26"  prio=5 tid=2860 in Object.wait()
java.lang.Thread.State: WAITING (on object monitor)
        at sun.misc.Unsafe.park(Native Method)
        at java.util.concurrent.locks.LockSupport.park(LockSupport.java:175)
        at java.util.concurrent.locks.AbstractQueuedSynchronizer$ConditionObject.await(AbstractQueuedSynchronizer.java:2039)
        at java.util.concurrent.ArrayBlockingQueue.take(ArrayBlockingQueue.java:403)
        at java.util.concurrent.ThreadPoolExecutor.getTask(ThreadPoolExecutor.java:1074)
        at java.util.concurrent.ThreadPoolExecutor.runWorker(ThreadPoolExecutor.java:1134)
        at java.util.concurrent.ThreadPoolExecutor$Worker.run(ThreadPoolExecutor.java:624)
        at java.lang.Thread.run(Thread.java:748)
"pool-188-thread-21"  prio=5 tid=2545 in Object.wait()
java.lang.Thread.State: WAITING (on object monitor)
        at sun.misc.Unsafe.park(Native Method)
        at java.util.concurrent.locks.LockSupport.park(LockSupport.java:175)
        at java.util.concurrent.locks.AbstractQueuedSynchronizer$ConditionObject.await(AbstractQueuedSynchronizer.java:2039)
        at java.util.concurrent.ArrayBlockingQueue.take(ArrayBlockingQueue.java:403)
        at java.util.concurrent.ThreadPoolExecutor.getTask(ThreadPoolExecutor.java:1074)
        at java.util.concurrent.ThreadPoolExecutor.runWorker(ThreadPoolExecutor.java:1134)
        at java.util.concurrent.ThreadPoolExecutor$Worker.run(ThreadPoolExecutor.java:624)
        at java.lang.Thread.run(Thread.java:748)
"pool-228-thread-30"  prio=5 tid=2802 in Object.wait()
java.lang.Thread.State: WAITING (on object monitor)
        at sun.misc.Unsafe.park(Native Method)
        at java.util.concurrent.locks.LockSupport.park(LockSupport.java:175)
        at java.util.concurrent.locks.AbstractQueuedSynchronizer$ConditionObject.await(AbstractQueuedSynchronizer.java:2039)
        at java.util.concurrent.ArrayBlockingQueue.take(ArrayBlockingQueue.java:403)
        at java.util.concurrent.ThreadPoolExecutor.getTask(ThreadPoolExecutor.java:1074)
        at java.util.concurrent.ThreadPoolExecutor.runWorker(ThreadPoolExecutor.java:1134)
        at java.util.concurrent.ThreadPoolExecutor$Worker.run(ThreadPoolExecutor.java:624)
        at java.lang.Thread.run(Thread.java:748)
"pool-168-thread-10"  prio=5 tid=2410 in Object.wait()
java.lang.Thread.State: WAITING (on object monitor)
        at sun.misc.Unsafe.park(Native Method)
        at java.util.concurrent.locks.LockSupport.park(LockSupport.java:175)
        at java.util.concurrent.locks.AbstractQueuedSynchronizer$ConditionObject.await(AbstractQueuedSynchronizer.java:2039)
        at java.util.concurrent.ArrayBlockingQueue.take(ArrayBlockingQueue.java:403)
        at java.util.concurrent.ThreadPoolExecutor.getTask(ThreadPoolExecutor.java:1074)
        at java.util.concurrent.ThreadPoolExecutor.runWorker(ThreadPoolExecutor.java:1134)
        at java.util.concurrent.ThreadPoolExecutor$Worker.run(ThreadPoolExecutor.java:624)
        at java.lang.Thread.run(Thread.java:748)
"eccb109f-99d1-4501-bb16-6ecf49b3cdca@group-F658B4985483-SegmentedRaftLogWorker"  prio=5 tid=3160 timed_waiting
java.lang.Thread.State: TIMED_WAITING
        at sun.misc.Unsafe.park(Native Method)
        at java.util.concurrent.locks.LockSupport.parkNanos(LockSupport.java:215)
        at java.util.concurrent.locks.AbstractQueuedSynchronizer$ConditionObject.awaitNanos(AbstractQueuedSynchronizer.java:2078)
        at org.apache.ratis.util.DataBlockingQueue.poll(DataBlockingQueue.java:137)
        at org.apache.ratis.server.raftlog.segmented.SegmentedRaftLogWorker.run(SegmentedRaftLogWorker.java:282)
        at java.lang.Thread.run(Thread.java:748)
"org.eclipse.jetty.server.session.HashSessionManager@2bc7db89Timer" daemon prio=5 tid=2237 timed_waiting
java.lang.Thread.State: TIMED_WAITING
        at sun.misc.Unsafe.park(Native Method)
        at java.util.concurrent.locks.LockSupport.parkNanos(LockSupport.java:215)
        at java.util.concurrent.locks.AbstractQueuedSynchronizer$ConditionObject.awaitNanos(AbstractQueuedSynchronizer.java:2078)
        at java.util.concurrent.ScheduledThreadPoolExecutor$DelayedWorkQueue.take(ScheduledThreadPoolExecutor.java:1093)
        at java.util.concurrent.ScheduledThreadPoolExecutor$DelayedWorkQueue.take(ScheduledThreadPoolExecutor.java:809)
        at java.util.concurrent.ThreadPoolExecutor.getTask(ThreadPoolExecutor.java:1074)
        at java.util.concurrent.ThreadPoolExecutor.runWorker(ThreadPoolExecutor.java:1134)
        at java.util.concurrent.ThreadPoolExecutor$Worker.run(ThreadPoolExecutor.java:624)
        at java.lang.Thread.run(Thread.java:748)
"qtp1583082378-2232" daemon prio=5 tid=2232 timed_waiting
java.lang.Thread.State: TIMED_WAITING
        at sun.misc.Unsafe.park(Native Method)
        at java.util.concurrent.locks.LockSupport.parkNanos(LockSupport.java:215)
        at java.util.concurrent.locks.AbstractQueuedSynchronizer$ConditionObject.awaitNanos(AbstractQueuedSynchronizer.java:2078)
        at org.eclipse.jetty.util.BlockingArrayQueue.poll(BlockingArrayQueue.java:392)
        at org.eclipse.jetty.util.thread.QueuedThreadPool.idleJobPoll(QueuedThreadPool.java:563)
        at org.eclipse.jetty.util.thread.QueuedThreadPool.access$800(QueuedThreadPool.java:48)
        at org.eclipse.jetty.util.thread.QueuedThreadPool$2.run(QueuedThreadPool.java:626)
        at java.lang.Thread.run(Thread.java:748)
"qtp457245448-2095-acceptor-0@32c4363c-ServerConnector@60a7e509{HTTP/1.1,[http/1.1]}{0.0.0.0:45198}" daemon prio=3 tid=2095 runnable
java.lang.Thread.State: RUNNABLE
        at sun.nio.ch.ServerSocketChannelImpl.accept0(Native Method)
        at sun.nio.ch.ServerSocketChannelImpl.accept(ServerSocketChannelImpl.java:422)
        at sun.nio.ch.ServerSocketChannelImpl.accept(ServerSocketChannelImpl.java:250)
        at org.eclipse.jetty.server.ServerConnector.accept(ServerConnector.java:397)
        at org.eclipse.jetty.server.AbstractConnector$Acceptor.run(AbstractConnector.java:601)
        at org.eclipse.jetty.util.thread.QueuedThreadPool.runJob(QueuedThreadPool.java:671)
        at org.eclipse.jetty.util.thread.QueuedThreadPool$2.run(QueuedThreadPool.java:589)
        at java.lang.Thread.run(Thread.java:748)
"pool-198-thread-13"  prio=5 tid=2599 in Object.wait()
java.lang.Thread.State: WAITING (on object monitor)
        at sun.misc.Unsafe.park(Native Method)
        at java.util.concurrent.locks.LockSupport.park(LockSupport.java:175)
        at java.util.concurrent.locks.AbstractQueuedSynchronizer$ConditionObject.await(AbstractQueuedSynchronizer.java:2039)
        at java.util.concurrent.ArrayBlockingQueue.take(ArrayBlockingQueue.java:403)
        at java.util.concurrent.ThreadPoolExecutor.getTask(ThreadPoolExecutor.java:1074)
        at java.util.concurrent.ThreadPoolExecutor.runWorker(ThreadPoolExecutor.java:1134)
        at java.util.concurrent.ThreadPoolExecutor$Worker.run(ThreadPoolExecutor.java:624)
        at java.lang.Thread.run(Thread.java:748)
"pool-158-thread-45"  prio=5 tid=2383 in Object.wait()
java.lang.Thread.State: WAITING (on object monitor)
        at sun.misc.Unsafe.park(Native Method)
        at java.util.concurrent.locks.LockSupport.park(LockSupport.java:175)
        at java.util.concurrent.locks.AbstractQueuedSynchronizer$ConditionObject.await(AbstractQueuedSynchronizer.java:2039)
        at java.util.concurrent.ArrayBlockingQueue.take(ArrayBlockingQueue.java:403)
        at java.util.concurrent.ThreadPoolExecutor.getTask(ThreadPoolExecutor.java:1074)
        at java.util.concurrent.ThreadPoolExecutor.runWorker(ThreadPoolExecutor.java:1134)
        at java.util.concurrent.ThreadPoolExecutor$Worker.run(ThreadPoolExecutor.java:624)
        at java.lang.Thread.run(Thread.java:748)
"pool-158-thread-43"  prio=5 tid=2381 in Object.wait()
java.lang.Thread.State: WAITING (on object monitor)
        at sun.misc.Unsafe.park(Native Method)
        at java.util.concurrent.locks.LockSupport.park(LockSupport.java:175)
        at java.util.concurrent.locks.AbstractQueuedSynchronizer$ConditionObject.await(AbstractQueuedSynchronizer.java:2039)
        at java.util.concurrent.ArrayBlockingQueue.take(ArrayBlockingQueue.java:403)
        at java.util.concurrent.ThreadPoolExecutor.getTask(ThreadPoolExecutor.java:1074)
        at java.util.concurrent.ThreadPoolExecutor.runWorker(ThreadPoolExecutor.java:1134)
        at java.util.concurrent.ThreadPoolExecutor$Worker.run(ThreadPoolExecutor.java:624)
        at java.lang.Thread.run(Thread.java:748)
"pool-198-thread-4"  prio=5 tid=2590 in Object.wait()
java.lang.Thread.State: WAITING (on object monitor)
        at sun.misc.Unsafe.park(Native Method)
        at java.util.concurrent.locks.LockSupport.park(LockSupport.java:175)
        at java.util.concurrent.locks.AbstractQueuedSynchronizer$ConditionObject.await(AbstractQueuedSynchronizer.java:2039)
        at java.util.concurrent.ArrayBlockingQueue.take(ArrayBlockingQueue.java:403)
        at java.util.concurrent.ThreadPoolExecutor.getTask(ThreadPoolExecutor.java:1074)
        at java.util.concurrent.ThreadPoolExecutor.runWorker(ThreadPoolExecutor.java:1134)
        at java.util.concurrent.ThreadPoolExecutor$Worker.run(ThreadPoolExecutor.java:624)
        at java.lang.Thread.run(Thread.java:748)
"PartialTableCache Cleanup Thread - 0" daemon prio=5 tid=1338 in Object.wait()
java.lang.Thread.State: WAITING (on object monitor)
        at sun.misc.Unsafe.park(Native Method)
        at java.util.concurrent.locks.LockSupport.park(LockSupport.java:175)
        at java.util.concurrent.locks.AbstractQueuedSynchronizer$ConditionObject.await(AbstractQueuedSynchronizer.java:2039)
        at java.util.concurrent.LinkedBlockingQueue.take(LinkedBlockingQueue.java:442)
        at java.util.concurrent.ThreadPoolExecutor.getTask(ThreadPoolExecutor.java:1074)
        at java.util.concurrent.ThreadPoolExecutor.runWorker(ThreadPoolExecutor.java:1134)
        at java.util.concurrent.ThreadPoolExecutor$Worker.run(ThreadPoolExecutor.java:624)
        at java.lang.Thread.run(Thread.java:748)
"pool-178-thread-24"  prio=5 tid=2486 in Object.wait()
java.lang.Thread.State: WAITING (on object monitor)
        at sun.misc.Unsafe.park(Native Method)
        at java.util.concurrent.locks.LockSupport.park(LockSupport.java:175)
        at java.util.concurrent.locks.AbstractQueuedSynchronizer$ConditionObject.await(AbstractQueuedSynchronizer.java:2039)
        at java.util.concurrent.ArrayBlockingQueue.take(ArrayBlockingQueue.java:403)
        at java.util.concurrent.ThreadPoolExecutor.getTask(ThreadPoolExecutor.java:1074)
        at java.util.concurrent.ThreadPoolExecutor.runWorker(ThreadPoolExecutor.java:1134)
        at java.util.concurrent.ThreadPoolExecutor$Worker.run(ThreadPoolExecutor.java:624)
        at java.lang.Thread.run(Thread.java:748)
"pool-168-thread-54"  prio=5 tid=2454 in Object.wait()
java.lang.Thread.State: WAITING (on object monitor)
        at sun.misc.Unsafe.park(Native Method)
        at java.util.concurrent.locks.LockSupport.park(LockSupport.java:175)
        at java.util.concurrent.locks.AbstractQueuedSynchronizer$ConditionObject.await(AbstractQueuedSynchronizer.java:2039)
        at java.util.concurrent.ArrayBlockingQueue.take(ArrayBlockingQueue.java:403)
        at java.util.concurrent.ThreadPoolExecutor.getTask(ThreadPoolExecutor.java:1074)
        at java.util.concurrent.ThreadPoolExecutor.runWorker(ThreadPoolExecutor.java:1134)
        at java.util.concurrent.ThreadPoolExecutor$Worker.run(ThreadPoolExecutor.java:624)
        at java.lang.Thread.run(Thread.java:748)
"pool-148-thread-54"  prio=5 tid=2329 in Object.wait()
java.lang.Thread.State: WAITING (on object monitor)
        at sun.misc.Unsafe.park(Native Method)
        at java.util.concurrent.locks.LockSupport.park(LockSupport.java:175)
        at java.util.concurrent.locks.AbstractQueuedSynchronizer$ConditionObject.await(AbstractQueuedSynchronizer.java:2039)
        at java.util.concurrent.ArrayBlockingQueue.take(ArrayBlockingQueue.java:403)
        at java.util.concurrent.ThreadPoolExecutor.getTask(ThreadPoolExecutor.java:1074)
        at java.util.concurrent.ThreadPoolExecutor.runWorker(ThreadPoolExecutor.java:1134)
        at java.util.concurrent.ThreadPoolExecutor$Worker.run(ThreadPoolExecutor.java:624)
        at java.lang.Thread.run(Thread.java:748)
"qtp843410864-2179" daemon prio=5 tid=2179 timed_waiting
java.lang.Thread.State: TIMED_WAITING
        at sun.misc.Unsafe.park(Native Method)
        at java.util.concurrent.locks.LockSupport.parkNanos(LockSupport.java:215)
        at java.util.concurrent.locks.AbstractQueuedSynchronizer$ConditionObject.awaitNanos(AbstractQueuedSynchronizer.java:2078)
        at org.eclipse.jetty.util.BlockingArrayQueue.poll(BlockingArrayQueue.java:392)
        at org.eclipse.jetty.util.thread.QueuedThreadPool.idleJobPoll(QueuedThreadPool.java:563)
        at org.eclipse.jetty.util.thread.QueuedThreadPool.access$800(QueuedThreadPool.java:48)
        at org.eclipse.jetty.util.thread.QueuedThreadPool$2.run(QueuedThreadPool.java:626)
        at java.lang.Thread.run(Thread.java:748)
"pool-188-thread-53"  prio=5 tid=2577 in Object.wait()
java.lang.Thread.State: WAITING (on object monitor)
        at sun.misc.Unsafe.park(Native Method)
        at java.util.concurrent.locks.LockSupport.park(LockSupport.java:175)
        at java.util.concurrent.locks.AbstractQueuedSynchronizer$ConditionObject.await(AbstractQueuedSynchronizer.java:2039)
        at java.util.concurrent.ArrayBlockingQueue.take(ArrayBlockingQueue.java:403)
        at java.util.concurrent.ThreadPoolExecutor.getTask(ThreadPoolExecutor.java:1074)
        at java.util.concurrent.ThreadPoolExecutor.runWorker(ThreadPoolExecutor.java:1134)
        at java.util.concurrent.ThreadPoolExecutor$Worker.run(ThreadPoolExecutor.java:624)
        at java.lang.Thread.run(Thread.java:748)
"qtp2120404899-2149-acceptor-0@61329685-ServerConnector@68b366e2{HTTP/1.1,[http/1.1]}{0.0.0.0:33085}" daemon prio=3 tid=2149 runnable
java.lang.Thread.State: RUNNABLE
        at sun.nio.ch.ServerSocketChannelImpl.accept0(Native Method)
        at sun.nio.ch.ServerSocketChannelImpl.accept(ServerSocketChannelImpl.java:422)
        at sun.nio.ch.ServerSocketChannelImpl.accept(ServerSocketChannelImpl.java:250)
        at org.eclipse.jetty.server.ServerConnector.accept(ServerConnector.java:397)
        at org.eclipse.jetty.server.AbstractConnector$Acceptor.run(AbstractConnector.java:601)
        at org.eclipse.jetty.util.thread.QueuedThreadPool.runJob(QueuedThreadPool.java:671)
        at org.eclipse.jetty.util.thread.QueuedThreadPool$2.run(QueuedThreadPool.java:589)
        at java.lang.Thread.run(Thread.java:748)
"pool-238-thread-51"  prio=5 tid=2885 in Object.wait()
java.lang.Thread.State: WAITING (on object monitor)
        at sun.misc.Unsafe.park(Native Method)
        at java.util.concurrent.locks.LockSupport.park(LockSupport.java:175)
        at java.util.concurrent.locks.AbstractQueuedSynchronizer$ConditionObject.await(AbstractQueuedSynchronizer.java:2039)
        at java.util.concurrent.ArrayBlockingQueue.take(ArrayBlockingQueue.java:403)
        at java.util.concurrent.ThreadPoolExecutor.getTask(ThreadPoolExecutor.java:1074)
        at java.util.concurrent.ThreadPoolExecutor.runWorker(ThreadPoolExecutor.java:1134)
        at java.util.concurrent.ThreadPoolExecutor$Worker.run(ThreadPoolExecutor.java:624)
        at java.lang.Thread.run(Thread.java:748)
"pool-168-thread-36"  prio=5 tid=2436 in Object.wait()
java.lang.Thread.State: WAITING (on object monitor)
        at sun.misc.Unsafe.park(Native Method)
        at java.util.concurrent.locks.LockSupport.park(LockSupport.java:175)
        at java.util.concurrent.locks.AbstractQueuedSynchronizer$ConditionObject.await(AbstractQueuedSynchronizer.java:2039)
        at java.util.concurrent.ArrayBlockingQueue.take(ArrayBlockingQueue.java:403)
        at java.util.concurrent.ThreadPoolExecutor.getTask(ThreadPoolExecutor.java:1074)
        at java.util.concurrent.ThreadPoolExecutor.runWorker(ThreadPoolExecutor.java:1134)
        at java.util.concurrent.ThreadPoolExecutor$Worker.run(ThreadPoolExecutor.java:624)
        at java.lang.Thread.run(Thread.java:748)
"pool-208-thread-44"  prio=5 tid=2692 in Object.wait()
java.lang.Thread.State: WAITING (on object monitor)
        at sun.misc.Unsafe.park(Native Method)
        at java.util.concurrent.locks.LockSupport.park(LockSupport.java:175)
        at java.util.concurrent.locks.AbstractQueuedSynchronizer$ConditionObject.await(AbstractQueuedSynchronizer.java:2039)
        at java.util.concurrent.ArrayBlockingQueue.take(ArrayBlockingQueue.java:403)
        at java.util.concurrent.ThreadPoolExecutor.getTask(ThreadPoolExecutor.java:1074)
        at java.util.concurrent.ThreadPoolExecutor.runWorker(ThreadPoolExecutor.java:1134)
        at java.util.concurrent.ThreadPoolExecutor$Worker.run(ThreadPoolExecutor.java:624)
        at java.lang.Thread.run(Thread.java:748)
"pool-228-thread-58"  prio=5 tid=2830 in Object.wait()
java.lang.Thread.State: WAITING (on object monitor)
        at sun.misc.Unsafe.park(Native Method)
        at java.util.concurrent.locks.LockSupport.park(LockSupport.java:175)
        at java.util.concurrent.locks.AbstractQueuedSynchronizer$ConditionObject.await(AbstractQueuedSynchronizer.java:2039)
        at java.util.concurrent.ArrayBlockingQueue.take(ArrayBlockingQueue.java:403)
        at java.util.concurrent.ThreadPoolExecutor.getTask(ThreadPoolExecutor.java:1074)
        at java.util.concurrent.ThreadPoolExecutor.runWorker(ThreadPoolExecutor.java:1134)
        at java.util.concurrent.ThreadPoolExecutor$Worker.run(ThreadPoolExecutor.java:624)
        at java.lang.Thread.run(Thread.java:748)
"IPC Server handler 7 on 39845" daemon prio=5 tid=1936 timed_waiting
java.lang.Thread.State: TIMED_WAITING
        at sun.misc.Unsafe.park(Native Method)
        at java.util.concurrent.locks.LockSupport.parkNanos(LockSupport.java:215)
        at java.util.concurrent.locks.AbstractQueuedSynchronizer$ConditionObject.awaitNanos(AbstractQueuedSynchronizer.java:2078)
        at java.util.concurrent.LinkedBlockingQueue.poll(LinkedBlockingQueue.java:467)
        at org.apache.hadoop.ipc.CallQueueManager.take(CallQueueManager.java:288)
        at org.apache.hadoop.ipc.Server$Handler.run(Server.java:2668)
"pool-198-thread-15"  prio=5 tid=2601 in Object.wait()
java.lang.Thread.State: WAITING (on object monitor)
        at sun.misc.Unsafe.park(Native Method)
        at java.util.concurrent.locks.LockSupport.park(LockSupport.java:175)
        at java.util.concurrent.locks.AbstractQueuedSynchronizer$ConditionObject.await(AbstractQueuedSynchronizer.java:2039)
        at java.util.concurrent.ArrayBlockingQueue.take(ArrayBlockingQueue.java:403)
        at java.util.concurrent.ThreadPoolExecutor.getTask(ThreadPoolExecutor.java:1074)
        at java.util.concurrent.ThreadPoolExecutor.runWorker(ThreadPoolExecutor.java:1134)
        at java.util.concurrent.ThreadPoolExecutor$Worker.run(ThreadPoolExecutor.java:624)
        at java.lang.Thread.run(Thread.java:748)
"pool-148-thread-50"  prio=5 tid=2325 in Object.wait()
java.lang.Thread.State: WAITING (on object monitor)
        at sun.misc.Unsafe.park(Native Method)
        at java.util.concurrent.locks.LockSupport.park(LockSupport.java:175)
        at java.util.concurrent.locks.AbstractQueuedSynchronizer$ConditionObject.await(AbstractQueuedSynchronizer.java:2039)
        at java.util.concurrent.ArrayBlockingQueue.take(ArrayBlockingQueue.java:403)
        at java.util.concurrent.ThreadPoolExecutor.getTask(ThreadPoolExecutor.java:1074)
        at java.util.concurrent.ThreadPoolExecutor.runWorker(ThreadPoolExecutor.java:1134)
        at java.util.concurrent.ThreadPoolExecutor$Worker.run(ThreadPoolExecutor.java:624)
        at java.lang.Thread.run(Thread.java:748)
"pool-148-thread-57"  prio=5 tid=2332 in Object.wait()
java.lang.Thread.State: WAITING (on object monitor)
        at sun.misc.Unsafe.park(Native Method)
        at java.util.concurrent.locks.LockSupport.park(LockSupport.java:175)
        at java.util.concurrent.locks.AbstractQueuedSynchronizer$ConditionObject.await(AbstractQueuedSynchronizer.java:2039)
        at java.util.concurrent.ArrayBlockingQueue.take(ArrayBlockingQueue.java:403)
        at java.util.concurrent.ThreadPoolExecutor.getTask(ThreadPoolExecutor.java:1074)
        at java.util.concurrent.ThreadPoolExecutor.runWorker(ThreadPoolExecutor.java:1134)
        at java.util.concurrent.ThreadPoolExecutor$Worker.run(ThreadPoolExecutor.java:624)
        at java.lang.Thread.run(Thread.java:748)
"qtp377667724-1997" daemon prio=5 tid=1997 timed_waiting
java.lang.Thread.State: TIMED_WAITING
        at sun.misc.Unsafe.park(Native Method)
        at java.util.concurrent.locks.LockSupport.parkNanos(LockSupport.java:215)
        at java.util.concurrent.locks.AbstractQueuedSynchronizer$ConditionObject.awaitNanos(AbstractQueuedSynchronizer.java:2078)
        at org.eclipse.jetty.util.BlockingArrayQueue.poll(BlockingArrayQueue.java:392)
        at org.eclipse.jetty.util.thread.QueuedThreadPool.idleJobPoll(QueuedThreadPool.java:563)
        at org.eclipse.jetty.util.thread.QueuedThreadPool.access$800(QueuedThreadPool.java:48)
        at org.eclipse.jetty.util.thread.QueuedThreadPool$2.run(QueuedThreadPool.java:626)
        at java.lang.Thread.run(Thread.java:748)
"pool-188-thread-28"  prio=5 tid=2552 in Object.wait()
java.lang.Thread.State: WAITING (on object monitor)
        at sun.misc.Unsafe.park(Native Method)
        at java.util.concurrent.locks.LockSupport.park(LockSupport.java:175)
        at java.util.concurrent.locks.AbstractQueuedSynchronizer$ConditionObject.await(AbstractQueuedSynchronizer.java:2039)
        at java.util.concurrent.ArrayBlockingQueue.take(ArrayBlockingQueue.java:403)
        at java.util.concurrent.ThreadPoolExecutor.getTask(ThreadPoolExecutor.java:1074)
        at java.util.concurrent.ThreadPoolExecutor.runWorker(ThreadPoolExecutor.java:1134)
        at java.util.concurrent.ThreadPoolExecutor$Worker.run(ThreadPoolExecutor.java:624)
        at java.lang.Thread.run(Thread.java:748)
"org.eclipse.jetty.server.session.HashSessionManager@6e03db1fTimer" daemon prio=5 tid=2001 timed_waiting
java.lang.Thread.State: TIMED_WAITING
        at sun.misc.Unsafe.park(Native Method)
        at java.util.concurrent.locks.LockSupport.parkNanos(LockSupport.java:215)
        at java.util.concurrent.locks.AbstractQueuedSynchronizer$ConditionObject.awaitNanos(AbstractQueuedSynchronizer.java:2078)
        at java.util.concurrent.ScheduledThreadPoolExecutor$DelayedWorkQueue.take(ScheduledThreadPoolExecutor.java:1093)
        at java.util.concurrent.ScheduledThreadPoolExecutor$DelayedWorkQueue.take(ScheduledThreadPoolExecutor.java:809)
        at java.util.concurrent.ThreadPoolExecutor.getTask(ThreadPoolExecutor.java:1074)
        at java.util.concurrent.ThreadPoolExecutor.runWorker(ThreadPoolExecutor.java:1134)
        at java.util.concurrent.ThreadPoolExecutor$Worker.run(ThreadPoolExecutor.java:624)
        at java.lang.Thread.run(Thread.java:748)
"pool-228-thread-52"  prio=5 tid=2824 in Object.wait()
java.lang.Thread.State: WAITING (on object monitor)
        at sun.misc.Unsafe.park(Native Method)
        at java.util.concurrent.locks.LockSupport.park(LockSupport.java:175)
        at java.util.concurrent.locks.AbstractQueuedSynchronizer$ConditionObject.await(AbstractQueuedSynchronizer.java:2039)
        at java.util.concurrent.ArrayBlockingQueue.take(ArrayBlockingQueue.java:403)
        at java.util.concurrent.ThreadPoolExecutor.getTask(ThreadPoolExecutor.java:1074)
        at java.util.concurrent.ThreadPoolExecutor.runWorker(ThreadPoolExecutor.java:1134)
        at java.util.concurrent.ThreadPoolExecutor$Worker.run(ThreadPoolExecutor.java:624)
        at java.lang.Thread.run(Thread.java:748)
"pool-152-thread-1"  prio=5 tid=2012 timed_waiting
java.lang.Thread.State: TIMED_WAITING
        at sun.misc.Unsafe.park(Native Method)
        at java.util.concurrent.locks.LockSupport.parkNanos(LockSupport.java:215)
        at java.util.concurrent.locks.AbstractQueuedSynchronizer$ConditionObject.awaitNanos(AbstractQueuedSynchronizer.java:2078)
        at java.util.concurrent.ScheduledThreadPoolExecutor$DelayedWorkQueue.take(ScheduledThreadPoolExecutor.java:1093)
        at java.util.concurrent.ScheduledThreadPoolExecutor$DelayedWorkQueue.take(ScheduledThreadPoolExecutor.java:809)
        at java.util.concurrent.ThreadPoolExecutor.getTask(ThreadPoolExecutor.java:1074)
        at java.util.concurrent.ThreadPoolExecutor.runWorker(ThreadPoolExecutor.java:1134)
        at java.util.concurrent.ThreadPoolExecutor$Worker.run(ThreadPoolExecutor.java:624)
        at java.lang.Thread.run(Thread.java:748)
"pool-228-thread-60"  prio=5 tid=2832 in Object.wait()
java.lang.Thread.State: WAITING (on object monitor)
        at sun.misc.Unsafe.park(Native Method)
        at java.util.concurrent.locks.LockSupport.park(LockSupport.java:175)
        at java.util.concurrent.locks.AbstractQueuedSynchronizer$ConditionObject.await(AbstractQueuedSynchronizer.java:2039)
        at java.util.concurrent.ArrayBlockingQueue.take(ArrayBlockingQueue.java:403)
        at java.util.concurrent.ThreadPoolExecutor.getTask(ThreadPoolExecutor.java:1074)
        at java.util.concurrent.ThreadPoolExecutor.runWorker(ThreadPoolExecutor.java:1134)
        at java.util.concurrent.ThreadPoolExecutor$Worker.run(ThreadPoolExecutor.java:624)
        at java.lang.Thread.run(Thread.java:748)
"Datanode ReportManager Thread - 3" daemon prio=5 tid=2163 in Object.wait()
java.lang.Thread.State: WAITING (on object monitor)
        at sun.misc.Unsafe.park(Native Method)
        at java.util.concurrent.locks.LockSupport.park(LockSupport.java:175)
        at java.util.concurrent.locks.AbstractQueuedSynchronizer$ConditionObject.await(AbstractQueuedSynchronizer.java:2039)
        at java.util.concurrent.ScheduledThreadPoolExecutor$DelayedWorkQueue.take(ScheduledThreadPoolExecutor.java:1088)
        at java.util.concurrent.ScheduledThreadPoolExecutor$DelayedWorkQueue.take(ScheduledThreadPoolExecutor.java:809)
        at java.util.concurrent.ThreadPoolExecutor.getTask(ThreadPoolExecutor.java:1074)
        at java.util.concurrent.ThreadPoolExecutor.runWorker(ThreadPoolExecutor.java:1134)
        at java.util.concurrent.ThreadPoolExecutor$Worker.run(ThreadPoolExecutor.java:624)
        at java.lang.Thread.run(Thread.java:748)
"pool-148-thread-58"  prio=5 tid=2333 in Object.wait()
java.lang.Thread.State: WAITING (on object monitor)
        at sun.misc.Unsafe.park(Native Method)
        at java.util.concurrent.locks.LockSupport.park(LockSupport.java:175)
        at java.util.concurrent.locks.AbstractQueuedSynchronizer$ConditionObject.await(AbstractQueuedSynchronizer.java:2039)
        at java.util.concurrent.ArrayBlockingQueue.take(ArrayBlockingQueue.java:403)
        at java.util.concurrent.ThreadPoolExecutor.getTask(ThreadPoolExecutor.java:1074)
        at java.util.concurrent.ThreadPoolExecutor.runWorker(ThreadPoolExecutor.java:1134)
        at java.util.concurrent.ThreadPoolExecutor$Worker.run(ThreadPoolExecutor.java:624)
        at java.lang.Thread.run(Thread.java:748)
"Socket Reader #1 for port 35120"  prio=5 tid=1883 runnable
java.lang.Thread.State: RUNNABLE
        at sun.nio.ch.EPollArrayWrapper.epollWait(Native Method)
        at sun.nio.ch.EPollArrayWrapper.poll(EPollArrayWrapper.java:269)
        at sun.nio.ch.EPollSelectorImpl.doSelect(EPollSelectorImpl.java:93)
        at sun.nio.ch.SelectorImpl.lockAndDoSelect(SelectorImpl.java:86)
        at sun.nio.ch.SelectorImpl.select(SelectorImpl.java:97)
        at sun.nio.ch.SelectorImpl.select(SelectorImpl.java:101)
        at org.apache.hadoop.ipc.Server$Listener$Reader.doRunLoop(Server.java:1097)
        at org.apache.hadoop.ipc.Server$Listener$Reader.run(Server.java:1076)
"qtp98459285-1953" daemon prio=5 tid=1953 timed_waiting
java.lang.Thread.State: TIMED_WAITING
        at sun.misc.Unsafe.park(Native Method)
        at java.util.concurrent.locks.LockSupport.parkNanos(LockSupport.java:215)
        at java.util.concurrent.locks.AbstractQueuedSynchronizer$ConditionObject.awaitNanos(AbstractQueuedSynchronizer.java:2078)
        at org.eclipse.jetty.util.BlockingArrayQueue.poll(BlockingArrayQueue.java:392)
        at org.eclipse.jetty.util.thread.QueuedThreadPool.idleJobPoll(QueuedThreadPool.java:563)
        at org.eclipse.jetty.util.thread.QueuedThreadPool.access$800(QueuedThreadPool.java:48)
        at org.eclipse.jetty.util.thread.QueuedThreadPool$2.run(QueuedThreadPool.java:626)
        at java.lang.Thread.run(Thread.java:748)
"Datanode ReportManager Thread - 1" daemon prio=5 tid=2026 timed_waiting
java.lang.Thread.State: TIMED_WAITING
        at sun.misc.Unsafe.park(Native Method)
        at java.util.concurrent.locks.LockSupport.parkNanos(LockSupport.java:215)
        at java.util.concurrent.locks.AbstractQueuedSynchronizer$ConditionObject.awaitNanos(AbstractQueuedSynchronizer.java:2078)
        at java.util.concurrent.ScheduledThreadPoolExecutor$DelayedWorkQueue.take(ScheduledThreadPoolExecutor.java:1093)
        at java.util.concurrent.ScheduledThreadPoolExecutor$DelayedWorkQueue.take(ScheduledThreadPoolExecutor.java:809)
        at java.util.concurrent.ThreadPoolExecutor.getTask(ThreadPoolExecutor.java:1074)
        at java.util.concurrent.ThreadPoolExecutor.runWorker(ThreadPoolExecutor.java:1134)
        at java.util.concurrent.ThreadPoolExecutor$Worker.run(ThreadPoolExecutor.java:624)
        at java.lang.Thread.run(Thread.java:748)
"qtp98459285-1952" daemon prio=5 tid=1952 timed_waiting
java.lang.Thread.State: TIMED_WAITING
        at sun.misc.Unsafe.park(Native Method)
        at java.util.concurrent.locks.LockSupport.parkNanos(LockSupport.java:215)
        at java.util.concurrent.locks.AbstractQueuedSynchronizer$ConditionObject.awaitNanos(AbstractQueuedSynchronizer.java:2078)
        at org.eclipse.jetty.util.BlockingArrayQueue.poll(BlockingArrayQueue.java:392)
        at org.eclipse.jetty.util.thread.QueuedThreadPool.idleJobPoll(QueuedThreadPool.java:563)
        at org.eclipse.jetty.util.thread.QueuedThreadPool.access$800(QueuedThreadPool.java:48)
        at org.eclipse.jetty.util.thread.QueuedThreadPool$2.run(QueuedThreadPool.java:626)
        at java.lang.Thread.run(Thread.java:748)
"IPC Server handler 6 on 40581" daemon prio=5 tid=1915 timed_waiting
java.lang.Thread.State: TIMED_WAITING
        at sun.misc.Unsafe.park(Native Method)
        at java.util.concurrent.locks.LockSupport.parkNanos(LockSupport.java:215)
        at java.util.concurrent.locks.AbstractQueuedSynchronizer$ConditionObject.awaitNanos(AbstractQueuedSynchronizer.java:2078)
        at java.util.concurrent.LinkedBlockingQueue.poll(LinkedBlockingQueue.java:467)
        at org.apache.hadoop.ipc.CallQueueManager.take(CallQueueManager.java:288)
        at org.apache.hadoop.ipc.Server$Handler.run(Server.java:2668)
"pool-238-thread-49"  prio=5 tid=2883 in Object.wait()
java.lang.Thread.State: WAITING (on object monitor)
        at sun.misc.Unsafe.park(Native Method)
        at java.util.concurrent.locks.LockSupport.park(LockSupport.java:175)
        at java.util.concurrent.locks.AbstractQueuedSynchronizer$ConditionObject.await(AbstractQueuedSynchronizer.java:2039)
        at java.util.concurrent.ArrayBlockingQueue.take(ArrayBlockingQueue.java:403)
        at java.util.concurrent.ThreadPoolExecutor.getTask(ThreadPoolExecutor.java:1074)
        at java.util.concurrent.ThreadPoolExecutor.runWorker(ThreadPoolExecutor.java:1134)
        at java.util.concurrent.ThreadPoolExecutor$Worker.run(ThreadPoolExecutor.java:624)
        at java.lang.Thread.run(Thread.java:748)
"pool-228-thread-36"  prio=5 tid=2808 in Object.wait()
java.lang.Thread.State: WAITING (on object monitor)
        at sun.misc.Unsafe.park(Native Method)
        at java.util.concurrent.locks.LockSupport.park(LockSupport.java:175)
        at java.util.concurrent.locks.AbstractQueuedSynchronizer$ConditionObject.await(AbstractQueuedSynchronizer.java:2039)
        at java.util.concurrent.ArrayBlockingQueue.take(ArrayBlockingQueue.java:403)
        at java.util.concurrent.ThreadPoolExecutor.getTask(ThreadPoolExecutor.java:1074)
        at java.util.concurrent.ThreadPoolExecutor.runWorker(ThreadPoolExecutor.java:1134)
        at java.util.concurrent.ThreadPoolExecutor$Worker.run(ThreadPoolExecutor.java:624)
        at java.lang.Thread.run(Thread.java:748)
"pool-218-thread-1"  prio=5 tid=2711 in Object.wait()
java.lang.Thread.State: WAITING (on object monitor)
        at sun.misc.Unsafe.park(Native Method)
        at java.util.concurrent.locks.LockSupport.park(LockSupport.java:175)
        at java.util.concurrent.locks.AbstractQueuedSynchronizer$ConditionObject.await(AbstractQueuedSynchronizer.java:2039)
        at java.util.concurrent.ArrayBlockingQueue.take(ArrayBlockingQueue.java:403)
        at java.util.concurrent.ThreadPoolExecutor.getTask(ThreadPoolExecutor.java:1074)
        at java.util.concurrent.ThreadPoolExecutor.runWorker(ThreadPoolExecutor.java:1134)
        at java.util.concurrent.ThreadPoolExecutor$Worker.run(ThreadPoolExecutor.java:624)
        at java.lang.Thread.run(Thread.java:748)
"PartialTableCache Cleanup Thread - 0" daemon prio=5 tid=1334 in Object.wait()
java.lang.Thread.State: WAITING (on object monitor)
        at sun.misc.Unsafe.park(Native Method)
        at java.util.concurrent.locks.LockSupport.park(LockSupport.java:175)
        at java.util.concurrent.locks.AbstractQueuedSynchronizer$ConditionObject.await(AbstractQueuedSynchronizer.java:2039)
        at java.util.concurrent.LinkedBlockingQueue.take(LinkedBlockingQueue.java:442)
        at java.util.concurrent.ThreadPoolExecutor.getTask(ThreadPoolExecutor.java:1074)
        at java.util.concurrent.ThreadPoolExecutor.runWorker(ThreadPoolExecutor.java:1134)
        at java.util.concurrent.ThreadPoolExecutor$Worker.run(ThreadPoolExecutor.java:624)
        at java.lang.Thread.run(Thread.java:748)
"pool-208-thread-11"  prio=5 tid=2659 in Object.wait()
java.lang.Thread.State: WAITING (on object monitor)
        at sun.misc.Unsafe.park(Native Method)
        at java.util.concurrent.locks.LockSupport.park(LockSupport.java:175)
        at java.util.concurrent.locks.AbstractQueuedSynchronizer$ConditionObject.await(AbstractQueuedSynchronizer.java:2039)
        at java.util.concurrent.ArrayBlockingQueue.take(ArrayBlockingQueue.java:403)
        at java.util.concurrent.ThreadPoolExecutor.getTask(ThreadPoolExecutor.java:1074)
        at java.util.concurrent.ThreadPoolExecutor.runWorker(ThreadPoolExecutor.java:1134)
        at java.util.concurrent.ThreadPoolExecutor$Worker.run(ThreadPoolExecutor.java:624)
        at java.lang.Thread.run(Thread.java:748)
"pool-188-thread-43"  prio=5 tid=2567 in Object.wait()
java.lang.Thread.State: WAITING (on object monitor)
        at sun.misc.Unsafe.park(Native Method)
        at java.util.concurrent.locks.LockSupport.park(LockSupport.java:175)
        at java.util.concurrent.locks.AbstractQueuedSynchronizer$ConditionObject.await(AbstractQueuedSynchronizer.java:2039)
        at java.util.concurrent.ArrayBlockingQueue.take(ArrayBlockingQueue.java:403)
        at java.util.concurrent.ThreadPoolExecutor.getTask(ThreadPoolExecutor.java:1074)
        at java.util.concurrent.ThreadPoolExecutor.runWorker(ThreadPoolExecutor.java:1134)
        at java.util.concurrent.ThreadPoolExecutor$Worker.run(ThreadPoolExecutor.java:624)
        at java.lang.Thread.run(Thread.java:748)
"pool-158-thread-27"  prio=5 tid=2365 in Object.wait()
java.lang.Thread.State: WAITING (on object monitor)
        at sun.misc.Unsafe.park(Native Method)
        at java.util.concurrent.locks.LockSupport.park(LockSupport.java:175)
        at java.util.concurrent.locks.AbstractQueuedSynchronizer$ConditionObject.await(AbstractQueuedSynchronizer.java:2039)
        at java.util.concurrent.ArrayBlockingQueue.take(ArrayBlockingQueue.java:403)
        at java.util.concurrent.ThreadPoolExecutor.getTask(ThreadPoolExecutor.java:1074)
        at java.util.concurrent.ThreadPoolExecutor.runWorker(ThreadPoolExecutor.java:1134)
        at java.util.concurrent.ThreadPoolExecutor$Worker.run(ThreadPoolExecutor.java:624)
        at java.lang.Thread.run(Thread.java:748)
"pool-212-thread-1"  prio=5 tid=2174 timed_waiting
java.lang.Thread.State: TIMED_WAITING
        at sun.misc.Unsafe.park(Native Method)
        at java.util.concurrent.locks.LockSupport.parkNanos(LockSupport.java:215)
        at java.util.concurrent.locks.AbstractQueuedSynchronizer$ConditionObject.awaitNanos(AbstractQueuedSynchronizer.java:2078)
        at java.util.concurrent.ScheduledThreadPoolExecutor$DelayedWorkQueue.take(ScheduledThreadPoolExecutor.java:1093)
        at java.util.concurrent.ScheduledThreadPoolExecutor$DelayedWorkQueue.take(ScheduledThreadPoolExecutor.java:809)
        at java.util.concurrent.ThreadPoolExecutor.getTask(ThreadPoolExecutor.java:1074)
        at java.util.concurrent.ThreadPoolExecutor.runWorker(ThreadPoolExecutor.java:1134)
        at java.util.concurrent.ThreadPoolExecutor$Worker.run(ThreadPoolExecutor.java:624)
        at java.lang.Thread.run(Thread.java:748)
"pool-188-thread-49"  prio=5 tid=2573 in Object.wait()
java.lang.Thread.State: WAITING (on object monitor)
        at sun.misc.Unsafe.park(Native Method)
        at java.util.concurrent.locks.LockSupport.park(LockSupport.java:175)
        at java.util.concurrent.locks.AbstractQueuedSynchronizer$ConditionObject.await(AbstractQueuedSynchronizer.java:2039)
        at java.util.concurrent.ArrayBlockingQueue.take(ArrayBlockingQueue.java:403)
        at java.util.concurrent.ThreadPoolExecutor.getTask(ThreadPoolExecutor.java:1074)
        at java.util.concurrent.ThreadPoolExecutor.runWorker(ThreadPoolExecutor.java:1134)
        at java.util.concurrent.ThreadPoolExecutor$Worker.run(ThreadPoolExecutor.java:624)
        at java.lang.Thread.run(Thread.java:748)
"pool-208-thread-56"  prio=5 tid=2704 in Object.wait()
java.lang.Thread.State: WAITING (on object monitor)
        at sun.misc.Unsafe.park(Native Method)
        at java.util.concurrent.locks.LockSupport.park(LockSupport.java:175)
        at java.util.concurrent.locks.AbstractQueuedSynchronizer$ConditionObject.await(AbstractQueuedSynchronizer.java:2039)
        at java.util.concurrent.ArrayBlockingQueue.take(ArrayBlockingQueue.java:403)
        at java.util.concurrent.ThreadPoolExecutor.getTask(ThreadPoolExecutor.java:1074)
        at java.util.concurrent.ThreadPoolExecutor.runWorker(ThreadPoolExecutor.java:1134)
        at java.util.concurrent.ThreadPoolExecutor$Worker.run(ThreadPoolExecutor.java:624)
        at java.lang.Thread.run(Thread.java:748)
"pool-148-thread-47"  prio=5 tid=2322 in Object.wait()
java.lang.Thread.State: WAITING (on object monitor)
        at sun.misc.Unsafe.park(Native Method)
        at java.util.concurrent.locks.LockSupport.park(LockSupport.java:175)
        at java.util.concurrent.locks.AbstractQueuedSynchronizer$ConditionObject.await(AbstractQueuedSynchronizer.java:2039)
        at java.util.concurrent.ArrayBlockingQueue.take(ArrayBlockingQueue.java:403)
        at java.util.concurrent.ThreadPoolExecutor.getTask(ThreadPoolExecutor.java:1074)
        at java.util.concurrent.ThreadPoolExecutor.runWorker(ThreadPoolExecutor.java:1134)
        at java.util.concurrent.ThreadPoolExecutor$Worker.run(ThreadPoolExecutor.java:624)
        at java.lang.Thread.run(Thread.java:748)
"pool-228-thread-8"  prio=5 tid=2780 in Object.wait()
java.lang.Thread.State: WAITING (on object monitor)
        at sun.misc.Unsafe.park(Native Method)
        at java.util.concurrent.locks.LockSupport.park(LockSupport.java:175)
        at java.util.concurrent.locks.AbstractQueuedSynchronizer$ConditionObject.await(AbstractQueuedSynchronizer.java:2039)
        at java.util.concurrent.ArrayBlockingQueue.take(ArrayBlockingQueue.java:403)
        at java.util.concurrent.ThreadPoolExecutor.getTask(ThreadPoolExecutor.java:1074)
        at java.util.concurrent.ThreadPoolExecutor.runWorker(ThreadPoolExecutor.java:1134)
        at java.util.concurrent.ThreadPoolExecutor$Worker.run(ThreadPoolExecutor.java:624)
        at java.lang.Thread.run(Thread.java:748)
"pool-168-thread-34"  prio=5 tid=2434 in Object.wait()
java.lang.Thread.State: WAITING (on object monitor)
        at sun.misc.Unsafe.park(Native Method)
        at java.util.concurrent.locks.LockSupport.park(LockSupport.java:175)
        at java.util.concurrent.locks.AbstractQueuedSynchronizer$ConditionObject.await(AbstractQueuedSynchronizer.java:2039)
        at java.util.concurrent.ArrayBlockingQueue.take(ArrayBlockingQueue.java:403)
        at java.util.concurrent.ThreadPoolExecutor.getTask(ThreadPoolExecutor.java:1074)
        at java.util.concurrent.ThreadPoolExecutor.runWorker(ThreadPoolExecutor.java:1134)
        at java.util.concurrent.ThreadPoolExecutor$Worker.run(ThreadPoolExecutor.java:624)
        at java.lang.Thread.run(Thread.java:748)
"Datanode State Machine Thread - 0" daemon prio=5 tid=2193 timed_waiting
java.lang.Thread.State: TIMED_WAITING
        at sun.misc.Unsafe.park(Native Method)
        at java.util.concurrent.locks.LockSupport.parkNanos(LockSupport.java:215)
        at java.util.concurrent.SynchronousQueue$TransferStack.awaitFulfill(SynchronousQueue.java:460)
        at java.util.concurrent.SynchronousQueue$TransferStack.transfer(SynchronousQueue.java:362)
        at java.util.concurrent.SynchronousQueue.poll(SynchronousQueue.java:941)
        at java.util.concurrent.ThreadPoolExecutor.getTask(ThreadPoolExecutor.java:1073)
        at java.util.concurrent.ThreadPoolExecutor.runWorker(ThreadPoolExecutor.java:1134)
        at java.util.concurrent.ThreadPoolExecutor$Worker.run(ThreadPoolExecutor.java:624)
        at java.lang.Thread.run(Thread.java:748)
"pool-148-thread-27"  prio=5 tid=2302 in Object.wait()
java.lang.Thread.State: WAITING (on object monitor)
        at sun.misc.Unsafe.park(Native Method)
        at java.util.concurrent.locks.LockSupport.park(LockSupport.java:175)
        at java.util.concurrent.locks.AbstractQueuedSynchronizer$ConditionObject.await(AbstractQueuedSynchronizer.java:2039)
        at java.util.concurrent.ArrayBlockingQueue.take(ArrayBlockingQueue.java:403)
        at java.util.concurrent.ThreadPoolExecutor.getTask(ThreadPoolExecutor.java:1074)
        at java.util.concurrent.ThreadPoolExecutor.runWorker(ThreadPoolExecutor.java:1134)
        at java.util.concurrent.ThreadPoolExecutor$Worker.run(ThreadPoolExecutor.java:624)
        at java.lang.Thread.run(Thread.java:748)
"IPC Server handler 16 on 45410" daemon prio=5 tid=1988 timed_waiting
java.lang.Thread.State: TIMED_WAITING
        at sun.misc.Unsafe.park(Native Method)
        at java.util.concurrent.locks.LockSupport.parkNanos(LockSupport.java:215)
        at java.util.concurrent.locks.AbstractQueuedSynchronizer$ConditionObject.awaitNanos(AbstractQueuedSynchronizer.java:2078)
        at java.util.concurrent.LinkedBlockingQueue.poll(LinkedBlockingQueue.java:467)
        at org.apache.hadoop.ipc.CallQueueManager.take(CallQueueManager.java:288)
        at org.apache.hadoop.ipc.Server$Handler.run(Server.java:2668)
"pool-208-thread-59"  prio=5 tid=2707 in Object.wait()
java.lang.Thread.State: WAITING (on object monitor)
        at sun.misc.Unsafe.park(Native Method)
        at java.util.concurrent.locks.LockSupport.park(LockSupport.java:175)
        at java.util.concurrent.locks.AbstractQueuedSynchronizer$ConditionObject.await(AbstractQueuedSynchronizer.java:2039)
        at java.util.concurrent.ArrayBlockingQueue.take(ArrayBlockingQueue.java:403)
        at java.util.concurrent.ThreadPoolExecutor.getTask(ThreadPoolExecutor.java:1074)
        at java.util.concurrent.ThreadPoolExecutor.runWorker(ThreadPoolExecutor.java:1134)
        at java.util.concurrent.ThreadPoolExecutor$Worker.run(ThreadPoolExecutor.java:624)
        at java.lang.Thread.run(Thread.java:748)
"pool-208-thread-4"  prio=5 tid=2652 in Object.wait()
java.lang.Thread.State: WAITING (on object monitor)
        at sun.misc.Unsafe.park(Native Method)
        at java.util.concurrent.locks.LockSupport.park(LockSupport.java:175)
        at java.util.concurrent.locks.AbstractQueuedSynchronizer$ConditionObject.await(AbstractQueuedSynchronizer.java:2039)
        at java.util.concurrent.ArrayBlockingQueue.take(ArrayBlockingQueue.java:403)
        at java.util.concurrent.ThreadPoolExecutor.getTask(ThreadPoolExecutor.java:1074)
        at java.util.concurrent.ThreadPoolExecutor.runWorker(ThreadPoolExecutor.java:1134)
        at java.util.concurrent.ThreadPoolExecutor$Worker.run(ThreadPoolExecutor.java:624)
        at java.lang.Thread.run(Thread.java:748)
"org.apache.ratis.server.impl.LogAppender$AppenderDaemon$$Lambda$466/1042245461@6fbd3c1a" daemon prio=5 tid=3213 timed_waiting
java.lang.Thread.State: TIMED_WAITING
        at java.lang.Object.wait(Native Method)
        at org.apache.ratis.grpc.server.GrpcLogAppender.mayWait(GrpcLogAppender.java:149)
        at org.apache.ratis.grpc.server.GrpcLogAppender.runAppenderImpl(GrpcLogAppender.java:103)
        at org.apache.ratis.server.impl.LogAppender$AppenderDaemon.run(LogAppender.java:76)
        at org.apache.ratis.server.impl.LogAppender$AppenderDaemon$$Lambda$466/1042245461.run(Unknown Source)
        at java.lang.Thread.run(Thread.java:748)
"pool-218-thread-50"  prio=5 tid=2760 in Object.wait()
java.lang.Thread.State: WAITING (on object monitor)
        at sun.misc.Unsafe.park(Native Method)
        at java.util.concurrent.locks.LockSupport.park(LockSupport.java:175)
        at java.util.concurrent.locks.AbstractQueuedSynchronizer$ConditionObject.await(AbstractQueuedSynchronizer.java:2039)
        at java.util.concurrent.ArrayBlockingQueue.take(ArrayBlockingQueue.java:403)
        at java.util.concurrent.ThreadPoolExecutor.getTask(ThreadPoolExecutor.java:1074)
        at java.util.concurrent.ThreadPoolExecutor.runWorker(ThreadPoolExecutor.java:1134)
        at java.util.concurrent.ThreadPoolExecutor$Worker.run(ThreadPoolExecutor.java:624)
        at java.lang.Thread.run(Thread.java:748)
"qtp2010856706-2205" daemon prio=5 tid=2205 timed_waiting
java.lang.Thread.State: TIMED_WAITING
        at sun.misc.Unsafe.park(Native Method)
        at java.util.concurrent.locks.LockSupport.parkNanos(LockSupport.java:215)
        at java.util.concurrent.locks.AbstractQueuedSynchronizer$ConditionObject.awaitNanos(AbstractQueuedSynchronizer.java:2078)
        at org.eclipse.jetty.util.BlockingArrayQueue.poll(BlockingArrayQueue.java:392)
        at org.eclipse.jetty.util.thread.QueuedThreadPool.idleJobPoll(QueuedThreadPool.java:563)
        at org.eclipse.jetty.util.thread.QueuedThreadPool.access$800(QueuedThreadPool.java:48)
        at org.eclipse.jetty.util.thread.QueuedThreadPool$2.run(QueuedThreadPool.java:626)
        at java.lang.Thread.run(Thread.java:748)
"pool-148-thread-20"  prio=5 tid=2295 in Object.wait()
java.lang.Thread.State: WAITING (on object monitor)
        at sun.misc.Unsafe.park(Native Method)
        at java.util.concurrent.locks.LockSupport.park(LockSupport.java:175)
        at java.util.concurrent.locks.AbstractQueuedSynchronizer$ConditionObject.await(AbstractQueuedSynchronizer.java:2039)
        at java.util.concurrent.ArrayBlockingQueue.take(ArrayBlockingQueue.java:403)
        at java.util.concurrent.ThreadPoolExecutor.getTask(ThreadPoolExecutor.java:1074)
        at java.util.concurrent.ThreadPoolExecutor.runWorker(ThreadPoolExecutor.java:1134)
        at java.util.concurrent.ThreadPoolExecutor$Worker.run(ThreadPoolExecutor.java:624)
        at java.lang.Thread.run(Thread.java:748)
"Datanode ReportManager Thread - 3" daemon prio=5 tid=336 in Object.wait()
java.lang.Thread.State: WAITING (on object monitor)
        at sun.misc.Unsafe.park(Native Method)
        at java.util.concurrent.locks.LockSupport.park(LockSupport.java:175)
        at java.util.concurrent.locks.AbstractQueuedSynchronizer$ConditionObject.await(AbstractQueuedSynchronizer.java:2039)
        at java.util.concurrent.ScheduledThreadPoolExecutor$DelayedWorkQueue.take(ScheduledThreadPoolExecutor.java:1088)
        at java.util.concurrent.ScheduledThreadPoolExecutor$DelayedWorkQueue.take(ScheduledThreadPoolExecutor.java:809)
        at java.util.concurrent.ThreadPoolExecutor.getTask(ThreadPoolExecutor.java:1074)
        at java.util.concurrent.ThreadPoolExecutor.runWorker(ThreadPoolExecutor.java:1134)
        at java.util.concurrent.ThreadPoolExecutor$Worker.run(ThreadPoolExecutor.java:624)
        at java.lang.Thread.run(Thread.java:748)
"Datanode ReportManager Thread - 2" daemon prio=5 tid=335 timed_waiting
java.lang.Thread.State: TIMED_WAITING
        at sun.misc.Unsafe.park(Native Method)
        at java.util.concurrent.locks.LockSupport.parkNanos(LockSupport.java:215)
        at java.util.concurrent.locks.AbstractQueuedSynchronizer$ConditionObject.awaitNanos(AbstractQueuedSynchronizer.java:2078)
        at java.util.concurrent.ScheduledThreadPoolExecutor$DelayedWorkQueue.take(ScheduledThreadPoolExecutor.java:1093)
        at java.util.concurrent.ScheduledThreadPoolExecutor$DelayedWorkQueue.take(ScheduledThreadPoolExecutor.java:809)
        at java.util.concurrent.ThreadPoolExecutor.getTask(ThreadPoolExecutor.java:1074)
        at java.util.concurrent.ThreadPoolExecutor.runWorker(ThreadPoolExecutor.java:1134)
        at java.util.concurrent.ThreadPoolExecutor$Worker.run(ThreadPoolExecutor.java:624)
        at java.lang.Thread.run(Thread.java:748)
"pool-198-thread-35"  prio=5 tid=2621 in Object.wait()
java.lang.Thread.State: WAITING (on object monitor)
        at sun.misc.Unsafe.park(Native Method)
        at java.util.concurrent.locks.LockSupport.park(LockSupport.java:175)
        at java.util.concurrent.locks.AbstractQueuedSynchronizer$ConditionObject.await(AbstractQueuedSynchronizer.java:2039)
        at java.util.concurrent.ArrayBlockingQueue.take(ArrayBlockingQueue.java:403)
        at java.util.concurrent.ThreadPoolExecutor.getTask(ThreadPoolExecutor.java:1074)
        at java.util.concurrent.ThreadPoolExecutor.runWorker(ThreadPoolExecutor.java:1134)
        at java.util.concurrent.ThreadPoolExecutor$Worker.run(ThreadPoolExecutor.java:624)
        at java.lang.Thread.run(Thread.java:748)
"Periodic HDDS volume checker"  prio=5 tid=2168 timed_waiting
java.lang.Thread.State: TIMED_WAITING
        at sun.misc.Unsafe.park(Native Method)
        at java.util.concurrent.locks.LockSupport.parkNanos(LockSupport.java:215)
        at java.util.concurrent.locks.AbstractQueuedSynchronizer$ConditionObject.awaitNanos(AbstractQueuedSynchronizer.java:2078)
        at java.util.concurrent.ScheduledThreadPoolExecutor$DelayedWorkQueue.take(ScheduledThreadPoolExecutor.java:1093)
        at java.util.concurrent.ScheduledThreadPoolExecutor$DelayedWorkQueue.take(ScheduledThreadPoolExecutor.java:809)
        at java.util.concurrent.ThreadPoolExecutor.getTask(ThreadPoolExecutor.java:1074)
        at java.util.concurrent.ThreadPoolExecutor.runWorker(ThreadPoolExecutor.java:1134)
        at java.util.concurrent.ThreadPoolExecutor$Worker.run(ThreadPoolExecutor.java:624)
        at java.lang.Thread.run(Thread.java:748)
"pool-228-thread-33"  prio=5 tid=2805 in Object.wait()
java.lang.Thread.State: WAITING (on object monitor)
        at sun.misc.Unsafe.park(Native Method)
        at java.util.concurrent.locks.LockSupport.park(LockSupport.java:175)
        at java.util.concurrent.locks.AbstractQueuedSynchronizer$ConditionObject.await(AbstractQueuedSynchronizer.java:2039)
        at java.util.concurrent.ArrayBlockingQueue.take(ArrayBlockingQueue.java:403)
        at java.util.concurrent.ThreadPoolExecutor.getTask(ThreadPoolExecutor.java:1074)
        at java.util.concurrent.ThreadPoolExecutor.runWorker(ThreadPoolExecutor.java:1134)
        at java.util.concurrent.ThreadPoolExecutor$Worker.run(ThreadPoolExecutor.java:624)
        at java.lang.Thread.run(Thread.java:748)
"pool-228-thread-56"  prio=5 tid=2828 in Object.wait()
java.lang.Thread.State: WAITING (on object monitor)
        at sun.misc.Unsafe.park(Native Method)
        at java.util.concurrent.locks.LockSupport.park(LockSupport.java:175)
        at java.util.concurrent.locks.AbstractQueuedSynchronizer$ConditionObject.await(AbstractQueuedSynchronizer.java:2039)
        at java.util.concurrent.ArrayBlockingQueue.take(ArrayBlockingQueue.java:403)
        at java.util.concurrent.ThreadPoolExecutor.getTask(ThreadPoolExecutor.java:1074)
        at java.util.concurrent.ThreadPoolExecutor.runWorker(ThreadPoolExecutor.java:1134)
        at java.util.concurrent.ThreadPoolExecutor$Worker.run(ThreadPoolExecutor.java:624)
        at java.lang.Thread.run(Thread.java:748)
"qtp2010856706-2204" daemon prio=5 tid=2204 timed_waiting
java.lang.Thread.State: TIMED_WAITING
        at sun.misc.Unsafe.park(Native Method)
        at java.util.concurrent.locks.LockSupport.parkNanos(LockSupport.java:215)
        at java.util.concurrent.locks.AbstractQueuedSynchronizer$ConditionObject.awaitNanos(AbstractQueuedSynchronizer.java:2078)
        at org.eclipse.jetty.util.BlockingArrayQueue.poll(BlockingArrayQueue.java:392)
        at org.eclipse.jetty.util.thread.QueuedThreadPool.idleJobPoll(QueuedThreadPool.java:563)
        at org.eclipse.jetty.util.thread.QueuedThreadPool.access$800(QueuedThreadPool.java:48)
        at org.eclipse.jetty.util.thread.QueuedThreadPool$2.run(QueuedThreadPool.java:626)
        at java.lang.Thread.run(Thread.java:748)
"Datanode State Machine Thread - 0" daemon prio=5 tid=2078 timed_waiting
java.lang.Thread.State: TIMED_WAITING
        at java.lang.Thread.sleep(Native Method)
        at org.apache.hadoop.ozone.container.common.statemachine.DatanodeStateMachine.start(DatanodeStateMachine.java:196)
        at org.apache.hadoop.ozone.container.common.statemachine.DatanodeStateMachine.lambda$startDaemon$0(DatanodeStateMachine.java:354)
        at org.apache.hadoop.ozone.container.common.statemachine.DatanodeStateMachine$$Lambda$141/502066023.run(Unknown Source)
        at java.lang.Thread.run(Thread.java:748)
"qtp457245448-2097" daemon prio=5 tid=2097 timed_waiting
java.lang.Thread.State: TIMED_WAITING
        at sun.misc.Unsafe.park(Native Method)
        at java.util.concurrent.locks.LockSupport.parkNanos(LockSupport.java:215)
        at java.util.concurrent.locks.AbstractQueuedSynchronizer$ConditionObject.awaitNanos(AbstractQueuedSynchronizer.java:2078)
        at org.eclipse.jetty.util.BlockingArrayQueue.poll(BlockingArrayQueue.java:392)
        at org.eclipse.jetty.util.thread.QueuedThreadPool.idleJobPoll(QueuedThreadPool.java:563)
        at org.eclipse.jetty.util.thread.QueuedThreadPool.access$800(QueuedThreadPool.java:48)
        at org.eclipse.jetty.util.thread.QueuedThreadPool$2.run(QueuedThreadPool.java:626)
        at java.lang.Thread.run(Thread.java:748)
"pool-208-thread-20"  prio=5 tid=2668 in Object.wait()
java.lang.Thread.State: WAITING (on object monitor)
        at sun.misc.Unsafe.park(Native Method)
        at java.util.concurrent.locks.LockSupport.park(LockSupport.java:175)
        at java.util.concurrent.locks.AbstractQueuedSynchronizer$ConditionObject.await(AbstractQueuedSynchronizer.java:2039)
        at java.util.concurrent.ArrayBlockingQueue.take(ArrayBlockingQueue.java:403)
        at java.util.concurrent.ThreadPoolExecutor.getTask(ThreadPoolExecutor.java:1074)
        at java.util.concurrent.ThreadPoolExecutor.runWorker(ThreadPoolExecutor.java:1134)
        at java.util.concurrent.ThreadPoolExecutor$Worker.run(ThreadPoolExecutor.java:624)
        at java.lang.Thread.run(Thread.java:748)
"pool-158-thread-15"  prio=5 tid=2353 in Object.wait()
java.lang.Thread.State: WAITING (on object monitor)
        at sun.misc.Unsafe.park(Native Method)
        at java.util.concurrent.locks.LockSupport.park(LockSupport.java:175)
        at java.util.concurrent.locks.AbstractQueuedSynchronizer$ConditionObject.await(AbstractQueuedSynchronizer.java:2039)
        at java.util.concurrent.ArrayBlockingQueue.take(ArrayBlockingQueue.java:403)
        at java.util.concurrent.ThreadPoolExecutor.getTask(ThreadPoolExecutor.java:1074)
        at java.util.concurrent.ThreadPoolExecutor.runWorker(ThreadPoolExecutor.java:1134)
        at java.util.concurrent.ThreadPoolExecutor$Worker.run(ThreadPoolExecutor.java:624)
        at java.lang.Thread.run(Thread.java:748)
"pool-218-thread-40"  prio=5 tid=2750 in Object.wait()
java.lang.Thread.State: WAITING (on object monitor)
        at sun.misc.Unsafe.park(Native Method)
        at java.util.concurrent.locks.LockSupport.park(LockSupport.java:175)
        at java.util.concurrent.locks.AbstractQueuedSynchronizer$ConditionObject.await(AbstractQueuedSynchronizer.java:2039)
        at java.util.concurrent.ArrayBlockingQueue.take(ArrayBlockingQueue.java:403)
        at java.util.concurrent.ThreadPoolExecutor.getTask(ThreadPoolExecutor.java:1074)
        at java.util.concurrent.ThreadPoolExecutor.runWorker(ThreadPoolExecutor.java:1134)
        at java.util.concurrent.ThreadPoolExecutor$Worker.run(ThreadPoolExecutor.java:624)
        at java.lang.Thread.run(Thread.java:748)
"pool-148-thread-15"  prio=5 tid=2290 in Object.wait()
java.lang.Thread.State: WAITING (on object monitor)
        at sun.misc.Unsafe.park(Native Method)
        at java.util.concurrent.locks.LockSupport.park(LockSupport.java:175)
        at java.util.concurrent.locks.AbstractQueuedSynchronizer$ConditionObject.await(AbstractQueuedSynchronizer.java:2039)
        at java.util.concurrent.ArrayBlockingQueue.take(ArrayBlockingQueue.java:403)
        at java.util.concurrent.ThreadPoolExecutor.getTask(ThreadPoolExecutor.java:1074)
        at java.util.concurrent.ThreadPoolExecutor.runWorker(ThreadPoolExecutor.java:1134)
        at java.util.concurrent.ThreadPoolExecutor$Worker.run(ThreadPoolExecutor.java:624)
        at java.lang.Thread.run(Thread.java:748)
"pool-148-thread-49"  prio=5 tid=2324 in Object.wait()
java.lang.Thread.State: WAITING (on object monitor)
        at sun.misc.Unsafe.park(Native Method)
        at java.util.concurrent.locks.LockSupport.park(LockSupport.java:175)
        at java.util.concurrent.locks.AbstractQueuedSynchronizer$ConditionObject.await(AbstractQueuedSynchronizer.java:2039)
        at java.util.concurrent.ArrayBlockingQueue.take(ArrayBlockingQueue.java:403)
        at java.util.concurrent.ThreadPoolExecutor.getTask(ThreadPoolExecutor.java:1074)
        at java.util.concurrent.ThreadPoolExecutor.runWorker(ThreadPoolExecutor.java:1134)
        at java.util.concurrent.ThreadPoolExecutor$Worker.run(ThreadPoolExecutor.java:624)
        at java.lang.Thread.run(Thread.java:748)
"pool-168-thread-11"  prio=5 tid=2411 in Object.wait()
java.lang.Thread.State: WAITING (on object monitor)
        at sun.misc.Unsafe.park(Native Method)
        at java.util.concurrent.locks.LockSupport.park(LockSupport.java:175)
        at java.util.concurrent.locks.AbstractQueuedSynchronizer$ConditionObject.await(AbstractQueuedSynchronizer.java:2039)
        at java.util.concurrent.ArrayBlockingQueue.take(ArrayBlockingQueue.java:403)
        at java.util.concurrent.ThreadPoolExecutor.getTask(ThreadPoolExecutor.java:1074)
        at java.util.concurrent.ThreadPoolExecutor.runWorker(ThreadPoolExecutor.java:1134)
        at java.util.concurrent.ThreadPoolExecutor$Worker.run(ThreadPoolExecutor.java:624)
        at java.lang.Thread.run(Thread.java:748)
"Datanode State Machine Thread - 0" daemon prio=5 tid=2220 timed_waiting
java.lang.Thread.State: TIMED_WAITING
        at sun.misc.Unsafe.park(Native Method)
        at java.util.concurrent.locks.LockSupport.parkNanos(LockSupport.java:215)
        at java.util.concurrent.SynchronousQueue$TransferStack.awaitFulfill(SynchronousQueue.java:460)
        at java.util.concurrent.SynchronousQueue$TransferStack.transfer(SynchronousQueue.java:362)
        at java.util.concurrent.SynchronousQueue.poll(SynchronousQueue.java:941)
        at java.util.concurrent.ThreadPoolExecutor.getTask(ThreadPoolExecutor.java:1073)
        at java.util.concurrent.ThreadPoolExecutor.runWorker(ThreadPoolExecutor.java:1134)
        at java.util.concurrent.ThreadPoolExecutor$Worker.run(ThreadPoolExecutor.java:624)
        at java.lang.Thread.run(Thread.java:748)
"Datanode ReportManager Thread - 1" daemon prio=5 tid=2134 timed_waiting
java.lang.Thread.State: TIMED_WAITING
        at sun.misc.Unsafe.park(Native Method)
        at java.util.concurrent.locks.LockSupport.parkNanos(LockSupport.java:215)
        at java.util.concurrent.locks.AbstractQueuedSynchronizer$ConditionObject.awaitNanos(AbstractQueuedSynchronizer.java:2078)
        at java.util.concurrent.ScheduledThreadPoolExecutor$DelayedWorkQueue.take(ScheduledThreadPoolExecutor.java:1093)
        at java.util.concurrent.ScheduledThreadPoolExecutor$DelayedWorkQueue.take(ScheduledThreadPoolExecutor.java:809)
        at java.util.concurrent.ThreadPoolExecutor.getTask(ThreadPoolExecutor.java:1074)
        at java.util.concurrent.ThreadPoolExecutor.runWorker(ThreadPoolExecutor.java:1134)
        at java.util.concurrent.ThreadPoolExecutor$Worker.run(ThreadPoolExecutor.java:624)
        at java.lang.Thread.run(Thread.java:748)
"pool-238-thread-9"  prio=5 tid=2843 in Object.wait()
java.lang.Thread.State: WAITING (on object monitor)
        at sun.misc.Unsafe.park(Native Method)
        at java.util.concurrent.locks.LockSupport.park(LockSupport.java:175)
        at java.util.concurrent.locks.AbstractQueuedSynchronizer$ConditionObject.await(AbstractQueuedSynchronizer.java:2039)
        at java.util.concurrent.ArrayBlockingQueue.take(ArrayBlockingQueue.java:403)
        at java.util.concurrent.ThreadPoolExecutor.getTask(ThreadPoolExecutor.java:1074)
        at java.util.concurrent.ThreadPoolExecutor.runWorker(ThreadPoolExecutor.java:1134)
        at java.util.concurrent.ThreadPoolExecutor$Worker.run(ThreadPoolExecutor.java:624)
        at java.lang.Thread.run(Thread.java:748)
"pool-244-thread-1"  prio=5 tid=3093 in Object.wait()
java.lang.Thread.State: WAITING (on object monitor)
        at sun.misc.Unsafe.park(Native Method)
        at java.util.concurrent.locks.LockSupport.park(LockSupport.java:175)
        at java.util.concurrent.locks.AbstractQueuedSynchronizer$ConditionObject.await(AbstractQueuedSynchronizer.java:2039)
        at java.util.concurrent.LinkedBlockingQueue.take(LinkedBlockingQueue.java:442)
        at java.util.concurrent.ThreadPoolExecutor.getTask(ThreadPoolExecutor.java:1074)
        at java.util.concurrent.ThreadPoolExecutor.runWorker(ThreadPoolExecutor.java:1134)
        at java.util.concurrent.ThreadPoolExecutor$Worker.run(ThreadPoolExecutor.java:624)
        at java.lang.Thread.run(Thread.java:748)
"DataNode DiskChecker thread 0" daemon prio=5 tid=2036 timed_waiting
java.lang.Thread.State: TIMED_WAITING
        at sun.misc.Unsafe.park(Native Method)
        at java.util.concurrent.locks.LockSupport.parkNanos(LockSupport.java:215)
        at java.util.concurrent.SynchronousQueue$TransferStack.awaitFulfill(SynchronousQueue.java:460)
        at java.util.concurrent.SynchronousQueue$TransferStack.transfer(SynchronousQueue.java:362)
        at java.util.concurrent.SynchronousQueue.poll(SynchronousQueue.java:941)
        at java.util.concurrent.ThreadPoolExecutor.getTask(ThreadPoolExecutor.java:1073)
        at java.util.concurrent.ThreadPoolExecutor.runWorker(ThreadPoolExecutor.java:1134)
        at java.util.concurrent.ThreadPoolExecutor$Worker.run(ThreadPoolExecutor.java:624)
        at java.lang.Thread.run(Thread.java:748)
"qtp769195805-2019" daemon prio=5 tid=2019 timed_waiting
java.lang.Thread.State: TIMED_WAITING
        at sun.misc.Unsafe.park(Native Method)
        at java.util.concurrent.locks.LockSupport.parkNanos(LockSupport.java:215)
        at java.util.concurrent.locks.AbstractQueuedSynchronizer$ConditionObject.awaitNanos(AbstractQueuedSynchronizer.java:2078)
        at org.eclipse.jetty.util.BlockingArrayQueue.poll(BlockingArrayQueue.java:392)
        at org.eclipse.jetty.util.thread.QueuedThreadPool.idleJobPoll(QueuedThreadPool.java:563)
        at org.eclipse.jetty.util.thread.QueuedThreadPool.access$800(QueuedThreadPool.java:48)
        at org.eclipse.jetty.util.thread.QueuedThreadPool$2.run(QueuedThreadPool.java:626)
        at java.lang.Thread.run(Thread.java:748)
"pool-188-thread-30"  prio=5 tid=2554 in Object.wait()
java.lang.Thread.State: WAITING (on object monitor)
        at sun.misc.Unsafe.park(Native Method)
        at java.util.concurrent.locks.LockSupport.park(LockSupport.java:175)
        at java.util.concurrent.locks.AbstractQueuedSynchronizer$ConditionObject.await(AbstractQueuedSynchronizer.java:2039)
        at java.util.concurrent.ArrayBlockingQueue.take(ArrayBlockingQueue.java:403)
        at java.util.concurrent.ThreadPoolExecutor.getTask(ThreadPoolExecutor.java:1074)
        at java.util.concurrent.ThreadPoolExecutor.runWorker(ThreadPoolExecutor.java:1134)
        at java.util.concurrent.ThreadPoolExecutor$Worker.run(ThreadPoolExecutor.java:624)
        at java.lang.Thread.run(Thread.java:748)
"pool-188-thread-7"  prio=5 tid=2531 in Object.wait()
java.lang.Thread.State: WAITING (on object monitor)
        at sun.misc.Unsafe.park(Native Method)
        at java.util.concurrent.locks.LockSupport.park(LockSupport.java:175)
        at java.util.concurrent.locks.AbstractQueuedSynchronizer$ConditionObject.await(AbstractQueuedSynchronizer.java:2039)
        at java.util.concurrent.ArrayBlockingQueue.take(ArrayBlockingQueue.java:403)
        at java.util.concurrent.ThreadPoolExecutor.getTask(ThreadPoolExecutor.java:1074)
        at java.util.concurrent.ThreadPoolExecutor.runWorker(ThreadPoolExecutor.java:1134)
        at java.util.concurrent.ThreadPoolExecutor$Worker.run(ThreadPoolExecutor.java:624)
        at java.lang.Thread.run(Thread.java:748)
"pool-208-thread-23"  prio=5 tid=2671 in Object.wait()
java.lang.Thread.State: WAITING (on object monitor)
        at sun.misc.Unsafe.park(Native Method)
        at java.util.concurrent.locks.LockSupport.park(LockSupport.java:175)
        at java.util.concurrent.locks.AbstractQueuedSynchronizer$ConditionObject.await(AbstractQueuedSynchronizer.java:2039)
        at java.util.concurrent.ArrayBlockingQueue.take(ArrayBlockingQueue.java:403)
        at java.util.concurrent.ThreadPoolExecutor.getTask(ThreadPoolExecutor.java:1074)
        at java.util.concurrent.ThreadPoolExecutor.runWorker(ThreadPoolExecutor.java:1134)
        at java.util.concurrent.ThreadPoolExecutor$Worker.run(ThreadPoolExecutor.java:624)
        at java.lang.Thread.run(Thread.java:748)
"qtp984235065-2041-acceptor-0@28d1b57f-ServerConnector@d16be4f{HTTP/1.1,[http/1.1]}{0.0.0.0:45938}" daemon prio=3 tid=2041 runnable
java.lang.Thread.State: RUNNABLE
        at sun.nio.ch.ServerSocketChannelImpl.accept0(Native Method)
        at sun.nio.ch.ServerSocketChannelImpl.accept(ServerSocketChannelImpl.java:422)
        at sun.nio.ch.ServerSocketChannelImpl.accept(ServerSocketChannelImpl.java:250)
        at org.eclipse.jetty.server.ServerConnector.accept(ServerConnector.java:397)
        at org.eclipse.jetty.server.AbstractConnector$Acceptor.run(AbstractConnector.java:601)
        at org.eclipse.jetty.util.thread.QueuedThreadPool.runJob(QueuedThreadPool.java:671)
        at org.eclipse.jetty.util.thread.QueuedThreadPool$2.run(QueuedThreadPool.java:589)
        at java.lang.Thread.run(Thread.java:748)
"main"  prio=5 tid=1 runnable
java.lang.Thread.State: RUNNABLE
        at java.lang.Thread.dumpThreads(Native Method)
        at java.lang.Thread.getAllStackTraces(Thread.java:1610)
        at org.apache.hadoop.test.TimedOutTestsListener.buildThreadDump(TimedOutTestsListener.java:87)
        at org.apache.hadoop.test.TimedOutTestsListener.buildThreadDiagnosticString(TimedOutTestsListener.java:73)
        at org.apache.hadoop.test.GenericTestUtils.waitFor(GenericTestUtils.java:389)
        at org.apache.hadoop.ozone.container.ContainerTestHelper.waitForContainerClose(ContainerTestHelper.java:903)
        at org.apache.hadoop.ozone.client.rpc.TestFailureHandlingByClient.testContainerExclusionWithClosedContainerException(TestFailureHandlingByClient.java:249)
        at sun.reflect.NativeMethodAccessorImpl.invoke0(Native Method)
        at sun.reflect.NativeMethodAccessorImpl.invoke(NativeMethodAccessorImpl.java:62)
        at sun.reflect.DelegatingMethodAccessorImpl.invoke(DelegatingMethodAccessorImpl.java:43)
        at java.lang.reflect.Method.invoke(Method.java:498)
        at org.junit.runners.model.FrameworkMethod$1.runReflectiveCall(FrameworkMethod.java:47)
        at org.junit.internal.runners.model.ReflectiveCallable.run(ReflectiveCallable.java:12)
        at org.junit.runners.model.FrameworkMethod.invokeExplosively(FrameworkMethod.java:44)
        at org.junit.internal.runners.statements.InvokeMethod.evaluate(InvokeMethod.java:17)
        at org.junit.internal.runners.statements.RunAfters.evaluate(RunAfters.java:27)
        at org.junit.runners.ParentRunner.runLeaf(ParentRunner.java:271)
        at org.junit.runners.BlockJUnit4ClassRunner.runChild(BlockJUnit4ClassRunner.java:70)
        at org.junit.runners.BlockJUnit4ClassRunner.runChild(BlockJUnit4ClassRunner.java:50)
        at org.junit.runners.ParentRunner$3.run(ParentRunner.java:238)
        at org.junit.runners.ParentRunner$1.schedule(ParentRunner.java:63)
        at org.junit.runners.ParentRunner.runChildren(ParentRunner.java:236)
        at org.junit.runners.ParentRunner.access$000(ParentRunner.java:53)
        at org.junit.runners.ParentRunner$2.evaluate(ParentRunner.java:229)
        at org.junit.runners.ParentRunner.run(ParentRunner.java:309)
        at org.apache.maven.surefire.junit4.JUnit4Provider.execute(JUnit4Provider.java:365)
        at org.apache.maven.surefire.junit4.JUnit4Provider.executeWithRerun(JUnit4Provider.java:273)
        at org.apache.maven.surefire.junit4.JUnit4Provider.executeTestSet(JUnit4Provider.java:238)
        at org.apache.maven.surefire.junit4.JUnit4Provider.invoke(JUnit4Provider.java:159)
        at org.apache.maven.surefire.booter.ForkedBooter.invokeProviderInSameClassLoader(ForkedBooter.java:384)
        at org.apache.maven.surefire.booter.ForkedBooter.runSuitesInProcess(ForkedBooter.java:345)
        at org.apache.maven.surefire.booter.ForkedBooter.execute(ForkedBooter.java:126)
        at org.apache.maven.surefire.booter.ForkedBooter.main(ForkedBooter.java:418)
"Datanode ReportManager Thread - 3" daemon prio=5 tid=2217 in Object.wait()
java.lang.Thread.State: WAITING (on object monitor)
        at sun.misc.Unsafe.park(Native Method)
        at java.util.concurrent.locks.LockSupport.park(LockSupport.java:175)
        at java.util.concurrent.locks.AbstractQueuedSynchronizer$ConditionObject.await(AbstractQueuedSynchronizer.java:2039)
        at java.util.concurrent.ScheduledThreadPoolExecutor$DelayedWorkQueue.take(ScheduledThreadPoolExecutor.java:1088)
        at java.util.concurrent.ScheduledThreadPoolExecutor$DelayedWorkQueue.take(ScheduledThreadPoolExecutor.java:809)
        at java.util.concurrent.ThreadPoolExecutor.getTask(ThreadPoolExecutor.java:1074)
        at java.util.concurrent.ThreadPoolExecutor.runWorker(ThreadPoolExecutor.java:1134)
        at java.util.concurrent.ThreadPoolExecutor$Worker.run(ThreadPoolExecutor.java:624)
        at java.lang.Thread.run(Thread.java:748)
"qtp2120404899-2150" daemon prio=5 tid=2150 timed_waiting
java.lang.Thread.State: TIMED_WAITING
        at sun.misc.Unsafe.park(Native Method)
        at java.util.concurrent.locks.LockSupport.parkNanos(LockSupport.java:215)
        at java.util.concurrent.locks.AbstractQueuedSynchronizer$ConditionObject.awaitNanos(AbstractQueuedSynchronizer.java:2078)
        at org.eclipse.jetty.util.BlockingArrayQueue.poll(BlockingArrayQueue.java:392)
        at org.eclipse.jetty.util.thread.QueuedThreadPool.idleJobPoll(QueuedThreadPool.java:563)
        at org.eclipse.jetty.util.thread.QueuedThreadPool.access$800(QueuedThreadPool.java:48)
        at org.eclipse.jetty.util.thread.QueuedThreadPool$2.run(QueuedThreadPool.java:626)
        at java.lang.Thread.run(Thread.java:748)
"pool-198-thread-11"  prio=5 tid=2597 in Object.wait()
java.lang.Thread.State: WAITING (on object monitor)
        at sun.misc.Unsafe.park(Native Method)
        at java.util.concurrent.locks.LockSupport.park(LockSupport.java:175)
        at java.util.concurrent.locks.AbstractQueuedSynchronizer$ConditionObject.await(AbstractQueuedSynchronizer.java:2039)
        at java.util.concurrent.ArrayBlockingQueue.take(ArrayBlockingQueue.java:403)
        at java.util.concurrent.ThreadPoolExecutor.getTask(ThreadPoolExecutor.java:1074)
        at java.util.concurrent.ThreadPoolExecutor.runWorker(ThreadPoolExecutor.java:1134)
        at java.util.concurrent.ThreadPoolExecutor$Worker.run(ThreadPoolExecutor.java:624)
        at java.lang.Thread.run(Thread.java:748)
"EventQueue-NodeRegistrationContainerReportForContainerSafeModeRule" daemon prio=5 tid=2900 in Object.wait()
java.lang.Thread.State: WAITING (on object monitor)
        at sun.misc.Unsafe.park(Native Method)
        at java.util.concurrent.locks.LockSupport.park(LockSupport.java:175)
        at java.util.concurrent.locks.AbstractQueuedSynchronizer$ConditionObject.await(AbstractQueuedSynchronizer.java:2039)
        at java.util.concurrent.LinkedBlockingQueue.take(LinkedBlockingQueue.java:442)
        at java.util.concurrent.ThreadPoolExecutor.getTask(ThreadPoolExecutor.java:1074)
        at java.util.concurrent.ThreadPoolExecutor.runWorker(ThreadPoolExecutor.java:1134)
        at java.util.concurrent.ThreadPoolExecutor$Worker.run(ThreadPoolExecutor.java:624)
        at java.lang.Thread.run(Thread.java:748)
"Datanode ReportManager Thread - 0" daemon prio=5 tid=171 in Object.wait()
java.lang.Thread.State: WAITING (on object monitor)
        at sun.misc.Unsafe.park(Native Method)
        at java.util.concurrent.locks.LockSupport.park(LockSupport.java:175)
        at java.util.concurrent.locks.AbstractQueuedSynchronizer$ConditionObject.await(AbstractQueuedSynchronizer.java:2039)
        at java.util.concurrent.ScheduledThreadPoolExecutor$DelayedWorkQueue.take(ScheduledThreadPoolExecutor.java:1088)
        at java.util.concurrent.ScheduledThreadPoolExecutor$DelayedWorkQueue.take(ScheduledThreadPoolExecutor.java:809)
        at java.util.concurrent.ThreadPoolExecutor.getTask(ThreadPoolExecutor.java:1074)
        at java.util.concurrent.ThreadPoolExecutor.runWorker(ThreadPoolExecutor.java:1134)
        at java.util.concurrent.ThreadPoolExecutor$Worker.run(ThreadPoolExecutor.java:624)
        at java.lang.Thread.run(Thread.java:748)
"pool-238-thread-37"  prio=5 tid=2871 in Object.wait()
java.lang.Thread.State: WAITING (on object monitor)
        at sun.misc.Unsafe.park(Native Method)
        at java.util.concurrent.locks.LockSupport.park(LockSupport.java:175)
        at java.util.concurrent.locks.AbstractQueuedSynchronizer$ConditionObject.await(AbstractQueuedSynchronizer.java:2039)
        at java.util.concurrent.ArrayBlockingQueue.take(ArrayBlockingQueue.java:403)
        at java.util.concurrent.ThreadPoolExecutor.getTask(ThreadPoolExecutor.java:1074)
        at java.util.concurrent.ThreadPoolExecutor.runWorker(ThreadPoolExecutor.java:1134)
        at java.util.concurrent.ThreadPoolExecutor$Worker.run(ThreadPoolExecutor.java:624)
        at java.lang.Thread.run(Thread.java:748)
"pool-198-thread-46"  prio=5 tid=2632 in Object.wait()
java.lang.Thread.State: WAITING (on object monitor)
        at sun.misc.Unsafe.park(Native Method)
        at java.util.concurrent.locks.LockSupport.park(LockSupport.java:175)
        at java.util.concurrent.locks.AbstractQueuedSynchronizer$ConditionObject.await(AbstractQueuedSynchronizer.java:2039)
        at java.util.concurrent.ArrayBlockingQueue.take(ArrayBlockingQueue.java:403)
        at java.util.concurrent.ThreadPoolExecutor.getTask(ThreadPoolExecutor.java:1074)
        at java.util.concurrent.ThreadPoolExecutor.runWorker(ThreadPoolExecutor.java:1134)
        at java.util.concurrent.ThreadPoolExecutor$Worker.run(ThreadPoolExecutor.java:624)
        at java.lang.Thread.run(Thread.java:748)
"pool-198-thread-7"  prio=5 tid=2593 in Object.wait()
java.lang.Thread.State: WAITING (on object monitor)
        at sun.misc.Unsafe.park(Native Method)
        at java.util.concurrent.locks.LockSupport.park(LockSupport.java:175)
        at java.util.concurrent.locks.AbstractQueuedSynchronizer$ConditionObject.await(AbstractQueuedSynchronizer.java:2039)
        at java.util.concurrent.ArrayBlockingQueue.take(ArrayBlockingQueue.java:403)
        at java.util.concurrent.ThreadPoolExecutor.getTask(ThreadPoolExecutor.java:1074)
        at java.util.concurrent.ThreadPoolExecutor.runWorker(ThreadPoolExecutor.java:1134)
        at java.util.concurrent.ThreadPoolExecutor$Worker.run(ThreadPoolExecutor.java:624)
        at java.lang.Thread.run(Thread.java:748)
"qtp841721161-2073" daemon prio=5 tid=2073 timed_waiting
java.lang.Thread.State: TIMED_WAITING
        at sun.misc.Unsafe.park(Native Method)
        at java.util.concurrent.locks.LockSupport.parkNanos(LockSupport.java:215)
        at java.util.concurrent.locks.AbstractQueuedSynchronizer$ConditionObject.awaitNanos(AbstractQueuedSynchronizer.java:2078)
        at org.eclipse.jetty.util.BlockingArrayQueue.poll(BlockingArrayQueue.java:392)
        at org.eclipse.jetty.util.thread.QueuedThreadPool.idleJobPoll(QueuedThreadPool.java:563)
        at org.eclipse.jetty.util.thread.QueuedThreadPool.access$800(QueuedThreadPool.java:48)
        at org.eclipse.jetty.util.thread.QueuedThreadPool$2.run(QueuedThreadPool.java:626)
        at java.lang.Thread.run(Thread.java:748)
"qtp841721161-2072" daemon prio=5 tid=2072 timed_waiting
java.lang.Thread.State: TIMED_WAITING
        at sun.misc.Unsafe.park(Native Method)
        at java.util.concurrent.locks.LockSupport.parkNanos(LockSupport.java:215)
        at java.util.concurrent.locks.AbstractQueuedSynchronizer$ConditionObject.awaitNanos(AbstractQueuedSynchronizer.java:2078)
        at org.eclipse.jetty.util.BlockingArrayQueue.poll(BlockingArrayQueue.java:392)
        at org.eclipse.jetty.util.thread.QueuedThreadPool.idleJobPoll(QueuedThreadPool.java:563)
        at org.eclipse.jetty.util.thread.QueuedThreadPool.access$800(QueuedThreadPool.java:48)
        at org.eclipse.jetty.util.thread.QueuedThreadPool$2.run(QueuedThreadPool.java:626)
        at java.lang.Thread.run(Thread.java:748)
"pool-228-thread-34"  prio=5 tid=2806 in Object.wait()
java.lang.Thread.State: WAITING (on object monitor)
        at sun.misc.Unsafe.park(Native Method)
        at java.util.concurrent.locks.LockSupport.park(LockSupport.java:175)
        at java.util.concurrent.locks.AbstractQueuedSynchronizer$ConditionObject.await(AbstractQueuedSynchronizer.java:2039)
        at java.util.concurrent.ArrayBlockingQueue.take(ArrayBlockingQueue.java:403)
        at java.util.concurrent.ThreadPoolExecutor.getTask(ThreadPoolExecutor.java:1074)
        at java.util.concurrent.ThreadPoolExecutor.runWorker(ThreadPoolExecutor.java:1134)
        at java.util.concurrent.ThreadPoolExecutor$Worker.run(ThreadPoolExecutor.java:624)
        at java.lang.Thread.run(Thread.java:748)
"pool-242-thread-1"  prio=5 tid=2255 timed_waiting
java.lang.Thread.State: TIMED_WAITING
        at sun.misc.Unsafe.park(Native Method)
        at java.util.concurrent.locks.LockSupport.parkNanos(LockSupport.java:215)
        at java.util.concurrent.locks.AbstractQueuedSynchronizer$ConditionObject.awaitNanos(AbstractQueuedSynchronizer.java:2078)
        at java.util.concurrent.ScheduledThreadPoolExecutor$DelayedWorkQueue.take(ScheduledThreadPoolExecutor.java:1093)
        at java.util.concurrent.ScheduledThreadPoolExecutor$DelayedWorkQueue.take(ScheduledThreadPoolExecutor.java:809)
        at java.util.concurrent.ThreadPoolExecutor.getTask(ThreadPoolExecutor.java:1074)
        at java.util.concurrent.ThreadPoolExecutor.runWorker(ThreadPoolExecutor.java:1134)
        at java.util.concurrent.ThreadPoolExecutor$Worker.run(ThreadPoolExecutor.java:624)
        at java.lang.Thread.run(Thread.java:748)
"qtp457245448-2094" daemon prio=5 tid=2094 runnable
java.lang.Thread.State: RUNNABLE
        at sun.nio.ch.EPollArrayWrapper.epollWait(Native Method)
        at sun.nio.ch.EPollArrayWrapper.poll(EPollArrayWrapper.java:269)
        at sun.nio.ch.EPollSelectorImpl.doSelect(EPollSelectorImpl.java:93)
        at sun.nio.ch.SelectorImpl.lockAndDoSelect(SelectorImpl.java:86)
        at sun.nio.ch.SelectorImpl.select(SelectorImpl.java:97)
        at sun.nio.ch.SelectorImpl.select(SelectorImpl.java:101)
        at org.eclipse.jetty.io.ManagedSelector$SelectorProducer.select(ManagedSelector.java:243)
        at org.eclipse.jetty.io.ManagedSelector$SelectorProducer.produce(ManagedSelector.java:191)
        at org.eclipse.jetty.util.thread.strategy.ExecuteProduceConsume.executeProduceConsume(ExecuteProduceConsume.java:249)
        at org.eclipse.jetty.util.thread.strategy.ExecuteProduceConsume.produceConsume(ExecuteProduceConsume.java:148)
        at org.eclipse.jetty.util.thread.strategy.ExecuteProduceConsume.execute(ExecuteProduceConsume.java:100)
        at org.eclipse.jetty.io.ManagedSelector.run(ManagedSelector.java:147)
        at org.eclipse.jetty.util.thread.QueuedThreadPool.runJob(QueuedThreadPool.java:671)
        at org.eclipse.jetty.util.thread.QueuedThreadPool$2.run(QueuedThreadPool.java:589)
        at java.lang.Thread.run(Thread.java:748)
"pool-148-thread-12"  prio=5 tid=2287 in Object.wait()
java.lang.Thread.State: WAITING (on object monitor)
        at sun.misc.Unsafe.park(Native Method)
        at java.util.concurrent.locks.LockSupport.park(LockSupport.java:175)
        at java.util.concurrent.locks.AbstractQueuedSynchronizer$ConditionObject.await(AbstractQueuedSynchronizer.java:2039)
        at java.util.concurrent.ArrayBlockingQueue.take(ArrayBlockingQueue.java:403)
        at java.util.concurrent.ThreadPoolExecutor.getTask(ThreadPoolExecutor.java:1074)
        at java.util.concurrent.ThreadPoolExecutor.runWorker(ThreadPoolExecutor.java:1134)
        at java.util.concurrent.ThreadPoolExecutor$Worker.run(ThreadPoolExecutor.java:624)
        at java.lang.Thread.run(Thread.java:748)
"pool-158-thread-49"  prio=5 tid=2387 in Object.wait()
java.lang.Thread.State: WAITING (on object monitor)
        at sun.misc.Unsafe.park(Native Method)
        at java.util.concurrent.locks.LockSupport.park(LockSupport.java:175)
        at java.util.concurrent.locks.AbstractQueuedSynchronizer$ConditionObject.await(AbstractQueuedSynchronizer.java:2039)
        at java.util.concurrent.ArrayBlockingQueue.take(ArrayBlockingQueue.java:403)
        at java.util.concurrent.ThreadPoolExecutor.getTask(ThreadPoolExecutor.java:1074)
        at java.util.concurrent.ThreadPoolExecutor.runWorker(ThreadPoolExecutor.java:1134)
        at java.util.concurrent.ThreadPoolExecutor$Worker.run(ThreadPoolExecutor.java:624)
        at java.lang.Thread.run(Thread.java:748)
"pool-238-thread-27"  prio=5 tid=2861 in Object.wait()
java.lang.Thread.State: WAITING (on object monitor)
        at sun.misc.Unsafe.park(Native Method)
        at java.util.concurrent.locks.LockSupport.park(LockSupport.java:175)
        at java.util.concurrent.locks.AbstractQueuedSynchronizer$ConditionObject.await(AbstractQueuedSynchronizer.java:2039)
        at java.util.concurrent.ArrayBlockingQueue.take(ArrayBlockingQueue.java:403)
        at java.util.concurrent.ThreadPoolExecutor.getTask(ThreadPoolExecutor.java:1074)
        at java.util.concurrent.ThreadPoolExecutor.runWorker(ThreadPoolExecutor.java:1134)
        at java.util.concurrent.ThreadPoolExecutor$Worker.run(ThreadPoolExecutor.java:624)
        at java.lang.Thread.run(Thread.java:748)
"BlockDeletingService#1" daemon prio=5 tid=2586 in Object.wait()
java.lang.Thread.State: WAITING (on object monitor)
        at sun.misc.Unsafe.park(Native Method)
        at java.util.concurrent.locks.LockSupport.park(LockSupport.java:175)
        at java.util.concurrent.locks.AbstractQueuedSynchronizer$ConditionObject.await(AbstractQueuedSynchronizer.java:2039)
        at java.util.concurrent.ScheduledThreadPoolExecutor$DelayedWorkQueue.take(ScheduledThreadPoolExecutor.java:1088)
        at java.util.concurrent.ScheduledThreadPoolExecutor$DelayedWorkQueue.take(ScheduledThreadPoolExecutor.java:809)
        at java.util.concurrent.ThreadPoolExecutor.getTask(ThreadPoolExecutor.java:1074)
        at java.util.concurrent.ThreadPoolExecutor.runWorker(ThreadPoolExecutor.java:1134)
        at java.util.concurrent.ThreadPoolExecutor$Worker.run(ThreadPoolExecutor.java:624)
        at java.lang.Thread.run(Thread.java:748)
"qtp457245448-2101" daemon prio=5 tid=2101 timed_waiting
java.lang.Thread.State: TIMED_WAITING
        at sun.misc.Unsafe.park(Native Method)
        at java.util.concurrent.locks.LockSupport.parkNanos(LockSupport.java:215)
        at java.util.concurrent.locks.AbstractQueuedSynchronizer$ConditionObject.awaitNanos(AbstractQueuedSynchronizer.java:2078)
        at org.eclipse.jetty.util.BlockingArrayQueue.poll(BlockingArrayQueue.java:392)
        at org.eclipse.jetty.util.thread.QueuedThreadPool.idleJobPoll(QueuedThreadPool.java:563)
        at org.eclipse.jetty.util.thread.QueuedThreadPool.access$800(QueuedThreadPool.java:48)
        at org.eclipse.jetty.util.thread.QueuedThreadPool$2.run(QueuedThreadPool.java:626)
        at java.lang.Thread.run(Thread.java:748)
"IPC Server handler 10 on 39845" daemon prio=5 tid=1939 timed_waiting
java.lang.Thread.State: TIMED_WAITING
        at sun.misc.Unsafe.park(Native Method)
        at java.util.concurrent.locks.LockSupport.parkNanos(LockSupport.java:215)
        at java.util.concurrent.locks.AbstractQueuedSynchronizer$ConditionObject.awaitNanos(AbstractQueuedSynchronizer.java:2078)
        at java.util.concurrent.LinkedBlockingQueue.poll(LinkedBlockingQueue.java:467)
        at org.apache.hadoop.ipc.CallQueueManager.take(CallQueueManager.java:288)
        at org.apache.hadoop.ipc.Server$Handler.run(Server.java:2668)
"pool-188-thread-55"  prio=5 tid=2579 in Object.wait()
java.lang.Thread.State: WAITING (on object monitor)
        at sun.misc.Unsafe.park(Native Method)
        at java.util.concurrent.locks.LockSupport.park(LockSupport.java:175)
        at java.util.concurrent.locks.AbstractQueuedSynchronizer$ConditionObject.await(AbstractQueuedSynchronizer.java:2039)
        at java.util.concurrent.ArrayBlockingQueue.take(ArrayBlockingQueue.java:403)
        at java.util.concurrent.ThreadPoolExecutor.getTask(ThreadPoolExecutor.java:1074)
        at java.util.concurrent.ThreadPoolExecutor.runWorker(ThreadPoolExecutor.java:1134)
        at java.util.concurrent.ThreadPoolExecutor$Worker.run(ThreadPoolExecutor.java:624)
        at java.lang.Thread.run(Thread.java:748)
"pool-178-thread-55"  prio=5 tid=2517 in Object.wait()
java.lang.Thread.State: WAITING (on object monitor)
        at sun.misc.Unsafe.park(Native Method)
        at java.util.concurrent.locks.LockSupport.park(LockSupport.java:175)
        at java.util.concurrent.locks.AbstractQueuedSynchronizer$ConditionObject.await(AbstractQueuedSynchronizer.java:2039)
        at java.util.concurrent.ArrayBlockingQueue.take(ArrayBlockingQueue.java:403)
        at java.util.concurrent.ThreadPoolExecutor.getTask(ThreadPoolExecutor.java:1074)
        at java.util.concurrent.ThreadPoolExecutor.runWorker(ThreadPoolExecutor.java:1134)
        at java.util.concurrent.ThreadPoolExecutor$Worker.run(ThreadPoolExecutor.java:624)
        at java.lang.Thread.run(Thread.java:748)
"pool-208-thread-9"  prio=5 tid=2657 in Object.wait()
java.lang.Thread.State: WAITING (on object monitor)
        at sun.misc.Unsafe.park(Native Method)
        at java.util.concurrent.locks.LockSupport.park(LockSupport.java:175)
        at java.util.concurrent.locks.AbstractQueuedSynchronizer$ConditionObject.await(AbstractQueuedSynchronizer.java:2039)
        at java.util.concurrent.ArrayBlockingQueue.take(ArrayBlockingQueue.java:403)
        at java.util.concurrent.ThreadPoolExecutor.getTask(ThreadPoolExecutor.java:1074)
        at java.util.concurrent.ThreadPoolExecutor.runWorker(ThreadPoolExecutor.java:1134)
        at java.util.concurrent.ThreadPoolExecutor$Worker.run(ThreadPoolExecutor.java:624)
        at java.lang.Thread.run(Thread.java:748)
"pool-218-thread-52"  prio=5 tid=2762 in Object.wait()
java.lang.Thread.State: WAITING (on object monitor)
        at sun.misc.Unsafe.park(Native Method)
        at java.util.concurrent.locks.LockSupport.park(LockSupport.java:175)
        at java.util.concurrent.locks.AbstractQueuedSynchronizer$ConditionObject.await(AbstractQueuedSynchronizer.java:2039)
        at java.util.concurrent.ArrayBlockingQueue.take(ArrayBlockingQueue.java:403)
        at java.util.concurrent.ThreadPoolExecutor.getTask(ThreadPoolExecutor.java:1074)
        at java.util.concurrent.ThreadPoolExecutor.runWorker(ThreadPoolExecutor.java:1134)
        at java.util.concurrent.ThreadPoolExecutor$Worker.run(ThreadPoolExecutor.java:624)
        at java.lang.Thread.run(Thread.java:748)
"Command processor thread" daemon prio=5 tid=2083 timed_waiting
java.lang.Thread.State: TIMED_WAITING
        at java.lang.Thread.sleep(Native Method)
        at org.apache.hadoop.ozone.container.common.statemachine.DatanodeStateMachine.lambda$initCommandHandlerThread$1(DatanodeStateMachine.java:444)
        at org.apache.hadoop.ozone.container.common.statemachine.DatanodeStateMachine$$Lambda$142/1059342576.run(Unknown Source)
        at java.lang.Thread.run(Thread.java:748)
"IPC Server Responder" daemon prio=5 tid=1885 runnable
java.lang.Thread.State: RUNNABLE
        at sun.nio.ch.EPollArrayWrapper.epollWait(Native Method)
        at sun.nio.ch.EPollArrayWrapper.poll(EPollArrayWrapper.java:269)
        at sun.nio.ch.EPollSelectorImpl.doSelect(EPollSelectorImpl.java:93)
        at sun.nio.ch.SelectorImpl.lockAndDoSelect(SelectorImpl.java:86)
        at sun.nio.ch.SelectorImpl.select(SelectorImpl.java:97)
        at org.apache.hadoop.ipc.Server$Responder.doRunLoop(Server.java:1334)
        at org.apache.hadoop.ipc.Server$Responder.run(Server.java:1317)
"BlockDeletingService#0" daemon prio=5 tid=2585 timed_waiting
java.lang.Thread.State: TIMED_WAITING
        at sun.misc.Unsafe.park(Native Method)
        at java.util.concurrent.locks.LockSupport.parkNanos(LockSupport.java:215)
        at java.util.concurrent.locks.AbstractQueuedSynchronizer$ConditionObject.awaitNanos(AbstractQueuedSynchronizer.java:2078)
        at java.util.concurrent.ScheduledThreadPoolExecutor$DelayedWorkQueue.take(ScheduledThreadPoolExecutor.java:1093)
        at java.util.concurrent.ScheduledThreadPoolExecutor$DelayedWorkQueue.take(ScheduledThreadPoolExecutor.java:809)
        at java.util.concurrent.ThreadPoolExecutor.getTask(ThreadPoolExecutor.java:1074)
        at java.util.concurrent.ThreadPoolExecutor.runWorker(ThreadPoolExecutor.java:1134)
        at java.util.concurrent.ThreadPoolExecutor$Worker.run(ThreadPoolExecutor.java:624)
        at java.lang.Thread.run(Thread.java:748)
"pool-218-thread-25"  prio=5 tid=2735 in Object.wait()
java.lang.Thread.State: WAITING (on object monitor)
        at sun.misc.Unsafe.park(Native Method)
        at java.util.concurrent.locks.LockSupport.park(LockSupport.java:175)
        at java.util.concurrent.locks.AbstractQueuedSynchronizer$ConditionObject.await(AbstractQueuedSynchronizer.java:2039)
        at java.util.concurrent.ArrayBlockingQueue.take(ArrayBlockingQueue.java:403)
        at java.util.concurrent.ThreadPoolExecutor.getTask(ThreadPoolExecutor.java:1074)
        at java.util.concurrent.ThreadPoolExecutor.runWorker(ThreadPoolExecutor.java:1134)
        at java.util.concurrent.ThreadPoolExecutor$Worker.run(ThreadPoolExecutor.java:624)
        at java.lang.Thread.run(Thread.java:748)
"IPC Server handler 10 on 45410" daemon prio=5 tid=1982 timed_waiting
java.lang.Thread.State: TIMED_WAITING
        at sun.misc.Unsafe.park(Native Method)
        at java.util.concurrent.locks.LockSupport.parkNanos(LockSupport.java:215)
        at java.util.concurrent.locks.AbstractQueuedSynchronizer$ConditionObject.awaitNanos(AbstractQueuedSynchronizer.java:2078)
        at java.util.concurrent.LinkedBlockingQueue.poll(LinkedBlockingQueue.java:467)
        at org.apache.hadoop.ipc.CallQueueManager.take(CallQueueManager.java:288)
        at org.apache.hadoop.ipc.Server$Handler.run(Server.java:2668)
"qtp984235065-2043" daemon prio=5 tid=2043 timed_waiting
java.lang.Thread.State: TIMED_WAITING
        at sun.misc.Unsafe.park(Native Method)
        at java.util.concurrent.locks.LockSupport.parkNanos(LockSupport.java:215)
        at java.util.concurrent.locks.AbstractQueuedSynchronizer$ConditionObject.awaitNanos(AbstractQueuedSynchronizer.java:2078)
        at org.eclipse.jetty.util.BlockingArrayQueue.poll(BlockingArrayQueue.java:392)
        at org.eclipse.jetty.util.thread.QueuedThreadPool.idleJobPoll(QueuedThreadPool.java:563)
        at org.eclipse.jetty.util.thread.QueuedThreadPool.access$800(QueuedThreadPool.java:48)
        at org.eclipse.jetty.util.thread.QueuedThreadPool$2.run(QueuedThreadPool.java:626)
        at java.lang.Thread.run(Thread.java:748)
"Datanode State Machine Thread - 1" daemon prio=5 tid=3178 timed_waiting
java.lang.Thread.State: TIMED_WAITING
        at sun.misc.Unsafe.park(Native Method)
        at java.util.concurrent.locks.LockSupport.parkNanos(LockSupport.java:215)
        at java.util.concurrent.SynchronousQueue$TransferStack.awaitFulfill(SynchronousQueue.java:460)
        at java.util.concurrent.SynchronousQueue$TransferStack.transfer(SynchronousQueue.java:362)
        at java.util.concurrent.SynchronousQueue.poll(SynchronousQueue.java:941)
        at java.util.concurrent.ThreadPoolExecutor.getTask(ThreadPoolExecutor.java:1073)
        at java.util.concurrent.ThreadPoolExecutor.runWorker(ThreadPoolExecutor.java:1134)
        at java.util.concurrent.ThreadPoolExecutor$Worker.run(ThreadPoolExecutor.java:624)
        at java.lang.Thread.run(Thread.java:748)
"Periodic HDDS volume checker"  prio=5 tid=2141 timed_waiting
java.lang.Thread.State: TIMED_WAITING
        at sun.misc.Unsafe.park(Native Method)
        at java.util.concurrent.locks.LockSupport.parkNanos(LockSupport.java:215)
        at java.util.concurrent.locks.AbstractQueuedSynchronizer$ConditionObject.awaitNanos(AbstractQueuedSynchronizer.java:2078)
        at java.util.concurrent.ScheduledThreadPoolExecutor$DelayedWorkQueue.take(ScheduledThreadPoolExecutor.java:1093)
        at java.util.concurrent.ScheduledThreadPoolExecutor$DelayedWorkQueue.take(ScheduledThreadPoolExecutor.java:809)
        at java.util.concurrent.ThreadPoolExecutor.getTask(ThreadPoolExecutor.java:1074)
        at java.util.concurrent.ThreadPoolExecutor.runWorker(ThreadPoolExecutor.java:1134)
        at java.util.concurrent.ThreadPoolExecutor$Worker.run(ThreadPoolExecutor.java:624)
        at java.lang.Thread.run(Thread.java:748)
"IPC Server handler 14 on 39845" daemon prio=5 tid=1943 timed_waiting
java.lang.Thread.State: TIMED_WAITING
        at sun.misc.Unsafe.park(Native Method)
        at java.util.concurrent.locks.LockSupport.parkNanos(LockSupport.java:215)
        at java.util.concurrent.locks.AbstractQueuedSynchronizer$ConditionObject.awaitNanos(AbstractQueuedSynchronizer.java:2078)
        at java.util.concurrent.LinkedBlockingQueue.poll(LinkedBlockingQueue.java:467)
        at org.apache.hadoop.ipc.CallQueueManager.take(CallQueueManager.java:288)
        at org.apache.hadoop.ipc.Server$Handler.run(Server.java:2668)
"pool-228-thread-48"  prio=5 tid=2820 in Object.wait()
java.lang.Thread.State: WAITING (on object monitor)
        at sun.misc.Unsafe.park(Native Method)
        at java.util.concurrent.locks.LockSupport.park(LockSupport.java:175)
        at java.util.concurrent.locks.AbstractQueuedSynchronizer$ConditionObject.await(AbstractQueuedSynchronizer.java:2039)
        at java.util.concurrent.ArrayBlockingQueue.take(ArrayBlockingQueue.java:403)
        at java.util.concurrent.ThreadPoolExecutor.getTask(ThreadPoolExecutor.java:1074)
        at java.util.concurrent.ThreadPoolExecutor.runWorker(ThreadPoolExecutor.java:1134)
        at java.util.concurrent.ThreadPoolExecutor$Worker.run(ThreadPoolExecutor.java:624)
        at java.lang.Thread.run(Thread.java:748)
"org.eclipse.jetty.server.session.HashSessionManager@5a917723Timer" daemon prio=5 tid=2102 timed_waiting
java.lang.Thread.State: TIMED_WAITING
        at sun.misc.Unsafe.park(Native Method)
        at java.util.concurrent.locks.LockSupport.parkNanos(LockSupport.java:215)
        at java.util.concurrent.locks.AbstractQueuedSynchronizer$ConditionObject.awaitNanos(AbstractQueuedSynchronizer.java:2078)
        at java.util.concurrent.ScheduledThreadPoolExecutor$DelayedWorkQueue.take(ScheduledThreadPoolExecutor.java:1093)
        at java.util.concurrent.ScheduledThreadPoolExecutor$DelayedWorkQueue.take(ScheduledThreadPoolExecutor.java:809)
        at java.util.concurrent.ThreadPoolExecutor.getTask(ThreadPoolExecutor.java:1074)
        at java.util.concurrent.ThreadPoolExecutor.runWorker(ThreadPoolExecutor.java:1134)
        at java.util.concurrent.ThreadPoolExecutor$Worker.run(ThreadPoolExecutor.java:624)
        at java.lang.Thread.run(Thread.java:748)
"KeyDeletingService#1" daemon prio=5 tid=1973 in Object.wait()
java.lang.Thread.State: WAITING (on object monitor)
        at sun.misc.Unsafe.park(Native Method)
        at java.util.concurrent.locks.LockSupport.park(LockSupport.java:175)
        at java.util.concurrent.locks.AbstractQueuedSynchronizer$ConditionObject.await(AbstractQueuedSynchronizer.java:2039)
        at java.util.concurrent.ScheduledThreadPoolExecutor$DelayedWorkQueue.take(ScheduledThreadPoolExecutor.java:1088)
        at java.util.concurrent.ScheduledThreadPoolExecutor$DelayedWorkQueue.take(ScheduledThreadPoolExecutor.java:809)
        at java.util.concurrent.ThreadPoolExecutor.getTask(ThreadPoolExecutor.java:1074)
        at java.util.concurrent.ThreadPoolExecutor.runWorker(ThreadPoolExecutor.java:1134)
        at java.util.concurrent.ThreadPoolExecutor$Worker.run(ThreadPoolExecutor.java:624)
        at java.lang.Thread.run(Thread.java:748)
"Datanode State Machine Thread - 0" daemon prio=5 tid=2247 timed_waiting
java.lang.Thread.State: TIMED_WAITING
        at sun.misc.Unsafe.park(Native Method)
        at java.util.concurrent.locks.LockSupport.parkNanos(LockSupport.java:215)
        at java.util.concurrent.SynchronousQueue$TransferStack.awaitFulfill(SynchronousQueue.java:460)
        at java.util.concurrent.SynchronousQueue$TransferStack.transfer(SynchronousQueue.java:362)
        at java.util.concurrent.SynchronousQueue.poll(SynchronousQueue.java:941)
        at java.util.concurrent.ThreadPoolExecutor.getTask(ThreadPoolExecutor.java:1073)
        at java.util.concurrent.ThreadPoolExecutor.runWorker(ThreadPoolExecutor.java:1134)
        at java.util.concurrent.ThreadPoolExecutor$Worker.run(ThreadPoolExecutor.java:624)
        at java.lang.Thread.run(Thread.java:748)
"IPC Server handler 16 on 40581" daemon prio=5 tid=1925 timed_waiting
java.lang.Thread.State: TIMED_WAITING
        at sun.misc.Unsafe.park(Native Method)
        at java.util.concurrent.locks.LockSupport.parkNanos(LockSupport.java:215)
        at java.util.concurrent.locks.AbstractQueuedSynchronizer$ConditionObject.awaitNanos(AbstractQueuedSynchronizer.java:2078)
        at java.util.concurrent.LinkedBlockingQueue.poll(LinkedBlockingQueue.java:467)
        at org.apache.hadoop.ipc.CallQueueManager.take(CallQueueManager.java:288)
        at org.apache.hadoop.ipc.Server$Handler.run(Server.java:2668)
"pool-198-thread-54"  prio=5 tid=2640 in Object.wait()
java.lang.Thread.State: WAITING (on object monitor)
        at sun.misc.Unsafe.park(Native Method)
        at java.util.concurrent.locks.LockSupport.park(LockSupport.java:175)
        at java.util.concurrent.locks.AbstractQueuedSynchronizer$ConditionObject.await(AbstractQueuedSynchronizer.java:2039)
        at java.util.concurrent.ArrayBlockingQueue.take(ArrayBlockingQueue.java:403)
        at java.util.concurrent.ThreadPoolExecutor.getTask(ThreadPoolExecutor.java:1074)
        at java.util.concurrent.ThreadPoolExecutor.runWorker(ThreadPoolExecutor.java:1134)
        at java.util.concurrent.ThreadPoolExecutor$Worker.run(ThreadPoolExecutor.java:624)
        at java.lang.Thread.run(Thread.java:748)
"pool-218-thread-51"  prio=5 tid=2761 in Object.wait()
java.lang.Thread.State: WAITING (on object monitor)
        at sun.misc.Unsafe.park(Native Method)
        at java.util.concurrent.locks.LockSupport.park(LockSupport.java:175)
        at java.util.concurrent.locks.AbstractQueuedSynchronizer$ConditionObject.await(AbstractQueuedSynchronizer.java:2039)
        at java.util.concurrent.ArrayBlockingQueue.take(ArrayBlockingQueue.java:403)
        at java.util.concurrent.ThreadPoolExecutor.getTask(ThreadPoolExecutor.java:1074)
        at java.util.concurrent.ThreadPoolExecutor.runWorker(ThreadPoolExecutor.java:1134)
        at java.util.concurrent.ThreadPoolExecutor$Worker.run(ThreadPoolExecutor.java:624)
        at java.lang.Thread.run(Thread.java:748)
"IPC Server listener on 35120" daemon prio=5 tid=1882 runnable
java.lang.Thread.State: RUNNABLE
        at sun.nio.ch.EPollArrayWrapper.epollWait(Native Method)
        at sun.nio.ch.EPollArrayWrapper.poll(EPollArrayWrapper.java:269)
        at sun.nio.ch.EPollSelectorImpl.doSelect(EPollSelectorImpl.java:93)
        at sun.nio.ch.SelectorImpl.lockAndDoSelect(SelectorImpl.java:86)
        at sun.nio.ch.SelectorImpl.select(SelectorImpl.java:97)
        at sun.nio.ch.SelectorImpl.select(SelectorImpl.java:101)
        at org.apache.hadoop.ipc.Server$Listener.run(Server.java:1159)
"pool-208-thread-47"  prio=5 tid=2695 in Object.wait()
java.lang.Thread.State: WAITING (on object monitor)
        at sun.misc.Unsafe.park(Native Method)
        at java.util.concurrent.locks.LockSupport.park(LockSupport.java:175)
        at java.util.concurrent.locks.AbstractQueuedSynchronizer$ConditionObject.await(AbstractQueuedSynchronizer.java:2039)
        at java.util.concurrent.ArrayBlockingQueue.take(ArrayBlockingQueue.java:403)
        at java.util.concurrent.ThreadPoolExecutor.getTask(ThreadPoolExecutor.java:1074)
        at java.util.concurrent.ThreadPoolExecutor.runWorker(ThreadPoolExecutor.java:1134)
        at java.util.concurrent.ThreadPoolExecutor$Worker.run(ThreadPoolExecutor.java:624)
        at java.lang.Thread.run(Thread.java:748)
"pool-148-thread-59"  prio=5 tid=2334 in Object.wait()
java.lang.Thread.State: WAITING (on object monitor)
        at sun.misc.Unsafe.park(Native Method)
        at java.util.concurrent.locks.LockSupport.park(LockSupport.java:175)
        at java.util.concurrent.locks.AbstractQueuedSynchronizer$ConditionObject.await(AbstractQueuedSynchronizer.java:2039)
        at java.util.concurrent.ArrayBlockingQueue.take(ArrayBlockingQueue.java:403)
        at java.util.concurrent.ThreadPoolExecutor.getTask(ThreadPoolExecutor.java:1074)
        at java.util.concurrent.ThreadPoolExecutor.runWorker(ThreadPoolExecutor.java:1134)
        at java.util.concurrent.ThreadPoolExecutor$Worker.run(ThreadPoolExecutor.java:624)
        at java.lang.Thread.run(Thread.java:748)
"PartialTableCache Cleanup Thread - 0" daemon prio=5 tid=1332 in Object.wait()
java.lang.Thread.State: WAITING (on object monitor)
        at sun.misc.Unsafe.park(Native Method)
        at java.util.concurrent.locks.LockSupport.park(LockSupport.java:175)
        at java.util.concurrent.locks.AbstractQueuedSynchronizer$ConditionObject.await(AbstractQueuedSynchronizer.java:2039)
        at java.util.concurrent.LinkedBlockingQueue.take(LinkedBlockingQueue.java:442)
        at java.util.concurrent.ThreadPoolExecutor.getTask(ThreadPoolExecutor.java:1074)
        at java.util.concurrent.ThreadPoolExecutor.runWorker(ThreadPoolExecutor.java:1134)
        at java.util.concurrent.ThreadPoolExecutor$Worker.run(ThreadPoolExecutor.java:624)
        at java.lang.Thread.run(Thread.java:748)


	at org.apache.hadoop.test.GenericTestUtils.waitFor(GenericTestUtils.java:389)
	at org.apache.hadoop.ozone.container.ContainerTestHelper.waitForContainerClose(ContainerTestHelper.java:903)
	at org.apache.hadoop.ozone.client.rpc.TestFailureHandlingByClient.testContainerExclusionWithClosedContainerException(TestFailureHandlingByClient.java:249)
	at sun.reflect.NativeMethodAccessorImpl.invoke0(Native Method)
	at sun.reflect.NativeMethodAccessorImpl.invoke(NativeMethodAccessorImpl.java:62)
	at sun.reflect.DelegatingMethodAccessorImpl.invoke(DelegatingMethodAccessorImpl.java:43)
	at java.lang.reflect.Method.invoke(Method.java:498)
	at org.junit.runners.model.FrameworkMethod$1.runReflectiveCall(FrameworkMethod.java:47)
	at org.junit.internal.runners.model.ReflectiveCallable.run(ReflectiveCallable.java:12)
	at org.junit.runners.model.FrameworkMethod.invokeExplosively(FrameworkMethod.java:44)
	at org.junit.internal.runners.statements.InvokeMethod.evaluate(InvokeMethod.java:17)
	at org.junit.internal.runners.statements.RunAfters.evaluate(RunAfters.java:27)
	at org.junit.runners.ParentRunner.runLeaf(ParentRunner.java:271)
	at org.junit.runners.BlockJUnit4ClassRunner.runChild(BlockJUnit4ClassRunner.java:70)
	at org.junit.runners.BlockJUnit4ClassRunner.runChild(BlockJUnit4ClassRunner.java:50)
	at org.junit.runners.ParentRunner$3.run(ParentRunner.java:238)
	at org.junit.runners.ParentRunner$1.schedule(ParentRunner.java:63)
	at org.junit.runners.ParentRunner.runChildren(ParentRunner.java:236)
	at org.junit.runners.ParentRunner.access$000(ParentRunner.java:53)
	at org.junit.runners.ParentRunner$2.evaluate(ParentRunner.java:229)
	at org.junit.runners.ParentRunner.run(ParentRunner.java:309)
	at org.apache.maven.surefire.junit4.JUnit4Provider.execute(JUnit4Provider.java:365)
	at org.apache.maven.surefire.junit4.JUnit4Provider.executeWithRerun(JUnit4Provider.java:273)
	at org.apache.maven.surefire.junit4.JUnit4Provider.executeTestSet(JUnit4Provider.java:238)
	at org.apache.maven.surefire.junit4.JUnit4Provider.invoke(JUnit4Provider.java:159)
	at org.apache.maven.surefire.booter.ForkedBooter.invokeProviderInSameClassLoader(ForkedBooter.java:384)
	at org.apache.maven.surefire.booter.ForkedBooter.runSuitesInProcess(ForkedBooter.java:345)
	at org.apache.maven.surefire.booter.ForkedBooter.execute(ForkedBooter.java:126)
	at org.apache.maven.surefire.booter.ForkedBooter.main(ForkedBooter.java:418)
</error>
    <system-out><![CDATA[2019-11-15 00:57:16,695 [main] WARN  server.ServerUtils (ServerUtils.java:getScmDbDir(145)) - ozone.scm.db.dirs is not configured. We recommend adding this setting. Falling back to ozone.metadata.dirs instead.
2019-11-15 00:57:16,720 [main] WARN  server.ServerUtils (ServerUtils.java:getScmDbDir(145)) - ozone.scm.db.dirs is not configured. We recommend adding this setting. Falling back to ozone.metadata.dirs instead.
2019-11-15 00:57:16,720 [main] WARN  server.ServerUtils (ServerUtils.java:getScmDbDir(145)) - ozone.scm.db.dirs is not configured. We recommend adding this setting. Falling back to ozone.metadata.dirs instead.
2019-11-15 00:57:16,721 [main] INFO  db.DBStoreBuilder (DBStoreBuilder.java:addTable(127)) - using custom profile for table: deletedBlocks
2019-11-15 00:57:16,721 [main] INFO  db.DBStoreBuilder (DBStoreBuilder.java:processTables(183)) - Using default column profile:DBProfile.DISK for Table:deletedBlocks
2019-11-15 00:57:16,721 [main] INFO  db.DBStoreBuilder (DBStoreBuilder.java:addTable(127)) - using custom profile for table: validCerts
2019-11-15 00:57:16,721 [main] INFO  db.DBStoreBuilder (DBStoreBuilder.java:processTables(183)) - Using default column profile:DBProfile.DISK for Table:validCerts
2019-11-15 00:57:16,722 [main] INFO  db.DBStoreBuilder (DBStoreBuilder.java:addTable(127)) - using custom profile for table: revokedCerts
2019-11-15 00:57:16,722 [main] INFO  db.DBStoreBuilder (DBStoreBuilder.java:processTables(183)) - Using default column profile:DBProfile.DISK for Table:revokedCerts
2019-11-15 00:57:16,722 [main] INFO  db.DBStoreBuilder (DBStoreBuilder.java:addTable(127)) - using custom profile for table: default
2019-11-15 00:57:16,722 [main] INFO  db.DBStoreBuilder (DBStoreBuilder.java:processTables(189)) - Using default column profile:DBProfile.DISK for Table:default
2019-11-15 00:57:16,722 [main] INFO  db.DBStoreBuilder (DBStoreBuilder.java:getDbProfile(220)) - Using default options. DBProfile.DISK
2019-11-15 00:57:16,877 [main] INFO  net.NodeSchemaLoader (NodeSchemaLoader.java:loadSchemaFromFile(125)) - Loading file from sun.misc.CompoundEnumeration@3a1706e1
2019-11-15 00:57:16,877 [main] INFO  net.NodeSchemaLoader (NodeSchemaLoader.java:loadSchema(171)) - Loading network topology layer schema file
2019-11-15 00:57:16,884 [main] INFO  node.SCMNodeManager (SCMNodeManager.java:<init>(116)) - Entering startup safe mode.
2019-11-15 00:57:16,885 [main] INFO  algorithms.ContainerPlacementPolicyFactory (ContainerPlacementPolicyFactory.java:getPolicy(57)) - Create container placement policy of type org.apache.hadoop.hdds.scm.container.placement.algorithms.SCMContainerPlacementRandom
2019-11-15 00:57:16,885 [main] WARN  server.ServerUtils (ServerUtils.java:getScmDbDir(145)) - ozone.scm.db.dirs is not configured. We recommend adding this setting. Falling back to ozone.metadata.dirs instead.
2019-11-15 00:57:16,934 [main] INFO  pipeline.SCMPipelineManager (SCMPipelineManager.java:initializePipelineState(132)) - No pipeline exists in current db
2019-11-15 00:57:16,934 [main] WARN  server.ServerUtils (ServerUtils.java:getScmDbDir(145)) - ozone.scm.db.dirs is not configured. We recommend adding this setting. Falling back to ozone.metadata.dirs instead.
2019-11-15 00:57:16,982 [main] WARN  events.EventQueue (EventQueue.java:fireEvent(183)) - No event handler registered for event TypedEvent{payloadType=SafeModeStatus, name='SafeModeStatus'}
2019-11-15 00:57:16,983 [main] INFO  ipc.CallQueueManager (CallQueueManager.java:<init>(84)) - Using callQueue: class java.util.concurrent.LinkedBlockingQueue, queueCapacity: 2000, scheduler: class org.apache.hadoop.ipc.DefaultRpcScheduler, ipcBackoff: false.
2019-11-15 00:57:16,984 [Socket Reader #1 for port 39845] INFO  ipc.Server (Server.java:run(1074)) - Starting Socket Reader #1 for port 39845
2019-11-15 00:57:16,987 [main] INFO  ipc.CallQueueManager (CallQueueManager.java:<init>(84)) - Using callQueue: class java.util.concurrent.LinkedBlockingQueue, queueCapacity: 2000, scheduler: class org.apache.hadoop.ipc.DefaultRpcScheduler, ipcBackoff: false.
2019-11-15 00:57:16,987 [Socket Reader #1 for port 40581] INFO  ipc.Server (Server.java:run(1074)) - Starting Socket Reader #1 for port 40581
2019-11-15 00:57:16,989 [main] INFO  ipc.CallQueueManager (CallQueueManager.java:<init>(84)) - Using callQueue: class java.util.concurrent.LinkedBlockingQueue, queueCapacity: 2000, scheduler: class org.apache.hadoop.ipc.DefaultRpcScheduler, ipcBackoff: false.
2019-11-15 00:57:16,990 [Socket Reader #1 for port 35120] INFO  ipc.Server (Server.java:run(1074)) - Starting Socket Reader #1 for port 35120
2019-11-15 00:57:16,992 [main] INFO  hdfs.DFSUtil (DFSUtil.java:httpServerTemplateForNNAndJN(1641)) - Starting Web-server for scm at: http://0.0.0.0:0
2019-11-15 00:57:16,995 [main] INFO  server.AuthenticationFilter (AuthenticationFilter.java:constructSecretProvider(240)) - Unable to initialize FileSignerSecretProvider, falling back to use random secrets.
2019-11-15 00:57:16,996 [main] WARN  http.HttpRequestLog (HttpRequestLog.java:getRequestLog(97)) - Jetty request log can only be enabled using Log4j
2019-11-15 00:57:16,998 [main] INFO  http.HttpServer2 (HttpServer2.java:addGlobalFilter(975)) - Added global filter 'safety' (class=org.apache.hadoop.http.HttpServer2$QuotingInputFilter)
2019-11-15 00:57:16,999 [main] INFO  http.HttpServer2 (HttpServer2.java:addFilter(948)) - Added filter static_user_filter (class=org.apache.hadoop.http.lib.StaticUserWebFilter$StaticUserFilter) to context scm
2019-11-15 00:57:16,999 [main] INFO  http.HttpServer2 (HttpServer2.java:addFilter(958)) - Added filter static_user_filter (class=org.apache.hadoop.http.lib.StaticUserWebFilter$StaticUserFilter) to context logs
2019-11-15 00:57:17,000 [main] INFO  http.HttpServer2 (HttpServer2.java:addFilter(958)) - Added filter static_user_filter (class=org.apache.hadoop.http.lib.StaticUserWebFilter$StaticUserFilter) to context static
2019-11-15 00:57:17,003 [main] INFO  server.StorageContainerManager (StorageContainerManager.java:start(766)) - StorageContainerLocationProtocol RPC server is listening at /0.0.0.0:35120
2019-11-15 00:57:17,006 [main] WARN  impl.MetricsConfig (MetricsConfig.java:loadFirst(134)) - Cannot locate configuration: tried hadoop-metrics2-storagecontainermanager.properties,hadoop-metrics2.properties
2019-11-15 00:57:17,007 [main] INFO  impl.MetricsSystemImpl (MetricsSystemImpl.java:startTimer(374)) - Scheduled Metric snapshot period at 10 second(s).
2019-11-15 00:57:17,008 [main] INFO  impl.MetricsSystemImpl (MetricsSystemImpl.java:start(191)) - StorageContainerManager metrics system started
2019-11-15 00:57:17,071 [main] WARN  impl.MetricsSystemImpl (MetricsSystemImpl.java:register(276)) - Sink prometheus already exists!
2019-11-15 00:57:17,076 [main] INFO  server.SCMClientProtocolServer (SCMClientProtocolServer.java:start(160)) - RPC server for Client  is listening at /0.0.0.0:35120
2019-11-15 00:57:17,076 [IPC Server Responder] INFO  ipc.Server (Server.java:run(1314)) - IPC Server Responder: starting
2019-11-15 00:57:17,076 [IPC Server listener on 35120] INFO  ipc.Server (Server.java:run(1153)) - IPC Server listener on 35120: starting
2019-11-15 00:57:17,080 [main] INFO  server.StorageContainerManager (StorageContainerManager.java:start(776)) - ScmBlockLocationProtocol RPC server is listening at /0.0.0.0:40581
2019-11-15 00:57:17,081 [main] INFO  server.SCMBlockProtocolServer (SCMBlockProtocolServer.java:start(146)) - RPC server for Block Protocol is listening at /0.0.0.0:40581
2019-11-15 00:57:17,082 [IPC Server Responder] INFO  ipc.Server (Server.java:run(1314)) - IPC Server Responder: starting
2019-11-15 00:57:17,082 [IPC Server listener on 40581] INFO  ipc.Server (Server.java:run(1153)) - IPC Server listener on 40581: starting
2019-11-15 00:57:17,085 [main] INFO  server.StorageContainerManager (StorageContainerManager.java:start(780)) - ScmDatanodeProtocl RPC server is listening at /0.0.0.0:39845
2019-11-15 00:57:17,086 [main] INFO  server.SCMDatanodeProtocolServer (SCMDatanodeProtocolServer.java:start(169)) - RPC server for DataNodes is listening at /0.0.0.0:39845
2019-11-15 00:57:17,086 [IPC Server Responder] INFO  ipc.Server (Server.java:run(1314)) - IPC Server Responder: starting
2019-11-15 00:57:17,086 [IPC Server listener on 39845] INFO  ipc.Server (Server.java:run(1153)) - IPC Server listener on 39845: starting
2019-11-15 00:57:17,091 [main] INFO  http.HttpServer2 (HttpServer2.java:bindListener(1191)) - Jetty bound to port 39761
2019-11-15 00:57:17,091 [main] INFO  server.Server (Server.java:doStart(351)) - jetty-9.3.25.v20180904, build timestamp: 2018-09-04T21:11:46Z, git hash: 3ce520221d0240229c862b122d2b06c12a625732
2019-11-15 00:57:17,094 [main] INFO  handler.ContextHandler (ContextHandler.java:doStart(781)) - Started o.e.j.s.ServletContextHandler@7eb200ce{/logs,file:///workdir/hadoop-ozone/integration-test/target/log,AVAILABLE}
2019-11-15 00:57:17,094 [main] INFO  handler.ContextHandler (ContextHandler.java:doStart(781)) - Started o.e.j.s.ServletContextHandler@7c2924d7{/static,file:///workdir/hadoop-ozone/integration-test/target/test-classes/webapps/static,AVAILABLE}
2019-11-15 00:57:17,099 [main] INFO  handler.ContextHandler (ContextHandler.java:doStart(781)) - Started o.e.j.w.WebAppContext@60c1663c{/,file:///workdir/hadoop-ozone/integration-test/target/test-classes/webapps/scm/,AVAILABLE}{/scm}
2019-11-15 00:57:17,100 [main] INFO  server.AbstractConnector (AbstractConnector.java:doStart(278)) - Started ServerConnector@f5cf29b{HTTP/1.1,[http/1.1]}{0.0.0.0:39761}
2019-11-15 00:57:17,101 [main] INFO  server.Server (Server.java:doStart(419)) - Started @86585ms
2019-11-15 00:57:17,101 [main] WARN  impl.MetricsSystemImpl (MetricsSystemImpl.java:register(276)) - Sink prometheus already exists!
2019-11-15 00:57:17,102 [main] INFO  server.BaseHttpServer (BaseHttpServer.java:updateConnectorAddress(215)) - HTTP server of SCM is listening at http://0.0.0.0:39761
2019-11-15 00:57:17,103 [main] WARN  server.ServerUtils (ServerUtils.java:getDBPath(222)) - ozone.om.db.dirs is not configured. We recommend adding this setting. Falling back to ozone.metadata.dirs instead.
2019-11-15 00:57:17,103 [org.apache.hadoop.util.JvmPauseMonitor$Monitor@37e69c43] INFO  util.JvmPauseMonitor (JvmPauseMonitor.java:run(188)) - Starting JVM pause monitor
2019-11-15 00:57:17,118 [main] INFO  ha.OMHANodeDetails (OMHANodeDetails.java:loadOMHAConfig(190)) - Configuration either no ozone.om.address set. Falling back to the default OM address /127.0.0.1:0
2019-11-15 00:57:17,118 [main] INFO  ha.OMHANodeDetails (OMHANodeDetails.java:getOMNodeDetails(220)) - OM Service ID is not set. Setting it to the default ID: omServiceIdDefault
2019-11-15 00:57:17,118 [main] WARN  server.ServerUtils (ServerUtils.java:getDBPath(222)) - ozone.om.db.dirs is not configured. We recommend adding this setting. Falling back to ozone.metadata.dirs instead.
2019-11-15 00:57:17,119 [main] WARN  server.ServerUtils (ServerUtils.java:getDBPath(222)) - ozone.om.db.dirs is not configured. We recommend adding this setting. Falling back to ozone.metadata.dirs instead.
2019-11-15 00:57:17,127 [main] WARN  server.ServerUtils (ServerUtils.java:getDBPath(222)) - ozone.om.db.dirs is not configured. We recommend adding this setting. Falling back to ozone.metadata.dirs instead.
2019-11-15 00:57:17,127 [main] INFO  db.DBStoreBuilder (DBStoreBuilder.java:addTable(127)) - using custom profile for table: userTable
2019-11-15 00:57:17,127 [main] INFO  db.DBStoreBuilder (DBStoreBuilder.java:processTables(183)) - Using default column profile:DBProfile.DISK for Table:userTable
2019-11-15 00:57:17,128 [main] INFO  db.DBStoreBuilder (DBStoreBuilder.java:addTable(127)) - using custom profile for table: volumeTable
2019-11-15 00:57:17,128 [main] INFO  db.DBStoreBuilder (DBStoreBuilder.java:processTables(183)) - Using default column profile:DBProfile.DISK for Table:volumeTable
2019-11-15 00:57:17,128 [main] INFO  db.DBStoreBuilder (DBStoreBuilder.java:addTable(127)) - using custom profile for table: bucketTable
2019-11-15 00:57:17,128 [main] INFO  db.DBStoreBuilder (DBStoreBuilder.java:processTables(183)) - Using default column profile:DBProfile.DISK for Table:bucketTable
2019-11-15 00:57:17,128 [main] INFO  db.DBStoreBuilder (DBStoreBuilder.java:addTable(127)) - using custom profile for table: keyTable
2019-11-15 00:57:17,128 [main] INFO  db.DBStoreBuilder (DBStoreBuilder.java:processTables(183)) - Using default column profile:DBProfile.DISK for Table:keyTable
2019-11-15 00:57:17,129 [main] INFO  db.DBStoreBuilder (DBStoreBuilder.java:addTable(127)) - using custom profile for table: deletedTable
2019-11-15 00:57:17,129 [main] INFO  db.DBStoreBuilder (DBStoreBuilder.java:processTables(183)) - Using default column profile:DBProfile.DISK for Table:deletedTable
2019-11-15 00:57:17,129 [main] INFO  db.DBStoreBuilder (DBStoreBuilder.java:addTable(127)) - using custom profile for table: openKeyTable
2019-11-15 00:57:17,129 [main] INFO  db.DBStoreBuilder (DBStoreBuilder.java:processTables(183)) - Using default column profile:DBProfile.DISK for Table:openKeyTable
2019-11-15 00:57:17,129 [main] INFO  db.DBStoreBuilder (DBStoreBuilder.java:addTable(127)) - using custom profile for table: s3Table
2019-11-15 00:57:17,130 [main] INFO  db.DBStoreBuilder (DBStoreBuilder.java:processTables(183)) - Using default column profile:DBProfile.DISK for Table:s3Table
2019-11-15 00:57:17,130 [main] INFO  db.DBStoreBuilder (DBStoreBuilder.java:addTable(127)) - using custom profile for table: multipartInfoTable
2019-11-15 00:57:17,130 [main] INFO  db.DBStoreBuilder (DBStoreBuilder.java:processTables(183)) - Using default column profile:DBProfile.DISK for Table:multipartInfoTable
2019-11-15 00:57:17,130 [main] INFO  db.DBStoreBuilder (DBStoreBuilder.java:addTable(127)) - using custom profile for table: dTokenTable
2019-11-15 00:57:17,130 [main] INFO  db.DBStoreBuilder (DBStoreBuilder.java:processTables(183)) - Using default column profile:DBProfile.DISK for Table:dTokenTable
2019-11-15 00:57:17,130 [main] INFO  db.DBStoreBuilder (DBStoreBuilder.java:addTable(127)) - using custom profile for table: s3SecretTable
2019-11-15 00:57:17,131 [main] INFO  db.DBStoreBuilder (DBStoreBuilder.java:processTables(183)) - Using default column profile:DBProfile.DISK for Table:s3SecretTable
2019-11-15 00:57:17,131 [main] INFO  db.DBStoreBuilder (DBStoreBuilder.java:addTable(127)) - using custom profile for table: prefixTable
2019-11-15 00:57:17,131 [main] INFO  db.DBStoreBuilder (DBStoreBuilder.java:processTables(183)) - Using default column profile:DBProfile.DISK for Table:prefixTable
2019-11-15 00:57:17,131 [main] INFO  db.DBStoreBuilder (DBStoreBuilder.java:addTable(127)) - using custom profile for table: default
2019-11-15 00:57:17,131 [main] INFO  db.DBStoreBuilder (DBStoreBuilder.java:processTables(189)) - Using default column profile:DBProfile.DISK for Table:default
2019-11-15 00:57:17,132 [main] INFO  db.DBStoreBuilder (DBStoreBuilder.java:getDbProfile(220)) - Using default options. DBProfile.DISK
2019-11-15 00:57:17,478 [main] INFO  ipc.CallQueueManager (CallQueueManager.java:<init>(84)) - Using callQueue: class java.util.concurrent.LinkedBlockingQueue, queueCapacity: 2000, scheduler: class org.apache.hadoop.ipc.DefaultRpcScheduler, ipcBackoff: false.
2019-11-15 00:57:17,479 [Socket Reader #1 for port 45410] INFO  ipc.Server (Server.java:run(1074)) - Starting Socket Reader #1 for port 45410
2019-11-15 00:57:17,496 [main] INFO  om.OzoneManager (OzoneManager.java:start(1077)) - OzoneManager RPC server is listening at localhost/127.0.0.1:45410
2019-11-15 00:57:17,497 [main] INFO  impl.MetricsSystemImpl (MetricsSystemImpl.java:init(158)) - OzoneManager metrics system started (again)
2019-11-15 00:57:17,499 [IPC Server Responder] INFO  ipc.Server (Server.java:run(1314)) - IPC Server Responder: starting
2019-11-15 00:57:17,500 [IPC Server listener on 45410] INFO  ipc.Server (Server.java:run(1153)) - IPC Server listener on 45410: starting
2019-11-15 00:57:17,505 [main] INFO  hdfs.DFSUtil (DFSUtil.java:httpServerTemplateForNNAndJN(1641)) - Starting Web-server for ozoneManager at: http://0.0.0.0:0
2019-11-15 00:57:17,507 [main] INFO  server.AuthenticationFilter (AuthenticationFilter.java:constructSecretProvider(240)) - Unable to initialize FileSignerSecretProvider, falling back to use random secrets.
2019-11-15 00:57:17,507 [main] WARN  http.HttpRequestLog (HttpRequestLog.java:getRequestLog(97)) - Jetty request log can only be enabled using Log4j
2019-11-15 00:57:17,509 [main] INFO  http.HttpServer2 (HttpServer2.java:addGlobalFilter(975)) - Added global filter 'safety' (class=org.apache.hadoop.http.HttpServer2$QuotingInputFilter)
2019-11-15 00:57:17,510 [main] INFO  http.HttpServer2 (HttpServer2.java:addFilter(948)) - Added filter static_user_filter (class=org.apache.hadoop.http.lib.StaticUserWebFilter$StaticUserFilter) to context ozoneManager
2019-11-15 00:57:17,510 [main] INFO  http.HttpServer2 (HttpServer2.java:addFilter(958)) - Added filter static_user_filter (class=org.apache.hadoop.http.lib.StaticUserWebFilter$StaticUserFilter) to context logs
2019-11-15 00:57:17,510 [main] INFO  http.HttpServer2 (HttpServer2.java:addFilter(958)) - Added filter static_user_filter (class=org.apache.hadoop.http.lib.StaticUserWebFilter$StaticUserFilter) to context static
2019-11-15 00:57:17,511 [main] INFO  http.HttpServer2 (HttpServer2.java:bindListener(1191)) - Jetty bound to port 43207
2019-11-15 00:57:17,511 [main] INFO  server.Server (Server.java:doStart(351)) - jetty-9.3.25.v20180904, build timestamp: 2018-09-04T21:11:46Z, git hash: 3ce520221d0240229c862b122d2b06c12a625732
2019-11-15 00:57:17,513 [main] INFO  handler.ContextHandler (ContextHandler.java:doStart(781)) - Started o.e.j.s.ServletContextHandler@4ace284d{/logs,file:///workdir/hadoop-ozone/integration-test/target/log,AVAILABLE}
2019-11-15 00:57:17,513 [main] INFO  handler.ContextHandler (ContextHandler.java:doStart(781)) - Started o.e.j.s.ServletContextHandler@76d72b5b{/static,file:///workdir/hadoop-ozone/integration-test/target/test-classes/webapps/static,AVAILABLE}
2019-11-15 00:57:17,517 [main] INFO  handler.ContextHandler (ContextHandler.java:doStart(781)) - Started o.e.j.w.WebAppContext@36c2d629{/,file:///workdir/hadoop-ozone/integration-test/target/test-classes/webapps/ozoneManager/,AVAILABLE}{/ozoneManager}
2019-11-15 00:57:17,518 [main] INFO  server.AbstractConnector (AbstractConnector.java:doStart(278)) - Started ServerConnector@55fee662{HTTP/1.1,[http/1.1]}{0.0.0.0:43207}
2019-11-15 00:57:17,518 [main] INFO  server.Server (Server.java:doStart(419)) - Started @87003ms
2019-11-15 00:57:17,519 [main] WARN  impl.MetricsSystemImpl (MetricsSystemImpl.java:register(276)) - Sink prometheus already exists!
2019-11-15 00:57:17,519 [main] INFO  server.BaseHttpServer (BaseHttpServer.java:updateConnectorAddress(215)) - HTTP server of OZONEMANAGER is listening at http://0.0.0.0:43207
2019-11-15 00:57:17,545 [main] INFO  impl.MetricsSystemImpl (MetricsSystemImpl.java:init(158)) - HddsDatanode metrics system started (again)
2019-11-15 00:57:17,548 [main] INFO  ozone.HddsDatanodeService (HddsDatanodeService.java:start(186)) - HddsDatanodeService host:pr-hdds-2442-bxv5b-1523879440 ip:192.168.164.208
2019-11-15 00:57:17,555 [main] INFO  volume.HddsVolume (HddsVolume.java:<init>(176)) - Creating Volume: /workdir/hadoop-ozone/integration-test/target/test-dir/MiniOzoneClusterImpl-8fc52630-20fd-4955-97d1-2a2852f9ee58/datanode-0/data/containers/hdds of  storage type : DISK and capacity : 1482555576320
2019-11-15 00:57:17,555 [main] INFO  volume.VolumeSet (VolumeSet.java:initializeVolumeSet(170)) - Added Volume : /workdir/hadoop-ozone/integration-test/target/test-dir/MiniOzoneClusterImpl-8fc52630-20fd-4955-97d1-2a2852f9ee58/datanode-0/data/containers/hdds to VolumeSet
2019-11-15 00:57:17,556 [main] INFO  volume.ThrottledAsyncChecker (ThrottledAsyncChecker.java:schedule(141)) - Scheduling a check for /workdir/hadoop-ozone/integration-test/target/test-dir/MiniOzoneClusterImpl-8fc52630-20fd-4955-97d1-2a2852f9ee58/datanode-0/data/containers/hdds
2019-11-15 00:57:17,556 [main] INFO  volume.HddsVolumeChecker (HddsVolumeChecker.java:checkAllVolumes(204)) - Scheduled health check for volume /workdir/hadoop-ozone/integration-test/target/test-dir/MiniOzoneClusterImpl-8fc52630-20fd-4955-97d1-2a2852f9ee58/datanode-0/data/containers/hdds
2019-11-15 00:57:17,570 [main] INFO  impl.RaftServerProxy (ConfUtils.java:logGet(43)) - raft.rpc.type = GRPC (default)
2019-11-15 00:57:17,570 [main] INFO  grpc.GrpcFactory (GrpcFactory.java:checkPooledByteBufAllocatorUseCacheForAllThreads(45)) - PERFORMANCE WARNING: useCacheForAllThreads is true that may cause Netty to create a lot garbage objects and, as a result, trigger GC.
	It is recommended to disable useCacheForAllThreads by setting -Dorg.apache.ratis.thirdparty.io.netty.allocator.useCacheForAllThreads=false in command line.
2019-11-15 00:57:17,570 [main] INFO  grpc.GrpcConfigKeys$Server (ConfUtils.java:logGet(43)) - raft.grpc.server.port = 0 (default)
2019-11-15 00:57:17,571 [main] INFO  server.GrpcService (ConfUtils.java:logGet(43)) - raft.grpc.message.size.max = 33570816 (custom)
2019-11-15 00:57:17,571 [main] INFO  server.RaftServerConfigKeys (ConfUtils.java:logGet(43)) - raft.server.log.appender.buffer.byte-limit = 33554432 (custom)
2019-11-15 00:57:17,571 [main] INFO  server.GrpcService (ConfUtils.java:logGet(43)) - raft.grpc.flow.control.window = 1MB (=1048576) (default)
2019-11-15 00:57:17,571 [main] INFO  server.RaftServerConfigKeys (ConfUtils.java:logGet(43)) - raft.server.rpc.request.timeout = 3000ms (default)
2019-11-15 00:57:17,571 [main] INFO  server.RaftServerConfigKeys (ConfUtils.java:logGet(43)) - raft.server.storage.dir = [/workdir/hadoop-ozone/integration-test/target/test-dir/MiniOzoneClusterImpl-8fc52630-20fd-4955-97d1-2a2852f9ee58/datanode-0/data/ratis] (custom)
2019-11-15 00:57:17,573 [main] INFO  hdfs.DFSUtil (DFSUtil.java:httpServerTemplateForNNAndJN(1641)) - Starting Web-server for hddsDatanode at: http://0.0.0.0:0
2019-11-15 00:57:17,575 [main] INFO  server.AuthenticationFilter (AuthenticationFilter.java:constructSecretProvider(240)) - Unable to initialize FileSignerSecretProvider, falling back to use random secrets.
2019-11-15 00:57:17,575 [main] WARN  http.HttpRequestLog (HttpRequestLog.java:getRequestLog(97)) - Jetty request log can only be enabled using Log4j
2019-11-15 00:57:17,577 [main] INFO  http.HttpServer2 (HttpServer2.java:addGlobalFilter(975)) - Added global filter 'safety' (class=org.apache.hadoop.http.HttpServer2$QuotingInputFilter)
2019-11-15 00:57:17,578 [main] INFO  http.HttpServer2 (HttpServer2.java:addFilter(948)) - Added filter static_user_filter (class=org.apache.hadoop.http.lib.StaticUserWebFilter$StaticUserFilter) to context hddsDatanode
2019-11-15 00:57:17,578 [main] INFO  http.HttpServer2 (HttpServer2.java:addFilter(958)) - Added filter static_user_filter (class=org.apache.hadoop.http.lib.StaticUserWebFilter$StaticUserFilter) to context static
2019-11-15 00:57:17,578 [main] INFO  http.HttpServer2 (HttpServer2.java:addFilter(958)) - Added filter static_user_filter (class=org.apache.hadoop.http.lib.StaticUserWebFilter$StaticUserFilter) to context logs
2019-11-15 00:57:17,579 [main] INFO  http.HttpServer2 (HttpServer2.java:bindListener(1191)) - Jetty bound to port 38397
2019-11-15 00:57:17,579 [main] INFO  server.Server (Server.java:doStart(351)) - jetty-9.3.25.v20180904, build timestamp: 2018-09-04T21:11:46Z, git hash: 3ce520221d0240229c862b122d2b06c12a625732
2019-11-15 00:57:17,581 [main] INFO  handler.ContextHandler (ContextHandler.java:doStart(781)) - Started o.e.j.s.ServletContextHandler@2bfaba70{/logs,file:///workdir/hadoop-ozone/integration-test/target/log,AVAILABLE}
2019-11-15 00:57:17,582 [main] INFO  handler.ContextHandler (ContextHandler.java:doStart(781)) - Started o.e.j.s.ServletContextHandler@9301672{/static,jar:file:/home/user/.m2/repository/org/apache/hadoop/hadoop-hdds-container-service/0.5.0-SNAPSHOT/hadoop-hdds-container-service-0.5.0-SNAPSHOT.jar!/webapps/static,AVAILABLE}
2019-11-15 00:57:17,614 [main] INFO  handler.ContextHandler (ContextHandler.java:doStart(781)) - Started o.e.j.w.WebAppContext@7ddd84b5{/,file:///tmp/jetty-0.0.0.0-38397-hddsDatanode-_-any-2623861413865514492.dir/webapp/,AVAILABLE}{/hddsDatanode}
2019-11-15 00:57:17,614 [main] INFO  server.AbstractConnector (AbstractConnector.java:doStart(278)) - Started ServerConnector@73aeef7d{HTTP/1.1,[http/1.1]}{0.0.0.0:38397}
2019-11-15 00:57:17,615 [main] INFO  server.Server (Server.java:doStart(419)) - Started @87100ms
2019-11-15 00:57:17,616 [main] WARN  impl.MetricsSystemImpl (MetricsSystemImpl.java:register(276)) - Sink prometheus already exists!
2019-11-15 00:57:17,617 [main] INFO  server.BaseHttpServer (BaseHttpServer.java:updateConnectorAddress(215)) - HTTP server of HDDSDATANODE is listening at http://0.0.0.0:38397
2019-11-15 00:57:17,617 [main] INFO  impl.MetricsSystemImpl (MetricsSystemImpl.java:init(158)) - HddsDatanode metrics system started (again)
2019-11-15 00:57:17,618 [main] INFO  ozone.HddsDatanodeService (HddsDatanodeService.java:start(186)) - HddsDatanodeService host:pr-hdds-2442-bxv5b-1523879440 ip:192.168.164.208
2019-11-15 00:57:17,619 [org.apache.hadoop.util.JvmPauseMonitor$Monitor@5ea12c40] INFO  util.JvmPauseMonitor (JvmPauseMonitor.java:run(188)) - Starting JVM pause monitor
2019-11-15 00:57:17,623 [Datanode State Machine Thread - 0] INFO  datanode.InitDatanodeState (InitDatanodeState.java:persistContainerDatanodeDetails(140)) - DatanodeDetails is persisted to /workdir/hadoop-ozone/integration-test/target/test-dir/MiniOzoneClusterImpl-8fc52630-20fd-4955-97d1-2a2852f9ee58/datanode-0/meta/datanode.id
2019-11-15 00:57:17,626 [main] INFO  volume.HddsVolume (HddsVolume.java:<init>(176)) - Creating Volume: /workdir/hadoop-ozone/integration-test/target/test-dir/MiniOzoneClusterImpl-8fc52630-20fd-4955-97d1-2a2852f9ee58/datanode-1/data/containers/hdds of  storage type : DISK and capacity : 1482555576320
2019-11-15 00:57:17,626 [main] INFO  volume.VolumeSet (VolumeSet.java:initializeVolumeSet(170)) - Added Volume : /workdir/hadoop-ozone/integration-test/target/test-dir/MiniOzoneClusterImpl-8fc52630-20fd-4955-97d1-2a2852f9ee58/datanode-1/data/containers/hdds to VolumeSet
2019-11-15 00:57:17,626 [main] INFO  volume.ThrottledAsyncChecker (ThrottledAsyncChecker.java:schedule(141)) - Scheduling a check for /workdir/hadoop-ozone/integration-test/target/test-dir/MiniOzoneClusterImpl-8fc52630-20fd-4955-97d1-2a2852f9ee58/datanode-1/data/containers/hdds
2019-11-15 00:57:17,627 [main] INFO  volume.HddsVolumeChecker (HddsVolumeChecker.java:checkAllVolumes(204)) - Scheduled health check for volume /workdir/hadoop-ozone/integration-test/target/test-dir/MiniOzoneClusterImpl-8fc52630-20fd-4955-97d1-2a2852f9ee58/datanode-1/data/containers/hdds
2019-11-15 00:57:17,640 [main] INFO  impl.RaftServerProxy (ConfUtils.java:logGet(43)) - raft.rpc.type = GRPC (default)
2019-11-15 00:57:17,641 [main] INFO  grpc.GrpcFactory (GrpcFactory.java:checkPooledByteBufAllocatorUseCacheForAllThreads(45)) - PERFORMANCE WARNING: useCacheForAllThreads is true that may cause Netty to create a lot garbage objects and, as a result, trigger GC.
	It is recommended to disable useCacheForAllThreads by setting -Dorg.apache.ratis.thirdparty.io.netty.allocator.useCacheForAllThreads=false in command line.
2019-11-15 00:57:17,641 [main] INFO  grpc.GrpcConfigKeys$Server (ConfUtils.java:logGet(43)) - raft.grpc.server.port = 0 (default)
2019-11-15 00:57:17,641 [main] INFO  server.GrpcService (ConfUtils.java:logGet(43)) - raft.grpc.message.size.max = 33570816 (custom)
2019-11-15 00:57:17,641 [main] INFO  server.RaftServerConfigKeys (ConfUtils.java:logGet(43)) - raft.server.log.appender.buffer.byte-limit = 33554432 (custom)
2019-11-15 00:57:17,641 [main] INFO  server.GrpcService (ConfUtils.java:logGet(43)) - raft.grpc.flow.control.window = 1MB (=1048576) (default)
2019-11-15 00:57:17,641 [main] INFO  server.RaftServerConfigKeys (ConfUtils.java:logGet(43)) - raft.server.rpc.request.timeout = 3000ms (default)
2019-11-15 00:57:17,642 [main] INFO  server.RaftServerConfigKeys (ConfUtils.java:logGet(43)) - raft.server.storage.dir = [/workdir/hadoop-ozone/integration-test/target/test-dir/MiniOzoneClusterImpl-8fc52630-20fd-4955-97d1-2a2852f9ee58/datanode-1/data/ratis] (custom)
2019-11-15 00:57:17,643 [main] INFO  hdfs.DFSUtil (DFSUtil.java:httpServerTemplateForNNAndJN(1641)) - Starting Web-server for hddsDatanode at: http://0.0.0.0:0
2019-11-15 00:57:17,645 [main] INFO  server.AuthenticationFilter (AuthenticationFilter.java:constructSecretProvider(240)) - Unable to initialize FileSignerSecretProvider, falling back to use random secrets.
2019-11-15 00:57:17,645 [main] WARN  http.HttpRequestLog (HttpRequestLog.java:getRequestLog(97)) - Jetty request log can only be enabled using Log4j
2019-11-15 00:57:17,646 [main] INFO  http.HttpServer2 (HttpServer2.java:addGlobalFilter(975)) - Added global filter 'safety' (class=org.apache.hadoop.http.HttpServer2$QuotingInputFilter)
2019-11-15 00:57:17,647 [main] INFO  http.HttpServer2 (HttpServer2.java:addFilter(948)) - Added filter static_user_filter (class=org.apache.hadoop.http.lib.StaticUserWebFilter$StaticUserFilter) to context hddsDatanode
2019-11-15 00:57:17,647 [main] INFO  http.HttpServer2 (HttpServer2.java:addFilter(958)) - Added filter static_user_filter (class=org.apache.hadoop.http.lib.StaticUserWebFilter$StaticUserFilter) to context static
2019-11-15 00:57:17,647 [main] INFO  http.HttpServer2 (HttpServer2.java:addFilter(958)) - Added filter static_user_filter (class=org.apache.hadoop.http.lib.StaticUserWebFilter$StaticUserFilter) to context logs
2019-11-15 00:57:17,648 [main] INFO  http.HttpServer2 (HttpServer2.java:bindListener(1191)) - Jetty bound to port 45938
2019-11-15 00:57:17,648 [main] INFO  server.Server (Server.java:doStart(351)) - jetty-9.3.25.v20180904, build timestamp: 2018-09-04T21:11:46Z, git hash: 3ce520221d0240229c862b122d2b06c12a625732
2019-11-15 00:57:17,650 [main] INFO  handler.ContextHandler (ContextHandler.java:doStart(781)) - Started o.e.j.s.ServletContextHandler@7e351d7{/logs,file:///workdir/hadoop-ozone/integration-test/target/log,AVAILABLE}
2019-11-15 00:57:17,651 [main] INFO  handler.ContextHandler (ContextHandler.java:doStart(781)) - Started o.e.j.s.ServletContextHandler@d902300{/static,jar:file:/home/user/.m2/repository/org/apache/hadoop/hadoop-hdds-container-service/0.5.0-SNAPSHOT/hadoop-hdds-container-service-0.5.0-SNAPSHOT.jar!/webapps/static,AVAILABLE}
2019-11-15 00:57:17,681 [main] INFO  handler.ContextHandler (ContextHandler.java:doStart(781)) - Started o.e.j.w.WebAppContext@6413d7e7{/,file:///tmp/jetty-0.0.0.0-45938-hddsDatanode-_-any-8086994035162578755.dir/webapp/,AVAILABLE}{/hddsDatanode}
2019-11-15 00:57:17,681 [main] INFO  server.AbstractConnector (AbstractConnector.java:doStart(278)) - Started ServerConnector@d16be4f{HTTP/1.1,[http/1.1]}{0.0.0.0:45938}
2019-11-15 00:57:17,682 [main] INFO  server.Server (Server.java:doStart(419)) - Started @87166ms
2019-11-15 00:57:17,682 [main] WARN  impl.MetricsSystemImpl (MetricsSystemImpl.java:register(276)) - Sink prometheus already exists!
2019-11-15 00:57:17,683 [main] INFO  server.BaseHttpServer (BaseHttpServer.java:updateConnectorAddress(215)) - HTTP server of HDDSDATANODE is listening at http://0.0.0.0:45938
2019-11-15 00:57:17,683 [main] INFO  impl.MetricsSystemImpl (MetricsSystemImpl.java:init(158)) - HddsDatanode metrics system started (again)
2019-11-15 00:57:17,685 [main] INFO  ozone.HddsDatanodeService (HddsDatanodeService.java:start(186)) - HddsDatanodeService host:pr-hdds-2442-bxv5b-1523879440 ip:192.168.164.208
2019-11-15 00:57:17,685 [org.apache.hadoop.util.JvmPauseMonitor$Monitor@52567620] INFO  util.JvmPauseMonitor (JvmPauseMonitor.java:run(188)) - Starting JVM pause monitor
2019-11-15 00:57:17,688 [Datanode State Machine Thread - 0] INFO  datanode.InitDatanodeState (InitDatanodeState.java:persistContainerDatanodeDetails(140)) - DatanodeDetails is persisted to /workdir/hadoop-ozone/integration-test/target/test-dir/MiniOzoneClusterImpl-8fc52630-20fd-4955-97d1-2a2852f9ee58/datanode-1/meta/datanode.id
2019-11-15 00:57:17,692 [main] INFO  volume.HddsVolume (HddsVolume.java:<init>(176)) - Creating Volume: /workdir/hadoop-ozone/integration-test/target/test-dir/MiniOzoneClusterImpl-8fc52630-20fd-4955-97d1-2a2852f9ee58/datanode-2/data/containers/hdds of  storage type : DISK and capacity : 1482555576320
2019-11-15 00:57:17,692 [main] INFO  volume.VolumeSet (VolumeSet.java:initializeVolumeSet(170)) - Added Volume : /workdir/hadoop-ozone/integration-test/target/test-dir/MiniOzoneClusterImpl-8fc52630-20fd-4955-97d1-2a2852f9ee58/datanode-2/data/containers/hdds to VolumeSet
2019-11-15 00:57:17,692 [main] INFO  volume.ThrottledAsyncChecker (ThrottledAsyncChecker.java:schedule(141)) - Scheduling a check for /workdir/hadoop-ozone/integration-test/target/test-dir/MiniOzoneClusterImpl-8fc52630-20fd-4955-97d1-2a2852f9ee58/datanode-2/data/containers/hdds
2019-11-15 00:57:17,692 [main] INFO  volume.HddsVolumeChecker (HddsVolumeChecker.java:checkAllVolumes(204)) - Scheduled health check for volume /workdir/hadoop-ozone/integration-test/target/test-dir/MiniOzoneClusterImpl-8fc52630-20fd-4955-97d1-2a2852f9ee58/datanode-2/data/containers/hdds
2019-11-15 00:57:17,704 [main] INFO  impl.RaftServerProxy (ConfUtils.java:logGet(43)) - raft.rpc.type = GRPC (default)
2019-11-15 00:57:17,704 [main] INFO  grpc.GrpcFactory (GrpcFactory.java:checkPooledByteBufAllocatorUseCacheForAllThreads(45)) - PERFORMANCE WARNING: useCacheForAllThreads is true that may cause Netty to create a lot garbage objects and, as a result, trigger GC.
	It is recommended to disable useCacheForAllThreads by setting -Dorg.apache.ratis.thirdparty.io.netty.allocator.useCacheForAllThreads=false in command line.
2019-11-15 00:57:17,704 [main] INFO  grpc.GrpcConfigKeys$Server (ConfUtils.java:logGet(43)) - raft.grpc.server.port = 0 (default)
2019-11-15 00:57:17,704 [main] INFO  server.GrpcService (ConfUtils.java:logGet(43)) - raft.grpc.message.size.max = 33570816 (custom)
2019-11-15 00:57:17,704 [main] INFO  server.RaftServerConfigKeys (ConfUtils.java:logGet(43)) - raft.server.log.appender.buffer.byte-limit = 33554432 (custom)
2019-11-15 00:57:17,705 [main] INFO  server.GrpcService (ConfUtils.java:logGet(43)) - raft.grpc.flow.control.window = 1MB (=1048576) (default)
2019-11-15 00:57:17,705 [main] INFO  server.RaftServerConfigKeys (ConfUtils.java:logGet(43)) - raft.server.rpc.request.timeout = 3000ms (default)
2019-11-15 00:57:17,705 [main] INFO  server.RaftServerConfigKeys (ConfUtils.java:logGet(43)) - raft.server.storage.dir = [/workdir/hadoop-ozone/integration-test/target/test-dir/MiniOzoneClusterImpl-8fc52630-20fd-4955-97d1-2a2852f9ee58/datanode-2/data/ratis] (custom)
2019-11-15 00:57:17,706 [main] INFO  hdfs.DFSUtil (DFSUtil.java:httpServerTemplateForNNAndJN(1641)) - Starting Web-server for hddsDatanode at: http://0.0.0.0:0
2019-11-15 00:57:17,708 [main] INFO  server.AuthenticationFilter (AuthenticationFilter.java:constructSecretProvider(240)) - Unable to initialize FileSignerSecretProvider, falling back to use random secrets.
2019-11-15 00:57:17,708 [main] WARN  http.HttpRequestLog (HttpRequestLog.java:getRequestLog(97)) - Jetty request log can only be enabled using Log4j
2019-11-15 00:57:17,709 [main] INFO  http.HttpServer2 (HttpServer2.java:addGlobalFilter(975)) - Added global filter 'safety' (class=org.apache.hadoop.http.HttpServer2$QuotingInputFilter)
2019-11-15 00:57:17,710 [main] INFO  http.HttpServer2 (HttpServer2.java:addFilter(948)) - Added filter static_user_filter (class=org.apache.hadoop.http.lib.StaticUserWebFilter$StaticUserFilter) to context hddsDatanode
2019-11-15 00:57:17,710 [main] INFO  http.HttpServer2 (HttpServer2.java:addFilter(958)) - Added filter static_user_filter (class=org.apache.hadoop.http.lib.StaticUserWebFilter$StaticUserFilter) to context static
2019-11-15 00:57:17,710 [main] INFO  http.HttpServer2 (HttpServer2.java:addFilter(958)) - Added filter static_user_filter (class=org.apache.hadoop.http.lib.StaticUserWebFilter$StaticUserFilter) to context logs
2019-11-15 00:57:17,711 [main] INFO  http.HttpServer2 (HttpServer2.java:bindListener(1191)) - Jetty bound to port 42734
2019-11-15 00:57:17,711 [main] INFO  server.Server (Server.java:doStart(351)) - jetty-9.3.25.v20180904, build timestamp: 2018-09-04T21:11:46Z, git hash: 3ce520221d0240229c862b122d2b06c12a625732
2019-11-15 00:57:17,713 [main] INFO  handler.ContextHandler (ContextHandler.java:doStart(781)) - Started o.e.j.s.ServletContextHandler@b0fd744{/logs,file:///workdir/hadoop-ozone/integration-test/target/log,AVAILABLE}
2019-11-15 00:57:17,713 [main] INFO  handler.ContextHandler (ContextHandler.java:doStart(781)) - Started o.e.j.s.ServletContextHandler@6a1ef65c{/static,jar:file:/home/user/.m2/repository/org/apache/hadoop/hadoop-hdds-container-service/0.5.0-SNAPSHOT/hadoop-hdds-container-service-0.5.0-SNAPSHOT.jar!/webapps/static,AVAILABLE}
2019-11-15 00:57:17,742 [main] INFO  handler.ContextHandler (ContextHandler.java:doStart(781)) - Started o.e.j.w.WebAppContext@158ae284{/,file:///tmp/jetty-0.0.0.0-42734-hddsDatanode-_-any-908037178859778435.dir/webapp/,AVAILABLE}{/hddsDatanode}
2019-11-15 00:57:17,742 [main] INFO  server.AbstractConnector (AbstractConnector.java:doStart(278)) - Started ServerConnector@50eb4a2c{HTTP/1.1,[http/1.1]}{0.0.0.0:42734}
2019-11-15 00:57:17,743 [main] INFO  server.Server (Server.java:doStart(419)) - Started @87227ms
2019-11-15 00:57:17,743 [main] WARN  impl.MetricsSystemImpl (MetricsSystemImpl.java:register(276)) - Sink prometheus already exists!
2019-11-15 00:57:17,744 [main] INFO  server.BaseHttpServer (BaseHttpServer.java:updateConnectorAddress(215)) - HTTP server of HDDSDATANODE is listening at http://0.0.0.0:42734
2019-11-15 00:57:17,744 [main] INFO  impl.MetricsSystemImpl (MetricsSystemImpl.java:init(158)) - HddsDatanode metrics system started (again)
2019-11-15 00:57:17,747 [main] INFO  ozone.HddsDatanodeService (HddsDatanodeService.java:start(186)) - HddsDatanodeService host:pr-hdds-2442-bxv5b-1523879440 ip:192.168.164.208
2019-11-15 00:57:17,747 [org.apache.hadoop.util.JvmPauseMonitor$Monitor@39bbd623] INFO  util.JvmPauseMonitor (JvmPauseMonitor.java:run(188)) - Starting JVM pause monitor
2019-11-15 00:57:17,749 [Datanode State Machine Thread - 0] INFO  datanode.InitDatanodeState (InitDatanodeState.java:persistContainerDatanodeDetails(140)) - DatanodeDetails is persisted to /workdir/hadoop-ozone/integration-test/target/test-dir/MiniOzoneClusterImpl-8fc52630-20fd-4955-97d1-2a2852f9ee58/datanode-2/meta/datanode.id
2019-11-15 00:57:17,754 [main] INFO  volume.HddsVolume (HddsVolume.java:<init>(176)) - Creating Volume: /workdir/hadoop-ozone/integration-test/target/test-dir/MiniOzoneClusterImpl-8fc52630-20fd-4955-97d1-2a2852f9ee58/datanode-3/data/containers/hdds of  storage type : DISK and capacity : 1482555576320
2019-11-15 00:57:17,754 [main] INFO  volume.VolumeSet (VolumeSet.java:initializeVolumeSet(170)) - Added Volume : /workdir/hadoop-ozone/integration-test/target/test-dir/MiniOzoneClusterImpl-8fc52630-20fd-4955-97d1-2a2852f9ee58/datanode-3/data/containers/hdds to VolumeSet
2019-11-15 00:57:17,754 [main] INFO  volume.ThrottledAsyncChecker (ThrottledAsyncChecker.java:schedule(141)) - Scheduling a check for /workdir/hadoop-ozone/integration-test/target/test-dir/MiniOzoneClusterImpl-8fc52630-20fd-4955-97d1-2a2852f9ee58/datanode-3/data/containers/hdds
2019-11-15 00:57:17,755 [main] INFO  volume.HddsVolumeChecker (HddsVolumeChecker.java:checkAllVolumes(204)) - Scheduled health check for volume /workdir/hadoop-ozone/integration-test/target/test-dir/MiniOzoneClusterImpl-8fc52630-20fd-4955-97d1-2a2852f9ee58/datanode-3/data/containers/hdds
2019-11-15 00:57:17,767 [main] INFO  impl.RaftServerProxy (ConfUtils.java:logGet(43)) - raft.rpc.type = GRPC (default)
2019-11-15 00:57:17,767 [main] INFO  grpc.GrpcFactory (GrpcFactory.java:checkPooledByteBufAllocatorUseCacheForAllThreads(45)) - PERFORMANCE WARNING: useCacheForAllThreads is true that may cause Netty to create a lot garbage objects and, as a result, trigger GC.
	It is recommended to disable useCacheForAllThreads by setting -Dorg.apache.ratis.thirdparty.io.netty.allocator.useCacheForAllThreads=false in command line.
2019-11-15 00:57:17,767 [main] INFO  grpc.GrpcConfigKeys$Server (ConfUtils.java:logGet(43)) - raft.grpc.server.port = 0 (default)
2019-11-15 00:57:17,768 [main] INFO  server.GrpcService (ConfUtils.java:logGet(43)) - raft.grpc.message.size.max = 33570816 (custom)
2019-11-15 00:57:17,768 [main] INFO  server.RaftServerConfigKeys (ConfUtils.java:logGet(43)) - raft.server.log.appender.buffer.byte-limit = 33554432 (custom)
2019-11-15 00:57:17,768 [main] INFO  server.GrpcService (ConfUtils.java:logGet(43)) - raft.grpc.flow.control.window = 1MB (=1048576) (default)
2019-11-15 00:57:17,768 [main] INFO  server.RaftServerConfigKeys (ConfUtils.java:logGet(43)) - raft.server.rpc.request.timeout = 3000ms (default)
2019-11-15 00:57:17,769 [main] INFO  server.RaftServerConfigKeys (ConfUtils.java:logGet(43)) - raft.server.storage.dir = [/workdir/hadoop-ozone/integration-test/target/test-dir/MiniOzoneClusterImpl-8fc52630-20fd-4955-97d1-2a2852f9ee58/datanode-3/data/ratis] (custom)
2019-11-15 00:57:17,770 [main] INFO  hdfs.DFSUtil (DFSUtil.java:httpServerTemplateForNNAndJN(1641)) - Starting Web-server for hddsDatanode at: http://0.0.0.0:0
2019-11-15 00:57:17,771 [main] INFO  server.AuthenticationFilter (AuthenticationFilter.java:constructSecretProvider(240)) - Unable to initialize FileSignerSecretProvider, falling back to use random secrets.
2019-11-15 00:57:17,771 [main] WARN  http.HttpRequestLog (HttpRequestLog.java:getRequestLog(97)) - Jetty request log can only be enabled using Log4j
2019-11-15 00:57:17,773 [main] INFO  http.HttpServer2 (HttpServer2.java:addGlobalFilter(975)) - Added global filter 'safety' (class=org.apache.hadoop.http.HttpServer2$QuotingInputFilter)
2019-11-15 00:57:17,773 [main] INFO  http.HttpServer2 (HttpServer2.java:addFilter(948)) - Added filter static_user_filter (class=org.apache.hadoop.http.lib.StaticUserWebFilter$StaticUserFilter) to context hddsDatanode
2019-11-15 00:57:17,773 [main] INFO  http.HttpServer2 (HttpServer2.java:addFilter(958)) - Added filter static_user_filter (class=org.apache.hadoop.http.lib.StaticUserWebFilter$StaticUserFilter) to context static
2019-11-15 00:57:17,774 [main] INFO  http.HttpServer2 (HttpServer2.java:addFilter(958)) - Added filter static_user_filter (class=org.apache.hadoop.http.lib.StaticUserWebFilter$StaticUserFilter) to context logs
2019-11-15 00:57:17,774 [main] INFO  http.HttpServer2 (HttpServer2.java:bindListener(1191)) - Jetty bound to port 45198
2019-11-15 00:57:17,774 [main] INFO  server.Server (Server.java:doStart(351)) - jetty-9.3.25.v20180904, build timestamp: 2018-09-04T21:11:46Z, git hash: 3ce520221d0240229c862b122d2b06c12a625732
2019-11-15 00:57:17,776 [main] INFO  handler.ContextHandler (ContextHandler.java:doStart(781)) - Started o.e.j.s.ServletContextHandler@36d33f4{/logs,file:///workdir/hadoop-ozone/integration-test/target/log,AVAILABLE}
2019-11-15 00:57:17,777 [main] INFO  handler.ContextHandler (ContextHandler.java:doStart(781)) - Started o.e.j.s.ServletContextHandler@7c5d1d25{/static,jar:file:/home/user/.m2/repository/org/apache/hadoop/hadoop-hdds-container-service/0.5.0-SNAPSHOT/hadoop-hdds-container-service-0.5.0-SNAPSHOT.jar!/webapps/static,AVAILABLE}
2019-11-15 00:57:17,808 [main] INFO  handler.ContextHandler (ContextHandler.java:doStart(781)) - Started o.e.j.w.WebAppContext@18a19e{/,file:///tmp/jetty-0.0.0.0-45198-hddsDatanode-_-any-7621757027166215379.dir/webapp/,AVAILABLE}{/hddsDatanode}
2019-11-15 00:57:17,810 [main] INFO  server.AbstractConnector (AbstractConnector.java:doStart(278)) - Started ServerConnector@60a7e509{HTTP/1.1,[http/1.1]}{0.0.0.0:45198}
2019-11-15 00:57:17,810 [main] INFO  server.Server (Server.java:doStart(419)) - Started @87294ms
2019-11-15 00:57:17,810 [main] WARN  impl.MetricsSystemImpl (MetricsSystemImpl.java:register(276)) - Sink prometheus already exists!
2019-11-15 00:57:17,811 [main] INFO  server.BaseHttpServer (BaseHttpServer.java:updateConnectorAddress(215)) - HTTP server of HDDSDATANODE is listening at http://0.0.0.0:45198
2019-11-15 00:57:17,812 [main] INFO  impl.MetricsSystemImpl (MetricsSystemImpl.java:init(158)) - HddsDatanode metrics system started (again)
2019-11-15 00:57:17,815 [org.apache.hadoop.util.JvmPauseMonitor$Monitor@70deb45e] INFO  util.JvmPauseMonitor (JvmPauseMonitor.java:run(188)) - Starting JVM pause monitor
2019-11-15 00:57:17,816 [main] INFO  ozone.HddsDatanodeService (HddsDatanodeService.java:start(186)) - HddsDatanodeService host:pr-hdds-2442-bxv5b-1523879440 ip:192.168.164.208
2019-11-15 00:57:17,818 [Datanode State Machine Thread - 0] INFO  datanode.InitDatanodeState (InitDatanodeState.java:persistContainerDatanodeDetails(140)) - DatanodeDetails is persisted to /workdir/hadoop-ozone/integration-test/target/test-dir/MiniOzoneClusterImpl-8fc52630-20fd-4955-97d1-2a2852f9ee58/datanode-3/meta/datanode.id
2019-11-15 00:57:17,822 [main] INFO  volume.HddsVolume (HddsVolume.java:<init>(176)) - Creating Volume: /workdir/hadoop-ozone/integration-test/target/test-dir/MiniOzoneClusterImpl-8fc52630-20fd-4955-97d1-2a2852f9ee58/datanode-4/data/containers/hdds of  storage type : DISK and capacity : 1482555576320
2019-11-15 00:57:17,823 [main] INFO  volume.VolumeSet (VolumeSet.java:initializeVolumeSet(170)) - Added Volume : /workdir/hadoop-ozone/integration-test/target/test-dir/MiniOzoneClusterImpl-8fc52630-20fd-4955-97d1-2a2852f9ee58/datanode-4/data/containers/hdds to VolumeSet
2019-11-15 00:57:17,823 [main] INFO  volume.ThrottledAsyncChecker (ThrottledAsyncChecker.java:schedule(141)) - Scheduling a check for /workdir/hadoop-ozone/integration-test/target/test-dir/MiniOzoneClusterImpl-8fc52630-20fd-4955-97d1-2a2852f9ee58/datanode-4/data/containers/hdds
2019-11-15 00:57:17,823 [main] INFO  volume.HddsVolumeChecker (HddsVolumeChecker.java:checkAllVolumes(204)) - Scheduled health check for volume /workdir/hadoop-ozone/integration-test/target/test-dir/MiniOzoneClusterImpl-8fc52630-20fd-4955-97d1-2a2852f9ee58/datanode-4/data/containers/hdds
2019-11-15 00:57:17,836 [main] INFO  impl.RaftServerProxy (ConfUtils.java:logGet(43)) - raft.rpc.type = GRPC (default)
2019-11-15 00:57:17,836 [main] INFO  grpc.GrpcFactory (GrpcFactory.java:checkPooledByteBufAllocatorUseCacheForAllThreads(45)) - PERFORMANCE WARNING: useCacheForAllThreads is true that may cause Netty to create a lot garbage objects and, as a result, trigger GC.
	It is recommended to disable useCacheForAllThreads by setting -Dorg.apache.ratis.thirdparty.io.netty.allocator.useCacheForAllThreads=false in command line.
2019-11-15 00:57:17,837 [main] INFO  grpc.GrpcConfigKeys$Server (ConfUtils.java:logGet(43)) - raft.grpc.server.port = 0 (default)
2019-11-15 00:57:17,837 [main] INFO  server.GrpcService (ConfUtils.java:logGet(43)) - raft.grpc.message.size.max = 33570816 (custom)
2019-11-15 00:57:17,837 [main] INFO  server.RaftServerConfigKeys (ConfUtils.java:logGet(43)) - raft.server.log.appender.buffer.byte-limit = 33554432 (custom)
2019-11-15 00:57:17,837 [main] INFO  server.GrpcService (ConfUtils.java:logGet(43)) - raft.grpc.flow.control.window = 1MB (=1048576) (default)
2019-11-15 00:57:17,837 [main] INFO  server.RaftServerConfigKeys (ConfUtils.java:logGet(43)) - raft.server.rpc.request.timeout = 3000ms (default)
2019-11-15 00:57:17,838 [main] INFO  server.RaftServerConfigKeys (ConfUtils.java:logGet(43)) - raft.server.storage.dir = [/workdir/hadoop-ozone/integration-test/target/test-dir/MiniOzoneClusterImpl-8fc52630-20fd-4955-97d1-2a2852f9ee58/datanode-4/data/ratis] (custom)
2019-11-15 00:57:17,839 [main] INFO  hdfs.DFSUtil (DFSUtil.java:httpServerTemplateForNNAndJN(1641)) - Starting Web-server for hddsDatanode at: http://0.0.0.0:0
2019-11-15 00:57:17,840 [main] INFO  server.AuthenticationFilter (AuthenticationFilter.java:constructSecretProvider(240)) - Unable to initialize FileSignerSecretProvider, falling back to use random secrets.
2019-11-15 00:57:17,840 [main] WARN  http.HttpRequestLog (HttpRequestLog.java:getRequestLog(97)) - Jetty request log can only be enabled using Log4j
2019-11-15 00:57:17,842 [main] INFO  http.HttpServer2 (HttpServer2.java:addGlobalFilter(975)) - Added global filter 'safety' (class=org.apache.hadoop.http.HttpServer2$QuotingInputFilter)
2019-11-15 00:57:17,842 [main] INFO  http.HttpServer2 (HttpServer2.java:addFilter(948)) - Added filter static_user_filter (class=org.apache.hadoop.http.lib.StaticUserWebFilter$StaticUserFilter) to context hddsDatanode
2019-11-15 00:57:17,842 [main] INFO  http.HttpServer2 (HttpServer2.java:addFilter(958)) - Added filter static_user_filter (class=org.apache.hadoop.http.lib.StaticUserWebFilter$StaticUserFilter) to context logs
2019-11-15 00:57:17,842 [main] INFO  http.HttpServer2 (HttpServer2.java:addFilter(958)) - Added filter static_user_filter (class=org.apache.hadoop.http.lib.StaticUserWebFilter$StaticUserFilter) to context static
2019-11-15 00:57:17,843 [main] INFO  http.HttpServer2 (HttpServer2.java:bindListener(1191)) - Jetty bound to port 40856
2019-11-15 00:57:17,843 [main] INFO  server.Server (Server.java:doStart(351)) - jetty-9.3.25.v20180904, build timestamp: 2018-09-04T21:11:46Z, git hash: 3ce520221d0240229c862b122d2b06c12a625732
2019-11-15 00:57:17,845 [main] INFO  handler.ContextHandler (ContextHandler.java:doStart(781)) - Started o.e.j.s.ServletContextHandler@1d858300{/logs,file:///workdir/hadoop-ozone/integration-test/target/log,AVAILABLE}
2019-11-15 00:57:17,845 [main] INFO  handler.ContextHandler (ContextHandler.java:doStart(781)) - Started o.e.j.s.ServletContextHandler@6dd36ab6{/static,jar:file:/home/user/.m2/repository/org/apache/hadoop/hadoop-hdds-container-service/0.5.0-SNAPSHOT/hadoop-hdds-container-service-0.5.0-SNAPSHOT.jar!/webapps/static,AVAILABLE}
2019-11-15 00:57:17,874 [main] INFO  handler.ContextHandler (ContextHandler.java:doStart(781)) - Started o.e.j.w.WebAppContext@32bb0072{/,file:///tmp/jetty-0.0.0.0-40856-hddsDatanode-_-any-3567392391028707106.dir/webapp/,AVAILABLE}{/hddsDatanode}
2019-11-15 00:57:17,874 [main] INFO  server.AbstractConnector (AbstractConnector.java:doStart(278)) - Started ServerConnector@467233e4{HTTP/1.1,[http/1.1]}{0.0.0.0:40856}
2019-11-15 00:57:17,875 [main] INFO  server.Server (Server.java:doStart(419)) - Started @87360ms
2019-11-15 00:57:17,875 [main] WARN  impl.MetricsSystemImpl (MetricsSystemImpl.java:register(276)) - Sink prometheus already exists!
2019-11-15 00:57:17,876 [main] INFO  server.BaseHttpServer (BaseHttpServer.java:updateConnectorAddress(215)) - HTTP server of HDDSDATANODE is listening at http://0.0.0.0:40856
2019-11-15 00:57:17,877 [main] INFO  impl.MetricsSystemImpl (MetricsSystemImpl.java:init(158)) - HddsDatanode metrics system started (again)
2019-11-15 00:57:17,880 [org.apache.hadoop.util.JvmPauseMonitor$Monitor@4ed82f0] INFO  util.JvmPauseMonitor (JvmPauseMonitor.java:run(188)) - Starting JVM pause monitor
2019-11-15 00:57:17,881 [main] INFO  ozone.HddsDatanodeService (HddsDatanodeService.java:start(186)) - HddsDatanodeService host:pr-hdds-2442-bxv5b-1523879440 ip:192.168.164.208
2019-11-15 00:57:17,882 [Datanode State Machine Thread - 0] INFO  datanode.InitDatanodeState (InitDatanodeState.java:persistContainerDatanodeDetails(140)) - DatanodeDetails is persisted to /workdir/hadoop-ozone/integration-test/target/test-dir/MiniOzoneClusterImpl-8fc52630-20fd-4955-97d1-2a2852f9ee58/datanode-4/meta/datanode.id
2019-11-15 00:57:17,889 [main] INFO  volume.HddsVolume (HddsVolume.java:<init>(176)) - Creating Volume: /workdir/hadoop-ozone/integration-test/target/test-dir/MiniOzoneClusterImpl-8fc52630-20fd-4955-97d1-2a2852f9ee58/datanode-5/data/containers/hdds of  storage type : DISK and capacity : 1482555576320
2019-11-15 00:57:17,889 [main] INFO  volume.VolumeSet (VolumeSet.java:initializeVolumeSet(170)) - Added Volume : /workdir/hadoop-ozone/integration-test/target/test-dir/MiniOzoneClusterImpl-8fc52630-20fd-4955-97d1-2a2852f9ee58/datanode-5/data/containers/hdds to VolumeSet
2019-11-15 00:57:17,890 [main] INFO  volume.ThrottledAsyncChecker (ThrottledAsyncChecker.java:schedule(141)) - Scheduling a check for /workdir/hadoop-ozone/integration-test/target/test-dir/MiniOzoneClusterImpl-8fc52630-20fd-4955-97d1-2a2852f9ee58/datanode-5/data/containers/hdds
2019-11-15 00:57:17,890 [main] INFO  volume.HddsVolumeChecker (HddsVolumeChecker.java:checkAllVolumes(204)) - Scheduled health check for volume /workdir/hadoop-ozone/integration-test/target/test-dir/MiniOzoneClusterImpl-8fc52630-20fd-4955-97d1-2a2852f9ee58/datanode-5/data/containers/hdds
2019-11-15 00:57:17,911 [main] INFO  impl.RaftServerProxy (ConfUtils.java:logGet(43)) - raft.rpc.type = GRPC (default)
2019-11-15 00:57:17,911 [main] INFO  grpc.GrpcFactory (GrpcFactory.java:checkPooledByteBufAllocatorUseCacheForAllThreads(45)) - PERFORMANCE WARNING: useCacheForAllThreads is true that may cause Netty to create a lot garbage objects and, as a result, trigger GC.
	It is recommended to disable useCacheForAllThreads by setting -Dorg.apache.ratis.thirdparty.io.netty.allocator.useCacheForAllThreads=false in command line.
2019-11-15 00:57:17,911 [main] INFO  grpc.GrpcConfigKeys$Server (ConfUtils.java:logGet(43)) - raft.grpc.server.port = 0 (default)
2019-11-15 00:57:17,911 [main] INFO  server.GrpcService (ConfUtils.java:logGet(43)) - raft.grpc.message.size.max = 33570816 (custom)
2019-11-15 00:57:17,912 [main] INFO  server.RaftServerConfigKeys (ConfUtils.java:logGet(43)) - raft.server.log.appender.buffer.byte-limit = 33554432 (custom)
2019-11-15 00:57:17,912 [main] INFO  server.GrpcService (ConfUtils.java:logGet(43)) - raft.grpc.flow.control.window = 1MB (=1048576) (default)
2019-11-15 00:57:17,912 [main] INFO  server.RaftServerConfigKeys (ConfUtils.java:logGet(43)) - raft.server.rpc.request.timeout = 3000ms (default)
2019-11-15 00:57:17,913 [main] INFO  server.RaftServerConfigKeys (ConfUtils.java:logGet(43)) - raft.server.storage.dir = [/workdir/hadoop-ozone/integration-test/target/test-dir/MiniOzoneClusterImpl-8fc52630-20fd-4955-97d1-2a2852f9ee58/datanode-5/data/ratis] (custom)
2019-11-15 00:57:17,916 [main] INFO  hdfs.DFSUtil (DFSUtil.java:httpServerTemplateForNNAndJN(1641)) - Starting Web-server for hddsDatanode at: http://0.0.0.0:0
2019-11-15 00:57:17,917 [main] INFO  server.AuthenticationFilter (AuthenticationFilter.java:constructSecretProvider(240)) - Unable to initialize FileSignerSecretProvider, falling back to use random secrets.
2019-11-15 00:57:17,918 [main] WARN  http.HttpRequestLog (HttpRequestLog.java:getRequestLog(97)) - Jetty request log can only be enabled using Log4j
2019-11-15 00:57:17,920 [main] INFO  http.HttpServer2 (HttpServer2.java:addGlobalFilter(975)) - Added global filter 'safety' (class=org.apache.hadoop.http.HttpServer2$QuotingInputFilter)
2019-11-15 00:57:17,921 [main] INFO  http.HttpServer2 (HttpServer2.java:addFilter(948)) - Added filter static_user_filter (class=org.apache.hadoop.http.lib.StaticUserWebFilter$StaticUserFilter) to context hddsDatanode
2019-11-15 00:57:17,921 [main] INFO  http.HttpServer2 (HttpServer2.java:addFilter(958)) - Added filter static_user_filter (class=org.apache.hadoop.http.lib.StaticUserWebFilter$StaticUserFilter) to context logs
2019-11-15 00:57:17,921 [main] INFO  http.HttpServer2 (HttpServer2.java:addFilter(958)) - Added filter static_user_filter (class=org.apache.hadoop.http.lib.StaticUserWebFilter$StaticUserFilter) to context static
2019-11-15 00:57:17,923 [main] INFO  http.HttpServer2 (HttpServer2.java:bindListener(1191)) - Jetty bound to port 33085
2019-11-15 00:57:17,923 [main] INFO  server.Server (Server.java:doStart(351)) - jetty-9.3.25.v20180904, build timestamp: 2018-09-04T21:11:46Z, git hash: 3ce520221d0240229c862b122d2b06c12a625732
2019-11-15 00:57:17,925 [main] INFO  handler.ContextHandler (ContextHandler.java:doStart(781)) - Started o.e.j.s.ServletContextHandler@485caa8f{/logs,file:///workdir/hadoop-ozone/integration-test/target/log,AVAILABLE}
2019-11-15 00:57:17,926 [main] INFO  handler.ContextHandler (ContextHandler.java:doStart(781)) - Started o.e.j.s.ServletContextHandler@5be052ca{/static,jar:file:/home/user/.m2/repository/org/apache/hadoop/hadoop-hdds-container-service/0.5.0-SNAPSHOT/hadoop-hdds-container-service-0.5.0-SNAPSHOT.jar!/webapps/static,AVAILABLE}
2019-11-15 00:57:17,970 [main] INFO  handler.ContextHandler (ContextHandler.java:doStart(781)) - Started o.e.j.w.WebAppContext@59939293{/,file:///tmp/jetty-0.0.0.0-33085-hddsDatanode-_-any-2581472633271015300.dir/webapp/,AVAILABLE}{/hddsDatanode}
2019-11-15 00:57:17,970 [main] INFO  server.AbstractConnector (AbstractConnector.java:doStart(278)) - Started ServerConnector@68b366e2{HTTP/1.1,[http/1.1]}{0.0.0.0:33085}
2019-11-15 00:57:17,971 [main] INFO  server.Server (Server.java:doStart(419)) - Started @87456ms
2019-11-15 00:57:17,971 [main] WARN  impl.MetricsSystemImpl (MetricsSystemImpl.java:register(276)) - Sink prometheus already exists!
2019-11-15 00:57:17,973 [main] INFO  server.BaseHttpServer (BaseHttpServer.java:updateConnectorAddress(215)) - HTTP server of HDDSDATANODE is listening at http://0.0.0.0:33085
2019-11-15 00:57:17,973 [main] INFO  impl.MetricsSystemImpl (MetricsSystemImpl.java:init(158)) - HddsDatanode metrics system started (again)
2019-11-15 00:57:17,976 [org.apache.hadoop.util.JvmPauseMonitor$Monitor@4e1817b5] INFO  util.JvmPauseMonitor (JvmPauseMonitor.java:run(188)) - Starting JVM pause monitor
2019-11-15 00:57:17,977 [main] INFO  ozone.HddsDatanodeService (HddsDatanodeService.java:start(186)) - HddsDatanodeService host:pr-hdds-2442-bxv5b-1523879440 ip:192.168.164.208
2019-11-15 00:57:17,979 [Datanode State Machine Thread - 0] INFO  datanode.InitDatanodeState (InitDatanodeState.java:persistContainerDatanodeDetails(140)) - DatanodeDetails is persisted to /workdir/hadoop-ozone/integration-test/target/test-dir/MiniOzoneClusterImpl-8fc52630-20fd-4955-97d1-2a2852f9ee58/datanode-5/meta/datanode.id
2019-11-15 00:57:17,983 [main] INFO  volume.HddsVolume (HddsVolume.java:<init>(176)) - Creating Volume: /workdir/hadoop-ozone/integration-test/target/test-dir/MiniOzoneClusterImpl-8fc52630-20fd-4955-97d1-2a2852f9ee58/datanode-6/data/containers/hdds of  storage type : DISK and capacity : 1482555576320
2019-11-15 00:57:17,984 [main] INFO  volume.VolumeSet (VolumeSet.java:initializeVolumeSet(170)) - Added Volume : /workdir/hadoop-ozone/integration-test/target/test-dir/MiniOzoneClusterImpl-8fc52630-20fd-4955-97d1-2a2852f9ee58/datanode-6/data/containers/hdds to VolumeSet
2019-11-15 00:57:17,984 [main] INFO  volume.ThrottledAsyncChecker (ThrottledAsyncChecker.java:schedule(141)) - Scheduling a check for /workdir/hadoop-ozone/integration-test/target/test-dir/MiniOzoneClusterImpl-8fc52630-20fd-4955-97d1-2a2852f9ee58/datanode-6/data/containers/hdds
2019-11-15 00:57:17,984 [main] INFO  volume.HddsVolumeChecker (HddsVolumeChecker.java:checkAllVolumes(204)) - Scheduled health check for volume /workdir/hadoop-ozone/integration-test/target/test-dir/MiniOzoneClusterImpl-8fc52630-20fd-4955-97d1-2a2852f9ee58/datanode-6/data/containers/hdds
2019-11-15 00:57:17,999 [main] INFO  impl.RaftServerProxy (ConfUtils.java:logGet(43)) - raft.rpc.type = GRPC (default)
2019-11-15 00:57:17,999 [main] INFO  grpc.GrpcFactory (GrpcFactory.java:checkPooledByteBufAllocatorUseCacheForAllThreads(45)) - PERFORMANCE WARNING: useCacheForAllThreads is true that may cause Netty to create a lot garbage objects and, as a result, trigger GC.
	It is recommended to disable useCacheForAllThreads by setting -Dorg.apache.ratis.thirdparty.io.netty.allocator.useCacheForAllThreads=false in command line.
2019-11-15 00:57:17,999 [main] INFO  grpc.GrpcConfigKeys$Server (ConfUtils.java:logGet(43)) - raft.grpc.server.port = 0 (default)
2019-11-15 00:57:17,999 [main] INFO  server.GrpcService (ConfUtils.java:logGet(43)) - raft.grpc.message.size.max = 33570816 (custom)
2019-11-15 00:57:17,999 [main] INFO  server.RaftServerConfigKeys (ConfUtils.java:logGet(43)) - raft.server.log.appender.buffer.byte-limit = 33554432 (custom)
2019-11-15 00:57:18,000 [main] INFO  server.GrpcService (ConfUtils.java:logGet(43)) - raft.grpc.flow.control.window = 1MB (=1048576) (default)
2019-11-15 00:57:18,000 [main] INFO  server.RaftServerConfigKeys (ConfUtils.java:logGet(43)) - raft.server.rpc.request.timeout = 3000ms (default)
2019-11-15 00:57:18,000 [main] INFO  server.RaftServerConfigKeys (ConfUtils.java:logGet(43)) - raft.server.storage.dir = [/workdir/hadoop-ozone/integration-test/target/test-dir/MiniOzoneClusterImpl-8fc52630-20fd-4955-97d1-2a2852f9ee58/datanode-6/data/ratis] (custom)
2019-11-15 00:57:18,002 [main] INFO  hdfs.DFSUtil (DFSUtil.java:httpServerTemplateForNNAndJN(1641)) - Starting Web-server for hddsDatanode at: http://0.0.0.0:0
2019-11-15 00:57:18,006 [main] INFO  server.AuthenticationFilter (AuthenticationFilter.java:constructSecretProvider(240)) - Unable to initialize FileSignerSecretProvider, falling back to use random secrets.
2019-11-15 00:57:18,007 [main] WARN  http.HttpRequestLog (HttpRequestLog.java:getRequestLog(97)) - Jetty request log can only be enabled using Log4j
2019-11-15 00:57:18,009 [main] INFO  http.HttpServer2 (HttpServer2.java:addGlobalFilter(975)) - Added global filter 'safety' (class=org.apache.hadoop.http.HttpServer2$QuotingInputFilter)
2019-11-15 00:57:18,010 [main] INFO  http.HttpServer2 (HttpServer2.java:addFilter(948)) - Added filter static_user_filter (class=org.apache.hadoop.http.lib.StaticUserWebFilter$StaticUserFilter) to context hddsDatanode
2019-11-15 00:57:18,010 [main] INFO  http.HttpServer2 (HttpServer2.java:addFilter(958)) - Added filter static_user_filter (class=org.apache.hadoop.http.lib.StaticUserWebFilter$StaticUserFilter) to context logs
2019-11-15 00:57:18,010 [main] INFO  http.HttpServer2 (HttpServer2.java:addFilter(958)) - Added filter static_user_filter (class=org.apache.hadoop.http.lib.StaticUserWebFilter$StaticUserFilter) to context static
2019-11-15 00:57:18,011 [main] INFO  http.HttpServer2 (HttpServer2.java:bindListener(1191)) - Jetty bound to port 39963
2019-11-15 00:57:18,011 [main] INFO  server.Server (Server.java:doStart(351)) - jetty-9.3.25.v20180904, build timestamp: 2018-09-04T21:11:46Z, git hash: 3ce520221d0240229c862b122d2b06c12a625732
2019-11-15 00:57:18,013 [main] INFO  handler.ContextHandler (ContextHandler.java:doStart(781)) - Started o.e.j.s.ServletContextHandler@1d02af26{/logs,file:///workdir/hadoop-ozone/integration-test/target/log,AVAILABLE}
2019-11-15 00:57:18,014 [main] INFO  handler.ContextHandler (ContextHandler.java:doStart(781)) - Started o.e.j.s.ServletContextHandler@4dd90166{/static,jar:file:/home/user/.m2/repository/org/apache/hadoop/hadoop-hdds-container-service/0.5.0-SNAPSHOT/hadoop-hdds-container-service-0.5.0-SNAPSHOT.jar!/webapps/static,AVAILABLE}
2019-11-15 00:57:18,051 [main] INFO  handler.ContextHandler (ContextHandler.java:doStart(781)) - Started o.e.j.w.WebAppContext@5261ec9{/,file:///tmp/jetty-0.0.0.0-39963-hddsDatanode-_-any-936621495029526463.dir/webapp/,AVAILABLE}{/hddsDatanode}
2019-11-15 00:57:18,051 [main] INFO  server.AbstractConnector (AbstractConnector.java:doStart(278)) - Started ServerConnector@65bb6275{HTTP/1.1,[http/1.1]}{0.0.0.0:39963}
2019-11-15 00:57:18,054 [main] INFO  server.Server (Server.java:doStart(419)) - Started @87538ms
2019-11-15 00:57:18,054 [main] WARN  impl.MetricsSystemImpl (MetricsSystemImpl.java:register(276)) - Sink prometheus already exists!
2019-11-15 00:57:18,055 [main] INFO  server.BaseHttpServer (BaseHttpServer.java:updateConnectorAddress(215)) - HTTP server of HDDSDATANODE is listening at http://0.0.0.0:39963
2019-11-15 00:57:18,055 [main] INFO  impl.MetricsSystemImpl (MetricsSystemImpl.java:init(158)) - HddsDatanode metrics system started (again)
2019-11-15 00:57:18,056 [org.apache.hadoop.util.JvmPauseMonitor$Monitor@5fc6ee52] INFO  util.JvmPauseMonitor (JvmPauseMonitor.java:run(188)) - Starting JVM pause monitor
2019-11-15 00:57:18,059 [main] INFO  ozone.HddsDatanodeService (HddsDatanodeService.java:start(186)) - HddsDatanodeService host:pr-hdds-2442-bxv5b-1523879440 ip:192.168.164.208
2019-11-15 00:57:18,060 [Datanode State Machine Thread - 0] INFO  datanode.InitDatanodeState (InitDatanodeState.java:persistContainerDatanodeDetails(140)) - DatanodeDetails is persisted to /workdir/hadoop-ozone/integration-test/target/test-dir/MiniOzoneClusterImpl-8fc52630-20fd-4955-97d1-2a2852f9ee58/datanode-6/meta/datanode.id
2019-11-15 00:57:18,066 [main] INFO  volume.HddsVolume (HddsVolume.java:<init>(176)) - Creating Volume: /workdir/hadoop-ozone/integration-test/target/test-dir/MiniOzoneClusterImpl-8fc52630-20fd-4955-97d1-2a2852f9ee58/datanode-7/data/containers/hdds of  storage type : DISK and capacity : 1482555576320
2019-11-15 00:57:18,066 [main] INFO  volume.VolumeSet (VolumeSet.java:initializeVolumeSet(170)) - Added Volume : /workdir/hadoop-ozone/integration-test/target/test-dir/MiniOzoneClusterImpl-8fc52630-20fd-4955-97d1-2a2852f9ee58/datanode-7/data/containers/hdds to VolumeSet
2019-11-15 00:57:18,066 [main] INFO  volume.ThrottledAsyncChecker (ThrottledAsyncChecker.java:schedule(141)) - Scheduling a check for /workdir/hadoop-ozone/integration-test/target/test-dir/MiniOzoneClusterImpl-8fc52630-20fd-4955-97d1-2a2852f9ee58/datanode-7/data/containers/hdds
2019-11-15 00:57:18,067 [main] INFO  volume.HddsVolumeChecker (HddsVolumeChecker.java:checkAllVolumes(204)) - Scheduled health check for volume /workdir/hadoop-ozone/integration-test/target/test-dir/MiniOzoneClusterImpl-8fc52630-20fd-4955-97d1-2a2852f9ee58/datanode-7/data/containers/hdds
2019-11-15 00:57:18,081 [main] INFO  impl.RaftServerProxy (ConfUtils.java:logGet(43)) - raft.rpc.type = GRPC (default)
2019-11-15 00:57:18,081 [main] INFO  grpc.GrpcFactory (GrpcFactory.java:checkPooledByteBufAllocatorUseCacheForAllThreads(45)) - PERFORMANCE WARNING: useCacheForAllThreads is true that may cause Netty to create a lot garbage objects and, as a result, trigger GC.
	It is recommended to disable useCacheForAllThreads by setting -Dorg.apache.ratis.thirdparty.io.netty.allocator.useCacheForAllThreads=false in command line.
2019-11-15 00:57:18,081 [main] INFO  grpc.GrpcConfigKeys$Server (ConfUtils.java:logGet(43)) - raft.grpc.server.port = 0 (default)
2019-11-15 00:57:18,081 [main] INFO  server.GrpcService (ConfUtils.java:logGet(43)) - raft.grpc.message.size.max = 33570816 (custom)
2019-11-15 00:57:18,082 [main] INFO  server.RaftServerConfigKeys (ConfUtils.java:logGet(43)) - raft.server.log.appender.buffer.byte-limit = 33554432 (custom)
2019-11-15 00:57:18,082 [main] INFO  server.GrpcService (ConfUtils.java:logGet(43)) - raft.grpc.flow.control.window = 1MB (=1048576) (default)
2019-11-15 00:57:18,082 [main] INFO  server.RaftServerConfigKeys (ConfUtils.java:logGet(43)) - raft.server.rpc.request.timeout = 3000ms (default)
2019-11-15 00:57:18,082 [main] INFO  server.RaftServerConfigKeys (ConfUtils.java:logGet(43)) - raft.server.storage.dir = [/workdir/hadoop-ozone/integration-test/target/test-dir/MiniOzoneClusterImpl-8fc52630-20fd-4955-97d1-2a2852f9ee58/datanode-7/data/ratis] (custom)
2019-11-15 00:57:18,084 [main] INFO  hdfs.DFSUtil (DFSUtil.java:httpServerTemplateForNNAndJN(1641)) - Starting Web-server for hddsDatanode at: http://0.0.0.0:0
2019-11-15 00:57:18,085 [main] INFO  server.AuthenticationFilter (AuthenticationFilter.java:constructSecretProvider(240)) - Unable to initialize FileSignerSecretProvider, falling back to use random secrets.
2019-11-15 00:57:18,086 [main] WARN  http.HttpRequestLog (HttpRequestLog.java:getRequestLog(97)) - Jetty request log can only be enabled using Log4j
2019-11-15 00:57:18,088 [main] INFO  http.HttpServer2 (HttpServer2.java:addGlobalFilter(975)) - Added global filter 'safety' (class=org.apache.hadoop.http.HttpServer2$QuotingInputFilter)
2019-11-15 00:57:18,089 [main] INFO  http.HttpServer2 (HttpServer2.java:addFilter(948)) - Added filter static_user_filter (class=org.apache.hadoop.http.lib.StaticUserWebFilter$StaticUserFilter) to context hddsDatanode
2019-11-15 00:57:18,089 [main] INFO  http.HttpServer2 (HttpServer2.java:addFilter(958)) - Added filter static_user_filter (class=org.apache.hadoop.http.lib.StaticUserWebFilter$StaticUserFilter) to context logs
2019-11-15 00:57:18,090 [main] INFO  http.HttpServer2 (HttpServer2.java:addFilter(958)) - Added filter static_user_filter (class=org.apache.hadoop.http.lib.StaticUserWebFilter$StaticUserFilter) to context static
2019-11-15 00:57:18,091 [main] INFO  http.HttpServer2 (HttpServer2.java:bindListener(1191)) - Jetty bound to port 33082
2019-11-15 00:57:18,091 [main] INFO  server.Server (Server.java:doStart(351)) - jetty-9.3.25.v20180904, build timestamp: 2018-09-04T21:11:46Z, git hash: 3ce520221d0240229c862b122d2b06c12a625732
2019-11-15 00:57:18,093 [main] INFO  handler.ContextHandler (ContextHandler.java:doStart(781)) - Started o.e.j.s.ServletContextHandler@4570d7b6{/logs,file:///workdir/hadoop-ozone/integration-test/target/log,AVAILABLE}
2019-11-15 00:57:18,094 [main] INFO  handler.ContextHandler (ContextHandler.java:doStart(781)) - Started o.e.j.s.ServletContextHandler@3850e90c{/static,jar:file:/home/user/.m2/repository/org/apache/hadoop/hadoop-hdds-container-service/0.5.0-SNAPSHOT/hadoop-hdds-container-service-0.5.0-SNAPSHOT.jar!/webapps/static,AVAILABLE}
2019-11-15 00:57:18,133 [main] INFO  handler.ContextHandler (ContextHandler.java:doStart(781)) - Started o.e.j.w.WebAppContext@f1266c6{/,file:///tmp/jetty-0.0.0.0-33082-hddsDatanode-_-any-3452864154306660463.dir/webapp/,AVAILABLE}{/hddsDatanode}
2019-11-15 00:57:18,134 [main] INFO  server.AbstractConnector (AbstractConnector.java:doStart(278)) - Started ServerConnector@3913f206{HTTP/1.1,[http/1.1]}{0.0.0.0:33082}
2019-11-15 00:57:18,135 [main] INFO  server.Server (Server.java:doStart(419)) - Started @87619ms
2019-11-15 00:57:18,135 [main] WARN  impl.MetricsSystemImpl (MetricsSystemImpl.java:register(276)) - Sink prometheus already exists!
2019-11-15 00:57:18,136 [main] INFO  server.BaseHttpServer (BaseHttpServer.java:updateConnectorAddress(215)) - HTTP server of HDDSDATANODE is listening at http://0.0.0.0:33082
2019-11-15 00:57:18,136 [main] INFO  impl.MetricsSystemImpl (MetricsSystemImpl.java:init(158)) - HddsDatanode metrics system started (again)
2019-11-15 00:57:18,139 [org.apache.hadoop.util.JvmPauseMonitor$Monitor@71f29a6f] INFO  util.JvmPauseMonitor (JvmPauseMonitor.java:run(188)) - Starting JVM pause monitor
2019-11-15 00:57:18,139 [main] INFO  ozone.HddsDatanodeService (HddsDatanodeService.java:start(186)) - HddsDatanodeService host:pr-hdds-2442-bxv5b-1523879440 ip:192.168.164.208
2019-11-15 00:57:18,140 [Datanode State Machine Thread - 0] INFO  datanode.InitDatanodeState (InitDatanodeState.java:persistContainerDatanodeDetails(140)) - DatanodeDetails is persisted to /workdir/hadoop-ozone/integration-test/target/test-dir/MiniOzoneClusterImpl-8fc52630-20fd-4955-97d1-2a2852f9ee58/datanode-7/meta/datanode.id
2019-11-15 00:57:18,148 [main] INFO  volume.HddsVolume (HddsVolume.java:<init>(176)) - Creating Volume: /workdir/hadoop-ozone/integration-test/target/test-dir/MiniOzoneClusterImpl-8fc52630-20fd-4955-97d1-2a2852f9ee58/datanode-8/data/containers/hdds of  storage type : DISK and capacity : 1482555576320
2019-11-15 00:57:18,148 [main] INFO  volume.VolumeSet (VolumeSet.java:initializeVolumeSet(170)) - Added Volume : /workdir/hadoop-ozone/integration-test/target/test-dir/MiniOzoneClusterImpl-8fc52630-20fd-4955-97d1-2a2852f9ee58/datanode-8/data/containers/hdds to VolumeSet
2019-11-15 00:57:18,148 [main] INFO  volume.ThrottledAsyncChecker (ThrottledAsyncChecker.java:schedule(141)) - Scheduling a check for /workdir/hadoop-ozone/integration-test/target/test-dir/MiniOzoneClusterImpl-8fc52630-20fd-4955-97d1-2a2852f9ee58/datanode-8/data/containers/hdds
2019-11-15 00:57:18,149 [main] INFO  volume.HddsVolumeChecker (HddsVolumeChecker.java:checkAllVolumes(204)) - Scheduled health check for volume /workdir/hadoop-ozone/integration-test/target/test-dir/MiniOzoneClusterImpl-8fc52630-20fd-4955-97d1-2a2852f9ee58/datanode-8/data/containers/hdds
2019-11-15 00:57:18,163 [main] INFO  impl.RaftServerProxy (ConfUtils.java:logGet(43)) - raft.rpc.type = GRPC (default)
2019-11-15 00:57:18,163 [main] INFO  grpc.GrpcFactory (GrpcFactory.java:checkPooledByteBufAllocatorUseCacheForAllThreads(45)) - PERFORMANCE WARNING: useCacheForAllThreads is true that may cause Netty to create a lot garbage objects and, as a result, trigger GC.
	It is recommended to disable useCacheForAllThreads by setting -Dorg.apache.ratis.thirdparty.io.netty.allocator.useCacheForAllThreads=false in command line.
2019-11-15 00:57:18,163 [main] INFO  grpc.GrpcConfigKeys$Server (ConfUtils.java:logGet(43)) - raft.grpc.server.port = 0 (default)
2019-11-15 00:57:18,163 [main] INFO  server.GrpcService (ConfUtils.java:logGet(43)) - raft.grpc.message.size.max = 33570816 (custom)
2019-11-15 00:57:18,163 [main] INFO  server.RaftServerConfigKeys (ConfUtils.java:logGet(43)) - raft.server.log.appender.buffer.byte-limit = 33554432 (custom)
2019-11-15 00:57:18,164 [main] INFO  server.GrpcService (ConfUtils.java:logGet(43)) - raft.grpc.flow.control.window = 1MB (=1048576) (default)
2019-11-15 00:57:18,164 [main] INFO  server.RaftServerConfigKeys (ConfUtils.java:logGet(43)) - raft.server.rpc.request.timeout = 3000ms (default)
2019-11-15 00:57:18,164 [main] INFO  server.RaftServerConfigKeys (ConfUtils.java:logGet(43)) - raft.server.storage.dir = [/workdir/hadoop-ozone/integration-test/target/test-dir/MiniOzoneClusterImpl-8fc52630-20fd-4955-97d1-2a2852f9ee58/datanode-8/data/ratis] (custom)
2019-11-15 00:57:18,165 [main] INFO  hdfs.DFSUtil (DFSUtil.java:httpServerTemplateForNNAndJN(1641)) - Starting Web-server for hddsDatanode at: http://0.0.0.0:0
2019-11-15 00:57:18,167 [main] INFO  server.AuthenticationFilter (AuthenticationFilter.java:constructSecretProvider(240)) - Unable to initialize FileSignerSecretProvider, falling back to use random secrets.
2019-11-15 00:57:18,167 [main] WARN  http.HttpRequestLog (HttpRequestLog.java:getRequestLog(97)) - Jetty request log can only be enabled using Log4j
2019-11-15 00:57:18,169 [main] INFO  http.HttpServer2 (HttpServer2.java:addGlobalFilter(975)) - Added global filter 'safety' (class=org.apache.hadoop.http.HttpServer2$QuotingInputFilter)
2019-11-15 00:57:18,169 [main] INFO  http.HttpServer2 (HttpServer2.java:addFilter(948)) - Added filter static_user_filter (class=org.apache.hadoop.http.lib.StaticUserWebFilter$StaticUserFilter) to context hddsDatanode
2019-11-15 00:57:18,169 [main] INFO  http.HttpServer2 (HttpServer2.java:addFilter(958)) - Added filter static_user_filter (class=org.apache.hadoop.http.lib.StaticUserWebFilter$StaticUserFilter) to context logs
2019-11-15 00:57:18,169 [main] INFO  http.HttpServer2 (HttpServer2.java:addFilter(958)) - Added filter static_user_filter (class=org.apache.hadoop.http.lib.StaticUserWebFilter$StaticUserFilter) to context static
2019-11-15 00:57:18,170 [main] INFO  http.HttpServer2 (HttpServer2.java:bindListener(1191)) - Jetty bound to port 34956
2019-11-15 00:57:18,170 [main] INFO  server.Server (Server.java:doStart(351)) - jetty-9.3.25.v20180904, build timestamp: 2018-09-04T21:11:46Z, git hash: 3ce520221d0240229c862b122d2b06c12a625732
2019-11-15 00:57:18,172 [main] INFO  handler.ContextHandler (ContextHandler.java:doStart(781)) - Started o.e.j.s.ServletContextHandler@723877dd{/logs,file:///workdir/hadoop-ozone/integration-test/target/log,AVAILABLE}
2019-11-15 00:57:18,172 [main] INFO  handler.ContextHandler (ContextHandler.java:doStart(781)) - Started o.e.j.s.ServletContextHandler@56cc9f29{/static,jar:file:/home/user/.m2/repository/org/apache/hadoop/hadoop-hdds-container-service/0.5.0-SNAPSHOT/hadoop-hdds-container-service-0.5.0-SNAPSHOT.jar!/webapps/static,AVAILABLE}
2019-11-15 00:57:18,205 [main] INFO  handler.ContextHandler (ContextHandler.java:doStart(781)) - Started o.e.j.w.WebAppContext@158e9f6e{/,file:///tmp/jetty-0.0.0.0-34956-hddsDatanode-_-any-7309657855765778926.dir/webapp/,AVAILABLE}{/hddsDatanode}
2019-11-15 00:57:18,205 [main] INFO  server.AbstractConnector (AbstractConnector.java:doStart(278)) - Started ServerConnector@7a6ea47d{HTTP/1.1,[http/1.1]}{0.0.0.0:34956}
2019-11-15 00:57:18,206 [main] INFO  server.Server (Server.java:doStart(419)) - Started @87691ms
2019-11-15 00:57:18,206 [main] WARN  impl.MetricsSystemImpl (MetricsSystemImpl.java:register(276)) - Sink prometheus already exists!
2019-11-15 00:57:18,207 [main] INFO  server.BaseHttpServer (BaseHttpServer.java:updateConnectorAddress(215)) - HTTP server of HDDSDATANODE is listening at http://0.0.0.0:34956
2019-11-15 00:57:18,208 [main] INFO  impl.MetricsSystemImpl (MetricsSystemImpl.java:init(158)) - HddsDatanode metrics system started (again)
2019-11-15 00:57:18,211 [org.apache.hadoop.util.JvmPauseMonitor$Monitor@3fe4e0e1] INFO  util.JvmPauseMonitor (JvmPauseMonitor.java:run(188)) - Starting JVM pause monitor
2019-11-15 00:57:18,211 [main] INFO  ozone.HddsDatanodeService (HddsDatanodeService.java:start(186)) - HddsDatanodeService host:pr-hdds-2442-bxv5b-1523879440 ip:192.168.164.208
2019-11-15 00:57:18,212 [Datanode State Machine Thread - 0] INFO  datanode.InitDatanodeState (InitDatanodeState.java:persistContainerDatanodeDetails(140)) - DatanodeDetails is persisted to /workdir/hadoop-ozone/integration-test/target/test-dir/MiniOzoneClusterImpl-8fc52630-20fd-4955-97d1-2a2852f9ee58/datanode-8/meta/datanode.id
2019-11-15 00:57:18,218 [main] INFO  volume.HddsVolume (HddsVolume.java:<init>(176)) - Creating Volume: /workdir/hadoop-ozone/integration-test/target/test-dir/MiniOzoneClusterImpl-8fc52630-20fd-4955-97d1-2a2852f9ee58/datanode-9/data/containers/hdds of  storage type : DISK and capacity : 1482555576320
2019-11-15 00:57:18,218 [main] INFO  volume.VolumeSet (VolumeSet.java:initializeVolumeSet(170)) - Added Volume : /workdir/hadoop-ozone/integration-test/target/test-dir/MiniOzoneClusterImpl-8fc52630-20fd-4955-97d1-2a2852f9ee58/datanode-9/data/containers/hdds to VolumeSet
2019-11-15 00:57:18,218 [main] INFO  volume.ThrottledAsyncChecker (ThrottledAsyncChecker.java:schedule(141)) - Scheduling a check for /workdir/hadoop-ozone/integration-test/target/test-dir/MiniOzoneClusterImpl-8fc52630-20fd-4955-97d1-2a2852f9ee58/datanode-9/data/containers/hdds
2019-11-15 00:57:18,219 [main] INFO  volume.HddsVolumeChecker (HddsVolumeChecker.java:checkAllVolumes(204)) - Scheduled health check for volume /workdir/hadoop-ozone/integration-test/target/test-dir/MiniOzoneClusterImpl-8fc52630-20fd-4955-97d1-2a2852f9ee58/datanode-9/data/containers/hdds
2019-11-15 00:57:18,233 [main] INFO  impl.RaftServerProxy (ConfUtils.java:logGet(43)) - raft.rpc.type = GRPC (default)
2019-11-15 00:57:18,233 [main] INFO  grpc.GrpcFactory (GrpcFactory.java:checkPooledByteBufAllocatorUseCacheForAllThreads(45)) - PERFORMANCE WARNING: useCacheForAllThreads is true that may cause Netty to create a lot garbage objects and, as a result, trigger GC.
	It is recommended to disable useCacheForAllThreads by setting -Dorg.apache.ratis.thirdparty.io.netty.allocator.useCacheForAllThreads=false in command line.
2019-11-15 00:57:18,233 [main] INFO  grpc.GrpcConfigKeys$Server (ConfUtils.java:logGet(43)) - raft.grpc.server.port = 0 (default)
2019-11-15 00:57:18,233 [main] INFO  server.GrpcService (ConfUtils.java:logGet(43)) - raft.grpc.message.size.max = 33570816 (custom)
2019-11-15 00:57:18,234 [main] INFO  server.RaftServerConfigKeys (ConfUtils.java:logGet(43)) - raft.server.log.appender.buffer.byte-limit = 33554432 (custom)
2019-11-15 00:57:18,234 [main] INFO  server.GrpcService (ConfUtils.java:logGet(43)) - raft.grpc.flow.control.window = 1MB (=1048576) (default)
2019-11-15 00:57:18,234 [main] INFO  server.RaftServerConfigKeys (ConfUtils.java:logGet(43)) - raft.server.rpc.request.timeout = 3000ms (default)
2019-11-15 00:57:18,234 [main] INFO  server.RaftServerConfigKeys (ConfUtils.java:logGet(43)) - raft.server.storage.dir = [/workdir/hadoop-ozone/integration-test/target/test-dir/MiniOzoneClusterImpl-8fc52630-20fd-4955-97d1-2a2852f9ee58/datanode-9/data/ratis] (custom)
2019-11-15 00:57:18,236 [main] INFO  hdfs.DFSUtil (DFSUtil.java:httpServerTemplateForNNAndJN(1641)) - Starting Web-server for hddsDatanode at: http://0.0.0.0:0
2019-11-15 00:57:18,237 [main] INFO  server.AuthenticationFilter (AuthenticationFilter.java:constructSecretProvider(240)) - Unable to initialize FileSignerSecretProvider, falling back to use random secrets.
2019-11-15 00:57:18,238 [main] WARN  http.HttpRequestLog (HttpRequestLog.java:getRequestLog(97)) - Jetty request log can only be enabled using Log4j
2019-11-15 00:57:18,239 [main] INFO  http.HttpServer2 (HttpServer2.java:addGlobalFilter(975)) - Added global filter 'safety' (class=org.apache.hadoop.http.HttpServer2$QuotingInputFilter)
2019-11-15 00:57:18,240 [main] INFO  http.HttpServer2 (HttpServer2.java:addFilter(948)) - Added filter static_user_filter (class=org.apache.hadoop.http.lib.StaticUserWebFilter$StaticUserFilter) to context hddsDatanode
2019-11-15 00:57:18,240 [main] INFO  http.HttpServer2 (HttpServer2.java:addFilter(958)) - Added filter static_user_filter (class=org.apache.hadoop.http.lib.StaticUserWebFilter$StaticUserFilter) to context static
2019-11-15 00:57:18,240 [main] INFO  http.HttpServer2 (HttpServer2.java:addFilter(958)) - Added filter static_user_filter (class=org.apache.hadoop.http.lib.StaticUserWebFilter$StaticUserFilter) to context logs
2019-11-15 00:57:18,241 [main] INFO  http.HttpServer2 (HttpServer2.java:bindListener(1191)) - Jetty bound to port 45373
2019-11-15 00:57:18,241 [main] INFO  server.Server (Server.java:doStart(351)) - jetty-9.3.25.v20180904, build timestamp: 2018-09-04T21:11:46Z, git hash: 3ce520221d0240229c862b122d2b06c12a625732
2019-11-15 00:57:18,243 [main] INFO  handler.ContextHandler (ContextHandler.java:doStart(781)) - Started o.e.j.s.ServletContextHandler@21c747a{/logs,file:///workdir/hadoop-ozone/integration-test/target/log,AVAILABLE}
2019-11-15 00:57:18,243 [main] INFO  handler.ContextHandler (ContextHandler.java:doStart(781)) - Started o.e.j.s.ServletContextHandler@29f38091{/static,jar:file:/home/user/.m2/repository/org/apache/hadoop/hadoop-hdds-container-service/0.5.0-SNAPSHOT/hadoop-hdds-container-service-0.5.0-SNAPSHOT.jar!/webapps/static,AVAILABLE}
2019-11-15 00:57:18,275 [main] INFO  handler.ContextHandler (ContextHandler.java:doStart(781)) - Started o.e.j.w.WebAppContext@2fd72332{/,file:///tmp/jetty-0.0.0.0-45373-hddsDatanode-_-any-8101828089035887541.dir/webapp/,AVAILABLE}{/hddsDatanode}
2019-11-15 00:57:18,275 [main] INFO  server.AbstractConnector (AbstractConnector.java:doStart(278)) - Started ServerConnector@51f18e31{HTTP/1.1,[http/1.1]}{0.0.0.0:45373}
2019-11-15 00:57:18,277 [main] INFO  server.Server (Server.java:doStart(419)) - Started @87761ms
2019-11-15 00:57:18,277 [main] WARN  impl.MetricsSystemImpl (MetricsSystemImpl.java:register(276)) - Sink prometheus already exists!
2019-11-15 00:57:18,278 [main] INFO  server.BaseHttpServer (BaseHttpServer.java:updateConnectorAddress(215)) - HTTP server of HDDSDATANODE is listening at http://0.0.0.0:45373
2019-11-15 00:57:18,278 [main] INFO  ozone.MiniOzoneClusterImpl (MiniOzoneClusterImpl.java:lambda$waitForClusterToBeReady$2(171)) - Waiting for cluster to be ready. Got 0 of 10 DN Heartbeats.
2019-11-15 00:57:18,279 [org.apache.hadoop.util.JvmPauseMonitor$Monitor@4a46a7c5] INFO  util.JvmPauseMonitor (JvmPauseMonitor.java:run(188)) - Starting JVM pause monitor
2019-11-15 00:57:18,281 [Datanode State Machine Thread - 0] INFO  datanode.InitDatanodeState (InitDatanodeState.java:persistContainerDatanodeDetails(140)) - DatanodeDetails is persisted to /workdir/hadoop-ozone/integration-test/target/test-dir/MiniOzoneClusterImpl-8fc52630-20fd-4955-97d1-2a2852f9ee58/datanode-9/meta/datanode.id
2019-11-15 00:57:19,279 [main] INFO  ozone.MiniOzoneClusterImpl (MiniOzoneClusterImpl.java:lambda$waitForClusterToBeReady$2(171)) - Waiting for cluster to be ready. Got 0 of 10 DN Heartbeats.
2019-11-15 00:57:19,641 [Datanode State Machine Thread - 0] INFO  ozoneimpl.OzoneContainer (OzoneContainer.java:start(230)) - Attempting to start container services.
2019-11-15 00:57:19,642 [Datanode State Machine Thread - 0] INFO  ozoneimpl.OzoneContainer (OzoneContainer.java:startContainerScrub(194)) - Background container scanner has been disabled.
2019-11-15 00:57:19,642 [Datanode State Machine Thread - 0] INFO  ratis.XceiverServerRatis (XceiverServerRatis.java:start(421)) - Starting XceiverServerRatis eccb109f-99d1-4501-bb16-6ecf49b3cdca at port 0
2019-11-15 00:57:19,651 [Datanode State Machine Thread - 0] INFO  impl.RaftServerProxy (RaftServerProxy.java:lambda$start$3(299)) - eccb109f-99d1-4501-bb16-6ecf49b3cdca: start RPC server
2019-11-15 00:57:19,653 [Datanode State Machine Thread - 0] INFO  server.GrpcService (GrpcService.java:startImpl(158)) - eccb109f-99d1-4501-bb16-6ecf49b3cdca: GrpcService started, listening on 0.0.0.0/0.0.0.0:44076
2019-11-15 00:57:19,653 [Datanode State Machine Thread - 0] INFO  ratis.XceiverServerRatis (XceiverServerRatis.java:start(431)) - XceiverServerRatis eccb109f-99d1-4501-bb16-6ecf49b3cdca is started using port 44076
2019-11-15 00:57:19,654 [Datanode State Machine Thread - 0] INFO  server.XceiverServerGrpc (XceiverServerGrpc.java:start(145)) - XceiverServerGrpc eccb109f-99d1-4501-bb16-6ecf49b3cdca is started using port 44758
2019-11-15 00:57:19,691 [Datanode State Machine Thread - 0] INFO  ozoneimpl.OzoneContainer (OzoneContainer.java:start(230)) - Attempting to start container services.
2019-11-15 00:57:19,691 [Datanode State Machine Thread - 0] INFO  ozoneimpl.OzoneContainer (OzoneContainer.java:startContainerScrub(194)) - Background container scanner has been disabled.
2019-11-15 00:57:19,692 [Datanode State Machine Thread - 0] INFO  ratis.XceiverServerRatis (XceiverServerRatis.java:start(421)) - Starting XceiverServerRatis d61fc7c3-32e3-43e3-b156-a1b483a86779 at port 0
2019-11-15 00:57:19,700 [Datanode State Machine Thread - 0] INFO  impl.RaftServerProxy (RaftServerProxy.java:lambda$start$3(299)) - d61fc7c3-32e3-43e3-b156-a1b483a86779: start RPC server
2019-11-15 00:57:19,702 [Datanode State Machine Thread - 0] INFO  server.GrpcService (GrpcService.java:startImpl(158)) - d61fc7c3-32e3-43e3-b156-a1b483a86779: GrpcService started, listening on 0.0.0.0/0.0.0.0:39950
2019-11-15 00:57:19,702 [Datanode State Machine Thread - 0] INFO  ratis.XceiverServerRatis (XceiverServerRatis.java:start(431)) - XceiverServerRatis d61fc7c3-32e3-43e3-b156-a1b483a86779 is started using port 39950
2019-11-15 00:57:19,702 [Datanode State Machine Thread - 0] INFO  server.XceiverServerGrpc (XceiverServerGrpc.java:start(145)) - XceiverServerGrpc d61fc7c3-32e3-43e3-b156-a1b483a86779 is started using port 45152
2019-11-15 00:57:19,760 [Datanode State Machine Thread - 0] INFO  ozoneimpl.OzoneContainer (OzoneContainer.java:start(230)) - Attempting to start container services.
2019-11-15 00:57:19,760 [Datanode State Machine Thread - 0] INFO  ozoneimpl.OzoneContainer (OzoneContainer.java:startContainerScrub(194)) - Background container scanner has been disabled.
2019-11-15 00:57:19,761 [Datanode State Machine Thread - 0] INFO  ratis.XceiverServerRatis (XceiverServerRatis.java:start(421)) - Starting XceiverServerRatis 5fe8490f-f805-406a-80e2-fbda1a66b042 at port 0
2019-11-15 00:57:19,769 [Datanode State Machine Thread - 0] INFO  impl.RaftServerProxy (RaftServerProxy.java:lambda$start$3(299)) - 5fe8490f-f805-406a-80e2-fbda1a66b042: start RPC server
2019-11-15 00:57:19,770 [Datanode State Machine Thread - 0] INFO  server.GrpcService (GrpcService.java:startImpl(158)) - 5fe8490f-f805-406a-80e2-fbda1a66b042: GrpcService started, listening on 0.0.0.0/0.0.0.0:45094
2019-11-15 00:57:19,770 [Datanode State Machine Thread - 0] INFO  ratis.XceiverServerRatis (XceiverServerRatis.java:start(431)) - XceiverServerRatis 5fe8490f-f805-406a-80e2-fbda1a66b042 is started using port 45094
2019-11-15 00:57:19,770 [Datanode State Machine Thread - 0] INFO  server.XceiverServerGrpc (XceiverServerGrpc.java:start(145)) - XceiverServerGrpc 5fe8490f-f805-406a-80e2-fbda1a66b042 is started using port 43980
2019-11-15 00:57:19,828 [Datanode State Machine Thread - 0] INFO  ozoneimpl.OzoneContainer (OzoneContainer.java:start(230)) - Attempting to start container services.
2019-11-15 00:57:19,829 [Datanode State Machine Thread - 0] INFO  ozoneimpl.OzoneContainer (OzoneContainer.java:startContainerScrub(194)) - Background container scanner has been disabled.
2019-11-15 00:57:19,829 [Datanode State Machine Thread - 0] INFO  ratis.XceiverServerRatis (XceiverServerRatis.java:start(421)) - Starting XceiverServerRatis 9ac24c7e-7e4f-4cef-ab0e-298cb71ae60d at port 0
2019-11-15 00:57:19,836 [Datanode State Machine Thread - 0] INFO  impl.RaftServerProxy (RaftServerProxy.java:lambda$start$3(299)) - 9ac24c7e-7e4f-4cef-ab0e-298cb71ae60d: start RPC server
2019-11-15 00:57:19,837 [Datanode State Machine Thread - 0] INFO  server.GrpcService (GrpcService.java:startImpl(158)) - 9ac24c7e-7e4f-4cef-ab0e-298cb71ae60d: GrpcService started, listening on 0.0.0.0/0.0.0.0:37265
2019-11-15 00:57:19,837 [Datanode State Machine Thread - 0] INFO  ratis.XceiverServerRatis (XceiverServerRatis.java:start(431)) - XceiverServerRatis 9ac24c7e-7e4f-4cef-ab0e-298cb71ae60d is started using port 37265
2019-11-15 00:57:19,837 [Datanode State Machine Thread - 0] INFO  server.XceiverServerGrpc (XceiverServerGrpc.java:start(145)) - XceiverServerGrpc 9ac24c7e-7e4f-4cef-ab0e-298cb71ae60d is started using port 39378
2019-11-15 00:57:19,892 [Datanode State Machine Thread - 0] INFO  ozoneimpl.OzoneContainer (OzoneContainer.java:start(230)) - Attempting to start container services.
2019-11-15 00:57:19,893 [Datanode State Machine Thread - 0] INFO  ozoneimpl.OzoneContainer (OzoneContainer.java:startContainerScrub(194)) - Background container scanner has been disabled.
2019-11-15 00:57:19,893 [Datanode State Machine Thread - 0] INFO  ratis.XceiverServerRatis (XceiverServerRatis.java:start(421)) - Starting XceiverServerRatis c182b01b-afca-4fcd-8295-9462a850df3a at port 0
2019-11-15 00:57:19,900 [Datanode State Machine Thread - 0] INFO  impl.RaftServerProxy (RaftServerProxy.java:lambda$start$3(299)) - c182b01b-afca-4fcd-8295-9462a850df3a: start RPC server
2019-11-15 00:57:19,900 [Datanode State Machine Thread - 0] INFO  server.GrpcService (GrpcService.java:startImpl(158)) - c182b01b-afca-4fcd-8295-9462a850df3a: GrpcService started, listening on 0.0.0.0/0.0.0.0:36437
2019-11-15 00:57:19,900 [Datanode State Machine Thread - 0] INFO  ratis.XceiverServerRatis (XceiverServerRatis.java:start(431)) - XceiverServerRatis c182b01b-afca-4fcd-8295-9462a850df3a is started using port 36437
2019-11-15 00:57:19,901 [Datanode State Machine Thread - 0] INFO  server.XceiverServerGrpc (XceiverServerGrpc.java:start(145)) - XceiverServerGrpc c182b01b-afca-4fcd-8295-9462a850df3a is started using port 32957
2019-11-15 00:57:19,991 [Datanode State Machine Thread - 0] INFO  ozoneimpl.OzoneContainer (OzoneContainer.java:start(230)) - Attempting to start container services.
2019-11-15 00:57:19,993 [Datanode State Machine Thread - 0] INFO  ozoneimpl.OzoneContainer (OzoneContainer.java:startContainerScrub(194)) - Background container scanner has been disabled.
2019-11-15 00:57:19,993 [Datanode State Machine Thread - 0] INFO  ratis.XceiverServerRatis (XceiverServerRatis.java:start(421)) - Starting XceiverServerRatis 4dfd32cc-2252-49fe-ba51-4380d1c0b0d5 at port 0
2019-11-15 00:57:20,000 [Datanode State Machine Thread - 0] INFO  impl.RaftServerProxy (RaftServerProxy.java:lambda$start$3(299)) - 4dfd32cc-2252-49fe-ba51-4380d1c0b0d5: start RPC server
2019-11-15 00:57:20,001 [Datanode State Machine Thread - 0] INFO  server.GrpcService (GrpcService.java:startImpl(158)) - 4dfd32cc-2252-49fe-ba51-4380d1c0b0d5: GrpcService started, listening on 0.0.0.0/0.0.0.0:44082
2019-11-15 00:57:20,001 [Datanode State Machine Thread - 0] INFO  ratis.XceiverServerRatis (XceiverServerRatis.java:start(431)) - XceiverServerRatis 4dfd32cc-2252-49fe-ba51-4380d1c0b0d5 is started using port 44082
2019-11-15 00:57:20,001 [Datanode State Machine Thread - 0] INFO  server.XceiverServerGrpc (XceiverServerGrpc.java:start(145)) - XceiverServerGrpc 4dfd32cc-2252-49fe-ba51-4380d1c0b0d5 is started using port 46803
2019-11-15 00:57:20,070 [Datanode State Machine Thread - 0] INFO  ozoneimpl.OzoneContainer (OzoneContainer.java:start(230)) - Attempting to start container services.
2019-11-15 00:57:20,071 [Datanode State Machine Thread - 0] INFO  ozoneimpl.OzoneContainer (OzoneContainer.java:startContainerScrub(194)) - Background container scanner has been disabled.
2019-11-15 00:57:20,071 [Datanode State Machine Thread - 0] INFO  ratis.XceiverServerRatis (XceiverServerRatis.java:start(421)) - Starting XceiverServerRatis efbac357-ca4e-4ee4-91b4-c654bf02dfcf at port 0
2019-11-15 00:57:20,078 [Datanode State Machine Thread - 0] INFO  impl.RaftServerProxy (RaftServerProxy.java:lambda$start$3(299)) - efbac357-ca4e-4ee4-91b4-c654bf02dfcf: start RPC server
2019-11-15 00:57:20,079 [Datanode State Machine Thread - 0] INFO  server.GrpcService (GrpcService.java:startImpl(158)) - efbac357-ca4e-4ee4-91b4-c654bf02dfcf: GrpcService started, listening on 0.0.0.0/0.0.0.0:33848
2019-11-15 00:57:20,079 [Datanode State Machine Thread - 0] INFO  ratis.XceiverServerRatis (XceiverServerRatis.java:start(431)) - XceiverServerRatis efbac357-ca4e-4ee4-91b4-c654bf02dfcf is started using port 33848
2019-11-15 00:57:20,082 [Datanode State Machine Thread - 0] INFO  server.XceiverServerGrpc (XceiverServerGrpc.java:start(145)) - XceiverServerGrpc efbac357-ca4e-4ee4-91b4-c654bf02dfcf is started using port 34720
2019-11-15 00:57:20,152 [Datanode State Machine Thread - 0] INFO  ozoneimpl.OzoneContainer (OzoneContainer.java:start(230)) - Attempting to start container services.
2019-11-15 00:57:20,153 [Datanode State Machine Thread - 0] INFO  ozoneimpl.OzoneContainer (OzoneContainer.java:startContainerScrub(194)) - Background container scanner has been disabled.
2019-11-15 00:57:20,153 [Datanode State Machine Thread - 0] INFO  ratis.XceiverServerRatis (XceiverServerRatis.java:start(421)) - Starting XceiverServerRatis e96d2cc9-026c-4220-b0f4-2bd3b4d5a924 at port 0
2019-11-15 00:57:20,160 [Datanode State Machine Thread - 0] INFO  impl.RaftServerProxy (RaftServerProxy.java:lambda$start$3(299)) - e96d2cc9-026c-4220-b0f4-2bd3b4d5a924: start RPC server
2019-11-15 00:57:20,161 [Datanode State Machine Thread - 0] INFO  server.GrpcService (GrpcService.java:startImpl(158)) - e96d2cc9-026c-4220-b0f4-2bd3b4d5a924: GrpcService started, listening on 0.0.0.0/0.0.0.0:39163
2019-11-15 00:57:20,161 [Datanode State Machine Thread - 0] INFO  ratis.XceiverServerRatis (XceiverServerRatis.java:start(431)) - XceiverServerRatis e96d2cc9-026c-4220-b0f4-2bd3b4d5a924 is started using port 39163
2019-11-15 00:57:20,161 [Datanode State Machine Thread - 0] INFO  server.XceiverServerGrpc (XceiverServerGrpc.java:start(145)) - XceiverServerGrpc e96d2cc9-026c-4220-b0f4-2bd3b4d5a924 is started using port 44487
2019-11-15 00:57:20,225 [Datanode State Machine Thread - 0] INFO  ozoneimpl.OzoneContainer (OzoneContainer.java:start(230)) - Attempting to start container services.
2019-11-15 00:57:20,225 [Datanode State Machine Thread - 0] INFO  ozoneimpl.OzoneContainer (OzoneContainer.java:startContainerScrub(194)) - Background container scanner has been disabled.
2019-11-15 00:57:20,225 [Datanode State Machine Thread - 0] INFO  ratis.XceiverServerRatis (XceiverServerRatis.java:start(421)) - Starting XceiverServerRatis 8692cc3a-c5e2-4bd5-b878-b8217203f52e at port 0
2019-11-15 00:57:20,233 [Datanode State Machine Thread - 0] INFO  impl.RaftServerProxy (RaftServerProxy.java:lambda$start$3(299)) - 8692cc3a-c5e2-4bd5-b878-b8217203f52e: start RPC server
2019-11-15 00:57:20,234 [Datanode State Machine Thread - 0] INFO  server.GrpcService (GrpcService.java:startImpl(158)) - 8692cc3a-c5e2-4bd5-b878-b8217203f52e: GrpcService started, listening on 0.0.0.0/0.0.0.0:45622
2019-11-15 00:57:20,234 [Datanode State Machine Thread - 0] INFO  ratis.XceiverServerRatis (XceiverServerRatis.java:start(431)) - XceiverServerRatis 8692cc3a-c5e2-4bd5-b878-b8217203f52e is started using port 45622
2019-11-15 00:57:20,243 [Datanode State Machine Thread - 0] INFO  server.XceiverServerGrpc (XceiverServerGrpc.java:start(145)) - XceiverServerGrpc 8692cc3a-c5e2-4bd5-b878-b8217203f52e is started using port 37415
2019-11-15 00:57:20,279 [main] INFO  ozone.MiniOzoneClusterImpl (MiniOzoneClusterImpl.java:lambda$waitForClusterToBeReady$2(171)) - Waiting for cluster to be ready. Got 0 of 10 DN Heartbeats.
2019-11-15 00:57:20,294 [Datanode State Machine Thread - 0] INFO  ozoneimpl.OzoneContainer (OzoneContainer.java:start(230)) - Attempting to start container services.
2019-11-15 00:57:20,294 [Datanode State Machine Thread - 0] INFO  ozoneimpl.OzoneContainer (OzoneContainer.java:startContainerScrub(194)) - Background container scanner has been disabled.
2019-11-15 00:57:20,294 [Datanode State Machine Thread - 0] INFO  ratis.XceiverServerRatis (XceiverServerRatis.java:start(421)) - Starting XceiverServerRatis 0bfc3546-5406-43b9-8d67-9a12bf5503d8 at port 0
2019-11-15 00:57:20,302 [Datanode State Machine Thread - 0] INFO  impl.RaftServerProxy (RaftServerProxy.java:lambda$start$3(299)) - 0bfc3546-5406-43b9-8d67-9a12bf5503d8: start RPC server
2019-11-15 00:57:20,305 [Datanode State Machine Thread - 0] INFO  server.GrpcService (GrpcService.java:startImpl(158)) - 0bfc3546-5406-43b9-8d67-9a12bf5503d8: GrpcService started, listening on 0.0.0.0/0.0.0.0:37596
2019-11-15 00:57:20,305 [Datanode State Machine Thread - 0] INFO  ratis.XceiverServerRatis (XceiverServerRatis.java:start(431)) - XceiverServerRatis 0bfc3546-5406-43b9-8d67-9a12bf5503d8 is started using port 37596
2019-11-15 00:57:20,316 [Datanode State Machine Thread - 0] INFO  server.XceiverServerGrpc (XceiverServerGrpc.java:start(145)) - XceiverServerGrpc 0bfc3546-5406-43b9-8d67-9a12bf5503d8 is started using port 46526
2019-11-15 00:57:21,280 [main] INFO  ozone.MiniOzoneClusterImpl (MiniOzoneClusterImpl.java:lambda$waitForClusterToBeReady$2(171)) - Waiting for cluster to be ready. Got 0 of 10 DN Heartbeats.
2019-11-15 00:57:21,628 [IPC Server handler 3 on 39845] INFO  net.NetworkTopology (NetworkTopologyImpl.java:add(111)) - Added a new node: /rack1/eccb109f-99d1-4501-bb16-6ecf49b3cdca
2019-11-15 00:57:21,630 [IPC Server handler 3 on 39845] INFO  node.SCMNodeManager (SCMNodeManager.java:register(267)) - Registered Data node : eccb109f-99d1-4501-bb16-6ecf49b3cdca{ip: 192.168.164.208, host: pr-hdds-2442-bxv5b-1523879440, networkLocation: /rack1, certSerialId: null}
2019-11-15 00:57:21,631 [EventQueue-NodeRegistrationContainerReportForDataNodeSafeModeRule] INFO  safemode.SCMSafeModeManager (DataNodeSafeModeRule.java:process(71)) - SCM in safe mode. 1 DataNodes registered, 1 required.
2019-11-15 00:57:21,634 [EventQueue-NodeRegistrationContainerReportForDataNodeSafeModeRule] INFO  safemode.SCMSafeModeManager (SCMSafeModeManager.java:validateSafeModeExitRules(177)) - ScmSafeModeManager, all rules are successfully validated
2019-11-15 00:57:21,634 [EventQueue-NodeRegistrationContainerReportForDataNodeSafeModeRule] INFO  safemode.SCMSafeModeManager (SCMSafeModeManager.java:exitSafeMode(193)) - SCM exiting safe mode.
2019-11-15 00:57:21,645 [grpc-default-executor-5] INFO  impl.RaftServerProxy (RaftServerProxy.java:addNew(89)) - eccb109f-99d1-4501-bb16-6ecf49b3cdca: addNew group-577B6C10EF4B:[eccb109f-99d1-4501-bb16-6ecf49b3cdca:192.168.164.208:44076] returns group-577B6C10EF4B:java.util.concurrent.CompletableFuture@782d27fc[Not completed]
2019-11-15 00:57:21,648 [pool-149-thread-1] INFO  impl.RaftServerImpl (RaftServerImpl.java:<init>(98)) - eccb109f-99d1-4501-bb16-6ecf49b3cdca: new RaftServerImpl for group-577B6C10EF4B:[eccb109f-99d1-4501-bb16-6ecf49b3cdca:192.168.164.208:44076] with ContainerStateMachine:uninitialized
2019-11-15 00:57:21,648 [pool-149-thread-1] INFO  server.RaftServerConfigKeys (ConfUtils.java:logGet(43)) - raft.server.rpc.timeout.min = 1s (custom)
2019-11-15 00:57:21,648 [pool-149-thread-1] INFO  server.RaftServerConfigKeys (ConfUtils.java:logGet(43)) - raft.server.rpc.timeout.max = 1200ms (custom)
2019-11-15 00:57:21,649 [pool-149-thread-1] INFO  server.RaftServerConfigKeys (ConfUtils.java:logGet(43)) - raft.server.rpcslowness.timeout = 120s (custom)
2019-11-15 00:57:21,649 [pool-149-thread-1] INFO  server.RaftServerConfigKeys (ConfUtils.java:logGet(43)) - raft.server.sleep.deviation.threshold = 300 (default)
2019-11-15 00:57:21,649 [pool-149-thread-1] INFO  server.RaftServerConfigKeys (ConfUtils.java:logGet(43)) - raft.server.log.appender.install.snapshot.enabled = false (custom)
2019-11-15 00:57:21,649 [pool-149-thread-1] INFO  impl.RaftServerImpl (ServerState.java:<init>(103)) - eccb109f-99d1-4501-bb16-6ecf49b3cdca@group-577B6C10EF4B: ConfigurationManager, init=-1: [eccb109f-99d1-4501-bb16-6ecf49b3cdca:192.168.164.208:44076], old=null, confs=<EMPTY_MAP>
2019-11-15 00:57:21,649 [pool-149-thread-1] INFO  server.RaftServerConfigKeys (ConfUtils.java:logGet(43)) - raft.server.storage.dir = [/workdir/hadoop-ozone/integration-test/target/test-dir/MiniOzoneClusterImpl-8fc52630-20fd-4955-97d1-2a2852f9ee58/datanode-0/data/ratis] (custom)
2019-11-15 00:57:21,650 [pool-149-thread-1] INFO  server.RaftServerConfigKeys (ConfUtils.java:logGet(43)) - raft.server.log.corruption.policy = EXCEPTION (default)
2019-11-15 00:57:21,650 [pool-149-thread-1] INFO  storage.RaftStorageDirectory (RaftStorageDirectory.java:analyzeStorage(246)) - The storage directory /workdir/hadoop-ozone/integration-test/target/test-dir/MiniOzoneClusterImpl-8fc52630-20fd-4955-97d1-2a2852f9ee58/datanode-0/data/ratis/4b3de57b-3c20-462a-8a5e-577b6c10ef4b does not exist. Creating ...
2019-11-15 00:57:21,686 [IPC Server handler 4 on 39845] INFO  net.NetworkTopology (NetworkTopologyImpl.java:add(111)) - Added a new node: /rack1/d61fc7c3-32e3-43e3-b156-a1b483a86779
2019-11-15 00:57:21,687 [IPC Server handler 4 on 39845] INFO  node.SCMNodeManager (SCMNodeManager.java:register(267)) - Registered Data node : d61fc7c3-32e3-43e3-b156-a1b483a86779{ip: 192.168.164.208, host: pr-hdds-2442-bxv5b-1523879440, networkLocation: /rack1, certSerialId: null}
2019-11-15 00:57:21,687 [pool-149-thread-1] INFO  storage.RaftStorageDirectory (RaftStorageDirectory.java:tryLock(328)) - Lock on /workdir/hadoop-ozone/integration-test/target/test-dir/MiniOzoneClusterImpl-8fc52630-20fd-4955-97d1-2a2852f9ee58/datanode-0/data/ratis/4b3de57b-3c20-462a-8a5e-577b6c10ef4b/in_use.lock acquired by nodename 16745@pr-hdds-2442-bxv5b-1523879440
2019-11-15 00:57:21,699 [pool-149-thread-1] INFO  storage.RaftStorage (RaftStorage.java:format(84)) - Storage directory /workdir/hadoop-ozone/integration-test/target/test-dir/MiniOzoneClusterImpl-8fc52630-20fd-4955-97d1-2a2852f9ee58/datanode-0/data/ratis/4b3de57b-3c20-462a-8a5e-577b6c10ef4b has been successfully formatted.
2019-11-15 00:57:21,699 [pool-149-thread-1] INFO  ratis.ContainerStateMachine (ContainerStateMachine.java:loadSnapshot(223)) - group-577B6C10EF4B: The snapshot info is null. Setting the last applied indexto:(t:0, i:~)
2019-11-15 00:57:21,699 [pool-149-thread-1] INFO  server.RaftServerConfigKeys (ConfUtils.java:logGet(43)) - raft.server.notification.no-leader.timeout = 120s (custom)
2019-11-15 00:57:21,699 [pool-149-thread-1] INFO  server.RaftServerConfigKeys (ConfUtils.java:logGet(43)) - raft.server.log.use.memory = false (default)
2019-11-15 00:57:21,700 [pool-149-thread-1] INFO  server.RaftServerConfigKeys (ConfUtils.java:logGet(43)) - raft.server.log.purge.gap = 1000000 (custom)
2019-11-15 00:57:21,700 [pool-149-thread-1] INFO  server.RaftServerConfigKeys (ConfUtils.java:logGet(43)) - raft.server.log.appender.buffer.byte-limit = 33554432 (custom)
2019-11-15 00:57:21,700 [pool-149-thread-1] INFO  server.RaftServerConfigKeys (ConfUtils.java:logGet(43)) - raft.server.log.segment.size.max = 1048576 (custom)
2019-11-15 00:57:21,700 [pool-149-thread-1] WARN  impl.MetricRegistriesImpl (MetricRegistriesImpl.java:lambda$create$1(61)) - First MetricRegistry has been created without registering reporters. You may need to call MetricRegistries.global().addReportRegistration(...) before.
2019-11-15 00:57:21,700 [pool-149-thread-1] INFO  server.RaftServerConfigKeys (ConfUtils.java:logGet(43)) - raft.server.log.segment.cache.num.max = 2 (custom)
2019-11-15 00:57:21,701 [pool-149-thread-1] INFO  segmented.SegmentedRaftLogWorker (SegmentedRaftLogWorker.java:<init>(173)) - new eccb109f-99d1-4501-bb16-6ecf49b3cdca@group-577B6C10EF4B-SegmentedRaftLogWorker for RaftStorage:Storage Directory /workdir/hadoop-ozone/integration-test/target/test-dir/MiniOzoneClusterImpl-8fc52630-20fd-4955-97d1-2a2852f9ee58/datanode-0/data/ratis/4b3de57b-3c20-462a-8a5e-577b6c10ef4b
2019-11-15 00:57:21,701 [pool-149-thread-1] INFO  server.RaftServerConfigKeys (ConfUtils.java:logGet(43)) - raft.server.log.queue.byte-limit = 2147483647 (custom)
2019-11-15 00:57:21,701 [pool-149-thread-1] INFO  server.RaftServerConfigKeys (ConfUtils.java:logGet(43)) - raft.server.log.queue.element-limit = 1024 (custom)
2019-11-15 00:57:21,701 [pool-149-thread-1] INFO  server.RaftServerConfigKeys (ConfUtils.java:logGet(43)) - raft.server.log.segment.size.max = 1048576 (custom)
2019-11-15 00:57:21,701 [pool-149-thread-1] INFO  server.RaftServerConfigKeys (ConfUtils.java:logGet(43)) - raft.server.log.preallocated.size = 16384 (custom)
2019-11-15 00:57:21,701 [pool-149-thread-1] INFO  server.RaftServerConfigKeys (ConfUtils.java:logGet(43)) - raft.server.log.write.buffer.size = 33554432 (custom)
2019-11-15 00:57:21,701 [pool-149-thread-1] INFO  server.RaftServerConfigKeys (ConfUtils.java:logGet(43)) - raft.server.log.force.sync.num = 128 (default)
2019-11-15 00:57:21,702 [pool-149-thread-1] INFO  server.RaftServerConfigKeys (ConfUtils.java:logGet(43)) - raft.server.log.statemachine.data.sync = true (default)
2019-11-15 00:57:21,702 [pool-149-thread-1] INFO  server.RaftServerConfigKeys (ConfUtils.java:logGet(43)) - raft.server.log.statemachine.data.sync.timeout = 10s (default)
2019-11-15 00:57:21,702 [pool-149-thread-1] INFO  server.RaftServerConfigKeys (ConfUtils.java:logGet(43)) - raft.server.log.statemachine.data.sync.timeout.retry = -1 (default)
2019-11-15 00:57:21,702 [pool-149-thread-1] INFO  server.RaftServerConfigKeys (ConfUtils.java:logGet(43)) - raft.server.log.statemachine.data.caching.enabled = true (custom)
2019-11-15 00:57:21,703 [pool-149-thread-1] INFO  segmented.SegmentedRaftLogWorker (SegmentedRaftLogWorker.java:lambda$new$0(128)) - eccb109f-99d1-4501-bb16-6ecf49b3cdca@group-577B6C10EF4B-SegmentedRaftLogWorker: flushIndex: setUnconditionally 0 -> -1
2019-11-15 00:57:21,703 [pool-149-thread-1] INFO  server.RaftServerConfigKeys (ConfUtils.java:logGet(43)) - raft.server.snapshot.auto.trigger.enabled = true (custom)
2019-11-15 00:57:21,703 [pool-149-thread-1] INFO  server.RaftServerConfigKeys (ConfUtils.java:logGet(43)) - raft.server.snapshot.auto.trigger.threshold = 10000 (custom)
2019-11-15 00:57:21,703 [pool-149-thread-1] INFO  server.RaftServerConfigKeys (ConfUtils.java:logGet(43)) - raft.server.snapshot.retention.file.num = 5 (custom)
2019-11-15 00:57:21,704 [pool-149-thread-1] INFO  server.RaftServerConfigKeys (ConfUtils.java:logGet(43)) - raft.server.retrycache.expirytime = 600000ms (custom)
2019-11-15 00:57:21,704 [pool-149-thread-1] WARN  impl.MetricRegistriesImpl (MetricRegistriesImpl.java:lambda$create$1(61)) - First MetricRegistry has been created without registering reporters. You may need to call MetricRegistries.global().addReportRegistration(...) before.
2019-11-15 00:57:21,704 [pool-149-thread-1] WARN  impl.MetricRegistriesImpl (MetricRegistriesImpl.java:lambda$create$1(61)) - First MetricRegistry has been created without registering reporters. You may need to call MetricRegistries.global().addReportRegistration(...) before.
2019-11-15 00:57:21,705 [pool-149-thread-1] INFO  impl.RaftServerImpl (RaftServerImpl.java:start(184)) - eccb109f-99d1-4501-bb16-6ecf49b3cdca@group-577B6C10EF4B: start as a follower, conf=-1: [eccb109f-99d1-4501-bb16-6ecf49b3cdca:192.168.164.208:44076], old=null
2019-11-15 00:57:21,705 [pool-149-thread-1] INFO  impl.RaftServerImpl (RaftServerImpl.java:setRole(173)) - eccb109f-99d1-4501-bb16-6ecf49b3cdca@group-577B6C10EF4B: changes role from      null to FOLLOWER at term 0 for startAsFollower
2019-11-15 00:57:21,705 [pool-149-thread-1] INFO  impl.RoleInfo (RoleInfo.java:updateAndGet(143)) - eccb109f-99d1-4501-bb16-6ecf49b3cdca: start FollowerState
2019-11-15 00:57:21,706 [pool-149-thread-1] INFO  util.JmxRegister (JmxRegister.java:tryRegister(44)) - Successfully registered JMX Bean with object name Ratis:service=RaftServer,group=group-577B6C10EF4B,id=eccb109f-99d1-4501-bb16-6ecf49b3cdca
2019-11-15 00:57:21,706 [pool-149-thread-1] WARN  impl.MetricRegistriesImpl (MetricRegistriesImpl.java:lambda$create$1(61)) - First MetricRegistry has been created without registering reporters. You may need to call MetricRegistries.global().addReportRegistration(...) before.
2019-11-15 00:57:21,710 [RatisPipelineUtilsThread] INFO  pipeline.PipelineStateManager (PipelineStateManager.java:addPipeline(55)) - Created pipeline Pipeline[ Id: 4b3de57b-3c20-462a-8a5e-577b6c10ef4b, Nodes: eccb109f-99d1-4501-bb16-6ecf49b3cdca{ip: 192.168.164.208, host: pr-hdds-2442-bxv5b-1523879440, networkLocation: /rack1, certSerialId: null}, Type:RATIS, Factor:ONE, State:ALLOCATED]
2019-11-15 00:57:21,719 [grpc-default-executor-5] INFO  impl.RaftServerProxy (RaftServerProxy.java:addNew(89)) - d61fc7c3-32e3-43e3-b156-a1b483a86779: addNew group-783A9A2A969F:[d61fc7c3-32e3-43e3-b156-a1b483a86779:192.168.164.208:39950] returns group-783A9A2A969F:java.util.concurrent.CompletableFuture@47814a13[Not completed]
2019-11-15 00:57:21,720 [pool-159-thread-1] INFO  impl.RaftServerImpl (RaftServerImpl.java:<init>(98)) - d61fc7c3-32e3-43e3-b156-a1b483a86779: new RaftServerImpl for group-783A9A2A969F:[d61fc7c3-32e3-43e3-b156-a1b483a86779:192.168.164.208:39950] with ContainerStateMachine:uninitialized
2019-11-15 00:57:21,720 [pool-159-thread-1] INFO  server.RaftServerConfigKeys (ConfUtils.java:logGet(43)) - raft.server.rpc.timeout.min = 1s (custom)
2019-11-15 00:57:21,720 [pool-159-thread-1] INFO  server.RaftServerConfigKeys (ConfUtils.java:logGet(43)) - raft.server.rpc.timeout.max = 1200ms (custom)
2019-11-15 00:57:21,720 [pool-159-thread-1] INFO  server.RaftServerConfigKeys (ConfUtils.java:logGet(43)) - raft.server.rpcslowness.timeout = 120s (custom)
2019-11-15 00:57:21,721 [pool-159-thread-1] INFO  server.RaftServerConfigKeys (ConfUtils.java:logGet(43)) - raft.server.sleep.deviation.threshold = 300 (default)
2019-11-15 00:57:21,721 [pool-159-thread-1] INFO  server.RaftServerConfigKeys (ConfUtils.java:logGet(43)) - raft.server.log.appender.install.snapshot.enabled = false (custom)
2019-11-15 00:57:21,721 [pool-159-thread-1] INFO  impl.RaftServerImpl (ServerState.java:<init>(103)) - d61fc7c3-32e3-43e3-b156-a1b483a86779@group-783A9A2A969F: ConfigurationManager, init=-1: [d61fc7c3-32e3-43e3-b156-a1b483a86779:192.168.164.208:39950], old=null, confs=<EMPTY_MAP>
2019-11-15 00:57:21,721 [pool-159-thread-1] INFO  server.RaftServerConfigKeys (ConfUtils.java:logGet(43)) - raft.server.storage.dir = [/workdir/hadoop-ozone/integration-test/target/test-dir/MiniOzoneClusterImpl-8fc52630-20fd-4955-97d1-2a2852f9ee58/datanode-1/data/ratis] (custom)
2019-11-15 00:57:21,721 [pool-159-thread-1] INFO  server.RaftServerConfigKeys (ConfUtils.java:logGet(43)) - raft.server.log.corruption.policy = EXCEPTION (default)
2019-11-15 00:57:21,722 [pool-159-thread-1] INFO  storage.RaftStorageDirectory (RaftStorageDirectory.java:analyzeStorage(246)) - The storage directory /workdir/hadoop-ozone/integration-test/target/test-dir/MiniOzoneClusterImpl-8fc52630-20fd-4955-97d1-2a2852f9ee58/datanode-1/data/ratis/04111556-bf50-4aa6-8004-783a9a2a969f does not exist. Creating ...
2019-11-15 00:57:21,725 [pool-159-thread-1] INFO  storage.RaftStorageDirectory (RaftStorageDirectory.java:tryLock(328)) - Lock on /workdir/hadoop-ozone/integration-test/target/test-dir/MiniOzoneClusterImpl-8fc52630-20fd-4955-97d1-2a2852f9ee58/datanode-1/data/ratis/04111556-bf50-4aa6-8004-783a9a2a969f/in_use.lock acquired by nodename 16745@pr-hdds-2442-bxv5b-1523879440
2019-11-15 00:57:21,736 [pool-159-thread-1] INFO  storage.RaftStorage (RaftStorage.java:format(84)) - Storage directory /workdir/hadoop-ozone/integration-test/target/test-dir/MiniOzoneClusterImpl-8fc52630-20fd-4955-97d1-2a2852f9ee58/datanode-1/data/ratis/04111556-bf50-4aa6-8004-783a9a2a969f has been successfully formatted.
2019-11-15 00:57:21,736 [pool-159-thread-1] INFO  ratis.ContainerStateMachine (ContainerStateMachine.java:loadSnapshot(223)) - group-783A9A2A969F: The snapshot info is null. Setting the last applied indexto:(t:0, i:~)
2019-11-15 00:57:21,736 [pool-159-thread-1] INFO  server.RaftServerConfigKeys (ConfUtils.java:logGet(43)) - raft.server.notification.no-leader.timeout = 120s (custom)
2019-11-15 00:57:21,737 [pool-159-thread-1] INFO  server.RaftServerConfigKeys (ConfUtils.java:logGet(43)) - raft.server.log.use.memory = false (default)
2019-11-15 00:57:21,737 [pool-159-thread-1] INFO  server.RaftServerConfigKeys (ConfUtils.java:logGet(43)) - raft.server.log.purge.gap = 1000000 (custom)
2019-11-15 00:57:21,737 [pool-159-thread-1] INFO  server.RaftServerConfigKeys (ConfUtils.java:logGet(43)) - raft.server.log.appender.buffer.byte-limit = 33554432 (custom)
2019-11-15 00:57:21,737 [pool-159-thread-1] INFO  server.RaftServerConfigKeys (ConfUtils.java:logGet(43)) - raft.server.log.segment.size.max = 1048576 (custom)
2019-11-15 00:57:21,737 [pool-159-thread-1] WARN  impl.MetricRegistriesImpl (MetricRegistriesImpl.java:lambda$create$1(61)) - First MetricRegistry has been created without registering reporters. You may need to call MetricRegistries.global().addReportRegistration(...) before.
2019-11-15 00:57:21,737 [pool-159-thread-1] INFO  server.RaftServerConfigKeys (ConfUtils.java:logGet(43)) - raft.server.log.segment.cache.num.max = 2 (custom)
2019-11-15 00:57:21,737 [pool-159-thread-1] INFO  segmented.SegmentedRaftLogWorker (SegmentedRaftLogWorker.java:<init>(173)) - new d61fc7c3-32e3-43e3-b156-a1b483a86779@group-783A9A2A969F-SegmentedRaftLogWorker for RaftStorage:Storage Directory /workdir/hadoop-ozone/integration-test/target/test-dir/MiniOzoneClusterImpl-8fc52630-20fd-4955-97d1-2a2852f9ee58/datanode-1/data/ratis/04111556-bf50-4aa6-8004-783a9a2a969f
2019-11-15 00:57:21,738 [pool-159-thread-1] INFO  server.RaftServerConfigKeys (ConfUtils.java:logGet(43)) - raft.server.log.queue.byte-limit = 2147483647 (custom)
2019-11-15 00:57:21,738 [pool-159-thread-1] INFO  server.RaftServerConfigKeys (ConfUtils.java:logGet(43)) - raft.server.log.queue.element-limit = 1024 (custom)
2019-11-15 00:57:21,738 [pool-159-thread-1] INFO  server.RaftServerConfigKeys (ConfUtils.java:logGet(43)) - raft.server.log.segment.size.max = 1048576 (custom)
2019-11-15 00:57:21,738 [pool-159-thread-1] INFO  server.RaftServerConfigKeys (ConfUtils.java:logGet(43)) - raft.server.log.preallocated.size = 16384 (custom)
2019-11-15 00:57:21,738 [pool-159-thread-1] INFO  server.RaftServerConfigKeys (ConfUtils.java:logGet(43)) - raft.server.log.write.buffer.size = 33554432 (custom)
2019-11-15 00:57:21,738 [pool-159-thread-1] INFO  server.RaftServerConfigKeys (ConfUtils.java:logGet(43)) - raft.server.log.force.sync.num = 128 (default)
2019-11-15 00:57:21,738 [pool-159-thread-1] INFO  server.RaftServerConfigKeys (ConfUtils.java:logGet(43)) - raft.server.log.statemachine.data.sync = true (default)
2019-11-15 00:57:21,738 [pool-159-thread-1] INFO  server.RaftServerConfigKeys (ConfUtils.java:logGet(43)) - raft.server.log.statemachine.data.sync.timeout = 10s (default)
2019-11-15 00:57:21,739 [pool-159-thread-1] INFO  server.RaftServerConfigKeys (ConfUtils.java:logGet(43)) - raft.server.log.statemachine.data.sync.timeout.retry = -1 (default)
2019-11-15 00:57:21,739 [pool-159-thread-1] INFO  server.RaftServerConfigKeys (ConfUtils.java:logGet(43)) - raft.server.log.statemachine.data.caching.enabled = true (custom)
2019-11-15 00:57:21,739 [pool-159-thread-1] INFO  segmented.SegmentedRaftLogWorker (SegmentedRaftLogWorker.java:lambda$new$0(128)) - d61fc7c3-32e3-43e3-b156-a1b483a86779@group-783A9A2A969F-SegmentedRaftLogWorker: flushIndex: setUnconditionally 0 -> -1
2019-11-15 00:57:21,739 [pool-159-thread-1] INFO  server.RaftServerConfigKeys (ConfUtils.java:logGet(43)) - raft.server.snapshot.auto.trigger.enabled = true (custom)
2019-11-15 00:57:21,740 [pool-159-thread-1] INFO  server.RaftServerConfigKeys (ConfUtils.java:logGet(43)) - raft.server.snapshot.auto.trigger.threshold = 10000 (custom)
2019-11-15 00:57:21,740 [pool-159-thread-1] INFO  server.RaftServerConfigKeys (ConfUtils.java:logGet(43)) - raft.server.snapshot.retention.file.num = 5 (custom)
2019-11-15 00:57:21,740 [pool-159-thread-1] INFO  server.RaftServerConfigKeys (ConfUtils.java:logGet(43)) - raft.server.retrycache.expirytime = 600000ms (custom)
2019-11-15 00:57:21,740 [pool-159-thread-1] WARN  impl.MetricRegistriesImpl (MetricRegistriesImpl.java:lambda$create$1(61)) - First MetricRegistry has been created without registering reporters. You may need to call MetricRegistries.global().addReportRegistration(...) before.
2019-11-15 00:57:21,740 [pool-159-thread-1] WARN  impl.MetricRegistriesImpl (MetricRegistriesImpl.java:lambda$create$1(61)) - First MetricRegistry has been created without registering reporters. You may need to call MetricRegistries.global().addReportRegistration(...) before.
2019-11-15 00:57:21,740 [pool-159-thread-1] INFO  impl.RaftServerImpl (RaftServerImpl.java:start(184)) - d61fc7c3-32e3-43e3-b156-a1b483a86779@group-783A9A2A969F: start as a follower, conf=-1: [d61fc7c3-32e3-43e3-b156-a1b483a86779:192.168.164.208:39950], old=null
2019-11-15 00:57:21,740 [pool-159-thread-1] INFO  impl.RaftServerImpl (RaftServerImpl.java:setRole(173)) - d61fc7c3-32e3-43e3-b156-a1b483a86779@group-783A9A2A969F: changes role from      null to FOLLOWER at term 0 for startAsFollower
2019-11-15 00:57:21,741 [pool-159-thread-1] INFO  impl.RoleInfo (RoleInfo.java:updateAndGet(143)) - d61fc7c3-32e3-43e3-b156-a1b483a86779: start FollowerState
2019-11-15 00:57:21,741 [pool-159-thread-1] INFO  util.JmxRegister (JmxRegister.java:tryRegister(44)) - Successfully registered JMX Bean with object name Ratis:service=RaftServer,group=group-783A9A2A969F,id=d61fc7c3-32e3-43e3-b156-a1b483a86779
2019-11-15 00:57:21,741 [pool-159-thread-1] WARN  impl.MetricRegistriesImpl (MetricRegistriesImpl.java:lambda$create$1(61)) - First MetricRegistry has been created without registering reporters. You may need to call MetricRegistries.global().addReportRegistration(...) before.
2019-11-15 00:57:21,744 [RatisPipelineUtilsThread] INFO  pipeline.PipelineStateManager (PipelineStateManager.java:addPipeline(55)) - Created pipeline Pipeline[ Id: 04111556-bf50-4aa6-8004-783a9a2a969f, Nodes: d61fc7c3-32e3-43e3-b156-a1b483a86779{ip: 192.168.164.208, host: pr-hdds-2442-bxv5b-1523879440, networkLocation: /rack1, certSerialId: null}, Type:RATIS, Factor:ONE, State:ALLOCATED]
2019-11-15 00:57:21,750 [IPC Server handler 5 on 39845] INFO  net.NetworkTopology (NetworkTopologyImpl.java:add(111)) - Added a new node: /rack1/5fe8490f-f805-406a-80e2-fbda1a66b042
2019-11-15 00:57:21,751 [IPC Server handler 5 on 39845] INFO  node.SCMNodeManager (SCMNodeManager.java:register(267)) - Registered Data node : 5fe8490f-f805-406a-80e2-fbda1a66b042{ip: 192.168.164.208, host: pr-hdds-2442-bxv5b-1523879440, networkLocation: /rack1, certSerialId: null}
2019-11-15 00:57:21,760 [grpc-default-executor-5] INFO  impl.RaftServerProxy (RaftServerProxy.java:addNew(89)) - 5fe8490f-f805-406a-80e2-fbda1a66b042: addNew group-B1291CE6B8ED:[5fe8490f-f805-406a-80e2-fbda1a66b042:192.168.164.208:45094] returns group-B1291CE6B8ED:java.util.concurrent.CompletableFuture@763ff1f9[Not completed]
2019-11-15 00:57:21,761 [pool-169-thread-1] INFO  impl.RaftServerImpl (RaftServerImpl.java:<init>(98)) - 5fe8490f-f805-406a-80e2-fbda1a66b042: new RaftServerImpl for group-B1291CE6B8ED:[5fe8490f-f805-406a-80e2-fbda1a66b042:192.168.164.208:45094] with ContainerStateMachine:uninitialized
2019-11-15 00:57:21,762 [pool-169-thread-1] INFO  server.RaftServerConfigKeys (ConfUtils.java:logGet(43)) - raft.server.rpc.timeout.min = 1s (custom)
2019-11-15 00:57:21,762 [pool-169-thread-1] INFO  server.RaftServerConfigKeys (ConfUtils.java:logGet(43)) - raft.server.rpc.timeout.max = 1200ms (custom)
2019-11-15 00:57:21,762 [pool-169-thread-1] INFO  server.RaftServerConfigKeys (ConfUtils.java:logGet(43)) - raft.server.rpcslowness.timeout = 120s (custom)
2019-11-15 00:57:21,762 [pool-169-thread-1] INFO  server.RaftServerConfigKeys (ConfUtils.java:logGet(43)) - raft.server.sleep.deviation.threshold = 300 (default)
2019-11-15 00:57:21,762 [pool-169-thread-1] INFO  server.RaftServerConfigKeys (ConfUtils.java:logGet(43)) - raft.server.log.appender.install.snapshot.enabled = false (custom)
2019-11-15 00:57:21,762 [pool-169-thread-1] INFO  impl.RaftServerImpl (ServerState.java:<init>(103)) - 5fe8490f-f805-406a-80e2-fbda1a66b042@group-B1291CE6B8ED: ConfigurationManager, init=-1: [5fe8490f-f805-406a-80e2-fbda1a66b042:192.168.164.208:45094], old=null, confs=<EMPTY_MAP>
2019-11-15 00:57:21,762 [pool-169-thread-1] INFO  server.RaftServerConfigKeys (ConfUtils.java:logGet(43)) - raft.server.storage.dir = [/workdir/hadoop-ozone/integration-test/target/test-dir/MiniOzoneClusterImpl-8fc52630-20fd-4955-97d1-2a2852f9ee58/datanode-2/data/ratis] (custom)
2019-11-15 00:57:21,762 [pool-169-thread-1] INFO  server.RaftServerConfigKeys (ConfUtils.java:logGet(43)) - raft.server.log.corruption.policy = EXCEPTION (default)
2019-11-15 00:57:21,763 [pool-169-thread-1] INFO  storage.RaftStorageDirectory (RaftStorageDirectory.java:analyzeStorage(246)) - The storage directory /workdir/hadoop-ozone/integration-test/target/test-dir/MiniOzoneClusterImpl-8fc52630-20fd-4955-97d1-2a2852f9ee58/datanode-2/data/ratis/18fb65cf-ef2d-4ccf-aa04-b1291ce6b8ed does not exist. Creating ...
2019-11-15 00:57:21,767 [pool-169-thread-1] INFO  storage.RaftStorageDirectory (RaftStorageDirectory.java:tryLock(328)) - Lock on /workdir/hadoop-ozone/integration-test/target/test-dir/MiniOzoneClusterImpl-8fc52630-20fd-4955-97d1-2a2852f9ee58/datanode-2/data/ratis/18fb65cf-ef2d-4ccf-aa04-b1291ce6b8ed/in_use.lock acquired by nodename 16745@pr-hdds-2442-bxv5b-1523879440
2019-11-15 00:57:21,771 [pool-169-thread-1] INFO  storage.RaftStorage (RaftStorage.java:format(84)) - Storage directory /workdir/hadoop-ozone/integration-test/target/test-dir/MiniOzoneClusterImpl-8fc52630-20fd-4955-97d1-2a2852f9ee58/datanode-2/data/ratis/18fb65cf-ef2d-4ccf-aa04-b1291ce6b8ed has been successfully formatted.
2019-11-15 00:57:21,771 [pool-169-thread-1] INFO  ratis.ContainerStateMachine (ContainerStateMachine.java:loadSnapshot(223)) - group-B1291CE6B8ED: The snapshot info is null. Setting the last applied indexto:(t:0, i:~)
2019-11-15 00:57:21,771 [pool-169-thread-1] INFO  server.RaftServerConfigKeys (ConfUtils.java:logGet(43)) - raft.server.notification.no-leader.timeout = 120s (custom)
2019-11-15 00:57:21,771 [pool-169-thread-1] INFO  server.RaftServerConfigKeys (ConfUtils.java:logGet(43)) - raft.server.log.use.memory = false (default)
2019-11-15 00:57:21,772 [pool-169-thread-1] INFO  server.RaftServerConfigKeys (ConfUtils.java:logGet(43)) - raft.server.log.purge.gap = 1000000 (custom)
2019-11-15 00:57:21,772 [pool-169-thread-1] INFO  server.RaftServerConfigKeys (ConfUtils.java:logGet(43)) - raft.server.log.appender.buffer.byte-limit = 33554432 (custom)
2019-11-15 00:57:21,772 [pool-169-thread-1] INFO  server.RaftServerConfigKeys (ConfUtils.java:logGet(43)) - raft.server.log.segment.size.max = 1048576 (custom)
2019-11-15 00:57:21,772 [pool-169-thread-1] WARN  impl.MetricRegistriesImpl (MetricRegistriesImpl.java:lambda$create$1(61)) - First MetricRegistry has been created without registering reporters. You may need to call MetricRegistries.global().addReportRegistration(...) before.
2019-11-15 00:57:21,772 [pool-169-thread-1] INFO  server.RaftServerConfigKeys (ConfUtils.java:logGet(43)) - raft.server.log.segment.cache.num.max = 2 (custom)
2019-11-15 00:57:21,772 [pool-169-thread-1] INFO  segmented.SegmentedRaftLogWorker (SegmentedRaftLogWorker.java:<init>(173)) - new 5fe8490f-f805-406a-80e2-fbda1a66b042@group-B1291CE6B8ED-SegmentedRaftLogWorker for RaftStorage:Storage Directory /workdir/hadoop-ozone/integration-test/target/test-dir/MiniOzoneClusterImpl-8fc52630-20fd-4955-97d1-2a2852f9ee58/datanode-2/data/ratis/18fb65cf-ef2d-4ccf-aa04-b1291ce6b8ed
2019-11-15 00:57:21,772 [pool-169-thread-1] INFO  server.RaftServerConfigKeys (ConfUtils.java:logGet(43)) - raft.server.log.queue.byte-limit = 2147483647 (custom)
2019-11-15 00:57:21,772 [pool-169-thread-1] INFO  server.RaftServerConfigKeys (ConfUtils.java:logGet(43)) - raft.server.log.queue.element-limit = 1024 (custom)
2019-11-15 00:57:21,773 [pool-169-thread-1] INFO  server.RaftServerConfigKeys (ConfUtils.java:logGet(43)) - raft.server.log.segment.size.max = 1048576 (custom)
2019-11-15 00:57:21,773 [pool-169-thread-1] INFO  server.RaftServerConfigKeys (ConfUtils.java:logGet(43)) - raft.server.log.preallocated.size = 16384 (custom)
2019-11-15 00:57:21,773 [pool-169-thread-1] INFO  server.RaftServerConfigKeys (ConfUtils.java:logGet(43)) - raft.server.log.write.buffer.size = 33554432 (custom)
2019-11-15 00:57:21,773 [pool-169-thread-1] INFO  server.RaftServerConfigKeys (ConfUtils.java:logGet(43)) - raft.server.log.force.sync.num = 128 (default)
2019-11-15 00:57:21,773 [pool-169-thread-1] INFO  server.RaftServerConfigKeys (ConfUtils.java:logGet(43)) - raft.server.log.statemachine.data.sync = true (default)
2019-11-15 00:57:21,773 [pool-169-thread-1] INFO  server.RaftServerConfigKeys (ConfUtils.java:logGet(43)) - raft.server.log.statemachine.data.sync.timeout = 10s (default)
2019-11-15 00:57:21,773 [pool-169-thread-1] INFO  server.RaftServerConfigKeys (ConfUtils.java:logGet(43)) - raft.server.log.statemachine.data.sync.timeout.retry = -1 (default)
2019-11-15 00:57:21,773 [pool-169-thread-1] INFO  server.RaftServerConfigKeys (ConfUtils.java:logGet(43)) - raft.server.log.statemachine.data.caching.enabled = true (custom)
2019-11-15 00:57:21,774 [pool-169-thread-1] INFO  segmented.SegmentedRaftLogWorker (SegmentedRaftLogWorker.java:lambda$new$0(128)) - 5fe8490f-f805-406a-80e2-fbda1a66b042@group-B1291CE6B8ED-SegmentedRaftLogWorker: flushIndex: setUnconditionally 0 -> -1
2019-11-15 00:57:21,774 [pool-169-thread-1] INFO  server.RaftServerConfigKeys (ConfUtils.java:logGet(43)) - raft.server.snapshot.auto.trigger.enabled = true (custom)
2019-11-15 00:57:21,774 [pool-169-thread-1] INFO  server.RaftServerConfigKeys (ConfUtils.java:logGet(43)) - raft.server.snapshot.auto.trigger.threshold = 10000 (custom)
2019-11-15 00:57:21,774 [pool-169-thread-1] INFO  server.RaftServerConfigKeys (ConfUtils.java:logGet(43)) - raft.server.snapshot.retention.file.num = 5 (custom)
2019-11-15 00:57:21,774 [pool-169-thread-1] INFO  server.RaftServerConfigKeys (ConfUtils.java:logGet(43)) - raft.server.retrycache.expirytime = 600000ms (custom)
2019-11-15 00:57:21,775 [pool-169-thread-1] WARN  impl.MetricRegistriesImpl (MetricRegistriesImpl.java:lambda$create$1(61)) - First MetricRegistry has been created without registering reporters. You may need to call MetricRegistries.global().addReportRegistration(...) before.
2019-11-15 00:57:21,775 [pool-169-thread-1] WARN  impl.MetricRegistriesImpl (MetricRegistriesImpl.java:lambda$create$1(61)) - First MetricRegistry has been created without registering reporters. You may need to call MetricRegistries.global().addReportRegistration(...) before.
2019-11-15 00:57:21,775 [pool-169-thread-1] INFO  impl.RaftServerImpl (RaftServerImpl.java:start(184)) - 5fe8490f-f805-406a-80e2-fbda1a66b042@group-B1291CE6B8ED: start as a follower, conf=-1: [5fe8490f-f805-406a-80e2-fbda1a66b042:192.168.164.208:45094], old=null
2019-11-15 00:57:21,775 [pool-169-thread-1] INFO  impl.RaftServerImpl (RaftServerImpl.java:setRole(173)) - 5fe8490f-f805-406a-80e2-fbda1a66b042@group-B1291CE6B8ED: changes role from      null to FOLLOWER at term 0 for startAsFollower
2019-11-15 00:57:21,775 [pool-169-thread-1] INFO  impl.RoleInfo (RoleInfo.java:updateAndGet(143)) - 5fe8490f-f805-406a-80e2-fbda1a66b042: start FollowerState
2019-11-15 00:57:21,776 [pool-169-thread-1] INFO  util.JmxRegister (JmxRegister.java:tryRegister(44)) - Successfully registered JMX Bean with object name Ratis:service=RaftServer,group=group-B1291CE6B8ED,id=5fe8490f-f805-406a-80e2-fbda1a66b042
2019-11-15 00:57:21,776 [pool-169-thread-1] WARN  impl.MetricRegistriesImpl (MetricRegistriesImpl.java:lambda$create$1(61)) - First MetricRegistry has been created without registering reporters. You may need to call MetricRegistries.global().addReportRegistration(...) before.
2019-11-15 00:57:21,779 [RatisPipelineUtilsThread] INFO  pipeline.PipelineStateManager (PipelineStateManager.java:addPipeline(55)) - Created pipeline Pipeline[ Id: 18fb65cf-ef2d-4ccf-aa04-b1291ce6b8ed, Nodes: 5fe8490f-f805-406a-80e2-fbda1a66b042{ip: 192.168.164.208, host: pr-hdds-2442-bxv5b-1523879440, networkLocation: /rack1, certSerialId: null}, Type:RATIS, Factor:ONE, State:ALLOCATED]
2019-11-15 00:57:21,792 [grpc-default-executor-4] INFO  impl.RaftServerProxy (RaftServerProxy.java:addNew(89)) - 5fe8490f-f805-406a-80e2-fbda1a66b042: addNew group-7547E68E841E:[5fe8490f-f805-406a-80e2-fbda1a66b042:192.168.164.208:45094, eccb109f-99d1-4501-bb16-6ecf49b3cdca:192.168.164.208:44076, d61fc7c3-32e3-43e3-b156-a1b483a86779:192.168.164.208:39950] returns group-7547E68E841E:java.util.concurrent.CompletableFuture@634e144f[Not completed]
2019-11-15 00:57:21,792 [grpc-default-executor-0] INFO  impl.RaftServerProxy (RaftServerProxy.java:addNew(89)) - eccb109f-99d1-4501-bb16-6ecf49b3cdca: addNew group-7547E68E841E:[5fe8490f-f805-406a-80e2-fbda1a66b042:192.168.164.208:45094, eccb109f-99d1-4501-bb16-6ecf49b3cdca:192.168.164.208:44076, d61fc7c3-32e3-43e3-b156-a1b483a86779:192.168.164.208:39950] returns group-7547E68E841E:java.util.concurrent.CompletableFuture@f92832f[Not completed]
2019-11-15 00:57:21,792 [grpc-default-executor-5] INFO  impl.RaftServerProxy (RaftServerProxy.java:addNew(89)) - d61fc7c3-32e3-43e3-b156-a1b483a86779: addNew group-7547E68E841E:[5fe8490f-f805-406a-80e2-fbda1a66b042:192.168.164.208:45094, eccb109f-99d1-4501-bb16-6ecf49b3cdca:192.168.164.208:44076, d61fc7c3-32e3-43e3-b156-a1b483a86779:192.168.164.208:39950] returns group-7547E68E841E:java.util.concurrent.CompletableFuture@79dd9004[Not completed]
2019-11-15 00:57:21,793 [pool-169-thread-1] INFO  impl.RaftServerImpl (RaftServerImpl.java:<init>(98)) - 5fe8490f-f805-406a-80e2-fbda1a66b042: new RaftServerImpl for group-7547E68E841E:[5fe8490f-f805-406a-80e2-fbda1a66b042:192.168.164.208:45094, eccb109f-99d1-4501-bb16-6ecf49b3cdca:192.168.164.208:44076, d61fc7c3-32e3-43e3-b156-a1b483a86779:192.168.164.208:39950] with ContainerStateMachine:uninitialized
2019-11-15 00:57:21,794 [pool-169-thread-1] INFO  server.RaftServerConfigKeys (ConfUtils.java:logGet(43)) - raft.server.rpc.timeout.min = 1s (custom)
2019-11-15 00:57:21,794 [pool-169-thread-1] INFO  server.RaftServerConfigKeys (ConfUtils.java:logGet(43)) - raft.server.rpc.timeout.max = 1200ms (custom)
2019-11-15 00:57:21,794 [pool-169-thread-1] INFO  server.RaftServerConfigKeys (ConfUtils.java:logGet(43)) - raft.server.rpcslowness.timeout = 120s (custom)
2019-11-15 00:57:21,794 [pool-169-thread-1] INFO  server.RaftServerConfigKeys (ConfUtils.java:logGet(43)) - raft.server.sleep.deviation.threshold = 300 (default)
2019-11-15 00:57:21,794 [pool-169-thread-1] INFO  server.RaftServerConfigKeys (ConfUtils.java:logGet(43)) - raft.server.log.appender.install.snapshot.enabled = false (custom)
2019-11-15 00:57:21,794 [pool-169-thread-1] INFO  impl.RaftServerImpl (ServerState.java:<init>(103)) - 5fe8490f-f805-406a-80e2-fbda1a66b042@group-7547E68E841E: ConfigurationManager, init=-1: [5fe8490f-f805-406a-80e2-fbda1a66b042:192.168.164.208:45094, eccb109f-99d1-4501-bb16-6ecf49b3cdca:192.168.164.208:44076, d61fc7c3-32e3-43e3-b156-a1b483a86779:192.168.164.208:39950], old=null, confs=<EMPTY_MAP>
2019-11-15 00:57:21,794 [pool-169-thread-1] INFO  server.RaftServerConfigKeys (ConfUtils.java:logGet(43)) - raft.server.storage.dir = [/workdir/hadoop-ozone/integration-test/target/test-dir/MiniOzoneClusterImpl-8fc52630-20fd-4955-97d1-2a2852f9ee58/datanode-2/data/ratis] (custom)
2019-11-15 00:57:21,795 [pool-169-thread-1] INFO  server.RaftServerConfigKeys (ConfUtils.java:logGet(43)) - raft.server.log.corruption.policy = EXCEPTION (default)
2019-11-15 00:57:21,795 [pool-159-thread-1] INFO  impl.RaftServerImpl (RaftServerImpl.java:<init>(98)) - d61fc7c3-32e3-43e3-b156-a1b483a86779: new RaftServerImpl for group-7547E68E841E:[5fe8490f-f805-406a-80e2-fbda1a66b042:192.168.164.208:45094, eccb109f-99d1-4501-bb16-6ecf49b3cdca:192.168.164.208:44076, d61fc7c3-32e3-43e3-b156-a1b483a86779:192.168.164.208:39950] with ContainerStateMachine:uninitialized
2019-11-15 00:57:21,795 [pool-169-thread-1] INFO  storage.RaftStorageDirectory (RaftStorageDirectory.java:analyzeStorage(246)) - The storage directory /workdir/hadoop-ozone/integration-test/target/test-dir/MiniOzoneClusterImpl-8fc52630-20fd-4955-97d1-2a2852f9ee58/datanode-2/data/ratis/981f52bb-2da9-4137-8342-7547e68e841e does not exist. Creating ...
2019-11-15 00:57:21,795 [pool-159-thread-1] INFO  server.RaftServerConfigKeys (ConfUtils.java:logGet(43)) - raft.server.rpc.timeout.min = 1s (custom)
2019-11-15 00:57:21,795 [pool-159-thread-1] INFO  server.RaftServerConfigKeys (ConfUtils.java:logGet(43)) - raft.server.rpc.timeout.max = 1200ms (custom)
2019-11-15 00:57:21,795 [pool-159-thread-1] INFO  server.RaftServerConfigKeys (ConfUtils.java:logGet(43)) - raft.server.rpcslowness.timeout = 120s (custom)
2019-11-15 00:57:21,795 [pool-159-thread-1] INFO  server.RaftServerConfigKeys (ConfUtils.java:logGet(43)) - raft.server.sleep.deviation.threshold = 300 (default)
2019-11-15 00:57:21,795 [pool-159-thread-1] INFO  server.RaftServerConfigKeys (ConfUtils.java:logGet(43)) - raft.server.log.appender.install.snapshot.enabled = false (custom)
2019-11-15 00:57:21,796 [pool-159-thread-1] INFO  impl.RaftServerImpl (ServerState.java:<init>(103)) - d61fc7c3-32e3-43e3-b156-a1b483a86779@group-7547E68E841E: ConfigurationManager, init=-1: [5fe8490f-f805-406a-80e2-fbda1a66b042:192.168.164.208:45094, eccb109f-99d1-4501-bb16-6ecf49b3cdca:192.168.164.208:44076, d61fc7c3-32e3-43e3-b156-a1b483a86779:192.168.164.208:39950], old=null, confs=<EMPTY_MAP>
2019-11-15 00:57:21,796 [pool-159-thread-1] INFO  server.RaftServerConfigKeys (ConfUtils.java:logGet(43)) - raft.server.storage.dir = [/workdir/hadoop-ozone/integration-test/target/test-dir/MiniOzoneClusterImpl-8fc52630-20fd-4955-97d1-2a2852f9ee58/datanode-1/data/ratis] (custom)
2019-11-15 00:57:21,796 [pool-149-thread-1] INFO  impl.RaftServerImpl (RaftServerImpl.java:<init>(98)) - eccb109f-99d1-4501-bb16-6ecf49b3cdca: new RaftServerImpl for group-7547E68E841E:[5fe8490f-f805-406a-80e2-fbda1a66b042:192.168.164.208:45094, eccb109f-99d1-4501-bb16-6ecf49b3cdca:192.168.164.208:44076, d61fc7c3-32e3-43e3-b156-a1b483a86779:192.168.164.208:39950] with ContainerStateMachine:uninitialized
2019-11-15 00:57:21,796 [pool-149-thread-1] INFO  server.RaftServerConfigKeys (ConfUtils.java:logGet(43)) - raft.server.rpc.timeout.min = 1s (custom)
2019-11-15 00:57:21,796 [pool-159-thread-1] INFO  server.RaftServerConfigKeys (ConfUtils.java:logGet(43)) - raft.server.log.corruption.policy = EXCEPTION (default)
2019-11-15 00:57:21,796 [pool-149-thread-1] INFO  server.RaftServerConfigKeys (ConfUtils.java:logGet(43)) - raft.server.rpc.timeout.max = 1200ms (custom)
2019-11-15 00:57:21,796 [pool-159-thread-1] INFO  storage.RaftStorageDirectory (RaftStorageDirectory.java:analyzeStorage(246)) - The storage directory /workdir/hadoop-ozone/integration-test/target/test-dir/MiniOzoneClusterImpl-8fc52630-20fd-4955-97d1-2a2852f9ee58/datanode-1/data/ratis/981f52bb-2da9-4137-8342-7547e68e841e does not exist. Creating ...
2019-11-15 00:57:21,797 [pool-149-thread-1] INFO  server.RaftServerConfigKeys (ConfUtils.java:logGet(43)) - raft.server.rpcslowness.timeout = 120s (custom)
2019-11-15 00:57:21,797 [pool-149-thread-1] INFO  server.RaftServerConfigKeys (ConfUtils.java:logGet(43)) - raft.server.sleep.deviation.threshold = 300 (default)
2019-11-15 00:57:21,797 [pool-149-thread-1] INFO  server.RaftServerConfigKeys (ConfUtils.java:logGet(43)) - raft.server.log.appender.install.snapshot.enabled = false (custom)
2019-11-15 00:57:21,797 [pool-149-thread-1] INFO  impl.RaftServerImpl (ServerState.java:<init>(103)) - eccb109f-99d1-4501-bb16-6ecf49b3cdca@group-7547E68E841E: ConfigurationManager, init=-1: [5fe8490f-f805-406a-80e2-fbda1a66b042:192.168.164.208:45094, eccb109f-99d1-4501-bb16-6ecf49b3cdca:192.168.164.208:44076, d61fc7c3-32e3-43e3-b156-a1b483a86779:192.168.164.208:39950], old=null, confs=<EMPTY_MAP>
2019-11-15 00:57:21,797 [pool-149-thread-1] INFO  server.RaftServerConfigKeys (ConfUtils.java:logGet(43)) - raft.server.storage.dir = [/workdir/hadoop-ozone/integration-test/target/test-dir/MiniOzoneClusterImpl-8fc52630-20fd-4955-97d1-2a2852f9ee58/datanode-0/data/ratis] (custom)
2019-11-15 00:57:21,798 [pool-149-thread-1] INFO  server.RaftServerConfigKeys (ConfUtils.java:logGet(43)) - raft.server.log.corruption.policy = EXCEPTION (default)
2019-11-15 00:57:21,798 [pool-149-thread-1] INFO  storage.RaftStorageDirectory (RaftStorageDirectory.java:analyzeStorage(246)) - The storage directory /workdir/hadoop-ozone/integration-test/target/test-dir/MiniOzoneClusterImpl-8fc52630-20fd-4955-97d1-2a2852f9ee58/datanode-0/data/ratis/981f52bb-2da9-4137-8342-7547e68e841e does not exist. Creating ...
2019-11-15 00:57:21,807 [pool-159-thread-1] INFO  storage.RaftStorageDirectory (RaftStorageDirectory.java:tryLock(328)) - Lock on /workdir/hadoop-ozone/integration-test/target/test-dir/MiniOzoneClusterImpl-8fc52630-20fd-4955-97d1-2a2852f9ee58/datanode-1/data/ratis/981f52bb-2da9-4137-8342-7547e68e841e/in_use.lock acquired by nodename 16745@pr-hdds-2442-bxv5b-1523879440
2019-11-15 00:57:21,807 [pool-169-thread-1] INFO  storage.RaftStorageDirectory (RaftStorageDirectory.java:tryLock(328)) - Lock on /workdir/hadoop-ozone/integration-test/target/test-dir/MiniOzoneClusterImpl-8fc52630-20fd-4955-97d1-2a2852f9ee58/datanode-2/data/ratis/981f52bb-2da9-4137-8342-7547e68e841e/in_use.lock acquired by nodename 16745@pr-hdds-2442-bxv5b-1523879440
2019-11-15 00:57:21,807 [pool-149-thread-1] INFO  storage.RaftStorageDirectory (RaftStorageDirectory.java:tryLock(328)) - Lock on /workdir/hadoop-ozone/integration-test/target/test-dir/MiniOzoneClusterImpl-8fc52630-20fd-4955-97d1-2a2852f9ee58/datanode-0/data/ratis/981f52bb-2da9-4137-8342-7547e68e841e/in_use.lock acquired by nodename 16745@pr-hdds-2442-bxv5b-1523879440
2019-11-15 00:57:21,816 [IPC Server handler 6 on 39845] INFO  net.NetworkTopology (NetworkTopologyImpl.java:add(111)) - Added a new node: /rack1/9ac24c7e-7e4f-4cef-ab0e-298cb71ae60d
2019-11-15 00:57:21,816 [IPC Server handler 6 on 39845] INFO  node.SCMNodeManager (SCMNodeManager.java:register(267)) - Registered Data node : 9ac24c7e-7e4f-4cef-ab0e-298cb71ae60d{ip: 192.168.164.208, host: pr-hdds-2442-bxv5b-1523879440, networkLocation: /rack1, certSerialId: null}
2019-11-15 00:57:21,819 [pool-159-thread-1] INFO  storage.RaftStorage (RaftStorage.java:format(84)) - Storage directory /workdir/hadoop-ozone/integration-test/target/test-dir/MiniOzoneClusterImpl-8fc52630-20fd-4955-97d1-2a2852f9ee58/datanode-1/data/ratis/981f52bb-2da9-4137-8342-7547e68e841e has been successfully formatted.
2019-11-15 00:57:21,819 [pool-169-thread-1] INFO  storage.RaftStorage (RaftStorage.java:format(84)) - Storage directory /workdir/hadoop-ozone/integration-test/target/test-dir/MiniOzoneClusterImpl-8fc52630-20fd-4955-97d1-2a2852f9ee58/datanode-2/data/ratis/981f52bb-2da9-4137-8342-7547e68e841e has been successfully formatted.
2019-11-15 00:57:21,819 [pool-149-thread-1] INFO  storage.RaftStorage (RaftStorage.java:format(84)) - Storage directory /workdir/hadoop-ozone/integration-test/target/test-dir/MiniOzoneClusterImpl-8fc52630-20fd-4955-97d1-2a2852f9ee58/datanode-0/data/ratis/981f52bb-2da9-4137-8342-7547e68e841e has been successfully formatted.
2019-11-15 00:57:21,819 [pool-169-thread-1] INFO  ratis.ContainerStateMachine (ContainerStateMachine.java:loadSnapshot(223)) - group-7547E68E841E: The snapshot info is null. Setting the last applied indexto:(t:0, i:~)
2019-11-15 00:57:21,819 [pool-159-thread-1] INFO  ratis.ContainerStateMachine (ContainerStateMachine.java:loadSnapshot(223)) - group-7547E68E841E: The snapshot info is null. Setting the last applied indexto:(t:0, i:~)
2019-11-15 00:57:21,820 [pool-149-thread-1] INFO  ratis.ContainerStateMachine (ContainerStateMachine.java:loadSnapshot(223)) - group-7547E68E841E: The snapshot info is null. Setting the last applied indexto:(t:0, i:~)
2019-11-15 00:57:21,820 [pool-169-thread-1] INFO  server.RaftServerConfigKeys (ConfUtils.java:logGet(43)) - raft.server.notification.no-leader.timeout = 120s (custom)
2019-11-15 00:57:21,820 [pool-149-thread-1] INFO  server.RaftServerConfigKeys (ConfUtils.java:logGet(43)) - raft.server.notification.no-leader.timeout = 120s (custom)
2019-11-15 00:57:21,820 [pool-159-thread-1] INFO  server.RaftServerConfigKeys (ConfUtils.java:logGet(43)) - raft.server.notification.no-leader.timeout = 120s (custom)
2019-11-15 00:57:21,820 [pool-149-thread-1] INFO  server.RaftServerConfigKeys (ConfUtils.java:logGet(43)) - raft.server.log.use.memory = false (default)
2019-11-15 00:57:21,820 [pool-169-thread-1] INFO  server.RaftServerConfigKeys (ConfUtils.java:logGet(43)) - raft.server.log.use.memory = false (default)
2019-11-15 00:57:21,820 [pool-149-thread-1] INFO  server.RaftServerConfigKeys (ConfUtils.java:logGet(43)) - raft.server.log.purge.gap = 1000000 (custom)
2019-11-15 00:57:21,820 [pool-159-thread-1] INFO  server.RaftServerConfigKeys (ConfUtils.java:logGet(43)) - raft.server.log.use.memory = false (default)
2019-11-15 00:57:21,820 [pool-149-thread-1] INFO  server.RaftServerConfigKeys (ConfUtils.java:logGet(43)) - raft.server.log.appender.buffer.byte-limit = 33554432 (custom)
2019-11-15 00:57:21,820 [pool-169-thread-1] INFO  server.RaftServerConfigKeys (ConfUtils.java:logGet(43)) - raft.server.log.purge.gap = 1000000 (custom)
2019-11-15 00:57:21,821 [pool-149-thread-1] INFO  server.RaftServerConfigKeys (ConfUtils.java:logGet(43)) - raft.server.log.segment.size.max = 1048576 (custom)
2019-11-15 00:57:21,821 [pool-159-thread-1] INFO  server.RaftServerConfigKeys (ConfUtils.java:logGet(43)) - raft.server.log.purge.gap = 1000000 (custom)
2019-11-15 00:57:21,821 [pool-149-thread-1] INFO  server.RaftServerConfigKeys (ConfUtils.java:logGet(43)) - raft.server.log.segment.cache.num.max = 2 (custom)
2019-11-15 00:57:21,821 [pool-169-thread-1] INFO  server.RaftServerConfigKeys (ConfUtils.java:logGet(43)) - raft.server.log.appender.buffer.byte-limit = 33554432 (custom)
2019-11-15 00:57:21,821 [pool-149-thread-1] INFO  segmented.SegmentedRaftLogWorker (SegmentedRaftLogWorker.java:<init>(173)) - new eccb109f-99d1-4501-bb16-6ecf49b3cdca@group-7547E68E841E-SegmentedRaftLogWorker for RaftStorage:Storage Directory /workdir/hadoop-ozone/integration-test/target/test-dir/MiniOzoneClusterImpl-8fc52630-20fd-4955-97d1-2a2852f9ee58/datanode-0/data/ratis/981f52bb-2da9-4137-8342-7547e68e841e
2019-11-15 00:57:21,821 [pool-159-thread-1] INFO  server.RaftServerConfigKeys (ConfUtils.java:logGet(43)) - raft.server.log.appender.buffer.byte-limit = 33554432 (custom)
2019-11-15 00:57:21,821 [pool-149-thread-1] INFO  server.RaftServerConfigKeys (ConfUtils.java:logGet(43)) - raft.server.log.queue.byte-limit = 2147483647 (custom)
2019-11-15 00:57:21,821 [pool-169-thread-1] INFO  server.RaftServerConfigKeys (ConfUtils.java:logGet(43)) - raft.server.log.segment.size.max = 1048576 (custom)
2019-11-15 00:57:21,822 [pool-149-thread-1] INFO  server.RaftServerConfigKeys (ConfUtils.java:logGet(43)) - raft.server.log.queue.element-limit = 1024 (custom)
2019-11-15 00:57:21,822 [pool-159-thread-1] INFO  server.RaftServerConfigKeys (ConfUtils.java:logGet(43)) - raft.server.log.segment.size.max = 1048576 (custom)
2019-11-15 00:57:21,822 [pool-149-thread-1] INFO  server.RaftServerConfigKeys (ConfUtils.java:logGet(43)) - raft.server.log.segment.size.max = 1048576 (custom)
2019-11-15 00:57:21,822 [pool-169-thread-1] INFO  server.RaftServerConfigKeys (ConfUtils.java:logGet(43)) - raft.server.log.segment.cache.num.max = 2 (custom)
2019-11-15 00:57:21,822 [pool-149-thread-1] INFO  server.RaftServerConfigKeys (ConfUtils.java:logGet(43)) - raft.server.log.preallocated.size = 16384 (custom)
2019-11-15 00:57:21,822 [pool-159-thread-1] INFO  server.RaftServerConfigKeys (ConfUtils.java:logGet(43)) - raft.server.log.segment.cache.num.max = 2 (custom)
2019-11-15 00:57:21,822 [pool-149-thread-1] INFO  server.RaftServerConfigKeys (ConfUtils.java:logGet(43)) - raft.server.log.write.buffer.size = 33554432 (custom)
2019-11-15 00:57:21,822 [pool-169-thread-1] INFO  segmented.SegmentedRaftLogWorker (SegmentedRaftLogWorker.java:<init>(173)) - new 5fe8490f-f805-406a-80e2-fbda1a66b042@group-7547E68E841E-SegmentedRaftLogWorker for RaftStorage:Storage Directory /workdir/hadoop-ozone/integration-test/target/test-dir/MiniOzoneClusterImpl-8fc52630-20fd-4955-97d1-2a2852f9ee58/datanode-2/data/ratis/981f52bb-2da9-4137-8342-7547e68e841e
2019-11-15 00:57:21,823 [pool-149-thread-1] INFO  server.RaftServerConfigKeys (ConfUtils.java:logGet(43)) - raft.server.log.force.sync.num = 128 (default)
2019-11-15 00:57:21,823 [pool-159-thread-1] INFO  segmented.SegmentedRaftLogWorker (SegmentedRaftLogWorker.java:<init>(173)) - new d61fc7c3-32e3-43e3-b156-a1b483a86779@group-7547E68E841E-SegmentedRaftLogWorker for RaftStorage:Storage Directory /workdir/hadoop-ozone/integration-test/target/test-dir/MiniOzoneClusterImpl-8fc52630-20fd-4955-97d1-2a2852f9ee58/datanode-1/data/ratis/981f52bb-2da9-4137-8342-7547e68e841e
2019-11-15 00:57:21,823 [pool-149-thread-1] INFO  server.RaftServerConfigKeys (ConfUtils.java:logGet(43)) - raft.server.log.statemachine.data.sync = true (default)
2019-11-15 00:57:21,823 [pool-169-thread-1] INFO  server.RaftServerConfigKeys (ConfUtils.java:logGet(43)) - raft.server.log.queue.byte-limit = 2147483647 (custom)
2019-11-15 00:57:21,823 [pool-149-thread-1] INFO  server.RaftServerConfigKeys (ConfUtils.java:logGet(43)) - raft.server.log.statemachine.data.sync.timeout = 10s (default)
2019-11-15 00:57:21,823 [pool-159-thread-1] INFO  server.RaftServerConfigKeys (ConfUtils.java:logGet(43)) - raft.server.log.queue.byte-limit = 2147483647 (custom)
2019-11-15 00:57:21,823 [pool-149-thread-1] INFO  server.RaftServerConfigKeys (ConfUtils.java:logGet(43)) - raft.server.log.statemachine.data.sync.timeout.retry = -1 (default)
2019-11-15 00:57:21,823 [pool-169-thread-1] INFO  server.RaftServerConfigKeys (ConfUtils.java:logGet(43)) - raft.server.log.queue.element-limit = 1024 (custom)
2019-11-15 00:57:21,824 [pool-159-thread-1] INFO  server.RaftServerConfigKeys (ConfUtils.java:logGet(43)) - raft.server.log.queue.element-limit = 1024 (custom)
2019-11-15 00:57:21,824 [pool-149-thread-1] INFO  server.RaftServerConfigKeys (ConfUtils.java:logGet(43)) - raft.server.log.statemachine.data.caching.enabled = true (custom)
2019-11-15 00:57:21,824 [pool-169-thread-1] INFO  server.RaftServerConfigKeys (ConfUtils.java:logGet(43)) - raft.server.log.segment.size.max = 1048576 (custom)
2019-11-15 00:57:21,824 [pool-159-thread-1] INFO  server.RaftServerConfigKeys (ConfUtils.java:logGet(43)) - raft.server.log.segment.size.max = 1048576 (custom)
2019-11-15 00:57:21,824 [pool-169-thread-1] INFO  server.RaftServerConfigKeys (ConfUtils.java:logGet(43)) - raft.server.log.preallocated.size = 16384 (custom)
2019-11-15 00:57:21,824 [pool-149-thread-1] INFO  segmented.SegmentedRaftLogWorker (SegmentedRaftLogWorker.java:lambda$new$0(128)) - eccb109f-99d1-4501-bb16-6ecf49b3cdca@group-7547E68E841E-SegmentedRaftLogWorker: flushIndex: setUnconditionally 0 -> -1
2019-11-15 00:57:21,824 [pool-159-thread-1] INFO  server.RaftServerConfigKeys (ConfUtils.java:logGet(43)) - raft.server.log.preallocated.size = 16384 (custom)
2019-11-15 00:57:21,824 [pool-169-thread-1] INFO  server.RaftServerConfigKeys (ConfUtils.java:logGet(43)) - raft.server.log.write.buffer.size = 33554432 (custom)
2019-11-15 00:57:21,825 [pool-159-thread-1] INFO  server.RaftServerConfigKeys (ConfUtils.java:logGet(43)) - raft.server.log.write.buffer.size = 33554432 (custom)
2019-11-15 00:57:21,825 [pool-149-thread-1] INFO  server.RaftServerConfigKeys (ConfUtils.java:logGet(43)) - raft.server.snapshot.auto.trigger.enabled = true (custom)
2019-11-15 00:57:21,825 [pool-169-thread-1] INFO  server.RaftServerConfigKeys (ConfUtils.java:logGet(43)) - raft.server.log.force.sync.num = 128 (default)
2019-11-15 00:57:21,825 [pool-149-thread-1] INFO  server.RaftServerConfigKeys (ConfUtils.java:logGet(43)) - raft.server.snapshot.auto.trigger.threshold = 10000 (custom)
2019-11-15 00:57:21,825 [pool-159-thread-1] INFO  server.RaftServerConfigKeys (ConfUtils.java:logGet(43)) - raft.server.log.force.sync.num = 128 (default)
2019-11-15 00:57:21,825 [pool-149-thread-1] INFO  server.RaftServerConfigKeys (ConfUtils.java:logGet(43)) - raft.server.snapshot.retention.file.num = 5 (custom)
2019-11-15 00:57:21,825 [pool-169-thread-1] INFO  server.RaftServerConfigKeys (ConfUtils.java:logGet(43)) - raft.server.log.statemachine.data.sync = true (default)
2019-11-15 00:57:21,825 [pool-159-thread-1] INFO  server.RaftServerConfigKeys (ConfUtils.java:logGet(43)) - raft.server.log.statemachine.data.sync = true (default)
2019-11-15 00:57:21,825 [pool-149-thread-1] INFO  server.RaftServerConfigKeys (ConfUtils.java:logGet(43)) - raft.server.retrycache.expirytime = 600000ms (custom)
2019-11-15 00:57:21,825 [pool-169-thread-1] INFO  server.RaftServerConfigKeys (ConfUtils.java:logGet(43)) - raft.server.log.statemachine.data.sync.timeout = 10s (default)
2019-11-15 00:57:21,826 [pool-159-thread-1] INFO  server.RaftServerConfigKeys (ConfUtils.java:logGet(43)) - raft.server.log.statemachine.data.sync.timeout = 10s (default)
2019-11-15 00:57:21,826 [pool-149-thread-1] WARN  impl.MetricRegistriesImpl (MetricRegistriesImpl.java:lambda$create$1(61)) - First MetricRegistry has been created without registering reporters. You may need to call MetricRegistries.global().addReportRegistration(...) before.
2019-11-15 00:57:21,826 [pool-169-thread-1] INFO  server.RaftServerConfigKeys (ConfUtils.java:logGet(43)) - raft.server.log.statemachine.data.sync.timeout.retry = -1 (default)
2019-11-15 00:57:21,826 [pool-149-thread-1] WARN  impl.MetricRegistriesImpl (MetricRegistriesImpl.java:lambda$create$1(61)) - First MetricRegistry has been created without registering reporters. You may need to call MetricRegistries.global().addReportRegistration(...) before.
2019-11-15 00:57:21,826 [pool-159-thread-1] INFO  server.RaftServerConfigKeys (ConfUtils.java:logGet(43)) - raft.server.log.statemachine.data.sync.timeout.retry = -1 (default)
2019-11-15 00:57:21,826 [pool-169-thread-1] INFO  server.RaftServerConfigKeys (ConfUtils.java:logGet(43)) - raft.server.log.statemachine.data.caching.enabled = true (custom)
2019-11-15 00:57:21,826 [pool-149-thread-1] INFO  impl.RaftServerImpl (RaftServerImpl.java:start(184)) - eccb109f-99d1-4501-bb16-6ecf49b3cdca@group-7547E68E841E: start as a follower, conf=-1: [5fe8490f-f805-406a-80e2-fbda1a66b042:192.168.164.208:45094, eccb109f-99d1-4501-bb16-6ecf49b3cdca:192.168.164.208:44076, d61fc7c3-32e3-43e3-b156-a1b483a86779:192.168.164.208:39950], old=null
2019-11-15 00:57:21,827 [pool-169-thread-1] INFO  segmented.SegmentedRaftLogWorker (SegmentedRaftLogWorker.java:lambda$new$0(128)) - 5fe8490f-f805-406a-80e2-fbda1a66b042@group-7547E68E841E-SegmentedRaftLogWorker: flushIndex: setUnconditionally 0 -> -1
2019-11-15 00:57:21,826 [pool-159-thread-1] INFO  server.RaftServerConfigKeys (ConfUtils.java:logGet(43)) - raft.server.log.statemachine.data.caching.enabled = true (custom)
2019-11-15 00:57:21,827 [pool-149-thread-1] INFO  impl.RaftServerImpl (RaftServerImpl.java:setRole(173)) - eccb109f-99d1-4501-bb16-6ecf49b3cdca@group-7547E68E841E: changes role from      null to FOLLOWER at term 0 for startAsFollower
2019-11-15 00:57:21,827 [pool-169-thread-1] INFO  server.RaftServerConfigKeys (ConfUtils.java:logGet(43)) - raft.server.snapshot.auto.trigger.enabled = true (custom)
2019-11-15 00:57:21,827 [pool-149-thread-1] INFO  impl.RoleInfo (RoleInfo.java:updateAndGet(143)) - eccb109f-99d1-4501-bb16-6ecf49b3cdca: start FollowerState
2019-11-15 00:57:21,827 [pool-159-thread-1] INFO  segmented.SegmentedRaftLogWorker (SegmentedRaftLogWorker.java:lambda$new$0(128)) - d61fc7c3-32e3-43e3-b156-a1b483a86779@group-7547E68E841E-SegmentedRaftLogWorker: flushIndex: setUnconditionally 0 -> -1
2019-11-15 00:57:21,827 [pool-169-thread-1] INFO  server.RaftServerConfigKeys (ConfUtils.java:logGet(43)) - raft.server.snapshot.auto.trigger.threshold = 10000 (custom)
2019-11-15 00:57:21,827 [pool-169-thread-1] INFO  server.RaftServerConfigKeys (ConfUtils.java:logGet(43)) - raft.server.snapshot.retention.file.num = 5 (custom)
2019-11-15 00:57:21,827 [pool-169-thread-1] INFO  server.RaftServerConfigKeys (ConfUtils.java:logGet(43)) - raft.server.retrycache.expirytime = 600000ms (custom)
2019-11-15 00:57:21,828 [pool-149-thread-1] INFO  util.JmxRegister (JmxRegister.java:tryRegister(44)) - Successfully registered JMX Bean with object name Ratis:service=RaftServer,group=group-7547E68E841E,id=eccb109f-99d1-4501-bb16-6ecf49b3cdca
2019-11-15 00:57:21,827 [pool-159-thread-1] INFO  server.RaftServerConfigKeys (ConfUtils.java:logGet(43)) - raft.server.snapshot.auto.trigger.enabled = true (custom)
2019-11-15 00:57:21,828 [pool-149-thread-1] WARN  impl.MetricRegistriesImpl (MetricRegistriesImpl.java:lambda$create$1(61)) - First MetricRegistry has been created without registering reporters. You may need to call MetricRegistries.global().addReportRegistration(...) before.
2019-11-15 00:57:21,828 [pool-169-thread-1] WARN  impl.MetricRegistriesImpl (MetricRegistriesImpl.java:lambda$create$1(61)) - First MetricRegistry has been created without registering reporters. You may need to call MetricRegistries.global().addReportRegistration(...) before.
2019-11-15 00:57:21,828 [pool-159-thread-1] INFO  server.RaftServerConfigKeys (ConfUtils.java:logGet(43)) - raft.server.snapshot.auto.trigger.threshold = 10000 (custom)
2019-11-15 00:57:21,828 [pool-169-thread-1] WARN  impl.MetricRegistriesImpl (MetricRegistriesImpl.java:lambda$create$1(61)) - First MetricRegistry has been created without registering reporters. You may need to call MetricRegistries.global().addReportRegistration(...) before.
2019-11-15 00:57:21,828 [pool-159-thread-1] INFO  server.RaftServerConfigKeys (ConfUtils.java:logGet(43)) - raft.server.snapshot.retention.file.num = 5 (custom)
2019-11-15 00:57:21,828 [pool-169-thread-1] INFO  impl.RaftServerImpl (RaftServerImpl.java:start(184)) - 5fe8490f-f805-406a-80e2-fbda1a66b042@group-7547E68E841E: start as a follower, conf=-1: [5fe8490f-f805-406a-80e2-fbda1a66b042:192.168.164.208:45094, eccb109f-99d1-4501-bb16-6ecf49b3cdca:192.168.164.208:44076, d61fc7c3-32e3-43e3-b156-a1b483a86779:192.168.164.208:39950], old=null
2019-11-15 00:57:21,828 [pool-169-thread-1] INFO  impl.RaftServerImpl (RaftServerImpl.java:setRole(173)) - 5fe8490f-f805-406a-80e2-fbda1a66b042@group-7547E68E841E: changes role from      null to FOLLOWER at term 0 for startAsFollower
2019-11-15 00:57:21,828 [pool-159-thread-1] INFO  server.RaftServerConfigKeys (ConfUtils.java:logGet(43)) - raft.server.retrycache.expirytime = 600000ms (custom)
2019-11-15 00:57:21,828 [pool-169-thread-1] INFO  impl.RoleInfo (RoleInfo.java:updateAndGet(143)) - 5fe8490f-f805-406a-80e2-fbda1a66b042: start FollowerState
2019-11-15 00:57:21,829 [pool-159-thread-1] WARN  impl.MetricRegistriesImpl (MetricRegistriesImpl.java:lambda$create$1(61)) - First MetricRegistry has been created without registering reporters. You may need to call MetricRegistries.global().addReportRegistration(...) before.
2019-11-15 00:57:21,829 [pool-169-thread-1] INFO  util.JmxRegister (JmxRegister.java:tryRegister(44)) - Successfully registered JMX Bean with object name Ratis:service=RaftServer,group=group-7547E68E841E,id=5fe8490f-f805-406a-80e2-fbda1a66b042
2019-11-15 00:57:21,829 [pool-159-thread-1] WARN  impl.MetricRegistriesImpl (MetricRegistriesImpl.java:lambda$create$1(61)) - First MetricRegistry has been created without registering reporters. You may need to call MetricRegistries.global().addReportRegistration(...) before.
2019-11-15 00:57:21,829 [pool-169-thread-1] WARN  impl.MetricRegistriesImpl (MetricRegistriesImpl.java:lambda$create$1(61)) - First MetricRegistry has been created without registering reporters. You may need to call MetricRegistries.global().addReportRegistration(...) before.
2019-11-15 00:57:21,829 [pool-159-thread-1] INFO  impl.RaftServerImpl (RaftServerImpl.java:start(184)) - d61fc7c3-32e3-43e3-b156-a1b483a86779@group-7547E68E841E: start as a follower, conf=-1: [5fe8490f-f805-406a-80e2-fbda1a66b042:192.168.164.208:45094, eccb109f-99d1-4501-bb16-6ecf49b3cdca:192.168.164.208:44076, d61fc7c3-32e3-43e3-b156-a1b483a86779:192.168.164.208:39950], old=null
2019-11-15 00:57:21,829 [pool-159-thread-1] INFO  impl.RaftServerImpl (RaftServerImpl.java:setRole(173)) - d61fc7c3-32e3-43e3-b156-a1b483a86779@group-7547E68E841E: changes role from      null to FOLLOWER at term 0 for startAsFollower
2019-11-15 00:57:21,829 [pool-159-thread-1] INFO  impl.RoleInfo (RoleInfo.java:updateAndGet(143)) - d61fc7c3-32e3-43e3-b156-a1b483a86779: start FollowerState
2019-11-15 00:57:21,830 [pool-159-thread-1] INFO  util.JmxRegister (JmxRegister.java:tryRegister(44)) - Successfully registered JMX Bean with object name Ratis:service=RaftServer,group=group-7547E68E841E,id=d61fc7c3-32e3-43e3-b156-a1b483a86779
2019-11-15 00:57:21,830 [pool-159-thread-1] WARN  impl.MetricRegistriesImpl (MetricRegistriesImpl.java:lambda$create$1(61)) - First MetricRegistry has been created without registering reporters. You may need to call MetricRegistries.global().addReportRegistration(...) before.
2019-11-15 00:57:21,832 [RatisPipelineUtilsThread] INFO  pipeline.PipelineStateManager (PipelineStateManager.java:addPipeline(55)) - Created pipeline Pipeline[ Id: 981f52bb-2da9-4137-8342-7547e68e841e, Nodes: eccb109f-99d1-4501-bb16-6ecf49b3cdca{ip: 192.168.164.208, host: pr-hdds-2442-bxv5b-1523879440, networkLocation: /rack1, certSerialId: null}5fe8490f-f805-406a-80e2-fbda1a66b042{ip: 192.168.164.208, host: pr-hdds-2442-bxv5b-1523879440, networkLocation: /rack1, certSerialId: null}d61fc7c3-32e3-43e3-b156-a1b483a86779{ip: 192.168.164.208, host: pr-hdds-2442-bxv5b-1523879440, networkLocation: /rack1, certSerialId: null}, Type:RATIS, Factor:THREE, State:ALLOCATED]
2019-11-15 00:57:21,882 [IPC Server handler 19 on 39845] INFO  net.NetworkTopology (NetworkTopologyImpl.java:add(111)) - Added a new node: /rack1/c182b01b-afca-4fcd-8295-9462a850df3a
2019-11-15 00:57:21,882 [IPC Server handler 19 on 39845] INFO  node.SCMNodeManager (SCMNodeManager.java:register(267)) - Registered Data node : c182b01b-afca-4fcd-8295-9462a850df3a{ip: 192.168.164.208, host: pr-hdds-2442-bxv5b-1523879440, networkLocation: /rack1, certSerialId: null}
2019-11-15 00:57:21,894 [grpc-default-executor-5] INFO  impl.RaftServerProxy (RaftServerProxy.java:addNew(89)) - c182b01b-afca-4fcd-8295-9462a850df3a: addNew group-3CC6E6EE53B4:[c182b01b-afca-4fcd-8295-9462a850df3a:192.168.164.208:36437] returns group-3CC6E6EE53B4:java.util.concurrent.CompletableFuture@281b240c[Not completed]
2019-11-15 00:57:21,897 [pool-189-thread-1] INFO  impl.RaftServerImpl (RaftServerImpl.java:<init>(98)) - c182b01b-afca-4fcd-8295-9462a850df3a: new RaftServerImpl for group-3CC6E6EE53B4:[c182b01b-afca-4fcd-8295-9462a850df3a:192.168.164.208:36437] with ContainerStateMachine:uninitialized
2019-11-15 00:57:21,897 [pool-189-thread-1] INFO  server.RaftServerConfigKeys (ConfUtils.java:logGet(43)) - raft.server.rpc.timeout.min = 1s (custom)
2019-11-15 00:57:21,897 [pool-189-thread-1] INFO  server.RaftServerConfigKeys (ConfUtils.java:logGet(43)) - raft.server.rpc.timeout.max = 1200ms (custom)
2019-11-15 00:57:21,897 [pool-189-thread-1] INFO  server.RaftServerConfigKeys (ConfUtils.java:logGet(43)) - raft.server.rpcslowness.timeout = 120s (custom)
2019-11-15 00:57:21,898 [pool-189-thread-1] INFO  server.RaftServerConfigKeys (ConfUtils.java:logGet(43)) - raft.server.sleep.deviation.threshold = 300 (default)
2019-11-15 00:57:21,898 [pool-189-thread-1] INFO  server.RaftServerConfigKeys (ConfUtils.java:logGet(43)) - raft.server.log.appender.install.snapshot.enabled = false (custom)
2019-11-15 00:57:21,898 [pool-189-thread-1] INFO  impl.RaftServerImpl (ServerState.java:<init>(103)) - c182b01b-afca-4fcd-8295-9462a850df3a@group-3CC6E6EE53B4: ConfigurationManager, init=-1: [c182b01b-afca-4fcd-8295-9462a850df3a:192.168.164.208:36437], old=null, confs=<EMPTY_MAP>
2019-11-15 00:57:21,898 [pool-189-thread-1] INFO  server.RaftServerConfigKeys (ConfUtils.java:logGet(43)) - raft.server.storage.dir = [/workdir/hadoop-ozone/integration-test/target/test-dir/MiniOzoneClusterImpl-8fc52630-20fd-4955-97d1-2a2852f9ee58/datanode-4/data/ratis] (custom)
2019-11-15 00:57:21,898 [pool-189-thread-1] INFO  server.RaftServerConfigKeys (ConfUtils.java:logGet(43)) - raft.server.log.corruption.policy = EXCEPTION (default)
2019-11-15 00:57:21,899 [pool-189-thread-1] INFO  storage.RaftStorageDirectory (RaftStorageDirectory.java:analyzeStorage(246)) - The storage directory /workdir/hadoop-ozone/integration-test/target/test-dir/MiniOzoneClusterImpl-8fc52630-20fd-4955-97d1-2a2852f9ee58/datanode-4/data/ratis/d1fd6d9e-8c00-4055-9c04-3cc6e6ee53b4 does not exist. Creating ...
2019-11-15 00:57:21,910 [pool-189-thread-1] INFO  storage.RaftStorageDirectory (RaftStorageDirectory.java:tryLock(328)) - Lock on /workdir/hadoop-ozone/integration-test/target/test-dir/MiniOzoneClusterImpl-8fc52630-20fd-4955-97d1-2a2852f9ee58/datanode-4/data/ratis/d1fd6d9e-8c00-4055-9c04-3cc6e6ee53b4/in_use.lock acquired by nodename 16745@pr-hdds-2442-bxv5b-1523879440
2019-11-15 00:57:21,922 [pool-189-thread-1] INFO  storage.RaftStorage (RaftStorage.java:format(84)) - Storage directory /workdir/hadoop-ozone/integration-test/target/test-dir/MiniOzoneClusterImpl-8fc52630-20fd-4955-97d1-2a2852f9ee58/datanode-4/data/ratis/d1fd6d9e-8c00-4055-9c04-3cc6e6ee53b4 has been successfully formatted.
2019-11-15 00:57:21,922 [pool-189-thread-1] INFO  ratis.ContainerStateMachine (ContainerStateMachine.java:loadSnapshot(223)) - group-3CC6E6EE53B4: The snapshot info is null. Setting the last applied indexto:(t:0, i:~)
2019-11-15 00:57:21,922 [pool-189-thread-1] INFO  server.RaftServerConfigKeys (ConfUtils.java:logGet(43)) - raft.server.notification.no-leader.timeout = 120s (custom)
2019-11-15 00:57:21,922 [pool-189-thread-1] INFO  server.RaftServerConfigKeys (ConfUtils.java:logGet(43)) - raft.server.log.use.memory = false (default)
2019-11-15 00:57:21,922 [pool-189-thread-1] INFO  server.RaftServerConfigKeys (ConfUtils.java:logGet(43)) - raft.server.log.purge.gap = 1000000 (custom)
2019-11-15 00:57:21,923 [pool-189-thread-1] INFO  server.RaftServerConfigKeys (ConfUtils.java:logGet(43)) - raft.server.log.appender.buffer.byte-limit = 33554432 (custom)
2019-11-15 00:57:21,923 [pool-189-thread-1] INFO  server.RaftServerConfigKeys (ConfUtils.java:logGet(43)) - raft.server.log.segment.size.max = 1048576 (custom)
2019-11-15 00:57:21,923 [pool-189-thread-1] WARN  impl.MetricRegistriesImpl (MetricRegistriesImpl.java:lambda$create$1(61)) - First MetricRegistry has been created without registering reporters. You may need to call MetricRegistries.global().addReportRegistration(...) before.
2019-11-15 00:57:21,923 [pool-189-thread-1] INFO  server.RaftServerConfigKeys (ConfUtils.java:logGet(43)) - raft.server.log.segment.cache.num.max = 2 (custom)
2019-11-15 00:57:21,923 [pool-189-thread-1] INFO  segmented.SegmentedRaftLogWorker (SegmentedRaftLogWorker.java:<init>(173)) - new c182b01b-afca-4fcd-8295-9462a850df3a@group-3CC6E6EE53B4-SegmentedRaftLogWorker for RaftStorage:Storage Directory /workdir/hadoop-ozone/integration-test/target/test-dir/MiniOzoneClusterImpl-8fc52630-20fd-4955-97d1-2a2852f9ee58/datanode-4/data/ratis/d1fd6d9e-8c00-4055-9c04-3cc6e6ee53b4
2019-11-15 00:57:21,923 [pool-189-thread-1] INFO  server.RaftServerConfigKeys (ConfUtils.java:logGet(43)) - raft.server.log.queue.byte-limit = 2147483647 (custom)
2019-11-15 00:57:21,923 [pool-189-thread-1] INFO  server.RaftServerConfigKeys (ConfUtils.java:logGet(43)) - raft.server.log.queue.element-limit = 1024 (custom)
2019-11-15 00:57:21,923 [pool-189-thread-1] INFO  server.RaftServerConfigKeys (ConfUtils.java:logGet(43)) - raft.server.log.segment.size.max = 1048576 (custom)
2019-11-15 00:57:21,923 [pool-189-thread-1] INFO  server.RaftServerConfigKeys (ConfUtils.java:logGet(43)) - raft.server.log.preallocated.size = 16384 (custom)
2019-11-15 00:57:21,924 [pool-189-thread-1] INFO  server.RaftServerConfigKeys (ConfUtils.java:logGet(43)) - raft.server.log.write.buffer.size = 33554432 (custom)
2019-11-15 00:57:21,924 [pool-189-thread-1] INFO  server.RaftServerConfigKeys (ConfUtils.java:logGet(43)) - raft.server.log.force.sync.num = 128 (default)
2019-11-15 00:57:21,924 [pool-189-thread-1] INFO  server.RaftServerConfigKeys (ConfUtils.java:logGet(43)) - raft.server.log.statemachine.data.sync = true (default)
2019-11-15 00:57:21,924 [pool-189-thread-1] INFO  server.RaftServerConfigKeys (ConfUtils.java:logGet(43)) - raft.server.log.statemachine.data.sync.timeout = 10s (default)
2019-11-15 00:57:21,924 [pool-189-thread-1] INFO  server.RaftServerConfigKeys (ConfUtils.java:logGet(43)) - raft.server.log.statemachine.data.sync.timeout.retry = -1 (default)
2019-11-15 00:57:21,924 [pool-189-thread-1] INFO  server.RaftServerConfigKeys (ConfUtils.java:logGet(43)) - raft.server.log.statemachine.data.caching.enabled = true (custom)
2019-11-15 00:57:21,925 [pool-189-thread-1] INFO  segmented.SegmentedRaftLogWorker (SegmentedRaftLogWorker.java:lambda$new$0(128)) - c182b01b-afca-4fcd-8295-9462a850df3a@group-3CC6E6EE53B4-SegmentedRaftLogWorker: flushIndex: setUnconditionally 0 -> -1
2019-11-15 00:57:21,925 [pool-189-thread-1] INFO  server.RaftServerConfigKeys (ConfUtils.java:logGet(43)) - raft.server.snapshot.auto.trigger.enabled = true (custom)
2019-11-15 00:57:21,925 [pool-189-thread-1] INFO  server.RaftServerConfigKeys (ConfUtils.java:logGet(43)) - raft.server.snapshot.auto.trigger.threshold = 10000 (custom)
2019-11-15 00:57:21,925 [pool-189-thread-1] INFO  server.RaftServerConfigKeys (ConfUtils.java:logGet(43)) - raft.server.snapshot.retention.file.num = 5 (custom)
2019-11-15 00:57:21,925 [pool-189-thread-1] INFO  server.RaftServerConfigKeys (ConfUtils.java:logGet(43)) - raft.server.retrycache.expirytime = 600000ms (custom)
2019-11-15 00:57:21,925 [pool-189-thread-1] WARN  impl.MetricRegistriesImpl (MetricRegistriesImpl.java:lambda$create$1(61)) - First MetricRegistry has been created without registering reporters. You may need to call MetricRegistries.global().addReportRegistration(...) before.
2019-11-15 00:57:21,926 [pool-189-thread-1] WARN  impl.MetricRegistriesImpl (MetricRegistriesImpl.java:lambda$create$1(61)) - First MetricRegistry has been created without registering reporters. You may need to call MetricRegistries.global().addReportRegistration(...) before.
2019-11-15 00:57:21,926 [pool-189-thread-1] INFO  impl.RaftServerImpl (RaftServerImpl.java:start(184)) - c182b01b-afca-4fcd-8295-9462a850df3a@group-3CC6E6EE53B4: start as a follower, conf=-1: [c182b01b-afca-4fcd-8295-9462a850df3a:192.168.164.208:36437], old=null
2019-11-15 00:57:21,926 [pool-189-thread-1] INFO  impl.RaftServerImpl (RaftServerImpl.java:setRole(173)) - c182b01b-afca-4fcd-8295-9462a850df3a@group-3CC6E6EE53B4: changes role from      null to FOLLOWER at term 0 for startAsFollower
2019-11-15 00:57:21,926 [pool-189-thread-1] INFO  impl.RoleInfo (RoleInfo.java:updateAndGet(143)) - c182b01b-afca-4fcd-8295-9462a850df3a: start FollowerState
2019-11-15 00:57:21,926 [pool-189-thread-1] INFO  util.JmxRegister (JmxRegister.java:tryRegister(44)) - Successfully registered JMX Bean with object name Ratis:service=RaftServer,group=group-3CC6E6EE53B4,id=c182b01b-afca-4fcd-8295-9462a850df3a
2019-11-15 00:57:21,926 [pool-189-thread-1] WARN  impl.MetricRegistriesImpl (MetricRegistriesImpl.java:lambda$create$1(61)) - First MetricRegistry has been created without registering reporters. You may need to call MetricRegistries.global().addReportRegistration(...) before.
2019-11-15 00:57:21,930 [RatisPipelineUtilsThread] INFO  pipeline.PipelineStateManager (PipelineStateManager.java:addPipeline(55)) - Created pipeline Pipeline[ Id: d1fd6d9e-8c00-4055-9c04-3cc6e6ee53b4, Nodes: c182b01b-afca-4fcd-8295-9462a850df3a{ip: 192.168.164.208, host: pr-hdds-2442-bxv5b-1523879440, networkLocation: /rack1, certSerialId: null}, Type:RATIS, Factor:ONE, State:ALLOCATED]
2019-11-15 00:57:21,938 [grpc-default-executor-5] INFO  impl.RaftServerProxy (RaftServerProxy.java:addNew(89)) - 9ac24c7e-7e4f-4cef-ab0e-298cb71ae60d: addNew group-B6570CE25B5A:[9ac24c7e-7e4f-4cef-ab0e-298cb71ae60d:192.168.164.208:37265] returns group-B6570CE25B5A:java.util.concurrent.CompletableFuture@7864f54c[Not completed]
2019-11-15 00:57:21,939 [pool-179-thread-1] INFO  impl.RaftServerImpl (RaftServerImpl.java:<init>(98)) - 9ac24c7e-7e4f-4cef-ab0e-298cb71ae60d: new RaftServerImpl for group-B6570CE25B5A:[9ac24c7e-7e4f-4cef-ab0e-298cb71ae60d:192.168.164.208:37265] with ContainerStateMachine:uninitialized
2019-11-15 00:57:21,939 [pool-179-thread-1] INFO  server.RaftServerConfigKeys (ConfUtils.java:logGet(43)) - raft.server.rpc.timeout.min = 1s (custom)
2019-11-15 00:57:21,939 [pool-179-thread-1] INFO  server.RaftServerConfigKeys (ConfUtils.java:logGet(43)) - raft.server.rpc.timeout.max = 1200ms (custom)
2019-11-15 00:57:21,939 [pool-179-thread-1] INFO  server.RaftServerConfigKeys (ConfUtils.java:logGet(43)) - raft.server.rpcslowness.timeout = 120s (custom)
2019-11-15 00:57:21,939 [pool-179-thread-1] INFO  server.RaftServerConfigKeys (ConfUtils.java:logGet(43)) - raft.server.sleep.deviation.threshold = 300 (default)
2019-11-15 00:57:21,940 [pool-179-thread-1] INFO  server.RaftServerConfigKeys (ConfUtils.java:logGet(43)) - raft.server.log.appender.install.snapshot.enabled = false (custom)
2019-11-15 00:57:21,940 [pool-179-thread-1] INFO  impl.RaftServerImpl (ServerState.java:<init>(103)) - 9ac24c7e-7e4f-4cef-ab0e-298cb71ae60d@group-B6570CE25B5A: ConfigurationManager, init=-1: [9ac24c7e-7e4f-4cef-ab0e-298cb71ae60d:192.168.164.208:37265], old=null, confs=<EMPTY_MAP>
2019-11-15 00:57:21,940 [pool-179-thread-1] INFO  server.RaftServerConfigKeys (ConfUtils.java:logGet(43)) - raft.server.storage.dir = [/workdir/hadoop-ozone/integration-test/target/test-dir/MiniOzoneClusterImpl-8fc52630-20fd-4955-97d1-2a2852f9ee58/datanode-3/data/ratis] (custom)
2019-11-15 00:57:21,940 [pool-179-thread-1] INFO  server.RaftServerConfigKeys (ConfUtils.java:logGet(43)) - raft.server.log.corruption.policy = EXCEPTION (default)
2019-11-15 00:57:21,940 [pool-179-thread-1] INFO  storage.RaftStorageDirectory (RaftStorageDirectory.java:analyzeStorage(246)) - The storage directory /workdir/hadoop-ozone/integration-test/target/test-dir/MiniOzoneClusterImpl-8fc52630-20fd-4955-97d1-2a2852f9ee58/datanode-3/data/ratis/a7a12500-c607-4307-8a27-b6570ce25b5a does not exist. Creating ...
2019-11-15 00:57:21,944 [pool-179-thread-1] INFO  storage.RaftStorageDirectory (RaftStorageDirectory.java:tryLock(328)) - Lock on /workdir/hadoop-ozone/integration-test/target/test-dir/MiniOzoneClusterImpl-8fc52630-20fd-4955-97d1-2a2852f9ee58/datanode-3/data/ratis/a7a12500-c607-4307-8a27-b6570ce25b5a/in_use.lock acquired by nodename 16745@pr-hdds-2442-bxv5b-1523879440
2019-11-15 00:57:21,959 [pool-179-thread-1] INFO  storage.RaftStorage (RaftStorage.java:format(84)) - Storage directory /workdir/hadoop-ozone/integration-test/target/test-dir/MiniOzoneClusterImpl-8fc52630-20fd-4955-97d1-2a2852f9ee58/datanode-3/data/ratis/a7a12500-c607-4307-8a27-b6570ce25b5a has been successfully formatted.
2019-11-15 00:57:21,960 [pool-179-thread-1] INFO  ratis.ContainerStateMachine (ContainerStateMachine.java:loadSnapshot(223)) - group-B6570CE25B5A: The snapshot info is null. Setting the last applied indexto:(t:0, i:~)
2019-11-15 00:57:21,960 [pool-179-thread-1] INFO  server.RaftServerConfigKeys (ConfUtils.java:logGet(43)) - raft.server.notification.no-leader.timeout = 120s (custom)
2019-11-15 00:57:21,960 [pool-179-thread-1] INFO  server.RaftServerConfigKeys (ConfUtils.java:logGet(43)) - raft.server.log.use.memory = false (default)
2019-11-15 00:57:21,960 [pool-179-thread-1] INFO  server.RaftServerConfigKeys (ConfUtils.java:logGet(43)) - raft.server.log.purge.gap = 1000000 (custom)
2019-11-15 00:57:21,960 [pool-179-thread-1] INFO  server.RaftServerConfigKeys (ConfUtils.java:logGet(43)) - raft.server.log.appender.buffer.byte-limit = 33554432 (custom)
2019-11-15 00:57:21,960 [pool-179-thread-1] INFO  server.RaftServerConfigKeys (ConfUtils.java:logGet(43)) - raft.server.log.segment.size.max = 1048576 (custom)
2019-11-15 00:57:21,960 [pool-179-thread-1] WARN  impl.MetricRegistriesImpl (MetricRegistriesImpl.java:lambda$create$1(61)) - First MetricRegistry has been created without registering reporters. You may need to call MetricRegistries.global().addReportRegistration(...) before.
2019-11-15 00:57:21,960 [pool-179-thread-1] INFO  server.RaftServerConfigKeys (ConfUtils.java:logGet(43)) - raft.server.log.segment.cache.num.max = 2 (custom)
2019-11-15 00:57:21,960 [pool-179-thread-1] INFO  segmented.SegmentedRaftLogWorker (SegmentedRaftLogWorker.java:<init>(173)) - new 9ac24c7e-7e4f-4cef-ab0e-298cb71ae60d@group-B6570CE25B5A-SegmentedRaftLogWorker for RaftStorage:Storage Directory /workdir/hadoop-ozone/integration-test/target/test-dir/MiniOzoneClusterImpl-8fc52630-20fd-4955-97d1-2a2852f9ee58/datanode-3/data/ratis/a7a12500-c607-4307-8a27-b6570ce25b5a
2019-11-15 00:57:21,960 [pool-179-thread-1] INFO  server.RaftServerConfigKeys (ConfUtils.java:logGet(43)) - raft.server.log.queue.byte-limit = 2147483647 (custom)
2019-11-15 00:57:21,960 [pool-179-thread-1] INFO  server.RaftServerConfigKeys (ConfUtils.java:logGet(43)) - raft.server.log.queue.element-limit = 1024 (custom)
2019-11-15 00:57:21,961 [pool-179-thread-1] INFO  server.RaftServerConfigKeys (ConfUtils.java:logGet(43)) - raft.server.log.segment.size.max = 1048576 (custom)
2019-11-15 00:57:21,961 [pool-179-thread-1] INFO  server.RaftServerConfigKeys (ConfUtils.java:logGet(43)) - raft.server.log.preallocated.size = 16384 (custom)
2019-11-15 00:57:21,961 [pool-179-thread-1] INFO  server.RaftServerConfigKeys (ConfUtils.java:logGet(43)) - raft.server.log.write.buffer.size = 33554432 (custom)
2019-11-15 00:57:21,961 [pool-179-thread-1] INFO  server.RaftServerConfigKeys (ConfUtils.java:logGet(43)) - raft.server.log.force.sync.num = 128 (default)
2019-11-15 00:57:21,961 [pool-179-thread-1] INFO  server.RaftServerConfigKeys (ConfUtils.java:logGet(43)) - raft.server.log.statemachine.data.sync = true (default)
2019-11-15 00:57:21,961 [pool-179-thread-1] INFO  server.RaftServerConfigKeys (ConfUtils.java:logGet(43)) - raft.server.log.statemachine.data.sync.timeout = 10s (default)
2019-11-15 00:57:21,961 [pool-179-thread-1] INFO  server.RaftServerConfigKeys (ConfUtils.java:logGet(43)) - raft.server.log.statemachine.data.sync.timeout.retry = -1 (default)
2019-11-15 00:57:21,961 [pool-179-thread-1] INFO  server.RaftServerConfigKeys (ConfUtils.java:logGet(43)) - raft.server.log.statemachine.data.caching.enabled = true (custom)
2019-11-15 00:57:21,961 [pool-179-thread-1] INFO  segmented.SegmentedRaftLogWorker (SegmentedRaftLogWorker.java:lambda$new$0(128)) - 9ac24c7e-7e4f-4cef-ab0e-298cb71ae60d@group-B6570CE25B5A-SegmentedRaftLogWorker: flushIndex: setUnconditionally 0 -> -1
2019-11-15 00:57:21,962 [pool-179-thread-1] INFO  server.RaftServerConfigKeys (ConfUtils.java:logGet(43)) - raft.server.snapshot.auto.trigger.enabled = true (custom)
2019-11-15 00:57:21,962 [pool-179-thread-1] INFO  server.RaftServerConfigKeys (ConfUtils.java:logGet(43)) - raft.server.snapshot.auto.trigger.threshold = 10000 (custom)
2019-11-15 00:57:21,962 [pool-179-thread-1] INFO  server.RaftServerConfigKeys (ConfUtils.java:logGet(43)) - raft.server.snapshot.retention.file.num = 5 (custom)
2019-11-15 00:57:21,962 [pool-179-thread-1] INFO  server.RaftServerConfigKeys (ConfUtils.java:logGet(43)) - raft.server.retrycache.expirytime = 600000ms (custom)
2019-11-15 00:57:21,962 [pool-179-thread-1] WARN  impl.MetricRegistriesImpl (MetricRegistriesImpl.java:lambda$create$1(61)) - First MetricRegistry has been created without registering reporters. You may need to call MetricRegistries.global().addReportRegistration(...) before.
2019-11-15 00:57:21,962 [pool-179-thread-1] WARN  impl.MetricRegistriesImpl (MetricRegistriesImpl.java:lambda$create$1(61)) - First MetricRegistry has been created without registering reporters. You may need to call MetricRegistries.global().addReportRegistration(...) before.
2019-11-15 00:57:21,962 [pool-179-thread-1] INFO  impl.RaftServerImpl (RaftServerImpl.java:start(184)) - 9ac24c7e-7e4f-4cef-ab0e-298cb71ae60d@group-B6570CE25B5A: start as a follower, conf=-1: [9ac24c7e-7e4f-4cef-ab0e-298cb71ae60d:192.168.164.208:37265], old=null
2019-11-15 00:57:21,962 [pool-179-thread-1] INFO  impl.RaftServerImpl (RaftServerImpl.java:setRole(173)) - 9ac24c7e-7e4f-4cef-ab0e-298cb71ae60d@group-B6570CE25B5A: changes role from      null to FOLLOWER at term 0 for startAsFollower
2019-11-15 00:57:21,962 [pool-179-thread-1] INFO  impl.RoleInfo (RoleInfo.java:updateAndGet(143)) - 9ac24c7e-7e4f-4cef-ab0e-298cb71ae60d: start FollowerState
2019-11-15 00:57:21,963 [pool-179-thread-1] INFO  util.JmxRegister (JmxRegister.java:tryRegister(44)) - Successfully registered JMX Bean with object name Ratis:service=RaftServer,group=group-B6570CE25B5A,id=9ac24c7e-7e4f-4cef-ab0e-298cb71ae60d
2019-11-15 00:57:21,963 [pool-179-thread-1] WARN  impl.MetricRegistriesImpl (MetricRegistriesImpl.java:lambda$create$1(61)) - First MetricRegistry has been created without registering reporters. You may need to call MetricRegistries.global().addReportRegistration(...) before.
2019-11-15 00:57:21,966 [RatisPipelineUtilsThread] INFO  pipeline.PipelineStateManager (PipelineStateManager.java:addPipeline(55)) - Created pipeline Pipeline[ Id: a7a12500-c607-4307-8a27-b6570ce25b5a, Nodes: 9ac24c7e-7e4f-4cef-ab0e-298cb71ae60d{ip: 192.168.164.208, host: pr-hdds-2442-bxv5b-1523879440, networkLocation: /rack1, certSerialId: null}, Type:RATIS, Factor:ONE, State:ALLOCATED]
2019-11-15 00:57:21,977 [IPC Server handler 18 on 39845] INFO  net.NetworkTopology (NetworkTopologyImpl.java:add(111)) - Added a new node: /rack1/4dfd32cc-2252-49fe-ba51-4380d1c0b0d5
2019-11-15 00:57:21,978 [IPC Server handler 18 on 39845] INFO  node.SCMNodeManager (SCMNodeManager.java:register(267)) - Registered Data node : 4dfd32cc-2252-49fe-ba51-4380d1c0b0d5{ip: 192.168.164.208, host: pr-hdds-2442-bxv5b-1523879440, networkLocation: /rack1, certSerialId: null}
2019-11-15 00:57:21,985 [grpc-default-executor-5] INFO  impl.RaftServerProxy (RaftServerProxy.java:addNew(89)) - 4dfd32cc-2252-49fe-ba51-4380d1c0b0d5: addNew group-BFC48BD27933:[4dfd32cc-2252-49fe-ba51-4380d1c0b0d5:192.168.164.208:44082] returns group-BFC48BD27933:java.util.concurrent.CompletableFuture@1dc496d5[Not completed]
2019-11-15 00:57:21,986 [pool-199-thread-1] INFO  impl.RaftServerImpl (RaftServerImpl.java:<init>(98)) - 4dfd32cc-2252-49fe-ba51-4380d1c0b0d5: new RaftServerImpl for group-BFC48BD27933:[4dfd32cc-2252-49fe-ba51-4380d1c0b0d5:192.168.164.208:44082] with ContainerStateMachine:uninitialized
2019-11-15 00:57:21,986 [pool-199-thread-1] INFO  server.RaftServerConfigKeys (ConfUtils.java:logGet(43)) - raft.server.rpc.timeout.min = 1s (custom)
2019-11-15 00:57:21,986 [pool-199-thread-1] INFO  server.RaftServerConfigKeys (ConfUtils.java:logGet(43)) - raft.server.rpc.timeout.max = 1200ms (custom)
2019-11-15 00:57:21,986 [pool-199-thread-1] INFO  server.RaftServerConfigKeys (ConfUtils.java:logGet(43)) - raft.server.rpcslowness.timeout = 120s (custom)
2019-11-15 00:57:21,986 [pool-199-thread-1] INFO  server.RaftServerConfigKeys (ConfUtils.java:logGet(43)) - raft.server.sleep.deviation.threshold = 300 (default)
2019-11-15 00:57:21,987 [pool-199-thread-1] INFO  server.RaftServerConfigKeys (ConfUtils.java:logGet(43)) - raft.server.log.appender.install.snapshot.enabled = false (custom)
2019-11-15 00:57:21,987 [pool-199-thread-1] INFO  impl.RaftServerImpl (ServerState.java:<init>(103)) - 4dfd32cc-2252-49fe-ba51-4380d1c0b0d5@group-BFC48BD27933: ConfigurationManager, init=-1: [4dfd32cc-2252-49fe-ba51-4380d1c0b0d5:192.168.164.208:44082], old=null, confs=<EMPTY_MAP>
2019-11-15 00:57:21,987 [pool-199-thread-1] INFO  server.RaftServerConfigKeys (ConfUtils.java:logGet(43)) - raft.server.storage.dir = [/workdir/hadoop-ozone/integration-test/target/test-dir/MiniOzoneClusterImpl-8fc52630-20fd-4955-97d1-2a2852f9ee58/datanode-5/data/ratis] (custom)
2019-11-15 00:57:21,987 [pool-199-thread-1] INFO  server.RaftServerConfigKeys (ConfUtils.java:logGet(43)) - raft.server.log.corruption.policy = EXCEPTION (default)
2019-11-15 00:57:21,987 [pool-199-thread-1] INFO  storage.RaftStorageDirectory (RaftStorageDirectory.java:analyzeStorage(246)) - The storage directory /workdir/hadoop-ozone/integration-test/target/test-dir/MiniOzoneClusterImpl-8fc52630-20fd-4955-97d1-2a2852f9ee58/datanode-5/data/ratis/d3954f4b-55a4-44f7-b5e9-bfc48bd27933 does not exist. Creating ...
2019-11-15 00:57:22,000 [pool-199-thread-1] INFO  storage.RaftStorageDirectory (RaftStorageDirectory.java:tryLock(328)) - Lock on /workdir/hadoop-ozone/integration-test/target/test-dir/MiniOzoneClusterImpl-8fc52630-20fd-4955-97d1-2a2852f9ee58/datanode-5/data/ratis/d3954f4b-55a4-44f7-b5e9-bfc48bd27933/in_use.lock acquired by nodename 16745@pr-hdds-2442-bxv5b-1523879440
2019-11-15 00:57:22,012 [pool-199-thread-1] INFO  storage.RaftStorage (RaftStorage.java:format(84)) - Storage directory /workdir/hadoop-ozone/integration-test/target/test-dir/MiniOzoneClusterImpl-8fc52630-20fd-4955-97d1-2a2852f9ee58/datanode-5/data/ratis/d3954f4b-55a4-44f7-b5e9-bfc48bd27933 has been successfully formatted.
2019-11-15 00:57:22,013 [pool-199-thread-1] INFO  ratis.ContainerStateMachine (ContainerStateMachine.java:loadSnapshot(223)) - group-BFC48BD27933: The snapshot info is null. Setting the last applied indexto:(t:0, i:~)
2019-11-15 00:57:22,013 [pool-199-thread-1] INFO  server.RaftServerConfigKeys (ConfUtils.java:logGet(43)) - raft.server.notification.no-leader.timeout = 120s (custom)
2019-11-15 00:57:22,013 [pool-199-thread-1] INFO  server.RaftServerConfigKeys (ConfUtils.java:logGet(43)) - raft.server.log.use.memory = false (default)
2019-11-15 00:57:22,013 [pool-199-thread-1] INFO  server.RaftServerConfigKeys (ConfUtils.java:logGet(43)) - raft.server.log.purge.gap = 1000000 (custom)
2019-11-15 00:57:22,013 [pool-199-thread-1] INFO  server.RaftServerConfigKeys (ConfUtils.java:logGet(43)) - raft.server.log.appender.buffer.byte-limit = 33554432 (custom)
2019-11-15 00:57:22,013 [pool-199-thread-1] INFO  server.RaftServerConfigKeys (ConfUtils.java:logGet(43)) - raft.server.log.segment.size.max = 1048576 (custom)
2019-11-15 00:57:22,013 [pool-199-thread-1] WARN  impl.MetricRegistriesImpl (MetricRegistriesImpl.java:lambda$create$1(61)) - First MetricRegistry has been created without registering reporters. You may need to call MetricRegistries.global().addReportRegistration(...) before.
2019-11-15 00:57:22,013 [pool-199-thread-1] INFO  server.RaftServerConfigKeys (ConfUtils.java:logGet(43)) - raft.server.log.segment.cache.num.max = 2 (custom)
2019-11-15 00:57:22,014 [pool-199-thread-1] INFO  segmented.SegmentedRaftLogWorker (SegmentedRaftLogWorker.java:<init>(173)) - new 4dfd32cc-2252-49fe-ba51-4380d1c0b0d5@group-BFC48BD27933-SegmentedRaftLogWorker for RaftStorage:Storage Directory /workdir/hadoop-ozone/integration-test/target/test-dir/MiniOzoneClusterImpl-8fc52630-20fd-4955-97d1-2a2852f9ee58/datanode-5/data/ratis/d3954f4b-55a4-44f7-b5e9-bfc48bd27933
2019-11-15 00:57:22,014 [pool-199-thread-1] INFO  server.RaftServerConfigKeys (ConfUtils.java:logGet(43)) - raft.server.log.queue.byte-limit = 2147483647 (custom)
2019-11-15 00:57:22,014 [pool-199-thread-1] INFO  server.RaftServerConfigKeys (ConfUtils.java:logGet(43)) - raft.server.log.queue.element-limit = 1024 (custom)
2019-11-15 00:57:22,014 [pool-199-thread-1] INFO  server.RaftServerConfigKeys (ConfUtils.java:logGet(43)) - raft.server.log.segment.size.max = 1048576 (custom)
2019-11-15 00:57:22,014 [pool-199-thread-1] INFO  server.RaftServerConfigKeys (ConfUtils.java:logGet(43)) - raft.server.log.preallocated.size = 16384 (custom)
2019-11-15 00:57:22,014 [pool-199-thread-1] INFO  server.RaftServerConfigKeys (ConfUtils.java:logGet(43)) - raft.server.log.write.buffer.size = 33554432 (custom)
2019-11-15 00:57:22,014 [pool-199-thread-1] INFO  server.RaftServerConfigKeys (ConfUtils.java:logGet(43)) - raft.server.log.force.sync.num = 128 (default)
2019-11-15 00:57:22,014 [pool-199-thread-1] INFO  server.RaftServerConfigKeys (ConfUtils.java:logGet(43)) - raft.server.log.statemachine.data.sync = true (default)
2019-11-15 00:57:22,014 [pool-199-thread-1] INFO  server.RaftServerConfigKeys (ConfUtils.java:logGet(43)) - raft.server.log.statemachine.data.sync.timeout = 10s (default)
2019-11-15 00:57:22,014 [pool-199-thread-1] INFO  server.RaftServerConfigKeys (ConfUtils.java:logGet(43)) - raft.server.log.statemachine.data.sync.timeout.retry = -1 (default)
2019-11-15 00:57:22,015 [pool-199-thread-1] INFO  server.RaftServerConfigKeys (ConfUtils.java:logGet(43)) - raft.server.log.statemachine.data.caching.enabled = true (custom)
2019-11-15 00:57:22,015 [pool-199-thread-1] INFO  segmented.SegmentedRaftLogWorker (SegmentedRaftLogWorker.java:lambda$new$0(128)) - 4dfd32cc-2252-49fe-ba51-4380d1c0b0d5@group-BFC48BD27933-SegmentedRaftLogWorker: flushIndex: setUnconditionally 0 -> -1
2019-11-15 00:57:22,015 [pool-199-thread-1] INFO  server.RaftServerConfigKeys (ConfUtils.java:logGet(43)) - raft.server.snapshot.auto.trigger.enabled = true (custom)
2019-11-15 00:57:22,015 [pool-199-thread-1] INFO  server.RaftServerConfigKeys (ConfUtils.java:logGet(43)) - raft.server.snapshot.auto.trigger.threshold = 10000 (custom)
2019-11-15 00:57:22,015 [pool-199-thread-1] INFO  server.RaftServerConfigKeys (ConfUtils.java:logGet(43)) - raft.server.snapshot.retention.file.num = 5 (custom)
2019-11-15 00:57:22,016 [pool-199-thread-1] INFO  server.RaftServerConfigKeys (ConfUtils.java:logGet(43)) - raft.server.retrycache.expirytime = 600000ms (custom)
2019-11-15 00:57:22,016 [pool-199-thread-1] WARN  impl.MetricRegistriesImpl (MetricRegistriesImpl.java:lambda$create$1(61)) - First MetricRegistry has been created without registering reporters. You may need to call MetricRegistries.global().addReportRegistration(...) before.
2019-11-15 00:57:22,016 [pool-199-thread-1] WARN  impl.MetricRegistriesImpl (MetricRegistriesImpl.java:lambda$create$1(61)) - First MetricRegistry has been created without registering reporters. You may need to call MetricRegistries.global().addReportRegistration(...) before.
2019-11-15 00:57:22,016 [pool-199-thread-1] INFO  impl.RaftServerImpl (RaftServerImpl.java:start(184)) - 4dfd32cc-2252-49fe-ba51-4380d1c0b0d5@group-BFC48BD27933: start as a follower, conf=-1: [4dfd32cc-2252-49fe-ba51-4380d1c0b0d5:192.168.164.208:44082], old=null
2019-11-15 00:57:22,016 [pool-199-thread-1] INFO  impl.RaftServerImpl (RaftServerImpl.java:setRole(173)) - 4dfd32cc-2252-49fe-ba51-4380d1c0b0d5@group-BFC48BD27933: changes role from      null to FOLLOWER at term 0 for startAsFollower
2019-11-15 00:57:22,016 [pool-199-thread-1] INFO  impl.RoleInfo (RoleInfo.java:updateAndGet(143)) - 4dfd32cc-2252-49fe-ba51-4380d1c0b0d5: start FollowerState
2019-11-15 00:57:22,017 [pool-199-thread-1] INFO  util.JmxRegister (JmxRegister.java:tryRegister(44)) - Successfully registered JMX Bean with object name Ratis:service=RaftServer,group=group-BFC48BD27933,id=4dfd32cc-2252-49fe-ba51-4380d1c0b0d5
2019-11-15 00:57:22,017 [pool-199-thread-1] WARN  impl.MetricRegistriesImpl (MetricRegistriesImpl.java:lambda$create$1(61)) - First MetricRegistry has been created without registering reporters. You may need to call MetricRegistries.global().addReportRegistration(...) before.
2019-11-15 00:57:22,020 [RatisPipelineUtilsThread] INFO  pipeline.PipelineStateManager (PipelineStateManager.java:addPipeline(55)) - Created pipeline Pipeline[ Id: d3954f4b-55a4-44f7-b5e9-bfc48bd27933, Nodes: 4dfd32cc-2252-49fe-ba51-4380d1c0b0d5{ip: 192.168.164.208, host: pr-hdds-2442-bxv5b-1523879440, networkLocation: /rack1, certSerialId: null}, Type:RATIS, Factor:ONE, State:ALLOCATED]
2019-11-15 00:57:22,028 [grpc-default-executor-5] INFO  impl.RaftServerProxy (RaftServerProxy.java:addNew(89)) - 4dfd32cc-2252-49fe-ba51-4380d1c0b0d5: addNew group-1ADB972952FF:[9ac24c7e-7e4f-4cef-ab0e-298cb71ae60d:192.168.164.208:37265, c182b01b-afca-4fcd-8295-9462a850df3a:192.168.164.208:36437, 4dfd32cc-2252-49fe-ba51-4380d1c0b0d5:192.168.164.208:44082] returns group-1ADB972952FF:java.util.concurrent.CompletableFuture@3fae0533[Not completed]
2019-11-15 00:57:22,028 [grpc-default-executor-4] INFO  impl.RaftServerProxy (RaftServerProxy.java:addNew(89)) - 9ac24c7e-7e4f-4cef-ab0e-298cb71ae60d: addNew group-1ADB972952FF:[9ac24c7e-7e4f-4cef-ab0e-298cb71ae60d:192.168.164.208:37265, c182b01b-afca-4fcd-8295-9462a850df3a:192.168.164.208:36437, 4dfd32cc-2252-49fe-ba51-4380d1c0b0d5:192.168.164.208:44082] returns group-1ADB972952FF:java.util.concurrent.CompletableFuture@44d72238[Not completed]
2019-11-15 00:57:22,028 [grpc-default-executor-0] INFO  impl.RaftServerProxy (RaftServerProxy.java:addNew(89)) - c182b01b-afca-4fcd-8295-9462a850df3a: addNew group-1ADB972952FF:[9ac24c7e-7e4f-4cef-ab0e-298cb71ae60d:192.168.164.208:37265, c182b01b-afca-4fcd-8295-9462a850df3a:192.168.164.208:36437, 4dfd32cc-2252-49fe-ba51-4380d1c0b0d5:192.168.164.208:44082] returns group-1ADB972952FF:java.util.concurrent.CompletableFuture@7f845b49[Not completed]
2019-11-15 00:57:22,030 [pool-199-thread-1] INFO  impl.RaftServerImpl (RaftServerImpl.java:<init>(98)) - 4dfd32cc-2252-49fe-ba51-4380d1c0b0d5: new RaftServerImpl for group-1ADB972952FF:[9ac24c7e-7e4f-4cef-ab0e-298cb71ae60d:192.168.164.208:37265, c182b01b-afca-4fcd-8295-9462a850df3a:192.168.164.208:36437, 4dfd32cc-2252-49fe-ba51-4380d1c0b0d5:192.168.164.208:44082] with ContainerStateMachine:uninitialized
2019-11-15 00:57:22,030 [pool-199-thread-1] INFO  server.RaftServerConfigKeys (ConfUtils.java:logGet(43)) - raft.server.rpc.timeout.min = 1s (custom)
2019-11-15 00:57:22,030 [pool-199-thread-1] INFO  server.RaftServerConfigKeys (ConfUtils.java:logGet(43)) - raft.server.rpc.timeout.max = 1200ms (custom)
2019-11-15 00:57:22,030 [pool-199-thread-1] INFO  server.RaftServerConfigKeys (ConfUtils.java:logGet(43)) - raft.server.rpcslowness.timeout = 120s (custom)
2019-11-15 00:57:22,030 [pool-199-thread-1] INFO  server.RaftServerConfigKeys (ConfUtils.java:logGet(43)) - raft.server.sleep.deviation.threshold = 300 (default)
2019-11-15 00:57:22,030 [pool-199-thread-1] INFO  server.RaftServerConfigKeys (ConfUtils.java:logGet(43)) - raft.server.log.appender.install.snapshot.enabled = false (custom)
2019-11-15 00:57:22,030 [pool-199-thread-1] INFO  impl.RaftServerImpl (ServerState.java:<init>(103)) - 4dfd32cc-2252-49fe-ba51-4380d1c0b0d5@group-1ADB972952FF: ConfigurationManager, init=-1: [9ac24c7e-7e4f-4cef-ab0e-298cb71ae60d:192.168.164.208:37265, c182b01b-afca-4fcd-8295-9462a850df3a:192.168.164.208:36437, 4dfd32cc-2252-49fe-ba51-4380d1c0b0d5:192.168.164.208:44082], old=null, confs=<EMPTY_MAP>
2019-11-15 00:57:22,030 [pool-199-thread-1] INFO  server.RaftServerConfigKeys (ConfUtils.java:logGet(43)) - raft.server.storage.dir = [/workdir/hadoop-ozone/integration-test/target/test-dir/MiniOzoneClusterImpl-8fc52630-20fd-4955-97d1-2a2852f9ee58/datanode-5/data/ratis] (custom)
2019-11-15 00:57:22,030 [pool-199-thread-1] INFO  server.RaftServerConfigKeys (ConfUtils.java:logGet(43)) - raft.server.log.corruption.policy = EXCEPTION (default)
2019-11-15 00:57:22,031 [pool-199-thread-1] INFO  storage.RaftStorageDirectory (RaftStorageDirectory.java:analyzeStorage(246)) - The storage directory /workdir/hadoop-ozone/integration-test/target/test-dir/MiniOzoneClusterImpl-8fc52630-20fd-4955-97d1-2a2852f9ee58/datanode-5/data/ratis/898db4ff-09fe-4b00-a8ce-1adb972952ff does not exist. Creating ...
2019-11-15 00:57:22,031 [pool-179-thread-1] INFO  impl.RaftServerImpl (RaftServerImpl.java:<init>(98)) - 9ac24c7e-7e4f-4cef-ab0e-298cb71ae60d: new RaftServerImpl for group-1ADB972952FF:[9ac24c7e-7e4f-4cef-ab0e-298cb71ae60d:192.168.164.208:37265, c182b01b-afca-4fcd-8295-9462a850df3a:192.168.164.208:36437, 4dfd32cc-2252-49fe-ba51-4380d1c0b0d5:192.168.164.208:44082] with ContainerStateMachine:uninitialized
2019-11-15 00:57:22,031 [pool-179-thread-1] INFO  server.RaftServerConfigKeys (ConfUtils.java:logGet(43)) - raft.server.rpc.timeout.min = 1s (custom)
2019-11-15 00:57:22,031 [pool-179-thread-1] INFO  server.RaftServerConfigKeys (ConfUtils.java:logGet(43)) - raft.server.rpc.timeout.max = 1200ms (custom)
2019-11-15 00:57:22,031 [pool-179-thread-1] INFO  server.RaftServerConfigKeys (ConfUtils.java:logGet(43)) - raft.server.rpcslowness.timeout = 120s (custom)
2019-11-15 00:57:22,032 [pool-179-thread-1] INFO  server.RaftServerConfigKeys (ConfUtils.java:logGet(43)) - raft.server.sleep.deviation.threshold = 300 (default)
2019-11-15 00:57:22,032 [pool-189-thread-1] INFO  impl.RaftServerImpl (RaftServerImpl.java:<init>(98)) - c182b01b-afca-4fcd-8295-9462a850df3a: new RaftServerImpl for group-1ADB972952FF:[9ac24c7e-7e4f-4cef-ab0e-298cb71ae60d:192.168.164.208:37265, c182b01b-afca-4fcd-8295-9462a850df3a:192.168.164.208:36437, 4dfd32cc-2252-49fe-ba51-4380d1c0b0d5:192.168.164.208:44082] with ContainerStateMachine:uninitialized
2019-11-15 00:57:22,032 [pool-179-thread-1] INFO  server.RaftServerConfigKeys (ConfUtils.java:logGet(43)) - raft.server.log.appender.install.snapshot.enabled = false (custom)
2019-11-15 00:57:22,032 [pool-189-thread-1] INFO  server.RaftServerConfigKeys (ConfUtils.java:logGet(43)) - raft.server.rpc.timeout.min = 1s (custom)
2019-11-15 00:57:22,032 [pool-179-thread-1] INFO  impl.RaftServerImpl (ServerState.java:<init>(103)) - 9ac24c7e-7e4f-4cef-ab0e-298cb71ae60d@group-1ADB972952FF: ConfigurationManager, init=-1: [9ac24c7e-7e4f-4cef-ab0e-298cb71ae60d:192.168.164.208:37265, c182b01b-afca-4fcd-8295-9462a850df3a:192.168.164.208:36437, 4dfd32cc-2252-49fe-ba51-4380d1c0b0d5:192.168.164.208:44082], old=null, confs=<EMPTY_MAP>
2019-11-15 00:57:22,032 [pool-189-thread-1] INFO  server.RaftServerConfigKeys (ConfUtils.java:logGet(43)) - raft.server.rpc.timeout.max = 1200ms (custom)
2019-11-15 00:57:22,032 [pool-179-thread-1] INFO  server.RaftServerConfigKeys (ConfUtils.java:logGet(43)) - raft.server.storage.dir = [/workdir/hadoop-ozone/integration-test/target/test-dir/MiniOzoneClusterImpl-8fc52630-20fd-4955-97d1-2a2852f9ee58/datanode-3/data/ratis] (custom)
2019-11-15 00:57:22,032 [pool-189-thread-1] INFO  server.RaftServerConfigKeys (ConfUtils.java:logGet(43)) - raft.server.rpcslowness.timeout = 120s (custom)
2019-11-15 00:57:22,033 [pool-189-thread-1] INFO  server.RaftServerConfigKeys (ConfUtils.java:logGet(43)) - raft.server.sleep.deviation.threshold = 300 (default)
2019-11-15 00:57:22,033 [pool-179-thread-1] INFO  server.RaftServerConfigKeys (ConfUtils.java:logGet(43)) - raft.server.log.corruption.policy = EXCEPTION (default)
2019-11-15 00:57:22,033 [pool-189-thread-1] INFO  server.RaftServerConfigKeys (ConfUtils.java:logGet(43)) - raft.server.log.appender.install.snapshot.enabled = false (custom)
2019-11-15 00:57:22,033 [pool-179-thread-1] INFO  storage.RaftStorageDirectory (RaftStorageDirectory.java:analyzeStorage(246)) - The storage directory /workdir/hadoop-ozone/integration-test/target/test-dir/MiniOzoneClusterImpl-8fc52630-20fd-4955-97d1-2a2852f9ee58/datanode-3/data/ratis/898db4ff-09fe-4b00-a8ce-1adb972952ff does not exist. Creating ...
2019-11-15 00:57:22,033 [pool-189-thread-1] INFO  impl.RaftServerImpl (ServerState.java:<init>(103)) - c182b01b-afca-4fcd-8295-9462a850df3a@group-1ADB972952FF: ConfigurationManager, init=-1: [9ac24c7e-7e4f-4cef-ab0e-298cb71ae60d:192.168.164.208:37265, c182b01b-afca-4fcd-8295-9462a850df3a:192.168.164.208:36437, 4dfd32cc-2252-49fe-ba51-4380d1c0b0d5:192.168.164.208:44082], old=null, confs=<EMPTY_MAP>
2019-11-15 00:57:22,034 [pool-189-thread-1] INFO  server.RaftServerConfigKeys (ConfUtils.java:logGet(43)) - raft.server.storage.dir = [/workdir/hadoop-ozone/integration-test/target/test-dir/MiniOzoneClusterImpl-8fc52630-20fd-4955-97d1-2a2852f9ee58/datanode-4/data/ratis] (custom)
2019-11-15 00:57:22,034 [pool-189-thread-1] INFO  server.RaftServerConfigKeys (ConfUtils.java:logGet(43)) - raft.server.log.corruption.policy = EXCEPTION (default)
2019-11-15 00:57:22,034 [pool-189-thread-1] INFO  storage.RaftStorageDirectory (RaftStorageDirectory.java:analyzeStorage(246)) - The storage directory /workdir/hadoop-ozone/integration-test/target/test-dir/MiniOzoneClusterImpl-8fc52630-20fd-4955-97d1-2a2852f9ee58/datanode-4/data/ratis/898db4ff-09fe-4b00-a8ce-1adb972952ff does not exist. Creating ...
2019-11-15 00:57:22,044 [pool-199-thread-1] INFO  storage.RaftStorageDirectory (RaftStorageDirectory.java:tryLock(328)) - Lock on /workdir/hadoop-ozone/integration-test/target/test-dir/MiniOzoneClusterImpl-8fc52630-20fd-4955-97d1-2a2852f9ee58/datanode-5/data/ratis/898db4ff-09fe-4b00-a8ce-1adb972952ff/in_use.lock acquired by nodename 16745@pr-hdds-2442-bxv5b-1523879440
2019-11-15 00:57:22,044 [pool-179-thread-1] INFO  storage.RaftStorageDirectory (RaftStorageDirectory.java:tryLock(328)) - Lock on /workdir/hadoop-ozone/integration-test/target/test-dir/MiniOzoneClusterImpl-8fc52630-20fd-4955-97d1-2a2852f9ee58/datanode-3/data/ratis/898db4ff-09fe-4b00-a8ce-1adb972952ff/in_use.lock acquired by nodename 16745@pr-hdds-2442-bxv5b-1523879440
2019-11-15 00:57:22,044 [pool-189-thread-1] INFO  storage.RaftStorageDirectory (RaftStorageDirectory.java:tryLock(328)) - Lock on /workdir/hadoop-ozone/integration-test/target/test-dir/MiniOzoneClusterImpl-8fc52630-20fd-4955-97d1-2a2852f9ee58/datanode-4/data/ratis/898db4ff-09fe-4b00-a8ce-1adb972952ff/in_use.lock acquired by nodename 16745@pr-hdds-2442-bxv5b-1523879440
2019-11-15 00:57:22,057 [pool-179-thread-1] INFO  storage.RaftStorage (RaftStorage.java:format(84)) - Storage directory /workdir/hadoop-ozone/integration-test/target/test-dir/MiniOzoneClusterImpl-8fc52630-20fd-4955-97d1-2a2852f9ee58/datanode-3/data/ratis/898db4ff-09fe-4b00-a8ce-1adb972952ff has been successfully formatted.
2019-11-15 00:57:22,057 [pool-189-thread-1] INFO  storage.RaftStorage (RaftStorage.java:format(84)) - Storage directory /workdir/hadoop-ozone/integration-test/target/test-dir/MiniOzoneClusterImpl-8fc52630-20fd-4955-97d1-2a2852f9ee58/datanode-4/data/ratis/898db4ff-09fe-4b00-a8ce-1adb972952ff has been successfully formatted.
2019-11-15 00:57:22,057 [pool-199-thread-1] INFO  storage.RaftStorage (RaftStorage.java:format(84)) - Storage directory /workdir/hadoop-ozone/integration-test/target/test-dir/MiniOzoneClusterImpl-8fc52630-20fd-4955-97d1-2a2852f9ee58/datanode-5/data/ratis/898db4ff-09fe-4b00-a8ce-1adb972952ff has been successfully formatted.
2019-11-15 00:57:22,058 [pool-189-thread-1] INFO  ratis.ContainerStateMachine (ContainerStateMachine.java:loadSnapshot(223)) - group-1ADB972952FF: The snapshot info is null. Setting the last applied indexto:(t:0, i:~)
2019-11-15 00:57:22,057 [pool-179-thread-1] INFO  ratis.ContainerStateMachine (ContainerStateMachine.java:loadSnapshot(223)) - group-1ADB972952FF: The snapshot info is null. Setting the last applied indexto:(t:0, i:~)
2019-11-15 00:57:22,058 [pool-189-thread-1] INFO  server.RaftServerConfigKeys (ConfUtils.java:logGet(43)) - raft.server.notification.no-leader.timeout = 120s (custom)
2019-11-15 00:57:22,058 [pool-199-thread-1] INFO  ratis.ContainerStateMachine (ContainerStateMachine.java:loadSnapshot(223)) - group-1ADB972952FF: The snapshot info is null. Setting the last applied indexto:(t:0, i:~)
2019-11-15 00:57:22,058 [pool-189-thread-1] INFO  server.RaftServerConfigKeys (ConfUtils.java:logGet(43)) - raft.server.log.use.memory = false (default)
2019-11-15 00:57:22,058 [pool-179-thread-1] INFO  server.RaftServerConfigKeys (ConfUtils.java:logGet(43)) - raft.server.notification.no-leader.timeout = 120s (custom)
2019-11-15 00:57:22,058 [pool-189-thread-1] INFO  server.RaftServerConfigKeys (ConfUtils.java:logGet(43)) - raft.server.log.purge.gap = 1000000 (custom)
2019-11-15 00:57:22,058 [IPC Server handler 16 on 39845] INFO  net.NetworkTopology (NetworkTopologyImpl.java:add(111)) - Added a new node: /rack1/efbac357-ca4e-4ee4-91b4-c654bf02dfcf
2019-11-15 00:57:22,058 [pool-199-thread-1] INFO  server.RaftServerConfigKeys (ConfUtils.java:logGet(43)) - raft.server.notification.no-leader.timeout = 120s (custom)
2019-11-15 00:57:22,058 [IPC Server handler 16 on 39845] INFO  node.SCMNodeManager (SCMNodeManager.java:register(267)) - Registered Data node : efbac357-ca4e-4ee4-91b4-c654bf02dfcf{ip: 192.168.164.208, host: pr-hdds-2442-bxv5b-1523879440, networkLocation: /rack1, certSerialId: null}
2019-11-15 00:57:22,058 [pool-189-thread-1] INFO  server.RaftServerConfigKeys (ConfUtils.java:logGet(43)) - raft.server.log.appender.buffer.byte-limit = 33554432 (custom)
2019-11-15 00:57:22,058 [pool-179-thread-1] INFO  server.RaftServerConfigKeys (ConfUtils.java:logGet(43)) - raft.server.log.use.memory = false (default)
2019-11-15 00:57:22,059 [pool-189-thread-1] INFO  server.RaftServerConfigKeys (ConfUtils.java:logGet(43)) - raft.server.log.segment.size.max = 1048576 (custom)
2019-11-15 00:57:22,059 [pool-199-thread-1] INFO  server.RaftServerConfigKeys (ConfUtils.java:logGet(43)) - raft.server.log.use.memory = false (default)
2019-11-15 00:57:22,059 [pool-189-thread-1] INFO  server.RaftServerConfigKeys (ConfUtils.java:logGet(43)) - raft.server.log.segment.cache.num.max = 2 (custom)
2019-11-15 00:57:22,059 [pool-179-thread-1] INFO  server.RaftServerConfigKeys (ConfUtils.java:logGet(43)) - raft.server.log.purge.gap = 1000000 (custom)
2019-11-15 00:57:22,059 [pool-189-thread-1] INFO  segmented.SegmentedRaftLogWorker (SegmentedRaftLogWorker.java:<init>(173)) - new c182b01b-afca-4fcd-8295-9462a850df3a@group-1ADB972952FF-SegmentedRaftLogWorker for RaftStorage:Storage Directory /workdir/hadoop-ozone/integration-test/target/test-dir/MiniOzoneClusterImpl-8fc52630-20fd-4955-97d1-2a2852f9ee58/datanode-4/data/ratis/898db4ff-09fe-4b00-a8ce-1adb972952ff
2019-11-15 00:57:22,059 [pool-199-thread-1] INFO  server.RaftServerConfigKeys (ConfUtils.java:logGet(43)) - raft.server.log.purge.gap = 1000000 (custom)
2019-11-15 00:57:22,059 [pool-189-thread-1] INFO  server.RaftServerConfigKeys (ConfUtils.java:logGet(43)) - raft.server.log.queue.byte-limit = 2147483647 (custom)
2019-11-15 00:57:22,059 [pool-179-thread-1] INFO  server.RaftServerConfigKeys (ConfUtils.java:logGet(43)) - raft.server.log.appender.buffer.byte-limit = 33554432 (custom)
2019-11-15 00:57:22,060 [pool-189-thread-1] INFO  server.RaftServerConfigKeys (ConfUtils.java:logGet(43)) - raft.server.log.queue.element-limit = 1024 (custom)
2019-11-15 00:57:22,059 [pool-199-thread-1] INFO  server.RaftServerConfigKeys (ConfUtils.java:logGet(43)) - raft.server.log.appender.buffer.byte-limit = 33554432 (custom)
2019-11-15 00:57:22,060 [pool-189-thread-1] INFO  server.RaftServerConfigKeys (ConfUtils.java:logGet(43)) - raft.server.log.segment.size.max = 1048576 (custom)
2019-11-15 00:57:22,060 [pool-179-thread-1] INFO  server.RaftServerConfigKeys (ConfUtils.java:logGet(43)) - raft.server.log.segment.size.max = 1048576 (custom)
2019-11-15 00:57:22,060 [pool-189-thread-1] INFO  server.RaftServerConfigKeys (ConfUtils.java:logGet(43)) - raft.server.log.preallocated.size = 16384 (custom)
2019-11-15 00:57:22,060 [pool-199-thread-1] INFO  server.RaftServerConfigKeys (ConfUtils.java:logGet(43)) - raft.server.log.segment.size.max = 1048576 (custom)
2019-11-15 00:57:22,060 [pool-189-thread-1] INFO  server.RaftServerConfigKeys (ConfUtils.java:logGet(43)) - raft.server.log.write.buffer.size = 33554432 (custom)
2019-11-15 00:57:22,060 [pool-179-thread-1] INFO  server.RaftServerConfigKeys (ConfUtils.java:logGet(43)) - raft.server.log.segment.cache.num.max = 2 (custom)
2019-11-15 00:57:22,060 [pool-189-thread-1] INFO  server.RaftServerConfigKeys (ConfUtils.java:logGet(43)) - raft.server.log.force.sync.num = 128 (default)
2019-11-15 00:57:22,060 [pool-199-thread-1] INFO  server.RaftServerConfigKeys (ConfUtils.java:logGet(43)) - raft.server.log.segment.cache.num.max = 2 (custom)
2019-11-15 00:57:22,060 [pool-189-thread-1] INFO  server.RaftServerConfigKeys (ConfUtils.java:logGet(43)) - raft.server.log.statemachine.data.sync = true (default)
2019-11-15 00:57:22,060 [pool-179-thread-1] INFO  segmented.SegmentedRaftLogWorker (SegmentedRaftLogWorker.java:<init>(173)) - new 9ac24c7e-7e4f-4cef-ab0e-298cb71ae60d@group-1ADB972952FF-SegmentedRaftLogWorker for RaftStorage:Storage Directory /workdir/hadoop-ozone/integration-test/target/test-dir/MiniOzoneClusterImpl-8fc52630-20fd-4955-97d1-2a2852f9ee58/datanode-3/data/ratis/898db4ff-09fe-4b00-a8ce-1adb972952ff
2019-11-15 00:57:22,061 [pool-189-thread-1] INFO  server.RaftServerConfigKeys (ConfUtils.java:logGet(43)) - raft.server.log.statemachine.data.sync.timeout = 10s (default)
2019-11-15 00:57:22,061 [pool-199-thread-1] INFO  segmented.SegmentedRaftLogWorker (SegmentedRaftLogWorker.java:<init>(173)) - new 4dfd32cc-2252-49fe-ba51-4380d1c0b0d5@group-1ADB972952FF-SegmentedRaftLogWorker for RaftStorage:Storage Directory /workdir/hadoop-ozone/integration-test/target/test-dir/MiniOzoneClusterImpl-8fc52630-20fd-4955-97d1-2a2852f9ee58/datanode-5/data/ratis/898db4ff-09fe-4b00-a8ce-1adb972952ff
2019-11-15 00:57:22,061 [pool-189-thread-1] INFO  server.RaftServerConfigKeys (ConfUtils.java:logGet(43)) - raft.server.log.statemachine.data.sync.timeout.retry = -1 (default)
2019-11-15 00:57:22,061 [pool-179-thread-1] INFO  server.RaftServerConfigKeys (ConfUtils.java:logGet(43)) - raft.server.log.queue.byte-limit = 2147483647 (custom)
2019-11-15 00:57:22,061 [pool-189-thread-1] INFO  server.RaftServerConfigKeys (ConfUtils.java:logGet(43)) - raft.server.log.statemachine.data.caching.enabled = true (custom)
2019-11-15 00:57:22,061 [pool-199-thread-1] INFO  server.RaftServerConfigKeys (ConfUtils.java:logGet(43)) - raft.server.log.queue.byte-limit = 2147483647 (custom)
2019-11-15 00:57:22,061 [pool-179-thread-1] INFO  server.RaftServerConfigKeys (ConfUtils.java:logGet(43)) - raft.server.log.queue.element-limit = 1024 (custom)
2019-11-15 00:57:22,061 [pool-189-thread-1] INFO  segmented.SegmentedRaftLogWorker (SegmentedRaftLogWorker.java:lambda$new$0(128)) - c182b01b-afca-4fcd-8295-9462a850df3a@group-1ADB972952FF-SegmentedRaftLogWorker: flushIndex: setUnconditionally 0 -> -1
2019-11-15 00:57:22,061 [pool-199-thread-1] INFO  server.RaftServerConfigKeys (ConfUtils.java:logGet(43)) - raft.server.log.queue.element-limit = 1024 (custom)
2019-11-15 00:57:22,061 [pool-179-thread-1] INFO  server.RaftServerConfigKeys (ConfUtils.java:logGet(43)) - raft.server.log.segment.size.max = 1048576 (custom)
2019-11-15 00:57:22,062 [pool-199-thread-1] INFO  server.RaftServerConfigKeys (ConfUtils.java:logGet(43)) - raft.server.log.segment.size.max = 1048576 (custom)
2019-11-15 00:57:22,062 [pool-189-thread-1] INFO  server.RaftServerConfigKeys (ConfUtils.java:logGet(43)) - raft.server.snapshot.auto.trigger.enabled = true (custom)
2019-11-15 00:57:22,062 [pool-179-thread-1] INFO  server.RaftServerConfigKeys (ConfUtils.java:logGet(43)) - raft.server.log.preallocated.size = 16384 (custom)
2019-11-15 00:57:22,062 [pool-189-thread-1] INFO  server.RaftServerConfigKeys (ConfUtils.java:logGet(43)) - raft.server.snapshot.auto.trigger.threshold = 10000 (custom)
2019-11-15 00:57:22,062 [pool-199-thread-1] INFO  server.RaftServerConfigKeys (ConfUtils.java:logGet(43)) - raft.server.log.preallocated.size = 16384 (custom)
2019-11-15 00:57:22,062 [pool-189-thread-1] INFO  server.RaftServerConfigKeys (ConfUtils.java:logGet(43)) - raft.server.snapshot.retention.file.num = 5 (custom)
2019-11-15 00:57:22,062 [pool-179-thread-1] INFO  server.RaftServerConfigKeys (ConfUtils.java:logGet(43)) - raft.server.log.write.buffer.size = 33554432 (custom)
2019-11-15 00:57:22,062 [pool-189-thread-1] INFO  server.RaftServerConfigKeys (ConfUtils.java:logGet(43)) - raft.server.retrycache.expirytime = 600000ms (custom)
2019-11-15 00:57:22,062 [pool-199-thread-1] INFO  server.RaftServerConfigKeys (ConfUtils.java:logGet(43)) - raft.server.log.write.buffer.size = 33554432 (custom)
2019-11-15 00:57:22,063 [pool-189-thread-1] WARN  impl.MetricRegistriesImpl (MetricRegistriesImpl.java:lambda$create$1(61)) - First MetricRegistry has been created without registering reporters. You may need to call MetricRegistries.global().addReportRegistration(...) before.
2019-11-15 00:57:22,062 [pool-179-thread-1] INFO  server.RaftServerConfigKeys (ConfUtils.java:logGet(43)) - raft.server.log.force.sync.num = 128 (default)
2019-11-15 00:57:22,063 [pool-189-thread-1] WARN  impl.MetricRegistriesImpl (MetricRegistriesImpl.java:lambda$create$1(61)) - First MetricRegistry has been created without registering reporters. You may need to call MetricRegistries.global().addReportRegistration(...) before.
2019-11-15 00:57:22,063 [pool-199-thread-1] INFO  server.RaftServerConfigKeys (ConfUtils.java:logGet(43)) - raft.server.log.force.sync.num = 128 (default)
2019-11-15 00:57:22,063 [pool-179-thread-1] INFO  server.RaftServerConfigKeys (ConfUtils.java:logGet(43)) - raft.server.log.statemachine.data.sync = true (default)
2019-11-15 00:57:22,063 [pool-189-thread-1] INFO  impl.RaftServerImpl (RaftServerImpl.java:start(184)) - c182b01b-afca-4fcd-8295-9462a850df3a@group-1ADB972952FF: start as a follower, conf=-1: [9ac24c7e-7e4f-4cef-ab0e-298cb71ae60d:192.168.164.208:37265, c182b01b-afca-4fcd-8295-9462a850df3a:192.168.164.208:36437, 4dfd32cc-2252-49fe-ba51-4380d1c0b0d5:192.168.164.208:44082], old=null
2019-11-15 00:57:22,063 [pool-199-thread-1] INFO  server.RaftServerConfigKeys (ConfUtils.java:logGet(43)) - raft.server.log.statemachine.data.sync = true (default)
2019-11-15 00:57:22,063 [pool-189-thread-1] INFO  impl.RaftServerImpl (RaftServerImpl.java:setRole(173)) - c182b01b-afca-4fcd-8295-9462a850df3a@group-1ADB972952FF: changes role from      null to FOLLOWER at term 0 for startAsFollower
2019-11-15 00:57:22,063 [pool-179-thread-1] INFO  server.RaftServerConfigKeys (ConfUtils.java:logGet(43)) - raft.server.log.statemachine.data.sync.timeout = 10s (default)
2019-11-15 00:57:22,064 [pool-189-thread-1] INFO  impl.RoleInfo (RoleInfo.java:updateAndGet(143)) - c182b01b-afca-4fcd-8295-9462a850df3a: start FollowerState
2019-11-15 00:57:22,063 [pool-199-thread-1] INFO  server.RaftServerConfigKeys (ConfUtils.java:logGet(43)) - raft.server.log.statemachine.data.sync.timeout = 10s (default)
2019-11-15 00:57:22,064 [pool-179-thread-1] INFO  server.RaftServerConfigKeys (ConfUtils.java:logGet(43)) - raft.server.log.statemachine.data.sync.timeout.retry = -1 (default)
2019-11-15 00:57:22,064 [pool-199-thread-1] INFO  server.RaftServerConfigKeys (ConfUtils.java:logGet(43)) - raft.server.log.statemachine.data.sync.timeout.retry = -1 (default)
2019-11-15 00:57:22,064 [pool-189-thread-1] INFO  util.JmxRegister (JmxRegister.java:tryRegister(44)) - Successfully registered JMX Bean with object name Ratis:service=RaftServer,group=group-1ADB972952FF,id=c182b01b-afca-4fcd-8295-9462a850df3a
2019-11-15 00:57:22,064 [pool-179-thread-1] INFO  server.RaftServerConfigKeys (ConfUtils.java:logGet(43)) - raft.server.log.statemachine.data.caching.enabled = true (custom)
2019-11-15 00:57:22,064 [pool-189-thread-1] WARN  impl.MetricRegistriesImpl (MetricRegistriesImpl.java:lambda$create$1(61)) - First MetricRegistry has been created without registering reporters. You may need to call MetricRegistries.global().addReportRegistration(...) before.
2019-11-15 00:57:22,064 [pool-199-thread-1] INFO  server.RaftServerConfigKeys (ConfUtils.java:logGet(43)) - raft.server.log.statemachine.data.caching.enabled = true (custom)
2019-11-15 00:57:22,065 [pool-179-thread-1] INFO  segmented.SegmentedRaftLogWorker (SegmentedRaftLogWorker.java:lambda$new$0(128)) - 9ac24c7e-7e4f-4cef-ab0e-298cb71ae60d@group-1ADB972952FF-SegmentedRaftLogWorker: flushIndex: setUnconditionally 0 -> -1
2019-11-15 00:57:22,065 [pool-199-thread-1] INFO  segmented.SegmentedRaftLogWorker (SegmentedRaftLogWorker.java:lambda$new$0(128)) - 4dfd32cc-2252-49fe-ba51-4380d1c0b0d5@group-1ADB972952FF-SegmentedRaftLogWorker: flushIndex: setUnconditionally 0 -> -1
2019-11-15 00:57:22,065 [pool-179-thread-1] INFO  server.RaftServerConfigKeys (ConfUtils.java:logGet(43)) - raft.server.snapshot.auto.trigger.enabled = true (custom)
2019-11-15 00:57:22,065 [pool-199-thread-1] INFO  server.RaftServerConfigKeys (ConfUtils.java:logGet(43)) - raft.server.snapshot.auto.trigger.enabled = true (custom)
2019-11-15 00:57:22,065 [pool-179-thread-1] INFO  server.RaftServerConfigKeys (ConfUtils.java:logGet(43)) - raft.server.snapshot.auto.trigger.threshold = 10000 (custom)
2019-11-15 00:57:22,065 [pool-199-thread-1] INFO  server.RaftServerConfigKeys (ConfUtils.java:logGet(43)) - raft.server.snapshot.auto.trigger.threshold = 10000 (custom)
2019-11-15 00:57:22,065 [pool-179-thread-1] INFO  server.RaftServerConfigKeys (ConfUtils.java:logGet(43)) - raft.server.snapshot.retention.file.num = 5 (custom)
2019-11-15 00:57:22,065 [pool-199-thread-1] INFO  server.RaftServerConfigKeys (ConfUtils.java:logGet(43)) - raft.server.snapshot.retention.file.num = 5 (custom)
2019-11-15 00:57:22,066 [pool-179-thread-1] INFO  server.RaftServerConfigKeys (ConfUtils.java:logGet(43)) - raft.server.retrycache.expirytime = 600000ms (custom)
2019-11-15 00:57:22,066 [pool-199-thread-1] INFO  server.RaftServerConfigKeys (ConfUtils.java:logGet(43)) - raft.server.retrycache.expirytime = 600000ms (custom)
2019-11-15 00:57:22,066 [pool-179-thread-1] WARN  impl.MetricRegistriesImpl (MetricRegistriesImpl.java:lambda$create$1(61)) - First MetricRegistry has been created without registering reporters. You may need to call MetricRegistries.global().addReportRegistration(...) before.
2019-11-15 00:57:22,066 [pool-199-thread-1] WARN  impl.MetricRegistriesImpl (MetricRegistriesImpl.java:lambda$create$1(61)) - First MetricRegistry has been created without registering reporters. You may need to call MetricRegistries.global().addReportRegistration(...) before.
2019-11-15 00:57:22,066 [pool-179-thread-1] WARN  impl.MetricRegistriesImpl (MetricRegistriesImpl.java:lambda$create$1(61)) - First MetricRegistry has been created without registering reporters. You may need to call MetricRegistries.global().addReportRegistration(...) before.
2019-11-15 00:57:22,066 [pool-199-thread-1] WARN  impl.MetricRegistriesImpl (MetricRegistriesImpl.java:lambda$create$1(61)) - First MetricRegistry has been created without registering reporters. You may need to call MetricRegistries.global().addReportRegistration(...) before.
2019-11-15 00:57:22,066 [pool-179-thread-1] INFO  impl.RaftServerImpl (RaftServerImpl.java:start(184)) - 9ac24c7e-7e4f-4cef-ab0e-298cb71ae60d@group-1ADB972952FF: start as a follower, conf=-1: [9ac24c7e-7e4f-4cef-ab0e-298cb71ae60d:192.168.164.208:37265, c182b01b-afca-4fcd-8295-9462a850df3a:192.168.164.208:36437, 4dfd32cc-2252-49fe-ba51-4380d1c0b0d5:192.168.164.208:44082], old=null
2019-11-15 00:57:22,066 [pool-199-thread-1] INFO  impl.RaftServerImpl (RaftServerImpl.java:start(184)) - 4dfd32cc-2252-49fe-ba51-4380d1c0b0d5@group-1ADB972952FF: start as a follower, conf=-1: [9ac24c7e-7e4f-4cef-ab0e-298cb71ae60d:192.168.164.208:37265, c182b01b-afca-4fcd-8295-9462a850df3a:192.168.164.208:36437, 4dfd32cc-2252-49fe-ba51-4380d1c0b0d5:192.168.164.208:44082], old=null
2019-11-15 00:57:22,066 [pool-179-thread-1] INFO  impl.RaftServerImpl (RaftServerImpl.java:setRole(173)) - 9ac24c7e-7e4f-4cef-ab0e-298cb71ae60d@group-1ADB972952FF: changes role from      null to FOLLOWER at term 0 for startAsFollower
2019-11-15 00:57:22,066 [pool-199-thread-1] INFO  impl.RaftServerImpl (RaftServerImpl.java:setRole(173)) - 4dfd32cc-2252-49fe-ba51-4380d1c0b0d5@group-1ADB972952FF: changes role from      null to FOLLOWER at term 0 for startAsFollower
2019-11-15 00:57:22,066 [pool-179-thread-1] INFO  impl.RoleInfo (RoleInfo.java:updateAndGet(143)) - 9ac24c7e-7e4f-4cef-ab0e-298cb71ae60d: start FollowerState
2019-11-15 00:57:22,067 [pool-199-thread-1] INFO  impl.RoleInfo (RoleInfo.java:updateAndGet(143)) - 4dfd32cc-2252-49fe-ba51-4380d1c0b0d5: start FollowerState
2019-11-15 00:57:22,067 [pool-179-thread-1] INFO  util.JmxRegister (JmxRegister.java:tryRegister(44)) - Successfully registered JMX Bean with object name Ratis:service=RaftServer,group=group-1ADB972952FF,id=9ac24c7e-7e4f-4cef-ab0e-298cb71ae60d
2019-11-15 00:57:22,067 [pool-199-thread-1] INFO  util.JmxRegister (JmxRegister.java:tryRegister(44)) - Successfully registered JMX Bean with object name Ratis:service=RaftServer,group=group-1ADB972952FF,id=4dfd32cc-2252-49fe-ba51-4380d1c0b0d5
2019-11-15 00:57:22,067 [pool-179-thread-1] WARN  impl.MetricRegistriesImpl (MetricRegistriesImpl.java:lambda$create$1(61)) - First MetricRegistry has been created without registering reporters. You may need to call MetricRegistries.global().addReportRegistration(...) before.
2019-11-15 00:57:22,067 [pool-199-thread-1] WARN  impl.MetricRegistriesImpl (MetricRegistriesImpl.java:lambda$create$1(61)) - First MetricRegistry has been created without registering reporters. You may need to call MetricRegistries.global().addReportRegistration(...) before.
2019-11-15 00:57:22,070 [RatisPipelineUtilsThread] INFO  pipeline.PipelineStateManager (PipelineStateManager.java:addPipeline(55)) - Created pipeline Pipeline[ Id: 898db4ff-09fe-4b00-a8ce-1adb972952ff, Nodes: c182b01b-afca-4fcd-8295-9462a850df3a{ip: 192.168.164.208, host: pr-hdds-2442-bxv5b-1523879440, networkLocation: /rack1, certSerialId: null}9ac24c7e-7e4f-4cef-ab0e-298cb71ae60d{ip: 192.168.164.208, host: pr-hdds-2442-bxv5b-1523879440, networkLocation: /rack1, certSerialId: null}4dfd32cc-2252-49fe-ba51-4380d1c0b0d5{ip: 192.168.164.208, host: pr-hdds-2442-bxv5b-1523879440, networkLocation: /rack1, certSerialId: null}, Type:RATIS, Factor:THREE, State:ALLOCATED]
2019-11-15 00:57:22,140 [IPC Server handler 1 on 39845] INFO  net.NetworkTopology (NetworkTopologyImpl.java:add(111)) - Added a new node: /rack1/e96d2cc9-026c-4220-b0f4-2bd3b4d5a924
2019-11-15 00:57:22,140 [IPC Server handler 1 on 39845] INFO  node.SCMNodeManager (SCMNodeManager.java:register(267)) - Registered Data node : e96d2cc9-026c-4220-b0f4-2bd3b4d5a924{ip: 192.168.164.208, host: pr-hdds-2442-bxv5b-1523879440, networkLocation: /rack1, certSerialId: null}
2019-11-15 00:57:22,150 [grpc-default-executor-0] INFO  impl.RaftServerProxy (RaftServerProxy.java:addNew(89)) - efbac357-ca4e-4ee4-91b4-c654bf02dfcf: addNew group-1012B3444813:[efbac357-ca4e-4ee4-91b4-c654bf02dfcf:192.168.164.208:33848] returns group-1012B3444813:java.util.concurrent.CompletableFuture@2f97f901[Not completed]
2019-11-15 00:57:22,153 [pool-209-thread-1] INFO  impl.RaftServerImpl (RaftServerImpl.java:<init>(98)) - efbac357-ca4e-4ee4-91b4-c654bf02dfcf: new RaftServerImpl for group-1012B3444813:[efbac357-ca4e-4ee4-91b4-c654bf02dfcf:192.168.164.208:33848] with ContainerStateMachine:uninitialized
2019-11-15 00:57:22,153 [pool-209-thread-1] INFO  server.RaftServerConfigKeys (ConfUtils.java:logGet(43)) - raft.server.rpc.timeout.min = 1s (custom)
2019-11-15 00:57:22,154 [pool-209-thread-1] INFO  server.RaftServerConfigKeys (ConfUtils.java:logGet(43)) - raft.server.rpc.timeout.max = 1200ms (custom)
2019-11-15 00:57:22,154 [pool-209-thread-1] INFO  server.RaftServerConfigKeys (ConfUtils.java:logGet(43)) - raft.server.rpcslowness.timeout = 120s (custom)
2019-11-15 00:57:22,154 [pool-209-thread-1] INFO  server.RaftServerConfigKeys (ConfUtils.java:logGet(43)) - raft.server.sleep.deviation.threshold = 300 (default)
2019-11-15 00:57:22,154 [pool-209-thread-1] INFO  server.RaftServerConfigKeys (ConfUtils.java:logGet(43)) - raft.server.log.appender.install.snapshot.enabled = false (custom)
2019-11-15 00:57:22,154 [pool-209-thread-1] INFO  impl.RaftServerImpl (ServerState.java:<init>(103)) - efbac357-ca4e-4ee4-91b4-c654bf02dfcf@group-1012B3444813: ConfigurationManager, init=-1: [efbac357-ca4e-4ee4-91b4-c654bf02dfcf:192.168.164.208:33848], old=null, confs=<EMPTY_MAP>
2019-11-15 00:57:22,154 [pool-209-thread-1] INFO  server.RaftServerConfigKeys (ConfUtils.java:logGet(43)) - raft.server.storage.dir = [/workdir/hadoop-ozone/integration-test/target/test-dir/MiniOzoneClusterImpl-8fc52630-20fd-4955-97d1-2a2852f9ee58/datanode-6/data/ratis] (custom)
2019-11-15 00:57:22,155 [pool-209-thread-1] INFO  server.RaftServerConfigKeys (ConfUtils.java:logGet(43)) - raft.server.log.corruption.policy = EXCEPTION (default)
2019-11-15 00:57:22,155 [pool-209-thread-1] INFO  storage.RaftStorageDirectory (RaftStorageDirectory.java:analyzeStorage(246)) - The storage directory /workdir/hadoop-ozone/integration-test/target/test-dir/MiniOzoneClusterImpl-8fc52630-20fd-4955-97d1-2a2852f9ee58/datanode-6/data/ratis/d48a9eae-e2d9-483e-9401-1012b3444813 does not exist. Creating ...
2019-11-15 00:57:22,168 [pool-209-thread-1] INFO  storage.RaftStorageDirectory (RaftStorageDirectory.java:tryLock(328)) - Lock on /workdir/hadoop-ozone/integration-test/target/test-dir/MiniOzoneClusterImpl-8fc52630-20fd-4955-97d1-2a2852f9ee58/datanode-6/data/ratis/d48a9eae-e2d9-483e-9401-1012b3444813/in_use.lock acquired by nodename 16745@pr-hdds-2442-bxv5b-1523879440
2019-11-15 00:57:22,181 [pool-209-thread-1] INFO  storage.RaftStorage (RaftStorage.java:format(84)) - Storage directory /workdir/hadoop-ozone/integration-test/target/test-dir/MiniOzoneClusterImpl-8fc52630-20fd-4955-97d1-2a2852f9ee58/datanode-6/data/ratis/d48a9eae-e2d9-483e-9401-1012b3444813 has been successfully formatted.
2019-11-15 00:57:22,181 [pool-209-thread-1] INFO  ratis.ContainerStateMachine (ContainerStateMachine.java:loadSnapshot(223)) - group-1012B3444813: The snapshot info is null. Setting the last applied indexto:(t:0, i:~)
2019-11-15 00:57:22,181 [pool-209-thread-1] INFO  server.RaftServerConfigKeys (ConfUtils.java:logGet(43)) - raft.server.notification.no-leader.timeout = 120s (custom)
2019-11-15 00:57:22,181 [pool-209-thread-1] INFO  server.RaftServerConfigKeys (ConfUtils.java:logGet(43)) - raft.server.log.use.memory = false (default)
2019-11-15 00:57:22,182 [pool-209-thread-1] INFO  server.RaftServerConfigKeys (ConfUtils.java:logGet(43)) - raft.server.log.purge.gap = 1000000 (custom)
2019-11-15 00:57:22,182 [pool-209-thread-1] INFO  server.RaftServerConfigKeys (ConfUtils.java:logGet(43)) - raft.server.log.appender.buffer.byte-limit = 33554432 (custom)
2019-11-15 00:57:22,182 [pool-209-thread-1] INFO  server.RaftServerConfigKeys (ConfUtils.java:logGet(43)) - raft.server.log.segment.size.max = 1048576 (custom)
2019-11-15 00:57:22,182 [pool-209-thread-1] WARN  impl.MetricRegistriesImpl (MetricRegistriesImpl.java:lambda$create$1(61)) - First MetricRegistry has been created without registering reporters. You may need to call MetricRegistries.global().addReportRegistration(...) before.
2019-11-15 00:57:22,182 [pool-209-thread-1] INFO  server.RaftServerConfigKeys (ConfUtils.java:logGet(43)) - raft.server.log.segment.cache.num.max = 2 (custom)
2019-11-15 00:57:22,182 [pool-209-thread-1] INFO  segmented.SegmentedRaftLogWorker (SegmentedRaftLogWorker.java:<init>(173)) - new efbac357-ca4e-4ee4-91b4-c654bf02dfcf@group-1012B3444813-SegmentedRaftLogWorker for RaftStorage:Storage Directory /workdir/hadoop-ozone/integration-test/target/test-dir/MiniOzoneClusterImpl-8fc52630-20fd-4955-97d1-2a2852f9ee58/datanode-6/data/ratis/d48a9eae-e2d9-483e-9401-1012b3444813
2019-11-15 00:57:22,182 [pool-209-thread-1] INFO  server.RaftServerConfigKeys (ConfUtils.java:logGet(43)) - raft.server.log.queue.byte-limit = 2147483647 (custom)
2019-11-15 00:57:22,183 [pool-209-thread-1] INFO  server.RaftServerConfigKeys (ConfUtils.java:logGet(43)) - raft.server.log.queue.element-limit = 1024 (custom)
2019-11-15 00:57:22,183 [pool-209-thread-1] INFO  server.RaftServerConfigKeys (ConfUtils.java:logGet(43)) - raft.server.log.segment.size.max = 1048576 (custom)
2019-11-15 00:57:22,183 [pool-209-thread-1] INFO  server.RaftServerConfigKeys (ConfUtils.java:logGet(43)) - raft.server.log.preallocated.size = 16384 (custom)
2019-11-15 00:57:22,183 [pool-209-thread-1] INFO  server.RaftServerConfigKeys (ConfUtils.java:logGet(43)) - raft.server.log.write.buffer.size = 33554432 (custom)
2019-11-15 00:57:22,183 [pool-209-thread-1] INFO  server.RaftServerConfigKeys (ConfUtils.java:logGet(43)) - raft.server.log.force.sync.num = 128 (default)
2019-11-15 00:57:22,183 [pool-209-thread-1] INFO  server.RaftServerConfigKeys (ConfUtils.java:logGet(43)) - raft.server.log.statemachine.data.sync = true (default)
2019-11-15 00:57:22,183 [pool-209-thread-1] INFO  server.RaftServerConfigKeys (ConfUtils.java:logGet(43)) - raft.server.log.statemachine.data.sync.timeout = 10s (default)
2019-11-15 00:57:22,183 [pool-209-thread-1] INFO  server.RaftServerConfigKeys (ConfUtils.java:logGet(43)) - raft.server.log.statemachine.data.sync.timeout.retry = -1 (default)
2019-11-15 00:57:22,184 [pool-209-thread-1] INFO  server.RaftServerConfigKeys (ConfUtils.java:logGet(43)) - raft.server.log.statemachine.data.caching.enabled = true (custom)
2019-11-15 00:57:22,184 [pool-209-thread-1] INFO  segmented.SegmentedRaftLogWorker (SegmentedRaftLogWorker.java:lambda$new$0(128)) - efbac357-ca4e-4ee4-91b4-c654bf02dfcf@group-1012B3444813-SegmentedRaftLogWorker: flushIndex: setUnconditionally 0 -> -1
2019-11-15 00:57:22,184 [pool-209-thread-1] INFO  server.RaftServerConfigKeys (ConfUtils.java:logGet(43)) - raft.server.snapshot.auto.trigger.enabled = true (custom)
2019-11-15 00:57:22,184 [pool-209-thread-1] INFO  server.RaftServerConfigKeys (ConfUtils.java:logGet(43)) - raft.server.snapshot.auto.trigger.threshold = 10000 (custom)
2019-11-15 00:57:22,184 [pool-209-thread-1] INFO  server.RaftServerConfigKeys (ConfUtils.java:logGet(43)) - raft.server.snapshot.retention.file.num = 5 (custom)
2019-11-15 00:57:22,185 [pool-209-thread-1] INFO  server.RaftServerConfigKeys (ConfUtils.java:logGet(43)) - raft.server.retrycache.expirytime = 600000ms (custom)
2019-11-15 00:57:22,185 [pool-209-thread-1] WARN  impl.MetricRegistriesImpl (MetricRegistriesImpl.java:lambda$create$1(61)) - First MetricRegistry has been created without registering reporters. You may need to call MetricRegistries.global().addReportRegistration(...) before.
2019-11-15 00:57:22,185 [pool-209-thread-1] WARN  impl.MetricRegistriesImpl (MetricRegistriesImpl.java:lambda$create$1(61)) - First MetricRegistry has been created without registering reporters. You may need to call MetricRegistries.global().addReportRegistration(...) before.
2019-11-15 00:57:22,185 [pool-209-thread-1] INFO  impl.RaftServerImpl (RaftServerImpl.java:start(184)) - efbac357-ca4e-4ee4-91b4-c654bf02dfcf@group-1012B3444813: start as a follower, conf=-1: [efbac357-ca4e-4ee4-91b4-c654bf02dfcf:192.168.164.208:33848], old=null
2019-11-15 00:57:22,185 [pool-209-thread-1] INFO  impl.RaftServerImpl (RaftServerImpl.java:setRole(173)) - efbac357-ca4e-4ee4-91b4-c654bf02dfcf@group-1012B3444813: changes role from      null to FOLLOWER at term 0 for startAsFollower
2019-11-15 00:57:22,185 [pool-209-thread-1] INFO  impl.RoleInfo (RoleInfo.java:updateAndGet(143)) - efbac357-ca4e-4ee4-91b4-c654bf02dfcf: start FollowerState
2019-11-15 00:57:22,186 [pool-209-thread-1] INFO  util.JmxRegister (JmxRegister.java:tryRegister(44)) - Successfully registered JMX Bean with object name Ratis:service=RaftServer,group=group-1012B3444813,id=efbac357-ca4e-4ee4-91b4-c654bf02dfcf
2019-11-15 00:57:22,186 [pool-209-thread-1] WARN  impl.MetricRegistriesImpl (MetricRegistriesImpl.java:lambda$create$1(61)) - First MetricRegistry has been created without registering reporters. You may need to call MetricRegistries.global().addReportRegistration(...) before.
2019-11-15 00:57:22,190 [RatisPipelineUtilsThread] INFO  pipeline.PipelineStateManager (PipelineStateManager.java:addPipeline(55)) - Created pipeline Pipeline[ Id: d48a9eae-e2d9-483e-9401-1012b3444813, Nodes: efbac357-ca4e-4ee4-91b4-c654bf02dfcf{ip: 192.168.164.208, host: pr-hdds-2442-bxv5b-1523879440, networkLocation: /rack1, certSerialId: null}, Type:RATIS, Factor:ONE, State:ALLOCATED]
2019-11-15 00:57:22,199 [grpc-default-executor-0] INFO  impl.RaftServerProxy (RaftServerProxy.java:addNew(89)) - e96d2cc9-026c-4220-b0f4-2bd3b4d5a924: addNew group-7CEDA9F8AB68:[e96d2cc9-026c-4220-b0f4-2bd3b4d5a924:192.168.164.208:39163] returns group-7CEDA9F8AB68:java.util.concurrent.CompletableFuture@6a90ed37[Not completed]
2019-11-15 00:57:22,200 [pool-219-thread-1] INFO  impl.RaftServerImpl (RaftServerImpl.java:<init>(98)) - e96d2cc9-026c-4220-b0f4-2bd3b4d5a924: new RaftServerImpl for group-7CEDA9F8AB68:[e96d2cc9-026c-4220-b0f4-2bd3b4d5a924:192.168.164.208:39163] with ContainerStateMachine:uninitialized
2019-11-15 00:57:22,201 [pool-219-thread-1] INFO  server.RaftServerConfigKeys (ConfUtils.java:logGet(43)) - raft.server.rpc.timeout.min = 1s (custom)
2019-11-15 00:57:22,201 [pool-219-thread-1] INFO  server.RaftServerConfigKeys (ConfUtils.java:logGet(43)) - raft.server.rpc.timeout.max = 1200ms (custom)
2019-11-15 00:57:22,201 [pool-219-thread-1] INFO  server.RaftServerConfigKeys (ConfUtils.java:logGet(43)) - raft.server.rpcslowness.timeout = 120s (custom)
2019-11-15 00:57:22,201 [pool-219-thread-1] INFO  server.RaftServerConfigKeys (ConfUtils.java:logGet(43)) - raft.server.sleep.deviation.threshold = 300 (default)
2019-11-15 00:57:22,201 [pool-219-thread-1] INFO  server.RaftServerConfigKeys (ConfUtils.java:logGet(43)) - raft.server.log.appender.install.snapshot.enabled = false (custom)
2019-11-15 00:57:22,201 [pool-219-thread-1] INFO  impl.RaftServerImpl (ServerState.java:<init>(103)) - e96d2cc9-026c-4220-b0f4-2bd3b4d5a924@group-7CEDA9F8AB68: ConfigurationManager, init=-1: [e96d2cc9-026c-4220-b0f4-2bd3b4d5a924:192.168.164.208:39163], old=null, confs=<EMPTY_MAP>
2019-11-15 00:57:22,201 [pool-219-thread-1] INFO  server.RaftServerConfigKeys (ConfUtils.java:logGet(43)) - raft.server.storage.dir = [/workdir/hadoop-ozone/integration-test/target/test-dir/MiniOzoneClusterImpl-8fc52630-20fd-4955-97d1-2a2852f9ee58/datanode-7/data/ratis] (custom)
2019-11-15 00:57:22,202 [pool-219-thread-1] INFO  server.RaftServerConfigKeys (ConfUtils.java:logGet(43)) - raft.server.log.corruption.policy = EXCEPTION (default)
2019-11-15 00:57:22,202 [pool-219-thread-1] INFO  storage.RaftStorageDirectory (RaftStorageDirectory.java:analyzeStorage(246)) - The storage directory /workdir/hadoop-ozone/integration-test/target/test-dir/MiniOzoneClusterImpl-8fc52630-20fd-4955-97d1-2a2852f9ee58/datanode-7/data/ratis/559432a8-b941-49fa-9dfe-7ceda9f8ab68 does not exist. Creating ...
2019-11-15 00:57:22,212 [IPC Server handler 2 on 39845] INFO  net.NetworkTopology (NetworkTopologyImpl.java:add(111)) - Added a new node: /rack1/8692cc3a-c5e2-4bd5-b878-b8217203f52e
2019-11-15 00:57:22,212 [IPC Server handler 2 on 39845] INFO  node.SCMNodeManager (SCMNodeManager.java:register(267)) - Registered Data node : 8692cc3a-c5e2-4bd5-b878-b8217203f52e{ip: 192.168.164.208, host: pr-hdds-2442-bxv5b-1523879440, networkLocation: /rack1, certSerialId: null}
2019-11-15 00:57:22,215 [pool-219-thread-1] INFO  storage.RaftStorageDirectory (RaftStorageDirectory.java:tryLock(328)) - Lock on /workdir/hadoop-ozone/integration-test/target/test-dir/MiniOzoneClusterImpl-8fc52630-20fd-4955-97d1-2a2852f9ee58/datanode-7/data/ratis/559432a8-b941-49fa-9dfe-7ceda9f8ab68/in_use.lock acquired by nodename 16745@pr-hdds-2442-bxv5b-1523879440
2019-11-15 00:57:22,234 [pool-219-thread-1] INFO  storage.RaftStorage (RaftStorage.java:format(84)) - Storage directory /workdir/hadoop-ozone/integration-test/target/test-dir/MiniOzoneClusterImpl-8fc52630-20fd-4955-97d1-2a2852f9ee58/datanode-7/data/ratis/559432a8-b941-49fa-9dfe-7ceda9f8ab68 has been successfully formatted.
2019-11-15 00:57:22,234 [pool-219-thread-1] INFO  ratis.ContainerStateMachine (ContainerStateMachine.java:loadSnapshot(223)) - group-7CEDA9F8AB68: The snapshot info is null. Setting the last applied indexto:(t:0, i:~)
2019-11-15 00:57:22,234 [pool-219-thread-1] INFO  server.RaftServerConfigKeys (ConfUtils.java:logGet(43)) - raft.server.notification.no-leader.timeout = 120s (custom)
2019-11-15 00:57:22,234 [pool-219-thread-1] INFO  server.RaftServerConfigKeys (ConfUtils.java:logGet(43)) - raft.server.log.use.memory = false (default)
2019-11-15 00:57:22,235 [pool-219-thread-1] INFO  server.RaftServerConfigKeys (ConfUtils.java:logGet(43)) - raft.server.log.purge.gap = 1000000 (custom)
2019-11-15 00:57:22,235 [pool-219-thread-1] INFO  server.RaftServerConfigKeys (ConfUtils.java:logGet(43)) - raft.server.log.appender.buffer.byte-limit = 33554432 (custom)
2019-11-15 00:57:22,235 [pool-219-thread-1] INFO  server.RaftServerConfigKeys (ConfUtils.java:logGet(43)) - raft.server.log.segment.size.max = 1048576 (custom)
2019-11-15 00:57:22,235 [pool-219-thread-1] WARN  impl.MetricRegistriesImpl (MetricRegistriesImpl.java:lambda$create$1(61)) - First MetricRegistry has been created without registering reporters. You may need to call MetricRegistries.global().addReportRegistration(...) before.
2019-11-15 00:57:22,235 [pool-219-thread-1] INFO  server.RaftServerConfigKeys (ConfUtils.java:logGet(43)) - raft.server.log.segment.cache.num.max = 2 (custom)
2019-11-15 00:57:22,235 [pool-219-thread-1] INFO  segmented.SegmentedRaftLogWorker (SegmentedRaftLogWorker.java:<init>(173)) - new e96d2cc9-026c-4220-b0f4-2bd3b4d5a924@group-7CEDA9F8AB68-SegmentedRaftLogWorker for RaftStorage:Storage Directory /workdir/hadoop-ozone/integration-test/target/test-dir/MiniOzoneClusterImpl-8fc52630-20fd-4955-97d1-2a2852f9ee58/datanode-7/data/ratis/559432a8-b941-49fa-9dfe-7ceda9f8ab68
2019-11-15 00:57:22,236 [pool-219-thread-1] INFO  server.RaftServerConfigKeys (ConfUtils.java:logGet(43)) - raft.server.log.queue.byte-limit = 2147483647 (custom)
2019-11-15 00:57:22,236 [pool-219-thread-1] INFO  server.RaftServerConfigKeys (ConfUtils.java:logGet(43)) - raft.server.log.queue.element-limit = 1024 (custom)
2019-11-15 00:57:22,236 [pool-219-thread-1] INFO  server.RaftServerConfigKeys (ConfUtils.java:logGet(43)) - raft.server.log.segment.size.max = 1048576 (custom)
2019-11-15 00:57:22,236 [pool-219-thread-1] INFO  server.RaftServerConfigKeys (ConfUtils.java:logGet(43)) - raft.server.log.preallocated.size = 16384 (custom)
2019-11-15 00:57:22,236 [pool-219-thread-1] INFO  server.RaftServerConfigKeys (ConfUtils.java:logGet(43)) - raft.server.log.write.buffer.size = 33554432 (custom)
2019-11-15 00:57:22,236 [pool-219-thread-1] INFO  server.RaftServerConfigKeys (ConfUtils.java:logGet(43)) - raft.server.log.force.sync.num = 128 (default)
2019-11-15 00:57:22,236 [pool-219-thread-1] INFO  server.RaftServerConfigKeys (ConfUtils.java:logGet(43)) - raft.server.log.statemachine.data.sync = true (default)
2019-11-15 00:57:22,237 [pool-219-thread-1] INFO  server.RaftServerConfigKeys (ConfUtils.java:logGet(43)) - raft.server.log.statemachine.data.sync.timeout = 10s (default)
2019-11-15 00:57:22,237 [pool-219-thread-1] INFO  server.RaftServerConfigKeys (ConfUtils.java:logGet(43)) - raft.server.log.statemachine.data.sync.timeout.retry = -1 (default)
2019-11-15 00:57:22,237 [pool-219-thread-1] INFO  server.RaftServerConfigKeys (ConfUtils.java:logGet(43)) - raft.server.log.statemachine.data.caching.enabled = true (custom)
2019-11-15 00:57:22,237 [pool-219-thread-1] INFO  segmented.SegmentedRaftLogWorker (SegmentedRaftLogWorker.java:lambda$new$0(128)) - e96d2cc9-026c-4220-b0f4-2bd3b4d5a924@group-7CEDA9F8AB68-SegmentedRaftLogWorker: flushIndex: setUnconditionally 0 -> -1
2019-11-15 00:57:22,237 [pool-219-thread-1] INFO  server.RaftServerConfigKeys (ConfUtils.java:logGet(43)) - raft.server.snapshot.auto.trigger.enabled = true (custom)
2019-11-15 00:57:22,238 [pool-219-thread-1] INFO  server.RaftServerConfigKeys (ConfUtils.java:logGet(43)) - raft.server.snapshot.auto.trigger.threshold = 10000 (custom)
2019-11-15 00:57:22,238 [pool-219-thread-1] INFO  server.RaftServerConfigKeys (ConfUtils.java:logGet(43)) - raft.server.snapshot.retention.file.num = 5 (custom)
2019-11-15 00:57:22,238 [pool-219-thread-1] INFO  server.RaftServerConfigKeys (ConfUtils.java:logGet(43)) - raft.server.retrycache.expirytime = 600000ms (custom)
2019-11-15 00:57:22,238 [pool-219-thread-1] WARN  impl.MetricRegistriesImpl (MetricRegistriesImpl.java:lambda$create$1(61)) - First MetricRegistry has been created without registering reporters. You may need to call MetricRegistries.global().addReportRegistration(...) before.
2019-11-15 00:57:22,238 [pool-219-thread-1] WARN  impl.MetricRegistriesImpl (MetricRegistriesImpl.java:lambda$create$1(61)) - First MetricRegistry has been created without registering reporters. You may need to call MetricRegistries.global().addReportRegistration(...) before.
2019-11-15 00:57:22,238 [pool-219-thread-1] INFO  impl.RaftServerImpl (RaftServerImpl.java:start(184)) - e96d2cc9-026c-4220-b0f4-2bd3b4d5a924@group-7CEDA9F8AB68: start as a follower, conf=-1: [e96d2cc9-026c-4220-b0f4-2bd3b4d5a924:192.168.164.208:39163], old=null
2019-11-15 00:57:22,238 [pool-219-thread-1] INFO  impl.RaftServerImpl (RaftServerImpl.java:setRole(173)) - e96d2cc9-026c-4220-b0f4-2bd3b4d5a924@group-7CEDA9F8AB68: changes role from      null to FOLLOWER at term 0 for startAsFollower
2019-11-15 00:57:22,238 [pool-219-thread-1] INFO  impl.RoleInfo (RoleInfo.java:updateAndGet(143)) - e96d2cc9-026c-4220-b0f4-2bd3b4d5a924: start FollowerState
2019-11-15 00:57:22,239 [pool-219-thread-1] INFO  util.JmxRegister (JmxRegister.java:tryRegister(44)) - Successfully registered JMX Bean with object name Ratis:service=RaftServer,group=group-7CEDA9F8AB68,id=e96d2cc9-026c-4220-b0f4-2bd3b4d5a924
2019-11-15 00:57:22,239 [pool-219-thread-1] WARN  impl.MetricRegistriesImpl (MetricRegistriesImpl.java:lambda$create$1(61)) - First MetricRegistry has been created without registering reporters. You may need to call MetricRegistries.global().addReportRegistration(...) before.
2019-11-15 00:57:22,241 [RatisPipelineUtilsThread] INFO  pipeline.PipelineStateManager (PipelineStateManager.java:addPipeline(55)) - Created pipeline Pipeline[ Id: 559432a8-b941-49fa-9dfe-7ceda9f8ab68, Nodes: e96d2cc9-026c-4220-b0f4-2bd3b4d5a924{ip: 192.168.164.208, host: pr-hdds-2442-bxv5b-1523879440, networkLocation: /rack1, certSerialId: null}, Type:RATIS, Factor:ONE, State:ALLOCATED]
2019-11-15 00:57:22,249 [grpc-default-executor-0] INFO  impl.RaftServerProxy (RaftServerProxy.java:addNew(89)) - 8692cc3a-c5e2-4bd5-b878-b8217203f52e: addNew group-F736BE448A28:[8692cc3a-c5e2-4bd5-b878-b8217203f52e:192.168.164.208:45622] returns group-F736BE448A28:java.util.concurrent.CompletableFuture@9b2ea1[Not completed]
2019-11-15 00:57:22,251 [pool-229-thread-1] INFO  impl.RaftServerImpl (RaftServerImpl.java:<init>(98)) - 8692cc3a-c5e2-4bd5-b878-b8217203f52e: new RaftServerImpl for group-F736BE448A28:[8692cc3a-c5e2-4bd5-b878-b8217203f52e:192.168.164.208:45622] with ContainerStateMachine:uninitialized
2019-11-15 00:57:22,251 [pool-229-thread-1] INFO  server.RaftServerConfigKeys (ConfUtils.java:logGet(43)) - raft.server.rpc.timeout.min = 1s (custom)
2019-11-15 00:57:22,251 [pool-229-thread-1] INFO  server.RaftServerConfigKeys (ConfUtils.java:logGet(43)) - raft.server.rpc.timeout.max = 1200ms (custom)
2019-11-15 00:57:22,251 [pool-229-thread-1] INFO  server.RaftServerConfigKeys (ConfUtils.java:logGet(43)) - raft.server.rpcslowness.timeout = 120s (custom)
2019-11-15 00:57:22,251 [pool-229-thread-1] INFO  server.RaftServerConfigKeys (ConfUtils.java:logGet(43)) - raft.server.sleep.deviation.threshold = 300 (default)
2019-11-15 00:57:22,251 [pool-229-thread-1] INFO  server.RaftServerConfigKeys (ConfUtils.java:logGet(43)) - raft.server.log.appender.install.snapshot.enabled = false (custom)
2019-11-15 00:57:22,251 [pool-229-thread-1] INFO  impl.RaftServerImpl (ServerState.java:<init>(103)) - 8692cc3a-c5e2-4bd5-b878-b8217203f52e@group-F736BE448A28: ConfigurationManager, init=-1: [8692cc3a-c5e2-4bd5-b878-b8217203f52e:192.168.164.208:45622], old=null, confs=<EMPTY_MAP>
2019-11-15 00:57:22,252 [pool-229-thread-1] INFO  server.RaftServerConfigKeys (ConfUtils.java:logGet(43)) - raft.server.storage.dir = [/workdir/hadoop-ozone/integration-test/target/test-dir/MiniOzoneClusterImpl-8fc52630-20fd-4955-97d1-2a2852f9ee58/datanode-8/data/ratis] (custom)
2019-11-15 00:57:22,252 [pool-229-thread-1] INFO  server.RaftServerConfigKeys (ConfUtils.java:logGet(43)) - raft.server.log.corruption.policy = EXCEPTION (default)
2019-11-15 00:57:22,252 [pool-229-thread-1] INFO  storage.RaftStorageDirectory (RaftStorageDirectory.java:analyzeStorage(246)) - The storage directory /workdir/hadoop-ozone/integration-test/target/test-dir/MiniOzoneClusterImpl-8fc52630-20fd-4955-97d1-2a2852f9ee58/datanode-8/data/ratis/90bf92a0-ffa1-4422-8abe-f736be448a28 does not exist. Creating ...
2019-11-15 00:57:22,265 [pool-229-thread-1] INFO  storage.RaftStorageDirectory (RaftStorageDirectory.java:tryLock(328)) - Lock on /workdir/hadoop-ozone/integration-test/target/test-dir/MiniOzoneClusterImpl-8fc52630-20fd-4955-97d1-2a2852f9ee58/datanode-8/data/ratis/90bf92a0-ffa1-4422-8abe-f736be448a28/in_use.lock acquired by nodename 16745@pr-hdds-2442-bxv5b-1523879440
2019-11-15 00:57:22,277 [pool-229-thread-1] INFO  storage.RaftStorage (RaftStorage.java:format(84)) - Storage directory /workdir/hadoop-ozone/integration-test/target/test-dir/MiniOzoneClusterImpl-8fc52630-20fd-4955-97d1-2a2852f9ee58/datanode-8/data/ratis/90bf92a0-ffa1-4422-8abe-f736be448a28 has been successfully formatted.
2019-11-15 00:57:22,277 [pool-229-thread-1] INFO  ratis.ContainerStateMachine (ContainerStateMachine.java:loadSnapshot(223)) - group-F736BE448A28: The snapshot info is null. Setting the last applied indexto:(t:0, i:~)
2019-11-15 00:57:22,278 [pool-229-thread-1] INFO  server.RaftServerConfigKeys (ConfUtils.java:logGet(43)) - raft.server.notification.no-leader.timeout = 120s (custom)
2019-11-15 00:57:22,278 [pool-229-thread-1] INFO  server.RaftServerConfigKeys (ConfUtils.java:logGet(43)) - raft.server.log.use.memory = false (default)
2019-11-15 00:57:22,278 [pool-229-thread-1] INFO  server.RaftServerConfigKeys (ConfUtils.java:logGet(43)) - raft.server.log.purge.gap = 1000000 (custom)
2019-11-15 00:57:22,278 [pool-229-thread-1] INFO  server.RaftServerConfigKeys (ConfUtils.java:logGet(43)) - raft.server.log.appender.buffer.byte-limit = 33554432 (custom)
2019-11-15 00:57:22,278 [pool-229-thread-1] INFO  server.RaftServerConfigKeys (ConfUtils.java:logGet(43)) - raft.server.log.segment.size.max = 1048576 (custom)
2019-11-15 00:57:22,278 [pool-229-thread-1] WARN  impl.MetricRegistriesImpl (MetricRegistriesImpl.java:lambda$create$1(61)) - First MetricRegistry has been created without registering reporters. You may need to call MetricRegistries.global().addReportRegistration(...) before.
2019-11-15 00:57:22,278 [pool-229-thread-1] INFO  server.RaftServerConfigKeys (ConfUtils.java:logGet(43)) - raft.server.log.segment.cache.num.max = 2 (custom)
2019-11-15 00:57:22,278 [pool-229-thread-1] INFO  segmented.SegmentedRaftLogWorker (SegmentedRaftLogWorker.java:<init>(173)) - new 8692cc3a-c5e2-4bd5-b878-b8217203f52e@group-F736BE448A28-SegmentedRaftLogWorker for RaftStorage:Storage Directory /workdir/hadoop-ozone/integration-test/target/test-dir/MiniOzoneClusterImpl-8fc52630-20fd-4955-97d1-2a2852f9ee58/datanode-8/data/ratis/90bf92a0-ffa1-4422-8abe-f736be448a28
2019-11-15 00:57:22,278 [pool-229-thread-1] INFO  server.RaftServerConfigKeys (ConfUtils.java:logGet(43)) - raft.server.log.queue.byte-limit = 2147483647 (custom)
2019-11-15 00:57:22,279 [pool-229-thread-1] INFO  server.RaftServerConfigKeys (ConfUtils.java:logGet(43)) - raft.server.log.queue.element-limit = 1024 (custom)
2019-11-15 00:57:22,279 [pool-229-thread-1] INFO  server.RaftServerConfigKeys (ConfUtils.java:logGet(43)) - raft.server.log.segment.size.max = 1048576 (custom)
2019-11-15 00:57:22,279 [pool-229-thread-1] INFO  server.RaftServerConfigKeys (ConfUtils.java:logGet(43)) - raft.server.log.preallocated.size = 16384 (custom)
2019-11-15 00:57:22,279 [pool-229-thread-1] INFO  server.RaftServerConfigKeys (ConfUtils.java:logGet(43)) - raft.server.log.write.buffer.size = 33554432 (custom)
2019-11-15 00:57:22,279 [pool-229-thread-1] INFO  server.RaftServerConfigKeys (ConfUtils.java:logGet(43)) - raft.server.log.force.sync.num = 128 (default)
2019-11-15 00:57:22,279 [pool-229-thread-1] INFO  server.RaftServerConfigKeys (ConfUtils.java:logGet(43)) - raft.server.log.statemachine.data.sync = true (default)
2019-11-15 00:57:22,279 [pool-229-thread-1] INFO  server.RaftServerConfigKeys (ConfUtils.java:logGet(43)) - raft.server.log.statemachine.data.sync.timeout = 10s (default)
2019-11-15 00:57:22,279 [pool-229-thread-1] INFO  server.RaftServerConfigKeys (ConfUtils.java:logGet(43)) - raft.server.log.statemachine.data.sync.timeout.retry = -1 (default)
2019-11-15 00:57:22,280 [pool-229-thread-1] INFO  server.RaftServerConfigKeys (ConfUtils.java:logGet(43)) - raft.server.log.statemachine.data.caching.enabled = true (custom)
2019-11-15 00:57:22,280 [pool-229-thread-1] INFO  segmented.SegmentedRaftLogWorker (SegmentedRaftLogWorker.java:lambda$new$0(128)) - 8692cc3a-c5e2-4bd5-b878-b8217203f52e@group-F736BE448A28-SegmentedRaftLogWorker: flushIndex: setUnconditionally 0 -> -1
2019-11-15 00:57:22,280 [pool-229-thread-1] INFO  server.RaftServerConfigKeys (ConfUtils.java:logGet(43)) - raft.server.snapshot.auto.trigger.enabled = true (custom)
2019-11-15 00:57:22,280 [pool-229-thread-1] INFO  server.RaftServerConfigKeys (ConfUtils.java:logGet(43)) - raft.server.snapshot.auto.trigger.threshold = 10000 (custom)
2019-11-15 00:57:22,280 [pool-229-thread-1] INFO  server.RaftServerConfigKeys (ConfUtils.java:logGet(43)) - raft.server.snapshot.retention.file.num = 5 (custom)
2019-11-15 00:57:22,281 [pool-229-thread-1] INFO  server.RaftServerConfigKeys (ConfUtils.java:logGet(43)) - raft.server.retrycache.expirytime = 600000ms (custom)
2019-11-15 00:57:22,281 [pool-229-thread-1] WARN  impl.MetricRegistriesImpl (MetricRegistriesImpl.java:lambda$create$1(61)) - First MetricRegistry has been created without registering reporters. You may need to call MetricRegistries.global().addReportRegistration(...) before.
2019-11-15 00:57:22,281 [pool-229-thread-1] WARN  impl.MetricRegistriesImpl (MetricRegistriesImpl.java:lambda$create$1(61)) - First MetricRegistry has been created without registering reporters. You may need to call MetricRegistries.global().addReportRegistration(...) before.
2019-11-15 00:57:22,281 [pool-229-thread-1] INFO  impl.RaftServerImpl (RaftServerImpl.java:start(184)) - 8692cc3a-c5e2-4bd5-b878-b8217203f52e@group-F736BE448A28: start as a follower, conf=-1: [8692cc3a-c5e2-4bd5-b878-b8217203f52e:192.168.164.208:45622], old=null
2019-11-15 00:57:22,281 [pool-229-thread-1] INFO  impl.RaftServerImpl (RaftServerImpl.java:setRole(173)) - 8692cc3a-c5e2-4bd5-b878-b8217203f52e@group-F736BE448A28: changes role from      null to FOLLOWER at term 0 for startAsFollower
2019-11-15 00:57:22,281 [pool-229-thread-1] INFO  impl.RoleInfo (RoleInfo.java:updateAndGet(143)) - 8692cc3a-c5e2-4bd5-b878-b8217203f52e: start FollowerState
2019-11-15 00:57:22,281 [IPC Server handler 3 on 39845] INFO  net.NetworkTopology (NetworkTopologyImpl.java:add(111)) - Added a new node: /rack1/0bfc3546-5406-43b9-8d67-9a12bf5503d8
2019-11-15 00:57:22,282 [IPC Server handler 3 on 39845] INFO  node.SCMNodeManager (SCMNodeManager.java:register(267)) - Registered Data node : 0bfc3546-5406-43b9-8d67-9a12bf5503d8{ip: 192.168.164.208, host: pr-hdds-2442-bxv5b-1523879440, networkLocation: /rack1, certSerialId: null}
2019-11-15 00:57:22,282 [pool-229-thread-1] INFO  util.JmxRegister (JmxRegister.java:tryRegister(44)) - Successfully registered JMX Bean with object name Ratis:service=RaftServer,group=group-F736BE448A28,id=8692cc3a-c5e2-4bd5-b878-b8217203f52e
2019-11-15 00:57:22,282 [pool-229-thread-1] WARN  impl.MetricRegistriesImpl (MetricRegistriesImpl.java:lambda$create$1(61)) - First MetricRegistry has been created without registering reporters. You may need to call MetricRegistries.global().addReportRegistration(...) before.
2019-11-15 00:57:22,284 [RatisPipelineUtilsThread] INFO  pipeline.PipelineStateManager (PipelineStateManager.java:addPipeline(55)) - Created pipeline Pipeline[ Id: 90bf92a0-ffa1-4422-8abe-f736be448a28, Nodes: 8692cc3a-c5e2-4bd5-b878-b8217203f52e{ip: 192.168.164.208, host: pr-hdds-2442-bxv5b-1523879440, networkLocation: /rack1, certSerialId: null}, Type:RATIS, Factor:ONE, State:ALLOCATED]
2019-11-15 00:57:22,297 [grpc-default-executor-0] INFO  impl.RaftServerProxy (RaftServerProxy.java:addNew(89)) - 0bfc3546-5406-43b9-8d67-9a12bf5503d8: addNew group-DFC8554304F9:[0bfc3546-5406-43b9-8d67-9a12bf5503d8:192.168.164.208:37596] returns group-DFC8554304F9:java.util.concurrent.CompletableFuture@4d1993e9[Not completed]
2019-11-15 00:57:22,299 [pool-239-thread-1] INFO  impl.RaftServerImpl (RaftServerImpl.java:<init>(98)) - 0bfc3546-5406-43b9-8d67-9a12bf5503d8: new RaftServerImpl for group-DFC8554304F9:[0bfc3546-5406-43b9-8d67-9a12bf5503d8:192.168.164.208:37596] with ContainerStateMachine:uninitialized
2019-11-15 00:57:22,299 [pool-239-thread-1] INFO  server.RaftServerConfigKeys (ConfUtils.java:logGet(43)) - raft.server.rpc.timeout.min = 1s (custom)
2019-11-15 00:57:22,299 [pool-239-thread-1] INFO  server.RaftServerConfigKeys (ConfUtils.java:logGet(43)) - raft.server.rpc.timeout.max = 1200ms (custom)
2019-11-15 00:57:22,299 [pool-239-thread-1] INFO  server.RaftServerConfigKeys (ConfUtils.java:logGet(43)) - raft.server.rpcslowness.timeout = 120s (custom)
2019-11-15 00:57:22,299 [pool-239-thread-1] INFO  server.RaftServerConfigKeys (ConfUtils.java:logGet(43)) - raft.server.sleep.deviation.threshold = 300 (default)
2019-11-15 00:57:22,299 [pool-239-thread-1] INFO  server.RaftServerConfigKeys (ConfUtils.java:logGet(43)) - raft.server.log.appender.install.snapshot.enabled = false (custom)
2019-11-15 00:57:22,299 [pool-239-thread-1] INFO  impl.RaftServerImpl (ServerState.java:<init>(103)) - 0bfc3546-5406-43b9-8d67-9a12bf5503d8@group-DFC8554304F9: ConfigurationManager, init=-1: [0bfc3546-5406-43b9-8d67-9a12bf5503d8:192.168.164.208:37596], old=null, confs=<EMPTY_MAP>
2019-11-15 00:57:22,299 [pool-239-thread-1] INFO  server.RaftServerConfigKeys (ConfUtils.java:logGet(43)) - raft.server.storage.dir = [/workdir/hadoop-ozone/integration-test/target/test-dir/MiniOzoneClusterImpl-8fc52630-20fd-4955-97d1-2a2852f9ee58/datanode-9/data/ratis] (custom)
2019-11-15 00:57:22,300 [pool-239-thread-1] INFO  server.RaftServerConfigKeys (ConfUtils.java:logGet(43)) - raft.server.log.corruption.policy = EXCEPTION (default)
2019-11-15 00:57:22,300 [pool-239-thread-1] INFO  storage.RaftStorageDirectory (RaftStorageDirectory.java:analyzeStorage(246)) - The storage directory /workdir/hadoop-ozone/integration-test/target/test-dir/MiniOzoneClusterImpl-8fc52630-20fd-4955-97d1-2a2852f9ee58/datanode-9/data/ratis/ae628117-158c-48e7-993e-dfc8554304f9 does not exist. Creating ...
2019-11-15 00:57:22,312 [pool-239-thread-1] INFO  storage.RaftStorageDirectory (RaftStorageDirectory.java:tryLock(328)) - Lock on /workdir/hadoop-ozone/integration-test/target/test-dir/MiniOzoneClusterImpl-8fc52630-20fd-4955-97d1-2a2852f9ee58/datanode-9/data/ratis/ae628117-158c-48e7-993e-dfc8554304f9/in_use.lock acquired by nodename 16745@pr-hdds-2442-bxv5b-1523879440
2019-11-15 00:57:22,325 [pool-239-thread-1] INFO  storage.RaftStorage (RaftStorage.java:format(84)) - Storage directory /workdir/hadoop-ozone/integration-test/target/test-dir/MiniOzoneClusterImpl-8fc52630-20fd-4955-97d1-2a2852f9ee58/datanode-9/data/ratis/ae628117-158c-48e7-993e-dfc8554304f9 has been successfully formatted.
2019-11-15 00:57:22,325 [pool-239-thread-1] INFO  ratis.ContainerStateMachine (ContainerStateMachine.java:loadSnapshot(223)) - group-DFC8554304F9: The snapshot info is null. Setting the last applied indexto:(t:0, i:~)
2019-11-15 00:57:22,325 [pool-239-thread-1] INFO  server.RaftServerConfigKeys (ConfUtils.java:logGet(43)) - raft.server.notification.no-leader.timeout = 120s (custom)
2019-11-15 00:57:22,326 [pool-239-thread-1] INFO  server.RaftServerConfigKeys (ConfUtils.java:logGet(43)) - raft.server.log.use.memory = false (default)
2019-11-15 00:57:22,326 [pool-239-thread-1] INFO  server.RaftServerConfigKeys (ConfUtils.java:logGet(43)) - raft.server.log.purge.gap = 1000000 (custom)
2019-11-15 00:57:22,326 [pool-239-thread-1] INFO  server.RaftServerConfigKeys (ConfUtils.java:logGet(43)) - raft.server.log.appender.buffer.byte-limit = 33554432 (custom)
2019-11-15 00:57:22,326 [pool-239-thread-1] INFO  server.RaftServerConfigKeys (ConfUtils.java:logGet(43)) - raft.server.log.segment.size.max = 1048576 (custom)
2019-11-15 00:57:22,326 [pool-239-thread-1] WARN  impl.MetricRegistriesImpl (MetricRegistriesImpl.java:lambda$create$1(61)) - First MetricRegistry has been created without registering reporters. You may need to call MetricRegistries.global().addReportRegistration(...) before.
2019-11-15 00:57:22,327 [pool-239-thread-1] INFO  server.RaftServerConfigKeys (ConfUtils.java:logGet(43)) - raft.server.log.segment.cache.num.max = 2 (custom)
2019-11-15 00:57:22,327 [pool-239-thread-1] INFO  segmented.SegmentedRaftLogWorker (SegmentedRaftLogWorker.java:<init>(173)) - new 0bfc3546-5406-43b9-8d67-9a12bf5503d8@group-DFC8554304F9-SegmentedRaftLogWorker for RaftStorage:Storage Directory /workdir/hadoop-ozone/integration-test/target/test-dir/MiniOzoneClusterImpl-8fc52630-20fd-4955-97d1-2a2852f9ee58/datanode-9/data/ratis/ae628117-158c-48e7-993e-dfc8554304f9
2019-11-15 00:57:22,327 [pool-239-thread-1] INFO  server.RaftServerConfigKeys (ConfUtils.java:logGet(43)) - raft.server.log.queue.byte-limit = 2147483647 (custom)
2019-11-15 00:57:22,327 [pool-239-thread-1] INFO  server.RaftServerConfigKeys (ConfUtils.java:logGet(43)) - raft.server.log.queue.element-limit = 1024 (custom)
2019-11-15 00:57:22,327 [pool-239-thread-1] INFO  server.RaftServerConfigKeys (ConfUtils.java:logGet(43)) - raft.server.log.segment.size.max = 1048576 (custom)
2019-11-15 00:57:22,327 [pool-239-thread-1] INFO  server.RaftServerConfigKeys (ConfUtils.java:logGet(43)) - raft.server.log.preallocated.size = 16384 (custom)
2019-11-15 00:57:22,327 [pool-239-thread-1] INFO  server.RaftServerConfigKeys (ConfUtils.java:logGet(43)) - raft.server.log.write.buffer.size = 33554432 (custom)
2019-11-15 00:57:22,327 [pool-239-thread-1] INFO  server.RaftServerConfigKeys (ConfUtils.java:logGet(43)) - raft.server.log.force.sync.num = 128 (default)
2019-11-15 00:57:22,327 [pool-239-thread-1] INFO  server.RaftServerConfigKeys (ConfUtils.java:logGet(43)) - raft.server.log.statemachine.data.sync = true (default)
2019-11-15 00:57:22,328 [pool-239-thread-1] INFO  server.RaftServerConfigKeys (ConfUtils.java:logGet(43)) - raft.server.log.statemachine.data.sync.timeout = 10s (default)
2019-11-15 00:57:22,328 [pool-239-thread-1] INFO  server.RaftServerConfigKeys (ConfUtils.java:logGet(43)) - raft.server.log.statemachine.data.sync.timeout.retry = -1 (default)
2019-11-15 00:57:22,328 [pool-239-thread-1] INFO  server.RaftServerConfigKeys (ConfUtils.java:logGet(43)) - raft.server.log.statemachine.data.caching.enabled = true (custom)
2019-11-15 00:57:22,328 [pool-239-thread-1] INFO  segmented.SegmentedRaftLogWorker (SegmentedRaftLogWorker.java:lambda$new$0(128)) - 0bfc3546-5406-43b9-8d67-9a12bf5503d8@group-DFC8554304F9-SegmentedRaftLogWorker: flushIndex: setUnconditionally 0 -> -1
2019-11-15 00:57:22,329 [pool-239-thread-1] INFO  server.RaftServerConfigKeys (ConfUtils.java:logGet(43)) - raft.server.snapshot.auto.trigger.enabled = true (custom)
2019-11-15 00:57:22,329 [pool-239-thread-1] INFO  server.RaftServerConfigKeys (ConfUtils.java:logGet(43)) - raft.server.snapshot.auto.trigger.threshold = 10000 (custom)
2019-11-15 00:57:22,329 [pool-239-thread-1] INFO  server.RaftServerConfigKeys (ConfUtils.java:logGet(43)) - raft.server.snapshot.retention.file.num = 5 (custom)
2019-11-15 00:57:22,329 [pool-239-thread-1] INFO  server.RaftServerConfigKeys (ConfUtils.java:logGet(43)) - raft.server.retrycache.expirytime = 600000ms (custom)
2019-11-15 00:57:22,329 [pool-239-thread-1] WARN  impl.MetricRegistriesImpl (MetricRegistriesImpl.java:lambda$create$1(61)) - First MetricRegistry has been created without registering reporters. You may need to call MetricRegistries.global().addReportRegistration(...) before.
2019-11-15 00:57:22,329 [pool-239-thread-1] WARN  impl.MetricRegistriesImpl (MetricRegistriesImpl.java:lambda$create$1(61)) - First MetricRegistry has been created without registering reporters. You may need to call MetricRegistries.global().addReportRegistration(...) before.
2019-11-15 00:57:22,329 [pool-239-thread-1] INFO  impl.RaftServerImpl (RaftServerImpl.java:start(184)) - 0bfc3546-5406-43b9-8d67-9a12bf5503d8@group-DFC8554304F9: start as a follower, conf=-1: [0bfc3546-5406-43b9-8d67-9a12bf5503d8:192.168.164.208:37596], old=null
2019-11-15 00:57:22,330 [pool-239-thread-1] INFO  impl.RaftServerImpl (RaftServerImpl.java:setRole(173)) - 0bfc3546-5406-43b9-8d67-9a12bf5503d8@group-DFC8554304F9: changes role from      null to FOLLOWER at term 0 for startAsFollower
2019-11-15 00:57:22,330 [pool-239-thread-1] INFO  impl.RoleInfo (RoleInfo.java:updateAndGet(143)) - 0bfc3546-5406-43b9-8d67-9a12bf5503d8: start FollowerState
2019-11-15 00:57:22,330 [pool-239-thread-1] INFO  util.JmxRegister (JmxRegister.java:tryRegister(44)) - Successfully registered JMX Bean with object name Ratis:service=RaftServer,group=group-DFC8554304F9,id=0bfc3546-5406-43b9-8d67-9a12bf5503d8
2019-11-15 00:57:22,330 [pool-239-thread-1] WARN  impl.MetricRegistriesImpl (MetricRegistriesImpl.java:lambda$create$1(61)) - First MetricRegistry has been created without registering reporters. You may need to call MetricRegistries.global().addReportRegistration(...) before.
2019-11-15 00:57:22,333 [RatisPipelineUtilsThread] INFO  pipeline.PipelineStateManager (PipelineStateManager.java:addPipeline(55)) - Created pipeline Pipeline[ Id: ae628117-158c-48e7-993e-dfc8554304f9, Nodes: 0bfc3546-5406-43b9-8d67-9a12bf5503d8{ip: 192.168.164.208, host: pr-hdds-2442-bxv5b-1523879440, networkLocation: /rack1, certSerialId: null}, Type:RATIS, Factor:ONE, State:ALLOCATED]
2019-11-15 00:57:22,352 [grpc-default-executor-0] INFO  impl.RaftServerProxy (RaftServerProxy.java:addNew(89)) - efbac357-ca4e-4ee4-91b4-c654bf02dfcf: addNew group-01305F8CABE6:[0bfc3546-5406-43b9-8d67-9a12bf5503d8:192.168.164.208:37596, efbac357-ca4e-4ee4-91b4-c654bf02dfcf:192.168.164.208:33848, 8692cc3a-c5e2-4bd5-b878-b8217203f52e:192.168.164.208:45622] returns group-01305F8CABE6:java.util.concurrent.CompletableFuture@5a65b9a[Not completed]
2019-11-15 00:57:22,354 [grpc-default-executor-4] INFO  impl.RaftServerProxy (RaftServerProxy.java:addNew(89)) - 0bfc3546-5406-43b9-8d67-9a12bf5503d8: addNew group-01305F8CABE6:[0bfc3546-5406-43b9-8d67-9a12bf5503d8:192.168.164.208:37596, efbac357-ca4e-4ee4-91b4-c654bf02dfcf:192.168.164.208:33848, 8692cc3a-c5e2-4bd5-b878-b8217203f52e:192.168.164.208:45622] returns group-01305F8CABE6:java.util.concurrent.CompletableFuture@2396ae42[Not completed]
2019-11-15 00:57:22,354 [grpc-default-executor-5] INFO  impl.RaftServerProxy (RaftServerProxy.java:addNew(89)) - 8692cc3a-c5e2-4bd5-b878-b8217203f52e: addNew group-01305F8CABE6:[0bfc3546-5406-43b9-8d67-9a12bf5503d8:192.168.164.208:37596, efbac357-ca4e-4ee4-91b4-c654bf02dfcf:192.168.164.208:33848, 8692cc3a-c5e2-4bd5-b878-b8217203f52e:192.168.164.208:45622] returns group-01305F8CABE6:java.util.concurrent.CompletableFuture@75997e83[Not completed]
2019-11-15 00:57:22,356 [pool-209-thread-1] INFO  impl.RaftServerImpl (RaftServerImpl.java:<init>(98)) - efbac357-ca4e-4ee4-91b4-c654bf02dfcf: new RaftServerImpl for group-01305F8CABE6:[0bfc3546-5406-43b9-8d67-9a12bf5503d8:192.168.164.208:37596, efbac357-ca4e-4ee4-91b4-c654bf02dfcf:192.168.164.208:33848, 8692cc3a-c5e2-4bd5-b878-b8217203f52e:192.168.164.208:45622] with ContainerStateMachine:uninitialized
2019-11-15 00:57:22,356 [pool-209-thread-1] INFO  server.RaftServerConfigKeys (ConfUtils.java:logGet(43)) - raft.server.rpc.timeout.min = 1s (custom)
2019-11-15 00:57:22,356 [pool-209-thread-1] INFO  server.RaftServerConfigKeys (ConfUtils.java:logGet(43)) - raft.server.rpc.timeout.max = 1200ms (custom)
2019-11-15 00:57:22,357 [pool-209-thread-1] INFO  server.RaftServerConfigKeys (ConfUtils.java:logGet(43)) - raft.server.rpcslowness.timeout = 120s (custom)
2019-11-15 00:57:22,357 [pool-209-thread-1] INFO  server.RaftServerConfigKeys (ConfUtils.java:logGet(43)) - raft.server.sleep.deviation.threshold = 300 (default)
2019-11-15 00:57:22,357 [pool-209-thread-1] INFO  server.RaftServerConfigKeys (ConfUtils.java:logGet(43)) - raft.server.log.appender.install.snapshot.enabled = false (custom)
2019-11-15 00:57:22,357 [pool-209-thread-1] INFO  impl.RaftServerImpl (ServerState.java:<init>(103)) - efbac357-ca4e-4ee4-91b4-c654bf02dfcf@group-01305F8CABE6: ConfigurationManager, init=-1: [0bfc3546-5406-43b9-8d67-9a12bf5503d8:192.168.164.208:37596, efbac357-ca4e-4ee4-91b4-c654bf02dfcf:192.168.164.208:33848, 8692cc3a-c5e2-4bd5-b878-b8217203f52e:192.168.164.208:45622], old=null, confs=<EMPTY_MAP>
2019-11-15 00:57:22,357 [pool-229-thread-1] INFO  impl.RaftServerImpl (RaftServerImpl.java:<init>(98)) - 8692cc3a-c5e2-4bd5-b878-b8217203f52e: new RaftServerImpl for group-01305F8CABE6:[0bfc3546-5406-43b9-8d67-9a12bf5503d8:192.168.164.208:37596, efbac357-ca4e-4ee4-91b4-c654bf02dfcf:192.168.164.208:33848, 8692cc3a-c5e2-4bd5-b878-b8217203f52e:192.168.164.208:45622] with ContainerStateMachine:uninitialized
2019-11-15 00:57:22,357 [pool-229-thread-1] INFO  server.RaftServerConfigKeys (ConfUtils.java:logGet(43)) - raft.server.rpc.timeout.min = 1s (custom)
2019-11-15 00:57:22,357 [pool-209-thread-1] INFO  server.RaftServerConfigKeys (ConfUtils.java:logGet(43)) - raft.server.storage.dir = [/workdir/hadoop-ozone/integration-test/target/test-dir/MiniOzoneClusterImpl-8fc52630-20fd-4955-97d1-2a2852f9ee58/datanode-6/data/ratis] (custom)
2019-11-15 00:57:22,357 [pool-229-thread-1] INFO  server.RaftServerConfigKeys (ConfUtils.java:logGet(43)) - raft.server.rpc.timeout.max = 1200ms (custom)
2019-11-15 00:57:22,358 [pool-229-thread-1] INFO  server.RaftServerConfigKeys (ConfUtils.java:logGet(43)) - raft.server.rpcslowness.timeout = 120s (custom)
2019-11-15 00:57:22,358 [pool-229-thread-1] INFO  server.RaftServerConfigKeys (ConfUtils.java:logGet(43)) - raft.server.sleep.deviation.threshold = 300 (default)
2019-11-15 00:57:22,358 [pool-209-thread-1] INFO  server.RaftServerConfigKeys (ConfUtils.java:logGet(43)) - raft.server.log.corruption.policy = EXCEPTION (default)
2019-11-15 00:57:22,358 [pool-239-thread-1] INFO  impl.RaftServerImpl (RaftServerImpl.java:<init>(98)) - 0bfc3546-5406-43b9-8d67-9a12bf5503d8: new RaftServerImpl for group-01305F8CABE6:[0bfc3546-5406-43b9-8d67-9a12bf5503d8:192.168.164.208:37596, efbac357-ca4e-4ee4-91b4-c654bf02dfcf:192.168.164.208:33848, 8692cc3a-c5e2-4bd5-b878-b8217203f52e:192.168.164.208:45622] with ContainerStateMachine:uninitialized
2019-11-15 00:57:22,358 [pool-229-thread-1] INFO  server.RaftServerConfigKeys (ConfUtils.java:logGet(43)) - raft.server.log.appender.install.snapshot.enabled = false (custom)
2019-11-15 00:57:22,358 [pool-209-thread-1] INFO  storage.RaftStorageDirectory (RaftStorageDirectory.java:analyzeStorage(246)) - The storage directory /workdir/hadoop-ozone/integration-test/target/test-dir/MiniOzoneClusterImpl-8fc52630-20fd-4955-97d1-2a2852f9ee58/datanode-6/data/ratis/2c8819cd-230a-4946-80cb-01305f8cabe6 does not exist. Creating ...
2019-11-15 00:57:22,358 [pool-239-thread-1] INFO  server.RaftServerConfigKeys (ConfUtils.java:logGet(43)) - raft.server.rpc.timeout.min = 1s (custom)
2019-11-15 00:57:22,358 [pool-229-thread-1] INFO  impl.RaftServerImpl (ServerState.java:<init>(103)) - 8692cc3a-c5e2-4bd5-b878-b8217203f52e@group-01305F8CABE6: ConfigurationManager, init=-1: [0bfc3546-5406-43b9-8d67-9a12bf5503d8:192.168.164.208:37596, efbac357-ca4e-4ee4-91b4-c654bf02dfcf:192.168.164.208:33848, 8692cc3a-c5e2-4bd5-b878-b8217203f52e:192.168.164.208:45622], old=null, confs=<EMPTY_MAP>
2019-11-15 00:57:22,358 [pool-239-thread-1] INFO  server.RaftServerConfigKeys (ConfUtils.java:logGet(43)) - raft.server.rpc.timeout.max = 1200ms (custom)
2019-11-15 00:57:22,359 [pool-229-thread-1] INFO  server.RaftServerConfigKeys (ConfUtils.java:logGet(43)) - raft.server.storage.dir = [/workdir/hadoop-ozone/integration-test/target/test-dir/MiniOzoneClusterImpl-8fc52630-20fd-4955-97d1-2a2852f9ee58/datanode-8/data/ratis] (custom)
2019-11-15 00:57:22,359 [pool-239-thread-1] INFO  server.RaftServerConfigKeys (ConfUtils.java:logGet(43)) - raft.server.rpcslowness.timeout = 120s (custom)
2019-11-15 00:57:22,359 [pool-239-thread-1] INFO  server.RaftServerConfigKeys (ConfUtils.java:logGet(43)) - raft.server.sleep.deviation.threshold = 300 (default)
2019-11-15 00:57:22,359 [pool-239-thread-1] INFO  server.RaftServerConfigKeys (ConfUtils.java:logGet(43)) - raft.server.log.appender.install.snapshot.enabled = false (custom)
2019-11-15 00:57:22,359 [pool-229-thread-1] INFO  server.RaftServerConfigKeys (ConfUtils.java:logGet(43)) - raft.server.log.corruption.policy = EXCEPTION (default)
2019-11-15 00:57:22,359 [pool-239-thread-1] INFO  impl.RaftServerImpl (ServerState.java:<init>(103)) - 0bfc3546-5406-43b9-8d67-9a12bf5503d8@group-01305F8CABE6: ConfigurationManager, init=-1: [0bfc3546-5406-43b9-8d67-9a12bf5503d8:192.168.164.208:37596, efbac357-ca4e-4ee4-91b4-c654bf02dfcf:192.168.164.208:33848, 8692cc3a-c5e2-4bd5-b878-b8217203f52e:192.168.164.208:45622], old=null, confs=<EMPTY_MAP>
2019-11-15 00:57:22,359 [pool-229-thread-1] INFO  storage.RaftStorageDirectory (RaftStorageDirectory.java:analyzeStorage(246)) - The storage directory /workdir/hadoop-ozone/integration-test/target/test-dir/MiniOzoneClusterImpl-8fc52630-20fd-4955-97d1-2a2852f9ee58/datanode-8/data/ratis/2c8819cd-230a-4946-80cb-01305f8cabe6 does not exist. Creating ...
2019-11-15 00:57:22,359 [pool-239-thread-1] INFO  server.RaftServerConfigKeys (ConfUtils.java:logGet(43)) - raft.server.storage.dir = [/workdir/hadoop-ozone/integration-test/target/test-dir/MiniOzoneClusterImpl-8fc52630-20fd-4955-97d1-2a2852f9ee58/datanode-9/data/ratis] (custom)
2019-11-15 00:57:22,359 [pool-239-thread-1] INFO  server.RaftServerConfigKeys (ConfUtils.java:logGet(43)) - raft.server.log.corruption.policy = EXCEPTION (default)
2019-11-15 00:57:22,360 [pool-239-thread-1] INFO  storage.RaftStorageDirectory (RaftStorageDirectory.java:analyzeStorage(246)) - The storage directory /workdir/hadoop-ozone/integration-test/target/test-dir/MiniOzoneClusterImpl-8fc52630-20fd-4955-97d1-2a2852f9ee58/datanode-9/data/ratis/2c8819cd-230a-4946-80cb-01305f8cabe6 does not exist. Creating ...
2019-11-15 00:57:22,372 [pool-229-thread-1] INFO  storage.RaftStorageDirectory (RaftStorageDirectory.java:tryLock(328)) - Lock on /workdir/hadoop-ozone/integration-test/target/test-dir/MiniOzoneClusterImpl-8fc52630-20fd-4955-97d1-2a2852f9ee58/datanode-8/data/ratis/2c8819cd-230a-4946-80cb-01305f8cabe6/in_use.lock acquired by nodename 16745@pr-hdds-2442-bxv5b-1523879440
2019-11-15 00:57:22,372 [pool-209-thread-1] INFO  storage.RaftStorageDirectory (RaftStorageDirectory.java:tryLock(328)) - Lock on /workdir/hadoop-ozone/integration-test/target/test-dir/MiniOzoneClusterImpl-8fc52630-20fd-4955-97d1-2a2852f9ee58/datanode-6/data/ratis/2c8819cd-230a-4946-80cb-01305f8cabe6/in_use.lock acquired by nodename 16745@pr-hdds-2442-bxv5b-1523879440
2019-11-15 00:57:22,372 [pool-239-thread-1] INFO  storage.RaftStorageDirectory (RaftStorageDirectory.java:tryLock(328)) - Lock on /workdir/hadoop-ozone/integration-test/target/test-dir/MiniOzoneClusterImpl-8fc52630-20fd-4955-97d1-2a2852f9ee58/datanode-9/data/ratis/2c8819cd-230a-4946-80cb-01305f8cabe6/in_use.lock acquired by nodename 16745@pr-hdds-2442-bxv5b-1523879440
2019-11-15 00:57:22,386 [pool-229-thread-1] INFO  storage.RaftStorage (RaftStorage.java:format(84)) - Storage directory /workdir/hadoop-ozone/integration-test/target/test-dir/MiniOzoneClusterImpl-8fc52630-20fd-4955-97d1-2a2852f9ee58/datanode-8/data/ratis/2c8819cd-230a-4946-80cb-01305f8cabe6 has been successfully formatted.
2019-11-15 00:57:22,386 [pool-209-thread-1] INFO  storage.RaftStorage (RaftStorage.java:format(84)) - Storage directory /workdir/hadoop-ozone/integration-test/target/test-dir/MiniOzoneClusterImpl-8fc52630-20fd-4955-97d1-2a2852f9ee58/datanode-6/data/ratis/2c8819cd-230a-4946-80cb-01305f8cabe6 has been successfully formatted.
2019-11-15 00:57:22,386 [pool-239-thread-1] INFO  storage.RaftStorage (RaftStorage.java:format(84)) - Storage directory /workdir/hadoop-ozone/integration-test/target/test-dir/MiniOzoneClusterImpl-8fc52630-20fd-4955-97d1-2a2852f9ee58/datanode-9/data/ratis/2c8819cd-230a-4946-80cb-01305f8cabe6 has been successfully formatted.
2019-11-15 00:57:22,386 [pool-209-thread-1] INFO  ratis.ContainerStateMachine (ContainerStateMachine.java:loadSnapshot(223)) - group-01305F8CABE6: The snapshot info is null. Setting the last applied indexto:(t:0, i:~)
2019-11-15 00:57:22,386 [pool-239-thread-1] INFO  ratis.ContainerStateMachine (ContainerStateMachine.java:loadSnapshot(223)) - group-01305F8CABE6: The snapshot info is null. Setting the last applied indexto:(t:0, i:~)
2019-11-15 00:57:22,386 [pool-229-thread-1] INFO  ratis.ContainerStateMachine (ContainerStateMachine.java:loadSnapshot(223)) - group-01305F8CABE6: The snapshot info is null. Setting the last applied indexto:(t:0, i:~)
2019-11-15 00:57:22,386 [pool-239-thread-1] INFO  server.RaftServerConfigKeys (ConfUtils.java:logGet(43)) - raft.server.notification.no-leader.timeout = 120s (custom)
2019-11-15 00:57:22,386 [pool-209-thread-1] INFO  server.RaftServerConfigKeys (ConfUtils.java:logGet(43)) - raft.server.notification.no-leader.timeout = 120s (custom)
2019-11-15 00:57:22,387 [pool-239-thread-1] INFO  server.RaftServerConfigKeys (ConfUtils.java:logGet(43)) - raft.server.log.use.memory = false (default)
2019-11-15 00:57:22,386 [pool-229-thread-1] INFO  server.RaftServerConfigKeys (ConfUtils.java:logGet(43)) - raft.server.notification.no-leader.timeout = 120s (custom)
2019-11-15 00:57:22,387 [pool-239-thread-1] INFO  server.RaftServerConfigKeys (ConfUtils.java:logGet(43)) - raft.server.log.purge.gap = 1000000 (custom)
2019-11-15 00:57:22,387 [pool-209-thread-1] INFO  server.RaftServerConfigKeys (ConfUtils.java:logGet(43)) - raft.server.log.use.memory = false (default)
2019-11-15 00:57:22,387 [pool-239-thread-1] INFO  server.RaftServerConfigKeys (ConfUtils.java:logGet(43)) - raft.server.log.appender.buffer.byte-limit = 33554432 (custom)
2019-11-15 00:57:22,387 [pool-229-thread-1] INFO  server.RaftServerConfigKeys (ConfUtils.java:logGet(43)) - raft.server.log.use.memory = false (default)
2019-11-15 00:57:22,387 [pool-239-thread-1] INFO  server.RaftServerConfigKeys (ConfUtils.java:logGet(43)) - raft.server.log.segment.size.max = 1048576 (custom)
2019-11-15 00:57:22,387 [pool-209-thread-1] INFO  server.RaftServerConfigKeys (ConfUtils.java:logGet(43)) - raft.server.log.purge.gap = 1000000 (custom)
2019-11-15 00:57:22,388 [pool-239-thread-1] INFO  server.RaftServerConfigKeys (ConfUtils.java:logGet(43)) - raft.server.log.segment.cache.num.max = 2 (custom)
2019-11-15 00:57:22,387 [pool-229-thread-1] INFO  server.RaftServerConfigKeys (ConfUtils.java:logGet(43)) - raft.server.log.purge.gap = 1000000 (custom)
2019-11-15 00:57:22,388 [pool-239-thread-1] INFO  segmented.SegmentedRaftLogWorker (SegmentedRaftLogWorker.java:<init>(173)) - new 0bfc3546-5406-43b9-8d67-9a12bf5503d8@group-01305F8CABE6-SegmentedRaftLogWorker for RaftStorage:Storage Directory /workdir/hadoop-ozone/integration-test/target/test-dir/MiniOzoneClusterImpl-8fc52630-20fd-4955-97d1-2a2852f9ee58/datanode-9/data/ratis/2c8819cd-230a-4946-80cb-01305f8cabe6
2019-11-15 00:57:22,388 [pool-209-thread-1] INFO  server.RaftServerConfigKeys (ConfUtils.java:logGet(43)) - raft.server.log.appender.buffer.byte-limit = 33554432 (custom)
2019-11-15 00:57:22,388 [pool-239-thread-1] INFO  server.RaftServerConfigKeys (ConfUtils.java:logGet(43)) - raft.server.log.queue.byte-limit = 2147483647 (custom)
2019-11-15 00:57:22,388 [pool-229-thread-1] INFO  server.RaftServerConfigKeys (ConfUtils.java:logGet(43)) - raft.server.log.appender.buffer.byte-limit = 33554432 (custom)
2019-11-15 00:57:22,388 [pool-239-thread-1] INFO  server.RaftServerConfigKeys (ConfUtils.java:logGet(43)) - raft.server.log.queue.element-limit = 1024 (custom)
2019-11-15 00:57:22,388 [pool-209-thread-1] INFO  server.RaftServerConfigKeys (ConfUtils.java:logGet(43)) - raft.server.log.segment.size.max = 1048576 (custom)
2019-11-15 00:57:22,389 [pool-239-thread-1] INFO  server.RaftServerConfigKeys (ConfUtils.java:logGet(43)) - raft.server.log.segment.size.max = 1048576 (custom)
2019-11-15 00:57:22,389 [pool-239-thread-1] INFO  server.RaftServerConfigKeys (ConfUtils.java:logGet(43)) - raft.server.log.preallocated.size = 16384 (custom)
2019-11-15 00:57:22,388 [pool-229-thread-1] INFO  server.RaftServerConfigKeys (ConfUtils.java:logGet(43)) - raft.server.log.segment.size.max = 1048576 (custom)
2019-11-15 00:57:22,389 [pool-239-thread-1] INFO  server.RaftServerConfigKeys (ConfUtils.java:logGet(43)) - raft.server.log.write.buffer.size = 33554432 (custom)
2019-11-15 00:57:22,389 [pool-209-thread-1] INFO  server.RaftServerConfigKeys (ConfUtils.java:logGet(43)) - raft.server.log.segment.cache.num.max = 2 (custom)
2019-11-15 00:57:22,389 [pool-239-thread-1] INFO  server.RaftServerConfigKeys (ConfUtils.java:logGet(43)) - raft.server.log.force.sync.num = 128 (default)
2019-11-15 00:57:22,389 [pool-229-thread-1] INFO  server.RaftServerConfigKeys (ConfUtils.java:logGet(43)) - raft.server.log.segment.cache.num.max = 2 (custom)
2019-11-15 00:57:22,390 [pool-239-thread-1] INFO  server.RaftServerConfigKeys (ConfUtils.java:logGet(43)) - raft.server.log.statemachine.data.sync = true (default)
2019-11-15 00:57:22,389 [pool-209-thread-1] INFO  segmented.SegmentedRaftLogWorker (SegmentedRaftLogWorker.java:<init>(173)) - new efbac357-ca4e-4ee4-91b4-c654bf02dfcf@group-01305F8CABE6-SegmentedRaftLogWorker for RaftStorage:Storage Directory /workdir/hadoop-ozone/integration-test/target/test-dir/MiniOzoneClusterImpl-8fc52630-20fd-4955-97d1-2a2852f9ee58/datanode-6/data/ratis/2c8819cd-230a-4946-80cb-01305f8cabe6
2019-11-15 00:57:22,390 [pool-239-thread-1] INFO  server.RaftServerConfigKeys (ConfUtils.java:logGet(43)) - raft.server.log.statemachine.data.sync.timeout = 10s (default)
2019-11-15 00:57:22,390 [pool-229-thread-1] INFO  segmented.SegmentedRaftLogWorker (SegmentedRaftLogWorker.java:<init>(173)) - new 8692cc3a-c5e2-4bd5-b878-b8217203f52e@group-01305F8CABE6-SegmentedRaftLogWorker for RaftStorage:Storage Directory /workdir/hadoop-ozone/integration-test/target/test-dir/MiniOzoneClusterImpl-8fc52630-20fd-4955-97d1-2a2852f9ee58/datanode-8/data/ratis/2c8819cd-230a-4946-80cb-01305f8cabe6
2019-11-15 00:57:22,390 [pool-239-thread-1] INFO  server.RaftServerConfigKeys (ConfUtils.java:logGet(43)) - raft.server.log.statemachine.data.sync.timeout.retry = -1 (default)
2019-11-15 00:57:22,390 [pool-209-thread-1] INFO  server.RaftServerConfigKeys (ConfUtils.java:logGet(43)) - raft.server.log.queue.byte-limit = 2147483647 (custom)
2019-11-15 00:57:22,391 [pool-239-thread-1] INFO  server.RaftServerConfigKeys (ConfUtils.java:logGet(43)) - raft.server.log.statemachine.data.caching.enabled = true (custom)
2019-11-15 00:57:22,390 [pool-229-thread-1] INFO  server.RaftServerConfigKeys (ConfUtils.java:logGet(43)) - raft.server.log.queue.byte-limit = 2147483647 (custom)
2019-11-15 00:57:22,391 [pool-209-thread-1] INFO  server.RaftServerConfigKeys (ConfUtils.java:logGet(43)) - raft.server.log.queue.element-limit = 1024 (custom)
2019-11-15 00:57:22,391 [pool-229-thread-1] INFO  server.RaftServerConfigKeys (ConfUtils.java:logGet(43)) - raft.server.log.queue.element-limit = 1024 (custom)
2019-11-15 00:57:22,391 [pool-239-thread-1] INFO  segmented.SegmentedRaftLogWorker (SegmentedRaftLogWorker.java:lambda$new$0(128)) - 0bfc3546-5406-43b9-8d67-9a12bf5503d8@group-01305F8CABE6-SegmentedRaftLogWorker: flushIndex: setUnconditionally 0 -> -1
2019-11-15 00:57:22,391 [pool-209-thread-1] INFO  server.RaftServerConfigKeys (ConfUtils.java:logGet(43)) - raft.server.log.segment.size.max = 1048576 (custom)
2019-11-15 00:57:22,391 [pool-229-thread-1] INFO  server.RaftServerConfigKeys (ConfUtils.java:logGet(43)) - raft.server.log.segment.size.max = 1048576 (custom)
2019-11-15 00:57:22,391 [pool-239-thread-1] INFO  server.RaftServerConfigKeys (ConfUtils.java:logGet(43)) - raft.server.snapshot.auto.trigger.enabled = true (custom)
2019-11-15 00:57:22,391 [pool-209-thread-1] INFO  server.RaftServerConfigKeys (ConfUtils.java:logGet(43)) - raft.server.log.preallocated.size = 16384 (custom)
2019-11-15 00:57:22,392 [pool-239-thread-1] INFO  server.RaftServerConfigKeys (ConfUtils.java:logGet(43)) - raft.server.snapshot.auto.trigger.threshold = 10000 (custom)
2019-11-15 00:57:22,391 [pool-229-thread-1] INFO  server.RaftServerConfigKeys (ConfUtils.java:logGet(43)) - raft.server.log.preallocated.size = 16384 (custom)
2019-11-15 00:57:22,392 [pool-239-thread-1] INFO  server.RaftServerConfigKeys (ConfUtils.java:logGet(43)) - raft.server.snapshot.retention.file.num = 5 (custom)
2019-11-15 00:57:22,392 [pool-209-thread-1] INFO  server.RaftServerConfigKeys (ConfUtils.java:logGet(43)) - raft.server.log.write.buffer.size = 33554432 (custom)
2019-11-15 00:57:22,392 [pool-239-thread-1] INFO  server.RaftServerConfigKeys (ConfUtils.java:logGet(43)) - raft.server.retrycache.expirytime = 600000ms (custom)
2019-11-15 00:57:22,392 [pool-229-thread-1] INFO  server.RaftServerConfigKeys (ConfUtils.java:logGet(43)) - raft.server.log.write.buffer.size = 33554432 (custom)
2019-11-15 00:57:22,392 [pool-209-thread-1] INFO  server.RaftServerConfigKeys (ConfUtils.java:logGet(43)) - raft.server.log.force.sync.num = 128 (default)
2019-11-15 00:57:22,392 [pool-239-thread-1] WARN  impl.MetricRegistriesImpl (MetricRegistriesImpl.java:lambda$create$1(61)) - First MetricRegistry has been created without registering reporters. You may need to call MetricRegistries.global().addReportRegistration(...) before.
2019-11-15 00:57:22,392 [pool-229-thread-1] INFO  server.RaftServerConfigKeys (ConfUtils.java:logGet(43)) - raft.server.log.force.sync.num = 128 (default)
2019-11-15 00:57:22,393 [pool-239-thread-1] WARN  impl.MetricRegistriesImpl (MetricRegistriesImpl.java:lambda$create$1(61)) - First MetricRegistry has been created without registering reporters. You may need to call MetricRegistries.global().addReportRegistration(...) before.
2019-11-15 00:57:22,393 [pool-209-thread-1] INFO  server.RaftServerConfigKeys (ConfUtils.java:logGet(43)) - raft.server.log.statemachine.data.sync = true (default)
2019-11-15 00:57:22,393 [pool-229-thread-1] INFO  server.RaftServerConfigKeys (ConfUtils.java:logGet(43)) - raft.server.log.statemachine.data.sync = true (default)
2019-11-15 00:57:22,393 [pool-239-thread-1] INFO  impl.RaftServerImpl (RaftServerImpl.java:start(184)) - 0bfc3546-5406-43b9-8d67-9a12bf5503d8@group-01305F8CABE6: start as a follower, conf=-1: [0bfc3546-5406-43b9-8d67-9a12bf5503d8:192.168.164.208:37596, efbac357-ca4e-4ee4-91b4-c654bf02dfcf:192.168.164.208:33848, 8692cc3a-c5e2-4bd5-b878-b8217203f52e:192.168.164.208:45622], old=null
2019-11-15 00:57:22,393 [pool-209-thread-1] INFO  server.RaftServerConfigKeys (ConfUtils.java:logGet(43)) - raft.server.log.statemachine.data.sync.timeout = 10s (default)
2019-11-15 00:57:22,393 [pool-239-thread-1] INFO  impl.RaftServerImpl (RaftServerImpl.java:setRole(173)) - 0bfc3546-5406-43b9-8d67-9a12bf5503d8@group-01305F8CABE6: changes role from      null to FOLLOWER at term 0 for startAsFollower
2019-11-15 00:57:22,393 [pool-229-thread-1] INFO  server.RaftServerConfigKeys (ConfUtils.java:logGet(43)) - raft.server.log.statemachine.data.sync.timeout = 10s (default)
2019-11-15 00:57:22,394 [pool-239-thread-1] INFO  impl.RoleInfo (RoleInfo.java:updateAndGet(143)) - 0bfc3546-5406-43b9-8d67-9a12bf5503d8: start FollowerState
2019-11-15 00:57:22,394 [pool-209-thread-1] INFO  server.RaftServerConfigKeys (ConfUtils.java:logGet(43)) - raft.server.log.statemachine.data.sync.timeout.retry = -1 (default)
2019-11-15 00:57:22,394 [pool-229-thread-1] INFO  server.RaftServerConfigKeys (ConfUtils.java:logGet(43)) - raft.server.log.statemachine.data.sync.timeout.retry = -1 (default)
2019-11-15 00:57:22,394 [pool-209-thread-1] INFO  server.RaftServerConfigKeys (ConfUtils.java:logGet(43)) - raft.server.log.statemachine.data.caching.enabled = true (custom)
2019-11-15 00:57:22,394 [pool-229-thread-1] INFO  server.RaftServerConfigKeys (ConfUtils.java:logGet(43)) - raft.server.log.statemachine.data.caching.enabled = true (custom)
2019-11-15 00:57:22,394 [pool-239-thread-1] INFO  util.JmxRegister (JmxRegister.java:tryRegister(44)) - Successfully registered JMX Bean with object name Ratis:service=RaftServer,group=group-01305F8CABE6,id=0bfc3546-5406-43b9-8d67-9a12bf5503d8
2019-11-15 00:57:22,395 [pool-209-thread-1] INFO  segmented.SegmentedRaftLogWorker (SegmentedRaftLogWorker.java:lambda$new$0(128)) - efbac357-ca4e-4ee4-91b4-c654bf02dfcf@group-01305F8CABE6-SegmentedRaftLogWorker: flushIndex: setUnconditionally 0 -> -1
2019-11-15 00:57:22,395 [pool-229-thread-1] INFO  segmented.SegmentedRaftLogWorker (SegmentedRaftLogWorker.java:lambda$new$0(128)) - 8692cc3a-c5e2-4bd5-b878-b8217203f52e@group-01305F8CABE6-SegmentedRaftLogWorker: flushIndex: setUnconditionally 0 -> -1
2019-11-15 00:57:22,395 [pool-239-thread-1] WARN  impl.MetricRegistriesImpl (MetricRegistriesImpl.java:lambda$create$1(61)) - First MetricRegistry has been created without registering reporters. You may need to call MetricRegistries.global().addReportRegistration(...) before.
2019-11-15 00:57:22,395 [pool-209-thread-1] INFO  server.RaftServerConfigKeys (ConfUtils.java:logGet(43)) - raft.server.snapshot.auto.trigger.enabled = true (custom)
2019-11-15 00:57:22,395 [pool-209-thread-1] INFO  server.RaftServerConfigKeys (ConfUtils.java:logGet(43)) - raft.server.snapshot.auto.trigger.threshold = 10000 (custom)
2019-11-15 00:57:22,395 [pool-229-thread-1] INFO  server.RaftServerConfigKeys (ConfUtils.java:logGet(43)) - raft.server.snapshot.auto.trigger.enabled = true (custom)
2019-11-15 00:57:22,395 [pool-209-thread-1] INFO  server.RaftServerConfigKeys (ConfUtils.java:logGet(43)) - raft.server.snapshot.retention.file.num = 5 (custom)
2019-11-15 00:57:22,395 [pool-229-thread-1] INFO  server.RaftServerConfigKeys (ConfUtils.java:logGet(43)) - raft.server.snapshot.auto.trigger.threshold = 10000 (custom)
2019-11-15 00:57:22,396 [pool-229-thread-1] INFO  server.RaftServerConfigKeys (ConfUtils.java:logGet(43)) - raft.server.snapshot.retention.file.num = 5 (custom)
2019-11-15 00:57:22,396 [pool-209-thread-1] INFO  server.RaftServerConfigKeys (ConfUtils.java:logGet(43)) - raft.server.retrycache.expirytime = 600000ms (custom)
2019-11-15 00:57:22,396 [pool-229-thread-1] INFO  server.RaftServerConfigKeys (ConfUtils.java:logGet(43)) - raft.server.retrycache.expirytime = 600000ms (custom)
2019-11-15 00:57:22,396 [pool-209-thread-1] WARN  impl.MetricRegistriesImpl (MetricRegistriesImpl.java:lambda$create$1(61)) - First MetricRegistry has been created without registering reporters. You may need to call MetricRegistries.global().addReportRegistration(...) before.
2019-11-15 00:57:22,396 [pool-229-thread-1] WARN  impl.MetricRegistriesImpl (MetricRegistriesImpl.java:lambda$create$1(61)) - First MetricRegistry has been created without registering reporters. You may need to call MetricRegistries.global().addReportRegistration(...) before.
2019-11-15 00:57:22,396 [pool-209-thread-1] WARN  impl.MetricRegistriesImpl (MetricRegistriesImpl.java:lambda$create$1(61)) - First MetricRegistry has been created without registering reporters. You may need to call MetricRegistries.global().addReportRegistration(...) before.
2019-11-15 00:57:22,396 [pool-229-thread-1] WARN  impl.MetricRegistriesImpl (MetricRegistriesImpl.java:lambda$create$1(61)) - First MetricRegistry has been created without registering reporters. You may need to call MetricRegistries.global().addReportRegistration(...) before.
2019-11-15 00:57:22,396 [pool-209-thread-1] INFO  impl.RaftServerImpl (RaftServerImpl.java:start(184)) - efbac357-ca4e-4ee4-91b4-c654bf02dfcf@group-01305F8CABE6: start as a follower, conf=-1: [0bfc3546-5406-43b9-8d67-9a12bf5503d8:192.168.164.208:37596, efbac357-ca4e-4ee4-91b4-c654bf02dfcf:192.168.164.208:33848, 8692cc3a-c5e2-4bd5-b878-b8217203f52e:192.168.164.208:45622], old=null
2019-11-15 00:57:22,396 [pool-229-thread-1] INFO  impl.RaftServerImpl (RaftServerImpl.java:start(184)) - 8692cc3a-c5e2-4bd5-b878-b8217203f52e@group-01305F8CABE6: start as a follower, conf=-1: [0bfc3546-5406-43b9-8d67-9a12bf5503d8:192.168.164.208:37596, efbac357-ca4e-4ee4-91b4-c654bf02dfcf:192.168.164.208:33848, 8692cc3a-c5e2-4bd5-b878-b8217203f52e:192.168.164.208:45622], old=null
2019-11-15 00:57:22,396 [pool-209-thread-1] INFO  impl.RaftServerImpl (RaftServerImpl.java:setRole(173)) - efbac357-ca4e-4ee4-91b4-c654bf02dfcf@group-01305F8CABE6: changes role from      null to FOLLOWER at term 0 for startAsFollower
2019-11-15 00:57:22,397 [pool-229-thread-1] INFO  impl.RaftServerImpl (RaftServerImpl.java:setRole(173)) - 8692cc3a-c5e2-4bd5-b878-b8217203f52e@group-01305F8CABE6: changes role from      null to FOLLOWER at term 0 for startAsFollower
2019-11-15 00:57:22,397 [pool-209-thread-1] INFO  impl.RoleInfo (RoleInfo.java:updateAndGet(143)) - efbac357-ca4e-4ee4-91b4-c654bf02dfcf: start FollowerState
2019-11-15 00:57:22,397 [pool-229-thread-1] INFO  impl.RoleInfo (RoleInfo.java:updateAndGet(143)) - 8692cc3a-c5e2-4bd5-b878-b8217203f52e: start FollowerState
2019-11-15 00:57:22,397 [pool-209-thread-1] INFO  util.JmxRegister (JmxRegister.java:tryRegister(44)) - Successfully registered JMX Bean with object name Ratis:service=RaftServer,group=group-01305F8CABE6,id=efbac357-ca4e-4ee4-91b4-c654bf02dfcf
2019-11-15 00:57:22,397 [pool-229-thread-1] INFO  util.JmxRegister (JmxRegister.java:tryRegister(44)) - Successfully registered JMX Bean with object name Ratis:service=RaftServer,group=group-01305F8CABE6,id=8692cc3a-c5e2-4bd5-b878-b8217203f52e
2019-11-15 00:57:22,397 [pool-209-thread-1] WARN  impl.MetricRegistriesImpl (MetricRegistriesImpl.java:lambda$create$1(61)) - First MetricRegistry has been created without registering reporters. You may need to call MetricRegistries.global().addReportRegistration(...) before.
2019-11-15 00:57:22,397 [pool-229-thread-1] WARN  impl.MetricRegistriesImpl (MetricRegistriesImpl.java:lambda$create$1(61)) - First MetricRegistry has been created without registering reporters. You may need to call MetricRegistries.global().addReportRegistration(...) before.
2019-11-15 00:57:22,401 [RatisPipelineUtilsThread] INFO  pipeline.PipelineStateManager (PipelineStateManager.java:addPipeline(55)) - Created pipeline Pipeline[ Id: 2c8819cd-230a-4946-80cb-01305f8cabe6, Nodes: efbac357-ca4e-4ee4-91b4-c654bf02dfcf{ip: 192.168.164.208, host: pr-hdds-2442-bxv5b-1523879440, networkLocation: /rack1, certSerialId: null}8692cc3a-c5e2-4bd5-b878-b8217203f52e{ip: 192.168.164.208, host: pr-hdds-2442-bxv5b-1523879440, networkLocation: /rack1, certSerialId: null}0bfc3546-5406-43b9-8d67-9a12bf5503d8{ip: 192.168.164.208, host: pr-hdds-2442-bxv5b-1523879440, networkLocation: /rack1, certSerialId: null}, Type:RATIS, Factor:THREE, State:ALLOCATED]
2019-11-15 00:57:22,403 [main] INFO  ozone.MiniOzoneClusterImpl (MiniOzoneClusterImpl.java:lambda$waitForClusterToBeReady$2(163)) - Waiting for 13 number of pipelines out of 13, to report a leader.
2019-11-15 00:57:22,830 [Thread-1311] INFO  impl.FollowerState (FollowerState.java:run(111)) - eccb109f-99d1-4501-bb16-6ecf49b3cdca@group-577B6C10EF4B-FollowerState: change to CANDIDATE, lastRpcTime:1124ms, electionTimeout:1124ms
2019-11-15 00:57:22,839 [Thread-1311] INFO  impl.RoleInfo (RoleInfo.java:shutdownFollowerState(121)) - eccb109f-99d1-4501-bb16-6ecf49b3cdca: shutdown FollowerState
2019-11-15 00:57:22,840 [Thread-1311] INFO  impl.RaftServerImpl (RaftServerImpl.java:setRole(173)) - eccb109f-99d1-4501-bb16-6ecf49b3cdca@group-577B6C10EF4B: changes role from  FOLLOWER to CANDIDATE at term 0 for changeToCandidate
2019-11-15 00:57:22,840 [Thread-1311] INFO  impl.RoleInfo (RoleInfo.java:updateAndGet(143)) - eccb109f-99d1-4501-bb16-6ecf49b3cdca: start LeaderElection
2019-11-15 00:57:22,860 [eccb109f-99d1-4501-bb16-6ecf49b3cdca@group-577B6C10EF4B-LeaderElection25] INFO  impl.LeaderElection (LeaderElection.java:askForVotes(178)) - eccb109f-99d1-4501-bb16-6ecf49b3cdca@group-577B6C10EF4B-LeaderElection25: begin an election at term 1 for -1: [eccb109f-99d1-4501-bb16-6ecf49b3cdca:192.168.164.208:44076], old=null
2019-11-15 00:57:22,860 [eccb109f-99d1-4501-bb16-6ecf49b3cdca@group-577B6C10EF4B-LeaderElection25] INFO  impl.RoleInfo (RoleInfo.java:shutdownLeaderElection(134)) - eccb109f-99d1-4501-bb16-6ecf49b3cdca: shutdown LeaderElection
2019-11-15 00:57:22,861 [eccb109f-99d1-4501-bb16-6ecf49b3cdca@group-577B6C10EF4B-LeaderElection25] INFO  impl.RaftServerImpl (RaftServerImpl.java:setRole(173)) - eccb109f-99d1-4501-bb16-6ecf49b3cdca@group-577B6C10EF4B: changes role from CANDIDATE to LEADER at term 1 for changeToLeader
2019-11-15 00:57:22,861 [eccb109f-99d1-4501-bb16-6ecf49b3cdca@group-577B6C10EF4B-LeaderElection25] INFO  ratis.XceiverServerRatis (XceiverServerRatis.java:handleLeaderChangedNotification(697)) - Leader change notification received for group: group-577B6C10EF4B with new leaderId: eccb109f-99d1-4501-bb16-6ecf49b3cdca
2019-11-15 00:57:22,862 [eccb109f-99d1-4501-bb16-6ecf49b3cdca@group-577B6C10EF4B-LeaderElection25] INFO  impl.RaftServerImpl (ServerState.java:setLeader(255)) - eccb109f-99d1-4501-bb16-6ecf49b3cdca@group-577B6C10EF4B: change Leader from null to eccb109f-99d1-4501-bb16-6ecf49b3cdca at term 1 for becomeLeader, leader elected after 1161ms
2019-11-15 00:57:22,862 [eccb109f-99d1-4501-bb16-6ecf49b3cdca@group-577B6C10EF4B-LeaderElection25] INFO  server.RaftServerConfigKeys (ConfUtils.java:logGet(43)) - raft.server.staging.catchup.gap = 1000 (default)
2019-11-15 00:57:22,862 [eccb109f-99d1-4501-bb16-6ecf49b3cdca@group-577B6C10EF4B-LeaderElection25] INFO  server.RaftServerConfigKeys (ConfUtils.java:logGet(43)) - raft.server.rpc.sleep.time = 25ms (default)
2019-11-15 00:57:22,864 [eccb109f-99d1-4501-bb16-6ecf49b3cdca@group-577B6C10EF4B-LeaderElection25] INFO  server.RaftServerConfigKeys (ConfUtils.java:logGet(43)) - raft.server.write.element-limit = 4096 (default)
2019-11-15 00:57:22,865 [eccb109f-99d1-4501-bb16-6ecf49b3cdca@group-577B6C10EF4B-LeaderElection25] INFO  server.RaftServerConfigKeys (ConfUtils.java:logGet(43)) - raft.server.watch.timeout = 10s (default)
2019-11-15 00:57:22,865 [eccb109f-99d1-4501-bb16-6ecf49b3cdca@group-577B6C10EF4B-LeaderElection25] INFO  server.RaftServerConfigKeys (ConfUtils.java:logGet(43)) - raft.server.watch.timeout.denomination = 1s (default)
2019-11-15 00:57:22,865 [eccb109f-99d1-4501-bb16-6ecf49b3cdca@group-577B6C10EF4B-LeaderElection25] INFO  server.RaftServerConfigKeys (ConfUtils.java:logGet(43)) - raft.server.watch.element-limit = 65536 (default)
2019-11-15 00:57:22,866 [eccb109f-99d1-4501-bb16-6ecf49b3cdca@group-577B6C10EF4B-LeaderElection25] INFO  impl.RoleInfo (RoleInfo.java:updateAndGet(143)) - eccb109f-99d1-4501-bb16-6ecf49b3cdca: start LeaderState
2019-11-15 00:57:22,866 [eccb109f-99d1-4501-bb16-6ecf49b3cdca@group-577B6C10EF4B-LeaderElection25] INFO  segmented.SegmentedRaftLogWorker (SegmentedRaftLogWorker.java:startLogSegment(385)) - eccb109f-99d1-4501-bb16-6ecf49b3cdca@group-577B6C10EF4B-SegmentedRaftLogWorker: Starting segment from index:0
2019-11-15 00:57:22,867 [eccb109f-99d1-4501-bb16-6ecf49b3cdca@group-577B6C10EF4B-LeaderElection25] INFO  impl.RaftServerImpl (ServerState.java:setRaftConf(356)) - eccb109f-99d1-4501-bb16-6ecf49b3cdca@group-577B6C10EF4B: set configuration 0: [eccb109f-99d1-4501-bb16-6ecf49b3cdca:192.168.164.208:44076], old=null at 0
2019-11-15 00:57:22,868 [EventQueue-PipelineReportForPipelineReportHandler] INFO  pipeline.PipelineStateManager (PipelineStateManager.java:openPipeline(134)) - Pipeline Pipeline[ Id: 4b3de57b-3c20-462a-8a5e-577b6c10ef4b, Nodes: eccb109f-99d1-4501-bb16-6ecf49b3cdca{ip: 192.168.164.208, host: pr-hdds-2442-bxv5b-1523879440, networkLocation: /rack1, certSerialId: null}, Type:RATIS, Factor:ONE, State:OPEN] moved to OPEN state
2019-11-15 00:57:22,882 [Thread-1314] INFO  impl.FollowerState (FollowerState.java:run(111)) - d61fc7c3-32e3-43e3-b156-a1b483a86779@group-783A9A2A969F-FollowerState: change to CANDIDATE, lastRpcTime:1141ms, electionTimeout:1141ms
2019-11-15 00:57:22,882 [Thread-1314] INFO  impl.RoleInfo (RoleInfo.java:shutdownFollowerState(121)) - d61fc7c3-32e3-43e3-b156-a1b483a86779: shutdown FollowerState
2019-11-15 00:57:22,882 [Thread-1314] INFO  impl.RaftServerImpl (RaftServerImpl.java:setRole(173)) - d61fc7c3-32e3-43e3-b156-a1b483a86779@group-783A9A2A969F: changes role from  FOLLOWER to CANDIDATE at term 0 for changeToCandidate
2019-11-15 00:57:22,883 [Thread-1314] INFO  impl.RoleInfo (RoleInfo.java:updateAndGet(143)) - d61fc7c3-32e3-43e3-b156-a1b483a86779: start LeaderElection
2019-11-15 00:57:22,904 [Thread-1326] INFO  impl.FollowerState (FollowerState.java:run(111)) - d61fc7c3-32e3-43e3-b156-a1b483a86779@group-7547E68E841E-FollowerState: change to CANDIDATE, lastRpcTime:1074ms, electionTimeout:1067ms
2019-11-15 00:57:22,908 [Thread-1326] INFO  impl.RoleInfo (RoleInfo.java:shutdownFollowerState(121)) - d61fc7c3-32e3-43e3-b156-a1b483a86779: shutdown FollowerState
2019-11-15 00:57:22,908 [Thread-1326] INFO  impl.RaftServerImpl (RaftServerImpl.java:setRole(173)) - d61fc7c3-32e3-43e3-b156-a1b483a86779@group-7547E68E841E: changes role from  FOLLOWER to CANDIDATE at term 0 for changeToCandidate
2019-11-15 00:57:22,908 [Thread-1326] INFO  impl.RoleInfo (RoleInfo.java:updateAndGet(143)) - d61fc7c3-32e3-43e3-b156-a1b483a86779: start LeaderElection
2019-11-15 00:57:22,921 [eccb109f-99d1-4501-bb16-6ecf49b3cdca@group-577B6C10EF4B-SegmentedRaftLogWorker] INFO  segmented.SegmentedRaftLogWorker (SegmentedRaftLogWorker.java:execute(576)) - eccb109f-99d1-4501-bb16-6ecf49b3cdca@group-577B6C10EF4B-SegmentedRaftLogWorker: created new log segment /workdir/hadoop-ozone/integration-test/target/test-dir/MiniOzoneClusterImpl-8fc52630-20fd-4955-97d1-2a2852f9ee58/datanode-0/data/ratis/4b3de57b-3c20-462a-8a5e-577b6c10ef4b/current/log_inprogress_0
2019-11-15 00:57:22,921 [d61fc7c3-32e3-43e3-b156-a1b483a86779@group-783A9A2A969F-LeaderElection26] INFO  impl.LeaderElection (LeaderElection.java:askForVotes(178)) - d61fc7c3-32e3-43e3-b156-a1b483a86779@group-783A9A2A969F-LeaderElection26: begin an election at term 1 for -1: [d61fc7c3-32e3-43e3-b156-a1b483a86779:192.168.164.208:39950], old=null
2019-11-15 00:57:22,921 [d61fc7c3-32e3-43e3-b156-a1b483a86779@group-7547E68E841E-LeaderElection27] INFO  impl.LeaderElection (LeaderElection.java:askForVotes(178)) - d61fc7c3-32e3-43e3-b156-a1b483a86779@group-7547E68E841E-LeaderElection27: begin an election at term 1 for -1: [5fe8490f-f805-406a-80e2-fbda1a66b042:192.168.164.208:45094, eccb109f-99d1-4501-bb16-6ecf49b3cdca:192.168.164.208:44076, d61fc7c3-32e3-43e3-b156-a1b483a86779:192.168.164.208:39950], old=null
2019-11-15 00:57:22,921 [d61fc7c3-32e3-43e3-b156-a1b483a86779@group-783A9A2A969F-LeaderElection26] INFO  impl.RoleInfo (RoleInfo.java:shutdownLeaderElection(134)) - d61fc7c3-32e3-43e3-b156-a1b483a86779: shutdown LeaderElection
2019-11-15 00:57:22,922 [d61fc7c3-32e3-43e3-b156-a1b483a86779@group-783A9A2A969F-LeaderElection26] INFO  impl.RaftServerImpl (RaftServerImpl.java:setRole(173)) - d61fc7c3-32e3-43e3-b156-a1b483a86779@group-783A9A2A969F: changes role from CANDIDATE to LEADER at term 1 for changeToLeader
2019-11-15 00:57:22,922 [d61fc7c3-32e3-43e3-b156-a1b483a86779@group-783A9A2A969F-LeaderElection26] INFO  ratis.XceiverServerRatis (XceiverServerRatis.java:handleLeaderChangedNotification(697)) - Leader change notification received for group: group-783A9A2A969F with new leaderId: d61fc7c3-32e3-43e3-b156-a1b483a86779
2019-11-15 00:57:22,922 [d61fc7c3-32e3-43e3-b156-a1b483a86779@group-783A9A2A969F-LeaderElection26] INFO  impl.RaftServerImpl (ServerState.java:setLeader(255)) - d61fc7c3-32e3-43e3-b156-a1b483a86779@group-783A9A2A969F: change Leader from null to d61fc7c3-32e3-43e3-b156-a1b483a86779 at term 1 for becomeLeader, leader elected after 1185ms
2019-11-15 00:57:22,922 [d61fc7c3-32e3-43e3-b156-a1b483a86779@group-783A9A2A969F-LeaderElection26] INFO  server.RaftServerConfigKeys (ConfUtils.java:logGet(43)) - raft.server.staging.catchup.gap = 1000 (default)
2019-11-15 00:57:22,922 [d61fc7c3-32e3-43e3-b156-a1b483a86779@group-783A9A2A969F-LeaderElection26] INFO  server.RaftServerConfigKeys (ConfUtils.java:logGet(43)) - raft.server.rpc.sleep.time = 25ms (default)
2019-11-15 00:57:22,926 [d61fc7c3-32e3-43e3-b156-a1b483a86779@group-783A9A2A969F-LeaderElection26] INFO  server.RaftServerConfigKeys (ConfUtils.java:logGet(43)) - raft.server.write.element-limit = 4096 (default)
2019-11-15 00:57:22,926 [d61fc7c3-32e3-43e3-b156-a1b483a86779@group-783A9A2A969F-LeaderElection26] INFO  server.RaftServerConfigKeys (ConfUtils.java:logGet(43)) - raft.server.watch.timeout = 10s (default)
2019-11-15 00:57:22,926 [d61fc7c3-32e3-43e3-b156-a1b483a86779@group-783A9A2A969F-LeaderElection26] INFO  server.RaftServerConfigKeys (ConfUtils.java:logGet(43)) - raft.server.watch.timeout.denomination = 1s (default)
2019-11-15 00:57:22,926 [d61fc7c3-32e3-43e3-b156-a1b483a86779@group-783A9A2A969F-LeaderElection26] INFO  server.RaftServerConfigKeys (ConfUtils.java:logGet(43)) - raft.server.watch.element-limit = 65536 (default)
2019-11-15 00:57:22,927 [d61fc7c3-32e3-43e3-b156-a1b483a86779@group-783A9A2A969F-LeaderElection26] INFO  impl.RoleInfo (RoleInfo.java:updateAndGet(143)) - d61fc7c3-32e3-43e3-b156-a1b483a86779: start LeaderState
2019-11-15 00:57:22,927 [EventQueue-PipelineReportForPipelineReportHandler] INFO  pipeline.PipelineStateManager (PipelineStateManager.java:openPipeline(134)) - Pipeline Pipeline[ Id: 04111556-bf50-4aa6-8004-783a9a2a969f, Nodes: d61fc7c3-32e3-43e3-b156-a1b483a86779{ip: 192.168.164.208, host: pr-hdds-2442-bxv5b-1523879440, networkLocation: /rack1, certSerialId: null}, Type:RATIS, Factor:ONE, State:OPEN] moved to OPEN state
2019-11-15 00:57:22,927 [d61fc7c3-32e3-43e3-b156-a1b483a86779@group-783A9A2A969F-LeaderElection26] INFO  segmented.SegmentedRaftLogWorker (SegmentedRaftLogWorker.java:startLogSegment(385)) - d61fc7c3-32e3-43e3-b156-a1b483a86779@group-783A9A2A969F-SegmentedRaftLogWorker: Starting segment from index:0
2019-11-15 00:57:22,928 [d61fc7c3-32e3-43e3-b156-a1b483a86779@group-783A9A2A969F-LeaderElection26] INFO  impl.RaftServerImpl (ServerState.java:setRaftConf(356)) - d61fc7c3-32e3-43e3-b156-a1b483a86779@group-783A9A2A969F: set configuration 0: [d61fc7c3-32e3-43e3-b156-a1b483a86779:192.168.164.208:39950], old=null at 0
2019-11-15 00:57:22,963 [Thread-1317] INFO  impl.FollowerState (FollowerState.java:run(111)) - 5fe8490f-f805-406a-80e2-fbda1a66b042@group-B1291CE6B8ED-FollowerState: change to CANDIDATE, lastRpcTime:1187ms, electionTimeout:1164ms
2019-11-15 00:57:22,963 [Thread-1324] INFO  impl.FollowerState (FollowerState.java:run(111)) - 5fe8490f-f805-406a-80e2-fbda1a66b042@group-7547E68E841E-FollowerState: change to CANDIDATE, lastRpcTime:1134ms, electionTimeout:1107ms
2019-11-15 00:57:22,963 [Thread-1317] INFO  impl.RoleInfo (RoleInfo.java:shutdownFollowerState(121)) - 5fe8490f-f805-406a-80e2-fbda1a66b042: shutdown FollowerState
2019-11-15 00:57:22,964 [Thread-1324] INFO  impl.RoleInfo (RoleInfo.java:shutdownFollowerState(121)) - 5fe8490f-f805-406a-80e2-fbda1a66b042: shutdown FollowerState
2019-11-15 00:57:22,964 [Thread-1317] INFO  impl.RaftServerImpl (RaftServerImpl.java:setRole(173)) - 5fe8490f-f805-406a-80e2-fbda1a66b042@group-B1291CE6B8ED: changes role from  FOLLOWER to CANDIDATE at term 0 for changeToCandidate
2019-11-15 00:57:22,964 [Thread-1324] INFO  impl.RaftServerImpl (RaftServerImpl.java:setRole(173)) - 5fe8490f-f805-406a-80e2-fbda1a66b042@group-7547E68E841E: changes role from  FOLLOWER to CANDIDATE at term 0 for changeToCandidate
2019-11-15 00:57:22,964 [Thread-1317] INFO  impl.RoleInfo (RoleInfo.java:updateAndGet(143)) - 5fe8490f-f805-406a-80e2-fbda1a66b042: start LeaderElection
2019-11-15 00:57:22,964 [Thread-1324] INFO  impl.RoleInfo (RoleInfo.java:updateAndGet(143)) - 5fe8490f-f805-406a-80e2-fbda1a66b042: start LeaderElection
2019-11-15 00:57:22,976 [d61fc7c3-32e3-43e3-b156-a1b483a86779@group-783A9A2A969F-SegmentedRaftLogWorker] INFO  segmented.SegmentedRaftLogWorker (SegmentedRaftLogWorker.java:execute(576)) - d61fc7c3-32e3-43e3-b156-a1b483a86779@group-783A9A2A969F-SegmentedRaftLogWorker: created new log segment /workdir/hadoop-ozone/integration-test/target/test-dir/MiniOzoneClusterImpl-8fc52630-20fd-4955-97d1-2a2852f9ee58/datanode-1/data/ratis/04111556-bf50-4aa6-8004-783a9a2a969f/current/log_inprogress_0
2019-11-15 00:57:22,979 [grpc-default-executor-4] INFO  impl.RaftServerImpl (RaftServerImpl.java:setRole(173)) - eccb109f-99d1-4501-bb16-6ecf49b3cdca@group-7547E68E841E: changes role from  FOLLOWER to FOLLOWER at term 1 for recognizeCandidate:d61fc7c3-32e3-43e3-b156-a1b483a86779
2019-11-15 00:57:22,980 [grpc-default-executor-4] INFO  impl.RoleInfo (RoleInfo.java:shutdownFollowerState(121)) - eccb109f-99d1-4501-bb16-6ecf49b3cdca: shutdown FollowerState
2019-11-15 00:57:22,980 [grpc-default-executor-4] INFO  impl.RoleInfo (RoleInfo.java:updateAndGet(143)) - eccb109f-99d1-4501-bb16-6ecf49b3cdca: start FollowerState
2019-11-15 00:57:22,980 [Thread-1320] INFO  impl.FollowerState (FollowerState.java:run(120)) - eccb109f-99d1-4501-bb16-6ecf49b3cdca@group-7547E68E841E-FollowerState was interrupted: java.lang.InterruptedException: sleep interrupted
2019-11-15 00:57:22,991 [5fe8490f-f805-406a-80e2-fbda1a66b042@group-B1291CE6B8ED-LeaderElection28] INFO  impl.LeaderElection (LeaderElection.java:askForVotes(178)) - 5fe8490f-f805-406a-80e2-fbda1a66b042@group-B1291CE6B8ED-LeaderElection28: begin an election at term 1 for -1: [5fe8490f-f805-406a-80e2-fbda1a66b042:192.168.164.208:45094], old=null
2019-11-15 00:57:22,991 [5fe8490f-f805-406a-80e2-fbda1a66b042@group-7547E68E841E-LeaderElection29] INFO  impl.LeaderElection (LeaderElection.java:askForVotes(178)) - 5fe8490f-f805-406a-80e2-fbda1a66b042@group-7547E68E841E-LeaderElection29: begin an election at term 1 for -1: [5fe8490f-f805-406a-80e2-fbda1a66b042:192.168.164.208:45094, eccb109f-99d1-4501-bb16-6ecf49b3cdca:192.168.164.208:44076, d61fc7c3-32e3-43e3-b156-a1b483a86779:192.168.164.208:39950], old=null
2019-11-15 00:57:22,991 [5fe8490f-f805-406a-80e2-fbda1a66b042@group-B1291CE6B8ED-LeaderElection28] INFO  impl.RoleInfo (RoleInfo.java:shutdownLeaderElection(134)) - 5fe8490f-f805-406a-80e2-fbda1a66b042: shutdown LeaderElection
2019-11-15 00:57:22,991 [5fe8490f-f805-406a-80e2-fbda1a66b042@group-B1291CE6B8ED-LeaderElection28] INFO  impl.RaftServerImpl (RaftServerImpl.java:setRole(173)) - 5fe8490f-f805-406a-80e2-fbda1a66b042@group-B1291CE6B8ED: changes role from CANDIDATE to LEADER at term 1 for changeToLeader
2019-11-15 00:57:22,991 [5fe8490f-f805-406a-80e2-fbda1a66b042@group-B1291CE6B8ED-LeaderElection28] INFO  ratis.XceiverServerRatis (XceiverServerRatis.java:handleLeaderChangedNotification(697)) - Leader change notification received for group: group-B1291CE6B8ED with new leaderId: 5fe8490f-f805-406a-80e2-fbda1a66b042
2019-11-15 00:57:22,991 [Thread-1329] INFO  impl.FollowerState (FollowerState.java:run(111)) - c182b01b-afca-4fcd-8295-9462a850df3a@group-3CC6E6EE53B4-FollowerState: change to CANDIDATE, lastRpcTime:1065ms, electionTimeout:1065ms
2019-11-15 00:57:22,991 [5fe8490f-f805-406a-80e2-fbda1a66b042@group-B1291CE6B8ED-LeaderElection28] INFO  impl.RaftServerImpl (ServerState.java:setLeader(255)) - 5fe8490f-f805-406a-80e2-fbda1a66b042@group-B1291CE6B8ED: change Leader from null to 5fe8490f-f805-406a-80e2-fbda1a66b042 at term 1 for becomeLeader, leader elected after 1219ms
2019-11-15 00:57:22,992 [Thread-1329] INFO  impl.RoleInfo (RoleInfo.java:shutdownFollowerState(121)) - c182b01b-afca-4fcd-8295-9462a850df3a: shutdown FollowerState
2019-11-15 00:57:22,992 [5fe8490f-f805-406a-80e2-fbda1a66b042@group-B1291CE6B8ED-LeaderElection28] INFO  server.RaftServerConfigKeys (ConfUtils.java:logGet(43)) - raft.server.staging.catchup.gap = 1000 (default)
2019-11-15 00:57:22,992 [Thread-1329] INFO  impl.RaftServerImpl (RaftServerImpl.java:setRole(173)) - c182b01b-afca-4fcd-8295-9462a850df3a@group-3CC6E6EE53B4: changes role from  FOLLOWER to CANDIDATE at term 0 for changeToCandidate
2019-11-15 00:57:22,993 [5fe8490f-f805-406a-80e2-fbda1a66b042@group-B1291CE6B8ED-LeaderElection28] INFO  server.RaftServerConfigKeys (ConfUtils.java:logGet(43)) - raft.server.rpc.sleep.time = 25ms (default)
2019-11-15 00:57:22,994 [Thread-1329] INFO  impl.RoleInfo (RoleInfo.java:updateAndGet(143)) - c182b01b-afca-4fcd-8295-9462a850df3a: start LeaderElection
2019-11-15 00:57:22,994 [5fe8490f-f805-406a-80e2-fbda1a66b042@group-B1291CE6B8ED-LeaderElection28] INFO  server.RaftServerConfigKeys (ConfUtils.java:logGet(43)) - raft.server.write.element-limit = 4096 (default)
2019-11-15 00:57:22,994 [Thread-1332] INFO  impl.FollowerState (FollowerState.java:run(111)) - 9ac24c7e-7e4f-4cef-ab0e-298cb71ae60d@group-B6570CE25B5A-FollowerState: change to CANDIDATE, lastRpcTime:1031ms, electionTimeout:1031ms
2019-11-15 00:57:22,994 [5fe8490f-f805-406a-80e2-fbda1a66b042@group-B1291CE6B8ED-LeaderElection28] INFO  server.RaftServerConfigKeys (ConfUtils.java:logGet(43)) - raft.server.watch.timeout = 10s (default)
2019-11-15 00:57:22,994 [Thread-1332] INFO  impl.RoleInfo (RoleInfo.java:shutdownFollowerState(121)) - 9ac24c7e-7e4f-4cef-ab0e-298cb71ae60d: shutdown FollowerState
2019-11-15 00:57:22,996 [5fe8490f-f805-406a-80e2-fbda1a66b042@group-B1291CE6B8ED-LeaderElection28] INFO  server.RaftServerConfigKeys (ConfUtils.java:logGet(43)) - raft.server.watch.timeout.denomination = 1s (default)
2019-11-15 00:57:22,999 [5fe8490f-f805-406a-80e2-fbda1a66b042@group-B1291CE6B8ED-LeaderElection28] INFO  server.RaftServerConfigKeys (ConfUtils.java:logGet(43)) - raft.server.watch.element-limit = 65536 (default)
2019-11-15 00:57:22,999 [Thread-1332] INFO  impl.RaftServerImpl (RaftServerImpl.java:setRole(173)) - 9ac24c7e-7e4f-4cef-ab0e-298cb71ae60d@group-B6570CE25B5A: changes role from  FOLLOWER to CANDIDATE at term 0 for changeToCandidate
2019-11-15 00:57:22,999 [EventQueue-PipelineReportForPipelineReportHandler] INFO  pipeline.PipelineStateManager (PipelineStateManager.java:openPipeline(134)) - Pipeline Pipeline[ Id: 18fb65cf-ef2d-4ccf-aa04-b1291ce6b8ed, Nodes: 5fe8490f-f805-406a-80e2-fbda1a66b042{ip: 192.168.164.208, host: pr-hdds-2442-bxv5b-1523879440, networkLocation: /rack1, certSerialId: null}, Type:RATIS, Factor:ONE, State:OPEN] moved to OPEN state
2019-11-15 00:57:22,999 [5fe8490f-f805-406a-80e2-fbda1a66b042@group-B1291CE6B8ED-LeaderElection28] INFO  impl.RoleInfo (RoleInfo.java:updateAndGet(143)) - 5fe8490f-f805-406a-80e2-fbda1a66b042: start LeaderState
2019-11-15 00:57:22,999 [Thread-1332] INFO  impl.RoleInfo (RoleInfo.java:updateAndGet(143)) - 9ac24c7e-7e4f-4cef-ab0e-298cb71ae60d: start LeaderElection
2019-11-15 00:57:23,000 [d61fc7c3-32e3-43e3-b156-a1b483a86779@group-7547E68E841E-LeaderElection27] INFO  impl.LeaderElection (LeaderElection.java:logAndReturn(56)) - d61fc7c3-32e3-43e3-b156-a1b483a86779@group-7547E68E841E-LeaderElection27: Election PASSED; received 2 response(s) [d61fc7c3-32e3-43e3-b156-a1b483a86779<-5fe8490f-f805-406a-80e2-fbda1a66b042#0:FAIL-t1, d61fc7c3-32e3-43e3-b156-a1b483a86779<-eccb109f-99d1-4501-bb16-6ecf49b3cdca#0:OK-t1] and 0 exception(s); d61fc7c3-32e3-43e3-b156-a1b483a86779@group-7547E68E841E:t1, leader=null, voted=d61fc7c3-32e3-43e3-b156-a1b483a86779, raftlog=d61fc7c3-32e3-43e3-b156-a1b483a86779@group-7547E68E841E-SegmentedRaftLog:OPENED:c-1,f-1,i0, conf=-1: [5fe8490f-f805-406a-80e2-fbda1a66b042:192.168.164.208:45094, eccb109f-99d1-4501-bb16-6ecf49b3cdca:192.168.164.208:44076, d61fc7c3-32e3-43e3-b156-a1b483a86779:192.168.164.208:39950], old=null
2019-11-15 00:57:23,000 [5fe8490f-f805-406a-80e2-fbda1a66b042@group-B1291CE6B8ED-LeaderElection28] INFO  segmented.SegmentedRaftLogWorker (SegmentedRaftLogWorker.java:startLogSegment(385)) - 5fe8490f-f805-406a-80e2-fbda1a66b042@group-B1291CE6B8ED-SegmentedRaftLogWorker: Starting segment from index:0
2019-11-15 00:57:23,005 [d61fc7c3-32e3-43e3-b156-a1b483a86779@group-7547E68E841E-LeaderElection27] INFO  impl.RoleInfo (RoleInfo.java:shutdownLeaderElection(134)) - d61fc7c3-32e3-43e3-b156-a1b483a86779: shutdown LeaderElection
2019-11-15 00:57:23,007 [d61fc7c3-32e3-43e3-b156-a1b483a86779@group-7547E68E841E-LeaderElection27] INFO  impl.RaftServerImpl (RaftServerImpl.java:setRole(173)) - d61fc7c3-32e3-43e3-b156-a1b483a86779@group-7547E68E841E: changes role from CANDIDATE to LEADER at term 1 for changeToLeader
2019-11-15 00:57:23,007 [d61fc7c3-32e3-43e3-b156-a1b483a86779@group-7547E68E841E-LeaderElection27] INFO  ratis.XceiverServerRatis (XceiverServerRatis.java:handleLeaderChangedNotification(697)) - Leader change notification received for group: group-7547E68E841E with new leaderId: d61fc7c3-32e3-43e3-b156-a1b483a86779
2019-11-15 00:57:23,007 [5fe8490f-f805-406a-80e2-fbda1a66b042@group-B1291CE6B8ED-LeaderElection28] INFO  impl.RaftServerImpl (ServerState.java:setRaftConf(356)) - 5fe8490f-f805-406a-80e2-fbda1a66b042@group-B1291CE6B8ED: set configuration 0: [5fe8490f-f805-406a-80e2-fbda1a66b042:192.168.164.208:45094], old=null at 0
2019-11-15 00:57:23,007 [d61fc7c3-32e3-43e3-b156-a1b483a86779@group-7547E68E841E-LeaderElection27] INFO  impl.RaftServerImpl (ServerState.java:setLeader(255)) - d61fc7c3-32e3-43e3-b156-a1b483a86779@group-7547E68E841E: change Leader from null to d61fc7c3-32e3-43e3-b156-a1b483a86779 at term 1 for becomeLeader, leader elected after 1187ms
2019-11-15 00:57:23,007 [d61fc7c3-32e3-43e3-b156-a1b483a86779@group-7547E68E841E-LeaderElection27] INFO  server.RaftServerConfigKeys (ConfUtils.java:logGet(43)) - raft.server.staging.catchup.gap = 1000 (default)
2019-11-15 00:57:23,008 [d61fc7c3-32e3-43e3-b156-a1b483a86779@group-7547E68E841E-LeaderElection27] INFO  server.RaftServerConfigKeys (ConfUtils.java:logGet(43)) - raft.server.rpc.sleep.time = 25ms (default)
2019-11-15 00:57:23,008 [d61fc7c3-32e3-43e3-b156-a1b483a86779@group-7547E68E841E-LeaderElection27] INFO  server.RaftServerConfigKeys (ConfUtils.java:logGet(43)) - raft.server.write.element-limit = 4096 (default)
2019-11-15 00:57:23,008 [d61fc7c3-32e3-43e3-b156-a1b483a86779@group-7547E68E841E-LeaderElection27] INFO  server.RaftServerConfigKeys (ConfUtils.java:logGet(43)) - raft.server.watch.timeout = 10s (default)
2019-11-15 00:57:23,008 [d61fc7c3-32e3-43e3-b156-a1b483a86779@group-7547E68E841E-LeaderElection27] INFO  server.RaftServerConfigKeys (ConfUtils.java:logGet(43)) - raft.server.watch.timeout.denomination = 1s (default)
2019-11-15 00:57:23,008 [d61fc7c3-32e3-43e3-b156-a1b483a86779@group-7547E68E841E-LeaderElection27] INFO  server.RaftServerConfigKeys (ConfUtils.java:logGet(43)) - raft.server.watch.element-limit = 65536 (default)
2019-11-15 00:57:23,008 [EventQueue-PipelineReportForPipelineReportHandler] INFO  pipeline.PipelineStateManager (PipelineStateManager.java:openPipeline(134)) - Pipeline Pipeline[ Id: 981f52bb-2da9-4137-8342-7547e68e841e, Nodes: eccb109f-99d1-4501-bb16-6ecf49b3cdca{ip: 192.168.164.208, host: pr-hdds-2442-bxv5b-1523879440, networkLocation: /rack1, certSerialId: null}5fe8490f-f805-406a-80e2-fbda1a66b042{ip: 192.168.164.208, host: pr-hdds-2442-bxv5b-1523879440, networkLocation: /rack1, certSerialId: null}d61fc7c3-32e3-43e3-b156-a1b483a86779{ip: 192.168.164.208, host: pr-hdds-2442-bxv5b-1523879440, networkLocation: /rack1, certSerialId: null}, Type:RATIS, Factor:THREE, State:OPEN] moved to OPEN state
2019-11-15 00:57:23,009 [d61fc7c3-32e3-43e3-b156-a1b483a86779@group-7547E68E841E-LeaderElection27] INFO  server.RaftServerConfigKeys (ConfUtils.java:logGet(43)) - raft.server.log.appender.snapshot.chunk.size.max = 16MB (=16777216) (default)
2019-11-15 00:57:23,009 [d61fc7c3-32e3-43e3-b156-a1b483a86779@group-7547E68E841E-LeaderElection27] INFO  server.RaftServerConfigKeys (ConfUtils.java:logGet(43)) - raft.server.log.appender.buffer.byte-limit = 33554432 (custom)
2019-11-15 00:57:23,039 [c182b01b-afca-4fcd-8295-9462a850df3a@group-3CC6E6EE53B4-LeaderElection30] INFO  impl.LeaderElection (LeaderElection.java:askForVotes(178)) - c182b01b-afca-4fcd-8295-9462a850df3a@group-3CC6E6EE53B4-LeaderElection30: begin an election at term 1 for -1: [c182b01b-afca-4fcd-8295-9462a850df3a:192.168.164.208:36437], old=null
2019-11-15 00:57:23,039 [9ac24c7e-7e4f-4cef-ab0e-298cb71ae60d@group-B6570CE25B5A-LeaderElection31] INFO  impl.LeaderElection (LeaderElection.java:askForVotes(178)) - 9ac24c7e-7e4f-4cef-ab0e-298cb71ae60d@group-B6570CE25B5A-LeaderElection31: begin an election at term 1 for -1: [9ac24c7e-7e4f-4cef-ab0e-298cb71ae60d:192.168.164.208:37265], old=null
2019-11-15 00:57:23,042 [c182b01b-afca-4fcd-8295-9462a850df3a@group-3CC6E6EE53B4-LeaderElection30] INFO  impl.RoleInfo (RoleInfo.java:shutdownLeaderElection(134)) - c182b01b-afca-4fcd-8295-9462a850df3a: shutdown LeaderElection
2019-11-15 00:57:23,039 [d61fc7c3-32e3-43e3-b156-a1b483a86779@group-7547E68E841E-LeaderElection27] INFO  server.RaftServerConfigKeys (ConfUtils.java:logGet(43)) - raft.server.log.appender.buffer.element-limit = 1 (custom)
2019-11-15 00:57:23,042 [c182b01b-afca-4fcd-8295-9462a850df3a@group-3CC6E6EE53B4-LeaderElection30] INFO  impl.RaftServerImpl (RaftServerImpl.java:setRole(173)) - c182b01b-afca-4fcd-8295-9462a850df3a@group-3CC6E6EE53B4: changes role from CANDIDATE to LEADER at term 1 for changeToLeader
2019-11-15 00:57:23,042 [9ac24c7e-7e4f-4cef-ab0e-298cb71ae60d@group-B6570CE25B5A-LeaderElection31] INFO  impl.RoleInfo (RoleInfo.java:shutdownLeaderElection(134)) - 9ac24c7e-7e4f-4cef-ab0e-298cb71ae60d: shutdown LeaderElection
2019-11-15 00:57:23,042 [d61fc7c3-32e3-43e3-b156-a1b483a86779@group-7547E68E841E-LeaderElection27] INFO  grpc.GrpcConfigKeys$Server (ConfUtils.java:logGet(43)) - raft.grpc.server.leader.outstanding.appends.max = 128 (default)
2019-11-15 00:57:23,042 [c182b01b-afca-4fcd-8295-9462a850df3a@group-3CC6E6EE53B4-LeaderElection30] INFO  ratis.XceiverServerRatis (XceiverServerRatis.java:handleLeaderChangedNotification(697)) - Leader change notification received for group: group-3CC6E6EE53B4 with new leaderId: c182b01b-afca-4fcd-8295-9462a850df3a
2019-11-15 00:57:23,043 [d61fc7c3-32e3-43e3-b156-a1b483a86779@group-7547E68E841E-LeaderElection27] INFO  server.RaftServerConfigKeys (ConfUtils.java:logGet(43)) - raft.server.rpc.request.timeout = 3000ms (default)
2019-11-15 00:57:23,043 [c182b01b-afca-4fcd-8295-9462a850df3a@group-3CC6E6EE53B4-LeaderElection30] INFO  impl.RaftServerImpl (ServerState.java:setLeader(255)) - c182b01b-afca-4fcd-8295-9462a850df3a@group-3CC6E6EE53B4: change Leader from null to c182b01b-afca-4fcd-8295-9462a850df3a at term 1 for becomeLeader, leader elected after 1120ms
2019-11-15 00:57:23,042 [9ac24c7e-7e4f-4cef-ab0e-298cb71ae60d@group-B6570CE25B5A-LeaderElection31] INFO  impl.RaftServerImpl (RaftServerImpl.java:setRole(173)) - 9ac24c7e-7e4f-4cef-ab0e-298cb71ae60d@group-B6570CE25B5A: changes role from CANDIDATE to LEADER at term 1 for changeToLeader
2019-11-15 00:57:23,043 [c182b01b-afca-4fcd-8295-9462a850df3a@group-3CC6E6EE53B4-LeaderElection30] INFO  server.RaftServerConfigKeys (ConfUtils.java:logGet(43)) - raft.server.staging.catchup.gap = 1000 (default)
2019-11-15 00:57:23,043 [d61fc7c3-32e3-43e3-b156-a1b483a86779@group-7547E68E841E-LeaderElection27] INFO  server.RaftServerConfigKeys (ConfUtils.java:logGet(43)) - raft.server.log.appender.install.snapshot.enabled = false (custom)
2019-11-15 00:57:23,043 [c182b01b-afca-4fcd-8295-9462a850df3a@group-3CC6E6EE53B4-LeaderElection30] INFO  server.RaftServerConfigKeys (ConfUtils.java:logGet(43)) - raft.server.rpc.sleep.time = 25ms (default)
2019-11-15 00:57:23,043 [9ac24c7e-7e4f-4cef-ab0e-298cb71ae60d@group-B6570CE25B5A-LeaderElection31] INFO  ratis.XceiverServerRatis (XceiverServerRatis.java:handleLeaderChangedNotification(697)) - Leader change notification received for group: group-B6570CE25B5A with new leaderId: 9ac24c7e-7e4f-4cef-ab0e-298cb71ae60d
2019-11-15 00:57:23,046 [c182b01b-afca-4fcd-8295-9462a850df3a@group-3CC6E6EE53B4-LeaderElection30] INFO  server.RaftServerConfigKeys (ConfUtils.java:logGet(43)) - raft.server.write.element-limit = 4096 (default)
2019-11-15 00:57:23,046 [d61fc7c3-32e3-43e3-b156-a1b483a86779@group-7547E68E841E-LeaderElection27] WARN  impl.MetricRegistriesImpl (MetricRegistriesImpl.java:lambda$create$1(61)) - First MetricRegistry has been created without registering reporters. You may need to call MetricRegistries.global().addReportRegistration(...) before.
2019-11-15 00:57:23,046 [c182b01b-afca-4fcd-8295-9462a850df3a@group-3CC6E6EE53B4-LeaderElection30] INFO  server.RaftServerConfigKeys (ConfUtils.java:logGet(43)) - raft.server.watch.timeout = 10s (default)
2019-11-15 00:57:23,046 [9ac24c7e-7e4f-4cef-ab0e-298cb71ae60d@group-B6570CE25B5A-LeaderElection31] INFO  impl.RaftServerImpl (ServerState.java:setLeader(255)) - 9ac24c7e-7e4f-4cef-ab0e-298cb71ae60d@group-B6570CE25B5A: change Leader from null to 9ac24c7e-7e4f-4cef-ab0e-298cb71ae60d at term 1 for becomeLeader, leader elected after 1083ms
2019-11-15 00:57:23,049 [EventQueue-PipelineReportForPipelineReportHandler] INFO  pipeline.PipelineStateManager (PipelineStateManager.java:openPipeline(134)) - Pipeline Pipeline[ Id: d1fd6d9e-8c00-4055-9c04-3cc6e6ee53b4, Nodes: c182b01b-afca-4fcd-8295-9462a850df3a{ip: 192.168.164.208, host: pr-hdds-2442-bxv5b-1523879440, networkLocation: /rack1, certSerialId: null}, Type:RATIS, Factor:ONE, State:OPEN] moved to OPEN state
2019-11-15 00:57:23,048 [c182b01b-afca-4fcd-8295-9462a850df3a@group-3CC6E6EE53B4-LeaderElection30] INFO  server.RaftServerConfigKeys (ConfUtils.java:logGet(43)) - raft.server.watch.timeout.denomination = 1s (default)
2019-11-15 00:57:23,048 [d61fc7c3-32e3-43e3-b156-a1b483a86779@group-7547E68E841E-LeaderElection27] INFO  server.RaftServerConfigKeys (ConfUtils.java:logGet(43)) - raft.server.log.appender.snapshot.chunk.size.max = 16MB (=16777216) (default)
2019-11-15 00:57:23,049 [c182b01b-afca-4fcd-8295-9462a850df3a@group-3CC6E6EE53B4-LeaderElection30] INFO  server.RaftServerConfigKeys (ConfUtils.java:logGet(43)) - raft.server.watch.element-limit = 65536 (default)
2019-11-15 00:57:23,049 [9ac24c7e-7e4f-4cef-ab0e-298cb71ae60d@group-B6570CE25B5A-LeaderElection31] INFO  server.RaftServerConfigKeys (ConfUtils.java:logGet(43)) - raft.server.staging.catchup.gap = 1000 (default)
2019-11-15 00:57:23,050 [c182b01b-afca-4fcd-8295-9462a850df3a@group-3CC6E6EE53B4-LeaderElection30] INFO  impl.RoleInfo (RoleInfo.java:updateAndGet(143)) - c182b01b-afca-4fcd-8295-9462a850df3a: start LeaderState
2019-11-15 00:57:23,050 [c182b01b-afca-4fcd-8295-9462a850df3a@group-3CC6E6EE53B4-LeaderElection30] INFO  segmented.SegmentedRaftLogWorker (SegmentedRaftLogWorker.java:startLogSegment(385)) - c182b01b-afca-4fcd-8295-9462a850df3a@group-3CC6E6EE53B4-SegmentedRaftLogWorker: Starting segment from index:0
2019-11-15 00:57:23,049 [EventQueue-PipelineReportForPipelineReportHandler] INFO  pipeline.PipelineStateManager (PipelineStateManager.java:openPipeline(134)) - Pipeline Pipeline[ Id: a7a12500-c607-4307-8a27-b6570ce25b5a, Nodes: 9ac24c7e-7e4f-4cef-ab0e-298cb71ae60d{ip: 192.168.164.208, host: pr-hdds-2442-bxv5b-1523879440, networkLocation: /rack1, certSerialId: null}, Type:RATIS, Factor:ONE, State:OPEN] moved to OPEN state
2019-11-15 00:57:23,050 [c182b01b-afca-4fcd-8295-9462a850df3a@group-3CC6E6EE53B4-LeaderElection30] INFO  impl.RaftServerImpl (ServerState.java:setRaftConf(356)) - c182b01b-afca-4fcd-8295-9462a850df3a@group-3CC6E6EE53B4: set configuration 0: [c182b01b-afca-4fcd-8295-9462a850df3a:192.168.164.208:36437], old=null at 0
2019-11-15 00:57:23,049 [d61fc7c3-32e3-43e3-b156-a1b483a86779@group-7547E68E841E-LeaderElection27] INFO  server.RaftServerConfigKeys (ConfUtils.java:logGet(43)) - raft.server.log.appender.buffer.byte-limit = 33554432 (custom)
2019-11-15 00:57:23,050 [9ac24c7e-7e4f-4cef-ab0e-298cb71ae60d@group-B6570CE25B5A-LeaderElection31] INFO  server.RaftServerConfigKeys (ConfUtils.java:logGet(43)) - raft.server.rpc.sleep.time = 25ms (default)
2019-11-15 00:57:23,051 [d61fc7c3-32e3-43e3-b156-a1b483a86779@group-7547E68E841E-LeaderElection27] INFO  server.RaftServerConfigKeys (ConfUtils.java:logGet(43)) - raft.server.log.appender.buffer.element-limit = 1 (custom)
2019-11-15 00:57:23,051 [9ac24c7e-7e4f-4cef-ab0e-298cb71ae60d@group-B6570CE25B5A-LeaderElection31] INFO  server.RaftServerConfigKeys (ConfUtils.java:logGet(43)) - raft.server.write.element-limit = 4096 (default)
2019-11-15 00:57:23,051 [d61fc7c3-32e3-43e3-b156-a1b483a86779@group-7547E68E841E-LeaderElection27] INFO  grpc.GrpcConfigKeys$Server (ConfUtils.java:logGet(43)) - raft.grpc.server.leader.outstanding.appends.max = 128 (default)
2019-11-15 00:57:23,051 [5fe8490f-f805-406a-80e2-fbda1a66b042@group-B1291CE6B8ED-SegmentedRaftLogWorker] INFO  segmented.SegmentedRaftLogWorker (SegmentedRaftLogWorker.java:execute(576)) - 5fe8490f-f805-406a-80e2-fbda1a66b042@group-B1291CE6B8ED-SegmentedRaftLogWorker: created new log segment /workdir/hadoop-ozone/integration-test/target/test-dir/MiniOzoneClusterImpl-8fc52630-20fd-4955-97d1-2a2852f9ee58/datanode-2/data/ratis/18fb65cf-ef2d-4ccf-aa04-b1291ce6b8ed/current/log_inprogress_0
2019-11-15 00:57:23,052 [d61fc7c3-32e3-43e3-b156-a1b483a86779@group-7547E68E841E-LeaderElection27] INFO  server.RaftServerConfigKeys (ConfUtils.java:logGet(43)) - raft.server.rpc.request.timeout = 3000ms (default)
2019-11-15 00:57:23,051 [9ac24c7e-7e4f-4cef-ab0e-298cb71ae60d@group-B6570CE25B5A-LeaderElection31] INFO  server.RaftServerConfigKeys (ConfUtils.java:logGet(43)) - raft.server.watch.timeout = 10s (default)
2019-11-15 00:57:23,052 [d61fc7c3-32e3-43e3-b156-a1b483a86779@group-7547E68E841E-LeaderElection27] INFO  server.RaftServerConfigKeys (ConfUtils.java:logGet(43)) - raft.server.log.appender.install.snapshot.enabled = false (custom)
2019-11-15 00:57:23,052 [9ac24c7e-7e4f-4cef-ab0e-298cb71ae60d@group-B6570CE25B5A-LeaderElection31] INFO  server.RaftServerConfigKeys (ConfUtils.java:logGet(43)) - raft.server.watch.timeout.denomination = 1s (default)
2019-11-15 00:57:23,052 [9ac24c7e-7e4f-4cef-ab0e-298cb71ae60d@group-B6570CE25B5A-LeaderElection31] INFO  server.RaftServerConfigKeys (ConfUtils.java:logGet(43)) - raft.server.watch.element-limit = 65536 (default)
2019-11-15 00:57:23,052 [d61fc7c3-32e3-43e3-b156-a1b483a86779@group-7547E68E841E-LeaderElection27] INFO  impl.RoleInfo (RoleInfo.java:updateAndGet(143)) - d61fc7c3-32e3-43e3-b156-a1b483a86779: start LeaderState
2019-11-15 00:57:23,052 [9ac24c7e-7e4f-4cef-ab0e-298cb71ae60d@group-B6570CE25B5A-LeaderElection31] INFO  impl.RoleInfo (RoleInfo.java:updateAndGet(143)) - 9ac24c7e-7e4f-4cef-ab0e-298cb71ae60d: start LeaderState
2019-11-15 00:57:23,053 [d61fc7c3-32e3-43e3-b156-a1b483a86779@group-7547E68E841E-LeaderElection27] INFO  segmented.SegmentedRaftLogWorker (SegmentedRaftLogWorker.java:startLogSegment(385)) - d61fc7c3-32e3-43e3-b156-a1b483a86779@group-7547E68E841E-SegmentedRaftLogWorker: Starting segment from index:0
2019-11-15 00:57:23,053 [9ac24c7e-7e4f-4cef-ab0e-298cb71ae60d@group-B6570CE25B5A-LeaderElection31] INFO  segmented.SegmentedRaftLogWorker (SegmentedRaftLogWorker.java:startLogSegment(385)) - 9ac24c7e-7e4f-4cef-ab0e-298cb71ae60d@group-B6570CE25B5A-SegmentedRaftLogWorker: Starting segment from index:0
2019-11-15 00:57:23,053 [9ac24c7e-7e4f-4cef-ab0e-298cb71ae60d@group-B6570CE25B5A-LeaderElection31] INFO  impl.RaftServerImpl (ServerState.java:setRaftConf(356)) - 9ac24c7e-7e4f-4cef-ab0e-298cb71ae60d@group-B6570CE25B5A: set configuration 0: [9ac24c7e-7e4f-4cef-ab0e-298cb71ae60d:192.168.164.208:37265], old=null at 0
2019-11-15 00:57:23,053 [d61fc7c3-32e3-43e3-b156-a1b483a86779@group-7547E68E841E-LeaderElection27] INFO  impl.RaftServerImpl (ServerState.java:setRaftConf(356)) - d61fc7c3-32e3-43e3-b156-a1b483a86779@group-7547E68E841E: set configuration 0: [5fe8490f-f805-406a-80e2-fbda1a66b042:192.168.164.208:45094, eccb109f-99d1-4501-bb16-6ecf49b3cdca:192.168.164.208:44076, d61fc7c3-32e3-43e3-b156-a1b483a86779:192.168.164.208:39950], old=null at 0
2019-11-15 00:57:23,054 [grpc-default-executor-4] INFO  impl.RaftServerImpl (RaftServerImpl.java:requestVote(776)) - d61fc7c3-32e3-43e3-b156-a1b483a86779@group-7547E68E841E-   LEADER: Withhold vote from candidate 5fe8490f-f805-406a-80e2-fbda1a66b042 with term 1. State: leader=d61fc7c3-32e3-43e3-b156-a1b483a86779, term=1, lastRpcElapsed=null
2019-11-15 00:57:23,055 [grpc-default-executor-4] INFO  ratis.XceiverServerRatis (XceiverServerRatis.java:handleLeaderChangedNotification(697)) - Leader change notification received for group: group-7547E68E841E with new leaderId: d61fc7c3-32e3-43e3-b156-a1b483a86779
2019-11-15 00:57:23,056 [grpc-default-executor-0] INFO  impl.RaftServerImpl (RaftServerImpl.java:setRole(173)) - 5fe8490f-f805-406a-80e2-fbda1a66b042@group-7547E68E841E: changes role from CANDIDATE to FOLLOWER at term 1 for appendEntries
2019-11-15 00:57:23,055 [5fe8490f-f805-406a-80e2-fbda1a66b042@group-7547E68E841E-LeaderElection29] INFO  impl.LeaderElection (LeaderElection.java:logAndReturn(56)) - 5fe8490f-f805-406a-80e2-fbda1a66b042@group-7547E68E841E-LeaderElection29: Election REJECTED; received 2 response(s) [5fe8490f-f805-406a-80e2-fbda1a66b042<-eccb109f-99d1-4501-bb16-6ecf49b3cdca#0:FAIL-t1, 5fe8490f-f805-406a-80e2-fbda1a66b042<-d61fc7c3-32e3-43e3-b156-a1b483a86779#0:FAIL-t1] and 0 exception(s); 5fe8490f-f805-406a-80e2-fbda1a66b042@group-7547E68E841E:t1, leader=null, voted=5fe8490f-f805-406a-80e2-fbda1a66b042, raftlog=5fe8490f-f805-406a-80e2-fbda1a66b042@group-7547E68E841E-SegmentedRaftLog:OPENED:c-1,f-1,i0, conf=-1: [5fe8490f-f805-406a-80e2-fbda1a66b042:192.168.164.208:45094, eccb109f-99d1-4501-bb16-6ecf49b3cdca:192.168.164.208:44076, d61fc7c3-32e3-43e3-b156-a1b483a86779:192.168.164.208:39950], old=null
2019-11-15 00:57:23,056 [grpc-default-executor-0] INFO  impl.RoleInfo (RoleInfo.java:shutdownLeaderElection(134)) - 5fe8490f-f805-406a-80e2-fbda1a66b042: shutdown LeaderElection
2019-11-15 00:57:23,056 [grpc-default-executor-4] INFO  impl.RaftServerImpl (ServerState.java:setLeader(255)) - eccb109f-99d1-4501-bb16-6ecf49b3cdca@group-7547E68E841E: change Leader from null to d61fc7c3-32e3-43e3-b156-a1b483a86779 at term 1 for appendEntries, leader elected after 1235ms
2019-11-15 00:57:23,093 [Thread-1335] INFO  impl.FollowerState (FollowerState.java:run(111)) - 4dfd32cc-2252-49fe-ba51-4380d1c0b0d5@group-BFC48BD27933-FollowerState: change to CANDIDATE, lastRpcTime:1076ms, electionTimeout:1044ms
2019-11-15 00:57:23,093 [grpc-default-executor-0] INFO  impl.RoleInfo (RoleInfo.java:updateAndGet(143)) - 5fe8490f-f805-406a-80e2-fbda1a66b042: start FollowerState
2019-11-15 00:57:23,093 [Thread-1335] INFO  impl.RoleInfo (RoleInfo.java:shutdownFollowerState(121)) - 4dfd32cc-2252-49fe-ba51-4380d1c0b0d5: shutdown FollowerState
2019-11-15 00:57:23,093 [grpc-default-executor-0] INFO  ratis.XceiverServerRatis (XceiverServerRatis.java:handleLeaderChangedNotification(697)) - Leader change notification received for group: group-7547E68E841E with new leaderId: d61fc7c3-32e3-43e3-b156-a1b483a86779
2019-11-15 00:57:23,093 [Thread-1335] INFO  impl.RaftServerImpl (RaftServerImpl.java:setRole(173)) - 4dfd32cc-2252-49fe-ba51-4380d1c0b0d5@group-BFC48BD27933: changes role from  FOLLOWER to CANDIDATE at term 0 for changeToCandidate
2019-11-15 00:57:23,094 [grpc-default-executor-0] INFO  impl.RaftServerImpl (ServerState.java:setLeader(255)) - 5fe8490f-f805-406a-80e2-fbda1a66b042@group-7547E68E841E: change Leader from null to d61fc7c3-32e3-43e3-b156-a1b483a86779 at term 1 for appendEntries, leader elected after 1273ms
2019-11-15 00:57:23,094 [Thread-1335] INFO  impl.RoleInfo (RoleInfo.java:updateAndGet(143)) - 4dfd32cc-2252-49fe-ba51-4380d1c0b0d5: start LeaderElection
2019-11-15 00:57:23,102 [grpc-default-executor-0] INFO  impl.RaftServerImpl (ServerState.java:setRaftConf(356)) - eccb109f-99d1-4501-bb16-6ecf49b3cdca@group-7547E68E841E: set configuration 0: [5fe8490f-f805-406a-80e2-fbda1a66b042:192.168.164.208:45094, eccb109f-99d1-4501-bb16-6ecf49b3cdca:192.168.164.208:44076, d61fc7c3-32e3-43e3-b156-a1b483a86779:192.168.164.208:39950], old=null at 0
2019-11-15 00:57:23,102 [grpc-default-executor-0] INFO  segmented.SegmentedRaftLogWorker (SegmentedRaftLogWorker.java:startLogSegment(385)) - eccb109f-99d1-4501-bb16-6ecf49b3cdca@group-7547E68E841E-SegmentedRaftLogWorker: Starting segment from index:0
2019-11-15 00:57:23,103 [grpc-default-executor-4] INFO  impl.RaftServerImpl (ServerState.java:setRaftConf(356)) - 5fe8490f-f805-406a-80e2-fbda1a66b042@group-7547E68E841E: set configuration 0: [5fe8490f-f805-406a-80e2-fbda1a66b042:192.168.164.208:45094, eccb109f-99d1-4501-bb16-6ecf49b3cdca:192.168.164.208:44076, d61fc7c3-32e3-43e3-b156-a1b483a86779:192.168.164.208:39950], old=null at 0
2019-11-15 00:57:23,103 [grpc-default-executor-4] INFO  segmented.SegmentedRaftLogWorker (SegmentedRaftLogWorker.java:startLogSegment(385)) - 5fe8490f-f805-406a-80e2-fbda1a66b042@group-7547E68E841E-SegmentedRaftLogWorker: Starting segment from index:0
2019-11-15 00:57:23,106 [d61fc7c3-32e3-43e3-b156-a1b483a86779@group-7547E68E841E-SegmentedRaftLogWorker] INFO  segmented.SegmentedRaftLogWorker (SegmentedRaftLogWorker.java:execute(576)) - d61fc7c3-32e3-43e3-b156-a1b483a86779@group-7547E68E841E-SegmentedRaftLogWorker: created new log segment /workdir/hadoop-ozone/integration-test/target/test-dir/MiniOzoneClusterImpl-8fc52630-20fd-4955-97d1-2a2852f9ee58/datanode-1/data/ratis/981f52bb-2da9-4137-8342-7547e68e841e/current/log_inprogress_0
2019-11-15 00:57:23,106 [4dfd32cc-2252-49fe-ba51-4380d1c0b0d5@group-BFC48BD27933-LeaderElection32] INFO  impl.LeaderElection (LeaderElection.java:askForVotes(178)) - 4dfd32cc-2252-49fe-ba51-4380d1c0b0d5@group-BFC48BD27933-LeaderElection32: begin an election at term 1 for -1: [4dfd32cc-2252-49fe-ba51-4380d1c0b0d5:192.168.164.208:44082], old=null
2019-11-15 00:57:23,106 [9ac24c7e-7e4f-4cef-ab0e-298cb71ae60d@group-B6570CE25B5A-SegmentedRaftLogWorker] INFO  segmented.SegmentedRaftLogWorker (SegmentedRaftLogWorker.java:execute(576)) - 9ac24c7e-7e4f-4cef-ab0e-298cb71ae60d@group-B6570CE25B5A-SegmentedRaftLogWorker: created new log segment /workdir/hadoop-ozone/integration-test/target/test-dir/MiniOzoneClusterImpl-8fc52630-20fd-4955-97d1-2a2852f9ee58/datanode-3/data/ratis/a7a12500-c607-4307-8a27-b6570ce25b5a/current/log_inprogress_0
2019-11-15 00:57:23,106 [c182b01b-afca-4fcd-8295-9462a850df3a@group-3CC6E6EE53B4-SegmentedRaftLogWorker] INFO  segmented.SegmentedRaftLogWorker (SegmentedRaftLogWorker.java:execute(576)) - c182b01b-afca-4fcd-8295-9462a850df3a@group-3CC6E6EE53B4-SegmentedRaftLogWorker: created new log segment /workdir/hadoop-ozone/integration-test/target/test-dir/MiniOzoneClusterImpl-8fc52630-20fd-4955-97d1-2a2852f9ee58/datanode-4/data/ratis/d1fd6d9e-8c00-4055-9c04-3cc6e6ee53b4/current/log_inprogress_0
2019-11-15 00:57:23,106 [4dfd32cc-2252-49fe-ba51-4380d1c0b0d5@group-BFC48BD27933-LeaderElection32] INFO  impl.RoleInfo (RoleInfo.java:shutdownLeaderElection(134)) - 4dfd32cc-2252-49fe-ba51-4380d1c0b0d5: shutdown LeaderElection
2019-11-15 00:57:23,106 [4dfd32cc-2252-49fe-ba51-4380d1c0b0d5@group-BFC48BD27933-LeaderElection32] INFO  impl.RaftServerImpl (RaftServerImpl.java:setRole(173)) - 4dfd32cc-2252-49fe-ba51-4380d1c0b0d5@group-BFC48BD27933: changes role from CANDIDATE to LEADER at term 1 for changeToLeader
2019-11-15 00:57:23,106 [4dfd32cc-2252-49fe-ba51-4380d1c0b0d5@group-BFC48BD27933-LeaderElection32] INFO  ratis.XceiverServerRatis (XceiverServerRatis.java:handleLeaderChangedNotification(697)) - Leader change notification received for group: group-BFC48BD27933 with new leaderId: 4dfd32cc-2252-49fe-ba51-4380d1c0b0d5
2019-11-15 00:57:23,106 [4dfd32cc-2252-49fe-ba51-4380d1c0b0d5@group-BFC48BD27933-LeaderElection32] INFO  impl.RaftServerImpl (ServerState.java:setLeader(255)) - 4dfd32cc-2252-49fe-ba51-4380d1c0b0d5@group-BFC48BD27933: change Leader from null to 4dfd32cc-2252-49fe-ba51-4380d1c0b0d5 at term 1 for becomeLeader, leader elected after 1093ms
2019-11-15 00:57:23,107 [4dfd32cc-2252-49fe-ba51-4380d1c0b0d5@group-BFC48BD27933-LeaderElection32] INFO  server.RaftServerConfigKeys (ConfUtils.java:logGet(43)) - raft.server.staging.catchup.gap = 1000 (default)
2019-11-15 00:57:23,107 [4dfd32cc-2252-49fe-ba51-4380d1c0b0d5@group-BFC48BD27933-LeaderElection32] INFO  server.RaftServerConfigKeys (ConfUtils.java:logGet(43)) - raft.server.rpc.sleep.time = 25ms (default)
2019-11-15 00:57:23,151 [Thread-1342] INFO  impl.FollowerState (FollowerState.java:run(111)) - 9ac24c7e-7e4f-4cef-ab0e-298cb71ae60d@group-1ADB972952FF-FollowerState: change to CANDIDATE, lastRpcTime:1084ms, electionTimeout:1051ms
2019-11-15 00:57:23,151 [Thread-1338] INFO  impl.FollowerState (FollowerState.java:run(111)) - c182b01b-afca-4fcd-8295-9462a850df3a@group-1ADB972952FF-FollowerState: change to CANDIDATE, lastRpcTime:1087ms, electionTimeout:1061ms
2019-11-15 00:57:23,151 [4dfd32cc-2252-49fe-ba51-4380d1c0b0d5@group-BFC48BD27933-LeaderElection32] INFO  server.RaftServerConfigKeys (ConfUtils.java:logGet(43)) - raft.server.write.element-limit = 4096 (default)
2019-11-15 00:57:23,151 [Thread-1342] INFO  impl.RoleInfo (RoleInfo.java:shutdownFollowerState(121)) - 9ac24c7e-7e4f-4cef-ab0e-298cb71ae60d: shutdown FollowerState
2019-11-15 00:57:23,152 [4dfd32cc-2252-49fe-ba51-4380d1c0b0d5@group-BFC48BD27933-LeaderElection32] INFO  server.RaftServerConfigKeys (ConfUtils.java:logGet(43)) - raft.server.watch.timeout = 10s (default)
2019-11-15 00:57:23,152 [EventQueue-PipelineReportForPipelineReportHandler] INFO  pipeline.PipelineStateManager (PipelineStateManager.java:openPipeline(134)) - Pipeline Pipeline[ Id: d3954f4b-55a4-44f7-b5e9-bfc48bd27933, Nodes: 4dfd32cc-2252-49fe-ba51-4380d1c0b0d5{ip: 192.168.164.208, host: pr-hdds-2442-bxv5b-1523879440, networkLocation: /rack1, certSerialId: null}, Type:RATIS, Factor:ONE, State:OPEN] moved to OPEN state
2019-11-15 00:57:23,152 [Thread-1338] INFO  impl.RoleInfo (RoleInfo.java:shutdownFollowerState(121)) - c182b01b-afca-4fcd-8295-9462a850df3a: shutdown FollowerState
2019-11-15 00:57:23,152 [4dfd32cc-2252-49fe-ba51-4380d1c0b0d5@group-BFC48BD27933-LeaderElection32] INFO  server.RaftServerConfigKeys (ConfUtils.java:logGet(43)) - raft.server.watch.timeout.denomination = 1s (default)
2019-11-15 00:57:23,152 [Thread-1342] INFO  impl.RaftServerImpl (RaftServerImpl.java:setRole(173)) - 9ac24c7e-7e4f-4cef-ab0e-298cb71ae60d@group-1ADB972952FF: changes role from  FOLLOWER to CANDIDATE at term 0 for changeToCandidate
2019-11-15 00:57:23,152 [4dfd32cc-2252-49fe-ba51-4380d1c0b0d5@group-BFC48BD27933-LeaderElection32] INFO  server.RaftServerConfigKeys (ConfUtils.java:logGet(43)) - raft.server.watch.element-limit = 65536 (default)
2019-11-15 00:57:23,152 [Thread-1338] INFO  impl.RaftServerImpl (RaftServerImpl.java:setRole(173)) - c182b01b-afca-4fcd-8295-9462a850df3a@group-1ADB972952FF: changes role from  FOLLOWER to CANDIDATE at term 0 for changeToCandidate
2019-11-15 00:57:23,152 [Thread-1342] INFO  impl.RoleInfo (RoleInfo.java:updateAndGet(143)) - 9ac24c7e-7e4f-4cef-ab0e-298cb71ae60d: start LeaderElection
2019-11-15 00:57:23,153 [Thread-1338] INFO  impl.RoleInfo (RoleInfo.java:updateAndGet(143)) - c182b01b-afca-4fcd-8295-9462a850df3a: start LeaderElection
2019-11-15 00:57:23,153 [4dfd32cc-2252-49fe-ba51-4380d1c0b0d5@group-BFC48BD27933-LeaderElection32] INFO  impl.RoleInfo (RoleInfo.java:updateAndGet(143)) - 4dfd32cc-2252-49fe-ba51-4380d1c0b0d5: start LeaderState
2019-11-15 00:57:23,160 [4dfd32cc-2252-49fe-ba51-4380d1c0b0d5@group-BFC48BD27933-LeaderElection32] INFO  segmented.SegmentedRaftLogWorker (SegmentedRaftLogWorker.java:startLogSegment(385)) - 4dfd32cc-2252-49fe-ba51-4380d1c0b0d5@group-BFC48BD27933-SegmentedRaftLogWorker: Starting segment from index:0
2019-11-15 00:57:23,164 [eccb109f-99d1-4501-bb16-6ecf49b3cdca@group-7547E68E841E-SegmentedRaftLogWorker] INFO  segmented.SegmentedRaftLogWorker (SegmentedRaftLogWorker.java:execute(576)) - eccb109f-99d1-4501-bb16-6ecf49b3cdca@group-7547E68E841E-SegmentedRaftLogWorker: created new log segment /workdir/hadoop-ozone/integration-test/target/test-dir/MiniOzoneClusterImpl-8fc52630-20fd-4955-97d1-2a2852f9ee58/datanode-0/data/ratis/981f52bb-2da9-4137-8342-7547e68e841e/current/log_inprogress_0
2019-11-15 00:57:23,164 [5fe8490f-f805-406a-80e2-fbda1a66b042@group-7547E68E841E-SegmentedRaftLogWorker] INFO  segmented.SegmentedRaftLogWorker (SegmentedRaftLogWorker.java:execute(576)) - 5fe8490f-f805-406a-80e2-fbda1a66b042@group-7547E68E841E-SegmentedRaftLogWorker: created new log segment /workdir/hadoop-ozone/integration-test/target/test-dir/MiniOzoneClusterImpl-8fc52630-20fd-4955-97d1-2a2852f9ee58/datanode-2/data/ratis/981f52bb-2da9-4137-8342-7547e68e841e/current/log_inprogress_0
2019-11-15 00:57:23,164 [4dfd32cc-2252-49fe-ba51-4380d1c0b0d5@group-BFC48BD27933-LeaderElection32] INFO  impl.RaftServerImpl (ServerState.java:setRaftConf(356)) - 4dfd32cc-2252-49fe-ba51-4380d1c0b0d5@group-BFC48BD27933: set configuration 0: [4dfd32cc-2252-49fe-ba51-4380d1c0b0d5:192.168.164.208:44082], old=null at 0
2019-11-15 00:57:23,177 [9ac24c7e-7e4f-4cef-ab0e-298cb71ae60d@group-1ADB972952FF-LeaderElection33] INFO  impl.LeaderElection (LeaderElection.java:askForVotes(178)) - 9ac24c7e-7e4f-4cef-ab0e-298cb71ae60d@group-1ADB972952FF-LeaderElection33: begin an election at term 1 for -1: [9ac24c7e-7e4f-4cef-ab0e-298cb71ae60d:192.168.164.208:37265, c182b01b-afca-4fcd-8295-9462a850df3a:192.168.164.208:36437, 4dfd32cc-2252-49fe-ba51-4380d1c0b0d5:192.168.164.208:44082], old=null
2019-11-15 00:57:23,177 [c182b01b-afca-4fcd-8295-9462a850df3a@group-1ADB972952FF-LeaderElection34] INFO  impl.LeaderElection (LeaderElection.java:askForVotes(178)) - c182b01b-afca-4fcd-8295-9462a850df3a@group-1ADB972952FF-LeaderElection34: begin an election at term 1 for -1: [9ac24c7e-7e4f-4cef-ab0e-298cb71ae60d:192.168.164.208:37265, c182b01b-afca-4fcd-8295-9462a850df3a:192.168.164.208:36437, 4dfd32cc-2252-49fe-ba51-4380d1c0b0d5:192.168.164.208:44082], old=null
2019-11-15 00:57:23,203 [grpc-default-executor-4] INFO  impl.RaftServerImpl (RaftServerImpl.java:setRole(173)) - 4dfd32cc-2252-49fe-ba51-4380d1c0b0d5@group-1ADB972952FF: changes role from  FOLLOWER to FOLLOWER at term 1 for recognizeCandidate:c182b01b-afca-4fcd-8295-9462a850df3a
2019-11-15 00:57:23,203 [grpc-default-executor-4] INFO  impl.RoleInfo (RoleInfo.java:shutdownFollowerState(121)) - 4dfd32cc-2252-49fe-ba51-4380d1c0b0d5: shutdown FollowerState
2019-11-15 00:57:23,205 [Thread-1343] INFO  impl.FollowerState (FollowerState.java:run(120)) - 4dfd32cc-2252-49fe-ba51-4380d1c0b0d5@group-1ADB972952FF-FollowerState was interrupted: java.lang.InterruptedException: sleep interrupted
2019-11-15 00:57:23,206 [grpc-default-executor-4] INFO  impl.RoleInfo (RoleInfo.java:updateAndGet(143)) - 4dfd32cc-2252-49fe-ba51-4380d1c0b0d5: start FollowerState
2019-11-15 00:57:23,212 [4dfd32cc-2252-49fe-ba51-4380d1c0b0d5@group-BFC48BD27933-SegmentedRaftLogWorker] INFO  segmented.SegmentedRaftLogWorker (SegmentedRaftLogWorker.java:execute(576)) - 4dfd32cc-2252-49fe-ba51-4380d1c0b0d5@group-BFC48BD27933-SegmentedRaftLogWorker: created new log segment /workdir/hadoop-ozone/integration-test/target/test-dir/MiniOzoneClusterImpl-8fc52630-20fd-4955-97d1-2a2852f9ee58/datanode-5/data/ratis/d3954f4b-55a4-44f7-b5e9-bfc48bd27933/current/log_inprogress_0
2019-11-15 00:57:23,213 [9ac24c7e-7e4f-4cef-ab0e-298cb71ae60d@group-1ADB972952FF-LeaderElection33] INFO  impl.LeaderElection (LeaderElection.java:logAndReturn(56)) - 9ac24c7e-7e4f-4cef-ab0e-298cb71ae60d@group-1ADB972952FF-LeaderElection33: Election REJECTED; received 2 response(s) [9ac24c7e-7e4f-4cef-ab0e-298cb71ae60d<-c182b01b-afca-4fcd-8295-9462a850df3a#0:FAIL-t1, 9ac24c7e-7e4f-4cef-ab0e-298cb71ae60d<-4dfd32cc-2252-49fe-ba51-4380d1c0b0d5#0:FAIL-t1] and 0 exception(s); 9ac24c7e-7e4f-4cef-ab0e-298cb71ae60d@group-1ADB972952FF:t1, leader=null, voted=9ac24c7e-7e4f-4cef-ab0e-298cb71ae60d, raftlog=9ac24c7e-7e4f-4cef-ab0e-298cb71ae60d@group-1ADB972952FF-SegmentedRaftLog:OPENED:c-1,f-1,i0, conf=-1: [9ac24c7e-7e4f-4cef-ab0e-298cb71ae60d:192.168.164.208:37265, c182b01b-afca-4fcd-8295-9462a850df3a:192.168.164.208:36437, 4dfd32cc-2252-49fe-ba51-4380d1c0b0d5:192.168.164.208:44082], old=null
2019-11-15 00:57:23,213 [c182b01b-afca-4fcd-8295-9462a850df3a@group-1ADB972952FF-LeaderElection34] INFO  impl.LeaderElection (LeaderElection.java:logAndReturn(56)) - c182b01b-afca-4fcd-8295-9462a850df3a@group-1ADB972952FF-LeaderElection34: Election PASSED; received 2 response(s) [c182b01b-afca-4fcd-8295-9462a850df3a<-9ac24c7e-7e4f-4cef-ab0e-298cb71ae60d#0:FAIL-t1, c182b01b-afca-4fcd-8295-9462a850df3a<-4dfd32cc-2252-49fe-ba51-4380d1c0b0d5#0:OK-t1] and 0 exception(s); c182b01b-afca-4fcd-8295-9462a850df3a@group-1ADB972952FF:t1, leader=null, voted=c182b01b-afca-4fcd-8295-9462a850df3a, raftlog=c182b01b-afca-4fcd-8295-9462a850df3a@group-1ADB972952FF-SegmentedRaftLog:OPENED:c-1,f-1,i0, conf=-1: [9ac24c7e-7e4f-4cef-ab0e-298cb71ae60d:192.168.164.208:37265, c182b01b-afca-4fcd-8295-9462a850df3a:192.168.164.208:36437, 4dfd32cc-2252-49fe-ba51-4380d1c0b0d5:192.168.164.208:44082], old=null
2019-11-15 00:57:23,213 [9ac24c7e-7e4f-4cef-ab0e-298cb71ae60d@group-1ADB972952FF-LeaderElection33] INFO  impl.RaftServerImpl (RaftServerImpl.java:setRole(173)) - 9ac24c7e-7e4f-4cef-ab0e-298cb71ae60d@group-1ADB972952FF: changes role from CANDIDATE to FOLLOWER at term 1 for DISCOVERED_A_NEW_TERM
2019-11-15 00:57:23,217 [9ac24c7e-7e4f-4cef-ab0e-298cb71ae60d@group-1ADB972952FF-LeaderElection33] INFO  impl.RoleInfo (RoleInfo.java:shutdownLeaderElection(134)) - 9ac24c7e-7e4f-4cef-ab0e-298cb71ae60d: shutdown LeaderElection
2019-11-15 00:57:23,213 [c182b01b-afca-4fcd-8295-9462a850df3a@group-1ADB972952FF-LeaderElection34] INFO  impl.RoleInfo (RoleInfo.java:shutdownLeaderElection(134)) - c182b01b-afca-4fcd-8295-9462a850df3a: shutdown LeaderElection
2019-11-15 00:57:23,218 [c182b01b-afca-4fcd-8295-9462a850df3a@group-1ADB972952FF-LeaderElection34] INFO  impl.RaftServerImpl (RaftServerImpl.java:setRole(173)) - c182b01b-afca-4fcd-8295-9462a850df3a@group-1ADB972952FF: changes role from CANDIDATE to LEADER at term 1 for changeToLeader
2019-11-15 00:57:23,219 [c182b01b-afca-4fcd-8295-9462a850df3a@group-1ADB972952FF-LeaderElection34] INFO  ratis.XceiverServerRatis (XceiverServerRatis.java:handleLeaderChangedNotification(697)) - Leader change notification received for group: group-1ADB972952FF with new leaderId: c182b01b-afca-4fcd-8295-9462a850df3a
2019-11-15 00:57:23,219 [9ac24c7e-7e4f-4cef-ab0e-298cb71ae60d@group-1ADB972952FF-LeaderElection33] INFO  impl.RoleInfo (RoleInfo.java:updateAndGet(143)) - 9ac24c7e-7e4f-4cef-ab0e-298cb71ae60d: start FollowerState
2019-11-15 00:57:23,219 [c182b01b-afca-4fcd-8295-9462a850df3a@group-1ADB972952FF-LeaderElection34] INFO  impl.RaftServerImpl (ServerState.java:setLeader(255)) - c182b01b-afca-4fcd-8295-9462a850df3a@group-1ADB972952FF: change Leader from null to c182b01b-afca-4fcd-8295-9462a850df3a at term 1 for becomeLeader, leader elected after 1160ms
2019-11-15 00:57:23,219 [c182b01b-afca-4fcd-8295-9462a850df3a@group-1ADB972952FF-LeaderElection34] INFO  server.RaftServerConfigKeys (ConfUtils.java:logGet(43)) - raft.server.staging.catchup.gap = 1000 (default)
2019-11-15 00:57:23,219 [c182b01b-afca-4fcd-8295-9462a850df3a@group-1ADB972952FF-LeaderElection34] INFO  server.RaftServerConfigKeys (ConfUtils.java:logGet(43)) - raft.server.rpc.sleep.time = 25ms (default)
2019-11-15 00:57:23,219 [c182b01b-afca-4fcd-8295-9462a850df3a@group-1ADB972952FF-LeaderElection34] INFO  server.RaftServerConfigKeys (ConfUtils.java:logGet(43)) - raft.server.write.element-limit = 4096 (default)
2019-11-15 00:57:23,220 [c182b01b-afca-4fcd-8295-9462a850df3a@group-1ADB972952FF-LeaderElection34] INFO  server.RaftServerConfigKeys (ConfUtils.java:logGet(43)) - raft.server.watch.timeout = 10s (default)
2019-11-15 00:57:23,220 [c182b01b-afca-4fcd-8295-9462a850df3a@group-1ADB972952FF-LeaderElection34] INFO  server.RaftServerConfigKeys (ConfUtils.java:logGet(43)) - raft.server.watch.timeout.denomination = 1s (default)
2019-11-15 00:57:23,220 [c182b01b-afca-4fcd-8295-9462a850df3a@group-1ADB972952FF-LeaderElection34] INFO  server.RaftServerConfigKeys (ConfUtils.java:logGet(43)) - raft.server.watch.element-limit = 65536 (default)
2019-11-15 00:57:23,220 [c182b01b-afca-4fcd-8295-9462a850df3a@group-1ADB972952FF-LeaderElection34] INFO  server.RaftServerConfigKeys (ConfUtils.java:logGet(43)) - raft.server.log.appender.snapshot.chunk.size.max = 16MB (=16777216) (default)
2019-11-15 00:57:23,220 [c182b01b-afca-4fcd-8295-9462a850df3a@group-1ADB972952FF-LeaderElection34] INFO  server.RaftServerConfigKeys (ConfUtils.java:logGet(43)) - raft.server.log.appender.buffer.byte-limit = 33554432 (custom)
2019-11-15 00:57:23,220 [EventQueue-PipelineReportForPipelineReportHandler] INFO  pipeline.PipelineStateManager (PipelineStateManager.java:openPipeline(134)) - Pipeline Pipeline[ Id: 898db4ff-09fe-4b00-a8ce-1adb972952ff, Nodes: c182b01b-afca-4fcd-8295-9462a850df3a{ip: 192.168.164.208, host: pr-hdds-2442-bxv5b-1523879440, networkLocation: /rack1, certSerialId: null}9ac24c7e-7e4f-4cef-ab0e-298cb71ae60d{ip: 192.168.164.208, host: pr-hdds-2442-bxv5b-1523879440, networkLocation: /rack1, certSerialId: null}4dfd32cc-2252-49fe-ba51-4380d1c0b0d5{ip: 192.168.164.208, host: pr-hdds-2442-bxv5b-1523879440, networkLocation: /rack1, certSerialId: null}, Type:RATIS, Factor:THREE, State:OPEN] moved to OPEN state
2019-11-15 00:57:23,220 [c182b01b-afca-4fcd-8295-9462a850df3a@group-1ADB972952FF-LeaderElection34] INFO  server.RaftServerConfigKeys (ConfUtils.java:logGet(43)) - raft.server.log.appender.buffer.element-limit = 1 (custom)
2019-11-15 00:57:23,221 [c182b01b-afca-4fcd-8295-9462a850df3a@group-1ADB972952FF-LeaderElection34] INFO  grpc.GrpcConfigKeys$Server (ConfUtils.java:logGet(43)) - raft.grpc.server.leader.outstanding.appends.max = 128 (default)
2019-11-15 00:57:23,221 [c182b01b-afca-4fcd-8295-9462a850df3a@group-1ADB972952FF-LeaderElection34] INFO  server.RaftServerConfigKeys (ConfUtils.java:logGet(43)) - raft.server.rpc.request.timeout = 3000ms (default)
2019-11-15 00:57:23,221 [c182b01b-afca-4fcd-8295-9462a850df3a@group-1ADB972952FF-LeaderElection34] INFO  server.RaftServerConfigKeys (ConfUtils.java:logGet(43)) - raft.server.log.appender.install.snapshot.enabled = false (custom)
2019-11-15 00:57:23,221 [c182b01b-afca-4fcd-8295-9462a850df3a@group-1ADB972952FF-LeaderElection34] WARN  impl.MetricRegistriesImpl (MetricRegistriesImpl.java:lambda$create$1(61)) - First MetricRegistry has been created without registering reporters. You may need to call MetricRegistries.global().addReportRegistration(...) before.
2019-11-15 00:57:23,221 [c182b01b-afca-4fcd-8295-9462a850df3a@group-1ADB972952FF-LeaderElection34] INFO  server.RaftServerConfigKeys (ConfUtils.java:logGet(43)) - raft.server.log.appender.snapshot.chunk.size.max = 16MB (=16777216) (default)
2019-11-15 00:57:23,221 [c182b01b-afca-4fcd-8295-9462a850df3a@group-1ADB972952FF-LeaderElection34] INFO  server.RaftServerConfigKeys (ConfUtils.java:logGet(43)) - raft.server.log.appender.buffer.byte-limit = 33554432 (custom)
2019-11-15 00:57:23,221 [c182b01b-afca-4fcd-8295-9462a850df3a@group-1ADB972952FF-LeaderElection34] INFO  server.RaftServerConfigKeys (ConfUtils.java:logGet(43)) - raft.server.log.appender.buffer.element-limit = 1 (custom)
2019-11-15 00:57:23,221 [c182b01b-afca-4fcd-8295-9462a850df3a@group-1ADB972952FF-LeaderElection34] INFO  grpc.GrpcConfigKeys$Server (ConfUtils.java:logGet(43)) - raft.grpc.server.leader.outstanding.appends.max = 128 (default)
2019-11-15 00:57:23,222 [c182b01b-afca-4fcd-8295-9462a850df3a@group-1ADB972952FF-LeaderElection34] INFO  server.RaftServerConfigKeys (ConfUtils.java:logGet(43)) - raft.server.rpc.request.timeout = 3000ms (default)
2019-11-15 00:57:23,222 [c182b01b-afca-4fcd-8295-9462a850df3a@group-1ADB972952FF-LeaderElection34] INFO  server.RaftServerConfigKeys (ConfUtils.java:logGet(43)) - raft.server.log.appender.install.snapshot.enabled = false (custom)
2019-11-15 00:57:23,222 [c182b01b-afca-4fcd-8295-9462a850df3a@group-1ADB972952FF-LeaderElection34] INFO  impl.RoleInfo (RoleInfo.java:updateAndGet(143)) - c182b01b-afca-4fcd-8295-9462a850df3a: start LeaderState
2019-11-15 00:57:23,222 [c182b01b-afca-4fcd-8295-9462a850df3a@group-1ADB972952FF-LeaderElection34] INFO  segmented.SegmentedRaftLogWorker (SegmentedRaftLogWorker.java:startLogSegment(385)) - c182b01b-afca-4fcd-8295-9462a850df3a@group-1ADB972952FF-SegmentedRaftLogWorker: Starting segment from index:0
2019-11-15 00:57:23,223 [c182b01b-afca-4fcd-8295-9462a850df3a@group-1ADB972952FF-LeaderElection34] INFO  impl.RaftServerImpl (ServerState.java:setRaftConf(356)) - c182b01b-afca-4fcd-8295-9462a850df3a@group-1ADB972952FF: set configuration 0: [9ac24c7e-7e4f-4cef-ab0e-298cb71ae60d:192.168.164.208:37265, c182b01b-afca-4fcd-8295-9462a850df3a:192.168.164.208:36437, 4dfd32cc-2252-49fe-ba51-4380d1c0b0d5:192.168.164.208:44082], old=null at 0
2019-11-15 00:57:23,256 [grpc-default-executor-5] INFO  ratis.XceiverServerRatis (XceiverServerRatis.java:handleLeaderChangedNotification(697)) - Leader change notification received for group: group-1ADB972952FF with new leaderId: c182b01b-afca-4fcd-8295-9462a850df3a
2019-11-15 00:57:23,259 [grpc-default-executor-4] INFO  ratis.XceiverServerRatis (XceiverServerRatis.java:handleLeaderChangedNotification(697)) - Leader change notification received for group: group-1ADB972952FF with new leaderId: c182b01b-afca-4fcd-8295-9462a850df3a
2019-11-15 00:57:23,259 [grpc-default-executor-5] INFO  impl.RaftServerImpl (ServerState.java:setLeader(255)) - 4dfd32cc-2252-49fe-ba51-4380d1c0b0d5@group-1ADB972952FF: change Leader from null to c182b01b-afca-4fcd-8295-9462a850df3a at term 1 for appendEntries, leader elected after 1197ms
2019-11-15 00:57:23,259 [grpc-default-executor-4] INFO  impl.RaftServerImpl (ServerState.java:setLeader(255)) - 9ac24c7e-7e4f-4cef-ab0e-298cb71ae60d@group-1ADB972952FF: change Leader from null to c182b01b-afca-4fcd-8295-9462a850df3a at term 1 for appendEntries, leader elected after 1200ms
2019-11-15 00:57:23,262 [grpc-default-executor-5] INFO  impl.RaftServerImpl (ServerState.java:setRaftConf(356)) - 4dfd32cc-2252-49fe-ba51-4380d1c0b0d5@group-1ADB972952FF: set configuration 0: [9ac24c7e-7e4f-4cef-ab0e-298cb71ae60d:192.168.164.208:37265, c182b01b-afca-4fcd-8295-9462a850df3a:192.168.164.208:36437, 4dfd32cc-2252-49fe-ba51-4380d1c0b0d5:192.168.164.208:44082], old=null at 0
2019-11-15 00:57:23,262 [grpc-default-executor-4] INFO  impl.RaftServerImpl (ServerState.java:setRaftConf(356)) - 9ac24c7e-7e4f-4cef-ab0e-298cb71ae60d@group-1ADB972952FF: set configuration 0: [9ac24c7e-7e4f-4cef-ab0e-298cb71ae60d:192.168.164.208:37265, c182b01b-afca-4fcd-8295-9462a850df3a:192.168.164.208:36437, 4dfd32cc-2252-49fe-ba51-4380d1c0b0d5:192.168.164.208:44082], old=null at 0
2019-11-15 00:57:23,262 [grpc-default-executor-5] INFO  segmented.SegmentedRaftLogWorker (SegmentedRaftLogWorker.java:startLogSegment(385)) - 4dfd32cc-2252-49fe-ba51-4380d1c0b0d5@group-1ADB972952FF-SegmentedRaftLogWorker: Starting segment from index:0
2019-11-15 00:57:23,262 [grpc-default-executor-4] INFO  segmented.SegmentedRaftLogWorker (SegmentedRaftLogWorker.java:startLogSegment(385)) - 9ac24c7e-7e4f-4cef-ab0e-298cb71ae60d@group-1ADB972952FF-SegmentedRaftLogWorker: Starting segment from index:0
2019-11-15 00:57:23,266 [c182b01b-afca-4fcd-8295-9462a850df3a@group-1ADB972952FF-SegmentedRaftLogWorker] INFO  segmented.SegmentedRaftLogWorker (SegmentedRaftLogWorker.java:execute(576)) - c182b01b-afca-4fcd-8295-9462a850df3a@group-1ADB972952FF-SegmentedRaftLogWorker: created new log segment /workdir/hadoop-ozone/integration-test/target/test-dir/MiniOzoneClusterImpl-8fc52630-20fd-4955-97d1-2a2852f9ee58/datanode-4/data/ratis/898db4ff-09fe-4b00-a8ce-1adb972952ff/current/log_inprogress_0
2019-11-15 00:57:23,270 [Thread-1347] INFO  impl.FollowerState (FollowerState.java:run(111)) - efbac357-ca4e-4ee4-91b4-c654bf02dfcf@group-1012B3444813-FollowerState: change to CANDIDATE, lastRpcTime:1084ms, electionTimeout:1084ms
2019-11-15 00:57:23,270 [Thread-1347] INFO  impl.RoleInfo (RoleInfo.java:shutdownFollowerState(121)) - efbac357-ca4e-4ee4-91b4-c654bf02dfcf: shutdown FollowerState
2019-11-15 00:57:23,270 [Thread-1347] INFO  impl.RaftServerImpl (RaftServerImpl.java:setRole(173)) - efbac357-ca4e-4ee4-91b4-c654bf02dfcf@group-1012B3444813: changes role from  FOLLOWER to CANDIDATE at term 0 for changeToCandidate
2019-11-15 00:57:23,270 [Thread-1347] INFO  impl.RoleInfo (RoleInfo.java:updateAndGet(143)) - efbac357-ca4e-4ee4-91b4-c654bf02dfcf: start LeaderElection
2019-11-15 00:57:23,301 [Thread-1353] INFO  impl.FollowerState (FollowerState.java:run(111)) - 8692cc3a-c5e2-4bd5-b878-b8217203f52e@group-F736BE448A28-FollowerState: change to CANDIDATE, lastRpcTime:1019ms, electionTimeout:1010ms
2019-11-15 00:57:23,301 [Thread-1353] INFO  impl.RoleInfo (RoleInfo.java:shutdownFollowerState(121)) - 8692cc3a-c5e2-4bd5-b878-b8217203f52e: shutdown FollowerState
2019-11-15 00:57:23,301 [Thread-1353] INFO  impl.RaftServerImpl (RaftServerImpl.java:setRole(173)) - 8692cc3a-c5e2-4bd5-b878-b8217203f52e@group-F736BE448A28: changes role from  FOLLOWER to CANDIDATE at term 0 for changeToCandidate
2019-11-15 00:57:23,301 [Thread-1353] INFO  impl.RoleInfo (RoleInfo.java:updateAndGet(143)) - 8692cc3a-c5e2-4bd5-b878-b8217203f52e: start LeaderElection
2019-11-15 00:57:23,307 [9ac24c7e-7e4f-4cef-ab0e-298cb71ae60d@group-1ADB972952FF-SegmentedRaftLogWorker] INFO  segmented.SegmentedRaftLogWorker (SegmentedRaftLogWorker.java:execute(576)) - 9ac24c7e-7e4f-4cef-ab0e-298cb71ae60d@group-1ADB972952FF-SegmentedRaftLogWorker: created new log segment /workdir/hadoop-ozone/integration-test/target/test-dir/MiniOzoneClusterImpl-8fc52630-20fd-4955-97d1-2a2852f9ee58/datanode-3/data/ratis/898db4ff-09fe-4b00-a8ce-1adb972952ff/current/log_inprogress_0
2019-11-15 00:57:23,307 [4dfd32cc-2252-49fe-ba51-4380d1c0b0d5@group-1ADB972952FF-SegmentedRaftLogWorker] INFO  segmented.SegmentedRaftLogWorker (SegmentedRaftLogWorker.java:execute(576)) - 4dfd32cc-2252-49fe-ba51-4380d1c0b0d5@group-1ADB972952FF-SegmentedRaftLogWorker: created new log segment /workdir/hadoop-ozone/integration-test/target/test-dir/MiniOzoneClusterImpl-8fc52630-20fd-4955-97d1-2a2852f9ee58/datanode-5/data/ratis/898db4ff-09fe-4b00-a8ce-1adb972952ff/current/log_inprogress_0
2019-11-15 00:57:23,321 [efbac357-ca4e-4ee4-91b4-c654bf02dfcf@group-1012B3444813-LeaderElection35] INFO  impl.LeaderElection (LeaderElection.java:askForVotes(178)) - efbac357-ca4e-4ee4-91b4-c654bf02dfcf@group-1012B3444813-LeaderElection35: begin an election at term 1 for -1: [efbac357-ca4e-4ee4-91b4-c654bf02dfcf:192.168.164.208:33848], old=null
2019-11-15 00:57:23,321 [8692cc3a-c5e2-4bd5-b878-b8217203f52e@group-F736BE448A28-LeaderElection36] INFO  impl.LeaderElection (LeaderElection.java:askForVotes(178)) - 8692cc3a-c5e2-4bd5-b878-b8217203f52e@group-F736BE448A28-LeaderElection36: begin an election at term 1 for -1: [8692cc3a-c5e2-4bd5-b878-b8217203f52e:192.168.164.208:45622], old=null
2019-11-15 00:57:23,321 [efbac357-ca4e-4ee4-91b4-c654bf02dfcf@group-1012B3444813-LeaderElection35] INFO  impl.RoleInfo (RoleInfo.java:shutdownLeaderElection(134)) - efbac357-ca4e-4ee4-91b4-c654bf02dfcf: shutdown LeaderElection
2019-11-15 00:57:23,321 [8692cc3a-c5e2-4bd5-b878-b8217203f52e@group-F736BE448A28-LeaderElection36] INFO  impl.RoleInfo (RoleInfo.java:shutdownLeaderElection(134)) - 8692cc3a-c5e2-4bd5-b878-b8217203f52e: shutdown LeaderElection
2019-11-15 00:57:23,321 [efbac357-ca4e-4ee4-91b4-c654bf02dfcf@group-1012B3444813-LeaderElection35] INFO  impl.RaftServerImpl (RaftServerImpl.java:setRole(173)) - efbac357-ca4e-4ee4-91b4-c654bf02dfcf@group-1012B3444813: changes role from CANDIDATE to LEADER at term 1 for changeToLeader
2019-11-15 00:57:23,321 [8692cc3a-c5e2-4bd5-b878-b8217203f52e@group-F736BE448A28-LeaderElection36] INFO  impl.RaftServerImpl (RaftServerImpl.java:setRole(173)) - 8692cc3a-c5e2-4bd5-b878-b8217203f52e@group-F736BE448A28: changes role from CANDIDATE to LEADER at term 1 for changeToLeader
2019-11-15 00:57:23,321 [efbac357-ca4e-4ee4-91b4-c654bf02dfcf@group-1012B3444813-LeaderElection35] INFO  ratis.XceiverServerRatis (XceiverServerRatis.java:handleLeaderChangedNotification(697)) - Leader change notification received for group: group-1012B3444813 with new leaderId: efbac357-ca4e-4ee4-91b4-c654bf02dfcf
2019-11-15 00:57:23,321 [8692cc3a-c5e2-4bd5-b878-b8217203f52e@group-F736BE448A28-LeaderElection36] INFO  ratis.XceiverServerRatis (XceiverServerRatis.java:handleLeaderChangedNotification(697)) - Leader change notification received for group: group-F736BE448A28 with new leaderId: 8692cc3a-c5e2-4bd5-b878-b8217203f52e
2019-11-15 00:57:23,321 [efbac357-ca4e-4ee4-91b4-c654bf02dfcf@group-1012B3444813-LeaderElection35] INFO  impl.RaftServerImpl (ServerState.java:setLeader(255)) - efbac357-ca4e-4ee4-91b4-c654bf02dfcf@group-1012B3444813: change Leader from null to efbac357-ca4e-4ee4-91b4-c654bf02dfcf at term 1 for becomeLeader, leader elected after 1139ms
2019-11-15 00:57:23,322 [8692cc3a-c5e2-4bd5-b878-b8217203f52e@group-F736BE448A28-LeaderElection36] INFO  impl.RaftServerImpl (ServerState.java:setLeader(255)) - 8692cc3a-c5e2-4bd5-b878-b8217203f52e@group-F736BE448A28: change Leader from null to 8692cc3a-c5e2-4bd5-b878-b8217203f52e at term 1 for becomeLeader, leader elected after 1043ms
2019-11-15 00:57:23,322 [efbac357-ca4e-4ee4-91b4-c654bf02dfcf@group-1012B3444813-LeaderElection35] INFO  server.RaftServerConfigKeys (ConfUtils.java:logGet(43)) - raft.server.staging.catchup.gap = 1000 (default)
2019-11-15 00:57:23,322 [8692cc3a-c5e2-4bd5-b878-b8217203f52e@group-F736BE448A28-LeaderElection36] INFO  server.RaftServerConfigKeys (ConfUtils.java:logGet(43)) - raft.server.staging.catchup.gap = 1000 (default)
2019-11-15 00:57:23,325 [efbac357-ca4e-4ee4-91b4-c654bf02dfcf@group-1012B3444813-LeaderElection35] INFO  server.RaftServerConfigKeys (ConfUtils.java:logGet(43)) - raft.server.rpc.sleep.time = 25ms (default)
2019-11-15 00:57:23,326 [8692cc3a-c5e2-4bd5-b878-b8217203f52e@group-F736BE448A28-LeaderElection36] INFO  server.RaftServerConfigKeys (ConfUtils.java:logGet(43)) - raft.server.rpc.sleep.time = 25ms (default)
2019-11-15 00:57:23,326 [efbac357-ca4e-4ee4-91b4-c654bf02dfcf@group-1012B3444813-LeaderElection35] INFO  server.RaftServerConfigKeys (ConfUtils.java:logGet(43)) - raft.server.write.element-limit = 4096 (default)
2019-11-15 00:57:23,326 [8692cc3a-c5e2-4bd5-b878-b8217203f52e@group-F736BE448A28-LeaderElection36] INFO  server.RaftServerConfigKeys (ConfUtils.java:logGet(43)) - raft.server.write.element-limit = 4096 (default)
2019-11-15 00:57:23,326 [efbac357-ca4e-4ee4-91b4-c654bf02dfcf@group-1012B3444813-LeaderElection35] INFO  server.RaftServerConfigKeys (ConfUtils.java:logGet(43)) - raft.server.watch.timeout = 10s (default)
2019-11-15 00:57:23,326 [8692cc3a-c5e2-4bd5-b878-b8217203f52e@group-F736BE448A28-LeaderElection36] INFO  server.RaftServerConfigKeys (ConfUtils.java:logGet(43)) - raft.server.watch.timeout = 10s (default)
2019-11-15 00:57:23,326 [efbac357-ca4e-4ee4-91b4-c654bf02dfcf@group-1012B3444813-LeaderElection35] INFO  server.RaftServerConfigKeys (ConfUtils.java:logGet(43)) - raft.server.watch.timeout.denomination = 1s (default)
2019-11-15 00:57:23,326 [EventQueue-PipelineReportForPipelineReportHandler] INFO  pipeline.PipelineStateManager (PipelineStateManager.java:openPipeline(134)) - Pipeline Pipeline[ Id: d48a9eae-e2d9-483e-9401-1012b3444813, Nodes: efbac357-ca4e-4ee4-91b4-c654bf02dfcf{ip: 192.168.164.208, host: pr-hdds-2442-bxv5b-1523879440, networkLocation: /rack1, certSerialId: null}, Type:RATIS, Factor:ONE, State:OPEN] moved to OPEN state
2019-11-15 00:57:23,327 [efbac357-ca4e-4ee4-91b4-c654bf02dfcf@group-1012B3444813-LeaderElection35] INFO  server.RaftServerConfigKeys (ConfUtils.java:logGet(43)) - raft.server.watch.element-limit = 65536 (default)
2019-11-15 00:57:23,326 [8692cc3a-c5e2-4bd5-b878-b8217203f52e@group-F736BE448A28-LeaderElection36] INFO  server.RaftServerConfigKeys (ConfUtils.java:logGet(43)) - raft.server.watch.timeout.denomination = 1s (default)
2019-11-15 00:57:23,327 [efbac357-ca4e-4ee4-91b4-c654bf02dfcf@group-1012B3444813-LeaderElection35] INFO  impl.RoleInfo (RoleInfo.java:updateAndGet(143)) - efbac357-ca4e-4ee4-91b4-c654bf02dfcf: start LeaderState
2019-11-15 00:57:23,327 [EventQueue-PipelineReportForPipelineReportHandler] INFO  pipeline.PipelineStateManager (PipelineStateManager.java:openPipeline(134)) - Pipeline Pipeline[ Id: 90bf92a0-ffa1-4422-8abe-f736be448a28, Nodes: 8692cc3a-c5e2-4bd5-b878-b8217203f52e{ip: 192.168.164.208, host: pr-hdds-2442-bxv5b-1523879440, networkLocation: /rack1, certSerialId: null}, Type:RATIS, Factor:ONE, State:OPEN] moved to OPEN state
2019-11-15 00:57:23,327 [8692cc3a-c5e2-4bd5-b878-b8217203f52e@group-F736BE448A28-LeaderElection36] INFO  server.RaftServerConfigKeys (ConfUtils.java:logGet(43)) - raft.server.watch.element-limit = 65536 (default)
2019-11-15 00:57:23,327 [efbac357-ca4e-4ee4-91b4-c654bf02dfcf@group-1012B3444813-LeaderElection35] INFO  segmented.SegmentedRaftLogWorker (SegmentedRaftLogWorker.java:startLogSegment(385)) - efbac357-ca4e-4ee4-91b4-c654bf02dfcf@group-1012B3444813-SegmentedRaftLogWorker: Starting segment from index:0
2019-11-15 00:57:23,327 [8692cc3a-c5e2-4bd5-b878-b8217203f52e@group-F736BE448A28-LeaderElection36] INFO  impl.RoleInfo (RoleInfo.java:updateAndGet(143)) - 8692cc3a-c5e2-4bd5-b878-b8217203f52e: start LeaderState
2019-11-15 00:57:23,328 [8692cc3a-c5e2-4bd5-b878-b8217203f52e@group-F736BE448A28-LeaderElection36] INFO  segmented.SegmentedRaftLogWorker (SegmentedRaftLogWorker.java:startLogSegment(385)) - 8692cc3a-c5e2-4bd5-b878-b8217203f52e@group-F736BE448A28-SegmentedRaftLogWorker: Starting segment from index:0
2019-11-15 00:57:23,328 [efbac357-ca4e-4ee4-91b4-c654bf02dfcf@group-1012B3444813-LeaderElection35] INFO  impl.RaftServerImpl (ServerState.java:setRaftConf(356)) - efbac357-ca4e-4ee4-91b4-c654bf02dfcf@group-1012B3444813: set configuration 0: [efbac357-ca4e-4ee4-91b4-c654bf02dfcf:192.168.164.208:33848], old=null at 0
2019-11-15 00:57:23,328 [8692cc3a-c5e2-4bd5-b878-b8217203f52e@group-F736BE448A28-LeaderElection36] INFO  impl.RaftServerImpl (ServerState.java:setRaftConf(356)) - 8692cc3a-c5e2-4bd5-b878-b8217203f52e@group-F736BE448A28: set configuration 0: [8692cc3a-c5e2-4bd5-b878-b8217203f52e:192.168.164.208:45622], old=null at 0
2019-11-15 00:57:23,370 [efbac357-ca4e-4ee4-91b4-c654bf02dfcf@group-1012B3444813-SegmentedRaftLogWorker] INFO  segmented.SegmentedRaftLogWorker (SegmentedRaftLogWorker.java:execute(576)) - efbac357-ca4e-4ee4-91b4-c654bf02dfcf@group-1012B3444813-SegmentedRaftLogWorker: created new log segment /workdir/hadoop-ozone/integration-test/target/test-dir/MiniOzoneClusterImpl-8fc52630-20fd-4955-97d1-2a2852f9ee58/datanode-6/data/ratis/d48a9eae-e2d9-483e-9401-1012b3444813/current/log_inprogress_0
2019-11-15 00:57:23,370 [8692cc3a-c5e2-4bd5-b878-b8217203f52e@group-F736BE448A28-SegmentedRaftLogWorker] INFO  segmented.SegmentedRaftLogWorker (SegmentedRaftLogWorker.java:execute(576)) - 8692cc3a-c5e2-4bd5-b878-b8217203f52e@group-F736BE448A28-SegmentedRaftLogWorker: created new log segment /workdir/hadoop-ozone/integration-test/target/test-dir/MiniOzoneClusterImpl-8fc52630-20fd-4955-97d1-2a2852f9ee58/datanode-8/data/ratis/90bf92a0-ffa1-4422-8abe-f736be448a28/current/log_inprogress_0
2019-11-15 00:57:23,399 [Thread-1350] INFO  impl.FollowerState (FollowerState.java:run(111)) - e96d2cc9-026c-4220-b0f4-2bd3b4d5a924@group-7CEDA9F8AB68-FollowerState: change to CANDIDATE, lastRpcTime:1160ms, electionTimeout:1160ms
2019-11-15 00:57:23,399 [Thread-1350] INFO  impl.RoleInfo (RoleInfo.java:shutdownFollowerState(121)) - e96d2cc9-026c-4220-b0f4-2bd3b4d5a924: shutdown FollowerState
2019-11-15 00:57:23,399 [Thread-1350] INFO  impl.RaftServerImpl (RaftServerImpl.java:setRole(173)) - e96d2cc9-026c-4220-b0f4-2bd3b4d5a924@group-7CEDA9F8AB68: changes role from  FOLLOWER to CANDIDATE at term 0 for changeToCandidate
2019-11-15 00:57:23,399 [Thread-1350] INFO  impl.RoleInfo (RoleInfo.java:updateAndGet(143)) - e96d2cc9-026c-4220-b0f4-2bd3b4d5a924: start LeaderElection
2019-11-15 00:57:23,405 [main] INFO  ozone.MiniOzoneClusterImpl (MiniOzoneClusterImpl.java:lambda$waitForClusterToBeReady$2(163)) - Waiting for 3 number of pipelines out of 13, to report a leader.
2019-11-15 00:57:23,417 [e96d2cc9-026c-4220-b0f4-2bd3b4d5a924@group-7CEDA9F8AB68-LeaderElection37] INFO  impl.LeaderElection (LeaderElection.java:askForVotes(178)) - e96d2cc9-026c-4220-b0f4-2bd3b4d5a924@group-7CEDA9F8AB68-LeaderElection37: begin an election at term 1 for -1: [e96d2cc9-026c-4220-b0f4-2bd3b4d5a924:192.168.164.208:39163], old=null
2019-11-15 00:57:23,417 [e96d2cc9-026c-4220-b0f4-2bd3b4d5a924@group-7CEDA9F8AB68-LeaderElection37] INFO  impl.RoleInfo (RoleInfo.java:shutdownLeaderElection(134)) - e96d2cc9-026c-4220-b0f4-2bd3b4d5a924: shutdown LeaderElection
2019-11-15 00:57:23,417 [e96d2cc9-026c-4220-b0f4-2bd3b4d5a924@group-7CEDA9F8AB68-LeaderElection37] INFO  impl.RaftServerImpl (RaftServerImpl.java:setRole(173)) - e96d2cc9-026c-4220-b0f4-2bd3b4d5a924@group-7CEDA9F8AB68: changes role from CANDIDATE to LEADER at term 1 for changeToLeader
2019-11-15 00:57:23,417 [e96d2cc9-026c-4220-b0f4-2bd3b4d5a924@group-7CEDA9F8AB68-LeaderElection37] INFO  ratis.XceiverServerRatis (XceiverServerRatis.java:handleLeaderChangedNotification(697)) - Leader change notification received for group: group-7CEDA9F8AB68 with new leaderId: e96d2cc9-026c-4220-b0f4-2bd3b4d5a924
2019-11-15 00:57:23,418 [e96d2cc9-026c-4220-b0f4-2bd3b4d5a924@group-7CEDA9F8AB68-LeaderElection37] INFO  impl.RaftServerImpl (ServerState.java:setLeader(255)) - e96d2cc9-026c-4220-b0f4-2bd3b4d5a924@group-7CEDA9F8AB68: change Leader from null to e96d2cc9-026c-4220-b0f4-2bd3b4d5a924 at term 1 for becomeLeader, leader elected after 1183ms
2019-11-15 00:57:23,418 [e96d2cc9-026c-4220-b0f4-2bd3b4d5a924@group-7CEDA9F8AB68-LeaderElection37] INFO  server.RaftServerConfigKeys (ConfUtils.java:logGet(43)) - raft.server.staging.catchup.gap = 1000 (default)
2019-11-15 00:57:23,418 [e96d2cc9-026c-4220-b0f4-2bd3b4d5a924@group-7CEDA9F8AB68-LeaderElection37] INFO  server.RaftServerConfigKeys (ConfUtils.java:logGet(43)) - raft.server.rpc.sleep.time = 25ms (default)
2019-11-15 00:57:23,420 [e96d2cc9-026c-4220-b0f4-2bd3b4d5a924@group-7CEDA9F8AB68-LeaderElection37] INFO  server.RaftServerConfigKeys (ConfUtils.java:logGet(43)) - raft.server.write.element-limit = 4096 (default)
2019-11-15 00:57:23,420 [e96d2cc9-026c-4220-b0f4-2bd3b4d5a924@group-7CEDA9F8AB68-LeaderElection37] INFO  server.RaftServerConfigKeys (ConfUtils.java:logGet(43)) - raft.server.watch.timeout = 10s (default)
2019-11-15 00:57:23,420 [e96d2cc9-026c-4220-b0f4-2bd3b4d5a924@group-7CEDA9F8AB68-LeaderElection37] INFO  server.RaftServerConfigKeys (ConfUtils.java:logGet(43)) - raft.server.watch.timeout.denomination = 1s (default)
2019-11-15 00:57:23,420 [e96d2cc9-026c-4220-b0f4-2bd3b4d5a924@group-7CEDA9F8AB68-LeaderElection37] INFO  server.RaftServerConfigKeys (ConfUtils.java:logGet(43)) - raft.server.watch.element-limit = 65536 (default)
2019-11-15 00:57:23,420 [e96d2cc9-026c-4220-b0f4-2bd3b4d5a924@group-7CEDA9F8AB68-LeaderElection37] INFO  impl.RoleInfo (RoleInfo.java:updateAndGet(143)) - e96d2cc9-026c-4220-b0f4-2bd3b4d5a924: start LeaderState
2019-11-15 00:57:23,420 [EventQueue-PipelineReportForPipelineReportHandler] INFO  pipeline.PipelineStateManager (PipelineStateManager.java:openPipeline(134)) - Pipeline Pipeline[ Id: 559432a8-b941-49fa-9dfe-7ceda9f8ab68, Nodes: e96d2cc9-026c-4220-b0f4-2bd3b4d5a924{ip: 192.168.164.208, host: pr-hdds-2442-bxv5b-1523879440, networkLocation: /rack1, certSerialId: null}, Type:RATIS, Factor:ONE, State:OPEN] moved to OPEN state
2019-11-15 00:57:23,421 [e96d2cc9-026c-4220-b0f4-2bd3b4d5a924@group-7CEDA9F8AB68-LeaderElection37] INFO  segmented.SegmentedRaftLogWorker (SegmentedRaftLogWorker.java:startLogSegment(385)) - e96d2cc9-026c-4220-b0f4-2bd3b4d5a924@group-7CEDA9F8AB68-SegmentedRaftLogWorker: Starting segment from index:0
2019-11-15 00:57:23,421 [e96d2cc9-026c-4220-b0f4-2bd3b4d5a924@group-7CEDA9F8AB68-LeaderElection37] INFO  impl.RaftServerImpl (ServerState.java:setRaftConf(356)) - e96d2cc9-026c-4220-b0f4-2bd3b4d5a924@group-7CEDA9F8AB68: set configuration 0: [e96d2cc9-026c-4220-b0f4-2bd3b4d5a924:192.168.164.208:39163], old=null at 0
2019-11-15 00:57:23,438 [Thread-1363] INFO  impl.FollowerState (FollowerState.java:run(111)) - efbac357-ca4e-4ee4-91b4-c654bf02dfcf@group-01305F8CABE6-FollowerState: change to CANDIDATE, lastRpcTime:1041ms, electionTimeout:1041ms
2019-11-15 00:57:23,438 [Thread-1363] INFO  impl.RoleInfo (RoleInfo.java:shutdownFollowerState(121)) - efbac357-ca4e-4ee4-91b4-c654bf02dfcf: shutdown FollowerState
2019-11-15 00:57:23,439 [Thread-1363] INFO  impl.RaftServerImpl (RaftServerImpl.java:setRole(173)) - efbac357-ca4e-4ee4-91b4-c654bf02dfcf@group-01305F8CABE6: changes role from  FOLLOWER to CANDIDATE at term 0 for changeToCandidate
2019-11-15 00:57:23,439 [Thread-1363] INFO  impl.RoleInfo (RoleInfo.java:updateAndGet(143)) - efbac357-ca4e-4ee4-91b4-c654bf02dfcf: start LeaderElection
2019-11-15 00:57:23,461 [Thread-1356] INFO  impl.FollowerState (FollowerState.java:run(111)) - 0bfc3546-5406-43b9-8d67-9a12bf5503d8@group-DFC8554304F9-FollowerState: change to CANDIDATE, lastRpcTime:1131ms, electionTimeout:1130ms
2019-11-15 00:57:23,461 [Thread-1356] INFO  impl.RoleInfo (RoleInfo.java:shutdownFollowerState(121)) - 0bfc3546-5406-43b9-8d67-9a12bf5503d8: shutdown FollowerState
2019-11-15 00:57:23,461 [Thread-1356] INFO  impl.RaftServerImpl (RaftServerImpl.java:setRole(173)) - 0bfc3546-5406-43b9-8d67-9a12bf5503d8@group-DFC8554304F9: changes role from  FOLLOWER to CANDIDATE at term 0 for changeToCandidate
2019-11-15 00:57:23,461 [Thread-1356] INFO  impl.RoleInfo (RoleInfo.java:updateAndGet(143)) - 0bfc3546-5406-43b9-8d67-9a12bf5503d8: start LeaderElection
2019-11-15 00:57:23,472 [e96d2cc9-026c-4220-b0f4-2bd3b4d5a924@group-7CEDA9F8AB68-SegmentedRaftLogWorker] INFO  segmented.SegmentedRaftLogWorker (SegmentedRaftLogWorker.java:execute(576)) - e96d2cc9-026c-4220-b0f4-2bd3b4d5a924@group-7CEDA9F8AB68-SegmentedRaftLogWorker: created new log segment /workdir/hadoop-ozone/integration-test/target/test-dir/MiniOzoneClusterImpl-8fc52630-20fd-4955-97d1-2a2852f9ee58/datanode-7/data/ratis/559432a8-b941-49fa-9dfe-7ceda9f8ab68/current/log_inprogress_0
2019-11-15 00:57:23,482 [efbac357-ca4e-4ee4-91b4-c654bf02dfcf@group-01305F8CABE6-LeaderElection38] INFO  impl.LeaderElection (LeaderElection.java:askForVotes(178)) - efbac357-ca4e-4ee4-91b4-c654bf02dfcf@group-01305F8CABE6-LeaderElection38: begin an election at term 1 for -1: [0bfc3546-5406-43b9-8d67-9a12bf5503d8:192.168.164.208:37596, efbac357-ca4e-4ee4-91b4-c654bf02dfcf:192.168.164.208:33848, 8692cc3a-c5e2-4bd5-b878-b8217203f52e:192.168.164.208:45622], old=null
2019-11-15 00:57:23,484 [0bfc3546-5406-43b9-8d67-9a12bf5503d8@group-DFC8554304F9-LeaderElection39] INFO  impl.LeaderElection (LeaderElection.java:askForVotes(178)) - 0bfc3546-5406-43b9-8d67-9a12bf5503d8@group-DFC8554304F9-LeaderElection39: begin an election at term 1 for -1: [0bfc3546-5406-43b9-8d67-9a12bf5503d8:192.168.164.208:37596], old=null
2019-11-15 00:57:23,484 [0bfc3546-5406-43b9-8d67-9a12bf5503d8@group-DFC8554304F9-LeaderElection39] INFO  impl.RoleInfo (RoleInfo.java:shutdownLeaderElection(134)) - 0bfc3546-5406-43b9-8d67-9a12bf5503d8: shutdown LeaderElection
2019-11-15 00:57:23,484 [0bfc3546-5406-43b9-8d67-9a12bf5503d8@group-DFC8554304F9-LeaderElection39] INFO  impl.RaftServerImpl (RaftServerImpl.java:setRole(173)) - 0bfc3546-5406-43b9-8d67-9a12bf5503d8@group-DFC8554304F9: changes role from CANDIDATE to LEADER at term 1 for changeToLeader
2019-11-15 00:57:23,484 [0bfc3546-5406-43b9-8d67-9a12bf5503d8@group-DFC8554304F9-LeaderElection39] INFO  ratis.XceiverServerRatis (XceiverServerRatis.java:handleLeaderChangedNotification(697)) - Leader change notification received for group: group-DFC8554304F9 with new leaderId: 0bfc3546-5406-43b9-8d67-9a12bf5503d8
2019-11-15 00:57:23,484 [0bfc3546-5406-43b9-8d67-9a12bf5503d8@group-DFC8554304F9-LeaderElection39] INFO  impl.RaftServerImpl (ServerState.java:setLeader(255)) - 0bfc3546-5406-43b9-8d67-9a12bf5503d8@group-DFC8554304F9: change Leader from null to 0bfc3546-5406-43b9-8d67-9a12bf5503d8 at term 1 for becomeLeader, leader elected after 1158ms
2019-11-15 00:57:23,484 [0bfc3546-5406-43b9-8d67-9a12bf5503d8@group-DFC8554304F9-LeaderElection39] INFO  server.RaftServerConfigKeys (ConfUtils.java:logGet(43)) - raft.server.staging.catchup.gap = 1000 (default)
2019-11-15 00:57:23,485 [0bfc3546-5406-43b9-8d67-9a12bf5503d8@group-DFC8554304F9-LeaderElection39] INFO  server.RaftServerConfigKeys (ConfUtils.java:logGet(43)) - raft.server.rpc.sleep.time = 25ms (default)
2019-11-15 00:57:23,487 [0bfc3546-5406-43b9-8d67-9a12bf5503d8@group-DFC8554304F9-LeaderElection39] INFO  server.RaftServerConfigKeys (ConfUtils.java:logGet(43)) - raft.server.write.element-limit = 4096 (default)
2019-11-15 00:57:23,487 [0bfc3546-5406-43b9-8d67-9a12bf5503d8@group-DFC8554304F9-LeaderElection39] INFO  server.RaftServerConfigKeys (ConfUtils.java:logGet(43)) - raft.server.watch.timeout = 10s (default)
2019-11-15 00:57:23,488 [0bfc3546-5406-43b9-8d67-9a12bf5503d8@group-DFC8554304F9-LeaderElection39] INFO  server.RaftServerConfigKeys (ConfUtils.java:logGet(43)) - raft.server.watch.timeout.denomination = 1s (default)
2019-11-15 00:57:23,488 [0bfc3546-5406-43b9-8d67-9a12bf5503d8@group-DFC8554304F9-LeaderElection39] INFO  server.RaftServerConfigKeys (ConfUtils.java:logGet(43)) - raft.server.watch.element-limit = 65536 (default)
2019-11-15 00:57:23,488 [EventQueue-PipelineReportForPipelineReportHandler] INFO  pipeline.PipelineStateManager (PipelineStateManager.java:openPipeline(134)) - Pipeline Pipeline[ Id: ae628117-158c-48e7-993e-dfc8554304f9, Nodes: 0bfc3546-5406-43b9-8d67-9a12bf5503d8{ip: 192.168.164.208, host: pr-hdds-2442-bxv5b-1523879440, networkLocation: /rack1, certSerialId: null}, Type:RATIS, Factor:ONE, State:OPEN] moved to OPEN state
2019-11-15 00:57:23,488 [0bfc3546-5406-43b9-8d67-9a12bf5503d8@group-DFC8554304F9-LeaderElection39] INFO  impl.RoleInfo (RoleInfo.java:updateAndGet(143)) - 0bfc3546-5406-43b9-8d67-9a12bf5503d8: start LeaderState
2019-11-15 00:57:23,488 [0bfc3546-5406-43b9-8d67-9a12bf5503d8@group-DFC8554304F9-LeaderElection39] INFO  segmented.SegmentedRaftLogWorker (SegmentedRaftLogWorker.java:startLogSegment(385)) - 0bfc3546-5406-43b9-8d67-9a12bf5503d8@group-DFC8554304F9-SegmentedRaftLogWorker: Starting segment from index:0
2019-11-15 00:57:23,489 [0bfc3546-5406-43b9-8d67-9a12bf5503d8@group-DFC8554304F9-LeaderElection39] INFO  impl.RaftServerImpl (ServerState.java:setRaftConf(356)) - 0bfc3546-5406-43b9-8d67-9a12bf5503d8@group-DFC8554304F9: set configuration 0: [0bfc3546-5406-43b9-8d67-9a12bf5503d8:192.168.164.208:37596], old=null at 0
2019-11-15 00:57:23,517 [grpc-default-executor-4] INFO  impl.RaftServerImpl (RaftServerImpl.java:setRole(173)) - 0bfc3546-5406-43b9-8d67-9a12bf5503d8@group-01305F8CABE6: changes role from  FOLLOWER to FOLLOWER at term 1 for recognizeCandidate:efbac357-ca4e-4ee4-91b4-c654bf02dfcf
2019-11-15 00:57:23,517 [grpc-default-executor-4] INFO  impl.RoleInfo (RoleInfo.java:shutdownFollowerState(121)) - 0bfc3546-5406-43b9-8d67-9a12bf5503d8: shutdown FollowerState
2019-11-15 00:57:23,517 [Thread-1359] INFO  impl.FollowerState (FollowerState.java:run(120)) - 0bfc3546-5406-43b9-8d67-9a12bf5503d8@group-01305F8CABE6-FollowerState was interrupted: java.lang.InterruptedException: sleep interrupted
2019-11-15 00:57:23,517 [grpc-default-executor-4] INFO  impl.RoleInfo (RoleInfo.java:updateAndGet(143)) - 0bfc3546-5406-43b9-8d67-9a12bf5503d8: start FollowerState
2019-11-15 00:57:23,521 [grpc-default-executor-5] INFO  impl.RaftServerImpl (RaftServerImpl.java:setRole(173)) - 8692cc3a-c5e2-4bd5-b878-b8217203f52e@group-01305F8CABE6: changes role from  FOLLOWER to FOLLOWER at term 1 for recognizeCandidate:efbac357-ca4e-4ee4-91b4-c654bf02dfcf
2019-11-15 00:57:23,521 [grpc-default-executor-5] INFO  impl.RoleInfo (RoleInfo.java:shutdownFollowerState(121)) - 8692cc3a-c5e2-4bd5-b878-b8217203f52e: shutdown FollowerState
2019-11-15 00:57:23,521 [grpc-default-executor-5] INFO  impl.RoleInfo (RoleInfo.java:updateAndGet(143)) - 8692cc3a-c5e2-4bd5-b878-b8217203f52e: start FollowerState
2019-11-15 00:57:23,521 [Thread-1364] INFO  impl.FollowerState (FollowerState.java:run(120)) - 8692cc3a-c5e2-4bd5-b878-b8217203f52e@group-01305F8CABE6-FollowerState was interrupted: java.lang.InterruptedException: sleep interrupted
2019-11-15 00:57:23,530 [0bfc3546-5406-43b9-8d67-9a12bf5503d8@group-DFC8554304F9-SegmentedRaftLogWorker] INFO  segmented.SegmentedRaftLogWorker (SegmentedRaftLogWorker.java:execute(576)) - 0bfc3546-5406-43b9-8d67-9a12bf5503d8@group-DFC8554304F9-SegmentedRaftLogWorker: created new log segment /workdir/hadoop-ozone/integration-test/target/test-dir/MiniOzoneClusterImpl-8fc52630-20fd-4955-97d1-2a2852f9ee58/datanode-9/data/ratis/ae628117-158c-48e7-993e-dfc8554304f9/current/log_inprogress_0
2019-11-15 00:57:23,531 [efbac357-ca4e-4ee4-91b4-c654bf02dfcf@group-01305F8CABE6-LeaderElection38] INFO  impl.LeaderElection (LeaderElection.java:logAndReturn(56)) - efbac357-ca4e-4ee4-91b4-c654bf02dfcf@group-01305F8CABE6-LeaderElection38: Election PASSED; received 1 response(s) [efbac357-ca4e-4ee4-91b4-c654bf02dfcf<-0bfc3546-5406-43b9-8d67-9a12bf5503d8#0:OK-t1] and 0 exception(s); efbac357-ca4e-4ee4-91b4-c654bf02dfcf@group-01305F8CABE6:t1, leader=null, voted=efbac357-ca4e-4ee4-91b4-c654bf02dfcf, raftlog=efbac357-ca4e-4ee4-91b4-c654bf02dfcf@group-01305F8CABE6-SegmentedRaftLog:OPENED:c-1,f-1,i0, conf=-1: [0bfc3546-5406-43b9-8d67-9a12bf5503d8:192.168.164.208:37596, efbac357-ca4e-4ee4-91b4-c654bf02dfcf:192.168.164.208:33848, 8692cc3a-c5e2-4bd5-b878-b8217203f52e:192.168.164.208:45622], old=null
2019-11-15 00:57:23,531 [efbac357-ca4e-4ee4-91b4-c654bf02dfcf@group-01305F8CABE6-LeaderElection38] INFO  impl.RoleInfo (RoleInfo.java:shutdownLeaderElection(134)) - efbac357-ca4e-4ee4-91b4-c654bf02dfcf: shutdown LeaderElection
2019-11-15 00:57:23,531 [efbac357-ca4e-4ee4-91b4-c654bf02dfcf@group-01305F8CABE6-LeaderElection38] INFO  impl.RaftServerImpl (RaftServerImpl.java:setRole(173)) - efbac357-ca4e-4ee4-91b4-c654bf02dfcf@group-01305F8CABE6: changes role from CANDIDATE to LEADER at term 1 for changeToLeader
2019-11-15 00:57:23,531 [efbac357-ca4e-4ee4-91b4-c654bf02dfcf@group-01305F8CABE6-LeaderElection38] INFO  ratis.XceiverServerRatis (XceiverServerRatis.java:handleLeaderChangedNotification(697)) - Leader change notification received for group: group-01305F8CABE6 with new leaderId: efbac357-ca4e-4ee4-91b4-c654bf02dfcf
2019-11-15 00:57:23,532 [efbac357-ca4e-4ee4-91b4-c654bf02dfcf@group-01305F8CABE6-LeaderElection38] INFO  impl.RaftServerImpl (ServerState.java:setLeader(255)) - efbac357-ca4e-4ee4-91b4-c654bf02dfcf@group-01305F8CABE6: change Leader from null to efbac357-ca4e-4ee4-91b4-c654bf02dfcf at term 1 for becomeLeader, leader elected after 1145ms
2019-11-15 00:57:23,532 [efbac357-ca4e-4ee4-91b4-c654bf02dfcf@group-01305F8CABE6-LeaderElection38] INFO  server.RaftServerConfigKeys (ConfUtils.java:logGet(43)) - raft.server.staging.catchup.gap = 1000 (default)
2019-11-15 00:57:23,532 [efbac357-ca4e-4ee4-91b4-c654bf02dfcf@group-01305F8CABE6-LeaderElection38] INFO  server.RaftServerConfigKeys (ConfUtils.java:logGet(43)) - raft.server.rpc.sleep.time = 25ms (default)
2019-11-15 00:57:23,532 [efbac357-ca4e-4ee4-91b4-c654bf02dfcf@group-01305F8CABE6-LeaderElection38] INFO  server.RaftServerConfigKeys (ConfUtils.java:logGet(43)) - raft.server.write.element-limit = 4096 (default)
2019-11-15 00:57:23,532 [efbac357-ca4e-4ee4-91b4-c654bf02dfcf@group-01305F8CABE6-LeaderElection38] INFO  server.RaftServerConfigKeys (ConfUtils.java:logGet(43)) - raft.server.watch.timeout = 10s (default)
2019-11-15 00:57:23,533 [efbac357-ca4e-4ee4-91b4-c654bf02dfcf@group-01305F8CABE6-LeaderElection38] INFO  server.RaftServerConfigKeys (ConfUtils.java:logGet(43)) - raft.server.watch.timeout.denomination = 1s (default)
2019-11-15 00:57:23,533 [efbac357-ca4e-4ee4-91b4-c654bf02dfcf@group-01305F8CABE6-LeaderElection38] INFO  server.RaftServerConfigKeys (ConfUtils.java:logGet(43)) - raft.server.watch.element-limit = 65536 (default)
2019-11-15 00:57:23,533 [EventQueue-PipelineReportForPipelineReportHandler] INFO  pipeline.PipelineStateManager (PipelineStateManager.java:openPipeline(134)) - Pipeline Pipeline[ Id: 2c8819cd-230a-4946-80cb-01305f8cabe6, Nodes: efbac357-ca4e-4ee4-91b4-c654bf02dfcf{ip: 192.168.164.208, host: pr-hdds-2442-bxv5b-1523879440, networkLocation: /rack1, certSerialId: null}8692cc3a-c5e2-4bd5-b878-b8217203f52e{ip: 192.168.164.208, host: pr-hdds-2442-bxv5b-1523879440, networkLocation: /rack1, certSerialId: null}0bfc3546-5406-43b9-8d67-9a12bf5503d8{ip: 192.168.164.208, host: pr-hdds-2442-bxv5b-1523879440, networkLocation: /rack1, certSerialId: null}, Type:RATIS, Factor:THREE, State:OPEN] moved to OPEN state
2019-11-15 00:57:23,535 [efbac357-ca4e-4ee4-91b4-c654bf02dfcf@group-01305F8CABE6-LeaderElection38] INFO  server.RaftServerConfigKeys (ConfUtils.java:logGet(43)) - raft.server.log.appender.snapshot.chunk.size.max = 16MB (=16777216) (default)
2019-11-15 00:57:23,535 [efbac357-ca4e-4ee4-91b4-c654bf02dfcf@group-01305F8CABE6-LeaderElection38] INFO  server.RaftServerConfigKeys (ConfUtils.java:logGet(43)) - raft.server.log.appender.buffer.byte-limit = 33554432 (custom)
2019-11-15 00:57:23,536 [efbac357-ca4e-4ee4-91b4-c654bf02dfcf@group-01305F8CABE6-LeaderElection38] INFO  server.RaftServerConfigKeys (ConfUtils.java:logGet(43)) - raft.server.log.appender.buffer.element-limit = 1 (custom)
2019-11-15 00:57:23,536 [efbac357-ca4e-4ee4-91b4-c654bf02dfcf@group-01305F8CABE6-LeaderElection38] INFO  grpc.GrpcConfigKeys$Server (ConfUtils.java:logGet(43)) - raft.grpc.server.leader.outstanding.appends.max = 128 (default)
2019-11-15 00:57:23,536 [efbac357-ca4e-4ee4-91b4-c654bf02dfcf@group-01305F8CABE6-LeaderElection38] INFO  server.RaftServerConfigKeys (ConfUtils.java:logGet(43)) - raft.server.rpc.request.timeout = 3000ms (default)
2019-11-15 00:57:23,536 [efbac357-ca4e-4ee4-91b4-c654bf02dfcf@group-01305F8CABE6-LeaderElection38] INFO  server.RaftServerConfigKeys (ConfUtils.java:logGet(43)) - raft.server.log.appender.install.snapshot.enabled = false (custom)
2019-11-15 00:57:23,536 [efbac357-ca4e-4ee4-91b4-c654bf02dfcf@group-01305F8CABE6-LeaderElection38] WARN  impl.MetricRegistriesImpl (MetricRegistriesImpl.java:lambda$create$1(61)) - First MetricRegistry has been created without registering reporters. You may need to call MetricRegistries.global().addReportRegistration(...) before.
2019-11-15 00:57:23,537 [efbac357-ca4e-4ee4-91b4-c654bf02dfcf@group-01305F8CABE6-LeaderElection38] INFO  server.RaftServerConfigKeys (ConfUtils.java:logGet(43)) - raft.server.log.appender.snapshot.chunk.size.max = 16MB (=16777216) (default)
2019-11-15 00:57:23,537 [efbac357-ca4e-4ee4-91b4-c654bf02dfcf@group-01305F8CABE6-LeaderElection38] INFO  server.RaftServerConfigKeys (ConfUtils.java:logGet(43)) - raft.server.log.appender.buffer.byte-limit = 33554432 (custom)
2019-11-15 00:57:23,537 [efbac357-ca4e-4ee4-91b4-c654bf02dfcf@group-01305F8CABE6-LeaderElection38] INFO  server.RaftServerConfigKeys (ConfUtils.java:logGet(43)) - raft.server.log.appender.buffer.element-limit = 1 (custom)
2019-11-15 00:57:23,537 [efbac357-ca4e-4ee4-91b4-c654bf02dfcf@group-01305F8CABE6-LeaderElection38] INFO  grpc.GrpcConfigKeys$Server (ConfUtils.java:logGet(43)) - raft.grpc.server.leader.outstanding.appends.max = 128 (default)
2019-11-15 00:57:23,537 [efbac357-ca4e-4ee4-91b4-c654bf02dfcf@group-01305F8CABE6-LeaderElection38] INFO  server.RaftServerConfigKeys (ConfUtils.java:logGet(43)) - raft.server.rpc.request.timeout = 3000ms (default)
2019-11-15 00:57:23,537 [efbac357-ca4e-4ee4-91b4-c654bf02dfcf@group-01305F8CABE6-LeaderElection38] INFO  server.RaftServerConfigKeys (ConfUtils.java:logGet(43)) - raft.server.log.appender.install.snapshot.enabled = false (custom)
2019-11-15 00:57:23,538 [efbac357-ca4e-4ee4-91b4-c654bf02dfcf@group-01305F8CABE6-LeaderElection38] INFO  impl.RoleInfo (RoleInfo.java:updateAndGet(143)) - efbac357-ca4e-4ee4-91b4-c654bf02dfcf: start LeaderState
2019-11-15 00:57:23,538 [efbac357-ca4e-4ee4-91b4-c654bf02dfcf@group-01305F8CABE6-LeaderElection38] INFO  segmented.SegmentedRaftLogWorker (SegmentedRaftLogWorker.java:startLogSegment(385)) - efbac357-ca4e-4ee4-91b4-c654bf02dfcf@group-01305F8CABE6-SegmentedRaftLogWorker: Starting segment from index:0
2019-11-15 00:57:23,539 [efbac357-ca4e-4ee4-91b4-c654bf02dfcf@group-01305F8CABE6-LeaderElection38] INFO  impl.RaftServerImpl (ServerState.java:setRaftConf(356)) - efbac357-ca4e-4ee4-91b4-c654bf02dfcf@group-01305F8CABE6: set configuration 0: [0bfc3546-5406-43b9-8d67-9a12bf5503d8:192.168.164.208:37596, efbac357-ca4e-4ee4-91b4-c654bf02dfcf:192.168.164.208:33848, 8692cc3a-c5e2-4bd5-b878-b8217203f52e:192.168.164.208:45622], old=null at 0
2019-11-15 00:57:23,573 [grpc-default-executor-5] INFO  ratis.XceiverServerRatis (XceiverServerRatis.java:handleLeaderChangedNotification(697)) - Leader change notification received for group: group-01305F8CABE6 with new leaderId: efbac357-ca4e-4ee4-91b4-c654bf02dfcf
2019-11-15 00:57:23,575 [grpc-default-executor-5] INFO  impl.RaftServerImpl (ServerState.java:setLeader(255)) - 0bfc3546-5406-43b9-8d67-9a12bf5503d8@group-01305F8CABE6: change Leader from null to efbac357-ca4e-4ee4-91b4-c654bf02dfcf at term 1 for appendEntries, leader elected after 1187ms
2019-11-15 00:57:23,576 [grpc-default-executor-5] INFO  ratis.XceiverServerRatis (XceiverServerRatis.java:handleLeaderChangedNotification(697)) - Leader change notification received for group: group-01305F8CABE6 with new leaderId: efbac357-ca4e-4ee4-91b4-c654bf02dfcf
2019-11-15 00:57:23,576 [grpc-default-executor-5] INFO  impl.RaftServerImpl (ServerState.java:setLeader(255)) - 8692cc3a-c5e2-4bd5-b878-b8217203f52e@group-01305F8CABE6: change Leader from null to efbac357-ca4e-4ee4-91b4-c654bf02dfcf at term 1 for appendEntries, leader elected after 1189ms
2019-11-15 00:57:23,579 [grpc-default-executor-5] INFO  impl.RaftServerImpl (ServerState.java:setRaftConf(356)) - 0bfc3546-5406-43b9-8d67-9a12bf5503d8@group-01305F8CABE6: set configuration 0: [0bfc3546-5406-43b9-8d67-9a12bf5503d8:192.168.164.208:37596, efbac357-ca4e-4ee4-91b4-c654bf02dfcf:192.168.164.208:33848, 8692cc3a-c5e2-4bd5-b878-b8217203f52e:192.168.164.208:45622], old=null at 0
2019-11-15 00:57:23,579 [grpc-default-executor-5] INFO  segmented.SegmentedRaftLogWorker (SegmentedRaftLogWorker.java:startLogSegment(385)) - 0bfc3546-5406-43b9-8d67-9a12bf5503d8@group-01305F8CABE6-SegmentedRaftLogWorker: Starting segment from index:0
2019-11-15 00:57:23,580 [grpc-default-executor-5] INFO  impl.RaftServerImpl (ServerState.java:setRaftConf(356)) - 8692cc3a-c5e2-4bd5-b878-b8217203f52e@group-01305F8CABE6: set configuration 0: [0bfc3546-5406-43b9-8d67-9a12bf5503d8:192.168.164.208:37596, efbac357-ca4e-4ee4-91b4-c654bf02dfcf:192.168.164.208:33848, 8692cc3a-c5e2-4bd5-b878-b8217203f52e:192.168.164.208:45622], old=null at 0
2019-11-15 00:57:23,580 [grpc-default-executor-5] INFO  segmented.SegmentedRaftLogWorker (SegmentedRaftLogWorker.java:startLogSegment(385)) - 8692cc3a-c5e2-4bd5-b878-b8217203f52e@group-01305F8CABE6-SegmentedRaftLogWorker: Starting segment from index:0
2019-11-15 00:57:23,587 [efbac357-ca4e-4ee4-91b4-c654bf02dfcf@group-01305F8CABE6-SegmentedRaftLogWorker] INFO  segmented.SegmentedRaftLogWorker (SegmentedRaftLogWorker.java:execute(576)) - efbac357-ca4e-4ee4-91b4-c654bf02dfcf@group-01305F8CABE6-SegmentedRaftLogWorker: created new log segment /workdir/hadoop-ozone/integration-test/target/test-dir/MiniOzoneClusterImpl-8fc52630-20fd-4955-97d1-2a2852f9ee58/datanode-6/data/ratis/2c8819cd-230a-4946-80cb-01305f8cabe6/current/log_inprogress_0
2019-11-15 00:57:23,617 [0bfc3546-5406-43b9-8d67-9a12bf5503d8@group-01305F8CABE6-SegmentedRaftLogWorker] INFO  segmented.SegmentedRaftLogWorker (SegmentedRaftLogWorker.java:execute(576)) - 0bfc3546-5406-43b9-8d67-9a12bf5503d8@group-01305F8CABE6-SegmentedRaftLogWorker: created new log segment /workdir/hadoop-ozone/integration-test/target/test-dir/MiniOzoneClusterImpl-8fc52630-20fd-4955-97d1-2a2852f9ee58/datanode-9/data/ratis/2c8819cd-230a-4946-80cb-01305f8cabe6/current/log_inprogress_0
2019-11-15 00:57:23,618 [8692cc3a-c5e2-4bd5-b878-b8217203f52e@group-01305F8CABE6-SegmentedRaftLogWorker] INFO  segmented.SegmentedRaftLogWorker (SegmentedRaftLogWorker.java:execute(576)) - 8692cc3a-c5e2-4bd5-b878-b8217203f52e@group-01305F8CABE6-SegmentedRaftLogWorker: created new log segment /workdir/hadoop-ozone/integration-test/target/test-dir/MiniOzoneClusterImpl-8fc52630-20fd-4955-97d1-2a2852f9ee58/datanode-8/data/ratis/2c8819cd-230a-4946-80cb-01305f8cabe6/current/log_inprogress_0
2019-11-15 00:57:24,407 [main] INFO  ozone.MiniOzoneClusterImpl (MiniOzoneClusterImpl.java:lambda$waitForClusterToBeReady$2(171)) - Cluster is ready. Got 10 of 10 DN Heartbeats.
2019-11-15 00:57:24,434 [main] INFO  rpc.RpcClient (RpcClient.java:createVolume(292)) - Creating Volume: datanodefailurehandlingtest, with jenkins1000 as owner.
2019-11-15 00:57:24,436 [IPC Server handler 18 on 45410] INFO  volume.OMVolumeCreateRequest (OMVolumeCreateRequest.java:validateAndUpdateCache(193)) - created volume:datanodefailurehandlingtest for user:jenkins1000
2019-11-15 00:57:24,465 [main] INFO  rpc.RpcClient (RpcClient.java:createBucket(431)) - Creating Bucket: datanodefailurehandlingtest/datanodefailurehandlingtest, with Versioning false and Storage Type set to DISK and Encryption set to false 
2019-11-15 00:57:24,650 [Thread-1309] INFO  container.ReplicationManager (ReplicationManager.java:start(162)) - Starting Replication Monitor Thread.
2019-11-15 00:57:24,651 [Thread-1309] INFO  pipeline.SCMPipelineManager (SCMPipelineManager.java:finalizeAndDestroyPipeline(315)) - destroying pipeline:Pipeline[ Id: d3954f4b-55a4-44f7-b5e9-bfc48bd27933, Nodes: 4dfd32cc-2252-49fe-ba51-4380d1c0b0d5{ip: 192.168.164.208, host: pr-hdds-2442-bxv5b-1523879440, networkLocation: /rack1, certSerialId: null}, Type:RATIS, Factor:ONE, State:OPEN]
2019-11-15 00:57:24,653 [ReplicationMonitor] INFO  container.ReplicationManager (ReplicationManager.java:run(225)) - Replication Monitor Thread took 1 milliseconds for processing 1 containers.
2019-11-15 00:57:24,654 [Thread-1309] INFO  pipeline.PipelineStateManager (PipelineStateManager.java:finalizePipeline(121)) - Pipeline Pipeline[ Id: d3954f4b-55a4-44f7-b5e9-bfc48bd27933, Nodes: 4dfd32cc-2252-49fe-ba51-4380d1c0b0d5{ip: 192.168.164.208, host: pr-hdds-2442-bxv5b-1523879440, networkLocation: /rack1, certSerialId: null}, Type:RATIS, Factor:ONE, State:CLOSED] moved to CLOSED state
2019-11-15 00:57:24,658 [grpc-default-executor-4] INFO  impl.RaftServerProxy (RaftServerProxy.java:remove(95)) - 4dfd32cc-2252-49fe-ba51-4380d1c0b0d5: remove    LEADER 4dfd32cc-2252-49fe-ba51-4380d1c0b0d5@group-BFC48BD27933:t1, leader=4dfd32cc-2252-49fe-ba51-4380d1c0b0d5, voted=4dfd32cc-2252-49fe-ba51-4380d1c0b0d5, raftlog=4dfd32cc-2252-49fe-ba51-4380d1c0b0d5@group-BFC48BD27933-SegmentedRaftLog:OPENED:c0,f0,i0, conf=0: [4dfd32cc-2252-49fe-ba51-4380d1c0b0d5:192.168.164.208:44082], old=null RUNNING
2019-11-15 00:57:24,658 [grpc-default-executor-4] INFO  impl.RaftServerImpl (RaftServerImpl.java:lambda$shutdown$3(250)) - 4dfd32cc-2252-49fe-ba51-4380d1c0b0d5@group-BFC48BD27933: shutdown
2019-11-15 00:57:24,658 [grpc-default-executor-4] INFO  util.JmxRegister (JmxRegister.java:unregister(73)) - Successfully un-registered JMX Bean with object name Ratis:service=RaftServer,group=group-BFC48BD27933,id=4dfd32cc-2252-49fe-ba51-4380d1c0b0d5
2019-11-15 00:57:24,659 [grpc-default-executor-4] INFO  impl.RoleInfo (RoleInfo.java:shutdownLeaderState(104)) - 4dfd32cc-2252-49fe-ba51-4380d1c0b0d5: shutdown LeaderState
2019-11-15 00:57:24,659 [grpc-default-executor-4] INFO  impl.PendingRequests (PendingRequests.java:sendNotLeaderResponses(206)) - 4dfd32cc-2252-49fe-ba51-4380d1c0b0d5@group-BFC48BD27933-PendingRequests: sendNotLeaderResponses
2019-11-15 00:57:24,659 [grpc-default-executor-4] INFO  impl.StateMachineUpdater (StateMachineUpdater.java:stopAndJoin(136)) - 4dfd32cc-2252-49fe-ba51-4380d1c0b0d5@group-BFC48BD27933-StateMachineUpdater: set stopIndex = 0
2019-11-15 00:57:24,660 [grpc-default-executor-4] INFO  impl.RaftServerImpl (ServerState.java:close(387)) - 4dfd32cc-2252-49fe-ba51-4380d1c0b0d5@group-BFC48BD27933: closes. applyIndex: 0
2019-11-15 00:57:24,660 [4dfd32cc-2252-49fe-ba51-4380d1c0b0d5@group-BFC48BD27933-SegmentedRaftLogWorker] INFO  segmented.SegmentedRaftLogWorker (SegmentedRaftLogWorker.java:run(316)) - 4dfd32cc-2252-49fe-ba51-4380d1c0b0d5@group-BFC48BD27933-SegmentedRaftLogWorker was interrupted, exiting. There are 0 tasks remaining in the queue.
2019-11-15 00:57:24,664 [grpc-default-executor-4] INFO  segmented.SegmentedRaftLogWorker (SegmentedRaftLogWorker.java:close(224)) - 4dfd32cc-2252-49fe-ba51-4380d1c0b0d5@group-BFC48BD27933-SegmentedRaftLogWorker close()
2019-11-15 00:57:24,673 [Thread-1309] INFO  pipeline.PipelineStateManager (PipelineStateManager.java:removePipeline(106)) - Pipeline Pipeline[ Id: d3954f4b-55a4-44f7-b5e9-bfc48bd27933, Nodes: 4dfd32cc-2252-49fe-ba51-4380d1c0b0d5{ip: 192.168.164.208, host: pr-hdds-2442-bxv5b-1523879440, networkLocation: /rack1, certSerialId: null}, Type:RATIS, Factor:ONE, State:CLOSED] removed from db
2019-11-15 00:57:24,676 [Thread-1309] INFO  pipeline.SCMPipelineManager (SCMPipelineManager.java:finalizeAndDestroyPipeline(315)) - destroying pipeline:Pipeline[ Id: 559432a8-b941-49fa-9dfe-7ceda9f8ab68, Nodes: e96d2cc9-026c-4220-b0f4-2bd3b4d5a924{ip: 192.168.164.208, host: pr-hdds-2442-bxv5b-1523879440, networkLocation: /rack1, certSerialId: null}, Type:RATIS, Factor:ONE, State:OPEN]
2019-11-15 00:57:24,680 [grpc-default-executor-4] INFO  impl.RaftServerProxy (RaftServerProxy.java:addNew(89)) - 4dfd32cc-2252-49fe-ba51-4380d1c0b0d5: addNew group-10A6A3E936DF:[4dfd32cc-2252-49fe-ba51-4380d1c0b0d5:192.168.164.208:44082] returns group-10A6A3E936DF:java.util.concurrent.CompletableFuture@478c94fe[Not completed]
2019-11-15 00:57:24,681 [pool-199-thread-1] INFO  impl.RaftServerImpl (RaftServerImpl.java:<init>(98)) - 4dfd32cc-2252-49fe-ba51-4380d1c0b0d5: new RaftServerImpl for group-10A6A3E936DF:[4dfd32cc-2252-49fe-ba51-4380d1c0b0d5:192.168.164.208:44082] with ContainerStateMachine:uninitialized
2019-11-15 00:57:24,681 [pool-199-thread-1] INFO  server.RaftServerConfigKeys (ConfUtils.java:logGet(43)) - raft.server.rpc.timeout.min = 1s (custom)
2019-11-15 00:57:24,681 [pool-199-thread-1] INFO  server.RaftServerConfigKeys (ConfUtils.java:logGet(43)) - raft.server.rpc.timeout.max = 1200ms (custom)
2019-11-15 00:57:24,681 [pool-199-thread-1] INFO  server.RaftServerConfigKeys (ConfUtils.java:logGet(43)) - raft.server.rpcslowness.timeout = 120s (custom)
2019-11-15 00:57:24,681 [pool-199-thread-1] INFO  server.RaftServerConfigKeys (ConfUtils.java:logGet(43)) - raft.server.sleep.deviation.threshold = 300 (default)
2019-11-15 00:57:24,681 [pool-199-thread-1] INFO  server.RaftServerConfigKeys (ConfUtils.java:logGet(43)) - raft.server.log.appender.install.snapshot.enabled = false (custom)
2019-11-15 00:57:24,681 [pool-199-thread-1] INFO  impl.RaftServerImpl (ServerState.java:<init>(103)) - 4dfd32cc-2252-49fe-ba51-4380d1c0b0d5@group-10A6A3E936DF: ConfigurationManager, init=-1: [4dfd32cc-2252-49fe-ba51-4380d1c0b0d5:192.168.164.208:44082], old=null, confs=<EMPTY_MAP>
2019-11-15 00:57:24,682 [pool-199-thread-1] INFO  server.RaftServerConfigKeys (ConfUtils.java:logGet(43)) - raft.server.storage.dir = [/workdir/hadoop-ozone/integration-test/target/test-dir/MiniOzoneClusterImpl-8fc52630-20fd-4955-97d1-2a2852f9ee58/datanode-5/data/ratis] (custom)
2019-11-15 00:57:24,682 [pool-199-thread-1] INFO  server.RaftServerConfigKeys (ConfUtils.java:logGet(43)) - raft.server.log.corruption.policy = EXCEPTION (default)
2019-11-15 00:57:24,682 [pool-199-thread-1] INFO  storage.RaftStorageDirectory (RaftStorageDirectory.java:analyzeStorage(246)) - The storage directory /workdir/hadoop-ozone/integration-test/target/test-dir/MiniOzoneClusterImpl-8fc52630-20fd-4955-97d1-2a2852f9ee58/datanode-5/data/ratis/c77639fa-994d-4c4e-9239-10a6a3e936df does not exist. Creating ...
2019-11-15 00:57:24,686 [pool-199-thread-1] INFO  storage.RaftStorageDirectory (RaftStorageDirectory.java:tryLock(328)) - Lock on /workdir/hadoop-ozone/integration-test/target/test-dir/MiniOzoneClusterImpl-8fc52630-20fd-4955-97d1-2a2852f9ee58/datanode-5/data/ratis/c77639fa-994d-4c4e-9239-10a6a3e936df/in_use.lock acquired by nodename 16745@pr-hdds-2442-bxv5b-1523879440
2019-11-15 00:57:24,690 [pool-199-thread-1] INFO  storage.RaftStorage (RaftStorage.java:format(84)) - Storage directory /workdir/hadoop-ozone/integration-test/target/test-dir/MiniOzoneClusterImpl-8fc52630-20fd-4955-97d1-2a2852f9ee58/datanode-5/data/ratis/c77639fa-994d-4c4e-9239-10a6a3e936df has been successfully formatted.
2019-11-15 00:57:24,690 [pool-199-thread-1] INFO  ratis.ContainerStateMachine (ContainerStateMachine.java:loadSnapshot(223)) - group-10A6A3E936DF: The snapshot info is null. Setting the last applied indexto:(t:0, i:~)
2019-11-15 00:57:24,690 [pool-199-thread-1] INFO  server.RaftServerConfigKeys (ConfUtils.java:logGet(43)) - raft.server.notification.no-leader.timeout = 120s (custom)
2019-11-15 00:57:24,690 [pool-199-thread-1] INFO  server.RaftServerConfigKeys (ConfUtils.java:logGet(43)) - raft.server.log.use.memory = false (default)
2019-11-15 00:57:24,690 [pool-199-thread-1] INFO  server.RaftServerConfigKeys (ConfUtils.java:logGet(43)) - raft.server.log.purge.gap = 1000000 (custom)
2019-11-15 00:57:24,690 [pool-199-thread-1] INFO  server.RaftServerConfigKeys (ConfUtils.java:logGet(43)) - raft.server.log.appender.buffer.byte-limit = 33554432 (custom)
2019-11-15 00:57:24,690 [pool-199-thread-1] INFO  server.RaftServerConfigKeys (ConfUtils.java:logGet(43)) - raft.server.log.segment.size.max = 1048576 (custom)
2019-11-15 00:57:24,690 [pool-199-thread-1] INFO  server.RaftServerConfigKeys (ConfUtils.java:logGet(43)) - raft.server.log.segment.cache.num.max = 2 (custom)
2019-11-15 00:57:24,690 [pool-199-thread-1] INFO  segmented.SegmentedRaftLogWorker (SegmentedRaftLogWorker.java:<init>(173)) - new 4dfd32cc-2252-49fe-ba51-4380d1c0b0d5@group-10A6A3E936DF-SegmentedRaftLogWorker for RaftStorage:Storage Directory /workdir/hadoop-ozone/integration-test/target/test-dir/MiniOzoneClusterImpl-8fc52630-20fd-4955-97d1-2a2852f9ee58/datanode-5/data/ratis/c77639fa-994d-4c4e-9239-10a6a3e936df
2019-11-15 00:57:24,691 [pool-199-thread-1] INFO  server.RaftServerConfigKeys (ConfUtils.java:logGet(43)) - raft.server.log.queue.byte-limit = 2147483647 (custom)
2019-11-15 00:57:24,691 [pool-199-thread-1] INFO  server.RaftServerConfigKeys (ConfUtils.java:logGet(43)) - raft.server.log.queue.element-limit = 1024 (custom)
2019-11-15 00:57:24,691 [pool-199-thread-1] INFO  server.RaftServerConfigKeys (ConfUtils.java:logGet(43)) - raft.server.log.segment.size.max = 1048576 (custom)
2019-11-15 00:57:24,691 [pool-199-thread-1] INFO  server.RaftServerConfigKeys (ConfUtils.java:logGet(43)) - raft.server.log.preallocated.size = 16384 (custom)
2019-11-15 00:57:24,691 [pool-199-thread-1] INFO  server.RaftServerConfigKeys (ConfUtils.java:logGet(43)) - raft.server.log.write.buffer.size = 33554432 (custom)
2019-11-15 00:57:24,691 [pool-199-thread-1] INFO  server.RaftServerConfigKeys (ConfUtils.java:logGet(43)) - raft.server.log.force.sync.num = 128 (default)
2019-11-15 00:57:24,691 [pool-199-thread-1] INFO  server.RaftServerConfigKeys (ConfUtils.java:logGet(43)) - raft.server.log.statemachine.data.sync = true (default)
2019-11-15 00:57:24,691 [pool-199-thread-1] INFO  server.RaftServerConfigKeys (ConfUtils.java:logGet(43)) - raft.server.log.statemachine.data.sync.timeout = 10s (default)
2019-11-15 00:57:24,691 [pool-199-thread-1] INFO  server.RaftServerConfigKeys (ConfUtils.java:logGet(43)) - raft.server.log.statemachine.data.sync.timeout.retry = -1 (default)
2019-11-15 00:57:24,691 [pool-199-thread-1] INFO  server.RaftServerConfigKeys (ConfUtils.java:logGet(43)) - raft.server.log.statemachine.data.caching.enabled = true (custom)
2019-11-15 00:57:24,691 [pool-199-thread-1] INFO  segmented.SegmentedRaftLogWorker (SegmentedRaftLogWorker.java:lambda$new$0(128)) - 4dfd32cc-2252-49fe-ba51-4380d1c0b0d5@group-10A6A3E936DF-SegmentedRaftLogWorker: flushIndex: setUnconditionally 0 -> -1
2019-11-15 00:57:24,692 [pool-199-thread-1] INFO  server.RaftServerConfigKeys (ConfUtils.java:logGet(43)) - raft.server.snapshot.auto.trigger.enabled = true (custom)
2019-11-15 00:57:24,692 [pool-199-thread-1] INFO  server.RaftServerConfigKeys (ConfUtils.java:logGet(43)) - raft.server.snapshot.auto.trigger.threshold = 10000 (custom)
2019-11-15 00:57:24,692 [pool-199-thread-1] INFO  server.RaftServerConfigKeys (ConfUtils.java:logGet(43)) - raft.server.snapshot.retention.file.num = 5 (custom)
2019-11-15 00:57:24,692 [pool-199-thread-1] INFO  server.RaftServerConfigKeys (ConfUtils.java:logGet(43)) - raft.server.retrycache.expirytime = 600000ms (custom)
2019-11-15 00:57:24,692 [pool-199-thread-1] WARN  impl.MetricRegistriesImpl (MetricRegistriesImpl.java:lambda$create$1(61)) - First MetricRegistry has been created without registering reporters. You may need to call MetricRegistries.global().addReportRegistration(...) before.
2019-11-15 00:57:24,692 [pool-199-thread-1] WARN  impl.MetricRegistriesImpl (MetricRegistriesImpl.java:lambda$create$1(61)) - First MetricRegistry has been created without registering reporters. You may need to call MetricRegistries.global().addReportRegistration(...) before.
2019-11-15 00:57:24,692 [pool-199-thread-1] INFO  impl.RaftServerImpl (RaftServerImpl.java:start(184)) - 4dfd32cc-2252-49fe-ba51-4380d1c0b0d5@group-10A6A3E936DF: start as a follower, conf=-1: [4dfd32cc-2252-49fe-ba51-4380d1c0b0d5:192.168.164.208:44082], old=null
2019-11-15 00:57:24,692 [pool-199-thread-1] INFO  impl.RaftServerImpl (RaftServerImpl.java:setRole(173)) - 4dfd32cc-2252-49fe-ba51-4380d1c0b0d5@group-10A6A3E936DF: changes role from      null to FOLLOWER at term 0 for startAsFollower
2019-11-15 00:57:24,693 [pool-199-thread-1] INFO  impl.RoleInfo (RoleInfo.java:updateAndGet(143)) - 4dfd32cc-2252-49fe-ba51-4380d1c0b0d5: start FollowerState
2019-11-15 00:57:24,699 [pool-199-thread-1] INFO  util.JmxRegister (JmxRegister.java:tryRegister(44)) - Successfully registered JMX Bean with object name Ratis:service=RaftServer,group=group-10A6A3E936DF,id=4dfd32cc-2252-49fe-ba51-4380d1c0b0d5
2019-11-15 00:57:24,699 [pool-199-thread-1] WARN  impl.MetricRegistriesImpl (MetricRegistriesImpl.java:lambda$create$1(61)) - First MetricRegistry has been created without registering reporters. You may need to call MetricRegistries.global().addReportRegistration(...) before.
2019-11-15 00:57:24,707 [RatisPipelineUtilsThread] INFO  pipeline.PipelineStateManager (PipelineStateManager.java:addPipeline(55)) - Created pipeline Pipeline[ Id: c77639fa-994d-4c4e-9239-10a6a3e936df, Nodes: 4dfd32cc-2252-49fe-ba51-4380d1c0b0d5{ip: 192.168.164.208, host: pr-hdds-2442-bxv5b-1523879440, networkLocation: /rack1, certSerialId: null}, Type:RATIS, Factor:ONE, State:ALLOCATED]
2019-11-15 00:57:24,711 [Thread-1309] INFO  pipeline.PipelineStateManager (PipelineStateManager.java:finalizePipeline(121)) - Pipeline Pipeline[ Id: 559432a8-b941-49fa-9dfe-7ceda9f8ab68, Nodes: e96d2cc9-026c-4220-b0f4-2bd3b4d5a924{ip: 192.168.164.208, host: pr-hdds-2442-bxv5b-1523879440, networkLocation: /rack1, certSerialId: null}, Type:RATIS, Factor:ONE, State:CLOSED] moved to CLOSED state
2019-11-15 00:57:24,712 [EventQueue-CloseContainerForCloseContainerEventHandler] INFO  container.CloseContainerEventHandler (CloseContainerEventHandler.java:onMessage(61)) - Close container Event triggered for container : #1
2019-11-15 00:57:24,715 [grpc-default-executor-4] INFO  impl.RaftServerProxy (RaftServerProxy.java:remove(95)) - e96d2cc9-026c-4220-b0f4-2bd3b4d5a924: remove    LEADER e96d2cc9-026c-4220-b0f4-2bd3b4d5a924@group-7CEDA9F8AB68:t1, leader=e96d2cc9-026c-4220-b0f4-2bd3b4d5a924, voted=e96d2cc9-026c-4220-b0f4-2bd3b4d5a924, raftlog=e96d2cc9-026c-4220-b0f4-2bd3b4d5a924@group-7CEDA9F8AB68-SegmentedRaftLog:OPENED:c0,f0,i0, conf=0: [e96d2cc9-026c-4220-b0f4-2bd3b4d5a924:192.168.164.208:39163], old=null RUNNING
2019-11-15 00:57:24,715 [grpc-default-executor-4] INFO  impl.RaftServerImpl (RaftServerImpl.java:lambda$shutdown$3(250)) - e96d2cc9-026c-4220-b0f4-2bd3b4d5a924@group-7CEDA9F8AB68: shutdown
2019-11-15 00:57:24,715 [grpc-default-executor-4] INFO  util.JmxRegister (JmxRegister.java:unregister(73)) - Successfully un-registered JMX Bean with object name Ratis:service=RaftServer,group=group-7CEDA9F8AB68,id=e96d2cc9-026c-4220-b0f4-2bd3b4d5a924
2019-11-15 00:57:24,715 [grpc-default-executor-4] INFO  impl.RoleInfo (RoleInfo.java:shutdownLeaderState(104)) - e96d2cc9-026c-4220-b0f4-2bd3b4d5a924: shutdown LeaderState
2019-11-15 00:57:24,715 [grpc-default-executor-4] INFO  impl.PendingRequests (PendingRequests.java:sendNotLeaderResponses(206)) - e96d2cc9-026c-4220-b0f4-2bd3b4d5a924@group-7CEDA9F8AB68-PendingRequests: sendNotLeaderResponses
2019-11-15 00:57:24,715 [grpc-default-executor-4] INFO  impl.StateMachineUpdater (StateMachineUpdater.java:stopAndJoin(136)) - e96d2cc9-026c-4220-b0f4-2bd3b4d5a924@group-7CEDA9F8AB68-StateMachineUpdater: set stopIndex = 0
2019-11-15 00:57:24,716 [grpc-default-executor-4] INFO  impl.RaftServerImpl (ServerState.java:close(387)) - e96d2cc9-026c-4220-b0f4-2bd3b4d5a924@group-7CEDA9F8AB68: closes. applyIndex: 0
2019-11-15 00:57:24,716 [e96d2cc9-026c-4220-b0f4-2bd3b4d5a924@group-7CEDA9F8AB68-SegmentedRaftLogWorker] INFO  segmented.SegmentedRaftLogWorker (SegmentedRaftLogWorker.java:run(316)) - e96d2cc9-026c-4220-b0f4-2bd3b4d5a924@group-7CEDA9F8AB68-SegmentedRaftLogWorker was interrupted, exiting. There are 0 tasks remaining in the queue.
2019-11-15 00:57:24,718 [EventQueue-CloseContainerForCloseContainerEventHandler] INFO  container.CloseContainerEventHandler (CloseContainerEventHandler.java:onMessage(61)) - Close container Event triggered for container : #1
2019-11-15 00:57:24,718 [EventQueue-CloseContainerForCloseContainerEventHandler] INFO  container.CloseContainerEventHandler (CloseContainerEventHandler.java:onMessage(61)) - Close container Event triggered for container : #1
2019-11-15 00:57:24,728 [grpc-default-executor-4] INFO  segmented.SegmentedRaftLogWorker (SegmentedRaftLogWorker.java:close(224)) - e96d2cc9-026c-4220-b0f4-2bd3b4d5a924@group-7CEDA9F8AB68-SegmentedRaftLogWorker close()
2019-11-15 00:57:24,733 [Thread-1309] INFO  pipeline.PipelineStateManager (PipelineStateManager.java:removePipeline(106)) - Pipeline Pipeline[ Id: 559432a8-b941-49fa-9dfe-7ceda9f8ab68, Nodes: e96d2cc9-026c-4220-b0f4-2bd3b4d5a924{ip: 192.168.164.208, host: pr-hdds-2442-bxv5b-1523879440, networkLocation: /rack1, certSerialId: null}, Type:RATIS, Factor:ONE, State:CLOSED] removed from db
2019-11-15 00:57:24,733 [Thread-1309] INFO  pipeline.SCMPipelineManager (SCMPipelineManager.java:finalizeAndDestroyPipeline(315)) - destroying pipeline:Pipeline[ Id: a7a12500-c607-4307-8a27-b6570ce25b5a, Nodes: 9ac24c7e-7e4f-4cef-ab0e-298cb71ae60d{ip: 192.168.164.208, host: pr-hdds-2442-bxv5b-1523879440, networkLocation: /rack1, certSerialId: null}, Type:RATIS, Factor:ONE, State:OPEN]
2019-11-15 00:57:24,737 [grpc-default-executor-4] INFO  impl.RaftServerProxy (RaftServerProxy.java:addNew(89)) - e96d2cc9-026c-4220-b0f4-2bd3b4d5a924: addNew group-0B60AC9C5BED:[e96d2cc9-026c-4220-b0f4-2bd3b4d5a924:192.168.164.208:39163] returns group-0B60AC9C5BED:java.util.concurrent.CompletableFuture@2741febf[Not completed]
2019-11-15 00:57:24,737 [pool-219-thread-1] INFO  impl.RaftServerImpl (RaftServerImpl.java:<init>(98)) - e96d2cc9-026c-4220-b0f4-2bd3b4d5a924: new RaftServerImpl for group-0B60AC9C5BED:[e96d2cc9-026c-4220-b0f4-2bd3b4d5a924:192.168.164.208:39163] with ContainerStateMachine:uninitialized
2019-11-15 00:57:24,738 [pool-219-thread-1] INFO  server.RaftServerConfigKeys (ConfUtils.java:logGet(43)) - raft.server.rpc.timeout.min = 1s (custom)
2019-11-15 00:57:24,738 [pool-219-thread-1] INFO  server.RaftServerConfigKeys (ConfUtils.java:logGet(43)) - raft.server.rpc.timeout.max = 1200ms (custom)
2019-11-15 00:57:24,738 [pool-219-thread-1] INFO  server.RaftServerConfigKeys (ConfUtils.java:logGet(43)) - raft.server.rpcslowness.timeout = 120s (custom)
2019-11-15 00:57:24,738 [pool-219-thread-1] INFO  server.RaftServerConfigKeys (ConfUtils.java:logGet(43)) - raft.server.sleep.deviation.threshold = 300 (default)
2019-11-15 00:57:24,738 [pool-219-thread-1] INFO  server.RaftServerConfigKeys (ConfUtils.java:logGet(43)) - raft.server.log.appender.install.snapshot.enabled = false (custom)
2019-11-15 00:57:24,738 [pool-219-thread-1] INFO  impl.RaftServerImpl (ServerState.java:<init>(103)) - e96d2cc9-026c-4220-b0f4-2bd3b4d5a924@group-0B60AC9C5BED: ConfigurationManager, init=-1: [e96d2cc9-026c-4220-b0f4-2bd3b4d5a924:192.168.164.208:39163], old=null, confs=<EMPTY_MAP>
2019-11-15 00:57:24,738 [pool-219-thread-1] INFO  server.RaftServerConfigKeys (ConfUtils.java:logGet(43)) - raft.server.storage.dir = [/workdir/hadoop-ozone/integration-test/target/test-dir/MiniOzoneClusterImpl-8fc52630-20fd-4955-97d1-2a2852f9ee58/datanode-7/data/ratis] (custom)
2019-11-15 00:57:24,738 [pool-219-thread-1] INFO  server.RaftServerConfigKeys (ConfUtils.java:logGet(43)) - raft.server.log.corruption.policy = EXCEPTION (default)
2019-11-15 00:57:24,738 [pool-219-thread-1] INFO  storage.RaftStorageDirectory (RaftStorageDirectory.java:analyzeStorage(246)) - The storage directory /workdir/hadoop-ozone/integration-test/target/test-dir/MiniOzoneClusterImpl-8fc52630-20fd-4955-97d1-2a2852f9ee58/datanode-7/data/ratis/e3be8f8d-eea9-41c5-86ee-0b60ac9c5bed does not exist. Creating ...
2019-11-15 00:57:24,743 [pool-219-thread-1] INFO  storage.RaftStorageDirectory (RaftStorageDirectory.java:tryLock(328)) - Lock on /workdir/hadoop-ozone/integration-test/target/test-dir/MiniOzoneClusterImpl-8fc52630-20fd-4955-97d1-2a2852f9ee58/datanode-7/data/ratis/e3be8f8d-eea9-41c5-86ee-0b60ac9c5bed/in_use.lock acquired by nodename 16745@pr-hdds-2442-bxv5b-1523879440
2019-11-15 00:57:24,756 [pool-219-thread-1] INFO  storage.RaftStorage (RaftStorage.java:format(84)) - Storage directory /workdir/hadoop-ozone/integration-test/target/test-dir/MiniOzoneClusterImpl-8fc52630-20fd-4955-97d1-2a2852f9ee58/datanode-7/data/ratis/e3be8f8d-eea9-41c5-86ee-0b60ac9c5bed has been successfully formatted.
2019-11-15 00:57:24,757 [pool-219-thread-1] INFO  ratis.ContainerStateMachine (ContainerStateMachine.java:loadSnapshot(223)) - group-0B60AC9C5BED: The snapshot info is null. Setting the last applied indexto:(t:0, i:~)
2019-11-15 00:57:24,757 [pool-219-thread-1] INFO  server.RaftServerConfigKeys (ConfUtils.java:logGet(43)) - raft.server.notification.no-leader.timeout = 120s (custom)
2019-11-15 00:57:24,757 [pool-219-thread-1] INFO  server.RaftServerConfigKeys (ConfUtils.java:logGet(43)) - raft.server.log.use.memory = false (default)
2019-11-15 00:57:24,757 [pool-219-thread-1] INFO  server.RaftServerConfigKeys (ConfUtils.java:logGet(43)) - raft.server.log.purge.gap = 1000000 (custom)
2019-11-15 00:57:24,757 [pool-219-thread-1] INFO  server.RaftServerConfigKeys (ConfUtils.java:logGet(43)) - raft.server.log.appender.buffer.byte-limit = 33554432 (custom)
2019-11-15 00:57:24,757 [pool-219-thread-1] INFO  server.RaftServerConfigKeys (ConfUtils.java:logGet(43)) - raft.server.log.segment.size.max = 1048576 (custom)
2019-11-15 00:57:24,757 [pool-219-thread-1] INFO  server.RaftServerConfigKeys (ConfUtils.java:logGet(43)) - raft.server.log.segment.cache.num.max = 2 (custom)
2019-11-15 00:57:24,757 [pool-219-thread-1] INFO  segmented.SegmentedRaftLogWorker (SegmentedRaftLogWorker.java:<init>(173)) - new e96d2cc9-026c-4220-b0f4-2bd3b4d5a924@group-0B60AC9C5BED-SegmentedRaftLogWorker for RaftStorage:Storage Directory /workdir/hadoop-ozone/integration-test/target/test-dir/MiniOzoneClusterImpl-8fc52630-20fd-4955-97d1-2a2852f9ee58/datanode-7/data/ratis/e3be8f8d-eea9-41c5-86ee-0b60ac9c5bed
2019-11-15 00:57:24,757 [pool-219-thread-1] INFO  server.RaftServerConfigKeys (ConfUtils.java:logGet(43)) - raft.server.log.queue.byte-limit = 2147483647 (custom)
2019-11-15 00:57:24,757 [pool-219-thread-1] INFO  server.RaftServerConfigKeys (ConfUtils.java:logGet(43)) - raft.server.log.queue.element-limit = 1024 (custom)
2019-11-15 00:57:24,757 [pool-219-thread-1] INFO  server.RaftServerConfigKeys (ConfUtils.java:logGet(43)) - raft.server.log.segment.size.max = 1048576 (custom)
2019-11-15 00:57:24,757 [pool-219-thread-1] INFO  server.RaftServerConfigKeys (ConfUtils.java:logGet(43)) - raft.server.log.preallocated.size = 16384 (custom)
2019-11-15 00:57:24,758 [pool-219-thread-1] INFO  server.RaftServerConfigKeys (ConfUtils.java:logGet(43)) - raft.server.log.write.buffer.size = 33554432 (custom)
2019-11-15 00:57:24,758 [pool-219-thread-1] INFO  server.RaftServerConfigKeys (ConfUtils.java:logGet(43)) - raft.server.log.force.sync.num = 128 (default)
2019-11-15 00:57:24,758 [pool-219-thread-1] INFO  server.RaftServerConfigKeys (ConfUtils.java:logGet(43)) - raft.server.log.statemachine.data.sync = true (default)
2019-11-15 00:57:24,758 [pool-219-thread-1] INFO  server.RaftServerConfigKeys (ConfUtils.java:logGet(43)) - raft.server.log.statemachine.data.sync.timeout = 10s (default)
2019-11-15 00:57:24,758 [pool-219-thread-1] INFO  server.RaftServerConfigKeys (ConfUtils.java:logGet(43)) - raft.server.log.statemachine.data.sync.timeout.retry = -1 (default)
2019-11-15 00:57:24,758 [pool-219-thread-1] INFO  server.RaftServerConfigKeys (ConfUtils.java:logGet(43)) - raft.server.log.statemachine.data.caching.enabled = true (custom)
2019-11-15 00:57:24,758 [pool-219-thread-1] INFO  segmented.SegmentedRaftLogWorker (SegmentedRaftLogWorker.java:lambda$new$0(128)) - e96d2cc9-026c-4220-b0f4-2bd3b4d5a924@group-0B60AC9C5BED-SegmentedRaftLogWorker: flushIndex: setUnconditionally 0 -> -1
2019-11-15 00:57:24,758 [pool-219-thread-1] INFO  server.RaftServerConfigKeys (ConfUtils.java:logGet(43)) - raft.server.snapshot.auto.trigger.enabled = true (custom)
2019-11-15 00:57:24,758 [pool-219-thread-1] INFO  server.RaftServerConfigKeys (ConfUtils.java:logGet(43)) - raft.server.snapshot.auto.trigger.threshold = 10000 (custom)
2019-11-15 00:57:24,759 [pool-219-thread-1] INFO  server.RaftServerConfigKeys (ConfUtils.java:logGet(43)) - raft.server.snapshot.retention.file.num = 5 (custom)
2019-11-15 00:57:24,759 [pool-219-thread-1] INFO  server.RaftServerConfigKeys (ConfUtils.java:logGet(43)) - raft.server.retrycache.expirytime = 600000ms (custom)
2019-11-15 00:57:24,759 [pool-219-thread-1] WARN  impl.MetricRegistriesImpl (MetricRegistriesImpl.java:lambda$create$1(61)) - First MetricRegistry has been created without registering reporters. You may need to call MetricRegistries.global().addReportRegistration(...) before.
2019-11-15 00:57:24,759 [pool-219-thread-1] WARN  impl.MetricRegistriesImpl (MetricRegistriesImpl.java:lambda$create$1(61)) - First MetricRegistry has been created without registering reporters. You may need to call MetricRegistries.global().addReportRegistration(...) before.
2019-11-15 00:57:24,759 [pool-219-thread-1] INFO  impl.RaftServerImpl (RaftServerImpl.java:start(184)) - e96d2cc9-026c-4220-b0f4-2bd3b4d5a924@group-0B60AC9C5BED: start as a follower, conf=-1: [e96d2cc9-026c-4220-b0f4-2bd3b4d5a924:192.168.164.208:39163], old=null
2019-11-15 00:57:24,759 [pool-219-thread-1] INFO  impl.RaftServerImpl (RaftServerImpl.java:setRole(173)) - e96d2cc9-026c-4220-b0f4-2bd3b4d5a924@group-0B60AC9C5BED: changes role from      null to FOLLOWER at term 0 for startAsFollower
2019-11-15 00:57:24,759 [pool-219-thread-1] INFO  impl.RoleInfo (RoleInfo.java:updateAndGet(143)) - e96d2cc9-026c-4220-b0f4-2bd3b4d5a924: start FollowerState
2019-11-15 00:57:24,760 [pool-219-thread-1] INFO  util.JmxRegister (JmxRegister.java:tryRegister(44)) - Successfully registered JMX Bean with object name Ratis:service=RaftServer,group=group-0B60AC9C5BED,id=e96d2cc9-026c-4220-b0f4-2bd3b4d5a924
2019-11-15 00:57:24,760 [pool-219-thread-1] WARN  impl.MetricRegistriesImpl (MetricRegistriesImpl.java:lambda$create$1(61)) - First MetricRegistry has been created without registering reporters. You may need to call MetricRegistries.global().addReportRegistration(...) before.
2019-11-15 00:57:24,762 [RatisPipelineUtilsThread] INFO  pipeline.PipelineStateManager (PipelineStateManager.java:addPipeline(55)) - Created pipeline Pipeline[ Id: e3be8f8d-eea9-41c5-86ee-0b60ac9c5bed, Nodes: e96d2cc9-026c-4220-b0f4-2bd3b4d5a924{ip: 192.168.164.208, host: pr-hdds-2442-bxv5b-1523879440, networkLocation: /rack1, certSerialId: null}, Type:RATIS, Factor:ONE, State:ALLOCATED]
2019-11-15 00:57:24,765 [Thread-1309] INFO  pipeline.PipelineStateManager (PipelineStateManager.java:finalizePipeline(121)) - Pipeline Pipeline[ Id: a7a12500-c607-4307-8a27-b6570ce25b5a, Nodes: 9ac24c7e-7e4f-4cef-ab0e-298cb71ae60d{ip: 192.168.164.208, host: pr-hdds-2442-bxv5b-1523879440, networkLocation: /rack1, certSerialId: null}, Type:RATIS, Factor:ONE, State:CLOSED] moved to CLOSED state
2019-11-15 00:57:24,768 [grpc-default-executor-4] INFO  impl.RaftServerProxy (RaftServerProxy.java:remove(95)) - 9ac24c7e-7e4f-4cef-ab0e-298cb71ae60d: remove    LEADER 9ac24c7e-7e4f-4cef-ab0e-298cb71ae60d@group-B6570CE25B5A:t1, leader=9ac24c7e-7e4f-4cef-ab0e-298cb71ae60d, voted=9ac24c7e-7e4f-4cef-ab0e-298cb71ae60d, raftlog=9ac24c7e-7e4f-4cef-ab0e-298cb71ae60d@group-B6570CE25B5A-SegmentedRaftLog:OPENED:c0,f0,i0, conf=0: [9ac24c7e-7e4f-4cef-ab0e-298cb71ae60d:192.168.164.208:37265], old=null RUNNING
2019-11-15 00:57:24,768 [grpc-default-executor-4] INFO  impl.RaftServerImpl (RaftServerImpl.java:lambda$shutdown$3(250)) - 9ac24c7e-7e4f-4cef-ab0e-298cb71ae60d@group-B6570CE25B5A: shutdown
2019-11-15 00:57:24,768 [grpc-default-executor-4] INFO  util.JmxRegister (JmxRegister.java:unregister(73)) - Successfully un-registered JMX Bean with object name Ratis:service=RaftServer,group=group-B6570CE25B5A,id=9ac24c7e-7e4f-4cef-ab0e-298cb71ae60d
2019-11-15 00:57:24,768 [grpc-default-executor-4] INFO  impl.RoleInfo (RoleInfo.java:shutdownLeaderState(104)) - 9ac24c7e-7e4f-4cef-ab0e-298cb71ae60d: shutdown LeaderState
2019-11-15 00:57:24,769 [grpc-default-executor-4] INFO  impl.PendingRequests (PendingRequests.java:sendNotLeaderResponses(206)) - 9ac24c7e-7e4f-4cef-ab0e-298cb71ae60d@group-B6570CE25B5A-PendingRequests: sendNotLeaderResponses
2019-11-15 00:57:24,769 [grpc-default-executor-4] INFO  impl.StateMachineUpdater (StateMachineUpdater.java:stopAndJoin(136)) - 9ac24c7e-7e4f-4cef-ab0e-298cb71ae60d@group-B6570CE25B5A-StateMachineUpdater: set stopIndex = 0
2019-11-15 00:57:24,769 [grpc-default-executor-4] INFO  impl.RaftServerImpl (ServerState.java:close(387)) - 9ac24c7e-7e4f-4cef-ab0e-298cb71ae60d@group-B6570CE25B5A: closes. applyIndex: 0
2019-11-15 00:57:24,769 [9ac24c7e-7e4f-4cef-ab0e-298cb71ae60d@group-B6570CE25B5A-SegmentedRaftLogWorker] INFO  segmented.SegmentedRaftLogWorker (SegmentedRaftLogWorker.java:run(316)) - 9ac24c7e-7e4f-4cef-ab0e-298cb71ae60d@group-B6570CE25B5A-SegmentedRaftLogWorker was interrupted, exiting. There are 0 tasks remaining in the queue.
2019-11-15 00:57:24,772 [grpc-default-executor-4] INFO  segmented.SegmentedRaftLogWorker (SegmentedRaftLogWorker.java:close(224)) - 9ac24c7e-7e4f-4cef-ab0e-298cb71ae60d@group-B6570CE25B5A-SegmentedRaftLogWorker close()
2019-11-15 00:57:24,777 [Thread-1309] INFO  pipeline.PipelineStateManager (PipelineStateManager.java:removePipeline(106)) - Pipeline Pipeline[ Id: a7a12500-c607-4307-8a27-b6570ce25b5a, Nodes: 9ac24c7e-7e4f-4cef-ab0e-298cb71ae60d{ip: 192.168.164.208, host: pr-hdds-2442-bxv5b-1523879440, networkLocation: /rack1, certSerialId: null}, Type:RATIS, Factor:ONE, State:CLOSED] removed from db
2019-11-15 00:57:24,777 [Thread-1309] INFO  pipeline.SCMPipelineManager (SCMPipelineManager.java:finalizeAndDestroyPipeline(315)) - destroying pipeline:Pipeline[ Id: 981f52bb-2da9-4137-8342-7547e68e841e, Nodes: eccb109f-99d1-4501-bb16-6ecf49b3cdca{ip: 192.168.164.208, host: pr-hdds-2442-bxv5b-1523879440, networkLocation: /rack1, certSerialId: null}5fe8490f-f805-406a-80e2-fbda1a66b042{ip: 192.168.164.208, host: pr-hdds-2442-bxv5b-1523879440, networkLocation: /rack1, certSerialId: null}d61fc7c3-32e3-43e3-b156-a1b483a86779{ip: 192.168.164.208, host: pr-hdds-2442-bxv5b-1523879440, networkLocation: /rack1, certSerialId: null}, Type:RATIS, Factor:THREE, State:OPEN]
2019-11-15 00:57:24,780 [grpc-default-executor-4] INFO  impl.RaftServerProxy (RaftServerProxy.java:addNew(89)) - 9ac24c7e-7e4f-4cef-ab0e-298cb71ae60d: addNew group-12721B264F3B:[9ac24c7e-7e4f-4cef-ab0e-298cb71ae60d:192.168.164.208:37265] returns group-12721B264F3B:java.util.concurrent.CompletableFuture@12a69db8[Not completed]
2019-11-15 00:57:24,782 [pool-179-thread-1] INFO  impl.RaftServerImpl (RaftServerImpl.java:<init>(98)) - 9ac24c7e-7e4f-4cef-ab0e-298cb71ae60d: new RaftServerImpl for group-12721B264F3B:[9ac24c7e-7e4f-4cef-ab0e-298cb71ae60d:192.168.164.208:37265] with ContainerStateMachine:uninitialized
2019-11-15 00:57:24,784 [pool-179-thread-1] INFO  server.RaftServerConfigKeys (ConfUtils.java:logGet(43)) - raft.server.rpc.timeout.min = 1s (custom)
2019-11-15 00:57:24,785 [pool-179-thread-1] INFO  server.RaftServerConfigKeys (ConfUtils.java:logGet(43)) - raft.server.rpc.timeout.max = 1200ms (custom)
2019-11-15 00:57:24,785 [pool-179-thread-1] INFO  server.RaftServerConfigKeys (ConfUtils.java:logGet(43)) - raft.server.rpcslowness.timeout = 120s (custom)
2019-11-15 00:57:24,785 [pool-179-thread-1] INFO  server.RaftServerConfigKeys (ConfUtils.java:logGet(43)) - raft.server.sleep.deviation.threshold = 300 (default)
2019-11-15 00:57:24,785 [pool-179-thread-1] INFO  server.RaftServerConfigKeys (ConfUtils.java:logGet(43)) - raft.server.log.appender.install.snapshot.enabled = false (custom)
2019-11-15 00:57:24,785 [pool-179-thread-1] INFO  impl.RaftServerImpl (ServerState.java:<init>(103)) - 9ac24c7e-7e4f-4cef-ab0e-298cb71ae60d@group-12721B264F3B: ConfigurationManager, init=-1: [9ac24c7e-7e4f-4cef-ab0e-298cb71ae60d:192.168.164.208:37265], old=null, confs=<EMPTY_MAP>
2019-11-15 00:57:24,785 [pool-179-thread-1] INFO  server.RaftServerConfigKeys (ConfUtils.java:logGet(43)) - raft.server.storage.dir = [/workdir/hadoop-ozone/integration-test/target/test-dir/MiniOzoneClusterImpl-8fc52630-20fd-4955-97d1-2a2852f9ee58/datanode-3/data/ratis] (custom)
2019-11-15 00:57:24,785 [pool-179-thread-1] INFO  server.RaftServerConfigKeys (ConfUtils.java:logGet(43)) - raft.server.log.corruption.policy = EXCEPTION (default)
2019-11-15 00:57:24,785 [pool-179-thread-1] INFO  storage.RaftStorageDirectory (RaftStorageDirectory.java:analyzeStorage(246)) - The storage directory /workdir/hadoop-ozone/integration-test/target/test-dir/MiniOzoneClusterImpl-8fc52630-20fd-4955-97d1-2a2852f9ee58/datanode-3/data/ratis/1ffa5c20-feb1-474a-a6ce-12721b264f3b does not exist. Creating ...
2019-11-15 00:57:24,798 [pool-179-thread-1] INFO  storage.RaftStorageDirectory (RaftStorageDirectory.java:tryLock(328)) - Lock on /workdir/hadoop-ozone/integration-test/target/test-dir/MiniOzoneClusterImpl-8fc52630-20fd-4955-97d1-2a2852f9ee58/datanode-3/data/ratis/1ffa5c20-feb1-474a-a6ce-12721b264f3b/in_use.lock acquired by nodename 16745@pr-hdds-2442-bxv5b-1523879440
2019-11-15 00:57:24,811 [pool-179-thread-1] INFO  storage.RaftStorage (RaftStorage.java:format(84)) - Storage directory /workdir/hadoop-ozone/integration-test/target/test-dir/MiniOzoneClusterImpl-8fc52630-20fd-4955-97d1-2a2852f9ee58/datanode-3/data/ratis/1ffa5c20-feb1-474a-a6ce-12721b264f3b has been successfully formatted.
2019-11-15 00:57:24,811 [pool-179-thread-1] INFO  ratis.ContainerStateMachine (ContainerStateMachine.java:loadSnapshot(223)) - group-12721B264F3B: The snapshot info is null. Setting the last applied indexto:(t:0, i:~)
2019-11-15 00:57:24,811 [pool-179-thread-1] INFO  server.RaftServerConfigKeys (ConfUtils.java:logGet(43)) - raft.server.notification.no-leader.timeout = 120s (custom)
2019-11-15 00:57:24,811 [pool-179-thread-1] INFO  server.RaftServerConfigKeys (ConfUtils.java:logGet(43)) - raft.server.log.use.memory = false (default)
2019-11-15 00:57:24,811 [pool-179-thread-1] INFO  server.RaftServerConfigKeys (ConfUtils.java:logGet(43)) - raft.server.log.purge.gap = 1000000 (custom)
2019-11-15 00:57:24,811 [pool-179-thread-1] INFO  server.RaftServerConfigKeys (ConfUtils.java:logGet(43)) - raft.server.log.appender.buffer.byte-limit = 33554432 (custom)
2019-11-15 00:57:24,811 [pool-179-thread-1] INFO  server.RaftServerConfigKeys (ConfUtils.java:logGet(43)) - raft.server.log.segment.size.max = 1048576 (custom)
2019-11-15 00:57:24,812 [pool-179-thread-1] INFO  server.RaftServerConfigKeys (ConfUtils.java:logGet(43)) - raft.server.log.segment.cache.num.max = 2 (custom)
2019-11-15 00:57:24,812 [pool-179-thread-1] INFO  segmented.SegmentedRaftLogWorker (SegmentedRaftLogWorker.java:<init>(173)) - new 9ac24c7e-7e4f-4cef-ab0e-298cb71ae60d@group-12721B264F3B-SegmentedRaftLogWorker for RaftStorage:Storage Directory /workdir/hadoop-ozone/integration-test/target/test-dir/MiniOzoneClusterImpl-8fc52630-20fd-4955-97d1-2a2852f9ee58/datanode-3/data/ratis/1ffa5c20-feb1-474a-a6ce-12721b264f3b
2019-11-15 00:57:24,812 [pool-179-thread-1] INFO  server.RaftServerConfigKeys (ConfUtils.java:logGet(43)) - raft.server.log.queue.byte-limit = 2147483647 (custom)
2019-11-15 00:57:24,812 [pool-179-thread-1] INFO  server.RaftServerConfigKeys (ConfUtils.java:logGet(43)) - raft.server.log.queue.element-limit = 1024 (custom)
2019-11-15 00:57:24,812 [pool-179-thread-1] INFO  server.RaftServerConfigKeys (ConfUtils.java:logGet(43)) - raft.server.log.segment.size.max = 1048576 (custom)
2019-11-15 00:57:24,812 [pool-179-thread-1] INFO  server.RaftServerConfigKeys (ConfUtils.java:logGet(43)) - raft.server.log.preallocated.size = 16384 (custom)
2019-11-15 00:57:24,812 [pool-179-thread-1] INFO  server.RaftServerConfigKeys (ConfUtils.java:logGet(43)) - raft.server.log.write.buffer.size = 33554432 (custom)
2019-11-15 00:57:24,812 [pool-179-thread-1] INFO  server.RaftServerConfigKeys (ConfUtils.java:logGet(43)) - raft.server.log.force.sync.num = 128 (default)
2019-11-15 00:57:24,812 [pool-179-thread-1] INFO  server.RaftServerConfigKeys (ConfUtils.java:logGet(43)) - raft.server.log.statemachine.data.sync = true (default)
2019-11-15 00:57:24,812 [pool-179-thread-1] INFO  server.RaftServerConfigKeys (ConfUtils.java:logGet(43)) - raft.server.log.statemachine.data.sync.timeout = 10s (default)
2019-11-15 00:57:24,813 [pool-179-thread-1] INFO  server.RaftServerConfigKeys (ConfUtils.java:logGet(43)) - raft.server.log.statemachine.data.sync.timeout.retry = -1 (default)
2019-11-15 00:57:24,813 [pool-179-thread-1] INFO  server.RaftServerConfigKeys (ConfUtils.java:logGet(43)) - raft.server.log.statemachine.data.caching.enabled = true (custom)
2019-11-15 00:57:24,813 [pool-179-thread-1] INFO  segmented.SegmentedRaftLogWorker (SegmentedRaftLogWorker.java:lambda$new$0(128)) - 9ac24c7e-7e4f-4cef-ab0e-298cb71ae60d@group-12721B264F3B-SegmentedRaftLogWorker: flushIndex: setUnconditionally 0 -> -1
2019-11-15 00:57:24,813 [pool-179-thread-1] INFO  server.RaftServerConfigKeys (ConfUtils.java:logGet(43)) - raft.server.snapshot.auto.trigger.enabled = true (custom)
2019-11-15 00:57:24,813 [pool-179-thread-1] INFO  server.RaftServerConfigKeys (ConfUtils.java:logGet(43)) - raft.server.snapshot.auto.trigger.threshold = 10000 (custom)
2019-11-15 00:57:24,813 [pool-179-thread-1] INFO  server.RaftServerConfigKeys (ConfUtils.java:logGet(43)) - raft.server.snapshot.retention.file.num = 5 (custom)
2019-11-15 00:57:24,814 [pool-179-thread-1] INFO  server.RaftServerConfigKeys (ConfUtils.java:logGet(43)) - raft.server.retrycache.expirytime = 600000ms (custom)
2019-11-15 00:57:24,814 [pool-179-thread-1] WARN  impl.MetricRegistriesImpl (MetricRegistriesImpl.java:lambda$create$1(61)) - First MetricRegistry has been created without registering reporters. You may need to call MetricRegistries.global().addReportRegistration(...) before.
2019-11-15 00:57:24,814 [pool-179-thread-1] WARN  impl.MetricRegistriesImpl (MetricRegistriesImpl.java:lambda$create$1(61)) - First MetricRegistry has been created without registering reporters. You may need to call MetricRegistries.global().addReportRegistration(...) before.
2019-11-15 00:57:24,814 [pool-179-thread-1] INFO  impl.RaftServerImpl (RaftServerImpl.java:start(184)) - 9ac24c7e-7e4f-4cef-ab0e-298cb71ae60d@group-12721B264F3B: start as a follower, conf=-1: [9ac24c7e-7e4f-4cef-ab0e-298cb71ae60d:192.168.164.208:37265], old=null
2019-11-15 00:57:24,814 [pool-179-thread-1] INFO  impl.RaftServerImpl (RaftServerImpl.java:setRole(173)) - 9ac24c7e-7e4f-4cef-ab0e-298cb71ae60d@group-12721B264F3B: changes role from      null to FOLLOWER at term 0 for startAsFollower
2019-11-15 00:57:24,814 [pool-179-thread-1] INFO  impl.RoleInfo (RoleInfo.java:updateAndGet(143)) - 9ac24c7e-7e4f-4cef-ab0e-298cb71ae60d: start FollowerState
2019-11-15 00:57:24,815 [pool-179-thread-1] INFO  util.JmxRegister (JmxRegister.java:tryRegister(44)) - Successfully registered JMX Bean with object name Ratis:service=RaftServer,group=group-12721B264F3B,id=9ac24c7e-7e4f-4cef-ab0e-298cb71ae60d
2019-11-15 00:57:24,815 [pool-179-thread-1] WARN  impl.MetricRegistriesImpl (MetricRegistriesImpl.java:lambda$create$1(61)) - First MetricRegistry has been created without registering reporters. You may need to call MetricRegistries.global().addReportRegistration(...) before.
2019-11-15 00:57:24,817 [RatisPipelineUtilsThread] INFO  pipeline.PipelineStateManager (PipelineStateManager.java:addPipeline(55)) - Created pipeline Pipeline[ Id: 1ffa5c20-feb1-474a-a6ce-12721b264f3b, Nodes: 9ac24c7e-7e4f-4cef-ab0e-298cb71ae60d{ip: 192.168.164.208, host: pr-hdds-2442-bxv5b-1523879440, networkLocation: /rack1, certSerialId: null}, Type:RATIS, Factor:ONE, State:ALLOCATED]
2019-11-15 00:57:24,818 [Thread-1309] INFO  pipeline.PipelineStateManager (PipelineStateManager.java:finalizePipeline(121)) - Pipeline Pipeline[ Id: 981f52bb-2da9-4137-8342-7547e68e841e, Nodes: eccb109f-99d1-4501-bb16-6ecf49b3cdca{ip: 192.168.164.208, host: pr-hdds-2442-bxv5b-1523879440, networkLocation: /rack1, certSerialId: null}5fe8490f-f805-406a-80e2-fbda1a66b042{ip: 192.168.164.208, host: pr-hdds-2442-bxv5b-1523879440, networkLocation: /rack1, certSerialId: null}d61fc7c3-32e3-43e3-b156-a1b483a86779{ip: 192.168.164.208, host: pr-hdds-2442-bxv5b-1523879440, networkLocation: /rack1, certSerialId: null}, Type:RATIS, Factor:THREE, State:CLOSED] moved to CLOSED state
2019-11-15 00:57:24,821 [grpc-default-executor-4] INFO  impl.RaftServerProxy (RaftServerProxy.java:remove(95)) - eccb109f-99d1-4501-bb16-6ecf49b3cdca: remove  FOLLOWER eccb109f-99d1-4501-bb16-6ecf49b3cdca@group-7547E68E841E:t1, leader=d61fc7c3-32e3-43e3-b156-a1b483a86779, voted=d61fc7c3-32e3-43e3-b156-a1b483a86779, raftlog=eccb109f-99d1-4501-bb16-6ecf49b3cdca@group-7547E68E841E-SegmentedRaftLog:OPENED:c0,f0,i0, conf=0: [5fe8490f-f805-406a-80e2-fbda1a66b042:192.168.164.208:45094, eccb109f-99d1-4501-bb16-6ecf49b3cdca:192.168.164.208:44076, d61fc7c3-32e3-43e3-b156-a1b483a86779:192.168.164.208:39950], old=null RUNNING
2019-11-15 00:57:24,821 [grpc-default-executor-4] INFO  impl.RaftServerImpl (RaftServerImpl.java:lambda$shutdown$3(250)) - eccb109f-99d1-4501-bb16-6ecf49b3cdca@group-7547E68E841E: shutdown
2019-11-15 00:57:24,822 [grpc-default-executor-4] INFO  util.JmxRegister (JmxRegister.java:unregister(73)) - Successfully un-registered JMX Bean with object name Ratis:service=RaftServer,group=group-7547E68E841E,id=eccb109f-99d1-4501-bb16-6ecf49b3cdca
2019-11-15 00:57:24,822 [grpc-default-executor-4] INFO  impl.RoleInfo (RoleInfo.java:shutdownFollowerState(121)) - eccb109f-99d1-4501-bb16-6ecf49b3cdca: shutdown FollowerState
2019-11-15 00:57:24,822 [grpc-default-executor-4] INFO  impl.StateMachineUpdater (StateMachineUpdater.java:stopAndJoin(136)) - eccb109f-99d1-4501-bb16-6ecf49b3cdca@group-7547E68E841E-StateMachineUpdater: set stopIndex = 0
2019-11-15 00:57:24,822 [Thread-1376] INFO  impl.FollowerState (FollowerState.java:run(120)) - eccb109f-99d1-4501-bb16-6ecf49b3cdca@group-7547E68E841E-FollowerState was interrupted: java.lang.InterruptedException: sleep interrupted
2019-11-15 00:57:24,825 [grpc-default-executor-4] INFO  impl.RaftServerImpl (ServerState.java:close(387)) - eccb109f-99d1-4501-bb16-6ecf49b3cdca@group-7547E68E841E: closes. applyIndex: 0
2019-11-15 00:57:24,825 [eccb109f-99d1-4501-bb16-6ecf49b3cdca@group-7547E68E841E-SegmentedRaftLogWorker] INFO  segmented.SegmentedRaftLogWorker (SegmentedRaftLogWorker.java:run(316)) - eccb109f-99d1-4501-bb16-6ecf49b3cdca@group-7547E68E841E-SegmentedRaftLogWorker was interrupted, exiting. There are 0 tasks remaining in the queue.
2019-11-15 00:57:24,832 [grpc-default-executor-4] INFO  segmented.SegmentedRaftLogWorker (SegmentedRaftLogWorker.java:close(224)) - eccb109f-99d1-4501-bb16-6ecf49b3cdca@group-7547E68E841E-SegmentedRaftLogWorker close()
2019-11-15 00:57:24,840 [grpc-default-executor-0] INFO  impl.RaftServerProxy (RaftServerProxy.java:remove(95)) - 5fe8490f-f805-406a-80e2-fbda1a66b042: remove  FOLLOWER 5fe8490f-f805-406a-80e2-fbda1a66b042@group-7547E68E841E:t1, leader=d61fc7c3-32e3-43e3-b156-a1b483a86779, voted=5fe8490f-f805-406a-80e2-fbda1a66b042, raftlog=5fe8490f-f805-406a-80e2-fbda1a66b042@group-7547E68E841E-SegmentedRaftLog:OPENED:c0,f0,i0, conf=0: [5fe8490f-f805-406a-80e2-fbda1a66b042:192.168.164.208:45094, eccb109f-99d1-4501-bb16-6ecf49b3cdca:192.168.164.208:44076, d61fc7c3-32e3-43e3-b156-a1b483a86779:192.168.164.208:39950], old=null RUNNING
2019-11-15 00:57:24,840 [grpc-default-executor-0] INFO  impl.RaftServerImpl (RaftServerImpl.java:lambda$shutdown$3(250)) - 5fe8490f-f805-406a-80e2-fbda1a66b042@group-7547E68E841E: shutdown
2019-11-15 00:57:24,840 [grpc-default-executor-0] INFO  util.JmxRegister (JmxRegister.java:unregister(73)) - Successfully un-registered JMX Bean with object name Ratis:service=RaftServer,group=group-7547E68E841E,id=5fe8490f-f805-406a-80e2-fbda1a66b042
2019-11-15 00:57:24,841 [grpc-default-executor-0] INFO  impl.RoleInfo (RoleInfo.java:shutdownFollowerState(121)) - 5fe8490f-f805-406a-80e2-fbda1a66b042: shutdown FollowerState
2019-11-15 00:57:24,841 [grpc-default-executor-0] INFO  impl.StateMachineUpdater (StateMachineUpdater.java:stopAndJoin(136)) - 5fe8490f-f805-406a-80e2-fbda1a66b042@group-7547E68E841E-StateMachineUpdater: set stopIndex = 0
2019-11-15 00:57:24,841 [Thread-1388] INFO  impl.FollowerState (FollowerState.java:run(120)) - 5fe8490f-f805-406a-80e2-fbda1a66b042@group-7547E68E841E-FollowerState was interrupted: java.lang.InterruptedException: sleep interrupted
2019-11-15 00:57:24,841 [grpc-default-executor-0] INFO  impl.RaftServerImpl (ServerState.java:close(387)) - 5fe8490f-f805-406a-80e2-fbda1a66b042@group-7547E68E841E: closes. applyIndex: 0
2019-11-15 00:57:24,843 [5fe8490f-f805-406a-80e2-fbda1a66b042@group-7547E68E841E-SegmentedRaftLogWorker] INFO  segmented.SegmentedRaftLogWorker (SegmentedRaftLogWorker.java:run(316)) - 5fe8490f-f805-406a-80e2-fbda1a66b042@group-7547E68E841E-SegmentedRaftLogWorker was interrupted, exiting. There are 0 tasks remaining in the queue.
2019-11-15 00:57:24,844 [grpc-default-executor-0] INFO  segmented.SegmentedRaftLogWorker (SegmentedRaftLogWorker.java:close(224)) - 5fe8490f-f805-406a-80e2-fbda1a66b042@group-7547E68E841E-SegmentedRaftLogWorker close()
2019-11-15 00:57:24,850 [grpc-default-executor-0] INFO  impl.RaftServerProxy (RaftServerProxy.java:remove(95)) - d61fc7c3-32e3-43e3-b156-a1b483a86779: remove    LEADER d61fc7c3-32e3-43e3-b156-a1b483a86779@group-7547E68E841E:t1, leader=d61fc7c3-32e3-43e3-b156-a1b483a86779, voted=d61fc7c3-32e3-43e3-b156-a1b483a86779, raftlog=d61fc7c3-32e3-43e3-b156-a1b483a86779@group-7547E68E841E-SegmentedRaftLog:OPENED:c0,f0,i0, conf=0: [5fe8490f-f805-406a-80e2-fbda1a66b042:192.168.164.208:45094, eccb109f-99d1-4501-bb16-6ecf49b3cdca:192.168.164.208:44076, d61fc7c3-32e3-43e3-b156-a1b483a86779:192.168.164.208:39950], old=null RUNNING
2019-11-15 00:57:24,850 [grpc-default-executor-0] INFO  impl.RaftServerImpl (RaftServerImpl.java:lambda$shutdown$3(250)) - d61fc7c3-32e3-43e3-b156-a1b483a86779@group-7547E68E841E: shutdown
2019-11-15 00:57:24,850 [grpc-default-executor-0] INFO  util.JmxRegister (JmxRegister.java:unregister(73)) - Successfully un-registered JMX Bean with object name Ratis:service=RaftServer,group=group-7547E68E841E,id=d61fc7c3-32e3-43e3-b156-a1b483a86779
2019-11-15 00:57:24,850 [grpc-default-executor-0] INFO  impl.RoleInfo (RoleInfo.java:shutdownLeaderState(104)) - d61fc7c3-32e3-43e3-b156-a1b483a86779: shutdown LeaderState
2019-11-15 00:57:24,853 [grpc-default-executor-0] INFO  impl.PendingRequests (PendingRequests.java:sendNotLeaderResponses(206)) - d61fc7c3-32e3-43e3-b156-a1b483a86779@group-7547E68E841E-PendingRequests: sendNotLeaderResponses
2019-11-15 00:57:24,853 [org.apache.ratis.server.impl.LogAppender$AppenderDaemon$$Lambda$466/1042245461@2933ad3e] WARN  server.GrpcLogAppender (GrpcLogAppender.java:mayWait(151)) - d61fc7c3-32e3-43e3-b156-a1b483a86779@group-7547E68E841E->eccb109f-99d1-4501-bb16-6ecf49b3cdca-GrpcLogAppender: Wait interrupted by java.lang.InterruptedException
2019-11-15 00:57:24,855 [org.apache.ratis.server.impl.LogAppender$AppenderDaemon$$Lambda$466/1042245461@6c313edc] WARN  server.GrpcLogAppender (GrpcLogAppender.java:mayWait(151)) - d61fc7c3-32e3-43e3-b156-a1b483a86779@group-7547E68E841E->5fe8490f-f805-406a-80e2-fbda1a66b042-GrpcLogAppender: Wait interrupted by java.lang.InterruptedException
2019-11-15 00:57:24,855 [grpc-default-executor-0] INFO  impl.StateMachineUpdater (StateMachineUpdater.java:stopAndJoin(136)) - d61fc7c3-32e3-43e3-b156-a1b483a86779@group-7547E68E841E-StateMachineUpdater: set stopIndex = 0
2019-11-15 00:57:24,855 [grpc-default-executor-0] INFO  impl.RaftServerImpl (ServerState.java:close(387)) - d61fc7c3-32e3-43e3-b156-a1b483a86779@group-7547E68E841E: closes. applyIndex: 0
2019-11-15 00:57:24,855 [grpc-default-executor-4] INFO  server.GrpcServerProtocolService (GrpcServerProtocolService.java:onCompleted(113)) - eccb109f-99d1-4501-bb16-6ecf49b3cdca: Completed APPEND_ENTRIES, lastRequest: d61fc7c3-32e3-43e3-b156-a1b483a86779->eccb109f-99d1-4501-bb16-6ecf49b3cdca#4-t1, previous=(t:1, i:0), leaderCommit=0, initializing? false, entries: <empty>
2019-11-15 00:57:24,855 [d61fc7c3-32e3-43e3-b156-a1b483a86779@group-7547E68E841E-SegmentedRaftLogWorker] INFO  segmented.SegmentedRaftLogWorker (SegmentedRaftLogWorker.java:run(316)) - d61fc7c3-32e3-43e3-b156-a1b483a86779@group-7547E68E841E-SegmentedRaftLogWorker was interrupted, exiting. There are 0 tasks remaining in the queue.
2019-11-15 00:57:24,855 [grpc-default-executor-5] INFO  server.GrpcServerProtocolService (GrpcServerProtocolService.java:onCompleted(113)) - 5fe8490f-f805-406a-80e2-fbda1a66b042: Completed APPEND_ENTRIES, lastRequest: d61fc7c3-32e3-43e3-b156-a1b483a86779->5fe8490f-f805-406a-80e2-fbda1a66b042#4-t1, previous=(t:1, i:0), leaderCommit=0, initializing? false, entries: <empty>
2019-11-15 00:57:24,856 [grpc-default-executor-0] INFO  segmented.SegmentedRaftLogWorker (SegmentedRaftLogWorker.java:close(224)) - d61fc7c3-32e3-43e3-b156-a1b483a86779@group-7547E68E841E-SegmentedRaftLogWorker close()
2019-11-15 00:57:24,856 [grpc-default-executor-4] INFO  server.GrpcLogAppender (GrpcLogAppender.java:onCompleted(308)) - d61fc7c3-32e3-43e3-b156-a1b483a86779@group-7547E68E841E->eccb109f-99d1-4501-bb16-6ecf49b3cdca-AppendLogResponseHandler: follower responses appendEntries COMPLETED
2019-11-15 00:57:24,857 [grpc-default-executor-5] INFO  server.GrpcLogAppender (GrpcLogAppender.java:onCompleted(308)) - d61fc7c3-32e3-43e3-b156-a1b483a86779@group-7547E68E841E->5fe8490f-f805-406a-80e2-fbda1a66b042-AppendLogResponseHandler: follower responses appendEntries COMPLETED
2019-11-15 00:57:24,858 [grpc-default-executor-4] INFO  impl.FollowerInfo (FollowerInfo.java:lambda$new$0(51)) - d61fc7c3-32e3-43e3-b156-a1b483a86779@group-7547E68E841E->eccb109f-99d1-4501-bb16-6ecf49b3cdca: nextIndex: updateUnconditionally 1 -> 0
2019-11-15 00:57:24,858 [grpc-default-executor-5] INFO  impl.FollowerInfo (FollowerInfo.java:lambda$new$0(51)) - d61fc7c3-32e3-43e3-b156-a1b483a86779@group-7547E68E841E->5fe8490f-f805-406a-80e2-fbda1a66b042: nextIndex: updateUnconditionally 1 -> 0
2019-11-15 00:57:24,859 [Thread-1309] INFO  pipeline.PipelineStateManager (PipelineStateManager.java:removePipeline(106)) - Pipeline Pipeline[ Id: 981f52bb-2da9-4137-8342-7547e68e841e, Nodes: eccb109f-99d1-4501-bb16-6ecf49b3cdca{ip: 192.168.164.208, host: pr-hdds-2442-bxv5b-1523879440, networkLocation: /rack1, certSerialId: null}5fe8490f-f805-406a-80e2-fbda1a66b042{ip: 192.168.164.208, host: pr-hdds-2442-bxv5b-1523879440, networkLocation: /rack1, certSerialId: null}d61fc7c3-32e3-43e3-b156-a1b483a86779{ip: 192.168.164.208, host: pr-hdds-2442-bxv5b-1523879440, networkLocation: /rack1, certSerialId: null}, Type:RATIS, Factor:THREE, State:CLOSED] removed from db
2019-11-15 00:57:24,859 [Thread-1309] INFO  pipeline.SCMPipelineManager (SCMPipelineManager.java:finalizeAndDestroyPipeline(315)) - destroying pipeline:Pipeline[ Id: 898db4ff-09fe-4b00-a8ce-1adb972952ff, Nodes: c182b01b-afca-4fcd-8295-9462a850df3a{ip: 192.168.164.208, host: pr-hdds-2442-bxv5b-1523879440, networkLocation: /rack1, certSerialId: null}9ac24c7e-7e4f-4cef-ab0e-298cb71ae60d{ip: 192.168.164.208, host: pr-hdds-2442-bxv5b-1523879440, networkLocation: /rack1, certSerialId: null}4dfd32cc-2252-49fe-ba51-4380d1c0b0d5{ip: 192.168.164.208, host: pr-hdds-2442-bxv5b-1523879440, networkLocation: /rack1, certSerialId: null}, Type:RATIS, Factor:THREE, State:OPEN]
2019-11-15 00:57:24,860 [Thread-1309] INFO  pipeline.PipelineStateManager (PipelineStateManager.java:finalizePipeline(121)) - Pipeline Pipeline[ Id: 898db4ff-09fe-4b00-a8ce-1adb972952ff, Nodes: c182b01b-afca-4fcd-8295-9462a850df3a{ip: 192.168.164.208, host: pr-hdds-2442-bxv5b-1523879440, networkLocation: /rack1, certSerialId: null}9ac24c7e-7e4f-4cef-ab0e-298cb71ae60d{ip: 192.168.164.208, host: pr-hdds-2442-bxv5b-1523879440, networkLocation: /rack1, certSerialId: null}4dfd32cc-2252-49fe-ba51-4380d1c0b0d5{ip: 192.168.164.208, host: pr-hdds-2442-bxv5b-1523879440, networkLocation: /rack1, certSerialId: null}, Type:RATIS, Factor:THREE, State:CLOSED] moved to CLOSED state
2019-11-15 00:57:24,865 [grpc-default-executor-5] INFO  impl.RaftServerProxy (RaftServerProxy.java:remove(95)) - c182b01b-afca-4fcd-8295-9462a850df3a: remove    LEADER c182b01b-afca-4fcd-8295-9462a850df3a@group-1ADB972952FF:t1, leader=c182b01b-afca-4fcd-8295-9462a850df3a, voted=c182b01b-afca-4fcd-8295-9462a850df3a, raftlog=c182b01b-afca-4fcd-8295-9462a850df3a@group-1ADB972952FF-SegmentedRaftLog:OPENED:c0,f0,i0, conf=0: [9ac24c7e-7e4f-4cef-ab0e-298cb71ae60d:192.168.164.208:37265, c182b01b-afca-4fcd-8295-9462a850df3a:192.168.164.208:36437, 4dfd32cc-2252-49fe-ba51-4380d1c0b0d5:192.168.164.208:44082], old=null RUNNING
2019-11-15 00:57:24,867 [grpc-default-executor-5] INFO  impl.RaftServerImpl (RaftServerImpl.java:lambda$shutdown$3(250)) - c182b01b-afca-4fcd-8295-9462a850df3a@group-1ADB972952FF: shutdown
2019-11-15 00:57:24,867 [grpc-default-executor-5] INFO  util.JmxRegister (JmxRegister.java:unregister(73)) - Successfully un-registered JMX Bean with object name Ratis:service=RaftServer,group=group-1ADB972952FF,id=c182b01b-afca-4fcd-8295-9462a850df3a
2019-11-15 00:57:24,867 [grpc-default-executor-5] INFO  impl.RoleInfo (RoleInfo.java:shutdownLeaderState(104)) - c182b01b-afca-4fcd-8295-9462a850df3a: shutdown LeaderState
2019-11-15 00:57:24,871 [grpc-default-executor-5] INFO  impl.PendingRequests (PendingRequests.java:sendNotLeaderResponses(206)) - c182b01b-afca-4fcd-8295-9462a850df3a@group-1ADB972952FF-PendingRequests: sendNotLeaderResponses
2019-11-15 00:57:24,871 [org.apache.ratis.server.impl.LogAppender$AppenderDaemon$$Lambda$466/1042245461@4209c62c] WARN  server.GrpcLogAppender (GrpcLogAppender.java:mayWait(151)) - c182b01b-afca-4fcd-8295-9462a850df3a@group-1ADB972952FF->4dfd32cc-2252-49fe-ba51-4380d1c0b0d5-GrpcLogAppender: Wait interrupted by java.lang.InterruptedException
2019-11-15 00:57:24,873 [grpc-default-executor-5] INFO  impl.StateMachineUpdater (StateMachineUpdater.java:stopAndJoin(136)) - c182b01b-afca-4fcd-8295-9462a850df3a@group-1ADB972952FF-StateMachineUpdater: set stopIndex = 0
2019-11-15 00:57:24,871 [org.apache.ratis.server.impl.LogAppender$AppenderDaemon$$Lambda$466/1042245461@70b58a9] WARN  server.GrpcLogAppender (GrpcLogAppender.java:mayWait(151)) - c182b01b-afca-4fcd-8295-9462a850df3a@group-1ADB972952FF->9ac24c7e-7e4f-4cef-ab0e-298cb71ae60d-GrpcLogAppender: Wait interrupted by java.lang.InterruptedException
2019-11-15 00:57:24,873 [grpc-default-executor-0] INFO  server.GrpcServerProtocolService (GrpcServerProtocolService.java:onCompleted(113)) - 4dfd32cc-2252-49fe-ba51-4380d1c0b0d5: Completed APPEND_ENTRIES, lastRequest: c182b01b-afca-4fcd-8295-9462a850df3a->4dfd32cc-2252-49fe-ba51-4380d1c0b0d5#4-t1, previous=(t:1, i:0), leaderCommit=0, initializing? false, entries: <empty>
2019-11-15 00:57:24,873 [grpc-default-executor-5] INFO  impl.RaftServerImpl (ServerState.java:close(387)) - c182b01b-afca-4fcd-8295-9462a850df3a@group-1ADB972952FF: closes. applyIndex: 0
2019-11-15 00:57:24,873 [grpc-default-executor-2] INFO  server.GrpcServerProtocolService (GrpcServerProtocolService.java:onCompleted(113)) - 9ac24c7e-7e4f-4cef-ab0e-298cb71ae60d: Completed APPEND_ENTRIES, lastRequest: c182b01b-afca-4fcd-8295-9462a850df3a->9ac24c7e-7e4f-4cef-ab0e-298cb71ae60d#4-t1, previous=(t:1, i:0), leaderCommit=0, initializing? false, entries: <empty>
2019-11-15 00:57:24,873 [grpc-default-executor-4] INFO  impl.RaftServerProxy (RaftServerProxy.java:addNew(89)) - c182b01b-afca-4fcd-8295-9462a850df3a: addNew group-529DDC391E9C:[c182b01b-afca-4fcd-8295-9462a850df3a:192.168.164.208:36437, 5fe8490f-f805-406a-80e2-fbda1a66b042:192.168.164.208:45094, eccb109f-99d1-4501-bb16-6ecf49b3cdca:192.168.164.208:44076] returns group-529DDC391E9C:java.util.concurrent.CompletableFuture@15e907cc[Not completed]
2019-11-15 00:57:24,874 [c182b01b-afca-4fcd-8295-9462a850df3a@group-1ADB972952FF-SegmentedRaftLogWorker] INFO  segmented.SegmentedRaftLogWorker (SegmentedRaftLogWorker.java:run(316)) - c182b01b-afca-4fcd-8295-9462a850df3a@group-1ADB972952FF-SegmentedRaftLogWorker was interrupted, exiting. There are 0 tasks remaining in the queue.
2019-11-15 00:57:24,874 [grpc-default-executor-6] INFO  impl.RaftServerProxy (RaftServerProxy.java:addNew(89)) - eccb109f-99d1-4501-bb16-6ecf49b3cdca: addNew group-529DDC391E9C:[c182b01b-afca-4fcd-8295-9462a850df3a:192.168.164.208:36437, 5fe8490f-f805-406a-80e2-fbda1a66b042:192.168.164.208:45094, eccb109f-99d1-4501-bb16-6ecf49b3cdca:192.168.164.208:44076] returns group-529DDC391E9C:java.util.concurrent.CompletableFuture@41532ad1[Not completed]
2019-11-15 00:57:24,874 [grpc-default-executor-5] INFO  segmented.SegmentedRaftLogWorker (SegmentedRaftLogWorker.java:close(224)) - c182b01b-afca-4fcd-8295-9462a850df3a@group-1ADB972952FF-SegmentedRaftLogWorker close()
2019-11-15 00:57:24,874 [grpc-default-executor-3] INFO  impl.RaftServerProxy (RaftServerProxy.java:addNew(89)) - 5fe8490f-f805-406a-80e2-fbda1a66b042: addNew group-529DDC391E9C:[c182b01b-afca-4fcd-8295-9462a850df3a:192.168.164.208:36437, 5fe8490f-f805-406a-80e2-fbda1a66b042:192.168.164.208:45094, eccb109f-99d1-4501-bb16-6ecf49b3cdca:192.168.164.208:44076] returns group-529DDC391E9C:java.util.concurrent.CompletableFuture@2df702e9[Not completed]
2019-11-15 00:57:24,874 [grpc-default-executor-0] INFO  server.GrpcLogAppender (GrpcLogAppender.java:onCompleted(308)) - c182b01b-afca-4fcd-8295-9462a850df3a@group-1ADB972952FF->9ac24c7e-7e4f-4cef-ab0e-298cb71ae60d-AppendLogResponseHandler: follower responses appendEntries COMPLETED
2019-11-15 00:57:24,874 [grpc-default-executor-2] INFO  server.GrpcLogAppender (GrpcLogAppender.java:onCompleted(308)) - c182b01b-afca-4fcd-8295-9462a850df3a@group-1ADB972952FF->4dfd32cc-2252-49fe-ba51-4380d1c0b0d5-AppendLogResponseHandler: follower responses appendEntries COMPLETED
2019-11-15 00:57:24,876 [grpc-default-executor-0] INFO  impl.FollowerInfo (FollowerInfo.java:lambda$new$0(51)) - c182b01b-afca-4fcd-8295-9462a850df3a@group-1ADB972952FF->9ac24c7e-7e4f-4cef-ab0e-298cb71ae60d: nextIndex: updateUnconditionally 1 -> 0
2019-11-15 00:57:24,876 [grpc-default-executor-2] INFO  impl.FollowerInfo (FollowerInfo.java:lambda$new$0(51)) - c182b01b-afca-4fcd-8295-9462a850df3a@group-1ADB972952FF->4dfd32cc-2252-49fe-ba51-4380d1c0b0d5: nextIndex: updateUnconditionally 1 -> 0
2019-11-15 00:57:24,877 [pool-189-thread-1] INFO  impl.RaftServerImpl (RaftServerImpl.java:<init>(98)) - c182b01b-afca-4fcd-8295-9462a850df3a: new RaftServerImpl for group-529DDC391E9C:[c182b01b-afca-4fcd-8295-9462a850df3a:192.168.164.208:36437, 5fe8490f-f805-406a-80e2-fbda1a66b042:192.168.164.208:45094, eccb109f-99d1-4501-bb16-6ecf49b3cdca:192.168.164.208:44076] with ContainerStateMachine:uninitialized
2019-11-15 00:57:24,877 [pool-189-thread-1] INFO  server.RaftServerConfigKeys (ConfUtils.java:logGet(43)) - raft.server.rpc.timeout.min = 1s (custom)
2019-11-15 00:57:24,877 [pool-189-thread-1] INFO  server.RaftServerConfigKeys (ConfUtils.java:logGet(43)) - raft.server.rpc.timeout.max = 1200ms (custom)
2019-11-15 00:57:24,877 [pool-189-thread-1] INFO  server.RaftServerConfigKeys (ConfUtils.java:logGet(43)) - raft.server.rpcslowness.timeout = 120s (custom)
2019-11-15 00:57:24,877 [pool-189-thread-1] INFO  server.RaftServerConfigKeys (ConfUtils.java:logGet(43)) - raft.server.sleep.deviation.threshold = 300 (default)
2019-11-15 00:57:24,877 [pool-189-thread-1] INFO  server.RaftServerConfigKeys (ConfUtils.java:logGet(43)) - raft.server.log.appender.install.snapshot.enabled = false (custom)
2019-11-15 00:57:24,878 [pool-169-thread-1] INFO  impl.RaftServerImpl (RaftServerImpl.java:<init>(98)) - 5fe8490f-f805-406a-80e2-fbda1a66b042: new RaftServerImpl for group-529DDC391E9C:[c182b01b-afca-4fcd-8295-9462a850df3a:192.168.164.208:36437, 5fe8490f-f805-406a-80e2-fbda1a66b042:192.168.164.208:45094, eccb109f-99d1-4501-bb16-6ecf49b3cdca:192.168.164.208:44076] with ContainerStateMachine:uninitialized
2019-11-15 00:57:24,878 [pool-189-thread-1] INFO  impl.RaftServerImpl (ServerState.java:<init>(103)) - c182b01b-afca-4fcd-8295-9462a850df3a@group-529DDC391E9C: ConfigurationManager, init=-1: [c182b01b-afca-4fcd-8295-9462a850df3a:192.168.164.208:36437, 5fe8490f-f805-406a-80e2-fbda1a66b042:192.168.164.208:45094, eccb109f-99d1-4501-bb16-6ecf49b3cdca:192.168.164.208:44076], old=null, confs=<EMPTY_MAP>
2019-11-15 00:57:24,878 [pool-169-thread-1] INFO  server.RaftServerConfigKeys (ConfUtils.java:logGet(43)) - raft.server.rpc.timeout.min = 1s (custom)
2019-11-15 00:57:24,878 [pool-189-thread-1] INFO  server.RaftServerConfigKeys (ConfUtils.java:logGet(43)) - raft.server.storage.dir = [/workdir/hadoop-ozone/integration-test/target/test-dir/MiniOzoneClusterImpl-8fc52630-20fd-4955-97d1-2a2852f9ee58/datanode-4/data/ratis] (custom)
2019-11-15 00:57:24,878 [pool-169-thread-1] INFO  server.RaftServerConfigKeys (ConfUtils.java:logGet(43)) - raft.server.rpc.timeout.max = 1200ms (custom)
2019-11-15 00:57:24,878 [pool-149-thread-1] INFO  impl.RaftServerImpl (RaftServerImpl.java:<init>(98)) - eccb109f-99d1-4501-bb16-6ecf49b3cdca: new RaftServerImpl for group-529DDC391E9C:[c182b01b-afca-4fcd-8295-9462a850df3a:192.168.164.208:36437, 5fe8490f-f805-406a-80e2-fbda1a66b042:192.168.164.208:45094, eccb109f-99d1-4501-bb16-6ecf49b3cdca:192.168.164.208:44076] with ContainerStateMachine:uninitialized
2019-11-15 00:57:24,878 [pool-189-thread-1] INFO  server.RaftServerConfigKeys (ConfUtils.java:logGet(43)) - raft.server.log.corruption.policy = EXCEPTION (default)
2019-11-15 00:57:24,878 [pool-169-thread-1] INFO  server.RaftServerConfigKeys (ConfUtils.java:logGet(43)) - raft.server.rpcslowness.timeout = 120s (custom)
2019-11-15 00:57:24,878 [pool-149-thread-1] INFO  server.RaftServerConfigKeys (ConfUtils.java:logGet(43)) - raft.server.rpc.timeout.min = 1s (custom)
2019-11-15 00:57:24,878 [pool-189-thread-1] INFO  storage.RaftStorageDirectory (RaftStorageDirectory.java:analyzeStorage(246)) - The storage directory /workdir/hadoop-ozone/integration-test/target/test-dir/MiniOzoneClusterImpl-8fc52630-20fd-4955-97d1-2a2852f9ee58/datanode-4/data/ratis/1625d0bf-1f01-4798-94f4-529ddc391e9c does not exist. Creating ...
2019-11-15 00:57:24,878 [pool-169-thread-1] INFO  server.RaftServerConfigKeys (ConfUtils.java:logGet(43)) - raft.server.sleep.deviation.threshold = 300 (default)
2019-11-15 00:57:24,879 [pool-149-thread-1] INFO  server.RaftServerConfigKeys (ConfUtils.java:logGet(43)) - raft.server.rpc.timeout.max = 1200ms (custom)
2019-11-15 00:57:24,879 [pool-169-thread-1] INFO  server.RaftServerConfigKeys (ConfUtils.java:logGet(43)) - raft.server.log.appender.install.snapshot.enabled = false (custom)
2019-11-15 00:57:24,879 [pool-149-thread-1] INFO  server.RaftServerConfigKeys (ConfUtils.java:logGet(43)) - raft.server.rpcslowness.timeout = 120s (custom)
2019-11-15 00:57:24,879 [pool-169-thread-1] INFO  impl.RaftServerImpl (ServerState.java:<init>(103)) - 5fe8490f-f805-406a-80e2-fbda1a66b042@group-529DDC391E9C: ConfigurationManager, init=-1: [c182b01b-afca-4fcd-8295-9462a850df3a:192.168.164.208:36437, 5fe8490f-f805-406a-80e2-fbda1a66b042:192.168.164.208:45094, eccb109f-99d1-4501-bb16-6ecf49b3cdca:192.168.164.208:44076], old=null, confs=<EMPTY_MAP>
2019-11-15 00:57:24,879 [pool-149-thread-1] INFO  server.RaftServerConfigKeys (ConfUtils.java:logGet(43)) - raft.server.sleep.deviation.threshold = 300 (default)
2019-11-15 00:57:24,879 [pool-169-thread-1] INFO  server.RaftServerConfigKeys (ConfUtils.java:logGet(43)) - raft.server.storage.dir = [/workdir/hadoop-ozone/integration-test/target/test-dir/MiniOzoneClusterImpl-8fc52630-20fd-4955-97d1-2a2852f9ee58/datanode-2/data/ratis] (custom)
2019-11-15 00:57:24,879 [pool-149-thread-1] INFO  server.RaftServerConfigKeys (ConfUtils.java:logGet(43)) - raft.server.log.appender.install.snapshot.enabled = false (custom)
2019-11-15 00:57:24,879 [pool-149-thread-1] INFO  impl.RaftServerImpl (ServerState.java:<init>(103)) - eccb109f-99d1-4501-bb16-6ecf49b3cdca@group-529DDC391E9C: ConfigurationManager, init=-1: [c182b01b-afca-4fcd-8295-9462a850df3a:192.168.164.208:36437, 5fe8490f-f805-406a-80e2-fbda1a66b042:192.168.164.208:45094, eccb109f-99d1-4501-bb16-6ecf49b3cdca:192.168.164.208:44076], old=null, confs=<EMPTY_MAP>
2019-11-15 00:57:24,879 [pool-169-thread-1] INFO  server.RaftServerConfigKeys (ConfUtils.java:logGet(43)) - raft.server.log.corruption.policy = EXCEPTION (default)
2019-11-15 00:57:24,880 [pool-149-thread-1] INFO  server.RaftServerConfigKeys (ConfUtils.java:logGet(43)) - raft.server.storage.dir = [/workdir/hadoop-ozone/integration-test/target/test-dir/MiniOzoneClusterImpl-8fc52630-20fd-4955-97d1-2a2852f9ee58/datanode-0/data/ratis] (custom)
2019-11-15 00:57:24,880 [pool-169-thread-1] INFO  storage.RaftStorageDirectory (RaftStorageDirectory.java:analyzeStorage(246)) - The storage directory /workdir/hadoop-ozone/integration-test/target/test-dir/MiniOzoneClusterImpl-8fc52630-20fd-4955-97d1-2a2852f9ee58/datanode-2/data/ratis/1625d0bf-1f01-4798-94f4-529ddc391e9c does not exist. Creating ...
2019-11-15 00:57:24,880 [grpc-default-executor-2] INFO  impl.RaftServerProxy (RaftServerProxy.java:remove(95)) - 9ac24c7e-7e4f-4cef-ab0e-298cb71ae60d: remove  FOLLOWER 9ac24c7e-7e4f-4cef-ab0e-298cb71ae60d@group-1ADB972952FF:t1, leader=c182b01b-afca-4fcd-8295-9462a850df3a, voted=9ac24c7e-7e4f-4cef-ab0e-298cb71ae60d, raftlog=9ac24c7e-7e4f-4cef-ab0e-298cb71ae60d@group-1ADB972952FF-SegmentedRaftLog:OPENED:c0,f0,i0, conf=0: [9ac24c7e-7e4f-4cef-ab0e-298cb71ae60d:192.168.164.208:37265, c182b01b-afca-4fcd-8295-9462a850df3a:192.168.164.208:36437, 4dfd32cc-2252-49fe-ba51-4380d1c0b0d5:192.168.164.208:44082], old=null RUNNING
2019-11-15 00:57:24,880 [pool-149-thread-1] INFO  server.RaftServerConfigKeys (ConfUtils.java:logGet(43)) - raft.server.log.corruption.policy = EXCEPTION (default)
2019-11-15 00:57:24,880 [grpc-default-executor-2] INFO  impl.RaftServerImpl (RaftServerImpl.java:lambda$shutdown$3(250)) - 9ac24c7e-7e4f-4cef-ab0e-298cb71ae60d@group-1ADB972952FF: shutdown
2019-11-15 00:57:24,882 [grpc-default-executor-2] INFO  util.JmxRegister (JmxRegister.java:unregister(73)) - Successfully un-registered JMX Bean with object name Ratis:service=RaftServer,group=group-1ADB972952FF,id=9ac24c7e-7e4f-4cef-ab0e-298cb71ae60d
2019-11-15 00:57:24,882 [pool-149-thread-1] INFO  storage.RaftStorageDirectory (RaftStorageDirectory.java:analyzeStorage(246)) - The storage directory /workdir/hadoop-ozone/integration-test/target/test-dir/MiniOzoneClusterImpl-8fc52630-20fd-4955-97d1-2a2852f9ee58/datanode-0/data/ratis/1625d0bf-1f01-4798-94f4-529ddc391e9c does not exist. Creating ...
2019-11-15 00:57:24,882 [grpc-default-executor-2] INFO  impl.RoleInfo (RoleInfo.java:shutdownFollowerState(121)) - 9ac24c7e-7e4f-4cef-ab0e-298cb71ae60d: shutdown FollowerState
2019-11-15 00:57:24,882 [grpc-default-executor-2] INFO  impl.StateMachineUpdater (StateMachineUpdater.java:stopAndJoin(136)) - 9ac24c7e-7e4f-4cef-ab0e-298cb71ae60d@group-1ADB972952FF-StateMachineUpdater: set stopIndex = 0
2019-11-15 00:57:24,882 [Thread-1402] INFO  impl.FollowerState (FollowerState.java:run(120)) - 9ac24c7e-7e4f-4cef-ab0e-298cb71ae60d@group-1ADB972952FF-FollowerState was interrupted: java.lang.InterruptedException: sleep interrupted
2019-11-15 00:57:24,883 [grpc-default-executor-2] INFO  impl.RaftServerImpl (ServerState.java:close(387)) - 9ac24c7e-7e4f-4cef-ab0e-298cb71ae60d@group-1ADB972952FF: closes. applyIndex: 0
2019-11-15 00:57:24,883 [9ac24c7e-7e4f-4cef-ab0e-298cb71ae60d@group-1ADB972952FF-SegmentedRaftLogWorker] INFO  segmented.SegmentedRaftLogWorker (SegmentedRaftLogWorker.java:run(316)) - 9ac24c7e-7e4f-4cef-ab0e-298cb71ae60d@group-1ADB972952FF-SegmentedRaftLogWorker was interrupted, exiting. There are 0 tasks remaining in the queue.
2019-11-15 00:57:24,883 [grpc-default-executor-2] INFO  segmented.SegmentedRaftLogWorker (SegmentedRaftLogWorker.java:close(224)) - 9ac24c7e-7e4f-4cef-ab0e-298cb71ae60d@group-1ADB972952FF-SegmentedRaftLogWorker close()
2019-11-15 00:57:24,889 [grpc-default-executor-2] INFO  impl.RaftServerProxy (RaftServerProxy.java:remove(95)) - 4dfd32cc-2252-49fe-ba51-4380d1c0b0d5: remove  FOLLOWER 4dfd32cc-2252-49fe-ba51-4380d1c0b0d5@group-1ADB972952FF:t1, leader=c182b01b-afca-4fcd-8295-9462a850df3a, voted=c182b01b-afca-4fcd-8295-9462a850df3a, raftlog=4dfd32cc-2252-49fe-ba51-4380d1c0b0d5@group-1ADB972952FF-SegmentedRaftLog:OPENED:c0,f0,i0, conf=0: [9ac24c7e-7e4f-4cef-ab0e-298cb71ae60d:192.168.164.208:37265, c182b01b-afca-4fcd-8295-9462a850df3a:192.168.164.208:36437, 4dfd32cc-2252-49fe-ba51-4380d1c0b0d5:192.168.164.208:44082], old=null RUNNING
2019-11-15 00:57:24,889 [grpc-default-executor-2] INFO  impl.RaftServerImpl (RaftServerImpl.java:lambda$shutdown$3(250)) - 4dfd32cc-2252-49fe-ba51-4380d1c0b0d5@group-1ADB972952FF: shutdown
2019-11-15 00:57:24,890 [grpc-default-executor-2] INFO  util.JmxRegister (JmxRegister.java:unregister(73)) - Successfully un-registered JMX Bean with object name Ratis:service=RaftServer,group=group-1ADB972952FF,id=4dfd32cc-2252-49fe-ba51-4380d1c0b0d5
2019-11-15 00:57:24,890 [grpc-default-executor-2] INFO  impl.RoleInfo (RoleInfo.java:shutdownFollowerState(121)) - 4dfd32cc-2252-49fe-ba51-4380d1c0b0d5: shutdown FollowerState
2019-11-15 00:57:24,890 [grpc-default-executor-2] INFO  impl.StateMachineUpdater (StateMachineUpdater.java:stopAndJoin(136)) - 4dfd32cc-2252-49fe-ba51-4380d1c0b0d5@group-1ADB972952FF-StateMachineUpdater: set stopIndex = 0
2019-11-15 00:57:24,890 [Thread-1401] INFO  impl.FollowerState (FollowerState.java:run(120)) - 4dfd32cc-2252-49fe-ba51-4380d1c0b0d5@group-1ADB972952FF-FollowerState was interrupted: java.lang.InterruptedException: sleep interrupted
2019-11-15 00:57:24,890 [grpc-default-executor-2] INFO  impl.RaftServerImpl (ServerState.java:close(387)) - 4dfd32cc-2252-49fe-ba51-4380d1c0b0d5@group-1ADB972952FF: closes. applyIndex: 0
2019-11-15 00:57:24,892 [4dfd32cc-2252-49fe-ba51-4380d1c0b0d5@group-1ADB972952FF-SegmentedRaftLogWorker] INFO  segmented.SegmentedRaftLogWorker (SegmentedRaftLogWorker.java:run(316)) - 4dfd32cc-2252-49fe-ba51-4380d1c0b0d5@group-1ADB972952FF-SegmentedRaftLogWorker was interrupted, exiting. There are 0 tasks remaining in the queue.
2019-11-15 00:57:24,892 [grpc-default-executor-2] INFO  segmented.SegmentedRaftLogWorker (SegmentedRaftLogWorker.java:close(224)) - 4dfd32cc-2252-49fe-ba51-4380d1c0b0d5@group-1ADB972952FF-SegmentedRaftLogWorker close()
2019-11-15 00:57:24,892 [pool-189-thread-1] INFO  storage.RaftStorageDirectory (RaftStorageDirectory.java:tryLock(328)) - Lock on /workdir/hadoop-ozone/integration-test/target/test-dir/MiniOzoneClusterImpl-8fc52630-20fd-4955-97d1-2a2852f9ee58/datanode-4/data/ratis/1625d0bf-1f01-4798-94f4-529ddc391e9c/in_use.lock acquired by nodename 16745@pr-hdds-2442-bxv5b-1523879440
2019-11-15 00:57:24,892 [pool-169-thread-1] INFO  storage.RaftStorageDirectory (RaftStorageDirectory.java:tryLock(328)) - Lock on /workdir/hadoop-ozone/integration-test/target/test-dir/MiniOzoneClusterImpl-8fc52630-20fd-4955-97d1-2a2852f9ee58/datanode-2/data/ratis/1625d0bf-1f01-4798-94f4-529ddc391e9c/in_use.lock acquired by nodename 16745@pr-hdds-2442-bxv5b-1523879440
2019-11-15 00:57:24,892 [pool-149-thread-1] INFO  storage.RaftStorageDirectory (RaftStorageDirectory.java:tryLock(328)) - Lock on /workdir/hadoop-ozone/integration-test/target/test-dir/MiniOzoneClusterImpl-8fc52630-20fd-4955-97d1-2a2852f9ee58/datanode-0/data/ratis/1625d0bf-1f01-4798-94f4-529ddc391e9c/in_use.lock acquired by nodename 16745@pr-hdds-2442-bxv5b-1523879440
2019-11-15 00:57:24,908 [pool-169-thread-1] INFO  storage.RaftStorage (RaftStorage.java:format(84)) - Storage directory /workdir/hadoop-ozone/integration-test/target/test-dir/MiniOzoneClusterImpl-8fc52630-20fd-4955-97d1-2a2852f9ee58/datanode-2/data/ratis/1625d0bf-1f01-4798-94f4-529ddc391e9c has been successfully formatted.
2019-11-15 00:57:24,908 [pool-189-thread-1] INFO  storage.RaftStorage (RaftStorage.java:format(84)) - Storage directory /workdir/hadoop-ozone/integration-test/target/test-dir/MiniOzoneClusterImpl-8fc52630-20fd-4955-97d1-2a2852f9ee58/datanode-4/data/ratis/1625d0bf-1f01-4798-94f4-529ddc391e9c has been successfully formatted.
2019-11-15 00:57:24,908 [pool-149-thread-1] INFO  storage.RaftStorage (RaftStorage.java:format(84)) - Storage directory /workdir/hadoop-ozone/integration-test/target/test-dir/MiniOzoneClusterImpl-8fc52630-20fd-4955-97d1-2a2852f9ee58/datanode-0/data/ratis/1625d0bf-1f01-4798-94f4-529ddc391e9c has been successfully formatted.
2019-11-15 00:57:24,908 [pool-189-thread-1] INFO  ratis.ContainerStateMachine (ContainerStateMachine.java:loadSnapshot(223)) - group-529DDC391E9C: The snapshot info is null. Setting the last applied indexto:(t:0, i:~)
2019-11-15 00:57:24,908 [pool-169-thread-1] INFO  ratis.ContainerStateMachine (ContainerStateMachine.java:loadSnapshot(223)) - group-529DDC391E9C: The snapshot info is null. Setting the last applied indexto:(t:0, i:~)
2019-11-15 00:57:24,908 [pool-189-thread-1] INFO  server.RaftServerConfigKeys (ConfUtils.java:logGet(43)) - raft.server.notification.no-leader.timeout = 120s (custom)
2019-11-15 00:57:24,908 [pool-169-thread-1] INFO  server.RaftServerConfigKeys (ConfUtils.java:logGet(43)) - raft.server.notification.no-leader.timeout = 120s (custom)
2019-11-15 00:57:24,908 [pool-189-thread-1] INFO  server.RaftServerConfigKeys (ConfUtils.java:logGet(43)) - raft.server.log.use.memory = false (default)
2019-11-15 00:57:24,908 [pool-169-thread-1] INFO  server.RaftServerConfigKeys (ConfUtils.java:logGet(43)) - raft.server.log.use.memory = false (default)
2019-11-15 00:57:24,908 [pool-189-thread-1] INFO  server.RaftServerConfigKeys (ConfUtils.java:logGet(43)) - raft.server.log.purge.gap = 1000000 (custom)
2019-11-15 00:57:24,909 [pool-169-thread-1] INFO  server.RaftServerConfigKeys (ConfUtils.java:logGet(43)) - raft.server.log.purge.gap = 1000000 (custom)
2019-11-15 00:57:24,909 [pool-149-thread-1] INFO  ratis.ContainerStateMachine (ContainerStateMachine.java:loadSnapshot(223)) - group-529DDC391E9C: The snapshot info is null. Setting the last applied indexto:(t:0, i:~)
2019-11-15 00:57:24,909 [pool-189-thread-1] INFO  server.RaftServerConfigKeys (ConfUtils.java:logGet(43)) - raft.server.log.appender.buffer.byte-limit = 33554432 (custom)
2019-11-15 00:57:24,909 [pool-149-thread-1] INFO  server.RaftServerConfigKeys (ConfUtils.java:logGet(43)) - raft.server.notification.no-leader.timeout = 120s (custom)
2019-11-15 00:57:24,909 [pool-169-thread-1] INFO  server.RaftServerConfigKeys (ConfUtils.java:logGet(43)) - raft.server.log.appender.buffer.byte-limit = 33554432 (custom)
2019-11-15 00:57:24,909 [pool-149-thread-1] INFO  server.RaftServerConfigKeys (ConfUtils.java:logGet(43)) - raft.server.log.use.memory = false (default)
2019-11-15 00:57:24,909 [pool-189-thread-1] INFO  server.RaftServerConfigKeys (ConfUtils.java:logGet(43)) - raft.server.log.segment.size.max = 1048576 (custom)
2019-11-15 00:57:24,909 [pool-149-thread-1] INFO  server.RaftServerConfigKeys (ConfUtils.java:logGet(43)) - raft.server.log.purge.gap = 1000000 (custom)
2019-11-15 00:57:24,909 [pool-169-thread-1] INFO  server.RaftServerConfigKeys (ConfUtils.java:logGet(43)) - raft.server.log.segment.size.max = 1048576 (custom)
2019-11-15 00:57:24,909 [pool-149-thread-1] INFO  server.RaftServerConfigKeys (ConfUtils.java:logGet(43)) - raft.server.log.appender.buffer.byte-limit = 33554432 (custom)
2019-11-15 00:57:24,909 [pool-189-thread-1] INFO  server.RaftServerConfigKeys (ConfUtils.java:logGet(43)) - raft.server.log.segment.cache.num.max = 2 (custom)
2019-11-15 00:57:24,910 [pool-149-thread-1] INFO  server.RaftServerConfigKeys (ConfUtils.java:logGet(43)) - raft.server.log.segment.size.max = 1048576 (custom)
2019-11-15 00:57:24,909 [pool-169-thread-1] INFO  server.RaftServerConfigKeys (ConfUtils.java:logGet(43)) - raft.server.log.segment.cache.num.max = 2 (custom)
2019-11-15 00:57:24,910 [pool-149-thread-1] INFO  server.RaftServerConfigKeys (ConfUtils.java:logGet(43)) - raft.server.log.segment.cache.num.max = 2 (custom)
2019-11-15 00:57:24,910 [pool-189-thread-1] INFO  segmented.SegmentedRaftLogWorker (SegmentedRaftLogWorker.java:<init>(173)) - new c182b01b-afca-4fcd-8295-9462a850df3a@group-529DDC391E9C-SegmentedRaftLogWorker for RaftStorage:Storage Directory /workdir/hadoop-ozone/integration-test/target/test-dir/MiniOzoneClusterImpl-8fc52630-20fd-4955-97d1-2a2852f9ee58/datanode-4/data/ratis/1625d0bf-1f01-4798-94f4-529ddc391e9c
2019-11-15 00:57:24,910 [pool-149-thread-1] INFO  segmented.SegmentedRaftLogWorker (SegmentedRaftLogWorker.java:<init>(173)) - new eccb109f-99d1-4501-bb16-6ecf49b3cdca@group-529DDC391E9C-SegmentedRaftLogWorker for RaftStorage:Storage Directory /workdir/hadoop-ozone/integration-test/target/test-dir/MiniOzoneClusterImpl-8fc52630-20fd-4955-97d1-2a2852f9ee58/datanode-0/data/ratis/1625d0bf-1f01-4798-94f4-529ddc391e9c
2019-11-15 00:57:24,910 [pool-149-thread-1] INFO  server.RaftServerConfigKeys (ConfUtils.java:logGet(43)) - raft.server.log.queue.byte-limit = 2147483647 (custom)
2019-11-15 00:57:24,910 [pool-169-thread-1] INFO  segmented.SegmentedRaftLogWorker (SegmentedRaftLogWorker.java:<init>(173)) - new 5fe8490f-f805-406a-80e2-fbda1a66b042@group-529DDC391E9C-SegmentedRaftLogWorker for RaftStorage:Storage Directory /workdir/hadoop-ozone/integration-test/target/test-dir/MiniOzoneClusterImpl-8fc52630-20fd-4955-97d1-2a2852f9ee58/datanode-2/data/ratis/1625d0bf-1f01-4798-94f4-529ddc391e9c
2019-11-15 00:57:24,910 [pool-149-thread-1] INFO  server.RaftServerConfigKeys (ConfUtils.java:logGet(43)) - raft.server.log.queue.element-limit = 1024 (custom)
2019-11-15 00:57:24,910 [pool-189-thread-1] INFO  server.RaftServerConfigKeys (ConfUtils.java:logGet(43)) - raft.server.log.queue.byte-limit = 2147483647 (custom)
2019-11-15 00:57:24,910 [pool-149-thread-1] INFO  server.RaftServerConfigKeys (ConfUtils.java:logGet(43)) - raft.server.log.segment.size.max = 1048576 (custom)
2019-11-15 00:57:24,910 [pool-169-thread-1] INFO  server.RaftServerConfigKeys (ConfUtils.java:logGet(43)) - raft.server.log.queue.byte-limit = 2147483647 (custom)
2019-11-15 00:57:24,911 [pool-149-thread-1] INFO  server.RaftServerConfigKeys (ConfUtils.java:logGet(43)) - raft.server.log.preallocated.size = 16384 (custom)
2019-11-15 00:57:24,911 [pool-149-thread-1] INFO  server.RaftServerConfigKeys (ConfUtils.java:logGet(43)) - raft.server.log.write.buffer.size = 33554432 (custom)
2019-11-15 00:57:24,911 [pool-189-thread-1] INFO  server.RaftServerConfigKeys (ConfUtils.java:logGet(43)) - raft.server.log.queue.element-limit = 1024 (custom)
2019-11-15 00:57:24,911 [pool-149-thread-1] INFO  server.RaftServerConfigKeys (ConfUtils.java:logGet(43)) - raft.server.log.force.sync.num = 128 (default)
2019-11-15 00:57:24,911 [pool-169-thread-1] INFO  server.RaftServerConfigKeys (ConfUtils.java:logGet(43)) - raft.server.log.queue.element-limit = 1024 (custom)
2019-11-15 00:57:24,911 [pool-149-thread-1] INFO  server.RaftServerConfigKeys (ConfUtils.java:logGet(43)) - raft.server.log.statemachine.data.sync = true (default)
2019-11-15 00:57:24,911 [pool-189-thread-1] INFO  server.RaftServerConfigKeys (ConfUtils.java:logGet(43)) - raft.server.log.segment.size.max = 1048576 (custom)
2019-11-15 00:57:24,911 [pool-149-thread-1] INFO  server.RaftServerConfigKeys (ConfUtils.java:logGet(43)) - raft.server.log.statemachine.data.sync.timeout = 10s (default)
2019-11-15 00:57:24,911 [pool-169-thread-1] INFO  server.RaftServerConfigKeys (ConfUtils.java:logGet(43)) - raft.server.log.segment.size.max = 1048576 (custom)
2019-11-15 00:57:24,911 [pool-149-thread-1] INFO  server.RaftServerConfigKeys (ConfUtils.java:logGet(43)) - raft.server.log.statemachine.data.sync.timeout.retry = -1 (default)
2019-11-15 00:57:24,911 [pool-189-thread-1] INFO  server.RaftServerConfigKeys (ConfUtils.java:logGet(43)) - raft.server.log.preallocated.size = 16384 (custom)
2019-11-15 00:57:24,912 [pool-149-thread-1] INFO  server.RaftServerConfigKeys (ConfUtils.java:logGet(43)) - raft.server.log.statemachine.data.caching.enabled = true (custom)
2019-11-15 00:57:24,912 [pool-169-thread-1] INFO  server.RaftServerConfigKeys (ConfUtils.java:logGet(43)) - raft.server.log.preallocated.size = 16384 (custom)
2019-11-15 00:57:24,912 [pool-189-thread-1] INFO  server.RaftServerConfigKeys (ConfUtils.java:logGet(43)) - raft.server.log.write.buffer.size = 33554432 (custom)
2019-11-15 00:57:24,912 [pool-149-thread-1] INFO  segmented.SegmentedRaftLogWorker (SegmentedRaftLogWorker.java:lambda$new$0(128)) - eccb109f-99d1-4501-bb16-6ecf49b3cdca@group-529DDC391E9C-SegmentedRaftLogWorker: flushIndex: setUnconditionally 0 -> -1
2019-11-15 00:57:24,912 [pool-169-thread-1] INFO  server.RaftServerConfigKeys (ConfUtils.java:logGet(43)) - raft.server.log.write.buffer.size = 33554432 (custom)
2019-11-15 00:57:24,912 [pool-189-thread-1] INFO  server.RaftServerConfigKeys (ConfUtils.java:logGet(43)) - raft.server.log.force.sync.num = 128 (default)
2019-11-15 00:57:24,912 [pool-149-thread-1] INFO  server.RaftServerConfigKeys (ConfUtils.java:logGet(43)) - raft.server.snapshot.auto.trigger.enabled = true (custom)
2019-11-15 00:57:24,912 [pool-169-thread-1] INFO  server.RaftServerConfigKeys (ConfUtils.java:logGet(43)) - raft.server.log.force.sync.num = 128 (default)
2019-11-15 00:57:24,912 [pool-149-thread-1] INFO  server.RaftServerConfigKeys (ConfUtils.java:logGet(43)) - raft.server.snapshot.auto.trigger.threshold = 10000 (custom)
2019-11-15 00:57:24,912 [pool-189-thread-1] INFO  server.RaftServerConfigKeys (ConfUtils.java:logGet(43)) - raft.server.log.statemachine.data.sync = true (default)
2019-11-15 00:57:24,913 [pool-149-thread-1] INFO  server.RaftServerConfigKeys (ConfUtils.java:logGet(43)) - raft.server.snapshot.retention.file.num = 5 (custom)
2019-11-15 00:57:24,913 [pool-169-thread-1] INFO  server.RaftServerConfigKeys (ConfUtils.java:logGet(43)) - raft.server.log.statemachine.data.sync = true (default)
2019-11-15 00:57:24,913 [pool-149-thread-1] INFO  server.RaftServerConfigKeys (ConfUtils.java:logGet(43)) - raft.server.retrycache.expirytime = 600000ms (custom)
2019-11-15 00:57:24,913 [pool-189-thread-1] INFO  server.RaftServerConfigKeys (ConfUtils.java:logGet(43)) - raft.server.log.statemachine.data.sync.timeout = 10s (default)
2019-11-15 00:57:24,913 [pool-169-thread-1] INFO  server.RaftServerConfigKeys (ConfUtils.java:logGet(43)) - raft.server.log.statemachine.data.sync.timeout = 10s (default)
2019-11-15 00:57:24,913 [pool-149-thread-1] WARN  impl.MetricRegistriesImpl (MetricRegistriesImpl.java:lambda$create$1(61)) - First MetricRegistry has been created without registering reporters. You may need to call MetricRegistries.global().addReportRegistration(...) before.
2019-11-15 00:57:24,913 [pool-189-thread-1] INFO  server.RaftServerConfigKeys (ConfUtils.java:logGet(43)) - raft.server.log.statemachine.data.sync.timeout.retry = -1 (default)
2019-11-15 00:57:24,913 [pool-149-thread-1] WARN  impl.MetricRegistriesImpl (MetricRegistriesImpl.java:lambda$create$1(61)) - First MetricRegistry has been created without registering reporters. You may need to call MetricRegistries.global().addReportRegistration(...) before.
2019-11-15 00:57:24,913 [pool-169-thread-1] INFO  server.RaftServerConfigKeys (ConfUtils.java:logGet(43)) - raft.server.log.statemachine.data.sync.timeout.retry = -1 (default)
2019-11-15 00:57:24,914 [pool-149-thread-1] INFO  impl.RaftServerImpl (RaftServerImpl.java:start(184)) - eccb109f-99d1-4501-bb16-6ecf49b3cdca@group-529DDC391E9C: start as a follower, conf=-1: [c182b01b-afca-4fcd-8295-9462a850df3a:192.168.164.208:36437, 5fe8490f-f805-406a-80e2-fbda1a66b042:192.168.164.208:45094, eccb109f-99d1-4501-bb16-6ecf49b3cdca:192.168.164.208:44076], old=null
2019-11-15 00:57:24,913 [pool-189-thread-1] INFO  server.RaftServerConfigKeys (ConfUtils.java:logGet(43)) - raft.server.log.statemachine.data.caching.enabled = true (custom)
2019-11-15 00:57:24,914 [pool-149-thread-1] INFO  impl.RaftServerImpl (RaftServerImpl.java:setRole(173)) - eccb109f-99d1-4501-bb16-6ecf49b3cdca@group-529DDC391E9C: changes role from      null to FOLLOWER at term 0 for startAsFollower
2019-11-15 00:57:24,914 [pool-169-thread-1] INFO  server.RaftServerConfigKeys (ConfUtils.java:logGet(43)) - raft.server.log.statemachine.data.caching.enabled = true (custom)
2019-11-15 00:57:24,914 [pool-149-thread-1] INFO  impl.RoleInfo (RoleInfo.java:updateAndGet(143)) - eccb109f-99d1-4501-bb16-6ecf49b3cdca: start FollowerState
2019-11-15 00:57:24,914 [pool-189-thread-1] INFO  segmented.SegmentedRaftLogWorker (SegmentedRaftLogWorker.java:lambda$new$0(128)) - c182b01b-afca-4fcd-8295-9462a850df3a@group-529DDC391E9C-SegmentedRaftLogWorker: flushIndex: setUnconditionally 0 -> -1
2019-11-15 00:57:24,914 [pool-169-thread-1] INFO  segmented.SegmentedRaftLogWorker (SegmentedRaftLogWorker.java:lambda$new$0(128)) - 5fe8490f-f805-406a-80e2-fbda1a66b042@group-529DDC391E9C-SegmentedRaftLogWorker: flushIndex: setUnconditionally 0 -> -1
2019-11-15 00:57:24,914 [pool-189-thread-1] INFO  server.RaftServerConfigKeys (ConfUtils.java:logGet(43)) - raft.server.snapshot.auto.trigger.enabled = true (custom)
2019-11-15 00:57:24,914 [pool-149-thread-1] INFO  util.JmxRegister (JmxRegister.java:tryRegister(44)) - Successfully registered JMX Bean with object name Ratis:service=RaftServer,group=group-529DDC391E9C,id=eccb109f-99d1-4501-bb16-6ecf49b3cdca
2019-11-15 00:57:24,914 [pool-169-thread-1] INFO  server.RaftServerConfigKeys (ConfUtils.java:logGet(43)) - raft.server.snapshot.auto.trigger.enabled = true (custom)
2019-11-15 00:57:24,915 [pool-149-thread-1] WARN  impl.MetricRegistriesImpl (MetricRegistriesImpl.java:lambda$create$1(61)) - First MetricRegistry has been created without registering reporters. You may need to call MetricRegistries.global().addReportRegistration(...) before.
2019-11-15 00:57:24,915 [pool-189-thread-1] INFO  server.RaftServerConfigKeys (ConfUtils.java:logGet(43)) - raft.server.snapshot.auto.trigger.threshold = 10000 (custom)
2019-11-15 00:57:24,915 [pool-169-thread-1] INFO  server.RaftServerConfigKeys (ConfUtils.java:logGet(43)) - raft.server.snapshot.auto.trigger.threshold = 10000 (custom)
2019-11-15 00:57:24,915 [pool-189-thread-1] INFO  server.RaftServerConfigKeys (ConfUtils.java:logGet(43)) - raft.server.snapshot.retention.file.num = 5 (custom)
2019-11-15 00:57:24,915 [pool-169-thread-1] INFO  server.RaftServerConfigKeys (ConfUtils.java:logGet(43)) - raft.server.snapshot.retention.file.num = 5 (custom)
2019-11-15 00:57:24,915 [pool-189-thread-1] INFO  server.RaftServerConfigKeys (ConfUtils.java:logGet(43)) - raft.server.retrycache.expirytime = 600000ms (custom)
2019-11-15 00:57:24,915 [pool-169-thread-1] INFO  server.RaftServerConfigKeys (ConfUtils.java:logGet(43)) - raft.server.retrycache.expirytime = 600000ms (custom)
2019-11-15 00:57:24,915 [pool-189-thread-1] WARN  impl.MetricRegistriesImpl (MetricRegistriesImpl.java:lambda$create$1(61)) - First MetricRegistry has been created without registering reporters. You may need to call MetricRegistries.global().addReportRegistration(...) before.
2019-11-15 00:57:24,915 [pool-169-thread-1] WARN  impl.MetricRegistriesImpl (MetricRegistriesImpl.java:lambda$create$1(61)) - First MetricRegistry has been created without registering reporters. You may need to call MetricRegistries.global().addReportRegistration(...) before.
2019-11-15 00:57:24,915 [pool-189-thread-1] WARN  impl.MetricRegistriesImpl (MetricRegistriesImpl.java:lambda$create$1(61)) - First MetricRegistry has been created without registering reporters. You may need to call MetricRegistries.global().addReportRegistration(...) before.
2019-11-15 00:57:24,916 [pool-169-thread-1] WARN  impl.MetricRegistriesImpl (MetricRegistriesImpl.java:lambda$create$1(61)) - First MetricRegistry has been created without registering reporters. You may need to call MetricRegistries.global().addReportRegistration(...) before.
2019-11-15 00:57:24,916 [pool-189-thread-1] INFO  impl.RaftServerImpl (RaftServerImpl.java:start(184)) - c182b01b-afca-4fcd-8295-9462a850df3a@group-529DDC391E9C: start as a follower, conf=-1: [c182b01b-afca-4fcd-8295-9462a850df3a:192.168.164.208:36437, 5fe8490f-f805-406a-80e2-fbda1a66b042:192.168.164.208:45094, eccb109f-99d1-4501-bb16-6ecf49b3cdca:192.168.164.208:44076], old=null
2019-11-15 00:57:24,916 [pool-169-thread-1] INFO  impl.RaftServerImpl (RaftServerImpl.java:start(184)) - 5fe8490f-f805-406a-80e2-fbda1a66b042@group-529DDC391E9C: start as a follower, conf=-1: [c182b01b-afca-4fcd-8295-9462a850df3a:192.168.164.208:36437, 5fe8490f-f805-406a-80e2-fbda1a66b042:192.168.164.208:45094, eccb109f-99d1-4501-bb16-6ecf49b3cdca:192.168.164.208:44076], old=null
2019-11-15 00:57:24,916 [pool-189-thread-1] INFO  impl.RaftServerImpl (RaftServerImpl.java:setRole(173)) - c182b01b-afca-4fcd-8295-9462a850df3a@group-529DDC391E9C: changes role from      null to FOLLOWER at term 0 for startAsFollower
2019-11-15 00:57:24,916 [pool-169-thread-1] INFO  impl.RaftServerImpl (RaftServerImpl.java:setRole(173)) - 5fe8490f-f805-406a-80e2-fbda1a66b042@group-529DDC391E9C: changes role from      null to FOLLOWER at term 0 for startAsFollower
2019-11-15 00:57:24,916 [pool-189-thread-1] INFO  impl.RoleInfo (RoleInfo.java:updateAndGet(143)) - c182b01b-afca-4fcd-8295-9462a850df3a: start FollowerState
2019-11-15 00:57:24,916 [pool-169-thread-1] INFO  impl.RoleInfo (RoleInfo.java:updateAndGet(143)) - 5fe8490f-f805-406a-80e2-fbda1a66b042: start FollowerState
2019-11-15 00:57:24,916 [pool-189-thread-1] INFO  util.JmxRegister (JmxRegister.java:tryRegister(44)) - Successfully registered JMX Bean with object name Ratis:service=RaftServer,group=group-529DDC391E9C,id=c182b01b-afca-4fcd-8295-9462a850df3a
2019-11-15 00:57:24,916 [pool-189-thread-1] WARN  impl.MetricRegistriesImpl (MetricRegistriesImpl.java:lambda$create$1(61)) - First MetricRegistry has been created without registering reporters. You may need to call MetricRegistries.global().addReportRegistration(...) before.
2019-11-15 00:57:24,916 [pool-169-thread-1] INFO  util.JmxRegister (JmxRegister.java:tryRegister(44)) - Successfully registered JMX Bean with object name Ratis:service=RaftServer,group=group-529DDC391E9C,id=5fe8490f-f805-406a-80e2-fbda1a66b042
2019-11-15 00:57:24,917 [pool-169-thread-1] WARN  impl.MetricRegistriesImpl (MetricRegistriesImpl.java:lambda$create$1(61)) - First MetricRegistry has been created without registering reporters. You may need to call MetricRegistries.global().addReportRegistration(...) before.
2019-11-15 00:57:24,919 [RatisPipelineUtilsThread] INFO  pipeline.PipelineStateManager (PipelineStateManager.java:addPipeline(55)) - Created pipeline Pipeline[ Id: 1625d0bf-1f01-4798-94f4-529ddc391e9c, Nodes: c182b01b-afca-4fcd-8295-9462a850df3a{ip: 192.168.164.208, host: pr-hdds-2442-bxv5b-1523879440, networkLocation: /rack1, certSerialId: null}eccb109f-99d1-4501-bb16-6ecf49b3cdca{ip: 192.168.164.208, host: pr-hdds-2442-bxv5b-1523879440, networkLocation: /rack1, certSerialId: null}5fe8490f-f805-406a-80e2-fbda1a66b042{ip: 192.168.164.208, host: pr-hdds-2442-bxv5b-1523879440, networkLocation: /rack1, certSerialId: null}, Type:RATIS, Factor:THREE, State:ALLOCATED]
2019-11-15 00:57:24,923 [grpc-default-executor-5] INFO  impl.RaftServerProxy (RaftServerProxy.java:addNew(89)) - e96d2cc9-026c-4220-b0f4-2bd3b4d5a924: addNew group-D08F3DBE2A41:[9ac24c7e-7e4f-4cef-ab0e-298cb71ae60d:192.168.164.208:37265, 4dfd32cc-2252-49fe-ba51-4380d1c0b0d5:192.168.164.208:44082, e96d2cc9-026c-4220-b0f4-2bd3b4d5a924:192.168.164.208:39163] returns group-D08F3DBE2A41:java.util.concurrent.CompletableFuture@1cb4db4f[Not completed]
2019-11-15 00:57:24,923 [grpc-default-executor-0] INFO  impl.RaftServerProxy (RaftServerProxy.java:addNew(89)) - 4dfd32cc-2252-49fe-ba51-4380d1c0b0d5: addNew group-D08F3DBE2A41:[9ac24c7e-7e4f-4cef-ab0e-298cb71ae60d:192.168.164.208:37265, 4dfd32cc-2252-49fe-ba51-4380d1c0b0d5:192.168.164.208:44082, e96d2cc9-026c-4220-b0f4-2bd3b4d5a924:192.168.164.208:39163] returns group-D08F3DBE2A41:java.util.concurrent.CompletableFuture@bec8022[Not completed]
2019-11-15 00:57:24,927 [grpc-default-executor-2] INFO  impl.RaftServerProxy (RaftServerProxy.java:addNew(89)) - 9ac24c7e-7e4f-4cef-ab0e-298cb71ae60d: addNew group-D08F3DBE2A41:[9ac24c7e-7e4f-4cef-ab0e-298cb71ae60d:192.168.164.208:37265, 4dfd32cc-2252-49fe-ba51-4380d1c0b0d5:192.168.164.208:44082, e96d2cc9-026c-4220-b0f4-2bd3b4d5a924:192.168.164.208:39163] returns group-D08F3DBE2A41:java.util.concurrent.CompletableFuture@42a6d02f[Not completed]
2019-11-15 00:57:24,927 [pool-219-thread-1] INFO  impl.RaftServerImpl (RaftServerImpl.java:<init>(98)) - e96d2cc9-026c-4220-b0f4-2bd3b4d5a924: new RaftServerImpl for group-D08F3DBE2A41:[9ac24c7e-7e4f-4cef-ab0e-298cb71ae60d:192.168.164.208:37265, 4dfd32cc-2252-49fe-ba51-4380d1c0b0d5:192.168.164.208:44082, e96d2cc9-026c-4220-b0f4-2bd3b4d5a924:192.168.164.208:39163] with ContainerStateMachine:uninitialized
2019-11-15 00:57:24,928 [pool-219-thread-1] INFO  server.RaftServerConfigKeys (ConfUtils.java:logGet(43)) - raft.server.rpc.timeout.min = 1s (custom)
2019-11-15 00:57:24,928 [pool-219-thread-1] INFO  server.RaftServerConfigKeys (ConfUtils.java:logGet(43)) - raft.server.rpc.timeout.max = 1200ms (custom)
2019-11-15 00:57:24,928 [pool-219-thread-1] INFO  server.RaftServerConfigKeys (ConfUtils.java:logGet(43)) - raft.server.rpcslowness.timeout = 120s (custom)
2019-11-15 00:57:24,928 [pool-219-thread-1] INFO  server.RaftServerConfigKeys (ConfUtils.java:logGet(43)) - raft.server.sleep.deviation.threshold = 300 (default)
2019-11-15 00:57:24,928 [pool-219-thread-1] INFO  server.RaftServerConfigKeys (ConfUtils.java:logGet(43)) - raft.server.log.appender.install.snapshot.enabled = false (custom)
2019-11-15 00:57:24,928 [pool-219-thread-1] INFO  impl.RaftServerImpl (ServerState.java:<init>(103)) - e96d2cc9-026c-4220-b0f4-2bd3b4d5a924@group-D08F3DBE2A41: ConfigurationManager, init=-1: [9ac24c7e-7e4f-4cef-ab0e-298cb71ae60d:192.168.164.208:37265, 4dfd32cc-2252-49fe-ba51-4380d1c0b0d5:192.168.164.208:44082, e96d2cc9-026c-4220-b0f4-2bd3b4d5a924:192.168.164.208:39163], old=null, confs=<EMPTY_MAP>
2019-11-15 00:57:24,928 [pool-179-thread-1] INFO  impl.RaftServerImpl (RaftServerImpl.java:<init>(98)) - 9ac24c7e-7e4f-4cef-ab0e-298cb71ae60d: new RaftServerImpl for group-D08F3DBE2A41:[9ac24c7e-7e4f-4cef-ab0e-298cb71ae60d:192.168.164.208:37265, 4dfd32cc-2252-49fe-ba51-4380d1c0b0d5:192.168.164.208:44082, e96d2cc9-026c-4220-b0f4-2bd3b4d5a924:192.168.164.208:39163] with ContainerStateMachine:uninitialized
2019-11-15 00:57:24,928 [pool-219-thread-1] INFO  server.RaftServerConfigKeys (ConfUtils.java:logGet(43)) - raft.server.storage.dir = [/workdir/hadoop-ozone/integration-test/target/test-dir/MiniOzoneClusterImpl-8fc52630-20fd-4955-97d1-2a2852f9ee58/datanode-7/data/ratis] (custom)
2019-11-15 00:57:24,928 [pool-179-thread-1] INFO  server.RaftServerConfigKeys (ConfUtils.java:logGet(43)) - raft.server.rpc.timeout.min = 1s (custom)
2019-11-15 00:57:24,928 [pool-179-thread-1] INFO  server.RaftServerConfigKeys (ConfUtils.java:logGet(43)) - raft.server.rpc.timeout.max = 1200ms (custom)
2019-11-15 00:57:24,928 [pool-219-thread-1] INFO  server.RaftServerConfigKeys (ConfUtils.java:logGet(43)) - raft.server.log.corruption.policy = EXCEPTION (default)
2019-11-15 00:57:24,929 [pool-179-thread-1] INFO  server.RaftServerConfigKeys (ConfUtils.java:logGet(43)) - raft.server.rpcslowness.timeout = 120s (custom)
2019-11-15 00:57:24,929 [pool-219-thread-1] INFO  storage.RaftStorageDirectory (RaftStorageDirectory.java:analyzeStorage(246)) - The storage directory /workdir/hadoop-ozone/integration-test/target/test-dir/MiniOzoneClusterImpl-8fc52630-20fd-4955-97d1-2a2852f9ee58/datanode-7/data/ratis/ca999b04-e5fd-4619-99ba-d08f3dbe2a41 does not exist. Creating ...
2019-11-15 00:57:24,929 [pool-199-thread-1] INFO  impl.RaftServerImpl (RaftServerImpl.java:<init>(98)) - 4dfd32cc-2252-49fe-ba51-4380d1c0b0d5: new RaftServerImpl for group-D08F3DBE2A41:[9ac24c7e-7e4f-4cef-ab0e-298cb71ae60d:192.168.164.208:37265, 4dfd32cc-2252-49fe-ba51-4380d1c0b0d5:192.168.164.208:44082, e96d2cc9-026c-4220-b0f4-2bd3b4d5a924:192.168.164.208:39163] with ContainerStateMachine:uninitialized
2019-11-15 00:57:24,929 [pool-179-thread-1] INFO  server.RaftServerConfigKeys (ConfUtils.java:logGet(43)) - raft.server.sleep.deviation.threshold = 300 (default)
2019-11-15 00:57:24,929 [pool-199-thread-1] INFO  server.RaftServerConfigKeys (ConfUtils.java:logGet(43)) - raft.server.rpc.timeout.min = 1s (custom)
2019-11-15 00:57:24,929 [pool-179-thread-1] INFO  server.RaftServerConfigKeys (ConfUtils.java:logGet(43)) - raft.server.log.appender.install.snapshot.enabled = false (custom)
2019-11-15 00:57:24,929 [pool-199-thread-1] INFO  server.RaftServerConfigKeys (ConfUtils.java:logGet(43)) - raft.server.rpc.timeout.max = 1200ms (custom)
2019-11-15 00:57:24,929 [pool-179-thread-1] INFO  impl.RaftServerImpl (ServerState.java:<init>(103)) - 9ac24c7e-7e4f-4cef-ab0e-298cb71ae60d@group-D08F3DBE2A41: ConfigurationManager, init=-1: [9ac24c7e-7e4f-4cef-ab0e-298cb71ae60d:192.168.164.208:37265, 4dfd32cc-2252-49fe-ba51-4380d1c0b0d5:192.168.164.208:44082, e96d2cc9-026c-4220-b0f4-2bd3b4d5a924:192.168.164.208:39163], old=null, confs=<EMPTY_MAP>
2019-11-15 00:57:24,929 [pool-199-thread-1] INFO  server.RaftServerConfigKeys (ConfUtils.java:logGet(43)) - raft.server.rpcslowness.timeout = 120s (custom)
2019-11-15 00:57:24,929 [pool-179-thread-1] INFO  server.RaftServerConfigKeys (ConfUtils.java:logGet(43)) - raft.server.storage.dir = [/workdir/hadoop-ozone/integration-test/target/test-dir/MiniOzoneClusterImpl-8fc52630-20fd-4955-97d1-2a2852f9ee58/datanode-3/data/ratis] (custom)
2019-11-15 00:57:24,929 [pool-199-thread-1] INFO  server.RaftServerConfigKeys (ConfUtils.java:logGet(43)) - raft.server.sleep.deviation.threshold = 300 (default)
2019-11-15 00:57:24,930 [pool-199-thread-1] INFO  server.RaftServerConfigKeys (ConfUtils.java:logGet(43)) - raft.server.log.appender.install.snapshot.enabled = false (custom)
2019-11-15 00:57:24,930 [pool-179-thread-1] INFO  server.RaftServerConfigKeys (ConfUtils.java:logGet(43)) - raft.server.log.corruption.policy = EXCEPTION (default)
2019-11-15 00:57:24,930 [pool-199-thread-1] INFO  impl.RaftServerImpl (ServerState.java:<init>(103)) - 4dfd32cc-2252-49fe-ba51-4380d1c0b0d5@group-D08F3DBE2A41: ConfigurationManager, init=-1: [9ac24c7e-7e4f-4cef-ab0e-298cb71ae60d:192.168.164.208:37265, 4dfd32cc-2252-49fe-ba51-4380d1c0b0d5:192.168.164.208:44082, e96d2cc9-026c-4220-b0f4-2bd3b4d5a924:192.168.164.208:39163], old=null, confs=<EMPTY_MAP>
2019-11-15 00:57:24,930 [pool-179-thread-1] INFO  storage.RaftStorageDirectory (RaftStorageDirectory.java:analyzeStorage(246)) - The storage directory /workdir/hadoop-ozone/integration-test/target/test-dir/MiniOzoneClusterImpl-8fc52630-20fd-4955-97d1-2a2852f9ee58/datanode-3/data/ratis/ca999b04-e5fd-4619-99ba-d08f3dbe2a41 does not exist. Creating ...
2019-11-15 00:57:24,930 [pool-199-thread-1] INFO  server.RaftServerConfigKeys (ConfUtils.java:logGet(43)) - raft.server.storage.dir = [/workdir/hadoop-ozone/integration-test/target/test-dir/MiniOzoneClusterImpl-8fc52630-20fd-4955-97d1-2a2852f9ee58/datanode-5/data/ratis] (custom)
2019-11-15 00:57:24,930 [pool-199-thread-1] INFO  server.RaftServerConfigKeys (ConfUtils.java:logGet(43)) - raft.server.log.corruption.policy = EXCEPTION (default)
2019-11-15 00:57:24,930 [pool-199-thread-1] INFO  storage.RaftStorageDirectory (RaftStorageDirectory.java:analyzeStorage(246)) - The storage directory /workdir/hadoop-ozone/integration-test/target/test-dir/MiniOzoneClusterImpl-8fc52630-20fd-4955-97d1-2a2852f9ee58/datanode-5/data/ratis/ca999b04-e5fd-4619-99ba-d08f3dbe2a41 does not exist. Creating ...
2019-11-15 00:57:24,941 [pool-179-thread-1] INFO  storage.RaftStorageDirectory (RaftStorageDirectory.java:tryLock(328)) - Lock on /workdir/hadoop-ozone/integration-test/target/test-dir/MiniOzoneClusterImpl-8fc52630-20fd-4955-97d1-2a2852f9ee58/datanode-3/data/ratis/ca999b04-e5fd-4619-99ba-d08f3dbe2a41/in_use.lock acquired by nodename 16745@pr-hdds-2442-bxv5b-1523879440
2019-11-15 00:57:24,941 [pool-219-thread-1] INFO  storage.RaftStorageDirectory (RaftStorageDirectory.java:tryLock(328)) - Lock on /workdir/hadoop-ozone/integration-test/target/test-dir/MiniOzoneClusterImpl-8fc52630-20fd-4955-97d1-2a2852f9ee58/datanode-7/data/ratis/ca999b04-e5fd-4619-99ba-d08f3dbe2a41/in_use.lock acquired by nodename 16745@pr-hdds-2442-bxv5b-1523879440
2019-11-15 00:57:24,941 [pool-199-thread-1] INFO  storage.RaftStorageDirectory (RaftStorageDirectory.java:tryLock(328)) - Lock on /workdir/hadoop-ozone/integration-test/target/test-dir/MiniOzoneClusterImpl-8fc52630-20fd-4955-97d1-2a2852f9ee58/datanode-5/data/ratis/ca999b04-e5fd-4619-99ba-d08f3dbe2a41/in_use.lock acquired by nodename 16745@pr-hdds-2442-bxv5b-1523879440
2019-11-15 00:57:24,966 [pool-219-thread-1] INFO  storage.RaftStorage (RaftStorage.java:format(84)) - Storage directory /workdir/hadoop-ozone/integration-test/target/test-dir/MiniOzoneClusterImpl-8fc52630-20fd-4955-97d1-2a2852f9ee58/datanode-7/data/ratis/ca999b04-e5fd-4619-99ba-d08f3dbe2a41 has been successfully formatted.
2019-11-15 00:57:24,966 [pool-179-thread-1] INFO  storage.RaftStorage (RaftStorage.java:format(84)) - Storage directory /workdir/hadoop-ozone/integration-test/target/test-dir/MiniOzoneClusterImpl-8fc52630-20fd-4955-97d1-2a2852f9ee58/datanode-3/data/ratis/ca999b04-e5fd-4619-99ba-d08f3dbe2a41 has been successfully formatted.
2019-11-15 00:57:24,966 [pool-199-thread-1] INFO  storage.RaftStorage (RaftStorage.java:format(84)) - Storage directory /workdir/hadoop-ozone/integration-test/target/test-dir/MiniOzoneClusterImpl-8fc52630-20fd-4955-97d1-2a2852f9ee58/datanode-5/data/ratis/ca999b04-e5fd-4619-99ba-d08f3dbe2a41 has been successfully formatted.
2019-11-15 00:57:24,967 [pool-179-thread-1] INFO  ratis.ContainerStateMachine (ContainerStateMachine.java:loadSnapshot(223)) - group-D08F3DBE2A41: The snapshot info is null. Setting the last applied indexto:(t:0, i:~)
2019-11-15 00:57:24,967 [pool-219-thread-1] INFO  ratis.ContainerStateMachine (ContainerStateMachine.java:loadSnapshot(223)) - group-D08F3DBE2A41: The snapshot info is null. Setting the last applied indexto:(t:0, i:~)
2019-11-15 00:57:24,967 [pool-179-thread-1] INFO  server.RaftServerConfigKeys (ConfUtils.java:logGet(43)) - raft.server.notification.no-leader.timeout = 120s (custom)
2019-11-15 00:57:24,967 [pool-199-thread-1] INFO  ratis.ContainerStateMachine (ContainerStateMachine.java:loadSnapshot(223)) - group-D08F3DBE2A41: The snapshot info is null. Setting the last applied indexto:(t:0, i:~)
2019-11-15 00:57:24,967 [pool-179-thread-1] INFO  server.RaftServerConfigKeys (ConfUtils.java:logGet(43)) - raft.server.log.use.memory = false (default)
2019-11-15 00:57:24,967 [pool-219-thread-1] INFO  server.RaftServerConfigKeys (ConfUtils.java:logGet(43)) - raft.server.notification.no-leader.timeout = 120s (custom)
2019-11-15 00:57:24,967 [pool-179-thread-1] INFO  server.RaftServerConfigKeys (ConfUtils.java:logGet(43)) - raft.server.log.purge.gap = 1000000 (custom)
2019-11-15 00:57:24,967 [pool-199-thread-1] INFO  server.RaftServerConfigKeys (ConfUtils.java:logGet(43)) - raft.server.notification.no-leader.timeout = 120s (custom)
2019-11-15 00:57:24,968 [pool-179-thread-1] INFO  server.RaftServerConfigKeys (ConfUtils.java:logGet(43)) - raft.server.log.appender.buffer.byte-limit = 33554432 (custom)
2019-11-15 00:57:24,968 [pool-219-thread-1] INFO  server.RaftServerConfigKeys (ConfUtils.java:logGet(43)) - raft.server.log.use.memory = false (default)
2019-11-15 00:57:24,968 [pool-179-thread-1] INFO  server.RaftServerConfigKeys (ConfUtils.java:logGet(43)) - raft.server.log.segment.size.max = 1048576 (custom)
2019-11-15 00:57:24,968 [pool-199-thread-1] INFO  server.RaftServerConfigKeys (ConfUtils.java:logGet(43)) - raft.server.log.use.memory = false (default)
2019-11-15 00:57:24,968 [pool-179-thread-1] INFO  server.RaftServerConfigKeys (ConfUtils.java:logGet(43)) - raft.server.log.segment.cache.num.max = 2 (custom)
2019-11-15 00:57:24,968 [pool-219-thread-1] INFO  server.RaftServerConfigKeys (ConfUtils.java:logGet(43)) - raft.server.log.purge.gap = 1000000 (custom)
2019-11-15 00:57:24,968 [pool-179-thread-1] INFO  segmented.SegmentedRaftLogWorker (SegmentedRaftLogWorker.java:<init>(173)) - new 9ac24c7e-7e4f-4cef-ab0e-298cb71ae60d@group-D08F3DBE2A41-SegmentedRaftLogWorker for RaftStorage:Storage Directory /workdir/hadoop-ozone/integration-test/target/test-dir/MiniOzoneClusterImpl-8fc52630-20fd-4955-97d1-2a2852f9ee58/datanode-3/data/ratis/ca999b04-e5fd-4619-99ba-d08f3dbe2a41
2019-11-15 00:57:24,968 [pool-199-thread-1] INFO  server.RaftServerConfigKeys (ConfUtils.java:logGet(43)) - raft.server.log.purge.gap = 1000000 (custom)
2019-11-15 00:57:24,969 [pool-179-thread-1] INFO  server.RaftServerConfigKeys (ConfUtils.java:logGet(43)) - raft.server.log.queue.byte-limit = 2147483647 (custom)
2019-11-15 00:57:24,969 [pool-219-thread-1] INFO  server.RaftServerConfigKeys (ConfUtils.java:logGet(43)) - raft.server.log.appender.buffer.byte-limit = 33554432 (custom)
2019-11-15 00:57:24,969 [pool-179-thread-1] INFO  server.RaftServerConfigKeys (ConfUtils.java:logGet(43)) - raft.server.log.queue.element-limit = 1024 (custom)
2019-11-15 00:57:24,969 [pool-199-thread-1] INFO  server.RaftServerConfigKeys (ConfUtils.java:logGet(43)) - raft.server.log.appender.buffer.byte-limit = 33554432 (custom)
2019-11-15 00:57:24,969 [pool-179-thread-1] INFO  server.RaftServerConfigKeys (ConfUtils.java:logGet(43)) - raft.server.log.segment.size.max = 1048576 (custom)
2019-11-15 00:57:24,969 [pool-219-thread-1] INFO  server.RaftServerConfigKeys (ConfUtils.java:logGet(43)) - raft.server.log.segment.size.max = 1048576 (custom)
2019-11-15 00:57:24,969 [pool-179-thread-1] INFO  server.RaftServerConfigKeys (ConfUtils.java:logGet(43)) - raft.server.log.preallocated.size = 16384 (custom)
2019-11-15 00:57:24,969 [pool-199-thread-1] INFO  server.RaftServerConfigKeys (ConfUtils.java:logGet(43)) - raft.server.log.segment.size.max = 1048576 (custom)
2019-11-15 00:57:24,969 [pool-179-thread-1] INFO  server.RaftServerConfigKeys (ConfUtils.java:logGet(43)) - raft.server.log.write.buffer.size = 33554432 (custom)
2019-11-15 00:57:24,969 [pool-219-thread-1] INFO  server.RaftServerConfigKeys (ConfUtils.java:logGet(43)) - raft.server.log.segment.cache.num.max = 2 (custom)
2019-11-15 00:57:24,970 [pool-179-thread-1] INFO  server.RaftServerConfigKeys (ConfUtils.java:logGet(43)) - raft.server.log.force.sync.num = 128 (default)
2019-11-15 00:57:24,970 [pool-199-thread-1] INFO  server.RaftServerConfigKeys (ConfUtils.java:logGet(43)) - raft.server.log.segment.cache.num.max = 2 (custom)
2019-11-15 00:57:24,970 [pool-179-thread-1] INFO  server.RaftServerConfigKeys (ConfUtils.java:logGet(43)) - raft.server.log.statemachine.data.sync = true (default)
2019-11-15 00:57:24,970 [pool-219-thread-1] INFO  segmented.SegmentedRaftLogWorker (SegmentedRaftLogWorker.java:<init>(173)) - new e96d2cc9-026c-4220-b0f4-2bd3b4d5a924@group-D08F3DBE2A41-SegmentedRaftLogWorker for RaftStorage:Storage Directory /workdir/hadoop-ozone/integration-test/target/test-dir/MiniOzoneClusterImpl-8fc52630-20fd-4955-97d1-2a2852f9ee58/datanode-7/data/ratis/ca999b04-e5fd-4619-99ba-d08f3dbe2a41
2019-11-15 00:57:24,970 [pool-179-thread-1] INFO  server.RaftServerConfigKeys (ConfUtils.java:logGet(43)) - raft.server.log.statemachine.data.sync.timeout = 10s (default)
2019-11-15 00:57:24,970 [pool-199-thread-1] INFO  segmented.SegmentedRaftLogWorker (SegmentedRaftLogWorker.java:<init>(173)) - new 4dfd32cc-2252-49fe-ba51-4380d1c0b0d5@group-D08F3DBE2A41-SegmentedRaftLogWorker for RaftStorage:Storage Directory /workdir/hadoop-ozone/integration-test/target/test-dir/MiniOzoneClusterImpl-8fc52630-20fd-4955-97d1-2a2852f9ee58/datanode-5/data/ratis/ca999b04-e5fd-4619-99ba-d08f3dbe2a41
2019-11-15 00:57:24,970 [pool-179-thread-1] INFO  server.RaftServerConfigKeys (ConfUtils.java:logGet(43)) - raft.server.log.statemachine.data.sync.timeout.retry = -1 (default)
2019-11-15 00:57:24,970 [pool-219-thread-1] INFO  server.RaftServerConfigKeys (ConfUtils.java:logGet(43)) - raft.server.log.queue.byte-limit = 2147483647 (custom)
2019-11-15 00:57:24,971 [pool-179-thread-1] INFO  server.RaftServerConfigKeys (ConfUtils.java:logGet(43)) - raft.server.log.statemachine.data.caching.enabled = true (custom)
2019-11-15 00:57:24,971 [pool-199-thread-1] INFO  server.RaftServerConfigKeys (ConfUtils.java:logGet(43)) - raft.server.log.queue.byte-limit = 2147483647 (custom)
2019-11-15 00:57:24,971 [pool-219-thread-1] INFO  server.RaftServerConfigKeys (ConfUtils.java:logGet(43)) - raft.server.log.queue.element-limit = 1024 (custom)
2019-11-15 00:57:24,971 [pool-179-thread-1] INFO  segmented.SegmentedRaftLogWorker (SegmentedRaftLogWorker.java:lambda$new$0(128)) - 9ac24c7e-7e4f-4cef-ab0e-298cb71ae60d@group-D08F3DBE2A41-SegmentedRaftLogWorker: flushIndex: setUnconditionally 0 -> -1
2019-11-15 00:57:24,971 [pool-199-thread-1] INFO  server.RaftServerConfigKeys (ConfUtils.java:logGet(43)) - raft.server.log.queue.element-limit = 1024 (custom)
2019-11-15 00:57:24,971 [pool-219-thread-1] INFO  server.RaftServerConfigKeys (ConfUtils.java:logGet(43)) - raft.server.log.segment.size.max = 1048576 (custom)
2019-11-15 00:57:24,971 [pool-199-thread-1] INFO  server.RaftServerConfigKeys (ConfUtils.java:logGet(43)) - raft.server.log.segment.size.max = 1048576 (custom)
2019-11-15 00:57:24,971 [pool-179-thread-1] INFO  server.RaftServerConfigKeys (ConfUtils.java:logGet(43)) - raft.server.snapshot.auto.trigger.enabled = true (custom)
2019-11-15 00:57:24,972 [pool-199-thread-1] INFO  server.RaftServerConfigKeys (ConfUtils.java:logGet(43)) - raft.server.log.preallocated.size = 16384 (custom)
2019-11-15 00:57:24,971 [pool-219-thread-1] INFO  server.RaftServerConfigKeys (ConfUtils.java:logGet(43)) - raft.server.log.preallocated.size = 16384 (custom)
2019-11-15 00:57:24,972 [pool-199-thread-1] INFO  server.RaftServerConfigKeys (ConfUtils.java:logGet(43)) - raft.server.log.write.buffer.size = 33554432 (custom)
2019-11-15 00:57:24,972 [pool-179-thread-1] INFO  server.RaftServerConfigKeys (ConfUtils.java:logGet(43)) - raft.server.snapshot.auto.trigger.threshold = 10000 (custom)
2019-11-15 00:57:24,972 [pool-199-thread-1] INFO  server.RaftServerConfigKeys (ConfUtils.java:logGet(43)) - raft.server.log.force.sync.num = 128 (default)
2019-11-15 00:57:24,972 [pool-219-thread-1] INFO  server.RaftServerConfigKeys (ConfUtils.java:logGet(43)) - raft.server.log.write.buffer.size = 33554432 (custom)
2019-11-15 00:57:24,972 [pool-199-thread-1] INFO  server.RaftServerConfigKeys (ConfUtils.java:logGet(43)) - raft.server.log.statemachine.data.sync = true (default)
2019-11-15 00:57:24,972 [pool-179-thread-1] INFO  server.RaftServerConfigKeys (ConfUtils.java:logGet(43)) - raft.server.snapshot.retention.file.num = 5 (custom)
2019-11-15 00:57:24,972 [pool-199-thread-1] INFO  server.RaftServerConfigKeys (ConfUtils.java:logGet(43)) - raft.server.log.statemachine.data.sync.timeout = 10s (default)
2019-11-15 00:57:24,972 [pool-219-thread-1] INFO  server.RaftServerConfigKeys (ConfUtils.java:logGet(43)) - raft.server.log.force.sync.num = 128 (default)
2019-11-15 00:57:24,973 [pool-199-thread-1] INFO  server.RaftServerConfigKeys (ConfUtils.java:logGet(43)) - raft.server.log.statemachine.data.sync.timeout.retry = -1 (default)
2019-11-15 00:57:24,973 [pool-179-thread-1] INFO  server.RaftServerConfigKeys (ConfUtils.java:logGet(43)) - raft.server.retrycache.expirytime = 600000ms (custom)
2019-11-15 00:57:24,973 [pool-199-thread-1] INFO  server.RaftServerConfigKeys (ConfUtils.java:logGet(43)) - raft.server.log.statemachine.data.caching.enabled = true (custom)
2019-11-15 00:57:24,973 [pool-219-thread-1] INFO  server.RaftServerConfigKeys (ConfUtils.java:logGet(43)) - raft.server.log.statemachine.data.sync = true (default)
2019-11-15 00:57:24,973 [pool-179-thread-1] WARN  impl.MetricRegistriesImpl (MetricRegistriesImpl.java:lambda$create$1(61)) - First MetricRegistry has been created without registering reporters. You may need to call MetricRegistries.global().addReportRegistration(...) before.
2019-11-15 00:57:24,973 [pool-199-thread-1] INFO  segmented.SegmentedRaftLogWorker (SegmentedRaftLogWorker.java:lambda$new$0(128)) - 4dfd32cc-2252-49fe-ba51-4380d1c0b0d5@group-D08F3DBE2A41-SegmentedRaftLogWorker: flushIndex: setUnconditionally 0 -> -1
2019-11-15 00:57:24,973 [pool-219-thread-1] INFO  server.RaftServerConfigKeys (ConfUtils.java:logGet(43)) - raft.server.log.statemachine.data.sync.timeout = 10s (default)
2019-11-15 00:57:24,973 [pool-179-thread-1] WARN  impl.MetricRegistriesImpl (MetricRegistriesImpl.java:lambda$create$1(61)) - First MetricRegistry has been created without registering reporters. You may need to call MetricRegistries.global().addReportRegistration(...) before.
2019-11-15 00:57:24,974 [pool-199-thread-1] INFO  server.RaftServerConfigKeys (ConfUtils.java:logGet(43)) - raft.server.snapshot.auto.trigger.enabled = true (custom)
2019-11-15 00:57:24,974 [pool-219-thread-1] INFO  server.RaftServerConfigKeys (ConfUtils.java:logGet(43)) - raft.server.log.statemachine.data.sync.timeout.retry = -1 (default)
2019-11-15 00:57:24,974 [pool-179-thread-1] INFO  impl.RaftServerImpl (RaftServerImpl.java:start(184)) - 9ac24c7e-7e4f-4cef-ab0e-298cb71ae60d@group-D08F3DBE2A41: start as a follower, conf=-1: [9ac24c7e-7e4f-4cef-ab0e-298cb71ae60d:192.168.164.208:37265, 4dfd32cc-2252-49fe-ba51-4380d1c0b0d5:192.168.164.208:44082, e96d2cc9-026c-4220-b0f4-2bd3b4d5a924:192.168.164.208:39163], old=null
2019-11-15 00:57:24,974 [pool-199-thread-1] INFO  server.RaftServerConfigKeys (ConfUtils.java:logGet(43)) - raft.server.snapshot.auto.trigger.threshold = 10000 (custom)
2019-11-15 00:57:24,974 [pool-179-thread-1] INFO  impl.RaftServerImpl (RaftServerImpl.java:setRole(173)) - 9ac24c7e-7e4f-4cef-ab0e-298cb71ae60d@group-D08F3DBE2A41: changes role from      null to FOLLOWER at term 0 for startAsFollower
2019-11-15 00:57:24,974 [pool-219-thread-1] INFO  server.RaftServerConfigKeys (ConfUtils.java:logGet(43)) - raft.server.log.statemachine.data.caching.enabled = true (custom)
2019-11-15 00:57:24,974 [pool-179-thread-1] INFO  impl.RoleInfo (RoleInfo.java:updateAndGet(143)) - 9ac24c7e-7e4f-4cef-ab0e-298cb71ae60d: start FollowerState
2019-11-15 00:57:24,974 [pool-199-thread-1] INFO  server.RaftServerConfigKeys (ConfUtils.java:logGet(43)) - raft.server.snapshot.retention.file.num = 5 (custom)
2019-11-15 00:57:24,975 [pool-219-thread-1] INFO  segmented.SegmentedRaftLogWorker (SegmentedRaftLogWorker.java:lambda$new$0(128)) - e96d2cc9-026c-4220-b0f4-2bd3b4d5a924@group-D08F3DBE2A41-SegmentedRaftLogWorker: flushIndex: setUnconditionally 0 -> -1
2019-11-15 00:57:24,975 [pool-199-thread-1] INFO  server.RaftServerConfigKeys (ConfUtils.java:logGet(43)) - raft.server.retrycache.expirytime = 600000ms (custom)
2019-11-15 00:57:24,975 [pool-179-thread-1] INFO  util.JmxRegister (JmxRegister.java:tryRegister(44)) - Successfully registered JMX Bean with object name Ratis:service=RaftServer,group=group-D08F3DBE2A41,id=9ac24c7e-7e4f-4cef-ab0e-298cb71ae60d
2019-11-15 00:57:24,975 [pool-219-thread-1] INFO  server.RaftServerConfigKeys (ConfUtils.java:logGet(43)) - raft.server.snapshot.auto.trigger.enabled = true (custom)
2019-11-15 00:57:24,975 [pool-199-thread-1] WARN  impl.MetricRegistriesImpl (MetricRegistriesImpl.java:lambda$create$1(61)) - First MetricRegistry has been created without registering reporters. You may need to call MetricRegistries.global().addReportRegistration(...) before.
2019-11-15 00:57:24,975 [pool-179-thread-1] WARN  impl.MetricRegistriesImpl (MetricRegistriesImpl.java:lambda$create$1(61)) - First MetricRegistry has been created without registering reporters. You may need to call MetricRegistries.global().addReportRegistration(...) before.
2019-11-15 00:57:24,975 [pool-199-thread-1] WARN  impl.MetricRegistriesImpl (MetricRegistriesImpl.java:lambda$create$1(61)) - First MetricRegistry has been created without registering reporters. You may need to call MetricRegistries.global().addReportRegistration(...) before.
2019-11-15 00:57:24,975 [pool-219-thread-1] INFO  server.RaftServerConfigKeys (ConfUtils.java:logGet(43)) - raft.server.snapshot.auto.trigger.threshold = 10000 (custom)
2019-11-15 00:57:24,975 [pool-199-thread-1] INFO  impl.RaftServerImpl (RaftServerImpl.java:start(184)) - 4dfd32cc-2252-49fe-ba51-4380d1c0b0d5@group-D08F3DBE2A41: start as a follower, conf=-1: [9ac24c7e-7e4f-4cef-ab0e-298cb71ae60d:192.168.164.208:37265, 4dfd32cc-2252-49fe-ba51-4380d1c0b0d5:192.168.164.208:44082, e96d2cc9-026c-4220-b0f4-2bd3b4d5a924:192.168.164.208:39163], old=null
2019-11-15 00:57:24,976 [pool-219-thread-1] INFO  server.RaftServerConfigKeys (ConfUtils.java:logGet(43)) - raft.server.snapshot.retention.file.num = 5 (custom)
2019-11-15 00:57:24,976 [pool-199-thread-1] INFO  impl.RaftServerImpl (RaftServerImpl.java:setRole(173)) - 4dfd32cc-2252-49fe-ba51-4380d1c0b0d5@group-D08F3DBE2A41: changes role from      null to FOLLOWER at term 0 for startAsFollower
2019-11-15 00:57:24,976 [pool-219-thread-1] INFO  server.RaftServerConfigKeys (ConfUtils.java:logGet(43)) - raft.server.retrycache.expirytime = 600000ms (custom)
2019-11-15 00:57:24,976 [pool-199-thread-1] INFO  impl.RoleInfo (RoleInfo.java:updateAndGet(143)) - 4dfd32cc-2252-49fe-ba51-4380d1c0b0d5: start FollowerState
2019-11-15 00:57:24,976 [pool-219-thread-1] WARN  impl.MetricRegistriesImpl (MetricRegistriesImpl.java:lambda$create$1(61)) - First MetricRegistry has been created without registering reporters. You may need to call MetricRegistries.global().addReportRegistration(...) before.
2019-11-15 00:57:24,976 [pool-219-thread-1] WARN  impl.MetricRegistriesImpl (MetricRegistriesImpl.java:lambda$create$1(61)) - First MetricRegistry has been created without registering reporters. You may need to call MetricRegistries.global().addReportRegistration(...) before.
2019-11-15 00:57:24,976 [pool-219-thread-1] INFO  impl.RaftServerImpl (RaftServerImpl.java:start(184)) - e96d2cc9-026c-4220-b0f4-2bd3b4d5a924@group-D08F3DBE2A41: start as a follower, conf=-1: [9ac24c7e-7e4f-4cef-ab0e-298cb71ae60d:192.168.164.208:37265, 4dfd32cc-2252-49fe-ba51-4380d1c0b0d5:192.168.164.208:44082, e96d2cc9-026c-4220-b0f4-2bd3b4d5a924:192.168.164.208:39163], old=null
2019-11-15 00:57:24,976 [pool-199-thread-1] INFO  util.JmxRegister (JmxRegister.java:tryRegister(44)) - Successfully registered JMX Bean with object name Ratis:service=RaftServer,group=group-D08F3DBE2A41,id=4dfd32cc-2252-49fe-ba51-4380d1c0b0d5
2019-11-15 00:57:24,976 [pool-219-thread-1] INFO  impl.RaftServerImpl (RaftServerImpl.java:setRole(173)) - e96d2cc9-026c-4220-b0f4-2bd3b4d5a924@group-D08F3DBE2A41: changes role from      null to FOLLOWER at term 0 for startAsFollower
2019-11-15 00:57:24,977 [pool-199-thread-1] WARN  impl.MetricRegistriesImpl (MetricRegistriesImpl.java:lambda$create$1(61)) - First MetricRegistry has been created without registering reporters. You may need to call MetricRegistries.global().addReportRegistration(...) before.
2019-11-15 00:57:24,977 [pool-219-thread-1] INFO  impl.RoleInfo (RoleInfo.java:updateAndGet(143)) - e96d2cc9-026c-4220-b0f4-2bd3b4d5a924: start FollowerState
2019-11-15 00:57:24,977 [pool-219-thread-1] INFO  util.JmxRegister (JmxRegister.java:tryRegister(44)) - Successfully registered JMX Bean with object name Ratis:service=RaftServer,group=group-D08F3DBE2A41,id=e96d2cc9-026c-4220-b0f4-2bd3b4d5a924
2019-11-15 00:57:24,977 [pool-219-thread-1] WARN  impl.MetricRegistriesImpl (MetricRegistriesImpl.java:lambda$create$1(61)) - First MetricRegistry has been created without registering reporters. You may need to call MetricRegistries.global().addReportRegistration(...) before.
2019-11-15 00:57:24,979 [RatisPipelineUtilsThread] INFO  pipeline.PipelineStateManager (PipelineStateManager.java:addPipeline(55)) - Created pipeline Pipeline[ Id: ca999b04-e5fd-4619-99ba-d08f3dbe2a41, Nodes: 9ac24c7e-7e4f-4cef-ab0e-298cb71ae60d{ip: 192.168.164.208, host: pr-hdds-2442-bxv5b-1523879440, networkLocation: /rack1, certSerialId: null}4dfd32cc-2252-49fe-ba51-4380d1c0b0d5{ip: 192.168.164.208, host: pr-hdds-2442-bxv5b-1523879440, networkLocation: /rack1, certSerialId: null}e96d2cc9-026c-4220-b0f4-2bd3b4d5a924{ip: 192.168.164.208, host: pr-hdds-2442-bxv5b-1523879440, networkLocation: /rack1, certSerialId: null}, Type:RATIS, Factor:THREE, State:ALLOCATED]
2019-11-15 00:57:24,983 [Thread-1309] INFO  pipeline.PipelineStateManager (PipelineStateManager.java:removePipeline(106)) - Pipeline Pipeline[ Id: 898db4ff-09fe-4b00-a8ce-1adb972952ff, Nodes: c182b01b-afca-4fcd-8295-9462a850df3a{ip: 192.168.164.208, host: pr-hdds-2442-bxv5b-1523879440, networkLocation: /rack1, certSerialId: null}9ac24c7e-7e4f-4cef-ab0e-298cb71ae60d{ip: 192.168.164.208, host: pr-hdds-2442-bxv5b-1523879440, networkLocation: /rack1, certSerialId: null}4dfd32cc-2252-49fe-ba51-4380d1c0b0d5{ip: 192.168.164.208, host: pr-hdds-2442-bxv5b-1523879440, networkLocation: /rack1, certSerialId: null}, Type:RATIS, Factor:THREE, State:CLOSED] removed from db
2019-11-15 00:57:24,983 [Thread-1309] INFO  pipeline.SCMPipelineManager (SCMPipelineManager.java:finalizeAndDestroyPipeline(315)) - destroying pipeline:Pipeline[ Id: 18fb65cf-ef2d-4ccf-aa04-b1291ce6b8ed, Nodes: 5fe8490f-f805-406a-80e2-fbda1a66b042{ip: 192.168.164.208, host: pr-hdds-2442-bxv5b-1523879440, networkLocation: /rack1, certSerialId: null}, Type:RATIS, Factor:ONE, State:OPEN]
2019-11-15 00:57:24,987 [Thread-1309] INFO  pipeline.PipelineStateManager (PipelineStateManager.java:finalizePipeline(121)) - Pipeline Pipeline[ Id: 18fb65cf-ef2d-4ccf-aa04-b1291ce6b8ed, Nodes: 5fe8490f-f805-406a-80e2-fbda1a66b042{ip: 192.168.164.208, host: pr-hdds-2442-bxv5b-1523879440, networkLocation: /rack1, certSerialId: null}, Type:RATIS, Factor:ONE, State:CLOSED] moved to CLOSED state
2019-11-15 00:57:24,990 [grpc-default-executor-2] INFO  impl.RaftServerProxy (RaftServerProxy.java:remove(95)) - 5fe8490f-f805-406a-80e2-fbda1a66b042: remove    LEADER 5fe8490f-f805-406a-80e2-fbda1a66b042@group-B1291CE6B8ED:t1, leader=5fe8490f-f805-406a-80e2-fbda1a66b042, voted=5fe8490f-f805-406a-80e2-fbda1a66b042, raftlog=5fe8490f-f805-406a-80e2-fbda1a66b042@group-B1291CE6B8ED-SegmentedRaftLog:OPENED:c0,f0,i0, conf=0: [5fe8490f-f805-406a-80e2-fbda1a66b042:192.168.164.208:45094], old=null RUNNING
2019-11-15 00:57:24,992 [grpc-default-executor-2] INFO  impl.RaftServerImpl (RaftServerImpl.java:lambda$shutdown$3(250)) - 5fe8490f-f805-406a-80e2-fbda1a66b042@group-B1291CE6B8ED: shutdown
2019-11-15 00:57:24,993 [grpc-default-executor-2] INFO  util.JmxRegister (JmxRegister.java:unregister(73)) - Successfully un-registered JMX Bean with object name Ratis:service=RaftServer,group=group-B1291CE6B8ED,id=5fe8490f-f805-406a-80e2-fbda1a66b042
2019-11-15 00:57:24,993 [grpc-default-executor-2] INFO  impl.RoleInfo (RoleInfo.java:shutdownLeaderState(104)) - 5fe8490f-f805-406a-80e2-fbda1a66b042: shutdown LeaderState
2019-11-15 00:57:24,993 [grpc-default-executor-2] INFO  impl.PendingRequests (PendingRequests.java:sendNotLeaderResponses(206)) - 5fe8490f-f805-406a-80e2-fbda1a66b042@group-B1291CE6B8ED-PendingRequests: sendNotLeaderResponses
2019-11-15 00:57:24,993 [grpc-default-executor-2] INFO  impl.StateMachineUpdater (StateMachineUpdater.java:stopAndJoin(136)) - 5fe8490f-f805-406a-80e2-fbda1a66b042@group-B1291CE6B8ED-StateMachineUpdater: set stopIndex = 0
2019-11-15 00:57:24,993 [grpc-default-executor-2] INFO  impl.RaftServerImpl (ServerState.java:close(387)) - 5fe8490f-f805-406a-80e2-fbda1a66b042@group-B1291CE6B8ED: closes. applyIndex: 0
2019-11-15 00:57:24,993 [5fe8490f-f805-406a-80e2-fbda1a66b042@group-B1291CE6B8ED-SegmentedRaftLogWorker] INFO  segmented.SegmentedRaftLogWorker (SegmentedRaftLogWorker.java:run(316)) - 5fe8490f-f805-406a-80e2-fbda1a66b042@group-B1291CE6B8ED-SegmentedRaftLogWorker was interrupted, exiting. There are 0 tasks remaining in the queue.
2019-11-15 00:57:24,994 [grpc-default-executor-2] INFO  segmented.SegmentedRaftLogWorker (SegmentedRaftLogWorker.java:close(224)) - 5fe8490f-f805-406a-80e2-fbda1a66b042@group-B1291CE6B8ED-SegmentedRaftLogWorker close()
2019-11-15 00:57:24,997 [Thread-1309] INFO  pipeline.PipelineStateManager (PipelineStateManager.java:removePipeline(106)) - Pipeline Pipeline[ Id: 18fb65cf-ef2d-4ccf-aa04-b1291ce6b8ed, Nodes: 5fe8490f-f805-406a-80e2-fbda1a66b042{ip: 192.168.164.208, host: pr-hdds-2442-bxv5b-1523879440, networkLocation: /rack1, certSerialId: null}, Type:RATIS, Factor:ONE, State:CLOSED] removed from db
2019-11-15 00:57:24,997 [Thread-1309] INFO  pipeline.SCMPipelineManager (SCMPipelineManager.java:finalizeAndDestroyPipeline(315)) - destroying pipeline:Pipeline[ Id: 4b3de57b-3c20-462a-8a5e-577b6c10ef4b, Nodes: eccb109f-99d1-4501-bb16-6ecf49b3cdca{ip: 192.168.164.208, host: pr-hdds-2442-bxv5b-1523879440, networkLocation: /rack1, certSerialId: null}, Type:RATIS, Factor:ONE, State:OPEN]
2019-11-15 00:57:25,000 [grpc-default-executor-2] INFO  impl.RaftServerProxy (RaftServerProxy.java:addNew(89)) - 5fe8490f-f805-406a-80e2-fbda1a66b042: addNew group-A2A7FA27FDC7:[5fe8490f-f805-406a-80e2-fbda1a66b042:192.168.164.208:45094] returns group-A2A7FA27FDC7:java.util.concurrent.CompletableFuture@42ad265b[Not completed]
2019-11-15 00:57:25,001 [pool-169-thread-1] INFO  impl.RaftServerImpl (RaftServerImpl.java:<init>(98)) - 5fe8490f-f805-406a-80e2-fbda1a66b042: new RaftServerImpl for group-A2A7FA27FDC7:[5fe8490f-f805-406a-80e2-fbda1a66b042:192.168.164.208:45094] with ContainerStateMachine:uninitialized
2019-11-15 00:57:25,001 [pool-169-thread-1] INFO  server.RaftServerConfigKeys (ConfUtils.java:logGet(43)) - raft.server.rpc.timeout.min = 1s (custom)
2019-11-15 00:57:25,002 [pool-169-thread-1] INFO  server.RaftServerConfigKeys (ConfUtils.java:logGet(43)) - raft.server.rpc.timeout.max = 1200ms (custom)
2019-11-15 00:57:25,002 [pool-169-thread-1] INFO  server.RaftServerConfigKeys (ConfUtils.java:logGet(43)) - raft.server.rpcslowness.timeout = 120s (custom)
2019-11-15 00:57:25,002 [pool-169-thread-1] INFO  server.RaftServerConfigKeys (ConfUtils.java:logGet(43)) - raft.server.sleep.deviation.threshold = 300 (default)
2019-11-15 00:57:25,002 [pool-169-thread-1] INFO  server.RaftServerConfigKeys (ConfUtils.java:logGet(43)) - raft.server.log.appender.install.snapshot.enabled = false (custom)
2019-11-15 00:57:25,002 [pool-169-thread-1] INFO  impl.RaftServerImpl (ServerState.java:<init>(103)) - 5fe8490f-f805-406a-80e2-fbda1a66b042@group-A2A7FA27FDC7: ConfigurationManager, init=-1: [5fe8490f-f805-406a-80e2-fbda1a66b042:192.168.164.208:45094], old=null, confs=<EMPTY_MAP>
2019-11-15 00:57:25,002 [pool-169-thread-1] INFO  server.RaftServerConfigKeys (ConfUtils.java:logGet(43)) - raft.server.storage.dir = [/workdir/hadoop-ozone/integration-test/target/test-dir/MiniOzoneClusterImpl-8fc52630-20fd-4955-97d1-2a2852f9ee58/datanode-2/data/ratis] (custom)
2019-11-15 00:57:25,002 [pool-169-thread-1] INFO  server.RaftServerConfigKeys (ConfUtils.java:logGet(43)) - raft.server.log.corruption.policy = EXCEPTION (default)
2019-11-15 00:57:25,003 [pool-169-thread-1] INFO  storage.RaftStorageDirectory (RaftStorageDirectory.java:analyzeStorage(246)) - The storage directory /workdir/hadoop-ozone/integration-test/target/test-dir/MiniOzoneClusterImpl-8fc52630-20fd-4955-97d1-2a2852f9ee58/datanode-2/data/ratis/04a86e1f-5566-4c61-90c8-a2a7fa27fdc7 does not exist. Creating ...
2019-11-15 00:57:25,016 [pool-169-thread-1] INFO  storage.RaftStorageDirectory (RaftStorageDirectory.java:tryLock(328)) - Lock on /workdir/hadoop-ozone/integration-test/target/test-dir/MiniOzoneClusterImpl-8fc52630-20fd-4955-97d1-2a2852f9ee58/datanode-2/data/ratis/04a86e1f-5566-4c61-90c8-a2a7fa27fdc7/in_use.lock acquired by nodename 16745@pr-hdds-2442-bxv5b-1523879440
2019-11-15 00:57:25,030 [pool-169-thread-1] INFO  storage.RaftStorage (RaftStorage.java:format(84)) - Storage directory /workdir/hadoop-ozone/integration-test/target/test-dir/MiniOzoneClusterImpl-8fc52630-20fd-4955-97d1-2a2852f9ee58/datanode-2/data/ratis/04a86e1f-5566-4c61-90c8-a2a7fa27fdc7 has been successfully formatted.
2019-11-15 00:57:25,030 [pool-169-thread-1] INFO  ratis.ContainerStateMachine (ContainerStateMachine.java:loadSnapshot(223)) - group-A2A7FA27FDC7: The snapshot info is null. Setting the last applied indexto:(t:0, i:~)
2019-11-15 00:57:25,030 [pool-169-thread-1] INFO  server.RaftServerConfigKeys (ConfUtils.java:logGet(43)) - raft.server.notification.no-leader.timeout = 120s (custom)
2019-11-15 00:57:25,030 [pool-169-thread-1] INFO  server.RaftServerConfigKeys (ConfUtils.java:logGet(43)) - raft.server.log.use.memory = false (default)
2019-11-15 00:57:25,030 [pool-169-thread-1] INFO  server.RaftServerConfigKeys (ConfUtils.java:logGet(43)) - raft.server.log.purge.gap = 1000000 (custom)
2019-11-15 00:57:25,030 [pool-169-thread-1] INFO  server.RaftServerConfigKeys (ConfUtils.java:logGet(43)) - raft.server.log.appender.buffer.byte-limit = 33554432 (custom)
2019-11-15 00:57:25,030 [pool-169-thread-1] INFO  server.RaftServerConfigKeys (ConfUtils.java:logGet(43)) - raft.server.log.segment.size.max = 1048576 (custom)
2019-11-15 00:57:25,030 [pool-169-thread-1] INFO  server.RaftServerConfigKeys (ConfUtils.java:logGet(43)) - raft.server.log.segment.cache.num.max = 2 (custom)
2019-11-15 00:57:25,030 [pool-169-thread-1] INFO  segmented.SegmentedRaftLogWorker (SegmentedRaftLogWorker.java:<init>(173)) - new 5fe8490f-f805-406a-80e2-fbda1a66b042@group-A2A7FA27FDC7-SegmentedRaftLogWorker for RaftStorage:Storage Directory /workdir/hadoop-ozone/integration-test/target/test-dir/MiniOzoneClusterImpl-8fc52630-20fd-4955-97d1-2a2852f9ee58/datanode-2/data/ratis/04a86e1f-5566-4c61-90c8-a2a7fa27fdc7
2019-11-15 00:57:25,031 [pool-169-thread-1] INFO  server.RaftServerConfigKeys (ConfUtils.java:logGet(43)) - raft.server.log.queue.byte-limit = 2147483647 (custom)
2019-11-15 00:57:25,031 [pool-169-thread-1] INFO  server.RaftServerConfigKeys (ConfUtils.java:logGet(43)) - raft.server.log.queue.element-limit = 1024 (custom)
2019-11-15 00:57:25,031 [pool-169-thread-1] INFO  server.RaftServerConfigKeys (ConfUtils.java:logGet(43)) - raft.server.log.segment.size.max = 1048576 (custom)
2019-11-15 00:57:25,031 [pool-169-thread-1] INFO  server.RaftServerConfigKeys (ConfUtils.java:logGet(43)) - raft.server.log.preallocated.size = 16384 (custom)
2019-11-15 00:57:25,031 [pool-169-thread-1] INFO  server.RaftServerConfigKeys (ConfUtils.java:logGet(43)) - raft.server.log.write.buffer.size = 33554432 (custom)
2019-11-15 00:57:25,031 [pool-169-thread-1] INFO  server.RaftServerConfigKeys (ConfUtils.java:logGet(43)) - raft.server.log.force.sync.num = 128 (default)
2019-11-15 00:57:25,031 [pool-169-thread-1] INFO  server.RaftServerConfigKeys (ConfUtils.java:logGet(43)) - raft.server.log.statemachine.data.sync = true (default)
2019-11-15 00:57:25,031 [pool-169-thread-1] INFO  server.RaftServerConfigKeys (ConfUtils.java:logGet(43)) - raft.server.log.statemachine.data.sync.timeout = 10s (default)
2019-11-15 00:57:25,031 [pool-169-thread-1] INFO  server.RaftServerConfigKeys (ConfUtils.java:logGet(43)) - raft.server.log.statemachine.data.sync.timeout.retry = -1 (default)
2019-11-15 00:57:25,031 [pool-169-thread-1] INFO  server.RaftServerConfigKeys (ConfUtils.java:logGet(43)) - raft.server.log.statemachine.data.caching.enabled = true (custom)
2019-11-15 00:57:25,032 [pool-169-thread-1] INFO  segmented.SegmentedRaftLogWorker (SegmentedRaftLogWorker.java:lambda$new$0(128)) - 5fe8490f-f805-406a-80e2-fbda1a66b042@group-A2A7FA27FDC7-SegmentedRaftLogWorker: flushIndex: setUnconditionally 0 -> -1
2019-11-15 00:57:25,032 [pool-169-thread-1] INFO  server.RaftServerConfigKeys (ConfUtils.java:logGet(43)) - raft.server.snapshot.auto.trigger.enabled = true (custom)
2019-11-15 00:57:25,032 [pool-169-thread-1] INFO  server.RaftServerConfigKeys (ConfUtils.java:logGet(43)) - raft.server.snapshot.auto.trigger.threshold = 10000 (custom)
2019-11-15 00:57:25,032 [pool-169-thread-1] INFO  server.RaftServerConfigKeys (ConfUtils.java:logGet(43)) - raft.server.snapshot.retention.file.num = 5 (custom)
2019-11-15 00:57:25,032 [pool-169-thread-1] INFO  server.RaftServerConfigKeys (ConfUtils.java:logGet(43)) - raft.server.retrycache.expirytime = 600000ms (custom)
2019-11-15 00:57:25,032 [pool-169-thread-1] WARN  impl.MetricRegistriesImpl (MetricRegistriesImpl.java:lambda$create$1(61)) - First MetricRegistry has been created without registering reporters. You may need to call MetricRegistries.global().addReportRegistration(...) before.
2019-11-15 00:57:25,032 [pool-169-thread-1] WARN  impl.MetricRegistriesImpl (MetricRegistriesImpl.java:lambda$create$1(61)) - First MetricRegistry has been created without registering reporters. You may need to call MetricRegistries.global().addReportRegistration(...) before.
2019-11-15 00:57:25,033 [pool-169-thread-1] INFO  impl.RaftServerImpl (RaftServerImpl.java:start(184)) - 5fe8490f-f805-406a-80e2-fbda1a66b042@group-A2A7FA27FDC7: start as a follower, conf=-1: [5fe8490f-f805-406a-80e2-fbda1a66b042:192.168.164.208:45094], old=null
2019-11-15 00:57:25,033 [pool-169-thread-1] INFO  impl.RaftServerImpl (RaftServerImpl.java:setRole(173)) - 5fe8490f-f805-406a-80e2-fbda1a66b042@group-A2A7FA27FDC7: changes role from      null to FOLLOWER at term 0 for startAsFollower
2019-11-15 00:57:25,033 [pool-169-thread-1] INFO  impl.RoleInfo (RoleInfo.java:updateAndGet(143)) - 5fe8490f-f805-406a-80e2-fbda1a66b042: start FollowerState
2019-11-15 00:57:25,033 [pool-169-thread-1] INFO  util.JmxRegister (JmxRegister.java:tryRegister(44)) - Successfully registered JMX Bean with object name Ratis:service=RaftServer,group=group-A2A7FA27FDC7,id=5fe8490f-f805-406a-80e2-fbda1a66b042
2019-11-15 00:57:25,033 [pool-169-thread-1] WARN  impl.MetricRegistriesImpl (MetricRegistriesImpl.java:lambda$create$1(61)) - First MetricRegistry has been created without registering reporters. You may need to call MetricRegistries.global().addReportRegistration(...) before.
2019-11-15 00:57:25,035 [RatisPipelineUtilsThread] INFO  pipeline.PipelineStateManager (PipelineStateManager.java:addPipeline(55)) - Created pipeline Pipeline[ Id: 04a86e1f-5566-4c61-90c8-a2a7fa27fdc7, Nodes: 5fe8490f-f805-406a-80e2-fbda1a66b042{ip: 192.168.164.208, host: pr-hdds-2442-bxv5b-1523879440, networkLocation: /rack1, certSerialId: null}, Type:RATIS, Factor:ONE, State:ALLOCATED]
2019-11-15 00:57:25,036 [Thread-1309] INFO  pipeline.PipelineStateManager (PipelineStateManager.java:finalizePipeline(121)) - Pipeline Pipeline[ Id: 4b3de57b-3c20-462a-8a5e-577b6c10ef4b, Nodes: eccb109f-99d1-4501-bb16-6ecf49b3cdca{ip: 192.168.164.208, host: pr-hdds-2442-bxv5b-1523879440, networkLocation: /rack1, certSerialId: null}, Type:RATIS, Factor:ONE, State:CLOSED] moved to CLOSED state
2019-11-15 00:57:25,039 [grpc-default-executor-2] INFO  impl.RaftServerProxy (RaftServerProxy.java:remove(95)) - eccb109f-99d1-4501-bb16-6ecf49b3cdca: remove    LEADER eccb109f-99d1-4501-bb16-6ecf49b3cdca@group-577B6C10EF4B:t1, leader=eccb109f-99d1-4501-bb16-6ecf49b3cdca, voted=eccb109f-99d1-4501-bb16-6ecf49b3cdca, raftlog=eccb109f-99d1-4501-bb16-6ecf49b3cdca@group-577B6C10EF4B-SegmentedRaftLog:OPENED:c0,f0,i0, conf=0: [eccb109f-99d1-4501-bb16-6ecf49b3cdca:192.168.164.208:44076], old=null RUNNING
2019-11-15 00:57:25,040 [grpc-default-executor-2] INFO  impl.RaftServerImpl (RaftServerImpl.java:lambda$shutdown$3(250)) - eccb109f-99d1-4501-bb16-6ecf49b3cdca@group-577B6C10EF4B: shutdown
2019-11-15 00:57:25,040 [grpc-default-executor-2] INFO  util.JmxRegister (JmxRegister.java:unregister(73)) - Successfully un-registered JMX Bean with object name Ratis:service=RaftServer,group=group-577B6C10EF4B,id=eccb109f-99d1-4501-bb16-6ecf49b3cdca
2019-11-15 00:57:25,040 [grpc-default-executor-2] INFO  impl.RoleInfo (RoleInfo.java:shutdownLeaderState(104)) - eccb109f-99d1-4501-bb16-6ecf49b3cdca: shutdown LeaderState
2019-11-15 00:57:25,040 [grpc-default-executor-2] INFO  impl.PendingRequests (PendingRequests.java:sendNotLeaderResponses(206)) - eccb109f-99d1-4501-bb16-6ecf49b3cdca@group-577B6C10EF4B-PendingRequests: sendNotLeaderResponses
2019-11-15 00:57:25,040 [grpc-default-executor-2] INFO  impl.StateMachineUpdater (StateMachineUpdater.java:stopAndJoin(136)) - eccb109f-99d1-4501-bb16-6ecf49b3cdca@group-577B6C10EF4B-StateMachineUpdater: set stopIndex = 0
2019-11-15 00:57:25,041 [grpc-default-executor-2] INFO  impl.RaftServerImpl (ServerState.java:close(387)) - eccb109f-99d1-4501-bb16-6ecf49b3cdca@group-577B6C10EF4B: closes. applyIndex: 0
2019-11-15 00:57:25,041 [eccb109f-99d1-4501-bb16-6ecf49b3cdca@group-577B6C10EF4B-SegmentedRaftLogWorker] INFO  segmented.SegmentedRaftLogWorker (SegmentedRaftLogWorker.java:run(316)) - eccb109f-99d1-4501-bb16-6ecf49b3cdca@group-577B6C10EF4B-SegmentedRaftLogWorker was interrupted, exiting. There are 0 tasks remaining in the queue.
2019-11-15 00:57:25,041 [grpc-default-executor-2] INFO  segmented.SegmentedRaftLogWorker (SegmentedRaftLogWorker.java:close(224)) - eccb109f-99d1-4501-bb16-6ecf49b3cdca@group-577B6C10EF4B-SegmentedRaftLogWorker close()
2019-11-15 00:57:25,047 [Thread-1309] INFO  pipeline.PipelineStateManager (PipelineStateManager.java:removePipeline(106)) - Pipeline Pipeline[ Id: 4b3de57b-3c20-462a-8a5e-577b6c10ef4b, Nodes: eccb109f-99d1-4501-bb16-6ecf49b3cdca{ip: 192.168.164.208, host: pr-hdds-2442-bxv5b-1523879440, networkLocation: /rack1, certSerialId: null}, Type:RATIS, Factor:ONE, State:CLOSED] removed from db
2019-11-15 00:57:25,047 [Thread-1309] INFO  pipeline.SCMPipelineManager (SCMPipelineManager.java:finalizeAndDestroyPipeline(315)) - destroying pipeline:Pipeline[ Id: ae628117-158c-48e7-993e-dfc8554304f9, Nodes: 0bfc3546-5406-43b9-8d67-9a12bf5503d8{ip: 192.168.164.208, host: pr-hdds-2442-bxv5b-1523879440, networkLocation: /rack1, certSerialId: null}, Type:RATIS, Factor:ONE, State:OPEN]
2019-11-15 00:57:25,060 [grpc-default-executor-2] INFO  impl.RaftServerProxy (RaftServerProxy.java:addNew(89)) - eccb109f-99d1-4501-bb16-6ecf49b3cdca: addNew group-F658B4985483:[eccb109f-99d1-4501-bb16-6ecf49b3cdca:192.168.164.208:44076] returns group-F658B4985483:java.util.concurrent.CompletableFuture@565b46f4[Not completed]
2019-11-15 00:57:25,061 [pool-149-thread-1] INFO  impl.RaftServerImpl (RaftServerImpl.java:<init>(98)) - eccb109f-99d1-4501-bb16-6ecf49b3cdca: new RaftServerImpl for group-F658B4985483:[eccb109f-99d1-4501-bb16-6ecf49b3cdca:192.168.164.208:44076] with ContainerStateMachine:uninitialized
2019-11-15 00:57:25,061 [pool-149-thread-1] INFO  server.RaftServerConfigKeys (ConfUtils.java:logGet(43)) - raft.server.rpc.timeout.min = 1s (custom)
2019-11-15 00:57:25,061 [pool-149-thread-1] INFO  server.RaftServerConfigKeys (ConfUtils.java:logGet(43)) - raft.server.rpc.timeout.max = 1200ms (custom)
2019-11-15 00:57:25,061 [pool-149-thread-1] INFO  server.RaftServerConfigKeys (ConfUtils.java:logGet(43)) - raft.server.rpcslowness.timeout = 120s (custom)
2019-11-15 00:57:25,061 [pool-149-thread-1] INFO  server.RaftServerConfigKeys (ConfUtils.java:logGet(43)) - raft.server.sleep.deviation.threshold = 300 (default)
2019-11-15 00:57:25,062 [pool-149-thread-1] INFO  server.RaftServerConfigKeys (ConfUtils.java:logGet(43)) - raft.server.log.appender.install.snapshot.enabled = false (custom)
2019-11-15 00:57:25,062 [pool-149-thread-1] INFO  impl.RaftServerImpl (ServerState.java:<init>(103)) - eccb109f-99d1-4501-bb16-6ecf49b3cdca@group-F658B4985483: ConfigurationManager, init=-1: [eccb109f-99d1-4501-bb16-6ecf49b3cdca:192.168.164.208:44076], old=null, confs=<EMPTY_MAP>
2019-11-15 00:57:25,062 [pool-149-thread-1] INFO  server.RaftServerConfigKeys (ConfUtils.java:logGet(43)) - raft.server.storage.dir = [/workdir/hadoop-ozone/integration-test/target/test-dir/MiniOzoneClusterImpl-8fc52630-20fd-4955-97d1-2a2852f9ee58/datanode-0/data/ratis] (custom)
2019-11-15 00:57:25,062 [pool-149-thread-1] INFO  server.RaftServerConfigKeys (ConfUtils.java:logGet(43)) - raft.server.log.corruption.policy = EXCEPTION (default)
2019-11-15 00:57:25,062 [pool-149-thread-1] INFO  storage.RaftStorageDirectory (RaftStorageDirectory.java:analyzeStorage(246)) - The storage directory /workdir/hadoop-ozone/integration-test/target/test-dir/MiniOzoneClusterImpl-8fc52630-20fd-4955-97d1-2a2852f9ee58/datanode-0/data/ratis/dcef50af-0139-49aa-a4eb-f658b4985483 does not exist. Creating ...
2019-11-15 00:57:25,075 [pool-149-thread-1] INFO  storage.RaftStorageDirectory (RaftStorageDirectory.java:tryLock(328)) - Lock on /workdir/hadoop-ozone/integration-test/target/test-dir/MiniOzoneClusterImpl-8fc52630-20fd-4955-97d1-2a2852f9ee58/datanode-0/data/ratis/dcef50af-0139-49aa-a4eb-f658b4985483/in_use.lock acquired by nodename 16745@pr-hdds-2442-bxv5b-1523879440
2019-11-15 00:57:25,089 [pool-149-thread-1] INFO  storage.RaftStorage (RaftStorage.java:format(84)) - Storage directory /workdir/hadoop-ozone/integration-test/target/test-dir/MiniOzoneClusterImpl-8fc52630-20fd-4955-97d1-2a2852f9ee58/datanode-0/data/ratis/dcef50af-0139-49aa-a4eb-f658b4985483 has been successfully formatted.
2019-11-15 00:57:25,089 [pool-149-thread-1] INFO  ratis.ContainerStateMachine (ContainerStateMachine.java:loadSnapshot(223)) - group-F658B4985483: The snapshot info is null. Setting the last applied indexto:(t:0, i:~)
2019-11-15 00:57:25,089 [pool-149-thread-1] INFO  server.RaftServerConfigKeys (ConfUtils.java:logGet(43)) - raft.server.notification.no-leader.timeout = 120s (custom)
2019-11-15 00:57:25,089 [pool-149-thread-1] INFO  server.RaftServerConfigKeys (ConfUtils.java:logGet(43)) - raft.server.log.use.memory = false (default)
2019-11-15 00:57:25,090 [pool-149-thread-1] INFO  server.RaftServerConfigKeys (ConfUtils.java:logGet(43)) - raft.server.log.purge.gap = 1000000 (custom)
2019-11-15 00:57:25,090 [pool-149-thread-1] INFO  server.RaftServerConfigKeys (ConfUtils.java:logGet(43)) - raft.server.log.appender.buffer.byte-limit = 33554432 (custom)
2019-11-15 00:57:25,090 [pool-149-thread-1] INFO  server.RaftServerConfigKeys (ConfUtils.java:logGet(43)) - raft.server.log.segment.size.max = 1048576 (custom)
2019-11-15 00:57:25,090 [pool-149-thread-1] INFO  server.RaftServerConfigKeys (ConfUtils.java:logGet(43)) - raft.server.log.segment.cache.num.max = 2 (custom)
2019-11-15 00:57:25,090 [pool-149-thread-1] INFO  segmented.SegmentedRaftLogWorker (SegmentedRaftLogWorker.java:<init>(173)) - new eccb109f-99d1-4501-bb16-6ecf49b3cdca@group-F658B4985483-SegmentedRaftLogWorker for RaftStorage:Storage Directory /workdir/hadoop-ozone/integration-test/target/test-dir/MiniOzoneClusterImpl-8fc52630-20fd-4955-97d1-2a2852f9ee58/datanode-0/data/ratis/dcef50af-0139-49aa-a4eb-f658b4985483
2019-11-15 00:57:25,090 [pool-149-thread-1] INFO  server.RaftServerConfigKeys (ConfUtils.java:logGet(43)) - raft.server.log.queue.byte-limit = 2147483647 (custom)
2019-11-15 00:57:25,090 [pool-149-thread-1] INFO  server.RaftServerConfigKeys (ConfUtils.java:logGet(43)) - raft.server.log.queue.element-limit = 1024 (custom)
2019-11-15 00:57:25,090 [pool-149-thread-1] INFO  server.RaftServerConfigKeys (ConfUtils.java:logGet(43)) - raft.server.log.segment.size.max = 1048576 (custom)
2019-11-15 00:57:25,090 [pool-149-thread-1] INFO  server.RaftServerConfigKeys (ConfUtils.java:logGet(43)) - raft.server.log.preallocated.size = 16384 (custom)
2019-11-15 00:57:25,090 [pool-149-thread-1] INFO  server.RaftServerConfigKeys (ConfUtils.java:logGet(43)) - raft.server.log.write.buffer.size = 33554432 (custom)
2019-11-15 00:57:25,090 [pool-149-thread-1] INFO  server.RaftServerConfigKeys (ConfUtils.java:logGet(43)) - raft.server.log.force.sync.num = 128 (default)
2019-11-15 00:57:25,090 [pool-149-thread-1] INFO  server.RaftServerConfigKeys (ConfUtils.java:logGet(43)) - raft.server.log.statemachine.data.sync = true (default)
2019-11-15 00:57:25,091 [pool-149-thread-1] INFO  server.RaftServerConfigKeys (ConfUtils.java:logGet(43)) - raft.server.log.statemachine.data.sync.timeout = 10s (default)
2019-11-15 00:57:25,091 [pool-149-thread-1] INFO  server.RaftServerConfigKeys (ConfUtils.java:logGet(43)) - raft.server.log.statemachine.data.sync.timeout.retry = -1 (default)
2019-11-15 00:57:25,091 [pool-149-thread-1] INFO  server.RaftServerConfigKeys (ConfUtils.java:logGet(43)) - raft.server.log.statemachine.data.caching.enabled = true (custom)
2019-11-15 00:57:25,091 [pool-149-thread-1] INFO  segmented.SegmentedRaftLogWorker (SegmentedRaftLogWorker.java:lambda$new$0(128)) - eccb109f-99d1-4501-bb16-6ecf49b3cdca@group-F658B4985483-SegmentedRaftLogWorker: flushIndex: setUnconditionally 0 -> -1
2019-11-15 00:57:25,091 [pool-149-thread-1] INFO  server.RaftServerConfigKeys (ConfUtils.java:logGet(43)) - raft.server.snapshot.auto.trigger.enabled = true (custom)
2019-11-15 00:57:25,092 [pool-149-thread-1] INFO  server.RaftServerConfigKeys (ConfUtils.java:logGet(43)) - raft.server.snapshot.auto.trigger.threshold = 10000 (custom)
2019-11-15 00:57:25,092 [pool-149-thread-1] INFO  server.RaftServerConfigKeys (ConfUtils.java:logGet(43)) - raft.server.snapshot.retention.file.num = 5 (custom)
2019-11-15 00:57:25,092 [pool-149-thread-1] INFO  server.RaftServerConfigKeys (ConfUtils.java:logGet(43)) - raft.server.retrycache.expirytime = 600000ms (custom)
2019-11-15 00:57:25,092 [pool-149-thread-1] WARN  impl.MetricRegistriesImpl (MetricRegistriesImpl.java:lambda$create$1(61)) - First MetricRegistry has been created without registering reporters. You may need to call MetricRegistries.global().addReportRegistration(...) before.
2019-11-15 00:57:25,092 [pool-149-thread-1] WARN  impl.MetricRegistriesImpl (MetricRegistriesImpl.java:lambda$create$1(61)) - First MetricRegistry has been created without registering reporters. You may need to call MetricRegistries.global().addReportRegistration(...) before.
2019-11-15 00:57:25,092 [pool-149-thread-1] INFO  impl.RaftServerImpl (RaftServerImpl.java:start(184)) - eccb109f-99d1-4501-bb16-6ecf49b3cdca@group-F658B4985483: start as a follower, conf=-1: [eccb109f-99d1-4501-bb16-6ecf49b3cdca:192.168.164.208:44076], old=null
2019-11-15 00:57:25,092 [pool-149-thread-1] INFO  impl.RaftServerImpl (RaftServerImpl.java:setRole(173)) - eccb109f-99d1-4501-bb16-6ecf49b3cdca@group-F658B4985483: changes role from      null to FOLLOWER at term 0 for startAsFollower
2019-11-15 00:57:25,093 [pool-149-thread-1] INFO  impl.RoleInfo (RoleInfo.java:updateAndGet(143)) - eccb109f-99d1-4501-bb16-6ecf49b3cdca: start FollowerState
2019-11-15 00:57:25,093 [pool-149-thread-1] INFO  util.JmxRegister (JmxRegister.java:tryRegister(44)) - Successfully registered JMX Bean with object name Ratis:service=RaftServer,group=group-F658B4985483,id=eccb109f-99d1-4501-bb16-6ecf49b3cdca
2019-11-15 00:57:25,093 [pool-149-thread-1] WARN  impl.MetricRegistriesImpl (MetricRegistriesImpl.java:lambda$create$1(61)) - First MetricRegistry has been created without registering reporters. You may need to call MetricRegistries.global().addReportRegistration(...) before.
2019-11-15 00:57:25,134 [RatisPipelineUtilsThread] INFO  pipeline.PipelineStateManager (PipelineStateManager.java:addPipeline(55)) - Created pipeline Pipeline[ Id: dcef50af-0139-49aa-a4eb-f658b4985483, Nodes: eccb109f-99d1-4501-bb16-6ecf49b3cdca{ip: 192.168.164.208, host: pr-hdds-2442-bxv5b-1523879440, networkLocation: /rack1, certSerialId: null}, Type:RATIS, Factor:ONE, State:ALLOCATED]
2019-11-15 00:57:25,137 [Thread-1309] INFO  pipeline.PipelineStateManager (PipelineStateManager.java:finalizePipeline(121)) - Pipeline Pipeline[ Id: ae628117-158c-48e7-993e-dfc8554304f9, Nodes: 0bfc3546-5406-43b9-8d67-9a12bf5503d8{ip: 192.168.164.208, host: pr-hdds-2442-bxv5b-1523879440, networkLocation: /rack1, certSerialId: null}, Type:RATIS, Factor:ONE, State:CLOSED] moved to CLOSED state
2019-11-15 00:57:25,141 [grpc-default-executor-2] INFO  impl.RaftServerProxy (RaftServerProxy.java:remove(95)) - 0bfc3546-5406-43b9-8d67-9a12bf5503d8: remove    LEADER 0bfc3546-5406-43b9-8d67-9a12bf5503d8@group-DFC8554304F9:t1, leader=0bfc3546-5406-43b9-8d67-9a12bf5503d8, voted=0bfc3546-5406-43b9-8d67-9a12bf5503d8, raftlog=0bfc3546-5406-43b9-8d67-9a12bf5503d8@group-DFC8554304F9-SegmentedRaftLog:OPENED:c0,f0,i0, conf=0: [0bfc3546-5406-43b9-8d67-9a12bf5503d8:192.168.164.208:37596], old=null RUNNING
2019-11-15 00:57:25,141 [grpc-default-executor-2] INFO  impl.RaftServerImpl (RaftServerImpl.java:lambda$shutdown$3(250)) - 0bfc3546-5406-43b9-8d67-9a12bf5503d8@group-DFC8554304F9: shutdown
2019-11-15 00:57:25,141 [grpc-default-executor-2] INFO  util.JmxRegister (JmxRegister.java:unregister(73)) - Successfully un-registered JMX Bean with object name Ratis:service=RaftServer,group=group-DFC8554304F9,id=0bfc3546-5406-43b9-8d67-9a12bf5503d8
2019-11-15 00:57:25,141 [grpc-default-executor-2] INFO  impl.RoleInfo (RoleInfo.java:shutdownLeaderState(104)) - 0bfc3546-5406-43b9-8d67-9a12bf5503d8: shutdown LeaderState
2019-11-15 00:57:25,141 [grpc-default-executor-2] INFO  impl.PendingRequests (PendingRequests.java:sendNotLeaderResponses(206)) - 0bfc3546-5406-43b9-8d67-9a12bf5503d8@group-DFC8554304F9-PendingRequests: sendNotLeaderResponses
2019-11-15 00:57:25,141 [grpc-default-executor-2] INFO  impl.StateMachineUpdater (StateMachineUpdater.java:stopAndJoin(136)) - 0bfc3546-5406-43b9-8d67-9a12bf5503d8@group-DFC8554304F9-StateMachineUpdater: set stopIndex = 0
2019-11-15 00:57:25,142 [grpc-default-executor-2] INFO  impl.RaftServerImpl (ServerState.java:close(387)) - 0bfc3546-5406-43b9-8d67-9a12bf5503d8@group-DFC8554304F9: closes. applyIndex: 0
2019-11-15 00:57:25,142 [0bfc3546-5406-43b9-8d67-9a12bf5503d8@group-DFC8554304F9-SegmentedRaftLogWorker] INFO  segmented.SegmentedRaftLogWorker (SegmentedRaftLogWorker.java:run(316)) - 0bfc3546-5406-43b9-8d67-9a12bf5503d8@group-DFC8554304F9-SegmentedRaftLogWorker was interrupted, exiting. There are 0 tasks remaining in the queue.
2019-11-15 00:57:25,142 [grpc-default-executor-2] INFO  segmented.SegmentedRaftLogWorker (SegmentedRaftLogWorker.java:close(224)) - 0bfc3546-5406-43b9-8d67-9a12bf5503d8@group-DFC8554304F9-SegmentedRaftLogWorker close()
2019-11-15 00:57:25,159 [Thread-1309] INFO  pipeline.PipelineStateManager (PipelineStateManager.java:removePipeline(106)) - Pipeline Pipeline[ Id: ae628117-158c-48e7-993e-dfc8554304f9, Nodes: 0bfc3546-5406-43b9-8d67-9a12bf5503d8{ip: 192.168.164.208, host: pr-hdds-2442-bxv5b-1523879440, networkLocation: /rack1, certSerialId: null}, Type:RATIS, Factor:ONE, State:CLOSED] removed from db
2019-11-15 00:57:25,159 [Thread-1309] INFO  pipeline.SCMPipelineManager (SCMPipelineManager.java:finalizeAndDestroyPipeline(315)) - destroying pipeline:Pipeline[ Id: 90bf92a0-ffa1-4422-8abe-f736be448a28, Nodes: 8692cc3a-c5e2-4bd5-b878-b8217203f52e{ip: 192.168.164.208, host: pr-hdds-2442-bxv5b-1523879440, networkLocation: /rack1, certSerialId: null}, Type:RATIS, Factor:ONE, State:OPEN]
2019-11-15 00:57:25,171 [grpc-default-executor-2] INFO  impl.RaftServerProxy (RaftServerProxy.java:addNew(89)) - 0bfc3546-5406-43b9-8d67-9a12bf5503d8: addNew group-7EAD115034F9:[0bfc3546-5406-43b9-8d67-9a12bf5503d8:192.168.164.208:37596] returns group-7EAD115034F9:java.util.concurrent.CompletableFuture@77942229[Not completed]
2019-11-15 00:57:25,172 [pool-239-thread-1] INFO  impl.RaftServerImpl (RaftServerImpl.java:<init>(98)) - 0bfc3546-5406-43b9-8d67-9a12bf5503d8: new RaftServerImpl for group-7EAD115034F9:[0bfc3546-5406-43b9-8d67-9a12bf5503d8:192.168.164.208:37596] with ContainerStateMachine:uninitialized
2019-11-15 00:57:25,172 [pool-239-thread-1] INFO  server.RaftServerConfigKeys (ConfUtils.java:logGet(43)) - raft.server.rpc.timeout.min = 1s (custom)
2019-11-15 00:57:25,172 [pool-239-thread-1] INFO  server.RaftServerConfigKeys (ConfUtils.java:logGet(43)) - raft.server.rpc.timeout.max = 1200ms (custom)
2019-11-15 00:57:25,173 [pool-239-thread-1] INFO  server.RaftServerConfigKeys (ConfUtils.java:logGet(43)) - raft.server.rpcslowness.timeout = 120s (custom)
2019-11-15 00:57:25,173 [pool-239-thread-1] INFO  server.RaftServerConfigKeys (ConfUtils.java:logGet(43)) - raft.server.sleep.deviation.threshold = 300 (default)
2019-11-15 00:57:25,173 [pool-239-thread-1] INFO  server.RaftServerConfigKeys (ConfUtils.java:logGet(43)) - raft.server.log.appender.install.snapshot.enabled = false (custom)
2019-11-15 00:57:25,173 [pool-239-thread-1] INFO  impl.RaftServerImpl (ServerState.java:<init>(103)) - 0bfc3546-5406-43b9-8d67-9a12bf5503d8@group-7EAD115034F9: ConfigurationManager, init=-1: [0bfc3546-5406-43b9-8d67-9a12bf5503d8:192.168.164.208:37596], old=null, confs=<EMPTY_MAP>
2019-11-15 00:57:25,173 [pool-239-thread-1] INFO  server.RaftServerConfigKeys (ConfUtils.java:logGet(43)) - raft.server.storage.dir = [/workdir/hadoop-ozone/integration-test/target/test-dir/MiniOzoneClusterImpl-8fc52630-20fd-4955-97d1-2a2852f9ee58/datanode-9/data/ratis] (custom)
2019-11-15 00:57:25,173 [pool-239-thread-1] INFO  server.RaftServerConfigKeys (ConfUtils.java:logGet(43)) - raft.server.log.corruption.policy = EXCEPTION (default)
2019-11-15 00:57:25,173 [pool-239-thread-1] INFO  storage.RaftStorageDirectory (RaftStorageDirectory.java:analyzeStorage(246)) - The storage directory /workdir/hadoop-ozone/integration-test/target/test-dir/MiniOzoneClusterImpl-8fc52630-20fd-4955-97d1-2a2852f9ee58/datanode-9/data/ratis/c04539b9-0183-45e4-8995-7ead115034f9 does not exist. Creating ...
2019-11-15 00:57:25,253 [pool-239-thread-1] INFO  storage.RaftStorageDirectory (RaftStorageDirectory.java:tryLock(328)) - Lock on /workdir/hadoop-ozone/integration-test/target/test-dir/MiniOzoneClusterImpl-8fc52630-20fd-4955-97d1-2a2852f9ee58/datanode-9/data/ratis/c04539b9-0183-45e4-8995-7ead115034f9/in_use.lock acquired by nodename 16745@pr-hdds-2442-bxv5b-1523879440
2019-11-15 00:57:25,265 [pool-239-thread-1] INFO  storage.RaftStorage (RaftStorage.java:format(84)) - Storage directory /workdir/hadoop-ozone/integration-test/target/test-dir/MiniOzoneClusterImpl-8fc52630-20fd-4955-97d1-2a2852f9ee58/datanode-9/data/ratis/c04539b9-0183-45e4-8995-7ead115034f9 has been successfully formatted.
2019-11-15 00:57:25,266 [pool-239-thread-1] INFO  ratis.ContainerStateMachine (ContainerStateMachine.java:loadSnapshot(223)) - group-7EAD115034F9: The snapshot info is null. Setting the last applied indexto:(t:0, i:~)
2019-11-15 00:57:25,266 [pool-239-thread-1] INFO  server.RaftServerConfigKeys (ConfUtils.java:logGet(43)) - raft.server.notification.no-leader.timeout = 120s (custom)
2019-11-15 00:57:25,266 [pool-239-thread-1] INFO  server.RaftServerConfigKeys (ConfUtils.java:logGet(43)) - raft.server.log.use.memory = false (default)
2019-11-15 00:57:25,266 [pool-239-thread-1] INFO  server.RaftServerConfigKeys (ConfUtils.java:logGet(43)) - raft.server.log.purge.gap = 1000000 (custom)
2019-11-15 00:57:25,266 [pool-239-thread-1] INFO  server.RaftServerConfigKeys (ConfUtils.java:logGet(43)) - raft.server.log.appender.buffer.byte-limit = 33554432 (custom)
2019-11-15 00:57:25,266 [pool-239-thread-1] INFO  server.RaftServerConfigKeys (ConfUtils.java:logGet(43)) - raft.server.log.segment.size.max = 1048576 (custom)
2019-11-15 00:57:25,267 [pool-239-thread-1] INFO  server.RaftServerConfigKeys (ConfUtils.java:logGet(43)) - raft.server.log.segment.cache.num.max = 2 (custom)
2019-11-15 00:57:25,267 [pool-239-thread-1] INFO  segmented.SegmentedRaftLogWorker (SegmentedRaftLogWorker.java:<init>(173)) - new 0bfc3546-5406-43b9-8d67-9a12bf5503d8@group-7EAD115034F9-SegmentedRaftLogWorker for RaftStorage:Storage Directory /workdir/hadoop-ozone/integration-test/target/test-dir/MiniOzoneClusterImpl-8fc52630-20fd-4955-97d1-2a2852f9ee58/datanode-9/data/ratis/c04539b9-0183-45e4-8995-7ead115034f9
2019-11-15 00:57:25,267 [pool-239-thread-1] INFO  server.RaftServerConfigKeys (ConfUtils.java:logGet(43)) - raft.server.log.queue.byte-limit = 2147483647 (custom)
2019-11-15 00:57:25,267 [pool-239-thread-1] INFO  server.RaftServerConfigKeys (ConfUtils.java:logGet(43)) - raft.server.log.queue.element-limit = 1024 (custom)
2019-11-15 00:57:25,267 [pool-239-thread-1] INFO  server.RaftServerConfigKeys (ConfUtils.java:logGet(43)) - raft.server.log.segment.size.max = 1048576 (custom)
2019-11-15 00:57:25,267 [pool-239-thread-1] INFO  server.RaftServerConfigKeys (ConfUtils.java:logGet(43)) - raft.server.log.preallocated.size = 16384 (custom)
2019-11-15 00:57:25,267 [pool-239-thread-1] INFO  server.RaftServerConfigKeys (ConfUtils.java:logGet(43)) - raft.server.log.write.buffer.size = 33554432 (custom)
2019-11-15 00:57:25,267 [pool-239-thread-1] INFO  server.RaftServerConfigKeys (ConfUtils.java:logGet(43)) - raft.server.log.force.sync.num = 128 (default)
2019-11-15 00:57:25,267 [pool-239-thread-1] INFO  server.RaftServerConfigKeys (ConfUtils.java:logGet(43)) - raft.server.log.statemachine.data.sync = true (default)
2019-11-15 00:57:25,268 [pool-239-thread-1] INFO  server.RaftServerConfigKeys (ConfUtils.java:logGet(43)) - raft.server.log.statemachine.data.sync.timeout = 10s (default)
2019-11-15 00:57:25,268 [pool-239-thread-1] INFO  server.RaftServerConfigKeys (ConfUtils.java:logGet(43)) - raft.server.log.statemachine.data.sync.timeout.retry = -1 (default)
2019-11-15 00:57:25,268 [pool-239-thread-1] INFO  server.RaftServerConfigKeys (ConfUtils.java:logGet(43)) - raft.server.log.statemachine.data.caching.enabled = true (custom)
2019-11-15 00:57:25,268 [pool-239-thread-1] INFO  segmented.SegmentedRaftLogWorker (SegmentedRaftLogWorker.java:lambda$new$0(128)) - 0bfc3546-5406-43b9-8d67-9a12bf5503d8@group-7EAD115034F9-SegmentedRaftLogWorker: flushIndex: setUnconditionally 0 -> -1
2019-11-15 00:57:25,269 [pool-239-thread-1] INFO  server.RaftServerConfigKeys (ConfUtils.java:logGet(43)) - raft.server.snapshot.auto.trigger.enabled = true (custom)
2019-11-15 00:57:25,269 [pool-239-thread-1] INFO  server.RaftServerConfigKeys (ConfUtils.java:logGet(43)) - raft.server.snapshot.auto.trigger.threshold = 10000 (custom)
2019-11-15 00:57:25,269 [pool-239-thread-1] INFO  server.RaftServerConfigKeys (ConfUtils.java:logGet(43)) - raft.server.snapshot.retention.file.num = 5 (custom)
2019-11-15 00:57:25,269 [pool-239-thread-1] INFO  server.RaftServerConfigKeys (ConfUtils.java:logGet(43)) - raft.server.retrycache.expirytime = 600000ms (custom)
2019-11-15 00:57:25,269 [pool-239-thread-1] WARN  impl.MetricRegistriesImpl (MetricRegistriesImpl.java:lambda$create$1(61)) - First MetricRegistry has been created without registering reporters. You may need to call MetricRegistries.global().addReportRegistration(...) before.
2019-11-15 00:57:25,269 [pool-239-thread-1] WARN  impl.MetricRegistriesImpl (MetricRegistriesImpl.java:lambda$create$1(61)) - First MetricRegistry has been created without registering reporters. You may need to call MetricRegistries.global().addReportRegistration(...) before.
2019-11-15 00:57:25,269 [pool-239-thread-1] INFO  impl.RaftServerImpl (RaftServerImpl.java:start(184)) - 0bfc3546-5406-43b9-8d67-9a12bf5503d8@group-7EAD115034F9: start as a follower, conf=-1: [0bfc3546-5406-43b9-8d67-9a12bf5503d8:192.168.164.208:37596], old=null
2019-11-15 00:57:25,270 [pool-239-thread-1] INFO  impl.RaftServerImpl (RaftServerImpl.java:setRole(173)) - 0bfc3546-5406-43b9-8d67-9a12bf5503d8@group-7EAD115034F9: changes role from      null to FOLLOWER at term 0 for startAsFollower
2019-11-15 00:57:25,270 [pool-239-thread-1] INFO  impl.RoleInfo (RoleInfo.java:updateAndGet(143)) - 0bfc3546-5406-43b9-8d67-9a12bf5503d8: start FollowerState
2019-11-15 00:57:25,270 [pool-239-thread-1] INFO  util.JmxRegister (JmxRegister.java:tryRegister(44)) - Successfully registered JMX Bean with object name Ratis:service=RaftServer,group=group-7EAD115034F9,id=0bfc3546-5406-43b9-8d67-9a12bf5503d8
2019-11-15 00:57:25,270 [pool-239-thread-1] WARN  impl.MetricRegistriesImpl (MetricRegistriesImpl.java:lambda$create$1(61)) - First MetricRegistry has been created without registering reporters. You may need to call MetricRegistries.global().addReportRegistration(...) before.
2019-11-15 00:57:25,273 [RatisPipelineUtilsThread] INFO  pipeline.PipelineStateManager (PipelineStateManager.java:addPipeline(55)) - Created pipeline Pipeline[ Id: c04539b9-0183-45e4-8995-7ead115034f9, Nodes: 0bfc3546-5406-43b9-8d67-9a12bf5503d8{ip: 192.168.164.208, host: pr-hdds-2442-bxv5b-1523879440, networkLocation: /rack1, certSerialId: null}, Type:RATIS, Factor:ONE, State:ALLOCATED]
2019-11-15 00:57:25,276 [Thread-1309] INFO  pipeline.PipelineStateManager (PipelineStateManager.java:finalizePipeline(121)) - Pipeline Pipeline[ Id: 90bf92a0-ffa1-4422-8abe-f736be448a28, Nodes: 8692cc3a-c5e2-4bd5-b878-b8217203f52e{ip: 192.168.164.208, host: pr-hdds-2442-bxv5b-1523879440, networkLocation: /rack1, certSerialId: null}, Type:RATIS, Factor:ONE, State:CLOSED] moved to CLOSED state
2019-11-15 00:57:25,281 [grpc-default-executor-2] INFO  impl.RaftServerProxy (RaftServerProxy.java:remove(95)) - 8692cc3a-c5e2-4bd5-b878-b8217203f52e: remove    LEADER 8692cc3a-c5e2-4bd5-b878-b8217203f52e@group-F736BE448A28:t1, leader=8692cc3a-c5e2-4bd5-b878-b8217203f52e, voted=8692cc3a-c5e2-4bd5-b878-b8217203f52e, raftlog=8692cc3a-c5e2-4bd5-b878-b8217203f52e@group-F736BE448A28-SegmentedRaftLog:OPENED:c0,f0,i0, conf=0: [8692cc3a-c5e2-4bd5-b878-b8217203f52e:192.168.164.208:45622], old=null RUNNING
2019-11-15 00:57:25,281 [grpc-default-executor-2] INFO  impl.RaftServerImpl (RaftServerImpl.java:lambda$shutdown$3(250)) - 8692cc3a-c5e2-4bd5-b878-b8217203f52e@group-F736BE448A28: shutdown
2019-11-15 00:57:25,282 [grpc-default-executor-2] INFO  util.JmxRegister (JmxRegister.java:unregister(73)) - Successfully un-registered JMX Bean with object name Ratis:service=RaftServer,group=group-F736BE448A28,id=8692cc3a-c5e2-4bd5-b878-b8217203f52e
2019-11-15 00:57:25,282 [grpc-default-executor-2] INFO  impl.RoleInfo (RoleInfo.java:shutdownLeaderState(104)) - 8692cc3a-c5e2-4bd5-b878-b8217203f52e: shutdown LeaderState
2019-11-15 00:57:25,282 [grpc-default-executor-2] INFO  impl.PendingRequests (PendingRequests.java:sendNotLeaderResponses(206)) - 8692cc3a-c5e2-4bd5-b878-b8217203f52e@group-F736BE448A28-PendingRequests: sendNotLeaderResponses
2019-11-15 00:57:25,283 [grpc-default-executor-2] INFO  impl.StateMachineUpdater (StateMachineUpdater.java:stopAndJoin(136)) - 8692cc3a-c5e2-4bd5-b878-b8217203f52e@group-F736BE448A28-StateMachineUpdater: set stopIndex = 0
2019-11-15 00:57:25,283 [grpc-default-executor-2] INFO  impl.RaftServerImpl (ServerState.java:close(387)) - 8692cc3a-c5e2-4bd5-b878-b8217203f52e@group-F736BE448A28: closes. applyIndex: 0
2019-11-15 00:57:25,283 [8692cc3a-c5e2-4bd5-b878-b8217203f52e@group-F736BE448A28-SegmentedRaftLogWorker] INFO  segmented.SegmentedRaftLogWorker (SegmentedRaftLogWorker.java:run(316)) - 8692cc3a-c5e2-4bd5-b878-b8217203f52e@group-F736BE448A28-SegmentedRaftLogWorker was interrupted, exiting. There are 0 tasks remaining in the queue.
2019-11-15 00:57:25,283 [grpc-default-executor-2] INFO  segmented.SegmentedRaftLogWorker (SegmentedRaftLogWorker.java:close(224)) - 8692cc3a-c5e2-4bd5-b878-b8217203f52e@group-F736BE448A28-SegmentedRaftLogWorker close()
2019-11-15 00:57:25,288 [Thread-1309] INFO  pipeline.PipelineStateManager (PipelineStateManager.java:removePipeline(106)) - Pipeline Pipeline[ Id: 90bf92a0-ffa1-4422-8abe-f736be448a28, Nodes: 8692cc3a-c5e2-4bd5-b878-b8217203f52e{ip: 192.168.164.208, host: pr-hdds-2442-bxv5b-1523879440, networkLocation: /rack1, certSerialId: null}, Type:RATIS, Factor:ONE, State:CLOSED] removed from db
2019-11-15 00:57:25,288 [Thread-1309] INFO  pipeline.SCMPipelineManager (SCMPipelineManager.java:finalizeAndDestroyPipeline(315)) - destroying pipeline:Pipeline[ Id: 2c8819cd-230a-4946-80cb-01305f8cabe6, Nodes: efbac357-ca4e-4ee4-91b4-c654bf02dfcf{ip: 192.168.164.208, host: pr-hdds-2442-bxv5b-1523879440, networkLocation: /rack1, certSerialId: null}8692cc3a-c5e2-4bd5-b878-b8217203f52e{ip: 192.168.164.208, host: pr-hdds-2442-bxv5b-1523879440, networkLocation: /rack1, certSerialId: null}0bfc3546-5406-43b9-8d67-9a12bf5503d8{ip: 192.168.164.208, host: pr-hdds-2442-bxv5b-1523879440, networkLocation: /rack1, certSerialId: null}, Type:RATIS, Factor:THREE, State:OPEN]
2019-11-15 00:57:25,293 [grpc-default-executor-2] INFO  impl.RaftServerProxy (RaftServerProxy.java:addNew(89)) - 8692cc3a-c5e2-4bd5-b878-b8217203f52e: addNew group-1DD6D94E4861:[8692cc3a-c5e2-4bd5-b878-b8217203f52e:192.168.164.208:45622] returns group-1DD6D94E4861:java.util.concurrent.CompletableFuture@30a85d68[Not completed]
2019-11-15 00:57:25,294 [pool-229-thread-1] INFO  impl.RaftServerImpl (RaftServerImpl.java:<init>(98)) - 8692cc3a-c5e2-4bd5-b878-b8217203f52e: new RaftServerImpl for group-1DD6D94E4861:[8692cc3a-c5e2-4bd5-b878-b8217203f52e:192.168.164.208:45622] with ContainerStateMachine:uninitialized
2019-11-15 00:57:25,295 [pool-229-thread-1] INFO  server.RaftServerConfigKeys (ConfUtils.java:logGet(43)) - raft.server.rpc.timeout.min = 1s (custom)
2019-11-15 00:57:25,295 [pool-229-thread-1] INFO  server.RaftServerConfigKeys (ConfUtils.java:logGet(43)) - raft.server.rpc.timeout.max = 1200ms (custom)
2019-11-15 00:57:25,296 [pool-229-thread-1] INFO  server.RaftServerConfigKeys (ConfUtils.java:logGet(43)) - raft.server.rpcslowness.timeout = 120s (custom)
2019-11-15 00:57:25,296 [pool-229-thread-1] INFO  server.RaftServerConfigKeys (ConfUtils.java:logGet(43)) - raft.server.sleep.deviation.threshold = 300 (default)
2019-11-15 00:57:25,296 [pool-229-thread-1] INFO  server.RaftServerConfigKeys (ConfUtils.java:logGet(43)) - raft.server.log.appender.install.snapshot.enabled = false (custom)
2019-11-15 00:57:25,296 [pool-229-thread-1] INFO  impl.RaftServerImpl (ServerState.java:<init>(103)) - 8692cc3a-c5e2-4bd5-b878-b8217203f52e@group-1DD6D94E4861: ConfigurationManager, init=-1: [8692cc3a-c5e2-4bd5-b878-b8217203f52e:192.168.164.208:45622], old=null, confs=<EMPTY_MAP>
2019-11-15 00:57:25,296 [pool-229-thread-1] INFO  server.RaftServerConfigKeys (ConfUtils.java:logGet(43)) - raft.server.storage.dir = [/workdir/hadoop-ozone/integration-test/target/test-dir/MiniOzoneClusterImpl-8fc52630-20fd-4955-97d1-2a2852f9ee58/datanode-8/data/ratis] (custom)
2019-11-15 00:57:25,296 [pool-229-thread-1] INFO  server.RaftServerConfigKeys (ConfUtils.java:logGet(43)) - raft.server.log.corruption.policy = EXCEPTION (default)
2019-11-15 00:57:25,296 [pool-229-thread-1] INFO  storage.RaftStorageDirectory (RaftStorageDirectory.java:analyzeStorage(246)) - The storage directory /workdir/hadoop-ozone/integration-test/target/test-dir/MiniOzoneClusterImpl-8fc52630-20fd-4955-97d1-2a2852f9ee58/datanode-8/data/ratis/1d9e048d-18bf-4ed0-934b-1dd6d94e4861 does not exist. Creating ...
2019-11-15 00:57:25,302 [pool-229-thread-1] INFO  storage.RaftStorageDirectory (RaftStorageDirectory.java:tryLock(328)) - Lock on /workdir/hadoop-ozone/integration-test/target/test-dir/MiniOzoneClusterImpl-8fc52630-20fd-4955-97d1-2a2852f9ee58/datanode-8/data/ratis/1d9e048d-18bf-4ed0-934b-1dd6d94e4861/in_use.lock acquired by nodename 16745@pr-hdds-2442-bxv5b-1523879440
2019-11-15 00:57:25,315 [pool-229-thread-1] INFO  storage.RaftStorage (RaftStorage.java:format(84)) - Storage directory /workdir/hadoop-ozone/integration-test/target/test-dir/MiniOzoneClusterImpl-8fc52630-20fd-4955-97d1-2a2852f9ee58/datanode-8/data/ratis/1d9e048d-18bf-4ed0-934b-1dd6d94e4861 has been successfully formatted.
2019-11-15 00:57:25,315 [pool-229-thread-1] INFO  ratis.ContainerStateMachine (ContainerStateMachine.java:loadSnapshot(223)) - group-1DD6D94E4861: The snapshot info is null. Setting the last applied indexto:(t:0, i:~)
2019-11-15 00:57:25,315 [pool-229-thread-1] INFO  server.RaftServerConfigKeys (ConfUtils.java:logGet(43)) - raft.server.notification.no-leader.timeout = 120s (custom)
2019-11-15 00:57:25,315 [pool-229-thread-1] INFO  server.RaftServerConfigKeys (ConfUtils.java:logGet(43)) - raft.server.log.use.memory = false (default)
2019-11-15 00:57:25,315 [pool-229-thread-1] INFO  server.RaftServerConfigKeys (ConfUtils.java:logGet(43)) - raft.server.log.purge.gap = 1000000 (custom)
2019-11-15 00:57:25,316 [pool-229-thread-1] INFO  server.RaftServerConfigKeys (ConfUtils.java:logGet(43)) - raft.server.log.appender.buffer.byte-limit = 33554432 (custom)
2019-11-15 00:57:25,316 [pool-229-thread-1] INFO  server.RaftServerConfigKeys (ConfUtils.java:logGet(43)) - raft.server.log.segment.size.max = 1048576 (custom)
2019-11-15 00:57:25,316 [pool-229-thread-1] INFO  server.RaftServerConfigKeys (ConfUtils.java:logGet(43)) - raft.server.log.segment.cache.num.max = 2 (custom)
2019-11-15 00:57:25,316 [pool-229-thread-1] INFO  segmented.SegmentedRaftLogWorker (SegmentedRaftLogWorker.java:<init>(173)) - new 8692cc3a-c5e2-4bd5-b878-b8217203f52e@group-1DD6D94E4861-SegmentedRaftLogWorker for RaftStorage:Storage Directory /workdir/hadoop-ozone/integration-test/target/test-dir/MiniOzoneClusterImpl-8fc52630-20fd-4955-97d1-2a2852f9ee58/datanode-8/data/ratis/1d9e048d-18bf-4ed0-934b-1dd6d94e4861
2019-11-15 00:57:25,316 [pool-229-thread-1] INFO  server.RaftServerConfigKeys (ConfUtils.java:logGet(43)) - raft.server.log.queue.byte-limit = 2147483647 (custom)
2019-11-15 00:57:25,316 [pool-229-thread-1] INFO  server.RaftServerConfigKeys (ConfUtils.java:logGet(43)) - raft.server.log.queue.element-limit = 1024 (custom)
2019-11-15 00:57:25,316 [pool-229-thread-1] INFO  server.RaftServerConfigKeys (ConfUtils.java:logGet(43)) - raft.server.log.segment.size.max = 1048576 (custom)
2019-11-15 00:57:25,316 [pool-229-thread-1] INFO  server.RaftServerConfigKeys (ConfUtils.java:logGet(43)) - raft.server.log.preallocated.size = 16384 (custom)
2019-11-15 00:57:25,316 [pool-229-thread-1] INFO  server.RaftServerConfigKeys (ConfUtils.java:logGet(43)) - raft.server.log.write.buffer.size = 33554432 (custom)
2019-11-15 00:57:25,317 [pool-229-thread-1] INFO  server.RaftServerConfigKeys (ConfUtils.java:logGet(43)) - raft.server.log.force.sync.num = 128 (default)
2019-11-15 00:57:25,317 [pool-229-thread-1] INFO  server.RaftServerConfigKeys (ConfUtils.java:logGet(43)) - raft.server.log.statemachine.data.sync = true (default)
2019-11-15 00:57:25,317 [pool-229-thread-1] INFO  server.RaftServerConfigKeys (ConfUtils.java:logGet(43)) - raft.server.log.statemachine.data.sync.timeout = 10s (default)
2019-11-15 00:57:25,317 [pool-229-thread-1] INFO  server.RaftServerConfigKeys (ConfUtils.java:logGet(43)) - raft.server.log.statemachine.data.sync.timeout.retry = -1 (default)
2019-11-15 00:57:25,317 [pool-229-thread-1] INFO  server.RaftServerConfigKeys (ConfUtils.java:logGet(43)) - raft.server.log.statemachine.data.caching.enabled = true (custom)
2019-11-15 00:57:25,317 [pool-229-thread-1] INFO  segmented.SegmentedRaftLogWorker (SegmentedRaftLogWorker.java:lambda$new$0(128)) - 8692cc3a-c5e2-4bd5-b878-b8217203f52e@group-1DD6D94E4861-SegmentedRaftLogWorker: flushIndex: setUnconditionally 0 -> -1
2019-11-15 00:57:25,318 [pool-229-thread-1] INFO  server.RaftServerConfigKeys (ConfUtils.java:logGet(43)) - raft.server.snapshot.auto.trigger.enabled = true (custom)
2019-11-15 00:57:25,318 [pool-229-thread-1] INFO  server.RaftServerConfigKeys (ConfUtils.java:logGet(43)) - raft.server.snapshot.auto.trigger.threshold = 10000 (custom)
2019-11-15 00:57:25,318 [pool-229-thread-1] INFO  server.RaftServerConfigKeys (ConfUtils.java:logGet(43)) - raft.server.snapshot.retention.file.num = 5 (custom)
2019-11-15 00:57:25,318 [pool-229-thread-1] INFO  server.RaftServerConfigKeys (ConfUtils.java:logGet(43)) - raft.server.retrycache.expirytime = 600000ms (custom)
2019-11-15 00:57:25,318 [pool-229-thread-1] WARN  impl.MetricRegistriesImpl (MetricRegistriesImpl.java:lambda$create$1(61)) - First MetricRegistry has been created without registering reporters. You may need to call MetricRegistries.global().addReportRegistration(...) before.
2019-11-15 00:57:25,318 [pool-229-thread-1] WARN  impl.MetricRegistriesImpl (MetricRegistriesImpl.java:lambda$create$1(61)) - First MetricRegistry has been created without registering reporters. You may need to call MetricRegistries.global().addReportRegistration(...) before.
2019-11-15 00:57:25,318 [pool-229-thread-1] INFO  impl.RaftServerImpl (RaftServerImpl.java:start(184)) - 8692cc3a-c5e2-4bd5-b878-b8217203f52e@group-1DD6D94E4861: start as a follower, conf=-1: [8692cc3a-c5e2-4bd5-b878-b8217203f52e:192.168.164.208:45622], old=null
2019-11-15 00:57:25,319 [pool-229-thread-1] INFO  impl.RaftServerImpl (RaftServerImpl.java:setRole(173)) - 8692cc3a-c5e2-4bd5-b878-b8217203f52e@group-1DD6D94E4861: changes role from      null to FOLLOWER at term 0 for startAsFollower
2019-11-15 00:57:25,319 [pool-229-thread-1] INFO  impl.RoleInfo (RoleInfo.java:updateAndGet(143)) - 8692cc3a-c5e2-4bd5-b878-b8217203f52e: start FollowerState
2019-11-15 00:57:25,319 [pool-229-thread-1] INFO  util.JmxRegister (JmxRegister.java:tryRegister(44)) - Successfully registered JMX Bean with object name Ratis:service=RaftServer,group=group-1DD6D94E4861,id=8692cc3a-c5e2-4bd5-b878-b8217203f52e
2019-11-15 00:57:25,319 [pool-229-thread-1] WARN  impl.MetricRegistriesImpl (MetricRegistriesImpl.java:lambda$create$1(61)) - First MetricRegistry has been created without registering reporters. You may need to call MetricRegistries.global().addReportRegistration(...) before.
2019-11-15 00:57:25,321 [RatisPipelineUtilsThread] INFO  pipeline.PipelineStateManager (PipelineStateManager.java:addPipeline(55)) - Created pipeline Pipeline[ Id: 1d9e048d-18bf-4ed0-934b-1dd6d94e4861, Nodes: 8692cc3a-c5e2-4bd5-b878-b8217203f52e{ip: 192.168.164.208, host: pr-hdds-2442-bxv5b-1523879440, networkLocation: /rack1, certSerialId: null}, Type:RATIS, Factor:ONE, State:ALLOCATED]
2019-11-15 00:57:25,323 [Thread-1309] INFO  pipeline.PipelineStateManager (PipelineStateManager.java:finalizePipeline(121)) - Pipeline Pipeline[ Id: 2c8819cd-230a-4946-80cb-01305f8cabe6, Nodes: efbac357-ca4e-4ee4-91b4-c654bf02dfcf{ip: 192.168.164.208, host: pr-hdds-2442-bxv5b-1523879440, networkLocation: /rack1, certSerialId: null}8692cc3a-c5e2-4bd5-b878-b8217203f52e{ip: 192.168.164.208, host: pr-hdds-2442-bxv5b-1523879440, networkLocation: /rack1, certSerialId: null}0bfc3546-5406-43b9-8d67-9a12bf5503d8{ip: 192.168.164.208, host: pr-hdds-2442-bxv5b-1523879440, networkLocation: /rack1, certSerialId: null}, Type:RATIS, Factor:THREE, State:CLOSED] moved to CLOSED state
2019-11-15 00:57:25,326 [grpc-default-executor-2] INFO  impl.RaftServerProxy (RaftServerProxy.java:remove(95)) - efbac357-ca4e-4ee4-91b4-c654bf02dfcf: remove    LEADER efbac357-ca4e-4ee4-91b4-c654bf02dfcf@group-01305F8CABE6:t1, leader=efbac357-ca4e-4ee4-91b4-c654bf02dfcf, voted=efbac357-ca4e-4ee4-91b4-c654bf02dfcf, raftlog=efbac357-ca4e-4ee4-91b4-c654bf02dfcf@group-01305F8CABE6-SegmentedRaftLog:OPENED:c4,f4,i4, conf=0: [0bfc3546-5406-43b9-8d67-9a12bf5503d8:192.168.164.208:37596, efbac357-ca4e-4ee4-91b4-c654bf02dfcf:192.168.164.208:33848, 8692cc3a-c5e2-4bd5-b878-b8217203f52e:192.168.164.208:45622], old=null RUNNING
2019-11-15 00:57:25,326 [grpc-default-executor-2] INFO  impl.RaftServerImpl (RaftServerImpl.java:lambda$shutdown$3(250)) - efbac357-ca4e-4ee4-91b4-c654bf02dfcf@group-01305F8CABE6: shutdown
2019-11-15 00:57:25,326 [grpc-default-executor-2] INFO  util.JmxRegister (JmxRegister.java:unregister(73)) - Successfully un-registered JMX Bean with object name Ratis:service=RaftServer,group=group-01305F8CABE6,id=efbac357-ca4e-4ee4-91b4-c654bf02dfcf
2019-11-15 00:57:25,327 [grpc-default-executor-2] INFO  impl.RoleInfo (RoleInfo.java:shutdownLeaderState(104)) - efbac357-ca4e-4ee4-91b4-c654bf02dfcf: shutdown LeaderState
2019-11-15 00:57:25,329 [grpc-default-executor-2] INFO  impl.PendingRequests (PendingRequests.java:sendNotLeaderResponses(206)) - efbac357-ca4e-4ee4-91b4-c654bf02dfcf@group-01305F8CABE6-PendingRequests: sendNotLeaderResponses
2019-11-15 00:57:25,329 [org.apache.ratis.server.impl.LogAppender$AppenderDaemon$$Lambda$466/1042245461@4b4889d0] WARN  server.GrpcLogAppender (GrpcLogAppender.java:mayWait(151)) - efbac357-ca4e-4ee4-91b4-c654bf02dfcf@group-01305F8CABE6->0bfc3546-5406-43b9-8d67-9a12bf5503d8-GrpcLogAppender: Wait interrupted by java.lang.InterruptedException
2019-11-15 00:57:25,329 [org.apache.ratis.server.impl.LogAppender$AppenderDaemon$$Lambda$466/1042245461@e4a0edd] WARN  server.GrpcLogAppender (GrpcLogAppender.java:mayWait(151)) - efbac357-ca4e-4ee4-91b4-c654bf02dfcf@group-01305F8CABE6->8692cc3a-c5e2-4bd5-b878-b8217203f52e-GrpcLogAppender: Wait interrupted by java.lang.InterruptedException
2019-11-15 00:57:25,334 [efbac357-ca4e-4ee4-91b4-c654bf02dfcf@group-01305F8CABE6-StateMachineUpdater] INFO  ratis.ContainerStateMachine (ContainerStateMachine.java:takeSnapshot(285)) - group-01305F8CABE6: Taking a snapshot at:(t:1, i:4) file /workdir/hadoop-ozone/integration-test/target/test-dir/MiniOzoneClusterImpl-8fc52630-20fd-4955-97d1-2a2852f9ee58/datanode-6/data/ratis/2c8819cd-230a-4946-80cb-01305f8cabe6/sm/snapshot.1_4
2019-11-15 00:57:25,334 [grpc-default-executor-2] INFO  impl.StateMachineUpdater (StateMachineUpdater.java:stopAndJoin(136)) - efbac357-ca4e-4ee4-91b4-c654bf02dfcf@group-01305F8CABE6-StateMachineUpdater: set stopIndex = 4
2019-11-15 00:57:25,334 [grpc-default-executor-0] INFO  server.GrpcServerProtocolService (GrpcServerProtocolService.java:onCompleted(113)) - 0bfc3546-5406-43b9-8d67-9a12bf5503d8: Completed APPEND_ENTRIES, lastRequest: efbac357-ca4e-4ee4-91b4-c654bf02dfcf->0bfc3546-5406-43b9-8d67-9a12bf5503d8#7-t1, previous=(t:1, i:4), leaderCommit=4, initializing? false, entries: <empty>
2019-11-15 00:57:25,334 [grpc-default-executor-5] INFO  server.GrpcServerProtocolService (GrpcServerProtocolService.java:onCompleted(113)) - 8692cc3a-c5e2-4bd5-b878-b8217203f52e: Completed APPEND_ENTRIES, lastRequest: efbac357-ca4e-4ee4-91b4-c654bf02dfcf->8692cc3a-c5e2-4bd5-b878-b8217203f52e#7-t1, previous=(t:1, i:4), leaderCommit=4, initializing? false, entries: <empty>
2019-11-15 00:57:25,335 [grpc-default-executor-5] INFO  server.GrpcLogAppender (GrpcLogAppender.java:onCompleted(308)) - efbac357-ca4e-4ee4-91b4-c654bf02dfcf@group-01305F8CABE6->0bfc3546-5406-43b9-8d67-9a12bf5503d8-AppendLogResponseHandler: follower responses appendEntries COMPLETED
2019-11-15 00:57:25,335 [grpc-default-executor-0] INFO  server.GrpcLogAppender (GrpcLogAppender.java:onCompleted(308)) - efbac357-ca4e-4ee4-91b4-c654bf02dfcf@group-01305F8CABE6->8692cc3a-c5e2-4bd5-b878-b8217203f52e-AppendLogResponseHandler: follower responses appendEntries COMPLETED
2019-11-15 00:57:25,335 [grpc-default-executor-5] INFO  impl.FollowerInfo (FollowerInfo.java:lambda$new$0(51)) - efbac357-ca4e-4ee4-91b4-c654bf02dfcf@group-01305F8CABE6->0bfc3546-5406-43b9-8d67-9a12bf5503d8: nextIndex: updateUnconditionally 5 -> 4
2019-11-15 00:57:25,335 [grpc-default-executor-0] INFO  impl.FollowerInfo (FollowerInfo.java:lambda$new$0(51)) - efbac357-ca4e-4ee4-91b4-c654bf02dfcf@group-01305F8CABE6->8692cc3a-c5e2-4bd5-b878-b8217203f52e: nextIndex: updateUnconditionally 5 -> 4
2019-11-15 00:57:25,346 [efbac357-ca4e-4ee4-91b4-c654bf02dfcf@group-01305F8CABE6-StateMachineUpdater] INFO  ratis.ContainerStateMachine (ContainerStateMachine.java:takeSnapshot(296)) - group-01305F8CABE6: Finished taking a snapshot at:(t:1, i:4) file:/workdir/hadoop-ozone/integration-test/target/test-dir/MiniOzoneClusterImpl-8fc52630-20fd-4955-97d1-2a2852f9ee58/datanode-6/data/ratis/2c8819cd-230a-4946-80cb-01305f8cabe6/sm/snapshot.1_4 time:12
2019-11-15 00:57:25,346 [efbac357-ca4e-4ee4-91b4-c654bf02dfcf@group-01305F8CABE6-StateMachineUpdater] INFO  impl.StateMachineUpdater (StateMachineUpdater.java:takeSnapshot(269)) - efbac357-ca4e-4ee4-91b4-c654bf02dfcf@group-01305F8CABE6-StateMachineUpdater: Took a snapshot at index 4
2019-11-15 00:57:25,346 [efbac357-ca4e-4ee4-91b4-c654bf02dfcf@group-01305F8CABE6-StateMachineUpdater] INFO  impl.StateMachineUpdater (StateMachineUpdater.java:lambda$new$0(84)) - efbac357-ca4e-4ee4-91b4-c654bf02dfcf@group-01305F8CABE6-StateMachineUpdater: snapshotIndex: updateIncreasingly -1 -> 4
2019-11-15 00:57:25,347 [grpc-default-executor-2] INFO  impl.RaftServerImpl (ServerState.java:close(387)) - efbac357-ca4e-4ee4-91b4-c654bf02dfcf@group-01305F8CABE6: closes. applyIndex: 4
2019-11-15 00:57:25,347 [efbac357-ca4e-4ee4-91b4-c654bf02dfcf@group-01305F8CABE6-SegmentedRaftLogWorker] INFO  segmented.SegmentedRaftLogWorker (SegmentedRaftLogWorker.java:run(316)) - efbac357-ca4e-4ee4-91b4-c654bf02dfcf@group-01305F8CABE6-SegmentedRaftLogWorker was interrupted, exiting. There are 0 tasks remaining in the queue.
2019-11-15 00:57:25,347 [grpc-default-executor-2] INFO  segmented.SegmentedRaftLogWorker (SegmentedRaftLogWorker.java:close(224)) - efbac357-ca4e-4ee4-91b4-c654bf02dfcf@group-01305F8CABE6-SegmentedRaftLogWorker close()
2019-11-15 00:57:25,369 [grpc-default-executor-2] INFO  interfaces.Container (KeyValueContainer.java:flushAndSyncDB(400)) - Container 1 is synced with bcsId 2.
2019-11-15 00:57:25,369 [grpc-default-executor-2] INFO  interfaces.Container (KeyValueContainer.java:flushAndSyncDB(400)) - Container 1 is synced with bcsId 2.
2019-11-15 00:57:25,383 [grpc-default-executor-2] INFO  impl.RaftServerProxy (RaftServerProxy.java:remove(95)) - 8692cc3a-c5e2-4bd5-b878-b8217203f52e: remove  FOLLOWER 8692cc3a-c5e2-4bd5-b878-b8217203f52e@group-01305F8CABE6:t1, leader=efbac357-ca4e-4ee4-91b4-c654bf02dfcf, voted=efbac357-ca4e-4ee4-91b4-c654bf02dfcf, raftlog=8692cc3a-c5e2-4bd5-b878-b8217203f52e@group-01305F8CABE6-SegmentedRaftLog:OPENED:c4,f4,i4, conf=0: [0bfc3546-5406-43b9-8d67-9a12bf5503d8:192.168.164.208:37596, efbac357-ca4e-4ee4-91b4-c654bf02dfcf:192.168.164.208:33848, 8692cc3a-c5e2-4bd5-b878-b8217203f52e:192.168.164.208:45622], old=null RUNNING
2019-11-15 00:57:25,383 [grpc-default-executor-2] INFO  impl.RaftServerImpl (RaftServerImpl.java:lambda$shutdown$3(250)) - 8692cc3a-c5e2-4bd5-b878-b8217203f52e@group-01305F8CABE6: shutdown
2019-11-15 00:57:25,383 [grpc-default-executor-2] INFO  util.JmxRegister (JmxRegister.java:unregister(73)) - Successfully un-registered JMX Bean with object name Ratis:service=RaftServer,group=group-01305F8CABE6,id=8692cc3a-c5e2-4bd5-b878-b8217203f52e
2019-11-15 00:57:25,386 [grpc-default-executor-2] INFO  impl.RoleInfo (RoleInfo.java:shutdownFollowerState(121)) - 8692cc3a-c5e2-4bd5-b878-b8217203f52e: shutdown FollowerState
2019-11-15 00:57:25,386 [grpc-default-executor-2] INFO  impl.StateMachineUpdater (StateMachineUpdater.java:stopAndJoin(136)) - 8692cc3a-c5e2-4bd5-b878-b8217203f52e@group-01305F8CABE6-StateMachineUpdater: set stopIndex = 4
2019-11-15 00:57:25,386 [EventQueue-IncrementalContainerReportForIncrementalContainerReportHandler] INFO  container.IncrementalContainerReportHandler (AbstractContainerReportHandler.java:updateContainerState(171)) - Moving container #1 to QUASI_CLOSED state, datanode efbac357-ca4e-4ee4-91b4-c654bf02dfcf{ip: 192.168.164.208, host: pr-hdds-2442-bxv5b-1523879440, networkLocation: /rack1, certSerialId: null} reported QUASI_CLOSED replica.
2019-11-15 00:57:25,386 [8692cc3a-c5e2-4bd5-b878-b8217203f52e@group-01305F8CABE6-StateMachineUpdater] INFO  ratis.ContainerStateMachine (ContainerStateMachine.java:takeSnapshot(285)) - group-01305F8CABE6: Taking a snapshot at:(t:1, i:2) file /workdir/hadoop-ozone/integration-test/target/test-dir/MiniOzoneClusterImpl-8fc52630-20fd-4955-97d1-2a2852f9ee58/datanode-8/data/ratis/2c8819cd-230a-4946-80cb-01305f8cabe6/sm/snapshot.1_2
2019-11-15 00:57:25,386 [Thread-1422] INFO  impl.FollowerState (FollowerState.java:run(120)) - 8692cc3a-c5e2-4bd5-b878-b8217203f52e@group-01305F8CABE6-FollowerState was interrupted: java.lang.InterruptedException: sleep interrupted
2019-11-15 00:57:25,394 [8692cc3a-c5e2-4bd5-b878-b8217203f52e@group-01305F8CABE6-StateMachineUpdater] INFO  ratis.ContainerStateMachine (ContainerStateMachine.java:takeSnapshot(296)) - group-01305F8CABE6: Finished taking a snapshot at:(t:1, i:2) file:/workdir/hadoop-ozone/integration-test/target/test-dir/MiniOzoneClusterImpl-8fc52630-20fd-4955-97d1-2a2852f9ee58/datanode-8/data/ratis/2c8819cd-230a-4946-80cb-01305f8cabe6/sm/snapshot.1_2 time:8
2019-11-15 00:57:25,395 [8692cc3a-c5e2-4bd5-b878-b8217203f52e@group-01305F8CABE6-StateMachineUpdater] INFO  impl.StateMachineUpdater (StateMachineUpdater.java:takeSnapshot(269)) - 8692cc3a-c5e2-4bd5-b878-b8217203f52e@group-01305F8CABE6-StateMachineUpdater: Took a snapshot at index 2
2019-11-15 00:57:25,395 [8692cc3a-c5e2-4bd5-b878-b8217203f52e@group-01305F8CABE6-StateMachineUpdater] INFO  impl.StateMachineUpdater (StateMachineUpdater.java:lambda$new$0(84)) - 8692cc3a-c5e2-4bd5-b878-b8217203f52e@group-01305F8CABE6-StateMachineUpdater: snapshotIndex: updateIncreasingly -1 -> 2
2019-11-15 00:57:25,395 [8692cc3a-c5e2-4bd5-b878-b8217203f52e@group-01305F8CABE6-StateMachineUpdater] INFO  ratis.ContainerStateMachine (ContainerStateMachine.java:takeSnapshot(285)) - group-01305F8CABE6: Taking a snapshot at:(t:1, i:2) file /workdir/hadoop-ozone/integration-test/target/test-dir/MiniOzoneClusterImpl-8fc52630-20fd-4955-97d1-2a2852f9ee58/datanode-8/data/ratis/2c8819cd-230a-4946-80cb-01305f8cabe6/sm/snapshot.1_2
2019-11-15 00:57:25,407 [8692cc3a-c5e2-4bd5-b878-b8217203f52e@group-01305F8CABE6-StateMachineUpdater] INFO  ratis.ContainerStateMachine (ContainerStateMachine.java:takeSnapshot(296)) - group-01305F8CABE6: Finished taking a snapshot at:(t:1, i:2) file:/workdir/hadoop-ozone/integration-test/target/test-dir/MiniOzoneClusterImpl-8fc52630-20fd-4955-97d1-2a2852f9ee58/datanode-8/data/ratis/2c8819cd-230a-4946-80cb-01305f8cabe6/sm/snapshot.1_2 time:13
2019-11-15 00:57:25,408 [8692cc3a-c5e2-4bd5-b878-b8217203f52e@group-01305F8CABE6-StateMachineUpdater] INFO  impl.StateMachineUpdater (StateMachineUpdater.java:takeSnapshot(269)) - 8692cc3a-c5e2-4bd5-b878-b8217203f52e@group-01305F8CABE6-StateMachineUpdater: Took a snapshot at index 2
2019-11-15 00:57:25,408 [8692cc3a-c5e2-4bd5-b878-b8217203f52e@group-01305F8CABE6-StateMachineUpdater] INFO  impl.StateMachineUpdater (StateMachineUpdater.java:lambda$new$0(84)) - 8692cc3a-c5e2-4bd5-b878-b8217203f52e@group-01305F8CABE6-StateMachineUpdater: snapshotIndex: updateIncreasingly 2 -> 2
2019-11-15 00:57:25,408 [grpc-default-executor-2] INFO  impl.RaftServerImpl (ServerState.java:close(387)) - 8692cc3a-c5e2-4bd5-b878-b8217203f52e@group-01305F8CABE6: closes. applyIndex: 4
2019-11-15 00:57:25,409 [8692cc3a-c5e2-4bd5-b878-b8217203f52e@group-01305F8CABE6-SegmentedRaftLogWorker] INFO  segmented.SegmentedRaftLogWorker (SegmentedRaftLogWorker.java:run(316)) - 8692cc3a-c5e2-4bd5-b878-b8217203f52e@group-01305F8CABE6-SegmentedRaftLogWorker was interrupted, exiting. There are 0 tasks remaining in the queue.
2019-11-15 00:57:25,409 [grpc-default-executor-2] INFO  segmented.SegmentedRaftLogWorker (SegmentedRaftLogWorker.java:close(224)) - 8692cc3a-c5e2-4bd5-b878-b8217203f52e@group-01305F8CABE6-SegmentedRaftLogWorker close()
2019-11-15 00:57:25,420 [grpc-default-executor-2] INFO  interfaces.Container (KeyValueContainer.java:flushAndSyncDB(400)) - Container 1 is synced with bcsId 2.
2019-11-15 00:57:25,420 [grpc-default-executor-2] INFO  interfaces.Container (KeyValueContainer.java:flushAndSyncDB(400)) - Container 1 is synced with bcsId 2.
2019-11-15 00:57:25,431 [grpc-default-executor-2] INFO  impl.RaftServerProxy (RaftServerProxy.java:remove(95)) - 0bfc3546-5406-43b9-8d67-9a12bf5503d8: remove  FOLLOWER 0bfc3546-5406-43b9-8d67-9a12bf5503d8@group-01305F8CABE6:t1, leader=efbac357-ca4e-4ee4-91b4-c654bf02dfcf, voted=efbac357-ca4e-4ee4-91b4-c654bf02dfcf, raftlog=0bfc3546-5406-43b9-8d67-9a12bf5503d8@group-01305F8CABE6-SegmentedRaftLog:OPENED:c4,f4,i4, conf=0: [0bfc3546-5406-43b9-8d67-9a12bf5503d8:192.168.164.208:37596, efbac357-ca4e-4ee4-91b4-c654bf02dfcf:192.168.164.208:33848, 8692cc3a-c5e2-4bd5-b878-b8217203f52e:192.168.164.208:45622], old=null RUNNING
2019-11-15 00:57:25,431 [grpc-default-executor-2] INFO  impl.RaftServerImpl (RaftServerImpl.java:lambda$shutdown$3(250)) - 0bfc3546-5406-43b9-8d67-9a12bf5503d8@group-01305F8CABE6: shutdown
2019-11-15 00:57:25,432 [grpc-default-executor-2] INFO  util.JmxRegister (JmxRegister.java:unregister(73)) - Successfully un-registered JMX Bean with object name Ratis:service=RaftServer,group=group-01305F8CABE6,id=0bfc3546-5406-43b9-8d67-9a12bf5503d8
2019-11-15 00:57:25,432 [grpc-default-executor-2] INFO  impl.RoleInfo (RoleInfo.java:shutdownFollowerState(121)) - 0bfc3546-5406-43b9-8d67-9a12bf5503d8: shutdown FollowerState
2019-11-15 00:57:25,432 [grpc-default-executor-2] INFO  impl.StateMachineUpdater (StateMachineUpdater.java:stopAndJoin(136)) - 0bfc3546-5406-43b9-8d67-9a12bf5503d8@group-01305F8CABE6-StateMachineUpdater: set stopIndex = 4
2019-11-15 00:57:25,432 [Thread-1421] INFO  impl.FollowerState (FollowerState.java:run(120)) - 0bfc3546-5406-43b9-8d67-9a12bf5503d8@group-01305F8CABE6-FollowerState was interrupted: java.lang.InterruptedException: sleep interrupted
2019-11-15 00:57:25,432 [0bfc3546-5406-43b9-8d67-9a12bf5503d8@group-01305F8CABE6-StateMachineUpdater] INFO  ratis.ContainerStateMachine (ContainerStateMachine.java:takeSnapshot(285)) - group-01305F8CABE6: Taking a snapshot at:(t:1, i:2) file /workdir/hadoop-ozone/integration-test/target/test-dir/MiniOzoneClusterImpl-8fc52630-20fd-4955-97d1-2a2852f9ee58/datanode-9/data/ratis/2c8819cd-230a-4946-80cb-01305f8cabe6/sm/snapshot.1_2
2019-11-15 00:57:25,440 [0bfc3546-5406-43b9-8d67-9a12bf5503d8@group-01305F8CABE6-StateMachineUpdater] INFO  ratis.ContainerStateMachine (ContainerStateMachine.java:takeSnapshot(296)) - group-01305F8CABE6: Finished taking a snapshot at:(t:1, i:2) file:/workdir/hadoop-ozone/integration-test/target/test-dir/MiniOzoneClusterImpl-8fc52630-20fd-4955-97d1-2a2852f9ee58/datanode-9/data/ratis/2c8819cd-230a-4946-80cb-01305f8cabe6/sm/snapshot.1_2 time:8
2019-11-15 00:57:25,440 [0bfc3546-5406-43b9-8d67-9a12bf5503d8@group-01305F8CABE6-StateMachineUpdater] INFO  impl.StateMachineUpdater (StateMachineUpdater.java:takeSnapshot(269)) - 0bfc3546-5406-43b9-8d67-9a12bf5503d8@group-01305F8CABE6-StateMachineUpdater: Took a snapshot at index 2
2019-11-15 00:57:25,440 [0bfc3546-5406-43b9-8d67-9a12bf5503d8@group-01305F8CABE6-StateMachineUpdater] INFO  impl.StateMachineUpdater (StateMachineUpdater.java:lambda$new$0(84)) - 0bfc3546-5406-43b9-8d67-9a12bf5503d8@group-01305F8CABE6-StateMachineUpdater: snapshotIndex: updateIncreasingly -1 -> 2
2019-11-15 00:57:25,440 [0bfc3546-5406-43b9-8d67-9a12bf5503d8@group-01305F8CABE6-StateMachineUpdater] INFO  ratis.ContainerStateMachine (ContainerStateMachine.java:takeSnapshot(285)) - group-01305F8CABE6: Taking a snapshot at:(t:1, i:2) file /workdir/hadoop-ozone/integration-test/target/test-dir/MiniOzoneClusterImpl-8fc52630-20fd-4955-97d1-2a2852f9ee58/datanode-9/data/ratis/2c8819cd-230a-4946-80cb-01305f8cabe6/sm/snapshot.1_2
2019-11-15 00:57:25,452 [0bfc3546-5406-43b9-8d67-9a12bf5503d8@group-01305F8CABE6-StateMachineUpdater] INFO  ratis.ContainerStateMachine (ContainerStateMachine.java:takeSnapshot(296)) - group-01305F8CABE6: Finished taking a snapshot at:(t:1, i:2) file:/workdir/hadoop-ozone/integration-test/target/test-dir/MiniOzoneClusterImpl-8fc52630-20fd-4955-97d1-2a2852f9ee58/datanode-9/data/ratis/2c8819cd-230a-4946-80cb-01305f8cabe6/sm/snapshot.1_2 time:12
2019-11-15 00:57:25,452 [0bfc3546-5406-43b9-8d67-9a12bf5503d8@group-01305F8CABE6-StateMachineUpdater] INFO  impl.StateMachineUpdater (StateMachineUpdater.java:takeSnapshot(269)) - 0bfc3546-5406-43b9-8d67-9a12bf5503d8@group-01305F8CABE6-StateMachineUpdater: Took a snapshot at index 2
2019-11-15 00:57:25,452 [0bfc3546-5406-43b9-8d67-9a12bf5503d8@group-01305F8CABE6-StateMachineUpdater] INFO  impl.StateMachineUpdater (StateMachineUpdater.java:lambda$new$0(84)) - 0bfc3546-5406-43b9-8d67-9a12bf5503d8@group-01305F8CABE6-StateMachineUpdater: snapshotIndex: updateIncreasingly 2 -> 2
2019-11-15 00:57:25,453 [grpc-default-executor-2] INFO  impl.RaftServerImpl (ServerState.java:close(387)) - 0bfc3546-5406-43b9-8d67-9a12bf5503d8@group-01305F8CABE6: closes. applyIndex: 4
2019-11-15 00:57:25,453 [0bfc3546-5406-43b9-8d67-9a12bf5503d8@group-01305F8CABE6-SegmentedRaftLogWorker] INFO  segmented.SegmentedRaftLogWorker (SegmentedRaftLogWorker.java:run(316)) - 0bfc3546-5406-43b9-8d67-9a12bf5503d8@group-01305F8CABE6-SegmentedRaftLogWorker was interrupted, exiting. There are 0 tasks remaining in the queue.
2019-11-15 00:57:25,453 [grpc-default-executor-2] INFO  segmented.SegmentedRaftLogWorker (SegmentedRaftLogWorker.java:close(224)) - 0bfc3546-5406-43b9-8d67-9a12bf5503d8@group-01305F8CABE6-SegmentedRaftLogWorker close()
2019-11-15 00:57:25,474 [grpc-default-executor-2] INFO  interfaces.Container (KeyValueContainer.java:flushAndSyncDB(400)) - Container 1 is synced with bcsId 2.
2019-11-15 00:57:25,475 [grpc-default-executor-2] INFO  interfaces.Container (KeyValueContainer.java:flushAndSyncDB(400)) - Container 1 is synced with bcsId 2.
2019-11-15 00:57:25,486 [Thread-1309] INFO  pipeline.PipelineStateManager (PipelineStateManager.java:removePipeline(106)) - Pipeline Pipeline[ Id: 2c8819cd-230a-4946-80cb-01305f8cabe6, Nodes: efbac357-ca4e-4ee4-91b4-c654bf02dfcf{ip: 192.168.164.208, host: pr-hdds-2442-bxv5b-1523879440, networkLocation: /rack1, certSerialId: null}8692cc3a-c5e2-4bd5-b878-b8217203f52e{ip: 192.168.164.208, host: pr-hdds-2442-bxv5b-1523879440, networkLocation: /rack1, certSerialId: null}0bfc3546-5406-43b9-8d67-9a12bf5503d8{ip: 192.168.164.208, host: pr-hdds-2442-bxv5b-1523879440, networkLocation: /rack1, certSerialId: null}, Type:RATIS, Factor:THREE, State:CLOSED] removed from db
2019-11-15 00:57:25,492 [grpc-default-executor-5] INFO  impl.RaftServerProxy (RaftServerProxy.java:addNew(89)) - efbac357-ca4e-4ee4-91b4-c654bf02dfcf: addNew group-5812CD6E2952:[0bfc3546-5406-43b9-8d67-9a12bf5503d8:192.168.164.208:37596, efbac357-ca4e-4ee4-91b4-c654bf02dfcf:192.168.164.208:33848, 8692cc3a-c5e2-4bd5-b878-b8217203f52e:192.168.164.208:45622] returns group-5812CD6E2952:java.util.concurrent.CompletableFuture@48f17384[Not completed]
2019-11-15 00:57:25,492 [grpc-default-executor-0] INFO  impl.RaftServerProxy (RaftServerProxy.java:addNew(89)) - 0bfc3546-5406-43b9-8d67-9a12bf5503d8: addNew group-5812CD6E2952:[0bfc3546-5406-43b9-8d67-9a12bf5503d8:192.168.164.208:37596, efbac357-ca4e-4ee4-91b4-c654bf02dfcf:192.168.164.208:33848, 8692cc3a-c5e2-4bd5-b878-b8217203f52e:192.168.164.208:45622] returns group-5812CD6E2952:java.util.concurrent.CompletableFuture@2716f425[Not completed]
2019-11-15 00:57:25,500 [grpc-default-executor-2] INFO  impl.RaftServerProxy (RaftServerProxy.java:addNew(89)) - 8692cc3a-c5e2-4bd5-b878-b8217203f52e: addNew group-5812CD6E2952:[0bfc3546-5406-43b9-8d67-9a12bf5503d8:192.168.164.208:37596, efbac357-ca4e-4ee4-91b4-c654bf02dfcf:192.168.164.208:33848, 8692cc3a-c5e2-4bd5-b878-b8217203f52e:192.168.164.208:45622] returns group-5812CD6E2952:java.util.concurrent.CompletableFuture@5209b811[Not completed]
2019-11-15 00:57:25,503 [pool-209-thread-1] INFO  impl.RaftServerImpl (RaftServerImpl.java:<init>(98)) - efbac357-ca4e-4ee4-91b4-c654bf02dfcf: new RaftServerImpl for group-5812CD6E2952:[0bfc3546-5406-43b9-8d67-9a12bf5503d8:192.168.164.208:37596, efbac357-ca4e-4ee4-91b4-c654bf02dfcf:192.168.164.208:33848, 8692cc3a-c5e2-4bd5-b878-b8217203f52e:192.168.164.208:45622] with ContainerStateMachine:uninitialized
2019-11-15 00:57:25,503 [pool-209-thread-1] INFO  server.RaftServerConfigKeys (ConfUtils.java:logGet(43)) - raft.server.rpc.timeout.min = 1s (custom)
2019-11-15 00:57:25,503 [pool-209-thread-1] INFO  server.RaftServerConfigKeys (ConfUtils.java:logGet(43)) - raft.server.rpc.timeout.max = 1200ms (custom)
2019-11-15 00:57:25,503 [pool-209-thread-1] INFO  server.RaftServerConfigKeys (ConfUtils.java:logGet(43)) - raft.server.rpcslowness.timeout = 120s (custom)
2019-11-15 00:57:25,504 [pool-209-thread-1] INFO  server.RaftServerConfigKeys (ConfUtils.java:logGet(43)) - raft.server.sleep.deviation.threshold = 300 (default)
2019-11-15 00:57:25,504 [pool-209-thread-1] INFO  server.RaftServerConfigKeys (ConfUtils.java:logGet(43)) - raft.server.log.appender.install.snapshot.enabled = false (custom)
2019-11-15 00:57:25,504 [pool-209-thread-1] INFO  impl.RaftServerImpl (ServerState.java:<init>(103)) - efbac357-ca4e-4ee4-91b4-c654bf02dfcf@group-5812CD6E2952: ConfigurationManager, init=-1: [0bfc3546-5406-43b9-8d67-9a12bf5503d8:192.168.164.208:37596, efbac357-ca4e-4ee4-91b4-c654bf02dfcf:192.168.164.208:33848, 8692cc3a-c5e2-4bd5-b878-b8217203f52e:192.168.164.208:45622], old=null, confs=<EMPTY_MAP>
2019-11-15 00:57:25,504 [pool-229-thread-1] INFO  impl.RaftServerImpl (RaftServerImpl.java:<init>(98)) - 8692cc3a-c5e2-4bd5-b878-b8217203f52e: new RaftServerImpl for group-5812CD6E2952:[0bfc3546-5406-43b9-8d67-9a12bf5503d8:192.168.164.208:37596, efbac357-ca4e-4ee4-91b4-c654bf02dfcf:192.168.164.208:33848, 8692cc3a-c5e2-4bd5-b878-b8217203f52e:192.168.164.208:45622] with ContainerStateMachine:uninitialized
2019-11-15 00:57:25,504 [pool-209-thread-1] INFO  server.RaftServerConfigKeys (ConfUtils.java:logGet(43)) - raft.server.storage.dir = [/workdir/hadoop-ozone/integration-test/target/test-dir/MiniOzoneClusterImpl-8fc52630-20fd-4955-97d1-2a2852f9ee58/datanode-6/data/ratis] (custom)
2019-11-15 00:57:25,504 [pool-229-thread-1] INFO  server.RaftServerConfigKeys (ConfUtils.java:logGet(43)) - raft.server.rpc.timeout.min = 1s (custom)
2019-11-15 00:57:25,504 [pool-229-thread-1] INFO  server.RaftServerConfigKeys (ConfUtils.java:logGet(43)) - raft.server.rpc.timeout.max = 1200ms (custom)
2019-11-15 00:57:25,505 [pool-209-thread-1] INFO  server.RaftServerConfigKeys (ConfUtils.java:logGet(43)) - raft.server.log.corruption.policy = EXCEPTION (default)
2019-11-15 00:57:25,505 [pool-229-thread-1] INFO  server.RaftServerConfigKeys (ConfUtils.java:logGet(43)) - raft.server.rpcslowness.timeout = 120s (custom)
2019-11-15 00:57:25,505 [pool-239-thread-1] INFO  impl.RaftServerImpl (RaftServerImpl.java:<init>(98)) - 0bfc3546-5406-43b9-8d67-9a12bf5503d8: new RaftServerImpl for group-5812CD6E2952:[0bfc3546-5406-43b9-8d67-9a12bf5503d8:192.168.164.208:37596, efbac357-ca4e-4ee4-91b4-c654bf02dfcf:192.168.164.208:33848, 8692cc3a-c5e2-4bd5-b878-b8217203f52e:192.168.164.208:45622] with ContainerStateMachine:uninitialized
2019-11-15 00:57:25,505 [pool-209-thread-1] INFO  storage.RaftStorageDirectory (RaftStorageDirectory.java:analyzeStorage(246)) - The storage directory /workdir/hadoop-ozone/integration-test/target/test-dir/MiniOzoneClusterImpl-8fc52630-20fd-4955-97d1-2a2852f9ee58/datanode-6/data/ratis/b23f0923-e2e3-4ddd-b768-5812cd6e2952 does not exist. Creating ...
2019-11-15 00:57:25,505 [pool-229-thread-1] INFO  server.RaftServerConfigKeys (ConfUtils.java:logGet(43)) - raft.server.sleep.deviation.threshold = 300 (default)
2019-11-15 00:57:25,505 [pool-239-thread-1] INFO  server.RaftServerConfigKeys (ConfUtils.java:logGet(43)) - raft.server.rpc.timeout.min = 1s (custom)
2019-11-15 00:57:25,505 [pool-229-thread-1] INFO  server.RaftServerConfigKeys (ConfUtils.java:logGet(43)) - raft.server.log.appender.install.snapshot.enabled = false (custom)
2019-11-15 00:57:25,505 [pool-239-thread-1] INFO  server.RaftServerConfigKeys (ConfUtils.java:logGet(43)) - raft.server.rpc.timeout.max = 1200ms (custom)
2019-11-15 00:57:25,505 [pool-229-thread-1] INFO  impl.RaftServerImpl (ServerState.java:<init>(103)) - 8692cc3a-c5e2-4bd5-b878-b8217203f52e@group-5812CD6E2952: ConfigurationManager, init=-1: [0bfc3546-5406-43b9-8d67-9a12bf5503d8:192.168.164.208:37596, efbac357-ca4e-4ee4-91b4-c654bf02dfcf:192.168.164.208:33848, 8692cc3a-c5e2-4bd5-b878-b8217203f52e:192.168.164.208:45622], old=null, confs=<EMPTY_MAP>
2019-11-15 00:57:25,505 [pool-239-thread-1] INFO  server.RaftServerConfigKeys (ConfUtils.java:logGet(43)) - raft.server.rpcslowness.timeout = 120s (custom)
2019-11-15 00:57:25,506 [pool-229-thread-1] INFO  server.RaftServerConfigKeys (ConfUtils.java:logGet(43)) - raft.server.storage.dir = [/workdir/hadoop-ozone/integration-test/target/test-dir/MiniOzoneClusterImpl-8fc52630-20fd-4955-97d1-2a2852f9ee58/datanode-8/data/ratis] (custom)
2019-11-15 00:57:25,506 [pool-239-thread-1] INFO  server.RaftServerConfigKeys (ConfUtils.java:logGet(43)) - raft.server.sleep.deviation.threshold = 300 (default)
2019-11-15 00:57:25,506 [pool-239-thread-1] INFO  server.RaftServerConfigKeys (ConfUtils.java:logGet(43)) - raft.server.log.appender.install.snapshot.enabled = false (custom)
2019-11-15 00:57:25,506 [pool-229-thread-1] INFO  server.RaftServerConfigKeys (ConfUtils.java:logGet(43)) - raft.server.log.corruption.policy = EXCEPTION (default)
2019-11-15 00:57:25,506 [pool-239-thread-1] INFO  impl.RaftServerImpl (ServerState.java:<init>(103)) - 0bfc3546-5406-43b9-8d67-9a12bf5503d8@group-5812CD6E2952: ConfigurationManager, init=-1: [0bfc3546-5406-43b9-8d67-9a12bf5503d8:192.168.164.208:37596, efbac357-ca4e-4ee4-91b4-c654bf02dfcf:192.168.164.208:33848, 8692cc3a-c5e2-4bd5-b878-b8217203f52e:192.168.164.208:45622], old=null, confs=<EMPTY_MAP>
2019-11-15 00:57:25,506 [pool-229-thread-1] INFO  storage.RaftStorageDirectory (RaftStorageDirectory.java:analyzeStorage(246)) - The storage directory /workdir/hadoop-ozone/integration-test/target/test-dir/MiniOzoneClusterImpl-8fc52630-20fd-4955-97d1-2a2852f9ee58/datanode-8/data/ratis/b23f0923-e2e3-4ddd-b768-5812cd6e2952 does not exist. Creating ...
2019-11-15 00:57:25,506 [pool-239-thread-1] INFO  server.RaftServerConfigKeys (ConfUtils.java:logGet(43)) - raft.server.storage.dir = [/workdir/hadoop-ozone/integration-test/target/test-dir/MiniOzoneClusterImpl-8fc52630-20fd-4955-97d1-2a2852f9ee58/datanode-9/data/ratis] (custom)
2019-11-15 00:57:25,506 [pool-239-thread-1] INFO  server.RaftServerConfigKeys (ConfUtils.java:logGet(43)) - raft.server.log.corruption.policy = EXCEPTION (default)
2019-11-15 00:57:25,507 [pool-239-thread-1] INFO  storage.RaftStorageDirectory (RaftStorageDirectory.java:analyzeStorage(246)) - The storage directory /workdir/hadoop-ozone/integration-test/target/test-dir/MiniOzoneClusterImpl-8fc52630-20fd-4955-97d1-2a2852f9ee58/datanode-9/data/ratis/b23f0923-e2e3-4ddd-b768-5812cd6e2952 does not exist. Creating ...
2019-11-15 00:57:25,522 [pool-229-thread-1] INFO  storage.RaftStorageDirectory (RaftStorageDirectory.java:tryLock(328)) - Lock on /workdir/hadoop-ozone/integration-test/target/test-dir/MiniOzoneClusterImpl-8fc52630-20fd-4955-97d1-2a2852f9ee58/datanode-8/data/ratis/b23f0923-e2e3-4ddd-b768-5812cd6e2952/in_use.lock acquired by nodename 16745@pr-hdds-2442-bxv5b-1523879440
2019-11-15 00:57:25,522 [pool-209-thread-1] INFO  storage.RaftStorageDirectory (RaftStorageDirectory.java:tryLock(328)) - Lock on /workdir/hadoop-ozone/integration-test/target/test-dir/MiniOzoneClusterImpl-8fc52630-20fd-4955-97d1-2a2852f9ee58/datanode-6/data/ratis/b23f0923-e2e3-4ddd-b768-5812cd6e2952/in_use.lock acquired by nodename 16745@pr-hdds-2442-bxv5b-1523879440
2019-11-15 00:57:25,522 [pool-239-thread-1] INFO  storage.RaftStorageDirectory (RaftStorageDirectory.java:tryLock(328)) - Lock on /workdir/hadoop-ozone/integration-test/target/test-dir/MiniOzoneClusterImpl-8fc52630-20fd-4955-97d1-2a2852f9ee58/datanode-9/data/ratis/b23f0923-e2e3-4ddd-b768-5812cd6e2952/in_use.lock acquired by nodename 16745@pr-hdds-2442-bxv5b-1523879440
2019-11-15 00:57:25,536 [pool-229-thread-1] INFO  storage.RaftStorage (RaftStorage.java:format(84)) - Storage directory /workdir/hadoop-ozone/integration-test/target/test-dir/MiniOzoneClusterImpl-8fc52630-20fd-4955-97d1-2a2852f9ee58/datanode-8/data/ratis/b23f0923-e2e3-4ddd-b768-5812cd6e2952 has been successfully formatted.
2019-11-15 00:57:25,536 [pool-239-thread-1] INFO  storage.RaftStorage (RaftStorage.java:format(84)) - Storage directory /workdir/hadoop-ozone/integration-test/target/test-dir/MiniOzoneClusterImpl-8fc52630-20fd-4955-97d1-2a2852f9ee58/datanode-9/data/ratis/b23f0923-e2e3-4ddd-b768-5812cd6e2952 has been successfully formatted.
2019-11-15 00:57:25,536 [pool-209-thread-1] INFO  storage.RaftStorage (RaftStorage.java:format(84)) - Storage directory /workdir/hadoop-ozone/integration-test/target/test-dir/MiniOzoneClusterImpl-8fc52630-20fd-4955-97d1-2a2852f9ee58/datanode-6/data/ratis/b23f0923-e2e3-4ddd-b768-5812cd6e2952 has been successfully formatted.
2019-11-15 00:57:25,536 [pool-239-thread-1] INFO  ratis.ContainerStateMachine (ContainerStateMachine.java:loadSnapshot(223)) - group-5812CD6E2952: The snapshot info is null. Setting the last applied indexto:(t:0, i:~)
2019-11-15 00:57:25,536 [pool-229-thread-1] INFO  ratis.ContainerStateMachine (ContainerStateMachine.java:loadSnapshot(223)) - group-5812CD6E2952: The snapshot info is null. Setting the last applied indexto:(t:0, i:~)
2019-11-15 00:57:25,537 [pool-209-thread-1] INFO  ratis.ContainerStateMachine (ContainerStateMachine.java:loadSnapshot(223)) - group-5812CD6E2952: The snapshot info is null. Setting the last applied indexto:(t:0, i:~)
2019-11-15 00:57:25,537 [pool-239-thread-1] INFO  server.RaftServerConfigKeys (ConfUtils.java:logGet(43)) - raft.server.notification.no-leader.timeout = 120s (custom)
2019-11-15 00:57:25,537 [pool-209-thread-1] INFO  server.RaftServerConfigKeys (ConfUtils.java:logGet(43)) - raft.server.notification.no-leader.timeout = 120s (custom)
2019-11-15 00:57:25,537 [pool-229-thread-1] INFO  server.RaftServerConfigKeys (ConfUtils.java:logGet(43)) - raft.server.notification.no-leader.timeout = 120s (custom)
2019-11-15 00:57:25,537 [pool-209-thread-1] INFO  server.RaftServerConfigKeys (ConfUtils.java:logGet(43)) - raft.server.log.use.memory = false (default)
2019-11-15 00:57:25,537 [pool-239-thread-1] INFO  server.RaftServerConfigKeys (ConfUtils.java:logGet(43)) - raft.server.log.use.memory = false (default)
2019-11-15 00:57:25,537 [pool-209-thread-1] INFO  server.RaftServerConfigKeys (ConfUtils.java:logGet(43)) - raft.server.log.purge.gap = 1000000 (custom)
2019-11-15 00:57:25,537 [pool-229-thread-1] INFO  server.RaftServerConfigKeys (ConfUtils.java:logGet(43)) - raft.server.log.use.memory = false (default)
2019-11-15 00:57:25,538 [pool-209-thread-1] INFO  server.RaftServerConfigKeys (ConfUtils.java:logGet(43)) - raft.server.log.appender.buffer.byte-limit = 33554432 (custom)
2019-11-15 00:57:25,538 [pool-239-thread-1] INFO  server.RaftServerConfigKeys (ConfUtils.java:logGet(43)) - raft.server.log.purge.gap = 1000000 (custom)
2019-11-15 00:57:25,538 [pool-209-thread-1] INFO  server.RaftServerConfigKeys (ConfUtils.java:logGet(43)) - raft.server.log.segment.size.max = 1048576 (custom)
2019-11-15 00:57:25,538 [pool-229-thread-1] INFO  server.RaftServerConfigKeys (ConfUtils.java:logGet(43)) - raft.server.log.purge.gap = 1000000 (custom)
2019-11-15 00:57:25,538 [pool-209-thread-1] INFO  server.RaftServerConfigKeys (ConfUtils.java:logGet(43)) - raft.server.log.segment.cache.num.max = 2 (custom)
2019-11-15 00:57:25,538 [pool-239-thread-1] INFO  server.RaftServerConfigKeys (ConfUtils.java:logGet(43)) - raft.server.log.appender.buffer.byte-limit = 33554432 (custom)
2019-11-15 00:57:25,538 [pool-209-thread-1] INFO  segmented.SegmentedRaftLogWorker (SegmentedRaftLogWorker.java:<init>(173)) - new efbac357-ca4e-4ee4-91b4-c654bf02dfcf@group-5812CD6E2952-SegmentedRaftLogWorker for RaftStorage:Storage Directory /workdir/hadoop-ozone/integration-test/target/test-dir/MiniOzoneClusterImpl-8fc52630-20fd-4955-97d1-2a2852f9ee58/datanode-6/data/ratis/b23f0923-e2e3-4ddd-b768-5812cd6e2952
2019-11-15 00:57:25,538 [pool-229-thread-1] INFO  server.RaftServerConfigKeys (ConfUtils.java:logGet(43)) - raft.server.log.appender.buffer.byte-limit = 33554432 (custom)
2019-11-15 00:57:25,538 [pool-209-thread-1] INFO  server.RaftServerConfigKeys (ConfUtils.java:logGet(43)) - raft.server.log.queue.byte-limit = 2147483647 (custom)
2019-11-15 00:57:25,538 [pool-239-thread-1] INFO  server.RaftServerConfigKeys (ConfUtils.java:logGet(43)) - raft.server.log.segment.size.max = 1048576 (custom)
2019-11-15 00:57:25,539 [pool-209-thread-1] INFO  server.RaftServerConfigKeys (ConfUtils.java:logGet(43)) - raft.server.log.queue.element-limit = 1024 (custom)
2019-11-15 00:57:25,538 [pool-229-thread-1] INFO  server.RaftServerConfigKeys (ConfUtils.java:logGet(43)) - raft.server.log.segment.size.max = 1048576 (custom)
2019-11-15 00:57:25,539 [pool-209-thread-1] INFO  server.RaftServerConfigKeys (ConfUtils.java:logGet(43)) - raft.server.log.segment.size.max = 1048576 (custom)
2019-11-15 00:57:25,539 [pool-239-thread-1] INFO  server.RaftServerConfigKeys (ConfUtils.java:logGet(43)) - raft.server.log.segment.cache.num.max = 2 (custom)
2019-11-15 00:57:25,539 [pool-209-thread-1] INFO  server.RaftServerConfigKeys (ConfUtils.java:logGet(43)) - raft.server.log.preallocated.size = 16384 (custom)
2019-11-15 00:57:25,539 [pool-229-thread-1] INFO  server.RaftServerConfigKeys (ConfUtils.java:logGet(43)) - raft.server.log.segment.cache.num.max = 2 (custom)
2019-11-15 00:57:25,539 [pool-209-thread-1] INFO  server.RaftServerConfigKeys (ConfUtils.java:logGet(43)) - raft.server.log.write.buffer.size = 33554432 (custom)
2019-11-15 00:57:25,539 [pool-239-thread-1] INFO  segmented.SegmentedRaftLogWorker (SegmentedRaftLogWorker.java:<init>(173)) - new 0bfc3546-5406-43b9-8d67-9a12bf5503d8@group-5812CD6E2952-SegmentedRaftLogWorker for RaftStorage:Storage Directory /workdir/hadoop-ozone/integration-test/target/test-dir/MiniOzoneClusterImpl-8fc52630-20fd-4955-97d1-2a2852f9ee58/datanode-9/data/ratis/b23f0923-e2e3-4ddd-b768-5812cd6e2952
2019-11-15 00:57:25,539 [pool-209-thread-1] INFO  server.RaftServerConfigKeys (ConfUtils.java:logGet(43)) - raft.server.log.force.sync.num = 128 (default)
2019-11-15 00:57:25,539 [pool-229-thread-1] INFO  segmented.SegmentedRaftLogWorker (SegmentedRaftLogWorker.java:<init>(173)) - new 8692cc3a-c5e2-4bd5-b878-b8217203f52e@group-5812CD6E2952-SegmentedRaftLogWorker for RaftStorage:Storage Directory /workdir/hadoop-ozone/integration-test/target/test-dir/MiniOzoneClusterImpl-8fc52630-20fd-4955-97d1-2a2852f9ee58/datanode-8/data/ratis/b23f0923-e2e3-4ddd-b768-5812cd6e2952
2019-11-15 00:57:25,539 [pool-209-thread-1] INFO  server.RaftServerConfigKeys (ConfUtils.java:logGet(43)) - raft.server.log.statemachine.data.sync = true (default)
2019-11-15 00:57:25,539 [pool-239-thread-1] INFO  server.RaftServerConfigKeys (ConfUtils.java:logGet(43)) - raft.server.log.queue.byte-limit = 2147483647 (custom)
2019-11-15 00:57:25,540 [pool-209-thread-1] INFO  server.RaftServerConfigKeys (ConfUtils.java:logGet(43)) - raft.server.log.statemachine.data.sync.timeout = 10s (default)
2019-11-15 00:57:25,540 [pool-229-thread-1] INFO  server.RaftServerConfigKeys (ConfUtils.java:logGet(43)) - raft.server.log.queue.byte-limit = 2147483647 (custom)
2019-11-15 00:57:25,540 [pool-209-thread-1] INFO  server.RaftServerConfigKeys (ConfUtils.java:logGet(43)) - raft.server.log.statemachine.data.sync.timeout.retry = -1 (default)
2019-11-15 00:57:25,540 [pool-239-thread-1] INFO  server.RaftServerConfigKeys (ConfUtils.java:logGet(43)) - raft.server.log.queue.element-limit = 1024 (custom)
2019-11-15 00:57:25,540 [pool-209-thread-1] INFO  server.RaftServerConfigKeys (ConfUtils.java:logGet(43)) - raft.server.log.statemachine.data.caching.enabled = true (custom)
2019-11-15 00:57:25,540 [pool-229-thread-1] INFO  server.RaftServerConfigKeys (ConfUtils.java:logGet(43)) - raft.server.log.queue.element-limit = 1024 (custom)
2019-11-15 00:57:25,540 [pool-239-thread-1] INFO  server.RaftServerConfigKeys (ConfUtils.java:logGet(43)) - raft.server.log.segment.size.max = 1048576 (custom)
2019-11-15 00:57:25,540 [pool-229-thread-1] INFO  server.RaftServerConfigKeys (ConfUtils.java:logGet(43)) - raft.server.log.segment.size.max = 1048576 (custom)
2019-11-15 00:57:25,540 [pool-209-thread-1] INFO  segmented.SegmentedRaftLogWorker (SegmentedRaftLogWorker.java:lambda$new$0(128)) - efbac357-ca4e-4ee4-91b4-c654bf02dfcf@group-5812CD6E2952-SegmentedRaftLogWorker: flushIndex: setUnconditionally 0 -> -1
2019-11-15 00:57:25,541 [pool-229-thread-1] INFO  server.RaftServerConfigKeys (ConfUtils.java:logGet(43)) - raft.server.log.preallocated.size = 16384 (custom)
2019-11-15 00:57:25,540 [pool-239-thread-1] INFO  server.RaftServerConfigKeys (ConfUtils.java:logGet(43)) - raft.server.log.preallocated.size = 16384 (custom)
2019-11-15 00:57:25,541 [pool-209-thread-1] INFO  server.RaftServerConfigKeys (ConfUtils.java:logGet(43)) - raft.server.snapshot.auto.trigger.enabled = true (custom)
2019-11-15 00:57:25,541 [pool-229-thread-1] INFO  server.RaftServerConfigKeys (ConfUtils.java:logGet(43)) - raft.server.log.write.buffer.size = 33554432 (custom)
2019-11-15 00:57:25,541 [pool-209-thread-1] INFO  server.RaftServerConfigKeys (ConfUtils.java:logGet(43)) - raft.server.snapshot.auto.trigger.threshold = 10000 (custom)
2019-11-15 00:57:25,541 [pool-239-thread-1] INFO  server.RaftServerConfigKeys (ConfUtils.java:logGet(43)) - raft.server.log.write.buffer.size = 33554432 (custom)
2019-11-15 00:57:25,541 [pool-209-thread-1] INFO  server.RaftServerConfigKeys (ConfUtils.java:logGet(43)) - raft.server.snapshot.retention.file.num = 5 (custom)
2019-11-15 00:57:25,541 [pool-229-thread-1] INFO  server.RaftServerConfigKeys (ConfUtils.java:logGet(43)) - raft.server.log.force.sync.num = 128 (default)
2019-11-15 00:57:25,541 [pool-209-thread-1] INFO  server.RaftServerConfigKeys (ConfUtils.java:logGet(43)) - raft.server.retrycache.expirytime = 600000ms (custom)
2019-11-15 00:57:25,541 [pool-239-thread-1] INFO  server.RaftServerConfigKeys (ConfUtils.java:logGet(43)) - raft.server.log.force.sync.num = 128 (default)
2019-11-15 00:57:25,541 [pool-209-thread-1] WARN  impl.MetricRegistriesImpl (MetricRegistriesImpl.java:lambda$create$1(61)) - First MetricRegistry has been created without registering reporters. You may need to call MetricRegistries.global().addReportRegistration(...) before.
2019-11-15 00:57:25,541 [pool-229-thread-1] INFO  server.RaftServerConfigKeys (ConfUtils.java:logGet(43)) - raft.server.log.statemachine.data.sync = true (default)
2019-11-15 00:57:25,542 [pool-209-thread-1] WARN  impl.MetricRegistriesImpl (MetricRegistriesImpl.java:lambda$create$1(61)) - First MetricRegistry has been created without registering reporters. You may need to call MetricRegistries.global().addReportRegistration(...) before.
2019-11-15 00:57:25,542 [pool-239-thread-1] INFO  server.RaftServerConfigKeys (ConfUtils.java:logGet(43)) - raft.server.log.statemachine.data.sync = true (default)
2019-11-15 00:57:25,542 [pool-209-thread-1] INFO  impl.RaftServerImpl (RaftServerImpl.java:start(184)) - efbac357-ca4e-4ee4-91b4-c654bf02dfcf@group-5812CD6E2952: start as a follower, conf=-1: [0bfc3546-5406-43b9-8d67-9a12bf5503d8:192.168.164.208:37596, efbac357-ca4e-4ee4-91b4-c654bf02dfcf:192.168.164.208:33848, 8692cc3a-c5e2-4bd5-b878-b8217203f52e:192.168.164.208:45622], old=null
2019-11-15 00:57:25,542 [pool-229-thread-1] INFO  server.RaftServerConfigKeys (ConfUtils.java:logGet(43)) - raft.server.log.statemachine.data.sync.timeout = 10s (default)
2019-11-15 00:57:25,542 [pool-209-thread-1] INFO  impl.RaftServerImpl (RaftServerImpl.java:setRole(173)) - efbac357-ca4e-4ee4-91b4-c654bf02dfcf@group-5812CD6E2952: changes role from      null to FOLLOWER at term 0 for startAsFollower
2019-11-15 00:57:25,542 [pool-239-thread-1] INFO  server.RaftServerConfigKeys (ConfUtils.java:logGet(43)) - raft.server.log.statemachine.data.sync.timeout = 10s (default)
2019-11-15 00:57:25,542 [pool-209-thread-1] INFO  impl.RoleInfo (RoleInfo.java:updateAndGet(143)) - efbac357-ca4e-4ee4-91b4-c654bf02dfcf: start FollowerState
2019-11-15 00:57:25,542 [pool-229-thread-1] INFO  server.RaftServerConfigKeys (ConfUtils.java:logGet(43)) - raft.server.log.statemachine.data.sync.timeout.retry = -1 (default)
2019-11-15 00:57:25,542 [pool-239-thread-1] INFO  server.RaftServerConfigKeys (ConfUtils.java:logGet(43)) - raft.server.log.statemachine.data.sync.timeout.retry = -1 (default)
2019-11-15 00:57:25,542 [pool-229-thread-1] INFO  server.RaftServerConfigKeys (ConfUtils.java:logGet(43)) - raft.server.log.statemachine.data.caching.enabled = true (custom)
2019-11-15 00:57:25,543 [pool-209-thread-1] INFO  util.JmxRegister (JmxRegister.java:tryRegister(44)) - Successfully registered JMX Bean with object name Ratis:service=RaftServer,group=group-5812CD6E2952,id=efbac357-ca4e-4ee4-91b4-c654bf02dfcf
2019-11-15 00:57:25,543 [pool-239-thread-1] INFO  server.RaftServerConfigKeys (ConfUtils.java:logGet(43)) - raft.server.log.statemachine.data.caching.enabled = true (custom)
2019-11-15 00:57:25,543 [pool-229-thread-1] INFO  segmented.SegmentedRaftLogWorker (SegmentedRaftLogWorker.java:lambda$new$0(128)) - 8692cc3a-c5e2-4bd5-b878-b8217203f52e@group-5812CD6E2952-SegmentedRaftLogWorker: flushIndex: setUnconditionally 0 -> -1
2019-11-15 00:57:25,543 [pool-209-thread-1] WARN  impl.MetricRegistriesImpl (MetricRegistriesImpl.java:lambda$create$1(61)) - First MetricRegistry has been created without registering reporters. You may need to call MetricRegistries.global().addReportRegistration(...) before.
2019-11-15 00:57:25,543 [pool-239-thread-1] INFO  segmented.SegmentedRaftLogWorker (SegmentedRaftLogWorker.java:lambda$new$0(128)) - 0bfc3546-5406-43b9-8d67-9a12bf5503d8@group-5812CD6E2952-SegmentedRaftLogWorker: flushIndex: setUnconditionally 0 -> -1
2019-11-15 00:57:25,543 [pool-229-thread-1] INFO  server.RaftServerConfigKeys (ConfUtils.java:logGet(43)) - raft.server.snapshot.auto.trigger.enabled = true (custom)
2019-11-15 00:57:25,543 [pool-239-thread-1] INFO  server.RaftServerConfigKeys (ConfUtils.java:logGet(43)) - raft.server.snapshot.auto.trigger.enabled = true (custom)
2019-11-15 00:57:25,543 [pool-229-thread-1] INFO  server.RaftServerConfigKeys (ConfUtils.java:logGet(43)) - raft.server.snapshot.auto.trigger.threshold = 10000 (custom)
2019-11-15 00:57:25,543 [pool-239-thread-1] INFO  server.RaftServerConfigKeys (ConfUtils.java:logGet(43)) - raft.server.snapshot.auto.trigger.threshold = 10000 (custom)
2019-11-15 00:57:25,544 [pool-229-thread-1] INFO  server.RaftServerConfigKeys (ConfUtils.java:logGet(43)) - raft.server.snapshot.retention.file.num = 5 (custom)
2019-11-15 00:57:25,544 [pool-239-thread-1] INFO  server.RaftServerConfigKeys (ConfUtils.java:logGet(43)) - raft.server.snapshot.retention.file.num = 5 (custom)
2019-11-15 00:57:25,544 [pool-229-thread-1] INFO  server.RaftServerConfigKeys (ConfUtils.java:logGet(43)) - raft.server.retrycache.expirytime = 600000ms (custom)
2019-11-15 00:57:25,544 [pool-239-thread-1] INFO  server.RaftServerConfigKeys (ConfUtils.java:logGet(43)) - raft.server.retrycache.expirytime = 600000ms (custom)
2019-11-15 00:57:25,544 [pool-229-thread-1] WARN  impl.MetricRegistriesImpl (MetricRegistriesImpl.java:lambda$create$1(61)) - First MetricRegistry has been created without registering reporters. You may need to call MetricRegistries.global().addReportRegistration(...) before.
2019-11-15 00:57:25,544 [pool-239-thread-1] WARN  impl.MetricRegistriesImpl (MetricRegistriesImpl.java:lambda$create$1(61)) - First MetricRegistry has been created without registering reporters. You may need to call MetricRegistries.global().addReportRegistration(...) before.
2019-11-15 00:57:25,544 [pool-229-thread-1] WARN  impl.MetricRegistriesImpl (MetricRegistriesImpl.java:lambda$create$1(61)) - First MetricRegistry has been created without registering reporters. You may need to call MetricRegistries.global().addReportRegistration(...) before.
2019-11-15 00:57:25,544 [pool-239-thread-1] WARN  impl.MetricRegistriesImpl (MetricRegistriesImpl.java:lambda$create$1(61)) - First MetricRegistry has been created without registering reporters. You may need to call MetricRegistries.global().addReportRegistration(...) before.
2019-11-15 00:57:25,544 [pool-229-thread-1] INFO  impl.RaftServerImpl (RaftServerImpl.java:start(184)) - 8692cc3a-c5e2-4bd5-b878-b8217203f52e@group-5812CD6E2952: start as a follower, conf=-1: [0bfc3546-5406-43b9-8d67-9a12bf5503d8:192.168.164.208:37596, efbac357-ca4e-4ee4-91b4-c654bf02dfcf:192.168.164.208:33848, 8692cc3a-c5e2-4bd5-b878-b8217203f52e:192.168.164.208:45622], old=null
2019-11-15 00:57:25,545 [pool-239-thread-1] INFO  impl.RaftServerImpl (RaftServerImpl.java:start(184)) - 0bfc3546-5406-43b9-8d67-9a12bf5503d8@group-5812CD6E2952: start as a follower, conf=-1: [0bfc3546-5406-43b9-8d67-9a12bf5503d8:192.168.164.208:37596, efbac357-ca4e-4ee4-91b4-c654bf02dfcf:192.168.164.208:33848, 8692cc3a-c5e2-4bd5-b878-b8217203f52e:192.168.164.208:45622], old=null
2019-11-15 00:57:25,545 [pool-229-thread-1] INFO  impl.RaftServerImpl (RaftServerImpl.java:setRole(173)) - 8692cc3a-c5e2-4bd5-b878-b8217203f52e@group-5812CD6E2952: changes role from      null to FOLLOWER at term 0 for startAsFollower
2019-11-15 00:57:25,545 [pool-239-thread-1] INFO  impl.RaftServerImpl (RaftServerImpl.java:setRole(173)) - 0bfc3546-5406-43b9-8d67-9a12bf5503d8@group-5812CD6E2952: changes role from      null to FOLLOWER at term 0 for startAsFollower
2019-11-15 00:57:25,545 [pool-229-thread-1] INFO  impl.RoleInfo (RoleInfo.java:updateAndGet(143)) - 8692cc3a-c5e2-4bd5-b878-b8217203f52e: start FollowerState
2019-11-15 00:57:25,545 [pool-239-thread-1] INFO  impl.RoleInfo (RoleInfo.java:updateAndGet(143)) - 0bfc3546-5406-43b9-8d67-9a12bf5503d8: start FollowerState
2019-11-15 00:57:25,545 [pool-229-thread-1] INFO  util.JmxRegister (JmxRegister.java:tryRegister(44)) - Successfully registered JMX Bean with object name Ratis:service=RaftServer,group=group-5812CD6E2952,id=8692cc3a-c5e2-4bd5-b878-b8217203f52e
2019-11-15 00:57:25,545 [pool-239-thread-1] INFO  util.JmxRegister (JmxRegister.java:tryRegister(44)) - Successfully registered JMX Bean with object name Ratis:service=RaftServer,group=group-5812CD6E2952,id=0bfc3546-5406-43b9-8d67-9a12bf5503d8
2019-11-15 00:57:25,545 [pool-229-thread-1] WARN  impl.MetricRegistriesImpl (MetricRegistriesImpl.java:lambda$create$1(61)) - First MetricRegistry has been created without registering reporters. You may need to call MetricRegistries.global().addReportRegistration(...) before.
2019-11-15 00:57:25,546 [pool-239-thread-1] WARN  impl.MetricRegistriesImpl (MetricRegistriesImpl.java:lambda$create$1(61)) - First MetricRegistry has been created without registering reporters. You may need to call MetricRegistries.global().addReportRegistration(...) before.
2019-11-15 00:57:25,548 [RatisPipelineUtilsThread] INFO  pipeline.PipelineStateManager (PipelineStateManager.java:addPipeline(55)) - Created pipeline Pipeline[ Id: b23f0923-e2e3-4ddd-b768-5812cd6e2952, Nodes: efbac357-ca4e-4ee4-91b4-c654bf02dfcf{ip: 192.168.164.208, host: pr-hdds-2442-bxv5b-1523879440, networkLocation: /rack1, certSerialId: null}8692cc3a-c5e2-4bd5-b878-b8217203f52e{ip: 192.168.164.208, host: pr-hdds-2442-bxv5b-1523879440, networkLocation: /rack1, certSerialId: null}0bfc3546-5406-43b9-8d67-9a12bf5503d8{ip: 192.168.164.208, host: pr-hdds-2442-bxv5b-1523879440, networkLocation: /rack1, certSerialId: null}, Type:RATIS, Factor:THREE, State:ALLOCATED]
2019-11-15 00:57:25,810 [Thread-1463] INFO  impl.FollowerState (FollowerState.java:run(111)) - 4dfd32cc-2252-49fe-ba51-4380d1c0b0d5@group-10A6A3E936DF-FollowerState: change to CANDIDATE, lastRpcTime:1117ms, electionTimeout:1117ms
2019-11-15 00:57:25,810 [Thread-1463] INFO  impl.RoleInfo (RoleInfo.java:shutdownFollowerState(121)) - 4dfd32cc-2252-49fe-ba51-4380d1c0b0d5: shutdown FollowerState
2019-11-15 00:57:25,810 [Thread-1463] INFO  impl.RaftServerImpl (RaftServerImpl.java:setRole(173)) - 4dfd32cc-2252-49fe-ba51-4380d1c0b0d5@group-10A6A3E936DF: changes role from  FOLLOWER to CANDIDATE at term 0 for changeToCandidate
2019-11-15 00:57:25,810 [Thread-1463] INFO  impl.RoleInfo (RoleInfo.java:updateAndGet(143)) - 4dfd32cc-2252-49fe-ba51-4380d1c0b0d5: start LeaderElection
2019-11-15 00:57:25,844 [4dfd32cc-2252-49fe-ba51-4380d1c0b0d5@group-10A6A3E936DF-LeaderElection40] INFO  impl.LeaderElection (LeaderElection.java:askForVotes(178)) - 4dfd32cc-2252-49fe-ba51-4380d1c0b0d5@group-10A6A3E936DF-LeaderElection40: begin an election at term 1 for -1: [4dfd32cc-2252-49fe-ba51-4380d1c0b0d5:192.168.164.208:44082], old=null
2019-11-15 00:57:25,847 [4dfd32cc-2252-49fe-ba51-4380d1c0b0d5@group-10A6A3E936DF-LeaderElection40] INFO  impl.RoleInfo (RoleInfo.java:shutdownLeaderElection(134)) - 4dfd32cc-2252-49fe-ba51-4380d1c0b0d5: shutdown LeaderElection
2019-11-15 00:57:25,847 [4dfd32cc-2252-49fe-ba51-4380d1c0b0d5@group-10A6A3E936DF-LeaderElection40] INFO  impl.RaftServerImpl (RaftServerImpl.java:setRole(173)) - 4dfd32cc-2252-49fe-ba51-4380d1c0b0d5@group-10A6A3E936DF: changes role from CANDIDATE to LEADER at term 1 for changeToLeader
2019-11-15 00:57:25,847 [4dfd32cc-2252-49fe-ba51-4380d1c0b0d5@group-10A6A3E936DF-LeaderElection40] INFO  ratis.XceiverServerRatis (XceiverServerRatis.java:handleLeaderChangedNotification(697)) - Leader change notification received for group: group-10A6A3E936DF with new leaderId: 4dfd32cc-2252-49fe-ba51-4380d1c0b0d5
2019-11-15 00:57:25,849 [4dfd32cc-2252-49fe-ba51-4380d1c0b0d5@group-10A6A3E936DF-LeaderElection40] INFO  impl.RaftServerImpl (ServerState.java:setLeader(255)) - 4dfd32cc-2252-49fe-ba51-4380d1c0b0d5@group-10A6A3E936DF: change Leader from null to 4dfd32cc-2252-49fe-ba51-4380d1c0b0d5 at term 1 for becomeLeader, leader elected after 1156ms
2019-11-15 00:57:25,849 [4dfd32cc-2252-49fe-ba51-4380d1c0b0d5@group-10A6A3E936DF-LeaderElection40] INFO  server.RaftServerConfigKeys (ConfUtils.java:logGet(43)) - raft.server.staging.catchup.gap = 1000 (default)
2019-11-15 00:57:25,849 [4dfd32cc-2252-49fe-ba51-4380d1c0b0d5@group-10A6A3E936DF-LeaderElection40] INFO  server.RaftServerConfigKeys (ConfUtils.java:logGet(43)) - raft.server.rpc.sleep.time = 25ms (default)
2019-11-15 00:57:25,849 [4dfd32cc-2252-49fe-ba51-4380d1c0b0d5@group-10A6A3E936DF-LeaderElection40] INFO  server.RaftServerConfigKeys (ConfUtils.java:logGet(43)) - raft.server.write.element-limit = 4096 (default)
2019-11-15 00:57:25,849 [4dfd32cc-2252-49fe-ba51-4380d1c0b0d5@group-10A6A3E936DF-LeaderElection40] INFO  server.RaftServerConfigKeys (ConfUtils.java:logGet(43)) - raft.server.watch.timeout = 10s (default)
2019-11-15 00:57:25,849 [4dfd32cc-2252-49fe-ba51-4380d1c0b0d5@group-10A6A3E936DF-LeaderElection40] INFO  server.RaftServerConfigKeys (ConfUtils.java:logGet(43)) - raft.server.watch.timeout.denomination = 1s (default)
2019-11-15 00:57:25,850 [4dfd32cc-2252-49fe-ba51-4380d1c0b0d5@group-10A6A3E936DF-LeaderElection40] INFO  server.RaftServerConfigKeys (ConfUtils.java:logGet(43)) - raft.server.watch.element-limit = 65536 (default)
2019-11-15 00:57:25,850 [4dfd32cc-2252-49fe-ba51-4380d1c0b0d5@group-10A6A3E936DF-LeaderElection40] INFO  impl.RoleInfo (RoleInfo.java:updateAndGet(143)) - 4dfd32cc-2252-49fe-ba51-4380d1c0b0d5: start LeaderState
2019-11-15 00:57:25,850 [EventQueue-PipelineReportForPipelineReportHandler] INFO  pipeline.PipelineStateManager (PipelineStateManager.java:openPipeline(134)) - Pipeline Pipeline[ Id: c77639fa-994d-4c4e-9239-10a6a3e936df, Nodes: 4dfd32cc-2252-49fe-ba51-4380d1c0b0d5{ip: 192.168.164.208, host: pr-hdds-2442-bxv5b-1523879440, networkLocation: /rack1, certSerialId: null}, Type:RATIS, Factor:ONE, State:OPEN] moved to OPEN state
2019-11-15 00:57:25,850 [4dfd32cc-2252-49fe-ba51-4380d1c0b0d5@group-10A6A3E936DF-LeaderElection40] INFO  segmented.SegmentedRaftLogWorker (SegmentedRaftLogWorker.java:startLogSegment(385)) - 4dfd32cc-2252-49fe-ba51-4380d1c0b0d5@group-10A6A3E936DF-SegmentedRaftLogWorker: Starting segment from index:0
2019-11-15 00:57:25,851 [4dfd32cc-2252-49fe-ba51-4380d1c0b0d5@group-10A6A3E936DF-LeaderElection40] INFO  impl.RaftServerImpl (ServerState.java:setRaftConf(356)) - 4dfd32cc-2252-49fe-ba51-4380d1c0b0d5@group-10A6A3E936DF: set configuration 0: [4dfd32cc-2252-49fe-ba51-4380d1c0b0d5:192.168.164.208:44082], old=null at 0
2019-11-15 00:57:25,880 [Thread-1470] INFO  impl.FollowerState (FollowerState.java:run(111)) - e96d2cc9-026c-4220-b0f4-2bd3b4d5a924@group-0B60AC9C5BED-FollowerState: change to CANDIDATE, lastRpcTime:1120ms, electionTimeout:1095ms
2019-11-15 00:57:25,882 [Thread-1470] INFO  impl.RoleInfo (RoleInfo.java:shutdownFollowerState(121)) - e96d2cc9-026c-4220-b0f4-2bd3b4d5a924: shutdown FollowerState
2019-11-15 00:57:25,882 [Thread-1470] INFO  impl.RaftServerImpl (RaftServerImpl.java:setRole(173)) - e96d2cc9-026c-4220-b0f4-2bd3b4d5a924@group-0B60AC9C5BED: changes role from  FOLLOWER to CANDIDATE at term 0 for changeToCandidate
2019-11-15 00:57:25,882 [Thread-1470] INFO  impl.RoleInfo (RoleInfo.java:updateAndGet(143)) - e96d2cc9-026c-4220-b0f4-2bd3b4d5a924: start LeaderElection
2019-11-15 00:57:25,893 [4dfd32cc-2252-49fe-ba51-4380d1c0b0d5@group-10A6A3E936DF-SegmentedRaftLogWorker] INFO  segmented.SegmentedRaftLogWorker (SegmentedRaftLogWorker.java:execute(576)) - 4dfd32cc-2252-49fe-ba51-4380d1c0b0d5@group-10A6A3E936DF-SegmentedRaftLogWorker: created new log segment /workdir/hadoop-ozone/integration-test/target/test-dir/MiniOzoneClusterImpl-8fc52630-20fd-4955-97d1-2a2852f9ee58/datanode-5/data/ratis/c77639fa-994d-4c4e-9239-10a6a3e936df/current/log_inprogress_0
2019-11-15 00:57:25,893 [e96d2cc9-026c-4220-b0f4-2bd3b4d5a924@group-0B60AC9C5BED-LeaderElection41] INFO  impl.LeaderElection (LeaderElection.java:askForVotes(178)) - e96d2cc9-026c-4220-b0f4-2bd3b4d5a924@group-0B60AC9C5BED-LeaderElection41: begin an election at term 1 for -1: [e96d2cc9-026c-4220-b0f4-2bd3b4d5a924:192.168.164.208:39163], old=null
2019-11-15 00:57:25,893 [e96d2cc9-026c-4220-b0f4-2bd3b4d5a924@group-0B60AC9C5BED-LeaderElection41] INFO  impl.RoleInfo (RoleInfo.java:shutdownLeaderElection(134)) - e96d2cc9-026c-4220-b0f4-2bd3b4d5a924: shutdown LeaderElection
2019-11-15 00:57:25,893 [e96d2cc9-026c-4220-b0f4-2bd3b4d5a924@group-0B60AC9C5BED-LeaderElection41] INFO  impl.RaftServerImpl (RaftServerImpl.java:setRole(173)) - e96d2cc9-026c-4220-b0f4-2bd3b4d5a924@group-0B60AC9C5BED: changes role from CANDIDATE to LEADER at term 1 for changeToLeader
2019-11-15 00:57:25,893 [e96d2cc9-026c-4220-b0f4-2bd3b4d5a924@group-0B60AC9C5BED-LeaderElection41] INFO  ratis.XceiverServerRatis (XceiverServerRatis.java:handleLeaderChangedNotification(697)) - Leader change notification received for group: group-0B60AC9C5BED with new leaderId: e96d2cc9-026c-4220-b0f4-2bd3b4d5a924
2019-11-15 00:57:25,893 [e96d2cc9-026c-4220-b0f4-2bd3b4d5a924@group-0B60AC9C5BED-LeaderElection41] INFO  impl.RaftServerImpl (ServerState.java:setLeader(255)) - e96d2cc9-026c-4220-b0f4-2bd3b4d5a924@group-0B60AC9C5BED: change Leader from null to e96d2cc9-026c-4220-b0f4-2bd3b4d5a924 at term 1 for becomeLeader, leader elected after 1136ms
2019-11-15 00:57:25,893 [e96d2cc9-026c-4220-b0f4-2bd3b4d5a924@group-0B60AC9C5BED-LeaderElection41] INFO  server.RaftServerConfigKeys (ConfUtils.java:logGet(43)) - raft.server.staging.catchup.gap = 1000 (default)
2019-11-15 00:57:25,893 [e96d2cc9-026c-4220-b0f4-2bd3b4d5a924@group-0B60AC9C5BED-LeaderElection41] INFO  server.RaftServerConfigKeys (ConfUtils.java:logGet(43)) - raft.server.rpc.sleep.time = 25ms (default)
2019-11-15 00:57:25,894 [e96d2cc9-026c-4220-b0f4-2bd3b4d5a924@group-0B60AC9C5BED-LeaderElection41] INFO  server.RaftServerConfigKeys (ConfUtils.java:logGet(43)) - raft.server.write.element-limit = 4096 (default)
2019-11-15 00:57:25,894 [e96d2cc9-026c-4220-b0f4-2bd3b4d5a924@group-0B60AC9C5BED-LeaderElection41] INFO  server.RaftServerConfigKeys (ConfUtils.java:logGet(43)) - raft.server.watch.timeout = 10s (default)
2019-11-15 00:57:25,894 [e96d2cc9-026c-4220-b0f4-2bd3b4d5a924@group-0B60AC9C5BED-LeaderElection41] INFO  server.RaftServerConfigKeys (ConfUtils.java:logGet(43)) - raft.server.watch.timeout.denomination = 1s (default)
2019-11-15 00:57:25,894 [EventQueue-PipelineReportForPipelineReportHandler] INFO  pipeline.PipelineStateManager (PipelineStateManager.java:openPipeline(134)) - Pipeline Pipeline[ Id: e3be8f8d-eea9-41c5-86ee-0b60ac9c5bed, Nodes: e96d2cc9-026c-4220-b0f4-2bd3b4d5a924{ip: 192.168.164.208, host: pr-hdds-2442-bxv5b-1523879440, networkLocation: /rack1, certSerialId: null}, Type:RATIS, Factor:ONE, State:OPEN] moved to OPEN state
2019-11-15 00:57:25,894 [e96d2cc9-026c-4220-b0f4-2bd3b4d5a924@group-0B60AC9C5BED-LeaderElection41] INFO  server.RaftServerConfigKeys (ConfUtils.java:logGet(43)) - raft.server.watch.element-limit = 65536 (default)
2019-11-15 00:57:25,895 [e96d2cc9-026c-4220-b0f4-2bd3b4d5a924@group-0B60AC9C5BED-LeaderElection41] INFO  impl.RoleInfo (RoleInfo.java:updateAndGet(143)) - e96d2cc9-026c-4220-b0f4-2bd3b4d5a924: start LeaderState
2019-11-15 00:57:25,895 [e96d2cc9-026c-4220-b0f4-2bd3b4d5a924@group-0B60AC9C5BED-LeaderElection41] INFO  segmented.SegmentedRaftLogWorker (SegmentedRaftLogWorker.java:startLogSegment(385)) - e96d2cc9-026c-4220-b0f4-2bd3b4d5a924@group-0B60AC9C5BED-SegmentedRaftLogWorker: Starting segment from index:0
2019-11-15 00:57:25,895 [e96d2cc9-026c-4220-b0f4-2bd3b4d5a924@group-0B60AC9C5BED-LeaderElection41] INFO  impl.RaftServerImpl (ServerState.java:setRaftConf(356)) - e96d2cc9-026c-4220-b0f4-2bd3b4d5a924@group-0B60AC9C5BED: set configuration 0: [e96d2cc9-026c-4220-b0f4-2bd3b4d5a924:192.168.164.208:39163], old=null at 0
2019-11-15 00:57:25,930 [Thread-1474] INFO  impl.FollowerState (FollowerState.java:run(111)) - 9ac24c7e-7e4f-4cef-ab0e-298cb71ae60d@group-12721B264F3B-FollowerState: change to CANDIDATE, lastRpcTime:1115ms, electionTimeout:1115ms
2019-11-15 00:57:25,930 [Thread-1474] INFO  impl.RoleInfo (RoleInfo.java:shutdownFollowerState(121)) - 9ac24c7e-7e4f-4cef-ab0e-298cb71ae60d: shutdown FollowerState
2019-11-15 00:57:25,930 [Thread-1474] INFO  impl.RaftServerImpl (RaftServerImpl.java:setRole(173)) - 9ac24c7e-7e4f-4cef-ab0e-298cb71ae60d@group-12721B264F3B: changes role from  FOLLOWER to CANDIDATE at term 0 for changeToCandidate
2019-11-15 00:57:25,930 [Thread-1474] INFO  impl.RoleInfo (RoleInfo.java:updateAndGet(143)) - 9ac24c7e-7e4f-4cef-ab0e-298cb71ae60d: start LeaderElection
2019-11-15 00:57:25,936 [e96d2cc9-026c-4220-b0f4-2bd3b4d5a924@group-0B60AC9C5BED-SegmentedRaftLogWorker] INFO  segmented.SegmentedRaftLogWorker (SegmentedRaftLogWorker.java:execute(576)) - e96d2cc9-026c-4220-b0f4-2bd3b4d5a924@group-0B60AC9C5BED-SegmentedRaftLogWorker: created new log segment /workdir/hadoop-ozone/integration-test/target/test-dir/MiniOzoneClusterImpl-8fc52630-20fd-4955-97d1-2a2852f9ee58/datanode-7/data/ratis/e3be8f8d-eea9-41c5-86ee-0b60ac9c5bed/current/log_inprogress_0
2019-11-15 00:57:25,939 [9ac24c7e-7e4f-4cef-ab0e-298cb71ae60d@group-12721B264F3B-LeaderElection42] INFO  impl.LeaderElection (LeaderElection.java:askForVotes(178)) - 9ac24c7e-7e4f-4cef-ab0e-298cb71ae60d@group-12721B264F3B-LeaderElection42: begin an election at term 1 for -1: [9ac24c7e-7e4f-4cef-ab0e-298cb71ae60d:192.168.164.208:37265], old=null
2019-11-15 00:57:25,939 [9ac24c7e-7e4f-4cef-ab0e-298cb71ae60d@group-12721B264F3B-LeaderElection42] INFO  impl.RoleInfo (RoleInfo.java:shutdownLeaderElection(134)) - 9ac24c7e-7e4f-4cef-ab0e-298cb71ae60d: shutdown LeaderElection
2019-11-15 00:57:25,939 [9ac24c7e-7e4f-4cef-ab0e-298cb71ae60d@group-12721B264F3B-LeaderElection42] INFO  impl.RaftServerImpl (RaftServerImpl.java:setRole(173)) - 9ac24c7e-7e4f-4cef-ab0e-298cb71ae60d@group-12721B264F3B: changes role from CANDIDATE to LEADER at term 1 for changeToLeader
2019-11-15 00:57:25,939 [9ac24c7e-7e4f-4cef-ab0e-298cb71ae60d@group-12721B264F3B-LeaderElection42] INFO  ratis.XceiverServerRatis (XceiverServerRatis.java:handleLeaderChangedNotification(697)) - Leader change notification received for group: group-12721B264F3B with new leaderId: 9ac24c7e-7e4f-4cef-ab0e-298cb71ae60d
2019-11-15 00:57:25,939 [9ac24c7e-7e4f-4cef-ab0e-298cb71ae60d@group-12721B264F3B-LeaderElection42] INFO  impl.RaftServerImpl (ServerState.java:setLeader(255)) - 9ac24c7e-7e4f-4cef-ab0e-298cb71ae60d@group-12721B264F3B: change Leader from null to 9ac24c7e-7e4f-4cef-ab0e-298cb71ae60d at term 1 for becomeLeader, leader elected after 1128ms
2019-11-15 00:57:25,939 [9ac24c7e-7e4f-4cef-ab0e-298cb71ae60d@group-12721B264F3B-LeaderElection42] INFO  server.RaftServerConfigKeys (ConfUtils.java:logGet(43)) - raft.server.staging.catchup.gap = 1000 (default)
2019-11-15 00:57:25,940 [9ac24c7e-7e4f-4cef-ab0e-298cb71ae60d@group-12721B264F3B-LeaderElection42] INFO  server.RaftServerConfigKeys (ConfUtils.java:logGet(43)) - raft.server.rpc.sleep.time = 25ms (default)
2019-11-15 00:57:25,940 [9ac24c7e-7e4f-4cef-ab0e-298cb71ae60d@group-12721B264F3B-LeaderElection42] INFO  server.RaftServerConfigKeys (ConfUtils.java:logGet(43)) - raft.server.write.element-limit = 4096 (default)
2019-11-15 00:57:25,940 [9ac24c7e-7e4f-4cef-ab0e-298cb71ae60d@group-12721B264F3B-LeaderElection42] INFO  server.RaftServerConfigKeys (ConfUtils.java:logGet(43)) - raft.server.watch.timeout = 10s (default)
2019-11-15 00:57:25,940 [9ac24c7e-7e4f-4cef-ab0e-298cb71ae60d@group-12721B264F3B-LeaderElection42] INFO  server.RaftServerConfigKeys (ConfUtils.java:logGet(43)) - raft.server.watch.timeout.denomination = 1s (default)
2019-11-15 00:57:25,940 [9ac24c7e-7e4f-4cef-ab0e-298cb71ae60d@group-12721B264F3B-LeaderElection42] INFO  server.RaftServerConfigKeys (ConfUtils.java:logGet(43)) - raft.server.watch.element-limit = 65536 (default)
2019-11-15 00:57:25,940 [9ac24c7e-7e4f-4cef-ab0e-298cb71ae60d@group-12721B264F3B-LeaderElection42] INFO  impl.RoleInfo (RoleInfo.java:updateAndGet(143)) - 9ac24c7e-7e4f-4cef-ab0e-298cb71ae60d: start LeaderState
2019-11-15 00:57:25,940 [EventQueue-PipelineReportForPipelineReportHandler] INFO  pipeline.PipelineStateManager (PipelineStateManager.java:openPipeline(134)) - Pipeline Pipeline[ Id: 1ffa5c20-feb1-474a-a6ce-12721b264f3b, Nodes: 9ac24c7e-7e4f-4cef-ab0e-298cb71ae60d{ip: 192.168.164.208, host: pr-hdds-2442-bxv5b-1523879440, networkLocation: /rack1, certSerialId: null}, Type:RATIS, Factor:ONE, State:OPEN] moved to OPEN state
2019-11-15 00:57:25,940 [9ac24c7e-7e4f-4cef-ab0e-298cb71ae60d@group-12721B264F3B-LeaderElection42] INFO  segmented.SegmentedRaftLogWorker (SegmentedRaftLogWorker.java:startLogSegment(385)) - 9ac24c7e-7e4f-4cef-ab0e-298cb71ae60d@group-12721B264F3B-SegmentedRaftLogWorker: Starting segment from index:0
2019-11-15 00:57:25,941 [9ac24c7e-7e4f-4cef-ab0e-298cb71ae60d@group-12721B264F3B-LeaderElection42] INFO  impl.RaftServerImpl (ServerState.java:setRaftConf(356)) - 9ac24c7e-7e4f-4cef-ab0e-298cb71ae60d@group-12721B264F3B: set configuration 0: [9ac24c7e-7e4f-4cef-ab0e-298cb71ae60d:192.168.164.208:37265], old=null at 0
2019-11-15 00:57:25,979 [9ac24c7e-7e4f-4cef-ab0e-298cb71ae60d@group-12721B264F3B-SegmentedRaftLogWorker] INFO  segmented.SegmentedRaftLogWorker (SegmentedRaftLogWorker.java:execute(576)) - 9ac24c7e-7e4f-4cef-ab0e-298cb71ae60d@group-12721B264F3B-SegmentedRaftLogWorker: created new log segment /workdir/hadoop-ozone/integration-test/target/test-dir/MiniOzoneClusterImpl-8fc52630-20fd-4955-97d1-2a2852f9ee58/datanode-3/data/ratis/1ffa5c20-feb1-474a-a6ce-12721b264f3b/current/log_inprogress_0
2019-11-15 00:57:25,985 [Thread-1486] INFO  impl.FollowerState (FollowerState.java:run(111)) - eccb109f-99d1-4501-bb16-6ecf49b3cdca@group-529DDC391E9C-FollowerState: change to CANDIDATE, lastRpcTime:1071ms, electionTimeout:1071ms
2019-11-15 00:57:25,986 [Thread-1486] INFO  impl.RoleInfo (RoleInfo.java:shutdownFollowerState(121)) - eccb109f-99d1-4501-bb16-6ecf49b3cdca: shutdown FollowerState
2019-11-15 00:57:25,986 [Thread-1486] INFO  impl.RaftServerImpl (RaftServerImpl.java:setRole(173)) - eccb109f-99d1-4501-bb16-6ecf49b3cdca@group-529DDC391E9C: changes role from  FOLLOWER to CANDIDATE at term 0 for changeToCandidate
2019-11-15 00:57:25,986 [Thread-1486] INFO  impl.RoleInfo (RoleInfo.java:updateAndGet(143)) - eccb109f-99d1-4501-bb16-6ecf49b3cdca: start LeaderElection
2019-11-15 00:57:25,990 [Thread-1495] INFO  impl.FollowerState (FollowerState.java:run(111)) - 9ac24c7e-7e4f-4cef-ab0e-298cb71ae60d@group-D08F3DBE2A41-FollowerState: change to CANDIDATE, lastRpcTime:1015ms, electionTimeout:1015ms
2019-11-15 00:57:25,990 [Thread-1495] INFO  impl.RoleInfo (RoleInfo.java:shutdownFollowerState(121)) - 9ac24c7e-7e4f-4cef-ab0e-298cb71ae60d: shutdown FollowerState
2019-11-15 00:57:25,990 [Thread-1495] INFO  impl.RaftServerImpl (RaftServerImpl.java:setRole(173)) - 9ac24c7e-7e4f-4cef-ab0e-298cb71ae60d@group-D08F3DBE2A41: changes role from  FOLLOWER to CANDIDATE at term 0 for changeToCandidate
2019-11-15 00:57:25,990 [Thread-1495] INFO  impl.RoleInfo (RoleInfo.java:updateAndGet(143)) - 9ac24c7e-7e4f-4cef-ab0e-298cb71ae60d: start LeaderElection
2019-11-15 00:57:25,993 [eccb109f-99d1-4501-bb16-6ecf49b3cdca@group-529DDC391E9C-LeaderElection43] INFO  impl.LeaderElection (LeaderElection.java:askForVotes(178)) - eccb109f-99d1-4501-bb16-6ecf49b3cdca@group-529DDC391E9C-LeaderElection43: begin an election at term 1 for -1: [c182b01b-afca-4fcd-8295-9462a850df3a:192.168.164.208:36437, 5fe8490f-f805-406a-80e2-fbda1a66b042:192.168.164.208:45094, eccb109f-99d1-4501-bb16-6ecf49b3cdca:192.168.164.208:44076], old=null
2019-11-15 00:57:25,994 [Thread-1491] INFO  impl.FollowerState (FollowerState.java:run(111)) - 5fe8490f-f805-406a-80e2-fbda1a66b042@group-529DDC391E9C-FollowerState: change to CANDIDATE, lastRpcTime:1077ms, electionTimeout:1077ms
2019-11-15 00:57:25,994 [Thread-1491] INFO  impl.RoleInfo (RoleInfo.java:shutdownFollowerState(121)) - 5fe8490f-f805-406a-80e2-fbda1a66b042: shutdown FollowerState
2019-11-15 00:57:25,994 [Thread-1491] INFO  impl.RaftServerImpl (RaftServerImpl.java:setRole(173)) - 5fe8490f-f805-406a-80e2-fbda1a66b042@group-529DDC391E9C: changes role from  FOLLOWER to CANDIDATE at term 0 for changeToCandidate
2019-11-15 00:57:25,994 [Thread-1491] INFO  impl.RoleInfo (RoleInfo.java:updateAndGet(143)) - 5fe8490f-f805-406a-80e2-fbda1a66b042: start LeaderElection
2019-11-15 00:57:26,007 [grpc-default-executor-2] INFO  impl.RaftServerImpl (RaftServerImpl.java:setRole(173)) - c182b01b-afca-4fcd-8295-9462a850df3a@group-529DDC391E9C: changes role from  FOLLOWER to FOLLOWER at term 1 for recognizeCandidate:eccb109f-99d1-4501-bb16-6ecf49b3cdca
2019-11-15 00:57:26,007 [grpc-default-executor-2] INFO  impl.RoleInfo (RoleInfo.java:shutdownFollowerState(121)) - c182b01b-afca-4fcd-8295-9462a850df3a: shutdown FollowerState
2019-11-15 00:57:26,008 [grpc-default-executor-2] INFO  impl.RoleInfo (RoleInfo.java:updateAndGet(143)) - c182b01b-afca-4fcd-8295-9462a850df3a: start FollowerState
2019-11-15 00:57:26,008 [Thread-1490] INFO  impl.FollowerState (FollowerState.java:run(120)) - c182b01b-afca-4fcd-8295-9462a850df3a@group-529DDC391E9C-FollowerState was interrupted: java.lang.InterruptedException: sleep interrupted
2019-11-15 00:57:26,012 [5fe8490f-f805-406a-80e2-fbda1a66b042@group-529DDC391E9C-LeaderElection45] INFO  impl.LeaderElection (LeaderElection.java:askForVotes(178)) - 5fe8490f-f805-406a-80e2-fbda1a66b042@group-529DDC391E9C-LeaderElection45: begin an election at term 1 for -1: [c182b01b-afca-4fcd-8295-9462a850df3a:192.168.164.208:36437, 5fe8490f-f805-406a-80e2-fbda1a66b042:192.168.164.208:45094, eccb109f-99d1-4501-bb16-6ecf49b3cdca:192.168.164.208:44076], old=null
2019-11-15 00:57:26,012 [9ac24c7e-7e4f-4cef-ab0e-298cb71ae60d@group-D08F3DBE2A41-LeaderElection44] INFO  impl.LeaderElection (LeaderElection.java:askForVotes(178)) - 9ac24c7e-7e4f-4cef-ab0e-298cb71ae60d@group-D08F3DBE2A41-LeaderElection44: begin an election at term 1 for -1: [9ac24c7e-7e4f-4cef-ab0e-298cb71ae60d:192.168.164.208:37265, 4dfd32cc-2252-49fe-ba51-4380d1c0b0d5:192.168.164.208:44082, e96d2cc9-026c-4220-b0f4-2bd3b4d5a924:192.168.164.208:39163], old=null
2019-11-15 00:57:26,015 [eccb109f-99d1-4501-bb16-6ecf49b3cdca@group-529DDC391E9C-LeaderElection43] INFO  impl.LeaderElection (LeaderElection.java:logAndReturn(56)) - eccb109f-99d1-4501-bb16-6ecf49b3cdca@group-529DDC391E9C-LeaderElection43: Election PASSED; received 2 response(s) [eccb109f-99d1-4501-bb16-6ecf49b3cdca<-c182b01b-afca-4fcd-8295-9462a850df3a#0:OK-t1, eccb109f-99d1-4501-bb16-6ecf49b3cdca<-5fe8490f-f805-406a-80e2-fbda1a66b042#0:FAIL-t1] and 0 exception(s); eccb109f-99d1-4501-bb16-6ecf49b3cdca@group-529DDC391E9C:t1, leader=null, voted=eccb109f-99d1-4501-bb16-6ecf49b3cdca, raftlog=eccb109f-99d1-4501-bb16-6ecf49b3cdca@group-529DDC391E9C-SegmentedRaftLog:OPENED:c-1,f-1,i0, conf=-1: [c182b01b-afca-4fcd-8295-9462a850df3a:192.168.164.208:36437, 5fe8490f-f805-406a-80e2-fbda1a66b042:192.168.164.208:45094, eccb109f-99d1-4501-bb16-6ecf49b3cdca:192.168.164.208:44076], old=null
2019-11-15 00:57:26,017 [eccb109f-99d1-4501-bb16-6ecf49b3cdca@group-529DDC391E9C-LeaderElection43] INFO  impl.RoleInfo (RoleInfo.java:shutdownLeaderElection(134)) - eccb109f-99d1-4501-bb16-6ecf49b3cdca: shutdown LeaderElection
2019-11-15 00:57:26,017 [eccb109f-99d1-4501-bb16-6ecf49b3cdca@group-529DDC391E9C-LeaderElection43] INFO  impl.RaftServerImpl (RaftServerImpl.java:setRole(173)) - eccb109f-99d1-4501-bb16-6ecf49b3cdca@group-529DDC391E9C: changes role from CANDIDATE to LEADER at term 1 for changeToLeader
2019-11-15 00:57:26,017 [eccb109f-99d1-4501-bb16-6ecf49b3cdca@group-529DDC391E9C-LeaderElection43] INFO  ratis.XceiverServerRatis (XceiverServerRatis.java:handleLeaderChangedNotification(697)) - Leader change notification received for group: group-529DDC391E9C with new leaderId: eccb109f-99d1-4501-bb16-6ecf49b3cdca
2019-11-15 00:57:26,017 [eccb109f-99d1-4501-bb16-6ecf49b3cdca@group-529DDC391E9C-LeaderElection43] INFO  impl.RaftServerImpl (ServerState.java:setLeader(255)) - eccb109f-99d1-4501-bb16-6ecf49b3cdca@group-529DDC391E9C: change Leader from null to eccb109f-99d1-4501-bb16-6ecf49b3cdca at term 1 for becomeLeader, leader elected after 1108ms
2019-11-15 00:57:26,017 [eccb109f-99d1-4501-bb16-6ecf49b3cdca@group-529DDC391E9C-LeaderElection43] INFO  server.RaftServerConfigKeys (ConfUtils.java:logGet(43)) - raft.server.staging.catchup.gap = 1000 (default)
2019-11-15 00:57:26,017 [eccb109f-99d1-4501-bb16-6ecf49b3cdca@group-529DDC391E9C-LeaderElection43] INFO  server.RaftServerConfigKeys (ConfUtils.java:logGet(43)) - raft.server.rpc.sleep.time = 25ms (default)
2019-11-15 00:57:26,018 [eccb109f-99d1-4501-bb16-6ecf49b3cdca@group-529DDC391E9C-LeaderElection43] INFO  server.RaftServerConfigKeys (ConfUtils.java:logGet(43)) - raft.server.write.element-limit = 4096 (default)
2019-11-15 00:57:26,018 [eccb109f-99d1-4501-bb16-6ecf49b3cdca@group-529DDC391E9C-LeaderElection43] INFO  server.RaftServerConfigKeys (ConfUtils.java:logGet(43)) - raft.server.watch.timeout = 10s (default)
2019-11-15 00:57:26,018 [eccb109f-99d1-4501-bb16-6ecf49b3cdca@group-529DDC391E9C-LeaderElection43] INFO  server.RaftServerConfigKeys (ConfUtils.java:logGet(43)) - raft.server.watch.timeout.denomination = 1s (default)
2019-11-15 00:57:26,018 [eccb109f-99d1-4501-bb16-6ecf49b3cdca@group-529DDC391E9C-LeaderElection43] INFO  server.RaftServerConfigKeys (ConfUtils.java:logGet(43)) - raft.server.watch.element-limit = 65536 (default)
2019-11-15 00:57:26,018 [grpc-default-executor-5] INFO  impl.RaftServerImpl (RaftServerImpl.java:setRole(173)) - 4dfd32cc-2252-49fe-ba51-4380d1c0b0d5@group-D08F3DBE2A41: changes role from  FOLLOWER to FOLLOWER at term 1 for recognizeCandidate:9ac24c7e-7e4f-4cef-ab0e-298cb71ae60d
2019-11-15 00:57:26,019 [eccb109f-99d1-4501-bb16-6ecf49b3cdca@group-529DDC391E9C-LeaderElection43] INFO  server.RaftServerConfigKeys (ConfUtils.java:logGet(43)) - raft.server.log.appender.snapshot.chunk.size.max = 16MB (=16777216) (default)
2019-11-15 00:57:26,020 [grpc-default-executor-3] INFO  impl.RaftServerImpl (RaftServerImpl.java:setRole(173)) - e96d2cc9-026c-4220-b0f4-2bd3b4d5a924@group-D08F3DBE2A41: changes role from  FOLLOWER to FOLLOWER at term 1 for recognizeCandidate:9ac24c7e-7e4f-4cef-ab0e-298cb71ae60d
2019-11-15 00:57:26,020 [grpc-default-executor-5] INFO  impl.RoleInfo (RoleInfo.java:shutdownFollowerState(121)) - 4dfd32cc-2252-49fe-ba51-4380d1c0b0d5: shutdown FollowerState
2019-11-15 00:57:26,020 [grpc-default-executor-3] INFO  impl.RoleInfo (RoleInfo.java:shutdownFollowerState(121)) - e96d2cc9-026c-4220-b0f4-2bd3b4d5a924: shutdown FollowerState
2019-11-15 00:57:26,020 [eccb109f-99d1-4501-bb16-6ecf49b3cdca@group-529DDC391E9C-LeaderElection43] INFO  server.RaftServerConfigKeys (ConfUtils.java:logGet(43)) - raft.server.log.appender.buffer.byte-limit = 33554432 (custom)
2019-11-15 00:57:26,020 [EventQueue-PipelineReportForPipelineReportHandler] INFO  pipeline.PipelineStateManager (PipelineStateManager.java:openPipeline(134)) - Pipeline Pipeline[ Id: 1625d0bf-1f01-4798-94f4-529ddc391e9c, Nodes: c182b01b-afca-4fcd-8295-9462a850df3a{ip: 192.168.164.208, host: pr-hdds-2442-bxv5b-1523879440, networkLocation: /rack1, certSerialId: null}eccb109f-99d1-4501-bb16-6ecf49b3cdca{ip: 192.168.164.208, host: pr-hdds-2442-bxv5b-1523879440, networkLocation: /rack1, certSerialId: null}5fe8490f-f805-406a-80e2-fbda1a66b042{ip: 192.168.164.208, host: pr-hdds-2442-bxv5b-1523879440, networkLocation: /rack1, certSerialId: null}, Type:RATIS, Factor:THREE, State:OPEN] moved to OPEN state
2019-11-15 00:57:26,020 [eccb109f-99d1-4501-bb16-6ecf49b3cdca@group-529DDC391E9C-LeaderElection43] INFO  server.RaftServerConfigKeys (ConfUtils.java:logGet(43)) - raft.server.log.appender.buffer.element-limit = 1 (custom)
2019-11-15 00:57:26,020 [grpc-default-executor-3] INFO  impl.RoleInfo (RoleInfo.java:updateAndGet(143)) - e96d2cc9-026c-4220-b0f4-2bd3b4d5a924: start FollowerState
2019-11-15 00:57:26,020 [Thread-1500] INFO  impl.FollowerState (FollowerState.java:run(120)) - e96d2cc9-026c-4220-b0f4-2bd3b4d5a924@group-D08F3DBE2A41-FollowerState was interrupted: java.lang.InterruptedException: sleep interrupted
2019-11-15 00:57:26,020 [grpc-default-executor-5] INFO  impl.RoleInfo (RoleInfo.java:updateAndGet(143)) - 4dfd32cc-2252-49fe-ba51-4380d1c0b0d5: start FollowerState
2019-11-15 00:57:26,020 [Thread-1499] INFO  impl.FollowerState (FollowerState.java:run(120)) - 4dfd32cc-2252-49fe-ba51-4380d1c0b0d5@group-D08F3DBE2A41-FollowerState was interrupted: java.lang.InterruptedException: sleep interrupted
2019-11-15 00:57:26,020 [eccb109f-99d1-4501-bb16-6ecf49b3cdca@group-529DDC391E9C-LeaderElection43] INFO  grpc.GrpcConfigKeys$Server (ConfUtils.java:logGet(43)) - raft.grpc.server.leader.outstanding.appends.max = 128 (default)
2019-11-15 00:57:26,026 [eccb109f-99d1-4501-bb16-6ecf49b3cdca@group-529DDC391E9C-LeaderElection43] INFO  server.RaftServerConfigKeys (ConfUtils.java:logGet(43)) - raft.server.rpc.request.timeout = 3000ms (default)
2019-11-15 00:57:26,026 [eccb109f-99d1-4501-bb16-6ecf49b3cdca@group-529DDC391E9C-LeaderElection43] INFO  server.RaftServerConfigKeys (ConfUtils.java:logGet(43)) - raft.server.log.appender.install.snapshot.enabled = false (custom)
2019-11-15 00:57:26,026 [eccb109f-99d1-4501-bb16-6ecf49b3cdca@group-529DDC391E9C-LeaderElection43] WARN  impl.MetricRegistriesImpl (MetricRegistriesImpl.java:lambda$create$1(61)) - First MetricRegistry has been created without registering reporters. You may need to call MetricRegistries.global().addReportRegistration(...) before.
2019-11-15 00:57:26,026 [eccb109f-99d1-4501-bb16-6ecf49b3cdca@group-529DDC391E9C-LeaderElection43] INFO  server.RaftServerConfigKeys (ConfUtils.java:logGet(43)) - raft.server.log.appender.snapshot.chunk.size.max = 16MB (=16777216) (default)
2019-11-15 00:57:26,027 [eccb109f-99d1-4501-bb16-6ecf49b3cdca@group-529DDC391E9C-LeaderElection43] INFO  server.RaftServerConfigKeys (ConfUtils.java:logGet(43)) - raft.server.log.appender.buffer.byte-limit = 33554432 (custom)
2019-11-15 00:57:26,027 [eccb109f-99d1-4501-bb16-6ecf49b3cdca@group-529DDC391E9C-LeaderElection43] INFO  server.RaftServerConfigKeys (ConfUtils.java:logGet(43)) - raft.server.log.appender.buffer.element-limit = 1 (custom)
2019-11-15 00:57:26,027 [eccb109f-99d1-4501-bb16-6ecf49b3cdca@group-529DDC391E9C-LeaderElection43] INFO  grpc.GrpcConfigKeys$Server (ConfUtils.java:logGet(43)) - raft.grpc.server.leader.outstanding.appends.max = 128 (default)
2019-11-15 00:57:26,027 [eccb109f-99d1-4501-bb16-6ecf49b3cdca@group-529DDC391E9C-LeaderElection43] INFO  server.RaftServerConfigKeys (ConfUtils.java:logGet(43)) - raft.server.rpc.request.timeout = 3000ms (default)
2019-11-15 00:57:26,027 [eccb109f-99d1-4501-bb16-6ecf49b3cdca@group-529DDC391E9C-LeaderElection43] INFO  server.RaftServerConfigKeys (ConfUtils.java:logGet(43)) - raft.server.log.appender.install.snapshot.enabled = false (custom)
2019-11-15 00:57:26,027 [eccb109f-99d1-4501-bb16-6ecf49b3cdca@group-529DDC391E9C-LeaderElection43] INFO  impl.RoleInfo (RoleInfo.java:updateAndGet(143)) - eccb109f-99d1-4501-bb16-6ecf49b3cdca: start LeaderState
2019-11-15 00:57:26,027 [eccb109f-99d1-4501-bb16-6ecf49b3cdca@group-529DDC391E9C-LeaderElection43] INFO  segmented.SegmentedRaftLogWorker (SegmentedRaftLogWorker.java:startLogSegment(385)) - eccb109f-99d1-4501-bb16-6ecf49b3cdca@group-529DDC391E9C-SegmentedRaftLogWorker: Starting segment from index:0
2019-11-15 00:57:26,028 [eccb109f-99d1-4501-bb16-6ecf49b3cdca@group-529DDC391E9C-LeaderElection43] INFO  impl.RaftServerImpl (ServerState.java:setRaftConf(356)) - eccb109f-99d1-4501-bb16-6ecf49b3cdca@group-529DDC391E9C: set configuration 0: [c182b01b-afca-4fcd-8295-9462a850df3a:192.168.164.208:36437, 5fe8490f-f805-406a-80e2-fbda1a66b042:192.168.164.208:45094, eccb109f-99d1-4501-bb16-6ecf49b3cdca:192.168.164.208:44076], old=null at 0
2019-11-15 00:57:26,055 [grpc-default-executor-0] INFO  impl.RaftServerImpl (RaftServerImpl.java:requestVote(776)) - eccb109f-99d1-4501-bb16-6ecf49b3cdca@group-529DDC391E9C-   LEADER: Withhold vote from candidate 5fe8490f-f805-406a-80e2-fbda1a66b042 with term 1. State: leader=eccb109f-99d1-4501-bb16-6ecf49b3cdca, term=1, lastRpcElapsed=null
2019-11-15 00:57:26,056 [9ac24c7e-7e4f-4cef-ab0e-298cb71ae60d@group-D08F3DBE2A41-LeaderElection44] INFO  impl.LeaderElection (LeaderElection.java:logAndReturn(56)) - 9ac24c7e-7e4f-4cef-ab0e-298cb71ae60d@group-D08F3DBE2A41-LeaderElection44: Election PASSED; received 1 response(s) [9ac24c7e-7e4f-4cef-ab0e-298cb71ae60d<-e96d2cc9-026c-4220-b0f4-2bd3b4d5a924#0:OK-t1] and 0 exception(s); 9ac24c7e-7e4f-4cef-ab0e-298cb71ae60d@group-D08F3DBE2A41:t1, leader=null, voted=9ac24c7e-7e4f-4cef-ab0e-298cb71ae60d, raftlog=9ac24c7e-7e4f-4cef-ab0e-298cb71ae60d@group-D08F3DBE2A41-SegmentedRaftLog:OPENED:c-1,f-1,i0, conf=-1: [9ac24c7e-7e4f-4cef-ab0e-298cb71ae60d:192.168.164.208:37265, 4dfd32cc-2252-49fe-ba51-4380d1c0b0d5:192.168.164.208:44082, e96d2cc9-026c-4220-b0f4-2bd3b4d5a924:192.168.164.208:39163], old=null
2019-11-15 00:57:26,056 [5fe8490f-f805-406a-80e2-fbda1a66b042@group-529DDC391E9C-LeaderElection45] INFO  impl.LeaderElection (LeaderElection.java:logAndReturn(56)) - 5fe8490f-f805-406a-80e2-fbda1a66b042@group-529DDC391E9C-LeaderElection45: Election REJECTED; received 2 response(s) [5fe8490f-f805-406a-80e2-fbda1a66b042<-c182b01b-afca-4fcd-8295-9462a850df3a#0:FAIL-t1, 5fe8490f-f805-406a-80e2-fbda1a66b042<-eccb109f-99d1-4501-bb16-6ecf49b3cdca#0:FAIL-t1] and 0 exception(s); 5fe8490f-f805-406a-80e2-fbda1a66b042@group-529DDC391E9C:t1, leader=null, voted=5fe8490f-f805-406a-80e2-fbda1a66b042, raftlog=5fe8490f-f805-406a-80e2-fbda1a66b042@group-529DDC391E9C-SegmentedRaftLog:OPENED:c-1,f-1,i0, conf=-1: [c182b01b-afca-4fcd-8295-9462a850df3a:192.168.164.208:36437, 5fe8490f-f805-406a-80e2-fbda1a66b042:192.168.164.208:45094, eccb109f-99d1-4501-bb16-6ecf49b3cdca:192.168.164.208:44076], old=null
2019-11-15 00:57:26,056 [9ac24c7e-7e4f-4cef-ab0e-298cb71ae60d@group-D08F3DBE2A41-LeaderElection44] INFO  impl.RoleInfo (RoleInfo.java:shutdownLeaderElection(134)) - 9ac24c7e-7e4f-4cef-ab0e-298cb71ae60d: shutdown LeaderElection
2019-11-15 00:57:26,059 [9ac24c7e-7e4f-4cef-ab0e-298cb71ae60d@group-D08F3DBE2A41-LeaderElection44] INFO  impl.RaftServerImpl (RaftServerImpl.java:setRole(173)) - 9ac24c7e-7e4f-4cef-ab0e-298cb71ae60d@group-D08F3DBE2A41: changes role from CANDIDATE to LEADER at term 1 for changeToLeader
2019-11-15 00:57:26,056 [grpc-default-executor-2] INFO  impl.RaftServerImpl (RaftServerImpl.java:setRole(173)) - 5fe8490f-f805-406a-80e2-fbda1a66b042@group-529DDC391E9C: changes role from CANDIDATE to FOLLOWER at term 1 for appendEntries
2019-11-15 00:57:26,061 [grpc-default-executor-2] INFO  impl.RoleInfo (RoleInfo.java:shutdownLeaderElection(134)) - 5fe8490f-f805-406a-80e2-fbda1a66b042: shutdown LeaderElection
2019-11-15 00:57:26,059 [9ac24c7e-7e4f-4cef-ab0e-298cb71ae60d@group-D08F3DBE2A41-LeaderElection44] INFO  ratis.XceiverServerRatis (XceiverServerRatis.java:handleLeaderChangedNotification(697)) - Leader change notification received for group: group-D08F3DBE2A41 with new leaderId: 9ac24c7e-7e4f-4cef-ab0e-298cb71ae60d
2019-11-15 00:57:26,061 [grpc-default-executor-2] INFO  impl.RoleInfo (RoleInfo.java:updateAndGet(143)) - 5fe8490f-f805-406a-80e2-fbda1a66b042: start FollowerState
2019-11-15 00:57:26,064 [9ac24c7e-7e4f-4cef-ab0e-298cb71ae60d@group-D08F3DBE2A41-LeaderElection44] INFO  impl.RaftServerImpl (ServerState.java:setLeader(255)) - 9ac24c7e-7e4f-4cef-ab0e-298cb71ae60d@group-D08F3DBE2A41: change Leader from null to 9ac24c7e-7e4f-4cef-ab0e-298cb71ae60d at term 1 for becomeLeader, leader elected after 1092ms
2019-11-15 00:57:26,063 [grpc-default-executor-0] INFO  ratis.XceiverServerRatis (XceiverServerRatis.java:handleLeaderChangedNotification(697)) - Leader change notification received for group: group-529DDC391E9C with new leaderId: eccb109f-99d1-4501-bb16-6ecf49b3cdca
2019-11-15 00:57:26,064 [9ac24c7e-7e4f-4cef-ab0e-298cb71ae60d@group-D08F3DBE2A41-LeaderElection44] INFO  server.RaftServerConfigKeys (ConfUtils.java:logGet(43)) - raft.server.staging.catchup.gap = 1000 (default)
2019-11-15 00:57:26,064 [9ac24c7e-7e4f-4cef-ab0e-298cb71ae60d@group-D08F3DBE2A41-LeaderElection44] INFO  server.RaftServerConfigKeys (ConfUtils.java:logGet(43)) - raft.server.rpc.sleep.time = 25ms (default)
2019-11-15 00:57:26,064 [grpc-default-executor-2] INFO  ratis.XceiverServerRatis (XceiverServerRatis.java:handleLeaderChangedNotification(697)) - Leader change notification received for group: group-529DDC391E9C with new leaderId: eccb109f-99d1-4501-bb16-6ecf49b3cdca
2019-11-15 00:57:26,064 [9ac24c7e-7e4f-4cef-ab0e-298cb71ae60d@group-D08F3DBE2A41-LeaderElection44] INFO  server.RaftServerConfigKeys (ConfUtils.java:logGet(43)) - raft.server.write.element-limit = 4096 (default)
2019-11-15 00:57:26,064 [grpc-default-executor-0] INFO  impl.RaftServerImpl (ServerState.java:setLeader(255)) - c182b01b-afca-4fcd-8295-9462a850df3a@group-529DDC391E9C: change Leader from null to eccb109f-99d1-4501-bb16-6ecf49b3cdca at term 1 for appendEntries, leader elected after 1155ms
2019-11-15 00:57:26,064 [9ac24c7e-7e4f-4cef-ab0e-298cb71ae60d@group-D08F3DBE2A41-LeaderElection44] INFO  server.RaftServerConfigKeys (ConfUtils.java:logGet(43)) - raft.server.watch.timeout = 10s (default)
2019-11-15 00:57:26,064 [grpc-default-executor-2] INFO  impl.RaftServerImpl (ServerState.java:setLeader(255)) - 5fe8490f-f805-406a-80e2-fbda1a66b042@group-529DDC391E9C: change Leader from null to eccb109f-99d1-4501-bb16-6ecf49b3cdca at term 1 for appendEntries, leader elected after 1155ms
2019-11-15 00:57:26,065 [EventQueue-PipelineReportForPipelineReportHandler] INFO  pipeline.PipelineStateManager (PipelineStateManager.java:openPipeline(134)) - Pipeline Pipeline[ Id: ca999b04-e5fd-4619-99ba-d08f3dbe2a41, Nodes: 9ac24c7e-7e4f-4cef-ab0e-298cb71ae60d{ip: 192.168.164.208, host: pr-hdds-2442-bxv5b-1523879440, networkLocation: /rack1, certSerialId: null}4dfd32cc-2252-49fe-ba51-4380d1c0b0d5{ip: 192.168.164.208, host: pr-hdds-2442-bxv5b-1523879440, networkLocation: /rack1, certSerialId: null}e96d2cc9-026c-4220-b0f4-2bd3b4d5a924{ip: 192.168.164.208, host: pr-hdds-2442-bxv5b-1523879440, networkLocation: /rack1, certSerialId: null}, Type:RATIS, Factor:THREE, State:OPEN] moved to OPEN state
2019-11-15 00:57:26,065 [9ac24c7e-7e4f-4cef-ab0e-298cb71ae60d@group-D08F3DBE2A41-LeaderElection44] INFO  server.RaftServerConfigKeys (ConfUtils.java:logGet(43)) - raft.server.watch.timeout.denomination = 1s (default)
2019-11-15 00:57:26,065 [9ac24c7e-7e4f-4cef-ab0e-298cb71ae60d@group-D08F3DBE2A41-LeaderElection44] INFO  server.RaftServerConfigKeys (ConfUtils.java:logGet(43)) - raft.server.watch.element-limit = 65536 (default)
2019-11-15 00:57:26,065 [9ac24c7e-7e4f-4cef-ab0e-298cb71ae60d@group-D08F3DBE2A41-LeaderElection44] INFO  server.RaftServerConfigKeys (ConfUtils.java:logGet(43)) - raft.server.log.appender.snapshot.chunk.size.max = 16MB (=16777216) (default)
2019-11-15 00:57:26,066 [9ac24c7e-7e4f-4cef-ab0e-298cb71ae60d@group-D08F3DBE2A41-LeaderElection44] INFO  server.RaftServerConfigKeys (ConfUtils.java:logGet(43)) - raft.server.log.appender.buffer.byte-limit = 33554432 (custom)
2019-11-15 00:57:26,066 [9ac24c7e-7e4f-4cef-ab0e-298cb71ae60d@group-D08F3DBE2A41-LeaderElection44] INFO  server.RaftServerConfigKeys (ConfUtils.java:logGet(43)) - raft.server.log.appender.buffer.element-limit = 1 (custom)
2019-11-15 00:57:26,066 [9ac24c7e-7e4f-4cef-ab0e-298cb71ae60d@group-D08F3DBE2A41-LeaderElection44] INFO  grpc.GrpcConfigKeys$Server (ConfUtils.java:logGet(43)) - raft.grpc.server.leader.outstanding.appends.max = 128 (default)
2019-11-15 00:57:26,066 [grpc-default-executor-2] INFO  impl.RaftServerImpl (ServerState.java:setRaftConf(356)) - c182b01b-afca-4fcd-8295-9462a850df3a@group-529DDC391E9C: set configuration 0: [c182b01b-afca-4fcd-8295-9462a850df3a:192.168.164.208:36437, 5fe8490f-f805-406a-80e2-fbda1a66b042:192.168.164.208:45094, eccb109f-99d1-4501-bb16-6ecf49b3cdca:192.168.164.208:44076], old=null at 0
2019-11-15 00:57:26,068 [grpc-default-executor-0] INFO  impl.RaftServerImpl (ServerState.java:setRaftConf(356)) - 5fe8490f-f805-406a-80e2-fbda1a66b042@group-529DDC391E9C: set configuration 0: [c182b01b-afca-4fcd-8295-9462a850df3a:192.168.164.208:36437, 5fe8490f-f805-406a-80e2-fbda1a66b042:192.168.164.208:45094, eccb109f-99d1-4501-bb16-6ecf49b3cdca:192.168.164.208:44076], old=null at 0
2019-11-15 00:57:26,068 [eccb109f-99d1-4501-bb16-6ecf49b3cdca@group-529DDC391E9C-SegmentedRaftLogWorker] INFO  segmented.SegmentedRaftLogWorker (SegmentedRaftLogWorker.java:execute(576)) - eccb109f-99d1-4501-bb16-6ecf49b3cdca@group-529DDC391E9C-SegmentedRaftLogWorker: created new log segment /workdir/hadoop-ozone/integration-test/target/test-dir/MiniOzoneClusterImpl-8fc52630-20fd-4955-97d1-2a2852f9ee58/datanode-0/data/ratis/1625d0bf-1f01-4798-94f4-529ddc391e9c/current/log_inprogress_0
2019-11-15 00:57:26,066 [9ac24c7e-7e4f-4cef-ab0e-298cb71ae60d@group-D08F3DBE2A41-LeaderElection44] INFO  server.RaftServerConfigKeys (ConfUtils.java:logGet(43)) - raft.server.rpc.request.timeout = 3000ms (default)
2019-11-15 00:57:26,068 [grpc-default-executor-0] INFO  segmented.SegmentedRaftLogWorker (SegmentedRaftLogWorker.java:startLogSegment(385)) - 5fe8490f-f805-406a-80e2-fbda1a66b042@group-529DDC391E9C-SegmentedRaftLogWorker: Starting segment from index:0
2019-11-15 00:57:26,068 [grpc-default-executor-2] INFO  segmented.SegmentedRaftLogWorker (SegmentedRaftLogWorker.java:startLogSegment(385)) - c182b01b-afca-4fcd-8295-9462a850df3a@group-529DDC391E9C-SegmentedRaftLogWorker: Starting segment from index:0
2019-11-15 00:57:26,068 [9ac24c7e-7e4f-4cef-ab0e-298cb71ae60d@group-D08F3DBE2A41-LeaderElection44] INFO  server.RaftServerConfigKeys (ConfUtils.java:logGet(43)) - raft.server.log.appender.install.snapshot.enabled = false (custom)
2019-11-15 00:57:26,069 [9ac24c7e-7e4f-4cef-ab0e-298cb71ae60d@group-D08F3DBE2A41-LeaderElection44] WARN  impl.MetricRegistriesImpl (MetricRegistriesImpl.java:lambda$create$1(61)) - First MetricRegistry has been created without registering reporters. You may need to call MetricRegistries.global().addReportRegistration(...) before.
2019-11-15 00:57:26,069 [9ac24c7e-7e4f-4cef-ab0e-298cb71ae60d@group-D08F3DBE2A41-LeaderElection44] INFO  server.RaftServerConfigKeys (ConfUtils.java:logGet(43)) - raft.server.log.appender.snapshot.chunk.size.max = 16MB (=16777216) (default)
2019-11-15 00:57:26,069 [9ac24c7e-7e4f-4cef-ab0e-298cb71ae60d@group-D08F3DBE2A41-LeaderElection44] INFO  server.RaftServerConfigKeys (ConfUtils.java:logGet(43)) - raft.server.log.appender.buffer.byte-limit = 33554432 (custom)
2019-11-15 00:57:26,069 [9ac24c7e-7e4f-4cef-ab0e-298cb71ae60d@group-D08F3DBE2A41-LeaderElection44] INFO  server.RaftServerConfigKeys (ConfUtils.java:logGet(43)) - raft.server.log.appender.buffer.element-limit = 1 (custom)
2019-11-15 00:57:26,070 [9ac24c7e-7e4f-4cef-ab0e-298cb71ae60d@group-D08F3DBE2A41-LeaderElection44] INFO  grpc.GrpcConfigKeys$Server (ConfUtils.java:logGet(43)) - raft.grpc.server.leader.outstanding.appends.max = 128 (default)
2019-11-15 00:57:26,070 [9ac24c7e-7e4f-4cef-ab0e-298cb71ae60d@group-D08F3DBE2A41-LeaderElection44] INFO  server.RaftServerConfigKeys (ConfUtils.java:logGet(43)) - raft.server.rpc.request.timeout = 3000ms (default)
2019-11-15 00:57:26,070 [9ac24c7e-7e4f-4cef-ab0e-298cb71ae60d@group-D08F3DBE2A41-LeaderElection44] INFO  server.RaftServerConfigKeys (ConfUtils.java:logGet(43)) - raft.server.log.appender.install.snapshot.enabled = false (custom)
2019-11-15 00:57:26,070 [9ac24c7e-7e4f-4cef-ab0e-298cb71ae60d@group-D08F3DBE2A41-LeaderElection44] INFO  impl.RoleInfo (RoleInfo.java:updateAndGet(143)) - 9ac24c7e-7e4f-4cef-ab0e-298cb71ae60d: start LeaderState
2019-11-15 00:57:26,070 [9ac24c7e-7e4f-4cef-ab0e-298cb71ae60d@group-D08F3DBE2A41-LeaderElection44] INFO  segmented.SegmentedRaftLogWorker (SegmentedRaftLogWorker.java:startLogSegment(385)) - 9ac24c7e-7e4f-4cef-ab0e-298cb71ae60d@group-D08F3DBE2A41-SegmentedRaftLogWorker: Starting segment from index:0
2019-11-15 00:57:26,071 [9ac24c7e-7e4f-4cef-ab0e-298cb71ae60d@group-D08F3DBE2A41-LeaderElection44] INFO  impl.RaftServerImpl (ServerState.java:setRaftConf(356)) - 9ac24c7e-7e4f-4cef-ab0e-298cb71ae60d@group-D08F3DBE2A41: set configuration 0: [9ac24c7e-7e4f-4cef-ab0e-298cb71ae60d:192.168.164.208:37265, 4dfd32cc-2252-49fe-ba51-4380d1c0b0d5:192.168.164.208:44082, e96d2cc9-026c-4220-b0f4-2bd3b4d5a924:192.168.164.208:39163], old=null at 0
2019-11-15 00:57:26,111 [grpc-default-executor-0] INFO  ratis.XceiverServerRatis (XceiverServerRatis.java:handleLeaderChangedNotification(697)) - Leader change notification received for group: group-D08F3DBE2A41 with new leaderId: 9ac24c7e-7e4f-4cef-ab0e-298cb71ae60d
2019-11-15 00:57:26,111 [grpc-default-executor-0] INFO  impl.RaftServerImpl (ServerState.java:setLeader(255)) - 4dfd32cc-2252-49fe-ba51-4380d1c0b0d5@group-D08F3DBE2A41: change Leader from null to 9ac24c7e-7e4f-4cef-ab0e-298cb71ae60d at term 1 for appendEntries, leader elected after 1143ms
2019-11-15 00:57:26,113 [grpc-default-executor-2] INFO  ratis.XceiverServerRatis (XceiverServerRatis.java:handleLeaderChangedNotification(697)) - Leader change notification received for group: group-D08F3DBE2A41 with new leaderId: 9ac24c7e-7e4f-4cef-ab0e-298cb71ae60d
2019-11-15 00:57:26,113 [grpc-default-executor-2] INFO  impl.RaftServerImpl (ServerState.java:setLeader(255)) - e96d2cc9-026c-4220-b0f4-2bd3b4d5a924@group-D08F3DBE2A41: change Leader from null to 9ac24c7e-7e4f-4cef-ab0e-298cb71ae60d at term 1 for appendEntries, leader elected after 1145ms
2019-11-15 00:57:26,114 [9ac24c7e-7e4f-4cef-ab0e-298cb71ae60d@group-D08F3DBE2A41-SegmentedRaftLogWorker] INFO  segmented.SegmentedRaftLogWorker (SegmentedRaftLogWorker.java:execute(576)) - 9ac24c7e-7e4f-4cef-ab0e-298cb71ae60d@group-D08F3DBE2A41-SegmentedRaftLogWorker: created new log segment /workdir/hadoop-ozone/integration-test/target/test-dir/MiniOzoneClusterImpl-8fc52630-20fd-4955-97d1-2a2852f9ee58/datanode-3/data/ratis/ca999b04-e5fd-4619-99ba-d08f3dbe2a41/current/log_inprogress_0
2019-11-15 00:57:26,114 [5fe8490f-f805-406a-80e2-fbda1a66b042@group-529DDC391E9C-SegmentedRaftLogWorker] INFO  segmented.SegmentedRaftLogWorker (SegmentedRaftLogWorker.java:execute(576)) - 5fe8490f-f805-406a-80e2-fbda1a66b042@group-529DDC391E9C-SegmentedRaftLogWorker: created new log segment /workdir/hadoop-ozone/integration-test/target/test-dir/MiniOzoneClusterImpl-8fc52630-20fd-4955-97d1-2a2852f9ee58/datanode-2/data/ratis/1625d0bf-1f01-4798-94f4-529ddc391e9c/current/log_inprogress_0
2019-11-15 00:57:26,114 [c182b01b-afca-4fcd-8295-9462a850df3a@group-529DDC391E9C-SegmentedRaftLogWorker] INFO  segmented.SegmentedRaftLogWorker (SegmentedRaftLogWorker.java:execute(576)) - c182b01b-afca-4fcd-8295-9462a850df3a@group-529DDC391E9C-SegmentedRaftLogWorker: created new log segment /workdir/hadoop-ozone/integration-test/target/test-dir/MiniOzoneClusterImpl-8fc52630-20fd-4955-97d1-2a2852f9ee58/datanode-4/data/ratis/1625d0bf-1f01-4798-94f4-529ddc391e9c/current/log_inprogress_0
2019-11-15 00:57:26,116 [grpc-default-executor-2] INFO  impl.RaftServerImpl (ServerState.java:setRaftConf(356)) - 4dfd32cc-2252-49fe-ba51-4380d1c0b0d5@group-D08F3DBE2A41: set configuration 0: [9ac24c7e-7e4f-4cef-ab0e-298cb71ae60d:192.168.164.208:37265, 4dfd32cc-2252-49fe-ba51-4380d1c0b0d5:192.168.164.208:44082, e96d2cc9-026c-4220-b0f4-2bd3b4d5a924:192.168.164.208:39163], old=null at 0
2019-11-15 00:57:26,116 [grpc-default-executor-2] INFO  segmented.SegmentedRaftLogWorker (SegmentedRaftLogWorker.java:startLogSegment(385)) - 4dfd32cc-2252-49fe-ba51-4380d1c0b0d5@group-D08F3DBE2A41-SegmentedRaftLogWorker: Starting segment from index:0
2019-11-15 00:57:26,118 [grpc-default-executor-0] INFO  impl.RaftServerImpl (ServerState.java:setRaftConf(356)) - e96d2cc9-026c-4220-b0f4-2bd3b4d5a924@group-D08F3DBE2A41: set configuration 0: [9ac24c7e-7e4f-4cef-ab0e-298cb71ae60d:192.168.164.208:37265, 4dfd32cc-2252-49fe-ba51-4380d1c0b0d5:192.168.164.208:44082, e96d2cc9-026c-4220-b0f4-2bd3b4d5a924:192.168.164.208:39163], old=null at 0
2019-11-15 00:57:26,118 [grpc-default-executor-0] INFO  segmented.SegmentedRaftLogWorker (SegmentedRaftLogWorker.java:startLogSegment(385)) - e96d2cc9-026c-4220-b0f4-2bd3b4d5a924@group-D08F3DBE2A41-SegmentedRaftLogWorker: Starting segment from index:0
2019-11-15 00:57:26,129 [Thread-1509] INFO  impl.FollowerState (FollowerState.java:run(111)) - eccb109f-99d1-4501-bb16-6ecf49b3cdca@group-F658B4985483-FollowerState: change to CANDIDATE, lastRpcTime:1036ms, electionTimeout:1036ms
2019-11-15 00:57:26,129 [Thread-1509] INFO  impl.RoleInfo (RoleInfo.java:shutdownFollowerState(121)) - eccb109f-99d1-4501-bb16-6ecf49b3cdca: shutdown FollowerState
2019-11-15 00:57:26,129 [Thread-1509] INFO  impl.RaftServerImpl (RaftServerImpl.java:setRole(173)) - eccb109f-99d1-4501-bb16-6ecf49b3cdca@group-F658B4985483: changes role from  FOLLOWER to CANDIDATE at term 0 for changeToCandidate
2019-11-15 00:57:26,129 [Thread-1509] INFO  impl.RoleInfo (RoleInfo.java:updateAndGet(143)) - eccb109f-99d1-4501-bb16-6ecf49b3cdca: start LeaderElection
2019-11-15 00:57:26,149 [Thread-1505] INFO  impl.FollowerState (FollowerState.java:run(111)) - 5fe8490f-f805-406a-80e2-fbda1a66b042@group-A2A7FA27FDC7-FollowerState: change to CANDIDATE, lastRpcTime:1116ms, electionTimeout:1098ms
2019-11-15 00:57:26,149 [Thread-1505] INFO  impl.RoleInfo (RoleInfo.java:shutdownFollowerState(121)) - 5fe8490f-f805-406a-80e2-fbda1a66b042: shutdown FollowerState
2019-11-15 00:57:26,149 [Thread-1505] INFO  impl.RaftServerImpl (RaftServerImpl.java:setRole(173)) - 5fe8490f-f805-406a-80e2-fbda1a66b042@group-A2A7FA27FDC7: changes role from  FOLLOWER to CANDIDATE at term 0 for changeToCandidate
2019-11-15 00:57:26,151 [Thread-1505] INFO  impl.RoleInfo (RoleInfo.java:updateAndGet(143)) - 5fe8490f-f805-406a-80e2-fbda1a66b042: start LeaderElection
2019-11-15 00:57:26,174 [4dfd32cc-2252-49fe-ba51-4380d1c0b0d5@group-D08F3DBE2A41-SegmentedRaftLogWorker] INFO  segmented.SegmentedRaftLogWorker (SegmentedRaftLogWorker.java:execute(576)) - 4dfd32cc-2252-49fe-ba51-4380d1c0b0d5@group-D08F3DBE2A41-SegmentedRaftLogWorker: created new log segment /workdir/hadoop-ozone/integration-test/target/test-dir/MiniOzoneClusterImpl-8fc52630-20fd-4955-97d1-2a2852f9ee58/datanode-5/data/ratis/ca999b04-e5fd-4619-99ba-d08f3dbe2a41/current/log_inprogress_0
2019-11-15 00:57:26,174 [e96d2cc9-026c-4220-b0f4-2bd3b4d5a924@group-D08F3DBE2A41-SegmentedRaftLogWorker] INFO  segmented.SegmentedRaftLogWorker (SegmentedRaftLogWorker.java:execute(576)) - e96d2cc9-026c-4220-b0f4-2bd3b4d5a924@group-D08F3DBE2A41-SegmentedRaftLogWorker: created new log segment /workdir/hadoop-ozone/integration-test/target/test-dir/MiniOzoneClusterImpl-8fc52630-20fd-4955-97d1-2a2852f9ee58/datanode-7/data/ratis/ca999b04-e5fd-4619-99ba-d08f3dbe2a41/current/log_inprogress_0
2019-11-15 00:57:26,174 [eccb109f-99d1-4501-bb16-6ecf49b3cdca@group-F658B4985483-LeaderElection46] INFO  impl.LeaderElection (LeaderElection.java:askForVotes(178)) - eccb109f-99d1-4501-bb16-6ecf49b3cdca@group-F658B4985483-LeaderElection46: begin an election at term 1 for -1: [eccb109f-99d1-4501-bb16-6ecf49b3cdca:192.168.164.208:44076], old=null
2019-11-15 00:57:26,174 [5fe8490f-f805-406a-80e2-fbda1a66b042@group-A2A7FA27FDC7-LeaderElection47] INFO  impl.LeaderElection (LeaderElection.java:askForVotes(178)) - 5fe8490f-f805-406a-80e2-fbda1a66b042@group-A2A7FA27FDC7-LeaderElection47: begin an election at term 1 for -1: [5fe8490f-f805-406a-80e2-fbda1a66b042:192.168.164.208:45094], old=null
2019-11-15 00:57:26,175 [eccb109f-99d1-4501-bb16-6ecf49b3cdca@group-F658B4985483-LeaderElection46] INFO  impl.RoleInfo (RoleInfo.java:shutdownLeaderElection(134)) - eccb109f-99d1-4501-bb16-6ecf49b3cdca: shutdown LeaderElection
2019-11-15 00:57:26,175 [5fe8490f-f805-406a-80e2-fbda1a66b042@group-A2A7FA27FDC7-LeaderElection47] INFO  impl.RoleInfo (RoleInfo.java:shutdownLeaderElection(134)) - 5fe8490f-f805-406a-80e2-fbda1a66b042: shutdown LeaderElection
2019-11-15 00:57:26,175 [eccb109f-99d1-4501-bb16-6ecf49b3cdca@group-F658B4985483-LeaderElection46] INFO  impl.RaftServerImpl (RaftServerImpl.java:setRole(173)) - eccb109f-99d1-4501-bb16-6ecf49b3cdca@group-F658B4985483: changes role from CANDIDATE to LEADER at term 1 for changeToLeader
2019-11-15 00:57:26,175 [5fe8490f-f805-406a-80e2-fbda1a66b042@group-A2A7FA27FDC7-LeaderElection47] INFO  impl.RaftServerImpl (RaftServerImpl.java:setRole(173)) - 5fe8490f-f805-406a-80e2-fbda1a66b042@group-A2A7FA27FDC7: changes role from CANDIDATE to LEADER at term 1 for changeToLeader
2019-11-15 00:57:26,175 [eccb109f-99d1-4501-bb16-6ecf49b3cdca@group-F658B4985483-LeaderElection46] INFO  ratis.XceiverServerRatis (XceiverServerRatis.java:handleLeaderChangedNotification(697)) - Leader change notification received for group: group-F658B4985483 with new leaderId: eccb109f-99d1-4501-bb16-6ecf49b3cdca
2019-11-15 00:57:26,175 [5fe8490f-f805-406a-80e2-fbda1a66b042@group-A2A7FA27FDC7-LeaderElection47] INFO  ratis.XceiverServerRatis (XceiverServerRatis.java:handleLeaderChangedNotification(697)) - Leader change notification received for group: group-A2A7FA27FDC7 with new leaderId: 5fe8490f-f805-406a-80e2-fbda1a66b042
2019-11-15 00:57:26,175 [eccb109f-99d1-4501-bb16-6ecf49b3cdca@group-F658B4985483-LeaderElection46] INFO  impl.RaftServerImpl (ServerState.java:setLeader(255)) - eccb109f-99d1-4501-bb16-6ecf49b3cdca@group-F658B4985483: change Leader from null to eccb109f-99d1-4501-bb16-6ecf49b3cdca at term 1 for becomeLeader, leader elected after 1085ms
2019-11-15 00:57:26,175 [5fe8490f-f805-406a-80e2-fbda1a66b042@group-A2A7FA27FDC7-LeaderElection47] INFO  impl.RaftServerImpl (ServerState.java:setLeader(255)) - 5fe8490f-f805-406a-80e2-fbda1a66b042@group-A2A7FA27FDC7: change Leader from null to 5fe8490f-f805-406a-80e2-fbda1a66b042 at term 1 for becomeLeader, leader elected after 1145ms
2019-11-15 00:57:26,175 [eccb109f-99d1-4501-bb16-6ecf49b3cdca@group-F658B4985483-LeaderElection46] INFO  server.RaftServerConfigKeys (ConfUtils.java:logGet(43)) - raft.server.staging.catchup.gap = 1000 (default)
2019-11-15 00:57:26,175 [5fe8490f-f805-406a-80e2-fbda1a66b042@group-A2A7FA27FDC7-LeaderElection47] INFO  server.RaftServerConfigKeys (ConfUtils.java:logGet(43)) - raft.server.staging.catchup.gap = 1000 (default)
2019-11-15 00:57:26,176 [eccb109f-99d1-4501-bb16-6ecf49b3cdca@group-F658B4985483-LeaderElection46] INFO  server.RaftServerConfigKeys (ConfUtils.java:logGet(43)) - raft.server.rpc.sleep.time = 25ms (default)
2019-11-15 00:57:26,176 [5fe8490f-f805-406a-80e2-fbda1a66b042@group-A2A7FA27FDC7-LeaderElection47] INFO  server.RaftServerConfigKeys (ConfUtils.java:logGet(43)) - raft.server.rpc.sleep.time = 25ms (default)
2019-11-15 00:57:26,176 [eccb109f-99d1-4501-bb16-6ecf49b3cdca@group-F658B4985483-LeaderElection46] INFO  server.RaftServerConfigKeys (ConfUtils.java:logGet(43)) - raft.server.write.element-limit = 4096 (default)
2019-11-15 00:57:26,176 [5fe8490f-f805-406a-80e2-fbda1a66b042@group-A2A7FA27FDC7-LeaderElection47] INFO  server.RaftServerConfigKeys (ConfUtils.java:logGet(43)) - raft.server.write.element-limit = 4096 (default)
2019-11-15 00:57:26,176 [eccb109f-99d1-4501-bb16-6ecf49b3cdca@group-F658B4985483-LeaderElection46] INFO  server.RaftServerConfigKeys (ConfUtils.java:logGet(43)) - raft.server.watch.timeout = 10s (default)
2019-11-15 00:57:26,176 [EventQueue-PipelineReportForPipelineReportHandler] INFO  pipeline.PipelineStateManager (PipelineStateManager.java:openPipeline(134)) - Pipeline Pipeline[ Id: 04a86e1f-5566-4c61-90c8-a2a7fa27fdc7, Nodes: 5fe8490f-f805-406a-80e2-fbda1a66b042{ip: 192.168.164.208, host: pr-hdds-2442-bxv5b-1523879440, networkLocation: /rack1, certSerialId: null}, Type:RATIS, Factor:ONE, State:OPEN] moved to OPEN state
2019-11-15 00:57:26,176 [5fe8490f-f805-406a-80e2-fbda1a66b042@group-A2A7FA27FDC7-LeaderElection47] INFO  server.RaftServerConfigKeys (ConfUtils.java:logGet(43)) - raft.server.watch.timeout = 10s (default)
2019-11-15 00:57:26,176 [EventQueue-PipelineReportForPipelineReportHandler] INFO  pipeline.PipelineStateManager (PipelineStateManager.java:openPipeline(134)) - Pipeline Pipeline[ Id: dcef50af-0139-49aa-a4eb-f658b4985483, Nodes: eccb109f-99d1-4501-bb16-6ecf49b3cdca{ip: 192.168.164.208, host: pr-hdds-2442-bxv5b-1523879440, networkLocation: /rack1, certSerialId: null}, Type:RATIS, Factor:ONE, State:OPEN] moved to OPEN state
2019-11-15 00:57:26,176 [eccb109f-99d1-4501-bb16-6ecf49b3cdca@group-F658B4985483-LeaderElection46] INFO  server.RaftServerConfigKeys (ConfUtils.java:logGet(43)) - raft.server.watch.timeout.denomination = 1s (default)
2019-11-15 00:57:26,177 [5fe8490f-f805-406a-80e2-fbda1a66b042@group-A2A7FA27FDC7-LeaderElection47] INFO  server.RaftServerConfigKeys (ConfUtils.java:logGet(43)) - raft.server.watch.timeout.denomination = 1s (default)
2019-11-15 00:57:26,177 [eccb109f-99d1-4501-bb16-6ecf49b3cdca@group-F658B4985483-LeaderElection46] INFO  server.RaftServerConfigKeys (ConfUtils.java:logGet(43)) - raft.server.watch.element-limit = 65536 (default)
2019-11-15 00:57:26,177 [5fe8490f-f805-406a-80e2-fbda1a66b042@group-A2A7FA27FDC7-LeaderElection47] INFO  server.RaftServerConfigKeys (ConfUtils.java:logGet(43)) - raft.server.watch.element-limit = 65536 (default)
2019-11-15 00:57:26,177 [eccb109f-99d1-4501-bb16-6ecf49b3cdca@group-F658B4985483-LeaderElection46] INFO  impl.RoleInfo (RoleInfo.java:updateAndGet(143)) - eccb109f-99d1-4501-bb16-6ecf49b3cdca: start LeaderState
2019-11-15 00:57:26,177 [5fe8490f-f805-406a-80e2-fbda1a66b042@group-A2A7FA27FDC7-LeaderElection47] INFO  impl.RoleInfo (RoleInfo.java:updateAndGet(143)) - 5fe8490f-f805-406a-80e2-fbda1a66b042: start LeaderState
2019-11-15 00:57:26,177 [eccb109f-99d1-4501-bb16-6ecf49b3cdca@group-F658B4985483-LeaderElection46] INFO  segmented.SegmentedRaftLogWorker (SegmentedRaftLogWorker.java:startLogSegment(385)) - eccb109f-99d1-4501-bb16-6ecf49b3cdca@group-F658B4985483-SegmentedRaftLogWorker: Starting segment from index:0
2019-11-15 00:57:26,177 [5fe8490f-f805-406a-80e2-fbda1a66b042@group-A2A7FA27FDC7-LeaderElection47] INFO  segmented.SegmentedRaftLogWorker (SegmentedRaftLogWorker.java:startLogSegment(385)) - 5fe8490f-f805-406a-80e2-fbda1a66b042@group-A2A7FA27FDC7-SegmentedRaftLogWorker: Starting segment from index:0
2019-11-15 00:57:26,178 [eccb109f-99d1-4501-bb16-6ecf49b3cdca@group-F658B4985483-LeaderElection46] INFO  impl.RaftServerImpl (ServerState.java:setRaftConf(356)) - eccb109f-99d1-4501-bb16-6ecf49b3cdca@group-F658B4985483: set configuration 0: [eccb109f-99d1-4501-bb16-6ecf49b3cdca:192.168.164.208:44076], old=null at 0
2019-11-15 00:57:26,178 [5fe8490f-f805-406a-80e2-fbda1a66b042@group-A2A7FA27FDC7-LeaderElection47] INFO  impl.RaftServerImpl (ServerState.java:setRaftConf(356)) - 5fe8490f-f805-406a-80e2-fbda1a66b042@group-A2A7FA27FDC7: set configuration 0: [5fe8490f-f805-406a-80e2-fbda1a66b042:192.168.164.208:45094], old=null at 0
2019-11-15 00:57:26,227 [5fe8490f-f805-406a-80e2-fbda1a66b042@group-A2A7FA27FDC7-SegmentedRaftLogWorker] INFO  segmented.SegmentedRaftLogWorker (SegmentedRaftLogWorker.java:execute(576)) - 5fe8490f-f805-406a-80e2-fbda1a66b042@group-A2A7FA27FDC7-SegmentedRaftLogWorker: created new log segment /workdir/hadoop-ozone/integration-test/target/test-dir/MiniOzoneClusterImpl-8fc52630-20fd-4955-97d1-2a2852f9ee58/datanode-2/data/ratis/04a86e1f-5566-4c61-90c8-a2a7fa27fdc7/current/log_inprogress_0
2019-11-15 00:57:26,227 [eccb109f-99d1-4501-bb16-6ecf49b3cdca@group-F658B4985483-SegmentedRaftLogWorker] INFO  segmented.SegmentedRaftLogWorker (SegmentedRaftLogWorker.java:execute(576)) - eccb109f-99d1-4501-bb16-6ecf49b3cdca@group-F658B4985483-SegmentedRaftLogWorker: created new log segment /workdir/hadoop-ozone/integration-test/target/test-dir/MiniOzoneClusterImpl-8fc52630-20fd-4955-97d1-2a2852f9ee58/datanode-0/data/ratis/dcef50af-0139-49aa-a4eb-f658b4985483/current/log_inprogress_0
2019-11-15 00:57:26,344 [Thread-1516] INFO  impl.FollowerState (FollowerState.java:run(111)) - 0bfc3546-5406-43b9-8d67-9a12bf5503d8@group-7EAD115034F9-FollowerState: change to CANDIDATE, lastRpcTime:1074ms, electionTimeout:1074ms
2019-11-15 00:57:26,344 [Thread-1516] INFO  impl.RoleInfo (RoleInfo.java:shutdownFollowerState(121)) - 0bfc3546-5406-43b9-8d67-9a12bf5503d8: shutdown FollowerState
2019-11-15 00:57:26,344 [Thread-1516] INFO  impl.RaftServerImpl (RaftServerImpl.java:setRole(173)) - 0bfc3546-5406-43b9-8d67-9a12bf5503d8@group-7EAD115034F9: changes role from  FOLLOWER to CANDIDATE at term 0 for changeToCandidate
2019-11-15 00:57:26,344 [Thread-1516] INFO  impl.RoleInfo (RoleInfo.java:updateAndGet(143)) - 0bfc3546-5406-43b9-8d67-9a12bf5503d8: start LeaderElection
2019-11-15 00:57:26,362 [0bfc3546-5406-43b9-8d67-9a12bf5503d8@group-7EAD115034F9-LeaderElection48] INFO  impl.LeaderElection (LeaderElection.java:askForVotes(178)) - 0bfc3546-5406-43b9-8d67-9a12bf5503d8@group-7EAD115034F9-LeaderElection48: begin an election at term 1 for -1: [0bfc3546-5406-43b9-8d67-9a12bf5503d8:192.168.164.208:37596], old=null
2019-11-15 00:57:26,362 [0bfc3546-5406-43b9-8d67-9a12bf5503d8@group-7EAD115034F9-LeaderElection48] INFO  impl.RoleInfo (RoleInfo.java:shutdownLeaderElection(134)) - 0bfc3546-5406-43b9-8d67-9a12bf5503d8: shutdown LeaderElection
2019-11-15 00:57:26,362 [0bfc3546-5406-43b9-8d67-9a12bf5503d8@group-7EAD115034F9-LeaderElection48] INFO  impl.RaftServerImpl (RaftServerImpl.java:setRole(173)) - 0bfc3546-5406-43b9-8d67-9a12bf5503d8@group-7EAD115034F9: changes role from CANDIDATE to LEADER at term 1 for changeToLeader
2019-11-15 00:57:26,362 [0bfc3546-5406-43b9-8d67-9a12bf5503d8@group-7EAD115034F9-LeaderElection48] INFO  ratis.XceiverServerRatis (XceiverServerRatis.java:handleLeaderChangedNotification(697)) - Leader change notification received for group: group-7EAD115034F9 with new leaderId: 0bfc3546-5406-43b9-8d67-9a12bf5503d8
2019-11-15 00:57:26,362 [0bfc3546-5406-43b9-8d67-9a12bf5503d8@group-7EAD115034F9-LeaderElection48] INFO  impl.RaftServerImpl (ServerState.java:setLeader(255)) - 0bfc3546-5406-43b9-8d67-9a12bf5503d8@group-7EAD115034F9: change Leader from null to 0bfc3546-5406-43b9-8d67-9a12bf5503d8 at term 1 for becomeLeader, leader elected after 1096ms
2019-11-15 00:57:26,362 [0bfc3546-5406-43b9-8d67-9a12bf5503d8@group-7EAD115034F9-LeaderElection48] INFO  server.RaftServerConfigKeys (ConfUtils.java:logGet(43)) - raft.server.staging.catchup.gap = 1000 (default)
2019-11-15 00:57:26,363 [0bfc3546-5406-43b9-8d67-9a12bf5503d8@group-7EAD115034F9-LeaderElection48] INFO  server.RaftServerConfigKeys (ConfUtils.java:logGet(43)) - raft.server.rpc.sleep.time = 25ms (default)
2019-11-15 00:57:26,363 [0bfc3546-5406-43b9-8d67-9a12bf5503d8@group-7EAD115034F9-LeaderElection48] INFO  server.RaftServerConfigKeys (ConfUtils.java:logGet(43)) - raft.server.write.element-limit = 4096 (default)
2019-11-15 00:57:26,363 [0bfc3546-5406-43b9-8d67-9a12bf5503d8@group-7EAD115034F9-LeaderElection48] INFO  server.RaftServerConfigKeys (ConfUtils.java:logGet(43)) - raft.server.watch.timeout = 10s (default)
2019-11-15 00:57:26,363 [0bfc3546-5406-43b9-8d67-9a12bf5503d8@group-7EAD115034F9-LeaderElection48] INFO  server.RaftServerConfigKeys (ConfUtils.java:logGet(43)) - raft.server.watch.timeout.denomination = 1s (default)
2019-11-15 00:57:26,363 [0bfc3546-5406-43b9-8d67-9a12bf5503d8@group-7EAD115034F9-LeaderElection48] INFO  server.RaftServerConfigKeys (ConfUtils.java:logGet(43)) - raft.server.watch.element-limit = 65536 (default)
2019-11-15 00:57:26,363 [0bfc3546-5406-43b9-8d67-9a12bf5503d8@group-7EAD115034F9-LeaderElection48] INFO  impl.RoleInfo (RoleInfo.java:updateAndGet(143)) - 0bfc3546-5406-43b9-8d67-9a12bf5503d8: start LeaderState
2019-11-15 00:57:26,363 [0bfc3546-5406-43b9-8d67-9a12bf5503d8@group-7EAD115034F9-LeaderElection48] INFO  segmented.SegmentedRaftLogWorker (SegmentedRaftLogWorker.java:startLogSegment(385)) - 0bfc3546-5406-43b9-8d67-9a12bf5503d8@group-7EAD115034F9-SegmentedRaftLogWorker: Starting segment from index:0
2019-11-15 00:57:26,363 [EventQueue-PipelineReportForPipelineReportHandler] INFO  pipeline.PipelineStateManager (PipelineStateManager.java:openPipeline(134)) - Pipeline Pipeline[ Id: c04539b9-0183-45e4-8995-7ead115034f9, Nodes: 0bfc3546-5406-43b9-8d67-9a12bf5503d8{ip: 192.168.164.208, host: pr-hdds-2442-bxv5b-1523879440, networkLocation: /rack1, certSerialId: null}, Type:RATIS, Factor:ONE, State:OPEN] moved to OPEN state
2019-11-15 00:57:26,364 [0bfc3546-5406-43b9-8d67-9a12bf5503d8@group-7EAD115034F9-LeaderElection48] INFO  impl.RaftServerImpl (ServerState.java:setRaftConf(356)) - 0bfc3546-5406-43b9-8d67-9a12bf5503d8@group-7EAD115034F9: set configuration 0: [0bfc3546-5406-43b9-8d67-9a12bf5503d8:192.168.164.208:37596], old=null at 0
2019-11-15 00:57:26,418 [0bfc3546-5406-43b9-8d67-9a12bf5503d8@group-7EAD115034F9-SegmentedRaftLogWorker] INFO  segmented.SegmentedRaftLogWorker (SegmentedRaftLogWorker.java:execute(576)) - 0bfc3546-5406-43b9-8d67-9a12bf5503d8@group-7EAD115034F9-SegmentedRaftLogWorker: created new log segment /workdir/hadoop-ozone/integration-test/target/test-dir/MiniOzoneClusterImpl-8fc52630-20fd-4955-97d1-2a2852f9ee58/datanode-9/data/ratis/c04539b9-0183-45e4-8995-7ead115034f9/current/log_inprogress_0
2019-11-15 00:57:26,469 [Thread-1520] INFO  impl.FollowerState (FollowerState.java:run(111)) - 8692cc3a-c5e2-4bd5-b878-b8217203f52e@group-1DD6D94E4861-FollowerState: change to CANDIDATE, lastRpcTime:1150ms, electionTimeout:1150ms
2019-11-15 00:57:26,469 [Thread-1520] INFO  impl.RoleInfo (RoleInfo.java:shutdownFollowerState(121)) - 8692cc3a-c5e2-4bd5-b878-b8217203f52e: shutdown FollowerState
2019-11-15 00:57:26,469 [Thread-1520] INFO  impl.RaftServerImpl (RaftServerImpl.java:setRole(173)) - 8692cc3a-c5e2-4bd5-b878-b8217203f52e@group-1DD6D94E4861: changes role from  FOLLOWER to CANDIDATE at term 0 for changeToCandidate
2019-11-15 00:57:26,470 [Thread-1520] INFO  impl.RoleInfo (RoleInfo.java:updateAndGet(143)) - 8692cc3a-c5e2-4bd5-b878-b8217203f52e: start LeaderElection
2019-11-15 00:57:26,490 [8692cc3a-c5e2-4bd5-b878-b8217203f52e@group-1DD6D94E4861-LeaderElection49] INFO  impl.LeaderElection (LeaderElection.java:askForVotes(178)) - 8692cc3a-c5e2-4bd5-b878-b8217203f52e@group-1DD6D94E4861-LeaderElection49: begin an election at term 1 for -1: [8692cc3a-c5e2-4bd5-b878-b8217203f52e:192.168.164.208:45622], old=null
2019-11-15 00:57:26,490 [8692cc3a-c5e2-4bd5-b878-b8217203f52e@group-1DD6D94E4861-LeaderElection49] INFO  impl.RoleInfo (RoleInfo.java:shutdownLeaderElection(134)) - 8692cc3a-c5e2-4bd5-b878-b8217203f52e: shutdown LeaderElection
2019-11-15 00:57:26,490 [8692cc3a-c5e2-4bd5-b878-b8217203f52e@group-1DD6D94E4861-LeaderElection49] INFO  impl.RaftServerImpl (RaftServerImpl.java:setRole(173)) - 8692cc3a-c5e2-4bd5-b878-b8217203f52e@group-1DD6D94E4861: changes role from CANDIDATE to LEADER at term 1 for changeToLeader
2019-11-15 00:57:26,490 [8692cc3a-c5e2-4bd5-b878-b8217203f52e@group-1DD6D94E4861-LeaderElection49] INFO  ratis.XceiverServerRatis (XceiverServerRatis.java:handleLeaderChangedNotification(697)) - Leader change notification received for group: group-1DD6D94E4861 with new leaderId: 8692cc3a-c5e2-4bd5-b878-b8217203f52e
2019-11-15 00:57:26,491 [8692cc3a-c5e2-4bd5-b878-b8217203f52e@group-1DD6D94E4861-LeaderElection49] INFO  impl.RaftServerImpl (ServerState.java:setLeader(255)) - 8692cc3a-c5e2-4bd5-b878-b8217203f52e@group-1DD6D94E4861: change Leader from null to 8692cc3a-c5e2-4bd5-b878-b8217203f52e at term 1 for becomeLeader, leader elected after 1175ms
2019-11-15 00:57:26,491 [8692cc3a-c5e2-4bd5-b878-b8217203f52e@group-1DD6D94E4861-LeaderElection49] INFO  server.RaftServerConfigKeys (ConfUtils.java:logGet(43)) - raft.server.staging.catchup.gap = 1000 (default)
2019-11-15 00:57:26,491 [8692cc3a-c5e2-4bd5-b878-b8217203f52e@group-1DD6D94E4861-LeaderElection49] INFO  server.RaftServerConfigKeys (ConfUtils.java:logGet(43)) - raft.server.rpc.sleep.time = 25ms (default)
2019-11-15 00:57:26,491 [8692cc3a-c5e2-4bd5-b878-b8217203f52e@group-1DD6D94E4861-LeaderElection49] INFO  server.RaftServerConfigKeys (ConfUtils.java:logGet(43)) - raft.server.write.element-limit = 4096 (default)
2019-11-15 00:57:26,491 [8692cc3a-c5e2-4bd5-b878-b8217203f52e@group-1DD6D94E4861-LeaderElection49] INFO  server.RaftServerConfigKeys (ConfUtils.java:logGet(43)) - raft.server.watch.timeout = 10s (default)
2019-11-15 00:57:26,491 [8692cc3a-c5e2-4bd5-b878-b8217203f52e@group-1DD6D94E4861-LeaderElection49] INFO  server.RaftServerConfigKeys (ConfUtils.java:logGet(43)) - raft.server.watch.timeout.denomination = 1s (default)
2019-11-15 00:57:26,492 [8692cc3a-c5e2-4bd5-b878-b8217203f52e@group-1DD6D94E4861-LeaderElection49] INFO  server.RaftServerConfigKeys (ConfUtils.java:logGet(43)) - raft.server.watch.element-limit = 65536 (default)
2019-11-15 00:57:26,492 [8692cc3a-c5e2-4bd5-b878-b8217203f52e@group-1DD6D94E4861-LeaderElection49] INFO  impl.RoleInfo (RoleInfo.java:updateAndGet(143)) - 8692cc3a-c5e2-4bd5-b878-b8217203f52e: start LeaderState
2019-11-15 00:57:26,492 [EventQueue-PipelineReportForPipelineReportHandler] INFO  pipeline.PipelineStateManager (PipelineStateManager.java:openPipeline(134)) - Pipeline Pipeline[ Id: 1d9e048d-18bf-4ed0-934b-1dd6d94e4861, Nodes: 8692cc3a-c5e2-4bd5-b878-b8217203f52e{ip: 192.168.164.208, host: pr-hdds-2442-bxv5b-1523879440, networkLocation: /rack1, certSerialId: null}, Type:RATIS, Factor:ONE, State:OPEN] moved to OPEN state
2019-11-15 00:57:26,492 [8692cc3a-c5e2-4bd5-b878-b8217203f52e@group-1DD6D94E4861-LeaderElection49] INFO  segmented.SegmentedRaftLogWorker (SegmentedRaftLogWorker.java:startLogSegment(385)) - 8692cc3a-c5e2-4bd5-b878-b8217203f52e@group-1DD6D94E4861-SegmentedRaftLogWorker: Starting segment from index:0
2019-11-15 00:57:26,493 [8692cc3a-c5e2-4bd5-b878-b8217203f52e@group-1DD6D94E4861-LeaderElection49] INFO  impl.RaftServerImpl (ServerState.java:setRaftConf(356)) - 8692cc3a-c5e2-4bd5-b878-b8217203f52e@group-1DD6D94E4861: set configuration 0: [8692cc3a-c5e2-4bd5-b878-b8217203f52e:192.168.164.208:45622], old=null at 0
2019-11-15 00:57:26,530 [8692cc3a-c5e2-4bd5-b878-b8217203f52e@group-1DD6D94E4861-SegmentedRaftLogWorker] INFO  segmented.SegmentedRaftLogWorker (SegmentedRaftLogWorker.java:execute(576)) - 8692cc3a-c5e2-4bd5-b878-b8217203f52e@group-1DD6D94E4861-SegmentedRaftLogWorker: created new log segment /workdir/hadoop-ozone/integration-test/target/test-dir/MiniOzoneClusterImpl-8fc52630-20fd-4955-97d1-2a2852f9ee58/datanode-8/data/ratis/1d9e048d-18bf-4ed0-934b-1dd6d94e4861/current/log_inprogress_0
2019-11-15 00:57:26,608 [Thread-1530] INFO  impl.FollowerState (FollowerState.java:run(111)) - 8692cc3a-c5e2-4bd5-b878-b8217203f52e@group-5812CD6E2952-FollowerState: change to CANDIDATE, lastRpcTime:1063ms, electionTimeout:1063ms
2019-11-15 00:57:26,609 [Thread-1530] INFO  impl.RoleInfo (RoleInfo.java:shutdownFollowerState(121)) - 8692cc3a-c5e2-4bd5-b878-b8217203f52e: shutdown FollowerState
2019-11-15 00:57:26,609 [Thread-1530] INFO  impl.RaftServerImpl (RaftServerImpl.java:setRole(173)) - 8692cc3a-c5e2-4bd5-b878-b8217203f52e@group-5812CD6E2952: changes role from  FOLLOWER to CANDIDATE at term 0 for changeToCandidate
2019-11-15 00:57:26,609 [Thread-1530] INFO  impl.RoleInfo (RoleInfo.java:updateAndGet(143)) - 8692cc3a-c5e2-4bd5-b878-b8217203f52e: start LeaderElection
2019-11-15 00:57:26,635 [8692cc3a-c5e2-4bd5-b878-b8217203f52e@group-5812CD6E2952-LeaderElection50] INFO  impl.LeaderElection (LeaderElection.java:askForVotes(178)) - 8692cc3a-c5e2-4bd5-b878-b8217203f52e@group-5812CD6E2952-LeaderElection50: begin an election at term 1 for -1: [0bfc3546-5406-43b9-8d67-9a12bf5503d8:192.168.164.208:37596, efbac357-ca4e-4ee4-91b4-c654bf02dfcf:192.168.164.208:33848, 8692cc3a-c5e2-4bd5-b878-b8217203f52e:192.168.164.208:45622], old=null
2019-11-15 00:57:26,639 [grpc-default-executor-2] INFO  impl.RaftServerImpl (RaftServerImpl.java:setRole(173)) - efbac357-ca4e-4ee4-91b4-c654bf02dfcf@group-5812CD6E2952: changes role from  FOLLOWER to FOLLOWER at term 1 for recognizeCandidate:8692cc3a-c5e2-4bd5-b878-b8217203f52e
2019-11-15 00:57:26,639 [grpc-default-executor-2] INFO  impl.RoleInfo (RoleInfo.java:shutdownFollowerState(121)) - efbac357-ca4e-4ee4-91b4-c654bf02dfcf: shutdown FollowerState
2019-11-15 00:57:26,639 [Thread-1526] INFO  impl.FollowerState (FollowerState.java:run(120)) - efbac357-ca4e-4ee4-91b4-c654bf02dfcf@group-5812CD6E2952-FollowerState was interrupted: java.lang.InterruptedException: sleep interrupted
2019-11-15 00:57:26,639 [grpc-default-executor-2] INFO  impl.RoleInfo (RoleInfo.java:updateAndGet(143)) - efbac357-ca4e-4ee4-91b4-c654bf02dfcf: start FollowerState
2019-11-15 00:57:26,642 [grpc-default-executor-0] INFO  impl.RaftServerImpl (RaftServerImpl.java:setRole(173)) - 0bfc3546-5406-43b9-8d67-9a12bf5503d8@group-5812CD6E2952: changes role from  FOLLOWER to FOLLOWER at term 1 for recognizeCandidate:8692cc3a-c5e2-4bd5-b878-b8217203f52e
2019-11-15 00:57:26,642 [grpc-default-executor-0] INFO  impl.RoleInfo (RoleInfo.java:shutdownFollowerState(121)) - 0bfc3546-5406-43b9-8d67-9a12bf5503d8: shutdown FollowerState
2019-11-15 00:57:26,642 [grpc-default-executor-0] INFO  impl.RoleInfo (RoleInfo.java:updateAndGet(143)) - 0bfc3546-5406-43b9-8d67-9a12bf5503d8: start FollowerState
2019-11-15 00:57:26,642 [Thread-1531] INFO  impl.FollowerState (FollowerState.java:run(120)) - 0bfc3546-5406-43b9-8d67-9a12bf5503d8@group-5812CD6E2952-FollowerState was interrupted: java.lang.InterruptedException: sleep interrupted
2019-11-15 00:57:26,652 [8692cc3a-c5e2-4bd5-b878-b8217203f52e@group-5812CD6E2952-LeaderElection50] INFO  impl.LeaderElection (LeaderElection.java:logAndReturn(56)) - 8692cc3a-c5e2-4bd5-b878-b8217203f52e@group-5812CD6E2952-LeaderElection50: Election PASSED; received 1 response(s) [8692cc3a-c5e2-4bd5-b878-b8217203f52e<-efbac357-ca4e-4ee4-91b4-c654bf02dfcf#0:OK-t1] and 0 exception(s); 8692cc3a-c5e2-4bd5-b878-b8217203f52e@group-5812CD6E2952:t1, leader=null, voted=8692cc3a-c5e2-4bd5-b878-b8217203f52e, raftlog=8692cc3a-c5e2-4bd5-b878-b8217203f52e@group-5812CD6E2952-SegmentedRaftLog:OPENED:c-1,f-1,i0, conf=-1: [0bfc3546-5406-43b9-8d67-9a12bf5503d8:192.168.164.208:37596, efbac357-ca4e-4ee4-91b4-c654bf02dfcf:192.168.164.208:33848, 8692cc3a-c5e2-4bd5-b878-b8217203f52e:192.168.164.208:45622], old=null
2019-11-15 00:57:26,652 [8692cc3a-c5e2-4bd5-b878-b8217203f52e@group-5812CD6E2952-LeaderElection50] INFO  impl.RoleInfo (RoleInfo.java:shutdownLeaderElection(134)) - 8692cc3a-c5e2-4bd5-b878-b8217203f52e: shutdown LeaderElection
2019-11-15 00:57:26,652 [8692cc3a-c5e2-4bd5-b878-b8217203f52e@group-5812CD6E2952-LeaderElection50] INFO  impl.RaftServerImpl (RaftServerImpl.java:setRole(173)) - 8692cc3a-c5e2-4bd5-b878-b8217203f52e@group-5812CD6E2952: changes role from CANDIDATE to LEADER at term 1 for changeToLeader
2019-11-15 00:57:26,652 [8692cc3a-c5e2-4bd5-b878-b8217203f52e@group-5812CD6E2952-LeaderElection50] INFO  ratis.XceiverServerRatis (XceiverServerRatis.java:handleLeaderChangedNotification(697)) - Leader change notification received for group: group-5812CD6E2952 with new leaderId: 8692cc3a-c5e2-4bd5-b878-b8217203f52e
2019-11-15 00:57:26,652 [8692cc3a-c5e2-4bd5-b878-b8217203f52e@group-5812CD6E2952-LeaderElection50] INFO  impl.RaftServerImpl (ServerState.java:setLeader(255)) - 8692cc3a-c5e2-4bd5-b878-b8217203f52e@group-5812CD6E2952: change Leader from null to 8692cc3a-c5e2-4bd5-b878-b8217203f52e at term 1 for becomeLeader, leader elected after 1115ms
2019-11-15 00:57:26,652 [8692cc3a-c5e2-4bd5-b878-b8217203f52e@group-5812CD6E2952-LeaderElection50] INFO  server.RaftServerConfigKeys (ConfUtils.java:logGet(43)) - raft.server.staging.catchup.gap = 1000 (default)
2019-11-15 00:57:26,652 [8692cc3a-c5e2-4bd5-b878-b8217203f52e@group-5812CD6E2952-LeaderElection50] INFO  server.RaftServerConfigKeys (ConfUtils.java:logGet(43)) - raft.server.rpc.sleep.time = 25ms (default)
2019-11-15 00:57:26,653 [8692cc3a-c5e2-4bd5-b878-b8217203f52e@group-5812CD6E2952-LeaderElection50] INFO  server.RaftServerConfigKeys (ConfUtils.java:logGet(43)) - raft.server.write.element-limit = 4096 (default)
2019-11-15 00:57:26,653 [8692cc3a-c5e2-4bd5-b878-b8217203f52e@group-5812CD6E2952-LeaderElection50] INFO  server.RaftServerConfigKeys (ConfUtils.java:logGet(43)) - raft.server.watch.timeout = 10s (default)
2019-11-15 00:57:26,653 [8692cc3a-c5e2-4bd5-b878-b8217203f52e@group-5812CD6E2952-LeaderElection50] INFO  server.RaftServerConfigKeys (ConfUtils.java:logGet(43)) - raft.server.watch.timeout.denomination = 1s (default)
2019-11-15 00:57:26,653 [8692cc3a-c5e2-4bd5-b878-b8217203f52e@group-5812CD6E2952-LeaderElection50] INFO  server.RaftServerConfigKeys (ConfUtils.java:logGet(43)) - raft.server.watch.element-limit = 65536 (default)
2019-11-15 00:57:26,653 [EventQueue-PipelineReportForPipelineReportHandler] INFO  pipeline.PipelineStateManager (PipelineStateManager.java:openPipeline(134)) - Pipeline Pipeline[ Id: b23f0923-e2e3-4ddd-b768-5812cd6e2952, Nodes: efbac357-ca4e-4ee4-91b4-c654bf02dfcf{ip: 192.168.164.208, host: pr-hdds-2442-bxv5b-1523879440, networkLocation: /rack1, certSerialId: null}8692cc3a-c5e2-4bd5-b878-b8217203f52e{ip: 192.168.164.208, host: pr-hdds-2442-bxv5b-1523879440, networkLocation: /rack1, certSerialId: null}0bfc3546-5406-43b9-8d67-9a12bf5503d8{ip: 192.168.164.208, host: pr-hdds-2442-bxv5b-1523879440, networkLocation: /rack1, certSerialId: null}, Type:RATIS, Factor:THREE, State:OPEN] moved to OPEN state
2019-11-15 00:57:26,655 [8692cc3a-c5e2-4bd5-b878-b8217203f52e@group-5812CD6E2952-LeaderElection50] INFO  server.RaftServerConfigKeys (ConfUtils.java:logGet(43)) - raft.server.log.appender.snapshot.chunk.size.max = 16MB (=16777216) (default)
2019-11-15 00:57:26,655 [8692cc3a-c5e2-4bd5-b878-b8217203f52e@group-5812CD6E2952-LeaderElection50] INFO  server.RaftServerConfigKeys (ConfUtils.java:logGet(43)) - raft.server.log.appender.buffer.byte-limit = 33554432 (custom)
2019-11-15 00:57:26,655 [8692cc3a-c5e2-4bd5-b878-b8217203f52e@group-5812CD6E2952-LeaderElection50] INFO  server.RaftServerConfigKeys (ConfUtils.java:logGet(43)) - raft.server.log.appender.buffer.element-limit = 1 (custom)
2019-11-15 00:57:26,656 [8692cc3a-c5e2-4bd5-b878-b8217203f52e@group-5812CD6E2952-LeaderElection50] INFO  grpc.GrpcConfigKeys$Server (ConfUtils.java:logGet(43)) - raft.grpc.server.leader.outstanding.appends.max = 128 (default)
2019-11-15 00:57:26,656 [8692cc3a-c5e2-4bd5-b878-b8217203f52e@group-5812CD6E2952-LeaderElection50] INFO  server.RaftServerConfigKeys (ConfUtils.java:logGet(43)) - raft.server.rpc.request.timeout = 3000ms (default)
2019-11-15 00:57:26,656 [8692cc3a-c5e2-4bd5-b878-b8217203f52e@group-5812CD6E2952-LeaderElection50] INFO  server.RaftServerConfigKeys (ConfUtils.java:logGet(43)) - raft.server.log.appender.install.snapshot.enabled = false (custom)
2019-11-15 00:57:26,656 [8692cc3a-c5e2-4bd5-b878-b8217203f52e@group-5812CD6E2952-LeaderElection50] WARN  impl.MetricRegistriesImpl (MetricRegistriesImpl.java:lambda$create$1(61)) - First MetricRegistry has been created without registering reporters. You may need to call MetricRegistries.global().addReportRegistration(...) before.
2019-11-15 00:57:26,656 [8692cc3a-c5e2-4bd5-b878-b8217203f52e@group-5812CD6E2952-LeaderElection50] INFO  server.RaftServerConfigKeys (ConfUtils.java:logGet(43)) - raft.server.log.appender.snapshot.chunk.size.max = 16MB (=16777216) (default)
2019-11-15 00:57:26,656 [8692cc3a-c5e2-4bd5-b878-b8217203f52e@group-5812CD6E2952-LeaderElection50] INFO  server.RaftServerConfigKeys (ConfUtils.java:logGet(43)) - raft.server.log.appender.buffer.byte-limit = 33554432 (custom)
2019-11-15 00:57:26,657 [8692cc3a-c5e2-4bd5-b878-b8217203f52e@group-5812CD6E2952-LeaderElection50] INFO  server.RaftServerConfigKeys (ConfUtils.java:logGet(43)) - raft.server.log.appender.buffer.element-limit = 1 (custom)
2019-11-15 00:57:26,657 [8692cc3a-c5e2-4bd5-b878-b8217203f52e@group-5812CD6E2952-LeaderElection50] INFO  grpc.GrpcConfigKeys$Server (ConfUtils.java:logGet(43)) - raft.grpc.server.leader.outstanding.appends.max = 128 (default)
2019-11-15 00:57:26,657 [8692cc3a-c5e2-4bd5-b878-b8217203f52e@group-5812CD6E2952-LeaderElection50] INFO  server.RaftServerConfigKeys (ConfUtils.java:logGet(43)) - raft.server.rpc.request.timeout = 3000ms (default)
2019-11-15 00:57:26,657 [8692cc3a-c5e2-4bd5-b878-b8217203f52e@group-5812CD6E2952-LeaderElection50] INFO  server.RaftServerConfigKeys (ConfUtils.java:logGet(43)) - raft.server.log.appender.install.snapshot.enabled = false (custom)
2019-11-15 00:57:26,657 [8692cc3a-c5e2-4bd5-b878-b8217203f52e@group-5812CD6E2952-LeaderElection50] INFO  impl.RoleInfo (RoleInfo.java:updateAndGet(143)) - 8692cc3a-c5e2-4bd5-b878-b8217203f52e: start LeaderState
2019-11-15 00:57:26,657 [8692cc3a-c5e2-4bd5-b878-b8217203f52e@group-5812CD6E2952-LeaderElection50] INFO  segmented.SegmentedRaftLogWorker (SegmentedRaftLogWorker.java:startLogSegment(385)) - 8692cc3a-c5e2-4bd5-b878-b8217203f52e@group-5812CD6E2952-SegmentedRaftLogWorker: Starting segment from index:0
2019-11-15 00:57:26,658 [8692cc3a-c5e2-4bd5-b878-b8217203f52e@group-5812CD6E2952-LeaderElection50] INFO  impl.RaftServerImpl (ServerState.java:setRaftConf(356)) - 8692cc3a-c5e2-4bd5-b878-b8217203f52e@group-5812CD6E2952: set configuration 0: [0bfc3546-5406-43b9-8d67-9a12bf5503d8:192.168.164.208:37596, efbac357-ca4e-4ee4-91b4-c654bf02dfcf:192.168.164.208:33848, 8692cc3a-c5e2-4bd5-b878-b8217203f52e:192.168.164.208:45622], old=null at 0
2019-11-15 00:57:26,696 [grpc-default-executor-2] INFO  ratis.XceiverServerRatis (XceiverServerRatis.java:handleLeaderChangedNotification(697)) - Leader change notification received for group: group-5812CD6E2952 with new leaderId: 8692cc3a-c5e2-4bd5-b878-b8217203f52e
2019-11-15 00:57:26,699 [grpc-default-executor-2] INFO  impl.RaftServerImpl (ServerState.java:setLeader(255)) - efbac357-ca4e-4ee4-91b4-c654bf02dfcf@group-5812CD6E2952: change Leader from null to 8692cc3a-c5e2-4bd5-b878-b8217203f52e at term 1 for appendEntries, leader elected after 1159ms
2019-11-15 00:57:26,701 [grpc-default-executor-5] INFO  ratis.XceiverServerRatis (XceiverServerRatis.java:handleLeaderChangedNotification(697)) - Leader change notification received for group: group-5812CD6E2952 with new leaderId: 8692cc3a-c5e2-4bd5-b878-b8217203f52e
2019-11-15 00:57:26,701 [grpc-default-executor-5] INFO  impl.RaftServerImpl (ServerState.java:setLeader(255)) - 0bfc3546-5406-43b9-8d67-9a12bf5503d8@group-5812CD6E2952: change Leader from null to 8692cc3a-c5e2-4bd5-b878-b8217203f52e at term 1 for appendEntries, leader elected after 1163ms
2019-11-15 00:57:26,705 [grpc-default-executor-5] INFO  impl.RaftServerImpl (ServerState.java:setRaftConf(356)) - efbac357-ca4e-4ee4-91b4-c654bf02dfcf@group-5812CD6E2952: set configuration 0: [0bfc3546-5406-43b9-8d67-9a12bf5503d8:192.168.164.208:37596, efbac357-ca4e-4ee4-91b4-c654bf02dfcf:192.168.164.208:33848, 8692cc3a-c5e2-4bd5-b878-b8217203f52e:192.168.164.208:45622], old=null at 0
2019-11-15 00:57:26,705 [grpc-default-executor-0] INFO  impl.RaftServerImpl (ServerState.java:setRaftConf(356)) - 0bfc3546-5406-43b9-8d67-9a12bf5503d8@group-5812CD6E2952: set configuration 0: [0bfc3546-5406-43b9-8d67-9a12bf5503d8:192.168.164.208:37596, efbac357-ca4e-4ee4-91b4-c654bf02dfcf:192.168.164.208:33848, 8692cc3a-c5e2-4bd5-b878-b8217203f52e:192.168.164.208:45622], old=null at 0
2019-11-15 00:57:26,706 [grpc-default-executor-5] INFO  segmented.SegmentedRaftLogWorker (SegmentedRaftLogWorker.java:startLogSegment(385)) - efbac357-ca4e-4ee4-91b4-c654bf02dfcf@group-5812CD6E2952-SegmentedRaftLogWorker: Starting segment from index:0
2019-11-15 00:57:26,706 [grpc-default-executor-0] INFO  segmented.SegmentedRaftLogWorker (SegmentedRaftLogWorker.java:startLogSegment(385)) - 0bfc3546-5406-43b9-8d67-9a12bf5503d8@group-5812CD6E2952-SegmentedRaftLogWorker: Starting segment from index:0
2019-11-15 00:57:26,719 [8692cc3a-c5e2-4bd5-b878-b8217203f52e@group-5812CD6E2952-SegmentedRaftLogWorker] INFO  segmented.SegmentedRaftLogWorker (SegmentedRaftLogWorker.java:execute(576)) - 8692cc3a-c5e2-4bd5-b878-b8217203f52e@group-5812CD6E2952-SegmentedRaftLogWorker: created new log segment /workdir/hadoop-ozone/integration-test/target/test-dir/MiniOzoneClusterImpl-8fc52630-20fd-4955-97d1-2a2852f9ee58/datanode-8/data/ratis/b23f0923-e2e3-4ddd-b768-5812cd6e2952/current/log_inprogress_0
2019-11-15 00:57:26,751 [efbac357-ca4e-4ee4-91b4-c654bf02dfcf@group-5812CD6E2952-SegmentedRaftLogWorker] INFO  segmented.SegmentedRaftLogWorker (SegmentedRaftLogWorker.java:execute(576)) - efbac357-ca4e-4ee4-91b4-c654bf02dfcf@group-5812CD6E2952-SegmentedRaftLogWorker: created new log segment /workdir/hadoop-ozone/integration-test/target/test-dir/MiniOzoneClusterImpl-8fc52630-20fd-4955-97d1-2a2852f9ee58/datanode-6/data/ratis/b23f0923-e2e3-4ddd-b768-5812cd6e2952/current/log_inprogress_0
2019-11-15 00:57:26,751 [0bfc3546-5406-43b9-8d67-9a12bf5503d8@group-5812CD6E2952-SegmentedRaftLogWorker] INFO  segmented.SegmentedRaftLogWorker (SegmentedRaftLogWorker.java:execute(576)) - 0bfc3546-5406-43b9-8d67-9a12bf5503d8@group-5812CD6E2952-SegmentedRaftLogWorker: created new log segment /workdir/hadoop-ozone/integration-test/target/test-dir/MiniOzoneClusterImpl-8fc52630-20fd-4955-97d1-2a2852f9ee58/datanode-9/data/ratis/b23f0923-e2e3-4ddd-b768-5812cd6e2952/current/log_inprogress_0
2019-11-15 00:57:40,229 [main] INFO  ozone.MiniOzoneClusterImpl (MiniOzoneClusterImpl.java:shutdown(352)) - Shutting down the Mini Ozone Cluster
2019-11-15 00:57:40,229 [main] INFO  ozone.MiniOzoneClusterImpl (MiniOzoneClusterImpl.java:stop(368)) - Stopping the Mini Ozone Cluster
2019-11-15 00:57:40,230 [main] INFO  ozone.MiniOzoneClusterImpl (MiniOzoneClusterImpl.java:stopOM(438)) - Stopping the OzoneManager
2019-11-15 00:57:40,230 [main] INFO  ipc.Server (Server.java:stop(3082)) - Stopping server on 45410
2019-11-15 00:57:40,234 [IPC Server listener on 45410] INFO  ipc.Server (Server.java:run(1185)) - Stopping IPC Server listener on 45410
2019-11-15 00:57:40,235 [main] INFO  ratis.OzoneManagerDoubleBuffer (OzoneManagerDoubleBuffer.java:stop(261)) - Stopping OMDoubleBuffer flush thread
2019-11-15 00:57:40,235 [IPC Server Responder] INFO  ipc.Server (Server.java:run(1319)) - Stopping IPC Server Responder
2019-11-15 00:57:40,235 [OMDoubleBufferFlushThread] INFO  ratis.OzoneManagerDoubleBuffer (OzoneManagerDoubleBuffer.java:flushTransactions(199)) - OMDoubleBuffer flush thread OMDoubleBufferFlushThread is interrupted and will exit. OMDoubleBufferFlushThread
2019-11-15 00:57:40,236 [main] INFO  utils.BackgroundService (BackgroundService.java:shutdown(151)) - Shutting down service KeyDeletingService
2019-11-15 00:57:40,238 [main] INFO  handler.ContextHandler (ContextHandler.java:doStop(910)) - Stopped o.e.j.w.WebAppContext@36c2d629{/,null,UNAVAILABLE}{/ozoneManager}
2019-11-15 00:57:40,239 [main] INFO  server.AbstractConnector (AbstractConnector.java:doStop(318)) - Stopped ServerConnector@55fee662{HTTP/1.1,[http/1.1]}{0.0.0.0:0}
2019-11-15 00:57:40,239 [main] INFO  handler.ContextHandler (ContextHandler.java:doStop(910)) - Stopped o.e.j.s.ServletContextHandler@76d72b5b{/static,file:///workdir/hadoop-ozone/integration-test/target/test-classes/webapps/static,UNAVAILABLE}
2019-11-15 00:57:40,240 [main] INFO  handler.ContextHandler (ContextHandler.java:doStop(910)) - Stopped o.e.j.s.ServletContextHandler@4ace284d{/logs,file:///workdir/hadoop-ozone/integration-test/target/log,UNAVAILABLE}
2019-11-15 00:57:40,244 [main] INFO  ozone.MiniOzoneClusterImpl (MiniOzoneClusterImpl.java:stopDatanodes(415)) - Stopping the HddsDatanodes
2019-11-15 00:57:40,858 [Datanode State Machine Thread - 0] INFO  statemachine.DatanodeStateMachine (DatanodeStateMachine.java:lambda$startDaemon$0(355)) - Ozone container server started.
2019-11-15 00:57:41,180 [Datanode State Machine Thread - 0] INFO  statemachine.DatanodeStateMachine (DatanodeStateMachine.java:lambda$startDaemon$0(355)) - Ozone container server started.
2019-11-15 00:57:45,245 [ForkJoinPool.commonPool-worker-1] INFO  ozoneimpl.OzoneContainer (OzoneContainer.java:stop(244)) - Attempting to stop container services.
2019-11-15 00:57:45,245 [main] INFO  ozoneimpl.OzoneContainer (OzoneContainer.java:stop(244)) - Attempting to stop container services.
2019-11-15 00:57:45,246 [ForkJoinPool.commonPool-worker-1] INFO  impl.RaftServerProxy (RaftServerProxy.java:lambda$close$4(314)) - 5fe8490f-f805-406a-80e2-fbda1a66b042: close
2019-11-15 00:57:45,247 [main] INFO  impl.RaftServerProxy (RaftServerProxy.java:lambda$close$4(314)) - 4dfd32cc-2252-49fe-ba51-4380d1c0b0d5: close
2019-11-15 00:57:45,247 [main] INFO  impl.RaftServerImpl (RaftServerImpl.java:lambda$shutdown$3(250)) - 4dfd32cc-2252-49fe-ba51-4380d1c0b0d5@group-D08F3DBE2A41: shutdown
2019-11-15 00:57:45,247 [ForkJoinPool.commonPool-worker-1] INFO  impl.RaftServerImpl (RaftServerImpl.java:lambda$shutdown$3(250)) - 5fe8490f-f805-406a-80e2-fbda1a66b042@group-529DDC391E9C: shutdown
2019-11-15 00:57:45,247 [main] INFO  util.JmxRegister (JmxRegister.java:unregister(73)) - Successfully un-registered JMX Bean with object name Ratis:service=RaftServer,group=group-D08F3DBE2A41,id=4dfd32cc-2252-49fe-ba51-4380d1c0b0d5
2019-11-15 00:57:45,247 [ForkJoinPool.commonPool-worker-1] INFO  util.JmxRegister (JmxRegister.java:unregister(73)) - Successfully un-registered JMX Bean with object name Ratis:service=RaftServer,group=group-529DDC391E9C,id=5fe8490f-f805-406a-80e2-fbda1a66b042
2019-11-15 00:57:45,248 [ForkJoinPool.commonPool-worker-1] INFO  impl.RoleInfo (RoleInfo.java:shutdownFollowerState(121)) - 5fe8490f-f805-406a-80e2-fbda1a66b042: shutdown FollowerState
2019-11-15 00:57:45,248 [main] INFO  impl.RoleInfo (RoleInfo.java:shutdownFollowerState(121)) - 4dfd32cc-2252-49fe-ba51-4380d1c0b0d5: shutdown FollowerState
2019-11-15 00:57:45,248 [ForkJoinPool.commonPool-worker-1] INFO  impl.StateMachineUpdater (StateMachineUpdater.java:stopAndJoin(136)) - 5fe8490f-f805-406a-80e2-fbda1a66b042@group-529DDC391E9C-StateMachineUpdater: set stopIndex = 0
2019-11-15 00:57:45,248 [main] INFO  impl.StateMachineUpdater (StateMachineUpdater.java:stopAndJoin(136)) - 4dfd32cc-2252-49fe-ba51-4380d1c0b0d5@group-D08F3DBE2A41-StateMachineUpdater: set stopIndex = 0
2019-11-15 00:57:45,249 [Thread-1551] INFO  impl.FollowerState (FollowerState.java:run(120)) - 4dfd32cc-2252-49fe-ba51-4380d1c0b0d5@group-D08F3DBE2A41-FollowerState was interrupted: java.lang.InterruptedException: sleep interrupted
2019-11-15 00:57:45,248 [Thread-1556] INFO  impl.FollowerState (FollowerState.java:run(120)) - 5fe8490f-f805-406a-80e2-fbda1a66b042@group-529DDC391E9C-FollowerState was interrupted: java.lang.InterruptedException: sleep interrupted
2019-11-15 00:57:45,249 [ForkJoinPool.commonPool-worker-1] INFO  impl.RaftServerImpl (ServerState.java:close(387)) - 5fe8490f-f805-406a-80e2-fbda1a66b042@group-529DDC391E9C: closes. applyIndex: 0
2019-11-15 00:57:45,249 [main] INFO  impl.RaftServerImpl (ServerState.java:close(387)) - 4dfd32cc-2252-49fe-ba51-4380d1c0b0d5@group-D08F3DBE2A41: closes. applyIndex: 0
2019-11-15 00:57:45,250 [5fe8490f-f805-406a-80e2-fbda1a66b042@group-529DDC391E9C-SegmentedRaftLogWorker] INFO  segmented.SegmentedRaftLogWorker (SegmentedRaftLogWorker.java:run(316)) - 5fe8490f-f805-406a-80e2-fbda1a66b042@group-529DDC391E9C-SegmentedRaftLogWorker was interrupted, exiting. There are 0 tasks remaining in the queue.
2019-11-15 00:57:45,250 [4dfd32cc-2252-49fe-ba51-4380d1c0b0d5@group-D08F3DBE2A41-SegmentedRaftLogWorker] INFO  segmented.SegmentedRaftLogWorker (SegmentedRaftLogWorker.java:run(316)) - 4dfd32cc-2252-49fe-ba51-4380d1c0b0d5@group-D08F3DBE2A41-SegmentedRaftLogWorker was interrupted, exiting. There are 0 tasks remaining in the queue.
2019-11-15 00:57:45,260 [ForkJoinPool.commonPool-worker-1] INFO  segmented.SegmentedRaftLogWorker (SegmentedRaftLogWorker.java:close(224)) - 5fe8490f-f805-406a-80e2-fbda1a66b042@group-529DDC391E9C-SegmentedRaftLogWorker close()
2019-11-15 00:57:45,265 [ForkJoinPool.commonPool-worker-1] INFO  impl.RaftServerImpl (RaftServerImpl.java:lambda$shutdown$3(250)) - 5fe8490f-f805-406a-80e2-fbda1a66b042@group-A2A7FA27FDC7: shutdown
2019-11-15 00:57:45,265 [ForkJoinPool.commonPool-worker-1] INFO  util.JmxRegister (JmxRegister.java:unregister(73)) - Successfully un-registered JMX Bean with object name Ratis:service=RaftServer,group=group-A2A7FA27FDC7,id=5fe8490f-f805-406a-80e2-fbda1a66b042
2019-11-15 00:57:45,265 [ForkJoinPool.commonPool-worker-1] INFO  impl.RoleInfo (RoleInfo.java:shutdownLeaderState(104)) - 5fe8490f-f805-406a-80e2-fbda1a66b042: shutdown LeaderState
2019-11-15 00:57:45,265 [ForkJoinPool.commonPool-worker-1] INFO  impl.PendingRequests (PendingRequests.java:sendNotLeaderResponses(206)) - 5fe8490f-f805-406a-80e2-fbda1a66b042@group-A2A7FA27FDC7-PendingRequests: sendNotLeaderResponses
2019-11-15 00:57:45,266 [ForkJoinPool.commonPool-worker-1] INFO  impl.StateMachineUpdater (StateMachineUpdater.java:stopAndJoin(136)) - 5fe8490f-f805-406a-80e2-fbda1a66b042@group-A2A7FA27FDC7-StateMachineUpdater: set stopIndex = 0
2019-11-15 00:57:45,266 [ForkJoinPool.commonPool-worker-1] INFO  impl.RaftServerImpl (ServerState.java:close(387)) - 5fe8490f-f805-406a-80e2-fbda1a66b042@group-A2A7FA27FDC7: closes. applyIndex: 0
2019-11-15 00:57:45,267 [5fe8490f-f805-406a-80e2-fbda1a66b042@group-A2A7FA27FDC7-SegmentedRaftLogWorker] INFO  segmented.SegmentedRaftLogWorker (SegmentedRaftLogWorker.java:run(316)) - 5fe8490f-f805-406a-80e2-fbda1a66b042@group-A2A7FA27FDC7-SegmentedRaftLogWorker was interrupted, exiting. There are 0 tasks remaining in the queue.
2019-11-15 00:57:45,269 [ForkJoinPool.commonPool-worker-1] INFO  segmented.SegmentedRaftLogWorker (SegmentedRaftLogWorker.java:close(224)) - 5fe8490f-f805-406a-80e2-fbda1a66b042@group-A2A7FA27FDC7-SegmentedRaftLogWorker close()
2019-11-15 00:57:45,269 [main] INFO  segmented.SegmentedRaftLogWorker (SegmentedRaftLogWorker.java:close(224)) - 4dfd32cc-2252-49fe-ba51-4380d1c0b0d5@group-D08F3DBE2A41-SegmentedRaftLogWorker close()
2019-11-15 00:57:45,273 [ForkJoinPool.commonPool-worker-1] INFO  server.GrpcService (GrpcService.java:closeImpl(164)) - 5fe8490f-f805-406a-80e2-fbda1a66b042: shutdown server with port 45094 now
2019-11-15 00:57:45,276 [main] INFO  impl.RaftServerImpl (RaftServerImpl.java:lambda$shutdown$3(250)) - 4dfd32cc-2252-49fe-ba51-4380d1c0b0d5@group-10A6A3E936DF: shutdown
2019-11-15 00:57:45,277 [main] INFO  util.JmxRegister (JmxRegister.java:unregister(73)) - Successfully un-registered JMX Bean with object name Ratis:service=RaftServer,group=group-10A6A3E936DF,id=4dfd32cc-2252-49fe-ba51-4380d1c0b0d5
2019-11-15 00:57:45,277 [main] INFO  impl.RoleInfo (RoleInfo.java:shutdownLeaderState(104)) - 4dfd32cc-2252-49fe-ba51-4380d1c0b0d5: shutdown LeaderState
2019-11-15 00:57:45,278 [main] INFO  impl.PendingRequests (PendingRequests.java:sendNotLeaderResponses(206)) - 4dfd32cc-2252-49fe-ba51-4380d1c0b0d5@group-10A6A3E936DF-PendingRequests: sendNotLeaderResponses
2019-11-15 00:57:45,278 [main] INFO  impl.StateMachineUpdater (StateMachineUpdater.java:stopAndJoin(136)) - 4dfd32cc-2252-49fe-ba51-4380d1c0b0d5@group-10A6A3E936DF-StateMachineUpdater: set stopIndex = 0
2019-11-15 00:57:45,278 [grpc-default-executor-0] WARN  server.GrpcServerProtocolService (LogUtils.java:warn(134)) - 5fe8490f-f805-406a-80e2-fbda1a66b042: installSnapshot onError, lastRequest: eccb109f-99d1-4501-bb16-6ecf49b3cdca->5fe8490f-f805-406a-80e2-fbda1a66b042#39-t1, previous=(t:1, i:0), leaderCommit=0, initializing? false, entries: <empty>: org.apache.ratis.thirdparty.io.grpc.StatusRuntimeException: CANCELLED: cancelled before receiving half close
2019-11-15 00:57:45,279 [main] INFO  impl.RaftServerImpl (ServerState.java:close(387)) - 4dfd32cc-2252-49fe-ba51-4380d1c0b0d5@group-10A6A3E936DF: closes. applyIndex: 0
2019-11-15 00:57:45,279 [grpc-default-executor-2] WARN  server.GrpcLogAppender (LogUtils.java:warn(134)) - eccb109f-99d1-4501-bb16-6ecf49b3cdca@group-529DDC391E9C->5fe8490f-f805-406a-80e2-fbda1a66b042-AppendLogResponseHandler: Failed appendEntries: org.apache.ratis.thirdparty.io.grpc.StatusRuntimeException: CANCELLED: HTTP/2 error code: CANCEL
Received Rst Stream
2019-11-15 00:57:45,279 [4dfd32cc-2252-49fe-ba51-4380d1c0b0d5@group-10A6A3E936DF-SegmentedRaftLogWorker] INFO  segmented.SegmentedRaftLogWorker (SegmentedRaftLogWorker.java:run(316)) - 4dfd32cc-2252-49fe-ba51-4380d1c0b0d5@group-10A6A3E936DF-SegmentedRaftLogWorker was interrupted, exiting. There are 0 tasks remaining in the queue.
2019-11-15 00:57:45,279 [ForkJoinPool.commonPool-worker-1] INFO  server.GrpcService (GrpcService.java:closeImpl(172)) - 5fe8490f-f805-406a-80e2-fbda1a66b042: shutdown server with port 45094 successfully
2019-11-15 00:57:45,282 [main] INFO  segmented.SegmentedRaftLogWorker (SegmentedRaftLogWorker.java:close(224)) - 4dfd32cc-2252-49fe-ba51-4380d1c0b0d5@group-10A6A3E936DF-SegmentedRaftLogWorker close()
2019-11-15 00:57:45,282 [grpc-default-executor-2] INFO  impl.FollowerInfo (FollowerInfo.java:lambda$new$0(51)) - eccb109f-99d1-4501-bb16-6ecf49b3cdca@group-529DDC391E9C->5fe8490f-f805-406a-80e2-fbda1a66b042: nextIndex: updateUnconditionally 1 -> 0
2019-11-15 00:57:45,284 [main] INFO  server.GrpcService (GrpcService.java:closeImpl(164)) - 4dfd32cc-2252-49fe-ba51-4380d1c0b0d5: shutdown server with port 44082 now
2019-11-15 00:57:45,285 [grpc-default-executor-0] WARN  server.GrpcServerProtocolService (LogUtils.java:warn(134)) - 4dfd32cc-2252-49fe-ba51-4380d1c0b0d5: installSnapshot onError, lastRequest: 9ac24c7e-7e4f-4cef-ab0e-298cb71ae60d->4dfd32cc-2252-49fe-ba51-4380d1c0b0d5#39-t1, previous=(t:1, i:0), leaderCommit=0, initializing? false, entries: <empty>: org.apache.ratis.thirdparty.io.grpc.StatusRuntimeException: CANCELLED: cancelled before receiving half close
2019-11-15 00:57:45,285 [main] INFO  server.GrpcService (GrpcService.java:closeImpl(172)) - 4dfd32cc-2252-49fe-ba51-4380d1c0b0d5: shutdown server with port 44082 successfully
2019-11-15 00:57:45,286 [refreshUsed-/workdir/hadoop-ozone/integration-test/target/test-dir/MiniOzoneClusterImpl-8fc52630-20fd-4955-97d1-2a2852f9ee58/datanode-2/data/containers] WARN  fs.CachingGetSpaceUsed (CachingGetSpaceUsed.java:run(183)) - Thread Interrupted waiting to refresh disk information: sleep interrupted
2019-11-15 00:57:45,285 [grpc-default-executor-2] WARN  server.GrpcLogAppender (LogUtils.java:warn(134)) - 9ac24c7e-7e4f-4cef-ab0e-298cb71ae60d@group-D08F3DBE2A41->4dfd32cc-2252-49fe-ba51-4380d1c0b0d5-AppendLogResponseHandler: Failed appendEntries: org.apache.ratis.thirdparty.io.grpc.StatusRuntimeException: CANCELLED: HTTP/2 error code: CANCEL
Received Rst Stream
2019-11-15 00:57:45,286 [grpc-default-executor-2] INFO  impl.FollowerInfo (FollowerInfo.java:lambda$new$0(51)) - 9ac24c7e-7e4f-4cef-ab0e-298cb71ae60d@group-D08F3DBE2A41->4dfd32cc-2252-49fe-ba51-4380d1c0b0d5: nextIndex: updateUnconditionally 1 -> 0
2019-11-15 00:57:45,295 [refreshUsed-/workdir/hadoop-ozone/integration-test/target/test-dir/MiniOzoneClusterImpl-8fc52630-20fd-4955-97d1-2a2852f9ee58/datanode-5/data/containers] WARN  fs.CachingGetSpaceUsed (CachingGetSpaceUsed.java:run(183)) - Thread Interrupted waiting to refresh disk information: sleep interrupted
2019-11-15 00:57:45,306 [ForkJoinPool.commonPool-worker-1] INFO  utils.BackgroundService (BackgroundService.java:shutdown(151)) - Shutting down service BlockDeletingService
2019-11-15 00:57:45,309 [main] INFO  utils.BackgroundService (BackgroundService.java:shutdown(151)) - Shutting down service BlockDeletingService
2019-11-15 00:57:45,310 [ForkJoinPool.commonPool-worker-1] INFO  statemachine.DatanodeStateMachine (DatanodeStateMachine.java:stopDaemon(400)) - Ozone container server stopped.
2019-11-15 00:57:45,313 [main] INFO  statemachine.DatanodeStateMachine (DatanodeStateMachine.java:stopDaemon(400)) - Ozone container server stopped.
2019-11-15 00:57:45,317 [main] INFO  handler.ContextHandler (ContextHandler.java:doStop(910)) - Stopped o.e.j.w.WebAppContext@59939293{/,null,UNAVAILABLE}{/hddsDatanode}
2019-11-15 00:57:45,317 [ForkJoinPool.commonPool-worker-1] INFO  handler.ContextHandler (ContextHandler.java:doStop(910)) - Stopped o.e.j.w.WebAppContext@158ae284{/,null,UNAVAILABLE}{/hddsDatanode}
2019-11-15 00:57:45,318 [ForkJoinPool.commonPool-worker-1] INFO  server.AbstractConnector (AbstractConnector.java:doStop(318)) - Stopped ServerConnector@50eb4a2c{HTTP/1.1,[http/1.1]}{0.0.0.0:0}
2019-11-15 00:57:45,318 [main] INFO  server.AbstractConnector (AbstractConnector.java:doStop(318)) - Stopped ServerConnector@68b366e2{HTTP/1.1,[http/1.1]}{0.0.0.0:0}
2019-11-15 00:57:45,320 [ForkJoinPool.commonPool-worker-1] INFO  handler.ContextHandler (ContextHandler.java:doStop(910)) - Stopped o.e.j.s.ServletContextHandler@6a1ef65c{/static,jar:file:/home/user/.m2/repository/org/apache/hadoop/hadoop-hdds-container-service/0.5.0-SNAPSHOT/hadoop-hdds-container-service-0.5.0-SNAPSHOT.jar!/webapps/static,UNAVAILABLE}
2019-11-15 00:57:45,320 [main] INFO  handler.ContextHandler (ContextHandler.java:doStop(910)) - Stopped o.e.j.s.ServletContextHandler@5be052ca{/static,jar:file:/home/user/.m2/repository/org/apache/hadoop/hadoop-hdds-container-service/0.5.0-SNAPSHOT/hadoop-hdds-container-service-0.5.0-SNAPSHOT.jar!/webapps/static,UNAVAILABLE}
2019-11-15 00:57:45,321 [ForkJoinPool.commonPool-worker-1] INFO  handler.ContextHandler (ContextHandler.java:doStop(910)) - Stopped o.e.j.s.ServletContextHandler@b0fd744{/logs,file:///workdir/hadoop-ozone/integration-test/target/log,UNAVAILABLE}
2019-11-15 00:57:45,322 [main] INFO  handler.ContextHandler (ContextHandler.java:doStop(910)) - Stopped o.e.j.s.ServletContextHandler@485caa8f{/logs,file:///workdir/hadoop-ozone/integration-test/target/log,UNAVAILABLE}
2019-11-15 00:57:45,396 [Datanode State Machine Thread - 0] INFO  statemachine.DatanodeStateMachine (DatanodeStateMachine.java:lambda$startDaemon$0(355)) - Ozone container server started.
2019-11-15 00:57:45,731 [grpc-default-executor-2] WARN  server.GrpcLogAppender (LogUtils.java:warn(134)) - eccb109f-99d1-4501-bb16-6ecf49b3cdca@group-529DDC391E9C->5fe8490f-f805-406a-80e2-fbda1a66b042-AppendLogResponseHandler: Failed appendEntries: org.apache.ratis.thirdparty.io.grpc.StatusRuntimeException: UNAVAILABLE: io exception
2019-11-15 00:57:45,732 [grpc-default-executor-2] INFO  impl.FollowerInfo (FollowerInfo.java:lambda$new$0(51)) - eccb109f-99d1-4501-bb16-6ecf49b3cdca@group-529DDC391E9C->5fe8490f-f805-406a-80e2-fbda1a66b042: nextIndex: updateUnconditionally 0 -> 0
2019-11-15 00:57:45,780 [grpc-default-executor-5] WARN  server.GrpcLogAppender (LogUtils.java:warn(134)) - 9ac24c7e-7e4f-4cef-ab0e-298cb71ae60d@group-D08F3DBE2A41->4dfd32cc-2252-49fe-ba51-4380d1c0b0d5-AppendLogResponseHandler: Failed appendEntries: org.apache.ratis.thirdparty.io.grpc.StatusRuntimeException: UNAVAILABLE: io exception
2019-11-15 00:57:45,780 [grpc-default-executor-5] INFO  impl.FollowerInfo (FollowerInfo.java:lambda$new$0(51)) - 9ac24c7e-7e4f-4cef-ab0e-298cb71ae60d@group-D08F3DBE2A41->4dfd32cc-2252-49fe-ba51-4380d1c0b0d5: nextIndex: updateUnconditionally 0 -> 0
2019-11-15 00:57:46,068 [Datanode State Machine Thread - 0] INFO  statemachine.DatanodeStateMachine (DatanodeStateMachine.java:lambda$startDaemon$0(355)) - Ozone container server started.
2019-11-15 00:57:46,231 [grpc-default-executor-2] WARN  server.GrpcLogAppender (LogUtils.java:warn(134)) - eccb109f-99d1-4501-bb16-6ecf49b3cdca@group-529DDC391E9C->5fe8490f-f805-406a-80e2-fbda1a66b042-AppendLogResponseHandler: Failed appendEntries: org.apache.ratis.thirdparty.io.grpc.StatusRuntimeException: UNAVAILABLE: io exception
2019-11-15 00:57:46,231 [grpc-default-executor-2] INFO  impl.FollowerInfo (FollowerInfo.java:lambda$new$0(51)) - eccb109f-99d1-4501-bb16-6ecf49b3cdca@group-529DDC391E9C->5fe8490f-f805-406a-80e2-fbda1a66b042: nextIndex: updateUnconditionally 0 -> 0
2019-11-15 00:57:46,280 [grpc-default-executor-5] WARN  server.GrpcLogAppender (LogUtils.java:warn(134)) - 9ac24c7e-7e4f-4cef-ab0e-298cb71ae60d@group-D08F3DBE2A41->4dfd32cc-2252-49fe-ba51-4380d1c0b0d5-AppendLogResponseHandler: Failed appendEntries: org.apache.ratis.thirdparty.io.grpc.StatusRuntimeException: UNAVAILABLE: io exception
2019-11-15 00:57:46,281 [grpc-default-executor-5] INFO  impl.FollowerInfo (FollowerInfo.java:lambda$new$0(51)) - 9ac24c7e-7e4f-4cef-ab0e-298cb71ae60d@group-D08F3DBE2A41->4dfd32cc-2252-49fe-ba51-4380d1c0b0d5: nextIndex: updateUnconditionally 0 -> 0
2019-11-15 00:57:46,732 [grpc-default-executor-5] WARN  server.GrpcLogAppender (LogUtils.java:warn(134)) - eccb109f-99d1-4501-bb16-6ecf49b3cdca@group-529DDC391E9C->5fe8490f-f805-406a-80e2-fbda1a66b042-AppendLogResponseHandler: Failed appendEntries: org.apache.ratis.thirdparty.io.grpc.StatusRuntimeException: UNAVAILABLE: io exception
2019-11-15 00:57:46,732 [grpc-default-executor-5] INFO  impl.FollowerInfo (FollowerInfo.java:lambda$new$0(51)) - eccb109f-99d1-4501-bb16-6ecf49b3cdca@group-529DDC391E9C->5fe8490f-f805-406a-80e2-fbda1a66b042: nextIndex: updateUnconditionally 0 -> 0
2019-11-15 00:57:46,780 [grpc-default-executor-2] WARN  server.GrpcLogAppender (LogUtils.java:warn(134)) - 9ac24c7e-7e4f-4cef-ab0e-298cb71ae60d@group-D08F3DBE2A41->4dfd32cc-2252-49fe-ba51-4380d1c0b0d5-AppendLogResponseHandler: Failed appendEntries: org.apache.ratis.thirdparty.io.grpc.StatusRuntimeException: UNAVAILABLE: io exception
2019-11-15 00:57:46,781 [grpc-default-executor-2] INFO  impl.FollowerInfo (FollowerInfo.java:lambda$new$0(51)) - 9ac24c7e-7e4f-4cef-ab0e-298cb71ae60d@group-D08F3DBE2A41->4dfd32cc-2252-49fe-ba51-4380d1c0b0d5: nextIndex: updateUnconditionally 0 -> 0
2019-11-15 00:57:47,232 [grpc-default-executor-5] WARN  server.GrpcLogAppender (LogUtils.java:warn(134)) - eccb109f-99d1-4501-bb16-6ecf49b3cdca@group-529DDC391E9C->5fe8490f-f805-406a-80e2-fbda1a66b042-AppendLogResponseHandler: Failed appendEntries: org.apache.ratis.thirdparty.io.grpc.StatusRuntimeException: UNAVAILABLE: io exception
2019-11-15 00:57:47,232 [grpc-default-executor-5] INFO  impl.FollowerInfo (FollowerInfo.java:lambda$new$0(51)) - eccb109f-99d1-4501-bb16-6ecf49b3cdca@group-529DDC391E9C->5fe8490f-f805-406a-80e2-fbda1a66b042: nextIndex: updateUnconditionally 0 -> 0
2019-11-15 00:57:47,281 [grpc-default-executor-5] WARN  server.GrpcLogAppender (LogUtils.java:warn(134)) - 9ac24c7e-7e4f-4cef-ab0e-298cb71ae60d@group-D08F3DBE2A41->4dfd32cc-2252-49fe-ba51-4380d1c0b0d5-AppendLogResponseHandler: Failed appendEntries: org.apache.ratis.thirdparty.io.grpc.StatusRuntimeException: UNAVAILABLE: io exception
2019-11-15 00:57:47,281 [grpc-default-executor-5] INFO  impl.FollowerInfo (FollowerInfo.java:lambda$new$0(51)) - 9ac24c7e-7e4f-4cef-ab0e-298cb71ae60d@group-D08F3DBE2A41->4dfd32cc-2252-49fe-ba51-4380d1c0b0d5: nextIndex: updateUnconditionally 0 -> 0
2019-11-15 00:57:47,738 [grpc-default-executor-0] WARN  server.GrpcLogAppender (LogUtils.java:warn(134)) - eccb109f-99d1-4501-bb16-6ecf49b3cdca@group-529DDC391E9C->5fe8490f-f805-406a-80e2-fbda1a66b042-AppendLogResponseHandler: Failed appendEntries: org.apache.ratis.thirdparty.io.grpc.StatusRuntimeException: UNAVAILABLE: io exception
2019-11-15 00:57:47,739 [grpc-default-executor-0] INFO  impl.FollowerInfo (FollowerInfo.java:lambda$new$0(51)) - eccb109f-99d1-4501-bb16-6ecf49b3cdca@group-529DDC391E9C->5fe8490f-f805-406a-80e2-fbda1a66b042: nextIndex: updateUnconditionally 0 -> 0
2019-11-15 00:57:47,782 [grpc-default-executor-5] WARN  server.GrpcLogAppender (LogUtils.java:warn(134)) - 9ac24c7e-7e4f-4cef-ab0e-298cb71ae60d@group-D08F3DBE2A41->4dfd32cc-2252-49fe-ba51-4380d1c0b0d5-AppendLogResponseHandler: Failed appendEntries: org.apache.ratis.thirdparty.io.grpc.StatusRuntimeException: UNAVAILABLE: io exception
2019-11-15 00:57:47,782 [grpc-default-executor-5] INFO  impl.FollowerInfo (FollowerInfo.java:lambda$new$0(51)) - 9ac24c7e-7e4f-4cef-ab0e-298cb71ae60d@group-D08F3DBE2A41->4dfd32cc-2252-49fe-ba51-4380d1c0b0d5: nextIndex: updateUnconditionally 0 -> 0
2019-11-15 00:57:48,235 [grpc-default-executor-2] WARN  server.GrpcLogAppender (LogUtils.java:warn(134)) - eccb109f-99d1-4501-bb16-6ecf49b3cdca@group-529DDC391E9C->5fe8490f-f805-406a-80e2-fbda1a66b042-AppendLogResponseHandler: Failed appendEntries: org.apache.ratis.thirdparty.io.grpc.StatusRuntimeException: UNAVAILABLE: io exception
2019-11-15 00:57:48,235 [grpc-default-executor-2] INFO  impl.FollowerInfo (FollowerInfo.java:lambda$new$0(51)) - eccb109f-99d1-4501-bb16-6ecf49b3cdca@group-529DDC391E9C->5fe8490f-f805-406a-80e2-fbda1a66b042: nextIndex: updateUnconditionally 0 -> 0
2019-11-15 00:57:48,282 [grpc-default-executor-2] WARN  server.GrpcLogAppender (LogUtils.java:warn(134)) - 9ac24c7e-7e4f-4cef-ab0e-298cb71ae60d@group-D08F3DBE2A41->4dfd32cc-2252-49fe-ba51-4380d1c0b0d5-AppendLogResponseHandler: Failed appendEntries: org.apache.ratis.thirdparty.io.grpc.StatusRuntimeException: UNAVAILABLE: io exception
2019-11-15 00:57:48,283 [grpc-default-executor-2] INFO  impl.FollowerInfo (FollowerInfo.java:lambda$new$0(51)) - 9ac24c7e-7e4f-4cef-ab0e-298cb71ae60d@group-D08F3DBE2A41->4dfd32cc-2252-49fe-ba51-4380d1c0b0d5: nextIndex: updateUnconditionally 0 -> 0
2019-11-15 00:57:48,736 [grpc-default-executor-5] WARN  server.GrpcLogAppender (LogUtils.java:warn(134)) - eccb109f-99d1-4501-bb16-6ecf49b3cdca@group-529DDC391E9C->5fe8490f-f805-406a-80e2-fbda1a66b042-AppendLogResponseHandler: Failed appendEntries: org.apache.ratis.thirdparty.io.grpc.StatusRuntimeException: UNAVAILABLE: io exception
2019-11-15 00:57:48,736 [grpc-default-executor-5] INFO  impl.FollowerInfo (FollowerInfo.java:lambda$new$0(51)) - eccb109f-99d1-4501-bb16-6ecf49b3cdca@group-529DDC391E9C->5fe8490f-f805-406a-80e2-fbda1a66b042: nextIndex: updateUnconditionally 0 -> 0
2019-11-15 00:57:48,783 [grpc-default-executor-0] WARN  server.GrpcLogAppender (LogUtils.java:warn(134)) - 9ac24c7e-7e4f-4cef-ab0e-298cb71ae60d@group-D08F3DBE2A41->4dfd32cc-2252-49fe-ba51-4380d1c0b0d5-AppendLogResponseHandler: Failed appendEntries: org.apache.ratis.thirdparty.io.grpc.StatusRuntimeException: UNAVAILABLE: io exception
2019-11-15 00:57:48,783 [grpc-default-executor-0] INFO  impl.FollowerInfo (FollowerInfo.java:lambda$new$0(51)) - 9ac24c7e-7e4f-4cef-ab0e-298cb71ae60d@group-D08F3DBE2A41->4dfd32cc-2252-49fe-ba51-4380d1c0b0d5: nextIndex: updateUnconditionally 0 -> 0
2019-11-15 00:57:49,236 [grpc-default-executor-2] WARN  server.GrpcLogAppender (LogUtils.java:warn(134)) - eccb109f-99d1-4501-bb16-6ecf49b3cdca@group-529DDC391E9C->5fe8490f-f805-406a-80e2-fbda1a66b042-AppendLogResponseHandler: Failed appendEntries: org.apache.ratis.thirdparty.io.grpc.StatusRuntimeException: UNAVAILABLE: io exception
2019-11-15 00:57:49,237 [grpc-default-executor-2] INFO  impl.FollowerInfo (FollowerInfo.java:lambda$new$0(51)) - eccb109f-99d1-4501-bb16-6ecf49b3cdca@group-529DDC391E9C->5fe8490f-f805-406a-80e2-fbda1a66b042: nextIndex: updateUnconditionally 0 -> 0
2019-11-15 00:57:49,283 [grpc-default-executor-5] WARN  server.GrpcLogAppender (LogUtils.java:warn(134)) - 9ac24c7e-7e4f-4cef-ab0e-298cb71ae60d@group-D08F3DBE2A41->4dfd32cc-2252-49fe-ba51-4380d1c0b0d5-AppendLogResponseHandler: Failed appendEntries: org.apache.ratis.thirdparty.io.grpc.StatusRuntimeException: UNAVAILABLE: io exception
2019-11-15 00:57:49,284 [grpc-default-executor-5] INFO  impl.FollowerInfo (FollowerInfo.java:lambda$new$0(51)) - 9ac24c7e-7e4f-4cef-ab0e-298cb71ae60d@group-D08F3DBE2A41->4dfd32cc-2252-49fe-ba51-4380d1c0b0d5: nextIndex: updateUnconditionally 0 -> 0
2019-11-15 00:57:49,737 [grpc-default-executor-0] WARN  server.GrpcLogAppender (LogUtils.java:warn(134)) - eccb109f-99d1-4501-bb16-6ecf49b3cdca@group-529DDC391E9C->5fe8490f-f805-406a-80e2-fbda1a66b042-AppendLogResponseHandler: Failed appendEntries: org.apache.ratis.thirdparty.io.grpc.StatusRuntimeException: UNAVAILABLE: io exception
2019-11-15 00:57:49,737 [grpc-default-executor-0] INFO  impl.FollowerInfo (FollowerInfo.java:lambda$new$0(51)) - eccb109f-99d1-4501-bb16-6ecf49b3cdca@group-529DDC391E9C->5fe8490f-f805-406a-80e2-fbda1a66b042: nextIndex: updateUnconditionally 0 -> 0
2019-11-15 00:57:49,784 [grpc-default-executor-2] WARN  server.GrpcLogAppender (LogUtils.java:warn(134)) - 9ac24c7e-7e4f-4cef-ab0e-298cb71ae60d@group-D08F3DBE2A41->4dfd32cc-2252-49fe-ba51-4380d1c0b0d5-AppendLogResponseHandler: Failed appendEntries: org.apache.ratis.thirdparty.io.grpc.StatusRuntimeException: UNAVAILABLE: io exception
2019-11-15 00:57:49,784 [grpc-default-executor-2] INFO  impl.FollowerInfo (FollowerInfo.java:lambda$new$0(51)) - 9ac24c7e-7e4f-4cef-ab0e-298cb71ae60d@group-D08F3DBE2A41->4dfd32cc-2252-49fe-ba51-4380d1c0b0d5: nextIndex: updateUnconditionally 0 -> 0
2019-11-15 00:57:50,237 [grpc-default-executor-5] WARN  server.GrpcLogAppender (LogUtils.java:warn(134)) - eccb109f-99d1-4501-bb16-6ecf49b3cdca@group-529DDC391E9C->5fe8490f-f805-406a-80e2-fbda1a66b042-AppendLogResponseHandler: Failed appendEntries: org.apache.ratis.thirdparty.io.grpc.StatusRuntimeException: UNAVAILABLE: io exception
2019-11-15 00:57:50,238 [grpc-default-executor-5] INFO  impl.FollowerInfo (FollowerInfo.java:lambda$new$0(51)) - eccb109f-99d1-4501-bb16-6ecf49b3cdca@group-529DDC391E9C->5fe8490f-f805-406a-80e2-fbda1a66b042: nextIndex: updateUnconditionally 0 -> 0
2019-11-15 00:57:50,284 [grpc-default-executor-5] WARN  server.GrpcLogAppender (LogUtils.java:warn(134)) - 9ac24c7e-7e4f-4cef-ab0e-298cb71ae60d@group-D08F3DBE2A41->4dfd32cc-2252-49fe-ba51-4380d1c0b0d5-AppendLogResponseHandler: Failed appendEntries: org.apache.ratis.thirdparty.io.grpc.StatusRuntimeException: UNAVAILABLE: io exception
2019-11-15 00:57:50,284 [grpc-default-executor-5] INFO  impl.FollowerInfo (FollowerInfo.java:lambda$new$0(51)) - 9ac24c7e-7e4f-4cef-ab0e-298cb71ae60d@group-D08F3DBE2A41->4dfd32cc-2252-49fe-ba51-4380d1c0b0d5: nextIndex: updateUnconditionally 0 -> 0
2019-11-15 00:57:50,325 [main] INFO  ozoneimpl.OzoneContainer (OzoneContainer.java:stop(244)) - Attempting to stop container services.
2019-11-15 00:57:50,325 [ForkJoinPool.commonPool-worker-1] INFO  ozoneimpl.OzoneContainer (OzoneContainer.java:stop(244)) - Attempting to stop container services.
2019-11-15 00:57:50,327 [main] INFO  impl.RaftServerProxy (RaftServerProxy.java:lambda$close$4(314)) - efbac357-ca4e-4ee4-91b4-c654bf02dfcf: close
2019-11-15 00:57:50,327 [ForkJoinPool.commonPool-worker-1] INFO  impl.RaftServerProxy (RaftServerProxy.java:lambda$close$4(314)) - 9ac24c7e-7e4f-4cef-ab0e-298cb71ae60d: close
2019-11-15 00:57:50,328 [main] INFO  impl.RaftServerImpl (RaftServerImpl.java:lambda$shutdown$3(250)) - efbac357-ca4e-4ee4-91b4-c654bf02dfcf@group-5812CD6E2952: shutdown
2019-11-15 00:57:50,328 [ForkJoinPool.commonPool-worker-1] INFO  impl.RaftServerImpl (RaftServerImpl.java:lambda$shutdown$3(250)) - 9ac24c7e-7e4f-4cef-ab0e-298cb71ae60d@group-12721B264F3B: shutdown
2019-11-15 00:57:50,329 [main] INFO  util.JmxRegister (JmxRegister.java:unregister(73)) - Successfully un-registered JMX Bean with object name Ratis:service=RaftServer,group=group-5812CD6E2952,id=efbac357-ca4e-4ee4-91b4-c654bf02dfcf
2019-11-15 00:57:50,329 [ForkJoinPool.commonPool-worker-1] INFO  util.JmxRegister (JmxRegister.java:unregister(73)) - Successfully un-registered JMX Bean with object name Ratis:service=RaftServer,group=group-12721B264F3B,id=9ac24c7e-7e4f-4cef-ab0e-298cb71ae60d
2019-11-15 00:57:50,329 [main] INFO  impl.RoleInfo (RoleInfo.java:shutdownFollowerState(121)) - efbac357-ca4e-4ee4-91b4-c654bf02dfcf: shutdown FollowerState
2019-11-15 00:57:50,330 [ForkJoinPool.commonPool-worker-1] INFO  impl.RoleInfo (RoleInfo.java:shutdownLeaderState(104)) - 9ac24c7e-7e4f-4cef-ab0e-298cb71ae60d: shutdown LeaderState
2019-11-15 00:57:50,330 [Thread-1581] INFO  impl.FollowerState (FollowerState.java:run(120)) - efbac357-ca4e-4ee4-91b4-c654bf02dfcf@group-5812CD6E2952-FollowerState was interrupted: java.lang.InterruptedException: sleep interrupted
2019-11-15 00:57:50,330 [main] INFO  impl.StateMachineUpdater (StateMachineUpdater.java:stopAndJoin(136)) - efbac357-ca4e-4ee4-91b4-c654bf02dfcf@group-5812CD6E2952-StateMachineUpdater: set stopIndex = 0
2019-11-15 00:57:50,331 [ForkJoinPool.commonPool-worker-1] INFO  impl.PendingRequests (PendingRequests.java:sendNotLeaderResponses(206)) - 9ac24c7e-7e4f-4cef-ab0e-298cb71ae60d@group-12721B264F3B-PendingRequests: sendNotLeaderResponses
2019-11-15 00:57:50,331 [main] INFO  impl.RaftServerImpl (ServerState.java:close(387)) - efbac357-ca4e-4ee4-91b4-c654bf02dfcf@group-5812CD6E2952: closes. applyIndex: 0
2019-11-15 00:57:50,332 [ForkJoinPool.commonPool-worker-1] INFO  impl.StateMachineUpdater (StateMachineUpdater.java:stopAndJoin(136)) - 9ac24c7e-7e4f-4cef-ab0e-298cb71ae60d@group-12721B264F3B-StateMachineUpdater: set stopIndex = 0
2019-11-15 00:57:50,332 [efbac357-ca4e-4ee4-91b4-c654bf02dfcf@group-5812CD6E2952-SegmentedRaftLogWorker] INFO  segmented.SegmentedRaftLogWorker (SegmentedRaftLogWorker.java:run(316)) - efbac357-ca4e-4ee4-91b4-c654bf02dfcf@group-5812CD6E2952-SegmentedRaftLogWorker was interrupted, exiting. There are 0 tasks remaining in the queue.
2019-11-15 00:57:50,332 [ForkJoinPool.commonPool-worker-1] INFO  impl.RaftServerImpl (ServerState.java:close(387)) - 9ac24c7e-7e4f-4cef-ab0e-298cb71ae60d@group-12721B264F3B: closes. applyIndex: 0
2019-11-15 00:57:50,336 [main] INFO  segmented.SegmentedRaftLogWorker (SegmentedRaftLogWorker.java:close(224)) - efbac357-ca4e-4ee4-91b4-c654bf02dfcf@group-5812CD6E2952-SegmentedRaftLogWorker close()
2019-11-15 00:57:50,336 [9ac24c7e-7e4f-4cef-ab0e-298cb71ae60d@group-12721B264F3B-SegmentedRaftLogWorker] INFO  segmented.SegmentedRaftLogWorker (SegmentedRaftLogWorker.java:run(316)) - 9ac24c7e-7e4f-4cef-ab0e-298cb71ae60d@group-12721B264F3B-SegmentedRaftLogWorker was interrupted, exiting. There are 0 tasks remaining in the queue.
2019-11-15 00:57:50,338 [main] INFO  impl.RaftServerImpl (RaftServerImpl.java:lambda$shutdown$3(250)) - efbac357-ca4e-4ee4-91b4-c654bf02dfcf@group-1012B3444813: shutdown
2019-11-15 00:57:50,340 [main] INFO  util.JmxRegister (JmxRegister.java:unregister(73)) - Successfully un-registered JMX Bean with object name Ratis:service=RaftServer,group=group-1012B3444813,id=efbac357-ca4e-4ee4-91b4-c654bf02dfcf
2019-11-15 00:57:50,340 [main] INFO  impl.RoleInfo (RoleInfo.java:shutdownLeaderState(104)) - efbac357-ca4e-4ee4-91b4-c654bf02dfcf: shutdown LeaderState
2019-11-15 00:57:50,340 [main] INFO  impl.PendingRequests (PendingRequests.java:sendNotLeaderResponses(206)) - efbac357-ca4e-4ee4-91b4-c654bf02dfcf@group-1012B3444813-PendingRequests: sendNotLeaderResponses
2019-11-15 00:57:50,341 [main] INFO  impl.StateMachineUpdater (StateMachineUpdater.java:stopAndJoin(136)) - efbac357-ca4e-4ee4-91b4-c654bf02dfcf@group-1012B3444813-StateMachineUpdater: set stopIndex = 0
2019-11-15 00:57:50,341 [main] INFO  impl.RaftServerImpl (ServerState.java:close(387)) - efbac357-ca4e-4ee4-91b4-c654bf02dfcf@group-1012B3444813: closes. applyIndex: 0
2019-11-15 00:57:50,342 [efbac357-ca4e-4ee4-91b4-c654bf02dfcf@group-1012B3444813-SegmentedRaftLogWorker] INFO  segmented.SegmentedRaftLogWorker (SegmentedRaftLogWorker.java:run(316)) - efbac357-ca4e-4ee4-91b4-c654bf02dfcf@group-1012B3444813-SegmentedRaftLogWorker was interrupted, exiting. There are 0 tasks remaining in the queue.
2019-11-15 00:57:50,347 [ForkJoinPool.commonPool-worker-1] INFO  segmented.SegmentedRaftLogWorker (SegmentedRaftLogWorker.java:close(224)) - 9ac24c7e-7e4f-4cef-ab0e-298cb71ae60d@group-12721B264F3B-SegmentedRaftLogWorker close()
2019-11-15 00:57:50,348 [main] INFO  segmented.SegmentedRaftLogWorker (SegmentedRaftLogWorker.java:close(224)) - efbac357-ca4e-4ee4-91b4-c654bf02dfcf@group-1012B3444813-SegmentedRaftLogWorker close()
2019-11-15 00:57:50,349 [ForkJoinPool.commonPool-worker-1] INFO  impl.RaftServerImpl (RaftServerImpl.java:lambda$shutdown$3(250)) - 9ac24c7e-7e4f-4cef-ab0e-298cb71ae60d@group-D08F3DBE2A41: shutdown
2019-11-15 00:57:50,350 [main] INFO  server.GrpcService (GrpcService.java:closeImpl(164)) - efbac357-ca4e-4ee4-91b4-c654bf02dfcf: shutdown server with port 33848 now
2019-11-15 00:57:50,351 [ForkJoinPool.commonPool-worker-1] INFO  util.JmxRegister (JmxRegister.java:unregister(73)) - Successfully un-registered JMX Bean with object name Ratis:service=RaftServer,group=group-D08F3DBE2A41,id=9ac24c7e-7e4f-4cef-ab0e-298cb71ae60d
2019-11-15 00:57:50,351 [ForkJoinPool.commonPool-worker-1] INFO  impl.RoleInfo (RoleInfo.java:shutdownLeaderState(104)) - 9ac24c7e-7e4f-4cef-ab0e-298cb71ae60d: shutdown LeaderState
2019-11-15 00:57:50,354 [ForkJoinPool.commonPool-worker-1] INFO  impl.PendingRequests (PendingRequests.java:sendNotLeaderResponses(206)) - 9ac24c7e-7e4f-4cef-ab0e-298cb71ae60d@group-D08F3DBE2A41-PendingRequests: sendNotLeaderResponses
2019-11-15 00:57:50,354 [grpc-default-executor-2] WARN  server.GrpcServerProtocolService (LogUtils.java:warn(134)) - efbac357-ca4e-4ee4-91b4-c654bf02dfcf: installSnapshot onError, lastRequest: 8692cc3a-c5e2-4bd5-b878-b8217203f52e->efbac357-ca4e-4ee4-91b4-c654bf02dfcf#47-t1, previous=(t:1, i:0), leaderCommit=0, initializing? false, entries: <empty>: org.apache.ratis.thirdparty.io.grpc.StatusRuntimeException: CANCELLED: cancelled before receiving half close
2019-11-15 00:57:50,354 [org.apache.ratis.server.impl.LogAppender$AppenderDaemon$$Lambda$466/1042245461@1c8c2044] WARN  server.GrpcLogAppender (GrpcLogAppender.java:mayWait(151)) - 9ac24c7e-7e4f-4cef-ab0e-298cb71ae60d@group-D08F3DBE2A41->e96d2cc9-026c-4220-b0f4-2bd3b4d5a924-GrpcLogAppender: Wait interrupted by java.lang.InterruptedException
2019-11-15 00:57:50,354 [grpc-default-executor-5] WARN  server.GrpcLogAppender (LogUtils.java:warn(134)) - 8692cc3a-c5e2-4bd5-b878-b8217203f52e@group-5812CD6E2952->efbac357-ca4e-4ee4-91b4-c654bf02dfcf-AppendLogResponseHandler: Failed appendEntries: org.apache.ratis.thirdparty.io.grpc.StatusRuntimeException: CANCELLED: HTTP/2 error code: CANCEL
Received Rst Stream
2019-11-15 00:57:50,354 [org.apache.ratis.server.impl.LogAppender$AppenderDaemon$$Lambda$466/1042245461@598eb511] WARN  server.GrpcLogAppender (GrpcLogAppender.java:mayWait(151)) - 9ac24c7e-7e4f-4cef-ab0e-298cb71ae60d@group-D08F3DBE2A41->4dfd32cc-2252-49fe-ba51-4380d1c0b0d5-GrpcLogAppender: Wait interrupted by java.lang.InterruptedException
2019-11-15 00:57:50,354 [ForkJoinPool.commonPool-worker-1] INFO  impl.StateMachineUpdater (StateMachineUpdater.java:stopAndJoin(136)) - 9ac24c7e-7e4f-4cef-ab0e-298cb71ae60d@group-D08F3DBE2A41-StateMachineUpdater: set stopIndex = 0
2019-11-15 00:57:50,354 [main] INFO  server.GrpcService (GrpcService.java:closeImpl(172)) - efbac357-ca4e-4ee4-91b4-c654bf02dfcf: shutdown server with port 33848 successfully
2019-11-15 00:57:50,355 [ForkJoinPool.commonPool-worker-1] INFO  impl.RaftServerImpl (ServerState.java:close(387)) - 9ac24c7e-7e4f-4cef-ab0e-298cb71ae60d@group-D08F3DBE2A41: closes. applyIndex: 0
2019-11-15 00:57:50,355 [grpc-default-executor-0] INFO  server.GrpcServerProtocolService (GrpcServerProtocolService.java:onCompleted(113)) - e96d2cc9-026c-4220-b0f4-2bd3b4d5a924: Completed APPEND_ENTRIES, lastRequest: 9ac24c7e-7e4f-4cef-ab0e-298cb71ae60d->e96d2cc9-026c-4220-b0f4-2bd3b4d5a924#48-t1, previous=(t:1, i:0), leaderCommit=0, initializing? false, entries: <empty>
2019-11-15 00:57:50,355 [grpc-default-executor-5] INFO  impl.FollowerInfo (FollowerInfo.java:lambda$new$0(51)) - 8692cc3a-c5e2-4bd5-b878-b8217203f52e@group-5812CD6E2952->efbac357-ca4e-4ee4-91b4-c654bf02dfcf: nextIndex: updateUnconditionally 1 -> 0
2019-11-15 00:57:50,356 [9ac24c7e-7e4f-4cef-ab0e-298cb71ae60d@group-D08F3DBE2A41-SegmentedRaftLogWorker] INFO  segmented.SegmentedRaftLogWorker (SegmentedRaftLogWorker.java:run(316)) - 9ac24c7e-7e4f-4cef-ab0e-298cb71ae60d@group-D08F3DBE2A41-SegmentedRaftLogWorker was interrupted, exiting. There are 0 tasks remaining in the queue.
2019-11-15 00:57:50,358 [ForkJoinPool.commonPool-worker-1] INFO  segmented.SegmentedRaftLogWorker (SegmentedRaftLogWorker.java:close(224)) - 9ac24c7e-7e4f-4cef-ab0e-298cb71ae60d@group-D08F3DBE2A41-SegmentedRaftLogWorker close()
2019-11-15 00:57:50,358 [grpc-default-executor-5] INFO  server.GrpcLogAppender (GrpcLogAppender.java:onCompleted(308)) - 9ac24c7e-7e4f-4cef-ab0e-298cb71ae60d@group-D08F3DBE2A41->e96d2cc9-026c-4220-b0f4-2bd3b4d5a924-AppendLogResponseHandler: follower responses appendEntries COMPLETED
2019-11-15 00:57:50,361 [ForkJoinPool.commonPool-worker-1] INFO  server.GrpcService (GrpcService.java:closeImpl(164)) - 9ac24c7e-7e4f-4cef-ab0e-298cb71ae60d: shutdown server with port 37265 now
2019-11-15 00:57:50,361 [grpc-default-executor-5] INFO  impl.FollowerInfo (FollowerInfo.java:lambda$new$0(51)) - 9ac24c7e-7e4f-4cef-ab0e-298cb71ae60d@group-D08F3DBE2A41->e96d2cc9-026c-4220-b0f4-2bd3b4d5a924: nextIndex: updateUnconditionally 1 -> 0
2019-11-15 00:57:50,362 [ForkJoinPool.commonPool-worker-1] INFO  server.GrpcService (GrpcService.java:closeImpl(172)) - 9ac24c7e-7e4f-4cef-ab0e-298cb71ae60d: shutdown server with port 37265 successfully
2019-11-15 00:57:50,366 [refreshUsed-/workdir/hadoop-ozone/integration-test/target/test-dir/MiniOzoneClusterImpl-8fc52630-20fd-4955-97d1-2a2852f9ee58/datanode-3/data/containers] WARN  fs.CachingGetSpaceUsed (CachingGetSpaceUsed.java:run(183)) - Thread Interrupted waiting to refresh disk information: sleep interrupted
2019-11-15 00:57:50,367 [refreshUsed-/workdir/hadoop-ozone/integration-test/target/test-dir/MiniOzoneClusterImpl-8fc52630-20fd-4955-97d1-2a2852f9ee58/datanode-6/data/containers] WARN  fs.CachingGetSpaceUsed (CachingGetSpaceUsed.java:run(183)) - Thread Interrupted waiting to refresh disk information: sleep interrupted
2019-11-15 00:57:50,385 [main] INFO  utils.BackgroundService (BackgroundService.java:shutdown(151)) - Shutting down service BlockDeletingService
2019-11-15 00:57:50,389 [main] INFO  statemachine.DatanodeStateMachine (DatanodeStateMachine.java:stopDaemon(400)) - Ozone container server stopped.
2019-11-15 00:57:50,389 [ForkJoinPool.commonPool-worker-1] INFO  utils.BackgroundService (BackgroundService.java:shutdown(151)) - Shutting down service BlockDeletingService
2019-11-15 00:57:50,391 [ForkJoinPool.commonPool-worker-1] INFO  statemachine.DatanodeStateMachine (DatanodeStateMachine.java:stopDaemon(400)) - Ozone container server stopped.
2019-11-15 00:57:50,394 [main] INFO  handler.ContextHandler (ContextHandler.java:doStop(910)) - Stopped o.e.j.w.WebAppContext@5261ec9{/,null,UNAVAILABLE}{/hddsDatanode}
2019-11-15 00:57:50,395 [ForkJoinPool.commonPool-worker-1] INFO  handler.ContextHandler (ContextHandler.java:doStop(910)) - Stopped o.e.j.w.WebAppContext@18a19e{/,null,UNAVAILABLE}{/hddsDatanode}
2019-11-15 00:57:50,396 [main] INFO  server.AbstractConnector (AbstractConnector.java:doStop(318)) - Stopped ServerConnector@65bb6275{HTTP/1.1,[http/1.1]}{0.0.0.0:0}
2019-11-15 00:57:50,397 [ForkJoinPool.commonPool-worker-1] INFO  server.AbstractConnector (AbstractConnector.java:doStop(318)) - Stopped ServerConnector@60a7e509{HTTP/1.1,[http/1.1]}{0.0.0.0:0}
2019-11-15 00:57:50,397 [main] INFO  handler.ContextHandler (ContextHandler.java:doStop(910)) - Stopped o.e.j.s.ServletContextHandler@4dd90166{/static,jar:file:/home/user/.m2/repository/org/apache/hadoop/hadoop-hdds-container-service/0.5.0-SNAPSHOT/hadoop-hdds-container-service-0.5.0-SNAPSHOT.jar!/webapps/static,UNAVAILABLE}
2019-11-15 00:57:50,411 [ForkJoinPool.commonPool-worker-1] INFO  handler.ContextHandler (ContextHandler.java:doStop(910)) - Stopped o.e.j.s.ServletContextHandler@7c5d1d25{/static,jar:file:/home/user/.m2/repository/org/apache/hadoop/hadoop-hdds-container-service/0.5.0-SNAPSHOT/hadoop-hdds-container-service-0.5.0-SNAPSHOT.jar!/webapps/static,UNAVAILABLE}
2019-11-15 00:57:50,412 [main] INFO  handler.ContextHandler (ContextHandler.java:doStop(910)) - Stopped o.e.j.s.ServletContextHandler@1d02af26{/logs,file:///workdir/hadoop-ozone/integration-test/target/log,UNAVAILABLE}
2019-11-15 00:57:50,412 [ForkJoinPool.commonPool-worker-1] INFO  handler.ContextHandler (ContextHandler.java:doStop(910)) - Stopped o.e.j.s.ServletContextHandler@36d33f4{/logs,file:///workdir/hadoop-ozone/integration-test/target/log,UNAVAILABLE}
2019-11-15 00:57:50,604 [grpc-default-executor-2] WARN  server.GrpcLogAppender (LogUtils.java:warn(134)) - 8692cc3a-c5e2-4bd5-b878-b8217203f52e@group-5812CD6E2952->efbac357-ca4e-4ee4-91b4-c654bf02dfcf-AppendLogResponseHandler: Failed appendEntries: org.apache.ratis.thirdparty.io.grpc.StatusRuntimeException: UNAVAILABLE: io exception
2019-11-15 00:57:50,604 [grpc-default-executor-2] INFO  impl.FollowerInfo (FollowerInfo.java:lambda$new$0(51)) - 8692cc3a-c5e2-4bd5-b878-b8217203f52e@group-5812CD6E2952->efbac357-ca4e-4ee4-91b4-c654bf02dfcf: nextIndex: updateUnconditionally 0 -> 0
2019-11-15 00:57:50,657 [Datanode State Machine Thread - 0] INFO  statemachine.DatanodeStateMachine (DatanodeStateMachine.java:lambda$startDaemon$0(355)) - Ozone container server started.
2019-11-15 00:57:50,738 [grpc-default-executor-2] WARN  server.GrpcLogAppender (LogUtils.java:warn(134)) - eccb109f-99d1-4501-bb16-6ecf49b3cdca@group-529DDC391E9C->5fe8490f-f805-406a-80e2-fbda1a66b042-AppendLogResponseHandler: Failed appendEntries: org.apache.ratis.thirdparty.io.grpc.StatusRuntimeException: UNAVAILABLE: io exception
2019-11-15 00:57:50,738 [grpc-default-executor-2] INFO  impl.FollowerInfo (FollowerInfo.java:lambda$new$0(51)) - eccb109f-99d1-4501-bb16-6ecf49b3cdca@group-529DDC391E9C->5fe8490f-f805-406a-80e2-fbda1a66b042: nextIndex: updateUnconditionally 0 -> 0
2019-11-15 00:57:51,078 [Thread-1552] INFO  impl.FollowerState (FollowerState.java:run(111)) - e96d2cc9-026c-4220-b0f4-2bd3b4d5a924@group-D08F3DBE2A41-FollowerState: change to CANDIDATE, lastRpcTime:1204ms, electionTimeout:1062ms
2019-11-15 00:57:51,079 [Thread-1552] INFO  impl.RoleInfo (RoleInfo.java:shutdownFollowerState(121)) - e96d2cc9-026c-4220-b0f4-2bd3b4d5a924: shutdown FollowerState
2019-11-15 00:57:51,079 [Thread-1552] INFO  impl.RaftServerImpl (RaftServerImpl.java:setRole(173)) - e96d2cc9-026c-4220-b0f4-2bd3b4d5a924@group-D08F3DBE2A41: changes role from  FOLLOWER to CANDIDATE at term 1 for changeToCandidate
2019-11-15 00:57:51,079 [Thread-1552] INFO  impl.RoleInfo (RoleInfo.java:updateAndGet(143)) - e96d2cc9-026c-4220-b0f4-2bd3b4d5a924: start LeaderElection
2019-11-15 00:57:51,079 [e96d2cc9-026c-4220-b0f4-2bd3b4d5a924@group-D08F3DBE2A41-LeaderElection51] INFO  impl.RaftServerImpl (ServerState.java:setLeader(255)) - e96d2cc9-026c-4220-b0f4-2bd3b4d5a924@group-D08F3DBE2A41: change Leader from 9ac24c7e-7e4f-4cef-ab0e-298cb71ae60d to null at term 1 for initElection
2019-11-15 00:57:51,104 [grpc-default-executor-2] WARN  server.GrpcLogAppender (LogUtils.java:warn(134)) - 8692cc3a-c5e2-4bd5-b878-b8217203f52e@group-5812CD6E2952->efbac357-ca4e-4ee4-91b4-c654bf02dfcf-AppendLogResponseHandler: Failed appendEntries: org.apache.ratis.thirdparty.io.grpc.StatusRuntimeException: UNAVAILABLE: io exception
2019-11-15 00:57:51,105 [grpc-default-executor-2] INFO  impl.FollowerInfo (FollowerInfo.java:lambda$new$0(51)) - 8692cc3a-c5e2-4bd5-b878-b8217203f52e@group-5812CD6E2952->efbac357-ca4e-4ee4-91b4-c654bf02dfcf: nextIndex: updateUnconditionally 0 -> 0
2019-11-15 00:57:51,106 [e96d2cc9-026c-4220-b0f4-2bd3b4d5a924@group-D08F3DBE2A41-LeaderElection51] INFO  impl.LeaderElection (LeaderElection.java:askForVotes(178)) - e96d2cc9-026c-4220-b0f4-2bd3b4d5a924@group-D08F3DBE2A41-LeaderElection51: begin an election at term 2 for 0: [9ac24c7e-7e4f-4cef-ab0e-298cb71ae60d:192.168.164.208:37265, 4dfd32cc-2252-49fe-ba51-4380d1c0b0d5:192.168.164.208:44082, e96d2cc9-026c-4220-b0f4-2bd3b4d5a924:192.168.164.208:39163], old=null
2019-11-15 00:57:51,108 [e96d2cc9-026c-4220-b0f4-2bd3b4d5a924@group-D08F3DBE2A41-LeaderElection51] INFO  impl.LeaderElection (LogUtils.java:infoOrTrace(149)) - e96d2cc9-026c-4220-b0f4-2bd3b4d5a924@group-D08F3DBE2A41-LeaderElection51 got exception when requesting votes: {}
java.util.concurrent.ExecutionException: org.apache.ratis.thirdparty.io.grpc.StatusRuntimeException: UNAVAILABLE: io exception
	at java.util.concurrent.FutureTask.report(FutureTask.java:122)
	at java.util.concurrent.FutureTask.get(FutureTask.java:192)
	at org.apache.ratis.server.impl.LeaderElection.waitForResults(LeaderElection.java:259)
	at org.apache.ratis.server.impl.LeaderElection.askForVotes(LeaderElection.java:197)
	at org.apache.ratis.server.impl.LeaderElection.run(LeaderElection.java:133)
	at java.lang.Thread.run(Thread.java:748)
Caused by: org.apache.ratis.thirdparty.io.grpc.StatusRuntimeException: UNAVAILABLE: io exception
	at org.apache.ratis.thirdparty.io.grpc.stub.ClientCalls.toStatusRuntimeException(ClientCalls.java:233)
	at org.apache.ratis.thirdparty.io.grpc.stub.ClientCalls.getUnchecked(ClientCalls.java:214)
	at org.apache.ratis.thirdparty.io.grpc.stub.ClientCalls.blockingUnaryCall(ClientCalls.java:139)
	at org.apache.ratis.proto.grpc.RaftServerProtocolServiceGrpc$RaftServerProtocolServiceBlockingStub.requestVote(RaftServerProtocolServiceGrpc.java:265)
	at org.apache.ratis.grpc.server.GrpcServerProtocolClient.requestVote(GrpcServerProtocolClient.java:99)
	at org.apache.ratis.grpc.server.GrpcService.requestVote(GrpcService.java:204)
	at org.apache.ratis.server.impl.LeaderElection.lambda$submitRequests$1(LeaderElection.java:234)
	at java.util.concurrent.FutureTask.run(FutureTask.java:266)
	at java.util.concurrent.Executors$RunnableAdapter.call(Executors.java:511)
	at java.util.concurrent.FutureTask.run(FutureTask.java:266)
	at java.util.concurrent.ThreadPoolExecutor.runWorker(ThreadPoolExecutor.java:1149)
	at java.util.concurrent.ThreadPoolExecutor$Worker.run(ThreadPoolExecutor.java:624)
	... 1 more
Caused by: org.apache.ratis.thirdparty.io.netty.channel.AbstractChannel$AnnotatedConnectException: Connection refused: /192.168.164.208:37265
	at sun.nio.ch.SocketChannelImpl.checkConnect(Native Method)
	at sun.nio.ch.SocketChannelImpl.finishConnect(SocketChannelImpl.java:717)
	at org.apache.ratis.thirdparty.io.netty.channel.socket.nio.NioSocketChannel.doFinishConnect(NioSocketChannel.java:327)
	at org.apache.ratis.thirdparty.io.netty.channel.nio.AbstractNioChannel$AbstractNioUnsafe.finishConnect(AbstractNioChannel.java:340)
	at org.apache.ratis.thirdparty.io.netty.channel.nio.NioEventLoop.processSelectedKey(NioEventLoop.java:632)
	at org.apache.ratis.thirdparty.io.netty.channel.nio.NioEventLoop.processSelectedKeysOptimized(NioEventLoop.java:579)
	at org.apache.ratis.thirdparty.io.netty.channel.nio.NioEventLoop.processSelectedKeys(NioEventLoop.java:496)
	at org.apache.ratis.thirdparty.io.netty.channel.nio.NioEventLoop.run(NioEventLoop.java:458)
	at org.apache.ratis.thirdparty.io.netty.util.concurrent.SingleThreadEventExecutor$5.run(SingleThreadEventExecutor.java:897)
	at org.apache.ratis.thirdparty.io.netty.util.concurrent.FastThreadLocalRunnable.run(FastThreadLocalRunnable.java:30)
	... 1 more
Caused by: java.net.ConnectException: Connection refused
	... 11 more
2019-11-15 00:57:51,112 [e96d2cc9-026c-4220-b0f4-2bd3b4d5a924@group-D08F3DBE2A41-LeaderElection51] INFO  impl.LeaderElection (LogUtils.java:infoOrTrace(149)) - e96d2cc9-026c-4220-b0f4-2bd3b4d5a924@group-D08F3DBE2A41-LeaderElection51 got exception when requesting votes: {}
java.util.concurrent.ExecutionException: org.apache.ratis.thirdparty.io.grpc.StatusRuntimeException: UNAVAILABLE: io exception
	at java.util.concurrent.FutureTask.report(FutureTask.java:122)
	at java.util.concurrent.FutureTask.get(FutureTask.java:192)
	at org.apache.ratis.server.impl.LeaderElection.waitForResults(LeaderElection.java:259)
	at org.apache.ratis.server.impl.LeaderElection.askForVotes(LeaderElection.java:197)
	at org.apache.ratis.server.impl.LeaderElection.run(LeaderElection.java:133)
	at java.lang.Thread.run(Thread.java:748)
Caused by: org.apache.ratis.thirdparty.io.grpc.StatusRuntimeException: UNAVAILABLE: io exception
	at org.apache.ratis.thirdparty.io.grpc.stub.ClientCalls.toStatusRuntimeException(ClientCalls.java:233)
	at org.apache.ratis.thirdparty.io.grpc.stub.ClientCalls.getUnchecked(ClientCalls.java:214)
	at org.apache.ratis.thirdparty.io.grpc.stub.ClientCalls.blockingUnaryCall(ClientCalls.java:139)
	at org.apache.ratis.proto.grpc.RaftServerProtocolServiceGrpc$RaftServerProtocolServiceBlockingStub.requestVote(RaftServerProtocolServiceGrpc.java:265)
	at org.apache.ratis.grpc.server.GrpcServerProtocolClient.requestVote(GrpcServerProtocolClient.java:99)
	at org.apache.ratis.grpc.server.GrpcService.requestVote(GrpcService.java:204)
	at org.apache.ratis.server.impl.LeaderElection.lambda$submitRequests$1(LeaderElection.java:234)
	at java.util.concurrent.FutureTask.run(FutureTask.java:266)
	at java.util.concurrent.Executors$RunnableAdapter.call(Executors.java:511)
	at java.util.concurrent.FutureTask.run(FutureTask.java:266)
	at java.util.concurrent.ThreadPoolExecutor.runWorker(ThreadPoolExecutor.java:1149)
	at java.util.concurrent.ThreadPoolExecutor$Worker.run(ThreadPoolExecutor.java:624)
	... 1 more
Caused by: org.apache.ratis.thirdparty.io.netty.channel.AbstractChannel$AnnotatedConnectException: Connection refused: /192.168.164.208:44082
	at sun.nio.ch.SocketChannelImpl.checkConnect(Native Method)
	at sun.nio.ch.SocketChannelImpl.finishConnect(SocketChannelImpl.java:717)
	at org.apache.ratis.thirdparty.io.netty.channel.socket.nio.NioSocketChannel.doFinishConnect(NioSocketChannel.java:327)
	at org.apache.ratis.thirdparty.io.netty.channel.nio.AbstractNioChannel$AbstractNioUnsafe.finishConnect(AbstractNioChannel.java:340)
	at org.apache.ratis.thirdparty.io.netty.channel.nio.NioEventLoop.processSelectedKey(NioEventLoop.java:632)
	at org.apache.ratis.thirdparty.io.netty.channel.nio.NioEventLoop.processSelectedKeysOptimized(NioEventLoop.java:579)
	at org.apache.ratis.thirdparty.io.netty.channel.nio.NioEventLoop.processSelectedKeys(NioEventLoop.java:496)
	at org.apache.ratis.thirdparty.io.netty.channel.nio.NioEventLoop.run(NioEventLoop.java:458)
	at org.apache.ratis.thirdparty.io.netty.util.concurrent.SingleThreadEventExecutor$5.run(SingleThreadEventExecutor.java:897)
	at org.apache.ratis.thirdparty.io.netty.util.concurrent.FastThreadLocalRunnable.run(FastThreadLocalRunnable.java:30)
	... 1 more
Caused by: java.net.ConnectException: Connection refused
	... 11 more
2019-11-15 00:57:51,115 [e96d2cc9-026c-4220-b0f4-2bd3b4d5a924@group-D08F3DBE2A41-LeaderElection51] INFO  impl.LeaderElection (LeaderElection.java:logAndReturn(56)) - e96d2cc9-026c-4220-b0f4-2bd3b4d5a924@group-D08F3DBE2A41-LeaderElection51: Election REJECTED; received 0 response(s) [] and 2 exception(s); e96d2cc9-026c-4220-b0f4-2bd3b4d5a924@group-D08F3DBE2A41:t2, leader=null, voted=e96d2cc9-026c-4220-b0f4-2bd3b4d5a924, raftlog=e96d2cc9-026c-4220-b0f4-2bd3b4d5a924@group-D08F3DBE2A41-SegmentedRaftLog:OPENED:c0,f0,i0, conf=0: [9ac24c7e-7e4f-4cef-ab0e-298cb71ae60d:192.168.164.208:37265, 4dfd32cc-2252-49fe-ba51-4380d1c0b0d5:192.168.164.208:44082, e96d2cc9-026c-4220-b0f4-2bd3b4d5a924:192.168.164.208:39163], old=null
2019-11-15 00:57:51,115 [e96d2cc9-026c-4220-b0f4-2bd3b4d5a924@group-D08F3DBE2A41-LeaderElection51] INFO  impl.LeaderElection (LogUtils.java:infoOrTrace(149)) -   Exception 0: {}
java.util.concurrent.ExecutionException: org.apache.ratis.thirdparty.io.grpc.StatusRuntimeException: UNAVAILABLE: io exception
	at java.util.concurrent.FutureTask.report(FutureTask.java:122)
	at java.util.concurrent.FutureTask.get(FutureTask.java:192)
	at org.apache.ratis.server.impl.LeaderElection.waitForResults(LeaderElection.java:259)
	at org.apache.ratis.server.impl.LeaderElection.askForVotes(LeaderElection.java:197)
	at org.apache.ratis.server.impl.LeaderElection.run(LeaderElection.java:133)
	at java.lang.Thread.run(Thread.java:748)
Caused by: org.apache.ratis.thirdparty.io.grpc.StatusRuntimeException: UNAVAILABLE: io exception
	at org.apache.ratis.thirdparty.io.grpc.stub.ClientCalls.toStatusRuntimeException(ClientCalls.java:233)
	at org.apache.ratis.thirdparty.io.grpc.stub.ClientCalls.getUnchecked(ClientCalls.java:214)
	at org.apache.ratis.thirdparty.io.grpc.stub.ClientCalls.blockingUnaryCall(ClientCalls.java:139)
	at org.apache.ratis.proto.grpc.RaftServerProtocolServiceGrpc$RaftServerProtocolServiceBlockingStub.requestVote(RaftServerProtocolServiceGrpc.java:265)
	at org.apache.ratis.grpc.server.GrpcServerProtocolClient.requestVote(GrpcServerProtocolClient.java:99)
	at org.apache.ratis.grpc.server.GrpcService.requestVote(GrpcService.java:204)
	at org.apache.ratis.server.impl.LeaderElection.lambda$submitRequests$1(LeaderElection.java:234)
	at java.util.concurrent.FutureTask.run(FutureTask.java:266)
	at java.util.concurrent.Executors$RunnableAdapter.call(Executors.java:511)
	at java.util.concurrent.FutureTask.run(FutureTask.java:266)
	at java.util.concurrent.ThreadPoolExecutor.runWorker(ThreadPoolExecutor.java:1149)
	at java.util.concurrent.ThreadPoolExecutor$Worker.run(ThreadPoolExecutor.java:624)
	... 1 more
Caused by: org.apache.ratis.thirdparty.io.netty.channel.AbstractChannel$AnnotatedConnectException: Connection refused: /192.168.164.208:37265
	at sun.nio.ch.SocketChannelImpl.checkConnect(Native Method)
	at sun.nio.ch.SocketChannelImpl.finishConnect(SocketChannelImpl.java:717)
	at org.apache.ratis.thirdparty.io.netty.channel.socket.nio.NioSocketChannel.doFinishConnect(NioSocketChannel.java:327)
	at org.apache.ratis.thirdparty.io.netty.channel.nio.AbstractNioChannel$AbstractNioUnsafe.finishConnect(AbstractNioChannel.java:340)
	at org.apache.ratis.thirdparty.io.netty.channel.nio.NioEventLoop.processSelectedKey(NioEventLoop.java:632)
	at org.apache.ratis.thirdparty.io.netty.channel.nio.NioEventLoop.processSelectedKeysOptimized(NioEventLoop.java:579)
	at org.apache.ratis.thirdparty.io.netty.channel.nio.NioEventLoop.processSelectedKeys(NioEventLoop.java:496)
	at org.apache.ratis.thirdparty.io.netty.channel.nio.NioEventLoop.run(NioEventLoop.java:458)
	at org.apache.ratis.thirdparty.io.netty.util.concurrent.SingleThreadEventExecutor$5.run(SingleThreadEventExecutor.java:897)
	at org.apache.ratis.thirdparty.io.netty.util.concurrent.FastThreadLocalRunnable.run(FastThreadLocalRunnable.java:30)
	... 1 more
Caused by: java.net.ConnectException: Connection refused
	... 11 more
2019-11-15 00:57:51,115 [e96d2cc9-026c-4220-b0f4-2bd3b4d5a924@group-D08F3DBE2A41-LeaderElection51] INFO  impl.LeaderElection (LogUtils.java:infoOrTrace(149)) -   Exception 1: {}
java.util.concurrent.ExecutionException: org.apache.ratis.thirdparty.io.grpc.StatusRuntimeException: UNAVAILABLE: io exception
	at java.util.concurrent.FutureTask.report(FutureTask.java:122)
	at java.util.concurrent.FutureTask.get(FutureTask.java:192)
	at org.apache.ratis.server.impl.LeaderElection.waitForResults(LeaderElection.java:259)
	at org.apache.ratis.server.impl.LeaderElection.askForVotes(LeaderElection.java:197)
	at org.apache.ratis.server.impl.LeaderElection.run(LeaderElection.java:133)
	at java.lang.Thread.run(Thread.java:748)
Caused by: org.apache.ratis.thirdparty.io.grpc.StatusRuntimeException: UNAVAILABLE: io exception
	at org.apache.ratis.thirdparty.io.grpc.stub.ClientCalls.toStatusRuntimeException(ClientCalls.java:233)
	at org.apache.ratis.thirdparty.io.grpc.stub.ClientCalls.getUnchecked(ClientCalls.java:214)
	at org.apache.ratis.thirdparty.io.grpc.stub.ClientCalls.blockingUnaryCall(ClientCalls.java:139)
	at org.apache.ratis.proto.grpc.RaftServerProtocolServiceGrpc$RaftServerProtocolServiceBlockingStub.requestVote(RaftServerProtocolServiceGrpc.java:265)
	at org.apache.ratis.grpc.server.GrpcServerProtocolClient.requestVote(GrpcServerProtocolClient.java:99)
	at org.apache.ratis.grpc.server.GrpcService.requestVote(GrpcService.java:204)
	at org.apache.ratis.server.impl.LeaderElection.lambda$submitRequests$1(LeaderElection.java:234)
	at java.util.concurrent.FutureTask.run(FutureTask.java:266)
	at java.util.concurrent.Executors$RunnableAdapter.call(Executors.java:511)
	at java.util.concurrent.FutureTask.run(FutureTask.java:266)
	at java.util.concurrent.ThreadPoolExecutor.runWorker(ThreadPoolExecutor.java:1149)
	at java.util.concurrent.ThreadPoolExecutor$Worker.run(ThreadPoolExecutor.java:624)
	... 1 more
Caused by: org.apache.ratis.thirdparty.io.netty.channel.AbstractChannel$AnnotatedConnectException: Connection refused: /192.168.164.208:44082
	at sun.nio.ch.SocketChannelImpl.checkConnect(Native Method)
	at sun.nio.ch.SocketChannelImpl.finishConnect(SocketChannelImpl.java:717)
	at org.apache.ratis.thirdparty.io.netty.channel.socket.nio.NioSocketChannel.doFinishConnect(NioSocketChannel.java:327)
	at org.apache.ratis.thirdparty.io.netty.channel.nio.AbstractNioChannel$AbstractNioUnsafe.finishConnect(AbstractNioChannel.java:340)
	at org.apache.ratis.thirdparty.io.netty.channel.nio.NioEventLoop.processSelectedKey(NioEventLoop.java:632)
	at org.apache.ratis.thirdparty.io.netty.channel.nio.NioEventLoop.processSelectedKeysOptimized(NioEventLoop.java:579)
	at org.apache.ratis.thirdparty.io.netty.channel.nio.NioEventLoop.processSelectedKeys(NioEventLoop.java:496)
	at org.apache.ratis.thirdparty.io.netty.channel.nio.NioEventLoop.run(NioEventLoop.java:458)
	at org.apache.ratis.thirdparty.io.netty.util.concurrent.SingleThreadEventExecutor$5.run(SingleThreadEventExecutor.java:897)
	at org.apache.ratis.thirdparty.io.netty.util.concurrent.FastThreadLocalRunnable.run(FastThreadLocalRunnable.java:30)
	... 1 more
Caused by: java.net.ConnectException: Connection refused
	... 11 more
2019-11-15 00:57:51,116 [e96d2cc9-026c-4220-b0f4-2bd3b4d5a924@group-D08F3DBE2A41-LeaderElection51] INFO  impl.RaftServerImpl (RaftServerImpl.java:setRole(173)) - e96d2cc9-026c-4220-b0f4-2bd3b4d5a924@group-D08F3DBE2A41: changes role from CANDIDATE to FOLLOWER at term 2 for DISCOVERED_A_NEW_TERM
2019-11-15 00:57:51,116 [e96d2cc9-026c-4220-b0f4-2bd3b4d5a924@group-D08F3DBE2A41-LeaderElection51] INFO  impl.RoleInfo (RoleInfo.java:shutdownLeaderElection(134)) - e96d2cc9-026c-4220-b0f4-2bd3b4d5a924: shutdown LeaderElection
2019-11-15 00:57:51,116 [e96d2cc9-026c-4220-b0f4-2bd3b4d5a924@group-D08F3DBE2A41-LeaderElection51] INFO  impl.RoleInfo (RoleInfo.java:updateAndGet(143)) - e96d2cc9-026c-4220-b0f4-2bd3b4d5a924: start FollowerState
2019-11-15 00:57:51,223 [Datanode State Machine Thread - 0] INFO  statemachine.DatanodeStateMachine (DatanodeStateMachine.java:lambda$startDaemon$0(355)) - Ozone container server started.
2019-11-15 00:57:51,238 [grpc-default-executor-2] WARN  server.GrpcLogAppender (LogUtils.java:warn(134)) - eccb109f-99d1-4501-bb16-6ecf49b3cdca@group-529DDC391E9C->5fe8490f-f805-406a-80e2-fbda1a66b042-AppendLogResponseHandler: Failed appendEntries: org.apache.ratis.thirdparty.io.grpc.StatusRuntimeException: UNAVAILABLE: io exception
2019-11-15 00:57:51,239 [grpc-default-executor-2] INFO  impl.FollowerInfo (FollowerInfo.java:lambda$new$0(51)) - eccb109f-99d1-4501-bb16-6ecf49b3cdca@group-529DDC391E9C->5fe8490f-f805-406a-80e2-fbda1a66b042: nextIndex: updateUnconditionally 0 -> 0
2019-11-15 00:57:51,605 [grpc-default-executor-5] WARN  server.GrpcLogAppender (LogUtils.java:warn(134)) - 8692cc3a-c5e2-4bd5-b878-b8217203f52e@group-5812CD6E2952->efbac357-ca4e-4ee4-91b4-c654bf02dfcf-AppendLogResponseHandler: Failed appendEntries: org.apache.ratis.thirdparty.io.grpc.StatusRuntimeException: UNAVAILABLE: io exception
2019-11-15 00:57:51,605 [grpc-default-executor-5] INFO  impl.FollowerInfo (FollowerInfo.java:lambda$new$0(51)) - 8692cc3a-c5e2-4bd5-b878-b8217203f52e@group-5812CD6E2952->efbac357-ca4e-4ee4-91b4-c654bf02dfcf: nextIndex: updateUnconditionally 0 -> 0
2019-11-15 00:57:51,739 [grpc-default-executor-0] WARN  server.GrpcLogAppender (LogUtils.java:warn(134)) - eccb109f-99d1-4501-bb16-6ecf49b3cdca@group-529DDC391E9C->5fe8490f-f805-406a-80e2-fbda1a66b042-AppendLogResponseHandler: Failed appendEntries: org.apache.ratis.thirdparty.io.grpc.StatusRuntimeException: UNAVAILABLE: io exception
2019-11-15 00:57:51,739 [grpc-default-executor-0] INFO  impl.FollowerInfo (FollowerInfo.java:lambda$new$0(51)) - eccb109f-99d1-4501-bb16-6ecf49b3cdca@group-529DDC391E9C->5fe8490f-f805-406a-80e2-fbda1a66b042: nextIndex: updateUnconditionally 0 -> 0
2019-11-15 00:57:52,105 [grpc-default-executor-5] WARN  server.GrpcLogAppender (LogUtils.java:warn(134)) - 8692cc3a-c5e2-4bd5-b878-b8217203f52e@group-5812CD6E2952->efbac357-ca4e-4ee4-91b4-c654bf02dfcf-AppendLogResponseHandler: Failed appendEntries: org.apache.ratis.thirdparty.io.grpc.StatusRuntimeException: UNAVAILABLE: io exception
2019-11-15 00:57:52,105 [grpc-default-executor-5] INFO  impl.FollowerInfo (FollowerInfo.java:lambda$new$0(51)) - 8692cc3a-c5e2-4bd5-b878-b8217203f52e@group-5812CD6E2952->efbac357-ca4e-4ee4-91b4-c654bf02dfcf: nextIndex: updateUnconditionally 0 -> 0
2019-11-15 00:57:52,216 [Thread-1856] INFO  impl.FollowerState (FollowerState.java:run(111)) - e96d2cc9-026c-4220-b0f4-2bd3b4d5a924@group-D08F3DBE2A41-FollowerState: change to CANDIDATE, lastRpcTime:1100ms, electionTimeout:1100ms
2019-11-15 00:57:52,216 [Thread-1856] INFO  impl.RoleInfo (RoleInfo.java:shutdownFollowerState(121)) - e96d2cc9-026c-4220-b0f4-2bd3b4d5a924: shutdown FollowerState
2019-11-15 00:57:52,217 [Thread-1856] INFO  impl.RaftServerImpl (RaftServerImpl.java:setRole(173)) - e96d2cc9-026c-4220-b0f4-2bd3b4d5a924@group-D08F3DBE2A41: changes role from  FOLLOWER to CANDIDATE at term 2 for changeToCandidate
2019-11-15 00:57:52,217 [Thread-1856] INFO  impl.RoleInfo (RoleInfo.java:updateAndGet(143)) - e96d2cc9-026c-4220-b0f4-2bd3b4d5a924: start LeaderElection
2019-11-15 00:57:52,230 [e96d2cc9-026c-4220-b0f4-2bd3b4d5a924@group-D08F3DBE2A41-LeaderElection52] INFO  impl.LeaderElection (LeaderElection.java:askForVotes(178)) - e96d2cc9-026c-4220-b0f4-2bd3b4d5a924@group-D08F3DBE2A41-LeaderElection52: begin an election at term 3 for 0: [9ac24c7e-7e4f-4cef-ab0e-298cb71ae60d:192.168.164.208:37265, 4dfd32cc-2252-49fe-ba51-4380d1c0b0d5:192.168.164.208:44082, e96d2cc9-026c-4220-b0f4-2bd3b4d5a924:192.168.164.208:39163], old=null
2019-11-15 00:57:52,232 [e96d2cc9-026c-4220-b0f4-2bd3b4d5a924@group-D08F3DBE2A41-LeaderElection52] INFO  impl.LeaderElection (LogUtils.java:infoOrTrace(149)) - e96d2cc9-026c-4220-b0f4-2bd3b4d5a924@group-D08F3DBE2A41-LeaderElection52 got exception when requesting votes: {}
java.util.concurrent.ExecutionException: org.apache.ratis.thirdparty.io.grpc.StatusRuntimeException: UNAVAILABLE: io exception
	at java.util.concurrent.FutureTask.report(FutureTask.java:122)
	at java.util.concurrent.FutureTask.get(FutureTask.java:192)
	at org.apache.ratis.server.impl.LeaderElection.waitForResults(LeaderElection.java:259)
	at org.apache.ratis.server.impl.LeaderElection.askForVotes(LeaderElection.java:197)
	at org.apache.ratis.server.impl.LeaderElection.run(LeaderElection.java:133)
	at java.lang.Thread.run(Thread.java:748)
Caused by: org.apache.ratis.thirdparty.io.grpc.StatusRuntimeException: UNAVAILABLE: io exception
	at org.apache.ratis.thirdparty.io.grpc.stub.ClientCalls.toStatusRuntimeException(ClientCalls.java:233)
	at org.apache.ratis.thirdparty.io.grpc.stub.ClientCalls.getUnchecked(ClientCalls.java:214)
	at org.apache.ratis.thirdparty.io.grpc.stub.ClientCalls.blockingUnaryCall(ClientCalls.java:139)
	at org.apache.ratis.proto.grpc.RaftServerProtocolServiceGrpc$RaftServerProtocolServiceBlockingStub.requestVote(RaftServerProtocolServiceGrpc.java:265)
	at org.apache.ratis.grpc.server.GrpcServerProtocolClient.requestVote(GrpcServerProtocolClient.java:99)
	at org.apache.ratis.grpc.server.GrpcService.requestVote(GrpcService.java:204)
	at org.apache.ratis.server.impl.LeaderElection.lambda$submitRequests$1(LeaderElection.java:234)
	at java.util.concurrent.FutureTask.run(FutureTask.java:266)
	at java.util.concurrent.Executors$RunnableAdapter.call(Executors.java:511)
	at java.util.concurrent.FutureTask.run(FutureTask.java:266)
	at java.util.concurrent.ThreadPoolExecutor.runWorker(ThreadPoolExecutor.java:1149)
	at java.util.concurrent.ThreadPoolExecutor$Worker.run(ThreadPoolExecutor.java:624)
	... 1 more
Caused by: org.apache.ratis.thirdparty.io.netty.channel.AbstractChannel$AnnotatedConnectException: Connection refused: /192.168.164.208:37265
	at sun.nio.ch.SocketChannelImpl.checkConnect(Native Method)
	at sun.nio.ch.SocketChannelImpl.finishConnect(SocketChannelImpl.java:717)
	at org.apache.ratis.thirdparty.io.netty.channel.socket.nio.NioSocketChannel.doFinishConnect(NioSocketChannel.java:327)
	at org.apache.ratis.thirdparty.io.netty.channel.nio.AbstractNioChannel$AbstractNioUnsafe.finishConnect(AbstractNioChannel.java:340)
	at org.apache.ratis.thirdparty.io.netty.channel.nio.NioEventLoop.processSelectedKey(NioEventLoop.java:632)
	at org.apache.ratis.thirdparty.io.netty.channel.nio.NioEventLoop.processSelectedKeysOptimized(NioEventLoop.java:579)
	at org.apache.ratis.thirdparty.io.netty.channel.nio.NioEventLoop.processSelectedKeys(NioEventLoop.java:496)
	at org.apache.ratis.thirdparty.io.netty.channel.nio.NioEventLoop.run(NioEventLoop.java:458)
	at org.apache.ratis.thirdparty.io.netty.util.concurrent.SingleThreadEventExecutor$5.run(SingleThreadEventExecutor.java:897)
	at org.apache.ratis.thirdparty.io.netty.util.concurrent.FastThreadLocalRunnable.run(FastThreadLocalRunnable.java:30)
	... 1 more
Caused by: java.net.ConnectException: Connection refused
	... 11 more
2019-11-15 00:57:52,234 [e96d2cc9-026c-4220-b0f4-2bd3b4d5a924@group-D08F3DBE2A41-LeaderElection52] INFO  impl.LeaderElection (LogUtils.java:infoOrTrace(149)) - e96d2cc9-026c-4220-b0f4-2bd3b4d5a924@group-D08F3DBE2A41-LeaderElection52 got exception when requesting votes: {}
java.util.concurrent.ExecutionException: org.apache.ratis.thirdparty.io.grpc.StatusRuntimeException: UNAVAILABLE: io exception
	at java.util.concurrent.FutureTask.report(FutureTask.java:122)
	at java.util.concurrent.FutureTask.get(FutureTask.java:192)
	at org.apache.ratis.server.impl.LeaderElection.waitForResults(LeaderElection.java:259)
	at org.apache.ratis.server.impl.LeaderElection.askForVotes(LeaderElection.java:197)
	at org.apache.ratis.server.impl.LeaderElection.run(LeaderElection.java:133)
	at java.lang.Thread.run(Thread.java:748)
Caused by: org.apache.ratis.thirdparty.io.grpc.StatusRuntimeException: UNAVAILABLE: io exception
	at org.apache.ratis.thirdparty.io.grpc.stub.ClientCalls.toStatusRuntimeException(ClientCalls.java:233)
	at org.apache.ratis.thirdparty.io.grpc.stub.ClientCalls.getUnchecked(ClientCalls.java:214)
	at org.apache.ratis.thirdparty.io.grpc.stub.ClientCalls.blockingUnaryCall(ClientCalls.java:139)
	at org.apache.ratis.proto.grpc.RaftServerProtocolServiceGrpc$RaftServerProtocolServiceBlockingStub.requestVote(RaftServerProtocolServiceGrpc.java:265)
	at org.apache.ratis.grpc.server.GrpcServerProtocolClient.requestVote(GrpcServerProtocolClient.java:99)
	at org.apache.ratis.grpc.server.GrpcService.requestVote(GrpcService.java:204)
	at org.apache.ratis.server.impl.LeaderElection.lambda$submitRequests$1(LeaderElection.java:234)
	at java.util.concurrent.FutureTask.run(FutureTask.java:266)
	at java.util.concurrent.Executors$RunnableAdapter.call(Executors.java:511)
	at java.util.concurrent.FutureTask.run(FutureTask.java:266)
	at java.util.concurrent.ThreadPoolExecutor.runWorker(ThreadPoolExecutor.java:1149)
	at java.util.concurrent.ThreadPoolExecutor$Worker.run(ThreadPoolExecutor.java:624)
	... 1 more
Caused by: org.apache.ratis.thirdparty.io.netty.channel.AbstractChannel$AnnotatedConnectException: Connection refused: /192.168.164.208:44082
	at sun.nio.ch.SocketChannelImpl.checkConnect(Native Method)
	at sun.nio.ch.SocketChannelImpl.finishConnect(SocketChannelImpl.java:717)
	at org.apache.ratis.thirdparty.io.netty.channel.socket.nio.NioSocketChannel.doFinishConnect(NioSocketChannel.java:327)
	at org.apache.ratis.thirdparty.io.netty.channel.nio.AbstractNioChannel$AbstractNioUnsafe.finishConnect(AbstractNioChannel.java:340)
	at org.apache.ratis.thirdparty.io.netty.channel.nio.NioEventLoop.processSelectedKey(NioEventLoop.java:632)
	at org.apache.ratis.thirdparty.io.netty.channel.nio.NioEventLoop.processSelectedKeysOptimized(NioEventLoop.java:579)
	at org.apache.ratis.thirdparty.io.netty.channel.nio.NioEventLoop.processSelectedKeys(NioEventLoop.java:496)
	at org.apache.ratis.thirdparty.io.netty.channel.nio.NioEventLoop.run(NioEventLoop.java:458)
	at org.apache.ratis.thirdparty.io.netty.util.concurrent.SingleThreadEventExecutor$5.run(SingleThreadEventExecutor.java:897)
	at org.apache.ratis.thirdparty.io.netty.util.concurrent.FastThreadLocalRunnable.run(FastThreadLocalRunnable.java:30)
	... 1 more
Caused by: java.net.ConnectException: Connection refused
	... 11 more
2019-11-15 00:57:52,235 [e96d2cc9-026c-4220-b0f4-2bd3b4d5a924@group-D08F3DBE2A41-LeaderElection52] INFO  impl.LeaderElection (LeaderElection.java:logAndReturn(56)) - e96d2cc9-026c-4220-b0f4-2bd3b4d5a924@group-D08F3DBE2A41-LeaderElection52: Election REJECTED; received 0 response(s) [] and 2 exception(s); e96d2cc9-026c-4220-b0f4-2bd3b4d5a924@group-D08F3DBE2A41:t3, leader=null, voted=e96d2cc9-026c-4220-b0f4-2bd3b4d5a924, raftlog=e96d2cc9-026c-4220-b0f4-2bd3b4d5a924@group-D08F3DBE2A41-SegmentedRaftLog:OPENED:c0,f0,i0, conf=0: [9ac24c7e-7e4f-4cef-ab0e-298cb71ae60d:192.168.164.208:37265, 4dfd32cc-2252-49fe-ba51-4380d1c0b0d5:192.168.164.208:44082, e96d2cc9-026c-4220-b0f4-2bd3b4d5a924:192.168.164.208:39163], old=null
2019-11-15 00:57:52,235 [e96d2cc9-026c-4220-b0f4-2bd3b4d5a924@group-D08F3DBE2A41-LeaderElection52] INFO  impl.LeaderElection (LogUtils.java:infoOrTrace(149)) -   Exception 0: {}
java.util.concurrent.ExecutionException: org.apache.ratis.thirdparty.io.grpc.StatusRuntimeException: UNAVAILABLE: io exception
	at java.util.concurrent.FutureTask.report(FutureTask.java:122)
	at java.util.concurrent.FutureTask.get(FutureTask.java:192)
	at org.apache.ratis.server.impl.LeaderElection.waitForResults(LeaderElection.java:259)
	at org.apache.ratis.server.impl.LeaderElection.askForVotes(LeaderElection.java:197)
	at org.apache.ratis.server.impl.LeaderElection.run(LeaderElection.java:133)
	at java.lang.Thread.run(Thread.java:748)
Caused by: org.apache.ratis.thirdparty.io.grpc.StatusRuntimeException: UNAVAILABLE: io exception
	at org.apache.ratis.thirdparty.io.grpc.stub.ClientCalls.toStatusRuntimeException(ClientCalls.java:233)
	at org.apache.ratis.thirdparty.io.grpc.stub.ClientCalls.getUnchecked(ClientCalls.java:214)
	at org.apache.ratis.thirdparty.io.grpc.stub.ClientCalls.blockingUnaryCall(ClientCalls.java:139)
	at org.apache.ratis.proto.grpc.RaftServerProtocolServiceGrpc$RaftServerProtocolServiceBlockingStub.requestVote(RaftServerProtocolServiceGrpc.java:265)
	at org.apache.ratis.grpc.server.GrpcServerProtocolClient.requestVote(GrpcServerProtocolClient.java:99)
	at org.apache.ratis.grpc.server.GrpcService.requestVote(GrpcService.java:204)
	at org.apache.ratis.server.impl.LeaderElection.lambda$submitRequests$1(LeaderElection.java:234)
	at java.util.concurrent.FutureTask.run(FutureTask.java:266)
	at java.util.concurrent.Executors$RunnableAdapter.call(Executors.java:511)
	at java.util.concurrent.FutureTask.run(FutureTask.java:266)
	at java.util.concurrent.ThreadPoolExecutor.runWorker(ThreadPoolExecutor.java:1149)
	at java.util.concurrent.ThreadPoolExecutor$Worker.run(ThreadPoolExecutor.java:624)
	... 1 more
Caused by: org.apache.ratis.thirdparty.io.netty.channel.AbstractChannel$AnnotatedConnectException: Connection refused: /192.168.164.208:37265
	at sun.nio.ch.SocketChannelImpl.checkConnect(Native Method)
	at sun.nio.ch.SocketChannelImpl.finishConnect(SocketChannelImpl.java:717)
	at org.apache.ratis.thirdparty.io.netty.channel.socket.nio.NioSocketChannel.doFinishConnect(NioSocketChannel.java:327)
	at org.apache.ratis.thirdparty.io.netty.channel.nio.AbstractNioChannel$AbstractNioUnsafe.finishConnect(AbstractNioChannel.java:340)
	at org.apache.ratis.thirdparty.io.netty.channel.nio.NioEventLoop.processSelectedKey(NioEventLoop.java:632)
	at org.apache.ratis.thirdparty.io.netty.channel.nio.NioEventLoop.processSelectedKeysOptimized(NioEventLoop.java:579)
	at org.apache.ratis.thirdparty.io.netty.channel.nio.NioEventLoop.processSelectedKeys(NioEventLoop.java:496)
	at org.apache.ratis.thirdparty.io.netty.channel.nio.NioEventLoop.run(NioEventLoop.java:458)
	at org.apache.ratis.thirdparty.io.netty.util.concurrent.SingleThreadEventExecutor$5.run(SingleThreadEventExecutor.java:897)
	at org.apache.ratis.thirdparty.io.netty.util.concurrent.FastThreadLocalRunnable.run(FastThreadLocalRunnable.java:30)
	... 1 more
Caused by: java.net.ConnectException: Connection refused
	... 11 more
2019-11-15 00:57:52,236 [e96d2cc9-026c-4220-b0f4-2bd3b4d5a924@group-D08F3DBE2A41-LeaderElection52] INFO  impl.LeaderElection (LogUtils.java:infoOrTrace(149)) -   Exception 1: {}
java.util.concurrent.ExecutionException: org.apache.ratis.thirdparty.io.grpc.StatusRuntimeException: UNAVAILABLE: io exception
	at java.util.concurrent.FutureTask.report(FutureTask.java:122)
	at java.util.concurrent.FutureTask.get(FutureTask.java:192)
	at org.apache.ratis.server.impl.LeaderElection.waitForResults(LeaderElection.java:259)
	at org.apache.ratis.server.impl.LeaderElection.askForVotes(LeaderElection.java:197)
	at org.apache.ratis.server.impl.LeaderElection.run(LeaderElection.java:133)
	at java.lang.Thread.run(Thread.java:748)
Caused by: org.apache.ratis.thirdparty.io.grpc.StatusRuntimeException: UNAVAILABLE: io exception
	at org.apache.ratis.thirdparty.io.grpc.stub.ClientCalls.toStatusRuntimeException(ClientCalls.java:233)
	at org.apache.ratis.thirdparty.io.grpc.stub.ClientCalls.getUnchecked(ClientCalls.java:214)
	at org.apache.ratis.thirdparty.io.grpc.stub.ClientCalls.blockingUnaryCall(ClientCalls.java:139)
	at org.apache.ratis.proto.grpc.RaftServerProtocolServiceGrpc$RaftServerProtocolServiceBlockingStub.requestVote(RaftServerProtocolServiceGrpc.java:265)
	at org.apache.ratis.grpc.server.GrpcServerProtocolClient.requestVote(GrpcServerProtocolClient.java:99)
	at org.apache.ratis.grpc.server.GrpcService.requestVote(GrpcService.java:204)
	at org.apache.ratis.server.impl.LeaderElection.lambda$submitRequests$1(LeaderElection.java:234)
	at java.util.concurrent.FutureTask.run(FutureTask.java:266)
	at java.util.concurrent.Executors$RunnableAdapter.call(Executors.java:511)
	at java.util.concurrent.FutureTask.run(FutureTask.java:266)
	at java.util.concurrent.ThreadPoolExecutor.runWorker(ThreadPoolExecutor.java:1149)
	at java.util.concurrent.ThreadPoolExecutor$Worker.run(ThreadPoolExecutor.java:624)
	... 1 more
Caused by: org.apache.ratis.thirdparty.io.netty.channel.AbstractChannel$AnnotatedConnectException: Connection refused: /192.168.164.208:44082
	at sun.nio.ch.SocketChannelImpl.checkConnect(Native Method)
	at sun.nio.ch.SocketChannelImpl.finishConnect(SocketChannelImpl.java:717)
	at org.apache.ratis.thirdparty.io.netty.channel.socket.nio.NioSocketChannel.doFinishConnect(NioSocketChannel.java:327)
	at org.apache.ratis.thirdparty.io.netty.channel.nio.AbstractNioChannel$AbstractNioUnsafe.finishConnect(AbstractNioChannel.java:340)
	at org.apache.ratis.thirdparty.io.netty.channel.nio.NioEventLoop.processSelectedKey(NioEventLoop.java:632)
	at org.apache.ratis.thirdparty.io.netty.channel.nio.NioEventLoop.processSelectedKeysOptimized(NioEventLoop.java:579)
	at org.apache.ratis.thirdparty.io.netty.channel.nio.NioEventLoop.processSelectedKeys(NioEventLoop.java:496)
	at org.apache.ratis.thirdparty.io.netty.channel.nio.NioEventLoop.run(NioEventLoop.java:458)
	at org.apache.ratis.thirdparty.io.netty.util.concurrent.SingleThreadEventExecutor$5.run(SingleThreadEventExecutor.java:897)
	at org.apache.ratis.thirdparty.io.netty.util.concurrent.FastThreadLocalRunnable.run(FastThreadLocalRunnable.java:30)
	... 1 more
Caused by: java.net.ConnectException: Connection refused
	... 11 more
2019-11-15 00:57:52,236 [e96d2cc9-026c-4220-b0f4-2bd3b4d5a924@group-D08F3DBE2A41-LeaderElection52] INFO  impl.RaftServerImpl (RaftServerImpl.java:setRole(173)) - e96d2cc9-026c-4220-b0f4-2bd3b4d5a924@group-D08F3DBE2A41: changes role from CANDIDATE to FOLLOWER at term 3 for DISCOVERED_A_NEW_TERM
2019-11-15 00:57:52,236 [e96d2cc9-026c-4220-b0f4-2bd3b4d5a924@group-D08F3DBE2A41-LeaderElection52] INFO  impl.RoleInfo (RoleInfo.java:shutdownLeaderElection(134)) - e96d2cc9-026c-4220-b0f4-2bd3b4d5a924: shutdown LeaderElection
2019-11-15 00:57:52,236 [e96d2cc9-026c-4220-b0f4-2bd3b4d5a924@group-D08F3DBE2A41-LeaderElection52] INFO  impl.RoleInfo (RoleInfo.java:updateAndGet(143)) - e96d2cc9-026c-4220-b0f4-2bd3b4d5a924: start FollowerState
2019-11-15 00:57:52,239 [grpc-default-executor-0] WARN  server.GrpcLogAppender (LogUtils.java:warn(134)) - eccb109f-99d1-4501-bb16-6ecf49b3cdca@group-529DDC391E9C->5fe8490f-f805-406a-80e2-fbda1a66b042-AppendLogResponseHandler: Failed appendEntries: org.apache.ratis.thirdparty.io.grpc.StatusRuntimeException: UNAVAILABLE: io exception
2019-11-15 00:57:52,241 [grpc-default-executor-0] INFO  impl.FollowerInfo (FollowerInfo.java:lambda$new$0(51)) - eccb109f-99d1-4501-bb16-6ecf49b3cdca@group-529DDC391E9C->5fe8490f-f805-406a-80e2-fbda1a66b042: nextIndex: updateUnconditionally 0 -> 0
2019-11-15 00:57:52,607 [grpc-default-executor-0] WARN  server.GrpcLogAppender (LogUtils.java:warn(134)) - 8692cc3a-c5e2-4bd5-b878-b8217203f52e@group-5812CD6E2952->efbac357-ca4e-4ee4-91b4-c654bf02dfcf-AppendLogResponseHandler: Failed appendEntries: org.apache.ratis.thirdparty.io.grpc.StatusRuntimeException: UNAVAILABLE: io exception
2019-11-15 00:57:52,608 [grpc-default-executor-0] INFO  impl.FollowerInfo (FollowerInfo.java:lambda$new$0(51)) - 8692cc3a-c5e2-4bd5-b878-b8217203f52e@group-5812CD6E2952->efbac357-ca4e-4ee4-91b4-c654bf02dfcf: nextIndex: updateUnconditionally 0 -> 0
2019-11-15 00:57:52,744 [grpc-default-executor-0] WARN  server.GrpcLogAppender (LogUtils.java:warn(134)) - eccb109f-99d1-4501-bb16-6ecf49b3cdca@group-529DDC391E9C->5fe8490f-f805-406a-80e2-fbda1a66b042-AppendLogResponseHandler: Failed appendEntries: org.apache.ratis.thirdparty.io.grpc.StatusRuntimeException: UNAVAILABLE: io exception
2019-11-15 00:57:52,745 [grpc-default-executor-0] INFO  impl.FollowerInfo (FollowerInfo.java:lambda$new$0(51)) - eccb109f-99d1-4501-bb16-6ecf49b3cdca@group-529DDC391E9C->5fe8490f-f805-406a-80e2-fbda1a66b042: nextIndex: updateUnconditionally 0 -> 0
2019-11-15 00:57:53,113 [grpc-default-executor-0] WARN  server.GrpcLogAppender (LogUtils.java:warn(134)) - 8692cc3a-c5e2-4bd5-b878-b8217203f52e@group-5812CD6E2952->efbac357-ca4e-4ee4-91b4-c654bf02dfcf-AppendLogResponseHandler: Failed appendEntries: org.apache.ratis.thirdparty.io.grpc.StatusRuntimeException: UNAVAILABLE: io exception
2019-11-15 00:57:53,114 [grpc-default-executor-0] INFO  impl.FollowerInfo (FollowerInfo.java:lambda$new$0(51)) - 8692cc3a-c5e2-4bd5-b878-b8217203f52e@group-5812CD6E2952->efbac357-ca4e-4ee4-91b4-c654bf02dfcf: nextIndex: updateUnconditionally 0 -> 0
2019-11-15 00:57:53,249 [grpc-default-executor-0] WARN  server.GrpcLogAppender (LogUtils.java:warn(134)) - eccb109f-99d1-4501-bb16-6ecf49b3cdca@group-529DDC391E9C->5fe8490f-f805-406a-80e2-fbda1a66b042-AppendLogResponseHandler: Failed appendEntries: org.apache.ratis.thirdparty.io.grpc.StatusRuntimeException: UNAVAILABLE: io exception
2019-11-15 00:57:53,250 [grpc-default-executor-0] INFO  impl.FollowerInfo (FollowerInfo.java:lambda$new$0(51)) - eccb109f-99d1-4501-bb16-6ecf49b3cdca@group-529DDC391E9C->5fe8490f-f805-406a-80e2-fbda1a66b042: nextIndex: updateUnconditionally 0 -> 0
2019-11-15 00:57:53,364 [Thread-1864] INFO  impl.FollowerState (FollowerState.java:run(111)) - e96d2cc9-026c-4220-b0f4-2bd3b4d5a924@group-D08F3DBE2A41-FollowerState: change to CANDIDATE, lastRpcTime:1127ms, electionTimeout:1127ms
2019-11-15 00:57:53,364 [Thread-1864] INFO  impl.RoleInfo (RoleInfo.java:shutdownFollowerState(121)) - e96d2cc9-026c-4220-b0f4-2bd3b4d5a924: shutdown FollowerState
2019-11-15 00:57:53,364 [Thread-1864] INFO  impl.RaftServerImpl (RaftServerImpl.java:setRole(173)) - e96d2cc9-026c-4220-b0f4-2bd3b4d5a924@group-D08F3DBE2A41: changes role from  FOLLOWER to CANDIDATE at term 3 for changeToCandidate
2019-11-15 00:57:53,365 [Thread-1864] INFO  impl.RoleInfo (RoleInfo.java:updateAndGet(143)) - e96d2cc9-026c-4220-b0f4-2bd3b4d5a924: start LeaderElection
2019-11-15 00:57:53,379 [e96d2cc9-026c-4220-b0f4-2bd3b4d5a924@group-D08F3DBE2A41-LeaderElection53] INFO  impl.LeaderElection (LeaderElection.java:askForVotes(178)) - e96d2cc9-026c-4220-b0f4-2bd3b4d5a924@group-D08F3DBE2A41-LeaderElection53: begin an election at term 4 for 0: [9ac24c7e-7e4f-4cef-ab0e-298cb71ae60d:192.168.164.208:37265, 4dfd32cc-2252-49fe-ba51-4380d1c0b0d5:192.168.164.208:44082, e96d2cc9-026c-4220-b0f4-2bd3b4d5a924:192.168.164.208:39163], old=null
2019-11-15 00:57:53,381 [e96d2cc9-026c-4220-b0f4-2bd3b4d5a924@group-D08F3DBE2A41-LeaderElection53] INFO  impl.LeaderElection (LogUtils.java:infoOrTrace(149)) - e96d2cc9-026c-4220-b0f4-2bd3b4d5a924@group-D08F3DBE2A41-LeaderElection53 got exception when requesting votes: {}
java.util.concurrent.ExecutionException: org.apache.ratis.thirdparty.io.grpc.StatusRuntimeException: UNAVAILABLE: io exception
	at java.util.concurrent.FutureTask.report(FutureTask.java:122)
	at java.util.concurrent.FutureTask.get(FutureTask.java:192)
	at org.apache.ratis.server.impl.LeaderElection.waitForResults(LeaderElection.java:259)
	at org.apache.ratis.server.impl.LeaderElection.askForVotes(LeaderElection.java:197)
	at org.apache.ratis.server.impl.LeaderElection.run(LeaderElection.java:133)
	at java.lang.Thread.run(Thread.java:748)
Caused by: org.apache.ratis.thirdparty.io.grpc.StatusRuntimeException: UNAVAILABLE: io exception
	at org.apache.ratis.thirdparty.io.grpc.stub.ClientCalls.toStatusRuntimeException(ClientCalls.java:233)
	at org.apache.ratis.thirdparty.io.grpc.stub.ClientCalls.getUnchecked(ClientCalls.java:214)
	at org.apache.ratis.thirdparty.io.grpc.stub.ClientCalls.blockingUnaryCall(ClientCalls.java:139)
	at org.apache.ratis.proto.grpc.RaftServerProtocolServiceGrpc$RaftServerProtocolServiceBlockingStub.requestVote(RaftServerProtocolServiceGrpc.java:265)
	at org.apache.ratis.grpc.server.GrpcServerProtocolClient.requestVote(GrpcServerProtocolClient.java:99)
	at org.apache.ratis.grpc.server.GrpcService.requestVote(GrpcService.java:204)
	at org.apache.ratis.server.impl.LeaderElection.lambda$submitRequests$1(LeaderElection.java:234)
	at java.util.concurrent.FutureTask.run(FutureTask.java:266)
	at java.util.concurrent.Executors$RunnableAdapter.call(Executors.java:511)
	at java.util.concurrent.FutureTask.run(FutureTask.java:266)
	at java.util.concurrent.ThreadPoolExecutor.runWorker(ThreadPoolExecutor.java:1149)
	at java.util.concurrent.ThreadPoolExecutor$Worker.run(ThreadPoolExecutor.java:624)
	... 1 more
Caused by: org.apache.ratis.thirdparty.io.netty.channel.AbstractChannel$AnnotatedConnectException: Connection refused: /192.168.164.208:44082
	at sun.nio.ch.SocketChannelImpl.checkConnect(Native Method)
	at sun.nio.ch.SocketChannelImpl.finishConnect(SocketChannelImpl.java:717)
	at org.apache.ratis.thirdparty.io.netty.channel.socket.nio.NioSocketChannel.doFinishConnect(NioSocketChannel.java:327)
	at org.apache.ratis.thirdparty.io.netty.channel.nio.AbstractNioChannel$AbstractNioUnsafe.finishConnect(AbstractNioChannel.java:340)
	at org.apache.ratis.thirdparty.io.netty.channel.nio.NioEventLoop.processSelectedKey(NioEventLoop.java:632)
	at org.apache.ratis.thirdparty.io.netty.channel.nio.NioEventLoop.processSelectedKeysOptimized(NioEventLoop.java:579)
	at org.apache.ratis.thirdparty.io.netty.channel.nio.NioEventLoop.processSelectedKeys(NioEventLoop.java:496)
	at org.apache.ratis.thirdparty.io.netty.channel.nio.NioEventLoop.run(NioEventLoop.java:458)
	at org.apache.ratis.thirdparty.io.netty.util.concurrent.SingleThreadEventExecutor$5.run(SingleThreadEventExecutor.java:897)
	at org.apache.ratis.thirdparty.io.netty.util.concurrent.FastThreadLocalRunnable.run(FastThreadLocalRunnable.java:30)
	... 1 more
Caused by: java.net.ConnectException: Connection refused
	... 11 more
2019-11-15 00:57:53,384 [e96d2cc9-026c-4220-b0f4-2bd3b4d5a924@group-D08F3DBE2A41-LeaderElection53] INFO  impl.LeaderElection (LogUtils.java:infoOrTrace(149)) - e96d2cc9-026c-4220-b0f4-2bd3b4d5a924@group-D08F3DBE2A41-LeaderElection53 got exception when requesting votes: {}
java.util.concurrent.ExecutionException: org.apache.ratis.thirdparty.io.grpc.StatusRuntimeException: UNAVAILABLE: io exception
	at java.util.concurrent.FutureTask.report(FutureTask.java:122)
	at java.util.concurrent.FutureTask.get(FutureTask.java:192)
	at org.apache.ratis.server.impl.LeaderElection.waitForResults(LeaderElection.java:259)
	at org.apache.ratis.server.impl.LeaderElection.askForVotes(LeaderElection.java:197)
	at org.apache.ratis.server.impl.LeaderElection.run(LeaderElection.java:133)
	at java.lang.Thread.run(Thread.java:748)
Caused by: org.apache.ratis.thirdparty.io.grpc.StatusRuntimeException: UNAVAILABLE: io exception
	at org.apache.ratis.thirdparty.io.grpc.stub.ClientCalls.toStatusRuntimeException(ClientCalls.java:233)
	at org.apache.ratis.thirdparty.io.grpc.stub.ClientCalls.getUnchecked(ClientCalls.java:214)
	at org.apache.ratis.thirdparty.io.grpc.stub.ClientCalls.blockingUnaryCall(ClientCalls.java:139)
	at org.apache.ratis.proto.grpc.RaftServerProtocolServiceGrpc$RaftServerProtocolServiceBlockingStub.requestVote(RaftServerProtocolServiceGrpc.java:265)
	at org.apache.ratis.grpc.server.GrpcServerProtocolClient.requestVote(GrpcServerProtocolClient.java:99)
	at org.apache.ratis.grpc.server.GrpcService.requestVote(GrpcService.java:204)
	at org.apache.ratis.server.impl.LeaderElection.lambda$submitRequests$1(LeaderElection.java:234)
	at java.util.concurrent.FutureTask.run(FutureTask.java:266)
	at java.util.concurrent.Executors$RunnableAdapter.call(Executors.java:511)
	at java.util.concurrent.FutureTask.run(FutureTask.java:266)
	at java.util.concurrent.ThreadPoolExecutor.runWorker(ThreadPoolExecutor.java:1149)
	at java.util.concurrent.ThreadPoolExecutor$Worker.run(ThreadPoolExecutor.java:624)
	... 1 more
Caused by: org.apache.ratis.thirdparty.io.netty.channel.AbstractChannel$AnnotatedConnectException: Connection refused: /192.168.164.208:37265
	at sun.nio.ch.SocketChannelImpl.checkConnect(Native Method)
	at sun.nio.ch.SocketChannelImpl.finishConnect(SocketChannelImpl.java:717)
	at org.apache.ratis.thirdparty.io.netty.channel.socket.nio.NioSocketChannel.doFinishConnect(NioSocketChannel.java:327)
	at org.apache.ratis.thirdparty.io.netty.channel.nio.AbstractNioChannel$AbstractNioUnsafe.finishConnect(AbstractNioChannel.java:340)
	at org.apache.ratis.thirdparty.io.netty.channel.nio.NioEventLoop.processSelectedKey(NioEventLoop.java:632)
	at org.apache.ratis.thirdparty.io.netty.channel.nio.NioEventLoop.processSelectedKeysOptimized(NioEventLoop.java:579)
	at org.apache.ratis.thirdparty.io.netty.channel.nio.NioEventLoop.processSelectedKeys(NioEventLoop.java:496)
	at org.apache.ratis.thirdparty.io.netty.channel.nio.NioEventLoop.run(NioEventLoop.java:458)
	at org.apache.ratis.thirdparty.io.netty.util.concurrent.SingleThreadEventExecutor$5.run(SingleThreadEventExecutor.java:897)
	at org.apache.ratis.thirdparty.io.netty.util.concurrent.FastThreadLocalRunnable.run(FastThreadLocalRunnable.java:30)
	... 1 more
Caused by: java.net.ConnectException: Connection refused
	... 11 more
2019-11-15 00:57:53,387 [e96d2cc9-026c-4220-b0f4-2bd3b4d5a924@group-D08F3DBE2A41-LeaderElection53] INFO  impl.LeaderElection (LeaderElection.java:logAndReturn(56)) - e96d2cc9-026c-4220-b0f4-2bd3b4d5a924@group-D08F3DBE2A41-LeaderElection53: Election REJECTED; received 0 response(s) [] and 2 exception(s); e96d2cc9-026c-4220-b0f4-2bd3b4d5a924@group-D08F3DBE2A41:t4, leader=null, voted=e96d2cc9-026c-4220-b0f4-2bd3b4d5a924, raftlog=e96d2cc9-026c-4220-b0f4-2bd3b4d5a924@group-D08F3DBE2A41-SegmentedRaftLog:OPENED:c0,f0,i0, conf=0: [9ac24c7e-7e4f-4cef-ab0e-298cb71ae60d:192.168.164.208:37265, 4dfd32cc-2252-49fe-ba51-4380d1c0b0d5:192.168.164.208:44082, e96d2cc9-026c-4220-b0f4-2bd3b4d5a924:192.168.164.208:39163], old=null
2019-11-15 00:57:53,387 [e96d2cc9-026c-4220-b0f4-2bd3b4d5a924@group-D08F3DBE2A41-LeaderElection53] INFO  impl.LeaderElection (LogUtils.java:infoOrTrace(149)) -   Exception 0: {}
java.util.concurrent.ExecutionException: org.apache.ratis.thirdparty.io.grpc.StatusRuntimeException: UNAVAILABLE: io exception
	at java.util.concurrent.FutureTask.report(FutureTask.java:122)
	at java.util.concurrent.FutureTask.get(FutureTask.java:192)
	at org.apache.ratis.server.impl.LeaderElection.waitForResults(LeaderElection.java:259)
	at org.apache.ratis.server.impl.LeaderElection.askForVotes(LeaderElection.java:197)
	at org.apache.ratis.server.impl.LeaderElection.run(LeaderElection.java:133)
	at java.lang.Thread.run(Thread.java:748)
Caused by: org.apache.ratis.thirdparty.io.grpc.StatusRuntimeException: UNAVAILABLE: io exception
	at org.apache.ratis.thirdparty.io.grpc.stub.ClientCalls.toStatusRuntimeException(ClientCalls.java:233)
	at org.apache.ratis.thirdparty.io.grpc.stub.ClientCalls.getUnchecked(ClientCalls.java:214)
	at org.apache.ratis.thirdparty.io.grpc.stub.ClientCalls.blockingUnaryCall(ClientCalls.java:139)
	at org.apache.ratis.proto.grpc.RaftServerProtocolServiceGrpc$RaftServerProtocolServiceBlockingStub.requestVote(RaftServerProtocolServiceGrpc.java:265)
	at org.apache.ratis.grpc.server.GrpcServerProtocolClient.requestVote(GrpcServerProtocolClient.java:99)
	at org.apache.ratis.grpc.server.GrpcService.requestVote(GrpcService.java:204)
	at org.apache.ratis.server.impl.LeaderElection.lambda$submitRequests$1(LeaderElection.java:234)
	at java.util.concurrent.FutureTask.run(FutureTask.java:266)
	at java.util.concurrent.Executors$RunnableAdapter.call(Executors.java:511)
	at java.util.concurrent.FutureTask.run(FutureTask.java:266)
	at java.util.concurrent.ThreadPoolExecutor.runWorker(ThreadPoolExecutor.java:1149)
	at java.util.concurrent.ThreadPoolExecutor$Worker.run(ThreadPoolExecutor.java:624)
	... 1 more
Caused by: org.apache.ratis.thirdparty.io.netty.channel.AbstractChannel$AnnotatedConnectException: Connection refused: /192.168.164.208:44082
	at sun.nio.ch.SocketChannelImpl.checkConnect(Native Method)
	at sun.nio.ch.SocketChannelImpl.finishConnect(SocketChannelImpl.java:717)
	at org.apache.ratis.thirdparty.io.netty.channel.socket.nio.NioSocketChannel.doFinishConnect(NioSocketChannel.java:327)
	at org.apache.ratis.thirdparty.io.netty.channel.nio.AbstractNioChannel$AbstractNioUnsafe.finishConnect(AbstractNioChannel.java:340)
	at org.apache.ratis.thirdparty.io.netty.channel.nio.NioEventLoop.processSelectedKey(NioEventLoop.java:632)
	at org.apache.ratis.thirdparty.io.netty.channel.nio.NioEventLoop.processSelectedKeysOptimized(NioEventLoop.java:579)
	at org.apache.ratis.thirdparty.io.netty.channel.nio.NioEventLoop.processSelectedKeys(NioEventLoop.java:496)
	at org.apache.ratis.thirdparty.io.netty.channel.nio.NioEventLoop.run(NioEventLoop.java:458)
	at org.apache.ratis.thirdparty.io.netty.util.concurrent.SingleThreadEventExecutor$5.run(SingleThreadEventExecutor.java:897)
	at org.apache.ratis.thirdparty.io.netty.util.concurrent.FastThreadLocalRunnable.run(FastThreadLocalRunnable.java:30)
	... 1 more
Caused by: java.net.ConnectException: Connection refused
	... 11 more
2019-11-15 00:57:53,387 [e96d2cc9-026c-4220-b0f4-2bd3b4d5a924@group-D08F3DBE2A41-LeaderElection53] INFO  impl.LeaderElection (LogUtils.java:infoOrTrace(149)) -   Exception 1: {}
java.util.concurrent.ExecutionException: org.apache.ratis.thirdparty.io.grpc.StatusRuntimeException: UNAVAILABLE: io exception
	at java.util.concurrent.FutureTask.report(FutureTask.java:122)
	at java.util.concurrent.FutureTask.get(FutureTask.java:192)
	at org.apache.ratis.server.impl.LeaderElection.waitForResults(LeaderElection.java:259)
	at org.apache.ratis.server.impl.LeaderElection.askForVotes(LeaderElection.java:197)
	at org.apache.ratis.server.impl.LeaderElection.run(LeaderElection.java:133)
	at java.lang.Thread.run(Thread.java:748)
Caused by: org.apache.ratis.thirdparty.io.grpc.StatusRuntimeException: UNAVAILABLE: io exception
	at org.apache.ratis.thirdparty.io.grpc.stub.ClientCalls.toStatusRuntimeException(ClientCalls.java:233)
	at org.apache.ratis.thirdparty.io.grpc.stub.ClientCalls.getUnchecked(ClientCalls.java:214)
	at org.apache.ratis.thirdparty.io.grpc.stub.ClientCalls.blockingUnaryCall(ClientCalls.java:139)
	at org.apache.ratis.proto.grpc.RaftServerProtocolServiceGrpc$RaftServerProtocolServiceBlockingStub.requestVote(RaftServerProtocolServiceGrpc.java:265)
	at org.apache.ratis.grpc.server.GrpcServerProtocolClient.requestVote(GrpcServerProtocolClient.java:99)
	at org.apache.ratis.grpc.server.GrpcService.requestVote(GrpcService.java:204)
	at org.apache.ratis.server.impl.LeaderElection.lambda$submitRequests$1(LeaderElection.java:234)
	at java.util.concurrent.FutureTask.run(FutureTask.java:266)
	at java.util.concurrent.Executors$RunnableAdapter.call(Executors.java:511)
	at java.util.concurrent.FutureTask.run(FutureTask.java:266)
	at java.util.concurrent.ThreadPoolExecutor.runWorker(ThreadPoolExecutor.java:1149)
	at java.util.concurrent.ThreadPoolExecutor$Worker.run(ThreadPoolExecutor.java:624)
	... 1 more
Caused by: org.apache.ratis.thirdparty.io.netty.channel.AbstractChannel$AnnotatedConnectException: Connection refused: /192.168.164.208:37265
	at sun.nio.ch.SocketChannelImpl.checkConnect(Native Method)
	at sun.nio.ch.SocketChannelImpl.finishConnect(SocketChannelImpl.java:717)
	at org.apache.ratis.thirdparty.io.netty.channel.socket.nio.NioSocketChannel.doFinishConnect(NioSocketChannel.java:327)
	at org.apache.ratis.thirdparty.io.netty.channel.nio.AbstractNioChannel$AbstractNioUnsafe.finishConnect(AbstractNioChannel.java:340)
	at org.apache.ratis.thirdparty.io.netty.channel.nio.NioEventLoop.processSelectedKey(NioEventLoop.java:632)
	at org.apache.ratis.thirdparty.io.netty.channel.nio.NioEventLoop.processSelectedKeysOptimized(NioEventLoop.java:579)
	at org.apache.ratis.thirdparty.io.netty.channel.nio.NioEventLoop.processSelectedKeys(NioEventLoop.java:496)
	at org.apache.ratis.thirdparty.io.netty.channel.nio.NioEventLoop.run(NioEventLoop.java:458)
	at org.apache.ratis.thirdparty.io.netty.util.concurrent.SingleThreadEventExecutor$5.run(SingleThreadEventExecutor.java:897)
	at org.apache.ratis.thirdparty.io.netty.util.concurrent.FastThreadLocalRunnable.run(FastThreadLocalRunnable.java:30)
	... 1 more
Caused by: java.net.ConnectException: Connection refused
	... 11 more
2019-11-15 00:57:53,387 [e96d2cc9-026c-4220-b0f4-2bd3b4d5a924@group-D08F3DBE2A41-LeaderElection53] INFO  impl.RaftServerImpl (RaftServerImpl.java:setRole(173)) - e96d2cc9-026c-4220-b0f4-2bd3b4d5a924@group-D08F3DBE2A41: changes role from CANDIDATE to FOLLOWER at term 4 for DISCOVERED_A_NEW_TERM
2019-11-15 00:57:53,388 [e96d2cc9-026c-4220-b0f4-2bd3b4d5a924@group-D08F3DBE2A41-LeaderElection53] INFO  impl.RoleInfo (RoleInfo.java:shutdownLeaderElection(134)) - e96d2cc9-026c-4220-b0f4-2bd3b4d5a924: shutdown LeaderElection
2019-11-15 00:57:53,388 [e96d2cc9-026c-4220-b0f4-2bd3b4d5a924@group-D08F3DBE2A41-LeaderElection53] INFO  impl.RoleInfo (RoleInfo.java:updateAndGet(143)) - e96d2cc9-026c-4220-b0f4-2bd3b4d5a924: start FollowerState
2019-11-15 00:57:53,611 [grpc-default-executor-2] WARN  server.GrpcLogAppender (LogUtils.java:warn(134)) - 8692cc3a-c5e2-4bd5-b878-b8217203f52e@group-5812CD6E2952->efbac357-ca4e-4ee4-91b4-c654bf02dfcf-AppendLogResponseHandler: Failed appendEntries: org.apache.ratis.thirdparty.io.grpc.StatusRuntimeException: UNAVAILABLE: io exception
2019-11-15 00:57:53,613 [grpc-default-executor-2] INFO  impl.FollowerInfo (FollowerInfo.java:lambda$new$0(51)) - 8692cc3a-c5e2-4bd5-b878-b8217203f52e@group-5812CD6E2952->efbac357-ca4e-4ee4-91b4-c654bf02dfcf: nextIndex: updateUnconditionally 0 -> 0
2019-11-15 00:57:53,742 [grpc-default-executor-0] WARN  server.GrpcLogAppender (LogUtils.java:warn(134)) - eccb109f-99d1-4501-bb16-6ecf49b3cdca@group-529DDC391E9C->5fe8490f-f805-406a-80e2-fbda1a66b042-AppendLogResponseHandler: Failed appendEntries: org.apache.ratis.thirdparty.io.grpc.StatusRuntimeException: UNAVAILABLE: io exception
2019-11-15 00:57:53,743 [grpc-default-executor-0] INFO  impl.FollowerInfo (FollowerInfo.java:lambda$new$0(51)) - eccb109f-99d1-4501-bb16-6ecf49b3cdca@group-529DDC391E9C->5fe8490f-f805-406a-80e2-fbda1a66b042: nextIndex: updateUnconditionally 0 -> 0
2019-11-15 00:57:54,111 [grpc-default-executor-0] WARN  server.GrpcLogAppender (LogUtils.java:warn(134)) - 8692cc3a-c5e2-4bd5-b878-b8217203f52e@group-5812CD6E2952->efbac357-ca4e-4ee4-91b4-c654bf02dfcf-AppendLogResponseHandler: Failed appendEntries: org.apache.ratis.thirdparty.io.grpc.StatusRuntimeException: UNAVAILABLE: io exception
2019-11-15 00:57:54,112 [grpc-default-executor-0] INFO  impl.FollowerInfo (FollowerInfo.java:lambda$new$0(51)) - 8692cc3a-c5e2-4bd5-b878-b8217203f52e@group-5812CD6E2952->efbac357-ca4e-4ee4-91b4-c654bf02dfcf: nextIndex: updateUnconditionally 0 -> 0
2019-11-15 00:57:54,243 [grpc-default-executor-2] WARN  server.GrpcLogAppender (LogUtils.java:warn(134)) - eccb109f-99d1-4501-bb16-6ecf49b3cdca@group-529DDC391E9C->5fe8490f-f805-406a-80e2-fbda1a66b042-AppendLogResponseHandler: Failed appendEntries: org.apache.ratis.thirdparty.io.grpc.StatusRuntimeException: UNAVAILABLE: io exception
2019-11-15 00:57:54,243 [grpc-default-executor-2] INFO  impl.FollowerInfo (FollowerInfo.java:lambda$new$0(51)) - eccb109f-99d1-4501-bb16-6ecf49b3cdca@group-529DDC391E9C->5fe8490f-f805-406a-80e2-fbda1a66b042: nextIndex: updateUnconditionally 0 -> 0
2019-11-15 00:57:54,563 [Thread-1873] INFO  impl.FollowerState (FollowerState.java:run(111)) - e96d2cc9-026c-4220-b0f4-2bd3b4d5a924@group-D08F3DBE2A41-FollowerState: change to CANDIDATE, lastRpcTime:1175ms, electionTimeout:1175ms
2019-11-15 00:57:54,564 [Thread-1873] INFO  impl.RoleInfo (RoleInfo.java:shutdownFollowerState(121)) - e96d2cc9-026c-4220-b0f4-2bd3b4d5a924: shutdown FollowerState
2019-11-15 00:57:54,564 [Thread-1873] INFO  impl.RaftServerImpl (RaftServerImpl.java:setRole(173)) - e96d2cc9-026c-4220-b0f4-2bd3b4d5a924@group-D08F3DBE2A41: changes role from  FOLLOWER to CANDIDATE at term 4 for changeToCandidate
2019-11-15 00:57:54,564 [Thread-1873] INFO  impl.RoleInfo (RoleInfo.java:updateAndGet(143)) - e96d2cc9-026c-4220-b0f4-2bd3b4d5a924: start LeaderElection
2019-11-15 00:57:54,578 [e96d2cc9-026c-4220-b0f4-2bd3b4d5a924@group-D08F3DBE2A41-LeaderElection54] INFO  impl.LeaderElection (LeaderElection.java:askForVotes(178)) - e96d2cc9-026c-4220-b0f4-2bd3b4d5a924@group-D08F3DBE2A41-LeaderElection54: begin an election at term 5 for 0: [9ac24c7e-7e4f-4cef-ab0e-298cb71ae60d:192.168.164.208:37265, 4dfd32cc-2252-49fe-ba51-4380d1c0b0d5:192.168.164.208:44082, e96d2cc9-026c-4220-b0f4-2bd3b4d5a924:192.168.164.208:39163], old=null
2019-11-15 00:57:54,579 [e96d2cc9-026c-4220-b0f4-2bd3b4d5a924@group-D08F3DBE2A41-LeaderElection54] INFO  impl.LeaderElection (LogUtils.java:infoOrTrace(149)) - e96d2cc9-026c-4220-b0f4-2bd3b4d5a924@group-D08F3DBE2A41-LeaderElection54 got exception when requesting votes: {}
java.util.concurrent.ExecutionException: org.apache.ratis.thirdparty.io.grpc.StatusRuntimeException: UNAVAILABLE: io exception
	at java.util.concurrent.FutureTask.report(FutureTask.java:122)
	at java.util.concurrent.FutureTask.get(FutureTask.java:192)
	at org.apache.ratis.server.impl.LeaderElection.waitForResults(LeaderElection.java:259)
	at org.apache.ratis.server.impl.LeaderElection.askForVotes(LeaderElection.java:197)
	at org.apache.ratis.server.impl.LeaderElection.run(LeaderElection.java:133)
	at java.lang.Thread.run(Thread.java:748)
Caused by: org.apache.ratis.thirdparty.io.grpc.StatusRuntimeException: UNAVAILABLE: io exception
	at org.apache.ratis.thirdparty.io.grpc.stub.ClientCalls.toStatusRuntimeException(ClientCalls.java:233)
	at org.apache.ratis.thirdparty.io.grpc.stub.ClientCalls.getUnchecked(ClientCalls.java:214)
	at org.apache.ratis.thirdparty.io.grpc.stub.ClientCalls.blockingUnaryCall(ClientCalls.java:139)
	at org.apache.ratis.proto.grpc.RaftServerProtocolServiceGrpc$RaftServerProtocolServiceBlockingStub.requestVote(RaftServerProtocolServiceGrpc.java:265)
	at org.apache.ratis.grpc.server.GrpcServerProtocolClient.requestVote(GrpcServerProtocolClient.java:99)
	at org.apache.ratis.grpc.server.GrpcService.requestVote(GrpcService.java:204)
	at org.apache.ratis.server.impl.LeaderElection.lambda$submitRequests$1(LeaderElection.java:234)
	at java.util.concurrent.FutureTask.run(FutureTask.java:266)
	at java.util.concurrent.Executors$RunnableAdapter.call(Executors.java:511)
	at java.util.concurrent.FutureTask.run(FutureTask.java:266)
	at java.util.concurrent.ThreadPoolExecutor.runWorker(ThreadPoolExecutor.java:1149)
	at java.util.concurrent.ThreadPoolExecutor$Worker.run(ThreadPoolExecutor.java:624)
	... 1 more
Caused by: org.apache.ratis.thirdparty.io.netty.channel.AbstractChannel$AnnotatedConnectException: Connection refused: /192.168.164.208:44082
	at sun.nio.ch.SocketChannelImpl.checkConnect(Native Method)
	at sun.nio.ch.SocketChannelImpl.finishConnect(SocketChannelImpl.java:717)
	at org.apache.ratis.thirdparty.io.netty.channel.socket.nio.NioSocketChannel.doFinishConnect(NioSocketChannel.java:327)
	at org.apache.ratis.thirdparty.io.netty.channel.nio.AbstractNioChannel$AbstractNioUnsafe.finishConnect(AbstractNioChannel.java:340)
	at org.apache.ratis.thirdparty.io.netty.channel.nio.NioEventLoop.processSelectedKey(NioEventLoop.java:632)
	at org.apache.ratis.thirdparty.io.netty.channel.nio.NioEventLoop.processSelectedKeysOptimized(NioEventLoop.java:579)
	at org.apache.ratis.thirdparty.io.netty.channel.nio.NioEventLoop.processSelectedKeys(NioEventLoop.java:496)
	at org.apache.ratis.thirdparty.io.netty.channel.nio.NioEventLoop.run(NioEventLoop.java:458)
	at org.apache.ratis.thirdparty.io.netty.util.concurrent.SingleThreadEventExecutor$5.run(SingleThreadEventExecutor.java:897)
	at org.apache.ratis.thirdparty.io.netty.util.concurrent.FastThreadLocalRunnable.run(FastThreadLocalRunnable.java:30)
	... 1 more
Caused by: java.net.ConnectException: Connection refused
	... 11 more
2019-11-15 00:57:54,587 [e96d2cc9-026c-4220-b0f4-2bd3b4d5a924@group-D08F3DBE2A41-LeaderElection54] INFO  impl.LeaderElection (LogUtils.java:infoOrTrace(149)) - e96d2cc9-026c-4220-b0f4-2bd3b4d5a924@group-D08F3DBE2A41-LeaderElection54 got exception when requesting votes: {}
java.util.concurrent.ExecutionException: org.apache.ratis.thirdparty.io.grpc.StatusRuntimeException: UNAVAILABLE: io exception
	at java.util.concurrent.FutureTask.report(FutureTask.java:122)
	at java.util.concurrent.FutureTask.get(FutureTask.java:192)
	at org.apache.ratis.server.impl.LeaderElection.waitForResults(LeaderElection.java:259)
	at org.apache.ratis.server.impl.LeaderElection.askForVotes(LeaderElection.java:197)
	at org.apache.ratis.server.impl.LeaderElection.run(LeaderElection.java:133)
	at java.lang.Thread.run(Thread.java:748)
Caused by: org.apache.ratis.thirdparty.io.grpc.StatusRuntimeException: UNAVAILABLE: io exception
	at org.apache.ratis.thirdparty.io.grpc.stub.ClientCalls.toStatusRuntimeException(ClientCalls.java:233)
	at org.apache.ratis.thirdparty.io.grpc.stub.ClientCalls.getUnchecked(ClientCalls.java:214)
	at org.apache.ratis.thirdparty.io.grpc.stub.ClientCalls.blockingUnaryCall(ClientCalls.java:139)
	at org.apache.ratis.proto.grpc.RaftServerProtocolServiceGrpc$RaftServerProtocolServiceBlockingStub.requestVote(RaftServerProtocolServiceGrpc.java:265)
	at org.apache.ratis.grpc.server.GrpcServerProtocolClient.requestVote(GrpcServerProtocolClient.java:99)
	at org.apache.ratis.grpc.server.GrpcService.requestVote(GrpcService.java:204)
	at org.apache.ratis.server.impl.LeaderElection.lambda$submitRequests$1(LeaderElection.java:234)
	at java.util.concurrent.FutureTask.run(FutureTask.java:266)
	at java.util.concurrent.Executors$RunnableAdapter.call(Executors.java:511)
	at java.util.concurrent.FutureTask.run(FutureTask.java:266)
	at java.util.concurrent.ThreadPoolExecutor.runWorker(ThreadPoolExecutor.java:1149)
	at java.util.concurrent.ThreadPoolExecutor$Worker.run(ThreadPoolExecutor.java:624)
	... 1 more
Caused by: org.apache.ratis.thirdparty.io.netty.channel.AbstractChannel$AnnotatedConnectException: Connection refused: /192.168.164.208:37265
	at sun.nio.ch.SocketChannelImpl.checkConnect(Native Method)
	at sun.nio.ch.SocketChannelImpl.finishConnect(SocketChannelImpl.java:717)
	at org.apache.ratis.thirdparty.io.netty.channel.socket.nio.NioSocketChannel.doFinishConnect(NioSocketChannel.java:327)
	at org.apache.ratis.thirdparty.io.netty.channel.nio.AbstractNioChannel$AbstractNioUnsafe.finishConnect(AbstractNioChannel.java:340)
	at org.apache.ratis.thirdparty.io.netty.channel.nio.NioEventLoop.processSelectedKey(NioEventLoop.java:632)
	at org.apache.ratis.thirdparty.io.netty.channel.nio.NioEventLoop.processSelectedKeysOptimized(NioEventLoop.java:579)
	at org.apache.ratis.thirdparty.io.netty.channel.nio.NioEventLoop.processSelectedKeys(NioEventLoop.java:496)
	at org.apache.ratis.thirdparty.io.netty.channel.nio.NioEventLoop.run(NioEventLoop.java:458)
	at org.apache.ratis.thirdparty.io.netty.util.concurrent.SingleThreadEventExecutor$5.run(SingleThreadEventExecutor.java:897)
	at org.apache.ratis.thirdparty.io.netty.util.concurrent.FastThreadLocalRunnable.run(FastThreadLocalRunnable.java:30)
	... 1 more
Caused by: java.net.ConnectException: Connection refused
	... 11 more
2019-11-15 00:57:54,589 [e96d2cc9-026c-4220-b0f4-2bd3b4d5a924@group-D08F3DBE2A41-LeaderElection54] INFO  impl.LeaderElection (LeaderElection.java:logAndReturn(56)) - e96d2cc9-026c-4220-b0f4-2bd3b4d5a924@group-D08F3DBE2A41-LeaderElection54: Election REJECTED; received 0 response(s) [] and 2 exception(s); e96d2cc9-026c-4220-b0f4-2bd3b4d5a924@group-D08F3DBE2A41:t5, leader=null, voted=e96d2cc9-026c-4220-b0f4-2bd3b4d5a924, raftlog=e96d2cc9-026c-4220-b0f4-2bd3b4d5a924@group-D08F3DBE2A41-SegmentedRaftLog:OPENED:c0,f0,i0, conf=0: [9ac24c7e-7e4f-4cef-ab0e-298cb71ae60d:192.168.164.208:37265, 4dfd32cc-2252-49fe-ba51-4380d1c0b0d5:192.168.164.208:44082, e96d2cc9-026c-4220-b0f4-2bd3b4d5a924:192.168.164.208:39163], old=null
2019-11-15 00:57:54,589 [e96d2cc9-026c-4220-b0f4-2bd3b4d5a924@group-D08F3DBE2A41-LeaderElection54] INFO  impl.LeaderElection (LogUtils.java:infoOrTrace(149)) -   Exception 0: {}
java.util.concurrent.ExecutionException: org.apache.ratis.thirdparty.io.grpc.StatusRuntimeException: UNAVAILABLE: io exception
	at java.util.concurrent.FutureTask.report(FutureTask.java:122)
	at java.util.concurrent.FutureTask.get(FutureTask.java:192)
	at org.apache.ratis.server.impl.LeaderElection.waitForResults(LeaderElection.java:259)
	at org.apache.ratis.server.impl.LeaderElection.askForVotes(LeaderElection.java:197)
	at org.apache.ratis.server.impl.LeaderElection.run(LeaderElection.java:133)
	at java.lang.Thread.run(Thread.java:748)
Caused by: org.apache.ratis.thirdparty.io.grpc.StatusRuntimeException: UNAVAILABLE: io exception
	at org.apache.ratis.thirdparty.io.grpc.stub.ClientCalls.toStatusRuntimeException(ClientCalls.java:233)
	at org.apache.ratis.thirdparty.io.grpc.stub.ClientCalls.getUnchecked(ClientCalls.java:214)
	at org.apache.ratis.thirdparty.io.grpc.stub.ClientCalls.blockingUnaryCall(ClientCalls.java:139)
	at org.apache.ratis.proto.grpc.RaftServerProtocolServiceGrpc$RaftServerProtocolServiceBlockingStub.requestVote(RaftServerProtocolServiceGrpc.java:265)
	at org.apache.ratis.grpc.server.GrpcServerProtocolClient.requestVote(GrpcServerProtocolClient.java:99)
	at org.apache.ratis.grpc.server.GrpcService.requestVote(GrpcService.java:204)
	at org.apache.ratis.server.impl.LeaderElection.lambda$submitRequests$1(LeaderElection.java:234)
	at java.util.concurrent.FutureTask.run(FutureTask.java:266)
	at java.util.concurrent.Executors$RunnableAdapter.call(Executors.java:511)
	at java.util.concurrent.FutureTask.run(FutureTask.java:266)
	at java.util.concurrent.ThreadPoolExecutor.runWorker(ThreadPoolExecutor.java:1149)
	at java.util.concurrent.ThreadPoolExecutor$Worker.run(ThreadPoolExecutor.java:624)
	... 1 more
Caused by: org.apache.ratis.thirdparty.io.netty.channel.AbstractChannel$AnnotatedConnectException: Connection refused: /192.168.164.208:44082
	at sun.nio.ch.SocketChannelImpl.checkConnect(Native Method)
	at sun.nio.ch.SocketChannelImpl.finishConnect(SocketChannelImpl.java:717)
	at org.apache.ratis.thirdparty.io.netty.channel.socket.nio.NioSocketChannel.doFinishConnect(NioSocketChannel.java:327)
	at org.apache.ratis.thirdparty.io.netty.channel.nio.AbstractNioChannel$AbstractNioUnsafe.finishConnect(AbstractNioChannel.java:340)
	at org.apache.ratis.thirdparty.io.netty.channel.nio.NioEventLoop.processSelectedKey(NioEventLoop.java:632)
	at org.apache.ratis.thirdparty.io.netty.channel.nio.NioEventLoop.processSelectedKeysOptimized(NioEventLoop.java:579)
	at org.apache.ratis.thirdparty.io.netty.channel.nio.NioEventLoop.processSelectedKeys(NioEventLoop.java:496)
	at org.apache.ratis.thirdparty.io.netty.channel.nio.NioEventLoop.run(NioEventLoop.java:458)
	at org.apache.ratis.thirdparty.io.netty.util.concurrent.SingleThreadEventExecutor$5.run(SingleThreadEventExecutor.java:897)
	at org.apache.ratis.thirdparty.io.netty.util.concurrent.FastThreadLocalRunnable.run(FastThreadLocalRunnable.java:30)
	... 1 more
Caused by: java.net.ConnectException: Connection refused
	... 11 more
2019-11-15 00:57:54,590 [e96d2cc9-026c-4220-b0f4-2bd3b4d5a924@group-D08F3DBE2A41-LeaderElection54] INFO  impl.LeaderElection (LogUtils.java:infoOrTrace(149)) -   Exception 1: {}
java.util.concurrent.ExecutionException: org.apache.ratis.thirdparty.io.grpc.StatusRuntimeException: UNAVAILABLE: io exception
	at java.util.concurrent.FutureTask.report(FutureTask.java:122)
	at java.util.concurrent.FutureTask.get(FutureTask.java:192)
	at org.apache.ratis.server.impl.LeaderElection.waitForResults(LeaderElection.java:259)
	at org.apache.ratis.server.impl.LeaderElection.askForVotes(LeaderElection.java:197)
	at org.apache.ratis.server.impl.LeaderElection.run(LeaderElection.java:133)
	at java.lang.Thread.run(Thread.java:748)
Caused by: org.apache.ratis.thirdparty.io.grpc.StatusRuntimeException: UNAVAILABLE: io exception
	at org.apache.ratis.thirdparty.io.grpc.stub.ClientCalls.toStatusRuntimeException(ClientCalls.java:233)
	at org.apache.ratis.thirdparty.io.grpc.stub.ClientCalls.getUnchecked(ClientCalls.java:214)
	at org.apache.ratis.thirdparty.io.grpc.stub.ClientCalls.blockingUnaryCall(ClientCalls.java:139)
	at org.apache.ratis.proto.grpc.RaftServerProtocolServiceGrpc$RaftServerProtocolServiceBlockingStub.requestVote(RaftServerProtocolServiceGrpc.java:265)
	at org.apache.ratis.grpc.server.GrpcServerProtocolClient.requestVote(GrpcServerProtocolClient.java:99)
	at org.apache.ratis.grpc.server.GrpcService.requestVote(GrpcService.java:204)
	at org.apache.ratis.server.impl.LeaderElection.lambda$submitRequests$1(LeaderElection.java:234)
	at java.util.concurrent.FutureTask.run(FutureTask.java:266)
	at java.util.concurrent.Executors$RunnableAdapter.call(Executors.java:511)
	at java.util.concurrent.FutureTask.run(FutureTask.java:266)
	at java.util.concurrent.ThreadPoolExecutor.runWorker(ThreadPoolExecutor.java:1149)
	at java.util.concurrent.ThreadPoolExecutor$Worker.run(ThreadPoolExecutor.java:624)
	... 1 more
Caused by: org.apache.ratis.thirdparty.io.netty.channel.AbstractChannel$AnnotatedConnectException: Connection refused: /192.168.164.208:37265
	at sun.nio.ch.SocketChannelImpl.checkConnect(Native Method)
	at sun.nio.ch.SocketChannelImpl.finishConnect(SocketChannelImpl.java:717)
	at org.apache.ratis.thirdparty.io.netty.channel.socket.nio.NioSocketChannel.doFinishConnect(NioSocketChannel.java:327)
	at org.apache.ratis.thirdparty.io.netty.channel.nio.AbstractNioChannel$AbstractNioUnsafe.finishConnect(AbstractNioChannel.java:340)
	at org.apache.ratis.thirdparty.io.netty.channel.nio.NioEventLoop.processSelectedKey(NioEventLoop.java:632)
	at org.apache.ratis.thirdparty.io.netty.channel.nio.NioEventLoop.processSelectedKeysOptimized(NioEventLoop.java:579)
	at org.apache.ratis.thirdparty.io.netty.channel.nio.NioEventLoop.processSelectedKeys(NioEventLoop.java:496)
	at org.apache.ratis.thirdparty.io.netty.channel.nio.NioEventLoop.run(NioEventLoop.java:458)
	at org.apache.ratis.thirdparty.io.netty.util.concurrent.SingleThreadEventExecutor$5.run(SingleThreadEventExecutor.java:897)
	at org.apache.ratis.thirdparty.io.netty.util.concurrent.FastThreadLocalRunnable.run(FastThreadLocalRunnable.java:30)
	... 1 more
Caused by: java.net.ConnectException: Connection refused
	... 11 more
2019-11-15 00:57:54,590 [e96d2cc9-026c-4220-b0f4-2bd3b4d5a924@group-D08F3DBE2A41-LeaderElection54] INFO  impl.RaftServerImpl (RaftServerImpl.java:setRole(173)) - e96d2cc9-026c-4220-b0f4-2bd3b4d5a924@group-D08F3DBE2A41: changes role from CANDIDATE to FOLLOWER at term 5 for DISCOVERED_A_NEW_TERM
2019-11-15 00:57:54,590 [e96d2cc9-026c-4220-b0f4-2bd3b4d5a924@group-D08F3DBE2A41-LeaderElection54] INFO  impl.RoleInfo (RoleInfo.java:shutdownLeaderElection(134)) - e96d2cc9-026c-4220-b0f4-2bd3b4d5a924: shutdown LeaderElection
2019-11-15 00:57:54,590 [e96d2cc9-026c-4220-b0f4-2bd3b4d5a924@group-D08F3DBE2A41-LeaderElection54] INFO  impl.RoleInfo (RoleInfo.java:updateAndGet(143)) - e96d2cc9-026c-4220-b0f4-2bd3b4d5a924: start FollowerState
2019-11-15 00:57:54,612 [grpc-default-executor-5] WARN  server.GrpcLogAppender (LogUtils.java:warn(134)) - 8692cc3a-c5e2-4bd5-b878-b8217203f52e@group-5812CD6E2952->efbac357-ca4e-4ee4-91b4-c654bf02dfcf-AppendLogResponseHandler: Failed appendEntries: org.apache.ratis.thirdparty.io.grpc.StatusRuntimeException: UNAVAILABLE: io exception
2019-11-15 00:57:54,614 [grpc-default-executor-5] INFO  impl.FollowerInfo (FollowerInfo.java:lambda$new$0(51)) - 8692cc3a-c5e2-4bd5-b878-b8217203f52e@group-5812CD6E2952->efbac357-ca4e-4ee4-91b4-c654bf02dfcf: nextIndex: updateUnconditionally 0 -> 0
2019-11-15 00:57:54,746 [grpc-default-executor-5] WARN  server.GrpcLogAppender (LogUtils.java:warn(134)) - eccb109f-99d1-4501-bb16-6ecf49b3cdca@group-529DDC391E9C->5fe8490f-f805-406a-80e2-fbda1a66b042-AppendLogResponseHandler: Failed appendEntries: org.apache.ratis.thirdparty.io.grpc.StatusRuntimeException: UNAVAILABLE: io exception
2019-11-15 00:57:54,746 [grpc-default-executor-5] INFO  impl.FollowerInfo (FollowerInfo.java:lambda$new$0(51)) - eccb109f-99d1-4501-bb16-6ecf49b3cdca@group-529DDC391E9C->5fe8490f-f805-406a-80e2-fbda1a66b042: nextIndex: updateUnconditionally 0 -> 0
2019-11-15 00:57:55,113 [grpc-default-executor-5] WARN  server.GrpcLogAppender (LogUtils.java:warn(134)) - 8692cc3a-c5e2-4bd5-b878-b8217203f52e@group-5812CD6E2952->efbac357-ca4e-4ee4-91b4-c654bf02dfcf-AppendLogResponseHandler: Failed appendEntries: org.apache.ratis.thirdparty.io.grpc.StatusRuntimeException: UNAVAILABLE: io exception
2019-11-15 00:57:55,114 [grpc-default-executor-5] INFO  impl.FollowerInfo (FollowerInfo.java:lambda$new$0(51)) - 8692cc3a-c5e2-4bd5-b878-b8217203f52e@group-5812CD6E2952->efbac357-ca4e-4ee4-91b4-c654bf02dfcf: nextIndex: updateUnconditionally 0 -> 0
2019-11-15 00:57:55,245 [grpc-default-executor-2] WARN  server.GrpcLogAppender (LogUtils.java:warn(134)) - eccb109f-99d1-4501-bb16-6ecf49b3cdca@group-529DDC391E9C->5fe8490f-f805-406a-80e2-fbda1a66b042-AppendLogResponseHandler: Failed appendEntries: org.apache.ratis.thirdparty.io.grpc.StatusRuntimeException: UNAVAILABLE: io exception
2019-11-15 00:57:55,246 [grpc-default-executor-2] INFO  impl.FollowerInfo (FollowerInfo.java:lambda$new$0(51)) - eccb109f-99d1-4501-bb16-6ecf49b3cdca@group-529DDC391E9C->5fe8490f-f805-406a-80e2-fbda1a66b042: nextIndex: updateUnconditionally 0 -> 0
2019-11-15 00:57:55,414 [main] INFO  ozoneimpl.OzoneContainer (OzoneContainer.java:stop(244)) - Attempting to stop container services.
2019-11-15 00:57:55,415 [ForkJoinPool.commonPool-worker-1] INFO  ozoneimpl.OzoneContainer (OzoneContainer.java:stop(244)) - Attempting to stop container services.
2019-11-15 00:57:55,415 [main] INFO  impl.RaftServerProxy (RaftServerProxy.java:lambda$close$4(314)) - 8692cc3a-c5e2-4bd5-b878-b8217203f52e: close
2019-11-15 00:57:55,416 [ForkJoinPool.commonPool-worker-1] INFO  impl.RaftServerProxy (RaftServerProxy.java:lambda$close$4(314)) - c182b01b-afca-4fcd-8295-9462a850df3a: close
2019-11-15 00:57:55,416 [main] INFO  impl.RaftServerImpl (RaftServerImpl.java:lambda$shutdown$3(250)) - 8692cc3a-c5e2-4bd5-b878-b8217203f52e@group-5812CD6E2952: shutdown
2019-11-15 00:57:55,416 [ForkJoinPool.commonPool-worker-1] INFO  impl.RaftServerImpl (RaftServerImpl.java:lambda$shutdown$3(250)) - c182b01b-afca-4fcd-8295-9462a850df3a@group-3CC6E6EE53B4: shutdown
2019-11-15 00:57:55,416 [main] INFO  util.JmxRegister (JmxRegister.java:unregister(73)) - Successfully un-registered JMX Bean with object name Ratis:service=RaftServer,group=group-5812CD6E2952,id=8692cc3a-c5e2-4bd5-b878-b8217203f52e
2019-11-15 00:57:55,416 [ForkJoinPool.commonPool-worker-1] INFO  util.JmxRegister (JmxRegister.java:unregister(73)) - Successfully un-registered JMX Bean with object name Ratis:service=RaftServer,group=group-3CC6E6EE53B4,id=c182b01b-afca-4fcd-8295-9462a850df3a
2019-11-15 00:57:55,417 [main] INFO  impl.RoleInfo (RoleInfo.java:shutdownLeaderState(104)) - 8692cc3a-c5e2-4bd5-b878-b8217203f52e: shutdown LeaderState
2019-11-15 00:57:55,417 [ForkJoinPool.commonPool-worker-1] INFO  impl.RoleInfo (RoleInfo.java:shutdownLeaderState(104)) - c182b01b-afca-4fcd-8295-9462a850df3a: shutdown LeaderState
2019-11-15 00:57:55,435 [org.apache.ratis.server.impl.LogAppender$AppenderDaemon$$Lambda$466/1042245461@716c6571] WARN  server.GrpcLogAppender (GrpcLogAppender.java:mayWait(151)) - 8692cc3a-c5e2-4bd5-b878-b8217203f52e@group-5812CD6E2952->0bfc3546-5406-43b9-8d67-9a12bf5503d8-GrpcLogAppender: Wait interrupted by java.lang.InterruptedException
2019-11-15 00:57:55,435 [org.apache.ratis.server.impl.LogAppender$AppenderDaemon$$Lambda$466/1042245461@346ee538] WARN  server.GrpcLogAppender (GrpcLogAppender.java:mayWait(151)) - 8692cc3a-c5e2-4bd5-b878-b8217203f52e@group-5812CD6E2952->efbac357-ca4e-4ee4-91b4-c654bf02dfcf-GrpcLogAppender: Wait interrupted by java.lang.InterruptedException
2019-11-15 00:57:55,435 [main] INFO  impl.PendingRequests (PendingRequests.java:sendNotLeaderResponses(206)) - 8692cc3a-c5e2-4bd5-b878-b8217203f52e@group-5812CD6E2952-PendingRequests: sendNotLeaderResponses
2019-11-15 00:57:55,435 [ForkJoinPool.commonPool-worker-1] INFO  impl.PendingRequests (PendingRequests.java:sendNotLeaderResponses(206)) - c182b01b-afca-4fcd-8295-9462a850df3a@group-3CC6E6EE53B4-PendingRequests: sendNotLeaderResponses
2019-11-15 00:57:55,436 [grpc-default-executor-2] INFO  server.GrpcServerProtocolService (GrpcServerProtocolService.java:onCompleted(113)) - 0bfc3546-5406-43b9-8d67-9a12bf5503d8: Completed APPEND_ENTRIES, lastRequest: 8692cc3a-c5e2-4bd5-b878-b8217203f52e->0bfc3546-5406-43b9-8d67-9a12bf5503d8#57-t1, previous=(t:1, i:0), leaderCommit=0, initializing? false, entries: <empty>
2019-11-15 00:57:55,436 [main] INFO  impl.StateMachineUpdater (StateMachineUpdater.java:stopAndJoin(136)) - 8692cc3a-c5e2-4bd5-b878-b8217203f52e@group-5812CD6E2952-StateMachineUpdater: set stopIndex = 0
2019-11-15 00:57:55,436 [ForkJoinPool.commonPool-worker-1] INFO  impl.StateMachineUpdater (StateMachineUpdater.java:stopAndJoin(136)) - c182b01b-afca-4fcd-8295-9462a850df3a@group-3CC6E6EE53B4-StateMachineUpdater: set stopIndex = 0
2019-11-15 00:57:55,437 [main] INFO  impl.RaftServerImpl (ServerState.java:close(387)) - 8692cc3a-c5e2-4bd5-b878-b8217203f52e@group-5812CD6E2952: closes. applyIndex: 0
2019-11-15 00:57:55,437 [ForkJoinPool.commonPool-worker-1] INFO  impl.RaftServerImpl (ServerState.java:close(387)) - c182b01b-afca-4fcd-8295-9462a850df3a@group-3CC6E6EE53B4: closes. applyIndex: 0
2019-11-15 00:57:55,438 [grpc-default-executor-2] INFO  server.GrpcLogAppender (GrpcLogAppender.java:onCompleted(308)) - 8692cc3a-c5e2-4bd5-b878-b8217203f52e@group-5812CD6E2952->0bfc3546-5406-43b9-8d67-9a12bf5503d8-AppendLogResponseHandler: follower responses appendEntries COMPLETED
2019-11-15 00:57:55,438 [8692cc3a-c5e2-4bd5-b878-b8217203f52e@group-5812CD6E2952-SegmentedRaftLogWorker] INFO  segmented.SegmentedRaftLogWorker (SegmentedRaftLogWorker.java:run(316)) - 8692cc3a-c5e2-4bd5-b878-b8217203f52e@group-5812CD6E2952-SegmentedRaftLogWorker was interrupted, exiting. There are 0 tasks remaining in the queue.
2019-11-15 00:57:55,438 [c182b01b-afca-4fcd-8295-9462a850df3a@group-3CC6E6EE53B4-SegmentedRaftLogWorker] INFO  segmented.SegmentedRaftLogWorker (SegmentedRaftLogWorker.java:run(316)) - c182b01b-afca-4fcd-8295-9462a850df3a@group-3CC6E6EE53B4-SegmentedRaftLogWorker was interrupted, exiting. There are 0 tasks remaining in the queue.
2019-11-15 00:57:55,440 [ForkJoinPool.commonPool-worker-1] INFO  segmented.SegmentedRaftLogWorker (SegmentedRaftLogWorker.java:close(224)) - c182b01b-afca-4fcd-8295-9462a850df3a@group-3CC6E6EE53B4-SegmentedRaftLogWorker close()
2019-11-15 00:57:55,440 [grpc-default-executor-2] INFO  impl.FollowerInfo (FollowerInfo.java:lambda$new$0(51)) - 8692cc3a-c5e2-4bd5-b878-b8217203f52e@group-5812CD6E2952->0bfc3546-5406-43b9-8d67-9a12bf5503d8: nextIndex: updateUnconditionally 1 -> 0
2019-11-15 00:57:55,440 [main] INFO  segmented.SegmentedRaftLogWorker (SegmentedRaftLogWorker.java:close(224)) - 8692cc3a-c5e2-4bd5-b878-b8217203f52e@group-5812CD6E2952-SegmentedRaftLogWorker close()
2019-11-15 00:57:55,442 [ForkJoinPool.commonPool-worker-1] INFO  impl.RaftServerImpl (RaftServerImpl.java:lambda$shutdown$3(250)) - c182b01b-afca-4fcd-8295-9462a850df3a@group-529DDC391E9C: shutdown
2019-11-15 00:57:55,445 [main] INFO  impl.RaftServerImpl (RaftServerImpl.java:lambda$shutdown$3(250)) - 8692cc3a-c5e2-4bd5-b878-b8217203f52e@group-1DD6D94E4861: shutdown
2019-11-15 00:57:55,445 [ForkJoinPool.commonPool-worker-1] INFO  util.JmxRegister (JmxRegister.java:unregister(73)) - Successfully un-registered JMX Bean with object name Ratis:service=RaftServer,group=group-529DDC391E9C,id=c182b01b-afca-4fcd-8295-9462a850df3a
2019-11-15 00:57:55,445 [main] INFO  util.JmxRegister (JmxRegister.java:unregister(73)) - Successfully un-registered JMX Bean with object name Ratis:service=RaftServer,group=group-1DD6D94E4861,id=8692cc3a-c5e2-4bd5-b878-b8217203f52e
2019-11-15 00:57:55,445 [ForkJoinPool.commonPool-worker-1] INFO  impl.RoleInfo (RoleInfo.java:shutdownFollowerState(121)) - c182b01b-afca-4fcd-8295-9462a850df3a: shutdown FollowerState
2019-11-15 00:57:55,446 [main] INFO  impl.RoleInfo (RoleInfo.java:shutdownLeaderState(104)) - 8692cc3a-c5e2-4bd5-b878-b8217203f52e: shutdown LeaderState
2019-11-15 00:57:55,446 [Thread-1545] INFO  impl.FollowerState (FollowerState.java:run(120)) - c182b01b-afca-4fcd-8295-9462a850df3a@group-529DDC391E9C-FollowerState was interrupted: java.lang.InterruptedException: sleep interrupted
2019-11-15 00:57:55,446 [ForkJoinPool.commonPool-worker-1] INFO  impl.StateMachineUpdater (StateMachineUpdater.java:stopAndJoin(136)) - c182b01b-afca-4fcd-8295-9462a850df3a@group-529DDC391E9C-StateMachineUpdater: set stopIndex = 0
2019-11-15 00:57:55,446 [main] INFO  impl.PendingRequests (PendingRequests.java:sendNotLeaderResponses(206)) - 8692cc3a-c5e2-4bd5-b878-b8217203f52e@group-1DD6D94E4861-PendingRequests: sendNotLeaderResponses
2019-11-15 00:57:55,447 [ForkJoinPool.commonPool-worker-1] INFO  impl.RaftServerImpl (ServerState.java:close(387)) - c182b01b-afca-4fcd-8295-9462a850df3a@group-529DDC391E9C: closes. applyIndex: 0
2019-11-15 00:57:55,447 [main] INFO  impl.StateMachineUpdater (StateMachineUpdater.java:stopAndJoin(136)) - 8692cc3a-c5e2-4bd5-b878-b8217203f52e@group-1DD6D94E4861-StateMachineUpdater: set stopIndex = 0
2019-11-15 00:57:55,447 [c182b01b-afca-4fcd-8295-9462a850df3a@group-529DDC391E9C-SegmentedRaftLogWorker] INFO  segmented.SegmentedRaftLogWorker (SegmentedRaftLogWorker.java:run(316)) - c182b01b-afca-4fcd-8295-9462a850df3a@group-529DDC391E9C-SegmentedRaftLogWorker was interrupted, exiting. There are 0 tasks remaining in the queue.
2019-11-15 00:57:55,447 [main] INFO  impl.RaftServerImpl (ServerState.java:close(387)) - 8692cc3a-c5e2-4bd5-b878-b8217203f52e@group-1DD6D94E4861: closes. applyIndex: 0
2019-11-15 00:57:55,449 [ForkJoinPool.commonPool-worker-1] INFO  segmented.SegmentedRaftLogWorker (SegmentedRaftLogWorker.java:close(224)) - c182b01b-afca-4fcd-8295-9462a850df3a@group-529DDC391E9C-SegmentedRaftLogWorker close()
2019-11-15 00:57:55,452 [8692cc3a-c5e2-4bd5-b878-b8217203f52e@group-1DD6D94E4861-SegmentedRaftLogWorker] INFO  segmented.SegmentedRaftLogWorker (SegmentedRaftLogWorker.java:run(316)) - 8692cc3a-c5e2-4bd5-b878-b8217203f52e@group-1DD6D94E4861-SegmentedRaftLogWorker was interrupted, exiting. There are 0 tasks remaining in the queue.
2019-11-15 00:57:55,452 [ForkJoinPool.commonPool-worker-1] INFO  server.GrpcService (GrpcService.java:closeImpl(164)) - c182b01b-afca-4fcd-8295-9462a850df3a: shutdown server with port 36437 now
2019-11-15 00:57:55,454 [main] INFO  segmented.SegmentedRaftLogWorker (SegmentedRaftLogWorker.java:close(224)) - 8692cc3a-c5e2-4bd5-b878-b8217203f52e@group-1DD6D94E4861-SegmentedRaftLogWorker close()
2019-11-15 00:57:55,457 [main] INFO  server.GrpcService (GrpcService.java:closeImpl(164)) - 8692cc3a-c5e2-4bd5-b878-b8217203f52e: shutdown server with port 45622 now
2019-11-15 00:57:55,457 [main] INFO  server.GrpcService (GrpcService.java:closeImpl(172)) - 8692cc3a-c5e2-4bd5-b878-b8217203f52e: shutdown server with port 45622 successfully
2019-11-15 00:57:55,457 [ForkJoinPool.commonPool-worker-1] INFO  server.GrpcService (GrpcService.java:closeImpl(172)) - c182b01b-afca-4fcd-8295-9462a850df3a: shutdown server with port 36437 successfully
2019-11-15 00:57:55,457 [grpc-default-executor-0] WARN  server.GrpcServerProtocolService (LogUtils.java:warn(134)) - c182b01b-afca-4fcd-8295-9462a850df3a: installSnapshot onError, lastRequest: eccb109f-99d1-4501-bb16-6ecf49b3cdca->c182b01b-afca-4fcd-8295-9462a850df3a#59-t1, previous=(t:1, i:0), leaderCommit=0, initializing? false, entries: <empty>: org.apache.ratis.thirdparty.io.grpc.StatusRuntimeException: CANCELLED: cancelled before receiving half close
2019-11-15 00:57:55,458 [grpc-default-executor-2] WARN  server.GrpcLogAppender (LogUtils.java:warn(134)) - eccb109f-99d1-4501-bb16-6ecf49b3cdca@group-529DDC391E9C->c182b01b-afca-4fcd-8295-9462a850df3a-AppendLogResponseHandler: Failed appendEntries: org.apache.ratis.thirdparty.io.grpc.StatusRuntimeException: CANCELLED: HTTP/2 error code: CANCEL
Received Rst Stream
2019-11-15 00:57:55,459 [grpc-default-executor-2] INFO  impl.FollowerInfo (FollowerInfo.java:lambda$new$0(51)) - eccb109f-99d1-4501-bb16-6ecf49b3cdca@group-529DDC391E9C->c182b01b-afca-4fcd-8295-9462a850df3a: nextIndex: updateUnconditionally 1 -> 0
2019-11-15 00:57:55,462 [refreshUsed-/workdir/hadoop-ozone/integration-test/target/test-dir/MiniOzoneClusterImpl-8fc52630-20fd-4955-97d1-2a2852f9ee58/datanode-4/data/containers] WARN  fs.CachingGetSpaceUsed (CachingGetSpaceUsed.java:run(183)) - Thread Interrupted waiting to refresh disk information: sleep interrupted
2019-11-15 00:57:55,462 [refreshUsed-/workdir/hadoop-ozone/integration-test/target/test-dir/MiniOzoneClusterImpl-8fc52630-20fd-4955-97d1-2a2852f9ee58/datanode-8/data/containers] WARN  fs.CachingGetSpaceUsed (CachingGetSpaceUsed.java:run(183)) - Thread Interrupted waiting to refresh disk information: sleep interrupted
2019-11-15 00:57:55,488 [main] INFO  utils.BackgroundService (BackgroundService.java:shutdown(151)) - Shutting down service BlockDeletingService
2019-11-15 00:57:55,488 [ForkJoinPool.commonPool-worker-1] INFO  utils.BackgroundService (BackgroundService.java:shutdown(151)) - Shutting down service BlockDeletingService
2019-11-15 00:57:55,492 [ForkJoinPool.commonPool-worker-1] INFO  statemachine.DatanodeStateMachine (DatanodeStateMachine.java:stopDaemon(400)) - Ozone container server stopped.
2019-11-15 00:57:55,493 [main] INFO  statemachine.DatanodeStateMachine (DatanodeStateMachine.java:stopDaemon(400)) - Ozone container server stopped.
2019-11-15 00:57:55,496 [ForkJoinPool.commonPool-worker-1] INFO  handler.ContextHandler (ContextHandler.java:doStop(910)) - Stopped o.e.j.w.WebAppContext@32bb0072{/,null,UNAVAILABLE}{/hddsDatanode}
2019-11-15 00:57:55,496 [main] INFO  handler.ContextHandler (ContextHandler.java:doStop(910)) - Stopped o.e.j.w.WebAppContext@158e9f6e{/,null,UNAVAILABLE}{/hddsDatanode}
2019-11-15 00:57:55,497 [ForkJoinPool.commonPool-worker-1] INFO  server.AbstractConnector (AbstractConnector.java:doStop(318)) - Stopped ServerConnector@467233e4{HTTP/1.1,[http/1.1]}{0.0.0.0:0}
2019-11-15 00:57:55,497 [main] INFO  server.AbstractConnector (AbstractConnector.java:doStop(318)) - Stopped ServerConnector@7a6ea47d{HTTP/1.1,[http/1.1]}{0.0.0.0:0}
2019-11-15 00:57:55,498 [ForkJoinPool.commonPool-worker-1] INFO  handler.ContextHandler (ContextHandler.java:doStop(910)) - Stopped o.e.j.s.ServletContextHandler@6dd36ab6{/static,jar:file:/home/user/.m2/repository/org/apache/hadoop/hadoop-hdds-container-service/0.5.0-SNAPSHOT/hadoop-hdds-container-service-0.5.0-SNAPSHOT.jar!/webapps/static,UNAVAILABLE}
2019-11-15 00:57:55,498 [main] INFO  handler.ContextHandler (ContextHandler.java:doStop(910)) - Stopped o.e.j.s.ServletContextHandler@56cc9f29{/static,jar:file:/home/user/.m2/repository/org/apache/hadoop/hadoop-hdds-container-service/0.5.0-SNAPSHOT/hadoop-hdds-container-service-0.5.0-SNAPSHOT.jar!/webapps/static,UNAVAILABLE}
2019-11-15 00:57:55,498 [ForkJoinPool.commonPool-worker-1] INFO  handler.ContextHandler (ContextHandler.java:doStop(910)) - Stopped o.e.j.s.ServletContextHandler@1d858300{/logs,file:///workdir/hadoop-ozone/integration-test/target/log,UNAVAILABLE}
2019-11-15 00:57:55,498 [main] INFO  handler.ContextHandler (ContextHandler.java:doStop(910)) - Stopped o.e.j.s.ServletContextHandler@723877dd{/logs,file:///workdir/hadoop-ozone/integration-test/target/log,UNAVAILABLE}
2019-11-15 00:57:55,677 [Thread-1881] INFO  impl.FollowerState (FollowerState.java:run(111)) - e96d2cc9-026c-4220-b0f4-2bd3b4d5a924@group-D08F3DBE2A41-FollowerState: change to CANDIDATE, lastRpcTime:1086ms, electionTimeout:1086ms
2019-11-15 00:57:55,677 [Thread-1881] INFO  impl.RoleInfo (RoleInfo.java:shutdownFollowerState(121)) - e96d2cc9-026c-4220-b0f4-2bd3b4d5a924: shutdown FollowerState
2019-11-15 00:57:55,677 [Thread-1881] INFO  impl.RaftServerImpl (RaftServerImpl.java:setRole(173)) - e96d2cc9-026c-4220-b0f4-2bd3b4d5a924@group-D08F3DBE2A41: changes role from  FOLLOWER to CANDIDATE at term 5 for changeToCandidate
2019-11-15 00:57:55,677 [Thread-1881] INFO  impl.RoleInfo (RoleInfo.java:updateAndGet(143)) - e96d2cc9-026c-4220-b0f4-2bd3b4d5a924: start LeaderElection
2019-11-15 00:57:55,692 [e96d2cc9-026c-4220-b0f4-2bd3b4d5a924@group-D08F3DBE2A41-LeaderElection55] INFO  impl.LeaderElection (LeaderElection.java:askForVotes(178)) - e96d2cc9-026c-4220-b0f4-2bd3b4d5a924@group-D08F3DBE2A41-LeaderElection55: begin an election at term 6 for 0: [9ac24c7e-7e4f-4cef-ab0e-298cb71ae60d:192.168.164.208:37265, 4dfd32cc-2252-49fe-ba51-4380d1c0b0d5:192.168.164.208:44082, e96d2cc9-026c-4220-b0f4-2bd3b4d5a924:192.168.164.208:39163], old=null
2019-11-15 00:57:55,694 [e96d2cc9-026c-4220-b0f4-2bd3b4d5a924@group-D08F3DBE2A41-LeaderElection55] INFO  impl.LeaderElection (LogUtils.java:infoOrTrace(149)) - e96d2cc9-026c-4220-b0f4-2bd3b4d5a924@group-D08F3DBE2A41-LeaderElection55 got exception when requesting votes: {}
java.util.concurrent.ExecutionException: org.apache.ratis.thirdparty.io.grpc.StatusRuntimeException: UNAVAILABLE: io exception
	at java.util.concurrent.FutureTask.report(FutureTask.java:122)
	at java.util.concurrent.FutureTask.get(FutureTask.java:192)
	at org.apache.ratis.server.impl.LeaderElection.waitForResults(LeaderElection.java:259)
	at org.apache.ratis.server.impl.LeaderElection.askForVotes(LeaderElection.java:197)
	at org.apache.ratis.server.impl.LeaderElection.run(LeaderElection.java:133)
	at java.lang.Thread.run(Thread.java:748)
Caused by: org.apache.ratis.thirdparty.io.grpc.StatusRuntimeException: UNAVAILABLE: io exception
	at org.apache.ratis.thirdparty.io.grpc.stub.ClientCalls.toStatusRuntimeException(ClientCalls.java:233)
	at org.apache.ratis.thirdparty.io.grpc.stub.ClientCalls.getUnchecked(ClientCalls.java:214)
	at org.apache.ratis.thirdparty.io.grpc.stub.ClientCalls.blockingUnaryCall(ClientCalls.java:139)
	at org.apache.ratis.proto.grpc.RaftServerProtocolServiceGrpc$RaftServerProtocolServiceBlockingStub.requestVote(RaftServerProtocolServiceGrpc.java:265)
	at org.apache.ratis.grpc.server.GrpcServerProtocolClient.requestVote(GrpcServerProtocolClient.java:99)
	at org.apache.ratis.grpc.server.GrpcService.requestVote(GrpcService.java:204)
	at org.apache.ratis.server.impl.LeaderElection.lambda$submitRequests$1(LeaderElection.java:234)
	at java.util.concurrent.FutureTask.run(FutureTask.java:266)
	at java.util.concurrent.Executors$RunnableAdapter.call(Executors.java:511)
	at java.util.concurrent.FutureTask.run(FutureTask.java:266)
	at java.util.concurrent.ThreadPoolExecutor.runWorker(ThreadPoolExecutor.java:1149)
	at java.util.concurrent.ThreadPoolExecutor$Worker.run(ThreadPoolExecutor.java:624)
	... 1 more
Caused by: org.apache.ratis.thirdparty.io.netty.channel.AbstractChannel$AnnotatedConnectException: Connection refused: /192.168.164.208:37265
	at sun.nio.ch.SocketChannelImpl.checkConnect(Native Method)
	at sun.nio.ch.SocketChannelImpl.finishConnect(SocketChannelImpl.java:717)
	at org.apache.ratis.thirdparty.io.netty.channel.socket.nio.NioSocketChannel.doFinishConnect(NioSocketChannel.java:327)
	at org.apache.ratis.thirdparty.io.netty.channel.nio.AbstractNioChannel$AbstractNioUnsafe.finishConnect(AbstractNioChannel.java:340)
	at org.apache.ratis.thirdparty.io.netty.channel.nio.NioEventLoop.processSelectedKey(NioEventLoop.java:632)
	at org.apache.ratis.thirdparty.io.netty.channel.nio.NioEventLoop.processSelectedKeysOptimized(NioEventLoop.java:579)
	at org.apache.ratis.thirdparty.io.netty.channel.nio.NioEventLoop.processSelectedKeys(NioEventLoop.java:496)
	at org.apache.ratis.thirdparty.io.netty.channel.nio.NioEventLoop.run(NioEventLoop.java:458)
	at org.apache.ratis.thirdparty.io.netty.util.concurrent.SingleThreadEventExecutor$5.run(SingleThreadEventExecutor.java:897)
	at org.apache.ratis.thirdparty.io.netty.util.concurrent.FastThreadLocalRunnable.run(FastThreadLocalRunnable.java:30)
	... 1 more
Caused by: java.net.ConnectException: Connection refused
	... 11 more
2019-11-15 00:57:55,696 [e96d2cc9-026c-4220-b0f4-2bd3b4d5a924@group-D08F3DBE2A41-LeaderElection55] INFO  impl.LeaderElection (LogUtils.java:infoOrTrace(149)) - e96d2cc9-026c-4220-b0f4-2bd3b4d5a924@group-D08F3DBE2A41-LeaderElection55 got exception when requesting votes: {}
java.util.concurrent.ExecutionException: org.apache.ratis.thirdparty.io.grpc.StatusRuntimeException: UNAVAILABLE: io exception
	at java.util.concurrent.FutureTask.report(FutureTask.java:122)
	at java.util.concurrent.FutureTask.get(FutureTask.java:192)
	at org.apache.ratis.server.impl.LeaderElection.waitForResults(LeaderElection.java:259)
	at org.apache.ratis.server.impl.LeaderElection.askForVotes(LeaderElection.java:197)
	at org.apache.ratis.server.impl.LeaderElection.run(LeaderElection.java:133)
	at java.lang.Thread.run(Thread.java:748)
Caused by: org.apache.ratis.thirdparty.io.grpc.StatusRuntimeException: UNAVAILABLE: io exception
	at org.apache.ratis.thirdparty.io.grpc.stub.ClientCalls.toStatusRuntimeException(ClientCalls.java:233)
	at org.apache.ratis.thirdparty.io.grpc.stub.ClientCalls.getUnchecked(ClientCalls.java:214)
	at org.apache.ratis.thirdparty.io.grpc.stub.ClientCalls.blockingUnaryCall(ClientCalls.java:139)
	at org.apache.ratis.proto.grpc.RaftServerProtocolServiceGrpc$RaftServerProtocolServiceBlockingStub.requestVote(RaftServerProtocolServiceGrpc.java:265)
	at org.apache.ratis.grpc.server.GrpcServerProtocolClient.requestVote(GrpcServerProtocolClient.java:99)
	at org.apache.ratis.grpc.server.GrpcService.requestVote(GrpcService.java:204)
	at org.apache.ratis.server.impl.LeaderElection.lambda$submitRequests$1(LeaderElection.java:234)
	at java.util.concurrent.FutureTask.run(FutureTask.java:266)
	at java.util.concurrent.Executors$RunnableAdapter.call(Executors.java:511)
	at java.util.concurrent.FutureTask.run(FutureTask.java:266)
	at java.util.concurrent.ThreadPoolExecutor.runWorker(ThreadPoolExecutor.java:1149)
	at java.util.concurrent.ThreadPoolExecutor$Worker.run(ThreadPoolExecutor.java:624)
	... 1 more
Caused by: org.apache.ratis.thirdparty.io.netty.channel.AbstractChannel$AnnotatedConnectException: Connection refused: /192.168.164.208:44082
	at sun.nio.ch.SocketChannelImpl.checkConnect(Native Method)
	at sun.nio.ch.SocketChannelImpl.finishConnect(SocketChannelImpl.java:717)
	at org.apache.ratis.thirdparty.io.netty.channel.socket.nio.NioSocketChannel.doFinishConnect(NioSocketChannel.java:327)
	at org.apache.ratis.thirdparty.io.netty.channel.nio.AbstractNioChannel$AbstractNioUnsafe.finishConnect(AbstractNioChannel.java:340)
	at org.apache.ratis.thirdparty.io.netty.channel.nio.NioEventLoop.processSelectedKey(NioEventLoop.java:632)
	at org.apache.ratis.thirdparty.io.netty.channel.nio.NioEventLoop.processSelectedKeysOptimized(NioEventLoop.java:579)
	at org.apache.ratis.thirdparty.io.netty.channel.nio.NioEventLoop.processSelectedKeys(NioEventLoop.java:496)
	at org.apache.ratis.thirdparty.io.netty.channel.nio.NioEventLoop.run(NioEventLoop.java:458)
	at org.apache.ratis.thirdparty.io.netty.util.concurrent.SingleThreadEventExecutor$5.run(SingleThreadEventExecutor.java:897)
	at org.apache.ratis.thirdparty.io.netty.util.concurrent.FastThreadLocalRunnable.run(FastThreadLocalRunnable.java:30)
	... 1 more
Caused by: java.net.ConnectException: Connection refused
	... 11 more
2019-11-15 00:57:55,701 [e96d2cc9-026c-4220-b0f4-2bd3b4d5a924@group-D08F3DBE2A41-LeaderElection55] INFO  impl.LeaderElection (LeaderElection.java:logAndReturn(56)) - e96d2cc9-026c-4220-b0f4-2bd3b4d5a924@group-D08F3DBE2A41-LeaderElection55: Election REJECTED; received 0 response(s) [] and 2 exception(s); e96d2cc9-026c-4220-b0f4-2bd3b4d5a924@group-D08F3DBE2A41:t6, leader=null, voted=e96d2cc9-026c-4220-b0f4-2bd3b4d5a924, raftlog=e96d2cc9-026c-4220-b0f4-2bd3b4d5a924@group-D08F3DBE2A41-SegmentedRaftLog:OPENED:c0,f0,i0, conf=0: [9ac24c7e-7e4f-4cef-ab0e-298cb71ae60d:192.168.164.208:37265, 4dfd32cc-2252-49fe-ba51-4380d1c0b0d5:192.168.164.208:44082, e96d2cc9-026c-4220-b0f4-2bd3b4d5a924:192.168.164.208:39163], old=null
2019-11-15 00:57:55,701 [e96d2cc9-026c-4220-b0f4-2bd3b4d5a924@group-D08F3DBE2A41-LeaderElection55] INFO  impl.LeaderElection (LogUtils.java:infoOrTrace(149)) -   Exception 0: {}
java.util.concurrent.ExecutionException: org.apache.ratis.thirdparty.io.grpc.StatusRuntimeException: UNAVAILABLE: io exception
	at java.util.concurrent.FutureTask.report(FutureTask.java:122)
	at java.util.concurrent.FutureTask.get(FutureTask.java:192)
	at org.apache.ratis.server.impl.LeaderElection.waitForResults(LeaderElection.java:259)
	at org.apache.ratis.server.impl.LeaderElection.askForVotes(LeaderElection.java:197)
	at org.apache.ratis.server.impl.LeaderElection.run(LeaderElection.java:133)
	at java.lang.Thread.run(Thread.java:748)
Caused by: org.apache.ratis.thirdparty.io.grpc.StatusRuntimeException: UNAVAILABLE: io exception
	at org.apache.ratis.thirdparty.io.grpc.stub.ClientCalls.toStatusRuntimeException(ClientCalls.java:233)
	at org.apache.ratis.thirdparty.io.grpc.stub.ClientCalls.getUnchecked(ClientCalls.java:214)
	at org.apache.ratis.thirdparty.io.grpc.stub.ClientCalls.blockingUnaryCall(ClientCalls.java:139)
	at org.apache.ratis.proto.grpc.RaftServerProtocolServiceGrpc$RaftServerProtocolServiceBlockingStub.requestVote(RaftServerProtocolServiceGrpc.java:265)
	at org.apache.ratis.grpc.server.GrpcServerProtocolClient.requestVote(GrpcServerProtocolClient.java:99)
	at org.apache.ratis.grpc.server.GrpcService.requestVote(GrpcService.java:204)
	at org.apache.ratis.server.impl.LeaderElection.lambda$submitRequests$1(LeaderElection.java:234)
	at java.util.concurrent.FutureTask.run(FutureTask.java:266)
	at java.util.concurrent.Executors$RunnableAdapter.call(Executors.java:511)
	at java.util.concurrent.FutureTask.run(FutureTask.java:266)
	at java.util.concurrent.ThreadPoolExecutor.runWorker(ThreadPoolExecutor.java:1149)
	at java.util.concurrent.ThreadPoolExecutor$Worker.run(ThreadPoolExecutor.java:624)
	... 1 more
Caused by: org.apache.ratis.thirdparty.io.netty.channel.AbstractChannel$AnnotatedConnectException: Connection refused: /192.168.164.208:37265
	at sun.nio.ch.SocketChannelImpl.checkConnect(Native Method)
	at sun.nio.ch.SocketChannelImpl.finishConnect(SocketChannelImpl.java:717)
	at org.apache.ratis.thirdparty.io.netty.channel.socket.nio.NioSocketChannel.doFinishConnect(NioSocketChannel.java:327)
	at org.apache.ratis.thirdparty.io.netty.channel.nio.AbstractNioChannel$AbstractNioUnsafe.finishConnect(AbstractNioChannel.java:340)
	at org.apache.ratis.thirdparty.io.netty.channel.nio.NioEventLoop.processSelectedKey(NioEventLoop.java:632)
	at org.apache.ratis.thirdparty.io.netty.channel.nio.NioEventLoop.processSelectedKeysOptimized(NioEventLoop.java:579)
	at org.apache.ratis.thirdparty.io.netty.channel.nio.NioEventLoop.processSelectedKeys(NioEventLoop.java:496)
	at org.apache.ratis.thirdparty.io.netty.channel.nio.NioEventLoop.run(NioEventLoop.java:458)
	at org.apache.ratis.thirdparty.io.netty.util.concurrent.SingleThreadEventExecutor$5.run(SingleThreadEventExecutor.java:897)
	at org.apache.ratis.thirdparty.io.netty.util.concurrent.FastThreadLocalRunnable.run(FastThreadLocalRunnable.java:30)
	... 1 more
Caused by: java.net.ConnectException: Connection refused
	... 11 more
2019-11-15 00:57:55,701 [e96d2cc9-026c-4220-b0f4-2bd3b4d5a924@group-D08F3DBE2A41-LeaderElection55] INFO  impl.LeaderElection (LogUtils.java:infoOrTrace(149)) -   Exception 1: {}
java.util.concurrent.ExecutionException: org.apache.ratis.thirdparty.io.grpc.StatusRuntimeException: UNAVAILABLE: io exception
	at java.util.concurrent.FutureTask.report(FutureTask.java:122)
	at java.util.concurrent.FutureTask.get(FutureTask.java:192)
	at org.apache.ratis.server.impl.LeaderElection.waitForResults(LeaderElection.java:259)
	at org.apache.ratis.server.impl.LeaderElection.askForVotes(LeaderElection.java:197)
	at org.apache.ratis.server.impl.LeaderElection.run(LeaderElection.java:133)
	at java.lang.Thread.run(Thread.java:748)
Caused by: org.apache.ratis.thirdparty.io.grpc.StatusRuntimeException: UNAVAILABLE: io exception
	at org.apache.ratis.thirdparty.io.grpc.stub.ClientCalls.toStatusRuntimeException(ClientCalls.java:233)
	at org.apache.ratis.thirdparty.io.grpc.stub.ClientCalls.getUnchecked(ClientCalls.java:214)
	at org.apache.ratis.thirdparty.io.grpc.stub.ClientCalls.blockingUnaryCall(ClientCalls.java:139)
	at org.apache.ratis.proto.grpc.RaftServerProtocolServiceGrpc$RaftServerProtocolServiceBlockingStub.requestVote(RaftServerProtocolServiceGrpc.java:265)
	at org.apache.ratis.grpc.server.GrpcServerProtocolClient.requestVote(GrpcServerProtocolClient.java:99)
	at org.apache.ratis.grpc.server.GrpcService.requestVote(GrpcService.java:204)
	at org.apache.ratis.server.impl.LeaderElection.lambda$submitRequests$1(LeaderElection.java:234)
	at java.util.concurrent.FutureTask.run(FutureTask.java:266)
	at java.util.concurrent.Executors$RunnableAdapter.call(Executors.java:511)
	at java.util.concurrent.FutureTask.run(FutureTask.java:266)
	at java.util.concurrent.ThreadPoolExecutor.runWorker(ThreadPoolExecutor.java:1149)
	at java.util.concurrent.ThreadPoolExecutor$Worker.run(ThreadPoolExecutor.java:624)
	... 1 more
Caused by: org.apache.ratis.thirdparty.io.netty.channel.AbstractChannel$AnnotatedConnectException: Connection refused: /192.168.164.208:44082
	at sun.nio.ch.SocketChannelImpl.checkConnect(Native Method)
	at sun.nio.ch.SocketChannelImpl.finishConnect(SocketChannelImpl.java:717)
	at org.apache.ratis.thirdparty.io.netty.channel.socket.nio.NioSocketChannel.doFinishConnect(NioSocketChannel.java:327)
	at org.apache.ratis.thirdparty.io.netty.channel.nio.AbstractNioChannel$AbstractNioUnsafe.finishConnect(AbstractNioChannel.java:340)
	at org.apache.ratis.thirdparty.io.netty.channel.nio.NioEventLoop.processSelectedKey(NioEventLoop.java:632)
	at org.apache.ratis.thirdparty.io.netty.channel.nio.NioEventLoop.processSelectedKeysOptimized(NioEventLoop.java:579)
	at org.apache.ratis.thirdparty.io.netty.channel.nio.NioEventLoop.processSelectedKeys(NioEventLoop.java:496)
	at org.apache.ratis.thirdparty.io.netty.channel.nio.NioEventLoop.run(NioEventLoop.java:458)
	at org.apache.ratis.thirdparty.io.netty.util.concurrent.SingleThreadEventExecutor$5.run(SingleThreadEventExecutor.java:897)
	at org.apache.ratis.thirdparty.io.netty.util.concurrent.FastThreadLocalRunnable.run(FastThreadLocalRunnable.java:30)
	... 1 more
Caused by: java.net.ConnectException: Connection refused
	... 11 more
2019-11-15 00:57:55,702 [e96d2cc9-026c-4220-b0f4-2bd3b4d5a924@group-D08F3DBE2A41-LeaderElection55] INFO  impl.RaftServerImpl (RaftServerImpl.java:setRole(173)) - e96d2cc9-026c-4220-b0f4-2bd3b4d5a924@group-D08F3DBE2A41: changes role from CANDIDATE to FOLLOWER at term 6 for DISCOVERED_A_NEW_TERM
2019-11-15 00:57:55,702 [e96d2cc9-026c-4220-b0f4-2bd3b4d5a924@group-D08F3DBE2A41-LeaderElection55] INFO  impl.RoleInfo (RoleInfo.java:shutdownLeaderElection(134)) - e96d2cc9-026c-4220-b0f4-2bd3b4d5a924: shutdown LeaderElection
2019-11-15 00:57:55,702 [e96d2cc9-026c-4220-b0f4-2bd3b4d5a924@group-D08F3DBE2A41-LeaderElection55] INFO  impl.RoleInfo (RoleInfo.java:updateAndGet(143)) - e96d2cc9-026c-4220-b0f4-2bd3b4d5a924: start FollowerState
2019-11-15 00:57:55,746 [grpc-default-executor-5] WARN  server.GrpcLogAppender (LogUtils.java:warn(134)) - eccb109f-99d1-4501-bb16-6ecf49b3cdca@group-529DDC391E9C->5fe8490f-f805-406a-80e2-fbda1a66b042-AppendLogResponseHandler: Failed appendEntries: org.apache.ratis.thirdparty.io.grpc.StatusRuntimeException: UNAVAILABLE: io exception
2019-11-15 00:57:55,748 [grpc-default-executor-5] INFO  impl.FollowerInfo (FollowerInfo.java:lambda$new$0(51)) - eccb109f-99d1-4501-bb16-6ecf49b3cdca@group-529DDC391E9C->5fe8490f-f805-406a-80e2-fbda1a66b042: nextIndex: updateUnconditionally 0 -> 0
2019-11-15 00:57:55,769 [grpc-default-executor-0] WARN  server.GrpcLogAppender (LogUtils.java:warn(134)) - eccb109f-99d1-4501-bb16-6ecf49b3cdca@group-529DDC391E9C->c182b01b-afca-4fcd-8295-9462a850df3a-AppendLogResponseHandler: Failed appendEntries: org.apache.ratis.thirdparty.io.grpc.StatusRuntimeException: UNAVAILABLE: io exception
2019-11-15 00:57:55,770 [grpc-default-executor-0] INFO  impl.FollowerInfo (FollowerInfo.java:lambda$new$0(51)) - eccb109f-99d1-4501-bb16-6ecf49b3cdca@group-529DDC391E9C->c182b01b-afca-4fcd-8295-9462a850df3a: nextIndex: updateUnconditionally 0 -> 0
2019-11-15 00:57:56,183 [Datanode State Machine Thread - 0] INFO  statemachine.DatanodeStateMachine (DatanodeStateMachine.java:lambda$startDaemon$0(355)) - Ozone container server started.
2019-11-15 00:57:56,247 [grpc-default-executor-2] WARN  server.GrpcLogAppender (LogUtils.java:warn(134)) - eccb109f-99d1-4501-bb16-6ecf49b3cdca@group-529DDC391E9C->5fe8490f-f805-406a-80e2-fbda1a66b042-AppendLogResponseHandler: Failed appendEntries: org.apache.ratis.thirdparty.io.grpc.StatusRuntimeException: UNAVAILABLE: io exception
2019-11-15 00:57:56,247 [grpc-default-executor-2] INFO  impl.FollowerInfo (FollowerInfo.java:lambda$new$0(51)) - eccb109f-99d1-4501-bb16-6ecf49b3cdca@group-529DDC391E9C->5fe8490f-f805-406a-80e2-fbda1a66b042: nextIndex: updateUnconditionally 0 -> 0
2019-11-15 00:57:56,270 [grpc-default-executor-5] WARN  server.GrpcLogAppender (LogUtils.java:warn(134)) - eccb109f-99d1-4501-bb16-6ecf49b3cdca@group-529DDC391E9C->c182b01b-afca-4fcd-8295-9462a850df3a-AppendLogResponseHandler: Failed appendEntries: org.apache.ratis.thirdparty.io.grpc.StatusRuntimeException: UNAVAILABLE: io exception
2019-11-15 00:57:56,270 [grpc-default-executor-5] INFO  impl.FollowerInfo (FollowerInfo.java:lambda$new$0(51)) - eccb109f-99d1-4501-bb16-6ecf49b3cdca@group-529DDC391E9C->c182b01b-afca-4fcd-8295-9462a850df3a: nextIndex: updateUnconditionally 0 -> 0
2019-11-15 00:57:56,368 [Datanode State Machine Thread - 0] INFO  statemachine.DatanodeStateMachine (DatanodeStateMachine.java:lambda$startDaemon$0(355)) - Ozone container server started.
2019-11-15 00:57:56,732 [Thread-1889] INFO  impl.FollowerState (FollowerState.java:run(111)) - e96d2cc9-026c-4220-b0f4-2bd3b4d5a924@group-D08F3DBE2A41-FollowerState: change to CANDIDATE, lastRpcTime:1029ms, electionTimeout:1029ms
2019-11-15 00:57:56,732 [Thread-1889] INFO  impl.RoleInfo (RoleInfo.java:shutdownFollowerState(121)) - e96d2cc9-026c-4220-b0f4-2bd3b4d5a924: shutdown FollowerState
2019-11-15 00:57:56,732 [Thread-1889] INFO  impl.RaftServerImpl (RaftServerImpl.java:setRole(173)) - e96d2cc9-026c-4220-b0f4-2bd3b4d5a924@group-D08F3DBE2A41: changes role from  FOLLOWER to CANDIDATE at term 6 for changeToCandidate
2019-11-15 00:57:56,732 [Thread-1889] INFO  impl.RoleInfo (RoleInfo.java:updateAndGet(143)) - e96d2cc9-026c-4220-b0f4-2bd3b4d5a924: start LeaderElection
2019-11-15 00:57:56,747 [e96d2cc9-026c-4220-b0f4-2bd3b4d5a924@group-D08F3DBE2A41-LeaderElection56] INFO  impl.LeaderElection (LeaderElection.java:askForVotes(178)) - e96d2cc9-026c-4220-b0f4-2bd3b4d5a924@group-D08F3DBE2A41-LeaderElection56: begin an election at term 7 for 0: [9ac24c7e-7e4f-4cef-ab0e-298cb71ae60d:192.168.164.208:37265, 4dfd32cc-2252-49fe-ba51-4380d1c0b0d5:192.168.164.208:44082, e96d2cc9-026c-4220-b0f4-2bd3b4d5a924:192.168.164.208:39163], old=null
2019-11-15 00:57:56,747 [grpc-default-executor-5] WARN  server.GrpcLogAppender (LogUtils.java:warn(134)) - eccb109f-99d1-4501-bb16-6ecf49b3cdca@group-529DDC391E9C->5fe8490f-f805-406a-80e2-fbda1a66b042-AppendLogResponseHandler: Failed appendEntries: org.apache.ratis.thirdparty.io.grpc.StatusRuntimeException: UNAVAILABLE: io exception
2019-11-15 00:57:56,750 [grpc-default-executor-5] INFO  impl.FollowerInfo (FollowerInfo.java:lambda$new$0(51)) - eccb109f-99d1-4501-bb16-6ecf49b3cdca@group-529DDC391E9C->5fe8490f-f805-406a-80e2-fbda1a66b042: nextIndex: updateUnconditionally 0 -> 0
2019-11-15 00:57:56,750 [e96d2cc9-026c-4220-b0f4-2bd3b4d5a924@group-D08F3DBE2A41-LeaderElection56] INFO  impl.LeaderElection (LogUtils.java:infoOrTrace(149)) - e96d2cc9-026c-4220-b0f4-2bd3b4d5a924@group-D08F3DBE2A41-LeaderElection56 got exception when requesting votes: {}
java.util.concurrent.ExecutionException: org.apache.ratis.thirdparty.io.grpc.StatusRuntimeException: UNAVAILABLE: io exception
	at java.util.concurrent.FutureTask.report(FutureTask.java:122)
	at java.util.concurrent.FutureTask.get(FutureTask.java:192)
	at org.apache.ratis.server.impl.LeaderElection.waitForResults(LeaderElection.java:259)
	at org.apache.ratis.server.impl.LeaderElection.askForVotes(LeaderElection.java:197)
	at org.apache.ratis.server.impl.LeaderElection.run(LeaderElection.java:133)
	at java.lang.Thread.run(Thread.java:748)
Caused by: org.apache.ratis.thirdparty.io.grpc.StatusRuntimeException: UNAVAILABLE: io exception
	at org.apache.ratis.thirdparty.io.grpc.stub.ClientCalls.toStatusRuntimeException(ClientCalls.java:233)
	at org.apache.ratis.thirdparty.io.grpc.stub.ClientCalls.getUnchecked(ClientCalls.java:214)
	at org.apache.ratis.thirdparty.io.grpc.stub.ClientCalls.blockingUnaryCall(ClientCalls.java:139)
	at org.apache.ratis.proto.grpc.RaftServerProtocolServiceGrpc$RaftServerProtocolServiceBlockingStub.requestVote(RaftServerProtocolServiceGrpc.java:265)
	at org.apache.ratis.grpc.server.GrpcServerProtocolClient.requestVote(GrpcServerProtocolClient.java:99)
	at org.apache.ratis.grpc.server.GrpcService.requestVote(GrpcService.java:204)
	at org.apache.ratis.server.impl.LeaderElection.lambda$submitRequests$1(LeaderElection.java:234)
	at java.util.concurrent.FutureTask.run(FutureTask.java:266)
	at java.util.concurrent.Executors$RunnableAdapter.call(Executors.java:511)
	at java.util.concurrent.FutureTask.run(FutureTask.java:266)
	at java.util.concurrent.ThreadPoolExecutor.runWorker(ThreadPoolExecutor.java:1149)
	at java.util.concurrent.ThreadPoolExecutor$Worker.run(ThreadPoolExecutor.java:624)
	... 1 more
Caused by: org.apache.ratis.thirdparty.io.netty.channel.AbstractChannel$AnnotatedConnectException: Connection refused: /192.168.164.208:37265
	at sun.nio.ch.SocketChannelImpl.checkConnect(Native Method)
	at sun.nio.ch.SocketChannelImpl.finishConnect(SocketChannelImpl.java:717)
	at org.apache.ratis.thirdparty.io.netty.channel.socket.nio.NioSocketChannel.doFinishConnect(NioSocketChannel.java:327)
	at org.apache.ratis.thirdparty.io.netty.channel.nio.AbstractNioChannel$AbstractNioUnsafe.finishConnect(AbstractNioChannel.java:340)
	at org.apache.ratis.thirdparty.io.netty.channel.nio.NioEventLoop.processSelectedKey(NioEventLoop.java:632)
	at org.apache.ratis.thirdparty.io.netty.channel.nio.NioEventLoop.processSelectedKeysOptimized(NioEventLoop.java:579)
	at org.apache.ratis.thirdparty.io.netty.channel.nio.NioEventLoop.processSelectedKeys(NioEventLoop.java:496)
	at org.apache.ratis.thirdparty.io.netty.channel.nio.NioEventLoop.run(NioEventLoop.java:458)
	at org.apache.ratis.thirdparty.io.netty.util.concurrent.SingleThreadEventExecutor$5.run(SingleThreadEventExecutor.java:897)
	at org.apache.ratis.thirdparty.io.netty.util.concurrent.FastThreadLocalRunnable.run(FastThreadLocalRunnable.java:30)
	... 1 more
Caused by: java.net.ConnectException: Connection refused
	... 11 more
2019-11-15 00:57:56,752 [e96d2cc9-026c-4220-b0f4-2bd3b4d5a924@group-D08F3DBE2A41-LeaderElection56] INFO  impl.LeaderElection (LogUtils.java:infoOrTrace(149)) - e96d2cc9-026c-4220-b0f4-2bd3b4d5a924@group-D08F3DBE2A41-LeaderElection56 got exception when requesting votes: {}
java.util.concurrent.ExecutionException: org.apache.ratis.thirdparty.io.grpc.StatusRuntimeException: UNAVAILABLE: io exception
	at java.util.concurrent.FutureTask.report(FutureTask.java:122)
	at java.util.concurrent.FutureTask.get(FutureTask.java:192)
	at org.apache.ratis.server.impl.LeaderElection.waitForResults(LeaderElection.java:259)
	at org.apache.ratis.server.impl.LeaderElection.askForVotes(LeaderElection.java:197)
	at org.apache.ratis.server.impl.LeaderElection.run(LeaderElection.java:133)
	at java.lang.Thread.run(Thread.java:748)
Caused by: org.apache.ratis.thirdparty.io.grpc.StatusRuntimeException: UNAVAILABLE: io exception
	at org.apache.ratis.thirdparty.io.grpc.stub.ClientCalls.toStatusRuntimeException(ClientCalls.java:233)
	at org.apache.ratis.thirdparty.io.grpc.stub.ClientCalls.getUnchecked(ClientCalls.java:214)
	at org.apache.ratis.thirdparty.io.grpc.stub.ClientCalls.blockingUnaryCall(ClientCalls.java:139)
	at org.apache.ratis.proto.grpc.RaftServerProtocolServiceGrpc$RaftServerProtocolServiceBlockingStub.requestVote(RaftServerProtocolServiceGrpc.java:265)
	at org.apache.ratis.grpc.server.GrpcServerProtocolClient.requestVote(GrpcServerProtocolClient.java:99)
	at org.apache.ratis.grpc.server.GrpcService.requestVote(GrpcService.java:204)
	at org.apache.ratis.server.impl.LeaderElection.lambda$submitRequests$1(LeaderElection.java:234)
	at java.util.concurrent.FutureTask.run(FutureTask.java:266)
	at java.util.concurrent.Executors$RunnableAdapter.call(Executors.java:511)
	at java.util.concurrent.FutureTask.run(FutureTask.java:266)
	at java.util.concurrent.ThreadPoolExecutor.runWorker(ThreadPoolExecutor.java:1149)
	at java.util.concurrent.ThreadPoolExecutor$Worker.run(ThreadPoolExecutor.java:624)
	... 1 more
Caused by: org.apache.ratis.thirdparty.io.netty.channel.AbstractChannel$AnnotatedConnectException: Connection refused: /192.168.164.208:44082
	at sun.nio.ch.SocketChannelImpl.checkConnect(Native Method)
	at sun.nio.ch.SocketChannelImpl.finishConnect(SocketChannelImpl.java:717)
	at org.apache.ratis.thirdparty.io.netty.channel.socket.nio.NioSocketChannel.doFinishConnect(NioSocketChannel.java:327)
	at org.apache.ratis.thirdparty.io.netty.channel.nio.AbstractNioChannel$AbstractNioUnsafe.finishConnect(AbstractNioChannel.java:340)
	at org.apache.ratis.thirdparty.io.netty.channel.nio.NioEventLoop.processSelectedKey(NioEventLoop.java:632)
	at org.apache.ratis.thirdparty.io.netty.channel.nio.NioEventLoop.processSelectedKeysOptimized(NioEventLoop.java:579)
	at org.apache.ratis.thirdparty.io.netty.channel.nio.NioEventLoop.processSelectedKeys(NioEventLoop.java:496)
	at org.apache.ratis.thirdparty.io.netty.channel.nio.NioEventLoop.run(NioEventLoop.java:458)
	at org.apache.ratis.thirdparty.io.netty.util.concurrent.SingleThreadEventExecutor$5.run(SingleThreadEventExecutor.java:897)
	at org.apache.ratis.thirdparty.io.netty.util.concurrent.FastThreadLocalRunnable.run(FastThreadLocalRunnable.java:30)
	... 1 more
Caused by: java.net.ConnectException: Connection refused
	... 11 more
2019-11-15 00:57:56,753 [e96d2cc9-026c-4220-b0f4-2bd3b4d5a924@group-D08F3DBE2A41-LeaderElection56] INFO  impl.LeaderElection (LeaderElection.java:logAndReturn(56)) - e96d2cc9-026c-4220-b0f4-2bd3b4d5a924@group-D08F3DBE2A41-LeaderElection56: Election REJECTED; received 0 response(s) [] and 2 exception(s); e96d2cc9-026c-4220-b0f4-2bd3b4d5a924@group-D08F3DBE2A41:t7, leader=null, voted=e96d2cc9-026c-4220-b0f4-2bd3b4d5a924, raftlog=e96d2cc9-026c-4220-b0f4-2bd3b4d5a924@group-D08F3DBE2A41-SegmentedRaftLog:OPENED:c0,f0,i0, conf=0: [9ac24c7e-7e4f-4cef-ab0e-298cb71ae60d:192.168.164.208:37265, 4dfd32cc-2252-49fe-ba51-4380d1c0b0d5:192.168.164.208:44082, e96d2cc9-026c-4220-b0f4-2bd3b4d5a924:192.168.164.208:39163], old=null
2019-11-15 00:57:56,753 [e96d2cc9-026c-4220-b0f4-2bd3b4d5a924@group-D08F3DBE2A41-LeaderElection56] INFO  impl.LeaderElection (LogUtils.java:infoOrTrace(149)) -   Exception 0: {}
java.util.concurrent.ExecutionException: org.apache.ratis.thirdparty.io.grpc.StatusRuntimeException: UNAVAILABLE: io exception
	at java.util.concurrent.FutureTask.report(FutureTask.java:122)
	at java.util.concurrent.FutureTask.get(FutureTask.java:192)
	at org.apache.ratis.server.impl.LeaderElection.waitForResults(LeaderElection.java:259)
	at org.apache.ratis.server.impl.LeaderElection.askForVotes(LeaderElection.java:197)
	at org.apache.ratis.server.impl.LeaderElection.run(LeaderElection.java:133)
	at java.lang.Thread.run(Thread.java:748)
Caused by: org.apache.ratis.thirdparty.io.grpc.StatusRuntimeException: UNAVAILABLE: io exception
	at org.apache.ratis.thirdparty.io.grpc.stub.ClientCalls.toStatusRuntimeException(ClientCalls.java:233)
	at org.apache.ratis.thirdparty.io.grpc.stub.ClientCalls.getUnchecked(ClientCalls.java:214)
	at org.apache.ratis.thirdparty.io.grpc.stub.ClientCalls.blockingUnaryCall(ClientCalls.java:139)
	at org.apache.ratis.proto.grpc.RaftServerProtocolServiceGrpc$RaftServerProtocolServiceBlockingStub.requestVote(RaftServerProtocolServiceGrpc.java:265)
	at org.apache.ratis.grpc.server.GrpcServerProtocolClient.requestVote(GrpcServerProtocolClient.java:99)
	at org.apache.ratis.grpc.server.GrpcService.requestVote(GrpcService.java:204)
	at org.apache.ratis.server.impl.LeaderElection.lambda$submitRequests$1(LeaderElection.java:234)
	at java.util.concurrent.FutureTask.run(FutureTask.java:266)
	at java.util.concurrent.Executors$RunnableAdapter.call(Executors.java:511)
	at java.util.concurrent.FutureTask.run(FutureTask.java:266)
	at java.util.concurrent.ThreadPoolExecutor.runWorker(ThreadPoolExecutor.java:1149)
	at java.util.concurrent.ThreadPoolExecutor$Worker.run(ThreadPoolExecutor.java:624)
	... 1 more
Caused by: org.apache.ratis.thirdparty.io.netty.channel.AbstractChannel$AnnotatedConnectException: Connection refused: /192.168.164.208:37265
	at sun.nio.ch.SocketChannelImpl.checkConnect(Native Method)
	at sun.nio.ch.SocketChannelImpl.finishConnect(SocketChannelImpl.java:717)
	at org.apache.ratis.thirdparty.io.netty.channel.socket.nio.NioSocketChannel.doFinishConnect(NioSocketChannel.java:327)
	at org.apache.ratis.thirdparty.io.netty.channel.nio.AbstractNioChannel$AbstractNioUnsafe.finishConnect(AbstractNioChannel.java:340)
	at org.apache.ratis.thirdparty.io.netty.channel.nio.NioEventLoop.processSelectedKey(NioEventLoop.java:632)
	at org.apache.ratis.thirdparty.io.netty.channel.nio.NioEventLoop.processSelectedKeysOptimized(NioEventLoop.java:579)
	at org.apache.ratis.thirdparty.io.netty.channel.nio.NioEventLoop.processSelectedKeys(NioEventLoop.java:496)
	at org.apache.ratis.thirdparty.io.netty.channel.nio.NioEventLoop.run(NioEventLoop.java:458)
	at org.apache.ratis.thirdparty.io.netty.util.concurrent.SingleThreadEventExecutor$5.run(SingleThreadEventExecutor.java:897)
	at org.apache.ratis.thirdparty.io.netty.util.concurrent.FastThreadLocalRunnable.run(FastThreadLocalRunnable.java:30)
	... 1 more
Caused by: java.net.ConnectException: Connection refused
	... 11 more
2019-11-15 00:57:56,754 [e96d2cc9-026c-4220-b0f4-2bd3b4d5a924@group-D08F3DBE2A41-LeaderElection56] INFO  impl.LeaderElection (LogUtils.java:infoOrTrace(149)) -   Exception 1: {}
java.util.concurrent.ExecutionException: org.apache.ratis.thirdparty.io.grpc.StatusRuntimeException: UNAVAILABLE: io exception
	at java.util.concurrent.FutureTask.report(FutureTask.java:122)
	at java.util.concurrent.FutureTask.get(FutureTask.java:192)
	at org.apache.ratis.server.impl.LeaderElection.waitForResults(LeaderElection.java:259)
	at org.apache.ratis.server.impl.LeaderElection.askForVotes(LeaderElection.java:197)
	at org.apache.ratis.server.impl.LeaderElection.run(LeaderElection.java:133)
	at java.lang.Thread.run(Thread.java:748)
Caused by: org.apache.ratis.thirdparty.io.grpc.StatusRuntimeException: UNAVAILABLE: io exception
	at org.apache.ratis.thirdparty.io.grpc.stub.ClientCalls.toStatusRuntimeException(ClientCalls.java:233)
	at org.apache.ratis.thirdparty.io.grpc.stub.ClientCalls.getUnchecked(ClientCalls.java:214)
	at org.apache.ratis.thirdparty.io.grpc.stub.ClientCalls.blockingUnaryCall(ClientCalls.java:139)
	at org.apache.ratis.proto.grpc.RaftServerProtocolServiceGrpc$RaftServerProtocolServiceBlockingStub.requestVote(RaftServerProtocolServiceGrpc.java:265)
	at org.apache.ratis.grpc.server.GrpcServerProtocolClient.requestVote(GrpcServerProtocolClient.java:99)
	at org.apache.ratis.grpc.server.GrpcService.requestVote(GrpcService.java:204)
	at org.apache.ratis.server.impl.LeaderElection.lambda$submitRequests$1(LeaderElection.java:234)
	at java.util.concurrent.FutureTask.run(FutureTask.java:266)
	at java.util.concurrent.Executors$RunnableAdapter.call(Executors.java:511)
	at java.util.concurrent.FutureTask.run(FutureTask.java:266)
	at java.util.concurrent.ThreadPoolExecutor.runWorker(ThreadPoolExecutor.java:1149)
	at java.util.concurrent.ThreadPoolExecutor$Worker.run(ThreadPoolExecutor.java:624)
	... 1 more
Caused by: org.apache.ratis.thirdparty.io.netty.channel.AbstractChannel$AnnotatedConnectException: Connection refused: /192.168.164.208:44082
	at sun.nio.ch.SocketChannelImpl.checkConnect(Native Method)
	at sun.nio.ch.SocketChannelImpl.finishConnect(SocketChannelImpl.java:717)
	at org.apache.ratis.thirdparty.io.netty.channel.socket.nio.NioSocketChannel.doFinishConnect(NioSocketChannel.java:327)
	at org.apache.ratis.thirdparty.io.netty.channel.nio.AbstractNioChannel$AbstractNioUnsafe.finishConnect(AbstractNioChannel.java:340)
	at org.apache.ratis.thirdparty.io.netty.channel.nio.NioEventLoop.processSelectedKey(NioEventLoop.java:632)
	at org.apache.ratis.thirdparty.io.netty.channel.nio.NioEventLoop.processSelectedKeysOptimized(NioEventLoop.java:579)
	at org.apache.ratis.thirdparty.io.netty.channel.nio.NioEventLoop.processSelectedKeys(NioEventLoop.java:496)
	at org.apache.ratis.thirdparty.io.netty.channel.nio.NioEventLoop.run(NioEventLoop.java:458)
	at org.apache.ratis.thirdparty.io.netty.util.concurrent.SingleThreadEventExecutor$5.run(SingleThreadEventExecutor.java:897)
	at org.apache.ratis.thirdparty.io.netty.util.concurrent.FastThreadLocalRunnable.run(FastThreadLocalRunnable.java:30)
	... 1 more
Caused by: java.net.ConnectException: Connection refused
	... 11 more
2019-11-15 00:57:56,754 [e96d2cc9-026c-4220-b0f4-2bd3b4d5a924@group-D08F3DBE2A41-LeaderElection56] INFO  impl.RaftServerImpl (RaftServerImpl.java:setRole(173)) - e96d2cc9-026c-4220-b0f4-2bd3b4d5a924@group-D08F3DBE2A41: changes role from CANDIDATE to FOLLOWER at term 7 for DISCOVERED_A_NEW_TERM
2019-11-15 00:57:56,754 [e96d2cc9-026c-4220-b0f4-2bd3b4d5a924@group-D08F3DBE2A41-LeaderElection56] INFO  impl.RoleInfo (RoleInfo.java:shutdownLeaderElection(134)) - e96d2cc9-026c-4220-b0f4-2bd3b4d5a924: shutdown LeaderElection
2019-11-15 00:57:56,755 [e96d2cc9-026c-4220-b0f4-2bd3b4d5a924@group-D08F3DBE2A41-LeaderElection56] INFO  impl.RoleInfo (RoleInfo.java:updateAndGet(143)) - e96d2cc9-026c-4220-b0f4-2bd3b4d5a924: start FollowerState
2019-11-15 00:57:56,770 [grpc-default-executor-5] WARN  server.GrpcLogAppender (LogUtils.java:warn(134)) - eccb109f-99d1-4501-bb16-6ecf49b3cdca@group-529DDC391E9C->c182b01b-afca-4fcd-8295-9462a850df3a-AppendLogResponseHandler: Failed appendEntries: org.apache.ratis.thirdparty.io.grpc.StatusRuntimeException: UNAVAILABLE: io exception
2019-11-15 00:57:56,771 [grpc-default-executor-5] INFO  impl.FollowerInfo (FollowerInfo.java:lambda$new$0(51)) - eccb109f-99d1-4501-bb16-6ecf49b3cdca@group-529DDC391E9C->c182b01b-afca-4fcd-8295-9462a850df3a: nextIndex: updateUnconditionally 0 -> 0
2019-11-15 00:57:57,248 [grpc-default-executor-5] WARN  server.GrpcLogAppender (LogUtils.java:warn(134)) - eccb109f-99d1-4501-bb16-6ecf49b3cdca@group-529DDC391E9C->5fe8490f-f805-406a-80e2-fbda1a66b042-AppendLogResponseHandler: Failed appendEntries: org.apache.ratis.thirdparty.io.grpc.StatusRuntimeException: UNAVAILABLE: io exception
2019-11-15 00:57:57,248 [grpc-default-executor-5] INFO  impl.FollowerInfo (FollowerInfo.java:lambda$new$0(51)) - eccb109f-99d1-4501-bb16-6ecf49b3cdca@group-529DDC391E9C->5fe8490f-f805-406a-80e2-fbda1a66b042: nextIndex: updateUnconditionally 0 -> 0
2019-11-15 00:57:57,270 [grpc-default-executor-5] WARN  server.GrpcLogAppender (LogUtils.java:warn(134)) - eccb109f-99d1-4501-bb16-6ecf49b3cdca@group-529DDC391E9C->c182b01b-afca-4fcd-8295-9462a850df3a-AppendLogResponseHandler: Failed appendEntries: org.apache.ratis.thirdparty.io.grpc.StatusRuntimeException: UNAVAILABLE: io exception
2019-11-15 00:57:57,270 [grpc-default-executor-5] INFO  impl.FollowerInfo (FollowerInfo.java:lambda$new$0(51)) - eccb109f-99d1-4501-bb16-6ecf49b3cdca@group-529DDC391E9C->c182b01b-afca-4fcd-8295-9462a850df3a: nextIndex: updateUnconditionally 0 -> 0
2019-11-15 00:57:57,371 [Thread-1582] INFO  impl.FollowerState (FollowerState.java:run(111)) - 0bfc3546-5406-43b9-8d67-9a12bf5503d8@group-5812CD6E2952-FollowerState: change to CANDIDATE, lastRpcTime:2247ms, electionTimeout:1094ms
2019-11-15 00:57:57,371 [Thread-1582] INFO  impl.RoleInfo (RoleInfo.java:shutdownFollowerState(121)) - 0bfc3546-5406-43b9-8d67-9a12bf5503d8: shutdown FollowerState
2019-11-15 00:57:57,371 [Thread-1582] INFO  impl.RaftServerImpl (RaftServerImpl.java:setRole(173)) - 0bfc3546-5406-43b9-8d67-9a12bf5503d8@group-5812CD6E2952: changes role from  FOLLOWER to CANDIDATE at term 1 for changeToCandidate
2019-11-15 00:57:57,371 [Thread-1582] INFO  impl.RoleInfo (RoleInfo.java:updateAndGet(143)) - 0bfc3546-5406-43b9-8d67-9a12bf5503d8: start LeaderElection
2019-11-15 00:57:57,371 [0bfc3546-5406-43b9-8d67-9a12bf5503d8@group-5812CD6E2952-LeaderElection57] INFO  impl.RaftServerImpl (ServerState.java:setLeader(255)) - 0bfc3546-5406-43b9-8d67-9a12bf5503d8@group-5812CD6E2952: change Leader from 8692cc3a-c5e2-4bd5-b878-b8217203f52e to null at term 1 for initElection
2019-11-15 00:57:57,388 [0bfc3546-5406-43b9-8d67-9a12bf5503d8@group-5812CD6E2952-LeaderElection57] INFO  impl.LeaderElection (LeaderElection.java:askForVotes(178)) - 0bfc3546-5406-43b9-8d67-9a12bf5503d8@group-5812CD6E2952-LeaderElection57: begin an election at term 2 for 0: [0bfc3546-5406-43b9-8d67-9a12bf5503d8:192.168.164.208:37596, efbac357-ca4e-4ee4-91b4-c654bf02dfcf:192.168.164.208:33848, 8692cc3a-c5e2-4bd5-b878-b8217203f52e:192.168.164.208:45622], old=null
2019-11-15 00:57:57,390 [0bfc3546-5406-43b9-8d67-9a12bf5503d8@group-5812CD6E2952-LeaderElection57] INFO  impl.LeaderElection (LogUtils.java:infoOrTrace(149)) - 0bfc3546-5406-43b9-8d67-9a12bf5503d8@group-5812CD6E2952-LeaderElection57 got exception when requesting votes: {}
java.util.concurrent.ExecutionException: org.apache.ratis.thirdparty.io.grpc.StatusRuntimeException: UNAVAILABLE: io exception
	at java.util.concurrent.FutureTask.report(FutureTask.java:122)
	at java.util.concurrent.FutureTask.get(FutureTask.java:192)
	at org.apache.ratis.server.impl.LeaderElection.waitForResults(LeaderElection.java:259)
	at org.apache.ratis.server.impl.LeaderElection.askForVotes(LeaderElection.java:197)
	at org.apache.ratis.server.impl.LeaderElection.run(LeaderElection.java:133)
	at java.lang.Thread.run(Thread.java:748)
Caused by: org.apache.ratis.thirdparty.io.grpc.StatusRuntimeException: UNAVAILABLE: io exception
	at org.apache.ratis.thirdparty.io.grpc.stub.ClientCalls.toStatusRuntimeException(ClientCalls.java:233)
	at org.apache.ratis.thirdparty.io.grpc.stub.ClientCalls.getUnchecked(ClientCalls.java:214)
	at org.apache.ratis.thirdparty.io.grpc.stub.ClientCalls.blockingUnaryCall(ClientCalls.java:139)
	at org.apache.ratis.proto.grpc.RaftServerProtocolServiceGrpc$RaftServerProtocolServiceBlockingStub.requestVote(RaftServerProtocolServiceGrpc.java:265)
	at org.apache.ratis.grpc.server.GrpcServerProtocolClient.requestVote(GrpcServerProtocolClient.java:99)
	at org.apache.ratis.grpc.server.GrpcService.requestVote(GrpcService.java:204)
	at org.apache.ratis.server.impl.LeaderElection.lambda$submitRequests$1(LeaderElection.java:234)
	at java.util.concurrent.FutureTask.run(FutureTask.java:266)
	at java.util.concurrent.Executors$RunnableAdapter.call(Executors.java:511)
	at java.util.concurrent.FutureTask.run(FutureTask.java:266)
	at java.util.concurrent.ThreadPoolExecutor.runWorker(ThreadPoolExecutor.java:1149)
	at java.util.concurrent.ThreadPoolExecutor$Worker.run(ThreadPoolExecutor.java:624)
	... 1 more
Caused by: org.apache.ratis.thirdparty.io.netty.channel.AbstractChannel$AnnotatedConnectException: Connection refused: /192.168.164.208:33848
	at sun.nio.ch.SocketChannelImpl.checkConnect(Native Method)
	at sun.nio.ch.SocketChannelImpl.finishConnect(SocketChannelImpl.java:717)
	at org.apache.ratis.thirdparty.io.netty.channel.socket.nio.NioSocketChannel.doFinishConnect(NioSocketChannel.java:327)
	at org.apache.ratis.thirdparty.io.netty.channel.nio.AbstractNioChannel$AbstractNioUnsafe.finishConnect(AbstractNioChannel.java:340)
	at org.apache.ratis.thirdparty.io.netty.channel.nio.NioEventLoop.processSelectedKey(NioEventLoop.java:632)
	at org.apache.ratis.thirdparty.io.netty.channel.nio.NioEventLoop.processSelectedKeysOptimized(NioEventLoop.java:579)
	at org.apache.ratis.thirdparty.io.netty.channel.nio.NioEventLoop.processSelectedKeys(NioEventLoop.java:496)
	at org.apache.ratis.thirdparty.io.netty.channel.nio.NioEventLoop.run(NioEventLoop.java:458)
	at org.apache.ratis.thirdparty.io.netty.util.concurrent.SingleThreadEventExecutor$5.run(SingleThreadEventExecutor.java:897)
	at org.apache.ratis.thirdparty.io.netty.util.concurrent.FastThreadLocalRunnable.run(FastThreadLocalRunnable.java:30)
	... 1 more
Caused by: java.net.ConnectException: Connection refused
	... 11 more
2019-11-15 00:57:57,392 [0bfc3546-5406-43b9-8d67-9a12bf5503d8@group-5812CD6E2952-LeaderElection57] INFO  impl.LeaderElection (LogUtils.java:infoOrTrace(149)) - 0bfc3546-5406-43b9-8d67-9a12bf5503d8@group-5812CD6E2952-LeaderElection57 got exception when requesting votes: {}
java.util.concurrent.ExecutionException: org.apache.ratis.thirdparty.io.grpc.StatusRuntimeException: UNAVAILABLE: io exception
	at java.util.concurrent.FutureTask.report(FutureTask.java:122)
	at java.util.concurrent.FutureTask.get(FutureTask.java:192)
	at org.apache.ratis.server.impl.LeaderElection.waitForResults(LeaderElection.java:259)
	at org.apache.ratis.server.impl.LeaderElection.askForVotes(LeaderElection.java:197)
	at org.apache.ratis.server.impl.LeaderElection.run(LeaderElection.java:133)
	at java.lang.Thread.run(Thread.java:748)
Caused by: org.apache.ratis.thirdparty.io.grpc.StatusRuntimeException: UNAVAILABLE: io exception
	at org.apache.ratis.thirdparty.io.grpc.stub.ClientCalls.toStatusRuntimeException(ClientCalls.java:233)
	at org.apache.ratis.thirdparty.io.grpc.stub.ClientCalls.getUnchecked(ClientCalls.java:214)
	at org.apache.ratis.thirdparty.io.grpc.stub.ClientCalls.blockingUnaryCall(ClientCalls.java:139)
	at org.apache.ratis.proto.grpc.RaftServerProtocolServiceGrpc$RaftServerProtocolServiceBlockingStub.requestVote(RaftServerProtocolServiceGrpc.java:265)
	at org.apache.ratis.grpc.server.GrpcServerProtocolClient.requestVote(GrpcServerProtocolClient.java:99)
	at org.apache.ratis.grpc.server.GrpcService.requestVote(GrpcService.java:204)
	at org.apache.ratis.server.impl.LeaderElection.lambda$submitRequests$1(LeaderElection.java:234)
	at java.util.concurrent.FutureTask.run(FutureTask.java:266)
	at java.util.concurrent.Executors$RunnableAdapter.call(Executors.java:511)
	at java.util.concurrent.FutureTask.run(FutureTask.java:266)
	at java.util.concurrent.ThreadPoolExecutor.runWorker(ThreadPoolExecutor.java:1149)
	at java.util.concurrent.ThreadPoolExecutor$Worker.run(ThreadPoolExecutor.java:624)
	... 1 more
Caused by: org.apache.ratis.thirdparty.io.netty.channel.AbstractChannel$AnnotatedConnectException: Connection refused: /192.168.164.208:45622
	at sun.nio.ch.SocketChannelImpl.checkConnect(Native Method)
	at sun.nio.ch.SocketChannelImpl.finishConnect(SocketChannelImpl.java:717)
	at org.apache.ratis.thirdparty.io.netty.channel.socket.nio.NioSocketChannel.doFinishConnect(NioSocketChannel.java:327)
	at org.apache.ratis.thirdparty.io.netty.channel.nio.AbstractNioChannel$AbstractNioUnsafe.finishConnect(AbstractNioChannel.java:340)
	at org.apache.ratis.thirdparty.io.netty.channel.nio.NioEventLoop.processSelectedKey(NioEventLoop.java:632)
	at org.apache.ratis.thirdparty.io.netty.channel.nio.NioEventLoop.processSelectedKeysOptimized(NioEventLoop.java:579)
	at org.apache.ratis.thirdparty.io.netty.channel.nio.NioEventLoop.processSelectedKeys(NioEventLoop.java:496)
	at org.apache.ratis.thirdparty.io.netty.channel.nio.NioEventLoop.run(NioEventLoop.java:458)
	at org.apache.ratis.thirdparty.io.netty.util.concurrent.SingleThreadEventExecutor$5.run(SingleThreadEventExecutor.java:897)
	at org.apache.ratis.thirdparty.io.netty.util.concurrent.FastThreadLocalRunnable.run(FastThreadLocalRunnable.java:30)
	... 1 more
Caused by: java.net.ConnectException: Connection refused
	... 11 more
2019-11-15 00:57:57,393 [0bfc3546-5406-43b9-8d67-9a12bf5503d8@group-5812CD6E2952-LeaderElection57] INFO  impl.LeaderElection (LeaderElection.java:logAndReturn(56)) - 0bfc3546-5406-43b9-8d67-9a12bf5503d8@group-5812CD6E2952-LeaderElection57: Election REJECTED; received 0 response(s) [] and 2 exception(s); 0bfc3546-5406-43b9-8d67-9a12bf5503d8@group-5812CD6E2952:t2, leader=null, voted=0bfc3546-5406-43b9-8d67-9a12bf5503d8, raftlog=0bfc3546-5406-43b9-8d67-9a12bf5503d8@group-5812CD6E2952-SegmentedRaftLog:OPENED:c0,f0,i0, conf=0: [0bfc3546-5406-43b9-8d67-9a12bf5503d8:192.168.164.208:37596, efbac357-ca4e-4ee4-91b4-c654bf02dfcf:192.168.164.208:33848, 8692cc3a-c5e2-4bd5-b878-b8217203f52e:192.168.164.208:45622], old=null
2019-11-15 00:57:57,393 [0bfc3546-5406-43b9-8d67-9a12bf5503d8@group-5812CD6E2952-LeaderElection57] INFO  impl.LeaderElection (LogUtils.java:infoOrTrace(149)) -   Exception 0: {}
java.util.concurrent.ExecutionException: org.apache.ratis.thirdparty.io.grpc.StatusRuntimeException: UNAVAILABLE: io exception
	at java.util.concurrent.FutureTask.report(FutureTask.java:122)
	at java.util.concurrent.FutureTask.get(FutureTask.java:192)
	at org.apache.ratis.server.impl.LeaderElection.waitForResults(LeaderElection.java:259)
	at org.apache.ratis.server.impl.LeaderElection.askForVotes(LeaderElection.java:197)
	at org.apache.ratis.server.impl.LeaderElection.run(LeaderElection.java:133)
	at java.lang.Thread.run(Thread.java:748)
Caused by: org.apache.ratis.thirdparty.io.grpc.StatusRuntimeException: UNAVAILABLE: io exception
	at org.apache.ratis.thirdparty.io.grpc.stub.ClientCalls.toStatusRuntimeException(ClientCalls.java:233)
	at org.apache.ratis.thirdparty.io.grpc.stub.ClientCalls.getUnchecked(ClientCalls.java:214)
	at org.apache.ratis.thirdparty.io.grpc.stub.ClientCalls.blockingUnaryCall(ClientCalls.java:139)
	at org.apache.ratis.proto.grpc.RaftServerProtocolServiceGrpc$RaftServerProtocolServiceBlockingStub.requestVote(RaftServerProtocolServiceGrpc.java:265)
	at org.apache.ratis.grpc.server.GrpcServerProtocolClient.requestVote(GrpcServerProtocolClient.java:99)
	at org.apache.ratis.grpc.server.GrpcService.requestVote(GrpcService.java:204)
	at org.apache.ratis.server.impl.LeaderElection.lambda$submitRequests$1(LeaderElection.java:234)
	at java.util.concurrent.FutureTask.run(FutureTask.java:266)
	at java.util.concurrent.Executors$RunnableAdapter.call(Executors.java:511)
	at java.util.concurrent.FutureTask.run(FutureTask.java:266)
	at java.util.concurrent.ThreadPoolExecutor.runWorker(ThreadPoolExecutor.java:1149)
	at java.util.concurrent.ThreadPoolExecutor$Worker.run(ThreadPoolExecutor.java:624)
	... 1 more
Caused by: org.apache.ratis.thirdparty.io.netty.channel.AbstractChannel$AnnotatedConnectException: Connection refused: /192.168.164.208:33848
	at sun.nio.ch.SocketChannelImpl.checkConnect(Native Method)
	at sun.nio.ch.SocketChannelImpl.finishConnect(SocketChannelImpl.java:717)
	at org.apache.ratis.thirdparty.io.netty.channel.socket.nio.NioSocketChannel.doFinishConnect(NioSocketChannel.java:327)
	at org.apache.ratis.thirdparty.io.netty.channel.nio.AbstractNioChannel$AbstractNioUnsafe.finishConnect(AbstractNioChannel.java:340)
	at org.apache.ratis.thirdparty.io.netty.channel.nio.NioEventLoop.processSelectedKey(NioEventLoop.java:632)
	at org.apache.ratis.thirdparty.io.netty.channel.nio.NioEventLoop.processSelectedKeysOptimized(NioEventLoop.java:579)
	at org.apache.ratis.thirdparty.io.netty.channel.nio.NioEventLoop.processSelectedKeys(NioEventLoop.java:496)
	at org.apache.ratis.thirdparty.io.netty.channel.nio.NioEventLoop.run(NioEventLoop.java:458)
	at org.apache.ratis.thirdparty.io.netty.util.concurrent.SingleThreadEventExecutor$5.run(SingleThreadEventExecutor.java:897)
	at org.apache.ratis.thirdparty.io.netty.util.concurrent.FastThreadLocalRunnable.run(FastThreadLocalRunnable.java:30)
	... 1 more
Caused by: java.net.ConnectException: Connection refused
	... 11 more
2019-11-15 00:57:57,394 [0bfc3546-5406-43b9-8d67-9a12bf5503d8@group-5812CD6E2952-LeaderElection57] INFO  impl.LeaderElection (LogUtils.java:infoOrTrace(149)) -   Exception 1: {}
java.util.concurrent.ExecutionException: org.apache.ratis.thirdparty.io.grpc.StatusRuntimeException: UNAVAILABLE: io exception
	at java.util.concurrent.FutureTask.report(FutureTask.java:122)
	at java.util.concurrent.FutureTask.get(FutureTask.java:192)
	at org.apache.ratis.server.impl.LeaderElection.waitForResults(LeaderElection.java:259)
	at org.apache.ratis.server.impl.LeaderElection.askForVotes(LeaderElection.java:197)
	at org.apache.ratis.server.impl.LeaderElection.run(LeaderElection.java:133)
	at java.lang.Thread.run(Thread.java:748)
Caused by: org.apache.ratis.thirdparty.io.grpc.StatusRuntimeException: UNAVAILABLE: io exception
	at org.apache.ratis.thirdparty.io.grpc.stub.ClientCalls.toStatusRuntimeException(ClientCalls.java:233)
	at org.apache.ratis.thirdparty.io.grpc.stub.ClientCalls.getUnchecked(ClientCalls.java:214)
	at org.apache.ratis.thirdparty.io.grpc.stub.ClientCalls.blockingUnaryCall(ClientCalls.java:139)
	at org.apache.ratis.proto.grpc.RaftServerProtocolServiceGrpc$RaftServerProtocolServiceBlockingStub.requestVote(RaftServerProtocolServiceGrpc.java:265)
	at org.apache.ratis.grpc.server.GrpcServerProtocolClient.requestVote(GrpcServerProtocolClient.java:99)
	at org.apache.ratis.grpc.server.GrpcService.requestVote(GrpcService.java:204)
	at org.apache.ratis.server.impl.LeaderElection.lambda$submitRequests$1(LeaderElection.java:234)
	at java.util.concurrent.FutureTask.run(FutureTask.java:266)
	at java.util.concurrent.Executors$RunnableAdapter.call(Executors.java:511)
	at java.util.concurrent.FutureTask.run(FutureTask.java:266)
	at java.util.concurrent.ThreadPoolExecutor.runWorker(ThreadPoolExecutor.java:1149)
	at java.util.concurrent.ThreadPoolExecutor$Worker.run(ThreadPoolExecutor.java:624)
	... 1 more
Caused by: org.apache.ratis.thirdparty.io.netty.channel.AbstractChannel$AnnotatedConnectException: Connection refused: /192.168.164.208:45622
	at sun.nio.ch.SocketChannelImpl.checkConnect(Native Method)
	at sun.nio.ch.SocketChannelImpl.finishConnect(SocketChannelImpl.java:717)
	at org.apache.ratis.thirdparty.io.netty.channel.socket.nio.NioSocketChannel.doFinishConnect(NioSocketChannel.java:327)
	at org.apache.ratis.thirdparty.io.netty.channel.nio.AbstractNioChannel$AbstractNioUnsafe.finishConnect(AbstractNioChannel.java:340)
	at org.apache.ratis.thirdparty.io.netty.channel.nio.NioEventLoop.processSelectedKey(NioEventLoop.java:632)
	at org.apache.ratis.thirdparty.io.netty.channel.nio.NioEventLoop.processSelectedKeysOptimized(NioEventLoop.java:579)
	at org.apache.ratis.thirdparty.io.netty.channel.nio.NioEventLoop.processSelectedKeys(NioEventLoop.java:496)
	at org.apache.ratis.thirdparty.io.netty.channel.nio.NioEventLoop.run(NioEventLoop.java:458)
	at org.apache.ratis.thirdparty.io.netty.util.concurrent.SingleThreadEventExecutor$5.run(SingleThreadEventExecutor.java:897)
	at org.apache.ratis.thirdparty.io.netty.util.concurrent.FastThreadLocalRunnable.run(FastThreadLocalRunnable.java:30)
	... 1 more
Caused by: java.net.ConnectException: Connection refused
	... 11 more
2019-11-15 00:57:57,394 [0bfc3546-5406-43b9-8d67-9a12bf5503d8@group-5812CD6E2952-LeaderElection57] INFO  impl.RaftServerImpl (RaftServerImpl.java:setRole(173)) - 0bfc3546-5406-43b9-8d67-9a12bf5503d8@group-5812CD6E2952: changes role from CANDIDATE to FOLLOWER at term 2 for DISCOVERED_A_NEW_TERM
2019-11-15 00:57:57,394 [0bfc3546-5406-43b9-8d67-9a12bf5503d8@group-5812CD6E2952-LeaderElection57] INFO  impl.RoleInfo (RoleInfo.java:shutdownLeaderElection(134)) - 0bfc3546-5406-43b9-8d67-9a12bf5503d8: shutdown LeaderElection
2019-11-15 00:57:57,394 [0bfc3546-5406-43b9-8d67-9a12bf5503d8@group-5812CD6E2952-LeaderElection57] INFO  impl.RoleInfo (RoleInfo.java:updateAndGet(143)) - 0bfc3546-5406-43b9-8d67-9a12bf5503d8: start FollowerState
2019-11-15 00:57:57,751 [grpc-default-executor-2] WARN  server.GrpcLogAppender (LogUtils.java:warn(134)) - eccb109f-99d1-4501-bb16-6ecf49b3cdca@group-529DDC391E9C->5fe8490f-f805-406a-80e2-fbda1a66b042-AppendLogResponseHandler: Failed appendEntries: org.apache.ratis.thirdparty.io.grpc.StatusRuntimeException: UNAVAILABLE: io exception
2019-11-15 00:57:57,754 [grpc-default-executor-2] INFO  impl.FollowerInfo (FollowerInfo.java:lambda$new$0(51)) - eccb109f-99d1-4501-bb16-6ecf49b3cdca@group-529DDC391E9C->5fe8490f-f805-406a-80e2-fbda1a66b042: nextIndex: updateUnconditionally 0 -> 0
2019-11-15 00:57:57,771 [grpc-default-executor-0] WARN  server.GrpcLogAppender (LogUtils.java:warn(134)) - eccb109f-99d1-4501-bb16-6ecf49b3cdca@group-529DDC391E9C->c182b01b-afca-4fcd-8295-9462a850df3a-AppendLogResponseHandler: Failed appendEntries: org.apache.ratis.thirdparty.io.grpc.StatusRuntimeException: UNAVAILABLE: io exception
2019-11-15 00:57:57,771 [grpc-default-executor-0] INFO  impl.FollowerInfo (FollowerInfo.java:lambda$new$0(51)) - eccb109f-99d1-4501-bb16-6ecf49b3cdca@group-529DDC391E9C->c182b01b-afca-4fcd-8295-9462a850df3a: nextIndex: updateUnconditionally 0 -> 0
2019-11-15 00:57:57,906 [Thread-1893] INFO  impl.FollowerState (FollowerState.java:run(111)) - e96d2cc9-026c-4220-b0f4-2bd3b4d5a924@group-D08F3DBE2A41-FollowerState: change to CANDIDATE, lastRpcTime:1151ms, electionTimeout:1151ms
2019-11-15 00:57:57,906 [Thread-1893] INFO  impl.RoleInfo (RoleInfo.java:shutdownFollowerState(121)) - e96d2cc9-026c-4220-b0f4-2bd3b4d5a924: shutdown FollowerState
2019-11-15 00:57:57,906 [Thread-1893] INFO  impl.RaftServerImpl (RaftServerImpl.java:setRole(173)) - e96d2cc9-026c-4220-b0f4-2bd3b4d5a924@group-D08F3DBE2A41: changes role from  FOLLOWER to CANDIDATE at term 7 for changeToCandidate
2019-11-15 00:57:57,907 [Thread-1893] INFO  impl.RoleInfo (RoleInfo.java:updateAndGet(143)) - e96d2cc9-026c-4220-b0f4-2bd3b4d5a924: start LeaderElection
2019-11-15 00:57:57,933 [e96d2cc9-026c-4220-b0f4-2bd3b4d5a924@group-D08F3DBE2A41-LeaderElection58] INFO  impl.LeaderElection (LeaderElection.java:askForVotes(178)) - e96d2cc9-026c-4220-b0f4-2bd3b4d5a924@group-D08F3DBE2A41-LeaderElection58: begin an election at term 8 for 0: [9ac24c7e-7e4f-4cef-ab0e-298cb71ae60d:192.168.164.208:37265, 4dfd32cc-2252-49fe-ba51-4380d1c0b0d5:192.168.164.208:44082, e96d2cc9-026c-4220-b0f4-2bd3b4d5a924:192.168.164.208:39163], old=null
2019-11-15 00:57:57,934 [e96d2cc9-026c-4220-b0f4-2bd3b4d5a924@group-D08F3DBE2A41-LeaderElection58] INFO  impl.LeaderElection (LogUtils.java:infoOrTrace(149)) - e96d2cc9-026c-4220-b0f4-2bd3b4d5a924@group-D08F3DBE2A41-LeaderElection58 got exception when requesting votes: {}
java.util.concurrent.ExecutionException: org.apache.ratis.thirdparty.io.grpc.StatusRuntimeException: UNAVAILABLE: io exception
	at java.util.concurrent.FutureTask.report(FutureTask.java:122)
	at java.util.concurrent.FutureTask.get(FutureTask.java:192)
	at org.apache.ratis.server.impl.LeaderElection.waitForResults(LeaderElection.java:259)
	at org.apache.ratis.server.impl.LeaderElection.askForVotes(LeaderElection.java:197)
	at org.apache.ratis.server.impl.LeaderElection.run(LeaderElection.java:133)
	at java.lang.Thread.run(Thread.java:748)
Caused by: org.apache.ratis.thirdparty.io.grpc.StatusRuntimeException: UNAVAILABLE: io exception
	at org.apache.ratis.thirdparty.io.grpc.stub.ClientCalls.toStatusRuntimeException(ClientCalls.java:233)
	at org.apache.ratis.thirdparty.io.grpc.stub.ClientCalls.getUnchecked(ClientCalls.java:214)
	at org.apache.ratis.thirdparty.io.grpc.stub.ClientCalls.blockingUnaryCall(ClientCalls.java:139)
	at org.apache.ratis.proto.grpc.RaftServerProtocolServiceGrpc$RaftServerProtocolServiceBlockingStub.requestVote(RaftServerProtocolServiceGrpc.java:265)
	at org.apache.ratis.grpc.server.GrpcServerProtocolClient.requestVote(GrpcServerProtocolClient.java:99)
	at org.apache.ratis.grpc.server.GrpcService.requestVote(GrpcService.java:204)
	at org.apache.ratis.server.impl.LeaderElection.lambda$submitRequests$1(LeaderElection.java:234)
	at java.util.concurrent.FutureTask.run(FutureTask.java:266)
	at java.util.concurrent.Executors$RunnableAdapter.call(Executors.java:511)
	at java.util.concurrent.FutureTask.run(FutureTask.java:266)
	at java.util.concurrent.ThreadPoolExecutor.runWorker(ThreadPoolExecutor.java:1149)
	at java.util.concurrent.ThreadPoolExecutor$Worker.run(ThreadPoolExecutor.java:624)
	... 1 more
Caused by: org.apache.ratis.thirdparty.io.netty.channel.AbstractChannel$AnnotatedConnectException: Connection refused: /192.168.164.208:44082
	at sun.nio.ch.SocketChannelImpl.checkConnect(Native Method)
	at sun.nio.ch.SocketChannelImpl.finishConnect(SocketChannelImpl.java:717)
	at org.apache.ratis.thirdparty.io.netty.channel.socket.nio.NioSocketChannel.doFinishConnect(NioSocketChannel.java:327)
	at org.apache.ratis.thirdparty.io.netty.channel.nio.AbstractNioChannel$AbstractNioUnsafe.finishConnect(AbstractNioChannel.java:340)
	at org.apache.ratis.thirdparty.io.netty.channel.nio.NioEventLoop.processSelectedKey(NioEventLoop.java:632)
	at org.apache.ratis.thirdparty.io.netty.channel.nio.NioEventLoop.processSelectedKeysOptimized(NioEventLoop.java:579)
	at org.apache.ratis.thirdparty.io.netty.channel.nio.NioEventLoop.processSelectedKeys(NioEventLoop.java:496)
	at org.apache.ratis.thirdparty.io.netty.channel.nio.NioEventLoop.run(NioEventLoop.java:458)
	at org.apache.ratis.thirdparty.io.netty.util.concurrent.SingleThreadEventExecutor$5.run(SingleThreadEventExecutor.java:897)
	at org.apache.ratis.thirdparty.io.netty.util.concurrent.FastThreadLocalRunnable.run(FastThreadLocalRunnable.java:30)
	... 1 more
Caused by: java.net.ConnectException: Connection refused
	... 11 more
2019-11-15 00:57:57,936 [e96d2cc9-026c-4220-b0f4-2bd3b4d5a924@group-D08F3DBE2A41-LeaderElection58] INFO  impl.LeaderElection (LogUtils.java:infoOrTrace(149)) - e96d2cc9-026c-4220-b0f4-2bd3b4d5a924@group-D08F3DBE2A41-LeaderElection58 got exception when requesting votes: {}
java.util.concurrent.ExecutionException: org.apache.ratis.thirdparty.io.grpc.StatusRuntimeException: UNAVAILABLE: io exception
	at java.util.concurrent.FutureTask.report(FutureTask.java:122)
	at java.util.concurrent.FutureTask.get(FutureTask.java:192)
	at org.apache.ratis.server.impl.LeaderElection.waitForResults(LeaderElection.java:259)
	at org.apache.ratis.server.impl.LeaderElection.askForVotes(LeaderElection.java:197)
	at org.apache.ratis.server.impl.LeaderElection.run(LeaderElection.java:133)
	at java.lang.Thread.run(Thread.java:748)
Caused by: org.apache.ratis.thirdparty.io.grpc.StatusRuntimeException: UNAVAILABLE: io exception
	at org.apache.ratis.thirdparty.io.grpc.stub.ClientCalls.toStatusRuntimeException(ClientCalls.java:233)
	at org.apache.ratis.thirdparty.io.grpc.stub.ClientCalls.getUnchecked(ClientCalls.java:214)
	at org.apache.ratis.thirdparty.io.grpc.stub.ClientCalls.blockingUnaryCall(ClientCalls.java:139)
	at org.apache.ratis.proto.grpc.RaftServerProtocolServiceGrpc$RaftServerProtocolServiceBlockingStub.requestVote(RaftServerProtocolServiceGrpc.java:265)
	at org.apache.ratis.grpc.server.GrpcServerProtocolClient.requestVote(GrpcServerProtocolClient.java:99)
	at org.apache.ratis.grpc.server.GrpcService.requestVote(GrpcService.java:204)
	at org.apache.ratis.server.impl.LeaderElection.lambda$submitRequests$1(LeaderElection.java:234)
	at java.util.concurrent.FutureTask.run(FutureTask.java:266)
	at java.util.concurrent.Executors$RunnableAdapter.call(Executors.java:511)
	at java.util.concurrent.FutureTask.run(FutureTask.java:266)
	at java.util.concurrent.ThreadPoolExecutor.runWorker(ThreadPoolExecutor.java:1149)
	at java.util.concurrent.ThreadPoolExecutor$Worker.run(ThreadPoolExecutor.java:624)
	... 1 more
Caused by: org.apache.ratis.thirdparty.io.netty.channel.AbstractChannel$AnnotatedConnectException: Connection refused: /192.168.164.208:37265
	at sun.nio.ch.SocketChannelImpl.checkConnect(Native Method)
	at sun.nio.ch.SocketChannelImpl.finishConnect(SocketChannelImpl.java:717)
	at org.apache.ratis.thirdparty.io.netty.channel.socket.nio.NioSocketChannel.doFinishConnect(NioSocketChannel.java:327)
	at org.apache.ratis.thirdparty.io.netty.channel.nio.AbstractNioChannel$AbstractNioUnsafe.finishConnect(AbstractNioChannel.java:340)
	at org.apache.ratis.thirdparty.io.netty.channel.nio.NioEventLoop.processSelectedKey(NioEventLoop.java:632)
	at org.apache.ratis.thirdparty.io.netty.channel.nio.NioEventLoop.processSelectedKeysOptimized(NioEventLoop.java:579)
	at org.apache.ratis.thirdparty.io.netty.channel.nio.NioEventLoop.processSelectedKeys(NioEventLoop.java:496)
	at org.apache.ratis.thirdparty.io.netty.channel.nio.NioEventLoop.run(NioEventLoop.java:458)
	at org.apache.ratis.thirdparty.io.netty.util.concurrent.SingleThreadEventExecutor$5.run(SingleThreadEventExecutor.java:897)
	at org.apache.ratis.thirdparty.io.netty.util.concurrent.FastThreadLocalRunnable.run(FastThreadLocalRunnable.java:30)
	... 1 more
Caused by: java.net.ConnectException: Connection refused
	... 11 more
2019-11-15 00:57:57,937 [e96d2cc9-026c-4220-b0f4-2bd3b4d5a924@group-D08F3DBE2A41-LeaderElection58] INFO  impl.LeaderElection (LeaderElection.java:logAndReturn(56)) - e96d2cc9-026c-4220-b0f4-2bd3b4d5a924@group-D08F3DBE2A41-LeaderElection58: Election REJECTED; received 0 response(s) [] and 2 exception(s); e96d2cc9-026c-4220-b0f4-2bd3b4d5a924@group-D08F3DBE2A41:t8, leader=null, voted=e96d2cc9-026c-4220-b0f4-2bd3b4d5a924, raftlog=e96d2cc9-026c-4220-b0f4-2bd3b4d5a924@group-D08F3DBE2A41-SegmentedRaftLog:OPENED:c0,f0,i0, conf=0: [9ac24c7e-7e4f-4cef-ab0e-298cb71ae60d:192.168.164.208:37265, 4dfd32cc-2252-49fe-ba51-4380d1c0b0d5:192.168.164.208:44082, e96d2cc9-026c-4220-b0f4-2bd3b4d5a924:192.168.164.208:39163], old=null
2019-11-15 00:57:57,937 [e96d2cc9-026c-4220-b0f4-2bd3b4d5a924@group-D08F3DBE2A41-LeaderElection58] INFO  impl.LeaderElection (LogUtils.java:infoOrTrace(149)) -   Exception 0: {}
java.util.concurrent.ExecutionException: org.apache.ratis.thirdparty.io.grpc.StatusRuntimeException: UNAVAILABLE: io exception
	at java.util.concurrent.FutureTask.report(FutureTask.java:122)
	at java.util.concurrent.FutureTask.get(FutureTask.java:192)
	at org.apache.ratis.server.impl.LeaderElection.waitForResults(LeaderElection.java:259)
	at org.apache.ratis.server.impl.LeaderElection.askForVotes(LeaderElection.java:197)
	at org.apache.ratis.server.impl.LeaderElection.run(LeaderElection.java:133)
	at java.lang.Thread.run(Thread.java:748)
Caused by: org.apache.ratis.thirdparty.io.grpc.StatusRuntimeException: UNAVAILABLE: io exception
	at org.apache.ratis.thirdparty.io.grpc.stub.ClientCalls.toStatusRuntimeException(ClientCalls.java:233)
	at org.apache.ratis.thirdparty.io.grpc.stub.ClientCalls.getUnchecked(ClientCalls.java:214)
	at org.apache.ratis.thirdparty.io.grpc.stub.ClientCalls.blockingUnaryCall(ClientCalls.java:139)
	at org.apache.ratis.proto.grpc.RaftServerProtocolServiceGrpc$RaftServerProtocolServiceBlockingStub.requestVote(RaftServerProtocolServiceGrpc.java:265)
	at org.apache.ratis.grpc.server.GrpcServerProtocolClient.requestVote(GrpcServerProtocolClient.java:99)
	at org.apache.ratis.grpc.server.GrpcService.requestVote(GrpcService.java:204)
	at org.apache.ratis.server.impl.LeaderElection.lambda$submitRequests$1(LeaderElection.java:234)
	at java.util.concurrent.FutureTask.run(FutureTask.java:266)
	at java.util.concurrent.Executors$RunnableAdapter.call(Executors.java:511)
	at java.util.concurrent.FutureTask.run(FutureTask.java:266)
	at java.util.concurrent.ThreadPoolExecutor.runWorker(ThreadPoolExecutor.java:1149)
	at java.util.concurrent.ThreadPoolExecutor$Worker.run(ThreadPoolExecutor.java:624)
	... 1 more
Caused by: org.apache.ratis.thirdparty.io.netty.channel.AbstractChannel$AnnotatedConnectException: Connection refused: /192.168.164.208:44082
	at sun.nio.ch.SocketChannelImpl.checkConnect(Native Method)
	at sun.nio.ch.SocketChannelImpl.finishConnect(SocketChannelImpl.java:717)
	at org.apache.ratis.thirdparty.io.netty.channel.socket.nio.NioSocketChannel.doFinishConnect(NioSocketChannel.java:327)
	at org.apache.ratis.thirdparty.io.netty.channel.nio.AbstractNioChannel$AbstractNioUnsafe.finishConnect(AbstractNioChannel.java:340)
	at org.apache.ratis.thirdparty.io.netty.channel.nio.NioEventLoop.processSelectedKey(NioEventLoop.java:632)
	at org.apache.ratis.thirdparty.io.netty.channel.nio.NioEventLoop.processSelectedKeysOptimized(NioEventLoop.java:579)
	at org.apache.ratis.thirdparty.io.netty.channel.nio.NioEventLoop.processSelectedKeys(NioEventLoop.java:496)
	at org.apache.ratis.thirdparty.io.netty.channel.nio.NioEventLoop.run(NioEventLoop.java:458)
	at org.apache.ratis.thirdparty.io.netty.util.concurrent.SingleThreadEventExecutor$5.run(SingleThreadEventExecutor.java:897)
	at org.apache.ratis.thirdparty.io.netty.util.concurrent.FastThreadLocalRunnable.run(FastThreadLocalRunnable.java:30)
	... 1 more
Caused by: java.net.ConnectException: Connection refused
	... 11 more
2019-11-15 00:57:57,937 [e96d2cc9-026c-4220-b0f4-2bd3b4d5a924@group-D08F3DBE2A41-LeaderElection58] INFO  impl.LeaderElection (LogUtils.java:infoOrTrace(149)) -   Exception 1: {}
java.util.concurrent.ExecutionException: org.apache.ratis.thirdparty.io.grpc.StatusRuntimeException: UNAVAILABLE: io exception
	at java.util.concurrent.FutureTask.report(FutureTask.java:122)
	at java.util.concurrent.FutureTask.get(FutureTask.java:192)
	at org.apache.ratis.server.impl.LeaderElection.waitForResults(LeaderElection.java:259)
	at org.apache.ratis.server.impl.LeaderElection.askForVotes(LeaderElection.java:197)
	at org.apache.ratis.server.impl.LeaderElection.run(LeaderElection.java:133)
	at java.lang.Thread.run(Thread.java:748)
Caused by: org.apache.ratis.thirdparty.io.grpc.StatusRuntimeException: UNAVAILABLE: io exception
	at org.apache.ratis.thirdparty.io.grpc.stub.ClientCalls.toStatusRuntimeException(ClientCalls.java:233)
	at org.apache.ratis.thirdparty.io.grpc.stub.ClientCalls.getUnchecked(ClientCalls.java:214)
	at org.apache.ratis.thirdparty.io.grpc.stub.ClientCalls.blockingUnaryCall(ClientCalls.java:139)
	at org.apache.ratis.proto.grpc.RaftServerProtocolServiceGrpc$RaftServerProtocolServiceBlockingStub.requestVote(RaftServerProtocolServiceGrpc.java:265)
	at org.apache.ratis.grpc.server.GrpcServerProtocolClient.requestVote(GrpcServerProtocolClient.java:99)
	at org.apache.ratis.grpc.server.GrpcService.requestVote(GrpcService.java:204)
	at org.apache.ratis.server.impl.LeaderElection.lambda$submitRequests$1(LeaderElection.java:234)
	at java.util.concurrent.FutureTask.run(FutureTask.java:266)
	at java.util.concurrent.Executors$RunnableAdapter.call(Executors.java:511)
	at java.util.concurrent.FutureTask.run(FutureTask.java:266)
	at java.util.concurrent.ThreadPoolExecutor.runWorker(ThreadPoolExecutor.java:1149)
	at java.util.concurrent.ThreadPoolExecutor$Worker.run(ThreadPoolExecutor.java:624)
	... 1 more
Caused by: org.apache.ratis.thirdparty.io.netty.channel.AbstractChannel$AnnotatedConnectException: Connection refused: /192.168.164.208:37265
	at sun.nio.ch.SocketChannelImpl.checkConnect(Native Method)
	at sun.nio.ch.SocketChannelImpl.finishConnect(SocketChannelImpl.java:717)
	at org.apache.ratis.thirdparty.io.netty.channel.socket.nio.NioSocketChannel.doFinishConnect(NioSocketChannel.java:327)
	at org.apache.ratis.thirdparty.io.netty.channel.nio.AbstractNioChannel$AbstractNioUnsafe.finishConnect(AbstractNioChannel.java:340)
	at org.apache.ratis.thirdparty.io.netty.channel.nio.NioEventLoop.processSelectedKey(NioEventLoop.java:632)
	at org.apache.ratis.thirdparty.io.netty.channel.nio.NioEventLoop.processSelectedKeysOptimized(NioEventLoop.java:579)
	at org.apache.ratis.thirdparty.io.netty.channel.nio.NioEventLoop.processSelectedKeys(NioEventLoop.java:496)
	at org.apache.ratis.thirdparty.io.netty.channel.nio.NioEventLoop.run(NioEventLoop.java:458)
	at org.apache.ratis.thirdparty.io.netty.util.concurrent.SingleThreadEventExecutor$5.run(SingleThreadEventExecutor.java:897)
	at org.apache.ratis.thirdparty.io.netty.util.concurrent.FastThreadLocalRunnable.run(FastThreadLocalRunnable.java:30)
	... 1 more
Caused by: java.net.ConnectException: Connection refused
	... 11 more
2019-11-15 00:57:57,938 [e96d2cc9-026c-4220-b0f4-2bd3b4d5a924@group-D08F3DBE2A41-LeaderElection58] INFO  impl.RaftServerImpl (RaftServerImpl.java:setRole(173)) - e96d2cc9-026c-4220-b0f4-2bd3b4d5a924@group-D08F3DBE2A41: changes role from CANDIDATE to FOLLOWER at term 8 for DISCOVERED_A_NEW_TERM
2019-11-15 00:57:57,938 [e96d2cc9-026c-4220-b0f4-2bd3b4d5a924@group-D08F3DBE2A41-LeaderElection58] INFO  impl.RoleInfo (RoleInfo.java:shutdownLeaderElection(134)) - e96d2cc9-026c-4220-b0f4-2bd3b4d5a924: shutdown LeaderElection
2019-11-15 00:57:57,938 [e96d2cc9-026c-4220-b0f4-2bd3b4d5a924@group-D08F3DBE2A41-LeaderElection58] INFO  impl.RoleInfo (RoleInfo.java:updateAndGet(143)) - e96d2cc9-026c-4220-b0f4-2bd3b4d5a924: start FollowerState
2019-11-15 00:57:58,255 [grpc-default-executor-0] WARN  server.GrpcLogAppender (LogUtils.java:warn(134)) - eccb109f-99d1-4501-bb16-6ecf49b3cdca@group-529DDC391E9C->5fe8490f-f805-406a-80e2-fbda1a66b042-AppendLogResponseHandler: Failed appendEntries: org.apache.ratis.thirdparty.io.grpc.StatusRuntimeException: UNAVAILABLE: io exception
2019-11-15 00:57:58,261 [grpc-default-executor-0] INFO  impl.FollowerInfo (FollowerInfo.java:lambda$new$0(51)) - eccb109f-99d1-4501-bb16-6ecf49b3cdca@group-529DDC391E9C->5fe8490f-f805-406a-80e2-fbda1a66b042: nextIndex: updateUnconditionally 0 -> 0
2019-11-15 00:57:58,272 [grpc-default-executor-5] WARN  server.GrpcLogAppender (LogUtils.java:warn(134)) - eccb109f-99d1-4501-bb16-6ecf49b3cdca@group-529DDC391E9C->c182b01b-afca-4fcd-8295-9462a850df3a-AppendLogResponseHandler: Failed appendEntries: org.apache.ratis.thirdparty.io.grpc.StatusRuntimeException: UNAVAILABLE: io exception
2019-11-15 00:57:58,272 [grpc-default-executor-5] INFO  impl.FollowerInfo (FollowerInfo.java:lambda$new$0(51)) - eccb109f-99d1-4501-bb16-6ecf49b3cdca@group-529DDC391E9C->c182b01b-afca-4fcd-8295-9462a850df3a: nextIndex: updateUnconditionally 0 -> 0
2019-11-15 00:57:58,459 [Thread-1897] INFO  impl.FollowerState (FollowerState.java:run(111)) - 0bfc3546-5406-43b9-8d67-9a12bf5503d8@group-5812CD6E2952-FollowerState: change to CANDIDATE, lastRpcTime:1064ms, electionTimeout:1064ms
2019-11-15 00:57:58,459 [Thread-1897] INFO  impl.RoleInfo (RoleInfo.java:shutdownFollowerState(121)) - 0bfc3546-5406-43b9-8d67-9a12bf5503d8: shutdown FollowerState
2019-11-15 00:57:58,460 [Thread-1897] INFO  impl.RaftServerImpl (RaftServerImpl.java:setRole(173)) - 0bfc3546-5406-43b9-8d67-9a12bf5503d8@group-5812CD6E2952: changes role from  FOLLOWER to CANDIDATE at term 2 for changeToCandidate
2019-11-15 00:57:58,460 [Thread-1897] INFO  impl.RoleInfo (RoleInfo.java:updateAndGet(143)) - 0bfc3546-5406-43b9-8d67-9a12bf5503d8: start LeaderElection
2019-11-15 00:57:58,476 [0bfc3546-5406-43b9-8d67-9a12bf5503d8@group-5812CD6E2952-LeaderElection59] INFO  impl.LeaderElection (LeaderElection.java:askForVotes(178)) - 0bfc3546-5406-43b9-8d67-9a12bf5503d8@group-5812CD6E2952-LeaderElection59: begin an election at term 3 for 0: [0bfc3546-5406-43b9-8d67-9a12bf5503d8:192.168.164.208:37596, efbac357-ca4e-4ee4-91b4-c654bf02dfcf:192.168.164.208:33848, 8692cc3a-c5e2-4bd5-b878-b8217203f52e:192.168.164.208:45622], old=null
2019-11-15 00:57:58,478 [0bfc3546-5406-43b9-8d67-9a12bf5503d8@group-5812CD6E2952-LeaderElection59] INFO  impl.LeaderElection (LogUtils.java:infoOrTrace(149)) - 0bfc3546-5406-43b9-8d67-9a12bf5503d8@group-5812CD6E2952-LeaderElection59 got exception when requesting votes: {}
java.util.concurrent.ExecutionException: org.apache.ratis.thirdparty.io.grpc.StatusRuntimeException: UNAVAILABLE: io exception
	at java.util.concurrent.FutureTask.report(FutureTask.java:122)
	at java.util.concurrent.FutureTask.get(FutureTask.java:192)
	at org.apache.ratis.server.impl.LeaderElection.waitForResults(LeaderElection.java:259)
	at org.apache.ratis.server.impl.LeaderElection.askForVotes(LeaderElection.java:197)
	at org.apache.ratis.server.impl.LeaderElection.run(LeaderElection.java:133)
	at java.lang.Thread.run(Thread.java:748)
Caused by: org.apache.ratis.thirdparty.io.grpc.StatusRuntimeException: UNAVAILABLE: io exception
	at org.apache.ratis.thirdparty.io.grpc.stub.ClientCalls.toStatusRuntimeException(ClientCalls.java:233)
	at org.apache.ratis.thirdparty.io.grpc.stub.ClientCalls.getUnchecked(ClientCalls.java:214)
	at org.apache.ratis.thirdparty.io.grpc.stub.ClientCalls.blockingUnaryCall(ClientCalls.java:139)
	at org.apache.ratis.proto.grpc.RaftServerProtocolServiceGrpc$RaftServerProtocolServiceBlockingStub.requestVote(RaftServerProtocolServiceGrpc.java:265)
	at org.apache.ratis.grpc.server.GrpcServerProtocolClient.requestVote(GrpcServerProtocolClient.java:99)
	at org.apache.ratis.grpc.server.GrpcService.requestVote(GrpcService.java:204)
	at org.apache.ratis.server.impl.LeaderElection.lambda$submitRequests$1(LeaderElection.java:234)
	at java.util.concurrent.FutureTask.run(FutureTask.java:266)
	at java.util.concurrent.Executors$RunnableAdapter.call(Executors.java:511)
	at java.util.concurrent.FutureTask.run(FutureTask.java:266)
	at java.util.concurrent.ThreadPoolExecutor.runWorker(ThreadPoolExecutor.java:1149)
	at java.util.concurrent.ThreadPoolExecutor$Worker.run(ThreadPoolExecutor.java:624)
	... 1 more
Caused by: org.apache.ratis.thirdparty.io.netty.channel.AbstractChannel$AnnotatedConnectException: Connection refused: /192.168.164.208:33848
	at sun.nio.ch.SocketChannelImpl.checkConnect(Native Method)
	at sun.nio.ch.SocketChannelImpl.finishConnect(SocketChannelImpl.java:717)
	at org.apache.ratis.thirdparty.io.netty.channel.socket.nio.NioSocketChannel.doFinishConnect(NioSocketChannel.java:327)
	at org.apache.ratis.thirdparty.io.netty.channel.nio.AbstractNioChannel$AbstractNioUnsafe.finishConnect(AbstractNioChannel.java:340)
	at org.apache.ratis.thirdparty.io.netty.channel.nio.NioEventLoop.processSelectedKey(NioEventLoop.java:632)
	at org.apache.ratis.thirdparty.io.netty.channel.nio.NioEventLoop.processSelectedKeysOptimized(NioEventLoop.java:579)
	at org.apache.ratis.thirdparty.io.netty.channel.nio.NioEventLoop.processSelectedKeys(NioEventLoop.java:496)
	at org.apache.ratis.thirdparty.io.netty.channel.nio.NioEventLoop.run(NioEventLoop.java:458)
	at org.apache.ratis.thirdparty.io.netty.util.concurrent.SingleThreadEventExecutor$5.run(SingleThreadEventExecutor.java:897)
	at org.apache.ratis.thirdparty.io.netty.util.concurrent.FastThreadLocalRunnable.run(FastThreadLocalRunnable.java:30)
	... 1 more
Caused by: java.net.ConnectException: Connection refused
	... 11 more
2019-11-15 00:57:58,481 [0bfc3546-5406-43b9-8d67-9a12bf5503d8@group-5812CD6E2952-LeaderElection59] INFO  impl.LeaderElection (LogUtils.java:infoOrTrace(149)) - 0bfc3546-5406-43b9-8d67-9a12bf5503d8@group-5812CD6E2952-LeaderElection59 got exception when requesting votes: {}
java.util.concurrent.ExecutionException: org.apache.ratis.thirdparty.io.grpc.StatusRuntimeException: UNAVAILABLE: io exception
	at java.util.concurrent.FutureTask.report(FutureTask.java:122)
	at java.util.concurrent.FutureTask.get(FutureTask.java:192)
	at org.apache.ratis.server.impl.LeaderElection.waitForResults(LeaderElection.java:259)
	at org.apache.ratis.server.impl.LeaderElection.askForVotes(LeaderElection.java:197)
	at org.apache.ratis.server.impl.LeaderElection.run(LeaderElection.java:133)
	at java.lang.Thread.run(Thread.java:748)
Caused by: org.apache.ratis.thirdparty.io.grpc.StatusRuntimeException: UNAVAILABLE: io exception
	at org.apache.ratis.thirdparty.io.grpc.stub.ClientCalls.toStatusRuntimeException(ClientCalls.java:233)
	at org.apache.ratis.thirdparty.io.grpc.stub.ClientCalls.getUnchecked(ClientCalls.java:214)
	at org.apache.ratis.thirdparty.io.grpc.stub.ClientCalls.blockingUnaryCall(ClientCalls.java:139)
	at org.apache.ratis.proto.grpc.RaftServerProtocolServiceGrpc$RaftServerProtocolServiceBlockingStub.requestVote(RaftServerProtocolServiceGrpc.java:265)
	at org.apache.ratis.grpc.server.GrpcServerProtocolClient.requestVote(GrpcServerProtocolClient.java:99)
	at org.apache.ratis.grpc.server.GrpcService.requestVote(GrpcService.java:204)
	at org.apache.ratis.server.impl.LeaderElection.lambda$submitRequests$1(LeaderElection.java:234)
	at java.util.concurrent.FutureTask.run(FutureTask.java:266)
	at java.util.concurrent.Executors$RunnableAdapter.call(Executors.java:511)
	at java.util.concurrent.FutureTask.run(FutureTask.java:266)
	at java.util.concurrent.ThreadPoolExecutor.runWorker(ThreadPoolExecutor.java:1149)
	at java.util.concurrent.ThreadPoolExecutor$Worker.run(ThreadPoolExecutor.java:624)
	... 1 more
Caused by: org.apache.ratis.thirdparty.io.netty.channel.AbstractChannel$AnnotatedConnectException: Connection refused: /192.168.164.208:45622
	at sun.nio.ch.SocketChannelImpl.checkConnect(Native Method)
	at sun.nio.ch.SocketChannelImpl.finishConnect(SocketChannelImpl.java:717)
	at org.apache.ratis.thirdparty.io.netty.channel.socket.nio.NioSocketChannel.doFinishConnect(NioSocketChannel.java:327)
	at org.apache.ratis.thirdparty.io.netty.channel.nio.AbstractNioChannel$AbstractNioUnsafe.finishConnect(AbstractNioChannel.java:340)
	at org.apache.ratis.thirdparty.io.netty.channel.nio.NioEventLoop.processSelectedKey(NioEventLoop.java:632)
	at org.apache.ratis.thirdparty.io.netty.channel.nio.NioEventLoop.processSelectedKeysOptimized(NioEventLoop.java:579)
	at org.apache.ratis.thirdparty.io.netty.channel.nio.NioEventLoop.processSelectedKeys(NioEventLoop.java:496)
	at org.apache.ratis.thirdparty.io.netty.channel.nio.NioEventLoop.run(NioEventLoop.java:458)
	at org.apache.ratis.thirdparty.io.netty.util.concurrent.SingleThreadEventExecutor$5.run(SingleThreadEventExecutor.java:897)
	at org.apache.ratis.thirdparty.io.netty.util.concurrent.FastThreadLocalRunnable.run(FastThreadLocalRunnable.java:30)
	... 1 more
Caused by: java.net.ConnectException: Connection refused
	... 11 more
2019-11-15 00:57:58,483 [0bfc3546-5406-43b9-8d67-9a12bf5503d8@group-5812CD6E2952-LeaderElection59] INFO  impl.LeaderElection (LeaderElection.java:logAndReturn(56)) - 0bfc3546-5406-43b9-8d67-9a12bf5503d8@group-5812CD6E2952-LeaderElection59: Election REJECTED; received 0 response(s) [] and 2 exception(s); 0bfc3546-5406-43b9-8d67-9a12bf5503d8@group-5812CD6E2952:t3, leader=null, voted=0bfc3546-5406-43b9-8d67-9a12bf5503d8, raftlog=0bfc3546-5406-43b9-8d67-9a12bf5503d8@group-5812CD6E2952-SegmentedRaftLog:OPENED:c0,f0,i0, conf=0: [0bfc3546-5406-43b9-8d67-9a12bf5503d8:192.168.164.208:37596, efbac357-ca4e-4ee4-91b4-c654bf02dfcf:192.168.164.208:33848, 8692cc3a-c5e2-4bd5-b878-b8217203f52e:192.168.164.208:45622], old=null
2019-11-15 00:57:58,483 [0bfc3546-5406-43b9-8d67-9a12bf5503d8@group-5812CD6E2952-LeaderElection59] INFO  impl.LeaderElection (LogUtils.java:infoOrTrace(149)) -   Exception 0: {}
java.util.concurrent.ExecutionException: org.apache.ratis.thirdparty.io.grpc.StatusRuntimeException: UNAVAILABLE: io exception
	at java.util.concurrent.FutureTask.report(FutureTask.java:122)
	at java.util.concurrent.FutureTask.get(FutureTask.java:192)
	at org.apache.ratis.server.impl.LeaderElection.waitForResults(LeaderElection.java:259)
	at org.apache.ratis.server.impl.LeaderElection.askForVotes(LeaderElection.java:197)
	at org.apache.ratis.server.impl.LeaderElection.run(LeaderElection.java:133)
	at java.lang.Thread.run(Thread.java:748)
Caused by: org.apache.ratis.thirdparty.io.grpc.StatusRuntimeException: UNAVAILABLE: io exception
	at org.apache.ratis.thirdparty.io.grpc.stub.ClientCalls.toStatusRuntimeException(ClientCalls.java:233)
	at org.apache.ratis.thirdparty.io.grpc.stub.ClientCalls.getUnchecked(ClientCalls.java:214)
	at org.apache.ratis.thirdparty.io.grpc.stub.ClientCalls.blockingUnaryCall(ClientCalls.java:139)
	at org.apache.ratis.proto.grpc.RaftServerProtocolServiceGrpc$RaftServerProtocolServiceBlockingStub.requestVote(RaftServerProtocolServiceGrpc.java:265)
	at org.apache.ratis.grpc.server.GrpcServerProtocolClient.requestVote(GrpcServerProtocolClient.java:99)
	at org.apache.ratis.grpc.server.GrpcService.requestVote(GrpcService.java:204)
	at org.apache.ratis.server.impl.LeaderElection.lambda$submitRequests$1(LeaderElection.java:234)
	at java.util.concurrent.FutureTask.run(FutureTask.java:266)
	at java.util.concurrent.Executors$RunnableAdapter.call(Executors.java:511)
	at java.util.concurrent.FutureTask.run(FutureTask.java:266)
	at java.util.concurrent.ThreadPoolExecutor.runWorker(ThreadPoolExecutor.java:1149)
	at java.util.concurrent.ThreadPoolExecutor$Worker.run(ThreadPoolExecutor.java:624)
	... 1 more
Caused by: org.apache.ratis.thirdparty.io.netty.channel.AbstractChannel$AnnotatedConnectException: Connection refused: /192.168.164.208:33848
	at sun.nio.ch.SocketChannelImpl.checkConnect(Native Method)
	at sun.nio.ch.SocketChannelImpl.finishConnect(SocketChannelImpl.java:717)
	at org.apache.ratis.thirdparty.io.netty.channel.socket.nio.NioSocketChannel.doFinishConnect(NioSocketChannel.java:327)
	at org.apache.ratis.thirdparty.io.netty.channel.nio.AbstractNioChannel$AbstractNioUnsafe.finishConnect(AbstractNioChannel.java:340)
	at org.apache.ratis.thirdparty.io.netty.channel.nio.NioEventLoop.processSelectedKey(NioEventLoop.java:632)
	at org.apache.ratis.thirdparty.io.netty.channel.nio.NioEventLoop.processSelectedKeysOptimized(NioEventLoop.java:579)
	at org.apache.ratis.thirdparty.io.netty.channel.nio.NioEventLoop.processSelectedKeys(NioEventLoop.java:496)
	at org.apache.ratis.thirdparty.io.netty.channel.nio.NioEventLoop.run(NioEventLoop.java:458)
	at org.apache.ratis.thirdparty.io.netty.util.concurrent.SingleThreadEventExecutor$5.run(SingleThreadEventExecutor.java:897)
	at org.apache.ratis.thirdparty.io.netty.util.concurrent.FastThreadLocalRunnable.run(FastThreadLocalRunnable.java:30)
	... 1 more
Caused by: java.net.ConnectException: Connection refused
	... 11 more
2019-11-15 00:57:58,483 [0bfc3546-5406-43b9-8d67-9a12bf5503d8@group-5812CD6E2952-LeaderElection59] INFO  impl.LeaderElection (LogUtils.java:infoOrTrace(149)) -   Exception 1: {}
java.util.concurrent.ExecutionException: org.apache.ratis.thirdparty.io.grpc.StatusRuntimeException: UNAVAILABLE: io exception
	at java.util.concurrent.FutureTask.report(FutureTask.java:122)
	at java.util.concurrent.FutureTask.get(FutureTask.java:192)
	at org.apache.ratis.server.impl.LeaderElection.waitForResults(LeaderElection.java:259)
	at org.apache.ratis.server.impl.LeaderElection.askForVotes(LeaderElection.java:197)
	at org.apache.ratis.server.impl.LeaderElection.run(LeaderElection.java:133)
	at java.lang.Thread.run(Thread.java:748)
Caused by: org.apache.ratis.thirdparty.io.grpc.StatusRuntimeException: UNAVAILABLE: io exception
	at org.apache.ratis.thirdparty.io.grpc.stub.ClientCalls.toStatusRuntimeException(ClientCalls.java:233)
	at org.apache.ratis.thirdparty.io.grpc.stub.ClientCalls.getUnchecked(ClientCalls.java:214)
	at org.apache.ratis.thirdparty.io.grpc.stub.ClientCalls.blockingUnaryCall(ClientCalls.java:139)
	at org.apache.ratis.proto.grpc.RaftServerProtocolServiceGrpc$RaftServerProtocolServiceBlockingStub.requestVote(RaftServerProtocolServiceGrpc.java:265)
	at org.apache.ratis.grpc.server.GrpcServerProtocolClient.requestVote(GrpcServerProtocolClient.java:99)
	at org.apache.ratis.grpc.server.GrpcService.requestVote(GrpcService.java:204)
	at org.apache.ratis.server.impl.LeaderElection.lambda$submitRequests$1(LeaderElection.java:234)
	at java.util.concurrent.FutureTask.run(FutureTask.java:266)
	at java.util.concurrent.Executors$RunnableAdapter.call(Executors.java:511)
	at java.util.concurrent.FutureTask.run(FutureTask.java:266)
	at java.util.concurrent.ThreadPoolExecutor.runWorker(ThreadPoolExecutor.java:1149)
	at java.util.concurrent.ThreadPoolExecutor$Worker.run(ThreadPoolExecutor.java:624)
	... 1 more
Caused by: org.apache.ratis.thirdparty.io.netty.channel.AbstractChannel$AnnotatedConnectException: Connection refused: /192.168.164.208:45622
	at sun.nio.ch.SocketChannelImpl.checkConnect(Native Method)
	at sun.nio.ch.SocketChannelImpl.finishConnect(SocketChannelImpl.java:717)
	at org.apache.ratis.thirdparty.io.netty.channel.socket.nio.NioSocketChannel.doFinishConnect(NioSocketChannel.java:327)
	at org.apache.ratis.thirdparty.io.netty.channel.nio.AbstractNioChannel$AbstractNioUnsafe.finishConnect(AbstractNioChannel.java:340)
	at org.apache.ratis.thirdparty.io.netty.channel.nio.NioEventLoop.processSelectedKey(NioEventLoop.java:632)
	at org.apache.ratis.thirdparty.io.netty.channel.nio.NioEventLoop.processSelectedKeysOptimized(NioEventLoop.java:579)
	at org.apache.ratis.thirdparty.io.netty.channel.nio.NioEventLoop.processSelectedKeys(NioEventLoop.java:496)
	at org.apache.ratis.thirdparty.io.netty.channel.nio.NioEventLoop.run(NioEventLoop.java:458)
	at org.apache.ratis.thirdparty.io.netty.util.concurrent.SingleThreadEventExecutor$5.run(SingleThreadEventExecutor.java:897)
	at org.apache.ratis.thirdparty.io.netty.util.concurrent.FastThreadLocalRunnable.run(FastThreadLocalRunnable.java:30)
	... 1 more
Caused by: java.net.ConnectException: Connection refused
	... 11 more
2019-11-15 00:57:58,484 [0bfc3546-5406-43b9-8d67-9a12bf5503d8@group-5812CD6E2952-LeaderElection59] INFO  impl.RaftServerImpl (RaftServerImpl.java:setRole(173)) - 0bfc3546-5406-43b9-8d67-9a12bf5503d8@group-5812CD6E2952: changes role from CANDIDATE to FOLLOWER at term 3 for DISCOVERED_A_NEW_TERM
2019-11-15 00:57:58,484 [0bfc3546-5406-43b9-8d67-9a12bf5503d8@group-5812CD6E2952-LeaderElection59] INFO  impl.RoleInfo (RoleInfo.java:shutdownLeaderElection(134)) - 0bfc3546-5406-43b9-8d67-9a12bf5503d8: shutdown LeaderElection
2019-11-15 00:57:58,484 [0bfc3546-5406-43b9-8d67-9a12bf5503d8@group-5812CD6E2952-LeaderElection59] INFO  impl.RoleInfo (RoleInfo.java:updateAndGet(143)) - 0bfc3546-5406-43b9-8d67-9a12bf5503d8: start FollowerState
2019-11-15 00:57:58,754 [grpc-default-executor-2] WARN  server.GrpcLogAppender (LogUtils.java:warn(134)) - eccb109f-99d1-4501-bb16-6ecf49b3cdca@group-529DDC391E9C->5fe8490f-f805-406a-80e2-fbda1a66b042-AppendLogResponseHandler: Failed appendEntries: org.apache.ratis.thirdparty.io.grpc.StatusRuntimeException: UNAVAILABLE: io exception
2019-11-15 00:57:58,757 [grpc-default-executor-2] INFO  impl.FollowerInfo (FollowerInfo.java:lambda$new$0(51)) - eccb109f-99d1-4501-bb16-6ecf49b3cdca@group-529DDC391E9C->5fe8490f-f805-406a-80e2-fbda1a66b042: nextIndex: updateUnconditionally 0 -> 0
2019-11-15 00:57:58,772 [grpc-default-executor-5] WARN  server.GrpcLogAppender (LogUtils.java:warn(134)) - eccb109f-99d1-4501-bb16-6ecf49b3cdca@group-529DDC391E9C->c182b01b-afca-4fcd-8295-9462a850df3a-AppendLogResponseHandler: Failed appendEntries: org.apache.ratis.thirdparty.io.grpc.StatusRuntimeException: UNAVAILABLE: io exception
2019-11-15 00:57:58,773 [grpc-default-executor-5] INFO  impl.FollowerInfo (FollowerInfo.java:lambda$new$0(51)) - eccb109f-99d1-4501-bb16-6ecf49b3cdca@group-529DDC391E9C->c182b01b-afca-4fcd-8295-9462a850df3a: nextIndex: updateUnconditionally 0 -> 0
2019-11-15 00:57:59,041 [Thread-1901] INFO  impl.FollowerState (FollowerState.java:run(111)) - e96d2cc9-026c-4220-b0f4-2bd3b4d5a924@group-D08F3DBE2A41-FollowerState: change to CANDIDATE, lastRpcTime:1103ms, electionTimeout:1103ms
2019-11-15 00:57:59,042 [Thread-1901] INFO  impl.RoleInfo (RoleInfo.java:shutdownFollowerState(121)) - e96d2cc9-026c-4220-b0f4-2bd3b4d5a924: shutdown FollowerState
2019-11-15 00:57:59,042 [Thread-1901] INFO  impl.RaftServerImpl (RaftServerImpl.java:setRole(173)) - e96d2cc9-026c-4220-b0f4-2bd3b4d5a924@group-D08F3DBE2A41: changes role from  FOLLOWER to CANDIDATE at term 8 for changeToCandidate
2019-11-15 00:57:59,042 [Thread-1901] INFO  impl.RoleInfo (RoleInfo.java:updateAndGet(143)) - e96d2cc9-026c-4220-b0f4-2bd3b4d5a924: start LeaderElection
2019-11-15 00:57:59,071 [e96d2cc9-026c-4220-b0f4-2bd3b4d5a924@group-D08F3DBE2A41-LeaderElection60] INFO  impl.LeaderElection (LeaderElection.java:askForVotes(178)) - e96d2cc9-026c-4220-b0f4-2bd3b4d5a924@group-D08F3DBE2A41-LeaderElection60: begin an election at term 9 for 0: [9ac24c7e-7e4f-4cef-ab0e-298cb71ae60d:192.168.164.208:37265, 4dfd32cc-2252-49fe-ba51-4380d1c0b0d5:192.168.164.208:44082, e96d2cc9-026c-4220-b0f4-2bd3b4d5a924:192.168.164.208:39163], old=null
2019-11-15 00:57:59,073 [e96d2cc9-026c-4220-b0f4-2bd3b4d5a924@group-D08F3DBE2A41-LeaderElection60] INFO  impl.LeaderElection (LogUtils.java:infoOrTrace(149)) - e96d2cc9-026c-4220-b0f4-2bd3b4d5a924@group-D08F3DBE2A41-LeaderElection60 got exception when requesting votes: {}
java.util.concurrent.ExecutionException: org.apache.ratis.thirdparty.io.grpc.StatusRuntimeException: UNAVAILABLE: io exception
	at java.util.concurrent.FutureTask.report(FutureTask.java:122)
	at java.util.concurrent.FutureTask.get(FutureTask.java:192)
	at org.apache.ratis.server.impl.LeaderElection.waitForResults(LeaderElection.java:259)
	at org.apache.ratis.server.impl.LeaderElection.askForVotes(LeaderElection.java:197)
	at org.apache.ratis.server.impl.LeaderElection.run(LeaderElection.java:133)
	at java.lang.Thread.run(Thread.java:748)
Caused by: org.apache.ratis.thirdparty.io.grpc.StatusRuntimeException: UNAVAILABLE: io exception
	at org.apache.ratis.thirdparty.io.grpc.stub.ClientCalls.toStatusRuntimeException(ClientCalls.java:233)
	at org.apache.ratis.thirdparty.io.grpc.stub.ClientCalls.getUnchecked(ClientCalls.java:214)
	at org.apache.ratis.thirdparty.io.grpc.stub.ClientCalls.blockingUnaryCall(ClientCalls.java:139)
	at org.apache.ratis.proto.grpc.RaftServerProtocolServiceGrpc$RaftServerProtocolServiceBlockingStub.requestVote(RaftServerProtocolServiceGrpc.java:265)
	at org.apache.ratis.grpc.server.GrpcServerProtocolClient.requestVote(GrpcServerProtocolClient.java:99)
	at org.apache.ratis.grpc.server.GrpcService.requestVote(GrpcService.java:204)
	at org.apache.ratis.server.impl.LeaderElection.lambda$submitRequests$1(LeaderElection.java:234)
	at java.util.concurrent.FutureTask.run(FutureTask.java:266)
	at java.util.concurrent.Executors$RunnableAdapter.call(Executors.java:511)
	at java.util.concurrent.FutureTask.run(FutureTask.java:266)
	at java.util.concurrent.ThreadPoolExecutor.runWorker(ThreadPoolExecutor.java:1149)
	at java.util.concurrent.ThreadPoolExecutor$Worker.run(ThreadPoolExecutor.java:624)
	... 1 more
Caused by: org.apache.ratis.thirdparty.io.netty.channel.AbstractChannel$AnnotatedConnectException: Connection refused: /192.168.164.208:37265
	at sun.nio.ch.SocketChannelImpl.checkConnect(Native Method)
	at sun.nio.ch.SocketChannelImpl.finishConnect(SocketChannelImpl.java:717)
	at org.apache.ratis.thirdparty.io.netty.channel.socket.nio.NioSocketChannel.doFinishConnect(NioSocketChannel.java:327)
	at org.apache.ratis.thirdparty.io.netty.channel.nio.AbstractNioChannel$AbstractNioUnsafe.finishConnect(AbstractNioChannel.java:340)
	at org.apache.ratis.thirdparty.io.netty.channel.nio.NioEventLoop.processSelectedKey(NioEventLoop.java:632)
	at org.apache.ratis.thirdparty.io.netty.channel.nio.NioEventLoop.processSelectedKeysOptimized(NioEventLoop.java:579)
	at org.apache.ratis.thirdparty.io.netty.channel.nio.NioEventLoop.processSelectedKeys(NioEventLoop.java:496)
	at org.apache.ratis.thirdparty.io.netty.channel.nio.NioEventLoop.run(NioEventLoop.java:458)
	at org.apache.ratis.thirdparty.io.netty.util.concurrent.SingleThreadEventExecutor$5.run(SingleThreadEventExecutor.java:897)
	at org.apache.ratis.thirdparty.io.netty.util.concurrent.FastThreadLocalRunnable.run(FastThreadLocalRunnable.java:30)
	... 1 more
Caused by: java.net.ConnectException: Connection refused
	... 11 more
2019-11-15 00:57:59,086 [e96d2cc9-026c-4220-b0f4-2bd3b4d5a924@group-D08F3DBE2A41-LeaderElection60] INFO  impl.LeaderElection (LogUtils.java:infoOrTrace(149)) - e96d2cc9-026c-4220-b0f4-2bd3b4d5a924@group-D08F3DBE2A41-LeaderElection60 got exception when requesting votes: {}
java.util.concurrent.ExecutionException: org.apache.ratis.thirdparty.io.grpc.StatusRuntimeException: UNAVAILABLE: io exception
	at java.util.concurrent.FutureTask.report(FutureTask.java:122)
	at java.util.concurrent.FutureTask.get(FutureTask.java:192)
	at org.apache.ratis.server.impl.LeaderElection.waitForResults(LeaderElection.java:259)
	at org.apache.ratis.server.impl.LeaderElection.askForVotes(LeaderElection.java:197)
	at org.apache.ratis.server.impl.LeaderElection.run(LeaderElection.java:133)
	at java.lang.Thread.run(Thread.java:748)
Caused by: org.apache.ratis.thirdparty.io.grpc.StatusRuntimeException: UNAVAILABLE: io exception
	at org.apache.ratis.thirdparty.io.grpc.stub.ClientCalls.toStatusRuntimeException(ClientCalls.java:233)
	at org.apache.ratis.thirdparty.io.grpc.stub.ClientCalls.getUnchecked(ClientCalls.java:214)
	at org.apache.ratis.thirdparty.io.grpc.stub.ClientCalls.blockingUnaryCall(ClientCalls.java:139)
	at org.apache.ratis.proto.grpc.RaftServerProtocolServiceGrpc$RaftServerProtocolServiceBlockingStub.requestVote(RaftServerProtocolServiceGrpc.java:265)
	at org.apache.ratis.grpc.server.GrpcServerProtocolClient.requestVote(GrpcServerProtocolClient.java:99)
	at org.apache.ratis.grpc.server.GrpcService.requestVote(GrpcService.java:204)
	at org.apache.ratis.server.impl.LeaderElection.lambda$submitRequests$1(LeaderElection.java:234)
	at java.util.concurrent.FutureTask.run(FutureTask.java:266)
	at java.util.concurrent.Executors$RunnableAdapter.call(Executors.java:511)
	at java.util.concurrent.FutureTask.run(FutureTask.java:266)
	at java.util.concurrent.ThreadPoolExecutor.runWorker(ThreadPoolExecutor.java:1149)
	at java.util.concurrent.ThreadPoolExecutor$Worker.run(ThreadPoolExecutor.java:624)
	... 1 more
Caused by: org.apache.ratis.thirdparty.io.netty.channel.AbstractChannel$AnnotatedConnectException: Connection refused: /192.168.164.208:44082
	at sun.nio.ch.SocketChannelImpl.checkConnect(Native Method)
	at sun.nio.ch.SocketChannelImpl.finishConnect(SocketChannelImpl.java:717)
	at org.apache.ratis.thirdparty.io.netty.channel.socket.nio.NioSocketChannel.doFinishConnect(NioSocketChannel.java:327)
	at org.apache.ratis.thirdparty.io.netty.channel.nio.AbstractNioChannel$AbstractNioUnsafe.finishConnect(AbstractNioChannel.java:340)
	at org.apache.ratis.thirdparty.io.netty.channel.nio.NioEventLoop.processSelectedKey(NioEventLoop.java:632)
	at org.apache.ratis.thirdparty.io.netty.channel.nio.NioEventLoop.processSelectedKeysOptimized(NioEventLoop.java:579)
	at org.apache.ratis.thirdparty.io.netty.channel.nio.NioEventLoop.processSelectedKeys(NioEventLoop.java:496)
	at org.apache.ratis.thirdparty.io.netty.channel.nio.NioEventLoop.run(NioEventLoop.java:458)
	at org.apache.ratis.thirdparty.io.netty.util.concurrent.SingleThreadEventExecutor$5.run(SingleThreadEventExecutor.java:897)
	at org.apache.ratis.thirdparty.io.netty.util.concurrent.FastThreadLocalRunnable.run(FastThreadLocalRunnable.java:30)
	... 1 more
Caused by: java.net.ConnectException: Connection refused
	... 11 more
2019-11-15 00:57:59,087 [e96d2cc9-026c-4220-b0f4-2bd3b4d5a924@group-D08F3DBE2A41-LeaderElection60] INFO  impl.LeaderElection (LeaderElection.java:logAndReturn(56)) - e96d2cc9-026c-4220-b0f4-2bd3b4d5a924@group-D08F3DBE2A41-LeaderElection60: Election REJECTED; received 0 response(s) [] and 2 exception(s); e96d2cc9-026c-4220-b0f4-2bd3b4d5a924@group-D08F3DBE2A41:t9, leader=null, voted=e96d2cc9-026c-4220-b0f4-2bd3b4d5a924, raftlog=e96d2cc9-026c-4220-b0f4-2bd3b4d5a924@group-D08F3DBE2A41-SegmentedRaftLog:OPENED:c0,f0,i0, conf=0: [9ac24c7e-7e4f-4cef-ab0e-298cb71ae60d:192.168.164.208:37265, 4dfd32cc-2252-49fe-ba51-4380d1c0b0d5:192.168.164.208:44082, e96d2cc9-026c-4220-b0f4-2bd3b4d5a924:192.168.164.208:39163], old=null
2019-11-15 00:57:59,088 [e96d2cc9-026c-4220-b0f4-2bd3b4d5a924@group-D08F3DBE2A41-LeaderElection60] INFO  impl.LeaderElection (LogUtils.java:infoOrTrace(149)) -   Exception 0: {}
java.util.concurrent.ExecutionException: org.apache.ratis.thirdparty.io.grpc.StatusRuntimeException: UNAVAILABLE: io exception
	at java.util.concurrent.FutureTask.report(FutureTask.java:122)
	at java.util.concurrent.FutureTask.get(FutureTask.java:192)
	at org.apache.ratis.server.impl.LeaderElection.waitForResults(LeaderElection.java:259)
	at org.apache.ratis.server.impl.LeaderElection.askForVotes(LeaderElection.java:197)
	at org.apache.ratis.server.impl.LeaderElection.run(LeaderElection.java:133)
	at java.lang.Thread.run(Thread.java:748)
Caused by: org.apache.ratis.thirdparty.io.grpc.StatusRuntimeException: UNAVAILABLE: io exception
	at org.apache.ratis.thirdparty.io.grpc.stub.ClientCalls.toStatusRuntimeException(ClientCalls.java:233)
	at org.apache.ratis.thirdparty.io.grpc.stub.ClientCalls.getUnchecked(ClientCalls.java:214)
	at org.apache.ratis.thirdparty.io.grpc.stub.ClientCalls.blockingUnaryCall(ClientCalls.java:139)
	at org.apache.ratis.proto.grpc.RaftServerProtocolServiceGrpc$RaftServerProtocolServiceBlockingStub.requestVote(RaftServerProtocolServiceGrpc.java:265)
	at org.apache.ratis.grpc.server.GrpcServerProtocolClient.requestVote(GrpcServerProtocolClient.java:99)
	at org.apache.ratis.grpc.server.GrpcService.requestVote(GrpcService.java:204)
	at org.apache.ratis.server.impl.LeaderElection.lambda$submitRequests$1(LeaderElection.java:234)
	at java.util.concurrent.FutureTask.run(FutureTask.java:266)
	at java.util.concurrent.Executors$RunnableAdapter.call(Executors.java:511)
	at java.util.concurrent.FutureTask.run(FutureTask.java:266)
	at java.util.concurrent.ThreadPoolExecutor.runWorker(ThreadPoolExecutor.java:1149)
	at java.util.concurrent.ThreadPoolExecutor$Worker.run(ThreadPoolExecutor.java:624)
	... 1 more
Caused by: org.apache.ratis.thirdparty.io.netty.channel.AbstractChannel$AnnotatedConnectException: Connection refused: /192.168.164.208:37265
	at sun.nio.ch.SocketChannelImpl.checkConnect(Native Method)
	at sun.nio.ch.SocketChannelImpl.finishConnect(SocketChannelImpl.java:717)
	at org.apache.ratis.thirdparty.io.netty.channel.socket.nio.NioSocketChannel.doFinishConnect(NioSocketChannel.java:327)
	at org.apache.ratis.thirdparty.io.netty.channel.nio.AbstractNioChannel$AbstractNioUnsafe.finishConnect(AbstractNioChannel.java:340)
	at org.apache.ratis.thirdparty.io.netty.channel.nio.NioEventLoop.processSelectedKey(NioEventLoop.java:632)
	at org.apache.ratis.thirdparty.io.netty.channel.nio.NioEventLoop.processSelectedKeysOptimized(NioEventLoop.java:579)
	at org.apache.ratis.thirdparty.io.netty.channel.nio.NioEventLoop.processSelectedKeys(NioEventLoop.java:496)
	at org.apache.ratis.thirdparty.io.netty.channel.nio.NioEventLoop.run(NioEventLoop.java:458)
	at org.apache.ratis.thirdparty.io.netty.util.concurrent.SingleThreadEventExecutor$5.run(SingleThreadEventExecutor.java:897)
	at org.apache.ratis.thirdparty.io.netty.util.concurrent.FastThreadLocalRunnable.run(FastThreadLocalRunnable.java:30)
	... 1 more
Caused by: java.net.ConnectException: Connection refused
	... 11 more
2019-11-15 00:57:59,088 [e96d2cc9-026c-4220-b0f4-2bd3b4d5a924@group-D08F3DBE2A41-LeaderElection60] INFO  impl.LeaderElection (LogUtils.java:infoOrTrace(149)) -   Exception 1: {}
java.util.concurrent.ExecutionException: org.apache.ratis.thirdparty.io.grpc.StatusRuntimeException: UNAVAILABLE: io exception
	at java.util.concurrent.FutureTask.report(FutureTask.java:122)
	at java.util.concurrent.FutureTask.get(FutureTask.java:192)
	at org.apache.ratis.server.impl.LeaderElection.waitForResults(LeaderElection.java:259)
	at org.apache.ratis.server.impl.LeaderElection.askForVotes(LeaderElection.java:197)
	at org.apache.ratis.server.impl.LeaderElection.run(LeaderElection.java:133)
	at java.lang.Thread.run(Thread.java:748)
Caused by: org.apache.ratis.thirdparty.io.grpc.StatusRuntimeException: UNAVAILABLE: io exception
	at org.apache.ratis.thirdparty.io.grpc.stub.ClientCalls.toStatusRuntimeException(ClientCalls.java:233)
	at org.apache.ratis.thirdparty.io.grpc.stub.ClientCalls.getUnchecked(ClientCalls.java:214)
	at org.apache.ratis.thirdparty.io.grpc.stub.ClientCalls.blockingUnaryCall(ClientCalls.java:139)
	at org.apache.ratis.proto.grpc.RaftServerProtocolServiceGrpc$RaftServerProtocolServiceBlockingStub.requestVote(RaftServerProtocolServiceGrpc.java:265)
	at org.apache.ratis.grpc.server.GrpcServerProtocolClient.requestVote(GrpcServerProtocolClient.java:99)
	at org.apache.ratis.grpc.server.GrpcService.requestVote(GrpcService.java:204)
	at org.apache.ratis.server.impl.LeaderElection.lambda$submitRequests$1(LeaderElection.java:234)
	at java.util.concurrent.FutureTask.run(FutureTask.java:266)
	at java.util.concurrent.Executors$RunnableAdapter.call(Executors.java:511)
	at java.util.concurrent.FutureTask.run(FutureTask.java:266)
	at java.util.concurrent.ThreadPoolExecutor.runWorker(ThreadPoolExecutor.java:1149)
	at java.util.concurrent.ThreadPoolExecutor$Worker.run(ThreadPoolExecutor.java:624)
	... 1 more
Caused by: org.apache.ratis.thirdparty.io.netty.channel.AbstractChannel$AnnotatedConnectException: Connection refused: /192.168.164.208:44082
	at sun.nio.ch.SocketChannelImpl.checkConnect(Native Method)
	at sun.nio.ch.SocketChannelImpl.finishConnect(SocketChannelImpl.java:717)
	at org.apache.ratis.thirdparty.io.netty.channel.socket.nio.NioSocketChannel.doFinishConnect(NioSocketChannel.java:327)
	at org.apache.ratis.thirdparty.io.netty.channel.nio.AbstractNioChannel$AbstractNioUnsafe.finishConnect(AbstractNioChannel.java:340)
	at org.apache.ratis.thirdparty.io.netty.channel.nio.NioEventLoop.processSelectedKey(NioEventLoop.java:632)
	at org.apache.ratis.thirdparty.io.netty.channel.nio.NioEventLoop.processSelectedKeysOptimized(NioEventLoop.java:579)
	at org.apache.ratis.thirdparty.io.netty.channel.nio.NioEventLoop.processSelectedKeys(NioEventLoop.java:496)
	at org.apache.ratis.thirdparty.io.netty.channel.nio.NioEventLoop.run(NioEventLoop.java:458)
	at org.apache.ratis.thirdparty.io.netty.util.concurrent.SingleThreadEventExecutor$5.run(SingleThreadEventExecutor.java:897)
	at org.apache.ratis.thirdparty.io.netty.util.concurrent.FastThreadLocalRunnable.run(FastThreadLocalRunnable.java:30)
	... 1 more
Caused by: java.net.ConnectException: Connection refused
	... 11 more
2019-11-15 00:57:59,088 [e96d2cc9-026c-4220-b0f4-2bd3b4d5a924@group-D08F3DBE2A41-LeaderElection60] INFO  impl.RaftServerImpl (RaftServerImpl.java:setRole(173)) - e96d2cc9-026c-4220-b0f4-2bd3b4d5a924@group-D08F3DBE2A41: changes role from CANDIDATE to FOLLOWER at term 9 for DISCOVERED_A_NEW_TERM
2019-11-15 00:57:59,088 [e96d2cc9-026c-4220-b0f4-2bd3b4d5a924@group-D08F3DBE2A41-LeaderElection60] INFO  impl.RoleInfo (RoleInfo.java:shutdownLeaderElection(134)) - e96d2cc9-026c-4220-b0f4-2bd3b4d5a924: shutdown LeaderElection
2019-11-15 00:57:59,088 [e96d2cc9-026c-4220-b0f4-2bd3b4d5a924@group-D08F3DBE2A41-LeaderElection60] INFO  impl.RoleInfo (RoleInfo.java:updateAndGet(143)) - e96d2cc9-026c-4220-b0f4-2bd3b4d5a924: start FollowerState
2019-11-15 00:57:59,255 [grpc-default-executor-5] WARN  server.GrpcLogAppender (LogUtils.java:warn(134)) - eccb109f-99d1-4501-bb16-6ecf49b3cdca@group-529DDC391E9C->5fe8490f-f805-406a-80e2-fbda1a66b042-AppendLogResponseHandler: Failed appendEntries: org.apache.ratis.thirdparty.io.grpc.StatusRuntimeException: UNAVAILABLE: io exception
2019-11-15 00:57:59,257 [grpc-default-executor-5] INFO  impl.FollowerInfo (FollowerInfo.java:lambda$new$0(51)) - eccb109f-99d1-4501-bb16-6ecf49b3cdca@group-529DDC391E9C->5fe8490f-f805-406a-80e2-fbda1a66b042: nextIndex: updateUnconditionally 0 -> 0
2019-11-15 00:57:59,273 [grpc-default-executor-5] WARN  server.GrpcLogAppender (LogUtils.java:warn(134)) - eccb109f-99d1-4501-bb16-6ecf49b3cdca@group-529DDC391E9C->c182b01b-afca-4fcd-8295-9462a850df3a-AppendLogResponseHandler: Failed appendEntries: org.apache.ratis.thirdparty.io.grpc.StatusRuntimeException: UNAVAILABLE: io exception
2019-11-15 00:57:59,273 [grpc-default-executor-5] INFO  impl.FollowerInfo (FollowerInfo.java:lambda$new$0(51)) - eccb109f-99d1-4501-bb16-6ecf49b3cdca@group-529DDC391E9C->c182b01b-afca-4fcd-8295-9462a850df3a: nextIndex: updateUnconditionally 0 -> 0
2019-11-15 00:57:59,604 [Thread-1905] INFO  impl.FollowerState (FollowerState.java:run(111)) - 0bfc3546-5406-43b9-8d67-9a12bf5503d8@group-5812CD6E2952-FollowerState: change to CANDIDATE, lastRpcTime:1119ms, electionTimeout:1119ms
2019-11-15 00:57:59,604 [Thread-1905] INFO  impl.RoleInfo (RoleInfo.java:shutdownFollowerState(121)) - 0bfc3546-5406-43b9-8d67-9a12bf5503d8: shutdown FollowerState
2019-11-15 00:57:59,604 [Thread-1905] INFO  impl.RaftServerImpl (RaftServerImpl.java:setRole(173)) - 0bfc3546-5406-43b9-8d67-9a12bf5503d8@group-5812CD6E2952: changes role from  FOLLOWER to CANDIDATE at term 3 for changeToCandidate
2019-11-15 00:57:59,604 [Thread-1905] INFO  impl.RoleInfo (RoleInfo.java:updateAndGet(143)) - 0bfc3546-5406-43b9-8d67-9a12bf5503d8: start LeaderElection
2019-11-15 00:57:59,619 [0bfc3546-5406-43b9-8d67-9a12bf5503d8@group-5812CD6E2952-LeaderElection61] INFO  impl.LeaderElection (LeaderElection.java:askForVotes(178)) - 0bfc3546-5406-43b9-8d67-9a12bf5503d8@group-5812CD6E2952-LeaderElection61: begin an election at term 4 for 0: [0bfc3546-5406-43b9-8d67-9a12bf5503d8:192.168.164.208:37596, efbac357-ca4e-4ee4-91b4-c654bf02dfcf:192.168.164.208:33848, 8692cc3a-c5e2-4bd5-b878-b8217203f52e:192.168.164.208:45622], old=null
2019-11-15 00:57:59,621 [0bfc3546-5406-43b9-8d67-9a12bf5503d8@group-5812CD6E2952-LeaderElection61] INFO  impl.LeaderElection (LogUtils.java:infoOrTrace(149)) - 0bfc3546-5406-43b9-8d67-9a12bf5503d8@group-5812CD6E2952-LeaderElection61 got exception when requesting votes: {}
java.util.concurrent.ExecutionException: org.apache.ratis.thirdparty.io.grpc.StatusRuntimeException: UNAVAILABLE: io exception
	at java.util.concurrent.FutureTask.report(FutureTask.java:122)
	at java.util.concurrent.FutureTask.get(FutureTask.java:192)
	at org.apache.ratis.server.impl.LeaderElection.waitForResults(LeaderElection.java:259)
	at org.apache.ratis.server.impl.LeaderElection.askForVotes(LeaderElection.java:197)
	at org.apache.ratis.server.impl.LeaderElection.run(LeaderElection.java:133)
	at java.lang.Thread.run(Thread.java:748)
Caused by: org.apache.ratis.thirdparty.io.grpc.StatusRuntimeException: UNAVAILABLE: io exception
	at org.apache.ratis.thirdparty.io.grpc.stub.ClientCalls.toStatusRuntimeException(ClientCalls.java:233)
	at org.apache.ratis.thirdparty.io.grpc.stub.ClientCalls.getUnchecked(ClientCalls.java:214)
	at org.apache.ratis.thirdparty.io.grpc.stub.ClientCalls.blockingUnaryCall(ClientCalls.java:139)
	at org.apache.ratis.proto.grpc.RaftServerProtocolServiceGrpc$RaftServerProtocolServiceBlockingStub.requestVote(RaftServerProtocolServiceGrpc.java:265)
	at org.apache.ratis.grpc.server.GrpcServerProtocolClient.requestVote(GrpcServerProtocolClient.java:99)
	at org.apache.ratis.grpc.server.GrpcService.requestVote(GrpcService.java:204)
	at org.apache.ratis.server.impl.LeaderElection.lambda$submitRequests$1(LeaderElection.java:234)
	at java.util.concurrent.FutureTask.run(FutureTask.java:266)
	at java.util.concurrent.Executors$RunnableAdapter.call(Executors.java:511)
	at java.util.concurrent.FutureTask.run(FutureTask.java:266)
	at java.util.concurrent.ThreadPoolExecutor.runWorker(ThreadPoolExecutor.java:1149)
	at java.util.concurrent.ThreadPoolExecutor$Worker.run(ThreadPoolExecutor.java:624)
	... 1 more
Caused by: org.apache.ratis.thirdparty.io.netty.channel.AbstractChannel$AnnotatedConnectException: Connection refused: /192.168.164.208:33848
	at sun.nio.ch.SocketChannelImpl.checkConnect(Native Method)
	at sun.nio.ch.SocketChannelImpl.finishConnect(SocketChannelImpl.java:717)
	at org.apache.ratis.thirdparty.io.netty.channel.socket.nio.NioSocketChannel.doFinishConnect(NioSocketChannel.java:327)
	at org.apache.ratis.thirdparty.io.netty.channel.nio.AbstractNioChannel$AbstractNioUnsafe.finishConnect(AbstractNioChannel.java:340)
	at org.apache.ratis.thirdparty.io.netty.channel.nio.NioEventLoop.processSelectedKey(NioEventLoop.java:632)
	at org.apache.ratis.thirdparty.io.netty.channel.nio.NioEventLoop.processSelectedKeysOptimized(NioEventLoop.java:579)
	at org.apache.ratis.thirdparty.io.netty.channel.nio.NioEventLoop.processSelectedKeys(NioEventLoop.java:496)
	at org.apache.ratis.thirdparty.io.netty.channel.nio.NioEventLoop.run(NioEventLoop.java:458)
	at org.apache.ratis.thirdparty.io.netty.util.concurrent.SingleThreadEventExecutor$5.run(SingleThreadEventExecutor.java:897)
	at org.apache.ratis.thirdparty.io.netty.util.concurrent.FastThreadLocalRunnable.run(FastThreadLocalRunnable.java:30)
	... 1 more
Caused by: java.net.ConnectException: Connection refused
	... 11 more
2019-11-15 00:57:59,623 [0bfc3546-5406-43b9-8d67-9a12bf5503d8@group-5812CD6E2952-LeaderElection61] INFO  impl.LeaderElection (LogUtils.java:infoOrTrace(149)) - 0bfc3546-5406-43b9-8d67-9a12bf5503d8@group-5812CD6E2952-LeaderElection61 got exception when requesting votes: {}
java.util.concurrent.ExecutionException: org.apache.ratis.thirdparty.io.grpc.StatusRuntimeException: UNAVAILABLE: io exception
	at java.util.concurrent.FutureTask.report(FutureTask.java:122)
	at java.util.concurrent.FutureTask.get(FutureTask.java:192)
	at org.apache.ratis.server.impl.LeaderElection.waitForResults(LeaderElection.java:259)
	at org.apache.ratis.server.impl.LeaderElection.askForVotes(LeaderElection.java:197)
	at org.apache.ratis.server.impl.LeaderElection.run(LeaderElection.java:133)
	at java.lang.Thread.run(Thread.java:748)
Caused by: org.apache.ratis.thirdparty.io.grpc.StatusRuntimeException: UNAVAILABLE: io exception
	at org.apache.ratis.thirdparty.io.grpc.stub.ClientCalls.toStatusRuntimeException(ClientCalls.java:233)
	at org.apache.ratis.thirdparty.io.grpc.stub.ClientCalls.getUnchecked(ClientCalls.java:214)
	at org.apache.ratis.thirdparty.io.grpc.stub.ClientCalls.blockingUnaryCall(ClientCalls.java:139)
	at org.apache.ratis.proto.grpc.RaftServerProtocolServiceGrpc$RaftServerProtocolServiceBlockingStub.requestVote(RaftServerProtocolServiceGrpc.java:265)
	at org.apache.ratis.grpc.server.GrpcServerProtocolClient.requestVote(GrpcServerProtocolClient.java:99)
	at org.apache.ratis.grpc.server.GrpcService.requestVote(GrpcService.java:204)
	at org.apache.ratis.server.impl.LeaderElection.lambda$submitRequests$1(LeaderElection.java:234)
	at java.util.concurrent.FutureTask.run(FutureTask.java:266)
	at java.util.concurrent.Executors$RunnableAdapter.call(Executors.java:511)
	at java.util.concurrent.FutureTask.run(FutureTask.java:266)
	at java.util.concurrent.ThreadPoolExecutor.runWorker(ThreadPoolExecutor.java:1149)
	at java.util.concurrent.ThreadPoolExecutor$Worker.run(ThreadPoolExecutor.java:624)
	... 1 more
Caused by: org.apache.ratis.thirdparty.io.netty.channel.AbstractChannel$AnnotatedConnectException: Connection refused: /192.168.164.208:45622
	at sun.nio.ch.SocketChannelImpl.checkConnect(Native Method)
	at sun.nio.ch.SocketChannelImpl.finishConnect(SocketChannelImpl.java:717)
	at org.apache.ratis.thirdparty.io.netty.channel.socket.nio.NioSocketChannel.doFinishConnect(NioSocketChannel.java:327)
	at org.apache.ratis.thirdparty.io.netty.channel.nio.AbstractNioChannel$AbstractNioUnsafe.finishConnect(AbstractNioChannel.java:340)
	at org.apache.ratis.thirdparty.io.netty.channel.nio.NioEventLoop.processSelectedKey(NioEventLoop.java:632)
	at org.apache.ratis.thirdparty.io.netty.channel.nio.NioEventLoop.processSelectedKeysOptimized(NioEventLoop.java:579)
	at org.apache.ratis.thirdparty.io.netty.channel.nio.NioEventLoop.processSelectedKeys(NioEventLoop.java:496)
	at org.apache.ratis.thirdparty.io.netty.channel.nio.NioEventLoop.run(NioEventLoop.java:458)
	at org.apache.ratis.thirdparty.io.netty.util.concurrent.SingleThreadEventExecutor$5.run(SingleThreadEventExecutor.java:897)
	at org.apache.ratis.thirdparty.io.netty.util.concurrent.FastThreadLocalRunnable.run(FastThreadLocalRunnable.java:30)
	... 1 more
Caused by: java.net.ConnectException: Connection refused
	... 11 more
2019-11-15 00:57:59,625 [0bfc3546-5406-43b9-8d67-9a12bf5503d8@group-5812CD6E2952-LeaderElection61] INFO  impl.LeaderElection (LeaderElection.java:logAndReturn(56)) - 0bfc3546-5406-43b9-8d67-9a12bf5503d8@group-5812CD6E2952-LeaderElection61: Election REJECTED; received 0 response(s) [] and 2 exception(s); 0bfc3546-5406-43b9-8d67-9a12bf5503d8@group-5812CD6E2952:t4, leader=null, voted=0bfc3546-5406-43b9-8d67-9a12bf5503d8, raftlog=0bfc3546-5406-43b9-8d67-9a12bf5503d8@group-5812CD6E2952-SegmentedRaftLog:OPENED:c0,f0,i0, conf=0: [0bfc3546-5406-43b9-8d67-9a12bf5503d8:192.168.164.208:37596, efbac357-ca4e-4ee4-91b4-c654bf02dfcf:192.168.164.208:33848, 8692cc3a-c5e2-4bd5-b878-b8217203f52e:192.168.164.208:45622], old=null
2019-11-15 00:57:59,625 [0bfc3546-5406-43b9-8d67-9a12bf5503d8@group-5812CD6E2952-LeaderElection61] INFO  impl.LeaderElection (LogUtils.java:infoOrTrace(149)) -   Exception 0: {}
java.util.concurrent.ExecutionException: org.apache.ratis.thirdparty.io.grpc.StatusRuntimeException: UNAVAILABLE: io exception
	at java.util.concurrent.FutureTask.report(FutureTask.java:122)
	at java.util.concurrent.FutureTask.get(FutureTask.java:192)
	at org.apache.ratis.server.impl.LeaderElection.waitForResults(LeaderElection.java:259)
	at org.apache.ratis.server.impl.LeaderElection.askForVotes(LeaderElection.java:197)
	at org.apache.ratis.server.impl.LeaderElection.run(LeaderElection.java:133)
	at java.lang.Thread.run(Thread.java:748)
Caused by: org.apache.ratis.thirdparty.io.grpc.StatusRuntimeException: UNAVAILABLE: io exception
	at org.apache.ratis.thirdparty.io.grpc.stub.ClientCalls.toStatusRuntimeException(ClientCalls.java:233)
	at org.apache.ratis.thirdparty.io.grpc.stub.ClientCalls.getUnchecked(ClientCalls.java:214)
	at org.apache.ratis.thirdparty.io.grpc.stub.ClientCalls.blockingUnaryCall(ClientCalls.java:139)
	at org.apache.ratis.proto.grpc.RaftServerProtocolServiceGrpc$RaftServerProtocolServiceBlockingStub.requestVote(RaftServerProtocolServiceGrpc.java:265)
	at org.apache.ratis.grpc.server.GrpcServerProtocolClient.requestVote(GrpcServerProtocolClient.java:99)
	at org.apache.ratis.grpc.server.GrpcService.requestVote(GrpcService.java:204)
	at org.apache.ratis.server.impl.LeaderElection.lambda$submitRequests$1(LeaderElection.java:234)
	at java.util.concurrent.FutureTask.run(FutureTask.java:266)
	at java.util.concurrent.Executors$RunnableAdapter.call(Executors.java:511)
	at java.util.concurrent.FutureTask.run(FutureTask.java:266)
	at java.util.concurrent.ThreadPoolExecutor.runWorker(ThreadPoolExecutor.java:1149)
	at java.util.concurrent.ThreadPoolExecutor$Worker.run(ThreadPoolExecutor.java:624)
	... 1 more
Caused by: org.apache.ratis.thirdparty.io.netty.channel.AbstractChannel$AnnotatedConnectException: Connection refused: /192.168.164.208:33848
	at sun.nio.ch.SocketChannelImpl.checkConnect(Native Method)
	at sun.nio.ch.SocketChannelImpl.finishConnect(SocketChannelImpl.java:717)
	at org.apache.ratis.thirdparty.io.netty.channel.socket.nio.NioSocketChannel.doFinishConnect(NioSocketChannel.java:327)
	at org.apache.ratis.thirdparty.io.netty.channel.nio.AbstractNioChannel$AbstractNioUnsafe.finishConnect(AbstractNioChannel.java:340)
	at org.apache.ratis.thirdparty.io.netty.channel.nio.NioEventLoop.processSelectedKey(NioEventLoop.java:632)
	at org.apache.ratis.thirdparty.io.netty.channel.nio.NioEventLoop.processSelectedKeysOptimized(NioEventLoop.java:579)
	at org.apache.ratis.thirdparty.io.netty.channel.nio.NioEventLoop.processSelectedKeys(NioEventLoop.java:496)
	at org.apache.ratis.thirdparty.io.netty.channel.nio.NioEventLoop.run(NioEventLoop.java:458)
	at org.apache.ratis.thirdparty.io.netty.util.concurrent.SingleThreadEventExecutor$5.run(SingleThreadEventExecutor.java:897)
	at org.apache.ratis.thirdparty.io.netty.util.concurrent.FastThreadLocalRunnable.run(FastThreadLocalRunnable.java:30)
	... 1 more
Caused by: java.net.ConnectException: Connection refused
	... 11 more
2019-11-15 00:57:59,625 [0bfc3546-5406-43b9-8d67-9a12bf5503d8@group-5812CD6E2952-LeaderElection61] INFO  impl.LeaderElection (LogUtils.java:infoOrTrace(149)) -   Exception 1: {}
java.util.concurrent.ExecutionException: org.apache.ratis.thirdparty.io.grpc.StatusRuntimeException: UNAVAILABLE: io exception
	at java.util.concurrent.FutureTask.report(FutureTask.java:122)
	at java.util.concurrent.FutureTask.get(FutureTask.java:192)
	at org.apache.ratis.server.impl.LeaderElection.waitForResults(LeaderElection.java:259)
	at org.apache.ratis.server.impl.LeaderElection.askForVotes(LeaderElection.java:197)
	at org.apache.ratis.server.impl.LeaderElection.run(LeaderElection.java:133)
	at java.lang.Thread.run(Thread.java:748)
Caused by: org.apache.ratis.thirdparty.io.grpc.StatusRuntimeException: UNAVAILABLE: io exception
	at org.apache.ratis.thirdparty.io.grpc.stub.ClientCalls.toStatusRuntimeException(ClientCalls.java:233)
	at org.apache.ratis.thirdparty.io.grpc.stub.ClientCalls.getUnchecked(ClientCalls.java:214)
	at org.apache.ratis.thirdparty.io.grpc.stub.ClientCalls.blockingUnaryCall(ClientCalls.java:139)
	at org.apache.ratis.proto.grpc.RaftServerProtocolServiceGrpc$RaftServerProtocolServiceBlockingStub.requestVote(RaftServerProtocolServiceGrpc.java:265)
	at org.apache.ratis.grpc.server.GrpcServerProtocolClient.requestVote(GrpcServerProtocolClient.java:99)
	at org.apache.ratis.grpc.server.GrpcService.requestVote(GrpcService.java:204)
	at org.apache.ratis.server.impl.LeaderElection.lambda$submitRequests$1(LeaderElection.java:234)
	at java.util.concurrent.FutureTask.run(FutureTask.java:266)
	at java.util.concurrent.Executors$RunnableAdapter.call(Executors.java:511)
	at java.util.concurrent.FutureTask.run(FutureTask.java:266)
	at java.util.concurrent.ThreadPoolExecutor.runWorker(ThreadPoolExecutor.java:1149)
	at java.util.concurrent.ThreadPoolExecutor$Worker.run(ThreadPoolExecutor.java:624)
	... 1 more
Caused by: org.apache.ratis.thirdparty.io.netty.channel.AbstractChannel$AnnotatedConnectException: Connection refused: /192.168.164.208:45622
	at sun.nio.ch.SocketChannelImpl.checkConnect(Native Method)
	at sun.nio.ch.SocketChannelImpl.finishConnect(SocketChannelImpl.java:717)
	at org.apache.ratis.thirdparty.io.netty.channel.socket.nio.NioSocketChannel.doFinishConnect(NioSocketChannel.java:327)
	at org.apache.ratis.thirdparty.io.netty.channel.nio.AbstractNioChannel$AbstractNioUnsafe.finishConnect(AbstractNioChannel.java:340)
	at org.apache.ratis.thirdparty.io.netty.channel.nio.NioEventLoop.processSelectedKey(NioEventLoop.java:632)
	at org.apache.ratis.thirdparty.io.netty.channel.nio.NioEventLoop.processSelectedKeysOptimized(NioEventLoop.java:579)
	at org.apache.ratis.thirdparty.io.netty.channel.nio.NioEventLoop.processSelectedKeys(NioEventLoop.java:496)
	at org.apache.ratis.thirdparty.io.netty.channel.nio.NioEventLoop.run(NioEventLoop.java:458)
	at org.apache.ratis.thirdparty.io.netty.util.concurrent.SingleThreadEventExecutor$5.run(SingleThreadEventExecutor.java:897)
	at org.apache.ratis.thirdparty.io.netty.util.concurrent.FastThreadLocalRunnable.run(FastThreadLocalRunnable.java:30)
	... 1 more
Caused by: java.net.ConnectException: Connection refused
	... 11 more
2019-11-15 00:57:59,626 [0bfc3546-5406-43b9-8d67-9a12bf5503d8@group-5812CD6E2952-LeaderElection61] INFO  impl.RaftServerImpl (RaftServerImpl.java:setRole(173)) - 0bfc3546-5406-43b9-8d67-9a12bf5503d8@group-5812CD6E2952: changes role from CANDIDATE to FOLLOWER at term 4 for DISCOVERED_A_NEW_TERM
2019-11-15 00:57:59,626 [0bfc3546-5406-43b9-8d67-9a12bf5503d8@group-5812CD6E2952-LeaderElection61] INFO  impl.RoleInfo (RoleInfo.java:shutdownLeaderElection(134)) - 0bfc3546-5406-43b9-8d67-9a12bf5503d8: shutdown LeaderElection
2019-11-15 00:57:59,626 [0bfc3546-5406-43b9-8d67-9a12bf5503d8@group-5812CD6E2952-LeaderElection61] INFO  impl.RoleInfo (RoleInfo.java:updateAndGet(143)) - 0bfc3546-5406-43b9-8d67-9a12bf5503d8: start FollowerState
2019-11-15 00:57:59,755 [grpc-default-executor-5] WARN  server.GrpcLogAppender (LogUtils.java:warn(134)) - eccb109f-99d1-4501-bb16-6ecf49b3cdca@group-529DDC391E9C->5fe8490f-f805-406a-80e2-fbda1a66b042-AppendLogResponseHandler: Failed appendEntries: org.apache.ratis.thirdparty.io.grpc.StatusRuntimeException: UNAVAILABLE: io exception
2019-11-15 00:57:59,758 [grpc-default-executor-5] INFO  impl.FollowerInfo (FollowerInfo.java:lambda$new$0(51)) - eccb109f-99d1-4501-bb16-6ecf49b3cdca@group-529DDC391E9C->5fe8490f-f805-406a-80e2-fbda1a66b042: nextIndex: updateUnconditionally 0 -> 0
2019-11-15 00:57:59,774 [grpc-default-executor-0] WARN  server.GrpcLogAppender (LogUtils.java:warn(134)) - eccb109f-99d1-4501-bb16-6ecf49b3cdca@group-529DDC391E9C->c182b01b-afca-4fcd-8295-9462a850df3a-AppendLogResponseHandler: Failed appendEntries: org.apache.ratis.thirdparty.io.grpc.StatusRuntimeException: UNAVAILABLE: io exception
2019-11-15 00:57:59,774 [grpc-default-executor-0] INFO  impl.FollowerInfo (FollowerInfo.java:lambda$new$0(51)) - eccb109f-99d1-4501-bb16-6ecf49b3cdca@group-529DDC391E9C->c182b01b-afca-4fcd-8295-9462a850df3a: nextIndex: updateUnconditionally 0 -> 0
2019-11-15 00:58:00,155 [Thread-1909] INFO  impl.FollowerState (FollowerState.java:run(111)) - e96d2cc9-026c-4220-b0f4-2bd3b4d5a924@group-D08F3DBE2A41-FollowerState: change to CANDIDATE, lastRpcTime:1066ms, electionTimeout:1066ms
2019-11-15 00:58:00,156 [Thread-1909] INFO  impl.RoleInfo (RoleInfo.java:shutdownFollowerState(121)) - e96d2cc9-026c-4220-b0f4-2bd3b4d5a924: shutdown FollowerState
2019-11-15 00:58:00,156 [Thread-1909] INFO  impl.RaftServerImpl (RaftServerImpl.java:setRole(173)) - e96d2cc9-026c-4220-b0f4-2bd3b4d5a924@group-D08F3DBE2A41: changes role from  FOLLOWER to CANDIDATE at term 9 for changeToCandidate
2019-11-15 00:58:00,156 [Thread-1909] INFO  impl.RoleInfo (RoleInfo.java:updateAndGet(143)) - e96d2cc9-026c-4220-b0f4-2bd3b4d5a924: start LeaderElection
2019-11-15 00:58:00,179 [e96d2cc9-026c-4220-b0f4-2bd3b4d5a924@group-D08F3DBE2A41-LeaderElection62] INFO  impl.LeaderElection (LeaderElection.java:askForVotes(178)) - e96d2cc9-026c-4220-b0f4-2bd3b4d5a924@group-D08F3DBE2A41-LeaderElection62: begin an election at term 10 for 0: [9ac24c7e-7e4f-4cef-ab0e-298cb71ae60d:192.168.164.208:37265, 4dfd32cc-2252-49fe-ba51-4380d1c0b0d5:192.168.164.208:44082, e96d2cc9-026c-4220-b0f4-2bd3b4d5a924:192.168.164.208:39163], old=null
2019-11-15 00:58:00,181 [e96d2cc9-026c-4220-b0f4-2bd3b4d5a924@group-D08F3DBE2A41-LeaderElection62] INFO  impl.LeaderElection (LogUtils.java:infoOrTrace(149)) - e96d2cc9-026c-4220-b0f4-2bd3b4d5a924@group-D08F3DBE2A41-LeaderElection62 got exception when requesting votes: {}
java.util.concurrent.ExecutionException: org.apache.ratis.thirdparty.io.grpc.StatusRuntimeException: UNAVAILABLE: io exception
	at java.util.concurrent.FutureTask.report(FutureTask.java:122)
	at java.util.concurrent.FutureTask.get(FutureTask.java:192)
	at org.apache.ratis.server.impl.LeaderElection.waitForResults(LeaderElection.java:259)
	at org.apache.ratis.server.impl.LeaderElection.askForVotes(LeaderElection.java:197)
	at org.apache.ratis.server.impl.LeaderElection.run(LeaderElection.java:133)
	at java.lang.Thread.run(Thread.java:748)
Caused by: org.apache.ratis.thirdparty.io.grpc.StatusRuntimeException: UNAVAILABLE: io exception
	at org.apache.ratis.thirdparty.io.grpc.stub.ClientCalls.toStatusRuntimeException(ClientCalls.java:233)
	at org.apache.ratis.thirdparty.io.grpc.stub.ClientCalls.getUnchecked(ClientCalls.java:214)
	at org.apache.ratis.thirdparty.io.grpc.stub.ClientCalls.blockingUnaryCall(ClientCalls.java:139)
	at org.apache.ratis.proto.grpc.RaftServerProtocolServiceGrpc$RaftServerProtocolServiceBlockingStub.requestVote(RaftServerProtocolServiceGrpc.java:265)
	at org.apache.ratis.grpc.server.GrpcServerProtocolClient.requestVote(GrpcServerProtocolClient.java:99)
	at org.apache.ratis.grpc.server.GrpcService.requestVote(GrpcService.java:204)
	at org.apache.ratis.server.impl.LeaderElection.lambda$submitRequests$1(LeaderElection.java:234)
	at java.util.concurrent.FutureTask.run(FutureTask.java:266)
	at java.util.concurrent.Executors$RunnableAdapter.call(Executors.java:511)
	at java.util.concurrent.FutureTask.run(FutureTask.java:266)
	at java.util.concurrent.ThreadPoolExecutor.runWorker(ThreadPoolExecutor.java:1149)
	at java.util.concurrent.ThreadPoolExecutor$Worker.run(ThreadPoolExecutor.java:624)
	... 1 more
Caused by: org.apache.ratis.thirdparty.io.netty.channel.AbstractChannel$AnnotatedConnectException: Connection refused: /192.168.164.208:44082
	at sun.nio.ch.SocketChannelImpl.checkConnect(Native Method)
	at sun.nio.ch.SocketChannelImpl.finishConnect(SocketChannelImpl.java:717)
	at org.apache.ratis.thirdparty.io.netty.channel.socket.nio.NioSocketChannel.doFinishConnect(NioSocketChannel.java:327)
	at org.apache.ratis.thirdparty.io.netty.channel.nio.AbstractNioChannel$AbstractNioUnsafe.finishConnect(AbstractNioChannel.java:340)
	at org.apache.ratis.thirdparty.io.netty.channel.nio.NioEventLoop.processSelectedKey(NioEventLoop.java:632)
	at org.apache.ratis.thirdparty.io.netty.channel.nio.NioEventLoop.processSelectedKeysOptimized(NioEventLoop.java:579)
	at org.apache.ratis.thirdparty.io.netty.channel.nio.NioEventLoop.processSelectedKeys(NioEventLoop.java:496)
	at org.apache.ratis.thirdparty.io.netty.channel.nio.NioEventLoop.run(NioEventLoop.java:458)
	at org.apache.ratis.thirdparty.io.netty.util.concurrent.SingleThreadEventExecutor$5.run(SingleThreadEventExecutor.java:897)
	at org.apache.ratis.thirdparty.io.netty.util.concurrent.FastThreadLocalRunnable.run(FastThreadLocalRunnable.java:30)
	... 1 more
Caused by: java.net.ConnectException: Connection refused
	... 11 more
2019-11-15 00:58:00,184 [e96d2cc9-026c-4220-b0f4-2bd3b4d5a924@group-D08F3DBE2A41-LeaderElection62] INFO  impl.LeaderElection (LogUtils.java:infoOrTrace(149)) - e96d2cc9-026c-4220-b0f4-2bd3b4d5a924@group-D08F3DBE2A41-LeaderElection62 got exception when requesting votes: {}
java.util.concurrent.ExecutionException: org.apache.ratis.thirdparty.io.grpc.StatusRuntimeException: UNAVAILABLE: io exception
	at java.util.concurrent.FutureTask.report(FutureTask.java:122)
	at java.util.concurrent.FutureTask.get(FutureTask.java:192)
	at org.apache.ratis.server.impl.LeaderElection.waitForResults(LeaderElection.java:259)
	at org.apache.ratis.server.impl.LeaderElection.askForVotes(LeaderElection.java:197)
	at org.apache.ratis.server.impl.LeaderElection.run(LeaderElection.java:133)
	at java.lang.Thread.run(Thread.java:748)
Caused by: org.apache.ratis.thirdparty.io.grpc.StatusRuntimeException: UNAVAILABLE: io exception
	at org.apache.ratis.thirdparty.io.grpc.stub.ClientCalls.toStatusRuntimeException(ClientCalls.java:233)
	at org.apache.ratis.thirdparty.io.grpc.stub.ClientCalls.getUnchecked(ClientCalls.java:214)
	at org.apache.ratis.thirdparty.io.grpc.stub.ClientCalls.blockingUnaryCall(ClientCalls.java:139)
	at org.apache.ratis.proto.grpc.RaftServerProtocolServiceGrpc$RaftServerProtocolServiceBlockingStub.requestVote(RaftServerProtocolServiceGrpc.java:265)
	at org.apache.ratis.grpc.server.GrpcServerProtocolClient.requestVote(GrpcServerProtocolClient.java:99)
	at org.apache.ratis.grpc.server.GrpcService.requestVote(GrpcService.java:204)
	at org.apache.ratis.server.impl.LeaderElection.lambda$submitRequests$1(LeaderElection.java:234)
	at java.util.concurrent.FutureTask.run(FutureTask.java:266)
	at java.util.concurrent.Executors$RunnableAdapter.call(Executors.java:511)
	at java.util.concurrent.FutureTask.run(FutureTask.java:266)
	at java.util.concurrent.ThreadPoolExecutor.runWorker(ThreadPoolExecutor.java:1149)
	at java.util.concurrent.ThreadPoolExecutor$Worker.run(ThreadPoolExecutor.java:624)
	... 1 more
Caused by: org.apache.ratis.thirdparty.io.netty.channel.AbstractChannel$AnnotatedConnectException: Connection refused: /192.168.164.208:37265
	at sun.nio.ch.SocketChannelImpl.checkConnect(Native Method)
	at sun.nio.ch.SocketChannelImpl.finishConnect(SocketChannelImpl.java:717)
	at org.apache.ratis.thirdparty.io.netty.channel.socket.nio.NioSocketChannel.doFinishConnect(NioSocketChannel.java:327)
	at org.apache.ratis.thirdparty.io.netty.channel.nio.AbstractNioChannel$AbstractNioUnsafe.finishConnect(AbstractNioChannel.java:340)
	at org.apache.ratis.thirdparty.io.netty.channel.nio.NioEventLoop.processSelectedKey(NioEventLoop.java:632)
	at org.apache.ratis.thirdparty.io.netty.channel.nio.NioEventLoop.processSelectedKeysOptimized(NioEventLoop.java:579)
	at org.apache.ratis.thirdparty.io.netty.channel.nio.NioEventLoop.processSelectedKeys(NioEventLoop.java:496)
	at org.apache.ratis.thirdparty.io.netty.channel.nio.NioEventLoop.run(NioEventLoop.java:458)
	at org.apache.ratis.thirdparty.io.netty.util.concurrent.SingleThreadEventExecutor$5.run(SingleThreadEventExecutor.java:897)
	at org.apache.ratis.thirdparty.io.netty.util.concurrent.FastThreadLocalRunnable.run(FastThreadLocalRunnable.java:30)
	... 1 more
Caused by: java.net.ConnectException: Connection refused
	... 11 more
2019-11-15 00:58:00,186 [e96d2cc9-026c-4220-b0f4-2bd3b4d5a924@group-D08F3DBE2A41-LeaderElection62] INFO  impl.LeaderElection (LeaderElection.java:logAndReturn(56)) - e96d2cc9-026c-4220-b0f4-2bd3b4d5a924@group-D08F3DBE2A41-LeaderElection62: Election REJECTED; received 0 response(s) [] and 2 exception(s); e96d2cc9-026c-4220-b0f4-2bd3b4d5a924@group-D08F3DBE2A41:t10, leader=null, voted=e96d2cc9-026c-4220-b0f4-2bd3b4d5a924, raftlog=e96d2cc9-026c-4220-b0f4-2bd3b4d5a924@group-D08F3DBE2A41-SegmentedRaftLog:OPENED:c0,f0,i0, conf=0: [9ac24c7e-7e4f-4cef-ab0e-298cb71ae60d:192.168.164.208:37265, 4dfd32cc-2252-49fe-ba51-4380d1c0b0d5:192.168.164.208:44082, e96d2cc9-026c-4220-b0f4-2bd3b4d5a924:192.168.164.208:39163], old=null
2019-11-15 00:58:00,186 [e96d2cc9-026c-4220-b0f4-2bd3b4d5a924@group-D08F3DBE2A41-LeaderElection62] INFO  impl.LeaderElection (LogUtils.java:infoOrTrace(149)) -   Exception 0: {}
java.util.concurrent.ExecutionException: org.apache.ratis.thirdparty.io.grpc.StatusRuntimeException: UNAVAILABLE: io exception
	at java.util.concurrent.FutureTask.report(FutureTask.java:122)
	at java.util.concurrent.FutureTask.get(FutureTask.java:192)
	at org.apache.ratis.server.impl.LeaderElection.waitForResults(LeaderElection.java:259)
	at org.apache.ratis.server.impl.LeaderElection.askForVotes(LeaderElection.java:197)
	at org.apache.ratis.server.impl.LeaderElection.run(LeaderElection.java:133)
	at java.lang.Thread.run(Thread.java:748)
Caused by: org.apache.ratis.thirdparty.io.grpc.StatusRuntimeException: UNAVAILABLE: io exception
	at org.apache.ratis.thirdparty.io.grpc.stub.ClientCalls.toStatusRuntimeException(ClientCalls.java:233)
	at org.apache.ratis.thirdparty.io.grpc.stub.ClientCalls.getUnchecked(ClientCalls.java:214)
	at org.apache.ratis.thirdparty.io.grpc.stub.ClientCalls.blockingUnaryCall(ClientCalls.java:139)
	at org.apache.ratis.proto.grpc.RaftServerProtocolServiceGrpc$RaftServerProtocolServiceBlockingStub.requestVote(RaftServerProtocolServiceGrpc.java:265)
	at org.apache.ratis.grpc.server.GrpcServerProtocolClient.requestVote(GrpcServerProtocolClient.java:99)
	at org.apache.ratis.grpc.server.GrpcService.requestVote(GrpcService.java:204)
	at org.apache.ratis.server.impl.LeaderElection.lambda$submitRequests$1(LeaderElection.java:234)
	at java.util.concurrent.FutureTask.run(FutureTask.java:266)
	at java.util.concurrent.Executors$RunnableAdapter.call(Executors.java:511)
	at java.util.concurrent.FutureTask.run(FutureTask.java:266)
	at java.util.concurrent.ThreadPoolExecutor.runWorker(ThreadPoolExecutor.java:1149)
	at java.util.concurrent.ThreadPoolExecutor$Worker.run(ThreadPoolExecutor.java:624)
	... 1 more
Caused by: org.apache.ratis.thirdparty.io.netty.channel.AbstractChannel$AnnotatedConnectException: Connection refused: /192.168.164.208:44082
	at sun.nio.ch.SocketChannelImpl.checkConnect(Native Method)
	at sun.nio.ch.SocketChannelImpl.finishConnect(SocketChannelImpl.java:717)
	at org.apache.ratis.thirdparty.io.netty.channel.socket.nio.NioSocketChannel.doFinishConnect(NioSocketChannel.java:327)
	at org.apache.ratis.thirdparty.io.netty.channel.nio.AbstractNioChannel$AbstractNioUnsafe.finishConnect(AbstractNioChannel.java:340)
	at org.apache.ratis.thirdparty.io.netty.channel.nio.NioEventLoop.processSelectedKey(NioEventLoop.java:632)
	at org.apache.ratis.thirdparty.io.netty.channel.nio.NioEventLoop.processSelectedKeysOptimized(NioEventLoop.java:579)
	at org.apache.ratis.thirdparty.io.netty.channel.nio.NioEventLoop.processSelectedKeys(NioEventLoop.java:496)
	at org.apache.ratis.thirdparty.io.netty.channel.nio.NioEventLoop.run(NioEventLoop.java:458)
	at org.apache.ratis.thirdparty.io.netty.util.concurrent.SingleThreadEventExecutor$5.run(SingleThreadEventExecutor.java:897)
	at org.apache.ratis.thirdparty.io.netty.util.concurrent.FastThreadLocalRunnable.run(FastThreadLocalRunnable.java:30)
	... 1 more
Caused by: java.net.ConnectException: Connection refused
	... 11 more
2019-11-15 00:58:00,186 [e96d2cc9-026c-4220-b0f4-2bd3b4d5a924@group-D08F3DBE2A41-LeaderElection62] INFO  impl.LeaderElection (LogUtils.java:infoOrTrace(149)) -   Exception 1: {}
java.util.concurrent.ExecutionException: org.apache.ratis.thirdparty.io.grpc.StatusRuntimeException: UNAVAILABLE: io exception
	at java.util.concurrent.FutureTask.report(FutureTask.java:122)
	at java.util.concurrent.FutureTask.get(FutureTask.java:192)
	at org.apache.ratis.server.impl.LeaderElection.waitForResults(LeaderElection.java:259)
	at org.apache.ratis.server.impl.LeaderElection.askForVotes(LeaderElection.java:197)
	at org.apache.ratis.server.impl.LeaderElection.run(LeaderElection.java:133)
	at java.lang.Thread.run(Thread.java:748)
Caused by: org.apache.ratis.thirdparty.io.grpc.StatusRuntimeException: UNAVAILABLE: io exception
	at org.apache.ratis.thirdparty.io.grpc.stub.ClientCalls.toStatusRuntimeException(ClientCalls.java:233)
	at org.apache.ratis.thirdparty.io.grpc.stub.ClientCalls.getUnchecked(ClientCalls.java:214)
	at org.apache.ratis.thirdparty.io.grpc.stub.ClientCalls.blockingUnaryCall(ClientCalls.java:139)
	at org.apache.ratis.proto.grpc.RaftServerProtocolServiceGrpc$RaftServerProtocolServiceBlockingStub.requestVote(RaftServerProtocolServiceGrpc.java:265)
	at org.apache.ratis.grpc.server.GrpcServerProtocolClient.requestVote(GrpcServerProtocolClient.java:99)
	at org.apache.ratis.grpc.server.GrpcService.requestVote(GrpcService.java:204)
	at org.apache.ratis.server.impl.LeaderElection.lambda$submitRequests$1(LeaderElection.java:234)
	at java.util.concurrent.FutureTask.run(FutureTask.java:266)
	at java.util.concurrent.Executors$RunnableAdapter.call(Executors.java:511)
	at java.util.concurrent.FutureTask.run(FutureTask.java:266)
	at java.util.concurrent.ThreadPoolExecutor.runWorker(ThreadPoolExecutor.java:1149)
	at java.util.concurrent.ThreadPoolExecutor$Worker.run(ThreadPoolExecutor.java:624)
	... 1 more
Caused by: org.apache.ratis.thirdparty.io.netty.channel.AbstractChannel$AnnotatedConnectException: Connection refused: /192.168.164.208:37265
	at sun.nio.ch.SocketChannelImpl.checkConnect(Native Method)
	at sun.nio.ch.SocketChannelImpl.finishConnect(SocketChannelImpl.java:717)
	at org.apache.ratis.thirdparty.io.netty.channel.socket.nio.NioSocketChannel.doFinishConnect(NioSocketChannel.java:327)
	at org.apache.ratis.thirdparty.io.netty.channel.nio.AbstractNioChannel$AbstractNioUnsafe.finishConnect(AbstractNioChannel.java:340)
	at org.apache.ratis.thirdparty.io.netty.channel.nio.NioEventLoop.processSelectedKey(NioEventLoop.java:632)
	at org.apache.ratis.thirdparty.io.netty.channel.nio.NioEventLoop.processSelectedKeysOptimized(NioEventLoop.java:579)
	at org.apache.ratis.thirdparty.io.netty.channel.nio.NioEventLoop.processSelectedKeys(NioEventLoop.java:496)
	at org.apache.ratis.thirdparty.io.netty.channel.nio.NioEventLoop.run(NioEventLoop.java:458)
	at org.apache.ratis.thirdparty.io.netty.util.concurrent.SingleThreadEventExecutor$5.run(SingleThreadEventExecutor.java:897)
	at org.apache.ratis.thirdparty.io.netty.util.concurrent.FastThreadLocalRunnable.run(FastThreadLocalRunnable.java:30)
	... 1 more
Caused by: java.net.ConnectException: Connection refused
	... 11 more
2019-11-15 00:58:00,187 [e96d2cc9-026c-4220-b0f4-2bd3b4d5a924@group-D08F3DBE2A41-LeaderElection62] INFO  impl.RaftServerImpl (RaftServerImpl.java:setRole(173)) - e96d2cc9-026c-4220-b0f4-2bd3b4d5a924@group-D08F3DBE2A41: changes role from CANDIDATE to FOLLOWER at term 10 for DISCOVERED_A_NEW_TERM
2019-11-15 00:58:00,187 [e96d2cc9-026c-4220-b0f4-2bd3b4d5a924@group-D08F3DBE2A41-LeaderElection62] INFO  impl.RoleInfo (RoleInfo.java:shutdownLeaderElection(134)) - e96d2cc9-026c-4220-b0f4-2bd3b4d5a924: shutdown LeaderElection
2019-11-15 00:58:00,187 [e96d2cc9-026c-4220-b0f4-2bd3b4d5a924@group-D08F3DBE2A41-LeaderElection62] INFO  impl.RoleInfo (RoleInfo.java:updateAndGet(143)) - e96d2cc9-026c-4220-b0f4-2bd3b4d5a924: start FollowerState
2019-11-15 00:58:00,260 [grpc-default-executor-0] WARN  server.GrpcLogAppender (LogUtils.java:warn(134)) - eccb109f-99d1-4501-bb16-6ecf49b3cdca@group-529DDC391E9C->5fe8490f-f805-406a-80e2-fbda1a66b042-AppendLogResponseHandler: Failed appendEntries: org.apache.ratis.thirdparty.io.grpc.StatusRuntimeException: UNAVAILABLE: io exception
2019-11-15 00:58:00,264 [grpc-default-executor-0] INFO  impl.FollowerInfo (FollowerInfo.java:lambda$new$0(51)) - eccb109f-99d1-4501-bb16-6ecf49b3cdca@group-529DDC391E9C->5fe8490f-f805-406a-80e2-fbda1a66b042: nextIndex: updateUnconditionally 0 -> 0
2019-11-15 00:58:00,274 [grpc-default-executor-2] WARN  server.GrpcLogAppender (LogUtils.java:warn(134)) - eccb109f-99d1-4501-bb16-6ecf49b3cdca@group-529DDC391E9C->c182b01b-afca-4fcd-8295-9462a850df3a-AppendLogResponseHandler: Failed appendEntries: org.apache.ratis.thirdparty.io.grpc.StatusRuntimeException: UNAVAILABLE: io exception
2019-11-15 00:58:00,274 [grpc-default-executor-2] INFO  impl.FollowerInfo (FollowerInfo.java:lambda$new$0(51)) - eccb109f-99d1-4501-bb16-6ecf49b3cdca@group-529DDC391E9C->c182b01b-afca-4fcd-8295-9462a850df3a: nextIndex: updateUnconditionally 0 -> 0
2019-11-15 00:58:00,502 [main] INFO  ozoneimpl.OzoneContainer (OzoneContainer.java:stop(244)) - Attempting to stop container services.
2019-11-15 00:58:00,502 [ForkJoinPool.commonPool-worker-1] INFO  ozoneimpl.OzoneContainer (OzoneContainer.java:stop(244)) - Attempting to stop container services.
2019-11-15 00:58:00,503 [main] INFO  impl.RaftServerProxy (RaftServerProxy.java:lambda$close$4(314)) - 0bfc3546-5406-43b9-8d67-9a12bf5503d8: close
2019-11-15 00:58:00,503 [ForkJoinPool.commonPool-worker-1] INFO  impl.RaftServerProxy (RaftServerProxy.java:lambda$close$4(314)) - eccb109f-99d1-4501-bb16-6ecf49b3cdca: close
2019-11-15 00:58:00,503 [main] INFO  impl.RaftServerImpl (RaftServerImpl.java:lambda$shutdown$3(250)) - 0bfc3546-5406-43b9-8d67-9a12bf5503d8@group-5812CD6E2952: shutdown
2019-11-15 00:58:00,503 [ForkJoinPool.commonPool-worker-1] INFO  impl.RaftServerImpl (RaftServerImpl.java:lambda$shutdown$3(250)) - eccb109f-99d1-4501-bb16-6ecf49b3cdca@group-F658B4985483: shutdown
2019-11-15 00:58:00,503 [main] INFO  util.JmxRegister (JmxRegister.java:unregister(73)) - Successfully un-registered JMX Bean with object name Ratis:service=RaftServer,group=group-5812CD6E2952,id=0bfc3546-5406-43b9-8d67-9a12bf5503d8
2019-11-15 00:58:00,504 [ForkJoinPool.commonPool-worker-1] INFO  util.JmxRegister (JmxRegister.java:unregister(73)) - Successfully un-registered JMX Bean with object name Ratis:service=RaftServer,group=group-F658B4985483,id=eccb109f-99d1-4501-bb16-6ecf49b3cdca
2019-11-15 00:58:00,504 [main] INFO  impl.RoleInfo (RoleInfo.java:shutdownFollowerState(121)) - 0bfc3546-5406-43b9-8d67-9a12bf5503d8: shutdown FollowerState
2019-11-15 00:58:00,504 [ForkJoinPool.commonPool-worker-1] INFO  impl.RoleInfo (RoleInfo.java:shutdownLeaderState(104)) - eccb109f-99d1-4501-bb16-6ecf49b3cdca: shutdown LeaderState
2019-11-15 00:58:00,504 [main] INFO  impl.StateMachineUpdater (StateMachineUpdater.java:stopAndJoin(136)) - 0bfc3546-5406-43b9-8d67-9a12bf5503d8@group-5812CD6E2952-StateMachineUpdater: set stopIndex = 0
2019-11-15 00:58:00,504 [ForkJoinPool.commonPool-worker-1] INFO  impl.PendingRequests (PendingRequests.java:sendNotLeaderResponses(206)) - eccb109f-99d1-4501-bb16-6ecf49b3cdca@group-F658B4985483-PendingRequests: sendNotLeaderResponses
2019-11-15 00:58:00,504 [Thread-1913] INFO  impl.FollowerState (FollowerState.java:run(120)) - 0bfc3546-5406-43b9-8d67-9a12bf5503d8@group-5812CD6E2952-FollowerState was interrupted: java.lang.InterruptedException: sleep interrupted
2019-11-15 00:58:00,505 [main] INFO  impl.RaftServerImpl (ServerState.java:close(387)) - 0bfc3546-5406-43b9-8d67-9a12bf5503d8@group-5812CD6E2952: closes. applyIndex: 0
2019-11-15 00:58:00,505 [ForkJoinPool.commonPool-worker-1] INFO  impl.StateMachineUpdater (StateMachineUpdater.java:stopAndJoin(136)) - eccb109f-99d1-4501-bb16-6ecf49b3cdca@group-F658B4985483-StateMachineUpdater: set stopIndex = 0
2019-11-15 00:58:00,506 [0bfc3546-5406-43b9-8d67-9a12bf5503d8@group-5812CD6E2952-SegmentedRaftLogWorker] INFO  segmented.SegmentedRaftLogWorker (SegmentedRaftLogWorker.java:run(316)) - 0bfc3546-5406-43b9-8d67-9a12bf5503d8@group-5812CD6E2952-SegmentedRaftLogWorker was interrupted, exiting. There are 0 tasks remaining in the queue.
2019-11-15 00:58:00,506 [ForkJoinPool.commonPool-worker-1] INFO  impl.RaftServerImpl (ServerState.java:close(387)) - eccb109f-99d1-4501-bb16-6ecf49b3cdca@group-F658B4985483: closes. applyIndex: 0
2019-11-15 00:58:00,508 [main] INFO  segmented.SegmentedRaftLogWorker (SegmentedRaftLogWorker.java:close(224)) - 0bfc3546-5406-43b9-8d67-9a12bf5503d8@group-5812CD6E2952-SegmentedRaftLogWorker close()
2019-11-15 00:58:00,508 [eccb109f-99d1-4501-bb16-6ecf49b3cdca@group-F658B4985483-SegmentedRaftLogWorker] INFO  segmented.SegmentedRaftLogWorker (SegmentedRaftLogWorker.java:run(316)) - eccb109f-99d1-4501-bb16-6ecf49b3cdca@group-F658B4985483-SegmentedRaftLogWorker was interrupted, exiting. There are 0 tasks remaining in the queue.
2019-11-15 00:58:00,510 [main] INFO  impl.RaftServerImpl (RaftServerImpl.java:lambda$shutdown$3(250)) - 0bfc3546-5406-43b9-8d67-9a12bf5503d8@group-7EAD115034F9: shutdown
2019-11-15 00:58:00,512 [main] INFO  util.JmxRegister (JmxRegister.java:unregister(73)) - Successfully un-registered JMX Bean with object name Ratis:service=RaftServer,group=group-7EAD115034F9,id=0bfc3546-5406-43b9-8d67-9a12bf5503d8
2019-11-15 00:58:00,512 [ForkJoinPool.commonPool-worker-1] INFO  segmented.SegmentedRaftLogWorker (SegmentedRaftLogWorker.java:close(224)) - eccb109f-99d1-4501-bb16-6ecf49b3cdca@group-F658B4985483-SegmentedRaftLogWorker close()
2019-11-15 00:58:00,512 [main] INFO  impl.RoleInfo (RoleInfo.java:shutdownLeaderState(104)) - 0bfc3546-5406-43b9-8d67-9a12bf5503d8: shutdown LeaderState
2019-11-15 00:58:00,514 [ForkJoinPool.commonPool-worker-1] INFO  impl.RaftServerImpl (RaftServerImpl.java:lambda$shutdown$3(250)) - eccb109f-99d1-4501-bb16-6ecf49b3cdca@group-529DDC391E9C: shutdown
2019-11-15 00:58:00,514 [main] INFO  impl.PendingRequests (PendingRequests.java:sendNotLeaderResponses(206)) - 0bfc3546-5406-43b9-8d67-9a12bf5503d8@group-7EAD115034F9-PendingRequests: sendNotLeaderResponses
2019-11-15 00:58:00,515 [ForkJoinPool.commonPool-worker-1] INFO  util.JmxRegister (JmxRegister.java:unregister(73)) - Successfully un-registered JMX Bean with object name Ratis:service=RaftServer,group=group-529DDC391E9C,id=eccb109f-99d1-4501-bb16-6ecf49b3cdca
2019-11-15 00:58:00,515 [main] INFO  impl.StateMachineUpdater (StateMachineUpdater.java:stopAndJoin(136)) - 0bfc3546-5406-43b9-8d67-9a12bf5503d8@group-7EAD115034F9-StateMachineUpdater: set stopIndex = 0
2019-11-15 00:58:00,515 [ForkJoinPool.commonPool-worker-1] INFO  impl.RoleInfo (RoleInfo.java:shutdownLeaderState(104)) - eccb109f-99d1-4501-bb16-6ecf49b3cdca: shutdown LeaderState
2019-11-15 00:58:00,516 [main] INFO  impl.RaftServerImpl (ServerState.java:close(387)) - 0bfc3546-5406-43b9-8d67-9a12bf5503d8@group-7EAD115034F9: closes. applyIndex: 0
2019-11-15 00:58:00,516 [org.apache.ratis.server.impl.LogAppender$AppenderDaemon$$Lambda$466/1042245461@2abfa729] WARN  server.GrpcLogAppender (GrpcLogAppender.java:mayWait(151)) - eccb109f-99d1-4501-bb16-6ecf49b3cdca@group-529DDC391E9C->c182b01b-afca-4fcd-8295-9462a850df3a-GrpcLogAppender: Wait interrupted by java.lang.InterruptedException
2019-11-15 00:58:00,516 [org.apache.ratis.server.impl.LogAppender$AppenderDaemon$$Lambda$466/1042245461@6fbd3c1a] WARN  server.GrpcLogAppender (GrpcLogAppender.java:mayWait(151)) - eccb109f-99d1-4501-bb16-6ecf49b3cdca@group-529DDC391E9C->5fe8490f-f805-406a-80e2-fbda1a66b042-GrpcLogAppender: Wait interrupted by java.lang.InterruptedException
2019-11-15 00:58:00,516 [ForkJoinPool.commonPool-worker-1] INFO  impl.PendingRequests (PendingRequests.java:sendNotLeaderResponses(206)) - eccb109f-99d1-4501-bb16-6ecf49b3cdca@group-529DDC391E9C-PendingRequests: sendNotLeaderResponses
2019-11-15 00:58:00,516 [0bfc3546-5406-43b9-8d67-9a12bf5503d8@group-7EAD115034F9-SegmentedRaftLogWorker] INFO  segmented.SegmentedRaftLogWorker (SegmentedRaftLogWorker.java:run(316)) - 0bfc3546-5406-43b9-8d67-9a12bf5503d8@group-7EAD115034F9-SegmentedRaftLogWorker was interrupted, exiting. There are 0 tasks remaining in the queue.
2019-11-15 00:58:00,517 [ForkJoinPool.commonPool-worker-1] INFO  impl.StateMachineUpdater (StateMachineUpdater.java:stopAndJoin(136)) - eccb109f-99d1-4501-bb16-6ecf49b3cdca@group-529DDC391E9C-StateMachineUpdater: set stopIndex = 0
2019-11-15 00:58:00,518 [main] INFO  segmented.SegmentedRaftLogWorker (SegmentedRaftLogWorker.java:close(224)) - 0bfc3546-5406-43b9-8d67-9a12bf5503d8@group-7EAD115034F9-SegmentedRaftLogWorker close()
2019-11-15 00:58:00,520 [main] INFO  server.GrpcService (GrpcService.java:closeImpl(164)) - 0bfc3546-5406-43b9-8d67-9a12bf5503d8: shutdown server with port 37596 now
2019-11-15 00:58:00,520 [ForkJoinPool.commonPool-worker-1] INFO  impl.RaftServerImpl (ServerState.java:close(387)) - eccb109f-99d1-4501-bb16-6ecf49b3cdca@group-529DDC391E9C: closes. applyIndex: 0
2019-11-15 00:58:00,521 [main] INFO  server.GrpcService (GrpcService.java:closeImpl(172)) - 0bfc3546-5406-43b9-8d67-9a12bf5503d8: shutdown server with port 37596 successfully
2019-11-15 00:58:00,521 [eccb109f-99d1-4501-bb16-6ecf49b3cdca@group-529DDC391E9C-SegmentedRaftLogWorker] INFO  segmented.SegmentedRaftLogWorker (SegmentedRaftLogWorker.java:run(316)) - eccb109f-99d1-4501-bb16-6ecf49b3cdca@group-529DDC391E9C-SegmentedRaftLogWorker was interrupted, exiting. There are 0 tasks remaining in the queue.
2019-11-15 00:58:00,523 [ForkJoinPool.commonPool-worker-1] INFO  segmented.SegmentedRaftLogWorker (SegmentedRaftLogWorker.java:close(224)) - eccb109f-99d1-4501-bb16-6ecf49b3cdca@group-529DDC391E9C-SegmentedRaftLogWorker close()
2019-11-15 00:58:00,525 [ForkJoinPool.commonPool-worker-1] INFO  server.GrpcService (GrpcService.java:closeImpl(164)) - eccb109f-99d1-4501-bb16-6ecf49b3cdca: shutdown server with port 44076 now
2019-11-15 00:58:00,525 [ForkJoinPool.commonPool-worker-1] INFO  server.GrpcService (GrpcService.java:closeImpl(172)) - eccb109f-99d1-4501-bb16-6ecf49b3cdca: shutdown server with port 44076 successfully
2019-11-15 00:58:00,528 [refreshUsed-/workdir/hadoop-ozone/integration-test/target/test-dir/MiniOzoneClusterImpl-8fc52630-20fd-4955-97d1-2a2852f9ee58/datanode-9/data/containers] WARN  fs.CachingGetSpaceUsed (CachingGetSpaceUsed.java:run(183)) - Thread Interrupted waiting to refresh disk information: sleep interrupted
2019-11-15 00:58:00,529 [refreshUsed-/workdir/hadoop-ozone/integration-test/target/test-dir/MiniOzoneClusterImpl-8fc52630-20fd-4955-97d1-2a2852f9ee58/datanode-0/data/containers] WARN  fs.CachingGetSpaceUsed (CachingGetSpaceUsed.java:run(183)) - Thread Interrupted waiting to refresh disk information: sleep interrupted
2019-11-15 00:58:00,548 [main] INFO  utils.BackgroundService (BackgroundService.java:shutdown(151)) - Shutting down service BlockDeletingService
2019-11-15 00:58:00,551 [main] INFO  statemachine.DatanodeStateMachine (DatanodeStateMachine.java:stopDaemon(400)) - Ozone container server stopped.
2019-11-15 00:58:00,552 [ForkJoinPool.commonPool-worker-1] INFO  utils.BackgroundService (BackgroundService.java:shutdown(151)) - Shutting down service BlockDeletingService
2019-11-15 00:58:00,553 [main] INFO  handler.ContextHandler (ContextHandler.java:doStop(910)) - Stopped o.e.j.w.WebAppContext@2fd72332{/,null,UNAVAILABLE}{/hddsDatanode}
2019-11-15 00:58:00,554 [ForkJoinPool.commonPool-worker-1] INFO  statemachine.DatanodeStateMachine (DatanodeStateMachine.java:stopDaemon(400)) - Ozone container server stopped.
2019-11-15 00:58:00,556 [main] INFO  server.AbstractConnector (AbstractConnector.java:doStop(318)) - Stopped ServerConnector@51f18e31{HTTP/1.1,[http/1.1]}{0.0.0.0:0}
2019-11-15 00:58:00,557 [ForkJoinPool.commonPool-worker-1] INFO  handler.ContextHandler (ContextHandler.java:doStop(910)) - Stopped o.e.j.w.WebAppContext@7ddd84b5{/,null,UNAVAILABLE}{/hddsDatanode}
2019-11-15 00:58:00,557 [main] INFO  handler.ContextHandler (ContextHandler.java:doStop(910)) - Stopped o.e.j.s.ServletContextHandler@29f38091{/static,jar:file:/home/user/.m2/repository/org/apache/hadoop/hadoop-hdds-container-service/0.5.0-SNAPSHOT/hadoop-hdds-container-service-0.5.0-SNAPSHOT.jar!/webapps/static,UNAVAILABLE}
2019-11-15 00:58:00,557 [main] INFO  handler.ContextHandler (ContextHandler.java:doStop(910)) - Stopped o.e.j.s.ServletContextHandler@21c747a{/logs,file:///workdir/hadoop-ozone/integration-test/target/log,UNAVAILABLE}
2019-11-15 00:58:00,557 [ForkJoinPool.commonPool-worker-1] INFO  server.AbstractConnector (AbstractConnector.java:doStop(318)) - Stopped ServerConnector@73aeef7d{HTTP/1.1,[http/1.1]}{0.0.0.0:0}
2019-11-15 00:58:00,558 [ForkJoinPool.commonPool-worker-1] INFO  handler.ContextHandler (ContextHandler.java:doStop(910)) - Stopped o.e.j.s.ServletContextHandler@9301672{/static,jar:file:/home/user/.m2/repository/org/apache/hadoop/hadoop-hdds-container-service/0.5.0-SNAPSHOT/hadoop-hdds-container-service-0.5.0-SNAPSHOT.jar!/webapps/static,UNAVAILABLE}
2019-11-15 00:58:00,558 [ForkJoinPool.commonPool-worker-1] INFO  handler.ContextHandler (ContextHandler.java:doStop(910)) - Stopped o.e.j.s.ServletContextHandler@2bfaba70{/logs,file:///workdir/hadoop-ozone/integration-test/target/log,UNAVAILABLE}
2019-11-15 00:58:01,041 [Datanode State Machine Thread - 0] INFO  statemachine.DatanodeStateMachine (DatanodeStateMachine.java:lambda$startDaemon$0(355)) - Ozone container server started.
2019-11-15 00:58:01,045 [Datanode State Machine Thread - 0] INFO  statemachine.DatanodeStateMachine (DatanodeStateMachine.java:lambda$startDaemon$0(355)) - Ozone container server started.
2019-11-15 00:58:01,243 [Thread-1917] INFO  impl.FollowerState (FollowerState.java:run(111)) - e96d2cc9-026c-4220-b0f4-2bd3b4d5a924@group-D08F3DBE2A41-FollowerState: change to CANDIDATE, lastRpcTime:1056ms, electionTimeout:1056ms
2019-11-15 00:58:01,244 [Thread-1917] INFO  impl.RoleInfo (RoleInfo.java:shutdownFollowerState(121)) - e96d2cc9-026c-4220-b0f4-2bd3b4d5a924: shutdown FollowerState
2019-11-15 00:58:01,244 [Thread-1917] INFO  impl.RaftServerImpl (RaftServerImpl.java:setRole(173)) - e96d2cc9-026c-4220-b0f4-2bd3b4d5a924@group-D08F3DBE2A41: changes role from  FOLLOWER to CANDIDATE at term 10 for changeToCandidate
2019-11-15 00:58:01,244 [Thread-1917] INFO  impl.RoleInfo (RoleInfo.java:updateAndGet(143)) - e96d2cc9-026c-4220-b0f4-2bd3b4d5a924: start LeaderElection
2019-11-15 00:58:01,259 [e96d2cc9-026c-4220-b0f4-2bd3b4d5a924@group-D08F3DBE2A41-LeaderElection63] INFO  impl.LeaderElection (LeaderElection.java:askForVotes(178)) - e96d2cc9-026c-4220-b0f4-2bd3b4d5a924@group-D08F3DBE2A41-LeaderElection63: begin an election at term 11 for 0: [9ac24c7e-7e4f-4cef-ab0e-298cb71ae60d:192.168.164.208:37265, 4dfd32cc-2252-49fe-ba51-4380d1c0b0d5:192.168.164.208:44082, e96d2cc9-026c-4220-b0f4-2bd3b4d5a924:192.168.164.208:39163], old=null
2019-11-15 00:58:01,260 [e96d2cc9-026c-4220-b0f4-2bd3b4d5a924@group-D08F3DBE2A41-LeaderElection63] INFO  impl.LeaderElection (LogUtils.java:infoOrTrace(149)) - e96d2cc9-026c-4220-b0f4-2bd3b4d5a924@group-D08F3DBE2A41-LeaderElection63 got exception when requesting votes: {}
java.util.concurrent.ExecutionException: org.apache.ratis.thirdparty.io.grpc.StatusRuntimeException: UNAVAILABLE: io exception
	at java.util.concurrent.FutureTask.report(FutureTask.java:122)
	at java.util.concurrent.FutureTask.get(FutureTask.java:192)
	at org.apache.ratis.server.impl.LeaderElection.waitForResults(LeaderElection.java:259)
	at org.apache.ratis.server.impl.LeaderElection.askForVotes(LeaderElection.java:197)
	at org.apache.ratis.server.impl.LeaderElection.run(LeaderElection.java:133)
	at java.lang.Thread.run(Thread.java:748)
Caused by: org.apache.ratis.thirdparty.io.grpc.StatusRuntimeException: UNAVAILABLE: io exception
	at org.apache.ratis.thirdparty.io.grpc.stub.ClientCalls.toStatusRuntimeException(ClientCalls.java:233)
	at org.apache.ratis.thirdparty.io.grpc.stub.ClientCalls.getUnchecked(ClientCalls.java:214)
	at org.apache.ratis.thirdparty.io.grpc.stub.ClientCalls.blockingUnaryCall(ClientCalls.java:139)
	at org.apache.ratis.proto.grpc.RaftServerProtocolServiceGrpc$RaftServerProtocolServiceBlockingStub.requestVote(RaftServerProtocolServiceGrpc.java:265)
	at org.apache.ratis.grpc.server.GrpcServerProtocolClient.requestVote(GrpcServerProtocolClient.java:99)
	at org.apache.ratis.grpc.server.GrpcService.requestVote(GrpcService.java:204)
	at org.apache.ratis.server.impl.LeaderElection.lambda$submitRequests$1(LeaderElection.java:234)
	at java.util.concurrent.FutureTask.run(FutureTask.java:266)
	at java.util.concurrent.Executors$RunnableAdapter.call(Executors.java:511)
	at java.util.concurrent.FutureTask.run(FutureTask.java:266)
	at java.util.concurrent.ThreadPoolExecutor.runWorker(ThreadPoolExecutor.java:1149)
	at java.util.concurrent.ThreadPoolExecutor$Worker.run(ThreadPoolExecutor.java:624)
	... 1 more
Caused by: org.apache.ratis.thirdparty.io.netty.channel.AbstractChannel$AnnotatedConnectException: Connection refused: /192.168.164.208:44082
	at sun.nio.ch.SocketChannelImpl.checkConnect(Native Method)
	at sun.nio.ch.SocketChannelImpl.finishConnect(SocketChannelImpl.java:717)
	at org.apache.ratis.thirdparty.io.netty.channel.socket.nio.NioSocketChannel.doFinishConnect(NioSocketChannel.java:327)
	at org.apache.ratis.thirdparty.io.netty.channel.nio.AbstractNioChannel$AbstractNioUnsafe.finishConnect(AbstractNioChannel.java:340)
	at org.apache.ratis.thirdparty.io.netty.channel.nio.NioEventLoop.processSelectedKey(NioEventLoop.java:632)
	at org.apache.ratis.thirdparty.io.netty.channel.nio.NioEventLoop.processSelectedKeysOptimized(NioEventLoop.java:579)
	at org.apache.ratis.thirdparty.io.netty.channel.nio.NioEventLoop.processSelectedKeys(NioEventLoop.java:496)
	at org.apache.ratis.thirdparty.io.netty.channel.nio.NioEventLoop.run(NioEventLoop.java:458)
	at org.apache.ratis.thirdparty.io.netty.util.concurrent.SingleThreadEventExecutor$5.run(SingleThreadEventExecutor.java:897)
	at org.apache.ratis.thirdparty.io.netty.util.concurrent.FastThreadLocalRunnable.run(FastThreadLocalRunnable.java:30)
	... 1 more
Caused by: java.net.ConnectException: Connection refused
	... 11 more
2019-11-15 00:58:01,262 [e96d2cc9-026c-4220-b0f4-2bd3b4d5a924@group-D08F3DBE2A41-LeaderElection63] INFO  impl.LeaderElection (LogUtils.java:infoOrTrace(149)) - e96d2cc9-026c-4220-b0f4-2bd3b4d5a924@group-D08F3DBE2A41-LeaderElection63 got exception when requesting votes: {}
java.util.concurrent.ExecutionException: org.apache.ratis.thirdparty.io.grpc.StatusRuntimeException: UNAVAILABLE: io exception
	at java.util.concurrent.FutureTask.report(FutureTask.java:122)
	at java.util.concurrent.FutureTask.get(FutureTask.java:192)
	at org.apache.ratis.server.impl.LeaderElection.waitForResults(LeaderElection.java:259)
	at org.apache.ratis.server.impl.LeaderElection.askForVotes(LeaderElection.java:197)
	at org.apache.ratis.server.impl.LeaderElection.run(LeaderElection.java:133)
	at java.lang.Thread.run(Thread.java:748)
Caused by: org.apache.ratis.thirdparty.io.grpc.StatusRuntimeException: UNAVAILABLE: io exception
	at org.apache.ratis.thirdparty.io.grpc.stub.ClientCalls.toStatusRuntimeException(ClientCalls.java:233)
	at org.apache.ratis.thirdparty.io.grpc.stub.ClientCalls.getUnchecked(ClientCalls.java:214)
	at org.apache.ratis.thirdparty.io.grpc.stub.ClientCalls.blockingUnaryCall(ClientCalls.java:139)
	at org.apache.ratis.proto.grpc.RaftServerProtocolServiceGrpc$RaftServerProtocolServiceBlockingStub.requestVote(RaftServerProtocolServiceGrpc.java:265)
	at org.apache.ratis.grpc.server.GrpcServerProtocolClient.requestVote(GrpcServerProtocolClient.java:99)
	at org.apache.ratis.grpc.server.GrpcService.requestVote(GrpcService.java:204)
	at org.apache.ratis.server.impl.LeaderElection.lambda$submitRequests$1(LeaderElection.java:234)
	at java.util.concurrent.FutureTask.run(FutureTask.java:266)
	at java.util.concurrent.Executors$RunnableAdapter.call(Executors.java:511)
	at java.util.concurrent.FutureTask.run(FutureTask.java:266)
	at java.util.concurrent.ThreadPoolExecutor.runWorker(ThreadPoolExecutor.java:1149)
	at java.util.concurrent.ThreadPoolExecutor$Worker.run(ThreadPoolExecutor.java:624)
	... 1 more
Caused by: org.apache.ratis.thirdparty.io.netty.channel.AbstractChannel$AnnotatedConnectException: Connection refused: /192.168.164.208:37265
	at sun.nio.ch.SocketChannelImpl.checkConnect(Native Method)
	at sun.nio.ch.SocketChannelImpl.finishConnect(SocketChannelImpl.java:717)
	at org.apache.ratis.thirdparty.io.netty.channel.socket.nio.NioSocketChannel.doFinishConnect(NioSocketChannel.java:327)
	at org.apache.ratis.thirdparty.io.netty.channel.nio.AbstractNioChannel$AbstractNioUnsafe.finishConnect(AbstractNioChannel.java:340)
	at org.apache.ratis.thirdparty.io.netty.channel.nio.NioEventLoop.processSelectedKey(NioEventLoop.java:632)
	at org.apache.ratis.thirdparty.io.netty.channel.nio.NioEventLoop.processSelectedKeysOptimized(NioEventLoop.java:579)
	at org.apache.ratis.thirdparty.io.netty.channel.nio.NioEventLoop.processSelectedKeys(NioEventLoop.java:496)
	at org.apache.ratis.thirdparty.io.netty.channel.nio.NioEventLoop.run(NioEventLoop.java:458)
	at org.apache.ratis.thirdparty.io.netty.util.concurrent.SingleThreadEventExecutor$5.run(SingleThreadEventExecutor.java:897)
	at org.apache.ratis.thirdparty.io.netty.util.concurrent.FastThreadLocalRunnable.run(FastThreadLocalRunnable.java:30)
	... 1 more
Caused by: java.net.ConnectException: Connection refused
	... 11 more
2019-11-15 00:58:01,264 [e96d2cc9-026c-4220-b0f4-2bd3b4d5a924@group-D08F3DBE2A41-LeaderElection63] INFO  impl.LeaderElection (LeaderElection.java:logAndReturn(56)) - e96d2cc9-026c-4220-b0f4-2bd3b4d5a924@group-D08F3DBE2A41-LeaderElection63: Election REJECTED; received 0 response(s) [] and 2 exception(s); e96d2cc9-026c-4220-b0f4-2bd3b4d5a924@group-D08F3DBE2A41:t11, leader=null, voted=e96d2cc9-026c-4220-b0f4-2bd3b4d5a924, raftlog=e96d2cc9-026c-4220-b0f4-2bd3b4d5a924@group-D08F3DBE2A41-SegmentedRaftLog:OPENED:c0,f0,i0, conf=0: [9ac24c7e-7e4f-4cef-ab0e-298cb71ae60d:192.168.164.208:37265, 4dfd32cc-2252-49fe-ba51-4380d1c0b0d5:192.168.164.208:44082, e96d2cc9-026c-4220-b0f4-2bd3b4d5a924:192.168.164.208:39163], old=null
2019-11-15 00:58:01,264 [e96d2cc9-026c-4220-b0f4-2bd3b4d5a924@group-D08F3DBE2A41-LeaderElection63] INFO  impl.LeaderElection (LogUtils.java:infoOrTrace(149)) -   Exception 0: {}
java.util.concurrent.ExecutionException: org.apache.ratis.thirdparty.io.grpc.StatusRuntimeException: UNAVAILABLE: io exception
	at java.util.concurrent.FutureTask.report(FutureTask.java:122)
	at java.util.concurrent.FutureTask.get(FutureTask.java:192)
	at org.apache.ratis.server.impl.LeaderElection.waitForResults(LeaderElection.java:259)
	at org.apache.ratis.server.impl.LeaderElection.askForVotes(LeaderElection.java:197)
	at org.apache.ratis.server.impl.LeaderElection.run(LeaderElection.java:133)
	at java.lang.Thread.run(Thread.java:748)
Caused by: org.apache.ratis.thirdparty.io.grpc.StatusRuntimeException: UNAVAILABLE: io exception
	at org.apache.ratis.thirdparty.io.grpc.stub.ClientCalls.toStatusRuntimeException(ClientCalls.java:233)
	at org.apache.ratis.thirdparty.io.grpc.stub.ClientCalls.getUnchecked(ClientCalls.java:214)
	at org.apache.ratis.thirdparty.io.grpc.stub.ClientCalls.blockingUnaryCall(ClientCalls.java:139)
	at org.apache.ratis.proto.grpc.RaftServerProtocolServiceGrpc$RaftServerProtocolServiceBlockingStub.requestVote(RaftServerProtocolServiceGrpc.java:265)
	at org.apache.ratis.grpc.server.GrpcServerProtocolClient.requestVote(GrpcServerProtocolClient.java:99)
	at org.apache.ratis.grpc.server.GrpcService.requestVote(GrpcService.java:204)
	at org.apache.ratis.server.impl.LeaderElection.lambda$submitRequests$1(LeaderElection.java:234)
	at java.util.concurrent.FutureTask.run(FutureTask.java:266)
	at java.util.concurrent.Executors$RunnableAdapter.call(Executors.java:511)
	at java.util.concurrent.FutureTask.run(FutureTask.java:266)
	at java.util.concurrent.ThreadPoolExecutor.runWorker(ThreadPoolExecutor.java:1149)
	at java.util.concurrent.ThreadPoolExecutor$Worker.run(ThreadPoolExecutor.java:624)
	... 1 more
Caused by: org.apache.ratis.thirdparty.io.netty.channel.AbstractChannel$AnnotatedConnectException: Connection refused: /192.168.164.208:44082
	at sun.nio.ch.SocketChannelImpl.checkConnect(Native Method)
	at sun.nio.ch.SocketChannelImpl.finishConnect(SocketChannelImpl.java:717)
	at org.apache.ratis.thirdparty.io.netty.channel.socket.nio.NioSocketChannel.doFinishConnect(NioSocketChannel.java:327)
	at org.apache.ratis.thirdparty.io.netty.channel.nio.AbstractNioChannel$AbstractNioUnsafe.finishConnect(AbstractNioChannel.java:340)
	at org.apache.ratis.thirdparty.io.netty.channel.nio.NioEventLoop.processSelectedKey(NioEventLoop.java:632)
	at org.apache.ratis.thirdparty.io.netty.channel.nio.NioEventLoop.processSelectedKeysOptimized(NioEventLoop.java:579)
	at org.apache.ratis.thirdparty.io.netty.channel.nio.NioEventLoop.processSelectedKeys(NioEventLoop.java:496)
	at org.apache.ratis.thirdparty.io.netty.channel.nio.NioEventLoop.run(NioEventLoop.java:458)
	at org.apache.ratis.thirdparty.io.netty.util.concurrent.SingleThreadEventExecutor$5.run(SingleThreadEventExecutor.java:897)
	at org.apache.ratis.thirdparty.io.netty.util.concurrent.FastThreadLocalRunnable.run(FastThreadLocalRunnable.java:30)
	... 1 more
Caused by: java.net.ConnectException: Connection refused
	... 11 more
2019-11-15 00:58:01,264 [e96d2cc9-026c-4220-b0f4-2bd3b4d5a924@group-D08F3DBE2A41-LeaderElection63] INFO  impl.LeaderElection (LogUtils.java:infoOrTrace(149)) -   Exception 1: {}
java.util.concurrent.ExecutionException: org.apache.ratis.thirdparty.io.grpc.StatusRuntimeException: UNAVAILABLE: io exception
	at java.util.concurrent.FutureTask.report(FutureTask.java:122)
	at java.util.concurrent.FutureTask.get(FutureTask.java:192)
	at org.apache.ratis.server.impl.LeaderElection.waitForResults(LeaderElection.java:259)
	at org.apache.ratis.server.impl.LeaderElection.askForVotes(LeaderElection.java:197)
	at org.apache.ratis.server.impl.LeaderElection.run(LeaderElection.java:133)
	at java.lang.Thread.run(Thread.java:748)
Caused by: org.apache.ratis.thirdparty.io.grpc.StatusRuntimeException: UNAVAILABLE: io exception
	at org.apache.ratis.thirdparty.io.grpc.stub.ClientCalls.toStatusRuntimeException(ClientCalls.java:233)
	at org.apache.ratis.thirdparty.io.grpc.stub.ClientCalls.getUnchecked(ClientCalls.java:214)
	at org.apache.ratis.thirdparty.io.grpc.stub.ClientCalls.blockingUnaryCall(ClientCalls.java:139)
	at org.apache.ratis.proto.grpc.RaftServerProtocolServiceGrpc$RaftServerProtocolServiceBlockingStub.requestVote(RaftServerProtocolServiceGrpc.java:265)
	at org.apache.ratis.grpc.server.GrpcServerProtocolClient.requestVote(GrpcServerProtocolClient.java:99)
	at org.apache.ratis.grpc.server.GrpcService.requestVote(GrpcService.java:204)
	at org.apache.ratis.server.impl.LeaderElection.lambda$submitRequests$1(LeaderElection.java:234)
	at java.util.concurrent.FutureTask.run(FutureTask.java:266)
	at java.util.concurrent.Executors$RunnableAdapter.call(Executors.java:511)
	at java.util.concurrent.FutureTask.run(FutureTask.java:266)
	at java.util.concurrent.ThreadPoolExecutor.runWorker(ThreadPoolExecutor.java:1149)
	at java.util.concurrent.ThreadPoolExecutor$Worker.run(ThreadPoolExecutor.java:624)
	... 1 more
Caused by: org.apache.ratis.thirdparty.io.netty.channel.AbstractChannel$AnnotatedConnectException: Connection refused: /192.168.164.208:37265
	at sun.nio.ch.SocketChannelImpl.checkConnect(Native Method)
	at sun.nio.ch.SocketChannelImpl.finishConnect(SocketChannelImpl.java:717)
	at org.apache.ratis.thirdparty.io.netty.channel.socket.nio.NioSocketChannel.doFinishConnect(NioSocketChannel.java:327)
	at org.apache.ratis.thirdparty.io.netty.channel.nio.AbstractNioChannel$AbstractNioUnsafe.finishConnect(AbstractNioChannel.java:340)
	at org.apache.ratis.thirdparty.io.netty.channel.nio.NioEventLoop.processSelectedKey(NioEventLoop.java:632)
	at org.apache.ratis.thirdparty.io.netty.channel.nio.NioEventLoop.processSelectedKeysOptimized(NioEventLoop.java:579)
	at org.apache.ratis.thirdparty.io.netty.channel.nio.NioEventLoop.processSelectedKeys(NioEventLoop.java:496)
	at org.apache.ratis.thirdparty.io.netty.channel.nio.NioEventLoop.run(NioEventLoop.java:458)
	at org.apache.ratis.thirdparty.io.netty.util.concurrent.SingleThreadEventExecutor$5.run(SingleThreadEventExecutor.java:897)
	at org.apache.ratis.thirdparty.io.netty.util.concurrent.FastThreadLocalRunnable.run(FastThreadLocalRunnable.java:30)
	... 1 more
Caused by: java.net.ConnectException: Connection refused
	... 11 more
2019-11-15 00:58:01,264 [e96d2cc9-026c-4220-b0f4-2bd3b4d5a924@group-D08F3DBE2A41-LeaderElection63] INFO  impl.RaftServerImpl (RaftServerImpl.java:setRole(173)) - e96d2cc9-026c-4220-b0f4-2bd3b4d5a924@group-D08F3DBE2A41: changes role from CANDIDATE to FOLLOWER at term 11 for DISCOVERED_A_NEW_TERM
2019-11-15 00:58:01,265 [e96d2cc9-026c-4220-b0f4-2bd3b4d5a924@group-D08F3DBE2A41-LeaderElection63] INFO  impl.RoleInfo (RoleInfo.java:shutdownLeaderElection(134)) - e96d2cc9-026c-4220-b0f4-2bd3b4d5a924: shutdown LeaderElection
2019-11-15 00:58:01,265 [e96d2cc9-026c-4220-b0f4-2bd3b4d5a924@group-D08F3DBE2A41-LeaderElection63] INFO  impl.RoleInfo (RoleInfo.java:updateAndGet(143)) - e96d2cc9-026c-4220-b0f4-2bd3b4d5a924: start FollowerState
2019-11-15 00:58:02,447 [Thread-1921] INFO  impl.FollowerState (FollowerState.java:run(111)) - e96d2cc9-026c-4220-b0f4-2bd3b4d5a924@group-D08F3DBE2A41-FollowerState: change to CANDIDATE, lastRpcTime:1182ms, electionTimeout:1182ms
2019-11-15 00:58:02,449 [Thread-1921] INFO  impl.RoleInfo (RoleInfo.java:shutdownFollowerState(121)) - e96d2cc9-026c-4220-b0f4-2bd3b4d5a924: shutdown FollowerState
2019-11-15 00:58:02,449 [Thread-1921] INFO  impl.RaftServerImpl (RaftServerImpl.java:setRole(173)) - e96d2cc9-026c-4220-b0f4-2bd3b4d5a924@group-D08F3DBE2A41: changes role from  FOLLOWER to CANDIDATE at term 11 for changeToCandidate
2019-11-15 00:58:02,449 [Thread-1921] INFO  impl.RoleInfo (RoleInfo.java:updateAndGet(143)) - e96d2cc9-026c-4220-b0f4-2bd3b4d5a924: start LeaderElection
2019-11-15 00:58:02,463 [e96d2cc9-026c-4220-b0f4-2bd3b4d5a924@group-D08F3DBE2A41-LeaderElection64] INFO  impl.LeaderElection (LeaderElection.java:askForVotes(178)) - e96d2cc9-026c-4220-b0f4-2bd3b4d5a924@group-D08F3DBE2A41-LeaderElection64: begin an election at term 12 for 0: [9ac24c7e-7e4f-4cef-ab0e-298cb71ae60d:192.168.164.208:37265, 4dfd32cc-2252-49fe-ba51-4380d1c0b0d5:192.168.164.208:44082, e96d2cc9-026c-4220-b0f4-2bd3b4d5a924:192.168.164.208:39163], old=null
2019-11-15 00:58:02,464 [e96d2cc9-026c-4220-b0f4-2bd3b4d5a924@group-D08F3DBE2A41-LeaderElection64] INFO  impl.LeaderElection (LogUtils.java:infoOrTrace(149)) - e96d2cc9-026c-4220-b0f4-2bd3b4d5a924@group-D08F3DBE2A41-LeaderElection64 got exception when requesting votes: {}
java.util.concurrent.ExecutionException: org.apache.ratis.thirdparty.io.grpc.StatusRuntimeException: UNAVAILABLE: io exception
	at java.util.concurrent.FutureTask.report(FutureTask.java:122)
	at java.util.concurrent.FutureTask.get(FutureTask.java:192)
	at org.apache.ratis.server.impl.LeaderElection.waitForResults(LeaderElection.java:259)
	at org.apache.ratis.server.impl.LeaderElection.askForVotes(LeaderElection.java:197)
	at org.apache.ratis.server.impl.LeaderElection.run(LeaderElection.java:133)
	at java.lang.Thread.run(Thread.java:748)
Caused by: org.apache.ratis.thirdparty.io.grpc.StatusRuntimeException: UNAVAILABLE: io exception
	at org.apache.ratis.thirdparty.io.grpc.stub.ClientCalls.toStatusRuntimeException(ClientCalls.java:233)
	at org.apache.ratis.thirdparty.io.grpc.stub.ClientCalls.getUnchecked(ClientCalls.java:214)
	at org.apache.ratis.thirdparty.io.grpc.stub.ClientCalls.blockingUnaryCall(ClientCalls.java:139)
	at org.apache.ratis.proto.grpc.RaftServerProtocolServiceGrpc$RaftServerProtocolServiceBlockingStub.requestVote(RaftServerProtocolServiceGrpc.java:265)
	at org.apache.ratis.grpc.server.GrpcServerProtocolClient.requestVote(GrpcServerProtocolClient.java:99)
	at org.apache.ratis.grpc.server.GrpcService.requestVote(GrpcService.java:204)
	at org.apache.ratis.server.impl.LeaderElection.lambda$submitRequests$1(LeaderElection.java:234)
	at java.util.concurrent.FutureTask.run(FutureTask.java:266)
	at java.util.concurrent.Executors$RunnableAdapter.call(Executors.java:511)
	at java.util.concurrent.FutureTask.run(FutureTask.java:266)
	at java.util.concurrent.ThreadPoolExecutor.runWorker(ThreadPoolExecutor.java:1149)
	at java.util.concurrent.ThreadPoolExecutor$Worker.run(ThreadPoolExecutor.java:624)
	... 1 more
Caused by: org.apache.ratis.thirdparty.io.netty.channel.AbstractChannel$AnnotatedConnectException: Connection refused: /192.168.164.208:37265
	at sun.nio.ch.SocketChannelImpl.checkConnect(Native Method)
	at sun.nio.ch.SocketChannelImpl.finishConnect(SocketChannelImpl.java:717)
	at org.apache.ratis.thirdparty.io.netty.channel.socket.nio.NioSocketChannel.doFinishConnect(NioSocketChannel.java:327)
	at org.apache.ratis.thirdparty.io.netty.channel.nio.AbstractNioChannel$AbstractNioUnsafe.finishConnect(AbstractNioChannel.java:340)
	at org.apache.ratis.thirdparty.io.netty.channel.nio.NioEventLoop.processSelectedKey(NioEventLoop.java:632)
	at org.apache.ratis.thirdparty.io.netty.channel.nio.NioEventLoop.processSelectedKeysOptimized(NioEventLoop.java:579)
	at org.apache.ratis.thirdparty.io.netty.channel.nio.NioEventLoop.processSelectedKeys(NioEventLoop.java:496)
	at org.apache.ratis.thirdparty.io.netty.channel.nio.NioEventLoop.run(NioEventLoop.java:458)
	at org.apache.ratis.thirdparty.io.netty.util.concurrent.SingleThreadEventExecutor$5.run(SingleThreadEventExecutor.java:897)
	at org.apache.ratis.thirdparty.io.netty.util.concurrent.FastThreadLocalRunnable.run(FastThreadLocalRunnable.java:30)
	... 1 more
Caused by: java.net.ConnectException: Connection refused
	... 11 more
2019-11-15 00:58:02,466 [e96d2cc9-026c-4220-b0f4-2bd3b4d5a924@group-D08F3DBE2A41-LeaderElection64] INFO  impl.LeaderElection (LogUtils.java:infoOrTrace(149)) - e96d2cc9-026c-4220-b0f4-2bd3b4d5a924@group-D08F3DBE2A41-LeaderElection64 got exception when requesting votes: {}
java.util.concurrent.ExecutionException: org.apache.ratis.thirdparty.io.grpc.StatusRuntimeException: UNAVAILABLE: io exception
	at java.util.concurrent.FutureTask.report(FutureTask.java:122)
	at java.util.concurrent.FutureTask.get(FutureTask.java:192)
	at org.apache.ratis.server.impl.LeaderElection.waitForResults(LeaderElection.java:259)
	at org.apache.ratis.server.impl.LeaderElection.askForVotes(LeaderElection.java:197)
	at org.apache.ratis.server.impl.LeaderElection.run(LeaderElection.java:133)
	at java.lang.Thread.run(Thread.java:748)
Caused by: org.apache.ratis.thirdparty.io.grpc.StatusRuntimeException: UNAVAILABLE: io exception
	at org.apache.ratis.thirdparty.io.grpc.stub.ClientCalls.toStatusRuntimeException(ClientCalls.java:233)
	at org.apache.ratis.thirdparty.io.grpc.stub.ClientCalls.getUnchecked(ClientCalls.java:214)
	at org.apache.ratis.thirdparty.io.grpc.stub.ClientCalls.blockingUnaryCall(ClientCalls.java:139)
	at org.apache.ratis.proto.grpc.RaftServerProtocolServiceGrpc$RaftServerProtocolServiceBlockingStub.requestVote(RaftServerProtocolServiceGrpc.java:265)
	at org.apache.ratis.grpc.server.GrpcServerProtocolClient.requestVote(GrpcServerProtocolClient.java:99)
	at org.apache.ratis.grpc.server.GrpcService.requestVote(GrpcService.java:204)
	at org.apache.ratis.server.impl.LeaderElection.lambda$submitRequests$1(LeaderElection.java:234)
	at java.util.concurrent.FutureTask.run(FutureTask.java:266)
	at java.util.concurrent.Executors$RunnableAdapter.call(Executors.java:511)
	at java.util.concurrent.FutureTask.run(FutureTask.java:266)
	at java.util.concurrent.ThreadPoolExecutor.runWorker(ThreadPoolExecutor.java:1149)
	at java.util.concurrent.ThreadPoolExecutor$Worker.run(ThreadPoolExecutor.java:624)
	... 1 more
Caused by: org.apache.ratis.thirdparty.io.netty.channel.AbstractChannel$AnnotatedConnectException: Connection refused: /192.168.164.208:44082
	at sun.nio.ch.SocketChannelImpl.checkConnect(Native Method)
	at sun.nio.ch.SocketChannelImpl.finishConnect(SocketChannelImpl.java:717)
	at org.apache.ratis.thirdparty.io.netty.channel.socket.nio.NioSocketChannel.doFinishConnect(NioSocketChannel.java:327)
	at org.apache.ratis.thirdparty.io.netty.channel.nio.AbstractNioChannel$AbstractNioUnsafe.finishConnect(AbstractNioChannel.java:340)
	at org.apache.ratis.thirdparty.io.netty.channel.nio.NioEventLoop.processSelectedKey(NioEventLoop.java:632)
	at org.apache.ratis.thirdparty.io.netty.channel.nio.NioEventLoop.processSelectedKeysOptimized(NioEventLoop.java:579)
	at org.apache.ratis.thirdparty.io.netty.channel.nio.NioEventLoop.processSelectedKeys(NioEventLoop.java:496)
	at org.apache.ratis.thirdparty.io.netty.channel.nio.NioEventLoop.run(NioEventLoop.java:458)
	at org.apache.ratis.thirdparty.io.netty.util.concurrent.SingleThreadEventExecutor$5.run(SingleThreadEventExecutor.java:897)
	at org.apache.ratis.thirdparty.io.netty.util.concurrent.FastThreadLocalRunnable.run(FastThreadLocalRunnable.java:30)
	... 1 more
Caused by: java.net.ConnectException: Connection refused
	... 11 more
2019-11-15 00:58:02,467 [e96d2cc9-026c-4220-b0f4-2bd3b4d5a924@group-D08F3DBE2A41-LeaderElection64] INFO  impl.LeaderElection (LeaderElection.java:logAndReturn(56)) - e96d2cc9-026c-4220-b0f4-2bd3b4d5a924@group-D08F3DBE2A41-LeaderElection64: Election REJECTED; received 0 response(s) [] and 2 exception(s); e96d2cc9-026c-4220-b0f4-2bd3b4d5a924@group-D08F3DBE2A41:t12, leader=null, voted=e96d2cc9-026c-4220-b0f4-2bd3b4d5a924, raftlog=e96d2cc9-026c-4220-b0f4-2bd3b4d5a924@group-D08F3DBE2A41-SegmentedRaftLog:OPENED:c0,f0,i0, conf=0: [9ac24c7e-7e4f-4cef-ab0e-298cb71ae60d:192.168.164.208:37265, 4dfd32cc-2252-49fe-ba51-4380d1c0b0d5:192.168.164.208:44082, e96d2cc9-026c-4220-b0f4-2bd3b4d5a924:192.168.164.208:39163], old=null
2019-11-15 00:58:02,467 [e96d2cc9-026c-4220-b0f4-2bd3b4d5a924@group-D08F3DBE2A41-LeaderElection64] INFO  impl.LeaderElection (LogUtils.java:infoOrTrace(149)) -   Exception 0: {}
java.util.concurrent.ExecutionException: org.apache.ratis.thirdparty.io.grpc.StatusRuntimeException: UNAVAILABLE: io exception
	at java.util.concurrent.FutureTask.report(FutureTask.java:122)
	at java.util.concurrent.FutureTask.get(FutureTask.java:192)
	at org.apache.ratis.server.impl.LeaderElection.waitForResults(LeaderElection.java:259)
	at org.apache.ratis.server.impl.LeaderElection.askForVotes(LeaderElection.java:197)
	at org.apache.ratis.server.impl.LeaderElection.run(LeaderElection.java:133)
	at java.lang.Thread.run(Thread.java:748)
Caused by: org.apache.ratis.thirdparty.io.grpc.StatusRuntimeException: UNAVAILABLE: io exception
	at org.apache.ratis.thirdparty.io.grpc.stub.ClientCalls.toStatusRuntimeException(ClientCalls.java:233)
	at org.apache.ratis.thirdparty.io.grpc.stub.ClientCalls.getUnchecked(ClientCalls.java:214)
	at org.apache.ratis.thirdparty.io.grpc.stub.ClientCalls.blockingUnaryCall(ClientCalls.java:139)
	at org.apache.ratis.proto.grpc.RaftServerProtocolServiceGrpc$RaftServerProtocolServiceBlockingStub.requestVote(RaftServerProtocolServiceGrpc.java:265)
	at org.apache.ratis.grpc.server.GrpcServerProtocolClient.requestVote(GrpcServerProtocolClient.java:99)
	at org.apache.ratis.grpc.server.GrpcService.requestVote(GrpcService.java:204)
	at org.apache.ratis.server.impl.LeaderElection.lambda$submitRequests$1(LeaderElection.java:234)
	at java.util.concurrent.FutureTask.run(FutureTask.java:266)
	at java.util.concurrent.Executors$RunnableAdapter.call(Executors.java:511)
	at java.util.concurrent.FutureTask.run(FutureTask.java:266)
	at java.util.concurrent.ThreadPoolExecutor.runWorker(ThreadPoolExecutor.java:1149)
	at java.util.concurrent.ThreadPoolExecutor$Worker.run(ThreadPoolExecutor.java:624)
	... 1 more
Caused by: org.apache.ratis.thirdparty.io.netty.channel.AbstractChannel$AnnotatedConnectException: Connection refused: /192.168.164.208:37265
	at sun.nio.ch.SocketChannelImpl.checkConnect(Native Method)
	at sun.nio.ch.SocketChannelImpl.finishConnect(SocketChannelImpl.java:717)
	at org.apache.ratis.thirdparty.io.netty.channel.socket.nio.NioSocketChannel.doFinishConnect(NioSocketChannel.java:327)
	at org.apache.ratis.thirdparty.io.netty.channel.nio.AbstractNioChannel$AbstractNioUnsafe.finishConnect(AbstractNioChannel.java:340)
	at org.apache.ratis.thirdparty.io.netty.channel.nio.NioEventLoop.processSelectedKey(NioEventLoop.java:632)
	at org.apache.ratis.thirdparty.io.netty.channel.nio.NioEventLoop.processSelectedKeysOptimized(NioEventLoop.java:579)
	at org.apache.ratis.thirdparty.io.netty.channel.nio.NioEventLoop.processSelectedKeys(NioEventLoop.java:496)
	at org.apache.ratis.thirdparty.io.netty.channel.nio.NioEventLoop.run(NioEventLoop.java:458)
	at org.apache.ratis.thirdparty.io.netty.util.concurrent.SingleThreadEventExecutor$5.run(SingleThreadEventExecutor.java:897)
	at org.apache.ratis.thirdparty.io.netty.util.concurrent.FastThreadLocalRunnable.run(FastThreadLocalRunnable.java:30)
	... 1 more
Caused by: java.net.ConnectException: Connection refused
	... 11 more
2019-11-15 00:58:02,467 [e96d2cc9-026c-4220-b0f4-2bd3b4d5a924@group-D08F3DBE2A41-LeaderElection64] INFO  impl.LeaderElection (LogUtils.java:infoOrTrace(149)) -   Exception 1: {}
java.util.concurrent.ExecutionException: org.apache.ratis.thirdparty.io.grpc.StatusRuntimeException: UNAVAILABLE: io exception
	at java.util.concurrent.FutureTask.report(FutureTask.java:122)
	at java.util.concurrent.FutureTask.get(FutureTask.java:192)
	at org.apache.ratis.server.impl.LeaderElection.waitForResults(LeaderElection.java:259)
	at org.apache.ratis.server.impl.LeaderElection.askForVotes(LeaderElection.java:197)
	at org.apache.ratis.server.impl.LeaderElection.run(LeaderElection.java:133)
	at java.lang.Thread.run(Thread.java:748)
Caused by: org.apache.ratis.thirdparty.io.grpc.StatusRuntimeException: UNAVAILABLE: io exception
	at org.apache.ratis.thirdparty.io.grpc.stub.ClientCalls.toStatusRuntimeException(ClientCalls.java:233)
	at org.apache.ratis.thirdparty.io.grpc.stub.ClientCalls.getUnchecked(ClientCalls.java:214)
	at org.apache.ratis.thirdparty.io.grpc.stub.ClientCalls.blockingUnaryCall(ClientCalls.java:139)
	at org.apache.ratis.proto.grpc.RaftServerProtocolServiceGrpc$RaftServerProtocolServiceBlockingStub.requestVote(RaftServerProtocolServiceGrpc.java:265)
	at org.apache.ratis.grpc.server.GrpcServerProtocolClient.requestVote(GrpcServerProtocolClient.java:99)
	at org.apache.ratis.grpc.server.GrpcService.requestVote(GrpcService.java:204)
	at org.apache.ratis.server.impl.LeaderElection.lambda$submitRequests$1(LeaderElection.java:234)
	at java.util.concurrent.FutureTask.run(FutureTask.java:266)
	at java.util.concurrent.Executors$RunnableAdapter.call(Executors.java:511)
	at java.util.concurrent.FutureTask.run(FutureTask.java:266)
	at java.util.concurrent.ThreadPoolExecutor.runWorker(ThreadPoolExecutor.java:1149)
	at java.util.concurrent.ThreadPoolExecutor$Worker.run(ThreadPoolExecutor.java:624)
	... 1 more
Caused by: org.apache.ratis.thirdparty.io.netty.channel.AbstractChannel$AnnotatedConnectException: Connection refused: /192.168.164.208:44082
	at sun.nio.ch.SocketChannelImpl.checkConnect(Native Method)
	at sun.nio.ch.SocketChannelImpl.finishConnect(SocketChannelImpl.java:717)
	at org.apache.ratis.thirdparty.io.netty.channel.socket.nio.NioSocketChannel.doFinishConnect(NioSocketChannel.java:327)
	at org.apache.ratis.thirdparty.io.netty.channel.nio.AbstractNioChannel$AbstractNioUnsafe.finishConnect(AbstractNioChannel.java:340)
	at org.apache.ratis.thirdparty.io.netty.channel.nio.NioEventLoop.processSelectedKey(NioEventLoop.java:632)
	at org.apache.ratis.thirdparty.io.netty.channel.nio.NioEventLoop.processSelectedKeysOptimized(NioEventLoop.java:579)
	at org.apache.ratis.thirdparty.io.netty.channel.nio.NioEventLoop.processSelectedKeys(NioEventLoop.java:496)
	at org.apache.ratis.thirdparty.io.netty.channel.nio.NioEventLoop.run(NioEventLoop.java:458)
	at org.apache.ratis.thirdparty.io.netty.util.concurrent.SingleThreadEventExecutor$5.run(SingleThreadEventExecutor.java:897)
	at org.apache.ratis.thirdparty.io.netty.util.concurrent.FastThreadLocalRunnable.run(FastThreadLocalRunnable.java:30)
	... 1 more
Caused by: java.net.ConnectException: Connection refused
	... 11 more
2019-11-15 00:58:02,467 [e96d2cc9-026c-4220-b0f4-2bd3b4d5a924@group-D08F3DBE2A41-LeaderElection64] INFO  impl.RaftServerImpl (RaftServerImpl.java:setRole(173)) - e96d2cc9-026c-4220-b0f4-2bd3b4d5a924@group-D08F3DBE2A41: changes role from CANDIDATE to FOLLOWER at term 12 for DISCOVERED_A_NEW_TERM
2019-11-15 00:58:02,468 [e96d2cc9-026c-4220-b0f4-2bd3b4d5a924@group-D08F3DBE2A41-LeaderElection64] INFO  impl.RoleInfo (RoleInfo.java:shutdownLeaderElection(134)) - e96d2cc9-026c-4220-b0f4-2bd3b4d5a924: shutdown LeaderElection
2019-11-15 00:58:02,468 [e96d2cc9-026c-4220-b0f4-2bd3b4d5a924@group-D08F3DBE2A41-LeaderElection64] INFO  impl.RoleInfo (RoleInfo.java:updateAndGet(143)) - e96d2cc9-026c-4220-b0f4-2bd3b4d5a924: start FollowerState
2019-11-15 00:58:03,617 [Thread-1925] INFO  impl.FollowerState (FollowerState.java:run(111)) - e96d2cc9-026c-4220-b0f4-2bd3b4d5a924@group-D08F3DBE2A41-FollowerState: change to CANDIDATE, lastRpcTime:1149ms, electionTimeout:1149ms
2019-11-15 00:58:03,619 [Thread-1925] INFO  impl.RoleInfo (RoleInfo.java:shutdownFollowerState(121)) - e96d2cc9-026c-4220-b0f4-2bd3b4d5a924: shutdown FollowerState
2019-11-15 00:58:03,619 [Thread-1925] INFO  impl.RaftServerImpl (RaftServerImpl.java:setRole(173)) - e96d2cc9-026c-4220-b0f4-2bd3b4d5a924@group-D08F3DBE2A41: changes role from  FOLLOWER to CANDIDATE at term 12 for changeToCandidate
2019-11-15 00:58:03,620 [Thread-1925] INFO  impl.RoleInfo (RoleInfo.java:updateAndGet(143)) - e96d2cc9-026c-4220-b0f4-2bd3b4d5a924: start LeaderElection
2019-11-15 00:58:03,634 [e96d2cc9-026c-4220-b0f4-2bd3b4d5a924@group-D08F3DBE2A41-LeaderElection65] INFO  impl.LeaderElection (LeaderElection.java:askForVotes(178)) - e96d2cc9-026c-4220-b0f4-2bd3b4d5a924@group-D08F3DBE2A41-LeaderElection65: begin an election at term 13 for 0: [9ac24c7e-7e4f-4cef-ab0e-298cb71ae60d:192.168.164.208:37265, 4dfd32cc-2252-49fe-ba51-4380d1c0b0d5:192.168.164.208:44082, e96d2cc9-026c-4220-b0f4-2bd3b4d5a924:192.168.164.208:39163], old=null
2019-11-15 00:58:03,636 [e96d2cc9-026c-4220-b0f4-2bd3b4d5a924@group-D08F3DBE2A41-LeaderElection65] INFO  impl.LeaderElection (LogUtils.java:infoOrTrace(149)) - e96d2cc9-026c-4220-b0f4-2bd3b4d5a924@group-D08F3DBE2A41-LeaderElection65 got exception when requesting votes: {}
java.util.concurrent.ExecutionException: org.apache.ratis.thirdparty.io.grpc.StatusRuntimeException: UNAVAILABLE: io exception
	at java.util.concurrent.FutureTask.report(FutureTask.java:122)
	at java.util.concurrent.FutureTask.get(FutureTask.java:192)
	at org.apache.ratis.server.impl.LeaderElection.waitForResults(LeaderElection.java:259)
	at org.apache.ratis.server.impl.LeaderElection.askForVotes(LeaderElection.java:197)
	at org.apache.ratis.server.impl.LeaderElection.run(LeaderElection.java:133)
	at java.lang.Thread.run(Thread.java:748)
Caused by: org.apache.ratis.thirdparty.io.grpc.StatusRuntimeException: UNAVAILABLE: io exception
	at org.apache.ratis.thirdparty.io.grpc.stub.ClientCalls.toStatusRuntimeException(ClientCalls.java:233)
	at org.apache.ratis.thirdparty.io.grpc.stub.ClientCalls.getUnchecked(ClientCalls.java:214)
	at org.apache.ratis.thirdparty.io.grpc.stub.ClientCalls.blockingUnaryCall(ClientCalls.java:139)
	at org.apache.ratis.proto.grpc.RaftServerProtocolServiceGrpc$RaftServerProtocolServiceBlockingStub.requestVote(RaftServerProtocolServiceGrpc.java:265)
	at org.apache.ratis.grpc.server.GrpcServerProtocolClient.requestVote(GrpcServerProtocolClient.java:99)
	at org.apache.ratis.grpc.server.GrpcService.requestVote(GrpcService.java:204)
	at org.apache.ratis.server.impl.LeaderElection.lambda$submitRequests$1(LeaderElection.java:234)
	at java.util.concurrent.FutureTask.run(FutureTask.java:266)
	at java.util.concurrent.Executors$RunnableAdapter.call(Executors.java:511)
	at java.util.concurrent.FutureTask.run(FutureTask.java:266)
	at java.util.concurrent.ThreadPoolExecutor.runWorker(ThreadPoolExecutor.java:1149)
	at java.util.concurrent.ThreadPoolExecutor$Worker.run(ThreadPoolExecutor.java:624)
	... 1 more
Caused by: org.apache.ratis.thirdparty.io.netty.channel.AbstractChannel$AnnotatedConnectException: Connection refused: /192.168.164.208:44082
	at sun.nio.ch.SocketChannelImpl.checkConnect(Native Method)
	at sun.nio.ch.SocketChannelImpl.finishConnect(SocketChannelImpl.java:717)
	at org.apache.ratis.thirdparty.io.netty.channel.socket.nio.NioSocketChannel.doFinishConnect(NioSocketChannel.java:327)
	at org.apache.ratis.thirdparty.io.netty.channel.nio.AbstractNioChannel$AbstractNioUnsafe.finishConnect(AbstractNioChannel.java:340)
	at org.apache.ratis.thirdparty.io.netty.channel.nio.NioEventLoop.processSelectedKey(NioEventLoop.java:632)
	at org.apache.ratis.thirdparty.io.netty.channel.nio.NioEventLoop.processSelectedKeysOptimized(NioEventLoop.java:579)
	at org.apache.ratis.thirdparty.io.netty.channel.nio.NioEventLoop.processSelectedKeys(NioEventLoop.java:496)
	at org.apache.ratis.thirdparty.io.netty.channel.nio.NioEventLoop.run(NioEventLoop.java:458)
	at org.apache.ratis.thirdparty.io.netty.util.concurrent.SingleThreadEventExecutor$5.run(SingleThreadEventExecutor.java:897)
	at org.apache.ratis.thirdparty.io.netty.util.concurrent.FastThreadLocalRunnable.run(FastThreadLocalRunnable.java:30)
	... 1 more
Caused by: java.net.ConnectException: Connection refused
	... 11 more
2019-11-15 00:58:03,638 [e96d2cc9-026c-4220-b0f4-2bd3b4d5a924@group-D08F3DBE2A41-LeaderElection65] INFO  impl.LeaderElection (LogUtils.java:infoOrTrace(149)) - e96d2cc9-026c-4220-b0f4-2bd3b4d5a924@group-D08F3DBE2A41-LeaderElection65 got exception when requesting votes: {}
java.util.concurrent.ExecutionException: org.apache.ratis.thirdparty.io.grpc.StatusRuntimeException: UNAVAILABLE: io exception
	at java.util.concurrent.FutureTask.report(FutureTask.java:122)
	at java.util.concurrent.FutureTask.get(FutureTask.java:192)
	at org.apache.ratis.server.impl.LeaderElection.waitForResults(LeaderElection.java:259)
	at org.apache.ratis.server.impl.LeaderElection.askForVotes(LeaderElection.java:197)
	at org.apache.ratis.server.impl.LeaderElection.run(LeaderElection.java:133)
	at java.lang.Thread.run(Thread.java:748)
Caused by: org.apache.ratis.thirdparty.io.grpc.StatusRuntimeException: UNAVAILABLE: io exception
	at org.apache.ratis.thirdparty.io.grpc.stub.ClientCalls.toStatusRuntimeException(ClientCalls.java:233)
	at org.apache.ratis.thirdparty.io.grpc.stub.ClientCalls.getUnchecked(ClientCalls.java:214)
	at org.apache.ratis.thirdparty.io.grpc.stub.ClientCalls.blockingUnaryCall(ClientCalls.java:139)
	at org.apache.ratis.proto.grpc.RaftServerProtocolServiceGrpc$RaftServerProtocolServiceBlockingStub.requestVote(RaftServerProtocolServiceGrpc.java:265)
	at org.apache.ratis.grpc.server.GrpcServerProtocolClient.requestVote(GrpcServerProtocolClient.java:99)
	at org.apache.ratis.grpc.server.GrpcService.requestVote(GrpcService.java:204)
	at org.apache.ratis.server.impl.LeaderElection.lambda$submitRequests$1(LeaderElection.java:234)
	at java.util.concurrent.FutureTask.run(FutureTask.java:266)
	at java.util.concurrent.Executors$RunnableAdapter.call(Executors.java:511)
	at java.util.concurrent.FutureTask.run(FutureTask.java:266)
	at java.util.concurrent.ThreadPoolExecutor.runWorker(ThreadPoolExecutor.java:1149)
	at java.util.concurrent.ThreadPoolExecutor$Worker.run(ThreadPoolExecutor.java:624)
	... 1 more
Caused by: org.apache.ratis.thirdparty.io.netty.channel.AbstractChannel$AnnotatedConnectException: Connection refused: /192.168.164.208:37265
	at sun.nio.ch.SocketChannelImpl.checkConnect(Native Method)
	at sun.nio.ch.SocketChannelImpl.finishConnect(SocketChannelImpl.java:717)
	at org.apache.ratis.thirdparty.io.netty.channel.socket.nio.NioSocketChannel.doFinishConnect(NioSocketChannel.java:327)
	at org.apache.ratis.thirdparty.io.netty.channel.nio.AbstractNioChannel$AbstractNioUnsafe.finishConnect(AbstractNioChannel.java:340)
	at org.apache.ratis.thirdparty.io.netty.channel.nio.NioEventLoop.processSelectedKey(NioEventLoop.java:632)
	at org.apache.ratis.thirdparty.io.netty.channel.nio.NioEventLoop.processSelectedKeysOptimized(NioEventLoop.java:579)
	at org.apache.ratis.thirdparty.io.netty.channel.nio.NioEventLoop.processSelectedKeys(NioEventLoop.java:496)
	at org.apache.ratis.thirdparty.io.netty.channel.nio.NioEventLoop.run(NioEventLoop.java:458)
	at org.apache.ratis.thirdparty.io.netty.util.concurrent.SingleThreadEventExecutor$5.run(SingleThreadEventExecutor.java:897)
	at org.apache.ratis.thirdparty.io.netty.util.concurrent.FastThreadLocalRunnable.run(FastThreadLocalRunnable.java:30)
	... 1 more
Caused by: java.net.ConnectException: Connection refused
	... 11 more
2019-11-15 00:58:03,649 [e96d2cc9-026c-4220-b0f4-2bd3b4d5a924@group-D08F3DBE2A41-LeaderElection65] INFO  impl.LeaderElection (LeaderElection.java:logAndReturn(56)) - e96d2cc9-026c-4220-b0f4-2bd3b4d5a924@group-D08F3DBE2A41-LeaderElection65: Election REJECTED; received 0 response(s) [] and 2 exception(s); e96d2cc9-026c-4220-b0f4-2bd3b4d5a924@group-D08F3DBE2A41:t13, leader=null, voted=e96d2cc9-026c-4220-b0f4-2bd3b4d5a924, raftlog=e96d2cc9-026c-4220-b0f4-2bd3b4d5a924@group-D08F3DBE2A41-SegmentedRaftLog:OPENED:c0,f0,i0, conf=0: [9ac24c7e-7e4f-4cef-ab0e-298cb71ae60d:192.168.164.208:37265, 4dfd32cc-2252-49fe-ba51-4380d1c0b0d5:192.168.164.208:44082, e96d2cc9-026c-4220-b0f4-2bd3b4d5a924:192.168.164.208:39163], old=null
2019-11-15 00:58:03,649 [e96d2cc9-026c-4220-b0f4-2bd3b4d5a924@group-D08F3DBE2A41-LeaderElection65] INFO  impl.LeaderElection (LogUtils.java:infoOrTrace(149)) -   Exception 0: {}
java.util.concurrent.ExecutionException: org.apache.ratis.thirdparty.io.grpc.StatusRuntimeException: UNAVAILABLE: io exception
	at java.util.concurrent.FutureTask.report(FutureTask.java:122)
	at java.util.concurrent.FutureTask.get(FutureTask.java:192)
	at org.apache.ratis.server.impl.LeaderElection.waitForResults(LeaderElection.java:259)
	at org.apache.ratis.server.impl.LeaderElection.askForVotes(LeaderElection.java:197)
	at org.apache.ratis.server.impl.LeaderElection.run(LeaderElection.java:133)
	at java.lang.Thread.run(Thread.java:748)
Caused by: org.apache.ratis.thirdparty.io.grpc.StatusRuntimeException: UNAVAILABLE: io exception
	at org.apache.ratis.thirdparty.io.grpc.stub.ClientCalls.toStatusRuntimeException(ClientCalls.java:233)
	at org.apache.ratis.thirdparty.io.grpc.stub.ClientCalls.getUnchecked(ClientCalls.java:214)
	at org.apache.ratis.thirdparty.io.grpc.stub.ClientCalls.blockingUnaryCall(ClientCalls.java:139)
	at org.apache.ratis.proto.grpc.RaftServerProtocolServiceGrpc$RaftServerProtocolServiceBlockingStub.requestVote(RaftServerProtocolServiceGrpc.java:265)
	at org.apache.ratis.grpc.server.GrpcServerProtocolClient.requestVote(GrpcServerProtocolClient.java:99)
	at org.apache.ratis.grpc.server.GrpcService.requestVote(GrpcService.java:204)
	at org.apache.ratis.server.impl.LeaderElection.lambda$submitRequests$1(LeaderElection.java:234)
	at java.util.concurrent.FutureTask.run(FutureTask.java:266)
	at java.util.concurrent.Executors$RunnableAdapter.call(Executors.java:511)
	at java.util.concurrent.FutureTask.run(FutureTask.java:266)
	at java.util.concurrent.ThreadPoolExecutor.runWorker(ThreadPoolExecutor.java:1149)
	at java.util.concurrent.ThreadPoolExecutor$Worker.run(ThreadPoolExecutor.java:624)
	... 1 more
Caused by: org.apache.ratis.thirdparty.io.netty.channel.AbstractChannel$AnnotatedConnectException: Connection refused: /192.168.164.208:44082
	at sun.nio.ch.SocketChannelImpl.checkConnect(Native Method)
	at sun.nio.ch.SocketChannelImpl.finishConnect(SocketChannelImpl.java:717)
	at org.apache.ratis.thirdparty.io.netty.channel.socket.nio.NioSocketChannel.doFinishConnect(NioSocketChannel.java:327)
	at org.apache.ratis.thirdparty.io.netty.channel.nio.AbstractNioChannel$AbstractNioUnsafe.finishConnect(AbstractNioChannel.java:340)
	at org.apache.ratis.thirdparty.io.netty.channel.nio.NioEventLoop.processSelectedKey(NioEventLoop.java:632)
	at org.apache.ratis.thirdparty.io.netty.channel.nio.NioEventLoop.processSelectedKeysOptimized(NioEventLoop.java:579)
	at org.apache.ratis.thirdparty.io.netty.channel.nio.NioEventLoop.processSelectedKeys(NioEventLoop.java:496)
	at org.apache.ratis.thirdparty.io.netty.channel.nio.NioEventLoop.run(NioEventLoop.java:458)
	at org.apache.ratis.thirdparty.io.netty.util.concurrent.SingleThreadEventExecutor$5.run(SingleThreadEventExecutor.java:897)
	at org.apache.ratis.thirdparty.io.netty.util.concurrent.FastThreadLocalRunnable.run(FastThreadLocalRunnable.java:30)
	... 1 more
Caused by: java.net.ConnectException: Connection refused
	... 11 more
2019-11-15 00:58:03,650 [e96d2cc9-026c-4220-b0f4-2bd3b4d5a924@group-D08F3DBE2A41-LeaderElection65] INFO  impl.LeaderElection (LogUtils.java:infoOrTrace(149)) -   Exception 1: {}
java.util.concurrent.ExecutionException: org.apache.ratis.thirdparty.io.grpc.StatusRuntimeException: UNAVAILABLE: io exception
	at java.util.concurrent.FutureTask.report(FutureTask.java:122)
	at java.util.concurrent.FutureTask.get(FutureTask.java:192)
	at org.apache.ratis.server.impl.LeaderElection.waitForResults(LeaderElection.java:259)
	at org.apache.ratis.server.impl.LeaderElection.askForVotes(LeaderElection.java:197)
	at org.apache.ratis.server.impl.LeaderElection.run(LeaderElection.java:133)
	at java.lang.Thread.run(Thread.java:748)
Caused by: org.apache.ratis.thirdparty.io.grpc.StatusRuntimeException: UNAVAILABLE: io exception
	at org.apache.ratis.thirdparty.io.grpc.stub.ClientCalls.toStatusRuntimeException(ClientCalls.java:233)
	at org.apache.ratis.thirdparty.io.grpc.stub.ClientCalls.getUnchecked(ClientCalls.java:214)
	at org.apache.ratis.thirdparty.io.grpc.stub.ClientCalls.blockingUnaryCall(ClientCalls.java:139)
	at org.apache.ratis.proto.grpc.RaftServerProtocolServiceGrpc$RaftServerProtocolServiceBlockingStub.requestVote(RaftServerProtocolServiceGrpc.java:265)
	at org.apache.ratis.grpc.server.GrpcServerProtocolClient.requestVote(GrpcServerProtocolClient.java:99)
	at org.apache.ratis.grpc.server.GrpcService.requestVote(GrpcService.java:204)
	at org.apache.ratis.server.impl.LeaderElection.lambda$submitRequests$1(LeaderElection.java:234)
	at java.util.concurrent.FutureTask.run(FutureTask.java:266)
	at java.util.concurrent.Executors$RunnableAdapter.call(Executors.java:511)
	at java.util.concurrent.FutureTask.run(FutureTask.java:266)
	at java.util.concurrent.ThreadPoolExecutor.runWorker(ThreadPoolExecutor.java:1149)
	at java.util.concurrent.ThreadPoolExecutor$Worker.run(ThreadPoolExecutor.java:624)
	... 1 more
Caused by: org.apache.ratis.thirdparty.io.netty.channel.AbstractChannel$AnnotatedConnectException: Connection refused: /192.168.164.208:37265
	at sun.nio.ch.SocketChannelImpl.checkConnect(Native Method)
	at sun.nio.ch.SocketChannelImpl.finishConnect(SocketChannelImpl.java:717)
	at org.apache.ratis.thirdparty.io.netty.channel.socket.nio.NioSocketChannel.doFinishConnect(NioSocketChannel.java:327)
	at org.apache.ratis.thirdparty.io.netty.channel.nio.AbstractNioChannel$AbstractNioUnsafe.finishConnect(AbstractNioChannel.java:340)
	at org.apache.ratis.thirdparty.io.netty.channel.nio.NioEventLoop.processSelectedKey(NioEventLoop.java:632)
	at org.apache.ratis.thirdparty.io.netty.channel.nio.NioEventLoop.processSelectedKeysOptimized(NioEventLoop.java:579)
	at org.apache.ratis.thirdparty.io.netty.channel.nio.NioEventLoop.processSelectedKeys(NioEventLoop.java:496)
	at org.apache.ratis.thirdparty.io.netty.channel.nio.NioEventLoop.run(NioEventLoop.java:458)
	at org.apache.ratis.thirdparty.io.netty.util.concurrent.SingleThreadEventExecutor$5.run(SingleThreadEventExecutor.java:897)
	at org.apache.ratis.thirdparty.io.netty.util.concurrent.FastThreadLocalRunnable.run(FastThreadLocalRunnable.java:30)
	... 1 more
Caused by: java.net.ConnectException: Connection refused
	... 11 more
2019-11-15 00:58:03,650 [e96d2cc9-026c-4220-b0f4-2bd3b4d5a924@group-D08F3DBE2A41-LeaderElection65] INFO  impl.RaftServerImpl (RaftServerImpl.java:setRole(173)) - e96d2cc9-026c-4220-b0f4-2bd3b4d5a924@group-D08F3DBE2A41: changes role from CANDIDATE to FOLLOWER at term 13 for DISCOVERED_A_NEW_TERM
2019-11-15 00:58:03,650 [e96d2cc9-026c-4220-b0f4-2bd3b4d5a924@group-D08F3DBE2A41-LeaderElection65] INFO  impl.RoleInfo (RoleInfo.java:shutdownLeaderElection(134)) - e96d2cc9-026c-4220-b0f4-2bd3b4d5a924: shutdown LeaderElection
2019-11-15 00:58:03,650 [e96d2cc9-026c-4220-b0f4-2bd3b4d5a924@group-D08F3DBE2A41-LeaderElection65] INFO  impl.RoleInfo (RoleInfo.java:updateAndGet(143)) - e96d2cc9-026c-4220-b0f4-2bd3b4d5a924: start FollowerState
2019-11-15 00:58:04,782 [Thread-1929] INFO  impl.FollowerState (FollowerState.java:run(111)) - e96d2cc9-026c-4220-b0f4-2bd3b4d5a924@group-D08F3DBE2A41-FollowerState: change to CANDIDATE, lastRpcTime:1131ms, electionTimeout:1131ms
2019-11-15 00:58:04,785 [Thread-1929] INFO  impl.RoleInfo (RoleInfo.java:shutdownFollowerState(121)) - e96d2cc9-026c-4220-b0f4-2bd3b4d5a924: shutdown FollowerState
2019-11-15 00:58:04,785 [Thread-1929] INFO  impl.RaftServerImpl (RaftServerImpl.java:setRole(173)) - e96d2cc9-026c-4220-b0f4-2bd3b4d5a924@group-D08F3DBE2A41: changes role from  FOLLOWER to CANDIDATE at term 13 for changeToCandidate
2019-11-15 00:58:04,786 [Thread-1929] INFO  impl.RoleInfo (RoleInfo.java:updateAndGet(143)) - e96d2cc9-026c-4220-b0f4-2bd3b4d5a924: start LeaderElection
2019-11-15 00:58:04,801 [e96d2cc9-026c-4220-b0f4-2bd3b4d5a924@group-D08F3DBE2A41-LeaderElection66] INFO  impl.LeaderElection (LeaderElection.java:askForVotes(178)) - e96d2cc9-026c-4220-b0f4-2bd3b4d5a924@group-D08F3DBE2A41-LeaderElection66: begin an election at term 14 for 0: [9ac24c7e-7e4f-4cef-ab0e-298cb71ae60d:192.168.164.208:37265, 4dfd32cc-2252-49fe-ba51-4380d1c0b0d5:192.168.164.208:44082, e96d2cc9-026c-4220-b0f4-2bd3b4d5a924:192.168.164.208:39163], old=null
2019-11-15 00:58:04,803 [e96d2cc9-026c-4220-b0f4-2bd3b4d5a924@group-D08F3DBE2A41-LeaderElection66] INFO  impl.LeaderElection (LogUtils.java:infoOrTrace(149)) - e96d2cc9-026c-4220-b0f4-2bd3b4d5a924@group-D08F3DBE2A41-LeaderElection66 got exception when requesting votes: {}
java.util.concurrent.ExecutionException: org.apache.ratis.thirdparty.io.grpc.StatusRuntimeException: UNAVAILABLE: io exception
	at java.util.concurrent.FutureTask.report(FutureTask.java:122)
	at java.util.concurrent.FutureTask.get(FutureTask.java:192)
	at org.apache.ratis.server.impl.LeaderElection.waitForResults(LeaderElection.java:259)
	at org.apache.ratis.server.impl.LeaderElection.askForVotes(LeaderElection.java:197)
	at org.apache.ratis.server.impl.LeaderElection.run(LeaderElection.java:133)
	at java.lang.Thread.run(Thread.java:748)
Caused by: org.apache.ratis.thirdparty.io.grpc.StatusRuntimeException: UNAVAILABLE: io exception
	at org.apache.ratis.thirdparty.io.grpc.stub.ClientCalls.toStatusRuntimeException(ClientCalls.java:233)
	at org.apache.ratis.thirdparty.io.grpc.stub.ClientCalls.getUnchecked(ClientCalls.java:214)
	at org.apache.ratis.thirdparty.io.grpc.stub.ClientCalls.blockingUnaryCall(ClientCalls.java:139)
	at org.apache.ratis.proto.grpc.RaftServerProtocolServiceGrpc$RaftServerProtocolServiceBlockingStub.requestVote(RaftServerProtocolServiceGrpc.java:265)
	at org.apache.ratis.grpc.server.GrpcServerProtocolClient.requestVote(GrpcServerProtocolClient.java:99)
	at org.apache.ratis.grpc.server.GrpcService.requestVote(GrpcService.java:204)
	at org.apache.ratis.server.impl.LeaderElection.lambda$submitRequests$1(LeaderElection.java:234)
	at java.util.concurrent.FutureTask.run(FutureTask.java:266)
	at java.util.concurrent.Executors$RunnableAdapter.call(Executors.java:511)
	at java.util.concurrent.FutureTask.run(FutureTask.java:266)
	at java.util.concurrent.ThreadPoolExecutor.runWorker(ThreadPoolExecutor.java:1149)
	at java.util.concurrent.ThreadPoolExecutor$Worker.run(ThreadPoolExecutor.java:624)
	... 1 more
Caused by: org.apache.ratis.thirdparty.io.netty.channel.AbstractChannel$AnnotatedConnectException: Connection refused: /192.168.164.208:37265
	at sun.nio.ch.SocketChannelImpl.checkConnect(Native Method)
	at sun.nio.ch.SocketChannelImpl.finishConnect(SocketChannelImpl.java:717)
	at org.apache.ratis.thirdparty.io.netty.channel.socket.nio.NioSocketChannel.doFinishConnect(NioSocketChannel.java:327)
	at org.apache.ratis.thirdparty.io.netty.channel.nio.AbstractNioChannel$AbstractNioUnsafe.finishConnect(AbstractNioChannel.java:340)
	at org.apache.ratis.thirdparty.io.netty.channel.nio.NioEventLoop.processSelectedKey(NioEventLoop.java:632)
	at org.apache.ratis.thirdparty.io.netty.channel.nio.NioEventLoop.processSelectedKeysOptimized(NioEventLoop.java:579)
	at org.apache.ratis.thirdparty.io.netty.channel.nio.NioEventLoop.processSelectedKeys(NioEventLoop.java:496)
	at org.apache.ratis.thirdparty.io.netty.channel.nio.NioEventLoop.run(NioEventLoop.java:458)
	at org.apache.ratis.thirdparty.io.netty.util.concurrent.SingleThreadEventExecutor$5.run(SingleThreadEventExecutor.java:897)
	at org.apache.ratis.thirdparty.io.netty.util.concurrent.FastThreadLocalRunnable.run(FastThreadLocalRunnable.java:30)
	... 1 more
Caused by: java.net.ConnectException: Connection refused
	... 11 more
2019-11-15 00:58:04,804 [e96d2cc9-026c-4220-b0f4-2bd3b4d5a924@group-D08F3DBE2A41-LeaderElection66] INFO  impl.LeaderElection (LogUtils.java:infoOrTrace(149)) - e96d2cc9-026c-4220-b0f4-2bd3b4d5a924@group-D08F3DBE2A41-LeaderElection66 got exception when requesting votes: {}
java.util.concurrent.ExecutionException: org.apache.ratis.thirdparty.io.grpc.StatusRuntimeException: UNAVAILABLE: io exception
	at java.util.concurrent.FutureTask.report(FutureTask.java:122)
	at java.util.concurrent.FutureTask.get(FutureTask.java:192)
	at org.apache.ratis.server.impl.LeaderElection.waitForResults(LeaderElection.java:259)
	at org.apache.ratis.server.impl.LeaderElection.askForVotes(LeaderElection.java:197)
	at org.apache.ratis.server.impl.LeaderElection.run(LeaderElection.java:133)
	at java.lang.Thread.run(Thread.java:748)
Caused by: org.apache.ratis.thirdparty.io.grpc.StatusRuntimeException: UNAVAILABLE: io exception
	at org.apache.ratis.thirdparty.io.grpc.stub.ClientCalls.toStatusRuntimeException(ClientCalls.java:233)
	at org.apache.ratis.thirdparty.io.grpc.stub.ClientCalls.getUnchecked(ClientCalls.java:214)
	at org.apache.ratis.thirdparty.io.grpc.stub.ClientCalls.blockingUnaryCall(ClientCalls.java:139)
	at org.apache.ratis.proto.grpc.RaftServerProtocolServiceGrpc$RaftServerProtocolServiceBlockingStub.requestVote(RaftServerProtocolServiceGrpc.java:265)
	at org.apache.ratis.grpc.server.GrpcServerProtocolClient.requestVote(GrpcServerProtocolClient.java:99)
	at org.apache.ratis.grpc.server.GrpcService.requestVote(GrpcService.java:204)
	at org.apache.ratis.server.impl.LeaderElection.lambda$submitRequests$1(LeaderElection.java:234)
	at java.util.concurrent.FutureTask.run(FutureTask.java:266)
	at java.util.concurrent.Executors$RunnableAdapter.call(Executors.java:511)
	at java.util.concurrent.FutureTask.run(FutureTask.java:266)
	at java.util.concurrent.ThreadPoolExecutor.runWorker(ThreadPoolExecutor.java:1149)
	at java.util.concurrent.ThreadPoolExecutor$Worker.run(ThreadPoolExecutor.java:624)
	... 1 more
Caused by: org.apache.ratis.thirdparty.io.netty.channel.AbstractChannel$AnnotatedConnectException: Connection refused: /192.168.164.208:44082
	at sun.nio.ch.SocketChannelImpl.checkConnect(Native Method)
	at sun.nio.ch.SocketChannelImpl.finishConnect(SocketChannelImpl.java:717)
	at org.apache.ratis.thirdparty.io.netty.channel.socket.nio.NioSocketChannel.doFinishConnect(NioSocketChannel.java:327)
	at org.apache.ratis.thirdparty.io.netty.channel.nio.AbstractNioChannel$AbstractNioUnsafe.finishConnect(AbstractNioChannel.java:340)
	at org.apache.ratis.thirdparty.io.netty.channel.nio.NioEventLoop.processSelectedKey(NioEventLoop.java:632)
	at org.apache.ratis.thirdparty.io.netty.channel.nio.NioEventLoop.processSelectedKeysOptimized(NioEventLoop.java:579)
	at org.apache.ratis.thirdparty.io.netty.channel.nio.NioEventLoop.processSelectedKeys(NioEventLoop.java:496)
	at org.apache.ratis.thirdparty.io.netty.channel.nio.NioEventLoop.run(NioEventLoop.java:458)
	at org.apache.ratis.thirdparty.io.netty.util.concurrent.SingleThreadEventExecutor$5.run(SingleThreadEventExecutor.java:897)
	at org.apache.ratis.thirdparty.io.netty.util.concurrent.FastThreadLocalRunnable.run(FastThreadLocalRunnable.java:30)
	... 1 more
Caused by: java.net.ConnectException: Connection refused
	... 11 more
2019-11-15 00:58:04,804 [e96d2cc9-026c-4220-b0f4-2bd3b4d5a924@group-D08F3DBE2A41-LeaderElection66] INFO  impl.LeaderElection (LeaderElection.java:logAndReturn(56)) - e96d2cc9-026c-4220-b0f4-2bd3b4d5a924@group-D08F3DBE2A41-LeaderElection66: Election REJECTED; received 0 response(s) [] and 2 exception(s); e96d2cc9-026c-4220-b0f4-2bd3b4d5a924@group-D08F3DBE2A41:t14, leader=null, voted=e96d2cc9-026c-4220-b0f4-2bd3b4d5a924, raftlog=e96d2cc9-026c-4220-b0f4-2bd3b4d5a924@group-D08F3DBE2A41-SegmentedRaftLog:OPENED:c0,f0,i0, conf=0: [9ac24c7e-7e4f-4cef-ab0e-298cb71ae60d:192.168.164.208:37265, 4dfd32cc-2252-49fe-ba51-4380d1c0b0d5:192.168.164.208:44082, e96d2cc9-026c-4220-b0f4-2bd3b4d5a924:192.168.164.208:39163], old=null
2019-11-15 00:58:04,804 [e96d2cc9-026c-4220-b0f4-2bd3b4d5a924@group-D08F3DBE2A41-LeaderElection66] INFO  impl.LeaderElection (LogUtils.java:infoOrTrace(149)) -   Exception 0: {}
java.util.concurrent.ExecutionException: org.apache.ratis.thirdparty.io.grpc.StatusRuntimeException: UNAVAILABLE: io exception
	at java.util.concurrent.FutureTask.report(FutureTask.java:122)
	at java.util.concurrent.FutureTask.get(FutureTask.java:192)
	at org.apache.ratis.server.impl.LeaderElection.waitForResults(LeaderElection.java:259)
	at org.apache.ratis.server.impl.LeaderElection.askForVotes(LeaderElection.java:197)
	at org.apache.ratis.server.impl.LeaderElection.run(LeaderElection.java:133)
	at java.lang.Thread.run(Thread.java:748)
Caused by: org.apache.ratis.thirdparty.io.grpc.StatusRuntimeException: UNAVAILABLE: io exception
	at org.apache.ratis.thirdparty.io.grpc.stub.ClientCalls.toStatusRuntimeException(ClientCalls.java:233)
	at org.apache.ratis.thirdparty.io.grpc.stub.ClientCalls.getUnchecked(ClientCalls.java:214)
	at org.apache.ratis.thirdparty.io.grpc.stub.ClientCalls.blockingUnaryCall(ClientCalls.java:139)
	at org.apache.ratis.proto.grpc.RaftServerProtocolServiceGrpc$RaftServerProtocolServiceBlockingStub.requestVote(RaftServerProtocolServiceGrpc.java:265)
	at org.apache.ratis.grpc.server.GrpcServerProtocolClient.requestVote(GrpcServerProtocolClient.java:99)
	at org.apache.ratis.grpc.server.GrpcService.requestVote(GrpcService.java:204)
	at org.apache.ratis.server.impl.LeaderElection.lambda$submitRequests$1(LeaderElection.java:234)
	at java.util.concurrent.FutureTask.run(FutureTask.java:266)
	at java.util.concurrent.Executors$RunnableAdapter.call(Executors.java:511)
	at java.util.concurrent.FutureTask.run(FutureTask.java:266)
	at java.util.concurrent.ThreadPoolExecutor.runWorker(ThreadPoolExecutor.java:1149)
	at java.util.concurrent.ThreadPoolExecutor$Worker.run(ThreadPoolExecutor.java:624)
	... 1 more
Caused by: org.apache.ratis.thirdparty.io.netty.channel.AbstractChannel$AnnotatedConnectException: Connection refused: /192.168.164.208:37265
	at sun.nio.ch.SocketChannelImpl.checkConnect(Native Method)
	at sun.nio.ch.SocketChannelImpl.finishConnect(SocketChannelImpl.java:717)
	at org.apache.ratis.thirdparty.io.netty.channel.socket.nio.NioSocketChannel.doFinishConnect(NioSocketChannel.java:327)
	at org.apache.ratis.thirdparty.io.netty.channel.nio.AbstractNioChannel$AbstractNioUnsafe.finishConnect(AbstractNioChannel.java:340)
	at org.apache.ratis.thirdparty.io.netty.channel.nio.NioEventLoop.processSelectedKey(NioEventLoop.java:632)
	at org.apache.ratis.thirdparty.io.netty.channel.nio.NioEventLoop.processSelectedKeysOptimized(NioEventLoop.java:579)
	at org.apache.ratis.thirdparty.io.netty.channel.nio.NioEventLoop.processSelectedKeys(NioEventLoop.java:496)
	at org.apache.ratis.thirdparty.io.netty.channel.nio.NioEventLoop.run(NioEventLoop.java:458)
	at org.apache.ratis.thirdparty.io.netty.util.concurrent.SingleThreadEventExecutor$5.run(SingleThreadEventExecutor.java:897)
	at org.apache.ratis.thirdparty.io.netty.util.concurrent.FastThreadLocalRunnable.run(FastThreadLocalRunnable.java:30)
	... 1 more
Caused by: java.net.ConnectException: Connection refused
	... 11 more
2019-11-15 00:58:04,805 [e96d2cc9-026c-4220-b0f4-2bd3b4d5a924@group-D08F3DBE2A41-LeaderElection66] INFO  impl.LeaderElection (LogUtils.java:infoOrTrace(149)) -   Exception 1: {}
java.util.concurrent.ExecutionException: org.apache.ratis.thirdparty.io.grpc.StatusRuntimeException: UNAVAILABLE: io exception
	at java.util.concurrent.FutureTask.report(FutureTask.java:122)
	at java.util.concurrent.FutureTask.get(FutureTask.java:192)
	at org.apache.ratis.server.impl.LeaderElection.waitForResults(LeaderElection.java:259)
	at org.apache.ratis.server.impl.LeaderElection.askForVotes(LeaderElection.java:197)
	at org.apache.ratis.server.impl.LeaderElection.run(LeaderElection.java:133)
	at java.lang.Thread.run(Thread.java:748)
Caused by: org.apache.ratis.thirdparty.io.grpc.StatusRuntimeException: UNAVAILABLE: io exception
	at org.apache.ratis.thirdparty.io.grpc.stub.ClientCalls.toStatusRuntimeException(ClientCalls.java:233)
	at org.apache.ratis.thirdparty.io.grpc.stub.ClientCalls.getUnchecked(ClientCalls.java:214)
	at org.apache.ratis.thirdparty.io.grpc.stub.ClientCalls.blockingUnaryCall(ClientCalls.java:139)
	at org.apache.ratis.proto.grpc.RaftServerProtocolServiceGrpc$RaftServerProtocolServiceBlockingStub.requestVote(RaftServerProtocolServiceGrpc.java:265)
	at org.apache.ratis.grpc.server.GrpcServerProtocolClient.requestVote(GrpcServerProtocolClient.java:99)
	at org.apache.ratis.grpc.server.GrpcService.requestVote(GrpcService.java:204)
	at org.apache.ratis.server.impl.LeaderElection.lambda$submitRequests$1(LeaderElection.java:234)
	at java.util.concurrent.FutureTask.run(FutureTask.java:266)
	at java.util.concurrent.Executors$RunnableAdapter.call(Executors.java:511)
	at java.util.concurrent.FutureTask.run(FutureTask.java:266)
	at java.util.concurrent.ThreadPoolExecutor.runWorker(ThreadPoolExecutor.java:1149)
	at java.util.concurrent.ThreadPoolExecutor$Worker.run(ThreadPoolExecutor.java:624)
	... 1 more
Caused by: org.apache.ratis.thirdparty.io.netty.channel.AbstractChannel$AnnotatedConnectException: Connection refused: /192.168.164.208:44082
	at sun.nio.ch.SocketChannelImpl.checkConnect(Native Method)
	at sun.nio.ch.SocketChannelImpl.finishConnect(SocketChannelImpl.java:717)
	at org.apache.ratis.thirdparty.io.netty.channel.socket.nio.NioSocketChannel.doFinishConnect(NioSocketChannel.java:327)
	at org.apache.ratis.thirdparty.io.netty.channel.nio.AbstractNioChannel$AbstractNioUnsafe.finishConnect(AbstractNioChannel.java:340)
	at org.apache.ratis.thirdparty.io.netty.channel.nio.NioEventLoop.processSelectedKey(NioEventLoop.java:632)
	at org.apache.ratis.thirdparty.io.netty.channel.nio.NioEventLoop.processSelectedKeysOptimized(NioEventLoop.java:579)
	at org.apache.ratis.thirdparty.io.netty.channel.nio.NioEventLoop.processSelectedKeys(NioEventLoop.java:496)
	at org.apache.ratis.thirdparty.io.netty.channel.nio.NioEventLoop.run(NioEventLoop.java:458)
	at org.apache.ratis.thirdparty.io.netty.util.concurrent.SingleThreadEventExecutor$5.run(SingleThreadEventExecutor.java:897)
	at org.apache.ratis.thirdparty.io.netty.util.concurrent.FastThreadLocalRunnable.run(FastThreadLocalRunnable.java:30)
	... 1 more
Caused by: java.net.ConnectException: Connection refused
	... 11 more
2019-11-15 00:58:04,805 [e96d2cc9-026c-4220-b0f4-2bd3b4d5a924@group-D08F3DBE2A41-LeaderElection66] INFO  impl.RaftServerImpl (RaftServerImpl.java:setRole(173)) - e96d2cc9-026c-4220-b0f4-2bd3b4d5a924@group-D08F3DBE2A41: changes role from CANDIDATE to FOLLOWER at term 14 for DISCOVERED_A_NEW_TERM
2019-11-15 00:58:04,805 [e96d2cc9-026c-4220-b0f4-2bd3b4d5a924@group-D08F3DBE2A41-LeaderElection66] INFO  impl.RoleInfo (RoleInfo.java:shutdownLeaderElection(134)) - e96d2cc9-026c-4220-b0f4-2bd3b4d5a924: shutdown LeaderElection
2019-11-15 00:58:04,805 [e96d2cc9-026c-4220-b0f4-2bd3b4d5a924@group-D08F3DBE2A41-LeaderElection66] INFO  impl.RoleInfo (RoleInfo.java:updateAndGet(143)) - e96d2cc9-026c-4220-b0f4-2bd3b4d5a924: start FollowerState
2019-11-15 00:58:05,561 [main] INFO  ozoneimpl.OzoneContainer (OzoneContainer.java:stop(244)) - Attempting to stop container services.
2019-11-15 00:58:05,561 [ForkJoinPool.commonPool-worker-1] INFO  ozoneimpl.OzoneContainer (OzoneContainer.java:stop(244)) - Attempting to stop container services.
2019-11-15 00:58:05,564 [main] INFO  impl.RaftServerProxy (RaftServerProxy.java:lambda$close$4(314)) - e96d2cc9-026c-4220-b0f4-2bd3b4d5a924: close
2019-11-15 00:58:05,565 [ForkJoinPool.commonPool-worker-1] INFO  impl.RaftServerProxy (RaftServerProxy.java:lambda$close$4(314)) - d61fc7c3-32e3-43e3-b156-a1b483a86779: close
2019-11-15 00:58:05,565 [main] INFO  impl.RaftServerImpl (RaftServerImpl.java:lambda$shutdown$3(250)) - e96d2cc9-026c-4220-b0f4-2bd3b4d5a924@group-0B60AC9C5BED: shutdown
2019-11-15 00:58:05,565 [ForkJoinPool.commonPool-worker-1] INFO  impl.RaftServerImpl (RaftServerImpl.java:lambda$shutdown$3(250)) - d61fc7c3-32e3-43e3-b156-a1b483a86779@group-783A9A2A969F: shutdown
2019-11-15 00:58:05,566 [main] INFO  util.JmxRegister (JmxRegister.java:unregister(73)) - Successfully un-registered JMX Bean with object name Ratis:service=RaftServer,group=group-0B60AC9C5BED,id=e96d2cc9-026c-4220-b0f4-2bd3b4d5a924
2019-11-15 00:58:05,566 [ForkJoinPool.commonPool-worker-1] INFO  util.JmxRegister (JmxRegister.java:unregister(73)) - Successfully un-registered JMX Bean with object name Ratis:service=RaftServer,group=group-783A9A2A969F,id=d61fc7c3-32e3-43e3-b156-a1b483a86779
2019-11-15 00:58:05,567 [main] INFO  impl.RoleInfo (RoleInfo.java:shutdownLeaderState(104)) - e96d2cc9-026c-4220-b0f4-2bd3b4d5a924: shutdown LeaderState
2019-11-15 00:58:05,567 [ForkJoinPool.commonPool-worker-1] INFO  impl.RoleInfo (RoleInfo.java:shutdownLeaderState(104)) - d61fc7c3-32e3-43e3-b156-a1b483a86779: shutdown LeaderState
2019-11-15 00:58:05,567 [main] INFO  impl.PendingRequests (PendingRequests.java:sendNotLeaderResponses(206)) - e96d2cc9-026c-4220-b0f4-2bd3b4d5a924@group-0B60AC9C5BED-PendingRequests: sendNotLeaderResponses
2019-11-15 00:58:05,567 [ForkJoinPool.commonPool-worker-1] INFO  impl.PendingRequests (PendingRequests.java:sendNotLeaderResponses(206)) - d61fc7c3-32e3-43e3-b156-a1b483a86779@group-783A9A2A969F-PendingRequests: sendNotLeaderResponses
2019-11-15 00:58:05,568 [ForkJoinPool.commonPool-worker-1] INFO  impl.StateMachineUpdater (StateMachineUpdater.java:stopAndJoin(136)) - d61fc7c3-32e3-43e3-b156-a1b483a86779@group-783A9A2A969F-StateMachineUpdater: set stopIndex = 0
2019-11-15 00:58:05,568 [main] INFO  impl.StateMachineUpdater (StateMachineUpdater.java:stopAndJoin(136)) - e96d2cc9-026c-4220-b0f4-2bd3b4d5a924@group-0B60AC9C5BED-StateMachineUpdater: set stopIndex = 0
2019-11-15 00:58:05,569 [main] INFO  impl.RaftServerImpl (ServerState.java:close(387)) - e96d2cc9-026c-4220-b0f4-2bd3b4d5a924@group-0B60AC9C5BED: closes. applyIndex: 0
2019-11-15 00:58:05,570 [ForkJoinPool.commonPool-worker-1] INFO  impl.RaftServerImpl (ServerState.java:close(387)) - d61fc7c3-32e3-43e3-b156-a1b483a86779@group-783A9A2A969F: closes. applyIndex: 0
2019-11-15 00:58:05,570 [e96d2cc9-026c-4220-b0f4-2bd3b4d5a924@group-0B60AC9C5BED-SegmentedRaftLogWorker] INFO  segmented.SegmentedRaftLogWorker (SegmentedRaftLogWorker.java:run(316)) - e96d2cc9-026c-4220-b0f4-2bd3b4d5a924@group-0B60AC9C5BED-SegmentedRaftLogWorker was interrupted, exiting. There are 0 tasks remaining in the queue.
2019-11-15 00:58:05,578 [d61fc7c3-32e3-43e3-b156-a1b483a86779@group-783A9A2A969F-SegmentedRaftLogWorker] INFO  segmented.SegmentedRaftLogWorker (SegmentedRaftLogWorker.java:run(316)) - d61fc7c3-32e3-43e3-b156-a1b483a86779@group-783A9A2A969F-SegmentedRaftLogWorker was interrupted, exiting. There are 0 tasks remaining in the queue.
2019-11-15 00:58:05,578 [main] INFO  segmented.SegmentedRaftLogWorker (SegmentedRaftLogWorker.java:close(224)) - e96d2cc9-026c-4220-b0f4-2bd3b4d5a924@group-0B60AC9C5BED-SegmentedRaftLogWorker close()
2019-11-15 00:58:05,578 [ForkJoinPool.commonPool-worker-1] INFO  segmented.SegmentedRaftLogWorker (SegmentedRaftLogWorker.java:close(224)) - d61fc7c3-32e3-43e3-b156-a1b483a86779@group-783A9A2A969F-SegmentedRaftLogWorker close()
2019-11-15 00:58:05,580 [main] INFO  impl.RaftServerImpl (RaftServerImpl.java:lambda$shutdown$3(250)) - e96d2cc9-026c-4220-b0f4-2bd3b4d5a924@group-D08F3DBE2A41: shutdown
2019-11-15 00:58:05,581 [ForkJoinPool.commonPool-worker-1] INFO  server.GrpcService (GrpcService.java:closeImpl(164)) - d61fc7c3-32e3-43e3-b156-a1b483a86779: shutdown server with port 39950 now
2019-11-15 00:58:05,581 [main] INFO  util.JmxRegister (JmxRegister.java:unregister(73)) - Successfully un-registered JMX Bean with object name Ratis:service=RaftServer,group=group-D08F3DBE2A41,id=e96d2cc9-026c-4220-b0f4-2bd3b4d5a924
2019-11-15 00:58:05,582 [main] INFO  impl.RoleInfo (RoleInfo.java:shutdownFollowerState(121)) - e96d2cc9-026c-4220-b0f4-2bd3b4d5a924: shutdown FollowerState
2019-11-15 00:58:05,582 [ForkJoinPool.commonPool-worker-1] INFO  server.GrpcService (GrpcService.java:closeImpl(172)) - d61fc7c3-32e3-43e3-b156-a1b483a86779: shutdown server with port 39950 successfully
2019-11-15 00:58:05,582 [Thread-1933] INFO  impl.FollowerState (FollowerState.java:run(120)) - e96d2cc9-026c-4220-b0f4-2bd3b4d5a924@group-D08F3DBE2A41-FollowerState was interrupted: java.lang.InterruptedException: sleep interrupted
2019-11-15 00:58:05,582 [main] INFO  impl.StateMachineUpdater (StateMachineUpdater.java:stopAndJoin(136)) - e96d2cc9-026c-4220-b0f4-2bd3b4d5a924@group-D08F3DBE2A41-StateMachineUpdater: set stopIndex = 0
2019-11-15 00:58:05,583 [main] INFO  impl.RaftServerImpl (ServerState.java:close(387)) - e96d2cc9-026c-4220-b0f4-2bd3b4d5a924@group-D08F3DBE2A41: closes. applyIndex: 0
2019-11-15 00:58:05,584 [e96d2cc9-026c-4220-b0f4-2bd3b4d5a924@group-D08F3DBE2A41-SegmentedRaftLogWorker] INFO  segmented.SegmentedRaftLogWorker (SegmentedRaftLogWorker.java:run(316)) - e96d2cc9-026c-4220-b0f4-2bd3b4d5a924@group-D08F3DBE2A41-SegmentedRaftLogWorker was interrupted, exiting. There are 0 tasks remaining in the queue.
2019-11-15 00:58:05,584 [main] INFO  segmented.SegmentedRaftLogWorker (SegmentedRaftLogWorker.java:close(224)) - e96d2cc9-026c-4220-b0f4-2bd3b4d5a924@group-D08F3DBE2A41-SegmentedRaftLogWorker close()
2019-11-15 00:58:05,585 [main] INFO  server.GrpcService (GrpcService.java:closeImpl(164)) - e96d2cc9-026c-4220-b0f4-2bd3b4d5a924: shutdown server with port 39163 now
2019-11-15 00:58:05,587 [main] INFO  server.GrpcService (GrpcService.java:closeImpl(172)) - e96d2cc9-026c-4220-b0f4-2bd3b4d5a924: shutdown server with port 39163 successfully
2019-11-15 00:58:05,593 [refreshUsed-/workdir/hadoop-ozone/integration-test/target/test-dir/MiniOzoneClusterImpl-8fc52630-20fd-4955-97d1-2a2852f9ee58/datanode-7/data/containers] WARN  fs.CachingGetSpaceUsed (CachingGetSpaceUsed.java:run(183)) - Thread Interrupted waiting to refresh disk information: sleep interrupted
2019-11-15 00:58:05,594 [refreshUsed-/workdir/hadoop-ozone/integration-test/target/test-dir/MiniOzoneClusterImpl-8fc52630-20fd-4955-97d1-2a2852f9ee58/datanode-1/data/containers] WARN  fs.CachingGetSpaceUsed (CachingGetSpaceUsed.java:run(183)) - Thread Interrupted waiting to refresh disk information: sleep interrupted
2019-11-15 00:58:05,621 [main] INFO  utils.BackgroundService (BackgroundService.java:shutdown(151)) - Shutting down service BlockDeletingService
2019-11-15 00:58:05,623 [main] INFO  statemachine.DatanodeStateMachine (DatanodeStateMachine.java:stopDaemon(400)) - Ozone container server stopped.
2019-11-15 00:58:05,624 [ForkJoinPool.commonPool-worker-1] INFO  utils.BackgroundService (BackgroundService.java:shutdown(151)) - Shutting down service BlockDeletingService
2019-11-15 00:58:05,628 [ForkJoinPool.commonPool-worker-1] INFO  statemachine.DatanodeStateMachine (DatanodeStateMachine.java:stopDaemon(400)) - Ozone container server stopped.
2019-11-15 00:58:05,631 [ForkJoinPool.commonPool-worker-1] INFO  handler.ContextHandler (ContextHandler.java:doStop(910)) - Stopped o.e.j.w.WebAppContext@6413d7e7{/,null,UNAVAILABLE}{/hddsDatanode}
2019-11-15 00:58:05,631 [main] INFO  handler.ContextHandler (ContextHandler.java:doStop(910)) - Stopped o.e.j.w.WebAppContext@f1266c6{/,null,UNAVAILABLE}{/hddsDatanode}
2019-11-15 00:58:05,632 [main] INFO  server.AbstractConnector (AbstractConnector.java:doStop(318)) - Stopped ServerConnector@3913f206{HTTP/1.1,[http/1.1]}{0.0.0.0:0}
2019-11-15 00:58:05,632 [ForkJoinPool.commonPool-worker-1] INFO  server.AbstractConnector (AbstractConnector.java:doStop(318)) - Stopped ServerConnector@d16be4f{HTTP/1.1,[http/1.1]}{0.0.0.0:0}
2019-11-15 00:58:05,633 [main] INFO  handler.ContextHandler (ContextHandler.java:doStop(910)) - Stopped o.e.j.s.ServletContextHandler@3850e90c{/static,jar:file:/home/user/.m2/repository/org/apache/hadoop/hadoop-hdds-container-service/0.5.0-SNAPSHOT/hadoop-hdds-container-service-0.5.0-SNAPSHOT.jar!/webapps/static,UNAVAILABLE}
2019-11-15 00:58:05,633 [ForkJoinPool.commonPool-worker-1] INFO  handler.ContextHandler (ContextHandler.java:doStop(910)) - Stopped o.e.j.s.ServletContextHandler@d902300{/static,jar:file:/home/user/.m2/repository/org/apache/hadoop/hadoop-hdds-container-service/0.5.0-SNAPSHOT/hadoop-hdds-container-service-0.5.0-SNAPSHOT.jar!/webapps/static,UNAVAILABLE}
2019-11-15 00:58:05,633 [main] INFO  handler.ContextHandler (ContextHandler.java:doStop(910)) - Stopped o.e.j.s.ServletContextHandler@4570d7b6{/logs,file:///workdir/hadoop-ozone/integration-test/target/log,UNAVAILABLE}
2019-11-15 00:58:05,633 [ForkJoinPool.commonPool-worker-1] INFO  handler.ContextHandler (ContextHandler.java:doStop(910)) - Stopped o.e.j.s.ServletContextHandler@7e351d7{/logs,file:///workdir/hadoop-ozone/integration-test/target/log,UNAVAILABLE}
2019-11-15 00:58:05,635 [main] INFO  ozone.MiniOzoneClusterImpl (MiniOzoneClusterImpl.java:stopSCM(430)) - Stopping the StorageContainerManager
2019-11-15 00:58:05,635 [main] INFO  server.StorageContainerManager (StorageContainerManager.java:stop(804)) - Stopping Replication Manager Service.
2019-11-15 00:58:05,636 [main] INFO  container.ReplicationManager (ReplicationManager.java:stop(203)) - Stopping Replication Monitor Thread.
2019-11-15 00:58:05,636 [main] INFO  server.StorageContainerManager (StorageContainerManager.java:stop(811)) - Stopping Lease Manager of the command watchers
2019-11-15 00:58:05,636 [main] INFO  server.StorageContainerManager (StorageContainerManager.java:stop(818)) - Stopping datanode service RPC server
2019-11-15 00:58:05,636 [main] INFO  server.SCMDatanodeProtocolServer (SCMDatanodeProtocolServer.java:stop(346)) - Stopping the RPC server for DataNodes
2019-11-15 00:58:05,636 [main] INFO  ipc.Server (Server.java:stop(3082)) - Stopping server on 39845
2019-11-15 00:58:05,639 [IPC Server listener on 39845] INFO  ipc.Server (Server.java:run(1185)) - Stopping IPC Server listener on 39845
2019-11-15 00:58:05,639 [IPC Server Responder] INFO  ipc.Server (Server.java:run(1319)) - Stopping IPC Server Responder
2019-11-15 00:58:05,693 [SCM Heartbeat Processing Thread - 0] WARN  node.NodeStateManager (NodeStateManager.java:scheduleNextHealthCheck(646)) - Current Thread is interrupted, shutting down HB processing thread for Node Manager.
2019-11-15 00:58:05,694 [main] INFO  server.StorageContainerManager (StorageContainerManager.java:stop(826)) - Stopping block service RPC server
2019-11-15 00:58:05,694 [main] INFO  server.SCMBlockProtocolServer (SCMBlockProtocolServer.java:stop(155)) - Stopping the RPC server for Block Protocol
2019-11-15 00:58:05,694 [main] INFO  ipc.Server (Server.java:stop(3082)) - Stopping server on 40581
2019-11-15 00:58:05,696 [IPC Server listener on 40581] INFO  ipc.Server (Server.java:run(1185)) - Stopping IPC Server listener on 40581
2019-11-15 00:58:05,696 [main] INFO  server.StorageContainerManager (StorageContainerManager.java:stop(833)) - Stopping the StorageContainerLocationProtocol RPC server
2019-11-15 00:58:05,696 [IPC Server Responder] INFO  ipc.Server (Server.java:run(1319)) - Stopping IPC Server Responder
2019-11-15 00:58:05,696 [main] INFO  server.SCMClientProtocolServer (SCMClientProtocolServer.java:stop(169)) - Stopping the RPC server for Client Protocol
2019-11-15 00:58:05,697 [main] INFO  ipc.Server (Server.java:stop(3082)) - Stopping server on 35120
2019-11-15 00:58:05,698 [IPC Server listener on 35120] INFO  ipc.Server (Server.java:run(1185)) - Stopping IPC Server listener on 35120
2019-11-15 00:58:05,698 [main] INFO  server.StorageContainerManager (StorageContainerManager.java:stop(840)) - Stopping Storage Container Manager HTTP server.
2019-11-15 00:58:05,699 [IPC Server Responder] INFO  ipc.Server (Server.java:run(1319)) - Stopping IPC Server Responder
2019-11-15 00:58:05,700 [main] INFO  handler.ContextHandler (ContextHandler.java:doStop(910)) - Stopped o.e.j.w.WebAppContext@60c1663c{/,null,UNAVAILABLE}{/scm}
2019-11-15 00:58:05,701 [main] INFO  server.AbstractConnector (AbstractConnector.java:doStop(318)) - Stopped ServerConnector@f5cf29b{HTTP/1.1,[http/1.1]}{0.0.0.0:0}
2019-11-15 00:58:05,701 [main] INFO  handler.ContextHandler (ContextHandler.java:doStop(910)) - Stopped o.e.j.s.ServletContextHandler@7c2924d7{/static,file:///workdir/hadoop-ozone/integration-test/target/test-classes/webapps/static,UNAVAILABLE}
2019-11-15 00:58:05,701 [main] INFO  handler.ContextHandler (ContextHandler.java:doStop(910)) - Stopped o.e.j.s.ServletContextHandler@7eb200ce{/logs,file:///workdir/hadoop-ozone/integration-test/target/log,UNAVAILABLE}
2019-11-15 00:58:05,702 [main] INFO  server.StorageContainerManager (StorageContainerManager.java:stop(851)) - Stopping Block Manager Service.
2019-11-15 00:58:05,703 [main] INFO  utils.BackgroundService (BackgroundService.java:shutdown(151)) - Shutting down service SCMBlockDeletingService
2019-11-15 00:58:05,703 [main] INFO  utils.BackgroundService (BackgroundService.java:shutdown(151)) - Shutting down service SCMBlockDeletingService
2019-11-15 00:58:05,704 [main] INFO  server.StorageContainerManager (StorageContainerManager.java:stop(873)) - Stopping SCM Event Queue.
2019-11-15 00:58:05,709 [main] INFO  impl.MetricsSystemImpl (MetricsSystemImpl.java:stop(210)) - Stopping HddsDatanode metrics system...
2019-11-15 00:58:05,719 [main] INFO  impl.MetricsSystemImpl (MetricsSystemImpl.java:stop(216)) - HddsDatanode metrics system stopped.
]]></system-out>
    <system-err><![CDATA[Nov 15, 2019 12:57:45 AM org.apache.ratis.thirdparty.io.grpc.internal.SerializingExecutor run
SEVERE: Exception while executing runnable org.apache.ratis.thirdparty.io.grpc.internal.ServerImpl$JumpToApplicationThreadServerStreamListener$1Closed@2057b4ad
org.apache.ratis.thirdparty.io.grpc.StatusRuntimeException: CANCELLED: call already cancelled
	at org.apache.ratis.thirdparty.io.grpc.Status.asRuntimeException(Status.java:517)
	at org.apache.ratis.thirdparty.io.grpc.stub.ServerCalls$ServerCallStreamObserverImpl.onCompleted(ServerCalls.java:356)
	at org.apache.ratis.grpc.server.GrpcServerProtocolService$ServerRequestStreamObserver.onError(GrpcServerProtocolService.java:121)
	at org.apache.ratis.thirdparty.io.grpc.stub.ServerCalls$StreamingServerCallHandler$StreamingServerCallListener.onCancel(ServerCalls.java:269)
	at org.apache.ratis.thirdparty.io.grpc.internal.ServerCallImpl$ServerStreamListenerImpl.closed(ServerCallImpl.java:293)
	at org.apache.ratis.thirdparty.io.grpc.internal.ServerImpl$JumpToApplicationThreadServerStreamListener$1Closed.runInContext(ServerImpl.java:741)
	at org.apache.ratis.thirdparty.io.grpc.internal.ContextRunnable.run(ContextRunnable.java:37)
	at org.apache.ratis.thirdparty.io.grpc.internal.SerializingExecutor.run(SerializingExecutor.java:123)
	at java.util.concurrent.ThreadPoolExecutor.runWorker(ThreadPoolExecutor.java:1149)
	at java.util.concurrent.ThreadPoolExecutor$Worker.run(ThreadPoolExecutor.java:624)
	at java.lang.Thread.run(Thread.java:748)

Nov 15, 2019 12:57:45 AM org.apache.ratis.thirdparty.io.grpc.internal.SerializingExecutor run
SEVERE: Exception while executing runnable org.apache.ratis.thirdparty.io.grpc.internal.ServerImpl$JumpToApplicationThreadServerStreamListener$1Closed@5c7380e6
org.apache.ratis.thirdparty.io.grpc.StatusRuntimeException: CANCELLED: call already cancelled
	at org.apache.ratis.thirdparty.io.grpc.Status.asRuntimeException(Status.java:517)
	at org.apache.ratis.thirdparty.io.grpc.stub.ServerCalls$ServerCallStreamObserverImpl.onCompleted(ServerCalls.java:356)
	at org.apache.ratis.grpc.server.GrpcServerProtocolService$ServerRequestStreamObserver.onError(GrpcServerProtocolService.java:121)
	at org.apache.ratis.thirdparty.io.grpc.stub.ServerCalls$StreamingServerCallHandler$StreamingServerCallListener.onCancel(ServerCalls.java:269)
	at org.apache.ratis.thirdparty.io.grpc.internal.ServerCallImpl$ServerStreamListenerImpl.closed(ServerCallImpl.java:293)
	at org.apache.ratis.thirdparty.io.grpc.internal.ServerImpl$JumpToApplicationThreadServerStreamListener$1Closed.runInContext(ServerImpl.java:741)
	at org.apache.ratis.thirdparty.io.grpc.internal.ContextRunnable.run(ContextRunnable.java:37)
	at org.apache.ratis.thirdparty.io.grpc.internal.SerializingExecutor.run(SerializingExecutor.java:123)
	at java.util.concurrent.ThreadPoolExecutor.runWorker(ThreadPoolExecutor.java:1149)
	at java.util.concurrent.ThreadPoolExecutor$Worker.run(ThreadPoolExecutor.java:624)
	at java.lang.Thread.run(Thread.java:748)

Nov 15, 2019 12:57:50 AM org.apache.ratis.thirdparty.io.grpc.internal.SerializingExecutor run
SEVERE: Exception while executing runnable org.apache.ratis.thirdparty.io.grpc.internal.ServerImpl$JumpToApplicationThreadServerStreamListener$1Closed@43183bc9
org.apache.ratis.thirdparty.io.grpc.StatusRuntimeException: CANCELLED: call already cancelled
	at org.apache.ratis.thirdparty.io.grpc.Status.asRuntimeException(Status.java:517)
	at org.apache.ratis.thirdparty.io.grpc.stub.ServerCalls$ServerCallStreamObserverImpl.onCompleted(ServerCalls.java:356)
	at org.apache.ratis.grpc.server.GrpcServerProtocolService$ServerRequestStreamObserver.onError(GrpcServerProtocolService.java:121)
	at org.apache.ratis.thirdparty.io.grpc.stub.ServerCalls$StreamingServerCallHandler$StreamingServerCallListener.onCancel(ServerCalls.java:269)
	at org.apache.ratis.thirdparty.io.grpc.internal.ServerCallImpl$ServerStreamListenerImpl.closed(ServerCallImpl.java:293)
	at org.apache.ratis.thirdparty.io.grpc.internal.ServerImpl$JumpToApplicationThreadServerStreamListener$1Closed.runInContext(ServerImpl.java:741)
	at org.apache.ratis.thirdparty.io.grpc.internal.ContextRunnable.run(ContextRunnable.java:37)
	at org.apache.ratis.thirdparty.io.grpc.internal.SerializingExecutor.run(SerializingExecutor.java:123)
	at java.util.concurrent.ThreadPoolExecutor.runWorker(ThreadPoolExecutor.java:1149)
	at java.util.concurrent.ThreadPoolExecutor$Worker.run(ThreadPoolExecutor.java:624)
	at java.lang.Thread.run(Thread.java:748)

Nov 15, 2019 12:57:55 AM org.apache.ratis.thirdparty.io.grpc.internal.SerializingExecutor run
SEVERE: Exception while executing runnable org.apache.ratis.thirdparty.io.grpc.internal.ServerImpl$JumpToApplicationThreadServerStreamListener$1Closed@440d5ed5
org.apache.ratis.thirdparty.io.grpc.StatusRuntimeException: CANCELLED: call already cancelled
	at org.apache.ratis.thirdparty.io.grpc.Status.asRuntimeException(Status.java:517)
	at org.apache.ratis.thirdparty.io.grpc.stub.ServerCalls$ServerCallStreamObserverImpl.onCompleted(ServerCalls.java:356)
	at org.apache.ratis.grpc.server.GrpcServerProtocolService$ServerRequestStreamObserver.onError(GrpcServerProtocolService.java:121)
	at org.apache.ratis.thirdparty.io.grpc.stub.ServerCalls$StreamingServerCallHandler$StreamingServerCallListener.onCancel(ServerCalls.java:269)
	at org.apache.ratis.thirdparty.io.grpc.internal.ServerCallImpl$ServerStreamListenerImpl.closed(ServerCallImpl.java:293)
	at org.apache.ratis.thirdparty.io.grpc.internal.ServerImpl$JumpToApplicationThreadServerStreamListener$1Closed.runInContext(ServerImpl.java:741)
	at org.apache.ratis.thirdparty.io.grpc.internal.ContextRunnable.run(ContextRunnable.java:37)
	at org.apache.ratis.thirdparty.io.grpc.internal.SerializingExecutor.run(SerializingExecutor.java:123)
	at java.util.concurrent.ThreadPoolExecutor.runWorker(ThreadPoolExecutor.java:1149)
	at java.util.concurrent.ThreadPoolExecutor$Worker.run(ThreadPoolExecutor.java:624)
	at java.lang.Thread.run(Thread.java:748)

]]></system-err>
  </testcase>
  <testcase name="testWriteSmallFile" classname="org.apache.hadoop.ozone.client.rpc.TestFailureHandlingByClient" time="49.068"/>
  <testcase name="testBlockWritesWithDnFailures" classname="org.apache.hadoop.ozone.client.rpc.TestFailureHandlingByClient" time="80.316"/>
  <testcase name="testDatanodeExclusionWithMajorityCommit" classname="org.apache.hadoop.ozone.client.rpc.TestFailureHandlingByClient" time="46.679">
    <failure type="java.lang.AssertionError">java.lang.AssertionError
	at org.junit.Assert.fail(Assert.java:86)
	at org.junit.Assert.assertTrue(Assert.java:41)
	at org.junit.Assert.assertTrue(Assert.java:52)
	at org.apache.hadoop.ozone.client.rpc.TestFailureHandlingByClient.testDatanodeExclusionWithMajorityCommit(TestFailureHandlingByClient.java:322)
	at sun.reflect.NativeMethodAccessorImpl.invoke0(Native Method)
	at sun.reflect.NativeMethodAccessorImpl.invoke(NativeMethodAccessorImpl.java:62)
	at sun.reflect.DelegatingMethodAccessorImpl.invoke(DelegatingMethodAccessorImpl.java:43)
	at java.lang.reflect.Method.invoke(Method.java:498)
	at org.junit.runners.model.FrameworkMethod$1.runReflectiveCall(FrameworkMethod.java:47)
	at org.junit.internal.runners.model.ReflectiveCallable.run(ReflectiveCallable.java:12)
	at org.junit.runners.model.FrameworkMethod.invokeExplosively(FrameworkMethod.java:44)
	at org.junit.internal.runners.statements.InvokeMethod.evaluate(InvokeMethod.java:17)
	at org.junit.internal.runners.statements.RunAfters.evaluate(RunAfters.java:27)
	at org.junit.runners.ParentRunner.runLeaf(ParentRunner.java:271)
	at org.junit.runners.BlockJUnit4ClassRunner.runChild(BlockJUnit4ClassRunner.java:70)
	at org.junit.runners.BlockJUnit4ClassRunner.runChild(BlockJUnit4ClassRunner.java:50)
	at org.junit.runners.ParentRunner$3.run(ParentRunner.java:238)
	at org.junit.runners.ParentRunner$1.schedule(ParentRunner.java:63)
	at org.junit.runners.ParentRunner.runChildren(ParentRunner.java:236)
	at org.junit.runners.ParentRunner.access$000(ParentRunner.java:53)
	at org.junit.runners.ParentRunner$2.evaluate(ParentRunner.java:229)
	at org.junit.runners.ParentRunner.run(ParentRunner.java:309)
	at org.apache.maven.surefire.junit4.JUnit4Provider.execute(JUnit4Provider.java:365)
	at org.apache.maven.surefire.junit4.JUnit4Provider.executeWithRerun(JUnit4Provider.java:273)
	at org.apache.maven.surefire.junit4.JUnit4Provider.executeTestSet(JUnit4Provider.java:238)
	at org.apache.maven.surefire.junit4.JUnit4Provider.invoke(JUnit4Provider.java:159)
	at org.apache.maven.surefire.booter.ForkedBooter.invokeProviderInSameClassLoader(ForkedBooter.java:384)
	at org.apache.maven.surefire.booter.ForkedBooter.runSuitesInProcess(ForkedBooter.java:345)
	at org.apache.maven.surefire.booter.ForkedBooter.execute(ForkedBooter.java:126)
	at org.apache.maven.surefire.booter.ForkedBooter.main(ForkedBooter.java:418)
</failure>
    <system-out><![CDATA[2019-11-15 01:00:15,406 [main] WARN  server.ServerUtils (ServerUtils.java:getScmDbDir(145)) - ozone.scm.db.dirs is not configured. We recommend adding this setting. Falling back to ozone.metadata.dirs instead.
2019-11-15 01:00:15,421 [main] WARN  server.ServerUtils (ServerUtils.java:getScmDbDir(145)) - ozone.scm.db.dirs is not configured. We recommend adding this setting. Falling back to ozone.metadata.dirs instead.
2019-11-15 01:00:15,421 [main] WARN  server.ServerUtils (ServerUtils.java:getScmDbDir(145)) - ozone.scm.db.dirs is not configured. We recommend adding this setting. Falling back to ozone.metadata.dirs instead.
2019-11-15 01:00:15,422 [main] INFO  db.DBStoreBuilder (DBStoreBuilder.java:addTable(127)) - using custom profile for table: deletedBlocks
2019-11-15 01:00:15,422 [main] INFO  db.DBStoreBuilder (DBStoreBuilder.java:processTables(183)) - Using default column profile:DBProfile.DISK for Table:deletedBlocks
2019-11-15 01:00:15,423 [main] INFO  db.DBStoreBuilder (DBStoreBuilder.java:addTable(127)) - using custom profile for table: validCerts
2019-11-15 01:00:15,423 [main] INFO  db.DBStoreBuilder (DBStoreBuilder.java:processTables(183)) - Using default column profile:DBProfile.DISK for Table:validCerts
2019-11-15 01:00:15,423 [main] INFO  db.DBStoreBuilder (DBStoreBuilder.java:addTable(127)) - using custom profile for table: revokedCerts
2019-11-15 01:00:15,423 [main] INFO  db.DBStoreBuilder (DBStoreBuilder.java:processTables(183)) - Using default column profile:DBProfile.DISK for Table:revokedCerts
2019-11-15 01:00:15,423 [main] INFO  db.DBStoreBuilder (DBStoreBuilder.java:addTable(127)) - using custom profile for table: default
2019-11-15 01:00:15,424 [main] INFO  db.DBStoreBuilder (DBStoreBuilder.java:processTables(189)) - Using default column profile:DBProfile.DISK for Table:default
2019-11-15 01:00:15,424 [main] INFO  db.DBStoreBuilder (DBStoreBuilder.java:getDbProfile(220)) - Using default options. DBProfile.DISK
2019-11-15 01:00:15,636 [main] INFO  net.NodeSchemaLoader (NodeSchemaLoader.java:loadSchemaFromFile(125)) - Loading file from sun.misc.CompoundEnumeration@55bf35e5
2019-11-15 01:00:15,637 [main] INFO  net.NodeSchemaLoader (NodeSchemaLoader.java:loadSchema(171)) - Loading network topology layer schema file
2019-11-15 01:00:15,645 [main] INFO  node.SCMNodeManager (SCMNodeManager.java:<init>(116)) - Entering startup safe mode.
2019-11-15 01:00:15,647 [main] INFO  algorithms.ContainerPlacementPolicyFactory (ContainerPlacementPolicyFactory.java:getPolicy(57)) - Create container placement policy of type org.apache.hadoop.hdds.scm.container.placement.algorithms.SCMContainerPlacementRandom
2019-11-15 01:00:15,647 [main] WARN  server.ServerUtils (ServerUtils.java:getScmDbDir(145)) - ozone.scm.db.dirs is not configured. We recommend adding this setting. Falling back to ozone.metadata.dirs instead.
2019-11-15 01:00:15,718 [main] INFO  pipeline.SCMPipelineManager (SCMPipelineManager.java:initializePipelineState(132)) - No pipeline exists in current db
2019-11-15 01:00:15,719 [main] WARN  server.ServerUtils (ServerUtils.java:getScmDbDir(145)) - ozone.scm.db.dirs is not configured. We recommend adding this setting. Falling back to ozone.metadata.dirs instead.
2019-11-15 01:00:15,769 [main] WARN  events.EventQueue (EventQueue.java:fireEvent(183)) - No event handler registered for event TypedEvent{payloadType=SafeModeStatus, name='SafeModeStatus'}
2019-11-15 01:00:15,771 [main] INFO  ipc.CallQueueManager (CallQueueManager.java:<init>(84)) - Using callQueue: class java.util.concurrent.LinkedBlockingQueue, queueCapacity: 2000, scheduler: class org.apache.hadoop.ipc.DefaultRpcScheduler, ipcBackoff: false.
2019-11-15 01:00:15,772 [Socket Reader #1 for port 39263] INFO  ipc.Server (Server.java:run(1074)) - Starting Socket Reader #1 for port 39263
2019-11-15 01:00:15,773 [main] INFO  ipc.CallQueueManager (CallQueueManager.java:<init>(84)) - Using callQueue: class java.util.concurrent.LinkedBlockingQueue, queueCapacity: 2000, scheduler: class org.apache.hadoop.ipc.DefaultRpcScheduler, ipcBackoff: false.
2019-11-15 01:00:15,774 [Socket Reader #1 for port 34945] INFO  ipc.Server (Server.java:run(1074)) - Starting Socket Reader #1 for port 34945
2019-11-15 01:00:15,775 [main] INFO  ipc.CallQueueManager (CallQueueManager.java:<init>(84)) - Using callQueue: class java.util.concurrent.LinkedBlockingQueue, queueCapacity: 2000, scheduler: class org.apache.hadoop.ipc.DefaultRpcScheduler, ipcBackoff: false.
2019-11-15 01:00:15,776 [Socket Reader #1 for port 41835] INFO  ipc.Server (Server.java:run(1074)) - Starting Socket Reader #1 for port 41835
2019-11-15 01:00:15,778 [main] INFO  hdfs.DFSUtil (DFSUtil.java:httpServerTemplateForNNAndJN(1641)) - Starting Web-server for scm at: http://0.0.0.0:0
2019-11-15 01:00:15,780 [main] INFO  server.AuthenticationFilter (AuthenticationFilter.java:constructSecretProvider(240)) - Unable to initialize FileSignerSecretProvider, falling back to use random secrets.
2019-11-15 01:00:15,781 [main] WARN  http.HttpRequestLog (HttpRequestLog.java:getRequestLog(97)) - Jetty request log can only be enabled using Log4j
2019-11-15 01:00:15,782 [main] INFO  http.HttpServer2 (HttpServer2.java:addGlobalFilter(975)) - Added global filter 'safety' (class=org.apache.hadoop.http.HttpServer2$QuotingInputFilter)
2019-11-15 01:00:15,783 [main] INFO  http.HttpServer2 (HttpServer2.java:addFilter(948)) - Added filter static_user_filter (class=org.apache.hadoop.http.lib.StaticUserWebFilter$StaticUserFilter) to context scm
2019-11-15 01:00:15,783 [main] INFO  http.HttpServer2 (HttpServer2.java:addFilter(958)) - Added filter static_user_filter (class=org.apache.hadoop.http.lib.StaticUserWebFilter$StaticUserFilter) to context static
2019-11-15 01:00:15,783 [main] INFO  http.HttpServer2 (HttpServer2.java:addFilter(958)) - Added filter static_user_filter (class=org.apache.hadoop.http.lib.StaticUserWebFilter$StaticUserFilter) to context logs
2019-11-15 01:00:15,785 [main] INFO  server.StorageContainerManager (StorageContainerManager.java:start(766)) - StorageContainerLocationProtocol RPC server is listening at /0.0.0.0:41835
2019-11-15 01:00:15,787 [main] WARN  impl.MetricsConfig (MetricsConfig.java:loadFirst(134)) - Cannot locate configuration: tried hadoop-metrics2-storagecontainermanager.properties,hadoop-metrics2.properties
2019-11-15 01:00:15,788 [main] INFO  impl.MetricsSystemImpl (MetricsSystemImpl.java:startTimer(374)) - Scheduled Metric snapshot period at 10 second(s).
2019-11-15 01:00:15,788 [main] INFO  impl.MetricsSystemImpl (MetricsSystemImpl.java:start(191)) - StorageContainerManager metrics system started
2019-11-15 01:00:15,844 [main] WARN  impl.MetricsSystemImpl (MetricsSystemImpl.java:register(276)) - Sink prometheus already exists!
2019-11-15 01:00:15,922 [main] INFO  server.SCMClientProtocolServer (SCMClientProtocolServer.java:start(160)) - RPC server for Client  is listening at /0.0.0.0:41835
2019-11-15 01:00:15,923 [IPC Server Responder] INFO  ipc.Server (Server.java:run(1314)) - IPC Server Responder: starting
2019-11-15 01:00:15,923 [IPC Server listener on 41835] INFO  ipc.Server (Server.java:run(1153)) - IPC Server listener on 41835: starting
2019-11-15 01:00:15,927 [main] INFO  server.StorageContainerManager (StorageContainerManager.java:start(776)) - ScmBlockLocationProtocol RPC server is listening at /0.0.0.0:34945
2019-11-15 01:00:15,927 [main] INFO  server.SCMBlockProtocolServer (SCMBlockProtocolServer.java:start(146)) - RPC server for Block Protocol is listening at /0.0.0.0:34945
2019-11-15 01:00:15,928 [IPC Server Responder] INFO  ipc.Server (Server.java:run(1314)) - IPC Server Responder: starting
2019-11-15 01:00:15,928 [IPC Server listener on 34945] INFO  ipc.Server (Server.java:run(1153)) - IPC Server listener on 34945: starting
2019-11-15 01:00:15,931 [main] INFO  server.StorageContainerManager (StorageContainerManager.java:start(780)) - ScmDatanodeProtocl RPC server is listening at /0.0.0.0:39263
2019-11-15 01:00:15,931 [main] INFO  server.SCMDatanodeProtocolServer (SCMDatanodeProtocolServer.java:start(169)) - RPC server for DataNodes is listening at /0.0.0.0:39263
2019-11-15 01:00:15,932 [IPC Server Responder] INFO  ipc.Server (Server.java:run(1314)) - IPC Server Responder: starting
2019-11-15 01:00:15,932 [IPC Server listener on 39263] INFO  ipc.Server (Server.java:run(1153)) - IPC Server listener on 39263: starting
2019-11-15 01:00:15,935 [main] INFO  http.HttpServer2 (HttpServer2.java:bindListener(1191)) - Jetty bound to port 42895
2019-11-15 01:00:15,935 [main] INFO  server.Server (Server.java:doStart(351)) - jetty-9.3.25.v20180904, build timestamp: 2018-09-04T21:11:46Z, git hash: 3ce520221d0240229c862b122d2b06c12a625732
2019-11-15 01:00:15,938 [main] INFO  handler.ContextHandler (ContextHandler.java:doStart(781)) - Started o.e.j.s.ServletContextHandler@4ae280da{/logs,file:///workdir/hadoop-ozone/integration-test/target/log,AVAILABLE}
2019-11-15 01:00:15,938 [main] INFO  handler.ContextHandler (ContextHandler.java:doStart(781)) - Started o.e.j.s.ServletContextHandler@57c69937{/static,file:///workdir/hadoop-ozone/integration-test/target/test-classes/webapps/static,AVAILABLE}
2019-11-15 01:00:15,944 [main] INFO  handler.ContextHandler (ContextHandler.java:doStart(781)) - Started o.e.j.w.WebAppContext@60b616c8{/,file:///workdir/hadoop-ozone/integration-test/target/test-classes/webapps/scm/,AVAILABLE}{/scm}
2019-11-15 01:00:15,944 [main] INFO  server.AbstractConnector (AbstractConnector.java:doStart(278)) - Started ServerConnector@3962ec84{HTTP/1.1,[http/1.1]}{0.0.0.0:42895}
2019-11-15 01:00:15,945 [main] INFO  server.Server (Server.java:doStart(419)) - Started @265429ms
2019-11-15 01:00:15,945 [main] WARN  impl.MetricsSystemImpl (MetricsSystemImpl.java:register(276)) - Sink prometheus already exists!
2019-11-15 01:00:15,947 [main] INFO  server.BaseHttpServer (BaseHttpServer.java:updateConnectorAddress(215)) - HTTP server of SCM is listening at http://0.0.0.0:42895
2019-11-15 01:00:15,947 [main] WARN  server.ServerUtils (ServerUtils.java:getDBPath(222)) - ozone.om.db.dirs is not configured. We recommend adding this setting. Falling back to ozone.metadata.dirs instead.
2019-11-15 01:00:15,948 [org.apache.hadoop.util.JvmPauseMonitor$Monitor@2bdab835] INFO  util.JvmPauseMonitor (JvmPauseMonitor.java:run(188)) - Starting JVM pause monitor
2019-11-15 01:00:15,961 [main] INFO  ha.OMHANodeDetails (OMHANodeDetails.java:loadOMHAConfig(190)) - Configuration either no ozone.om.address set. Falling back to the default OM address /127.0.0.1:0
2019-11-15 01:00:15,961 [main] INFO  ha.OMHANodeDetails (OMHANodeDetails.java:getOMNodeDetails(220)) - OM Service ID is not set. Setting it to the default ID: omServiceIdDefault
2019-11-15 01:00:15,961 [main] WARN  server.ServerUtils (ServerUtils.java:getDBPath(222)) - ozone.om.db.dirs is not configured. We recommend adding this setting. Falling back to ozone.metadata.dirs instead.
2019-11-15 01:00:15,961 [main] WARN  server.ServerUtils (ServerUtils.java:getDBPath(222)) - ozone.om.db.dirs is not configured. We recommend adding this setting. Falling back to ozone.metadata.dirs instead.
2019-11-15 01:00:15,967 [main] WARN  server.ServerUtils (ServerUtils.java:getDBPath(222)) - ozone.om.db.dirs is not configured. We recommend adding this setting. Falling back to ozone.metadata.dirs instead.
2019-11-15 01:00:15,967 [main] INFO  db.DBStoreBuilder (DBStoreBuilder.java:addTable(127)) - using custom profile for table: userTable
2019-11-15 01:00:15,967 [main] INFO  db.DBStoreBuilder (DBStoreBuilder.java:processTables(183)) - Using default column profile:DBProfile.DISK for Table:userTable
2019-11-15 01:00:15,968 [main] INFO  db.DBStoreBuilder (DBStoreBuilder.java:addTable(127)) - using custom profile for table: volumeTable
2019-11-15 01:00:15,968 [main] INFO  db.DBStoreBuilder (DBStoreBuilder.java:processTables(183)) - Using default column profile:DBProfile.DISK for Table:volumeTable
2019-11-15 01:00:15,968 [main] INFO  db.DBStoreBuilder (DBStoreBuilder.java:addTable(127)) - using custom profile for table: bucketTable
2019-11-15 01:00:15,968 [main] INFO  db.DBStoreBuilder (DBStoreBuilder.java:processTables(183)) - Using default column profile:DBProfile.DISK for Table:bucketTable
2019-11-15 01:00:15,968 [main] INFO  db.DBStoreBuilder (DBStoreBuilder.java:addTable(127)) - using custom profile for table: keyTable
2019-11-15 01:00:15,968 [main] INFO  db.DBStoreBuilder (DBStoreBuilder.java:processTables(183)) - Using default column profile:DBProfile.DISK for Table:keyTable
2019-11-15 01:00:15,969 [main] INFO  db.DBStoreBuilder (DBStoreBuilder.java:addTable(127)) - using custom profile for table: deletedTable
2019-11-15 01:00:15,969 [main] INFO  db.DBStoreBuilder (DBStoreBuilder.java:processTables(183)) - Using default column profile:DBProfile.DISK for Table:deletedTable
2019-11-15 01:00:15,969 [main] INFO  db.DBStoreBuilder (DBStoreBuilder.java:addTable(127)) - using custom profile for table: openKeyTable
2019-11-15 01:00:15,969 [main] INFO  db.DBStoreBuilder (DBStoreBuilder.java:processTables(183)) - Using default column profile:DBProfile.DISK for Table:openKeyTable
2019-11-15 01:00:15,969 [main] INFO  db.DBStoreBuilder (DBStoreBuilder.java:addTable(127)) - using custom profile for table: s3Table
2019-11-15 01:00:15,969 [main] INFO  db.DBStoreBuilder (DBStoreBuilder.java:processTables(183)) - Using default column profile:DBProfile.DISK for Table:s3Table
2019-11-15 01:00:15,969 [main] INFO  db.DBStoreBuilder (DBStoreBuilder.java:addTable(127)) - using custom profile for table: multipartInfoTable
2019-11-15 01:00:15,969 [main] INFO  db.DBStoreBuilder (DBStoreBuilder.java:processTables(183)) - Using default column profile:DBProfile.DISK for Table:multipartInfoTable
2019-11-15 01:00:15,970 [main] INFO  db.DBStoreBuilder (DBStoreBuilder.java:addTable(127)) - using custom profile for table: dTokenTable
2019-11-15 01:00:15,970 [main] INFO  db.DBStoreBuilder (DBStoreBuilder.java:processTables(183)) - Using default column profile:DBProfile.DISK for Table:dTokenTable
2019-11-15 01:00:15,970 [main] INFO  db.DBStoreBuilder (DBStoreBuilder.java:addTable(127)) - using custom profile for table: s3SecretTable
2019-11-15 01:00:15,970 [main] INFO  db.DBStoreBuilder (DBStoreBuilder.java:processTables(183)) - Using default column profile:DBProfile.DISK for Table:s3SecretTable
2019-11-15 01:00:15,970 [main] INFO  db.DBStoreBuilder (DBStoreBuilder.java:addTable(127)) - using custom profile for table: prefixTable
2019-11-15 01:00:15,970 [main] INFO  db.DBStoreBuilder (DBStoreBuilder.java:processTables(183)) - Using default column profile:DBProfile.DISK for Table:prefixTable
2019-11-15 01:00:15,970 [main] INFO  db.DBStoreBuilder (DBStoreBuilder.java:addTable(127)) - using custom profile for table: default
2019-11-15 01:00:15,971 [main] INFO  db.DBStoreBuilder (DBStoreBuilder.java:processTables(189)) - Using default column profile:DBProfile.DISK for Table:default
2019-11-15 01:00:15,971 [main] INFO  db.DBStoreBuilder (DBStoreBuilder.java:getDbProfile(220)) - Using default options. DBProfile.DISK
2019-11-15 01:00:16,425 [main] INFO  ipc.CallQueueManager (CallQueueManager.java:<init>(84)) - Using callQueue: class java.util.concurrent.LinkedBlockingQueue, queueCapacity: 2000, scheduler: class org.apache.hadoop.ipc.DefaultRpcScheduler, ipcBackoff: false.
2019-11-15 01:00:16,426 [Socket Reader #1 for port 32781] INFO  ipc.Server (Server.java:run(1074)) - Starting Socket Reader #1 for port 32781
2019-11-15 01:00:16,439 [main] INFO  om.OzoneManager (OzoneManager.java:start(1077)) - OzoneManager RPC server is listening at localhost/127.0.0.1:32781
2019-11-15 01:00:16,439 [main] INFO  impl.MetricsSystemImpl (MetricsSystemImpl.java:init(158)) - OzoneManager metrics system started (again)
2019-11-15 01:00:16,440 [IPC Server listener on 32781] INFO  ipc.Server (Server.java:run(1153)) - IPC Server listener on 32781: starting
2019-11-15 01:00:16,440 [IPC Server Responder] INFO  ipc.Server (Server.java:run(1314)) - IPC Server Responder: starting
2019-11-15 01:00:16,445 [main] INFO  hdfs.DFSUtil (DFSUtil.java:httpServerTemplateForNNAndJN(1641)) - Starting Web-server for ozoneManager at: http://0.0.0.0:0
2019-11-15 01:00:16,448 [main] INFO  server.AuthenticationFilter (AuthenticationFilter.java:constructSecretProvider(240)) - Unable to initialize FileSignerSecretProvider, falling back to use random secrets.
2019-11-15 01:00:16,449 [main] WARN  http.HttpRequestLog (HttpRequestLog.java:getRequestLog(97)) - Jetty request log can only be enabled using Log4j
2019-11-15 01:00:16,451 [main] INFO  http.HttpServer2 (HttpServer2.java:addGlobalFilter(975)) - Added global filter 'safety' (class=org.apache.hadoop.http.HttpServer2$QuotingInputFilter)
2019-11-15 01:00:16,451 [main] INFO  http.HttpServer2 (HttpServer2.java:addFilter(948)) - Added filter static_user_filter (class=org.apache.hadoop.http.lib.StaticUserWebFilter$StaticUserFilter) to context ozoneManager
2019-11-15 01:00:16,452 [main] INFO  http.HttpServer2 (HttpServer2.java:addFilter(958)) - Added filter static_user_filter (class=org.apache.hadoop.http.lib.StaticUserWebFilter$StaticUserFilter) to context logs
2019-11-15 01:00:16,452 [main] INFO  http.HttpServer2 (HttpServer2.java:addFilter(958)) - Added filter static_user_filter (class=org.apache.hadoop.http.lib.StaticUserWebFilter$StaticUserFilter) to context static
2019-11-15 01:00:16,453 [main] INFO  http.HttpServer2 (HttpServer2.java:bindListener(1191)) - Jetty bound to port 46478
2019-11-15 01:00:16,453 [main] INFO  server.Server (Server.java:doStart(351)) - jetty-9.3.25.v20180904, build timestamp: 2018-09-04T21:11:46Z, git hash: 3ce520221d0240229c862b122d2b06c12a625732
2019-11-15 01:00:16,455 [main] INFO  handler.ContextHandler (ContextHandler.java:doStart(781)) - Started o.e.j.s.ServletContextHandler@36ad5f2a{/logs,file:///workdir/hadoop-ozone/integration-test/target/log,AVAILABLE}
2019-11-15 01:00:16,455 [main] INFO  handler.ContextHandler (ContextHandler.java:doStart(781)) - Started o.e.j.s.ServletContextHandler@55c50f52{/static,file:///workdir/hadoop-ozone/integration-test/target/test-classes/webapps/static,AVAILABLE}
2019-11-15 01:00:16,460 [main] INFO  handler.ContextHandler (ContextHandler.java:doStart(781)) - Started o.e.j.w.WebAppContext@730bea0{/,file:///workdir/hadoop-ozone/integration-test/target/test-classes/webapps/ozoneManager/,AVAILABLE}{/ozoneManager}
2019-11-15 01:00:16,461 [main] INFO  server.AbstractConnector (AbstractConnector.java:doStart(278)) - Started ServerConnector@41a16eb3{HTTP/1.1,[http/1.1]}{0.0.0.0:46478}
2019-11-15 01:00:16,461 [main] INFO  server.Server (Server.java:doStart(419)) - Started @265946ms
2019-11-15 01:00:16,461 [main] WARN  impl.MetricsSystemImpl (MetricsSystemImpl.java:register(276)) - Sink prometheus already exists!
2019-11-15 01:00:16,462 [main] INFO  server.BaseHttpServer (BaseHttpServer.java:updateConnectorAddress(215)) - HTTP server of OZONEMANAGER is listening at http://0.0.0.0:46478
2019-11-15 01:00:16,487 [main] INFO  impl.MetricsSystemImpl (MetricsSystemImpl.java:init(158)) - HddsDatanode metrics system started (again)
2019-11-15 01:00:16,489 [main] INFO  ozone.HddsDatanodeService (HddsDatanodeService.java:start(186)) - HddsDatanodeService host:pr-hdds-2442-bxv5b-1523879440 ip:192.168.164.208
2019-11-15 01:00:16,496 [main] INFO  volume.HddsVolume (HddsVolume.java:<init>(176)) - Creating Volume: /workdir/hadoop-ozone/integration-test/target/test-dir/MiniOzoneClusterImpl-9b1c7e50-938b-4652-9315-e435b3731240/datanode-0/data/containers/hdds of  storage type : DISK and capacity : 1482555576320
2019-11-15 01:00:16,497 [main] INFO  volume.VolumeSet (VolumeSet.java:initializeVolumeSet(170)) - Added Volume : /workdir/hadoop-ozone/integration-test/target/test-dir/MiniOzoneClusterImpl-9b1c7e50-938b-4652-9315-e435b3731240/datanode-0/data/containers/hdds to VolumeSet
2019-11-15 01:00:16,497 [main] INFO  volume.ThrottledAsyncChecker (ThrottledAsyncChecker.java:schedule(141)) - Scheduling a check for /workdir/hadoop-ozone/integration-test/target/test-dir/MiniOzoneClusterImpl-9b1c7e50-938b-4652-9315-e435b3731240/datanode-0/data/containers/hdds
2019-11-15 01:00:16,498 [main] INFO  volume.HddsVolumeChecker (HddsVolumeChecker.java:checkAllVolumes(204)) - Scheduled health check for volume /workdir/hadoop-ozone/integration-test/target/test-dir/MiniOzoneClusterImpl-9b1c7e50-938b-4652-9315-e435b3731240/datanode-0/data/containers/hdds
2019-11-15 01:00:16,510 [main] INFO  impl.RaftServerProxy (ConfUtils.java:logGet(43)) - raft.rpc.type = GRPC (default)
2019-11-15 01:00:16,510 [main] INFO  grpc.GrpcFactory (GrpcFactory.java:checkPooledByteBufAllocatorUseCacheForAllThreads(45)) - PERFORMANCE WARNING: useCacheForAllThreads is true that may cause Netty to create a lot garbage objects and, as a result, trigger GC.
	It is recommended to disable useCacheForAllThreads by setting -Dorg.apache.ratis.thirdparty.io.netty.allocator.useCacheForAllThreads=false in command line.
2019-11-15 01:00:16,510 [main] INFO  grpc.GrpcConfigKeys$Server (ConfUtils.java:logGet(43)) - raft.grpc.server.port = 0 (default)
2019-11-15 01:00:16,511 [main] INFO  server.GrpcService (ConfUtils.java:logGet(43)) - raft.grpc.message.size.max = 33570816 (custom)
2019-11-15 01:00:16,511 [main] INFO  server.RaftServerConfigKeys (ConfUtils.java:logGet(43)) - raft.server.log.appender.buffer.byte-limit = 33554432 (custom)
2019-11-15 01:00:16,511 [main] INFO  server.GrpcService (ConfUtils.java:logGet(43)) - raft.grpc.flow.control.window = 1MB (=1048576) (default)
2019-11-15 01:00:16,511 [main] INFO  server.RaftServerConfigKeys (ConfUtils.java:logGet(43)) - raft.server.rpc.request.timeout = 3000ms (default)
2019-11-15 01:00:16,512 [main] INFO  server.RaftServerConfigKeys (ConfUtils.java:logGet(43)) - raft.server.storage.dir = [/workdir/hadoop-ozone/integration-test/target/test-dir/MiniOzoneClusterImpl-9b1c7e50-938b-4652-9315-e435b3731240/datanode-0/data/ratis] (custom)
2019-11-15 01:00:16,513 [main] INFO  hdfs.DFSUtil (DFSUtil.java:httpServerTemplateForNNAndJN(1641)) - Starting Web-server for hddsDatanode at: http://0.0.0.0:0
2019-11-15 01:00:16,515 [main] INFO  server.AuthenticationFilter (AuthenticationFilter.java:constructSecretProvider(240)) - Unable to initialize FileSignerSecretProvider, falling back to use random secrets.
2019-11-15 01:00:16,515 [main] WARN  http.HttpRequestLog (HttpRequestLog.java:getRequestLog(97)) - Jetty request log can only be enabled using Log4j
2019-11-15 01:00:16,516 [main] INFO  http.HttpServer2 (HttpServer2.java:addGlobalFilter(975)) - Added global filter 'safety' (class=org.apache.hadoop.http.HttpServer2$QuotingInputFilter)
2019-11-15 01:00:16,517 [main] INFO  http.HttpServer2 (HttpServer2.java:addFilter(948)) - Added filter static_user_filter (class=org.apache.hadoop.http.lib.StaticUserWebFilter$StaticUserFilter) to context hddsDatanode
2019-11-15 01:00:16,517 [main] INFO  http.HttpServer2 (HttpServer2.java:addFilter(958)) - Added filter static_user_filter (class=org.apache.hadoop.http.lib.StaticUserWebFilter$StaticUserFilter) to context static
2019-11-15 01:00:16,517 [main] INFO  http.HttpServer2 (HttpServer2.java:addFilter(958)) - Added filter static_user_filter (class=org.apache.hadoop.http.lib.StaticUserWebFilter$StaticUserFilter) to context logs
2019-11-15 01:00:16,517 [main] INFO  http.HttpServer2 (HttpServer2.java:bindListener(1191)) - Jetty bound to port 33199
2019-11-15 01:00:16,518 [main] INFO  server.Server (Server.java:doStart(351)) - jetty-9.3.25.v20180904, build timestamp: 2018-09-04T21:11:46Z, git hash: 3ce520221d0240229c862b122d2b06c12a625732
2019-11-15 01:00:16,519 [main] INFO  handler.ContextHandler (ContextHandler.java:doStart(781)) - Started o.e.j.s.ServletContextHandler@e01a26b{/logs,file:///workdir/hadoop-ozone/integration-test/target/log,AVAILABLE}
2019-11-15 01:00:16,520 [main] INFO  handler.ContextHandler (ContextHandler.java:doStart(781)) - Started o.e.j.s.ServletContextHandler@5cce40d7{/static,jar:file:/home/user/.m2/repository/org/apache/hadoop/hadoop-hdds-container-service/0.5.0-SNAPSHOT/hadoop-hdds-container-service-0.5.0-SNAPSHOT.jar!/webapps/static,AVAILABLE}
2019-11-15 01:00:16,548 [main] INFO  handler.ContextHandler (ContextHandler.java:doStart(781)) - Started o.e.j.w.WebAppContext@6a96d639{/,file:///tmp/jetty-0.0.0.0-33199-hddsDatanode-_-any-8958964086485436229.dir/webapp/,AVAILABLE}{/hddsDatanode}
2019-11-15 01:00:16,549 [main] INFO  server.AbstractConnector (AbstractConnector.java:doStart(278)) - Started ServerConnector@28e94c2{HTTP/1.1,[http/1.1]}{0.0.0.0:33199}
2019-11-15 01:00:16,549 [main] INFO  server.Server (Server.java:doStart(419)) - Started @266033ms
2019-11-15 01:00:16,549 [main] WARN  impl.MetricsSystemImpl (MetricsSystemImpl.java:register(276)) - Sink prometheus already exists!
2019-11-15 01:00:16,550 [main] INFO  server.BaseHttpServer (BaseHttpServer.java:updateConnectorAddress(215)) - HTTP server of HDDSDATANODE is listening at http://0.0.0.0:33199
2019-11-15 01:00:16,551 [main] INFO  impl.MetricsSystemImpl (MetricsSystemImpl.java:init(158)) - HddsDatanode metrics system started (again)
2019-11-15 01:00:16,553 [main] INFO  ozone.HddsDatanodeService (HddsDatanodeService.java:start(186)) - HddsDatanodeService host:pr-hdds-2442-bxv5b-1523879440 ip:192.168.164.208
2019-11-15 01:00:16,553 [org.apache.hadoop.util.JvmPauseMonitor$Monitor@265aa0fb] INFO  util.JvmPauseMonitor (JvmPauseMonitor.java:run(188)) - Starting JVM pause monitor
2019-11-15 01:00:16,556 [Datanode State Machine Thread - 0] INFO  datanode.InitDatanodeState (InitDatanodeState.java:persistContainerDatanodeDetails(140)) - DatanodeDetails is persisted to /workdir/hadoop-ozone/integration-test/target/test-dir/MiniOzoneClusterImpl-9b1c7e50-938b-4652-9315-e435b3731240/datanode-0/meta/datanode.id
2019-11-15 01:00:16,559 [main] INFO  volume.HddsVolume (HddsVolume.java:<init>(176)) - Creating Volume: /workdir/hadoop-ozone/integration-test/target/test-dir/MiniOzoneClusterImpl-9b1c7e50-938b-4652-9315-e435b3731240/datanode-1/data/containers/hdds of  storage type : DISK and capacity : 1482555576320
2019-11-15 01:00:16,560 [main] INFO  volume.VolumeSet (VolumeSet.java:initializeVolumeSet(170)) - Added Volume : /workdir/hadoop-ozone/integration-test/target/test-dir/MiniOzoneClusterImpl-9b1c7e50-938b-4652-9315-e435b3731240/datanode-1/data/containers/hdds to VolumeSet
2019-11-15 01:00:16,560 [main] INFO  volume.ThrottledAsyncChecker (ThrottledAsyncChecker.java:schedule(141)) - Scheduling a check for /workdir/hadoop-ozone/integration-test/target/test-dir/MiniOzoneClusterImpl-9b1c7e50-938b-4652-9315-e435b3731240/datanode-1/data/containers/hdds
2019-11-15 01:00:16,560 [main] INFO  volume.HddsVolumeChecker (HddsVolumeChecker.java:checkAllVolumes(204)) - Scheduled health check for volume /workdir/hadoop-ozone/integration-test/target/test-dir/MiniOzoneClusterImpl-9b1c7e50-938b-4652-9315-e435b3731240/datanode-1/data/containers/hdds
2019-11-15 01:00:16,572 [main] INFO  impl.RaftServerProxy (ConfUtils.java:logGet(43)) - raft.rpc.type = GRPC (default)
2019-11-15 01:00:16,573 [main] INFO  grpc.GrpcFactory (GrpcFactory.java:checkPooledByteBufAllocatorUseCacheForAllThreads(45)) - PERFORMANCE WARNING: useCacheForAllThreads is true that may cause Netty to create a lot garbage objects and, as a result, trigger GC.
	It is recommended to disable useCacheForAllThreads by setting -Dorg.apache.ratis.thirdparty.io.netty.allocator.useCacheForAllThreads=false in command line.
2019-11-15 01:00:16,573 [main] INFO  grpc.GrpcConfigKeys$Server (ConfUtils.java:logGet(43)) - raft.grpc.server.port = 0 (default)
2019-11-15 01:00:16,573 [main] INFO  server.GrpcService (ConfUtils.java:logGet(43)) - raft.grpc.message.size.max = 33570816 (custom)
2019-11-15 01:00:16,573 [main] INFO  server.RaftServerConfigKeys (ConfUtils.java:logGet(43)) - raft.server.log.appender.buffer.byte-limit = 33554432 (custom)
2019-11-15 01:00:16,573 [main] INFO  server.GrpcService (ConfUtils.java:logGet(43)) - raft.grpc.flow.control.window = 1MB (=1048576) (default)
2019-11-15 01:00:16,573 [main] INFO  server.RaftServerConfigKeys (ConfUtils.java:logGet(43)) - raft.server.rpc.request.timeout = 3000ms (default)
2019-11-15 01:00:16,574 [main] INFO  server.RaftServerConfigKeys (ConfUtils.java:logGet(43)) - raft.server.storage.dir = [/workdir/hadoop-ozone/integration-test/target/test-dir/MiniOzoneClusterImpl-9b1c7e50-938b-4652-9315-e435b3731240/datanode-1/data/ratis] (custom)
2019-11-15 01:00:16,575 [main] INFO  hdfs.DFSUtil (DFSUtil.java:httpServerTemplateForNNAndJN(1641)) - Starting Web-server for hddsDatanode at: http://0.0.0.0:0
2019-11-15 01:00:16,576 [main] INFO  server.AuthenticationFilter (AuthenticationFilter.java:constructSecretProvider(240)) - Unable to initialize FileSignerSecretProvider, falling back to use random secrets.
2019-11-15 01:00:16,576 [main] WARN  http.HttpRequestLog (HttpRequestLog.java:getRequestLog(97)) - Jetty request log can only be enabled using Log4j
2019-11-15 01:00:16,578 [main] INFO  http.HttpServer2 (HttpServer2.java:addGlobalFilter(975)) - Added global filter 'safety' (class=org.apache.hadoop.http.HttpServer2$QuotingInputFilter)
2019-11-15 01:00:16,578 [main] INFO  http.HttpServer2 (HttpServer2.java:addFilter(948)) - Added filter static_user_filter (class=org.apache.hadoop.http.lib.StaticUserWebFilter$StaticUserFilter) to context hddsDatanode
2019-11-15 01:00:16,578 [main] INFO  http.HttpServer2 (HttpServer2.java:addFilter(958)) - Added filter static_user_filter (class=org.apache.hadoop.http.lib.StaticUserWebFilter$StaticUserFilter) to context logs
2019-11-15 01:00:16,578 [main] INFO  http.HttpServer2 (HttpServer2.java:addFilter(958)) - Added filter static_user_filter (class=org.apache.hadoop.http.lib.StaticUserWebFilter$StaticUserFilter) to context static
2019-11-15 01:00:16,579 [main] INFO  http.HttpServer2 (HttpServer2.java:bindListener(1191)) - Jetty bound to port 41487
2019-11-15 01:00:16,579 [main] INFO  server.Server (Server.java:doStart(351)) - jetty-9.3.25.v20180904, build timestamp: 2018-09-04T21:11:46Z, git hash: 3ce520221d0240229c862b122d2b06c12a625732
2019-11-15 01:00:16,580 [main] INFO  handler.ContextHandler (ContextHandler.java:doStart(781)) - Started o.e.j.s.ServletContextHandler@5d5d3a5c{/logs,file:///workdir/hadoop-ozone/integration-test/target/log,AVAILABLE}
2019-11-15 01:00:16,581 [main] INFO  handler.ContextHandler (ContextHandler.java:doStart(781)) - Started o.e.j.s.ServletContextHandler@7e18ced7{/static,jar:file:/home/user/.m2/repository/org/apache/hadoop/hadoop-hdds-container-service/0.5.0-SNAPSHOT/hadoop-hdds-container-service-0.5.0-SNAPSHOT.jar!/webapps/static,AVAILABLE}
2019-11-15 01:00:16,609 [main] INFO  handler.ContextHandler (ContextHandler.java:doStart(781)) - Started o.e.j.w.WebAppContext@7aae1170{/,file:///tmp/jetty-0.0.0.0-41487-hddsDatanode-_-any-8688013423106408393.dir/webapp/,AVAILABLE}{/hddsDatanode}
2019-11-15 01:00:16,609 [main] INFO  server.AbstractConnector (AbstractConnector.java:doStart(278)) - Started ServerConnector@4ef5dd23{HTTP/1.1,[http/1.1]}{0.0.0.0:41487}
2019-11-15 01:00:16,609 [main] INFO  server.Server (Server.java:doStart(419)) - Started @266094ms
2019-11-15 01:00:16,610 [main] WARN  impl.MetricsSystemImpl (MetricsSystemImpl.java:register(276)) - Sink prometheus already exists!
2019-11-15 01:00:16,611 [main] INFO  server.BaseHttpServer (BaseHttpServer.java:updateConnectorAddress(215)) - HTTP server of HDDSDATANODE is listening at http://0.0.0.0:41487
2019-11-15 01:00:16,611 [main] INFO  impl.MetricsSystemImpl (MetricsSystemImpl.java:init(158)) - HddsDatanode metrics system started (again)
2019-11-15 01:00:16,613 [main] INFO  ozone.HddsDatanodeService (HddsDatanodeService.java:start(186)) - HddsDatanodeService host:pr-hdds-2442-bxv5b-1523879440 ip:192.168.164.208
2019-11-15 01:00:16,613 [org.apache.hadoop.util.JvmPauseMonitor$Monitor@1d37fa20] INFO  util.JvmPauseMonitor (JvmPauseMonitor.java:run(188)) - Starting JVM pause monitor
2019-11-15 01:00:16,615 [Datanode State Machine Thread - 0] INFO  datanode.InitDatanodeState (InitDatanodeState.java:persistContainerDatanodeDetails(140)) - DatanodeDetails is persisted to /workdir/hadoop-ozone/integration-test/target/test-dir/MiniOzoneClusterImpl-9b1c7e50-938b-4652-9315-e435b3731240/datanode-1/meta/datanode.id
2019-11-15 01:00:16,620 [main] INFO  volume.HddsVolume (HddsVolume.java:<init>(176)) - Creating Volume: /workdir/hadoop-ozone/integration-test/target/test-dir/MiniOzoneClusterImpl-9b1c7e50-938b-4652-9315-e435b3731240/datanode-2/data/containers/hdds of  storage type : DISK and capacity : 1482555576320
2019-11-15 01:00:16,620 [main] INFO  volume.VolumeSet (VolumeSet.java:initializeVolumeSet(170)) - Added Volume : /workdir/hadoop-ozone/integration-test/target/test-dir/MiniOzoneClusterImpl-9b1c7e50-938b-4652-9315-e435b3731240/datanode-2/data/containers/hdds to VolumeSet
2019-11-15 01:00:16,620 [main] INFO  volume.ThrottledAsyncChecker (ThrottledAsyncChecker.java:schedule(141)) - Scheduling a check for /workdir/hadoop-ozone/integration-test/target/test-dir/MiniOzoneClusterImpl-9b1c7e50-938b-4652-9315-e435b3731240/datanode-2/data/containers/hdds
2019-11-15 01:00:16,621 [main] INFO  volume.HddsVolumeChecker (HddsVolumeChecker.java:checkAllVolumes(204)) - Scheduled health check for volume /workdir/hadoop-ozone/integration-test/target/test-dir/MiniOzoneClusterImpl-9b1c7e50-938b-4652-9315-e435b3731240/datanode-2/data/containers/hdds
2019-11-15 01:00:16,634 [main] INFO  impl.RaftServerProxy (ConfUtils.java:logGet(43)) - raft.rpc.type = GRPC (default)
2019-11-15 01:00:16,635 [main] INFO  grpc.GrpcFactory (GrpcFactory.java:checkPooledByteBufAllocatorUseCacheForAllThreads(45)) - PERFORMANCE WARNING: useCacheForAllThreads is true that may cause Netty to create a lot garbage objects and, as a result, trigger GC.
	It is recommended to disable useCacheForAllThreads by setting -Dorg.apache.ratis.thirdparty.io.netty.allocator.useCacheForAllThreads=false in command line.
2019-11-15 01:00:16,635 [main] INFO  grpc.GrpcConfigKeys$Server (ConfUtils.java:logGet(43)) - raft.grpc.server.port = 0 (default)
2019-11-15 01:00:16,635 [main] INFO  server.GrpcService (ConfUtils.java:logGet(43)) - raft.grpc.message.size.max = 33570816 (custom)
2019-11-15 01:00:16,635 [main] INFO  server.RaftServerConfigKeys (ConfUtils.java:logGet(43)) - raft.server.log.appender.buffer.byte-limit = 33554432 (custom)
2019-11-15 01:00:16,635 [main] INFO  server.GrpcService (ConfUtils.java:logGet(43)) - raft.grpc.flow.control.window = 1MB (=1048576) (default)
2019-11-15 01:00:16,636 [main] INFO  server.RaftServerConfigKeys (ConfUtils.java:logGet(43)) - raft.server.rpc.request.timeout = 3000ms (default)
2019-11-15 01:00:16,636 [main] INFO  server.RaftServerConfigKeys (ConfUtils.java:logGet(43)) - raft.server.storage.dir = [/workdir/hadoop-ozone/integration-test/target/test-dir/MiniOzoneClusterImpl-9b1c7e50-938b-4652-9315-e435b3731240/datanode-2/data/ratis] (custom)
2019-11-15 01:00:16,637 [main] INFO  hdfs.DFSUtil (DFSUtil.java:httpServerTemplateForNNAndJN(1641)) - Starting Web-server for hddsDatanode at: http://0.0.0.0:0
2019-11-15 01:00:16,638 [main] INFO  server.AuthenticationFilter (AuthenticationFilter.java:constructSecretProvider(240)) - Unable to initialize FileSignerSecretProvider, falling back to use random secrets.
2019-11-15 01:00:16,639 [main] WARN  http.HttpRequestLog (HttpRequestLog.java:getRequestLog(97)) - Jetty request log can only be enabled using Log4j
2019-11-15 01:00:16,640 [main] INFO  http.HttpServer2 (HttpServer2.java:addGlobalFilter(975)) - Added global filter 'safety' (class=org.apache.hadoop.http.HttpServer2$QuotingInputFilter)
2019-11-15 01:00:16,640 [main] INFO  http.HttpServer2 (HttpServer2.java:addFilter(948)) - Added filter static_user_filter (class=org.apache.hadoop.http.lib.StaticUserWebFilter$StaticUserFilter) to context hddsDatanode
2019-11-15 01:00:16,640 [main] INFO  http.HttpServer2 (HttpServer2.java:addFilter(958)) - Added filter static_user_filter (class=org.apache.hadoop.http.lib.StaticUserWebFilter$StaticUserFilter) to context static
2019-11-15 01:00:16,640 [main] INFO  http.HttpServer2 (HttpServer2.java:addFilter(958)) - Added filter static_user_filter (class=org.apache.hadoop.http.lib.StaticUserWebFilter$StaticUserFilter) to context logs
2019-11-15 01:00:16,641 [main] INFO  http.HttpServer2 (HttpServer2.java:bindListener(1191)) - Jetty bound to port 35897
2019-11-15 01:00:16,641 [main] INFO  server.Server (Server.java:doStart(351)) - jetty-9.3.25.v20180904, build timestamp: 2018-09-04T21:11:46Z, git hash: 3ce520221d0240229c862b122d2b06c12a625732
2019-11-15 01:00:16,642 [main] INFO  handler.ContextHandler (ContextHandler.java:doStart(781)) - Started o.e.j.s.ServletContextHandler@42730828{/logs,file:///workdir/hadoop-ozone/integration-test/target/log,AVAILABLE}
2019-11-15 01:00:16,643 [main] INFO  handler.ContextHandler (ContextHandler.java:doStart(781)) - Started o.e.j.s.ServletContextHandler@629b780f{/static,jar:file:/home/user/.m2/repository/org/apache/hadoop/hadoop-hdds-container-service/0.5.0-SNAPSHOT/hadoop-hdds-container-service-0.5.0-SNAPSHOT.jar!/webapps/static,AVAILABLE}
2019-11-15 01:00:16,670 [main] INFO  handler.ContextHandler (ContextHandler.java:doStart(781)) - Started o.e.j.w.WebAppContext@3407aa4f{/,file:///tmp/jetty-0.0.0.0-35897-hddsDatanode-_-any-6672383537896270496.dir/webapp/,AVAILABLE}{/hddsDatanode}
2019-11-15 01:00:16,671 [main] INFO  server.AbstractConnector (AbstractConnector.java:doStart(278)) - Started ServerConnector@51ed2f68{HTTP/1.1,[http/1.1]}{0.0.0.0:35897}
2019-11-15 01:00:16,671 [main] INFO  server.Server (Server.java:doStart(419)) - Started @266155ms
2019-11-15 01:00:16,672 [main] WARN  impl.MetricsSystemImpl (MetricsSystemImpl.java:register(276)) - Sink prometheus already exists!
2019-11-15 01:00:16,672 [main] INFO  server.BaseHttpServer (BaseHttpServer.java:updateConnectorAddress(215)) - HTTP server of HDDSDATANODE is listening at http://0.0.0.0:35897
2019-11-15 01:00:16,673 [main] INFO  impl.MetricsSystemImpl (MetricsSystemImpl.java:init(158)) - HddsDatanode metrics system started (again)
2019-11-15 01:00:16,675 [main] INFO  ozone.HddsDatanodeService (HddsDatanodeService.java:start(186)) - HddsDatanodeService host:pr-hdds-2442-bxv5b-1523879440 ip:192.168.164.208
2019-11-15 01:00:16,675 [org.apache.hadoop.util.JvmPauseMonitor$Monitor@61fa642] INFO  util.JvmPauseMonitor (JvmPauseMonitor.java:run(188)) - Starting JVM pause monitor
2019-11-15 01:00:16,677 [Datanode State Machine Thread - 0] INFO  datanode.InitDatanodeState (InitDatanodeState.java:persistContainerDatanodeDetails(140)) - DatanodeDetails is persisted to /workdir/hadoop-ozone/integration-test/target/test-dir/MiniOzoneClusterImpl-9b1c7e50-938b-4652-9315-e435b3731240/datanode-2/meta/datanode.id
2019-11-15 01:00:16,682 [main] INFO  volume.HddsVolume (HddsVolume.java:<init>(176)) - Creating Volume: /workdir/hadoop-ozone/integration-test/target/test-dir/MiniOzoneClusterImpl-9b1c7e50-938b-4652-9315-e435b3731240/datanode-3/data/containers/hdds of  storage type : DISK and capacity : 1482555576320
2019-11-15 01:00:16,683 [main] INFO  volume.VolumeSet (VolumeSet.java:initializeVolumeSet(170)) - Added Volume : /workdir/hadoop-ozone/integration-test/target/test-dir/MiniOzoneClusterImpl-9b1c7e50-938b-4652-9315-e435b3731240/datanode-3/data/containers/hdds to VolumeSet
2019-11-15 01:00:16,683 [main] INFO  volume.ThrottledAsyncChecker (ThrottledAsyncChecker.java:schedule(141)) - Scheduling a check for /workdir/hadoop-ozone/integration-test/target/test-dir/MiniOzoneClusterImpl-9b1c7e50-938b-4652-9315-e435b3731240/datanode-3/data/containers/hdds
2019-11-15 01:00:16,683 [main] INFO  volume.HddsVolumeChecker (HddsVolumeChecker.java:checkAllVolumes(204)) - Scheduled health check for volume /workdir/hadoop-ozone/integration-test/target/test-dir/MiniOzoneClusterImpl-9b1c7e50-938b-4652-9315-e435b3731240/datanode-3/data/containers/hdds
2019-11-15 01:00:16,695 [main] INFO  impl.RaftServerProxy (ConfUtils.java:logGet(43)) - raft.rpc.type = GRPC (default)
2019-11-15 01:00:16,695 [main] INFO  grpc.GrpcFactory (GrpcFactory.java:checkPooledByteBufAllocatorUseCacheForAllThreads(45)) - PERFORMANCE WARNING: useCacheForAllThreads is true that may cause Netty to create a lot garbage objects and, as a result, trigger GC.
	It is recommended to disable useCacheForAllThreads by setting -Dorg.apache.ratis.thirdparty.io.netty.allocator.useCacheForAllThreads=false in command line.
2019-11-15 01:00:16,695 [main] INFO  grpc.GrpcConfigKeys$Server (ConfUtils.java:logGet(43)) - raft.grpc.server.port = 0 (default)
2019-11-15 01:00:16,695 [main] INFO  server.GrpcService (ConfUtils.java:logGet(43)) - raft.grpc.message.size.max = 33570816 (custom)
2019-11-15 01:00:16,696 [main] INFO  server.RaftServerConfigKeys (ConfUtils.java:logGet(43)) - raft.server.log.appender.buffer.byte-limit = 33554432 (custom)
2019-11-15 01:00:16,696 [main] INFO  server.GrpcService (ConfUtils.java:logGet(43)) - raft.grpc.flow.control.window = 1MB (=1048576) (default)
2019-11-15 01:00:16,696 [main] INFO  server.RaftServerConfigKeys (ConfUtils.java:logGet(43)) - raft.server.rpc.request.timeout = 3000ms (default)
2019-11-15 01:00:16,696 [main] INFO  server.RaftServerConfigKeys (ConfUtils.java:logGet(43)) - raft.server.storage.dir = [/workdir/hadoop-ozone/integration-test/target/test-dir/MiniOzoneClusterImpl-9b1c7e50-938b-4652-9315-e435b3731240/datanode-3/data/ratis] (custom)
2019-11-15 01:00:16,697 [main] INFO  hdfs.DFSUtil (DFSUtil.java:httpServerTemplateForNNAndJN(1641)) - Starting Web-server for hddsDatanode at: http://0.0.0.0:0
2019-11-15 01:00:16,698 [main] INFO  server.AuthenticationFilter (AuthenticationFilter.java:constructSecretProvider(240)) - Unable to initialize FileSignerSecretProvider, falling back to use random secrets.
2019-11-15 01:00:16,699 [main] WARN  http.HttpRequestLog (HttpRequestLog.java:getRequestLog(97)) - Jetty request log can only be enabled using Log4j
2019-11-15 01:00:16,700 [main] INFO  http.HttpServer2 (HttpServer2.java:addGlobalFilter(975)) - Added global filter 'safety' (class=org.apache.hadoop.http.HttpServer2$QuotingInputFilter)
2019-11-15 01:00:16,700 [main] INFO  http.HttpServer2 (HttpServer2.java:addFilter(948)) - Added filter static_user_filter (class=org.apache.hadoop.http.lib.StaticUserWebFilter$StaticUserFilter) to context hddsDatanode
2019-11-15 01:00:16,700 [main] INFO  http.HttpServer2 (HttpServer2.java:addFilter(958)) - Added filter static_user_filter (class=org.apache.hadoop.http.lib.StaticUserWebFilter$StaticUserFilter) to context logs
2019-11-15 01:00:16,700 [main] INFO  http.HttpServer2 (HttpServer2.java:addFilter(958)) - Added filter static_user_filter (class=org.apache.hadoop.http.lib.StaticUserWebFilter$StaticUserFilter) to context static
2019-11-15 01:00:16,701 [main] INFO  http.HttpServer2 (HttpServer2.java:bindListener(1191)) - Jetty bound to port 43956
2019-11-15 01:00:16,701 [main] INFO  server.Server (Server.java:doStart(351)) - jetty-9.3.25.v20180904, build timestamp: 2018-09-04T21:11:46Z, git hash: 3ce520221d0240229c862b122d2b06c12a625732
2019-11-15 01:00:16,703 [main] INFO  handler.ContextHandler (ContextHandler.java:doStart(781)) - Started o.e.j.s.ServletContextHandler@362a561e{/logs,file:///workdir/hadoop-ozone/integration-test/target/log,AVAILABLE}
2019-11-15 01:00:16,703 [main] INFO  handler.ContextHandler (ContextHandler.java:doStart(781)) - Started o.e.j.s.ServletContextHandler@75ad30c1{/static,jar:file:/home/user/.m2/repository/org/apache/hadoop/hadoop-hdds-container-service/0.5.0-SNAPSHOT/hadoop-hdds-container-service-0.5.0-SNAPSHOT.jar!/webapps/static,AVAILABLE}
2019-11-15 01:00:16,732 [main] INFO  handler.ContextHandler (ContextHandler.java:doStart(781)) - Started o.e.j.w.WebAppContext@23ea8830{/,file:///tmp/jetty-0.0.0.0-43956-hddsDatanode-_-any-7216348792909492086.dir/webapp/,AVAILABLE}{/hddsDatanode}
2019-11-15 01:00:16,733 [main] INFO  server.AbstractConnector (AbstractConnector.java:doStart(278)) - Started ServerConnector@59a09be{HTTP/1.1,[http/1.1]}{0.0.0.0:43956}
2019-11-15 01:00:16,733 [main] INFO  server.Server (Server.java:doStart(419)) - Started @266217ms
2019-11-15 01:00:16,734 [main] WARN  impl.MetricsSystemImpl (MetricsSystemImpl.java:register(276)) - Sink prometheus already exists!
2019-11-15 01:00:16,735 [main] INFO  server.BaseHttpServer (BaseHttpServer.java:updateConnectorAddress(215)) - HTTP server of HDDSDATANODE is listening at http://0.0.0.0:43956
2019-11-15 01:00:16,735 [main] INFO  impl.MetricsSystemImpl (MetricsSystemImpl.java:init(158)) - HddsDatanode metrics system started (again)
2019-11-15 01:00:16,737 [main] INFO  ozone.HddsDatanodeService (HddsDatanodeService.java:start(186)) - HddsDatanodeService host:pr-hdds-2442-bxv5b-1523879440 ip:192.168.164.208
2019-11-15 01:00:16,738 [org.apache.hadoop.util.JvmPauseMonitor$Monitor@2f0f6946] INFO  util.JvmPauseMonitor (JvmPauseMonitor.java:run(188)) - Starting JVM pause monitor
2019-11-15 01:00:16,739 [Datanode State Machine Thread - 0] INFO  datanode.InitDatanodeState (InitDatanodeState.java:persistContainerDatanodeDetails(140)) - DatanodeDetails is persisted to /workdir/hadoop-ozone/integration-test/target/test-dir/MiniOzoneClusterImpl-9b1c7e50-938b-4652-9315-e435b3731240/datanode-3/meta/datanode.id
2019-11-15 01:00:16,744 [main] INFO  volume.HddsVolume (HddsVolume.java:<init>(176)) - Creating Volume: /workdir/hadoop-ozone/integration-test/target/test-dir/MiniOzoneClusterImpl-9b1c7e50-938b-4652-9315-e435b3731240/datanode-4/data/containers/hdds of  storage type : DISK and capacity : 1482555576320
2019-11-15 01:00:16,744 [main] INFO  volume.VolumeSet (VolumeSet.java:initializeVolumeSet(170)) - Added Volume : /workdir/hadoop-ozone/integration-test/target/test-dir/MiniOzoneClusterImpl-9b1c7e50-938b-4652-9315-e435b3731240/datanode-4/data/containers/hdds to VolumeSet
2019-11-15 01:00:16,745 [main] INFO  volume.ThrottledAsyncChecker (ThrottledAsyncChecker.java:schedule(141)) - Scheduling a check for /workdir/hadoop-ozone/integration-test/target/test-dir/MiniOzoneClusterImpl-9b1c7e50-938b-4652-9315-e435b3731240/datanode-4/data/containers/hdds
2019-11-15 01:00:16,745 [main] INFO  volume.HddsVolumeChecker (HddsVolumeChecker.java:checkAllVolumes(204)) - Scheduled health check for volume /workdir/hadoop-ozone/integration-test/target/test-dir/MiniOzoneClusterImpl-9b1c7e50-938b-4652-9315-e435b3731240/datanode-4/data/containers/hdds
2019-11-15 01:00:16,758 [main] INFO  impl.RaftServerProxy (ConfUtils.java:logGet(43)) - raft.rpc.type = GRPC (default)
2019-11-15 01:00:16,758 [main] INFO  grpc.GrpcFactory (GrpcFactory.java:checkPooledByteBufAllocatorUseCacheForAllThreads(45)) - PERFORMANCE WARNING: useCacheForAllThreads is true that may cause Netty to create a lot garbage objects and, as a result, trigger GC.
	It is recommended to disable useCacheForAllThreads by setting -Dorg.apache.ratis.thirdparty.io.netty.allocator.useCacheForAllThreads=false in command line.
2019-11-15 01:00:16,758 [main] INFO  grpc.GrpcConfigKeys$Server (ConfUtils.java:logGet(43)) - raft.grpc.server.port = 0 (default)
2019-11-15 01:00:16,758 [main] INFO  server.GrpcService (ConfUtils.java:logGet(43)) - raft.grpc.message.size.max = 33570816 (custom)
2019-11-15 01:00:16,758 [main] INFO  server.RaftServerConfigKeys (ConfUtils.java:logGet(43)) - raft.server.log.appender.buffer.byte-limit = 33554432 (custom)
2019-11-15 01:00:16,759 [main] INFO  server.GrpcService (ConfUtils.java:logGet(43)) - raft.grpc.flow.control.window = 1MB (=1048576) (default)
2019-11-15 01:00:16,759 [main] INFO  server.RaftServerConfigKeys (ConfUtils.java:logGet(43)) - raft.server.rpc.request.timeout = 3000ms (default)
2019-11-15 01:00:16,759 [main] INFO  server.RaftServerConfigKeys (ConfUtils.java:logGet(43)) - raft.server.storage.dir = [/workdir/hadoop-ozone/integration-test/target/test-dir/MiniOzoneClusterImpl-9b1c7e50-938b-4652-9315-e435b3731240/datanode-4/data/ratis] (custom)
2019-11-15 01:00:16,760 [main] INFO  hdfs.DFSUtil (DFSUtil.java:httpServerTemplateForNNAndJN(1641)) - Starting Web-server for hddsDatanode at: http://0.0.0.0:0
2019-11-15 01:00:16,762 [main] INFO  server.AuthenticationFilter (AuthenticationFilter.java:constructSecretProvider(240)) - Unable to initialize FileSignerSecretProvider, falling back to use random secrets.
2019-11-15 01:00:16,762 [main] WARN  http.HttpRequestLog (HttpRequestLog.java:getRequestLog(97)) - Jetty request log can only be enabled using Log4j
2019-11-15 01:00:16,763 [main] INFO  http.HttpServer2 (HttpServer2.java:addGlobalFilter(975)) - Added global filter 'safety' (class=org.apache.hadoop.http.HttpServer2$QuotingInputFilter)
2019-11-15 01:00:16,763 [main] INFO  http.HttpServer2 (HttpServer2.java:addFilter(948)) - Added filter static_user_filter (class=org.apache.hadoop.http.lib.StaticUserWebFilter$StaticUserFilter) to context hddsDatanode
2019-11-15 01:00:16,763 [main] INFO  http.HttpServer2 (HttpServer2.java:addFilter(958)) - Added filter static_user_filter (class=org.apache.hadoop.http.lib.StaticUserWebFilter$StaticUserFilter) to context logs
2019-11-15 01:00:16,764 [main] INFO  http.HttpServer2 (HttpServer2.java:addFilter(958)) - Added filter static_user_filter (class=org.apache.hadoop.http.lib.StaticUserWebFilter$StaticUserFilter) to context static
2019-11-15 01:00:16,764 [main] INFO  http.HttpServer2 (HttpServer2.java:bindListener(1191)) - Jetty bound to port 37371
2019-11-15 01:00:16,764 [main] INFO  server.Server (Server.java:doStart(351)) - jetty-9.3.25.v20180904, build timestamp: 2018-09-04T21:11:46Z, git hash: 3ce520221d0240229c862b122d2b06c12a625732
2019-11-15 01:00:16,766 [main] INFO  handler.ContextHandler (ContextHandler.java:doStart(781)) - Started o.e.j.s.ServletContextHandler@6def0632{/logs,file:///workdir/hadoop-ozone/integration-test/target/log,AVAILABLE}
2019-11-15 01:00:16,766 [main] INFO  handler.ContextHandler (ContextHandler.java:doStart(781)) - Started o.e.j.s.ServletContextHandler@36211bbc{/static,jar:file:/home/user/.m2/repository/org/apache/hadoop/hadoop-hdds-container-service/0.5.0-SNAPSHOT/hadoop-hdds-container-service-0.5.0-SNAPSHOT.jar!/webapps/static,AVAILABLE}
2019-11-15 01:00:16,794 [main] INFO  handler.ContextHandler (ContextHandler.java:doStart(781)) - Started o.e.j.w.WebAppContext@7ad889be{/,file:///tmp/jetty-0.0.0.0-37371-hddsDatanode-_-any-5966365198951180878.dir/webapp/,AVAILABLE}{/hddsDatanode}
2019-11-15 01:00:16,794 [main] INFO  server.AbstractConnector (AbstractConnector.java:doStart(278)) - Started ServerConnector@4c063cb9{HTTP/1.1,[http/1.1]}{0.0.0.0:37371}
2019-11-15 01:00:16,795 [main] INFO  server.Server (Server.java:doStart(419)) - Started @266279ms
2019-11-15 01:00:16,795 [main] WARN  impl.MetricsSystemImpl (MetricsSystemImpl.java:register(276)) - Sink prometheus already exists!
2019-11-15 01:00:16,796 [main] INFO  server.BaseHttpServer (BaseHttpServer.java:updateConnectorAddress(215)) - HTTP server of HDDSDATANODE is listening at http://0.0.0.0:37371
2019-11-15 01:00:16,797 [main] INFO  impl.MetricsSystemImpl (MetricsSystemImpl.java:init(158)) - HddsDatanode metrics system started (again)
2019-11-15 01:00:16,799 [main] INFO  ozone.HddsDatanodeService (HddsDatanodeService.java:start(186)) - HddsDatanodeService host:pr-hdds-2442-bxv5b-1523879440 ip:192.168.164.208
2019-11-15 01:00:16,800 [org.apache.hadoop.util.JvmPauseMonitor$Monitor@59a0c931] INFO  util.JvmPauseMonitor (JvmPauseMonitor.java:run(188)) - Starting JVM pause monitor
2019-11-15 01:00:16,801 [Datanode State Machine Thread - 0] INFO  datanode.InitDatanodeState (InitDatanodeState.java:persistContainerDatanodeDetails(140)) - DatanodeDetails is persisted to /workdir/hadoop-ozone/integration-test/target/test-dir/MiniOzoneClusterImpl-9b1c7e50-938b-4652-9315-e435b3731240/datanode-4/meta/datanode.id
2019-11-15 01:00:16,806 [main] INFO  volume.HddsVolume (HddsVolume.java:<init>(176)) - Creating Volume: /workdir/hadoop-ozone/integration-test/target/test-dir/MiniOzoneClusterImpl-9b1c7e50-938b-4652-9315-e435b3731240/datanode-5/data/containers/hdds of  storage type : DISK and capacity : 1482555576320
2019-11-15 01:00:16,806 [main] INFO  volume.VolumeSet (VolumeSet.java:initializeVolumeSet(170)) - Added Volume : /workdir/hadoop-ozone/integration-test/target/test-dir/MiniOzoneClusterImpl-9b1c7e50-938b-4652-9315-e435b3731240/datanode-5/data/containers/hdds to VolumeSet
2019-11-15 01:00:16,806 [main] INFO  volume.ThrottledAsyncChecker (ThrottledAsyncChecker.java:schedule(141)) - Scheduling a check for /workdir/hadoop-ozone/integration-test/target/test-dir/MiniOzoneClusterImpl-9b1c7e50-938b-4652-9315-e435b3731240/datanode-5/data/containers/hdds
2019-11-15 01:00:16,807 [main] INFO  volume.HddsVolumeChecker (HddsVolumeChecker.java:checkAllVolumes(204)) - Scheduled health check for volume /workdir/hadoop-ozone/integration-test/target/test-dir/MiniOzoneClusterImpl-9b1c7e50-938b-4652-9315-e435b3731240/datanode-5/data/containers/hdds
2019-11-15 01:00:16,819 [main] INFO  impl.RaftServerProxy (ConfUtils.java:logGet(43)) - raft.rpc.type = GRPC (default)
2019-11-15 01:00:16,819 [main] INFO  grpc.GrpcFactory (GrpcFactory.java:checkPooledByteBufAllocatorUseCacheForAllThreads(45)) - PERFORMANCE WARNING: useCacheForAllThreads is true that may cause Netty to create a lot garbage objects and, as a result, trigger GC.
	It is recommended to disable useCacheForAllThreads by setting -Dorg.apache.ratis.thirdparty.io.netty.allocator.useCacheForAllThreads=false in command line.
2019-11-15 01:00:16,819 [main] INFO  grpc.GrpcConfigKeys$Server (ConfUtils.java:logGet(43)) - raft.grpc.server.port = 0 (default)
2019-11-15 01:00:16,819 [main] INFO  server.GrpcService (ConfUtils.java:logGet(43)) - raft.grpc.message.size.max = 33570816 (custom)
2019-11-15 01:00:16,820 [main] INFO  server.RaftServerConfigKeys (ConfUtils.java:logGet(43)) - raft.server.log.appender.buffer.byte-limit = 33554432 (custom)
2019-11-15 01:00:16,820 [main] INFO  server.GrpcService (ConfUtils.java:logGet(43)) - raft.grpc.flow.control.window = 1MB (=1048576) (default)
2019-11-15 01:00:16,820 [main] INFO  server.RaftServerConfigKeys (ConfUtils.java:logGet(43)) - raft.server.rpc.request.timeout = 3000ms (default)
2019-11-15 01:00:16,820 [main] INFO  server.RaftServerConfigKeys (ConfUtils.java:logGet(43)) - raft.server.storage.dir = [/workdir/hadoop-ozone/integration-test/target/test-dir/MiniOzoneClusterImpl-9b1c7e50-938b-4652-9315-e435b3731240/datanode-5/data/ratis] (custom)
2019-11-15 01:00:16,821 [main] INFO  hdfs.DFSUtil (DFSUtil.java:httpServerTemplateForNNAndJN(1641)) - Starting Web-server for hddsDatanode at: http://0.0.0.0:0
2019-11-15 01:00:16,822 [main] INFO  server.AuthenticationFilter (AuthenticationFilter.java:constructSecretProvider(240)) - Unable to initialize FileSignerSecretProvider, falling back to use random secrets.
2019-11-15 01:00:16,823 [main] WARN  http.HttpRequestLog (HttpRequestLog.java:getRequestLog(97)) - Jetty request log can only be enabled using Log4j
2019-11-15 01:00:16,824 [main] INFO  http.HttpServer2 (HttpServer2.java:addGlobalFilter(975)) - Added global filter 'safety' (class=org.apache.hadoop.http.HttpServer2$QuotingInputFilter)
2019-11-15 01:00:16,824 [main] INFO  http.HttpServer2 (HttpServer2.java:addFilter(948)) - Added filter static_user_filter (class=org.apache.hadoop.http.lib.StaticUserWebFilter$StaticUserFilter) to context hddsDatanode
2019-11-15 01:00:16,824 [main] INFO  http.HttpServer2 (HttpServer2.java:addFilter(958)) - Added filter static_user_filter (class=org.apache.hadoop.http.lib.StaticUserWebFilter$StaticUserFilter) to context static
2019-11-15 01:00:16,824 [main] INFO  http.HttpServer2 (HttpServer2.java:addFilter(958)) - Added filter static_user_filter (class=org.apache.hadoop.http.lib.StaticUserWebFilter$StaticUserFilter) to context logs
2019-11-15 01:00:16,825 [main] INFO  http.HttpServer2 (HttpServer2.java:bindListener(1191)) - Jetty bound to port 46170
2019-11-15 01:00:16,825 [main] INFO  server.Server (Server.java:doStart(351)) - jetty-9.3.25.v20180904, build timestamp: 2018-09-04T21:11:46Z, git hash: 3ce520221d0240229c862b122d2b06c12a625732
2019-11-15 01:00:16,826 [main] INFO  handler.ContextHandler (ContextHandler.java:doStart(781)) - Started o.e.j.s.ServletContextHandler@5c5a91b4{/logs,file:///workdir/hadoop-ozone/integration-test/target/log,AVAILABLE}
2019-11-15 01:00:16,827 [main] INFO  handler.ContextHandler (ContextHandler.java:doStart(781)) - Started o.e.j.s.ServletContextHandler@59ec7020{/static,jar:file:/home/user/.m2/repository/org/apache/hadoop/hadoop-hdds-container-service/0.5.0-SNAPSHOT/hadoop-hdds-container-service-0.5.0-SNAPSHOT.jar!/webapps/static,AVAILABLE}
2019-11-15 01:00:16,868 [main] INFO  handler.ContextHandler (ContextHandler.java:doStart(781)) - Started o.e.j.w.WebAppContext@2de3b052{/,file:///tmp/jetty-0.0.0.0-46170-hddsDatanode-_-any-3121324384941366197.dir/webapp/,AVAILABLE}{/hddsDatanode}
2019-11-15 01:00:16,868 [main] INFO  server.AbstractConnector (AbstractConnector.java:doStart(278)) - Started ServerConnector@3f3c8b60{HTTP/1.1,[http/1.1]}{0.0.0.0:46170}
2019-11-15 01:00:16,870 [main] INFO  server.Server (Server.java:doStart(419)) - Started @266354ms
2019-11-15 01:00:16,870 [main] WARN  impl.MetricsSystemImpl (MetricsSystemImpl.java:register(276)) - Sink prometheus already exists!
2019-11-15 01:00:16,871 [main] INFO  server.BaseHttpServer (BaseHttpServer.java:updateConnectorAddress(215)) - HTTP server of HDDSDATANODE is listening at http://0.0.0.0:46170
2019-11-15 01:00:16,871 [main] INFO  impl.MetricsSystemImpl (MetricsSystemImpl.java:init(158)) - HddsDatanode metrics system started (again)
2019-11-15 01:00:16,875 [org.apache.hadoop.util.JvmPauseMonitor$Monitor@77756bbe] INFO  util.JvmPauseMonitor (JvmPauseMonitor.java:run(188)) - Starting JVM pause monitor
2019-11-15 01:00:16,875 [main] INFO  ozone.HddsDatanodeService (HddsDatanodeService.java:start(186)) - HddsDatanodeService host:pr-hdds-2442-bxv5b-1523879440 ip:192.168.164.208
2019-11-15 01:00:16,876 [Datanode State Machine Thread - 0] INFO  datanode.InitDatanodeState (InitDatanodeState.java:persistContainerDatanodeDetails(140)) - DatanodeDetails is persisted to /workdir/hadoop-ozone/integration-test/target/test-dir/MiniOzoneClusterImpl-9b1c7e50-938b-4652-9315-e435b3731240/datanode-5/meta/datanode.id
2019-11-15 01:00:16,882 [main] INFO  volume.HddsVolume (HddsVolume.java:<init>(176)) - Creating Volume: /workdir/hadoop-ozone/integration-test/target/test-dir/MiniOzoneClusterImpl-9b1c7e50-938b-4652-9315-e435b3731240/datanode-6/data/containers/hdds of  storage type : DISK and capacity : 1482555576320
2019-11-15 01:00:16,882 [main] INFO  volume.VolumeSet (VolumeSet.java:initializeVolumeSet(170)) - Added Volume : /workdir/hadoop-ozone/integration-test/target/test-dir/MiniOzoneClusterImpl-9b1c7e50-938b-4652-9315-e435b3731240/datanode-6/data/containers/hdds to VolumeSet
2019-11-15 01:00:16,883 [main] INFO  volume.ThrottledAsyncChecker (ThrottledAsyncChecker.java:schedule(141)) - Scheduling a check for /workdir/hadoop-ozone/integration-test/target/test-dir/MiniOzoneClusterImpl-9b1c7e50-938b-4652-9315-e435b3731240/datanode-6/data/containers/hdds
2019-11-15 01:00:16,883 [main] INFO  volume.HddsVolumeChecker (HddsVolumeChecker.java:checkAllVolumes(204)) - Scheduled health check for volume /workdir/hadoop-ozone/integration-test/target/test-dir/MiniOzoneClusterImpl-9b1c7e50-938b-4652-9315-e435b3731240/datanode-6/data/containers/hdds
2019-11-15 01:00:16,899 [main] INFO  impl.RaftServerProxy (ConfUtils.java:logGet(43)) - raft.rpc.type = GRPC (default)
2019-11-15 01:00:16,899 [main] INFO  grpc.GrpcFactory (GrpcFactory.java:checkPooledByteBufAllocatorUseCacheForAllThreads(45)) - PERFORMANCE WARNING: useCacheForAllThreads is true that may cause Netty to create a lot garbage objects and, as a result, trigger GC.
	It is recommended to disable useCacheForAllThreads by setting -Dorg.apache.ratis.thirdparty.io.netty.allocator.useCacheForAllThreads=false in command line.
2019-11-15 01:00:16,899 [main] INFO  grpc.GrpcConfigKeys$Server (ConfUtils.java:logGet(43)) - raft.grpc.server.port = 0 (default)
2019-11-15 01:00:16,900 [main] INFO  server.GrpcService (ConfUtils.java:logGet(43)) - raft.grpc.message.size.max = 33570816 (custom)
2019-11-15 01:00:16,900 [main] INFO  server.RaftServerConfigKeys (ConfUtils.java:logGet(43)) - raft.server.log.appender.buffer.byte-limit = 33554432 (custom)
2019-11-15 01:00:16,900 [main] INFO  server.GrpcService (ConfUtils.java:logGet(43)) - raft.grpc.flow.control.window = 1MB (=1048576) (default)
2019-11-15 01:00:16,900 [main] INFO  server.RaftServerConfigKeys (ConfUtils.java:logGet(43)) - raft.server.rpc.request.timeout = 3000ms (default)
2019-11-15 01:00:16,900 [main] INFO  server.RaftServerConfigKeys (ConfUtils.java:logGet(43)) - raft.server.storage.dir = [/workdir/hadoop-ozone/integration-test/target/test-dir/MiniOzoneClusterImpl-9b1c7e50-938b-4652-9315-e435b3731240/datanode-6/data/ratis] (custom)
2019-11-15 01:00:16,902 [main] INFO  hdfs.DFSUtil (DFSUtil.java:httpServerTemplateForNNAndJN(1641)) - Starting Web-server for hddsDatanode at: http://0.0.0.0:0
2019-11-15 01:00:16,903 [main] INFO  server.AuthenticationFilter (AuthenticationFilter.java:constructSecretProvider(240)) - Unable to initialize FileSignerSecretProvider, falling back to use random secrets.
2019-11-15 01:00:16,903 [main] WARN  http.HttpRequestLog (HttpRequestLog.java:getRequestLog(97)) - Jetty request log can only be enabled using Log4j
2019-11-15 01:00:16,905 [main] INFO  http.HttpServer2 (HttpServer2.java:addGlobalFilter(975)) - Added global filter 'safety' (class=org.apache.hadoop.http.HttpServer2$QuotingInputFilter)
2019-11-15 01:00:16,905 [main] INFO  http.HttpServer2 (HttpServer2.java:addFilter(948)) - Added filter static_user_filter (class=org.apache.hadoop.http.lib.StaticUserWebFilter$StaticUserFilter) to context hddsDatanode
2019-11-15 01:00:16,905 [main] INFO  http.HttpServer2 (HttpServer2.java:addFilter(958)) - Added filter static_user_filter (class=org.apache.hadoop.http.lib.StaticUserWebFilter$StaticUserFilter) to context logs
2019-11-15 01:00:16,906 [main] INFO  http.HttpServer2 (HttpServer2.java:addFilter(958)) - Added filter static_user_filter (class=org.apache.hadoop.http.lib.StaticUserWebFilter$StaticUserFilter) to context static
2019-11-15 01:00:16,906 [main] INFO  http.HttpServer2 (HttpServer2.java:bindListener(1191)) - Jetty bound to port 35563
2019-11-15 01:00:16,906 [main] INFO  server.Server (Server.java:doStart(351)) - jetty-9.3.25.v20180904, build timestamp: 2018-09-04T21:11:46Z, git hash: 3ce520221d0240229c862b122d2b06c12a625732
2019-11-15 01:00:16,908 [main] INFO  handler.ContextHandler (ContextHandler.java:doStart(781)) - Started o.e.j.s.ServletContextHandler@5280688{/logs,file:///workdir/hadoop-ozone/integration-test/target/log,AVAILABLE}
2019-11-15 01:00:16,908 [main] INFO  handler.ContextHandler (ContextHandler.java:doStart(781)) - Started o.e.j.s.ServletContextHandler@61ab6521{/static,jar:file:/home/user/.m2/repository/org/apache/hadoop/hadoop-hdds-container-service/0.5.0-SNAPSHOT/hadoop-hdds-container-service-0.5.0-SNAPSHOT.jar!/webapps/static,AVAILABLE}
2019-11-15 01:00:16,939 [main] INFO  handler.ContextHandler (ContextHandler.java:doStart(781)) - Started o.e.j.w.WebAppContext@1f179f51{/,file:///tmp/jetty-0.0.0.0-35563-hddsDatanode-_-any-2103310864733504999.dir/webapp/,AVAILABLE}{/hddsDatanode}
2019-11-15 01:00:16,939 [main] INFO  server.AbstractConnector (AbstractConnector.java:doStart(278)) - Started ServerConnector@b428830{HTTP/1.1,[http/1.1]}{0.0.0.0:35563}
2019-11-15 01:00:16,940 [main] INFO  server.Server (Server.java:doStart(419)) - Started @266424ms
2019-11-15 01:00:16,941 [main] WARN  impl.MetricsSystemImpl (MetricsSystemImpl.java:register(276)) - Sink prometheus already exists!
2019-11-15 01:00:16,941 [main] INFO  server.BaseHttpServer (BaseHttpServer.java:updateConnectorAddress(215)) - HTTP server of HDDSDATANODE is listening at http://0.0.0.0:35563
2019-11-15 01:00:16,942 [main] INFO  impl.MetricsSystemImpl (MetricsSystemImpl.java:init(158)) - HddsDatanode metrics system started (again)
2019-11-15 01:00:16,945 [org.apache.hadoop.util.JvmPauseMonitor$Monitor@6cf9c367] INFO  util.JvmPauseMonitor (JvmPauseMonitor.java:run(188)) - Starting JVM pause monitor
2019-11-15 01:00:16,945 [main] INFO  ozone.HddsDatanodeService (HddsDatanodeService.java:start(186)) - HddsDatanodeService host:pr-hdds-2442-bxv5b-1523879440 ip:192.168.164.208
2019-11-15 01:00:16,946 [Datanode State Machine Thread - 0] INFO  datanode.InitDatanodeState (InitDatanodeState.java:persistContainerDatanodeDetails(140)) - DatanodeDetails is persisted to /workdir/hadoop-ozone/integration-test/target/test-dir/MiniOzoneClusterImpl-9b1c7e50-938b-4652-9315-e435b3731240/datanode-6/meta/datanode.id
2019-11-15 01:00:16,952 [main] INFO  volume.HddsVolume (HddsVolume.java:<init>(176)) - Creating Volume: /workdir/hadoop-ozone/integration-test/target/test-dir/MiniOzoneClusterImpl-9b1c7e50-938b-4652-9315-e435b3731240/datanode-7/data/containers/hdds of  storage type : DISK and capacity : 1482555576320
2019-11-15 01:00:16,952 [main] INFO  volume.VolumeSet (VolumeSet.java:initializeVolumeSet(170)) - Added Volume : /workdir/hadoop-ozone/integration-test/target/test-dir/MiniOzoneClusterImpl-9b1c7e50-938b-4652-9315-e435b3731240/datanode-7/data/containers/hdds to VolumeSet
2019-11-15 01:00:16,952 [main] INFO  volume.ThrottledAsyncChecker (ThrottledAsyncChecker.java:schedule(141)) - Scheduling a check for /workdir/hadoop-ozone/integration-test/target/test-dir/MiniOzoneClusterImpl-9b1c7e50-938b-4652-9315-e435b3731240/datanode-7/data/containers/hdds
2019-11-15 01:00:16,953 [main] INFO  volume.HddsVolumeChecker (HddsVolumeChecker.java:checkAllVolumes(204)) - Scheduled health check for volume /workdir/hadoop-ozone/integration-test/target/test-dir/MiniOzoneClusterImpl-9b1c7e50-938b-4652-9315-e435b3731240/datanode-7/data/containers/hdds
2019-11-15 01:00:16,969 [main] INFO  impl.RaftServerProxy (ConfUtils.java:logGet(43)) - raft.rpc.type = GRPC (default)
2019-11-15 01:00:16,969 [main] INFO  grpc.GrpcFactory (GrpcFactory.java:checkPooledByteBufAllocatorUseCacheForAllThreads(45)) - PERFORMANCE WARNING: useCacheForAllThreads is true that may cause Netty to create a lot garbage objects and, as a result, trigger GC.
	It is recommended to disable useCacheForAllThreads by setting -Dorg.apache.ratis.thirdparty.io.netty.allocator.useCacheForAllThreads=false in command line.
2019-11-15 01:00:16,969 [main] INFO  grpc.GrpcConfigKeys$Server (ConfUtils.java:logGet(43)) - raft.grpc.server.port = 0 (default)
2019-11-15 01:00:16,969 [main] INFO  server.GrpcService (ConfUtils.java:logGet(43)) - raft.grpc.message.size.max = 33570816 (custom)
2019-11-15 01:00:16,969 [main] INFO  server.RaftServerConfigKeys (ConfUtils.java:logGet(43)) - raft.server.log.appender.buffer.byte-limit = 33554432 (custom)
2019-11-15 01:00:16,969 [main] INFO  server.GrpcService (ConfUtils.java:logGet(43)) - raft.grpc.flow.control.window = 1MB (=1048576) (default)
2019-11-15 01:00:16,970 [main] INFO  server.RaftServerConfigKeys (ConfUtils.java:logGet(43)) - raft.server.rpc.request.timeout = 3000ms (default)
2019-11-15 01:00:16,970 [main] INFO  server.RaftServerConfigKeys (ConfUtils.java:logGet(43)) - raft.server.storage.dir = [/workdir/hadoop-ozone/integration-test/target/test-dir/MiniOzoneClusterImpl-9b1c7e50-938b-4652-9315-e435b3731240/datanode-7/data/ratis] (custom)
2019-11-15 01:00:16,972 [main] INFO  hdfs.DFSUtil (DFSUtil.java:httpServerTemplateForNNAndJN(1641)) - Starting Web-server for hddsDatanode at: http://0.0.0.0:0
2019-11-15 01:00:16,974 [main] INFO  server.AuthenticationFilter (AuthenticationFilter.java:constructSecretProvider(240)) - Unable to initialize FileSignerSecretProvider, falling back to use random secrets.
2019-11-15 01:00:16,974 [main] WARN  http.HttpRequestLog (HttpRequestLog.java:getRequestLog(97)) - Jetty request log can only be enabled using Log4j
2019-11-15 01:00:16,976 [main] INFO  http.HttpServer2 (HttpServer2.java:addGlobalFilter(975)) - Added global filter 'safety' (class=org.apache.hadoop.http.HttpServer2$QuotingInputFilter)
2019-11-15 01:00:16,977 [main] INFO  http.HttpServer2 (HttpServer2.java:addFilter(948)) - Added filter static_user_filter (class=org.apache.hadoop.http.lib.StaticUserWebFilter$StaticUserFilter) to context hddsDatanode
2019-11-15 01:00:16,977 [main] INFO  http.HttpServer2 (HttpServer2.java:addFilter(958)) - Added filter static_user_filter (class=org.apache.hadoop.http.lib.StaticUserWebFilter$StaticUserFilter) to context logs
2019-11-15 01:00:16,977 [main] INFO  http.HttpServer2 (HttpServer2.java:addFilter(958)) - Added filter static_user_filter (class=org.apache.hadoop.http.lib.StaticUserWebFilter$StaticUserFilter) to context static
2019-11-15 01:00:16,978 [main] INFO  http.HttpServer2 (HttpServer2.java:bindListener(1191)) - Jetty bound to port 40024
2019-11-15 01:00:16,978 [main] INFO  server.Server (Server.java:doStart(351)) - jetty-9.3.25.v20180904, build timestamp: 2018-09-04T21:11:46Z, git hash: 3ce520221d0240229c862b122d2b06c12a625732
2019-11-15 01:00:16,980 [main] INFO  handler.ContextHandler (ContextHandler.java:doStart(781)) - Started o.e.j.s.ServletContextHandler@505d2bac{/logs,file:///workdir/hadoop-ozone/integration-test/target/log,AVAILABLE}
2019-11-15 01:00:16,981 [main] INFO  handler.ContextHandler (ContextHandler.java:doStart(781)) - Started o.e.j.s.ServletContextHandler@d969452{/static,jar:file:/home/user/.m2/repository/org/apache/hadoop/hadoop-hdds-container-service/0.5.0-SNAPSHOT/hadoop-hdds-container-service-0.5.0-SNAPSHOT.jar!/webapps/static,AVAILABLE}
2019-11-15 01:00:17,025 [main] INFO  handler.ContextHandler (ContextHandler.java:doStart(781)) - Started o.e.j.w.WebAppContext@36df4c26{/,file:///tmp/jetty-0.0.0.0-40024-hddsDatanode-_-any-448942524132853476.dir/webapp/,AVAILABLE}{/hddsDatanode}
2019-11-15 01:00:17,026 [main] INFO  server.AbstractConnector (AbstractConnector.java:doStart(278)) - Started ServerConnector@76828577{HTTP/1.1,[http/1.1]}{0.0.0.0:40024}
2019-11-15 01:00:17,026 [main] INFO  server.Server (Server.java:doStart(419)) - Started @266510ms
2019-11-15 01:00:17,027 [main] WARN  impl.MetricsSystemImpl (MetricsSystemImpl.java:register(276)) - Sink prometheus already exists!
2019-11-15 01:00:17,028 [main] INFO  server.BaseHttpServer (BaseHttpServer.java:updateConnectorAddress(215)) - HTTP server of HDDSDATANODE is listening at http://0.0.0.0:40024
2019-11-15 01:00:17,029 [main] INFO  impl.MetricsSystemImpl (MetricsSystemImpl.java:init(158)) - HddsDatanode metrics system started (again)
2019-11-15 01:00:17,033 [org.apache.hadoop.util.JvmPauseMonitor$Monitor@52dbf5f] INFO  util.JvmPauseMonitor (JvmPauseMonitor.java:run(188)) - Starting JVM pause monitor
2019-11-15 01:00:17,033 [main] INFO  ozone.HddsDatanodeService (HddsDatanodeService.java:start(186)) - HddsDatanodeService host:pr-hdds-2442-bxv5b-1523879440 ip:192.168.164.208
2019-11-15 01:00:17,034 [Datanode State Machine Thread - 0] INFO  datanode.InitDatanodeState (InitDatanodeState.java:persistContainerDatanodeDetails(140)) - DatanodeDetails is persisted to /workdir/hadoop-ozone/integration-test/target/test-dir/MiniOzoneClusterImpl-9b1c7e50-938b-4652-9315-e435b3731240/datanode-7/meta/datanode.id
2019-11-15 01:00:17,041 [main] INFO  volume.HddsVolume (HddsVolume.java:<init>(176)) - Creating Volume: /workdir/hadoop-ozone/integration-test/target/test-dir/MiniOzoneClusterImpl-9b1c7e50-938b-4652-9315-e435b3731240/datanode-8/data/containers/hdds of  storage type : DISK and capacity : 1482555576320
2019-11-15 01:00:17,042 [main] INFO  volume.VolumeSet (VolumeSet.java:initializeVolumeSet(170)) - Added Volume : /workdir/hadoop-ozone/integration-test/target/test-dir/MiniOzoneClusterImpl-9b1c7e50-938b-4652-9315-e435b3731240/datanode-8/data/containers/hdds to VolumeSet
2019-11-15 01:00:17,042 [main] INFO  volume.ThrottledAsyncChecker (ThrottledAsyncChecker.java:schedule(141)) - Scheduling a check for /workdir/hadoop-ozone/integration-test/target/test-dir/MiniOzoneClusterImpl-9b1c7e50-938b-4652-9315-e435b3731240/datanode-8/data/containers/hdds
2019-11-15 01:00:17,042 [main] INFO  volume.HddsVolumeChecker (HddsVolumeChecker.java:checkAllVolumes(204)) - Scheduled health check for volume /workdir/hadoop-ozone/integration-test/target/test-dir/MiniOzoneClusterImpl-9b1c7e50-938b-4652-9315-e435b3731240/datanode-8/data/containers/hdds
2019-11-15 01:00:17,054 [main] INFO  impl.RaftServerProxy (ConfUtils.java:logGet(43)) - raft.rpc.type = GRPC (default)
2019-11-15 01:00:17,055 [main] INFO  grpc.GrpcFactory (GrpcFactory.java:checkPooledByteBufAllocatorUseCacheForAllThreads(45)) - PERFORMANCE WARNING: useCacheForAllThreads is true that may cause Netty to create a lot garbage objects and, as a result, trigger GC.
	It is recommended to disable useCacheForAllThreads by setting -Dorg.apache.ratis.thirdparty.io.netty.allocator.useCacheForAllThreads=false in command line.
2019-11-15 01:00:17,055 [main] INFO  grpc.GrpcConfigKeys$Server (ConfUtils.java:logGet(43)) - raft.grpc.server.port = 0 (default)
2019-11-15 01:00:17,055 [main] INFO  server.GrpcService (ConfUtils.java:logGet(43)) - raft.grpc.message.size.max = 33570816 (custom)
2019-11-15 01:00:17,055 [main] INFO  server.RaftServerConfigKeys (ConfUtils.java:logGet(43)) - raft.server.log.appender.buffer.byte-limit = 33554432 (custom)
2019-11-15 01:00:17,055 [main] INFO  server.GrpcService (ConfUtils.java:logGet(43)) - raft.grpc.flow.control.window = 1MB (=1048576) (default)
2019-11-15 01:00:17,055 [main] INFO  server.RaftServerConfigKeys (ConfUtils.java:logGet(43)) - raft.server.rpc.request.timeout = 3000ms (default)
2019-11-15 01:00:17,056 [main] INFO  server.RaftServerConfigKeys (ConfUtils.java:logGet(43)) - raft.server.storage.dir = [/workdir/hadoop-ozone/integration-test/target/test-dir/MiniOzoneClusterImpl-9b1c7e50-938b-4652-9315-e435b3731240/datanode-8/data/ratis] (custom)
2019-11-15 01:00:17,057 [main] INFO  hdfs.DFSUtil (DFSUtil.java:httpServerTemplateForNNAndJN(1641)) - Starting Web-server for hddsDatanode at: http://0.0.0.0:0
2019-11-15 01:00:17,058 [main] INFO  server.AuthenticationFilter (AuthenticationFilter.java:constructSecretProvider(240)) - Unable to initialize FileSignerSecretProvider, falling back to use random secrets.
2019-11-15 01:00:17,059 [main] WARN  http.HttpRequestLog (HttpRequestLog.java:getRequestLog(97)) - Jetty request log can only be enabled using Log4j
2019-11-15 01:00:17,060 [main] INFO  http.HttpServer2 (HttpServer2.java:addGlobalFilter(975)) - Added global filter 'safety' (class=org.apache.hadoop.http.HttpServer2$QuotingInputFilter)
2019-11-15 01:00:17,060 [main] INFO  http.HttpServer2 (HttpServer2.java:addFilter(948)) - Added filter static_user_filter (class=org.apache.hadoop.http.lib.StaticUserWebFilter$StaticUserFilter) to context hddsDatanode
2019-11-15 01:00:17,060 [main] INFO  http.HttpServer2 (HttpServer2.java:addFilter(958)) - Added filter static_user_filter (class=org.apache.hadoop.http.lib.StaticUserWebFilter$StaticUserFilter) to context static
2019-11-15 01:00:17,060 [main] INFO  http.HttpServer2 (HttpServer2.java:addFilter(958)) - Added filter static_user_filter (class=org.apache.hadoop.http.lib.StaticUserWebFilter$StaticUserFilter) to context logs
2019-11-15 01:00:17,061 [main] INFO  http.HttpServer2 (HttpServer2.java:bindListener(1191)) - Jetty bound to port 40193
2019-11-15 01:00:17,061 [main] INFO  server.Server (Server.java:doStart(351)) - jetty-9.3.25.v20180904, build timestamp: 2018-09-04T21:11:46Z, git hash: 3ce520221d0240229c862b122d2b06c12a625732
2019-11-15 01:00:17,062 [main] INFO  handler.ContextHandler (ContextHandler.java:doStart(781)) - Started o.e.j.s.ServletContextHandler@3a588b5f{/logs,file:///workdir/hadoop-ozone/integration-test/target/log,AVAILABLE}
2019-11-15 01:00:17,063 [main] INFO  handler.ContextHandler (ContextHandler.java:doStart(781)) - Started o.e.j.s.ServletContextHandler@2bdb5e0f{/static,jar:file:/home/user/.m2/repository/org/apache/hadoop/hadoop-hdds-container-service/0.5.0-SNAPSHOT/hadoop-hdds-container-service-0.5.0-SNAPSHOT.jar!/webapps/static,AVAILABLE}
2019-11-15 01:00:17,105 [main] INFO  handler.ContextHandler (ContextHandler.java:doStart(781)) - Started o.e.j.w.WebAppContext@4e94669c{/,file:///tmp/jetty-0.0.0.0-40193-hddsDatanode-_-any-4998910848842443869.dir/webapp/,AVAILABLE}{/hddsDatanode}
2019-11-15 01:00:17,106 [main] INFO  server.AbstractConnector (AbstractConnector.java:doStart(278)) - Started ServerConnector@41bb1f09{HTTP/1.1,[http/1.1]}{0.0.0.0:40193}
2019-11-15 01:00:17,107 [main] INFO  server.Server (Server.java:doStart(419)) - Started @266592ms
2019-11-15 01:00:17,107 [main] WARN  impl.MetricsSystemImpl (MetricsSystemImpl.java:register(276)) - Sink prometheus already exists!
2019-11-15 01:00:17,108 [main] INFO  server.BaseHttpServer (BaseHttpServer.java:updateConnectorAddress(215)) - HTTP server of HDDSDATANODE is listening at http://0.0.0.0:40193
2019-11-15 01:00:17,109 [main] INFO  impl.MetricsSystemImpl (MetricsSystemImpl.java:init(158)) - HddsDatanode metrics system started (again)
2019-11-15 01:00:17,113 [org.apache.hadoop.util.JvmPauseMonitor$Monitor@590fb826] INFO  util.JvmPauseMonitor (JvmPauseMonitor.java:run(188)) - Starting JVM pause monitor
2019-11-15 01:00:17,113 [main] INFO  ozone.HddsDatanodeService (HddsDatanodeService.java:start(186)) - HddsDatanodeService host:pr-hdds-2442-bxv5b-1523879440 ip:192.168.164.208
2019-11-15 01:00:17,115 [Datanode State Machine Thread - 0] INFO  datanode.InitDatanodeState (InitDatanodeState.java:persistContainerDatanodeDetails(140)) - DatanodeDetails is persisted to /workdir/hadoop-ozone/integration-test/target/test-dir/MiniOzoneClusterImpl-9b1c7e50-938b-4652-9315-e435b3731240/datanode-8/meta/datanode.id
2019-11-15 01:00:17,121 [main] INFO  volume.HddsVolume (HddsVolume.java:<init>(176)) - Creating Volume: /workdir/hadoop-ozone/integration-test/target/test-dir/MiniOzoneClusterImpl-9b1c7e50-938b-4652-9315-e435b3731240/datanode-9/data/containers/hdds of  storage type : DISK and capacity : 1482555576320
2019-11-15 01:00:17,121 [main] INFO  volume.VolumeSet (VolumeSet.java:initializeVolumeSet(170)) - Added Volume : /workdir/hadoop-ozone/integration-test/target/test-dir/MiniOzoneClusterImpl-9b1c7e50-938b-4652-9315-e435b3731240/datanode-9/data/containers/hdds to VolumeSet
2019-11-15 01:00:17,121 [main] INFO  volume.ThrottledAsyncChecker (ThrottledAsyncChecker.java:schedule(141)) - Scheduling a check for /workdir/hadoop-ozone/integration-test/target/test-dir/MiniOzoneClusterImpl-9b1c7e50-938b-4652-9315-e435b3731240/datanode-9/data/containers/hdds
2019-11-15 01:00:17,122 [main] INFO  volume.HddsVolumeChecker (HddsVolumeChecker.java:checkAllVolumes(204)) - Scheduled health check for volume /workdir/hadoop-ozone/integration-test/target/test-dir/MiniOzoneClusterImpl-9b1c7e50-938b-4652-9315-e435b3731240/datanode-9/data/containers/hdds
2019-11-15 01:00:17,137 [main] INFO  impl.RaftServerProxy (ConfUtils.java:logGet(43)) - raft.rpc.type = GRPC (default)
2019-11-15 01:00:17,137 [main] INFO  grpc.GrpcFactory (GrpcFactory.java:checkPooledByteBufAllocatorUseCacheForAllThreads(45)) - PERFORMANCE WARNING: useCacheForAllThreads is true that may cause Netty to create a lot garbage objects and, as a result, trigger GC.
	It is recommended to disable useCacheForAllThreads by setting -Dorg.apache.ratis.thirdparty.io.netty.allocator.useCacheForAllThreads=false in command line.
2019-11-15 01:00:17,137 [main] INFO  grpc.GrpcConfigKeys$Server (ConfUtils.java:logGet(43)) - raft.grpc.server.port = 0 (default)
2019-11-15 01:00:17,137 [main] INFO  server.GrpcService (ConfUtils.java:logGet(43)) - raft.grpc.message.size.max = 33570816 (custom)
2019-11-15 01:00:17,138 [main] INFO  server.RaftServerConfigKeys (ConfUtils.java:logGet(43)) - raft.server.log.appender.buffer.byte-limit = 33554432 (custom)
2019-11-15 01:00:17,138 [main] INFO  server.GrpcService (ConfUtils.java:logGet(43)) - raft.grpc.flow.control.window = 1MB (=1048576) (default)
2019-11-15 01:00:17,138 [main] INFO  server.RaftServerConfigKeys (ConfUtils.java:logGet(43)) - raft.server.rpc.request.timeout = 3000ms (default)
2019-11-15 01:00:17,138 [main] INFO  server.RaftServerConfigKeys (ConfUtils.java:logGet(43)) - raft.server.storage.dir = [/workdir/hadoop-ozone/integration-test/target/test-dir/MiniOzoneClusterImpl-9b1c7e50-938b-4652-9315-e435b3731240/datanode-9/data/ratis] (custom)
2019-11-15 01:00:17,140 [main] INFO  hdfs.DFSUtil (DFSUtil.java:httpServerTemplateForNNAndJN(1641)) - Starting Web-server for hddsDatanode at: http://0.0.0.0:0
2019-11-15 01:00:17,142 [main] INFO  server.AuthenticationFilter (AuthenticationFilter.java:constructSecretProvider(240)) - Unable to initialize FileSignerSecretProvider, falling back to use random secrets.
2019-11-15 01:00:17,143 [main] WARN  http.HttpRequestLog (HttpRequestLog.java:getRequestLog(97)) - Jetty request log can only be enabled using Log4j
2019-11-15 01:00:17,145 [main] INFO  http.HttpServer2 (HttpServer2.java:addGlobalFilter(975)) - Added global filter 'safety' (class=org.apache.hadoop.http.HttpServer2$QuotingInputFilter)
2019-11-15 01:00:17,145 [main] INFO  http.HttpServer2 (HttpServer2.java:addFilter(948)) - Added filter static_user_filter (class=org.apache.hadoop.http.lib.StaticUserWebFilter$StaticUserFilter) to context hddsDatanode
2019-11-15 01:00:17,146 [main] INFO  http.HttpServer2 (HttpServer2.java:addFilter(958)) - Added filter static_user_filter (class=org.apache.hadoop.http.lib.StaticUserWebFilter$StaticUserFilter) to context static
2019-11-15 01:00:17,146 [main] INFO  http.HttpServer2 (HttpServer2.java:addFilter(958)) - Added filter static_user_filter (class=org.apache.hadoop.http.lib.StaticUserWebFilter$StaticUserFilter) to context logs
2019-11-15 01:00:17,147 [main] INFO  http.HttpServer2 (HttpServer2.java:bindListener(1191)) - Jetty bound to port 42221
2019-11-15 01:00:17,147 [main] INFO  server.Server (Server.java:doStart(351)) - jetty-9.3.25.v20180904, build timestamp: 2018-09-04T21:11:46Z, git hash: 3ce520221d0240229c862b122d2b06c12a625732
2019-11-15 01:00:17,149 [main] INFO  handler.ContextHandler (ContextHandler.java:doStart(781)) - Started o.e.j.s.ServletContextHandler@54463380{/logs,file:///workdir/hadoop-ozone/integration-test/target/log,AVAILABLE}
2019-11-15 01:00:17,149 [main] INFO  handler.ContextHandler (ContextHandler.java:doStart(781)) - Started o.e.j.s.ServletContextHandler@782ac148{/static,jar:file:/home/user/.m2/repository/org/apache/hadoop/hadoop-hdds-container-service/0.5.0-SNAPSHOT/hadoop-hdds-container-service-0.5.0-SNAPSHOT.jar!/webapps/static,AVAILABLE}
2019-11-15 01:00:17,188 [main] INFO  handler.ContextHandler (ContextHandler.java:doStart(781)) - Started o.e.j.w.WebAppContext@64fdcf99{/,file:///tmp/jetty-0.0.0.0-42221-hddsDatanode-_-any-3628020623431018361.dir/webapp/,AVAILABLE}{/hddsDatanode}
2019-11-15 01:00:17,188 [main] INFO  server.AbstractConnector (AbstractConnector.java:doStart(278)) - Started ServerConnector@9f0fc36{HTTP/1.1,[http/1.1]}{0.0.0.0:42221}
2019-11-15 01:00:17,188 [main] INFO  server.Server (Server.java:doStart(419)) - Started @266673ms
2019-11-15 01:00:17,190 [main] WARN  impl.MetricsSystemImpl (MetricsSystemImpl.java:register(276)) - Sink prometheus already exists!
2019-11-15 01:00:17,190 [main] INFO  server.BaseHttpServer (BaseHttpServer.java:updateConnectorAddress(215)) - HTTP server of HDDSDATANODE is listening at http://0.0.0.0:42221
2019-11-15 01:00:17,191 [main] INFO  ozone.MiniOzoneClusterImpl (MiniOzoneClusterImpl.java:lambda$waitForClusterToBeReady$2(171)) - Waiting for cluster to be ready. Got 0 of 10 DN Heartbeats.
2019-11-15 01:00:17,192 [org.apache.hadoop.util.JvmPauseMonitor$Monitor@1402da2c] INFO  util.JvmPauseMonitor (JvmPauseMonitor.java:run(188)) - Starting JVM pause monitor
2019-11-15 01:00:17,193 [Datanode State Machine Thread - 0] INFO  datanode.InitDatanodeState (InitDatanodeState.java:persistContainerDatanodeDetails(140)) - DatanodeDetails is persisted to /workdir/hadoop-ozone/integration-test/target/test-dir/MiniOzoneClusterImpl-9b1c7e50-938b-4652-9315-e435b3731240/datanode-9/meta/datanode.id
2019-11-15 01:00:18,191 [main] INFO  ozone.MiniOzoneClusterImpl (MiniOzoneClusterImpl.java:lambda$waitForClusterToBeReady$2(171)) - Waiting for cluster to be ready. Got 0 of 10 DN Heartbeats.
2019-11-15 01:00:18,607 [Datanode State Machine Thread - 0] INFO  ozoneimpl.OzoneContainer (OzoneContainer.java:start(230)) - Attempting to start container services.
2019-11-15 01:00:18,608 [Datanode State Machine Thread - 0] INFO  ozoneimpl.OzoneContainer (OzoneContainer.java:startContainerScrub(194)) - Background container scanner has been disabled.
2019-11-15 01:00:18,608 [Datanode State Machine Thread - 0] INFO  ratis.XceiverServerRatis (XceiverServerRatis.java:start(421)) - Starting XceiverServerRatis 0e91382f-cc67-4c48-b6bb-37ad8c3df0fd at port 0
2019-11-15 01:00:18,618 [Datanode State Machine Thread - 0] INFO  impl.RaftServerProxy (RaftServerProxy.java:lambda$start$3(299)) - 0e91382f-cc67-4c48-b6bb-37ad8c3df0fd: start RPC server
2019-11-15 01:00:18,621 [Datanode State Machine Thread - 0] INFO  server.GrpcService (GrpcService.java:startImpl(158)) - 0e91382f-cc67-4c48-b6bb-37ad8c3df0fd: GrpcService started, listening on 0.0.0.0/0.0.0.0:33069
2019-11-15 01:00:18,621 [Datanode State Machine Thread - 0] INFO  ratis.XceiverServerRatis (XceiverServerRatis.java:start(431)) - XceiverServerRatis 0e91382f-cc67-4c48-b6bb-37ad8c3df0fd is started using port 33069
2019-11-15 01:00:18,631 [Datanode State Machine Thread - 0] INFO  server.XceiverServerGrpc (XceiverServerGrpc.java:start(145)) - XceiverServerGrpc 0e91382f-cc67-4c48-b6bb-37ad8c3df0fd is started using port 40272
2019-11-15 01:00:18,631 [Datanode State Machine Thread - 0] INFO  ozoneimpl.OzoneContainer (OzoneContainer.java:start(230)) - Attempting to start container services.
2019-11-15 01:00:18,631 [Datanode State Machine Thread - 0] INFO  ozoneimpl.OzoneContainer (OzoneContainer.java:startContainerScrub(194)) - Background container scanner has been disabled.
2019-11-15 01:00:18,631 [Datanode State Machine Thread - 0] INFO  ratis.XceiverServerRatis (XceiverServerRatis.java:start(421)) - Starting XceiverServerRatis 212c8f8f-349a-4c94-b732-b4c0454eae1b at port 0
2019-11-15 01:00:18,642 [Datanode State Machine Thread - 0] INFO  impl.RaftServerProxy (RaftServerProxy.java:lambda$start$3(299)) - 212c8f8f-349a-4c94-b732-b4c0454eae1b: start RPC server
2019-11-15 01:00:18,643 [Datanode State Machine Thread - 0] INFO  server.GrpcService (GrpcService.java:startImpl(158)) - 212c8f8f-349a-4c94-b732-b4c0454eae1b: GrpcService started, listening on 0.0.0.0/0.0.0.0:37073
2019-11-15 01:00:18,643 [Datanode State Machine Thread - 0] INFO  ratis.XceiverServerRatis (XceiverServerRatis.java:start(431)) - XceiverServerRatis 212c8f8f-349a-4c94-b732-b4c0454eae1b is started using port 37073
2019-11-15 01:00:18,645 [Datanode State Machine Thread - 0] INFO  server.XceiverServerGrpc (XceiverServerGrpc.java:start(145)) - XceiverServerGrpc 212c8f8f-349a-4c94-b732-b4c0454eae1b is started using port 41545
2019-11-15 01:00:18,691 [Datanode State Machine Thread - 0] INFO  ozoneimpl.OzoneContainer (OzoneContainer.java:start(230)) - Attempting to start container services.
2019-11-15 01:00:18,691 [Datanode State Machine Thread - 0] INFO  ozoneimpl.OzoneContainer (OzoneContainer.java:startContainerScrub(194)) - Background container scanner has been disabled.
2019-11-15 01:00:18,692 [Datanode State Machine Thread - 0] INFO  ratis.XceiverServerRatis (XceiverServerRatis.java:start(421)) - Starting XceiverServerRatis 10ab2f01-a163-4b0b-bdc9-1962e1c3543b at port 0
2019-11-15 01:00:18,701 [Datanode State Machine Thread - 0] INFO  impl.RaftServerProxy (RaftServerProxy.java:lambda$start$3(299)) - 10ab2f01-a163-4b0b-bdc9-1962e1c3543b: start RPC server
2019-11-15 01:00:18,701 [Datanode State Machine Thread - 0] INFO  server.GrpcService (GrpcService.java:startImpl(158)) - 10ab2f01-a163-4b0b-bdc9-1962e1c3543b: GrpcService started, listening on 0.0.0.0/0.0.0.0:38174
2019-11-15 01:00:18,701 [Datanode State Machine Thread - 0] INFO  ratis.XceiverServerRatis (XceiverServerRatis.java:start(431)) - XceiverServerRatis 10ab2f01-a163-4b0b-bdc9-1962e1c3543b is started using port 38174
2019-11-15 01:00:18,702 [Datanode State Machine Thread - 0] INFO  server.XceiverServerGrpc (XceiverServerGrpc.java:start(145)) - XceiverServerGrpc 10ab2f01-a163-4b0b-bdc9-1962e1c3543b is started using port 33007
2019-11-15 01:00:18,752 [Datanode State Machine Thread - 0] INFO  ozoneimpl.OzoneContainer (OzoneContainer.java:start(230)) - Attempting to start container services.
2019-11-15 01:00:18,752 [Datanode State Machine Thread - 0] INFO  ozoneimpl.OzoneContainer (OzoneContainer.java:startContainerScrub(194)) - Background container scanner has been disabled.
2019-11-15 01:00:18,752 [Datanode State Machine Thread - 0] INFO  ratis.XceiverServerRatis (XceiverServerRatis.java:start(421)) - Starting XceiverServerRatis c7f93789-5ee9-40a1-8afd-58386fa54dde at port 0
2019-11-15 01:00:18,759 [Datanode State Machine Thread - 0] INFO  impl.RaftServerProxy (RaftServerProxy.java:lambda$start$3(299)) - c7f93789-5ee9-40a1-8afd-58386fa54dde: start RPC server
2019-11-15 01:00:18,759 [Datanode State Machine Thread - 0] INFO  server.GrpcService (GrpcService.java:startImpl(158)) - c7f93789-5ee9-40a1-8afd-58386fa54dde: GrpcService started, listening on 0.0.0.0/0.0.0.0:38346
2019-11-15 01:00:18,760 [Datanode State Machine Thread - 0] INFO  ratis.XceiverServerRatis (XceiverServerRatis.java:start(431)) - XceiverServerRatis c7f93789-5ee9-40a1-8afd-58386fa54dde is started using port 38346
2019-11-15 01:00:18,760 [Datanode State Machine Thread - 0] INFO  server.XceiverServerGrpc (XceiverServerGrpc.java:start(145)) - XceiverServerGrpc c7f93789-5ee9-40a1-8afd-58386fa54dde is started using port 34304
2019-11-15 01:00:18,815 [Datanode State Machine Thread - 0] INFO  ozoneimpl.OzoneContainer (OzoneContainer.java:start(230)) - Attempting to start container services.
2019-11-15 01:00:18,816 [Datanode State Machine Thread - 0] INFO  ozoneimpl.OzoneContainer (OzoneContainer.java:startContainerScrub(194)) - Background container scanner has been disabled.
2019-11-15 01:00:18,816 [Datanode State Machine Thread - 0] INFO  ratis.XceiverServerRatis (XceiverServerRatis.java:start(421)) - Starting XceiverServerRatis d068838d-6499-4b84-94b8-55225fdfdb1a at port 0
2019-11-15 01:00:18,824 [Datanode State Machine Thread - 0] INFO  impl.RaftServerProxy (RaftServerProxy.java:lambda$start$3(299)) - d068838d-6499-4b84-94b8-55225fdfdb1a: start RPC server
2019-11-15 01:00:18,827 [Datanode State Machine Thread - 0] INFO  server.GrpcService (GrpcService.java:startImpl(158)) - d068838d-6499-4b84-94b8-55225fdfdb1a: GrpcService started, listening on 0.0.0.0/0.0.0.0:41973
2019-11-15 01:00:18,827 [Datanode State Machine Thread - 0] INFO  ratis.XceiverServerRatis (XceiverServerRatis.java:start(431)) - XceiverServerRatis d068838d-6499-4b84-94b8-55225fdfdb1a is started using port 41973
2019-11-15 01:00:18,828 [Datanode State Machine Thread - 0] INFO  server.XceiverServerGrpc (XceiverServerGrpc.java:start(145)) - XceiverServerGrpc d068838d-6499-4b84-94b8-55225fdfdb1a is started using port 39761
2019-11-15 01:00:18,897 [Datanode State Machine Thread - 0] INFO  ozoneimpl.OzoneContainer (OzoneContainer.java:start(230)) - Attempting to start container services.
2019-11-15 01:00:18,898 [Datanode State Machine Thread - 0] INFO  ozoneimpl.OzoneContainer (OzoneContainer.java:startContainerScrub(194)) - Background container scanner has been disabled.
2019-11-15 01:00:18,898 [Datanode State Machine Thread - 0] INFO  ratis.XceiverServerRatis (XceiverServerRatis.java:start(421)) - Starting XceiverServerRatis 87580c89-6647-493a-b156-a806d562b3a1 at port 0
2019-11-15 01:00:18,909 [Datanode State Machine Thread - 0] INFO  impl.RaftServerProxy (RaftServerProxy.java:lambda$start$3(299)) - 87580c89-6647-493a-b156-a806d562b3a1: start RPC server
2019-11-15 01:00:18,910 [Datanode State Machine Thread - 0] INFO  server.GrpcService (GrpcService.java:startImpl(158)) - 87580c89-6647-493a-b156-a806d562b3a1: GrpcService started, listening on 0.0.0.0/0.0.0.0:37476
2019-11-15 01:00:18,910 [Datanode State Machine Thread - 0] INFO  ratis.XceiverServerRatis (XceiverServerRatis.java:start(431)) - XceiverServerRatis 87580c89-6647-493a-b156-a806d562b3a1 is started using port 37476
2019-11-15 01:00:18,910 [Datanode State Machine Thread - 0] INFO  server.XceiverServerGrpc (XceiverServerGrpc.java:start(145)) - XceiverServerGrpc 87580c89-6647-493a-b156-a806d562b3a1 is started using port 39622
2019-11-15 01:00:18,959 [Datanode State Machine Thread - 0] INFO  ozoneimpl.OzoneContainer (OzoneContainer.java:start(230)) - Attempting to start container services.
2019-11-15 01:00:18,959 [Datanode State Machine Thread - 0] INFO  ozoneimpl.OzoneContainer (OzoneContainer.java:startContainerScrub(194)) - Background container scanner has been disabled.
2019-11-15 01:00:18,959 [Datanode State Machine Thread - 0] INFO  ratis.XceiverServerRatis (XceiverServerRatis.java:start(421)) - Starting XceiverServerRatis 2b497d53-8cea-4a7e-98a0-4cfb87fd1475 at port 0
2019-11-15 01:00:18,967 [Datanode State Machine Thread - 0] INFO  impl.RaftServerProxy (RaftServerProxy.java:lambda$start$3(299)) - 2b497d53-8cea-4a7e-98a0-4cfb87fd1475: start RPC server
2019-11-15 01:00:18,967 [Datanode State Machine Thread - 0] INFO  server.GrpcService (GrpcService.java:startImpl(158)) - 2b497d53-8cea-4a7e-98a0-4cfb87fd1475: GrpcService started, listening on 0.0.0.0/0.0.0.0:45511
2019-11-15 01:00:18,968 [Datanode State Machine Thread - 0] INFO  ratis.XceiverServerRatis (XceiverServerRatis.java:start(431)) - XceiverServerRatis 2b497d53-8cea-4a7e-98a0-4cfb87fd1475 is started using port 45511
2019-11-15 01:00:18,968 [Datanode State Machine Thread - 0] INFO  server.XceiverServerGrpc (XceiverServerGrpc.java:start(145)) - XceiverServerGrpc 2b497d53-8cea-4a7e-98a0-4cfb87fd1475 is started using port 36976
2019-11-15 01:00:19,046 [Datanode State Machine Thread - 0] INFO  ozoneimpl.OzoneContainer (OzoneContainer.java:start(230)) - Attempting to start container services.
2019-11-15 01:00:19,046 [Datanode State Machine Thread - 0] INFO  ozoneimpl.OzoneContainer (OzoneContainer.java:startContainerScrub(194)) - Background container scanner has been disabled.
2019-11-15 01:00:19,047 [Datanode State Machine Thread - 0] INFO  ratis.XceiverServerRatis (XceiverServerRatis.java:start(421)) - Starting XceiverServerRatis e728dc25-e4b1-43c6-a53d-eff097089a23 at port 0
2019-11-15 01:00:19,053 [Datanode State Machine Thread - 0] INFO  impl.RaftServerProxy (RaftServerProxy.java:lambda$start$3(299)) - e728dc25-e4b1-43c6-a53d-eff097089a23: start RPC server
2019-11-15 01:00:19,054 [Datanode State Machine Thread - 0] INFO  server.GrpcService (GrpcService.java:startImpl(158)) - e728dc25-e4b1-43c6-a53d-eff097089a23: GrpcService started, listening on 0.0.0.0/0.0.0.0:40846
2019-11-15 01:00:19,054 [Datanode State Machine Thread - 0] INFO  ratis.XceiverServerRatis (XceiverServerRatis.java:start(431)) - XceiverServerRatis e728dc25-e4b1-43c6-a53d-eff097089a23 is started using port 40846
2019-11-15 01:00:19,054 [Datanode State Machine Thread - 0] INFO  server.XceiverServerGrpc (XceiverServerGrpc.java:start(145)) - XceiverServerGrpc e728dc25-e4b1-43c6-a53d-eff097089a23 is started using port 38604
2019-11-15 01:00:19,146 [Datanode State Machine Thread - 0] INFO  ozoneimpl.OzoneContainer (OzoneContainer.java:start(230)) - Attempting to start container services.
2019-11-15 01:00:19,146 [Datanode State Machine Thread - 0] INFO  ozoneimpl.OzoneContainer (OzoneContainer.java:startContainerScrub(194)) - Background container scanner has been disabled.
2019-11-15 01:00:19,146 [Datanode State Machine Thread - 0] INFO  ratis.XceiverServerRatis (XceiverServerRatis.java:start(421)) - Starting XceiverServerRatis c4061fea-d656-4029-8a52-0003cdc411ee at port 0
2019-11-15 01:00:19,155 [Datanode State Machine Thread - 0] INFO  impl.RaftServerProxy (RaftServerProxy.java:lambda$start$3(299)) - c4061fea-d656-4029-8a52-0003cdc411ee: start RPC server
2019-11-15 01:00:19,168 [Datanode State Machine Thread - 0] INFO  server.GrpcService (GrpcService.java:startImpl(158)) - c4061fea-d656-4029-8a52-0003cdc411ee: GrpcService started, listening on 0.0.0.0/0.0.0.0:42567
2019-11-15 01:00:19,168 [Datanode State Machine Thread - 0] INFO  ratis.XceiverServerRatis (XceiverServerRatis.java:start(431)) - XceiverServerRatis c4061fea-d656-4029-8a52-0003cdc411ee is started using port 42567
2019-11-15 01:00:19,168 [Datanode State Machine Thread - 0] INFO  server.XceiverServerGrpc (XceiverServerGrpc.java:start(145)) - XceiverServerGrpc c4061fea-d656-4029-8a52-0003cdc411ee is started using port 41766
2019-11-15 01:00:19,192 [main] INFO  ozone.MiniOzoneClusterImpl (MiniOzoneClusterImpl.java:lambda$waitForClusterToBeReady$2(171)) - Waiting for cluster to be ready. Got 0 of 10 DN Heartbeats.
2019-11-15 01:00:19,206 [Datanode State Machine Thread - 0] INFO  ozoneimpl.OzoneContainer (OzoneContainer.java:start(230)) - Attempting to start container services.
2019-11-15 01:00:19,206 [Datanode State Machine Thread - 0] INFO  ozoneimpl.OzoneContainer (OzoneContainer.java:startContainerScrub(194)) - Background container scanner has been disabled.
2019-11-15 01:00:19,206 [Datanode State Machine Thread - 0] INFO  ratis.XceiverServerRatis (XceiverServerRatis.java:start(421)) - Starting XceiverServerRatis 3290c45a-dc7d-4c95-a586-1c6e32afef30 at port 0
2019-11-15 01:00:19,213 [Datanode State Machine Thread - 0] INFO  impl.RaftServerProxy (RaftServerProxy.java:lambda$start$3(299)) - 3290c45a-dc7d-4c95-a586-1c6e32afef30: start RPC server
2019-11-15 01:00:19,216 [Datanode State Machine Thread - 0] INFO  server.GrpcService (GrpcService.java:startImpl(158)) - 3290c45a-dc7d-4c95-a586-1c6e32afef30: GrpcService started, listening on 0.0.0.0/0.0.0.0:44306
2019-11-15 01:00:19,216 [Datanode State Machine Thread - 0] INFO  ratis.XceiverServerRatis (XceiverServerRatis.java:start(431)) - XceiverServerRatis 3290c45a-dc7d-4c95-a586-1c6e32afef30 is started using port 44306
2019-11-15 01:00:19,224 [Datanode State Machine Thread - 0] INFO  server.XceiverServerGrpc (XceiverServerGrpc.java:start(145)) - XceiverServerGrpc 3290c45a-dc7d-4c95-a586-1c6e32afef30 is started using port 46057
2019-11-15 01:00:20,193 [main] INFO  ozone.MiniOzoneClusterImpl (MiniOzoneClusterImpl.java:lambda$waitForClusterToBeReady$2(171)) - Waiting for cluster to be ready. Got 0 of 10 DN Heartbeats.
2019-11-15 01:00:20,559 [IPC Server handler 4 on 39263] INFO  net.NetworkTopology (NetworkTopologyImpl.java:add(111)) - Added a new node: /rack1/0e91382f-cc67-4c48-b6bb-37ad8c3df0fd
2019-11-15 01:00:20,562 [IPC Server handler 4 on 39263] INFO  node.SCMNodeManager (SCMNodeManager.java:register(267)) - Registered Data node : 0e91382f-cc67-4c48-b6bb-37ad8c3df0fd{ip: 192.168.164.208, host: pr-hdds-2442-bxv5b-1523879440, networkLocation: /rack1, certSerialId: null}
2019-11-15 01:00:20,563 [EventQueue-NodeRegistrationContainerReportForDataNodeSafeModeRule] INFO  safemode.SCMSafeModeManager (DataNodeSafeModeRule.java:process(71)) - SCM in safe mode. 1 DataNodes registered, 1 required.
2019-11-15 01:00:20,565 [EventQueue-NodeRegistrationContainerReportForDataNodeSafeModeRule] INFO  safemode.SCMSafeModeManager (SCMSafeModeManager.java:validateSafeModeExitRules(177)) - ScmSafeModeManager, all rules are successfully validated
2019-11-15 01:00:20,566 [EventQueue-NodeRegistrationContainerReportForDataNodeSafeModeRule] INFO  safemode.SCMSafeModeManager (SCMSafeModeManager.java:exitSafeMode(193)) - SCM exiting safe mode.
2019-11-15 01:00:20,578 [grpc-default-executor-7] INFO  impl.RaftServerProxy (RaftServerProxy.java:addNew(89)) - 0e91382f-cc67-4c48-b6bb-37ad8c3df0fd: addNew group-E39BB4DF8462:[0e91382f-cc67-4c48-b6bb-37ad8c3df0fd:192.168.164.208:33069] returns group-E39BB4DF8462:java.util.concurrent.CompletableFuture@6d45d9f8[Not completed]
2019-11-15 01:00:20,580 [pool-509-thread-1] INFO  impl.RaftServerImpl (RaftServerImpl.java:<init>(98)) - 0e91382f-cc67-4c48-b6bb-37ad8c3df0fd: new RaftServerImpl for group-E39BB4DF8462:[0e91382f-cc67-4c48-b6bb-37ad8c3df0fd:192.168.164.208:33069] with ContainerStateMachine:uninitialized
2019-11-15 01:00:20,581 [pool-509-thread-1] INFO  server.RaftServerConfigKeys (ConfUtils.java:logGet(43)) - raft.server.rpc.timeout.min = 1s (custom)
2019-11-15 01:00:20,581 [pool-509-thread-1] INFO  server.RaftServerConfigKeys (ConfUtils.java:logGet(43)) - raft.server.rpc.timeout.max = 1200ms (custom)
2019-11-15 01:00:20,581 [pool-509-thread-1] INFO  server.RaftServerConfigKeys (ConfUtils.java:logGet(43)) - raft.server.rpcslowness.timeout = 120s (custom)
2019-11-15 01:00:20,581 [pool-509-thread-1] INFO  server.RaftServerConfigKeys (ConfUtils.java:logGet(43)) - raft.server.sleep.deviation.threshold = 300 (default)
2019-11-15 01:00:20,581 [pool-509-thread-1] INFO  server.RaftServerConfigKeys (ConfUtils.java:logGet(43)) - raft.server.log.appender.install.snapshot.enabled = false (custom)
2019-11-15 01:00:20,582 [pool-509-thread-1] INFO  impl.RaftServerImpl (ServerState.java:<init>(103)) - 0e91382f-cc67-4c48-b6bb-37ad8c3df0fd@group-E39BB4DF8462: ConfigurationManager, init=-1: [0e91382f-cc67-4c48-b6bb-37ad8c3df0fd:192.168.164.208:33069], old=null, confs=<EMPTY_MAP>
2019-11-15 01:00:20,582 [pool-509-thread-1] INFO  server.RaftServerConfigKeys (ConfUtils.java:logGet(43)) - raft.server.storage.dir = [/workdir/hadoop-ozone/integration-test/target/test-dir/MiniOzoneClusterImpl-9b1c7e50-938b-4652-9315-e435b3731240/datanode-0/data/ratis] (custom)
2019-11-15 01:00:20,582 [pool-509-thread-1] INFO  server.RaftServerConfigKeys (ConfUtils.java:logGet(43)) - raft.server.log.corruption.policy = EXCEPTION (default)
2019-11-15 01:00:20,582 [pool-509-thread-1] INFO  storage.RaftStorageDirectory (RaftStorageDirectory.java:analyzeStorage(246)) - The storage directory /workdir/hadoop-ozone/integration-test/target/test-dir/MiniOzoneClusterImpl-9b1c7e50-938b-4652-9315-e435b3731240/datanode-0/data/ratis/9a3de2f8-391c-40d5-9053-e39bb4df8462 does not exist. Creating ...
2019-11-15 01:00:20,596 [pool-509-thread-1] INFO  storage.RaftStorageDirectory (RaftStorageDirectory.java:tryLock(328)) - Lock on /workdir/hadoop-ozone/integration-test/target/test-dir/MiniOzoneClusterImpl-9b1c7e50-938b-4652-9315-e435b3731240/datanode-0/data/ratis/9a3de2f8-391c-40d5-9053-e39bb4df8462/in_use.lock acquired by nodename 16745@pr-hdds-2442-bxv5b-1523879440
2019-11-15 01:00:20,607 [pool-509-thread-1] INFO  storage.RaftStorage (RaftStorage.java:format(84)) - Storage directory /workdir/hadoop-ozone/integration-test/target/test-dir/MiniOzoneClusterImpl-9b1c7e50-938b-4652-9315-e435b3731240/datanode-0/data/ratis/9a3de2f8-391c-40d5-9053-e39bb4df8462 has been successfully formatted.
2019-11-15 01:00:20,607 [pool-509-thread-1] INFO  ratis.ContainerStateMachine (ContainerStateMachine.java:loadSnapshot(223)) - group-E39BB4DF8462: The snapshot info is null. Setting the last applied indexto:(t:0, i:~)
2019-11-15 01:00:20,607 [pool-509-thread-1] INFO  server.RaftServerConfigKeys (ConfUtils.java:logGet(43)) - raft.server.notification.no-leader.timeout = 120s (custom)
2019-11-15 01:00:20,608 [pool-509-thread-1] INFO  server.RaftServerConfigKeys (ConfUtils.java:logGet(43)) - raft.server.log.use.memory = false (default)
2019-11-15 01:00:20,608 [pool-509-thread-1] INFO  server.RaftServerConfigKeys (ConfUtils.java:logGet(43)) - raft.server.log.purge.gap = 1000000 (custom)
2019-11-15 01:00:20,608 [pool-509-thread-1] INFO  server.RaftServerConfigKeys (ConfUtils.java:logGet(43)) - raft.server.log.appender.buffer.byte-limit = 33554432 (custom)
2019-11-15 01:00:20,608 [pool-509-thread-1] INFO  server.RaftServerConfigKeys (ConfUtils.java:logGet(43)) - raft.server.log.segment.size.max = 1048576 (custom)
2019-11-15 01:00:20,608 [pool-509-thread-1] WARN  impl.MetricRegistriesImpl (MetricRegistriesImpl.java:lambda$create$1(61)) - First MetricRegistry has been created without registering reporters. You may need to call MetricRegistries.global().addReportRegistration(...) before.
2019-11-15 01:00:20,609 [pool-509-thread-1] INFO  server.RaftServerConfigKeys (ConfUtils.java:logGet(43)) - raft.server.log.segment.cache.num.max = 2 (custom)
2019-11-15 01:00:20,609 [pool-509-thread-1] INFO  segmented.SegmentedRaftLogWorker (SegmentedRaftLogWorker.java:<init>(173)) - new 0e91382f-cc67-4c48-b6bb-37ad8c3df0fd@group-E39BB4DF8462-SegmentedRaftLogWorker for RaftStorage:Storage Directory /workdir/hadoop-ozone/integration-test/target/test-dir/MiniOzoneClusterImpl-9b1c7e50-938b-4652-9315-e435b3731240/datanode-0/data/ratis/9a3de2f8-391c-40d5-9053-e39bb4df8462
2019-11-15 01:00:20,609 [pool-509-thread-1] INFO  server.RaftServerConfigKeys (ConfUtils.java:logGet(43)) - raft.server.log.queue.byte-limit = 2147483647 (custom)
2019-11-15 01:00:20,609 [pool-509-thread-1] INFO  server.RaftServerConfigKeys (ConfUtils.java:logGet(43)) - raft.server.log.queue.element-limit = 1024 (custom)
2019-11-15 01:00:20,609 [pool-509-thread-1] INFO  server.RaftServerConfigKeys (ConfUtils.java:logGet(43)) - raft.server.log.segment.size.max = 1048576 (custom)
2019-11-15 01:00:20,609 [pool-509-thread-1] INFO  server.RaftServerConfigKeys (ConfUtils.java:logGet(43)) - raft.server.log.preallocated.size = 16384 (custom)
2019-11-15 01:00:20,609 [pool-509-thread-1] INFO  server.RaftServerConfigKeys (ConfUtils.java:logGet(43)) - raft.server.log.write.buffer.size = 33554432 (custom)
2019-11-15 01:00:20,609 [pool-509-thread-1] INFO  server.RaftServerConfigKeys (ConfUtils.java:logGet(43)) - raft.server.log.force.sync.num = 128 (default)
2019-11-15 01:00:20,610 [pool-509-thread-1] INFO  server.RaftServerConfigKeys (ConfUtils.java:logGet(43)) - raft.server.log.statemachine.data.sync = true (default)
2019-11-15 01:00:20,610 [pool-509-thread-1] INFO  server.RaftServerConfigKeys (ConfUtils.java:logGet(43)) - raft.server.log.statemachine.data.sync.timeout = 10s (default)
2019-11-15 01:00:20,610 [pool-509-thread-1] INFO  server.RaftServerConfigKeys (ConfUtils.java:logGet(43)) - raft.server.log.statemachine.data.sync.timeout.retry = -1 (default)
2019-11-15 01:00:20,610 [pool-509-thread-1] INFO  server.RaftServerConfigKeys (ConfUtils.java:logGet(43)) - raft.server.log.statemachine.data.caching.enabled = true (custom)
2019-11-15 01:00:20,610 [pool-509-thread-1] INFO  segmented.SegmentedRaftLogWorker (SegmentedRaftLogWorker.java:lambda$new$0(128)) - 0e91382f-cc67-4c48-b6bb-37ad8c3df0fd@group-E39BB4DF8462-SegmentedRaftLogWorker: flushIndex: setUnconditionally 0 -> -1
2019-11-15 01:00:20,611 [pool-509-thread-1] INFO  server.RaftServerConfigKeys (ConfUtils.java:logGet(43)) - raft.server.snapshot.auto.trigger.enabled = true (custom)
2019-11-15 01:00:20,611 [pool-509-thread-1] INFO  server.RaftServerConfigKeys (ConfUtils.java:logGet(43)) - raft.server.snapshot.auto.trigger.threshold = 10000 (custom)
2019-11-15 01:00:20,611 [pool-509-thread-1] INFO  server.RaftServerConfigKeys (ConfUtils.java:logGet(43)) - raft.server.snapshot.retention.file.num = 5 (custom)
2019-11-15 01:00:20,611 [pool-509-thread-1] INFO  server.RaftServerConfigKeys (ConfUtils.java:logGet(43)) - raft.server.retrycache.expirytime = 600000ms (custom)
2019-11-15 01:00:20,611 [pool-509-thread-1] WARN  impl.MetricRegistriesImpl (MetricRegistriesImpl.java:lambda$create$1(61)) - First MetricRegistry has been created without registering reporters. You may need to call MetricRegistries.global().addReportRegistration(...) before.
2019-11-15 01:00:20,612 [pool-509-thread-1] WARN  impl.MetricRegistriesImpl (MetricRegistriesImpl.java:lambda$create$1(61)) - First MetricRegistry has been created without registering reporters. You may need to call MetricRegistries.global().addReportRegistration(...) before.
2019-11-15 01:00:20,612 [pool-509-thread-1] INFO  impl.RaftServerImpl (RaftServerImpl.java:start(184)) - 0e91382f-cc67-4c48-b6bb-37ad8c3df0fd@group-E39BB4DF8462: start as a follower, conf=-1: [0e91382f-cc67-4c48-b6bb-37ad8c3df0fd:192.168.164.208:33069], old=null
2019-11-15 01:00:20,612 [pool-509-thread-1] INFO  impl.RaftServerImpl (RaftServerImpl.java:setRole(173)) - 0e91382f-cc67-4c48-b6bb-37ad8c3df0fd@group-E39BB4DF8462: changes role from      null to FOLLOWER at term 0 for startAsFollower
2019-11-15 01:00:20,612 [pool-509-thread-1] INFO  impl.RoleInfo (RoleInfo.java:updateAndGet(143)) - 0e91382f-cc67-4c48-b6bb-37ad8c3df0fd: start FollowerState
2019-11-15 01:00:20,613 [pool-509-thread-1] INFO  util.JmxRegister (JmxRegister.java:tryRegister(44)) - Successfully registered JMX Bean with object name Ratis:service=RaftServer,group=group-E39BB4DF8462,id=0e91382f-cc67-4c48-b6bb-37ad8c3df0fd
2019-11-15 01:00:20,613 [pool-509-thread-1] WARN  impl.MetricRegistriesImpl (MetricRegistriesImpl.java:lambda$create$1(61)) - First MetricRegistry has been created without registering reporters. You may need to call MetricRegistries.global().addReportRegistration(...) before.
2019-11-15 01:00:20,616 [IPC Server handler 5 on 39263] INFO  net.NetworkTopology (NetworkTopologyImpl.java:add(111)) - Added a new node: /rack1/212c8f8f-349a-4c94-b732-b4c0454eae1b
2019-11-15 01:00:20,616 [IPC Server handler 5 on 39263] INFO  node.SCMNodeManager (SCMNodeManager.java:register(267)) - Registered Data node : 212c8f8f-349a-4c94-b732-b4c0454eae1b{ip: 192.168.164.208, host: pr-hdds-2442-bxv5b-1523879440, networkLocation: /rack1, certSerialId: null}
2019-11-15 01:00:20,617 [RatisPipelineUtilsThread] INFO  pipeline.PipelineStateManager (PipelineStateManager.java:addPipeline(55)) - Created pipeline Pipeline[ Id: 9a3de2f8-391c-40d5-9053-e39bb4df8462, Nodes: 0e91382f-cc67-4c48-b6bb-37ad8c3df0fd{ip: 192.168.164.208, host: pr-hdds-2442-bxv5b-1523879440, networkLocation: /rack1, certSerialId: null}, Type:RATIS, Factor:ONE, State:ALLOCATED]
2019-11-15 01:00:20,625 [grpc-default-executor-7] INFO  impl.RaftServerProxy (RaftServerProxy.java:addNew(89)) - 212c8f8f-349a-4c94-b732-b4c0454eae1b: addNew group-A71440B16C33:[212c8f8f-349a-4c94-b732-b4c0454eae1b:192.168.164.208:37073] returns group-A71440B16C33:java.util.concurrent.CompletableFuture@1b403dde[Not completed]
2019-11-15 01:00:20,626 [pool-519-thread-1] INFO  impl.RaftServerImpl (RaftServerImpl.java:<init>(98)) - 212c8f8f-349a-4c94-b732-b4c0454eae1b: new RaftServerImpl for group-A71440B16C33:[212c8f8f-349a-4c94-b732-b4c0454eae1b:192.168.164.208:37073] with ContainerStateMachine:uninitialized
2019-11-15 01:00:20,626 [pool-519-thread-1] INFO  server.RaftServerConfigKeys (ConfUtils.java:logGet(43)) - raft.server.rpc.timeout.min = 1s (custom)
2019-11-15 01:00:20,627 [pool-519-thread-1] INFO  server.RaftServerConfigKeys (ConfUtils.java:logGet(43)) - raft.server.rpc.timeout.max = 1200ms (custom)
2019-11-15 01:00:20,627 [pool-519-thread-1] INFO  server.RaftServerConfigKeys (ConfUtils.java:logGet(43)) - raft.server.rpcslowness.timeout = 120s (custom)
2019-11-15 01:00:20,627 [pool-519-thread-1] INFO  server.RaftServerConfigKeys (ConfUtils.java:logGet(43)) - raft.server.sleep.deviation.threshold = 300 (default)
2019-11-15 01:00:20,627 [pool-519-thread-1] INFO  server.RaftServerConfigKeys (ConfUtils.java:logGet(43)) - raft.server.log.appender.install.snapshot.enabled = false (custom)
2019-11-15 01:00:20,627 [pool-519-thread-1] INFO  impl.RaftServerImpl (ServerState.java:<init>(103)) - 212c8f8f-349a-4c94-b732-b4c0454eae1b@group-A71440B16C33: ConfigurationManager, init=-1: [212c8f8f-349a-4c94-b732-b4c0454eae1b:192.168.164.208:37073], old=null, confs=<EMPTY_MAP>
2019-11-15 01:00:20,627 [pool-519-thread-1] INFO  server.RaftServerConfigKeys (ConfUtils.java:logGet(43)) - raft.server.storage.dir = [/workdir/hadoop-ozone/integration-test/target/test-dir/MiniOzoneClusterImpl-9b1c7e50-938b-4652-9315-e435b3731240/datanode-1/data/ratis] (custom)
2019-11-15 01:00:20,628 [pool-519-thread-1] INFO  server.RaftServerConfigKeys (ConfUtils.java:logGet(43)) - raft.server.log.corruption.policy = EXCEPTION (default)
2019-11-15 01:00:20,628 [pool-519-thread-1] INFO  storage.RaftStorageDirectory (RaftStorageDirectory.java:analyzeStorage(246)) - The storage directory /workdir/hadoop-ozone/integration-test/target/test-dir/MiniOzoneClusterImpl-9b1c7e50-938b-4652-9315-e435b3731240/datanode-1/data/ratis/659ad401-9a9f-4bba-a542-a71440b16c33 does not exist. Creating ...
2019-11-15 01:00:20,639 [pool-519-thread-1] INFO  storage.RaftStorageDirectory (RaftStorageDirectory.java:tryLock(328)) - Lock on /workdir/hadoop-ozone/integration-test/target/test-dir/MiniOzoneClusterImpl-9b1c7e50-938b-4652-9315-e435b3731240/datanode-1/data/ratis/659ad401-9a9f-4bba-a542-a71440b16c33/in_use.lock acquired by nodename 16745@pr-hdds-2442-bxv5b-1523879440
2019-11-15 01:00:20,642 [pool-519-thread-1] INFO  storage.RaftStorage (RaftStorage.java:format(84)) - Storage directory /workdir/hadoop-ozone/integration-test/target/test-dir/MiniOzoneClusterImpl-9b1c7e50-938b-4652-9315-e435b3731240/datanode-1/data/ratis/659ad401-9a9f-4bba-a542-a71440b16c33 has been successfully formatted.
2019-11-15 01:00:20,643 [pool-519-thread-1] INFO  ratis.ContainerStateMachine (ContainerStateMachine.java:loadSnapshot(223)) - group-A71440B16C33: The snapshot info is null. Setting the last applied indexto:(t:0, i:~)
2019-11-15 01:00:20,643 [pool-519-thread-1] INFO  server.RaftServerConfigKeys (ConfUtils.java:logGet(43)) - raft.server.notification.no-leader.timeout = 120s (custom)
2019-11-15 01:00:20,643 [pool-519-thread-1] INFO  server.RaftServerConfigKeys (ConfUtils.java:logGet(43)) - raft.server.log.use.memory = false (default)
2019-11-15 01:00:20,643 [pool-519-thread-1] INFO  server.RaftServerConfigKeys (ConfUtils.java:logGet(43)) - raft.server.log.purge.gap = 1000000 (custom)
2019-11-15 01:00:20,643 [pool-519-thread-1] INFO  server.RaftServerConfigKeys (ConfUtils.java:logGet(43)) - raft.server.log.appender.buffer.byte-limit = 33554432 (custom)
2019-11-15 01:00:20,643 [pool-519-thread-1] INFO  server.RaftServerConfigKeys (ConfUtils.java:logGet(43)) - raft.server.log.segment.size.max = 1048576 (custom)
2019-11-15 01:00:20,643 [pool-519-thread-1] WARN  impl.MetricRegistriesImpl (MetricRegistriesImpl.java:lambda$create$1(61)) - First MetricRegistry has been created without registering reporters. You may need to call MetricRegistries.global().addReportRegistration(...) before.
2019-11-15 01:00:20,644 [pool-519-thread-1] INFO  server.RaftServerConfigKeys (ConfUtils.java:logGet(43)) - raft.server.log.segment.cache.num.max = 2 (custom)
2019-11-15 01:00:20,644 [pool-519-thread-1] INFO  segmented.SegmentedRaftLogWorker (SegmentedRaftLogWorker.java:<init>(173)) - new 212c8f8f-349a-4c94-b732-b4c0454eae1b@group-A71440B16C33-SegmentedRaftLogWorker for RaftStorage:Storage Directory /workdir/hadoop-ozone/integration-test/target/test-dir/MiniOzoneClusterImpl-9b1c7e50-938b-4652-9315-e435b3731240/datanode-1/data/ratis/659ad401-9a9f-4bba-a542-a71440b16c33
2019-11-15 01:00:20,644 [pool-519-thread-1] INFO  server.RaftServerConfigKeys (ConfUtils.java:logGet(43)) - raft.server.log.queue.byte-limit = 2147483647 (custom)
2019-11-15 01:00:20,644 [pool-519-thread-1] INFO  server.RaftServerConfigKeys (ConfUtils.java:logGet(43)) - raft.server.log.queue.element-limit = 1024 (custom)
2019-11-15 01:00:20,644 [pool-519-thread-1] INFO  server.RaftServerConfigKeys (ConfUtils.java:logGet(43)) - raft.server.log.segment.size.max = 1048576 (custom)
2019-11-15 01:00:20,644 [pool-519-thread-1] INFO  server.RaftServerConfigKeys (ConfUtils.java:logGet(43)) - raft.server.log.preallocated.size = 16384 (custom)
2019-11-15 01:00:20,644 [pool-519-thread-1] INFO  server.RaftServerConfigKeys (ConfUtils.java:logGet(43)) - raft.server.log.write.buffer.size = 33554432 (custom)
2019-11-15 01:00:20,645 [pool-519-thread-1] INFO  server.RaftServerConfigKeys (ConfUtils.java:logGet(43)) - raft.server.log.force.sync.num = 128 (default)
2019-11-15 01:00:20,645 [pool-519-thread-1] INFO  server.RaftServerConfigKeys (ConfUtils.java:logGet(43)) - raft.server.log.statemachine.data.sync = true (default)
2019-11-15 01:00:20,645 [pool-519-thread-1] INFO  server.RaftServerConfigKeys (ConfUtils.java:logGet(43)) - raft.server.log.statemachine.data.sync.timeout = 10s (default)
2019-11-15 01:00:20,645 [pool-519-thread-1] INFO  server.RaftServerConfigKeys (ConfUtils.java:logGet(43)) - raft.server.log.statemachine.data.sync.timeout.retry = -1 (default)
2019-11-15 01:00:20,645 [pool-519-thread-1] INFO  server.RaftServerConfigKeys (ConfUtils.java:logGet(43)) - raft.server.log.statemachine.data.caching.enabled = true (custom)
2019-11-15 01:00:20,645 [pool-519-thread-1] INFO  segmented.SegmentedRaftLogWorker (SegmentedRaftLogWorker.java:lambda$new$0(128)) - 212c8f8f-349a-4c94-b732-b4c0454eae1b@group-A71440B16C33-SegmentedRaftLogWorker: flushIndex: setUnconditionally 0 -> -1
2019-11-15 01:00:20,646 [pool-519-thread-1] INFO  server.RaftServerConfigKeys (ConfUtils.java:logGet(43)) - raft.server.snapshot.auto.trigger.enabled = true (custom)
2019-11-15 01:00:20,646 [pool-519-thread-1] INFO  server.RaftServerConfigKeys (ConfUtils.java:logGet(43)) - raft.server.snapshot.auto.trigger.threshold = 10000 (custom)
2019-11-15 01:00:20,646 [pool-519-thread-1] INFO  server.RaftServerConfigKeys (ConfUtils.java:logGet(43)) - raft.server.snapshot.retention.file.num = 5 (custom)
2019-11-15 01:00:20,646 [pool-519-thread-1] INFO  server.RaftServerConfigKeys (ConfUtils.java:logGet(43)) - raft.server.retrycache.expirytime = 600000ms (custom)
2019-11-15 01:00:20,646 [pool-519-thread-1] WARN  impl.MetricRegistriesImpl (MetricRegistriesImpl.java:lambda$create$1(61)) - First MetricRegistry has been created without registering reporters. You may need to call MetricRegistries.global().addReportRegistration(...) before.
2019-11-15 01:00:20,646 [pool-519-thread-1] WARN  impl.MetricRegistriesImpl (MetricRegistriesImpl.java:lambda$create$1(61)) - First MetricRegistry has been created without registering reporters. You may need to call MetricRegistries.global().addReportRegistration(...) before.
2019-11-15 01:00:20,647 [pool-519-thread-1] INFO  impl.RaftServerImpl (RaftServerImpl.java:start(184)) - 212c8f8f-349a-4c94-b732-b4c0454eae1b@group-A71440B16C33: start as a follower, conf=-1: [212c8f8f-349a-4c94-b732-b4c0454eae1b:192.168.164.208:37073], old=null
2019-11-15 01:00:20,647 [pool-519-thread-1] INFO  impl.RaftServerImpl (RaftServerImpl.java:setRole(173)) - 212c8f8f-349a-4c94-b732-b4c0454eae1b@group-A71440B16C33: changes role from      null to FOLLOWER at term 0 for startAsFollower
2019-11-15 01:00:20,647 [pool-519-thread-1] INFO  impl.RoleInfo (RoleInfo.java:updateAndGet(143)) - 212c8f8f-349a-4c94-b732-b4c0454eae1b: start FollowerState
2019-11-15 01:00:20,647 [pool-519-thread-1] INFO  util.JmxRegister (JmxRegister.java:tryRegister(44)) - Successfully registered JMX Bean with object name Ratis:service=RaftServer,group=group-A71440B16C33,id=212c8f8f-349a-4c94-b732-b4c0454eae1b
2019-11-15 01:00:20,647 [pool-519-thread-1] WARN  impl.MetricRegistriesImpl (MetricRegistriesImpl.java:lambda$create$1(61)) - First MetricRegistry has been created without registering reporters. You may need to call MetricRegistries.global().addReportRegistration(...) before.
2019-11-15 01:00:20,650 [RatisPipelineUtilsThread] INFO  pipeline.PipelineStateManager (PipelineStateManager.java:addPipeline(55)) - Created pipeline Pipeline[ Id: 659ad401-9a9f-4bba-a542-a71440b16c33, Nodes: 212c8f8f-349a-4c94-b732-b4c0454eae1b{ip: 192.168.164.208, host: pr-hdds-2442-bxv5b-1523879440, networkLocation: /rack1, certSerialId: null}, Type:RATIS, Factor:ONE, State:ALLOCATED]
2019-11-15 01:00:20,677 [IPC Server handler 6 on 39263] INFO  net.NetworkTopology (NetworkTopologyImpl.java:add(111)) - Added a new node: /rack1/10ab2f01-a163-4b0b-bdc9-1962e1c3543b
2019-11-15 01:00:20,678 [IPC Server handler 6 on 39263] INFO  node.SCMNodeManager (SCMNodeManager.java:register(267)) - Registered Data node : 10ab2f01-a163-4b0b-bdc9-1962e1c3543b{ip: 192.168.164.208, host: pr-hdds-2442-bxv5b-1523879440, networkLocation: /rack1, certSerialId: null}
2019-11-15 01:00:20,684 [grpc-default-executor-7] INFO  impl.RaftServerProxy (RaftServerProxy.java:addNew(89)) - 10ab2f01-a163-4b0b-bdc9-1962e1c3543b: addNew group-0E0BDA624484:[10ab2f01-a163-4b0b-bdc9-1962e1c3543b:192.168.164.208:38174] returns group-0E0BDA624484:java.util.concurrent.CompletableFuture@10347c09[Not completed]
2019-11-15 01:00:20,685 [pool-529-thread-1] INFO  impl.RaftServerImpl (RaftServerImpl.java:<init>(98)) - 10ab2f01-a163-4b0b-bdc9-1962e1c3543b: new RaftServerImpl for group-0E0BDA624484:[10ab2f01-a163-4b0b-bdc9-1962e1c3543b:192.168.164.208:38174] with ContainerStateMachine:uninitialized
2019-11-15 01:00:20,685 [pool-529-thread-1] INFO  server.RaftServerConfigKeys (ConfUtils.java:logGet(43)) - raft.server.rpc.timeout.min = 1s (custom)
2019-11-15 01:00:20,685 [pool-529-thread-1] INFO  server.RaftServerConfigKeys (ConfUtils.java:logGet(43)) - raft.server.rpc.timeout.max = 1200ms (custom)
2019-11-15 01:00:20,685 [pool-529-thread-1] INFO  server.RaftServerConfigKeys (ConfUtils.java:logGet(43)) - raft.server.rpcslowness.timeout = 120s (custom)
2019-11-15 01:00:20,686 [pool-529-thread-1] INFO  server.RaftServerConfigKeys (ConfUtils.java:logGet(43)) - raft.server.sleep.deviation.threshold = 300 (default)
2019-11-15 01:00:20,686 [pool-529-thread-1] INFO  server.RaftServerConfigKeys (ConfUtils.java:logGet(43)) - raft.server.log.appender.install.snapshot.enabled = false (custom)
2019-11-15 01:00:20,686 [pool-529-thread-1] INFO  impl.RaftServerImpl (ServerState.java:<init>(103)) - 10ab2f01-a163-4b0b-bdc9-1962e1c3543b@group-0E0BDA624484: ConfigurationManager, init=-1: [10ab2f01-a163-4b0b-bdc9-1962e1c3543b:192.168.164.208:38174], old=null, confs=<EMPTY_MAP>
2019-11-15 01:00:20,686 [pool-529-thread-1] INFO  server.RaftServerConfigKeys (ConfUtils.java:logGet(43)) - raft.server.storage.dir = [/workdir/hadoop-ozone/integration-test/target/test-dir/MiniOzoneClusterImpl-9b1c7e50-938b-4652-9315-e435b3731240/datanode-2/data/ratis] (custom)
2019-11-15 01:00:20,686 [pool-529-thread-1] INFO  server.RaftServerConfigKeys (ConfUtils.java:logGet(43)) - raft.server.log.corruption.policy = EXCEPTION (default)
2019-11-15 01:00:20,686 [pool-529-thread-1] INFO  storage.RaftStorageDirectory (RaftStorageDirectory.java:analyzeStorage(246)) - The storage directory /workdir/hadoop-ozone/integration-test/target/test-dir/MiniOzoneClusterImpl-9b1c7e50-938b-4652-9315-e435b3731240/datanode-2/data/ratis/3b986f61-ef5b-4ed2-81d4-0e0bda624484 does not exist. Creating ...
2019-11-15 01:00:20,698 [pool-529-thread-1] INFO  storage.RaftStorageDirectory (RaftStorageDirectory.java:tryLock(328)) - Lock on /workdir/hadoop-ozone/integration-test/target/test-dir/MiniOzoneClusterImpl-9b1c7e50-938b-4652-9315-e435b3731240/datanode-2/data/ratis/3b986f61-ef5b-4ed2-81d4-0e0bda624484/in_use.lock acquired by nodename 16745@pr-hdds-2442-bxv5b-1523879440
2019-11-15 01:00:20,711 [pool-529-thread-1] INFO  storage.RaftStorage (RaftStorage.java:format(84)) - Storage directory /workdir/hadoop-ozone/integration-test/target/test-dir/MiniOzoneClusterImpl-9b1c7e50-938b-4652-9315-e435b3731240/datanode-2/data/ratis/3b986f61-ef5b-4ed2-81d4-0e0bda624484 has been successfully formatted.
2019-11-15 01:00:20,711 [pool-529-thread-1] INFO  ratis.ContainerStateMachine (ContainerStateMachine.java:loadSnapshot(223)) - group-0E0BDA624484: The snapshot info is null. Setting the last applied indexto:(t:0, i:~)
2019-11-15 01:00:20,711 [pool-529-thread-1] INFO  server.RaftServerConfigKeys (ConfUtils.java:logGet(43)) - raft.server.notification.no-leader.timeout = 120s (custom)
2019-11-15 01:00:20,711 [pool-529-thread-1] INFO  server.RaftServerConfigKeys (ConfUtils.java:logGet(43)) - raft.server.log.use.memory = false (default)
2019-11-15 01:00:20,711 [pool-529-thread-1] INFO  server.RaftServerConfigKeys (ConfUtils.java:logGet(43)) - raft.server.log.purge.gap = 1000000 (custom)
2019-11-15 01:00:20,711 [pool-529-thread-1] INFO  server.RaftServerConfigKeys (ConfUtils.java:logGet(43)) - raft.server.log.appender.buffer.byte-limit = 33554432 (custom)
2019-11-15 01:00:20,711 [pool-529-thread-1] INFO  server.RaftServerConfigKeys (ConfUtils.java:logGet(43)) - raft.server.log.segment.size.max = 1048576 (custom)
2019-11-15 01:00:20,711 [pool-529-thread-1] WARN  impl.MetricRegistriesImpl (MetricRegistriesImpl.java:lambda$create$1(61)) - First MetricRegistry has been created without registering reporters. You may need to call MetricRegistries.global().addReportRegistration(...) before.
2019-11-15 01:00:20,712 [pool-529-thread-1] INFO  server.RaftServerConfigKeys (ConfUtils.java:logGet(43)) - raft.server.log.segment.cache.num.max = 2 (custom)
2019-11-15 01:00:20,712 [pool-529-thread-1] INFO  segmented.SegmentedRaftLogWorker (SegmentedRaftLogWorker.java:<init>(173)) - new 10ab2f01-a163-4b0b-bdc9-1962e1c3543b@group-0E0BDA624484-SegmentedRaftLogWorker for RaftStorage:Storage Directory /workdir/hadoop-ozone/integration-test/target/test-dir/MiniOzoneClusterImpl-9b1c7e50-938b-4652-9315-e435b3731240/datanode-2/data/ratis/3b986f61-ef5b-4ed2-81d4-0e0bda624484
2019-11-15 01:00:20,712 [pool-529-thread-1] INFO  server.RaftServerConfigKeys (ConfUtils.java:logGet(43)) - raft.server.log.queue.byte-limit = 2147483647 (custom)
2019-11-15 01:00:20,712 [pool-529-thread-1] INFO  server.RaftServerConfigKeys (ConfUtils.java:logGet(43)) - raft.server.log.queue.element-limit = 1024 (custom)
2019-11-15 01:00:20,712 [pool-529-thread-1] INFO  server.RaftServerConfigKeys (ConfUtils.java:logGet(43)) - raft.server.log.segment.size.max = 1048576 (custom)
2019-11-15 01:00:20,712 [pool-529-thread-1] INFO  server.RaftServerConfigKeys (ConfUtils.java:logGet(43)) - raft.server.log.preallocated.size = 16384 (custom)
2019-11-15 01:00:20,712 [pool-529-thread-1] INFO  server.RaftServerConfigKeys (ConfUtils.java:logGet(43)) - raft.server.log.write.buffer.size = 33554432 (custom)
2019-11-15 01:00:20,712 [pool-529-thread-1] INFO  server.RaftServerConfigKeys (ConfUtils.java:logGet(43)) - raft.server.log.force.sync.num = 128 (default)
2019-11-15 01:00:20,712 [pool-529-thread-1] INFO  server.RaftServerConfigKeys (ConfUtils.java:logGet(43)) - raft.server.log.statemachine.data.sync = true (default)
2019-11-15 01:00:20,712 [pool-529-thread-1] INFO  server.RaftServerConfigKeys (ConfUtils.java:logGet(43)) - raft.server.log.statemachine.data.sync.timeout = 10s (default)
2019-11-15 01:00:20,713 [pool-529-thread-1] INFO  server.RaftServerConfigKeys (ConfUtils.java:logGet(43)) - raft.server.log.statemachine.data.sync.timeout.retry = -1 (default)
2019-11-15 01:00:20,713 [pool-529-thread-1] INFO  server.RaftServerConfigKeys (ConfUtils.java:logGet(43)) - raft.server.log.statemachine.data.caching.enabled = true (custom)
2019-11-15 01:00:20,713 [pool-529-thread-1] INFO  segmented.SegmentedRaftLogWorker (SegmentedRaftLogWorker.java:lambda$new$0(128)) - 10ab2f01-a163-4b0b-bdc9-1962e1c3543b@group-0E0BDA624484-SegmentedRaftLogWorker: flushIndex: setUnconditionally 0 -> -1
2019-11-15 01:00:20,713 [pool-529-thread-1] INFO  server.RaftServerConfigKeys (ConfUtils.java:logGet(43)) - raft.server.snapshot.auto.trigger.enabled = true (custom)
2019-11-15 01:00:20,713 [pool-529-thread-1] INFO  server.RaftServerConfigKeys (ConfUtils.java:logGet(43)) - raft.server.snapshot.auto.trigger.threshold = 10000 (custom)
2019-11-15 01:00:20,713 [pool-529-thread-1] INFO  server.RaftServerConfigKeys (ConfUtils.java:logGet(43)) - raft.server.snapshot.retention.file.num = 5 (custom)
2019-11-15 01:00:20,714 [pool-529-thread-1] INFO  server.RaftServerConfigKeys (ConfUtils.java:logGet(43)) - raft.server.retrycache.expirytime = 600000ms (custom)
2019-11-15 01:00:20,714 [pool-529-thread-1] WARN  impl.MetricRegistriesImpl (MetricRegistriesImpl.java:lambda$create$1(61)) - First MetricRegistry has been created without registering reporters. You may need to call MetricRegistries.global().addReportRegistration(...) before.
2019-11-15 01:00:20,714 [pool-529-thread-1] WARN  impl.MetricRegistriesImpl (MetricRegistriesImpl.java:lambda$create$1(61)) - First MetricRegistry has been created without registering reporters. You may need to call MetricRegistries.global().addReportRegistration(...) before.
2019-11-15 01:00:20,714 [pool-529-thread-1] INFO  impl.RaftServerImpl (RaftServerImpl.java:start(184)) - 10ab2f01-a163-4b0b-bdc9-1962e1c3543b@group-0E0BDA624484: start as a follower, conf=-1: [10ab2f01-a163-4b0b-bdc9-1962e1c3543b:192.168.164.208:38174], old=null
2019-11-15 01:00:20,714 [pool-529-thread-1] INFO  impl.RaftServerImpl (RaftServerImpl.java:setRole(173)) - 10ab2f01-a163-4b0b-bdc9-1962e1c3543b@group-0E0BDA624484: changes role from      null to FOLLOWER at term 0 for startAsFollower
2019-11-15 01:00:20,714 [pool-529-thread-1] INFO  impl.RoleInfo (RoleInfo.java:updateAndGet(143)) - 10ab2f01-a163-4b0b-bdc9-1962e1c3543b: start FollowerState
2019-11-15 01:00:20,714 [pool-529-thread-1] INFO  util.JmxRegister (JmxRegister.java:tryRegister(44)) - Successfully registered JMX Bean with object name Ratis:service=RaftServer,group=group-0E0BDA624484,id=10ab2f01-a163-4b0b-bdc9-1962e1c3543b
2019-11-15 01:00:20,715 [pool-529-thread-1] WARN  impl.MetricRegistriesImpl (MetricRegistriesImpl.java:lambda$create$1(61)) - First MetricRegistry has been created without registering reporters. You may need to call MetricRegistries.global().addReportRegistration(...) before.
2019-11-15 01:00:20,716 [RatisPipelineUtilsThread] INFO  pipeline.PipelineStateManager (PipelineStateManager.java:addPipeline(55)) - Created pipeline Pipeline[ Id: 3b986f61-ef5b-4ed2-81d4-0e0bda624484, Nodes: 10ab2f01-a163-4b0b-bdc9-1962e1c3543b{ip: 192.168.164.208, host: pr-hdds-2442-bxv5b-1523879440, networkLocation: /rack1, certSerialId: null}, Type:RATIS, Factor:ONE, State:ALLOCATED]
2019-11-15 01:00:20,730 [grpc-default-executor-0] INFO  impl.RaftServerProxy (RaftServerProxy.java:addNew(89)) - 0e91382f-cc67-4c48-b6bb-37ad8c3df0fd: addNew group-DB30E9AC24B4:[0e91382f-cc67-4c48-b6bb-37ad8c3df0fd:192.168.164.208:33069, 10ab2f01-a163-4b0b-bdc9-1962e1c3543b:192.168.164.208:38174, 212c8f8f-349a-4c94-b732-b4c0454eae1b:192.168.164.208:37073] returns group-DB30E9AC24B4:java.util.concurrent.CompletableFuture@7653501[Not completed]
2019-11-15 01:00:20,730 [grpc-default-executor-7] INFO  impl.RaftServerProxy (RaftServerProxy.java:addNew(89)) - 10ab2f01-a163-4b0b-bdc9-1962e1c3543b: addNew group-DB30E9AC24B4:[0e91382f-cc67-4c48-b6bb-37ad8c3df0fd:192.168.164.208:33069, 10ab2f01-a163-4b0b-bdc9-1962e1c3543b:192.168.164.208:38174, 212c8f8f-349a-4c94-b732-b4c0454eae1b:192.168.164.208:37073] returns group-DB30E9AC24B4:java.util.concurrent.CompletableFuture@55afc3c1[Not completed]
2019-11-15 01:00:20,730 [grpc-default-executor-7] INFO  impl.RaftServerProxy (RaftServerProxy.java:addNew(89)) - 212c8f8f-349a-4c94-b732-b4c0454eae1b: addNew group-DB30E9AC24B4:[0e91382f-cc67-4c48-b6bb-37ad8c3df0fd:192.168.164.208:33069, 10ab2f01-a163-4b0b-bdc9-1962e1c3543b:192.168.164.208:38174, 212c8f8f-349a-4c94-b732-b4c0454eae1b:192.168.164.208:37073] returns group-DB30E9AC24B4:java.util.concurrent.CompletableFuture@66c82949[Not completed]
2019-11-15 01:00:20,731 [pool-509-thread-1] INFO  impl.RaftServerImpl (RaftServerImpl.java:<init>(98)) - 0e91382f-cc67-4c48-b6bb-37ad8c3df0fd: new RaftServerImpl for group-DB30E9AC24B4:[0e91382f-cc67-4c48-b6bb-37ad8c3df0fd:192.168.164.208:33069, 10ab2f01-a163-4b0b-bdc9-1962e1c3543b:192.168.164.208:38174, 212c8f8f-349a-4c94-b732-b4c0454eae1b:192.168.164.208:37073] with ContainerStateMachine:uninitialized
2019-11-15 01:00:20,731 [pool-509-thread-1] INFO  server.RaftServerConfigKeys (ConfUtils.java:logGet(43)) - raft.server.rpc.timeout.min = 1s (custom)
2019-11-15 01:00:20,731 [pool-509-thread-1] INFO  server.RaftServerConfigKeys (ConfUtils.java:logGet(43)) - raft.server.rpc.timeout.max = 1200ms (custom)
2019-11-15 01:00:20,731 [pool-509-thread-1] INFO  server.RaftServerConfigKeys (ConfUtils.java:logGet(43)) - raft.server.rpcslowness.timeout = 120s (custom)
2019-11-15 01:00:20,731 [pool-509-thread-1] INFO  server.RaftServerConfigKeys (ConfUtils.java:logGet(43)) - raft.server.sleep.deviation.threshold = 300 (default)
2019-11-15 01:00:20,731 [pool-509-thread-1] INFO  server.RaftServerConfigKeys (ConfUtils.java:logGet(43)) - raft.server.log.appender.install.snapshot.enabled = false (custom)
2019-11-15 01:00:20,731 [pool-509-thread-1] INFO  impl.RaftServerImpl (ServerState.java:<init>(103)) - 0e91382f-cc67-4c48-b6bb-37ad8c3df0fd@group-DB30E9AC24B4: ConfigurationManager, init=-1: [0e91382f-cc67-4c48-b6bb-37ad8c3df0fd:192.168.164.208:33069, 10ab2f01-a163-4b0b-bdc9-1962e1c3543b:192.168.164.208:38174, 212c8f8f-349a-4c94-b732-b4c0454eae1b:192.168.164.208:37073], old=null, confs=<EMPTY_MAP>
2019-11-15 01:00:20,731 [pool-509-thread-1] INFO  server.RaftServerConfigKeys (ConfUtils.java:logGet(43)) - raft.server.storage.dir = [/workdir/hadoop-ozone/integration-test/target/test-dir/MiniOzoneClusterImpl-9b1c7e50-938b-4652-9315-e435b3731240/datanode-0/data/ratis] (custom)
2019-11-15 01:00:20,731 [pool-519-thread-1] INFO  impl.RaftServerImpl (RaftServerImpl.java:<init>(98)) - 212c8f8f-349a-4c94-b732-b4c0454eae1b: new RaftServerImpl for group-DB30E9AC24B4:[0e91382f-cc67-4c48-b6bb-37ad8c3df0fd:192.168.164.208:33069, 10ab2f01-a163-4b0b-bdc9-1962e1c3543b:192.168.164.208:38174, 212c8f8f-349a-4c94-b732-b4c0454eae1b:192.168.164.208:37073] with ContainerStateMachine:uninitialized
2019-11-15 01:00:20,732 [pool-509-thread-1] INFO  server.RaftServerConfigKeys (ConfUtils.java:logGet(43)) - raft.server.log.corruption.policy = EXCEPTION (default)
2019-11-15 01:00:20,732 [pool-519-thread-1] INFO  server.RaftServerConfigKeys (ConfUtils.java:logGet(43)) - raft.server.rpc.timeout.min = 1s (custom)
2019-11-15 01:00:20,732 [pool-509-thread-1] INFO  storage.RaftStorageDirectory (RaftStorageDirectory.java:analyzeStorage(246)) - The storage directory /workdir/hadoop-ozone/integration-test/target/test-dir/MiniOzoneClusterImpl-9b1c7e50-938b-4652-9315-e435b3731240/datanode-0/data/ratis/3150d911-3559-45ca-ab84-db30e9ac24b4 does not exist. Creating ...
2019-11-15 01:00:20,732 [pool-519-thread-1] INFO  server.RaftServerConfigKeys (ConfUtils.java:logGet(43)) - raft.server.rpc.timeout.max = 1200ms (custom)
2019-11-15 01:00:20,732 [pool-519-thread-1] INFO  server.RaftServerConfigKeys (ConfUtils.java:logGet(43)) - raft.server.rpcslowness.timeout = 120s (custom)
2019-11-15 01:00:20,732 [pool-529-thread-1] INFO  impl.RaftServerImpl (RaftServerImpl.java:<init>(98)) - 10ab2f01-a163-4b0b-bdc9-1962e1c3543b: new RaftServerImpl for group-DB30E9AC24B4:[0e91382f-cc67-4c48-b6bb-37ad8c3df0fd:192.168.164.208:33069, 10ab2f01-a163-4b0b-bdc9-1962e1c3543b:192.168.164.208:38174, 212c8f8f-349a-4c94-b732-b4c0454eae1b:192.168.164.208:37073] with ContainerStateMachine:uninitialized
2019-11-15 01:00:20,732 [pool-519-thread-1] INFO  server.RaftServerConfigKeys (ConfUtils.java:logGet(43)) - raft.server.sleep.deviation.threshold = 300 (default)
2019-11-15 01:00:20,732 [pool-529-thread-1] INFO  server.RaftServerConfigKeys (ConfUtils.java:logGet(43)) - raft.server.rpc.timeout.min = 1s (custom)
2019-11-15 01:00:20,732 [pool-519-thread-1] INFO  server.RaftServerConfigKeys (ConfUtils.java:logGet(43)) - raft.server.log.appender.install.snapshot.enabled = false (custom)
2019-11-15 01:00:20,732 [pool-529-thread-1] INFO  server.RaftServerConfigKeys (ConfUtils.java:logGet(43)) - raft.server.rpc.timeout.max = 1200ms (custom)
2019-11-15 01:00:20,733 [pool-519-thread-1] INFO  impl.RaftServerImpl (ServerState.java:<init>(103)) - 212c8f8f-349a-4c94-b732-b4c0454eae1b@group-DB30E9AC24B4: ConfigurationManager, init=-1: [0e91382f-cc67-4c48-b6bb-37ad8c3df0fd:192.168.164.208:33069, 10ab2f01-a163-4b0b-bdc9-1962e1c3543b:192.168.164.208:38174, 212c8f8f-349a-4c94-b732-b4c0454eae1b:192.168.164.208:37073], old=null, confs=<EMPTY_MAP>
2019-11-15 01:00:20,733 [pool-529-thread-1] INFO  server.RaftServerConfigKeys (ConfUtils.java:logGet(43)) - raft.server.rpcslowness.timeout = 120s (custom)
2019-11-15 01:00:20,733 [pool-519-thread-1] INFO  server.RaftServerConfigKeys (ConfUtils.java:logGet(43)) - raft.server.storage.dir = [/workdir/hadoop-ozone/integration-test/target/test-dir/MiniOzoneClusterImpl-9b1c7e50-938b-4652-9315-e435b3731240/datanode-1/data/ratis] (custom)
2019-11-15 01:00:20,733 [pool-529-thread-1] INFO  server.RaftServerConfigKeys (ConfUtils.java:logGet(43)) - raft.server.sleep.deviation.threshold = 300 (default)
2019-11-15 01:00:20,733 [pool-529-thread-1] INFO  server.RaftServerConfigKeys (ConfUtils.java:logGet(43)) - raft.server.log.appender.install.snapshot.enabled = false (custom)
2019-11-15 01:00:20,733 [pool-519-thread-1] INFO  server.RaftServerConfigKeys (ConfUtils.java:logGet(43)) - raft.server.log.corruption.policy = EXCEPTION (default)
2019-11-15 01:00:20,733 [pool-529-thread-1] INFO  impl.RaftServerImpl (ServerState.java:<init>(103)) - 10ab2f01-a163-4b0b-bdc9-1962e1c3543b@group-DB30E9AC24B4: ConfigurationManager, init=-1: [0e91382f-cc67-4c48-b6bb-37ad8c3df0fd:192.168.164.208:33069, 10ab2f01-a163-4b0b-bdc9-1962e1c3543b:192.168.164.208:38174, 212c8f8f-349a-4c94-b732-b4c0454eae1b:192.168.164.208:37073], old=null, confs=<EMPTY_MAP>
2019-11-15 01:00:20,733 [pool-519-thread-1] INFO  storage.RaftStorageDirectory (RaftStorageDirectory.java:analyzeStorage(246)) - The storage directory /workdir/hadoop-ozone/integration-test/target/test-dir/MiniOzoneClusterImpl-9b1c7e50-938b-4652-9315-e435b3731240/datanode-1/data/ratis/3150d911-3559-45ca-ab84-db30e9ac24b4 does not exist. Creating ...
2019-11-15 01:00:20,733 [pool-529-thread-1] INFO  server.RaftServerConfigKeys (ConfUtils.java:logGet(43)) - raft.server.storage.dir = [/workdir/hadoop-ozone/integration-test/target/test-dir/MiniOzoneClusterImpl-9b1c7e50-938b-4652-9315-e435b3731240/datanode-2/data/ratis] (custom)
2019-11-15 01:00:20,734 [pool-529-thread-1] INFO  server.RaftServerConfigKeys (ConfUtils.java:logGet(43)) - raft.server.log.corruption.policy = EXCEPTION (default)
2019-11-15 01:00:20,734 [pool-529-thread-1] INFO  storage.RaftStorageDirectory (RaftStorageDirectory.java:analyzeStorage(246)) - The storage directory /workdir/hadoop-ozone/integration-test/target/test-dir/MiniOzoneClusterImpl-9b1c7e50-938b-4652-9315-e435b3731240/datanode-2/data/ratis/3150d911-3559-45ca-ab84-db30e9ac24b4 does not exist. Creating ...
2019-11-15 01:00:20,739 [IPC Server handler 7 on 39263] INFO  net.NetworkTopology (NetworkTopologyImpl.java:add(111)) - Added a new node: /rack1/c7f93789-5ee9-40a1-8afd-58386fa54dde
2019-11-15 01:00:20,740 [IPC Server handler 7 on 39263] INFO  node.SCMNodeManager (SCMNodeManager.java:register(267)) - Registered Data node : c7f93789-5ee9-40a1-8afd-58386fa54dde{ip: 192.168.164.208, host: pr-hdds-2442-bxv5b-1523879440, networkLocation: /rack1, certSerialId: null}
2019-11-15 01:00:20,754 [pool-519-thread-1] INFO  storage.RaftStorageDirectory (RaftStorageDirectory.java:tryLock(328)) - Lock on /workdir/hadoop-ozone/integration-test/target/test-dir/MiniOzoneClusterImpl-9b1c7e50-938b-4652-9315-e435b3731240/datanode-1/data/ratis/3150d911-3559-45ca-ab84-db30e9ac24b4/in_use.lock acquired by nodename 16745@pr-hdds-2442-bxv5b-1523879440
2019-11-15 01:00:20,754 [pool-529-thread-1] INFO  storage.RaftStorageDirectory (RaftStorageDirectory.java:tryLock(328)) - Lock on /workdir/hadoop-ozone/integration-test/target/test-dir/MiniOzoneClusterImpl-9b1c7e50-938b-4652-9315-e435b3731240/datanode-2/data/ratis/3150d911-3559-45ca-ab84-db30e9ac24b4/in_use.lock acquired by nodename 16745@pr-hdds-2442-bxv5b-1523879440
2019-11-15 01:00:20,754 [pool-509-thread-1] INFO  storage.RaftStorageDirectory (RaftStorageDirectory.java:tryLock(328)) - Lock on /workdir/hadoop-ozone/integration-test/target/test-dir/MiniOzoneClusterImpl-9b1c7e50-938b-4652-9315-e435b3731240/datanode-0/data/ratis/3150d911-3559-45ca-ab84-db30e9ac24b4/in_use.lock acquired by nodename 16745@pr-hdds-2442-bxv5b-1523879440
2019-11-15 01:00:20,776 [pool-519-thread-1] INFO  storage.RaftStorage (RaftStorage.java:format(84)) - Storage directory /workdir/hadoop-ozone/integration-test/target/test-dir/MiniOzoneClusterImpl-9b1c7e50-938b-4652-9315-e435b3731240/datanode-1/data/ratis/3150d911-3559-45ca-ab84-db30e9ac24b4 has been successfully formatted.
2019-11-15 01:00:20,776 [pool-509-thread-1] INFO  storage.RaftStorage (RaftStorage.java:format(84)) - Storage directory /workdir/hadoop-ozone/integration-test/target/test-dir/MiniOzoneClusterImpl-9b1c7e50-938b-4652-9315-e435b3731240/datanode-0/data/ratis/3150d911-3559-45ca-ab84-db30e9ac24b4 has been successfully formatted.
2019-11-15 01:00:20,776 [pool-529-thread-1] INFO  storage.RaftStorage (RaftStorage.java:format(84)) - Storage directory /workdir/hadoop-ozone/integration-test/target/test-dir/MiniOzoneClusterImpl-9b1c7e50-938b-4652-9315-e435b3731240/datanode-2/data/ratis/3150d911-3559-45ca-ab84-db30e9ac24b4 has been successfully formatted.
2019-11-15 01:00:20,776 [pool-509-thread-1] INFO  ratis.ContainerStateMachine (ContainerStateMachine.java:loadSnapshot(223)) - group-DB30E9AC24B4: The snapshot info is null. Setting the last applied indexto:(t:0, i:~)
2019-11-15 01:00:20,776 [pool-519-thread-1] INFO  ratis.ContainerStateMachine (ContainerStateMachine.java:loadSnapshot(223)) - group-DB30E9AC24B4: The snapshot info is null. Setting the last applied indexto:(t:0, i:~)
2019-11-15 01:00:20,776 [pool-509-thread-1] INFO  server.RaftServerConfigKeys (ConfUtils.java:logGet(43)) - raft.server.notification.no-leader.timeout = 120s (custom)
2019-11-15 01:00:20,776 [pool-529-thread-1] INFO  ratis.ContainerStateMachine (ContainerStateMachine.java:loadSnapshot(223)) - group-DB30E9AC24B4: The snapshot info is null. Setting the last applied indexto:(t:0, i:~)
2019-11-15 01:00:20,776 [pool-509-thread-1] INFO  server.RaftServerConfigKeys (ConfUtils.java:logGet(43)) - raft.server.log.use.memory = false (default)
2019-11-15 01:00:20,776 [pool-519-thread-1] INFO  server.RaftServerConfigKeys (ConfUtils.java:logGet(43)) - raft.server.notification.no-leader.timeout = 120s (custom)
2019-11-15 01:00:20,777 [pool-509-thread-1] INFO  server.RaftServerConfigKeys (ConfUtils.java:logGet(43)) - raft.server.log.purge.gap = 1000000 (custom)
2019-11-15 01:00:20,777 [pool-509-thread-1] INFO  server.RaftServerConfigKeys (ConfUtils.java:logGet(43)) - raft.server.log.appender.buffer.byte-limit = 33554432 (custom)
2019-11-15 01:00:20,776 [pool-529-thread-1] INFO  server.RaftServerConfigKeys (ConfUtils.java:logGet(43)) - raft.server.notification.no-leader.timeout = 120s (custom)
2019-11-15 01:00:20,777 [pool-509-thread-1] INFO  server.RaftServerConfigKeys (ConfUtils.java:logGet(43)) - raft.server.log.segment.size.max = 1048576 (custom)
2019-11-15 01:00:20,777 [pool-519-thread-1] INFO  server.RaftServerConfigKeys (ConfUtils.java:logGet(43)) - raft.server.log.use.memory = false (default)
2019-11-15 01:00:20,777 [pool-509-thread-1] INFO  server.RaftServerConfigKeys (ConfUtils.java:logGet(43)) - raft.server.log.segment.cache.num.max = 2 (custom)
2019-11-15 01:00:20,777 [pool-529-thread-1] INFO  server.RaftServerConfigKeys (ConfUtils.java:logGet(43)) - raft.server.log.use.memory = false (default)
2019-11-15 01:00:20,777 [pool-509-thread-1] INFO  segmented.SegmentedRaftLogWorker (SegmentedRaftLogWorker.java:<init>(173)) - new 0e91382f-cc67-4c48-b6bb-37ad8c3df0fd@group-DB30E9AC24B4-SegmentedRaftLogWorker for RaftStorage:Storage Directory /workdir/hadoop-ozone/integration-test/target/test-dir/MiniOzoneClusterImpl-9b1c7e50-938b-4652-9315-e435b3731240/datanode-0/data/ratis/3150d911-3559-45ca-ab84-db30e9ac24b4
2019-11-15 01:00:20,777 [pool-519-thread-1] INFO  server.RaftServerConfigKeys (ConfUtils.java:logGet(43)) - raft.server.log.purge.gap = 1000000 (custom)
2019-11-15 01:00:20,778 [pool-509-thread-1] INFO  server.RaftServerConfigKeys (ConfUtils.java:logGet(43)) - raft.server.log.queue.byte-limit = 2147483647 (custom)
2019-11-15 01:00:20,777 [pool-529-thread-1] INFO  server.RaftServerConfigKeys (ConfUtils.java:logGet(43)) - raft.server.log.purge.gap = 1000000 (custom)
2019-11-15 01:00:20,778 [pool-509-thread-1] INFO  server.RaftServerConfigKeys (ConfUtils.java:logGet(43)) - raft.server.log.queue.element-limit = 1024 (custom)
2019-11-15 01:00:20,778 [pool-519-thread-1] INFO  server.RaftServerConfigKeys (ConfUtils.java:logGet(43)) - raft.server.log.appender.buffer.byte-limit = 33554432 (custom)
2019-11-15 01:00:20,778 [pool-509-thread-1] INFO  server.RaftServerConfigKeys (ConfUtils.java:logGet(43)) - raft.server.log.segment.size.max = 1048576 (custom)
2019-11-15 01:00:20,778 [pool-509-thread-1] INFO  server.RaftServerConfigKeys (ConfUtils.java:logGet(43)) - raft.server.log.preallocated.size = 16384 (custom)
2019-11-15 01:00:20,778 [pool-529-thread-1] INFO  server.RaftServerConfigKeys (ConfUtils.java:logGet(43)) - raft.server.log.appender.buffer.byte-limit = 33554432 (custom)
2019-11-15 01:00:20,778 [pool-509-thread-1] INFO  server.RaftServerConfigKeys (ConfUtils.java:logGet(43)) - raft.server.log.write.buffer.size = 33554432 (custom)
2019-11-15 01:00:20,779 [pool-509-thread-1] INFO  server.RaftServerConfigKeys (ConfUtils.java:logGet(43)) - raft.server.log.force.sync.num = 128 (default)
2019-11-15 01:00:20,778 [pool-519-thread-1] INFO  server.RaftServerConfigKeys (ConfUtils.java:logGet(43)) - raft.server.log.segment.size.max = 1048576 (custom)
2019-11-15 01:00:20,779 [pool-509-thread-1] INFO  server.RaftServerConfigKeys (ConfUtils.java:logGet(43)) - raft.server.log.statemachine.data.sync = true (default)
2019-11-15 01:00:20,779 [pool-529-thread-1] INFO  server.RaftServerConfigKeys (ConfUtils.java:logGet(43)) - raft.server.log.segment.size.max = 1048576 (custom)
2019-11-15 01:00:20,779 [pool-509-thread-1] INFO  server.RaftServerConfigKeys (ConfUtils.java:logGet(43)) - raft.server.log.statemachine.data.sync.timeout = 10s (default)
2019-11-15 01:00:20,779 [pool-519-thread-1] INFO  server.RaftServerConfigKeys (ConfUtils.java:logGet(43)) - raft.server.log.segment.cache.num.max = 2 (custom)
2019-11-15 01:00:20,779 [pool-509-thread-1] INFO  server.RaftServerConfigKeys (ConfUtils.java:logGet(43)) - raft.server.log.statemachine.data.sync.timeout.retry = -1 (default)
2019-11-15 01:00:20,779 [pool-529-thread-1] INFO  server.RaftServerConfigKeys (ConfUtils.java:logGet(43)) - raft.server.log.segment.cache.num.max = 2 (custom)
2019-11-15 01:00:20,779 [pool-519-thread-1] INFO  segmented.SegmentedRaftLogWorker (SegmentedRaftLogWorker.java:<init>(173)) - new 212c8f8f-349a-4c94-b732-b4c0454eae1b@group-DB30E9AC24B4-SegmentedRaftLogWorker for RaftStorage:Storage Directory /workdir/hadoop-ozone/integration-test/target/test-dir/MiniOzoneClusterImpl-9b1c7e50-938b-4652-9315-e435b3731240/datanode-1/data/ratis/3150d911-3559-45ca-ab84-db30e9ac24b4
2019-11-15 01:00:20,780 [pool-529-thread-1] INFO  segmented.SegmentedRaftLogWorker (SegmentedRaftLogWorker.java:<init>(173)) - new 10ab2f01-a163-4b0b-bdc9-1962e1c3543b@group-DB30E9AC24B4-SegmentedRaftLogWorker for RaftStorage:Storage Directory /workdir/hadoop-ozone/integration-test/target/test-dir/MiniOzoneClusterImpl-9b1c7e50-938b-4652-9315-e435b3731240/datanode-2/data/ratis/3150d911-3559-45ca-ab84-db30e9ac24b4
2019-11-15 01:00:20,780 [pool-509-thread-1] INFO  server.RaftServerConfigKeys (ConfUtils.java:logGet(43)) - raft.server.log.statemachine.data.caching.enabled = true (custom)
2019-11-15 01:00:20,780 [pool-529-thread-1] INFO  server.RaftServerConfigKeys (ConfUtils.java:logGet(43)) - raft.server.log.queue.byte-limit = 2147483647 (custom)
2019-11-15 01:00:20,780 [pool-519-thread-1] INFO  server.RaftServerConfigKeys (ConfUtils.java:logGet(43)) - raft.server.log.queue.byte-limit = 2147483647 (custom)
2019-11-15 01:00:20,780 [pool-509-thread-1] INFO  segmented.SegmentedRaftLogWorker (SegmentedRaftLogWorker.java:lambda$new$0(128)) - 0e91382f-cc67-4c48-b6bb-37ad8c3df0fd@group-DB30E9AC24B4-SegmentedRaftLogWorker: flushIndex: setUnconditionally 0 -> -1
2019-11-15 01:00:20,780 [pool-529-thread-1] INFO  server.RaftServerConfigKeys (ConfUtils.java:logGet(43)) - raft.server.log.queue.element-limit = 1024 (custom)
2019-11-15 01:00:20,780 [pool-519-thread-1] INFO  server.RaftServerConfigKeys (ConfUtils.java:logGet(43)) - raft.server.log.queue.element-limit = 1024 (custom)
2019-11-15 01:00:20,780 [pool-529-thread-1] INFO  server.RaftServerConfigKeys (ConfUtils.java:logGet(43)) - raft.server.log.segment.size.max = 1048576 (custom)
2019-11-15 01:00:20,780 [pool-509-thread-1] INFO  server.RaftServerConfigKeys (ConfUtils.java:logGet(43)) - raft.server.snapshot.auto.trigger.enabled = true (custom)
2019-11-15 01:00:20,780 [pool-519-thread-1] INFO  server.RaftServerConfigKeys (ConfUtils.java:logGet(43)) - raft.server.log.segment.size.max = 1048576 (custom)
2019-11-15 01:00:20,781 [pool-509-thread-1] INFO  server.RaftServerConfigKeys (ConfUtils.java:logGet(43)) - raft.server.snapshot.auto.trigger.threshold = 10000 (custom)
2019-11-15 01:00:20,780 [pool-529-thread-1] INFO  server.RaftServerConfigKeys (ConfUtils.java:logGet(43)) - raft.server.log.preallocated.size = 16384 (custom)
2019-11-15 01:00:20,781 [pool-509-thread-1] INFO  server.RaftServerConfigKeys (ConfUtils.java:logGet(43)) - raft.server.snapshot.retention.file.num = 5 (custom)
2019-11-15 01:00:20,781 [pool-519-thread-1] INFO  server.RaftServerConfigKeys (ConfUtils.java:logGet(43)) - raft.server.log.preallocated.size = 16384 (custom)
2019-11-15 01:00:20,781 [pool-509-thread-1] INFO  server.RaftServerConfigKeys (ConfUtils.java:logGet(43)) - raft.server.retrycache.expirytime = 600000ms (custom)
2019-11-15 01:00:20,781 [pool-529-thread-1] INFO  server.RaftServerConfigKeys (ConfUtils.java:logGet(43)) - raft.server.log.write.buffer.size = 33554432 (custom)
2019-11-15 01:00:20,781 [pool-509-thread-1] WARN  impl.MetricRegistriesImpl (MetricRegistriesImpl.java:lambda$create$1(61)) - First MetricRegistry has been created without registering reporters. You may need to call MetricRegistries.global().addReportRegistration(...) before.
2019-11-15 01:00:20,781 [pool-519-thread-1] INFO  server.RaftServerConfigKeys (ConfUtils.java:logGet(43)) - raft.server.log.write.buffer.size = 33554432 (custom)
2019-11-15 01:00:20,782 [pool-509-thread-1] WARN  impl.MetricRegistriesImpl (MetricRegistriesImpl.java:lambda$create$1(61)) - First MetricRegistry has been created without registering reporters. You may need to call MetricRegistries.global().addReportRegistration(...) before.
2019-11-15 01:00:20,781 [pool-529-thread-1] INFO  server.RaftServerConfigKeys (ConfUtils.java:logGet(43)) - raft.server.log.force.sync.num = 128 (default)
2019-11-15 01:00:20,782 [pool-509-thread-1] INFO  impl.RaftServerImpl (RaftServerImpl.java:start(184)) - 0e91382f-cc67-4c48-b6bb-37ad8c3df0fd@group-DB30E9AC24B4: start as a follower, conf=-1: [0e91382f-cc67-4c48-b6bb-37ad8c3df0fd:192.168.164.208:33069, 10ab2f01-a163-4b0b-bdc9-1962e1c3543b:192.168.164.208:38174, 212c8f8f-349a-4c94-b732-b4c0454eae1b:192.168.164.208:37073], old=null
2019-11-15 01:00:20,782 [pool-519-thread-1] INFO  server.RaftServerConfigKeys (ConfUtils.java:logGet(43)) - raft.server.log.force.sync.num = 128 (default)
2019-11-15 01:00:20,782 [pool-509-thread-1] INFO  impl.RaftServerImpl (RaftServerImpl.java:setRole(173)) - 0e91382f-cc67-4c48-b6bb-37ad8c3df0fd@group-DB30E9AC24B4: changes role from      null to FOLLOWER at term 0 for startAsFollower
2019-11-15 01:00:20,782 [pool-529-thread-1] INFO  server.RaftServerConfigKeys (ConfUtils.java:logGet(43)) - raft.server.log.statemachine.data.sync = true (default)
2019-11-15 01:00:20,782 [pool-509-thread-1] INFO  impl.RoleInfo (RoleInfo.java:updateAndGet(143)) - 0e91382f-cc67-4c48-b6bb-37ad8c3df0fd: start FollowerState
2019-11-15 01:00:20,782 [pool-519-thread-1] INFO  server.RaftServerConfigKeys (ConfUtils.java:logGet(43)) - raft.server.log.statemachine.data.sync = true (default)
2019-11-15 01:00:20,782 [pool-529-thread-1] INFO  server.RaftServerConfigKeys (ConfUtils.java:logGet(43)) - raft.server.log.statemachine.data.sync.timeout = 10s (default)
2019-11-15 01:00:20,782 [pool-519-thread-1] INFO  server.RaftServerConfigKeys (ConfUtils.java:logGet(43)) - raft.server.log.statemachine.data.sync.timeout = 10s (default)
2019-11-15 01:00:20,782 [pool-529-thread-1] INFO  server.RaftServerConfigKeys (ConfUtils.java:logGet(43)) - raft.server.log.statemachine.data.sync.timeout.retry = -1 (default)
2019-11-15 01:00:20,783 [pool-509-thread-1] INFO  util.JmxRegister (JmxRegister.java:tryRegister(44)) - Successfully registered JMX Bean with object name Ratis:service=RaftServer,group=group-DB30E9AC24B4,id=0e91382f-cc67-4c48-b6bb-37ad8c3df0fd
2019-11-15 01:00:20,783 [pool-519-thread-1] INFO  server.RaftServerConfigKeys (ConfUtils.java:logGet(43)) - raft.server.log.statemachine.data.sync.timeout.retry = -1 (default)
2019-11-15 01:00:20,783 [pool-509-thread-1] WARN  impl.MetricRegistriesImpl (MetricRegistriesImpl.java:lambda$create$1(61)) - First MetricRegistry has been created without registering reporters. You may need to call MetricRegistries.global().addReportRegistration(...) before.
2019-11-15 01:00:20,783 [pool-529-thread-1] INFO  server.RaftServerConfigKeys (ConfUtils.java:logGet(43)) - raft.server.log.statemachine.data.caching.enabled = true (custom)
2019-11-15 01:00:20,783 [pool-519-thread-1] INFO  server.RaftServerConfigKeys (ConfUtils.java:logGet(43)) - raft.server.log.statemachine.data.caching.enabled = true (custom)
2019-11-15 01:00:20,783 [pool-529-thread-1] INFO  segmented.SegmentedRaftLogWorker (SegmentedRaftLogWorker.java:lambda$new$0(128)) - 10ab2f01-a163-4b0b-bdc9-1962e1c3543b@group-DB30E9AC24B4-SegmentedRaftLogWorker: flushIndex: setUnconditionally 0 -> -1
2019-11-15 01:00:20,783 [pool-519-thread-1] INFO  segmented.SegmentedRaftLogWorker (SegmentedRaftLogWorker.java:lambda$new$0(128)) - 212c8f8f-349a-4c94-b732-b4c0454eae1b@group-DB30E9AC24B4-SegmentedRaftLogWorker: flushIndex: setUnconditionally 0 -> -1
2019-11-15 01:00:20,784 [pool-529-thread-1] INFO  server.RaftServerConfigKeys (ConfUtils.java:logGet(43)) - raft.server.snapshot.auto.trigger.enabled = true (custom)
2019-11-15 01:00:20,784 [pool-529-thread-1] INFO  server.RaftServerConfigKeys (ConfUtils.java:logGet(43)) - raft.server.snapshot.auto.trigger.threshold = 10000 (custom)
2019-11-15 01:00:20,784 [pool-519-thread-1] INFO  server.RaftServerConfigKeys (ConfUtils.java:logGet(43)) - raft.server.snapshot.auto.trigger.enabled = true (custom)
2019-11-15 01:00:20,784 [pool-529-thread-1] INFO  server.RaftServerConfigKeys (ConfUtils.java:logGet(43)) - raft.server.snapshot.retention.file.num = 5 (custom)
2019-11-15 01:00:20,784 [pool-519-thread-1] INFO  server.RaftServerConfigKeys (ConfUtils.java:logGet(43)) - raft.server.snapshot.auto.trigger.threshold = 10000 (custom)
2019-11-15 01:00:20,784 [pool-529-thread-1] INFO  server.RaftServerConfigKeys (ConfUtils.java:logGet(43)) - raft.server.retrycache.expirytime = 600000ms (custom)
2019-11-15 01:00:20,784 [pool-519-thread-1] INFO  server.RaftServerConfigKeys (ConfUtils.java:logGet(43)) - raft.server.snapshot.retention.file.num = 5 (custom)
2019-11-15 01:00:20,784 [pool-529-thread-1] WARN  impl.MetricRegistriesImpl (MetricRegistriesImpl.java:lambda$create$1(61)) - First MetricRegistry has been created without registering reporters. You may need to call MetricRegistries.global().addReportRegistration(...) before.
2019-11-15 01:00:20,784 [pool-519-thread-1] INFO  server.RaftServerConfigKeys (ConfUtils.java:logGet(43)) - raft.server.retrycache.expirytime = 600000ms (custom)
2019-11-15 01:00:20,784 [pool-529-thread-1] WARN  impl.MetricRegistriesImpl (MetricRegistriesImpl.java:lambda$create$1(61)) - First MetricRegistry has been created without registering reporters. You may need to call MetricRegistries.global().addReportRegistration(...) before.
2019-11-15 01:00:20,784 [pool-519-thread-1] WARN  impl.MetricRegistriesImpl (MetricRegistriesImpl.java:lambda$create$1(61)) - First MetricRegistry has been created without registering reporters. You may need to call MetricRegistries.global().addReportRegistration(...) before.
2019-11-15 01:00:20,785 [pool-529-thread-1] INFO  impl.RaftServerImpl (RaftServerImpl.java:start(184)) - 10ab2f01-a163-4b0b-bdc9-1962e1c3543b@group-DB30E9AC24B4: start as a follower, conf=-1: [0e91382f-cc67-4c48-b6bb-37ad8c3df0fd:192.168.164.208:33069, 10ab2f01-a163-4b0b-bdc9-1962e1c3543b:192.168.164.208:38174, 212c8f8f-349a-4c94-b732-b4c0454eae1b:192.168.164.208:37073], old=null
2019-11-15 01:00:20,785 [pool-519-thread-1] WARN  impl.MetricRegistriesImpl (MetricRegistriesImpl.java:lambda$create$1(61)) - First MetricRegistry has been created without registering reporters. You may need to call MetricRegistries.global().addReportRegistration(...) before.
2019-11-15 01:00:20,785 [pool-529-thread-1] INFO  impl.RaftServerImpl (RaftServerImpl.java:setRole(173)) - 10ab2f01-a163-4b0b-bdc9-1962e1c3543b@group-DB30E9AC24B4: changes role from      null to FOLLOWER at term 0 for startAsFollower
2019-11-15 01:00:20,785 [pool-519-thread-1] INFO  impl.RaftServerImpl (RaftServerImpl.java:start(184)) - 212c8f8f-349a-4c94-b732-b4c0454eae1b@group-DB30E9AC24B4: start as a follower, conf=-1: [0e91382f-cc67-4c48-b6bb-37ad8c3df0fd:192.168.164.208:33069, 10ab2f01-a163-4b0b-bdc9-1962e1c3543b:192.168.164.208:38174, 212c8f8f-349a-4c94-b732-b4c0454eae1b:192.168.164.208:37073], old=null
2019-11-15 01:00:20,785 [pool-529-thread-1] INFO  impl.RoleInfo (RoleInfo.java:updateAndGet(143)) - 10ab2f01-a163-4b0b-bdc9-1962e1c3543b: start FollowerState
2019-11-15 01:00:20,785 [pool-519-thread-1] INFO  impl.RaftServerImpl (RaftServerImpl.java:setRole(173)) - 212c8f8f-349a-4c94-b732-b4c0454eae1b@group-DB30E9AC24B4: changes role from      null to FOLLOWER at term 0 for startAsFollower
2019-11-15 01:00:20,785 [pool-519-thread-1] INFO  impl.RoleInfo (RoleInfo.java:updateAndGet(143)) - 212c8f8f-349a-4c94-b732-b4c0454eae1b: start FollowerState
2019-11-15 01:00:20,785 [pool-529-thread-1] INFO  util.JmxRegister (JmxRegister.java:tryRegister(44)) - Successfully registered JMX Bean with object name Ratis:service=RaftServer,group=group-DB30E9AC24B4,id=10ab2f01-a163-4b0b-bdc9-1962e1c3543b
2019-11-15 01:00:20,785 [pool-529-thread-1] WARN  impl.MetricRegistriesImpl (MetricRegistriesImpl.java:lambda$create$1(61)) - First MetricRegistry has been created without registering reporters. You may need to call MetricRegistries.global().addReportRegistration(...) before.
2019-11-15 01:00:20,786 [pool-519-thread-1] INFO  util.JmxRegister (JmxRegister.java:tryRegister(44)) - Successfully registered JMX Bean with object name Ratis:service=RaftServer,group=group-DB30E9AC24B4,id=212c8f8f-349a-4c94-b732-b4c0454eae1b
2019-11-15 01:00:20,786 [pool-519-thread-1] WARN  impl.MetricRegistriesImpl (MetricRegistriesImpl.java:lambda$create$1(61)) - First MetricRegistry has been created without registering reporters. You may need to call MetricRegistries.global().addReportRegistration(...) before.
2019-11-15 01:00:20,788 [RatisPipelineUtilsThread] INFO  pipeline.PipelineStateManager (PipelineStateManager.java:addPipeline(55)) - Created pipeline Pipeline[ Id: 3150d911-3559-45ca-ab84-db30e9ac24b4, Nodes: 10ab2f01-a163-4b0b-bdc9-1962e1c3543b{ip: 192.168.164.208, host: pr-hdds-2442-bxv5b-1523879440, networkLocation: /rack1, certSerialId: null}0e91382f-cc67-4c48-b6bb-37ad8c3df0fd{ip: 192.168.164.208, host: pr-hdds-2442-bxv5b-1523879440, networkLocation: /rack1, certSerialId: null}212c8f8f-349a-4c94-b732-b4c0454eae1b{ip: 192.168.164.208, host: pr-hdds-2442-bxv5b-1523879440, networkLocation: /rack1, certSerialId: null}, Type:RATIS, Factor:THREE, State:ALLOCATED]
2019-11-15 01:00:20,801 [IPC Server handler 8 on 39263] INFO  net.NetworkTopology (NetworkTopologyImpl.java:add(111)) - Added a new node: /rack1/d068838d-6499-4b84-94b8-55225fdfdb1a
2019-11-15 01:00:20,801 [IPC Server handler 8 on 39263] INFO  node.SCMNodeManager (SCMNodeManager.java:register(267)) - Registered Data node : d068838d-6499-4b84-94b8-55225fdfdb1a{ip: 192.168.164.208, host: pr-hdds-2442-bxv5b-1523879440, networkLocation: /rack1, certSerialId: null}
2019-11-15 01:00:20,807 [grpc-default-executor-7] INFO  impl.RaftServerProxy (RaftServerProxy.java:addNew(89)) - c7f93789-5ee9-40a1-8afd-58386fa54dde: addNew group-6B10B0D4E190:[c7f93789-5ee9-40a1-8afd-58386fa54dde:192.168.164.208:38346] returns group-6B10B0D4E190:java.util.concurrent.CompletableFuture@6b3af3ee[Not completed]
2019-11-15 01:00:20,808 [pool-539-thread-1] INFO  impl.RaftServerImpl (RaftServerImpl.java:<init>(98)) - c7f93789-5ee9-40a1-8afd-58386fa54dde: new RaftServerImpl for group-6B10B0D4E190:[c7f93789-5ee9-40a1-8afd-58386fa54dde:192.168.164.208:38346] with ContainerStateMachine:uninitialized
2019-11-15 01:00:20,808 [pool-539-thread-1] INFO  server.RaftServerConfigKeys (ConfUtils.java:logGet(43)) - raft.server.rpc.timeout.min = 1s (custom)
2019-11-15 01:00:20,808 [pool-539-thread-1] INFO  server.RaftServerConfigKeys (ConfUtils.java:logGet(43)) - raft.server.rpc.timeout.max = 1200ms (custom)
2019-11-15 01:00:20,808 [pool-539-thread-1] INFO  server.RaftServerConfigKeys (ConfUtils.java:logGet(43)) - raft.server.rpcslowness.timeout = 120s (custom)
2019-11-15 01:00:20,809 [pool-539-thread-1] INFO  server.RaftServerConfigKeys (ConfUtils.java:logGet(43)) - raft.server.sleep.deviation.threshold = 300 (default)
2019-11-15 01:00:20,809 [pool-539-thread-1] INFO  server.RaftServerConfigKeys (ConfUtils.java:logGet(43)) - raft.server.log.appender.install.snapshot.enabled = false (custom)
2019-11-15 01:00:20,809 [pool-539-thread-1] INFO  impl.RaftServerImpl (ServerState.java:<init>(103)) - c7f93789-5ee9-40a1-8afd-58386fa54dde@group-6B10B0D4E190: ConfigurationManager, init=-1: [c7f93789-5ee9-40a1-8afd-58386fa54dde:192.168.164.208:38346], old=null, confs=<EMPTY_MAP>
2019-11-15 01:00:20,809 [pool-539-thread-1] INFO  server.RaftServerConfigKeys (ConfUtils.java:logGet(43)) - raft.server.storage.dir = [/workdir/hadoop-ozone/integration-test/target/test-dir/MiniOzoneClusterImpl-9b1c7e50-938b-4652-9315-e435b3731240/datanode-3/data/ratis] (custom)
2019-11-15 01:00:20,809 [pool-539-thread-1] INFO  server.RaftServerConfigKeys (ConfUtils.java:logGet(43)) - raft.server.log.corruption.policy = EXCEPTION (default)
2019-11-15 01:00:20,809 [pool-539-thread-1] INFO  storage.RaftStorageDirectory (RaftStorageDirectory.java:analyzeStorage(246)) - The storage directory /workdir/hadoop-ozone/integration-test/target/test-dir/MiniOzoneClusterImpl-9b1c7e50-938b-4652-9315-e435b3731240/datanode-3/data/ratis/b03a05c1-6516-44fc-b455-6b10b0d4e190 does not exist. Creating ...
2019-11-15 01:00:20,821 [pool-539-thread-1] INFO  storage.RaftStorageDirectory (RaftStorageDirectory.java:tryLock(328)) - Lock on /workdir/hadoop-ozone/integration-test/target/test-dir/MiniOzoneClusterImpl-9b1c7e50-938b-4652-9315-e435b3731240/datanode-3/data/ratis/b03a05c1-6516-44fc-b455-6b10b0d4e190/in_use.lock acquired by nodename 16745@pr-hdds-2442-bxv5b-1523879440
2019-11-15 01:00:20,832 [pool-539-thread-1] INFO  storage.RaftStorage (RaftStorage.java:format(84)) - Storage directory /workdir/hadoop-ozone/integration-test/target/test-dir/MiniOzoneClusterImpl-9b1c7e50-938b-4652-9315-e435b3731240/datanode-3/data/ratis/b03a05c1-6516-44fc-b455-6b10b0d4e190 has been successfully formatted.
2019-11-15 01:00:20,833 [pool-539-thread-1] INFO  ratis.ContainerStateMachine (ContainerStateMachine.java:loadSnapshot(223)) - group-6B10B0D4E190: The snapshot info is null. Setting the last applied indexto:(t:0, i:~)
2019-11-15 01:00:20,833 [pool-539-thread-1] INFO  server.RaftServerConfigKeys (ConfUtils.java:logGet(43)) - raft.server.notification.no-leader.timeout = 120s (custom)
2019-11-15 01:00:20,833 [pool-539-thread-1] INFO  server.RaftServerConfigKeys (ConfUtils.java:logGet(43)) - raft.server.log.use.memory = false (default)
2019-11-15 01:00:20,833 [pool-539-thread-1] INFO  server.RaftServerConfigKeys (ConfUtils.java:logGet(43)) - raft.server.log.purge.gap = 1000000 (custom)
2019-11-15 01:00:20,833 [pool-539-thread-1] INFO  server.RaftServerConfigKeys (ConfUtils.java:logGet(43)) - raft.server.log.appender.buffer.byte-limit = 33554432 (custom)
2019-11-15 01:00:20,833 [pool-539-thread-1] INFO  server.RaftServerConfigKeys (ConfUtils.java:logGet(43)) - raft.server.log.segment.size.max = 1048576 (custom)
2019-11-15 01:00:20,833 [pool-539-thread-1] WARN  impl.MetricRegistriesImpl (MetricRegistriesImpl.java:lambda$create$1(61)) - First MetricRegistry has been created without registering reporters. You may need to call MetricRegistries.global().addReportRegistration(...) before.
2019-11-15 01:00:20,833 [pool-539-thread-1] INFO  server.RaftServerConfigKeys (ConfUtils.java:logGet(43)) - raft.server.log.segment.cache.num.max = 2 (custom)
2019-11-15 01:00:20,833 [pool-539-thread-1] INFO  segmented.SegmentedRaftLogWorker (SegmentedRaftLogWorker.java:<init>(173)) - new c7f93789-5ee9-40a1-8afd-58386fa54dde@group-6B10B0D4E190-SegmentedRaftLogWorker for RaftStorage:Storage Directory /workdir/hadoop-ozone/integration-test/target/test-dir/MiniOzoneClusterImpl-9b1c7e50-938b-4652-9315-e435b3731240/datanode-3/data/ratis/b03a05c1-6516-44fc-b455-6b10b0d4e190
2019-11-15 01:00:20,833 [pool-539-thread-1] INFO  server.RaftServerConfigKeys (ConfUtils.java:logGet(43)) - raft.server.log.queue.byte-limit = 2147483647 (custom)
2019-11-15 01:00:20,833 [pool-539-thread-1] INFO  server.RaftServerConfigKeys (ConfUtils.java:logGet(43)) - raft.server.log.queue.element-limit = 1024 (custom)
2019-11-15 01:00:20,833 [pool-539-thread-1] INFO  server.RaftServerConfigKeys (ConfUtils.java:logGet(43)) - raft.server.log.segment.size.max = 1048576 (custom)
2019-11-15 01:00:20,834 [pool-539-thread-1] INFO  server.RaftServerConfigKeys (ConfUtils.java:logGet(43)) - raft.server.log.preallocated.size = 16384 (custom)
2019-11-15 01:00:20,834 [pool-539-thread-1] INFO  server.RaftServerConfigKeys (ConfUtils.java:logGet(43)) - raft.server.log.write.buffer.size = 33554432 (custom)
2019-11-15 01:00:20,834 [pool-539-thread-1] INFO  server.RaftServerConfigKeys (ConfUtils.java:logGet(43)) - raft.server.log.force.sync.num = 128 (default)
2019-11-15 01:00:20,834 [pool-539-thread-1] INFO  server.RaftServerConfigKeys (ConfUtils.java:logGet(43)) - raft.server.log.statemachine.data.sync = true (default)
2019-11-15 01:00:20,834 [pool-539-thread-1] INFO  server.RaftServerConfigKeys (ConfUtils.java:logGet(43)) - raft.server.log.statemachine.data.sync.timeout = 10s (default)
2019-11-15 01:00:20,834 [pool-539-thread-1] INFO  server.RaftServerConfigKeys (ConfUtils.java:logGet(43)) - raft.server.log.statemachine.data.sync.timeout.retry = -1 (default)
2019-11-15 01:00:20,834 [pool-539-thread-1] INFO  server.RaftServerConfigKeys (ConfUtils.java:logGet(43)) - raft.server.log.statemachine.data.caching.enabled = true (custom)
2019-11-15 01:00:20,834 [pool-539-thread-1] INFO  segmented.SegmentedRaftLogWorker (SegmentedRaftLogWorker.java:lambda$new$0(128)) - c7f93789-5ee9-40a1-8afd-58386fa54dde@group-6B10B0D4E190-SegmentedRaftLogWorker: flushIndex: setUnconditionally 0 -> -1
2019-11-15 01:00:20,834 [pool-539-thread-1] INFO  server.RaftServerConfigKeys (ConfUtils.java:logGet(43)) - raft.server.snapshot.auto.trigger.enabled = true (custom)
2019-11-15 01:00:20,834 [pool-539-thread-1] INFO  server.RaftServerConfigKeys (ConfUtils.java:logGet(43)) - raft.server.snapshot.auto.trigger.threshold = 10000 (custom)
2019-11-15 01:00:20,834 [pool-539-thread-1] INFO  server.RaftServerConfigKeys (ConfUtils.java:logGet(43)) - raft.server.snapshot.retention.file.num = 5 (custom)
2019-11-15 01:00:20,835 [pool-539-thread-1] INFO  server.RaftServerConfigKeys (ConfUtils.java:logGet(43)) - raft.server.retrycache.expirytime = 600000ms (custom)
2019-11-15 01:00:20,835 [pool-539-thread-1] WARN  impl.MetricRegistriesImpl (MetricRegistriesImpl.java:lambda$create$1(61)) - First MetricRegistry has been created without registering reporters. You may need to call MetricRegistries.global().addReportRegistration(...) before.
2019-11-15 01:00:20,835 [pool-539-thread-1] WARN  impl.MetricRegistriesImpl (MetricRegistriesImpl.java:lambda$create$1(61)) - First MetricRegistry has been created without registering reporters. You may need to call MetricRegistries.global().addReportRegistration(...) before.
2019-11-15 01:00:20,835 [pool-539-thread-1] INFO  impl.RaftServerImpl (RaftServerImpl.java:start(184)) - c7f93789-5ee9-40a1-8afd-58386fa54dde@group-6B10B0D4E190: start as a follower, conf=-1: [c7f93789-5ee9-40a1-8afd-58386fa54dde:192.168.164.208:38346], old=null
2019-11-15 01:00:20,835 [pool-539-thread-1] INFO  impl.RaftServerImpl (RaftServerImpl.java:setRole(173)) - c7f93789-5ee9-40a1-8afd-58386fa54dde@group-6B10B0D4E190: changes role from      null to FOLLOWER at term 0 for startAsFollower
2019-11-15 01:00:20,835 [pool-539-thread-1] INFO  impl.RoleInfo (RoleInfo.java:updateAndGet(143)) - c7f93789-5ee9-40a1-8afd-58386fa54dde: start FollowerState
2019-11-15 01:00:20,835 [pool-539-thread-1] INFO  util.JmxRegister (JmxRegister.java:tryRegister(44)) - Successfully registered JMX Bean with object name Ratis:service=RaftServer,group=group-6B10B0D4E190,id=c7f93789-5ee9-40a1-8afd-58386fa54dde
2019-11-15 01:00:20,835 [pool-539-thread-1] WARN  impl.MetricRegistriesImpl (MetricRegistriesImpl.java:lambda$create$1(61)) - First MetricRegistry has been created without registering reporters. You may need to call MetricRegistries.global().addReportRegistration(...) before.
2019-11-15 01:00:20,838 [RatisPipelineUtilsThread] INFO  pipeline.PipelineStateManager (PipelineStateManager.java:addPipeline(55)) - Created pipeline Pipeline[ Id: b03a05c1-6516-44fc-b455-6b10b0d4e190, Nodes: c7f93789-5ee9-40a1-8afd-58386fa54dde{ip: 192.168.164.208, host: pr-hdds-2442-bxv5b-1523879440, networkLocation: /rack1, certSerialId: null}, Type:RATIS, Factor:ONE, State:ALLOCATED]
2019-11-15 01:00:20,844 [grpc-default-executor-7] INFO  impl.RaftServerProxy (RaftServerProxy.java:addNew(89)) - d068838d-6499-4b84-94b8-55225fdfdb1a: addNew group-D66E78A59C84:[d068838d-6499-4b84-94b8-55225fdfdb1a:192.168.164.208:41973] returns group-D66E78A59C84:java.util.concurrent.CompletableFuture@3560352b[Not completed]
2019-11-15 01:00:20,845 [pool-549-thread-1] INFO  impl.RaftServerImpl (RaftServerImpl.java:<init>(98)) - d068838d-6499-4b84-94b8-55225fdfdb1a: new RaftServerImpl for group-D66E78A59C84:[d068838d-6499-4b84-94b8-55225fdfdb1a:192.168.164.208:41973] with ContainerStateMachine:uninitialized
2019-11-15 01:00:20,845 [pool-549-thread-1] INFO  server.RaftServerConfigKeys (ConfUtils.java:logGet(43)) - raft.server.rpc.timeout.min = 1s (custom)
2019-11-15 01:00:20,846 [pool-549-thread-1] INFO  server.RaftServerConfigKeys (ConfUtils.java:logGet(43)) - raft.server.rpc.timeout.max = 1200ms (custom)
2019-11-15 01:00:20,846 [pool-549-thread-1] INFO  server.RaftServerConfigKeys (ConfUtils.java:logGet(43)) - raft.server.rpcslowness.timeout = 120s (custom)
2019-11-15 01:00:20,846 [pool-549-thread-1] INFO  server.RaftServerConfigKeys (ConfUtils.java:logGet(43)) - raft.server.sleep.deviation.threshold = 300 (default)
2019-11-15 01:00:20,846 [pool-549-thread-1] INFO  server.RaftServerConfigKeys (ConfUtils.java:logGet(43)) - raft.server.log.appender.install.snapshot.enabled = false (custom)
2019-11-15 01:00:20,846 [pool-549-thread-1] INFO  impl.RaftServerImpl (ServerState.java:<init>(103)) - d068838d-6499-4b84-94b8-55225fdfdb1a@group-D66E78A59C84: ConfigurationManager, init=-1: [d068838d-6499-4b84-94b8-55225fdfdb1a:192.168.164.208:41973], old=null, confs=<EMPTY_MAP>
2019-11-15 01:00:20,846 [pool-549-thread-1] INFO  server.RaftServerConfigKeys (ConfUtils.java:logGet(43)) - raft.server.storage.dir = [/workdir/hadoop-ozone/integration-test/target/test-dir/MiniOzoneClusterImpl-9b1c7e50-938b-4652-9315-e435b3731240/datanode-4/data/ratis] (custom)
2019-11-15 01:00:20,846 [pool-549-thread-1] INFO  server.RaftServerConfigKeys (ConfUtils.java:logGet(43)) - raft.server.log.corruption.policy = EXCEPTION (default)
2019-11-15 01:00:20,847 [pool-549-thread-1] INFO  storage.RaftStorageDirectory (RaftStorageDirectory.java:analyzeStorage(246)) - The storage directory /workdir/hadoop-ozone/integration-test/target/test-dir/MiniOzoneClusterImpl-9b1c7e50-938b-4652-9315-e435b3731240/datanode-4/data/ratis/fa287d53-ea10-4273-b453-d66e78a59c84 does not exist. Creating ...
2019-11-15 01:00:20,858 [pool-549-thread-1] INFO  storage.RaftStorageDirectory (RaftStorageDirectory.java:tryLock(328)) - Lock on /workdir/hadoop-ozone/integration-test/target/test-dir/MiniOzoneClusterImpl-9b1c7e50-938b-4652-9315-e435b3731240/datanode-4/data/ratis/fa287d53-ea10-4273-b453-d66e78a59c84/in_use.lock acquired by nodename 16745@pr-hdds-2442-bxv5b-1523879440
2019-11-15 01:00:20,876 [IPC Server handler 9 on 39263] INFO  net.NetworkTopology (NetworkTopologyImpl.java:add(111)) - Added a new node: /rack1/87580c89-6647-493a-b156-a806d562b3a1
2019-11-15 01:00:20,876 [IPC Server handler 9 on 39263] INFO  node.SCMNodeManager (SCMNodeManager.java:register(267)) - Registered Data node : 87580c89-6647-493a-b156-a806d562b3a1{ip: 192.168.164.208, host: pr-hdds-2442-bxv5b-1523879440, networkLocation: /rack1, certSerialId: null}
2019-11-15 01:00:20,877 [pool-549-thread-1] INFO  storage.RaftStorage (RaftStorage.java:format(84)) - Storage directory /workdir/hadoop-ozone/integration-test/target/test-dir/MiniOzoneClusterImpl-9b1c7e50-938b-4652-9315-e435b3731240/datanode-4/data/ratis/fa287d53-ea10-4273-b453-d66e78a59c84 has been successfully formatted.
2019-11-15 01:00:20,877 [pool-549-thread-1] INFO  ratis.ContainerStateMachine (ContainerStateMachine.java:loadSnapshot(223)) - group-D66E78A59C84: The snapshot info is null. Setting the last applied indexto:(t:0, i:~)
2019-11-15 01:00:20,878 [pool-549-thread-1] INFO  server.RaftServerConfigKeys (ConfUtils.java:logGet(43)) - raft.server.notification.no-leader.timeout = 120s (custom)
2019-11-15 01:00:20,878 [pool-549-thread-1] INFO  server.RaftServerConfigKeys (ConfUtils.java:logGet(43)) - raft.server.log.use.memory = false (default)
2019-11-15 01:00:20,878 [pool-549-thread-1] INFO  server.RaftServerConfigKeys (ConfUtils.java:logGet(43)) - raft.server.log.purge.gap = 1000000 (custom)
2019-11-15 01:00:20,878 [pool-549-thread-1] INFO  server.RaftServerConfigKeys (ConfUtils.java:logGet(43)) - raft.server.log.appender.buffer.byte-limit = 33554432 (custom)
2019-11-15 01:00:20,878 [pool-549-thread-1] INFO  server.RaftServerConfigKeys (ConfUtils.java:logGet(43)) - raft.server.log.segment.size.max = 1048576 (custom)
2019-11-15 01:00:20,878 [pool-549-thread-1] WARN  impl.MetricRegistriesImpl (MetricRegistriesImpl.java:lambda$create$1(61)) - First MetricRegistry has been created without registering reporters. You may need to call MetricRegistries.global().addReportRegistration(...) before.
2019-11-15 01:00:20,878 [pool-549-thread-1] INFO  server.RaftServerConfigKeys (ConfUtils.java:logGet(43)) - raft.server.log.segment.cache.num.max = 2 (custom)
2019-11-15 01:00:20,879 [pool-549-thread-1] INFO  segmented.SegmentedRaftLogWorker (SegmentedRaftLogWorker.java:<init>(173)) - new d068838d-6499-4b84-94b8-55225fdfdb1a@group-D66E78A59C84-SegmentedRaftLogWorker for RaftStorage:Storage Directory /workdir/hadoop-ozone/integration-test/target/test-dir/MiniOzoneClusterImpl-9b1c7e50-938b-4652-9315-e435b3731240/datanode-4/data/ratis/fa287d53-ea10-4273-b453-d66e78a59c84
2019-11-15 01:00:20,879 [pool-549-thread-1] INFO  server.RaftServerConfigKeys (ConfUtils.java:logGet(43)) - raft.server.log.queue.byte-limit = 2147483647 (custom)
2019-11-15 01:00:20,879 [pool-549-thread-1] INFO  server.RaftServerConfigKeys (ConfUtils.java:logGet(43)) - raft.server.log.queue.element-limit = 1024 (custom)
2019-11-15 01:00:20,879 [pool-549-thread-1] INFO  server.RaftServerConfigKeys (ConfUtils.java:logGet(43)) - raft.server.log.segment.size.max = 1048576 (custom)
2019-11-15 01:00:20,879 [pool-549-thread-1] INFO  server.RaftServerConfigKeys (ConfUtils.java:logGet(43)) - raft.server.log.preallocated.size = 16384 (custom)
2019-11-15 01:00:20,879 [pool-549-thread-1] INFO  server.RaftServerConfigKeys (ConfUtils.java:logGet(43)) - raft.server.log.write.buffer.size = 33554432 (custom)
2019-11-15 01:00:20,879 [pool-549-thread-1] INFO  server.RaftServerConfigKeys (ConfUtils.java:logGet(43)) - raft.server.log.force.sync.num = 128 (default)
2019-11-15 01:00:20,879 [pool-549-thread-1] INFO  server.RaftServerConfigKeys (ConfUtils.java:logGet(43)) - raft.server.log.statemachine.data.sync = true (default)
2019-11-15 01:00:20,880 [pool-549-thread-1] INFO  server.RaftServerConfigKeys (ConfUtils.java:logGet(43)) - raft.server.log.statemachine.data.sync.timeout = 10s (default)
2019-11-15 01:00:20,880 [pool-549-thread-1] INFO  server.RaftServerConfigKeys (ConfUtils.java:logGet(43)) - raft.server.log.statemachine.data.sync.timeout.retry = -1 (default)
2019-11-15 01:00:20,880 [pool-549-thread-1] INFO  server.RaftServerConfigKeys (ConfUtils.java:logGet(43)) - raft.server.log.statemachine.data.caching.enabled = true (custom)
2019-11-15 01:00:20,880 [pool-549-thread-1] INFO  segmented.SegmentedRaftLogWorker (SegmentedRaftLogWorker.java:lambda$new$0(128)) - d068838d-6499-4b84-94b8-55225fdfdb1a@group-D66E78A59C84-SegmentedRaftLogWorker: flushIndex: setUnconditionally 0 -> -1
2019-11-15 01:00:20,881 [pool-549-thread-1] INFO  server.RaftServerConfigKeys (ConfUtils.java:logGet(43)) - raft.server.snapshot.auto.trigger.enabled = true (custom)
2019-11-15 01:00:20,881 [pool-549-thread-1] INFO  server.RaftServerConfigKeys (ConfUtils.java:logGet(43)) - raft.server.snapshot.auto.trigger.threshold = 10000 (custom)
2019-11-15 01:00:20,881 [pool-549-thread-1] INFO  server.RaftServerConfigKeys (ConfUtils.java:logGet(43)) - raft.server.snapshot.retention.file.num = 5 (custom)
2019-11-15 01:00:20,881 [pool-549-thread-1] INFO  server.RaftServerConfigKeys (ConfUtils.java:logGet(43)) - raft.server.retrycache.expirytime = 600000ms (custom)
2019-11-15 01:00:20,881 [pool-549-thread-1] WARN  impl.MetricRegistriesImpl (MetricRegistriesImpl.java:lambda$create$1(61)) - First MetricRegistry has been created without registering reporters. You may need to call MetricRegistries.global().addReportRegistration(...) before.
2019-11-15 01:00:20,881 [pool-549-thread-1] WARN  impl.MetricRegistriesImpl (MetricRegistriesImpl.java:lambda$create$1(61)) - First MetricRegistry has been created without registering reporters. You may need to call MetricRegistries.global().addReportRegistration(...) before.
2019-11-15 01:00:20,882 [pool-549-thread-1] INFO  impl.RaftServerImpl (RaftServerImpl.java:start(184)) - d068838d-6499-4b84-94b8-55225fdfdb1a@group-D66E78A59C84: start as a follower, conf=-1: [d068838d-6499-4b84-94b8-55225fdfdb1a:192.168.164.208:41973], old=null
2019-11-15 01:00:20,882 [pool-549-thread-1] INFO  impl.RaftServerImpl (RaftServerImpl.java:setRole(173)) - d068838d-6499-4b84-94b8-55225fdfdb1a@group-D66E78A59C84: changes role from      null to FOLLOWER at term 0 for startAsFollower
2019-11-15 01:00:20,882 [pool-549-thread-1] INFO  impl.RoleInfo (RoleInfo.java:updateAndGet(143)) - d068838d-6499-4b84-94b8-55225fdfdb1a: start FollowerState
2019-11-15 01:00:20,882 [pool-549-thread-1] INFO  util.JmxRegister (JmxRegister.java:tryRegister(44)) - Successfully registered JMX Bean with object name Ratis:service=RaftServer,group=group-D66E78A59C84,id=d068838d-6499-4b84-94b8-55225fdfdb1a
2019-11-15 01:00:20,883 [pool-549-thread-1] WARN  impl.MetricRegistriesImpl (MetricRegistriesImpl.java:lambda$create$1(61)) - First MetricRegistry has been created without registering reporters. You may need to call MetricRegistries.global().addReportRegistration(...) before.
2019-11-15 01:00:20,885 [RatisPipelineUtilsThread] INFO  pipeline.PipelineStateManager (PipelineStateManager.java:addPipeline(55)) - Created pipeline Pipeline[ Id: fa287d53-ea10-4273-b453-d66e78a59c84, Nodes: d068838d-6499-4b84-94b8-55225fdfdb1a{ip: 192.168.164.208, host: pr-hdds-2442-bxv5b-1523879440, networkLocation: /rack1, certSerialId: null}, Type:RATIS, Factor:ONE, State:ALLOCATED]
2019-11-15 01:00:20,892 [grpc-default-executor-7] INFO  impl.RaftServerProxy (RaftServerProxy.java:addNew(89)) - 87580c89-6647-493a-b156-a806d562b3a1: addNew group-356FE2AE1DA6:[87580c89-6647-493a-b156-a806d562b3a1:192.168.164.208:37476] returns group-356FE2AE1DA6:java.util.concurrent.CompletableFuture@14b21df0[Not completed]
2019-11-15 01:00:20,893 [pool-559-thread-1] INFO  impl.RaftServerImpl (RaftServerImpl.java:<init>(98)) - 87580c89-6647-493a-b156-a806d562b3a1: new RaftServerImpl for group-356FE2AE1DA6:[87580c89-6647-493a-b156-a806d562b3a1:192.168.164.208:37476] with ContainerStateMachine:uninitialized
2019-11-15 01:00:20,893 [pool-559-thread-1] INFO  server.RaftServerConfigKeys (ConfUtils.java:logGet(43)) - raft.server.rpc.timeout.min = 1s (custom)
2019-11-15 01:00:20,893 [pool-559-thread-1] INFO  server.RaftServerConfigKeys (ConfUtils.java:logGet(43)) - raft.server.rpc.timeout.max = 1200ms (custom)
2019-11-15 01:00:20,894 [pool-559-thread-1] INFO  server.RaftServerConfigKeys (ConfUtils.java:logGet(43)) - raft.server.rpcslowness.timeout = 120s (custom)
2019-11-15 01:00:20,894 [pool-559-thread-1] INFO  server.RaftServerConfigKeys (ConfUtils.java:logGet(43)) - raft.server.sleep.deviation.threshold = 300 (default)
2019-11-15 01:00:20,894 [pool-559-thread-1] INFO  server.RaftServerConfigKeys (ConfUtils.java:logGet(43)) - raft.server.log.appender.install.snapshot.enabled = false (custom)
2019-11-15 01:00:20,894 [pool-559-thread-1] INFO  impl.RaftServerImpl (ServerState.java:<init>(103)) - 87580c89-6647-493a-b156-a806d562b3a1@group-356FE2AE1DA6: ConfigurationManager, init=-1: [87580c89-6647-493a-b156-a806d562b3a1:192.168.164.208:37476], old=null, confs=<EMPTY_MAP>
2019-11-15 01:00:20,894 [pool-559-thread-1] INFO  server.RaftServerConfigKeys (ConfUtils.java:logGet(43)) - raft.server.storage.dir = [/workdir/hadoop-ozone/integration-test/target/test-dir/MiniOzoneClusterImpl-9b1c7e50-938b-4652-9315-e435b3731240/datanode-5/data/ratis] (custom)
2019-11-15 01:00:20,894 [pool-559-thread-1] INFO  server.RaftServerConfigKeys (ConfUtils.java:logGet(43)) - raft.server.log.corruption.policy = EXCEPTION (default)
2019-11-15 01:00:20,895 [pool-559-thread-1] INFO  storage.RaftStorageDirectory (RaftStorageDirectory.java:analyzeStorage(246)) - The storage directory /workdir/hadoop-ozone/integration-test/target/test-dir/MiniOzoneClusterImpl-9b1c7e50-938b-4652-9315-e435b3731240/datanode-5/data/ratis/5b34b55e-f6d1-4398-835a-356fe2ae1da6 does not exist. Creating ...
2019-11-15 01:00:20,919 [pool-559-thread-1] INFO  storage.RaftStorageDirectory (RaftStorageDirectory.java:tryLock(328)) - Lock on /workdir/hadoop-ozone/integration-test/target/test-dir/MiniOzoneClusterImpl-9b1c7e50-938b-4652-9315-e435b3731240/datanode-5/data/ratis/5b34b55e-f6d1-4398-835a-356fe2ae1da6/in_use.lock acquired by nodename 16745@pr-hdds-2442-bxv5b-1523879440
2019-11-15 01:00:20,932 [pool-559-thread-1] INFO  storage.RaftStorage (RaftStorage.java:format(84)) - Storage directory /workdir/hadoop-ozone/integration-test/target/test-dir/MiniOzoneClusterImpl-9b1c7e50-938b-4652-9315-e435b3731240/datanode-5/data/ratis/5b34b55e-f6d1-4398-835a-356fe2ae1da6 has been successfully formatted.
2019-11-15 01:00:20,932 [pool-559-thread-1] INFO  ratis.ContainerStateMachine (ContainerStateMachine.java:loadSnapshot(223)) - group-356FE2AE1DA6: The snapshot info is null. Setting the last applied indexto:(t:0, i:~)
2019-11-15 01:00:20,933 [pool-559-thread-1] INFO  server.RaftServerConfigKeys (ConfUtils.java:logGet(43)) - raft.server.notification.no-leader.timeout = 120s (custom)
2019-11-15 01:00:20,933 [pool-559-thread-1] INFO  server.RaftServerConfigKeys (ConfUtils.java:logGet(43)) - raft.server.log.use.memory = false (default)
2019-11-15 01:00:20,933 [pool-559-thread-1] INFO  server.RaftServerConfigKeys (ConfUtils.java:logGet(43)) - raft.server.log.purge.gap = 1000000 (custom)
2019-11-15 01:00:20,933 [pool-559-thread-1] INFO  server.RaftServerConfigKeys (ConfUtils.java:logGet(43)) - raft.server.log.appender.buffer.byte-limit = 33554432 (custom)
2019-11-15 01:00:20,933 [pool-559-thread-1] INFO  server.RaftServerConfigKeys (ConfUtils.java:logGet(43)) - raft.server.log.segment.size.max = 1048576 (custom)
2019-11-15 01:00:20,933 [pool-559-thread-1] WARN  impl.MetricRegistriesImpl (MetricRegistriesImpl.java:lambda$create$1(61)) - First MetricRegistry has been created without registering reporters. You may need to call MetricRegistries.global().addReportRegistration(...) before.
2019-11-15 01:00:20,933 [pool-559-thread-1] INFO  server.RaftServerConfigKeys (ConfUtils.java:logGet(43)) - raft.server.log.segment.cache.num.max = 2 (custom)
2019-11-15 01:00:20,933 [pool-559-thread-1] INFO  segmented.SegmentedRaftLogWorker (SegmentedRaftLogWorker.java:<init>(173)) - new 87580c89-6647-493a-b156-a806d562b3a1@group-356FE2AE1DA6-SegmentedRaftLogWorker for RaftStorage:Storage Directory /workdir/hadoop-ozone/integration-test/target/test-dir/MiniOzoneClusterImpl-9b1c7e50-938b-4652-9315-e435b3731240/datanode-5/data/ratis/5b34b55e-f6d1-4398-835a-356fe2ae1da6
2019-11-15 01:00:20,933 [pool-559-thread-1] INFO  server.RaftServerConfigKeys (ConfUtils.java:logGet(43)) - raft.server.log.queue.byte-limit = 2147483647 (custom)
2019-11-15 01:00:20,934 [pool-559-thread-1] INFO  server.RaftServerConfigKeys (ConfUtils.java:logGet(43)) - raft.server.log.queue.element-limit = 1024 (custom)
2019-11-15 01:00:20,934 [pool-559-thread-1] INFO  server.RaftServerConfigKeys (ConfUtils.java:logGet(43)) - raft.server.log.segment.size.max = 1048576 (custom)
2019-11-15 01:00:20,934 [pool-559-thread-1] INFO  server.RaftServerConfigKeys (ConfUtils.java:logGet(43)) - raft.server.log.preallocated.size = 16384 (custom)
2019-11-15 01:00:20,934 [pool-559-thread-1] INFO  server.RaftServerConfigKeys (ConfUtils.java:logGet(43)) - raft.server.log.write.buffer.size = 33554432 (custom)
2019-11-15 01:00:20,934 [pool-559-thread-1] INFO  server.RaftServerConfigKeys (ConfUtils.java:logGet(43)) - raft.server.log.force.sync.num = 128 (default)
2019-11-15 01:00:20,934 [pool-559-thread-1] INFO  server.RaftServerConfigKeys (ConfUtils.java:logGet(43)) - raft.server.log.statemachine.data.sync = true (default)
2019-11-15 01:00:20,934 [pool-559-thread-1] INFO  server.RaftServerConfigKeys (ConfUtils.java:logGet(43)) - raft.server.log.statemachine.data.sync.timeout = 10s (default)
2019-11-15 01:00:20,934 [pool-559-thread-1] INFO  server.RaftServerConfigKeys (ConfUtils.java:logGet(43)) - raft.server.log.statemachine.data.sync.timeout.retry = -1 (default)
2019-11-15 01:00:20,934 [pool-559-thread-1] INFO  server.RaftServerConfigKeys (ConfUtils.java:logGet(43)) - raft.server.log.statemachine.data.caching.enabled = true (custom)
2019-11-15 01:00:20,935 [pool-559-thread-1] INFO  segmented.SegmentedRaftLogWorker (SegmentedRaftLogWorker.java:lambda$new$0(128)) - 87580c89-6647-493a-b156-a806d562b3a1@group-356FE2AE1DA6-SegmentedRaftLogWorker: flushIndex: setUnconditionally 0 -> -1
2019-11-15 01:00:20,935 [pool-559-thread-1] INFO  server.RaftServerConfigKeys (ConfUtils.java:logGet(43)) - raft.server.snapshot.auto.trigger.enabled = true (custom)
2019-11-15 01:00:20,935 [pool-559-thread-1] INFO  server.RaftServerConfigKeys (ConfUtils.java:logGet(43)) - raft.server.snapshot.auto.trigger.threshold = 10000 (custom)
2019-11-15 01:00:20,935 [pool-559-thread-1] INFO  server.RaftServerConfigKeys (ConfUtils.java:logGet(43)) - raft.server.snapshot.retention.file.num = 5 (custom)
2019-11-15 01:00:20,935 [pool-559-thread-1] INFO  server.RaftServerConfigKeys (ConfUtils.java:logGet(43)) - raft.server.retrycache.expirytime = 600000ms (custom)
2019-11-15 01:00:20,936 [pool-559-thread-1] WARN  impl.MetricRegistriesImpl (MetricRegistriesImpl.java:lambda$create$1(61)) - First MetricRegistry has been created without registering reporters. You may need to call MetricRegistries.global().addReportRegistration(...) before.
2019-11-15 01:00:20,936 [pool-559-thread-1] WARN  impl.MetricRegistriesImpl (MetricRegistriesImpl.java:lambda$create$1(61)) - First MetricRegistry has been created without registering reporters. You may need to call MetricRegistries.global().addReportRegistration(...) before.
2019-11-15 01:00:20,936 [pool-559-thread-1] INFO  impl.RaftServerImpl (RaftServerImpl.java:start(184)) - 87580c89-6647-493a-b156-a806d562b3a1@group-356FE2AE1DA6: start as a follower, conf=-1: [87580c89-6647-493a-b156-a806d562b3a1:192.168.164.208:37476], old=null
2019-11-15 01:00:20,936 [pool-559-thread-1] INFO  impl.RaftServerImpl (RaftServerImpl.java:setRole(173)) - 87580c89-6647-493a-b156-a806d562b3a1@group-356FE2AE1DA6: changes role from      null to FOLLOWER at term 0 for startAsFollower
2019-11-15 01:00:20,936 [pool-559-thread-1] INFO  impl.RoleInfo (RoleInfo.java:updateAndGet(143)) - 87580c89-6647-493a-b156-a806d562b3a1: start FollowerState
2019-11-15 01:00:20,937 [pool-559-thread-1] INFO  util.JmxRegister (JmxRegister.java:tryRegister(44)) - Successfully registered JMX Bean with object name Ratis:service=RaftServer,group=group-356FE2AE1DA6,id=87580c89-6647-493a-b156-a806d562b3a1
2019-11-15 01:00:20,937 [pool-559-thread-1] WARN  impl.MetricRegistriesImpl (MetricRegistriesImpl.java:lambda$create$1(61)) - First MetricRegistry has been created without registering reporters. You may need to call MetricRegistries.global().addReportRegistration(...) before.
2019-11-15 01:00:20,939 [RatisPipelineUtilsThread] INFO  pipeline.PipelineStateManager (PipelineStateManager.java:addPipeline(55)) - Created pipeline Pipeline[ Id: 5b34b55e-f6d1-4398-835a-356fe2ae1da6, Nodes: 87580c89-6647-493a-b156-a806d562b3a1{ip: 192.168.164.208, host: pr-hdds-2442-bxv5b-1523879440, networkLocation: /rack1, certSerialId: null}, Type:RATIS, Factor:ONE, State:ALLOCATED]
2019-11-15 01:00:20,949 [IPC Server handler 1 on 39263] INFO  net.NetworkTopology (NetworkTopologyImpl.java:add(111)) - Added a new node: /rack1/2b497d53-8cea-4a7e-98a0-4cfb87fd1475
2019-11-15 01:00:20,951 [IPC Server handler 1 on 39263] INFO  node.SCMNodeManager (SCMNodeManager.java:register(267)) - Registered Data node : 2b497d53-8cea-4a7e-98a0-4cfb87fd1475{ip: 192.168.164.208, host: pr-hdds-2442-bxv5b-1523879440, networkLocation: /rack1, certSerialId: null}
2019-11-15 01:00:20,954 [grpc-default-executor-3] INFO  impl.RaftServerProxy (RaftServerProxy.java:addNew(89)) - d068838d-6499-4b84-94b8-55225fdfdb1a: addNew group-CB25DF611C5E:[d068838d-6499-4b84-94b8-55225fdfdb1a:192.168.164.208:41973, 87580c89-6647-493a-b156-a806d562b3a1:192.168.164.208:37476, c7f93789-5ee9-40a1-8afd-58386fa54dde:192.168.164.208:38346] returns group-CB25DF611C5E:java.util.concurrent.CompletableFuture@23516995[Not completed]
2019-11-15 01:00:20,955 [grpc-default-executor-7] INFO  impl.RaftServerProxy (RaftServerProxy.java:addNew(89)) - 87580c89-6647-493a-b156-a806d562b3a1: addNew group-CB25DF611C5E:[d068838d-6499-4b84-94b8-55225fdfdb1a:192.168.164.208:41973, 87580c89-6647-493a-b156-a806d562b3a1:192.168.164.208:37476, c7f93789-5ee9-40a1-8afd-58386fa54dde:192.168.164.208:38346] returns group-CB25DF611C5E:java.util.concurrent.CompletableFuture@61582c86[Not completed]
2019-11-15 01:00:20,955 [grpc-default-executor-0] INFO  impl.RaftServerProxy (RaftServerProxy.java:addNew(89)) - c7f93789-5ee9-40a1-8afd-58386fa54dde: addNew group-CB25DF611C5E:[d068838d-6499-4b84-94b8-55225fdfdb1a:192.168.164.208:41973, 87580c89-6647-493a-b156-a806d562b3a1:192.168.164.208:37476, c7f93789-5ee9-40a1-8afd-58386fa54dde:192.168.164.208:38346] returns group-CB25DF611C5E:java.util.concurrent.CompletableFuture@76f004f9[Not completed]
2019-11-15 01:00:20,955 [pool-549-thread-1] INFO  impl.RaftServerImpl (RaftServerImpl.java:<init>(98)) - d068838d-6499-4b84-94b8-55225fdfdb1a: new RaftServerImpl for group-CB25DF611C5E:[d068838d-6499-4b84-94b8-55225fdfdb1a:192.168.164.208:41973, 87580c89-6647-493a-b156-a806d562b3a1:192.168.164.208:37476, c7f93789-5ee9-40a1-8afd-58386fa54dde:192.168.164.208:38346] with ContainerStateMachine:uninitialized
2019-11-15 01:00:20,956 [pool-549-thread-1] INFO  server.RaftServerConfigKeys (ConfUtils.java:logGet(43)) - raft.server.rpc.timeout.min = 1s (custom)
2019-11-15 01:00:20,956 [pool-549-thread-1] INFO  server.RaftServerConfigKeys (ConfUtils.java:logGet(43)) - raft.server.rpc.timeout.max = 1200ms (custom)
2019-11-15 01:00:20,956 [pool-549-thread-1] INFO  server.RaftServerConfigKeys (ConfUtils.java:logGet(43)) - raft.server.rpcslowness.timeout = 120s (custom)
2019-11-15 01:00:20,956 [pool-549-thread-1] INFO  server.RaftServerConfigKeys (ConfUtils.java:logGet(43)) - raft.server.sleep.deviation.threshold = 300 (default)
2019-11-15 01:00:20,956 [pool-549-thread-1] INFO  server.RaftServerConfigKeys (ConfUtils.java:logGet(43)) - raft.server.log.appender.install.snapshot.enabled = false (custom)
2019-11-15 01:00:20,956 [pool-549-thread-1] INFO  impl.RaftServerImpl (ServerState.java:<init>(103)) - d068838d-6499-4b84-94b8-55225fdfdb1a@group-CB25DF611C5E: ConfigurationManager, init=-1: [d068838d-6499-4b84-94b8-55225fdfdb1a:192.168.164.208:41973, 87580c89-6647-493a-b156-a806d562b3a1:192.168.164.208:37476, c7f93789-5ee9-40a1-8afd-58386fa54dde:192.168.164.208:38346], old=null, confs=<EMPTY_MAP>
2019-11-15 01:00:20,956 [pool-549-thread-1] INFO  server.RaftServerConfigKeys (ConfUtils.java:logGet(43)) - raft.server.storage.dir = [/workdir/hadoop-ozone/integration-test/target/test-dir/MiniOzoneClusterImpl-9b1c7e50-938b-4652-9315-e435b3731240/datanode-4/data/ratis] (custom)
2019-11-15 01:00:20,956 [pool-539-thread-1] INFO  impl.RaftServerImpl (RaftServerImpl.java:<init>(98)) - c7f93789-5ee9-40a1-8afd-58386fa54dde: new RaftServerImpl for group-CB25DF611C5E:[d068838d-6499-4b84-94b8-55225fdfdb1a:192.168.164.208:41973, 87580c89-6647-493a-b156-a806d562b3a1:192.168.164.208:37476, c7f93789-5ee9-40a1-8afd-58386fa54dde:192.168.164.208:38346] with ContainerStateMachine:uninitialized
2019-11-15 01:00:20,956 [pool-549-thread-1] INFO  server.RaftServerConfigKeys (ConfUtils.java:logGet(43)) - raft.server.log.corruption.policy = EXCEPTION (default)
2019-11-15 01:00:20,957 [pool-539-thread-1] INFO  server.RaftServerConfigKeys (ConfUtils.java:logGet(43)) - raft.server.rpc.timeout.min = 1s (custom)
2019-11-15 01:00:20,957 [pool-549-thread-1] INFO  storage.RaftStorageDirectory (RaftStorageDirectory.java:analyzeStorage(246)) - The storage directory /workdir/hadoop-ozone/integration-test/target/test-dir/MiniOzoneClusterImpl-9b1c7e50-938b-4652-9315-e435b3731240/datanode-4/data/ratis/719a7dd4-06e1-48df-a22a-cb25df611c5e does not exist. Creating ...
2019-11-15 01:00:20,957 [pool-539-thread-1] INFO  server.RaftServerConfigKeys (ConfUtils.java:logGet(43)) - raft.server.rpc.timeout.max = 1200ms (custom)
2019-11-15 01:00:20,957 [pool-539-thread-1] INFO  server.RaftServerConfigKeys (ConfUtils.java:logGet(43)) - raft.server.rpcslowness.timeout = 120s (custom)
2019-11-15 01:00:20,957 [pool-539-thread-1] INFO  server.RaftServerConfigKeys (ConfUtils.java:logGet(43)) - raft.server.sleep.deviation.threshold = 300 (default)
2019-11-15 01:00:20,957 [pool-539-thread-1] INFO  server.RaftServerConfigKeys (ConfUtils.java:logGet(43)) - raft.server.log.appender.install.snapshot.enabled = false (custom)
2019-11-15 01:00:20,957 [pool-559-thread-1] INFO  impl.RaftServerImpl (RaftServerImpl.java:<init>(98)) - 87580c89-6647-493a-b156-a806d562b3a1: new RaftServerImpl for group-CB25DF611C5E:[d068838d-6499-4b84-94b8-55225fdfdb1a:192.168.164.208:41973, 87580c89-6647-493a-b156-a806d562b3a1:192.168.164.208:37476, c7f93789-5ee9-40a1-8afd-58386fa54dde:192.168.164.208:38346] with ContainerStateMachine:uninitialized
2019-11-15 01:00:20,957 [pool-539-thread-1] INFO  impl.RaftServerImpl (ServerState.java:<init>(103)) - c7f93789-5ee9-40a1-8afd-58386fa54dde@group-CB25DF611C5E: ConfigurationManager, init=-1: [d068838d-6499-4b84-94b8-55225fdfdb1a:192.168.164.208:41973, 87580c89-6647-493a-b156-a806d562b3a1:192.168.164.208:37476, c7f93789-5ee9-40a1-8afd-58386fa54dde:192.168.164.208:38346], old=null, confs=<EMPTY_MAP>
2019-11-15 01:00:20,957 [pool-559-thread-1] INFO  server.RaftServerConfigKeys (ConfUtils.java:logGet(43)) - raft.server.rpc.timeout.min = 1s (custom)
2019-11-15 01:00:20,958 [pool-539-thread-1] INFO  server.RaftServerConfigKeys (ConfUtils.java:logGet(43)) - raft.server.storage.dir = [/workdir/hadoop-ozone/integration-test/target/test-dir/MiniOzoneClusterImpl-9b1c7e50-938b-4652-9315-e435b3731240/datanode-3/data/ratis] (custom)
2019-11-15 01:00:20,958 [pool-559-thread-1] INFO  server.RaftServerConfigKeys (ConfUtils.java:logGet(43)) - raft.server.rpc.timeout.max = 1200ms (custom)
2019-11-15 01:00:20,958 [pool-559-thread-1] INFO  server.RaftServerConfigKeys (ConfUtils.java:logGet(43)) - raft.server.rpcslowness.timeout = 120s (custom)
2019-11-15 01:00:20,958 [pool-539-thread-1] INFO  server.RaftServerConfigKeys (ConfUtils.java:logGet(43)) - raft.server.log.corruption.policy = EXCEPTION (default)
2019-11-15 01:00:20,958 [pool-559-thread-1] INFO  server.RaftServerConfigKeys (ConfUtils.java:logGet(43)) - raft.server.sleep.deviation.threshold = 300 (default)
2019-11-15 01:00:20,958 [pool-559-thread-1] INFO  server.RaftServerConfigKeys (ConfUtils.java:logGet(43)) - raft.server.log.appender.install.snapshot.enabled = false (custom)
2019-11-15 01:00:20,958 [pool-539-thread-1] INFO  storage.RaftStorageDirectory (RaftStorageDirectory.java:analyzeStorage(246)) - The storage directory /workdir/hadoop-ozone/integration-test/target/test-dir/MiniOzoneClusterImpl-9b1c7e50-938b-4652-9315-e435b3731240/datanode-3/data/ratis/719a7dd4-06e1-48df-a22a-cb25df611c5e does not exist. Creating ...
2019-11-15 01:00:20,958 [pool-559-thread-1] INFO  impl.RaftServerImpl (ServerState.java:<init>(103)) - 87580c89-6647-493a-b156-a806d562b3a1@group-CB25DF611C5E: ConfigurationManager, init=-1: [d068838d-6499-4b84-94b8-55225fdfdb1a:192.168.164.208:41973, 87580c89-6647-493a-b156-a806d562b3a1:192.168.164.208:37476, c7f93789-5ee9-40a1-8afd-58386fa54dde:192.168.164.208:38346], old=null, confs=<EMPTY_MAP>
2019-11-15 01:00:20,959 [pool-559-thread-1] INFO  server.RaftServerConfigKeys (ConfUtils.java:logGet(43)) - raft.server.storage.dir = [/workdir/hadoop-ozone/integration-test/target/test-dir/MiniOzoneClusterImpl-9b1c7e50-938b-4652-9315-e435b3731240/datanode-5/data/ratis] (custom)
2019-11-15 01:00:20,959 [pool-559-thread-1] INFO  server.RaftServerConfigKeys (ConfUtils.java:logGet(43)) - raft.server.log.corruption.policy = EXCEPTION (default)
2019-11-15 01:00:20,959 [pool-559-thread-1] INFO  storage.RaftStorageDirectory (RaftStorageDirectory.java:analyzeStorage(246)) - The storage directory /workdir/hadoop-ozone/integration-test/target/test-dir/MiniOzoneClusterImpl-9b1c7e50-938b-4652-9315-e435b3731240/datanode-5/data/ratis/719a7dd4-06e1-48df-a22a-cb25df611c5e does not exist. Creating ...
2019-11-15 01:00:20,982 [pool-559-thread-1] INFO  storage.RaftStorageDirectory (RaftStorageDirectory.java:tryLock(328)) - Lock on /workdir/hadoop-ozone/integration-test/target/test-dir/MiniOzoneClusterImpl-9b1c7e50-938b-4652-9315-e435b3731240/datanode-5/data/ratis/719a7dd4-06e1-48df-a22a-cb25df611c5e/in_use.lock acquired by nodename 16745@pr-hdds-2442-bxv5b-1523879440
2019-11-15 01:00:20,982 [pool-549-thread-1] INFO  storage.RaftStorageDirectory (RaftStorageDirectory.java:tryLock(328)) - Lock on /workdir/hadoop-ozone/integration-test/target/test-dir/MiniOzoneClusterImpl-9b1c7e50-938b-4652-9315-e435b3731240/datanode-4/data/ratis/719a7dd4-06e1-48df-a22a-cb25df611c5e/in_use.lock acquired by nodename 16745@pr-hdds-2442-bxv5b-1523879440
2019-11-15 01:00:20,982 [pool-539-thread-1] INFO  storage.RaftStorageDirectory (RaftStorageDirectory.java:tryLock(328)) - Lock on /workdir/hadoop-ozone/integration-test/target/test-dir/MiniOzoneClusterImpl-9b1c7e50-938b-4652-9315-e435b3731240/datanode-3/data/ratis/719a7dd4-06e1-48df-a22a-cb25df611c5e/in_use.lock acquired by nodename 16745@pr-hdds-2442-bxv5b-1523879440
2019-11-15 01:00:21,008 [pool-539-thread-1] INFO  storage.RaftStorage (RaftStorage.java:format(84)) - Storage directory /workdir/hadoop-ozone/integration-test/target/test-dir/MiniOzoneClusterImpl-9b1c7e50-938b-4652-9315-e435b3731240/datanode-3/data/ratis/719a7dd4-06e1-48df-a22a-cb25df611c5e has been successfully formatted.
2019-11-15 01:00:21,008 [pool-559-thread-1] INFO  storage.RaftStorage (RaftStorage.java:format(84)) - Storage directory /workdir/hadoop-ozone/integration-test/target/test-dir/MiniOzoneClusterImpl-9b1c7e50-938b-4652-9315-e435b3731240/datanode-5/data/ratis/719a7dd4-06e1-48df-a22a-cb25df611c5e has been successfully formatted.
2019-11-15 01:00:21,008 [pool-549-thread-1] INFO  storage.RaftStorage (RaftStorage.java:format(84)) - Storage directory /workdir/hadoop-ozone/integration-test/target/test-dir/MiniOzoneClusterImpl-9b1c7e50-938b-4652-9315-e435b3731240/datanode-4/data/ratis/719a7dd4-06e1-48df-a22a-cb25df611c5e has been successfully formatted.
2019-11-15 01:00:21,008 [pool-559-thread-1] INFO  ratis.ContainerStateMachine (ContainerStateMachine.java:loadSnapshot(223)) - group-CB25DF611C5E: The snapshot info is null. Setting the last applied indexto:(t:0, i:~)
2019-11-15 01:00:21,009 [pool-549-thread-1] INFO  ratis.ContainerStateMachine (ContainerStateMachine.java:loadSnapshot(223)) - group-CB25DF611C5E: The snapshot info is null. Setting the last applied indexto:(t:0, i:~)
2019-11-15 01:00:21,009 [pool-549-thread-1] INFO  server.RaftServerConfigKeys (ConfUtils.java:logGet(43)) - raft.server.notification.no-leader.timeout = 120s (custom)
2019-11-15 01:00:21,008 [pool-539-thread-1] INFO  ratis.ContainerStateMachine (ContainerStateMachine.java:loadSnapshot(223)) - group-CB25DF611C5E: The snapshot info is null. Setting the last applied indexto:(t:0, i:~)
2019-11-15 01:00:21,009 [pool-549-thread-1] INFO  server.RaftServerConfigKeys (ConfUtils.java:logGet(43)) - raft.server.log.use.memory = false (default)
2019-11-15 01:00:21,009 [pool-559-thread-1] INFO  server.RaftServerConfigKeys (ConfUtils.java:logGet(43)) - raft.server.notification.no-leader.timeout = 120s (custom)
2019-11-15 01:00:21,009 [pool-549-thread-1] INFO  server.RaftServerConfigKeys (ConfUtils.java:logGet(43)) - raft.server.log.purge.gap = 1000000 (custom)
2019-11-15 01:00:21,009 [pool-539-thread-1] INFO  server.RaftServerConfigKeys (ConfUtils.java:logGet(43)) - raft.server.notification.no-leader.timeout = 120s (custom)
2019-11-15 01:00:21,009 [pool-549-thread-1] INFO  server.RaftServerConfigKeys (ConfUtils.java:logGet(43)) - raft.server.log.appender.buffer.byte-limit = 33554432 (custom)
2019-11-15 01:00:21,009 [pool-559-thread-1] INFO  server.RaftServerConfigKeys (ConfUtils.java:logGet(43)) - raft.server.log.use.memory = false (default)
2019-11-15 01:00:21,010 [pool-549-thread-1] INFO  server.RaftServerConfigKeys (ConfUtils.java:logGet(43)) - raft.server.log.segment.size.max = 1048576 (custom)
2019-11-15 01:00:21,009 [pool-539-thread-1] INFO  server.RaftServerConfigKeys (ConfUtils.java:logGet(43)) - raft.server.log.use.memory = false (default)
2019-11-15 01:00:21,010 [pool-549-thread-1] INFO  server.RaftServerConfigKeys (ConfUtils.java:logGet(43)) - raft.server.log.segment.cache.num.max = 2 (custom)
2019-11-15 01:00:21,010 [pool-559-thread-1] INFO  server.RaftServerConfigKeys (ConfUtils.java:logGet(43)) - raft.server.log.purge.gap = 1000000 (custom)
2019-11-15 01:00:21,010 [pool-549-thread-1] INFO  segmented.SegmentedRaftLogWorker (SegmentedRaftLogWorker.java:<init>(173)) - new d068838d-6499-4b84-94b8-55225fdfdb1a@group-CB25DF611C5E-SegmentedRaftLogWorker for RaftStorage:Storage Directory /workdir/hadoop-ozone/integration-test/target/test-dir/MiniOzoneClusterImpl-9b1c7e50-938b-4652-9315-e435b3731240/datanode-4/data/ratis/719a7dd4-06e1-48df-a22a-cb25df611c5e
2019-11-15 01:00:21,010 [pool-539-thread-1] INFO  server.RaftServerConfigKeys (ConfUtils.java:logGet(43)) - raft.server.log.purge.gap = 1000000 (custom)
2019-11-15 01:00:21,010 [pool-549-thread-1] INFO  server.RaftServerConfigKeys (ConfUtils.java:logGet(43)) - raft.server.log.queue.byte-limit = 2147483647 (custom)
2019-11-15 01:00:21,010 [pool-559-thread-1] INFO  server.RaftServerConfigKeys (ConfUtils.java:logGet(43)) - raft.server.log.appender.buffer.byte-limit = 33554432 (custom)
2019-11-15 01:00:21,011 [pool-549-thread-1] INFO  server.RaftServerConfigKeys (ConfUtils.java:logGet(43)) - raft.server.log.queue.element-limit = 1024 (custom)
2019-11-15 01:00:21,010 [pool-539-thread-1] INFO  server.RaftServerConfigKeys (ConfUtils.java:logGet(43)) - raft.server.log.appender.buffer.byte-limit = 33554432 (custom)
2019-11-15 01:00:21,011 [pool-549-thread-1] INFO  server.RaftServerConfigKeys (ConfUtils.java:logGet(43)) - raft.server.log.segment.size.max = 1048576 (custom)
2019-11-15 01:00:21,011 [pool-559-thread-1] INFO  server.RaftServerConfigKeys (ConfUtils.java:logGet(43)) - raft.server.log.segment.size.max = 1048576 (custom)
2019-11-15 01:00:21,011 [pool-549-thread-1] INFO  server.RaftServerConfigKeys (ConfUtils.java:logGet(43)) - raft.server.log.preallocated.size = 16384 (custom)
2019-11-15 01:00:21,011 [pool-549-thread-1] INFO  server.RaftServerConfigKeys (ConfUtils.java:logGet(43)) - raft.server.log.write.buffer.size = 33554432 (custom)
2019-11-15 01:00:21,011 [pool-539-thread-1] INFO  server.RaftServerConfigKeys (ConfUtils.java:logGet(43)) - raft.server.log.segment.size.max = 1048576 (custom)
2019-11-15 01:00:21,011 [pool-549-thread-1] INFO  server.RaftServerConfigKeys (ConfUtils.java:logGet(43)) - raft.server.log.force.sync.num = 128 (default)
2019-11-15 01:00:21,011 [pool-559-thread-1] INFO  server.RaftServerConfigKeys (ConfUtils.java:logGet(43)) - raft.server.log.segment.cache.num.max = 2 (custom)
2019-11-15 01:00:21,012 [pool-549-thread-1] INFO  server.RaftServerConfigKeys (ConfUtils.java:logGet(43)) - raft.server.log.statemachine.data.sync = true (default)
2019-11-15 01:00:21,012 [pool-549-thread-1] INFO  server.RaftServerConfigKeys (ConfUtils.java:logGet(43)) - raft.server.log.statemachine.data.sync.timeout = 10s (default)
2019-11-15 01:00:21,012 [pool-539-thread-1] INFO  server.RaftServerConfigKeys (ConfUtils.java:logGet(43)) - raft.server.log.segment.cache.num.max = 2 (custom)
2019-11-15 01:00:21,012 [pool-549-thread-1] INFO  server.RaftServerConfigKeys (ConfUtils.java:logGet(43)) - raft.server.log.statemachine.data.sync.timeout.retry = -1 (default)
2019-11-15 01:00:21,012 [pool-559-thread-1] INFO  segmented.SegmentedRaftLogWorker (SegmentedRaftLogWorker.java:<init>(173)) - new 87580c89-6647-493a-b156-a806d562b3a1@group-CB25DF611C5E-SegmentedRaftLogWorker for RaftStorage:Storage Directory /workdir/hadoop-ozone/integration-test/target/test-dir/MiniOzoneClusterImpl-9b1c7e50-938b-4652-9315-e435b3731240/datanode-5/data/ratis/719a7dd4-06e1-48df-a22a-cb25df611c5e
2019-11-15 01:00:21,012 [pool-549-thread-1] INFO  server.RaftServerConfigKeys (ConfUtils.java:logGet(43)) - raft.server.log.statemachine.data.caching.enabled = true (custom)
2019-11-15 01:00:21,012 [pool-539-thread-1] INFO  segmented.SegmentedRaftLogWorker (SegmentedRaftLogWorker.java:<init>(173)) - new c7f93789-5ee9-40a1-8afd-58386fa54dde@group-CB25DF611C5E-SegmentedRaftLogWorker for RaftStorage:Storage Directory /workdir/hadoop-ozone/integration-test/target/test-dir/MiniOzoneClusterImpl-9b1c7e50-938b-4652-9315-e435b3731240/datanode-3/data/ratis/719a7dd4-06e1-48df-a22a-cb25df611c5e
2019-11-15 01:00:21,012 [pool-559-thread-1] INFO  server.RaftServerConfigKeys (ConfUtils.java:logGet(43)) - raft.server.log.queue.byte-limit = 2147483647 (custom)
2019-11-15 01:00:21,013 [pool-539-thread-1] INFO  server.RaftServerConfigKeys (ConfUtils.java:logGet(43)) - raft.server.log.queue.byte-limit = 2147483647 (custom)
2019-11-15 01:00:21,013 [pool-549-thread-1] INFO  segmented.SegmentedRaftLogWorker (SegmentedRaftLogWorker.java:lambda$new$0(128)) - d068838d-6499-4b84-94b8-55225fdfdb1a@group-CB25DF611C5E-SegmentedRaftLogWorker: flushIndex: setUnconditionally 0 -> -1
2019-11-15 01:00:21,013 [pool-539-thread-1] INFO  server.RaftServerConfigKeys (ConfUtils.java:logGet(43)) - raft.server.log.queue.element-limit = 1024 (custom)
2019-11-15 01:00:21,013 [pool-559-thread-1] INFO  server.RaftServerConfigKeys (ConfUtils.java:logGet(43)) - raft.server.log.queue.element-limit = 1024 (custom)
2019-11-15 01:00:21,013 [pool-549-thread-1] INFO  server.RaftServerConfigKeys (ConfUtils.java:logGet(43)) - raft.server.snapshot.auto.trigger.enabled = true (custom)
2019-11-15 01:00:21,013 [pool-539-thread-1] INFO  server.RaftServerConfigKeys (ConfUtils.java:logGet(43)) - raft.server.log.segment.size.max = 1048576 (custom)
2019-11-15 01:00:21,013 [pool-549-thread-1] INFO  server.RaftServerConfigKeys (ConfUtils.java:logGet(43)) - raft.server.snapshot.auto.trigger.threshold = 10000 (custom)
2019-11-15 01:00:21,013 [pool-559-thread-1] INFO  server.RaftServerConfigKeys (ConfUtils.java:logGet(43)) - raft.server.log.segment.size.max = 1048576 (custom)
2019-11-15 01:00:21,014 [pool-549-thread-1] INFO  server.RaftServerConfigKeys (ConfUtils.java:logGet(43)) - raft.server.snapshot.retention.file.num = 5 (custom)
2019-11-15 01:00:21,013 [pool-539-thread-1] INFO  server.RaftServerConfigKeys (ConfUtils.java:logGet(43)) - raft.server.log.preallocated.size = 16384 (custom)
2019-11-15 01:00:21,014 [pool-549-thread-1] INFO  server.RaftServerConfigKeys (ConfUtils.java:logGet(43)) - raft.server.retrycache.expirytime = 600000ms (custom)
2019-11-15 01:00:21,014 [pool-559-thread-1] INFO  server.RaftServerConfigKeys (ConfUtils.java:logGet(43)) - raft.server.log.preallocated.size = 16384 (custom)
2019-11-15 01:00:21,014 [pool-549-thread-1] WARN  impl.MetricRegistriesImpl (MetricRegistriesImpl.java:lambda$create$1(61)) - First MetricRegistry has been created without registering reporters. You may need to call MetricRegistries.global().addReportRegistration(...) before.
2019-11-15 01:00:21,014 [pool-539-thread-1] INFO  server.RaftServerConfigKeys (ConfUtils.java:logGet(43)) - raft.server.log.write.buffer.size = 33554432 (custom)
2019-11-15 01:00:21,014 [pool-549-thread-1] WARN  impl.MetricRegistriesImpl (MetricRegistriesImpl.java:lambda$create$1(61)) - First MetricRegistry has been created without registering reporters. You may need to call MetricRegistries.global().addReportRegistration(...) before.
2019-11-15 01:00:21,014 [pool-559-thread-1] INFO  server.RaftServerConfigKeys (ConfUtils.java:logGet(43)) - raft.server.log.write.buffer.size = 33554432 (custom)
2019-11-15 01:00:21,015 [pool-549-thread-1] INFO  impl.RaftServerImpl (RaftServerImpl.java:start(184)) - d068838d-6499-4b84-94b8-55225fdfdb1a@group-CB25DF611C5E: start as a follower, conf=-1: [d068838d-6499-4b84-94b8-55225fdfdb1a:192.168.164.208:41973, 87580c89-6647-493a-b156-a806d562b3a1:192.168.164.208:37476, c7f93789-5ee9-40a1-8afd-58386fa54dde:192.168.164.208:38346], old=null
2019-11-15 01:00:21,015 [pool-549-thread-1] INFO  impl.RaftServerImpl (RaftServerImpl.java:setRole(173)) - d068838d-6499-4b84-94b8-55225fdfdb1a@group-CB25DF611C5E: changes role from      null to FOLLOWER at term 0 for startAsFollower
2019-11-15 01:00:21,014 [pool-539-thread-1] INFO  server.RaftServerConfigKeys (ConfUtils.java:logGet(43)) - raft.server.log.force.sync.num = 128 (default)
2019-11-15 01:00:21,015 [pool-549-thread-1] INFO  impl.RoleInfo (RoleInfo.java:updateAndGet(143)) - d068838d-6499-4b84-94b8-55225fdfdb1a: start FollowerState
2019-11-15 01:00:21,015 [pool-559-thread-1] INFO  server.RaftServerConfigKeys (ConfUtils.java:logGet(43)) - raft.server.log.force.sync.num = 128 (default)
2019-11-15 01:00:21,015 [pool-539-thread-1] INFO  server.RaftServerConfigKeys (ConfUtils.java:logGet(43)) - raft.server.log.statemachine.data.sync = true (default)
2019-11-15 01:00:21,015 [pool-559-thread-1] INFO  server.RaftServerConfigKeys (ConfUtils.java:logGet(43)) - raft.server.log.statemachine.data.sync = true (default)
2019-11-15 01:00:21,015 [pool-539-thread-1] INFO  server.RaftServerConfigKeys (ConfUtils.java:logGet(43)) - raft.server.log.statemachine.data.sync.timeout = 10s (default)
2019-11-15 01:00:21,015 [pool-549-thread-1] INFO  util.JmxRegister (JmxRegister.java:tryRegister(44)) - Successfully registered JMX Bean with object name Ratis:service=RaftServer,group=group-CB25DF611C5E,id=d068838d-6499-4b84-94b8-55225fdfdb1a
2019-11-15 01:00:21,016 [pool-539-thread-1] INFO  server.RaftServerConfigKeys (ConfUtils.java:logGet(43)) - raft.server.log.statemachine.data.sync.timeout.retry = -1 (default)
2019-11-15 01:00:21,016 [pool-559-thread-1] INFO  server.RaftServerConfigKeys (ConfUtils.java:logGet(43)) - raft.server.log.statemachine.data.sync.timeout = 10s (default)
2019-11-15 01:00:21,016 [pool-539-thread-1] INFO  server.RaftServerConfigKeys (ConfUtils.java:logGet(43)) - raft.server.log.statemachine.data.caching.enabled = true (custom)
2019-11-15 01:00:21,016 [pool-549-thread-1] WARN  impl.MetricRegistriesImpl (MetricRegistriesImpl.java:lambda$create$1(61)) - First MetricRegistry has been created without registering reporters. You may need to call MetricRegistries.global().addReportRegistration(...) before.
2019-11-15 01:00:21,016 [pool-559-thread-1] INFO  server.RaftServerConfigKeys (ConfUtils.java:logGet(43)) - raft.server.log.statemachine.data.sync.timeout.retry = -1 (default)
2019-11-15 01:00:21,016 [pool-539-thread-1] INFO  segmented.SegmentedRaftLogWorker (SegmentedRaftLogWorker.java:lambda$new$0(128)) - c7f93789-5ee9-40a1-8afd-58386fa54dde@group-CB25DF611C5E-SegmentedRaftLogWorker: flushIndex: setUnconditionally 0 -> -1
2019-11-15 01:00:21,017 [pool-559-thread-1] INFO  server.RaftServerConfigKeys (ConfUtils.java:logGet(43)) - raft.server.log.statemachine.data.caching.enabled = true (custom)
2019-11-15 01:00:21,017 [pool-539-thread-1] INFO  server.RaftServerConfigKeys (ConfUtils.java:logGet(43)) - raft.server.snapshot.auto.trigger.enabled = true (custom)
2019-11-15 01:00:21,017 [pool-559-thread-1] INFO  segmented.SegmentedRaftLogWorker (SegmentedRaftLogWorker.java:lambda$new$0(128)) - 87580c89-6647-493a-b156-a806d562b3a1@group-CB25DF611C5E-SegmentedRaftLogWorker: flushIndex: setUnconditionally 0 -> -1
2019-11-15 01:00:21,017 [pool-539-thread-1] INFO  server.RaftServerConfigKeys (ConfUtils.java:logGet(43)) - raft.server.snapshot.auto.trigger.threshold = 10000 (custom)
2019-11-15 01:00:21,017 [pool-539-thread-1] INFO  server.RaftServerConfigKeys (ConfUtils.java:logGet(43)) - raft.server.snapshot.retention.file.num = 5 (custom)
2019-11-15 01:00:21,017 [pool-559-thread-1] INFO  server.RaftServerConfigKeys (ConfUtils.java:logGet(43)) - raft.server.snapshot.auto.trigger.enabled = true (custom)
2019-11-15 01:00:21,017 [pool-539-thread-1] INFO  server.RaftServerConfigKeys (ConfUtils.java:logGet(43)) - raft.server.retrycache.expirytime = 600000ms (custom)
2019-11-15 01:00:21,018 [pool-559-thread-1] INFO  server.RaftServerConfigKeys (ConfUtils.java:logGet(43)) - raft.server.snapshot.auto.trigger.threshold = 10000 (custom)
2019-11-15 01:00:21,018 [pool-539-thread-1] WARN  impl.MetricRegistriesImpl (MetricRegistriesImpl.java:lambda$create$1(61)) - First MetricRegistry has been created without registering reporters. You may need to call MetricRegistries.global().addReportRegistration(...) before.
2019-11-15 01:00:21,018 [pool-559-thread-1] INFO  server.RaftServerConfigKeys (ConfUtils.java:logGet(43)) - raft.server.snapshot.retention.file.num = 5 (custom)
2019-11-15 01:00:21,018 [pool-539-thread-1] WARN  impl.MetricRegistriesImpl (MetricRegistriesImpl.java:lambda$create$1(61)) - First MetricRegistry has been created without registering reporters. You may need to call MetricRegistries.global().addReportRegistration(...) before.
2019-11-15 01:00:21,018 [pool-559-thread-1] INFO  server.RaftServerConfigKeys (ConfUtils.java:logGet(43)) - raft.server.retrycache.expirytime = 600000ms (custom)
2019-11-15 01:00:21,018 [pool-539-thread-1] INFO  impl.RaftServerImpl (RaftServerImpl.java:start(184)) - c7f93789-5ee9-40a1-8afd-58386fa54dde@group-CB25DF611C5E: start as a follower, conf=-1: [d068838d-6499-4b84-94b8-55225fdfdb1a:192.168.164.208:41973, 87580c89-6647-493a-b156-a806d562b3a1:192.168.164.208:37476, c7f93789-5ee9-40a1-8afd-58386fa54dde:192.168.164.208:38346], old=null
2019-11-15 01:00:21,018 [pool-559-thread-1] WARN  impl.MetricRegistriesImpl (MetricRegistriesImpl.java:lambda$create$1(61)) - First MetricRegistry has been created without registering reporters. You may need to call MetricRegistries.global().addReportRegistration(...) before.
2019-11-15 01:00:21,018 [pool-539-thread-1] INFO  impl.RaftServerImpl (RaftServerImpl.java:setRole(173)) - c7f93789-5ee9-40a1-8afd-58386fa54dde@group-CB25DF611C5E: changes role from      null to FOLLOWER at term 0 for startAsFollower
2019-11-15 01:00:21,019 [pool-559-thread-1] WARN  impl.MetricRegistriesImpl (MetricRegistriesImpl.java:lambda$create$1(61)) - First MetricRegistry has been created without registering reporters. You may need to call MetricRegistries.global().addReportRegistration(...) before.
2019-11-15 01:00:21,019 [pool-539-thread-1] INFO  impl.RoleInfo (RoleInfo.java:updateAndGet(143)) - c7f93789-5ee9-40a1-8afd-58386fa54dde: start FollowerState
2019-11-15 01:00:21,019 [pool-559-thread-1] INFO  impl.RaftServerImpl (RaftServerImpl.java:start(184)) - 87580c89-6647-493a-b156-a806d562b3a1@group-CB25DF611C5E: start as a follower, conf=-1: [d068838d-6499-4b84-94b8-55225fdfdb1a:192.168.164.208:41973, 87580c89-6647-493a-b156-a806d562b3a1:192.168.164.208:37476, c7f93789-5ee9-40a1-8afd-58386fa54dde:192.168.164.208:38346], old=null
2019-11-15 01:00:21,019 [pool-559-thread-1] INFO  impl.RaftServerImpl (RaftServerImpl.java:setRole(173)) - 87580c89-6647-493a-b156-a806d562b3a1@group-CB25DF611C5E: changes role from      null to FOLLOWER at term 0 for startAsFollower
2019-11-15 01:00:21,019 [pool-539-thread-1] INFO  util.JmxRegister (JmxRegister.java:tryRegister(44)) - Successfully registered JMX Bean with object name Ratis:service=RaftServer,group=group-CB25DF611C5E,id=c7f93789-5ee9-40a1-8afd-58386fa54dde
2019-11-15 01:00:21,019 [pool-559-thread-1] INFO  impl.RoleInfo (RoleInfo.java:updateAndGet(143)) - 87580c89-6647-493a-b156-a806d562b3a1: start FollowerState
2019-11-15 01:00:21,019 [pool-539-thread-1] WARN  impl.MetricRegistriesImpl (MetricRegistriesImpl.java:lambda$create$1(61)) - First MetricRegistry has been created without registering reporters. You may need to call MetricRegistries.global().addReportRegistration(...) before.
2019-11-15 01:00:21,020 [pool-559-thread-1] INFO  util.JmxRegister (JmxRegister.java:tryRegister(44)) - Successfully registered JMX Bean with object name Ratis:service=RaftServer,group=group-CB25DF611C5E,id=87580c89-6647-493a-b156-a806d562b3a1
2019-11-15 01:00:21,020 [pool-559-thread-1] WARN  impl.MetricRegistriesImpl (MetricRegistriesImpl.java:lambda$create$1(61)) - First MetricRegistry has been created without registering reporters. You may need to call MetricRegistries.global().addReportRegistration(...) before.
2019-11-15 01:00:21,023 [RatisPipelineUtilsThread] INFO  pipeline.PipelineStateManager (PipelineStateManager.java:addPipeline(55)) - Created pipeline Pipeline[ Id: 719a7dd4-06e1-48df-a22a-cb25df611c5e, Nodes: c7f93789-5ee9-40a1-8afd-58386fa54dde{ip: 192.168.164.208, host: pr-hdds-2442-bxv5b-1523879440, networkLocation: /rack1, certSerialId: null}d068838d-6499-4b84-94b8-55225fdfdb1a{ip: 192.168.164.208, host: pr-hdds-2442-bxv5b-1523879440, networkLocation: /rack1, certSerialId: null}87580c89-6647-493a-b156-a806d562b3a1{ip: 192.168.164.208, host: pr-hdds-2442-bxv5b-1523879440, networkLocation: /rack1, certSerialId: null}, Type:RATIS, Factor:THREE, State:ALLOCATED]
2019-11-15 01:00:21,034 [IPC Server handler 2 on 39263] INFO  net.NetworkTopology (NetworkTopologyImpl.java:add(111)) - Added a new node: /rack1/e728dc25-e4b1-43c6-a53d-eff097089a23
2019-11-15 01:00:21,034 [IPC Server handler 2 on 39263] INFO  node.SCMNodeManager (SCMNodeManager.java:register(267)) - Registered Data node : e728dc25-e4b1-43c6-a53d-eff097089a23{ip: 192.168.164.208, host: pr-hdds-2442-bxv5b-1523879440, networkLocation: /rack1, certSerialId: null}
2019-11-15 01:00:21,040 [grpc-default-executor-0] INFO  impl.RaftServerProxy (RaftServerProxy.java:addNew(89)) - e728dc25-e4b1-43c6-a53d-eff097089a23: addNew group-D90EF171477C:[e728dc25-e4b1-43c6-a53d-eff097089a23:192.168.164.208:40846] returns group-D90EF171477C:java.util.concurrent.CompletableFuture@35e08737[Not completed]
2019-11-15 01:00:21,041 [pool-579-thread-1] INFO  impl.RaftServerImpl (RaftServerImpl.java:<init>(98)) - e728dc25-e4b1-43c6-a53d-eff097089a23: new RaftServerImpl for group-D90EF171477C:[e728dc25-e4b1-43c6-a53d-eff097089a23:192.168.164.208:40846] with ContainerStateMachine:uninitialized
2019-11-15 01:00:21,041 [pool-579-thread-1] INFO  server.RaftServerConfigKeys (ConfUtils.java:logGet(43)) - raft.server.rpc.timeout.min = 1s (custom)
2019-11-15 01:00:21,041 [pool-579-thread-1] INFO  server.RaftServerConfigKeys (ConfUtils.java:logGet(43)) - raft.server.rpc.timeout.max = 1200ms (custom)
2019-11-15 01:00:21,041 [pool-579-thread-1] INFO  server.RaftServerConfigKeys (ConfUtils.java:logGet(43)) - raft.server.rpcslowness.timeout = 120s (custom)
2019-11-15 01:00:21,041 [pool-579-thread-1] INFO  server.RaftServerConfigKeys (ConfUtils.java:logGet(43)) - raft.server.sleep.deviation.threshold = 300 (default)
2019-11-15 01:00:21,041 [pool-579-thread-1] INFO  server.RaftServerConfigKeys (ConfUtils.java:logGet(43)) - raft.server.log.appender.install.snapshot.enabled = false (custom)
2019-11-15 01:00:21,042 [pool-579-thread-1] INFO  impl.RaftServerImpl (ServerState.java:<init>(103)) - e728dc25-e4b1-43c6-a53d-eff097089a23@group-D90EF171477C: ConfigurationManager, init=-1: [e728dc25-e4b1-43c6-a53d-eff097089a23:192.168.164.208:40846], old=null, confs=<EMPTY_MAP>
2019-11-15 01:00:21,042 [pool-579-thread-1] INFO  server.RaftServerConfigKeys (ConfUtils.java:logGet(43)) - raft.server.storage.dir = [/workdir/hadoop-ozone/integration-test/target/test-dir/MiniOzoneClusterImpl-9b1c7e50-938b-4652-9315-e435b3731240/datanode-7/data/ratis] (custom)
2019-11-15 01:00:21,042 [pool-579-thread-1] INFO  server.RaftServerConfigKeys (ConfUtils.java:logGet(43)) - raft.server.log.corruption.policy = EXCEPTION (default)
2019-11-15 01:00:21,042 [pool-579-thread-1] INFO  storage.RaftStorageDirectory (RaftStorageDirectory.java:analyzeStorage(246)) - The storage directory /workdir/hadoop-ozone/integration-test/target/test-dir/MiniOzoneClusterImpl-9b1c7e50-938b-4652-9315-e435b3731240/datanode-7/data/ratis/53db910e-4674-4ca9-9dc9-d90ef171477c does not exist. Creating ...
2019-11-15 01:00:21,066 [pool-579-thread-1] INFO  storage.RaftStorageDirectory (RaftStorageDirectory.java:tryLock(328)) - Lock on /workdir/hadoop-ozone/integration-test/target/test-dir/MiniOzoneClusterImpl-9b1c7e50-938b-4652-9315-e435b3731240/datanode-7/data/ratis/53db910e-4674-4ca9-9dc9-d90ef171477c/in_use.lock acquired by nodename 16745@pr-hdds-2442-bxv5b-1523879440
2019-11-15 01:00:21,077 [pool-579-thread-1] INFO  storage.RaftStorage (RaftStorage.java:format(84)) - Storage directory /workdir/hadoop-ozone/integration-test/target/test-dir/MiniOzoneClusterImpl-9b1c7e50-938b-4652-9315-e435b3731240/datanode-7/data/ratis/53db910e-4674-4ca9-9dc9-d90ef171477c has been successfully formatted.
2019-11-15 01:00:21,077 [pool-579-thread-1] INFO  ratis.ContainerStateMachine (ContainerStateMachine.java:loadSnapshot(223)) - group-D90EF171477C: The snapshot info is null. Setting the last applied indexto:(t:0, i:~)
2019-11-15 01:00:21,077 [pool-579-thread-1] INFO  server.RaftServerConfigKeys (ConfUtils.java:logGet(43)) - raft.server.notification.no-leader.timeout = 120s (custom)
2019-11-15 01:00:21,077 [pool-579-thread-1] INFO  server.RaftServerConfigKeys (ConfUtils.java:logGet(43)) - raft.server.log.use.memory = false (default)
2019-11-15 01:00:21,077 [pool-579-thread-1] INFO  server.RaftServerConfigKeys (ConfUtils.java:logGet(43)) - raft.server.log.purge.gap = 1000000 (custom)
2019-11-15 01:00:21,078 [pool-579-thread-1] INFO  server.RaftServerConfigKeys (ConfUtils.java:logGet(43)) - raft.server.log.appender.buffer.byte-limit = 33554432 (custom)
2019-11-15 01:00:21,078 [pool-579-thread-1] INFO  server.RaftServerConfigKeys (ConfUtils.java:logGet(43)) - raft.server.log.segment.size.max = 1048576 (custom)
2019-11-15 01:00:21,078 [pool-579-thread-1] WARN  impl.MetricRegistriesImpl (MetricRegistriesImpl.java:lambda$create$1(61)) - First MetricRegistry has been created without registering reporters. You may need to call MetricRegistries.global().addReportRegistration(...) before.
2019-11-15 01:00:21,078 [pool-579-thread-1] INFO  server.RaftServerConfigKeys (ConfUtils.java:logGet(43)) - raft.server.log.segment.cache.num.max = 2 (custom)
2019-11-15 01:00:21,078 [pool-579-thread-1] INFO  segmented.SegmentedRaftLogWorker (SegmentedRaftLogWorker.java:<init>(173)) - new e728dc25-e4b1-43c6-a53d-eff097089a23@group-D90EF171477C-SegmentedRaftLogWorker for RaftStorage:Storage Directory /workdir/hadoop-ozone/integration-test/target/test-dir/MiniOzoneClusterImpl-9b1c7e50-938b-4652-9315-e435b3731240/datanode-7/data/ratis/53db910e-4674-4ca9-9dc9-d90ef171477c
2019-11-15 01:00:21,078 [pool-579-thread-1] INFO  server.RaftServerConfigKeys (ConfUtils.java:logGet(43)) - raft.server.log.queue.byte-limit = 2147483647 (custom)
2019-11-15 01:00:21,078 [pool-579-thread-1] INFO  server.RaftServerConfigKeys (ConfUtils.java:logGet(43)) - raft.server.log.queue.element-limit = 1024 (custom)
2019-11-15 01:00:21,078 [pool-579-thread-1] INFO  server.RaftServerConfigKeys (ConfUtils.java:logGet(43)) - raft.server.log.segment.size.max = 1048576 (custom)
2019-11-15 01:00:21,079 [pool-579-thread-1] INFO  server.RaftServerConfigKeys (ConfUtils.java:logGet(43)) - raft.server.log.preallocated.size = 16384 (custom)
2019-11-15 01:00:21,079 [pool-579-thread-1] INFO  server.RaftServerConfigKeys (ConfUtils.java:logGet(43)) - raft.server.log.write.buffer.size = 33554432 (custom)
2019-11-15 01:00:21,079 [pool-579-thread-1] INFO  server.RaftServerConfigKeys (ConfUtils.java:logGet(43)) - raft.server.log.force.sync.num = 128 (default)
2019-11-15 01:00:21,079 [pool-579-thread-1] INFO  server.RaftServerConfigKeys (ConfUtils.java:logGet(43)) - raft.server.log.statemachine.data.sync = true (default)
2019-11-15 01:00:21,079 [pool-579-thread-1] INFO  server.RaftServerConfigKeys (ConfUtils.java:logGet(43)) - raft.server.log.statemachine.data.sync.timeout = 10s (default)
2019-11-15 01:00:21,079 [pool-579-thread-1] INFO  server.RaftServerConfigKeys (ConfUtils.java:logGet(43)) - raft.server.log.statemachine.data.sync.timeout.retry = -1 (default)
2019-11-15 01:00:21,079 [pool-579-thread-1] INFO  server.RaftServerConfigKeys (ConfUtils.java:logGet(43)) - raft.server.log.statemachine.data.caching.enabled = true (custom)
2019-11-15 01:00:21,079 [pool-579-thread-1] INFO  segmented.SegmentedRaftLogWorker (SegmentedRaftLogWorker.java:lambda$new$0(128)) - e728dc25-e4b1-43c6-a53d-eff097089a23@group-D90EF171477C-SegmentedRaftLogWorker: flushIndex: setUnconditionally 0 -> -1
2019-11-15 01:00:21,080 [pool-579-thread-1] INFO  server.RaftServerConfigKeys (ConfUtils.java:logGet(43)) - raft.server.snapshot.auto.trigger.enabled = true (custom)
2019-11-15 01:00:21,080 [pool-579-thread-1] INFO  server.RaftServerConfigKeys (ConfUtils.java:logGet(43)) - raft.server.snapshot.auto.trigger.threshold = 10000 (custom)
2019-11-15 01:00:21,080 [pool-579-thread-1] INFO  server.RaftServerConfigKeys (ConfUtils.java:logGet(43)) - raft.server.snapshot.retention.file.num = 5 (custom)
2019-11-15 01:00:21,080 [pool-579-thread-1] INFO  server.RaftServerConfigKeys (ConfUtils.java:logGet(43)) - raft.server.retrycache.expirytime = 600000ms (custom)
2019-11-15 01:00:21,080 [pool-579-thread-1] WARN  impl.MetricRegistriesImpl (MetricRegistriesImpl.java:lambda$create$1(61)) - First MetricRegistry has been created without registering reporters. You may need to call MetricRegistries.global().addReportRegistration(...) before.
2019-11-15 01:00:21,080 [pool-579-thread-1] WARN  impl.MetricRegistriesImpl (MetricRegistriesImpl.java:lambda$create$1(61)) - First MetricRegistry has been created without registering reporters. You may need to call MetricRegistries.global().addReportRegistration(...) before.
2019-11-15 01:00:21,080 [pool-579-thread-1] INFO  impl.RaftServerImpl (RaftServerImpl.java:start(184)) - e728dc25-e4b1-43c6-a53d-eff097089a23@group-D90EF171477C: start as a follower, conf=-1: [e728dc25-e4b1-43c6-a53d-eff097089a23:192.168.164.208:40846], old=null
2019-11-15 01:00:21,081 [pool-579-thread-1] INFO  impl.RaftServerImpl (RaftServerImpl.java:setRole(173)) - e728dc25-e4b1-43c6-a53d-eff097089a23@group-D90EF171477C: changes role from      null to FOLLOWER at term 0 for startAsFollower
2019-11-15 01:00:21,081 [pool-579-thread-1] INFO  impl.RoleInfo (RoleInfo.java:updateAndGet(143)) - e728dc25-e4b1-43c6-a53d-eff097089a23: start FollowerState
2019-11-15 01:00:21,081 [pool-579-thread-1] INFO  util.JmxRegister (JmxRegister.java:tryRegister(44)) - Successfully registered JMX Bean with object name Ratis:service=RaftServer,group=group-D90EF171477C,id=e728dc25-e4b1-43c6-a53d-eff097089a23
2019-11-15 01:00:21,081 [pool-579-thread-1] WARN  impl.MetricRegistriesImpl (MetricRegistriesImpl.java:lambda$create$1(61)) - First MetricRegistry has been created without registering reporters. You may need to call MetricRegistries.global().addReportRegistration(...) before.
2019-11-15 01:00:21,083 [RatisPipelineUtilsThread] INFO  pipeline.PipelineStateManager (PipelineStateManager.java:addPipeline(55)) - Created pipeline Pipeline[ Id: 53db910e-4674-4ca9-9dc9-d90ef171477c, Nodes: e728dc25-e4b1-43c6-a53d-eff097089a23{ip: 192.168.164.208, host: pr-hdds-2442-bxv5b-1523879440, networkLocation: /rack1, certSerialId: null}, Type:RATIS, Factor:ONE, State:ALLOCATED]
2019-11-15 01:00:21,090 [grpc-default-executor-0] INFO  impl.RaftServerProxy (RaftServerProxy.java:addNew(89)) - 2b497d53-8cea-4a7e-98a0-4cfb87fd1475: addNew group-0147C83916CF:[2b497d53-8cea-4a7e-98a0-4cfb87fd1475:192.168.164.208:45511] returns group-0147C83916CF:java.util.concurrent.CompletableFuture@722d206c[Not completed]
2019-11-15 01:00:21,091 [pool-569-thread-1] INFO  impl.RaftServerImpl (RaftServerImpl.java:<init>(98)) - 2b497d53-8cea-4a7e-98a0-4cfb87fd1475: new RaftServerImpl for group-0147C83916CF:[2b497d53-8cea-4a7e-98a0-4cfb87fd1475:192.168.164.208:45511] with ContainerStateMachine:uninitialized
2019-11-15 01:00:21,091 [pool-569-thread-1] INFO  server.RaftServerConfigKeys (ConfUtils.java:logGet(43)) - raft.server.rpc.timeout.min = 1s (custom)
2019-11-15 01:00:21,091 [pool-569-thread-1] INFO  server.RaftServerConfigKeys (ConfUtils.java:logGet(43)) - raft.server.rpc.timeout.max = 1200ms (custom)
2019-11-15 01:00:21,092 [pool-569-thread-1] INFO  server.RaftServerConfigKeys (ConfUtils.java:logGet(43)) - raft.server.rpcslowness.timeout = 120s (custom)
2019-11-15 01:00:21,092 [pool-569-thread-1] INFO  server.RaftServerConfigKeys (ConfUtils.java:logGet(43)) - raft.server.sleep.deviation.threshold = 300 (default)
2019-11-15 01:00:21,092 [pool-569-thread-1] INFO  server.RaftServerConfigKeys (ConfUtils.java:logGet(43)) - raft.server.log.appender.install.snapshot.enabled = false (custom)
2019-11-15 01:00:21,092 [pool-569-thread-1] INFO  impl.RaftServerImpl (ServerState.java:<init>(103)) - 2b497d53-8cea-4a7e-98a0-4cfb87fd1475@group-0147C83916CF: ConfigurationManager, init=-1: [2b497d53-8cea-4a7e-98a0-4cfb87fd1475:192.168.164.208:45511], old=null, confs=<EMPTY_MAP>
2019-11-15 01:00:21,092 [pool-569-thread-1] INFO  server.RaftServerConfigKeys (ConfUtils.java:logGet(43)) - raft.server.storage.dir = [/workdir/hadoop-ozone/integration-test/target/test-dir/MiniOzoneClusterImpl-9b1c7e50-938b-4652-9315-e435b3731240/datanode-6/data/ratis] (custom)
2019-11-15 01:00:21,092 [pool-569-thread-1] INFO  server.RaftServerConfigKeys (ConfUtils.java:logGet(43)) - raft.server.log.corruption.policy = EXCEPTION (default)
2019-11-15 01:00:21,092 [pool-569-thread-1] INFO  storage.RaftStorageDirectory (RaftStorageDirectory.java:analyzeStorage(246)) - The storage directory /workdir/hadoop-ozone/integration-test/target/test-dir/MiniOzoneClusterImpl-9b1c7e50-938b-4652-9315-e435b3731240/datanode-6/data/ratis/b1821703-35e1-47fc-bb03-0147c83916cf does not exist. Creating ...
2019-11-15 01:00:21,104 [pool-569-thread-1] INFO  storage.RaftStorageDirectory (RaftStorageDirectory.java:tryLock(328)) - Lock on /workdir/hadoop-ozone/integration-test/target/test-dir/MiniOzoneClusterImpl-9b1c7e50-938b-4652-9315-e435b3731240/datanode-6/data/ratis/b1821703-35e1-47fc-bb03-0147c83916cf/in_use.lock acquired by nodename 16745@pr-hdds-2442-bxv5b-1523879440
2019-11-15 01:00:21,114 [IPC Server handler 3 on 39263] INFO  net.NetworkTopology (NetworkTopologyImpl.java:add(111)) - Added a new node: /rack1/c4061fea-d656-4029-8a52-0003cdc411ee
2019-11-15 01:00:21,114 [IPC Server handler 3 on 39263] INFO  node.SCMNodeManager (SCMNodeManager.java:register(267)) - Registered Data node : c4061fea-d656-4029-8a52-0003cdc411ee{ip: 192.168.164.208, host: pr-hdds-2442-bxv5b-1523879440, networkLocation: /rack1, certSerialId: null}
2019-11-15 01:00:21,141 [pool-569-thread-1] INFO  storage.RaftStorage (RaftStorage.java:format(84)) - Storage directory /workdir/hadoop-ozone/integration-test/target/test-dir/MiniOzoneClusterImpl-9b1c7e50-938b-4652-9315-e435b3731240/datanode-6/data/ratis/b1821703-35e1-47fc-bb03-0147c83916cf has been successfully formatted.
2019-11-15 01:00:21,141 [pool-569-thread-1] INFO  ratis.ContainerStateMachine (ContainerStateMachine.java:loadSnapshot(223)) - group-0147C83916CF: The snapshot info is null. Setting the last applied indexto:(t:0, i:~)
2019-11-15 01:00:21,141 [pool-569-thread-1] INFO  server.RaftServerConfigKeys (ConfUtils.java:logGet(43)) - raft.server.notification.no-leader.timeout = 120s (custom)
2019-11-15 01:00:21,141 [pool-569-thread-1] INFO  server.RaftServerConfigKeys (ConfUtils.java:logGet(43)) - raft.server.log.use.memory = false (default)
2019-11-15 01:00:21,141 [pool-569-thread-1] INFO  server.RaftServerConfigKeys (ConfUtils.java:logGet(43)) - raft.server.log.purge.gap = 1000000 (custom)
2019-11-15 01:00:21,141 [pool-569-thread-1] INFO  server.RaftServerConfigKeys (ConfUtils.java:logGet(43)) - raft.server.log.appender.buffer.byte-limit = 33554432 (custom)
2019-11-15 01:00:21,141 [pool-569-thread-1] INFO  server.RaftServerConfigKeys (ConfUtils.java:logGet(43)) - raft.server.log.segment.size.max = 1048576 (custom)
2019-11-15 01:00:21,141 [pool-569-thread-1] WARN  impl.MetricRegistriesImpl (MetricRegistriesImpl.java:lambda$create$1(61)) - First MetricRegistry has been created without registering reporters. You may need to call MetricRegistries.global().addReportRegistration(...) before.
2019-11-15 01:00:21,141 [pool-569-thread-1] INFO  server.RaftServerConfigKeys (ConfUtils.java:logGet(43)) - raft.server.log.segment.cache.num.max = 2 (custom)
2019-11-15 01:00:21,142 [pool-569-thread-1] INFO  segmented.SegmentedRaftLogWorker (SegmentedRaftLogWorker.java:<init>(173)) - new 2b497d53-8cea-4a7e-98a0-4cfb87fd1475@group-0147C83916CF-SegmentedRaftLogWorker for RaftStorage:Storage Directory /workdir/hadoop-ozone/integration-test/target/test-dir/MiniOzoneClusterImpl-9b1c7e50-938b-4652-9315-e435b3731240/datanode-6/data/ratis/b1821703-35e1-47fc-bb03-0147c83916cf
2019-11-15 01:00:21,142 [pool-569-thread-1] INFO  server.RaftServerConfigKeys (ConfUtils.java:logGet(43)) - raft.server.log.queue.byte-limit = 2147483647 (custom)
2019-11-15 01:00:21,142 [pool-569-thread-1] INFO  server.RaftServerConfigKeys (ConfUtils.java:logGet(43)) - raft.server.log.queue.element-limit = 1024 (custom)
2019-11-15 01:00:21,142 [pool-569-thread-1] INFO  server.RaftServerConfigKeys (ConfUtils.java:logGet(43)) - raft.server.log.segment.size.max = 1048576 (custom)
2019-11-15 01:00:21,142 [pool-569-thread-1] INFO  server.RaftServerConfigKeys (ConfUtils.java:logGet(43)) - raft.server.log.preallocated.size = 16384 (custom)
2019-11-15 01:00:21,142 [pool-569-thread-1] INFO  server.RaftServerConfigKeys (ConfUtils.java:logGet(43)) - raft.server.log.write.buffer.size = 33554432 (custom)
2019-11-15 01:00:21,142 [pool-569-thread-1] INFO  server.RaftServerConfigKeys (ConfUtils.java:logGet(43)) - raft.server.log.force.sync.num = 128 (default)
2019-11-15 01:00:21,142 [pool-569-thread-1] INFO  server.RaftServerConfigKeys (ConfUtils.java:logGet(43)) - raft.server.log.statemachine.data.sync = true (default)
2019-11-15 01:00:21,142 [pool-569-thread-1] INFO  server.RaftServerConfigKeys (ConfUtils.java:logGet(43)) - raft.server.log.statemachine.data.sync.timeout = 10s (default)
2019-11-15 01:00:21,142 [pool-569-thread-1] INFO  server.RaftServerConfigKeys (ConfUtils.java:logGet(43)) - raft.server.log.statemachine.data.sync.timeout.retry = -1 (default)
2019-11-15 01:00:21,143 [pool-569-thread-1] INFO  server.RaftServerConfigKeys (ConfUtils.java:logGet(43)) - raft.server.log.statemachine.data.caching.enabled = true (custom)
2019-11-15 01:00:21,143 [pool-569-thread-1] INFO  segmented.SegmentedRaftLogWorker (SegmentedRaftLogWorker.java:lambda$new$0(128)) - 2b497d53-8cea-4a7e-98a0-4cfb87fd1475@group-0147C83916CF-SegmentedRaftLogWorker: flushIndex: setUnconditionally 0 -> -1
2019-11-15 01:00:21,143 [pool-569-thread-1] INFO  server.RaftServerConfigKeys (ConfUtils.java:logGet(43)) - raft.server.snapshot.auto.trigger.enabled = true (custom)
2019-11-15 01:00:21,143 [pool-569-thread-1] INFO  server.RaftServerConfigKeys (ConfUtils.java:logGet(43)) - raft.server.snapshot.auto.trigger.threshold = 10000 (custom)
2019-11-15 01:00:21,143 [pool-569-thread-1] INFO  server.RaftServerConfigKeys (ConfUtils.java:logGet(43)) - raft.server.snapshot.retention.file.num = 5 (custom)
2019-11-15 01:00:21,143 [pool-569-thread-1] INFO  server.RaftServerConfigKeys (ConfUtils.java:logGet(43)) - raft.server.retrycache.expirytime = 600000ms (custom)
2019-11-15 01:00:21,143 [pool-569-thread-1] WARN  impl.MetricRegistriesImpl (MetricRegistriesImpl.java:lambda$create$1(61)) - First MetricRegistry has been created without registering reporters. You may need to call MetricRegistries.global().addReportRegistration(...) before.
2019-11-15 01:00:21,144 [pool-569-thread-1] WARN  impl.MetricRegistriesImpl (MetricRegistriesImpl.java:lambda$create$1(61)) - First MetricRegistry has been created without registering reporters. You may need to call MetricRegistries.global().addReportRegistration(...) before.
2019-11-15 01:00:21,144 [pool-569-thread-1] INFO  impl.RaftServerImpl (RaftServerImpl.java:start(184)) - 2b497d53-8cea-4a7e-98a0-4cfb87fd1475@group-0147C83916CF: start as a follower, conf=-1: [2b497d53-8cea-4a7e-98a0-4cfb87fd1475:192.168.164.208:45511], old=null
2019-11-15 01:00:21,144 [pool-569-thread-1] INFO  impl.RaftServerImpl (RaftServerImpl.java:setRole(173)) - 2b497d53-8cea-4a7e-98a0-4cfb87fd1475@group-0147C83916CF: changes role from      null to FOLLOWER at term 0 for startAsFollower
2019-11-15 01:00:21,144 [pool-569-thread-1] INFO  impl.RoleInfo (RoleInfo.java:updateAndGet(143)) - 2b497d53-8cea-4a7e-98a0-4cfb87fd1475: start FollowerState
2019-11-15 01:00:21,144 [pool-569-thread-1] INFO  util.JmxRegister (JmxRegister.java:tryRegister(44)) - Successfully registered JMX Bean with object name Ratis:service=RaftServer,group=group-0147C83916CF,id=2b497d53-8cea-4a7e-98a0-4cfb87fd1475
2019-11-15 01:00:21,144 [pool-569-thread-1] WARN  impl.MetricRegistriesImpl (MetricRegistriesImpl.java:lambda$create$1(61)) - First MetricRegistry has been created without registering reporters. You may need to call MetricRegistries.global().addReportRegistration(...) before.
2019-11-15 01:00:21,147 [RatisPipelineUtilsThread] INFO  pipeline.PipelineStateManager (PipelineStateManager.java:addPipeline(55)) - Created pipeline Pipeline[ Id: b1821703-35e1-47fc-bb03-0147c83916cf, Nodes: 2b497d53-8cea-4a7e-98a0-4cfb87fd1475{ip: 192.168.164.208, host: pr-hdds-2442-bxv5b-1523879440, networkLocation: /rack1, certSerialId: null}, Type:RATIS, Factor:ONE, State:ALLOCATED]
2019-11-15 01:00:21,152 [grpc-default-executor-0] INFO  impl.RaftServerProxy (RaftServerProxy.java:addNew(89)) - c4061fea-d656-4029-8a52-0003cdc411ee: addNew group-5205D9775C54:[c4061fea-d656-4029-8a52-0003cdc411ee:192.168.164.208:42567] returns group-5205D9775C54:java.util.concurrent.CompletableFuture@c34045d[Not completed]
2019-11-15 01:00:21,154 [pool-589-thread-1] INFO  impl.RaftServerImpl (RaftServerImpl.java:<init>(98)) - c4061fea-d656-4029-8a52-0003cdc411ee: new RaftServerImpl for group-5205D9775C54:[c4061fea-d656-4029-8a52-0003cdc411ee:192.168.164.208:42567] with ContainerStateMachine:uninitialized
2019-11-15 01:00:21,154 [pool-589-thread-1] INFO  server.RaftServerConfigKeys (ConfUtils.java:logGet(43)) - raft.server.rpc.timeout.min = 1s (custom)
2019-11-15 01:00:21,154 [pool-589-thread-1] INFO  server.RaftServerConfigKeys (ConfUtils.java:logGet(43)) - raft.server.rpc.timeout.max = 1200ms (custom)
2019-11-15 01:00:21,154 [pool-589-thread-1] INFO  server.RaftServerConfigKeys (ConfUtils.java:logGet(43)) - raft.server.rpcslowness.timeout = 120s (custom)
2019-11-15 01:00:21,154 [pool-589-thread-1] INFO  server.RaftServerConfigKeys (ConfUtils.java:logGet(43)) - raft.server.sleep.deviation.threshold = 300 (default)
2019-11-15 01:00:21,154 [pool-589-thread-1] INFO  server.RaftServerConfigKeys (ConfUtils.java:logGet(43)) - raft.server.log.appender.install.snapshot.enabled = false (custom)
2019-11-15 01:00:21,154 [pool-589-thread-1] INFO  impl.RaftServerImpl (ServerState.java:<init>(103)) - c4061fea-d656-4029-8a52-0003cdc411ee@group-5205D9775C54: ConfigurationManager, init=-1: [c4061fea-d656-4029-8a52-0003cdc411ee:192.168.164.208:42567], old=null, confs=<EMPTY_MAP>
2019-11-15 01:00:21,155 [pool-589-thread-1] INFO  server.RaftServerConfigKeys (ConfUtils.java:logGet(43)) - raft.server.storage.dir = [/workdir/hadoop-ozone/integration-test/target/test-dir/MiniOzoneClusterImpl-9b1c7e50-938b-4652-9315-e435b3731240/datanode-8/data/ratis] (custom)
2019-11-15 01:00:21,155 [pool-589-thread-1] INFO  server.RaftServerConfigKeys (ConfUtils.java:logGet(43)) - raft.server.log.corruption.policy = EXCEPTION (default)
2019-11-15 01:00:21,155 [pool-589-thread-1] INFO  storage.RaftStorageDirectory (RaftStorageDirectory.java:analyzeStorage(246)) - The storage directory /workdir/hadoop-ozone/integration-test/target/test-dir/MiniOzoneClusterImpl-9b1c7e50-938b-4652-9315-e435b3731240/datanode-8/data/ratis/a19b681f-dc86-4e11-b1f4-5205d9775c54 does not exist. Creating ...
2019-11-15 01:00:21,168 [pool-589-thread-1] INFO  storage.RaftStorageDirectory (RaftStorageDirectory.java:tryLock(328)) - Lock on /workdir/hadoop-ozone/integration-test/target/test-dir/MiniOzoneClusterImpl-9b1c7e50-938b-4652-9315-e435b3731240/datanode-8/data/ratis/a19b681f-dc86-4e11-b1f4-5205d9775c54/in_use.lock acquired by nodename 16745@pr-hdds-2442-bxv5b-1523879440
2019-11-15 01:00:21,181 [pool-589-thread-1] INFO  storage.RaftStorage (RaftStorage.java:format(84)) - Storage directory /workdir/hadoop-ozone/integration-test/target/test-dir/MiniOzoneClusterImpl-9b1c7e50-938b-4652-9315-e435b3731240/datanode-8/data/ratis/a19b681f-dc86-4e11-b1f4-5205d9775c54 has been successfully formatted.
2019-11-15 01:00:21,181 [pool-589-thread-1] INFO  ratis.ContainerStateMachine (ContainerStateMachine.java:loadSnapshot(223)) - group-5205D9775C54: The snapshot info is null. Setting the last applied indexto:(t:0, i:~)
2019-11-15 01:00:21,182 [pool-589-thread-1] INFO  server.RaftServerConfigKeys (ConfUtils.java:logGet(43)) - raft.server.notification.no-leader.timeout = 120s (custom)
2019-11-15 01:00:21,182 [pool-589-thread-1] INFO  server.RaftServerConfigKeys (ConfUtils.java:logGet(43)) - raft.server.log.use.memory = false (default)
2019-11-15 01:00:21,182 [pool-589-thread-1] INFO  server.RaftServerConfigKeys (ConfUtils.java:logGet(43)) - raft.server.log.purge.gap = 1000000 (custom)
2019-11-15 01:00:21,182 [pool-589-thread-1] INFO  server.RaftServerConfigKeys (ConfUtils.java:logGet(43)) - raft.server.log.appender.buffer.byte-limit = 33554432 (custom)
2019-11-15 01:00:21,182 [pool-589-thread-1] INFO  server.RaftServerConfigKeys (ConfUtils.java:logGet(43)) - raft.server.log.segment.size.max = 1048576 (custom)
2019-11-15 01:00:21,182 [pool-589-thread-1] WARN  impl.MetricRegistriesImpl (MetricRegistriesImpl.java:lambda$create$1(61)) - First MetricRegistry has been created without registering reporters. You may need to call MetricRegistries.global().addReportRegistration(...) before.
2019-11-15 01:00:21,182 [pool-589-thread-1] INFO  server.RaftServerConfigKeys (ConfUtils.java:logGet(43)) - raft.server.log.segment.cache.num.max = 2 (custom)
2019-11-15 01:00:21,183 [pool-589-thread-1] INFO  segmented.SegmentedRaftLogWorker (SegmentedRaftLogWorker.java:<init>(173)) - new c4061fea-d656-4029-8a52-0003cdc411ee@group-5205D9775C54-SegmentedRaftLogWorker for RaftStorage:Storage Directory /workdir/hadoop-ozone/integration-test/target/test-dir/MiniOzoneClusterImpl-9b1c7e50-938b-4652-9315-e435b3731240/datanode-8/data/ratis/a19b681f-dc86-4e11-b1f4-5205d9775c54
2019-11-15 01:00:21,183 [pool-589-thread-1] INFO  server.RaftServerConfigKeys (ConfUtils.java:logGet(43)) - raft.server.log.queue.byte-limit = 2147483647 (custom)
2019-11-15 01:00:21,183 [pool-589-thread-1] INFO  server.RaftServerConfigKeys (ConfUtils.java:logGet(43)) - raft.server.log.queue.element-limit = 1024 (custom)
2019-11-15 01:00:21,183 [pool-589-thread-1] INFO  server.RaftServerConfigKeys (ConfUtils.java:logGet(43)) - raft.server.log.segment.size.max = 1048576 (custom)
2019-11-15 01:00:21,183 [pool-589-thread-1] INFO  server.RaftServerConfigKeys (ConfUtils.java:logGet(43)) - raft.server.log.preallocated.size = 16384 (custom)
2019-11-15 01:00:21,183 [pool-589-thread-1] INFO  server.RaftServerConfigKeys (ConfUtils.java:logGet(43)) - raft.server.log.write.buffer.size = 33554432 (custom)
2019-11-15 01:00:21,183 [pool-589-thread-1] INFO  server.RaftServerConfigKeys (ConfUtils.java:logGet(43)) - raft.server.log.force.sync.num = 128 (default)
2019-11-15 01:00:21,183 [pool-589-thread-1] INFO  server.RaftServerConfigKeys (ConfUtils.java:logGet(43)) - raft.server.log.statemachine.data.sync = true (default)
2019-11-15 01:00:21,183 [pool-589-thread-1] INFO  server.RaftServerConfigKeys (ConfUtils.java:logGet(43)) - raft.server.log.statemachine.data.sync.timeout = 10s (default)
2019-11-15 01:00:21,183 [pool-589-thread-1] INFO  server.RaftServerConfigKeys (ConfUtils.java:logGet(43)) - raft.server.log.statemachine.data.sync.timeout.retry = -1 (default)
2019-11-15 01:00:21,184 [pool-589-thread-1] INFO  server.RaftServerConfigKeys (ConfUtils.java:logGet(43)) - raft.server.log.statemachine.data.caching.enabled = true (custom)
2019-11-15 01:00:21,184 [pool-589-thread-1] INFO  segmented.SegmentedRaftLogWorker (SegmentedRaftLogWorker.java:lambda$new$0(128)) - c4061fea-d656-4029-8a52-0003cdc411ee@group-5205D9775C54-SegmentedRaftLogWorker: flushIndex: setUnconditionally 0 -> -1
2019-11-15 01:00:21,184 [pool-589-thread-1] INFO  server.RaftServerConfigKeys (ConfUtils.java:logGet(43)) - raft.server.snapshot.auto.trigger.enabled = true (custom)
2019-11-15 01:00:21,184 [pool-589-thread-1] INFO  server.RaftServerConfigKeys (ConfUtils.java:logGet(43)) - raft.server.snapshot.auto.trigger.threshold = 10000 (custom)
2019-11-15 01:00:21,184 [pool-589-thread-1] INFO  server.RaftServerConfigKeys (ConfUtils.java:logGet(43)) - raft.server.snapshot.retention.file.num = 5 (custom)
2019-11-15 01:00:21,184 [pool-589-thread-1] INFO  server.RaftServerConfigKeys (ConfUtils.java:logGet(43)) - raft.server.retrycache.expirytime = 600000ms (custom)
2019-11-15 01:00:21,185 [pool-589-thread-1] WARN  impl.MetricRegistriesImpl (MetricRegistriesImpl.java:lambda$create$1(61)) - First MetricRegistry has been created without registering reporters. You may need to call MetricRegistries.global().addReportRegistration(...) before.
2019-11-15 01:00:21,185 [pool-589-thread-1] WARN  impl.MetricRegistriesImpl (MetricRegistriesImpl.java:lambda$create$1(61)) - First MetricRegistry has been created without registering reporters. You may need to call MetricRegistries.global().addReportRegistration(...) before.
2019-11-15 01:00:21,185 [pool-589-thread-1] INFO  impl.RaftServerImpl (RaftServerImpl.java:start(184)) - c4061fea-d656-4029-8a52-0003cdc411ee@group-5205D9775C54: start as a follower, conf=-1: [c4061fea-d656-4029-8a52-0003cdc411ee:192.168.164.208:42567], old=null
2019-11-15 01:00:21,185 [pool-589-thread-1] INFO  impl.RaftServerImpl (RaftServerImpl.java:setRole(173)) - c4061fea-d656-4029-8a52-0003cdc411ee@group-5205D9775C54: changes role from      null to FOLLOWER at term 0 for startAsFollower
2019-11-15 01:00:21,185 [pool-589-thread-1] INFO  impl.RoleInfo (RoleInfo.java:updateAndGet(143)) - c4061fea-d656-4029-8a52-0003cdc411ee: start FollowerState
2019-11-15 01:00:21,185 [pool-589-thread-1] INFO  util.JmxRegister (JmxRegister.java:tryRegister(44)) - Successfully registered JMX Bean with object name Ratis:service=RaftServer,group=group-5205D9775C54,id=c4061fea-d656-4029-8a52-0003cdc411ee
2019-11-15 01:00:21,186 [pool-589-thread-1] WARN  impl.MetricRegistriesImpl (MetricRegistriesImpl.java:lambda$create$1(61)) - First MetricRegistry has been created without registering reporters. You may need to call MetricRegistries.global().addReportRegistration(...) before.
2019-11-15 01:00:21,187 [RatisPipelineUtilsThread] INFO  pipeline.PipelineStateManager (PipelineStateManager.java:addPipeline(55)) - Created pipeline Pipeline[ Id: a19b681f-dc86-4e11-b1f4-5205d9775c54, Nodes: c4061fea-d656-4029-8a52-0003cdc411ee{ip: 192.168.164.208, host: pr-hdds-2442-bxv5b-1523879440, networkLocation: /rack1, certSerialId: null}, Type:RATIS, Factor:ONE, State:ALLOCATED]
2019-11-15 01:00:21,195 [IPC Server handler 4 on 39263] INFO  net.NetworkTopology (NetworkTopologyImpl.java:add(111)) - Added a new node: /rack1/3290c45a-dc7d-4c95-a586-1c6e32afef30
2019-11-15 01:00:21,195 [IPC Server handler 4 on 39263] INFO  node.SCMNodeManager (SCMNodeManager.java:register(267)) - Registered Data node : 3290c45a-dc7d-4c95-a586-1c6e32afef30{ip: 192.168.164.208, host: pr-hdds-2442-bxv5b-1523879440, networkLocation: /rack1, certSerialId: null}
2019-11-15 01:00:21,195 [grpc-default-executor-7] INFO  impl.RaftServerProxy (RaftServerProxy.java:addNew(89)) - c4061fea-d656-4029-8a52-0003cdc411ee: addNew group-C787A5EC6030:[e728dc25-e4b1-43c6-a53d-eff097089a23:192.168.164.208:40846, c4061fea-d656-4029-8a52-0003cdc411ee:192.168.164.208:42567, 2b497d53-8cea-4a7e-98a0-4cfb87fd1475:192.168.164.208:45511] returns group-C787A5EC6030:java.util.concurrent.CompletableFuture@23633bad[Not completed]
2019-11-15 01:00:21,195 [grpc-default-executor-3] INFO  impl.RaftServerProxy (RaftServerProxy.java:addNew(89)) - e728dc25-e4b1-43c6-a53d-eff097089a23: addNew group-C787A5EC6030:[e728dc25-e4b1-43c6-a53d-eff097089a23:192.168.164.208:40846, c4061fea-d656-4029-8a52-0003cdc411ee:192.168.164.208:42567, 2b497d53-8cea-4a7e-98a0-4cfb87fd1475:192.168.164.208:45511] returns group-C787A5EC6030:java.util.concurrent.CompletableFuture@ba84918[Not completed]
2019-11-15 01:00:21,196 [grpc-default-executor-0] INFO  impl.RaftServerProxy (RaftServerProxy.java:addNew(89)) - 2b497d53-8cea-4a7e-98a0-4cfb87fd1475: addNew group-C787A5EC6030:[e728dc25-e4b1-43c6-a53d-eff097089a23:192.168.164.208:40846, c4061fea-d656-4029-8a52-0003cdc411ee:192.168.164.208:42567, 2b497d53-8cea-4a7e-98a0-4cfb87fd1475:192.168.164.208:45511] returns group-C787A5EC6030:java.util.concurrent.CompletableFuture@7ae8adf6[Not completed]
2019-11-15 01:00:21,197 [pool-589-thread-1] INFO  impl.RaftServerImpl (RaftServerImpl.java:<init>(98)) - c4061fea-d656-4029-8a52-0003cdc411ee: new RaftServerImpl for group-C787A5EC6030:[e728dc25-e4b1-43c6-a53d-eff097089a23:192.168.164.208:40846, c4061fea-d656-4029-8a52-0003cdc411ee:192.168.164.208:42567, 2b497d53-8cea-4a7e-98a0-4cfb87fd1475:192.168.164.208:45511] with ContainerStateMachine:uninitialized
2019-11-15 01:00:21,197 [pool-589-thread-1] INFO  server.RaftServerConfigKeys (ConfUtils.java:logGet(43)) - raft.server.rpc.timeout.min = 1s (custom)
2019-11-15 01:00:21,197 [pool-589-thread-1] INFO  server.RaftServerConfigKeys (ConfUtils.java:logGet(43)) - raft.server.rpc.timeout.max = 1200ms (custom)
2019-11-15 01:00:21,198 [pool-589-thread-1] INFO  server.RaftServerConfigKeys (ConfUtils.java:logGet(43)) - raft.server.rpcslowness.timeout = 120s (custom)
2019-11-15 01:00:21,198 [pool-589-thread-1] INFO  server.RaftServerConfigKeys (ConfUtils.java:logGet(43)) - raft.server.sleep.deviation.threshold = 300 (default)
2019-11-15 01:00:21,198 [pool-589-thread-1] INFO  server.RaftServerConfigKeys (ConfUtils.java:logGet(43)) - raft.server.log.appender.install.snapshot.enabled = false (custom)
2019-11-15 01:00:21,198 [pool-569-thread-1] INFO  impl.RaftServerImpl (RaftServerImpl.java:<init>(98)) - 2b497d53-8cea-4a7e-98a0-4cfb87fd1475: new RaftServerImpl for group-C787A5EC6030:[e728dc25-e4b1-43c6-a53d-eff097089a23:192.168.164.208:40846, c4061fea-d656-4029-8a52-0003cdc411ee:192.168.164.208:42567, 2b497d53-8cea-4a7e-98a0-4cfb87fd1475:192.168.164.208:45511] with ContainerStateMachine:uninitialized
2019-11-15 01:00:21,198 [pool-589-thread-1] INFO  impl.RaftServerImpl (ServerState.java:<init>(103)) - c4061fea-d656-4029-8a52-0003cdc411ee@group-C787A5EC6030: ConfigurationManager, init=-1: [e728dc25-e4b1-43c6-a53d-eff097089a23:192.168.164.208:40846, c4061fea-d656-4029-8a52-0003cdc411ee:192.168.164.208:42567, 2b497d53-8cea-4a7e-98a0-4cfb87fd1475:192.168.164.208:45511], old=null, confs=<EMPTY_MAP>
2019-11-15 01:00:21,198 [pool-569-thread-1] INFO  server.RaftServerConfigKeys (ConfUtils.java:logGet(43)) - raft.server.rpc.timeout.min = 1s (custom)
2019-11-15 01:00:21,198 [pool-589-thread-1] INFO  server.RaftServerConfigKeys (ConfUtils.java:logGet(43)) - raft.server.storage.dir = [/workdir/hadoop-ozone/integration-test/target/test-dir/MiniOzoneClusterImpl-9b1c7e50-938b-4652-9315-e435b3731240/datanode-8/data/ratis] (custom)
2019-11-15 01:00:21,198 [pool-569-thread-1] INFO  server.RaftServerConfigKeys (ConfUtils.java:logGet(43)) - raft.server.rpc.timeout.max = 1200ms (custom)
2019-11-15 01:00:21,199 [pool-569-thread-1] INFO  server.RaftServerConfigKeys (ConfUtils.java:logGet(43)) - raft.server.rpcslowness.timeout = 120s (custom)
2019-11-15 01:00:21,199 [pool-589-thread-1] INFO  server.RaftServerConfigKeys (ConfUtils.java:logGet(43)) - raft.server.log.corruption.policy = EXCEPTION (default)
2019-11-15 01:00:21,199 [pool-569-thread-1] INFO  server.RaftServerConfigKeys (ConfUtils.java:logGet(43)) - raft.server.sleep.deviation.threshold = 300 (default)
2019-11-15 01:00:21,199 [pool-579-thread-1] INFO  impl.RaftServerImpl (RaftServerImpl.java:<init>(98)) - e728dc25-e4b1-43c6-a53d-eff097089a23: new RaftServerImpl for group-C787A5EC6030:[e728dc25-e4b1-43c6-a53d-eff097089a23:192.168.164.208:40846, c4061fea-d656-4029-8a52-0003cdc411ee:192.168.164.208:42567, 2b497d53-8cea-4a7e-98a0-4cfb87fd1475:192.168.164.208:45511] with ContainerStateMachine:uninitialized
2019-11-15 01:00:21,199 [pool-589-thread-1] INFO  storage.RaftStorageDirectory (RaftStorageDirectory.java:analyzeStorage(246)) - The storage directory /workdir/hadoop-ozone/integration-test/target/test-dir/MiniOzoneClusterImpl-9b1c7e50-938b-4652-9315-e435b3731240/datanode-8/data/ratis/8242b4fc-a7fb-4b08-92b6-c787a5ec6030 does not exist. Creating ...
2019-11-15 01:00:21,199 [pool-569-thread-1] INFO  server.RaftServerConfigKeys (ConfUtils.java:logGet(43)) - raft.server.log.appender.install.snapshot.enabled = false (custom)
2019-11-15 01:00:21,199 [pool-579-thread-1] INFO  server.RaftServerConfigKeys (ConfUtils.java:logGet(43)) - raft.server.rpc.timeout.min = 1s (custom)
2019-11-15 01:00:21,200 [pool-569-thread-1] INFO  impl.RaftServerImpl (ServerState.java:<init>(103)) - 2b497d53-8cea-4a7e-98a0-4cfb87fd1475@group-C787A5EC6030: ConfigurationManager, init=-1: [e728dc25-e4b1-43c6-a53d-eff097089a23:192.168.164.208:40846, c4061fea-d656-4029-8a52-0003cdc411ee:192.168.164.208:42567, 2b497d53-8cea-4a7e-98a0-4cfb87fd1475:192.168.164.208:45511], old=null, confs=<EMPTY_MAP>
2019-11-15 01:00:21,200 [pool-579-thread-1] INFO  server.RaftServerConfigKeys (ConfUtils.java:logGet(43)) - raft.server.rpc.timeout.max = 1200ms (custom)
2019-11-15 01:00:21,200 [pool-569-thread-1] INFO  server.RaftServerConfigKeys (ConfUtils.java:logGet(43)) - raft.server.storage.dir = [/workdir/hadoop-ozone/integration-test/target/test-dir/MiniOzoneClusterImpl-9b1c7e50-938b-4652-9315-e435b3731240/datanode-6/data/ratis] (custom)
2019-11-15 01:00:21,200 [pool-579-thread-1] INFO  server.RaftServerConfigKeys (ConfUtils.java:logGet(43)) - raft.server.rpcslowness.timeout = 120s (custom)
2019-11-15 01:00:21,200 [pool-569-thread-1] INFO  server.RaftServerConfigKeys (ConfUtils.java:logGet(43)) - raft.server.log.corruption.policy = EXCEPTION (default)
2019-11-15 01:00:21,200 [pool-579-thread-1] INFO  server.RaftServerConfigKeys (ConfUtils.java:logGet(43)) - raft.server.sleep.deviation.threshold = 300 (default)
2019-11-15 01:00:21,200 [pool-569-thread-1] INFO  storage.RaftStorageDirectory (RaftStorageDirectory.java:analyzeStorage(246)) - The storage directory /workdir/hadoop-ozone/integration-test/target/test-dir/MiniOzoneClusterImpl-9b1c7e50-938b-4652-9315-e435b3731240/datanode-6/data/ratis/8242b4fc-a7fb-4b08-92b6-c787a5ec6030 does not exist. Creating ...
2019-11-15 01:00:21,200 [pool-579-thread-1] INFO  server.RaftServerConfigKeys (ConfUtils.java:logGet(43)) - raft.server.log.appender.install.snapshot.enabled = false (custom)
2019-11-15 01:00:21,201 [pool-579-thread-1] INFO  impl.RaftServerImpl (ServerState.java:<init>(103)) - e728dc25-e4b1-43c6-a53d-eff097089a23@group-C787A5EC6030: ConfigurationManager, init=-1: [e728dc25-e4b1-43c6-a53d-eff097089a23:192.168.164.208:40846, c4061fea-d656-4029-8a52-0003cdc411ee:192.168.164.208:42567, 2b497d53-8cea-4a7e-98a0-4cfb87fd1475:192.168.164.208:45511], old=null, confs=<EMPTY_MAP>
2019-11-15 01:00:21,201 [pool-579-thread-1] INFO  server.RaftServerConfigKeys (ConfUtils.java:logGet(43)) - raft.server.storage.dir = [/workdir/hadoop-ozone/integration-test/target/test-dir/MiniOzoneClusterImpl-9b1c7e50-938b-4652-9315-e435b3731240/datanode-7/data/ratis] (custom)
2019-11-15 01:00:21,201 [pool-579-thread-1] INFO  server.RaftServerConfigKeys (ConfUtils.java:logGet(43)) - raft.server.log.corruption.policy = EXCEPTION (default)
2019-11-15 01:00:21,201 [pool-579-thread-1] INFO  storage.RaftStorageDirectory (RaftStorageDirectory.java:analyzeStorage(246)) - The storage directory /workdir/hadoop-ozone/integration-test/target/test-dir/MiniOzoneClusterImpl-9b1c7e50-938b-4652-9315-e435b3731240/datanode-7/data/ratis/8242b4fc-a7fb-4b08-92b6-c787a5ec6030 does not exist. Creating ...
2019-11-15 01:00:21,213 [pool-579-thread-1] INFO  storage.RaftStorageDirectory (RaftStorageDirectory.java:tryLock(328)) - Lock on /workdir/hadoop-ozone/integration-test/target/test-dir/MiniOzoneClusterImpl-9b1c7e50-938b-4652-9315-e435b3731240/datanode-7/data/ratis/8242b4fc-a7fb-4b08-92b6-c787a5ec6030/in_use.lock acquired by nodename 16745@pr-hdds-2442-bxv5b-1523879440
2019-11-15 01:00:21,213 [pool-589-thread-1] INFO  storage.RaftStorageDirectory (RaftStorageDirectory.java:tryLock(328)) - Lock on /workdir/hadoop-ozone/integration-test/target/test-dir/MiniOzoneClusterImpl-9b1c7e50-938b-4652-9315-e435b3731240/datanode-8/data/ratis/8242b4fc-a7fb-4b08-92b6-c787a5ec6030/in_use.lock acquired by nodename 16745@pr-hdds-2442-bxv5b-1523879440
2019-11-15 01:00:21,213 [pool-569-thread-1] INFO  storage.RaftStorageDirectory (RaftStorageDirectory.java:tryLock(328)) - Lock on /workdir/hadoop-ozone/integration-test/target/test-dir/MiniOzoneClusterImpl-9b1c7e50-938b-4652-9315-e435b3731240/datanode-6/data/ratis/8242b4fc-a7fb-4b08-92b6-c787a5ec6030/in_use.lock acquired by nodename 16745@pr-hdds-2442-bxv5b-1523879440
2019-11-15 01:00:21,227 [pool-579-thread-1] INFO  storage.RaftStorage (RaftStorage.java:format(84)) - Storage directory /workdir/hadoop-ozone/integration-test/target/test-dir/MiniOzoneClusterImpl-9b1c7e50-938b-4652-9315-e435b3731240/datanode-7/data/ratis/8242b4fc-a7fb-4b08-92b6-c787a5ec6030 has been successfully formatted.
2019-11-15 01:00:21,227 [pool-589-thread-1] INFO  storage.RaftStorage (RaftStorage.java:format(84)) - Storage directory /workdir/hadoop-ozone/integration-test/target/test-dir/MiniOzoneClusterImpl-9b1c7e50-938b-4652-9315-e435b3731240/datanode-8/data/ratis/8242b4fc-a7fb-4b08-92b6-c787a5ec6030 has been successfully formatted.
2019-11-15 01:00:21,227 [pool-569-thread-1] INFO  storage.RaftStorage (RaftStorage.java:format(84)) - Storage directory /workdir/hadoop-ozone/integration-test/target/test-dir/MiniOzoneClusterImpl-9b1c7e50-938b-4652-9315-e435b3731240/datanode-6/data/ratis/8242b4fc-a7fb-4b08-92b6-c787a5ec6030 has been successfully formatted.
2019-11-15 01:00:21,227 [pool-589-thread-1] INFO  ratis.ContainerStateMachine (ContainerStateMachine.java:loadSnapshot(223)) - group-C787A5EC6030: The snapshot info is null. Setting the last applied indexto:(t:0, i:~)
2019-11-15 01:00:21,227 [pool-579-thread-1] INFO  ratis.ContainerStateMachine (ContainerStateMachine.java:loadSnapshot(223)) - group-C787A5EC6030: The snapshot info is null. Setting the last applied indexto:(t:0, i:~)
2019-11-15 01:00:21,227 [pool-589-thread-1] INFO  server.RaftServerConfigKeys (ConfUtils.java:logGet(43)) - raft.server.notification.no-leader.timeout = 120s (custom)
2019-11-15 01:00:21,227 [pool-569-thread-1] INFO  ratis.ContainerStateMachine (ContainerStateMachine.java:loadSnapshot(223)) - group-C787A5EC6030: The snapshot info is null. Setting the last applied indexto:(t:0, i:~)
2019-11-15 01:00:21,227 [pool-589-thread-1] INFO  server.RaftServerConfigKeys (ConfUtils.java:logGet(43)) - raft.server.log.use.memory = false (default)
2019-11-15 01:00:21,227 [pool-579-thread-1] INFO  server.RaftServerConfigKeys (ConfUtils.java:logGet(43)) - raft.server.notification.no-leader.timeout = 120s (custom)
2019-11-15 01:00:21,228 [pool-589-thread-1] INFO  server.RaftServerConfigKeys (ConfUtils.java:logGet(43)) - raft.server.log.purge.gap = 1000000 (custom)
2019-11-15 01:00:21,228 [pool-569-thread-1] INFO  server.RaftServerConfigKeys (ConfUtils.java:logGet(43)) - raft.server.notification.no-leader.timeout = 120s (custom)
2019-11-15 01:00:21,228 [pool-589-thread-1] INFO  server.RaftServerConfigKeys (ConfUtils.java:logGet(43)) - raft.server.log.appender.buffer.byte-limit = 33554432 (custom)
2019-11-15 01:00:21,228 [pool-579-thread-1] INFO  server.RaftServerConfigKeys (ConfUtils.java:logGet(43)) - raft.server.log.use.memory = false (default)
2019-11-15 01:00:21,228 [pool-589-thread-1] INFO  server.RaftServerConfigKeys (ConfUtils.java:logGet(43)) - raft.server.log.segment.size.max = 1048576 (custom)
2019-11-15 01:00:21,228 [pool-569-thread-1] INFO  server.RaftServerConfigKeys (ConfUtils.java:logGet(43)) - raft.server.log.use.memory = false (default)
2019-11-15 01:00:21,228 [pool-589-thread-1] INFO  server.RaftServerConfigKeys (ConfUtils.java:logGet(43)) - raft.server.log.segment.cache.num.max = 2 (custom)
2019-11-15 01:00:21,228 [pool-579-thread-1] INFO  server.RaftServerConfigKeys (ConfUtils.java:logGet(43)) - raft.server.log.purge.gap = 1000000 (custom)
2019-11-15 01:00:21,229 [pool-589-thread-1] INFO  segmented.SegmentedRaftLogWorker (SegmentedRaftLogWorker.java:<init>(173)) - new c4061fea-d656-4029-8a52-0003cdc411ee@group-C787A5EC6030-SegmentedRaftLogWorker for RaftStorage:Storage Directory /workdir/hadoop-ozone/integration-test/target/test-dir/MiniOzoneClusterImpl-9b1c7e50-938b-4652-9315-e435b3731240/datanode-8/data/ratis/8242b4fc-a7fb-4b08-92b6-c787a5ec6030
2019-11-15 01:00:21,229 [pool-569-thread-1] INFO  server.RaftServerConfigKeys (ConfUtils.java:logGet(43)) - raft.server.log.purge.gap = 1000000 (custom)
2019-11-15 01:00:21,229 [pool-589-thread-1] INFO  server.RaftServerConfigKeys (ConfUtils.java:logGet(43)) - raft.server.log.queue.byte-limit = 2147483647 (custom)
2019-11-15 01:00:21,229 [pool-579-thread-1] INFO  server.RaftServerConfigKeys (ConfUtils.java:logGet(43)) - raft.server.log.appender.buffer.byte-limit = 33554432 (custom)
2019-11-15 01:00:21,229 [pool-589-thread-1] INFO  server.RaftServerConfigKeys (ConfUtils.java:logGet(43)) - raft.server.log.queue.element-limit = 1024 (custom)
2019-11-15 01:00:21,229 [pool-569-thread-1] INFO  server.RaftServerConfigKeys (ConfUtils.java:logGet(43)) - raft.server.log.appender.buffer.byte-limit = 33554432 (custom)
2019-11-15 01:00:21,229 [pool-589-thread-1] INFO  server.RaftServerConfigKeys (ConfUtils.java:logGet(43)) - raft.server.log.segment.size.max = 1048576 (custom)
2019-11-15 01:00:21,229 [pool-579-thread-1] INFO  server.RaftServerConfigKeys (ConfUtils.java:logGet(43)) - raft.server.log.segment.size.max = 1048576 (custom)
2019-11-15 01:00:21,230 [pool-589-thread-1] INFO  server.RaftServerConfigKeys (ConfUtils.java:logGet(43)) - raft.server.log.preallocated.size = 16384 (custom)
2019-11-15 01:00:21,229 [pool-569-thread-1] INFO  server.RaftServerConfigKeys (ConfUtils.java:logGet(43)) - raft.server.log.segment.size.max = 1048576 (custom)
2019-11-15 01:00:21,230 [pool-589-thread-1] INFO  server.RaftServerConfigKeys (ConfUtils.java:logGet(43)) - raft.server.log.write.buffer.size = 33554432 (custom)
2019-11-15 01:00:21,230 [pool-579-thread-1] INFO  server.RaftServerConfigKeys (ConfUtils.java:logGet(43)) - raft.server.log.segment.cache.num.max = 2 (custom)
2019-11-15 01:00:21,230 [pool-589-thread-1] INFO  server.RaftServerConfigKeys (ConfUtils.java:logGet(43)) - raft.server.log.force.sync.num = 128 (default)
2019-11-15 01:00:21,230 [pool-569-thread-1] INFO  server.RaftServerConfigKeys (ConfUtils.java:logGet(43)) - raft.server.log.segment.cache.num.max = 2 (custom)
2019-11-15 01:00:21,230 [pool-589-thread-1] INFO  server.RaftServerConfigKeys (ConfUtils.java:logGet(43)) - raft.server.log.statemachine.data.sync = true (default)
2019-11-15 01:00:21,230 [pool-579-thread-1] INFO  segmented.SegmentedRaftLogWorker (SegmentedRaftLogWorker.java:<init>(173)) - new e728dc25-e4b1-43c6-a53d-eff097089a23@group-C787A5EC6030-SegmentedRaftLogWorker for RaftStorage:Storage Directory /workdir/hadoop-ozone/integration-test/target/test-dir/MiniOzoneClusterImpl-9b1c7e50-938b-4652-9315-e435b3731240/datanode-7/data/ratis/8242b4fc-a7fb-4b08-92b6-c787a5ec6030
2019-11-15 01:00:21,231 [pool-589-thread-1] INFO  server.RaftServerConfigKeys (ConfUtils.java:logGet(43)) - raft.server.log.statemachine.data.sync.timeout = 10s (default)
2019-11-15 01:00:21,231 [pool-589-thread-1] INFO  server.RaftServerConfigKeys (ConfUtils.java:logGet(43)) - raft.server.log.statemachine.data.sync.timeout.retry = -1 (default)
2019-11-15 01:00:21,231 [pool-569-thread-1] INFO  segmented.SegmentedRaftLogWorker (SegmentedRaftLogWorker.java:<init>(173)) - new 2b497d53-8cea-4a7e-98a0-4cfb87fd1475@group-C787A5EC6030-SegmentedRaftLogWorker for RaftStorage:Storage Directory /workdir/hadoop-ozone/integration-test/target/test-dir/MiniOzoneClusterImpl-9b1c7e50-938b-4652-9315-e435b3731240/datanode-6/data/ratis/8242b4fc-a7fb-4b08-92b6-c787a5ec6030
2019-11-15 01:00:21,231 [pool-589-thread-1] INFO  server.RaftServerConfigKeys (ConfUtils.java:logGet(43)) - raft.server.log.statemachine.data.caching.enabled = true (custom)
2019-11-15 01:00:21,231 [pool-579-thread-1] INFO  server.RaftServerConfigKeys (ConfUtils.java:logGet(43)) - raft.server.log.queue.byte-limit = 2147483647 (custom)
2019-11-15 01:00:21,231 [pool-589-thread-1] INFO  segmented.SegmentedRaftLogWorker (SegmentedRaftLogWorker.java:lambda$new$0(128)) - c4061fea-d656-4029-8a52-0003cdc411ee@group-C787A5EC6030-SegmentedRaftLogWorker: flushIndex: setUnconditionally 0 -> -1
2019-11-15 01:00:21,231 [pool-569-thread-1] INFO  server.RaftServerConfigKeys (ConfUtils.java:logGet(43)) - raft.server.log.queue.byte-limit = 2147483647 (custom)
2019-11-15 01:00:21,231 [pool-579-thread-1] INFO  server.RaftServerConfigKeys (ConfUtils.java:logGet(43)) - raft.server.log.queue.element-limit = 1024 (custom)
2019-11-15 01:00:21,232 [pool-569-thread-1] INFO  server.RaftServerConfigKeys (ConfUtils.java:logGet(43)) - raft.server.log.queue.element-limit = 1024 (custom)
2019-11-15 01:00:21,232 [pool-589-thread-1] INFO  server.RaftServerConfigKeys (ConfUtils.java:logGet(43)) - raft.server.snapshot.auto.trigger.enabled = true (custom)
2019-11-15 01:00:21,232 [pool-569-thread-1] INFO  server.RaftServerConfigKeys (ConfUtils.java:logGet(43)) - raft.server.log.segment.size.max = 1048576 (custom)
2019-11-15 01:00:21,232 [pool-579-thread-1] INFO  server.RaftServerConfigKeys (ConfUtils.java:logGet(43)) - raft.server.log.segment.size.max = 1048576 (custom)
2019-11-15 01:00:21,232 [pool-569-thread-1] INFO  server.RaftServerConfigKeys (ConfUtils.java:logGet(43)) - raft.server.log.preallocated.size = 16384 (custom)
2019-11-15 01:00:21,232 [pool-589-thread-1] INFO  server.RaftServerConfigKeys (ConfUtils.java:logGet(43)) - raft.server.snapshot.auto.trigger.threshold = 10000 (custom)
2019-11-15 01:00:21,233 [pool-569-thread-1] INFO  server.RaftServerConfigKeys (ConfUtils.java:logGet(43)) - raft.server.log.write.buffer.size = 33554432 (custom)
2019-11-15 01:00:21,232 [pool-579-thread-1] INFO  server.RaftServerConfigKeys (ConfUtils.java:logGet(43)) - raft.server.log.preallocated.size = 16384 (custom)
2019-11-15 01:00:21,233 [pool-569-thread-1] INFO  server.RaftServerConfigKeys (ConfUtils.java:logGet(43)) - raft.server.log.force.sync.num = 128 (default)
2019-11-15 01:00:21,233 [pool-569-thread-1] INFO  server.RaftServerConfigKeys (ConfUtils.java:logGet(43)) - raft.server.log.statemachine.data.sync = true (default)
2019-11-15 01:00:21,233 [pool-589-thread-1] INFO  server.RaftServerConfigKeys (ConfUtils.java:logGet(43)) - raft.server.snapshot.retention.file.num = 5 (custom)
2019-11-15 01:00:21,233 [pool-569-thread-1] INFO  server.RaftServerConfigKeys (ConfUtils.java:logGet(43)) - raft.server.log.statemachine.data.sync.timeout = 10s (default)
2019-11-15 01:00:21,233 [pool-579-thread-1] INFO  server.RaftServerConfigKeys (ConfUtils.java:logGet(43)) - raft.server.log.write.buffer.size = 33554432 (custom)
2019-11-15 01:00:21,233 [pool-569-thread-1] INFO  server.RaftServerConfigKeys (ConfUtils.java:logGet(43)) - raft.server.log.statemachine.data.sync.timeout.retry = -1 (default)
2019-11-15 01:00:21,233 [pool-589-thread-1] INFO  server.RaftServerConfigKeys (ConfUtils.java:logGet(43)) - raft.server.retrycache.expirytime = 600000ms (custom)
2019-11-15 01:00:21,234 [pool-569-thread-1] INFO  server.RaftServerConfigKeys (ConfUtils.java:logGet(43)) - raft.server.log.statemachine.data.caching.enabled = true (custom)
2019-11-15 01:00:21,233 [pool-579-thread-1] INFO  server.RaftServerConfigKeys (ConfUtils.java:logGet(43)) - raft.server.log.force.sync.num = 128 (default)
2019-11-15 01:00:21,234 [pool-589-thread-1] WARN  impl.MetricRegistriesImpl (MetricRegistriesImpl.java:lambda$create$1(61)) - First MetricRegistry has been created without registering reporters. You may need to call MetricRegistries.global().addReportRegistration(...) before.
2019-11-15 01:00:21,234 [pool-569-thread-1] INFO  segmented.SegmentedRaftLogWorker (SegmentedRaftLogWorker.java:lambda$new$0(128)) - 2b497d53-8cea-4a7e-98a0-4cfb87fd1475@group-C787A5EC6030-SegmentedRaftLogWorker: flushIndex: setUnconditionally 0 -> -1
2019-11-15 01:00:21,234 [pool-579-thread-1] INFO  server.RaftServerConfigKeys (ConfUtils.java:logGet(43)) - raft.server.log.statemachine.data.sync = true (default)
2019-11-15 01:00:21,234 [pool-589-thread-1] WARN  impl.MetricRegistriesImpl (MetricRegistriesImpl.java:lambda$create$1(61)) - First MetricRegistry has been created without registering reporters. You may need to call MetricRegistries.global().addReportRegistration(...) before.
2019-11-15 01:00:21,234 [pool-569-thread-1] INFO  server.RaftServerConfigKeys (ConfUtils.java:logGet(43)) - raft.server.snapshot.auto.trigger.enabled = true (custom)
2019-11-15 01:00:21,234 [pool-579-thread-1] INFO  server.RaftServerConfigKeys (ConfUtils.java:logGet(43)) - raft.server.log.statemachine.data.sync.timeout = 10s (default)
2019-11-15 01:00:21,235 [pool-569-thread-1] INFO  server.RaftServerConfigKeys (ConfUtils.java:logGet(43)) - raft.server.snapshot.auto.trigger.threshold = 10000 (custom)
2019-11-15 01:00:21,235 [pool-589-thread-1] INFO  impl.RaftServerImpl (RaftServerImpl.java:start(184)) - c4061fea-d656-4029-8a52-0003cdc411ee@group-C787A5EC6030: start as a follower, conf=-1: [e728dc25-e4b1-43c6-a53d-eff097089a23:192.168.164.208:40846, c4061fea-d656-4029-8a52-0003cdc411ee:192.168.164.208:42567, 2b497d53-8cea-4a7e-98a0-4cfb87fd1475:192.168.164.208:45511], old=null
2019-11-15 01:00:21,235 [pool-569-thread-1] INFO  server.RaftServerConfigKeys (ConfUtils.java:logGet(43)) - raft.server.snapshot.retention.file.num = 5 (custom)
2019-11-15 01:00:21,235 [pool-579-thread-1] INFO  server.RaftServerConfigKeys (ConfUtils.java:logGet(43)) - raft.server.log.statemachine.data.sync.timeout.retry = -1 (default)
2019-11-15 01:00:21,235 [pool-569-thread-1] INFO  server.RaftServerConfigKeys (ConfUtils.java:logGet(43)) - raft.server.retrycache.expirytime = 600000ms (custom)
2019-11-15 01:00:21,235 [pool-589-thread-1] INFO  impl.RaftServerImpl (RaftServerImpl.java:setRole(173)) - c4061fea-d656-4029-8a52-0003cdc411ee@group-C787A5EC6030: changes role from      null to FOLLOWER at term 0 for startAsFollower
2019-11-15 01:00:21,235 [pool-569-thread-1] WARN  impl.MetricRegistriesImpl (MetricRegistriesImpl.java:lambda$create$1(61)) - First MetricRegistry has been created without registering reporters. You may need to call MetricRegistries.global().addReportRegistration(...) before.
2019-11-15 01:00:21,235 [pool-579-thread-1] INFO  server.RaftServerConfigKeys (ConfUtils.java:logGet(43)) - raft.server.log.statemachine.data.caching.enabled = true (custom)
2019-11-15 01:00:21,236 [pool-569-thread-1] WARN  impl.MetricRegistriesImpl (MetricRegistriesImpl.java:lambda$create$1(61)) - First MetricRegistry has been created without registering reporters. You may need to call MetricRegistries.global().addReportRegistration(...) before.
2019-11-15 01:00:21,236 [pool-579-thread-1] INFO  segmented.SegmentedRaftLogWorker (SegmentedRaftLogWorker.java:lambda$new$0(128)) - e728dc25-e4b1-43c6-a53d-eff097089a23@group-C787A5EC6030-SegmentedRaftLogWorker: flushIndex: setUnconditionally 0 -> -1
2019-11-15 01:00:21,235 [pool-589-thread-1] INFO  impl.RoleInfo (RoleInfo.java:updateAndGet(143)) - c4061fea-d656-4029-8a52-0003cdc411ee: start FollowerState
2019-11-15 01:00:21,236 [pool-569-thread-1] INFO  impl.RaftServerImpl (RaftServerImpl.java:start(184)) - 2b497d53-8cea-4a7e-98a0-4cfb87fd1475@group-C787A5EC6030: start as a follower, conf=-1: [e728dc25-e4b1-43c6-a53d-eff097089a23:192.168.164.208:40846, c4061fea-d656-4029-8a52-0003cdc411ee:192.168.164.208:42567, 2b497d53-8cea-4a7e-98a0-4cfb87fd1475:192.168.164.208:45511], old=null
2019-11-15 01:00:21,236 [pool-579-thread-1] INFO  server.RaftServerConfigKeys (ConfUtils.java:logGet(43)) - raft.server.snapshot.auto.trigger.enabled = true (custom)
2019-11-15 01:00:21,236 [pool-569-thread-1] INFO  impl.RaftServerImpl (RaftServerImpl.java:setRole(173)) - 2b497d53-8cea-4a7e-98a0-4cfb87fd1475@group-C787A5EC6030: changes role from      null to FOLLOWER at term 0 for startAsFollower
2019-11-15 01:00:21,236 [pool-579-thread-1] INFO  server.RaftServerConfigKeys (ConfUtils.java:logGet(43)) - raft.server.snapshot.auto.trigger.threshold = 10000 (custom)
2019-11-15 01:00:21,237 [pool-589-thread-1] INFO  util.JmxRegister (JmxRegister.java:tryRegister(44)) - Successfully registered JMX Bean with object name Ratis:service=RaftServer,group=group-C787A5EC6030,id=c4061fea-d656-4029-8a52-0003cdc411ee
2019-11-15 01:00:21,236 [pool-569-thread-1] INFO  impl.RoleInfo (RoleInfo.java:updateAndGet(143)) - 2b497d53-8cea-4a7e-98a0-4cfb87fd1475: start FollowerState
2019-11-15 01:00:21,237 [pool-589-thread-1] WARN  impl.MetricRegistriesImpl (MetricRegistriesImpl.java:lambda$create$1(61)) - First MetricRegistry has been created without registering reporters. You may need to call MetricRegistries.global().addReportRegistration(...) before.
2019-11-15 01:00:21,237 [pool-579-thread-1] INFO  server.RaftServerConfigKeys (ConfUtils.java:logGet(43)) - raft.server.snapshot.retention.file.num = 5 (custom)
2019-11-15 01:00:21,237 [pool-569-thread-1] INFO  util.JmxRegister (JmxRegister.java:tryRegister(44)) - Successfully registered JMX Bean with object name Ratis:service=RaftServer,group=group-C787A5EC6030,id=2b497d53-8cea-4a7e-98a0-4cfb87fd1475
2019-11-15 01:00:21,237 [pool-579-thread-1] INFO  server.RaftServerConfigKeys (ConfUtils.java:logGet(43)) - raft.server.retrycache.expirytime = 600000ms (custom)
2019-11-15 01:00:21,237 [pool-569-thread-1] WARN  impl.MetricRegistriesImpl (MetricRegistriesImpl.java:lambda$create$1(61)) - First MetricRegistry has been created without registering reporters. You may need to call MetricRegistries.global().addReportRegistration(...) before.
2019-11-15 01:00:21,237 [pool-579-thread-1] WARN  impl.MetricRegistriesImpl (MetricRegistriesImpl.java:lambda$create$1(61)) - First MetricRegistry has been created without registering reporters. You may need to call MetricRegistries.global().addReportRegistration(...) before.
2019-11-15 01:00:21,238 [pool-579-thread-1] WARN  impl.MetricRegistriesImpl (MetricRegistriesImpl.java:lambda$create$1(61)) - First MetricRegistry has been created without registering reporters. You may need to call MetricRegistries.global().addReportRegistration(...) before.
2019-11-15 01:00:21,238 [pool-579-thread-1] INFO  impl.RaftServerImpl (RaftServerImpl.java:start(184)) - e728dc25-e4b1-43c6-a53d-eff097089a23@group-C787A5EC6030: start as a follower, conf=-1: [e728dc25-e4b1-43c6-a53d-eff097089a23:192.168.164.208:40846, c4061fea-d656-4029-8a52-0003cdc411ee:192.168.164.208:42567, 2b497d53-8cea-4a7e-98a0-4cfb87fd1475:192.168.164.208:45511], old=null
2019-11-15 01:00:21,238 [pool-579-thread-1] INFO  impl.RaftServerImpl (RaftServerImpl.java:setRole(173)) - e728dc25-e4b1-43c6-a53d-eff097089a23@group-C787A5EC6030: changes role from      null to FOLLOWER at term 0 for startAsFollower
2019-11-15 01:00:21,238 [pool-579-thread-1] INFO  impl.RoleInfo (RoleInfo.java:updateAndGet(143)) - e728dc25-e4b1-43c6-a53d-eff097089a23: start FollowerState
2019-11-15 01:00:21,239 [pool-579-thread-1] INFO  util.JmxRegister (JmxRegister.java:tryRegister(44)) - Successfully registered JMX Bean with object name Ratis:service=RaftServer,group=group-C787A5EC6030,id=e728dc25-e4b1-43c6-a53d-eff097089a23
2019-11-15 01:00:21,239 [pool-579-thread-1] WARN  impl.MetricRegistriesImpl (MetricRegistriesImpl.java:lambda$create$1(61)) - First MetricRegistry has been created without registering reporters. You may need to call MetricRegistries.global().addReportRegistration(...) before.
2019-11-15 01:00:21,241 [RatisPipelineUtilsThread] INFO  pipeline.PipelineStateManager (PipelineStateManager.java:addPipeline(55)) - Created pipeline Pipeline[ Id: 8242b4fc-a7fb-4b08-92b6-c787a5ec6030, Nodes: c4061fea-d656-4029-8a52-0003cdc411ee{ip: 192.168.164.208, host: pr-hdds-2442-bxv5b-1523879440, networkLocation: /rack1, certSerialId: null}e728dc25-e4b1-43c6-a53d-eff097089a23{ip: 192.168.164.208, host: pr-hdds-2442-bxv5b-1523879440, networkLocation: /rack1, certSerialId: null}2b497d53-8cea-4a7e-98a0-4cfb87fd1475{ip: 192.168.164.208, host: pr-hdds-2442-bxv5b-1523879440, networkLocation: /rack1, certSerialId: null}, Type:RATIS, Factor:THREE, State:ALLOCATED]
2019-11-15 01:00:21,242 [main] INFO  ozone.MiniOzoneClusterImpl (MiniOzoneClusterImpl.java:lambda$waitForClusterToBeReady$2(163)) - Waiting for 12 number of pipelines out of 12, to report a leader.
2019-11-15 01:00:21,798 [Thread-4203] INFO  impl.FollowerState (FollowerState.java:run(111)) - 212c8f8f-349a-4c94-b732-b4c0454eae1b@group-A71440B16C33-FollowerState: change to CANDIDATE, lastRpcTime:1151ms, electionTimeout:1151ms
2019-11-15 01:00:21,799 [Thread-4203] INFO  impl.RoleInfo (RoleInfo.java:shutdownFollowerState(121)) - 212c8f8f-349a-4c94-b732-b4c0454eae1b: shutdown FollowerState
2019-11-15 01:00:21,799 [Thread-4203] INFO  impl.RaftServerImpl (RaftServerImpl.java:setRole(173)) - 212c8f8f-349a-4c94-b732-b4c0454eae1b@group-A71440B16C33: changes role from  FOLLOWER to CANDIDATE at term 0 for changeToCandidate
2019-11-15 01:00:21,799 [Thread-4203] INFO  impl.RoleInfo (RoleInfo.java:updateAndGet(143)) - 212c8f8f-349a-4c94-b732-b4c0454eae1b: start LeaderElection
2019-11-15 01:00:21,805 [Thread-4200] INFO  impl.FollowerState (FollowerState.java:run(111)) - 0e91382f-cc67-4c48-b6bb-37ad8c3df0fd@group-E39BB4DF8462-FollowerState: change to CANDIDATE, lastRpcTime:1192ms, electionTimeout:1188ms
2019-11-15 01:00:21,805 [Thread-4200] INFO  impl.RoleInfo (RoleInfo.java:shutdownFollowerState(121)) - 0e91382f-cc67-4c48-b6bb-37ad8c3df0fd: shutdown FollowerState
2019-11-15 01:00:21,805 [Thread-4200] INFO  impl.RaftServerImpl (RaftServerImpl.java:setRole(173)) - 0e91382f-cc67-4c48-b6bb-37ad8c3df0fd@group-E39BB4DF8462: changes role from  FOLLOWER to CANDIDATE at term 0 for changeToCandidate
2019-11-15 01:00:21,805 [Thread-4200] INFO  impl.RoleInfo (RoleInfo.java:updateAndGet(143)) - 0e91382f-cc67-4c48-b6bb-37ad8c3df0fd: start LeaderElection
2019-11-15 01:00:21,824 [Thread-4214] INFO  impl.FollowerState (FollowerState.java:run(111)) - 212c8f8f-349a-4c94-b732-b4c0454eae1b@group-DB30E9AC24B4-FollowerState: change to CANDIDATE, lastRpcTime:1038ms, electionTimeout:1038ms
2019-11-15 01:00:21,824 [0e91382f-cc67-4c48-b6bb-37ad8c3df0fd@group-E39BB4DF8462-LeaderElection153] INFO  impl.LeaderElection (LeaderElection.java:askForVotes(178)) - 0e91382f-cc67-4c48-b6bb-37ad8c3df0fd@group-E39BB4DF8462-LeaderElection153: begin an election at term 1 for -1: [0e91382f-cc67-4c48-b6bb-37ad8c3df0fd:192.168.164.208:33069], old=null
2019-11-15 01:00:21,824 [Thread-4214] INFO  impl.RoleInfo (RoleInfo.java:shutdownFollowerState(121)) - 212c8f8f-349a-4c94-b732-b4c0454eae1b: shutdown FollowerState
2019-11-15 01:00:21,824 [212c8f8f-349a-4c94-b732-b4c0454eae1b@group-A71440B16C33-LeaderElection152] INFO  impl.LeaderElection (LeaderElection.java:askForVotes(178)) - 212c8f8f-349a-4c94-b732-b4c0454eae1b@group-A71440B16C33-LeaderElection152: begin an election at term 1 for -1: [212c8f8f-349a-4c94-b732-b4c0454eae1b:192.168.164.208:37073], old=null
2019-11-15 01:00:21,824 [Thread-4214] INFO  impl.RaftServerImpl (RaftServerImpl.java:setRole(173)) - 212c8f8f-349a-4c94-b732-b4c0454eae1b@group-DB30E9AC24B4: changes role from  FOLLOWER to CANDIDATE at term 0 for changeToCandidate
2019-11-15 01:00:21,824 [0e91382f-cc67-4c48-b6bb-37ad8c3df0fd@group-E39BB4DF8462-LeaderElection153] INFO  impl.RoleInfo (RoleInfo.java:shutdownLeaderElection(134)) - 0e91382f-cc67-4c48-b6bb-37ad8c3df0fd: shutdown LeaderElection
2019-11-15 01:00:21,825 [Thread-4214] INFO  impl.RoleInfo (RoleInfo.java:updateAndGet(143)) - 212c8f8f-349a-4c94-b732-b4c0454eae1b: start LeaderElection
2019-11-15 01:00:21,824 [212c8f8f-349a-4c94-b732-b4c0454eae1b@group-A71440B16C33-LeaderElection152] INFO  impl.RoleInfo (RoleInfo.java:shutdownLeaderElection(134)) - 212c8f8f-349a-4c94-b732-b4c0454eae1b: shutdown LeaderElection
2019-11-15 01:00:21,825 [0e91382f-cc67-4c48-b6bb-37ad8c3df0fd@group-E39BB4DF8462-LeaderElection153] INFO  impl.RaftServerImpl (RaftServerImpl.java:setRole(173)) - 0e91382f-cc67-4c48-b6bb-37ad8c3df0fd@group-E39BB4DF8462: changes role from CANDIDATE to LEADER at term 1 for changeToLeader
2019-11-15 01:00:21,825 [212c8f8f-349a-4c94-b732-b4c0454eae1b@group-A71440B16C33-LeaderElection152] INFO  impl.RaftServerImpl (RaftServerImpl.java:setRole(173)) - 212c8f8f-349a-4c94-b732-b4c0454eae1b@group-A71440B16C33: changes role from CANDIDATE to LEADER at term 1 for changeToLeader
2019-11-15 01:00:21,825 [0e91382f-cc67-4c48-b6bb-37ad8c3df0fd@group-E39BB4DF8462-LeaderElection153] INFO  ratis.XceiverServerRatis (XceiverServerRatis.java:handleLeaderChangedNotification(697)) - Leader change notification received for group: group-E39BB4DF8462 with new leaderId: 0e91382f-cc67-4c48-b6bb-37ad8c3df0fd
2019-11-15 01:00:21,825 [212c8f8f-349a-4c94-b732-b4c0454eae1b@group-A71440B16C33-LeaderElection152] INFO  ratis.XceiverServerRatis (XceiverServerRatis.java:handleLeaderChangedNotification(697)) - Leader change notification received for group: group-A71440B16C33 with new leaderId: 212c8f8f-349a-4c94-b732-b4c0454eae1b
2019-11-15 01:00:21,829 [0e91382f-cc67-4c48-b6bb-37ad8c3df0fd@group-E39BB4DF8462-LeaderElection153] INFO  impl.RaftServerImpl (ServerState.java:setLeader(255)) - 0e91382f-cc67-4c48-b6bb-37ad8c3df0fd@group-E39BB4DF8462: change Leader from null to 0e91382f-cc67-4c48-b6bb-37ad8c3df0fd at term 1 for becomeLeader, leader elected after 1217ms
2019-11-15 01:00:21,829 [212c8f8f-349a-4c94-b732-b4c0454eae1b@group-A71440B16C33-LeaderElection152] INFO  impl.RaftServerImpl (ServerState.java:setLeader(255)) - 212c8f8f-349a-4c94-b732-b4c0454eae1b@group-A71440B16C33: change Leader from null to 212c8f8f-349a-4c94-b732-b4c0454eae1b at term 1 for becomeLeader, leader elected after 1182ms
2019-11-15 01:00:21,829 [0e91382f-cc67-4c48-b6bb-37ad8c3df0fd@group-E39BB4DF8462-LeaderElection153] INFO  server.RaftServerConfigKeys (ConfUtils.java:logGet(43)) - raft.server.staging.catchup.gap = 1000 (default)
2019-11-15 01:00:21,831 [212c8f8f-349a-4c94-b732-b4c0454eae1b@group-A71440B16C33-LeaderElection152] INFO  server.RaftServerConfigKeys (ConfUtils.java:logGet(43)) - raft.server.staging.catchup.gap = 1000 (default)
2019-11-15 01:00:21,833 [0e91382f-cc67-4c48-b6bb-37ad8c3df0fd@group-E39BB4DF8462-LeaderElection153] INFO  server.RaftServerConfigKeys (ConfUtils.java:logGet(43)) - raft.server.rpc.sleep.time = 25ms (default)
2019-11-15 01:00:21,833 [212c8f8f-349a-4c94-b732-b4c0454eae1b@group-A71440B16C33-LeaderElection152] INFO  server.RaftServerConfigKeys (ConfUtils.java:logGet(43)) - raft.server.rpc.sleep.time = 25ms (default)
2019-11-15 01:00:21,834 [0e91382f-cc67-4c48-b6bb-37ad8c3df0fd@group-E39BB4DF8462-LeaderElection153] INFO  server.RaftServerConfigKeys (ConfUtils.java:logGet(43)) - raft.server.write.element-limit = 4096 (default)
2019-11-15 01:00:21,834 [212c8f8f-349a-4c94-b732-b4c0454eae1b@group-A71440B16C33-LeaderElection152] INFO  server.RaftServerConfigKeys (ConfUtils.java:logGet(43)) - raft.server.write.element-limit = 4096 (default)
2019-11-15 01:00:21,834 [0e91382f-cc67-4c48-b6bb-37ad8c3df0fd@group-E39BB4DF8462-LeaderElection153] INFO  server.RaftServerConfigKeys (ConfUtils.java:logGet(43)) - raft.server.watch.timeout = 10s (default)
2019-11-15 01:00:21,834 [212c8f8f-349a-4c94-b732-b4c0454eae1b@group-A71440B16C33-LeaderElection152] INFO  server.RaftServerConfigKeys (ConfUtils.java:logGet(43)) - raft.server.watch.timeout = 10s (default)
2019-11-15 01:00:21,834 [EventQueue-PipelineReportForPipelineReportHandler] INFO  pipeline.PipelineStateManager (PipelineStateManager.java:openPipeline(134)) - Pipeline Pipeline[ Id: 659ad401-9a9f-4bba-a542-a71440b16c33, Nodes: 212c8f8f-349a-4c94-b732-b4c0454eae1b{ip: 192.168.164.208, host: pr-hdds-2442-bxv5b-1523879440, networkLocation: /rack1, certSerialId: null}, Type:RATIS, Factor:ONE, State:OPEN] moved to OPEN state
2019-11-15 01:00:21,834 [0e91382f-cc67-4c48-b6bb-37ad8c3df0fd@group-E39BB4DF8462-LeaderElection153] INFO  server.RaftServerConfigKeys (ConfUtils.java:logGet(43)) - raft.server.watch.timeout.denomination = 1s (default)
2019-11-15 01:00:21,834 [EventQueue-PipelineReportForPipelineReportHandler] INFO  pipeline.PipelineStateManager (PipelineStateManager.java:openPipeline(134)) - Pipeline Pipeline[ Id: 9a3de2f8-391c-40d5-9053-e39bb4df8462, Nodes: 0e91382f-cc67-4c48-b6bb-37ad8c3df0fd{ip: 192.168.164.208, host: pr-hdds-2442-bxv5b-1523879440, networkLocation: /rack1, certSerialId: null}, Type:RATIS, Factor:ONE, State:OPEN] moved to OPEN state
2019-11-15 01:00:21,834 [212c8f8f-349a-4c94-b732-b4c0454eae1b@group-A71440B16C33-LeaderElection152] INFO  server.RaftServerConfigKeys (ConfUtils.java:logGet(43)) - raft.server.watch.timeout.denomination = 1s (default)
2019-11-15 01:00:21,835 [0e91382f-cc67-4c48-b6bb-37ad8c3df0fd@group-E39BB4DF8462-LeaderElection153] INFO  server.RaftServerConfigKeys (ConfUtils.java:logGet(43)) - raft.server.watch.element-limit = 65536 (default)
2019-11-15 01:00:21,835 [212c8f8f-349a-4c94-b732-b4c0454eae1b@group-A71440B16C33-LeaderElection152] INFO  server.RaftServerConfigKeys (ConfUtils.java:logGet(43)) - raft.server.watch.element-limit = 65536 (default)
2019-11-15 01:00:21,835 [0e91382f-cc67-4c48-b6bb-37ad8c3df0fd@group-E39BB4DF8462-LeaderElection153] INFO  impl.RoleInfo (RoleInfo.java:updateAndGet(143)) - 0e91382f-cc67-4c48-b6bb-37ad8c3df0fd: start LeaderState
2019-11-15 01:00:21,835 [212c8f8f-349a-4c94-b732-b4c0454eae1b@group-A71440B16C33-LeaderElection152] INFO  impl.RoleInfo (RoleInfo.java:updateAndGet(143)) - 212c8f8f-349a-4c94-b732-b4c0454eae1b: start LeaderState
2019-11-15 01:00:21,835 [0e91382f-cc67-4c48-b6bb-37ad8c3df0fd@group-E39BB4DF8462-LeaderElection153] INFO  segmented.SegmentedRaftLogWorker (SegmentedRaftLogWorker.java:startLogSegment(385)) - 0e91382f-cc67-4c48-b6bb-37ad8c3df0fd@group-E39BB4DF8462-SegmentedRaftLogWorker: Starting segment from index:0
2019-11-15 01:00:21,835 [212c8f8f-349a-4c94-b732-b4c0454eae1b@group-A71440B16C33-LeaderElection152] INFO  segmented.SegmentedRaftLogWorker (SegmentedRaftLogWorker.java:startLogSegment(385)) - 212c8f8f-349a-4c94-b732-b4c0454eae1b@group-A71440B16C33-SegmentedRaftLogWorker: Starting segment from index:0
2019-11-15 01:00:21,836 [0e91382f-cc67-4c48-b6bb-37ad8c3df0fd@group-E39BB4DF8462-LeaderElection153] INFO  impl.RaftServerImpl (ServerState.java:setRaftConf(356)) - 0e91382f-cc67-4c48-b6bb-37ad8c3df0fd@group-E39BB4DF8462: set configuration 0: [0e91382f-cc67-4c48-b6bb-37ad8c3df0fd:192.168.164.208:33069], old=null at 0
2019-11-15 01:00:21,836 [212c8f8f-349a-4c94-b732-b4c0454eae1b@group-A71440B16C33-LeaderElection152] INFO  impl.RaftServerImpl (ServerState.java:setRaftConf(356)) - 212c8f8f-349a-4c94-b732-b4c0454eae1b@group-A71440B16C33: set configuration 0: [212c8f8f-349a-4c94-b732-b4c0454eae1b:192.168.164.208:37073], old=null at 0
2019-11-15 01:00:21,846 [212c8f8f-349a-4c94-b732-b4c0454eae1b@group-DB30E9AC24B4-LeaderElection154] INFO  impl.LeaderElection (LeaderElection.java:askForVotes(178)) - 212c8f8f-349a-4c94-b732-b4c0454eae1b@group-DB30E9AC24B4-LeaderElection154: begin an election at term 1 for -1: [0e91382f-cc67-4c48-b6bb-37ad8c3df0fd:192.168.164.208:33069, 10ab2f01-a163-4b0b-bdc9-1962e1c3543b:192.168.164.208:38174, 212c8f8f-349a-4c94-b732-b4c0454eae1b:192.168.164.208:37073], old=null
2019-11-15 01:00:21,880 [grpc-default-executor-0] INFO  impl.RaftServerImpl (RaftServerImpl.java:setRole(173)) - 0e91382f-cc67-4c48-b6bb-37ad8c3df0fd@group-DB30E9AC24B4: changes role from  FOLLOWER to FOLLOWER at term 1 for recognizeCandidate:212c8f8f-349a-4c94-b732-b4c0454eae1b
2019-11-15 01:00:21,880 [Thread-4218] INFO  impl.FollowerState (FollowerState.java:run(111)) - c7f93789-5ee9-40a1-8afd-58386fa54dde@group-6B10B0D4E190-FollowerState: change to CANDIDATE, lastRpcTime:1044ms, electionTimeout:1031ms
2019-11-15 01:00:21,880 [Thread-4218] INFO  impl.RoleInfo (RoleInfo.java:shutdownFollowerState(121)) - c7f93789-5ee9-40a1-8afd-58386fa54dde: shutdown FollowerState
2019-11-15 01:00:21,880 [Thread-4206] INFO  impl.FollowerState (FollowerState.java:run(111)) - 10ab2f01-a163-4b0b-bdc9-1962e1c3543b@group-0E0BDA624484-FollowerState: change to CANDIDATE, lastRpcTime:1165ms, electionTimeout:1156ms
2019-11-15 01:00:21,880 [grpc-default-executor-3] INFO  impl.RaftServerImpl (RaftServerImpl.java:setRole(173)) - 10ab2f01-a163-4b0b-bdc9-1962e1c3543b@group-DB30E9AC24B4: changes role from  FOLLOWER to FOLLOWER at term 1 for recognizeCandidate:212c8f8f-349a-4c94-b732-b4c0454eae1b
2019-11-15 01:00:21,880 [Thread-4206] INFO  impl.RoleInfo (RoleInfo.java:shutdownFollowerState(121)) - 10ab2f01-a163-4b0b-bdc9-1962e1c3543b: shutdown FollowerState
2019-11-15 01:00:21,880 [Thread-4218] INFO  impl.RaftServerImpl (RaftServerImpl.java:setRole(173)) - c7f93789-5ee9-40a1-8afd-58386fa54dde@group-6B10B0D4E190: changes role from  FOLLOWER to CANDIDATE at term 0 for changeToCandidate
2019-11-15 01:00:21,880 [grpc-default-executor-0] INFO  impl.RoleInfo (RoleInfo.java:shutdownFollowerState(121)) - 0e91382f-cc67-4c48-b6bb-37ad8c3df0fd: shutdown FollowerState
2019-11-15 01:00:21,881 [Thread-4218] INFO  impl.RoleInfo (RoleInfo.java:updateAndGet(143)) - c7f93789-5ee9-40a1-8afd-58386fa54dde: start LeaderElection
2019-11-15 01:00:21,881 [Thread-4209] INFO  impl.FollowerState (FollowerState.java:run(120)) - 0e91382f-cc67-4c48-b6bb-37ad8c3df0fd@group-DB30E9AC24B4-FollowerState was interrupted: java.lang.InterruptedException: sleep interrupted
2019-11-15 01:00:21,881 [Thread-4206] INFO  impl.RaftServerImpl (RaftServerImpl.java:setRole(173)) - 10ab2f01-a163-4b0b-bdc9-1962e1c3543b@group-0E0BDA624484: changes role from  FOLLOWER to CANDIDATE at term 0 for changeToCandidate
2019-11-15 01:00:21,881 [grpc-default-executor-3] INFO  impl.RoleInfo (RoleInfo.java:shutdownFollowerState(121)) - 10ab2f01-a163-4b0b-bdc9-1962e1c3543b: shutdown FollowerState
2019-11-15 01:00:21,881 [Thread-4206] INFO  impl.RoleInfo (RoleInfo.java:updateAndGet(143)) - 10ab2f01-a163-4b0b-bdc9-1962e1c3543b: start LeaderElection
2019-11-15 01:00:21,881 [grpc-default-executor-0] INFO  impl.RoleInfo (RoleInfo.java:updateAndGet(143)) - 0e91382f-cc67-4c48-b6bb-37ad8c3df0fd: start FollowerState
2019-11-15 01:00:21,883 [Thread-4213] INFO  impl.FollowerState (FollowerState.java:run(120)) - 10ab2f01-a163-4b0b-bdc9-1962e1c3543b@group-DB30E9AC24B4-FollowerState was interrupted: java.lang.InterruptedException: sleep interrupted
2019-11-15 01:00:21,887 [grpc-default-executor-3] INFO  impl.RoleInfo (RoleInfo.java:updateAndGet(143)) - 10ab2f01-a163-4b0b-bdc9-1962e1c3543b: start FollowerState
2019-11-15 01:00:21,893 [0e91382f-cc67-4c48-b6bb-37ad8c3df0fd@group-E39BB4DF8462-SegmentedRaftLogWorker] INFO  segmented.SegmentedRaftLogWorker (SegmentedRaftLogWorker.java:execute(576)) - 0e91382f-cc67-4c48-b6bb-37ad8c3df0fd@group-E39BB4DF8462-SegmentedRaftLogWorker: created new log segment /workdir/hadoop-ozone/integration-test/target/test-dir/MiniOzoneClusterImpl-9b1c7e50-938b-4652-9315-e435b3731240/datanode-0/data/ratis/9a3de2f8-391c-40d5-9053-e39bb4df8462/current/log_inprogress_0
2019-11-15 01:00:21,893 [c7f93789-5ee9-40a1-8afd-58386fa54dde@group-6B10B0D4E190-LeaderElection155] INFO  impl.LeaderElection (LeaderElection.java:askForVotes(178)) - c7f93789-5ee9-40a1-8afd-58386fa54dde@group-6B10B0D4E190-LeaderElection155: begin an election at term 1 for -1: [c7f93789-5ee9-40a1-8afd-58386fa54dde:192.168.164.208:38346], old=null
2019-11-15 01:00:21,893 [212c8f8f-349a-4c94-b732-b4c0454eae1b@group-A71440B16C33-SegmentedRaftLogWorker] INFO  segmented.SegmentedRaftLogWorker (SegmentedRaftLogWorker.java:execute(576)) - 212c8f8f-349a-4c94-b732-b4c0454eae1b@group-A71440B16C33-SegmentedRaftLogWorker: created new log segment /workdir/hadoop-ozone/integration-test/target/test-dir/MiniOzoneClusterImpl-9b1c7e50-938b-4652-9315-e435b3731240/datanode-1/data/ratis/659ad401-9a9f-4bba-a542-a71440b16c33/current/log_inprogress_0
2019-11-15 01:00:21,893 [c7f93789-5ee9-40a1-8afd-58386fa54dde@group-6B10B0D4E190-LeaderElection155] INFO  impl.RoleInfo (RoleInfo.java:shutdownLeaderElection(134)) - c7f93789-5ee9-40a1-8afd-58386fa54dde: shutdown LeaderElection
2019-11-15 01:00:21,893 [10ab2f01-a163-4b0b-bdc9-1962e1c3543b@group-0E0BDA624484-LeaderElection156] INFO  impl.LeaderElection (LeaderElection.java:askForVotes(178)) - 10ab2f01-a163-4b0b-bdc9-1962e1c3543b@group-0E0BDA624484-LeaderElection156: begin an election at term 1 for -1: [10ab2f01-a163-4b0b-bdc9-1962e1c3543b:192.168.164.208:38174], old=null
2019-11-15 01:00:21,894 [c7f93789-5ee9-40a1-8afd-58386fa54dde@group-6B10B0D4E190-LeaderElection155] INFO  impl.RaftServerImpl (RaftServerImpl.java:setRole(173)) - c7f93789-5ee9-40a1-8afd-58386fa54dde@group-6B10B0D4E190: changes role from CANDIDATE to LEADER at term 1 for changeToLeader
2019-11-15 01:00:21,894 [10ab2f01-a163-4b0b-bdc9-1962e1c3543b@group-0E0BDA624484-LeaderElection156] INFO  impl.RoleInfo (RoleInfo.java:shutdownLeaderElection(134)) - 10ab2f01-a163-4b0b-bdc9-1962e1c3543b: shutdown LeaderElection
2019-11-15 01:00:21,894 [c7f93789-5ee9-40a1-8afd-58386fa54dde@group-6B10B0D4E190-LeaderElection155] INFO  ratis.XceiverServerRatis (XceiverServerRatis.java:handleLeaderChangedNotification(697)) - Leader change notification received for group: group-6B10B0D4E190 with new leaderId: c7f93789-5ee9-40a1-8afd-58386fa54dde
2019-11-15 01:00:21,894 [10ab2f01-a163-4b0b-bdc9-1962e1c3543b@group-0E0BDA624484-LeaderElection156] INFO  impl.RaftServerImpl (RaftServerImpl.java:setRole(173)) - 10ab2f01-a163-4b0b-bdc9-1962e1c3543b@group-0E0BDA624484: changes role from CANDIDATE to LEADER at term 1 for changeToLeader
2019-11-15 01:00:21,894 [c7f93789-5ee9-40a1-8afd-58386fa54dde@group-6B10B0D4E190-LeaderElection155] INFO  impl.RaftServerImpl (ServerState.java:setLeader(255)) - c7f93789-5ee9-40a1-8afd-58386fa54dde@group-6B10B0D4E190: change Leader from null to c7f93789-5ee9-40a1-8afd-58386fa54dde at term 1 for becomeLeader, leader elected after 1061ms
2019-11-15 01:00:21,894 [212c8f8f-349a-4c94-b732-b4c0454eae1b@group-DB30E9AC24B4-LeaderElection154] INFO  impl.LeaderElection (LeaderElection.java:logAndReturn(56)) - 212c8f8f-349a-4c94-b732-b4c0454eae1b@group-DB30E9AC24B4-LeaderElection154: Election PASSED; received 1 response(s) [212c8f8f-349a-4c94-b732-b4c0454eae1b<-10ab2f01-a163-4b0b-bdc9-1962e1c3543b#0:OK-t1] and 0 exception(s); 212c8f8f-349a-4c94-b732-b4c0454eae1b@group-DB30E9AC24B4:t1, leader=null, voted=212c8f8f-349a-4c94-b732-b4c0454eae1b, raftlog=212c8f8f-349a-4c94-b732-b4c0454eae1b@group-DB30E9AC24B4-SegmentedRaftLog:OPENED:c-1,f-1,i0, conf=-1: [0e91382f-cc67-4c48-b6bb-37ad8c3df0fd:192.168.164.208:33069, 10ab2f01-a163-4b0b-bdc9-1962e1c3543b:192.168.164.208:38174, 212c8f8f-349a-4c94-b732-b4c0454eae1b:192.168.164.208:37073], old=null
2019-11-15 01:00:21,894 [c7f93789-5ee9-40a1-8afd-58386fa54dde@group-6B10B0D4E190-LeaderElection155] INFO  server.RaftServerConfigKeys (ConfUtils.java:logGet(43)) - raft.server.staging.catchup.gap = 1000 (default)
2019-11-15 01:00:21,894 [10ab2f01-a163-4b0b-bdc9-1962e1c3543b@group-0E0BDA624484-LeaderElection156] INFO  ratis.XceiverServerRatis (XceiverServerRatis.java:handleLeaderChangedNotification(697)) - Leader change notification received for group: group-0E0BDA624484 with new leaderId: 10ab2f01-a163-4b0b-bdc9-1962e1c3543b
2019-11-15 01:00:21,896 [c7f93789-5ee9-40a1-8afd-58386fa54dde@group-6B10B0D4E190-LeaderElection155] INFO  server.RaftServerConfigKeys (ConfUtils.java:logGet(43)) - raft.server.rpc.sleep.time = 25ms (default)
2019-11-15 01:00:21,896 [212c8f8f-349a-4c94-b732-b4c0454eae1b@group-DB30E9AC24B4-LeaderElection154] INFO  impl.RoleInfo (RoleInfo.java:shutdownLeaderElection(134)) - 212c8f8f-349a-4c94-b732-b4c0454eae1b: shutdown LeaderElection
2019-11-15 01:00:21,896 [10ab2f01-a163-4b0b-bdc9-1962e1c3543b@group-0E0BDA624484-LeaderElection156] INFO  impl.RaftServerImpl (ServerState.java:setLeader(255)) - 10ab2f01-a163-4b0b-bdc9-1962e1c3543b@group-0E0BDA624484: change Leader from null to 10ab2f01-a163-4b0b-bdc9-1962e1c3543b at term 1 for becomeLeader, leader elected after 1183ms
2019-11-15 01:00:21,898 [c7f93789-5ee9-40a1-8afd-58386fa54dde@group-6B10B0D4E190-LeaderElection155] INFO  server.RaftServerConfigKeys (ConfUtils.java:logGet(43)) - raft.server.write.element-limit = 4096 (default)
2019-11-15 01:00:21,896 [212c8f8f-349a-4c94-b732-b4c0454eae1b@group-DB30E9AC24B4-LeaderElection154] INFO  impl.RaftServerImpl (RaftServerImpl.java:setRole(173)) - 212c8f8f-349a-4c94-b732-b4c0454eae1b@group-DB30E9AC24B4: changes role from CANDIDATE to LEADER at term 1 for changeToLeader
2019-11-15 01:00:21,898 [c7f93789-5ee9-40a1-8afd-58386fa54dde@group-6B10B0D4E190-LeaderElection155] INFO  server.RaftServerConfigKeys (ConfUtils.java:logGet(43)) - raft.server.watch.timeout = 10s (default)
2019-11-15 01:00:21,898 [EventQueue-PipelineReportForPipelineReportHandler] INFO  pipeline.PipelineStateManager (PipelineStateManager.java:openPipeline(134)) - Pipeline Pipeline[ Id: b03a05c1-6516-44fc-b455-6b10b0d4e190, Nodes: c7f93789-5ee9-40a1-8afd-58386fa54dde{ip: 192.168.164.208, host: pr-hdds-2442-bxv5b-1523879440, networkLocation: /rack1, certSerialId: null}, Type:RATIS, Factor:ONE, State:OPEN] moved to OPEN state
2019-11-15 01:00:21,898 [10ab2f01-a163-4b0b-bdc9-1962e1c3543b@group-0E0BDA624484-LeaderElection156] INFO  server.RaftServerConfigKeys (ConfUtils.java:logGet(43)) - raft.server.staging.catchup.gap = 1000 (default)
2019-11-15 01:00:21,899 [EventQueue-PipelineReportForPipelineReportHandler] INFO  pipeline.PipelineStateManager (PipelineStateManager.java:openPipeline(134)) - Pipeline Pipeline[ Id: 3b986f61-ef5b-4ed2-81d4-0e0bda624484, Nodes: 10ab2f01-a163-4b0b-bdc9-1962e1c3543b{ip: 192.168.164.208, host: pr-hdds-2442-bxv5b-1523879440, networkLocation: /rack1, certSerialId: null}, Type:RATIS, Factor:ONE, State:OPEN] moved to OPEN state
2019-11-15 01:00:21,898 [c7f93789-5ee9-40a1-8afd-58386fa54dde@group-6B10B0D4E190-LeaderElection155] INFO  server.RaftServerConfigKeys (ConfUtils.java:logGet(43)) - raft.server.watch.timeout.denomination = 1s (default)
2019-11-15 01:00:21,898 [212c8f8f-349a-4c94-b732-b4c0454eae1b@group-DB30E9AC24B4-LeaderElection154] INFO  ratis.XceiverServerRatis (XceiverServerRatis.java:handleLeaderChangedNotification(697)) - Leader change notification received for group: group-DB30E9AC24B4 with new leaderId: 212c8f8f-349a-4c94-b732-b4c0454eae1b
2019-11-15 01:00:21,899 [c7f93789-5ee9-40a1-8afd-58386fa54dde@group-6B10B0D4E190-LeaderElection155] INFO  server.RaftServerConfigKeys (ConfUtils.java:logGet(43)) - raft.server.watch.element-limit = 65536 (default)
2019-11-15 01:00:21,899 [10ab2f01-a163-4b0b-bdc9-1962e1c3543b@group-0E0BDA624484-LeaderElection156] INFO  server.RaftServerConfigKeys (ConfUtils.java:logGet(43)) - raft.server.rpc.sleep.time = 25ms (default)
2019-11-15 01:00:21,899 [c7f93789-5ee9-40a1-8afd-58386fa54dde@group-6B10B0D4E190-LeaderElection155] INFO  impl.RoleInfo (RoleInfo.java:updateAndGet(143)) - c7f93789-5ee9-40a1-8afd-58386fa54dde: start LeaderState
2019-11-15 01:00:21,899 [212c8f8f-349a-4c94-b732-b4c0454eae1b@group-DB30E9AC24B4-LeaderElection154] INFO  impl.RaftServerImpl (ServerState.java:setLeader(255)) - 212c8f8f-349a-4c94-b732-b4c0454eae1b@group-DB30E9AC24B4: change Leader from null to 212c8f8f-349a-4c94-b732-b4c0454eae1b at term 1 for becomeLeader, leader elected after 1122ms
2019-11-15 01:00:21,899 [10ab2f01-a163-4b0b-bdc9-1962e1c3543b@group-0E0BDA624484-LeaderElection156] INFO  server.RaftServerConfigKeys (ConfUtils.java:logGet(43)) - raft.server.write.element-limit = 4096 (default)
2019-11-15 01:00:21,899 [212c8f8f-349a-4c94-b732-b4c0454eae1b@group-DB30E9AC24B4-LeaderElection154] INFO  server.RaftServerConfigKeys (ConfUtils.java:logGet(43)) - raft.server.staging.catchup.gap = 1000 (default)
2019-11-15 01:00:21,900 [212c8f8f-349a-4c94-b732-b4c0454eae1b@group-DB30E9AC24B4-LeaderElection154] INFO  server.RaftServerConfigKeys (ConfUtils.java:logGet(43)) - raft.server.rpc.sleep.time = 25ms (default)
2019-11-15 01:00:21,899 [c7f93789-5ee9-40a1-8afd-58386fa54dde@group-6B10B0D4E190-LeaderElection155] INFO  segmented.SegmentedRaftLogWorker (SegmentedRaftLogWorker.java:startLogSegment(385)) - c7f93789-5ee9-40a1-8afd-58386fa54dde@group-6B10B0D4E190-SegmentedRaftLogWorker: Starting segment from index:0
2019-11-15 01:00:21,900 [212c8f8f-349a-4c94-b732-b4c0454eae1b@group-DB30E9AC24B4-LeaderElection154] INFO  server.RaftServerConfigKeys (ConfUtils.java:logGet(43)) - raft.server.write.element-limit = 4096 (default)
2019-11-15 01:00:21,900 [EventQueue-PipelineReportForPipelineReportHandler] INFO  pipeline.PipelineStateManager (PipelineStateManager.java:openPipeline(134)) - Pipeline Pipeline[ Id: 3150d911-3559-45ca-ab84-db30e9ac24b4, Nodes: 10ab2f01-a163-4b0b-bdc9-1962e1c3543b{ip: 192.168.164.208, host: pr-hdds-2442-bxv5b-1523879440, networkLocation: /rack1, certSerialId: null}0e91382f-cc67-4c48-b6bb-37ad8c3df0fd{ip: 192.168.164.208, host: pr-hdds-2442-bxv5b-1523879440, networkLocation: /rack1, certSerialId: null}212c8f8f-349a-4c94-b732-b4c0454eae1b{ip: 192.168.164.208, host: pr-hdds-2442-bxv5b-1523879440, networkLocation: /rack1, certSerialId: null}, Type:RATIS, Factor:THREE, State:OPEN] moved to OPEN state
2019-11-15 01:00:21,900 [10ab2f01-a163-4b0b-bdc9-1962e1c3543b@group-0E0BDA624484-LeaderElection156] INFO  server.RaftServerConfigKeys (ConfUtils.java:logGet(43)) - raft.server.watch.timeout = 10s (default)
2019-11-15 01:00:21,900 [c7f93789-5ee9-40a1-8afd-58386fa54dde@group-6B10B0D4E190-LeaderElection155] INFO  impl.RaftServerImpl (ServerState.java:setRaftConf(356)) - c7f93789-5ee9-40a1-8afd-58386fa54dde@group-6B10B0D4E190: set configuration 0: [c7f93789-5ee9-40a1-8afd-58386fa54dde:192.168.164.208:38346], old=null at 0
2019-11-15 01:00:21,900 [212c8f8f-349a-4c94-b732-b4c0454eae1b@group-DB30E9AC24B4-LeaderElection154] INFO  server.RaftServerConfigKeys (ConfUtils.java:logGet(43)) - raft.server.watch.timeout = 10s (default)
2019-11-15 01:00:21,900 [10ab2f01-a163-4b0b-bdc9-1962e1c3543b@group-0E0BDA624484-LeaderElection156] INFO  server.RaftServerConfigKeys (ConfUtils.java:logGet(43)) - raft.server.watch.timeout.denomination = 1s (default)
2019-11-15 01:00:21,900 [212c8f8f-349a-4c94-b732-b4c0454eae1b@group-DB30E9AC24B4-LeaderElection154] INFO  server.RaftServerConfigKeys (ConfUtils.java:logGet(43)) - raft.server.watch.timeout.denomination = 1s (default)
2019-11-15 01:00:21,901 [10ab2f01-a163-4b0b-bdc9-1962e1c3543b@group-0E0BDA624484-LeaderElection156] INFO  server.RaftServerConfigKeys (ConfUtils.java:logGet(43)) - raft.server.watch.element-limit = 65536 (default)
2019-11-15 01:00:21,901 [212c8f8f-349a-4c94-b732-b4c0454eae1b@group-DB30E9AC24B4-LeaderElection154] INFO  server.RaftServerConfigKeys (ConfUtils.java:logGet(43)) - raft.server.watch.element-limit = 65536 (default)
2019-11-15 01:00:21,901 [10ab2f01-a163-4b0b-bdc9-1962e1c3543b@group-0E0BDA624484-LeaderElection156] INFO  impl.RoleInfo (RoleInfo.java:updateAndGet(143)) - 10ab2f01-a163-4b0b-bdc9-1962e1c3543b: start LeaderState
2019-11-15 01:00:21,901 [212c8f8f-349a-4c94-b732-b4c0454eae1b@group-DB30E9AC24B4-LeaderElection154] INFO  server.RaftServerConfigKeys (ConfUtils.java:logGet(43)) - raft.server.log.appender.snapshot.chunk.size.max = 16MB (=16777216) (default)
2019-11-15 01:00:21,901 [10ab2f01-a163-4b0b-bdc9-1962e1c3543b@group-0E0BDA624484-LeaderElection156] INFO  segmented.SegmentedRaftLogWorker (SegmentedRaftLogWorker.java:startLogSegment(385)) - 10ab2f01-a163-4b0b-bdc9-1962e1c3543b@group-0E0BDA624484-SegmentedRaftLogWorker: Starting segment from index:0
2019-11-15 01:00:21,901 [212c8f8f-349a-4c94-b732-b4c0454eae1b@group-DB30E9AC24B4-LeaderElection154] INFO  server.RaftServerConfigKeys (ConfUtils.java:logGet(43)) - raft.server.log.appender.buffer.byte-limit = 33554432 (custom)
2019-11-15 01:00:21,902 [212c8f8f-349a-4c94-b732-b4c0454eae1b@group-DB30E9AC24B4-LeaderElection154] INFO  server.RaftServerConfigKeys (ConfUtils.java:logGet(43)) - raft.server.log.appender.buffer.element-limit = 1 (custom)
2019-11-15 01:00:21,902 [10ab2f01-a163-4b0b-bdc9-1962e1c3543b@group-0E0BDA624484-LeaderElection156] INFO  impl.RaftServerImpl (ServerState.java:setRaftConf(356)) - 10ab2f01-a163-4b0b-bdc9-1962e1c3543b@group-0E0BDA624484: set configuration 0: [10ab2f01-a163-4b0b-bdc9-1962e1c3543b:192.168.164.208:38174], old=null at 0
2019-11-15 01:00:21,902 [212c8f8f-349a-4c94-b732-b4c0454eae1b@group-DB30E9AC24B4-LeaderElection154] INFO  grpc.GrpcConfigKeys$Server (ConfUtils.java:logGet(43)) - raft.grpc.server.leader.outstanding.appends.max = 128 (default)
2019-11-15 01:00:21,902 [212c8f8f-349a-4c94-b732-b4c0454eae1b@group-DB30E9AC24B4-LeaderElection154] INFO  server.RaftServerConfigKeys (ConfUtils.java:logGet(43)) - raft.server.rpc.request.timeout = 3000ms (default)
2019-11-15 01:00:21,902 [212c8f8f-349a-4c94-b732-b4c0454eae1b@group-DB30E9AC24B4-LeaderElection154] INFO  server.RaftServerConfigKeys (ConfUtils.java:logGet(43)) - raft.server.log.appender.install.snapshot.enabled = false (custom)
2019-11-15 01:00:21,902 [212c8f8f-349a-4c94-b732-b4c0454eae1b@group-DB30E9AC24B4-LeaderElection154] WARN  impl.MetricRegistriesImpl (MetricRegistriesImpl.java:lambda$create$1(61)) - First MetricRegistry has been created without registering reporters. You may need to call MetricRegistries.global().addReportRegistration(...) before.
2019-11-15 01:00:21,902 [212c8f8f-349a-4c94-b732-b4c0454eae1b@group-DB30E9AC24B4-LeaderElection154] INFO  server.RaftServerConfigKeys (ConfUtils.java:logGet(43)) - raft.server.log.appender.snapshot.chunk.size.max = 16MB (=16777216) (default)
2019-11-15 01:00:21,903 [212c8f8f-349a-4c94-b732-b4c0454eae1b@group-DB30E9AC24B4-LeaderElection154] INFO  server.RaftServerConfigKeys (ConfUtils.java:logGet(43)) - raft.server.log.appender.buffer.byte-limit = 33554432 (custom)
2019-11-15 01:00:21,903 [212c8f8f-349a-4c94-b732-b4c0454eae1b@group-DB30E9AC24B4-LeaderElection154] INFO  server.RaftServerConfigKeys (ConfUtils.java:logGet(43)) - raft.server.log.appender.buffer.element-limit = 1 (custom)
2019-11-15 01:00:21,903 [212c8f8f-349a-4c94-b732-b4c0454eae1b@group-DB30E9AC24B4-LeaderElection154] INFO  grpc.GrpcConfigKeys$Server (ConfUtils.java:logGet(43)) - raft.grpc.server.leader.outstanding.appends.max = 128 (default)
2019-11-15 01:00:21,903 [212c8f8f-349a-4c94-b732-b4c0454eae1b@group-DB30E9AC24B4-LeaderElection154] INFO  server.RaftServerConfigKeys (ConfUtils.java:logGet(43)) - raft.server.rpc.request.timeout = 3000ms (default)
2019-11-15 01:00:21,903 [212c8f8f-349a-4c94-b732-b4c0454eae1b@group-DB30E9AC24B4-LeaderElection154] INFO  server.RaftServerConfigKeys (ConfUtils.java:logGet(43)) - raft.server.log.appender.install.snapshot.enabled = false (custom)
2019-11-15 01:00:21,903 [212c8f8f-349a-4c94-b732-b4c0454eae1b@group-DB30E9AC24B4-LeaderElection154] INFO  impl.RoleInfo (RoleInfo.java:updateAndGet(143)) - 212c8f8f-349a-4c94-b732-b4c0454eae1b: start LeaderState
2019-11-15 01:00:21,903 [212c8f8f-349a-4c94-b732-b4c0454eae1b@group-DB30E9AC24B4-LeaderElection154] INFO  segmented.SegmentedRaftLogWorker (SegmentedRaftLogWorker.java:startLogSegment(385)) - 212c8f8f-349a-4c94-b732-b4c0454eae1b@group-DB30E9AC24B4-SegmentedRaftLogWorker: Starting segment from index:0
2019-11-15 01:00:21,904 [212c8f8f-349a-4c94-b732-b4c0454eae1b@group-DB30E9AC24B4-LeaderElection154] INFO  impl.RaftServerImpl (ServerState.java:setRaftConf(356)) - 212c8f8f-349a-4c94-b732-b4c0454eae1b@group-DB30E9AC24B4: set configuration 0: [0e91382f-cc67-4c48-b6bb-37ad8c3df0fd:192.168.164.208:33069, 10ab2f01-a163-4b0b-bdc9-1962e1c3543b:192.168.164.208:38174, 212c8f8f-349a-4c94-b732-b4c0454eae1b:192.168.164.208:37073], old=null at 0
2019-11-15 01:00:21,937 [grpc-default-executor-3] INFO  ratis.XceiverServerRatis (XceiverServerRatis.java:handleLeaderChangedNotification(697)) - Leader change notification received for group: group-DB30E9AC24B4 with new leaderId: 212c8f8f-349a-4c94-b732-b4c0454eae1b
2019-11-15 01:00:21,937 [grpc-default-executor-3] INFO  impl.RaftServerImpl (ServerState.java:setLeader(255)) - 0e91382f-cc67-4c48-b6bb-37ad8c3df0fd@group-DB30E9AC24B4: change Leader from null to 212c8f8f-349a-4c94-b732-b4c0454eae1b at term 1 for appendEntries, leader elected after 1160ms
2019-11-15 01:00:21,937 [grpc-default-executor-0] INFO  ratis.XceiverServerRatis (XceiverServerRatis.java:handleLeaderChangedNotification(697)) - Leader change notification received for group: group-DB30E9AC24B4 with new leaderId: 212c8f8f-349a-4c94-b732-b4c0454eae1b
2019-11-15 01:00:21,938 [grpc-default-executor-0] INFO  impl.RaftServerImpl (ServerState.java:setLeader(255)) - 10ab2f01-a163-4b0b-bdc9-1962e1c3543b@group-DB30E9AC24B4: change Leader from null to 212c8f8f-349a-4c94-b732-b4c0454eae1b at term 1 for appendEntries, leader elected after 1160ms
2019-11-15 01:00:21,940 [grpc-default-executor-3] INFO  impl.RaftServerImpl (ServerState.java:setRaftConf(356)) - 10ab2f01-a163-4b0b-bdc9-1962e1c3543b@group-DB30E9AC24B4: set configuration 0: [0e91382f-cc67-4c48-b6bb-37ad8c3df0fd:192.168.164.208:33069, 10ab2f01-a163-4b0b-bdc9-1962e1c3543b:192.168.164.208:38174, 212c8f8f-349a-4c94-b732-b4c0454eae1b:192.168.164.208:37073], old=null at 0
2019-11-15 01:00:21,940 [grpc-default-executor-0] INFO  impl.RaftServerImpl (ServerState.java:setRaftConf(356)) - 0e91382f-cc67-4c48-b6bb-37ad8c3df0fd@group-DB30E9AC24B4: set configuration 0: [0e91382f-cc67-4c48-b6bb-37ad8c3df0fd:192.168.164.208:33069, 10ab2f01-a163-4b0b-bdc9-1962e1c3543b:192.168.164.208:38174, 212c8f8f-349a-4c94-b732-b4c0454eae1b:192.168.164.208:37073], old=null at 0
2019-11-15 01:00:21,940 [grpc-default-executor-3] INFO  segmented.SegmentedRaftLogWorker (SegmentedRaftLogWorker.java:startLogSegment(385)) - 10ab2f01-a163-4b0b-bdc9-1962e1c3543b@group-DB30E9AC24B4-SegmentedRaftLogWorker: Starting segment from index:0
2019-11-15 01:00:21,940 [grpc-default-executor-0] INFO  segmented.SegmentedRaftLogWorker (SegmentedRaftLogWorker.java:startLogSegment(385)) - 0e91382f-cc67-4c48-b6bb-37ad8c3df0fd@group-DB30E9AC24B4-SegmentedRaftLogWorker: Starting segment from index:0
2019-11-15 01:00:21,950 [c7f93789-5ee9-40a1-8afd-58386fa54dde@group-6B10B0D4E190-SegmentedRaftLogWorker] INFO  segmented.SegmentedRaftLogWorker (SegmentedRaftLogWorker.java:execute(576)) - c7f93789-5ee9-40a1-8afd-58386fa54dde@group-6B10B0D4E190-SegmentedRaftLogWorker: created new log segment /workdir/hadoop-ozone/integration-test/target/test-dir/MiniOzoneClusterImpl-9b1c7e50-938b-4652-9315-e435b3731240/datanode-3/data/ratis/b03a05c1-6516-44fc-b455-6b10b0d4e190/current/log_inprogress_0
2019-11-15 01:00:21,950 [212c8f8f-349a-4c94-b732-b4c0454eae1b@group-DB30E9AC24B4-SegmentedRaftLogWorker] INFO  segmented.SegmentedRaftLogWorker (SegmentedRaftLogWorker.java:execute(576)) - 212c8f8f-349a-4c94-b732-b4c0454eae1b@group-DB30E9AC24B4-SegmentedRaftLogWorker: created new log segment /workdir/hadoop-ozone/integration-test/target/test-dir/MiniOzoneClusterImpl-9b1c7e50-938b-4652-9315-e435b3731240/datanode-1/data/ratis/3150d911-3559-45ca-ab84-db30e9ac24b4/current/log_inprogress_0
2019-11-15 01:00:21,950 [10ab2f01-a163-4b0b-bdc9-1962e1c3543b@group-0E0BDA624484-SegmentedRaftLogWorker] INFO  segmented.SegmentedRaftLogWorker (SegmentedRaftLogWorker.java:execute(576)) - 10ab2f01-a163-4b0b-bdc9-1962e1c3543b@group-0E0BDA624484-SegmentedRaftLogWorker: created new log segment /workdir/hadoop-ozone/integration-test/target/test-dir/MiniOzoneClusterImpl-9b1c7e50-938b-4652-9315-e435b3731240/datanode-2/data/ratis/3b986f61-ef5b-4ed2-81d4-0e0bda624484/current/log_inprogress_0
2019-11-15 01:00:21,978 [0e91382f-cc67-4c48-b6bb-37ad8c3df0fd@group-DB30E9AC24B4-SegmentedRaftLogWorker] INFO  segmented.SegmentedRaftLogWorker (SegmentedRaftLogWorker.java:execute(576)) - 0e91382f-cc67-4c48-b6bb-37ad8c3df0fd@group-DB30E9AC24B4-SegmentedRaftLogWorker: created new log segment /workdir/hadoop-ozone/integration-test/target/test-dir/MiniOzoneClusterImpl-9b1c7e50-938b-4652-9315-e435b3731240/datanode-0/data/ratis/3150d911-3559-45ca-ab84-db30e9ac24b4/current/log_inprogress_0
2019-11-15 01:00:21,978 [10ab2f01-a163-4b0b-bdc9-1962e1c3543b@group-DB30E9AC24B4-SegmentedRaftLogWorker] INFO  segmented.SegmentedRaftLogWorker (SegmentedRaftLogWorker.java:execute(576)) - 10ab2f01-a163-4b0b-bdc9-1962e1c3543b@group-DB30E9AC24B4-SegmentedRaftLogWorker: created new log segment /workdir/hadoop-ozone/integration-test/target/test-dir/MiniOzoneClusterImpl-9b1c7e50-938b-4652-9315-e435b3731240/datanode-2/data/ratis/3150d911-3559-45ca-ab84-db30e9ac24b4/current/log_inprogress_0
2019-11-15 01:00:21,989 [Thread-4224] INFO  impl.FollowerState (FollowerState.java:run(111)) - 87580c89-6647-493a-b156-a806d562b3a1@group-356FE2AE1DA6-FollowerState: change to CANDIDATE, lastRpcTime:1052ms, electionTimeout:1052ms
2019-11-15 01:00:21,989 [Thread-4224] INFO  impl.RoleInfo (RoleInfo.java:shutdownFollowerState(121)) - 87580c89-6647-493a-b156-a806d562b3a1: shutdown FollowerState
2019-11-15 01:00:21,989 [Thread-4224] INFO  impl.RaftServerImpl (RaftServerImpl.java:setRole(173)) - 87580c89-6647-493a-b156-a806d562b3a1@group-356FE2AE1DA6: changes role from  FOLLOWER to CANDIDATE at term 0 for changeToCandidate
2019-11-15 01:00:21,989 [Thread-4224] INFO  impl.RoleInfo (RoleInfo.java:updateAndGet(143)) - 87580c89-6647-493a-b156-a806d562b3a1: start LeaderElection
2019-11-15 01:00:22,001 [Thread-4221] INFO  impl.FollowerState (FollowerState.java:run(111)) - d068838d-6499-4b84-94b8-55225fdfdb1a@group-D66E78A59C84-FollowerState: change to CANDIDATE, lastRpcTime:1118ms, electionTimeout:1118ms
2019-11-15 01:00:22,001 [Thread-4221] INFO  impl.RoleInfo (RoleInfo.java:shutdownFollowerState(121)) - d068838d-6499-4b84-94b8-55225fdfdb1a: shutdown FollowerState
2019-11-15 01:00:22,001 [Thread-4221] INFO  impl.RaftServerImpl (RaftServerImpl.java:setRole(173)) - d068838d-6499-4b84-94b8-55225fdfdb1a@group-D66E78A59C84: changes role from  FOLLOWER to CANDIDATE at term 0 for changeToCandidate
2019-11-15 01:00:22,001 [Thread-4221] INFO  impl.RoleInfo (RoleInfo.java:updateAndGet(143)) - d068838d-6499-4b84-94b8-55225fdfdb1a: start LeaderElection
2019-11-15 01:00:22,006 [d068838d-6499-4b84-94b8-55225fdfdb1a@group-D66E78A59C84-LeaderElection158] INFO  impl.LeaderElection (LeaderElection.java:askForVotes(178)) - d068838d-6499-4b84-94b8-55225fdfdb1a@group-D66E78A59C84-LeaderElection158: begin an election at term 1 for -1: [d068838d-6499-4b84-94b8-55225fdfdb1a:192.168.164.208:41973], old=null
2019-11-15 01:00:22,006 [87580c89-6647-493a-b156-a806d562b3a1@group-356FE2AE1DA6-LeaderElection157] INFO  impl.LeaderElection (LeaderElection.java:askForVotes(178)) - 87580c89-6647-493a-b156-a806d562b3a1@group-356FE2AE1DA6-LeaderElection157: begin an election at term 1 for -1: [87580c89-6647-493a-b156-a806d562b3a1:192.168.164.208:37476], old=null
2019-11-15 01:00:22,006 [d068838d-6499-4b84-94b8-55225fdfdb1a@group-D66E78A59C84-LeaderElection158] INFO  impl.RoleInfo (RoleInfo.java:shutdownLeaderElection(134)) - d068838d-6499-4b84-94b8-55225fdfdb1a: shutdown LeaderElection
2019-11-15 01:00:22,006 [87580c89-6647-493a-b156-a806d562b3a1@group-356FE2AE1DA6-LeaderElection157] INFO  impl.RoleInfo (RoleInfo.java:shutdownLeaderElection(134)) - 87580c89-6647-493a-b156-a806d562b3a1: shutdown LeaderElection
2019-11-15 01:00:22,006 [d068838d-6499-4b84-94b8-55225fdfdb1a@group-D66E78A59C84-LeaderElection158] INFO  impl.RaftServerImpl (RaftServerImpl.java:setRole(173)) - d068838d-6499-4b84-94b8-55225fdfdb1a@group-D66E78A59C84: changes role from CANDIDATE to LEADER at term 1 for changeToLeader
2019-11-15 01:00:22,006 [87580c89-6647-493a-b156-a806d562b3a1@group-356FE2AE1DA6-LeaderElection157] INFO  impl.RaftServerImpl (RaftServerImpl.java:setRole(173)) - 87580c89-6647-493a-b156-a806d562b3a1@group-356FE2AE1DA6: changes role from CANDIDATE to LEADER at term 1 for changeToLeader
2019-11-15 01:00:22,007 [d068838d-6499-4b84-94b8-55225fdfdb1a@group-D66E78A59C84-LeaderElection158] INFO  ratis.XceiverServerRatis (XceiverServerRatis.java:handleLeaderChangedNotification(697)) - Leader change notification received for group: group-D66E78A59C84 with new leaderId: d068838d-6499-4b84-94b8-55225fdfdb1a
2019-11-15 01:00:22,007 [87580c89-6647-493a-b156-a806d562b3a1@group-356FE2AE1DA6-LeaderElection157] INFO  ratis.XceiverServerRatis (XceiverServerRatis.java:handleLeaderChangedNotification(697)) - Leader change notification received for group: group-356FE2AE1DA6 with new leaderId: 87580c89-6647-493a-b156-a806d562b3a1
2019-11-15 01:00:22,007 [d068838d-6499-4b84-94b8-55225fdfdb1a@group-D66E78A59C84-LeaderElection158] INFO  impl.RaftServerImpl (ServerState.java:setLeader(255)) - d068838d-6499-4b84-94b8-55225fdfdb1a@group-D66E78A59C84: change Leader from null to d068838d-6499-4b84-94b8-55225fdfdb1a at term 1 for becomeLeader, leader elected after 1129ms
2019-11-15 01:00:22,007 [87580c89-6647-493a-b156-a806d562b3a1@group-356FE2AE1DA6-LeaderElection157] INFO  impl.RaftServerImpl (ServerState.java:setLeader(255)) - 87580c89-6647-493a-b156-a806d562b3a1@group-356FE2AE1DA6: change Leader from null to 87580c89-6647-493a-b156-a806d562b3a1 at term 1 for becomeLeader, leader elected after 1074ms
2019-11-15 01:00:22,007 [d068838d-6499-4b84-94b8-55225fdfdb1a@group-D66E78A59C84-LeaderElection158] INFO  server.RaftServerConfigKeys (ConfUtils.java:logGet(43)) - raft.server.staging.catchup.gap = 1000 (default)
2019-11-15 01:00:22,008 [87580c89-6647-493a-b156-a806d562b3a1@group-356FE2AE1DA6-LeaderElection157] INFO  server.RaftServerConfigKeys (ConfUtils.java:logGet(43)) - raft.server.staging.catchup.gap = 1000 (default)
2019-11-15 01:00:22,015 [d068838d-6499-4b84-94b8-55225fdfdb1a@group-D66E78A59C84-LeaderElection158] INFO  server.RaftServerConfigKeys (ConfUtils.java:logGet(43)) - raft.server.rpc.sleep.time = 25ms (default)
2019-11-15 01:00:22,015 [87580c89-6647-493a-b156-a806d562b3a1@group-356FE2AE1DA6-LeaderElection157] INFO  server.RaftServerConfigKeys (ConfUtils.java:logGet(43)) - raft.server.rpc.sleep.time = 25ms (default)
2019-11-15 01:00:22,016 [EventQueue-PipelineReportForPipelineReportHandler] INFO  pipeline.PipelineStateManager (PipelineStateManager.java:openPipeline(134)) - Pipeline Pipeline[ Id: fa287d53-ea10-4273-b453-d66e78a59c84, Nodes: d068838d-6499-4b84-94b8-55225fdfdb1a{ip: 192.168.164.208, host: pr-hdds-2442-bxv5b-1523879440, networkLocation: /rack1, certSerialId: null}, Type:RATIS, Factor:ONE, State:OPEN] moved to OPEN state
2019-11-15 01:00:22,016 [87580c89-6647-493a-b156-a806d562b3a1@group-356FE2AE1DA6-LeaderElection157] INFO  server.RaftServerConfigKeys (ConfUtils.java:logGet(43)) - raft.server.write.element-limit = 4096 (default)
2019-11-15 01:00:22,016 [d068838d-6499-4b84-94b8-55225fdfdb1a@group-D66E78A59C84-LeaderElection158] INFO  server.RaftServerConfigKeys (ConfUtils.java:logGet(43)) - raft.server.write.element-limit = 4096 (default)
2019-11-15 01:00:22,016 [87580c89-6647-493a-b156-a806d562b3a1@group-356FE2AE1DA6-LeaderElection157] INFO  server.RaftServerConfigKeys (ConfUtils.java:logGet(43)) - raft.server.watch.timeout = 10s (default)
2019-11-15 01:00:22,016 [EventQueue-PipelineReportForPipelineReportHandler] INFO  pipeline.PipelineStateManager (PipelineStateManager.java:openPipeline(134)) - Pipeline Pipeline[ Id: 5b34b55e-f6d1-4398-835a-356fe2ae1da6, Nodes: 87580c89-6647-493a-b156-a806d562b3a1{ip: 192.168.164.208, host: pr-hdds-2442-bxv5b-1523879440, networkLocation: /rack1, certSerialId: null}, Type:RATIS, Factor:ONE, State:OPEN] moved to OPEN state
2019-11-15 01:00:22,016 [87580c89-6647-493a-b156-a806d562b3a1@group-356FE2AE1DA6-LeaderElection157] INFO  server.RaftServerConfigKeys (ConfUtils.java:logGet(43)) - raft.server.watch.timeout.denomination = 1s (default)
2019-11-15 01:00:22,016 [d068838d-6499-4b84-94b8-55225fdfdb1a@group-D66E78A59C84-LeaderElection158] INFO  server.RaftServerConfigKeys (ConfUtils.java:logGet(43)) - raft.server.watch.timeout = 10s (default)
2019-11-15 01:00:22,016 [87580c89-6647-493a-b156-a806d562b3a1@group-356FE2AE1DA6-LeaderElection157] INFO  server.RaftServerConfigKeys (ConfUtils.java:logGet(43)) - raft.server.watch.element-limit = 65536 (default)
2019-11-15 01:00:22,016 [d068838d-6499-4b84-94b8-55225fdfdb1a@group-D66E78A59C84-LeaderElection158] INFO  server.RaftServerConfigKeys (ConfUtils.java:logGet(43)) - raft.server.watch.timeout.denomination = 1s (default)
2019-11-15 01:00:22,016 [87580c89-6647-493a-b156-a806d562b3a1@group-356FE2AE1DA6-LeaderElection157] INFO  impl.RoleInfo (RoleInfo.java:updateAndGet(143)) - 87580c89-6647-493a-b156-a806d562b3a1: start LeaderState
2019-11-15 01:00:22,016 [d068838d-6499-4b84-94b8-55225fdfdb1a@group-D66E78A59C84-LeaderElection158] INFO  server.RaftServerConfigKeys (ConfUtils.java:logGet(43)) - raft.server.watch.element-limit = 65536 (default)
2019-11-15 01:00:22,017 [d068838d-6499-4b84-94b8-55225fdfdb1a@group-D66E78A59C84-LeaderElection158] INFO  impl.RoleInfo (RoleInfo.java:updateAndGet(143)) - d068838d-6499-4b84-94b8-55225fdfdb1a: start LeaderState
2019-11-15 01:00:22,017 [87580c89-6647-493a-b156-a806d562b3a1@group-356FE2AE1DA6-LeaderElection157] INFO  segmented.SegmentedRaftLogWorker (SegmentedRaftLogWorker.java:startLogSegment(385)) - 87580c89-6647-493a-b156-a806d562b3a1@group-356FE2AE1DA6-SegmentedRaftLogWorker: Starting segment from index:0
2019-11-15 01:00:22,017 [d068838d-6499-4b84-94b8-55225fdfdb1a@group-D66E78A59C84-LeaderElection158] INFO  segmented.SegmentedRaftLogWorker (SegmentedRaftLogWorker.java:startLogSegment(385)) - d068838d-6499-4b84-94b8-55225fdfdb1a@group-D66E78A59C84-SegmentedRaftLogWorker: Starting segment from index:0
2019-11-15 01:00:22,017 [87580c89-6647-493a-b156-a806d562b3a1@group-356FE2AE1DA6-LeaderElection157] INFO  impl.RaftServerImpl (ServerState.java:setRaftConf(356)) - 87580c89-6647-493a-b156-a806d562b3a1@group-356FE2AE1DA6: set configuration 0: [87580c89-6647-493a-b156-a806d562b3a1:192.168.164.208:37476], old=null at 0
2019-11-15 01:00:22,017 [d068838d-6499-4b84-94b8-55225fdfdb1a@group-D66E78A59C84-LeaderElection158] INFO  impl.RaftServerImpl (ServerState.java:setRaftConf(356)) - d068838d-6499-4b84-94b8-55225fdfdb1a@group-D66E78A59C84: set configuration 0: [d068838d-6499-4b84-94b8-55225fdfdb1a:192.168.164.208:41973], old=null at 0
2019-11-15 01:00:22,059 [87580c89-6647-493a-b156-a806d562b3a1@group-356FE2AE1DA6-SegmentedRaftLogWorker] INFO  segmented.SegmentedRaftLogWorker (SegmentedRaftLogWorker.java:execute(576)) - 87580c89-6647-493a-b156-a806d562b3a1@group-356FE2AE1DA6-SegmentedRaftLogWorker: created new log segment /workdir/hadoop-ozone/integration-test/target/test-dir/MiniOzoneClusterImpl-9b1c7e50-938b-4652-9315-e435b3731240/datanode-5/data/ratis/5b34b55e-f6d1-4398-835a-356fe2ae1da6/current/log_inprogress_0
2019-11-15 01:00:22,059 [d068838d-6499-4b84-94b8-55225fdfdb1a@group-D66E78A59C84-SegmentedRaftLogWorker] INFO  segmented.SegmentedRaftLogWorker (SegmentedRaftLogWorker.java:execute(576)) - d068838d-6499-4b84-94b8-55225fdfdb1a@group-D66E78A59C84-SegmentedRaftLogWorker: created new log segment /workdir/hadoop-ozone/integration-test/target/test-dir/MiniOzoneClusterImpl-9b1c7e50-938b-4652-9315-e435b3731240/datanode-4/data/ratis/fa287d53-ea10-4273-b453-d66e78a59c84/current/log_inprogress_0
2019-11-15 01:00:22,102 [Thread-4227] INFO  impl.FollowerState (FollowerState.java:run(111)) - d068838d-6499-4b84-94b8-55225fdfdb1a@group-CB25DF611C5E-FollowerState: change to CANDIDATE, lastRpcTime:1086ms, electionTimeout:1086ms
2019-11-15 01:00:22,102 [Thread-4227] INFO  impl.RoleInfo (RoleInfo.java:shutdownFollowerState(121)) - d068838d-6499-4b84-94b8-55225fdfdb1a: shutdown FollowerState
2019-11-15 01:00:22,102 [Thread-4227] INFO  impl.RaftServerImpl (RaftServerImpl.java:setRole(173)) - d068838d-6499-4b84-94b8-55225fdfdb1a@group-CB25DF611C5E: changes role from  FOLLOWER to CANDIDATE at term 0 for changeToCandidate
2019-11-15 01:00:22,102 [Thread-4227] INFO  impl.RoleInfo (RoleInfo.java:updateAndGet(143)) - d068838d-6499-4b84-94b8-55225fdfdb1a: start LeaderElection
2019-11-15 01:00:22,108 [Thread-4231] INFO  impl.FollowerState (FollowerState.java:run(111)) - c7f93789-5ee9-40a1-8afd-58386fa54dde@group-CB25DF611C5E-FollowerState: change to CANDIDATE, lastRpcTime:1089ms, electionTimeout:1089ms
2019-11-15 01:00:22,108 [Thread-4231] INFO  impl.RoleInfo (RoleInfo.java:shutdownFollowerState(121)) - c7f93789-5ee9-40a1-8afd-58386fa54dde: shutdown FollowerState
2019-11-15 01:00:22,108 [Thread-4231] INFO  impl.RaftServerImpl (RaftServerImpl.java:setRole(173)) - c7f93789-5ee9-40a1-8afd-58386fa54dde@group-CB25DF611C5E: changes role from  FOLLOWER to CANDIDATE at term 0 for changeToCandidate
2019-11-15 01:00:22,109 [Thread-4231] INFO  impl.RoleInfo (RoleInfo.java:updateAndGet(143)) - c7f93789-5ee9-40a1-8afd-58386fa54dde: start LeaderElection
2019-11-15 01:00:22,119 [d068838d-6499-4b84-94b8-55225fdfdb1a@group-CB25DF611C5E-LeaderElection159] INFO  impl.LeaderElection (LeaderElection.java:askForVotes(178)) - d068838d-6499-4b84-94b8-55225fdfdb1a@group-CB25DF611C5E-LeaderElection159: begin an election at term 1 for -1: [d068838d-6499-4b84-94b8-55225fdfdb1a:192.168.164.208:41973, 87580c89-6647-493a-b156-a806d562b3a1:192.168.164.208:37476, c7f93789-5ee9-40a1-8afd-58386fa54dde:192.168.164.208:38346], old=null
2019-11-15 01:00:22,119 [c7f93789-5ee9-40a1-8afd-58386fa54dde@group-CB25DF611C5E-LeaderElection160] INFO  impl.LeaderElection (LeaderElection.java:askForVotes(178)) - c7f93789-5ee9-40a1-8afd-58386fa54dde@group-CB25DF611C5E-LeaderElection160: begin an election at term 1 for -1: [d068838d-6499-4b84-94b8-55225fdfdb1a:192.168.164.208:41973, 87580c89-6647-493a-b156-a806d562b3a1:192.168.164.208:37476, c7f93789-5ee9-40a1-8afd-58386fa54dde:192.168.164.208:38346], old=null
2019-11-15 01:00:22,124 [grpc-default-executor-5] INFO  impl.RaftServerImpl (RaftServerImpl.java:setRole(173)) - 87580c89-6647-493a-b156-a806d562b3a1@group-CB25DF611C5E: changes role from  FOLLOWER to FOLLOWER at term 1 for recognizeCandidate:d068838d-6499-4b84-94b8-55225fdfdb1a
2019-11-15 01:00:22,124 [grpc-default-executor-5] INFO  impl.RoleInfo (RoleInfo.java:shutdownFollowerState(121)) - 87580c89-6647-493a-b156-a806d562b3a1: shutdown FollowerState
2019-11-15 01:00:22,124 [grpc-default-executor-5] INFO  impl.RoleInfo (RoleInfo.java:updateAndGet(143)) - 87580c89-6647-493a-b156-a806d562b3a1: start FollowerState
2019-11-15 01:00:22,125 [Thread-4232] INFO  impl.FollowerState (FollowerState.java:run(120)) - 87580c89-6647-493a-b156-a806d562b3a1@group-CB25DF611C5E-FollowerState was interrupted: java.lang.InterruptedException: sleep interrupted
2019-11-15 01:00:22,141 [c7f93789-5ee9-40a1-8afd-58386fa54dde@group-CB25DF611C5E-LeaderElection160] INFO  impl.LeaderElection (LeaderElection.java:logAndReturn(56)) - c7f93789-5ee9-40a1-8afd-58386fa54dde@group-CB25DF611C5E-LeaderElection160: Election REJECTED; received 2 response(s) [c7f93789-5ee9-40a1-8afd-58386fa54dde<-d068838d-6499-4b84-94b8-55225fdfdb1a#0:FAIL-t1, c7f93789-5ee9-40a1-8afd-58386fa54dde<-87580c89-6647-493a-b156-a806d562b3a1#0:FAIL-t1] and 0 exception(s); c7f93789-5ee9-40a1-8afd-58386fa54dde@group-CB25DF611C5E:t1, leader=null, voted=c7f93789-5ee9-40a1-8afd-58386fa54dde, raftlog=c7f93789-5ee9-40a1-8afd-58386fa54dde@group-CB25DF611C5E-SegmentedRaftLog:OPENED:c-1,f-1,i0, conf=-1: [d068838d-6499-4b84-94b8-55225fdfdb1a:192.168.164.208:41973, 87580c89-6647-493a-b156-a806d562b3a1:192.168.164.208:37476, c7f93789-5ee9-40a1-8afd-58386fa54dde:192.168.164.208:38346], old=null
2019-11-15 01:00:22,141 [d068838d-6499-4b84-94b8-55225fdfdb1a@group-CB25DF611C5E-LeaderElection159] INFO  impl.LeaderElection (LeaderElection.java:logAndReturn(56)) - d068838d-6499-4b84-94b8-55225fdfdb1a@group-CB25DF611C5E-LeaderElection159: Election PASSED; received 2 response(s) [d068838d-6499-4b84-94b8-55225fdfdb1a<-87580c89-6647-493a-b156-a806d562b3a1#0:OK-t1, d068838d-6499-4b84-94b8-55225fdfdb1a<-c7f93789-5ee9-40a1-8afd-58386fa54dde#0:FAIL-t1] and 0 exception(s); d068838d-6499-4b84-94b8-55225fdfdb1a@group-CB25DF611C5E:t1, leader=null, voted=d068838d-6499-4b84-94b8-55225fdfdb1a, raftlog=d068838d-6499-4b84-94b8-55225fdfdb1a@group-CB25DF611C5E-SegmentedRaftLog:OPENED:c-1,f-1,i0, conf=-1: [d068838d-6499-4b84-94b8-55225fdfdb1a:192.168.164.208:41973, 87580c89-6647-493a-b156-a806d562b3a1:192.168.164.208:37476, c7f93789-5ee9-40a1-8afd-58386fa54dde:192.168.164.208:38346], old=null
2019-11-15 01:00:22,141 [c7f93789-5ee9-40a1-8afd-58386fa54dde@group-CB25DF611C5E-LeaderElection160] INFO  impl.RaftServerImpl (RaftServerImpl.java:setRole(173)) - c7f93789-5ee9-40a1-8afd-58386fa54dde@group-CB25DF611C5E: changes role from CANDIDATE to FOLLOWER at term 1 for DISCOVERED_A_NEW_TERM
2019-11-15 01:00:22,141 [d068838d-6499-4b84-94b8-55225fdfdb1a@group-CB25DF611C5E-LeaderElection159] INFO  impl.RoleInfo (RoleInfo.java:shutdownLeaderElection(134)) - d068838d-6499-4b84-94b8-55225fdfdb1a: shutdown LeaderElection
2019-11-15 01:00:22,141 [c7f93789-5ee9-40a1-8afd-58386fa54dde@group-CB25DF611C5E-LeaderElection160] INFO  impl.RoleInfo (RoleInfo.java:shutdownLeaderElection(134)) - c7f93789-5ee9-40a1-8afd-58386fa54dde: shutdown LeaderElection
2019-11-15 01:00:22,141 [d068838d-6499-4b84-94b8-55225fdfdb1a@group-CB25DF611C5E-LeaderElection159] INFO  impl.RaftServerImpl (RaftServerImpl.java:setRole(173)) - d068838d-6499-4b84-94b8-55225fdfdb1a@group-CB25DF611C5E: changes role from CANDIDATE to LEADER at term 1 for changeToLeader
2019-11-15 01:00:22,142 [d068838d-6499-4b84-94b8-55225fdfdb1a@group-CB25DF611C5E-LeaderElection159] INFO  ratis.XceiverServerRatis (XceiverServerRatis.java:handleLeaderChangedNotification(697)) - Leader change notification received for group: group-CB25DF611C5E with new leaderId: d068838d-6499-4b84-94b8-55225fdfdb1a
2019-11-15 01:00:22,141 [c7f93789-5ee9-40a1-8afd-58386fa54dde@group-CB25DF611C5E-LeaderElection160] INFO  impl.RoleInfo (RoleInfo.java:updateAndGet(143)) - c7f93789-5ee9-40a1-8afd-58386fa54dde: start FollowerState
2019-11-15 01:00:22,142 [d068838d-6499-4b84-94b8-55225fdfdb1a@group-CB25DF611C5E-LeaderElection159] INFO  impl.RaftServerImpl (ServerState.java:setLeader(255)) - d068838d-6499-4b84-94b8-55225fdfdb1a@group-CB25DF611C5E: change Leader from null to d068838d-6499-4b84-94b8-55225fdfdb1a at term 1 for becomeLeader, leader elected after 1132ms
2019-11-15 01:00:22,142 [d068838d-6499-4b84-94b8-55225fdfdb1a@group-CB25DF611C5E-LeaderElection159] INFO  server.RaftServerConfigKeys (ConfUtils.java:logGet(43)) - raft.server.staging.catchup.gap = 1000 (default)
2019-11-15 01:00:22,142 [d068838d-6499-4b84-94b8-55225fdfdb1a@group-CB25DF611C5E-LeaderElection159] INFO  server.RaftServerConfigKeys (ConfUtils.java:logGet(43)) - raft.server.rpc.sleep.time = 25ms (default)
2019-11-15 01:00:22,142 [d068838d-6499-4b84-94b8-55225fdfdb1a@group-CB25DF611C5E-LeaderElection159] INFO  server.RaftServerConfigKeys (ConfUtils.java:logGet(43)) - raft.server.write.element-limit = 4096 (default)
2019-11-15 01:00:22,143 [d068838d-6499-4b84-94b8-55225fdfdb1a@group-CB25DF611C5E-LeaderElection159] INFO  server.RaftServerConfigKeys (ConfUtils.java:logGet(43)) - raft.server.watch.timeout = 10s (default)
2019-11-15 01:00:22,143 [EventQueue-PipelineReportForPipelineReportHandler] INFO  pipeline.PipelineStateManager (PipelineStateManager.java:openPipeline(134)) - Pipeline Pipeline[ Id: 719a7dd4-06e1-48df-a22a-cb25df611c5e, Nodes: c7f93789-5ee9-40a1-8afd-58386fa54dde{ip: 192.168.164.208, host: pr-hdds-2442-bxv5b-1523879440, networkLocation: /rack1, certSerialId: null}d068838d-6499-4b84-94b8-55225fdfdb1a{ip: 192.168.164.208, host: pr-hdds-2442-bxv5b-1523879440, networkLocation: /rack1, certSerialId: null}87580c89-6647-493a-b156-a806d562b3a1{ip: 192.168.164.208, host: pr-hdds-2442-bxv5b-1523879440, networkLocation: /rack1, certSerialId: null}, Type:RATIS, Factor:THREE, State:OPEN] moved to OPEN state
2019-11-15 01:00:22,143 [d068838d-6499-4b84-94b8-55225fdfdb1a@group-CB25DF611C5E-LeaderElection159] INFO  server.RaftServerConfigKeys (ConfUtils.java:logGet(43)) - raft.server.watch.timeout.denomination = 1s (default)
2019-11-15 01:00:22,143 [d068838d-6499-4b84-94b8-55225fdfdb1a@group-CB25DF611C5E-LeaderElection159] INFO  server.RaftServerConfigKeys (ConfUtils.java:logGet(43)) - raft.server.watch.element-limit = 65536 (default)
2019-11-15 01:00:22,143 [d068838d-6499-4b84-94b8-55225fdfdb1a@group-CB25DF611C5E-LeaderElection159] INFO  server.RaftServerConfigKeys (ConfUtils.java:logGet(43)) - raft.server.log.appender.snapshot.chunk.size.max = 16MB (=16777216) (default)
2019-11-15 01:00:22,143 [d068838d-6499-4b84-94b8-55225fdfdb1a@group-CB25DF611C5E-LeaderElection159] INFO  server.RaftServerConfigKeys (ConfUtils.java:logGet(43)) - raft.server.log.appender.buffer.byte-limit = 33554432 (custom)
2019-11-15 01:00:22,144 [d068838d-6499-4b84-94b8-55225fdfdb1a@group-CB25DF611C5E-LeaderElection159] INFO  server.RaftServerConfigKeys (ConfUtils.java:logGet(43)) - raft.server.log.appender.buffer.element-limit = 1 (custom)
2019-11-15 01:00:22,144 [d068838d-6499-4b84-94b8-55225fdfdb1a@group-CB25DF611C5E-LeaderElection159] INFO  grpc.GrpcConfigKeys$Server (ConfUtils.java:logGet(43)) - raft.grpc.server.leader.outstanding.appends.max = 128 (default)
2019-11-15 01:00:22,144 [d068838d-6499-4b84-94b8-55225fdfdb1a@group-CB25DF611C5E-LeaderElection159] INFO  server.RaftServerConfigKeys (ConfUtils.java:logGet(43)) - raft.server.rpc.request.timeout = 3000ms (default)
2019-11-15 01:00:22,144 [d068838d-6499-4b84-94b8-55225fdfdb1a@group-CB25DF611C5E-LeaderElection159] INFO  server.RaftServerConfigKeys (ConfUtils.java:logGet(43)) - raft.server.log.appender.install.snapshot.enabled = false (custom)
2019-11-15 01:00:22,144 [d068838d-6499-4b84-94b8-55225fdfdb1a@group-CB25DF611C5E-LeaderElection159] WARN  impl.MetricRegistriesImpl (MetricRegistriesImpl.java:lambda$create$1(61)) - First MetricRegistry has been created without registering reporters. You may need to call MetricRegistries.global().addReportRegistration(...) before.
2019-11-15 01:00:22,145 [d068838d-6499-4b84-94b8-55225fdfdb1a@group-CB25DF611C5E-LeaderElection159] INFO  server.RaftServerConfigKeys (ConfUtils.java:logGet(43)) - raft.server.log.appender.snapshot.chunk.size.max = 16MB (=16777216) (default)
2019-11-15 01:00:22,145 [d068838d-6499-4b84-94b8-55225fdfdb1a@group-CB25DF611C5E-LeaderElection159] INFO  server.RaftServerConfigKeys (ConfUtils.java:logGet(43)) - raft.server.log.appender.buffer.byte-limit = 33554432 (custom)
2019-11-15 01:00:22,145 [d068838d-6499-4b84-94b8-55225fdfdb1a@group-CB25DF611C5E-LeaderElection159] INFO  server.RaftServerConfigKeys (ConfUtils.java:logGet(43)) - raft.server.log.appender.buffer.element-limit = 1 (custom)
2019-11-15 01:00:22,145 [d068838d-6499-4b84-94b8-55225fdfdb1a@group-CB25DF611C5E-LeaderElection159] INFO  grpc.GrpcConfigKeys$Server (ConfUtils.java:logGet(43)) - raft.grpc.server.leader.outstanding.appends.max = 128 (default)
2019-11-15 01:00:22,145 [d068838d-6499-4b84-94b8-55225fdfdb1a@group-CB25DF611C5E-LeaderElection159] INFO  server.RaftServerConfigKeys (ConfUtils.java:logGet(43)) - raft.server.rpc.request.timeout = 3000ms (default)
2019-11-15 01:00:22,145 [d068838d-6499-4b84-94b8-55225fdfdb1a@group-CB25DF611C5E-LeaderElection159] INFO  server.RaftServerConfigKeys (ConfUtils.java:logGet(43)) - raft.server.log.appender.install.snapshot.enabled = false (custom)
2019-11-15 01:00:22,146 [d068838d-6499-4b84-94b8-55225fdfdb1a@group-CB25DF611C5E-LeaderElection159] INFO  impl.RoleInfo (RoleInfo.java:updateAndGet(143)) - d068838d-6499-4b84-94b8-55225fdfdb1a: start LeaderState
2019-11-15 01:00:22,146 [d068838d-6499-4b84-94b8-55225fdfdb1a@group-CB25DF611C5E-LeaderElection159] INFO  segmented.SegmentedRaftLogWorker (SegmentedRaftLogWorker.java:startLogSegment(385)) - d068838d-6499-4b84-94b8-55225fdfdb1a@group-CB25DF611C5E-SegmentedRaftLogWorker: Starting segment from index:0
2019-11-15 01:00:22,147 [d068838d-6499-4b84-94b8-55225fdfdb1a@group-CB25DF611C5E-LeaderElection159] INFO  impl.RaftServerImpl (ServerState.java:setRaftConf(356)) - d068838d-6499-4b84-94b8-55225fdfdb1a@group-CB25DF611C5E: set configuration 0: [d068838d-6499-4b84-94b8-55225fdfdb1a:192.168.164.208:41973, 87580c89-6647-493a-b156-a806d562b3a1:192.168.164.208:37476, c7f93789-5ee9-40a1-8afd-58386fa54dde:192.168.164.208:38346], old=null at 0
2019-11-15 01:00:22,147 [grpc-default-executor-5] INFO  ratis.XceiverServerRatis (XceiverServerRatis.java:handleLeaderChangedNotification(697)) - Leader change notification received for group: group-CB25DF611C5E with new leaderId: d068838d-6499-4b84-94b8-55225fdfdb1a
2019-11-15 01:00:22,147 [grpc-default-executor-0] INFO  ratis.XceiverServerRatis (XceiverServerRatis.java:handleLeaderChangedNotification(697)) - Leader change notification received for group: group-CB25DF611C5E with new leaderId: d068838d-6499-4b84-94b8-55225fdfdb1a
2019-11-15 01:00:22,148 [grpc-default-executor-5] INFO  impl.RaftServerImpl (ServerState.java:setLeader(255)) - 87580c89-6647-493a-b156-a806d562b3a1@group-CB25DF611C5E: change Leader from null to d068838d-6499-4b84-94b8-55225fdfdb1a at term 1 for appendEntries, leader elected after 1138ms
2019-11-15 01:00:22,148 [grpc-default-executor-0] INFO  impl.RaftServerImpl (ServerState.java:setLeader(255)) - c7f93789-5ee9-40a1-8afd-58386fa54dde@group-CB25DF611C5E: change Leader from null to d068838d-6499-4b84-94b8-55225fdfdb1a at term 1 for appendEntries, leader elected after 1138ms
2019-11-15 01:00:22,150 [grpc-default-executor-0] INFO  impl.RaftServerImpl (ServerState.java:setRaftConf(356)) - 87580c89-6647-493a-b156-a806d562b3a1@group-CB25DF611C5E: set configuration 0: [d068838d-6499-4b84-94b8-55225fdfdb1a:192.168.164.208:41973, 87580c89-6647-493a-b156-a806d562b3a1:192.168.164.208:37476, c7f93789-5ee9-40a1-8afd-58386fa54dde:192.168.164.208:38346], old=null at 0
2019-11-15 01:00:22,150 [grpc-default-executor-0] INFO  segmented.SegmentedRaftLogWorker (SegmentedRaftLogWorker.java:startLogSegment(385)) - 87580c89-6647-493a-b156-a806d562b3a1@group-CB25DF611C5E-SegmentedRaftLogWorker: Starting segment from index:0
2019-11-15 01:00:22,150 [grpc-default-executor-5] INFO  impl.RaftServerImpl (ServerState.java:setRaftConf(356)) - c7f93789-5ee9-40a1-8afd-58386fa54dde@group-CB25DF611C5E: set configuration 0: [d068838d-6499-4b84-94b8-55225fdfdb1a:192.168.164.208:41973, 87580c89-6647-493a-b156-a806d562b3a1:192.168.164.208:37476, c7f93789-5ee9-40a1-8afd-58386fa54dde:192.168.164.208:38346], old=null at 0
2019-11-15 01:00:22,150 [grpc-default-executor-5] INFO  segmented.SegmentedRaftLogWorker (SegmentedRaftLogWorker.java:startLogSegment(385)) - c7f93789-5ee9-40a1-8afd-58386fa54dde@group-CB25DF611C5E-SegmentedRaftLogWorker: Starting segment from index:0
2019-11-15 01:00:22,172 [Thread-4239] INFO  impl.FollowerState (FollowerState.java:run(111)) - 2b497d53-8cea-4a7e-98a0-4cfb87fd1475@group-0147C83916CF-FollowerState: change to CANDIDATE, lastRpcTime:1027ms, electionTimeout:1027ms
2019-11-15 01:00:22,172 [Thread-4239] INFO  impl.RoleInfo (RoleInfo.java:shutdownFollowerState(121)) - 2b497d53-8cea-4a7e-98a0-4cfb87fd1475: shutdown FollowerState
2019-11-15 01:00:22,172 [Thread-4239] INFO  impl.RaftServerImpl (RaftServerImpl.java:setRole(173)) - 2b497d53-8cea-4a7e-98a0-4cfb87fd1475@group-0147C83916CF: changes role from  FOLLOWER to CANDIDATE at term 0 for changeToCandidate
2019-11-15 01:00:22,172 [Thread-4239] INFO  impl.RoleInfo (RoleInfo.java:updateAndGet(143)) - 2b497d53-8cea-4a7e-98a0-4cfb87fd1475: start LeaderElection
2019-11-15 01:00:22,204 [d068838d-6499-4b84-94b8-55225fdfdb1a@group-CB25DF611C5E-SegmentedRaftLogWorker] INFO  segmented.SegmentedRaftLogWorker (SegmentedRaftLogWorker.java:execute(576)) - d068838d-6499-4b84-94b8-55225fdfdb1a@group-CB25DF611C5E-SegmentedRaftLogWorker: created new log segment /workdir/hadoop-ozone/integration-test/target/test-dir/MiniOzoneClusterImpl-9b1c7e50-938b-4652-9315-e435b3731240/datanode-4/data/ratis/719a7dd4-06e1-48df-a22a-cb25df611c5e/current/log_inprogress_0
2019-11-15 01:00:22,204 [87580c89-6647-493a-b156-a806d562b3a1@group-CB25DF611C5E-SegmentedRaftLogWorker] INFO  segmented.SegmentedRaftLogWorker (SegmentedRaftLogWorker.java:execute(576)) - 87580c89-6647-493a-b156-a806d562b3a1@group-CB25DF611C5E-SegmentedRaftLogWorker: created new log segment /workdir/hadoop-ozone/integration-test/target/test-dir/MiniOzoneClusterImpl-9b1c7e50-938b-4652-9315-e435b3731240/datanode-5/data/ratis/719a7dd4-06e1-48df-a22a-cb25df611c5e/current/log_inprogress_0
2019-11-15 01:00:22,204 [2b497d53-8cea-4a7e-98a0-4cfb87fd1475@group-0147C83916CF-LeaderElection161] INFO  impl.LeaderElection (LeaderElection.java:askForVotes(178)) - 2b497d53-8cea-4a7e-98a0-4cfb87fd1475@group-0147C83916CF-LeaderElection161: begin an election at term 1 for -1: [2b497d53-8cea-4a7e-98a0-4cfb87fd1475:192.168.164.208:45511], old=null
2019-11-15 01:00:22,204 [c7f93789-5ee9-40a1-8afd-58386fa54dde@group-CB25DF611C5E-SegmentedRaftLogWorker] INFO  segmented.SegmentedRaftLogWorker (SegmentedRaftLogWorker.java:execute(576)) - c7f93789-5ee9-40a1-8afd-58386fa54dde@group-CB25DF611C5E-SegmentedRaftLogWorker: created new log segment /workdir/hadoop-ozone/integration-test/target/test-dir/MiniOzoneClusterImpl-9b1c7e50-938b-4652-9315-e435b3731240/datanode-3/data/ratis/719a7dd4-06e1-48df-a22a-cb25df611c5e/current/log_inprogress_0
2019-11-15 01:00:22,204 [2b497d53-8cea-4a7e-98a0-4cfb87fd1475@group-0147C83916CF-LeaderElection161] INFO  impl.RoleInfo (RoleInfo.java:shutdownLeaderElection(134)) - 2b497d53-8cea-4a7e-98a0-4cfb87fd1475: shutdown LeaderElection
2019-11-15 01:00:22,204 [2b497d53-8cea-4a7e-98a0-4cfb87fd1475@group-0147C83916CF-LeaderElection161] INFO  impl.RaftServerImpl (RaftServerImpl.java:setRole(173)) - 2b497d53-8cea-4a7e-98a0-4cfb87fd1475@group-0147C83916CF: changes role from CANDIDATE to LEADER at term 1 for changeToLeader
2019-11-15 01:00:22,204 [2b497d53-8cea-4a7e-98a0-4cfb87fd1475@group-0147C83916CF-LeaderElection161] INFO  ratis.XceiverServerRatis (XceiverServerRatis.java:handleLeaderChangedNotification(697)) - Leader change notification received for group: group-0147C83916CF with new leaderId: 2b497d53-8cea-4a7e-98a0-4cfb87fd1475
2019-11-15 01:00:22,205 [2b497d53-8cea-4a7e-98a0-4cfb87fd1475@group-0147C83916CF-LeaderElection161] INFO  impl.RaftServerImpl (ServerState.java:setLeader(255)) - 2b497d53-8cea-4a7e-98a0-4cfb87fd1475@group-0147C83916CF: change Leader from null to 2b497d53-8cea-4a7e-98a0-4cfb87fd1475 at term 1 for becomeLeader, leader elected after 1063ms
2019-11-15 01:00:22,205 [2b497d53-8cea-4a7e-98a0-4cfb87fd1475@group-0147C83916CF-LeaderElection161] INFO  server.RaftServerConfigKeys (ConfUtils.java:logGet(43)) - raft.server.staging.catchup.gap = 1000 (default)
2019-11-15 01:00:22,205 [2b497d53-8cea-4a7e-98a0-4cfb87fd1475@group-0147C83916CF-LeaderElection161] INFO  server.RaftServerConfigKeys (ConfUtils.java:logGet(43)) - raft.server.rpc.sleep.time = 25ms (default)
2019-11-15 01:00:22,205 [2b497d53-8cea-4a7e-98a0-4cfb87fd1475@group-0147C83916CF-LeaderElection161] INFO  server.RaftServerConfigKeys (ConfUtils.java:logGet(43)) - raft.server.write.element-limit = 4096 (default)
2019-11-15 01:00:22,207 [2b497d53-8cea-4a7e-98a0-4cfb87fd1475@group-0147C83916CF-LeaderElection161] INFO  server.RaftServerConfigKeys (ConfUtils.java:logGet(43)) - raft.server.watch.timeout = 10s (default)
2019-11-15 01:00:22,207 [2b497d53-8cea-4a7e-98a0-4cfb87fd1475@group-0147C83916CF-LeaderElection161] INFO  server.RaftServerConfigKeys (ConfUtils.java:logGet(43)) - raft.server.watch.timeout.denomination = 1s (default)
2019-11-15 01:00:22,207 [2b497d53-8cea-4a7e-98a0-4cfb87fd1475@group-0147C83916CF-LeaderElection161] INFO  server.RaftServerConfigKeys (ConfUtils.java:logGet(43)) - raft.server.watch.element-limit = 65536 (default)
2019-11-15 01:00:22,207 [2b497d53-8cea-4a7e-98a0-4cfb87fd1475@group-0147C83916CF-LeaderElection161] INFO  impl.RoleInfo (RoleInfo.java:updateAndGet(143)) - 2b497d53-8cea-4a7e-98a0-4cfb87fd1475: start LeaderState
2019-11-15 01:00:22,207 [2b497d53-8cea-4a7e-98a0-4cfb87fd1475@group-0147C83916CF-LeaderElection161] INFO  segmented.SegmentedRaftLogWorker (SegmentedRaftLogWorker.java:startLogSegment(385)) - 2b497d53-8cea-4a7e-98a0-4cfb87fd1475@group-0147C83916CF-SegmentedRaftLogWorker: Starting segment from index:0
2019-11-15 01:00:22,207 [EventQueue-PipelineReportForPipelineReportHandler] INFO  pipeline.PipelineStateManager (PipelineStateManager.java:openPipeline(134)) - Pipeline Pipeline[ Id: b1821703-35e1-47fc-bb03-0147c83916cf, Nodes: 2b497d53-8cea-4a7e-98a0-4cfb87fd1475{ip: 192.168.164.208, host: pr-hdds-2442-bxv5b-1523879440, networkLocation: /rack1, certSerialId: null}, Type:RATIS, Factor:ONE, State:OPEN] moved to OPEN state
2019-11-15 01:00:22,207 [2b497d53-8cea-4a7e-98a0-4cfb87fd1475@group-0147C83916CF-LeaderElection161] INFO  impl.RaftServerImpl (ServerState.java:setRaftConf(356)) - 2b497d53-8cea-4a7e-98a0-4cfb87fd1475@group-0147C83916CF: set configuration 0: [2b497d53-8cea-4a7e-98a0-4cfb87fd1475:192.168.164.208:45511], old=null at 0
2019-11-15 01:00:22,242 [main] INFO  ozone.MiniOzoneClusterImpl (MiniOzoneClusterImpl.java:lambda$waitForClusterToBeReady$2(163)) - Waiting for 3 number of pipelines out of 12, to report a leader.
2019-11-15 01:00:22,263 [2b497d53-8cea-4a7e-98a0-4cfb87fd1475@group-0147C83916CF-SegmentedRaftLogWorker] INFO  segmented.SegmentedRaftLogWorker (SegmentedRaftLogWorker.java:execute(576)) - 2b497d53-8cea-4a7e-98a0-4cfb87fd1475@group-0147C83916CF-SegmentedRaftLogWorker: created new log segment /workdir/hadoop-ozone/integration-test/target/test-dir/MiniOzoneClusterImpl-9b1c7e50-938b-4652-9315-e435b3731240/datanode-6/data/ratis/b1821703-35e1-47fc-bb03-0147c83916cf/current/log_inprogress_0
2019-11-15 01:00:22,281 [Thread-4236] INFO  impl.FollowerState (FollowerState.java:run(111)) - e728dc25-e4b1-43c6-a53d-eff097089a23@group-D90EF171477C-FollowerState: change to CANDIDATE, lastRpcTime:1200ms, electionTimeout:1200ms
2019-11-15 01:00:22,281 [Thread-4236] INFO  impl.RoleInfo (RoleInfo.java:shutdownFollowerState(121)) - e728dc25-e4b1-43c6-a53d-eff097089a23: shutdown FollowerState
2019-11-15 01:00:22,281 [Thread-4236] INFO  impl.RaftServerImpl (RaftServerImpl.java:setRole(173)) - e728dc25-e4b1-43c6-a53d-eff097089a23@group-D90EF171477C: changes role from  FOLLOWER to CANDIDATE at term 0 for changeToCandidate
2019-11-15 01:00:22,282 [Thread-4236] INFO  impl.RoleInfo (RoleInfo.java:updateAndGet(143)) - e728dc25-e4b1-43c6-a53d-eff097089a23: start LeaderElection
2019-11-15 01:00:22,299 [e728dc25-e4b1-43c6-a53d-eff097089a23@group-D90EF171477C-LeaderElection162] INFO  impl.LeaderElection (LeaderElection.java:askForVotes(178)) - e728dc25-e4b1-43c6-a53d-eff097089a23@group-D90EF171477C-LeaderElection162: begin an election at term 1 for -1: [e728dc25-e4b1-43c6-a53d-eff097089a23:192.168.164.208:40846], old=null
2019-11-15 01:00:22,299 [e728dc25-e4b1-43c6-a53d-eff097089a23@group-D90EF171477C-LeaderElection162] INFO  impl.RoleInfo (RoleInfo.java:shutdownLeaderElection(134)) - e728dc25-e4b1-43c6-a53d-eff097089a23: shutdown LeaderElection
2019-11-15 01:00:22,299 [e728dc25-e4b1-43c6-a53d-eff097089a23@group-D90EF171477C-LeaderElection162] INFO  impl.RaftServerImpl (RaftServerImpl.java:setRole(173)) - e728dc25-e4b1-43c6-a53d-eff097089a23@group-D90EF171477C: changes role from CANDIDATE to LEADER at term 1 for changeToLeader
2019-11-15 01:00:22,299 [e728dc25-e4b1-43c6-a53d-eff097089a23@group-D90EF171477C-LeaderElection162] INFO  ratis.XceiverServerRatis (XceiverServerRatis.java:handleLeaderChangedNotification(697)) - Leader change notification received for group: group-D90EF171477C with new leaderId: e728dc25-e4b1-43c6-a53d-eff097089a23
2019-11-15 01:00:22,299 [e728dc25-e4b1-43c6-a53d-eff097089a23@group-D90EF171477C-LeaderElection162] INFO  impl.RaftServerImpl (ServerState.java:setLeader(255)) - e728dc25-e4b1-43c6-a53d-eff097089a23@group-D90EF171477C: change Leader from null to e728dc25-e4b1-43c6-a53d-eff097089a23 at term 1 for becomeLeader, leader elected after 1221ms
2019-11-15 01:00:22,300 [e728dc25-e4b1-43c6-a53d-eff097089a23@group-D90EF171477C-LeaderElection162] INFO  server.RaftServerConfigKeys (ConfUtils.java:logGet(43)) - raft.server.staging.catchup.gap = 1000 (default)
2019-11-15 01:00:22,301 [e728dc25-e4b1-43c6-a53d-eff097089a23@group-D90EF171477C-LeaderElection162] INFO  server.RaftServerConfigKeys (ConfUtils.java:logGet(43)) - raft.server.rpc.sleep.time = 25ms (default)
2019-11-15 01:00:22,301 [e728dc25-e4b1-43c6-a53d-eff097089a23@group-D90EF171477C-LeaderElection162] INFO  server.RaftServerConfigKeys (ConfUtils.java:logGet(43)) - raft.server.write.element-limit = 4096 (default)
2019-11-15 01:00:22,302 [e728dc25-e4b1-43c6-a53d-eff097089a23@group-D90EF171477C-LeaderElection162] INFO  server.RaftServerConfigKeys (ConfUtils.java:logGet(43)) - raft.server.watch.timeout = 10s (default)
2019-11-15 01:00:22,302 [e728dc25-e4b1-43c6-a53d-eff097089a23@group-D90EF171477C-LeaderElection162] INFO  server.RaftServerConfigKeys (ConfUtils.java:logGet(43)) - raft.server.watch.timeout.denomination = 1s (default)
2019-11-15 01:00:22,302 [EventQueue-PipelineReportForPipelineReportHandler] INFO  pipeline.PipelineStateManager (PipelineStateManager.java:openPipeline(134)) - Pipeline Pipeline[ Id: 53db910e-4674-4ca9-9dc9-d90ef171477c, Nodes: e728dc25-e4b1-43c6-a53d-eff097089a23{ip: 192.168.164.208, host: pr-hdds-2442-bxv5b-1523879440, networkLocation: /rack1, certSerialId: null}, Type:RATIS, Factor:ONE, State:OPEN] moved to OPEN state
2019-11-15 01:00:22,302 [e728dc25-e4b1-43c6-a53d-eff097089a23@group-D90EF171477C-LeaderElection162] INFO  server.RaftServerConfigKeys (ConfUtils.java:logGet(43)) - raft.server.watch.element-limit = 65536 (default)
2019-11-15 01:00:22,302 [e728dc25-e4b1-43c6-a53d-eff097089a23@group-D90EF171477C-LeaderElection162] INFO  impl.RoleInfo (RoleInfo.java:updateAndGet(143)) - e728dc25-e4b1-43c6-a53d-eff097089a23: start LeaderState
2019-11-15 01:00:22,302 [e728dc25-e4b1-43c6-a53d-eff097089a23@group-D90EF171477C-LeaderElection162] INFO  segmented.SegmentedRaftLogWorker (SegmentedRaftLogWorker.java:startLogSegment(385)) - e728dc25-e4b1-43c6-a53d-eff097089a23@group-D90EF171477C-SegmentedRaftLogWorker: Starting segment from index:0
2019-11-15 01:00:22,303 [e728dc25-e4b1-43c6-a53d-eff097089a23@group-D90EF171477C-LeaderElection162] INFO  impl.RaftServerImpl (ServerState.java:setRaftConf(356)) - e728dc25-e4b1-43c6-a53d-eff097089a23@group-D90EF171477C: set configuration 0: [e728dc25-e4b1-43c6-a53d-eff097089a23:192.168.164.208:40846], old=null at 0
2019-11-15 01:00:22,315 [Thread-4246] INFO  impl.FollowerState (FollowerState.java:run(111)) - c4061fea-d656-4029-8a52-0003cdc411ee@group-C787A5EC6030-FollowerState: change to CANDIDATE, lastRpcTime:1079ms, electionTimeout:1078ms
2019-11-15 01:00:22,315 [Thread-4246] INFO  impl.RoleInfo (RoleInfo.java:shutdownFollowerState(121)) - c4061fea-d656-4029-8a52-0003cdc411ee: shutdown FollowerState
2019-11-15 01:00:22,315 [Thread-4246] INFO  impl.RaftServerImpl (RaftServerImpl.java:setRole(173)) - c4061fea-d656-4029-8a52-0003cdc411ee@group-C787A5EC6030: changes role from  FOLLOWER to CANDIDATE at term 0 for changeToCandidate
2019-11-15 01:00:22,315 [Thread-4246] INFO  impl.RoleInfo (RoleInfo.java:updateAndGet(143)) - c4061fea-d656-4029-8a52-0003cdc411ee: start LeaderElection
2019-11-15 01:00:22,345 [e728dc25-e4b1-43c6-a53d-eff097089a23@group-D90EF171477C-SegmentedRaftLogWorker] INFO  segmented.SegmentedRaftLogWorker (SegmentedRaftLogWorker.java:execute(576)) - e728dc25-e4b1-43c6-a53d-eff097089a23@group-D90EF171477C-SegmentedRaftLogWorker: created new log segment /workdir/hadoop-ozone/integration-test/target/test-dir/MiniOzoneClusterImpl-9b1c7e50-938b-4652-9315-e435b3731240/datanode-7/data/ratis/53db910e-4674-4ca9-9dc9-d90ef171477c/current/log_inprogress_0
2019-11-15 01:00:22,345 [c4061fea-d656-4029-8a52-0003cdc411ee@group-C787A5EC6030-LeaderElection163] INFO  impl.LeaderElection (LeaderElection.java:askForVotes(178)) - c4061fea-d656-4029-8a52-0003cdc411ee@group-C787A5EC6030-LeaderElection163: begin an election at term 1 for -1: [e728dc25-e4b1-43c6-a53d-eff097089a23:192.168.164.208:40846, c4061fea-d656-4029-8a52-0003cdc411ee:192.168.164.208:42567, 2b497d53-8cea-4a7e-98a0-4cfb87fd1475:192.168.164.208:45511], old=null
2019-11-15 01:00:22,350 [grpc-default-executor-5] INFO  impl.RaftServerImpl (RaftServerImpl.java:setRole(173)) - e728dc25-e4b1-43c6-a53d-eff097089a23@group-C787A5EC6030: changes role from  FOLLOWER to FOLLOWER at term 1 for recognizeCandidate:c4061fea-d656-4029-8a52-0003cdc411ee
2019-11-15 01:00:22,351 [grpc-default-executor-5] INFO  impl.RoleInfo (RoleInfo.java:shutdownFollowerState(121)) - e728dc25-e4b1-43c6-a53d-eff097089a23: shutdown FollowerState
2019-11-15 01:00:22,351 [grpc-default-executor-5] INFO  impl.RoleInfo (RoleInfo.java:updateAndGet(143)) - e728dc25-e4b1-43c6-a53d-eff097089a23: start FollowerState
2019-11-15 01:00:22,352 [Thread-4251] INFO  impl.FollowerState (FollowerState.java:run(120)) - e728dc25-e4b1-43c6-a53d-eff097089a23@group-C787A5EC6030-FollowerState was interrupted: java.lang.InterruptedException: sleep interrupted
2019-11-15 01:00:22,352 [grpc-default-executor-0] INFO  impl.RaftServerImpl (RaftServerImpl.java:setRole(173)) - 2b497d53-8cea-4a7e-98a0-4cfb87fd1475@group-C787A5EC6030: changes role from  FOLLOWER to FOLLOWER at term 1 for recognizeCandidate:c4061fea-d656-4029-8a52-0003cdc411ee
2019-11-15 01:00:22,353 [grpc-default-executor-0] INFO  impl.RoleInfo (RoleInfo.java:shutdownFollowerState(121)) - 2b497d53-8cea-4a7e-98a0-4cfb87fd1475: shutdown FollowerState
2019-11-15 01:00:22,353 [grpc-default-executor-0] INFO  impl.RoleInfo (RoleInfo.java:updateAndGet(143)) - 2b497d53-8cea-4a7e-98a0-4cfb87fd1475: start FollowerState
2019-11-15 01:00:22,353 [Thread-4247] INFO  impl.FollowerState (FollowerState.java:run(120)) - 2b497d53-8cea-4a7e-98a0-4cfb87fd1475@group-C787A5EC6030-FollowerState was interrupted: java.lang.InterruptedException: sleep interrupted
2019-11-15 01:00:22,367 [c4061fea-d656-4029-8a52-0003cdc411ee@group-C787A5EC6030-LeaderElection163] INFO  impl.LeaderElection (LeaderElection.java:logAndReturn(56)) - c4061fea-d656-4029-8a52-0003cdc411ee@group-C787A5EC6030-LeaderElection163: Election PASSED; received 1 response(s) [c4061fea-d656-4029-8a52-0003cdc411ee<-e728dc25-e4b1-43c6-a53d-eff097089a23#0:OK-t1] and 0 exception(s); c4061fea-d656-4029-8a52-0003cdc411ee@group-C787A5EC6030:t1, leader=null, voted=c4061fea-d656-4029-8a52-0003cdc411ee, raftlog=c4061fea-d656-4029-8a52-0003cdc411ee@group-C787A5EC6030-SegmentedRaftLog:OPENED:c-1,f-1,i0, conf=-1: [e728dc25-e4b1-43c6-a53d-eff097089a23:192.168.164.208:40846, c4061fea-d656-4029-8a52-0003cdc411ee:192.168.164.208:42567, 2b497d53-8cea-4a7e-98a0-4cfb87fd1475:192.168.164.208:45511], old=null
2019-11-15 01:00:22,367 [c4061fea-d656-4029-8a52-0003cdc411ee@group-C787A5EC6030-LeaderElection163] INFO  impl.RoleInfo (RoleInfo.java:shutdownLeaderElection(134)) - c4061fea-d656-4029-8a52-0003cdc411ee: shutdown LeaderElection
2019-11-15 01:00:22,367 [c4061fea-d656-4029-8a52-0003cdc411ee@group-C787A5EC6030-LeaderElection163] INFO  impl.RaftServerImpl (RaftServerImpl.java:setRole(173)) - c4061fea-d656-4029-8a52-0003cdc411ee@group-C787A5EC6030: changes role from CANDIDATE to LEADER at term 1 for changeToLeader
2019-11-15 01:00:22,368 [c4061fea-d656-4029-8a52-0003cdc411ee@group-C787A5EC6030-LeaderElection163] INFO  ratis.XceiverServerRatis (XceiverServerRatis.java:handleLeaderChangedNotification(697)) - Leader change notification received for group: group-C787A5EC6030 with new leaderId: c4061fea-d656-4029-8a52-0003cdc411ee
2019-11-15 01:00:22,368 [c4061fea-d656-4029-8a52-0003cdc411ee@group-C787A5EC6030-LeaderElection163] INFO  impl.RaftServerImpl (ServerState.java:setLeader(255)) - c4061fea-d656-4029-8a52-0003cdc411ee@group-C787A5EC6030: change Leader from null to c4061fea-d656-4029-8a52-0003cdc411ee at term 1 for becomeLeader, leader elected after 1140ms
2019-11-15 01:00:22,368 [c4061fea-d656-4029-8a52-0003cdc411ee@group-C787A5EC6030-LeaderElection163] INFO  server.RaftServerConfigKeys (ConfUtils.java:logGet(43)) - raft.server.staging.catchup.gap = 1000 (default)
2019-11-15 01:00:22,368 [c4061fea-d656-4029-8a52-0003cdc411ee@group-C787A5EC6030-LeaderElection163] INFO  server.RaftServerConfigKeys (ConfUtils.java:logGet(43)) - raft.server.rpc.sleep.time = 25ms (default)
2019-11-15 01:00:22,370 [c4061fea-d656-4029-8a52-0003cdc411ee@group-C787A5EC6030-LeaderElection163] INFO  server.RaftServerConfigKeys (ConfUtils.java:logGet(43)) - raft.server.write.element-limit = 4096 (default)
2019-11-15 01:00:22,370 [c4061fea-d656-4029-8a52-0003cdc411ee@group-C787A5EC6030-LeaderElection163] INFO  server.RaftServerConfigKeys (ConfUtils.java:logGet(43)) - raft.server.watch.timeout = 10s (default)
2019-11-15 01:00:22,371 [c4061fea-d656-4029-8a52-0003cdc411ee@group-C787A5EC6030-LeaderElection163] INFO  server.RaftServerConfigKeys (ConfUtils.java:logGet(43)) - raft.server.watch.timeout.denomination = 1s (default)
2019-11-15 01:00:22,371 [c4061fea-d656-4029-8a52-0003cdc411ee@group-C787A5EC6030-LeaderElection163] INFO  server.RaftServerConfigKeys (ConfUtils.java:logGet(43)) - raft.server.watch.element-limit = 65536 (default)
2019-11-15 01:00:22,371 [c4061fea-d656-4029-8a52-0003cdc411ee@group-C787A5EC6030-LeaderElection163] INFO  server.RaftServerConfigKeys (ConfUtils.java:logGet(43)) - raft.server.log.appender.snapshot.chunk.size.max = 16MB (=16777216) (default)
2019-11-15 01:00:22,371 [c4061fea-d656-4029-8a52-0003cdc411ee@group-C787A5EC6030-LeaderElection163] INFO  server.RaftServerConfigKeys (ConfUtils.java:logGet(43)) - raft.server.log.appender.buffer.byte-limit = 33554432 (custom)
2019-11-15 01:00:22,371 [c4061fea-d656-4029-8a52-0003cdc411ee@group-C787A5EC6030-LeaderElection163] INFO  server.RaftServerConfigKeys (ConfUtils.java:logGet(43)) - raft.server.log.appender.buffer.element-limit = 1 (custom)
2019-11-15 01:00:22,371 [EventQueue-PipelineReportForPipelineReportHandler] INFO  pipeline.PipelineStateManager (PipelineStateManager.java:openPipeline(134)) - Pipeline Pipeline[ Id: 8242b4fc-a7fb-4b08-92b6-c787a5ec6030, Nodes: c4061fea-d656-4029-8a52-0003cdc411ee{ip: 192.168.164.208, host: pr-hdds-2442-bxv5b-1523879440, networkLocation: /rack1, certSerialId: null}e728dc25-e4b1-43c6-a53d-eff097089a23{ip: 192.168.164.208, host: pr-hdds-2442-bxv5b-1523879440, networkLocation: /rack1, certSerialId: null}2b497d53-8cea-4a7e-98a0-4cfb87fd1475{ip: 192.168.164.208, host: pr-hdds-2442-bxv5b-1523879440, networkLocation: /rack1, certSerialId: null}, Type:RATIS, Factor:THREE, State:OPEN] moved to OPEN state
2019-11-15 01:00:22,371 [c4061fea-d656-4029-8a52-0003cdc411ee@group-C787A5EC6030-LeaderElection163] INFO  grpc.GrpcConfigKeys$Server (ConfUtils.java:logGet(43)) - raft.grpc.server.leader.outstanding.appends.max = 128 (default)
2019-11-15 01:00:22,371 [c4061fea-d656-4029-8a52-0003cdc411ee@group-C787A5EC6030-LeaderElection163] INFO  server.RaftServerConfigKeys (ConfUtils.java:logGet(43)) - raft.server.rpc.request.timeout = 3000ms (default)
2019-11-15 01:00:22,371 [c4061fea-d656-4029-8a52-0003cdc411ee@group-C787A5EC6030-LeaderElection163] INFO  server.RaftServerConfigKeys (ConfUtils.java:logGet(43)) - raft.server.log.appender.install.snapshot.enabled = false (custom)
2019-11-15 01:00:22,372 [c4061fea-d656-4029-8a52-0003cdc411ee@group-C787A5EC6030-LeaderElection163] WARN  impl.MetricRegistriesImpl (MetricRegistriesImpl.java:lambda$create$1(61)) - First MetricRegistry has been created without registering reporters. You may need to call MetricRegistries.global().addReportRegistration(...) before.
2019-11-15 01:00:22,372 [c4061fea-d656-4029-8a52-0003cdc411ee@group-C787A5EC6030-LeaderElection163] INFO  server.RaftServerConfigKeys (ConfUtils.java:logGet(43)) - raft.server.log.appender.snapshot.chunk.size.max = 16MB (=16777216) (default)
2019-11-15 01:00:22,372 [c4061fea-d656-4029-8a52-0003cdc411ee@group-C787A5EC6030-LeaderElection163] INFO  server.RaftServerConfigKeys (ConfUtils.java:logGet(43)) - raft.server.log.appender.buffer.byte-limit = 33554432 (custom)
2019-11-15 01:00:22,372 [c4061fea-d656-4029-8a52-0003cdc411ee@group-C787A5EC6030-LeaderElection163] INFO  server.RaftServerConfigKeys (ConfUtils.java:logGet(43)) - raft.server.log.appender.buffer.element-limit = 1 (custom)
2019-11-15 01:00:22,372 [c4061fea-d656-4029-8a52-0003cdc411ee@group-C787A5EC6030-LeaderElection163] INFO  grpc.GrpcConfigKeys$Server (ConfUtils.java:logGet(43)) - raft.grpc.server.leader.outstanding.appends.max = 128 (default)
2019-11-15 01:00:22,372 [c4061fea-d656-4029-8a52-0003cdc411ee@group-C787A5EC6030-LeaderElection163] INFO  server.RaftServerConfigKeys (ConfUtils.java:logGet(43)) - raft.server.rpc.request.timeout = 3000ms (default)
2019-11-15 01:00:22,372 [c4061fea-d656-4029-8a52-0003cdc411ee@group-C787A5EC6030-LeaderElection163] INFO  server.RaftServerConfigKeys (ConfUtils.java:logGet(43)) - raft.server.log.appender.install.snapshot.enabled = false (custom)
2019-11-15 01:00:22,372 [c4061fea-d656-4029-8a52-0003cdc411ee@group-C787A5EC6030-LeaderElection163] INFO  impl.RoleInfo (RoleInfo.java:updateAndGet(143)) - c4061fea-d656-4029-8a52-0003cdc411ee: start LeaderState
2019-11-15 01:00:22,372 [c4061fea-d656-4029-8a52-0003cdc411ee@group-C787A5EC6030-LeaderElection163] INFO  segmented.SegmentedRaftLogWorker (SegmentedRaftLogWorker.java:startLogSegment(385)) - c4061fea-d656-4029-8a52-0003cdc411ee@group-C787A5EC6030-SegmentedRaftLogWorker: Starting segment from index:0
2019-11-15 01:00:22,373 [c4061fea-d656-4029-8a52-0003cdc411ee@group-C787A5EC6030-LeaderElection163] INFO  impl.RaftServerImpl (ServerState.java:setRaftConf(356)) - c4061fea-d656-4029-8a52-0003cdc411ee@group-C787A5EC6030: set configuration 0: [e728dc25-e4b1-43c6-a53d-eff097089a23:192.168.164.208:40846, c4061fea-d656-4029-8a52-0003cdc411ee:192.168.164.208:42567, 2b497d53-8cea-4a7e-98a0-4cfb87fd1475:192.168.164.208:45511], old=null at 0
2019-11-15 01:00:22,406 [Thread-4242] INFO  impl.FollowerState (FollowerState.java:run(111)) - c4061fea-d656-4029-8a52-0003cdc411ee@group-5205D9775C54-FollowerState: change to CANDIDATE, lastRpcTime:1221ms, electionTimeout:1189ms
2019-11-15 01:00:22,406 [Thread-4242] INFO  impl.RoleInfo (RoleInfo.java:shutdownFollowerState(121)) - c4061fea-d656-4029-8a52-0003cdc411ee: shutdown FollowerState
2019-11-15 01:00:22,407 [Thread-4242] INFO  impl.RaftServerImpl (RaftServerImpl.java:setRole(173)) - c4061fea-d656-4029-8a52-0003cdc411ee@group-5205D9775C54: changes role from  FOLLOWER to CANDIDATE at term 0 for changeToCandidate
2019-11-15 01:00:22,407 [Thread-4242] INFO  impl.RoleInfo (RoleInfo.java:updateAndGet(143)) - c4061fea-d656-4029-8a52-0003cdc411ee: start LeaderElection
2019-11-15 01:00:22,419 [grpc-default-executor-0] INFO  ratis.XceiverServerRatis (XceiverServerRatis.java:handleLeaderChangedNotification(697)) - Leader change notification received for group: group-C787A5EC6030 with new leaderId: c4061fea-d656-4029-8a52-0003cdc411ee
2019-11-15 01:00:22,421 [grpc-default-executor-5] INFO  ratis.XceiverServerRatis (XceiverServerRatis.java:handleLeaderChangedNotification(697)) - Leader change notification received for group: group-C787A5EC6030 with new leaderId: c4061fea-d656-4029-8a52-0003cdc411ee
2019-11-15 01:00:22,422 [grpc-default-executor-0] INFO  impl.RaftServerImpl (ServerState.java:setLeader(255)) - e728dc25-e4b1-43c6-a53d-eff097089a23@group-C787A5EC6030: change Leader from null to c4061fea-d656-4029-8a52-0003cdc411ee at term 1 for appendEntries, leader elected after 1192ms
2019-11-15 01:00:22,420 [c4061fea-d656-4029-8a52-0003cdc411ee@group-C787A5EC6030-SegmentedRaftLogWorker] INFO  segmented.SegmentedRaftLogWorker (SegmentedRaftLogWorker.java:execute(576)) - c4061fea-d656-4029-8a52-0003cdc411ee@group-C787A5EC6030-SegmentedRaftLogWorker: created new log segment /workdir/hadoop-ozone/integration-test/target/test-dir/MiniOzoneClusterImpl-9b1c7e50-938b-4652-9315-e435b3731240/datanode-8/data/ratis/8242b4fc-a7fb-4b08-92b6-c787a5ec6030/current/log_inprogress_0
2019-11-15 01:00:22,422 [grpc-default-executor-5] INFO  impl.RaftServerImpl (ServerState.java:setLeader(255)) - 2b497d53-8cea-4a7e-98a0-4cfb87fd1475@group-C787A5EC6030: change Leader from null to c4061fea-d656-4029-8a52-0003cdc411ee at term 1 for appendEntries, leader elected after 1193ms
2019-11-15 01:00:22,424 [grpc-default-executor-5] INFO  impl.RaftServerImpl (ServerState.java:setRaftConf(356)) - e728dc25-e4b1-43c6-a53d-eff097089a23@group-C787A5EC6030: set configuration 0: [e728dc25-e4b1-43c6-a53d-eff097089a23:192.168.164.208:40846, c4061fea-d656-4029-8a52-0003cdc411ee:192.168.164.208:42567, 2b497d53-8cea-4a7e-98a0-4cfb87fd1475:192.168.164.208:45511], old=null at 0
2019-11-15 01:00:22,424 [grpc-default-executor-5] INFO  segmented.SegmentedRaftLogWorker (SegmentedRaftLogWorker.java:startLogSegment(385)) - e728dc25-e4b1-43c6-a53d-eff097089a23@group-C787A5EC6030-SegmentedRaftLogWorker: Starting segment from index:0
2019-11-15 01:00:22,424 [grpc-default-executor-0] INFO  impl.RaftServerImpl (ServerState.java:setRaftConf(356)) - 2b497d53-8cea-4a7e-98a0-4cfb87fd1475@group-C787A5EC6030: set configuration 0: [e728dc25-e4b1-43c6-a53d-eff097089a23:192.168.164.208:40846, c4061fea-d656-4029-8a52-0003cdc411ee:192.168.164.208:42567, 2b497d53-8cea-4a7e-98a0-4cfb87fd1475:192.168.164.208:45511], old=null at 0
2019-11-15 01:00:22,424 [grpc-default-executor-0] INFO  segmented.SegmentedRaftLogWorker (SegmentedRaftLogWorker.java:startLogSegment(385)) - 2b497d53-8cea-4a7e-98a0-4cfb87fd1475@group-C787A5EC6030-SegmentedRaftLogWorker: Starting segment from index:0
2019-11-15 01:00:22,434 [c4061fea-d656-4029-8a52-0003cdc411ee@group-5205D9775C54-LeaderElection164] INFO  impl.LeaderElection (LeaderElection.java:askForVotes(178)) - c4061fea-d656-4029-8a52-0003cdc411ee@group-5205D9775C54-LeaderElection164: begin an election at term 1 for -1: [c4061fea-d656-4029-8a52-0003cdc411ee:192.168.164.208:42567], old=null
2019-11-15 01:00:22,434 [c4061fea-d656-4029-8a52-0003cdc411ee@group-5205D9775C54-LeaderElection164] INFO  impl.RoleInfo (RoleInfo.java:shutdownLeaderElection(134)) - c4061fea-d656-4029-8a52-0003cdc411ee: shutdown LeaderElection
2019-11-15 01:00:22,435 [c4061fea-d656-4029-8a52-0003cdc411ee@group-5205D9775C54-LeaderElection164] INFO  impl.RaftServerImpl (RaftServerImpl.java:setRole(173)) - c4061fea-d656-4029-8a52-0003cdc411ee@group-5205D9775C54: changes role from CANDIDATE to LEADER at term 1 for changeToLeader
2019-11-15 01:00:22,435 [c4061fea-d656-4029-8a52-0003cdc411ee@group-5205D9775C54-LeaderElection164] INFO  ratis.XceiverServerRatis (XceiverServerRatis.java:handleLeaderChangedNotification(697)) - Leader change notification received for group: group-5205D9775C54 with new leaderId: c4061fea-d656-4029-8a52-0003cdc411ee
2019-11-15 01:00:22,435 [c4061fea-d656-4029-8a52-0003cdc411ee@group-5205D9775C54-LeaderElection164] INFO  impl.RaftServerImpl (ServerState.java:setLeader(255)) - c4061fea-d656-4029-8a52-0003cdc411ee@group-5205D9775C54: change Leader from null to c4061fea-d656-4029-8a52-0003cdc411ee at term 1 for becomeLeader, leader elected after 1253ms
2019-11-15 01:00:22,435 [c4061fea-d656-4029-8a52-0003cdc411ee@group-5205D9775C54-LeaderElection164] INFO  server.RaftServerConfigKeys (ConfUtils.java:logGet(43)) - raft.server.staging.catchup.gap = 1000 (default)
2019-11-15 01:00:22,435 [c4061fea-d656-4029-8a52-0003cdc411ee@group-5205D9775C54-LeaderElection164] INFO  server.RaftServerConfigKeys (ConfUtils.java:logGet(43)) - raft.server.rpc.sleep.time = 25ms (default)
2019-11-15 01:00:22,435 [c4061fea-d656-4029-8a52-0003cdc411ee@group-5205D9775C54-LeaderElection164] INFO  server.RaftServerConfigKeys (ConfUtils.java:logGet(43)) - raft.server.write.element-limit = 4096 (default)
2019-11-15 01:00:22,435 [c4061fea-d656-4029-8a52-0003cdc411ee@group-5205D9775C54-LeaderElection164] INFO  server.RaftServerConfigKeys (ConfUtils.java:logGet(43)) - raft.server.watch.timeout = 10s (default)
2019-11-15 01:00:22,435 [c4061fea-d656-4029-8a52-0003cdc411ee@group-5205D9775C54-LeaderElection164] INFO  server.RaftServerConfigKeys (ConfUtils.java:logGet(43)) - raft.server.watch.timeout.denomination = 1s (default)
2019-11-15 01:00:22,435 [c4061fea-d656-4029-8a52-0003cdc411ee@group-5205D9775C54-LeaderElection164] INFO  server.RaftServerConfigKeys (ConfUtils.java:logGet(43)) - raft.server.watch.element-limit = 65536 (default)
2019-11-15 01:00:22,435 [c4061fea-d656-4029-8a52-0003cdc411ee@group-5205D9775C54-LeaderElection164] INFO  impl.RoleInfo (RoleInfo.java:updateAndGet(143)) - c4061fea-d656-4029-8a52-0003cdc411ee: start LeaderState
2019-11-15 01:00:22,436 [c4061fea-d656-4029-8a52-0003cdc411ee@group-5205D9775C54-LeaderElection164] INFO  segmented.SegmentedRaftLogWorker (SegmentedRaftLogWorker.java:startLogSegment(385)) - c4061fea-d656-4029-8a52-0003cdc411ee@group-5205D9775C54-SegmentedRaftLogWorker: Starting segment from index:0
2019-11-15 01:00:22,436 [EventQueue-PipelineReportForPipelineReportHandler] INFO  pipeline.PipelineStateManager (PipelineStateManager.java:openPipeline(134)) - Pipeline Pipeline[ Id: a19b681f-dc86-4e11-b1f4-5205d9775c54, Nodes: c4061fea-d656-4029-8a52-0003cdc411ee{ip: 192.168.164.208, host: pr-hdds-2442-bxv5b-1523879440, networkLocation: /rack1, certSerialId: null}, Type:RATIS, Factor:ONE, State:OPEN] moved to OPEN state
2019-11-15 01:00:22,436 [c4061fea-d656-4029-8a52-0003cdc411ee@group-5205D9775C54-LeaderElection164] INFO  impl.RaftServerImpl (ServerState.java:setRaftConf(356)) - c4061fea-d656-4029-8a52-0003cdc411ee@group-5205D9775C54: set configuration 0: [c4061fea-d656-4029-8a52-0003cdc411ee:192.168.164.208:42567], old=null at 0
2019-11-15 01:00:22,485 [c4061fea-d656-4029-8a52-0003cdc411ee@group-5205D9775C54-SegmentedRaftLogWorker] INFO  segmented.SegmentedRaftLogWorker (SegmentedRaftLogWorker.java:execute(576)) - c4061fea-d656-4029-8a52-0003cdc411ee@group-5205D9775C54-SegmentedRaftLogWorker: created new log segment /workdir/hadoop-ozone/integration-test/target/test-dir/MiniOzoneClusterImpl-9b1c7e50-938b-4652-9315-e435b3731240/datanode-8/data/ratis/a19b681f-dc86-4e11-b1f4-5205d9775c54/current/log_inprogress_0
2019-11-15 01:00:22,485 [2b497d53-8cea-4a7e-98a0-4cfb87fd1475@group-C787A5EC6030-SegmentedRaftLogWorker] INFO  segmented.SegmentedRaftLogWorker (SegmentedRaftLogWorker.java:execute(576)) - 2b497d53-8cea-4a7e-98a0-4cfb87fd1475@group-C787A5EC6030-SegmentedRaftLogWorker: created new log segment /workdir/hadoop-ozone/integration-test/target/test-dir/MiniOzoneClusterImpl-9b1c7e50-938b-4652-9315-e435b3731240/datanode-6/data/ratis/8242b4fc-a7fb-4b08-92b6-c787a5ec6030/current/log_inprogress_0
2019-11-15 01:00:22,485 [e728dc25-e4b1-43c6-a53d-eff097089a23@group-C787A5EC6030-SegmentedRaftLogWorker] INFO  segmented.SegmentedRaftLogWorker (SegmentedRaftLogWorker.java:execute(576)) - e728dc25-e4b1-43c6-a53d-eff097089a23@group-C787A5EC6030-SegmentedRaftLogWorker: created new log segment /workdir/hadoop-ozone/integration-test/target/test-dir/MiniOzoneClusterImpl-9b1c7e50-938b-4652-9315-e435b3731240/datanode-7/data/ratis/8242b4fc-a7fb-4b08-92b6-c787a5ec6030/current/log_inprogress_0
2019-11-15 01:00:23,247 [main] INFO  ozone.MiniOzoneClusterImpl (MiniOzoneClusterImpl.java:lambda$waitForClusterToBeReady$2(171)) - Cluster is ready. Got 10 of 10 DN Heartbeats.
2019-11-15 01:00:23,279 [main] INFO  rpc.RpcClient (RpcClient.java:createVolume(292)) - Creating Volume: datanodefailurehandlingtest, with jenkins1000 as owner.
2019-11-15 01:00:23,281 [IPC Server handler 18 on 32781] INFO  volume.OMVolumeCreateRequest (OMVolumeCreateRequest.java:validateAndUpdateCache(193)) - created volume:datanodefailurehandlingtest for user:jenkins1000
2019-11-15 01:00:23,310 [main] INFO  rpc.RpcClient (RpcClient.java:createBucket(431)) - Creating Bucket: datanodefailurehandlingtest/datanodefailurehandlingtest, with Versioning false and Storage Type set to DISK and Encryption set to false 
2019-11-15 01:00:23,567 [Thread-4198] INFO  container.ReplicationManager (ReplicationManager.java:start(162)) - Starting Replication Monitor Thread.
2019-11-15 01:00:23,568 [Thread-4198] INFO  pipeline.SCMPipelineManager (SCMPipelineManager.java:finalizeAndDestroyPipeline(315)) - destroying pipeline:Pipeline[ Id: b03a05c1-6516-44fc-b455-6b10b0d4e190, Nodes: c7f93789-5ee9-40a1-8afd-58386fa54dde{ip: 192.168.164.208, host: pr-hdds-2442-bxv5b-1523879440, networkLocation: /rack1, certSerialId: null}, Type:RATIS, Factor:ONE, State:OPEN]
2019-11-15 01:00:23,572 [Thread-4198] INFO  pipeline.PipelineStateManager (PipelineStateManager.java:finalizePipeline(121)) - Pipeline Pipeline[ Id: b03a05c1-6516-44fc-b455-6b10b0d4e190, Nodes: c7f93789-5ee9-40a1-8afd-58386fa54dde{ip: 192.168.164.208, host: pr-hdds-2442-bxv5b-1523879440, networkLocation: /rack1, certSerialId: null}, Type:RATIS, Factor:ONE, State:CLOSED] moved to CLOSED state
2019-11-15 01:00:23,572 [ReplicationMonitor] INFO  container.ReplicationManager (ReplicationManager.java:run(225)) - Replication Monitor Thread took 0 milliseconds for processing 1 containers.
2019-11-15 01:00:23,576 [grpc-default-executor-0] INFO  impl.RaftServerProxy (RaftServerProxy.java:remove(95)) - c7f93789-5ee9-40a1-8afd-58386fa54dde: remove    LEADER c7f93789-5ee9-40a1-8afd-58386fa54dde@group-6B10B0D4E190:t1, leader=c7f93789-5ee9-40a1-8afd-58386fa54dde, voted=c7f93789-5ee9-40a1-8afd-58386fa54dde, raftlog=c7f93789-5ee9-40a1-8afd-58386fa54dde@group-6B10B0D4E190-SegmentedRaftLog:OPENED:c0,f0,i0, conf=0: [c7f93789-5ee9-40a1-8afd-58386fa54dde:192.168.164.208:38346], old=null RUNNING
2019-11-15 01:00:23,576 [grpc-default-executor-0] INFO  impl.RaftServerImpl (RaftServerImpl.java:lambda$shutdown$3(250)) - c7f93789-5ee9-40a1-8afd-58386fa54dde@group-6B10B0D4E190: shutdown
2019-11-15 01:00:23,577 [grpc-default-executor-0] INFO  util.JmxRegister (JmxRegister.java:unregister(73)) - Successfully un-registered JMX Bean with object name Ratis:service=RaftServer,group=group-6B10B0D4E190,id=c7f93789-5ee9-40a1-8afd-58386fa54dde
2019-11-15 01:00:23,577 [grpc-default-executor-0] INFO  impl.RoleInfo (RoleInfo.java:shutdownLeaderState(104)) - c7f93789-5ee9-40a1-8afd-58386fa54dde: shutdown LeaderState
2019-11-15 01:00:23,577 [grpc-default-executor-0] INFO  impl.PendingRequests (PendingRequests.java:sendNotLeaderResponses(206)) - c7f93789-5ee9-40a1-8afd-58386fa54dde@group-6B10B0D4E190-PendingRequests: sendNotLeaderResponses
2019-11-15 01:00:23,577 [grpc-default-executor-0] INFO  impl.StateMachineUpdater (StateMachineUpdater.java:stopAndJoin(136)) - c7f93789-5ee9-40a1-8afd-58386fa54dde@group-6B10B0D4E190-StateMachineUpdater: set stopIndex = 0
2019-11-15 01:00:23,577 [grpc-default-executor-0] INFO  impl.RaftServerImpl (ServerState.java:close(387)) - c7f93789-5ee9-40a1-8afd-58386fa54dde@group-6B10B0D4E190: closes. applyIndex: 0
2019-11-15 01:00:23,578 [c7f93789-5ee9-40a1-8afd-58386fa54dde@group-6B10B0D4E190-SegmentedRaftLogWorker] INFO  segmented.SegmentedRaftLogWorker (SegmentedRaftLogWorker.java:run(316)) - c7f93789-5ee9-40a1-8afd-58386fa54dde@group-6B10B0D4E190-SegmentedRaftLogWorker was interrupted, exiting. There are 0 tasks remaining in the queue.
2019-11-15 01:00:23,578 [grpc-default-executor-0] INFO  segmented.SegmentedRaftLogWorker (SegmentedRaftLogWorker.java:close(224)) - c7f93789-5ee9-40a1-8afd-58386fa54dde@group-6B10B0D4E190-SegmentedRaftLogWorker close()
2019-11-15 01:00:23,586 [Thread-4198] INFO  pipeline.PipelineStateManager (PipelineStateManager.java:removePipeline(106)) - Pipeline Pipeline[ Id: b03a05c1-6516-44fc-b455-6b10b0d4e190, Nodes: c7f93789-5ee9-40a1-8afd-58386fa54dde{ip: 192.168.164.208, host: pr-hdds-2442-bxv5b-1523879440, networkLocation: /rack1, certSerialId: null}, Type:RATIS, Factor:ONE, State:CLOSED] removed from db
2019-11-15 01:00:23,588 [Thread-4198] INFO  pipeline.SCMPipelineManager (SCMPipelineManager.java:finalizeAndDestroyPipeline(315)) - destroying pipeline:Pipeline[ Id: 719a7dd4-06e1-48df-a22a-cb25df611c5e, Nodes: c7f93789-5ee9-40a1-8afd-58386fa54dde{ip: 192.168.164.208, host: pr-hdds-2442-bxv5b-1523879440, networkLocation: /rack1, certSerialId: null}d068838d-6499-4b84-94b8-55225fdfdb1a{ip: 192.168.164.208, host: pr-hdds-2442-bxv5b-1523879440, networkLocation: /rack1, certSerialId: null}87580c89-6647-493a-b156-a806d562b3a1{ip: 192.168.164.208, host: pr-hdds-2442-bxv5b-1523879440, networkLocation: /rack1, certSerialId: null}, Type:RATIS, Factor:THREE, State:OPEN]
2019-11-15 01:00:23,594 [grpc-default-executor-0] INFO  impl.RaftServerProxy (RaftServerProxy.java:addNew(89)) - 3290c45a-dc7d-4c95-a586-1c6e32afef30: addNew group-093F110B3D89:[3290c45a-dc7d-4c95-a586-1c6e32afef30:192.168.164.208:44306] returns group-093F110B3D89:java.util.concurrent.CompletableFuture@3c6b32f3[Not completed]
2019-11-15 01:00:23,595 [pool-599-thread-1] INFO  impl.RaftServerImpl (RaftServerImpl.java:<init>(98)) - 3290c45a-dc7d-4c95-a586-1c6e32afef30: new RaftServerImpl for group-093F110B3D89:[3290c45a-dc7d-4c95-a586-1c6e32afef30:192.168.164.208:44306] with ContainerStateMachine:uninitialized
2019-11-15 01:00:23,596 [pool-599-thread-1] INFO  server.RaftServerConfigKeys (ConfUtils.java:logGet(43)) - raft.server.rpc.timeout.min = 1s (custom)
2019-11-15 01:00:23,596 [pool-599-thread-1] INFO  server.RaftServerConfigKeys (ConfUtils.java:logGet(43)) - raft.server.rpc.timeout.max = 1200ms (custom)
2019-11-15 01:00:23,596 [pool-599-thread-1] INFO  server.RaftServerConfigKeys (ConfUtils.java:logGet(43)) - raft.server.rpcslowness.timeout = 120s (custom)
2019-11-15 01:00:23,596 [pool-599-thread-1] INFO  server.RaftServerConfigKeys (ConfUtils.java:logGet(43)) - raft.server.sleep.deviation.threshold = 300 (default)
2019-11-15 01:00:23,596 [pool-599-thread-1] INFO  server.RaftServerConfigKeys (ConfUtils.java:logGet(43)) - raft.server.log.appender.install.snapshot.enabled = false (custom)
2019-11-15 01:00:23,596 [pool-599-thread-1] INFO  impl.RaftServerImpl (ServerState.java:<init>(103)) - 3290c45a-dc7d-4c95-a586-1c6e32afef30@group-093F110B3D89: ConfigurationManager, init=-1: [3290c45a-dc7d-4c95-a586-1c6e32afef30:192.168.164.208:44306], old=null, confs=<EMPTY_MAP>
2019-11-15 01:00:23,596 [pool-599-thread-1] INFO  server.RaftServerConfigKeys (ConfUtils.java:logGet(43)) - raft.server.storage.dir = [/workdir/hadoop-ozone/integration-test/target/test-dir/MiniOzoneClusterImpl-9b1c7e50-938b-4652-9315-e435b3731240/datanode-9/data/ratis] (custom)
2019-11-15 01:00:23,597 [pool-599-thread-1] INFO  server.RaftServerConfigKeys (ConfUtils.java:logGet(43)) - raft.server.log.corruption.policy = EXCEPTION (default)
2019-11-15 01:00:23,597 [pool-599-thread-1] INFO  storage.RaftStorageDirectory (RaftStorageDirectory.java:analyzeStorage(246)) - The storage directory /workdir/hadoop-ozone/integration-test/target/test-dir/MiniOzoneClusterImpl-9b1c7e50-938b-4652-9315-e435b3731240/datanode-9/data/ratis/fb99fe7e-47fb-4f1e-8826-093f110b3d89 does not exist. Creating ...
2019-11-15 01:00:23,609 [pool-599-thread-1] INFO  storage.RaftStorageDirectory (RaftStorageDirectory.java:tryLock(328)) - Lock on /workdir/hadoop-ozone/integration-test/target/test-dir/MiniOzoneClusterImpl-9b1c7e50-938b-4652-9315-e435b3731240/datanode-9/data/ratis/fb99fe7e-47fb-4f1e-8826-093f110b3d89/in_use.lock acquired by nodename 16745@pr-hdds-2442-bxv5b-1523879440
2019-11-15 01:00:23,634 [pool-599-thread-1] INFO  storage.RaftStorage (RaftStorage.java:format(84)) - Storage directory /workdir/hadoop-ozone/integration-test/target/test-dir/MiniOzoneClusterImpl-9b1c7e50-938b-4652-9315-e435b3731240/datanode-9/data/ratis/fb99fe7e-47fb-4f1e-8826-093f110b3d89 has been successfully formatted.
2019-11-15 01:00:23,634 [pool-599-thread-1] INFO  ratis.ContainerStateMachine (ContainerStateMachine.java:loadSnapshot(223)) - group-093F110B3D89: The snapshot info is null. Setting the last applied indexto:(t:0, i:~)
2019-11-15 01:00:23,635 [pool-599-thread-1] INFO  server.RaftServerConfigKeys (ConfUtils.java:logGet(43)) - raft.server.notification.no-leader.timeout = 120s (custom)
2019-11-15 01:00:23,635 [pool-599-thread-1] INFO  server.RaftServerConfigKeys (ConfUtils.java:logGet(43)) - raft.server.log.use.memory = false (default)
2019-11-15 01:00:23,635 [pool-599-thread-1] INFO  server.RaftServerConfigKeys (ConfUtils.java:logGet(43)) - raft.server.log.purge.gap = 1000000 (custom)
2019-11-15 01:00:23,635 [pool-599-thread-1] INFO  server.RaftServerConfigKeys (ConfUtils.java:logGet(43)) - raft.server.log.appender.buffer.byte-limit = 33554432 (custom)
2019-11-15 01:00:23,635 [pool-599-thread-1] INFO  server.RaftServerConfigKeys (ConfUtils.java:logGet(43)) - raft.server.log.segment.size.max = 1048576 (custom)
2019-11-15 01:00:23,635 [pool-599-thread-1] WARN  impl.MetricRegistriesImpl (MetricRegistriesImpl.java:lambda$create$1(61)) - First MetricRegistry has been created without registering reporters. You may need to call MetricRegistries.global().addReportRegistration(...) before.
2019-11-15 01:00:23,635 [pool-599-thread-1] INFO  server.RaftServerConfigKeys (ConfUtils.java:logGet(43)) - raft.server.log.segment.cache.num.max = 2 (custom)
2019-11-15 01:00:23,635 [pool-599-thread-1] INFO  segmented.SegmentedRaftLogWorker (SegmentedRaftLogWorker.java:<init>(173)) - new 3290c45a-dc7d-4c95-a586-1c6e32afef30@group-093F110B3D89-SegmentedRaftLogWorker for RaftStorage:Storage Directory /workdir/hadoop-ozone/integration-test/target/test-dir/MiniOzoneClusterImpl-9b1c7e50-938b-4652-9315-e435b3731240/datanode-9/data/ratis/fb99fe7e-47fb-4f1e-8826-093f110b3d89
2019-11-15 01:00:23,636 [pool-599-thread-1] INFO  server.RaftServerConfigKeys (ConfUtils.java:logGet(43)) - raft.server.log.queue.byte-limit = 2147483647 (custom)
2019-11-15 01:00:23,636 [pool-599-thread-1] INFO  server.RaftServerConfigKeys (ConfUtils.java:logGet(43)) - raft.server.log.queue.element-limit = 1024 (custom)
2019-11-15 01:00:23,636 [pool-599-thread-1] INFO  server.RaftServerConfigKeys (ConfUtils.java:logGet(43)) - raft.server.log.segment.size.max = 1048576 (custom)
2019-11-15 01:00:23,636 [pool-599-thread-1] INFO  server.RaftServerConfigKeys (ConfUtils.java:logGet(43)) - raft.server.log.preallocated.size = 16384 (custom)
2019-11-15 01:00:23,636 [pool-599-thread-1] INFO  server.RaftServerConfigKeys (ConfUtils.java:logGet(43)) - raft.server.log.write.buffer.size = 33554432 (custom)
2019-11-15 01:00:23,636 [pool-599-thread-1] INFO  server.RaftServerConfigKeys (ConfUtils.java:logGet(43)) - raft.server.log.force.sync.num = 128 (default)
2019-11-15 01:00:23,636 [pool-599-thread-1] INFO  server.RaftServerConfigKeys (ConfUtils.java:logGet(43)) - raft.server.log.statemachine.data.sync = true (default)
2019-11-15 01:00:23,636 [pool-599-thread-1] INFO  server.RaftServerConfigKeys (ConfUtils.java:logGet(43)) - raft.server.log.statemachine.data.sync.timeout = 10s (default)
2019-11-15 01:00:23,636 [pool-599-thread-1] INFO  server.RaftServerConfigKeys (ConfUtils.java:logGet(43)) - raft.server.log.statemachine.data.sync.timeout.retry = -1 (default)
2019-11-15 01:00:23,637 [pool-599-thread-1] INFO  server.RaftServerConfigKeys (ConfUtils.java:logGet(43)) - raft.server.log.statemachine.data.caching.enabled = true (custom)
2019-11-15 01:00:23,637 [pool-599-thread-1] INFO  segmented.SegmentedRaftLogWorker (SegmentedRaftLogWorker.java:lambda$new$0(128)) - 3290c45a-dc7d-4c95-a586-1c6e32afef30@group-093F110B3D89-SegmentedRaftLogWorker: flushIndex: setUnconditionally 0 -> -1
2019-11-15 01:00:23,637 [pool-599-thread-1] INFO  server.RaftServerConfigKeys (ConfUtils.java:logGet(43)) - raft.server.snapshot.auto.trigger.enabled = true (custom)
2019-11-15 01:00:23,637 [pool-599-thread-1] INFO  server.RaftServerConfigKeys (ConfUtils.java:logGet(43)) - raft.server.snapshot.auto.trigger.threshold = 10000 (custom)
2019-11-15 01:00:23,637 [pool-599-thread-1] INFO  server.RaftServerConfigKeys (ConfUtils.java:logGet(43)) - raft.server.snapshot.retention.file.num = 5 (custom)
2019-11-15 01:00:23,637 [pool-599-thread-1] INFO  server.RaftServerConfigKeys (ConfUtils.java:logGet(43)) - raft.server.retrycache.expirytime = 600000ms (custom)
2019-11-15 01:00:23,638 [pool-599-thread-1] WARN  impl.MetricRegistriesImpl (MetricRegistriesImpl.java:lambda$create$1(61)) - First MetricRegistry has been created without registering reporters. You may need to call MetricRegistries.global().addReportRegistration(...) before.
2019-11-15 01:00:23,638 [pool-599-thread-1] WARN  impl.MetricRegistriesImpl (MetricRegistriesImpl.java:lambda$create$1(61)) - First MetricRegistry has been created without registering reporters. You may need to call MetricRegistries.global().addReportRegistration(...) before.
2019-11-15 01:00:23,638 [pool-599-thread-1] INFO  impl.RaftServerImpl (RaftServerImpl.java:start(184)) - 3290c45a-dc7d-4c95-a586-1c6e32afef30@group-093F110B3D89: start as a follower, conf=-1: [3290c45a-dc7d-4c95-a586-1c6e32afef30:192.168.164.208:44306], old=null
2019-11-15 01:00:23,638 [pool-599-thread-1] INFO  impl.RaftServerImpl (RaftServerImpl.java:setRole(173)) - 3290c45a-dc7d-4c95-a586-1c6e32afef30@group-093F110B3D89: changes role from      null to FOLLOWER at term 0 for startAsFollower
2019-11-15 01:00:23,638 [pool-599-thread-1] INFO  impl.RoleInfo (RoleInfo.java:updateAndGet(143)) - 3290c45a-dc7d-4c95-a586-1c6e32afef30: start FollowerState
2019-11-15 01:00:23,638 [pool-599-thread-1] INFO  util.JmxRegister (JmxRegister.java:tryRegister(44)) - Successfully registered JMX Bean with object name Ratis:service=RaftServer,group=group-093F110B3D89,id=3290c45a-dc7d-4c95-a586-1c6e32afef30
2019-11-15 01:00:23,639 [pool-599-thread-1] WARN  impl.MetricRegistriesImpl (MetricRegistriesImpl.java:lambda$create$1(61)) - First MetricRegistry has been created without registering reporters. You may need to call MetricRegistries.global().addReportRegistration(...) before.
2019-11-15 01:00:23,641 [RatisPipelineUtilsThread] INFO  pipeline.PipelineStateManager (PipelineStateManager.java:addPipeline(55)) - Created pipeline Pipeline[ Id: fb99fe7e-47fb-4f1e-8826-093f110b3d89, Nodes: 3290c45a-dc7d-4c95-a586-1c6e32afef30{ip: 192.168.164.208, host: pr-hdds-2442-bxv5b-1523879440, networkLocation: /rack1, certSerialId: null}, Type:RATIS, Factor:ONE, State:ALLOCATED]
2019-11-15 01:00:23,644 [grpc-default-executor-0] INFO  impl.RaftServerProxy (RaftServerProxy.java:addNew(89)) - c7f93789-5ee9-40a1-8afd-58386fa54dde: addNew group-B76C4CA6B5C8:[c7f93789-5ee9-40a1-8afd-58386fa54dde:192.168.164.208:38346] returns group-B76C4CA6B5C8:java.util.concurrent.CompletableFuture@2423bc3e[Not completed]
2019-11-15 01:00:23,645 [pool-539-thread-1] INFO  impl.RaftServerImpl (RaftServerImpl.java:<init>(98)) - c7f93789-5ee9-40a1-8afd-58386fa54dde: new RaftServerImpl for group-B76C4CA6B5C8:[c7f93789-5ee9-40a1-8afd-58386fa54dde:192.168.164.208:38346] with ContainerStateMachine:uninitialized
2019-11-15 01:00:23,645 [pool-539-thread-1] INFO  server.RaftServerConfigKeys (ConfUtils.java:logGet(43)) - raft.server.rpc.timeout.min = 1s (custom)
2019-11-15 01:00:23,645 [pool-539-thread-1] INFO  server.RaftServerConfigKeys (ConfUtils.java:logGet(43)) - raft.server.rpc.timeout.max = 1200ms (custom)
2019-11-15 01:00:23,646 [pool-539-thread-1] INFO  server.RaftServerConfigKeys (ConfUtils.java:logGet(43)) - raft.server.rpcslowness.timeout = 120s (custom)
2019-11-15 01:00:23,646 [pool-539-thread-1] INFO  server.RaftServerConfigKeys (ConfUtils.java:logGet(43)) - raft.server.sleep.deviation.threshold = 300 (default)
2019-11-15 01:00:23,646 [pool-539-thread-1] INFO  server.RaftServerConfigKeys (ConfUtils.java:logGet(43)) - raft.server.log.appender.install.snapshot.enabled = false (custom)
2019-11-15 01:00:23,646 [pool-539-thread-1] INFO  impl.RaftServerImpl (ServerState.java:<init>(103)) - c7f93789-5ee9-40a1-8afd-58386fa54dde@group-B76C4CA6B5C8: ConfigurationManager, init=-1: [c7f93789-5ee9-40a1-8afd-58386fa54dde:192.168.164.208:38346], old=null, confs=<EMPTY_MAP>
2019-11-15 01:00:23,646 [pool-539-thread-1] INFO  server.RaftServerConfigKeys (ConfUtils.java:logGet(43)) - raft.server.storage.dir = [/workdir/hadoop-ozone/integration-test/target/test-dir/MiniOzoneClusterImpl-9b1c7e50-938b-4652-9315-e435b3731240/datanode-3/data/ratis] (custom)
2019-11-15 01:00:23,646 [pool-539-thread-1] INFO  server.RaftServerConfigKeys (ConfUtils.java:logGet(43)) - raft.server.log.corruption.policy = EXCEPTION (default)
2019-11-15 01:00:23,647 [pool-539-thread-1] INFO  storage.RaftStorageDirectory (RaftStorageDirectory.java:analyzeStorage(246)) - The storage directory /workdir/hadoop-ozone/integration-test/target/test-dir/MiniOzoneClusterImpl-9b1c7e50-938b-4652-9315-e435b3731240/datanode-3/data/ratis/65a5b576-f6b2-4220-b849-b76c4ca6b5c8 does not exist. Creating ...
2019-11-15 01:00:23,668 [pool-539-thread-1] INFO  storage.RaftStorageDirectory (RaftStorageDirectory.java:tryLock(328)) - Lock on /workdir/hadoop-ozone/integration-test/target/test-dir/MiniOzoneClusterImpl-9b1c7e50-938b-4652-9315-e435b3731240/datanode-3/data/ratis/65a5b576-f6b2-4220-b849-b76c4ca6b5c8/in_use.lock acquired by nodename 16745@pr-hdds-2442-bxv5b-1523879440
2019-11-15 01:00:23,682 [pool-539-thread-1] INFO  storage.RaftStorage (RaftStorage.java:format(84)) - Storage directory /workdir/hadoop-ozone/integration-test/target/test-dir/MiniOzoneClusterImpl-9b1c7e50-938b-4652-9315-e435b3731240/datanode-3/data/ratis/65a5b576-f6b2-4220-b849-b76c4ca6b5c8 has been successfully formatted.
2019-11-15 01:00:23,682 [pool-539-thread-1] INFO  ratis.ContainerStateMachine (ContainerStateMachine.java:loadSnapshot(223)) - group-B76C4CA6B5C8: The snapshot info is null. Setting the last applied indexto:(t:0, i:~)
2019-11-15 01:00:23,682 [pool-539-thread-1] INFO  server.RaftServerConfigKeys (ConfUtils.java:logGet(43)) - raft.server.notification.no-leader.timeout = 120s (custom)
2019-11-15 01:00:23,682 [pool-539-thread-1] INFO  server.RaftServerConfigKeys (ConfUtils.java:logGet(43)) - raft.server.log.use.memory = false (default)
2019-11-15 01:00:23,682 [pool-539-thread-1] INFO  server.RaftServerConfigKeys (ConfUtils.java:logGet(43)) - raft.server.log.purge.gap = 1000000 (custom)
2019-11-15 01:00:23,683 [pool-539-thread-1] INFO  server.RaftServerConfigKeys (ConfUtils.java:logGet(43)) - raft.server.log.appender.buffer.byte-limit = 33554432 (custom)
2019-11-15 01:00:23,683 [pool-539-thread-1] INFO  server.RaftServerConfigKeys (ConfUtils.java:logGet(43)) - raft.server.log.segment.size.max = 1048576 (custom)
2019-11-15 01:00:23,683 [pool-539-thread-1] INFO  server.RaftServerConfigKeys (ConfUtils.java:logGet(43)) - raft.server.log.segment.cache.num.max = 2 (custom)
2019-11-15 01:00:23,683 [pool-539-thread-1] INFO  segmented.SegmentedRaftLogWorker (SegmentedRaftLogWorker.java:<init>(173)) - new c7f93789-5ee9-40a1-8afd-58386fa54dde@group-B76C4CA6B5C8-SegmentedRaftLogWorker for RaftStorage:Storage Directory /workdir/hadoop-ozone/integration-test/target/test-dir/MiniOzoneClusterImpl-9b1c7e50-938b-4652-9315-e435b3731240/datanode-3/data/ratis/65a5b576-f6b2-4220-b849-b76c4ca6b5c8
2019-11-15 01:00:23,683 [pool-539-thread-1] INFO  server.RaftServerConfigKeys (ConfUtils.java:logGet(43)) - raft.server.log.queue.byte-limit = 2147483647 (custom)
2019-11-15 01:00:23,683 [pool-539-thread-1] INFO  server.RaftServerConfigKeys (ConfUtils.java:logGet(43)) - raft.server.log.queue.element-limit = 1024 (custom)
2019-11-15 01:00:23,684 [pool-539-thread-1] INFO  server.RaftServerConfigKeys (ConfUtils.java:logGet(43)) - raft.server.log.segment.size.max = 1048576 (custom)
2019-11-15 01:00:23,684 [pool-539-thread-1] INFO  server.RaftServerConfigKeys (ConfUtils.java:logGet(43)) - raft.server.log.preallocated.size = 16384 (custom)
2019-11-15 01:00:23,684 [pool-539-thread-1] INFO  server.RaftServerConfigKeys (ConfUtils.java:logGet(43)) - raft.server.log.write.buffer.size = 33554432 (custom)
2019-11-15 01:00:23,684 [pool-539-thread-1] INFO  server.RaftServerConfigKeys (ConfUtils.java:logGet(43)) - raft.server.log.force.sync.num = 128 (default)
2019-11-15 01:00:23,684 [pool-539-thread-1] INFO  server.RaftServerConfigKeys (ConfUtils.java:logGet(43)) - raft.server.log.statemachine.data.sync = true (default)
2019-11-15 01:00:23,684 [pool-539-thread-1] INFO  server.RaftServerConfigKeys (ConfUtils.java:logGet(43)) - raft.server.log.statemachine.data.sync.timeout = 10s (default)
2019-11-15 01:00:23,684 [pool-539-thread-1] INFO  server.RaftServerConfigKeys (ConfUtils.java:logGet(43)) - raft.server.log.statemachine.data.sync.timeout.retry = -1 (default)
2019-11-15 01:00:23,685 [pool-539-thread-1] INFO  server.RaftServerConfigKeys (ConfUtils.java:logGet(43)) - raft.server.log.statemachine.data.caching.enabled = true (custom)
2019-11-15 01:00:23,685 [pool-539-thread-1] INFO  segmented.SegmentedRaftLogWorker (SegmentedRaftLogWorker.java:lambda$new$0(128)) - c7f93789-5ee9-40a1-8afd-58386fa54dde@group-B76C4CA6B5C8-SegmentedRaftLogWorker: flushIndex: setUnconditionally 0 -> -1
2019-11-15 01:00:23,686 [pool-539-thread-1] INFO  server.RaftServerConfigKeys (ConfUtils.java:logGet(43)) - raft.server.snapshot.auto.trigger.enabled = true (custom)
2019-11-15 01:00:23,686 [pool-539-thread-1] INFO  server.RaftServerConfigKeys (ConfUtils.java:logGet(43)) - raft.server.snapshot.auto.trigger.threshold = 10000 (custom)
2019-11-15 01:00:23,686 [pool-539-thread-1] INFO  server.RaftServerConfigKeys (ConfUtils.java:logGet(43)) - raft.server.snapshot.retention.file.num = 5 (custom)
2019-11-15 01:00:23,686 [pool-539-thread-1] INFO  server.RaftServerConfigKeys (ConfUtils.java:logGet(43)) - raft.server.retrycache.expirytime = 600000ms (custom)
2019-11-15 01:00:23,687 [pool-539-thread-1] WARN  impl.MetricRegistriesImpl (MetricRegistriesImpl.java:lambda$create$1(61)) - First MetricRegistry has been created without registering reporters. You may need to call MetricRegistries.global().addReportRegistration(...) before.
2019-11-15 01:00:23,687 [pool-539-thread-1] WARN  impl.MetricRegistriesImpl (MetricRegistriesImpl.java:lambda$create$1(61)) - First MetricRegistry has been created without registering reporters. You may need to call MetricRegistries.global().addReportRegistration(...) before.
2019-11-15 01:00:23,687 [pool-539-thread-1] INFO  impl.RaftServerImpl (RaftServerImpl.java:start(184)) - c7f93789-5ee9-40a1-8afd-58386fa54dde@group-B76C4CA6B5C8: start as a follower, conf=-1: [c7f93789-5ee9-40a1-8afd-58386fa54dde:192.168.164.208:38346], old=null
2019-11-15 01:00:23,687 [pool-539-thread-1] INFO  impl.RaftServerImpl (RaftServerImpl.java:setRole(173)) - c7f93789-5ee9-40a1-8afd-58386fa54dde@group-B76C4CA6B5C8: changes role from      null to FOLLOWER at term 0 for startAsFollower
2019-11-15 01:00:23,688 [pool-539-thread-1] INFO  impl.RoleInfo (RoleInfo.java:updateAndGet(143)) - c7f93789-5ee9-40a1-8afd-58386fa54dde: start FollowerState
2019-11-15 01:00:23,699 [pool-539-thread-1] INFO  util.JmxRegister (JmxRegister.java:tryRegister(44)) - Successfully registered JMX Bean with object name Ratis:service=RaftServer,group=group-B76C4CA6B5C8,id=c7f93789-5ee9-40a1-8afd-58386fa54dde
2019-11-15 01:00:23,700 [pool-539-thread-1] WARN  impl.MetricRegistriesImpl (MetricRegistriesImpl.java:lambda$create$1(61)) - First MetricRegistry has been created without registering reporters. You may need to call MetricRegistries.global().addReportRegistration(...) before.
2019-11-15 01:00:23,711 [RatisPipelineUtilsThread] INFO  pipeline.PipelineStateManager (PipelineStateManager.java:addPipeline(55)) - Created pipeline Pipeline[ Id: 65a5b576-f6b2-4220-b849-b76c4ca6b5c8, Nodes: c7f93789-5ee9-40a1-8afd-58386fa54dde{ip: 192.168.164.208, host: pr-hdds-2442-bxv5b-1523879440, networkLocation: /rack1, certSerialId: null}, Type:RATIS, Factor:ONE, State:ALLOCATED]
2019-11-15 01:00:23,711 [Thread-4198] INFO  pipeline.PipelineStateManager (PipelineStateManager.java:finalizePipeline(121)) - Pipeline Pipeline[ Id: 719a7dd4-06e1-48df-a22a-cb25df611c5e, Nodes: c7f93789-5ee9-40a1-8afd-58386fa54dde{ip: 192.168.164.208, host: pr-hdds-2442-bxv5b-1523879440, networkLocation: /rack1, certSerialId: null}d068838d-6499-4b84-94b8-55225fdfdb1a{ip: 192.168.164.208, host: pr-hdds-2442-bxv5b-1523879440, networkLocation: /rack1, certSerialId: null}87580c89-6647-493a-b156-a806d562b3a1{ip: 192.168.164.208, host: pr-hdds-2442-bxv5b-1523879440, networkLocation: /rack1, certSerialId: null}, Type:RATIS, Factor:THREE, State:CLOSED] moved to CLOSED state
2019-11-15 01:00:23,712 [EventQueue-CloseContainerForCloseContainerEventHandler] INFO  container.CloseContainerEventHandler (CloseContainerEventHandler.java:onMessage(61)) - Close container Event triggered for container : #1
2019-11-15 01:00:23,716 [grpc-default-executor-0] INFO  impl.RaftServerProxy (RaftServerProxy.java:remove(95)) - c7f93789-5ee9-40a1-8afd-58386fa54dde: remove  FOLLOWER c7f93789-5ee9-40a1-8afd-58386fa54dde@group-CB25DF611C5E:t1, leader=d068838d-6499-4b84-94b8-55225fdfdb1a, voted=c7f93789-5ee9-40a1-8afd-58386fa54dde, raftlog=c7f93789-5ee9-40a1-8afd-58386fa54dde@group-CB25DF611C5E-SegmentedRaftLog:OPENED:c2,f3,i3, conf=0: [d068838d-6499-4b84-94b8-55225fdfdb1a:192.168.164.208:41973, 87580c89-6647-493a-b156-a806d562b3a1:192.168.164.208:37476, c7f93789-5ee9-40a1-8afd-58386fa54dde:192.168.164.208:38346], old=null RUNNING
2019-11-15 01:00:23,716 [grpc-default-executor-0] INFO  impl.RaftServerImpl (RaftServerImpl.java:lambda$shutdown$3(250)) - c7f93789-5ee9-40a1-8afd-58386fa54dde@group-CB25DF611C5E: shutdown
2019-11-15 01:00:23,716 [grpc-default-executor-0] INFO  util.JmxRegister (JmxRegister.java:unregister(73)) - Successfully un-registered JMX Bean with object name Ratis:service=RaftServer,group=group-CB25DF611C5E,id=c7f93789-5ee9-40a1-8afd-58386fa54dde
2019-11-15 01:00:23,716 [grpc-default-executor-0] INFO  impl.RoleInfo (RoleInfo.java:shutdownFollowerState(121)) - c7f93789-5ee9-40a1-8afd-58386fa54dde: shutdown FollowerState
2019-11-15 01:00:23,717 [grpc-default-executor-0] INFO  impl.StateMachineUpdater (StateMachineUpdater.java:stopAndJoin(136)) - c7f93789-5ee9-40a1-8afd-58386fa54dde@group-CB25DF611C5E-StateMachineUpdater: set stopIndex = 2
2019-11-15 01:00:23,717 [Thread-4285] INFO  impl.FollowerState (FollowerState.java:run(120)) - c7f93789-5ee9-40a1-8afd-58386fa54dde@group-CB25DF611C5E-FollowerState was interrupted: java.lang.InterruptedException: sleep interrupted
2019-11-15 01:00:23,717 [c7f93789-5ee9-40a1-8afd-58386fa54dde@group-CB25DF611C5E-StateMachineUpdater] INFO  ratis.ContainerStateMachine (ContainerStateMachine.java:takeSnapshot(285)) - group-CB25DF611C5E: Taking a snapshot at:(t:1, i:1) file /workdir/hadoop-ozone/integration-test/target/test-dir/MiniOzoneClusterImpl-9b1c7e50-938b-4652-9315-e435b3731240/datanode-3/data/ratis/719a7dd4-06e1-48df-a22a-cb25df611c5e/sm/snapshot.1_1
2019-11-15 01:00:23,729 [c7f93789-5ee9-40a1-8afd-58386fa54dde@group-CB25DF611C5E-StateMachineUpdater] INFO  ratis.ContainerStateMachine (ContainerStateMachine.java:takeSnapshot(296)) - group-CB25DF611C5E: Finished taking a snapshot at:(t:1, i:1) file:/workdir/hadoop-ozone/integration-test/target/test-dir/MiniOzoneClusterImpl-9b1c7e50-938b-4652-9315-e435b3731240/datanode-3/data/ratis/719a7dd4-06e1-48df-a22a-cb25df611c5e/sm/snapshot.1_1 time:12
2019-11-15 01:00:23,729 [c7f93789-5ee9-40a1-8afd-58386fa54dde@group-CB25DF611C5E-StateMachineUpdater] INFO  impl.StateMachineUpdater (StateMachineUpdater.java:takeSnapshot(269)) - c7f93789-5ee9-40a1-8afd-58386fa54dde@group-CB25DF611C5E-StateMachineUpdater: Took a snapshot at index 1
2019-11-15 01:00:23,729 [c7f93789-5ee9-40a1-8afd-58386fa54dde@group-CB25DF611C5E-StateMachineUpdater] INFO  impl.StateMachineUpdater (StateMachineUpdater.java:lambda$new$0(84)) - c7f93789-5ee9-40a1-8afd-58386fa54dde@group-CB25DF611C5E-StateMachineUpdater: snapshotIndex: updateIncreasingly -1 -> 1
2019-11-15 01:00:23,729 [c7f93789-5ee9-40a1-8afd-58386fa54dde@group-CB25DF611C5E-StateMachineUpdater] INFO  ratis.ContainerStateMachine (ContainerStateMachine.java:takeSnapshot(285)) - group-CB25DF611C5E: Taking a snapshot at:(t:1, i:1) file /workdir/hadoop-ozone/integration-test/target/test-dir/MiniOzoneClusterImpl-9b1c7e50-938b-4652-9315-e435b3731240/datanode-3/data/ratis/719a7dd4-06e1-48df-a22a-cb25df611c5e/sm/snapshot.1_1
2019-11-15 01:00:23,752 [c7f93789-5ee9-40a1-8afd-58386fa54dde@group-CB25DF611C5E-StateMachineUpdater] INFO  ratis.ContainerStateMachine (ContainerStateMachine.java:takeSnapshot(296)) - group-CB25DF611C5E: Finished taking a snapshot at:(t:1, i:1) file:/workdir/hadoop-ozone/integration-test/target/test-dir/MiniOzoneClusterImpl-9b1c7e50-938b-4652-9315-e435b3731240/datanode-3/data/ratis/719a7dd4-06e1-48df-a22a-cb25df611c5e/sm/snapshot.1_1 time:22
2019-11-15 01:00:23,752 [c7f93789-5ee9-40a1-8afd-58386fa54dde@group-CB25DF611C5E-StateMachineUpdater] INFO  impl.StateMachineUpdater (StateMachineUpdater.java:takeSnapshot(269)) - c7f93789-5ee9-40a1-8afd-58386fa54dde@group-CB25DF611C5E-StateMachineUpdater: Took a snapshot at index 1
2019-11-15 01:00:23,752 [c7f93789-5ee9-40a1-8afd-58386fa54dde@group-CB25DF611C5E-StateMachineUpdater] INFO  impl.StateMachineUpdater (StateMachineUpdater.java:lambda$new$0(84)) - c7f93789-5ee9-40a1-8afd-58386fa54dde@group-CB25DF611C5E-StateMachineUpdater: snapshotIndex: updateIncreasingly 1 -> 1
2019-11-15 01:00:23,753 [grpc-default-executor-0] INFO  impl.RaftServerImpl (ServerState.java:close(387)) - c7f93789-5ee9-40a1-8afd-58386fa54dde@group-CB25DF611C5E: closes. applyIndex: 2
2019-11-15 01:00:23,753 [c7f93789-5ee9-40a1-8afd-58386fa54dde@group-CB25DF611C5E-SegmentedRaftLogWorker] INFO  segmented.SegmentedRaftLogWorker (SegmentedRaftLogWorker.java:run(316)) - c7f93789-5ee9-40a1-8afd-58386fa54dde@group-CB25DF611C5E-SegmentedRaftLogWorker was interrupted, exiting. There are 0 tasks remaining in the queue.
2019-11-15 01:00:23,753 [grpc-default-executor-0] INFO  segmented.SegmentedRaftLogWorker (SegmentedRaftLogWorker.java:close(224)) - c7f93789-5ee9-40a1-8afd-58386fa54dde@group-CB25DF611C5E-SegmentedRaftLogWorker close()
2019-11-15 01:00:23,776 [Datanode State Machine Thread - 0] INFO  statemachine.DatanodeStateMachine (DatanodeStateMachine.java:lambda$startDaemon$0(355)) - Ozone container server started.
2019-11-15 01:00:23,813 [grpc-default-executor-0] INFO  interfaces.Container (KeyValueContainer.java:flushAndSyncDB(400)) - Container 1 is synced with bcsId 2.
2019-11-15 01:00:23,816 [grpc-default-executor-0] INFO  interfaces.Container (KeyValueContainer.java:flushAndSyncDB(400)) - Container 1 is synced with bcsId 2.
2019-11-15 01:00:23,844 [grpc-default-executor-0] INFO  impl.RaftServerProxy (RaftServerProxy.java:remove(95)) - d068838d-6499-4b84-94b8-55225fdfdb1a: remove    LEADER d068838d-6499-4b84-94b8-55225fdfdb1a@group-CB25DF611C5E:t1, leader=d068838d-6499-4b84-94b8-55225fdfdb1a, voted=d068838d-6499-4b84-94b8-55225fdfdb1a, raftlog=d068838d-6499-4b84-94b8-55225fdfdb1a@group-CB25DF611C5E-SegmentedRaftLog:OPENED:c3,f3,i3, conf=0: [d068838d-6499-4b84-94b8-55225fdfdb1a:192.168.164.208:41973, 87580c89-6647-493a-b156-a806d562b3a1:192.168.164.208:37476, c7f93789-5ee9-40a1-8afd-58386fa54dde:192.168.164.208:38346], old=null RUNNING
2019-11-15 01:00:23,845 [grpc-default-executor-0] INFO  impl.RaftServerImpl (RaftServerImpl.java:lambda$shutdown$3(250)) - d068838d-6499-4b84-94b8-55225fdfdb1a@group-CB25DF611C5E: shutdown
2019-11-15 01:00:23,845 [grpc-default-executor-0] INFO  util.JmxRegister (JmxRegister.java:unregister(73)) - Successfully un-registered JMX Bean with object name Ratis:service=RaftServer,group=group-CB25DF611C5E,id=d068838d-6499-4b84-94b8-55225fdfdb1a
2019-11-15 01:00:23,845 [grpc-default-executor-0] INFO  impl.RoleInfo (RoleInfo.java:shutdownLeaderState(104)) - d068838d-6499-4b84-94b8-55225fdfdb1a: shutdown LeaderState
2019-11-15 01:00:23,850 [grpc-default-executor-0] INFO  impl.PendingRequests (PendingRequests.java:sendNotLeaderResponses(206)) - d068838d-6499-4b84-94b8-55225fdfdb1a@group-CB25DF611C5E-PendingRequests: sendNotLeaderResponses
2019-11-15 01:00:23,850 [org.apache.ratis.server.impl.LogAppender$AppenderDaemon$$Lambda$466/1042245461@e52bc26] WARN  server.GrpcLogAppender (GrpcLogAppender.java:mayWait(151)) - d068838d-6499-4b84-94b8-55225fdfdb1a@group-CB25DF611C5E->87580c89-6647-493a-b156-a806d562b3a1-GrpcLogAppender: Wait interrupted by java.lang.InterruptedException
2019-11-15 01:00:23,850 [org.apache.ratis.server.impl.LogAppender$AppenderDaemon$$Lambda$466/1042245461@4b503388] WARN  server.GrpcLogAppender (GrpcLogAppender.java:mayWait(151)) - d068838d-6499-4b84-94b8-55225fdfdb1a@group-CB25DF611C5E->c7f93789-5ee9-40a1-8afd-58386fa54dde-GrpcLogAppender: Wait interrupted by java.lang.InterruptedException
2019-11-15 01:00:23,853 [grpc-default-executor-0] INFO  impl.StateMachineUpdater (StateMachineUpdater.java:stopAndJoin(136)) - d068838d-6499-4b84-94b8-55225fdfdb1a@group-CB25DF611C5E-StateMachineUpdater: set stopIndex = 3
2019-11-15 01:00:23,853 [d068838d-6499-4b84-94b8-55225fdfdb1a@group-CB25DF611C5E-StateMachineUpdater] INFO  ratis.ContainerStateMachine (ContainerStateMachine.java:takeSnapshot(285)) - group-CB25DF611C5E: Taking a snapshot at:(t:1, i:3) file /workdir/hadoop-ozone/integration-test/target/test-dir/MiniOzoneClusterImpl-9b1c7e50-938b-4652-9315-e435b3731240/datanode-4/data/ratis/719a7dd4-06e1-48df-a22a-cb25df611c5e/sm/snapshot.1_3
2019-11-15 01:00:23,854 [grpc-default-executor-5] INFO  server.GrpcServerProtocolService (GrpcServerProtocolService.java:onCompleted(113)) - 87580c89-6647-493a-b156-a806d562b3a1: Completed APPEND_ENTRIES, lastRequest: d068838d-6499-4b84-94b8-55225fdfdb1a->87580c89-6647-493a-b156-a806d562b3a1#6-t1, previous=(t:1, i:2), leaderCommit=2, initializing? false, entries: size=1, first=(t:1, i:3), METADATAENTRY(c2)
2019-11-15 01:00:23,854 [grpc-default-executor-3] INFO  server.GrpcServerProtocolService (GrpcServerProtocolService.java:onCompleted(113)) - c7f93789-5ee9-40a1-8afd-58386fa54dde: Completed APPEND_ENTRIES, lastRequest: d068838d-6499-4b84-94b8-55225fdfdb1a->c7f93789-5ee9-40a1-8afd-58386fa54dde#6-t1, previous=(t:1, i:2), leaderCommit=2, initializing? false, entries: size=1, first=(t:1, i:3), METADATAENTRY(c2)
2019-11-15 01:00:23,854 [grpc-default-executor-5] INFO  server.GrpcLogAppender (GrpcLogAppender.java:onCompleted(308)) - d068838d-6499-4b84-94b8-55225fdfdb1a@group-CB25DF611C5E->87580c89-6647-493a-b156-a806d562b3a1-AppendLogResponseHandler: follower responses appendEntries COMPLETED
2019-11-15 01:00:23,854 [grpc-default-executor-3] INFO  server.GrpcLogAppender (GrpcLogAppender.java:onCompleted(308)) - d068838d-6499-4b84-94b8-55225fdfdb1a@group-CB25DF611C5E->c7f93789-5ee9-40a1-8afd-58386fa54dde-AppendLogResponseHandler: follower responses appendEntries COMPLETED
2019-11-15 01:00:23,855 [grpc-default-executor-5] INFO  impl.FollowerInfo (FollowerInfo.java:lambda$new$0(51)) - d068838d-6499-4b84-94b8-55225fdfdb1a@group-CB25DF611C5E->87580c89-6647-493a-b156-a806d562b3a1: nextIndex: updateUnconditionally 4 -> 3
2019-11-15 01:00:23,855 [grpc-default-executor-3] INFO  impl.FollowerInfo (FollowerInfo.java:lambda$new$0(51)) - d068838d-6499-4b84-94b8-55225fdfdb1a@group-CB25DF611C5E->c7f93789-5ee9-40a1-8afd-58386fa54dde: nextIndex: updateUnconditionally 4 -> 3
2019-11-15 01:00:23,878 [d068838d-6499-4b84-94b8-55225fdfdb1a@group-CB25DF611C5E-StateMachineUpdater] INFO  ratis.ContainerStateMachine (ContainerStateMachine.java:takeSnapshot(296)) - group-CB25DF611C5E: Finished taking a snapshot at:(t:1, i:3) file:/workdir/hadoop-ozone/integration-test/target/test-dir/MiniOzoneClusterImpl-9b1c7e50-938b-4652-9315-e435b3731240/datanode-4/data/ratis/719a7dd4-06e1-48df-a22a-cb25df611c5e/sm/snapshot.1_3 time:25
2019-11-15 01:00:23,878 [d068838d-6499-4b84-94b8-55225fdfdb1a@group-CB25DF611C5E-StateMachineUpdater] INFO  impl.StateMachineUpdater (StateMachineUpdater.java:takeSnapshot(269)) - d068838d-6499-4b84-94b8-55225fdfdb1a@group-CB25DF611C5E-StateMachineUpdater: Took a snapshot at index 3
2019-11-15 01:00:23,878 [d068838d-6499-4b84-94b8-55225fdfdb1a@group-CB25DF611C5E-StateMachineUpdater] INFO  impl.StateMachineUpdater (StateMachineUpdater.java:lambda$new$0(84)) - d068838d-6499-4b84-94b8-55225fdfdb1a@group-CB25DF611C5E-StateMachineUpdater: snapshotIndex: updateIncreasingly -1 -> 3
2019-11-15 01:00:23,879 [grpc-default-executor-0] INFO  impl.RaftServerImpl (ServerState.java:close(387)) - d068838d-6499-4b84-94b8-55225fdfdb1a@group-CB25DF611C5E: closes. applyIndex: 3
2019-11-15 01:00:23,879 [d068838d-6499-4b84-94b8-55225fdfdb1a@group-CB25DF611C5E-SegmentedRaftLogWorker] INFO  segmented.SegmentedRaftLogWorker (SegmentedRaftLogWorker.java:run(316)) - d068838d-6499-4b84-94b8-55225fdfdb1a@group-CB25DF611C5E-SegmentedRaftLogWorker was interrupted, exiting. There are 0 tasks remaining in the queue.
2019-11-15 01:00:23,880 [grpc-default-executor-0] INFO  segmented.SegmentedRaftLogWorker (SegmentedRaftLogWorker.java:close(224)) - d068838d-6499-4b84-94b8-55225fdfdb1a@group-CB25DF611C5E-SegmentedRaftLogWorker close()
2019-11-15 01:00:23,911 [grpc-default-executor-0] INFO  interfaces.Container (KeyValueContainer.java:flushAndSyncDB(400)) - Container 1 is synced with bcsId 2.
2019-11-15 01:00:23,911 [grpc-default-executor-0] INFO  interfaces.Container (KeyValueContainer.java:flushAndSyncDB(400)) - Container 1 is synced with bcsId 2.
2019-11-15 01:00:23,927 [EventQueue-IncrementalContainerReportForIncrementalContainerReportHandler] INFO  container.IncrementalContainerReportHandler (AbstractContainerReportHandler.java:updateContainerState(171)) - Moving container #1 to QUASI_CLOSED state, datanode d068838d-6499-4b84-94b8-55225fdfdb1a{ip: 192.168.164.208, host: pr-hdds-2442-bxv5b-1523879440, networkLocation: /rack1, certSerialId: null} reported QUASI_CLOSED replica.
2019-11-15 01:00:23,931 [grpc-default-executor-0] INFO  impl.RaftServerProxy (RaftServerProxy.java:remove(95)) - 87580c89-6647-493a-b156-a806d562b3a1: remove  FOLLOWER 87580c89-6647-493a-b156-a806d562b3a1@group-CB25DF611C5E:t1, leader=d068838d-6499-4b84-94b8-55225fdfdb1a, voted=d068838d-6499-4b84-94b8-55225fdfdb1a, raftlog=87580c89-6647-493a-b156-a806d562b3a1@group-CB25DF611C5E-SegmentedRaftLog:OPENED:c2,f3,i3, conf=0: [d068838d-6499-4b84-94b8-55225fdfdb1a:192.168.164.208:41973, 87580c89-6647-493a-b156-a806d562b3a1:192.168.164.208:37476, c7f93789-5ee9-40a1-8afd-58386fa54dde:192.168.164.208:38346], old=null RUNNING
2019-11-15 01:00:23,931 [grpc-default-executor-0] INFO  impl.RaftServerImpl (RaftServerImpl.java:lambda$shutdown$3(250)) - 87580c89-6647-493a-b156-a806d562b3a1@group-CB25DF611C5E: shutdown
2019-11-15 01:00:23,931 [grpc-default-executor-0] INFO  util.JmxRegister (JmxRegister.java:unregister(73)) - Successfully un-registered JMX Bean with object name Ratis:service=RaftServer,group=group-CB25DF611C5E,id=87580c89-6647-493a-b156-a806d562b3a1
2019-11-15 01:00:23,931 [grpc-default-executor-0] INFO  impl.RoleInfo (RoleInfo.java:shutdownFollowerState(121)) - 87580c89-6647-493a-b156-a806d562b3a1: shutdown FollowerState
2019-11-15 01:00:23,931 [grpc-default-executor-0] INFO  impl.StateMachineUpdater (StateMachineUpdater.java:stopAndJoin(136)) - 87580c89-6647-493a-b156-a806d562b3a1@group-CB25DF611C5E-StateMachineUpdater: set stopIndex = 2
2019-11-15 01:00:23,932 [87580c89-6647-493a-b156-a806d562b3a1@group-CB25DF611C5E-StateMachineUpdater] INFO  ratis.ContainerStateMachine (ContainerStateMachine.java:takeSnapshot(285)) - group-CB25DF611C5E: Taking a snapshot at:(t:1, i:2) file /workdir/hadoop-ozone/integration-test/target/test-dir/MiniOzoneClusterImpl-9b1c7e50-938b-4652-9315-e435b3731240/datanode-5/data/ratis/719a7dd4-06e1-48df-a22a-cb25df611c5e/sm/snapshot.1_2
2019-11-15 01:00:23,932 [Thread-4284] INFO  impl.FollowerState (FollowerState.java:run(120)) - 87580c89-6647-493a-b156-a806d562b3a1@group-CB25DF611C5E-FollowerState was interrupted: java.lang.InterruptedException: sleep interrupted
2019-11-15 01:00:23,945 [87580c89-6647-493a-b156-a806d562b3a1@group-CB25DF611C5E-StateMachineUpdater] INFO  ratis.ContainerStateMachine (ContainerStateMachine.java:takeSnapshot(296)) - group-CB25DF611C5E: Finished taking a snapshot at:(t:1, i:2) file:/workdir/hadoop-ozone/integration-test/target/test-dir/MiniOzoneClusterImpl-9b1c7e50-938b-4652-9315-e435b3731240/datanode-5/data/ratis/719a7dd4-06e1-48df-a22a-cb25df611c5e/sm/snapshot.1_2 time:13
2019-11-15 01:00:23,945 [87580c89-6647-493a-b156-a806d562b3a1@group-CB25DF611C5E-StateMachineUpdater] INFO  impl.StateMachineUpdater (StateMachineUpdater.java:takeSnapshot(269)) - 87580c89-6647-493a-b156-a806d562b3a1@group-CB25DF611C5E-StateMachineUpdater: Took a snapshot at index 2
2019-11-15 01:00:23,945 [87580c89-6647-493a-b156-a806d562b3a1@group-CB25DF611C5E-StateMachineUpdater] INFO  impl.StateMachineUpdater (StateMachineUpdater.java:lambda$new$0(84)) - 87580c89-6647-493a-b156-a806d562b3a1@group-CB25DF611C5E-StateMachineUpdater: snapshotIndex: updateIncreasingly -1 -> 2
2019-11-15 01:00:23,945 [grpc-default-executor-0] INFO  impl.RaftServerImpl (ServerState.java:close(387)) - 87580c89-6647-493a-b156-a806d562b3a1@group-CB25DF611C5E: closes. applyIndex: 2
2019-11-15 01:00:23,946 [87580c89-6647-493a-b156-a806d562b3a1@group-CB25DF611C5E-SegmentedRaftLogWorker] INFO  segmented.SegmentedRaftLogWorker (SegmentedRaftLogWorker.java:run(316)) - 87580c89-6647-493a-b156-a806d562b3a1@group-CB25DF611C5E-SegmentedRaftLogWorker was interrupted, exiting. There are 0 tasks remaining in the queue.
2019-11-15 01:00:23,946 [grpc-default-executor-0] INFO  segmented.SegmentedRaftLogWorker (SegmentedRaftLogWorker.java:close(224)) - 87580c89-6647-493a-b156-a806d562b3a1@group-CB25DF611C5E-SegmentedRaftLogWorker close()
2019-11-15 01:00:23,979 [grpc-default-executor-0] INFO  interfaces.Container (KeyValueContainer.java:flushAndSyncDB(400)) - Container 1 is synced with bcsId 2.
2019-11-15 01:00:23,979 [grpc-default-executor-0] INFO  interfaces.Container (KeyValueContainer.java:flushAndSyncDB(400)) - Container 1 is synced with bcsId 2.
2019-11-15 01:00:24,002 [Thread-4198] INFO  pipeline.PipelineStateManager (PipelineStateManager.java:removePipeline(106)) - Pipeline Pipeline[ Id: 719a7dd4-06e1-48df-a22a-cb25df611c5e, Nodes: c7f93789-5ee9-40a1-8afd-58386fa54dde{ip: 192.168.164.208, host: pr-hdds-2442-bxv5b-1523879440, networkLocation: /rack1, certSerialId: null}d068838d-6499-4b84-94b8-55225fdfdb1a{ip: 192.168.164.208, host: pr-hdds-2442-bxv5b-1523879440, networkLocation: /rack1, certSerialId: null}87580c89-6647-493a-b156-a806d562b3a1{ip: 192.168.164.208, host: pr-hdds-2442-bxv5b-1523879440, networkLocation: /rack1, certSerialId: null}, Type:RATIS, Factor:THREE, State:CLOSED] removed from db
2019-11-15 01:00:24,002 [Thread-4198] INFO  pipeline.SCMPipelineManager (SCMPipelineManager.java:finalizeAndDestroyPipeline(315)) - destroying pipeline:Pipeline[ Id: a19b681f-dc86-4e11-b1f4-5205d9775c54, Nodes: c4061fea-d656-4029-8a52-0003cdc411ee{ip: 192.168.164.208, host: pr-hdds-2442-bxv5b-1523879440, networkLocation: /rack1, certSerialId: null}, Type:RATIS, Factor:ONE, State:OPEN]
2019-11-15 01:00:24,014 [grpc-default-executor-5] INFO  impl.RaftServerProxy (RaftServerProxy.java:addNew(89)) - 3290c45a-dc7d-4c95-a586-1c6e32afef30: addNew group-E58C27D02539:[d068838d-6499-4b84-94b8-55225fdfdb1a:192.168.164.208:41973, 3290c45a-dc7d-4c95-a586-1c6e32afef30:192.168.164.208:44306, c7f93789-5ee9-40a1-8afd-58386fa54dde:192.168.164.208:38346] returns group-E58C27D02539:java.util.concurrent.CompletableFuture@6315ffcc[Not completed]
2019-11-15 01:00:24,014 [grpc-default-executor-3] INFO  impl.RaftServerProxy (RaftServerProxy.java:addNew(89)) - c7f93789-5ee9-40a1-8afd-58386fa54dde: addNew group-E58C27D02539:[d068838d-6499-4b84-94b8-55225fdfdb1a:192.168.164.208:41973, 3290c45a-dc7d-4c95-a586-1c6e32afef30:192.168.164.208:44306, c7f93789-5ee9-40a1-8afd-58386fa54dde:192.168.164.208:38346] returns group-E58C27D02539:java.util.concurrent.CompletableFuture@779d11f7[Not completed]
2019-11-15 01:00:24,014 [grpc-default-executor-5] INFO  impl.RaftServerProxy (RaftServerProxy.java:addNew(89)) - d068838d-6499-4b84-94b8-55225fdfdb1a: addNew group-E58C27D02539:[d068838d-6499-4b84-94b8-55225fdfdb1a:192.168.164.208:41973, 3290c45a-dc7d-4c95-a586-1c6e32afef30:192.168.164.208:44306, c7f93789-5ee9-40a1-8afd-58386fa54dde:192.168.164.208:38346] returns group-E58C27D02539:java.util.concurrent.CompletableFuture@585bd1b6[Not completed]
2019-11-15 01:00:24,015 [pool-539-thread-1] INFO  impl.RaftServerImpl (RaftServerImpl.java:<init>(98)) - c7f93789-5ee9-40a1-8afd-58386fa54dde: new RaftServerImpl for group-E58C27D02539:[d068838d-6499-4b84-94b8-55225fdfdb1a:192.168.164.208:41973, 3290c45a-dc7d-4c95-a586-1c6e32afef30:192.168.164.208:44306, c7f93789-5ee9-40a1-8afd-58386fa54dde:192.168.164.208:38346] with ContainerStateMachine:uninitialized
2019-11-15 01:00:24,016 [pool-539-thread-1] INFO  server.RaftServerConfigKeys (ConfUtils.java:logGet(43)) - raft.server.rpc.timeout.min = 1s (custom)
2019-11-15 01:00:24,016 [pool-539-thread-1] INFO  server.RaftServerConfigKeys (ConfUtils.java:logGet(43)) - raft.server.rpc.timeout.max = 1200ms (custom)
2019-11-15 01:00:24,016 [pool-539-thread-1] INFO  server.RaftServerConfigKeys (ConfUtils.java:logGet(43)) - raft.server.rpcslowness.timeout = 120s (custom)
2019-11-15 01:00:24,016 [pool-539-thread-1] INFO  server.RaftServerConfigKeys (ConfUtils.java:logGet(43)) - raft.server.sleep.deviation.threshold = 300 (default)
2019-11-15 01:00:24,016 [pool-539-thread-1] INFO  server.RaftServerConfigKeys (ConfUtils.java:logGet(43)) - raft.server.log.appender.install.snapshot.enabled = false (custom)
2019-11-15 01:00:24,016 [pool-539-thread-1] INFO  impl.RaftServerImpl (ServerState.java:<init>(103)) - c7f93789-5ee9-40a1-8afd-58386fa54dde@group-E58C27D02539: ConfigurationManager, init=-1: [d068838d-6499-4b84-94b8-55225fdfdb1a:192.168.164.208:41973, 3290c45a-dc7d-4c95-a586-1c6e32afef30:192.168.164.208:44306, c7f93789-5ee9-40a1-8afd-58386fa54dde:192.168.164.208:38346], old=null, confs=<EMPTY_MAP>
2019-11-15 01:00:24,016 [pool-549-thread-1] INFO  impl.RaftServerImpl (RaftServerImpl.java:<init>(98)) - d068838d-6499-4b84-94b8-55225fdfdb1a: new RaftServerImpl for group-E58C27D02539:[d068838d-6499-4b84-94b8-55225fdfdb1a:192.168.164.208:41973, 3290c45a-dc7d-4c95-a586-1c6e32afef30:192.168.164.208:44306, c7f93789-5ee9-40a1-8afd-58386fa54dde:192.168.164.208:38346] with ContainerStateMachine:uninitialized
2019-11-15 01:00:24,016 [pool-539-thread-1] INFO  server.RaftServerConfigKeys (ConfUtils.java:logGet(43)) - raft.server.storage.dir = [/workdir/hadoop-ozone/integration-test/target/test-dir/MiniOzoneClusterImpl-9b1c7e50-938b-4652-9315-e435b3731240/datanode-3/data/ratis] (custom)
2019-11-15 01:00:24,016 [pool-549-thread-1] INFO  server.RaftServerConfigKeys (ConfUtils.java:logGet(43)) - raft.server.rpc.timeout.min = 1s (custom)
2019-11-15 01:00:24,016 [pool-599-thread-1] INFO  impl.RaftServerImpl (RaftServerImpl.java:<init>(98)) - 3290c45a-dc7d-4c95-a586-1c6e32afef30: new RaftServerImpl for group-E58C27D02539:[d068838d-6499-4b84-94b8-55225fdfdb1a:192.168.164.208:41973, 3290c45a-dc7d-4c95-a586-1c6e32afef30:192.168.164.208:44306, c7f93789-5ee9-40a1-8afd-58386fa54dde:192.168.164.208:38346] with ContainerStateMachine:uninitialized
2019-11-15 01:00:24,016 [pool-539-thread-1] INFO  server.RaftServerConfigKeys (ConfUtils.java:logGet(43)) - raft.server.log.corruption.policy = EXCEPTION (default)
2019-11-15 01:00:24,016 [pool-549-thread-1] INFO  server.RaftServerConfigKeys (ConfUtils.java:logGet(43)) - raft.server.rpc.timeout.max = 1200ms (custom)
2019-11-15 01:00:24,017 [pool-539-thread-1] INFO  storage.RaftStorageDirectory (RaftStorageDirectory.java:analyzeStorage(246)) - The storage directory /workdir/hadoop-ozone/integration-test/target/test-dir/MiniOzoneClusterImpl-9b1c7e50-938b-4652-9315-e435b3731240/datanode-3/data/ratis/20424017-baad-4109-9464-e58c27d02539 does not exist. Creating ...
2019-11-15 01:00:24,016 [pool-599-thread-1] INFO  server.RaftServerConfigKeys (ConfUtils.java:logGet(43)) - raft.server.rpc.timeout.min = 1s (custom)
2019-11-15 01:00:24,017 [pool-599-thread-1] INFO  server.RaftServerConfigKeys (ConfUtils.java:logGet(43)) - raft.server.rpc.timeout.max = 1200ms (custom)
2019-11-15 01:00:24,017 [pool-599-thread-1] INFO  server.RaftServerConfigKeys (ConfUtils.java:logGet(43)) - raft.server.rpcslowness.timeout = 120s (custom)
2019-11-15 01:00:24,017 [pool-549-thread-1] INFO  server.RaftServerConfigKeys (ConfUtils.java:logGet(43)) - raft.server.rpcslowness.timeout = 120s (custom)
2019-11-15 01:00:24,017 [pool-599-thread-1] INFO  server.RaftServerConfigKeys (ConfUtils.java:logGet(43)) - raft.server.sleep.deviation.threshold = 300 (default)
2019-11-15 01:00:24,017 [pool-599-thread-1] INFO  server.RaftServerConfigKeys (ConfUtils.java:logGet(43)) - raft.server.log.appender.install.snapshot.enabled = false (custom)
2019-11-15 01:00:24,017 [pool-549-thread-1] INFO  server.RaftServerConfigKeys (ConfUtils.java:logGet(43)) - raft.server.sleep.deviation.threshold = 300 (default)
2019-11-15 01:00:24,017 [pool-599-thread-1] INFO  impl.RaftServerImpl (ServerState.java:<init>(103)) - 3290c45a-dc7d-4c95-a586-1c6e32afef30@group-E58C27D02539: ConfigurationManager, init=-1: [d068838d-6499-4b84-94b8-55225fdfdb1a:192.168.164.208:41973, 3290c45a-dc7d-4c95-a586-1c6e32afef30:192.168.164.208:44306, c7f93789-5ee9-40a1-8afd-58386fa54dde:192.168.164.208:38346], old=null, confs=<EMPTY_MAP>
2019-11-15 01:00:24,017 [pool-549-thread-1] INFO  server.RaftServerConfigKeys (ConfUtils.java:logGet(43)) - raft.server.log.appender.install.snapshot.enabled = false (custom)
2019-11-15 01:00:24,017 [pool-599-thread-1] INFO  server.RaftServerConfigKeys (ConfUtils.java:logGet(43)) - raft.server.storage.dir = [/workdir/hadoop-ozone/integration-test/target/test-dir/MiniOzoneClusterImpl-9b1c7e50-938b-4652-9315-e435b3731240/datanode-9/data/ratis] (custom)
2019-11-15 01:00:24,017 [pool-549-thread-1] INFO  impl.RaftServerImpl (ServerState.java:<init>(103)) - d068838d-6499-4b84-94b8-55225fdfdb1a@group-E58C27D02539: ConfigurationManager, init=-1: [d068838d-6499-4b84-94b8-55225fdfdb1a:192.168.164.208:41973, 3290c45a-dc7d-4c95-a586-1c6e32afef30:192.168.164.208:44306, c7f93789-5ee9-40a1-8afd-58386fa54dde:192.168.164.208:38346], old=null, confs=<EMPTY_MAP>
2019-11-15 01:00:24,018 [pool-599-thread-1] INFO  server.RaftServerConfigKeys (ConfUtils.java:logGet(43)) - raft.server.log.corruption.policy = EXCEPTION (default)
2019-11-15 01:00:24,018 [pool-549-thread-1] INFO  server.RaftServerConfigKeys (ConfUtils.java:logGet(43)) - raft.server.storage.dir = [/workdir/hadoop-ozone/integration-test/target/test-dir/MiniOzoneClusterImpl-9b1c7e50-938b-4652-9315-e435b3731240/datanode-4/data/ratis] (custom)
2019-11-15 01:00:24,018 [pool-599-thread-1] INFO  storage.RaftStorageDirectory (RaftStorageDirectory.java:analyzeStorage(246)) - The storage directory /workdir/hadoop-ozone/integration-test/target/test-dir/MiniOzoneClusterImpl-9b1c7e50-938b-4652-9315-e435b3731240/datanode-9/data/ratis/20424017-baad-4109-9464-e58c27d02539 does not exist. Creating ...
2019-11-15 01:00:24,018 [pool-549-thread-1] INFO  server.RaftServerConfigKeys (ConfUtils.java:logGet(43)) - raft.server.log.corruption.policy = EXCEPTION (default)
2019-11-15 01:00:24,018 [pool-549-thread-1] INFO  storage.RaftStorageDirectory (RaftStorageDirectory.java:analyzeStorage(246)) - The storage directory /workdir/hadoop-ozone/integration-test/target/test-dir/MiniOzoneClusterImpl-9b1c7e50-938b-4652-9315-e435b3731240/datanode-4/data/ratis/20424017-baad-4109-9464-e58c27d02539 does not exist. Creating ...
2019-11-15 01:00:24,042 [pool-539-thread-1] INFO  storage.RaftStorageDirectory (RaftStorageDirectory.java:tryLock(328)) - Lock on /workdir/hadoop-ozone/integration-test/target/test-dir/MiniOzoneClusterImpl-9b1c7e50-938b-4652-9315-e435b3731240/datanode-3/data/ratis/20424017-baad-4109-9464-e58c27d02539/in_use.lock acquired by nodename 16745@pr-hdds-2442-bxv5b-1523879440
2019-11-15 01:00:24,042 [pool-549-thread-1] INFO  storage.RaftStorageDirectory (RaftStorageDirectory.java:tryLock(328)) - Lock on /workdir/hadoop-ozone/integration-test/target/test-dir/MiniOzoneClusterImpl-9b1c7e50-938b-4652-9315-e435b3731240/datanode-4/data/ratis/20424017-baad-4109-9464-e58c27d02539/in_use.lock acquired by nodename 16745@pr-hdds-2442-bxv5b-1523879440
2019-11-15 01:00:24,042 [pool-599-thread-1] INFO  storage.RaftStorageDirectory (RaftStorageDirectory.java:tryLock(328)) - Lock on /workdir/hadoop-ozone/integration-test/target/test-dir/MiniOzoneClusterImpl-9b1c7e50-938b-4652-9315-e435b3731240/datanode-9/data/ratis/20424017-baad-4109-9464-e58c27d02539/in_use.lock acquired by nodename 16745@pr-hdds-2442-bxv5b-1523879440
2019-11-15 01:00:24,067 [pool-539-thread-1] INFO  storage.RaftStorage (RaftStorage.java:format(84)) - Storage directory /workdir/hadoop-ozone/integration-test/target/test-dir/MiniOzoneClusterImpl-9b1c7e50-938b-4652-9315-e435b3731240/datanode-3/data/ratis/20424017-baad-4109-9464-e58c27d02539 has been successfully formatted.
2019-11-15 01:00:24,067 [pool-549-thread-1] INFO  storage.RaftStorage (RaftStorage.java:format(84)) - Storage directory /workdir/hadoop-ozone/integration-test/target/test-dir/MiniOzoneClusterImpl-9b1c7e50-938b-4652-9315-e435b3731240/datanode-4/data/ratis/20424017-baad-4109-9464-e58c27d02539 has been successfully formatted.
2019-11-15 01:00:24,067 [pool-599-thread-1] INFO  storage.RaftStorage (RaftStorage.java:format(84)) - Storage directory /workdir/hadoop-ozone/integration-test/target/test-dir/MiniOzoneClusterImpl-9b1c7e50-938b-4652-9315-e435b3731240/datanode-9/data/ratis/20424017-baad-4109-9464-e58c27d02539 has been successfully formatted.
2019-11-15 01:00:24,068 [pool-539-thread-1] INFO  ratis.ContainerStateMachine (ContainerStateMachine.java:loadSnapshot(223)) - group-E58C27D02539: The snapshot info is null. Setting the last applied indexto:(t:0, i:~)
2019-11-15 01:00:24,068 [pool-599-thread-1] INFO  ratis.ContainerStateMachine (ContainerStateMachine.java:loadSnapshot(223)) - group-E58C27D02539: The snapshot info is null. Setting the last applied indexto:(t:0, i:~)
2019-11-15 01:00:24,068 [pool-549-thread-1] INFO  ratis.ContainerStateMachine (ContainerStateMachine.java:loadSnapshot(223)) - group-E58C27D02539: The snapshot info is null. Setting the last applied indexto:(t:0, i:~)
2019-11-15 01:00:24,068 [pool-599-thread-1] INFO  server.RaftServerConfigKeys (ConfUtils.java:logGet(43)) - raft.server.notification.no-leader.timeout = 120s (custom)
2019-11-15 01:00:24,068 [pool-539-thread-1] INFO  server.RaftServerConfigKeys (ConfUtils.java:logGet(43)) - raft.server.notification.no-leader.timeout = 120s (custom)
2019-11-15 01:00:24,068 [pool-539-thread-1] INFO  server.RaftServerConfigKeys (ConfUtils.java:logGet(43)) - raft.server.log.use.memory = false (default)
2019-11-15 01:00:24,068 [pool-599-thread-1] INFO  server.RaftServerConfigKeys (ConfUtils.java:logGet(43)) - raft.server.log.use.memory = false (default)
2019-11-15 01:00:24,068 [pool-599-thread-1] INFO  server.RaftServerConfigKeys (ConfUtils.java:logGet(43)) - raft.server.log.purge.gap = 1000000 (custom)
2019-11-15 01:00:24,068 [pool-549-thread-1] INFO  server.RaftServerConfigKeys (ConfUtils.java:logGet(43)) - raft.server.notification.no-leader.timeout = 120s (custom)
2019-11-15 01:00:24,069 [pool-599-thread-1] INFO  server.RaftServerConfigKeys (ConfUtils.java:logGet(43)) - raft.server.log.appender.buffer.byte-limit = 33554432 (custom)
2019-11-15 01:00:24,068 [pool-539-thread-1] INFO  server.RaftServerConfigKeys (ConfUtils.java:logGet(43)) - raft.server.log.purge.gap = 1000000 (custom)
2019-11-15 01:00:24,069 [pool-599-thread-1] INFO  server.RaftServerConfigKeys (ConfUtils.java:logGet(43)) - raft.server.log.segment.size.max = 1048576 (custom)
2019-11-15 01:00:24,069 [pool-549-thread-1] INFO  server.RaftServerConfigKeys (ConfUtils.java:logGet(43)) - raft.server.log.use.memory = false (default)
2019-11-15 01:00:24,069 [pool-599-thread-1] INFO  server.RaftServerConfigKeys (ConfUtils.java:logGet(43)) - raft.server.log.segment.cache.num.max = 2 (custom)
2019-11-15 01:00:24,069 [pool-539-thread-1] INFO  server.RaftServerConfigKeys (ConfUtils.java:logGet(43)) - raft.server.log.appender.buffer.byte-limit = 33554432 (custom)
2019-11-15 01:00:24,069 [pool-599-thread-1] INFO  segmented.SegmentedRaftLogWorker (SegmentedRaftLogWorker.java:<init>(173)) - new 3290c45a-dc7d-4c95-a586-1c6e32afef30@group-E58C27D02539-SegmentedRaftLogWorker for RaftStorage:Storage Directory /workdir/hadoop-ozone/integration-test/target/test-dir/MiniOzoneClusterImpl-9b1c7e50-938b-4652-9315-e435b3731240/datanode-9/data/ratis/20424017-baad-4109-9464-e58c27d02539
2019-11-15 01:00:24,069 [pool-549-thread-1] INFO  server.RaftServerConfigKeys (ConfUtils.java:logGet(43)) - raft.server.log.purge.gap = 1000000 (custom)
2019-11-15 01:00:24,070 [pool-599-thread-1] INFO  server.RaftServerConfigKeys (ConfUtils.java:logGet(43)) - raft.server.log.queue.byte-limit = 2147483647 (custom)
2019-11-15 01:00:24,069 [pool-539-thread-1] INFO  server.RaftServerConfigKeys (ConfUtils.java:logGet(43)) - raft.server.log.segment.size.max = 1048576 (custom)
2019-11-15 01:00:24,070 [pool-599-thread-1] INFO  server.RaftServerConfigKeys (ConfUtils.java:logGet(43)) - raft.server.log.queue.element-limit = 1024 (custom)
2019-11-15 01:00:24,070 [pool-549-thread-1] INFO  server.RaftServerConfigKeys (ConfUtils.java:logGet(43)) - raft.server.log.appender.buffer.byte-limit = 33554432 (custom)
2019-11-15 01:00:24,070 [pool-599-thread-1] INFO  server.RaftServerConfigKeys (ConfUtils.java:logGet(43)) - raft.server.log.segment.size.max = 1048576 (custom)
2019-11-15 01:00:24,070 [pool-539-thread-1] INFO  server.RaftServerConfigKeys (ConfUtils.java:logGet(43)) - raft.server.log.segment.cache.num.max = 2 (custom)
2019-11-15 01:00:24,070 [pool-599-thread-1] INFO  server.RaftServerConfigKeys (ConfUtils.java:logGet(43)) - raft.server.log.preallocated.size = 16384 (custom)
2019-11-15 01:00:24,070 [pool-549-thread-1] INFO  server.RaftServerConfigKeys (ConfUtils.java:logGet(43)) - raft.server.log.segment.size.max = 1048576 (custom)
2019-11-15 01:00:24,070 [pool-599-thread-1] INFO  server.RaftServerConfigKeys (ConfUtils.java:logGet(43)) - raft.server.log.write.buffer.size = 33554432 (custom)
2019-11-15 01:00:24,070 [pool-539-thread-1] INFO  segmented.SegmentedRaftLogWorker (SegmentedRaftLogWorker.java:<init>(173)) - new c7f93789-5ee9-40a1-8afd-58386fa54dde@group-E58C27D02539-SegmentedRaftLogWorker for RaftStorage:Storage Directory /workdir/hadoop-ozone/integration-test/target/test-dir/MiniOzoneClusterImpl-9b1c7e50-938b-4652-9315-e435b3731240/datanode-3/data/ratis/20424017-baad-4109-9464-e58c27d02539
2019-11-15 01:00:24,071 [pool-599-thread-1] INFO  server.RaftServerConfigKeys (ConfUtils.java:logGet(43)) - raft.server.log.force.sync.num = 128 (default)
2019-11-15 01:00:24,071 [pool-549-thread-1] INFO  server.RaftServerConfigKeys (ConfUtils.java:logGet(43)) - raft.server.log.segment.cache.num.max = 2 (custom)
2019-11-15 01:00:24,071 [pool-599-thread-1] INFO  server.RaftServerConfigKeys (ConfUtils.java:logGet(43)) - raft.server.log.statemachine.data.sync = true (default)
2019-11-15 01:00:24,071 [pool-539-thread-1] INFO  server.RaftServerConfigKeys (ConfUtils.java:logGet(43)) - raft.server.log.queue.byte-limit = 2147483647 (custom)
2019-11-15 01:00:24,071 [pool-599-thread-1] INFO  server.RaftServerConfigKeys (ConfUtils.java:logGet(43)) - raft.server.log.statemachine.data.sync.timeout = 10s (default)
2019-11-15 01:00:24,071 [pool-599-thread-1] INFO  server.RaftServerConfigKeys (ConfUtils.java:logGet(43)) - raft.server.log.statemachine.data.sync.timeout.retry = -1 (default)
2019-11-15 01:00:24,071 [pool-549-thread-1] INFO  segmented.SegmentedRaftLogWorker (SegmentedRaftLogWorker.java:<init>(173)) - new d068838d-6499-4b84-94b8-55225fdfdb1a@group-E58C27D02539-SegmentedRaftLogWorker for RaftStorage:Storage Directory /workdir/hadoop-ozone/integration-test/target/test-dir/MiniOzoneClusterImpl-9b1c7e50-938b-4652-9315-e435b3731240/datanode-4/data/ratis/20424017-baad-4109-9464-e58c27d02539
2019-11-15 01:00:24,071 [pool-599-thread-1] INFO  server.RaftServerConfigKeys (ConfUtils.java:logGet(43)) - raft.server.log.statemachine.data.caching.enabled = true (custom)
2019-11-15 01:00:24,071 [pool-539-thread-1] INFO  server.RaftServerConfigKeys (ConfUtils.java:logGet(43)) - raft.server.log.queue.element-limit = 1024 (custom)
2019-11-15 01:00:24,071 [pool-549-thread-1] INFO  server.RaftServerConfigKeys (ConfUtils.java:logGet(43)) - raft.server.log.queue.byte-limit = 2147483647 (custom)
2019-11-15 01:00:24,072 [pool-599-thread-1] INFO  segmented.SegmentedRaftLogWorker (SegmentedRaftLogWorker.java:lambda$new$0(128)) - 3290c45a-dc7d-4c95-a586-1c6e32afef30@group-E58C27D02539-SegmentedRaftLogWorker: flushIndex: setUnconditionally 0 -> -1
2019-11-15 01:00:24,072 [pool-539-thread-1] INFO  server.RaftServerConfigKeys (ConfUtils.java:logGet(43)) - raft.server.log.segment.size.max = 1048576 (custom)
2019-11-15 01:00:24,072 [pool-549-thread-1] INFO  server.RaftServerConfigKeys (ConfUtils.java:logGet(43)) - raft.server.log.queue.element-limit = 1024 (custom)
2019-11-15 01:00:24,072 [pool-599-thread-1] INFO  server.RaftServerConfigKeys (ConfUtils.java:logGet(43)) - raft.server.snapshot.auto.trigger.enabled = true (custom)
2019-11-15 01:00:24,072 [pool-539-thread-1] INFO  server.RaftServerConfigKeys (ConfUtils.java:logGet(43)) - raft.server.log.preallocated.size = 16384 (custom)
2019-11-15 01:00:24,072 [pool-599-thread-1] INFO  server.RaftServerConfigKeys (ConfUtils.java:logGet(43)) - raft.server.snapshot.auto.trigger.threshold = 10000 (custom)
2019-11-15 01:00:24,072 [pool-549-thread-1] INFO  server.RaftServerConfigKeys (ConfUtils.java:logGet(43)) - raft.server.log.segment.size.max = 1048576 (custom)
2019-11-15 01:00:24,072 [pool-599-thread-1] INFO  server.RaftServerConfigKeys (ConfUtils.java:logGet(43)) - raft.server.snapshot.retention.file.num = 5 (custom)
2019-11-15 01:00:24,072 [pool-539-thread-1] INFO  server.RaftServerConfigKeys (ConfUtils.java:logGet(43)) - raft.server.log.write.buffer.size = 33554432 (custom)
2019-11-15 01:00:24,073 [pool-599-thread-1] INFO  server.RaftServerConfigKeys (ConfUtils.java:logGet(43)) - raft.server.retrycache.expirytime = 600000ms (custom)
2019-11-15 01:00:24,072 [pool-549-thread-1] INFO  server.RaftServerConfigKeys (ConfUtils.java:logGet(43)) - raft.server.log.preallocated.size = 16384 (custom)
2019-11-15 01:00:24,073 [pool-599-thread-1] WARN  impl.MetricRegistriesImpl (MetricRegistriesImpl.java:lambda$create$1(61)) - First MetricRegistry has been created without registering reporters. You may need to call MetricRegistries.global().addReportRegistration(...) before.
2019-11-15 01:00:24,073 [pool-539-thread-1] INFO  server.RaftServerConfigKeys (ConfUtils.java:logGet(43)) - raft.server.log.force.sync.num = 128 (default)
2019-11-15 01:00:24,073 [pool-599-thread-1] WARN  impl.MetricRegistriesImpl (MetricRegistriesImpl.java:lambda$create$1(61)) - First MetricRegistry has been created without registering reporters. You may need to call MetricRegistries.global().addReportRegistration(...) before.
2019-11-15 01:00:24,073 [pool-549-thread-1] INFO  server.RaftServerConfigKeys (ConfUtils.java:logGet(43)) - raft.server.log.write.buffer.size = 33554432 (custom)
2019-11-15 01:00:24,073 [pool-599-thread-1] INFO  impl.RaftServerImpl (RaftServerImpl.java:start(184)) - 3290c45a-dc7d-4c95-a586-1c6e32afef30@group-E58C27D02539: start as a follower, conf=-1: [d068838d-6499-4b84-94b8-55225fdfdb1a:192.168.164.208:41973, 3290c45a-dc7d-4c95-a586-1c6e32afef30:192.168.164.208:44306, c7f93789-5ee9-40a1-8afd-58386fa54dde:192.168.164.208:38346], old=null
2019-11-15 01:00:24,073 [pool-539-thread-1] INFO  server.RaftServerConfigKeys (ConfUtils.java:logGet(43)) - raft.server.log.statemachine.data.sync = true (default)
2019-11-15 01:00:24,073 [pool-599-thread-1] INFO  impl.RaftServerImpl (RaftServerImpl.java:setRole(173)) - 3290c45a-dc7d-4c95-a586-1c6e32afef30@group-E58C27D02539: changes role from      null to FOLLOWER at term 0 for startAsFollower
2019-11-15 01:00:24,073 [pool-549-thread-1] INFO  server.RaftServerConfigKeys (ConfUtils.java:logGet(43)) - raft.server.log.force.sync.num = 128 (default)
2019-11-15 01:00:24,074 [pool-599-thread-1] INFO  impl.RoleInfo (RoleInfo.java:updateAndGet(143)) - 3290c45a-dc7d-4c95-a586-1c6e32afef30: start FollowerState
2019-11-15 01:00:24,074 [pool-539-thread-1] INFO  server.RaftServerConfigKeys (ConfUtils.java:logGet(43)) - raft.server.log.statemachine.data.sync.timeout = 10s (default)
2019-11-15 01:00:24,074 [pool-549-thread-1] INFO  server.RaftServerConfigKeys (ConfUtils.java:logGet(43)) - raft.server.log.statemachine.data.sync = true (default)
2019-11-15 01:00:24,074 [pool-539-thread-1] INFO  server.RaftServerConfigKeys (ConfUtils.java:logGet(43)) - raft.server.log.statemachine.data.sync.timeout.retry = -1 (default)
2019-11-15 01:00:24,074 [pool-549-thread-1] INFO  server.RaftServerConfigKeys (ConfUtils.java:logGet(43)) - raft.server.log.statemachine.data.sync.timeout = 10s (default)
2019-11-15 01:00:24,074 [pool-599-thread-1] INFO  util.JmxRegister (JmxRegister.java:tryRegister(44)) - Successfully registered JMX Bean with object name Ratis:service=RaftServer,group=group-E58C27D02539,id=3290c45a-dc7d-4c95-a586-1c6e32afef30
2019-11-15 01:00:24,074 [pool-549-thread-1] INFO  server.RaftServerConfigKeys (ConfUtils.java:logGet(43)) - raft.server.log.statemachine.data.sync.timeout.retry = -1 (default)
2019-11-15 01:00:24,074 [pool-539-thread-1] INFO  server.RaftServerConfigKeys (ConfUtils.java:logGet(43)) - raft.server.log.statemachine.data.caching.enabled = true (custom)
2019-11-15 01:00:24,075 [pool-549-thread-1] INFO  server.RaftServerConfigKeys (ConfUtils.java:logGet(43)) - raft.server.log.statemachine.data.caching.enabled = true (custom)
2019-11-15 01:00:24,074 [pool-599-thread-1] WARN  impl.MetricRegistriesImpl (MetricRegistriesImpl.java:lambda$create$1(61)) - First MetricRegistry has been created without registering reporters. You may need to call MetricRegistries.global().addReportRegistration(...) before.
2019-11-15 01:00:24,075 [pool-539-thread-1] INFO  segmented.SegmentedRaftLogWorker (SegmentedRaftLogWorker.java:lambda$new$0(128)) - c7f93789-5ee9-40a1-8afd-58386fa54dde@group-E58C27D02539-SegmentedRaftLogWorker: flushIndex: setUnconditionally 0 -> -1
2019-11-15 01:00:24,075 [pool-549-thread-1] INFO  segmented.SegmentedRaftLogWorker (SegmentedRaftLogWorker.java:lambda$new$0(128)) - d068838d-6499-4b84-94b8-55225fdfdb1a@group-E58C27D02539-SegmentedRaftLogWorker: flushIndex: setUnconditionally 0 -> -1
2019-11-15 01:00:24,075 [pool-539-thread-1] INFO  server.RaftServerConfigKeys (ConfUtils.java:logGet(43)) - raft.server.snapshot.auto.trigger.enabled = true (custom)
2019-11-15 01:00:24,075 [pool-539-thread-1] INFO  server.RaftServerConfigKeys (ConfUtils.java:logGet(43)) - raft.server.snapshot.auto.trigger.threshold = 10000 (custom)
2019-11-15 01:00:24,075 [pool-549-thread-1] INFO  server.RaftServerConfigKeys (ConfUtils.java:logGet(43)) - raft.server.snapshot.auto.trigger.enabled = true (custom)
2019-11-15 01:00:24,075 [pool-539-thread-1] INFO  server.RaftServerConfigKeys (ConfUtils.java:logGet(43)) - raft.server.snapshot.retention.file.num = 5 (custom)
2019-11-15 01:00:24,076 [pool-549-thread-1] INFO  server.RaftServerConfigKeys (ConfUtils.java:logGet(43)) - raft.server.snapshot.auto.trigger.threshold = 10000 (custom)
2019-11-15 01:00:24,076 [pool-539-thread-1] INFO  server.RaftServerConfigKeys (ConfUtils.java:logGet(43)) - raft.server.retrycache.expirytime = 600000ms (custom)
2019-11-15 01:00:24,076 [pool-549-thread-1] INFO  server.RaftServerConfigKeys (ConfUtils.java:logGet(43)) - raft.server.snapshot.retention.file.num = 5 (custom)
2019-11-15 01:00:24,076 [pool-539-thread-1] WARN  impl.MetricRegistriesImpl (MetricRegistriesImpl.java:lambda$create$1(61)) - First MetricRegistry has been created without registering reporters. You may need to call MetricRegistries.global().addReportRegistration(...) before.
2019-11-15 01:00:24,076 [pool-549-thread-1] INFO  server.RaftServerConfigKeys (ConfUtils.java:logGet(43)) - raft.server.retrycache.expirytime = 600000ms (custom)
2019-11-15 01:00:24,076 [pool-539-thread-1] WARN  impl.MetricRegistriesImpl (MetricRegistriesImpl.java:lambda$create$1(61)) - First MetricRegistry has been created without registering reporters. You may need to call MetricRegistries.global().addReportRegistration(...) before.
2019-11-15 01:00:24,076 [pool-549-thread-1] WARN  impl.MetricRegistriesImpl (MetricRegistriesImpl.java:lambda$create$1(61)) - First MetricRegistry has been created without registering reporters. You may need to call MetricRegistries.global().addReportRegistration(...) before.
2019-11-15 01:00:24,076 [pool-539-thread-1] INFO  impl.RaftServerImpl (RaftServerImpl.java:start(184)) - c7f93789-5ee9-40a1-8afd-58386fa54dde@group-E58C27D02539: start as a follower, conf=-1: [d068838d-6499-4b84-94b8-55225fdfdb1a:192.168.164.208:41973, 3290c45a-dc7d-4c95-a586-1c6e32afef30:192.168.164.208:44306, c7f93789-5ee9-40a1-8afd-58386fa54dde:192.168.164.208:38346], old=null
2019-11-15 01:00:24,077 [pool-549-thread-1] WARN  impl.MetricRegistriesImpl (MetricRegistriesImpl.java:lambda$create$1(61)) - First MetricRegistry has been created without registering reporters. You may need to call MetricRegistries.global().addReportRegistration(...) before.
2019-11-15 01:00:24,077 [pool-539-thread-1] INFO  impl.RaftServerImpl (RaftServerImpl.java:setRole(173)) - c7f93789-5ee9-40a1-8afd-58386fa54dde@group-E58C27D02539: changes role from      null to FOLLOWER at term 0 for startAsFollower
2019-11-15 01:00:24,077 [pool-549-thread-1] INFO  impl.RaftServerImpl (RaftServerImpl.java:start(184)) - d068838d-6499-4b84-94b8-55225fdfdb1a@group-E58C27D02539: start as a follower, conf=-1: [d068838d-6499-4b84-94b8-55225fdfdb1a:192.168.164.208:41973, 3290c45a-dc7d-4c95-a586-1c6e32afef30:192.168.164.208:44306, c7f93789-5ee9-40a1-8afd-58386fa54dde:192.168.164.208:38346], old=null
2019-11-15 01:00:24,077 [pool-539-thread-1] INFO  impl.RoleInfo (RoleInfo.java:updateAndGet(143)) - c7f93789-5ee9-40a1-8afd-58386fa54dde: start FollowerState
2019-11-15 01:00:24,077 [pool-549-thread-1] INFO  impl.RaftServerImpl (RaftServerImpl.java:setRole(173)) - d068838d-6499-4b84-94b8-55225fdfdb1a@group-E58C27D02539: changes role from      null to FOLLOWER at term 0 for startAsFollower
2019-11-15 01:00:24,077 [pool-539-thread-1] INFO  util.JmxRegister (JmxRegister.java:tryRegister(44)) - Successfully registered JMX Bean with object name Ratis:service=RaftServer,group=group-E58C27D02539,id=c7f93789-5ee9-40a1-8afd-58386fa54dde
2019-11-15 01:00:24,077 [pool-549-thread-1] INFO  impl.RoleInfo (RoleInfo.java:updateAndGet(143)) - d068838d-6499-4b84-94b8-55225fdfdb1a: start FollowerState
2019-11-15 01:00:24,077 [pool-539-thread-1] WARN  impl.MetricRegistriesImpl (MetricRegistriesImpl.java:lambda$create$1(61)) - First MetricRegistry has been created without registering reporters. You may need to call MetricRegistries.global().addReportRegistration(...) before.
2019-11-15 01:00:24,078 [pool-549-thread-1] INFO  util.JmxRegister (JmxRegister.java:tryRegister(44)) - Successfully registered JMX Bean with object name Ratis:service=RaftServer,group=group-E58C27D02539,id=d068838d-6499-4b84-94b8-55225fdfdb1a
2019-11-15 01:00:24,078 [pool-549-thread-1] WARN  impl.MetricRegistriesImpl (MetricRegistriesImpl.java:lambda$create$1(61)) - First MetricRegistry has been created without registering reporters. You may need to call MetricRegistries.global().addReportRegistration(...) before.
2019-11-15 01:00:24,081 [RatisPipelineUtilsThread] INFO  pipeline.PipelineStateManager (PipelineStateManager.java:addPipeline(55)) - Created pipeline Pipeline[ Id: 20424017-baad-4109-9464-e58c27d02539, Nodes: 3290c45a-dc7d-4c95-a586-1c6e32afef30{ip: 192.168.164.208, host: pr-hdds-2442-bxv5b-1523879440, networkLocation: /rack1, certSerialId: null}c7f93789-5ee9-40a1-8afd-58386fa54dde{ip: 192.168.164.208, host: pr-hdds-2442-bxv5b-1523879440, networkLocation: /rack1, certSerialId: null}d068838d-6499-4b84-94b8-55225fdfdb1a{ip: 192.168.164.208, host: pr-hdds-2442-bxv5b-1523879440, networkLocation: /rack1, certSerialId: null}, Type:RATIS, Factor:THREE, State:ALLOCATED]
2019-11-15 01:00:24,081 [Thread-4198] INFO  pipeline.PipelineStateManager (PipelineStateManager.java:finalizePipeline(121)) - Pipeline Pipeline[ Id: a19b681f-dc86-4e11-b1f4-5205d9775c54, Nodes: c4061fea-d656-4029-8a52-0003cdc411ee{ip: 192.168.164.208, host: pr-hdds-2442-bxv5b-1523879440, networkLocation: /rack1, certSerialId: null}, Type:RATIS, Factor:ONE, State:CLOSED] moved to CLOSED state
2019-11-15 01:00:24,084 [grpc-default-executor-5] INFO  impl.RaftServerProxy (RaftServerProxy.java:remove(95)) - c4061fea-d656-4029-8a52-0003cdc411ee: remove    LEADER c4061fea-d656-4029-8a52-0003cdc411ee@group-5205D9775C54:t1, leader=c4061fea-d656-4029-8a52-0003cdc411ee, voted=c4061fea-d656-4029-8a52-0003cdc411ee, raftlog=c4061fea-d656-4029-8a52-0003cdc411ee@group-5205D9775C54-SegmentedRaftLog:OPENED:c0,f0,i0, conf=0: [c4061fea-d656-4029-8a52-0003cdc411ee:192.168.164.208:42567], old=null RUNNING
2019-11-15 01:00:24,084 [grpc-default-executor-5] INFO  impl.RaftServerImpl (RaftServerImpl.java:lambda$shutdown$3(250)) - c4061fea-d656-4029-8a52-0003cdc411ee@group-5205D9775C54: shutdown
2019-11-15 01:00:24,084 [grpc-default-executor-5] INFO  util.JmxRegister (JmxRegister.java:unregister(73)) - Successfully un-registered JMX Bean with object name Ratis:service=RaftServer,group=group-5205D9775C54,id=c4061fea-d656-4029-8a52-0003cdc411ee
2019-11-15 01:00:24,085 [grpc-default-executor-5] INFO  impl.RoleInfo (RoleInfo.java:shutdownLeaderState(104)) - c4061fea-d656-4029-8a52-0003cdc411ee: shutdown LeaderState
2019-11-15 01:00:24,085 [grpc-default-executor-5] INFO  impl.PendingRequests (PendingRequests.java:sendNotLeaderResponses(206)) - c4061fea-d656-4029-8a52-0003cdc411ee@group-5205D9775C54-PendingRequests: sendNotLeaderResponses
2019-11-15 01:00:24,085 [grpc-default-executor-5] INFO  impl.StateMachineUpdater (StateMachineUpdater.java:stopAndJoin(136)) - c4061fea-d656-4029-8a52-0003cdc411ee@group-5205D9775C54-StateMachineUpdater: set stopIndex = 0
2019-11-15 01:00:24,085 [grpc-default-executor-5] INFO  impl.RaftServerImpl (ServerState.java:close(387)) - c4061fea-d656-4029-8a52-0003cdc411ee@group-5205D9775C54: closes. applyIndex: 0
2019-11-15 01:00:24,086 [c4061fea-d656-4029-8a52-0003cdc411ee@group-5205D9775C54-SegmentedRaftLogWorker] INFO  segmented.SegmentedRaftLogWorker (SegmentedRaftLogWorker.java:run(316)) - c4061fea-d656-4029-8a52-0003cdc411ee@group-5205D9775C54-SegmentedRaftLogWorker was interrupted, exiting. There are 0 tasks remaining in the queue.
2019-11-15 01:00:24,086 [grpc-default-executor-5] INFO  segmented.SegmentedRaftLogWorker (SegmentedRaftLogWorker.java:close(224)) - c4061fea-d656-4029-8a52-0003cdc411ee@group-5205D9775C54-SegmentedRaftLogWorker close()
2019-11-15 01:00:24,091 [Thread-4198] INFO  pipeline.PipelineStateManager (PipelineStateManager.java:removePipeline(106)) - Pipeline Pipeline[ Id: a19b681f-dc86-4e11-b1f4-5205d9775c54, Nodes: c4061fea-d656-4029-8a52-0003cdc411ee{ip: 192.168.164.208, host: pr-hdds-2442-bxv5b-1523879440, networkLocation: /rack1, certSerialId: null}, Type:RATIS, Factor:ONE, State:CLOSED] removed from db
2019-11-15 01:00:24,091 [Thread-4198] INFO  pipeline.SCMPipelineManager (SCMPipelineManager.java:finalizeAndDestroyPipeline(315)) - destroying pipeline:Pipeline[ Id: 53db910e-4674-4ca9-9dc9-d90ef171477c, Nodes: e728dc25-e4b1-43c6-a53d-eff097089a23{ip: 192.168.164.208, host: pr-hdds-2442-bxv5b-1523879440, networkLocation: /rack1, certSerialId: null}, Type:RATIS, Factor:ONE, State:OPEN]
2019-11-15 01:00:24,094 [grpc-default-executor-5] INFO  impl.RaftServerProxy (RaftServerProxy.java:addNew(89)) - c4061fea-d656-4029-8a52-0003cdc411ee: addNew group-18D18F1AF72F:[c4061fea-d656-4029-8a52-0003cdc411ee:192.168.164.208:42567] returns group-18D18F1AF72F:java.util.concurrent.CompletableFuture@20ba6ac4[Not completed]
2019-11-15 01:00:24,095 [pool-589-thread-1] INFO  impl.RaftServerImpl (RaftServerImpl.java:<init>(98)) - c4061fea-d656-4029-8a52-0003cdc411ee: new RaftServerImpl for group-18D18F1AF72F:[c4061fea-d656-4029-8a52-0003cdc411ee:192.168.164.208:42567] with ContainerStateMachine:uninitialized
2019-11-15 01:00:24,095 [pool-589-thread-1] INFO  server.RaftServerConfigKeys (ConfUtils.java:logGet(43)) - raft.server.rpc.timeout.min = 1s (custom)
2019-11-15 01:00:24,096 [pool-589-thread-1] INFO  server.RaftServerConfigKeys (ConfUtils.java:logGet(43)) - raft.server.rpc.timeout.max = 1200ms (custom)
2019-11-15 01:00:24,096 [pool-589-thread-1] INFO  server.RaftServerConfigKeys (ConfUtils.java:logGet(43)) - raft.server.rpcslowness.timeout = 120s (custom)
2019-11-15 01:00:24,096 [pool-589-thread-1] INFO  server.RaftServerConfigKeys (ConfUtils.java:logGet(43)) - raft.server.sleep.deviation.threshold = 300 (default)
2019-11-15 01:00:24,096 [pool-589-thread-1] INFO  server.RaftServerConfigKeys (ConfUtils.java:logGet(43)) - raft.server.log.appender.install.snapshot.enabled = false (custom)
2019-11-15 01:00:24,096 [pool-589-thread-1] INFO  impl.RaftServerImpl (ServerState.java:<init>(103)) - c4061fea-d656-4029-8a52-0003cdc411ee@group-18D18F1AF72F: ConfigurationManager, init=-1: [c4061fea-d656-4029-8a52-0003cdc411ee:192.168.164.208:42567], old=null, confs=<EMPTY_MAP>
2019-11-15 01:00:24,096 [pool-589-thread-1] INFO  server.RaftServerConfigKeys (ConfUtils.java:logGet(43)) - raft.server.storage.dir = [/workdir/hadoop-ozone/integration-test/target/test-dir/MiniOzoneClusterImpl-9b1c7e50-938b-4652-9315-e435b3731240/datanode-8/data/ratis] (custom)
2019-11-15 01:00:24,097 [pool-589-thread-1] INFO  server.RaftServerConfigKeys (ConfUtils.java:logGet(43)) - raft.server.log.corruption.policy = EXCEPTION (default)
2019-11-15 01:00:24,097 [pool-589-thread-1] INFO  storage.RaftStorageDirectory (RaftStorageDirectory.java:analyzeStorage(246)) - The storage directory /workdir/hadoop-ozone/integration-test/target/test-dir/MiniOzoneClusterImpl-9b1c7e50-938b-4652-9315-e435b3731240/datanode-8/data/ratis/0af34b87-09de-4ab8-9345-18d18f1af72f does not exist. Creating ...
2019-11-15 01:00:24,111 [pool-589-thread-1] INFO  storage.RaftStorageDirectory (RaftStorageDirectory.java:tryLock(328)) - Lock on /workdir/hadoop-ozone/integration-test/target/test-dir/MiniOzoneClusterImpl-9b1c7e50-938b-4652-9315-e435b3731240/datanode-8/data/ratis/0af34b87-09de-4ab8-9345-18d18f1af72f/in_use.lock acquired by nodename 16745@pr-hdds-2442-bxv5b-1523879440
2019-11-15 01:00:24,123 [pool-589-thread-1] INFO  storage.RaftStorage (RaftStorage.java:format(84)) - Storage directory /workdir/hadoop-ozone/integration-test/target/test-dir/MiniOzoneClusterImpl-9b1c7e50-938b-4652-9315-e435b3731240/datanode-8/data/ratis/0af34b87-09de-4ab8-9345-18d18f1af72f has been successfully formatted.
2019-11-15 01:00:24,124 [pool-589-thread-1] INFO  ratis.ContainerStateMachine (ContainerStateMachine.java:loadSnapshot(223)) - group-18D18F1AF72F: The snapshot info is null. Setting the last applied indexto:(t:0, i:~)
2019-11-15 01:00:24,124 [pool-589-thread-1] INFO  server.RaftServerConfigKeys (ConfUtils.java:logGet(43)) - raft.server.notification.no-leader.timeout = 120s (custom)
2019-11-15 01:00:24,124 [pool-589-thread-1] INFO  server.RaftServerConfigKeys (ConfUtils.java:logGet(43)) - raft.server.log.use.memory = false (default)
2019-11-15 01:00:24,124 [pool-589-thread-1] INFO  server.RaftServerConfigKeys (ConfUtils.java:logGet(43)) - raft.server.log.purge.gap = 1000000 (custom)
2019-11-15 01:00:24,124 [pool-589-thread-1] INFO  server.RaftServerConfigKeys (ConfUtils.java:logGet(43)) - raft.server.log.appender.buffer.byte-limit = 33554432 (custom)
2019-11-15 01:00:24,124 [pool-589-thread-1] INFO  server.RaftServerConfigKeys (ConfUtils.java:logGet(43)) - raft.server.log.segment.size.max = 1048576 (custom)
2019-11-15 01:00:24,124 [pool-589-thread-1] INFO  server.RaftServerConfigKeys (ConfUtils.java:logGet(43)) - raft.server.log.segment.cache.num.max = 2 (custom)
2019-11-15 01:00:24,125 [pool-589-thread-1] INFO  segmented.SegmentedRaftLogWorker (SegmentedRaftLogWorker.java:<init>(173)) - new c4061fea-d656-4029-8a52-0003cdc411ee@group-18D18F1AF72F-SegmentedRaftLogWorker for RaftStorage:Storage Directory /workdir/hadoop-ozone/integration-test/target/test-dir/MiniOzoneClusterImpl-9b1c7e50-938b-4652-9315-e435b3731240/datanode-8/data/ratis/0af34b87-09de-4ab8-9345-18d18f1af72f
2019-11-15 01:00:24,125 [pool-589-thread-1] INFO  server.RaftServerConfigKeys (ConfUtils.java:logGet(43)) - raft.server.log.queue.byte-limit = 2147483647 (custom)
2019-11-15 01:00:24,125 [pool-589-thread-1] INFO  server.RaftServerConfigKeys (ConfUtils.java:logGet(43)) - raft.server.log.queue.element-limit = 1024 (custom)
2019-11-15 01:00:24,125 [pool-589-thread-1] INFO  server.RaftServerConfigKeys (ConfUtils.java:logGet(43)) - raft.server.log.segment.size.max = 1048576 (custom)
2019-11-15 01:00:24,125 [pool-589-thread-1] INFO  server.RaftServerConfigKeys (ConfUtils.java:logGet(43)) - raft.server.log.preallocated.size = 16384 (custom)
2019-11-15 01:00:24,125 [pool-589-thread-1] INFO  server.RaftServerConfigKeys (ConfUtils.java:logGet(43)) - raft.server.log.write.buffer.size = 33554432 (custom)
2019-11-15 01:00:24,125 [pool-589-thread-1] INFO  server.RaftServerConfigKeys (ConfUtils.java:logGet(43)) - raft.server.log.force.sync.num = 128 (default)
2019-11-15 01:00:24,126 [pool-589-thread-1] INFO  server.RaftServerConfigKeys (ConfUtils.java:logGet(43)) - raft.server.log.statemachine.data.sync = true (default)
2019-11-15 01:00:24,126 [pool-589-thread-1] INFO  server.RaftServerConfigKeys (ConfUtils.java:logGet(43)) - raft.server.log.statemachine.data.sync.timeout = 10s (default)
2019-11-15 01:00:24,126 [pool-589-thread-1] INFO  server.RaftServerConfigKeys (ConfUtils.java:logGet(43)) - raft.server.log.statemachine.data.sync.timeout.retry = -1 (default)
2019-11-15 01:00:24,126 [pool-589-thread-1] INFO  server.RaftServerConfigKeys (ConfUtils.java:logGet(43)) - raft.server.log.statemachine.data.caching.enabled = true (custom)
2019-11-15 01:00:24,126 [pool-589-thread-1] INFO  segmented.SegmentedRaftLogWorker (SegmentedRaftLogWorker.java:lambda$new$0(128)) - c4061fea-d656-4029-8a52-0003cdc411ee@group-18D18F1AF72F-SegmentedRaftLogWorker: flushIndex: setUnconditionally 0 -> -1
2019-11-15 01:00:24,127 [pool-589-thread-1] INFO  server.RaftServerConfigKeys (ConfUtils.java:logGet(43)) - raft.server.snapshot.auto.trigger.enabled = true (custom)
2019-11-15 01:00:24,127 [pool-589-thread-1] INFO  server.RaftServerConfigKeys (ConfUtils.java:logGet(43)) - raft.server.snapshot.auto.trigger.threshold = 10000 (custom)
2019-11-15 01:00:24,127 [pool-589-thread-1] INFO  server.RaftServerConfigKeys (ConfUtils.java:logGet(43)) - raft.server.snapshot.retention.file.num = 5 (custom)
2019-11-15 01:00:24,127 [pool-589-thread-1] INFO  server.RaftServerConfigKeys (ConfUtils.java:logGet(43)) - raft.server.retrycache.expirytime = 600000ms (custom)
2019-11-15 01:00:24,127 [pool-589-thread-1] WARN  impl.MetricRegistriesImpl (MetricRegistriesImpl.java:lambda$create$1(61)) - First MetricRegistry has been created without registering reporters. You may need to call MetricRegistries.global().addReportRegistration(...) before.
2019-11-15 01:00:24,127 [pool-589-thread-1] WARN  impl.MetricRegistriesImpl (MetricRegistriesImpl.java:lambda$create$1(61)) - First MetricRegistry has been created without registering reporters. You may need to call MetricRegistries.global().addReportRegistration(...) before.
2019-11-15 01:00:24,128 [pool-589-thread-1] INFO  impl.RaftServerImpl (RaftServerImpl.java:start(184)) - c4061fea-d656-4029-8a52-0003cdc411ee@group-18D18F1AF72F: start as a follower, conf=-1: [c4061fea-d656-4029-8a52-0003cdc411ee:192.168.164.208:42567], old=null
2019-11-15 01:00:24,128 [pool-589-thread-1] INFO  impl.RaftServerImpl (RaftServerImpl.java:setRole(173)) - c4061fea-d656-4029-8a52-0003cdc411ee@group-18D18F1AF72F: changes role from      null to FOLLOWER at term 0 for startAsFollower
2019-11-15 01:00:24,128 [pool-589-thread-1] INFO  impl.RoleInfo (RoleInfo.java:updateAndGet(143)) - c4061fea-d656-4029-8a52-0003cdc411ee: start FollowerState
2019-11-15 01:00:24,128 [pool-589-thread-1] INFO  util.JmxRegister (JmxRegister.java:tryRegister(44)) - Successfully registered JMX Bean with object name Ratis:service=RaftServer,group=group-18D18F1AF72F,id=c4061fea-d656-4029-8a52-0003cdc411ee
2019-11-15 01:00:24,128 [pool-589-thread-1] WARN  impl.MetricRegistriesImpl (MetricRegistriesImpl.java:lambda$create$1(61)) - First MetricRegistry has been created without registering reporters. You may need to call MetricRegistries.global().addReportRegistration(...) before.
2019-11-15 01:00:24,131 [RatisPipelineUtilsThread] INFO  pipeline.PipelineStateManager (PipelineStateManager.java:addPipeline(55)) - Created pipeline Pipeline[ Id: 0af34b87-09de-4ab8-9345-18d18f1af72f, Nodes: c4061fea-d656-4029-8a52-0003cdc411ee{ip: 192.168.164.208, host: pr-hdds-2442-bxv5b-1523879440, networkLocation: /rack1, certSerialId: null}, Type:RATIS, Factor:ONE, State:ALLOCATED]
2019-11-15 01:00:24,134 [Thread-4198] INFO  pipeline.PipelineStateManager (PipelineStateManager.java:finalizePipeline(121)) - Pipeline Pipeline[ Id: 53db910e-4674-4ca9-9dc9-d90ef171477c, Nodes: e728dc25-e4b1-43c6-a53d-eff097089a23{ip: 192.168.164.208, host: pr-hdds-2442-bxv5b-1523879440, networkLocation: /rack1, certSerialId: null}, Type:RATIS, Factor:ONE, State:CLOSED] moved to CLOSED state
2019-11-15 01:00:24,137 [grpc-default-executor-5] INFO  impl.RaftServerProxy (RaftServerProxy.java:remove(95)) - e728dc25-e4b1-43c6-a53d-eff097089a23: remove    LEADER e728dc25-e4b1-43c6-a53d-eff097089a23@group-D90EF171477C:t1, leader=e728dc25-e4b1-43c6-a53d-eff097089a23, voted=e728dc25-e4b1-43c6-a53d-eff097089a23, raftlog=e728dc25-e4b1-43c6-a53d-eff097089a23@group-D90EF171477C-SegmentedRaftLog:OPENED:c0,f0,i0, conf=0: [e728dc25-e4b1-43c6-a53d-eff097089a23:192.168.164.208:40846], old=null RUNNING
2019-11-15 01:00:24,137 [grpc-default-executor-5] INFO  impl.RaftServerImpl (RaftServerImpl.java:lambda$shutdown$3(250)) - e728dc25-e4b1-43c6-a53d-eff097089a23@group-D90EF171477C: shutdown
2019-11-15 01:00:24,137 [grpc-default-executor-5] INFO  util.JmxRegister (JmxRegister.java:unregister(73)) - Successfully un-registered JMX Bean with object name Ratis:service=RaftServer,group=group-D90EF171477C,id=e728dc25-e4b1-43c6-a53d-eff097089a23
2019-11-15 01:00:24,137 [grpc-default-executor-5] INFO  impl.RoleInfo (RoleInfo.java:shutdownLeaderState(104)) - e728dc25-e4b1-43c6-a53d-eff097089a23: shutdown LeaderState
2019-11-15 01:00:24,137 [grpc-default-executor-5] INFO  impl.PendingRequests (PendingRequests.java:sendNotLeaderResponses(206)) - e728dc25-e4b1-43c6-a53d-eff097089a23@group-D90EF171477C-PendingRequests: sendNotLeaderResponses
2019-11-15 01:00:24,138 [grpc-default-executor-5] INFO  impl.StateMachineUpdater (StateMachineUpdater.java:stopAndJoin(136)) - e728dc25-e4b1-43c6-a53d-eff097089a23@group-D90EF171477C-StateMachineUpdater: set stopIndex = 0
2019-11-15 01:00:24,138 [grpc-default-executor-5] INFO  impl.RaftServerImpl (ServerState.java:close(387)) - e728dc25-e4b1-43c6-a53d-eff097089a23@group-D90EF171477C: closes. applyIndex: 0
2019-11-15 01:00:24,138 [e728dc25-e4b1-43c6-a53d-eff097089a23@group-D90EF171477C-SegmentedRaftLogWorker] INFO  segmented.SegmentedRaftLogWorker (SegmentedRaftLogWorker.java:run(316)) - e728dc25-e4b1-43c6-a53d-eff097089a23@group-D90EF171477C-SegmentedRaftLogWorker was interrupted, exiting. There are 0 tasks remaining in the queue.
2019-11-15 01:00:24,138 [grpc-default-executor-5] INFO  segmented.SegmentedRaftLogWorker (SegmentedRaftLogWorker.java:close(224)) - e728dc25-e4b1-43c6-a53d-eff097089a23@group-D90EF171477C-SegmentedRaftLogWorker close()
2019-11-15 01:00:24,143 [Thread-4198] INFO  pipeline.PipelineStateManager (PipelineStateManager.java:removePipeline(106)) - Pipeline Pipeline[ Id: 53db910e-4674-4ca9-9dc9-d90ef171477c, Nodes: e728dc25-e4b1-43c6-a53d-eff097089a23{ip: 192.168.164.208, host: pr-hdds-2442-bxv5b-1523879440, networkLocation: /rack1, certSerialId: null}, Type:RATIS, Factor:ONE, State:CLOSED] removed from db
2019-11-15 01:00:24,143 [Thread-4198] INFO  pipeline.SCMPipelineManager (SCMPipelineManager.java:finalizeAndDestroyPipeline(315)) - destroying pipeline:Pipeline[ Id: 9a3de2f8-391c-40d5-9053-e39bb4df8462, Nodes: 0e91382f-cc67-4c48-b6bb-37ad8c3df0fd{ip: 192.168.164.208, host: pr-hdds-2442-bxv5b-1523879440, networkLocation: /rack1, certSerialId: null}, Type:RATIS, Factor:ONE, State:OPEN]
2019-11-15 01:00:24,147 [grpc-default-executor-5] INFO  impl.RaftServerProxy (RaftServerProxy.java:addNew(89)) - e728dc25-e4b1-43c6-a53d-eff097089a23: addNew group-B859CBD11FE8:[e728dc25-e4b1-43c6-a53d-eff097089a23:192.168.164.208:40846] returns group-B859CBD11FE8:java.util.concurrent.CompletableFuture@3d3cdd94[Not completed]
2019-11-15 01:00:24,149 [pool-579-thread-1] INFO  impl.RaftServerImpl (RaftServerImpl.java:<init>(98)) - e728dc25-e4b1-43c6-a53d-eff097089a23: new RaftServerImpl for group-B859CBD11FE8:[e728dc25-e4b1-43c6-a53d-eff097089a23:192.168.164.208:40846] with ContainerStateMachine:uninitialized
2019-11-15 01:00:24,149 [pool-579-thread-1] INFO  server.RaftServerConfigKeys (ConfUtils.java:logGet(43)) - raft.server.rpc.timeout.min = 1s (custom)
2019-11-15 01:00:24,149 [pool-579-thread-1] INFO  server.RaftServerConfigKeys (ConfUtils.java:logGet(43)) - raft.server.rpc.timeout.max = 1200ms (custom)
2019-11-15 01:00:24,149 [pool-579-thread-1] INFO  server.RaftServerConfigKeys (ConfUtils.java:logGet(43)) - raft.server.rpcslowness.timeout = 120s (custom)
2019-11-15 01:00:24,149 [pool-579-thread-1] INFO  server.RaftServerConfigKeys (ConfUtils.java:logGet(43)) - raft.server.sleep.deviation.threshold = 300 (default)
2019-11-15 01:00:24,149 [pool-579-thread-1] INFO  server.RaftServerConfigKeys (ConfUtils.java:logGet(43)) - raft.server.log.appender.install.snapshot.enabled = false (custom)
2019-11-15 01:00:24,149 [pool-579-thread-1] INFO  impl.RaftServerImpl (ServerState.java:<init>(103)) - e728dc25-e4b1-43c6-a53d-eff097089a23@group-B859CBD11FE8: ConfigurationManager, init=-1: [e728dc25-e4b1-43c6-a53d-eff097089a23:192.168.164.208:40846], old=null, confs=<EMPTY_MAP>
2019-11-15 01:00:24,149 [pool-579-thread-1] INFO  server.RaftServerConfigKeys (ConfUtils.java:logGet(43)) - raft.server.storage.dir = [/workdir/hadoop-ozone/integration-test/target/test-dir/MiniOzoneClusterImpl-9b1c7e50-938b-4652-9315-e435b3731240/datanode-7/data/ratis] (custom)
2019-11-15 01:00:24,150 [pool-579-thread-1] INFO  server.RaftServerConfigKeys (ConfUtils.java:logGet(43)) - raft.server.log.corruption.policy = EXCEPTION (default)
2019-11-15 01:00:24,150 [pool-579-thread-1] INFO  storage.RaftStorageDirectory (RaftStorageDirectory.java:analyzeStorage(246)) - The storage directory /workdir/hadoop-ozone/integration-test/target/test-dir/MiniOzoneClusterImpl-9b1c7e50-938b-4652-9315-e435b3731240/datanode-7/data/ratis/5d9d5c98-283b-4d5c-9407-b859cbd11fe8 does not exist. Creating ...
2019-11-15 01:00:24,175 [pool-579-thread-1] INFO  storage.RaftStorageDirectory (RaftStorageDirectory.java:tryLock(328)) - Lock on /workdir/hadoop-ozone/integration-test/target/test-dir/MiniOzoneClusterImpl-9b1c7e50-938b-4652-9315-e435b3731240/datanode-7/data/ratis/5d9d5c98-283b-4d5c-9407-b859cbd11fe8/in_use.lock acquired by nodename 16745@pr-hdds-2442-bxv5b-1523879440
2019-11-15 01:00:24,188 [pool-579-thread-1] INFO  storage.RaftStorage (RaftStorage.java:format(84)) - Storage directory /workdir/hadoop-ozone/integration-test/target/test-dir/MiniOzoneClusterImpl-9b1c7e50-938b-4652-9315-e435b3731240/datanode-7/data/ratis/5d9d5c98-283b-4d5c-9407-b859cbd11fe8 has been successfully formatted.
2019-11-15 01:00:24,188 [pool-579-thread-1] INFO  ratis.ContainerStateMachine (ContainerStateMachine.java:loadSnapshot(223)) - group-B859CBD11FE8: The snapshot info is null. Setting the last applied indexto:(t:0, i:~)
2019-11-15 01:00:24,188 [pool-579-thread-1] INFO  server.RaftServerConfigKeys (ConfUtils.java:logGet(43)) - raft.server.notification.no-leader.timeout = 120s (custom)
2019-11-15 01:00:24,188 [pool-579-thread-1] INFO  server.RaftServerConfigKeys (ConfUtils.java:logGet(43)) - raft.server.log.use.memory = false (default)
2019-11-15 01:00:24,188 [pool-579-thread-1] INFO  server.RaftServerConfigKeys (ConfUtils.java:logGet(43)) - raft.server.log.purge.gap = 1000000 (custom)
2019-11-15 01:00:24,189 [pool-579-thread-1] INFO  server.RaftServerConfigKeys (ConfUtils.java:logGet(43)) - raft.server.log.appender.buffer.byte-limit = 33554432 (custom)
2019-11-15 01:00:24,189 [pool-579-thread-1] INFO  server.RaftServerConfigKeys (ConfUtils.java:logGet(43)) - raft.server.log.segment.size.max = 1048576 (custom)
2019-11-15 01:00:24,189 [pool-579-thread-1] INFO  server.RaftServerConfigKeys (ConfUtils.java:logGet(43)) - raft.server.log.segment.cache.num.max = 2 (custom)
2019-11-15 01:00:24,189 [pool-579-thread-1] INFO  segmented.SegmentedRaftLogWorker (SegmentedRaftLogWorker.java:<init>(173)) - new e728dc25-e4b1-43c6-a53d-eff097089a23@group-B859CBD11FE8-SegmentedRaftLogWorker for RaftStorage:Storage Directory /workdir/hadoop-ozone/integration-test/target/test-dir/MiniOzoneClusterImpl-9b1c7e50-938b-4652-9315-e435b3731240/datanode-7/data/ratis/5d9d5c98-283b-4d5c-9407-b859cbd11fe8
2019-11-15 01:00:24,189 [pool-579-thread-1] INFO  server.RaftServerConfigKeys (ConfUtils.java:logGet(43)) - raft.server.log.queue.byte-limit = 2147483647 (custom)
2019-11-15 01:00:24,189 [pool-579-thread-1] INFO  server.RaftServerConfigKeys (ConfUtils.java:logGet(43)) - raft.server.log.queue.element-limit = 1024 (custom)
2019-11-15 01:00:24,189 [pool-579-thread-1] INFO  server.RaftServerConfigKeys (ConfUtils.java:logGet(43)) - raft.server.log.segment.size.max = 1048576 (custom)
2019-11-15 01:00:24,189 [pool-579-thread-1] INFO  server.RaftServerConfigKeys (ConfUtils.java:logGet(43)) - raft.server.log.preallocated.size = 16384 (custom)
2019-11-15 01:00:24,190 [pool-579-thread-1] INFO  server.RaftServerConfigKeys (ConfUtils.java:logGet(43)) - raft.server.log.write.buffer.size = 33554432 (custom)
2019-11-15 01:00:24,190 [pool-579-thread-1] INFO  server.RaftServerConfigKeys (ConfUtils.java:logGet(43)) - raft.server.log.force.sync.num = 128 (default)
2019-11-15 01:00:24,190 [pool-579-thread-1] INFO  server.RaftServerConfigKeys (ConfUtils.java:logGet(43)) - raft.server.log.statemachine.data.sync = true (default)
2019-11-15 01:00:24,190 [pool-579-thread-1] INFO  server.RaftServerConfigKeys (ConfUtils.java:logGet(43)) - raft.server.log.statemachine.data.sync.timeout = 10s (default)
2019-11-15 01:00:24,190 [pool-579-thread-1] INFO  server.RaftServerConfigKeys (ConfUtils.java:logGet(43)) - raft.server.log.statemachine.data.sync.timeout.retry = -1 (default)
2019-11-15 01:00:24,190 [pool-579-thread-1] INFO  server.RaftServerConfigKeys (ConfUtils.java:logGet(43)) - raft.server.log.statemachine.data.caching.enabled = true (custom)
2019-11-15 01:00:24,191 [pool-579-thread-1] INFO  segmented.SegmentedRaftLogWorker (SegmentedRaftLogWorker.java:lambda$new$0(128)) - e728dc25-e4b1-43c6-a53d-eff097089a23@group-B859CBD11FE8-SegmentedRaftLogWorker: flushIndex: setUnconditionally 0 -> -1
2019-11-15 01:00:24,191 [pool-579-thread-1] INFO  server.RaftServerConfigKeys (ConfUtils.java:logGet(43)) - raft.server.snapshot.auto.trigger.enabled = true (custom)
2019-11-15 01:00:24,191 [pool-579-thread-1] INFO  server.RaftServerConfigKeys (ConfUtils.java:logGet(43)) - raft.server.snapshot.auto.trigger.threshold = 10000 (custom)
2019-11-15 01:00:24,191 [pool-579-thread-1] INFO  server.RaftServerConfigKeys (ConfUtils.java:logGet(43)) - raft.server.snapshot.retention.file.num = 5 (custom)
2019-11-15 01:00:24,191 [pool-579-thread-1] INFO  server.RaftServerConfigKeys (ConfUtils.java:logGet(43)) - raft.server.retrycache.expirytime = 600000ms (custom)
2019-11-15 01:00:24,191 [pool-579-thread-1] WARN  impl.MetricRegistriesImpl (MetricRegistriesImpl.java:lambda$create$1(61)) - First MetricRegistry has been created without registering reporters. You may need to call MetricRegistries.global().addReportRegistration(...) before.
2019-11-15 01:00:24,192 [pool-579-thread-1] WARN  impl.MetricRegistriesImpl (MetricRegistriesImpl.java:lambda$create$1(61)) - First MetricRegistry has been created without registering reporters. You may need to call MetricRegistries.global().addReportRegistration(...) before.
2019-11-15 01:00:24,192 [pool-579-thread-1] INFO  impl.RaftServerImpl (RaftServerImpl.java:start(184)) - e728dc25-e4b1-43c6-a53d-eff097089a23@group-B859CBD11FE8: start as a follower, conf=-1: [e728dc25-e4b1-43c6-a53d-eff097089a23:192.168.164.208:40846], old=null
2019-11-15 01:00:24,192 [pool-579-thread-1] INFO  impl.RaftServerImpl (RaftServerImpl.java:setRole(173)) - e728dc25-e4b1-43c6-a53d-eff097089a23@group-B859CBD11FE8: changes role from      null to FOLLOWER at term 0 for startAsFollower
2019-11-15 01:00:24,192 [pool-579-thread-1] INFO  impl.RoleInfo (RoleInfo.java:updateAndGet(143)) - e728dc25-e4b1-43c6-a53d-eff097089a23: start FollowerState
2019-11-15 01:00:24,192 [pool-579-thread-1] INFO  util.JmxRegister (JmxRegister.java:tryRegister(44)) - Successfully registered JMX Bean with object name Ratis:service=RaftServer,group=group-B859CBD11FE8,id=e728dc25-e4b1-43c6-a53d-eff097089a23
2019-11-15 01:00:24,193 [pool-579-thread-1] WARN  impl.MetricRegistriesImpl (MetricRegistriesImpl.java:lambda$create$1(61)) - First MetricRegistry has been created without registering reporters. You may need to call MetricRegistries.global().addReportRegistration(...) before.
2019-11-15 01:00:24,195 [RatisPipelineUtilsThread] INFO  pipeline.PipelineStateManager (PipelineStateManager.java:addPipeline(55)) - Created pipeline Pipeline[ Id: 5d9d5c98-283b-4d5c-9407-b859cbd11fe8, Nodes: e728dc25-e4b1-43c6-a53d-eff097089a23{ip: 192.168.164.208, host: pr-hdds-2442-bxv5b-1523879440, networkLocation: /rack1, certSerialId: null}, Type:RATIS, Factor:ONE, State:ALLOCATED]
2019-11-15 01:00:24,198 [Thread-4198] INFO  pipeline.PipelineStateManager (PipelineStateManager.java:finalizePipeline(121)) - Pipeline Pipeline[ Id: 9a3de2f8-391c-40d5-9053-e39bb4df8462, Nodes: 0e91382f-cc67-4c48-b6bb-37ad8c3df0fd{ip: 192.168.164.208, host: pr-hdds-2442-bxv5b-1523879440, networkLocation: /rack1, certSerialId: null}, Type:RATIS, Factor:ONE, State:CLOSED] moved to CLOSED state
2019-11-15 01:00:24,200 [grpc-default-executor-5] INFO  impl.RaftServerProxy (RaftServerProxy.java:remove(95)) - 0e91382f-cc67-4c48-b6bb-37ad8c3df0fd: remove    LEADER 0e91382f-cc67-4c48-b6bb-37ad8c3df0fd@group-E39BB4DF8462:t1, leader=0e91382f-cc67-4c48-b6bb-37ad8c3df0fd, voted=0e91382f-cc67-4c48-b6bb-37ad8c3df0fd, raftlog=0e91382f-cc67-4c48-b6bb-37ad8c3df0fd@group-E39BB4DF8462-SegmentedRaftLog:OPENED:c0,f0,i0, conf=0: [0e91382f-cc67-4c48-b6bb-37ad8c3df0fd:192.168.164.208:33069], old=null RUNNING
2019-11-15 01:00:24,201 [grpc-default-executor-5] INFO  impl.RaftServerImpl (RaftServerImpl.java:lambda$shutdown$3(250)) - 0e91382f-cc67-4c48-b6bb-37ad8c3df0fd@group-E39BB4DF8462: shutdown
2019-11-15 01:00:24,201 [grpc-default-executor-5] INFO  util.JmxRegister (JmxRegister.java:unregister(73)) - Successfully un-registered JMX Bean with object name Ratis:service=RaftServer,group=group-E39BB4DF8462,id=0e91382f-cc67-4c48-b6bb-37ad8c3df0fd
2019-11-15 01:00:24,201 [grpc-default-executor-5] INFO  impl.RoleInfo (RoleInfo.java:shutdownLeaderState(104)) - 0e91382f-cc67-4c48-b6bb-37ad8c3df0fd: shutdown LeaderState
2019-11-15 01:00:24,201 [grpc-default-executor-5] INFO  impl.PendingRequests (PendingRequests.java:sendNotLeaderResponses(206)) - 0e91382f-cc67-4c48-b6bb-37ad8c3df0fd@group-E39BB4DF8462-PendingRequests: sendNotLeaderResponses
2019-11-15 01:00:24,202 [grpc-default-executor-5] INFO  impl.StateMachineUpdater (StateMachineUpdater.java:stopAndJoin(136)) - 0e91382f-cc67-4c48-b6bb-37ad8c3df0fd@group-E39BB4DF8462-StateMachineUpdater: set stopIndex = 0
2019-11-15 01:00:24,202 [grpc-default-executor-5] INFO  impl.RaftServerImpl (ServerState.java:close(387)) - 0e91382f-cc67-4c48-b6bb-37ad8c3df0fd@group-E39BB4DF8462: closes. applyIndex: 0
2019-11-15 01:00:24,202 [0e91382f-cc67-4c48-b6bb-37ad8c3df0fd@group-E39BB4DF8462-SegmentedRaftLogWorker] INFO  segmented.SegmentedRaftLogWorker (SegmentedRaftLogWorker.java:run(316)) - 0e91382f-cc67-4c48-b6bb-37ad8c3df0fd@group-E39BB4DF8462-SegmentedRaftLogWorker was interrupted, exiting. There are 0 tasks remaining in the queue.
2019-11-15 01:00:24,202 [grpc-default-executor-5] INFO  segmented.SegmentedRaftLogWorker (SegmentedRaftLogWorker.java:close(224)) - 0e91382f-cc67-4c48-b6bb-37ad8c3df0fd@group-E39BB4DF8462-SegmentedRaftLogWorker close()
2019-11-15 01:00:24,207 [Thread-4198] INFO  pipeline.PipelineStateManager (PipelineStateManager.java:removePipeline(106)) - Pipeline Pipeline[ Id: 9a3de2f8-391c-40d5-9053-e39bb4df8462, Nodes: 0e91382f-cc67-4c48-b6bb-37ad8c3df0fd{ip: 192.168.164.208, host: pr-hdds-2442-bxv5b-1523879440, networkLocation: /rack1, certSerialId: null}, Type:RATIS, Factor:ONE, State:CLOSED] removed from db
2019-11-15 01:00:24,207 [Thread-4198] INFO  pipeline.SCMPipelineManager (SCMPipelineManager.java:finalizeAndDestroyPipeline(315)) - destroying pipeline:Pipeline[ Id: 3b986f61-ef5b-4ed2-81d4-0e0bda624484, Nodes: 10ab2f01-a163-4b0b-bdc9-1962e1c3543b{ip: 192.168.164.208, host: pr-hdds-2442-bxv5b-1523879440, networkLocation: /rack1, certSerialId: null}, Type:RATIS, Factor:ONE, State:OPEN]
2019-11-15 01:00:24,218 [grpc-default-executor-5] INFO  impl.RaftServerProxy (RaftServerProxy.java:addNew(89)) - 0e91382f-cc67-4c48-b6bb-37ad8c3df0fd: addNew group-8FE6074BF678:[0e91382f-cc67-4c48-b6bb-37ad8c3df0fd:192.168.164.208:33069] returns group-8FE6074BF678:java.util.concurrent.CompletableFuture@6c7a3c92[Not completed]
2019-11-15 01:00:24,221 [pool-509-thread-1] INFO  impl.RaftServerImpl (RaftServerImpl.java:<init>(98)) - 0e91382f-cc67-4c48-b6bb-37ad8c3df0fd: new RaftServerImpl for group-8FE6074BF678:[0e91382f-cc67-4c48-b6bb-37ad8c3df0fd:192.168.164.208:33069] with ContainerStateMachine:uninitialized
2019-11-15 01:00:24,222 [pool-509-thread-1] INFO  server.RaftServerConfigKeys (ConfUtils.java:logGet(43)) - raft.server.rpc.timeout.min = 1s (custom)
2019-11-15 01:00:24,222 [pool-509-thread-1] INFO  server.RaftServerConfigKeys (ConfUtils.java:logGet(43)) - raft.server.rpc.timeout.max = 1200ms (custom)
2019-11-15 01:00:24,222 [pool-509-thread-1] INFO  server.RaftServerConfigKeys (ConfUtils.java:logGet(43)) - raft.server.rpcslowness.timeout = 120s (custom)
2019-11-15 01:00:24,222 [pool-509-thread-1] INFO  server.RaftServerConfigKeys (ConfUtils.java:logGet(43)) - raft.server.sleep.deviation.threshold = 300 (default)
2019-11-15 01:00:24,222 [pool-509-thread-1] INFO  server.RaftServerConfigKeys (ConfUtils.java:logGet(43)) - raft.server.log.appender.install.snapshot.enabled = false (custom)
2019-11-15 01:00:24,223 [pool-509-thread-1] INFO  impl.RaftServerImpl (ServerState.java:<init>(103)) - 0e91382f-cc67-4c48-b6bb-37ad8c3df0fd@group-8FE6074BF678: ConfigurationManager, init=-1: [0e91382f-cc67-4c48-b6bb-37ad8c3df0fd:192.168.164.208:33069], old=null, confs=<EMPTY_MAP>
2019-11-15 01:00:24,223 [pool-509-thread-1] INFO  server.RaftServerConfigKeys (ConfUtils.java:logGet(43)) - raft.server.storage.dir = [/workdir/hadoop-ozone/integration-test/target/test-dir/MiniOzoneClusterImpl-9b1c7e50-938b-4652-9315-e435b3731240/datanode-0/data/ratis] (custom)
2019-11-15 01:00:24,223 [pool-509-thread-1] INFO  server.RaftServerConfigKeys (ConfUtils.java:logGet(43)) - raft.server.log.corruption.policy = EXCEPTION (default)
2019-11-15 01:00:24,224 [pool-509-thread-1] INFO  storage.RaftStorageDirectory (RaftStorageDirectory.java:analyzeStorage(246)) - The storage directory /workdir/hadoop-ozone/integration-test/target/test-dir/MiniOzoneClusterImpl-9b1c7e50-938b-4652-9315-e435b3731240/datanode-0/data/ratis/66245f49-e88d-4d28-b21f-8fe6074bf678 does not exist. Creating ...
2019-11-15 01:00:24,238 [pool-509-thread-1] INFO  storage.RaftStorageDirectory (RaftStorageDirectory.java:tryLock(328)) - Lock on /workdir/hadoop-ozone/integration-test/target/test-dir/MiniOzoneClusterImpl-9b1c7e50-938b-4652-9315-e435b3731240/datanode-0/data/ratis/66245f49-e88d-4d28-b21f-8fe6074bf678/in_use.lock acquired by nodename 16745@pr-hdds-2442-bxv5b-1523879440
2019-11-15 01:00:24,251 [pool-509-thread-1] INFO  storage.RaftStorage (RaftStorage.java:format(84)) - Storage directory /workdir/hadoop-ozone/integration-test/target/test-dir/MiniOzoneClusterImpl-9b1c7e50-938b-4652-9315-e435b3731240/datanode-0/data/ratis/66245f49-e88d-4d28-b21f-8fe6074bf678 has been successfully formatted.
2019-11-15 01:00:24,251 [pool-509-thread-1] INFO  ratis.ContainerStateMachine (ContainerStateMachine.java:loadSnapshot(223)) - group-8FE6074BF678: The snapshot info is null. Setting the last applied indexto:(t:0, i:~)
2019-11-15 01:00:24,251 [pool-509-thread-1] INFO  server.RaftServerConfigKeys (ConfUtils.java:logGet(43)) - raft.server.notification.no-leader.timeout = 120s (custom)
2019-11-15 01:00:24,252 [pool-509-thread-1] INFO  server.RaftServerConfigKeys (ConfUtils.java:logGet(43)) - raft.server.log.use.memory = false (default)
2019-11-15 01:00:24,252 [pool-509-thread-1] INFO  server.RaftServerConfigKeys (ConfUtils.java:logGet(43)) - raft.server.log.purge.gap = 1000000 (custom)
2019-11-15 01:00:24,252 [pool-509-thread-1] INFO  server.RaftServerConfigKeys (ConfUtils.java:logGet(43)) - raft.server.log.appender.buffer.byte-limit = 33554432 (custom)
2019-11-15 01:00:24,252 [pool-509-thread-1] INFO  server.RaftServerConfigKeys (ConfUtils.java:logGet(43)) - raft.server.log.segment.size.max = 1048576 (custom)
2019-11-15 01:00:24,252 [pool-509-thread-1] INFO  server.RaftServerConfigKeys (ConfUtils.java:logGet(43)) - raft.server.log.segment.cache.num.max = 2 (custom)
2019-11-15 01:00:24,252 [pool-509-thread-1] INFO  segmented.SegmentedRaftLogWorker (SegmentedRaftLogWorker.java:<init>(173)) - new 0e91382f-cc67-4c48-b6bb-37ad8c3df0fd@group-8FE6074BF678-SegmentedRaftLogWorker for RaftStorage:Storage Directory /workdir/hadoop-ozone/integration-test/target/test-dir/MiniOzoneClusterImpl-9b1c7e50-938b-4652-9315-e435b3731240/datanode-0/data/ratis/66245f49-e88d-4d28-b21f-8fe6074bf678
2019-11-15 01:00:24,252 [pool-509-thread-1] INFO  server.RaftServerConfigKeys (ConfUtils.java:logGet(43)) - raft.server.log.queue.byte-limit = 2147483647 (custom)
2019-11-15 01:00:24,253 [pool-509-thread-1] INFO  server.RaftServerConfigKeys (ConfUtils.java:logGet(43)) - raft.server.log.queue.element-limit = 1024 (custom)
2019-11-15 01:00:24,253 [pool-509-thread-1] INFO  server.RaftServerConfigKeys (ConfUtils.java:logGet(43)) - raft.server.log.segment.size.max = 1048576 (custom)
2019-11-15 01:00:24,253 [pool-509-thread-1] INFO  server.RaftServerConfigKeys (ConfUtils.java:logGet(43)) - raft.server.log.preallocated.size = 16384 (custom)
2019-11-15 01:00:24,253 [pool-509-thread-1] INFO  server.RaftServerConfigKeys (ConfUtils.java:logGet(43)) - raft.server.log.write.buffer.size = 33554432 (custom)
2019-11-15 01:00:24,253 [pool-509-thread-1] INFO  server.RaftServerConfigKeys (ConfUtils.java:logGet(43)) - raft.server.log.force.sync.num = 128 (default)
2019-11-15 01:00:24,253 [pool-509-thread-1] INFO  server.RaftServerConfigKeys (ConfUtils.java:logGet(43)) - raft.server.log.statemachine.data.sync = true (default)
2019-11-15 01:00:24,253 [pool-509-thread-1] INFO  server.RaftServerConfigKeys (ConfUtils.java:logGet(43)) - raft.server.log.statemachine.data.sync.timeout = 10s (default)
2019-11-15 01:00:24,253 [pool-509-thread-1] INFO  server.RaftServerConfigKeys (ConfUtils.java:logGet(43)) - raft.server.log.statemachine.data.sync.timeout.retry = -1 (default)
2019-11-15 01:00:24,253 [pool-509-thread-1] INFO  server.RaftServerConfigKeys (ConfUtils.java:logGet(43)) - raft.server.log.statemachine.data.caching.enabled = true (custom)
2019-11-15 01:00:24,254 [pool-509-thread-1] INFO  segmented.SegmentedRaftLogWorker (SegmentedRaftLogWorker.java:lambda$new$0(128)) - 0e91382f-cc67-4c48-b6bb-37ad8c3df0fd@group-8FE6074BF678-SegmentedRaftLogWorker: flushIndex: setUnconditionally 0 -> -1
2019-11-15 01:00:24,254 [pool-509-thread-1] INFO  server.RaftServerConfigKeys (ConfUtils.java:logGet(43)) - raft.server.snapshot.auto.trigger.enabled = true (custom)
2019-11-15 01:00:24,254 [pool-509-thread-1] INFO  server.RaftServerConfigKeys (ConfUtils.java:logGet(43)) - raft.server.snapshot.auto.trigger.threshold = 10000 (custom)
2019-11-15 01:00:24,254 [pool-509-thread-1] INFO  server.RaftServerConfigKeys (ConfUtils.java:logGet(43)) - raft.server.snapshot.retention.file.num = 5 (custom)
2019-11-15 01:00:24,255 [pool-509-thread-1] INFO  server.RaftServerConfigKeys (ConfUtils.java:logGet(43)) - raft.server.retrycache.expirytime = 600000ms (custom)
2019-11-15 01:00:24,255 [pool-509-thread-1] WARN  impl.MetricRegistriesImpl (MetricRegistriesImpl.java:lambda$create$1(61)) - First MetricRegistry has been created without registering reporters. You may need to call MetricRegistries.global().addReportRegistration(...) before.
2019-11-15 01:00:24,255 [pool-509-thread-1] WARN  impl.MetricRegistriesImpl (MetricRegistriesImpl.java:lambda$create$1(61)) - First MetricRegistry has been created without registering reporters. You may need to call MetricRegistries.global().addReportRegistration(...) before.
2019-11-15 01:00:24,255 [pool-509-thread-1] INFO  impl.RaftServerImpl (RaftServerImpl.java:start(184)) - 0e91382f-cc67-4c48-b6bb-37ad8c3df0fd@group-8FE6074BF678: start as a follower, conf=-1: [0e91382f-cc67-4c48-b6bb-37ad8c3df0fd:192.168.164.208:33069], old=null
2019-11-15 01:00:24,255 [pool-509-thread-1] INFO  impl.RaftServerImpl (RaftServerImpl.java:setRole(173)) - 0e91382f-cc67-4c48-b6bb-37ad8c3df0fd@group-8FE6074BF678: changes role from      null to FOLLOWER at term 0 for startAsFollower
2019-11-15 01:00:24,256 [pool-509-thread-1] INFO  impl.RoleInfo (RoleInfo.java:updateAndGet(143)) - 0e91382f-cc67-4c48-b6bb-37ad8c3df0fd: start FollowerState
2019-11-15 01:00:24,257 [pool-509-thread-1] INFO  util.JmxRegister (JmxRegister.java:tryRegister(44)) - Successfully registered JMX Bean with object name Ratis:service=RaftServer,group=group-8FE6074BF678,id=0e91382f-cc67-4c48-b6bb-37ad8c3df0fd
2019-11-15 01:00:24,257 [pool-509-thread-1] WARN  impl.MetricRegistriesImpl (MetricRegistriesImpl.java:lambda$create$1(61)) - First MetricRegistry has been created without registering reporters. You may need to call MetricRegistries.global().addReportRegistration(...) before.
2019-11-15 01:00:24,260 [RatisPipelineUtilsThread] INFO  pipeline.PipelineStateManager (PipelineStateManager.java:addPipeline(55)) - Created pipeline Pipeline[ Id: 66245f49-e88d-4d28-b21f-8fe6074bf678, Nodes: 0e91382f-cc67-4c48-b6bb-37ad8c3df0fd{ip: 192.168.164.208, host: pr-hdds-2442-bxv5b-1523879440, networkLocation: /rack1, certSerialId: null}, Type:RATIS, Factor:ONE, State:ALLOCATED]
2019-11-15 01:00:24,261 [Thread-4198] INFO  pipeline.PipelineStateManager (PipelineStateManager.java:finalizePipeline(121)) - Pipeline Pipeline[ Id: 3b986f61-ef5b-4ed2-81d4-0e0bda624484, Nodes: 10ab2f01-a163-4b0b-bdc9-1962e1c3543b{ip: 192.168.164.208, host: pr-hdds-2442-bxv5b-1523879440, networkLocation: /rack1, certSerialId: null}, Type:RATIS, Factor:ONE, State:CLOSED] moved to CLOSED state
2019-11-15 01:00:24,265 [grpc-default-executor-5] INFO  impl.RaftServerProxy (RaftServerProxy.java:remove(95)) - 10ab2f01-a163-4b0b-bdc9-1962e1c3543b: remove    LEADER 10ab2f01-a163-4b0b-bdc9-1962e1c3543b@group-0E0BDA624484:t1, leader=10ab2f01-a163-4b0b-bdc9-1962e1c3543b, voted=10ab2f01-a163-4b0b-bdc9-1962e1c3543b, raftlog=10ab2f01-a163-4b0b-bdc9-1962e1c3543b@group-0E0BDA624484-SegmentedRaftLog:OPENED:c0,f0,i0, conf=0: [10ab2f01-a163-4b0b-bdc9-1962e1c3543b:192.168.164.208:38174], old=null RUNNING
2019-11-15 01:00:24,265 [grpc-default-executor-5] INFO  impl.RaftServerImpl (RaftServerImpl.java:lambda$shutdown$3(250)) - 10ab2f01-a163-4b0b-bdc9-1962e1c3543b@group-0E0BDA624484: shutdown
2019-11-15 01:00:24,265 [grpc-default-executor-5] INFO  util.JmxRegister (JmxRegister.java:unregister(73)) - Successfully un-registered JMX Bean with object name Ratis:service=RaftServer,group=group-0E0BDA624484,id=10ab2f01-a163-4b0b-bdc9-1962e1c3543b
2019-11-15 01:00:24,265 [grpc-default-executor-5] INFO  impl.RoleInfo (RoleInfo.java:shutdownLeaderState(104)) - 10ab2f01-a163-4b0b-bdc9-1962e1c3543b: shutdown LeaderState
2019-11-15 01:00:24,265 [grpc-default-executor-5] INFO  impl.PendingRequests (PendingRequests.java:sendNotLeaderResponses(206)) - 10ab2f01-a163-4b0b-bdc9-1962e1c3543b@group-0E0BDA624484-PendingRequests: sendNotLeaderResponses
2019-11-15 01:00:24,266 [grpc-default-executor-5] INFO  impl.StateMachineUpdater (StateMachineUpdater.java:stopAndJoin(136)) - 10ab2f01-a163-4b0b-bdc9-1962e1c3543b@group-0E0BDA624484-StateMachineUpdater: set stopIndex = 0
2019-11-15 01:00:24,266 [grpc-default-executor-5] INFO  impl.RaftServerImpl (ServerState.java:close(387)) - 10ab2f01-a163-4b0b-bdc9-1962e1c3543b@group-0E0BDA624484: closes. applyIndex: 0
2019-11-15 01:00:24,266 [10ab2f01-a163-4b0b-bdc9-1962e1c3543b@group-0E0BDA624484-SegmentedRaftLogWorker] INFO  segmented.SegmentedRaftLogWorker (SegmentedRaftLogWorker.java:run(316)) - 10ab2f01-a163-4b0b-bdc9-1962e1c3543b@group-0E0BDA624484-SegmentedRaftLogWorker was interrupted, exiting. There are 0 tasks remaining in the queue.
2019-11-15 01:00:24,266 [grpc-default-executor-5] INFO  segmented.SegmentedRaftLogWorker (SegmentedRaftLogWorker.java:close(224)) - 10ab2f01-a163-4b0b-bdc9-1962e1c3543b@group-0E0BDA624484-SegmentedRaftLogWorker close()
2019-11-15 01:00:24,272 [Thread-4198] INFO  pipeline.PipelineStateManager (PipelineStateManager.java:removePipeline(106)) - Pipeline Pipeline[ Id: 3b986f61-ef5b-4ed2-81d4-0e0bda624484, Nodes: 10ab2f01-a163-4b0b-bdc9-1962e1c3543b{ip: 192.168.164.208, host: pr-hdds-2442-bxv5b-1523879440, networkLocation: /rack1, certSerialId: null}, Type:RATIS, Factor:ONE, State:CLOSED] removed from db
2019-11-15 01:00:24,272 [Thread-4198] INFO  pipeline.SCMPipelineManager (SCMPipelineManager.java:finalizeAndDestroyPipeline(315)) - destroying pipeline:Pipeline[ Id: 3150d911-3559-45ca-ab84-db30e9ac24b4, Nodes: 10ab2f01-a163-4b0b-bdc9-1962e1c3543b{ip: 192.168.164.208, host: pr-hdds-2442-bxv5b-1523879440, networkLocation: /rack1, certSerialId: null}0e91382f-cc67-4c48-b6bb-37ad8c3df0fd{ip: 192.168.164.208, host: pr-hdds-2442-bxv5b-1523879440, networkLocation: /rack1, certSerialId: null}212c8f8f-349a-4c94-b732-b4c0454eae1b{ip: 192.168.164.208, host: pr-hdds-2442-bxv5b-1523879440, networkLocation: /rack1, certSerialId: null}, Type:RATIS, Factor:THREE, State:OPEN]
2019-11-15 01:00:24,275 [grpc-default-executor-5] INFO  impl.RaftServerProxy (RaftServerProxy.java:addNew(89)) - 10ab2f01-a163-4b0b-bdc9-1962e1c3543b: addNew group-04507F04D4AB:[10ab2f01-a163-4b0b-bdc9-1962e1c3543b:192.168.164.208:38174] returns group-04507F04D4AB:java.util.concurrent.CompletableFuture@51d4df75[Not completed]
2019-11-15 01:00:24,276 [pool-529-thread-1] INFO  impl.RaftServerImpl (RaftServerImpl.java:<init>(98)) - 10ab2f01-a163-4b0b-bdc9-1962e1c3543b: new RaftServerImpl for group-04507F04D4AB:[10ab2f01-a163-4b0b-bdc9-1962e1c3543b:192.168.164.208:38174] with ContainerStateMachine:uninitialized
2019-11-15 01:00:24,276 [pool-529-thread-1] INFO  server.RaftServerConfigKeys (ConfUtils.java:logGet(43)) - raft.server.rpc.timeout.min = 1s (custom)
2019-11-15 01:00:24,277 [pool-529-thread-1] INFO  server.RaftServerConfigKeys (ConfUtils.java:logGet(43)) - raft.server.rpc.timeout.max = 1200ms (custom)
2019-11-15 01:00:24,277 [pool-529-thread-1] INFO  server.RaftServerConfigKeys (ConfUtils.java:logGet(43)) - raft.server.rpcslowness.timeout = 120s (custom)
2019-11-15 01:00:24,277 [pool-529-thread-1] INFO  server.RaftServerConfigKeys (ConfUtils.java:logGet(43)) - raft.server.sleep.deviation.threshold = 300 (default)
2019-11-15 01:00:24,277 [pool-529-thread-1] INFO  server.RaftServerConfigKeys (ConfUtils.java:logGet(43)) - raft.server.log.appender.install.snapshot.enabled = false (custom)
2019-11-15 01:00:24,277 [pool-529-thread-1] INFO  impl.RaftServerImpl (ServerState.java:<init>(103)) - 10ab2f01-a163-4b0b-bdc9-1962e1c3543b@group-04507F04D4AB: ConfigurationManager, init=-1: [10ab2f01-a163-4b0b-bdc9-1962e1c3543b:192.168.164.208:38174], old=null, confs=<EMPTY_MAP>
2019-11-15 01:00:24,277 [pool-529-thread-1] INFO  server.RaftServerConfigKeys (ConfUtils.java:logGet(43)) - raft.server.storage.dir = [/workdir/hadoop-ozone/integration-test/target/test-dir/MiniOzoneClusterImpl-9b1c7e50-938b-4652-9315-e435b3731240/datanode-2/data/ratis] (custom)
2019-11-15 01:00:24,277 [pool-529-thread-1] INFO  server.RaftServerConfigKeys (ConfUtils.java:logGet(43)) - raft.server.log.corruption.policy = EXCEPTION (default)
2019-11-15 01:00:24,277 [pool-529-thread-1] INFO  storage.RaftStorageDirectory (RaftStorageDirectory.java:analyzeStorage(246)) - The storage directory /workdir/hadoop-ozone/integration-test/target/test-dir/MiniOzoneClusterImpl-9b1c7e50-938b-4652-9315-e435b3731240/datanode-2/data/ratis/9023bfe3-da54-4010-971e-04507f04d4ab does not exist. Creating ...
2019-11-15 01:00:24,291 [pool-529-thread-1] INFO  storage.RaftStorageDirectory (RaftStorageDirectory.java:tryLock(328)) - Lock on /workdir/hadoop-ozone/integration-test/target/test-dir/MiniOzoneClusterImpl-9b1c7e50-938b-4652-9315-e435b3731240/datanode-2/data/ratis/9023bfe3-da54-4010-971e-04507f04d4ab/in_use.lock acquired by nodename 16745@pr-hdds-2442-bxv5b-1523879440
2019-11-15 01:00:24,336 [pool-529-thread-1] INFO  storage.RaftStorage (RaftStorage.java:format(84)) - Storage directory /workdir/hadoop-ozone/integration-test/target/test-dir/MiniOzoneClusterImpl-9b1c7e50-938b-4652-9315-e435b3731240/datanode-2/data/ratis/9023bfe3-da54-4010-971e-04507f04d4ab has been successfully formatted.
2019-11-15 01:00:24,336 [pool-529-thread-1] INFO  ratis.ContainerStateMachine (ContainerStateMachine.java:loadSnapshot(223)) - group-04507F04D4AB: The snapshot info is null. Setting the last applied indexto:(t:0, i:~)
2019-11-15 01:00:24,336 [pool-529-thread-1] INFO  server.RaftServerConfigKeys (ConfUtils.java:logGet(43)) - raft.server.notification.no-leader.timeout = 120s (custom)
2019-11-15 01:00:24,336 [pool-529-thread-1] INFO  server.RaftServerConfigKeys (ConfUtils.java:logGet(43)) - raft.server.log.use.memory = false (default)
2019-11-15 01:00:24,336 [pool-529-thread-1] INFO  server.RaftServerConfigKeys (ConfUtils.java:logGet(43)) - raft.server.log.purge.gap = 1000000 (custom)
2019-11-15 01:00:24,337 [pool-529-thread-1] INFO  server.RaftServerConfigKeys (ConfUtils.java:logGet(43)) - raft.server.log.appender.buffer.byte-limit = 33554432 (custom)
2019-11-15 01:00:24,337 [pool-529-thread-1] INFO  server.RaftServerConfigKeys (ConfUtils.java:logGet(43)) - raft.server.log.segment.size.max = 1048576 (custom)
2019-11-15 01:00:24,337 [pool-529-thread-1] INFO  server.RaftServerConfigKeys (ConfUtils.java:logGet(43)) - raft.server.log.segment.cache.num.max = 2 (custom)
2019-11-15 01:00:24,337 [pool-529-thread-1] INFO  segmented.SegmentedRaftLogWorker (SegmentedRaftLogWorker.java:<init>(173)) - new 10ab2f01-a163-4b0b-bdc9-1962e1c3543b@group-04507F04D4AB-SegmentedRaftLogWorker for RaftStorage:Storage Directory /workdir/hadoop-ozone/integration-test/target/test-dir/MiniOzoneClusterImpl-9b1c7e50-938b-4652-9315-e435b3731240/datanode-2/data/ratis/9023bfe3-da54-4010-971e-04507f04d4ab
2019-11-15 01:00:24,337 [pool-529-thread-1] INFO  server.RaftServerConfigKeys (ConfUtils.java:logGet(43)) - raft.server.log.queue.byte-limit = 2147483647 (custom)
2019-11-15 01:00:24,337 [pool-529-thread-1] INFO  server.RaftServerConfigKeys (ConfUtils.java:logGet(43)) - raft.server.log.queue.element-limit = 1024 (custom)
2019-11-15 01:00:24,337 [pool-529-thread-1] INFO  server.RaftServerConfigKeys (ConfUtils.java:logGet(43)) - raft.server.log.segment.size.max = 1048576 (custom)
2019-11-15 01:00:24,337 [pool-529-thread-1] INFO  server.RaftServerConfigKeys (ConfUtils.java:logGet(43)) - raft.server.log.preallocated.size = 16384 (custom)
2019-11-15 01:00:24,337 [pool-529-thread-1] INFO  server.RaftServerConfigKeys (ConfUtils.java:logGet(43)) - raft.server.log.write.buffer.size = 33554432 (custom)
2019-11-15 01:00:24,337 [pool-529-thread-1] INFO  server.RaftServerConfigKeys (ConfUtils.java:logGet(43)) - raft.server.log.force.sync.num = 128 (default)
2019-11-15 01:00:24,337 [pool-529-thread-1] INFO  server.RaftServerConfigKeys (ConfUtils.java:logGet(43)) - raft.server.log.statemachine.data.sync = true (default)
2019-11-15 01:00:24,338 [pool-529-thread-1] INFO  server.RaftServerConfigKeys (ConfUtils.java:logGet(43)) - raft.server.log.statemachine.data.sync.timeout = 10s (default)
2019-11-15 01:00:24,338 [pool-529-thread-1] INFO  server.RaftServerConfigKeys (ConfUtils.java:logGet(43)) - raft.server.log.statemachine.data.sync.timeout.retry = -1 (default)
2019-11-15 01:00:24,338 [pool-529-thread-1] INFO  server.RaftServerConfigKeys (ConfUtils.java:logGet(43)) - raft.server.log.statemachine.data.caching.enabled = true (custom)
2019-11-15 01:00:24,338 [pool-529-thread-1] INFO  segmented.SegmentedRaftLogWorker (SegmentedRaftLogWorker.java:lambda$new$0(128)) - 10ab2f01-a163-4b0b-bdc9-1962e1c3543b@group-04507F04D4AB-SegmentedRaftLogWorker: flushIndex: setUnconditionally 0 -> -1
2019-11-15 01:00:24,338 [pool-529-thread-1] INFO  server.RaftServerConfigKeys (ConfUtils.java:logGet(43)) - raft.server.snapshot.auto.trigger.enabled = true (custom)
2019-11-15 01:00:24,338 [pool-529-thread-1] INFO  server.RaftServerConfigKeys (ConfUtils.java:logGet(43)) - raft.server.snapshot.auto.trigger.threshold = 10000 (custom)
2019-11-15 01:00:24,338 [pool-529-thread-1] INFO  server.RaftServerConfigKeys (ConfUtils.java:logGet(43)) - raft.server.snapshot.retention.file.num = 5 (custom)
2019-11-15 01:00:24,338 [pool-529-thread-1] INFO  server.RaftServerConfigKeys (ConfUtils.java:logGet(43)) - raft.server.retrycache.expirytime = 600000ms (custom)
2019-11-15 01:00:24,339 [pool-529-thread-1] WARN  impl.MetricRegistriesImpl (MetricRegistriesImpl.java:lambda$create$1(61)) - First MetricRegistry has been created without registering reporters. You may need to call MetricRegistries.global().addReportRegistration(...) before.
2019-11-15 01:00:24,339 [pool-529-thread-1] WARN  impl.MetricRegistriesImpl (MetricRegistriesImpl.java:lambda$create$1(61)) - First MetricRegistry has been created without registering reporters. You may need to call MetricRegistries.global().addReportRegistration(...) before.
2019-11-15 01:00:24,339 [pool-529-thread-1] INFO  impl.RaftServerImpl (RaftServerImpl.java:start(184)) - 10ab2f01-a163-4b0b-bdc9-1962e1c3543b@group-04507F04D4AB: start as a follower, conf=-1: [10ab2f01-a163-4b0b-bdc9-1962e1c3543b:192.168.164.208:38174], old=null
2019-11-15 01:00:24,339 [pool-529-thread-1] INFO  impl.RaftServerImpl (RaftServerImpl.java:setRole(173)) - 10ab2f01-a163-4b0b-bdc9-1962e1c3543b@group-04507F04D4AB: changes role from      null to FOLLOWER at term 0 for startAsFollower
2019-11-15 01:00:24,339 [pool-529-thread-1] INFO  impl.RoleInfo (RoleInfo.java:updateAndGet(143)) - 10ab2f01-a163-4b0b-bdc9-1962e1c3543b: start FollowerState
2019-11-15 01:00:24,339 [pool-529-thread-1] INFO  util.JmxRegister (JmxRegister.java:tryRegister(44)) - Successfully registered JMX Bean with object name Ratis:service=RaftServer,group=group-04507F04D4AB,id=10ab2f01-a163-4b0b-bdc9-1962e1c3543b
2019-11-15 01:00:24,339 [pool-529-thread-1] WARN  impl.MetricRegistriesImpl (MetricRegistriesImpl.java:lambda$create$1(61)) - First MetricRegistry has been created without registering reporters. You may need to call MetricRegistries.global().addReportRegistration(...) before.
2019-11-15 01:00:24,341 [RatisPipelineUtilsThread] INFO  pipeline.PipelineStateManager (PipelineStateManager.java:addPipeline(55)) - Created pipeline Pipeline[ Id: 9023bfe3-da54-4010-971e-04507f04d4ab, Nodes: 10ab2f01-a163-4b0b-bdc9-1962e1c3543b{ip: 192.168.164.208, host: pr-hdds-2442-bxv5b-1523879440, networkLocation: /rack1, certSerialId: null}, Type:RATIS, Factor:ONE, State:ALLOCATED]
2019-11-15 01:00:24,342 [Thread-4198] INFO  pipeline.PipelineStateManager (PipelineStateManager.java:finalizePipeline(121)) - Pipeline Pipeline[ Id: 3150d911-3559-45ca-ab84-db30e9ac24b4, Nodes: 10ab2f01-a163-4b0b-bdc9-1962e1c3543b{ip: 192.168.164.208, host: pr-hdds-2442-bxv5b-1523879440, networkLocation: /rack1, certSerialId: null}0e91382f-cc67-4c48-b6bb-37ad8c3df0fd{ip: 192.168.164.208, host: pr-hdds-2442-bxv5b-1523879440, networkLocation: /rack1, certSerialId: null}212c8f8f-349a-4c94-b732-b4c0454eae1b{ip: 192.168.164.208, host: pr-hdds-2442-bxv5b-1523879440, networkLocation: /rack1, certSerialId: null}, Type:RATIS, Factor:THREE, State:CLOSED] moved to CLOSED state
2019-11-15 01:00:24,344 [grpc-default-executor-5] INFO  impl.RaftServerProxy (RaftServerProxy.java:remove(95)) - 10ab2f01-a163-4b0b-bdc9-1962e1c3543b: remove  FOLLOWER 10ab2f01-a163-4b0b-bdc9-1962e1c3543b@group-DB30E9AC24B4:t1, leader=212c8f8f-349a-4c94-b732-b4c0454eae1b, voted=212c8f8f-349a-4c94-b732-b4c0454eae1b, raftlog=10ab2f01-a163-4b0b-bdc9-1962e1c3543b@group-DB30E9AC24B4-SegmentedRaftLog:OPENED:c0,f0,i0, conf=0: [0e91382f-cc67-4c48-b6bb-37ad8c3df0fd:192.168.164.208:33069, 10ab2f01-a163-4b0b-bdc9-1962e1c3543b:192.168.164.208:38174, 212c8f8f-349a-4c94-b732-b4c0454eae1b:192.168.164.208:37073], old=null RUNNING
2019-11-15 01:00:24,344 [grpc-default-executor-5] INFO  impl.RaftServerImpl (RaftServerImpl.java:lambda$shutdown$3(250)) - 10ab2f01-a163-4b0b-bdc9-1962e1c3543b@group-DB30E9AC24B4: shutdown
2019-11-15 01:00:24,345 [grpc-default-executor-5] INFO  util.JmxRegister (JmxRegister.java:unregister(73)) - Successfully un-registered JMX Bean with object name Ratis:service=RaftServer,group=group-DB30E9AC24B4,id=10ab2f01-a163-4b0b-bdc9-1962e1c3543b
2019-11-15 01:00:24,345 [grpc-default-executor-5] INFO  impl.RoleInfo (RoleInfo.java:shutdownFollowerState(121)) - 10ab2f01-a163-4b0b-bdc9-1962e1c3543b: shutdown FollowerState
2019-11-15 01:00:24,345 [grpc-default-executor-5] INFO  impl.StateMachineUpdater (StateMachineUpdater.java:stopAndJoin(136)) - 10ab2f01-a163-4b0b-bdc9-1962e1c3543b@group-DB30E9AC24B4-StateMachineUpdater: set stopIndex = 0
2019-11-15 01:00:24,345 [Thread-4263] INFO  impl.FollowerState (FollowerState.java:run(120)) - 10ab2f01-a163-4b0b-bdc9-1962e1c3543b@group-DB30E9AC24B4-FollowerState was interrupted: java.lang.InterruptedException: sleep interrupted
2019-11-15 01:00:24,345 [grpc-default-executor-5] INFO  impl.RaftServerImpl (ServerState.java:close(387)) - 10ab2f01-a163-4b0b-bdc9-1962e1c3543b@group-DB30E9AC24B4: closes. applyIndex: 0
2019-11-15 01:00:24,345 [10ab2f01-a163-4b0b-bdc9-1962e1c3543b@group-DB30E9AC24B4-SegmentedRaftLogWorker] INFO  segmented.SegmentedRaftLogWorker (SegmentedRaftLogWorker.java:run(316)) - 10ab2f01-a163-4b0b-bdc9-1962e1c3543b@group-DB30E9AC24B4-SegmentedRaftLogWorker was interrupted, exiting. There are 0 tasks remaining in the queue.
2019-11-15 01:00:24,346 [grpc-default-executor-5] INFO  segmented.SegmentedRaftLogWorker (SegmentedRaftLogWorker.java:close(224)) - 10ab2f01-a163-4b0b-bdc9-1962e1c3543b@group-DB30E9AC24B4-SegmentedRaftLogWorker close()
2019-11-15 01:00:24,351 [grpc-default-executor-5] INFO  impl.RaftServerProxy (RaftServerProxy.java:remove(95)) - 0e91382f-cc67-4c48-b6bb-37ad8c3df0fd: remove  FOLLOWER 0e91382f-cc67-4c48-b6bb-37ad8c3df0fd@group-DB30E9AC24B4:t1, leader=212c8f8f-349a-4c94-b732-b4c0454eae1b, voted=212c8f8f-349a-4c94-b732-b4c0454eae1b, raftlog=0e91382f-cc67-4c48-b6bb-37ad8c3df0fd@group-DB30E9AC24B4-SegmentedRaftLog:OPENED:c0,f0,i0, conf=0: [0e91382f-cc67-4c48-b6bb-37ad8c3df0fd:192.168.164.208:33069, 10ab2f01-a163-4b0b-bdc9-1962e1c3543b:192.168.164.208:38174, 212c8f8f-349a-4c94-b732-b4c0454eae1b:192.168.164.208:37073], old=null RUNNING
2019-11-15 01:00:24,352 [grpc-default-executor-5] INFO  impl.RaftServerImpl (RaftServerImpl.java:lambda$shutdown$3(250)) - 0e91382f-cc67-4c48-b6bb-37ad8c3df0fd@group-DB30E9AC24B4: shutdown
2019-11-15 01:00:24,352 [grpc-default-executor-5] INFO  util.JmxRegister (JmxRegister.java:unregister(73)) - Successfully un-registered JMX Bean with object name Ratis:service=RaftServer,group=group-DB30E9AC24B4,id=0e91382f-cc67-4c48-b6bb-37ad8c3df0fd
2019-11-15 01:00:24,352 [grpc-default-executor-5] INFO  impl.RoleInfo (RoleInfo.java:shutdownFollowerState(121)) - 0e91382f-cc67-4c48-b6bb-37ad8c3df0fd: shutdown FollowerState
2019-11-15 01:00:24,352 [grpc-default-executor-5] INFO  impl.StateMachineUpdater (StateMachineUpdater.java:stopAndJoin(136)) - 0e91382f-cc67-4c48-b6bb-37ad8c3df0fd@group-DB30E9AC24B4-StateMachineUpdater: set stopIndex = 0
2019-11-15 01:00:24,352 [Thread-4261] INFO  impl.FollowerState (FollowerState.java:run(120)) - 0e91382f-cc67-4c48-b6bb-37ad8c3df0fd@group-DB30E9AC24B4-FollowerState was interrupted: java.lang.InterruptedException: sleep interrupted
2019-11-15 01:00:24,352 [grpc-default-executor-5] INFO  impl.RaftServerImpl (ServerState.java:close(387)) - 0e91382f-cc67-4c48-b6bb-37ad8c3df0fd@group-DB30E9AC24B4: closes. applyIndex: 0
2019-11-15 01:00:24,353 [0e91382f-cc67-4c48-b6bb-37ad8c3df0fd@group-DB30E9AC24B4-SegmentedRaftLogWorker] INFO  segmented.SegmentedRaftLogWorker (SegmentedRaftLogWorker.java:run(316)) - 0e91382f-cc67-4c48-b6bb-37ad8c3df0fd@group-DB30E9AC24B4-SegmentedRaftLogWorker was interrupted, exiting. There are 0 tasks remaining in the queue.
2019-11-15 01:00:24,353 [grpc-default-executor-5] INFO  segmented.SegmentedRaftLogWorker (SegmentedRaftLogWorker.java:close(224)) - 0e91382f-cc67-4c48-b6bb-37ad8c3df0fd@group-DB30E9AC24B4-SegmentedRaftLogWorker close()
2019-11-15 01:00:24,360 [grpc-default-executor-5] INFO  impl.RaftServerProxy (RaftServerProxy.java:remove(95)) - 212c8f8f-349a-4c94-b732-b4c0454eae1b: remove    LEADER 212c8f8f-349a-4c94-b732-b4c0454eae1b@group-DB30E9AC24B4:t1, leader=212c8f8f-349a-4c94-b732-b4c0454eae1b, voted=212c8f8f-349a-4c94-b732-b4c0454eae1b, raftlog=212c8f8f-349a-4c94-b732-b4c0454eae1b@group-DB30E9AC24B4-SegmentedRaftLog:OPENED:c0,f0,i0, conf=0: [0e91382f-cc67-4c48-b6bb-37ad8c3df0fd:192.168.164.208:33069, 10ab2f01-a163-4b0b-bdc9-1962e1c3543b:192.168.164.208:38174, 212c8f8f-349a-4c94-b732-b4c0454eae1b:192.168.164.208:37073], old=null RUNNING
2019-11-15 01:00:24,360 [grpc-default-executor-5] INFO  impl.RaftServerImpl (RaftServerImpl.java:lambda$shutdown$3(250)) - 212c8f8f-349a-4c94-b732-b4c0454eae1b@group-DB30E9AC24B4: shutdown
2019-11-15 01:00:24,360 [grpc-default-executor-5] INFO  util.JmxRegister (JmxRegister.java:unregister(73)) - Successfully un-registered JMX Bean with object name Ratis:service=RaftServer,group=group-DB30E9AC24B4,id=212c8f8f-349a-4c94-b732-b4c0454eae1b
2019-11-15 01:00:24,361 [grpc-default-executor-5] INFO  impl.RoleInfo (RoleInfo.java:shutdownLeaderState(104)) - 212c8f8f-349a-4c94-b732-b4c0454eae1b: shutdown LeaderState
2019-11-15 01:00:24,365 [org.apache.ratis.server.impl.LogAppender$AppenderDaemon$$Lambda$466/1042245461@c14e141] WARN  server.GrpcLogAppender (GrpcLogAppender.java:mayWait(151)) - 212c8f8f-349a-4c94-b732-b4c0454eae1b@group-DB30E9AC24B4->10ab2f01-a163-4b0b-bdc9-1962e1c3543b-GrpcLogAppender: Wait interrupted by java.lang.InterruptedException
2019-11-15 01:00:24,365 [grpc-default-executor-5] INFO  impl.PendingRequests (PendingRequests.java:sendNotLeaderResponses(206)) - 212c8f8f-349a-4c94-b732-b4c0454eae1b@group-DB30E9AC24B4-PendingRequests: sendNotLeaderResponses
2019-11-15 01:00:24,366 [org.apache.ratis.server.impl.LogAppender$AppenderDaemon$$Lambda$466/1042245461@49166607] WARN  server.GrpcLogAppender (GrpcLogAppender.java:mayWait(151)) - 212c8f8f-349a-4c94-b732-b4c0454eae1b@group-DB30E9AC24B4->0e91382f-cc67-4c48-b6bb-37ad8c3df0fd-GrpcLogAppender: Wait interrupted by java.lang.InterruptedException
2019-11-15 01:00:24,366 [grpc-default-executor-5] INFO  impl.StateMachineUpdater (StateMachineUpdater.java:stopAndJoin(136)) - 212c8f8f-349a-4c94-b732-b4c0454eae1b@group-DB30E9AC24B4-StateMachineUpdater: set stopIndex = 0
2019-11-15 01:00:24,366 [grpc-default-executor-3] INFO  server.GrpcServerProtocolService (GrpcServerProtocolService.java:onCompleted(113)) - 10ab2f01-a163-4b0b-bdc9-1962e1c3543b: Completed APPEND_ENTRIES, lastRequest: 212c8f8f-349a-4c94-b732-b4c0454eae1b->10ab2f01-a163-4b0b-bdc9-1962e1c3543b#5-t1, previous=(t:1, i:0), leaderCommit=0, initializing? false, entries: <empty>
2019-11-15 01:00:24,367 [grpc-default-executor-5] INFO  impl.RaftServerImpl (ServerState.java:close(387)) - 212c8f8f-349a-4c94-b732-b4c0454eae1b@group-DB30E9AC24B4: closes. applyIndex: 0
2019-11-15 01:00:24,367 [grpc-default-executor-0] INFO  server.GrpcServerProtocolService (GrpcServerProtocolService.java:onCompleted(113)) - 0e91382f-cc67-4c48-b6bb-37ad8c3df0fd: Completed APPEND_ENTRIES, lastRequest: 212c8f8f-349a-4c94-b732-b4c0454eae1b->0e91382f-cc67-4c48-b6bb-37ad8c3df0fd#5-t1, previous=(t:1, i:0), leaderCommit=0, initializing? false, entries: <empty>
2019-11-15 01:00:24,367 [212c8f8f-349a-4c94-b732-b4c0454eae1b@group-DB30E9AC24B4-SegmentedRaftLogWorker] INFO  segmented.SegmentedRaftLogWorker (SegmentedRaftLogWorker.java:run(316)) - 212c8f8f-349a-4c94-b732-b4c0454eae1b@group-DB30E9AC24B4-SegmentedRaftLogWorker was interrupted, exiting. There are 0 tasks remaining in the queue.
2019-11-15 01:00:24,367 [grpc-default-executor-3] INFO  server.GrpcLogAppender (GrpcLogAppender.java:onCompleted(308)) - 212c8f8f-349a-4c94-b732-b4c0454eae1b@group-DB30E9AC24B4->10ab2f01-a163-4b0b-bdc9-1962e1c3543b-AppendLogResponseHandler: follower responses appendEntries COMPLETED
2019-11-15 01:00:24,367 [grpc-default-executor-5] INFO  segmented.SegmentedRaftLogWorker (SegmentedRaftLogWorker.java:close(224)) - 212c8f8f-349a-4c94-b732-b4c0454eae1b@group-DB30E9AC24B4-SegmentedRaftLogWorker close()
2019-11-15 01:00:24,367 [grpc-default-executor-0] INFO  server.GrpcLogAppender (GrpcLogAppender.java:onCompleted(308)) - 212c8f8f-349a-4c94-b732-b4c0454eae1b@group-DB30E9AC24B4->0e91382f-cc67-4c48-b6bb-37ad8c3df0fd-AppendLogResponseHandler: follower responses appendEntries COMPLETED
2019-11-15 01:00:24,369 [grpc-default-executor-3] INFO  impl.FollowerInfo (FollowerInfo.java:lambda$new$0(51)) - 212c8f8f-349a-4c94-b732-b4c0454eae1b@group-DB30E9AC24B4->10ab2f01-a163-4b0b-bdc9-1962e1c3543b: nextIndex: updateUnconditionally 1 -> 0
2019-11-15 01:00:24,369 [grpc-default-executor-0] INFO  impl.FollowerInfo (FollowerInfo.java:lambda$new$0(51)) - 212c8f8f-349a-4c94-b732-b4c0454eae1b@group-DB30E9AC24B4->0e91382f-cc67-4c48-b6bb-37ad8c3df0fd: nextIndex: updateUnconditionally 1 -> 0
2019-11-15 01:00:24,370 [Thread-4198] INFO  pipeline.PipelineStateManager (PipelineStateManager.java:removePipeline(106)) - Pipeline Pipeline[ Id: 3150d911-3559-45ca-ab84-db30e9ac24b4, Nodes: 10ab2f01-a163-4b0b-bdc9-1962e1c3543b{ip: 192.168.164.208, host: pr-hdds-2442-bxv5b-1523879440, networkLocation: /rack1, certSerialId: null}0e91382f-cc67-4c48-b6bb-37ad8c3df0fd{ip: 192.168.164.208, host: pr-hdds-2442-bxv5b-1523879440, networkLocation: /rack1, certSerialId: null}212c8f8f-349a-4c94-b732-b4c0454eae1b{ip: 192.168.164.208, host: pr-hdds-2442-bxv5b-1523879440, networkLocation: /rack1, certSerialId: null}, Type:RATIS, Factor:THREE, State:CLOSED] removed from db
2019-11-15 01:00:24,371 [Thread-4198] INFO  pipeline.SCMPipelineManager (SCMPipelineManager.java:finalizeAndDestroyPipeline(315)) - destroying pipeline:Pipeline[ Id: 5b34b55e-f6d1-4398-835a-356fe2ae1da6, Nodes: 87580c89-6647-493a-b156-a806d562b3a1{ip: 192.168.164.208, host: pr-hdds-2442-bxv5b-1523879440, networkLocation: /rack1, certSerialId: null}, Type:RATIS, Factor:ONE, State:OPEN]
2019-11-15 01:00:24,391 [grpc-default-executor-0] INFO  impl.RaftServerProxy (RaftServerProxy.java:addNew(89)) - 212c8f8f-349a-4c94-b732-b4c0454eae1b: addNew group-8C05B86E69BD:[0e91382f-cc67-4c48-b6bb-37ad8c3df0fd:192.168.164.208:33069, 10ab2f01-a163-4b0b-bdc9-1962e1c3543b:192.168.164.208:38174, 212c8f8f-349a-4c94-b732-b4c0454eae1b:192.168.164.208:37073] returns group-8C05B86E69BD:java.util.concurrent.CompletableFuture@5e082209[Not completed]
2019-11-15 01:00:24,393 [pool-519-thread-1] INFO  impl.RaftServerImpl (RaftServerImpl.java:<init>(98)) - 212c8f8f-349a-4c94-b732-b4c0454eae1b: new RaftServerImpl for group-8C05B86E69BD:[0e91382f-cc67-4c48-b6bb-37ad8c3df0fd:192.168.164.208:33069, 10ab2f01-a163-4b0b-bdc9-1962e1c3543b:192.168.164.208:38174, 212c8f8f-349a-4c94-b732-b4c0454eae1b:192.168.164.208:37073] with ContainerStateMachine:uninitialized
2019-11-15 01:00:24,393 [pool-519-thread-1] INFO  server.RaftServerConfigKeys (ConfUtils.java:logGet(43)) - raft.server.rpc.timeout.min = 1s (custom)
2019-11-15 01:00:24,393 [pool-519-thread-1] INFO  server.RaftServerConfigKeys (ConfUtils.java:logGet(43)) - raft.server.rpc.timeout.max = 1200ms (custom)
2019-11-15 01:00:24,393 [pool-519-thread-1] INFO  server.RaftServerConfigKeys (ConfUtils.java:logGet(43)) - raft.server.rpcslowness.timeout = 120s (custom)
2019-11-15 01:00:24,393 [pool-519-thread-1] INFO  server.RaftServerConfigKeys (ConfUtils.java:logGet(43)) - raft.server.sleep.deviation.threshold = 300 (default)
2019-11-15 01:00:24,393 [pool-519-thread-1] INFO  server.RaftServerConfigKeys (ConfUtils.java:logGet(43)) - raft.server.log.appender.install.snapshot.enabled = false (custom)
2019-11-15 01:00:24,393 [pool-519-thread-1] INFO  impl.RaftServerImpl (ServerState.java:<init>(103)) - 212c8f8f-349a-4c94-b732-b4c0454eae1b@group-8C05B86E69BD: ConfigurationManager, init=-1: [0e91382f-cc67-4c48-b6bb-37ad8c3df0fd:192.168.164.208:33069, 10ab2f01-a163-4b0b-bdc9-1962e1c3543b:192.168.164.208:38174, 212c8f8f-349a-4c94-b732-b4c0454eae1b:192.168.164.208:37073], old=null, confs=<EMPTY_MAP>
2019-11-15 01:00:24,394 [pool-519-thread-1] INFO  server.RaftServerConfigKeys (ConfUtils.java:logGet(43)) - raft.server.storage.dir = [/workdir/hadoop-ozone/integration-test/target/test-dir/MiniOzoneClusterImpl-9b1c7e50-938b-4652-9315-e435b3731240/datanode-1/data/ratis] (custom)
2019-11-15 01:00:24,394 [pool-519-thread-1] INFO  server.RaftServerConfigKeys (ConfUtils.java:logGet(43)) - raft.server.log.corruption.policy = EXCEPTION (default)
2019-11-15 01:00:24,394 [pool-519-thread-1] INFO  storage.RaftStorageDirectory (RaftStorageDirectory.java:analyzeStorage(246)) - The storage directory /workdir/hadoop-ozone/integration-test/target/test-dir/MiniOzoneClusterImpl-9b1c7e50-938b-4652-9315-e435b3731240/datanode-1/data/ratis/0f00ac25-c772-4514-9910-8c05b86e69bd does not exist. Creating ...
2019-11-15 01:00:24,395 [grpc-default-executor-0] INFO  impl.RaftServerProxy (RaftServerProxy.java:addNew(89)) - 10ab2f01-a163-4b0b-bdc9-1962e1c3543b: addNew group-8C05B86E69BD:[0e91382f-cc67-4c48-b6bb-37ad8c3df0fd:192.168.164.208:33069, 10ab2f01-a163-4b0b-bdc9-1962e1c3543b:192.168.164.208:38174, 212c8f8f-349a-4c94-b732-b4c0454eae1b:192.168.164.208:37073] returns group-8C05B86E69BD:java.util.concurrent.CompletableFuture@7b56afd7[Not completed]
2019-11-15 01:00:24,396 [grpc-default-executor-5] INFO  impl.RaftServerProxy (RaftServerProxy.java:addNew(89)) - 0e91382f-cc67-4c48-b6bb-37ad8c3df0fd: addNew group-8C05B86E69BD:[0e91382f-cc67-4c48-b6bb-37ad8c3df0fd:192.168.164.208:33069, 10ab2f01-a163-4b0b-bdc9-1962e1c3543b:192.168.164.208:38174, 212c8f8f-349a-4c94-b732-b4c0454eae1b:192.168.164.208:37073] returns group-8C05B86E69BD:java.util.concurrent.CompletableFuture@3ce4cc8[Not completed]
2019-11-15 01:00:24,397 [pool-529-thread-1] INFO  impl.RaftServerImpl (RaftServerImpl.java:<init>(98)) - 10ab2f01-a163-4b0b-bdc9-1962e1c3543b: new RaftServerImpl for group-8C05B86E69BD:[0e91382f-cc67-4c48-b6bb-37ad8c3df0fd:192.168.164.208:33069, 10ab2f01-a163-4b0b-bdc9-1962e1c3543b:192.168.164.208:38174, 212c8f8f-349a-4c94-b732-b4c0454eae1b:192.168.164.208:37073] with ContainerStateMachine:uninitialized
2019-11-15 01:00:24,397 [pool-529-thread-1] INFO  server.RaftServerConfigKeys (ConfUtils.java:logGet(43)) - raft.server.rpc.timeout.min = 1s (custom)
2019-11-15 01:00:24,397 [pool-529-thread-1] INFO  server.RaftServerConfigKeys (ConfUtils.java:logGet(43)) - raft.server.rpc.timeout.max = 1200ms (custom)
2019-11-15 01:00:24,397 [pool-529-thread-1] INFO  server.RaftServerConfigKeys (ConfUtils.java:logGet(43)) - raft.server.rpcslowness.timeout = 120s (custom)
2019-11-15 01:00:24,397 [pool-529-thread-1] INFO  server.RaftServerConfigKeys (ConfUtils.java:logGet(43)) - raft.server.sleep.deviation.threshold = 300 (default)
2019-11-15 01:00:24,397 [pool-529-thread-1] INFO  server.RaftServerConfigKeys (ConfUtils.java:logGet(43)) - raft.server.log.appender.install.snapshot.enabled = false (custom)
2019-11-15 01:00:24,397 [pool-529-thread-1] INFO  impl.RaftServerImpl (ServerState.java:<init>(103)) - 10ab2f01-a163-4b0b-bdc9-1962e1c3543b@group-8C05B86E69BD: ConfigurationManager, init=-1: [0e91382f-cc67-4c48-b6bb-37ad8c3df0fd:192.168.164.208:33069, 10ab2f01-a163-4b0b-bdc9-1962e1c3543b:192.168.164.208:38174, 212c8f8f-349a-4c94-b732-b4c0454eae1b:192.168.164.208:37073], old=null, confs=<EMPTY_MAP>
2019-11-15 01:00:24,397 [pool-509-thread-1] INFO  impl.RaftServerImpl (RaftServerImpl.java:<init>(98)) - 0e91382f-cc67-4c48-b6bb-37ad8c3df0fd: new RaftServerImpl for group-8C05B86E69BD:[0e91382f-cc67-4c48-b6bb-37ad8c3df0fd:192.168.164.208:33069, 10ab2f01-a163-4b0b-bdc9-1962e1c3543b:192.168.164.208:38174, 212c8f8f-349a-4c94-b732-b4c0454eae1b:192.168.164.208:37073] with ContainerStateMachine:uninitialized
2019-11-15 01:00:24,397 [pool-529-thread-1] INFO  server.RaftServerConfigKeys (ConfUtils.java:logGet(43)) - raft.server.storage.dir = [/workdir/hadoop-ozone/integration-test/target/test-dir/MiniOzoneClusterImpl-9b1c7e50-938b-4652-9315-e435b3731240/datanode-2/data/ratis] (custom)
2019-11-15 01:00:24,398 [pool-509-thread-1] INFO  server.RaftServerConfigKeys (ConfUtils.java:logGet(43)) - raft.server.rpc.timeout.min = 1s (custom)
2019-11-15 01:00:24,398 [pool-529-thread-1] INFO  server.RaftServerConfigKeys (ConfUtils.java:logGet(43)) - raft.server.log.corruption.policy = EXCEPTION (default)
2019-11-15 01:00:24,398 [pool-509-thread-1] INFO  server.RaftServerConfigKeys (ConfUtils.java:logGet(43)) - raft.server.rpc.timeout.max = 1200ms (custom)
2019-11-15 01:00:24,398 [pool-529-thread-1] INFO  storage.RaftStorageDirectory (RaftStorageDirectory.java:analyzeStorage(246)) - The storage directory /workdir/hadoop-ozone/integration-test/target/test-dir/MiniOzoneClusterImpl-9b1c7e50-938b-4652-9315-e435b3731240/datanode-2/data/ratis/0f00ac25-c772-4514-9910-8c05b86e69bd does not exist. Creating ...
2019-11-15 01:00:24,398 [pool-509-thread-1] INFO  server.RaftServerConfigKeys (ConfUtils.java:logGet(43)) - raft.server.rpcslowness.timeout = 120s (custom)
2019-11-15 01:00:24,399 [pool-509-thread-1] INFO  server.RaftServerConfigKeys (ConfUtils.java:logGet(43)) - raft.server.sleep.deviation.threshold = 300 (default)
2019-11-15 01:00:24,399 [pool-509-thread-1] INFO  server.RaftServerConfigKeys (ConfUtils.java:logGet(43)) - raft.server.log.appender.install.snapshot.enabled = false (custom)
2019-11-15 01:00:24,399 [pool-509-thread-1] INFO  impl.RaftServerImpl (ServerState.java:<init>(103)) - 0e91382f-cc67-4c48-b6bb-37ad8c3df0fd@group-8C05B86E69BD: ConfigurationManager, init=-1: [0e91382f-cc67-4c48-b6bb-37ad8c3df0fd:192.168.164.208:33069, 10ab2f01-a163-4b0b-bdc9-1962e1c3543b:192.168.164.208:38174, 212c8f8f-349a-4c94-b732-b4c0454eae1b:192.168.164.208:37073], old=null, confs=<EMPTY_MAP>
2019-11-15 01:00:24,399 [pool-509-thread-1] INFO  server.RaftServerConfigKeys (ConfUtils.java:logGet(43)) - raft.server.storage.dir = [/workdir/hadoop-ozone/integration-test/target/test-dir/MiniOzoneClusterImpl-9b1c7e50-938b-4652-9315-e435b3731240/datanode-0/data/ratis] (custom)
2019-11-15 01:00:24,399 [pool-509-thread-1] INFO  server.RaftServerConfigKeys (ConfUtils.java:logGet(43)) - raft.server.log.corruption.policy = EXCEPTION (default)
2019-11-15 01:00:24,399 [pool-509-thread-1] INFO  storage.RaftStorageDirectory (RaftStorageDirectory.java:analyzeStorage(246)) - The storage directory /workdir/hadoop-ozone/integration-test/target/test-dir/MiniOzoneClusterImpl-9b1c7e50-938b-4652-9315-e435b3731240/datanode-0/data/ratis/0f00ac25-c772-4514-9910-8c05b86e69bd does not exist. Creating ...
2019-11-15 01:00:24,420 [pool-529-thread-1] INFO  storage.RaftStorageDirectory (RaftStorageDirectory.java:tryLock(328)) - Lock on /workdir/hadoop-ozone/integration-test/target/test-dir/MiniOzoneClusterImpl-9b1c7e50-938b-4652-9315-e435b3731240/datanode-2/data/ratis/0f00ac25-c772-4514-9910-8c05b86e69bd/in_use.lock acquired by nodename 16745@pr-hdds-2442-bxv5b-1523879440
2019-11-15 01:00:24,420 [pool-509-thread-1] INFO  storage.RaftStorageDirectory (RaftStorageDirectory.java:tryLock(328)) - Lock on /workdir/hadoop-ozone/integration-test/target/test-dir/MiniOzoneClusterImpl-9b1c7e50-938b-4652-9315-e435b3731240/datanode-0/data/ratis/0f00ac25-c772-4514-9910-8c05b86e69bd/in_use.lock acquired by nodename 16745@pr-hdds-2442-bxv5b-1523879440
2019-11-15 01:00:24,420 [pool-519-thread-1] INFO  storage.RaftStorageDirectory (RaftStorageDirectory.java:tryLock(328)) - Lock on /workdir/hadoop-ozone/integration-test/target/test-dir/MiniOzoneClusterImpl-9b1c7e50-938b-4652-9315-e435b3731240/datanode-1/data/ratis/0f00ac25-c772-4514-9910-8c05b86e69bd/in_use.lock acquired by nodename 16745@pr-hdds-2442-bxv5b-1523879440
2019-11-15 01:00:24,445 [pool-529-thread-1] INFO  storage.RaftStorage (RaftStorage.java:format(84)) - Storage directory /workdir/hadoop-ozone/integration-test/target/test-dir/MiniOzoneClusterImpl-9b1c7e50-938b-4652-9315-e435b3731240/datanode-2/data/ratis/0f00ac25-c772-4514-9910-8c05b86e69bd has been successfully formatted.
2019-11-15 01:00:24,445 [pool-509-thread-1] INFO  storage.RaftStorage (RaftStorage.java:format(84)) - Storage directory /workdir/hadoop-ozone/integration-test/target/test-dir/MiniOzoneClusterImpl-9b1c7e50-938b-4652-9315-e435b3731240/datanode-0/data/ratis/0f00ac25-c772-4514-9910-8c05b86e69bd has been successfully formatted.
2019-11-15 01:00:24,445 [pool-519-thread-1] INFO  storage.RaftStorage (RaftStorage.java:format(84)) - Storage directory /workdir/hadoop-ozone/integration-test/target/test-dir/MiniOzoneClusterImpl-9b1c7e50-938b-4652-9315-e435b3731240/datanode-1/data/ratis/0f00ac25-c772-4514-9910-8c05b86e69bd has been successfully formatted.
2019-11-15 01:00:24,446 [pool-509-thread-1] INFO  ratis.ContainerStateMachine (ContainerStateMachine.java:loadSnapshot(223)) - group-8C05B86E69BD: The snapshot info is null. Setting the last applied indexto:(t:0, i:~)
2019-11-15 01:00:24,445 [pool-529-thread-1] INFO  ratis.ContainerStateMachine (ContainerStateMachine.java:loadSnapshot(223)) - group-8C05B86E69BD: The snapshot info is null. Setting the last applied indexto:(t:0, i:~)
2019-11-15 01:00:24,446 [pool-509-thread-1] INFO  server.RaftServerConfigKeys (ConfUtils.java:logGet(43)) - raft.server.notification.no-leader.timeout = 120s (custom)
2019-11-15 01:00:24,446 [pool-519-thread-1] INFO  ratis.ContainerStateMachine (ContainerStateMachine.java:loadSnapshot(223)) - group-8C05B86E69BD: The snapshot info is null. Setting the last applied indexto:(t:0, i:~)
2019-11-15 01:00:24,446 [pool-509-thread-1] INFO  server.RaftServerConfigKeys (ConfUtils.java:logGet(43)) - raft.server.log.use.memory = false (default)
2019-11-15 01:00:24,446 [pool-529-thread-1] INFO  server.RaftServerConfigKeys (ConfUtils.java:logGet(43)) - raft.server.notification.no-leader.timeout = 120s (custom)
2019-11-15 01:00:24,446 [pool-509-thread-1] INFO  server.RaftServerConfigKeys (ConfUtils.java:logGet(43)) - raft.server.log.purge.gap = 1000000 (custom)
2019-11-15 01:00:24,446 [pool-519-thread-1] INFO  server.RaftServerConfigKeys (ConfUtils.java:logGet(43)) - raft.server.notification.no-leader.timeout = 120s (custom)
2019-11-15 01:00:24,446 [pool-509-thread-1] INFO  server.RaftServerConfigKeys (ConfUtils.java:logGet(43)) - raft.server.log.appender.buffer.byte-limit = 33554432 (custom)
2019-11-15 01:00:24,446 [pool-529-thread-1] INFO  server.RaftServerConfigKeys (ConfUtils.java:logGet(43)) - raft.server.log.use.memory = false (default)
2019-11-15 01:00:24,446 [pool-509-thread-1] INFO  server.RaftServerConfigKeys (ConfUtils.java:logGet(43)) - raft.server.log.segment.size.max = 1048576 (custom)
2019-11-15 01:00:24,446 [pool-519-thread-1] INFO  server.RaftServerConfigKeys (ConfUtils.java:logGet(43)) - raft.server.log.use.memory = false (default)
2019-11-15 01:00:24,447 [pool-519-thread-1] INFO  server.RaftServerConfigKeys (ConfUtils.java:logGet(43)) - raft.server.log.purge.gap = 1000000 (custom)
2019-11-15 01:00:24,447 [pool-509-thread-1] INFO  server.RaftServerConfigKeys (ConfUtils.java:logGet(43)) - raft.server.log.segment.cache.num.max = 2 (custom)
2019-11-15 01:00:24,446 [pool-529-thread-1] INFO  server.RaftServerConfigKeys (ConfUtils.java:logGet(43)) - raft.server.log.purge.gap = 1000000 (custom)
2019-11-15 01:00:24,447 [pool-509-thread-1] INFO  segmented.SegmentedRaftLogWorker (SegmentedRaftLogWorker.java:<init>(173)) - new 0e91382f-cc67-4c48-b6bb-37ad8c3df0fd@group-8C05B86E69BD-SegmentedRaftLogWorker for RaftStorage:Storage Directory /workdir/hadoop-ozone/integration-test/target/test-dir/MiniOzoneClusterImpl-9b1c7e50-938b-4652-9315-e435b3731240/datanode-0/data/ratis/0f00ac25-c772-4514-9910-8c05b86e69bd
2019-11-15 01:00:24,447 [pool-519-thread-1] INFO  server.RaftServerConfigKeys (ConfUtils.java:logGet(43)) - raft.server.log.appender.buffer.byte-limit = 33554432 (custom)
2019-11-15 01:00:24,447 [pool-509-thread-1] INFO  server.RaftServerConfigKeys (ConfUtils.java:logGet(43)) - raft.server.log.queue.byte-limit = 2147483647 (custom)
2019-11-15 01:00:24,447 [pool-529-thread-1] INFO  server.RaftServerConfigKeys (ConfUtils.java:logGet(43)) - raft.server.log.appender.buffer.byte-limit = 33554432 (custom)
2019-11-15 01:00:24,447 [pool-509-thread-1] INFO  server.RaftServerConfigKeys (ConfUtils.java:logGet(43)) - raft.server.log.queue.element-limit = 1024 (custom)
2019-11-15 01:00:24,447 [pool-519-thread-1] INFO  server.RaftServerConfigKeys (ConfUtils.java:logGet(43)) - raft.server.log.segment.size.max = 1048576 (custom)
2019-11-15 01:00:24,447 [pool-509-thread-1] INFO  server.RaftServerConfigKeys (ConfUtils.java:logGet(43)) - raft.server.log.segment.size.max = 1048576 (custom)
2019-11-15 01:00:24,447 [pool-529-thread-1] INFO  server.RaftServerConfigKeys (ConfUtils.java:logGet(43)) - raft.server.log.segment.size.max = 1048576 (custom)
2019-11-15 01:00:24,447 [pool-509-thread-1] INFO  server.RaftServerConfigKeys (ConfUtils.java:logGet(43)) - raft.server.log.preallocated.size = 16384 (custom)
2019-11-15 01:00:24,447 [pool-519-thread-1] INFO  server.RaftServerConfigKeys (ConfUtils.java:logGet(43)) - raft.server.log.segment.cache.num.max = 2 (custom)
2019-11-15 01:00:24,448 [pool-509-thread-1] INFO  server.RaftServerConfigKeys (ConfUtils.java:logGet(43)) - raft.server.log.write.buffer.size = 33554432 (custom)
2019-11-15 01:00:24,447 [pool-529-thread-1] INFO  server.RaftServerConfigKeys (ConfUtils.java:logGet(43)) - raft.server.log.segment.cache.num.max = 2 (custom)
2019-11-15 01:00:24,448 [pool-509-thread-1] INFO  server.RaftServerConfigKeys (ConfUtils.java:logGet(43)) - raft.server.log.force.sync.num = 128 (default)
2019-11-15 01:00:24,448 [pool-519-thread-1] INFO  segmented.SegmentedRaftLogWorker (SegmentedRaftLogWorker.java:<init>(173)) - new 212c8f8f-349a-4c94-b732-b4c0454eae1b@group-8C05B86E69BD-SegmentedRaftLogWorker for RaftStorage:Storage Directory /workdir/hadoop-ozone/integration-test/target/test-dir/MiniOzoneClusterImpl-9b1c7e50-938b-4652-9315-e435b3731240/datanode-1/data/ratis/0f00ac25-c772-4514-9910-8c05b86e69bd
2019-11-15 01:00:24,448 [pool-509-thread-1] INFO  server.RaftServerConfigKeys (ConfUtils.java:logGet(43)) - raft.server.log.statemachine.data.sync = true (default)
2019-11-15 01:00:24,448 [pool-529-thread-1] INFO  segmented.SegmentedRaftLogWorker (SegmentedRaftLogWorker.java:<init>(173)) - new 10ab2f01-a163-4b0b-bdc9-1962e1c3543b@group-8C05B86E69BD-SegmentedRaftLogWorker for RaftStorage:Storage Directory /workdir/hadoop-ozone/integration-test/target/test-dir/MiniOzoneClusterImpl-9b1c7e50-938b-4652-9315-e435b3731240/datanode-2/data/ratis/0f00ac25-c772-4514-9910-8c05b86e69bd
2019-11-15 01:00:24,448 [pool-509-thread-1] INFO  server.RaftServerConfigKeys (ConfUtils.java:logGet(43)) - raft.server.log.statemachine.data.sync.timeout = 10s (default)
2019-11-15 01:00:24,448 [pool-519-thread-1] INFO  server.RaftServerConfigKeys (ConfUtils.java:logGet(43)) - raft.server.log.queue.byte-limit = 2147483647 (custom)
2019-11-15 01:00:24,448 [pool-509-thread-1] INFO  server.RaftServerConfigKeys (ConfUtils.java:logGet(43)) - raft.server.log.statemachine.data.sync.timeout.retry = -1 (default)
2019-11-15 01:00:24,448 [pool-529-thread-1] INFO  server.RaftServerConfigKeys (ConfUtils.java:logGet(43)) - raft.server.log.queue.byte-limit = 2147483647 (custom)
2019-11-15 01:00:24,448 [pool-509-thread-1] INFO  server.RaftServerConfigKeys (ConfUtils.java:logGet(43)) - raft.server.log.statemachine.data.caching.enabled = true (custom)
2019-11-15 01:00:24,448 [pool-519-thread-1] INFO  server.RaftServerConfigKeys (ConfUtils.java:logGet(43)) - raft.server.log.queue.element-limit = 1024 (custom)
2019-11-15 01:00:24,448 [pool-529-thread-1] INFO  server.RaftServerConfigKeys (ConfUtils.java:logGet(43)) - raft.server.log.queue.element-limit = 1024 (custom)
2019-11-15 01:00:24,448 [pool-519-thread-1] INFO  server.RaftServerConfigKeys (ConfUtils.java:logGet(43)) - raft.server.log.segment.size.max = 1048576 (custom)
2019-11-15 01:00:24,449 [pool-529-thread-1] INFO  server.RaftServerConfigKeys (ConfUtils.java:logGet(43)) - raft.server.log.segment.size.max = 1048576 (custom)
2019-11-15 01:00:24,449 [pool-509-thread-1] INFO  segmented.SegmentedRaftLogWorker (SegmentedRaftLogWorker.java:lambda$new$0(128)) - 0e91382f-cc67-4c48-b6bb-37ad8c3df0fd@group-8C05B86E69BD-SegmentedRaftLogWorker: flushIndex: setUnconditionally 0 -> -1
2019-11-15 01:00:24,449 [pool-529-thread-1] INFO  server.RaftServerConfigKeys (ConfUtils.java:logGet(43)) - raft.server.log.preallocated.size = 16384 (custom)
2019-11-15 01:00:24,449 [pool-519-thread-1] INFO  server.RaftServerConfigKeys (ConfUtils.java:logGet(43)) - raft.server.log.preallocated.size = 16384 (custom)
2019-11-15 01:00:24,449 [pool-509-thread-1] INFO  server.RaftServerConfigKeys (ConfUtils.java:logGet(43)) - raft.server.snapshot.auto.trigger.enabled = true (custom)
2019-11-15 01:00:24,449 [pool-529-thread-1] INFO  server.RaftServerConfigKeys (ConfUtils.java:logGet(43)) - raft.server.log.write.buffer.size = 33554432 (custom)
2019-11-15 01:00:24,449 [pool-509-thread-1] INFO  server.RaftServerConfigKeys (ConfUtils.java:logGet(43)) - raft.server.snapshot.auto.trigger.threshold = 10000 (custom)
2019-11-15 01:00:24,449 [pool-519-thread-1] INFO  server.RaftServerConfigKeys (ConfUtils.java:logGet(43)) - raft.server.log.write.buffer.size = 33554432 (custom)
2019-11-15 01:00:24,449 [pool-509-thread-1] INFO  server.RaftServerConfigKeys (ConfUtils.java:logGet(43)) - raft.server.snapshot.retention.file.num = 5 (custom)
2019-11-15 01:00:24,449 [pool-529-thread-1] INFO  server.RaftServerConfigKeys (ConfUtils.java:logGet(43)) - raft.server.log.force.sync.num = 128 (default)
2019-11-15 01:00:24,449 [pool-509-thread-1] INFO  server.RaftServerConfigKeys (ConfUtils.java:logGet(43)) - raft.server.retrycache.expirytime = 600000ms (custom)
2019-11-15 01:00:24,449 [pool-519-thread-1] INFO  server.RaftServerConfigKeys (ConfUtils.java:logGet(43)) - raft.server.log.force.sync.num = 128 (default)
2019-11-15 01:00:24,449 [pool-509-thread-1] WARN  impl.MetricRegistriesImpl (MetricRegistriesImpl.java:lambda$create$1(61)) - First MetricRegistry has been created without registering reporters. You may need to call MetricRegistries.global().addReportRegistration(...) before.
2019-11-15 01:00:24,450 [pool-509-thread-1] WARN  impl.MetricRegistriesImpl (MetricRegistriesImpl.java:lambda$create$1(61)) - First MetricRegistry has been created without registering reporters. You may need to call MetricRegistries.global().addReportRegistration(...) before.
2019-11-15 01:00:24,449 [pool-529-thread-1] INFO  server.RaftServerConfigKeys (ConfUtils.java:logGet(43)) - raft.server.log.statemachine.data.sync = true (default)
2019-11-15 01:00:24,449 [pool-519-thread-1] INFO  server.RaftServerConfigKeys (ConfUtils.java:logGet(43)) - raft.server.log.statemachine.data.sync = true (default)
2019-11-15 01:00:24,450 [pool-509-thread-1] INFO  impl.RaftServerImpl (RaftServerImpl.java:start(184)) - 0e91382f-cc67-4c48-b6bb-37ad8c3df0fd@group-8C05B86E69BD: start as a follower, conf=-1: [0e91382f-cc67-4c48-b6bb-37ad8c3df0fd:192.168.164.208:33069, 10ab2f01-a163-4b0b-bdc9-1962e1c3543b:192.168.164.208:38174, 212c8f8f-349a-4c94-b732-b4c0454eae1b:192.168.164.208:37073], old=null
2019-11-15 01:00:24,450 [pool-529-thread-1] INFO  server.RaftServerConfigKeys (ConfUtils.java:logGet(43)) - raft.server.log.statemachine.data.sync.timeout = 10s (default)
2019-11-15 01:00:24,450 [pool-509-thread-1] INFO  impl.RaftServerImpl (RaftServerImpl.java:setRole(173)) - 0e91382f-cc67-4c48-b6bb-37ad8c3df0fd@group-8C05B86E69BD: changes role from      null to FOLLOWER at term 0 for startAsFollower
2019-11-15 01:00:24,450 [pool-519-thread-1] INFO  server.RaftServerConfigKeys (ConfUtils.java:logGet(43)) - raft.server.log.statemachine.data.sync.timeout = 10s (default)
2019-11-15 01:00:24,450 [pool-509-thread-1] INFO  impl.RoleInfo (RoleInfo.java:updateAndGet(143)) - 0e91382f-cc67-4c48-b6bb-37ad8c3df0fd: start FollowerState
2019-11-15 01:00:24,450 [pool-529-thread-1] INFO  server.RaftServerConfigKeys (ConfUtils.java:logGet(43)) - raft.server.log.statemachine.data.sync.timeout.retry = -1 (default)
2019-11-15 01:00:24,450 [pool-519-thread-1] INFO  server.RaftServerConfigKeys (ConfUtils.java:logGet(43)) - raft.server.log.statemachine.data.sync.timeout.retry = -1 (default)
2019-11-15 01:00:24,450 [pool-529-thread-1] INFO  server.RaftServerConfigKeys (ConfUtils.java:logGet(43)) - raft.server.log.statemachine.data.caching.enabled = true (custom)
2019-11-15 01:00:24,450 [pool-519-thread-1] INFO  server.RaftServerConfigKeys (ConfUtils.java:logGet(43)) - raft.server.log.statemachine.data.caching.enabled = true (custom)
2019-11-15 01:00:24,450 [pool-509-thread-1] INFO  util.JmxRegister (JmxRegister.java:tryRegister(44)) - Successfully registered JMX Bean with object name Ratis:service=RaftServer,group=group-8C05B86E69BD,id=0e91382f-cc67-4c48-b6bb-37ad8c3df0fd
2019-11-15 01:00:24,451 [pool-519-thread-1] INFO  segmented.SegmentedRaftLogWorker (SegmentedRaftLogWorker.java:lambda$new$0(128)) - 212c8f8f-349a-4c94-b732-b4c0454eae1b@group-8C05B86E69BD-SegmentedRaftLogWorker: flushIndex: setUnconditionally 0 -> -1
2019-11-15 01:00:24,450 [pool-529-thread-1] INFO  segmented.SegmentedRaftLogWorker (SegmentedRaftLogWorker.java:lambda$new$0(128)) - 10ab2f01-a163-4b0b-bdc9-1962e1c3543b@group-8C05B86E69BD-SegmentedRaftLogWorker: flushIndex: setUnconditionally 0 -> -1
2019-11-15 01:00:24,451 [pool-509-thread-1] WARN  impl.MetricRegistriesImpl (MetricRegistriesImpl.java:lambda$create$1(61)) - First MetricRegistry has been created without registering reporters. You may need to call MetricRegistries.global().addReportRegistration(...) before.
2019-11-15 01:00:24,451 [pool-529-thread-1] INFO  server.RaftServerConfigKeys (ConfUtils.java:logGet(43)) - raft.server.snapshot.auto.trigger.enabled = true (custom)
2019-11-15 01:00:24,451 [pool-519-thread-1] INFO  server.RaftServerConfigKeys (ConfUtils.java:logGet(43)) - raft.server.snapshot.auto.trigger.enabled = true (custom)
2019-11-15 01:00:24,451 [pool-529-thread-1] INFO  server.RaftServerConfigKeys (ConfUtils.java:logGet(43)) - raft.server.snapshot.auto.trigger.threshold = 10000 (custom)
2019-11-15 01:00:24,451 [pool-519-thread-1] INFO  server.RaftServerConfigKeys (ConfUtils.java:logGet(43)) - raft.server.snapshot.auto.trigger.threshold = 10000 (custom)
2019-11-15 01:00:24,451 [pool-529-thread-1] INFO  server.RaftServerConfigKeys (ConfUtils.java:logGet(43)) - raft.server.snapshot.retention.file.num = 5 (custom)
2019-11-15 01:00:24,451 [pool-519-thread-1] INFO  server.RaftServerConfigKeys (ConfUtils.java:logGet(43)) - raft.server.snapshot.retention.file.num = 5 (custom)
2019-11-15 01:00:24,451 [pool-529-thread-1] INFO  server.RaftServerConfigKeys (ConfUtils.java:logGet(43)) - raft.server.retrycache.expirytime = 600000ms (custom)
2019-11-15 01:00:24,451 [pool-519-thread-1] INFO  server.RaftServerConfigKeys (ConfUtils.java:logGet(43)) - raft.server.retrycache.expirytime = 600000ms (custom)
2019-11-15 01:00:24,452 [pool-529-thread-1] WARN  impl.MetricRegistriesImpl (MetricRegistriesImpl.java:lambda$create$1(61)) - First MetricRegistry has been created without registering reporters. You may need to call MetricRegistries.global().addReportRegistration(...) before.
2019-11-15 01:00:24,452 [pool-519-thread-1] WARN  impl.MetricRegistriesImpl (MetricRegistriesImpl.java:lambda$create$1(61)) - First MetricRegistry has been created without registering reporters. You may need to call MetricRegistries.global().addReportRegistration(...) before.
2019-11-15 01:00:24,452 [pool-529-thread-1] WARN  impl.MetricRegistriesImpl (MetricRegistriesImpl.java:lambda$create$1(61)) - First MetricRegistry has been created without registering reporters. You may need to call MetricRegistries.global().addReportRegistration(...) before.
2019-11-15 01:00:24,452 [pool-519-thread-1] WARN  impl.MetricRegistriesImpl (MetricRegistriesImpl.java:lambda$create$1(61)) - First MetricRegistry has been created without registering reporters. You may need to call MetricRegistries.global().addReportRegistration(...) before.
2019-11-15 01:00:24,452 [pool-529-thread-1] INFO  impl.RaftServerImpl (RaftServerImpl.java:start(184)) - 10ab2f01-a163-4b0b-bdc9-1962e1c3543b@group-8C05B86E69BD: start as a follower, conf=-1: [0e91382f-cc67-4c48-b6bb-37ad8c3df0fd:192.168.164.208:33069, 10ab2f01-a163-4b0b-bdc9-1962e1c3543b:192.168.164.208:38174, 212c8f8f-349a-4c94-b732-b4c0454eae1b:192.168.164.208:37073], old=null
2019-11-15 01:00:24,452 [pool-519-thread-1] INFO  impl.RaftServerImpl (RaftServerImpl.java:start(184)) - 212c8f8f-349a-4c94-b732-b4c0454eae1b@group-8C05B86E69BD: start as a follower, conf=-1: [0e91382f-cc67-4c48-b6bb-37ad8c3df0fd:192.168.164.208:33069, 10ab2f01-a163-4b0b-bdc9-1962e1c3543b:192.168.164.208:38174, 212c8f8f-349a-4c94-b732-b4c0454eae1b:192.168.164.208:37073], old=null
2019-11-15 01:00:24,452 [pool-529-thread-1] INFO  impl.RaftServerImpl (RaftServerImpl.java:setRole(173)) - 10ab2f01-a163-4b0b-bdc9-1962e1c3543b@group-8C05B86E69BD: changes role from      null to FOLLOWER at term 0 for startAsFollower
2019-11-15 01:00:24,452 [pool-519-thread-1] INFO  impl.RaftServerImpl (RaftServerImpl.java:setRole(173)) - 212c8f8f-349a-4c94-b732-b4c0454eae1b@group-8C05B86E69BD: changes role from      null to FOLLOWER at term 0 for startAsFollower
2019-11-15 01:00:24,452 [pool-529-thread-1] INFO  impl.RoleInfo (RoleInfo.java:updateAndGet(143)) - 10ab2f01-a163-4b0b-bdc9-1962e1c3543b: start FollowerState
2019-11-15 01:00:24,452 [pool-519-thread-1] INFO  impl.RoleInfo (RoleInfo.java:updateAndGet(143)) - 212c8f8f-349a-4c94-b732-b4c0454eae1b: start FollowerState
2019-11-15 01:00:24,453 [pool-529-thread-1] INFO  util.JmxRegister (JmxRegister.java:tryRegister(44)) - Successfully registered JMX Bean with object name Ratis:service=RaftServer,group=group-8C05B86E69BD,id=10ab2f01-a163-4b0b-bdc9-1962e1c3543b
2019-11-15 01:00:24,453 [pool-519-thread-1] INFO  util.JmxRegister (JmxRegister.java:tryRegister(44)) - Successfully registered JMX Bean with object name Ratis:service=RaftServer,group=group-8C05B86E69BD,id=212c8f8f-349a-4c94-b732-b4c0454eae1b
2019-11-15 01:00:24,453 [pool-529-thread-1] WARN  impl.MetricRegistriesImpl (MetricRegistriesImpl.java:lambda$create$1(61)) - First MetricRegistry has been created without registering reporters. You may need to call MetricRegistries.global().addReportRegistration(...) before.
2019-11-15 01:00:24,453 [pool-519-thread-1] WARN  impl.MetricRegistriesImpl (MetricRegistriesImpl.java:lambda$create$1(61)) - First MetricRegistry has been created without registering reporters. You may need to call MetricRegistries.global().addReportRegistration(...) before.
2019-11-15 01:00:24,455 [RatisPipelineUtilsThread] INFO  pipeline.PipelineStateManager (PipelineStateManager.java:addPipeline(55)) - Created pipeline Pipeline[ Id: 0f00ac25-c772-4514-9910-8c05b86e69bd, Nodes: 10ab2f01-a163-4b0b-bdc9-1962e1c3543b{ip: 192.168.164.208, host: pr-hdds-2442-bxv5b-1523879440, networkLocation: /rack1, certSerialId: null}0e91382f-cc67-4c48-b6bb-37ad8c3df0fd{ip: 192.168.164.208, host: pr-hdds-2442-bxv5b-1523879440, networkLocation: /rack1, certSerialId: null}212c8f8f-349a-4c94-b732-b4c0454eae1b{ip: 192.168.164.208, host: pr-hdds-2442-bxv5b-1523879440, networkLocation: /rack1, certSerialId: null}, Type:RATIS, Factor:THREE, State:ALLOCATED]
2019-11-15 01:00:24,455 [Thread-4198] INFO  pipeline.PipelineStateManager (PipelineStateManager.java:finalizePipeline(121)) - Pipeline Pipeline[ Id: 5b34b55e-f6d1-4398-835a-356fe2ae1da6, Nodes: 87580c89-6647-493a-b156-a806d562b3a1{ip: 192.168.164.208, host: pr-hdds-2442-bxv5b-1523879440, networkLocation: /rack1, certSerialId: null}, Type:RATIS, Factor:ONE, State:CLOSED] moved to CLOSED state
2019-11-15 01:00:24,457 [grpc-default-executor-5] INFO  impl.RaftServerProxy (RaftServerProxy.java:remove(95)) - 87580c89-6647-493a-b156-a806d562b3a1: remove    LEADER 87580c89-6647-493a-b156-a806d562b3a1@group-356FE2AE1DA6:t1, leader=87580c89-6647-493a-b156-a806d562b3a1, voted=87580c89-6647-493a-b156-a806d562b3a1, raftlog=87580c89-6647-493a-b156-a806d562b3a1@group-356FE2AE1DA6-SegmentedRaftLog:OPENED:c0,f0,i0, conf=0: [87580c89-6647-493a-b156-a806d562b3a1:192.168.164.208:37476], old=null RUNNING
2019-11-15 01:00:24,457 [grpc-default-executor-5] INFO  impl.RaftServerImpl (RaftServerImpl.java:lambda$shutdown$3(250)) - 87580c89-6647-493a-b156-a806d562b3a1@group-356FE2AE1DA6: shutdown
2019-11-15 01:00:24,458 [grpc-default-executor-5] INFO  util.JmxRegister (JmxRegister.java:unregister(73)) - Successfully un-registered JMX Bean with object name Ratis:service=RaftServer,group=group-356FE2AE1DA6,id=87580c89-6647-493a-b156-a806d562b3a1
2019-11-15 01:00:24,458 [grpc-default-executor-5] INFO  impl.RoleInfo (RoleInfo.java:shutdownLeaderState(104)) - 87580c89-6647-493a-b156-a806d562b3a1: shutdown LeaderState
2019-11-15 01:00:24,458 [grpc-default-executor-5] INFO  impl.PendingRequests (PendingRequests.java:sendNotLeaderResponses(206)) - 87580c89-6647-493a-b156-a806d562b3a1@group-356FE2AE1DA6-PendingRequests: sendNotLeaderResponses
2019-11-15 01:00:24,458 [grpc-default-executor-5] INFO  impl.StateMachineUpdater (StateMachineUpdater.java:stopAndJoin(136)) - 87580c89-6647-493a-b156-a806d562b3a1@group-356FE2AE1DA6-StateMachineUpdater: set stopIndex = 0
2019-11-15 01:00:24,458 [grpc-default-executor-5] INFO  impl.RaftServerImpl (ServerState.java:close(387)) - 87580c89-6647-493a-b156-a806d562b3a1@group-356FE2AE1DA6: closes. applyIndex: 0
2019-11-15 01:00:24,458 [87580c89-6647-493a-b156-a806d562b3a1@group-356FE2AE1DA6-SegmentedRaftLogWorker] INFO  segmented.SegmentedRaftLogWorker (SegmentedRaftLogWorker.java:run(316)) - 87580c89-6647-493a-b156-a806d562b3a1@group-356FE2AE1DA6-SegmentedRaftLogWorker was interrupted, exiting. There are 0 tasks remaining in the queue.
2019-11-15 01:00:24,459 [grpc-default-executor-5] INFO  segmented.SegmentedRaftLogWorker (SegmentedRaftLogWorker.java:close(224)) - 87580c89-6647-493a-b156-a806d562b3a1@group-356FE2AE1DA6-SegmentedRaftLogWorker close()
2019-11-15 01:00:24,468 [Thread-4198] INFO  pipeline.PipelineStateManager (PipelineStateManager.java:removePipeline(106)) - Pipeline Pipeline[ Id: 5b34b55e-f6d1-4398-835a-356fe2ae1da6, Nodes: 87580c89-6647-493a-b156-a806d562b3a1{ip: 192.168.164.208, host: pr-hdds-2442-bxv5b-1523879440, networkLocation: /rack1, certSerialId: null}, Type:RATIS, Factor:ONE, State:CLOSED] removed from db
2019-11-15 01:00:24,469 [Thread-4198] INFO  pipeline.SCMPipelineManager (SCMPipelineManager.java:finalizeAndDestroyPipeline(315)) - destroying pipeline:Pipeline[ Id: b1821703-35e1-47fc-bb03-0147c83916cf, Nodes: 2b497d53-8cea-4a7e-98a0-4cfb87fd1475{ip: 192.168.164.208, host: pr-hdds-2442-bxv5b-1523879440, networkLocation: /rack1, certSerialId: null}, Type:RATIS, Factor:ONE, State:OPEN]
2019-11-15 01:00:24,473 [grpc-default-executor-5] INFO  impl.RaftServerProxy (RaftServerProxy.java:addNew(89)) - 87580c89-6647-493a-b156-a806d562b3a1: addNew group-FCB59614F558:[87580c89-6647-493a-b156-a806d562b3a1:192.168.164.208:37476] returns group-FCB59614F558:java.util.concurrent.CompletableFuture@339a891c[Not completed]
2019-11-15 01:00:24,474 [pool-559-thread-1] INFO  impl.RaftServerImpl (RaftServerImpl.java:<init>(98)) - 87580c89-6647-493a-b156-a806d562b3a1: new RaftServerImpl for group-FCB59614F558:[87580c89-6647-493a-b156-a806d562b3a1:192.168.164.208:37476] with ContainerStateMachine:uninitialized
2019-11-15 01:00:24,474 [pool-559-thread-1] INFO  server.RaftServerConfigKeys (ConfUtils.java:logGet(43)) - raft.server.rpc.timeout.min = 1s (custom)
2019-11-15 01:00:24,475 [pool-559-thread-1] INFO  server.RaftServerConfigKeys (ConfUtils.java:logGet(43)) - raft.server.rpc.timeout.max = 1200ms (custom)
2019-11-15 01:00:24,475 [pool-559-thread-1] INFO  server.RaftServerConfigKeys (ConfUtils.java:logGet(43)) - raft.server.rpcslowness.timeout = 120s (custom)
2019-11-15 01:00:24,475 [pool-559-thread-1] INFO  server.RaftServerConfigKeys (ConfUtils.java:logGet(43)) - raft.server.sleep.deviation.threshold = 300 (default)
2019-11-15 01:00:24,475 [pool-559-thread-1] INFO  server.RaftServerConfigKeys (ConfUtils.java:logGet(43)) - raft.server.log.appender.install.snapshot.enabled = false (custom)
2019-11-15 01:00:24,475 [pool-559-thread-1] INFO  impl.RaftServerImpl (ServerState.java:<init>(103)) - 87580c89-6647-493a-b156-a806d562b3a1@group-FCB59614F558: ConfigurationManager, init=-1: [87580c89-6647-493a-b156-a806d562b3a1:192.168.164.208:37476], old=null, confs=<EMPTY_MAP>
2019-11-15 01:00:24,475 [pool-559-thread-1] INFO  server.RaftServerConfigKeys (ConfUtils.java:logGet(43)) - raft.server.storage.dir = [/workdir/hadoop-ozone/integration-test/target/test-dir/MiniOzoneClusterImpl-9b1c7e50-938b-4652-9315-e435b3731240/datanode-5/data/ratis] (custom)
2019-11-15 01:00:24,476 [pool-559-thread-1] INFO  server.RaftServerConfigKeys (ConfUtils.java:logGet(43)) - raft.server.log.corruption.policy = EXCEPTION (default)
2019-11-15 01:00:24,476 [pool-559-thread-1] INFO  storage.RaftStorageDirectory (RaftStorageDirectory.java:analyzeStorage(246)) - The storage directory /workdir/hadoop-ozone/integration-test/target/test-dir/MiniOzoneClusterImpl-9b1c7e50-938b-4652-9315-e435b3731240/datanode-5/data/ratis/3eeca584-0466-440b-a463-fcb59614f558 does not exist. Creating ...
2019-11-15 01:00:24,489 [pool-559-thread-1] INFO  storage.RaftStorageDirectory (RaftStorageDirectory.java:tryLock(328)) - Lock on /workdir/hadoop-ozone/integration-test/target/test-dir/MiniOzoneClusterImpl-9b1c7e50-938b-4652-9315-e435b3731240/datanode-5/data/ratis/3eeca584-0466-440b-a463-fcb59614f558/in_use.lock acquired by nodename 16745@pr-hdds-2442-bxv5b-1523879440
2019-11-15 01:00:24,502 [pool-559-thread-1] INFO  storage.RaftStorage (RaftStorage.java:format(84)) - Storage directory /workdir/hadoop-ozone/integration-test/target/test-dir/MiniOzoneClusterImpl-9b1c7e50-938b-4652-9315-e435b3731240/datanode-5/data/ratis/3eeca584-0466-440b-a463-fcb59614f558 has been successfully formatted.
2019-11-15 01:00:24,502 [pool-559-thread-1] INFO  ratis.ContainerStateMachine (ContainerStateMachine.java:loadSnapshot(223)) - group-FCB59614F558: The snapshot info is null. Setting the last applied indexto:(t:0, i:~)
2019-11-15 01:00:24,502 [pool-559-thread-1] INFO  server.RaftServerConfigKeys (ConfUtils.java:logGet(43)) - raft.server.notification.no-leader.timeout = 120s (custom)
2019-11-15 01:00:24,502 [pool-559-thread-1] INFO  server.RaftServerConfigKeys (ConfUtils.java:logGet(43)) - raft.server.log.use.memory = false (default)
2019-11-15 01:00:24,502 [pool-559-thread-1] INFO  server.RaftServerConfigKeys (ConfUtils.java:logGet(43)) - raft.server.log.purge.gap = 1000000 (custom)
2019-11-15 01:00:24,502 [pool-559-thread-1] INFO  server.RaftServerConfigKeys (ConfUtils.java:logGet(43)) - raft.server.log.appender.buffer.byte-limit = 33554432 (custom)
2019-11-15 01:00:24,502 [pool-559-thread-1] INFO  server.RaftServerConfigKeys (ConfUtils.java:logGet(43)) - raft.server.log.segment.size.max = 1048576 (custom)
2019-11-15 01:00:24,502 [pool-559-thread-1] INFO  server.RaftServerConfigKeys (ConfUtils.java:logGet(43)) - raft.server.log.segment.cache.num.max = 2 (custom)
2019-11-15 01:00:24,502 [pool-559-thread-1] INFO  segmented.SegmentedRaftLogWorker (SegmentedRaftLogWorker.java:<init>(173)) - new 87580c89-6647-493a-b156-a806d562b3a1@group-FCB59614F558-SegmentedRaftLogWorker for RaftStorage:Storage Directory /workdir/hadoop-ozone/integration-test/target/test-dir/MiniOzoneClusterImpl-9b1c7e50-938b-4652-9315-e435b3731240/datanode-5/data/ratis/3eeca584-0466-440b-a463-fcb59614f558
2019-11-15 01:00:24,502 [pool-559-thread-1] INFO  server.RaftServerConfigKeys (ConfUtils.java:logGet(43)) - raft.server.log.queue.byte-limit = 2147483647 (custom)
2019-11-15 01:00:24,503 [pool-559-thread-1] INFO  server.RaftServerConfigKeys (ConfUtils.java:logGet(43)) - raft.server.log.queue.element-limit = 1024 (custom)
2019-11-15 01:00:24,503 [pool-559-thread-1] INFO  server.RaftServerConfigKeys (ConfUtils.java:logGet(43)) - raft.server.log.segment.size.max = 1048576 (custom)
2019-11-15 01:00:24,503 [pool-559-thread-1] INFO  server.RaftServerConfigKeys (ConfUtils.java:logGet(43)) - raft.server.log.preallocated.size = 16384 (custom)
2019-11-15 01:00:24,503 [pool-559-thread-1] INFO  server.RaftServerConfigKeys (ConfUtils.java:logGet(43)) - raft.server.log.write.buffer.size = 33554432 (custom)
2019-11-15 01:00:24,503 [pool-559-thread-1] INFO  server.RaftServerConfigKeys (ConfUtils.java:logGet(43)) - raft.server.log.force.sync.num = 128 (default)
2019-11-15 01:00:24,503 [pool-559-thread-1] INFO  server.RaftServerConfigKeys (ConfUtils.java:logGet(43)) - raft.server.log.statemachine.data.sync = true (default)
2019-11-15 01:00:24,503 [pool-559-thread-1] INFO  server.RaftServerConfigKeys (ConfUtils.java:logGet(43)) - raft.server.log.statemachine.data.sync.timeout = 10s (default)
2019-11-15 01:00:24,503 [pool-559-thread-1] INFO  server.RaftServerConfigKeys (ConfUtils.java:logGet(43)) - raft.server.log.statemachine.data.sync.timeout.retry = -1 (default)
2019-11-15 01:00:24,503 [pool-559-thread-1] INFO  server.RaftServerConfigKeys (ConfUtils.java:logGet(43)) - raft.server.log.statemachine.data.caching.enabled = true (custom)
2019-11-15 01:00:24,503 [pool-559-thread-1] INFO  segmented.SegmentedRaftLogWorker (SegmentedRaftLogWorker.java:lambda$new$0(128)) - 87580c89-6647-493a-b156-a806d562b3a1@group-FCB59614F558-SegmentedRaftLogWorker: flushIndex: setUnconditionally 0 -> -1
2019-11-15 01:00:24,503 [pool-559-thread-1] INFO  server.RaftServerConfigKeys (ConfUtils.java:logGet(43)) - raft.server.snapshot.auto.trigger.enabled = true (custom)
2019-11-15 01:00:24,504 [pool-559-thread-1] INFO  server.RaftServerConfigKeys (ConfUtils.java:logGet(43)) - raft.server.snapshot.auto.trigger.threshold = 10000 (custom)
2019-11-15 01:00:24,504 [pool-559-thread-1] INFO  server.RaftServerConfigKeys (ConfUtils.java:logGet(43)) - raft.server.snapshot.retention.file.num = 5 (custom)
2019-11-15 01:00:24,504 [pool-559-thread-1] INFO  server.RaftServerConfigKeys (ConfUtils.java:logGet(43)) - raft.server.retrycache.expirytime = 600000ms (custom)
2019-11-15 01:00:24,504 [pool-559-thread-1] WARN  impl.MetricRegistriesImpl (MetricRegistriesImpl.java:lambda$create$1(61)) - First MetricRegistry has been created without registering reporters. You may need to call MetricRegistries.global().addReportRegistration(...) before.
2019-11-15 01:00:24,504 [pool-559-thread-1] WARN  impl.MetricRegistriesImpl (MetricRegistriesImpl.java:lambda$create$1(61)) - First MetricRegistry has been created without registering reporters. You may need to call MetricRegistries.global().addReportRegistration(...) before.
2019-11-15 01:00:24,504 [pool-559-thread-1] INFO  impl.RaftServerImpl (RaftServerImpl.java:start(184)) - 87580c89-6647-493a-b156-a806d562b3a1@group-FCB59614F558: start as a follower, conf=-1: [87580c89-6647-493a-b156-a806d562b3a1:192.168.164.208:37476], old=null
2019-11-15 01:00:24,504 [pool-559-thread-1] INFO  impl.RaftServerImpl (RaftServerImpl.java:setRole(173)) - 87580c89-6647-493a-b156-a806d562b3a1@group-FCB59614F558: changes role from      null to FOLLOWER at term 0 for startAsFollower
2019-11-15 01:00:24,504 [pool-559-thread-1] INFO  impl.RoleInfo (RoleInfo.java:updateAndGet(143)) - 87580c89-6647-493a-b156-a806d562b3a1: start FollowerState
2019-11-15 01:00:24,504 [pool-559-thread-1] INFO  util.JmxRegister (JmxRegister.java:tryRegister(44)) - Successfully registered JMX Bean with object name Ratis:service=RaftServer,group=group-FCB59614F558,id=87580c89-6647-493a-b156-a806d562b3a1
2019-11-15 01:00:24,505 [pool-559-thread-1] WARN  impl.MetricRegistriesImpl (MetricRegistriesImpl.java:lambda$create$1(61)) - First MetricRegistry has been created without registering reporters. You may need to call MetricRegistries.global().addReportRegistration(...) before.
2019-11-15 01:00:24,506 [RatisPipelineUtilsThread] INFO  pipeline.PipelineStateManager (PipelineStateManager.java:addPipeline(55)) - Created pipeline Pipeline[ Id: 3eeca584-0466-440b-a463-fcb59614f558, Nodes: 87580c89-6647-493a-b156-a806d562b3a1{ip: 192.168.164.208, host: pr-hdds-2442-bxv5b-1523879440, networkLocation: /rack1, certSerialId: null}, Type:RATIS, Factor:ONE, State:ALLOCATED]
2019-11-15 01:00:24,510 [Thread-4198] INFO  pipeline.PipelineStateManager (PipelineStateManager.java:finalizePipeline(121)) - Pipeline Pipeline[ Id: b1821703-35e1-47fc-bb03-0147c83916cf, Nodes: 2b497d53-8cea-4a7e-98a0-4cfb87fd1475{ip: 192.168.164.208, host: pr-hdds-2442-bxv5b-1523879440, networkLocation: /rack1, certSerialId: null}, Type:RATIS, Factor:ONE, State:CLOSED] moved to CLOSED state
2019-11-15 01:00:24,513 [grpc-default-executor-5] INFO  impl.RaftServerProxy (RaftServerProxy.java:remove(95)) - 2b497d53-8cea-4a7e-98a0-4cfb87fd1475: remove    LEADER 2b497d53-8cea-4a7e-98a0-4cfb87fd1475@group-0147C83916CF:t1, leader=2b497d53-8cea-4a7e-98a0-4cfb87fd1475, voted=2b497d53-8cea-4a7e-98a0-4cfb87fd1475, raftlog=2b497d53-8cea-4a7e-98a0-4cfb87fd1475@group-0147C83916CF-SegmentedRaftLog:OPENED:c0,f0,i0, conf=0: [2b497d53-8cea-4a7e-98a0-4cfb87fd1475:192.168.164.208:45511], old=null RUNNING
2019-11-15 01:00:24,513 [grpc-default-executor-5] INFO  impl.RaftServerImpl (RaftServerImpl.java:lambda$shutdown$3(250)) - 2b497d53-8cea-4a7e-98a0-4cfb87fd1475@group-0147C83916CF: shutdown
2019-11-15 01:00:24,514 [grpc-default-executor-5] INFO  util.JmxRegister (JmxRegister.java:unregister(73)) - Successfully un-registered JMX Bean with object name Ratis:service=RaftServer,group=group-0147C83916CF,id=2b497d53-8cea-4a7e-98a0-4cfb87fd1475
2019-11-15 01:00:24,514 [grpc-default-executor-5] INFO  impl.RoleInfo (RoleInfo.java:shutdownLeaderState(104)) - 2b497d53-8cea-4a7e-98a0-4cfb87fd1475: shutdown LeaderState
2019-11-15 01:00:24,514 [grpc-default-executor-5] INFO  impl.PendingRequests (PendingRequests.java:sendNotLeaderResponses(206)) - 2b497d53-8cea-4a7e-98a0-4cfb87fd1475@group-0147C83916CF-PendingRequests: sendNotLeaderResponses
2019-11-15 01:00:24,514 [grpc-default-executor-5] INFO  impl.StateMachineUpdater (StateMachineUpdater.java:stopAndJoin(136)) - 2b497d53-8cea-4a7e-98a0-4cfb87fd1475@group-0147C83916CF-StateMachineUpdater: set stopIndex = 0
2019-11-15 01:00:24,514 [grpc-default-executor-5] INFO  impl.RaftServerImpl (ServerState.java:close(387)) - 2b497d53-8cea-4a7e-98a0-4cfb87fd1475@group-0147C83916CF: closes. applyIndex: 0
2019-11-15 01:00:24,514 [2b497d53-8cea-4a7e-98a0-4cfb87fd1475@group-0147C83916CF-SegmentedRaftLogWorker] INFO  segmented.SegmentedRaftLogWorker (SegmentedRaftLogWorker.java:run(316)) - 2b497d53-8cea-4a7e-98a0-4cfb87fd1475@group-0147C83916CF-SegmentedRaftLogWorker was interrupted, exiting. There are 0 tasks remaining in the queue.
2019-11-15 01:00:24,515 [grpc-default-executor-5] INFO  segmented.SegmentedRaftLogWorker (SegmentedRaftLogWorker.java:close(224)) - 2b497d53-8cea-4a7e-98a0-4cfb87fd1475@group-0147C83916CF-SegmentedRaftLogWorker close()
2019-11-15 01:00:24,516 [Thread-4198] INFO  pipeline.PipelineStateManager (PipelineStateManager.java:removePipeline(106)) - Pipeline Pipeline[ Id: b1821703-35e1-47fc-bb03-0147c83916cf, Nodes: 2b497d53-8cea-4a7e-98a0-4cfb87fd1475{ip: 192.168.164.208, host: pr-hdds-2442-bxv5b-1523879440, networkLocation: /rack1, certSerialId: null}, Type:RATIS, Factor:ONE, State:CLOSED] removed from db
2019-11-15 01:00:24,518 [grpc-default-executor-5] INFO  impl.RaftServerProxy (RaftServerProxy.java:addNew(89)) - 2b497d53-8cea-4a7e-98a0-4cfb87fd1475: addNew group-C000B87B85A5:[2b497d53-8cea-4a7e-98a0-4cfb87fd1475:192.168.164.208:45511] returns group-C000B87B85A5:java.util.concurrent.CompletableFuture@7cde79cb[Not completed]
2019-11-15 01:00:24,520 [pool-569-thread-1] INFO  impl.RaftServerImpl (RaftServerImpl.java:<init>(98)) - 2b497d53-8cea-4a7e-98a0-4cfb87fd1475: new RaftServerImpl for group-C000B87B85A5:[2b497d53-8cea-4a7e-98a0-4cfb87fd1475:192.168.164.208:45511] with ContainerStateMachine:uninitialized
2019-11-15 01:00:24,520 [pool-569-thread-1] INFO  server.RaftServerConfigKeys (ConfUtils.java:logGet(43)) - raft.server.rpc.timeout.min = 1s (custom)
2019-11-15 01:00:24,520 [pool-569-thread-1] INFO  server.RaftServerConfigKeys (ConfUtils.java:logGet(43)) - raft.server.rpc.timeout.max = 1200ms (custom)
2019-11-15 01:00:24,520 [pool-569-thread-1] INFO  server.RaftServerConfigKeys (ConfUtils.java:logGet(43)) - raft.server.rpcslowness.timeout = 120s (custom)
2019-11-15 01:00:24,520 [pool-569-thread-1] INFO  server.RaftServerConfigKeys (ConfUtils.java:logGet(43)) - raft.server.sleep.deviation.threshold = 300 (default)
2019-11-15 01:00:24,520 [pool-569-thread-1] INFO  server.RaftServerConfigKeys (ConfUtils.java:logGet(43)) - raft.server.log.appender.install.snapshot.enabled = false (custom)
2019-11-15 01:00:24,520 [pool-569-thread-1] INFO  impl.RaftServerImpl (ServerState.java:<init>(103)) - 2b497d53-8cea-4a7e-98a0-4cfb87fd1475@group-C000B87B85A5: ConfigurationManager, init=-1: [2b497d53-8cea-4a7e-98a0-4cfb87fd1475:192.168.164.208:45511], old=null, confs=<EMPTY_MAP>
2019-11-15 01:00:24,520 [pool-569-thread-1] INFO  server.RaftServerConfigKeys (ConfUtils.java:logGet(43)) - raft.server.storage.dir = [/workdir/hadoop-ozone/integration-test/target/test-dir/MiniOzoneClusterImpl-9b1c7e50-938b-4652-9315-e435b3731240/datanode-6/data/ratis] (custom)
2019-11-15 01:00:24,521 [pool-569-thread-1] INFO  server.RaftServerConfigKeys (ConfUtils.java:logGet(43)) - raft.server.log.corruption.policy = EXCEPTION (default)
2019-11-15 01:00:24,521 [pool-569-thread-1] INFO  storage.RaftStorageDirectory (RaftStorageDirectory.java:analyzeStorage(246)) - The storage directory /workdir/hadoop-ozone/integration-test/target/test-dir/MiniOzoneClusterImpl-9b1c7e50-938b-4652-9315-e435b3731240/datanode-6/data/ratis/4a3c025f-1a5e-45d6-aa1b-c000b87b85a5 does not exist. Creating ...
2019-11-15 01:00:24,534 [pool-569-thread-1] INFO  storage.RaftStorageDirectory (RaftStorageDirectory.java:tryLock(328)) - Lock on /workdir/hadoop-ozone/integration-test/target/test-dir/MiniOzoneClusterImpl-9b1c7e50-938b-4652-9315-e435b3731240/datanode-6/data/ratis/4a3c025f-1a5e-45d6-aa1b-c000b87b85a5/in_use.lock acquired by nodename 16745@pr-hdds-2442-bxv5b-1523879440
2019-11-15 01:00:24,557 [pool-569-thread-1] INFO  storage.RaftStorage (RaftStorage.java:format(84)) - Storage directory /workdir/hadoop-ozone/integration-test/target/test-dir/MiniOzoneClusterImpl-9b1c7e50-938b-4652-9315-e435b3731240/datanode-6/data/ratis/4a3c025f-1a5e-45d6-aa1b-c000b87b85a5 has been successfully formatted.
2019-11-15 01:00:24,558 [pool-569-thread-1] INFO  ratis.ContainerStateMachine (ContainerStateMachine.java:loadSnapshot(223)) - group-C000B87B85A5: The snapshot info is null. Setting the last applied indexto:(t:0, i:~)
2019-11-15 01:00:24,558 [pool-569-thread-1] INFO  server.RaftServerConfigKeys (ConfUtils.java:logGet(43)) - raft.server.notification.no-leader.timeout = 120s (custom)
2019-11-15 01:00:24,558 [pool-569-thread-1] INFO  server.RaftServerConfigKeys (ConfUtils.java:logGet(43)) - raft.server.log.use.memory = false (default)
2019-11-15 01:00:24,558 [pool-569-thread-1] INFO  server.RaftServerConfigKeys (ConfUtils.java:logGet(43)) - raft.server.log.purge.gap = 1000000 (custom)
2019-11-15 01:00:24,558 [pool-569-thread-1] INFO  server.RaftServerConfigKeys (ConfUtils.java:logGet(43)) - raft.server.log.appender.buffer.byte-limit = 33554432 (custom)
2019-11-15 01:00:24,558 [pool-569-thread-1] INFO  server.RaftServerConfigKeys (ConfUtils.java:logGet(43)) - raft.server.log.segment.size.max = 1048576 (custom)
2019-11-15 01:00:24,558 [pool-569-thread-1] INFO  server.RaftServerConfigKeys (ConfUtils.java:logGet(43)) - raft.server.log.segment.cache.num.max = 2 (custom)
2019-11-15 01:00:24,558 [pool-569-thread-1] INFO  segmented.SegmentedRaftLogWorker (SegmentedRaftLogWorker.java:<init>(173)) - new 2b497d53-8cea-4a7e-98a0-4cfb87fd1475@group-C000B87B85A5-SegmentedRaftLogWorker for RaftStorage:Storage Directory /workdir/hadoop-ozone/integration-test/target/test-dir/MiniOzoneClusterImpl-9b1c7e50-938b-4652-9315-e435b3731240/datanode-6/data/ratis/4a3c025f-1a5e-45d6-aa1b-c000b87b85a5
2019-11-15 01:00:24,558 [pool-569-thread-1] INFO  server.RaftServerConfigKeys (ConfUtils.java:logGet(43)) - raft.server.log.queue.byte-limit = 2147483647 (custom)
2019-11-15 01:00:24,558 [pool-569-thread-1] INFO  server.RaftServerConfigKeys (ConfUtils.java:logGet(43)) - raft.server.log.queue.element-limit = 1024 (custom)
2019-11-15 01:00:24,558 [pool-569-thread-1] INFO  server.RaftServerConfigKeys (ConfUtils.java:logGet(43)) - raft.server.log.segment.size.max = 1048576 (custom)
2019-11-15 01:00:24,558 [pool-569-thread-1] INFO  server.RaftServerConfigKeys (ConfUtils.java:logGet(43)) - raft.server.log.preallocated.size = 16384 (custom)
2019-11-15 01:00:24,559 [pool-569-thread-1] INFO  server.RaftServerConfigKeys (ConfUtils.java:logGet(43)) - raft.server.log.write.buffer.size = 33554432 (custom)
2019-11-15 01:00:24,559 [pool-569-thread-1] INFO  server.RaftServerConfigKeys (ConfUtils.java:logGet(43)) - raft.server.log.force.sync.num = 128 (default)
2019-11-15 01:00:24,559 [pool-569-thread-1] INFO  server.RaftServerConfigKeys (ConfUtils.java:logGet(43)) - raft.server.log.statemachine.data.sync = true (default)
2019-11-15 01:00:24,559 [pool-569-thread-1] INFO  server.RaftServerConfigKeys (ConfUtils.java:logGet(43)) - raft.server.log.statemachine.data.sync.timeout = 10s (default)
2019-11-15 01:00:24,559 [pool-569-thread-1] INFO  server.RaftServerConfigKeys (ConfUtils.java:logGet(43)) - raft.server.log.statemachine.data.sync.timeout.retry = -1 (default)
2019-11-15 01:00:24,559 [pool-569-thread-1] INFO  server.RaftServerConfigKeys (ConfUtils.java:logGet(43)) - raft.server.log.statemachine.data.caching.enabled = true (custom)
2019-11-15 01:00:24,559 [pool-569-thread-1] INFO  segmented.SegmentedRaftLogWorker (SegmentedRaftLogWorker.java:lambda$new$0(128)) - 2b497d53-8cea-4a7e-98a0-4cfb87fd1475@group-C000B87B85A5-SegmentedRaftLogWorker: flushIndex: setUnconditionally 0 -> -1
2019-11-15 01:00:24,559 [pool-569-thread-1] INFO  server.RaftServerConfigKeys (ConfUtils.java:logGet(43)) - raft.server.snapshot.auto.trigger.enabled = true (custom)
2019-11-15 01:00:24,559 [pool-569-thread-1] INFO  server.RaftServerConfigKeys (ConfUtils.java:logGet(43)) - raft.server.snapshot.auto.trigger.threshold = 10000 (custom)
2019-11-15 01:00:24,559 [pool-569-thread-1] INFO  server.RaftServerConfigKeys (ConfUtils.java:logGet(43)) - raft.server.snapshot.retention.file.num = 5 (custom)
2019-11-15 01:00:24,560 [pool-569-thread-1] INFO  server.RaftServerConfigKeys (ConfUtils.java:logGet(43)) - raft.server.retrycache.expirytime = 600000ms (custom)
2019-11-15 01:00:24,560 [pool-569-thread-1] WARN  impl.MetricRegistriesImpl (MetricRegistriesImpl.java:lambda$create$1(61)) - First MetricRegistry has been created without registering reporters. You may need to call MetricRegistries.global().addReportRegistration(...) before.
2019-11-15 01:00:24,560 [pool-569-thread-1] WARN  impl.MetricRegistriesImpl (MetricRegistriesImpl.java:lambda$create$1(61)) - First MetricRegistry has been created without registering reporters. You may need to call MetricRegistries.global().addReportRegistration(...) before.
2019-11-15 01:00:24,560 [pool-569-thread-1] INFO  impl.RaftServerImpl (RaftServerImpl.java:start(184)) - 2b497d53-8cea-4a7e-98a0-4cfb87fd1475@group-C000B87B85A5: start as a follower, conf=-1: [2b497d53-8cea-4a7e-98a0-4cfb87fd1475:192.168.164.208:45511], old=null
2019-11-15 01:00:24,560 [pool-569-thread-1] INFO  impl.RaftServerImpl (RaftServerImpl.java:setRole(173)) - 2b497d53-8cea-4a7e-98a0-4cfb87fd1475@group-C000B87B85A5: changes role from      null to FOLLOWER at term 0 for startAsFollower
2019-11-15 01:00:24,560 [pool-569-thread-1] INFO  impl.RoleInfo (RoleInfo.java:updateAndGet(143)) - 2b497d53-8cea-4a7e-98a0-4cfb87fd1475: start FollowerState
2019-11-15 01:00:24,560 [pool-569-thread-1] INFO  util.JmxRegister (JmxRegister.java:tryRegister(44)) - Successfully registered JMX Bean with object name Ratis:service=RaftServer,group=group-C000B87B85A5,id=2b497d53-8cea-4a7e-98a0-4cfb87fd1475
2019-11-15 01:00:24,560 [pool-569-thread-1] WARN  impl.MetricRegistriesImpl (MetricRegistriesImpl.java:lambda$create$1(61)) - First MetricRegistry has been created without registering reporters. You may need to call MetricRegistries.global().addReportRegistration(...) before.
2019-11-15 01:00:24,562 [RatisPipelineUtilsThread] INFO  pipeline.PipelineStateManager (PipelineStateManager.java:addPipeline(55)) - Created pipeline Pipeline[ Id: 4a3c025f-1a5e-45d6-aa1b-c000b87b85a5, Nodes: 2b497d53-8cea-4a7e-98a0-4cfb87fd1475{ip: 192.168.164.208, host: pr-hdds-2442-bxv5b-1523879440, networkLocation: /rack1, certSerialId: null}, Type:RATIS, Factor:ONE, State:ALLOCATED]
2019-11-15 01:00:24,690 [Thread-4345] INFO  impl.FollowerState (FollowerState.java:run(111)) - 3290c45a-dc7d-4c95-a586-1c6e32afef30@group-093F110B3D89-FollowerState: change to CANDIDATE, lastRpcTime:1051ms, electionTimeout:1051ms
2019-11-15 01:00:24,690 [Thread-4345] INFO  impl.RoleInfo (RoleInfo.java:shutdownFollowerState(121)) - 3290c45a-dc7d-4c95-a586-1c6e32afef30: shutdown FollowerState
2019-11-15 01:00:24,691 [Thread-4345] INFO  impl.RaftServerImpl (RaftServerImpl.java:setRole(173)) - 3290c45a-dc7d-4c95-a586-1c6e32afef30@group-093F110B3D89: changes role from  FOLLOWER to CANDIDATE at term 0 for changeToCandidate
2019-11-15 01:00:24,691 [Thread-4345] INFO  impl.RoleInfo (RoleInfo.java:updateAndGet(143)) - 3290c45a-dc7d-4c95-a586-1c6e32afef30: start LeaderElection
2019-11-15 01:00:24,708 [3290c45a-dc7d-4c95-a586-1c6e32afef30@group-093F110B3D89-LeaderElection165] INFO  impl.LeaderElection (LeaderElection.java:askForVotes(178)) - 3290c45a-dc7d-4c95-a586-1c6e32afef30@group-093F110B3D89-LeaderElection165: begin an election at term 1 for -1: [3290c45a-dc7d-4c95-a586-1c6e32afef30:192.168.164.208:44306], old=null
2019-11-15 01:00:24,708 [3290c45a-dc7d-4c95-a586-1c6e32afef30@group-093F110B3D89-LeaderElection165] INFO  impl.RoleInfo (RoleInfo.java:shutdownLeaderElection(134)) - 3290c45a-dc7d-4c95-a586-1c6e32afef30: shutdown LeaderElection
2019-11-15 01:00:24,708 [3290c45a-dc7d-4c95-a586-1c6e32afef30@group-093F110B3D89-LeaderElection165] INFO  impl.RaftServerImpl (RaftServerImpl.java:setRole(173)) - 3290c45a-dc7d-4c95-a586-1c6e32afef30@group-093F110B3D89: changes role from CANDIDATE to LEADER at term 1 for changeToLeader
2019-11-15 01:00:24,708 [3290c45a-dc7d-4c95-a586-1c6e32afef30@group-093F110B3D89-LeaderElection165] INFO  ratis.XceiverServerRatis (XceiverServerRatis.java:handleLeaderChangedNotification(697)) - Leader change notification received for group: group-093F110B3D89 with new leaderId: 3290c45a-dc7d-4c95-a586-1c6e32afef30
2019-11-15 01:00:24,710 [3290c45a-dc7d-4c95-a586-1c6e32afef30@group-093F110B3D89-LeaderElection165] INFO  impl.RaftServerImpl (ServerState.java:setLeader(255)) - 3290c45a-dc7d-4c95-a586-1c6e32afef30@group-093F110B3D89: change Leader from null to 3290c45a-dc7d-4c95-a586-1c6e32afef30 at term 1 for becomeLeader, leader elected after 1073ms
2019-11-15 01:00:24,710 [3290c45a-dc7d-4c95-a586-1c6e32afef30@group-093F110B3D89-LeaderElection165] INFO  server.RaftServerConfigKeys (ConfUtils.java:logGet(43)) - raft.server.staging.catchup.gap = 1000 (default)
2019-11-15 01:00:24,710 [3290c45a-dc7d-4c95-a586-1c6e32afef30@group-093F110B3D89-LeaderElection165] INFO  server.RaftServerConfigKeys (ConfUtils.java:logGet(43)) - raft.server.rpc.sleep.time = 25ms (default)
2019-11-15 01:00:24,710 [3290c45a-dc7d-4c95-a586-1c6e32afef30@group-093F110B3D89-LeaderElection165] INFO  server.RaftServerConfigKeys (ConfUtils.java:logGet(43)) - raft.server.write.element-limit = 4096 (default)
2019-11-15 01:00:24,710 [3290c45a-dc7d-4c95-a586-1c6e32afef30@group-093F110B3D89-LeaderElection165] INFO  server.RaftServerConfigKeys (ConfUtils.java:logGet(43)) - raft.server.watch.timeout = 10s (default)
2019-11-15 01:00:24,710 [3290c45a-dc7d-4c95-a586-1c6e32afef30@group-093F110B3D89-LeaderElection165] INFO  server.RaftServerConfigKeys (ConfUtils.java:logGet(43)) - raft.server.watch.timeout.denomination = 1s (default)
2019-11-15 01:00:24,710 [3290c45a-dc7d-4c95-a586-1c6e32afef30@group-093F110B3D89-LeaderElection165] INFO  server.RaftServerConfigKeys (ConfUtils.java:logGet(43)) - raft.server.watch.element-limit = 65536 (default)
2019-11-15 01:00:24,711 [3290c45a-dc7d-4c95-a586-1c6e32afef30@group-093F110B3D89-LeaderElection165] INFO  impl.RoleInfo (RoleInfo.java:updateAndGet(143)) - 3290c45a-dc7d-4c95-a586-1c6e32afef30: start LeaderState
2019-11-15 01:00:24,711 [3290c45a-dc7d-4c95-a586-1c6e32afef30@group-093F110B3D89-LeaderElection165] INFO  segmented.SegmentedRaftLogWorker (SegmentedRaftLogWorker.java:startLogSegment(385)) - 3290c45a-dc7d-4c95-a586-1c6e32afef30@group-093F110B3D89-SegmentedRaftLogWorker: Starting segment from index:0
2019-11-15 01:00:24,712 [3290c45a-dc7d-4c95-a586-1c6e32afef30@group-093F110B3D89-LeaderElection165] INFO  impl.RaftServerImpl (ServerState.java:setRaftConf(356)) - 3290c45a-dc7d-4c95-a586-1c6e32afef30@group-093F110B3D89: set configuration 0: [3290c45a-dc7d-4c95-a586-1c6e32afef30:192.168.164.208:44306], old=null at 0
2019-11-15 01:00:24,712 [EventQueue-PipelineReportForPipelineReportHandler] INFO  pipeline.PipelineStateManager (PipelineStateManager.java:openPipeline(134)) - Pipeline Pipeline[ Id: fb99fe7e-47fb-4f1e-8826-093f110b3d89, Nodes: 3290c45a-dc7d-4c95-a586-1c6e32afef30{ip: 192.168.164.208, host: pr-hdds-2442-bxv5b-1523879440, networkLocation: /rack1, certSerialId: null}, Type:RATIS, Factor:ONE, State:OPEN] moved to OPEN state
2019-11-15 01:00:24,718 [Thread-4349] INFO  impl.FollowerState (FollowerState.java:run(111)) - c7f93789-5ee9-40a1-8afd-58386fa54dde@group-B76C4CA6B5C8-FollowerState: change to CANDIDATE, lastRpcTime:1030ms, electionTimeout:1030ms
2019-11-15 01:00:24,718 [Thread-4349] INFO  impl.RoleInfo (RoleInfo.java:shutdownFollowerState(121)) - c7f93789-5ee9-40a1-8afd-58386fa54dde: shutdown FollowerState
2019-11-15 01:00:24,718 [Thread-4349] INFO  impl.RaftServerImpl (RaftServerImpl.java:setRole(173)) - c7f93789-5ee9-40a1-8afd-58386fa54dde@group-B76C4CA6B5C8: changes role from  FOLLOWER to CANDIDATE at term 0 for changeToCandidate
2019-11-15 01:00:24,718 [Thread-4349] INFO  impl.RoleInfo (RoleInfo.java:updateAndGet(143)) - c7f93789-5ee9-40a1-8afd-58386fa54dde: start LeaderElection
2019-11-15 01:00:24,759 [3290c45a-dc7d-4c95-a586-1c6e32afef30@group-093F110B3D89-SegmentedRaftLogWorker] INFO  segmented.SegmentedRaftLogWorker (SegmentedRaftLogWorker.java:execute(576)) - 3290c45a-dc7d-4c95-a586-1c6e32afef30@group-093F110B3D89-SegmentedRaftLogWorker: created new log segment /workdir/hadoop-ozone/integration-test/target/test-dir/MiniOzoneClusterImpl-9b1c7e50-938b-4652-9315-e435b3731240/datanode-9/data/ratis/fb99fe7e-47fb-4f1e-8826-093f110b3d89/current/log_inprogress_0
2019-11-15 01:00:24,760 [c7f93789-5ee9-40a1-8afd-58386fa54dde@group-B76C4CA6B5C8-LeaderElection166] INFO  impl.LeaderElection (LeaderElection.java:askForVotes(178)) - c7f93789-5ee9-40a1-8afd-58386fa54dde@group-B76C4CA6B5C8-LeaderElection166: begin an election at term 1 for -1: [c7f93789-5ee9-40a1-8afd-58386fa54dde:192.168.164.208:38346], old=null
2019-11-15 01:00:24,760 [c7f93789-5ee9-40a1-8afd-58386fa54dde@group-B76C4CA6B5C8-LeaderElection166] INFO  impl.RoleInfo (RoleInfo.java:shutdownLeaderElection(134)) - c7f93789-5ee9-40a1-8afd-58386fa54dde: shutdown LeaderElection
2019-11-15 01:00:24,760 [c7f93789-5ee9-40a1-8afd-58386fa54dde@group-B76C4CA6B5C8-LeaderElection166] INFO  impl.RaftServerImpl (RaftServerImpl.java:setRole(173)) - c7f93789-5ee9-40a1-8afd-58386fa54dde@group-B76C4CA6B5C8: changes role from CANDIDATE to LEADER at term 1 for changeToLeader
2019-11-15 01:00:24,760 [c7f93789-5ee9-40a1-8afd-58386fa54dde@group-B76C4CA6B5C8-LeaderElection166] INFO  ratis.XceiverServerRatis (XceiverServerRatis.java:handleLeaderChangedNotification(697)) - Leader change notification received for group: group-B76C4CA6B5C8 with new leaderId: c7f93789-5ee9-40a1-8afd-58386fa54dde
2019-11-15 01:00:24,760 [c7f93789-5ee9-40a1-8afd-58386fa54dde@group-B76C4CA6B5C8-LeaderElection166] INFO  impl.RaftServerImpl (ServerState.java:setLeader(255)) - c7f93789-5ee9-40a1-8afd-58386fa54dde@group-B76C4CA6B5C8: change Leader from null to c7f93789-5ee9-40a1-8afd-58386fa54dde at term 1 for becomeLeader, leader elected after 1077ms
2019-11-15 01:00:24,760 [c7f93789-5ee9-40a1-8afd-58386fa54dde@group-B76C4CA6B5C8-LeaderElection166] INFO  server.RaftServerConfigKeys (ConfUtils.java:logGet(43)) - raft.server.staging.catchup.gap = 1000 (default)
2019-11-15 01:00:24,760 [c7f93789-5ee9-40a1-8afd-58386fa54dde@group-B76C4CA6B5C8-LeaderElection166] INFO  server.RaftServerConfigKeys (ConfUtils.java:logGet(43)) - raft.server.rpc.sleep.time = 25ms (default)
2019-11-15 01:00:24,761 [c7f93789-5ee9-40a1-8afd-58386fa54dde@group-B76C4CA6B5C8-LeaderElection166] INFO  server.RaftServerConfigKeys (ConfUtils.java:logGet(43)) - raft.server.write.element-limit = 4096 (default)
2019-11-15 01:00:24,761 [c7f93789-5ee9-40a1-8afd-58386fa54dde@group-B76C4CA6B5C8-LeaderElection166] INFO  server.RaftServerConfigKeys (ConfUtils.java:logGet(43)) - raft.server.watch.timeout = 10s (default)
2019-11-15 01:00:24,761 [c7f93789-5ee9-40a1-8afd-58386fa54dde@group-B76C4CA6B5C8-LeaderElection166] INFO  server.RaftServerConfigKeys (ConfUtils.java:logGet(43)) - raft.server.watch.timeout.denomination = 1s (default)
2019-11-15 01:00:24,761 [c7f93789-5ee9-40a1-8afd-58386fa54dde@group-B76C4CA6B5C8-LeaderElection166] INFO  server.RaftServerConfigKeys (ConfUtils.java:logGet(43)) - raft.server.watch.element-limit = 65536 (default)
2019-11-15 01:00:24,761 [c7f93789-5ee9-40a1-8afd-58386fa54dde@group-B76C4CA6B5C8-LeaderElection166] INFO  impl.RoleInfo (RoleInfo.java:updateAndGet(143)) - c7f93789-5ee9-40a1-8afd-58386fa54dde: start LeaderState
2019-11-15 01:00:24,761 [c7f93789-5ee9-40a1-8afd-58386fa54dde@group-B76C4CA6B5C8-LeaderElection166] INFO  segmented.SegmentedRaftLogWorker (SegmentedRaftLogWorker.java:startLogSegment(385)) - c7f93789-5ee9-40a1-8afd-58386fa54dde@group-B76C4CA6B5C8-SegmentedRaftLogWorker: Starting segment from index:0
2019-11-15 01:00:24,762 [c7f93789-5ee9-40a1-8afd-58386fa54dde@group-B76C4CA6B5C8-LeaderElection166] INFO  impl.RaftServerImpl (ServerState.java:setRaftConf(356)) - c7f93789-5ee9-40a1-8afd-58386fa54dde@group-B76C4CA6B5C8: set configuration 0: [c7f93789-5ee9-40a1-8afd-58386fa54dde:192.168.164.208:38346], old=null at 0
2019-11-15 01:00:24,806 [c7f93789-5ee9-40a1-8afd-58386fa54dde@group-B76C4CA6B5C8-SegmentedRaftLogWorker] INFO  segmented.SegmentedRaftLogWorker (SegmentedRaftLogWorker.java:execute(576)) - c7f93789-5ee9-40a1-8afd-58386fa54dde@group-B76C4CA6B5C8-SegmentedRaftLogWorker: created new log segment /workdir/hadoop-ozone/integration-test/target/test-dir/MiniOzoneClusterImpl-9b1c7e50-938b-4652-9315-e435b3731240/datanode-3/data/ratis/65a5b576-f6b2-4220-b849-b76c4ca6b5c8/current/log_inprogress_0
2019-11-15 01:00:25,100 [Thread-4367] INFO  impl.FollowerState (FollowerState.java:run(111)) - d068838d-6499-4b84-94b8-55225fdfdb1a@group-E58C27D02539-FollowerState: change to CANDIDATE, lastRpcTime:1022ms, electionTimeout:1022ms
2019-11-15 01:00:25,100 [Thread-4367] INFO  impl.RoleInfo (RoleInfo.java:shutdownFollowerState(121)) - d068838d-6499-4b84-94b8-55225fdfdb1a: shutdown FollowerState
2019-11-15 01:00:25,100 [Thread-4367] INFO  impl.RaftServerImpl (RaftServerImpl.java:setRole(173)) - d068838d-6499-4b84-94b8-55225fdfdb1a@group-E58C27D02539: changes role from  FOLLOWER to CANDIDATE at term 0 for changeToCandidate
2019-11-15 01:00:25,100 [Thread-4367] INFO  impl.RoleInfo (RoleInfo.java:updateAndGet(143)) - d068838d-6499-4b84-94b8-55225fdfdb1a: start LeaderElection
2019-11-15 01:00:25,127 [d068838d-6499-4b84-94b8-55225fdfdb1a@group-E58C27D02539-LeaderElection167] INFO  impl.LeaderElection (LeaderElection.java:askForVotes(178)) - d068838d-6499-4b84-94b8-55225fdfdb1a@group-E58C27D02539-LeaderElection167: begin an election at term 1 for -1: [d068838d-6499-4b84-94b8-55225fdfdb1a:192.168.164.208:41973, 3290c45a-dc7d-4c95-a586-1c6e32afef30:192.168.164.208:44306, c7f93789-5ee9-40a1-8afd-58386fa54dde:192.168.164.208:38346], old=null
2019-11-15 01:00:25,137 [grpc-default-executor-0] INFO  impl.RaftServerImpl (RaftServerImpl.java:setRole(173)) - c7f93789-5ee9-40a1-8afd-58386fa54dde@group-E58C27D02539: changes role from  FOLLOWER to FOLLOWER at term 1 for recognizeCandidate:d068838d-6499-4b84-94b8-55225fdfdb1a
2019-11-15 01:00:25,137 [grpc-default-executor-5] INFO  impl.RaftServerImpl (RaftServerImpl.java:setRole(173)) - 3290c45a-dc7d-4c95-a586-1c6e32afef30@group-E58C27D02539: changes role from  FOLLOWER to FOLLOWER at term 1 for recognizeCandidate:d068838d-6499-4b84-94b8-55225fdfdb1a
2019-11-15 01:00:25,137 [grpc-default-executor-5] INFO  impl.RoleInfo (RoleInfo.java:shutdownFollowerState(121)) - 3290c45a-dc7d-4c95-a586-1c6e32afef30: shutdown FollowerState
2019-11-15 01:00:25,137 [grpc-default-executor-0] INFO  impl.RoleInfo (RoleInfo.java:shutdownFollowerState(121)) - c7f93789-5ee9-40a1-8afd-58386fa54dde: shutdown FollowerState
2019-11-15 01:00:25,137 [grpc-default-executor-5] INFO  impl.RoleInfo (RoleInfo.java:updateAndGet(143)) - 3290c45a-dc7d-4c95-a586-1c6e32afef30: start FollowerState
2019-11-15 01:00:25,137 [grpc-default-executor-0] INFO  impl.RoleInfo (RoleInfo.java:updateAndGet(143)) - c7f93789-5ee9-40a1-8afd-58386fa54dde: start FollowerState
2019-11-15 01:00:25,137 [Thread-4362] INFO  impl.FollowerState (FollowerState.java:run(120)) - 3290c45a-dc7d-4c95-a586-1c6e32afef30@group-E58C27D02539-FollowerState was interrupted: java.lang.InterruptedException: sleep interrupted
2019-11-15 01:00:25,137 [Thread-4366] INFO  impl.FollowerState (FollowerState.java:run(120)) - c7f93789-5ee9-40a1-8afd-58386fa54dde@group-E58C27D02539-FollowerState was interrupted: java.lang.InterruptedException: sleep interrupted
2019-11-15 01:00:25,153 [d068838d-6499-4b84-94b8-55225fdfdb1a@group-E58C27D02539-LeaderElection167] INFO  impl.LeaderElection (LeaderElection.java:logAndReturn(56)) - d068838d-6499-4b84-94b8-55225fdfdb1a@group-E58C27D02539-LeaderElection167: Election PASSED; received 1 response(s) [d068838d-6499-4b84-94b8-55225fdfdb1a<-3290c45a-dc7d-4c95-a586-1c6e32afef30#0:OK-t1] and 0 exception(s); d068838d-6499-4b84-94b8-55225fdfdb1a@group-E58C27D02539:t1, leader=null, voted=d068838d-6499-4b84-94b8-55225fdfdb1a, raftlog=d068838d-6499-4b84-94b8-55225fdfdb1a@group-E58C27D02539-SegmentedRaftLog:OPENED:c-1,f-1,i0, conf=-1: [d068838d-6499-4b84-94b8-55225fdfdb1a:192.168.164.208:41973, 3290c45a-dc7d-4c95-a586-1c6e32afef30:192.168.164.208:44306, c7f93789-5ee9-40a1-8afd-58386fa54dde:192.168.164.208:38346], old=null
2019-11-15 01:00:25,154 [d068838d-6499-4b84-94b8-55225fdfdb1a@group-E58C27D02539-LeaderElection167] INFO  impl.RoleInfo (RoleInfo.java:shutdownLeaderElection(134)) - d068838d-6499-4b84-94b8-55225fdfdb1a: shutdown LeaderElection
2019-11-15 01:00:25,154 [d068838d-6499-4b84-94b8-55225fdfdb1a@group-E58C27D02539-LeaderElection167] INFO  impl.RaftServerImpl (RaftServerImpl.java:setRole(173)) - d068838d-6499-4b84-94b8-55225fdfdb1a@group-E58C27D02539: changes role from CANDIDATE to LEADER at term 1 for changeToLeader
2019-11-15 01:00:25,154 [d068838d-6499-4b84-94b8-55225fdfdb1a@group-E58C27D02539-LeaderElection167] INFO  ratis.XceiverServerRatis (XceiverServerRatis.java:handleLeaderChangedNotification(697)) - Leader change notification received for group: group-E58C27D02539 with new leaderId: d068838d-6499-4b84-94b8-55225fdfdb1a
2019-11-15 01:00:25,154 [d068838d-6499-4b84-94b8-55225fdfdb1a@group-E58C27D02539-LeaderElection167] INFO  impl.RaftServerImpl (ServerState.java:setLeader(255)) - d068838d-6499-4b84-94b8-55225fdfdb1a@group-E58C27D02539: change Leader from null to d068838d-6499-4b84-94b8-55225fdfdb1a at term 1 for becomeLeader, leader elected after 1085ms
2019-11-15 01:00:25,154 [d068838d-6499-4b84-94b8-55225fdfdb1a@group-E58C27D02539-LeaderElection167] INFO  server.RaftServerConfigKeys (ConfUtils.java:logGet(43)) - raft.server.staging.catchup.gap = 1000 (default)
2019-11-15 01:00:25,154 [d068838d-6499-4b84-94b8-55225fdfdb1a@group-E58C27D02539-LeaderElection167] INFO  server.RaftServerConfigKeys (ConfUtils.java:logGet(43)) - raft.server.rpc.sleep.time = 25ms (default)
2019-11-15 01:00:25,155 [d068838d-6499-4b84-94b8-55225fdfdb1a@group-E58C27D02539-LeaderElection167] INFO  server.RaftServerConfigKeys (ConfUtils.java:logGet(43)) - raft.server.write.element-limit = 4096 (default)
2019-11-15 01:00:25,155 [d068838d-6499-4b84-94b8-55225fdfdb1a@group-E58C27D02539-LeaderElection167] INFO  server.RaftServerConfigKeys (ConfUtils.java:logGet(43)) - raft.server.watch.timeout = 10s (default)
2019-11-15 01:00:25,155 [d068838d-6499-4b84-94b8-55225fdfdb1a@group-E58C27D02539-LeaderElection167] INFO  server.RaftServerConfigKeys (ConfUtils.java:logGet(43)) - raft.server.watch.timeout.denomination = 1s (default)
2019-11-15 01:00:25,155 [d068838d-6499-4b84-94b8-55225fdfdb1a@group-E58C27D02539-LeaderElection167] INFO  server.RaftServerConfigKeys (ConfUtils.java:logGet(43)) - raft.server.watch.element-limit = 65536 (default)
2019-11-15 01:00:25,155 [d068838d-6499-4b84-94b8-55225fdfdb1a@group-E58C27D02539-LeaderElection167] INFO  server.RaftServerConfigKeys (ConfUtils.java:logGet(43)) - raft.server.log.appender.snapshot.chunk.size.max = 16MB (=16777216) (default)
2019-11-15 01:00:25,155 [EventQueue-PipelineReportForPipelineReportHandler] INFO  pipeline.PipelineStateManager (PipelineStateManager.java:openPipeline(134)) - Pipeline Pipeline[ Id: 20424017-baad-4109-9464-e58c27d02539, Nodes: 3290c45a-dc7d-4c95-a586-1c6e32afef30{ip: 192.168.164.208, host: pr-hdds-2442-bxv5b-1523879440, networkLocation: /rack1, certSerialId: null}c7f93789-5ee9-40a1-8afd-58386fa54dde{ip: 192.168.164.208, host: pr-hdds-2442-bxv5b-1523879440, networkLocation: /rack1, certSerialId: null}d068838d-6499-4b84-94b8-55225fdfdb1a{ip: 192.168.164.208, host: pr-hdds-2442-bxv5b-1523879440, networkLocation: /rack1, certSerialId: null}, Type:RATIS, Factor:THREE, State:OPEN] moved to OPEN state
2019-11-15 01:00:25,156 [d068838d-6499-4b84-94b8-55225fdfdb1a@group-E58C27D02539-LeaderElection167] INFO  server.RaftServerConfigKeys (ConfUtils.java:logGet(43)) - raft.server.log.appender.buffer.byte-limit = 33554432 (custom)
2019-11-15 01:00:25,158 [d068838d-6499-4b84-94b8-55225fdfdb1a@group-E58C27D02539-LeaderElection167] INFO  server.RaftServerConfigKeys (ConfUtils.java:logGet(43)) - raft.server.log.appender.buffer.element-limit = 1 (custom)
2019-11-15 01:00:25,159 [d068838d-6499-4b84-94b8-55225fdfdb1a@group-E58C27D02539-LeaderElection167] INFO  grpc.GrpcConfigKeys$Server (ConfUtils.java:logGet(43)) - raft.grpc.server.leader.outstanding.appends.max = 128 (default)
2019-11-15 01:00:25,159 [d068838d-6499-4b84-94b8-55225fdfdb1a@group-E58C27D02539-LeaderElection167] INFO  server.RaftServerConfigKeys (ConfUtils.java:logGet(43)) - raft.server.rpc.request.timeout = 3000ms (default)
2019-11-15 01:00:25,159 [d068838d-6499-4b84-94b8-55225fdfdb1a@group-E58C27D02539-LeaderElection167] INFO  server.RaftServerConfigKeys (ConfUtils.java:logGet(43)) - raft.server.log.appender.install.snapshot.enabled = false (custom)
2019-11-15 01:00:25,159 [d068838d-6499-4b84-94b8-55225fdfdb1a@group-E58C27D02539-LeaderElection167] WARN  impl.MetricRegistriesImpl (MetricRegistriesImpl.java:lambda$create$1(61)) - First MetricRegistry has been created without registering reporters. You may need to call MetricRegistries.global().addReportRegistration(...) before.
2019-11-15 01:00:25,159 [d068838d-6499-4b84-94b8-55225fdfdb1a@group-E58C27D02539-LeaderElection167] INFO  server.RaftServerConfigKeys (ConfUtils.java:logGet(43)) - raft.server.log.appender.snapshot.chunk.size.max = 16MB (=16777216) (default)
2019-11-15 01:00:25,160 [d068838d-6499-4b84-94b8-55225fdfdb1a@group-E58C27D02539-LeaderElection167] INFO  server.RaftServerConfigKeys (ConfUtils.java:logGet(43)) - raft.server.log.appender.buffer.byte-limit = 33554432 (custom)
2019-11-15 01:00:25,160 [d068838d-6499-4b84-94b8-55225fdfdb1a@group-E58C27D02539-LeaderElection167] INFO  server.RaftServerConfigKeys (ConfUtils.java:logGet(43)) - raft.server.log.appender.buffer.element-limit = 1 (custom)
2019-11-15 01:00:25,160 [d068838d-6499-4b84-94b8-55225fdfdb1a@group-E58C27D02539-LeaderElection167] INFO  grpc.GrpcConfigKeys$Server (ConfUtils.java:logGet(43)) - raft.grpc.server.leader.outstanding.appends.max = 128 (default)
2019-11-15 01:00:25,160 [d068838d-6499-4b84-94b8-55225fdfdb1a@group-E58C27D02539-LeaderElection167] INFO  server.RaftServerConfigKeys (ConfUtils.java:logGet(43)) - raft.server.rpc.request.timeout = 3000ms (default)
2019-11-15 01:00:25,160 [d068838d-6499-4b84-94b8-55225fdfdb1a@group-E58C27D02539-LeaderElection167] INFO  server.RaftServerConfigKeys (ConfUtils.java:logGet(43)) - raft.server.log.appender.install.snapshot.enabled = false (custom)
2019-11-15 01:00:25,160 [d068838d-6499-4b84-94b8-55225fdfdb1a@group-E58C27D02539-LeaderElection167] INFO  impl.RoleInfo (RoleInfo.java:updateAndGet(143)) - d068838d-6499-4b84-94b8-55225fdfdb1a: start LeaderState
2019-11-15 01:00:25,161 [d068838d-6499-4b84-94b8-55225fdfdb1a@group-E58C27D02539-LeaderElection167] INFO  segmented.SegmentedRaftLogWorker (SegmentedRaftLogWorker.java:startLogSegment(385)) - d068838d-6499-4b84-94b8-55225fdfdb1a@group-E58C27D02539-SegmentedRaftLogWorker: Starting segment from index:0
2019-11-15 01:00:25,161 [d068838d-6499-4b84-94b8-55225fdfdb1a@group-E58C27D02539-LeaderElection167] INFO  impl.RaftServerImpl (ServerState.java:setRaftConf(356)) - d068838d-6499-4b84-94b8-55225fdfdb1a@group-E58C27D02539: set configuration 0: [d068838d-6499-4b84-94b8-55225fdfdb1a:192.168.164.208:41973, 3290c45a-dc7d-4c95-a586-1c6e32afef30:192.168.164.208:44306, c7f93789-5ee9-40a1-8afd-58386fa54dde:192.168.164.208:38346], old=null at 0
2019-11-15 01:00:25,190 [grpc-default-executor-5] INFO  ratis.XceiverServerRatis (XceiverServerRatis.java:handleLeaderChangedNotification(697)) - Leader change notification received for group: group-E58C27D02539 with new leaderId: d068838d-6499-4b84-94b8-55225fdfdb1a
2019-11-15 01:00:25,190 [grpc-default-executor-0] INFO  ratis.XceiverServerRatis (XceiverServerRatis.java:handleLeaderChangedNotification(697)) - Leader change notification received for group: group-E58C27D02539 with new leaderId: d068838d-6499-4b84-94b8-55225fdfdb1a
2019-11-15 01:00:25,191 [grpc-default-executor-0] INFO  impl.RaftServerImpl (ServerState.java:setLeader(255)) - 3290c45a-dc7d-4c95-a586-1c6e32afef30@group-E58C27D02539: change Leader from null to d068838d-6499-4b84-94b8-55225fdfdb1a at term 1 for appendEntries, leader elected after 1122ms
2019-11-15 01:00:25,191 [grpc-default-executor-5] INFO  impl.RaftServerImpl (ServerState.java:setLeader(255)) - c7f93789-5ee9-40a1-8afd-58386fa54dde@group-E58C27D02539: change Leader from null to d068838d-6499-4b84-94b8-55225fdfdb1a at term 1 for appendEntries, leader elected after 1122ms
2019-11-15 01:00:25,193 [grpc-default-executor-0] INFO  impl.RaftServerImpl (ServerState.java:setRaftConf(356)) - c7f93789-5ee9-40a1-8afd-58386fa54dde@group-E58C27D02539: set configuration 0: [d068838d-6499-4b84-94b8-55225fdfdb1a:192.168.164.208:41973, 3290c45a-dc7d-4c95-a586-1c6e32afef30:192.168.164.208:44306, c7f93789-5ee9-40a1-8afd-58386fa54dde:192.168.164.208:38346], old=null at 0
2019-11-15 01:00:25,193 [grpc-default-executor-5] INFO  impl.RaftServerImpl (ServerState.java:setRaftConf(356)) - 3290c45a-dc7d-4c95-a586-1c6e32afef30@group-E58C27D02539: set configuration 0: [d068838d-6499-4b84-94b8-55225fdfdb1a:192.168.164.208:41973, 3290c45a-dc7d-4c95-a586-1c6e32afef30:192.168.164.208:44306, c7f93789-5ee9-40a1-8afd-58386fa54dde:192.168.164.208:38346], old=null at 0
2019-11-15 01:00:25,193 [grpc-default-executor-0] INFO  segmented.SegmentedRaftLogWorker (SegmentedRaftLogWorker.java:startLogSegment(385)) - c7f93789-5ee9-40a1-8afd-58386fa54dde@group-E58C27D02539-SegmentedRaftLogWorker: Starting segment from index:0
2019-11-15 01:00:25,193 [grpc-default-executor-5] INFO  segmented.SegmentedRaftLogWorker (SegmentedRaftLogWorker.java:startLogSegment(385)) - 3290c45a-dc7d-4c95-a586-1c6e32afef30@group-E58C27D02539-SegmentedRaftLogWorker: Starting segment from index:0
2019-11-15 01:00:25,204 [d068838d-6499-4b84-94b8-55225fdfdb1a@group-E58C27D02539-SegmentedRaftLogWorker] INFO  segmented.SegmentedRaftLogWorker (SegmentedRaftLogWorker.java:execute(576)) - d068838d-6499-4b84-94b8-55225fdfdb1a@group-E58C27D02539-SegmentedRaftLogWorker: created new log segment /workdir/hadoop-ozone/integration-test/target/test-dir/MiniOzoneClusterImpl-9b1c7e50-938b-4652-9315-e435b3731240/datanode-4/data/ratis/20424017-baad-4109-9464-e58c27d02539/current/log_inprogress_0
2019-11-15 01:00:25,236 [3290c45a-dc7d-4c95-a586-1c6e32afef30@group-E58C27D02539-SegmentedRaftLogWorker] INFO  segmented.SegmentedRaftLogWorker (SegmentedRaftLogWorker.java:execute(576)) - 3290c45a-dc7d-4c95-a586-1c6e32afef30@group-E58C27D02539-SegmentedRaftLogWorker: created new log segment /workdir/hadoop-ozone/integration-test/target/test-dir/MiniOzoneClusterImpl-9b1c7e50-938b-4652-9315-e435b3731240/datanode-9/data/ratis/20424017-baad-4109-9464-e58c27d02539/current/log_inprogress_0
2019-11-15 01:00:25,236 [c7f93789-5ee9-40a1-8afd-58386fa54dde@group-E58C27D02539-SegmentedRaftLogWorker] INFO  segmented.SegmentedRaftLogWorker (SegmentedRaftLogWorker.java:execute(576)) - c7f93789-5ee9-40a1-8afd-58386fa54dde@group-E58C27D02539-SegmentedRaftLogWorker: created new log segment /workdir/hadoop-ozone/integration-test/target/test-dir/MiniOzoneClusterImpl-9b1c7e50-938b-4652-9315-e435b3731240/datanode-3/data/ratis/20424017-baad-4109-9464-e58c27d02539/current/log_inprogress_0
2019-11-15 01:00:25,262 [Thread-4372] INFO  impl.FollowerState (FollowerState.java:run(111)) - c4061fea-d656-4029-8a52-0003cdc411ee@group-18D18F1AF72F-FollowerState: change to CANDIDATE, lastRpcTime:1134ms, electionTimeout:1134ms
2019-11-15 01:00:25,262 [Thread-4372] INFO  impl.RoleInfo (RoleInfo.java:shutdownFollowerState(121)) - c4061fea-d656-4029-8a52-0003cdc411ee: shutdown FollowerState
2019-11-15 01:00:25,262 [Thread-4372] INFO  impl.RaftServerImpl (RaftServerImpl.java:setRole(173)) - c4061fea-d656-4029-8a52-0003cdc411ee@group-18D18F1AF72F: changes role from  FOLLOWER to CANDIDATE at term 0 for changeToCandidate
2019-11-15 01:00:25,263 [Thread-4372] INFO  impl.RoleInfo (RoleInfo.java:updateAndGet(143)) - c4061fea-d656-4029-8a52-0003cdc411ee: start LeaderElection
2019-11-15 01:00:25,280 [c4061fea-d656-4029-8a52-0003cdc411ee@group-18D18F1AF72F-LeaderElection168] INFO  impl.LeaderElection (LeaderElection.java:askForVotes(178)) - c4061fea-d656-4029-8a52-0003cdc411ee@group-18D18F1AF72F-LeaderElection168: begin an election at term 1 for -1: [c4061fea-d656-4029-8a52-0003cdc411ee:192.168.164.208:42567], old=null
2019-11-15 01:00:25,280 [c4061fea-d656-4029-8a52-0003cdc411ee@group-18D18F1AF72F-LeaderElection168] INFO  impl.RoleInfo (RoleInfo.java:shutdownLeaderElection(134)) - c4061fea-d656-4029-8a52-0003cdc411ee: shutdown LeaderElection
2019-11-15 01:00:25,280 [c4061fea-d656-4029-8a52-0003cdc411ee@group-18D18F1AF72F-LeaderElection168] INFO  impl.RaftServerImpl (RaftServerImpl.java:setRole(173)) - c4061fea-d656-4029-8a52-0003cdc411ee@group-18D18F1AF72F: changes role from CANDIDATE to LEADER at term 1 for changeToLeader
2019-11-15 01:00:25,280 [c4061fea-d656-4029-8a52-0003cdc411ee@group-18D18F1AF72F-LeaderElection168] INFO  ratis.XceiverServerRatis (XceiverServerRatis.java:handleLeaderChangedNotification(697)) - Leader change notification received for group: group-18D18F1AF72F with new leaderId: c4061fea-d656-4029-8a52-0003cdc411ee
2019-11-15 01:00:25,280 [c4061fea-d656-4029-8a52-0003cdc411ee@group-18D18F1AF72F-LeaderElection168] INFO  impl.RaftServerImpl (ServerState.java:setLeader(255)) - c4061fea-d656-4029-8a52-0003cdc411ee@group-18D18F1AF72F: change Leader from null to c4061fea-d656-4029-8a52-0003cdc411ee at term 1 for becomeLeader, leader elected after 1156ms
2019-11-15 01:00:25,280 [c4061fea-d656-4029-8a52-0003cdc411ee@group-18D18F1AF72F-LeaderElection168] INFO  server.RaftServerConfigKeys (ConfUtils.java:logGet(43)) - raft.server.staging.catchup.gap = 1000 (default)
2019-11-15 01:00:25,280 [c4061fea-d656-4029-8a52-0003cdc411ee@group-18D18F1AF72F-LeaderElection168] INFO  server.RaftServerConfigKeys (ConfUtils.java:logGet(43)) - raft.server.rpc.sleep.time = 25ms (default)
2019-11-15 01:00:25,281 [c4061fea-d656-4029-8a52-0003cdc411ee@group-18D18F1AF72F-LeaderElection168] INFO  server.RaftServerConfigKeys (ConfUtils.java:logGet(43)) - raft.server.write.element-limit = 4096 (default)
2019-11-15 01:00:25,281 [c4061fea-d656-4029-8a52-0003cdc411ee@group-18D18F1AF72F-LeaderElection168] INFO  server.RaftServerConfigKeys (ConfUtils.java:logGet(43)) - raft.server.watch.timeout = 10s (default)
2019-11-15 01:00:25,281 [c4061fea-d656-4029-8a52-0003cdc411ee@group-18D18F1AF72F-LeaderElection168] INFO  server.RaftServerConfigKeys (ConfUtils.java:logGet(43)) - raft.server.watch.timeout.denomination = 1s (default)
2019-11-15 01:00:25,281 [c4061fea-d656-4029-8a52-0003cdc411ee@group-18D18F1AF72F-LeaderElection168] INFO  server.RaftServerConfigKeys (ConfUtils.java:logGet(43)) - raft.server.watch.element-limit = 65536 (default)
2019-11-15 01:00:25,281 [c4061fea-d656-4029-8a52-0003cdc411ee@group-18D18F1AF72F-LeaderElection168] INFO  impl.RoleInfo (RoleInfo.java:updateAndGet(143)) - c4061fea-d656-4029-8a52-0003cdc411ee: start LeaderState
2019-11-15 01:00:25,281 [EventQueue-PipelineReportForPipelineReportHandler] INFO  pipeline.PipelineStateManager (PipelineStateManager.java:openPipeline(134)) - Pipeline Pipeline[ Id: 0af34b87-09de-4ab8-9345-18d18f1af72f, Nodes: c4061fea-d656-4029-8a52-0003cdc411ee{ip: 192.168.164.208, host: pr-hdds-2442-bxv5b-1523879440, networkLocation: /rack1, certSerialId: null}, Type:RATIS, Factor:ONE, State:OPEN] moved to OPEN state
2019-11-15 01:00:25,281 [c4061fea-d656-4029-8a52-0003cdc411ee@group-18D18F1AF72F-LeaderElection168] INFO  segmented.SegmentedRaftLogWorker (SegmentedRaftLogWorker.java:startLogSegment(385)) - c4061fea-d656-4029-8a52-0003cdc411ee@group-18D18F1AF72F-SegmentedRaftLogWorker: Starting segment from index:0
2019-11-15 01:00:25,282 [c4061fea-d656-4029-8a52-0003cdc411ee@group-18D18F1AF72F-LeaderElection168] INFO  impl.RaftServerImpl (ServerState.java:setRaftConf(356)) - c4061fea-d656-4029-8a52-0003cdc411ee@group-18D18F1AF72F: set configuration 0: [c4061fea-d656-4029-8a52-0003cdc411ee:192.168.164.208:42567], old=null at 0
2019-11-15 01:00:25,326 [c4061fea-d656-4029-8a52-0003cdc411ee@group-18D18F1AF72F-SegmentedRaftLogWorker] INFO  segmented.SegmentedRaftLogWorker (SegmentedRaftLogWorker.java:execute(576)) - c4061fea-d656-4029-8a52-0003cdc411ee@group-18D18F1AF72F-SegmentedRaftLogWorker: created new log segment /workdir/hadoop-ozone/integration-test/target/test-dir/MiniOzoneClusterImpl-9b1c7e50-938b-4652-9315-e435b3731240/datanode-8/data/ratis/0af34b87-09de-4ab8-9345-18d18f1af72f/current/log_inprogress_0
2019-11-15 01:00:25,354 [Thread-4380] INFO  impl.FollowerState (FollowerState.java:run(111)) - 0e91382f-cc67-4c48-b6bb-37ad8c3df0fd@group-8FE6074BF678-FollowerState: change to CANDIDATE, lastRpcTime:1098ms, electionTimeout:1098ms
2019-11-15 01:00:25,354 [Thread-4380] INFO  impl.RoleInfo (RoleInfo.java:shutdownFollowerState(121)) - 0e91382f-cc67-4c48-b6bb-37ad8c3df0fd: shutdown FollowerState
2019-11-15 01:00:25,355 [Thread-4380] INFO  impl.RaftServerImpl (RaftServerImpl.java:setRole(173)) - 0e91382f-cc67-4c48-b6bb-37ad8c3df0fd@group-8FE6074BF678: changes role from  FOLLOWER to CANDIDATE at term 0 for changeToCandidate
2019-11-15 01:00:25,355 [Thread-4380] INFO  impl.RoleInfo (RoleInfo.java:updateAndGet(143)) - 0e91382f-cc67-4c48-b6bb-37ad8c3df0fd: start LeaderElection
2019-11-15 01:00:25,358 [Thread-4376] INFO  impl.FollowerState (FollowerState.java:run(111)) - e728dc25-e4b1-43c6-a53d-eff097089a23@group-B859CBD11FE8-FollowerState: change to CANDIDATE, lastRpcTime:1166ms, electionTimeout:1165ms
2019-11-15 01:00:25,361 [Thread-4376] INFO  impl.RoleInfo (RoleInfo.java:shutdownFollowerState(121)) - e728dc25-e4b1-43c6-a53d-eff097089a23: shutdown FollowerState
2019-11-15 01:00:25,361 [Thread-4376] INFO  impl.RaftServerImpl (RaftServerImpl.java:setRole(173)) - e728dc25-e4b1-43c6-a53d-eff097089a23@group-B859CBD11FE8: changes role from  FOLLOWER to CANDIDATE at term 0 for changeToCandidate
2019-11-15 01:00:25,362 [Thread-4376] INFO  impl.RoleInfo (RoleInfo.java:updateAndGet(143)) - e728dc25-e4b1-43c6-a53d-eff097089a23: start LeaderElection
2019-11-15 01:00:25,386 [0e91382f-cc67-4c48-b6bb-37ad8c3df0fd@group-8FE6074BF678-LeaderElection169] INFO  impl.LeaderElection (LeaderElection.java:askForVotes(178)) - 0e91382f-cc67-4c48-b6bb-37ad8c3df0fd@group-8FE6074BF678-LeaderElection169: begin an election at term 1 for -1: [0e91382f-cc67-4c48-b6bb-37ad8c3df0fd:192.168.164.208:33069], old=null
2019-11-15 01:00:25,386 [e728dc25-e4b1-43c6-a53d-eff097089a23@group-B859CBD11FE8-LeaderElection170] INFO  impl.LeaderElection (LeaderElection.java:askForVotes(178)) - e728dc25-e4b1-43c6-a53d-eff097089a23@group-B859CBD11FE8-LeaderElection170: begin an election at term 1 for -1: [e728dc25-e4b1-43c6-a53d-eff097089a23:192.168.164.208:40846], old=null
2019-11-15 01:00:25,386 [0e91382f-cc67-4c48-b6bb-37ad8c3df0fd@group-8FE6074BF678-LeaderElection169] INFO  impl.RoleInfo (RoleInfo.java:shutdownLeaderElection(134)) - 0e91382f-cc67-4c48-b6bb-37ad8c3df0fd: shutdown LeaderElection
2019-11-15 01:00:25,386 [e728dc25-e4b1-43c6-a53d-eff097089a23@group-B859CBD11FE8-LeaderElection170] INFO  impl.RoleInfo (RoleInfo.java:shutdownLeaderElection(134)) - e728dc25-e4b1-43c6-a53d-eff097089a23: shutdown LeaderElection
2019-11-15 01:00:25,386 [0e91382f-cc67-4c48-b6bb-37ad8c3df0fd@group-8FE6074BF678-LeaderElection169] INFO  impl.RaftServerImpl (RaftServerImpl.java:setRole(173)) - 0e91382f-cc67-4c48-b6bb-37ad8c3df0fd@group-8FE6074BF678: changes role from CANDIDATE to LEADER at term 1 for changeToLeader
2019-11-15 01:00:25,386 [e728dc25-e4b1-43c6-a53d-eff097089a23@group-B859CBD11FE8-LeaderElection170] INFO  impl.RaftServerImpl (RaftServerImpl.java:setRole(173)) - e728dc25-e4b1-43c6-a53d-eff097089a23@group-B859CBD11FE8: changes role from CANDIDATE to LEADER at term 1 for changeToLeader
2019-11-15 01:00:25,386 [0e91382f-cc67-4c48-b6bb-37ad8c3df0fd@group-8FE6074BF678-LeaderElection169] INFO  ratis.XceiverServerRatis (XceiverServerRatis.java:handleLeaderChangedNotification(697)) - Leader change notification received for group: group-8FE6074BF678 with new leaderId: 0e91382f-cc67-4c48-b6bb-37ad8c3df0fd
2019-11-15 01:00:25,387 [e728dc25-e4b1-43c6-a53d-eff097089a23@group-B859CBD11FE8-LeaderElection170] INFO  ratis.XceiverServerRatis (XceiverServerRatis.java:handleLeaderChangedNotification(697)) - Leader change notification received for group: group-B859CBD11FE8 with new leaderId: e728dc25-e4b1-43c6-a53d-eff097089a23
2019-11-15 01:00:25,387 [0e91382f-cc67-4c48-b6bb-37ad8c3df0fd@group-8FE6074BF678-LeaderElection169] INFO  impl.RaftServerImpl (ServerState.java:setLeader(255)) - 0e91382f-cc67-4c48-b6bb-37ad8c3df0fd@group-8FE6074BF678: change Leader from null to 0e91382f-cc67-4c48-b6bb-37ad8c3df0fd at term 1 for becomeLeader, leader elected after 1135ms
2019-11-15 01:00:25,387 [e728dc25-e4b1-43c6-a53d-eff097089a23@group-B859CBD11FE8-LeaderElection170] INFO  impl.RaftServerImpl (ServerState.java:setLeader(255)) - e728dc25-e4b1-43c6-a53d-eff097089a23@group-B859CBD11FE8: change Leader from null to e728dc25-e4b1-43c6-a53d-eff097089a23 at term 1 for becomeLeader, leader elected after 1198ms
2019-11-15 01:00:25,387 [0e91382f-cc67-4c48-b6bb-37ad8c3df0fd@group-8FE6074BF678-LeaderElection169] INFO  server.RaftServerConfigKeys (ConfUtils.java:logGet(43)) - raft.server.staging.catchup.gap = 1000 (default)
2019-11-15 01:00:25,387 [e728dc25-e4b1-43c6-a53d-eff097089a23@group-B859CBD11FE8-LeaderElection170] INFO  server.RaftServerConfigKeys (ConfUtils.java:logGet(43)) - raft.server.staging.catchup.gap = 1000 (default)
2019-11-15 01:00:25,387 [0e91382f-cc67-4c48-b6bb-37ad8c3df0fd@group-8FE6074BF678-LeaderElection169] INFO  server.RaftServerConfigKeys (ConfUtils.java:logGet(43)) - raft.server.rpc.sleep.time = 25ms (default)
2019-11-15 01:00:25,387 [e728dc25-e4b1-43c6-a53d-eff097089a23@group-B859CBD11FE8-LeaderElection170] INFO  server.RaftServerConfigKeys (ConfUtils.java:logGet(43)) - raft.server.rpc.sleep.time = 25ms (default)
2019-11-15 01:00:25,387 [0e91382f-cc67-4c48-b6bb-37ad8c3df0fd@group-8FE6074BF678-LeaderElection169] INFO  server.RaftServerConfigKeys (ConfUtils.java:logGet(43)) - raft.server.write.element-limit = 4096 (default)
2019-11-15 01:00:25,387 [e728dc25-e4b1-43c6-a53d-eff097089a23@group-B859CBD11FE8-LeaderElection170] INFO  server.RaftServerConfigKeys (ConfUtils.java:logGet(43)) - raft.server.write.element-limit = 4096 (default)
2019-11-15 01:00:25,388 [0e91382f-cc67-4c48-b6bb-37ad8c3df0fd@group-8FE6074BF678-LeaderElection169] INFO  server.RaftServerConfigKeys (ConfUtils.java:logGet(43)) - raft.server.watch.timeout = 10s (default)
2019-11-15 01:00:25,388 [e728dc25-e4b1-43c6-a53d-eff097089a23@group-B859CBD11FE8-LeaderElection170] INFO  server.RaftServerConfigKeys (ConfUtils.java:logGet(43)) - raft.server.watch.timeout = 10s (default)
2019-11-15 01:00:25,388 [EventQueue-PipelineReportForPipelineReportHandler] INFO  pipeline.PipelineStateManager (PipelineStateManager.java:openPipeline(134)) - Pipeline Pipeline[ Id: 66245f49-e88d-4d28-b21f-8fe6074bf678, Nodes: 0e91382f-cc67-4c48-b6bb-37ad8c3df0fd{ip: 192.168.164.208, host: pr-hdds-2442-bxv5b-1523879440, networkLocation: /rack1, certSerialId: null}, Type:RATIS, Factor:ONE, State:OPEN] moved to OPEN state
2019-11-15 01:00:25,388 [0e91382f-cc67-4c48-b6bb-37ad8c3df0fd@group-8FE6074BF678-LeaderElection169] INFO  server.RaftServerConfigKeys (ConfUtils.java:logGet(43)) - raft.server.watch.timeout.denomination = 1s (default)
2019-11-15 01:00:25,388 [EventQueue-PipelineReportForPipelineReportHandler] INFO  pipeline.PipelineStateManager (PipelineStateManager.java:openPipeline(134)) - Pipeline Pipeline[ Id: 5d9d5c98-283b-4d5c-9407-b859cbd11fe8, Nodes: e728dc25-e4b1-43c6-a53d-eff097089a23{ip: 192.168.164.208, host: pr-hdds-2442-bxv5b-1523879440, networkLocation: /rack1, certSerialId: null}, Type:RATIS, Factor:ONE, State:OPEN] moved to OPEN state
2019-11-15 01:00:25,388 [e728dc25-e4b1-43c6-a53d-eff097089a23@group-B859CBD11FE8-LeaderElection170] INFO  server.RaftServerConfigKeys (ConfUtils.java:logGet(43)) - raft.server.watch.timeout.denomination = 1s (default)
2019-11-15 01:00:25,388 [0e91382f-cc67-4c48-b6bb-37ad8c3df0fd@group-8FE6074BF678-LeaderElection169] INFO  server.RaftServerConfigKeys (ConfUtils.java:logGet(43)) - raft.server.watch.element-limit = 65536 (default)
2019-11-15 01:00:25,388 [e728dc25-e4b1-43c6-a53d-eff097089a23@group-B859CBD11FE8-LeaderElection170] INFO  server.RaftServerConfigKeys (ConfUtils.java:logGet(43)) - raft.server.watch.element-limit = 65536 (default)
2019-11-15 01:00:25,388 [0e91382f-cc67-4c48-b6bb-37ad8c3df0fd@group-8FE6074BF678-LeaderElection169] INFO  impl.RoleInfo (RoleInfo.java:updateAndGet(143)) - 0e91382f-cc67-4c48-b6bb-37ad8c3df0fd: start LeaderState
2019-11-15 01:00:25,388 [e728dc25-e4b1-43c6-a53d-eff097089a23@group-B859CBD11FE8-LeaderElection170] INFO  impl.RoleInfo (RoleInfo.java:updateAndGet(143)) - e728dc25-e4b1-43c6-a53d-eff097089a23: start LeaderState
2019-11-15 01:00:25,389 [e728dc25-e4b1-43c6-a53d-eff097089a23@group-B859CBD11FE8-LeaderElection170] INFO  segmented.SegmentedRaftLogWorker (SegmentedRaftLogWorker.java:startLogSegment(385)) - e728dc25-e4b1-43c6-a53d-eff097089a23@group-B859CBD11FE8-SegmentedRaftLogWorker: Starting segment from index:0
2019-11-15 01:00:25,389 [0e91382f-cc67-4c48-b6bb-37ad8c3df0fd@group-8FE6074BF678-LeaderElection169] INFO  segmented.SegmentedRaftLogWorker (SegmentedRaftLogWorker.java:startLogSegment(385)) - 0e91382f-cc67-4c48-b6bb-37ad8c3df0fd@group-8FE6074BF678-SegmentedRaftLogWorker: Starting segment from index:0
2019-11-15 01:00:25,389 [e728dc25-e4b1-43c6-a53d-eff097089a23@group-B859CBD11FE8-LeaderElection170] INFO  impl.RaftServerImpl (ServerState.java:setRaftConf(356)) - e728dc25-e4b1-43c6-a53d-eff097089a23@group-B859CBD11FE8: set configuration 0: [e728dc25-e4b1-43c6-a53d-eff097089a23:192.168.164.208:40846], old=null at 0
2019-11-15 01:00:25,389 [0e91382f-cc67-4c48-b6bb-37ad8c3df0fd@group-8FE6074BF678-LeaderElection169] INFO  impl.RaftServerImpl (ServerState.java:setRaftConf(356)) - 0e91382f-cc67-4c48-b6bb-37ad8c3df0fd@group-8FE6074BF678: set configuration 0: [0e91382f-cc67-4c48-b6bb-37ad8c3df0fd:192.168.164.208:33069], old=null at 0
2019-11-15 01:00:25,397 [Thread-4384] INFO  impl.FollowerState (FollowerState.java:run(111)) - 10ab2f01-a163-4b0b-bdc9-1962e1c3543b@group-04507F04D4AB-FollowerState: change to CANDIDATE, lastRpcTime:1058ms, electionTimeout:1058ms
2019-11-15 01:00:25,397 [Thread-4384] INFO  impl.RoleInfo (RoleInfo.java:shutdownFollowerState(121)) - 10ab2f01-a163-4b0b-bdc9-1962e1c3543b: shutdown FollowerState
2019-11-15 01:00:25,397 [Thread-4384] INFO  impl.RaftServerImpl (RaftServerImpl.java:setRole(173)) - 10ab2f01-a163-4b0b-bdc9-1962e1c3543b@group-04507F04D4AB: changes role from  FOLLOWER to CANDIDATE at term 0 for changeToCandidate
2019-11-15 01:00:25,398 [Thread-4384] INFO  impl.RoleInfo (RoleInfo.java:updateAndGet(143)) - 10ab2f01-a163-4b0b-bdc9-1962e1c3543b: start LeaderElection
2019-11-15 01:00:25,441 [0e91382f-cc67-4c48-b6bb-37ad8c3df0fd@group-8FE6074BF678-SegmentedRaftLogWorker] INFO  segmented.SegmentedRaftLogWorker (SegmentedRaftLogWorker.java:execute(576)) - 0e91382f-cc67-4c48-b6bb-37ad8c3df0fd@group-8FE6074BF678-SegmentedRaftLogWorker: created new log segment /workdir/hadoop-ozone/integration-test/target/test-dir/MiniOzoneClusterImpl-9b1c7e50-938b-4652-9315-e435b3731240/datanode-0/data/ratis/66245f49-e88d-4d28-b21f-8fe6074bf678/current/log_inprogress_0
2019-11-15 01:00:25,441 [10ab2f01-a163-4b0b-bdc9-1962e1c3543b@group-04507F04D4AB-LeaderElection171] INFO  impl.LeaderElection (LeaderElection.java:askForVotes(178)) - 10ab2f01-a163-4b0b-bdc9-1962e1c3543b@group-04507F04D4AB-LeaderElection171: begin an election at term 1 for -1: [10ab2f01-a163-4b0b-bdc9-1962e1c3543b:192.168.164.208:38174], old=null
2019-11-15 01:00:25,441 [e728dc25-e4b1-43c6-a53d-eff097089a23@group-B859CBD11FE8-SegmentedRaftLogWorker] INFO  segmented.SegmentedRaftLogWorker (SegmentedRaftLogWorker.java:execute(576)) - e728dc25-e4b1-43c6-a53d-eff097089a23@group-B859CBD11FE8-SegmentedRaftLogWorker: created new log segment /workdir/hadoop-ozone/integration-test/target/test-dir/MiniOzoneClusterImpl-9b1c7e50-938b-4652-9315-e435b3731240/datanode-7/data/ratis/5d9d5c98-283b-4d5c-9407-b859cbd11fe8/current/log_inprogress_0
2019-11-15 01:00:25,441 [10ab2f01-a163-4b0b-bdc9-1962e1c3543b@group-04507F04D4AB-LeaderElection171] INFO  impl.RoleInfo (RoleInfo.java:shutdownLeaderElection(134)) - 10ab2f01-a163-4b0b-bdc9-1962e1c3543b: shutdown LeaderElection
2019-11-15 01:00:25,442 [10ab2f01-a163-4b0b-bdc9-1962e1c3543b@group-04507F04D4AB-LeaderElection171] INFO  impl.RaftServerImpl (RaftServerImpl.java:setRole(173)) - 10ab2f01-a163-4b0b-bdc9-1962e1c3543b@group-04507F04D4AB: changes role from CANDIDATE to LEADER at term 1 for changeToLeader
2019-11-15 01:00:25,442 [10ab2f01-a163-4b0b-bdc9-1962e1c3543b@group-04507F04D4AB-LeaderElection171] INFO  ratis.XceiverServerRatis (XceiverServerRatis.java:handleLeaderChangedNotification(697)) - Leader change notification received for group: group-04507F04D4AB with new leaderId: 10ab2f01-a163-4b0b-bdc9-1962e1c3543b
2019-11-15 01:00:25,442 [10ab2f01-a163-4b0b-bdc9-1962e1c3543b@group-04507F04D4AB-LeaderElection171] INFO  impl.RaftServerImpl (ServerState.java:setLeader(255)) - 10ab2f01-a163-4b0b-bdc9-1962e1c3543b@group-04507F04D4AB: change Leader from null to 10ab2f01-a163-4b0b-bdc9-1962e1c3543b at term 1 for becomeLeader, leader elected after 1105ms
2019-11-15 01:00:25,442 [10ab2f01-a163-4b0b-bdc9-1962e1c3543b@group-04507F04D4AB-LeaderElection171] INFO  server.RaftServerConfigKeys (ConfUtils.java:logGet(43)) - raft.server.staging.catchup.gap = 1000 (default)
2019-11-15 01:00:25,442 [10ab2f01-a163-4b0b-bdc9-1962e1c3543b@group-04507F04D4AB-LeaderElection171] INFO  server.RaftServerConfigKeys (ConfUtils.java:logGet(43)) - raft.server.rpc.sleep.time = 25ms (default)
2019-11-15 01:00:25,442 [10ab2f01-a163-4b0b-bdc9-1962e1c3543b@group-04507F04D4AB-LeaderElection171] INFO  server.RaftServerConfigKeys (ConfUtils.java:logGet(43)) - raft.server.write.element-limit = 4096 (default)
2019-11-15 01:00:25,442 [10ab2f01-a163-4b0b-bdc9-1962e1c3543b@group-04507F04D4AB-LeaderElection171] INFO  server.RaftServerConfigKeys (ConfUtils.java:logGet(43)) - raft.server.watch.timeout = 10s (default)
2019-11-15 01:00:25,442 [10ab2f01-a163-4b0b-bdc9-1962e1c3543b@group-04507F04D4AB-LeaderElection171] INFO  server.RaftServerConfigKeys (ConfUtils.java:logGet(43)) - raft.server.watch.timeout.denomination = 1s (default)
2019-11-15 01:00:25,443 [10ab2f01-a163-4b0b-bdc9-1962e1c3543b@group-04507F04D4AB-LeaderElection171] INFO  server.RaftServerConfigKeys (ConfUtils.java:logGet(43)) - raft.server.watch.element-limit = 65536 (default)
2019-11-15 01:00:25,443 [10ab2f01-a163-4b0b-bdc9-1962e1c3543b@group-04507F04D4AB-LeaderElection171] INFO  impl.RoleInfo (RoleInfo.java:updateAndGet(143)) - 10ab2f01-a163-4b0b-bdc9-1962e1c3543b: start LeaderState
2019-11-15 01:00:25,443 [EventQueue-PipelineReportForPipelineReportHandler] INFO  pipeline.PipelineStateManager (PipelineStateManager.java:openPipeline(134)) - Pipeline Pipeline[ Id: 9023bfe3-da54-4010-971e-04507f04d4ab, Nodes: 10ab2f01-a163-4b0b-bdc9-1962e1c3543b{ip: 192.168.164.208, host: pr-hdds-2442-bxv5b-1523879440, networkLocation: /rack1, certSerialId: null}, Type:RATIS, Factor:ONE, State:OPEN] moved to OPEN state
2019-11-15 01:00:25,443 [10ab2f01-a163-4b0b-bdc9-1962e1c3543b@group-04507F04D4AB-LeaderElection171] INFO  segmented.SegmentedRaftLogWorker (SegmentedRaftLogWorker.java:startLogSegment(385)) - 10ab2f01-a163-4b0b-bdc9-1962e1c3543b@group-04507F04D4AB-SegmentedRaftLogWorker: Starting segment from index:0
2019-11-15 01:00:25,443 [10ab2f01-a163-4b0b-bdc9-1962e1c3543b@group-04507F04D4AB-LeaderElection171] INFO  impl.RaftServerImpl (ServerState.java:setRaftConf(356)) - 10ab2f01-a163-4b0b-bdc9-1962e1c3543b@group-04507F04D4AB: set configuration 0: [10ab2f01-a163-4b0b-bdc9-1962e1c3543b:192.168.164.208:38174], old=null at 0
2019-11-15 01:00:25,451 [Thread-4390] INFO  impl.FollowerState (FollowerState.java:run(111)) - 0e91382f-cc67-4c48-b6bb-37ad8c3df0fd@group-8C05B86E69BD-FollowerState: change to CANDIDATE, lastRpcTime:1001ms, electionTimeout:1001ms
2019-11-15 01:00:25,452 [Thread-4390] INFO  impl.RoleInfo (RoleInfo.java:shutdownFollowerState(121)) - 0e91382f-cc67-4c48-b6bb-37ad8c3df0fd: shutdown FollowerState
2019-11-15 01:00:25,452 [Thread-4390] INFO  impl.RaftServerImpl (RaftServerImpl.java:setRole(173)) - 0e91382f-cc67-4c48-b6bb-37ad8c3df0fd@group-8C05B86E69BD: changes role from  FOLLOWER to CANDIDATE at term 0 for changeToCandidate
2019-11-15 01:00:25,452 [Thread-4390] INFO  impl.RoleInfo (RoleInfo.java:updateAndGet(143)) - 0e91382f-cc67-4c48-b6bb-37ad8c3df0fd: start LeaderElection
2019-11-15 01:00:25,489 [Thread-4394] INFO  impl.FollowerState (FollowerState.java:run(111)) - 10ab2f01-a163-4b0b-bdc9-1962e1c3543b@group-8C05B86E69BD-FollowerState: change to CANDIDATE, lastRpcTime:1036ms, electionTimeout:1036ms
2019-11-15 01:00:25,489 [Thread-4394] INFO  impl.RoleInfo (RoleInfo.java:shutdownFollowerState(121)) - 10ab2f01-a163-4b0b-bdc9-1962e1c3543b: shutdown FollowerState
2019-11-15 01:00:25,489 [Thread-4394] INFO  impl.RaftServerImpl (RaftServerImpl.java:setRole(173)) - 10ab2f01-a163-4b0b-bdc9-1962e1c3543b@group-8C05B86E69BD: changes role from  FOLLOWER to CANDIDATE at term 0 for changeToCandidate
2019-11-15 01:00:25,489 [Thread-4394] INFO  impl.RoleInfo (RoleInfo.java:updateAndGet(143)) - 10ab2f01-a163-4b0b-bdc9-1962e1c3543b: start LeaderElection
2019-11-15 01:00:25,503 [10ab2f01-a163-4b0b-bdc9-1962e1c3543b@group-04507F04D4AB-SegmentedRaftLogWorker] INFO  segmented.SegmentedRaftLogWorker (SegmentedRaftLogWorker.java:execute(576)) - 10ab2f01-a163-4b0b-bdc9-1962e1c3543b@group-04507F04D4AB-SegmentedRaftLogWorker: created new log segment /workdir/hadoop-ozone/integration-test/target/test-dir/MiniOzoneClusterImpl-9b1c7e50-938b-4652-9315-e435b3731240/datanode-2/data/ratis/9023bfe3-da54-4010-971e-04507f04d4ab/current/log_inprogress_0
2019-11-15 01:00:25,503 [0e91382f-cc67-4c48-b6bb-37ad8c3df0fd@group-8C05B86E69BD-LeaderElection172] INFO  impl.LeaderElection (LeaderElection.java:askForVotes(178)) - 0e91382f-cc67-4c48-b6bb-37ad8c3df0fd@group-8C05B86E69BD-LeaderElection172: begin an election at term 1 for -1: [0e91382f-cc67-4c48-b6bb-37ad8c3df0fd:192.168.164.208:33069, 10ab2f01-a163-4b0b-bdc9-1962e1c3543b:192.168.164.208:38174, 212c8f8f-349a-4c94-b732-b4c0454eae1b:192.168.164.208:37073], old=null
2019-11-15 01:00:25,509 [grpc-default-executor-0] INFO  impl.RaftServerImpl (RaftServerImpl.java:setRole(173)) - 212c8f8f-349a-4c94-b732-b4c0454eae1b@group-8C05B86E69BD: changes role from  FOLLOWER to FOLLOWER at term 1 for recognizeCandidate:0e91382f-cc67-4c48-b6bb-37ad8c3df0fd
2019-11-15 01:00:25,509 [10ab2f01-a163-4b0b-bdc9-1962e1c3543b@group-8C05B86E69BD-LeaderElection173] INFO  impl.LeaderElection (LeaderElection.java:askForVotes(178)) - 10ab2f01-a163-4b0b-bdc9-1962e1c3543b@group-8C05B86E69BD-LeaderElection173: begin an election at term 1 for -1: [0e91382f-cc67-4c48-b6bb-37ad8c3df0fd:192.168.164.208:33069, 10ab2f01-a163-4b0b-bdc9-1962e1c3543b:192.168.164.208:38174, 212c8f8f-349a-4c94-b732-b4c0454eae1b:192.168.164.208:37073], old=null
2019-11-15 01:00:25,509 [grpc-default-executor-0] INFO  impl.RoleInfo (RoleInfo.java:shutdownFollowerState(121)) - 212c8f8f-349a-4c94-b732-b4c0454eae1b: shutdown FollowerState
2019-11-15 01:00:25,510 [Thread-4395] INFO  impl.FollowerState (FollowerState.java:run(120)) - 212c8f8f-349a-4c94-b732-b4c0454eae1b@group-8C05B86E69BD-FollowerState was interrupted: java.lang.InterruptedException: sleep interrupted
2019-11-15 01:00:25,510 [grpc-default-executor-0] INFO  impl.RoleInfo (RoleInfo.java:updateAndGet(143)) - 212c8f8f-349a-4c94-b732-b4c0454eae1b: start FollowerState
2019-11-15 01:00:25,528 [0e91382f-cc67-4c48-b6bb-37ad8c3df0fd@group-8C05B86E69BD-LeaderElection172] INFO  impl.LeaderElection (LeaderElection.java:logAndReturn(56)) - 0e91382f-cc67-4c48-b6bb-37ad8c3df0fd@group-8C05B86E69BD-LeaderElection172: Election PASSED; received 2 response(s) [0e91382f-cc67-4c48-b6bb-37ad8c3df0fd<-10ab2f01-a163-4b0b-bdc9-1962e1c3543b#0:FAIL-t1, 0e91382f-cc67-4c48-b6bb-37ad8c3df0fd<-212c8f8f-349a-4c94-b732-b4c0454eae1b#0:OK-t1] and 0 exception(s); 0e91382f-cc67-4c48-b6bb-37ad8c3df0fd@group-8C05B86E69BD:t1, leader=null, voted=0e91382f-cc67-4c48-b6bb-37ad8c3df0fd, raftlog=0e91382f-cc67-4c48-b6bb-37ad8c3df0fd@group-8C05B86E69BD-SegmentedRaftLog:OPENED:c-1,f-1,i0, conf=-1: [0e91382f-cc67-4c48-b6bb-37ad8c3df0fd:192.168.164.208:33069, 10ab2f01-a163-4b0b-bdc9-1962e1c3543b:192.168.164.208:38174, 212c8f8f-349a-4c94-b732-b4c0454eae1b:192.168.164.208:37073], old=null
2019-11-15 01:00:25,528 [10ab2f01-a163-4b0b-bdc9-1962e1c3543b@group-8C05B86E69BD-LeaderElection173] INFO  impl.LeaderElection (LeaderElection.java:logAndReturn(56)) - 10ab2f01-a163-4b0b-bdc9-1962e1c3543b@group-8C05B86E69BD-LeaderElection173: Election REJECTED; received 2 response(s) [10ab2f01-a163-4b0b-bdc9-1962e1c3543b<-0e91382f-cc67-4c48-b6bb-37ad8c3df0fd#0:FAIL-t1, 10ab2f01-a163-4b0b-bdc9-1962e1c3543b<-212c8f8f-349a-4c94-b732-b4c0454eae1b#0:FAIL-t1] and 0 exception(s); 10ab2f01-a163-4b0b-bdc9-1962e1c3543b@group-8C05B86E69BD:t1, leader=null, voted=10ab2f01-a163-4b0b-bdc9-1962e1c3543b, raftlog=10ab2f01-a163-4b0b-bdc9-1962e1c3543b@group-8C05B86E69BD-SegmentedRaftLog:OPENED:c-1,f-1,i0, conf=-1: [0e91382f-cc67-4c48-b6bb-37ad8c3df0fd:192.168.164.208:33069, 10ab2f01-a163-4b0b-bdc9-1962e1c3543b:192.168.164.208:38174, 212c8f8f-349a-4c94-b732-b4c0454eae1b:192.168.164.208:37073], old=null
2019-11-15 01:00:25,529 [0e91382f-cc67-4c48-b6bb-37ad8c3df0fd@group-8C05B86E69BD-LeaderElection172] INFO  impl.RoleInfo (RoleInfo.java:shutdownLeaderElection(134)) - 0e91382f-cc67-4c48-b6bb-37ad8c3df0fd: shutdown LeaderElection
2019-11-15 01:00:25,529 [10ab2f01-a163-4b0b-bdc9-1962e1c3543b@group-8C05B86E69BD-LeaderElection173] INFO  impl.RaftServerImpl (RaftServerImpl.java:setRole(173)) - 10ab2f01-a163-4b0b-bdc9-1962e1c3543b@group-8C05B86E69BD: changes role from CANDIDATE to FOLLOWER at term 1 for DISCOVERED_A_NEW_TERM
2019-11-15 01:00:25,529 [0e91382f-cc67-4c48-b6bb-37ad8c3df0fd@group-8C05B86E69BD-LeaderElection172] INFO  impl.RaftServerImpl (RaftServerImpl.java:setRole(173)) - 0e91382f-cc67-4c48-b6bb-37ad8c3df0fd@group-8C05B86E69BD: changes role from CANDIDATE to LEADER at term 1 for changeToLeader
2019-11-15 01:00:25,529 [10ab2f01-a163-4b0b-bdc9-1962e1c3543b@group-8C05B86E69BD-LeaderElection173] INFO  impl.RoleInfo (RoleInfo.java:shutdownLeaderElection(134)) - 10ab2f01-a163-4b0b-bdc9-1962e1c3543b: shutdown LeaderElection
2019-11-15 01:00:25,529 [0e91382f-cc67-4c48-b6bb-37ad8c3df0fd@group-8C05B86E69BD-LeaderElection172] INFO  ratis.XceiverServerRatis (XceiverServerRatis.java:handleLeaderChangedNotification(697)) - Leader change notification received for group: group-8C05B86E69BD with new leaderId: 0e91382f-cc67-4c48-b6bb-37ad8c3df0fd
2019-11-15 01:00:25,529 [10ab2f01-a163-4b0b-bdc9-1962e1c3543b@group-8C05B86E69BD-LeaderElection173] INFO  impl.RoleInfo (RoleInfo.java:updateAndGet(143)) - 10ab2f01-a163-4b0b-bdc9-1962e1c3543b: start FollowerState
2019-11-15 01:00:25,529 [0e91382f-cc67-4c48-b6bb-37ad8c3df0fd@group-8C05B86E69BD-LeaderElection172] INFO  impl.RaftServerImpl (ServerState.java:setLeader(255)) - 0e91382f-cc67-4c48-b6bb-37ad8c3df0fd@group-8C05B86E69BD: change Leader from null to 0e91382f-cc67-4c48-b6bb-37ad8c3df0fd at term 1 for becomeLeader, leader elected after 1083ms
2019-11-15 01:00:25,529 [0e91382f-cc67-4c48-b6bb-37ad8c3df0fd@group-8C05B86E69BD-LeaderElection172] INFO  server.RaftServerConfigKeys (ConfUtils.java:logGet(43)) - raft.server.staging.catchup.gap = 1000 (default)
2019-11-15 01:00:25,530 [0e91382f-cc67-4c48-b6bb-37ad8c3df0fd@group-8C05B86E69BD-LeaderElection172] INFO  server.RaftServerConfigKeys (ConfUtils.java:logGet(43)) - raft.server.rpc.sleep.time = 25ms (default)
2019-11-15 01:00:25,530 [0e91382f-cc67-4c48-b6bb-37ad8c3df0fd@group-8C05B86E69BD-LeaderElection172] INFO  server.RaftServerConfigKeys (ConfUtils.java:logGet(43)) - raft.server.write.element-limit = 4096 (default)
2019-11-15 01:00:25,530 [0e91382f-cc67-4c48-b6bb-37ad8c3df0fd@group-8C05B86E69BD-LeaderElection172] INFO  server.RaftServerConfigKeys (ConfUtils.java:logGet(43)) - raft.server.watch.timeout = 10s (default)
2019-11-15 01:00:25,530 [0e91382f-cc67-4c48-b6bb-37ad8c3df0fd@group-8C05B86E69BD-LeaderElection172] INFO  server.RaftServerConfigKeys (ConfUtils.java:logGet(43)) - raft.server.watch.timeout.denomination = 1s (default)
2019-11-15 01:00:25,530 [0e91382f-cc67-4c48-b6bb-37ad8c3df0fd@group-8C05B86E69BD-LeaderElection172] INFO  server.RaftServerConfigKeys (ConfUtils.java:logGet(43)) - raft.server.watch.element-limit = 65536 (default)
2019-11-15 01:00:25,530 [EventQueue-PipelineReportForPipelineReportHandler] INFO  pipeline.PipelineStateManager (PipelineStateManager.java:openPipeline(134)) - Pipeline Pipeline[ Id: 0f00ac25-c772-4514-9910-8c05b86e69bd, Nodes: 10ab2f01-a163-4b0b-bdc9-1962e1c3543b{ip: 192.168.164.208, host: pr-hdds-2442-bxv5b-1523879440, networkLocation: /rack1, certSerialId: null}0e91382f-cc67-4c48-b6bb-37ad8c3df0fd{ip: 192.168.164.208, host: pr-hdds-2442-bxv5b-1523879440, networkLocation: /rack1, certSerialId: null}212c8f8f-349a-4c94-b732-b4c0454eae1b{ip: 192.168.164.208, host: pr-hdds-2442-bxv5b-1523879440, networkLocation: /rack1, certSerialId: null}, Type:RATIS, Factor:THREE, State:OPEN] moved to OPEN state
2019-11-15 01:00:25,530 [0e91382f-cc67-4c48-b6bb-37ad8c3df0fd@group-8C05B86E69BD-LeaderElection172] INFO  server.RaftServerConfigKeys (ConfUtils.java:logGet(43)) - raft.server.log.appender.snapshot.chunk.size.max = 16MB (=16777216) (default)
2019-11-15 01:00:25,530 [0e91382f-cc67-4c48-b6bb-37ad8c3df0fd@group-8C05B86E69BD-LeaderElection172] INFO  server.RaftServerConfigKeys (ConfUtils.java:logGet(43)) - raft.server.log.appender.buffer.byte-limit = 33554432 (custom)
2019-11-15 01:00:25,530 [0e91382f-cc67-4c48-b6bb-37ad8c3df0fd@group-8C05B86E69BD-LeaderElection172] INFO  server.RaftServerConfigKeys (ConfUtils.java:logGet(43)) - raft.server.log.appender.buffer.element-limit = 1 (custom)
2019-11-15 01:00:25,531 [0e91382f-cc67-4c48-b6bb-37ad8c3df0fd@group-8C05B86E69BD-LeaderElection172] INFO  grpc.GrpcConfigKeys$Server (ConfUtils.java:logGet(43)) - raft.grpc.server.leader.outstanding.appends.max = 128 (default)
2019-11-15 01:00:25,531 [0e91382f-cc67-4c48-b6bb-37ad8c3df0fd@group-8C05B86E69BD-LeaderElection172] INFO  server.RaftServerConfigKeys (ConfUtils.java:logGet(43)) - raft.server.rpc.request.timeout = 3000ms (default)
2019-11-15 01:00:25,531 [0e91382f-cc67-4c48-b6bb-37ad8c3df0fd@group-8C05B86E69BD-LeaderElection172] INFO  server.RaftServerConfigKeys (ConfUtils.java:logGet(43)) - raft.server.log.appender.install.snapshot.enabled = false (custom)
2019-11-15 01:00:25,531 [0e91382f-cc67-4c48-b6bb-37ad8c3df0fd@group-8C05B86E69BD-LeaderElection172] WARN  impl.MetricRegistriesImpl (MetricRegistriesImpl.java:lambda$create$1(61)) - First MetricRegistry has been created without registering reporters. You may need to call MetricRegistries.global().addReportRegistration(...) before.
2019-11-15 01:00:25,531 [0e91382f-cc67-4c48-b6bb-37ad8c3df0fd@group-8C05B86E69BD-LeaderElection172] INFO  server.RaftServerConfigKeys (ConfUtils.java:logGet(43)) - raft.server.log.appender.snapshot.chunk.size.max = 16MB (=16777216) (default)
2019-11-15 01:00:25,531 [0e91382f-cc67-4c48-b6bb-37ad8c3df0fd@group-8C05B86E69BD-LeaderElection172] INFO  server.RaftServerConfigKeys (ConfUtils.java:logGet(43)) - raft.server.log.appender.buffer.byte-limit = 33554432 (custom)
2019-11-15 01:00:25,531 [0e91382f-cc67-4c48-b6bb-37ad8c3df0fd@group-8C05B86E69BD-LeaderElection172] INFO  server.RaftServerConfigKeys (ConfUtils.java:logGet(43)) - raft.server.log.appender.buffer.element-limit = 1 (custom)
2019-11-15 01:00:25,531 [0e91382f-cc67-4c48-b6bb-37ad8c3df0fd@group-8C05B86E69BD-LeaderElection172] INFO  grpc.GrpcConfigKeys$Server (ConfUtils.java:logGet(43)) - raft.grpc.server.leader.outstanding.appends.max = 128 (default)
2019-11-15 01:00:25,531 [0e91382f-cc67-4c48-b6bb-37ad8c3df0fd@group-8C05B86E69BD-LeaderElection172] INFO  server.RaftServerConfigKeys (ConfUtils.java:logGet(43)) - raft.server.rpc.request.timeout = 3000ms (default)
2019-11-15 01:00:25,531 [0e91382f-cc67-4c48-b6bb-37ad8c3df0fd@group-8C05B86E69BD-LeaderElection172] INFO  server.RaftServerConfigKeys (ConfUtils.java:logGet(43)) - raft.server.log.appender.install.snapshot.enabled = false (custom)
2019-11-15 01:00:25,532 [0e91382f-cc67-4c48-b6bb-37ad8c3df0fd@group-8C05B86E69BD-LeaderElection172] INFO  impl.RoleInfo (RoleInfo.java:updateAndGet(143)) - 0e91382f-cc67-4c48-b6bb-37ad8c3df0fd: start LeaderState
2019-11-15 01:00:25,532 [0e91382f-cc67-4c48-b6bb-37ad8c3df0fd@group-8C05B86E69BD-LeaderElection172] INFO  segmented.SegmentedRaftLogWorker (SegmentedRaftLogWorker.java:startLogSegment(385)) - 0e91382f-cc67-4c48-b6bb-37ad8c3df0fd@group-8C05B86E69BD-SegmentedRaftLogWorker: Starting segment from index:0
2019-11-15 01:00:25,532 [0e91382f-cc67-4c48-b6bb-37ad8c3df0fd@group-8C05B86E69BD-LeaderElection172] INFO  impl.RaftServerImpl (ServerState.java:setRaftConf(356)) - 0e91382f-cc67-4c48-b6bb-37ad8c3df0fd@group-8C05B86E69BD: set configuration 0: [0e91382f-cc67-4c48-b6bb-37ad8c3df0fd:192.168.164.208:33069, 10ab2f01-a163-4b0b-bdc9-1962e1c3543b:192.168.164.208:38174, 212c8f8f-349a-4c94-b732-b4c0454eae1b:192.168.164.208:37073], old=null at 0
2019-11-15 01:00:25,557 [grpc-default-executor-5] INFO  ratis.XceiverServerRatis (XceiverServerRatis.java:handleLeaderChangedNotification(697)) - Leader change notification received for group: group-8C05B86E69BD with new leaderId: 0e91382f-cc67-4c48-b6bb-37ad8c3df0fd
2019-11-15 01:00:25,557 [grpc-default-executor-0] INFO  ratis.XceiverServerRatis (XceiverServerRatis.java:handleLeaderChangedNotification(697)) - Leader change notification received for group: group-8C05B86E69BD with new leaderId: 0e91382f-cc67-4c48-b6bb-37ad8c3df0fd
2019-11-15 01:00:25,558 [grpc-default-executor-0] INFO  impl.RaftServerImpl (ServerState.java:setLeader(255)) - 10ab2f01-a163-4b0b-bdc9-1962e1c3543b@group-8C05B86E69BD: change Leader from null to 0e91382f-cc67-4c48-b6bb-37ad8c3df0fd at term 1 for appendEntries, leader elected after 1111ms
2019-11-15 01:00:25,557 [grpc-default-executor-5] INFO  impl.RaftServerImpl (ServerState.java:setLeader(255)) - 212c8f8f-349a-4c94-b732-b4c0454eae1b@group-8C05B86E69BD: change Leader from null to 0e91382f-cc67-4c48-b6bb-37ad8c3df0fd at term 1 for appendEntries, leader elected after 1111ms
2019-11-15 01:00:25,559 [grpc-default-executor-5] INFO  impl.RaftServerImpl (ServerState.java:setRaftConf(356)) - 10ab2f01-a163-4b0b-bdc9-1962e1c3543b@group-8C05B86E69BD: set configuration 0: [0e91382f-cc67-4c48-b6bb-37ad8c3df0fd:192.168.164.208:33069, 10ab2f01-a163-4b0b-bdc9-1962e1c3543b:192.168.164.208:38174, 212c8f8f-349a-4c94-b732-b4c0454eae1b:192.168.164.208:37073], old=null at 0
2019-11-15 01:00:25,559 [grpc-default-executor-0] INFO  impl.RaftServerImpl (ServerState.java:setRaftConf(356)) - 212c8f8f-349a-4c94-b732-b4c0454eae1b@group-8C05B86E69BD: set configuration 0: [0e91382f-cc67-4c48-b6bb-37ad8c3df0fd:192.168.164.208:33069, 10ab2f01-a163-4b0b-bdc9-1962e1c3543b:192.168.164.208:38174, 212c8f8f-349a-4c94-b732-b4c0454eae1b:192.168.164.208:37073], old=null at 0
2019-11-15 01:00:25,559 [grpc-default-executor-5] INFO  segmented.SegmentedRaftLogWorker (SegmentedRaftLogWorker.java:startLogSegment(385)) - 10ab2f01-a163-4b0b-bdc9-1962e1c3543b@group-8C05B86E69BD-SegmentedRaftLogWorker: Starting segment from index:0
2019-11-15 01:00:25,559 [grpc-default-executor-0] INFO  segmented.SegmentedRaftLogWorker (SegmentedRaftLogWorker.java:startLogSegment(385)) - 212c8f8f-349a-4c94-b732-b4c0454eae1b@group-8C05B86E69BD-SegmentedRaftLogWorker: Starting segment from index:0
2019-11-15 01:00:25,569 [0e91382f-cc67-4c48-b6bb-37ad8c3df0fd@group-8C05B86E69BD-SegmentedRaftLogWorker] INFO  segmented.SegmentedRaftLogWorker (SegmentedRaftLogWorker.java:execute(576)) - 0e91382f-cc67-4c48-b6bb-37ad8c3df0fd@group-8C05B86E69BD-SegmentedRaftLogWorker: created new log segment /workdir/hadoop-ozone/integration-test/target/test-dir/MiniOzoneClusterImpl-9b1c7e50-938b-4652-9315-e435b3731240/datanode-0/data/ratis/0f00ac25-c772-4514-9910-8c05b86e69bd/current/log_inprogress_0
2019-11-15 01:00:25,595 [Thread-4407] INFO  impl.FollowerState (FollowerState.java:run(111)) - 2b497d53-8cea-4a7e-98a0-4cfb87fd1475@group-C000B87B85A5-FollowerState: change to CANDIDATE, lastRpcTime:1035ms, electionTimeout:1035ms
2019-11-15 01:00:25,596 [Thread-4407] INFO  impl.RoleInfo (RoleInfo.java:shutdownFollowerState(121)) - 2b497d53-8cea-4a7e-98a0-4cfb87fd1475: shutdown FollowerState
2019-11-15 01:00:25,596 [Thread-4407] INFO  impl.RaftServerImpl (RaftServerImpl.java:setRole(173)) - 2b497d53-8cea-4a7e-98a0-4cfb87fd1475@group-C000B87B85A5: changes role from  FOLLOWER to CANDIDATE at term 0 for changeToCandidate
2019-11-15 01:00:25,596 [Thread-4407] INFO  impl.RoleInfo (RoleInfo.java:updateAndGet(143)) - 2b497d53-8cea-4a7e-98a0-4cfb87fd1475: start LeaderElection
2019-11-15 01:00:25,600 [212c8f8f-349a-4c94-b732-b4c0454eae1b@group-8C05B86E69BD-SegmentedRaftLogWorker] INFO  segmented.SegmentedRaftLogWorker (SegmentedRaftLogWorker.java:execute(576)) - 212c8f8f-349a-4c94-b732-b4c0454eae1b@group-8C05B86E69BD-SegmentedRaftLogWorker: created new log segment /workdir/hadoop-ozone/integration-test/target/test-dir/MiniOzoneClusterImpl-9b1c7e50-938b-4652-9315-e435b3731240/datanode-1/data/ratis/0f00ac25-c772-4514-9910-8c05b86e69bd/current/log_inprogress_0
2019-11-15 01:00:25,601 [10ab2f01-a163-4b0b-bdc9-1962e1c3543b@group-8C05B86E69BD-SegmentedRaftLogWorker] INFO  segmented.SegmentedRaftLogWorker (SegmentedRaftLogWorker.java:execute(576)) - 10ab2f01-a163-4b0b-bdc9-1962e1c3543b@group-8C05B86E69BD-SegmentedRaftLogWorker: created new log segment /workdir/hadoop-ozone/integration-test/target/test-dir/MiniOzoneClusterImpl-9b1c7e50-938b-4652-9315-e435b3731240/datanode-2/data/ratis/0f00ac25-c772-4514-9910-8c05b86e69bd/current/log_inprogress_0
2019-11-15 01:00:25,616 [2b497d53-8cea-4a7e-98a0-4cfb87fd1475@group-C000B87B85A5-LeaderElection174] INFO  impl.LeaderElection (LeaderElection.java:askForVotes(178)) - 2b497d53-8cea-4a7e-98a0-4cfb87fd1475@group-C000B87B85A5-LeaderElection174: begin an election at term 1 for -1: [2b497d53-8cea-4a7e-98a0-4cfb87fd1475:192.168.164.208:45511], old=null
2019-11-15 01:00:25,617 [2b497d53-8cea-4a7e-98a0-4cfb87fd1475@group-C000B87B85A5-LeaderElection174] INFO  impl.RoleInfo (RoleInfo.java:shutdownLeaderElection(134)) - 2b497d53-8cea-4a7e-98a0-4cfb87fd1475: shutdown LeaderElection
2019-11-15 01:00:25,617 [2b497d53-8cea-4a7e-98a0-4cfb87fd1475@group-C000B87B85A5-LeaderElection174] INFO  impl.RaftServerImpl (RaftServerImpl.java:setRole(173)) - 2b497d53-8cea-4a7e-98a0-4cfb87fd1475@group-C000B87B85A5: changes role from CANDIDATE to LEADER at term 1 for changeToLeader
2019-11-15 01:00:25,617 [2b497d53-8cea-4a7e-98a0-4cfb87fd1475@group-C000B87B85A5-LeaderElection174] INFO  ratis.XceiverServerRatis (XceiverServerRatis.java:handleLeaderChangedNotification(697)) - Leader change notification received for group: group-C000B87B85A5 with new leaderId: 2b497d53-8cea-4a7e-98a0-4cfb87fd1475
2019-11-15 01:00:25,617 [2b497d53-8cea-4a7e-98a0-4cfb87fd1475@group-C000B87B85A5-LeaderElection174] INFO  impl.RaftServerImpl (ServerState.java:setLeader(255)) - 2b497d53-8cea-4a7e-98a0-4cfb87fd1475@group-C000B87B85A5: change Leader from null to 2b497d53-8cea-4a7e-98a0-4cfb87fd1475 at term 1 for becomeLeader, leader elected after 1059ms
2019-11-15 01:00:25,617 [2b497d53-8cea-4a7e-98a0-4cfb87fd1475@group-C000B87B85A5-LeaderElection174] INFO  server.RaftServerConfigKeys (ConfUtils.java:logGet(43)) - raft.server.staging.catchup.gap = 1000 (default)
2019-11-15 01:00:25,617 [2b497d53-8cea-4a7e-98a0-4cfb87fd1475@group-C000B87B85A5-LeaderElection174] INFO  server.RaftServerConfigKeys (ConfUtils.java:logGet(43)) - raft.server.rpc.sleep.time = 25ms (default)
2019-11-15 01:00:25,617 [2b497d53-8cea-4a7e-98a0-4cfb87fd1475@group-C000B87B85A5-LeaderElection174] INFO  server.RaftServerConfigKeys (ConfUtils.java:logGet(43)) - raft.server.write.element-limit = 4096 (default)
2019-11-15 01:00:25,618 [2b497d53-8cea-4a7e-98a0-4cfb87fd1475@group-C000B87B85A5-LeaderElection174] INFO  server.RaftServerConfigKeys (ConfUtils.java:logGet(43)) - raft.server.watch.timeout = 10s (default)
2019-11-15 01:00:25,618 [2b497d53-8cea-4a7e-98a0-4cfb87fd1475@group-C000B87B85A5-LeaderElection174] INFO  server.RaftServerConfigKeys (ConfUtils.java:logGet(43)) - raft.server.watch.timeout.denomination = 1s (default)
2019-11-15 01:00:25,618 [2b497d53-8cea-4a7e-98a0-4cfb87fd1475@group-C000B87B85A5-LeaderElection174] INFO  server.RaftServerConfigKeys (ConfUtils.java:logGet(43)) - raft.server.watch.element-limit = 65536 (default)
2019-11-15 01:00:25,618 [EventQueue-PipelineReportForPipelineReportHandler] INFO  pipeline.PipelineStateManager (PipelineStateManager.java:openPipeline(134)) - Pipeline Pipeline[ Id: 4a3c025f-1a5e-45d6-aa1b-c000b87b85a5, Nodes: 2b497d53-8cea-4a7e-98a0-4cfb87fd1475{ip: 192.168.164.208, host: pr-hdds-2442-bxv5b-1523879440, networkLocation: /rack1, certSerialId: null}, Type:RATIS, Factor:ONE, State:OPEN] moved to OPEN state
2019-11-15 01:00:25,618 [2b497d53-8cea-4a7e-98a0-4cfb87fd1475@group-C000B87B85A5-LeaderElection174] INFO  impl.RoleInfo (RoleInfo.java:updateAndGet(143)) - 2b497d53-8cea-4a7e-98a0-4cfb87fd1475: start LeaderState
2019-11-15 01:00:25,618 [2b497d53-8cea-4a7e-98a0-4cfb87fd1475@group-C000B87B85A5-LeaderElection174] INFO  segmented.SegmentedRaftLogWorker (SegmentedRaftLogWorker.java:startLogSegment(385)) - 2b497d53-8cea-4a7e-98a0-4cfb87fd1475@group-C000B87B85A5-SegmentedRaftLogWorker: Starting segment from index:0
2019-11-15 01:00:25,619 [2b497d53-8cea-4a7e-98a0-4cfb87fd1475@group-C000B87B85A5-LeaderElection174] INFO  impl.RaftServerImpl (ServerState.java:setRaftConf(356)) - 2b497d53-8cea-4a7e-98a0-4cfb87fd1475@group-C000B87B85A5: set configuration 0: [2b497d53-8cea-4a7e-98a0-4cfb87fd1475:192.168.164.208:45511], old=null at 0
2019-11-15 01:00:25,658 [Thread-4403] INFO  impl.FollowerState (FollowerState.java:run(111)) - 87580c89-6647-493a-b156-a806d562b3a1@group-FCB59614F558-FollowerState: change to CANDIDATE, lastRpcTime:1153ms, electionTimeout:1153ms
2019-11-15 01:00:25,658 [Thread-4403] INFO  impl.RoleInfo (RoleInfo.java:shutdownFollowerState(121)) - 87580c89-6647-493a-b156-a806d562b3a1: shutdown FollowerState
2019-11-15 01:00:25,658 [Thread-4403] INFO  impl.RaftServerImpl (RaftServerImpl.java:setRole(173)) - 87580c89-6647-493a-b156-a806d562b3a1@group-FCB59614F558: changes role from  FOLLOWER to CANDIDATE at term 0 for changeToCandidate
2019-11-15 01:00:25,658 [Thread-4403] INFO  impl.RoleInfo (RoleInfo.java:updateAndGet(143)) - 87580c89-6647-493a-b156-a806d562b3a1: start LeaderElection
2019-11-15 01:00:25,662 [2b497d53-8cea-4a7e-98a0-4cfb87fd1475@group-C000B87B85A5-SegmentedRaftLogWorker] INFO  segmented.SegmentedRaftLogWorker (SegmentedRaftLogWorker.java:execute(576)) - 2b497d53-8cea-4a7e-98a0-4cfb87fd1475@group-C000B87B85A5-SegmentedRaftLogWorker: created new log segment /workdir/hadoop-ozone/integration-test/target/test-dir/MiniOzoneClusterImpl-9b1c7e50-938b-4652-9315-e435b3731240/datanode-6/data/ratis/4a3c025f-1a5e-45d6-aa1b-c000b87b85a5/current/log_inprogress_0
2019-11-15 01:00:25,675 [87580c89-6647-493a-b156-a806d562b3a1@group-FCB59614F558-LeaderElection175] INFO  impl.LeaderElection (LeaderElection.java:askForVotes(178)) - 87580c89-6647-493a-b156-a806d562b3a1@group-FCB59614F558-LeaderElection175: begin an election at term 1 for -1: [87580c89-6647-493a-b156-a806d562b3a1:192.168.164.208:37476], old=null
2019-11-15 01:00:25,675 [87580c89-6647-493a-b156-a806d562b3a1@group-FCB59614F558-LeaderElection175] INFO  impl.RoleInfo (RoleInfo.java:shutdownLeaderElection(134)) - 87580c89-6647-493a-b156-a806d562b3a1: shutdown LeaderElection
2019-11-15 01:00:25,675 [87580c89-6647-493a-b156-a806d562b3a1@group-FCB59614F558-LeaderElection175] INFO  impl.RaftServerImpl (RaftServerImpl.java:setRole(173)) - 87580c89-6647-493a-b156-a806d562b3a1@group-FCB59614F558: changes role from CANDIDATE to LEADER at term 1 for changeToLeader
2019-11-15 01:00:25,675 [87580c89-6647-493a-b156-a806d562b3a1@group-FCB59614F558-LeaderElection175] INFO  ratis.XceiverServerRatis (XceiverServerRatis.java:handleLeaderChangedNotification(697)) - Leader change notification received for group: group-FCB59614F558 with new leaderId: 87580c89-6647-493a-b156-a806d562b3a1
2019-11-15 01:00:25,675 [87580c89-6647-493a-b156-a806d562b3a1@group-FCB59614F558-LeaderElection175] INFO  impl.RaftServerImpl (ServerState.java:setLeader(255)) - 87580c89-6647-493a-b156-a806d562b3a1@group-FCB59614F558: change Leader from null to 87580c89-6647-493a-b156-a806d562b3a1 at term 1 for becomeLeader, leader elected after 1173ms
2019-11-15 01:00:25,676 [87580c89-6647-493a-b156-a806d562b3a1@group-FCB59614F558-LeaderElection175] INFO  server.RaftServerConfigKeys (ConfUtils.java:logGet(43)) - raft.server.staging.catchup.gap = 1000 (default)
2019-11-15 01:00:25,676 [87580c89-6647-493a-b156-a806d562b3a1@group-FCB59614F558-LeaderElection175] INFO  server.RaftServerConfigKeys (ConfUtils.java:logGet(43)) - raft.server.rpc.sleep.time = 25ms (default)
2019-11-15 01:00:25,676 [87580c89-6647-493a-b156-a806d562b3a1@group-FCB59614F558-LeaderElection175] INFO  server.RaftServerConfigKeys (ConfUtils.java:logGet(43)) - raft.server.write.element-limit = 4096 (default)
2019-11-15 01:00:25,676 [87580c89-6647-493a-b156-a806d562b3a1@group-FCB59614F558-LeaderElection175] INFO  server.RaftServerConfigKeys (ConfUtils.java:logGet(43)) - raft.server.watch.timeout = 10s (default)
2019-11-15 01:00:25,676 [87580c89-6647-493a-b156-a806d562b3a1@group-FCB59614F558-LeaderElection175] INFO  server.RaftServerConfigKeys (ConfUtils.java:logGet(43)) - raft.server.watch.timeout.denomination = 1s (default)
2019-11-15 01:00:25,676 [87580c89-6647-493a-b156-a806d562b3a1@group-FCB59614F558-LeaderElection175] INFO  server.RaftServerConfigKeys (ConfUtils.java:logGet(43)) - raft.server.watch.element-limit = 65536 (default)
2019-11-15 01:00:25,676 [EventQueue-PipelineReportForPipelineReportHandler] INFO  pipeline.PipelineStateManager (PipelineStateManager.java:openPipeline(134)) - Pipeline Pipeline[ Id: 3eeca584-0466-440b-a463-fcb59614f558, Nodes: 87580c89-6647-493a-b156-a806d562b3a1{ip: 192.168.164.208, host: pr-hdds-2442-bxv5b-1523879440, networkLocation: /rack1, certSerialId: null}, Type:RATIS, Factor:ONE, State:OPEN] moved to OPEN state
2019-11-15 01:00:25,676 [87580c89-6647-493a-b156-a806d562b3a1@group-FCB59614F558-LeaderElection175] INFO  impl.RoleInfo (RoleInfo.java:updateAndGet(143)) - 87580c89-6647-493a-b156-a806d562b3a1: start LeaderState
2019-11-15 01:00:25,677 [87580c89-6647-493a-b156-a806d562b3a1@group-FCB59614F558-LeaderElection175] INFO  segmented.SegmentedRaftLogWorker (SegmentedRaftLogWorker.java:startLogSegment(385)) - 87580c89-6647-493a-b156-a806d562b3a1@group-FCB59614F558-SegmentedRaftLogWorker: Starting segment from index:0
2019-11-15 01:00:25,677 [87580c89-6647-493a-b156-a806d562b3a1@group-FCB59614F558-LeaderElection175] INFO  impl.RaftServerImpl (ServerState.java:setRaftConf(356)) - 87580c89-6647-493a-b156-a806d562b3a1@group-FCB59614F558: set configuration 0: [87580c89-6647-493a-b156-a806d562b3a1:192.168.164.208:37476], old=null at 0
2019-11-15 01:00:25,722 [87580c89-6647-493a-b156-a806d562b3a1@group-FCB59614F558-SegmentedRaftLogWorker] INFO  segmented.SegmentedRaftLogWorker (SegmentedRaftLogWorker.java:execute(576)) - 87580c89-6647-493a-b156-a806d562b3a1@group-FCB59614F558-SegmentedRaftLogWorker: created new log segment /workdir/hadoop-ozone/integration-test/target/test-dir/MiniOzoneClusterImpl-9b1c7e50-938b-4652-9315-e435b3731240/datanode-5/data/ratis/3eeca584-0466-440b-a463-fcb59614f558/current/log_inprogress_0
2019-11-15 01:00:28,713 [main] INFO  ozoneimpl.OzoneContainer (OzoneContainer.java:stop(244)) - Attempting to stop container services.
2019-11-15 01:00:28,714 [main] INFO  impl.RaftServerProxy (RaftServerProxy.java:lambda$close$4(314)) - c7f93789-5ee9-40a1-8afd-58386fa54dde: close
2019-11-15 01:00:28,714 [main] INFO  impl.RaftServerImpl (RaftServerImpl.java:lambda$shutdown$3(250)) - c7f93789-5ee9-40a1-8afd-58386fa54dde@group-E58C27D02539: shutdown
2019-11-15 01:00:28,715 [ForkJoinPool.commonPool-worker-0] INFO  impl.RaftServerImpl (RaftServerImpl.java:lambda$shutdown$3(250)) - c7f93789-5ee9-40a1-8afd-58386fa54dde@group-B76C4CA6B5C8: shutdown
2019-11-15 01:00:28,715 [main] INFO  util.JmxRegister (JmxRegister.java:unregister(73)) - Successfully un-registered JMX Bean with object name Ratis:service=RaftServer,group=group-E58C27D02539,id=c7f93789-5ee9-40a1-8afd-58386fa54dde
2019-11-15 01:00:28,715 [ForkJoinPool.commonPool-worker-0] INFO  util.JmxRegister (JmxRegister.java:unregister(73)) - Successfully un-registered JMX Bean with object name Ratis:service=RaftServer,group=group-B76C4CA6B5C8,id=c7f93789-5ee9-40a1-8afd-58386fa54dde
2019-11-15 01:00:28,715 [main] INFO  impl.RoleInfo (RoleInfo.java:shutdownFollowerState(121)) - c7f93789-5ee9-40a1-8afd-58386fa54dde: shutdown FollowerState
2019-11-15 01:00:28,716 [ForkJoinPool.commonPool-worker-0] INFO  impl.RoleInfo (RoleInfo.java:shutdownLeaderState(104)) - c7f93789-5ee9-40a1-8afd-58386fa54dde: shutdown LeaderState
2019-11-15 01:00:28,716 [main] INFO  impl.StateMachineUpdater (StateMachineUpdater.java:stopAndJoin(136)) - c7f93789-5ee9-40a1-8afd-58386fa54dde@group-E58C27D02539-StateMachineUpdater: set stopIndex = 0
2019-11-15 01:00:28,716 [Thread-4420] INFO  impl.FollowerState (FollowerState.java:run(120)) - c7f93789-5ee9-40a1-8afd-58386fa54dde@group-E58C27D02539-FollowerState was interrupted: java.lang.InterruptedException: sleep interrupted
2019-11-15 01:00:28,716 [main] INFO  impl.RaftServerImpl (ServerState.java:close(387)) - c7f93789-5ee9-40a1-8afd-58386fa54dde@group-E58C27D02539: closes. applyIndex: 0
2019-11-15 01:00:28,716 [ForkJoinPool.commonPool-worker-0] INFO  impl.PendingRequests (PendingRequests.java:sendNotLeaderResponses(206)) - c7f93789-5ee9-40a1-8afd-58386fa54dde@group-B76C4CA6B5C8-PendingRequests: sendNotLeaderResponses
2019-11-15 01:00:28,717 [c7f93789-5ee9-40a1-8afd-58386fa54dde@group-E58C27D02539-SegmentedRaftLogWorker] INFO  segmented.SegmentedRaftLogWorker (SegmentedRaftLogWorker.java:run(316)) - c7f93789-5ee9-40a1-8afd-58386fa54dde@group-E58C27D02539-SegmentedRaftLogWorker was interrupted, exiting. There are 0 tasks remaining in the queue.
2019-11-15 01:00:28,717 [ForkJoinPool.commonPool-worker-0] INFO  impl.StateMachineUpdater (StateMachineUpdater.java:stopAndJoin(136)) - c7f93789-5ee9-40a1-8afd-58386fa54dde@group-B76C4CA6B5C8-StateMachineUpdater: set stopIndex = 0
2019-11-15 01:00:28,717 [main] INFO  segmented.SegmentedRaftLogWorker (SegmentedRaftLogWorker.java:close(224)) - c7f93789-5ee9-40a1-8afd-58386fa54dde@group-E58C27D02539-SegmentedRaftLogWorker close()
2019-11-15 01:00:28,717 [ForkJoinPool.commonPool-worker-0] INFO  impl.RaftServerImpl (ServerState.java:close(387)) - c7f93789-5ee9-40a1-8afd-58386fa54dde@group-B76C4CA6B5C8: closes. applyIndex: 0
2019-11-15 01:00:28,718 [c7f93789-5ee9-40a1-8afd-58386fa54dde@group-B76C4CA6B5C8-SegmentedRaftLogWorker] INFO  segmented.SegmentedRaftLogWorker (SegmentedRaftLogWorker.java:run(316)) - c7f93789-5ee9-40a1-8afd-58386fa54dde@group-B76C4CA6B5C8-SegmentedRaftLogWorker was interrupted, exiting. There are 0 tasks remaining in the queue.
2019-11-15 01:00:28,718 [ForkJoinPool.commonPool-worker-0] INFO  segmented.SegmentedRaftLogWorker (SegmentedRaftLogWorker.java:close(224)) - c7f93789-5ee9-40a1-8afd-58386fa54dde@group-B76C4CA6B5C8-SegmentedRaftLogWorker close()
2019-11-15 01:00:28,719 [main] INFO  server.GrpcService (GrpcService.java:closeImpl(164)) - c7f93789-5ee9-40a1-8afd-58386fa54dde: shutdown server with port 38346 now
2019-11-15 01:00:28,719 [grpc-default-executor-0] WARN  server.GrpcServerProtocolService (LogUtils.java:warn(134)) - c7f93789-5ee9-40a1-8afd-58386fa54dde: installSnapshot onError, lastRequest: d068838d-6499-4b84-94b8-55225fdfdb1a->c7f93789-5ee9-40a1-8afd-58386fa54dde#7-t1, previous=(t:1, i:0), leaderCommit=0, initializing? false, entries: <empty>: org.apache.ratis.thirdparty.io.grpc.StatusRuntimeException: CANCELLED: cancelled before receiving half close
2019-11-15 01:00:28,720 [main] INFO  server.GrpcService (GrpcService.java:closeImpl(172)) - c7f93789-5ee9-40a1-8afd-58386fa54dde: shutdown server with port 38346 successfully
2019-11-15 01:00:28,720 [grpc-default-executor-3] WARN  server.GrpcLogAppender (LogUtils.java:warn(134)) - d068838d-6499-4b84-94b8-55225fdfdb1a@group-E58C27D02539->c7f93789-5ee9-40a1-8afd-58386fa54dde-AppendLogResponseHandler: Failed appendEntries: org.apache.ratis.thirdparty.io.grpc.StatusRuntimeException: CANCELLED: HTTP/2 error code: CANCEL
Received Rst Stream
2019-11-15 01:00:28,720 [grpc-default-executor-3] INFO  impl.FollowerInfo (FollowerInfo.java:lambda$new$0(51)) - d068838d-6499-4b84-94b8-55225fdfdb1a@group-E58C27D02539->c7f93789-5ee9-40a1-8afd-58386fa54dde: nextIndex: updateUnconditionally 1 -> 0
2019-11-15 01:00:28,722 [refreshUsed-/workdir/hadoop-ozone/integration-test/target/test-dir/MiniOzoneClusterImpl-9b1c7e50-938b-4652-9315-e435b3731240/datanode-3/data/containers] WARN  fs.CachingGetSpaceUsed (CachingGetSpaceUsed.java:run(183)) - Thread Interrupted waiting to refresh disk information: sleep interrupted
2019-11-15 01:00:28,742 [main] INFO  utils.BackgroundService (BackgroundService.java:shutdown(151)) - Shutting down service BlockDeletingService
2019-11-15 01:00:28,749 [main] INFO  statemachine.DatanodeStateMachine (DatanodeStateMachine.java:stopDaemon(400)) - Ozone container server stopped.
2019-11-15 01:00:28,750 [main] INFO  handler.ContextHandler (ContextHandler.java:doStop(910)) - Stopped o.e.j.w.WebAppContext@23ea8830{/,null,UNAVAILABLE}{/hddsDatanode}
2019-11-15 01:00:28,750 [grpc-default-executor-5] WARN  server.GrpcLogAppender (LogUtils.java:warn(134)) - d068838d-6499-4b84-94b8-55225fdfdb1a@group-E58C27D02539->c7f93789-5ee9-40a1-8afd-58386fa54dde-AppendLogResponseHandler: Failed appendEntries: org.apache.ratis.thirdparty.io.grpc.StatusRuntimeException: UNAVAILABLE: io exception
2019-11-15 01:00:28,751 [grpc-default-executor-5] INFO  impl.FollowerInfo (FollowerInfo.java:lambda$new$0(51)) - d068838d-6499-4b84-94b8-55225fdfdb1a@group-E58C27D02539->c7f93789-5ee9-40a1-8afd-58386fa54dde: nextIndex: updateUnconditionally 0 -> 0
2019-11-15 01:00:28,751 [main] INFO  server.AbstractConnector (AbstractConnector.java:doStop(318)) - Stopped ServerConnector@59a09be{HTTP/1.1,[http/1.1]}{0.0.0.0:0}
2019-11-15 01:00:28,751 [main] INFO  handler.ContextHandler (ContextHandler.java:doStop(910)) - Stopped o.e.j.s.ServletContextHandler@75ad30c1{/static,jar:file:/home/user/.m2/repository/org/apache/hadoop/hadoop-hdds-container-service/0.5.0-SNAPSHOT/hadoop-hdds-container-service-0.5.0-SNAPSHOT.jar!/webapps/static,UNAVAILABLE}
2019-11-15 01:00:28,751 [main] INFO  handler.ContextHandler (ContextHandler.java:doStop(910)) - Stopped o.e.j.s.ServletContextHandler@362a561e{/logs,file:///workdir/hadoop-ozone/integration-test/target/log,UNAVAILABLE}
2019-11-15 01:00:29,251 [grpc-default-executor-0] WARN  server.GrpcLogAppender (LogUtils.java:warn(134)) - d068838d-6499-4b84-94b8-55225fdfdb1a@group-E58C27D02539->c7f93789-5ee9-40a1-8afd-58386fa54dde-AppendLogResponseHandler: Failed appendEntries: org.apache.ratis.thirdparty.io.grpc.StatusRuntimeException: UNAVAILABLE: io exception
2019-11-15 01:00:29,252 [grpc-default-executor-0] INFO  impl.FollowerInfo (FollowerInfo.java:lambda$new$0(51)) - d068838d-6499-4b84-94b8-55225fdfdb1a@group-E58C27D02539->c7f93789-5ee9-40a1-8afd-58386fa54dde: nextIndex: updateUnconditionally 0 -> 0
2019-11-15 01:00:29,751 [grpc-default-executor-3] WARN  server.GrpcLogAppender (LogUtils.java:warn(134)) - d068838d-6499-4b84-94b8-55225fdfdb1a@group-E58C27D02539->c7f93789-5ee9-40a1-8afd-58386fa54dde-AppendLogResponseHandler: Failed appendEntries: org.apache.ratis.thirdparty.io.grpc.StatusRuntimeException: UNAVAILABLE: io exception
2019-11-15 01:00:29,752 [grpc-default-executor-3] INFO  impl.FollowerInfo (FollowerInfo.java:lambda$new$0(51)) - d068838d-6499-4b84-94b8-55225fdfdb1a@group-E58C27D02539->c7f93789-5ee9-40a1-8afd-58386fa54dde: nextIndex: updateUnconditionally 0 -> 0
2019-11-15 01:00:30,252 [grpc-default-executor-0] WARN  server.GrpcLogAppender (LogUtils.java:warn(134)) - d068838d-6499-4b84-94b8-55225fdfdb1a@group-E58C27D02539->c7f93789-5ee9-40a1-8afd-58386fa54dde-AppendLogResponseHandler: Failed appendEntries: org.apache.ratis.thirdparty.io.grpc.StatusRuntimeException: UNAVAILABLE: io exception
2019-11-15 01:00:30,252 [grpc-default-executor-0] INFO  impl.FollowerInfo (FollowerInfo.java:lambda$new$0(51)) - d068838d-6499-4b84-94b8-55225fdfdb1a@group-E58C27D02539->c7f93789-5ee9-40a1-8afd-58386fa54dde: nextIndex: updateUnconditionally 0 -> 0
2019-11-15 01:00:30,753 [grpc-default-executor-5] WARN  server.GrpcLogAppender (LogUtils.java:warn(134)) - d068838d-6499-4b84-94b8-55225fdfdb1a@group-E58C27D02539->c7f93789-5ee9-40a1-8afd-58386fa54dde-AppendLogResponseHandler: Failed appendEntries: org.apache.ratis.thirdparty.io.grpc.StatusRuntimeException: UNAVAILABLE: io exception
2019-11-15 01:00:30,753 [grpc-default-executor-5] INFO  impl.FollowerInfo (FollowerInfo.java:lambda$new$0(51)) - d068838d-6499-4b84-94b8-55225fdfdb1a@group-E58C27D02539->c7f93789-5ee9-40a1-8afd-58386fa54dde: nextIndex: updateUnconditionally 0 -> 0
2019-11-15 01:00:30,802 [main] WARN  io.KeyOutputStream (KeyOutputStream.java:handleException(274)) - Encountered exception java.io.IOException: Unexpected Storage Container Exception: java.util.concurrent.CompletionException: java.util.concurrent.CompletionException: org.apache.ratis.protocol.GroupMismatchException: 87580c89-6647-493a-b156-a806d562b3a1: group-CB25DF611C5E not found. on the pipeline Pipeline[ Id: 719a7dd4-06e1-48df-a22a-cb25df611c5e, Nodes: c7f93789-5ee9-40a1-8afd-58386fa54dde{ip: 192.168.164.208, host: pr-hdds-2442-bxv5b-1523879440, networkLocation: /rack1, certSerialId: null}d068838d-6499-4b84-94b8-55225fdfdb1a{ip: 192.168.164.208, host: pr-hdds-2442-bxv5b-1523879440, networkLocation: /rack1, certSerialId: null}87580c89-6647-493a-b156-a806d562b3a1{ip: 192.168.164.208, host: pr-hdds-2442-bxv5b-1523879440, networkLocation: /rack1, certSerialId: null}, Type:RATIS, Factor:THREE, State:OPEN]. The last committed block length is 1048576, uncommitted data length is 2097152 retry count 0
2019-11-15 01:00:30,803 [main] INFO  io.BlockOutputStreamEntryPool (BlockOutputStreamEntryPool.java:allocateNewBlock(257)) - Allocating block with ExcludeList {datanodes = [], containerIds = [], pipelineIds = [PipelineID=719a7dd4-06e1-48df-a22a-cb25df611c5e]}
2019-11-15 01:00:30,867 [grpc-default-executor-7] WARN  server.GrpcLogAppender (LogUtils.java:warn(134)) - d068838d-6499-4b84-94b8-55225fdfdb1a@group-E58C27D02539->c7f93789-5ee9-40a1-8afd-58386fa54dde-AppendLogResponseHandler: Failed appendEntries: org.apache.ratis.thirdparty.io.grpc.StatusRuntimeException: UNAVAILABLE: io exception
2019-11-15 01:00:30,867 [grpc-default-executor-7] INFO  impl.FollowerInfo (FollowerInfo.java:lambda$new$0(51)) - d068838d-6499-4b84-94b8-55225fdfdb1a@group-E58C27D02539->c7f93789-5ee9-40a1-8afd-58386fa54dde: nextIndex: updateUnconditionally 1 -> 0
2019-11-15 01:00:30,870 [grpc-default-executor-5] WARN  server.GrpcLogAppender (LogUtils.java:warn(134)) - d068838d-6499-4b84-94b8-55225fdfdb1a@group-E58C27D02539->c7f93789-5ee9-40a1-8afd-58386fa54dde-AppendLogResponseHandler: Failed appendEntries: org.apache.ratis.thirdparty.io.grpc.StatusRuntimeException: UNAVAILABLE: io exception
2019-11-15 01:00:30,871 [grpc-default-executor-5] INFO  impl.FollowerInfo (FollowerInfo.java:lambda$new$0(51)) - d068838d-6499-4b84-94b8-55225fdfdb1a@group-E58C27D02539->c7f93789-5ee9-40a1-8afd-58386fa54dde: nextIndex: updateUnconditionally 1 -> 0
2019-11-15 01:00:30,983 [grpc-default-executor-5] WARN  server.GrpcLogAppender (LogUtils.java:warn(134)) - d068838d-6499-4b84-94b8-55225fdfdb1a@group-E58C27D02539->c7f93789-5ee9-40a1-8afd-58386fa54dde-AppendLogResponseHandler: Failed appendEntries: org.apache.ratis.thirdparty.io.grpc.StatusRuntimeException: UNAVAILABLE: io exception
2019-11-15 01:00:30,983 [grpc-default-executor-5] INFO  impl.FollowerInfo (FollowerInfo.java:lambda$new$0(51)) - d068838d-6499-4b84-94b8-55225fdfdb1a@group-E58C27D02539->c7f93789-5ee9-40a1-8afd-58386fa54dde: nextIndex: updateUnconditionally 1 -> 0
2019-11-15 01:00:30,991 [grpc-default-executor-5] WARN  server.GrpcLogAppender (LogUtils.java:warn(134)) - d068838d-6499-4b84-94b8-55225fdfdb1a@group-E58C27D02539->c7f93789-5ee9-40a1-8afd-58386fa54dde-AppendLogResponseHandler: Failed appendEntries: org.apache.ratis.thirdparty.io.grpc.StatusRuntimeException: UNAVAILABLE: io exception
2019-11-15 01:00:30,991 [grpc-default-executor-5] INFO  impl.FollowerInfo (FollowerInfo.java:lambda$new$0(51)) - d068838d-6499-4b84-94b8-55225fdfdb1a@group-E58C27D02539->c7f93789-5ee9-40a1-8afd-58386fa54dde: nextIndex: updateUnconditionally 1 -> 0
2019-11-15 01:00:31,004 [grpc-default-executor-7] WARN  server.GrpcLogAppender (LogUtils.java:warn(134)) - d068838d-6499-4b84-94b8-55225fdfdb1a@group-E58C27D02539->c7f93789-5ee9-40a1-8afd-58386fa54dde-AppendLogResponseHandler: Failed appendEntries: org.apache.ratis.thirdparty.io.grpc.StatusRuntimeException: UNAVAILABLE: io exception
2019-11-15 01:00:31,004 [grpc-default-executor-7] INFO  impl.FollowerInfo (FollowerInfo.java:lambda$new$0(51)) - d068838d-6499-4b84-94b8-55225fdfdb1a@group-E58C27D02539->c7f93789-5ee9-40a1-8afd-58386fa54dde: nextIndex: updateUnconditionally 1 -> 0
2019-11-15 01:00:31,505 [grpc-default-executor-5] WARN  server.GrpcLogAppender (LogUtils.java:warn(134)) - d068838d-6499-4b84-94b8-55225fdfdb1a@group-E58C27D02539->c7f93789-5ee9-40a1-8afd-58386fa54dde-AppendLogResponseHandler: Failed appendEntries: org.apache.ratis.thirdparty.io.grpc.StatusRuntimeException: UNAVAILABLE: io exception
2019-11-15 01:00:31,508 [grpc-default-executor-5] INFO  impl.FollowerInfo (FollowerInfo.java:lambda$new$0(51)) - d068838d-6499-4b84-94b8-55225fdfdb1a@group-E58C27D02539->c7f93789-5ee9-40a1-8afd-58386fa54dde: nextIndex: updateUnconditionally 0 -> 0
2019-11-15 01:00:32,006 [grpc-default-executor-5] WARN  server.GrpcLogAppender (LogUtils.java:warn(134)) - d068838d-6499-4b84-94b8-55225fdfdb1a@group-E58C27D02539->c7f93789-5ee9-40a1-8afd-58386fa54dde-AppendLogResponseHandler: Failed appendEntries: org.apache.ratis.thirdparty.io.grpc.StatusRuntimeException: UNAVAILABLE: io exception
2019-11-15 01:00:32,006 [grpc-default-executor-5] INFO  impl.FollowerInfo (FollowerInfo.java:lambda$new$0(51)) - d068838d-6499-4b84-94b8-55225fdfdb1a@group-E58C27D02539->c7f93789-5ee9-40a1-8afd-58386fa54dde: nextIndex: updateUnconditionally 0 -> 0
2019-11-15 01:00:32,506 [grpc-default-executor-5] WARN  server.GrpcLogAppender (LogUtils.java:warn(134)) - d068838d-6499-4b84-94b8-55225fdfdb1a@group-E58C27D02539->c7f93789-5ee9-40a1-8afd-58386fa54dde-AppendLogResponseHandler: Failed appendEntries: org.apache.ratis.thirdparty.io.grpc.StatusRuntimeException: UNAVAILABLE: io exception
2019-11-15 01:00:32,507 [grpc-default-executor-5] INFO  impl.FollowerInfo (FollowerInfo.java:lambda$new$0(51)) - d068838d-6499-4b84-94b8-55225fdfdb1a@group-E58C27D02539->c7f93789-5ee9-40a1-8afd-58386fa54dde: nextIndex: updateUnconditionally 0 -> 0
2019-11-15 01:00:33,012 [grpc-default-executor-7] WARN  server.GrpcLogAppender (LogUtils.java:warn(134)) - d068838d-6499-4b84-94b8-55225fdfdb1a@group-E58C27D02539->c7f93789-5ee9-40a1-8afd-58386fa54dde-AppendLogResponseHandler: Failed appendEntries: org.apache.ratis.thirdparty.io.grpc.StatusRuntimeException: UNAVAILABLE: io exception
2019-11-15 01:00:33,013 [grpc-default-executor-7] INFO  impl.FollowerInfo (FollowerInfo.java:lambda$new$0(51)) - d068838d-6499-4b84-94b8-55225fdfdb1a@group-E58C27D02539->c7f93789-5ee9-40a1-8afd-58386fa54dde: nextIndex: updateUnconditionally 0 -> 0
2019-11-15 01:00:33,510 [grpc-default-executor-0] WARN  server.GrpcLogAppender (LogUtils.java:warn(134)) - d068838d-6499-4b84-94b8-55225fdfdb1a@group-E58C27D02539->c7f93789-5ee9-40a1-8afd-58386fa54dde-AppendLogResponseHandler: Failed appendEntries: org.apache.ratis.thirdparty.io.grpc.StatusRuntimeException: UNAVAILABLE: io exception
2019-11-15 01:00:33,510 [grpc-default-executor-0] INFO  impl.FollowerInfo (FollowerInfo.java:lambda$new$0(51)) - d068838d-6499-4b84-94b8-55225fdfdb1a@group-E58C27D02539->c7f93789-5ee9-40a1-8afd-58386fa54dde: nextIndex: updateUnconditionally 0 -> 0
2019-11-15 01:00:34,011 [grpc-default-executor-7] WARN  server.GrpcLogAppender (LogUtils.java:warn(134)) - d068838d-6499-4b84-94b8-55225fdfdb1a@group-E58C27D02539->c7f93789-5ee9-40a1-8afd-58386fa54dde-AppendLogResponseHandler: Failed appendEntries: org.apache.ratis.thirdparty.io.grpc.StatusRuntimeException: UNAVAILABLE: io exception
2019-11-15 01:00:34,012 [grpc-default-executor-7] INFO  impl.FollowerInfo (FollowerInfo.java:lambda$new$0(51)) - d068838d-6499-4b84-94b8-55225fdfdb1a@group-E58C27D02539->c7f93789-5ee9-40a1-8afd-58386fa54dde: nextIndex: updateUnconditionally 0 -> 0
2019-11-15 01:00:34,512 [grpc-default-executor-5] WARN  server.GrpcLogAppender (LogUtils.java:warn(134)) - d068838d-6499-4b84-94b8-55225fdfdb1a@group-E58C27D02539->c7f93789-5ee9-40a1-8afd-58386fa54dde-AppendLogResponseHandler: Failed appendEntries: org.apache.ratis.thirdparty.io.grpc.StatusRuntimeException: UNAVAILABLE: io exception
2019-11-15 01:00:34,512 [grpc-default-executor-5] INFO  impl.FollowerInfo (FollowerInfo.java:lambda$new$0(51)) - d068838d-6499-4b84-94b8-55225fdfdb1a@group-E58C27D02539->c7f93789-5ee9-40a1-8afd-58386fa54dde: nextIndex: updateUnconditionally 0 -> 0
2019-11-15 01:00:35,018 [grpc-default-executor-0] WARN  server.GrpcLogAppender (LogUtils.java:warn(134)) - d068838d-6499-4b84-94b8-55225fdfdb1a@group-E58C27D02539->c7f93789-5ee9-40a1-8afd-58386fa54dde-AppendLogResponseHandler: Failed appendEntries: org.apache.ratis.thirdparty.io.grpc.StatusRuntimeException: UNAVAILABLE: io exception
2019-11-15 01:00:35,019 [grpc-default-executor-0] INFO  impl.FollowerInfo (FollowerInfo.java:lambda$new$0(51)) - d068838d-6499-4b84-94b8-55225fdfdb1a@group-E58C27D02539->c7f93789-5ee9-40a1-8afd-58386fa54dde: nextIndex: updateUnconditionally 0 -> 0
2019-11-15 01:00:35,517 [grpc-default-executor-5] WARN  server.GrpcLogAppender (LogUtils.java:warn(134)) - d068838d-6499-4b84-94b8-55225fdfdb1a@group-E58C27D02539->c7f93789-5ee9-40a1-8afd-58386fa54dde-AppendLogResponseHandler: Failed appendEntries: org.apache.ratis.thirdparty.io.grpc.StatusRuntimeException: UNAVAILABLE: io exception
2019-11-15 01:00:35,517 [grpc-default-executor-5] INFO  impl.FollowerInfo (FollowerInfo.java:lambda$new$0(51)) - d068838d-6499-4b84-94b8-55225fdfdb1a@group-E58C27D02539->c7f93789-5ee9-40a1-8afd-58386fa54dde: nextIndex: updateUnconditionally 0 -> 0
2019-11-15 01:00:36,018 [grpc-default-executor-0] WARN  server.GrpcLogAppender (LogUtils.java:warn(134)) - d068838d-6499-4b84-94b8-55225fdfdb1a@group-E58C27D02539->c7f93789-5ee9-40a1-8afd-58386fa54dde-AppendLogResponseHandler: Failed appendEntries: org.apache.ratis.thirdparty.io.grpc.StatusRuntimeException: UNAVAILABLE: io exception
2019-11-15 01:00:36,018 [grpc-default-executor-0] INFO  impl.FollowerInfo (FollowerInfo.java:lambda$new$0(51)) - d068838d-6499-4b84-94b8-55225fdfdb1a@group-E58C27D02539->c7f93789-5ee9-40a1-8afd-58386fa54dde: nextIndex: updateUnconditionally 0 -> 0
2019-11-15 01:00:36,075 [main] WARN  scm.XceiverClientRatis (XceiverClientRatis.java:watchForCommit(277)) - 3 way commit failed on pipeline Pipeline[ Id: 20424017-baad-4109-9464-e58c27d02539, Nodes: 3290c45a-dc7d-4c95-a586-1c6e32afef30{ip: 192.168.164.208, host: pr-hdds-2442-bxv5b-1523879440, networkLocation: /rack1, certSerialId: null}c7f93789-5ee9-40a1-8afd-58386fa54dde{ip: 192.168.164.208, host: pr-hdds-2442-bxv5b-1523879440, networkLocation: /rack1, certSerialId: null}d068838d-6499-4b84-94b8-55225fdfdb1a{ip: 192.168.164.208, host: pr-hdds-2442-bxv5b-1523879440, networkLocation: /rack1, certSerialId: null}, Type:RATIS, Factor:THREE, State:OPEN]
java.util.concurrent.TimeoutException
	at java.util.concurrent.CompletableFuture.timedGet(CompletableFuture.java:1771)
	at java.util.concurrent.CompletableFuture.get(CompletableFuture.java:1915)
	at org.apache.hadoop.hdds.scm.XceiverClientRatis.watchForCommit(XceiverClientRatis.java:274)
	at org.apache.hadoop.hdds.scm.storage.CommitWatcher.watchForCommit(CommitWatcher.java:198)
	at org.apache.hadoop.hdds.scm.storage.CommitWatcher.watchOnFirstIndex(CommitWatcher.java:137)
	at org.apache.hadoop.hdds.scm.storage.BlockOutputStream.watchForCommit(BlockOutputStream.java:346)
	at org.apache.hadoop.hdds.scm.storage.BlockOutputStream.handleFullBuffer(BlockOutputStream.java:323)
	at org.apache.hadoop.hdds.scm.storage.BlockOutputStream.writeOnRetry(BlockOutputStream.java:301)
	at org.apache.hadoop.ozone.client.io.BlockOutputStreamEntry.writeOnRetry(BlockOutputStreamEntry.java:200)
	at org.apache.hadoop.ozone.client.io.KeyOutputStream.handleWrite(KeyOutputStream.java:206)
	at org.apache.hadoop.ozone.client.io.KeyOutputStream.handleRetry(KeyOutputStream.java:375)
	at org.apache.hadoop.ozone.client.io.KeyOutputStream.handleException(KeyOutputStream.java:324)
	at org.apache.hadoop.ozone.client.io.KeyOutputStream.handleWrite(KeyOutputStream.java:228)
	at org.apache.hadoop.ozone.client.io.KeyOutputStream.write(KeyOutputStream.java:190)
	at org.apache.hadoop.ozone.client.io.OzoneOutputStream.write(OzoneOutputStream.java:49)
	at java.io.OutputStream.write(OutputStream.java:75)
	at org.apache.hadoop.ozone.client.rpc.TestFailureHandlingByClient.testDatanodeExclusionWithMajorityCommit(TestFailureHandlingByClient.java:315)
	at sun.reflect.NativeMethodAccessorImpl.invoke0(Native Method)
	at sun.reflect.NativeMethodAccessorImpl.invoke(NativeMethodAccessorImpl.java:62)
	at sun.reflect.DelegatingMethodAccessorImpl.invoke(DelegatingMethodAccessorImpl.java:43)
	at java.lang.reflect.Method.invoke(Method.java:498)
	at org.junit.runners.model.FrameworkMethod$1.runReflectiveCall(FrameworkMethod.java:47)
	at org.junit.internal.runners.model.ReflectiveCallable.run(ReflectiveCallable.java:12)
	at org.junit.runners.model.FrameworkMethod.invokeExplosively(FrameworkMethod.java:44)
	at org.junit.internal.runners.statements.InvokeMethod.evaluate(InvokeMethod.java:17)
	at org.junit.internal.runners.statements.RunAfters.evaluate(RunAfters.java:27)
	at org.junit.runners.ParentRunner.runLeaf(ParentRunner.java:271)
	at org.junit.runners.BlockJUnit4ClassRunner.runChild(BlockJUnit4ClassRunner.java:70)
	at org.junit.runners.BlockJUnit4ClassRunner.runChild(BlockJUnit4ClassRunner.java:50)
	at org.junit.runners.ParentRunner$3.run(ParentRunner.java:238)
	at org.junit.runners.ParentRunner$1.schedule(ParentRunner.java:63)
	at org.junit.runners.ParentRunner.runChildren(ParentRunner.java:236)
	at org.junit.runners.ParentRunner.access$000(ParentRunner.java:53)
	at org.junit.runners.ParentRunner$2.evaluate(ParentRunner.java:229)
	at org.junit.runners.ParentRunner.run(ParentRunner.java:309)
	at org.apache.maven.surefire.junit4.JUnit4Provider.execute(JUnit4Provider.java:365)
	at org.apache.maven.surefire.junit4.JUnit4Provider.executeWithRerun(JUnit4Provider.java:273)
	at org.apache.maven.surefire.junit4.JUnit4Provider.executeTestSet(JUnit4Provider.java:238)
	at org.apache.maven.surefire.junit4.JUnit4Provider.invoke(JUnit4Provider.java:159)
	at org.apache.maven.surefire.booter.ForkedBooter.invokeProviderInSameClassLoader(ForkedBooter.java:384)
	at org.apache.maven.surefire.booter.ForkedBooter.runSuitesInProcess(ForkedBooter.java:345)
	at org.apache.maven.surefire.booter.ForkedBooter.execute(ForkedBooter.java:126)
	at org.apache.maven.surefire.booter.ForkedBooter.main(ForkedBooter.java:418)
2019-11-15 01:00:36,087 [Thread-4585] INFO  client.GrpcClientProtocolService (GrpcClientProtocolService.java:lambda$processClientRequest$0(279)) - Failed RaftClientRequest:client-36CBF630059C->3290c45a-dc7d-4c95-a586-1c6e32afef30@group-E58C27D02539, cid=280, seq=0, Watch-MAJORITY_COMMITTED(2), Message:<EMPTY>, reply=RaftClientReply:client-36CBF630059C->3290c45a-dc7d-4c95-a586-1c6e32afef30@group-E58C27D02539, cid=280, FAILED org.apache.ratis.protocol.NotLeaderException: Server 3290c45a-dc7d-4c95-a586-1c6e32afef30@group-E58C27D02539 is not the leader d068838d-6499-4b84-94b8-55225fdfdb1a:192.168.164.208:41973, logIndex=0, commits[3290c45a-dc7d-4c95-a586-1c6e32afef30:c7, d068838d-6499-4b84-94b8-55225fdfdb1a:c7, c7f93789-5ee9-40a1-8afd-58386fa54dde:c0]
2019-11-15 01:00:36,109 [main] INFO  scm.XceiverClientRatis (XceiverClientRatis.java:lambda$watchForCommit$5(295)) - Could not commit index 2 on pipeline Pipeline[ Id: 20424017-baad-4109-9464-e58c27d02539, Nodes: 3290c45a-dc7d-4c95-a586-1c6e32afef30{ip: 192.168.164.208, host: pr-hdds-2442-bxv5b-1523879440, networkLocation: /rack1, certSerialId: null}c7f93789-5ee9-40a1-8afd-58386fa54dde{ip: 192.168.164.208, host: pr-hdds-2442-bxv5b-1523879440, networkLocation: /rack1, certSerialId: null}d068838d-6499-4b84-94b8-55225fdfdb1a{ip: 192.168.164.208, host: pr-hdds-2442-bxv5b-1523879440, networkLocation: /rack1, certSerialId: null}, Type:RATIS, Factor:THREE, State:OPEN] to all the nodes. Server c7f93789-5ee9-40a1-8afd-58386fa54dde has failed. Committed by majority.
2019-11-15 01:00:36,110 [main] WARN  storage.BlockOutputStream (BlockOutputStream.java:watchForCommit(352)) - Failed to commit BlockId conID: 2 locID: 103139221884698638 bcsId: 4 on Pipeline[ Id: 20424017-baad-4109-9464-e58c27d02539, Nodes: 3290c45a-dc7d-4c95-a586-1c6e32afef30{ip: 192.168.164.208, host: pr-hdds-2442-bxv5b-1523879440, networkLocation: /rack1, certSerialId: null}c7f93789-5ee9-40a1-8afd-58386fa54dde{ip: 192.168.164.208, host: pr-hdds-2442-bxv5b-1523879440, networkLocation: /rack1, certSerialId: null}d068838d-6499-4b84-94b8-55225fdfdb1a{ip: 192.168.164.208, host: pr-hdds-2442-bxv5b-1523879440, networkLocation: /rack1, certSerialId: null}, Type:RATIS, Factor:THREE, State:OPEN]. Failed nodes: [c7f93789-5ee9-40a1-8afd-58386fa54dde{ip: null, host: null, networkLocation: /default-rack, certSerialId: null}]
2019-11-15 01:00:36,112 [main] INFO  ozone.MiniOzoneClusterImpl (MiniOzoneClusterImpl.java:shutdown(352)) - Shutting down the Mini Ozone Cluster
2019-11-15 01:00:36,112 [main] INFO  ozone.MiniOzoneClusterImpl (MiniOzoneClusterImpl.java:stop(368)) - Stopping the Mini Ozone Cluster
2019-11-15 01:00:36,112 [main] INFO  ozone.MiniOzoneClusterImpl (MiniOzoneClusterImpl.java:stopOM(438)) - Stopping the OzoneManager
2019-11-15 01:00:36,112 [main] INFO  ipc.Server (Server.java:stop(3082)) - Stopping server on 32781
2019-11-15 01:00:36,129 [IPC Server listener on 32781] INFO  ipc.Server (Server.java:run(1185)) - Stopping IPC Server listener on 32781
2019-11-15 01:00:36,129 [main] INFO  ratis.OzoneManagerDoubleBuffer (OzoneManagerDoubleBuffer.java:stop(261)) - Stopping OMDoubleBuffer flush thread
2019-11-15 01:00:36,129 [IPC Server Responder] INFO  ipc.Server (Server.java:run(1319)) - Stopping IPC Server Responder
2019-11-15 01:00:36,144 [OMDoubleBufferFlushThread] INFO  ratis.OzoneManagerDoubleBuffer (OzoneManagerDoubleBuffer.java:flushTransactions(199)) - OMDoubleBuffer flush thread OMDoubleBufferFlushThread is interrupted and will exit. OMDoubleBufferFlushThread
2019-11-15 01:00:36,144 [main] INFO  utils.BackgroundService (BackgroundService.java:shutdown(151)) - Shutting down service KeyDeletingService
2019-11-15 01:00:36,146 [main] INFO  handler.ContextHandler (ContextHandler.java:doStop(910)) - Stopped o.e.j.w.WebAppContext@730bea0{/,null,UNAVAILABLE}{/ozoneManager}
2019-11-15 01:00:36,148 [main] INFO  server.AbstractConnector (AbstractConnector.java:doStop(318)) - Stopped ServerConnector@41a16eb3{HTTP/1.1,[http/1.1]}{0.0.0.0:0}
2019-11-15 01:00:36,149 [main] INFO  handler.ContextHandler (ContextHandler.java:doStop(910)) - Stopped o.e.j.s.ServletContextHandler@55c50f52{/static,file:///workdir/hadoop-ozone/integration-test/target/test-classes/webapps/static,UNAVAILABLE}
2019-11-15 01:00:36,149 [main] INFO  handler.ContextHandler (ContextHandler.java:doStop(910)) - Stopped o.e.j.s.ServletContextHandler@36ad5f2a{/logs,file:///workdir/hadoop-ozone/integration-test/target/log,UNAVAILABLE}
2019-11-15 01:00:36,155 [main] INFO  ozone.MiniOzoneClusterImpl (MiniOzoneClusterImpl.java:stopDatanodes(415)) - Stopping the HddsDatanodes
2019-11-15 01:00:36,443 [Datanode State Machine Thread - 0] INFO  statemachine.DatanodeStateMachine (DatanodeStateMachine.java:lambda$startDaemon$0(355)) - Ozone container server started.
2019-11-15 01:00:36,518 [grpc-default-executor-7] WARN  server.GrpcLogAppender (LogUtils.java:warn(134)) - d068838d-6499-4b84-94b8-55225fdfdb1a@group-E58C27D02539->c7f93789-5ee9-40a1-8afd-58386fa54dde-AppendLogResponseHandler: Failed appendEntries: org.apache.ratis.thirdparty.io.grpc.StatusRuntimeException: UNAVAILABLE: io exception
2019-11-15 01:00:36,518 [grpc-default-executor-7] INFO  impl.FollowerInfo (FollowerInfo.java:lambda$new$0(51)) - d068838d-6499-4b84-94b8-55225fdfdb1a@group-E58C27D02539->c7f93789-5ee9-40a1-8afd-58386fa54dde: nextIndex: updateUnconditionally 0 -> 0
2019-11-15 01:00:36,677 [Datanode State Machine Thread - 0] INFO  statemachine.DatanodeStateMachine (DatanodeStateMachine.java:lambda$startDaemon$0(355)) - Ozone container server started.
2019-11-15 01:00:37,019 [grpc-default-executor-5] WARN  server.GrpcLogAppender (LogUtils.java:warn(134)) - d068838d-6499-4b84-94b8-55225fdfdb1a@group-E58C27D02539->c7f93789-5ee9-40a1-8afd-58386fa54dde-AppendLogResponseHandler: Failed appendEntries: org.apache.ratis.thirdparty.io.grpc.StatusRuntimeException: UNAVAILABLE: io exception
2019-11-15 01:00:37,019 [grpc-default-executor-5] INFO  impl.FollowerInfo (FollowerInfo.java:lambda$new$0(51)) - d068838d-6499-4b84-94b8-55225fdfdb1a@group-E58C27D02539->c7f93789-5ee9-40a1-8afd-58386fa54dde: nextIndex: updateUnconditionally 0 -> 0
2019-11-15 01:00:37,519 [grpc-default-executor-7] WARN  server.GrpcLogAppender (LogUtils.java:warn(134)) - d068838d-6499-4b84-94b8-55225fdfdb1a@group-E58C27D02539->c7f93789-5ee9-40a1-8afd-58386fa54dde-AppendLogResponseHandler: Failed appendEntries: org.apache.ratis.thirdparty.io.grpc.StatusRuntimeException: UNAVAILABLE: io exception
2019-11-15 01:00:37,520 [grpc-default-executor-7] INFO  impl.FollowerInfo (FollowerInfo.java:lambda$new$0(51)) - d068838d-6499-4b84-94b8-55225fdfdb1a@group-E58C27D02539->c7f93789-5ee9-40a1-8afd-58386fa54dde: nextIndex: updateUnconditionally 0 -> 0
2019-11-15 01:00:38,020 [grpc-default-executor-5] WARN  server.GrpcLogAppender (LogUtils.java:warn(134)) - d068838d-6499-4b84-94b8-55225fdfdb1a@group-E58C27D02539->c7f93789-5ee9-40a1-8afd-58386fa54dde-AppendLogResponseHandler: Failed appendEntries: org.apache.ratis.thirdparty.io.grpc.StatusRuntimeException: UNAVAILABLE: io exception
2019-11-15 01:00:38,020 [grpc-default-executor-5] INFO  impl.FollowerInfo (FollowerInfo.java:lambda$new$0(51)) - d068838d-6499-4b84-94b8-55225fdfdb1a@group-E58C27D02539->c7f93789-5ee9-40a1-8afd-58386fa54dde: nextIndex: updateUnconditionally 0 -> 0
2019-11-15 01:00:38,521 [grpc-default-executor-0] WARN  server.GrpcLogAppender (LogUtils.java:warn(134)) - d068838d-6499-4b84-94b8-55225fdfdb1a@group-E58C27D02539->c7f93789-5ee9-40a1-8afd-58386fa54dde-AppendLogResponseHandler: Failed appendEntries: org.apache.ratis.thirdparty.io.grpc.StatusRuntimeException: UNAVAILABLE: io exception
2019-11-15 01:00:38,521 [grpc-default-executor-0] INFO  impl.FollowerInfo (FollowerInfo.java:lambda$new$0(51)) - d068838d-6499-4b84-94b8-55225fdfdb1a@group-E58C27D02539->c7f93789-5ee9-40a1-8afd-58386fa54dde: nextIndex: updateUnconditionally 0 -> 0
2019-11-15 01:00:39,022 [grpc-default-executor-5] WARN  server.GrpcLogAppender (LogUtils.java:warn(134)) - d068838d-6499-4b84-94b8-55225fdfdb1a@group-E58C27D02539->c7f93789-5ee9-40a1-8afd-58386fa54dde-AppendLogResponseHandler: Failed appendEntries: org.apache.ratis.thirdparty.io.grpc.StatusRuntimeException: UNAVAILABLE: io exception
2019-11-15 01:00:39,022 [grpc-default-executor-5] INFO  impl.FollowerInfo (FollowerInfo.java:lambda$new$0(51)) - d068838d-6499-4b84-94b8-55225fdfdb1a@group-E58C27D02539->c7f93789-5ee9-40a1-8afd-58386fa54dde: nextIndex: updateUnconditionally 0 -> 0
2019-11-15 01:00:39,525 [grpc-default-executor-5] WARN  server.GrpcLogAppender (LogUtils.java:warn(134)) - d068838d-6499-4b84-94b8-55225fdfdb1a@group-E58C27D02539->c7f93789-5ee9-40a1-8afd-58386fa54dde-AppendLogResponseHandler: Failed appendEntries: org.apache.ratis.thirdparty.io.grpc.StatusRuntimeException: UNAVAILABLE: io exception
2019-11-15 01:00:39,526 [grpc-default-executor-5] INFO  impl.FollowerInfo (FollowerInfo.java:lambda$new$0(51)) - d068838d-6499-4b84-94b8-55225fdfdb1a@group-E58C27D02539->c7f93789-5ee9-40a1-8afd-58386fa54dde: nextIndex: updateUnconditionally 0 -> 0
2019-11-15 01:00:40,023 [grpc-default-executor-0] WARN  server.GrpcLogAppender (LogUtils.java:warn(134)) - d068838d-6499-4b84-94b8-55225fdfdb1a@group-E58C27D02539->c7f93789-5ee9-40a1-8afd-58386fa54dde-AppendLogResponseHandler: Failed appendEntries: org.apache.ratis.thirdparty.io.grpc.StatusRuntimeException: UNAVAILABLE: io exception
2019-11-15 01:00:40,024 [grpc-default-executor-0] INFO  impl.FollowerInfo (FollowerInfo.java:lambda$new$0(51)) - d068838d-6499-4b84-94b8-55225fdfdb1a@group-E58C27D02539->c7f93789-5ee9-40a1-8afd-58386fa54dde: nextIndex: updateUnconditionally 0 -> 0
2019-11-15 01:00:40,525 [grpc-default-executor-0] WARN  server.GrpcLogAppender (LogUtils.java:warn(134)) - d068838d-6499-4b84-94b8-55225fdfdb1a@group-E58C27D02539->c7f93789-5ee9-40a1-8afd-58386fa54dde-AppendLogResponseHandler: Failed appendEntries: org.apache.ratis.thirdparty.io.grpc.StatusRuntimeException: UNAVAILABLE: io exception
2019-11-15 01:00:40,525 [grpc-default-executor-0] INFO  impl.FollowerInfo (FollowerInfo.java:lambda$new$0(51)) - d068838d-6499-4b84-94b8-55225fdfdb1a@group-E58C27D02539->c7f93789-5ee9-40a1-8afd-58386fa54dde: nextIndex: updateUnconditionally 0 -> 0
2019-11-15 01:00:41,026 [grpc-default-executor-7] WARN  server.GrpcLogAppender (LogUtils.java:warn(134)) - d068838d-6499-4b84-94b8-55225fdfdb1a@group-E58C27D02539->c7f93789-5ee9-40a1-8afd-58386fa54dde-AppendLogResponseHandler: Failed appendEntries: org.apache.ratis.thirdparty.io.grpc.StatusRuntimeException: UNAVAILABLE: io exception
2019-11-15 01:00:41,027 [grpc-default-executor-7] INFO  impl.FollowerInfo (FollowerInfo.java:lambda$new$0(51)) - d068838d-6499-4b84-94b8-55225fdfdb1a@group-E58C27D02539->c7f93789-5ee9-40a1-8afd-58386fa54dde: nextIndex: updateUnconditionally 0 -> 0
2019-11-15 01:00:41,157 [main] INFO  ozoneimpl.OzoneContainer (OzoneContainer.java:stop(244)) - Attempting to stop container services.
2019-11-15 01:00:41,157 [ForkJoinPool.commonPool-worker-0] INFO  ozoneimpl.OzoneContainer (OzoneContainer.java:stop(244)) - Attempting to stop container services.
2019-11-15 01:00:41,159 [main] INFO  impl.RaftServerProxy (RaftServerProxy.java:lambda$close$4(314)) - 87580c89-6647-493a-b156-a806d562b3a1: close
2019-11-15 01:00:41,159 [ForkJoinPool.commonPool-worker-0] INFO  impl.RaftServerProxy (RaftServerProxy.java:lambda$close$4(314)) - 10ab2f01-a163-4b0b-bdc9-1962e1c3543b: close
2019-11-15 01:00:41,159 [main] INFO  impl.RaftServerImpl (RaftServerImpl.java:lambda$shutdown$3(250)) - 87580c89-6647-493a-b156-a806d562b3a1@group-FCB59614F558: shutdown
2019-11-15 01:00:41,159 [ForkJoinPool.commonPool-worker-0] INFO  impl.RaftServerImpl (RaftServerImpl.java:lambda$shutdown$3(250)) - 10ab2f01-a163-4b0b-bdc9-1962e1c3543b@group-04507F04D4AB: shutdown
2019-11-15 01:00:41,160 [main] INFO  util.JmxRegister (JmxRegister.java:unregister(73)) - Successfully un-registered JMX Bean with object name Ratis:service=RaftServer,group=group-FCB59614F558,id=87580c89-6647-493a-b156-a806d562b3a1
2019-11-15 01:00:41,160 [ForkJoinPool.commonPool-worker-0] INFO  util.JmxRegister (JmxRegister.java:unregister(73)) - Successfully un-registered JMX Bean with object name Ratis:service=RaftServer,group=group-04507F04D4AB,id=10ab2f01-a163-4b0b-bdc9-1962e1c3543b
2019-11-15 01:00:41,160 [ForkJoinPool.commonPool-worker-0] INFO  impl.RoleInfo (RoleInfo.java:shutdownLeaderState(104)) - 10ab2f01-a163-4b0b-bdc9-1962e1c3543b: shutdown LeaderState
2019-11-15 01:00:41,160 [main] INFO  impl.RoleInfo (RoleInfo.java:shutdownLeaderState(104)) - 87580c89-6647-493a-b156-a806d562b3a1: shutdown LeaderState
2019-11-15 01:00:41,161 [ForkJoinPool.commonPool-worker-0] INFO  impl.PendingRequests (PendingRequests.java:sendNotLeaderResponses(206)) - 10ab2f01-a163-4b0b-bdc9-1962e1c3543b@group-04507F04D4AB-PendingRequests: sendNotLeaderResponses
2019-11-15 01:00:41,161 [main] INFO  impl.PendingRequests (PendingRequests.java:sendNotLeaderResponses(206)) - 87580c89-6647-493a-b156-a806d562b3a1@group-FCB59614F558-PendingRequests: sendNotLeaderResponses
2019-11-15 01:00:41,162 [main] INFO  impl.StateMachineUpdater (StateMachineUpdater.java:stopAndJoin(136)) - 87580c89-6647-493a-b156-a806d562b3a1@group-FCB59614F558-StateMachineUpdater: set stopIndex = 0
2019-11-15 01:00:41,162 [ForkJoinPool.commonPool-worker-0] INFO  impl.StateMachineUpdater (StateMachineUpdater.java:stopAndJoin(136)) - 10ab2f01-a163-4b0b-bdc9-1962e1c3543b@group-04507F04D4AB-StateMachineUpdater: set stopIndex = 0
2019-11-15 01:00:41,163 [ForkJoinPool.commonPool-worker-0] INFO  impl.RaftServerImpl (ServerState.java:close(387)) - 10ab2f01-a163-4b0b-bdc9-1962e1c3543b@group-04507F04D4AB: closes. applyIndex: 0
2019-11-15 01:00:41,163 [main] INFO  impl.RaftServerImpl (ServerState.java:close(387)) - 87580c89-6647-493a-b156-a806d562b3a1@group-FCB59614F558: closes. applyIndex: 0
2019-11-15 01:00:41,163 [10ab2f01-a163-4b0b-bdc9-1962e1c3543b@group-04507F04D4AB-SegmentedRaftLogWorker] INFO  segmented.SegmentedRaftLogWorker (SegmentedRaftLogWorker.java:run(316)) - 10ab2f01-a163-4b0b-bdc9-1962e1c3543b@group-04507F04D4AB-SegmentedRaftLogWorker was interrupted, exiting. There are 0 tasks remaining in the queue.
2019-11-15 01:00:41,163 [87580c89-6647-493a-b156-a806d562b3a1@group-FCB59614F558-SegmentedRaftLogWorker] INFO  segmented.SegmentedRaftLogWorker (SegmentedRaftLogWorker.java:run(316)) - 87580c89-6647-493a-b156-a806d562b3a1@group-FCB59614F558-SegmentedRaftLogWorker was interrupted, exiting. There are 0 tasks remaining in the queue.
2019-11-15 01:00:41,172 [main] INFO  segmented.SegmentedRaftLogWorker (SegmentedRaftLogWorker.java:close(224)) - 87580c89-6647-493a-b156-a806d562b3a1@group-FCB59614F558-SegmentedRaftLogWorker close()
2019-11-15 01:00:41,172 [ForkJoinPool.commonPool-worker-0] INFO  segmented.SegmentedRaftLogWorker (SegmentedRaftLogWorker.java:close(224)) - 10ab2f01-a163-4b0b-bdc9-1962e1c3543b@group-04507F04D4AB-SegmentedRaftLogWorker close()
2019-11-15 01:00:41,175 [ForkJoinPool.commonPool-worker-0] INFO  impl.RaftServerImpl (RaftServerImpl.java:lambda$shutdown$3(250)) - 10ab2f01-a163-4b0b-bdc9-1962e1c3543b@group-8C05B86E69BD: shutdown
2019-11-15 01:00:41,175 [main] INFO  server.GrpcService (GrpcService.java:closeImpl(164)) - 87580c89-6647-493a-b156-a806d562b3a1: shutdown server with port 37476 now
2019-11-15 01:00:41,175 [ForkJoinPool.commonPool-worker-0] INFO  util.JmxRegister (JmxRegister.java:unregister(73)) - Successfully un-registered JMX Bean with object name Ratis:service=RaftServer,group=group-8C05B86E69BD,id=10ab2f01-a163-4b0b-bdc9-1962e1c3543b
2019-11-15 01:00:41,175 [ForkJoinPool.commonPool-worker-0] INFO  impl.RoleInfo (RoleInfo.java:shutdownFollowerState(121)) - 10ab2f01-a163-4b0b-bdc9-1962e1c3543b: shutdown FollowerState
2019-11-15 01:00:41,176 [ForkJoinPool.commonPool-worker-0] INFO  impl.StateMachineUpdater (StateMachineUpdater.java:stopAndJoin(136)) - 10ab2f01-a163-4b0b-bdc9-1962e1c3543b@group-8C05B86E69BD-StateMachineUpdater: set stopIndex = 0
2019-11-15 01:00:41,176 [Thread-4445] INFO  impl.FollowerState (FollowerState.java:run(120)) - 10ab2f01-a163-4b0b-bdc9-1962e1c3543b@group-8C05B86E69BD-FollowerState was interrupted: java.lang.InterruptedException: sleep interrupted
2019-11-15 01:00:41,176 [ForkJoinPool.commonPool-worker-0] INFO  impl.RaftServerImpl (ServerState.java:close(387)) - 10ab2f01-a163-4b0b-bdc9-1962e1c3543b@group-8C05B86E69BD: closes. applyIndex: 0
2019-11-15 01:00:41,176 [10ab2f01-a163-4b0b-bdc9-1962e1c3543b@group-8C05B86E69BD-SegmentedRaftLogWorker] INFO  segmented.SegmentedRaftLogWorker (SegmentedRaftLogWorker.java:run(316)) - 10ab2f01-a163-4b0b-bdc9-1962e1c3543b@group-8C05B86E69BD-SegmentedRaftLogWorker was interrupted, exiting. There are 0 tasks remaining in the queue.
2019-11-15 01:00:41,176 [ForkJoinPool.commonPool-worker-0] INFO  segmented.SegmentedRaftLogWorker (SegmentedRaftLogWorker.java:close(224)) - 10ab2f01-a163-4b0b-bdc9-1962e1c3543b@group-8C05B86E69BD-SegmentedRaftLogWorker close()
2019-11-15 01:00:41,177 [main] INFO  server.GrpcService (GrpcService.java:closeImpl(172)) - 87580c89-6647-493a-b156-a806d562b3a1: shutdown server with port 37476 successfully
2019-11-15 01:00:41,177 [ForkJoinPool.commonPool-worker-0] INFO  server.GrpcService (GrpcService.java:closeImpl(164)) - 10ab2f01-a163-4b0b-bdc9-1962e1c3543b: shutdown server with port 38174 now
2019-11-15 01:00:41,178 [ForkJoinPool.commonPool-worker-0] INFO  server.GrpcService (GrpcService.java:closeImpl(172)) - 10ab2f01-a163-4b0b-bdc9-1962e1c3543b: shutdown server with port 38174 successfully
2019-11-15 01:00:41,178 [grpc-default-executor-0] WARN  server.GrpcServerProtocolService (LogUtils.java:warn(134)) - 10ab2f01-a163-4b0b-bdc9-1962e1c3543b: installSnapshot onError, lastRequest: 0e91382f-cc67-4c48-b6bb-37ad8c3df0fd->10ab2f01-a163-4b0b-bdc9-1962e1c3543b#31-t1, previous=(t:1, i:0), leaderCommit=0, initializing? false, entries: <empty>: org.apache.ratis.thirdparty.io.grpc.StatusRuntimeException: CANCELLED: cancelled before receiving half close
2019-11-15 01:00:41,178 [grpc-default-executor-3] WARN  server.GrpcLogAppender (LogUtils.java:warn(134)) - 0e91382f-cc67-4c48-b6bb-37ad8c3df0fd@group-8C05B86E69BD->10ab2f01-a163-4b0b-bdc9-1962e1c3543b-AppendLogResponseHandler: Failed appendEntries: org.apache.ratis.thirdparty.io.grpc.StatusRuntimeException: CANCELLED: HTTP/2 error code: CANCEL
Received Rst Stream
2019-11-15 01:00:41,179 [grpc-default-executor-3] INFO  impl.FollowerInfo (FollowerInfo.java:lambda$new$0(51)) - 0e91382f-cc67-4c48-b6bb-37ad8c3df0fd@group-8C05B86E69BD->10ab2f01-a163-4b0b-bdc9-1962e1c3543b: nextIndex: updateUnconditionally 1 -> 0
2019-11-15 01:00:41,180 [refreshUsed-/workdir/hadoop-ozone/integration-test/target/test-dir/MiniOzoneClusterImpl-9b1c7e50-938b-4652-9315-e435b3731240/datanode-2/data/containers] WARN  fs.CachingGetSpaceUsed (CachingGetSpaceUsed.java:run(183)) - Thread Interrupted waiting to refresh disk information: sleep interrupted
2019-11-15 01:00:41,180 [refreshUsed-/workdir/hadoop-ozone/integration-test/target/test-dir/MiniOzoneClusterImpl-9b1c7e50-938b-4652-9315-e435b3731240/datanode-5/data/containers] WARN  fs.CachingGetSpaceUsed (CachingGetSpaceUsed.java:run(183)) - Thread Interrupted waiting to refresh disk information: sleep interrupted
2019-11-15 01:00:41,204 [ForkJoinPool.commonPool-worker-0] INFO  utils.BackgroundService (BackgroundService.java:shutdown(151)) - Shutting down service BlockDeletingService
2019-11-15 01:00:41,204 [main] INFO  utils.BackgroundService (BackgroundService.java:shutdown(151)) - Shutting down service BlockDeletingService
2019-11-15 01:00:41,225 [ForkJoinPool.commonPool-worker-0] INFO  statemachine.DatanodeStateMachine (DatanodeStateMachine.java:stopDaemon(400)) - Ozone container server stopped.
2019-11-15 01:00:41,226 [main] INFO  statemachine.DatanodeStateMachine (DatanodeStateMachine.java:stopDaemon(400)) - Ozone container server stopped.
2019-11-15 01:00:41,231 [ForkJoinPool.commonPool-worker-0] INFO  handler.ContextHandler (ContextHandler.java:doStop(910)) - Stopped o.e.j.w.WebAppContext@3407aa4f{/,null,UNAVAILABLE}{/hddsDatanode}
2019-11-15 01:00:41,231 [main] INFO  handler.ContextHandler (ContextHandler.java:doStop(910)) - Stopped o.e.j.w.WebAppContext@2de3b052{/,null,UNAVAILABLE}{/hddsDatanode}
2019-11-15 01:00:41,232 [ForkJoinPool.commonPool-worker-0] INFO  server.AbstractConnector (AbstractConnector.java:doStop(318)) - Stopped ServerConnector@51ed2f68{HTTP/1.1,[http/1.1]}{0.0.0.0:0}
2019-11-15 01:00:41,232 [main] INFO  server.AbstractConnector (AbstractConnector.java:doStop(318)) - Stopped ServerConnector@3f3c8b60{HTTP/1.1,[http/1.1]}{0.0.0.0:0}
2019-11-15 01:00:41,233 [ForkJoinPool.commonPool-worker-0] INFO  handler.ContextHandler (ContextHandler.java:doStop(910)) - Stopped o.e.j.s.ServletContextHandler@629b780f{/static,jar:file:/home/user/.m2/repository/org/apache/hadoop/hadoop-hdds-container-service/0.5.0-SNAPSHOT/hadoop-hdds-container-service-0.5.0-SNAPSHOT.jar!/webapps/static,UNAVAILABLE}
2019-11-15 01:00:41,234 [main] INFO  handler.ContextHandler (ContextHandler.java:doStop(910)) - Stopped o.e.j.s.ServletContextHandler@59ec7020{/static,jar:file:/home/user/.m2/repository/org/apache/hadoop/hadoop-hdds-container-service/0.5.0-SNAPSHOT/hadoop-hdds-container-service-0.5.0-SNAPSHOT.jar!/webapps/static,UNAVAILABLE}
2019-11-15 01:00:41,235 [ForkJoinPool.commonPool-worker-0] INFO  handler.ContextHandler (ContextHandler.java:doStop(910)) - Stopped o.e.j.s.ServletContextHandler@42730828{/logs,file:///workdir/hadoop-ozone/integration-test/target/log,UNAVAILABLE}
2019-11-15 01:00:41,235 [main] INFO  handler.ContextHandler (ContextHandler.java:doStop(910)) - Stopped o.e.j.s.ServletContextHandler@5c5a91b4{/logs,file:///workdir/hadoop-ozone/integration-test/target/log,UNAVAILABLE}
2019-11-15 01:00:41,527 [grpc-default-executor-0] WARN  server.GrpcLogAppender (LogUtils.java:warn(134)) - d068838d-6499-4b84-94b8-55225fdfdb1a@group-E58C27D02539->c7f93789-5ee9-40a1-8afd-58386fa54dde-AppendLogResponseHandler: Failed appendEntries: org.apache.ratis.thirdparty.io.grpc.StatusRuntimeException: UNAVAILABLE: io exception
2019-11-15 01:00:41,527 [grpc-default-executor-0] INFO  impl.FollowerInfo (FollowerInfo.java:lambda$new$0(51)) - d068838d-6499-4b84-94b8-55225fdfdb1a@group-E58C27D02539->c7f93789-5ee9-40a1-8afd-58386fa54dde: nextIndex: updateUnconditionally 0 -> 0
2019-11-15 01:00:41,619 [Datanode State Machine Thread - 0] INFO  statemachine.DatanodeStateMachine (DatanodeStateMachine.java:lambda$startDaemon$0(355)) - Ozone container server started.
2019-11-15 01:00:41,680 [grpc-default-executor-0] WARN  server.GrpcLogAppender (LogUtils.java:warn(134)) - 0e91382f-cc67-4c48-b6bb-37ad8c3df0fd@group-8C05B86E69BD->10ab2f01-a163-4b0b-bdc9-1962e1c3543b-AppendLogResponseHandler: Failed appendEntries: org.apache.ratis.thirdparty.io.grpc.StatusRuntimeException: UNAVAILABLE: io exception
2019-11-15 01:00:41,680 [grpc-default-executor-0] INFO  impl.FollowerInfo (FollowerInfo.java:lambda$new$0(51)) - 0e91382f-cc67-4c48-b6bb-37ad8c3df0fd@group-8C05B86E69BD->10ab2f01-a163-4b0b-bdc9-1962e1c3543b: nextIndex: updateUnconditionally 0 -> 0
2019-11-15 01:00:41,688 [Thread-4646] INFO  client.GrpcClientProtocolService (GrpcClientProtocolService.java:lambda$processClientRequest$0(279)) - Failed RaftClientRequest:client-36CBF630059C->d068838d-6499-4b84-94b8-55225fdfdb1a@group-E58C27D02539, cid=279, seq=0, Watch-ALL_COMMITTED(2), Message:<EMPTY>, reply=RaftClientReply:client-36CBF630059C->d068838d-6499-4b84-94b8-55225fdfdb1a@group-E58C27D02539, cid=279, FAILED org.apache.ratis.protocol.NotReplicatedException: Request with call Id 279 and log index 2 is not yet replicated to ALL_COMMITTED, logIndex=2, commits[d068838d-6499-4b84-94b8-55225fdfdb1a:c7, 3290c45a-dc7d-4c95-a586-1c6e32afef30:c7, c7f93789-5ee9-40a1-8afd-58386fa54dde:c0]
2019-11-15 01:00:41,964 [Datanode State Machine Thread - 0] INFO  statemachine.DatanodeStateMachine (DatanodeStateMachine.java:lambda$startDaemon$0(355)) - Ozone container server started.
2019-11-15 01:00:42,027 [grpc-default-executor-3] WARN  server.GrpcLogAppender (LogUtils.java:warn(134)) - d068838d-6499-4b84-94b8-55225fdfdb1a@group-E58C27D02539->c7f93789-5ee9-40a1-8afd-58386fa54dde-AppendLogResponseHandler: Failed appendEntries: org.apache.ratis.thirdparty.io.grpc.StatusRuntimeException: UNAVAILABLE: io exception
2019-11-15 01:00:42,027 [grpc-default-executor-3] INFO  impl.FollowerInfo (FollowerInfo.java:lambda$new$0(51)) - d068838d-6499-4b84-94b8-55225fdfdb1a@group-E58C27D02539->c7f93789-5ee9-40a1-8afd-58386fa54dde: nextIndex: updateUnconditionally 0 -> 0
2019-11-15 01:00:42,180 [grpc-default-executor-5] WARN  server.GrpcLogAppender (LogUtils.java:warn(134)) - 0e91382f-cc67-4c48-b6bb-37ad8c3df0fd@group-8C05B86E69BD->10ab2f01-a163-4b0b-bdc9-1962e1c3543b-AppendLogResponseHandler: Failed appendEntries: org.apache.ratis.thirdparty.io.grpc.StatusRuntimeException: UNAVAILABLE: io exception
2019-11-15 01:00:42,180 [grpc-default-executor-5] INFO  impl.FollowerInfo (FollowerInfo.java:lambda$new$0(51)) - 0e91382f-cc67-4c48-b6bb-37ad8c3df0fd@group-8C05B86E69BD->10ab2f01-a163-4b0b-bdc9-1962e1c3543b: nextIndex: updateUnconditionally 0 -> 0
2019-11-15 01:00:42,527 [grpc-default-executor-3] WARN  server.GrpcLogAppender (LogUtils.java:warn(134)) - d068838d-6499-4b84-94b8-55225fdfdb1a@group-E58C27D02539->c7f93789-5ee9-40a1-8afd-58386fa54dde-AppendLogResponseHandler: Failed appendEntries: org.apache.ratis.thirdparty.io.grpc.StatusRuntimeException: UNAVAILABLE: io exception
2019-11-15 01:00:42,528 [grpc-default-executor-3] INFO  impl.FollowerInfo (FollowerInfo.java:lambda$new$0(51)) - d068838d-6499-4b84-94b8-55225fdfdb1a@group-E58C27D02539->c7f93789-5ee9-40a1-8afd-58386fa54dde: nextIndex: updateUnconditionally 0 -> 0
2019-11-15 01:00:42,681 [grpc-default-executor-0] WARN  server.GrpcLogAppender (LogUtils.java:warn(134)) - 0e91382f-cc67-4c48-b6bb-37ad8c3df0fd@group-8C05B86E69BD->10ab2f01-a163-4b0b-bdc9-1962e1c3543b-AppendLogResponseHandler: Failed appendEntries: org.apache.ratis.thirdparty.io.grpc.StatusRuntimeException: UNAVAILABLE: io exception
2019-11-15 01:00:42,681 [grpc-default-executor-0] INFO  impl.FollowerInfo (FollowerInfo.java:lambda$new$0(51)) - 0e91382f-cc67-4c48-b6bb-37ad8c3df0fd@group-8C05B86E69BD->10ab2f01-a163-4b0b-bdc9-1962e1c3543b: nextIndex: updateUnconditionally 0 -> 0
2019-11-15 01:00:43,028 [grpc-default-executor-3] WARN  server.GrpcLogAppender (LogUtils.java:warn(134)) - d068838d-6499-4b84-94b8-55225fdfdb1a@group-E58C27D02539->c7f93789-5ee9-40a1-8afd-58386fa54dde-AppendLogResponseHandler: Failed appendEntries: org.apache.ratis.thirdparty.io.grpc.StatusRuntimeException: UNAVAILABLE: io exception
2019-11-15 01:00:43,028 [grpc-default-executor-3] INFO  impl.FollowerInfo (FollowerInfo.java:lambda$new$0(51)) - d068838d-6499-4b84-94b8-55225fdfdb1a@group-E58C27D02539->c7f93789-5ee9-40a1-8afd-58386fa54dde: nextIndex: updateUnconditionally 0 -> 0
2019-11-15 01:00:43,181 [grpc-default-executor-5] WARN  server.GrpcLogAppender (LogUtils.java:warn(134)) - 0e91382f-cc67-4c48-b6bb-37ad8c3df0fd@group-8C05B86E69BD->10ab2f01-a163-4b0b-bdc9-1962e1c3543b-AppendLogResponseHandler: Failed appendEntries: org.apache.ratis.thirdparty.io.grpc.StatusRuntimeException: UNAVAILABLE: io exception
2019-11-15 01:00:43,182 [grpc-default-executor-5] INFO  impl.FollowerInfo (FollowerInfo.java:lambda$new$0(51)) - 0e91382f-cc67-4c48-b6bb-37ad8c3df0fd@group-8C05B86E69BD->10ab2f01-a163-4b0b-bdc9-1962e1c3543b: nextIndex: updateUnconditionally 0 -> 0
2019-11-15 01:00:43,529 [grpc-default-executor-5] WARN  server.GrpcLogAppender (LogUtils.java:warn(134)) - d068838d-6499-4b84-94b8-55225fdfdb1a@group-E58C27D02539->c7f93789-5ee9-40a1-8afd-58386fa54dde-AppendLogResponseHandler: Failed appendEntries: org.apache.ratis.thirdparty.io.grpc.StatusRuntimeException: UNAVAILABLE: io exception
2019-11-15 01:00:43,529 [grpc-default-executor-5] INFO  impl.FollowerInfo (FollowerInfo.java:lambda$new$0(51)) - d068838d-6499-4b84-94b8-55225fdfdb1a@group-E58C27D02539->c7f93789-5ee9-40a1-8afd-58386fa54dde: nextIndex: updateUnconditionally 0 -> 0
2019-11-15 01:00:43,682 [grpc-default-executor-3] WARN  server.GrpcLogAppender (LogUtils.java:warn(134)) - 0e91382f-cc67-4c48-b6bb-37ad8c3df0fd@group-8C05B86E69BD->10ab2f01-a163-4b0b-bdc9-1962e1c3543b-AppendLogResponseHandler: Failed appendEntries: org.apache.ratis.thirdparty.io.grpc.StatusRuntimeException: UNAVAILABLE: io exception
2019-11-15 01:00:43,682 [grpc-default-executor-3] INFO  impl.FollowerInfo (FollowerInfo.java:lambda$new$0(51)) - 0e91382f-cc67-4c48-b6bb-37ad8c3df0fd@group-8C05B86E69BD->10ab2f01-a163-4b0b-bdc9-1962e1c3543b: nextIndex: updateUnconditionally 0 -> 0
2019-11-15 01:00:44,029 [grpc-default-executor-5] WARN  server.GrpcLogAppender (LogUtils.java:warn(134)) - d068838d-6499-4b84-94b8-55225fdfdb1a@group-E58C27D02539->c7f93789-5ee9-40a1-8afd-58386fa54dde-AppendLogResponseHandler: Failed appendEntries: org.apache.ratis.thirdparty.io.grpc.StatusRuntimeException: UNAVAILABLE: io exception
2019-11-15 01:00:44,030 [grpc-default-executor-5] INFO  impl.FollowerInfo (FollowerInfo.java:lambda$new$0(51)) - d068838d-6499-4b84-94b8-55225fdfdb1a@group-E58C27D02539->c7f93789-5ee9-40a1-8afd-58386fa54dde: nextIndex: updateUnconditionally 0 -> 0
2019-11-15 01:00:44,182 [grpc-default-executor-0] WARN  server.GrpcLogAppender (LogUtils.java:warn(134)) - 0e91382f-cc67-4c48-b6bb-37ad8c3df0fd@group-8C05B86E69BD->10ab2f01-a163-4b0b-bdc9-1962e1c3543b-AppendLogResponseHandler: Failed appendEntries: org.apache.ratis.thirdparty.io.grpc.StatusRuntimeException: UNAVAILABLE: io exception
2019-11-15 01:00:44,182 [grpc-default-executor-0] INFO  impl.FollowerInfo (FollowerInfo.java:lambda$new$0(51)) - 0e91382f-cc67-4c48-b6bb-37ad8c3df0fd@group-8C05B86E69BD->10ab2f01-a163-4b0b-bdc9-1962e1c3543b: nextIndex: updateUnconditionally 0 -> 0
2019-11-15 01:00:44,530 [grpc-default-executor-0] WARN  server.GrpcLogAppender (LogUtils.java:warn(134)) - d068838d-6499-4b84-94b8-55225fdfdb1a@group-E58C27D02539->c7f93789-5ee9-40a1-8afd-58386fa54dde-AppendLogResponseHandler: Failed appendEntries: org.apache.ratis.thirdparty.io.grpc.StatusRuntimeException: UNAVAILABLE: io exception
2019-11-15 01:00:44,530 [grpc-default-executor-0] INFO  impl.FollowerInfo (FollowerInfo.java:lambda$new$0(51)) - d068838d-6499-4b84-94b8-55225fdfdb1a@group-E58C27D02539->c7f93789-5ee9-40a1-8afd-58386fa54dde: nextIndex: updateUnconditionally 0 -> 0
2019-11-15 01:00:44,683 [grpc-default-executor-5] WARN  server.GrpcLogAppender (LogUtils.java:warn(134)) - 0e91382f-cc67-4c48-b6bb-37ad8c3df0fd@group-8C05B86E69BD->10ab2f01-a163-4b0b-bdc9-1962e1c3543b-AppendLogResponseHandler: Failed appendEntries: org.apache.ratis.thirdparty.io.grpc.StatusRuntimeException: UNAVAILABLE: io exception
2019-11-15 01:00:44,683 [grpc-default-executor-5] INFO  impl.FollowerInfo (FollowerInfo.java:lambda$new$0(51)) - 0e91382f-cc67-4c48-b6bb-37ad8c3df0fd@group-8C05B86E69BD->10ab2f01-a163-4b0b-bdc9-1962e1c3543b: nextIndex: updateUnconditionally 0 -> 0
2019-11-15 01:00:45,031 [grpc-default-executor-0] WARN  server.GrpcLogAppender (LogUtils.java:warn(134)) - d068838d-6499-4b84-94b8-55225fdfdb1a@group-E58C27D02539->c7f93789-5ee9-40a1-8afd-58386fa54dde-AppendLogResponseHandler: Failed appendEntries: org.apache.ratis.thirdparty.io.grpc.StatusRuntimeException: UNAVAILABLE: io exception
2019-11-15 01:00:45,031 [grpc-default-executor-0] INFO  impl.FollowerInfo (FollowerInfo.java:lambda$new$0(51)) - d068838d-6499-4b84-94b8-55225fdfdb1a@group-E58C27D02539->c7f93789-5ee9-40a1-8afd-58386fa54dde: nextIndex: updateUnconditionally 0 -> 0
2019-11-15 01:00:45,184 [grpc-default-executor-3] WARN  server.GrpcLogAppender (LogUtils.java:warn(134)) - 0e91382f-cc67-4c48-b6bb-37ad8c3df0fd@group-8C05B86E69BD->10ab2f01-a163-4b0b-bdc9-1962e1c3543b-AppendLogResponseHandler: Failed appendEntries: org.apache.ratis.thirdparty.io.grpc.StatusRuntimeException: UNAVAILABLE: io exception
2019-11-15 01:00:45,184 [grpc-default-executor-3] INFO  impl.FollowerInfo (FollowerInfo.java:lambda$new$0(51)) - 0e91382f-cc67-4c48-b6bb-37ad8c3df0fd@group-8C05B86E69BD->10ab2f01-a163-4b0b-bdc9-1962e1c3543b: nextIndex: updateUnconditionally 0 -> 0
2019-11-15 01:00:45,531 [grpc-default-executor-5] WARN  server.GrpcLogAppender (LogUtils.java:warn(134)) - d068838d-6499-4b84-94b8-55225fdfdb1a@group-E58C27D02539->c7f93789-5ee9-40a1-8afd-58386fa54dde-AppendLogResponseHandler: Failed appendEntries: org.apache.ratis.thirdparty.io.grpc.StatusRuntimeException: UNAVAILABLE: io exception
2019-11-15 01:00:45,532 [grpc-default-executor-5] INFO  impl.FollowerInfo (FollowerInfo.java:lambda$new$0(51)) - d068838d-6499-4b84-94b8-55225fdfdb1a@group-E58C27D02539->c7f93789-5ee9-40a1-8afd-58386fa54dde: nextIndex: updateUnconditionally 0 -> 0
2019-11-15 01:00:45,684 [grpc-default-executor-3] WARN  server.GrpcLogAppender (LogUtils.java:warn(134)) - 0e91382f-cc67-4c48-b6bb-37ad8c3df0fd@group-8C05B86E69BD->10ab2f01-a163-4b0b-bdc9-1962e1c3543b-AppendLogResponseHandler: Failed appendEntries: org.apache.ratis.thirdparty.io.grpc.StatusRuntimeException: UNAVAILABLE: io exception
2019-11-15 01:00:45,684 [grpc-default-executor-3] INFO  impl.FollowerInfo (FollowerInfo.java:lambda$new$0(51)) - 0e91382f-cc67-4c48-b6bb-37ad8c3df0fd@group-8C05B86E69BD->10ab2f01-a163-4b0b-bdc9-1962e1c3543b: nextIndex: updateUnconditionally 0 -> 0
2019-11-15 01:00:46,033 [grpc-default-executor-3] WARN  server.GrpcLogAppender (LogUtils.java:warn(134)) - d068838d-6499-4b84-94b8-55225fdfdb1a@group-E58C27D02539->c7f93789-5ee9-40a1-8afd-58386fa54dde-AppendLogResponseHandler: Failed appendEntries: org.apache.ratis.thirdparty.io.grpc.StatusRuntimeException: UNAVAILABLE: io exception
2019-11-15 01:00:46,033 [grpc-default-executor-3] INFO  impl.FollowerInfo (FollowerInfo.java:lambda$new$0(51)) - d068838d-6499-4b84-94b8-55225fdfdb1a@group-E58C27D02539->c7f93789-5ee9-40a1-8afd-58386fa54dde: nextIndex: updateUnconditionally 0 -> 0
2019-11-15 01:00:46,187 [grpc-default-executor-0] WARN  server.GrpcLogAppender (LogUtils.java:warn(134)) - 0e91382f-cc67-4c48-b6bb-37ad8c3df0fd@group-8C05B86E69BD->10ab2f01-a163-4b0b-bdc9-1962e1c3543b-AppendLogResponseHandler: Failed appendEntries: org.apache.ratis.thirdparty.io.grpc.StatusRuntimeException: UNAVAILABLE: io exception
2019-11-15 01:00:46,188 [grpc-default-executor-0] INFO  impl.FollowerInfo (FollowerInfo.java:lambda$new$0(51)) - 0e91382f-cc67-4c48-b6bb-37ad8c3df0fd@group-8C05B86E69BD->10ab2f01-a163-4b0b-bdc9-1962e1c3543b: nextIndex: updateUnconditionally 0 -> 0
2019-11-15 01:00:46,237 [ForkJoinPool.commonPool-worker-0] INFO  ozoneimpl.OzoneContainer (OzoneContainer.java:stop(244)) - Attempting to stop container services.
2019-11-15 01:00:46,238 [main] INFO  ozoneimpl.OzoneContainer (OzoneContainer.java:stop(244)) - Attempting to stop container services.
2019-11-15 01:00:46,239 [ForkJoinPool.commonPool-worker-0] INFO  impl.RaftServerProxy (RaftServerProxy.java:lambda$close$4(314)) - d068838d-6499-4b84-94b8-55225fdfdb1a: close
2019-11-15 01:00:46,239 [main] INFO  impl.RaftServerProxy (RaftServerProxy.java:lambda$close$4(314)) - 2b497d53-8cea-4a7e-98a0-4cfb87fd1475: close
2019-11-15 01:00:46,240 [ForkJoinPool.commonPool-worker-0] INFO  impl.RaftServerImpl (RaftServerImpl.java:lambda$shutdown$3(250)) - d068838d-6499-4b84-94b8-55225fdfdb1a@group-E58C27D02539: shutdown
2019-11-15 01:00:46,240 [main] INFO  impl.RaftServerImpl (RaftServerImpl.java:lambda$shutdown$3(250)) - 2b497d53-8cea-4a7e-98a0-4cfb87fd1475@group-C787A5EC6030: shutdown
2019-11-15 01:00:46,240 [ForkJoinPool.commonPool-worker-0] INFO  util.JmxRegister (JmxRegister.java:unregister(73)) - Successfully un-registered JMX Bean with object name Ratis:service=RaftServer,group=group-E58C27D02539,id=d068838d-6499-4b84-94b8-55225fdfdb1a
2019-11-15 01:00:46,240 [main] INFO  util.JmxRegister (JmxRegister.java:unregister(73)) - Successfully un-registered JMX Bean with object name Ratis:service=RaftServer,group=group-C787A5EC6030,id=2b497d53-8cea-4a7e-98a0-4cfb87fd1475
2019-11-15 01:00:46,241 [ForkJoinPool.commonPool-worker-0] INFO  impl.RoleInfo (RoleInfo.java:shutdownLeaderState(104)) - d068838d-6499-4b84-94b8-55225fdfdb1a: shutdown LeaderState
2019-11-15 01:00:46,241 [main] INFO  impl.RoleInfo (RoleInfo.java:shutdownFollowerState(121)) - 2b497d53-8cea-4a7e-98a0-4cfb87fd1475: shutdown FollowerState
2019-11-15 01:00:46,247 [ForkJoinPool.commonPool-worker-0] INFO  impl.PendingRequests (PendingRequests.java:sendNotLeaderResponses(206)) - d068838d-6499-4b84-94b8-55225fdfdb1a@group-E58C27D02539-PendingRequests: sendNotLeaderResponses
2019-11-15 01:00:46,248 [main] INFO  impl.StateMachineUpdater (StateMachineUpdater.java:stopAndJoin(136)) - 2b497d53-8cea-4a7e-98a0-4cfb87fd1475@group-C787A5EC6030-StateMachineUpdater: set stopIndex = 0
2019-11-15 01:00:46,248 [Thread-4301] INFO  impl.FollowerState (FollowerState.java:run(120)) - 2b497d53-8cea-4a7e-98a0-4cfb87fd1475@group-C787A5EC6030-FollowerState was interrupted: java.lang.InterruptedException: sleep interrupted
2019-11-15 01:00:46,247 [org.apache.ratis.server.impl.LogAppender$AppenderDaemon$$Lambda$466/1042245461@1ee278d3] WARN  server.GrpcLogAppender (GrpcLogAppender.java:mayWait(151)) - d068838d-6499-4b84-94b8-55225fdfdb1a@group-E58C27D02539->c7f93789-5ee9-40a1-8afd-58386fa54dde-GrpcLogAppender: Wait interrupted by java.lang.InterruptedException
2019-11-15 01:00:46,247 [org.apache.ratis.server.impl.LogAppender$AppenderDaemon$$Lambda$466/1042245461@5be0edcb] WARN  server.GrpcLogAppender (GrpcLogAppender.java:mayWait(151)) - d068838d-6499-4b84-94b8-55225fdfdb1a@group-E58C27D02539->3290c45a-dc7d-4c95-a586-1c6e32afef30-GrpcLogAppender: Wait interrupted by java.lang.InterruptedException
2019-11-15 01:00:46,250 [main] INFO  impl.RaftServerImpl (ServerState.java:close(387)) - 2b497d53-8cea-4a7e-98a0-4cfb87fd1475@group-C787A5EC6030: closes. applyIndex: 0
2019-11-15 01:00:46,253 [grpc-default-executor-0] INFO  server.GrpcServerProtocolService (GrpcServerProtocolService.java:onCompleted(113)) - 3290c45a-dc7d-4c95-a586-1c6e32afef30: Completed APPEND_ENTRIES, lastRequest: d068838d-6499-4b84-94b8-55225fdfdb1a->3290c45a-dc7d-4c95-a586-1c6e32afef30#49-t1, previous=(t:1, i:7), leaderCommit=7, initializing? false, entries: <empty>
2019-11-15 01:00:46,253 [2b497d53-8cea-4a7e-98a0-4cfb87fd1475@group-C787A5EC6030-SegmentedRaftLogWorker] INFO  segmented.SegmentedRaftLogWorker (SegmentedRaftLogWorker.java:run(316)) - 2b497d53-8cea-4a7e-98a0-4cfb87fd1475@group-C787A5EC6030-SegmentedRaftLogWorker was interrupted, exiting. There are 0 tasks remaining in the queue.
2019-11-15 01:00:46,253 [ForkJoinPool.commonPool-worker-0] INFO  impl.StateMachineUpdater (StateMachineUpdater.java:stopAndJoin(136)) - d068838d-6499-4b84-94b8-55225fdfdb1a@group-E58C27D02539-StateMachineUpdater: set stopIndex = 7
2019-11-15 01:00:46,253 [d068838d-6499-4b84-94b8-55225fdfdb1a@group-E58C27D02539-StateMachineUpdater] INFO  ratis.ContainerStateMachine (ContainerStateMachine.java:takeSnapshot(285)) - group-E58C27D02539: Taking a snapshot at:(t:1, i:7) file /workdir/hadoop-ozone/integration-test/target/test-dir/MiniOzoneClusterImpl-9b1c7e50-938b-4652-9315-e435b3731240/datanode-4/data/ratis/20424017-baad-4109-9464-e58c27d02539/sm/snapshot.1_7
2019-11-15 01:00:46,254 [grpc-default-executor-0] INFO  server.GrpcLogAppender (GrpcLogAppender.java:onCompleted(308)) - d068838d-6499-4b84-94b8-55225fdfdb1a@group-E58C27D02539->3290c45a-dc7d-4c95-a586-1c6e32afef30-AppendLogResponseHandler: follower responses appendEntries COMPLETED
2019-11-15 01:00:46,254 [Thread-4684] INFO  client.GrpcClientProtocolService (GrpcClientProtocolService.java:lambda$processClientRequest$0(279)) - Failed RaftClientRequest:client-36CBF630059C->d068838d-6499-4b84-94b8-55225fdfdb1a@group-E58C27D02539, cid=279, seq=0, Watch-ALL_COMMITTED(2), Message:<EMPTY>, reply=RaftClientReply:client-36CBF630059C->d068838d-6499-4b84-94b8-55225fdfdb1a@group-E58C27D02539, cid=279, FAILED org.apache.ratis.protocol.NotLeaderException: Server d068838d-6499-4b84-94b8-55225fdfdb1a@group-E58C27D02539 is not the leader, logIndex=0, commits[d068838d-6499-4b84-94b8-55225fdfdb1a:c7]
2019-11-15 01:00:46,254 [main] INFO  segmented.SegmentedRaftLogWorker (SegmentedRaftLogWorker.java:close(224)) - 2b497d53-8cea-4a7e-98a0-4cfb87fd1475@group-C787A5EC6030-SegmentedRaftLogWorker close()
2019-11-15 01:00:46,255 [grpc-default-executor-0] INFO  impl.FollowerInfo (FollowerInfo.java:lambda$new$0(51)) - d068838d-6499-4b84-94b8-55225fdfdb1a@group-E58C27D02539->3290c45a-dc7d-4c95-a586-1c6e32afef30: nextIndex: updateUnconditionally 8 -> 7
2019-11-15 01:00:46,255 [main] INFO  impl.RaftServerImpl (RaftServerImpl.java:lambda$shutdown$3(250)) - 2b497d53-8cea-4a7e-98a0-4cfb87fd1475@group-C000B87B85A5: shutdown
2019-11-15 01:00:46,255 [main] INFO  util.JmxRegister (JmxRegister.java:unregister(73)) - Successfully un-registered JMX Bean with object name Ratis:service=RaftServer,group=group-C000B87B85A5,id=2b497d53-8cea-4a7e-98a0-4cfb87fd1475
2019-11-15 01:00:46,256 [main] INFO  impl.RoleInfo (RoleInfo.java:shutdownLeaderState(104)) - 2b497d53-8cea-4a7e-98a0-4cfb87fd1475: shutdown LeaderState
2019-11-15 01:00:46,256 [main] INFO  impl.PendingRequests (PendingRequests.java:sendNotLeaderResponses(206)) - 2b497d53-8cea-4a7e-98a0-4cfb87fd1475@group-C000B87B85A5-PendingRequests: sendNotLeaderResponses
2019-11-15 01:00:46,256 [main] INFO  impl.StateMachineUpdater (StateMachineUpdater.java:stopAndJoin(136)) - 2b497d53-8cea-4a7e-98a0-4cfb87fd1475@group-C000B87B85A5-StateMachineUpdater: set stopIndex = 0
2019-11-15 01:00:46,257 [main] INFO  impl.RaftServerImpl (ServerState.java:close(387)) - 2b497d53-8cea-4a7e-98a0-4cfb87fd1475@group-C000B87B85A5: closes. applyIndex: 0
2019-11-15 01:00:46,257 [2b497d53-8cea-4a7e-98a0-4cfb87fd1475@group-C000B87B85A5-SegmentedRaftLogWorker] INFO  segmented.SegmentedRaftLogWorker (SegmentedRaftLogWorker.java:run(316)) - 2b497d53-8cea-4a7e-98a0-4cfb87fd1475@group-C000B87B85A5-SegmentedRaftLogWorker was interrupted, exiting. There are 0 tasks remaining in the queue.
2019-11-15 01:00:46,265 [main] INFO  segmented.SegmentedRaftLogWorker (SegmentedRaftLogWorker.java:close(224)) - 2b497d53-8cea-4a7e-98a0-4cfb87fd1475@group-C000B87B85A5-SegmentedRaftLogWorker close()
2019-11-15 01:00:46,268 [main] INFO  server.GrpcService (GrpcService.java:closeImpl(164)) - 2b497d53-8cea-4a7e-98a0-4cfb87fd1475: shutdown server with port 45511 now
2019-11-15 01:00:46,269 [grpc-default-executor-0] WARN  server.GrpcServerProtocolService (LogUtils.java:warn(134)) - 2b497d53-8cea-4a7e-98a0-4cfb87fd1475: installSnapshot onError, lastRequest: c4061fea-d656-4029-8a52-0003cdc411ee->2b497d53-8cea-4a7e-98a0-4cfb87fd1475#48-t1, previous=(t:1, i:0), leaderCommit=0, initializing? false, entries: <empty>: org.apache.ratis.thirdparty.io.grpc.StatusRuntimeException: CANCELLED: cancelled before receiving half close
2019-11-15 01:00:46,269 [grpc-default-executor-3] WARN  server.GrpcLogAppender (LogUtils.java:warn(134)) - c4061fea-d656-4029-8a52-0003cdc411ee@group-C787A5EC6030->2b497d53-8cea-4a7e-98a0-4cfb87fd1475-AppendLogResponseHandler: Failed appendEntries: org.apache.ratis.thirdparty.io.grpc.StatusRuntimeException: CANCELLED: HTTP/2 error code: CANCEL
Received Rst Stream
2019-11-15 01:00:46,269 [main] INFO  server.GrpcService (GrpcService.java:closeImpl(172)) - 2b497d53-8cea-4a7e-98a0-4cfb87fd1475: shutdown server with port 45511 successfully
2019-11-15 01:00:46,269 [grpc-default-executor-3] INFO  impl.FollowerInfo (FollowerInfo.java:lambda$new$0(51)) - c4061fea-d656-4029-8a52-0003cdc411ee@group-C787A5EC6030->2b497d53-8cea-4a7e-98a0-4cfb87fd1475: nextIndex: updateUnconditionally 1 -> 0
2019-11-15 01:00:46,271 [refreshUsed-/workdir/hadoop-ozone/integration-test/target/test-dir/MiniOzoneClusterImpl-9b1c7e50-938b-4652-9315-e435b3731240/datanode-6/data/containers] WARN  fs.CachingGetSpaceUsed (CachingGetSpaceUsed.java:run(183)) - Thread Interrupted waiting to refresh disk information: sleep interrupted
2019-11-15 01:00:46,289 [d068838d-6499-4b84-94b8-55225fdfdb1a@group-E58C27D02539-StateMachineUpdater] INFO  ratis.ContainerStateMachine (ContainerStateMachine.java:takeSnapshot(296)) - group-E58C27D02539: Finished taking a snapshot at:(t:1, i:7) file:/workdir/hadoop-ozone/integration-test/target/test-dir/MiniOzoneClusterImpl-9b1c7e50-938b-4652-9315-e435b3731240/datanode-4/data/ratis/20424017-baad-4109-9464-e58c27d02539/sm/snapshot.1_7 time:36
2019-11-15 01:00:46,290 [d068838d-6499-4b84-94b8-55225fdfdb1a@group-E58C27D02539-StateMachineUpdater] INFO  impl.StateMachineUpdater (StateMachineUpdater.java:takeSnapshot(269)) - d068838d-6499-4b84-94b8-55225fdfdb1a@group-E58C27D02539-StateMachineUpdater: Took a snapshot at index 7
2019-11-15 01:00:46,290 [d068838d-6499-4b84-94b8-55225fdfdb1a@group-E58C27D02539-StateMachineUpdater] INFO  impl.StateMachineUpdater (StateMachineUpdater.java:lambda$new$0(84)) - d068838d-6499-4b84-94b8-55225fdfdb1a@group-E58C27D02539-StateMachineUpdater: snapshotIndex: updateIncreasingly -1 -> 7
2019-11-15 01:00:46,290 [main] INFO  utils.BackgroundService (BackgroundService.java:shutdown(151)) - Shutting down service BlockDeletingService
2019-11-15 01:00:46,291 [ForkJoinPool.commonPool-worker-0] INFO  impl.RaftServerImpl (ServerState.java:close(387)) - d068838d-6499-4b84-94b8-55225fdfdb1a@group-E58C27D02539: closes. applyIndex: 7
2019-11-15 01:00:46,293 [main] INFO  statemachine.DatanodeStateMachine (DatanodeStateMachine.java:stopDaemon(400)) - Ozone container server stopped.
2019-11-15 01:00:46,293 [d068838d-6499-4b84-94b8-55225fdfdb1a@group-E58C27D02539-SegmentedRaftLogWorker] INFO  segmented.SegmentedRaftLogWorker (SegmentedRaftLogWorker.java:run(316)) - d068838d-6499-4b84-94b8-55225fdfdb1a@group-E58C27D02539-SegmentedRaftLogWorker was interrupted, exiting. There are 0 tasks remaining in the queue.
2019-11-15 01:00:46,294 [ForkJoinPool.commonPool-worker-0] INFO  segmented.SegmentedRaftLogWorker (SegmentedRaftLogWorker.java:close(224)) - d068838d-6499-4b84-94b8-55225fdfdb1a@group-E58C27D02539-SegmentedRaftLogWorker close()
2019-11-15 01:00:46,294 [ForkJoinPool.commonPool-worker-0] INFO  impl.RaftServerImpl (RaftServerImpl.java:lambda$shutdown$3(250)) - d068838d-6499-4b84-94b8-55225fdfdb1a@group-D66E78A59C84: shutdown
2019-11-15 01:00:46,294 [ForkJoinPool.commonPool-worker-0] INFO  util.JmxRegister (JmxRegister.java:unregister(73)) - Successfully un-registered JMX Bean with object name Ratis:service=RaftServer,group=group-D66E78A59C84,id=d068838d-6499-4b84-94b8-55225fdfdb1a
2019-11-15 01:00:46,295 [ForkJoinPool.commonPool-worker-0] INFO  impl.RoleInfo (RoleInfo.java:shutdownLeaderState(104)) - d068838d-6499-4b84-94b8-55225fdfdb1a: shutdown LeaderState
2019-11-15 01:00:46,295 [ForkJoinPool.commonPool-worker-0] INFO  impl.PendingRequests (PendingRequests.java:sendNotLeaderResponses(206)) - d068838d-6499-4b84-94b8-55225fdfdb1a@group-D66E78A59C84-PendingRequests: sendNotLeaderResponses
2019-11-15 01:00:46,296 [ForkJoinPool.commonPool-worker-0] INFO  impl.StateMachineUpdater (StateMachineUpdater.java:stopAndJoin(136)) - d068838d-6499-4b84-94b8-55225fdfdb1a@group-D66E78A59C84-StateMachineUpdater: set stopIndex = 0
2019-11-15 01:00:46,296 [main] INFO  handler.ContextHandler (ContextHandler.java:doStop(910)) - Stopped o.e.j.w.WebAppContext@1f179f51{/,null,UNAVAILABLE}{/hddsDatanode}
2019-11-15 01:00:46,296 [ForkJoinPool.commonPool-worker-0] INFO  impl.RaftServerImpl (ServerState.java:close(387)) - d068838d-6499-4b84-94b8-55225fdfdb1a@group-D66E78A59C84: closes. applyIndex: 0
2019-11-15 01:00:46,297 [d068838d-6499-4b84-94b8-55225fdfdb1a@group-D66E78A59C84-SegmentedRaftLogWorker] INFO  segmented.SegmentedRaftLogWorker (SegmentedRaftLogWorker.java:run(316)) - d068838d-6499-4b84-94b8-55225fdfdb1a@group-D66E78A59C84-SegmentedRaftLogWorker was interrupted, exiting. There are 0 tasks remaining in the queue.
2019-11-15 01:00:46,297 [ForkJoinPool.commonPool-worker-0] INFO  segmented.SegmentedRaftLogWorker (SegmentedRaftLogWorker.java:close(224)) - d068838d-6499-4b84-94b8-55225fdfdb1a@group-D66E78A59C84-SegmentedRaftLogWorker close()
2019-11-15 01:00:46,297 [main] INFO  server.AbstractConnector (AbstractConnector.java:doStop(318)) - Stopped ServerConnector@b428830{HTTP/1.1,[http/1.1]}{0.0.0.0:0}
2019-11-15 01:00:46,297 [ForkJoinPool.commonPool-worker-0] INFO  server.GrpcService (GrpcService.java:closeImpl(164)) - d068838d-6499-4b84-94b8-55225fdfdb1a: shutdown server with port 41973 now
2019-11-15 01:00:46,298 [main] INFO  handler.ContextHandler (ContextHandler.java:doStop(910)) - Stopped o.e.j.s.ServletContextHandler@61ab6521{/static,jar:file:/home/user/.m2/repository/org/apache/hadoop/hadoop-hdds-container-service/0.5.0-SNAPSHOT/hadoop-hdds-container-service-0.5.0-SNAPSHOT.jar!/webapps/static,UNAVAILABLE}
2019-11-15 01:00:46,298 [ForkJoinPool.commonPool-worker-0] INFO  server.GrpcService (GrpcService.java:closeImpl(172)) - d068838d-6499-4b84-94b8-55225fdfdb1a: shutdown server with port 41973 successfully
2019-11-15 01:00:46,298 [main] INFO  handler.ContextHandler (ContextHandler.java:doStop(910)) - Stopped o.e.j.s.ServletContextHandler@5280688{/logs,file:///workdir/hadoop-ozone/integration-test/target/log,UNAVAILABLE}
2019-11-15 01:00:46,301 [refreshUsed-/workdir/hadoop-ozone/integration-test/target/test-dir/MiniOzoneClusterImpl-9b1c7e50-938b-4652-9315-e435b3731240/datanode-4/data/containers] WARN  fs.CachingGetSpaceUsed (CachingGetSpaceUsed.java:run(183)) - Thread Interrupted waiting to refresh disk information: sleep interrupted
2019-11-15 01:00:46,321 [ForkJoinPool.commonPool-worker-0] INFO  utils.BackgroundService (BackgroundService.java:shutdown(151)) - Shutting down service BlockDeletingService
2019-11-15 01:00:46,322 [ForkJoinPool.commonPool-worker-0] INFO  statemachine.DatanodeStateMachine (DatanodeStateMachine.java:stopDaemon(400)) - Ozone container server stopped.
2019-11-15 01:00:46,326 [ForkJoinPool.commonPool-worker-0] INFO  handler.ContextHandler (ContextHandler.java:doStop(910)) - Stopped o.e.j.w.WebAppContext@7ad889be{/,null,UNAVAILABLE}{/hddsDatanode}
2019-11-15 01:00:46,327 [ForkJoinPool.commonPool-worker-0] INFO  server.AbstractConnector (AbstractConnector.java:doStop(318)) - Stopped ServerConnector@4c063cb9{HTTP/1.1,[http/1.1]}{0.0.0.0:0}
2019-11-15 01:00:46,328 [ForkJoinPool.commonPool-worker-0] INFO  handler.ContextHandler (ContextHandler.java:doStop(910)) - Stopped o.e.j.s.ServletContextHandler@36211bbc{/static,jar:file:/home/user/.m2/repository/org/apache/hadoop/hadoop-hdds-container-service/0.5.0-SNAPSHOT/hadoop-hdds-container-service-0.5.0-SNAPSHOT.jar!/webapps/static,UNAVAILABLE}
2019-11-15 01:00:46,329 [ForkJoinPool.commonPool-worker-0] INFO  handler.ContextHandler (ContextHandler.java:doStop(910)) - Stopped o.e.j.s.ServletContextHandler@6def0632{/logs,file:///workdir/hadoop-ozone/integration-test/target/log,UNAVAILABLE}
2019-11-15 01:00:46,533 [Datanode State Machine Thread - 0] INFO  statemachine.DatanodeStateMachine (DatanodeStateMachine.java:lambda$startDaemon$0(355)) - Ozone container server started.
2019-11-15 01:00:46,578 [grpc-default-executor-5] WARN  server.GrpcLogAppender (LogUtils.java:warn(134)) - c4061fea-d656-4029-8a52-0003cdc411ee@group-C787A5EC6030->2b497d53-8cea-4a7e-98a0-4cfb87fd1475-AppendLogResponseHandler: Failed appendEntries: org.apache.ratis.thirdparty.io.grpc.StatusRuntimeException: UNAVAILABLE: io exception
2019-11-15 01:00:46,578 [grpc-default-executor-5] INFO  impl.FollowerInfo (FollowerInfo.java:lambda$new$0(51)) - c4061fea-d656-4029-8a52-0003cdc411ee@group-C787A5EC6030->2b497d53-8cea-4a7e-98a0-4cfb87fd1475: nextIndex: updateUnconditionally 0 -> 0
2019-11-15 01:00:46,686 [grpc-default-executor-3] WARN  server.GrpcLogAppender (LogUtils.java:warn(134)) - 0e91382f-cc67-4c48-b6bb-37ad8c3df0fd@group-8C05B86E69BD->10ab2f01-a163-4b0b-bdc9-1962e1c3543b-AppendLogResponseHandler: Failed appendEntries: org.apache.ratis.thirdparty.io.grpc.StatusRuntimeException: UNAVAILABLE: io exception
2019-11-15 01:00:46,686 [grpc-default-executor-3] INFO  impl.FollowerInfo (FollowerInfo.java:lambda$new$0(51)) - 0e91382f-cc67-4c48-b6bb-37ad8c3df0fd@group-8C05B86E69BD->10ab2f01-a163-4b0b-bdc9-1962e1c3543b: nextIndex: updateUnconditionally 0 -> 0
2019-11-15 01:00:47,078 [grpc-default-executor-3] WARN  server.GrpcLogAppender (LogUtils.java:warn(134)) - c4061fea-d656-4029-8a52-0003cdc411ee@group-C787A5EC6030->2b497d53-8cea-4a7e-98a0-4cfb87fd1475-AppendLogResponseHandler: Failed appendEntries: org.apache.ratis.thirdparty.io.grpc.StatusRuntimeException: UNAVAILABLE: io exception
2019-11-15 01:00:47,078 [grpc-default-executor-3] INFO  impl.FollowerInfo (FollowerInfo.java:lambda$new$0(51)) - c4061fea-d656-4029-8a52-0003cdc411ee@group-C787A5EC6030->2b497d53-8cea-4a7e-98a0-4cfb87fd1475: nextIndex: updateUnconditionally 0 -> 0
2019-11-15 01:00:47,186 [grpc-default-executor-5] WARN  server.GrpcLogAppender (LogUtils.java:warn(134)) - 0e91382f-cc67-4c48-b6bb-37ad8c3df0fd@group-8C05B86E69BD->10ab2f01-a163-4b0b-bdc9-1962e1c3543b-AppendLogResponseHandler: Failed appendEntries: org.apache.ratis.thirdparty.io.grpc.StatusRuntimeException: UNAVAILABLE: io exception
2019-11-15 01:00:47,186 [grpc-default-executor-5] INFO  impl.FollowerInfo (FollowerInfo.java:lambda$new$0(51)) - 0e91382f-cc67-4c48-b6bb-37ad8c3df0fd@group-8C05B86E69BD->10ab2f01-a163-4b0b-bdc9-1962e1c3543b: nextIndex: updateUnconditionally 0 -> 0
2019-11-15 01:00:47,287 [Datanode State Machine Thread - 0] INFO  statemachine.DatanodeStateMachine (DatanodeStateMachine.java:lambda$startDaemon$0(355)) - Ozone container server started.
2019-11-15 01:00:47,413 [Thread-4419] INFO  impl.FollowerState (FollowerState.java:run(111)) - 3290c45a-dc7d-4c95-a586-1c6e32afef30@group-E58C27D02539-FollowerState: change to CANDIDATE, lastRpcTime:1338ms, electionTimeout:1120ms
2019-11-15 01:00:47,413 [Thread-4419] INFO  impl.RoleInfo (RoleInfo.java:shutdownFollowerState(121)) - 3290c45a-dc7d-4c95-a586-1c6e32afef30: shutdown FollowerState
2019-11-15 01:00:47,413 [Thread-4419] INFO  impl.RaftServerImpl (RaftServerImpl.java:setRole(173)) - 3290c45a-dc7d-4c95-a586-1c6e32afef30@group-E58C27D02539: changes role from  FOLLOWER to CANDIDATE at term 1 for changeToCandidate
2019-11-15 01:00:47,413 [Thread-4419] INFO  impl.RoleInfo (RoleInfo.java:updateAndGet(143)) - 3290c45a-dc7d-4c95-a586-1c6e32afef30: start LeaderElection
2019-11-15 01:00:47,414 [3290c45a-dc7d-4c95-a586-1c6e32afef30@group-E58C27D02539-LeaderElection176] INFO  impl.RaftServerImpl (ServerState.java:setLeader(255)) - 3290c45a-dc7d-4c95-a586-1c6e32afef30@group-E58C27D02539: change Leader from d068838d-6499-4b84-94b8-55225fdfdb1a to null at term 1 for initElection
2019-11-15 01:00:47,439 [3290c45a-dc7d-4c95-a586-1c6e32afef30@group-E58C27D02539-LeaderElection176] INFO  impl.LeaderElection (LeaderElection.java:askForVotes(178)) - 3290c45a-dc7d-4c95-a586-1c6e32afef30@group-E58C27D02539-LeaderElection176: begin an election at term 2 for 0: [d068838d-6499-4b84-94b8-55225fdfdb1a:192.168.164.208:41973, 3290c45a-dc7d-4c95-a586-1c6e32afef30:192.168.164.208:44306, c7f93789-5ee9-40a1-8afd-58386fa54dde:192.168.164.208:38346], old=null
2019-11-15 01:00:47,442 [3290c45a-dc7d-4c95-a586-1c6e32afef30@group-E58C27D02539-LeaderElection176] INFO  impl.LeaderElection (LogUtils.java:infoOrTrace(149)) - 3290c45a-dc7d-4c95-a586-1c6e32afef30@group-E58C27D02539-LeaderElection176 got exception when requesting votes: {}
java.util.concurrent.ExecutionException: org.apache.ratis.thirdparty.io.grpc.StatusRuntimeException: UNAVAILABLE: io exception
	at java.util.concurrent.FutureTask.report(FutureTask.java:122)
	at java.util.concurrent.FutureTask.get(FutureTask.java:192)
	at org.apache.ratis.server.impl.LeaderElection.waitForResults(LeaderElection.java:259)
	at org.apache.ratis.server.impl.LeaderElection.askForVotes(LeaderElection.java:197)
	at org.apache.ratis.server.impl.LeaderElection.run(LeaderElection.java:133)
	at java.lang.Thread.run(Thread.java:748)
Caused by: org.apache.ratis.thirdparty.io.grpc.StatusRuntimeException: UNAVAILABLE: io exception
	at org.apache.ratis.thirdparty.io.grpc.stub.ClientCalls.toStatusRuntimeException(ClientCalls.java:233)
	at org.apache.ratis.thirdparty.io.grpc.stub.ClientCalls.getUnchecked(ClientCalls.java:214)
	at org.apache.ratis.thirdparty.io.grpc.stub.ClientCalls.blockingUnaryCall(ClientCalls.java:139)
	at org.apache.ratis.proto.grpc.RaftServerProtocolServiceGrpc$RaftServerProtocolServiceBlockingStub.requestVote(RaftServerProtocolServiceGrpc.java:265)
	at org.apache.ratis.grpc.server.GrpcServerProtocolClient.requestVote(GrpcServerProtocolClient.java:99)
	at org.apache.ratis.grpc.server.GrpcService.requestVote(GrpcService.java:204)
	at org.apache.ratis.server.impl.LeaderElection.lambda$submitRequests$1(LeaderElection.java:234)
	at java.util.concurrent.FutureTask.run(FutureTask.java:266)
	at java.util.concurrent.Executors$RunnableAdapter.call(Executors.java:511)
	at java.util.concurrent.FutureTask.run(FutureTask.java:266)
	at java.util.concurrent.ThreadPoolExecutor.runWorker(ThreadPoolExecutor.java:1149)
	at java.util.concurrent.ThreadPoolExecutor$Worker.run(ThreadPoolExecutor.java:624)
	... 1 more
Caused by: org.apache.ratis.thirdparty.io.netty.channel.AbstractChannel$AnnotatedConnectException: Connection refused: /192.168.164.208:41973
	at sun.nio.ch.SocketChannelImpl.checkConnect(Native Method)
	at sun.nio.ch.SocketChannelImpl.finishConnect(SocketChannelImpl.java:717)
	at org.apache.ratis.thirdparty.io.netty.channel.socket.nio.NioSocketChannel.doFinishConnect(NioSocketChannel.java:327)
	at org.apache.ratis.thirdparty.io.netty.channel.nio.AbstractNioChannel$AbstractNioUnsafe.finishConnect(AbstractNioChannel.java:340)
	at org.apache.ratis.thirdparty.io.netty.channel.nio.NioEventLoop.processSelectedKey(NioEventLoop.java:632)
	at org.apache.ratis.thirdparty.io.netty.channel.nio.NioEventLoop.processSelectedKeysOptimized(NioEventLoop.java:579)
	at org.apache.ratis.thirdparty.io.netty.channel.nio.NioEventLoop.processSelectedKeys(NioEventLoop.java:496)
	at org.apache.ratis.thirdparty.io.netty.channel.nio.NioEventLoop.run(NioEventLoop.java:458)
	at org.apache.ratis.thirdparty.io.netty.util.concurrent.SingleThreadEventExecutor$5.run(SingleThreadEventExecutor.java:897)
	at org.apache.ratis.thirdparty.io.netty.util.concurrent.FastThreadLocalRunnable.run(FastThreadLocalRunnable.java:30)
	... 1 more
Caused by: java.net.ConnectException: Connection refused
	... 11 more
2019-11-15 01:00:47,443 [3290c45a-dc7d-4c95-a586-1c6e32afef30@group-E58C27D02539-LeaderElection176] INFO  impl.LeaderElection (LogUtils.java:infoOrTrace(149)) - 3290c45a-dc7d-4c95-a586-1c6e32afef30@group-E58C27D02539-LeaderElection176 got exception when requesting votes: {}
java.util.concurrent.ExecutionException: org.apache.ratis.thirdparty.io.grpc.StatusRuntimeException: UNAVAILABLE: io exception
	at java.util.concurrent.FutureTask.report(FutureTask.java:122)
	at java.util.concurrent.FutureTask.get(FutureTask.java:192)
	at org.apache.ratis.server.impl.LeaderElection.waitForResults(LeaderElection.java:259)
	at org.apache.ratis.server.impl.LeaderElection.askForVotes(LeaderElection.java:197)
	at org.apache.ratis.server.impl.LeaderElection.run(LeaderElection.java:133)
	at java.lang.Thread.run(Thread.java:748)
Caused by: org.apache.ratis.thirdparty.io.grpc.StatusRuntimeException: UNAVAILABLE: io exception
	at org.apache.ratis.thirdparty.io.grpc.stub.ClientCalls.toStatusRuntimeException(ClientCalls.java:233)
	at org.apache.ratis.thirdparty.io.grpc.stub.ClientCalls.getUnchecked(ClientCalls.java:214)
	at org.apache.ratis.thirdparty.io.grpc.stub.ClientCalls.blockingUnaryCall(ClientCalls.java:139)
	at org.apache.ratis.proto.grpc.RaftServerProtocolServiceGrpc$RaftServerProtocolServiceBlockingStub.requestVote(RaftServerProtocolServiceGrpc.java:265)
	at org.apache.ratis.grpc.server.GrpcServerProtocolClient.requestVote(GrpcServerProtocolClient.java:99)
	at org.apache.ratis.grpc.server.GrpcService.requestVote(GrpcService.java:204)
	at org.apache.ratis.server.impl.LeaderElection.lambda$submitRequests$1(LeaderElection.java:234)
	at java.util.concurrent.FutureTask.run(FutureTask.java:266)
	at java.util.concurrent.Executors$RunnableAdapter.call(Executors.java:511)
	at java.util.concurrent.FutureTask.run(FutureTask.java:266)
	at java.util.concurrent.ThreadPoolExecutor.runWorker(ThreadPoolExecutor.java:1149)
	at java.util.concurrent.ThreadPoolExecutor$Worker.run(ThreadPoolExecutor.java:624)
	... 1 more
Caused by: org.apache.ratis.thirdparty.io.netty.channel.AbstractChannel$AnnotatedConnectException: Connection refused: /192.168.164.208:38346
	at sun.nio.ch.SocketChannelImpl.checkConnect(Native Method)
	at sun.nio.ch.SocketChannelImpl.finishConnect(SocketChannelImpl.java:717)
	at org.apache.ratis.thirdparty.io.netty.channel.socket.nio.NioSocketChannel.doFinishConnect(NioSocketChannel.java:327)
	at org.apache.ratis.thirdparty.io.netty.channel.nio.AbstractNioChannel$AbstractNioUnsafe.finishConnect(AbstractNioChannel.java:340)
	at org.apache.ratis.thirdparty.io.netty.channel.nio.NioEventLoop.processSelectedKey(NioEventLoop.java:632)
	at org.apache.ratis.thirdparty.io.netty.channel.nio.NioEventLoop.processSelectedKeysOptimized(NioEventLoop.java:579)
	at org.apache.ratis.thirdparty.io.netty.channel.nio.NioEventLoop.processSelectedKeys(NioEventLoop.java:496)
	at org.apache.ratis.thirdparty.io.netty.channel.nio.NioEventLoop.run(NioEventLoop.java:458)
	at org.apache.ratis.thirdparty.io.netty.util.concurrent.SingleThreadEventExecutor$5.run(SingleThreadEventExecutor.java:897)
	at org.apache.ratis.thirdparty.io.netty.util.concurrent.FastThreadLocalRunnable.run(FastThreadLocalRunnable.java:30)
	... 1 more
Caused by: java.net.ConnectException: Connection refused
	... 11 more
2019-11-15 01:00:47,443 [3290c45a-dc7d-4c95-a586-1c6e32afef30@group-E58C27D02539-LeaderElection176] INFO  impl.LeaderElection (LeaderElection.java:logAndReturn(56)) - 3290c45a-dc7d-4c95-a586-1c6e32afef30@group-E58C27D02539-LeaderElection176: Election REJECTED; received 0 response(s) [] and 2 exception(s); 3290c45a-dc7d-4c95-a586-1c6e32afef30@group-E58C27D02539:t2, leader=null, voted=3290c45a-dc7d-4c95-a586-1c6e32afef30, raftlog=3290c45a-dc7d-4c95-a586-1c6e32afef30@group-E58C27D02539-SegmentedRaftLog:OPENED:c7,f7,i7, conf=0: [d068838d-6499-4b84-94b8-55225fdfdb1a:192.168.164.208:41973, 3290c45a-dc7d-4c95-a586-1c6e32afef30:192.168.164.208:44306, c7f93789-5ee9-40a1-8afd-58386fa54dde:192.168.164.208:38346], old=null
2019-11-15 01:00:47,443 [3290c45a-dc7d-4c95-a586-1c6e32afef30@group-E58C27D02539-LeaderElection176] INFO  impl.LeaderElection (LogUtils.java:infoOrTrace(149)) -   Exception 0: {}
java.util.concurrent.ExecutionException: org.apache.ratis.thirdparty.io.grpc.StatusRuntimeException: UNAVAILABLE: io exception
	at java.util.concurrent.FutureTask.report(FutureTask.java:122)
	at java.util.concurrent.FutureTask.get(FutureTask.java:192)
	at org.apache.ratis.server.impl.LeaderElection.waitForResults(LeaderElection.java:259)
	at org.apache.ratis.server.impl.LeaderElection.askForVotes(LeaderElection.java:197)
	at org.apache.ratis.server.impl.LeaderElection.run(LeaderElection.java:133)
	at java.lang.Thread.run(Thread.java:748)
Caused by: org.apache.ratis.thirdparty.io.grpc.StatusRuntimeException: UNAVAILABLE: io exception
	at org.apache.ratis.thirdparty.io.grpc.stub.ClientCalls.toStatusRuntimeException(ClientCalls.java:233)
	at org.apache.ratis.thirdparty.io.grpc.stub.ClientCalls.getUnchecked(ClientCalls.java:214)
	at org.apache.ratis.thirdparty.io.grpc.stub.ClientCalls.blockingUnaryCall(ClientCalls.java:139)
	at org.apache.ratis.proto.grpc.RaftServerProtocolServiceGrpc$RaftServerProtocolServiceBlockingStub.requestVote(RaftServerProtocolServiceGrpc.java:265)
	at org.apache.ratis.grpc.server.GrpcServerProtocolClient.requestVote(GrpcServerProtocolClient.java:99)
	at org.apache.ratis.grpc.server.GrpcService.requestVote(GrpcService.java:204)
	at org.apache.ratis.server.impl.LeaderElection.lambda$submitRequests$1(LeaderElection.java:234)
	at java.util.concurrent.FutureTask.run(FutureTask.java:266)
	at java.util.concurrent.Executors$RunnableAdapter.call(Executors.java:511)
	at java.util.concurrent.FutureTask.run(FutureTask.java:266)
	at java.util.concurrent.ThreadPoolExecutor.runWorker(ThreadPoolExecutor.java:1149)
	at java.util.concurrent.ThreadPoolExecutor$Worker.run(ThreadPoolExecutor.java:624)
	... 1 more
Caused by: org.apache.ratis.thirdparty.io.netty.channel.AbstractChannel$AnnotatedConnectException: Connection refused: /192.168.164.208:41973
	at sun.nio.ch.SocketChannelImpl.checkConnect(Native Method)
	at sun.nio.ch.SocketChannelImpl.finishConnect(SocketChannelImpl.java:717)
	at org.apache.ratis.thirdparty.io.netty.channel.socket.nio.NioSocketChannel.doFinishConnect(NioSocketChannel.java:327)
	at org.apache.ratis.thirdparty.io.netty.channel.nio.AbstractNioChannel$AbstractNioUnsafe.finishConnect(AbstractNioChannel.java:340)
	at org.apache.ratis.thirdparty.io.netty.channel.nio.NioEventLoop.processSelectedKey(NioEventLoop.java:632)
	at org.apache.ratis.thirdparty.io.netty.channel.nio.NioEventLoop.processSelectedKeysOptimized(NioEventLoop.java:579)
	at org.apache.ratis.thirdparty.io.netty.channel.nio.NioEventLoop.processSelectedKeys(NioEventLoop.java:496)
	at org.apache.ratis.thirdparty.io.netty.channel.nio.NioEventLoop.run(NioEventLoop.java:458)
	at org.apache.ratis.thirdparty.io.netty.util.concurrent.SingleThreadEventExecutor$5.run(SingleThreadEventExecutor.java:897)
	at org.apache.ratis.thirdparty.io.netty.util.concurrent.FastThreadLocalRunnable.run(FastThreadLocalRunnable.java:30)
	... 1 more
Caused by: java.net.ConnectException: Connection refused
	... 11 more
2019-11-15 01:00:47,444 [3290c45a-dc7d-4c95-a586-1c6e32afef30@group-E58C27D02539-LeaderElection176] INFO  impl.LeaderElection (LogUtils.java:infoOrTrace(149)) -   Exception 1: {}
java.util.concurrent.ExecutionException: org.apache.ratis.thirdparty.io.grpc.StatusRuntimeException: UNAVAILABLE: io exception
	at java.util.concurrent.FutureTask.report(FutureTask.java:122)
	at java.util.concurrent.FutureTask.get(FutureTask.java:192)
	at org.apache.ratis.server.impl.LeaderElection.waitForResults(LeaderElection.java:259)
	at org.apache.ratis.server.impl.LeaderElection.askForVotes(LeaderElection.java:197)
	at org.apache.ratis.server.impl.LeaderElection.run(LeaderElection.java:133)
	at java.lang.Thread.run(Thread.java:748)
Caused by: org.apache.ratis.thirdparty.io.grpc.StatusRuntimeException: UNAVAILABLE: io exception
	at org.apache.ratis.thirdparty.io.grpc.stub.ClientCalls.toStatusRuntimeException(ClientCalls.java:233)
	at org.apache.ratis.thirdparty.io.grpc.stub.ClientCalls.getUnchecked(ClientCalls.java:214)
	at org.apache.ratis.thirdparty.io.grpc.stub.ClientCalls.blockingUnaryCall(ClientCalls.java:139)
	at org.apache.ratis.proto.grpc.RaftServerProtocolServiceGrpc$RaftServerProtocolServiceBlockingStub.requestVote(RaftServerProtocolServiceGrpc.java:265)
	at org.apache.ratis.grpc.server.GrpcServerProtocolClient.requestVote(GrpcServerProtocolClient.java:99)
	at org.apache.ratis.grpc.server.GrpcService.requestVote(GrpcService.java:204)
	at org.apache.ratis.server.impl.LeaderElection.lambda$submitRequests$1(LeaderElection.java:234)
	at java.util.concurrent.FutureTask.run(FutureTask.java:266)
	at java.util.concurrent.Executors$RunnableAdapter.call(Executors.java:511)
	at java.util.concurrent.FutureTask.run(FutureTask.java:266)
	at java.util.concurrent.ThreadPoolExecutor.runWorker(ThreadPoolExecutor.java:1149)
	at java.util.concurrent.ThreadPoolExecutor$Worker.run(ThreadPoolExecutor.java:624)
	... 1 more
Caused by: org.apache.ratis.thirdparty.io.netty.channel.AbstractChannel$AnnotatedConnectException: Connection refused: /192.168.164.208:38346
	at sun.nio.ch.SocketChannelImpl.checkConnect(Native Method)
	at sun.nio.ch.SocketChannelImpl.finishConnect(SocketChannelImpl.java:717)
	at org.apache.ratis.thirdparty.io.netty.channel.socket.nio.NioSocketChannel.doFinishConnect(NioSocketChannel.java:327)
	at org.apache.ratis.thirdparty.io.netty.channel.nio.AbstractNioChannel$AbstractNioUnsafe.finishConnect(AbstractNioChannel.java:340)
	at org.apache.ratis.thirdparty.io.netty.channel.nio.NioEventLoop.processSelectedKey(NioEventLoop.java:632)
	at org.apache.ratis.thirdparty.io.netty.channel.nio.NioEventLoop.processSelectedKeysOptimized(NioEventLoop.java:579)
	at org.apache.ratis.thirdparty.io.netty.channel.nio.NioEventLoop.processSelectedKeys(NioEventLoop.java:496)
	at org.apache.ratis.thirdparty.io.netty.channel.nio.NioEventLoop.run(NioEventLoop.java:458)
	at org.apache.ratis.thirdparty.io.netty.util.concurrent.SingleThreadEventExecutor$5.run(SingleThreadEventExecutor.java:897)
	at org.apache.ratis.thirdparty.io.netty.util.concurrent.FastThreadLocalRunnable.run(FastThreadLocalRunnable.java:30)
	... 1 more
Caused by: java.net.ConnectException: Connection refused
	... 11 more
2019-11-15 01:00:47,444 [3290c45a-dc7d-4c95-a586-1c6e32afef30@group-E58C27D02539-LeaderElection176] INFO  impl.RaftServerImpl (RaftServerImpl.java:setRole(173)) - 3290c45a-dc7d-4c95-a586-1c6e32afef30@group-E58C27D02539: changes role from CANDIDATE to FOLLOWER at term 2 for DISCOVERED_A_NEW_TERM
2019-11-15 01:00:47,444 [3290c45a-dc7d-4c95-a586-1c6e32afef30@group-E58C27D02539-LeaderElection176] INFO  impl.RoleInfo (RoleInfo.java:shutdownLeaderElection(134)) - 3290c45a-dc7d-4c95-a586-1c6e32afef30: shutdown LeaderElection
2019-11-15 01:00:47,444 [3290c45a-dc7d-4c95-a586-1c6e32afef30@group-E58C27D02539-LeaderElection176] INFO  impl.RoleInfo (RoleInfo.java:updateAndGet(143)) - 3290c45a-dc7d-4c95-a586-1c6e32afef30: start FollowerState
2019-11-15 01:00:47,578 [grpc-default-executor-0] WARN  server.GrpcLogAppender (LogUtils.java:warn(134)) - c4061fea-d656-4029-8a52-0003cdc411ee@group-C787A5EC6030->2b497d53-8cea-4a7e-98a0-4cfb87fd1475-AppendLogResponseHandler: Failed appendEntries: org.apache.ratis.thirdparty.io.grpc.StatusRuntimeException: UNAVAILABLE: io exception
2019-11-15 01:00:47,579 [grpc-default-executor-0] INFO  impl.FollowerInfo (FollowerInfo.java:lambda$new$0(51)) - c4061fea-d656-4029-8a52-0003cdc411ee@group-C787A5EC6030->2b497d53-8cea-4a7e-98a0-4cfb87fd1475: nextIndex: updateUnconditionally 0 -> 0
2019-11-15 01:00:47,686 [grpc-default-executor-5] WARN  server.GrpcLogAppender (LogUtils.java:warn(134)) - 0e91382f-cc67-4c48-b6bb-37ad8c3df0fd@group-8C05B86E69BD->10ab2f01-a163-4b0b-bdc9-1962e1c3543b-AppendLogResponseHandler: Failed appendEntries: org.apache.ratis.thirdparty.io.grpc.StatusRuntimeException: UNAVAILABLE: io exception
2019-11-15 01:00:47,686 [grpc-default-executor-5] INFO  impl.FollowerInfo (FollowerInfo.java:lambda$new$0(51)) - 0e91382f-cc67-4c48-b6bb-37ad8c3df0fd@group-8C05B86E69BD->10ab2f01-a163-4b0b-bdc9-1962e1c3543b: nextIndex: updateUnconditionally 0 -> 0
2019-11-15 01:00:48,080 [grpc-default-executor-3] WARN  server.GrpcLogAppender (LogUtils.java:warn(134)) - c4061fea-d656-4029-8a52-0003cdc411ee@group-C787A5EC6030->2b497d53-8cea-4a7e-98a0-4cfb87fd1475-AppendLogResponseHandler: Failed appendEntries: org.apache.ratis.thirdparty.io.grpc.StatusRuntimeException: UNAVAILABLE: io exception
2019-11-15 01:00:48,080 [grpc-default-executor-3] INFO  impl.FollowerInfo (FollowerInfo.java:lambda$new$0(51)) - c4061fea-d656-4029-8a52-0003cdc411ee@group-C787A5EC6030->2b497d53-8cea-4a7e-98a0-4cfb87fd1475: nextIndex: updateUnconditionally 0 -> 0
2019-11-15 01:00:48,187 [grpc-default-executor-3] WARN  server.GrpcLogAppender (LogUtils.java:warn(134)) - 0e91382f-cc67-4c48-b6bb-37ad8c3df0fd@group-8C05B86E69BD->10ab2f01-a163-4b0b-bdc9-1962e1c3543b-AppendLogResponseHandler: Failed appendEntries: org.apache.ratis.thirdparty.io.grpc.StatusRuntimeException: UNAVAILABLE: io exception
2019-11-15 01:00:48,187 [grpc-default-executor-3] INFO  impl.FollowerInfo (FollowerInfo.java:lambda$new$0(51)) - 0e91382f-cc67-4c48-b6bb-37ad8c3df0fd@group-8C05B86E69BD->10ab2f01-a163-4b0b-bdc9-1962e1c3543b: nextIndex: updateUnconditionally 0 -> 0
2019-11-15 01:00:48,271 [Thread-4700] INFO  client.GrpcClientProtocolService (GrpcClientProtocolService.java:lambda$processClientRequest$0(279)) - Failed RaftClientRequest:client-36CBF630059C->3290c45a-dc7d-4c95-a586-1c6e32afef30@group-E58C27D02539, cid=279, seq=0, Watch-ALL_COMMITTED(2), Message:<EMPTY>, reply=RaftClientReply:client-36CBF630059C->3290c45a-dc7d-4c95-a586-1c6e32afef30@group-E58C27D02539, cid=279, FAILED org.apache.ratis.protocol.NotLeaderException: Server 3290c45a-dc7d-4c95-a586-1c6e32afef30@group-E58C27D02539 is not the leader, logIndex=0, commits[3290c45a-dc7d-4c95-a586-1c6e32afef30:c7, d068838d-6499-4b84-94b8-55225fdfdb1a:c7, c7f93789-5ee9-40a1-8afd-58386fa54dde:c0]
2019-11-15 01:00:48,582 [grpc-default-executor-0] WARN  server.GrpcLogAppender (LogUtils.java:warn(134)) - c4061fea-d656-4029-8a52-0003cdc411ee@group-C787A5EC6030->2b497d53-8cea-4a7e-98a0-4cfb87fd1475-AppendLogResponseHandler: Failed appendEntries: org.apache.ratis.thirdparty.io.grpc.StatusRuntimeException: UNAVAILABLE: io exception
2019-11-15 01:00:48,583 [grpc-default-executor-0] INFO  impl.FollowerInfo (FollowerInfo.java:lambda$new$0(51)) - c4061fea-d656-4029-8a52-0003cdc411ee@group-C787A5EC6030->2b497d53-8cea-4a7e-98a0-4cfb87fd1475: nextIndex: updateUnconditionally 0 -> 0
2019-11-15 01:00:48,601 [Thread-4695] INFO  impl.FollowerState (FollowerState.java:run(111)) - 3290c45a-dc7d-4c95-a586-1c6e32afef30@group-E58C27D02539-FollowerState: change to CANDIDATE, lastRpcTime:1156ms, electionTimeout:1156ms
2019-11-15 01:00:48,601 [Thread-4695] INFO  impl.RoleInfo (RoleInfo.java:shutdownFollowerState(121)) - 3290c45a-dc7d-4c95-a586-1c6e32afef30: shutdown FollowerState
2019-11-15 01:00:48,601 [Thread-4695] INFO  impl.RaftServerImpl (RaftServerImpl.java:setRole(173)) - 3290c45a-dc7d-4c95-a586-1c6e32afef30@group-E58C27D02539: changes role from  FOLLOWER to CANDIDATE at term 2 for changeToCandidate
2019-11-15 01:00:48,602 [Thread-4695] INFO  impl.RoleInfo (RoleInfo.java:updateAndGet(143)) - 3290c45a-dc7d-4c95-a586-1c6e32afef30: start LeaderElection
2019-11-15 01:00:48,616 [3290c45a-dc7d-4c95-a586-1c6e32afef30@group-E58C27D02539-LeaderElection177] INFO  impl.LeaderElection (LeaderElection.java:askForVotes(178)) - 3290c45a-dc7d-4c95-a586-1c6e32afef30@group-E58C27D02539-LeaderElection177: begin an election at term 3 for 0: [d068838d-6499-4b84-94b8-55225fdfdb1a:192.168.164.208:41973, 3290c45a-dc7d-4c95-a586-1c6e32afef30:192.168.164.208:44306, c7f93789-5ee9-40a1-8afd-58386fa54dde:192.168.164.208:38346], old=null
2019-11-15 01:00:48,618 [3290c45a-dc7d-4c95-a586-1c6e32afef30@group-E58C27D02539-LeaderElection177] INFO  impl.LeaderElection (LogUtils.java:infoOrTrace(149)) - 3290c45a-dc7d-4c95-a586-1c6e32afef30@group-E58C27D02539-LeaderElection177 got exception when requesting votes: {}
java.util.concurrent.ExecutionException: org.apache.ratis.thirdparty.io.grpc.StatusRuntimeException: UNAVAILABLE: io exception
	at java.util.concurrent.FutureTask.report(FutureTask.java:122)
	at java.util.concurrent.FutureTask.get(FutureTask.java:192)
	at org.apache.ratis.server.impl.LeaderElection.waitForResults(LeaderElection.java:259)
	at org.apache.ratis.server.impl.LeaderElection.askForVotes(LeaderElection.java:197)
	at org.apache.ratis.server.impl.LeaderElection.run(LeaderElection.java:133)
	at java.lang.Thread.run(Thread.java:748)
Caused by: org.apache.ratis.thirdparty.io.grpc.StatusRuntimeException: UNAVAILABLE: io exception
	at org.apache.ratis.thirdparty.io.grpc.stub.ClientCalls.toStatusRuntimeException(ClientCalls.java:233)
	at org.apache.ratis.thirdparty.io.grpc.stub.ClientCalls.getUnchecked(ClientCalls.java:214)
	at org.apache.ratis.thirdparty.io.grpc.stub.ClientCalls.blockingUnaryCall(ClientCalls.java:139)
	at org.apache.ratis.proto.grpc.RaftServerProtocolServiceGrpc$RaftServerProtocolServiceBlockingStub.requestVote(RaftServerProtocolServiceGrpc.java:265)
	at org.apache.ratis.grpc.server.GrpcServerProtocolClient.requestVote(GrpcServerProtocolClient.java:99)
	at org.apache.ratis.grpc.server.GrpcService.requestVote(GrpcService.java:204)
	at org.apache.ratis.server.impl.LeaderElection.lambda$submitRequests$1(LeaderElection.java:234)
	at java.util.concurrent.FutureTask.run(FutureTask.java:266)
	at java.util.concurrent.Executors$RunnableAdapter.call(Executors.java:511)
	at java.util.concurrent.FutureTask.run(FutureTask.java:266)
	at java.util.concurrent.ThreadPoolExecutor.runWorker(ThreadPoolExecutor.java:1149)
	at java.util.concurrent.ThreadPoolExecutor$Worker.run(ThreadPoolExecutor.java:624)
	... 1 more
Caused by: org.apache.ratis.thirdparty.io.netty.channel.AbstractChannel$AnnotatedConnectException: Connection refused: /192.168.164.208:41973
	at sun.nio.ch.SocketChannelImpl.checkConnect(Native Method)
	at sun.nio.ch.SocketChannelImpl.finishConnect(SocketChannelImpl.java:717)
	at org.apache.ratis.thirdparty.io.netty.channel.socket.nio.NioSocketChannel.doFinishConnect(NioSocketChannel.java:327)
	at org.apache.ratis.thirdparty.io.netty.channel.nio.AbstractNioChannel$AbstractNioUnsafe.finishConnect(AbstractNioChannel.java:340)
	at org.apache.ratis.thirdparty.io.netty.channel.nio.NioEventLoop.processSelectedKey(NioEventLoop.java:632)
	at org.apache.ratis.thirdparty.io.netty.channel.nio.NioEventLoop.processSelectedKeysOptimized(NioEventLoop.java:579)
	at org.apache.ratis.thirdparty.io.netty.channel.nio.NioEventLoop.processSelectedKeys(NioEventLoop.java:496)
	at org.apache.ratis.thirdparty.io.netty.channel.nio.NioEventLoop.run(NioEventLoop.java:458)
	at org.apache.ratis.thirdparty.io.netty.util.concurrent.SingleThreadEventExecutor$5.run(SingleThreadEventExecutor.java:897)
	at org.apache.ratis.thirdparty.io.netty.util.concurrent.FastThreadLocalRunnable.run(FastThreadLocalRunnable.java:30)
	... 1 more
Caused by: java.net.ConnectException: Connection refused
	... 11 more
2019-11-15 01:00:48,618 [3290c45a-dc7d-4c95-a586-1c6e32afef30@group-E58C27D02539-LeaderElection177] INFO  impl.LeaderElection (LogUtils.java:infoOrTrace(149)) - 3290c45a-dc7d-4c95-a586-1c6e32afef30@group-E58C27D02539-LeaderElection177 got exception when requesting votes: {}
java.util.concurrent.ExecutionException: org.apache.ratis.thirdparty.io.grpc.StatusRuntimeException: UNAVAILABLE: io exception
	at java.util.concurrent.FutureTask.report(FutureTask.java:122)
	at java.util.concurrent.FutureTask.get(FutureTask.java:192)
	at org.apache.ratis.server.impl.LeaderElection.waitForResults(LeaderElection.java:259)
	at org.apache.ratis.server.impl.LeaderElection.askForVotes(LeaderElection.java:197)
	at org.apache.ratis.server.impl.LeaderElection.run(LeaderElection.java:133)
	at java.lang.Thread.run(Thread.java:748)
Caused by: org.apache.ratis.thirdparty.io.grpc.StatusRuntimeException: UNAVAILABLE: io exception
	at org.apache.ratis.thirdparty.io.grpc.stub.ClientCalls.toStatusRuntimeException(ClientCalls.java:233)
	at org.apache.ratis.thirdparty.io.grpc.stub.ClientCalls.getUnchecked(ClientCalls.java:214)
	at org.apache.ratis.thirdparty.io.grpc.stub.ClientCalls.blockingUnaryCall(ClientCalls.java:139)
	at org.apache.ratis.proto.grpc.RaftServerProtocolServiceGrpc$RaftServerProtocolServiceBlockingStub.requestVote(RaftServerProtocolServiceGrpc.java:265)
	at org.apache.ratis.grpc.server.GrpcServerProtocolClient.requestVote(GrpcServerProtocolClient.java:99)
	at org.apache.ratis.grpc.server.GrpcService.requestVote(GrpcService.java:204)
	at org.apache.ratis.server.impl.LeaderElection.lambda$submitRequests$1(LeaderElection.java:234)
	at java.util.concurrent.FutureTask.run(FutureTask.java:266)
	at java.util.concurrent.Executors$RunnableAdapter.call(Executors.java:511)
	at java.util.concurrent.FutureTask.run(FutureTask.java:266)
	at java.util.concurrent.ThreadPoolExecutor.runWorker(ThreadPoolExecutor.java:1149)
	at java.util.concurrent.ThreadPoolExecutor$Worker.run(ThreadPoolExecutor.java:624)
	... 1 more
Caused by: org.apache.ratis.thirdparty.io.netty.channel.AbstractChannel$AnnotatedConnectException: Connection refused: /192.168.164.208:38346
	at sun.nio.ch.SocketChannelImpl.checkConnect(Native Method)
	at sun.nio.ch.SocketChannelImpl.finishConnect(SocketChannelImpl.java:717)
	at org.apache.ratis.thirdparty.io.netty.channel.socket.nio.NioSocketChannel.doFinishConnect(NioSocketChannel.java:327)
	at org.apache.ratis.thirdparty.io.netty.channel.nio.AbstractNioChannel$AbstractNioUnsafe.finishConnect(AbstractNioChannel.java:340)
	at org.apache.ratis.thirdparty.io.netty.channel.nio.NioEventLoop.processSelectedKey(NioEventLoop.java:632)
	at org.apache.ratis.thirdparty.io.netty.channel.nio.NioEventLoop.processSelectedKeysOptimized(NioEventLoop.java:579)
	at org.apache.ratis.thirdparty.io.netty.channel.nio.NioEventLoop.processSelectedKeys(NioEventLoop.java:496)
	at org.apache.ratis.thirdparty.io.netty.channel.nio.NioEventLoop.run(NioEventLoop.java:458)
	at org.apache.ratis.thirdparty.io.netty.util.concurrent.SingleThreadEventExecutor$5.run(SingleThreadEventExecutor.java:897)
	at org.apache.ratis.thirdparty.io.netty.util.concurrent.FastThreadLocalRunnable.run(FastThreadLocalRunnable.java:30)
	... 1 more
Caused by: java.net.ConnectException: Connection refused
	... 11 more
2019-11-15 01:00:48,619 [3290c45a-dc7d-4c95-a586-1c6e32afef30@group-E58C27D02539-LeaderElection177] INFO  impl.LeaderElection (LeaderElection.java:logAndReturn(56)) - 3290c45a-dc7d-4c95-a586-1c6e32afef30@group-E58C27D02539-LeaderElection177: Election REJECTED; received 0 response(s) [] and 2 exception(s); 3290c45a-dc7d-4c95-a586-1c6e32afef30@group-E58C27D02539:t3, leader=null, voted=3290c45a-dc7d-4c95-a586-1c6e32afef30, raftlog=3290c45a-dc7d-4c95-a586-1c6e32afef30@group-E58C27D02539-SegmentedRaftLog:OPENED:c7,f7,i7, conf=0: [d068838d-6499-4b84-94b8-55225fdfdb1a:192.168.164.208:41973, 3290c45a-dc7d-4c95-a586-1c6e32afef30:192.168.164.208:44306, c7f93789-5ee9-40a1-8afd-58386fa54dde:192.168.164.208:38346], old=null
2019-11-15 01:00:48,619 [3290c45a-dc7d-4c95-a586-1c6e32afef30@group-E58C27D02539-LeaderElection177] INFO  impl.LeaderElection (LogUtils.java:infoOrTrace(149)) -   Exception 0: {}
java.util.concurrent.ExecutionException: org.apache.ratis.thirdparty.io.grpc.StatusRuntimeException: UNAVAILABLE: io exception
	at java.util.concurrent.FutureTask.report(FutureTask.java:122)
	at java.util.concurrent.FutureTask.get(FutureTask.java:192)
	at org.apache.ratis.server.impl.LeaderElection.waitForResults(LeaderElection.java:259)
	at org.apache.ratis.server.impl.LeaderElection.askForVotes(LeaderElection.java:197)
	at org.apache.ratis.server.impl.LeaderElection.run(LeaderElection.java:133)
	at java.lang.Thread.run(Thread.java:748)
Caused by: org.apache.ratis.thirdparty.io.grpc.StatusRuntimeException: UNAVAILABLE: io exception
	at org.apache.ratis.thirdparty.io.grpc.stub.ClientCalls.toStatusRuntimeException(ClientCalls.java:233)
	at org.apache.ratis.thirdparty.io.grpc.stub.ClientCalls.getUnchecked(ClientCalls.java:214)
	at org.apache.ratis.thirdparty.io.grpc.stub.ClientCalls.blockingUnaryCall(ClientCalls.java:139)
	at org.apache.ratis.proto.grpc.RaftServerProtocolServiceGrpc$RaftServerProtocolServiceBlockingStub.requestVote(RaftServerProtocolServiceGrpc.java:265)
	at org.apache.ratis.grpc.server.GrpcServerProtocolClient.requestVote(GrpcServerProtocolClient.java:99)
	at org.apache.ratis.grpc.server.GrpcService.requestVote(GrpcService.java:204)
	at org.apache.ratis.server.impl.LeaderElection.lambda$submitRequests$1(LeaderElection.java:234)
	at java.util.concurrent.FutureTask.run(FutureTask.java:266)
	at java.util.concurrent.Executors$RunnableAdapter.call(Executors.java:511)
	at java.util.concurrent.FutureTask.run(FutureTask.java:266)
	at java.util.concurrent.ThreadPoolExecutor.runWorker(ThreadPoolExecutor.java:1149)
	at java.util.concurrent.ThreadPoolExecutor$Worker.run(ThreadPoolExecutor.java:624)
	... 1 more
Caused by: org.apache.ratis.thirdparty.io.netty.channel.AbstractChannel$AnnotatedConnectException: Connection refused: /192.168.164.208:41973
	at sun.nio.ch.SocketChannelImpl.checkConnect(Native Method)
	at sun.nio.ch.SocketChannelImpl.finishConnect(SocketChannelImpl.java:717)
	at org.apache.ratis.thirdparty.io.netty.channel.socket.nio.NioSocketChannel.doFinishConnect(NioSocketChannel.java:327)
	at org.apache.ratis.thirdparty.io.netty.channel.nio.AbstractNioChannel$AbstractNioUnsafe.finishConnect(AbstractNioChannel.java:340)
	at org.apache.ratis.thirdparty.io.netty.channel.nio.NioEventLoop.processSelectedKey(NioEventLoop.java:632)
	at org.apache.ratis.thirdparty.io.netty.channel.nio.NioEventLoop.processSelectedKeysOptimized(NioEventLoop.java:579)
	at org.apache.ratis.thirdparty.io.netty.channel.nio.NioEventLoop.processSelectedKeys(NioEventLoop.java:496)
	at org.apache.ratis.thirdparty.io.netty.channel.nio.NioEventLoop.run(NioEventLoop.java:458)
	at org.apache.ratis.thirdparty.io.netty.util.concurrent.SingleThreadEventExecutor$5.run(SingleThreadEventExecutor.java:897)
	at org.apache.ratis.thirdparty.io.netty.util.concurrent.FastThreadLocalRunnable.run(FastThreadLocalRunnable.java:30)
	... 1 more
Caused by: java.net.ConnectException: Connection refused
	... 11 more
2019-11-15 01:00:48,619 [3290c45a-dc7d-4c95-a586-1c6e32afef30@group-E58C27D02539-LeaderElection177] INFO  impl.LeaderElection (LogUtils.java:infoOrTrace(149)) -   Exception 1: {}
java.util.concurrent.ExecutionException: org.apache.ratis.thirdparty.io.grpc.StatusRuntimeException: UNAVAILABLE: io exception
	at java.util.concurrent.FutureTask.report(FutureTask.java:122)
	at java.util.concurrent.FutureTask.get(FutureTask.java:192)
	at org.apache.ratis.server.impl.LeaderElection.waitForResults(LeaderElection.java:259)
	at org.apache.ratis.server.impl.LeaderElection.askForVotes(LeaderElection.java:197)
	at org.apache.ratis.server.impl.LeaderElection.run(LeaderElection.java:133)
	at java.lang.Thread.run(Thread.java:748)
Caused by: org.apache.ratis.thirdparty.io.grpc.StatusRuntimeException: UNAVAILABLE: io exception
	at org.apache.ratis.thirdparty.io.grpc.stub.ClientCalls.toStatusRuntimeException(ClientCalls.java:233)
	at org.apache.ratis.thirdparty.io.grpc.stub.ClientCalls.getUnchecked(ClientCalls.java:214)
	at org.apache.ratis.thirdparty.io.grpc.stub.ClientCalls.blockingUnaryCall(ClientCalls.java:139)
	at org.apache.ratis.proto.grpc.RaftServerProtocolServiceGrpc$RaftServerProtocolServiceBlockingStub.requestVote(RaftServerProtocolServiceGrpc.java:265)
	at org.apache.ratis.grpc.server.GrpcServerProtocolClient.requestVote(GrpcServerProtocolClient.java:99)
	at org.apache.ratis.grpc.server.GrpcService.requestVote(GrpcService.java:204)
	at org.apache.ratis.server.impl.LeaderElection.lambda$submitRequests$1(LeaderElection.java:234)
	at java.util.concurrent.FutureTask.run(FutureTask.java:266)
	at java.util.concurrent.Executors$RunnableAdapter.call(Executors.java:511)
	at java.util.concurrent.FutureTask.run(FutureTask.java:266)
	at java.util.concurrent.ThreadPoolExecutor.runWorker(ThreadPoolExecutor.java:1149)
	at java.util.concurrent.ThreadPoolExecutor$Worker.run(ThreadPoolExecutor.java:624)
	... 1 more
Caused by: org.apache.ratis.thirdparty.io.netty.channel.AbstractChannel$AnnotatedConnectException: Connection refused: /192.168.164.208:38346
	at sun.nio.ch.SocketChannelImpl.checkConnect(Native Method)
	at sun.nio.ch.SocketChannelImpl.finishConnect(SocketChannelImpl.java:717)
	at org.apache.ratis.thirdparty.io.netty.channel.socket.nio.NioSocketChannel.doFinishConnect(NioSocketChannel.java:327)
	at org.apache.ratis.thirdparty.io.netty.channel.nio.AbstractNioChannel$AbstractNioUnsafe.finishConnect(AbstractNioChannel.java:340)
	at org.apache.ratis.thirdparty.io.netty.channel.nio.NioEventLoop.processSelectedKey(NioEventLoop.java:632)
	at org.apache.ratis.thirdparty.io.netty.channel.nio.NioEventLoop.processSelectedKeysOptimized(NioEventLoop.java:579)
	at org.apache.ratis.thirdparty.io.netty.channel.nio.NioEventLoop.processSelectedKeys(NioEventLoop.java:496)
	at org.apache.ratis.thirdparty.io.netty.channel.nio.NioEventLoop.run(NioEventLoop.java:458)
	at org.apache.ratis.thirdparty.io.netty.util.concurrent.SingleThreadEventExecutor$5.run(SingleThreadEventExecutor.java:897)
	at org.apache.ratis.thirdparty.io.netty.util.concurrent.FastThreadLocalRunnable.run(FastThreadLocalRunnable.java:30)
	... 1 more
Caused by: java.net.ConnectException: Connection refused
	... 11 more
2019-11-15 01:00:48,619 [3290c45a-dc7d-4c95-a586-1c6e32afef30@group-E58C27D02539-LeaderElection177] INFO  impl.RaftServerImpl (RaftServerImpl.java:setRole(173)) - 3290c45a-dc7d-4c95-a586-1c6e32afef30@group-E58C27D02539: changes role from CANDIDATE to FOLLOWER at term 3 for DISCOVERED_A_NEW_TERM
2019-11-15 01:00:48,619 [3290c45a-dc7d-4c95-a586-1c6e32afef30@group-E58C27D02539-LeaderElection177] INFO  impl.RoleInfo (RoleInfo.java:shutdownLeaderElection(134)) - 3290c45a-dc7d-4c95-a586-1c6e32afef30: shutdown LeaderElection
2019-11-15 01:00:48,620 [3290c45a-dc7d-4c95-a586-1c6e32afef30@group-E58C27D02539-LeaderElection177] INFO  impl.RoleInfo (RoleInfo.java:updateAndGet(143)) - 3290c45a-dc7d-4c95-a586-1c6e32afef30: start FollowerState
2019-11-15 01:00:48,688 [grpc-default-executor-5] WARN  server.GrpcLogAppender (LogUtils.java:warn(134)) - 0e91382f-cc67-4c48-b6bb-37ad8c3df0fd@group-8C05B86E69BD->10ab2f01-a163-4b0b-bdc9-1962e1c3543b-AppendLogResponseHandler: Failed appendEntries: org.apache.ratis.thirdparty.io.grpc.StatusRuntimeException: UNAVAILABLE: io exception
2019-11-15 01:00:48,688 [grpc-default-executor-5] INFO  impl.FollowerInfo (FollowerInfo.java:lambda$new$0(51)) - 0e91382f-cc67-4c48-b6bb-37ad8c3df0fd@group-8C05B86E69BD->10ab2f01-a163-4b0b-bdc9-1962e1c3543b: nextIndex: updateUnconditionally 0 -> 0
2019-11-15 01:00:49,082 [grpc-default-executor-3] WARN  server.GrpcLogAppender (LogUtils.java:warn(134)) - c4061fea-d656-4029-8a52-0003cdc411ee@group-C787A5EC6030->2b497d53-8cea-4a7e-98a0-4cfb87fd1475-AppendLogResponseHandler: Failed appendEntries: org.apache.ratis.thirdparty.io.grpc.StatusRuntimeException: UNAVAILABLE: io exception
2019-11-15 01:00:49,083 [grpc-default-executor-3] INFO  impl.FollowerInfo (FollowerInfo.java:lambda$new$0(51)) - c4061fea-d656-4029-8a52-0003cdc411ee@group-C787A5EC6030->2b497d53-8cea-4a7e-98a0-4cfb87fd1475: nextIndex: updateUnconditionally 0 -> 0
2019-11-15 01:00:49,188 [grpc-default-executor-0] WARN  server.GrpcLogAppender (LogUtils.java:warn(134)) - 0e91382f-cc67-4c48-b6bb-37ad8c3df0fd@group-8C05B86E69BD->10ab2f01-a163-4b0b-bdc9-1962e1c3543b-AppendLogResponseHandler: Failed appendEntries: org.apache.ratis.thirdparty.io.grpc.StatusRuntimeException: UNAVAILABLE: io exception
2019-11-15 01:00:49,188 [grpc-default-executor-0] INFO  impl.FollowerInfo (FollowerInfo.java:lambda$new$0(51)) - 0e91382f-cc67-4c48-b6bb-37ad8c3df0fd@group-8C05B86E69BD->10ab2f01-a163-4b0b-bdc9-1962e1c3543b: nextIndex: updateUnconditionally 0 -> 0
2019-11-15 01:00:49,583 [grpc-default-executor-5] WARN  server.GrpcLogAppender (LogUtils.java:warn(134)) - c4061fea-d656-4029-8a52-0003cdc411ee@group-C787A5EC6030->2b497d53-8cea-4a7e-98a0-4cfb87fd1475-AppendLogResponseHandler: Failed appendEntries: org.apache.ratis.thirdparty.io.grpc.StatusRuntimeException: UNAVAILABLE: io exception
2019-11-15 01:00:49,584 [grpc-default-executor-5] INFO  impl.FollowerInfo (FollowerInfo.java:lambda$new$0(51)) - c4061fea-d656-4029-8a52-0003cdc411ee@group-C787A5EC6030->2b497d53-8cea-4a7e-98a0-4cfb87fd1475: nextIndex: updateUnconditionally 0 -> 0
2019-11-15 01:00:49,689 [grpc-default-executor-0] WARN  server.GrpcLogAppender (LogUtils.java:warn(134)) - 0e91382f-cc67-4c48-b6bb-37ad8c3df0fd@group-8C05B86E69BD->10ab2f01-a163-4b0b-bdc9-1962e1c3543b-AppendLogResponseHandler: Failed appendEntries: org.apache.ratis.thirdparty.io.grpc.StatusRuntimeException: UNAVAILABLE: io exception
2019-11-15 01:00:49,689 [grpc-default-executor-0] INFO  impl.FollowerInfo (FollowerInfo.java:lambda$new$0(51)) - 0e91382f-cc67-4c48-b6bb-37ad8c3df0fd@group-8C05B86E69BD->10ab2f01-a163-4b0b-bdc9-1962e1c3543b: nextIndex: updateUnconditionally 0 -> 0
2019-11-15 01:00:49,738 [Thread-4707] INFO  impl.FollowerState (FollowerState.java:run(111)) - 3290c45a-dc7d-4c95-a586-1c6e32afef30@group-E58C27D02539-FollowerState: change to CANDIDATE, lastRpcTime:1118ms, electionTimeout:1118ms
2019-11-15 01:00:49,738 [Thread-4707] INFO  impl.RoleInfo (RoleInfo.java:shutdownFollowerState(121)) - 3290c45a-dc7d-4c95-a586-1c6e32afef30: shutdown FollowerState
2019-11-15 01:00:49,738 [Thread-4707] INFO  impl.RaftServerImpl (RaftServerImpl.java:setRole(173)) - 3290c45a-dc7d-4c95-a586-1c6e32afef30@group-E58C27D02539: changes role from  FOLLOWER to CANDIDATE at term 3 for changeToCandidate
2019-11-15 01:00:49,739 [Thread-4707] INFO  impl.RoleInfo (RoleInfo.java:updateAndGet(143)) - 3290c45a-dc7d-4c95-a586-1c6e32afef30: start LeaderElection
2019-11-15 01:00:49,752 [3290c45a-dc7d-4c95-a586-1c6e32afef30@group-E58C27D02539-LeaderElection178] INFO  impl.LeaderElection (LeaderElection.java:askForVotes(178)) - 3290c45a-dc7d-4c95-a586-1c6e32afef30@group-E58C27D02539-LeaderElection178: begin an election at term 4 for 0: [d068838d-6499-4b84-94b8-55225fdfdb1a:192.168.164.208:41973, 3290c45a-dc7d-4c95-a586-1c6e32afef30:192.168.164.208:44306, c7f93789-5ee9-40a1-8afd-58386fa54dde:192.168.164.208:38346], old=null
2019-11-15 01:00:49,754 [3290c45a-dc7d-4c95-a586-1c6e32afef30@group-E58C27D02539-LeaderElection178] INFO  impl.LeaderElection (LogUtils.java:infoOrTrace(149)) - 3290c45a-dc7d-4c95-a586-1c6e32afef30@group-E58C27D02539-LeaderElection178 got exception when requesting votes: {}
java.util.concurrent.ExecutionException: org.apache.ratis.thirdparty.io.grpc.StatusRuntimeException: UNAVAILABLE: io exception
	at java.util.concurrent.FutureTask.report(FutureTask.java:122)
	at java.util.concurrent.FutureTask.get(FutureTask.java:192)
	at org.apache.ratis.server.impl.LeaderElection.waitForResults(LeaderElection.java:259)
	at org.apache.ratis.server.impl.LeaderElection.askForVotes(LeaderElection.java:197)
	at org.apache.ratis.server.impl.LeaderElection.run(LeaderElection.java:133)
	at java.lang.Thread.run(Thread.java:748)
Caused by: org.apache.ratis.thirdparty.io.grpc.StatusRuntimeException: UNAVAILABLE: io exception
	at org.apache.ratis.thirdparty.io.grpc.stub.ClientCalls.toStatusRuntimeException(ClientCalls.java:233)
	at org.apache.ratis.thirdparty.io.grpc.stub.ClientCalls.getUnchecked(ClientCalls.java:214)
	at org.apache.ratis.thirdparty.io.grpc.stub.ClientCalls.blockingUnaryCall(ClientCalls.java:139)
	at org.apache.ratis.proto.grpc.RaftServerProtocolServiceGrpc$RaftServerProtocolServiceBlockingStub.requestVote(RaftServerProtocolServiceGrpc.java:265)
	at org.apache.ratis.grpc.server.GrpcServerProtocolClient.requestVote(GrpcServerProtocolClient.java:99)
	at org.apache.ratis.grpc.server.GrpcService.requestVote(GrpcService.java:204)
	at org.apache.ratis.server.impl.LeaderElection.lambda$submitRequests$1(LeaderElection.java:234)
	at java.util.concurrent.FutureTask.run(FutureTask.java:266)
	at java.util.concurrent.Executors$RunnableAdapter.call(Executors.java:511)
	at java.util.concurrent.FutureTask.run(FutureTask.java:266)
	at java.util.concurrent.ThreadPoolExecutor.runWorker(ThreadPoolExecutor.java:1149)
	at java.util.concurrent.ThreadPoolExecutor$Worker.run(ThreadPoolExecutor.java:624)
	... 1 more
Caused by: org.apache.ratis.thirdparty.io.netty.channel.AbstractChannel$AnnotatedConnectException: Connection refused: /192.168.164.208:41973
	at sun.nio.ch.SocketChannelImpl.checkConnect(Native Method)
	at sun.nio.ch.SocketChannelImpl.finishConnect(SocketChannelImpl.java:717)
	at org.apache.ratis.thirdparty.io.netty.channel.socket.nio.NioSocketChannel.doFinishConnect(NioSocketChannel.java:327)
	at org.apache.ratis.thirdparty.io.netty.channel.nio.AbstractNioChannel$AbstractNioUnsafe.finishConnect(AbstractNioChannel.java:340)
	at org.apache.ratis.thirdparty.io.netty.channel.nio.NioEventLoop.processSelectedKey(NioEventLoop.java:632)
	at org.apache.ratis.thirdparty.io.netty.channel.nio.NioEventLoop.processSelectedKeysOptimized(NioEventLoop.java:579)
	at org.apache.ratis.thirdparty.io.netty.channel.nio.NioEventLoop.processSelectedKeys(NioEventLoop.java:496)
	at org.apache.ratis.thirdparty.io.netty.channel.nio.NioEventLoop.run(NioEventLoop.java:458)
	at org.apache.ratis.thirdparty.io.netty.util.concurrent.SingleThreadEventExecutor$5.run(SingleThreadEventExecutor.java:897)
	at org.apache.ratis.thirdparty.io.netty.util.concurrent.FastThreadLocalRunnable.run(FastThreadLocalRunnable.java:30)
	... 1 more
Caused by: java.net.ConnectException: Connection refused
	... 11 more
2019-11-15 01:00:49,754 [3290c45a-dc7d-4c95-a586-1c6e32afef30@group-E58C27D02539-LeaderElection178] INFO  impl.LeaderElection (LogUtils.java:infoOrTrace(149)) - 3290c45a-dc7d-4c95-a586-1c6e32afef30@group-E58C27D02539-LeaderElection178 got exception when requesting votes: {}
java.util.concurrent.ExecutionException: org.apache.ratis.thirdparty.io.grpc.StatusRuntimeException: UNAVAILABLE: io exception
	at java.util.concurrent.FutureTask.report(FutureTask.java:122)
	at java.util.concurrent.FutureTask.get(FutureTask.java:192)
	at org.apache.ratis.server.impl.LeaderElection.waitForResults(LeaderElection.java:259)
	at org.apache.ratis.server.impl.LeaderElection.askForVotes(LeaderElection.java:197)
	at org.apache.ratis.server.impl.LeaderElection.run(LeaderElection.java:133)
	at java.lang.Thread.run(Thread.java:748)
Caused by: org.apache.ratis.thirdparty.io.grpc.StatusRuntimeException: UNAVAILABLE: io exception
	at org.apache.ratis.thirdparty.io.grpc.stub.ClientCalls.toStatusRuntimeException(ClientCalls.java:233)
	at org.apache.ratis.thirdparty.io.grpc.stub.ClientCalls.getUnchecked(ClientCalls.java:214)
	at org.apache.ratis.thirdparty.io.grpc.stub.ClientCalls.blockingUnaryCall(ClientCalls.java:139)
	at org.apache.ratis.proto.grpc.RaftServerProtocolServiceGrpc$RaftServerProtocolServiceBlockingStub.requestVote(RaftServerProtocolServiceGrpc.java:265)
	at org.apache.ratis.grpc.server.GrpcServerProtocolClient.requestVote(GrpcServerProtocolClient.java:99)
	at org.apache.ratis.grpc.server.GrpcService.requestVote(GrpcService.java:204)
	at org.apache.ratis.server.impl.LeaderElection.lambda$submitRequests$1(LeaderElection.java:234)
	at java.util.concurrent.FutureTask.run(FutureTask.java:266)
	at java.util.concurrent.Executors$RunnableAdapter.call(Executors.java:511)
	at java.util.concurrent.FutureTask.run(FutureTask.java:266)
	at java.util.concurrent.ThreadPoolExecutor.runWorker(ThreadPoolExecutor.java:1149)
	at java.util.concurrent.ThreadPoolExecutor$Worker.run(ThreadPoolExecutor.java:624)
	... 1 more
Caused by: org.apache.ratis.thirdparty.io.netty.channel.AbstractChannel$AnnotatedConnectException: Connection refused: /192.168.164.208:38346
	at sun.nio.ch.SocketChannelImpl.checkConnect(Native Method)
	at sun.nio.ch.SocketChannelImpl.finishConnect(SocketChannelImpl.java:717)
	at org.apache.ratis.thirdparty.io.netty.channel.socket.nio.NioSocketChannel.doFinishConnect(NioSocketChannel.java:327)
	at org.apache.ratis.thirdparty.io.netty.channel.nio.AbstractNioChannel$AbstractNioUnsafe.finishConnect(AbstractNioChannel.java:340)
	at org.apache.ratis.thirdparty.io.netty.channel.nio.NioEventLoop.processSelectedKey(NioEventLoop.java:632)
	at org.apache.ratis.thirdparty.io.netty.channel.nio.NioEventLoop.processSelectedKeysOptimized(NioEventLoop.java:579)
	at org.apache.ratis.thirdparty.io.netty.channel.nio.NioEventLoop.processSelectedKeys(NioEventLoop.java:496)
	at org.apache.ratis.thirdparty.io.netty.channel.nio.NioEventLoop.run(NioEventLoop.java:458)
	at org.apache.ratis.thirdparty.io.netty.util.concurrent.SingleThreadEventExecutor$5.run(SingleThreadEventExecutor.java:897)
	at org.apache.ratis.thirdparty.io.netty.util.concurrent.FastThreadLocalRunnable.run(FastThreadLocalRunnable.java:30)
	... 1 more
Caused by: java.net.ConnectException: Connection refused
	... 11 more
2019-11-15 01:00:49,755 [3290c45a-dc7d-4c95-a586-1c6e32afef30@group-E58C27D02539-LeaderElection178] INFO  impl.LeaderElection (LeaderElection.java:logAndReturn(56)) - 3290c45a-dc7d-4c95-a586-1c6e32afef30@group-E58C27D02539-LeaderElection178: Election REJECTED; received 0 response(s) [] and 2 exception(s); 3290c45a-dc7d-4c95-a586-1c6e32afef30@group-E58C27D02539:t4, leader=null, voted=3290c45a-dc7d-4c95-a586-1c6e32afef30, raftlog=3290c45a-dc7d-4c95-a586-1c6e32afef30@group-E58C27D02539-SegmentedRaftLog:OPENED:c7,f7,i7, conf=0: [d068838d-6499-4b84-94b8-55225fdfdb1a:192.168.164.208:41973, 3290c45a-dc7d-4c95-a586-1c6e32afef30:192.168.164.208:44306, c7f93789-5ee9-40a1-8afd-58386fa54dde:192.168.164.208:38346], old=null
2019-11-15 01:00:49,755 [3290c45a-dc7d-4c95-a586-1c6e32afef30@group-E58C27D02539-LeaderElection178] INFO  impl.LeaderElection (LogUtils.java:infoOrTrace(149)) -   Exception 0: {}
java.util.concurrent.ExecutionException: org.apache.ratis.thirdparty.io.grpc.StatusRuntimeException: UNAVAILABLE: io exception
	at java.util.concurrent.FutureTask.report(FutureTask.java:122)
	at java.util.concurrent.FutureTask.get(FutureTask.java:192)
	at org.apache.ratis.server.impl.LeaderElection.waitForResults(LeaderElection.java:259)
	at org.apache.ratis.server.impl.LeaderElection.askForVotes(LeaderElection.java:197)
	at org.apache.ratis.server.impl.LeaderElection.run(LeaderElection.java:133)
	at java.lang.Thread.run(Thread.java:748)
Caused by: org.apache.ratis.thirdparty.io.grpc.StatusRuntimeException: UNAVAILABLE: io exception
	at org.apache.ratis.thirdparty.io.grpc.stub.ClientCalls.toStatusRuntimeException(ClientCalls.java:233)
	at org.apache.ratis.thirdparty.io.grpc.stub.ClientCalls.getUnchecked(ClientCalls.java:214)
	at org.apache.ratis.thirdparty.io.grpc.stub.ClientCalls.blockingUnaryCall(ClientCalls.java:139)
	at org.apache.ratis.proto.grpc.RaftServerProtocolServiceGrpc$RaftServerProtocolServiceBlockingStub.requestVote(RaftServerProtocolServiceGrpc.java:265)
	at org.apache.ratis.grpc.server.GrpcServerProtocolClient.requestVote(GrpcServerProtocolClient.java:99)
	at org.apache.ratis.grpc.server.GrpcService.requestVote(GrpcService.java:204)
	at org.apache.ratis.server.impl.LeaderElection.lambda$submitRequests$1(LeaderElection.java:234)
	at java.util.concurrent.FutureTask.run(FutureTask.java:266)
	at java.util.concurrent.Executors$RunnableAdapter.call(Executors.java:511)
	at java.util.concurrent.FutureTask.run(FutureTask.java:266)
	at java.util.concurrent.ThreadPoolExecutor.runWorker(ThreadPoolExecutor.java:1149)
	at java.util.concurrent.ThreadPoolExecutor$Worker.run(ThreadPoolExecutor.java:624)
	... 1 more
Caused by: org.apache.ratis.thirdparty.io.netty.channel.AbstractChannel$AnnotatedConnectException: Connection refused: /192.168.164.208:41973
	at sun.nio.ch.SocketChannelImpl.checkConnect(Native Method)
	at sun.nio.ch.SocketChannelImpl.finishConnect(SocketChannelImpl.java:717)
	at org.apache.ratis.thirdparty.io.netty.channel.socket.nio.NioSocketChannel.doFinishConnect(NioSocketChannel.java:327)
	at org.apache.ratis.thirdparty.io.netty.channel.nio.AbstractNioChannel$AbstractNioUnsafe.finishConnect(AbstractNioChannel.java:340)
	at org.apache.ratis.thirdparty.io.netty.channel.nio.NioEventLoop.processSelectedKey(NioEventLoop.java:632)
	at org.apache.ratis.thirdparty.io.netty.channel.nio.NioEventLoop.processSelectedKeysOptimized(NioEventLoop.java:579)
	at org.apache.ratis.thirdparty.io.netty.channel.nio.NioEventLoop.processSelectedKeys(NioEventLoop.java:496)
	at org.apache.ratis.thirdparty.io.netty.channel.nio.NioEventLoop.run(NioEventLoop.java:458)
	at org.apache.ratis.thirdparty.io.netty.util.concurrent.SingleThreadEventExecutor$5.run(SingleThreadEventExecutor.java:897)
	at org.apache.ratis.thirdparty.io.netty.util.concurrent.FastThreadLocalRunnable.run(FastThreadLocalRunnable.java:30)
	... 1 more
Caused by: java.net.ConnectException: Connection refused
	... 11 more
2019-11-15 01:00:49,755 [3290c45a-dc7d-4c95-a586-1c6e32afef30@group-E58C27D02539-LeaderElection178] INFO  impl.LeaderElection (LogUtils.java:infoOrTrace(149)) -   Exception 1: {}
java.util.concurrent.ExecutionException: org.apache.ratis.thirdparty.io.grpc.StatusRuntimeException: UNAVAILABLE: io exception
	at java.util.concurrent.FutureTask.report(FutureTask.java:122)
	at java.util.concurrent.FutureTask.get(FutureTask.java:192)
	at org.apache.ratis.server.impl.LeaderElection.waitForResults(LeaderElection.java:259)
	at org.apache.ratis.server.impl.LeaderElection.askForVotes(LeaderElection.java:197)
	at org.apache.ratis.server.impl.LeaderElection.run(LeaderElection.java:133)
	at java.lang.Thread.run(Thread.java:748)
Caused by: org.apache.ratis.thirdparty.io.grpc.StatusRuntimeException: UNAVAILABLE: io exception
	at org.apache.ratis.thirdparty.io.grpc.stub.ClientCalls.toStatusRuntimeException(ClientCalls.java:233)
	at org.apache.ratis.thirdparty.io.grpc.stub.ClientCalls.getUnchecked(ClientCalls.java:214)
	at org.apache.ratis.thirdparty.io.grpc.stub.ClientCalls.blockingUnaryCall(ClientCalls.java:139)
	at org.apache.ratis.proto.grpc.RaftServerProtocolServiceGrpc$RaftServerProtocolServiceBlockingStub.requestVote(RaftServerProtocolServiceGrpc.java:265)
	at org.apache.ratis.grpc.server.GrpcServerProtocolClient.requestVote(GrpcServerProtocolClient.java:99)
	at org.apache.ratis.grpc.server.GrpcService.requestVote(GrpcService.java:204)
	at org.apache.ratis.server.impl.LeaderElection.lambda$submitRequests$1(LeaderElection.java:234)
	at java.util.concurrent.FutureTask.run(FutureTask.java:266)
	at java.util.concurrent.Executors$RunnableAdapter.call(Executors.java:511)
	at java.util.concurrent.FutureTask.run(FutureTask.java:266)
	at java.util.concurrent.ThreadPoolExecutor.runWorker(ThreadPoolExecutor.java:1149)
	at java.util.concurrent.ThreadPoolExecutor$Worker.run(ThreadPoolExecutor.java:624)
	... 1 more
Caused by: org.apache.ratis.thirdparty.io.netty.channel.AbstractChannel$AnnotatedConnectException: Connection refused: /192.168.164.208:38346
	at sun.nio.ch.SocketChannelImpl.checkConnect(Native Method)
	at sun.nio.ch.SocketChannelImpl.finishConnect(SocketChannelImpl.java:717)
	at org.apache.ratis.thirdparty.io.netty.channel.socket.nio.NioSocketChannel.doFinishConnect(NioSocketChannel.java:327)
	at org.apache.ratis.thirdparty.io.netty.channel.nio.AbstractNioChannel$AbstractNioUnsafe.finishConnect(AbstractNioChannel.java:340)
	at org.apache.ratis.thirdparty.io.netty.channel.nio.NioEventLoop.processSelectedKey(NioEventLoop.java:632)
	at org.apache.ratis.thirdparty.io.netty.channel.nio.NioEventLoop.processSelectedKeysOptimized(NioEventLoop.java:579)
	at org.apache.ratis.thirdparty.io.netty.channel.nio.NioEventLoop.processSelectedKeys(NioEventLoop.java:496)
	at org.apache.ratis.thirdparty.io.netty.channel.nio.NioEventLoop.run(NioEventLoop.java:458)
	at org.apache.ratis.thirdparty.io.netty.util.concurrent.SingleThreadEventExecutor$5.run(SingleThreadEventExecutor.java:897)
	at org.apache.ratis.thirdparty.io.netty.util.concurrent.FastThreadLocalRunnable.run(FastThreadLocalRunnable.java:30)
	... 1 more
Caused by: java.net.ConnectException: Connection refused
	... 11 more
2019-11-15 01:00:49,755 [3290c45a-dc7d-4c95-a586-1c6e32afef30@group-E58C27D02539-LeaderElection178] INFO  impl.RaftServerImpl (RaftServerImpl.java:setRole(173)) - 3290c45a-dc7d-4c95-a586-1c6e32afef30@group-E58C27D02539: changes role from CANDIDATE to FOLLOWER at term 4 for DISCOVERED_A_NEW_TERM
2019-11-15 01:00:49,755 [3290c45a-dc7d-4c95-a586-1c6e32afef30@group-E58C27D02539-LeaderElection178] INFO  impl.RoleInfo (RoleInfo.java:shutdownLeaderElection(134)) - 3290c45a-dc7d-4c95-a586-1c6e32afef30: shutdown LeaderElection
2019-11-15 01:00:49,755 [3290c45a-dc7d-4c95-a586-1c6e32afef30@group-E58C27D02539-LeaderElection178] INFO  impl.RoleInfo (RoleInfo.java:updateAndGet(143)) - 3290c45a-dc7d-4c95-a586-1c6e32afef30: start FollowerState
2019-11-15 01:00:50,087 [grpc-default-executor-3] WARN  server.GrpcLogAppender (LogUtils.java:warn(134)) - c4061fea-d656-4029-8a52-0003cdc411ee@group-C787A5EC6030->2b497d53-8cea-4a7e-98a0-4cfb87fd1475-AppendLogResponseHandler: Failed appendEntries: org.apache.ratis.thirdparty.io.grpc.StatusRuntimeException: UNAVAILABLE: io exception
2019-11-15 01:00:50,088 [grpc-default-executor-3] INFO  impl.FollowerInfo (FollowerInfo.java:lambda$new$0(51)) - c4061fea-d656-4029-8a52-0003cdc411ee@group-C787A5EC6030->2b497d53-8cea-4a7e-98a0-4cfb87fd1475: nextIndex: updateUnconditionally 0 -> 0
2019-11-15 01:00:50,190 [grpc-default-executor-5] WARN  server.GrpcLogAppender (LogUtils.java:warn(134)) - 0e91382f-cc67-4c48-b6bb-37ad8c3df0fd@group-8C05B86E69BD->10ab2f01-a163-4b0b-bdc9-1962e1c3543b-AppendLogResponseHandler: Failed appendEntries: org.apache.ratis.thirdparty.io.grpc.StatusRuntimeException: UNAVAILABLE: io exception
2019-11-15 01:00:50,190 [grpc-default-executor-5] INFO  impl.FollowerInfo (FollowerInfo.java:lambda$new$0(51)) - 0e91382f-cc67-4c48-b6bb-37ad8c3df0fd@group-8C05B86E69BD->10ab2f01-a163-4b0b-bdc9-1962e1c3543b: nextIndex: updateUnconditionally 0 -> 0
2019-11-15 01:00:50,585 [grpc-default-executor-0] WARN  server.GrpcLogAppender (LogUtils.java:warn(134)) - c4061fea-d656-4029-8a52-0003cdc411ee@group-C787A5EC6030->2b497d53-8cea-4a7e-98a0-4cfb87fd1475-AppendLogResponseHandler: Failed appendEntries: org.apache.ratis.thirdparty.io.grpc.StatusRuntimeException: UNAVAILABLE: io exception
2019-11-15 01:00:50,586 [grpc-default-executor-0] INFO  impl.FollowerInfo (FollowerInfo.java:lambda$new$0(51)) - c4061fea-d656-4029-8a52-0003cdc411ee@group-C787A5EC6030->2b497d53-8cea-4a7e-98a0-4cfb87fd1475: nextIndex: updateUnconditionally 0 -> 0
2019-11-15 01:00:50,690 [grpc-default-executor-5] WARN  server.GrpcLogAppender (LogUtils.java:warn(134)) - 0e91382f-cc67-4c48-b6bb-37ad8c3df0fd@group-8C05B86E69BD->10ab2f01-a163-4b0b-bdc9-1962e1c3543b-AppendLogResponseHandler: Failed appendEntries: org.apache.ratis.thirdparty.io.grpc.StatusRuntimeException: UNAVAILABLE: io exception
2019-11-15 01:00:50,690 [grpc-default-executor-5] INFO  impl.FollowerInfo (FollowerInfo.java:lambda$new$0(51)) - 0e91382f-cc67-4c48-b6bb-37ad8c3df0fd@group-8C05B86E69BD->10ab2f01-a163-4b0b-bdc9-1962e1c3543b: nextIndex: updateUnconditionally 0 -> 0
2019-11-15 01:00:50,819 [Thread-4718] INFO  impl.FollowerState (FollowerState.java:run(111)) - 3290c45a-dc7d-4c95-a586-1c6e32afef30@group-E58C27D02539-FollowerState: change to CANDIDATE, lastRpcTime:1063ms, electionTimeout:1063ms
2019-11-15 01:00:50,819 [Thread-4718] INFO  impl.RoleInfo (RoleInfo.java:shutdownFollowerState(121)) - 3290c45a-dc7d-4c95-a586-1c6e32afef30: shutdown FollowerState
2019-11-15 01:00:50,820 [Thread-4718] INFO  impl.RaftServerImpl (RaftServerImpl.java:setRole(173)) - 3290c45a-dc7d-4c95-a586-1c6e32afef30@group-E58C27D02539: changes role from  FOLLOWER to CANDIDATE at term 4 for changeToCandidate
2019-11-15 01:00:50,820 [Thread-4718] INFO  impl.RoleInfo (RoleInfo.java:updateAndGet(143)) - 3290c45a-dc7d-4c95-a586-1c6e32afef30: start LeaderElection
2019-11-15 01:00:50,849 [3290c45a-dc7d-4c95-a586-1c6e32afef30@group-E58C27D02539-LeaderElection179] INFO  impl.LeaderElection (LeaderElection.java:askForVotes(178)) - 3290c45a-dc7d-4c95-a586-1c6e32afef30@group-E58C27D02539-LeaderElection179: begin an election at term 5 for 0: [d068838d-6499-4b84-94b8-55225fdfdb1a:192.168.164.208:41973, 3290c45a-dc7d-4c95-a586-1c6e32afef30:192.168.164.208:44306, c7f93789-5ee9-40a1-8afd-58386fa54dde:192.168.164.208:38346], old=null
2019-11-15 01:00:50,851 [3290c45a-dc7d-4c95-a586-1c6e32afef30@group-E58C27D02539-LeaderElection179] INFO  impl.LeaderElection (LogUtils.java:infoOrTrace(149)) - 3290c45a-dc7d-4c95-a586-1c6e32afef30@group-E58C27D02539-LeaderElection179 got exception when requesting votes: {}
java.util.concurrent.ExecutionException: org.apache.ratis.thirdparty.io.grpc.StatusRuntimeException: UNAVAILABLE: io exception
	at java.util.concurrent.FutureTask.report(FutureTask.java:122)
	at java.util.concurrent.FutureTask.get(FutureTask.java:192)
	at org.apache.ratis.server.impl.LeaderElection.waitForResults(LeaderElection.java:259)
	at org.apache.ratis.server.impl.LeaderElection.askForVotes(LeaderElection.java:197)
	at org.apache.ratis.server.impl.LeaderElection.run(LeaderElection.java:133)
	at java.lang.Thread.run(Thread.java:748)
Caused by: org.apache.ratis.thirdparty.io.grpc.StatusRuntimeException: UNAVAILABLE: io exception
	at org.apache.ratis.thirdparty.io.grpc.stub.ClientCalls.toStatusRuntimeException(ClientCalls.java:233)
	at org.apache.ratis.thirdparty.io.grpc.stub.ClientCalls.getUnchecked(ClientCalls.java:214)
	at org.apache.ratis.thirdparty.io.grpc.stub.ClientCalls.blockingUnaryCall(ClientCalls.java:139)
	at org.apache.ratis.proto.grpc.RaftServerProtocolServiceGrpc$RaftServerProtocolServiceBlockingStub.requestVote(RaftServerProtocolServiceGrpc.java:265)
	at org.apache.ratis.grpc.server.GrpcServerProtocolClient.requestVote(GrpcServerProtocolClient.java:99)
	at org.apache.ratis.grpc.server.GrpcService.requestVote(GrpcService.java:204)
	at org.apache.ratis.server.impl.LeaderElection.lambda$submitRequests$1(LeaderElection.java:234)
	at java.util.concurrent.FutureTask.run(FutureTask.java:266)
	at java.util.concurrent.Executors$RunnableAdapter.call(Executors.java:511)
	at java.util.concurrent.FutureTask.run(FutureTask.java:266)
	at java.util.concurrent.ThreadPoolExecutor.runWorker(ThreadPoolExecutor.java:1149)
	at java.util.concurrent.ThreadPoolExecutor$Worker.run(ThreadPoolExecutor.java:624)
	... 1 more
Caused by: org.apache.ratis.thirdparty.io.netty.channel.AbstractChannel$AnnotatedConnectException: Connection refused: /192.168.164.208:38346
	at sun.nio.ch.SocketChannelImpl.checkConnect(Native Method)
	at sun.nio.ch.SocketChannelImpl.finishConnect(SocketChannelImpl.java:717)
	at org.apache.ratis.thirdparty.io.netty.channel.socket.nio.NioSocketChannel.doFinishConnect(NioSocketChannel.java:327)
	at org.apache.ratis.thirdparty.io.netty.channel.nio.AbstractNioChannel$AbstractNioUnsafe.finishConnect(AbstractNioChannel.java:340)
	at org.apache.ratis.thirdparty.io.netty.channel.nio.NioEventLoop.processSelectedKey(NioEventLoop.java:632)
	at org.apache.ratis.thirdparty.io.netty.channel.nio.NioEventLoop.processSelectedKeysOptimized(NioEventLoop.java:579)
	at org.apache.ratis.thirdparty.io.netty.channel.nio.NioEventLoop.processSelectedKeys(NioEventLoop.java:496)
	at org.apache.ratis.thirdparty.io.netty.channel.nio.NioEventLoop.run(NioEventLoop.java:458)
	at org.apache.ratis.thirdparty.io.netty.util.concurrent.SingleThreadEventExecutor$5.run(SingleThreadEventExecutor.java:897)
	at org.apache.ratis.thirdparty.io.netty.util.concurrent.FastThreadLocalRunnable.run(FastThreadLocalRunnable.java:30)
	... 1 more
Caused by: java.net.ConnectException: Connection refused
	... 11 more
2019-11-15 01:00:50,852 [3290c45a-dc7d-4c95-a586-1c6e32afef30@group-E58C27D02539-LeaderElection179] INFO  impl.LeaderElection (LogUtils.java:infoOrTrace(149)) - 3290c45a-dc7d-4c95-a586-1c6e32afef30@group-E58C27D02539-LeaderElection179 got exception when requesting votes: {}
java.util.concurrent.ExecutionException: org.apache.ratis.thirdparty.io.grpc.StatusRuntimeException: UNAVAILABLE: io exception
	at java.util.concurrent.FutureTask.report(FutureTask.java:122)
	at java.util.concurrent.FutureTask.get(FutureTask.java:192)
	at org.apache.ratis.server.impl.LeaderElection.waitForResults(LeaderElection.java:259)
	at org.apache.ratis.server.impl.LeaderElection.askForVotes(LeaderElection.java:197)
	at org.apache.ratis.server.impl.LeaderElection.run(LeaderElection.java:133)
	at java.lang.Thread.run(Thread.java:748)
Caused by: org.apache.ratis.thirdparty.io.grpc.StatusRuntimeException: UNAVAILABLE: io exception
	at org.apache.ratis.thirdparty.io.grpc.stub.ClientCalls.toStatusRuntimeException(ClientCalls.java:233)
	at org.apache.ratis.thirdparty.io.grpc.stub.ClientCalls.getUnchecked(ClientCalls.java:214)
	at org.apache.ratis.thirdparty.io.grpc.stub.ClientCalls.blockingUnaryCall(ClientCalls.java:139)
	at org.apache.ratis.proto.grpc.RaftServerProtocolServiceGrpc$RaftServerProtocolServiceBlockingStub.requestVote(RaftServerProtocolServiceGrpc.java:265)
	at org.apache.ratis.grpc.server.GrpcServerProtocolClient.requestVote(GrpcServerProtocolClient.java:99)
	at org.apache.ratis.grpc.server.GrpcService.requestVote(GrpcService.java:204)
	at org.apache.ratis.server.impl.LeaderElection.lambda$submitRequests$1(LeaderElection.java:234)
	at java.util.concurrent.FutureTask.run(FutureTask.java:266)
	at java.util.concurrent.Executors$RunnableAdapter.call(Executors.java:511)
	at java.util.concurrent.FutureTask.run(FutureTask.java:266)
	at java.util.concurrent.ThreadPoolExecutor.runWorker(ThreadPoolExecutor.java:1149)
	at java.util.concurrent.ThreadPoolExecutor$Worker.run(ThreadPoolExecutor.java:624)
	... 1 more
Caused by: org.apache.ratis.thirdparty.io.netty.channel.AbstractChannel$AnnotatedConnectException: Connection refused: /192.168.164.208:41973
	at sun.nio.ch.SocketChannelImpl.checkConnect(Native Method)
	at sun.nio.ch.SocketChannelImpl.finishConnect(SocketChannelImpl.java:717)
	at org.apache.ratis.thirdparty.io.netty.channel.socket.nio.NioSocketChannel.doFinishConnect(NioSocketChannel.java:327)
	at org.apache.ratis.thirdparty.io.netty.channel.nio.AbstractNioChannel$AbstractNioUnsafe.finishConnect(AbstractNioChannel.java:340)
	at org.apache.ratis.thirdparty.io.netty.channel.nio.NioEventLoop.processSelectedKey(NioEventLoop.java:632)
	at org.apache.ratis.thirdparty.io.netty.channel.nio.NioEventLoop.processSelectedKeysOptimized(NioEventLoop.java:579)
	at org.apache.ratis.thirdparty.io.netty.channel.nio.NioEventLoop.processSelectedKeys(NioEventLoop.java:496)
	at org.apache.ratis.thirdparty.io.netty.channel.nio.NioEventLoop.run(NioEventLoop.java:458)
	at org.apache.ratis.thirdparty.io.netty.util.concurrent.SingleThreadEventExecutor$5.run(SingleThreadEventExecutor.java:897)
	at org.apache.ratis.thirdparty.io.netty.util.concurrent.FastThreadLocalRunnable.run(FastThreadLocalRunnable.java:30)
	... 1 more
Caused by: java.net.ConnectException: Connection refused
	... 11 more
2019-11-15 01:00:50,853 [3290c45a-dc7d-4c95-a586-1c6e32afef30@group-E58C27D02539-LeaderElection179] INFO  impl.LeaderElection (LeaderElection.java:logAndReturn(56)) - 3290c45a-dc7d-4c95-a586-1c6e32afef30@group-E58C27D02539-LeaderElection179: Election REJECTED; received 0 response(s) [] and 2 exception(s); 3290c45a-dc7d-4c95-a586-1c6e32afef30@group-E58C27D02539:t5, leader=null, voted=3290c45a-dc7d-4c95-a586-1c6e32afef30, raftlog=3290c45a-dc7d-4c95-a586-1c6e32afef30@group-E58C27D02539-SegmentedRaftLog:OPENED:c7,f7,i7, conf=0: [d068838d-6499-4b84-94b8-55225fdfdb1a:192.168.164.208:41973, 3290c45a-dc7d-4c95-a586-1c6e32afef30:192.168.164.208:44306, c7f93789-5ee9-40a1-8afd-58386fa54dde:192.168.164.208:38346], old=null
2019-11-15 01:00:50,853 [3290c45a-dc7d-4c95-a586-1c6e32afef30@group-E58C27D02539-LeaderElection179] INFO  impl.LeaderElection (LogUtils.java:infoOrTrace(149)) -   Exception 0: {}
java.util.concurrent.ExecutionException: org.apache.ratis.thirdparty.io.grpc.StatusRuntimeException: UNAVAILABLE: io exception
	at java.util.concurrent.FutureTask.report(FutureTask.java:122)
	at java.util.concurrent.FutureTask.get(FutureTask.java:192)
	at org.apache.ratis.server.impl.LeaderElection.waitForResults(LeaderElection.java:259)
	at org.apache.ratis.server.impl.LeaderElection.askForVotes(LeaderElection.java:197)
	at org.apache.ratis.server.impl.LeaderElection.run(LeaderElection.java:133)
	at java.lang.Thread.run(Thread.java:748)
Caused by: org.apache.ratis.thirdparty.io.grpc.StatusRuntimeException: UNAVAILABLE: io exception
	at org.apache.ratis.thirdparty.io.grpc.stub.ClientCalls.toStatusRuntimeException(ClientCalls.java:233)
	at org.apache.ratis.thirdparty.io.grpc.stub.ClientCalls.getUnchecked(ClientCalls.java:214)
	at org.apache.ratis.thirdparty.io.grpc.stub.ClientCalls.blockingUnaryCall(ClientCalls.java:139)
	at org.apache.ratis.proto.grpc.RaftServerProtocolServiceGrpc$RaftServerProtocolServiceBlockingStub.requestVote(RaftServerProtocolServiceGrpc.java:265)
	at org.apache.ratis.grpc.server.GrpcServerProtocolClient.requestVote(GrpcServerProtocolClient.java:99)
	at org.apache.ratis.grpc.server.GrpcService.requestVote(GrpcService.java:204)
	at org.apache.ratis.server.impl.LeaderElection.lambda$submitRequests$1(LeaderElection.java:234)
	at java.util.concurrent.FutureTask.run(FutureTask.java:266)
	at java.util.concurrent.Executors$RunnableAdapter.call(Executors.java:511)
	at java.util.concurrent.FutureTask.run(FutureTask.java:266)
	at java.util.concurrent.ThreadPoolExecutor.runWorker(ThreadPoolExecutor.java:1149)
	at java.util.concurrent.ThreadPoolExecutor$Worker.run(ThreadPoolExecutor.java:624)
	... 1 more
Caused by: org.apache.ratis.thirdparty.io.netty.channel.AbstractChannel$AnnotatedConnectException: Connection refused: /192.168.164.208:38346
	at sun.nio.ch.SocketChannelImpl.checkConnect(Native Method)
	at sun.nio.ch.SocketChannelImpl.finishConnect(SocketChannelImpl.java:717)
	at org.apache.ratis.thirdparty.io.netty.channel.socket.nio.NioSocketChannel.doFinishConnect(NioSocketChannel.java:327)
	at org.apache.ratis.thirdparty.io.netty.channel.nio.AbstractNioChannel$AbstractNioUnsafe.finishConnect(AbstractNioChannel.java:340)
	at org.apache.ratis.thirdparty.io.netty.channel.nio.NioEventLoop.processSelectedKey(NioEventLoop.java:632)
	at org.apache.ratis.thirdparty.io.netty.channel.nio.NioEventLoop.processSelectedKeysOptimized(NioEventLoop.java:579)
	at org.apache.ratis.thirdparty.io.netty.channel.nio.NioEventLoop.processSelectedKeys(NioEventLoop.java:496)
	at org.apache.ratis.thirdparty.io.netty.channel.nio.NioEventLoop.run(NioEventLoop.java:458)
	at org.apache.ratis.thirdparty.io.netty.util.concurrent.SingleThreadEventExecutor$5.run(SingleThreadEventExecutor.java:897)
	at org.apache.ratis.thirdparty.io.netty.util.concurrent.FastThreadLocalRunnable.run(FastThreadLocalRunnable.java:30)
	... 1 more
Caused by: java.net.ConnectException: Connection refused
	... 11 more
2019-11-15 01:00:50,853 [3290c45a-dc7d-4c95-a586-1c6e32afef30@group-E58C27D02539-LeaderElection179] INFO  impl.LeaderElection (LogUtils.java:infoOrTrace(149)) -   Exception 1: {}
java.util.concurrent.ExecutionException: org.apache.ratis.thirdparty.io.grpc.StatusRuntimeException: UNAVAILABLE: io exception
	at java.util.concurrent.FutureTask.report(FutureTask.java:122)
	at java.util.concurrent.FutureTask.get(FutureTask.java:192)
	at org.apache.ratis.server.impl.LeaderElection.waitForResults(LeaderElection.java:259)
	at org.apache.ratis.server.impl.LeaderElection.askForVotes(LeaderElection.java:197)
	at org.apache.ratis.server.impl.LeaderElection.run(LeaderElection.java:133)
	at java.lang.Thread.run(Thread.java:748)
Caused by: org.apache.ratis.thirdparty.io.grpc.StatusRuntimeException: UNAVAILABLE: io exception
	at org.apache.ratis.thirdparty.io.grpc.stub.ClientCalls.toStatusRuntimeException(ClientCalls.java:233)
	at org.apache.ratis.thirdparty.io.grpc.stub.ClientCalls.getUnchecked(ClientCalls.java:214)
	at org.apache.ratis.thirdparty.io.grpc.stub.ClientCalls.blockingUnaryCall(ClientCalls.java:139)
	at org.apache.ratis.proto.grpc.RaftServerProtocolServiceGrpc$RaftServerProtocolServiceBlockingStub.requestVote(RaftServerProtocolServiceGrpc.java:265)
	at org.apache.ratis.grpc.server.GrpcServerProtocolClient.requestVote(GrpcServerProtocolClient.java:99)
	at org.apache.ratis.grpc.server.GrpcService.requestVote(GrpcService.java:204)
	at org.apache.ratis.server.impl.LeaderElection.lambda$submitRequests$1(LeaderElection.java:234)
	at java.util.concurrent.FutureTask.run(FutureTask.java:266)
	at java.util.concurrent.Executors$RunnableAdapter.call(Executors.java:511)
	at java.util.concurrent.FutureTask.run(FutureTask.java:266)
	at java.util.concurrent.ThreadPoolExecutor.runWorker(ThreadPoolExecutor.java:1149)
	at java.util.concurrent.ThreadPoolExecutor$Worker.run(ThreadPoolExecutor.java:624)
	... 1 more
Caused by: org.apache.ratis.thirdparty.io.netty.channel.AbstractChannel$AnnotatedConnectException: Connection refused: /192.168.164.208:41973
	at sun.nio.ch.SocketChannelImpl.checkConnect(Native Method)
	at sun.nio.ch.SocketChannelImpl.finishConnect(SocketChannelImpl.java:717)
	at org.apache.ratis.thirdparty.io.netty.channel.socket.nio.NioSocketChannel.doFinishConnect(NioSocketChannel.java:327)
	at org.apache.ratis.thirdparty.io.netty.channel.nio.AbstractNioChannel$AbstractNioUnsafe.finishConnect(AbstractNioChannel.java:340)
	at org.apache.ratis.thirdparty.io.netty.channel.nio.NioEventLoop.processSelectedKey(NioEventLoop.java:632)
	at org.apache.ratis.thirdparty.io.netty.channel.nio.NioEventLoop.processSelectedKeysOptimized(NioEventLoop.java:579)
	at org.apache.ratis.thirdparty.io.netty.channel.nio.NioEventLoop.processSelectedKeys(NioEventLoop.java:496)
	at org.apache.ratis.thirdparty.io.netty.channel.nio.NioEventLoop.run(NioEventLoop.java:458)
	at org.apache.ratis.thirdparty.io.netty.util.concurrent.SingleThreadEventExecutor$5.run(SingleThreadEventExecutor.java:897)
	at org.apache.ratis.thirdparty.io.netty.util.concurrent.FastThreadLocalRunnable.run(FastThreadLocalRunnable.java:30)
	... 1 more
Caused by: java.net.ConnectException: Connection refused
	... 11 more
2019-11-15 01:00:50,853 [3290c45a-dc7d-4c95-a586-1c6e32afef30@group-E58C27D02539-LeaderElection179] INFO  impl.RaftServerImpl (RaftServerImpl.java:setRole(173)) - 3290c45a-dc7d-4c95-a586-1c6e32afef30@group-E58C27D02539: changes role from CANDIDATE to FOLLOWER at term 5 for DISCOVERED_A_NEW_TERM
2019-11-15 01:00:50,854 [3290c45a-dc7d-4c95-a586-1c6e32afef30@group-E58C27D02539-LeaderElection179] INFO  impl.RoleInfo (RoleInfo.java:shutdownLeaderElection(134)) - 3290c45a-dc7d-4c95-a586-1c6e32afef30: shutdown LeaderElection
2019-11-15 01:00:50,854 [3290c45a-dc7d-4c95-a586-1c6e32afef30@group-E58C27D02539-LeaderElection179] INFO  impl.RoleInfo (RoleInfo.java:updateAndGet(143)) - 3290c45a-dc7d-4c95-a586-1c6e32afef30: start FollowerState
2019-11-15 01:00:51,087 [grpc-default-executor-5] WARN  server.GrpcLogAppender (LogUtils.java:warn(134)) - c4061fea-d656-4029-8a52-0003cdc411ee@group-C787A5EC6030->2b497d53-8cea-4a7e-98a0-4cfb87fd1475-AppendLogResponseHandler: Failed appendEntries: org.apache.ratis.thirdparty.io.grpc.StatusRuntimeException: UNAVAILABLE: io exception
2019-11-15 01:00:51,087 [grpc-default-executor-5] INFO  impl.FollowerInfo (FollowerInfo.java:lambda$new$0(51)) - c4061fea-d656-4029-8a52-0003cdc411ee@group-C787A5EC6030->2b497d53-8cea-4a7e-98a0-4cfb87fd1475: nextIndex: updateUnconditionally 0 -> 0
2019-11-15 01:00:51,190 [grpc-default-executor-5] WARN  server.GrpcLogAppender (LogUtils.java:warn(134)) - 0e91382f-cc67-4c48-b6bb-37ad8c3df0fd@group-8C05B86E69BD->10ab2f01-a163-4b0b-bdc9-1962e1c3543b-AppendLogResponseHandler: Failed appendEntries: org.apache.ratis.thirdparty.io.grpc.StatusRuntimeException: UNAVAILABLE: io exception
2019-11-15 01:00:51,191 [grpc-default-executor-5] INFO  impl.FollowerInfo (FollowerInfo.java:lambda$new$0(51)) - 0e91382f-cc67-4c48-b6bb-37ad8c3df0fd@group-8C05B86E69BD->10ab2f01-a163-4b0b-bdc9-1962e1c3543b: nextIndex: updateUnconditionally 0 -> 0
2019-11-15 01:00:51,302 [main] INFO  ozoneimpl.OzoneContainer (OzoneContainer.java:stop(244)) - Attempting to stop container services.
2019-11-15 01:00:51,303 [main] INFO  impl.RaftServerProxy (RaftServerProxy.java:lambda$close$4(314)) - c4061fea-d656-4029-8a52-0003cdc411ee: close
2019-11-15 01:00:51,304 [main] INFO  impl.RaftServerImpl (RaftServerImpl.java:lambda$shutdown$3(250)) - c4061fea-d656-4029-8a52-0003cdc411ee@group-C787A5EC6030: shutdown
2019-11-15 01:00:51,304 [Thread-4731] INFO  client.GrpcClientProtocolService (GrpcClientProtocolService.java:lambda$processClientRequest$0(279)) - Failed RaftClientRequest:client-36CBF630059C->3290c45a-dc7d-4c95-a586-1c6e32afef30@group-E58C27D02539, cid=279, seq=0, Watch-ALL_COMMITTED(2), Message:<EMPTY>, reply=RaftClientReply:client-36CBF630059C->3290c45a-dc7d-4c95-a586-1c6e32afef30@group-E58C27D02539, cid=279, FAILED org.apache.ratis.protocol.NotLeaderException: Server 3290c45a-dc7d-4c95-a586-1c6e32afef30@group-E58C27D02539 is not the leader, logIndex=0, commits[3290c45a-dc7d-4c95-a586-1c6e32afef30:c7, d068838d-6499-4b84-94b8-55225fdfdb1a:c7, c7f93789-5ee9-40a1-8afd-58386fa54dde:c0]
2019-11-15 01:00:51,304 [main] INFO  util.JmxRegister (JmxRegister.java:unregister(73)) - Successfully un-registered JMX Bean with object name Ratis:service=RaftServer,group=group-C787A5EC6030,id=c4061fea-d656-4029-8a52-0003cdc411ee
2019-11-15 01:00:51,305 [main] INFO  impl.RoleInfo (RoleInfo.java:shutdownLeaderState(104)) - c4061fea-d656-4029-8a52-0003cdc411ee: shutdown LeaderState
2019-11-15 01:00:51,310 [org.apache.ratis.server.impl.LogAppender$AppenderDaemon$$Lambda$466/1042245461@5909f70a] WARN  server.GrpcLogAppender (GrpcLogAppender.java:mayWait(151)) - c4061fea-d656-4029-8a52-0003cdc411ee@group-C787A5EC6030->e728dc25-e4b1-43c6-a53d-eff097089a23-GrpcLogAppender: Wait interrupted by java.lang.InterruptedException
2019-11-15 01:00:51,312 [main] INFO  impl.PendingRequests (PendingRequests.java:sendNotLeaderResponses(206)) - c4061fea-d656-4029-8a52-0003cdc411ee@group-C787A5EC6030-PendingRequests: sendNotLeaderResponses
2019-11-15 01:00:51,312 [org.apache.ratis.server.impl.LogAppender$AppenderDaemon$$Lambda$466/1042245461@1c0b624f] WARN  server.GrpcLogAppender (GrpcLogAppender.java:mayWait(151)) - c4061fea-d656-4029-8a52-0003cdc411ee@group-C787A5EC6030->2b497d53-8cea-4a7e-98a0-4cfb87fd1475-GrpcLogAppender: Wait interrupted by java.lang.InterruptedException
2019-11-15 01:00:51,314 [main] INFO  impl.StateMachineUpdater (StateMachineUpdater.java:stopAndJoin(136)) - c4061fea-d656-4029-8a52-0003cdc411ee@group-C787A5EC6030-StateMachineUpdater: set stopIndex = 0
2019-11-15 01:00:51,314 [grpc-default-executor-5] INFO  server.GrpcServerProtocolService (GrpcServerProtocolService.java:onCompleted(113)) - e728dc25-e4b1-43c6-a53d-eff097089a23: Completed APPEND_ENTRIES, lastRequest: c4061fea-d656-4029-8a52-0003cdc411ee->e728dc25-e4b1-43c6-a53d-eff097089a23#58-t1, previous=(t:1, i:0), leaderCommit=0, initializing? false, entries: <empty>
2019-11-15 01:00:51,316 [main] INFO  impl.RaftServerImpl (ServerState.java:close(387)) - c4061fea-d656-4029-8a52-0003cdc411ee@group-C787A5EC6030: closes. applyIndex: 0
2019-11-15 01:00:51,317 [grpc-default-executor-5] INFO  server.GrpcLogAppender (GrpcLogAppender.java:onCompleted(308)) - c4061fea-d656-4029-8a52-0003cdc411ee@group-C787A5EC6030->e728dc25-e4b1-43c6-a53d-eff097089a23-AppendLogResponseHandler: follower responses appendEntries COMPLETED
2019-11-15 01:00:51,317 [c4061fea-d656-4029-8a52-0003cdc411ee@group-C787A5EC6030-SegmentedRaftLogWorker] INFO  segmented.SegmentedRaftLogWorker (SegmentedRaftLogWorker.java:run(316)) - c4061fea-d656-4029-8a52-0003cdc411ee@group-C787A5EC6030-SegmentedRaftLogWorker was interrupted, exiting. There are 0 tasks remaining in the queue.
2019-11-15 01:00:51,317 [grpc-default-executor-5] INFO  impl.FollowerInfo (FollowerInfo.java:lambda$new$0(51)) - c4061fea-d656-4029-8a52-0003cdc411ee@group-C787A5EC6030->e728dc25-e4b1-43c6-a53d-eff097089a23: nextIndex: updateUnconditionally 1 -> 0
2019-11-15 01:00:51,317 [main] INFO  segmented.SegmentedRaftLogWorker (SegmentedRaftLogWorker.java:close(224)) - c4061fea-d656-4029-8a52-0003cdc411ee@group-C787A5EC6030-SegmentedRaftLogWorker close()
2019-11-15 01:00:51,318 [main] INFO  impl.RaftServerImpl (RaftServerImpl.java:lambda$shutdown$3(250)) - c4061fea-d656-4029-8a52-0003cdc411ee@group-18D18F1AF72F: shutdown
2019-11-15 01:00:51,318 [main] INFO  util.JmxRegister (JmxRegister.java:unregister(73)) - Successfully un-registered JMX Bean with object name Ratis:service=RaftServer,group=group-18D18F1AF72F,id=c4061fea-d656-4029-8a52-0003cdc411ee
2019-11-15 01:00:51,319 [main] INFO  impl.RoleInfo (RoleInfo.java:shutdownLeaderState(104)) - c4061fea-d656-4029-8a52-0003cdc411ee: shutdown LeaderState
2019-11-15 01:00:51,319 [main] INFO  impl.PendingRequests (PendingRequests.java:sendNotLeaderResponses(206)) - c4061fea-d656-4029-8a52-0003cdc411ee@group-18D18F1AF72F-PendingRequests: sendNotLeaderResponses
2019-11-15 01:00:51,319 [main] INFO  impl.StateMachineUpdater (StateMachineUpdater.java:stopAndJoin(136)) - c4061fea-d656-4029-8a52-0003cdc411ee@group-18D18F1AF72F-StateMachineUpdater: set stopIndex = 0
2019-11-15 01:00:51,320 [main] INFO  impl.RaftServerImpl (ServerState.java:close(387)) - c4061fea-d656-4029-8a52-0003cdc411ee@group-18D18F1AF72F: closes. applyIndex: 0
2019-11-15 01:00:51,320 [c4061fea-d656-4029-8a52-0003cdc411ee@group-18D18F1AF72F-SegmentedRaftLogWorker] INFO  segmented.SegmentedRaftLogWorker (SegmentedRaftLogWorker.java:run(316)) - c4061fea-d656-4029-8a52-0003cdc411ee@group-18D18F1AF72F-SegmentedRaftLogWorker was interrupted, exiting. There are 0 tasks remaining in the queue.
2019-11-15 01:00:51,320 [main] INFO  segmented.SegmentedRaftLogWorker (SegmentedRaftLogWorker.java:close(224)) - c4061fea-d656-4029-8a52-0003cdc411ee@group-18D18F1AF72F-SegmentedRaftLogWorker close()
2019-11-15 01:00:51,321 [main] INFO  server.GrpcService (GrpcService.java:closeImpl(164)) - c4061fea-d656-4029-8a52-0003cdc411ee: shutdown server with port 42567 now
2019-11-15 01:00:51,321 [main] INFO  server.GrpcService (GrpcService.java:closeImpl(172)) - c4061fea-d656-4029-8a52-0003cdc411ee: shutdown server with port 42567 successfully
2019-11-15 01:00:51,325 [refreshUsed-/workdir/hadoop-ozone/integration-test/target/test-dir/MiniOzoneClusterImpl-9b1c7e50-938b-4652-9315-e435b3731240/datanode-8/data/containers] WARN  fs.CachingGetSpaceUsed (CachingGetSpaceUsed.java:run(183)) - Thread Interrupted waiting to refresh disk information: sleep interrupted
2019-11-15 01:00:51,331 [ForkJoinPool.commonPool-worker-0] INFO  ozoneimpl.OzoneContainer (OzoneContainer.java:stop(244)) - Attempting to stop container services.
2019-11-15 01:00:51,331 [ForkJoinPool.commonPool-worker-0] INFO  impl.RaftServerProxy (RaftServerProxy.java:lambda$close$4(314)) - 0e91382f-cc67-4c48-b6bb-37ad8c3df0fd: close
2019-11-15 01:00:51,331 [ForkJoinPool.commonPool-worker-0] INFO  impl.RaftServerImpl (RaftServerImpl.java:lambda$shutdown$3(250)) - 0e91382f-cc67-4c48-b6bb-37ad8c3df0fd@group-8FE6074BF678: shutdown
2019-11-15 01:00:51,332 [ForkJoinPool.commonPool-worker-0] INFO  util.JmxRegister (JmxRegister.java:unregister(73)) - Successfully un-registered JMX Bean with object name Ratis:service=RaftServer,group=group-8FE6074BF678,id=0e91382f-cc67-4c48-b6bb-37ad8c3df0fd
2019-11-15 01:00:51,332 [ForkJoinPool.commonPool-worker-0] INFO  impl.RoleInfo (RoleInfo.java:shutdownLeaderState(104)) - 0e91382f-cc67-4c48-b6bb-37ad8c3df0fd: shutdown LeaderState
2019-11-15 01:00:51,332 [ForkJoinPool.commonPool-worker-0] INFO  impl.PendingRequests (PendingRequests.java:sendNotLeaderResponses(206)) - 0e91382f-cc67-4c48-b6bb-37ad8c3df0fd@group-8FE6074BF678-PendingRequests: sendNotLeaderResponses
2019-11-15 01:00:51,333 [ForkJoinPool.commonPool-worker-0] INFO  impl.StateMachineUpdater (StateMachineUpdater.java:stopAndJoin(136)) - 0e91382f-cc67-4c48-b6bb-37ad8c3df0fd@group-8FE6074BF678-StateMachineUpdater: set stopIndex = 0
2019-11-15 01:00:51,333 [ForkJoinPool.commonPool-worker-0] INFO  impl.RaftServerImpl (ServerState.java:close(387)) - 0e91382f-cc67-4c48-b6bb-37ad8c3df0fd@group-8FE6074BF678: closes. applyIndex: 0
2019-11-15 01:00:51,333 [0e91382f-cc67-4c48-b6bb-37ad8c3df0fd@group-8FE6074BF678-SegmentedRaftLogWorker] INFO  segmented.SegmentedRaftLogWorker (SegmentedRaftLogWorker.java:run(316)) - 0e91382f-cc67-4c48-b6bb-37ad8c3df0fd@group-8FE6074BF678-SegmentedRaftLogWorker was interrupted, exiting. There are 0 tasks remaining in the queue.
2019-11-15 01:00:51,334 [ForkJoinPool.commonPool-worker-0] INFO  segmented.SegmentedRaftLogWorker (SegmentedRaftLogWorker.java:close(224)) - 0e91382f-cc67-4c48-b6bb-37ad8c3df0fd@group-8FE6074BF678-SegmentedRaftLogWorker close()
2019-11-15 01:00:51,334 [ForkJoinPool.commonPool-worker-0] INFO  impl.RaftServerImpl (RaftServerImpl.java:lambda$shutdown$3(250)) - 0e91382f-cc67-4c48-b6bb-37ad8c3df0fd@group-8C05B86E69BD: shutdown
2019-11-15 01:00:51,334 [ForkJoinPool.commonPool-worker-0] INFO  util.JmxRegister (JmxRegister.java:unregister(73)) - Successfully un-registered JMX Bean with object name Ratis:service=RaftServer,group=group-8C05B86E69BD,id=0e91382f-cc67-4c48-b6bb-37ad8c3df0fd
2019-11-15 01:00:51,334 [ForkJoinPool.commonPool-worker-0] INFO  impl.RoleInfo (RoleInfo.java:shutdownLeaderState(104)) - 0e91382f-cc67-4c48-b6bb-37ad8c3df0fd: shutdown LeaderState
2019-11-15 01:00:51,336 [org.apache.ratis.server.impl.LogAppender$AppenderDaemon$$Lambda$466/1042245461@58d4c0b3] WARN  server.GrpcLogAppender (GrpcLogAppender.java:mayWait(151)) - 0e91382f-cc67-4c48-b6bb-37ad8c3df0fd@group-8C05B86E69BD->10ab2f01-a163-4b0b-bdc9-1962e1c3543b-GrpcLogAppender: Wait interrupted by java.lang.InterruptedException
2019-11-15 01:00:51,337 [org.apache.ratis.server.impl.LogAppender$AppenderDaemon$$Lambda$466/1042245461@1dd655cd] WARN  server.GrpcLogAppender (GrpcLogAppender.java:mayWait(151)) - 0e91382f-cc67-4c48-b6bb-37ad8c3df0fd@group-8C05B86E69BD->212c8f8f-349a-4c94-b732-b4c0454eae1b-GrpcLogAppender: Wait interrupted by java.lang.InterruptedException
2019-11-15 01:00:51,337 [ForkJoinPool.commonPool-worker-0] INFO  impl.PendingRequests (PendingRequests.java:sendNotLeaderResponses(206)) - 0e91382f-cc67-4c48-b6bb-37ad8c3df0fd@group-8C05B86E69BD-PendingRequests: sendNotLeaderResponses
2019-11-15 01:00:51,337 [grpc-default-executor-5] INFO  server.GrpcServerProtocolService (GrpcServerProtocolService.java:onCompleted(113)) - 212c8f8f-349a-4c94-b732-b4c0454eae1b: Completed APPEND_ENTRIES, lastRequest: 0e91382f-cc67-4c48-b6bb-37ad8c3df0fd->212c8f8f-349a-4c94-b732-b4c0454eae1b#52-t1, previous=(t:1, i:0), leaderCommit=0, initializing? false, entries: <empty>
2019-11-15 01:00:51,337 [ForkJoinPool.commonPool-worker-0] INFO  impl.StateMachineUpdater (StateMachineUpdater.java:stopAndJoin(136)) - 0e91382f-cc67-4c48-b6bb-37ad8c3df0fd@group-8C05B86E69BD-StateMachineUpdater: set stopIndex = 0
2019-11-15 01:00:51,337 [grpc-default-executor-0] INFO  server.GrpcLogAppender (GrpcLogAppender.java:onCompleted(308)) - 0e91382f-cc67-4c48-b6bb-37ad8c3df0fd@group-8C05B86E69BD->212c8f8f-349a-4c94-b732-b4c0454eae1b-AppendLogResponseHandler: follower responses appendEntries COMPLETED
2019-11-15 01:00:51,337 [ForkJoinPool.commonPool-worker-0] INFO  impl.RaftServerImpl (ServerState.java:close(387)) - 0e91382f-cc67-4c48-b6bb-37ad8c3df0fd@group-8C05B86E69BD: closes. applyIndex: 0
2019-11-15 01:00:51,338 [grpc-default-executor-0] INFO  impl.FollowerInfo (FollowerInfo.java:lambda$new$0(51)) - 0e91382f-cc67-4c48-b6bb-37ad8c3df0fd@group-8C05B86E69BD->212c8f8f-349a-4c94-b732-b4c0454eae1b: nextIndex: updateUnconditionally 1 -> 0
2019-11-15 01:00:51,338 [0e91382f-cc67-4c48-b6bb-37ad8c3df0fd@group-8C05B86E69BD-SegmentedRaftLogWorker] INFO  segmented.SegmentedRaftLogWorker (SegmentedRaftLogWorker.java:run(316)) - 0e91382f-cc67-4c48-b6bb-37ad8c3df0fd@group-8C05B86E69BD-SegmentedRaftLogWorker was interrupted, exiting. There are 0 tasks remaining in the queue.
2019-11-15 01:00:51,338 [ForkJoinPool.commonPool-worker-0] INFO  segmented.SegmentedRaftLogWorker (SegmentedRaftLogWorker.java:close(224)) - 0e91382f-cc67-4c48-b6bb-37ad8c3df0fd@group-8C05B86E69BD-SegmentedRaftLogWorker close()
2019-11-15 01:00:51,338 [ForkJoinPool.commonPool-worker-0] INFO  server.GrpcService (GrpcService.java:closeImpl(164)) - 0e91382f-cc67-4c48-b6bb-37ad8c3df0fd: shutdown server with port 33069 now
2019-11-15 01:00:51,339 [ForkJoinPool.commonPool-worker-0] INFO  server.GrpcService (GrpcService.java:closeImpl(172)) - 0e91382f-cc67-4c48-b6bb-37ad8c3df0fd: shutdown server with port 33069 successfully
2019-11-15 01:00:51,340 [refreshUsed-/workdir/hadoop-ozone/integration-test/target/test-dir/MiniOzoneClusterImpl-9b1c7e50-938b-4652-9315-e435b3731240/datanode-0/data/containers] WARN  fs.CachingGetSpaceUsed (CachingGetSpaceUsed.java:run(183)) - Thread Interrupted waiting to refresh disk information: sleep interrupted
2019-11-15 01:00:51,351 [main] INFO  utils.BackgroundService (BackgroundService.java:shutdown(151)) - Shutting down service BlockDeletingService
2019-11-15 01:00:51,353 [main] INFO  statemachine.DatanodeStateMachine (DatanodeStateMachine.java:stopDaemon(400)) - Ozone container server stopped.
2019-11-15 01:00:51,354 [main] INFO  handler.ContextHandler (ContextHandler.java:doStop(910)) - Stopped o.e.j.w.WebAppContext@4e94669c{/,null,UNAVAILABLE}{/hddsDatanode}
2019-11-15 01:00:51,355 [main] INFO  server.AbstractConnector (AbstractConnector.java:doStop(318)) - Stopped ServerConnector@41bb1f09{HTTP/1.1,[http/1.1]}{0.0.0.0:0}
2019-11-15 01:00:51,356 [main] INFO  handler.ContextHandler (ContextHandler.java:doStop(910)) - Stopped o.e.j.s.ServletContextHandler@2bdb5e0f{/static,jar:file:/home/user/.m2/repository/org/apache/hadoop/hadoop-hdds-container-service/0.5.0-SNAPSHOT/hadoop-hdds-container-service-0.5.0-SNAPSHOT.jar!/webapps/static,UNAVAILABLE}
2019-11-15 01:00:51,356 [main] INFO  handler.ContextHandler (ContextHandler.java:doStop(910)) - Stopped o.e.j.s.ServletContextHandler@3a588b5f{/logs,file:///workdir/hadoop-ozone/integration-test/target/log,UNAVAILABLE}
2019-11-15 01:00:51,360 [ForkJoinPool.commonPool-worker-0] INFO  utils.BackgroundService (BackgroundService.java:shutdown(151)) - Shutting down service BlockDeletingService
2019-11-15 01:00:51,361 [ForkJoinPool.commonPool-worker-0] INFO  statemachine.DatanodeStateMachine (DatanodeStateMachine.java:stopDaemon(400)) - Ozone container server stopped.
2019-11-15 01:00:51,370 [ForkJoinPool.commonPool-worker-0] INFO  handler.ContextHandler (ContextHandler.java:doStop(910)) - Stopped o.e.j.w.WebAppContext@6a96d639{/,null,UNAVAILABLE}{/hddsDatanode}
2019-11-15 01:00:51,371 [ForkJoinPool.commonPool-worker-0] INFO  server.AbstractConnector (AbstractConnector.java:doStop(318)) - Stopped ServerConnector@28e94c2{HTTP/1.1,[http/1.1]}{0.0.0.0:0}
2019-11-15 01:00:51,372 [ForkJoinPool.commonPool-worker-0] INFO  handler.ContextHandler (ContextHandler.java:doStop(910)) - Stopped o.e.j.s.ServletContextHandler@5cce40d7{/static,jar:file:/home/user/.m2/repository/org/apache/hadoop/hadoop-hdds-container-service/0.5.0-SNAPSHOT/hadoop-hdds-container-service-0.5.0-SNAPSHOT.jar!/webapps/static,UNAVAILABLE}
2019-11-15 01:00:51,373 [ForkJoinPool.commonPool-worker-0] INFO  handler.ContextHandler (ContextHandler.java:doStop(910)) - Stopped o.e.j.s.ServletContextHandler@e01a26b{/logs,file:///workdir/hadoop-ozone/integration-test/target/log,UNAVAILABLE}
2019-11-15 01:00:51,902 [Datanode State Machine Thread - 0] INFO  statemachine.DatanodeStateMachine (DatanodeStateMachine.java:lambda$startDaemon$0(355)) - Ozone container server started.
2019-11-15 01:00:51,915 [Thread-4728] INFO  impl.FollowerState (FollowerState.java:run(111)) - 3290c45a-dc7d-4c95-a586-1c6e32afef30@group-E58C27D02539-FollowerState: change to CANDIDATE, lastRpcTime:1061ms, electionTimeout:1061ms
2019-11-15 01:00:51,916 [Thread-4728] INFO  impl.RoleInfo (RoleInfo.java:shutdownFollowerState(121)) - 3290c45a-dc7d-4c95-a586-1c6e32afef30: shutdown FollowerState
2019-11-15 01:00:51,916 [Thread-4728] INFO  impl.RaftServerImpl (RaftServerImpl.java:setRole(173)) - 3290c45a-dc7d-4c95-a586-1c6e32afef30@group-E58C27D02539: changes role from  FOLLOWER to CANDIDATE at term 5 for changeToCandidate
2019-11-15 01:00:51,916 [Thread-4728] INFO  impl.RoleInfo (RoleInfo.java:updateAndGet(143)) - 3290c45a-dc7d-4c95-a586-1c6e32afef30: start LeaderElection
2019-11-15 01:00:51,941 [3290c45a-dc7d-4c95-a586-1c6e32afef30@group-E58C27D02539-LeaderElection180] INFO  impl.LeaderElection (LeaderElection.java:askForVotes(178)) - 3290c45a-dc7d-4c95-a586-1c6e32afef30@group-E58C27D02539-LeaderElection180: begin an election at term 6 for 0: [d068838d-6499-4b84-94b8-55225fdfdb1a:192.168.164.208:41973, 3290c45a-dc7d-4c95-a586-1c6e32afef30:192.168.164.208:44306, c7f93789-5ee9-40a1-8afd-58386fa54dde:192.168.164.208:38346], old=null
2019-11-15 01:00:51,942 [3290c45a-dc7d-4c95-a586-1c6e32afef30@group-E58C27D02539-LeaderElection180] INFO  impl.LeaderElection (LogUtils.java:infoOrTrace(149)) - 3290c45a-dc7d-4c95-a586-1c6e32afef30@group-E58C27D02539-LeaderElection180 got exception when requesting votes: {}
java.util.concurrent.ExecutionException: org.apache.ratis.thirdparty.io.grpc.StatusRuntimeException: UNAVAILABLE: io exception
	at java.util.concurrent.FutureTask.report(FutureTask.java:122)
	at java.util.concurrent.FutureTask.get(FutureTask.java:192)
	at org.apache.ratis.server.impl.LeaderElection.waitForResults(LeaderElection.java:259)
	at org.apache.ratis.server.impl.LeaderElection.askForVotes(LeaderElection.java:197)
	at org.apache.ratis.server.impl.LeaderElection.run(LeaderElection.java:133)
	at java.lang.Thread.run(Thread.java:748)
Caused by: org.apache.ratis.thirdparty.io.grpc.StatusRuntimeException: UNAVAILABLE: io exception
	at org.apache.ratis.thirdparty.io.grpc.stub.ClientCalls.toStatusRuntimeException(ClientCalls.java:233)
	at org.apache.ratis.thirdparty.io.grpc.stub.ClientCalls.getUnchecked(ClientCalls.java:214)
	at org.apache.ratis.thirdparty.io.grpc.stub.ClientCalls.blockingUnaryCall(ClientCalls.java:139)
	at org.apache.ratis.proto.grpc.RaftServerProtocolServiceGrpc$RaftServerProtocolServiceBlockingStub.requestVote(RaftServerProtocolServiceGrpc.java:265)
	at org.apache.ratis.grpc.server.GrpcServerProtocolClient.requestVote(GrpcServerProtocolClient.java:99)
	at org.apache.ratis.grpc.server.GrpcService.requestVote(GrpcService.java:204)
	at org.apache.ratis.server.impl.LeaderElection.lambda$submitRequests$1(LeaderElection.java:234)
	at java.util.concurrent.FutureTask.run(FutureTask.java:266)
	at java.util.concurrent.Executors$RunnableAdapter.call(Executors.java:511)
	at java.util.concurrent.FutureTask.run(FutureTask.java:266)
	at java.util.concurrent.ThreadPoolExecutor.runWorker(ThreadPoolExecutor.java:1149)
	at java.util.concurrent.ThreadPoolExecutor$Worker.run(ThreadPoolExecutor.java:624)
	... 1 more
Caused by: org.apache.ratis.thirdparty.io.netty.channel.AbstractChannel$AnnotatedConnectException: Connection refused: /192.168.164.208:41973
	at sun.nio.ch.SocketChannelImpl.checkConnect(Native Method)
	at sun.nio.ch.SocketChannelImpl.finishConnect(SocketChannelImpl.java:717)
	at org.apache.ratis.thirdparty.io.netty.channel.socket.nio.NioSocketChannel.doFinishConnect(NioSocketChannel.java:327)
	at org.apache.ratis.thirdparty.io.netty.channel.nio.AbstractNioChannel$AbstractNioUnsafe.finishConnect(AbstractNioChannel.java:340)
	at org.apache.ratis.thirdparty.io.netty.channel.nio.NioEventLoop.processSelectedKey(NioEventLoop.java:632)
	at org.apache.ratis.thirdparty.io.netty.channel.nio.NioEventLoop.processSelectedKeysOptimized(NioEventLoop.java:579)
	at org.apache.ratis.thirdparty.io.netty.channel.nio.NioEventLoop.processSelectedKeys(NioEventLoop.java:496)
	at org.apache.ratis.thirdparty.io.netty.channel.nio.NioEventLoop.run(NioEventLoop.java:458)
	at org.apache.ratis.thirdparty.io.netty.util.concurrent.SingleThreadEventExecutor$5.run(SingleThreadEventExecutor.java:897)
	at org.apache.ratis.thirdparty.io.netty.util.concurrent.FastThreadLocalRunnable.run(FastThreadLocalRunnable.java:30)
	... 1 more
Caused by: java.net.ConnectException: Connection refused
	... 11 more
2019-11-15 01:00:51,942 [3290c45a-dc7d-4c95-a586-1c6e32afef30@group-E58C27D02539-LeaderElection180] INFO  impl.LeaderElection (LogUtils.java:infoOrTrace(149)) - 3290c45a-dc7d-4c95-a586-1c6e32afef30@group-E58C27D02539-LeaderElection180 got exception when requesting votes: {}
java.util.concurrent.ExecutionException: org.apache.ratis.thirdparty.io.grpc.StatusRuntimeException: UNAVAILABLE: io exception
	at java.util.concurrent.FutureTask.report(FutureTask.java:122)
	at java.util.concurrent.FutureTask.get(FutureTask.java:192)
	at org.apache.ratis.server.impl.LeaderElection.waitForResults(LeaderElection.java:259)
	at org.apache.ratis.server.impl.LeaderElection.askForVotes(LeaderElection.java:197)
	at org.apache.ratis.server.impl.LeaderElection.run(LeaderElection.java:133)
	at java.lang.Thread.run(Thread.java:748)
Caused by: org.apache.ratis.thirdparty.io.grpc.StatusRuntimeException: UNAVAILABLE: io exception
	at org.apache.ratis.thirdparty.io.grpc.stub.ClientCalls.toStatusRuntimeException(ClientCalls.java:233)
	at org.apache.ratis.thirdparty.io.grpc.stub.ClientCalls.getUnchecked(ClientCalls.java:214)
	at org.apache.ratis.thirdparty.io.grpc.stub.ClientCalls.blockingUnaryCall(ClientCalls.java:139)
	at org.apache.ratis.proto.grpc.RaftServerProtocolServiceGrpc$RaftServerProtocolServiceBlockingStub.requestVote(RaftServerProtocolServiceGrpc.java:265)
	at org.apache.ratis.grpc.server.GrpcServerProtocolClient.requestVote(GrpcServerProtocolClient.java:99)
	at org.apache.ratis.grpc.server.GrpcService.requestVote(GrpcService.java:204)
	at org.apache.ratis.server.impl.LeaderElection.lambda$submitRequests$1(LeaderElection.java:234)
	at java.util.concurrent.FutureTask.run(FutureTask.java:266)
	at java.util.concurrent.Executors$RunnableAdapter.call(Executors.java:511)
	at java.util.concurrent.FutureTask.run(FutureTask.java:266)
	at java.util.concurrent.ThreadPoolExecutor.runWorker(ThreadPoolExecutor.java:1149)
	at java.util.concurrent.ThreadPoolExecutor$Worker.run(ThreadPoolExecutor.java:624)
	... 1 more
Caused by: org.apache.ratis.thirdparty.io.netty.channel.AbstractChannel$AnnotatedConnectException: Connection refused: /192.168.164.208:38346
	at sun.nio.ch.SocketChannelImpl.checkConnect(Native Method)
	at sun.nio.ch.SocketChannelImpl.finishConnect(SocketChannelImpl.java:717)
	at org.apache.ratis.thirdparty.io.netty.channel.socket.nio.NioSocketChannel.doFinishConnect(NioSocketChannel.java:327)
	at org.apache.ratis.thirdparty.io.netty.channel.nio.AbstractNioChannel$AbstractNioUnsafe.finishConnect(AbstractNioChannel.java:340)
	at org.apache.ratis.thirdparty.io.netty.channel.nio.NioEventLoop.processSelectedKey(NioEventLoop.java:632)
	at org.apache.ratis.thirdparty.io.netty.channel.nio.NioEventLoop.processSelectedKeysOptimized(NioEventLoop.java:579)
	at org.apache.ratis.thirdparty.io.netty.channel.nio.NioEventLoop.processSelectedKeys(NioEventLoop.java:496)
	at org.apache.ratis.thirdparty.io.netty.channel.nio.NioEventLoop.run(NioEventLoop.java:458)
	at org.apache.ratis.thirdparty.io.netty.util.concurrent.SingleThreadEventExecutor$5.run(SingleThreadEventExecutor.java:897)
	at org.apache.ratis.thirdparty.io.netty.util.concurrent.FastThreadLocalRunnable.run(FastThreadLocalRunnable.java:30)
	... 1 more
Caused by: java.net.ConnectException: Connection refused
	... 11 more
2019-11-15 01:00:51,942 [3290c45a-dc7d-4c95-a586-1c6e32afef30@group-E58C27D02539-LeaderElection180] INFO  impl.LeaderElection (LeaderElection.java:logAndReturn(56)) - 3290c45a-dc7d-4c95-a586-1c6e32afef30@group-E58C27D02539-LeaderElection180: Election REJECTED; received 0 response(s) [] and 2 exception(s); 3290c45a-dc7d-4c95-a586-1c6e32afef30@group-E58C27D02539:t6, leader=null, voted=3290c45a-dc7d-4c95-a586-1c6e32afef30, raftlog=3290c45a-dc7d-4c95-a586-1c6e32afef30@group-E58C27D02539-SegmentedRaftLog:OPENED:c7,f7,i7, conf=0: [d068838d-6499-4b84-94b8-55225fdfdb1a:192.168.164.208:41973, 3290c45a-dc7d-4c95-a586-1c6e32afef30:192.168.164.208:44306, c7f93789-5ee9-40a1-8afd-58386fa54dde:192.168.164.208:38346], old=null
2019-11-15 01:00:51,942 [3290c45a-dc7d-4c95-a586-1c6e32afef30@group-E58C27D02539-LeaderElection180] INFO  impl.LeaderElection (LogUtils.java:infoOrTrace(149)) -   Exception 0: {}
java.util.concurrent.ExecutionException: org.apache.ratis.thirdparty.io.grpc.StatusRuntimeException: UNAVAILABLE: io exception
	at java.util.concurrent.FutureTask.report(FutureTask.java:122)
	at java.util.concurrent.FutureTask.get(FutureTask.java:192)
	at org.apache.ratis.server.impl.LeaderElection.waitForResults(LeaderElection.java:259)
	at org.apache.ratis.server.impl.LeaderElection.askForVotes(LeaderElection.java:197)
	at org.apache.ratis.server.impl.LeaderElection.run(LeaderElection.java:133)
	at java.lang.Thread.run(Thread.java:748)
Caused by: org.apache.ratis.thirdparty.io.grpc.StatusRuntimeException: UNAVAILABLE: io exception
	at org.apache.ratis.thirdparty.io.grpc.stub.ClientCalls.toStatusRuntimeException(ClientCalls.java:233)
	at org.apache.ratis.thirdparty.io.grpc.stub.ClientCalls.getUnchecked(ClientCalls.java:214)
	at org.apache.ratis.thirdparty.io.grpc.stub.ClientCalls.blockingUnaryCall(ClientCalls.java:139)
	at org.apache.ratis.proto.grpc.RaftServerProtocolServiceGrpc$RaftServerProtocolServiceBlockingStub.requestVote(RaftServerProtocolServiceGrpc.java:265)
	at org.apache.ratis.grpc.server.GrpcServerProtocolClient.requestVote(GrpcServerProtocolClient.java:99)
	at org.apache.ratis.grpc.server.GrpcService.requestVote(GrpcService.java:204)
	at org.apache.ratis.server.impl.LeaderElection.lambda$submitRequests$1(LeaderElection.java:234)
	at java.util.concurrent.FutureTask.run(FutureTask.java:266)
	at java.util.concurrent.Executors$RunnableAdapter.call(Executors.java:511)
	at java.util.concurrent.FutureTask.run(FutureTask.java:266)
	at java.util.concurrent.ThreadPoolExecutor.runWorker(ThreadPoolExecutor.java:1149)
	at java.util.concurrent.ThreadPoolExecutor$Worker.run(ThreadPoolExecutor.java:624)
	... 1 more
Caused by: org.apache.ratis.thirdparty.io.netty.channel.AbstractChannel$AnnotatedConnectException: Connection refused: /192.168.164.208:41973
	at sun.nio.ch.SocketChannelImpl.checkConnect(Native Method)
	at sun.nio.ch.SocketChannelImpl.finishConnect(SocketChannelImpl.java:717)
	at org.apache.ratis.thirdparty.io.netty.channel.socket.nio.NioSocketChannel.doFinishConnect(NioSocketChannel.java:327)
	at org.apache.ratis.thirdparty.io.netty.channel.nio.AbstractNioChannel$AbstractNioUnsafe.finishConnect(AbstractNioChannel.java:340)
	at org.apache.ratis.thirdparty.io.netty.channel.nio.NioEventLoop.processSelectedKey(NioEventLoop.java:632)
	at org.apache.ratis.thirdparty.io.netty.channel.nio.NioEventLoop.processSelectedKeysOptimized(NioEventLoop.java:579)
	at org.apache.ratis.thirdparty.io.netty.channel.nio.NioEventLoop.processSelectedKeys(NioEventLoop.java:496)
	at org.apache.ratis.thirdparty.io.netty.channel.nio.NioEventLoop.run(NioEventLoop.java:458)
	at org.apache.ratis.thirdparty.io.netty.util.concurrent.SingleThreadEventExecutor$5.run(SingleThreadEventExecutor.java:897)
	at org.apache.ratis.thirdparty.io.netty.util.concurrent.FastThreadLocalRunnable.run(FastThreadLocalRunnable.java:30)
	... 1 more
Caused by: java.net.ConnectException: Connection refused
	... 11 more
2019-11-15 01:00:51,942 [3290c45a-dc7d-4c95-a586-1c6e32afef30@group-E58C27D02539-LeaderElection180] INFO  impl.LeaderElection (LogUtils.java:infoOrTrace(149)) -   Exception 1: {}
java.util.concurrent.ExecutionException: org.apache.ratis.thirdparty.io.grpc.StatusRuntimeException: UNAVAILABLE: io exception
	at java.util.concurrent.FutureTask.report(FutureTask.java:122)
	at java.util.concurrent.FutureTask.get(FutureTask.java:192)
	at org.apache.ratis.server.impl.LeaderElection.waitForResults(LeaderElection.java:259)
	at org.apache.ratis.server.impl.LeaderElection.askForVotes(LeaderElection.java:197)
	at org.apache.ratis.server.impl.LeaderElection.run(LeaderElection.java:133)
	at java.lang.Thread.run(Thread.java:748)
Caused by: org.apache.ratis.thirdparty.io.grpc.StatusRuntimeException: UNAVAILABLE: io exception
	at org.apache.ratis.thirdparty.io.grpc.stub.ClientCalls.toStatusRuntimeException(ClientCalls.java:233)
	at org.apache.ratis.thirdparty.io.grpc.stub.ClientCalls.getUnchecked(ClientCalls.java:214)
	at org.apache.ratis.thirdparty.io.grpc.stub.ClientCalls.blockingUnaryCall(ClientCalls.java:139)
	at org.apache.ratis.proto.grpc.RaftServerProtocolServiceGrpc$RaftServerProtocolServiceBlockingStub.requestVote(RaftServerProtocolServiceGrpc.java:265)
	at org.apache.ratis.grpc.server.GrpcServerProtocolClient.requestVote(GrpcServerProtocolClient.java:99)
	at org.apache.ratis.grpc.server.GrpcService.requestVote(GrpcService.java:204)
	at org.apache.ratis.server.impl.LeaderElection.lambda$submitRequests$1(LeaderElection.java:234)
	at java.util.concurrent.FutureTask.run(FutureTask.java:266)
	at java.util.concurrent.Executors$RunnableAdapter.call(Executors.java:511)
	at java.util.concurrent.FutureTask.run(FutureTask.java:266)
	at java.util.concurrent.ThreadPoolExecutor.runWorker(ThreadPoolExecutor.java:1149)
	at java.util.concurrent.ThreadPoolExecutor$Worker.run(ThreadPoolExecutor.java:624)
	... 1 more
Caused by: org.apache.ratis.thirdparty.io.netty.channel.AbstractChannel$AnnotatedConnectException: Connection refused: /192.168.164.208:38346
	at sun.nio.ch.SocketChannelImpl.checkConnect(Native Method)
	at sun.nio.ch.SocketChannelImpl.finishConnect(SocketChannelImpl.java:717)
	at org.apache.ratis.thirdparty.io.netty.channel.socket.nio.NioSocketChannel.doFinishConnect(NioSocketChannel.java:327)
	at org.apache.ratis.thirdparty.io.netty.channel.nio.AbstractNioChannel$AbstractNioUnsafe.finishConnect(AbstractNioChannel.java:340)
	at org.apache.ratis.thirdparty.io.netty.channel.nio.NioEventLoop.processSelectedKey(NioEventLoop.java:632)
	at org.apache.ratis.thirdparty.io.netty.channel.nio.NioEventLoop.processSelectedKeysOptimized(NioEventLoop.java:579)
	at org.apache.ratis.thirdparty.io.netty.channel.nio.NioEventLoop.processSelectedKeys(NioEventLoop.java:496)
	at org.apache.ratis.thirdparty.io.netty.channel.nio.NioEventLoop.run(NioEventLoop.java:458)
	at org.apache.ratis.thirdparty.io.netty.util.concurrent.SingleThreadEventExecutor$5.run(SingleThreadEventExecutor.java:897)
	at org.apache.ratis.thirdparty.io.netty.util.concurrent.FastThreadLocalRunnable.run(FastThreadLocalRunnable.java:30)
	... 1 more
Caused by: java.net.ConnectException: Connection refused
	... 11 more
2019-11-15 01:00:51,943 [3290c45a-dc7d-4c95-a586-1c6e32afef30@group-E58C27D02539-LeaderElection180] INFO  impl.RaftServerImpl (RaftServerImpl.java:setRole(173)) - 3290c45a-dc7d-4c95-a586-1c6e32afef30@group-E58C27D02539: changes role from CANDIDATE to FOLLOWER at term 6 for DISCOVERED_A_NEW_TERM
2019-11-15 01:00:51,943 [3290c45a-dc7d-4c95-a586-1c6e32afef30@group-E58C27D02539-LeaderElection180] INFO  impl.RoleInfo (RoleInfo.java:shutdownLeaderElection(134)) - 3290c45a-dc7d-4c95-a586-1c6e32afef30: shutdown LeaderElection
2019-11-15 01:00:51,943 [3290c45a-dc7d-4c95-a586-1c6e32afef30@group-E58C27D02539-LeaderElection180] INFO  impl.RoleInfo (RoleInfo.java:updateAndGet(143)) - 3290c45a-dc7d-4c95-a586-1c6e32afef30: start FollowerState
2019-11-15 01:00:51,965 [Datanode State Machine Thread - 0] INFO  statemachine.DatanodeStateMachine (DatanodeStateMachine.java:lambda$startDaemon$0(355)) - Ozone container server started.
2019-11-15 01:00:52,838 [Thread-4444] INFO  impl.FollowerState (FollowerState.java:run(111)) - 212c8f8f-349a-4c94-b732-b4c0454eae1b@group-8C05B86E69BD-FollowerState: change to CANDIDATE, lastRpcTime:1618ms, electionTimeout:1136ms
2019-11-15 01:00:52,838 [Thread-4444] INFO  impl.RoleInfo (RoleInfo.java:shutdownFollowerState(121)) - 212c8f8f-349a-4c94-b732-b4c0454eae1b: shutdown FollowerState
2019-11-15 01:00:52,839 [Thread-4444] INFO  impl.RaftServerImpl (RaftServerImpl.java:setRole(173)) - 212c8f8f-349a-4c94-b732-b4c0454eae1b@group-8C05B86E69BD: changes role from  FOLLOWER to CANDIDATE at term 1 for changeToCandidate
2019-11-15 01:00:52,839 [Thread-4444] INFO  impl.RoleInfo (RoleInfo.java:updateAndGet(143)) - 212c8f8f-349a-4c94-b732-b4c0454eae1b: start LeaderElection
2019-11-15 01:00:52,839 [212c8f8f-349a-4c94-b732-b4c0454eae1b@group-8C05B86E69BD-LeaderElection181] INFO  impl.RaftServerImpl (ServerState.java:setLeader(255)) - 212c8f8f-349a-4c94-b732-b4c0454eae1b@group-8C05B86E69BD: change Leader from 0e91382f-cc67-4c48-b6bb-37ad8c3df0fd to null at term 1 for initElection
2019-11-15 01:00:52,861 [212c8f8f-349a-4c94-b732-b4c0454eae1b@group-8C05B86E69BD-LeaderElection181] INFO  impl.LeaderElection (LeaderElection.java:askForVotes(178)) - 212c8f8f-349a-4c94-b732-b4c0454eae1b@group-8C05B86E69BD-LeaderElection181: begin an election at term 2 for 0: [0e91382f-cc67-4c48-b6bb-37ad8c3df0fd:192.168.164.208:33069, 10ab2f01-a163-4b0b-bdc9-1962e1c3543b:192.168.164.208:38174, 212c8f8f-349a-4c94-b732-b4c0454eae1b:192.168.164.208:37073], old=null
2019-11-15 01:00:52,863 [212c8f8f-349a-4c94-b732-b4c0454eae1b@group-8C05B86E69BD-LeaderElection181] INFO  impl.LeaderElection (LogUtils.java:infoOrTrace(149)) - 212c8f8f-349a-4c94-b732-b4c0454eae1b@group-8C05B86E69BD-LeaderElection181 got exception when requesting votes: {}
java.util.concurrent.ExecutionException: org.apache.ratis.thirdparty.io.grpc.StatusRuntimeException: UNAVAILABLE: io exception
	at java.util.concurrent.FutureTask.report(FutureTask.java:122)
	at java.util.concurrent.FutureTask.get(FutureTask.java:192)
	at org.apache.ratis.server.impl.LeaderElection.waitForResults(LeaderElection.java:259)
	at org.apache.ratis.server.impl.LeaderElection.askForVotes(LeaderElection.java:197)
	at org.apache.ratis.server.impl.LeaderElection.run(LeaderElection.java:133)
	at java.lang.Thread.run(Thread.java:748)
Caused by: org.apache.ratis.thirdparty.io.grpc.StatusRuntimeException: UNAVAILABLE: io exception
	at org.apache.ratis.thirdparty.io.grpc.stub.ClientCalls.toStatusRuntimeException(ClientCalls.java:233)
	at org.apache.ratis.thirdparty.io.grpc.stub.ClientCalls.getUnchecked(ClientCalls.java:214)
	at org.apache.ratis.thirdparty.io.grpc.stub.ClientCalls.blockingUnaryCall(ClientCalls.java:139)
	at org.apache.ratis.proto.grpc.RaftServerProtocolServiceGrpc$RaftServerProtocolServiceBlockingStub.requestVote(RaftServerProtocolServiceGrpc.java:265)
	at org.apache.ratis.grpc.server.GrpcServerProtocolClient.requestVote(GrpcServerProtocolClient.java:99)
	at org.apache.ratis.grpc.server.GrpcService.requestVote(GrpcService.java:204)
	at org.apache.ratis.server.impl.LeaderElection.lambda$submitRequests$1(LeaderElection.java:234)
	at java.util.concurrent.FutureTask.run(FutureTask.java:266)
	at java.util.concurrent.Executors$RunnableAdapter.call(Executors.java:511)
	at java.util.concurrent.FutureTask.run(FutureTask.java:266)
	at java.util.concurrent.ThreadPoolExecutor.runWorker(ThreadPoolExecutor.java:1149)
	at java.util.concurrent.ThreadPoolExecutor$Worker.run(ThreadPoolExecutor.java:624)
	... 1 more
Caused by: org.apache.ratis.thirdparty.io.netty.channel.AbstractChannel$AnnotatedConnectException: Connection refused: /192.168.164.208:33069
	at sun.nio.ch.SocketChannelImpl.checkConnect(Native Method)
	at sun.nio.ch.SocketChannelImpl.finishConnect(SocketChannelImpl.java:717)
	at org.apache.ratis.thirdparty.io.netty.channel.socket.nio.NioSocketChannel.doFinishConnect(NioSocketChannel.java:327)
	at org.apache.ratis.thirdparty.io.netty.channel.nio.AbstractNioChannel$AbstractNioUnsafe.finishConnect(AbstractNioChannel.java:340)
	at org.apache.ratis.thirdparty.io.netty.channel.nio.NioEventLoop.processSelectedKey(NioEventLoop.java:632)
	at org.apache.ratis.thirdparty.io.netty.channel.nio.NioEventLoop.processSelectedKeysOptimized(NioEventLoop.java:579)
	at org.apache.ratis.thirdparty.io.netty.channel.nio.NioEventLoop.processSelectedKeys(NioEventLoop.java:496)
	at org.apache.ratis.thirdparty.io.netty.channel.nio.NioEventLoop.run(NioEventLoop.java:458)
	at org.apache.ratis.thirdparty.io.netty.util.concurrent.SingleThreadEventExecutor$5.run(SingleThreadEventExecutor.java:897)
	at org.apache.ratis.thirdparty.io.netty.util.concurrent.FastThreadLocalRunnable.run(FastThreadLocalRunnable.java:30)
	... 1 more
Caused by: java.net.ConnectException: Connection refused
	... 11 more
2019-11-15 01:00:52,864 [212c8f8f-349a-4c94-b732-b4c0454eae1b@group-8C05B86E69BD-LeaderElection181] INFO  impl.LeaderElection (LogUtils.java:infoOrTrace(149)) - 212c8f8f-349a-4c94-b732-b4c0454eae1b@group-8C05B86E69BD-LeaderElection181 got exception when requesting votes: {}
java.util.concurrent.ExecutionException: org.apache.ratis.thirdparty.io.grpc.StatusRuntimeException: UNAVAILABLE: io exception
	at java.util.concurrent.FutureTask.report(FutureTask.java:122)
	at java.util.concurrent.FutureTask.get(FutureTask.java:192)
	at org.apache.ratis.server.impl.LeaderElection.waitForResults(LeaderElection.java:259)
	at org.apache.ratis.server.impl.LeaderElection.askForVotes(LeaderElection.java:197)
	at org.apache.ratis.server.impl.LeaderElection.run(LeaderElection.java:133)
	at java.lang.Thread.run(Thread.java:748)
Caused by: org.apache.ratis.thirdparty.io.grpc.StatusRuntimeException: UNAVAILABLE: io exception
	at org.apache.ratis.thirdparty.io.grpc.stub.ClientCalls.toStatusRuntimeException(ClientCalls.java:233)
	at org.apache.ratis.thirdparty.io.grpc.stub.ClientCalls.getUnchecked(ClientCalls.java:214)
	at org.apache.ratis.thirdparty.io.grpc.stub.ClientCalls.blockingUnaryCall(ClientCalls.java:139)
	at org.apache.ratis.proto.grpc.RaftServerProtocolServiceGrpc$RaftServerProtocolServiceBlockingStub.requestVote(RaftServerProtocolServiceGrpc.java:265)
	at org.apache.ratis.grpc.server.GrpcServerProtocolClient.requestVote(GrpcServerProtocolClient.java:99)
	at org.apache.ratis.grpc.server.GrpcService.requestVote(GrpcService.java:204)
	at org.apache.ratis.server.impl.LeaderElection.lambda$submitRequests$1(LeaderElection.java:234)
	at java.util.concurrent.FutureTask.run(FutureTask.java:266)
	at java.util.concurrent.Executors$RunnableAdapter.call(Executors.java:511)
	at java.util.concurrent.FutureTask.run(FutureTask.java:266)
	at java.util.concurrent.ThreadPoolExecutor.runWorker(ThreadPoolExecutor.java:1149)
	at java.util.concurrent.ThreadPoolExecutor$Worker.run(ThreadPoolExecutor.java:624)
	... 1 more
Caused by: org.apache.ratis.thirdparty.io.netty.channel.AbstractChannel$AnnotatedConnectException: Connection refused: /192.168.164.208:38174
	at sun.nio.ch.SocketChannelImpl.checkConnect(Native Method)
	at sun.nio.ch.SocketChannelImpl.finishConnect(SocketChannelImpl.java:717)
	at org.apache.ratis.thirdparty.io.netty.channel.socket.nio.NioSocketChannel.doFinishConnect(NioSocketChannel.java:327)
	at org.apache.ratis.thirdparty.io.netty.channel.nio.AbstractNioChannel$AbstractNioUnsafe.finishConnect(AbstractNioChannel.java:340)
	at org.apache.ratis.thirdparty.io.netty.channel.nio.NioEventLoop.processSelectedKey(NioEventLoop.java:632)
	at org.apache.ratis.thirdparty.io.netty.channel.nio.NioEventLoop.processSelectedKeysOptimized(NioEventLoop.java:579)
	at org.apache.ratis.thirdparty.io.netty.channel.nio.NioEventLoop.processSelectedKeys(NioEventLoop.java:496)
	at org.apache.ratis.thirdparty.io.netty.channel.nio.NioEventLoop.run(NioEventLoop.java:458)
	at org.apache.ratis.thirdparty.io.netty.util.concurrent.SingleThreadEventExecutor$5.run(SingleThreadEventExecutor.java:897)
	at org.apache.ratis.thirdparty.io.netty.util.concurrent.FastThreadLocalRunnable.run(FastThreadLocalRunnable.java:30)
	... 1 more
Caused by: java.net.ConnectException: Connection refused
	... 11 more
2019-11-15 01:00:52,864 [212c8f8f-349a-4c94-b732-b4c0454eae1b@group-8C05B86E69BD-LeaderElection181] INFO  impl.LeaderElection (LeaderElection.java:logAndReturn(56)) - 212c8f8f-349a-4c94-b732-b4c0454eae1b@group-8C05B86E69BD-LeaderElection181: Election REJECTED; received 0 response(s) [] and 2 exception(s); 212c8f8f-349a-4c94-b732-b4c0454eae1b@group-8C05B86E69BD:t2, leader=null, voted=212c8f8f-349a-4c94-b732-b4c0454eae1b, raftlog=212c8f8f-349a-4c94-b732-b4c0454eae1b@group-8C05B86E69BD-SegmentedRaftLog:OPENED:c0,f0,i0, conf=0: [0e91382f-cc67-4c48-b6bb-37ad8c3df0fd:192.168.164.208:33069, 10ab2f01-a163-4b0b-bdc9-1962e1c3543b:192.168.164.208:38174, 212c8f8f-349a-4c94-b732-b4c0454eae1b:192.168.164.208:37073], old=null
2019-11-15 01:00:52,864 [212c8f8f-349a-4c94-b732-b4c0454eae1b@group-8C05B86E69BD-LeaderElection181] INFO  impl.LeaderElection (LogUtils.java:infoOrTrace(149)) -   Exception 0: {}
java.util.concurrent.ExecutionException: org.apache.ratis.thirdparty.io.grpc.StatusRuntimeException: UNAVAILABLE: io exception
	at java.util.concurrent.FutureTask.report(FutureTask.java:122)
	at java.util.concurrent.FutureTask.get(FutureTask.java:192)
	at org.apache.ratis.server.impl.LeaderElection.waitForResults(LeaderElection.java:259)
	at org.apache.ratis.server.impl.LeaderElection.askForVotes(LeaderElection.java:197)
	at org.apache.ratis.server.impl.LeaderElection.run(LeaderElection.java:133)
	at java.lang.Thread.run(Thread.java:748)
Caused by: org.apache.ratis.thirdparty.io.grpc.StatusRuntimeException: UNAVAILABLE: io exception
	at org.apache.ratis.thirdparty.io.grpc.stub.ClientCalls.toStatusRuntimeException(ClientCalls.java:233)
	at org.apache.ratis.thirdparty.io.grpc.stub.ClientCalls.getUnchecked(ClientCalls.java:214)
	at org.apache.ratis.thirdparty.io.grpc.stub.ClientCalls.blockingUnaryCall(ClientCalls.java:139)
	at org.apache.ratis.proto.grpc.RaftServerProtocolServiceGrpc$RaftServerProtocolServiceBlockingStub.requestVote(RaftServerProtocolServiceGrpc.java:265)
	at org.apache.ratis.grpc.server.GrpcServerProtocolClient.requestVote(GrpcServerProtocolClient.java:99)
	at org.apache.ratis.grpc.server.GrpcService.requestVote(GrpcService.java:204)
	at org.apache.ratis.server.impl.LeaderElection.lambda$submitRequests$1(LeaderElection.java:234)
	at java.util.concurrent.FutureTask.run(FutureTask.java:266)
	at java.util.concurrent.Executors$RunnableAdapter.call(Executors.java:511)
	at java.util.concurrent.FutureTask.run(FutureTask.java:266)
	at java.util.concurrent.ThreadPoolExecutor.runWorker(ThreadPoolExecutor.java:1149)
	at java.util.concurrent.ThreadPoolExecutor$Worker.run(ThreadPoolExecutor.java:624)
	... 1 more
Caused by: org.apache.ratis.thirdparty.io.netty.channel.AbstractChannel$AnnotatedConnectException: Connection refused: /192.168.164.208:33069
	at sun.nio.ch.SocketChannelImpl.checkConnect(Native Method)
	at sun.nio.ch.SocketChannelImpl.finishConnect(SocketChannelImpl.java:717)
	at org.apache.ratis.thirdparty.io.netty.channel.socket.nio.NioSocketChannel.doFinishConnect(NioSocketChannel.java:327)
	at org.apache.ratis.thirdparty.io.netty.channel.nio.AbstractNioChannel$AbstractNioUnsafe.finishConnect(AbstractNioChannel.java:340)
	at org.apache.ratis.thirdparty.io.netty.channel.nio.NioEventLoop.processSelectedKey(NioEventLoop.java:632)
	at org.apache.ratis.thirdparty.io.netty.channel.nio.NioEventLoop.processSelectedKeysOptimized(NioEventLoop.java:579)
	at org.apache.ratis.thirdparty.io.netty.channel.nio.NioEventLoop.processSelectedKeys(NioEventLoop.java:496)
	at org.apache.ratis.thirdparty.io.netty.channel.nio.NioEventLoop.run(NioEventLoop.java:458)
	at org.apache.ratis.thirdparty.io.netty.util.concurrent.SingleThreadEventExecutor$5.run(SingleThreadEventExecutor.java:897)
	at org.apache.ratis.thirdparty.io.netty.util.concurrent.FastThreadLocalRunnable.run(FastThreadLocalRunnable.java:30)
	... 1 more
Caused by: java.net.ConnectException: Connection refused
	... 11 more
2019-11-15 01:00:52,865 [212c8f8f-349a-4c94-b732-b4c0454eae1b@group-8C05B86E69BD-LeaderElection181] INFO  impl.LeaderElection (LogUtils.java:infoOrTrace(149)) -   Exception 1: {}
java.util.concurrent.ExecutionException: org.apache.ratis.thirdparty.io.grpc.StatusRuntimeException: UNAVAILABLE: io exception
	at java.util.concurrent.FutureTask.report(FutureTask.java:122)
	at java.util.concurrent.FutureTask.get(FutureTask.java:192)
	at org.apache.ratis.server.impl.LeaderElection.waitForResults(LeaderElection.java:259)
	at org.apache.ratis.server.impl.LeaderElection.askForVotes(LeaderElection.java:197)
	at org.apache.ratis.server.impl.LeaderElection.run(LeaderElection.java:133)
	at java.lang.Thread.run(Thread.java:748)
Caused by: org.apache.ratis.thirdparty.io.grpc.StatusRuntimeException: UNAVAILABLE: io exception
	at org.apache.ratis.thirdparty.io.grpc.stub.ClientCalls.toStatusRuntimeException(ClientCalls.java:233)
	at org.apache.ratis.thirdparty.io.grpc.stub.ClientCalls.getUnchecked(ClientCalls.java:214)
	at org.apache.ratis.thirdparty.io.grpc.stub.ClientCalls.blockingUnaryCall(ClientCalls.java:139)
	at org.apache.ratis.proto.grpc.RaftServerProtocolServiceGrpc$RaftServerProtocolServiceBlockingStub.requestVote(RaftServerProtocolServiceGrpc.java:265)
	at org.apache.ratis.grpc.server.GrpcServerProtocolClient.requestVote(GrpcServerProtocolClient.java:99)
	at org.apache.ratis.grpc.server.GrpcService.requestVote(GrpcService.java:204)
	at org.apache.ratis.server.impl.LeaderElection.lambda$submitRequests$1(LeaderElection.java:234)
	at java.util.concurrent.FutureTask.run(FutureTask.java:266)
	at java.util.concurrent.Executors$RunnableAdapter.call(Executors.java:511)
	at java.util.concurrent.FutureTask.run(FutureTask.java:266)
	at java.util.concurrent.ThreadPoolExecutor.runWorker(ThreadPoolExecutor.java:1149)
	at java.util.concurrent.ThreadPoolExecutor$Worker.run(ThreadPoolExecutor.java:624)
	... 1 more
Caused by: org.apache.ratis.thirdparty.io.netty.channel.AbstractChannel$AnnotatedConnectException: Connection refused: /192.168.164.208:38174
	at sun.nio.ch.SocketChannelImpl.checkConnect(Native Method)
	at sun.nio.ch.SocketChannelImpl.finishConnect(SocketChannelImpl.java:717)
	at org.apache.ratis.thirdparty.io.netty.channel.socket.nio.NioSocketChannel.doFinishConnect(NioSocketChannel.java:327)
	at org.apache.ratis.thirdparty.io.netty.channel.nio.AbstractNioChannel$AbstractNioUnsafe.finishConnect(AbstractNioChannel.java:340)
	at org.apache.ratis.thirdparty.io.netty.channel.nio.NioEventLoop.processSelectedKey(NioEventLoop.java:632)
	at org.apache.ratis.thirdparty.io.netty.channel.nio.NioEventLoop.processSelectedKeysOptimized(NioEventLoop.java:579)
	at org.apache.ratis.thirdparty.io.netty.channel.nio.NioEventLoop.processSelectedKeys(NioEventLoop.java:496)
	at org.apache.ratis.thirdparty.io.netty.channel.nio.NioEventLoop.run(NioEventLoop.java:458)
	at org.apache.ratis.thirdparty.io.netty.util.concurrent.SingleThreadEventExecutor$5.run(SingleThreadEventExecutor.java:897)
	at org.apache.ratis.thirdparty.io.netty.util.concurrent.FastThreadLocalRunnable.run(FastThreadLocalRunnable.java:30)
	... 1 more
Caused by: java.net.ConnectException: Connection refused
	... 11 more
2019-11-15 01:00:52,865 [212c8f8f-349a-4c94-b732-b4c0454eae1b@group-8C05B86E69BD-LeaderElection181] INFO  impl.RaftServerImpl (RaftServerImpl.java:setRole(173)) - 212c8f8f-349a-4c94-b732-b4c0454eae1b@group-8C05B86E69BD: changes role from CANDIDATE to FOLLOWER at term 2 for DISCOVERED_A_NEW_TERM
2019-11-15 01:00:52,865 [212c8f8f-349a-4c94-b732-b4c0454eae1b@group-8C05B86E69BD-LeaderElection181] INFO  impl.RoleInfo (RoleInfo.java:shutdownLeaderElection(134)) - 212c8f8f-349a-4c94-b732-b4c0454eae1b: shutdown LeaderElection
2019-11-15 01:00:52,865 [212c8f8f-349a-4c94-b732-b4c0454eae1b@group-8C05B86E69BD-LeaderElection181] INFO  impl.RoleInfo (RoleInfo.java:updateAndGet(143)) - 212c8f8f-349a-4c94-b732-b4c0454eae1b: start FollowerState
2019-11-15 01:00:52,982 [Thread-4300] INFO  impl.FollowerState (FollowerState.java:run(111)) - e728dc25-e4b1-43c6-a53d-eff097089a23@group-C787A5EC6030-FollowerState: change to CANDIDATE, lastRpcTime:1881ms, electionTimeout:1181ms
2019-11-15 01:00:52,982 [Thread-4300] INFO  impl.RoleInfo (RoleInfo.java:shutdownFollowerState(121)) - e728dc25-e4b1-43c6-a53d-eff097089a23: shutdown FollowerState
2019-11-15 01:00:52,982 [Thread-4300] INFO  impl.RaftServerImpl (RaftServerImpl.java:setRole(173)) - e728dc25-e4b1-43c6-a53d-eff097089a23@group-C787A5EC6030: changes role from  FOLLOWER to CANDIDATE at term 1 for changeToCandidate
2019-11-15 01:00:52,983 [Thread-4300] INFO  impl.RoleInfo (RoleInfo.java:updateAndGet(143)) - e728dc25-e4b1-43c6-a53d-eff097089a23: start LeaderElection
2019-11-15 01:00:52,983 [e728dc25-e4b1-43c6-a53d-eff097089a23@group-C787A5EC6030-LeaderElection182] INFO  impl.RaftServerImpl (ServerState.java:setLeader(255)) - e728dc25-e4b1-43c6-a53d-eff097089a23@group-C787A5EC6030: change Leader from c4061fea-d656-4029-8a52-0003cdc411ee to null at term 1 for initElection
2019-11-15 01:00:52,996 [e728dc25-e4b1-43c6-a53d-eff097089a23@group-C787A5EC6030-LeaderElection182] INFO  impl.LeaderElection (LeaderElection.java:askForVotes(178)) - e728dc25-e4b1-43c6-a53d-eff097089a23@group-C787A5EC6030-LeaderElection182: begin an election at term 2 for 0: [e728dc25-e4b1-43c6-a53d-eff097089a23:192.168.164.208:40846, c4061fea-d656-4029-8a52-0003cdc411ee:192.168.164.208:42567, 2b497d53-8cea-4a7e-98a0-4cfb87fd1475:192.168.164.208:45511], old=null
2019-11-15 01:00:52,999 [e728dc25-e4b1-43c6-a53d-eff097089a23@group-C787A5EC6030-LeaderElection182] INFO  impl.LeaderElection (LogUtils.java:infoOrTrace(149)) - e728dc25-e4b1-43c6-a53d-eff097089a23@group-C787A5EC6030-LeaderElection182 got exception when requesting votes: {}
java.util.concurrent.ExecutionException: org.apache.ratis.thirdparty.io.grpc.StatusRuntimeException: UNAVAILABLE: io exception
	at java.util.concurrent.FutureTask.report(FutureTask.java:122)
	at java.util.concurrent.FutureTask.get(FutureTask.java:192)
	at org.apache.ratis.server.impl.LeaderElection.waitForResults(LeaderElection.java:259)
	at org.apache.ratis.server.impl.LeaderElection.askForVotes(LeaderElection.java:197)
	at org.apache.ratis.server.impl.LeaderElection.run(LeaderElection.java:133)
	at java.lang.Thread.run(Thread.java:748)
Caused by: org.apache.ratis.thirdparty.io.grpc.StatusRuntimeException: UNAVAILABLE: io exception
	at org.apache.ratis.thirdparty.io.grpc.stub.ClientCalls.toStatusRuntimeException(ClientCalls.java:233)
	at org.apache.ratis.thirdparty.io.grpc.stub.ClientCalls.getUnchecked(ClientCalls.java:214)
	at org.apache.ratis.thirdparty.io.grpc.stub.ClientCalls.blockingUnaryCall(ClientCalls.java:139)
	at org.apache.ratis.proto.grpc.RaftServerProtocolServiceGrpc$RaftServerProtocolServiceBlockingStub.requestVote(RaftServerProtocolServiceGrpc.java:265)
	at org.apache.ratis.grpc.server.GrpcServerProtocolClient.requestVote(GrpcServerProtocolClient.java:99)
	at org.apache.ratis.grpc.server.GrpcService.requestVote(GrpcService.java:204)
	at org.apache.ratis.server.impl.LeaderElection.lambda$submitRequests$1(LeaderElection.java:234)
	at java.util.concurrent.FutureTask.run(FutureTask.java:266)
	at java.util.concurrent.Executors$RunnableAdapter.call(Executors.java:511)
	at java.util.concurrent.FutureTask.run(FutureTask.java:266)
	at java.util.concurrent.ThreadPoolExecutor.runWorker(ThreadPoolExecutor.java:1149)
	at java.util.concurrent.ThreadPoolExecutor$Worker.run(ThreadPoolExecutor.java:624)
	... 1 more
Caused by: org.apache.ratis.thirdparty.io.netty.channel.AbstractChannel$AnnotatedConnectException: Connection refused: /192.168.164.208:42567
	at sun.nio.ch.SocketChannelImpl.checkConnect(Native Method)
	at sun.nio.ch.SocketChannelImpl.finishConnect(SocketChannelImpl.java:717)
	at org.apache.ratis.thirdparty.io.netty.channel.socket.nio.NioSocketChannel.doFinishConnect(NioSocketChannel.java:327)
	at org.apache.ratis.thirdparty.io.netty.channel.nio.AbstractNioChannel$AbstractNioUnsafe.finishConnect(AbstractNioChannel.java:340)
	at org.apache.ratis.thirdparty.io.netty.channel.nio.NioEventLoop.processSelectedKey(NioEventLoop.java:632)
	at org.apache.ratis.thirdparty.io.netty.channel.nio.NioEventLoop.processSelectedKeysOptimized(NioEventLoop.java:579)
	at org.apache.ratis.thirdparty.io.netty.channel.nio.NioEventLoop.processSelectedKeys(NioEventLoop.java:496)
	at org.apache.ratis.thirdparty.io.netty.channel.nio.NioEventLoop.run(NioEventLoop.java:458)
	at org.apache.ratis.thirdparty.io.netty.util.concurrent.SingleThreadEventExecutor$5.run(SingleThreadEventExecutor.java:897)
	at org.apache.ratis.thirdparty.io.netty.util.concurrent.FastThreadLocalRunnable.run(FastThreadLocalRunnable.java:30)
	... 1 more
Caused by: java.net.ConnectException: Connection refused
	... 11 more
2019-11-15 01:00:52,999 [e728dc25-e4b1-43c6-a53d-eff097089a23@group-C787A5EC6030-LeaderElection182] INFO  impl.LeaderElection (LogUtils.java:infoOrTrace(149)) - e728dc25-e4b1-43c6-a53d-eff097089a23@group-C787A5EC6030-LeaderElection182 got exception when requesting votes: {}
java.util.concurrent.ExecutionException: org.apache.ratis.thirdparty.io.grpc.StatusRuntimeException: UNAVAILABLE: io exception
	at java.util.concurrent.FutureTask.report(FutureTask.java:122)
	at java.util.concurrent.FutureTask.get(FutureTask.java:192)
	at org.apache.ratis.server.impl.LeaderElection.waitForResults(LeaderElection.java:259)
	at org.apache.ratis.server.impl.LeaderElection.askForVotes(LeaderElection.java:197)
	at org.apache.ratis.server.impl.LeaderElection.run(LeaderElection.java:133)
	at java.lang.Thread.run(Thread.java:748)
Caused by: org.apache.ratis.thirdparty.io.grpc.StatusRuntimeException: UNAVAILABLE: io exception
	at org.apache.ratis.thirdparty.io.grpc.stub.ClientCalls.toStatusRuntimeException(ClientCalls.java:233)
	at org.apache.ratis.thirdparty.io.grpc.stub.ClientCalls.getUnchecked(ClientCalls.java:214)
	at org.apache.ratis.thirdparty.io.grpc.stub.ClientCalls.blockingUnaryCall(ClientCalls.java:139)
	at org.apache.ratis.proto.grpc.RaftServerProtocolServiceGrpc$RaftServerProtocolServiceBlockingStub.requestVote(RaftServerProtocolServiceGrpc.java:265)
	at org.apache.ratis.grpc.server.GrpcServerProtocolClient.requestVote(GrpcServerProtocolClient.java:99)
	at org.apache.ratis.grpc.server.GrpcService.requestVote(GrpcService.java:204)
	at org.apache.ratis.server.impl.LeaderElection.lambda$submitRequests$1(LeaderElection.java:234)
	at java.util.concurrent.FutureTask.run(FutureTask.java:266)
	at java.util.concurrent.Executors$RunnableAdapter.call(Executors.java:511)
	at java.util.concurrent.FutureTask.run(FutureTask.java:266)
	at java.util.concurrent.ThreadPoolExecutor.runWorker(ThreadPoolExecutor.java:1149)
	at java.util.concurrent.ThreadPoolExecutor$Worker.run(ThreadPoolExecutor.java:624)
	... 1 more
Caused by: org.apache.ratis.thirdparty.io.netty.channel.AbstractChannel$AnnotatedConnectException: Connection refused: /192.168.164.208:45511
	at sun.nio.ch.SocketChannelImpl.checkConnect(Native Method)
	at sun.nio.ch.SocketChannelImpl.finishConnect(SocketChannelImpl.java:717)
	at org.apache.ratis.thirdparty.io.netty.channel.socket.nio.NioSocketChannel.doFinishConnect(NioSocketChannel.java:327)
	at org.apache.ratis.thirdparty.io.netty.channel.nio.AbstractNioChannel$AbstractNioUnsafe.finishConnect(AbstractNioChannel.java:340)
	at org.apache.ratis.thirdparty.io.netty.channel.nio.NioEventLoop.processSelectedKey(NioEventLoop.java:632)
	at org.apache.ratis.thirdparty.io.netty.channel.nio.NioEventLoop.processSelectedKeysOptimized(NioEventLoop.java:579)
	at org.apache.ratis.thirdparty.io.netty.channel.nio.NioEventLoop.processSelectedKeys(NioEventLoop.java:496)
	at org.apache.ratis.thirdparty.io.netty.channel.nio.NioEventLoop.run(NioEventLoop.java:458)
	at org.apache.ratis.thirdparty.io.netty.util.concurrent.SingleThreadEventExecutor$5.run(SingleThreadEventExecutor.java:897)
	at org.apache.ratis.thirdparty.io.netty.util.concurrent.FastThreadLocalRunnable.run(FastThreadLocalRunnable.java:30)
	... 1 more
Caused by: java.net.ConnectException: Connection refused
	... 11 more
2019-11-15 01:00:53,000 [e728dc25-e4b1-43c6-a53d-eff097089a23@group-C787A5EC6030-LeaderElection182] INFO  impl.LeaderElection (LeaderElection.java:logAndReturn(56)) - e728dc25-e4b1-43c6-a53d-eff097089a23@group-C787A5EC6030-LeaderElection182: Election REJECTED; received 0 response(s) [] and 2 exception(s); e728dc25-e4b1-43c6-a53d-eff097089a23@group-C787A5EC6030:t2, leader=null, voted=e728dc25-e4b1-43c6-a53d-eff097089a23, raftlog=e728dc25-e4b1-43c6-a53d-eff097089a23@group-C787A5EC6030-SegmentedRaftLog:OPENED:c0,f0,i0, conf=0: [e728dc25-e4b1-43c6-a53d-eff097089a23:192.168.164.208:40846, c4061fea-d656-4029-8a52-0003cdc411ee:192.168.164.208:42567, 2b497d53-8cea-4a7e-98a0-4cfb87fd1475:192.168.164.208:45511], old=null
2019-11-15 01:00:53,000 [e728dc25-e4b1-43c6-a53d-eff097089a23@group-C787A5EC6030-LeaderElection182] INFO  impl.LeaderElection (LogUtils.java:infoOrTrace(149)) -   Exception 0: {}
java.util.concurrent.ExecutionException: org.apache.ratis.thirdparty.io.grpc.StatusRuntimeException: UNAVAILABLE: io exception
	at java.util.concurrent.FutureTask.report(FutureTask.java:122)
	at java.util.concurrent.FutureTask.get(FutureTask.java:192)
	at org.apache.ratis.server.impl.LeaderElection.waitForResults(LeaderElection.java:259)
	at org.apache.ratis.server.impl.LeaderElection.askForVotes(LeaderElection.java:197)
	at org.apache.ratis.server.impl.LeaderElection.run(LeaderElection.java:133)
	at java.lang.Thread.run(Thread.java:748)
Caused by: org.apache.ratis.thirdparty.io.grpc.StatusRuntimeException: UNAVAILABLE: io exception
	at org.apache.ratis.thirdparty.io.grpc.stub.ClientCalls.toStatusRuntimeException(ClientCalls.java:233)
	at org.apache.ratis.thirdparty.io.grpc.stub.ClientCalls.getUnchecked(ClientCalls.java:214)
	at org.apache.ratis.thirdparty.io.grpc.stub.ClientCalls.blockingUnaryCall(ClientCalls.java:139)
	at org.apache.ratis.proto.grpc.RaftServerProtocolServiceGrpc$RaftServerProtocolServiceBlockingStub.requestVote(RaftServerProtocolServiceGrpc.java:265)
	at org.apache.ratis.grpc.server.GrpcServerProtocolClient.requestVote(GrpcServerProtocolClient.java:99)
	at org.apache.ratis.grpc.server.GrpcService.requestVote(GrpcService.java:204)
	at org.apache.ratis.server.impl.LeaderElection.lambda$submitRequests$1(LeaderElection.java:234)
	at java.util.concurrent.FutureTask.run(FutureTask.java:266)
	at java.util.concurrent.Executors$RunnableAdapter.call(Executors.java:511)
	at java.util.concurrent.FutureTask.run(FutureTask.java:266)
	at java.util.concurrent.ThreadPoolExecutor.runWorker(ThreadPoolExecutor.java:1149)
	at java.util.concurrent.ThreadPoolExecutor$Worker.run(ThreadPoolExecutor.java:624)
	... 1 more
Caused by: org.apache.ratis.thirdparty.io.netty.channel.AbstractChannel$AnnotatedConnectException: Connection refused: /192.168.164.208:42567
	at sun.nio.ch.SocketChannelImpl.checkConnect(Native Method)
	at sun.nio.ch.SocketChannelImpl.finishConnect(SocketChannelImpl.java:717)
	at org.apache.ratis.thirdparty.io.netty.channel.socket.nio.NioSocketChannel.doFinishConnect(NioSocketChannel.java:327)
	at org.apache.ratis.thirdparty.io.netty.channel.nio.AbstractNioChannel$AbstractNioUnsafe.finishConnect(AbstractNioChannel.java:340)
	at org.apache.ratis.thirdparty.io.netty.channel.nio.NioEventLoop.processSelectedKey(NioEventLoop.java:632)
	at org.apache.ratis.thirdparty.io.netty.channel.nio.NioEventLoop.processSelectedKeysOptimized(NioEventLoop.java:579)
	at org.apache.ratis.thirdparty.io.netty.channel.nio.NioEventLoop.processSelectedKeys(NioEventLoop.java:496)
	at org.apache.ratis.thirdparty.io.netty.channel.nio.NioEventLoop.run(NioEventLoop.java:458)
	at org.apache.ratis.thirdparty.io.netty.util.concurrent.SingleThreadEventExecutor$5.run(SingleThreadEventExecutor.java:897)
	at org.apache.ratis.thirdparty.io.netty.util.concurrent.FastThreadLocalRunnable.run(FastThreadLocalRunnable.java:30)
	... 1 more
Caused by: java.net.ConnectException: Connection refused
	... 11 more
2019-11-15 01:00:53,001 [e728dc25-e4b1-43c6-a53d-eff097089a23@group-C787A5EC6030-LeaderElection182] INFO  impl.LeaderElection (LogUtils.java:infoOrTrace(149)) -   Exception 1: {}
java.util.concurrent.ExecutionException: org.apache.ratis.thirdparty.io.grpc.StatusRuntimeException: UNAVAILABLE: io exception
	at java.util.concurrent.FutureTask.report(FutureTask.java:122)
	at java.util.concurrent.FutureTask.get(FutureTask.java:192)
	at org.apache.ratis.server.impl.LeaderElection.waitForResults(LeaderElection.java:259)
	at org.apache.ratis.server.impl.LeaderElection.askForVotes(LeaderElection.java:197)
	at org.apache.ratis.server.impl.LeaderElection.run(LeaderElection.java:133)
	at java.lang.Thread.run(Thread.java:748)
Caused by: org.apache.ratis.thirdparty.io.grpc.StatusRuntimeException: UNAVAILABLE: io exception
	at org.apache.ratis.thirdparty.io.grpc.stub.ClientCalls.toStatusRuntimeException(ClientCalls.java:233)
	at org.apache.ratis.thirdparty.io.grpc.stub.ClientCalls.getUnchecked(ClientCalls.java:214)
	at org.apache.ratis.thirdparty.io.grpc.stub.ClientCalls.blockingUnaryCall(ClientCalls.java:139)
	at org.apache.ratis.proto.grpc.RaftServerProtocolServiceGrpc$RaftServerProtocolServiceBlockingStub.requestVote(RaftServerProtocolServiceGrpc.java:265)
	at org.apache.ratis.grpc.server.GrpcServerProtocolClient.requestVote(GrpcServerProtocolClient.java:99)
	at org.apache.ratis.grpc.server.GrpcService.requestVote(GrpcService.java:204)
	at org.apache.ratis.server.impl.LeaderElection.lambda$submitRequests$1(LeaderElection.java:234)
	at java.util.concurrent.FutureTask.run(FutureTask.java:266)
	at java.util.concurrent.Executors$RunnableAdapter.call(Executors.java:511)
	at java.util.concurrent.FutureTask.run(FutureTask.java:266)
	at java.util.concurrent.ThreadPoolExecutor.runWorker(ThreadPoolExecutor.java:1149)
	at java.util.concurrent.ThreadPoolExecutor$Worker.run(ThreadPoolExecutor.java:624)
	... 1 more
Caused by: org.apache.ratis.thirdparty.io.netty.channel.AbstractChannel$AnnotatedConnectException: Connection refused: /192.168.164.208:45511
	at sun.nio.ch.SocketChannelImpl.checkConnect(Native Method)
	at sun.nio.ch.SocketChannelImpl.finishConnect(SocketChannelImpl.java:717)
	at org.apache.ratis.thirdparty.io.netty.channel.socket.nio.NioSocketChannel.doFinishConnect(NioSocketChannel.java:327)
	at org.apache.ratis.thirdparty.io.netty.channel.nio.AbstractNioChannel$AbstractNioUnsafe.finishConnect(AbstractNioChannel.java:340)
	at org.apache.ratis.thirdparty.io.netty.channel.nio.NioEventLoop.processSelectedKey(NioEventLoop.java:632)
	at org.apache.ratis.thirdparty.io.netty.channel.nio.NioEventLoop.processSelectedKeysOptimized(NioEventLoop.java:579)
	at org.apache.ratis.thirdparty.io.netty.channel.nio.NioEventLoop.processSelectedKeys(NioEventLoop.java:496)
	at org.apache.ratis.thirdparty.io.netty.channel.nio.NioEventLoop.run(NioEventLoop.java:458)
	at org.apache.ratis.thirdparty.io.netty.util.concurrent.SingleThreadEventExecutor$5.run(SingleThreadEventExecutor.java:897)
	at org.apache.ratis.thirdparty.io.netty.util.concurrent.FastThreadLocalRunnable.run(FastThreadLocalRunnable.java:30)
	... 1 more
Caused by: java.net.ConnectException: Connection refused
	... 11 more
2019-11-15 01:00:53,001 [e728dc25-e4b1-43c6-a53d-eff097089a23@group-C787A5EC6030-LeaderElection182] INFO  impl.RaftServerImpl (RaftServerImpl.java:setRole(173)) - e728dc25-e4b1-43c6-a53d-eff097089a23@group-C787A5EC6030: changes role from CANDIDATE to FOLLOWER at term 2 for DISCOVERED_A_NEW_TERM
2019-11-15 01:00:53,001 [e728dc25-e4b1-43c6-a53d-eff097089a23@group-C787A5EC6030-LeaderElection182] INFO  impl.RoleInfo (RoleInfo.java:shutdownLeaderElection(134)) - e728dc25-e4b1-43c6-a53d-eff097089a23: shutdown LeaderElection
2019-11-15 01:00:53,001 [e728dc25-e4b1-43c6-a53d-eff097089a23@group-C787A5EC6030-LeaderElection182] INFO  impl.RoleInfo (RoleInfo.java:updateAndGet(143)) - e728dc25-e4b1-43c6-a53d-eff097089a23: start FollowerState
2019-11-15 01:00:53,062 [Thread-4737] INFO  impl.FollowerState (FollowerState.java:run(111)) - 3290c45a-dc7d-4c95-a586-1c6e32afef30@group-E58C27D02539-FollowerState: change to CANDIDATE, lastRpcTime:1119ms, electionTimeout:1119ms
2019-11-15 01:00:53,062 [Thread-4737] INFO  impl.RoleInfo (RoleInfo.java:shutdownFollowerState(121)) - 3290c45a-dc7d-4c95-a586-1c6e32afef30: shutdown FollowerState
2019-11-15 01:00:53,062 [Thread-4737] INFO  impl.RaftServerImpl (RaftServerImpl.java:setRole(173)) - 3290c45a-dc7d-4c95-a586-1c6e32afef30@group-E58C27D02539: changes role from  FOLLOWER to CANDIDATE at term 6 for changeToCandidate
2019-11-15 01:00:53,062 [Thread-4737] INFO  impl.RoleInfo (RoleInfo.java:updateAndGet(143)) - 3290c45a-dc7d-4c95-a586-1c6e32afef30: start LeaderElection
2019-11-15 01:00:53,075 [3290c45a-dc7d-4c95-a586-1c6e32afef30@group-E58C27D02539-LeaderElection183] INFO  impl.LeaderElection (LeaderElection.java:askForVotes(178)) - 3290c45a-dc7d-4c95-a586-1c6e32afef30@group-E58C27D02539-LeaderElection183: begin an election at term 7 for 0: [d068838d-6499-4b84-94b8-55225fdfdb1a:192.168.164.208:41973, 3290c45a-dc7d-4c95-a586-1c6e32afef30:192.168.164.208:44306, c7f93789-5ee9-40a1-8afd-58386fa54dde:192.168.164.208:38346], old=null
2019-11-15 01:00:53,076 [3290c45a-dc7d-4c95-a586-1c6e32afef30@group-E58C27D02539-LeaderElection183] INFO  impl.LeaderElection (LogUtils.java:infoOrTrace(149)) - 3290c45a-dc7d-4c95-a586-1c6e32afef30@group-E58C27D02539-LeaderElection183 got exception when requesting votes: {}
java.util.concurrent.ExecutionException: org.apache.ratis.thirdparty.io.grpc.StatusRuntimeException: UNAVAILABLE: io exception
	at java.util.concurrent.FutureTask.report(FutureTask.java:122)
	at java.util.concurrent.FutureTask.get(FutureTask.java:192)
	at org.apache.ratis.server.impl.LeaderElection.waitForResults(LeaderElection.java:259)
	at org.apache.ratis.server.impl.LeaderElection.askForVotes(LeaderElection.java:197)
	at org.apache.ratis.server.impl.LeaderElection.run(LeaderElection.java:133)
	at java.lang.Thread.run(Thread.java:748)
Caused by: org.apache.ratis.thirdparty.io.grpc.StatusRuntimeException: UNAVAILABLE: io exception
	at org.apache.ratis.thirdparty.io.grpc.stub.ClientCalls.toStatusRuntimeException(ClientCalls.java:233)
	at org.apache.ratis.thirdparty.io.grpc.stub.ClientCalls.getUnchecked(ClientCalls.java:214)
	at org.apache.ratis.thirdparty.io.grpc.stub.ClientCalls.blockingUnaryCall(ClientCalls.java:139)
	at org.apache.ratis.proto.grpc.RaftServerProtocolServiceGrpc$RaftServerProtocolServiceBlockingStub.requestVote(RaftServerProtocolServiceGrpc.java:265)
	at org.apache.ratis.grpc.server.GrpcServerProtocolClient.requestVote(GrpcServerProtocolClient.java:99)
	at org.apache.ratis.grpc.server.GrpcService.requestVote(GrpcService.java:204)
	at org.apache.ratis.server.impl.LeaderElection.lambda$submitRequests$1(LeaderElection.java:234)
	at java.util.concurrent.FutureTask.run(FutureTask.java:266)
	at java.util.concurrent.Executors$RunnableAdapter.call(Executors.java:511)
	at java.util.concurrent.FutureTask.run(FutureTask.java:266)
	at java.util.concurrent.ThreadPoolExecutor.runWorker(ThreadPoolExecutor.java:1149)
	at java.util.concurrent.ThreadPoolExecutor$Worker.run(ThreadPoolExecutor.java:624)
	... 1 more
Caused by: org.apache.ratis.thirdparty.io.netty.channel.AbstractChannel$AnnotatedConnectException: Connection refused: /192.168.164.208:41973
	at sun.nio.ch.SocketChannelImpl.checkConnect(Native Method)
	at sun.nio.ch.SocketChannelImpl.finishConnect(SocketChannelImpl.java:717)
	at org.apache.ratis.thirdparty.io.netty.channel.socket.nio.NioSocketChannel.doFinishConnect(NioSocketChannel.java:327)
	at org.apache.ratis.thirdparty.io.netty.channel.nio.AbstractNioChannel$AbstractNioUnsafe.finishConnect(AbstractNioChannel.java:340)
	at org.apache.ratis.thirdparty.io.netty.channel.nio.NioEventLoop.processSelectedKey(NioEventLoop.java:632)
	at org.apache.ratis.thirdparty.io.netty.channel.nio.NioEventLoop.processSelectedKeysOptimized(NioEventLoop.java:579)
	at org.apache.ratis.thirdparty.io.netty.channel.nio.NioEventLoop.processSelectedKeys(NioEventLoop.java:496)
	at org.apache.ratis.thirdparty.io.netty.channel.nio.NioEventLoop.run(NioEventLoop.java:458)
	at org.apache.ratis.thirdparty.io.netty.util.concurrent.SingleThreadEventExecutor$5.run(SingleThreadEventExecutor.java:897)
	at org.apache.ratis.thirdparty.io.netty.util.concurrent.FastThreadLocalRunnable.run(FastThreadLocalRunnable.java:30)
	... 1 more
Caused by: java.net.ConnectException: Connection refused
	... 11 more
2019-11-15 01:00:53,077 [3290c45a-dc7d-4c95-a586-1c6e32afef30@group-E58C27D02539-LeaderElection183] INFO  impl.LeaderElection (LogUtils.java:infoOrTrace(149)) - 3290c45a-dc7d-4c95-a586-1c6e32afef30@group-E58C27D02539-LeaderElection183 got exception when requesting votes: {}
java.util.concurrent.ExecutionException: org.apache.ratis.thirdparty.io.grpc.StatusRuntimeException: UNAVAILABLE: io exception
	at java.util.concurrent.FutureTask.report(FutureTask.java:122)
	at java.util.concurrent.FutureTask.get(FutureTask.java:192)
	at org.apache.ratis.server.impl.LeaderElection.waitForResults(LeaderElection.java:259)
	at org.apache.ratis.server.impl.LeaderElection.askForVotes(LeaderElection.java:197)
	at org.apache.ratis.server.impl.LeaderElection.run(LeaderElection.java:133)
	at java.lang.Thread.run(Thread.java:748)
Caused by: org.apache.ratis.thirdparty.io.grpc.StatusRuntimeException: UNAVAILABLE: io exception
	at org.apache.ratis.thirdparty.io.grpc.stub.ClientCalls.toStatusRuntimeException(ClientCalls.java:233)
	at org.apache.ratis.thirdparty.io.grpc.stub.ClientCalls.getUnchecked(ClientCalls.java:214)
	at org.apache.ratis.thirdparty.io.grpc.stub.ClientCalls.blockingUnaryCall(ClientCalls.java:139)
	at org.apache.ratis.proto.grpc.RaftServerProtocolServiceGrpc$RaftServerProtocolServiceBlockingStub.requestVote(RaftServerProtocolServiceGrpc.java:265)
	at org.apache.ratis.grpc.server.GrpcServerProtocolClient.requestVote(GrpcServerProtocolClient.java:99)
	at org.apache.ratis.grpc.server.GrpcService.requestVote(GrpcService.java:204)
	at org.apache.ratis.server.impl.LeaderElection.lambda$submitRequests$1(LeaderElection.java:234)
	at java.util.concurrent.FutureTask.run(FutureTask.java:266)
	at java.util.concurrent.Executors$RunnableAdapter.call(Executors.java:511)
	at java.util.concurrent.FutureTask.run(FutureTask.java:266)
	at java.util.concurrent.ThreadPoolExecutor.runWorker(ThreadPoolExecutor.java:1149)
	at java.util.concurrent.ThreadPoolExecutor$Worker.run(ThreadPoolExecutor.java:624)
	... 1 more
Caused by: org.apache.ratis.thirdparty.io.netty.channel.AbstractChannel$AnnotatedConnectException: Connection refused: /192.168.164.208:38346
	at sun.nio.ch.SocketChannelImpl.checkConnect(Native Method)
	at sun.nio.ch.SocketChannelImpl.finishConnect(SocketChannelImpl.java:717)
	at org.apache.ratis.thirdparty.io.netty.channel.socket.nio.NioSocketChannel.doFinishConnect(NioSocketChannel.java:327)
	at org.apache.ratis.thirdparty.io.netty.channel.nio.AbstractNioChannel$AbstractNioUnsafe.finishConnect(AbstractNioChannel.java:340)
	at org.apache.ratis.thirdparty.io.netty.channel.nio.NioEventLoop.processSelectedKey(NioEventLoop.java:632)
	at org.apache.ratis.thirdparty.io.netty.channel.nio.NioEventLoop.processSelectedKeysOptimized(NioEventLoop.java:579)
	at org.apache.ratis.thirdparty.io.netty.channel.nio.NioEventLoop.processSelectedKeys(NioEventLoop.java:496)
	at org.apache.ratis.thirdparty.io.netty.channel.nio.NioEventLoop.run(NioEventLoop.java:458)
	at org.apache.ratis.thirdparty.io.netty.util.concurrent.SingleThreadEventExecutor$5.run(SingleThreadEventExecutor.java:897)
	at org.apache.ratis.thirdparty.io.netty.util.concurrent.FastThreadLocalRunnable.run(FastThreadLocalRunnable.java:30)
	... 1 more
Caused by: java.net.ConnectException: Connection refused
	... 11 more
2019-11-15 01:00:53,077 [3290c45a-dc7d-4c95-a586-1c6e32afef30@group-E58C27D02539-LeaderElection183] INFO  impl.LeaderElection (LeaderElection.java:logAndReturn(56)) - 3290c45a-dc7d-4c95-a586-1c6e32afef30@group-E58C27D02539-LeaderElection183: Election REJECTED; received 0 response(s) [] and 2 exception(s); 3290c45a-dc7d-4c95-a586-1c6e32afef30@group-E58C27D02539:t7, leader=null, voted=3290c45a-dc7d-4c95-a586-1c6e32afef30, raftlog=3290c45a-dc7d-4c95-a586-1c6e32afef30@group-E58C27D02539-SegmentedRaftLog:OPENED:c7,f7,i7, conf=0: [d068838d-6499-4b84-94b8-55225fdfdb1a:192.168.164.208:41973, 3290c45a-dc7d-4c95-a586-1c6e32afef30:192.168.164.208:44306, c7f93789-5ee9-40a1-8afd-58386fa54dde:192.168.164.208:38346], old=null
2019-11-15 01:00:53,077 [3290c45a-dc7d-4c95-a586-1c6e32afef30@group-E58C27D02539-LeaderElection183] INFO  impl.LeaderElection (LogUtils.java:infoOrTrace(149)) -   Exception 0: {}
java.util.concurrent.ExecutionException: org.apache.ratis.thirdparty.io.grpc.StatusRuntimeException: UNAVAILABLE: io exception
	at java.util.concurrent.FutureTask.report(FutureTask.java:122)
	at java.util.concurrent.FutureTask.get(FutureTask.java:192)
	at org.apache.ratis.server.impl.LeaderElection.waitForResults(LeaderElection.java:259)
	at org.apache.ratis.server.impl.LeaderElection.askForVotes(LeaderElection.java:197)
	at org.apache.ratis.server.impl.LeaderElection.run(LeaderElection.java:133)
	at java.lang.Thread.run(Thread.java:748)
Caused by: org.apache.ratis.thirdparty.io.grpc.StatusRuntimeException: UNAVAILABLE: io exception
	at org.apache.ratis.thirdparty.io.grpc.stub.ClientCalls.toStatusRuntimeException(ClientCalls.java:233)
	at org.apache.ratis.thirdparty.io.grpc.stub.ClientCalls.getUnchecked(ClientCalls.java:214)
	at org.apache.ratis.thirdparty.io.grpc.stub.ClientCalls.blockingUnaryCall(ClientCalls.java:139)
	at org.apache.ratis.proto.grpc.RaftServerProtocolServiceGrpc$RaftServerProtocolServiceBlockingStub.requestVote(RaftServerProtocolServiceGrpc.java:265)
	at org.apache.ratis.grpc.server.GrpcServerProtocolClient.requestVote(GrpcServerProtocolClient.java:99)
	at org.apache.ratis.grpc.server.GrpcService.requestVote(GrpcService.java:204)
	at org.apache.ratis.server.impl.LeaderElection.lambda$submitRequests$1(LeaderElection.java:234)
	at java.util.concurrent.FutureTask.run(FutureTask.java:266)
	at java.util.concurrent.Executors$RunnableAdapter.call(Executors.java:511)
	at java.util.concurrent.FutureTask.run(FutureTask.java:266)
	at java.util.concurrent.ThreadPoolExecutor.runWorker(ThreadPoolExecutor.java:1149)
	at java.util.concurrent.ThreadPoolExecutor$Worker.run(ThreadPoolExecutor.java:624)
	... 1 more
Caused by: org.apache.ratis.thirdparty.io.netty.channel.AbstractChannel$AnnotatedConnectException: Connection refused: /192.168.164.208:41973
	at sun.nio.ch.SocketChannelImpl.checkConnect(Native Method)
	at sun.nio.ch.SocketChannelImpl.finishConnect(SocketChannelImpl.java:717)
	at org.apache.ratis.thirdparty.io.netty.channel.socket.nio.NioSocketChannel.doFinishConnect(NioSocketChannel.java:327)
	at org.apache.ratis.thirdparty.io.netty.channel.nio.AbstractNioChannel$AbstractNioUnsafe.finishConnect(AbstractNioChannel.java:340)
	at org.apache.ratis.thirdparty.io.netty.channel.nio.NioEventLoop.processSelectedKey(NioEventLoop.java:632)
	at org.apache.ratis.thirdparty.io.netty.channel.nio.NioEventLoop.processSelectedKeysOptimized(NioEventLoop.java:579)
	at org.apache.ratis.thirdparty.io.netty.channel.nio.NioEventLoop.processSelectedKeys(NioEventLoop.java:496)
	at org.apache.ratis.thirdparty.io.netty.channel.nio.NioEventLoop.run(NioEventLoop.java:458)
	at org.apache.ratis.thirdparty.io.netty.util.concurrent.SingleThreadEventExecutor$5.run(SingleThreadEventExecutor.java:897)
	at org.apache.ratis.thirdparty.io.netty.util.concurrent.FastThreadLocalRunnable.run(FastThreadLocalRunnable.java:30)
	... 1 more
Caused by: java.net.ConnectException: Connection refused
	... 11 more
2019-11-15 01:00:53,078 [3290c45a-dc7d-4c95-a586-1c6e32afef30@group-E58C27D02539-LeaderElection183] INFO  impl.LeaderElection (LogUtils.java:infoOrTrace(149)) -   Exception 1: {}
java.util.concurrent.ExecutionException: org.apache.ratis.thirdparty.io.grpc.StatusRuntimeException: UNAVAILABLE: io exception
	at java.util.concurrent.FutureTask.report(FutureTask.java:122)
	at java.util.concurrent.FutureTask.get(FutureTask.java:192)
	at org.apache.ratis.server.impl.LeaderElection.waitForResults(LeaderElection.java:259)
	at org.apache.ratis.server.impl.LeaderElection.askForVotes(LeaderElection.java:197)
	at org.apache.ratis.server.impl.LeaderElection.run(LeaderElection.java:133)
	at java.lang.Thread.run(Thread.java:748)
Caused by: org.apache.ratis.thirdparty.io.grpc.StatusRuntimeException: UNAVAILABLE: io exception
	at org.apache.ratis.thirdparty.io.grpc.stub.ClientCalls.toStatusRuntimeException(ClientCalls.java:233)
	at org.apache.ratis.thirdparty.io.grpc.stub.ClientCalls.getUnchecked(ClientCalls.java:214)
	at org.apache.ratis.thirdparty.io.grpc.stub.ClientCalls.blockingUnaryCall(ClientCalls.java:139)
	at org.apache.ratis.proto.grpc.RaftServerProtocolServiceGrpc$RaftServerProtocolServiceBlockingStub.requestVote(RaftServerProtocolServiceGrpc.java:265)
	at org.apache.ratis.grpc.server.GrpcServerProtocolClient.requestVote(GrpcServerProtocolClient.java:99)
	at org.apache.ratis.grpc.server.GrpcService.requestVote(GrpcService.java:204)
	at org.apache.ratis.server.impl.LeaderElection.lambda$submitRequests$1(LeaderElection.java:234)
	at java.util.concurrent.FutureTask.run(FutureTask.java:266)
	at java.util.concurrent.Executors$RunnableAdapter.call(Executors.java:511)
	at java.util.concurrent.FutureTask.run(FutureTask.java:266)
	at java.util.concurrent.ThreadPoolExecutor.runWorker(ThreadPoolExecutor.java:1149)
	at java.util.concurrent.ThreadPoolExecutor$Worker.run(ThreadPoolExecutor.java:624)
	... 1 more
Caused by: org.apache.ratis.thirdparty.io.netty.channel.AbstractChannel$AnnotatedConnectException: Connection refused: /192.168.164.208:38346
	at sun.nio.ch.SocketChannelImpl.checkConnect(Native Method)
	at sun.nio.ch.SocketChannelImpl.finishConnect(SocketChannelImpl.java:717)
	at org.apache.ratis.thirdparty.io.netty.channel.socket.nio.NioSocketChannel.doFinishConnect(NioSocketChannel.java:327)
	at org.apache.ratis.thirdparty.io.netty.channel.nio.AbstractNioChannel$AbstractNioUnsafe.finishConnect(AbstractNioChannel.java:340)
	at org.apache.ratis.thirdparty.io.netty.channel.nio.NioEventLoop.processSelectedKey(NioEventLoop.java:632)
	at org.apache.ratis.thirdparty.io.netty.channel.nio.NioEventLoop.processSelectedKeysOptimized(NioEventLoop.java:579)
	at org.apache.ratis.thirdparty.io.netty.channel.nio.NioEventLoop.processSelectedKeys(NioEventLoop.java:496)
	at org.apache.ratis.thirdparty.io.netty.channel.nio.NioEventLoop.run(NioEventLoop.java:458)
	at org.apache.ratis.thirdparty.io.netty.util.concurrent.SingleThreadEventExecutor$5.run(SingleThreadEventExecutor.java:897)
	at org.apache.ratis.thirdparty.io.netty.util.concurrent.FastThreadLocalRunnable.run(FastThreadLocalRunnable.java:30)
	... 1 more
Caused by: java.net.ConnectException: Connection refused
	... 11 more
2019-11-15 01:00:53,078 [3290c45a-dc7d-4c95-a586-1c6e32afef30@group-E58C27D02539-LeaderElection183] INFO  impl.RaftServerImpl (RaftServerImpl.java:setRole(173)) - 3290c45a-dc7d-4c95-a586-1c6e32afef30@group-E58C27D02539: changes role from CANDIDATE to FOLLOWER at term 7 for DISCOVERED_A_NEW_TERM
2019-11-15 01:00:53,078 [3290c45a-dc7d-4c95-a586-1c6e32afef30@group-E58C27D02539-LeaderElection183] INFO  impl.RoleInfo (RoleInfo.java:shutdownLeaderElection(134)) - 3290c45a-dc7d-4c95-a586-1c6e32afef30: shutdown LeaderElection
2019-11-15 01:00:53,079 [3290c45a-dc7d-4c95-a586-1c6e32afef30@group-E58C27D02539-LeaderElection183] INFO  impl.RoleInfo (RoleInfo.java:updateAndGet(143)) - 3290c45a-dc7d-4c95-a586-1c6e32afef30: start FollowerState
2019-11-15 01:00:54,036 [Thread-4743] INFO  impl.FollowerState (FollowerState.java:run(111)) - 212c8f8f-349a-4c94-b732-b4c0454eae1b@group-8C05B86E69BD-FollowerState: change to CANDIDATE, lastRpcTime:1170ms, electionTimeout:1170ms
2019-11-15 01:00:54,036 [Thread-4743] INFO  impl.RoleInfo (RoleInfo.java:shutdownFollowerState(121)) - 212c8f8f-349a-4c94-b732-b4c0454eae1b: shutdown FollowerState
2019-11-15 01:00:54,037 [Thread-4743] INFO  impl.RaftServerImpl (RaftServerImpl.java:setRole(173)) - 212c8f8f-349a-4c94-b732-b4c0454eae1b@group-8C05B86E69BD: changes role from  FOLLOWER to CANDIDATE at term 2 for changeToCandidate
2019-11-15 01:00:54,037 [Thread-4743] INFO  impl.RoleInfo (RoleInfo.java:updateAndGet(143)) - 212c8f8f-349a-4c94-b732-b4c0454eae1b: start LeaderElection
2019-11-15 01:00:54,043 [212c8f8f-349a-4c94-b732-b4c0454eae1b@group-8C05B86E69BD-LeaderElection184] INFO  impl.LeaderElection (LeaderElection.java:askForVotes(178)) - 212c8f8f-349a-4c94-b732-b4c0454eae1b@group-8C05B86E69BD-LeaderElection184: begin an election at term 3 for 0: [0e91382f-cc67-4c48-b6bb-37ad8c3df0fd:192.168.164.208:33069, 10ab2f01-a163-4b0b-bdc9-1962e1c3543b:192.168.164.208:38174, 212c8f8f-349a-4c94-b732-b4c0454eae1b:192.168.164.208:37073], old=null
2019-11-15 01:00:54,045 [212c8f8f-349a-4c94-b732-b4c0454eae1b@group-8C05B86E69BD-LeaderElection184] INFO  impl.LeaderElection (LogUtils.java:infoOrTrace(149)) - 212c8f8f-349a-4c94-b732-b4c0454eae1b@group-8C05B86E69BD-LeaderElection184 got exception when requesting votes: {}
java.util.concurrent.ExecutionException: org.apache.ratis.thirdparty.io.grpc.StatusRuntimeException: UNAVAILABLE: io exception
	at java.util.concurrent.FutureTask.report(FutureTask.java:122)
	at java.util.concurrent.FutureTask.get(FutureTask.java:192)
	at org.apache.ratis.server.impl.LeaderElection.waitForResults(LeaderElection.java:259)
	at org.apache.ratis.server.impl.LeaderElection.askForVotes(LeaderElection.java:197)
	at org.apache.ratis.server.impl.LeaderElection.run(LeaderElection.java:133)
	at java.lang.Thread.run(Thread.java:748)
Caused by: org.apache.ratis.thirdparty.io.grpc.StatusRuntimeException: UNAVAILABLE: io exception
	at org.apache.ratis.thirdparty.io.grpc.stub.ClientCalls.toStatusRuntimeException(ClientCalls.java:233)
	at org.apache.ratis.thirdparty.io.grpc.stub.ClientCalls.getUnchecked(ClientCalls.java:214)
	at org.apache.ratis.thirdparty.io.grpc.stub.ClientCalls.blockingUnaryCall(ClientCalls.java:139)
	at org.apache.ratis.proto.grpc.RaftServerProtocolServiceGrpc$RaftServerProtocolServiceBlockingStub.requestVote(RaftServerProtocolServiceGrpc.java:265)
	at org.apache.ratis.grpc.server.GrpcServerProtocolClient.requestVote(GrpcServerProtocolClient.java:99)
	at org.apache.ratis.grpc.server.GrpcService.requestVote(GrpcService.java:204)
	at org.apache.ratis.server.impl.LeaderElection.lambda$submitRequests$1(LeaderElection.java:234)
	at java.util.concurrent.FutureTask.run(FutureTask.java:266)
	at java.util.concurrent.Executors$RunnableAdapter.call(Executors.java:511)
	at java.util.concurrent.FutureTask.run(FutureTask.java:266)
	at java.util.concurrent.ThreadPoolExecutor.runWorker(ThreadPoolExecutor.java:1149)
	at java.util.concurrent.ThreadPoolExecutor$Worker.run(ThreadPoolExecutor.java:624)
	... 1 more
Caused by: org.apache.ratis.thirdparty.io.netty.channel.AbstractChannel$AnnotatedConnectException: Connection refused: /192.168.164.208:38174
	at sun.nio.ch.SocketChannelImpl.checkConnect(Native Method)
	at sun.nio.ch.SocketChannelImpl.finishConnect(SocketChannelImpl.java:717)
	at org.apache.ratis.thirdparty.io.netty.channel.socket.nio.NioSocketChannel.doFinishConnect(NioSocketChannel.java:327)
	at org.apache.ratis.thirdparty.io.netty.channel.nio.AbstractNioChannel$AbstractNioUnsafe.finishConnect(AbstractNioChannel.java:340)
	at org.apache.ratis.thirdparty.io.netty.channel.nio.NioEventLoop.processSelectedKey(NioEventLoop.java:632)
	at org.apache.ratis.thirdparty.io.netty.channel.nio.NioEventLoop.processSelectedKeysOptimized(NioEventLoop.java:579)
	at org.apache.ratis.thirdparty.io.netty.channel.nio.NioEventLoop.processSelectedKeys(NioEventLoop.java:496)
	at org.apache.ratis.thirdparty.io.netty.channel.nio.NioEventLoop.run(NioEventLoop.java:458)
	at org.apache.ratis.thirdparty.io.netty.util.concurrent.SingleThreadEventExecutor$5.run(SingleThreadEventExecutor.java:897)
	at org.apache.ratis.thirdparty.io.netty.util.concurrent.FastThreadLocalRunnable.run(FastThreadLocalRunnable.java:30)
	... 1 more
Caused by: java.net.ConnectException: Connection refused
	... 11 more
2019-11-15 01:00:54,045 [212c8f8f-349a-4c94-b732-b4c0454eae1b@group-8C05B86E69BD-LeaderElection184] INFO  impl.LeaderElection (LogUtils.java:infoOrTrace(149)) - 212c8f8f-349a-4c94-b732-b4c0454eae1b@group-8C05B86E69BD-LeaderElection184 got exception when requesting votes: {}
java.util.concurrent.ExecutionException: org.apache.ratis.thirdparty.io.grpc.StatusRuntimeException: UNAVAILABLE: io exception
	at java.util.concurrent.FutureTask.report(FutureTask.java:122)
	at java.util.concurrent.FutureTask.get(FutureTask.java:192)
	at org.apache.ratis.server.impl.LeaderElection.waitForResults(LeaderElection.java:259)
	at org.apache.ratis.server.impl.LeaderElection.askForVotes(LeaderElection.java:197)
	at org.apache.ratis.server.impl.LeaderElection.run(LeaderElection.java:133)
	at java.lang.Thread.run(Thread.java:748)
Caused by: org.apache.ratis.thirdparty.io.grpc.StatusRuntimeException: UNAVAILABLE: io exception
	at org.apache.ratis.thirdparty.io.grpc.stub.ClientCalls.toStatusRuntimeException(ClientCalls.java:233)
	at org.apache.ratis.thirdparty.io.grpc.stub.ClientCalls.getUnchecked(ClientCalls.java:214)
	at org.apache.ratis.thirdparty.io.grpc.stub.ClientCalls.blockingUnaryCall(ClientCalls.java:139)
	at org.apache.ratis.proto.grpc.RaftServerProtocolServiceGrpc$RaftServerProtocolServiceBlockingStub.requestVote(RaftServerProtocolServiceGrpc.java:265)
	at org.apache.ratis.grpc.server.GrpcServerProtocolClient.requestVote(GrpcServerProtocolClient.java:99)
	at org.apache.ratis.grpc.server.GrpcService.requestVote(GrpcService.java:204)
	at org.apache.ratis.server.impl.LeaderElection.lambda$submitRequests$1(LeaderElection.java:234)
	at java.util.concurrent.FutureTask.run(FutureTask.java:266)
	at java.util.concurrent.Executors$RunnableAdapter.call(Executors.java:511)
	at java.util.concurrent.FutureTask.run(FutureTask.java:266)
	at java.util.concurrent.ThreadPoolExecutor.runWorker(ThreadPoolExecutor.java:1149)
	at java.util.concurrent.ThreadPoolExecutor$Worker.run(ThreadPoolExecutor.java:624)
	... 1 more
Caused by: org.apache.ratis.thirdparty.io.netty.channel.AbstractChannel$AnnotatedConnectException: Connection refused: /192.168.164.208:33069
	at sun.nio.ch.SocketChannelImpl.checkConnect(Native Method)
	at sun.nio.ch.SocketChannelImpl.finishConnect(SocketChannelImpl.java:717)
	at org.apache.ratis.thirdparty.io.netty.channel.socket.nio.NioSocketChannel.doFinishConnect(NioSocketChannel.java:327)
	at org.apache.ratis.thirdparty.io.netty.channel.nio.AbstractNioChannel$AbstractNioUnsafe.finishConnect(AbstractNioChannel.java:340)
	at org.apache.ratis.thirdparty.io.netty.channel.nio.NioEventLoop.processSelectedKey(NioEventLoop.java:632)
	at org.apache.ratis.thirdparty.io.netty.channel.nio.NioEventLoop.processSelectedKeysOptimized(NioEventLoop.java:579)
	at org.apache.ratis.thirdparty.io.netty.channel.nio.NioEventLoop.processSelectedKeys(NioEventLoop.java:496)
	at org.apache.ratis.thirdparty.io.netty.channel.nio.NioEventLoop.run(NioEventLoop.java:458)
	at org.apache.ratis.thirdparty.io.netty.util.concurrent.SingleThreadEventExecutor$5.run(SingleThreadEventExecutor.java:897)
	at org.apache.ratis.thirdparty.io.netty.util.concurrent.FastThreadLocalRunnable.run(FastThreadLocalRunnable.java:30)
	... 1 more
Caused by: java.net.ConnectException: Connection refused
	... 11 more
2019-11-15 01:00:54,046 [212c8f8f-349a-4c94-b732-b4c0454eae1b@group-8C05B86E69BD-LeaderElection184] INFO  impl.LeaderElection (LeaderElection.java:logAndReturn(56)) - 212c8f8f-349a-4c94-b732-b4c0454eae1b@group-8C05B86E69BD-LeaderElection184: Election REJECTED; received 0 response(s) [] and 2 exception(s); 212c8f8f-349a-4c94-b732-b4c0454eae1b@group-8C05B86E69BD:t3, leader=null, voted=212c8f8f-349a-4c94-b732-b4c0454eae1b, raftlog=212c8f8f-349a-4c94-b732-b4c0454eae1b@group-8C05B86E69BD-SegmentedRaftLog:OPENED:c0,f0,i0, conf=0: [0e91382f-cc67-4c48-b6bb-37ad8c3df0fd:192.168.164.208:33069, 10ab2f01-a163-4b0b-bdc9-1962e1c3543b:192.168.164.208:38174, 212c8f8f-349a-4c94-b732-b4c0454eae1b:192.168.164.208:37073], old=null
2019-11-15 01:00:54,046 [212c8f8f-349a-4c94-b732-b4c0454eae1b@group-8C05B86E69BD-LeaderElection184] INFO  impl.LeaderElection (LogUtils.java:infoOrTrace(149)) -   Exception 0: {}
java.util.concurrent.ExecutionException: org.apache.ratis.thirdparty.io.grpc.StatusRuntimeException: UNAVAILABLE: io exception
	at java.util.concurrent.FutureTask.report(FutureTask.java:122)
	at java.util.concurrent.FutureTask.get(FutureTask.java:192)
	at org.apache.ratis.server.impl.LeaderElection.waitForResults(LeaderElection.java:259)
	at org.apache.ratis.server.impl.LeaderElection.askForVotes(LeaderElection.java:197)
	at org.apache.ratis.server.impl.LeaderElection.run(LeaderElection.java:133)
	at java.lang.Thread.run(Thread.java:748)
Caused by: org.apache.ratis.thirdparty.io.grpc.StatusRuntimeException: UNAVAILABLE: io exception
	at org.apache.ratis.thirdparty.io.grpc.stub.ClientCalls.toStatusRuntimeException(ClientCalls.java:233)
	at org.apache.ratis.thirdparty.io.grpc.stub.ClientCalls.getUnchecked(ClientCalls.java:214)
	at org.apache.ratis.thirdparty.io.grpc.stub.ClientCalls.blockingUnaryCall(ClientCalls.java:139)
	at org.apache.ratis.proto.grpc.RaftServerProtocolServiceGrpc$RaftServerProtocolServiceBlockingStub.requestVote(RaftServerProtocolServiceGrpc.java:265)
	at org.apache.ratis.grpc.server.GrpcServerProtocolClient.requestVote(GrpcServerProtocolClient.java:99)
	at org.apache.ratis.grpc.server.GrpcService.requestVote(GrpcService.java:204)
	at org.apache.ratis.server.impl.LeaderElection.lambda$submitRequests$1(LeaderElection.java:234)
	at java.util.concurrent.FutureTask.run(FutureTask.java:266)
	at java.util.concurrent.Executors$RunnableAdapter.call(Executors.java:511)
	at java.util.concurrent.FutureTask.run(FutureTask.java:266)
	at java.util.concurrent.ThreadPoolExecutor.runWorker(ThreadPoolExecutor.java:1149)
	at java.util.concurrent.ThreadPoolExecutor$Worker.run(ThreadPoolExecutor.java:624)
	... 1 more
Caused by: org.apache.ratis.thirdparty.io.netty.channel.AbstractChannel$AnnotatedConnectException: Connection refused: /192.168.164.208:38174
	at sun.nio.ch.SocketChannelImpl.checkConnect(Native Method)
	at sun.nio.ch.SocketChannelImpl.finishConnect(SocketChannelImpl.java:717)
	at org.apache.ratis.thirdparty.io.netty.channel.socket.nio.NioSocketChannel.doFinishConnect(NioSocketChannel.java:327)
	at org.apache.ratis.thirdparty.io.netty.channel.nio.AbstractNioChannel$AbstractNioUnsafe.finishConnect(AbstractNioChannel.java:340)
	at org.apache.ratis.thirdparty.io.netty.channel.nio.NioEventLoop.processSelectedKey(NioEventLoop.java:632)
	at org.apache.ratis.thirdparty.io.netty.channel.nio.NioEventLoop.processSelectedKeysOptimized(NioEventLoop.java:579)
	at org.apache.ratis.thirdparty.io.netty.channel.nio.NioEventLoop.processSelectedKeys(NioEventLoop.java:496)
	at org.apache.ratis.thirdparty.io.netty.channel.nio.NioEventLoop.run(NioEventLoop.java:458)
	at org.apache.ratis.thirdparty.io.netty.util.concurrent.SingleThreadEventExecutor$5.run(SingleThreadEventExecutor.java:897)
	at org.apache.ratis.thirdparty.io.netty.util.concurrent.FastThreadLocalRunnable.run(FastThreadLocalRunnable.java:30)
	... 1 more
Caused by: java.net.ConnectException: Connection refused
	... 11 more
2019-11-15 01:00:54,047 [212c8f8f-349a-4c94-b732-b4c0454eae1b@group-8C05B86E69BD-LeaderElection184] INFO  impl.LeaderElection (LogUtils.java:infoOrTrace(149)) -   Exception 1: {}
java.util.concurrent.ExecutionException: org.apache.ratis.thirdparty.io.grpc.StatusRuntimeException: UNAVAILABLE: io exception
	at java.util.concurrent.FutureTask.report(FutureTask.java:122)
	at java.util.concurrent.FutureTask.get(FutureTask.java:192)
	at org.apache.ratis.server.impl.LeaderElection.waitForResults(LeaderElection.java:259)
	at org.apache.ratis.server.impl.LeaderElection.askForVotes(LeaderElection.java:197)
	at org.apache.ratis.server.impl.LeaderElection.run(LeaderElection.java:133)
	at java.lang.Thread.run(Thread.java:748)
Caused by: org.apache.ratis.thirdparty.io.grpc.StatusRuntimeException: UNAVAILABLE: io exception
	at org.apache.ratis.thirdparty.io.grpc.stub.ClientCalls.toStatusRuntimeException(ClientCalls.java:233)
	at org.apache.ratis.thirdparty.io.grpc.stub.ClientCalls.getUnchecked(ClientCalls.java:214)
	at org.apache.ratis.thirdparty.io.grpc.stub.ClientCalls.blockingUnaryCall(ClientCalls.java:139)
	at org.apache.ratis.proto.grpc.RaftServerProtocolServiceGrpc$RaftServerProtocolServiceBlockingStub.requestVote(RaftServerProtocolServiceGrpc.java:265)
	at org.apache.ratis.grpc.server.GrpcServerProtocolClient.requestVote(GrpcServerProtocolClient.java:99)
	at org.apache.ratis.grpc.server.GrpcService.requestVote(GrpcService.java:204)
	at org.apache.ratis.server.impl.LeaderElection.lambda$submitRequests$1(LeaderElection.java:234)
	at java.util.concurrent.FutureTask.run(FutureTask.java:266)
	at java.util.concurrent.Executors$RunnableAdapter.call(Executors.java:511)
	at java.util.concurrent.FutureTask.run(FutureTask.java:266)
	at java.util.concurrent.ThreadPoolExecutor.runWorker(ThreadPoolExecutor.java:1149)
	at java.util.concurrent.ThreadPoolExecutor$Worker.run(ThreadPoolExecutor.java:624)
	... 1 more
Caused by: org.apache.ratis.thirdparty.io.netty.channel.AbstractChannel$AnnotatedConnectException: Connection refused: /192.168.164.208:33069
	at sun.nio.ch.SocketChannelImpl.checkConnect(Native Method)
	at sun.nio.ch.SocketChannelImpl.finishConnect(SocketChannelImpl.java:717)
	at org.apache.ratis.thirdparty.io.netty.channel.socket.nio.NioSocketChannel.doFinishConnect(NioSocketChannel.java:327)
	at org.apache.ratis.thirdparty.io.netty.channel.nio.AbstractNioChannel$AbstractNioUnsafe.finishConnect(AbstractNioChannel.java:340)
	at org.apache.ratis.thirdparty.io.netty.channel.nio.NioEventLoop.processSelectedKey(NioEventLoop.java:632)
	at org.apache.ratis.thirdparty.io.netty.channel.nio.NioEventLoop.processSelectedKeysOptimized(NioEventLoop.java:579)
	at org.apache.ratis.thirdparty.io.netty.channel.nio.NioEventLoop.processSelectedKeys(NioEventLoop.java:496)
	at org.apache.ratis.thirdparty.io.netty.channel.nio.NioEventLoop.run(NioEventLoop.java:458)
	at org.apache.ratis.thirdparty.io.netty.util.concurrent.SingleThreadEventExecutor$5.run(SingleThreadEventExecutor.java:897)
	at org.apache.ratis.thirdparty.io.netty.util.concurrent.FastThreadLocalRunnable.run(FastThreadLocalRunnable.java:30)
	... 1 more
Caused by: java.net.ConnectException: Connection refused
	... 11 more
2019-11-15 01:00:54,047 [212c8f8f-349a-4c94-b732-b4c0454eae1b@group-8C05B86E69BD-LeaderElection184] INFO  impl.RaftServerImpl (RaftServerImpl.java:setRole(173)) - 212c8f8f-349a-4c94-b732-b4c0454eae1b@group-8C05B86E69BD: changes role from CANDIDATE to FOLLOWER at term 3 for DISCOVERED_A_NEW_TERM
2019-11-15 01:00:54,047 [212c8f8f-349a-4c94-b732-b4c0454eae1b@group-8C05B86E69BD-LeaderElection184] INFO  impl.RoleInfo (RoleInfo.java:shutdownLeaderElection(134)) - 212c8f8f-349a-4c94-b732-b4c0454eae1b: shutdown LeaderElection
2019-11-15 01:00:54,047 [212c8f8f-349a-4c94-b732-b4c0454eae1b@group-8C05B86E69BD-LeaderElection184] INFO  impl.RoleInfo (RoleInfo.java:updateAndGet(143)) - 212c8f8f-349a-4c94-b732-b4c0454eae1b: start FollowerState
2019-11-15 01:00:54,151 [Thread-4747] INFO  impl.FollowerState (FollowerState.java:run(111)) - e728dc25-e4b1-43c6-a53d-eff097089a23@group-C787A5EC6030-FollowerState: change to CANDIDATE, lastRpcTime:1149ms, electionTimeout:1149ms
2019-11-15 01:00:54,151 [Thread-4747] INFO  impl.RoleInfo (RoleInfo.java:shutdownFollowerState(121)) - e728dc25-e4b1-43c6-a53d-eff097089a23: shutdown FollowerState
2019-11-15 01:00:54,151 [Thread-4747] INFO  impl.RaftServerImpl (RaftServerImpl.java:setRole(173)) - e728dc25-e4b1-43c6-a53d-eff097089a23@group-C787A5EC6030: changes role from  FOLLOWER to CANDIDATE at term 2 for changeToCandidate
2019-11-15 01:00:54,151 [Thread-4747] INFO  impl.RoleInfo (RoleInfo.java:updateAndGet(143)) - e728dc25-e4b1-43c6-a53d-eff097089a23: start LeaderElection
2019-11-15 01:00:54,165 [e728dc25-e4b1-43c6-a53d-eff097089a23@group-C787A5EC6030-LeaderElection185] INFO  impl.LeaderElection (LeaderElection.java:askForVotes(178)) - e728dc25-e4b1-43c6-a53d-eff097089a23@group-C787A5EC6030-LeaderElection185: begin an election at term 3 for 0: [e728dc25-e4b1-43c6-a53d-eff097089a23:192.168.164.208:40846, c4061fea-d656-4029-8a52-0003cdc411ee:192.168.164.208:42567, 2b497d53-8cea-4a7e-98a0-4cfb87fd1475:192.168.164.208:45511], old=null
2019-11-15 01:00:54,166 [e728dc25-e4b1-43c6-a53d-eff097089a23@group-C787A5EC6030-LeaderElection185] INFO  impl.LeaderElection (LogUtils.java:infoOrTrace(149)) - e728dc25-e4b1-43c6-a53d-eff097089a23@group-C787A5EC6030-LeaderElection185 got exception when requesting votes: {}
java.util.concurrent.ExecutionException: org.apache.ratis.thirdparty.io.grpc.StatusRuntimeException: UNAVAILABLE: io exception
	at java.util.concurrent.FutureTask.report(FutureTask.java:122)
	at java.util.concurrent.FutureTask.get(FutureTask.java:192)
	at org.apache.ratis.server.impl.LeaderElection.waitForResults(LeaderElection.java:259)
	at org.apache.ratis.server.impl.LeaderElection.askForVotes(LeaderElection.java:197)
	at org.apache.ratis.server.impl.LeaderElection.run(LeaderElection.java:133)
	at java.lang.Thread.run(Thread.java:748)
Caused by: org.apache.ratis.thirdparty.io.grpc.StatusRuntimeException: UNAVAILABLE: io exception
	at org.apache.ratis.thirdparty.io.grpc.stub.ClientCalls.toStatusRuntimeException(ClientCalls.java:233)
	at org.apache.ratis.thirdparty.io.grpc.stub.ClientCalls.getUnchecked(ClientCalls.java:214)
	at org.apache.ratis.thirdparty.io.grpc.stub.ClientCalls.blockingUnaryCall(ClientCalls.java:139)
	at org.apache.ratis.proto.grpc.RaftServerProtocolServiceGrpc$RaftServerProtocolServiceBlockingStub.requestVote(RaftServerProtocolServiceGrpc.java:265)
	at org.apache.ratis.grpc.server.GrpcServerProtocolClient.requestVote(GrpcServerProtocolClient.java:99)
	at org.apache.ratis.grpc.server.GrpcService.requestVote(GrpcService.java:204)
	at org.apache.ratis.server.impl.LeaderElection.lambda$submitRequests$1(LeaderElection.java:234)
	at java.util.concurrent.FutureTask.run(FutureTask.java:266)
	at java.util.concurrent.Executors$RunnableAdapter.call(Executors.java:511)
	at java.util.concurrent.FutureTask.run(FutureTask.java:266)
	at java.util.concurrent.ThreadPoolExecutor.runWorker(ThreadPoolExecutor.java:1149)
	at java.util.concurrent.ThreadPoolExecutor$Worker.run(ThreadPoolExecutor.java:624)
	... 1 more
Caused by: org.apache.ratis.thirdparty.io.netty.channel.AbstractChannel$AnnotatedConnectException: Connection refused: /192.168.164.208:42567
	at sun.nio.ch.SocketChannelImpl.checkConnect(Native Method)
	at sun.nio.ch.SocketChannelImpl.finishConnect(SocketChannelImpl.java:717)
	at org.apache.ratis.thirdparty.io.netty.channel.socket.nio.NioSocketChannel.doFinishConnect(NioSocketChannel.java:327)
	at org.apache.ratis.thirdparty.io.netty.channel.nio.AbstractNioChannel$AbstractNioUnsafe.finishConnect(AbstractNioChannel.java:340)
	at org.apache.ratis.thirdparty.io.netty.channel.nio.NioEventLoop.processSelectedKey(NioEventLoop.java:632)
	at org.apache.ratis.thirdparty.io.netty.channel.nio.NioEventLoop.processSelectedKeysOptimized(NioEventLoop.java:579)
	at org.apache.ratis.thirdparty.io.netty.channel.nio.NioEventLoop.processSelectedKeys(NioEventLoop.java:496)
	at org.apache.ratis.thirdparty.io.netty.channel.nio.NioEventLoop.run(NioEventLoop.java:458)
	at org.apache.ratis.thirdparty.io.netty.util.concurrent.SingleThreadEventExecutor$5.run(SingleThreadEventExecutor.java:897)
	at org.apache.ratis.thirdparty.io.netty.util.concurrent.FastThreadLocalRunnable.run(FastThreadLocalRunnable.java:30)
	... 1 more
Caused by: java.net.ConnectException: Connection refused
	... 11 more
2019-11-15 01:00:54,167 [e728dc25-e4b1-43c6-a53d-eff097089a23@group-C787A5EC6030-LeaderElection185] INFO  impl.LeaderElection (LogUtils.java:infoOrTrace(149)) - e728dc25-e4b1-43c6-a53d-eff097089a23@group-C787A5EC6030-LeaderElection185 got exception when requesting votes: {}
java.util.concurrent.ExecutionException: org.apache.ratis.thirdparty.io.grpc.StatusRuntimeException: UNAVAILABLE: io exception
	at java.util.concurrent.FutureTask.report(FutureTask.java:122)
	at java.util.concurrent.FutureTask.get(FutureTask.java:192)
	at org.apache.ratis.server.impl.LeaderElection.waitForResults(LeaderElection.java:259)
	at org.apache.ratis.server.impl.LeaderElection.askForVotes(LeaderElection.java:197)
	at org.apache.ratis.server.impl.LeaderElection.run(LeaderElection.java:133)
	at java.lang.Thread.run(Thread.java:748)
Caused by: org.apache.ratis.thirdparty.io.grpc.StatusRuntimeException: UNAVAILABLE: io exception
	at org.apache.ratis.thirdparty.io.grpc.stub.ClientCalls.toStatusRuntimeException(ClientCalls.java:233)
	at org.apache.ratis.thirdparty.io.grpc.stub.ClientCalls.getUnchecked(ClientCalls.java:214)
	at org.apache.ratis.thirdparty.io.grpc.stub.ClientCalls.blockingUnaryCall(ClientCalls.java:139)
	at org.apache.ratis.proto.grpc.RaftServerProtocolServiceGrpc$RaftServerProtocolServiceBlockingStub.requestVote(RaftServerProtocolServiceGrpc.java:265)
	at org.apache.ratis.grpc.server.GrpcServerProtocolClient.requestVote(GrpcServerProtocolClient.java:99)
	at org.apache.ratis.grpc.server.GrpcService.requestVote(GrpcService.java:204)
	at org.apache.ratis.server.impl.LeaderElection.lambda$submitRequests$1(LeaderElection.java:234)
	at java.util.concurrent.FutureTask.run(FutureTask.java:266)
	at java.util.concurrent.Executors$RunnableAdapter.call(Executors.java:511)
	at java.util.concurrent.FutureTask.run(FutureTask.java:266)
	at java.util.concurrent.ThreadPoolExecutor.runWorker(ThreadPoolExecutor.java:1149)
	at java.util.concurrent.ThreadPoolExecutor$Worker.run(ThreadPoolExecutor.java:624)
	... 1 more
Caused by: org.apache.ratis.thirdparty.io.netty.channel.AbstractChannel$AnnotatedConnectException: Connection refused: /192.168.164.208:45511
	at sun.nio.ch.SocketChannelImpl.checkConnect(Native Method)
	at sun.nio.ch.SocketChannelImpl.finishConnect(SocketChannelImpl.java:717)
	at org.apache.ratis.thirdparty.io.netty.channel.socket.nio.NioSocketChannel.doFinishConnect(NioSocketChannel.java:327)
	at org.apache.ratis.thirdparty.io.netty.channel.nio.AbstractNioChannel$AbstractNioUnsafe.finishConnect(AbstractNioChannel.java:340)
	at org.apache.ratis.thirdparty.io.netty.channel.nio.NioEventLoop.processSelectedKey(NioEventLoop.java:632)
	at org.apache.ratis.thirdparty.io.netty.channel.nio.NioEventLoop.processSelectedKeysOptimized(NioEventLoop.java:579)
	at org.apache.ratis.thirdparty.io.netty.channel.nio.NioEventLoop.processSelectedKeys(NioEventLoop.java:496)
	at org.apache.ratis.thirdparty.io.netty.channel.nio.NioEventLoop.run(NioEventLoop.java:458)
	at org.apache.ratis.thirdparty.io.netty.util.concurrent.SingleThreadEventExecutor$5.run(SingleThreadEventExecutor.java:897)
	at org.apache.ratis.thirdparty.io.netty.util.concurrent.FastThreadLocalRunnable.run(FastThreadLocalRunnable.java:30)
	... 1 more
Caused by: java.net.ConnectException: Connection refused
	... 11 more
2019-11-15 01:00:54,167 [e728dc25-e4b1-43c6-a53d-eff097089a23@group-C787A5EC6030-LeaderElection185] INFO  impl.LeaderElection (LeaderElection.java:logAndReturn(56)) - e728dc25-e4b1-43c6-a53d-eff097089a23@group-C787A5EC6030-LeaderElection185: Election REJECTED; received 0 response(s) [] and 2 exception(s); e728dc25-e4b1-43c6-a53d-eff097089a23@group-C787A5EC6030:t3, leader=null, voted=e728dc25-e4b1-43c6-a53d-eff097089a23, raftlog=e728dc25-e4b1-43c6-a53d-eff097089a23@group-C787A5EC6030-SegmentedRaftLog:OPENED:c0,f0,i0, conf=0: [e728dc25-e4b1-43c6-a53d-eff097089a23:192.168.164.208:40846, c4061fea-d656-4029-8a52-0003cdc411ee:192.168.164.208:42567, 2b497d53-8cea-4a7e-98a0-4cfb87fd1475:192.168.164.208:45511], old=null
2019-11-15 01:00:54,167 [e728dc25-e4b1-43c6-a53d-eff097089a23@group-C787A5EC6030-LeaderElection185] INFO  impl.LeaderElection (LogUtils.java:infoOrTrace(149)) -   Exception 0: {}
java.util.concurrent.ExecutionException: org.apache.ratis.thirdparty.io.grpc.StatusRuntimeException: UNAVAILABLE: io exception
	at java.util.concurrent.FutureTask.report(FutureTask.java:122)
	at java.util.concurrent.FutureTask.get(FutureTask.java:192)
	at org.apache.ratis.server.impl.LeaderElection.waitForResults(LeaderElection.java:259)
	at org.apache.ratis.server.impl.LeaderElection.askForVotes(LeaderElection.java:197)
	at org.apache.ratis.server.impl.LeaderElection.run(LeaderElection.java:133)
	at java.lang.Thread.run(Thread.java:748)
Caused by: org.apache.ratis.thirdparty.io.grpc.StatusRuntimeException: UNAVAILABLE: io exception
	at org.apache.ratis.thirdparty.io.grpc.stub.ClientCalls.toStatusRuntimeException(ClientCalls.java:233)
	at org.apache.ratis.thirdparty.io.grpc.stub.ClientCalls.getUnchecked(ClientCalls.java:214)
	at org.apache.ratis.thirdparty.io.grpc.stub.ClientCalls.blockingUnaryCall(ClientCalls.java:139)
	at org.apache.ratis.proto.grpc.RaftServerProtocolServiceGrpc$RaftServerProtocolServiceBlockingStub.requestVote(RaftServerProtocolServiceGrpc.java:265)
	at org.apache.ratis.grpc.server.GrpcServerProtocolClient.requestVote(GrpcServerProtocolClient.java:99)
	at org.apache.ratis.grpc.server.GrpcService.requestVote(GrpcService.java:204)
	at org.apache.ratis.server.impl.LeaderElection.lambda$submitRequests$1(LeaderElection.java:234)
	at java.util.concurrent.FutureTask.run(FutureTask.java:266)
	at java.util.concurrent.Executors$RunnableAdapter.call(Executors.java:511)
	at java.util.concurrent.FutureTask.run(FutureTask.java:266)
	at java.util.concurrent.ThreadPoolExecutor.runWorker(ThreadPoolExecutor.java:1149)
	at java.util.concurrent.ThreadPoolExecutor$Worker.run(ThreadPoolExecutor.java:624)
	... 1 more
Caused by: org.apache.ratis.thirdparty.io.netty.channel.AbstractChannel$AnnotatedConnectException: Connection refused: /192.168.164.208:42567
	at sun.nio.ch.SocketChannelImpl.checkConnect(Native Method)
	at sun.nio.ch.SocketChannelImpl.finishConnect(SocketChannelImpl.java:717)
	at org.apache.ratis.thirdparty.io.netty.channel.socket.nio.NioSocketChannel.doFinishConnect(NioSocketChannel.java:327)
	at org.apache.ratis.thirdparty.io.netty.channel.nio.AbstractNioChannel$AbstractNioUnsafe.finishConnect(AbstractNioChannel.java:340)
	at org.apache.ratis.thirdparty.io.netty.channel.nio.NioEventLoop.processSelectedKey(NioEventLoop.java:632)
	at org.apache.ratis.thirdparty.io.netty.channel.nio.NioEventLoop.processSelectedKeysOptimized(NioEventLoop.java:579)
	at org.apache.ratis.thirdparty.io.netty.channel.nio.NioEventLoop.processSelectedKeys(NioEventLoop.java:496)
	at org.apache.ratis.thirdparty.io.netty.channel.nio.NioEventLoop.run(NioEventLoop.java:458)
	at org.apache.ratis.thirdparty.io.netty.util.concurrent.SingleThreadEventExecutor$5.run(SingleThreadEventExecutor.java:897)
	at org.apache.ratis.thirdparty.io.netty.util.concurrent.FastThreadLocalRunnable.run(FastThreadLocalRunnable.java:30)
	... 1 more
Caused by: java.net.ConnectException: Connection refused
	... 11 more
2019-11-15 01:00:54,168 [e728dc25-e4b1-43c6-a53d-eff097089a23@group-C787A5EC6030-LeaderElection185] INFO  impl.LeaderElection (LogUtils.java:infoOrTrace(149)) -   Exception 1: {}
java.util.concurrent.ExecutionException: org.apache.ratis.thirdparty.io.grpc.StatusRuntimeException: UNAVAILABLE: io exception
	at java.util.concurrent.FutureTask.report(FutureTask.java:122)
	at java.util.concurrent.FutureTask.get(FutureTask.java:192)
	at org.apache.ratis.server.impl.LeaderElection.waitForResults(LeaderElection.java:259)
	at org.apache.ratis.server.impl.LeaderElection.askForVotes(LeaderElection.java:197)
	at org.apache.ratis.server.impl.LeaderElection.run(LeaderElection.java:133)
	at java.lang.Thread.run(Thread.java:748)
Caused by: org.apache.ratis.thirdparty.io.grpc.StatusRuntimeException: UNAVAILABLE: io exception
	at org.apache.ratis.thirdparty.io.grpc.stub.ClientCalls.toStatusRuntimeException(ClientCalls.java:233)
	at org.apache.ratis.thirdparty.io.grpc.stub.ClientCalls.getUnchecked(ClientCalls.java:214)
	at org.apache.ratis.thirdparty.io.grpc.stub.ClientCalls.blockingUnaryCall(ClientCalls.java:139)
	at org.apache.ratis.proto.grpc.RaftServerProtocolServiceGrpc$RaftServerProtocolServiceBlockingStub.requestVote(RaftServerProtocolServiceGrpc.java:265)
	at org.apache.ratis.grpc.server.GrpcServerProtocolClient.requestVote(GrpcServerProtocolClient.java:99)
	at org.apache.ratis.grpc.server.GrpcService.requestVote(GrpcService.java:204)
	at org.apache.ratis.server.impl.LeaderElection.lambda$submitRequests$1(LeaderElection.java:234)
	at java.util.concurrent.FutureTask.run(FutureTask.java:266)
	at java.util.concurrent.Executors$RunnableAdapter.call(Executors.java:511)
	at java.util.concurrent.FutureTask.run(FutureTask.java:266)
	at java.util.concurrent.ThreadPoolExecutor.runWorker(ThreadPoolExecutor.java:1149)
	at java.util.concurrent.ThreadPoolExecutor$Worker.run(ThreadPoolExecutor.java:624)
	... 1 more
Caused by: org.apache.ratis.thirdparty.io.netty.channel.AbstractChannel$AnnotatedConnectException: Connection refused: /192.168.164.208:45511
	at sun.nio.ch.SocketChannelImpl.checkConnect(Native Method)
	at sun.nio.ch.SocketChannelImpl.finishConnect(SocketChannelImpl.java:717)
	at org.apache.ratis.thirdparty.io.netty.channel.socket.nio.NioSocketChannel.doFinishConnect(NioSocketChannel.java:327)
	at org.apache.ratis.thirdparty.io.netty.channel.nio.AbstractNioChannel$AbstractNioUnsafe.finishConnect(AbstractNioChannel.java:340)
	at org.apache.ratis.thirdparty.io.netty.channel.nio.NioEventLoop.processSelectedKey(NioEventLoop.java:632)
	at org.apache.ratis.thirdparty.io.netty.channel.nio.NioEventLoop.processSelectedKeysOptimized(NioEventLoop.java:579)
	at org.apache.ratis.thirdparty.io.netty.channel.nio.NioEventLoop.processSelectedKeys(NioEventLoop.java:496)
	at org.apache.ratis.thirdparty.io.netty.channel.nio.NioEventLoop.run(NioEventLoop.java:458)
	at org.apache.ratis.thirdparty.io.netty.util.concurrent.SingleThreadEventExecutor$5.run(SingleThreadEventExecutor.java:897)
	at org.apache.ratis.thirdparty.io.netty.util.concurrent.FastThreadLocalRunnable.run(FastThreadLocalRunnable.java:30)
	... 1 more
Caused by: java.net.ConnectException: Connection refused
	... 11 more
2019-11-15 01:00:54,168 [e728dc25-e4b1-43c6-a53d-eff097089a23@group-C787A5EC6030-LeaderElection185] INFO  impl.RaftServerImpl (RaftServerImpl.java:setRole(173)) - e728dc25-e4b1-43c6-a53d-eff097089a23@group-C787A5EC6030: changes role from CANDIDATE to FOLLOWER at term 3 for DISCOVERED_A_NEW_TERM
2019-11-15 01:00:54,168 [e728dc25-e4b1-43c6-a53d-eff097089a23@group-C787A5EC6030-LeaderElection185] INFO  impl.RoleInfo (RoleInfo.java:shutdownLeaderElection(134)) - e728dc25-e4b1-43c6-a53d-eff097089a23: shutdown LeaderElection
2019-11-15 01:00:54,168 [e728dc25-e4b1-43c6-a53d-eff097089a23@group-C787A5EC6030-LeaderElection185] INFO  impl.RoleInfo (RoleInfo.java:updateAndGet(143)) - e728dc25-e4b1-43c6-a53d-eff097089a23: start FollowerState
2019-11-15 01:00:54,269 [Thread-4751] INFO  impl.FollowerState (FollowerState.java:run(111)) - 3290c45a-dc7d-4c95-a586-1c6e32afef30@group-E58C27D02539-FollowerState: change to CANDIDATE, lastRpcTime:1190ms, electionTimeout:1190ms
2019-11-15 01:00:54,269 [Thread-4751] INFO  impl.RoleInfo (RoleInfo.java:shutdownFollowerState(121)) - 3290c45a-dc7d-4c95-a586-1c6e32afef30: shutdown FollowerState
2019-11-15 01:00:54,269 [Thread-4751] INFO  impl.RaftServerImpl (RaftServerImpl.java:setRole(173)) - 3290c45a-dc7d-4c95-a586-1c6e32afef30@group-E58C27D02539: changes role from  FOLLOWER to CANDIDATE at term 7 for changeToCandidate
2019-11-15 01:00:54,270 [Thread-4751] INFO  impl.RoleInfo (RoleInfo.java:updateAndGet(143)) - 3290c45a-dc7d-4c95-a586-1c6e32afef30: start LeaderElection
2019-11-15 01:00:54,282 [3290c45a-dc7d-4c95-a586-1c6e32afef30@group-E58C27D02539-LeaderElection186] INFO  impl.LeaderElection (LeaderElection.java:askForVotes(178)) - 3290c45a-dc7d-4c95-a586-1c6e32afef30@group-E58C27D02539-LeaderElection186: begin an election at term 8 for 0: [d068838d-6499-4b84-94b8-55225fdfdb1a:192.168.164.208:41973, 3290c45a-dc7d-4c95-a586-1c6e32afef30:192.168.164.208:44306, c7f93789-5ee9-40a1-8afd-58386fa54dde:192.168.164.208:38346], old=null
2019-11-15 01:00:54,283 [3290c45a-dc7d-4c95-a586-1c6e32afef30@group-E58C27D02539-LeaderElection186] INFO  impl.LeaderElection (LogUtils.java:infoOrTrace(149)) - 3290c45a-dc7d-4c95-a586-1c6e32afef30@group-E58C27D02539-LeaderElection186 got exception when requesting votes: {}
java.util.concurrent.ExecutionException: org.apache.ratis.thirdparty.io.grpc.StatusRuntimeException: UNAVAILABLE: io exception
	at java.util.concurrent.FutureTask.report(FutureTask.java:122)
	at java.util.concurrent.FutureTask.get(FutureTask.java:192)
	at org.apache.ratis.server.impl.LeaderElection.waitForResults(LeaderElection.java:259)
	at org.apache.ratis.server.impl.LeaderElection.askForVotes(LeaderElection.java:197)
	at org.apache.ratis.server.impl.LeaderElection.run(LeaderElection.java:133)
	at java.lang.Thread.run(Thread.java:748)
Caused by: org.apache.ratis.thirdparty.io.grpc.StatusRuntimeException: UNAVAILABLE: io exception
	at org.apache.ratis.thirdparty.io.grpc.stub.ClientCalls.toStatusRuntimeException(ClientCalls.java:233)
	at org.apache.ratis.thirdparty.io.grpc.stub.ClientCalls.getUnchecked(ClientCalls.java:214)
	at org.apache.ratis.thirdparty.io.grpc.stub.ClientCalls.blockingUnaryCall(ClientCalls.java:139)
	at org.apache.ratis.proto.grpc.RaftServerProtocolServiceGrpc$RaftServerProtocolServiceBlockingStub.requestVote(RaftServerProtocolServiceGrpc.java:265)
	at org.apache.ratis.grpc.server.GrpcServerProtocolClient.requestVote(GrpcServerProtocolClient.java:99)
	at org.apache.ratis.grpc.server.GrpcService.requestVote(GrpcService.java:204)
	at org.apache.ratis.server.impl.LeaderElection.lambda$submitRequests$1(LeaderElection.java:234)
	at java.util.concurrent.FutureTask.run(FutureTask.java:266)
	at java.util.concurrent.Executors$RunnableAdapter.call(Executors.java:511)
	at java.util.concurrent.FutureTask.run(FutureTask.java:266)
	at java.util.concurrent.ThreadPoolExecutor.runWorker(ThreadPoolExecutor.java:1149)
	at java.util.concurrent.ThreadPoolExecutor$Worker.run(ThreadPoolExecutor.java:624)
	... 1 more
Caused by: org.apache.ratis.thirdparty.io.netty.channel.AbstractChannel$AnnotatedConnectException: Connection refused: /192.168.164.208:41973
	at sun.nio.ch.SocketChannelImpl.checkConnect(Native Method)
	at sun.nio.ch.SocketChannelImpl.finishConnect(SocketChannelImpl.java:717)
	at org.apache.ratis.thirdparty.io.netty.channel.socket.nio.NioSocketChannel.doFinishConnect(NioSocketChannel.java:327)
	at org.apache.ratis.thirdparty.io.netty.channel.nio.AbstractNioChannel$AbstractNioUnsafe.finishConnect(AbstractNioChannel.java:340)
	at org.apache.ratis.thirdparty.io.netty.channel.nio.NioEventLoop.processSelectedKey(NioEventLoop.java:632)
	at org.apache.ratis.thirdparty.io.netty.channel.nio.NioEventLoop.processSelectedKeysOptimized(NioEventLoop.java:579)
	at org.apache.ratis.thirdparty.io.netty.channel.nio.NioEventLoop.processSelectedKeys(NioEventLoop.java:496)
	at org.apache.ratis.thirdparty.io.netty.channel.nio.NioEventLoop.run(NioEventLoop.java:458)
	at org.apache.ratis.thirdparty.io.netty.util.concurrent.SingleThreadEventExecutor$5.run(SingleThreadEventExecutor.java:897)
	at org.apache.ratis.thirdparty.io.netty.util.concurrent.FastThreadLocalRunnable.run(FastThreadLocalRunnable.java:30)
	... 1 more
Caused by: java.net.ConnectException: Connection refused
	... 11 more
2019-11-15 01:00:54,283 [3290c45a-dc7d-4c95-a586-1c6e32afef30@group-E58C27D02539-LeaderElection186] INFO  impl.LeaderElection (LogUtils.java:infoOrTrace(149)) - 3290c45a-dc7d-4c95-a586-1c6e32afef30@group-E58C27D02539-LeaderElection186 got exception when requesting votes: {}
java.util.concurrent.ExecutionException: org.apache.ratis.thirdparty.io.grpc.StatusRuntimeException: UNAVAILABLE: io exception
	at java.util.concurrent.FutureTask.report(FutureTask.java:122)
	at java.util.concurrent.FutureTask.get(FutureTask.java:192)
	at org.apache.ratis.server.impl.LeaderElection.waitForResults(LeaderElection.java:259)
	at org.apache.ratis.server.impl.LeaderElection.askForVotes(LeaderElection.java:197)
	at org.apache.ratis.server.impl.LeaderElection.run(LeaderElection.java:133)
	at java.lang.Thread.run(Thread.java:748)
Caused by: org.apache.ratis.thirdparty.io.grpc.StatusRuntimeException: UNAVAILABLE: io exception
	at org.apache.ratis.thirdparty.io.grpc.stub.ClientCalls.toStatusRuntimeException(ClientCalls.java:233)
	at org.apache.ratis.thirdparty.io.grpc.stub.ClientCalls.getUnchecked(ClientCalls.java:214)
	at org.apache.ratis.thirdparty.io.grpc.stub.ClientCalls.blockingUnaryCall(ClientCalls.java:139)
	at org.apache.ratis.proto.grpc.RaftServerProtocolServiceGrpc$RaftServerProtocolServiceBlockingStub.requestVote(RaftServerProtocolServiceGrpc.java:265)
	at org.apache.ratis.grpc.server.GrpcServerProtocolClient.requestVote(GrpcServerProtocolClient.java:99)
	at org.apache.ratis.grpc.server.GrpcService.requestVote(GrpcService.java:204)
	at org.apache.ratis.server.impl.LeaderElection.lambda$submitRequests$1(LeaderElection.java:234)
	at java.util.concurrent.FutureTask.run(FutureTask.java:266)
	at java.util.concurrent.Executors$RunnableAdapter.call(Executors.java:511)
	at java.util.concurrent.FutureTask.run(FutureTask.java:266)
	at java.util.concurrent.ThreadPoolExecutor.runWorker(ThreadPoolExecutor.java:1149)
	at java.util.concurrent.ThreadPoolExecutor$Worker.run(ThreadPoolExecutor.java:624)
	... 1 more
Caused by: org.apache.ratis.thirdparty.io.netty.channel.AbstractChannel$AnnotatedConnectException: Connection refused: /192.168.164.208:38346
	at sun.nio.ch.SocketChannelImpl.checkConnect(Native Method)
	at sun.nio.ch.SocketChannelImpl.finishConnect(SocketChannelImpl.java:717)
	at org.apache.ratis.thirdparty.io.netty.channel.socket.nio.NioSocketChannel.doFinishConnect(NioSocketChannel.java:327)
	at org.apache.ratis.thirdparty.io.netty.channel.nio.AbstractNioChannel$AbstractNioUnsafe.finishConnect(AbstractNioChannel.java:340)
	at org.apache.ratis.thirdparty.io.netty.channel.nio.NioEventLoop.processSelectedKey(NioEventLoop.java:632)
	at org.apache.ratis.thirdparty.io.netty.channel.nio.NioEventLoop.processSelectedKeysOptimized(NioEventLoop.java:579)
	at org.apache.ratis.thirdparty.io.netty.channel.nio.NioEventLoop.processSelectedKeys(NioEventLoop.java:496)
	at org.apache.ratis.thirdparty.io.netty.channel.nio.NioEventLoop.run(NioEventLoop.java:458)
	at org.apache.ratis.thirdparty.io.netty.util.concurrent.SingleThreadEventExecutor$5.run(SingleThreadEventExecutor.java:897)
	at org.apache.ratis.thirdparty.io.netty.util.concurrent.FastThreadLocalRunnable.run(FastThreadLocalRunnable.java:30)
	... 1 more
Caused by: java.net.ConnectException: Connection refused
	... 11 more
2019-11-15 01:00:54,283 [3290c45a-dc7d-4c95-a586-1c6e32afef30@group-E58C27D02539-LeaderElection186] INFO  impl.LeaderElection (LeaderElection.java:logAndReturn(56)) - 3290c45a-dc7d-4c95-a586-1c6e32afef30@group-E58C27D02539-LeaderElection186: Election REJECTED; received 0 response(s) [] and 2 exception(s); 3290c45a-dc7d-4c95-a586-1c6e32afef30@group-E58C27D02539:t8, leader=null, voted=3290c45a-dc7d-4c95-a586-1c6e32afef30, raftlog=3290c45a-dc7d-4c95-a586-1c6e32afef30@group-E58C27D02539-SegmentedRaftLog:OPENED:c7,f7,i7, conf=0: [d068838d-6499-4b84-94b8-55225fdfdb1a:192.168.164.208:41973, 3290c45a-dc7d-4c95-a586-1c6e32afef30:192.168.164.208:44306, c7f93789-5ee9-40a1-8afd-58386fa54dde:192.168.164.208:38346], old=null
2019-11-15 01:00:54,283 [3290c45a-dc7d-4c95-a586-1c6e32afef30@group-E58C27D02539-LeaderElection186] INFO  impl.LeaderElection (LogUtils.java:infoOrTrace(149)) -   Exception 0: {}
java.util.concurrent.ExecutionException: org.apache.ratis.thirdparty.io.grpc.StatusRuntimeException: UNAVAILABLE: io exception
	at java.util.concurrent.FutureTask.report(FutureTask.java:122)
	at java.util.concurrent.FutureTask.get(FutureTask.java:192)
	at org.apache.ratis.server.impl.LeaderElection.waitForResults(LeaderElection.java:259)
	at org.apache.ratis.server.impl.LeaderElection.askForVotes(LeaderElection.java:197)
	at org.apache.ratis.server.impl.LeaderElection.run(LeaderElection.java:133)
	at java.lang.Thread.run(Thread.java:748)
Caused by: org.apache.ratis.thirdparty.io.grpc.StatusRuntimeException: UNAVAILABLE: io exception
	at org.apache.ratis.thirdparty.io.grpc.stub.ClientCalls.toStatusRuntimeException(ClientCalls.java:233)
	at org.apache.ratis.thirdparty.io.grpc.stub.ClientCalls.getUnchecked(ClientCalls.java:214)
	at org.apache.ratis.thirdparty.io.grpc.stub.ClientCalls.blockingUnaryCall(ClientCalls.java:139)
	at org.apache.ratis.proto.grpc.RaftServerProtocolServiceGrpc$RaftServerProtocolServiceBlockingStub.requestVote(RaftServerProtocolServiceGrpc.java:265)
	at org.apache.ratis.grpc.server.GrpcServerProtocolClient.requestVote(GrpcServerProtocolClient.java:99)
	at org.apache.ratis.grpc.server.GrpcService.requestVote(GrpcService.java:204)
	at org.apache.ratis.server.impl.LeaderElection.lambda$submitRequests$1(LeaderElection.java:234)
	at java.util.concurrent.FutureTask.run(FutureTask.java:266)
	at java.util.concurrent.Executors$RunnableAdapter.call(Executors.java:511)
	at java.util.concurrent.FutureTask.run(FutureTask.java:266)
	at java.util.concurrent.ThreadPoolExecutor.runWorker(ThreadPoolExecutor.java:1149)
	at java.util.concurrent.ThreadPoolExecutor$Worker.run(ThreadPoolExecutor.java:624)
	... 1 more
Caused by: org.apache.ratis.thirdparty.io.netty.channel.AbstractChannel$AnnotatedConnectException: Connection refused: /192.168.164.208:41973
	at sun.nio.ch.SocketChannelImpl.checkConnect(Native Method)
	at sun.nio.ch.SocketChannelImpl.finishConnect(SocketChannelImpl.java:717)
	at org.apache.ratis.thirdparty.io.netty.channel.socket.nio.NioSocketChannel.doFinishConnect(NioSocketChannel.java:327)
	at org.apache.ratis.thirdparty.io.netty.channel.nio.AbstractNioChannel$AbstractNioUnsafe.finishConnect(AbstractNioChannel.java:340)
	at org.apache.ratis.thirdparty.io.netty.channel.nio.NioEventLoop.processSelectedKey(NioEventLoop.java:632)
	at org.apache.ratis.thirdparty.io.netty.channel.nio.NioEventLoop.processSelectedKeysOptimized(NioEventLoop.java:579)
	at org.apache.ratis.thirdparty.io.netty.channel.nio.NioEventLoop.processSelectedKeys(NioEventLoop.java:496)
	at org.apache.ratis.thirdparty.io.netty.channel.nio.NioEventLoop.run(NioEventLoop.java:458)
	at org.apache.ratis.thirdparty.io.netty.util.concurrent.SingleThreadEventExecutor$5.run(SingleThreadEventExecutor.java:897)
	at org.apache.ratis.thirdparty.io.netty.util.concurrent.FastThreadLocalRunnable.run(FastThreadLocalRunnable.java:30)
	... 1 more
Caused by: java.net.ConnectException: Connection refused
	... 11 more
2019-11-15 01:00:54,283 [3290c45a-dc7d-4c95-a586-1c6e32afef30@group-E58C27D02539-LeaderElection186] INFO  impl.LeaderElection (LogUtils.java:infoOrTrace(149)) -   Exception 1: {}
java.util.concurrent.ExecutionException: org.apache.ratis.thirdparty.io.grpc.StatusRuntimeException: UNAVAILABLE: io exception
	at java.util.concurrent.FutureTask.report(FutureTask.java:122)
	at java.util.concurrent.FutureTask.get(FutureTask.java:192)
	at org.apache.ratis.server.impl.LeaderElection.waitForResults(LeaderElection.java:259)
	at org.apache.ratis.server.impl.LeaderElection.askForVotes(LeaderElection.java:197)
	at org.apache.ratis.server.impl.LeaderElection.run(LeaderElection.java:133)
	at java.lang.Thread.run(Thread.java:748)
Caused by: org.apache.ratis.thirdparty.io.grpc.StatusRuntimeException: UNAVAILABLE: io exception
	at org.apache.ratis.thirdparty.io.grpc.stub.ClientCalls.toStatusRuntimeException(ClientCalls.java:233)
	at org.apache.ratis.thirdparty.io.grpc.stub.ClientCalls.getUnchecked(ClientCalls.java:214)
	at org.apache.ratis.thirdparty.io.grpc.stub.ClientCalls.blockingUnaryCall(ClientCalls.java:139)
	at org.apache.ratis.proto.grpc.RaftServerProtocolServiceGrpc$RaftServerProtocolServiceBlockingStub.requestVote(RaftServerProtocolServiceGrpc.java:265)
	at org.apache.ratis.grpc.server.GrpcServerProtocolClient.requestVote(GrpcServerProtocolClient.java:99)
	at org.apache.ratis.grpc.server.GrpcService.requestVote(GrpcService.java:204)
	at org.apache.ratis.server.impl.LeaderElection.lambda$submitRequests$1(LeaderElection.java:234)
	at java.util.concurrent.FutureTask.run(FutureTask.java:266)
	at java.util.concurrent.Executors$RunnableAdapter.call(Executors.java:511)
	at java.util.concurrent.FutureTask.run(FutureTask.java:266)
	at java.util.concurrent.ThreadPoolExecutor.runWorker(ThreadPoolExecutor.java:1149)
	at java.util.concurrent.ThreadPoolExecutor$Worker.run(ThreadPoolExecutor.java:624)
	... 1 more
Caused by: org.apache.ratis.thirdparty.io.netty.channel.AbstractChannel$AnnotatedConnectException: Connection refused: /192.168.164.208:38346
	at sun.nio.ch.SocketChannelImpl.checkConnect(Native Method)
	at sun.nio.ch.SocketChannelImpl.finishConnect(SocketChannelImpl.java:717)
	at org.apache.ratis.thirdparty.io.netty.channel.socket.nio.NioSocketChannel.doFinishConnect(NioSocketChannel.java:327)
	at org.apache.ratis.thirdparty.io.netty.channel.nio.AbstractNioChannel$AbstractNioUnsafe.finishConnect(AbstractNioChannel.java:340)
	at org.apache.ratis.thirdparty.io.netty.channel.nio.NioEventLoop.processSelectedKey(NioEventLoop.java:632)
	at org.apache.ratis.thirdparty.io.netty.channel.nio.NioEventLoop.processSelectedKeysOptimized(NioEventLoop.java:579)
	at org.apache.ratis.thirdparty.io.netty.channel.nio.NioEventLoop.processSelectedKeys(NioEventLoop.java:496)
	at org.apache.ratis.thirdparty.io.netty.channel.nio.NioEventLoop.run(NioEventLoop.java:458)
	at org.apache.ratis.thirdparty.io.netty.util.concurrent.SingleThreadEventExecutor$5.run(SingleThreadEventExecutor.java:897)
	at org.apache.ratis.thirdparty.io.netty.util.concurrent.FastThreadLocalRunnable.run(FastThreadLocalRunnable.java:30)
	... 1 more
Caused by: java.net.ConnectException: Connection refused
	... 11 more
2019-11-15 01:00:54,284 [3290c45a-dc7d-4c95-a586-1c6e32afef30@group-E58C27D02539-LeaderElection186] INFO  impl.RaftServerImpl (RaftServerImpl.java:setRole(173)) - 3290c45a-dc7d-4c95-a586-1c6e32afef30@group-E58C27D02539: changes role from CANDIDATE to FOLLOWER at term 8 for DISCOVERED_A_NEW_TERM
2019-11-15 01:00:54,284 [3290c45a-dc7d-4c95-a586-1c6e32afef30@group-E58C27D02539-LeaderElection186] INFO  impl.RoleInfo (RoleInfo.java:shutdownLeaderElection(134)) - 3290c45a-dc7d-4c95-a586-1c6e32afef30: shutdown LeaderElection
2019-11-15 01:00:54,284 [3290c45a-dc7d-4c95-a586-1c6e32afef30@group-E58C27D02539-LeaderElection186] INFO  impl.RoleInfo (RoleInfo.java:updateAndGet(143)) - 3290c45a-dc7d-4c95-a586-1c6e32afef30: start FollowerState
2019-11-15 01:00:54,334 [Thread-4766] INFO  client.GrpcClientProtocolService (GrpcClientProtocolService.java:lambda$processClientRequest$0(279)) - Failed RaftClientRequest:client-36CBF630059C->3290c45a-dc7d-4c95-a586-1c6e32afef30@group-E58C27D02539, cid=279, seq=0, Watch-ALL_COMMITTED(2), Message:<EMPTY>, reply=RaftClientReply:client-36CBF630059C->3290c45a-dc7d-4c95-a586-1c6e32afef30@group-E58C27D02539, cid=279, FAILED org.apache.ratis.protocol.NotLeaderException: Server 3290c45a-dc7d-4c95-a586-1c6e32afef30@group-E58C27D02539 is not the leader, logIndex=0, commits[3290c45a-dc7d-4c95-a586-1c6e32afef30:c7, d068838d-6499-4b84-94b8-55225fdfdb1a:c7, c7f93789-5ee9-40a1-8afd-58386fa54dde:c0]
2019-11-15 01:00:55,144 [Thread-4757] INFO  impl.FollowerState (FollowerState.java:run(111)) - 212c8f8f-349a-4c94-b732-b4c0454eae1b@group-8C05B86E69BD-FollowerState: change to CANDIDATE, lastRpcTime:1096ms, electionTimeout:1096ms
2019-11-15 01:00:55,146 [Thread-4757] INFO  impl.RoleInfo (RoleInfo.java:shutdownFollowerState(121)) - 212c8f8f-349a-4c94-b732-b4c0454eae1b: shutdown FollowerState
2019-11-15 01:00:55,146 [Thread-4757] INFO  impl.RaftServerImpl (RaftServerImpl.java:setRole(173)) - 212c8f8f-349a-4c94-b732-b4c0454eae1b@group-8C05B86E69BD: changes role from  FOLLOWER to CANDIDATE at term 3 for changeToCandidate
2019-11-15 01:00:55,147 [Thread-4757] INFO  impl.RoleInfo (RoleInfo.java:updateAndGet(143)) - 212c8f8f-349a-4c94-b732-b4c0454eae1b: start LeaderElection
2019-11-15 01:00:55,173 [212c8f8f-349a-4c94-b732-b4c0454eae1b@group-8C05B86E69BD-LeaderElection187] INFO  impl.LeaderElection (LeaderElection.java:askForVotes(178)) - 212c8f8f-349a-4c94-b732-b4c0454eae1b@group-8C05B86E69BD-LeaderElection187: begin an election at term 4 for 0: [0e91382f-cc67-4c48-b6bb-37ad8c3df0fd:192.168.164.208:33069, 10ab2f01-a163-4b0b-bdc9-1962e1c3543b:192.168.164.208:38174, 212c8f8f-349a-4c94-b732-b4c0454eae1b:192.168.164.208:37073], old=null
2019-11-15 01:00:55,177 [212c8f8f-349a-4c94-b732-b4c0454eae1b@group-8C05B86E69BD-LeaderElection187] INFO  impl.LeaderElection (LogUtils.java:infoOrTrace(149)) - 212c8f8f-349a-4c94-b732-b4c0454eae1b@group-8C05B86E69BD-LeaderElection187 got exception when requesting votes: {}
java.util.concurrent.ExecutionException: org.apache.ratis.thirdparty.io.grpc.StatusRuntimeException: UNAVAILABLE: io exception
	at java.util.concurrent.FutureTask.report(FutureTask.java:122)
	at java.util.concurrent.FutureTask.get(FutureTask.java:192)
	at org.apache.ratis.server.impl.LeaderElection.waitForResults(LeaderElection.java:259)
	at org.apache.ratis.server.impl.LeaderElection.askForVotes(LeaderElection.java:197)
	at org.apache.ratis.server.impl.LeaderElection.run(LeaderElection.java:133)
	at java.lang.Thread.run(Thread.java:748)
Caused by: org.apache.ratis.thirdparty.io.grpc.StatusRuntimeException: UNAVAILABLE: io exception
	at org.apache.ratis.thirdparty.io.grpc.stub.ClientCalls.toStatusRuntimeException(ClientCalls.java:233)
	at org.apache.ratis.thirdparty.io.grpc.stub.ClientCalls.getUnchecked(ClientCalls.java:214)
	at org.apache.ratis.thirdparty.io.grpc.stub.ClientCalls.blockingUnaryCall(ClientCalls.java:139)
	at org.apache.ratis.proto.grpc.RaftServerProtocolServiceGrpc$RaftServerProtocolServiceBlockingStub.requestVote(RaftServerProtocolServiceGrpc.java:265)
	at org.apache.ratis.grpc.server.GrpcServerProtocolClient.requestVote(GrpcServerProtocolClient.java:99)
	at org.apache.ratis.grpc.server.GrpcService.requestVote(GrpcService.java:204)
	at org.apache.ratis.server.impl.LeaderElection.lambda$submitRequests$1(LeaderElection.java:234)
	at java.util.concurrent.FutureTask.run(FutureTask.java:266)
	at java.util.concurrent.Executors$RunnableAdapter.call(Executors.java:511)
	at java.util.concurrent.FutureTask.run(FutureTask.java:266)
	at java.util.concurrent.ThreadPoolExecutor.runWorker(ThreadPoolExecutor.java:1149)
	at java.util.concurrent.ThreadPoolExecutor$Worker.run(ThreadPoolExecutor.java:624)
	... 1 more
Caused by: org.apache.ratis.thirdparty.io.netty.channel.AbstractChannel$AnnotatedConnectException: Connection refused: /192.168.164.208:33069
	at sun.nio.ch.SocketChannelImpl.checkConnect(Native Method)
	at sun.nio.ch.SocketChannelImpl.finishConnect(SocketChannelImpl.java:717)
	at org.apache.ratis.thirdparty.io.netty.channel.socket.nio.NioSocketChannel.doFinishConnect(NioSocketChannel.java:327)
	at org.apache.ratis.thirdparty.io.netty.channel.nio.AbstractNioChannel$AbstractNioUnsafe.finishConnect(AbstractNioChannel.java:340)
	at org.apache.ratis.thirdparty.io.netty.channel.nio.NioEventLoop.processSelectedKey(NioEventLoop.java:632)
	at org.apache.ratis.thirdparty.io.netty.channel.nio.NioEventLoop.processSelectedKeysOptimized(NioEventLoop.java:579)
	at org.apache.ratis.thirdparty.io.netty.channel.nio.NioEventLoop.processSelectedKeys(NioEventLoop.java:496)
	at org.apache.ratis.thirdparty.io.netty.channel.nio.NioEventLoop.run(NioEventLoop.java:458)
	at org.apache.ratis.thirdparty.io.netty.util.concurrent.SingleThreadEventExecutor$5.run(SingleThreadEventExecutor.java:897)
	at org.apache.ratis.thirdparty.io.netty.util.concurrent.FastThreadLocalRunnable.run(FastThreadLocalRunnable.java:30)
	... 1 more
Caused by: java.net.ConnectException: Connection refused
	... 11 more
2019-11-15 01:00:55,178 [212c8f8f-349a-4c94-b732-b4c0454eae1b@group-8C05B86E69BD-LeaderElection187] INFO  impl.LeaderElection (LogUtils.java:infoOrTrace(149)) - 212c8f8f-349a-4c94-b732-b4c0454eae1b@group-8C05B86E69BD-LeaderElection187 got exception when requesting votes: {}
java.util.concurrent.ExecutionException: org.apache.ratis.thirdparty.io.grpc.StatusRuntimeException: UNAVAILABLE: io exception
	at java.util.concurrent.FutureTask.report(FutureTask.java:122)
	at java.util.concurrent.FutureTask.get(FutureTask.java:192)
	at org.apache.ratis.server.impl.LeaderElection.waitForResults(LeaderElection.java:259)
	at org.apache.ratis.server.impl.LeaderElection.askForVotes(LeaderElection.java:197)
	at org.apache.ratis.server.impl.LeaderElection.run(LeaderElection.java:133)
	at java.lang.Thread.run(Thread.java:748)
Caused by: org.apache.ratis.thirdparty.io.grpc.StatusRuntimeException: UNAVAILABLE: io exception
	at org.apache.ratis.thirdparty.io.grpc.stub.ClientCalls.toStatusRuntimeException(ClientCalls.java:233)
	at org.apache.ratis.thirdparty.io.grpc.stub.ClientCalls.getUnchecked(ClientCalls.java:214)
	at org.apache.ratis.thirdparty.io.grpc.stub.ClientCalls.blockingUnaryCall(ClientCalls.java:139)
	at org.apache.ratis.proto.grpc.RaftServerProtocolServiceGrpc$RaftServerProtocolServiceBlockingStub.requestVote(RaftServerProtocolServiceGrpc.java:265)
	at org.apache.ratis.grpc.server.GrpcServerProtocolClient.requestVote(GrpcServerProtocolClient.java:99)
	at org.apache.ratis.grpc.server.GrpcService.requestVote(GrpcService.java:204)
	at org.apache.ratis.server.impl.LeaderElection.lambda$submitRequests$1(LeaderElection.java:234)
	at java.util.concurrent.FutureTask.run(FutureTask.java:266)
	at java.util.concurrent.Executors$RunnableAdapter.call(Executors.java:511)
	at java.util.concurrent.FutureTask.run(FutureTask.java:266)
	at java.util.concurrent.ThreadPoolExecutor.runWorker(ThreadPoolExecutor.java:1149)
	at java.util.concurrent.ThreadPoolExecutor$Worker.run(ThreadPoolExecutor.java:624)
	... 1 more
Caused by: org.apache.ratis.thirdparty.io.netty.channel.AbstractChannel$AnnotatedConnectException: Connection refused: /192.168.164.208:38174
	at sun.nio.ch.SocketChannelImpl.checkConnect(Native Method)
	at sun.nio.ch.SocketChannelImpl.finishConnect(SocketChannelImpl.java:717)
	at org.apache.ratis.thirdparty.io.netty.channel.socket.nio.NioSocketChannel.doFinishConnect(NioSocketChannel.java:327)
	at org.apache.ratis.thirdparty.io.netty.channel.nio.AbstractNioChannel$AbstractNioUnsafe.finishConnect(AbstractNioChannel.java:340)
	at org.apache.ratis.thirdparty.io.netty.channel.nio.NioEventLoop.processSelectedKey(NioEventLoop.java:632)
	at org.apache.ratis.thirdparty.io.netty.channel.nio.NioEventLoop.processSelectedKeysOptimized(NioEventLoop.java:579)
	at org.apache.ratis.thirdparty.io.netty.channel.nio.NioEventLoop.processSelectedKeys(NioEventLoop.java:496)
	at org.apache.ratis.thirdparty.io.netty.channel.nio.NioEventLoop.run(NioEventLoop.java:458)
	at org.apache.ratis.thirdparty.io.netty.util.concurrent.SingleThreadEventExecutor$5.run(SingleThreadEventExecutor.java:897)
	at org.apache.ratis.thirdparty.io.netty.util.concurrent.FastThreadLocalRunnable.run(FastThreadLocalRunnable.java:30)
	... 1 more
Caused by: java.net.ConnectException: Connection refused
	... 11 more
2019-11-15 01:00:55,179 [212c8f8f-349a-4c94-b732-b4c0454eae1b@group-8C05B86E69BD-LeaderElection187] INFO  impl.LeaderElection (LeaderElection.java:logAndReturn(56)) - 212c8f8f-349a-4c94-b732-b4c0454eae1b@group-8C05B86E69BD-LeaderElection187: Election REJECTED; received 0 response(s) [] and 2 exception(s); 212c8f8f-349a-4c94-b732-b4c0454eae1b@group-8C05B86E69BD:t4, leader=null, voted=212c8f8f-349a-4c94-b732-b4c0454eae1b, raftlog=212c8f8f-349a-4c94-b732-b4c0454eae1b@group-8C05B86E69BD-SegmentedRaftLog:OPENED:c0,f0,i0, conf=0: [0e91382f-cc67-4c48-b6bb-37ad8c3df0fd:192.168.164.208:33069, 10ab2f01-a163-4b0b-bdc9-1962e1c3543b:192.168.164.208:38174, 212c8f8f-349a-4c94-b732-b4c0454eae1b:192.168.164.208:37073], old=null
2019-11-15 01:00:55,179 [212c8f8f-349a-4c94-b732-b4c0454eae1b@group-8C05B86E69BD-LeaderElection187] INFO  impl.LeaderElection (LogUtils.java:infoOrTrace(149)) -   Exception 0: {}
java.util.concurrent.ExecutionException: org.apache.ratis.thirdparty.io.grpc.StatusRuntimeException: UNAVAILABLE: io exception
	at java.util.concurrent.FutureTask.report(FutureTask.java:122)
	at java.util.concurrent.FutureTask.get(FutureTask.java:192)
	at org.apache.ratis.server.impl.LeaderElection.waitForResults(LeaderElection.java:259)
	at org.apache.ratis.server.impl.LeaderElection.askForVotes(LeaderElection.java:197)
	at org.apache.ratis.server.impl.LeaderElection.run(LeaderElection.java:133)
	at java.lang.Thread.run(Thread.java:748)
Caused by: org.apache.ratis.thirdparty.io.grpc.StatusRuntimeException: UNAVAILABLE: io exception
	at org.apache.ratis.thirdparty.io.grpc.stub.ClientCalls.toStatusRuntimeException(ClientCalls.java:233)
	at org.apache.ratis.thirdparty.io.grpc.stub.ClientCalls.getUnchecked(ClientCalls.java:214)
	at org.apache.ratis.thirdparty.io.grpc.stub.ClientCalls.blockingUnaryCall(ClientCalls.java:139)
	at org.apache.ratis.proto.grpc.RaftServerProtocolServiceGrpc$RaftServerProtocolServiceBlockingStub.requestVote(RaftServerProtocolServiceGrpc.java:265)
	at org.apache.ratis.grpc.server.GrpcServerProtocolClient.requestVote(GrpcServerProtocolClient.java:99)
	at org.apache.ratis.grpc.server.GrpcService.requestVote(GrpcService.java:204)
	at org.apache.ratis.server.impl.LeaderElection.lambda$submitRequests$1(LeaderElection.java:234)
	at java.util.concurrent.FutureTask.run(FutureTask.java:266)
	at java.util.concurrent.Executors$RunnableAdapter.call(Executors.java:511)
	at java.util.concurrent.FutureTask.run(FutureTask.java:266)
	at java.util.concurrent.ThreadPoolExecutor.runWorker(ThreadPoolExecutor.java:1149)
	at java.util.concurrent.ThreadPoolExecutor$Worker.run(ThreadPoolExecutor.java:624)
	... 1 more
Caused by: org.apache.ratis.thirdparty.io.netty.channel.AbstractChannel$AnnotatedConnectException: Connection refused: /192.168.164.208:33069
	at sun.nio.ch.SocketChannelImpl.checkConnect(Native Method)
	at sun.nio.ch.SocketChannelImpl.finishConnect(SocketChannelImpl.java:717)
	at org.apache.ratis.thirdparty.io.netty.channel.socket.nio.NioSocketChannel.doFinishConnect(NioSocketChannel.java:327)
	at org.apache.ratis.thirdparty.io.netty.channel.nio.AbstractNioChannel$AbstractNioUnsafe.finishConnect(AbstractNioChannel.java:340)
	at org.apache.ratis.thirdparty.io.netty.channel.nio.NioEventLoop.processSelectedKey(NioEventLoop.java:632)
	at org.apache.ratis.thirdparty.io.netty.channel.nio.NioEventLoop.processSelectedKeysOptimized(NioEventLoop.java:579)
	at org.apache.ratis.thirdparty.io.netty.channel.nio.NioEventLoop.processSelectedKeys(NioEventLoop.java:496)
	at org.apache.ratis.thirdparty.io.netty.channel.nio.NioEventLoop.run(NioEventLoop.java:458)
	at org.apache.ratis.thirdparty.io.netty.util.concurrent.SingleThreadEventExecutor$5.run(SingleThreadEventExecutor.java:897)
	at org.apache.ratis.thirdparty.io.netty.util.concurrent.FastThreadLocalRunnable.run(FastThreadLocalRunnable.java:30)
	... 1 more
Caused by: java.net.ConnectException: Connection refused
	... 11 more
2019-11-15 01:00:55,179 [212c8f8f-349a-4c94-b732-b4c0454eae1b@group-8C05B86E69BD-LeaderElection187] INFO  impl.LeaderElection (LogUtils.java:infoOrTrace(149)) -   Exception 1: {}
java.util.concurrent.ExecutionException: org.apache.ratis.thirdparty.io.grpc.StatusRuntimeException: UNAVAILABLE: io exception
	at java.util.concurrent.FutureTask.report(FutureTask.java:122)
	at java.util.concurrent.FutureTask.get(FutureTask.java:192)
	at org.apache.ratis.server.impl.LeaderElection.waitForResults(LeaderElection.java:259)
	at org.apache.ratis.server.impl.LeaderElection.askForVotes(LeaderElection.java:197)
	at org.apache.ratis.server.impl.LeaderElection.run(LeaderElection.java:133)
	at java.lang.Thread.run(Thread.java:748)
Caused by: org.apache.ratis.thirdparty.io.grpc.StatusRuntimeException: UNAVAILABLE: io exception
	at org.apache.ratis.thirdparty.io.grpc.stub.ClientCalls.toStatusRuntimeException(ClientCalls.java:233)
	at org.apache.ratis.thirdparty.io.grpc.stub.ClientCalls.getUnchecked(ClientCalls.java:214)
	at org.apache.ratis.thirdparty.io.grpc.stub.ClientCalls.blockingUnaryCall(ClientCalls.java:139)
	at org.apache.ratis.proto.grpc.RaftServerProtocolServiceGrpc$RaftServerProtocolServiceBlockingStub.requestVote(RaftServerProtocolServiceGrpc.java:265)
	at org.apache.ratis.grpc.server.GrpcServerProtocolClient.requestVote(GrpcServerProtocolClient.java:99)
	at org.apache.ratis.grpc.server.GrpcService.requestVote(GrpcService.java:204)
	at org.apache.ratis.server.impl.LeaderElection.lambda$submitRequests$1(LeaderElection.java:234)
	at java.util.concurrent.FutureTask.run(FutureTask.java:266)
	at java.util.concurrent.Executors$RunnableAdapter.call(Executors.java:511)
	at java.util.concurrent.FutureTask.run(FutureTask.java:266)
	at java.util.concurrent.ThreadPoolExecutor.runWorker(ThreadPoolExecutor.java:1149)
	at java.util.concurrent.ThreadPoolExecutor$Worker.run(ThreadPoolExecutor.java:624)
	... 1 more
Caused by: org.apache.ratis.thirdparty.io.netty.channel.AbstractChannel$AnnotatedConnectException: Connection refused: /192.168.164.208:38174
	at sun.nio.ch.SocketChannelImpl.checkConnect(Native Method)
	at sun.nio.ch.SocketChannelImpl.finishConnect(SocketChannelImpl.java:717)
	at org.apache.ratis.thirdparty.io.netty.channel.socket.nio.NioSocketChannel.doFinishConnect(NioSocketChannel.java:327)
	at org.apache.ratis.thirdparty.io.netty.channel.nio.AbstractNioChannel$AbstractNioUnsafe.finishConnect(AbstractNioChannel.java:340)
	at org.apache.ratis.thirdparty.io.netty.channel.nio.NioEventLoop.processSelectedKey(NioEventLoop.java:632)
	at org.apache.ratis.thirdparty.io.netty.channel.nio.NioEventLoop.processSelectedKeysOptimized(NioEventLoop.java:579)
	at org.apache.ratis.thirdparty.io.netty.channel.nio.NioEventLoop.processSelectedKeys(NioEventLoop.java:496)
	at org.apache.ratis.thirdparty.io.netty.channel.nio.NioEventLoop.run(NioEventLoop.java:458)
	at org.apache.ratis.thirdparty.io.netty.util.concurrent.SingleThreadEventExecutor$5.run(SingleThreadEventExecutor.java:897)
	at org.apache.ratis.thirdparty.io.netty.util.concurrent.FastThreadLocalRunnable.run(FastThreadLocalRunnable.java:30)
	... 1 more
Caused by: java.net.ConnectException: Connection refused
	... 11 more
2019-11-15 01:00:55,179 [212c8f8f-349a-4c94-b732-b4c0454eae1b@group-8C05B86E69BD-LeaderElection187] INFO  impl.RaftServerImpl (RaftServerImpl.java:setRole(173)) - 212c8f8f-349a-4c94-b732-b4c0454eae1b@group-8C05B86E69BD: changes role from CANDIDATE to FOLLOWER at term 4 for DISCOVERED_A_NEW_TERM
2019-11-15 01:00:55,180 [212c8f8f-349a-4c94-b732-b4c0454eae1b@group-8C05B86E69BD-LeaderElection187] INFO  impl.RoleInfo (RoleInfo.java:shutdownLeaderElection(134)) - 212c8f8f-349a-4c94-b732-b4c0454eae1b: shutdown LeaderElection
2019-11-15 01:00:55,180 [212c8f8f-349a-4c94-b732-b4c0454eae1b@group-8C05B86E69BD-LeaderElection187] INFO  impl.RoleInfo (RoleInfo.java:updateAndGet(143)) - 212c8f8f-349a-4c94-b732-b4c0454eae1b: start FollowerState
2019-11-15 01:00:55,326 [Thread-4761] INFO  impl.FollowerState (FollowerState.java:run(111)) - e728dc25-e4b1-43c6-a53d-eff097089a23@group-C787A5EC6030-FollowerState: change to CANDIDATE, lastRpcTime:1157ms, electionTimeout:1157ms
2019-11-15 01:00:55,326 [Thread-4761] INFO  impl.RoleInfo (RoleInfo.java:shutdownFollowerState(121)) - e728dc25-e4b1-43c6-a53d-eff097089a23: shutdown FollowerState
2019-11-15 01:00:55,326 [Thread-4761] INFO  impl.RaftServerImpl (RaftServerImpl.java:setRole(173)) - e728dc25-e4b1-43c6-a53d-eff097089a23@group-C787A5EC6030: changes role from  FOLLOWER to CANDIDATE at term 3 for changeToCandidate
2019-11-15 01:00:55,326 [Thread-4761] INFO  impl.RoleInfo (RoleInfo.java:updateAndGet(143)) - e728dc25-e4b1-43c6-a53d-eff097089a23: start LeaderElection
2019-11-15 01:00:55,343 [e728dc25-e4b1-43c6-a53d-eff097089a23@group-C787A5EC6030-LeaderElection188] INFO  impl.LeaderElection (LeaderElection.java:askForVotes(178)) - e728dc25-e4b1-43c6-a53d-eff097089a23@group-C787A5EC6030-LeaderElection188: begin an election at term 4 for 0: [e728dc25-e4b1-43c6-a53d-eff097089a23:192.168.164.208:40846, c4061fea-d656-4029-8a52-0003cdc411ee:192.168.164.208:42567, 2b497d53-8cea-4a7e-98a0-4cfb87fd1475:192.168.164.208:45511], old=null
2019-11-15 01:00:55,344 [e728dc25-e4b1-43c6-a53d-eff097089a23@group-C787A5EC6030-LeaderElection188] INFO  impl.LeaderElection (LogUtils.java:infoOrTrace(149)) - e728dc25-e4b1-43c6-a53d-eff097089a23@group-C787A5EC6030-LeaderElection188 got exception when requesting votes: {}
java.util.concurrent.ExecutionException: org.apache.ratis.thirdparty.io.grpc.StatusRuntimeException: UNAVAILABLE: io exception
	at java.util.concurrent.FutureTask.report(FutureTask.java:122)
	at java.util.concurrent.FutureTask.get(FutureTask.java:192)
	at org.apache.ratis.server.impl.LeaderElection.waitForResults(LeaderElection.java:259)
	at org.apache.ratis.server.impl.LeaderElection.askForVotes(LeaderElection.java:197)
	at org.apache.ratis.server.impl.LeaderElection.run(LeaderElection.java:133)
	at java.lang.Thread.run(Thread.java:748)
Caused by: org.apache.ratis.thirdparty.io.grpc.StatusRuntimeException: UNAVAILABLE: io exception
	at org.apache.ratis.thirdparty.io.grpc.stub.ClientCalls.toStatusRuntimeException(ClientCalls.java:233)
	at org.apache.ratis.thirdparty.io.grpc.stub.ClientCalls.getUnchecked(ClientCalls.java:214)
	at org.apache.ratis.thirdparty.io.grpc.stub.ClientCalls.blockingUnaryCall(ClientCalls.java:139)
	at org.apache.ratis.proto.grpc.RaftServerProtocolServiceGrpc$RaftServerProtocolServiceBlockingStub.requestVote(RaftServerProtocolServiceGrpc.java:265)
	at org.apache.ratis.grpc.server.GrpcServerProtocolClient.requestVote(GrpcServerProtocolClient.java:99)
	at org.apache.ratis.grpc.server.GrpcService.requestVote(GrpcService.java:204)
	at org.apache.ratis.server.impl.LeaderElection.lambda$submitRequests$1(LeaderElection.java:234)
	at java.util.concurrent.FutureTask.run(FutureTask.java:266)
	at java.util.concurrent.Executors$RunnableAdapter.call(Executors.java:511)
	at java.util.concurrent.FutureTask.run(FutureTask.java:266)
	at java.util.concurrent.ThreadPoolExecutor.runWorker(ThreadPoolExecutor.java:1149)
	at java.util.concurrent.ThreadPoolExecutor$Worker.run(ThreadPoolExecutor.java:624)
	... 1 more
Caused by: org.apache.ratis.thirdparty.io.netty.channel.AbstractChannel$AnnotatedConnectException: Connection refused: /192.168.164.208:42567
	at sun.nio.ch.SocketChannelImpl.checkConnect(Native Method)
	at sun.nio.ch.SocketChannelImpl.finishConnect(SocketChannelImpl.java:717)
	at org.apache.ratis.thirdparty.io.netty.channel.socket.nio.NioSocketChannel.doFinishConnect(NioSocketChannel.java:327)
	at org.apache.ratis.thirdparty.io.netty.channel.nio.AbstractNioChannel$AbstractNioUnsafe.finishConnect(AbstractNioChannel.java:340)
	at org.apache.ratis.thirdparty.io.netty.channel.nio.NioEventLoop.processSelectedKey(NioEventLoop.java:632)
	at org.apache.ratis.thirdparty.io.netty.channel.nio.NioEventLoop.processSelectedKeysOptimized(NioEventLoop.java:579)
	at org.apache.ratis.thirdparty.io.netty.channel.nio.NioEventLoop.processSelectedKeys(NioEventLoop.java:496)
	at org.apache.ratis.thirdparty.io.netty.channel.nio.NioEventLoop.run(NioEventLoop.java:458)
	at org.apache.ratis.thirdparty.io.netty.util.concurrent.SingleThreadEventExecutor$5.run(SingleThreadEventExecutor.java:897)
	at org.apache.ratis.thirdparty.io.netty.util.concurrent.FastThreadLocalRunnable.run(FastThreadLocalRunnable.java:30)
	... 1 more
Caused by: java.net.ConnectException: Connection refused
	... 11 more
2019-11-15 01:00:55,345 [e728dc25-e4b1-43c6-a53d-eff097089a23@group-C787A5EC6030-LeaderElection188] INFO  impl.LeaderElection (LogUtils.java:infoOrTrace(149)) - e728dc25-e4b1-43c6-a53d-eff097089a23@group-C787A5EC6030-LeaderElection188 got exception when requesting votes: {}
java.util.concurrent.ExecutionException: org.apache.ratis.thirdparty.io.grpc.StatusRuntimeException: UNAVAILABLE: io exception
	at java.util.concurrent.FutureTask.report(FutureTask.java:122)
	at java.util.concurrent.FutureTask.get(FutureTask.java:192)
	at org.apache.ratis.server.impl.LeaderElection.waitForResults(LeaderElection.java:259)
	at org.apache.ratis.server.impl.LeaderElection.askForVotes(LeaderElection.java:197)
	at org.apache.ratis.server.impl.LeaderElection.run(LeaderElection.java:133)
	at java.lang.Thread.run(Thread.java:748)
Caused by: org.apache.ratis.thirdparty.io.grpc.StatusRuntimeException: UNAVAILABLE: io exception
	at org.apache.ratis.thirdparty.io.grpc.stub.ClientCalls.toStatusRuntimeException(ClientCalls.java:233)
	at org.apache.ratis.thirdparty.io.grpc.stub.ClientCalls.getUnchecked(ClientCalls.java:214)
	at org.apache.ratis.thirdparty.io.grpc.stub.ClientCalls.blockingUnaryCall(ClientCalls.java:139)
	at org.apache.ratis.proto.grpc.RaftServerProtocolServiceGrpc$RaftServerProtocolServiceBlockingStub.requestVote(RaftServerProtocolServiceGrpc.java:265)
	at org.apache.ratis.grpc.server.GrpcServerProtocolClient.requestVote(GrpcServerProtocolClient.java:99)
	at org.apache.ratis.grpc.server.GrpcService.requestVote(GrpcService.java:204)
	at org.apache.ratis.server.impl.LeaderElection.lambda$submitRequests$1(LeaderElection.java:234)
	at java.util.concurrent.FutureTask.run(FutureTask.java:266)
	at java.util.concurrent.Executors$RunnableAdapter.call(Executors.java:511)
	at java.util.concurrent.FutureTask.run(FutureTask.java:266)
	at java.util.concurrent.ThreadPoolExecutor.runWorker(ThreadPoolExecutor.java:1149)
	at java.util.concurrent.ThreadPoolExecutor$Worker.run(ThreadPoolExecutor.java:624)
	... 1 more
Caused by: org.apache.ratis.thirdparty.io.netty.channel.AbstractChannel$AnnotatedConnectException: Connection refused: /192.168.164.208:45511
	at sun.nio.ch.SocketChannelImpl.checkConnect(Native Method)
	at sun.nio.ch.SocketChannelImpl.finishConnect(SocketChannelImpl.java:717)
	at org.apache.ratis.thirdparty.io.netty.channel.socket.nio.NioSocketChannel.doFinishConnect(NioSocketChannel.java:327)
	at org.apache.ratis.thirdparty.io.netty.channel.nio.AbstractNioChannel$AbstractNioUnsafe.finishConnect(AbstractNioChannel.java:340)
	at org.apache.ratis.thirdparty.io.netty.channel.nio.NioEventLoop.processSelectedKey(NioEventLoop.java:632)
	at org.apache.ratis.thirdparty.io.netty.channel.nio.NioEventLoop.processSelectedKeysOptimized(NioEventLoop.java:579)
	at org.apache.ratis.thirdparty.io.netty.channel.nio.NioEventLoop.processSelectedKeys(NioEventLoop.java:496)
	at org.apache.ratis.thirdparty.io.netty.channel.nio.NioEventLoop.run(NioEventLoop.java:458)
	at org.apache.ratis.thirdparty.io.netty.util.concurrent.SingleThreadEventExecutor$5.run(SingleThreadEventExecutor.java:897)
	at org.apache.ratis.thirdparty.io.netty.util.concurrent.FastThreadLocalRunnable.run(FastThreadLocalRunnable.java:30)
	... 1 more
Caused by: java.net.ConnectException: Connection refused
	... 11 more
2019-11-15 01:00:55,345 [e728dc25-e4b1-43c6-a53d-eff097089a23@group-C787A5EC6030-LeaderElection188] INFO  impl.LeaderElection (LeaderElection.java:logAndReturn(56)) - e728dc25-e4b1-43c6-a53d-eff097089a23@group-C787A5EC6030-LeaderElection188: Election REJECTED; received 0 response(s) [] and 2 exception(s); e728dc25-e4b1-43c6-a53d-eff097089a23@group-C787A5EC6030:t4, leader=null, voted=e728dc25-e4b1-43c6-a53d-eff097089a23, raftlog=e728dc25-e4b1-43c6-a53d-eff097089a23@group-C787A5EC6030-SegmentedRaftLog:OPENED:c0,f0,i0, conf=0: [e728dc25-e4b1-43c6-a53d-eff097089a23:192.168.164.208:40846, c4061fea-d656-4029-8a52-0003cdc411ee:192.168.164.208:42567, 2b497d53-8cea-4a7e-98a0-4cfb87fd1475:192.168.164.208:45511], old=null
2019-11-15 01:00:55,346 [e728dc25-e4b1-43c6-a53d-eff097089a23@group-C787A5EC6030-LeaderElection188] INFO  impl.LeaderElection (LogUtils.java:infoOrTrace(149)) -   Exception 0: {}
java.util.concurrent.ExecutionException: org.apache.ratis.thirdparty.io.grpc.StatusRuntimeException: UNAVAILABLE: io exception
	at java.util.concurrent.FutureTask.report(FutureTask.java:122)
	at java.util.concurrent.FutureTask.get(FutureTask.java:192)
	at org.apache.ratis.server.impl.LeaderElection.waitForResults(LeaderElection.java:259)
	at org.apache.ratis.server.impl.LeaderElection.askForVotes(LeaderElection.java:197)
	at org.apache.ratis.server.impl.LeaderElection.run(LeaderElection.java:133)
	at java.lang.Thread.run(Thread.java:748)
Caused by: org.apache.ratis.thirdparty.io.grpc.StatusRuntimeException: UNAVAILABLE: io exception
	at org.apache.ratis.thirdparty.io.grpc.stub.ClientCalls.toStatusRuntimeException(ClientCalls.java:233)
	at org.apache.ratis.thirdparty.io.grpc.stub.ClientCalls.getUnchecked(ClientCalls.java:214)
	at org.apache.ratis.thirdparty.io.grpc.stub.ClientCalls.blockingUnaryCall(ClientCalls.java:139)
	at org.apache.ratis.proto.grpc.RaftServerProtocolServiceGrpc$RaftServerProtocolServiceBlockingStub.requestVote(RaftServerProtocolServiceGrpc.java:265)
	at org.apache.ratis.grpc.server.GrpcServerProtocolClient.requestVote(GrpcServerProtocolClient.java:99)
	at org.apache.ratis.grpc.server.GrpcService.requestVote(GrpcService.java:204)
	at org.apache.ratis.server.impl.LeaderElection.lambda$submitRequests$1(LeaderElection.java:234)
	at java.util.concurrent.FutureTask.run(FutureTask.java:266)
	at java.util.concurrent.Executors$RunnableAdapter.call(Executors.java:511)
	at java.util.concurrent.FutureTask.run(FutureTask.java:266)
	at java.util.concurrent.ThreadPoolExecutor.runWorker(ThreadPoolExecutor.java:1149)
	at java.util.concurrent.ThreadPoolExecutor$Worker.run(ThreadPoolExecutor.java:624)
	... 1 more
Caused by: org.apache.ratis.thirdparty.io.netty.channel.AbstractChannel$AnnotatedConnectException: Connection refused: /192.168.164.208:42567
	at sun.nio.ch.SocketChannelImpl.checkConnect(Native Method)
	at sun.nio.ch.SocketChannelImpl.finishConnect(SocketChannelImpl.java:717)
	at org.apache.ratis.thirdparty.io.netty.channel.socket.nio.NioSocketChannel.doFinishConnect(NioSocketChannel.java:327)
	at org.apache.ratis.thirdparty.io.netty.channel.nio.AbstractNioChannel$AbstractNioUnsafe.finishConnect(AbstractNioChannel.java:340)
	at org.apache.ratis.thirdparty.io.netty.channel.nio.NioEventLoop.processSelectedKey(NioEventLoop.java:632)
	at org.apache.ratis.thirdparty.io.netty.channel.nio.NioEventLoop.processSelectedKeysOptimized(NioEventLoop.java:579)
	at org.apache.ratis.thirdparty.io.netty.channel.nio.NioEventLoop.processSelectedKeys(NioEventLoop.java:496)
	at org.apache.ratis.thirdparty.io.netty.channel.nio.NioEventLoop.run(NioEventLoop.java:458)
	at org.apache.ratis.thirdparty.io.netty.util.concurrent.SingleThreadEventExecutor$5.run(SingleThreadEventExecutor.java:897)
	at org.apache.ratis.thirdparty.io.netty.util.concurrent.FastThreadLocalRunnable.run(FastThreadLocalRunnable.java:30)
	... 1 more
Caused by: java.net.ConnectException: Connection refused
	... 11 more
2019-11-15 01:00:55,346 [e728dc25-e4b1-43c6-a53d-eff097089a23@group-C787A5EC6030-LeaderElection188] INFO  impl.LeaderElection (LogUtils.java:infoOrTrace(149)) -   Exception 1: {}
java.util.concurrent.ExecutionException: org.apache.ratis.thirdparty.io.grpc.StatusRuntimeException: UNAVAILABLE: io exception
	at java.util.concurrent.FutureTask.report(FutureTask.java:122)
	at java.util.concurrent.FutureTask.get(FutureTask.java:192)
	at org.apache.ratis.server.impl.LeaderElection.waitForResults(LeaderElection.java:259)
	at org.apache.ratis.server.impl.LeaderElection.askForVotes(LeaderElection.java:197)
	at org.apache.ratis.server.impl.LeaderElection.run(LeaderElection.java:133)
	at java.lang.Thread.run(Thread.java:748)
Caused by: org.apache.ratis.thirdparty.io.grpc.StatusRuntimeException: UNAVAILABLE: io exception
	at org.apache.ratis.thirdparty.io.grpc.stub.ClientCalls.toStatusRuntimeException(ClientCalls.java:233)
	at org.apache.ratis.thirdparty.io.grpc.stub.ClientCalls.getUnchecked(ClientCalls.java:214)
	at org.apache.ratis.thirdparty.io.grpc.stub.ClientCalls.blockingUnaryCall(ClientCalls.java:139)
	at org.apache.ratis.proto.grpc.RaftServerProtocolServiceGrpc$RaftServerProtocolServiceBlockingStub.requestVote(RaftServerProtocolServiceGrpc.java:265)
	at org.apache.ratis.grpc.server.GrpcServerProtocolClient.requestVote(GrpcServerProtocolClient.java:99)
	at org.apache.ratis.grpc.server.GrpcService.requestVote(GrpcService.java:204)
	at org.apache.ratis.server.impl.LeaderElection.lambda$submitRequests$1(LeaderElection.java:234)
	at java.util.concurrent.FutureTask.run(FutureTask.java:266)
	at java.util.concurrent.Executors$RunnableAdapter.call(Executors.java:511)
	at java.util.concurrent.FutureTask.run(FutureTask.java:266)
	at java.util.concurrent.ThreadPoolExecutor.runWorker(ThreadPoolExecutor.java:1149)
	at java.util.concurrent.ThreadPoolExecutor$Worker.run(ThreadPoolExecutor.java:624)
	... 1 more
Caused by: org.apache.ratis.thirdparty.io.netty.channel.AbstractChannel$AnnotatedConnectException: Connection refused: /192.168.164.208:45511
	at sun.nio.ch.SocketChannelImpl.checkConnect(Native Method)
	at sun.nio.ch.SocketChannelImpl.finishConnect(SocketChannelImpl.java:717)
	at org.apache.ratis.thirdparty.io.netty.channel.socket.nio.NioSocketChannel.doFinishConnect(NioSocketChannel.java:327)
	at org.apache.ratis.thirdparty.io.netty.channel.nio.AbstractNioChannel$AbstractNioUnsafe.finishConnect(AbstractNioChannel.java:340)
	at org.apache.ratis.thirdparty.io.netty.channel.nio.NioEventLoop.processSelectedKey(NioEventLoop.java:632)
	at org.apache.ratis.thirdparty.io.netty.channel.nio.NioEventLoop.processSelectedKeysOptimized(NioEventLoop.java:579)
	at org.apache.ratis.thirdparty.io.netty.channel.nio.NioEventLoop.processSelectedKeys(NioEventLoop.java:496)
	at org.apache.ratis.thirdparty.io.netty.channel.nio.NioEventLoop.run(NioEventLoop.java:458)
	at org.apache.ratis.thirdparty.io.netty.util.concurrent.SingleThreadEventExecutor$5.run(SingleThreadEventExecutor.java:897)
	at org.apache.ratis.thirdparty.io.netty.util.concurrent.FastThreadLocalRunnable.run(FastThreadLocalRunnable.java:30)
	... 1 more
Caused by: java.net.ConnectException: Connection refused
	... 11 more
2019-11-15 01:00:55,346 [e728dc25-e4b1-43c6-a53d-eff097089a23@group-C787A5EC6030-LeaderElection188] INFO  impl.RaftServerImpl (RaftServerImpl.java:setRole(173)) - e728dc25-e4b1-43c6-a53d-eff097089a23@group-C787A5EC6030: changes role from CANDIDATE to FOLLOWER at term 4 for DISCOVERED_A_NEW_TERM
2019-11-15 01:00:55,347 [e728dc25-e4b1-43c6-a53d-eff097089a23@group-C787A5EC6030-LeaderElection188] INFO  impl.RoleInfo (RoleInfo.java:shutdownLeaderElection(134)) - e728dc25-e4b1-43c6-a53d-eff097089a23: shutdown LeaderElection
2019-11-15 01:00:55,347 [e728dc25-e4b1-43c6-a53d-eff097089a23@group-C787A5EC6030-LeaderElection188] INFO  impl.RoleInfo (RoleInfo.java:updateAndGet(143)) - e728dc25-e4b1-43c6-a53d-eff097089a23: start FollowerState
2019-11-15 01:00:55,455 [Thread-4765] INFO  impl.FollowerState (FollowerState.java:run(111)) - 3290c45a-dc7d-4c95-a586-1c6e32afef30@group-E58C27D02539-FollowerState: change to CANDIDATE, lastRpcTime:1171ms, electionTimeout:1171ms
2019-11-15 01:00:55,455 [Thread-4765] INFO  impl.RoleInfo (RoleInfo.java:shutdownFollowerState(121)) - 3290c45a-dc7d-4c95-a586-1c6e32afef30: shutdown FollowerState
2019-11-15 01:00:55,456 [Thread-4765] INFO  impl.RaftServerImpl (RaftServerImpl.java:setRole(173)) - 3290c45a-dc7d-4c95-a586-1c6e32afef30@group-E58C27D02539: changes role from  FOLLOWER to CANDIDATE at term 8 for changeToCandidate
2019-11-15 01:00:55,456 [Thread-4765] INFO  impl.RoleInfo (RoleInfo.java:updateAndGet(143)) - 3290c45a-dc7d-4c95-a586-1c6e32afef30: start LeaderElection
2019-11-15 01:00:55,468 [3290c45a-dc7d-4c95-a586-1c6e32afef30@group-E58C27D02539-LeaderElection189] INFO  impl.LeaderElection (LeaderElection.java:askForVotes(178)) - 3290c45a-dc7d-4c95-a586-1c6e32afef30@group-E58C27D02539-LeaderElection189: begin an election at term 9 for 0: [d068838d-6499-4b84-94b8-55225fdfdb1a:192.168.164.208:41973, 3290c45a-dc7d-4c95-a586-1c6e32afef30:192.168.164.208:44306, c7f93789-5ee9-40a1-8afd-58386fa54dde:192.168.164.208:38346], old=null
2019-11-15 01:00:55,469 [3290c45a-dc7d-4c95-a586-1c6e32afef30@group-E58C27D02539-LeaderElection189] INFO  impl.LeaderElection (LogUtils.java:infoOrTrace(149)) - 3290c45a-dc7d-4c95-a586-1c6e32afef30@group-E58C27D02539-LeaderElection189 got exception when requesting votes: {}
java.util.concurrent.ExecutionException: org.apache.ratis.thirdparty.io.grpc.StatusRuntimeException: UNAVAILABLE: io exception
	at java.util.concurrent.FutureTask.report(FutureTask.java:122)
	at java.util.concurrent.FutureTask.get(FutureTask.java:192)
	at org.apache.ratis.server.impl.LeaderElection.waitForResults(LeaderElection.java:259)
	at org.apache.ratis.server.impl.LeaderElection.askForVotes(LeaderElection.java:197)
	at org.apache.ratis.server.impl.LeaderElection.run(LeaderElection.java:133)
	at java.lang.Thread.run(Thread.java:748)
Caused by: org.apache.ratis.thirdparty.io.grpc.StatusRuntimeException: UNAVAILABLE: io exception
	at org.apache.ratis.thirdparty.io.grpc.stub.ClientCalls.toStatusRuntimeException(ClientCalls.java:233)
	at org.apache.ratis.thirdparty.io.grpc.stub.ClientCalls.getUnchecked(ClientCalls.java:214)
	at org.apache.ratis.thirdparty.io.grpc.stub.ClientCalls.blockingUnaryCall(ClientCalls.java:139)
	at org.apache.ratis.proto.grpc.RaftServerProtocolServiceGrpc$RaftServerProtocolServiceBlockingStub.requestVote(RaftServerProtocolServiceGrpc.java:265)
	at org.apache.ratis.grpc.server.GrpcServerProtocolClient.requestVote(GrpcServerProtocolClient.java:99)
	at org.apache.ratis.grpc.server.GrpcService.requestVote(GrpcService.java:204)
	at org.apache.ratis.server.impl.LeaderElection.lambda$submitRequests$1(LeaderElection.java:234)
	at java.util.concurrent.FutureTask.run(FutureTask.java:266)
	at java.util.concurrent.Executors$RunnableAdapter.call(Executors.java:511)
	at java.util.concurrent.FutureTask.run(FutureTask.java:266)
	at java.util.concurrent.ThreadPoolExecutor.runWorker(ThreadPoolExecutor.java:1149)
	at java.util.concurrent.ThreadPoolExecutor$Worker.run(ThreadPoolExecutor.java:624)
	... 1 more
Caused by: org.apache.ratis.thirdparty.io.netty.channel.AbstractChannel$AnnotatedConnectException: Connection refused: /192.168.164.208:41973
	at sun.nio.ch.SocketChannelImpl.checkConnect(Native Method)
	at sun.nio.ch.SocketChannelImpl.finishConnect(SocketChannelImpl.java:717)
	at org.apache.ratis.thirdparty.io.netty.channel.socket.nio.NioSocketChannel.doFinishConnect(NioSocketChannel.java:327)
	at org.apache.ratis.thirdparty.io.netty.channel.nio.AbstractNioChannel$AbstractNioUnsafe.finishConnect(AbstractNioChannel.java:340)
	at org.apache.ratis.thirdparty.io.netty.channel.nio.NioEventLoop.processSelectedKey(NioEventLoop.java:632)
	at org.apache.ratis.thirdparty.io.netty.channel.nio.NioEventLoop.processSelectedKeysOptimized(NioEventLoop.java:579)
	at org.apache.ratis.thirdparty.io.netty.channel.nio.NioEventLoop.processSelectedKeys(NioEventLoop.java:496)
	at org.apache.ratis.thirdparty.io.netty.channel.nio.NioEventLoop.run(NioEventLoop.java:458)
	at org.apache.ratis.thirdparty.io.netty.util.concurrent.SingleThreadEventExecutor$5.run(SingleThreadEventExecutor.java:897)
	at org.apache.ratis.thirdparty.io.netty.util.concurrent.FastThreadLocalRunnable.run(FastThreadLocalRunnable.java:30)
	... 1 more
Caused by: java.net.ConnectException: Connection refused
	... 11 more
2019-11-15 01:00:55,469 [3290c45a-dc7d-4c95-a586-1c6e32afef30@group-E58C27D02539-LeaderElection189] INFO  impl.LeaderElection (LogUtils.java:infoOrTrace(149)) - 3290c45a-dc7d-4c95-a586-1c6e32afef30@group-E58C27D02539-LeaderElection189 got exception when requesting votes: {}
java.util.concurrent.ExecutionException: org.apache.ratis.thirdparty.io.grpc.StatusRuntimeException: UNAVAILABLE: io exception
	at java.util.concurrent.FutureTask.report(FutureTask.java:122)
	at java.util.concurrent.FutureTask.get(FutureTask.java:192)
	at org.apache.ratis.server.impl.LeaderElection.waitForResults(LeaderElection.java:259)
	at org.apache.ratis.server.impl.LeaderElection.askForVotes(LeaderElection.java:197)
	at org.apache.ratis.server.impl.LeaderElection.run(LeaderElection.java:133)
	at java.lang.Thread.run(Thread.java:748)
Caused by: org.apache.ratis.thirdparty.io.grpc.StatusRuntimeException: UNAVAILABLE: io exception
	at org.apache.ratis.thirdparty.io.grpc.stub.ClientCalls.toStatusRuntimeException(ClientCalls.java:233)
	at org.apache.ratis.thirdparty.io.grpc.stub.ClientCalls.getUnchecked(ClientCalls.java:214)
	at org.apache.ratis.thirdparty.io.grpc.stub.ClientCalls.blockingUnaryCall(ClientCalls.java:139)
	at org.apache.ratis.proto.grpc.RaftServerProtocolServiceGrpc$RaftServerProtocolServiceBlockingStub.requestVote(RaftServerProtocolServiceGrpc.java:265)
	at org.apache.ratis.grpc.server.GrpcServerProtocolClient.requestVote(GrpcServerProtocolClient.java:99)
	at org.apache.ratis.grpc.server.GrpcService.requestVote(GrpcService.java:204)
	at org.apache.ratis.server.impl.LeaderElection.lambda$submitRequests$1(LeaderElection.java:234)
	at java.util.concurrent.FutureTask.run(FutureTask.java:266)
	at java.util.concurrent.Executors$RunnableAdapter.call(Executors.java:511)
	at java.util.concurrent.FutureTask.run(FutureTask.java:266)
	at java.util.concurrent.ThreadPoolExecutor.runWorker(ThreadPoolExecutor.java:1149)
	at java.util.concurrent.ThreadPoolExecutor$Worker.run(ThreadPoolExecutor.java:624)
	... 1 more
Caused by: org.apache.ratis.thirdparty.io.netty.channel.AbstractChannel$AnnotatedConnectException: Connection refused: /192.168.164.208:38346
	at sun.nio.ch.SocketChannelImpl.checkConnect(Native Method)
	at sun.nio.ch.SocketChannelImpl.finishConnect(SocketChannelImpl.java:717)
	at org.apache.ratis.thirdparty.io.netty.channel.socket.nio.NioSocketChannel.doFinishConnect(NioSocketChannel.java:327)
	at org.apache.ratis.thirdparty.io.netty.channel.nio.AbstractNioChannel$AbstractNioUnsafe.finishConnect(AbstractNioChannel.java:340)
	at org.apache.ratis.thirdparty.io.netty.channel.nio.NioEventLoop.processSelectedKey(NioEventLoop.java:632)
	at org.apache.ratis.thirdparty.io.netty.channel.nio.NioEventLoop.processSelectedKeysOptimized(NioEventLoop.java:579)
	at org.apache.ratis.thirdparty.io.netty.channel.nio.NioEventLoop.processSelectedKeys(NioEventLoop.java:496)
	at org.apache.ratis.thirdparty.io.netty.channel.nio.NioEventLoop.run(NioEventLoop.java:458)
	at org.apache.ratis.thirdparty.io.netty.util.concurrent.SingleThreadEventExecutor$5.run(SingleThreadEventExecutor.java:897)
	at org.apache.ratis.thirdparty.io.netty.util.concurrent.FastThreadLocalRunnable.run(FastThreadLocalRunnable.java:30)
	... 1 more
Caused by: java.net.ConnectException: Connection refused
	... 11 more
2019-11-15 01:00:55,470 [3290c45a-dc7d-4c95-a586-1c6e32afef30@group-E58C27D02539-LeaderElection189] INFO  impl.LeaderElection (LeaderElection.java:logAndReturn(56)) - 3290c45a-dc7d-4c95-a586-1c6e32afef30@group-E58C27D02539-LeaderElection189: Election REJECTED; received 0 response(s) [] and 2 exception(s); 3290c45a-dc7d-4c95-a586-1c6e32afef30@group-E58C27D02539:t9, leader=null, voted=3290c45a-dc7d-4c95-a586-1c6e32afef30, raftlog=3290c45a-dc7d-4c95-a586-1c6e32afef30@group-E58C27D02539-SegmentedRaftLog:OPENED:c7,f7,i7, conf=0: [d068838d-6499-4b84-94b8-55225fdfdb1a:192.168.164.208:41973, 3290c45a-dc7d-4c95-a586-1c6e32afef30:192.168.164.208:44306, c7f93789-5ee9-40a1-8afd-58386fa54dde:192.168.164.208:38346], old=null
2019-11-15 01:00:55,470 [3290c45a-dc7d-4c95-a586-1c6e32afef30@group-E58C27D02539-LeaderElection189] INFO  impl.LeaderElection (LogUtils.java:infoOrTrace(149)) -   Exception 0: {}
java.util.concurrent.ExecutionException: org.apache.ratis.thirdparty.io.grpc.StatusRuntimeException: UNAVAILABLE: io exception
	at java.util.concurrent.FutureTask.report(FutureTask.java:122)
	at java.util.concurrent.FutureTask.get(FutureTask.java:192)
	at org.apache.ratis.server.impl.LeaderElection.waitForResults(LeaderElection.java:259)
	at org.apache.ratis.server.impl.LeaderElection.askForVotes(LeaderElection.java:197)
	at org.apache.ratis.server.impl.LeaderElection.run(LeaderElection.java:133)
	at java.lang.Thread.run(Thread.java:748)
Caused by: org.apache.ratis.thirdparty.io.grpc.StatusRuntimeException: UNAVAILABLE: io exception
	at org.apache.ratis.thirdparty.io.grpc.stub.ClientCalls.toStatusRuntimeException(ClientCalls.java:233)
	at org.apache.ratis.thirdparty.io.grpc.stub.ClientCalls.getUnchecked(ClientCalls.java:214)
	at org.apache.ratis.thirdparty.io.grpc.stub.ClientCalls.blockingUnaryCall(ClientCalls.java:139)
	at org.apache.ratis.proto.grpc.RaftServerProtocolServiceGrpc$RaftServerProtocolServiceBlockingStub.requestVote(RaftServerProtocolServiceGrpc.java:265)
	at org.apache.ratis.grpc.server.GrpcServerProtocolClient.requestVote(GrpcServerProtocolClient.java:99)
	at org.apache.ratis.grpc.server.GrpcService.requestVote(GrpcService.java:204)
	at org.apache.ratis.server.impl.LeaderElection.lambda$submitRequests$1(LeaderElection.java:234)
	at java.util.concurrent.FutureTask.run(FutureTask.java:266)
	at java.util.concurrent.Executors$RunnableAdapter.call(Executors.java:511)
	at java.util.concurrent.FutureTask.run(FutureTask.java:266)
	at java.util.concurrent.ThreadPoolExecutor.runWorker(ThreadPoolExecutor.java:1149)
	at java.util.concurrent.ThreadPoolExecutor$Worker.run(ThreadPoolExecutor.java:624)
	... 1 more
Caused by: org.apache.ratis.thirdparty.io.netty.channel.AbstractChannel$AnnotatedConnectException: Connection refused: /192.168.164.208:41973
	at sun.nio.ch.SocketChannelImpl.checkConnect(Native Method)
	at sun.nio.ch.SocketChannelImpl.finishConnect(SocketChannelImpl.java:717)
	at org.apache.ratis.thirdparty.io.netty.channel.socket.nio.NioSocketChannel.doFinishConnect(NioSocketChannel.java:327)
	at org.apache.ratis.thirdparty.io.netty.channel.nio.AbstractNioChannel$AbstractNioUnsafe.finishConnect(AbstractNioChannel.java:340)
	at org.apache.ratis.thirdparty.io.netty.channel.nio.NioEventLoop.processSelectedKey(NioEventLoop.java:632)
	at org.apache.ratis.thirdparty.io.netty.channel.nio.NioEventLoop.processSelectedKeysOptimized(NioEventLoop.java:579)
	at org.apache.ratis.thirdparty.io.netty.channel.nio.NioEventLoop.processSelectedKeys(NioEventLoop.java:496)
	at org.apache.ratis.thirdparty.io.netty.channel.nio.NioEventLoop.run(NioEventLoop.java:458)
	at org.apache.ratis.thirdparty.io.netty.util.concurrent.SingleThreadEventExecutor$5.run(SingleThreadEventExecutor.java:897)
	at org.apache.ratis.thirdparty.io.netty.util.concurrent.FastThreadLocalRunnable.run(FastThreadLocalRunnable.java:30)
	... 1 more
Caused by: java.net.ConnectException: Connection refused
	... 11 more
2019-11-15 01:00:55,470 [3290c45a-dc7d-4c95-a586-1c6e32afef30@group-E58C27D02539-LeaderElection189] INFO  impl.LeaderElection (LogUtils.java:infoOrTrace(149)) -   Exception 1: {}
java.util.concurrent.ExecutionException: org.apache.ratis.thirdparty.io.grpc.StatusRuntimeException: UNAVAILABLE: io exception
	at java.util.concurrent.FutureTask.report(FutureTask.java:122)
	at java.util.concurrent.FutureTask.get(FutureTask.java:192)
	at org.apache.ratis.server.impl.LeaderElection.waitForResults(LeaderElection.java:259)
	at org.apache.ratis.server.impl.LeaderElection.askForVotes(LeaderElection.java:197)
	at org.apache.ratis.server.impl.LeaderElection.run(LeaderElection.java:133)
	at java.lang.Thread.run(Thread.java:748)
Caused by: org.apache.ratis.thirdparty.io.grpc.StatusRuntimeException: UNAVAILABLE: io exception
	at org.apache.ratis.thirdparty.io.grpc.stub.ClientCalls.toStatusRuntimeException(ClientCalls.java:233)
	at org.apache.ratis.thirdparty.io.grpc.stub.ClientCalls.getUnchecked(ClientCalls.java:214)
	at org.apache.ratis.thirdparty.io.grpc.stub.ClientCalls.blockingUnaryCall(ClientCalls.java:139)
	at org.apache.ratis.proto.grpc.RaftServerProtocolServiceGrpc$RaftServerProtocolServiceBlockingStub.requestVote(RaftServerProtocolServiceGrpc.java:265)
	at org.apache.ratis.grpc.server.GrpcServerProtocolClient.requestVote(GrpcServerProtocolClient.java:99)
	at org.apache.ratis.grpc.server.GrpcService.requestVote(GrpcService.java:204)
	at org.apache.ratis.server.impl.LeaderElection.lambda$submitRequests$1(LeaderElection.java:234)
	at java.util.concurrent.FutureTask.run(FutureTask.java:266)
	at java.util.concurrent.Executors$RunnableAdapter.call(Executors.java:511)
	at java.util.concurrent.FutureTask.run(FutureTask.java:266)
	at java.util.concurrent.ThreadPoolExecutor.runWorker(ThreadPoolExecutor.java:1149)
	at java.util.concurrent.ThreadPoolExecutor$Worker.run(ThreadPoolExecutor.java:624)
	... 1 more
Caused by: org.apache.ratis.thirdparty.io.netty.channel.AbstractChannel$AnnotatedConnectException: Connection refused: /192.168.164.208:38346
	at sun.nio.ch.SocketChannelImpl.checkConnect(Native Method)
	at sun.nio.ch.SocketChannelImpl.finishConnect(SocketChannelImpl.java:717)
	at org.apache.ratis.thirdparty.io.netty.channel.socket.nio.NioSocketChannel.doFinishConnect(NioSocketChannel.java:327)
	at org.apache.ratis.thirdparty.io.netty.channel.nio.AbstractNioChannel$AbstractNioUnsafe.finishConnect(AbstractNioChannel.java:340)
	at org.apache.ratis.thirdparty.io.netty.channel.nio.NioEventLoop.processSelectedKey(NioEventLoop.java:632)
	at org.apache.ratis.thirdparty.io.netty.channel.nio.NioEventLoop.processSelectedKeysOptimized(NioEventLoop.java:579)
	at org.apache.ratis.thirdparty.io.netty.channel.nio.NioEventLoop.processSelectedKeys(NioEventLoop.java:496)
	at org.apache.ratis.thirdparty.io.netty.channel.nio.NioEventLoop.run(NioEventLoop.java:458)
	at org.apache.ratis.thirdparty.io.netty.util.concurrent.SingleThreadEventExecutor$5.run(SingleThreadEventExecutor.java:897)
	at org.apache.ratis.thirdparty.io.netty.util.concurrent.FastThreadLocalRunnable.run(FastThreadLocalRunnable.java:30)
	... 1 more
Caused by: java.net.ConnectException: Connection refused
	... 11 more
2019-11-15 01:00:55,470 [3290c45a-dc7d-4c95-a586-1c6e32afef30@group-E58C27D02539-LeaderElection189] INFO  impl.RaftServerImpl (RaftServerImpl.java:setRole(173)) - 3290c45a-dc7d-4c95-a586-1c6e32afef30@group-E58C27D02539: changes role from CANDIDATE to FOLLOWER at term 9 for DISCOVERED_A_NEW_TERM
2019-11-15 01:00:55,470 [3290c45a-dc7d-4c95-a586-1c6e32afef30@group-E58C27D02539-LeaderElection189] INFO  impl.RoleInfo (RoleInfo.java:shutdownLeaderElection(134)) - 3290c45a-dc7d-4c95-a586-1c6e32afef30: shutdown LeaderElection
2019-11-15 01:00:55,470 [3290c45a-dc7d-4c95-a586-1c6e32afef30@group-E58C27D02539-LeaderElection189] INFO  impl.RoleInfo (RoleInfo.java:updateAndGet(143)) - 3290c45a-dc7d-4c95-a586-1c6e32afef30: start FollowerState
2019-11-15 01:00:56,264 [Thread-4771] INFO  impl.FollowerState (FollowerState.java:run(111)) - 212c8f8f-349a-4c94-b732-b4c0454eae1b@group-8C05B86E69BD-FollowerState: change to CANDIDATE, lastRpcTime:1084ms, electionTimeout:1084ms
2019-11-15 01:00:56,265 [Thread-4771] INFO  impl.RoleInfo (RoleInfo.java:shutdownFollowerState(121)) - 212c8f8f-349a-4c94-b732-b4c0454eae1b: shutdown FollowerState
2019-11-15 01:00:56,265 [Thread-4771] INFO  impl.RaftServerImpl (RaftServerImpl.java:setRole(173)) - 212c8f8f-349a-4c94-b732-b4c0454eae1b@group-8C05B86E69BD: changes role from  FOLLOWER to CANDIDATE at term 4 for changeToCandidate
2019-11-15 01:00:56,266 [Thread-4771] INFO  impl.RoleInfo (RoleInfo.java:updateAndGet(143)) - 212c8f8f-349a-4c94-b732-b4c0454eae1b: start LeaderElection
2019-11-15 01:00:56,282 [212c8f8f-349a-4c94-b732-b4c0454eae1b@group-8C05B86E69BD-LeaderElection190] INFO  impl.LeaderElection (LeaderElection.java:askForVotes(178)) - 212c8f8f-349a-4c94-b732-b4c0454eae1b@group-8C05B86E69BD-LeaderElection190: begin an election at term 5 for 0: [0e91382f-cc67-4c48-b6bb-37ad8c3df0fd:192.168.164.208:33069, 10ab2f01-a163-4b0b-bdc9-1962e1c3543b:192.168.164.208:38174, 212c8f8f-349a-4c94-b732-b4c0454eae1b:192.168.164.208:37073], old=null
2019-11-15 01:00:56,285 [212c8f8f-349a-4c94-b732-b4c0454eae1b@group-8C05B86E69BD-LeaderElection190] INFO  impl.LeaderElection (LogUtils.java:infoOrTrace(149)) - 212c8f8f-349a-4c94-b732-b4c0454eae1b@group-8C05B86E69BD-LeaderElection190 got exception when requesting votes: {}
java.util.concurrent.ExecutionException: org.apache.ratis.thirdparty.io.grpc.StatusRuntimeException: UNAVAILABLE: io exception
	at java.util.concurrent.FutureTask.report(FutureTask.java:122)
	at java.util.concurrent.FutureTask.get(FutureTask.java:192)
	at org.apache.ratis.server.impl.LeaderElection.waitForResults(LeaderElection.java:259)
	at org.apache.ratis.server.impl.LeaderElection.askForVotes(LeaderElection.java:197)
	at org.apache.ratis.server.impl.LeaderElection.run(LeaderElection.java:133)
	at java.lang.Thread.run(Thread.java:748)
Caused by: org.apache.ratis.thirdparty.io.grpc.StatusRuntimeException: UNAVAILABLE: io exception
	at org.apache.ratis.thirdparty.io.grpc.stub.ClientCalls.toStatusRuntimeException(ClientCalls.java:233)
	at org.apache.ratis.thirdparty.io.grpc.stub.ClientCalls.getUnchecked(ClientCalls.java:214)
	at org.apache.ratis.thirdparty.io.grpc.stub.ClientCalls.blockingUnaryCall(ClientCalls.java:139)
	at org.apache.ratis.proto.grpc.RaftServerProtocolServiceGrpc$RaftServerProtocolServiceBlockingStub.requestVote(RaftServerProtocolServiceGrpc.java:265)
	at org.apache.ratis.grpc.server.GrpcServerProtocolClient.requestVote(GrpcServerProtocolClient.java:99)
	at org.apache.ratis.grpc.server.GrpcService.requestVote(GrpcService.java:204)
	at org.apache.ratis.server.impl.LeaderElection.lambda$submitRequests$1(LeaderElection.java:234)
	at java.util.concurrent.FutureTask.run(FutureTask.java:266)
	at java.util.concurrent.Executors$RunnableAdapter.call(Executors.java:511)
	at java.util.concurrent.FutureTask.run(FutureTask.java:266)
	at java.util.concurrent.ThreadPoolExecutor.runWorker(ThreadPoolExecutor.java:1149)
	at java.util.concurrent.ThreadPoolExecutor$Worker.run(ThreadPoolExecutor.java:624)
	... 1 more
Caused by: org.apache.ratis.thirdparty.io.netty.channel.AbstractChannel$AnnotatedConnectException: Connection refused: /192.168.164.208:38174
	at sun.nio.ch.SocketChannelImpl.checkConnect(Native Method)
	at sun.nio.ch.SocketChannelImpl.finishConnect(SocketChannelImpl.java:717)
	at org.apache.ratis.thirdparty.io.netty.channel.socket.nio.NioSocketChannel.doFinishConnect(NioSocketChannel.java:327)
	at org.apache.ratis.thirdparty.io.netty.channel.nio.AbstractNioChannel$AbstractNioUnsafe.finishConnect(AbstractNioChannel.java:340)
	at org.apache.ratis.thirdparty.io.netty.channel.nio.NioEventLoop.processSelectedKey(NioEventLoop.java:632)
	at org.apache.ratis.thirdparty.io.netty.channel.nio.NioEventLoop.processSelectedKeysOptimized(NioEventLoop.java:579)
	at org.apache.ratis.thirdparty.io.netty.channel.nio.NioEventLoop.processSelectedKeys(NioEventLoop.java:496)
	at org.apache.ratis.thirdparty.io.netty.channel.nio.NioEventLoop.run(NioEventLoop.java:458)
	at org.apache.ratis.thirdparty.io.netty.util.concurrent.SingleThreadEventExecutor$5.run(SingleThreadEventExecutor.java:897)
	at org.apache.ratis.thirdparty.io.netty.util.concurrent.FastThreadLocalRunnable.run(FastThreadLocalRunnable.java:30)
	... 1 more
Caused by: java.net.ConnectException: Connection refused
	... 11 more
2019-11-15 01:00:56,286 [212c8f8f-349a-4c94-b732-b4c0454eae1b@group-8C05B86E69BD-LeaderElection190] INFO  impl.LeaderElection (LogUtils.java:infoOrTrace(149)) - 212c8f8f-349a-4c94-b732-b4c0454eae1b@group-8C05B86E69BD-LeaderElection190 got exception when requesting votes: {}
java.util.concurrent.ExecutionException: org.apache.ratis.thirdparty.io.grpc.StatusRuntimeException: UNAVAILABLE: io exception
	at java.util.concurrent.FutureTask.report(FutureTask.java:122)
	at java.util.concurrent.FutureTask.get(FutureTask.java:192)
	at org.apache.ratis.server.impl.LeaderElection.waitForResults(LeaderElection.java:259)
	at org.apache.ratis.server.impl.LeaderElection.askForVotes(LeaderElection.java:197)
	at org.apache.ratis.server.impl.LeaderElection.run(LeaderElection.java:133)
	at java.lang.Thread.run(Thread.java:748)
Caused by: org.apache.ratis.thirdparty.io.grpc.StatusRuntimeException: UNAVAILABLE: io exception
	at org.apache.ratis.thirdparty.io.grpc.stub.ClientCalls.toStatusRuntimeException(ClientCalls.java:233)
	at org.apache.ratis.thirdparty.io.grpc.stub.ClientCalls.getUnchecked(ClientCalls.java:214)
	at org.apache.ratis.thirdparty.io.grpc.stub.ClientCalls.blockingUnaryCall(ClientCalls.java:139)
	at org.apache.ratis.proto.grpc.RaftServerProtocolServiceGrpc$RaftServerProtocolServiceBlockingStub.requestVote(RaftServerProtocolServiceGrpc.java:265)
	at org.apache.ratis.grpc.server.GrpcServerProtocolClient.requestVote(GrpcServerProtocolClient.java:99)
	at org.apache.ratis.grpc.server.GrpcService.requestVote(GrpcService.java:204)
	at org.apache.ratis.server.impl.LeaderElection.lambda$submitRequests$1(LeaderElection.java:234)
	at java.util.concurrent.FutureTask.run(FutureTask.java:266)
	at java.util.concurrent.Executors$RunnableAdapter.call(Executors.java:511)
	at java.util.concurrent.FutureTask.run(FutureTask.java:266)
	at java.util.concurrent.ThreadPoolExecutor.runWorker(ThreadPoolExecutor.java:1149)
	at java.util.concurrent.ThreadPoolExecutor$Worker.run(ThreadPoolExecutor.java:624)
	... 1 more
Caused by: org.apache.ratis.thirdparty.io.netty.channel.AbstractChannel$AnnotatedConnectException: Connection refused: /192.168.164.208:33069
	at sun.nio.ch.SocketChannelImpl.checkConnect(Native Method)
	at sun.nio.ch.SocketChannelImpl.finishConnect(SocketChannelImpl.java:717)
	at org.apache.ratis.thirdparty.io.netty.channel.socket.nio.NioSocketChannel.doFinishConnect(NioSocketChannel.java:327)
	at org.apache.ratis.thirdparty.io.netty.channel.nio.AbstractNioChannel$AbstractNioUnsafe.finishConnect(AbstractNioChannel.java:340)
	at org.apache.ratis.thirdparty.io.netty.channel.nio.NioEventLoop.processSelectedKey(NioEventLoop.java:632)
	at org.apache.ratis.thirdparty.io.netty.channel.nio.NioEventLoop.processSelectedKeysOptimized(NioEventLoop.java:579)
	at org.apache.ratis.thirdparty.io.netty.channel.nio.NioEventLoop.processSelectedKeys(NioEventLoop.java:496)
	at org.apache.ratis.thirdparty.io.netty.channel.nio.NioEventLoop.run(NioEventLoop.java:458)
	at org.apache.ratis.thirdparty.io.netty.util.concurrent.SingleThreadEventExecutor$5.run(SingleThreadEventExecutor.java:897)
	at org.apache.ratis.thirdparty.io.netty.util.concurrent.FastThreadLocalRunnable.run(FastThreadLocalRunnable.java:30)
	... 1 more
Caused by: java.net.ConnectException: Connection refused
	... 11 more
2019-11-15 01:00:56,286 [212c8f8f-349a-4c94-b732-b4c0454eae1b@group-8C05B86E69BD-LeaderElection190] INFO  impl.LeaderElection (LeaderElection.java:logAndReturn(56)) - 212c8f8f-349a-4c94-b732-b4c0454eae1b@group-8C05B86E69BD-LeaderElection190: Election REJECTED; received 0 response(s) [] and 2 exception(s); 212c8f8f-349a-4c94-b732-b4c0454eae1b@group-8C05B86E69BD:t5, leader=null, voted=212c8f8f-349a-4c94-b732-b4c0454eae1b, raftlog=212c8f8f-349a-4c94-b732-b4c0454eae1b@group-8C05B86E69BD-SegmentedRaftLog:OPENED:c0,f0,i0, conf=0: [0e91382f-cc67-4c48-b6bb-37ad8c3df0fd:192.168.164.208:33069, 10ab2f01-a163-4b0b-bdc9-1962e1c3543b:192.168.164.208:38174, 212c8f8f-349a-4c94-b732-b4c0454eae1b:192.168.164.208:37073], old=null
2019-11-15 01:00:56,286 [212c8f8f-349a-4c94-b732-b4c0454eae1b@group-8C05B86E69BD-LeaderElection190] INFO  impl.LeaderElection (LogUtils.java:infoOrTrace(149)) -   Exception 0: {}
java.util.concurrent.ExecutionException: org.apache.ratis.thirdparty.io.grpc.StatusRuntimeException: UNAVAILABLE: io exception
	at java.util.concurrent.FutureTask.report(FutureTask.java:122)
	at java.util.concurrent.FutureTask.get(FutureTask.java:192)
	at org.apache.ratis.server.impl.LeaderElection.waitForResults(LeaderElection.java:259)
	at org.apache.ratis.server.impl.LeaderElection.askForVotes(LeaderElection.java:197)
	at org.apache.ratis.server.impl.LeaderElection.run(LeaderElection.java:133)
	at java.lang.Thread.run(Thread.java:748)
Caused by: org.apache.ratis.thirdparty.io.grpc.StatusRuntimeException: UNAVAILABLE: io exception
	at org.apache.ratis.thirdparty.io.grpc.stub.ClientCalls.toStatusRuntimeException(ClientCalls.java:233)
	at org.apache.ratis.thirdparty.io.grpc.stub.ClientCalls.getUnchecked(ClientCalls.java:214)
	at org.apache.ratis.thirdparty.io.grpc.stub.ClientCalls.blockingUnaryCall(ClientCalls.java:139)
	at org.apache.ratis.proto.grpc.RaftServerProtocolServiceGrpc$RaftServerProtocolServiceBlockingStub.requestVote(RaftServerProtocolServiceGrpc.java:265)
	at org.apache.ratis.grpc.server.GrpcServerProtocolClient.requestVote(GrpcServerProtocolClient.java:99)
	at org.apache.ratis.grpc.server.GrpcService.requestVote(GrpcService.java:204)
	at org.apache.ratis.server.impl.LeaderElection.lambda$submitRequests$1(LeaderElection.java:234)
	at java.util.concurrent.FutureTask.run(FutureTask.java:266)
	at java.util.concurrent.Executors$RunnableAdapter.call(Executors.java:511)
	at java.util.concurrent.FutureTask.run(FutureTask.java:266)
	at java.util.concurrent.ThreadPoolExecutor.runWorker(ThreadPoolExecutor.java:1149)
	at java.util.concurrent.ThreadPoolExecutor$Worker.run(ThreadPoolExecutor.java:624)
	... 1 more
Caused by: org.apache.ratis.thirdparty.io.netty.channel.AbstractChannel$AnnotatedConnectException: Connection refused: /192.168.164.208:38174
	at sun.nio.ch.SocketChannelImpl.checkConnect(Native Method)
	at sun.nio.ch.SocketChannelImpl.finishConnect(SocketChannelImpl.java:717)
	at org.apache.ratis.thirdparty.io.netty.channel.socket.nio.NioSocketChannel.doFinishConnect(NioSocketChannel.java:327)
	at org.apache.ratis.thirdparty.io.netty.channel.nio.AbstractNioChannel$AbstractNioUnsafe.finishConnect(AbstractNioChannel.java:340)
	at org.apache.ratis.thirdparty.io.netty.channel.nio.NioEventLoop.processSelectedKey(NioEventLoop.java:632)
	at org.apache.ratis.thirdparty.io.netty.channel.nio.NioEventLoop.processSelectedKeysOptimized(NioEventLoop.java:579)
	at org.apache.ratis.thirdparty.io.netty.channel.nio.NioEventLoop.processSelectedKeys(NioEventLoop.java:496)
	at org.apache.ratis.thirdparty.io.netty.channel.nio.NioEventLoop.run(NioEventLoop.java:458)
	at org.apache.ratis.thirdparty.io.netty.util.concurrent.SingleThreadEventExecutor$5.run(SingleThreadEventExecutor.java:897)
	at org.apache.ratis.thirdparty.io.netty.util.concurrent.FastThreadLocalRunnable.run(FastThreadLocalRunnable.java:30)
	... 1 more
Caused by: java.net.ConnectException: Connection refused
	... 11 more
2019-11-15 01:00:56,287 [212c8f8f-349a-4c94-b732-b4c0454eae1b@group-8C05B86E69BD-LeaderElection190] INFO  impl.LeaderElection (LogUtils.java:infoOrTrace(149)) -   Exception 1: {}
java.util.concurrent.ExecutionException: org.apache.ratis.thirdparty.io.grpc.StatusRuntimeException: UNAVAILABLE: io exception
	at java.util.concurrent.FutureTask.report(FutureTask.java:122)
	at java.util.concurrent.FutureTask.get(FutureTask.java:192)
	at org.apache.ratis.server.impl.LeaderElection.waitForResults(LeaderElection.java:259)
	at org.apache.ratis.server.impl.LeaderElection.askForVotes(LeaderElection.java:197)
	at org.apache.ratis.server.impl.LeaderElection.run(LeaderElection.java:133)
	at java.lang.Thread.run(Thread.java:748)
Caused by: org.apache.ratis.thirdparty.io.grpc.StatusRuntimeException: UNAVAILABLE: io exception
	at org.apache.ratis.thirdparty.io.grpc.stub.ClientCalls.toStatusRuntimeException(ClientCalls.java:233)
	at org.apache.ratis.thirdparty.io.grpc.stub.ClientCalls.getUnchecked(ClientCalls.java:214)
	at org.apache.ratis.thirdparty.io.grpc.stub.ClientCalls.blockingUnaryCall(ClientCalls.java:139)
	at org.apache.ratis.proto.grpc.RaftServerProtocolServiceGrpc$RaftServerProtocolServiceBlockingStub.requestVote(RaftServerProtocolServiceGrpc.java:265)
	at org.apache.ratis.grpc.server.GrpcServerProtocolClient.requestVote(GrpcServerProtocolClient.java:99)
	at org.apache.ratis.grpc.server.GrpcService.requestVote(GrpcService.java:204)
	at org.apache.ratis.server.impl.LeaderElection.lambda$submitRequests$1(LeaderElection.java:234)
	at java.util.concurrent.FutureTask.run(FutureTask.java:266)
	at java.util.concurrent.Executors$RunnableAdapter.call(Executors.java:511)
	at java.util.concurrent.FutureTask.run(FutureTask.java:266)
	at java.util.concurrent.ThreadPoolExecutor.runWorker(ThreadPoolExecutor.java:1149)
	at java.util.concurrent.ThreadPoolExecutor$Worker.run(ThreadPoolExecutor.java:624)
	... 1 more
Caused by: org.apache.ratis.thirdparty.io.netty.channel.AbstractChannel$AnnotatedConnectException: Connection refused: /192.168.164.208:33069
	at sun.nio.ch.SocketChannelImpl.checkConnect(Native Method)
	at sun.nio.ch.SocketChannelImpl.finishConnect(SocketChannelImpl.java:717)
	at org.apache.ratis.thirdparty.io.netty.channel.socket.nio.NioSocketChannel.doFinishConnect(NioSocketChannel.java:327)
	at org.apache.ratis.thirdparty.io.netty.channel.nio.AbstractNioChannel$AbstractNioUnsafe.finishConnect(AbstractNioChannel.java:340)
	at org.apache.ratis.thirdparty.io.netty.channel.nio.NioEventLoop.processSelectedKey(NioEventLoop.java:632)
	at org.apache.ratis.thirdparty.io.netty.channel.nio.NioEventLoop.processSelectedKeysOptimized(NioEventLoop.java:579)
	at org.apache.ratis.thirdparty.io.netty.channel.nio.NioEventLoop.processSelectedKeys(NioEventLoop.java:496)
	at org.apache.ratis.thirdparty.io.netty.channel.nio.NioEventLoop.run(NioEventLoop.java:458)
	at org.apache.ratis.thirdparty.io.netty.util.concurrent.SingleThreadEventExecutor$5.run(SingleThreadEventExecutor.java:897)
	at org.apache.ratis.thirdparty.io.netty.util.concurrent.FastThreadLocalRunnable.run(FastThreadLocalRunnable.java:30)
	... 1 more
Caused by: java.net.ConnectException: Connection refused
	... 11 more
2019-11-15 01:00:56,287 [212c8f8f-349a-4c94-b732-b4c0454eae1b@group-8C05B86E69BD-LeaderElection190] INFO  impl.RaftServerImpl (RaftServerImpl.java:setRole(173)) - 212c8f8f-349a-4c94-b732-b4c0454eae1b@group-8C05B86E69BD: changes role from CANDIDATE to FOLLOWER at term 5 for DISCOVERED_A_NEW_TERM
2019-11-15 01:00:56,287 [212c8f8f-349a-4c94-b732-b4c0454eae1b@group-8C05B86E69BD-LeaderElection190] INFO  impl.RoleInfo (RoleInfo.java:shutdownLeaderElection(134)) - 212c8f8f-349a-4c94-b732-b4c0454eae1b: shutdown LeaderElection
2019-11-15 01:00:56,287 [212c8f8f-349a-4c94-b732-b4c0454eae1b@group-8C05B86E69BD-LeaderElection190] INFO  impl.RoleInfo (RoleInfo.java:updateAndGet(143)) - 212c8f8f-349a-4c94-b732-b4c0454eae1b: start FollowerState
2019-11-15 01:00:56,358 [main] INFO  ozoneimpl.OzoneContainer (OzoneContainer.java:stop(244)) - Attempting to stop container services.
2019-11-15 01:00:56,359 [main] INFO  impl.RaftServerProxy (RaftServerProxy.java:lambda$close$4(314)) - 3290c45a-dc7d-4c95-a586-1c6e32afef30: close
2019-11-15 01:00:56,360 [main] INFO  impl.RaftServerImpl (RaftServerImpl.java:lambda$shutdown$3(250)) - 3290c45a-dc7d-4c95-a586-1c6e32afef30@group-E58C27D02539: shutdown
2019-11-15 01:00:56,360 [main] INFO  util.JmxRegister (JmxRegister.java:unregister(73)) - Successfully un-registered JMX Bean with object name Ratis:service=RaftServer,group=group-E58C27D02539,id=3290c45a-dc7d-4c95-a586-1c6e32afef30
2019-11-15 01:00:56,361 [main] INFO  impl.RoleInfo (RoleInfo.java:shutdownFollowerState(121)) - 3290c45a-dc7d-4c95-a586-1c6e32afef30: shutdown FollowerState
2019-11-15 01:00:56,361 [main] INFO  impl.StateMachineUpdater (StateMachineUpdater.java:stopAndJoin(136)) - 3290c45a-dc7d-4c95-a586-1c6e32afef30@group-E58C27D02539-StateMachineUpdater: set stopIndex = 7
2019-11-15 01:00:56,361 [3290c45a-dc7d-4c95-a586-1c6e32afef30@group-E58C27D02539-StateMachineUpdater] INFO  ratis.ContainerStateMachine (ContainerStateMachine.java:takeSnapshot(285)) - group-E58C27D02539: Taking a snapshot at:(t:1, i:4) file /workdir/hadoop-ozone/integration-test/target/test-dir/MiniOzoneClusterImpl-9b1c7e50-938b-4652-9315-e435b3731240/datanode-9/data/ratis/20424017-baad-4109-9464-e58c27d02539/sm/snapshot.1_4
2019-11-15 01:00:56,361 [Thread-4779] INFO  impl.FollowerState (FollowerState.java:run(120)) - 3290c45a-dc7d-4c95-a586-1c6e32afef30@group-E58C27D02539-FollowerState was interrupted: java.lang.InterruptedException: sleep interrupted
2019-11-15 01:00:56,375 [3290c45a-dc7d-4c95-a586-1c6e32afef30@group-E58C27D02539-StateMachineUpdater] INFO  ratis.ContainerStateMachine (ContainerStateMachine.java:takeSnapshot(296)) - group-E58C27D02539: Finished taking a snapshot at:(t:1, i:4) file:/workdir/hadoop-ozone/integration-test/target/test-dir/MiniOzoneClusterImpl-9b1c7e50-938b-4652-9315-e435b3731240/datanode-9/data/ratis/20424017-baad-4109-9464-e58c27d02539/sm/snapshot.1_4 time:14
2019-11-15 01:00:56,375 [ForkJoinPool.commonPool-worker-0] INFO  ozoneimpl.OzoneContainer (OzoneContainer.java:stop(244)) - Attempting to stop container services.
2019-11-15 01:00:56,375 [ForkJoinPool.commonPool-worker-0] INFO  impl.RaftServerProxy (RaftServerProxy.java:lambda$close$4(314)) - 212c8f8f-349a-4c94-b732-b4c0454eae1b: close
2019-11-15 01:00:56,375 [3290c45a-dc7d-4c95-a586-1c6e32afef30@group-E58C27D02539-StateMachineUpdater] INFO  impl.StateMachineUpdater (StateMachineUpdater.java:takeSnapshot(269)) - 3290c45a-dc7d-4c95-a586-1c6e32afef30@group-E58C27D02539-StateMachineUpdater: Took a snapshot at index 4
2019-11-15 01:00:56,375 [ForkJoinPool.commonPool-worker-0] INFO  impl.RaftServerImpl (RaftServerImpl.java:lambda$shutdown$3(250)) - 212c8f8f-349a-4c94-b732-b4c0454eae1b@group-8C05B86E69BD: shutdown
2019-11-15 01:00:56,376 [3290c45a-dc7d-4c95-a586-1c6e32afef30@group-E58C27D02539-StateMachineUpdater] INFO  impl.StateMachineUpdater (StateMachineUpdater.java:lambda$new$0(84)) - 3290c45a-dc7d-4c95-a586-1c6e32afef30@group-E58C27D02539-StateMachineUpdater: snapshotIndex: updateIncreasingly -1 -> 4
2019-11-15 01:00:56,376 [ForkJoinPool.commonPool-worker-0] INFO  util.JmxRegister (JmxRegister.java:unregister(73)) - Successfully un-registered JMX Bean with object name Ratis:service=RaftServer,group=group-8C05B86E69BD,id=212c8f8f-349a-4c94-b732-b4c0454eae1b
2019-11-15 01:00:56,376 [ForkJoinPool.commonPool-worker-0] INFO  impl.RoleInfo (RoleInfo.java:shutdownFollowerState(121)) - 212c8f8f-349a-4c94-b732-b4c0454eae1b: shutdown FollowerState
2019-11-15 01:00:56,376 [3290c45a-dc7d-4c95-a586-1c6e32afef30@group-E58C27D02539-StateMachineUpdater] INFO  ratis.ContainerStateMachine (ContainerStateMachine.java:takeSnapshot(285)) - group-E58C27D02539: Taking a snapshot at:(t:1, i:4) file /workdir/hadoop-ozone/integration-test/target/test-dir/MiniOzoneClusterImpl-9b1c7e50-938b-4652-9315-e435b3731240/datanode-9/data/ratis/20424017-baad-4109-9464-e58c27d02539/sm/snapshot.1_4
2019-11-15 01:00:56,376 [Thread-4783] INFO  impl.FollowerState (FollowerState.java:run(120)) - 212c8f8f-349a-4c94-b732-b4c0454eae1b@group-8C05B86E69BD-FollowerState was interrupted: java.lang.InterruptedException: sleep interrupted
2019-11-15 01:00:56,376 [ForkJoinPool.commonPool-worker-0] INFO  impl.StateMachineUpdater (StateMachineUpdater.java:stopAndJoin(136)) - 212c8f8f-349a-4c94-b732-b4c0454eae1b@group-8C05B86E69BD-StateMachineUpdater: set stopIndex = 0
2019-11-15 01:00:56,377 [ForkJoinPool.commonPool-worker-0] INFO  impl.RaftServerImpl (ServerState.java:close(387)) - 212c8f8f-349a-4c94-b732-b4c0454eae1b@group-8C05B86E69BD: closes. applyIndex: 0
2019-11-15 01:00:56,378 [212c8f8f-349a-4c94-b732-b4c0454eae1b@group-8C05B86E69BD-SegmentedRaftLogWorker] INFO  segmented.SegmentedRaftLogWorker (SegmentedRaftLogWorker.java:run(316)) - 212c8f8f-349a-4c94-b732-b4c0454eae1b@group-8C05B86E69BD-SegmentedRaftLogWorker was interrupted, exiting. There are 0 tasks remaining in the queue.
2019-11-15 01:00:56,378 [ForkJoinPool.commonPool-worker-0] INFO  segmented.SegmentedRaftLogWorker (SegmentedRaftLogWorker.java:close(224)) - 212c8f8f-349a-4c94-b732-b4c0454eae1b@group-8C05B86E69BD-SegmentedRaftLogWorker close()
2019-11-15 01:00:56,378 [ForkJoinPool.commonPool-worker-0] INFO  impl.RaftServerImpl (RaftServerImpl.java:lambda$shutdown$3(250)) - 212c8f8f-349a-4c94-b732-b4c0454eae1b@group-A71440B16C33: shutdown
2019-11-15 01:00:56,379 [ForkJoinPool.commonPool-worker-0] INFO  util.JmxRegister (JmxRegister.java:unregister(73)) - Successfully un-registered JMX Bean with object name Ratis:service=RaftServer,group=group-A71440B16C33,id=212c8f8f-349a-4c94-b732-b4c0454eae1b
2019-11-15 01:00:56,379 [ForkJoinPool.commonPool-worker-0] INFO  impl.RoleInfo (RoleInfo.java:shutdownLeaderState(104)) - 212c8f8f-349a-4c94-b732-b4c0454eae1b: shutdown LeaderState
2019-11-15 01:00:56,379 [ForkJoinPool.commonPool-worker-0] INFO  impl.PendingRequests (PendingRequests.java:sendNotLeaderResponses(206)) - 212c8f8f-349a-4c94-b732-b4c0454eae1b@group-A71440B16C33-PendingRequests: sendNotLeaderResponses
2019-11-15 01:00:56,380 [ForkJoinPool.commonPool-worker-0] INFO  impl.StateMachineUpdater (StateMachineUpdater.java:stopAndJoin(136)) - 212c8f8f-349a-4c94-b732-b4c0454eae1b@group-A71440B16C33-StateMachineUpdater: set stopIndex = 0
2019-11-15 01:00:56,380 [ForkJoinPool.commonPool-worker-0] INFO  impl.RaftServerImpl (ServerState.java:close(387)) - 212c8f8f-349a-4c94-b732-b4c0454eae1b@group-A71440B16C33: closes. applyIndex: 0
2019-11-15 01:00:56,380 [212c8f8f-349a-4c94-b732-b4c0454eae1b@group-A71440B16C33-SegmentedRaftLogWorker] INFO  segmented.SegmentedRaftLogWorker (SegmentedRaftLogWorker.java:run(316)) - 212c8f8f-349a-4c94-b732-b4c0454eae1b@group-A71440B16C33-SegmentedRaftLogWorker was interrupted, exiting. There are 0 tasks remaining in the queue.
2019-11-15 01:00:56,381 [ForkJoinPool.commonPool-worker-0] INFO  segmented.SegmentedRaftLogWorker (SegmentedRaftLogWorker.java:close(224)) - 212c8f8f-349a-4c94-b732-b4c0454eae1b@group-A71440B16C33-SegmentedRaftLogWorker close()
2019-11-15 01:00:56,381 [ForkJoinPool.commonPool-worker-0] INFO  server.GrpcService (GrpcService.java:closeImpl(164)) - 212c8f8f-349a-4c94-b732-b4c0454eae1b: shutdown server with port 37073 now
2019-11-15 01:00:56,382 [ForkJoinPool.commonPool-worker-0] INFO  server.GrpcService (GrpcService.java:closeImpl(172)) - 212c8f8f-349a-4c94-b732-b4c0454eae1b: shutdown server with port 37073 successfully
2019-11-15 01:00:56,389 [refreshUsed-/workdir/hadoop-ozone/integration-test/target/test-dir/MiniOzoneClusterImpl-9b1c7e50-938b-4652-9315-e435b3731240/datanode-1/data/containers] WARN  fs.CachingGetSpaceUsed (CachingGetSpaceUsed.java:run(183)) - Thread Interrupted waiting to refresh disk information: sleep interrupted
2019-11-15 01:00:56,389 [3290c45a-dc7d-4c95-a586-1c6e32afef30@group-E58C27D02539-StateMachineUpdater] INFO  ratis.ContainerStateMachine (ContainerStateMachine.java:takeSnapshot(296)) - group-E58C27D02539: Finished taking a snapshot at:(t:1, i:4) file:/workdir/hadoop-ozone/integration-test/target/test-dir/MiniOzoneClusterImpl-9b1c7e50-938b-4652-9315-e435b3731240/datanode-9/data/ratis/20424017-baad-4109-9464-e58c27d02539/sm/snapshot.1_4 time:12
2019-11-15 01:00:56,389 [3290c45a-dc7d-4c95-a586-1c6e32afef30@group-E58C27D02539-StateMachineUpdater] INFO  impl.StateMachineUpdater (StateMachineUpdater.java:takeSnapshot(269)) - 3290c45a-dc7d-4c95-a586-1c6e32afef30@group-E58C27D02539-StateMachineUpdater: Took a snapshot at index 4
2019-11-15 01:00:56,389 [3290c45a-dc7d-4c95-a586-1c6e32afef30@group-E58C27D02539-StateMachineUpdater] INFO  impl.StateMachineUpdater (StateMachineUpdater.java:lambda$new$0(84)) - 3290c45a-dc7d-4c95-a586-1c6e32afef30@group-E58C27D02539-StateMachineUpdater: snapshotIndex: updateIncreasingly 4 -> 4
2019-11-15 01:00:56,389 [main] INFO  impl.RaftServerImpl (ServerState.java:close(387)) - 3290c45a-dc7d-4c95-a586-1c6e32afef30@group-E58C27D02539: closes. applyIndex: 7
2019-11-15 01:00:56,390 [3290c45a-dc7d-4c95-a586-1c6e32afef30@group-E58C27D02539-SegmentedRaftLogWorker] INFO  segmented.SegmentedRaftLogWorker (SegmentedRaftLogWorker.java:run(316)) - 3290c45a-dc7d-4c95-a586-1c6e32afef30@group-E58C27D02539-SegmentedRaftLogWorker was interrupted, exiting. There are 0 tasks remaining in the queue.
2019-11-15 01:00:56,391 [main] INFO  segmented.SegmentedRaftLogWorker (SegmentedRaftLogWorker.java:close(224)) - 3290c45a-dc7d-4c95-a586-1c6e32afef30@group-E58C27D02539-SegmentedRaftLogWorker close()
2019-11-15 01:00:56,391 [main] INFO  impl.RaftServerImpl (RaftServerImpl.java:lambda$shutdown$3(250)) - 3290c45a-dc7d-4c95-a586-1c6e32afef30@group-093F110B3D89: shutdown
2019-11-15 01:00:56,392 [main] INFO  util.JmxRegister (JmxRegister.java:unregister(73)) - Successfully un-registered JMX Bean with object name Ratis:service=RaftServer,group=group-093F110B3D89,id=3290c45a-dc7d-4c95-a586-1c6e32afef30
2019-11-15 01:00:56,392 [main] INFO  impl.RoleInfo (RoleInfo.java:shutdownLeaderState(104)) - 3290c45a-dc7d-4c95-a586-1c6e32afef30: shutdown LeaderState
2019-11-15 01:00:56,392 [main] INFO  impl.PendingRequests (PendingRequests.java:sendNotLeaderResponses(206)) - 3290c45a-dc7d-4c95-a586-1c6e32afef30@group-093F110B3D89-PendingRequests: sendNotLeaderResponses
2019-11-15 01:00:56,393 [main] INFO  impl.StateMachineUpdater (StateMachineUpdater.java:stopAndJoin(136)) - 3290c45a-dc7d-4c95-a586-1c6e32afef30@group-093F110B3D89-StateMachineUpdater: set stopIndex = 0
2019-11-15 01:00:56,393 [main] INFO  impl.RaftServerImpl (ServerState.java:close(387)) - 3290c45a-dc7d-4c95-a586-1c6e32afef30@group-093F110B3D89: closes. applyIndex: 0
2019-11-15 01:00:56,394 [3290c45a-dc7d-4c95-a586-1c6e32afef30@group-093F110B3D89-SegmentedRaftLogWorker] INFO  segmented.SegmentedRaftLogWorker (SegmentedRaftLogWorker.java:run(316)) - 3290c45a-dc7d-4c95-a586-1c6e32afef30@group-093F110B3D89-SegmentedRaftLogWorker was interrupted, exiting. There are 0 tasks remaining in the queue.
2019-11-15 01:00:56,394 [main] INFO  segmented.SegmentedRaftLogWorker (SegmentedRaftLogWorker.java:close(224)) - 3290c45a-dc7d-4c95-a586-1c6e32afef30@group-093F110B3D89-SegmentedRaftLogWorker close()
2019-11-15 01:00:56,394 [main] INFO  server.GrpcService (GrpcService.java:closeImpl(164)) - 3290c45a-dc7d-4c95-a586-1c6e32afef30: shutdown server with port 44306 now
2019-11-15 01:00:56,396 [main] INFO  server.GrpcService (GrpcService.java:closeImpl(172)) - 3290c45a-dc7d-4c95-a586-1c6e32afef30: shutdown server with port 44306 successfully
2019-11-15 01:00:56,398 [refreshUsed-/workdir/hadoop-ozone/integration-test/target/test-dir/MiniOzoneClusterImpl-9b1c7e50-938b-4652-9315-e435b3731240/datanode-9/data/containers] WARN  fs.CachingGetSpaceUsed (CachingGetSpaceUsed.java:run(183)) - Thread Interrupted waiting to refresh disk information: sleep interrupted
2019-11-15 01:00:56,399 [grpc-default-executor-5] WARN  client.GrpcClientProtocolService (LogUtils.java:warn(134)) - 4-UnorderedRequestStreamObserver4: onError: org.apache.ratis.thirdparty.io.grpc.StatusRuntimeException: CANCELLED: cancelled before receiving half close
2019-11-15 01:00:56,406 [ForkJoinPool.commonPool-worker-0] INFO  utils.BackgroundService (BackgroundService.java:shutdown(151)) - Shutting down service BlockDeletingService
2019-11-15 01:00:56,408 [ForkJoinPool.commonPool-worker-0] INFO  statemachine.DatanodeStateMachine (DatanodeStateMachine.java:stopDaemon(400)) - Ozone container server stopped.
2019-11-15 01:00:56,410 [ForkJoinPool.commonPool-worker-0] INFO  handler.ContextHandler (ContextHandler.java:doStop(910)) - Stopped o.e.j.w.WebAppContext@7aae1170{/,null,UNAVAILABLE}{/hddsDatanode}
2019-11-15 01:00:56,411 [ForkJoinPool.commonPool-worker-0] INFO  server.AbstractConnector (AbstractConnector.java:doStop(318)) - Stopped ServerConnector@4ef5dd23{HTTP/1.1,[http/1.1]}{0.0.0.0:0}
2019-11-15 01:00:56,412 [ForkJoinPool.commonPool-worker-0] INFO  handler.ContextHandler (ContextHandler.java:doStop(910)) - Stopped o.e.j.s.ServletContextHandler@7e18ced7{/static,jar:file:/home/user/.m2/repository/org/apache/hadoop/hadoop-hdds-container-service/0.5.0-SNAPSHOT/hadoop-hdds-container-service-0.5.0-SNAPSHOT.jar!/webapps/static,UNAVAILABLE}
2019-11-15 01:00:56,413 [ForkJoinPool.commonPool-worker-0] INFO  handler.ContextHandler (ContextHandler.java:doStop(910)) - Stopped o.e.j.s.ServletContextHandler@5d5d3a5c{/logs,file:///workdir/hadoop-ozone/integration-test/target/log,UNAVAILABLE}
2019-11-15 01:00:56,420 [main] INFO  utils.BackgroundService (BackgroundService.java:shutdown(151)) - Shutting down service BlockDeletingService
2019-11-15 01:00:56,421 [main] INFO  statemachine.DatanodeStateMachine (DatanodeStateMachine.java:stopDaemon(400)) - Ozone container server stopped.
2019-11-15 01:00:56,422 [main] INFO  handler.ContextHandler (ContextHandler.java:doStop(910)) - Stopped o.e.j.w.WebAppContext@64fdcf99{/,null,UNAVAILABLE}{/hddsDatanode}
2019-11-15 01:00:56,423 [main] INFO  server.AbstractConnector (AbstractConnector.java:doStop(318)) - Stopped ServerConnector@9f0fc36{HTTP/1.1,[http/1.1]}{0.0.0.0:0}
2019-11-15 01:00:56,423 [main] INFO  handler.ContextHandler (ContextHandler.java:doStop(910)) - Stopped o.e.j.s.ServletContextHandler@782ac148{/static,jar:file:/home/user/.m2/repository/org/apache/hadoop/hadoop-hdds-container-service/0.5.0-SNAPSHOT/hadoop-hdds-container-service-0.5.0-SNAPSHOT.jar!/webapps/static,UNAVAILABLE}
2019-11-15 01:00:56,423 [main] INFO  handler.ContextHandler (ContextHandler.java:doStop(910)) - Stopped o.e.j.s.ServletContextHandler@54463380{/logs,file:///workdir/hadoop-ozone/integration-test/target/log,UNAVAILABLE}
2019-11-15 01:00:56,450 [Thread-4775] INFO  impl.FollowerState (FollowerState.java:run(111)) - e728dc25-e4b1-43c6-a53d-eff097089a23@group-C787A5EC6030-FollowerState: change to CANDIDATE, lastRpcTime:1103ms, electionTimeout:1103ms
2019-11-15 01:00:56,450 [Thread-4775] INFO  impl.RoleInfo (RoleInfo.java:shutdownFollowerState(121)) - e728dc25-e4b1-43c6-a53d-eff097089a23: shutdown FollowerState
2019-11-15 01:00:56,451 [Thread-4775] INFO  impl.RaftServerImpl (RaftServerImpl.java:setRole(173)) - e728dc25-e4b1-43c6-a53d-eff097089a23@group-C787A5EC6030: changes role from  FOLLOWER to CANDIDATE at term 4 for changeToCandidate
2019-11-15 01:00:56,451 [Thread-4775] INFO  impl.RoleInfo (RoleInfo.java:updateAndGet(143)) - e728dc25-e4b1-43c6-a53d-eff097089a23: start LeaderElection
2019-11-15 01:00:56,465 [e728dc25-e4b1-43c6-a53d-eff097089a23@group-C787A5EC6030-LeaderElection191] INFO  impl.LeaderElection (LeaderElection.java:askForVotes(178)) - e728dc25-e4b1-43c6-a53d-eff097089a23@group-C787A5EC6030-LeaderElection191: begin an election at term 5 for 0: [e728dc25-e4b1-43c6-a53d-eff097089a23:192.168.164.208:40846, c4061fea-d656-4029-8a52-0003cdc411ee:192.168.164.208:42567, 2b497d53-8cea-4a7e-98a0-4cfb87fd1475:192.168.164.208:45511], old=null
2019-11-15 01:00:56,466 [e728dc25-e4b1-43c6-a53d-eff097089a23@group-C787A5EC6030-LeaderElection191] INFO  impl.LeaderElection (LogUtils.java:infoOrTrace(149)) - e728dc25-e4b1-43c6-a53d-eff097089a23@group-C787A5EC6030-LeaderElection191 got exception when requesting votes: {}
java.util.concurrent.ExecutionException: org.apache.ratis.thirdparty.io.grpc.StatusRuntimeException: UNAVAILABLE: io exception
	at java.util.concurrent.FutureTask.report(FutureTask.java:122)
	at java.util.concurrent.FutureTask.get(FutureTask.java:192)
	at org.apache.ratis.server.impl.LeaderElection.waitForResults(LeaderElection.java:259)
	at org.apache.ratis.server.impl.LeaderElection.askForVotes(LeaderElection.java:197)
	at org.apache.ratis.server.impl.LeaderElection.run(LeaderElection.java:133)
	at java.lang.Thread.run(Thread.java:748)
Caused by: org.apache.ratis.thirdparty.io.grpc.StatusRuntimeException: UNAVAILABLE: io exception
	at org.apache.ratis.thirdparty.io.grpc.stub.ClientCalls.toStatusRuntimeException(ClientCalls.java:233)
	at org.apache.ratis.thirdparty.io.grpc.stub.ClientCalls.getUnchecked(ClientCalls.java:214)
	at org.apache.ratis.thirdparty.io.grpc.stub.ClientCalls.blockingUnaryCall(ClientCalls.java:139)
	at org.apache.ratis.proto.grpc.RaftServerProtocolServiceGrpc$RaftServerProtocolServiceBlockingStub.requestVote(RaftServerProtocolServiceGrpc.java:265)
	at org.apache.ratis.grpc.server.GrpcServerProtocolClient.requestVote(GrpcServerProtocolClient.java:99)
	at org.apache.ratis.grpc.server.GrpcService.requestVote(GrpcService.java:204)
	at org.apache.ratis.server.impl.LeaderElection.lambda$submitRequests$1(LeaderElection.java:234)
	at java.util.concurrent.FutureTask.run(FutureTask.java:266)
	at java.util.concurrent.Executors$RunnableAdapter.call(Executors.java:511)
	at java.util.concurrent.FutureTask.run(FutureTask.java:266)
	at java.util.concurrent.ThreadPoolExecutor.runWorker(ThreadPoolExecutor.java:1149)
	at java.util.concurrent.ThreadPoolExecutor$Worker.run(ThreadPoolExecutor.java:624)
	... 1 more
Caused by: org.apache.ratis.thirdparty.io.netty.channel.AbstractChannel$AnnotatedConnectException: Connection refused: /192.168.164.208:42567
	at sun.nio.ch.SocketChannelImpl.checkConnect(Native Method)
	at sun.nio.ch.SocketChannelImpl.finishConnect(SocketChannelImpl.java:717)
	at org.apache.ratis.thirdparty.io.netty.channel.socket.nio.NioSocketChannel.doFinishConnect(NioSocketChannel.java:327)
	at org.apache.ratis.thirdparty.io.netty.channel.nio.AbstractNioChannel$AbstractNioUnsafe.finishConnect(AbstractNioChannel.java:340)
	at org.apache.ratis.thirdparty.io.netty.channel.nio.NioEventLoop.processSelectedKey(NioEventLoop.java:632)
	at org.apache.ratis.thirdparty.io.netty.channel.nio.NioEventLoop.processSelectedKeysOptimized(NioEventLoop.java:579)
	at org.apache.ratis.thirdparty.io.netty.channel.nio.NioEventLoop.processSelectedKeys(NioEventLoop.java:496)
	at org.apache.ratis.thirdparty.io.netty.channel.nio.NioEventLoop.run(NioEventLoop.java:458)
	at org.apache.ratis.thirdparty.io.netty.util.concurrent.SingleThreadEventExecutor$5.run(SingleThreadEventExecutor.java:897)
	at org.apache.ratis.thirdparty.io.netty.util.concurrent.FastThreadLocalRunnable.run(FastThreadLocalRunnable.java:30)
	... 1 more
Caused by: java.net.ConnectException: Connection refused
	... 11 more
2019-11-15 01:00:56,466 [e728dc25-e4b1-43c6-a53d-eff097089a23@group-C787A5EC6030-LeaderElection191] INFO  impl.LeaderElection (LogUtils.java:infoOrTrace(149)) - e728dc25-e4b1-43c6-a53d-eff097089a23@group-C787A5EC6030-LeaderElection191 got exception when requesting votes: {}
java.util.concurrent.ExecutionException: org.apache.ratis.thirdparty.io.grpc.StatusRuntimeException: UNAVAILABLE: io exception
	at java.util.concurrent.FutureTask.report(FutureTask.java:122)
	at java.util.concurrent.FutureTask.get(FutureTask.java:192)
	at org.apache.ratis.server.impl.LeaderElection.waitForResults(LeaderElection.java:259)
	at org.apache.ratis.server.impl.LeaderElection.askForVotes(LeaderElection.java:197)
	at org.apache.ratis.server.impl.LeaderElection.run(LeaderElection.java:133)
	at java.lang.Thread.run(Thread.java:748)
Caused by: org.apache.ratis.thirdparty.io.grpc.StatusRuntimeException: UNAVAILABLE: io exception
	at org.apache.ratis.thirdparty.io.grpc.stub.ClientCalls.toStatusRuntimeException(ClientCalls.java:233)
	at org.apache.ratis.thirdparty.io.grpc.stub.ClientCalls.getUnchecked(ClientCalls.java:214)
	at org.apache.ratis.thirdparty.io.grpc.stub.ClientCalls.blockingUnaryCall(ClientCalls.java:139)
	at org.apache.ratis.proto.grpc.RaftServerProtocolServiceGrpc$RaftServerProtocolServiceBlockingStub.requestVote(RaftServerProtocolServiceGrpc.java:265)
	at org.apache.ratis.grpc.server.GrpcServerProtocolClient.requestVote(GrpcServerProtocolClient.java:99)
	at org.apache.ratis.grpc.server.GrpcService.requestVote(GrpcService.java:204)
	at org.apache.ratis.server.impl.LeaderElection.lambda$submitRequests$1(LeaderElection.java:234)
	at java.util.concurrent.FutureTask.run(FutureTask.java:266)
	at java.util.concurrent.Executors$RunnableAdapter.call(Executors.java:511)
	at java.util.concurrent.FutureTask.run(FutureTask.java:266)
	at java.util.concurrent.ThreadPoolExecutor.runWorker(ThreadPoolExecutor.java:1149)
	at java.util.concurrent.ThreadPoolExecutor$Worker.run(ThreadPoolExecutor.java:624)
	... 1 more
Caused by: org.apache.ratis.thirdparty.io.netty.channel.AbstractChannel$AnnotatedConnectException: Connection refused: /192.168.164.208:45511
	at sun.nio.ch.SocketChannelImpl.checkConnect(Native Method)
	at sun.nio.ch.SocketChannelImpl.finishConnect(SocketChannelImpl.java:717)
	at org.apache.ratis.thirdparty.io.netty.channel.socket.nio.NioSocketChannel.doFinishConnect(NioSocketChannel.java:327)
	at org.apache.ratis.thirdparty.io.netty.channel.nio.AbstractNioChannel$AbstractNioUnsafe.finishConnect(AbstractNioChannel.java:340)
	at org.apache.ratis.thirdparty.io.netty.channel.nio.NioEventLoop.processSelectedKey(NioEventLoop.java:632)
	at org.apache.ratis.thirdparty.io.netty.channel.nio.NioEventLoop.processSelectedKeysOptimized(NioEventLoop.java:579)
	at org.apache.ratis.thirdparty.io.netty.channel.nio.NioEventLoop.processSelectedKeys(NioEventLoop.java:496)
	at org.apache.ratis.thirdparty.io.netty.channel.nio.NioEventLoop.run(NioEventLoop.java:458)
	at org.apache.ratis.thirdparty.io.netty.util.concurrent.SingleThreadEventExecutor$5.run(SingleThreadEventExecutor.java:897)
	at org.apache.ratis.thirdparty.io.netty.util.concurrent.FastThreadLocalRunnable.run(FastThreadLocalRunnable.java:30)
	... 1 more
Caused by: java.net.ConnectException: Connection refused
	... 11 more
2019-11-15 01:00:56,466 [e728dc25-e4b1-43c6-a53d-eff097089a23@group-C787A5EC6030-LeaderElection191] INFO  impl.LeaderElection (LeaderElection.java:logAndReturn(56)) - e728dc25-e4b1-43c6-a53d-eff097089a23@group-C787A5EC6030-LeaderElection191: Election REJECTED; received 0 response(s) [] and 2 exception(s); e728dc25-e4b1-43c6-a53d-eff097089a23@group-C787A5EC6030:t5, leader=null, voted=e728dc25-e4b1-43c6-a53d-eff097089a23, raftlog=e728dc25-e4b1-43c6-a53d-eff097089a23@group-C787A5EC6030-SegmentedRaftLog:OPENED:c0,f0,i0, conf=0: [e728dc25-e4b1-43c6-a53d-eff097089a23:192.168.164.208:40846, c4061fea-d656-4029-8a52-0003cdc411ee:192.168.164.208:42567, 2b497d53-8cea-4a7e-98a0-4cfb87fd1475:192.168.164.208:45511], old=null
2019-11-15 01:00:56,467 [e728dc25-e4b1-43c6-a53d-eff097089a23@group-C787A5EC6030-LeaderElection191] INFO  impl.LeaderElection (LogUtils.java:infoOrTrace(149)) -   Exception 0: {}
java.util.concurrent.ExecutionException: org.apache.ratis.thirdparty.io.grpc.StatusRuntimeException: UNAVAILABLE: io exception
	at java.util.concurrent.FutureTask.report(FutureTask.java:122)
	at java.util.concurrent.FutureTask.get(FutureTask.java:192)
	at org.apache.ratis.server.impl.LeaderElection.waitForResults(LeaderElection.java:259)
	at org.apache.ratis.server.impl.LeaderElection.askForVotes(LeaderElection.java:197)
	at org.apache.ratis.server.impl.LeaderElection.run(LeaderElection.java:133)
	at java.lang.Thread.run(Thread.java:748)
Caused by: org.apache.ratis.thirdparty.io.grpc.StatusRuntimeException: UNAVAILABLE: io exception
	at org.apache.ratis.thirdparty.io.grpc.stub.ClientCalls.toStatusRuntimeException(ClientCalls.java:233)
	at org.apache.ratis.thirdparty.io.grpc.stub.ClientCalls.getUnchecked(ClientCalls.java:214)
	at org.apache.ratis.thirdparty.io.grpc.stub.ClientCalls.blockingUnaryCall(ClientCalls.java:139)
	at org.apache.ratis.proto.grpc.RaftServerProtocolServiceGrpc$RaftServerProtocolServiceBlockingStub.requestVote(RaftServerProtocolServiceGrpc.java:265)
	at org.apache.ratis.grpc.server.GrpcServerProtocolClient.requestVote(GrpcServerProtocolClient.java:99)
	at org.apache.ratis.grpc.server.GrpcService.requestVote(GrpcService.java:204)
	at org.apache.ratis.server.impl.LeaderElection.lambda$submitRequests$1(LeaderElection.java:234)
	at java.util.concurrent.FutureTask.run(FutureTask.java:266)
	at java.util.concurrent.Executors$RunnableAdapter.call(Executors.java:511)
	at java.util.concurrent.FutureTask.run(FutureTask.java:266)
	at java.util.concurrent.ThreadPoolExecutor.runWorker(ThreadPoolExecutor.java:1149)
	at java.util.concurrent.ThreadPoolExecutor$Worker.run(ThreadPoolExecutor.java:624)
	... 1 more
Caused by: org.apache.ratis.thirdparty.io.netty.channel.AbstractChannel$AnnotatedConnectException: Connection refused: /192.168.164.208:42567
	at sun.nio.ch.SocketChannelImpl.checkConnect(Native Method)
	at sun.nio.ch.SocketChannelImpl.finishConnect(SocketChannelImpl.java:717)
	at org.apache.ratis.thirdparty.io.netty.channel.socket.nio.NioSocketChannel.doFinishConnect(NioSocketChannel.java:327)
	at org.apache.ratis.thirdparty.io.netty.channel.nio.AbstractNioChannel$AbstractNioUnsafe.finishConnect(AbstractNioChannel.java:340)
	at org.apache.ratis.thirdparty.io.netty.channel.nio.NioEventLoop.processSelectedKey(NioEventLoop.java:632)
	at org.apache.ratis.thirdparty.io.netty.channel.nio.NioEventLoop.processSelectedKeysOptimized(NioEventLoop.java:579)
	at org.apache.ratis.thirdparty.io.netty.channel.nio.NioEventLoop.processSelectedKeys(NioEventLoop.java:496)
	at org.apache.ratis.thirdparty.io.netty.channel.nio.NioEventLoop.run(NioEventLoop.java:458)
	at org.apache.ratis.thirdparty.io.netty.util.concurrent.SingleThreadEventExecutor$5.run(SingleThreadEventExecutor.java:897)
	at org.apache.ratis.thirdparty.io.netty.util.concurrent.FastThreadLocalRunnable.run(FastThreadLocalRunnable.java:30)
	... 1 more
Caused by: java.net.ConnectException: Connection refused
	... 11 more
2019-11-15 01:00:56,467 [e728dc25-e4b1-43c6-a53d-eff097089a23@group-C787A5EC6030-LeaderElection191] INFO  impl.LeaderElection (LogUtils.java:infoOrTrace(149)) -   Exception 1: {}
java.util.concurrent.ExecutionException: org.apache.ratis.thirdparty.io.grpc.StatusRuntimeException: UNAVAILABLE: io exception
	at java.util.concurrent.FutureTask.report(FutureTask.java:122)
	at java.util.concurrent.FutureTask.get(FutureTask.java:192)
	at org.apache.ratis.server.impl.LeaderElection.waitForResults(LeaderElection.java:259)
	at org.apache.ratis.server.impl.LeaderElection.askForVotes(LeaderElection.java:197)
	at org.apache.ratis.server.impl.LeaderElection.run(LeaderElection.java:133)
	at java.lang.Thread.run(Thread.java:748)
Caused by: org.apache.ratis.thirdparty.io.grpc.StatusRuntimeException: UNAVAILABLE: io exception
	at org.apache.ratis.thirdparty.io.grpc.stub.ClientCalls.toStatusRuntimeException(ClientCalls.java:233)
	at org.apache.ratis.thirdparty.io.grpc.stub.ClientCalls.getUnchecked(ClientCalls.java:214)
	at org.apache.ratis.thirdparty.io.grpc.stub.ClientCalls.blockingUnaryCall(ClientCalls.java:139)
	at org.apache.ratis.proto.grpc.RaftServerProtocolServiceGrpc$RaftServerProtocolServiceBlockingStub.requestVote(RaftServerProtocolServiceGrpc.java:265)
	at org.apache.ratis.grpc.server.GrpcServerProtocolClient.requestVote(GrpcServerProtocolClient.java:99)
	at org.apache.ratis.grpc.server.GrpcService.requestVote(GrpcService.java:204)
	at org.apache.ratis.server.impl.LeaderElection.lambda$submitRequests$1(LeaderElection.java:234)
	at java.util.concurrent.FutureTask.run(FutureTask.java:266)
	at java.util.concurrent.Executors$RunnableAdapter.call(Executors.java:511)
	at java.util.concurrent.FutureTask.run(FutureTask.java:266)
	at java.util.concurrent.ThreadPoolExecutor.runWorker(ThreadPoolExecutor.java:1149)
	at java.util.concurrent.ThreadPoolExecutor$Worker.run(ThreadPoolExecutor.java:624)
	... 1 more
Caused by: org.apache.ratis.thirdparty.io.netty.channel.AbstractChannel$AnnotatedConnectException: Connection refused: /192.168.164.208:45511
	at sun.nio.ch.SocketChannelImpl.checkConnect(Native Method)
	at sun.nio.ch.SocketChannelImpl.finishConnect(SocketChannelImpl.java:717)
	at org.apache.ratis.thirdparty.io.netty.channel.socket.nio.NioSocketChannel.doFinishConnect(NioSocketChannel.java:327)
	at org.apache.ratis.thirdparty.io.netty.channel.nio.AbstractNioChannel$AbstractNioUnsafe.finishConnect(AbstractNioChannel.java:340)
	at org.apache.ratis.thirdparty.io.netty.channel.nio.NioEventLoop.processSelectedKey(NioEventLoop.java:632)
	at org.apache.ratis.thirdparty.io.netty.channel.nio.NioEventLoop.processSelectedKeysOptimized(NioEventLoop.java:579)
	at org.apache.ratis.thirdparty.io.netty.channel.nio.NioEventLoop.processSelectedKeys(NioEventLoop.java:496)
	at org.apache.ratis.thirdparty.io.netty.channel.nio.NioEventLoop.run(NioEventLoop.java:458)
	at org.apache.ratis.thirdparty.io.netty.util.concurrent.SingleThreadEventExecutor$5.run(SingleThreadEventExecutor.java:897)
	at org.apache.ratis.thirdparty.io.netty.util.concurrent.FastThreadLocalRunnable.run(FastThreadLocalRunnable.java:30)
	... 1 more
Caused by: java.net.ConnectException: Connection refused
	... 11 more
2019-11-15 01:00:56,467 [e728dc25-e4b1-43c6-a53d-eff097089a23@group-C787A5EC6030-LeaderElection191] INFO  impl.RaftServerImpl (RaftServerImpl.java:setRole(173)) - e728dc25-e4b1-43c6-a53d-eff097089a23@group-C787A5EC6030: changes role from CANDIDATE to FOLLOWER at term 5 for DISCOVERED_A_NEW_TERM
2019-11-15 01:00:56,467 [e728dc25-e4b1-43c6-a53d-eff097089a23@group-C787A5EC6030-LeaderElection191] INFO  impl.RoleInfo (RoleInfo.java:shutdownLeaderElection(134)) - e728dc25-e4b1-43c6-a53d-eff097089a23: shutdown LeaderElection
2019-11-15 01:00:56,467 [e728dc25-e4b1-43c6-a53d-eff097089a23@group-C787A5EC6030-LeaderElection191] INFO  impl.RoleInfo (RoleInfo.java:updateAndGet(143)) - e728dc25-e4b1-43c6-a53d-eff097089a23: start FollowerState
2019-11-15 01:00:57,391 [Datanode State Machine Thread - 0] INFO  statemachine.DatanodeStateMachine (DatanodeStateMachine.java:lambda$startDaemon$0(355)) - Ozone container server started.
2019-11-15 01:00:57,573 [Thread-4787] INFO  impl.FollowerState (FollowerState.java:run(111)) - e728dc25-e4b1-43c6-a53d-eff097089a23@group-C787A5EC6030-FollowerState: change to CANDIDATE, lastRpcTime:1105ms, electionTimeout:1105ms
2019-11-15 01:00:57,573 [Thread-4787] INFO  impl.RoleInfo (RoleInfo.java:shutdownFollowerState(121)) - e728dc25-e4b1-43c6-a53d-eff097089a23: shutdown FollowerState
2019-11-15 01:00:57,573 [Thread-4787] INFO  impl.RaftServerImpl (RaftServerImpl.java:setRole(173)) - e728dc25-e4b1-43c6-a53d-eff097089a23@group-C787A5EC6030: changes role from  FOLLOWER to CANDIDATE at term 5 for changeToCandidate
2019-11-15 01:00:57,574 [Thread-4787] INFO  impl.RoleInfo (RoleInfo.java:updateAndGet(143)) - e728dc25-e4b1-43c6-a53d-eff097089a23: start LeaderElection
2019-11-15 01:00:57,587 [e728dc25-e4b1-43c6-a53d-eff097089a23@group-C787A5EC6030-LeaderElection192] INFO  impl.LeaderElection (LeaderElection.java:askForVotes(178)) - e728dc25-e4b1-43c6-a53d-eff097089a23@group-C787A5EC6030-LeaderElection192: begin an election at term 6 for 0: [e728dc25-e4b1-43c6-a53d-eff097089a23:192.168.164.208:40846, c4061fea-d656-4029-8a52-0003cdc411ee:192.168.164.208:42567, 2b497d53-8cea-4a7e-98a0-4cfb87fd1475:192.168.164.208:45511], old=null
2019-11-15 01:00:57,588 [e728dc25-e4b1-43c6-a53d-eff097089a23@group-C787A5EC6030-LeaderElection192] INFO  impl.LeaderElection (LogUtils.java:infoOrTrace(149)) - e728dc25-e4b1-43c6-a53d-eff097089a23@group-C787A5EC6030-LeaderElection192 got exception when requesting votes: {}
java.util.concurrent.ExecutionException: org.apache.ratis.thirdparty.io.grpc.StatusRuntimeException: UNAVAILABLE: io exception
	at java.util.concurrent.FutureTask.report(FutureTask.java:122)
	at java.util.concurrent.FutureTask.get(FutureTask.java:192)
	at org.apache.ratis.server.impl.LeaderElection.waitForResults(LeaderElection.java:259)
	at org.apache.ratis.server.impl.LeaderElection.askForVotes(LeaderElection.java:197)
	at org.apache.ratis.server.impl.LeaderElection.run(LeaderElection.java:133)
	at java.lang.Thread.run(Thread.java:748)
Caused by: org.apache.ratis.thirdparty.io.grpc.StatusRuntimeException: UNAVAILABLE: io exception
	at org.apache.ratis.thirdparty.io.grpc.stub.ClientCalls.toStatusRuntimeException(ClientCalls.java:233)
	at org.apache.ratis.thirdparty.io.grpc.stub.ClientCalls.getUnchecked(ClientCalls.java:214)
	at org.apache.ratis.thirdparty.io.grpc.stub.ClientCalls.blockingUnaryCall(ClientCalls.java:139)
	at org.apache.ratis.proto.grpc.RaftServerProtocolServiceGrpc$RaftServerProtocolServiceBlockingStub.requestVote(RaftServerProtocolServiceGrpc.java:265)
	at org.apache.ratis.grpc.server.GrpcServerProtocolClient.requestVote(GrpcServerProtocolClient.java:99)
	at org.apache.ratis.grpc.server.GrpcService.requestVote(GrpcService.java:204)
	at org.apache.ratis.server.impl.LeaderElection.lambda$submitRequests$1(LeaderElection.java:234)
	at java.util.concurrent.FutureTask.run(FutureTask.java:266)
	at java.util.concurrent.Executors$RunnableAdapter.call(Executors.java:511)
	at java.util.concurrent.FutureTask.run(FutureTask.java:266)
	at java.util.concurrent.ThreadPoolExecutor.runWorker(ThreadPoolExecutor.java:1149)
	at java.util.concurrent.ThreadPoolExecutor$Worker.run(ThreadPoolExecutor.java:624)
	... 1 more
Caused by: org.apache.ratis.thirdparty.io.netty.channel.AbstractChannel$AnnotatedConnectException: Connection refused: /192.168.164.208:42567
	at sun.nio.ch.SocketChannelImpl.checkConnect(Native Method)
	at sun.nio.ch.SocketChannelImpl.finishConnect(SocketChannelImpl.java:717)
	at org.apache.ratis.thirdparty.io.netty.channel.socket.nio.NioSocketChannel.doFinishConnect(NioSocketChannel.java:327)
	at org.apache.ratis.thirdparty.io.netty.channel.nio.AbstractNioChannel$AbstractNioUnsafe.finishConnect(AbstractNioChannel.java:340)
	at org.apache.ratis.thirdparty.io.netty.channel.nio.NioEventLoop.processSelectedKey(NioEventLoop.java:632)
	at org.apache.ratis.thirdparty.io.netty.channel.nio.NioEventLoop.processSelectedKeysOptimized(NioEventLoop.java:579)
	at org.apache.ratis.thirdparty.io.netty.channel.nio.NioEventLoop.processSelectedKeys(NioEventLoop.java:496)
	at org.apache.ratis.thirdparty.io.netty.channel.nio.NioEventLoop.run(NioEventLoop.java:458)
	at org.apache.ratis.thirdparty.io.netty.util.concurrent.SingleThreadEventExecutor$5.run(SingleThreadEventExecutor.java:897)
	at org.apache.ratis.thirdparty.io.netty.util.concurrent.FastThreadLocalRunnable.run(FastThreadLocalRunnable.java:30)
	... 1 more
Caused by: java.net.ConnectException: Connection refused
	... 11 more
2019-11-15 01:00:57,588 [e728dc25-e4b1-43c6-a53d-eff097089a23@group-C787A5EC6030-LeaderElection192] INFO  impl.LeaderElection (LogUtils.java:infoOrTrace(149)) - e728dc25-e4b1-43c6-a53d-eff097089a23@group-C787A5EC6030-LeaderElection192 got exception when requesting votes: {}
java.util.concurrent.ExecutionException: org.apache.ratis.thirdparty.io.grpc.StatusRuntimeException: UNAVAILABLE: io exception
	at java.util.concurrent.FutureTask.report(FutureTask.java:122)
	at java.util.concurrent.FutureTask.get(FutureTask.java:192)
	at org.apache.ratis.server.impl.LeaderElection.waitForResults(LeaderElection.java:259)
	at org.apache.ratis.server.impl.LeaderElection.askForVotes(LeaderElection.java:197)
	at org.apache.ratis.server.impl.LeaderElection.run(LeaderElection.java:133)
	at java.lang.Thread.run(Thread.java:748)
Caused by: org.apache.ratis.thirdparty.io.grpc.StatusRuntimeException: UNAVAILABLE: io exception
	at org.apache.ratis.thirdparty.io.grpc.stub.ClientCalls.toStatusRuntimeException(ClientCalls.java:233)
	at org.apache.ratis.thirdparty.io.grpc.stub.ClientCalls.getUnchecked(ClientCalls.java:214)
	at org.apache.ratis.thirdparty.io.grpc.stub.ClientCalls.blockingUnaryCall(ClientCalls.java:139)
	at org.apache.ratis.proto.grpc.RaftServerProtocolServiceGrpc$RaftServerProtocolServiceBlockingStub.requestVote(RaftServerProtocolServiceGrpc.java:265)
	at org.apache.ratis.grpc.server.GrpcServerProtocolClient.requestVote(GrpcServerProtocolClient.java:99)
	at org.apache.ratis.grpc.server.GrpcService.requestVote(GrpcService.java:204)
	at org.apache.ratis.server.impl.LeaderElection.lambda$submitRequests$1(LeaderElection.java:234)
	at java.util.concurrent.FutureTask.run(FutureTask.java:266)
	at java.util.concurrent.Executors$RunnableAdapter.call(Executors.java:511)
	at java.util.concurrent.FutureTask.run(FutureTask.java:266)
	at java.util.concurrent.ThreadPoolExecutor.runWorker(ThreadPoolExecutor.java:1149)
	at java.util.concurrent.ThreadPoolExecutor$Worker.run(ThreadPoolExecutor.java:624)
	... 1 more
Caused by: org.apache.ratis.thirdparty.io.netty.channel.AbstractChannel$AnnotatedConnectException: Connection refused: /192.168.164.208:45511
	at sun.nio.ch.SocketChannelImpl.checkConnect(Native Method)
	at sun.nio.ch.SocketChannelImpl.finishConnect(SocketChannelImpl.java:717)
	at org.apache.ratis.thirdparty.io.netty.channel.socket.nio.NioSocketChannel.doFinishConnect(NioSocketChannel.java:327)
	at org.apache.ratis.thirdparty.io.netty.channel.nio.AbstractNioChannel$AbstractNioUnsafe.finishConnect(AbstractNioChannel.java:340)
	at org.apache.ratis.thirdparty.io.netty.channel.nio.NioEventLoop.processSelectedKey(NioEventLoop.java:632)
	at org.apache.ratis.thirdparty.io.netty.channel.nio.NioEventLoop.processSelectedKeysOptimized(NioEventLoop.java:579)
	at org.apache.ratis.thirdparty.io.netty.channel.nio.NioEventLoop.processSelectedKeys(NioEventLoop.java:496)
	at org.apache.ratis.thirdparty.io.netty.channel.nio.NioEventLoop.run(NioEventLoop.java:458)
	at org.apache.ratis.thirdparty.io.netty.util.concurrent.SingleThreadEventExecutor$5.run(SingleThreadEventExecutor.java:897)
	at org.apache.ratis.thirdparty.io.netty.util.concurrent.FastThreadLocalRunnable.run(FastThreadLocalRunnable.java:30)
	... 1 more
Caused by: java.net.ConnectException: Connection refused
	... 11 more
2019-11-15 01:00:57,588 [e728dc25-e4b1-43c6-a53d-eff097089a23@group-C787A5EC6030-LeaderElection192] INFO  impl.LeaderElection (LeaderElection.java:logAndReturn(56)) - e728dc25-e4b1-43c6-a53d-eff097089a23@group-C787A5EC6030-LeaderElection192: Election REJECTED; received 0 response(s) [] and 2 exception(s); e728dc25-e4b1-43c6-a53d-eff097089a23@group-C787A5EC6030:t6, leader=null, voted=e728dc25-e4b1-43c6-a53d-eff097089a23, raftlog=e728dc25-e4b1-43c6-a53d-eff097089a23@group-C787A5EC6030-SegmentedRaftLog:OPENED:c0,f0,i0, conf=0: [e728dc25-e4b1-43c6-a53d-eff097089a23:192.168.164.208:40846, c4061fea-d656-4029-8a52-0003cdc411ee:192.168.164.208:42567, 2b497d53-8cea-4a7e-98a0-4cfb87fd1475:192.168.164.208:45511], old=null
2019-11-15 01:00:57,588 [e728dc25-e4b1-43c6-a53d-eff097089a23@group-C787A5EC6030-LeaderElection192] INFO  impl.LeaderElection (LogUtils.java:infoOrTrace(149)) -   Exception 0: {}
java.util.concurrent.ExecutionException: org.apache.ratis.thirdparty.io.grpc.StatusRuntimeException: UNAVAILABLE: io exception
	at java.util.concurrent.FutureTask.report(FutureTask.java:122)
	at java.util.concurrent.FutureTask.get(FutureTask.java:192)
	at org.apache.ratis.server.impl.LeaderElection.waitForResults(LeaderElection.java:259)
	at org.apache.ratis.server.impl.LeaderElection.askForVotes(LeaderElection.java:197)
	at org.apache.ratis.server.impl.LeaderElection.run(LeaderElection.java:133)
	at java.lang.Thread.run(Thread.java:748)
Caused by: org.apache.ratis.thirdparty.io.grpc.StatusRuntimeException: UNAVAILABLE: io exception
	at org.apache.ratis.thirdparty.io.grpc.stub.ClientCalls.toStatusRuntimeException(ClientCalls.java:233)
	at org.apache.ratis.thirdparty.io.grpc.stub.ClientCalls.getUnchecked(ClientCalls.java:214)
	at org.apache.ratis.thirdparty.io.grpc.stub.ClientCalls.blockingUnaryCall(ClientCalls.java:139)
	at org.apache.ratis.proto.grpc.RaftServerProtocolServiceGrpc$RaftServerProtocolServiceBlockingStub.requestVote(RaftServerProtocolServiceGrpc.java:265)
	at org.apache.ratis.grpc.server.GrpcServerProtocolClient.requestVote(GrpcServerProtocolClient.java:99)
	at org.apache.ratis.grpc.server.GrpcService.requestVote(GrpcService.java:204)
	at org.apache.ratis.server.impl.LeaderElection.lambda$submitRequests$1(LeaderElection.java:234)
	at java.util.concurrent.FutureTask.run(FutureTask.java:266)
	at java.util.concurrent.Executors$RunnableAdapter.call(Executors.java:511)
	at java.util.concurrent.FutureTask.run(FutureTask.java:266)
	at java.util.concurrent.ThreadPoolExecutor.runWorker(ThreadPoolExecutor.java:1149)
	at java.util.concurrent.ThreadPoolExecutor$Worker.run(ThreadPoolExecutor.java:624)
	... 1 more
Caused by: org.apache.ratis.thirdparty.io.netty.channel.AbstractChannel$AnnotatedConnectException: Connection refused: /192.168.164.208:42567
	at sun.nio.ch.SocketChannelImpl.checkConnect(Native Method)
	at sun.nio.ch.SocketChannelImpl.finishConnect(SocketChannelImpl.java:717)
	at org.apache.ratis.thirdparty.io.netty.channel.socket.nio.NioSocketChannel.doFinishConnect(NioSocketChannel.java:327)
	at org.apache.ratis.thirdparty.io.netty.channel.nio.AbstractNioChannel$AbstractNioUnsafe.finishConnect(AbstractNioChannel.java:340)
	at org.apache.ratis.thirdparty.io.netty.channel.nio.NioEventLoop.processSelectedKey(NioEventLoop.java:632)
	at org.apache.ratis.thirdparty.io.netty.channel.nio.NioEventLoop.processSelectedKeysOptimized(NioEventLoop.java:579)
	at org.apache.ratis.thirdparty.io.netty.channel.nio.NioEventLoop.processSelectedKeys(NioEventLoop.java:496)
	at org.apache.ratis.thirdparty.io.netty.channel.nio.NioEventLoop.run(NioEventLoop.java:458)
	at org.apache.ratis.thirdparty.io.netty.util.concurrent.SingleThreadEventExecutor$5.run(SingleThreadEventExecutor.java:897)
	at org.apache.ratis.thirdparty.io.netty.util.concurrent.FastThreadLocalRunnable.run(FastThreadLocalRunnable.java:30)
	... 1 more
Caused by: java.net.ConnectException: Connection refused
	... 11 more
2019-11-15 01:00:57,588 [e728dc25-e4b1-43c6-a53d-eff097089a23@group-C787A5EC6030-LeaderElection192] INFO  impl.LeaderElection (LogUtils.java:infoOrTrace(149)) -   Exception 1: {}
java.util.concurrent.ExecutionException: org.apache.ratis.thirdparty.io.grpc.StatusRuntimeException: UNAVAILABLE: io exception
	at java.util.concurrent.FutureTask.report(FutureTask.java:122)
	at java.util.concurrent.FutureTask.get(FutureTask.java:192)
	at org.apache.ratis.server.impl.LeaderElection.waitForResults(LeaderElection.java:259)
	at org.apache.ratis.server.impl.LeaderElection.askForVotes(LeaderElection.java:197)
	at org.apache.ratis.server.impl.LeaderElection.run(LeaderElection.java:133)
	at java.lang.Thread.run(Thread.java:748)
Caused by: org.apache.ratis.thirdparty.io.grpc.StatusRuntimeException: UNAVAILABLE: io exception
	at org.apache.ratis.thirdparty.io.grpc.stub.ClientCalls.toStatusRuntimeException(ClientCalls.java:233)
	at org.apache.ratis.thirdparty.io.grpc.stub.ClientCalls.getUnchecked(ClientCalls.java:214)
	at org.apache.ratis.thirdparty.io.grpc.stub.ClientCalls.blockingUnaryCall(ClientCalls.java:139)
	at org.apache.ratis.proto.grpc.RaftServerProtocolServiceGrpc$RaftServerProtocolServiceBlockingStub.requestVote(RaftServerProtocolServiceGrpc.java:265)
	at org.apache.ratis.grpc.server.GrpcServerProtocolClient.requestVote(GrpcServerProtocolClient.java:99)
	at org.apache.ratis.grpc.server.GrpcService.requestVote(GrpcService.java:204)
	at org.apache.ratis.server.impl.LeaderElection.lambda$submitRequests$1(LeaderElection.java:234)
	at java.util.concurrent.FutureTask.run(FutureTask.java:266)
	at java.util.concurrent.Executors$RunnableAdapter.call(Executors.java:511)
	at java.util.concurrent.FutureTask.run(FutureTask.java:266)
	at java.util.concurrent.ThreadPoolExecutor.runWorker(ThreadPoolExecutor.java:1149)
	at java.util.concurrent.ThreadPoolExecutor$Worker.run(ThreadPoolExecutor.java:624)
	... 1 more
Caused by: org.apache.ratis.thirdparty.io.netty.channel.AbstractChannel$AnnotatedConnectException: Connection refused: /192.168.164.208:45511
	at sun.nio.ch.SocketChannelImpl.checkConnect(Native Method)
	at sun.nio.ch.SocketChannelImpl.finishConnect(SocketChannelImpl.java:717)
	at org.apache.ratis.thirdparty.io.netty.channel.socket.nio.NioSocketChannel.doFinishConnect(NioSocketChannel.java:327)
	at org.apache.ratis.thirdparty.io.netty.channel.nio.AbstractNioChannel$AbstractNioUnsafe.finishConnect(AbstractNioChannel.java:340)
	at org.apache.ratis.thirdparty.io.netty.channel.nio.NioEventLoop.processSelectedKey(NioEventLoop.java:632)
	at org.apache.ratis.thirdparty.io.netty.channel.nio.NioEventLoop.processSelectedKeysOptimized(NioEventLoop.java:579)
	at org.apache.ratis.thirdparty.io.netty.channel.nio.NioEventLoop.processSelectedKeys(NioEventLoop.java:496)
	at org.apache.ratis.thirdparty.io.netty.channel.nio.NioEventLoop.run(NioEventLoop.java:458)
	at org.apache.ratis.thirdparty.io.netty.util.concurrent.SingleThreadEventExecutor$5.run(SingleThreadEventExecutor.java:897)
	at org.apache.ratis.thirdparty.io.netty.util.concurrent.FastThreadLocalRunnable.run(FastThreadLocalRunnable.java:30)
	... 1 more
Caused by: java.net.ConnectException: Connection refused
	... 11 more
2019-11-15 01:00:57,589 [e728dc25-e4b1-43c6-a53d-eff097089a23@group-C787A5EC6030-LeaderElection192] INFO  impl.RaftServerImpl (RaftServerImpl.java:setRole(173)) - e728dc25-e4b1-43c6-a53d-eff097089a23@group-C787A5EC6030: changes role from CANDIDATE to FOLLOWER at term 6 for DISCOVERED_A_NEW_TERM
2019-11-15 01:00:57,589 [e728dc25-e4b1-43c6-a53d-eff097089a23@group-C787A5EC6030-LeaderElection192] INFO  impl.RoleInfo (RoleInfo.java:shutdownLeaderElection(134)) - e728dc25-e4b1-43c6-a53d-eff097089a23: shutdown LeaderElection
2019-11-15 01:00:57,589 [e728dc25-e4b1-43c6-a53d-eff097089a23@group-C787A5EC6030-LeaderElection192] INFO  impl.RoleInfo (RoleInfo.java:updateAndGet(143)) - e728dc25-e4b1-43c6-a53d-eff097089a23: start FollowerState
2019-11-15 01:00:58,699 [Thread-4791] INFO  impl.FollowerState (FollowerState.java:run(111)) - e728dc25-e4b1-43c6-a53d-eff097089a23@group-C787A5EC6030-FollowerState: change to CANDIDATE, lastRpcTime:1110ms, electionTimeout:1110ms
2019-11-15 01:00:58,700 [Thread-4791] INFO  impl.RoleInfo (RoleInfo.java:shutdownFollowerState(121)) - e728dc25-e4b1-43c6-a53d-eff097089a23: shutdown FollowerState
2019-11-15 01:00:58,701 [Thread-4791] INFO  impl.RaftServerImpl (RaftServerImpl.java:setRole(173)) - e728dc25-e4b1-43c6-a53d-eff097089a23@group-C787A5EC6030: changes role from  FOLLOWER to CANDIDATE at term 6 for changeToCandidate
2019-11-15 01:00:58,701 [Thread-4791] INFO  impl.RoleInfo (RoleInfo.java:updateAndGet(143)) - e728dc25-e4b1-43c6-a53d-eff097089a23: start LeaderElection
2019-11-15 01:00:58,716 [e728dc25-e4b1-43c6-a53d-eff097089a23@group-C787A5EC6030-LeaderElection193] INFO  impl.LeaderElection (LeaderElection.java:askForVotes(178)) - e728dc25-e4b1-43c6-a53d-eff097089a23@group-C787A5EC6030-LeaderElection193: begin an election at term 7 for 0: [e728dc25-e4b1-43c6-a53d-eff097089a23:192.168.164.208:40846, c4061fea-d656-4029-8a52-0003cdc411ee:192.168.164.208:42567, 2b497d53-8cea-4a7e-98a0-4cfb87fd1475:192.168.164.208:45511], old=null
2019-11-15 01:00:58,718 [e728dc25-e4b1-43c6-a53d-eff097089a23@group-C787A5EC6030-LeaderElection193] INFO  impl.LeaderElection (LogUtils.java:infoOrTrace(149)) - e728dc25-e4b1-43c6-a53d-eff097089a23@group-C787A5EC6030-LeaderElection193 got exception when requesting votes: {}
java.util.concurrent.ExecutionException: org.apache.ratis.thirdparty.io.grpc.StatusRuntimeException: UNAVAILABLE: io exception
	at java.util.concurrent.FutureTask.report(FutureTask.java:122)
	at java.util.concurrent.FutureTask.get(FutureTask.java:192)
	at org.apache.ratis.server.impl.LeaderElection.waitForResults(LeaderElection.java:259)
	at org.apache.ratis.server.impl.LeaderElection.askForVotes(LeaderElection.java:197)
	at org.apache.ratis.server.impl.LeaderElection.run(LeaderElection.java:133)
	at java.lang.Thread.run(Thread.java:748)
Caused by: org.apache.ratis.thirdparty.io.grpc.StatusRuntimeException: UNAVAILABLE: io exception
	at org.apache.ratis.thirdparty.io.grpc.stub.ClientCalls.toStatusRuntimeException(ClientCalls.java:233)
	at org.apache.ratis.thirdparty.io.grpc.stub.ClientCalls.getUnchecked(ClientCalls.java:214)
	at org.apache.ratis.thirdparty.io.grpc.stub.ClientCalls.blockingUnaryCall(ClientCalls.java:139)
	at org.apache.ratis.proto.grpc.RaftServerProtocolServiceGrpc$RaftServerProtocolServiceBlockingStub.requestVote(RaftServerProtocolServiceGrpc.java:265)
	at org.apache.ratis.grpc.server.GrpcServerProtocolClient.requestVote(GrpcServerProtocolClient.java:99)
	at org.apache.ratis.grpc.server.GrpcService.requestVote(GrpcService.java:204)
	at org.apache.ratis.server.impl.LeaderElection.lambda$submitRequests$1(LeaderElection.java:234)
	at java.util.concurrent.FutureTask.run(FutureTask.java:266)
	at java.util.concurrent.Executors$RunnableAdapter.call(Executors.java:511)
	at java.util.concurrent.FutureTask.run(FutureTask.java:266)
	at java.util.concurrent.ThreadPoolExecutor.runWorker(ThreadPoolExecutor.java:1149)
	at java.util.concurrent.ThreadPoolExecutor$Worker.run(ThreadPoolExecutor.java:624)
	... 1 more
Caused by: org.apache.ratis.thirdparty.io.netty.channel.AbstractChannel$AnnotatedConnectException: Connection refused: /192.168.164.208:45511
	at sun.nio.ch.SocketChannelImpl.checkConnect(Native Method)
	at sun.nio.ch.SocketChannelImpl.finishConnect(SocketChannelImpl.java:717)
	at org.apache.ratis.thirdparty.io.netty.channel.socket.nio.NioSocketChannel.doFinishConnect(NioSocketChannel.java:327)
	at org.apache.ratis.thirdparty.io.netty.channel.nio.AbstractNioChannel$AbstractNioUnsafe.finishConnect(AbstractNioChannel.java:340)
	at org.apache.ratis.thirdparty.io.netty.channel.nio.NioEventLoop.processSelectedKey(NioEventLoop.java:632)
	at org.apache.ratis.thirdparty.io.netty.channel.nio.NioEventLoop.processSelectedKeysOptimized(NioEventLoop.java:579)
	at org.apache.ratis.thirdparty.io.netty.channel.nio.NioEventLoop.processSelectedKeys(NioEventLoop.java:496)
	at org.apache.ratis.thirdparty.io.netty.channel.nio.NioEventLoop.run(NioEventLoop.java:458)
	at org.apache.ratis.thirdparty.io.netty.util.concurrent.SingleThreadEventExecutor$5.run(SingleThreadEventExecutor.java:897)
	at org.apache.ratis.thirdparty.io.netty.util.concurrent.FastThreadLocalRunnable.run(FastThreadLocalRunnable.java:30)
	... 1 more
Caused by: java.net.ConnectException: Connection refused
	... 11 more
2019-11-15 01:00:58,719 [e728dc25-e4b1-43c6-a53d-eff097089a23@group-C787A5EC6030-LeaderElection193] INFO  impl.LeaderElection (LogUtils.java:infoOrTrace(149)) - e728dc25-e4b1-43c6-a53d-eff097089a23@group-C787A5EC6030-LeaderElection193 got exception when requesting votes: {}
java.util.concurrent.ExecutionException: org.apache.ratis.thirdparty.io.grpc.StatusRuntimeException: UNAVAILABLE: io exception
	at java.util.concurrent.FutureTask.report(FutureTask.java:122)
	at java.util.concurrent.FutureTask.get(FutureTask.java:192)
	at org.apache.ratis.server.impl.LeaderElection.waitForResults(LeaderElection.java:259)
	at org.apache.ratis.server.impl.LeaderElection.askForVotes(LeaderElection.java:197)
	at org.apache.ratis.server.impl.LeaderElection.run(LeaderElection.java:133)
	at java.lang.Thread.run(Thread.java:748)
Caused by: org.apache.ratis.thirdparty.io.grpc.StatusRuntimeException: UNAVAILABLE: io exception
	at org.apache.ratis.thirdparty.io.grpc.stub.ClientCalls.toStatusRuntimeException(ClientCalls.java:233)
	at org.apache.ratis.thirdparty.io.grpc.stub.ClientCalls.getUnchecked(ClientCalls.java:214)
	at org.apache.ratis.thirdparty.io.grpc.stub.ClientCalls.blockingUnaryCall(ClientCalls.java:139)
	at org.apache.ratis.proto.grpc.RaftServerProtocolServiceGrpc$RaftServerProtocolServiceBlockingStub.requestVote(RaftServerProtocolServiceGrpc.java:265)
	at org.apache.ratis.grpc.server.GrpcServerProtocolClient.requestVote(GrpcServerProtocolClient.java:99)
	at org.apache.ratis.grpc.server.GrpcService.requestVote(GrpcService.java:204)
	at org.apache.ratis.server.impl.LeaderElection.lambda$submitRequests$1(LeaderElection.java:234)
	at java.util.concurrent.FutureTask.run(FutureTask.java:266)
	at java.util.concurrent.Executors$RunnableAdapter.call(Executors.java:511)
	at java.util.concurrent.FutureTask.run(FutureTask.java:266)
	at java.util.concurrent.ThreadPoolExecutor.runWorker(ThreadPoolExecutor.java:1149)
	at java.util.concurrent.ThreadPoolExecutor$Worker.run(ThreadPoolExecutor.java:624)
	... 1 more
Caused by: org.apache.ratis.thirdparty.io.netty.channel.AbstractChannel$AnnotatedConnectException: Connection refused: /192.168.164.208:42567
	at sun.nio.ch.SocketChannelImpl.checkConnect(Native Method)
	at sun.nio.ch.SocketChannelImpl.finishConnect(SocketChannelImpl.java:717)
	at org.apache.ratis.thirdparty.io.netty.channel.socket.nio.NioSocketChannel.doFinishConnect(NioSocketChannel.java:327)
	at org.apache.ratis.thirdparty.io.netty.channel.nio.AbstractNioChannel$AbstractNioUnsafe.finishConnect(AbstractNioChannel.java:340)
	at org.apache.ratis.thirdparty.io.netty.channel.nio.NioEventLoop.processSelectedKey(NioEventLoop.java:632)
	at org.apache.ratis.thirdparty.io.netty.channel.nio.NioEventLoop.processSelectedKeysOptimized(NioEventLoop.java:579)
	at org.apache.ratis.thirdparty.io.netty.channel.nio.NioEventLoop.processSelectedKeys(NioEventLoop.java:496)
	at org.apache.ratis.thirdparty.io.netty.channel.nio.NioEventLoop.run(NioEventLoop.java:458)
	at org.apache.ratis.thirdparty.io.netty.util.concurrent.SingleThreadEventExecutor$5.run(SingleThreadEventExecutor.java:897)
	at org.apache.ratis.thirdparty.io.netty.util.concurrent.FastThreadLocalRunnable.run(FastThreadLocalRunnable.java:30)
	... 1 more
Caused by: java.net.ConnectException: Connection refused
	... 11 more
2019-11-15 01:00:58,720 [e728dc25-e4b1-43c6-a53d-eff097089a23@group-C787A5EC6030-LeaderElection193] INFO  impl.LeaderElection (LeaderElection.java:logAndReturn(56)) - e728dc25-e4b1-43c6-a53d-eff097089a23@group-C787A5EC6030-LeaderElection193: Election REJECTED; received 0 response(s) [] and 2 exception(s); e728dc25-e4b1-43c6-a53d-eff097089a23@group-C787A5EC6030:t7, leader=null, voted=e728dc25-e4b1-43c6-a53d-eff097089a23, raftlog=e728dc25-e4b1-43c6-a53d-eff097089a23@group-C787A5EC6030-SegmentedRaftLog:OPENED:c0,f0,i0, conf=0: [e728dc25-e4b1-43c6-a53d-eff097089a23:192.168.164.208:40846, c4061fea-d656-4029-8a52-0003cdc411ee:192.168.164.208:42567, 2b497d53-8cea-4a7e-98a0-4cfb87fd1475:192.168.164.208:45511], old=null
2019-11-15 01:00:58,721 [e728dc25-e4b1-43c6-a53d-eff097089a23@group-C787A5EC6030-LeaderElection193] INFO  impl.LeaderElection (LogUtils.java:infoOrTrace(149)) -   Exception 0: {}
java.util.concurrent.ExecutionException: org.apache.ratis.thirdparty.io.grpc.StatusRuntimeException: UNAVAILABLE: io exception
	at java.util.concurrent.FutureTask.report(FutureTask.java:122)
	at java.util.concurrent.FutureTask.get(FutureTask.java:192)
	at org.apache.ratis.server.impl.LeaderElection.waitForResults(LeaderElection.java:259)
	at org.apache.ratis.server.impl.LeaderElection.askForVotes(LeaderElection.java:197)
	at org.apache.ratis.server.impl.LeaderElection.run(LeaderElection.java:133)
	at java.lang.Thread.run(Thread.java:748)
Caused by: org.apache.ratis.thirdparty.io.grpc.StatusRuntimeException: UNAVAILABLE: io exception
	at org.apache.ratis.thirdparty.io.grpc.stub.ClientCalls.toStatusRuntimeException(ClientCalls.java:233)
	at org.apache.ratis.thirdparty.io.grpc.stub.ClientCalls.getUnchecked(ClientCalls.java:214)
	at org.apache.ratis.thirdparty.io.grpc.stub.ClientCalls.blockingUnaryCall(ClientCalls.java:139)
	at org.apache.ratis.proto.grpc.RaftServerProtocolServiceGrpc$RaftServerProtocolServiceBlockingStub.requestVote(RaftServerProtocolServiceGrpc.java:265)
	at org.apache.ratis.grpc.server.GrpcServerProtocolClient.requestVote(GrpcServerProtocolClient.java:99)
	at org.apache.ratis.grpc.server.GrpcService.requestVote(GrpcService.java:204)
	at org.apache.ratis.server.impl.LeaderElection.lambda$submitRequests$1(LeaderElection.java:234)
	at java.util.concurrent.FutureTask.run(FutureTask.java:266)
	at java.util.concurrent.Executors$RunnableAdapter.call(Executors.java:511)
	at java.util.concurrent.FutureTask.run(FutureTask.java:266)
	at java.util.concurrent.ThreadPoolExecutor.runWorker(ThreadPoolExecutor.java:1149)
	at java.util.concurrent.ThreadPoolExecutor$Worker.run(ThreadPoolExecutor.java:624)
	... 1 more
Caused by: org.apache.ratis.thirdparty.io.netty.channel.AbstractChannel$AnnotatedConnectException: Connection refused: /192.168.164.208:45511
	at sun.nio.ch.SocketChannelImpl.checkConnect(Native Method)
	at sun.nio.ch.SocketChannelImpl.finishConnect(SocketChannelImpl.java:717)
	at org.apache.ratis.thirdparty.io.netty.channel.socket.nio.NioSocketChannel.doFinishConnect(NioSocketChannel.java:327)
	at org.apache.ratis.thirdparty.io.netty.channel.nio.AbstractNioChannel$AbstractNioUnsafe.finishConnect(AbstractNioChannel.java:340)
	at org.apache.ratis.thirdparty.io.netty.channel.nio.NioEventLoop.processSelectedKey(NioEventLoop.java:632)
	at org.apache.ratis.thirdparty.io.netty.channel.nio.NioEventLoop.processSelectedKeysOptimized(NioEventLoop.java:579)
	at org.apache.ratis.thirdparty.io.netty.channel.nio.NioEventLoop.processSelectedKeys(NioEventLoop.java:496)
	at org.apache.ratis.thirdparty.io.netty.channel.nio.NioEventLoop.run(NioEventLoop.java:458)
	at org.apache.ratis.thirdparty.io.netty.util.concurrent.SingleThreadEventExecutor$5.run(SingleThreadEventExecutor.java:897)
	at org.apache.ratis.thirdparty.io.netty.util.concurrent.FastThreadLocalRunnable.run(FastThreadLocalRunnable.java:30)
	... 1 more
Caused by: java.net.ConnectException: Connection refused
	... 11 more
2019-11-15 01:00:58,721 [e728dc25-e4b1-43c6-a53d-eff097089a23@group-C787A5EC6030-LeaderElection193] INFO  impl.LeaderElection (LogUtils.java:infoOrTrace(149)) -   Exception 1: {}
java.util.concurrent.ExecutionException: org.apache.ratis.thirdparty.io.grpc.StatusRuntimeException: UNAVAILABLE: io exception
	at java.util.concurrent.FutureTask.report(FutureTask.java:122)
	at java.util.concurrent.FutureTask.get(FutureTask.java:192)
	at org.apache.ratis.server.impl.LeaderElection.waitForResults(LeaderElection.java:259)
	at org.apache.ratis.server.impl.LeaderElection.askForVotes(LeaderElection.java:197)
	at org.apache.ratis.server.impl.LeaderElection.run(LeaderElection.java:133)
	at java.lang.Thread.run(Thread.java:748)
Caused by: org.apache.ratis.thirdparty.io.grpc.StatusRuntimeException: UNAVAILABLE: io exception
	at org.apache.ratis.thirdparty.io.grpc.stub.ClientCalls.toStatusRuntimeException(ClientCalls.java:233)
	at org.apache.ratis.thirdparty.io.grpc.stub.ClientCalls.getUnchecked(ClientCalls.java:214)
	at org.apache.ratis.thirdparty.io.grpc.stub.ClientCalls.blockingUnaryCall(ClientCalls.java:139)
	at org.apache.ratis.proto.grpc.RaftServerProtocolServiceGrpc$RaftServerProtocolServiceBlockingStub.requestVote(RaftServerProtocolServiceGrpc.java:265)
	at org.apache.ratis.grpc.server.GrpcServerProtocolClient.requestVote(GrpcServerProtocolClient.java:99)
	at org.apache.ratis.grpc.server.GrpcService.requestVote(GrpcService.java:204)
	at org.apache.ratis.server.impl.LeaderElection.lambda$submitRequests$1(LeaderElection.java:234)
	at java.util.concurrent.FutureTask.run(FutureTask.java:266)
	at java.util.concurrent.Executors$RunnableAdapter.call(Executors.java:511)
	at java.util.concurrent.FutureTask.run(FutureTask.java:266)
	at java.util.concurrent.ThreadPoolExecutor.runWorker(ThreadPoolExecutor.java:1149)
	at java.util.concurrent.ThreadPoolExecutor$Worker.run(ThreadPoolExecutor.java:624)
	... 1 more
Caused by: org.apache.ratis.thirdparty.io.netty.channel.AbstractChannel$AnnotatedConnectException: Connection refused: /192.168.164.208:42567
	at sun.nio.ch.SocketChannelImpl.checkConnect(Native Method)
	at sun.nio.ch.SocketChannelImpl.finishConnect(SocketChannelImpl.java:717)
	at org.apache.ratis.thirdparty.io.netty.channel.socket.nio.NioSocketChannel.doFinishConnect(NioSocketChannel.java:327)
	at org.apache.ratis.thirdparty.io.netty.channel.nio.AbstractNioChannel$AbstractNioUnsafe.finishConnect(AbstractNioChannel.java:340)
	at org.apache.ratis.thirdparty.io.netty.channel.nio.NioEventLoop.processSelectedKey(NioEventLoop.java:632)
	at org.apache.ratis.thirdparty.io.netty.channel.nio.NioEventLoop.processSelectedKeysOptimized(NioEventLoop.java:579)
	at org.apache.ratis.thirdparty.io.netty.channel.nio.NioEventLoop.processSelectedKeys(NioEventLoop.java:496)
	at org.apache.ratis.thirdparty.io.netty.channel.nio.NioEventLoop.run(NioEventLoop.java:458)
	at org.apache.ratis.thirdparty.io.netty.util.concurrent.SingleThreadEventExecutor$5.run(SingleThreadEventExecutor.java:897)
	at org.apache.ratis.thirdparty.io.netty.util.concurrent.FastThreadLocalRunnable.run(FastThreadLocalRunnable.java:30)
	... 1 more
Caused by: java.net.ConnectException: Connection refused
	... 11 more
2019-11-15 01:00:58,722 [e728dc25-e4b1-43c6-a53d-eff097089a23@group-C787A5EC6030-LeaderElection193] INFO  impl.RaftServerImpl (RaftServerImpl.java:setRole(173)) - e728dc25-e4b1-43c6-a53d-eff097089a23@group-C787A5EC6030: changes role from CANDIDATE to FOLLOWER at term 7 for DISCOVERED_A_NEW_TERM
2019-11-15 01:00:58,722 [e728dc25-e4b1-43c6-a53d-eff097089a23@group-C787A5EC6030-LeaderElection193] INFO  impl.RoleInfo (RoleInfo.java:shutdownLeaderElection(134)) - e728dc25-e4b1-43c6-a53d-eff097089a23: shutdown LeaderElection
2019-11-15 01:00:58,722 [e728dc25-e4b1-43c6-a53d-eff097089a23@group-C787A5EC6030-LeaderElection193] INFO  impl.RoleInfo (RoleInfo.java:updateAndGet(143)) - e728dc25-e4b1-43c6-a53d-eff097089a23: start FollowerState
2019-11-15 01:00:59,875 [Thread-4795] INFO  impl.FollowerState (FollowerState.java:run(111)) - e728dc25-e4b1-43c6-a53d-eff097089a23@group-C787A5EC6030-FollowerState: change to CANDIDATE, lastRpcTime:1152ms, electionTimeout:1152ms
2019-11-15 01:00:59,875 [Thread-4795] INFO  impl.RoleInfo (RoleInfo.java:shutdownFollowerState(121)) - e728dc25-e4b1-43c6-a53d-eff097089a23: shutdown FollowerState
2019-11-15 01:00:59,876 [Thread-4795] INFO  impl.RaftServerImpl (RaftServerImpl.java:setRole(173)) - e728dc25-e4b1-43c6-a53d-eff097089a23@group-C787A5EC6030: changes role from  FOLLOWER to CANDIDATE at term 7 for changeToCandidate
2019-11-15 01:00:59,876 [Thread-4795] INFO  impl.RoleInfo (RoleInfo.java:updateAndGet(143)) - e728dc25-e4b1-43c6-a53d-eff097089a23: start LeaderElection
2019-11-15 01:00:59,889 [e728dc25-e4b1-43c6-a53d-eff097089a23@group-C787A5EC6030-LeaderElection194] INFO  impl.LeaderElection (LeaderElection.java:askForVotes(178)) - e728dc25-e4b1-43c6-a53d-eff097089a23@group-C787A5EC6030-LeaderElection194: begin an election at term 8 for 0: [e728dc25-e4b1-43c6-a53d-eff097089a23:192.168.164.208:40846, c4061fea-d656-4029-8a52-0003cdc411ee:192.168.164.208:42567, 2b497d53-8cea-4a7e-98a0-4cfb87fd1475:192.168.164.208:45511], old=null
2019-11-15 01:00:59,890 [e728dc25-e4b1-43c6-a53d-eff097089a23@group-C787A5EC6030-LeaderElection194] INFO  impl.LeaderElection (LogUtils.java:infoOrTrace(149)) - e728dc25-e4b1-43c6-a53d-eff097089a23@group-C787A5EC6030-LeaderElection194 got exception when requesting votes: {}
java.util.concurrent.ExecutionException: org.apache.ratis.thirdparty.io.grpc.StatusRuntimeException: UNAVAILABLE: io exception
	at java.util.concurrent.FutureTask.report(FutureTask.java:122)
	at java.util.concurrent.FutureTask.get(FutureTask.java:192)
	at org.apache.ratis.server.impl.LeaderElection.waitForResults(LeaderElection.java:259)
	at org.apache.ratis.server.impl.LeaderElection.askForVotes(LeaderElection.java:197)
	at org.apache.ratis.server.impl.LeaderElection.run(LeaderElection.java:133)
	at java.lang.Thread.run(Thread.java:748)
Caused by: org.apache.ratis.thirdparty.io.grpc.StatusRuntimeException: UNAVAILABLE: io exception
	at org.apache.ratis.thirdparty.io.grpc.stub.ClientCalls.toStatusRuntimeException(ClientCalls.java:233)
	at org.apache.ratis.thirdparty.io.grpc.stub.ClientCalls.getUnchecked(ClientCalls.java:214)
	at org.apache.ratis.thirdparty.io.grpc.stub.ClientCalls.blockingUnaryCall(ClientCalls.java:139)
	at org.apache.ratis.proto.grpc.RaftServerProtocolServiceGrpc$RaftServerProtocolServiceBlockingStub.requestVote(RaftServerProtocolServiceGrpc.java:265)
	at org.apache.ratis.grpc.server.GrpcServerProtocolClient.requestVote(GrpcServerProtocolClient.java:99)
	at org.apache.ratis.grpc.server.GrpcService.requestVote(GrpcService.java:204)
	at org.apache.ratis.server.impl.LeaderElection.lambda$submitRequests$1(LeaderElection.java:234)
	at java.util.concurrent.FutureTask.run(FutureTask.java:266)
	at java.util.concurrent.Executors$RunnableAdapter.call(Executors.java:511)
	at java.util.concurrent.FutureTask.run(FutureTask.java:266)
	at java.util.concurrent.ThreadPoolExecutor.runWorker(ThreadPoolExecutor.java:1149)
	at java.util.concurrent.ThreadPoolExecutor$Worker.run(ThreadPoolExecutor.java:624)
	... 1 more
Caused by: org.apache.ratis.thirdparty.io.netty.channel.AbstractChannel$AnnotatedConnectException: Connection refused: /192.168.164.208:42567
	at sun.nio.ch.SocketChannelImpl.checkConnect(Native Method)
	at sun.nio.ch.SocketChannelImpl.finishConnect(SocketChannelImpl.java:717)
	at org.apache.ratis.thirdparty.io.netty.channel.socket.nio.NioSocketChannel.doFinishConnect(NioSocketChannel.java:327)
	at org.apache.ratis.thirdparty.io.netty.channel.nio.AbstractNioChannel$AbstractNioUnsafe.finishConnect(AbstractNioChannel.java:340)
	at org.apache.ratis.thirdparty.io.netty.channel.nio.NioEventLoop.processSelectedKey(NioEventLoop.java:632)
	at org.apache.ratis.thirdparty.io.netty.channel.nio.NioEventLoop.processSelectedKeysOptimized(NioEventLoop.java:579)
	at org.apache.ratis.thirdparty.io.netty.channel.nio.NioEventLoop.processSelectedKeys(NioEventLoop.java:496)
	at org.apache.ratis.thirdparty.io.netty.channel.nio.NioEventLoop.run(NioEventLoop.java:458)
	at org.apache.ratis.thirdparty.io.netty.util.concurrent.SingleThreadEventExecutor$5.run(SingleThreadEventExecutor.java:897)
	at org.apache.ratis.thirdparty.io.netty.util.concurrent.FastThreadLocalRunnable.run(FastThreadLocalRunnable.java:30)
	... 1 more
Caused by: java.net.ConnectException: Connection refused
	... 11 more
2019-11-15 01:00:59,890 [e728dc25-e4b1-43c6-a53d-eff097089a23@group-C787A5EC6030-LeaderElection194] INFO  impl.LeaderElection (LogUtils.java:infoOrTrace(149)) - e728dc25-e4b1-43c6-a53d-eff097089a23@group-C787A5EC6030-LeaderElection194 got exception when requesting votes: {}
java.util.concurrent.ExecutionException: org.apache.ratis.thirdparty.io.grpc.StatusRuntimeException: UNAVAILABLE: io exception
	at java.util.concurrent.FutureTask.report(FutureTask.java:122)
	at java.util.concurrent.FutureTask.get(FutureTask.java:192)
	at org.apache.ratis.server.impl.LeaderElection.waitForResults(LeaderElection.java:259)
	at org.apache.ratis.server.impl.LeaderElection.askForVotes(LeaderElection.java:197)
	at org.apache.ratis.server.impl.LeaderElection.run(LeaderElection.java:133)
	at java.lang.Thread.run(Thread.java:748)
Caused by: org.apache.ratis.thirdparty.io.grpc.StatusRuntimeException: UNAVAILABLE: io exception
	at org.apache.ratis.thirdparty.io.grpc.stub.ClientCalls.toStatusRuntimeException(ClientCalls.java:233)
	at org.apache.ratis.thirdparty.io.grpc.stub.ClientCalls.getUnchecked(ClientCalls.java:214)
	at org.apache.ratis.thirdparty.io.grpc.stub.ClientCalls.blockingUnaryCall(ClientCalls.java:139)
	at org.apache.ratis.proto.grpc.RaftServerProtocolServiceGrpc$RaftServerProtocolServiceBlockingStub.requestVote(RaftServerProtocolServiceGrpc.java:265)
	at org.apache.ratis.grpc.server.GrpcServerProtocolClient.requestVote(GrpcServerProtocolClient.java:99)
	at org.apache.ratis.grpc.server.GrpcService.requestVote(GrpcService.java:204)
	at org.apache.ratis.server.impl.LeaderElection.lambda$submitRequests$1(LeaderElection.java:234)
	at java.util.concurrent.FutureTask.run(FutureTask.java:266)
	at java.util.concurrent.Executors$RunnableAdapter.call(Executors.java:511)
	at java.util.concurrent.FutureTask.run(FutureTask.java:266)
	at java.util.concurrent.ThreadPoolExecutor.runWorker(ThreadPoolExecutor.java:1149)
	at java.util.concurrent.ThreadPoolExecutor$Worker.run(ThreadPoolExecutor.java:624)
	... 1 more
Caused by: org.apache.ratis.thirdparty.io.netty.channel.AbstractChannel$AnnotatedConnectException: Connection refused: /192.168.164.208:45511
	at sun.nio.ch.SocketChannelImpl.checkConnect(Native Method)
	at sun.nio.ch.SocketChannelImpl.finishConnect(SocketChannelImpl.java:717)
	at org.apache.ratis.thirdparty.io.netty.channel.socket.nio.NioSocketChannel.doFinishConnect(NioSocketChannel.java:327)
	at org.apache.ratis.thirdparty.io.netty.channel.nio.AbstractNioChannel$AbstractNioUnsafe.finishConnect(AbstractNioChannel.java:340)
	at org.apache.ratis.thirdparty.io.netty.channel.nio.NioEventLoop.processSelectedKey(NioEventLoop.java:632)
	at org.apache.ratis.thirdparty.io.netty.channel.nio.NioEventLoop.processSelectedKeysOptimized(NioEventLoop.java:579)
	at org.apache.ratis.thirdparty.io.netty.channel.nio.NioEventLoop.processSelectedKeys(NioEventLoop.java:496)
	at org.apache.ratis.thirdparty.io.netty.channel.nio.NioEventLoop.run(NioEventLoop.java:458)
	at org.apache.ratis.thirdparty.io.netty.util.concurrent.SingleThreadEventExecutor$5.run(SingleThreadEventExecutor.java:897)
	at org.apache.ratis.thirdparty.io.netty.util.concurrent.FastThreadLocalRunnable.run(FastThreadLocalRunnable.java:30)
	... 1 more
Caused by: java.net.ConnectException: Connection refused
	... 11 more
2019-11-15 01:00:59,891 [e728dc25-e4b1-43c6-a53d-eff097089a23@group-C787A5EC6030-LeaderElection194] INFO  impl.LeaderElection (LeaderElection.java:logAndReturn(56)) - e728dc25-e4b1-43c6-a53d-eff097089a23@group-C787A5EC6030-LeaderElection194: Election REJECTED; received 0 response(s) [] and 2 exception(s); e728dc25-e4b1-43c6-a53d-eff097089a23@group-C787A5EC6030:t8, leader=null, voted=e728dc25-e4b1-43c6-a53d-eff097089a23, raftlog=e728dc25-e4b1-43c6-a53d-eff097089a23@group-C787A5EC6030-SegmentedRaftLog:OPENED:c0,f0,i0, conf=0: [e728dc25-e4b1-43c6-a53d-eff097089a23:192.168.164.208:40846, c4061fea-d656-4029-8a52-0003cdc411ee:192.168.164.208:42567, 2b497d53-8cea-4a7e-98a0-4cfb87fd1475:192.168.164.208:45511], old=null
2019-11-15 01:00:59,891 [e728dc25-e4b1-43c6-a53d-eff097089a23@group-C787A5EC6030-LeaderElection194] INFO  impl.LeaderElection (LogUtils.java:infoOrTrace(149)) -   Exception 0: {}
java.util.concurrent.ExecutionException: org.apache.ratis.thirdparty.io.grpc.StatusRuntimeException: UNAVAILABLE: io exception
	at java.util.concurrent.FutureTask.report(FutureTask.java:122)
	at java.util.concurrent.FutureTask.get(FutureTask.java:192)
	at org.apache.ratis.server.impl.LeaderElection.waitForResults(LeaderElection.java:259)
	at org.apache.ratis.server.impl.LeaderElection.askForVotes(LeaderElection.java:197)
	at org.apache.ratis.server.impl.LeaderElection.run(LeaderElection.java:133)
	at java.lang.Thread.run(Thread.java:748)
Caused by: org.apache.ratis.thirdparty.io.grpc.StatusRuntimeException: UNAVAILABLE: io exception
	at org.apache.ratis.thirdparty.io.grpc.stub.ClientCalls.toStatusRuntimeException(ClientCalls.java:233)
	at org.apache.ratis.thirdparty.io.grpc.stub.ClientCalls.getUnchecked(ClientCalls.java:214)
	at org.apache.ratis.thirdparty.io.grpc.stub.ClientCalls.blockingUnaryCall(ClientCalls.java:139)
	at org.apache.ratis.proto.grpc.RaftServerProtocolServiceGrpc$RaftServerProtocolServiceBlockingStub.requestVote(RaftServerProtocolServiceGrpc.java:265)
	at org.apache.ratis.grpc.server.GrpcServerProtocolClient.requestVote(GrpcServerProtocolClient.java:99)
	at org.apache.ratis.grpc.server.GrpcService.requestVote(GrpcService.java:204)
	at org.apache.ratis.server.impl.LeaderElection.lambda$submitRequests$1(LeaderElection.java:234)
	at java.util.concurrent.FutureTask.run(FutureTask.java:266)
	at java.util.concurrent.Executors$RunnableAdapter.call(Executors.java:511)
	at java.util.concurrent.FutureTask.run(FutureTask.java:266)
	at java.util.concurrent.ThreadPoolExecutor.runWorker(ThreadPoolExecutor.java:1149)
	at java.util.concurrent.ThreadPoolExecutor$Worker.run(ThreadPoolExecutor.java:624)
	... 1 more
Caused by: org.apache.ratis.thirdparty.io.netty.channel.AbstractChannel$AnnotatedConnectException: Connection refused: /192.168.164.208:42567
	at sun.nio.ch.SocketChannelImpl.checkConnect(Native Method)
	at sun.nio.ch.SocketChannelImpl.finishConnect(SocketChannelImpl.java:717)
	at org.apache.ratis.thirdparty.io.netty.channel.socket.nio.NioSocketChannel.doFinishConnect(NioSocketChannel.java:327)
	at org.apache.ratis.thirdparty.io.netty.channel.nio.AbstractNioChannel$AbstractNioUnsafe.finishConnect(AbstractNioChannel.java:340)
	at org.apache.ratis.thirdparty.io.netty.channel.nio.NioEventLoop.processSelectedKey(NioEventLoop.java:632)
	at org.apache.ratis.thirdparty.io.netty.channel.nio.NioEventLoop.processSelectedKeysOptimized(NioEventLoop.java:579)
	at org.apache.ratis.thirdparty.io.netty.channel.nio.NioEventLoop.processSelectedKeys(NioEventLoop.java:496)
	at org.apache.ratis.thirdparty.io.netty.channel.nio.NioEventLoop.run(NioEventLoop.java:458)
	at org.apache.ratis.thirdparty.io.netty.util.concurrent.SingleThreadEventExecutor$5.run(SingleThreadEventExecutor.java:897)
	at org.apache.ratis.thirdparty.io.netty.util.concurrent.FastThreadLocalRunnable.run(FastThreadLocalRunnable.java:30)
	... 1 more
Caused by: java.net.ConnectException: Connection refused
	... 11 more
2019-11-15 01:00:59,891 [e728dc25-e4b1-43c6-a53d-eff097089a23@group-C787A5EC6030-LeaderElection194] INFO  impl.LeaderElection (LogUtils.java:infoOrTrace(149)) -   Exception 1: {}
java.util.concurrent.ExecutionException: org.apache.ratis.thirdparty.io.grpc.StatusRuntimeException: UNAVAILABLE: io exception
	at java.util.concurrent.FutureTask.report(FutureTask.java:122)
	at java.util.concurrent.FutureTask.get(FutureTask.java:192)
	at org.apache.ratis.server.impl.LeaderElection.waitForResults(LeaderElection.java:259)
	at org.apache.ratis.server.impl.LeaderElection.askForVotes(LeaderElection.java:197)
	at org.apache.ratis.server.impl.LeaderElection.run(LeaderElection.java:133)
	at java.lang.Thread.run(Thread.java:748)
Caused by: org.apache.ratis.thirdparty.io.grpc.StatusRuntimeException: UNAVAILABLE: io exception
	at org.apache.ratis.thirdparty.io.grpc.stub.ClientCalls.toStatusRuntimeException(ClientCalls.java:233)
	at org.apache.ratis.thirdparty.io.grpc.stub.ClientCalls.getUnchecked(ClientCalls.java:214)
	at org.apache.ratis.thirdparty.io.grpc.stub.ClientCalls.blockingUnaryCall(ClientCalls.java:139)
	at org.apache.ratis.proto.grpc.RaftServerProtocolServiceGrpc$RaftServerProtocolServiceBlockingStub.requestVote(RaftServerProtocolServiceGrpc.java:265)
	at org.apache.ratis.grpc.server.GrpcServerProtocolClient.requestVote(GrpcServerProtocolClient.java:99)
	at org.apache.ratis.grpc.server.GrpcService.requestVote(GrpcService.java:204)
	at org.apache.ratis.server.impl.LeaderElection.lambda$submitRequests$1(LeaderElection.java:234)
	at java.util.concurrent.FutureTask.run(FutureTask.java:266)
	at java.util.concurrent.Executors$RunnableAdapter.call(Executors.java:511)
	at java.util.concurrent.FutureTask.run(FutureTask.java:266)
	at java.util.concurrent.ThreadPoolExecutor.runWorker(ThreadPoolExecutor.java:1149)
	at java.util.concurrent.ThreadPoolExecutor$Worker.run(ThreadPoolExecutor.java:624)
	... 1 more
Caused by: org.apache.ratis.thirdparty.io.netty.channel.AbstractChannel$AnnotatedConnectException: Connection refused: /192.168.164.208:45511
	at sun.nio.ch.SocketChannelImpl.checkConnect(Native Method)
	at sun.nio.ch.SocketChannelImpl.finishConnect(SocketChannelImpl.java:717)
	at org.apache.ratis.thirdparty.io.netty.channel.socket.nio.NioSocketChannel.doFinishConnect(NioSocketChannel.java:327)
	at org.apache.ratis.thirdparty.io.netty.channel.nio.AbstractNioChannel$AbstractNioUnsafe.finishConnect(AbstractNioChannel.java:340)
	at org.apache.ratis.thirdparty.io.netty.channel.nio.NioEventLoop.processSelectedKey(NioEventLoop.java:632)
	at org.apache.ratis.thirdparty.io.netty.channel.nio.NioEventLoop.processSelectedKeysOptimized(NioEventLoop.java:579)
	at org.apache.ratis.thirdparty.io.netty.channel.nio.NioEventLoop.processSelectedKeys(NioEventLoop.java:496)
	at org.apache.ratis.thirdparty.io.netty.channel.nio.NioEventLoop.run(NioEventLoop.java:458)
	at org.apache.ratis.thirdparty.io.netty.util.concurrent.SingleThreadEventExecutor$5.run(SingleThreadEventExecutor.java:897)
	at org.apache.ratis.thirdparty.io.netty.util.concurrent.FastThreadLocalRunnable.run(FastThreadLocalRunnable.java:30)
	... 1 more
Caused by: java.net.ConnectException: Connection refused
	... 11 more
2019-11-15 01:00:59,891 [e728dc25-e4b1-43c6-a53d-eff097089a23@group-C787A5EC6030-LeaderElection194] INFO  impl.RaftServerImpl (RaftServerImpl.java:setRole(173)) - e728dc25-e4b1-43c6-a53d-eff097089a23@group-C787A5EC6030: changes role from CANDIDATE to FOLLOWER at term 8 for DISCOVERED_A_NEW_TERM
2019-11-15 01:00:59,891 [e728dc25-e4b1-43c6-a53d-eff097089a23@group-C787A5EC6030-LeaderElection194] INFO  impl.RoleInfo (RoleInfo.java:shutdownLeaderElection(134)) - e728dc25-e4b1-43c6-a53d-eff097089a23: shutdown LeaderElection
2019-11-15 01:00:59,891 [e728dc25-e4b1-43c6-a53d-eff097089a23@group-C787A5EC6030-LeaderElection194] INFO  impl.RoleInfo (RoleInfo.java:updateAndGet(143)) - e728dc25-e4b1-43c6-a53d-eff097089a23: start FollowerState
2019-11-15 01:01:00,992 [Thread-4799] INFO  impl.FollowerState (FollowerState.java:run(111)) - e728dc25-e4b1-43c6-a53d-eff097089a23@group-C787A5EC6030-FollowerState: change to CANDIDATE, lastRpcTime:1100ms, electionTimeout:1100ms
2019-11-15 01:01:00,993 [Thread-4799] INFO  impl.RoleInfo (RoleInfo.java:shutdownFollowerState(121)) - e728dc25-e4b1-43c6-a53d-eff097089a23: shutdown FollowerState
2019-11-15 01:01:00,993 [Thread-4799] INFO  impl.RaftServerImpl (RaftServerImpl.java:setRole(173)) - e728dc25-e4b1-43c6-a53d-eff097089a23@group-C787A5EC6030: changes role from  FOLLOWER to CANDIDATE at term 8 for changeToCandidate
2019-11-15 01:01:00,994 [Thread-4799] INFO  impl.RoleInfo (RoleInfo.java:updateAndGet(143)) - e728dc25-e4b1-43c6-a53d-eff097089a23: start LeaderElection
2019-11-15 01:01:01,009 [e728dc25-e4b1-43c6-a53d-eff097089a23@group-C787A5EC6030-LeaderElection195] INFO  impl.LeaderElection (LeaderElection.java:askForVotes(178)) - e728dc25-e4b1-43c6-a53d-eff097089a23@group-C787A5EC6030-LeaderElection195: begin an election at term 9 for 0: [e728dc25-e4b1-43c6-a53d-eff097089a23:192.168.164.208:40846, c4061fea-d656-4029-8a52-0003cdc411ee:192.168.164.208:42567, 2b497d53-8cea-4a7e-98a0-4cfb87fd1475:192.168.164.208:45511], old=null
2019-11-15 01:01:01,012 [e728dc25-e4b1-43c6-a53d-eff097089a23@group-C787A5EC6030-LeaderElection195] INFO  impl.LeaderElection (LogUtils.java:infoOrTrace(149)) - e728dc25-e4b1-43c6-a53d-eff097089a23@group-C787A5EC6030-LeaderElection195 got exception when requesting votes: {}
java.util.concurrent.ExecutionException: org.apache.ratis.thirdparty.io.grpc.StatusRuntimeException: UNAVAILABLE: io exception
	at java.util.concurrent.FutureTask.report(FutureTask.java:122)
	at java.util.concurrent.FutureTask.get(FutureTask.java:192)
	at org.apache.ratis.server.impl.LeaderElection.waitForResults(LeaderElection.java:259)
	at org.apache.ratis.server.impl.LeaderElection.askForVotes(LeaderElection.java:197)
	at org.apache.ratis.server.impl.LeaderElection.run(LeaderElection.java:133)
	at java.lang.Thread.run(Thread.java:748)
Caused by: org.apache.ratis.thirdparty.io.grpc.StatusRuntimeException: UNAVAILABLE: io exception
	at org.apache.ratis.thirdparty.io.grpc.stub.ClientCalls.toStatusRuntimeException(ClientCalls.java:233)
	at org.apache.ratis.thirdparty.io.grpc.stub.ClientCalls.getUnchecked(ClientCalls.java:214)
	at org.apache.ratis.thirdparty.io.grpc.stub.ClientCalls.blockingUnaryCall(ClientCalls.java:139)
	at org.apache.ratis.proto.grpc.RaftServerProtocolServiceGrpc$RaftServerProtocolServiceBlockingStub.requestVote(RaftServerProtocolServiceGrpc.java:265)
	at org.apache.ratis.grpc.server.GrpcServerProtocolClient.requestVote(GrpcServerProtocolClient.java:99)
	at org.apache.ratis.grpc.server.GrpcService.requestVote(GrpcService.java:204)
	at org.apache.ratis.server.impl.LeaderElection.lambda$submitRequests$1(LeaderElection.java:234)
	at java.util.concurrent.FutureTask.run(FutureTask.java:266)
	at java.util.concurrent.Executors$RunnableAdapter.call(Executors.java:511)
	at java.util.concurrent.FutureTask.run(FutureTask.java:266)
	at java.util.concurrent.ThreadPoolExecutor.runWorker(ThreadPoolExecutor.java:1149)
	at java.util.concurrent.ThreadPoolExecutor$Worker.run(ThreadPoolExecutor.java:624)
	... 1 more
Caused by: org.apache.ratis.thirdparty.io.netty.channel.AbstractChannel$AnnotatedConnectException: Connection refused: /192.168.164.208:45511
	at sun.nio.ch.SocketChannelImpl.checkConnect(Native Method)
	at sun.nio.ch.SocketChannelImpl.finishConnect(SocketChannelImpl.java:717)
	at org.apache.ratis.thirdparty.io.netty.channel.socket.nio.NioSocketChannel.doFinishConnect(NioSocketChannel.java:327)
	at org.apache.ratis.thirdparty.io.netty.channel.nio.AbstractNioChannel$AbstractNioUnsafe.finishConnect(AbstractNioChannel.java:340)
	at org.apache.ratis.thirdparty.io.netty.channel.nio.NioEventLoop.processSelectedKey(NioEventLoop.java:632)
	at org.apache.ratis.thirdparty.io.netty.channel.nio.NioEventLoop.processSelectedKeysOptimized(NioEventLoop.java:579)
	at org.apache.ratis.thirdparty.io.netty.channel.nio.NioEventLoop.processSelectedKeys(NioEventLoop.java:496)
	at org.apache.ratis.thirdparty.io.netty.channel.nio.NioEventLoop.run(NioEventLoop.java:458)
	at org.apache.ratis.thirdparty.io.netty.util.concurrent.SingleThreadEventExecutor$5.run(SingleThreadEventExecutor.java:897)
	at org.apache.ratis.thirdparty.io.netty.util.concurrent.FastThreadLocalRunnable.run(FastThreadLocalRunnable.java:30)
	... 1 more
Caused by: java.net.ConnectException: Connection refused
	... 11 more
2019-11-15 01:01:01,013 [e728dc25-e4b1-43c6-a53d-eff097089a23@group-C787A5EC6030-LeaderElection195] INFO  impl.LeaderElection (LogUtils.java:infoOrTrace(149)) - e728dc25-e4b1-43c6-a53d-eff097089a23@group-C787A5EC6030-LeaderElection195 got exception when requesting votes: {}
java.util.concurrent.ExecutionException: org.apache.ratis.thirdparty.io.grpc.StatusRuntimeException: UNAVAILABLE: io exception
	at java.util.concurrent.FutureTask.report(FutureTask.java:122)
	at java.util.concurrent.FutureTask.get(FutureTask.java:192)
	at org.apache.ratis.server.impl.LeaderElection.waitForResults(LeaderElection.java:259)
	at org.apache.ratis.server.impl.LeaderElection.askForVotes(LeaderElection.java:197)
	at org.apache.ratis.server.impl.LeaderElection.run(LeaderElection.java:133)
	at java.lang.Thread.run(Thread.java:748)
Caused by: org.apache.ratis.thirdparty.io.grpc.StatusRuntimeException: UNAVAILABLE: io exception
	at org.apache.ratis.thirdparty.io.grpc.stub.ClientCalls.toStatusRuntimeException(ClientCalls.java:233)
	at org.apache.ratis.thirdparty.io.grpc.stub.ClientCalls.getUnchecked(ClientCalls.java:214)
	at org.apache.ratis.thirdparty.io.grpc.stub.ClientCalls.blockingUnaryCall(ClientCalls.java:139)
	at org.apache.ratis.proto.grpc.RaftServerProtocolServiceGrpc$RaftServerProtocolServiceBlockingStub.requestVote(RaftServerProtocolServiceGrpc.java:265)
	at org.apache.ratis.grpc.server.GrpcServerProtocolClient.requestVote(GrpcServerProtocolClient.java:99)
	at org.apache.ratis.grpc.server.GrpcService.requestVote(GrpcService.java:204)
	at org.apache.ratis.server.impl.LeaderElection.lambda$submitRequests$1(LeaderElection.java:234)
	at java.util.concurrent.FutureTask.run(FutureTask.java:266)
	at java.util.concurrent.Executors$RunnableAdapter.call(Executors.java:511)
	at java.util.concurrent.FutureTask.run(FutureTask.java:266)
	at java.util.concurrent.ThreadPoolExecutor.runWorker(ThreadPoolExecutor.java:1149)
	at java.util.concurrent.ThreadPoolExecutor$Worker.run(ThreadPoolExecutor.java:624)
	... 1 more
Caused by: org.apache.ratis.thirdparty.io.netty.channel.AbstractChannel$AnnotatedConnectException: Connection refused: /192.168.164.208:42567
	at sun.nio.ch.SocketChannelImpl.checkConnect(Native Method)
	at sun.nio.ch.SocketChannelImpl.finishConnect(SocketChannelImpl.java:717)
	at org.apache.ratis.thirdparty.io.netty.channel.socket.nio.NioSocketChannel.doFinishConnect(NioSocketChannel.java:327)
	at org.apache.ratis.thirdparty.io.netty.channel.nio.AbstractNioChannel$AbstractNioUnsafe.finishConnect(AbstractNioChannel.java:340)
	at org.apache.ratis.thirdparty.io.netty.channel.nio.NioEventLoop.processSelectedKey(NioEventLoop.java:632)
	at org.apache.ratis.thirdparty.io.netty.channel.nio.NioEventLoop.processSelectedKeysOptimized(NioEventLoop.java:579)
	at org.apache.ratis.thirdparty.io.netty.channel.nio.NioEventLoop.processSelectedKeys(NioEventLoop.java:496)
	at org.apache.ratis.thirdparty.io.netty.channel.nio.NioEventLoop.run(NioEventLoop.java:458)
	at org.apache.ratis.thirdparty.io.netty.util.concurrent.SingleThreadEventExecutor$5.run(SingleThreadEventExecutor.java:897)
	at org.apache.ratis.thirdparty.io.netty.util.concurrent.FastThreadLocalRunnable.run(FastThreadLocalRunnable.java:30)
	... 1 more
Caused by: java.net.ConnectException: Connection refused
	... 11 more
2019-11-15 01:01:01,014 [e728dc25-e4b1-43c6-a53d-eff097089a23@group-C787A5EC6030-LeaderElection195] INFO  impl.LeaderElection (LeaderElection.java:logAndReturn(56)) - e728dc25-e4b1-43c6-a53d-eff097089a23@group-C787A5EC6030-LeaderElection195: Election REJECTED; received 0 response(s) [] and 2 exception(s); e728dc25-e4b1-43c6-a53d-eff097089a23@group-C787A5EC6030:t9, leader=null, voted=e728dc25-e4b1-43c6-a53d-eff097089a23, raftlog=e728dc25-e4b1-43c6-a53d-eff097089a23@group-C787A5EC6030-SegmentedRaftLog:OPENED:c0,f0,i0, conf=0: [e728dc25-e4b1-43c6-a53d-eff097089a23:192.168.164.208:40846, c4061fea-d656-4029-8a52-0003cdc411ee:192.168.164.208:42567, 2b497d53-8cea-4a7e-98a0-4cfb87fd1475:192.168.164.208:45511], old=null
2019-11-15 01:01:01,014 [e728dc25-e4b1-43c6-a53d-eff097089a23@group-C787A5EC6030-LeaderElection195] INFO  impl.LeaderElection (LogUtils.java:infoOrTrace(149)) -   Exception 0: {}
java.util.concurrent.ExecutionException: org.apache.ratis.thirdparty.io.grpc.StatusRuntimeException: UNAVAILABLE: io exception
	at java.util.concurrent.FutureTask.report(FutureTask.java:122)
	at java.util.concurrent.FutureTask.get(FutureTask.java:192)
	at org.apache.ratis.server.impl.LeaderElection.waitForResults(LeaderElection.java:259)
	at org.apache.ratis.server.impl.LeaderElection.askForVotes(LeaderElection.java:197)
	at org.apache.ratis.server.impl.LeaderElection.run(LeaderElection.java:133)
	at java.lang.Thread.run(Thread.java:748)
Caused by: org.apache.ratis.thirdparty.io.grpc.StatusRuntimeException: UNAVAILABLE: io exception
	at org.apache.ratis.thirdparty.io.grpc.stub.ClientCalls.toStatusRuntimeException(ClientCalls.java:233)
	at org.apache.ratis.thirdparty.io.grpc.stub.ClientCalls.getUnchecked(ClientCalls.java:214)
	at org.apache.ratis.thirdparty.io.grpc.stub.ClientCalls.blockingUnaryCall(ClientCalls.java:139)
	at org.apache.ratis.proto.grpc.RaftServerProtocolServiceGrpc$RaftServerProtocolServiceBlockingStub.requestVote(RaftServerProtocolServiceGrpc.java:265)
	at org.apache.ratis.grpc.server.GrpcServerProtocolClient.requestVote(GrpcServerProtocolClient.java:99)
	at org.apache.ratis.grpc.server.GrpcService.requestVote(GrpcService.java:204)
	at org.apache.ratis.server.impl.LeaderElection.lambda$submitRequests$1(LeaderElection.java:234)
	at java.util.concurrent.FutureTask.run(FutureTask.java:266)
	at java.util.concurrent.Executors$RunnableAdapter.call(Executors.java:511)
	at java.util.concurrent.FutureTask.run(FutureTask.java:266)
	at java.util.concurrent.ThreadPoolExecutor.runWorker(ThreadPoolExecutor.java:1149)
	at java.util.concurrent.ThreadPoolExecutor$Worker.run(ThreadPoolExecutor.java:624)
	... 1 more
Caused by: org.apache.ratis.thirdparty.io.netty.channel.AbstractChannel$AnnotatedConnectException: Connection refused: /192.168.164.208:45511
	at sun.nio.ch.SocketChannelImpl.checkConnect(Native Method)
	at sun.nio.ch.SocketChannelImpl.finishConnect(SocketChannelImpl.java:717)
	at org.apache.ratis.thirdparty.io.netty.channel.socket.nio.NioSocketChannel.doFinishConnect(NioSocketChannel.java:327)
	at org.apache.ratis.thirdparty.io.netty.channel.nio.AbstractNioChannel$AbstractNioUnsafe.finishConnect(AbstractNioChannel.java:340)
	at org.apache.ratis.thirdparty.io.netty.channel.nio.NioEventLoop.processSelectedKey(NioEventLoop.java:632)
	at org.apache.ratis.thirdparty.io.netty.channel.nio.NioEventLoop.processSelectedKeysOptimized(NioEventLoop.java:579)
	at org.apache.ratis.thirdparty.io.netty.channel.nio.NioEventLoop.processSelectedKeys(NioEventLoop.java:496)
	at org.apache.ratis.thirdparty.io.netty.channel.nio.NioEventLoop.run(NioEventLoop.java:458)
	at org.apache.ratis.thirdparty.io.netty.util.concurrent.SingleThreadEventExecutor$5.run(SingleThreadEventExecutor.java:897)
	at org.apache.ratis.thirdparty.io.netty.util.concurrent.FastThreadLocalRunnable.run(FastThreadLocalRunnable.java:30)
	... 1 more
Caused by: java.net.ConnectException: Connection refused
	... 11 more
2019-11-15 01:01:01,014 [e728dc25-e4b1-43c6-a53d-eff097089a23@group-C787A5EC6030-LeaderElection195] INFO  impl.LeaderElection (LogUtils.java:infoOrTrace(149)) -   Exception 1: {}
java.util.concurrent.ExecutionException: org.apache.ratis.thirdparty.io.grpc.StatusRuntimeException: UNAVAILABLE: io exception
	at java.util.concurrent.FutureTask.report(FutureTask.java:122)
	at java.util.concurrent.FutureTask.get(FutureTask.java:192)
	at org.apache.ratis.server.impl.LeaderElection.waitForResults(LeaderElection.java:259)
	at org.apache.ratis.server.impl.LeaderElection.askForVotes(LeaderElection.java:197)
	at org.apache.ratis.server.impl.LeaderElection.run(LeaderElection.java:133)
	at java.lang.Thread.run(Thread.java:748)
Caused by: org.apache.ratis.thirdparty.io.grpc.StatusRuntimeException: UNAVAILABLE: io exception
	at org.apache.ratis.thirdparty.io.grpc.stub.ClientCalls.toStatusRuntimeException(ClientCalls.java:233)
	at org.apache.ratis.thirdparty.io.grpc.stub.ClientCalls.getUnchecked(ClientCalls.java:214)
	at org.apache.ratis.thirdparty.io.grpc.stub.ClientCalls.blockingUnaryCall(ClientCalls.java:139)
	at org.apache.ratis.proto.grpc.RaftServerProtocolServiceGrpc$RaftServerProtocolServiceBlockingStub.requestVote(RaftServerProtocolServiceGrpc.java:265)
	at org.apache.ratis.grpc.server.GrpcServerProtocolClient.requestVote(GrpcServerProtocolClient.java:99)
	at org.apache.ratis.grpc.server.GrpcService.requestVote(GrpcService.java:204)
	at org.apache.ratis.server.impl.LeaderElection.lambda$submitRequests$1(LeaderElection.java:234)
	at java.util.concurrent.FutureTask.run(FutureTask.java:266)
	at java.util.concurrent.Executors$RunnableAdapter.call(Executors.java:511)
	at java.util.concurrent.FutureTask.run(FutureTask.java:266)
	at java.util.concurrent.ThreadPoolExecutor.runWorker(ThreadPoolExecutor.java:1149)
	at java.util.concurrent.ThreadPoolExecutor$Worker.run(ThreadPoolExecutor.java:624)
	... 1 more
Caused by: org.apache.ratis.thirdparty.io.netty.channel.AbstractChannel$AnnotatedConnectException: Connection refused: /192.168.164.208:42567
	at sun.nio.ch.SocketChannelImpl.checkConnect(Native Method)
	at sun.nio.ch.SocketChannelImpl.finishConnect(SocketChannelImpl.java:717)
	at org.apache.ratis.thirdparty.io.netty.channel.socket.nio.NioSocketChannel.doFinishConnect(NioSocketChannel.java:327)
	at org.apache.ratis.thirdparty.io.netty.channel.nio.AbstractNioChannel$AbstractNioUnsafe.finishConnect(AbstractNioChannel.java:340)
	at org.apache.ratis.thirdparty.io.netty.channel.nio.NioEventLoop.processSelectedKey(NioEventLoop.java:632)
	at org.apache.ratis.thirdparty.io.netty.channel.nio.NioEventLoop.processSelectedKeysOptimized(NioEventLoop.java:579)
	at org.apache.ratis.thirdparty.io.netty.channel.nio.NioEventLoop.processSelectedKeys(NioEventLoop.java:496)
	at org.apache.ratis.thirdparty.io.netty.channel.nio.NioEventLoop.run(NioEventLoop.java:458)
	at org.apache.ratis.thirdparty.io.netty.util.concurrent.SingleThreadEventExecutor$5.run(SingleThreadEventExecutor.java:897)
	at org.apache.ratis.thirdparty.io.netty.util.concurrent.FastThreadLocalRunnable.run(FastThreadLocalRunnable.java:30)
	... 1 more
Caused by: java.net.ConnectException: Connection refused
	... 11 more
2019-11-15 01:01:01,015 [e728dc25-e4b1-43c6-a53d-eff097089a23@group-C787A5EC6030-LeaderElection195] INFO  impl.RaftServerImpl (RaftServerImpl.java:setRole(173)) - e728dc25-e4b1-43c6-a53d-eff097089a23@group-C787A5EC6030: changes role from CANDIDATE to FOLLOWER at term 9 for DISCOVERED_A_NEW_TERM
2019-11-15 01:01:01,015 [e728dc25-e4b1-43c6-a53d-eff097089a23@group-C787A5EC6030-LeaderElection195] INFO  impl.RoleInfo (RoleInfo.java:shutdownLeaderElection(134)) - e728dc25-e4b1-43c6-a53d-eff097089a23: shutdown LeaderElection
2019-11-15 01:01:01,016 [e728dc25-e4b1-43c6-a53d-eff097089a23@group-C787A5EC6030-LeaderElection195] INFO  impl.RoleInfo (RoleInfo.java:updateAndGet(143)) - e728dc25-e4b1-43c6-a53d-eff097089a23: start FollowerState
2019-11-15 01:01:01,415 [ForkJoinPool.commonPool-worker-0] INFO  ozoneimpl.OzoneContainer (OzoneContainer.java:stop(244)) - Attempting to stop container services.
2019-11-15 01:01:01,416 [ForkJoinPool.commonPool-worker-0] INFO  impl.RaftServerProxy (RaftServerProxy.java:lambda$close$4(314)) - e728dc25-e4b1-43c6-a53d-eff097089a23: close
2019-11-15 01:01:01,417 [ForkJoinPool.commonPool-worker-0] INFO  impl.RaftServerImpl (RaftServerImpl.java:lambda$shutdown$3(250)) - e728dc25-e4b1-43c6-a53d-eff097089a23@group-C787A5EC6030: shutdown
2019-11-15 01:01:01,417 [ForkJoinPool.commonPool-worker-0] INFO  util.JmxRegister (JmxRegister.java:unregister(73)) - Successfully un-registered JMX Bean with object name Ratis:service=RaftServer,group=group-C787A5EC6030,id=e728dc25-e4b1-43c6-a53d-eff097089a23
2019-11-15 01:01:01,417 [ForkJoinPool.commonPool-worker-0] INFO  impl.RoleInfo (RoleInfo.java:shutdownFollowerState(121)) - e728dc25-e4b1-43c6-a53d-eff097089a23: shutdown FollowerState
2019-11-15 01:01:01,418 [ForkJoinPool.commonPool-worker-0] INFO  impl.StateMachineUpdater (StateMachineUpdater.java:stopAndJoin(136)) - e728dc25-e4b1-43c6-a53d-eff097089a23@group-C787A5EC6030-StateMachineUpdater: set stopIndex = 0
2019-11-15 01:01:01,418 [Thread-4803] INFO  impl.FollowerState (FollowerState.java:run(120)) - e728dc25-e4b1-43c6-a53d-eff097089a23@group-C787A5EC6030-FollowerState was interrupted: java.lang.InterruptedException: sleep interrupted
2019-11-15 01:01:01,419 [ForkJoinPool.commonPool-worker-0] INFO  impl.RaftServerImpl (ServerState.java:close(387)) - e728dc25-e4b1-43c6-a53d-eff097089a23@group-C787A5EC6030: closes. applyIndex: 0
2019-11-15 01:01:01,419 [e728dc25-e4b1-43c6-a53d-eff097089a23@group-C787A5EC6030-SegmentedRaftLogWorker] INFO  segmented.SegmentedRaftLogWorker (SegmentedRaftLogWorker.java:run(316)) - e728dc25-e4b1-43c6-a53d-eff097089a23@group-C787A5EC6030-SegmentedRaftLogWorker was interrupted, exiting. There are 0 tasks remaining in the queue.
2019-11-15 01:01:01,420 [ForkJoinPool.commonPool-worker-0] INFO  segmented.SegmentedRaftLogWorker (SegmentedRaftLogWorker.java:close(224)) - e728dc25-e4b1-43c6-a53d-eff097089a23@group-C787A5EC6030-SegmentedRaftLogWorker close()
2019-11-15 01:01:01,420 [ForkJoinPool.commonPool-worker-0] INFO  impl.RaftServerImpl (RaftServerImpl.java:lambda$shutdown$3(250)) - e728dc25-e4b1-43c6-a53d-eff097089a23@group-B859CBD11FE8: shutdown
2019-11-15 01:01:01,421 [ForkJoinPool.commonPool-worker-0] INFO  util.JmxRegister (JmxRegister.java:unregister(73)) - Successfully un-registered JMX Bean with object name Ratis:service=RaftServer,group=group-B859CBD11FE8,id=e728dc25-e4b1-43c6-a53d-eff097089a23
2019-11-15 01:01:01,421 [ForkJoinPool.commonPool-worker-0] INFO  impl.RoleInfo (RoleInfo.java:shutdownLeaderState(104)) - e728dc25-e4b1-43c6-a53d-eff097089a23: shutdown LeaderState
2019-11-15 01:01:01,421 [ForkJoinPool.commonPool-worker-0] INFO  impl.PendingRequests (PendingRequests.java:sendNotLeaderResponses(206)) - e728dc25-e4b1-43c6-a53d-eff097089a23@group-B859CBD11FE8-PendingRequests: sendNotLeaderResponses
2019-11-15 01:01:01,422 [ForkJoinPool.commonPool-worker-0] INFO  impl.StateMachineUpdater (StateMachineUpdater.java:stopAndJoin(136)) - e728dc25-e4b1-43c6-a53d-eff097089a23@group-B859CBD11FE8-StateMachineUpdater: set stopIndex = 0
2019-11-15 01:01:01,422 [ForkJoinPool.commonPool-worker-0] INFO  impl.RaftServerImpl (ServerState.java:close(387)) - e728dc25-e4b1-43c6-a53d-eff097089a23@group-B859CBD11FE8: closes. applyIndex: 0
2019-11-15 01:01:01,422 [e728dc25-e4b1-43c6-a53d-eff097089a23@group-B859CBD11FE8-SegmentedRaftLogWorker] INFO  segmented.SegmentedRaftLogWorker (SegmentedRaftLogWorker.java:run(316)) - e728dc25-e4b1-43c6-a53d-eff097089a23@group-B859CBD11FE8-SegmentedRaftLogWorker was interrupted, exiting. There are 0 tasks remaining in the queue.
2019-11-15 01:01:01,423 [ForkJoinPool.commonPool-worker-0] INFO  segmented.SegmentedRaftLogWorker (SegmentedRaftLogWorker.java:close(224)) - e728dc25-e4b1-43c6-a53d-eff097089a23@group-B859CBD11FE8-SegmentedRaftLogWorker close()
2019-11-15 01:01:01,423 [ForkJoinPool.commonPool-worker-0] INFO  server.GrpcService (GrpcService.java:closeImpl(164)) - e728dc25-e4b1-43c6-a53d-eff097089a23: shutdown server with port 40846 now
2019-11-15 01:01:01,424 [ForkJoinPool.commonPool-worker-0] INFO  server.GrpcService (GrpcService.java:closeImpl(172)) - e728dc25-e4b1-43c6-a53d-eff097089a23: shutdown server with port 40846 successfully
2019-11-15 01:01:01,426 [refreshUsed-/workdir/hadoop-ozone/integration-test/target/test-dir/MiniOzoneClusterImpl-9b1c7e50-938b-4652-9315-e435b3731240/datanode-7/data/containers] WARN  fs.CachingGetSpaceUsed (CachingGetSpaceUsed.java:run(183)) - Thread Interrupted waiting to refresh disk information: sleep interrupted
2019-11-15 01:01:01,896 [ForkJoinPool.commonPool-worker-0] INFO  utils.BackgroundService (BackgroundService.java:shutdown(151)) - Shutting down service BlockDeletingService
2019-11-15 01:01:01,913 [ForkJoinPool.commonPool-worker-0] INFO  statemachine.DatanodeStateMachine (DatanodeStateMachine.java:stopDaemon(400)) - Ozone container server stopped.
2019-11-15 01:01:01,916 [ForkJoinPool.commonPool-worker-0] INFO  handler.ContextHandler (ContextHandler.java:doStop(910)) - Stopped o.e.j.w.WebAppContext@36df4c26{/,null,UNAVAILABLE}{/hddsDatanode}
2019-11-15 01:01:01,917 [ForkJoinPool.commonPool-worker-0] INFO  server.AbstractConnector (AbstractConnector.java:doStop(318)) - Stopped ServerConnector@76828577{HTTP/1.1,[http/1.1]}{0.0.0.0:0}
2019-11-15 01:01:01,917 [ForkJoinPool.commonPool-worker-0] INFO  handler.ContextHandler (ContextHandler.java:doStop(910)) - Stopped o.e.j.s.ServletContextHandler@d969452{/static,jar:file:/home/user/.m2/repository/org/apache/hadoop/hadoop-hdds-container-service/0.5.0-SNAPSHOT/hadoop-hdds-container-service-0.5.0-SNAPSHOT.jar!/webapps/static,UNAVAILABLE}
2019-11-15 01:01:01,918 [ForkJoinPool.commonPool-worker-0] INFO  handler.ContextHandler (ContextHandler.java:doStop(910)) - Stopped o.e.j.s.ServletContextHandler@505d2bac{/logs,file:///workdir/hadoop-ozone/integration-test/target/log,UNAVAILABLE}
2019-11-15 01:01:01,919 [main] INFO  ozone.MiniOzoneClusterImpl (MiniOzoneClusterImpl.java:stopSCM(430)) - Stopping the StorageContainerManager
2019-11-15 01:01:01,919 [main] INFO  server.StorageContainerManager (StorageContainerManager.java:stop(804)) - Stopping Replication Manager Service.
2019-11-15 01:01:01,920 [main] INFO  container.ReplicationManager (ReplicationManager.java:stop(203)) - Stopping Replication Monitor Thread.
2019-11-15 01:01:01,920 [main] INFO  server.StorageContainerManager (StorageContainerManager.java:stop(811)) - Stopping Lease Manager of the command watchers
2019-11-15 01:01:01,920 [main] INFO  server.StorageContainerManager (StorageContainerManager.java:stop(818)) - Stopping datanode service RPC server
2019-11-15 01:01:01,920 [main] INFO  server.SCMDatanodeProtocolServer (SCMDatanodeProtocolServer.java:stop(346)) - Stopping the RPC server for DataNodes
2019-11-15 01:01:01,922 [main] INFO  ipc.Server (Server.java:stop(3082)) - Stopping server on 39263
2019-11-15 01:01:01,925 [IPC Server listener on 39263] INFO  ipc.Server (Server.java:run(1185)) - Stopping IPC Server listener on 39263
2019-11-15 01:01:01,925 [IPC Server Responder] INFO  ipc.Server (Server.java:run(1319)) - Stopping IPC Server Responder
2019-11-15 01:01:02,003 [SCM Heartbeat Processing Thread - 0] WARN  node.NodeStateManager (NodeStateManager.java:scheduleNextHealthCheck(646)) - Current Thread is interrupted, shutting down HB processing thread for Node Manager.
2019-11-15 01:01:02,003 [main] INFO  server.StorageContainerManager (StorageContainerManager.java:stop(826)) - Stopping block service RPC server
2019-11-15 01:01:02,003 [main] INFO  server.SCMBlockProtocolServer (SCMBlockProtocolServer.java:stop(155)) - Stopping the RPC server for Block Protocol
2019-11-15 01:01:02,003 [main] INFO  ipc.Server (Server.java:stop(3082)) - Stopping server on 34945
2019-11-15 01:01:02,005 [IPC Server listener on 34945] INFO  ipc.Server (Server.java:run(1185)) - Stopping IPC Server listener on 34945
2019-11-15 01:01:02,005 [main] INFO  server.StorageContainerManager (StorageContainerManager.java:stop(833)) - Stopping the StorageContainerLocationProtocol RPC server
2019-11-15 01:01:02,006 [IPC Server Responder] INFO  ipc.Server (Server.java:run(1319)) - Stopping IPC Server Responder
2019-11-15 01:01:02,006 [main] INFO  server.SCMClientProtocolServer (SCMClientProtocolServer.java:stop(169)) - Stopping the RPC server for Client Protocol
2019-11-15 01:01:02,007 [main] INFO  ipc.Server (Server.java:stop(3082)) - Stopping server on 41835
2019-11-15 01:01:02,009 [IPC Server listener on 41835] INFO  ipc.Server (Server.java:run(1185)) - Stopping IPC Server listener on 41835
2019-11-15 01:01:02,009 [main] INFO  server.StorageContainerManager (StorageContainerManager.java:stop(840)) - Stopping Storage Container Manager HTTP server.
2019-11-15 01:01:02,009 [IPC Server Responder] INFO  ipc.Server (Server.java:run(1319)) - Stopping IPC Server Responder
2019-11-15 01:01:02,011 [main] INFO  handler.ContextHandler (ContextHandler.java:doStop(910)) - Stopped o.e.j.w.WebAppContext@60b616c8{/,null,UNAVAILABLE}{/scm}
2019-11-15 01:01:02,012 [main] INFO  server.AbstractConnector (AbstractConnector.java:doStop(318)) - Stopped ServerConnector@3962ec84{HTTP/1.1,[http/1.1]}{0.0.0.0:0}
2019-11-15 01:01:02,012 [main] INFO  handler.ContextHandler (ContextHandler.java:doStop(910)) - Stopped o.e.j.s.ServletContextHandler@57c69937{/static,file:///workdir/hadoop-ozone/integration-test/target/test-classes/webapps/static,UNAVAILABLE}
2019-11-15 01:01:02,012 [main] INFO  handler.ContextHandler (ContextHandler.java:doStop(910)) - Stopped o.e.j.s.ServletContextHandler@4ae280da{/logs,file:///workdir/hadoop-ozone/integration-test/target/log,UNAVAILABLE}
2019-11-15 01:01:02,013 [main] INFO  server.StorageContainerManager (StorageContainerManager.java:stop(851)) - Stopping Block Manager Service.
2019-11-15 01:01:02,013 [main] INFO  utils.BackgroundService (BackgroundService.java:shutdown(151)) - Shutting down service SCMBlockDeletingService
2019-11-15 01:01:02,014 [main] INFO  utils.BackgroundService (BackgroundService.java:shutdown(151)) - Shutting down service SCMBlockDeletingService
2019-11-15 01:01:02,014 [main] INFO  server.StorageContainerManager (StorageContainerManager.java:stop(873)) - Stopping SCM Event Queue.
2019-11-15 01:01:02,020 [main] INFO  impl.MetricsSystemImpl (MetricsSystemImpl.java:stop(210)) - Stopping HddsDatanode metrics system...
2019-11-15 01:01:02,032 [main] INFO  impl.MetricsSystemImpl (MetricsSystemImpl.java:stop(216)) - HddsDatanode metrics system stopped.
]]></system-out>
    <system-err><![CDATA[Nov 15, 2019 1:00:28 AM org.apache.ratis.thirdparty.io.grpc.internal.SerializingExecutor run
SEVERE: Exception while executing runnable org.apache.ratis.thirdparty.io.grpc.internal.ServerImpl$JumpToApplicationThreadServerStreamListener$1Closed@49900543
org.apache.ratis.thirdparty.io.grpc.StatusRuntimeException: CANCELLED: call already cancelled
	at org.apache.ratis.thirdparty.io.grpc.Status.asRuntimeException(Status.java:517)
	at org.apache.ratis.thirdparty.io.grpc.stub.ServerCalls$ServerCallStreamObserverImpl.onCompleted(ServerCalls.java:356)
	at org.apache.ratis.grpc.server.GrpcServerProtocolService$ServerRequestStreamObserver.onError(GrpcServerProtocolService.java:121)
	at org.apache.ratis.thirdparty.io.grpc.stub.ServerCalls$StreamingServerCallHandler$StreamingServerCallListener.onCancel(ServerCalls.java:269)
	at org.apache.ratis.thirdparty.io.grpc.internal.ServerCallImpl$ServerStreamListenerImpl.closed(ServerCallImpl.java:293)
	at org.apache.ratis.thirdparty.io.grpc.internal.ServerImpl$JumpToApplicationThreadServerStreamListener$1Closed.runInContext(ServerImpl.java:741)
	at org.apache.ratis.thirdparty.io.grpc.internal.ContextRunnable.run(ContextRunnable.java:37)
	at org.apache.ratis.thirdparty.io.grpc.internal.SerializingExecutor.run(SerializingExecutor.java:123)
	at java.util.concurrent.ThreadPoolExecutor.runWorker(ThreadPoolExecutor.java:1149)
	at java.util.concurrent.ThreadPoolExecutor$Worker.run(ThreadPoolExecutor.java:624)
	at java.lang.Thread.run(Thread.java:748)

Nov 15, 2019 1:00:41 AM org.apache.ratis.thirdparty.io.grpc.internal.SerializingExecutor run
SEVERE: Exception while executing runnable org.apache.ratis.thirdparty.io.grpc.internal.ServerImpl$JumpToApplicationThreadServerStreamListener$1Closed@acb1835
org.apache.ratis.thirdparty.io.grpc.StatusRuntimeException: CANCELLED: call already cancelled
	at org.apache.ratis.thirdparty.io.grpc.Status.asRuntimeException(Status.java:517)
	at org.apache.ratis.thirdparty.io.grpc.stub.ServerCalls$ServerCallStreamObserverImpl.onCompleted(ServerCalls.java:356)
	at org.apache.ratis.grpc.server.GrpcServerProtocolService$ServerRequestStreamObserver.onError(GrpcServerProtocolService.java:121)
	at org.apache.ratis.thirdparty.io.grpc.stub.ServerCalls$StreamingServerCallHandler$StreamingServerCallListener.onCancel(ServerCalls.java:269)
	at org.apache.ratis.thirdparty.io.grpc.internal.ServerCallImpl$ServerStreamListenerImpl.closed(ServerCallImpl.java:293)
	at org.apache.ratis.thirdparty.io.grpc.internal.ServerImpl$JumpToApplicationThreadServerStreamListener$1Closed.runInContext(ServerImpl.java:741)
	at org.apache.ratis.thirdparty.io.grpc.internal.ContextRunnable.run(ContextRunnable.java:37)
	at org.apache.ratis.thirdparty.io.grpc.internal.SerializingExecutor.run(SerializingExecutor.java:123)
	at java.util.concurrent.ThreadPoolExecutor.runWorker(ThreadPoolExecutor.java:1149)
	at java.util.concurrent.ThreadPoolExecutor$Worker.run(ThreadPoolExecutor.java:624)
	at java.lang.Thread.run(Thread.java:748)

Nov 15, 2019 1:00:46 AM org.apache.ratis.thirdparty.io.grpc.internal.SerializingExecutor run
SEVERE: Exception while executing runnable org.apache.ratis.thirdparty.io.grpc.internal.ServerImpl$JumpToApplicationThreadServerStreamListener$1Closed@1ee5e7de
org.apache.ratis.thirdparty.io.grpc.StatusRuntimeException: CANCELLED: call already cancelled
	at org.apache.ratis.thirdparty.io.grpc.Status.asRuntimeException(Status.java:517)
	at org.apache.ratis.thirdparty.io.grpc.stub.ServerCalls$ServerCallStreamObserverImpl.onCompleted(ServerCalls.java:356)
	at org.apache.ratis.grpc.server.GrpcServerProtocolService$ServerRequestStreamObserver.onError(GrpcServerProtocolService.java:121)
	at org.apache.ratis.thirdparty.io.grpc.stub.ServerCalls$StreamingServerCallHandler$StreamingServerCallListener.onCancel(ServerCalls.java:269)
	at org.apache.ratis.thirdparty.io.grpc.internal.ServerCallImpl$ServerStreamListenerImpl.closed(ServerCallImpl.java:293)
	at org.apache.ratis.thirdparty.io.grpc.internal.ServerImpl$JumpToApplicationThreadServerStreamListener$1Closed.runInContext(ServerImpl.java:741)
	at org.apache.ratis.thirdparty.io.grpc.internal.ContextRunnable.run(ContextRunnable.java:37)
	at org.apache.ratis.thirdparty.io.grpc.internal.SerializingExecutor.run(SerializingExecutor.java:123)
	at java.util.concurrent.ThreadPoolExecutor.runWorker(ThreadPoolExecutor.java:1149)
	at java.util.concurrent.ThreadPoolExecutor$Worker.run(ThreadPoolExecutor.java:624)
	at java.lang.Thread.run(Thread.java:748)

]]></system-err>
  </testcase>
</testsuite>