<?xml version="1.0" encoding="UTF-8"?>
<testsuite xmlns:xsi="http://www.w3.org/2001/XMLSchema-instance" xsi:noNamespaceSchemaLocation="https://maven.apache.org/surefire/maven-surefire-plugin/xsd/surefire-test-report.xsd" name="org.apache.hadoop.ozone.TestStorageContainerManager" time="251.205" tests="9" errors="1" skipped="0" failures="0">
  <properties>
    <property name="awt.toolkit" value="sun.awt.X11.XToolkit"/>
    <property name="file.encoding.pkg" value="sun.io"/>
    <property name="java.specification.version" value="1.8"/>
    <property name="sun.cpu.isalist" value=""/>
    <property name="sun.jnu.encoding" value="ANSI_X3.4-1968"/>
    <property name="java.class.path" value="/workdir/hadoop-ozone/integration-test/target/test-classes:/workdir/hadoop-ozone/integration-test/target/classes:/home/user/.m2/repository/org/apache/hadoop/hadoop-ozone-common/0.5.0-SNAPSHOT/hadoop-ozone-common-0.5.0-SNAPSHOT.jar:/home/user/.m2/repository/org/apache/commons/commons-compress/1.4.1/commons-compress-1.4.1.jar:/home/user/.m2/repository/org/tukaani/xz/1.0/xz-1.0.jar:/home/user/.m2/repository/org/apache/hadoop/hadoop-common/3.2.0/hadoop-common-3.2.0.jar:/home/user/.m2/repository/org/apache/hadoop/hadoop-hdfs/3.2.0/hadoop-hdfs-3.2.0.jar:/home/user/.m2/repository/org/apache/hadoop/hadoop-hdfs-client/3.2.0/hadoop-hdfs-client-3.2.0.jar:/home/user/.m2/repository/com/fasterxml/jackson/core/jackson-annotations/2.9.9/jackson-annotations-2.9.9.jar:/home/user/.m2/repository/org/apache/hadoop/hadoop-hdds-common/0.5.0-SNAPSHOT/hadoop-hdds-common-0.5.0-SNAPSHOT.jar:/home/user/.m2/repository/javax/annotation/javax.annotation-api/1.2/javax.annotation-api-1.2.jar:/home/user/.m2/repository/org/apache/ratis/ratis-server/0.5.0-d6d58d0-SNAPSHOT/ratis-server-0.5.0-d6d58d0-SNAPSHOT.jar:/home/user/.m2/repository/org/apache/ratis/ratis-thirdparty-misc/0.2.0/ratis-thirdparty-misc-0.2.0.jar:/home/user/.m2/repository/org/apache/ratis/ratis-proto/0.5.0-d6d58d0-SNAPSHOT/ratis-proto-0.5.0-d6d58d0-SNAPSHOT.jar:/home/user/.m2/repository/org/apache/ratis/ratis-common/0.5.0-d6d58d0-SNAPSHOT/ratis-common-0.5.0-d6d58d0-SNAPSHOT.jar:/home/user/.m2/repository/org/apache/ratis/ratis-client/0.5.0-d6d58d0-SNAPSHOT/ratis-client-0.5.0-d6d58d0-SNAPSHOT.jar:/home/user/.m2/repository/org/apache/ratis/ratis-metrics/0.5.0-d6d58d0-SNAPSHOT/ratis-metrics-0.5.0-d6d58d0-SNAPSHOT.jar:/home/user/.m2/repository/org/apache/ratis/ratis-netty/0.5.0-d6d58d0-SNAPSHOT/ratis-netty-0.5.0-d6d58d0-SNAPSHOT.jar:/home/user/.m2/repository/org/apache/ratis/ratis-grpc/0.5.0-d6d58d0-SNAPSHOT/ratis-grpc-0.5.0-d6d58d0-SNAPSHOT.jar:/home/user/.m2/repository/org/rocksdb/rocksdbjni/6.0.1/rocksdbjni-6.0.1.jar:/home/user/.m2/repository/org/apache/logging/log4j/log4j-api/2.11.0/log4j-api-2.11.0.jar:/home/user/.m2/repository/org/apache/logging/log4j/log4j-core/2.11.0/log4j-core-2.11.0.jar:/home/user/.m2/repository/com/lmax/disruptor/3.4.2/disruptor-3.4.2.jar:/home/user/.m2/repository/org/apache/commons/commons-pool2/2.6.0/commons-pool2-2.6.0.jar:/home/user/.m2/repository/org/bouncycastle/bcpkix-jdk15on/1.60/bcpkix-jdk15on-1.60.jar:/home/user/.m2/repository/commons-validator/commons-validator/1.6/commons-validator-1.6.jar:/home/user/.m2/repository/commons-digester/commons-digester/1.8.1/commons-digester-1.8.1.jar:/home/user/.m2/repository/io/jaegertracing/jaeger-client/0.34.0/jaeger-client-0.34.0.jar:/home/user/.m2/repository/io/jaegertracing/jaeger-thrift/0.34.0/jaeger-thrift-0.34.0.jar:/home/user/.m2/repository/org/apache/thrift/libthrift/0.12.0/libthrift-0.12.0.jar:/home/user/.m2/repository/com/squareup/okhttp3/okhttp/3.9.0/okhttp-3.9.0.jar:/home/user/.m2/repository/com/squareup/okio/okio/1.13.0/okio-1.13.0.jar:/home/user/.m2/repository/io/jaegertracing/jaeger-core/0.34.0/jaeger-core-0.34.0.jar:/home/user/.m2/repository/io/jaegertracing/jaeger-tracerresolver/0.34.0/jaeger-tracerresolver-0.34.0.jar:/home/user/.m2/repository/io/opentracing/contrib/opentracing-tracerresolver/0.1.5/opentracing-tracerresolver-0.1.5.jar:/home/user/.m2/repository/io/opentracing/opentracing-util/0.31.0/opentracing-util-0.31.0.jar:/home/user/.m2/repository/io/opentracing/opentracing-api/0.31.0/opentracing-api-0.31.0.jar:/home/user/.m2/repository/io/opentracing/opentracing-noop/0.31.0/opentracing-noop-0.31.0.jar:/home/user/.m2/repository/org/apache/hadoop/hadoop-hdds-server-framework/0.5.0-SNAPSHOT/hadoop-hdds-server-framework-0.5.0-SNAPSHOT.jar:/home/user/.m2/repository/org/apache/hadoop/hadoop-hdds-container-service/0.5.0-SNAPSHOT/hadoop-hdds-container-service-0.5.0-SNAPSHOT.jar:/home/user/.m2/repository/org/apache/hadoop/hadoop-hdds-client/0.5.0-SNAPSHOT/hadoop-hdds-client-0.5.0-SNAPSHOT.jar:/home/user/.m2/repository/org/apache/hadoop/hadoop-hdds-tools/0.5.0-SNAPSHOT/hadoop-hdds-tools-0.5.0-SNAPSHOT.jar:/home/user/.m2/repository/org/apache/hadoop/hadoop-hdds-server-scm/0.5.0-SNAPSHOT/hadoop-hdds-server-scm-0.5.0-SNAPSHOT.jar:/home/user/.m2/repository/org/apache/hadoop/hadoop-hdds-docs/0.5.0-SNAPSHOT/hadoop-hdds-docs-0.5.0-SNAPSHOT.jar:/home/user/.m2/repository/io/dropwizard/metrics/metrics-core/3.2.4/metrics-core-3.2.4.jar:/home/user/.m2/repository/org/hamcrest/hamcrest-all/1.3/hamcrest-all-1.3.jar:/home/user/.m2/repository/org/bouncycastle/bcprov-jdk15on/1.60/bcprov-jdk15on-1.60.jar:/home/user/.m2/repository/info/picocli/picocli/3.9.6/picocli-3.9.6.jar:/home/user/.m2/repository/com/google/protobuf/protobuf-java/2.5.0/protobuf-java-2.5.0.jar:/home/user/.m2/repository/com/google/guava/guava/11.0.2/guava-11.0.2.jar:/home/user/.m2/repository/org/apache/hadoop/hadoop-ozone-ozone-manager/0.5.0-SNAPSHOT/hadoop-ozone-ozone-manager-0.5.0-SNAPSHOT.jar:/home/user/.m2/repository/org/apache/hadoop/hadoop-minikdc/3.2.0/hadoop-minikdc-3.2.0.jar:/home/user/.m2/repository/commons-io/commons-io/2.5/commons-io-2.5.jar:/home/user/.m2/repository/org/apache/kerby/kerb-simplekdc/1.0.1/kerb-simplekdc-1.0.1.jar:/home/user/.m2/repository/org/apache/kerby/kerb-client/1.0.1/kerb-client-1.0.1.jar:/home/user/.m2/repository/org/apache/kerby/kerby-config/1.0.1/kerby-config-1.0.1.jar:/home/user/.m2/repository/org/apache/kerby/kerb-core/1.0.1/kerb-core-1.0.1.jar:/home/user/.m2/repository/org/apache/kerby/kerby-pkix/1.0.1/kerby-pkix-1.0.1.jar:/home/user/.m2/repository/org/apache/kerby/kerby-asn1/1.0.1/kerby-asn1-1.0.1.jar:/home/user/.m2/repository/org/apache/kerby/kerby-util/1.0.1/kerby-util-1.0.1.jar:/home/user/.m2/repository/org/apache/kerby/kerb-common/1.0.1/kerb-common-1.0.1.jar:/home/user/.m2/repository/org/apache/kerby/kerb-crypto/1.0.1/kerb-crypto-1.0.1.jar:/home/user/.m2/repository/org/apache/kerby/kerb-util/1.0.1/kerb-util-1.0.1.jar:/home/user/.m2/repository/org/apache/kerby/token-provider/1.0.1/token-provider-1.0.1.jar:/home/user/.m2/repository/org/apache/kerby/kerb-admin/1.0.1/kerb-admin-1.0.1.jar:/home/user/.m2/repository/org/apache/kerby/kerb-server/1.0.1/kerb-server-1.0.1.jar:/home/user/.m2/repository/org/apache/kerby/kerb-identity/1.0.1/kerb-identity-1.0.1.jar:/home/user/.m2/repository/org/apache/kerby/kerby-xdr/1.0.1/kerby-xdr-1.0.1.jar:/home/user/.m2/repository/org/slf4j/slf4j-log4j12/1.7.25/slf4j-log4j12-1.7.25.jar:/home/user/.m2/repository/org/apache/hadoop/hadoop-ozone-s3gateway/0.5.0-SNAPSHOT/hadoop-ozone-s3gateway-0.5.0-SNAPSHOT.jar:/home/user/.m2/repository/org/jboss/weld/servlet/weld-servlet/2.4.7.Final/weld-servlet-2.4.7.Final.jar:/home/user/.m2/repository/org/glassfish/jersey/containers/jersey-container-servlet-core/2.27/jersey-container-servlet-core-2.27.jar:/home/user/.m2/repository/org/glassfish/hk2/external/javax.inject/2.5.0-b42/javax.inject-2.5.0-b42.jar:/home/user/.m2/repository/org/glassfish/jersey/core/jersey-common/2.27/jersey-common-2.27.jar:/home/user/.m2/repository/org/glassfish/hk2/osgi-resource-locator/1.0.1/osgi-resource-locator-1.0.1.jar:/home/user/.m2/repository/javax/ws/rs/javax.ws.rs-api/2.1/javax.ws.rs-api-2.1.jar:/home/user/.m2/repository/org/glassfish/jersey/ext/cdi/jersey-cdi1x/2.27/jersey-cdi1x-2.27.jar:/home/user/.m2/repository/org/glassfish/jersey/inject/jersey-hk2/2.27/jersey-hk2-2.27.jar:/home/user/.m2/repository/org/glassfish/hk2/hk2-locator/2.5.0-b42/hk2-locator-2.5.0-b42.jar:/home/user/.m2/repository/org/javassist/javassist/3.22.0-CR2/javassist-3.22.0-CR2.jar:/home/user/.m2/repository/org/glassfish/hk2/hk2-api/2.5.0/hk2-api-2.5.0.jar:/home/user/.m2/repository/org/glassfish/hk2/external/jakarta.inject/2.5.0/jakarta.inject-2.5.0.jar:/home/user/.m2/repository/org/glassfish/hk2/hk2-utils/2.5.0/hk2-utils-2.5.0.jar:/home/user/.m2/repository/jakarta/annotation/jakarta.annotation-api/1.3.4/jakarta.annotation-api-1.3.4.jar:/home/user/.m2/repository/org/glassfish/hk2/external/aopalliance-repackaged/2.5.0/aopalliance-repackaged-2.5.0.jar:/home/user/.m2/repository/com/fasterxml/jackson/dataformat/jackson-dataformat-xml/2.9.0/jackson-dataformat-xml-2.9.0.jar:/home/user/.m2/repository/com/fasterxml/jackson/core/jackson-core/2.9.9/jackson-core-2.9.9.jar:/home/user/.m2/repository/com/fasterxml/jackson/module/jackson-module-jaxb-annotations/2.9.9/jackson-module-jaxb-annotations-2.9.9.jar:/home/user/.m2/repository/javax/enterprise/cdi-api/1.2/cdi-api-1.2.jar:/home/user/.m2/repository/javax/el/javax.el-api/3.0.0/javax.el-api-3.0.0.jar:/home/user/.m2/repository/javax/interceptor/javax.interceptor-api/1.2/javax.interceptor-api-1.2.jar:/home/user/.m2/repository/javax/inject/javax.inject/1/javax.inject-1.jar:/home/user/.m2/repository/com/sun/xml/bind/jaxb-impl/2.3.0.1/jaxb-impl-2.3.0.1.jar:/home/user/.m2/repository/com/sun/xml/bind/jaxb-core/2.3.0.1/jaxb-core-2.3.0.1.jar:/home/user/.m2/repository/javax/xml/bind/jaxb-api/2.3.0/jaxb-api-2.3.0.jar:/home/user/.m2/repository/javax/activation/activation/1.1.1/activation-1.1.1.jar:/home/user/.m2/repository/org/apache/hadoop/hadoop-ozone-csi/0.5.0-SNAPSHOT/hadoop-ozone-csi-0.5.0-SNAPSHOT.jar:/home/user/.m2/repository/com/google/protobuf/protobuf-java-util/3.5.1/protobuf-java-util-3.5.1.jar:/home/user/.m2/repository/org/apache/hadoop/hadoop-hdds-config/0.5.0-SNAPSHOT/hadoop-hdds-config-0.5.0-SNAPSHOT.jar:/home/user/.m2/repository/io/grpc/grpc-netty/1.17.1/grpc-netty-1.17.1.jar:/home/user/.m2/repository/io/grpc/grpc-core/1.17.1/grpc-core-1.17.1.jar:/home/user/.m2/repository/io/grpc/grpc-context/1.17.1/grpc-context-1.17.1.jar:/home/user/.m2/repository/com/google/errorprone/error_prone_annotations/2.2.0/error_prone_annotations-2.2.0.jar:/home/user/.m2/repository/org/codehaus/mojo/animal-sniffer-annotations/1.17/animal-sniffer-annotations-1.17.jar:/home/user/.m2/repository/io/opencensus/opencensus-api/0.17.0/opencensus-api-0.17.0.jar:/home/user/.m2/repository/io/opencensus/opencensus-contrib-grpc-metrics/0.17.0/opencensus-contrib-grpc-metrics-0.17.0.jar:/home/user/.m2/repository/io/netty/netty-codec-http2/4.1.30.Final/netty-codec-http2-4.1.30.Final.jar:/home/user/.m2/repository/io/netty/netty-codec-http/4.1.30.Final/netty-codec-http-4.1.30.Final.jar:/home/user/.m2/repository/io/netty/netty-codec/4.1.30.Final/netty-codec-4.1.30.Final.jar:/home/user/.m2/repository/io/netty/netty-handler/4.1.30.Final/netty-handler-4.1.30.Final.jar:/home/user/.m2/repository/io/netty/netty-handler-proxy/4.1.30.Final/netty-handler-proxy-4.1.30.Final.jar:/home/user/.m2/repository/io/netty/netty-codec-socks/4.1.30.Final/netty-codec-socks-4.1.30.Final.jar:/home/user/.m2/repository/io/netty/netty-transport-native-epoll/4.1.30.Final/netty-transport-native-epoll-4.1.30.Final.jar:/home/user/.m2/repository/io/netty/netty-common/4.1.30.Final/netty-common-4.1.30.Final.jar:/home/user/.m2/repository/io/netty/netty-buffer/4.1.30.Final/netty-buffer-4.1.30.Final.jar:/home/user/.m2/repository/io/netty/netty-transport/4.1.30.Final/netty-transport-4.1.30.Final.jar:/home/user/.m2/repository/io/netty/netty-resolver/4.1.30.Final/netty-resolver-4.1.30.Final.jar:/home/user/.m2/repository/io/netty/netty-transport-native-unix-common/4.1.30.Final/netty-transport-native-unix-common-4.1.30.Final.jar:/home/user/.m2/repository/io/grpc/grpc-protobuf/1.17.1/grpc-protobuf-1.17.1.jar:/home/user/.m2/repository/com/google/api/grpc/proto-google-common-protos/1.0.0/proto-google-common-protos-1.0.0.jar:/home/user/.m2/repository/io/grpc/grpc-protobuf-lite/1.17.1/grpc-protobuf-lite-1.17.1.jar:/home/user/.m2/repository/io/grpc/grpc-stub/1.17.1/grpc-stub-1.17.1.jar:/home/user/.m2/repository/org/apache/hadoop/hadoop-ozone-recon/0.5.0-SNAPSHOT/hadoop-ozone-recon-0.5.0-SNAPSHOT.jar:/home/user/.m2/repository/org/apache/hadoop/hadoop-ozone-reconcodegen/0.5.0-SNAPSHOT/hadoop-ozone-reconcodegen-0.5.0-SNAPSHOT.jar:/home/user/.m2/repository/com/google/inject/extensions/guice-multibindings/4.0/guice-multibindings-4.0.jar:/home/user/.m2/repository/com/google/inject/guice/4.0/guice-4.0.jar:/home/user/.m2/repository/aopalliance/aopalliance/1.0/aopalliance-1.0.jar:/home/user/.m2/repository/com/google/inject/extensions/guice-servlet/4.0/guice-servlet-4.0.jar:/home/user/.m2/repository/org/glassfish/jersey/containers/jersey-container-servlet/2.27/jersey-container-servlet-2.27.jar:/home/user/.m2/repository/org/glassfish/hk2/guice-bridge/2.5.0/guice-bridge-2.5.0.jar:/home/user/.m2/repository/org/glassfish/jersey/core/jersey-server/2.27/jersey-server-2.27.jar:/home/user/.m2/repository/org/glassfish/jersey/core/jersey-client/2.27/jersey-client-2.27.jar:/home/user/.m2/repository/org/glassfish/jersey/media/jersey-media-jaxb/2.27/jersey-media-jaxb-2.27.jar:/home/user/.m2/repository/javax/validation/validation-api/1.1.0.Final/validation-api-1.1.0.Final.jar:/home/user/.m2/repository/org/glassfish/jersey/media/jersey-media-json-jackson/2.27/jersey-media-json-jackson-2.27.jar:/home/user/.m2/repository/org/glassfish/jersey/ext/jersey-entity-filtering/2.27/jersey-entity-filtering-2.27.jar:/home/user/.m2/repository/com/google/inject/extensions/guice-assistedinject/4.0/guice-assistedinject-4.0.jar:/home/user/.m2/repository/org/jooq/jooq/3.11.10/jooq-3.11.10.jar:/home/user/.m2/repository/org/jooq/jooq-meta/3.11.10/jooq-meta-3.11.10.jar:/home/user/.m2/repository/org/jooq/jooq-codegen/3.11.10/jooq-codegen-3.11.10.jar:/home/user/.m2/repository/com/jolbox/bonecp/0.8.0.RELEASE/bonecp-0.8.0.RELEASE.jar:/home/user/.m2/repository/org/xerial/sqlite-jdbc/3.25.2/sqlite-jdbc-3.25.2.jar:/home/user/.m2/repository/org/springframework/spring-jdbc/5.1.3.RELEASE/spring-jdbc-5.1.3.RELEASE.jar:/home/user/.m2/repository/org/springframework/spring-beans/5.1.3.RELEASE/spring-beans-5.1.3.RELEASE.jar:/home/user/.m2/repository/org/springframework/spring-core/5.1.3.RELEASE/spring-core-5.1.3.RELEASE.jar:/home/user/.m2/repository/org/springframework/spring-jcl/5.1.3.RELEASE/spring-jcl-5.1.3.RELEASE.jar:/home/user/.m2/repository/org/springframework/spring-tx/5.1.3.RELEASE/spring-tx-5.1.3.RELEASE.jar:/home/user/.m2/repository/org/apache/hadoop/hadoop-ozone-client/0.5.0-SNAPSHOT/hadoop-ozone-client-0.5.0-SNAPSHOT.jar:/home/user/.m2/repository/commons-lang/commons-lang/2.6/commons-lang-2.6.jar:/home/user/.m2/repository/org/apache/hadoop/hadoop-ozone-ozone-manager/0.5.0-SNAPSHOT/hadoop-ozone-ozone-manager-0.5.0-SNAPSHOT-tests.jar:/home/user/.m2/repository/junit/junit/4.11/junit-4.11.jar:/home/user/.m2/repository/org/hamcrest/hamcrest-core/1.3/hamcrest-core-1.3.jar:/home/user/.m2/repository/org/openjdk/jmh/jmh-core/1.19/jmh-core-1.19.jar:/home/user/.m2/repository/net/sf/jopt-simple/jopt-simple/4.6/jopt-simple-4.6.jar:/home/user/.m2/repository/org/apache/commons/commons-math3/3.1.1/commons-math3-3.1.1.jar:/home/user/.m2/repository/org/openjdk/jmh/jmh-generator-annprocess/1.19/jmh-generator-annprocess-1.19.jar:/home/user/.m2/repository/org/mockito/mockito-all/1.8.5/mockito-all-1.8.5.jar:/home/user/.m2/repository/org/apache/hadoop/hadoop-kms/3.2.0/hadoop-kms-3.2.0.jar:/home/user/.m2/repository/org/apache/hadoop/hadoop-auth/3.2.0/hadoop-auth-3.2.0.jar:/home/user/.m2/repository/com/nimbusds/nimbus-jose-jwt/4.41.1/nimbus-jose-jwt-4.41.1.jar:/home/user/.m2/repository/com/github/stephenc/jcip/jcip-annotations/1.0-1/jcip-annotations-1.0-1.jar:/home/user/.m2/repository/net/minidev/json-smart/2.3/json-smart-2.3.jar:/home/user/.m2/repository/net/minidev/accessors-smart/1.2/accessors-smart-1.2.jar:/home/user/.m2/repository/org/ow2/asm/asm/5.0.4/asm-5.0.4.jar:/home/user/.m2/repository/org/apache/curator/curator-framework/2.12.0/curator-framework-2.12.0.jar:/home/user/.m2/repository/com/sun/jersey/jersey-core/1.19/jersey-core-1.19.jar:/home/user/.m2/repository/javax/ws/rs/jsr311-api/1.1.1/jsr311-api-1.1.1.jar:/home/user/.m2/repository/com/sun/jersey/jersey-server/1.19/jersey-server-1.19.jar:/home/user/.m2/repository/javax/servlet/javax.servlet-api/3.1.0/javax.servlet-api-3.1.0.jar:/home/user/.m2/repository/org/eclipse/jetty/jetty-server/9.3.25.v20180904/jetty-server-9.3.25.v20180904.jar:/home/user/.m2/repository/org/eclipse/jetty/jetty-http/9.3.25.v20180904/jetty-http-9.3.25.v20180904.jar:/home/user/.m2/repository/org/eclipse/jetty/jetty-io/9.3.25.v20180904/jetty-io-9.3.25.v20180904.jar:/home/user/.m2/repository/org/eclipse/jetty/jetty-webapp/9.3.25.v20180904/jetty-webapp-9.3.25.v20180904.jar:/home/user/.m2/repository/org/eclipse/jetty/jetty-xml/9.3.25.v20180904/jetty-xml-9.3.25.v20180904.jar:/home/user/.m2/repository/log4j/log4j/1.2.17/log4j-1.2.17.jar:/home/user/.m2/repository/org/slf4j/slf4j-api/1.7.25/slf4j-api-1.7.25.jar:/home/user/.m2/repository/org/slf4j/jul-to-slf4j/1.7.25/jul-to-slf4j-1.7.25.jar:/home/user/.m2/repository/org/eclipse/jetty/jetty-util/9.3.25.v20180904/jetty-util-9.3.25.v20180904.jar:/home/user/.m2/repository/com/fasterxml/jackson/core/jackson-databind/2.9.9/jackson-databind-2.9.9.jar:/home/user/.m2/repository/org/apache/hadoop/hadoop-kms/3.2.0/hadoop-kms-3.2.0-tests.jar:/home/user/.m2/repository/org/apache/hadoop/hadoop-hdds-server-scm/0.5.0-SNAPSHOT/hadoop-hdds-server-scm-0.5.0-SNAPSHOT-tests.jar:/home/user/.m2/repository/org/apache/hadoop/hadoop-hdds-container-service/0.5.0-SNAPSHOT/hadoop-hdds-container-service-0.5.0-SNAPSHOT-tests.jar:/home/user/.m2/repository/org/yaml/snakeyaml/1.16/snakeyaml-1.16.jar:/home/user/.m2/repository/org/apache/hadoop/hadoop-common/3.2.0/hadoop-common-3.2.0-tests.jar:/home/user/.m2/repository/org/apache/hadoop/hadoop-annotations/3.2.0/hadoop-annotations-3.2.0.jar:/usr/lib/jvm/java-1.8.0-openjdk-1.8.0.222.b10-1.el7_7.x86_64/jre/../lib/tools.jar:/home/user/.m2/repository/commons-cli/commons-cli/1.2/commons-cli-1.2.jar:/home/user/.m2/repository/org/apache/httpcomponents/httpclient/4.5.2/httpclient-4.5.2.jar:/home/user/.m2/repository/org/apache/httpcomponents/httpcore/4.4.4/httpcore-4.4.4.jar:/home/user/.m2/repository/commons-codec/commons-codec/1.11/commons-codec-1.11.jar:/home/user/.m2/repository/commons-net/commons-net/3.6/commons-net-3.6.jar:/home/user/.m2/repository/commons-collections/commons-collections/3.2.2/commons-collections-3.2.2.jar:/home/user/.m2/repository/org/eclipse/jetty/jetty-servlet/9.3.25.v20180904/jetty-servlet-9.3.25.v20180904.jar:/home/user/.m2/repository/org/eclipse/jetty/jetty-security/9.3.25.v20180904/jetty-security-9.3.25.v20180904.jar:/home/user/.m2/repository/javax/servlet/jsp/jsp-api/2.1/jsp-api-2.1.jar:/home/user/.m2/repository/com/sun/jersey/jersey-servlet/1.19/jersey-servlet-1.19.jar:/home/user/.m2/repository/com/sun/jersey/jersey-json/1.19/jersey-json-1.19.jar:/home/user/.m2/repository/org/codehaus/jettison/jettison/1.1/jettison-1.1.jar:/home/user/.m2/repository/org/codehaus/jackson/jackson-core-asl/1.9.13/jackson-core-asl-1.9.13.jar:/home/user/.m2/repository/org/codehaus/jackson/jackson-mapper-asl/1.9.13/jackson-mapper-asl-1.9.13.jar:/home/user/.m2/repository/org/codehaus/jackson/jackson-jaxrs/1.9.13/jackson-jaxrs-1.9.13.jar:/home/user/.m2/repository/org/codehaus/jackson/jackson-xc/1.9.13/jackson-xc-1.9.13.jar:/home/user/.m2/repository/commons-logging/commons-logging/1.1.3/commons-logging-1.1.3.jar:/home/user/.m2/repository/commons-beanutils/commons-beanutils/1.9.4/commons-beanutils-1.9.4.jar:/home/user/.m2/repository/org/apache/commons/commons-configuration2/2.1.1/commons-configuration2-2.1.1.jar:/home/user/.m2/repository/org/apache/commons/commons-lang3/3.7/commons-lang3-3.7.jar:/home/user/.m2/repository/org/apache/commons/commons-text/1.4/commons-text-1.4.jar:/home/user/.m2/repository/org/apache/avro/avro/1.7.7/avro-1.7.7.jar:/home/user/.m2/repository/com/thoughtworks/paranamer/paranamer/2.3/paranamer-2.3.jar:/home/user/.m2/repository/org/xerial/snappy/snappy-java/1.0.5/snappy-java-1.0.5.jar:/home/user/.m2/repository/com/google/re2j/re2j/1.1/re2j-1.1.jar:/home/user/.m2/repository/com/google/code/gson/gson/2.2.4/gson-2.2.4.jar:/home/user/.m2/repository/com/jcraft/jsch/0.1.54/jsch-0.1.54.jar:/home/user/.m2/repository/org/apache/curator/curator-client/2.12.0/curator-client-2.12.0.jar:/home/user/.m2/repository/org/apache/curator/curator-recipes/2.12.0/curator-recipes-2.12.0.jar:/home/user/.m2/repository/com/google/code/findbugs/jsr305/3.0.0/jsr305-3.0.0.jar:/home/user/.m2/repository/org/apache/htrace/htrace-core4/4.1.0-incubating/htrace-core4-4.1.0-incubating.jar:/home/user/.m2/repository/org/apache/zookeeper/zookeeper/3.4.13/zookeeper-3.4.13.jar:/home/user/.m2/repository/jline/jline/0.9.94/jline-0.9.94.jar:/home/user/.m2/repository/org/apache/yetus/audience-annotations/0.5.0/audience-annotations-0.5.0.jar:/home/user/.m2/repository/org/codehaus/woodstox/stax2-api/3.1.4/stax2-api-3.1.4.jar:/home/user/.m2/repository/com/fasterxml/woodstox/woodstox-core/5.0.3/woodstox-core-5.0.3.jar:/home/user/.m2/repository/dnsjava/dnsjava/2.1.7/dnsjava-2.1.7.jar:/home/user/.m2/repository/org/apache/hadoop/hadoop-hdfs/3.2.0/hadoop-hdfs-3.2.0-tests.jar:/home/user/.m2/repository/org/eclipse/jetty/jetty-util-ajax/9.3.25.v20180904/jetty-util-ajax-9.3.25.v20180904.jar:/home/user/.m2/repository/commons-daemon/commons-daemon/1.0.13/commons-daemon-1.0.13.jar:/home/user/.m2/repository/io/netty/netty/3.10.5.Final/netty-3.10.5.Final.jar:/home/user/.m2/repository/io/netty/netty-all/4.0.52.Final/netty-all-4.0.52.Final.jar:/home/user/.m2/repository/org/fusesource/leveldbjni/leveldbjni-all/1.8/leveldbjni-all-1.8.jar:"/>
    <property name="java.vm.vendor" value="Oracle Corporation"/>
    <property name="sun.arch.data.model" value="64"/>
    <property name="test.build.dir" value="/workdir/hadoop-ozone/integration-test/target/test-dir"/>
    <property name="test.cache.data" value=""/>
    <property name="java.vendor.url" value="http://java.oracle.com/"/>
    <property name="user.timezone" value=""/>
    <property name="java.vm.specification.version" value="1.8"/>
    <property name="os.name" value="Linux"/>
    <property name="test.build.data" value="/workdir/hadoop-ozone/integration-test/target/test-dir"/>
    <property name="user.country" value="US"/>
    <property name="sun.java.launcher" value="SUN_STANDARD"/>
    <property name="sun.boot.library.path" value="/usr/lib/jvm/java-1.8.0-openjdk-1.8.0.222.b10-1.el7_7.x86_64/jre/lib/amd64"/>
    <property name="sun.java.command" value="/workdir/hadoop-ozone/integration-test/target/surefire/surefirebooter2416541712720940860.jar /workdir/hadoop-ozone/integration-test/target/surefire 2019-11-14T12-21-08_879-jvmRun1 surefire8703414065408365674tmp surefire_647627408269467577007tmp"/>
    <property name="surefire.test.class.path" value="/workdir/hadoop-ozone/integration-test/target/test-classes:/workdir/hadoop-ozone/integration-test/target/classes:/home/user/.m2/repository/org/apache/hadoop/hadoop-ozone-common/0.5.0-SNAPSHOT/hadoop-ozone-common-0.5.0-SNAPSHOT.jar:/home/user/.m2/repository/org/apache/commons/commons-compress/1.4.1/commons-compress-1.4.1.jar:/home/user/.m2/repository/org/tukaani/xz/1.0/xz-1.0.jar:/home/user/.m2/repository/org/apache/hadoop/hadoop-common/3.2.0/hadoop-common-3.2.0.jar:/home/user/.m2/repository/org/apache/hadoop/hadoop-hdfs/3.2.0/hadoop-hdfs-3.2.0.jar:/home/user/.m2/repository/org/apache/hadoop/hadoop-hdfs-client/3.2.0/hadoop-hdfs-client-3.2.0.jar:/home/user/.m2/repository/com/fasterxml/jackson/core/jackson-annotations/2.9.9/jackson-annotations-2.9.9.jar:/home/user/.m2/repository/org/apache/hadoop/hadoop-hdds-common/0.5.0-SNAPSHOT/hadoop-hdds-common-0.5.0-SNAPSHOT.jar:/home/user/.m2/repository/javax/annotation/javax.annotation-api/1.2/javax.annotation-api-1.2.jar:/home/user/.m2/repository/org/apache/ratis/ratis-server/0.5.0-d6d58d0-SNAPSHOT/ratis-server-0.5.0-d6d58d0-SNAPSHOT.jar:/home/user/.m2/repository/org/apache/ratis/ratis-thirdparty-misc/0.2.0/ratis-thirdparty-misc-0.2.0.jar:/home/user/.m2/repository/org/apache/ratis/ratis-proto/0.5.0-d6d58d0-SNAPSHOT/ratis-proto-0.5.0-d6d58d0-SNAPSHOT.jar:/home/user/.m2/repository/org/apache/ratis/ratis-common/0.5.0-d6d58d0-SNAPSHOT/ratis-common-0.5.0-d6d58d0-SNAPSHOT.jar:/home/user/.m2/repository/org/apache/ratis/ratis-client/0.5.0-d6d58d0-SNAPSHOT/ratis-client-0.5.0-d6d58d0-SNAPSHOT.jar:/home/user/.m2/repository/org/apache/ratis/ratis-metrics/0.5.0-d6d58d0-SNAPSHOT/ratis-metrics-0.5.0-d6d58d0-SNAPSHOT.jar:/home/user/.m2/repository/org/apache/ratis/ratis-netty/0.5.0-d6d58d0-SNAPSHOT/ratis-netty-0.5.0-d6d58d0-SNAPSHOT.jar:/home/user/.m2/repository/org/apache/ratis/ratis-grpc/0.5.0-d6d58d0-SNAPSHOT/ratis-grpc-0.5.0-d6d58d0-SNAPSHOT.jar:/home/user/.m2/repository/org/rocksdb/rocksdbjni/6.0.1/rocksdbjni-6.0.1.jar:/home/user/.m2/repository/org/apache/logging/log4j/log4j-api/2.11.0/log4j-api-2.11.0.jar:/home/user/.m2/repository/org/apache/logging/log4j/log4j-core/2.11.0/log4j-core-2.11.0.jar:/home/user/.m2/repository/com/lmax/disruptor/3.4.2/disruptor-3.4.2.jar:/home/user/.m2/repository/org/apache/commons/commons-pool2/2.6.0/commons-pool2-2.6.0.jar:/home/user/.m2/repository/org/bouncycastle/bcpkix-jdk15on/1.60/bcpkix-jdk15on-1.60.jar:/home/user/.m2/repository/commons-validator/commons-validator/1.6/commons-validator-1.6.jar:/home/user/.m2/repository/commons-digester/commons-digester/1.8.1/commons-digester-1.8.1.jar:/home/user/.m2/repository/io/jaegertracing/jaeger-client/0.34.0/jaeger-client-0.34.0.jar:/home/user/.m2/repository/io/jaegertracing/jaeger-thrift/0.34.0/jaeger-thrift-0.34.0.jar:/home/user/.m2/repository/org/apache/thrift/libthrift/0.12.0/libthrift-0.12.0.jar:/home/user/.m2/repository/com/squareup/okhttp3/okhttp/3.9.0/okhttp-3.9.0.jar:/home/user/.m2/repository/com/squareup/okio/okio/1.13.0/okio-1.13.0.jar:/home/user/.m2/repository/io/jaegertracing/jaeger-core/0.34.0/jaeger-core-0.34.0.jar:/home/user/.m2/repository/io/jaegertracing/jaeger-tracerresolver/0.34.0/jaeger-tracerresolver-0.34.0.jar:/home/user/.m2/repository/io/opentracing/contrib/opentracing-tracerresolver/0.1.5/opentracing-tracerresolver-0.1.5.jar:/home/user/.m2/repository/io/opentracing/opentracing-util/0.31.0/opentracing-util-0.31.0.jar:/home/user/.m2/repository/io/opentracing/opentracing-api/0.31.0/opentracing-api-0.31.0.jar:/home/user/.m2/repository/io/opentracing/opentracing-noop/0.31.0/opentracing-noop-0.31.0.jar:/home/user/.m2/repository/org/apache/hadoop/hadoop-hdds-server-framework/0.5.0-SNAPSHOT/hadoop-hdds-server-framework-0.5.0-SNAPSHOT.jar:/home/user/.m2/repository/org/apache/hadoop/hadoop-hdds-container-service/0.5.0-SNAPSHOT/hadoop-hdds-container-service-0.5.0-SNAPSHOT.jar:/home/user/.m2/repository/org/apache/hadoop/hadoop-hdds-client/0.5.0-SNAPSHOT/hadoop-hdds-client-0.5.0-SNAPSHOT.jar:/home/user/.m2/repository/org/apache/hadoop/hadoop-hdds-tools/0.5.0-SNAPSHOT/hadoop-hdds-tools-0.5.0-SNAPSHOT.jar:/home/user/.m2/repository/org/apache/hadoop/hadoop-hdds-server-scm/0.5.0-SNAPSHOT/hadoop-hdds-server-scm-0.5.0-SNAPSHOT.jar:/home/user/.m2/repository/org/apache/hadoop/hadoop-hdds-docs/0.5.0-SNAPSHOT/hadoop-hdds-docs-0.5.0-SNAPSHOT.jar:/home/user/.m2/repository/io/dropwizard/metrics/metrics-core/3.2.4/metrics-core-3.2.4.jar:/home/user/.m2/repository/org/hamcrest/hamcrest-all/1.3/hamcrest-all-1.3.jar:/home/user/.m2/repository/org/bouncycastle/bcprov-jdk15on/1.60/bcprov-jdk15on-1.60.jar:/home/user/.m2/repository/info/picocli/picocli/3.9.6/picocli-3.9.6.jar:/home/user/.m2/repository/com/google/protobuf/protobuf-java/2.5.0/protobuf-java-2.5.0.jar:/home/user/.m2/repository/com/google/guava/guava/11.0.2/guava-11.0.2.jar:/home/user/.m2/repository/org/apache/hadoop/hadoop-ozone-ozone-manager/0.5.0-SNAPSHOT/hadoop-ozone-ozone-manager-0.5.0-SNAPSHOT.jar:/home/user/.m2/repository/org/apache/hadoop/hadoop-minikdc/3.2.0/hadoop-minikdc-3.2.0.jar:/home/user/.m2/repository/commons-io/commons-io/2.5/commons-io-2.5.jar:/home/user/.m2/repository/org/apache/kerby/kerb-simplekdc/1.0.1/kerb-simplekdc-1.0.1.jar:/home/user/.m2/repository/org/apache/kerby/kerb-client/1.0.1/kerb-client-1.0.1.jar:/home/user/.m2/repository/org/apache/kerby/kerby-config/1.0.1/kerby-config-1.0.1.jar:/home/user/.m2/repository/org/apache/kerby/kerb-core/1.0.1/kerb-core-1.0.1.jar:/home/user/.m2/repository/org/apache/kerby/kerby-pkix/1.0.1/kerby-pkix-1.0.1.jar:/home/user/.m2/repository/org/apache/kerby/kerby-asn1/1.0.1/kerby-asn1-1.0.1.jar:/home/user/.m2/repository/org/apache/kerby/kerby-util/1.0.1/kerby-util-1.0.1.jar:/home/user/.m2/repository/org/apache/kerby/kerb-common/1.0.1/kerb-common-1.0.1.jar:/home/user/.m2/repository/org/apache/kerby/kerb-crypto/1.0.1/kerb-crypto-1.0.1.jar:/home/user/.m2/repository/org/apache/kerby/kerb-util/1.0.1/kerb-util-1.0.1.jar:/home/user/.m2/repository/org/apache/kerby/token-provider/1.0.1/token-provider-1.0.1.jar:/home/user/.m2/repository/org/apache/kerby/kerb-admin/1.0.1/kerb-admin-1.0.1.jar:/home/user/.m2/repository/org/apache/kerby/kerb-server/1.0.1/kerb-server-1.0.1.jar:/home/user/.m2/repository/org/apache/kerby/kerb-identity/1.0.1/kerb-identity-1.0.1.jar:/home/user/.m2/repository/org/apache/kerby/kerby-xdr/1.0.1/kerby-xdr-1.0.1.jar:/home/user/.m2/repository/org/slf4j/slf4j-log4j12/1.7.25/slf4j-log4j12-1.7.25.jar:/home/user/.m2/repository/org/apache/hadoop/hadoop-ozone-s3gateway/0.5.0-SNAPSHOT/hadoop-ozone-s3gateway-0.5.0-SNAPSHOT.jar:/home/user/.m2/repository/org/jboss/weld/servlet/weld-servlet/2.4.7.Final/weld-servlet-2.4.7.Final.jar:/home/user/.m2/repository/org/glassfish/jersey/containers/jersey-container-servlet-core/2.27/jersey-container-servlet-core-2.27.jar:/home/user/.m2/repository/org/glassfish/hk2/external/javax.inject/2.5.0-b42/javax.inject-2.5.0-b42.jar:/home/user/.m2/repository/org/glassfish/jersey/core/jersey-common/2.27/jersey-common-2.27.jar:/home/user/.m2/repository/org/glassfish/hk2/osgi-resource-locator/1.0.1/osgi-resource-locator-1.0.1.jar:/home/user/.m2/repository/javax/ws/rs/javax.ws.rs-api/2.1/javax.ws.rs-api-2.1.jar:/home/user/.m2/repository/org/glassfish/jersey/ext/cdi/jersey-cdi1x/2.27/jersey-cdi1x-2.27.jar:/home/user/.m2/repository/org/glassfish/jersey/inject/jersey-hk2/2.27/jersey-hk2-2.27.jar:/home/user/.m2/repository/org/glassfish/hk2/hk2-locator/2.5.0-b42/hk2-locator-2.5.0-b42.jar:/home/user/.m2/repository/org/javassist/javassist/3.22.0-CR2/javassist-3.22.0-CR2.jar:/home/user/.m2/repository/org/glassfish/hk2/hk2-api/2.5.0/hk2-api-2.5.0.jar:/home/user/.m2/repository/org/glassfish/hk2/external/jakarta.inject/2.5.0/jakarta.inject-2.5.0.jar:/home/user/.m2/repository/org/glassfish/hk2/hk2-utils/2.5.0/hk2-utils-2.5.0.jar:/home/user/.m2/repository/jakarta/annotation/jakarta.annotation-api/1.3.4/jakarta.annotation-api-1.3.4.jar:/home/user/.m2/repository/org/glassfish/hk2/external/aopalliance-repackaged/2.5.0/aopalliance-repackaged-2.5.0.jar:/home/user/.m2/repository/com/fasterxml/jackson/dataformat/jackson-dataformat-xml/2.9.0/jackson-dataformat-xml-2.9.0.jar:/home/user/.m2/repository/com/fasterxml/jackson/core/jackson-core/2.9.9/jackson-core-2.9.9.jar:/home/user/.m2/repository/com/fasterxml/jackson/module/jackson-module-jaxb-annotations/2.9.9/jackson-module-jaxb-annotations-2.9.9.jar:/home/user/.m2/repository/javax/enterprise/cdi-api/1.2/cdi-api-1.2.jar:/home/user/.m2/repository/javax/el/javax.el-api/3.0.0/javax.el-api-3.0.0.jar:/home/user/.m2/repository/javax/interceptor/javax.interceptor-api/1.2/javax.interceptor-api-1.2.jar:/home/user/.m2/repository/javax/inject/javax.inject/1/javax.inject-1.jar:/home/user/.m2/repository/com/sun/xml/bind/jaxb-impl/2.3.0.1/jaxb-impl-2.3.0.1.jar:/home/user/.m2/repository/com/sun/xml/bind/jaxb-core/2.3.0.1/jaxb-core-2.3.0.1.jar:/home/user/.m2/repository/javax/xml/bind/jaxb-api/2.3.0/jaxb-api-2.3.0.jar:/home/user/.m2/repository/javax/activation/activation/1.1.1/activation-1.1.1.jar:/home/user/.m2/repository/org/apache/hadoop/hadoop-ozone-csi/0.5.0-SNAPSHOT/hadoop-ozone-csi-0.5.0-SNAPSHOT.jar:/home/user/.m2/repository/com/google/protobuf/protobuf-java-util/3.5.1/protobuf-java-util-3.5.1.jar:/home/user/.m2/repository/org/apache/hadoop/hadoop-hdds-config/0.5.0-SNAPSHOT/hadoop-hdds-config-0.5.0-SNAPSHOT.jar:/home/user/.m2/repository/io/grpc/grpc-netty/1.17.1/grpc-netty-1.17.1.jar:/home/user/.m2/repository/io/grpc/grpc-core/1.17.1/grpc-core-1.17.1.jar:/home/user/.m2/repository/io/grpc/grpc-context/1.17.1/grpc-context-1.17.1.jar:/home/user/.m2/repository/com/google/errorprone/error_prone_annotations/2.2.0/error_prone_annotations-2.2.0.jar:/home/user/.m2/repository/org/codehaus/mojo/animal-sniffer-annotations/1.17/animal-sniffer-annotations-1.17.jar:/home/user/.m2/repository/io/opencensus/opencensus-api/0.17.0/opencensus-api-0.17.0.jar:/home/user/.m2/repository/io/opencensus/opencensus-contrib-grpc-metrics/0.17.0/opencensus-contrib-grpc-metrics-0.17.0.jar:/home/user/.m2/repository/io/netty/netty-codec-http2/4.1.30.Final/netty-codec-http2-4.1.30.Final.jar:/home/user/.m2/repository/io/netty/netty-codec-http/4.1.30.Final/netty-codec-http-4.1.30.Final.jar:/home/user/.m2/repository/io/netty/netty-codec/4.1.30.Final/netty-codec-4.1.30.Final.jar:/home/user/.m2/repository/io/netty/netty-handler/4.1.30.Final/netty-handler-4.1.30.Final.jar:/home/user/.m2/repository/io/netty/netty-handler-proxy/4.1.30.Final/netty-handler-proxy-4.1.30.Final.jar:/home/user/.m2/repository/io/netty/netty-codec-socks/4.1.30.Final/netty-codec-socks-4.1.30.Final.jar:/home/user/.m2/repository/io/netty/netty-transport-native-epoll/4.1.30.Final/netty-transport-native-epoll-4.1.30.Final.jar:/home/user/.m2/repository/io/netty/netty-common/4.1.30.Final/netty-common-4.1.30.Final.jar:/home/user/.m2/repository/io/netty/netty-buffer/4.1.30.Final/netty-buffer-4.1.30.Final.jar:/home/user/.m2/repository/io/netty/netty-transport/4.1.30.Final/netty-transport-4.1.30.Final.jar:/home/user/.m2/repository/io/netty/netty-resolver/4.1.30.Final/netty-resolver-4.1.30.Final.jar:/home/user/.m2/repository/io/netty/netty-transport-native-unix-common/4.1.30.Final/netty-transport-native-unix-common-4.1.30.Final.jar:/home/user/.m2/repository/io/grpc/grpc-protobuf/1.17.1/grpc-protobuf-1.17.1.jar:/home/user/.m2/repository/com/google/api/grpc/proto-google-common-protos/1.0.0/proto-google-common-protos-1.0.0.jar:/home/user/.m2/repository/io/grpc/grpc-protobuf-lite/1.17.1/grpc-protobuf-lite-1.17.1.jar:/home/user/.m2/repository/io/grpc/grpc-stub/1.17.1/grpc-stub-1.17.1.jar:/home/user/.m2/repository/org/apache/hadoop/hadoop-ozone-recon/0.5.0-SNAPSHOT/hadoop-ozone-recon-0.5.0-SNAPSHOT.jar:/home/user/.m2/repository/org/apache/hadoop/hadoop-ozone-reconcodegen/0.5.0-SNAPSHOT/hadoop-ozone-reconcodegen-0.5.0-SNAPSHOT.jar:/home/user/.m2/repository/com/google/inject/extensions/guice-multibindings/4.0/guice-multibindings-4.0.jar:/home/user/.m2/repository/com/google/inject/guice/4.0/guice-4.0.jar:/home/user/.m2/repository/aopalliance/aopalliance/1.0/aopalliance-1.0.jar:/home/user/.m2/repository/com/google/inject/extensions/guice-servlet/4.0/guice-servlet-4.0.jar:/home/user/.m2/repository/org/glassfish/jersey/containers/jersey-container-servlet/2.27/jersey-container-servlet-2.27.jar:/home/user/.m2/repository/org/glassfish/hk2/guice-bridge/2.5.0/guice-bridge-2.5.0.jar:/home/user/.m2/repository/org/glassfish/jersey/core/jersey-server/2.27/jersey-server-2.27.jar:/home/user/.m2/repository/org/glassfish/jersey/core/jersey-client/2.27/jersey-client-2.27.jar:/home/user/.m2/repository/org/glassfish/jersey/media/jersey-media-jaxb/2.27/jersey-media-jaxb-2.27.jar:/home/user/.m2/repository/javax/validation/validation-api/1.1.0.Final/validation-api-1.1.0.Final.jar:/home/user/.m2/repository/org/glassfish/jersey/media/jersey-media-json-jackson/2.27/jersey-media-json-jackson-2.27.jar:/home/user/.m2/repository/org/glassfish/jersey/ext/jersey-entity-filtering/2.27/jersey-entity-filtering-2.27.jar:/home/user/.m2/repository/com/google/inject/extensions/guice-assistedinject/4.0/guice-assistedinject-4.0.jar:/home/user/.m2/repository/org/jooq/jooq/3.11.10/jooq-3.11.10.jar:/home/user/.m2/repository/org/jooq/jooq-meta/3.11.10/jooq-meta-3.11.10.jar:/home/user/.m2/repository/org/jooq/jooq-codegen/3.11.10/jooq-codegen-3.11.10.jar:/home/user/.m2/repository/com/jolbox/bonecp/0.8.0.RELEASE/bonecp-0.8.0.RELEASE.jar:/home/user/.m2/repository/org/xerial/sqlite-jdbc/3.25.2/sqlite-jdbc-3.25.2.jar:/home/user/.m2/repository/org/springframework/spring-jdbc/5.1.3.RELEASE/spring-jdbc-5.1.3.RELEASE.jar:/home/user/.m2/repository/org/springframework/spring-beans/5.1.3.RELEASE/spring-beans-5.1.3.RELEASE.jar:/home/user/.m2/repository/org/springframework/spring-core/5.1.3.RELEASE/spring-core-5.1.3.RELEASE.jar:/home/user/.m2/repository/org/springframework/spring-jcl/5.1.3.RELEASE/spring-jcl-5.1.3.RELEASE.jar:/home/user/.m2/repository/org/springframework/spring-tx/5.1.3.RELEASE/spring-tx-5.1.3.RELEASE.jar:/home/user/.m2/repository/org/apache/hadoop/hadoop-ozone-client/0.5.0-SNAPSHOT/hadoop-ozone-client-0.5.0-SNAPSHOT.jar:/home/user/.m2/repository/commons-lang/commons-lang/2.6/commons-lang-2.6.jar:/home/user/.m2/repository/org/apache/hadoop/hadoop-ozone-ozone-manager/0.5.0-SNAPSHOT/hadoop-ozone-ozone-manager-0.5.0-SNAPSHOT-tests.jar:/home/user/.m2/repository/junit/junit/4.11/junit-4.11.jar:/home/user/.m2/repository/org/hamcrest/hamcrest-core/1.3/hamcrest-core-1.3.jar:/home/user/.m2/repository/org/openjdk/jmh/jmh-core/1.19/jmh-core-1.19.jar:/home/user/.m2/repository/net/sf/jopt-simple/jopt-simple/4.6/jopt-simple-4.6.jar:/home/user/.m2/repository/org/apache/commons/commons-math3/3.1.1/commons-math3-3.1.1.jar:/home/user/.m2/repository/org/openjdk/jmh/jmh-generator-annprocess/1.19/jmh-generator-annprocess-1.19.jar:/home/user/.m2/repository/org/mockito/mockito-all/1.8.5/mockito-all-1.8.5.jar:/home/user/.m2/repository/org/apache/hadoop/hadoop-kms/3.2.0/hadoop-kms-3.2.0.jar:/home/user/.m2/repository/org/apache/hadoop/hadoop-auth/3.2.0/hadoop-auth-3.2.0.jar:/home/user/.m2/repository/com/nimbusds/nimbus-jose-jwt/4.41.1/nimbus-jose-jwt-4.41.1.jar:/home/user/.m2/repository/com/github/stephenc/jcip/jcip-annotations/1.0-1/jcip-annotations-1.0-1.jar:/home/user/.m2/repository/net/minidev/json-smart/2.3/json-smart-2.3.jar:/home/user/.m2/repository/net/minidev/accessors-smart/1.2/accessors-smart-1.2.jar:/home/user/.m2/repository/org/ow2/asm/asm/5.0.4/asm-5.0.4.jar:/home/user/.m2/repository/org/apache/curator/curator-framework/2.12.0/curator-framework-2.12.0.jar:/home/user/.m2/repository/com/sun/jersey/jersey-core/1.19/jersey-core-1.19.jar:/home/user/.m2/repository/javax/ws/rs/jsr311-api/1.1.1/jsr311-api-1.1.1.jar:/home/user/.m2/repository/com/sun/jersey/jersey-server/1.19/jersey-server-1.19.jar:/home/user/.m2/repository/javax/servlet/javax.servlet-api/3.1.0/javax.servlet-api-3.1.0.jar:/home/user/.m2/repository/org/eclipse/jetty/jetty-server/9.3.25.v20180904/jetty-server-9.3.25.v20180904.jar:/home/user/.m2/repository/org/eclipse/jetty/jetty-http/9.3.25.v20180904/jetty-http-9.3.25.v20180904.jar:/home/user/.m2/repository/org/eclipse/jetty/jetty-io/9.3.25.v20180904/jetty-io-9.3.25.v20180904.jar:/home/user/.m2/repository/org/eclipse/jetty/jetty-webapp/9.3.25.v20180904/jetty-webapp-9.3.25.v20180904.jar:/home/user/.m2/repository/org/eclipse/jetty/jetty-xml/9.3.25.v20180904/jetty-xml-9.3.25.v20180904.jar:/home/user/.m2/repository/log4j/log4j/1.2.17/log4j-1.2.17.jar:/home/user/.m2/repository/org/slf4j/slf4j-api/1.7.25/slf4j-api-1.7.25.jar:/home/user/.m2/repository/org/slf4j/jul-to-slf4j/1.7.25/jul-to-slf4j-1.7.25.jar:/home/user/.m2/repository/org/eclipse/jetty/jetty-util/9.3.25.v20180904/jetty-util-9.3.25.v20180904.jar:/home/user/.m2/repository/com/fasterxml/jackson/core/jackson-databind/2.9.9/jackson-databind-2.9.9.jar:/home/user/.m2/repository/org/apache/hadoop/hadoop-kms/3.2.0/hadoop-kms-3.2.0-tests.jar:/home/user/.m2/repository/org/apache/hadoop/hadoop-hdds-server-scm/0.5.0-SNAPSHOT/hadoop-hdds-server-scm-0.5.0-SNAPSHOT-tests.jar:/home/user/.m2/repository/org/apache/hadoop/hadoop-hdds-container-service/0.5.0-SNAPSHOT/hadoop-hdds-container-service-0.5.0-SNAPSHOT-tests.jar:/home/user/.m2/repository/org/yaml/snakeyaml/1.16/snakeyaml-1.16.jar:/home/user/.m2/repository/org/apache/hadoop/hadoop-common/3.2.0/hadoop-common-3.2.0-tests.jar:/home/user/.m2/repository/org/apache/hadoop/hadoop-annotations/3.2.0/hadoop-annotations-3.2.0.jar:/usr/lib/jvm/java-1.8.0-openjdk-1.8.0.222.b10-1.el7_7.x86_64/jre/../lib/tools.jar:/home/user/.m2/repository/commons-cli/commons-cli/1.2/commons-cli-1.2.jar:/home/user/.m2/repository/org/apache/httpcomponents/httpclient/4.5.2/httpclient-4.5.2.jar:/home/user/.m2/repository/org/apache/httpcomponents/httpcore/4.4.4/httpcore-4.4.4.jar:/home/user/.m2/repository/commons-codec/commons-codec/1.11/commons-codec-1.11.jar:/home/user/.m2/repository/commons-net/commons-net/3.6/commons-net-3.6.jar:/home/user/.m2/repository/commons-collections/commons-collections/3.2.2/commons-collections-3.2.2.jar:/home/user/.m2/repository/org/eclipse/jetty/jetty-servlet/9.3.25.v20180904/jetty-servlet-9.3.25.v20180904.jar:/home/user/.m2/repository/org/eclipse/jetty/jetty-security/9.3.25.v20180904/jetty-security-9.3.25.v20180904.jar:/home/user/.m2/repository/javax/servlet/jsp/jsp-api/2.1/jsp-api-2.1.jar:/home/user/.m2/repository/com/sun/jersey/jersey-servlet/1.19/jersey-servlet-1.19.jar:/home/user/.m2/repository/com/sun/jersey/jersey-json/1.19/jersey-json-1.19.jar:/home/user/.m2/repository/org/codehaus/jettison/jettison/1.1/jettison-1.1.jar:/home/user/.m2/repository/org/codehaus/jackson/jackson-core-asl/1.9.13/jackson-core-asl-1.9.13.jar:/home/user/.m2/repository/org/codehaus/jackson/jackson-mapper-asl/1.9.13/jackson-mapper-asl-1.9.13.jar:/home/user/.m2/repository/org/codehaus/jackson/jackson-jaxrs/1.9.13/jackson-jaxrs-1.9.13.jar:/home/user/.m2/repository/org/codehaus/jackson/jackson-xc/1.9.13/jackson-xc-1.9.13.jar:/home/user/.m2/repository/commons-logging/commons-logging/1.1.3/commons-logging-1.1.3.jar:/home/user/.m2/repository/commons-beanutils/commons-beanutils/1.9.4/commons-beanutils-1.9.4.jar:/home/user/.m2/repository/org/apache/commons/commons-configuration2/2.1.1/commons-configuration2-2.1.1.jar:/home/user/.m2/repository/org/apache/commons/commons-lang3/3.7/commons-lang3-3.7.jar:/home/user/.m2/repository/org/apache/commons/commons-text/1.4/commons-text-1.4.jar:/home/user/.m2/repository/org/apache/avro/avro/1.7.7/avro-1.7.7.jar:/home/user/.m2/repository/com/thoughtworks/paranamer/paranamer/2.3/paranamer-2.3.jar:/home/user/.m2/repository/org/xerial/snappy/snappy-java/1.0.5/snappy-java-1.0.5.jar:/home/user/.m2/repository/com/google/re2j/re2j/1.1/re2j-1.1.jar:/home/user/.m2/repository/com/google/code/gson/gson/2.2.4/gson-2.2.4.jar:/home/user/.m2/repository/com/jcraft/jsch/0.1.54/jsch-0.1.54.jar:/home/user/.m2/repository/org/apache/curator/curator-client/2.12.0/curator-client-2.12.0.jar:/home/user/.m2/repository/org/apache/curator/curator-recipes/2.12.0/curator-recipes-2.12.0.jar:/home/user/.m2/repository/com/google/code/findbugs/jsr305/3.0.0/jsr305-3.0.0.jar:/home/user/.m2/repository/org/apache/htrace/htrace-core4/4.1.0-incubating/htrace-core4-4.1.0-incubating.jar:/home/user/.m2/repository/org/apache/zookeeper/zookeeper/3.4.13/zookeeper-3.4.13.jar:/home/user/.m2/repository/jline/jline/0.9.94/jline-0.9.94.jar:/home/user/.m2/repository/org/apache/yetus/audience-annotations/0.5.0/audience-annotations-0.5.0.jar:/home/user/.m2/repository/org/codehaus/woodstox/stax2-api/3.1.4/stax2-api-3.1.4.jar:/home/user/.m2/repository/com/fasterxml/woodstox/woodstox-core/5.0.3/woodstox-core-5.0.3.jar:/home/user/.m2/repository/dnsjava/dnsjava/2.1.7/dnsjava-2.1.7.jar:/home/user/.m2/repository/org/apache/hadoop/hadoop-hdfs/3.2.0/hadoop-hdfs-3.2.0-tests.jar:/home/user/.m2/repository/org/eclipse/jetty/jetty-util-ajax/9.3.25.v20180904/jetty-util-ajax-9.3.25.v20180904.jar:/home/user/.m2/repository/commons-daemon/commons-daemon/1.0.13/commons-daemon-1.0.13.jar:/home/user/.m2/repository/io/netty/netty/3.10.5.Final/netty-3.10.5.Final.jar:/home/user/.m2/repository/io/netty/netty-all/4.0.52.Final/netty-all-4.0.52.Final.jar:/home/user/.m2/repository/org/fusesource/leveldbjni/leveldbjni-all/1.8/leveldbjni-all-1.8.jar:"/>
    <property name="sun.cpu.endian" value="little"/>
    <property name="user.home" value="/home/user"/>
    <property name="user.language" value="en"/>
    <property name="java.specification.vendor" value="Oracle Corporation"/>
    <property name="java.home" value="/usr/lib/jvm/java-1.8.0-openjdk-1.8.0.222.b10-1.el7_7.x86_64/jre"/>
    <property name="surefire.excludesFile" value="/tools/ozone-bad-unit-tests"/>
    <property name="java.security.krb5.conf" value="/workdir/hadoop-ozone/integration-test/target/test-classes/krb5.conf"/>
    <property name="basedir" value="/workdir/hadoop-ozone/integration-test"/>
    <property name="file.separator" value="/"/>
    <property name="line.separator" value="&#10;"/>
    <property name="java.vm.specification.vendor" value="Oracle Corporation"/>
    <property name="java.specification.name" value="Java Platform API Specification"/>
    <property name="java.awt.graphicsenv" value="sun.awt.X11GraphicsEnvironment"/>
    <property name="surefire.real.class.path" value="/workdir/hadoop-ozone/integration-test/target/surefire/surefirebooter2416541712720940860.jar"/>
    <property name="hadoop.log.dir" value="/workdir/hadoop-ozone/integration-test/target/log"/>
    <property name="sun.boot.class.path" value="/usr/lib/jvm/java-1.8.0-openjdk-1.8.0.222.b10-1.el7_7.x86_64/jre/lib/resources.jar:/usr/lib/jvm/java-1.8.0-openjdk-1.8.0.222.b10-1.el7_7.x86_64/jre/lib/rt.jar:/usr/lib/jvm/java-1.8.0-openjdk-1.8.0.222.b10-1.el7_7.x86_64/jre/lib/sunrsasign.jar:/usr/lib/jvm/java-1.8.0-openjdk-1.8.0.222.b10-1.el7_7.x86_64/jre/lib/jsse.jar:/usr/lib/jvm/java-1.8.0-openjdk-1.8.0.222.b10-1.el7_7.x86_64/jre/lib/jce.jar:/usr/lib/jvm/java-1.8.0-openjdk-1.8.0.222.b10-1.el7_7.x86_64/jre/lib/charsets.jar:/usr/lib/jvm/java-1.8.0-openjdk-1.8.0.222.b10-1.el7_7.x86_64/jre/lib/jfr.jar:/usr/lib/jvm/java-1.8.0-openjdk-1.8.0.222.b10-1.el7_7.x86_64/jre/classes"/>
    <property name="sun.management.compiler" value="HotSpot 64-Bit Tiered Compilers"/>
    <property name="java.runtime.version" value="1.8.0_222-b10"/>
    <property name="java.net.preferIPv4Stack" value="true"/>
    <property name="user.name" value="jenkins1000"/>
    <property name="path.separator" value=":"/>
    <property name="java.security.egd" value="file:///dev/urandom"/>
    <property name="os.version" value="3.10.0-957.12.2.el7.x86_64"/>
    <property name="java.endorsed.dirs" value="/usr/lib/jvm/java-1.8.0-openjdk-1.8.0.222.b10-1.el7_7.x86_64/jre/lib/endorsed"/>
    <property name="java.runtime.name" value="OpenJDK Runtime Environment"/>
    <property name="file.encoding" value="ANSI_X3.4-1968"/>
    <property name="java.vm.name" value="OpenJDK 64-Bit Server VM"/>
    <property name="test.build.webapps" value=""/>
    <property name="localRepository" value="/home/user/.m2/repository"/>
    <property name="java.vendor.url.bug" value="http://bugreport.sun.com/bugreport/"/>
    <property name="java.io.tmpdir" value="/tmp"/>
    <property name="require.test.libhadoop" value=""/>
    <property name="java.version" value="1.8.0_222"/>
    <property name="user.dir" value="/workdir/hadoop-ozone/integration-test"/>
    <property name="os.arch" value="amd64"/>
    <property name="java.vm.specification.name" value="Java Virtual Machine Specification"/>
    <property name="test.build.classes" value="/workdir/hadoop-ozone/integration-test/target/test-classes"/>
    <property name="java.awt.printerjob" value="sun.print.PSPrinterJob"/>
    <property name="sun.os.patch.level" value="unknown"/>
    <property name="hadoop.tmp.dir" value="/workdir/hadoop-ozone/integration-test/target/tmp"/>
    <property name="java.library.path" value="/usr/lib:/workdir/hadoop-ozone/integration-test/target/native/target/usr/local/lib:/workdir/hadoop-ozone/integration-test/../../hadoop-common-project/hadoop-common/target/native/target/usr/local/lib:/usr/java/packages/lib/amd64:/usr/lib64:/lib64:/lib:/usr/lib"/>
    <property name="java.vm.info" value="mixed mode"/>
    <property name="java.vendor" value="Oracle Corporation"/>
    <property name="java.vm.version" value="25.222-b10"/>
    <property name="java.ext.dirs" value="/usr/lib/jvm/java-1.8.0-openjdk-1.8.0.222.b10-1.el7_7.x86_64/jre/lib/ext:/usr/java/packages/lib/ext"/>
    <property name="sun.io.unicode.encoding" value="UnicodeLittle"/>
    <property name="java.class.version" value="52.0"/>
  </properties>
  <testcase name="testBlockDeletionTransactions" classname="org.apache.hadoop.ozone.TestStorageContainerManager" time="28.742"/>
  <testcase name="testBlockDeletingThrottling" classname="org.apache.hadoop.ozone.TestStorageContainerManager" time="33.404"/>
  <testcase name="testSCMReinitialization" classname="org.apache.hadoop.ozone.TestStorageContainerManager" time="21.782"/>
  <testcase name="testCloseContainerCommandOnRestart" classname="org.apache.hadoop.ozone.TestStorageContainerManager" time="39.518"/>
  <testcase name="testRpcPermission" classname="org.apache.hadoop.ozone.TestStorageContainerManager" time="59.326"/>
  <testcase name="testSCMInitializationFailure" classname="org.apache.hadoop.ozone.TestStorageContainerManager" time="0.031"/>
  <testcase name="testSCMInitialization" classname="org.apache.hadoop.ozone.TestStorageContainerManager" time="0.835"/>
  <testcase name="testScmProcessDatanodeHeartbeat" classname="org.apache.hadoop.ozone.TestStorageContainerManager" time="60.02">
    <error message="test timed out after 60000 milliseconds" type="java.lang.Exception">java.lang.Exception: test timed out after 60000 milliseconds
	at java.lang.Thread.sleep(Native Method)
	at org.apache.hadoop.test.GenericTestUtils.waitFor(GenericTestUtils.java:382)
	at org.apache.hadoop.ozone.MiniOzoneClusterImpl.waitForClusterToBeReady(MiniOzoneClusterImpl.java:148)
	at org.apache.hadoop.ozone.TestStorageContainerManager.testScmProcessDatanodeHeartbeat(TestStorageContainerManager.java:535)
	at sun.reflect.NativeMethodAccessorImpl.invoke0(Native Method)
	at sun.reflect.NativeMethodAccessorImpl.invoke(NativeMethodAccessorImpl.java:62)
	at sun.reflect.DelegatingMethodAccessorImpl.invoke(DelegatingMethodAccessorImpl.java:43)
	at java.lang.reflect.Method.invoke(Method.java:498)
	at org.junit.runners.model.FrameworkMethod$1.runReflectiveCall(FrameworkMethod.java:47)
	at org.junit.internal.runners.model.ReflectiveCallable.run(ReflectiveCallable.java:12)
	at org.junit.runners.model.FrameworkMethod.invokeExplosively(FrameworkMethod.java:44)
	at org.junit.internal.runners.statements.InvokeMethod.evaluate(InvokeMethod.java:17)
	at org.junit.internal.runners.statements.FailOnTimeout$StatementThread.run(FailOnTimeout.java:74)
</error>
    <system-out><![CDATA[2019-11-14 13:39:21,559 [Thread-1226] WARN  server.ServerUtils (ServerUtils.java:getScmDbDir(145)) - ozone.scm.db.dirs is not configured. We recommend adding this setting. Falling back to ozone.metadata.dirs instead.
2019-11-14 13:39:22,606 [Thread-1226] WARN  server.ServerUtils (ServerUtils.java:getScmDbDir(145)) - ozone.scm.db.dirs is not configured. We recommend adding this setting. Falling back to ozone.metadata.dirs instead.
2019-11-14 13:39:22,607 [Thread-1226] WARN  server.ServerUtils (ServerUtils.java:getScmDbDir(145)) - ozone.scm.db.dirs is not configured. We recommend adding this setting. Falling back to ozone.metadata.dirs instead.
2019-11-14 13:39:22,612 [Thread-1226] INFO  db.DBStoreBuilder (DBStoreBuilder.java:addTable(127)) - using custom profile for table: deletedBlocks
2019-11-14 13:39:22,612 [Thread-1226] INFO  db.DBStoreBuilder (DBStoreBuilder.java:processTables(183)) - Using default column profile:DBProfile.DISK for Table:deletedBlocks
2019-11-14 13:39:22,612 [Thread-1226] INFO  db.DBStoreBuilder (DBStoreBuilder.java:addTable(127)) - using custom profile for table: validCerts
2019-11-14 13:39:22,613 [Thread-1226] INFO  db.DBStoreBuilder (DBStoreBuilder.java:processTables(183)) - Using default column profile:DBProfile.DISK for Table:validCerts
2019-11-14 13:39:22,613 [Thread-1226] INFO  db.DBStoreBuilder (DBStoreBuilder.java:addTable(127)) - using custom profile for table: revokedCerts
2019-11-14 13:39:22,613 [Thread-1226] INFO  db.DBStoreBuilder (DBStoreBuilder.java:processTables(183)) - Using default column profile:DBProfile.DISK for Table:revokedCerts
2019-11-14 13:39:22,613 [Thread-1226] INFO  db.DBStoreBuilder (DBStoreBuilder.java:addTable(127)) - using custom profile for table: default
2019-11-14 13:39:22,614 [Thread-1226] INFO  db.DBStoreBuilder (DBStoreBuilder.java:processTables(189)) - Using default column profile:DBProfile.DISK for Table:default
2019-11-14 13:39:22,614 [Thread-1226] INFO  db.DBStoreBuilder (DBStoreBuilder.java:getDbProfile(220)) - Using default options. DBProfile.DISK
2019-11-14 13:39:35,410 [Thread-1226] INFO  net.NodeSchemaLoader (NodeSchemaLoader.java:loadSchemaFromFile(125)) - Loading file from sun.misc.CompoundEnumeration@6eefe18
2019-11-14 13:39:35,410 [Thread-1226] INFO  net.NodeSchemaLoader (NodeSchemaLoader.java:loadSchema(171)) - Loading network topology layer schema file
2019-11-14 13:39:35,416 [Thread-1226] WARN  server.ServerUtils (ServerUtils.java:sanitizeUserArgs(70)) - ozone.scm.stale.node.interval value = 300000 is larger than max = 100000 based on the key value of ozone.scm.heartbeat.thread.interval, reset to the max value 100000.
2019-11-14 13:39:35,416 [Thread-1226] WARN  server.ServerUtils (ServerUtils.java:sanitizeUserArgs(70)) - ozone.scm.stale.node.interval value = 300000 is larger than max = 100000 based on the key value of ozone.scm.heartbeat.thread.interval, reset to the max value 100000.
2019-11-14 13:39:35,417 [Thread-1226] INFO  node.SCMNodeManager (SCMNodeManager.java:<init>(116)) - Entering startup safe mode.
2019-11-14 13:39:35,418 [Thread-1226] INFO  Configuration.deprecation (Configuration.java:logDeprecation(1394)) - hadoop.configured.node.mapping is deprecated. Instead, use net.topology.configured.node.mapping
2019-11-14 13:39:35,419 [Thread-1226] INFO  algorithms.ContainerPlacementPolicyFactory (ContainerPlacementPolicyFactory.java:getPolicy(57)) - Create container placement policy of type org.apache.hadoop.hdds.scm.container.placement.algorithms.SCMContainerPlacementRandom
2019-11-14 13:39:35,419 [Thread-1226] WARN  server.ServerUtils (ServerUtils.java:getScmDbDir(145)) - ozone.scm.db.dirs is not configured. We recommend adding this setting. Falling back to ozone.metadata.dirs instead.
2019-11-14 13:39:35,496 [Thread-1226] INFO  pipeline.SCMPipelineManager (SCMPipelineManager.java:initializePipelineState(132)) - No pipeline exists in current db
2019-11-14 13:39:35,496 [Thread-1226] WARN  server.ServerUtils (ServerUtils.java:getScmDbDir(145)) - ozone.scm.db.dirs is not configured. We recommend adding this setting. Falling back to ozone.metadata.dirs instead.
2019-11-14 13:39:35,591 [Thread-1226] WARN  events.EventQueue (EventQueue.java:fireEvent(183)) - No event handler registered for event TypedEvent{payloadType=SafeModeStatus, name='SafeModeStatus'}
2019-11-14 13:39:35,592 [Thread-1226] INFO  ipc.CallQueueManager (CallQueueManager.java:<init>(84)) - Using callQueue: class java.util.concurrent.LinkedBlockingQueue, queueCapacity: 2000, scheduler: class org.apache.hadoop.ipc.DefaultRpcScheduler, ipcBackoff: false.
2019-11-14 13:39:35,593 [Socket Reader #1 for port 40080] INFO  ipc.Server (Server.java:run(1074)) - Starting Socket Reader #1 for port 40080
2019-11-14 13:39:35,595 [Thread-1226] INFO  ipc.CallQueueManager (CallQueueManager.java:<init>(84)) - Using callQueue: class java.util.concurrent.LinkedBlockingQueue, queueCapacity: 2000, scheduler: class org.apache.hadoop.ipc.DefaultRpcScheduler, ipcBackoff: false.
2019-11-14 13:39:35,596 [Socket Reader #1 for port 38423] INFO  ipc.Server (Server.java:run(1074)) - Starting Socket Reader #1 for port 38423
2019-11-14 13:39:35,598 [Thread-1226] INFO  ipc.CallQueueManager (CallQueueManager.java:<init>(84)) - Using callQueue: class java.util.concurrent.LinkedBlockingQueue, queueCapacity: 2000, scheduler: class org.apache.hadoop.ipc.DefaultRpcScheduler, ipcBackoff: false.
2019-11-14 13:39:35,599 [Socket Reader #1 for port 41840] INFO  ipc.Server (Server.java:run(1074)) - Starting Socket Reader #1 for port 41840
2019-11-14 13:39:35,601 [Thread-1226] INFO  hdfs.DFSUtil (DFSUtil.java:httpServerTemplateForNNAndJN(1641)) - Starting Web-server for scm at: http://0.0.0.0:0
2019-11-14 13:39:35,604 [Thread-1226] INFO  server.AuthenticationFilter (AuthenticationFilter.java:constructSecretProvider(240)) - Unable to initialize FileSignerSecretProvider, falling back to use random secrets.
2019-11-14 13:39:35,605 [Thread-1226] WARN  http.HttpRequestLog (HttpRequestLog.java:getRequestLog(97)) - Jetty request log can only be enabled using Log4j
2019-11-14 13:39:35,608 [Thread-1226] INFO  http.HttpServer2 (HttpServer2.java:addGlobalFilter(975)) - Added global filter 'safety' (class=org.apache.hadoop.http.HttpServer2$QuotingInputFilter)
2019-11-14 13:39:35,609 [Thread-1226] INFO  http.HttpServer2 (HttpServer2.java:addFilter(948)) - Added filter static_user_filter (class=org.apache.hadoop.http.lib.StaticUserWebFilter$StaticUserFilter) to context scm
2019-11-14 13:39:35,610 [Thread-1226] INFO  http.HttpServer2 (HttpServer2.java:addFilter(958)) - Added filter static_user_filter (class=org.apache.hadoop.http.lib.StaticUserWebFilter$StaticUserFilter) to context logs
2019-11-14 13:39:35,610 [Thread-1226] INFO  http.HttpServer2 (HttpServer2.java:addFilter(958)) - Added filter static_user_filter (class=org.apache.hadoop.http.lib.StaticUserWebFilter$StaticUserFilter) to context static
2019-11-14 13:39:35,613 [Thread-1226] INFO  server.StorageContainerManager (StorageContainerManager.java:start(766)) - StorageContainerLocationProtocol RPC server is listening at /0.0.0.0:41840
2019-11-14 13:39:35,615 [Thread-1226] WARN  impl.MetricsConfig (MetricsConfig.java:loadFirst(134)) - Cannot locate configuration: tried hadoop-metrics2-storagecontainermanager.properties,hadoop-metrics2.properties
2019-11-14 13:39:35,617 [Thread-1226] INFO  impl.MetricsSystemImpl (MetricsSystemImpl.java:startTimer(374)) - Scheduled Metric snapshot period at 10 second(s).
2019-11-14 13:39:35,617 [Thread-1226] INFO  impl.MetricsSystemImpl (MetricsSystemImpl.java:start(191)) - StorageContainerManager metrics system started
2019-11-14 13:39:35,660 [Thread-1226] WARN  impl.MetricsSystemImpl (MetricsSystemImpl.java:register(276)) - Sink prometheus already exists!
2019-11-14 13:39:35,664 [Thread-1226] INFO  server.SCMClientProtocolServer (SCMClientProtocolServer.java:start(160)) - RPC server for Client  is listening at /0.0.0.0:41840
2019-11-14 13:39:35,665 [IPC Server Responder] INFO  ipc.Server (Server.java:run(1314)) - IPC Server Responder: starting
2019-11-14 13:39:35,665 [IPC Server listener on 41840] INFO  ipc.Server (Server.java:run(1153)) - IPC Server listener on 41840: starting
2019-11-14 13:39:35,668 [Thread-1226] INFO  server.StorageContainerManager (StorageContainerManager.java:start(776)) - ScmBlockLocationProtocol RPC server is listening at /0.0.0.0:38423
2019-11-14 13:39:35,669 [Thread-1226] INFO  server.SCMBlockProtocolServer (SCMBlockProtocolServer.java:start(146)) - RPC server for Block Protocol is listening at /0.0.0.0:38423
2019-11-14 13:39:35,669 [IPC Server Responder] INFO  ipc.Server (Server.java:run(1314)) - IPC Server Responder: starting
2019-11-14 13:39:35,669 [IPC Server listener on 38423] INFO  ipc.Server (Server.java:run(1153)) - IPC Server listener on 38423: starting
2019-11-14 13:39:35,672 [Thread-1226] INFO  server.StorageContainerManager (StorageContainerManager.java:start(780)) - ScmDatanodeProtocl RPC server is listening at /0.0.0.0:40080
2019-11-14 13:39:35,672 [Thread-1226] INFO  server.SCMDatanodeProtocolServer (SCMDatanodeProtocolServer.java:start(169)) - RPC server for DataNodes is listening at /0.0.0.0:40080
2019-11-14 13:39:35,673 [IPC Server Responder] INFO  ipc.Server (Server.java:run(1314)) - IPC Server Responder: starting
2019-11-14 13:39:35,673 [IPC Server listener on 40080] INFO  ipc.Server (Server.java:run(1153)) - IPC Server listener on 40080: starting
2019-11-14 13:39:35,676 [Thread-1226] INFO  http.HttpServer2 (HttpServer2.java:bindListener(1191)) - Jetty bound to port 38942
2019-11-14 13:39:35,677 [Thread-1226] INFO  server.Server (Server.java:doStart(351)) - jetty-9.3.25.v20180904, build timestamp: 2018-09-04T21:11:46Z, git hash: 3ce520221d0240229c862b122d2b06c12a625732
2019-11-14 13:39:35,679 [Thread-1226] INFO  handler.ContextHandler (ContextHandler.java:doStart(781)) - Started o.e.j.s.ServletContextHandler@22a2f822{/logs,file:///workdir/hadoop-ozone/integration-test/target/log,AVAILABLE}
2019-11-14 13:39:35,679 [Thread-1226] INFO  handler.ContextHandler (ContextHandler.java:doStart(781)) - Started o.e.j.s.ServletContextHandler@636aef2b{/static,file:///workdir/hadoop-ozone/integration-test/target/test-classes/webapps/static,AVAILABLE}
2019-11-14 13:39:35,684 [Thread-1226] INFO  handler.ContextHandler (ContextHandler.java:doStart(781)) - Started o.e.j.w.WebAppContext@46b7d110{/,file:///workdir/hadoop-ozone/integration-test/target/test-classes/webapps/scm/,AVAILABLE}{/scm}
2019-11-14 13:39:35,684 [Thread-1226] INFO  server.AbstractConnector (AbstractConnector.java:doStart(278)) - Started ServerConnector@eb6fc34{HTTP/1.1,[http/1.1]}{0.0.0.0:38942}
2019-11-14 13:39:35,685 [Thread-1226] INFO  server.Server (Server.java:doStart(419)) - Started @198573ms
2019-11-14 13:39:35,685 [Thread-1226] WARN  impl.MetricsSystemImpl (MetricsSystemImpl.java:register(276)) - Sink prometheus already exists!
2019-11-14 13:39:35,686 [Thread-1226] INFO  server.BaseHttpServer (BaseHttpServer.java:updateConnectorAddress(215)) - HTTP server of SCM is listening at http://0.0.0.0:38942
2019-11-14 13:39:35,686 [Thread-1226] WARN  server.ServerUtils (ServerUtils.java:getDBPath(222)) - ozone.om.db.dirs is not configured. We recommend adding this setting. Falling back to ozone.metadata.dirs instead.
2019-11-14 13:39:35,687 [org.apache.hadoop.util.JvmPauseMonitor$Monitor@5ee467df] INFO  util.JvmPauseMonitor (JvmPauseMonitor.java:run(188)) - Starting JVM pause monitor
2019-11-14 13:39:35,705 [Thread-1226] INFO  ha.OMHANodeDetails (OMHANodeDetails.java:loadOMHAConfig(190)) - Configuration either no ozone.om.address set. Falling back to the default OM address /127.0.0.1:0
2019-11-14 13:39:35,705 [Thread-1226] INFO  ha.OMHANodeDetails (OMHANodeDetails.java:getOMNodeDetails(220)) - OM Service ID is not set. Setting it to the default ID: omServiceIdDefault
2019-11-14 13:39:35,705 [Thread-1226] WARN  server.ServerUtils (ServerUtils.java:getDBPath(222)) - ozone.om.db.dirs is not configured. We recommend adding this setting. Falling back to ozone.metadata.dirs instead.
2019-11-14 13:39:35,706 [Thread-1226] WARN  server.ServerUtils (ServerUtils.java:getDBPath(222)) - ozone.om.db.dirs is not configured. We recommend adding this setting. Falling back to ozone.metadata.dirs instead.
2019-11-14 13:39:35,715 [Thread-1226] WARN  server.ServerUtils (ServerUtils.java:getDBPath(222)) - ozone.om.db.dirs is not configured. We recommend adding this setting. Falling back to ozone.metadata.dirs instead.
2019-11-14 13:39:35,715 [Thread-1226] INFO  db.DBStoreBuilder (DBStoreBuilder.java:addTable(127)) - using custom profile for table: userTable
2019-11-14 13:39:35,715 [Thread-1226] INFO  db.DBStoreBuilder (DBStoreBuilder.java:processTables(183)) - Using default column profile:DBProfile.DISK for Table:userTable
2019-11-14 13:39:35,715 [Thread-1226] INFO  db.DBStoreBuilder (DBStoreBuilder.java:addTable(127)) - using custom profile for table: volumeTable
2019-11-14 13:39:35,716 [Thread-1226] INFO  db.DBStoreBuilder (DBStoreBuilder.java:processTables(183)) - Using default column profile:DBProfile.DISK for Table:volumeTable
2019-11-14 13:39:35,716 [Thread-1226] INFO  db.DBStoreBuilder (DBStoreBuilder.java:addTable(127)) - using custom profile for table: bucketTable
2019-11-14 13:39:35,716 [Thread-1226] INFO  db.DBStoreBuilder (DBStoreBuilder.java:processTables(183)) - Using default column profile:DBProfile.DISK for Table:bucketTable
2019-11-14 13:39:35,716 [Thread-1226] INFO  db.DBStoreBuilder (DBStoreBuilder.java:addTable(127)) - using custom profile for table: keyTable
2019-11-14 13:39:35,716 [Thread-1226] INFO  db.DBStoreBuilder (DBStoreBuilder.java:processTables(183)) - Using default column profile:DBProfile.DISK for Table:keyTable
2019-11-14 13:39:35,716 [Thread-1226] INFO  db.DBStoreBuilder (DBStoreBuilder.java:addTable(127)) - using custom profile for table: deletedTable
2019-11-14 13:39:35,716 [Thread-1226] INFO  db.DBStoreBuilder (DBStoreBuilder.java:processTables(183)) - Using default column profile:DBProfile.DISK for Table:deletedTable
2019-11-14 13:39:35,716 [Thread-1226] INFO  db.DBStoreBuilder (DBStoreBuilder.java:addTable(127)) - using custom profile for table: openKeyTable
2019-11-14 13:39:35,717 [Thread-1226] INFO  db.DBStoreBuilder (DBStoreBuilder.java:processTables(183)) - Using default column profile:DBProfile.DISK for Table:openKeyTable
2019-11-14 13:39:35,717 [Thread-1226] INFO  db.DBStoreBuilder (DBStoreBuilder.java:addTable(127)) - using custom profile for table: s3Table
2019-11-14 13:39:35,717 [Thread-1226] INFO  db.DBStoreBuilder (DBStoreBuilder.java:processTables(183)) - Using default column profile:DBProfile.DISK for Table:s3Table
2019-11-14 13:39:35,717 [Thread-1226] INFO  db.DBStoreBuilder (DBStoreBuilder.java:addTable(127)) - using custom profile for table: multipartInfoTable
2019-11-14 13:39:35,717 [Thread-1226] INFO  db.DBStoreBuilder (DBStoreBuilder.java:processTables(183)) - Using default column profile:DBProfile.DISK for Table:multipartInfoTable
2019-11-14 13:39:35,717 [Thread-1226] INFO  db.DBStoreBuilder (DBStoreBuilder.java:addTable(127)) - using custom profile for table: dTokenTable
2019-11-14 13:39:35,717 [Thread-1226] INFO  db.DBStoreBuilder (DBStoreBuilder.java:processTables(183)) - Using default column profile:DBProfile.DISK for Table:dTokenTable
2019-11-14 13:39:35,718 [Thread-1226] INFO  db.DBStoreBuilder (DBStoreBuilder.java:addTable(127)) - using custom profile for table: s3SecretTable
2019-11-14 13:39:35,718 [Thread-1226] INFO  db.DBStoreBuilder (DBStoreBuilder.java:processTables(183)) - Using default column profile:DBProfile.DISK for Table:s3SecretTable
2019-11-14 13:39:35,718 [Thread-1226] INFO  db.DBStoreBuilder (DBStoreBuilder.java:addTable(127)) - using custom profile for table: prefixTable
2019-11-14 13:39:35,718 [Thread-1226] INFO  db.DBStoreBuilder (DBStoreBuilder.java:processTables(183)) - Using default column profile:DBProfile.DISK for Table:prefixTable
2019-11-14 13:39:35,718 [Thread-1226] INFO  db.DBStoreBuilder (DBStoreBuilder.java:addTable(127)) - using custom profile for table: default
2019-11-14 13:39:35,718 [Thread-1226] INFO  db.DBStoreBuilder (DBStoreBuilder.java:processTables(189)) - Using default column profile:DBProfile.DISK for Table:default
2019-11-14 13:39:35,718 [Thread-1226] INFO  db.DBStoreBuilder (DBStoreBuilder.java:getDbProfile(220)) - Using default options. DBProfile.DISK
2019-11-14 13:39:36,295 [Thread-1226] INFO  ipc.CallQueueManager (CallQueueManager.java:<init>(84)) - Using callQueue: class java.util.concurrent.LinkedBlockingQueue, queueCapacity: 2000, scheduler: class org.apache.hadoop.ipc.DefaultRpcScheduler, ipcBackoff: false.
2019-11-14 13:39:36,296 [Socket Reader #1 for port 34072] INFO  ipc.Server (Server.java:run(1074)) - Starting Socket Reader #1 for port 34072
2019-11-14 13:39:36,310 [Thread-1226] INFO  om.OzoneManager (OzoneManager.java:start(1077)) - OzoneManager RPC server is listening at localhost/127.0.0.1:34072
2019-11-14 13:39:36,310 [Thread-1226] INFO  impl.MetricsSystemImpl (MetricsSystemImpl.java:init(158)) - OzoneManager metrics system started (again)
2019-11-14 13:39:36,311 [IPC Server Responder] INFO  ipc.Server (Server.java:run(1314)) - IPC Server Responder: starting
2019-11-14 13:39:36,311 [IPC Server listener on 34072] INFO  ipc.Server (Server.java:run(1153)) - IPC Server listener on 34072: starting
2019-11-14 13:39:36,316 [Thread-1226] INFO  hdfs.DFSUtil (DFSUtil.java:httpServerTemplateForNNAndJN(1641)) - Starting Web-server for ozoneManager at: http://0.0.0.0:0
2019-11-14 13:39:36,317 [Thread-1226] INFO  server.AuthenticationFilter (AuthenticationFilter.java:constructSecretProvider(240)) - Unable to initialize FileSignerSecretProvider, falling back to use random secrets.
2019-11-14 13:39:36,318 [Thread-1226] WARN  http.HttpRequestLog (HttpRequestLog.java:getRequestLog(97)) - Jetty request log can only be enabled using Log4j
2019-11-14 13:39:36,319 [Thread-1226] INFO  http.HttpServer2 (HttpServer2.java:addGlobalFilter(975)) - Added global filter 'safety' (class=org.apache.hadoop.http.HttpServer2$QuotingInputFilter)
2019-11-14 13:39:36,320 [Thread-1226] INFO  http.HttpServer2 (HttpServer2.java:addFilter(948)) - Added filter static_user_filter (class=org.apache.hadoop.http.lib.StaticUserWebFilter$StaticUserFilter) to context ozoneManager
2019-11-14 13:39:36,320 [Thread-1226] INFO  http.HttpServer2 (HttpServer2.java:addFilter(958)) - Added filter static_user_filter (class=org.apache.hadoop.http.lib.StaticUserWebFilter$StaticUserFilter) to context static
2019-11-14 13:39:36,320 [Thread-1226] INFO  http.HttpServer2 (HttpServer2.java:addFilter(958)) - Added filter static_user_filter (class=org.apache.hadoop.http.lib.StaticUserWebFilter$StaticUserFilter) to context logs
2019-11-14 13:39:36,321 [Thread-1226] INFO  http.HttpServer2 (HttpServer2.java:bindListener(1191)) - Jetty bound to port 46867
2019-11-14 13:39:36,321 [Thread-1226] INFO  server.Server (Server.java:doStart(351)) - jetty-9.3.25.v20180904, build timestamp: 2018-09-04T21:11:46Z, git hash: 3ce520221d0240229c862b122d2b06c12a625732
2019-11-14 13:39:36,323 [Thread-1226] INFO  handler.ContextHandler (ContextHandler.java:doStart(781)) - Started o.e.j.s.ServletContextHandler@dbc88a5{/logs,file:///workdir/hadoop-ozone/integration-test/target/log,AVAILABLE}
2019-11-14 13:39:36,324 [Thread-1226] INFO  handler.ContextHandler (ContextHandler.java:doStart(781)) - Started o.e.j.s.ServletContextHandler@4dbcc828{/static,file:///workdir/hadoop-ozone/integration-test/target/test-classes/webapps/static,AVAILABLE}
2019-11-14 13:39:36,327 [Thread-1226] INFO  handler.ContextHandler (ContextHandler.java:doStart(781)) - Started o.e.j.w.WebAppContext@513bf3e8{/,file:///workdir/hadoop-ozone/integration-test/target/test-classes/webapps/ozoneManager/,AVAILABLE}{/ozoneManager}
2019-11-14 13:39:36,328 [Thread-1226] INFO  server.AbstractConnector (AbstractConnector.java:doStart(278)) - Started ServerConnector@577403c5{HTTP/1.1,[http/1.1]}{0.0.0.0:46867}
2019-11-14 13:39:36,328 [Thread-1226] INFO  server.Server (Server.java:doStart(419)) - Started @199216ms
2019-11-14 13:39:36,328 [Thread-1226] WARN  impl.MetricsSystemImpl (MetricsSystemImpl.java:register(276)) - Sink prometheus already exists!
2019-11-14 13:39:36,329 [Thread-1226] INFO  server.BaseHttpServer (BaseHttpServer.java:updateConnectorAddress(215)) - HTTP server of OZONEMANAGER is listening at http://0.0.0.0:46867
2019-11-14 13:39:36,341 [Thread-1226] INFO  impl.MetricsSystemImpl (MetricsSystemImpl.java:init(158)) - HddsDatanode metrics system started (again)
2019-11-14 13:39:36,343 [Thread-1226] INFO  ozone.HddsDatanodeService (HddsDatanodeService.java:start(186)) - HddsDatanodeService host:pr-hdds-2479-srhdm-1052850629 ip:192.168.157.199
2019-11-14 13:39:36,351 [Thread-1226] INFO  volume.HddsVolume (HddsVolume.java:<init>(176)) - Creating Volume: /workdir/hadoop-ozone/integration-test/target/test-dir/MiniOzoneClusterImpl-b7983275-f915-437c-8a4b-10d135678c30/datanode-0/data/containers/hdds of  storage type : DISK and capacity : 1482555576320
2019-11-14 13:39:36,351 [Thread-1226] INFO  volume.VolumeSet (VolumeSet.java:initializeVolumeSet(170)) - Added Volume : /workdir/hadoop-ozone/integration-test/target/test-dir/MiniOzoneClusterImpl-b7983275-f915-437c-8a4b-10d135678c30/datanode-0/data/containers/hdds to VolumeSet
2019-11-14 13:39:36,352 [Thread-1226] INFO  volume.ThrottledAsyncChecker (ThrottledAsyncChecker.java:schedule(141)) - Scheduling a check for /workdir/hadoop-ozone/integration-test/target/test-dir/MiniOzoneClusterImpl-b7983275-f915-437c-8a4b-10d135678c30/datanode-0/data/containers/hdds
2019-11-14 13:39:36,353 [Thread-1226] INFO  volume.HddsVolumeChecker (HddsVolumeChecker.java:checkAllVolumes(204)) - Scheduled health check for volume /workdir/hadoop-ozone/integration-test/target/test-dir/MiniOzoneClusterImpl-b7983275-f915-437c-8a4b-10d135678c30/datanode-0/data/containers/hdds
2019-11-14 13:39:36,372 [Thread-1226] INFO  impl.RaftServerProxy (ConfUtils.java:logGet(43)) - raft.rpc.type = GRPC (default)
2019-11-14 13:39:36,373 [Thread-1226] INFO  grpc.GrpcFactory (GrpcFactory.java:checkPooledByteBufAllocatorUseCacheForAllThreads(45)) - PERFORMANCE WARNING: useCacheForAllThreads is true that may cause Netty to create a lot garbage objects and, as a result, trigger GC.
	It is recommended to disable useCacheForAllThreads by setting -Dorg.apache.ratis.thirdparty.io.netty.allocator.useCacheForAllThreads=false in command line.
2019-11-14 13:39:36,374 [Thread-1226] INFO  grpc.GrpcConfigKeys$Server (ConfUtils.java:logGet(43)) - raft.grpc.server.port = 0 (default)
2019-11-14 13:39:36,374 [Thread-1226] INFO  server.GrpcService (ConfUtils.java:logGet(43)) - raft.grpc.message.size.max = 33570816 (custom)
2019-11-14 13:39:36,374 [Thread-1226] INFO  server.RaftServerConfigKeys (ConfUtils.java:logGet(43)) - raft.server.log.appender.buffer.byte-limit = 33554432 (custom)
2019-11-14 13:39:36,375 [Thread-1226] INFO  server.GrpcService (ConfUtils.java:logGet(43)) - raft.grpc.flow.control.window = 1MB (=1048576) (default)
2019-11-14 13:39:36,375 [Thread-1226] INFO  server.RaftServerConfigKeys (ConfUtils.java:logGet(43)) - raft.server.rpc.request.timeout = 3000ms (default)
2019-11-14 13:39:36,376 [Thread-1226] INFO  server.RaftServerConfigKeys (ConfUtils.java:logGet(43)) - raft.server.storage.dir = [/workdir/hadoop-ozone/integration-test/target/test-dir/MiniOzoneClusterImpl-b7983275-f915-437c-8a4b-10d135678c30/datanode-0/data/ratis] (custom)
2019-11-14 13:39:36,378 [Thread-1226] INFO  hdfs.DFSUtil (DFSUtil.java:httpServerTemplateForNNAndJN(1641)) - Starting Web-server for hddsDatanode at: http://0.0.0.0:0
2019-11-14 13:39:36,379 [Thread-1226] INFO  server.AuthenticationFilter (AuthenticationFilter.java:constructSecretProvider(240)) - Unable to initialize FileSignerSecretProvider, falling back to use random secrets.
2019-11-14 13:39:36,380 [Thread-1226] WARN  http.HttpRequestLog (HttpRequestLog.java:getRequestLog(97)) - Jetty request log can only be enabled using Log4j
2019-11-14 13:39:36,381 [Thread-1226] INFO  http.HttpServer2 (HttpServer2.java:addGlobalFilter(975)) - Added global filter 'safety' (class=org.apache.hadoop.http.HttpServer2$QuotingInputFilter)
2019-11-14 13:39:36,382 [Thread-1226] INFO  http.HttpServer2 (HttpServer2.java:addFilter(948)) - Added filter static_user_filter (class=org.apache.hadoop.http.lib.StaticUserWebFilter$StaticUserFilter) to context hddsDatanode
2019-11-14 13:39:36,382 [Thread-1226] INFO  http.HttpServer2 (HttpServer2.java:addFilter(958)) - Added filter static_user_filter (class=org.apache.hadoop.http.lib.StaticUserWebFilter$StaticUserFilter) to context static
2019-11-14 13:39:36,382 [Thread-1226] INFO  http.HttpServer2 (HttpServer2.java:addFilter(958)) - Added filter static_user_filter (class=org.apache.hadoop.http.lib.StaticUserWebFilter$StaticUserFilter) to context logs
2019-11-14 13:39:36,383 [Thread-1226] INFO  http.HttpServer2 (HttpServer2.java:bindListener(1191)) - Jetty bound to port 43360
2019-11-14 13:39:36,383 [Thread-1226] INFO  server.Server (Server.java:doStart(351)) - jetty-9.3.25.v20180904, build timestamp: 2018-09-04T21:11:46Z, git hash: 3ce520221d0240229c862b122d2b06c12a625732
2019-11-14 13:39:36,385 [Thread-1226] INFO  handler.ContextHandler (ContextHandler.java:doStart(781)) - Started o.e.j.s.ServletContextHandler@5dfe48c1{/logs,file:///workdir/hadoop-ozone/integration-test/target/log,AVAILABLE}
2019-11-14 13:39:36,386 [Thread-1226] INFO  handler.ContextHandler (ContextHandler.java:doStart(781)) - Started o.e.j.s.ServletContextHandler@144b618b{/static,jar:file:/home/user/.m2/repository/org/apache/hadoop/hadoop-hdds-container-service/0.5.0-SNAPSHOT/hadoop-hdds-container-service-0.5.0-SNAPSHOT.jar!/webapps/static,AVAILABLE}
2019-11-14 13:39:36,423 [Thread-1226] INFO  handler.ContextHandler (ContextHandler.java:doStart(781)) - Started o.e.j.w.WebAppContext@6afd1345{/,file:///tmp/jetty-0.0.0.0-43360-hddsDatanode-_-any-431319197177266315.dir/webapp/,AVAILABLE}{/hddsDatanode}
2019-11-14 13:39:36,423 [Thread-1226] INFO  server.AbstractConnector (AbstractConnector.java:doStart(278)) - Started ServerConnector@1f42705c{HTTP/1.1,[http/1.1]}{0.0.0.0:43360}
2019-11-14 13:39:36,424 [Thread-1226] INFO  server.Server (Server.java:doStart(419)) - Started @199312ms
2019-11-14 13:39:36,424 [Thread-1226] WARN  impl.MetricsSystemImpl (MetricsSystemImpl.java:register(276)) - Sink prometheus already exists!
2019-11-14 13:39:36,425 [Thread-1226] INFO  server.BaseHttpServer (BaseHttpServer.java:updateConnectorAddress(215)) - HTTP server of HDDSDATANODE is listening at http://0.0.0.0:43360
2019-11-14 13:39:36,426 [Thread-1226] INFO  impl.MetricsSystemImpl (MetricsSystemImpl.java:init(158)) - HddsDatanode metrics system started (again)
2019-11-14 13:39:36,430 [Thread-1226] INFO  ozone.HddsDatanodeService (HddsDatanodeService.java:start(186)) - HddsDatanodeService host:pr-hdds-2479-srhdm-1052850629 ip:192.168.157.199
2019-11-14 13:39:36,430 [org.apache.hadoop.util.JvmPauseMonitor$Monitor@21eb3adf] INFO  util.JvmPauseMonitor (JvmPauseMonitor.java:run(188)) - Starting JVM pause monitor
2019-11-14 13:39:36,432 [Datanode State Machine Thread - 0] INFO  datanode.InitDatanodeState (InitDatanodeState.java:persistContainerDatanodeDetails(140)) - DatanodeDetails is persisted to /workdir/hadoop-ozone/integration-test/target/test-dir/MiniOzoneClusterImpl-b7983275-f915-437c-8a4b-10d135678c30/datanode-0/meta/datanode.id
2019-11-14 13:39:36,437 [Thread-1226] INFO  volume.HddsVolume (HddsVolume.java:<init>(176)) - Creating Volume: /workdir/hadoop-ozone/integration-test/target/test-dir/MiniOzoneClusterImpl-b7983275-f915-437c-8a4b-10d135678c30/datanode-1/data/containers/hdds of  storage type : DISK and capacity : 1482555576320
2019-11-14 13:39:36,438 [Thread-1226] INFO  volume.VolumeSet (VolumeSet.java:initializeVolumeSet(170)) - Added Volume : /workdir/hadoop-ozone/integration-test/target/test-dir/MiniOzoneClusterImpl-b7983275-f915-437c-8a4b-10d135678c30/datanode-1/data/containers/hdds to VolumeSet
2019-11-14 13:39:36,438 [Thread-1226] INFO  volume.ThrottledAsyncChecker (ThrottledAsyncChecker.java:schedule(141)) - Scheduling a check for /workdir/hadoop-ozone/integration-test/target/test-dir/MiniOzoneClusterImpl-b7983275-f915-437c-8a4b-10d135678c30/datanode-1/data/containers/hdds
2019-11-14 13:39:36,439 [Thread-1226] INFO  volume.HddsVolumeChecker (HddsVolumeChecker.java:checkAllVolumes(204)) - Scheduled health check for volume /workdir/hadoop-ozone/integration-test/target/test-dir/MiniOzoneClusterImpl-b7983275-f915-437c-8a4b-10d135678c30/datanode-1/data/containers/hdds
2019-11-14 13:39:36,457 [Thread-1226] INFO  impl.RaftServerProxy (ConfUtils.java:logGet(43)) - raft.rpc.type = GRPC (default)
2019-11-14 13:39:36,458 [Thread-1226] INFO  grpc.GrpcFactory (GrpcFactory.java:checkPooledByteBufAllocatorUseCacheForAllThreads(45)) - PERFORMANCE WARNING: useCacheForAllThreads is true that may cause Netty to create a lot garbage objects and, as a result, trigger GC.
	It is recommended to disable useCacheForAllThreads by setting -Dorg.apache.ratis.thirdparty.io.netty.allocator.useCacheForAllThreads=false in command line.
2019-11-14 13:39:36,458 [Thread-1226] INFO  grpc.GrpcConfigKeys$Server (ConfUtils.java:logGet(43)) - raft.grpc.server.port = 0 (default)
2019-11-14 13:39:36,458 [Thread-1226] INFO  server.GrpcService (ConfUtils.java:logGet(43)) - raft.grpc.message.size.max = 33570816 (custom)
2019-11-14 13:39:36,458 [Thread-1226] INFO  server.RaftServerConfigKeys (ConfUtils.java:logGet(43)) - raft.server.log.appender.buffer.byte-limit = 33554432 (custom)
2019-11-14 13:39:36,458 [Thread-1226] INFO  server.GrpcService (ConfUtils.java:logGet(43)) - raft.grpc.flow.control.window = 1MB (=1048576) (default)
2019-11-14 13:39:36,458 [Thread-1226] INFO  server.RaftServerConfigKeys (ConfUtils.java:logGet(43)) - raft.server.rpc.request.timeout = 3000ms (default)
2019-11-14 13:39:36,459 [Thread-1226] INFO  server.RaftServerConfigKeys (ConfUtils.java:logGet(43)) - raft.server.storage.dir = [/workdir/hadoop-ozone/integration-test/target/test-dir/MiniOzoneClusterImpl-b7983275-f915-437c-8a4b-10d135678c30/datanode-1/data/ratis] (custom)
2019-11-14 13:39:36,461 [Thread-1226] INFO  hdfs.DFSUtil (DFSUtil.java:httpServerTemplateForNNAndJN(1641)) - Starting Web-server for hddsDatanode at: http://0.0.0.0:0
2019-11-14 13:39:36,462 [Thread-1226] INFO  server.AuthenticationFilter (AuthenticationFilter.java:constructSecretProvider(240)) - Unable to initialize FileSignerSecretProvider, falling back to use random secrets.
2019-11-14 13:39:36,462 [Thread-1226] WARN  http.HttpRequestLog (HttpRequestLog.java:getRequestLog(97)) - Jetty request log can only be enabled using Log4j
2019-11-14 13:39:36,464 [Thread-1226] INFO  http.HttpServer2 (HttpServer2.java:addGlobalFilter(975)) - Added global filter 'safety' (class=org.apache.hadoop.http.HttpServer2$QuotingInputFilter)
2019-11-14 13:39:36,464 [Thread-1226] INFO  http.HttpServer2 (HttpServer2.java:addFilter(948)) - Added filter static_user_filter (class=org.apache.hadoop.http.lib.StaticUserWebFilter$StaticUserFilter) to context hddsDatanode
2019-11-14 13:39:36,464 [Thread-1226] INFO  http.HttpServer2 (HttpServer2.java:addFilter(958)) - Added filter static_user_filter (class=org.apache.hadoop.http.lib.StaticUserWebFilter$StaticUserFilter) to context logs
2019-11-14 13:39:36,464 [Thread-1226] INFO  http.HttpServer2 (HttpServer2.java:addFilter(958)) - Added filter static_user_filter (class=org.apache.hadoop.http.lib.StaticUserWebFilter$StaticUserFilter) to context static
2019-11-14 13:39:36,465 [Thread-1226] INFO  http.HttpServer2 (HttpServer2.java:bindListener(1191)) - Jetty bound to port 39750
2019-11-14 13:39:36,465 [Thread-1226] INFO  server.Server (Server.java:doStart(351)) - jetty-9.3.25.v20180904, build timestamp: 2018-09-04T21:11:46Z, git hash: 3ce520221d0240229c862b122d2b06c12a625732
2019-11-14 13:39:36,467 [Thread-1226] INFO  handler.ContextHandler (ContextHandler.java:doStart(781)) - Started o.e.j.s.ServletContextHandler@1778ac4c{/logs,file:///workdir/hadoop-ozone/integration-test/target/log,AVAILABLE}
2019-11-14 13:39:36,468 [Thread-1226] INFO  handler.ContextHandler (ContextHandler.java:doStart(781)) - Started o.e.j.s.ServletContextHandler@191ab6cf{/static,jar:file:/home/user/.m2/repository/org/apache/hadoop/hadoop-hdds-container-service/0.5.0-SNAPSHOT/hadoop-hdds-container-service-0.5.0-SNAPSHOT.jar!/webapps/static,AVAILABLE}
2019-11-14 13:39:36,499 [Thread-1226] INFO  handler.ContextHandler (ContextHandler.java:doStart(781)) - Started o.e.j.w.WebAppContext@4c80f021{/,file:///tmp/jetty-0.0.0.0-39750-hddsDatanode-_-any-4686724020284915866.dir/webapp/,AVAILABLE}{/hddsDatanode}
2019-11-14 13:39:36,500 [Thread-1226] INFO  server.AbstractConnector (AbstractConnector.java:doStart(278)) - Started ServerConnector@70764145{HTTP/1.1,[http/1.1]}{0.0.0.0:39750}
2019-11-14 13:39:36,501 [Thread-1226] INFO  server.Server (Server.java:doStart(419)) - Started @199389ms
2019-11-14 13:39:36,501 [Thread-1226] WARN  impl.MetricsSystemImpl (MetricsSystemImpl.java:register(276)) - Sink prometheus already exists!
2019-11-14 13:39:36,502 [Thread-1226] INFO  server.BaseHttpServer (BaseHttpServer.java:updateConnectorAddress(215)) - HTTP server of HDDSDATANODE is listening at http://0.0.0.0:39750
2019-11-14 13:39:36,502 [Thread-1226] INFO  impl.MetricsSystemImpl (MetricsSystemImpl.java:init(158)) - HddsDatanode metrics system started (again)
2019-11-14 13:39:36,506 [org.apache.hadoop.util.JvmPauseMonitor$Monitor@70f3e3b2] INFO  util.JvmPauseMonitor (JvmPauseMonitor.java:run(188)) - Starting JVM pause monitor
2019-11-14 13:39:36,506 [Thread-1226] INFO  ozone.HddsDatanodeService (HddsDatanodeService.java:start(186)) - HddsDatanodeService host:pr-hdds-2479-srhdm-1052850629 ip:192.168.157.199
2019-11-14 13:39:36,507 [Datanode State Machine Thread - 0] INFO  datanode.InitDatanodeState (InitDatanodeState.java:persistContainerDatanodeDetails(140)) - DatanodeDetails is persisted to /workdir/hadoop-ozone/integration-test/target/test-dir/MiniOzoneClusterImpl-b7983275-f915-437c-8a4b-10d135678c30/datanode-1/meta/datanode.id
2019-11-14 13:39:36,513 [Thread-1226] INFO  volume.HddsVolume (HddsVolume.java:<init>(176)) - Creating Volume: /workdir/hadoop-ozone/integration-test/target/test-dir/MiniOzoneClusterImpl-b7983275-f915-437c-8a4b-10d135678c30/datanode-2/data/containers/hdds of  storage type : DISK and capacity : 1482555576320
2019-11-14 13:39:36,513 [Thread-1226] INFO  volume.VolumeSet (VolumeSet.java:initializeVolumeSet(170)) - Added Volume : /workdir/hadoop-ozone/integration-test/target/test-dir/MiniOzoneClusterImpl-b7983275-f915-437c-8a4b-10d135678c30/datanode-2/data/containers/hdds to VolumeSet
2019-11-14 13:39:36,513 [Thread-1226] INFO  volume.ThrottledAsyncChecker (ThrottledAsyncChecker.java:schedule(141)) - Scheduling a check for /workdir/hadoop-ozone/integration-test/target/test-dir/MiniOzoneClusterImpl-b7983275-f915-437c-8a4b-10d135678c30/datanode-2/data/containers/hdds
2019-11-14 13:39:36,514 [Thread-1226] INFO  volume.HddsVolumeChecker (HddsVolumeChecker.java:checkAllVolumes(204)) - Scheduled health check for volume /workdir/hadoop-ozone/integration-test/target/test-dir/MiniOzoneClusterImpl-b7983275-f915-437c-8a4b-10d135678c30/datanode-2/data/containers/hdds
2019-11-14 13:39:36,530 [Thread-1226] INFO  impl.RaftServerProxy (ConfUtils.java:logGet(43)) - raft.rpc.type = GRPC (default)
2019-11-14 13:39:36,530 [Thread-1226] INFO  grpc.GrpcFactory (GrpcFactory.java:checkPooledByteBufAllocatorUseCacheForAllThreads(45)) - PERFORMANCE WARNING: useCacheForAllThreads is true that may cause Netty to create a lot garbage objects and, as a result, trigger GC.
	It is recommended to disable useCacheForAllThreads by setting -Dorg.apache.ratis.thirdparty.io.netty.allocator.useCacheForAllThreads=false in command line.
2019-11-14 13:39:36,530 [Thread-1226] INFO  grpc.GrpcConfigKeys$Server (ConfUtils.java:logGet(43)) - raft.grpc.server.port = 0 (default)
2019-11-14 13:39:36,531 [Thread-1226] INFO  server.GrpcService (ConfUtils.java:logGet(43)) - raft.grpc.message.size.max = 33570816 (custom)
2019-11-14 13:39:36,531 [Thread-1226] INFO  server.RaftServerConfigKeys (ConfUtils.java:logGet(43)) - raft.server.log.appender.buffer.byte-limit = 33554432 (custom)
2019-11-14 13:39:36,531 [Thread-1226] INFO  server.GrpcService (ConfUtils.java:logGet(43)) - raft.grpc.flow.control.window = 1MB (=1048576) (default)
2019-11-14 13:39:36,531 [Thread-1226] INFO  server.RaftServerConfigKeys (ConfUtils.java:logGet(43)) - raft.server.rpc.request.timeout = 3000ms (default)
2019-11-14 13:39:36,532 [Thread-1226] INFO  server.RaftServerConfigKeys (ConfUtils.java:logGet(43)) - raft.server.storage.dir = [/workdir/hadoop-ozone/integration-test/target/test-dir/MiniOzoneClusterImpl-b7983275-f915-437c-8a4b-10d135678c30/datanode-2/data/ratis] (custom)
2019-11-14 13:39:36,533 [Thread-1226] INFO  hdfs.DFSUtil (DFSUtil.java:httpServerTemplateForNNAndJN(1641)) - Starting Web-server for hddsDatanode at: http://0.0.0.0:0
2019-11-14 13:39:36,535 [Thread-1226] INFO  server.AuthenticationFilter (AuthenticationFilter.java:constructSecretProvider(240)) - Unable to initialize FileSignerSecretProvider, falling back to use random secrets.
2019-11-14 13:39:36,535 [Thread-1226] WARN  http.HttpRequestLog (HttpRequestLog.java:getRequestLog(97)) - Jetty request log can only be enabled using Log4j
2019-11-14 13:39:36,536 [Thread-1226] INFO  http.HttpServer2 (HttpServer2.java:addGlobalFilter(975)) - Added global filter 'safety' (class=org.apache.hadoop.http.HttpServer2$QuotingInputFilter)
2019-11-14 13:39:36,537 [Thread-1226] INFO  http.HttpServer2 (HttpServer2.java:addFilter(948)) - Added filter static_user_filter (class=org.apache.hadoop.http.lib.StaticUserWebFilter$StaticUserFilter) to context hddsDatanode
2019-11-14 13:39:36,537 [Thread-1226] INFO  http.HttpServer2 (HttpServer2.java:addFilter(958)) - Added filter static_user_filter (class=org.apache.hadoop.http.lib.StaticUserWebFilter$StaticUserFilter) to context logs
2019-11-14 13:39:36,537 [Thread-1226] INFO  http.HttpServer2 (HttpServer2.java:addFilter(958)) - Added filter static_user_filter (class=org.apache.hadoop.http.lib.StaticUserWebFilter$StaticUserFilter) to context static
2019-11-14 13:39:36,538 [Thread-1226] INFO  http.HttpServer2 (HttpServer2.java:bindListener(1191)) - Jetty bound to port 35334
2019-11-14 13:39:36,538 [Thread-1226] INFO  server.Server (Server.java:doStart(351)) - jetty-9.3.25.v20180904, build timestamp: 2018-09-04T21:11:46Z, git hash: 3ce520221d0240229c862b122d2b06c12a625732
2019-11-14 13:39:36,540 [Thread-1226] INFO  handler.ContextHandler (ContextHandler.java:doStart(781)) - Started o.e.j.s.ServletContextHandler@4155a2a7{/logs,file:///workdir/hadoop-ozone/integration-test/target/log,AVAILABLE}
2019-11-14 13:39:36,540 [Thread-1226] INFO  handler.ContextHandler (ContextHandler.java:doStart(781)) - Started o.e.j.s.ServletContextHandler@362b7a0d{/static,jar:file:/home/user/.m2/repository/org/apache/hadoop/hadoop-hdds-container-service/0.5.0-SNAPSHOT/hadoop-hdds-container-service-0.5.0-SNAPSHOT.jar!/webapps/static,AVAILABLE}
2019-11-14 13:39:36,575 [Thread-1226] INFO  handler.ContextHandler (ContextHandler.java:doStart(781)) - Started o.e.j.w.WebAppContext@2f285ecd{/,file:///tmp/jetty-0.0.0.0-35334-hddsDatanode-_-any-3747780293762812536.dir/webapp/,AVAILABLE}{/hddsDatanode}
2019-11-14 13:39:36,575 [Thread-1226] INFO  server.AbstractConnector (AbstractConnector.java:doStart(278)) - Started ServerConnector@533c9725{HTTP/1.1,[http/1.1]}{0.0.0.0:35334}
2019-11-14 13:39:36,575 [Thread-1226] INFO  server.Server (Server.java:doStart(419)) - Started @199464ms
2019-11-14 13:39:36,577 [Thread-1226] WARN  impl.MetricsSystemImpl (MetricsSystemImpl.java:register(276)) - Sink prometheus already exists!
2019-11-14 13:39:36,578 [Thread-1226] INFO  server.BaseHttpServer (BaseHttpServer.java:updateConnectorAddress(215)) - HTTP server of HDDSDATANODE is listening at http://0.0.0.0:35334
2019-11-14 13:39:36,578 [Thread-1226] INFO  ozone.MiniOzoneClusterImpl (MiniOzoneClusterImpl.java:lambda$waitForClusterToBeReady$2(171)) - Waiting for cluster to be ready. Got 0 of 3 DN Heartbeats.
2019-11-14 13:39:36,581 [org.apache.hadoop.util.JvmPauseMonitor$Monitor@5da27f4a] INFO  util.JvmPauseMonitor (JvmPauseMonitor.java:run(188)) - Starting JVM pause monitor
2019-11-14 13:39:36,582 [Datanode State Machine Thread - 0] INFO  datanode.InitDatanodeState (InitDatanodeState.java:persistContainerDatanodeDetails(140)) - DatanodeDetails is persisted to /workdir/hadoop-ozone/integration-test/target/test-dir/MiniOzoneClusterImpl-b7983275-f915-437c-8a4b-10d135678c30/datanode-2/meta/datanode.id
2019-11-14 13:39:37,580 [Thread-1226] INFO  ozone.MiniOzoneClusterImpl (MiniOzoneClusterImpl.java:lambda$waitForClusterToBeReady$2(171)) - Waiting for cluster to be ready. Got 0 of 3 DN Heartbeats.
2019-11-14 13:39:38,460 [Datanode State Machine Thread - 0] INFO  ozoneimpl.OzoneContainer (OzoneContainer.java:start(230)) - Attempting to start container services.
2019-11-14 13:39:38,462 [Datanode State Machine Thread - 0] INFO  ozoneimpl.OzoneContainer (OzoneContainer.java:startContainerScrub(194)) - Background container scanner has been disabled.
2019-11-14 13:39:38,462 [Datanode State Machine Thread - 0] INFO  ratis.XceiverServerRatis (XceiverServerRatis.java:start(421)) - Starting XceiverServerRatis 1a416631-4a31-4875-a4dd-145cf773c257 at port 0
2019-11-14 13:39:38,470 [Datanode State Machine Thread - 0] INFO  impl.RaftServerProxy (RaftServerProxy.java:lambda$start$3(299)) - 1a416631-4a31-4875-a4dd-145cf773c257: start RPC server
2019-11-14 13:39:38,473 [Datanode State Machine Thread - 0] INFO  server.GrpcService (GrpcService.java:startImpl(158)) - 1a416631-4a31-4875-a4dd-145cf773c257: GrpcService started, listening on 0.0.0.0/0.0.0.0:39698
2019-11-14 13:39:38,473 [Datanode State Machine Thread - 0] INFO  ratis.XceiverServerRatis (XceiverServerRatis.java:start(431)) - XceiverServerRatis 1a416631-4a31-4875-a4dd-145cf773c257 is started using port 39698
2019-11-14 13:39:38,476 [Datanode State Machine Thread - 0] INFO  server.XceiverServerGrpc (XceiverServerGrpc.java:start(145)) - XceiverServerGrpc 1a416631-4a31-4875-a4dd-145cf773c257 is started using port 44841
2019-11-14 13:39:38,531 [Datanode State Machine Thread - 0] INFO  ozoneimpl.OzoneContainer (OzoneContainer.java:start(230)) - Attempting to start container services.
2019-11-14 13:39:38,533 [Datanode State Machine Thread - 0] INFO  ozoneimpl.OzoneContainer (OzoneContainer.java:startContainerScrub(194)) - Background container scanner has been disabled.
2019-11-14 13:39:38,533 [Datanode State Machine Thread - 0] INFO  ratis.XceiverServerRatis (XceiverServerRatis.java:start(421)) - Starting XceiverServerRatis 5424d03e-9d94-4394-ac5b-bf2bfa423983 at port 0
2019-11-14 13:39:38,540 [Datanode State Machine Thread - 0] INFO  impl.RaftServerProxy (RaftServerProxy.java:lambda$start$3(299)) - 5424d03e-9d94-4394-ac5b-bf2bfa423983: start RPC server
2019-11-14 13:39:38,545 [Datanode State Machine Thread - 0] INFO  server.GrpcService (GrpcService.java:startImpl(158)) - 5424d03e-9d94-4394-ac5b-bf2bfa423983: GrpcService started, listening on 0.0.0.0/0.0.0.0:37801
2019-11-14 13:39:38,546 [Datanode State Machine Thread - 0] INFO  ratis.XceiverServerRatis (XceiverServerRatis.java:start(431)) - XceiverServerRatis 5424d03e-9d94-4394-ac5b-bf2bfa423983 is started using port 37801
2019-11-14 13:39:38,549 [Datanode State Machine Thread - 0] INFO  server.XceiverServerGrpc (XceiverServerGrpc.java:start(145)) - XceiverServerGrpc 5424d03e-9d94-4394-ac5b-bf2bfa423983 is started using port 38285
2019-11-14 13:39:38,580 [Thread-1226] INFO  ozone.MiniOzoneClusterImpl (MiniOzoneClusterImpl.java:lambda$waitForClusterToBeReady$2(171)) - Waiting for cluster to be ready. Got 0 of 3 DN Heartbeats.
2019-11-14 13:39:38,605 [Datanode State Machine Thread - 0] INFO  ozoneimpl.OzoneContainer (OzoneContainer.java:start(230)) - Attempting to start container services.
2019-11-14 13:39:38,607 [Datanode State Machine Thread - 0] INFO  ozoneimpl.OzoneContainer (OzoneContainer.java:startContainerScrub(194)) - Background container scanner has been disabled.
2019-11-14 13:39:38,607 [Datanode State Machine Thread - 0] INFO  ratis.XceiverServerRatis (XceiverServerRatis.java:start(421)) - Starting XceiverServerRatis 1868887e-7e43-4728-b850-ca98b486cc04 at port 0
2019-11-14 13:39:38,614 [Datanode State Machine Thread - 0] INFO  impl.RaftServerProxy (RaftServerProxy.java:lambda$start$3(299)) - 1868887e-7e43-4728-b850-ca98b486cc04: start RPC server
2019-11-14 13:39:38,616 [Datanode State Machine Thread - 0] INFO  server.GrpcService (GrpcService.java:startImpl(158)) - 1868887e-7e43-4728-b850-ca98b486cc04: GrpcService started, listening on 0.0.0.0/0.0.0.0:39043
2019-11-14 13:39:38,616 [Datanode State Machine Thread - 0] INFO  ratis.XceiverServerRatis (XceiverServerRatis.java:start(431)) - XceiverServerRatis 1868887e-7e43-4728-b850-ca98b486cc04 is started using port 39043
2019-11-14 13:39:38,620 [Datanode State Machine Thread - 0] INFO  server.XceiverServerGrpc (XceiverServerGrpc.java:start(145)) - XceiverServerGrpc 1868887e-7e43-4728-b850-ca98b486cc04 is started using port 35501
2019-11-14 13:39:39,581 [Thread-1226] INFO  ozone.MiniOzoneClusterImpl (MiniOzoneClusterImpl.java:lambda$waitForClusterToBeReady$2(171)) - Waiting for cluster to be ready. Got 0 of 3 DN Heartbeats.
2019-11-14 13:39:40,434 [IPC Server handler 0 on 40080] INFO  net.NetworkTopology (NetworkTopologyImpl.java:add(111)) - Added a new node: /rack1/1a416631-4a31-4875-a4dd-145cf773c257
2019-11-14 13:39:40,435 [IPC Server handler 0 on 40080] INFO  node.SCMNodeManager (SCMNodeManager.java:register(267)) - Registered Data node : 1a416631-4a31-4875-a4dd-145cf773c257{ip: 192.168.157.199, host: pr-hdds-2479-srhdm-1052850629, networkLocation: /rack1, certSerialId: null}
2019-11-14 13:39:40,437 [EventQueue-NodeRegistrationContainerReportForDataNodeSafeModeRule] INFO  safemode.SCMSafeModeManager (DataNodeSafeModeRule.java:process(71)) - SCM in safe mode. 1 DataNodes registered, 1 required.
2019-11-14 13:39:40,438 [EventQueue-NodeRegistrationContainerReportForContainerSafeModeRule] INFO  safemode.SCMSafeModeManager (SCMSafeModeManager.java:validateSafeModeExitRules(177)) - ScmSafeModeManager, all rules are successfully validated
2019-11-14 13:39:40,439 [EventQueue-NodeRegistrationContainerReportForContainerSafeModeRule] INFO  safemode.SCMSafeModeManager (SCMSafeModeManager.java:exitSafeMode(193)) - SCM exiting safe mode.
2019-11-14 13:39:40,455 [grpc-default-executor-0] INFO  impl.RaftServerProxy (RaftServerProxy.java:addNew(89)) - 1a416631-4a31-4875-a4dd-145cf773c257: addNew group-D27ECDEEC458:[1a416631-4a31-4875-a4dd-145cf773c257:192.168.157.199:39698] returns group-D27ECDEEC458:java.util.concurrent.CompletableFuture@24f4ad6[Not completed]
2019-11-14 13:39:40,458 [pool-261-thread-1] INFO  impl.RaftServerImpl (RaftServerImpl.java:<init>(98)) - 1a416631-4a31-4875-a4dd-145cf773c257: new RaftServerImpl for group-D27ECDEEC458:[1a416631-4a31-4875-a4dd-145cf773c257:192.168.157.199:39698] with ContainerStateMachine:uninitialized
2019-11-14 13:39:40,459 [pool-261-thread-1] INFO  server.RaftServerConfigKeys (ConfUtils.java:logGet(43)) - raft.server.rpc.timeout.min = 5s (custom)
2019-11-14 13:39:40,459 [pool-261-thread-1] INFO  server.RaftServerConfigKeys (ConfUtils.java:logGet(43)) - raft.server.rpc.timeout.max = 5200ms (custom)
2019-11-14 13:39:40,459 [pool-261-thread-1] INFO  server.RaftServerConfigKeys (ConfUtils.java:logGet(43)) - raft.server.rpcslowness.timeout = 120s (custom)
2019-11-14 13:39:40,460 [pool-261-thread-1] INFO  server.RaftServerConfigKeys (ConfUtils.java:logGet(43)) - raft.server.sleep.deviation.threshold = 300 (default)
2019-11-14 13:39:40,460 [pool-261-thread-1] INFO  server.RaftServerConfigKeys (ConfUtils.java:logGet(43)) - raft.server.log.appender.install.snapshot.enabled = false (custom)
2019-11-14 13:39:40,460 [pool-261-thread-1] INFO  impl.RaftServerImpl (ServerState.java:<init>(103)) - 1a416631-4a31-4875-a4dd-145cf773c257@group-D27ECDEEC458: ConfigurationManager, init=-1: [1a416631-4a31-4875-a4dd-145cf773c257:192.168.157.199:39698], old=null, confs=<EMPTY_MAP>
2019-11-14 13:39:40,460 [pool-261-thread-1] INFO  server.RaftServerConfigKeys (ConfUtils.java:logGet(43)) - raft.server.storage.dir = [/workdir/hadoop-ozone/integration-test/target/test-dir/MiniOzoneClusterImpl-b7983275-f915-437c-8a4b-10d135678c30/datanode-0/data/ratis] (custom)
2019-11-14 13:39:40,461 [pool-261-thread-1] INFO  server.RaftServerConfigKeys (ConfUtils.java:logGet(43)) - raft.server.log.corruption.policy = EXCEPTION (default)
2019-11-14 13:39:40,461 [pool-261-thread-1] INFO  storage.RaftStorageDirectory (RaftStorageDirectory.java:analyzeStorage(246)) - The storage directory /workdir/hadoop-ozone/integration-test/target/test-dir/MiniOzoneClusterImpl-b7983275-f915-437c-8a4b-10d135678c30/datanode-0/data/ratis/e6a50db8-d82b-4223-bd90-d27ecdeec458 does not exist. Creating ...
2019-11-14 13:39:40,493 [pool-261-thread-1] INFO  storage.RaftStorageDirectory (RaftStorageDirectory.java:tryLock(328)) - Lock on /workdir/hadoop-ozone/integration-test/target/test-dir/MiniOzoneClusterImpl-b7983275-f915-437c-8a4b-10d135678c30/datanode-0/data/ratis/e6a50db8-d82b-4223-bd90-d27ecdeec458/in_use.lock acquired by nodename 9271@pr-hdds-2479-srhdm-1052850629
2019-11-14 13:39:40,507 [IPC Server handler 1 on 40080] INFO  net.NetworkTopology (NetworkTopologyImpl.java:add(111)) - Added a new node: /rack1/5424d03e-9d94-4394-ac5b-bf2bfa423983
2019-11-14 13:39:40,507 [IPC Server handler 1 on 40080] INFO  node.SCMNodeManager (SCMNodeManager.java:register(267)) - Registered Data node : 5424d03e-9d94-4394-ac5b-bf2bfa423983{ip: 192.168.157.199, host: pr-hdds-2479-srhdm-1052850629, networkLocation: /rack1, certSerialId: null}
2019-11-14 13:39:40,542 [pool-261-thread-1] INFO  storage.RaftStorage (RaftStorage.java:format(84)) - Storage directory /workdir/hadoop-ozone/integration-test/target/test-dir/MiniOzoneClusterImpl-b7983275-f915-437c-8a4b-10d135678c30/datanode-0/data/ratis/e6a50db8-d82b-4223-bd90-d27ecdeec458 has been successfully formatted.
2019-11-14 13:39:40,542 [pool-261-thread-1] INFO  ratis.ContainerStateMachine (ContainerStateMachine.java:loadSnapshot(223)) - group-D27ECDEEC458: The snapshot info is null. Setting the last applied indexto:(t:0, i:~)
2019-11-14 13:39:40,542 [pool-261-thread-1] INFO  server.RaftServerConfigKeys (ConfUtils.java:logGet(43)) - raft.server.notification.no-leader.timeout = 120s (custom)
2019-11-14 13:39:40,543 [pool-261-thread-1] INFO  server.RaftServerConfigKeys (ConfUtils.java:logGet(43)) - raft.server.log.use.memory = false (default)
2019-11-14 13:39:40,543 [pool-261-thread-1] INFO  server.RaftServerConfigKeys (ConfUtils.java:logGet(43)) - raft.server.log.purge.gap = 1000000 (custom)
2019-11-14 13:39:40,543 [pool-261-thread-1] INFO  server.RaftServerConfigKeys (ConfUtils.java:logGet(43)) - raft.server.log.appender.buffer.byte-limit = 33554432 (custom)
2019-11-14 13:39:40,543 [pool-261-thread-1] INFO  server.RaftServerConfigKeys (ConfUtils.java:logGet(43)) - raft.server.log.segment.size.max = 1048576 (custom)
2019-11-14 13:39:40,544 [pool-261-thread-1] WARN  impl.MetricRegistriesImpl (MetricRegistriesImpl.java:lambda$create$1(61)) - First MetricRegistry has been created without registering reporters. You may need to call MetricRegistries.global().addReportRegistration(...) before.
2019-11-14 13:39:40,544 [pool-261-thread-1] INFO  server.RaftServerConfigKeys (ConfUtils.java:logGet(43)) - raft.server.log.segment.cache.num.max = 2 (custom)
2019-11-14 13:39:40,545 [pool-261-thread-1] INFO  segmented.SegmentedRaftLogWorker (SegmentedRaftLogWorker.java:<init>(173)) - new 1a416631-4a31-4875-a4dd-145cf773c257@group-D27ECDEEC458-SegmentedRaftLogWorker for RaftStorage:Storage Directory /workdir/hadoop-ozone/integration-test/target/test-dir/MiniOzoneClusterImpl-b7983275-f915-437c-8a4b-10d135678c30/datanode-0/data/ratis/e6a50db8-d82b-4223-bd90-d27ecdeec458
2019-11-14 13:39:40,545 [pool-261-thread-1] INFO  server.RaftServerConfigKeys (ConfUtils.java:logGet(43)) - raft.server.log.queue.byte-limit = 2147483647 (custom)
2019-11-14 13:39:40,545 [pool-261-thread-1] INFO  server.RaftServerConfigKeys (ConfUtils.java:logGet(43)) - raft.server.log.queue.element-limit = 1024 (custom)
2019-11-14 13:39:40,545 [pool-261-thread-1] INFO  server.RaftServerConfigKeys (ConfUtils.java:logGet(43)) - raft.server.log.segment.size.max = 1048576 (custom)
2019-11-14 13:39:40,546 [pool-261-thread-1] INFO  server.RaftServerConfigKeys (ConfUtils.java:logGet(43)) - raft.server.log.preallocated.size = 16384 (custom)
2019-11-14 13:39:40,546 [pool-261-thread-1] INFO  server.RaftServerConfigKeys (ConfUtils.java:logGet(43)) - raft.server.log.write.buffer.size = 33554432 (custom)
2019-11-14 13:39:40,546 [pool-261-thread-1] INFO  server.RaftServerConfigKeys (ConfUtils.java:logGet(43)) - raft.server.log.force.sync.num = 128 (default)
2019-11-14 13:39:40,546 [pool-261-thread-1] INFO  server.RaftServerConfigKeys (ConfUtils.java:logGet(43)) - raft.server.log.statemachine.data.sync = true (default)
2019-11-14 13:39:40,546 [pool-261-thread-1] INFO  server.RaftServerConfigKeys (ConfUtils.java:logGet(43)) - raft.server.log.statemachine.data.sync.timeout = 10s (default)
2019-11-14 13:39:40,547 [pool-261-thread-1] INFO  server.RaftServerConfigKeys (ConfUtils.java:logGet(43)) - raft.server.log.statemachine.data.sync.timeout.retry = -1 (default)
2019-11-14 13:39:40,547 [pool-261-thread-1] INFO  server.RaftServerConfigKeys (ConfUtils.java:logGet(43)) - raft.server.log.statemachine.data.caching.enabled = true (custom)
2019-11-14 13:39:40,548 [pool-261-thread-1] INFO  segmented.SegmentedRaftLogWorker (SegmentedRaftLogWorker.java:lambda$new$0(128)) - 1a416631-4a31-4875-a4dd-145cf773c257@group-D27ECDEEC458-SegmentedRaftLogWorker: flushIndex: setUnconditionally 0 -> -1
2019-11-14 13:39:40,549 [pool-261-thread-1] INFO  server.RaftServerConfigKeys (ConfUtils.java:logGet(43)) - raft.server.snapshot.auto.trigger.enabled = true (custom)
2019-11-14 13:39:40,549 [pool-261-thread-1] INFO  server.RaftServerConfigKeys (ConfUtils.java:logGet(43)) - raft.server.snapshot.auto.trigger.threshold = 10000 (custom)
2019-11-14 13:39:40,549 [pool-261-thread-1] INFO  server.RaftServerConfigKeys (ConfUtils.java:logGet(43)) - raft.server.snapshot.retention.file.num = 5 (custom)
2019-11-14 13:39:40,549 [pool-261-thread-1] INFO  server.RaftServerConfigKeys (ConfUtils.java:logGet(43)) - raft.server.retrycache.expirytime = 600000ms (custom)
2019-11-14 13:39:40,550 [pool-261-thread-1] WARN  impl.MetricRegistriesImpl (MetricRegistriesImpl.java:lambda$create$1(61)) - First MetricRegistry has been created without registering reporters. You may need to call MetricRegistries.global().addReportRegistration(...) before.
2019-11-14 13:39:40,551 [pool-261-thread-1] WARN  impl.MetricRegistriesImpl (MetricRegistriesImpl.java:lambda$create$1(61)) - First MetricRegistry has been created without registering reporters. You may need to call MetricRegistries.global().addReportRegistration(...) before.
2019-11-14 13:39:40,551 [pool-261-thread-1] INFO  impl.RaftServerImpl (RaftServerImpl.java:start(184)) - 1a416631-4a31-4875-a4dd-145cf773c257@group-D27ECDEEC458: start as a follower, conf=-1: [1a416631-4a31-4875-a4dd-145cf773c257:192.168.157.199:39698], old=null
2019-11-14 13:39:40,551 [pool-261-thread-1] INFO  impl.RaftServerImpl (RaftServerImpl.java:setRole(173)) - 1a416631-4a31-4875-a4dd-145cf773c257@group-D27ECDEEC458: changes role from      null to FOLLOWER at term 0 for startAsFollower
2019-11-14 13:39:40,551 [pool-261-thread-1] INFO  impl.RoleInfo (RoleInfo.java:updateAndGet(143)) - 1a416631-4a31-4875-a4dd-145cf773c257: start FollowerState
2019-11-14 13:39:40,552 [pool-261-thread-1] INFO  util.JmxRegister (JmxRegister.java:tryRegister(44)) - Successfully registered JMX Bean with object name Ratis:service=RaftServer,group=group-D27ECDEEC458,id=1a416631-4a31-4875-a4dd-145cf773c257
2019-11-14 13:39:40,552 [pool-261-thread-1] WARN  impl.MetricRegistriesImpl (MetricRegistriesImpl.java:lambda$create$1(61)) - First MetricRegistry has been created without registering reporters. You may need to call MetricRegistries.global().addReportRegistration(...) before.
2019-11-14 13:39:40,562 [RatisPipelineUtilsThread] INFO  pipeline.PipelineStateManager (PipelineStateManager.java:addPipeline(55)) - Created pipeline Pipeline[ Id: e6a50db8-d82b-4223-bd90-d27ecdeec458, Nodes: 1a416631-4a31-4875-a4dd-145cf773c257{ip: 192.168.157.199, host: pr-hdds-2479-srhdm-1052850629, networkLocation: /rack1, certSerialId: null}, Type:RATIS, Factor:ONE, State:ALLOCATED]
2019-11-14 13:39:40,574 [grpc-default-executor-0] INFO  impl.RaftServerProxy (RaftServerProxy.java:addNew(89)) - 5424d03e-9d94-4394-ac5b-bf2bfa423983: addNew group-050C8E24B274:[5424d03e-9d94-4394-ac5b-bf2bfa423983:192.168.157.199:37801] returns group-050C8E24B274:java.util.concurrent.CompletableFuture@31cd9d3[Not completed]
2019-11-14 13:39:40,576 [pool-271-thread-1] INFO  impl.RaftServerImpl (RaftServerImpl.java:<init>(98)) - 5424d03e-9d94-4394-ac5b-bf2bfa423983: new RaftServerImpl for group-050C8E24B274:[5424d03e-9d94-4394-ac5b-bf2bfa423983:192.168.157.199:37801] with ContainerStateMachine:uninitialized
2019-11-14 13:39:40,577 [pool-271-thread-1] INFO  server.RaftServerConfigKeys (ConfUtils.java:logGet(43)) - raft.server.rpc.timeout.min = 5s (custom)
2019-11-14 13:39:40,577 [pool-271-thread-1] INFO  server.RaftServerConfigKeys (ConfUtils.java:logGet(43)) - raft.server.rpc.timeout.max = 5200ms (custom)
2019-11-14 13:39:40,577 [pool-271-thread-1] INFO  server.RaftServerConfigKeys (ConfUtils.java:logGet(43)) - raft.server.rpcslowness.timeout = 120s (custom)
2019-11-14 13:39:40,578 [pool-271-thread-1] INFO  server.RaftServerConfigKeys (ConfUtils.java:logGet(43)) - raft.server.sleep.deviation.threshold = 300 (default)
2019-11-14 13:39:40,578 [pool-271-thread-1] INFO  server.RaftServerConfigKeys (ConfUtils.java:logGet(43)) - raft.server.log.appender.install.snapshot.enabled = false (custom)
2019-11-14 13:39:40,578 [pool-271-thread-1] INFO  impl.RaftServerImpl (ServerState.java:<init>(103)) - 5424d03e-9d94-4394-ac5b-bf2bfa423983@group-050C8E24B274: ConfigurationManager, init=-1: [5424d03e-9d94-4394-ac5b-bf2bfa423983:192.168.157.199:37801], old=null, confs=<EMPTY_MAP>
2019-11-14 13:39:40,578 [pool-271-thread-1] INFO  server.RaftServerConfigKeys (ConfUtils.java:logGet(43)) - raft.server.storage.dir = [/workdir/hadoop-ozone/integration-test/target/test-dir/MiniOzoneClusterImpl-b7983275-f915-437c-8a4b-10d135678c30/datanode-1/data/ratis] (custom)
2019-11-14 13:39:40,578 [pool-271-thread-1] INFO  server.RaftServerConfigKeys (ConfUtils.java:logGet(43)) - raft.server.log.corruption.policy = EXCEPTION (default)
2019-11-14 13:39:40,579 [pool-271-thread-1] INFO  storage.RaftStorageDirectory (RaftStorageDirectory.java:analyzeStorage(246)) - The storage directory /workdir/hadoop-ozone/integration-test/target/test-dir/MiniOzoneClusterImpl-b7983275-f915-437c-8a4b-10d135678c30/datanode-1/data/ratis/b8684949-fa96-45d9-976d-050c8e24b274 does not exist. Creating ...
2019-11-14 13:39:40,582 [IPC Server handler 2 on 40080] INFO  net.NetworkTopology (NetworkTopologyImpl.java:add(111)) - Added a new node: /rack1/1868887e-7e43-4728-b850-ca98b486cc04
2019-11-14 13:39:40,583 [IPC Server handler 2 on 40080] INFO  node.SCMNodeManager (SCMNodeManager.java:register(267)) - Registered Data node : 1868887e-7e43-4728-b850-ca98b486cc04{ip: 192.168.157.199, host: pr-hdds-2479-srhdm-1052850629, networkLocation: /rack1, certSerialId: null}
2019-11-14 13:39:40,594 [pool-271-thread-1] INFO  storage.RaftStorageDirectory (RaftStorageDirectory.java:tryLock(328)) - Lock on /workdir/hadoop-ozone/integration-test/target/test-dir/MiniOzoneClusterImpl-b7983275-f915-437c-8a4b-10d135678c30/datanode-1/data/ratis/b8684949-fa96-45d9-976d-050c8e24b274/in_use.lock acquired by nodename 9271@pr-hdds-2479-srhdm-1052850629
2019-11-14 13:39:40,616 [pool-271-thread-1] INFO  storage.RaftStorage (RaftStorage.java:format(84)) - Storage directory /workdir/hadoop-ozone/integration-test/target/test-dir/MiniOzoneClusterImpl-b7983275-f915-437c-8a4b-10d135678c30/datanode-1/data/ratis/b8684949-fa96-45d9-976d-050c8e24b274 has been successfully formatted.
2019-11-14 13:39:40,616 [pool-271-thread-1] INFO  ratis.ContainerStateMachine (ContainerStateMachine.java:loadSnapshot(223)) - group-050C8E24B274: The snapshot info is null. Setting the last applied indexto:(t:0, i:~)
2019-11-14 13:39:40,616 [pool-271-thread-1] INFO  server.RaftServerConfigKeys (ConfUtils.java:logGet(43)) - raft.server.notification.no-leader.timeout = 120s (custom)
2019-11-14 13:39:40,617 [pool-271-thread-1] INFO  server.RaftServerConfigKeys (ConfUtils.java:logGet(43)) - raft.server.log.use.memory = false (default)
2019-11-14 13:39:40,617 [pool-271-thread-1] INFO  server.RaftServerConfigKeys (ConfUtils.java:logGet(43)) - raft.server.log.purge.gap = 1000000 (custom)
2019-11-14 13:39:40,617 [pool-271-thread-1] INFO  server.RaftServerConfigKeys (ConfUtils.java:logGet(43)) - raft.server.log.appender.buffer.byte-limit = 33554432 (custom)
2019-11-14 13:39:40,617 [pool-271-thread-1] INFO  server.RaftServerConfigKeys (ConfUtils.java:logGet(43)) - raft.server.log.segment.size.max = 1048576 (custom)
2019-11-14 13:39:40,617 [pool-271-thread-1] WARN  impl.MetricRegistriesImpl (MetricRegistriesImpl.java:lambda$create$1(61)) - First MetricRegistry has been created without registering reporters. You may need to call MetricRegistries.global().addReportRegistration(...) before.
2019-11-14 13:39:40,617 [pool-271-thread-1] INFO  server.RaftServerConfigKeys (ConfUtils.java:logGet(43)) - raft.server.log.segment.cache.num.max = 2 (custom)
2019-11-14 13:39:40,618 [pool-271-thread-1] INFO  segmented.SegmentedRaftLogWorker (SegmentedRaftLogWorker.java:<init>(173)) - new 5424d03e-9d94-4394-ac5b-bf2bfa423983@group-050C8E24B274-SegmentedRaftLogWorker for RaftStorage:Storage Directory /workdir/hadoop-ozone/integration-test/target/test-dir/MiniOzoneClusterImpl-b7983275-f915-437c-8a4b-10d135678c30/datanode-1/data/ratis/b8684949-fa96-45d9-976d-050c8e24b274
2019-11-14 13:39:40,618 [pool-271-thread-1] INFO  server.RaftServerConfigKeys (ConfUtils.java:logGet(43)) - raft.server.log.queue.byte-limit = 2147483647 (custom)
2019-11-14 13:39:40,618 [pool-271-thread-1] INFO  server.RaftServerConfigKeys (ConfUtils.java:logGet(43)) - raft.server.log.queue.element-limit = 1024 (custom)
2019-11-14 13:39:40,618 [pool-271-thread-1] INFO  server.RaftServerConfigKeys (ConfUtils.java:logGet(43)) - raft.server.log.segment.size.max = 1048576 (custom)
2019-11-14 13:39:40,618 [pool-271-thread-1] INFO  server.RaftServerConfigKeys (ConfUtils.java:logGet(43)) - raft.server.log.preallocated.size = 16384 (custom)
2019-11-14 13:39:40,618 [pool-271-thread-1] INFO  server.RaftServerConfigKeys (ConfUtils.java:logGet(43)) - raft.server.log.write.buffer.size = 33554432 (custom)
2019-11-14 13:39:40,618 [pool-271-thread-1] INFO  server.RaftServerConfigKeys (ConfUtils.java:logGet(43)) - raft.server.log.force.sync.num = 128 (default)
2019-11-14 13:39:40,619 [pool-271-thread-1] INFO  server.RaftServerConfigKeys (ConfUtils.java:logGet(43)) - raft.server.log.statemachine.data.sync = true (default)
2019-11-14 13:39:40,619 [pool-271-thread-1] INFO  server.RaftServerConfigKeys (ConfUtils.java:logGet(43)) - raft.server.log.statemachine.data.sync.timeout = 10s (default)
2019-11-14 13:39:40,619 [pool-271-thread-1] INFO  server.RaftServerConfigKeys (ConfUtils.java:logGet(43)) - raft.server.log.statemachine.data.sync.timeout.retry = -1 (default)
2019-11-14 13:39:40,619 [pool-271-thread-1] INFO  server.RaftServerConfigKeys (ConfUtils.java:logGet(43)) - raft.server.log.statemachine.data.caching.enabled = true (custom)
2019-11-14 13:39:40,620 [pool-271-thread-1] INFO  segmented.SegmentedRaftLogWorker (SegmentedRaftLogWorker.java:lambda$new$0(128)) - 5424d03e-9d94-4394-ac5b-bf2bfa423983@group-050C8E24B274-SegmentedRaftLogWorker: flushIndex: setUnconditionally 0 -> -1
2019-11-14 13:39:40,620 [pool-271-thread-1] INFO  server.RaftServerConfigKeys (ConfUtils.java:logGet(43)) - raft.server.snapshot.auto.trigger.enabled = true (custom)
2019-11-14 13:39:40,620 [pool-271-thread-1] INFO  server.RaftServerConfigKeys (ConfUtils.java:logGet(43)) - raft.server.snapshot.auto.trigger.threshold = 10000 (custom)
2019-11-14 13:39:40,620 [pool-271-thread-1] INFO  server.RaftServerConfigKeys (ConfUtils.java:logGet(43)) - raft.server.snapshot.retention.file.num = 5 (custom)
2019-11-14 13:39:40,620 [pool-271-thread-1] INFO  server.RaftServerConfigKeys (ConfUtils.java:logGet(43)) - raft.server.retrycache.expirytime = 600000ms (custom)
2019-11-14 13:39:40,621 [pool-271-thread-1] WARN  impl.MetricRegistriesImpl (MetricRegistriesImpl.java:lambda$create$1(61)) - First MetricRegistry has been created without registering reporters. You may need to call MetricRegistries.global().addReportRegistration(...) before.
2019-11-14 13:39:40,621 [pool-271-thread-1] WARN  impl.MetricRegistriesImpl (MetricRegistriesImpl.java:lambda$create$1(61)) - First MetricRegistry has been created without registering reporters. You may need to call MetricRegistries.global().addReportRegistration(...) before.
2019-11-14 13:39:40,621 [pool-271-thread-1] INFO  impl.RaftServerImpl (RaftServerImpl.java:start(184)) - 5424d03e-9d94-4394-ac5b-bf2bfa423983@group-050C8E24B274: start as a follower, conf=-1: [5424d03e-9d94-4394-ac5b-bf2bfa423983:192.168.157.199:37801], old=null
2019-11-14 13:39:40,621 [pool-271-thread-1] INFO  impl.RaftServerImpl (RaftServerImpl.java:setRole(173)) - 5424d03e-9d94-4394-ac5b-bf2bfa423983@group-050C8E24B274: changes role from      null to FOLLOWER at term 0 for startAsFollower
2019-11-14 13:39:40,621 [pool-271-thread-1] INFO  impl.RoleInfo (RoleInfo.java:updateAndGet(143)) - 5424d03e-9d94-4394-ac5b-bf2bfa423983: start FollowerState
2019-11-14 13:39:40,622 [pool-271-thread-1] INFO  util.JmxRegister (JmxRegister.java:tryRegister(44)) - Successfully registered JMX Bean with object name Ratis:service=RaftServer,group=group-050C8E24B274,id=5424d03e-9d94-4394-ac5b-bf2bfa423983
2019-11-14 13:39:40,622 [pool-271-thread-1] WARN  impl.MetricRegistriesImpl (MetricRegistriesImpl.java:lambda$create$1(61)) - First MetricRegistry has been created without registering reporters. You may need to call MetricRegistries.global().addReportRegistration(...) before.
2019-11-14 13:39:40,629 [RatisPipelineUtilsThread] INFO  pipeline.PipelineStateManager (PipelineStateManager.java:addPipeline(55)) - Created pipeline Pipeline[ Id: b8684949-fa96-45d9-976d-050c8e24b274, Nodes: 5424d03e-9d94-4394-ac5b-bf2bfa423983{ip: 192.168.157.199, host: pr-hdds-2479-srhdm-1052850629, networkLocation: /rack1, certSerialId: null}, Type:RATIS, Factor:ONE, State:ALLOCATED]
2019-11-14 13:39:40,642 [grpc-default-executor-0] INFO  impl.RaftServerProxy (RaftServerProxy.java:addNew(89)) - 1868887e-7e43-4728-b850-ca98b486cc04: addNew group-204307EFE5F9:[1868887e-7e43-4728-b850-ca98b486cc04:192.168.157.199:39043] returns group-204307EFE5F9:java.util.concurrent.CompletableFuture@266c3368[Not completed]
2019-11-14 13:39:40,644 [pool-281-thread-1] INFO  impl.RaftServerImpl (RaftServerImpl.java:<init>(98)) - 1868887e-7e43-4728-b850-ca98b486cc04: new RaftServerImpl for group-204307EFE5F9:[1868887e-7e43-4728-b850-ca98b486cc04:192.168.157.199:39043] with ContainerStateMachine:uninitialized
2019-11-14 13:39:40,645 [pool-281-thread-1] INFO  server.RaftServerConfigKeys (ConfUtils.java:logGet(43)) - raft.server.rpc.timeout.min = 5s (custom)
2019-11-14 13:39:40,645 [pool-281-thread-1] INFO  server.RaftServerConfigKeys (ConfUtils.java:logGet(43)) - raft.server.rpc.timeout.max = 5200ms (custom)
2019-11-14 13:39:40,645 [pool-281-thread-1] INFO  server.RaftServerConfigKeys (ConfUtils.java:logGet(43)) - raft.server.rpcslowness.timeout = 120s (custom)
2019-11-14 13:39:40,645 [pool-281-thread-1] INFO  server.RaftServerConfigKeys (ConfUtils.java:logGet(43)) - raft.server.sleep.deviation.threshold = 300 (default)
2019-11-14 13:39:40,645 [pool-281-thread-1] INFO  server.RaftServerConfigKeys (ConfUtils.java:logGet(43)) - raft.server.log.appender.install.snapshot.enabled = false (custom)
2019-11-14 13:39:40,646 [pool-281-thread-1] INFO  impl.RaftServerImpl (ServerState.java:<init>(103)) - 1868887e-7e43-4728-b850-ca98b486cc04@group-204307EFE5F9: ConfigurationManager, init=-1: [1868887e-7e43-4728-b850-ca98b486cc04:192.168.157.199:39043], old=null, confs=<EMPTY_MAP>
2019-11-14 13:39:40,646 [pool-281-thread-1] INFO  server.RaftServerConfigKeys (ConfUtils.java:logGet(43)) - raft.server.storage.dir = [/workdir/hadoop-ozone/integration-test/target/test-dir/MiniOzoneClusterImpl-b7983275-f915-437c-8a4b-10d135678c30/datanode-2/data/ratis] (custom)
2019-11-14 13:39:40,646 [pool-281-thread-1] INFO  server.RaftServerConfigKeys (ConfUtils.java:logGet(43)) - raft.server.log.corruption.policy = EXCEPTION (default)
2019-11-14 13:39:40,646 [pool-281-thread-1] INFO  storage.RaftStorageDirectory (RaftStorageDirectory.java:analyzeStorage(246)) - The storage directory /workdir/hadoop-ozone/integration-test/target/test-dir/MiniOzoneClusterImpl-b7983275-f915-437c-8a4b-10d135678c30/datanode-2/data/ratis/416acf9a-e4d1-4db1-a2ee-204307efe5f9 does not exist. Creating ...
2019-11-14 13:39:40,670 [pool-281-thread-1] INFO  storage.RaftStorageDirectory (RaftStorageDirectory.java:tryLock(328)) - Lock on /workdir/hadoop-ozone/integration-test/target/test-dir/MiniOzoneClusterImpl-b7983275-f915-437c-8a4b-10d135678c30/datanode-2/data/ratis/416acf9a-e4d1-4db1-a2ee-204307efe5f9/in_use.lock acquired by nodename 9271@pr-hdds-2479-srhdm-1052850629
2019-11-14 13:39:40,692 [pool-281-thread-1] INFO  storage.RaftStorage (RaftStorage.java:format(84)) - Storage directory /workdir/hadoop-ozone/integration-test/target/test-dir/MiniOzoneClusterImpl-b7983275-f915-437c-8a4b-10d135678c30/datanode-2/data/ratis/416acf9a-e4d1-4db1-a2ee-204307efe5f9 has been successfully formatted.
2019-11-14 13:39:40,693 [pool-281-thread-1] INFO  ratis.ContainerStateMachine (ContainerStateMachine.java:loadSnapshot(223)) - group-204307EFE5F9: The snapshot info is null. Setting the last applied indexto:(t:0, i:~)
2019-11-14 13:39:40,693 [pool-281-thread-1] INFO  server.RaftServerConfigKeys (ConfUtils.java:logGet(43)) - raft.server.notification.no-leader.timeout = 120s (custom)
2019-11-14 13:39:40,693 [pool-281-thread-1] INFO  server.RaftServerConfigKeys (ConfUtils.java:logGet(43)) - raft.server.log.use.memory = false (default)
2019-11-14 13:39:40,693 [pool-281-thread-1] INFO  server.RaftServerConfigKeys (ConfUtils.java:logGet(43)) - raft.server.log.purge.gap = 1000000 (custom)
2019-11-14 13:39:40,693 [pool-281-thread-1] INFO  server.RaftServerConfigKeys (ConfUtils.java:logGet(43)) - raft.server.log.appender.buffer.byte-limit = 33554432 (custom)
2019-11-14 13:39:40,694 [pool-281-thread-1] INFO  server.RaftServerConfigKeys (ConfUtils.java:logGet(43)) - raft.server.log.segment.size.max = 1048576 (custom)
2019-11-14 13:39:40,694 [pool-281-thread-1] WARN  impl.MetricRegistriesImpl (MetricRegistriesImpl.java:lambda$create$1(61)) - First MetricRegistry has been created without registering reporters. You may need to call MetricRegistries.global().addReportRegistration(...) before.
2019-11-14 13:39:40,694 [pool-281-thread-1] INFO  server.RaftServerConfigKeys (ConfUtils.java:logGet(43)) - raft.server.log.segment.cache.num.max = 2 (custom)
2019-11-14 13:39:40,694 [pool-281-thread-1] INFO  segmented.SegmentedRaftLogWorker (SegmentedRaftLogWorker.java:<init>(173)) - new 1868887e-7e43-4728-b850-ca98b486cc04@group-204307EFE5F9-SegmentedRaftLogWorker for RaftStorage:Storage Directory /workdir/hadoop-ozone/integration-test/target/test-dir/MiniOzoneClusterImpl-b7983275-f915-437c-8a4b-10d135678c30/datanode-2/data/ratis/416acf9a-e4d1-4db1-a2ee-204307efe5f9
2019-11-14 13:39:40,694 [pool-281-thread-1] INFO  server.RaftServerConfigKeys (ConfUtils.java:logGet(43)) - raft.server.log.queue.byte-limit = 2147483647 (custom)
2019-11-14 13:39:40,694 [pool-281-thread-1] INFO  server.RaftServerConfigKeys (ConfUtils.java:logGet(43)) - raft.server.log.queue.element-limit = 1024 (custom)
2019-11-14 13:39:40,695 [pool-281-thread-1] INFO  server.RaftServerConfigKeys (ConfUtils.java:logGet(43)) - raft.server.log.segment.size.max = 1048576 (custom)
2019-11-14 13:39:40,695 [pool-281-thread-1] INFO  server.RaftServerConfigKeys (ConfUtils.java:logGet(43)) - raft.server.log.preallocated.size = 16384 (custom)
2019-11-14 13:39:40,695 [pool-281-thread-1] INFO  server.RaftServerConfigKeys (ConfUtils.java:logGet(43)) - raft.server.log.write.buffer.size = 33554432 (custom)
2019-11-14 13:39:40,695 [pool-281-thread-1] INFO  server.RaftServerConfigKeys (ConfUtils.java:logGet(43)) - raft.server.log.force.sync.num = 128 (default)
2019-11-14 13:39:40,695 [pool-281-thread-1] INFO  server.RaftServerConfigKeys (ConfUtils.java:logGet(43)) - raft.server.log.statemachine.data.sync = true (default)
2019-11-14 13:39:40,695 [pool-281-thread-1] INFO  server.RaftServerConfigKeys (ConfUtils.java:logGet(43)) - raft.server.log.statemachine.data.sync.timeout = 10s (default)
2019-11-14 13:39:40,695 [pool-281-thread-1] INFO  server.RaftServerConfigKeys (ConfUtils.java:logGet(43)) - raft.server.log.statemachine.data.sync.timeout.retry = -1 (default)
2019-11-14 13:39:40,696 [pool-281-thread-1] INFO  server.RaftServerConfigKeys (ConfUtils.java:logGet(43)) - raft.server.log.statemachine.data.caching.enabled = true (custom)
2019-11-14 13:39:40,696 [pool-281-thread-1] INFO  segmented.SegmentedRaftLogWorker (SegmentedRaftLogWorker.java:lambda$new$0(128)) - 1868887e-7e43-4728-b850-ca98b486cc04@group-204307EFE5F9-SegmentedRaftLogWorker: flushIndex: setUnconditionally 0 -> -1
2019-11-14 13:39:40,697 [pool-281-thread-1] INFO  server.RaftServerConfigKeys (ConfUtils.java:logGet(43)) - raft.server.snapshot.auto.trigger.enabled = true (custom)
2019-11-14 13:39:40,697 [pool-281-thread-1] INFO  server.RaftServerConfigKeys (ConfUtils.java:logGet(43)) - raft.server.snapshot.auto.trigger.threshold = 10000 (custom)
2019-11-14 13:39:40,697 [pool-281-thread-1] INFO  server.RaftServerConfigKeys (ConfUtils.java:logGet(43)) - raft.server.snapshot.retention.file.num = 5 (custom)
2019-11-14 13:39:40,697 [pool-281-thread-1] INFO  server.RaftServerConfigKeys (ConfUtils.java:logGet(43)) - raft.server.retrycache.expirytime = 600000ms (custom)
2019-11-14 13:39:40,697 [pool-281-thread-1] WARN  impl.MetricRegistriesImpl (MetricRegistriesImpl.java:lambda$create$1(61)) - First MetricRegistry has been created without registering reporters. You may need to call MetricRegistries.global().addReportRegistration(...) before.
2019-11-14 13:39:40,698 [pool-281-thread-1] WARN  impl.MetricRegistriesImpl (MetricRegistriesImpl.java:lambda$create$1(61)) - First MetricRegistry has been created without registering reporters. You may need to call MetricRegistries.global().addReportRegistration(...) before.
2019-11-14 13:39:40,698 [pool-281-thread-1] INFO  impl.RaftServerImpl (RaftServerImpl.java:start(184)) - 1868887e-7e43-4728-b850-ca98b486cc04@group-204307EFE5F9: start as a follower, conf=-1: [1868887e-7e43-4728-b850-ca98b486cc04:192.168.157.199:39043], old=null
2019-11-14 13:39:40,698 [pool-281-thread-1] INFO  impl.RaftServerImpl (RaftServerImpl.java:setRole(173)) - 1868887e-7e43-4728-b850-ca98b486cc04@group-204307EFE5F9: changes role from      null to FOLLOWER at term 0 for startAsFollower
2019-11-14 13:39:40,698 [pool-281-thread-1] INFO  impl.RoleInfo (RoleInfo.java:updateAndGet(143)) - 1868887e-7e43-4728-b850-ca98b486cc04: start FollowerState
2019-11-14 13:39:40,699 [pool-281-thread-1] INFO  util.JmxRegister (JmxRegister.java:tryRegister(44)) - Successfully registered JMX Bean with object name Ratis:service=RaftServer,group=group-204307EFE5F9,id=1868887e-7e43-4728-b850-ca98b486cc04
2019-11-14 13:39:40,699 [pool-281-thread-1] WARN  impl.MetricRegistriesImpl (MetricRegistriesImpl.java:lambda$create$1(61)) - First MetricRegistry has been created without registering reporters. You may need to call MetricRegistries.global().addReportRegistration(...) before.
2019-11-14 13:39:40,707 [RatisPipelineUtilsThread] INFO  pipeline.PipelineStateManager (PipelineStateManager.java:addPipeline(55)) - Created pipeline Pipeline[ Id: 416acf9a-e4d1-4db1-a2ee-204307efe5f9, Nodes: 1868887e-7e43-4728-b850-ca98b486cc04{ip: 192.168.157.199, host: pr-hdds-2479-srhdm-1052850629, networkLocation: /rack1, certSerialId: null}, Type:RATIS, Factor:ONE, State:ALLOCATED]
2019-11-14 13:39:40,725 [grpc-default-executor-3] INFO  impl.RaftServerProxy (RaftServerProxy.java:addNew(89)) - 1868887e-7e43-4728-b850-ca98b486cc04: addNew group-473E8DDBC85E:[1868887e-7e43-4728-b850-ca98b486cc04:192.168.157.199:39043, 5424d03e-9d94-4394-ac5b-bf2bfa423983:192.168.157.199:37801, 1a416631-4a31-4875-a4dd-145cf773c257:192.168.157.199:39698] returns group-473E8DDBC85E:java.util.concurrent.CompletableFuture@1aa57b38[Not completed]
2019-11-14 13:39:40,727 [grpc-default-executor-2] INFO  impl.RaftServerProxy (RaftServerProxy.java:addNew(89)) - 1a416631-4a31-4875-a4dd-145cf773c257: addNew group-473E8DDBC85E:[1868887e-7e43-4728-b850-ca98b486cc04:192.168.157.199:39043, 5424d03e-9d94-4394-ac5b-bf2bfa423983:192.168.157.199:37801, 1a416631-4a31-4875-a4dd-145cf773c257:192.168.157.199:39698] returns group-473E8DDBC85E:java.util.concurrent.CompletableFuture@4d954797[Not completed]
2019-11-14 13:39:40,727 [grpc-default-executor-0] INFO  impl.RaftServerProxy (RaftServerProxy.java:addNew(89)) - 5424d03e-9d94-4394-ac5b-bf2bfa423983: addNew group-473E8DDBC85E:[1868887e-7e43-4728-b850-ca98b486cc04:192.168.157.199:39043, 5424d03e-9d94-4394-ac5b-bf2bfa423983:192.168.157.199:37801, 1a416631-4a31-4875-a4dd-145cf773c257:192.168.157.199:39698] returns group-473E8DDBC85E:java.util.concurrent.CompletableFuture@5160cf1a[Not completed]
2019-11-14 13:39:40,728 [pool-281-thread-1] INFO  impl.RaftServerImpl (RaftServerImpl.java:<init>(98)) - 1868887e-7e43-4728-b850-ca98b486cc04: new RaftServerImpl for group-473E8DDBC85E:[1868887e-7e43-4728-b850-ca98b486cc04:192.168.157.199:39043, 5424d03e-9d94-4394-ac5b-bf2bfa423983:192.168.157.199:37801, 1a416631-4a31-4875-a4dd-145cf773c257:192.168.157.199:39698] with ContainerStateMachine:uninitialized
2019-11-14 13:39:40,728 [pool-281-thread-1] INFO  server.RaftServerConfigKeys (ConfUtils.java:logGet(43)) - raft.server.rpc.timeout.min = 5s (custom)
2019-11-14 13:39:40,729 [pool-271-thread-1] INFO  impl.RaftServerImpl (RaftServerImpl.java:<init>(98)) - 5424d03e-9d94-4394-ac5b-bf2bfa423983: new RaftServerImpl for group-473E8DDBC85E:[1868887e-7e43-4728-b850-ca98b486cc04:192.168.157.199:39043, 5424d03e-9d94-4394-ac5b-bf2bfa423983:192.168.157.199:37801, 1a416631-4a31-4875-a4dd-145cf773c257:192.168.157.199:39698] with ContainerStateMachine:uninitialized
2019-11-14 13:39:40,729 [pool-281-thread-1] INFO  server.RaftServerConfigKeys (ConfUtils.java:logGet(43)) - raft.server.rpc.timeout.max = 5200ms (custom)
2019-11-14 13:39:40,729 [pool-271-thread-1] INFO  server.RaftServerConfigKeys (ConfUtils.java:logGet(43)) - raft.server.rpc.timeout.min = 5s (custom)
2019-11-14 13:39:40,729 [pool-281-thread-1] INFO  server.RaftServerConfigKeys (ConfUtils.java:logGet(43)) - raft.server.rpcslowness.timeout = 120s (custom)
2019-11-14 13:39:40,729 [pool-271-thread-1] INFO  server.RaftServerConfigKeys (ConfUtils.java:logGet(43)) - raft.server.rpc.timeout.max = 5200ms (custom)
2019-11-14 13:39:40,729 [pool-281-thread-1] INFO  server.RaftServerConfigKeys (ConfUtils.java:logGet(43)) - raft.server.sleep.deviation.threshold = 300 (default)
2019-11-14 13:39:40,729 [pool-271-thread-1] INFO  server.RaftServerConfigKeys (ConfUtils.java:logGet(43)) - raft.server.rpcslowness.timeout = 120s (custom)
2019-11-14 13:39:40,729 [pool-261-thread-1] INFO  impl.RaftServerImpl (RaftServerImpl.java:<init>(98)) - 1a416631-4a31-4875-a4dd-145cf773c257: new RaftServerImpl for group-473E8DDBC85E:[1868887e-7e43-4728-b850-ca98b486cc04:192.168.157.199:39043, 5424d03e-9d94-4394-ac5b-bf2bfa423983:192.168.157.199:37801, 1a416631-4a31-4875-a4dd-145cf773c257:192.168.157.199:39698] with ContainerStateMachine:uninitialized
2019-11-14 13:39:40,729 [pool-271-thread-1] INFO  server.RaftServerConfigKeys (ConfUtils.java:logGet(43)) - raft.server.sleep.deviation.threshold = 300 (default)
2019-11-14 13:39:40,729 [pool-281-thread-1] INFO  server.RaftServerConfigKeys (ConfUtils.java:logGet(43)) - raft.server.log.appender.install.snapshot.enabled = false (custom)
2019-11-14 13:39:40,730 [pool-271-thread-1] INFO  server.RaftServerConfigKeys (ConfUtils.java:logGet(43)) - raft.server.log.appender.install.snapshot.enabled = false (custom)
2019-11-14 13:39:40,730 [pool-261-thread-1] INFO  server.RaftServerConfigKeys (ConfUtils.java:logGet(43)) - raft.server.rpc.timeout.min = 5s (custom)
2019-11-14 13:39:40,730 [pool-271-thread-1] INFO  impl.RaftServerImpl (ServerState.java:<init>(103)) - 5424d03e-9d94-4394-ac5b-bf2bfa423983@group-473E8DDBC85E: ConfigurationManager, init=-1: [1868887e-7e43-4728-b850-ca98b486cc04:192.168.157.199:39043, 5424d03e-9d94-4394-ac5b-bf2bfa423983:192.168.157.199:37801, 1a416631-4a31-4875-a4dd-145cf773c257:192.168.157.199:39698], old=null, confs=<EMPTY_MAP>
2019-11-14 13:39:40,730 [pool-281-thread-1] INFO  impl.RaftServerImpl (ServerState.java:<init>(103)) - 1868887e-7e43-4728-b850-ca98b486cc04@group-473E8DDBC85E: ConfigurationManager, init=-1: [1868887e-7e43-4728-b850-ca98b486cc04:192.168.157.199:39043, 5424d03e-9d94-4394-ac5b-bf2bfa423983:192.168.157.199:37801, 1a416631-4a31-4875-a4dd-145cf773c257:192.168.157.199:39698], old=null, confs=<EMPTY_MAP>
2019-11-14 13:39:40,730 [pool-271-thread-1] INFO  server.RaftServerConfigKeys (ConfUtils.java:logGet(43)) - raft.server.storage.dir = [/workdir/hadoop-ozone/integration-test/target/test-dir/MiniOzoneClusterImpl-b7983275-f915-437c-8a4b-10d135678c30/datanode-1/data/ratis] (custom)
2019-11-14 13:39:40,730 [pool-261-thread-1] INFO  server.RaftServerConfigKeys (ConfUtils.java:logGet(43)) - raft.server.rpc.timeout.max = 5200ms (custom)
2019-11-14 13:39:40,730 [pool-281-thread-1] INFO  server.RaftServerConfigKeys (ConfUtils.java:logGet(43)) - raft.server.storage.dir = [/workdir/hadoop-ozone/integration-test/target/test-dir/MiniOzoneClusterImpl-b7983275-f915-437c-8a4b-10d135678c30/datanode-2/data/ratis] (custom)
2019-11-14 13:39:40,731 [pool-271-thread-1] INFO  server.RaftServerConfigKeys (ConfUtils.java:logGet(43)) - raft.server.log.corruption.policy = EXCEPTION (default)
2019-11-14 13:39:40,731 [pool-261-thread-1] INFO  server.RaftServerConfigKeys (ConfUtils.java:logGet(43)) - raft.server.rpcslowness.timeout = 120s (custom)
2019-11-14 13:39:40,731 [pool-281-thread-1] INFO  server.RaftServerConfigKeys (ConfUtils.java:logGet(43)) - raft.server.log.corruption.policy = EXCEPTION (default)
2019-11-14 13:39:40,731 [pool-261-thread-1] INFO  server.RaftServerConfigKeys (ConfUtils.java:logGet(43)) - raft.server.sleep.deviation.threshold = 300 (default)
2019-11-14 13:39:40,731 [pool-271-thread-1] INFO  storage.RaftStorageDirectory (RaftStorageDirectory.java:analyzeStorage(246)) - The storage directory /workdir/hadoop-ozone/integration-test/target/test-dir/MiniOzoneClusterImpl-b7983275-f915-437c-8a4b-10d135678c30/datanode-1/data/ratis/de88105f-05d2-450f-87c6-473e8ddbc85e does not exist. Creating ...
2019-11-14 13:39:40,731 [pool-281-thread-1] INFO  storage.RaftStorageDirectory (RaftStorageDirectory.java:analyzeStorage(246)) - The storage directory /workdir/hadoop-ozone/integration-test/target/test-dir/MiniOzoneClusterImpl-b7983275-f915-437c-8a4b-10d135678c30/datanode-2/data/ratis/de88105f-05d2-450f-87c6-473e8ddbc85e does not exist. Creating ...
2019-11-14 13:39:40,731 [pool-261-thread-1] INFO  server.RaftServerConfigKeys (ConfUtils.java:logGet(43)) - raft.server.log.appender.install.snapshot.enabled = false (custom)
2019-11-14 13:39:40,732 [pool-261-thread-1] INFO  impl.RaftServerImpl (ServerState.java:<init>(103)) - 1a416631-4a31-4875-a4dd-145cf773c257@group-473E8DDBC85E: ConfigurationManager, init=-1: [1868887e-7e43-4728-b850-ca98b486cc04:192.168.157.199:39043, 5424d03e-9d94-4394-ac5b-bf2bfa423983:192.168.157.199:37801, 1a416631-4a31-4875-a4dd-145cf773c257:192.168.157.199:39698], old=null, confs=<EMPTY_MAP>
2019-11-14 13:39:40,732 [pool-261-thread-1] INFO  server.RaftServerConfigKeys (ConfUtils.java:logGet(43)) - raft.server.storage.dir = [/workdir/hadoop-ozone/integration-test/target/test-dir/MiniOzoneClusterImpl-b7983275-f915-437c-8a4b-10d135678c30/datanode-0/data/ratis] (custom)
2019-11-14 13:39:40,732 [pool-261-thread-1] INFO  server.RaftServerConfigKeys (ConfUtils.java:logGet(43)) - raft.server.log.corruption.policy = EXCEPTION (default)
2019-11-14 13:39:40,732 [pool-261-thread-1] INFO  storage.RaftStorageDirectory (RaftStorageDirectory.java:analyzeStorage(246)) - The storage directory /workdir/hadoop-ozone/integration-test/target/test-dir/MiniOzoneClusterImpl-b7983275-f915-437c-8a4b-10d135678c30/datanode-0/data/ratis/de88105f-05d2-450f-87c6-473e8ddbc85e does not exist. Creating ...
2019-11-14 13:39:40,753 [pool-271-thread-1] INFO  storage.RaftStorageDirectory (RaftStorageDirectory.java:tryLock(328)) - Lock on /workdir/hadoop-ozone/integration-test/target/test-dir/MiniOzoneClusterImpl-b7983275-f915-437c-8a4b-10d135678c30/datanode-1/data/ratis/de88105f-05d2-450f-87c6-473e8ddbc85e/in_use.lock acquired by nodename 9271@pr-hdds-2479-srhdm-1052850629
2019-11-14 13:39:40,753 [pool-281-thread-1] INFO  storage.RaftStorageDirectory (RaftStorageDirectory.java:tryLock(328)) - Lock on /workdir/hadoop-ozone/integration-test/target/test-dir/MiniOzoneClusterImpl-b7983275-f915-437c-8a4b-10d135678c30/datanode-2/data/ratis/de88105f-05d2-450f-87c6-473e8ddbc85e/in_use.lock acquired by nodename 9271@pr-hdds-2479-srhdm-1052850629
2019-11-14 13:39:40,753 [pool-261-thread-1] INFO  storage.RaftStorageDirectory (RaftStorageDirectory.java:tryLock(328)) - Lock on /workdir/hadoop-ozone/integration-test/target/test-dir/MiniOzoneClusterImpl-b7983275-f915-437c-8a4b-10d135678c30/datanode-0/data/ratis/de88105f-05d2-450f-87c6-473e8ddbc85e/in_use.lock acquired by nodename 9271@pr-hdds-2479-srhdm-1052850629
2019-11-14 13:39:40,797 [pool-271-thread-1] INFO  storage.RaftStorage (RaftStorage.java:format(84)) - Storage directory /workdir/hadoop-ozone/integration-test/target/test-dir/MiniOzoneClusterImpl-b7983275-f915-437c-8a4b-10d135678c30/datanode-1/data/ratis/de88105f-05d2-450f-87c6-473e8ddbc85e has been successfully formatted.
2019-11-14 13:39:40,797 [pool-261-thread-1] INFO  storage.RaftStorage (RaftStorage.java:format(84)) - Storage directory /workdir/hadoop-ozone/integration-test/target/test-dir/MiniOzoneClusterImpl-b7983275-f915-437c-8a4b-10d135678c30/datanode-0/data/ratis/de88105f-05d2-450f-87c6-473e8ddbc85e has been successfully formatted.
2019-11-14 13:39:40,797 [pool-281-thread-1] INFO  storage.RaftStorage (RaftStorage.java:format(84)) - Storage directory /workdir/hadoop-ozone/integration-test/target/test-dir/MiniOzoneClusterImpl-b7983275-f915-437c-8a4b-10d135678c30/datanode-2/data/ratis/de88105f-05d2-450f-87c6-473e8ddbc85e has been successfully formatted.
2019-11-14 13:39:40,798 [pool-261-thread-1] INFO  ratis.ContainerStateMachine (ContainerStateMachine.java:loadSnapshot(223)) - group-473E8DDBC85E: The snapshot info is null. Setting the last applied indexto:(t:0, i:~)
2019-11-14 13:39:40,797 [pool-271-thread-1] INFO  ratis.ContainerStateMachine (ContainerStateMachine.java:loadSnapshot(223)) - group-473E8DDBC85E: The snapshot info is null. Setting the last applied indexto:(t:0, i:~)
2019-11-14 13:39:40,798 [pool-261-thread-1] INFO  server.RaftServerConfigKeys (ConfUtils.java:logGet(43)) - raft.server.notification.no-leader.timeout = 120s (custom)
2019-11-14 13:39:40,798 [pool-281-thread-1] INFO  ratis.ContainerStateMachine (ContainerStateMachine.java:loadSnapshot(223)) - group-473E8DDBC85E: The snapshot info is null. Setting the last applied indexto:(t:0, i:~)
2019-11-14 13:39:40,798 [pool-261-thread-1] INFO  server.RaftServerConfigKeys (ConfUtils.java:logGet(43)) - raft.server.log.use.memory = false (default)
2019-11-14 13:39:40,798 [pool-271-thread-1] INFO  server.RaftServerConfigKeys (ConfUtils.java:logGet(43)) - raft.server.notification.no-leader.timeout = 120s (custom)
2019-11-14 13:39:40,798 [pool-261-thread-1] INFO  server.RaftServerConfigKeys (ConfUtils.java:logGet(43)) - raft.server.log.purge.gap = 1000000 (custom)
2019-11-14 13:39:40,798 [pool-281-thread-1] INFO  server.RaftServerConfigKeys (ConfUtils.java:logGet(43)) - raft.server.notification.no-leader.timeout = 120s (custom)
2019-11-14 13:39:40,799 [pool-261-thread-1] INFO  server.RaftServerConfigKeys (ConfUtils.java:logGet(43)) - raft.server.log.appender.buffer.byte-limit = 33554432 (custom)
2019-11-14 13:39:40,799 [pool-271-thread-1] INFO  server.RaftServerConfigKeys (ConfUtils.java:logGet(43)) - raft.server.log.use.memory = false (default)
2019-11-14 13:39:40,799 [pool-261-thread-1] INFO  server.RaftServerConfigKeys (ConfUtils.java:logGet(43)) - raft.server.log.segment.size.max = 1048576 (custom)
2019-11-14 13:39:40,799 [pool-281-thread-1] INFO  server.RaftServerConfigKeys (ConfUtils.java:logGet(43)) - raft.server.log.use.memory = false (default)
2019-11-14 13:39:40,799 [pool-261-thread-1] INFO  server.RaftServerConfigKeys (ConfUtils.java:logGet(43)) - raft.server.log.segment.cache.num.max = 2 (custom)
2019-11-14 13:39:40,799 [pool-271-thread-1] INFO  server.RaftServerConfigKeys (ConfUtils.java:logGet(43)) - raft.server.log.purge.gap = 1000000 (custom)
2019-11-14 13:39:40,800 [pool-261-thread-1] INFO  segmented.SegmentedRaftLogWorker (SegmentedRaftLogWorker.java:<init>(173)) - new 1a416631-4a31-4875-a4dd-145cf773c257@group-473E8DDBC85E-SegmentedRaftLogWorker for RaftStorage:Storage Directory /workdir/hadoop-ozone/integration-test/target/test-dir/MiniOzoneClusterImpl-b7983275-f915-437c-8a4b-10d135678c30/datanode-0/data/ratis/de88105f-05d2-450f-87c6-473e8ddbc85e
2019-11-14 13:39:40,799 [pool-281-thread-1] INFO  server.RaftServerConfigKeys (ConfUtils.java:logGet(43)) - raft.server.log.purge.gap = 1000000 (custom)
2019-11-14 13:39:40,800 [pool-261-thread-1] INFO  server.RaftServerConfigKeys (ConfUtils.java:logGet(43)) - raft.server.log.queue.byte-limit = 2147483647 (custom)
2019-11-14 13:39:40,800 [pool-271-thread-1] INFO  server.RaftServerConfigKeys (ConfUtils.java:logGet(43)) - raft.server.log.appender.buffer.byte-limit = 33554432 (custom)
2019-11-14 13:39:40,800 [pool-261-thread-1] INFO  server.RaftServerConfigKeys (ConfUtils.java:logGet(43)) - raft.server.log.queue.element-limit = 1024 (custom)
2019-11-14 13:39:40,800 [pool-281-thread-1] INFO  server.RaftServerConfigKeys (ConfUtils.java:logGet(43)) - raft.server.log.appender.buffer.byte-limit = 33554432 (custom)
2019-11-14 13:39:40,800 [pool-261-thread-1] INFO  server.RaftServerConfigKeys (ConfUtils.java:logGet(43)) - raft.server.log.segment.size.max = 1048576 (custom)
2019-11-14 13:39:40,800 [pool-271-thread-1] INFO  server.RaftServerConfigKeys (ConfUtils.java:logGet(43)) - raft.server.log.segment.size.max = 1048576 (custom)
2019-11-14 13:39:40,801 [pool-261-thread-1] INFO  server.RaftServerConfigKeys (ConfUtils.java:logGet(43)) - raft.server.log.preallocated.size = 16384 (custom)
2019-11-14 13:39:40,801 [pool-281-thread-1] INFO  server.RaftServerConfigKeys (ConfUtils.java:logGet(43)) - raft.server.log.segment.size.max = 1048576 (custom)
2019-11-14 13:39:40,801 [pool-261-thread-1] INFO  server.RaftServerConfigKeys (ConfUtils.java:logGet(43)) - raft.server.log.write.buffer.size = 33554432 (custom)
2019-11-14 13:39:40,801 [pool-271-thread-1] INFO  server.RaftServerConfigKeys (ConfUtils.java:logGet(43)) - raft.server.log.segment.cache.num.max = 2 (custom)
2019-11-14 13:39:40,801 [pool-261-thread-1] INFO  server.RaftServerConfigKeys (ConfUtils.java:logGet(43)) - raft.server.log.force.sync.num = 128 (default)
2019-11-14 13:39:40,801 [pool-281-thread-1] INFO  server.RaftServerConfigKeys (ConfUtils.java:logGet(43)) - raft.server.log.segment.cache.num.max = 2 (custom)
2019-11-14 13:39:40,802 [pool-261-thread-1] INFO  server.RaftServerConfigKeys (ConfUtils.java:logGet(43)) - raft.server.log.statemachine.data.sync = true (default)
2019-11-14 13:39:40,801 [pool-271-thread-1] INFO  segmented.SegmentedRaftLogWorker (SegmentedRaftLogWorker.java:<init>(173)) - new 5424d03e-9d94-4394-ac5b-bf2bfa423983@group-473E8DDBC85E-SegmentedRaftLogWorker for RaftStorage:Storage Directory /workdir/hadoop-ozone/integration-test/target/test-dir/MiniOzoneClusterImpl-b7983275-f915-437c-8a4b-10d135678c30/datanode-1/data/ratis/de88105f-05d2-450f-87c6-473e8ddbc85e
2019-11-14 13:39:40,802 [pool-261-thread-1] INFO  server.RaftServerConfigKeys (ConfUtils.java:logGet(43)) - raft.server.log.statemachine.data.sync.timeout = 10s (default)
2019-11-14 13:39:40,802 [pool-281-thread-1] INFO  segmented.SegmentedRaftLogWorker (SegmentedRaftLogWorker.java:<init>(173)) - new 1868887e-7e43-4728-b850-ca98b486cc04@group-473E8DDBC85E-SegmentedRaftLogWorker for RaftStorage:Storage Directory /workdir/hadoop-ozone/integration-test/target/test-dir/MiniOzoneClusterImpl-b7983275-f915-437c-8a4b-10d135678c30/datanode-2/data/ratis/de88105f-05d2-450f-87c6-473e8ddbc85e
2019-11-14 13:39:40,802 [pool-261-thread-1] INFO  server.RaftServerConfigKeys (ConfUtils.java:logGet(43)) - raft.server.log.statemachine.data.sync.timeout.retry = -1 (default)
2019-11-14 13:39:40,802 [pool-271-thread-1] INFO  server.RaftServerConfigKeys (ConfUtils.java:logGet(43)) - raft.server.log.queue.byte-limit = 2147483647 (custom)
2019-11-14 13:39:40,802 [pool-281-thread-1] INFO  server.RaftServerConfigKeys (ConfUtils.java:logGet(43)) - raft.server.log.queue.byte-limit = 2147483647 (custom)
2019-11-14 13:39:40,803 [pool-261-thread-1] INFO  server.RaftServerConfigKeys (ConfUtils.java:logGet(43)) - raft.server.log.statemachine.data.caching.enabled = true (custom)
2019-11-14 13:39:40,803 [pool-271-thread-1] INFO  server.RaftServerConfigKeys (ConfUtils.java:logGet(43)) - raft.server.log.queue.element-limit = 1024 (custom)
2019-11-14 13:39:40,803 [pool-281-thread-1] INFO  server.RaftServerConfigKeys (ConfUtils.java:logGet(43)) - raft.server.log.queue.element-limit = 1024 (custom)
2019-11-14 13:39:40,803 [pool-261-thread-1] INFO  segmented.SegmentedRaftLogWorker (SegmentedRaftLogWorker.java:lambda$new$0(128)) - 1a416631-4a31-4875-a4dd-145cf773c257@group-473E8DDBC85E-SegmentedRaftLogWorker: flushIndex: setUnconditionally 0 -> -1
2019-11-14 13:39:40,803 [pool-271-thread-1] INFO  server.RaftServerConfigKeys (ConfUtils.java:logGet(43)) - raft.server.log.segment.size.max = 1048576 (custom)
2019-11-14 13:39:40,803 [pool-281-thread-1] INFO  server.RaftServerConfigKeys (ConfUtils.java:logGet(43)) - raft.server.log.segment.size.max = 1048576 (custom)
2019-11-14 13:39:40,804 [pool-261-thread-1] INFO  server.RaftServerConfigKeys (ConfUtils.java:logGet(43)) - raft.server.snapshot.auto.trigger.enabled = true (custom)
2019-11-14 13:39:40,804 [pool-271-thread-1] INFO  server.RaftServerConfigKeys (ConfUtils.java:logGet(43)) - raft.server.log.preallocated.size = 16384 (custom)
2019-11-14 13:39:40,804 [pool-261-thread-1] INFO  server.RaftServerConfigKeys (ConfUtils.java:logGet(43)) - raft.server.snapshot.auto.trigger.threshold = 10000 (custom)
2019-11-14 13:39:40,804 [pool-281-thread-1] INFO  server.RaftServerConfigKeys (ConfUtils.java:logGet(43)) - raft.server.log.preallocated.size = 16384 (custom)
2019-11-14 13:39:40,804 [pool-261-thread-1] INFO  server.RaftServerConfigKeys (ConfUtils.java:logGet(43)) - raft.server.snapshot.retention.file.num = 5 (custom)
2019-11-14 13:39:40,804 [pool-271-thread-1] INFO  server.RaftServerConfigKeys (ConfUtils.java:logGet(43)) - raft.server.log.write.buffer.size = 33554432 (custom)
2019-11-14 13:39:40,805 [pool-261-thread-1] INFO  server.RaftServerConfigKeys (ConfUtils.java:logGet(43)) - raft.server.retrycache.expirytime = 600000ms (custom)
2019-11-14 13:39:40,804 [pool-281-thread-1] INFO  server.RaftServerConfigKeys (ConfUtils.java:logGet(43)) - raft.server.log.write.buffer.size = 33554432 (custom)
2019-11-14 13:39:40,805 [pool-261-thread-1] WARN  impl.MetricRegistriesImpl (MetricRegistriesImpl.java:lambda$create$1(61)) - First MetricRegistry has been created without registering reporters. You may need to call MetricRegistries.global().addReportRegistration(...) before.
2019-11-14 13:39:40,805 [pool-271-thread-1] INFO  server.RaftServerConfigKeys (ConfUtils.java:logGet(43)) - raft.server.log.force.sync.num = 128 (default)
2019-11-14 13:39:40,805 [pool-261-thread-1] WARN  impl.MetricRegistriesImpl (MetricRegistriesImpl.java:lambda$create$1(61)) - First MetricRegistry has been created without registering reporters. You may need to call MetricRegistries.global().addReportRegistration(...) before.
2019-11-14 13:39:40,805 [pool-281-thread-1] INFO  server.RaftServerConfigKeys (ConfUtils.java:logGet(43)) - raft.server.log.force.sync.num = 128 (default)
2019-11-14 13:39:40,805 [pool-261-thread-1] INFO  impl.RaftServerImpl (RaftServerImpl.java:start(184)) - 1a416631-4a31-4875-a4dd-145cf773c257@group-473E8DDBC85E: start as a follower, conf=-1: [1868887e-7e43-4728-b850-ca98b486cc04:192.168.157.199:39043, 5424d03e-9d94-4394-ac5b-bf2bfa423983:192.168.157.199:37801, 1a416631-4a31-4875-a4dd-145cf773c257:192.168.157.199:39698], old=null
2019-11-14 13:39:40,805 [pool-271-thread-1] INFO  server.RaftServerConfigKeys (ConfUtils.java:logGet(43)) - raft.server.log.statemachine.data.sync = true (default)
2019-11-14 13:39:40,806 [pool-261-thread-1] INFO  impl.RaftServerImpl (RaftServerImpl.java:setRole(173)) - 1a416631-4a31-4875-a4dd-145cf773c257@group-473E8DDBC85E: changes role from      null to FOLLOWER at term 0 for startAsFollower
2019-11-14 13:39:40,806 [pool-281-thread-1] INFO  server.RaftServerConfigKeys (ConfUtils.java:logGet(43)) - raft.server.log.statemachine.data.sync = true (default)
2019-11-14 13:39:40,806 [pool-261-thread-1] INFO  impl.RoleInfo (RoleInfo.java:updateAndGet(143)) - 1a416631-4a31-4875-a4dd-145cf773c257: start FollowerState
2019-11-14 13:39:40,806 [pool-271-thread-1] INFO  server.RaftServerConfigKeys (ConfUtils.java:logGet(43)) - raft.server.log.statemachine.data.sync.timeout = 10s (default)
2019-11-14 13:39:40,806 [pool-281-thread-1] INFO  server.RaftServerConfigKeys (ConfUtils.java:logGet(43)) - raft.server.log.statemachine.data.sync.timeout = 10s (default)
2019-11-14 13:39:40,806 [pool-271-thread-1] INFO  server.RaftServerConfigKeys (ConfUtils.java:logGet(43)) - raft.server.log.statemachine.data.sync.timeout.retry = -1 (default)
2019-11-14 13:39:40,807 [pool-261-thread-1] INFO  util.JmxRegister (JmxRegister.java:tryRegister(44)) - Successfully registered JMX Bean with object name Ratis:service=RaftServer,group=group-473E8DDBC85E,id=1a416631-4a31-4875-a4dd-145cf773c257
2019-11-14 13:39:40,807 [pool-281-thread-1] INFO  server.RaftServerConfigKeys (ConfUtils.java:logGet(43)) - raft.server.log.statemachine.data.sync.timeout.retry = -1 (default)
2019-11-14 13:39:40,807 [pool-261-thread-1] WARN  impl.MetricRegistriesImpl (MetricRegistriesImpl.java:lambda$create$1(61)) - First MetricRegistry has been created without registering reporters. You may need to call MetricRegistries.global().addReportRegistration(...) before.
2019-11-14 13:39:40,807 [pool-271-thread-1] INFO  server.RaftServerConfigKeys (ConfUtils.java:logGet(43)) - raft.server.log.statemachine.data.caching.enabled = true (custom)
2019-11-14 13:39:40,807 [pool-281-thread-1] INFO  server.RaftServerConfigKeys (ConfUtils.java:logGet(43)) - raft.server.log.statemachine.data.caching.enabled = true (custom)
2019-11-14 13:39:40,808 [pool-271-thread-1] INFO  segmented.SegmentedRaftLogWorker (SegmentedRaftLogWorker.java:lambda$new$0(128)) - 5424d03e-9d94-4394-ac5b-bf2bfa423983@group-473E8DDBC85E-SegmentedRaftLogWorker: flushIndex: setUnconditionally 0 -> -1
2019-11-14 13:39:40,808 [pool-281-thread-1] INFO  segmented.SegmentedRaftLogWorker (SegmentedRaftLogWorker.java:lambda$new$0(128)) - 1868887e-7e43-4728-b850-ca98b486cc04@group-473E8DDBC85E-SegmentedRaftLogWorker: flushIndex: setUnconditionally 0 -> -1
2019-11-14 13:39:40,808 [pool-271-thread-1] INFO  server.RaftServerConfigKeys (ConfUtils.java:logGet(43)) - raft.server.snapshot.auto.trigger.enabled = true (custom)
2019-11-14 13:39:40,808 [pool-281-thread-1] INFO  server.RaftServerConfigKeys (ConfUtils.java:logGet(43)) - raft.server.snapshot.auto.trigger.enabled = true (custom)
2019-11-14 13:39:40,809 [pool-271-thread-1] INFO  server.RaftServerConfigKeys (ConfUtils.java:logGet(43)) - raft.server.snapshot.auto.trigger.threshold = 10000 (custom)
2019-11-14 13:39:40,809 [pool-281-thread-1] INFO  server.RaftServerConfigKeys (ConfUtils.java:logGet(43)) - raft.server.snapshot.auto.trigger.threshold = 10000 (custom)
2019-11-14 13:39:40,809 [pool-271-thread-1] INFO  server.RaftServerConfigKeys (ConfUtils.java:logGet(43)) - raft.server.snapshot.retention.file.num = 5 (custom)
2019-11-14 13:39:40,810 [pool-281-thread-1] INFO  server.RaftServerConfigKeys (ConfUtils.java:logGet(43)) - raft.server.snapshot.retention.file.num = 5 (custom)
2019-11-14 13:39:40,810 [pool-271-thread-1] INFO  server.RaftServerConfigKeys (ConfUtils.java:logGet(43)) - raft.server.retrycache.expirytime = 600000ms (custom)
2019-11-14 13:39:40,810 [pool-281-thread-1] INFO  server.RaftServerConfigKeys (ConfUtils.java:logGet(43)) - raft.server.retrycache.expirytime = 600000ms (custom)
2019-11-14 13:39:40,812 [pool-271-thread-1] WARN  impl.MetricRegistriesImpl (MetricRegistriesImpl.java:lambda$create$1(61)) - First MetricRegistry has been created without registering reporters. You may need to call MetricRegistries.global().addReportRegistration(...) before.
2019-11-14 13:39:40,812 [pool-281-thread-1] WARN  impl.MetricRegistriesImpl (MetricRegistriesImpl.java:lambda$create$1(61)) - First MetricRegistry has been created without registering reporters. You may need to call MetricRegistries.global().addReportRegistration(...) before.
2019-11-14 13:39:40,813 [pool-271-thread-1] WARN  impl.MetricRegistriesImpl (MetricRegistriesImpl.java:lambda$create$1(61)) - First MetricRegistry has been created without registering reporters. You may need to call MetricRegistries.global().addReportRegistration(...) before.
2019-11-14 13:39:40,813 [pool-281-thread-1] WARN  impl.MetricRegistriesImpl (MetricRegistriesImpl.java:lambda$create$1(61)) - First MetricRegistry has been created without registering reporters. You may need to call MetricRegistries.global().addReportRegistration(...) before.
2019-11-14 13:39:40,814 [pool-271-thread-1] INFO  impl.RaftServerImpl (RaftServerImpl.java:start(184)) - 5424d03e-9d94-4394-ac5b-bf2bfa423983@group-473E8DDBC85E: start as a follower, conf=-1: [1868887e-7e43-4728-b850-ca98b486cc04:192.168.157.199:39043, 5424d03e-9d94-4394-ac5b-bf2bfa423983:192.168.157.199:37801, 1a416631-4a31-4875-a4dd-145cf773c257:192.168.157.199:39698], old=null
2019-11-14 13:39:40,814 [pool-281-thread-1] INFO  impl.RaftServerImpl (RaftServerImpl.java:start(184)) - 1868887e-7e43-4728-b850-ca98b486cc04@group-473E8DDBC85E: start as a follower, conf=-1: [1868887e-7e43-4728-b850-ca98b486cc04:192.168.157.199:39043, 5424d03e-9d94-4394-ac5b-bf2bfa423983:192.168.157.199:37801, 1a416631-4a31-4875-a4dd-145cf773c257:192.168.157.199:39698], old=null
2019-11-14 13:39:40,815 [pool-271-thread-1] INFO  impl.RaftServerImpl (RaftServerImpl.java:setRole(173)) - 5424d03e-9d94-4394-ac5b-bf2bfa423983@group-473E8DDBC85E: changes role from      null to FOLLOWER at term 0 for startAsFollower
2019-11-14 13:39:40,815 [pool-281-thread-1] INFO  impl.RaftServerImpl (RaftServerImpl.java:setRole(173)) - 1868887e-7e43-4728-b850-ca98b486cc04@group-473E8DDBC85E: changes role from      null to FOLLOWER at term 0 for startAsFollower
2019-11-14 13:39:40,815 [pool-271-thread-1] INFO  impl.RoleInfo (RoleInfo.java:updateAndGet(143)) - 5424d03e-9d94-4394-ac5b-bf2bfa423983: start FollowerState
2019-11-14 13:39:40,815 [pool-281-thread-1] INFO  impl.RoleInfo (RoleInfo.java:updateAndGet(143)) - 1868887e-7e43-4728-b850-ca98b486cc04: start FollowerState
2019-11-14 13:39:40,819 [pool-271-thread-1] INFO  util.JmxRegister (JmxRegister.java:tryRegister(44)) - Successfully registered JMX Bean with object name Ratis:service=RaftServer,group=group-473E8DDBC85E,id=5424d03e-9d94-4394-ac5b-bf2bfa423983
2019-11-14 13:39:40,820 [pool-281-thread-1] INFO  util.JmxRegister (JmxRegister.java:tryRegister(44)) - Successfully registered JMX Bean with object name Ratis:service=RaftServer,group=group-473E8DDBC85E,id=1868887e-7e43-4728-b850-ca98b486cc04
2019-11-14 13:39:40,820 [pool-271-thread-1] WARN  impl.MetricRegistriesImpl (MetricRegistriesImpl.java:lambda$create$1(61)) - First MetricRegistry has been created without registering reporters. You may need to call MetricRegistries.global().addReportRegistration(...) before.
2019-11-14 13:39:40,820 [pool-281-thread-1] WARN  impl.MetricRegistriesImpl (MetricRegistriesImpl.java:lambda$create$1(61)) - First MetricRegistry has been created without registering reporters. You may need to call MetricRegistries.global().addReportRegistration(...) before.
2019-11-14 13:39:40,834 [RatisPipelineUtilsThread] INFO  pipeline.PipelineStateManager (PipelineStateManager.java:addPipeline(55)) - Created pipeline Pipeline[ Id: de88105f-05d2-450f-87c6-473e8ddbc85e, Nodes: 1a416631-4a31-4875-a4dd-145cf773c257{ip: 192.168.157.199, host: pr-hdds-2479-srhdm-1052850629, networkLocation: /rack1, certSerialId: null}1868887e-7e43-4728-b850-ca98b486cc04{ip: 192.168.157.199, host: pr-hdds-2479-srhdm-1052850629, networkLocation: /rack1, certSerialId: null}5424d03e-9d94-4394-ac5b-bf2bfa423983{ip: 192.168.157.199, host: pr-hdds-2479-srhdm-1052850629, networkLocation: /rack1, certSerialId: null}, Type:RATIS, Factor:THREE, State:ALLOCATED]
2019-11-14 13:39:40,836 [Thread-1226] INFO  ozone.MiniOzoneClusterImpl (MiniOzoneClusterImpl.java:lambda$waitForClusterToBeReady$2(163)) - Waiting for 4 number of pipelines out of 4, to report a leader.
2019-11-14 13:39:41,837 [Thread-1226] INFO  ozone.MiniOzoneClusterImpl (MiniOzoneClusterImpl.java:lambda$waitForClusterToBeReady$2(163)) - Waiting for 4 number of pipelines out of 4, to report a leader.
2019-11-14 13:39:42,838 [Thread-1226] INFO  ozone.MiniOzoneClusterImpl (MiniOzoneClusterImpl.java:lambda$waitForClusterToBeReady$2(163)) - Waiting for 4 number of pipelines out of 4, to report a leader.
2019-11-14 13:39:43,440 [Thread-1398] INFO  container.ReplicationManager (ReplicationManager.java:start(162)) - Starting Replication Monitor Thread.
2019-11-14 13:39:43,442 [Thread-1398] INFO  pipeline.SCMPipelineManager (SCMPipelineManager.java:finalizeAndDestroyPipeline(315)) - destroying pipeline:Pipeline[ Id: de88105f-05d2-450f-87c6-473e8ddbc85e, Nodes: 1a416631-4a31-4875-a4dd-145cf773c257{ip: 192.168.157.199, host: pr-hdds-2479-srhdm-1052850629, networkLocation: /rack1, certSerialId: null}1868887e-7e43-4728-b850-ca98b486cc04{ip: 192.168.157.199, host: pr-hdds-2479-srhdm-1052850629, networkLocation: /rack1, certSerialId: null}5424d03e-9d94-4394-ac5b-bf2bfa423983{ip: 192.168.157.199, host: pr-hdds-2479-srhdm-1052850629, networkLocation: /rack1, certSerialId: null}, Type:RATIS, Factor:THREE, State:ALLOCATED]
2019-11-14 13:39:43,443 [Thread-1398] INFO  pipeline.PipelineStateManager (PipelineStateManager.java:finalizePipeline(121)) - Pipeline Pipeline[ Id: de88105f-05d2-450f-87c6-473e8ddbc85e, Nodes: 1a416631-4a31-4875-a4dd-145cf773c257{ip: 192.168.157.199, host: pr-hdds-2479-srhdm-1052850629, networkLocation: /rack1, certSerialId: null}1868887e-7e43-4728-b850-ca98b486cc04{ip: 192.168.157.199, host: pr-hdds-2479-srhdm-1052850629, networkLocation: /rack1, certSerialId: null}5424d03e-9d94-4394-ac5b-bf2bfa423983{ip: 192.168.157.199, host: pr-hdds-2479-srhdm-1052850629, networkLocation: /rack1, certSerialId: null}, Type:RATIS, Factor:THREE, State:CLOSED] moved to CLOSED state
2019-11-14 13:39:43,443 [ReplicationMonitor] INFO  container.ReplicationManager (ReplicationManager.java:run(225)) - Replication Monitor Thread took 0 milliseconds for processing 0 containers.
2019-11-14 13:39:43,454 [grpc-default-executor-0] INFO  impl.RaftServerProxy (RaftServerProxy.java:remove(95)) - 1a416631-4a31-4875-a4dd-145cf773c257: remove  FOLLOWER 1a416631-4a31-4875-a4dd-145cf773c257@group-473E8DDBC85E:t0, leader=null, voted=null, raftlog=1a416631-4a31-4875-a4dd-145cf773c257@group-473E8DDBC85E-SegmentedRaftLog:OPENED:c-1,f-1,i0, conf=-1: [1868887e-7e43-4728-b850-ca98b486cc04:192.168.157.199:39043, 5424d03e-9d94-4394-ac5b-bf2bfa423983:192.168.157.199:37801, 1a416631-4a31-4875-a4dd-145cf773c257:192.168.157.199:39698], old=null RUNNING
2019-11-14 13:39:43,455 [grpc-default-executor-0] INFO  impl.RaftServerImpl (RaftServerImpl.java:lambda$shutdown$3(250)) - 1a416631-4a31-4875-a4dd-145cf773c257@group-473E8DDBC85E: shutdown
2019-11-14 13:39:43,456 [grpc-default-executor-0] INFO  util.JmxRegister (JmxRegister.java:unregister(73)) - Successfully un-registered JMX Bean with object name Ratis:service=RaftServer,group=group-473E8DDBC85E,id=1a416631-4a31-4875-a4dd-145cf773c257
2019-11-14 13:39:43,456 [grpc-default-executor-0] INFO  impl.RoleInfo (RoleInfo.java:shutdownFollowerState(121)) - 1a416631-4a31-4875-a4dd-145cf773c257: shutdown FollowerState
2019-11-14 13:39:43,456 [grpc-default-executor-0] INFO  impl.StateMachineUpdater (StateMachineUpdater.java:stopAndJoin(136)) - 1a416631-4a31-4875-a4dd-145cf773c257@group-473E8DDBC85E-StateMachineUpdater: set stopIndex = -1
2019-11-14 13:39:43,456 [Thread-1409] INFO  impl.FollowerState (FollowerState.java:run(120)) - 1a416631-4a31-4875-a4dd-145cf773c257@group-473E8DDBC85E-FollowerState was interrupted: java.lang.InterruptedException: sleep interrupted
2019-11-14 13:39:43,457 [grpc-default-executor-0] INFO  impl.RaftServerImpl (ServerState.java:close(387)) - 1a416631-4a31-4875-a4dd-145cf773c257@group-473E8DDBC85E: closes. applyIndex: -1
2019-11-14 13:39:43,459 [1a416631-4a31-4875-a4dd-145cf773c257@group-473E8DDBC85E-SegmentedRaftLogWorker] INFO  segmented.SegmentedRaftLogWorker (SegmentedRaftLogWorker.java:run(316)) - 1a416631-4a31-4875-a4dd-145cf773c257@group-473E8DDBC85E-SegmentedRaftLogWorker was interrupted, exiting. There are 0 tasks remaining in the queue.
2019-11-14 13:39:43,459 [grpc-default-executor-0] INFO  segmented.SegmentedRaftLogWorker (SegmentedRaftLogWorker.java:close(224)) - 1a416631-4a31-4875-a4dd-145cf773c257@group-473E8DDBC85E-SegmentedRaftLogWorker close()
2019-11-14 13:39:43,478 [grpc-default-executor-0] INFO  impl.RaftServerProxy (RaftServerProxy.java:remove(95)) - 1868887e-7e43-4728-b850-ca98b486cc04: remove  FOLLOWER 1868887e-7e43-4728-b850-ca98b486cc04@group-473E8DDBC85E:t0, leader=null, voted=null, raftlog=1868887e-7e43-4728-b850-ca98b486cc04@group-473E8DDBC85E-SegmentedRaftLog:OPENED:c-1,f-1,i0, conf=-1: [1868887e-7e43-4728-b850-ca98b486cc04:192.168.157.199:39043, 5424d03e-9d94-4394-ac5b-bf2bfa423983:192.168.157.199:37801, 1a416631-4a31-4875-a4dd-145cf773c257:192.168.157.199:39698], old=null RUNNING
2019-11-14 13:39:43,478 [grpc-default-executor-0] INFO  impl.RaftServerImpl (RaftServerImpl.java:lambda$shutdown$3(250)) - 1868887e-7e43-4728-b850-ca98b486cc04@group-473E8DDBC85E: shutdown
2019-11-14 13:39:43,478 [grpc-default-executor-0] INFO  util.JmxRegister (JmxRegister.java:unregister(73)) - Successfully un-registered JMX Bean with object name Ratis:service=RaftServer,group=group-473E8DDBC85E,id=1868887e-7e43-4728-b850-ca98b486cc04
2019-11-14 13:39:43,478 [grpc-default-executor-0] INFO  impl.RoleInfo (RoleInfo.java:shutdownFollowerState(121)) - 1868887e-7e43-4728-b850-ca98b486cc04: shutdown FollowerState
2019-11-14 13:39:43,479 [grpc-default-executor-0] INFO  impl.StateMachineUpdater (StateMachineUpdater.java:stopAndJoin(136)) - 1868887e-7e43-4728-b850-ca98b486cc04@group-473E8DDBC85E-StateMachineUpdater: set stopIndex = -1
2019-11-14 13:39:43,479 [Thread-1414] INFO  impl.FollowerState (FollowerState.java:run(120)) - 1868887e-7e43-4728-b850-ca98b486cc04@group-473E8DDBC85E-FollowerState was interrupted: java.lang.InterruptedException: sleep interrupted
2019-11-14 13:39:43,480 [grpc-default-executor-0] INFO  impl.RaftServerImpl (ServerState.java:close(387)) - 1868887e-7e43-4728-b850-ca98b486cc04@group-473E8DDBC85E: closes. applyIndex: -1
2019-11-14 13:39:43,481 [1868887e-7e43-4728-b850-ca98b486cc04@group-473E8DDBC85E-SegmentedRaftLogWorker] INFO  segmented.SegmentedRaftLogWorker (SegmentedRaftLogWorker.java:run(316)) - 1868887e-7e43-4728-b850-ca98b486cc04@group-473E8DDBC85E-SegmentedRaftLogWorker was interrupted, exiting. There are 0 tasks remaining in the queue.
2019-11-14 13:39:43,481 [grpc-default-executor-0] INFO  segmented.SegmentedRaftLogWorker (SegmentedRaftLogWorker.java:close(224)) - 1868887e-7e43-4728-b850-ca98b486cc04@group-473E8DDBC85E-SegmentedRaftLogWorker close()
2019-11-14 13:39:43,498 [grpc-default-executor-0] INFO  impl.RaftServerProxy (RaftServerProxy.java:remove(95)) - 5424d03e-9d94-4394-ac5b-bf2bfa423983: remove  FOLLOWER 5424d03e-9d94-4394-ac5b-bf2bfa423983@group-473E8DDBC85E:t0, leader=null, voted=null, raftlog=5424d03e-9d94-4394-ac5b-bf2bfa423983@group-473E8DDBC85E-SegmentedRaftLog:OPENED:c-1,f-1,i0, conf=-1: [1868887e-7e43-4728-b850-ca98b486cc04:192.168.157.199:39043, 5424d03e-9d94-4394-ac5b-bf2bfa423983:192.168.157.199:37801, 1a416631-4a31-4875-a4dd-145cf773c257:192.168.157.199:39698], old=null RUNNING
2019-11-14 13:39:43,498 [grpc-default-executor-0] INFO  impl.RaftServerImpl (RaftServerImpl.java:lambda$shutdown$3(250)) - 5424d03e-9d94-4394-ac5b-bf2bfa423983@group-473E8DDBC85E: shutdown
2019-11-14 13:39:43,498 [grpc-default-executor-0] INFO  util.JmxRegister (JmxRegister.java:unregister(73)) - Successfully un-registered JMX Bean with object name Ratis:service=RaftServer,group=group-473E8DDBC85E,id=5424d03e-9d94-4394-ac5b-bf2bfa423983
2019-11-14 13:39:43,498 [grpc-default-executor-0] INFO  impl.RoleInfo (RoleInfo.java:shutdownFollowerState(121)) - 5424d03e-9d94-4394-ac5b-bf2bfa423983: shutdown FollowerState
2019-11-14 13:39:43,498 [grpc-default-executor-0] INFO  impl.StateMachineUpdater (StateMachineUpdater.java:stopAndJoin(136)) - 5424d03e-9d94-4394-ac5b-bf2bfa423983@group-473E8DDBC85E-StateMachineUpdater: set stopIndex = -1
2019-11-14 13:39:43,498 [Thread-1413] INFO  impl.FollowerState (FollowerState.java:run(120)) - 5424d03e-9d94-4394-ac5b-bf2bfa423983@group-473E8DDBC85E-FollowerState was interrupted: java.lang.InterruptedException: sleep interrupted
2019-11-14 13:39:43,499 [grpc-default-executor-0] INFO  impl.RaftServerImpl (ServerState.java:close(387)) - 5424d03e-9d94-4394-ac5b-bf2bfa423983@group-473E8DDBC85E: closes. applyIndex: -1
2019-11-14 13:39:43,501 [5424d03e-9d94-4394-ac5b-bf2bfa423983@group-473E8DDBC85E-SegmentedRaftLogWorker] INFO  segmented.SegmentedRaftLogWorker (SegmentedRaftLogWorker.java:run(316)) - 5424d03e-9d94-4394-ac5b-bf2bfa423983@group-473E8DDBC85E-SegmentedRaftLogWorker was interrupted, exiting. There are 0 tasks remaining in the queue.
2019-11-14 13:39:43,502 [grpc-default-executor-0] INFO  segmented.SegmentedRaftLogWorker (SegmentedRaftLogWorker.java:close(224)) - 5424d03e-9d94-4394-ac5b-bf2bfa423983@group-473E8DDBC85E-SegmentedRaftLogWorker close()
2019-11-14 13:39:43,510 [Thread-1398] INFO  pipeline.PipelineStateManager (PipelineStateManager.java:removePipeline(106)) - Pipeline Pipeline[ Id: de88105f-05d2-450f-87c6-473e8ddbc85e, Nodes: 1a416631-4a31-4875-a4dd-145cf773c257{ip: 192.168.157.199, host: pr-hdds-2479-srhdm-1052850629, networkLocation: /rack1, certSerialId: null}1868887e-7e43-4728-b850-ca98b486cc04{ip: 192.168.157.199, host: pr-hdds-2479-srhdm-1052850629, networkLocation: /rack1, certSerialId: null}5424d03e-9d94-4394-ac5b-bf2bfa423983{ip: 192.168.157.199, host: pr-hdds-2479-srhdm-1052850629, networkLocation: /rack1, certSerialId: null}, Type:RATIS, Factor:THREE, State:CLOSED] removed from db
2019-11-14 13:39:43,510 [Thread-1398] INFO  pipeline.SCMPipelineManager (SCMPipelineManager.java:finalizeAndDestroyPipeline(315)) - destroying pipeline:Pipeline[ Id: 416acf9a-e4d1-4db1-a2ee-204307efe5f9, Nodes: 1868887e-7e43-4728-b850-ca98b486cc04{ip: 192.168.157.199, host: pr-hdds-2479-srhdm-1052850629, networkLocation: /rack1, certSerialId: null}, Type:RATIS, Factor:ONE, State:ALLOCATED]
2019-11-14 13:39:43,526 [grpc-default-executor-3] INFO  impl.RaftServerProxy (RaftServerProxy.java:addNew(89)) - 1868887e-7e43-4728-b850-ca98b486cc04: addNew group-E3346D9907B5:[1868887e-7e43-4728-b850-ca98b486cc04:192.168.157.199:39043, 5424d03e-9d94-4394-ac5b-bf2bfa423983:192.168.157.199:37801, 1a416631-4a31-4875-a4dd-145cf773c257:192.168.157.199:39698] returns group-E3346D9907B5:java.util.concurrent.CompletableFuture@5b987103[Not completed]
2019-11-14 13:39:43,527 [grpc-default-executor-2] INFO  impl.RaftServerProxy (RaftServerProxy.java:addNew(89)) - 5424d03e-9d94-4394-ac5b-bf2bfa423983: addNew group-E3346D9907B5:[1868887e-7e43-4728-b850-ca98b486cc04:192.168.157.199:39043, 5424d03e-9d94-4394-ac5b-bf2bfa423983:192.168.157.199:37801, 1a416631-4a31-4875-a4dd-145cf773c257:192.168.157.199:39698] returns group-E3346D9907B5:java.util.concurrent.CompletableFuture@ca84dac[Not completed]
2019-11-14 13:39:43,528 [grpc-default-executor-3] INFO  impl.RaftServerProxy (RaftServerProxy.java:addNew(89)) - 1a416631-4a31-4875-a4dd-145cf773c257: addNew group-E3346D9907B5:[1868887e-7e43-4728-b850-ca98b486cc04:192.168.157.199:39043, 5424d03e-9d94-4394-ac5b-bf2bfa423983:192.168.157.199:37801, 1a416631-4a31-4875-a4dd-145cf773c257:192.168.157.199:39698] returns group-E3346D9907B5:java.util.concurrent.CompletableFuture@5bc49113[Not completed]
2019-11-14 13:39:43,529 [pool-281-thread-1] INFO  impl.RaftServerImpl (RaftServerImpl.java:<init>(98)) - 1868887e-7e43-4728-b850-ca98b486cc04: new RaftServerImpl for group-E3346D9907B5:[1868887e-7e43-4728-b850-ca98b486cc04:192.168.157.199:39043, 5424d03e-9d94-4394-ac5b-bf2bfa423983:192.168.157.199:37801, 1a416631-4a31-4875-a4dd-145cf773c257:192.168.157.199:39698] with ContainerStateMachine:uninitialized
2019-11-14 13:39:43,529 [pool-281-thread-1] INFO  server.RaftServerConfigKeys (ConfUtils.java:logGet(43)) - raft.server.rpc.timeout.min = 5s (custom)
2019-11-14 13:39:43,529 [pool-281-thread-1] INFO  server.RaftServerConfigKeys (ConfUtils.java:logGet(43)) - raft.server.rpc.timeout.max = 5200ms (custom)
2019-11-14 13:39:43,529 [pool-281-thread-1] INFO  server.RaftServerConfigKeys (ConfUtils.java:logGet(43)) - raft.server.rpcslowness.timeout = 120s (custom)
2019-11-14 13:39:43,530 [pool-281-thread-1] INFO  server.RaftServerConfigKeys (ConfUtils.java:logGet(43)) - raft.server.sleep.deviation.threshold = 300 (default)
2019-11-14 13:39:43,530 [pool-261-thread-1] INFO  impl.RaftServerImpl (RaftServerImpl.java:<init>(98)) - 1a416631-4a31-4875-a4dd-145cf773c257: new RaftServerImpl for group-E3346D9907B5:[1868887e-7e43-4728-b850-ca98b486cc04:192.168.157.199:39043, 5424d03e-9d94-4394-ac5b-bf2bfa423983:192.168.157.199:37801, 1a416631-4a31-4875-a4dd-145cf773c257:192.168.157.199:39698] with ContainerStateMachine:uninitialized
2019-11-14 13:39:43,530 [pool-281-thread-1] INFO  server.RaftServerConfigKeys (ConfUtils.java:logGet(43)) - raft.server.log.appender.install.snapshot.enabled = false (custom)
2019-11-14 13:39:43,530 [pool-261-thread-1] INFO  server.RaftServerConfigKeys (ConfUtils.java:logGet(43)) - raft.server.rpc.timeout.min = 5s (custom)
2019-11-14 13:39:43,530 [pool-281-thread-1] INFO  impl.RaftServerImpl (ServerState.java:<init>(103)) - 1868887e-7e43-4728-b850-ca98b486cc04@group-E3346D9907B5: ConfigurationManager, init=-1: [1868887e-7e43-4728-b850-ca98b486cc04:192.168.157.199:39043, 5424d03e-9d94-4394-ac5b-bf2bfa423983:192.168.157.199:37801, 1a416631-4a31-4875-a4dd-145cf773c257:192.168.157.199:39698], old=null, confs=<EMPTY_MAP>
2019-11-14 13:39:43,530 [pool-271-thread-1] INFO  impl.RaftServerImpl (RaftServerImpl.java:<init>(98)) - 5424d03e-9d94-4394-ac5b-bf2bfa423983: new RaftServerImpl for group-E3346D9907B5:[1868887e-7e43-4728-b850-ca98b486cc04:192.168.157.199:39043, 5424d03e-9d94-4394-ac5b-bf2bfa423983:192.168.157.199:37801, 1a416631-4a31-4875-a4dd-145cf773c257:192.168.157.199:39698] with ContainerStateMachine:uninitialized
2019-11-14 13:39:43,530 [pool-261-thread-1] INFO  server.RaftServerConfigKeys (ConfUtils.java:logGet(43)) - raft.server.rpc.timeout.max = 5200ms (custom)
2019-11-14 13:39:43,531 [pool-271-thread-1] INFO  server.RaftServerConfigKeys (ConfUtils.java:logGet(43)) - raft.server.rpc.timeout.min = 5s (custom)
2019-11-14 13:39:43,531 [pool-281-thread-1] INFO  server.RaftServerConfigKeys (ConfUtils.java:logGet(43)) - raft.server.storage.dir = [/workdir/hadoop-ozone/integration-test/target/test-dir/MiniOzoneClusterImpl-b7983275-f915-437c-8a4b-10d135678c30/datanode-2/data/ratis] (custom)
2019-11-14 13:39:43,531 [pool-271-thread-1] INFO  server.RaftServerConfigKeys (ConfUtils.java:logGet(43)) - raft.server.rpc.timeout.max = 5200ms (custom)
2019-11-14 13:39:43,531 [pool-261-thread-1] INFO  server.RaftServerConfigKeys (ConfUtils.java:logGet(43)) - raft.server.rpcslowness.timeout = 120s (custom)
2019-11-14 13:39:43,531 [pool-281-thread-1] INFO  server.RaftServerConfigKeys (ConfUtils.java:logGet(43)) - raft.server.log.corruption.policy = EXCEPTION (default)
2019-11-14 13:39:43,531 [pool-271-thread-1] INFO  server.RaftServerConfigKeys (ConfUtils.java:logGet(43)) - raft.server.rpcslowness.timeout = 120s (custom)
2019-11-14 13:39:43,531 [pool-261-thread-1] INFO  server.RaftServerConfigKeys (ConfUtils.java:logGet(43)) - raft.server.sleep.deviation.threshold = 300 (default)
2019-11-14 13:39:43,532 [pool-271-thread-1] INFO  server.RaftServerConfigKeys (ConfUtils.java:logGet(43)) - raft.server.sleep.deviation.threshold = 300 (default)
2019-11-14 13:39:43,532 [pool-281-thread-1] INFO  storage.RaftStorageDirectory (RaftStorageDirectory.java:analyzeStorage(246)) - The storage directory /workdir/hadoop-ozone/integration-test/target/test-dir/MiniOzoneClusterImpl-b7983275-f915-437c-8a4b-10d135678c30/datanode-2/data/ratis/0dc7506f-6cca-4b23-bb84-e3346d9907b5 does not exist. Creating ...
2019-11-14 13:39:43,532 [pool-271-thread-1] INFO  server.RaftServerConfigKeys (ConfUtils.java:logGet(43)) - raft.server.log.appender.install.snapshot.enabled = false (custom)
2019-11-14 13:39:43,532 [pool-261-thread-1] INFO  server.RaftServerConfigKeys (ConfUtils.java:logGet(43)) - raft.server.log.appender.install.snapshot.enabled = false (custom)
2019-11-14 13:39:43,532 [pool-271-thread-1] INFO  impl.RaftServerImpl (ServerState.java:<init>(103)) - 5424d03e-9d94-4394-ac5b-bf2bfa423983@group-E3346D9907B5: ConfigurationManager, init=-1: [1868887e-7e43-4728-b850-ca98b486cc04:192.168.157.199:39043, 5424d03e-9d94-4394-ac5b-bf2bfa423983:192.168.157.199:37801, 1a416631-4a31-4875-a4dd-145cf773c257:192.168.157.199:39698], old=null, confs=<EMPTY_MAP>
2019-11-14 13:39:43,533 [pool-261-thread-1] INFO  impl.RaftServerImpl (ServerState.java:<init>(103)) - 1a416631-4a31-4875-a4dd-145cf773c257@group-E3346D9907B5: ConfigurationManager, init=-1: [1868887e-7e43-4728-b850-ca98b486cc04:192.168.157.199:39043, 5424d03e-9d94-4394-ac5b-bf2bfa423983:192.168.157.199:37801, 1a416631-4a31-4875-a4dd-145cf773c257:192.168.157.199:39698], old=null, confs=<EMPTY_MAP>
2019-11-14 13:39:43,533 [pool-271-thread-1] INFO  server.RaftServerConfigKeys (ConfUtils.java:logGet(43)) - raft.server.storage.dir = [/workdir/hadoop-ozone/integration-test/target/test-dir/MiniOzoneClusterImpl-b7983275-f915-437c-8a4b-10d135678c30/datanode-1/data/ratis] (custom)
2019-11-14 13:39:43,533 [pool-261-thread-1] INFO  server.RaftServerConfigKeys (ConfUtils.java:logGet(43)) - raft.server.storage.dir = [/workdir/hadoop-ozone/integration-test/target/test-dir/MiniOzoneClusterImpl-b7983275-f915-437c-8a4b-10d135678c30/datanode-0/data/ratis] (custom)
2019-11-14 13:39:43,533 [pool-271-thread-1] INFO  server.RaftServerConfigKeys (ConfUtils.java:logGet(43)) - raft.server.log.corruption.policy = EXCEPTION (default)
2019-11-14 13:39:43,533 [pool-261-thread-1] INFO  server.RaftServerConfigKeys (ConfUtils.java:logGet(43)) - raft.server.log.corruption.policy = EXCEPTION (default)
2019-11-14 13:39:43,533 [pool-271-thread-1] INFO  storage.RaftStorageDirectory (RaftStorageDirectory.java:analyzeStorage(246)) - The storage directory /workdir/hadoop-ozone/integration-test/target/test-dir/MiniOzoneClusterImpl-b7983275-f915-437c-8a4b-10d135678c30/datanode-1/data/ratis/0dc7506f-6cca-4b23-bb84-e3346d9907b5 does not exist. Creating ...
2019-11-14 13:39:43,534 [pool-261-thread-1] INFO  storage.RaftStorageDirectory (RaftStorageDirectory.java:analyzeStorage(246)) - The storage directory /workdir/hadoop-ozone/integration-test/target/test-dir/MiniOzoneClusterImpl-b7983275-f915-437c-8a4b-10d135678c30/datanode-0/data/ratis/0dc7506f-6cca-4b23-bb84-e3346d9907b5 does not exist. Creating ...
2019-11-14 13:39:43,555 [pool-261-thread-1] INFO  storage.RaftStorageDirectory (RaftStorageDirectory.java:tryLock(328)) - Lock on /workdir/hadoop-ozone/integration-test/target/test-dir/MiniOzoneClusterImpl-b7983275-f915-437c-8a4b-10d135678c30/datanode-0/data/ratis/0dc7506f-6cca-4b23-bb84-e3346d9907b5/in_use.lock acquired by nodename 9271@pr-hdds-2479-srhdm-1052850629
2019-11-14 13:39:43,556 [pool-271-thread-1] INFO  storage.RaftStorageDirectory (RaftStorageDirectory.java:tryLock(328)) - Lock on /workdir/hadoop-ozone/integration-test/target/test-dir/MiniOzoneClusterImpl-b7983275-f915-437c-8a4b-10d135678c30/datanode-1/data/ratis/0dc7506f-6cca-4b23-bb84-e3346d9907b5/in_use.lock acquired by nodename 9271@pr-hdds-2479-srhdm-1052850629
2019-11-14 13:39:43,555 [pool-281-thread-1] INFO  storage.RaftStorageDirectory (RaftStorageDirectory.java:tryLock(328)) - Lock on /workdir/hadoop-ozone/integration-test/target/test-dir/MiniOzoneClusterImpl-b7983275-f915-437c-8a4b-10d135678c30/datanode-2/data/ratis/0dc7506f-6cca-4b23-bb84-e3346d9907b5/in_use.lock acquired by nodename 9271@pr-hdds-2479-srhdm-1052850629
2019-11-14 13:39:43,579 [pool-261-thread-1] INFO  storage.RaftStorage (RaftStorage.java:format(84)) - Storage directory /workdir/hadoop-ozone/integration-test/target/test-dir/MiniOzoneClusterImpl-b7983275-f915-437c-8a4b-10d135678c30/datanode-0/data/ratis/0dc7506f-6cca-4b23-bb84-e3346d9907b5 has been successfully formatted.
2019-11-14 13:39:43,579 [pool-271-thread-1] INFO  storage.RaftStorage (RaftStorage.java:format(84)) - Storage directory /workdir/hadoop-ozone/integration-test/target/test-dir/MiniOzoneClusterImpl-b7983275-f915-437c-8a4b-10d135678c30/datanode-1/data/ratis/0dc7506f-6cca-4b23-bb84-e3346d9907b5 has been successfully formatted.
2019-11-14 13:39:43,579 [pool-261-thread-1] INFO  ratis.ContainerStateMachine (ContainerStateMachine.java:loadSnapshot(223)) - group-E3346D9907B5: The snapshot info is null. Setting the last applied indexto:(t:0, i:~)
2019-11-14 13:39:43,579 [pool-281-thread-1] INFO  storage.RaftStorage (RaftStorage.java:format(84)) - Storage directory /workdir/hadoop-ozone/integration-test/target/test-dir/MiniOzoneClusterImpl-b7983275-f915-437c-8a4b-10d135678c30/datanode-2/data/ratis/0dc7506f-6cca-4b23-bb84-e3346d9907b5 has been successfully formatted.
2019-11-14 13:39:43,580 [pool-271-thread-1] INFO  ratis.ContainerStateMachine (ContainerStateMachine.java:loadSnapshot(223)) - group-E3346D9907B5: The snapshot info is null. Setting the last applied indexto:(t:0, i:~)
2019-11-14 13:39:43,580 [pool-261-thread-1] INFO  server.RaftServerConfigKeys (ConfUtils.java:logGet(43)) - raft.server.notification.no-leader.timeout = 120s (custom)
2019-11-14 13:39:43,580 [pool-271-thread-1] INFO  server.RaftServerConfigKeys (ConfUtils.java:logGet(43)) - raft.server.notification.no-leader.timeout = 120s (custom)
2019-11-14 13:39:43,580 [pool-281-thread-1] INFO  ratis.ContainerStateMachine (ContainerStateMachine.java:loadSnapshot(223)) - group-E3346D9907B5: The snapshot info is null. Setting the last applied indexto:(t:0, i:~)
2019-11-14 13:39:43,580 [pool-271-thread-1] INFO  server.RaftServerConfigKeys (ConfUtils.java:logGet(43)) - raft.server.log.use.memory = false (default)
2019-11-14 13:39:43,580 [pool-261-thread-1] INFO  server.RaftServerConfigKeys (ConfUtils.java:logGet(43)) - raft.server.log.use.memory = false (default)
2019-11-14 13:39:43,581 [pool-271-thread-1] INFO  server.RaftServerConfigKeys (ConfUtils.java:logGet(43)) - raft.server.log.purge.gap = 1000000 (custom)
2019-11-14 13:39:43,580 [pool-281-thread-1] INFO  server.RaftServerConfigKeys (ConfUtils.java:logGet(43)) - raft.server.notification.no-leader.timeout = 120s (custom)
2019-11-14 13:39:43,581 [pool-261-thread-1] INFO  server.RaftServerConfigKeys (ConfUtils.java:logGet(43)) - raft.server.log.purge.gap = 1000000 (custom)
2019-11-14 13:39:43,581 [pool-281-thread-1] INFO  server.RaftServerConfigKeys (ConfUtils.java:logGet(43)) - raft.server.log.use.memory = false (default)
2019-11-14 13:39:43,581 [pool-271-thread-1] INFO  server.RaftServerConfigKeys (ConfUtils.java:logGet(43)) - raft.server.log.appender.buffer.byte-limit = 33554432 (custom)
2019-11-14 13:39:43,581 [pool-281-thread-1] INFO  server.RaftServerConfigKeys (ConfUtils.java:logGet(43)) - raft.server.log.purge.gap = 1000000 (custom)
2019-11-14 13:39:43,581 [pool-261-thread-1] INFO  server.RaftServerConfigKeys (ConfUtils.java:logGet(43)) - raft.server.log.appender.buffer.byte-limit = 33554432 (custom)
2019-11-14 13:39:43,582 [pool-281-thread-1] INFO  server.RaftServerConfigKeys (ConfUtils.java:logGet(43)) - raft.server.log.appender.buffer.byte-limit = 33554432 (custom)
2019-11-14 13:39:43,581 [pool-271-thread-1] INFO  server.RaftServerConfigKeys (ConfUtils.java:logGet(43)) - raft.server.log.segment.size.max = 1048576 (custom)
2019-11-14 13:39:43,582 [pool-281-thread-1] INFO  server.RaftServerConfigKeys (ConfUtils.java:logGet(43)) - raft.server.log.segment.size.max = 1048576 (custom)
2019-11-14 13:39:43,582 [pool-261-thread-1] INFO  server.RaftServerConfigKeys (ConfUtils.java:logGet(43)) - raft.server.log.segment.size.max = 1048576 (custom)
2019-11-14 13:39:43,582 [pool-281-thread-1] INFO  server.RaftServerConfigKeys (ConfUtils.java:logGet(43)) - raft.server.log.segment.cache.num.max = 2 (custom)
2019-11-14 13:39:43,582 [pool-271-thread-1] INFO  server.RaftServerConfigKeys (ConfUtils.java:logGet(43)) - raft.server.log.segment.cache.num.max = 2 (custom)
2019-11-14 13:39:43,582 [pool-281-thread-1] INFO  segmented.SegmentedRaftLogWorker (SegmentedRaftLogWorker.java:<init>(173)) - new 1868887e-7e43-4728-b850-ca98b486cc04@group-E3346D9907B5-SegmentedRaftLogWorker for RaftStorage:Storage Directory /workdir/hadoop-ozone/integration-test/target/test-dir/MiniOzoneClusterImpl-b7983275-f915-437c-8a4b-10d135678c30/datanode-2/data/ratis/0dc7506f-6cca-4b23-bb84-e3346d9907b5
2019-11-14 13:39:43,582 [pool-261-thread-1] INFO  server.RaftServerConfigKeys (ConfUtils.java:logGet(43)) - raft.server.log.segment.cache.num.max = 2 (custom)
2019-11-14 13:39:43,583 [pool-281-thread-1] INFO  server.RaftServerConfigKeys (ConfUtils.java:logGet(43)) - raft.server.log.queue.byte-limit = 2147483647 (custom)
2019-11-14 13:39:43,583 [pool-271-thread-1] INFO  segmented.SegmentedRaftLogWorker (SegmentedRaftLogWorker.java:<init>(173)) - new 5424d03e-9d94-4394-ac5b-bf2bfa423983@group-E3346D9907B5-SegmentedRaftLogWorker for RaftStorage:Storage Directory /workdir/hadoop-ozone/integration-test/target/test-dir/MiniOzoneClusterImpl-b7983275-f915-437c-8a4b-10d135678c30/datanode-1/data/ratis/0dc7506f-6cca-4b23-bb84-e3346d9907b5
2019-11-14 13:39:43,583 [pool-281-thread-1] INFO  server.RaftServerConfigKeys (ConfUtils.java:logGet(43)) - raft.server.log.queue.element-limit = 1024 (custom)
2019-11-14 13:39:43,583 [pool-261-thread-1] INFO  segmented.SegmentedRaftLogWorker (SegmentedRaftLogWorker.java:<init>(173)) - new 1a416631-4a31-4875-a4dd-145cf773c257@group-E3346D9907B5-SegmentedRaftLogWorker for RaftStorage:Storage Directory /workdir/hadoop-ozone/integration-test/target/test-dir/MiniOzoneClusterImpl-b7983275-f915-437c-8a4b-10d135678c30/datanode-0/data/ratis/0dc7506f-6cca-4b23-bb84-e3346d9907b5
2019-11-14 13:39:43,583 [pool-281-thread-1] INFO  server.RaftServerConfigKeys (ConfUtils.java:logGet(43)) - raft.server.log.segment.size.max = 1048576 (custom)
2019-11-14 13:39:43,583 [pool-271-thread-1] INFO  server.RaftServerConfigKeys (ConfUtils.java:logGet(43)) - raft.server.log.queue.byte-limit = 2147483647 (custom)
2019-11-14 13:39:43,583 [pool-281-thread-1] INFO  server.RaftServerConfigKeys (ConfUtils.java:logGet(43)) - raft.server.log.preallocated.size = 16384 (custom)
2019-11-14 13:39:43,583 [pool-261-thread-1] INFO  server.RaftServerConfigKeys (ConfUtils.java:logGet(43)) - raft.server.log.queue.byte-limit = 2147483647 (custom)
2019-11-14 13:39:43,584 [pool-281-thread-1] INFO  server.RaftServerConfigKeys (ConfUtils.java:logGet(43)) - raft.server.log.write.buffer.size = 33554432 (custom)
2019-11-14 13:39:43,584 [pool-271-thread-1] INFO  server.RaftServerConfigKeys (ConfUtils.java:logGet(43)) - raft.server.log.queue.element-limit = 1024 (custom)
2019-11-14 13:39:43,584 [pool-281-thread-1] INFO  server.RaftServerConfigKeys (ConfUtils.java:logGet(43)) - raft.server.log.force.sync.num = 128 (default)
2019-11-14 13:39:43,584 [pool-261-thread-1] INFO  server.RaftServerConfigKeys (ConfUtils.java:logGet(43)) - raft.server.log.queue.element-limit = 1024 (custom)
2019-11-14 13:39:43,584 [pool-281-thread-1] INFO  server.RaftServerConfigKeys (ConfUtils.java:logGet(43)) - raft.server.log.statemachine.data.sync = true (default)
2019-11-14 13:39:43,584 [pool-271-thread-1] INFO  server.RaftServerConfigKeys (ConfUtils.java:logGet(43)) - raft.server.log.segment.size.max = 1048576 (custom)
2019-11-14 13:39:43,585 [pool-281-thread-1] INFO  server.RaftServerConfigKeys (ConfUtils.java:logGet(43)) - raft.server.log.statemachine.data.sync.timeout = 10s (default)
2019-11-14 13:39:43,584 [pool-261-thread-1] INFO  server.RaftServerConfigKeys (ConfUtils.java:logGet(43)) - raft.server.log.segment.size.max = 1048576 (custom)
2019-11-14 13:39:43,585 [pool-281-thread-1] INFO  server.RaftServerConfigKeys (ConfUtils.java:logGet(43)) - raft.server.log.statemachine.data.sync.timeout.retry = -1 (default)
2019-11-14 13:39:43,585 [pool-271-thread-1] INFO  server.RaftServerConfigKeys (ConfUtils.java:logGet(43)) - raft.server.log.preallocated.size = 16384 (custom)
2019-11-14 13:39:43,585 [pool-261-thread-1] INFO  server.RaftServerConfigKeys (ConfUtils.java:logGet(43)) - raft.server.log.preallocated.size = 16384 (custom)
2019-11-14 13:39:43,585 [pool-281-thread-1] INFO  server.RaftServerConfigKeys (ConfUtils.java:logGet(43)) - raft.server.log.statemachine.data.caching.enabled = true (custom)
2019-11-14 13:39:43,585 [pool-271-thread-1] INFO  server.RaftServerConfigKeys (ConfUtils.java:logGet(43)) - raft.server.log.write.buffer.size = 33554432 (custom)
2019-11-14 13:39:43,585 [pool-261-thread-1] INFO  server.RaftServerConfigKeys (ConfUtils.java:logGet(43)) - raft.server.log.write.buffer.size = 33554432 (custom)
2019-11-14 13:39:43,586 [pool-281-thread-1] INFO  segmented.SegmentedRaftLogWorker (SegmentedRaftLogWorker.java:lambda$new$0(128)) - 1868887e-7e43-4728-b850-ca98b486cc04@group-E3346D9907B5-SegmentedRaftLogWorker: flushIndex: setUnconditionally 0 -> -1
2019-11-14 13:39:43,586 [pool-261-thread-1] INFO  server.RaftServerConfigKeys (ConfUtils.java:logGet(43)) - raft.server.log.force.sync.num = 128 (default)
2019-11-14 13:39:43,586 [pool-271-thread-1] INFO  server.RaftServerConfigKeys (ConfUtils.java:logGet(43)) - raft.server.log.force.sync.num = 128 (default)
2019-11-14 13:39:43,586 [pool-281-thread-1] INFO  server.RaftServerConfigKeys (ConfUtils.java:logGet(43)) - raft.server.snapshot.auto.trigger.enabled = true (custom)
2019-11-14 13:39:43,586 [pool-261-thread-1] INFO  server.RaftServerConfigKeys (ConfUtils.java:logGet(43)) - raft.server.log.statemachine.data.sync = true (default)
2019-11-14 13:39:43,586 [pool-281-thread-1] INFO  server.RaftServerConfigKeys (ConfUtils.java:logGet(43)) - raft.server.snapshot.auto.trigger.threshold = 10000 (custom)
2019-11-14 13:39:43,586 [pool-271-thread-1] INFO  server.RaftServerConfigKeys (ConfUtils.java:logGet(43)) - raft.server.log.statemachine.data.sync = true (default)
2019-11-14 13:39:43,587 [pool-281-thread-1] INFO  server.RaftServerConfigKeys (ConfUtils.java:logGet(43)) - raft.server.snapshot.retention.file.num = 5 (custom)
2019-11-14 13:39:43,587 [pool-261-thread-1] INFO  server.RaftServerConfigKeys (ConfUtils.java:logGet(43)) - raft.server.log.statemachine.data.sync.timeout = 10s (default)
2019-11-14 13:39:43,587 [pool-281-thread-1] INFO  server.RaftServerConfigKeys (ConfUtils.java:logGet(43)) - raft.server.retrycache.expirytime = 600000ms (custom)
2019-11-14 13:39:43,587 [pool-271-thread-1] INFO  server.RaftServerConfigKeys (ConfUtils.java:logGet(43)) - raft.server.log.statemachine.data.sync.timeout = 10s (default)
2019-11-14 13:39:43,587 [pool-281-thread-1] WARN  impl.MetricRegistriesImpl (MetricRegistriesImpl.java:lambda$create$1(61)) - First MetricRegistry has been created without registering reporters. You may need to call MetricRegistries.global().addReportRegistration(...) before.
2019-11-14 13:39:43,587 [pool-261-thread-1] INFO  server.RaftServerConfigKeys (ConfUtils.java:logGet(43)) - raft.server.log.statemachine.data.sync.timeout.retry = -1 (default)
2019-11-14 13:39:43,588 [pool-281-thread-1] WARN  impl.MetricRegistriesImpl (MetricRegistriesImpl.java:lambda$create$1(61)) - First MetricRegistry has been created without registering reporters. You may need to call MetricRegistries.global().addReportRegistration(...) before.
2019-11-14 13:39:43,588 [pool-261-thread-1] INFO  server.RaftServerConfigKeys (ConfUtils.java:logGet(43)) - raft.server.log.statemachine.data.caching.enabled = true (custom)
2019-11-14 13:39:43,587 [pool-271-thread-1] INFO  server.RaftServerConfigKeys (ConfUtils.java:logGet(43)) - raft.server.log.statemachine.data.sync.timeout.retry = -1 (default)
2019-11-14 13:39:43,588 [pool-281-thread-1] INFO  impl.RaftServerImpl (RaftServerImpl.java:start(184)) - 1868887e-7e43-4728-b850-ca98b486cc04@group-E3346D9907B5: start as a follower, conf=-1: [1868887e-7e43-4728-b850-ca98b486cc04:192.168.157.199:39043, 5424d03e-9d94-4394-ac5b-bf2bfa423983:192.168.157.199:37801, 1a416631-4a31-4875-a4dd-145cf773c257:192.168.157.199:39698], old=null
2019-11-14 13:39:43,588 [pool-271-thread-1] INFO  server.RaftServerConfigKeys (ConfUtils.java:logGet(43)) - raft.server.log.statemachine.data.caching.enabled = true (custom)
2019-11-14 13:39:43,588 [pool-281-thread-1] INFO  impl.RaftServerImpl (RaftServerImpl.java:setRole(173)) - 1868887e-7e43-4728-b850-ca98b486cc04@group-E3346D9907B5: changes role from      null to FOLLOWER at term 0 for startAsFollower
2019-11-14 13:39:43,589 [pool-271-thread-1] INFO  segmented.SegmentedRaftLogWorker (SegmentedRaftLogWorker.java:lambda$new$0(128)) - 5424d03e-9d94-4394-ac5b-bf2bfa423983@group-E3346D9907B5-SegmentedRaftLogWorker: flushIndex: setUnconditionally 0 -> -1
2019-11-14 13:39:43,589 [pool-281-thread-1] INFO  impl.RoleInfo (RoleInfo.java:updateAndGet(143)) - 1868887e-7e43-4728-b850-ca98b486cc04: start FollowerState
2019-11-14 13:39:43,589 [pool-261-thread-1] INFO  segmented.SegmentedRaftLogWorker (SegmentedRaftLogWorker.java:lambda$new$0(128)) - 1a416631-4a31-4875-a4dd-145cf773c257@group-E3346D9907B5-SegmentedRaftLogWorker: flushIndex: setUnconditionally 0 -> -1
2019-11-14 13:39:43,589 [pool-271-thread-1] INFO  server.RaftServerConfigKeys (ConfUtils.java:logGet(43)) - raft.server.snapshot.auto.trigger.enabled = true (custom)
2019-11-14 13:39:43,589 [pool-271-thread-1] INFO  server.RaftServerConfigKeys (ConfUtils.java:logGet(43)) - raft.server.snapshot.auto.trigger.threshold = 10000 (custom)
2019-11-14 13:39:43,589 [pool-281-thread-1] INFO  util.JmxRegister (JmxRegister.java:tryRegister(44)) - Successfully registered JMX Bean with object name Ratis:service=RaftServer,group=group-E3346D9907B5,id=1868887e-7e43-4728-b850-ca98b486cc04
2019-11-14 13:39:43,589 [pool-261-thread-1] INFO  server.RaftServerConfigKeys (ConfUtils.java:logGet(43)) - raft.server.snapshot.auto.trigger.enabled = true (custom)
2019-11-14 13:39:43,590 [pool-281-thread-1] WARN  impl.MetricRegistriesImpl (MetricRegistriesImpl.java:lambda$create$1(61)) - First MetricRegistry has been created without registering reporters. You may need to call MetricRegistries.global().addReportRegistration(...) before.
2019-11-14 13:39:43,589 [pool-271-thread-1] INFO  server.RaftServerConfigKeys (ConfUtils.java:logGet(43)) - raft.server.snapshot.retention.file.num = 5 (custom)
2019-11-14 13:39:43,590 [pool-261-thread-1] INFO  server.RaftServerConfigKeys (ConfUtils.java:logGet(43)) - raft.server.snapshot.auto.trigger.threshold = 10000 (custom)
2019-11-14 13:39:43,590 [pool-271-thread-1] INFO  server.RaftServerConfigKeys (ConfUtils.java:logGet(43)) - raft.server.retrycache.expirytime = 600000ms (custom)
2019-11-14 13:39:43,590 [pool-261-thread-1] INFO  server.RaftServerConfigKeys (ConfUtils.java:logGet(43)) - raft.server.snapshot.retention.file.num = 5 (custom)
2019-11-14 13:39:43,590 [pool-271-thread-1] WARN  impl.MetricRegistriesImpl (MetricRegistriesImpl.java:lambda$create$1(61)) - First MetricRegistry has been created without registering reporters. You may need to call MetricRegistries.global().addReportRegistration(...) before.
2019-11-14 13:39:43,590 [pool-271-thread-1] WARN  impl.MetricRegistriesImpl (MetricRegistriesImpl.java:lambda$create$1(61)) - First MetricRegistry has been created without registering reporters. You may need to call MetricRegistries.global().addReportRegistration(...) before.
2019-11-14 13:39:43,590 [pool-261-thread-1] INFO  server.RaftServerConfigKeys (ConfUtils.java:logGet(43)) - raft.server.retrycache.expirytime = 600000ms (custom)
2019-11-14 13:39:43,591 [pool-271-thread-1] INFO  impl.RaftServerImpl (RaftServerImpl.java:start(184)) - 5424d03e-9d94-4394-ac5b-bf2bfa423983@group-E3346D9907B5: start as a follower, conf=-1: [1868887e-7e43-4728-b850-ca98b486cc04:192.168.157.199:39043, 5424d03e-9d94-4394-ac5b-bf2bfa423983:192.168.157.199:37801, 1a416631-4a31-4875-a4dd-145cf773c257:192.168.157.199:39698], old=null
2019-11-14 13:39:43,591 [pool-261-thread-1] WARN  impl.MetricRegistriesImpl (MetricRegistriesImpl.java:lambda$create$1(61)) - First MetricRegistry has been created without registering reporters. You may need to call MetricRegistries.global().addReportRegistration(...) before.
2019-11-14 13:39:43,591 [pool-271-thread-1] INFO  impl.RaftServerImpl (RaftServerImpl.java:setRole(173)) - 5424d03e-9d94-4394-ac5b-bf2bfa423983@group-E3346D9907B5: changes role from      null to FOLLOWER at term 0 for startAsFollower
2019-11-14 13:39:43,591 [pool-261-thread-1] WARN  impl.MetricRegistriesImpl (MetricRegistriesImpl.java:lambda$create$1(61)) - First MetricRegistry has been created without registering reporters. You may need to call MetricRegistries.global().addReportRegistration(...) before.
2019-11-14 13:39:43,591 [pool-271-thread-1] INFO  impl.RoleInfo (RoleInfo.java:updateAndGet(143)) - 5424d03e-9d94-4394-ac5b-bf2bfa423983: start FollowerState
2019-11-14 13:39:43,591 [pool-261-thread-1] INFO  impl.RaftServerImpl (RaftServerImpl.java:start(184)) - 1a416631-4a31-4875-a4dd-145cf773c257@group-E3346D9907B5: start as a follower, conf=-1: [1868887e-7e43-4728-b850-ca98b486cc04:192.168.157.199:39043, 5424d03e-9d94-4394-ac5b-bf2bfa423983:192.168.157.199:37801, 1a416631-4a31-4875-a4dd-145cf773c257:192.168.157.199:39698], old=null
2019-11-14 13:39:43,591 [pool-261-thread-1] INFO  impl.RaftServerImpl (RaftServerImpl.java:setRole(173)) - 1a416631-4a31-4875-a4dd-145cf773c257@group-E3346D9907B5: changes role from      null to FOLLOWER at term 0 for startAsFollower
2019-11-14 13:39:43,591 [pool-261-thread-1] INFO  impl.RoleInfo (RoleInfo.java:updateAndGet(143)) - 1a416631-4a31-4875-a4dd-145cf773c257: start FollowerState
2019-11-14 13:39:43,592 [pool-271-thread-1] INFO  util.JmxRegister (JmxRegister.java:tryRegister(44)) - Successfully registered JMX Bean with object name Ratis:service=RaftServer,group=group-E3346D9907B5,id=5424d03e-9d94-4394-ac5b-bf2bfa423983
2019-11-14 13:39:43,593 [pool-271-thread-1] WARN  impl.MetricRegistriesImpl (MetricRegistriesImpl.java:lambda$create$1(61)) - First MetricRegistry has been created without registering reporters. You may need to call MetricRegistries.global().addReportRegistration(...) before.
2019-11-14 13:39:43,593 [pool-261-thread-1] INFO  util.JmxRegister (JmxRegister.java:tryRegister(44)) - Successfully registered JMX Bean with object name Ratis:service=RaftServer,group=group-E3346D9907B5,id=1a416631-4a31-4875-a4dd-145cf773c257
2019-11-14 13:39:43,594 [pool-261-thread-1] WARN  impl.MetricRegistriesImpl (MetricRegistriesImpl.java:lambda$create$1(61)) - First MetricRegistry has been created without registering reporters. You may need to call MetricRegistries.global().addReportRegistration(...) before.
2019-11-14 13:39:43,606 [RatisPipelineUtilsThread] INFO  pipeline.PipelineStateManager (PipelineStateManager.java:addPipeline(55)) - Created pipeline Pipeline[ Id: 0dc7506f-6cca-4b23-bb84-e3346d9907b5, Nodes: 1a416631-4a31-4875-a4dd-145cf773c257{ip: 192.168.157.199, host: pr-hdds-2479-srhdm-1052850629, networkLocation: /rack1, certSerialId: null}1868887e-7e43-4728-b850-ca98b486cc04{ip: 192.168.157.199, host: pr-hdds-2479-srhdm-1052850629, networkLocation: /rack1, certSerialId: null}5424d03e-9d94-4394-ac5b-bf2bfa423983{ip: 192.168.157.199, host: pr-hdds-2479-srhdm-1052850629, networkLocation: /rack1, certSerialId: null}, Type:RATIS, Factor:THREE, State:ALLOCATED]
2019-11-14 13:39:43,606 [Thread-1398] INFO  pipeline.PipelineStateManager (PipelineStateManager.java:finalizePipeline(121)) - Pipeline Pipeline[ Id: 416acf9a-e4d1-4db1-a2ee-204307efe5f9, Nodes: 1868887e-7e43-4728-b850-ca98b486cc04{ip: 192.168.157.199, host: pr-hdds-2479-srhdm-1052850629, networkLocation: /rack1, certSerialId: null}, Type:RATIS, Factor:ONE, State:CLOSED] moved to CLOSED state
2019-11-14 13:39:43,614 [grpc-default-executor-3] INFO  impl.RaftServerProxy (RaftServerProxy.java:remove(95)) - 1868887e-7e43-4728-b850-ca98b486cc04: remove  FOLLOWER 1868887e-7e43-4728-b850-ca98b486cc04@group-204307EFE5F9:t0, leader=null, voted=null, raftlog=1868887e-7e43-4728-b850-ca98b486cc04@group-204307EFE5F9-SegmentedRaftLog:OPENED:c-1,f-1,i0, conf=-1: [1868887e-7e43-4728-b850-ca98b486cc04:192.168.157.199:39043], old=null RUNNING
2019-11-14 13:39:43,615 [grpc-default-executor-3] INFO  impl.RaftServerImpl (RaftServerImpl.java:lambda$shutdown$3(250)) - 1868887e-7e43-4728-b850-ca98b486cc04@group-204307EFE5F9: shutdown
2019-11-14 13:39:43,615 [grpc-default-executor-3] INFO  util.JmxRegister (JmxRegister.java:unregister(73)) - Successfully un-registered JMX Bean with object name Ratis:service=RaftServer,group=group-204307EFE5F9,id=1868887e-7e43-4728-b850-ca98b486cc04
2019-11-14 13:39:43,615 [grpc-default-executor-3] INFO  impl.RoleInfo (RoleInfo.java:shutdownFollowerState(121)) - 1868887e-7e43-4728-b850-ca98b486cc04: shutdown FollowerState
2019-11-14 13:39:43,615 [grpc-default-executor-3] INFO  impl.StateMachineUpdater (StateMachineUpdater.java:stopAndJoin(136)) - 1868887e-7e43-4728-b850-ca98b486cc04@group-204307EFE5F9-StateMachineUpdater: set stopIndex = -1
2019-11-14 13:39:43,615 [Thread-1406] INFO  impl.FollowerState (FollowerState.java:run(120)) - 1868887e-7e43-4728-b850-ca98b486cc04@group-204307EFE5F9-FollowerState was interrupted: java.lang.InterruptedException: sleep interrupted
2019-11-14 13:39:43,616 [grpc-default-executor-3] INFO  impl.RaftServerImpl (ServerState.java:close(387)) - 1868887e-7e43-4728-b850-ca98b486cc04@group-204307EFE5F9: closes. applyIndex: -1
2019-11-14 13:39:43,617 [1868887e-7e43-4728-b850-ca98b486cc04@group-204307EFE5F9-SegmentedRaftLogWorker] INFO  segmented.SegmentedRaftLogWorker (SegmentedRaftLogWorker.java:run(316)) - 1868887e-7e43-4728-b850-ca98b486cc04@group-204307EFE5F9-SegmentedRaftLogWorker was interrupted, exiting. There are 0 tasks remaining in the queue.
2019-11-14 13:39:43,617 [grpc-default-executor-3] INFO  segmented.SegmentedRaftLogWorker (SegmentedRaftLogWorker.java:close(224)) - 1868887e-7e43-4728-b850-ca98b486cc04@group-204307EFE5F9-SegmentedRaftLogWorker close()
2019-11-14 13:39:43,624 [Thread-1398] INFO  pipeline.PipelineStateManager (PipelineStateManager.java:removePipeline(106)) - Pipeline Pipeline[ Id: 416acf9a-e4d1-4db1-a2ee-204307efe5f9, Nodes: 1868887e-7e43-4728-b850-ca98b486cc04{ip: 192.168.157.199, host: pr-hdds-2479-srhdm-1052850629, networkLocation: /rack1, certSerialId: null}, Type:RATIS, Factor:ONE, State:CLOSED] removed from db
2019-11-14 13:39:43,625 [Thread-1398] INFO  pipeline.SCMPipelineManager (SCMPipelineManager.java:finalizeAndDestroyPipeline(315)) - destroying pipeline:Pipeline[ Id: e6a50db8-d82b-4223-bd90-d27ecdeec458, Nodes: 1a416631-4a31-4875-a4dd-145cf773c257{ip: 192.168.157.199, host: pr-hdds-2479-srhdm-1052850629, networkLocation: /rack1, certSerialId: null}, Type:RATIS, Factor:ONE, State:ALLOCATED]
2019-11-14 13:39:43,632 [grpc-default-executor-3] INFO  impl.RaftServerProxy (RaftServerProxy.java:addNew(89)) - 1868887e-7e43-4728-b850-ca98b486cc04: addNew group-5E3F92C686DA:[1868887e-7e43-4728-b850-ca98b486cc04:192.168.157.199:39043] returns group-5E3F92C686DA:java.util.concurrent.CompletableFuture@3bb78e4c[Not completed]
2019-11-14 13:39:43,634 [pool-281-thread-1] INFO  impl.RaftServerImpl (RaftServerImpl.java:<init>(98)) - 1868887e-7e43-4728-b850-ca98b486cc04: new RaftServerImpl for group-5E3F92C686DA:[1868887e-7e43-4728-b850-ca98b486cc04:192.168.157.199:39043] with ContainerStateMachine:uninitialized
2019-11-14 13:39:43,634 [pool-281-thread-1] INFO  server.RaftServerConfigKeys (ConfUtils.java:logGet(43)) - raft.server.rpc.timeout.min = 5s (custom)
2019-11-14 13:39:43,634 [pool-281-thread-1] INFO  server.RaftServerConfigKeys (ConfUtils.java:logGet(43)) - raft.server.rpc.timeout.max = 5200ms (custom)
2019-11-14 13:39:43,634 [pool-281-thread-1] INFO  server.RaftServerConfigKeys (ConfUtils.java:logGet(43)) - raft.server.rpcslowness.timeout = 120s (custom)
2019-11-14 13:39:43,634 [pool-281-thread-1] INFO  server.RaftServerConfigKeys (ConfUtils.java:logGet(43)) - raft.server.sleep.deviation.threshold = 300 (default)
2019-11-14 13:39:43,635 [pool-281-thread-1] INFO  server.RaftServerConfigKeys (ConfUtils.java:logGet(43)) - raft.server.log.appender.install.snapshot.enabled = false (custom)
2019-11-14 13:39:43,635 [pool-281-thread-1] INFO  impl.RaftServerImpl (ServerState.java:<init>(103)) - 1868887e-7e43-4728-b850-ca98b486cc04@group-5E3F92C686DA: ConfigurationManager, init=-1: [1868887e-7e43-4728-b850-ca98b486cc04:192.168.157.199:39043], old=null, confs=<EMPTY_MAP>
2019-11-14 13:39:43,635 [pool-281-thread-1] INFO  server.RaftServerConfigKeys (ConfUtils.java:logGet(43)) - raft.server.storage.dir = [/workdir/hadoop-ozone/integration-test/target/test-dir/MiniOzoneClusterImpl-b7983275-f915-437c-8a4b-10d135678c30/datanode-2/data/ratis] (custom)
2019-11-14 13:39:43,635 [pool-281-thread-1] INFO  server.RaftServerConfigKeys (ConfUtils.java:logGet(43)) - raft.server.log.corruption.policy = EXCEPTION (default)
2019-11-14 13:39:43,636 [pool-281-thread-1] INFO  storage.RaftStorageDirectory (RaftStorageDirectory.java:analyzeStorage(246)) - The storage directory /workdir/hadoop-ozone/integration-test/target/test-dir/MiniOzoneClusterImpl-b7983275-f915-437c-8a4b-10d135678c30/datanode-2/data/ratis/5b301b72-8911-4199-b54f-5e3f92c686da does not exist. Creating ...
2019-11-14 13:39:43,659 [pool-281-thread-1] INFO  storage.RaftStorageDirectory (RaftStorageDirectory.java:tryLock(328)) - Lock on /workdir/hadoop-ozone/integration-test/target/test-dir/MiniOzoneClusterImpl-b7983275-f915-437c-8a4b-10d135678c30/datanode-2/data/ratis/5b301b72-8911-4199-b54f-5e3f92c686da/in_use.lock acquired by nodename 9271@pr-hdds-2479-srhdm-1052850629
2019-11-14 13:39:43,683 [pool-281-thread-1] INFO  storage.RaftStorage (RaftStorage.java:format(84)) - Storage directory /workdir/hadoop-ozone/integration-test/target/test-dir/MiniOzoneClusterImpl-b7983275-f915-437c-8a4b-10d135678c30/datanode-2/data/ratis/5b301b72-8911-4199-b54f-5e3f92c686da has been successfully formatted.
2019-11-14 13:39:43,684 [pool-281-thread-1] INFO  ratis.ContainerStateMachine (ContainerStateMachine.java:loadSnapshot(223)) - group-5E3F92C686DA: The snapshot info is null. Setting the last applied indexto:(t:0, i:~)
2019-11-14 13:39:43,684 [pool-281-thread-1] INFO  server.RaftServerConfigKeys (ConfUtils.java:logGet(43)) - raft.server.notification.no-leader.timeout = 120s (custom)
2019-11-14 13:39:43,684 [pool-281-thread-1] INFO  server.RaftServerConfigKeys (ConfUtils.java:logGet(43)) - raft.server.log.use.memory = false (default)
2019-11-14 13:39:43,684 [pool-281-thread-1] INFO  server.RaftServerConfigKeys (ConfUtils.java:logGet(43)) - raft.server.log.purge.gap = 1000000 (custom)
2019-11-14 13:39:43,684 [pool-281-thread-1] INFO  server.RaftServerConfigKeys (ConfUtils.java:logGet(43)) - raft.server.log.appender.buffer.byte-limit = 33554432 (custom)
2019-11-14 13:39:43,685 [pool-281-thread-1] INFO  server.RaftServerConfigKeys (ConfUtils.java:logGet(43)) - raft.server.log.segment.size.max = 1048576 (custom)
2019-11-14 13:39:43,685 [pool-281-thread-1] INFO  server.RaftServerConfigKeys (ConfUtils.java:logGet(43)) - raft.server.log.segment.cache.num.max = 2 (custom)
2019-11-14 13:39:43,685 [pool-281-thread-1] INFO  segmented.SegmentedRaftLogWorker (SegmentedRaftLogWorker.java:<init>(173)) - new 1868887e-7e43-4728-b850-ca98b486cc04@group-5E3F92C686DA-SegmentedRaftLogWorker for RaftStorage:Storage Directory /workdir/hadoop-ozone/integration-test/target/test-dir/MiniOzoneClusterImpl-b7983275-f915-437c-8a4b-10d135678c30/datanode-2/data/ratis/5b301b72-8911-4199-b54f-5e3f92c686da
2019-11-14 13:39:43,685 [pool-281-thread-1] INFO  server.RaftServerConfigKeys (ConfUtils.java:logGet(43)) - raft.server.log.queue.byte-limit = 2147483647 (custom)
2019-11-14 13:39:43,685 [pool-281-thread-1] INFO  server.RaftServerConfigKeys (ConfUtils.java:logGet(43)) - raft.server.log.queue.element-limit = 1024 (custom)
2019-11-14 13:39:43,685 [pool-281-thread-1] INFO  server.RaftServerConfigKeys (ConfUtils.java:logGet(43)) - raft.server.log.segment.size.max = 1048576 (custom)
2019-11-14 13:39:43,685 [pool-281-thread-1] INFO  server.RaftServerConfigKeys (ConfUtils.java:logGet(43)) - raft.server.log.preallocated.size = 16384 (custom)
2019-11-14 13:39:43,686 [pool-281-thread-1] INFO  server.RaftServerConfigKeys (ConfUtils.java:logGet(43)) - raft.server.log.write.buffer.size = 33554432 (custom)
2019-11-14 13:39:43,686 [pool-281-thread-1] INFO  server.RaftServerConfigKeys (ConfUtils.java:logGet(43)) - raft.server.log.force.sync.num = 128 (default)
2019-11-14 13:39:43,686 [pool-281-thread-1] INFO  server.RaftServerConfigKeys (ConfUtils.java:logGet(43)) - raft.server.log.statemachine.data.sync = true (default)
2019-11-14 13:39:43,686 [pool-281-thread-1] INFO  server.RaftServerConfigKeys (ConfUtils.java:logGet(43)) - raft.server.log.statemachine.data.sync.timeout = 10s (default)
2019-11-14 13:39:43,686 [pool-281-thread-1] INFO  server.RaftServerConfigKeys (ConfUtils.java:logGet(43)) - raft.server.log.statemachine.data.sync.timeout.retry = -1 (default)
2019-11-14 13:39:43,686 [pool-281-thread-1] INFO  server.RaftServerConfigKeys (ConfUtils.java:logGet(43)) - raft.server.log.statemachine.data.caching.enabled = true (custom)
2019-11-14 13:39:43,687 [pool-281-thread-1] INFO  segmented.SegmentedRaftLogWorker (SegmentedRaftLogWorker.java:lambda$new$0(128)) - 1868887e-7e43-4728-b850-ca98b486cc04@group-5E3F92C686DA-SegmentedRaftLogWorker: flushIndex: setUnconditionally 0 -> -1
2019-11-14 13:39:43,687 [pool-281-thread-1] INFO  server.RaftServerConfigKeys (ConfUtils.java:logGet(43)) - raft.server.snapshot.auto.trigger.enabled = true (custom)
2019-11-14 13:39:43,687 [pool-281-thread-1] INFO  server.RaftServerConfigKeys (ConfUtils.java:logGet(43)) - raft.server.snapshot.auto.trigger.threshold = 10000 (custom)
2019-11-14 13:39:43,687 [pool-281-thread-1] INFO  server.RaftServerConfigKeys (ConfUtils.java:logGet(43)) - raft.server.snapshot.retention.file.num = 5 (custom)
2019-11-14 13:39:43,688 [pool-281-thread-1] INFO  server.RaftServerConfigKeys (ConfUtils.java:logGet(43)) - raft.server.retrycache.expirytime = 600000ms (custom)
2019-11-14 13:39:43,688 [pool-281-thread-1] WARN  impl.MetricRegistriesImpl (MetricRegistriesImpl.java:lambda$create$1(61)) - First MetricRegistry has been created without registering reporters. You may need to call MetricRegistries.global().addReportRegistration(...) before.
2019-11-14 13:39:43,688 [pool-281-thread-1] WARN  impl.MetricRegistriesImpl (MetricRegistriesImpl.java:lambda$create$1(61)) - First MetricRegistry has been created without registering reporters. You may need to call MetricRegistries.global().addReportRegistration(...) before.
2019-11-14 13:39:43,688 [pool-281-thread-1] INFO  impl.RaftServerImpl (RaftServerImpl.java:start(184)) - 1868887e-7e43-4728-b850-ca98b486cc04@group-5E3F92C686DA: start as a follower, conf=-1: [1868887e-7e43-4728-b850-ca98b486cc04:192.168.157.199:39043], old=null
2019-11-14 13:39:43,689 [pool-281-thread-1] INFO  impl.RaftServerImpl (RaftServerImpl.java:setRole(173)) - 1868887e-7e43-4728-b850-ca98b486cc04@group-5E3F92C686DA: changes role from      null to FOLLOWER at term 0 for startAsFollower
2019-11-14 13:39:43,689 [pool-281-thread-1] INFO  impl.RoleInfo (RoleInfo.java:updateAndGet(143)) - 1868887e-7e43-4728-b850-ca98b486cc04: start FollowerState
2019-11-14 13:39:43,689 [pool-281-thread-1] INFO  util.JmxRegister (JmxRegister.java:tryRegister(44)) - Successfully registered JMX Bean with object name Ratis:service=RaftServer,group=group-5E3F92C686DA,id=1868887e-7e43-4728-b850-ca98b486cc04
2019-11-14 13:39:43,690 [pool-281-thread-1] WARN  impl.MetricRegistriesImpl (MetricRegistriesImpl.java:lambda$create$1(61)) - First MetricRegistry has been created without registering reporters. You may need to call MetricRegistries.global().addReportRegistration(...) before.
2019-11-14 13:39:43,698 [RatisPipelineUtilsThread] INFO  pipeline.PipelineStateManager (PipelineStateManager.java:addPipeline(55)) - Created pipeline Pipeline[ Id: 5b301b72-8911-4199-b54f-5e3f92c686da, Nodes: 1868887e-7e43-4728-b850-ca98b486cc04{ip: 192.168.157.199, host: pr-hdds-2479-srhdm-1052850629, networkLocation: /rack1, certSerialId: null}, Type:RATIS, Factor:ONE, State:ALLOCATED]
2019-11-14 13:39:43,699 [Thread-1398] INFO  pipeline.PipelineStateManager (PipelineStateManager.java:finalizePipeline(121)) - Pipeline Pipeline[ Id: e6a50db8-d82b-4223-bd90-d27ecdeec458, Nodes: 1a416631-4a31-4875-a4dd-145cf773c257{ip: 192.168.157.199, host: pr-hdds-2479-srhdm-1052850629, networkLocation: /rack1, certSerialId: null}, Type:RATIS, Factor:ONE, State:CLOSED] moved to CLOSED state
2019-11-14 13:39:43,708 [grpc-default-executor-3] INFO  impl.RaftServerProxy (RaftServerProxy.java:remove(95)) - 1a416631-4a31-4875-a4dd-145cf773c257: remove  FOLLOWER 1a416631-4a31-4875-a4dd-145cf773c257@group-D27ECDEEC458:t0, leader=null, voted=null, raftlog=1a416631-4a31-4875-a4dd-145cf773c257@group-D27ECDEEC458-SegmentedRaftLog:OPENED:c-1,f-1,i0, conf=-1: [1a416631-4a31-4875-a4dd-145cf773c257:192.168.157.199:39698], old=null RUNNING
2019-11-14 13:39:43,708 [grpc-default-executor-3] INFO  impl.RaftServerImpl (RaftServerImpl.java:lambda$shutdown$3(250)) - 1a416631-4a31-4875-a4dd-145cf773c257@group-D27ECDEEC458: shutdown
2019-11-14 13:39:43,709 [grpc-default-executor-3] INFO  util.JmxRegister (JmxRegister.java:unregister(73)) - Successfully un-registered JMX Bean with object name Ratis:service=RaftServer,group=group-D27ECDEEC458,id=1a416631-4a31-4875-a4dd-145cf773c257
2019-11-14 13:39:43,709 [grpc-default-executor-3] INFO  impl.RoleInfo (RoleInfo.java:shutdownFollowerState(121)) - 1a416631-4a31-4875-a4dd-145cf773c257: shutdown FollowerState
2019-11-14 13:39:43,709 [grpc-default-executor-3] INFO  impl.StateMachineUpdater (StateMachineUpdater.java:stopAndJoin(136)) - 1a416631-4a31-4875-a4dd-145cf773c257@group-D27ECDEEC458-StateMachineUpdater: set stopIndex = -1
2019-11-14 13:39:43,709 [Thread-1400] INFO  impl.FollowerState (FollowerState.java:run(120)) - 1a416631-4a31-4875-a4dd-145cf773c257@group-D27ECDEEC458-FollowerState was interrupted: java.lang.InterruptedException: sleep interrupted
2019-11-14 13:39:43,710 [grpc-default-executor-3] INFO  impl.RaftServerImpl (ServerState.java:close(387)) - 1a416631-4a31-4875-a4dd-145cf773c257@group-D27ECDEEC458: closes. applyIndex: -1
2019-11-14 13:39:43,714 [1a416631-4a31-4875-a4dd-145cf773c257@group-D27ECDEEC458-SegmentedRaftLogWorker] INFO  segmented.SegmentedRaftLogWorker (SegmentedRaftLogWorker.java:run(316)) - 1a416631-4a31-4875-a4dd-145cf773c257@group-D27ECDEEC458-SegmentedRaftLogWorker was interrupted, exiting. There are 0 tasks remaining in the queue.
2019-11-14 13:39:43,714 [grpc-default-executor-3] INFO  segmented.SegmentedRaftLogWorker (SegmentedRaftLogWorker.java:close(224)) - 1a416631-4a31-4875-a4dd-145cf773c257@group-D27ECDEEC458-SegmentedRaftLogWorker close()
2019-11-14 13:39:43,722 [Thread-1398] INFO  pipeline.PipelineStateManager (PipelineStateManager.java:removePipeline(106)) - Pipeline Pipeline[ Id: e6a50db8-d82b-4223-bd90-d27ecdeec458, Nodes: 1a416631-4a31-4875-a4dd-145cf773c257{ip: 192.168.157.199, host: pr-hdds-2479-srhdm-1052850629, networkLocation: /rack1, certSerialId: null}, Type:RATIS, Factor:ONE, State:CLOSED] removed from db
2019-11-14 13:39:43,722 [Thread-1398] INFO  pipeline.SCMPipelineManager (SCMPipelineManager.java:finalizeAndDestroyPipeline(315)) - destroying pipeline:Pipeline[ Id: b8684949-fa96-45d9-976d-050c8e24b274, Nodes: 5424d03e-9d94-4394-ac5b-bf2bfa423983{ip: 192.168.157.199, host: pr-hdds-2479-srhdm-1052850629, networkLocation: /rack1, certSerialId: null}, Type:RATIS, Factor:ONE, State:ALLOCATED]
2019-11-14 13:39:43,730 [grpc-default-executor-3] INFO  impl.RaftServerProxy (RaftServerProxy.java:addNew(89)) - 1a416631-4a31-4875-a4dd-145cf773c257: addNew group-6EFCB3B1AA2C:[1a416631-4a31-4875-a4dd-145cf773c257:192.168.157.199:39698] returns group-6EFCB3B1AA2C:java.util.concurrent.CompletableFuture@38bbfde7[Not completed]
2019-11-14 13:39:43,732 [pool-261-thread-1] INFO  impl.RaftServerImpl (RaftServerImpl.java:<init>(98)) - 1a416631-4a31-4875-a4dd-145cf773c257: new RaftServerImpl for group-6EFCB3B1AA2C:[1a416631-4a31-4875-a4dd-145cf773c257:192.168.157.199:39698] with ContainerStateMachine:uninitialized
2019-11-14 13:39:43,732 [pool-261-thread-1] INFO  server.RaftServerConfigKeys (ConfUtils.java:logGet(43)) - raft.server.rpc.timeout.min = 5s (custom)
2019-11-14 13:39:43,732 [pool-261-thread-1] INFO  server.RaftServerConfigKeys (ConfUtils.java:logGet(43)) - raft.server.rpc.timeout.max = 5200ms (custom)
2019-11-14 13:39:43,732 [pool-261-thread-1] INFO  server.RaftServerConfigKeys (ConfUtils.java:logGet(43)) - raft.server.rpcslowness.timeout = 120s (custom)
2019-11-14 13:39:43,732 [pool-261-thread-1] INFO  server.RaftServerConfigKeys (ConfUtils.java:logGet(43)) - raft.server.sleep.deviation.threshold = 300 (default)
2019-11-14 13:39:43,732 [pool-261-thread-1] INFO  server.RaftServerConfigKeys (ConfUtils.java:logGet(43)) - raft.server.log.appender.install.snapshot.enabled = false (custom)
2019-11-14 13:39:43,732 [pool-261-thread-1] INFO  impl.RaftServerImpl (ServerState.java:<init>(103)) - 1a416631-4a31-4875-a4dd-145cf773c257@group-6EFCB3B1AA2C: ConfigurationManager, init=-1: [1a416631-4a31-4875-a4dd-145cf773c257:192.168.157.199:39698], old=null, confs=<EMPTY_MAP>
2019-11-14 13:39:43,733 [pool-261-thread-1] INFO  server.RaftServerConfigKeys (ConfUtils.java:logGet(43)) - raft.server.storage.dir = [/workdir/hadoop-ozone/integration-test/target/test-dir/MiniOzoneClusterImpl-b7983275-f915-437c-8a4b-10d135678c30/datanode-0/data/ratis] (custom)
2019-11-14 13:39:43,733 [pool-261-thread-1] INFO  server.RaftServerConfigKeys (ConfUtils.java:logGet(43)) - raft.server.log.corruption.policy = EXCEPTION (default)
2019-11-14 13:39:43,733 [pool-261-thread-1] INFO  storage.RaftStorageDirectory (RaftStorageDirectory.java:analyzeStorage(246)) - The storage directory /workdir/hadoop-ozone/integration-test/target/test-dir/MiniOzoneClusterImpl-b7983275-f915-437c-8a4b-10d135678c30/datanode-0/data/ratis/5ec43e98-9382-4349-8b5c-6efcb3b1aa2c does not exist. Creating ...
2019-11-14 13:39:43,755 [pool-261-thread-1] INFO  storage.RaftStorageDirectory (RaftStorageDirectory.java:tryLock(328)) - Lock on /workdir/hadoop-ozone/integration-test/target/test-dir/MiniOzoneClusterImpl-b7983275-f915-437c-8a4b-10d135678c30/datanode-0/data/ratis/5ec43e98-9382-4349-8b5c-6efcb3b1aa2c/in_use.lock acquired by nodename 9271@pr-hdds-2479-srhdm-1052850629
2019-11-14 13:39:43,777 [pool-261-thread-1] INFO  storage.RaftStorage (RaftStorage.java:format(84)) - Storage directory /workdir/hadoop-ozone/integration-test/target/test-dir/MiniOzoneClusterImpl-b7983275-f915-437c-8a4b-10d135678c30/datanode-0/data/ratis/5ec43e98-9382-4349-8b5c-6efcb3b1aa2c has been successfully formatted.
2019-11-14 13:39:43,777 [pool-261-thread-1] INFO  ratis.ContainerStateMachine (ContainerStateMachine.java:loadSnapshot(223)) - group-6EFCB3B1AA2C: The snapshot info is null. Setting the last applied indexto:(t:0, i:~)
2019-11-14 13:39:43,778 [pool-261-thread-1] INFO  server.RaftServerConfigKeys (ConfUtils.java:logGet(43)) - raft.server.notification.no-leader.timeout = 120s (custom)
2019-11-14 13:39:43,778 [pool-261-thread-1] INFO  server.RaftServerConfigKeys (ConfUtils.java:logGet(43)) - raft.server.log.use.memory = false (default)
2019-11-14 13:39:43,778 [pool-261-thread-1] INFO  server.RaftServerConfigKeys (ConfUtils.java:logGet(43)) - raft.server.log.purge.gap = 1000000 (custom)
2019-11-14 13:39:43,778 [pool-261-thread-1] INFO  server.RaftServerConfigKeys (ConfUtils.java:logGet(43)) - raft.server.log.appender.buffer.byte-limit = 33554432 (custom)
2019-11-14 13:39:43,778 [pool-261-thread-1] INFO  server.RaftServerConfigKeys (ConfUtils.java:logGet(43)) - raft.server.log.segment.size.max = 1048576 (custom)
2019-11-14 13:39:43,779 [pool-261-thread-1] INFO  server.RaftServerConfigKeys (ConfUtils.java:logGet(43)) - raft.server.log.segment.cache.num.max = 2 (custom)
2019-11-14 13:39:43,779 [pool-261-thread-1] INFO  segmented.SegmentedRaftLogWorker (SegmentedRaftLogWorker.java:<init>(173)) - new 1a416631-4a31-4875-a4dd-145cf773c257@group-6EFCB3B1AA2C-SegmentedRaftLogWorker for RaftStorage:Storage Directory /workdir/hadoop-ozone/integration-test/target/test-dir/MiniOzoneClusterImpl-b7983275-f915-437c-8a4b-10d135678c30/datanode-0/data/ratis/5ec43e98-9382-4349-8b5c-6efcb3b1aa2c
2019-11-14 13:39:43,779 [pool-261-thread-1] INFO  server.RaftServerConfigKeys (ConfUtils.java:logGet(43)) - raft.server.log.queue.byte-limit = 2147483647 (custom)
2019-11-14 13:39:43,779 [pool-261-thread-1] INFO  server.RaftServerConfigKeys (ConfUtils.java:logGet(43)) - raft.server.log.queue.element-limit = 1024 (custom)
2019-11-14 13:39:43,779 [pool-261-thread-1] INFO  server.RaftServerConfigKeys (ConfUtils.java:logGet(43)) - raft.server.log.segment.size.max = 1048576 (custom)
2019-11-14 13:39:43,779 [pool-261-thread-1] INFO  server.RaftServerConfigKeys (ConfUtils.java:logGet(43)) - raft.server.log.preallocated.size = 16384 (custom)
2019-11-14 13:39:43,780 [pool-261-thread-1] INFO  server.RaftServerConfigKeys (ConfUtils.java:logGet(43)) - raft.server.log.write.buffer.size = 33554432 (custom)
2019-11-14 13:39:43,780 [pool-261-thread-1] INFO  server.RaftServerConfigKeys (ConfUtils.java:logGet(43)) - raft.server.log.force.sync.num = 128 (default)
2019-11-14 13:39:43,780 [pool-261-thread-1] INFO  server.RaftServerConfigKeys (ConfUtils.java:logGet(43)) - raft.server.log.statemachine.data.sync = true (default)
2019-11-14 13:39:43,780 [pool-261-thread-1] INFO  server.RaftServerConfigKeys (ConfUtils.java:logGet(43)) - raft.server.log.statemachine.data.sync.timeout = 10s (default)
2019-11-14 13:39:43,780 [pool-261-thread-1] INFO  server.RaftServerConfigKeys (ConfUtils.java:logGet(43)) - raft.server.log.statemachine.data.sync.timeout.retry = -1 (default)
2019-11-14 13:39:43,781 [pool-261-thread-1] INFO  server.RaftServerConfigKeys (ConfUtils.java:logGet(43)) - raft.server.log.statemachine.data.caching.enabled = true (custom)
2019-11-14 13:39:43,781 [pool-261-thread-1] INFO  segmented.SegmentedRaftLogWorker (SegmentedRaftLogWorker.java:lambda$new$0(128)) - 1a416631-4a31-4875-a4dd-145cf773c257@group-6EFCB3B1AA2C-SegmentedRaftLogWorker: flushIndex: setUnconditionally 0 -> -1
2019-11-14 13:39:43,781 [pool-261-thread-1] INFO  server.RaftServerConfigKeys (ConfUtils.java:logGet(43)) - raft.server.snapshot.auto.trigger.enabled = true (custom)
2019-11-14 13:39:43,782 [pool-261-thread-1] INFO  server.RaftServerConfigKeys (ConfUtils.java:logGet(43)) - raft.server.snapshot.auto.trigger.threshold = 10000 (custom)
2019-11-14 13:39:43,782 [pool-261-thread-1] INFO  server.RaftServerConfigKeys (ConfUtils.java:logGet(43)) - raft.server.snapshot.retention.file.num = 5 (custom)
2019-11-14 13:39:43,782 [pool-261-thread-1] INFO  server.RaftServerConfigKeys (ConfUtils.java:logGet(43)) - raft.server.retrycache.expirytime = 600000ms (custom)
2019-11-14 13:39:43,782 [pool-261-thread-1] WARN  impl.MetricRegistriesImpl (MetricRegistriesImpl.java:lambda$create$1(61)) - First MetricRegistry has been created without registering reporters. You may need to call MetricRegistries.global().addReportRegistration(...) before.
2019-11-14 13:39:43,783 [pool-261-thread-1] WARN  impl.MetricRegistriesImpl (MetricRegistriesImpl.java:lambda$create$1(61)) - First MetricRegistry has been created without registering reporters. You may need to call MetricRegistries.global().addReportRegistration(...) before.
2019-11-14 13:39:43,783 [pool-261-thread-1] INFO  impl.RaftServerImpl (RaftServerImpl.java:start(184)) - 1a416631-4a31-4875-a4dd-145cf773c257@group-6EFCB3B1AA2C: start as a follower, conf=-1: [1a416631-4a31-4875-a4dd-145cf773c257:192.168.157.199:39698], old=null
2019-11-14 13:39:43,783 [pool-261-thread-1] INFO  impl.RaftServerImpl (RaftServerImpl.java:setRole(173)) - 1a416631-4a31-4875-a4dd-145cf773c257@group-6EFCB3B1AA2C: changes role from      null to FOLLOWER at term 0 for startAsFollower
2019-11-14 13:39:43,783 [pool-261-thread-1] INFO  impl.RoleInfo (RoleInfo.java:updateAndGet(143)) - 1a416631-4a31-4875-a4dd-145cf773c257: start FollowerState
2019-11-14 13:39:43,784 [pool-261-thread-1] INFO  util.JmxRegister (JmxRegister.java:tryRegister(44)) - Successfully registered JMX Bean with object name Ratis:service=RaftServer,group=group-6EFCB3B1AA2C,id=1a416631-4a31-4875-a4dd-145cf773c257
2019-11-14 13:39:43,784 [pool-261-thread-1] WARN  impl.MetricRegistriesImpl (MetricRegistriesImpl.java:lambda$create$1(61)) - First MetricRegistry has been created without registering reporters. You may need to call MetricRegistries.global().addReportRegistration(...) before.
2019-11-14 13:39:43,789 [RatisPipelineUtilsThread] INFO  pipeline.PipelineStateManager (PipelineStateManager.java:addPipeline(55)) - Created pipeline Pipeline[ Id: 5ec43e98-9382-4349-8b5c-6efcb3b1aa2c, Nodes: 1a416631-4a31-4875-a4dd-145cf773c257{ip: 192.168.157.199, host: pr-hdds-2479-srhdm-1052850629, networkLocation: /rack1, certSerialId: null}, Type:RATIS, Factor:ONE, State:ALLOCATED]
2019-11-14 13:39:43,790 [Thread-1398] INFO  pipeline.PipelineStateManager (PipelineStateManager.java:finalizePipeline(121)) - Pipeline Pipeline[ Id: b8684949-fa96-45d9-976d-050c8e24b274, Nodes: 5424d03e-9d94-4394-ac5b-bf2bfa423983{ip: 192.168.157.199, host: pr-hdds-2479-srhdm-1052850629, networkLocation: /rack1, certSerialId: null}, Type:RATIS, Factor:ONE, State:CLOSED] moved to CLOSED state
2019-11-14 13:39:43,805 [grpc-default-executor-3] INFO  impl.RaftServerProxy (RaftServerProxy.java:remove(95)) - 5424d03e-9d94-4394-ac5b-bf2bfa423983: remove  FOLLOWER 5424d03e-9d94-4394-ac5b-bf2bfa423983@group-050C8E24B274:t0, leader=null, voted=null, raftlog=5424d03e-9d94-4394-ac5b-bf2bfa423983@group-050C8E24B274-SegmentedRaftLog:OPENED:c-1,f-1,i0, conf=-1: [5424d03e-9d94-4394-ac5b-bf2bfa423983:192.168.157.199:37801], old=null RUNNING
2019-11-14 13:39:43,805 [grpc-default-executor-3] INFO  impl.RaftServerImpl (RaftServerImpl.java:lambda$shutdown$3(250)) - 5424d03e-9d94-4394-ac5b-bf2bfa423983@group-050C8E24B274: shutdown
2019-11-14 13:39:43,806 [grpc-default-executor-3] INFO  util.JmxRegister (JmxRegister.java:unregister(73)) - Successfully un-registered JMX Bean with object name Ratis:service=RaftServer,group=group-050C8E24B274,id=5424d03e-9d94-4394-ac5b-bf2bfa423983
2019-11-14 13:39:43,806 [grpc-default-executor-3] INFO  impl.RoleInfo (RoleInfo.java:shutdownFollowerState(121)) - 5424d03e-9d94-4394-ac5b-bf2bfa423983: shutdown FollowerState
2019-11-14 13:39:43,806 [grpc-default-executor-3] INFO  impl.StateMachineUpdater (StateMachineUpdater.java:stopAndJoin(136)) - 5424d03e-9d94-4394-ac5b-bf2bfa423983@group-050C8E24B274-StateMachineUpdater: set stopIndex = -1
2019-11-14 13:39:43,806 [Thread-1403] INFO  impl.FollowerState (FollowerState.java:run(120)) - 5424d03e-9d94-4394-ac5b-bf2bfa423983@group-050C8E24B274-FollowerState was interrupted: java.lang.InterruptedException: sleep interrupted
2019-11-14 13:39:43,807 [grpc-default-executor-3] INFO  impl.RaftServerImpl (ServerState.java:close(387)) - 5424d03e-9d94-4394-ac5b-bf2bfa423983@group-050C8E24B274: closes. applyIndex: -1
2019-11-14 13:39:43,808 [5424d03e-9d94-4394-ac5b-bf2bfa423983@group-050C8E24B274-SegmentedRaftLogWorker] INFO  segmented.SegmentedRaftLogWorker (SegmentedRaftLogWorker.java:run(316)) - 5424d03e-9d94-4394-ac5b-bf2bfa423983@group-050C8E24B274-SegmentedRaftLogWorker was interrupted, exiting. There are 0 tasks remaining in the queue.
2019-11-14 13:39:43,808 [grpc-default-executor-3] INFO  segmented.SegmentedRaftLogWorker (SegmentedRaftLogWorker.java:close(224)) - 5424d03e-9d94-4394-ac5b-bf2bfa423983@group-050C8E24B274-SegmentedRaftLogWorker close()
2019-11-14 13:39:43,817 [Thread-1398] INFO  pipeline.PipelineStateManager (PipelineStateManager.java:removePipeline(106)) - Pipeline Pipeline[ Id: b8684949-fa96-45d9-976d-050c8e24b274, Nodes: 5424d03e-9d94-4394-ac5b-bf2bfa423983{ip: 192.168.157.199, host: pr-hdds-2479-srhdm-1052850629, networkLocation: /rack1, certSerialId: null}, Type:RATIS, Factor:ONE, State:CLOSED] removed from db
2019-11-14 13:39:43,826 [grpc-default-executor-3] INFO  impl.RaftServerProxy (RaftServerProxy.java:addNew(89)) - 5424d03e-9d94-4394-ac5b-bf2bfa423983: addNew group-59A8BCF6228C:[5424d03e-9d94-4394-ac5b-bf2bfa423983:192.168.157.199:37801] returns group-59A8BCF6228C:java.util.concurrent.CompletableFuture@2c374b3c[Not completed]
2019-11-14 13:39:43,827 [pool-271-thread-1] INFO  impl.RaftServerImpl (RaftServerImpl.java:<init>(98)) - 5424d03e-9d94-4394-ac5b-bf2bfa423983: new RaftServerImpl for group-59A8BCF6228C:[5424d03e-9d94-4394-ac5b-bf2bfa423983:192.168.157.199:37801] with ContainerStateMachine:uninitialized
2019-11-14 13:39:43,827 [pool-271-thread-1] INFO  server.RaftServerConfigKeys (ConfUtils.java:logGet(43)) - raft.server.rpc.timeout.min = 5s (custom)
2019-11-14 13:39:43,827 [pool-271-thread-1] INFO  server.RaftServerConfigKeys (ConfUtils.java:logGet(43)) - raft.server.rpc.timeout.max = 5200ms (custom)
2019-11-14 13:39:43,827 [pool-271-thread-1] INFO  server.RaftServerConfigKeys (ConfUtils.java:logGet(43)) - raft.server.rpcslowness.timeout = 120s (custom)
2019-11-14 13:39:43,827 [pool-271-thread-1] INFO  server.RaftServerConfigKeys (ConfUtils.java:logGet(43)) - raft.server.sleep.deviation.threshold = 300 (default)
2019-11-14 13:39:43,827 [pool-271-thread-1] INFO  server.RaftServerConfigKeys (ConfUtils.java:logGet(43)) - raft.server.log.appender.install.snapshot.enabled = false (custom)
2019-11-14 13:39:43,828 [pool-271-thread-1] INFO  impl.RaftServerImpl (ServerState.java:<init>(103)) - 5424d03e-9d94-4394-ac5b-bf2bfa423983@group-59A8BCF6228C: ConfigurationManager, init=-1: [5424d03e-9d94-4394-ac5b-bf2bfa423983:192.168.157.199:37801], old=null, confs=<EMPTY_MAP>
2019-11-14 13:39:43,828 [pool-271-thread-1] INFO  server.RaftServerConfigKeys (ConfUtils.java:logGet(43)) - raft.server.storage.dir = [/workdir/hadoop-ozone/integration-test/target/test-dir/MiniOzoneClusterImpl-b7983275-f915-437c-8a4b-10d135678c30/datanode-1/data/ratis] (custom)
2019-11-14 13:39:43,828 [pool-271-thread-1] INFO  server.RaftServerConfigKeys (ConfUtils.java:logGet(43)) - raft.server.log.corruption.policy = EXCEPTION (default)
2019-11-14 13:39:43,828 [pool-271-thread-1] INFO  storage.RaftStorageDirectory (RaftStorageDirectory.java:analyzeStorage(246)) - The storage directory /workdir/hadoop-ozone/integration-test/target/test-dir/MiniOzoneClusterImpl-b7983275-f915-437c-8a4b-10d135678c30/datanode-1/data/ratis/b20ada39-b798-48f4-8584-59a8bcf6228c does not exist. Creating ...
2019-11-14 13:39:43,848 [pool-271-thread-1] INFO  storage.RaftStorageDirectory (RaftStorageDirectory.java:tryLock(328)) - Lock on /workdir/hadoop-ozone/integration-test/target/test-dir/MiniOzoneClusterImpl-b7983275-f915-437c-8a4b-10d135678c30/datanode-1/data/ratis/b20ada39-b798-48f4-8584-59a8bcf6228c/in_use.lock acquired by nodename 9271@pr-hdds-2479-srhdm-1052850629
2019-11-14 13:39:43,885 [pool-271-thread-1] INFO  storage.RaftStorage (RaftStorage.java:format(84)) - Storage directory /workdir/hadoop-ozone/integration-test/target/test-dir/MiniOzoneClusterImpl-b7983275-f915-437c-8a4b-10d135678c30/datanode-1/data/ratis/b20ada39-b798-48f4-8584-59a8bcf6228c has been successfully formatted.
2019-11-14 13:39:43,885 [pool-271-thread-1] INFO  ratis.ContainerStateMachine (ContainerStateMachine.java:loadSnapshot(223)) - group-59A8BCF6228C: The snapshot info is null. Setting the last applied indexto:(t:0, i:~)
2019-11-14 13:39:43,885 [pool-271-thread-1] INFO  server.RaftServerConfigKeys (ConfUtils.java:logGet(43)) - raft.server.notification.no-leader.timeout = 120s (custom)
2019-11-14 13:39:43,885 [pool-271-thread-1] INFO  server.RaftServerConfigKeys (ConfUtils.java:logGet(43)) - raft.server.log.use.memory = false (default)
2019-11-14 13:39:43,885 [pool-271-thread-1] INFO  server.RaftServerConfigKeys (ConfUtils.java:logGet(43)) - raft.server.log.purge.gap = 1000000 (custom)
2019-11-14 13:39:43,885 [pool-271-thread-1] INFO  server.RaftServerConfigKeys (ConfUtils.java:logGet(43)) - raft.server.log.appender.buffer.byte-limit = 33554432 (custom)
2019-11-14 13:39:43,886 [pool-271-thread-1] INFO  server.RaftServerConfigKeys (ConfUtils.java:logGet(43)) - raft.server.log.segment.size.max = 1048576 (custom)
2019-11-14 13:39:43,886 [pool-271-thread-1] INFO  server.RaftServerConfigKeys (ConfUtils.java:logGet(43)) - raft.server.log.segment.cache.num.max = 2 (custom)
2019-11-14 13:39:43,886 [pool-271-thread-1] INFO  segmented.SegmentedRaftLogWorker (SegmentedRaftLogWorker.java:<init>(173)) - new 5424d03e-9d94-4394-ac5b-bf2bfa423983@group-59A8BCF6228C-SegmentedRaftLogWorker for RaftStorage:Storage Directory /workdir/hadoop-ozone/integration-test/target/test-dir/MiniOzoneClusterImpl-b7983275-f915-437c-8a4b-10d135678c30/datanode-1/data/ratis/b20ada39-b798-48f4-8584-59a8bcf6228c
2019-11-14 13:39:43,886 [pool-271-thread-1] INFO  server.RaftServerConfigKeys (ConfUtils.java:logGet(43)) - raft.server.log.queue.byte-limit = 2147483647 (custom)
2019-11-14 13:39:43,886 [pool-271-thread-1] INFO  server.RaftServerConfigKeys (ConfUtils.java:logGet(43)) - raft.server.log.queue.element-limit = 1024 (custom)
2019-11-14 13:39:43,886 [pool-271-thread-1] INFO  server.RaftServerConfigKeys (ConfUtils.java:logGet(43)) - raft.server.log.segment.size.max = 1048576 (custom)
2019-11-14 13:39:43,886 [pool-271-thread-1] INFO  server.RaftServerConfigKeys (ConfUtils.java:logGet(43)) - raft.server.log.preallocated.size = 16384 (custom)
2019-11-14 13:39:43,886 [pool-271-thread-1] INFO  server.RaftServerConfigKeys (ConfUtils.java:logGet(43)) - raft.server.log.write.buffer.size = 33554432 (custom)
2019-11-14 13:39:43,886 [pool-271-thread-1] INFO  server.RaftServerConfigKeys (ConfUtils.java:logGet(43)) - raft.server.log.force.sync.num = 128 (default)
2019-11-14 13:39:43,886 [pool-271-thread-1] INFO  server.RaftServerConfigKeys (ConfUtils.java:logGet(43)) - raft.server.log.statemachine.data.sync = true (default)
2019-11-14 13:39:43,886 [pool-271-thread-1] INFO  server.RaftServerConfigKeys (ConfUtils.java:logGet(43)) - raft.server.log.statemachine.data.sync.timeout = 10s (default)
2019-11-14 13:39:43,886 [pool-271-thread-1] INFO  server.RaftServerConfigKeys (ConfUtils.java:logGet(43)) - raft.server.log.statemachine.data.sync.timeout.retry = -1 (default)
2019-11-14 13:39:43,887 [pool-271-thread-1] INFO  server.RaftServerConfigKeys (ConfUtils.java:logGet(43)) - raft.server.log.statemachine.data.caching.enabled = true (custom)
2019-11-14 13:39:43,887 [pool-271-thread-1] INFO  segmented.SegmentedRaftLogWorker (SegmentedRaftLogWorker.java:lambda$new$0(128)) - 5424d03e-9d94-4394-ac5b-bf2bfa423983@group-59A8BCF6228C-SegmentedRaftLogWorker: flushIndex: setUnconditionally 0 -> -1
2019-11-14 13:39:43,887 [pool-271-thread-1] INFO  server.RaftServerConfigKeys (ConfUtils.java:logGet(43)) - raft.server.snapshot.auto.trigger.enabled = true (custom)
2019-11-14 13:39:43,887 [pool-271-thread-1] INFO  server.RaftServerConfigKeys (ConfUtils.java:logGet(43)) - raft.server.snapshot.auto.trigger.threshold = 10000 (custom)
2019-11-14 13:39:43,887 [pool-271-thread-1] INFO  server.RaftServerConfigKeys (ConfUtils.java:logGet(43)) - raft.server.snapshot.retention.file.num = 5 (custom)
2019-11-14 13:39:43,887 [pool-271-thread-1] INFO  server.RaftServerConfigKeys (ConfUtils.java:logGet(43)) - raft.server.retrycache.expirytime = 600000ms (custom)
2019-11-14 13:39:43,887 [pool-271-thread-1] WARN  impl.MetricRegistriesImpl (MetricRegistriesImpl.java:lambda$create$1(61)) - First MetricRegistry has been created without registering reporters. You may need to call MetricRegistries.global().addReportRegistration(...) before.
2019-11-14 13:39:43,888 [pool-271-thread-1] WARN  impl.MetricRegistriesImpl (MetricRegistriesImpl.java:lambda$create$1(61)) - First MetricRegistry has been created without registering reporters. You may need to call MetricRegistries.global().addReportRegistration(...) before.
2019-11-14 13:39:43,888 [pool-271-thread-1] INFO  impl.RaftServerImpl (RaftServerImpl.java:start(184)) - 5424d03e-9d94-4394-ac5b-bf2bfa423983@group-59A8BCF6228C: start as a follower, conf=-1: [5424d03e-9d94-4394-ac5b-bf2bfa423983:192.168.157.199:37801], old=null
2019-11-14 13:39:43,888 [pool-271-thread-1] INFO  impl.RaftServerImpl (RaftServerImpl.java:setRole(173)) - 5424d03e-9d94-4394-ac5b-bf2bfa423983@group-59A8BCF6228C: changes role from      null to FOLLOWER at term 0 for startAsFollower
2019-11-14 13:39:43,888 [pool-271-thread-1] INFO  impl.RoleInfo (RoleInfo.java:updateAndGet(143)) - 5424d03e-9d94-4394-ac5b-bf2bfa423983: start FollowerState
2019-11-14 13:39:43,888 [pool-271-thread-1] INFO  util.JmxRegister (JmxRegister.java:tryRegister(44)) - Successfully registered JMX Bean with object name Ratis:service=RaftServer,group=group-59A8BCF6228C,id=5424d03e-9d94-4394-ac5b-bf2bfa423983
2019-11-14 13:39:43,888 [pool-271-thread-1] WARN  impl.MetricRegistriesImpl (MetricRegistriesImpl.java:lambda$create$1(61)) - First MetricRegistry has been created without registering reporters. You may need to call MetricRegistries.global().addReportRegistration(...) before.
2019-11-14 13:39:43,893 [RatisPipelineUtilsThread] INFO  pipeline.PipelineStateManager (PipelineStateManager.java:addPipeline(55)) - Created pipeline Pipeline[ Id: b20ada39-b798-48f4-8584-59a8bcf6228c, Nodes: 5424d03e-9d94-4394-ac5b-bf2bfa423983{ip: 192.168.157.199, host: pr-hdds-2479-srhdm-1052850629, networkLocation: /rack1, certSerialId: null}, Type:RATIS, Factor:ONE, State:ALLOCATED]
2019-11-14 13:39:43,894 [Thread-1226] INFO  ozone.MiniOzoneClusterImpl (MiniOzoneClusterImpl.java:lambda$waitForClusterToBeReady$2(163)) - Waiting for 4 number of pipelines out of 4, to report a leader.
2019-11-14 13:39:44,895 [Thread-1226] INFO  ozone.MiniOzoneClusterImpl (MiniOzoneClusterImpl.java:lambda$waitForClusterToBeReady$2(163)) - Waiting for 4 number of pipelines out of 4, to report a leader.
2019-11-14 13:39:45,896 [Thread-1226] INFO  ozone.MiniOzoneClusterImpl (MiniOzoneClusterImpl.java:lambda$waitForClusterToBeReady$2(163)) - Waiting for 4 number of pipelines out of 4, to report a leader.
2019-11-14 13:39:46,896 [Thread-1226] INFO  ozone.MiniOzoneClusterImpl (MiniOzoneClusterImpl.java:lambda$waitForClusterToBeReady$2(163)) - Waiting for 4 number of pipelines out of 4, to report a leader.
2019-11-14 13:39:47,897 [Thread-1226] INFO  ozone.MiniOzoneClusterImpl (MiniOzoneClusterImpl.java:lambda$waitForClusterToBeReady$2(163)) - Waiting for 4 number of pipelines out of 4, to report a leader.
2019-11-14 13:39:48,612 [Thread-1427] INFO  impl.FollowerState (FollowerState.java:run(111)) - 1a416631-4a31-4875-a4dd-145cf773c257@group-E3346D9907B5-FollowerState: change to CANDIDATE, lastRpcTime:5020ms, electionTimeout:5019ms
2019-11-14 13:39:48,613 [Thread-1427] INFO  impl.RoleInfo (RoleInfo.java:shutdownFollowerState(121)) - 1a416631-4a31-4875-a4dd-145cf773c257: shutdown FollowerState
2019-11-14 13:39:48,613 [Thread-1427] INFO  impl.RaftServerImpl (RaftServerImpl.java:setRole(173)) - 1a416631-4a31-4875-a4dd-145cf773c257@group-E3346D9907B5: changes role from  FOLLOWER to CANDIDATE at term 0 for changeToCandidate
2019-11-14 13:39:48,613 [Thread-1427] INFO  impl.RoleInfo (RoleInfo.java:updateAndGet(143)) - 1a416631-4a31-4875-a4dd-145cf773c257: start LeaderElection
2019-11-14 13:39:48,633 [Thread-1422] INFO  impl.FollowerState (FollowerState.java:run(111)) - 1868887e-7e43-4728-b850-ca98b486cc04@group-E3346D9907B5-FollowerState: change to CANDIDATE, lastRpcTime:5044ms, electionTimeout:5044ms
2019-11-14 13:39:48,633 [Thread-1422] INFO  impl.RoleInfo (RoleInfo.java:shutdownFollowerState(121)) - 1868887e-7e43-4728-b850-ca98b486cc04: shutdown FollowerState
2019-11-14 13:39:48,634 [Thread-1422] INFO  impl.RaftServerImpl (RaftServerImpl.java:setRole(173)) - 1868887e-7e43-4728-b850-ca98b486cc04@group-E3346D9907B5: changes role from  FOLLOWER to CANDIDATE at term 0 for changeToCandidate
2019-11-14 13:39:48,634 [Thread-1422] INFO  impl.RoleInfo (RoleInfo.java:updateAndGet(143)) - 1868887e-7e43-4728-b850-ca98b486cc04: start LeaderElection
2019-11-14 13:39:48,711 [Thread-1426] INFO  impl.FollowerState (FollowerState.java:run(111)) - 5424d03e-9d94-4394-ac5b-bf2bfa423983@group-E3346D9907B5-FollowerState: change to CANDIDATE, lastRpcTime:5119ms, electionTimeout:5118ms
2019-11-14 13:39:48,711 [Thread-1426] INFO  impl.RoleInfo (RoleInfo.java:shutdownFollowerState(121)) - 5424d03e-9d94-4394-ac5b-bf2bfa423983: shutdown FollowerState
2019-11-14 13:39:48,711 [Thread-1426] INFO  impl.RaftServerImpl (RaftServerImpl.java:setRole(173)) - 5424d03e-9d94-4394-ac5b-bf2bfa423983@group-E3346D9907B5: changes role from  FOLLOWER to CANDIDATE at term 0 for changeToCandidate
2019-11-14 13:39:48,712 [Thread-1426] INFO  impl.RoleInfo (RoleInfo.java:updateAndGet(143)) - 5424d03e-9d94-4394-ac5b-bf2bfa423983: start LeaderElection
2019-11-14 13:39:48,732 [Thread-1432] INFO  impl.FollowerState (FollowerState.java:run(111)) - 1868887e-7e43-4728-b850-ca98b486cc04@group-5E3F92C686DA-FollowerState: change to CANDIDATE, lastRpcTime:5043ms, electionTimeout:5043ms
2019-11-14 13:39:48,732 [Thread-1432] INFO  impl.RoleInfo (RoleInfo.java:shutdownFollowerState(121)) - 1868887e-7e43-4728-b850-ca98b486cc04: shutdown FollowerState
2019-11-14 13:39:48,733 [Thread-1432] INFO  impl.RaftServerImpl (RaftServerImpl.java:setRole(173)) - 1868887e-7e43-4728-b850-ca98b486cc04@group-5E3F92C686DA: changes role from  FOLLOWER to CANDIDATE at term 0 for changeToCandidate
2019-11-14 13:39:48,733 [Thread-1432] INFO  impl.RoleInfo (RoleInfo.java:updateAndGet(143)) - 1868887e-7e43-4728-b850-ca98b486cc04: start LeaderElection
2019-11-14 13:39:48,897 [Thread-1226] INFO  ozone.MiniOzoneClusterImpl (MiniOzoneClusterImpl.java:lambda$waitForClusterToBeReady$2(163)) - Waiting for 4 number of pipelines out of 4, to report a leader.
2019-11-14 13:39:48,947 [Thread-1436] INFO  impl.FollowerState (FollowerState.java:run(111)) - 1a416631-4a31-4875-a4dd-145cf773c257@group-6EFCB3B1AA2C-FollowerState: change to CANDIDATE, lastRpcTime:5163ms, electionTimeout:5163ms
2019-11-14 13:39:48,947 [Thread-1436] INFO  impl.RoleInfo (RoleInfo.java:shutdownFollowerState(121)) - 1a416631-4a31-4875-a4dd-145cf773c257: shutdown FollowerState
2019-11-14 13:39:48,947 [Thread-1436] INFO  impl.RaftServerImpl (RaftServerImpl.java:setRole(173)) - 1a416631-4a31-4875-a4dd-145cf773c257@group-6EFCB3B1AA2C: changes role from  FOLLOWER to CANDIDATE at term 0 for changeToCandidate
2019-11-14 13:39:48,948 [Thread-1436] INFO  impl.RoleInfo (RoleInfo.java:updateAndGet(143)) - 1a416631-4a31-4875-a4dd-145cf773c257: start LeaderElection
2019-11-14 13:39:48,982 [Thread-1440] INFO  impl.FollowerState (FollowerState.java:run(111)) - 5424d03e-9d94-4394-ac5b-bf2bfa423983@group-59A8BCF6228C-FollowerState: change to CANDIDATE, lastRpcTime:5094ms, electionTimeout:5094ms
2019-11-14 13:39:48,983 [Thread-1440] INFO  impl.RoleInfo (RoleInfo.java:shutdownFollowerState(121)) - 5424d03e-9d94-4394-ac5b-bf2bfa423983: shutdown FollowerState
2019-11-14 13:39:48,983 [Thread-1440] INFO  impl.RaftServerImpl (RaftServerImpl.java:setRole(173)) - 5424d03e-9d94-4394-ac5b-bf2bfa423983@group-59A8BCF6228C: changes role from  FOLLOWER to CANDIDATE at term 0 for changeToCandidate
2019-11-14 13:39:48,983 [Thread-1440] INFO  impl.RoleInfo (RoleInfo.java:updateAndGet(143)) - 5424d03e-9d94-4394-ac5b-bf2bfa423983: start LeaderElection
2019-11-14 13:39:49,826 [1a416631-4a31-4875-a4dd-145cf773c257@group-E3346D9907B5-LeaderElection8] INFO  impl.LeaderElection (LeaderElection.java:askForVotes(178)) - 1a416631-4a31-4875-a4dd-145cf773c257@group-E3346D9907B5-LeaderElection8: begin an election at term 1 for -1: [1868887e-7e43-4728-b850-ca98b486cc04:192.168.157.199:39043, 5424d03e-9d94-4394-ac5b-bf2bfa423983:192.168.157.199:37801, 1a416631-4a31-4875-a4dd-145cf773c257:192.168.157.199:39698], old=null
2019-11-14 13:39:49,897 [Thread-1226] INFO  ozone.MiniOzoneClusterImpl (MiniOzoneClusterImpl.java:lambda$waitForClusterToBeReady$2(163)) - Waiting for 4 number of pipelines out of 4, to report a leader.
2019-11-14 13:39:50,399 [1a416631-4a31-4875-a4dd-145cf773c257@group-6EFCB3B1AA2C-LeaderElection12] INFO  impl.LeaderElection (LeaderElection.java:askForVotes(178)) - 1a416631-4a31-4875-a4dd-145cf773c257@group-6EFCB3B1AA2C-LeaderElection12: begin an election at term 1 for -1: [1a416631-4a31-4875-a4dd-145cf773c257:192.168.157.199:39698], old=null
2019-11-14 13:39:50,399 [1868887e-7e43-4728-b850-ca98b486cc04@group-E3346D9907B5-LeaderElection9] INFO  impl.LeaderElection (LeaderElection.java:askForVotes(178)) - 1868887e-7e43-4728-b850-ca98b486cc04@group-E3346D9907B5-LeaderElection9: begin an election at term 1 for -1: [1868887e-7e43-4728-b850-ca98b486cc04:192.168.157.199:39043, 5424d03e-9d94-4394-ac5b-bf2bfa423983:192.168.157.199:37801, 1a416631-4a31-4875-a4dd-145cf773c257:192.168.157.199:39698], old=null
2019-11-14 13:39:50,399 [5424d03e-9d94-4394-ac5b-bf2bfa423983@group-59A8BCF6228C-LeaderElection13] INFO  impl.LeaderElection (LeaderElection.java:askForVotes(178)) - 5424d03e-9d94-4394-ac5b-bf2bfa423983@group-59A8BCF6228C-LeaderElection13: begin an election at term 1 for -1: [5424d03e-9d94-4394-ac5b-bf2bfa423983:192.168.157.199:37801], old=null
2019-11-14 13:39:50,399 [5424d03e-9d94-4394-ac5b-bf2bfa423983@group-E3346D9907B5-LeaderElection10] INFO  impl.LeaderElection (LeaderElection.java:askForVotes(178)) - 5424d03e-9d94-4394-ac5b-bf2bfa423983@group-E3346D9907B5-LeaderElection10: begin an election at term 1 for -1: [1868887e-7e43-4728-b850-ca98b486cc04:192.168.157.199:39043, 5424d03e-9d94-4394-ac5b-bf2bfa423983:192.168.157.199:37801, 1a416631-4a31-4875-a4dd-145cf773c257:192.168.157.199:39698], old=null
2019-11-14 13:39:50,399 [1868887e-7e43-4728-b850-ca98b486cc04@group-5E3F92C686DA-LeaderElection11] INFO  impl.LeaderElection (LeaderElection.java:askForVotes(178)) - 1868887e-7e43-4728-b850-ca98b486cc04@group-5E3F92C686DA-LeaderElection11: begin an election at term 1 for -1: [1868887e-7e43-4728-b850-ca98b486cc04:192.168.157.199:39043], old=null
2019-11-14 13:39:50,401 [5424d03e-9d94-4394-ac5b-bf2bfa423983@group-59A8BCF6228C-LeaderElection13] INFO  impl.RoleInfo (RoleInfo.java:shutdownLeaderElection(134)) - 5424d03e-9d94-4394-ac5b-bf2bfa423983: shutdown LeaderElection
2019-11-14 13:39:50,401 [1a416631-4a31-4875-a4dd-145cf773c257@group-6EFCB3B1AA2C-LeaderElection12] INFO  impl.RoleInfo (RoleInfo.java:shutdownLeaderElection(134)) - 1a416631-4a31-4875-a4dd-145cf773c257: shutdown LeaderElection
2019-11-14 13:39:50,402 [5424d03e-9d94-4394-ac5b-bf2bfa423983@group-59A8BCF6228C-LeaderElection13] INFO  impl.RaftServerImpl (RaftServerImpl.java:setRole(173)) - 5424d03e-9d94-4394-ac5b-bf2bfa423983@group-59A8BCF6228C: changes role from CANDIDATE to LEADER at term 1 for changeToLeader
2019-11-14 13:39:50,402 [5424d03e-9d94-4394-ac5b-bf2bfa423983@group-59A8BCF6228C-LeaderElection13] INFO  ratis.XceiverServerRatis (XceiverServerRatis.java:handleLeaderChangedNotification(697)) - Leader change notification received for group: group-59A8BCF6228C with new leaderId: 5424d03e-9d94-4394-ac5b-bf2bfa423983
2019-11-14 13:39:50,402 [1868887e-7e43-4728-b850-ca98b486cc04@group-5E3F92C686DA-LeaderElection11] INFO  impl.RoleInfo (RoleInfo.java:shutdownLeaderElection(134)) - 1868887e-7e43-4728-b850-ca98b486cc04: shutdown LeaderElection
2019-11-14 13:39:50,402 [1868887e-7e43-4728-b850-ca98b486cc04@group-5E3F92C686DA-LeaderElection11] INFO  impl.RaftServerImpl (RaftServerImpl.java:setRole(173)) - 1868887e-7e43-4728-b850-ca98b486cc04@group-5E3F92C686DA: changes role from CANDIDATE to LEADER at term 1 for changeToLeader
2019-11-14 13:39:50,402 [1a416631-4a31-4875-a4dd-145cf773c257@group-6EFCB3B1AA2C-LeaderElection12] INFO  impl.RaftServerImpl (RaftServerImpl.java:setRole(173)) - 1a416631-4a31-4875-a4dd-145cf773c257@group-6EFCB3B1AA2C: changes role from CANDIDATE to LEADER at term 1 for changeToLeader
2019-11-14 13:39:50,404 [1868887e-7e43-4728-b850-ca98b486cc04@group-5E3F92C686DA-LeaderElection11] INFO  ratis.XceiverServerRatis (XceiverServerRatis.java:handleLeaderChangedNotification(697)) - Leader change notification received for group: group-5E3F92C686DA with new leaderId: 1868887e-7e43-4728-b850-ca98b486cc04
2019-11-14 13:39:50,404 [5424d03e-9d94-4394-ac5b-bf2bfa423983@group-59A8BCF6228C-LeaderElection13] INFO  impl.RaftServerImpl (ServerState.java:setLeader(255)) - 5424d03e-9d94-4394-ac5b-bf2bfa423983@group-59A8BCF6228C: change Leader from null to 5424d03e-9d94-4394-ac5b-bf2bfa423983 at term 1 for becomeLeader, leader elected after 6517ms
2019-11-14 13:39:50,406 [1868887e-7e43-4728-b850-ca98b486cc04@group-5E3F92C686DA-LeaderElection11] INFO  impl.RaftServerImpl (ServerState.java:setLeader(255)) - 1868887e-7e43-4728-b850-ca98b486cc04@group-5E3F92C686DA: change Leader from null to 1868887e-7e43-4728-b850-ca98b486cc04 at term 1 for becomeLeader, leader elected after 6720ms
2019-11-14 13:39:50,404 [1a416631-4a31-4875-a4dd-145cf773c257@group-6EFCB3B1AA2C-LeaderElection12] INFO  ratis.XceiverServerRatis (XceiverServerRatis.java:handleLeaderChangedNotification(697)) - Leader change notification received for group: group-6EFCB3B1AA2C with new leaderId: 1a416631-4a31-4875-a4dd-145cf773c257
2019-11-14 13:39:50,406 [1868887e-7e43-4728-b850-ca98b486cc04@group-5E3F92C686DA-LeaderElection11] INFO  server.RaftServerConfigKeys (ConfUtils.java:logGet(43)) - raft.server.staging.catchup.gap = 1000 (default)
2019-11-14 13:39:50,406 [5424d03e-9d94-4394-ac5b-bf2bfa423983@group-59A8BCF6228C-LeaderElection13] INFO  server.RaftServerConfigKeys (ConfUtils.java:logGet(43)) - raft.server.staging.catchup.gap = 1000 (default)
2019-11-14 13:39:50,407 [1868887e-7e43-4728-b850-ca98b486cc04@group-5E3F92C686DA-LeaderElection11] INFO  server.RaftServerConfigKeys (ConfUtils.java:logGet(43)) - raft.server.rpc.sleep.time = 25ms (default)
2019-11-14 13:39:50,408 [5424d03e-9d94-4394-ac5b-bf2bfa423983@group-59A8BCF6228C-LeaderElection13] INFO  server.RaftServerConfigKeys (ConfUtils.java:logGet(43)) - raft.server.rpc.sleep.time = 25ms (default)
2019-11-14 13:39:50,408 [1a416631-4a31-4875-a4dd-145cf773c257@group-6EFCB3B1AA2C-LeaderElection12] INFO  impl.RaftServerImpl (ServerState.java:setLeader(255)) - 1a416631-4a31-4875-a4dd-145cf773c257@group-6EFCB3B1AA2C: change Leader from null to 1a416631-4a31-4875-a4dd-145cf773c257 at term 1 for becomeLeader, leader elected after 6626ms
2019-11-14 13:39:50,410 [5424d03e-9d94-4394-ac5b-bf2bfa423983@group-59A8BCF6228C-LeaderElection13] INFO  server.RaftServerConfigKeys (ConfUtils.java:logGet(43)) - raft.server.write.element-limit = 4096 (default)
2019-11-14 13:39:50,410 [1868887e-7e43-4728-b850-ca98b486cc04@group-5E3F92C686DA-LeaderElection11] INFO  server.RaftServerConfigKeys (ConfUtils.java:logGet(43)) - raft.server.write.element-limit = 4096 (default)
2019-11-14 13:39:50,410 [5424d03e-9d94-4394-ac5b-bf2bfa423983@group-59A8BCF6228C-LeaderElection13] INFO  server.RaftServerConfigKeys (ConfUtils.java:logGet(43)) - raft.server.watch.timeout = 10s (default)
2019-11-14 13:39:50,410 [1a416631-4a31-4875-a4dd-145cf773c257@group-6EFCB3B1AA2C-LeaderElection12] INFO  server.RaftServerConfigKeys (ConfUtils.java:logGet(43)) - raft.server.staging.catchup.gap = 1000 (default)
2019-11-14 13:39:50,410 [EventQueue-PipelineReportForPipelineReportHandler] INFO  pipeline.PipelineStateManager (PipelineStateManager.java:openPipeline(134)) - Pipeline Pipeline[ Id: b20ada39-b798-48f4-8584-59a8bcf6228c, Nodes: 5424d03e-9d94-4394-ac5b-bf2bfa423983{ip: 192.168.157.199, host: pr-hdds-2479-srhdm-1052850629, networkLocation: /rack1, certSerialId: null}, Type:RATIS, Factor:ONE, State:OPEN] moved to OPEN state
2019-11-14 13:39:50,415 [1a416631-4a31-4875-a4dd-145cf773c257@group-6EFCB3B1AA2C-LeaderElection12] INFO  server.RaftServerConfigKeys (ConfUtils.java:logGet(43)) - raft.server.rpc.sleep.time = 25ms (default)
2019-11-14 13:39:50,415 [5424d03e-9d94-4394-ac5b-bf2bfa423983@group-59A8BCF6228C-LeaderElection13] INFO  server.RaftServerConfigKeys (ConfUtils.java:logGet(43)) - raft.server.watch.timeout.denomination = 1s (default)
2019-11-14 13:39:50,411 [1868887e-7e43-4728-b850-ca98b486cc04@group-5E3F92C686DA-LeaderElection11] INFO  server.RaftServerConfigKeys (ConfUtils.java:logGet(43)) - raft.server.watch.timeout = 10s (default)
2019-11-14 13:39:50,416 [5424d03e-9d94-4394-ac5b-bf2bfa423983@group-59A8BCF6228C-LeaderElection13] INFO  server.RaftServerConfigKeys (ConfUtils.java:logGet(43)) - raft.server.watch.element-limit = 65536 (default)
2019-11-14 13:39:50,415 [1a416631-4a31-4875-a4dd-145cf773c257@group-6EFCB3B1AA2C-LeaderElection12] INFO  server.RaftServerConfigKeys (ConfUtils.java:logGet(43)) - raft.server.write.element-limit = 4096 (default)
2019-11-14 13:39:50,415 [EventQueue-PipelineReportForPipelineReportHandler] INFO  pipeline.PipelineStateManager (PipelineStateManager.java:openPipeline(134)) - Pipeline Pipeline[ Id: 5b301b72-8911-4199-b54f-5e3f92c686da, Nodes: 1868887e-7e43-4728-b850-ca98b486cc04{ip: 192.168.157.199, host: pr-hdds-2479-srhdm-1052850629, networkLocation: /rack1, certSerialId: null}, Type:RATIS, Factor:ONE, State:OPEN] moved to OPEN state
2019-11-14 13:39:50,416 [1a416631-4a31-4875-a4dd-145cf773c257@group-6EFCB3B1AA2C-LeaderElection12] INFO  server.RaftServerConfigKeys (ConfUtils.java:logGet(43)) - raft.server.watch.timeout = 10s (default)
2019-11-14 13:39:50,416 [5424d03e-9d94-4394-ac5b-bf2bfa423983@group-59A8BCF6228C-LeaderElection13] INFO  impl.RoleInfo (RoleInfo.java:updateAndGet(143)) - 5424d03e-9d94-4394-ac5b-bf2bfa423983: start LeaderState
2019-11-14 13:39:50,416 [1868887e-7e43-4728-b850-ca98b486cc04@group-5E3F92C686DA-LeaderElection11] INFO  server.RaftServerConfigKeys (ConfUtils.java:logGet(43)) - raft.server.watch.timeout.denomination = 1s (default)
2019-11-14 13:39:50,416 [1a416631-4a31-4875-a4dd-145cf773c257@group-E3346D9907B5-LeaderElection8] INFO  impl.LeaderElection (LeaderElection.java:logAndReturn(56)) - 1a416631-4a31-4875-a4dd-145cf773c257@group-E3346D9907B5-LeaderElection8: Election REJECTED; received 2 response(s) [1a416631-4a31-4875-a4dd-145cf773c257<-1868887e-7e43-4728-b850-ca98b486cc04#0:FAIL-t1, 1a416631-4a31-4875-a4dd-145cf773c257<-5424d03e-9d94-4394-ac5b-bf2bfa423983#0:FAIL-t1] and 0 exception(s); 1a416631-4a31-4875-a4dd-145cf773c257@group-E3346D9907B5:t1, leader=null, voted=1a416631-4a31-4875-a4dd-145cf773c257, raftlog=1a416631-4a31-4875-a4dd-145cf773c257@group-E3346D9907B5-SegmentedRaftLog:OPENED:c-1,f-1,i0, conf=-1: [1868887e-7e43-4728-b850-ca98b486cc04:192.168.157.199:39043, 5424d03e-9d94-4394-ac5b-bf2bfa423983:192.168.157.199:37801, 1a416631-4a31-4875-a4dd-145cf773c257:192.168.157.199:39698], old=null
2019-11-14 13:39:50,418 [1868887e-7e43-4728-b850-ca98b486cc04@group-5E3F92C686DA-LeaderElection11] INFO  server.RaftServerConfigKeys (ConfUtils.java:logGet(43)) - raft.server.watch.element-limit = 65536 (default)
2019-11-14 13:39:50,416 [1a416631-4a31-4875-a4dd-145cf773c257@group-6EFCB3B1AA2C-LeaderElection12] INFO  server.RaftServerConfigKeys (ConfUtils.java:logGet(43)) - raft.server.watch.timeout.denomination = 1s (default)
2019-11-14 13:39:50,420 [1868887e-7e43-4728-b850-ca98b486cc04@group-5E3F92C686DA-LeaderElection11] INFO  impl.RoleInfo (RoleInfo.java:updateAndGet(143)) - 1868887e-7e43-4728-b850-ca98b486cc04: start LeaderState
2019-11-14 13:39:50,416 [EventQueue-PipelineReportForPipelineReportHandler] INFO  pipeline.PipelineStateManager (PipelineStateManager.java:openPipeline(134)) - Pipeline Pipeline[ Id: 5ec43e98-9382-4349-8b5c-6efcb3b1aa2c, Nodes: 1a416631-4a31-4875-a4dd-145cf773c257{ip: 192.168.157.199, host: pr-hdds-2479-srhdm-1052850629, networkLocation: /rack1, certSerialId: null}, Type:RATIS, Factor:ONE, State:OPEN] moved to OPEN state
2019-11-14 13:39:50,421 [1a416631-4a31-4875-a4dd-145cf773c257@group-E3346D9907B5-LeaderElection8] INFO  impl.RaftServerImpl (RaftServerImpl.java:setRole(173)) - 1a416631-4a31-4875-a4dd-145cf773c257@group-E3346D9907B5: changes role from CANDIDATE to FOLLOWER at term 1 for DISCOVERED_A_NEW_TERM
2019-11-14 13:39:50,421 [1868887e-7e43-4728-b850-ca98b486cc04@group-5E3F92C686DA-LeaderElection11] INFO  segmented.SegmentedRaftLogWorker (SegmentedRaftLogWorker.java:startLogSegment(385)) - 1868887e-7e43-4728-b850-ca98b486cc04@group-5E3F92C686DA-SegmentedRaftLogWorker: Starting segment from index:0
2019-11-14 13:39:50,420 [1a416631-4a31-4875-a4dd-145cf773c257@group-6EFCB3B1AA2C-LeaderElection12] INFO  server.RaftServerConfigKeys (ConfUtils.java:logGet(43)) - raft.server.watch.element-limit = 65536 (default)
2019-11-14 13:39:50,418 [5424d03e-9d94-4394-ac5b-bf2bfa423983@group-59A8BCF6228C-LeaderElection13] INFO  segmented.SegmentedRaftLogWorker (SegmentedRaftLogWorker.java:startLogSegment(385)) - 5424d03e-9d94-4394-ac5b-bf2bfa423983@group-59A8BCF6228C-SegmentedRaftLogWorker: Starting segment from index:0
2019-11-14 13:39:50,421 [1a416631-4a31-4875-a4dd-145cf773c257@group-6EFCB3B1AA2C-LeaderElection12] INFO  impl.RoleInfo (RoleInfo.java:updateAndGet(143)) - 1a416631-4a31-4875-a4dd-145cf773c257: start LeaderState
2019-11-14 13:39:50,421 [1a416631-4a31-4875-a4dd-145cf773c257@group-E3346D9907B5-LeaderElection8] INFO  impl.RoleInfo (RoleInfo.java:shutdownLeaderElection(134)) - 1a416631-4a31-4875-a4dd-145cf773c257: shutdown LeaderElection
2019-11-14 13:39:50,421 [1a416631-4a31-4875-a4dd-145cf773c257@group-6EFCB3B1AA2C-LeaderElection12] INFO  segmented.SegmentedRaftLogWorker (SegmentedRaftLogWorker.java:startLogSegment(385)) - 1a416631-4a31-4875-a4dd-145cf773c257@group-6EFCB3B1AA2C-SegmentedRaftLogWorker: Starting segment from index:0
2019-11-14 13:39:50,422 [1868887e-7e43-4728-b850-ca98b486cc04@group-5E3F92C686DA-LeaderElection11] INFO  impl.RaftServerImpl (ServerState.java:setRaftConf(356)) - 1868887e-7e43-4728-b850-ca98b486cc04@group-5E3F92C686DA: set configuration 0: [1868887e-7e43-4728-b850-ca98b486cc04:192.168.157.199:39043], old=null at 0
2019-11-14 13:39:50,469 [1a416631-4a31-4875-a4dd-145cf773c257@group-E3346D9907B5-LeaderElection8] INFO  impl.RoleInfo (RoleInfo.java:updateAndGet(143)) - 1a416631-4a31-4875-a4dd-145cf773c257: start FollowerState
2019-11-14 13:39:50,469 [5424d03e-9d94-4394-ac5b-bf2bfa423983@group-59A8BCF6228C-LeaderElection13] INFO  impl.RaftServerImpl (ServerState.java:setRaftConf(356)) - 5424d03e-9d94-4394-ac5b-bf2bfa423983@group-59A8BCF6228C: set configuration 0: [5424d03e-9d94-4394-ac5b-bf2bfa423983:192.168.157.199:37801], old=null at 0
2019-11-14 13:39:50,473 [1a416631-4a31-4875-a4dd-145cf773c257@group-6EFCB3B1AA2C-LeaderElection12] INFO  impl.RaftServerImpl (ServerState.java:setRaftConf(356)) - 1a416631-4a31-4875-a4dd-145cf773c257@group-6EFCB3B1AA2C: set configuration 0: [1a416631-4a31-4875-a4dd-145cf773c257:192.168.157.199:39698], old=null at 0
2019-11-14 13:39:50,477 [5424d03e-9d94-4394-ac5b-bf2bfa423983@group-E3346D9907B5-LeaderElection10] INFO  impl.LeaderElection (LeaderElection.java:logAndReturn(56)) - 5424d03e-9d94-4394-ac5b-bf2bfa423983@group-E3346D9907B5-LeaderElection10: Election REJECTED; received 2 response(s) [5424d03e-9d94-4394-ac5b-bf2bfa423983<-1868887e-7e43-4728-b850-ca98b486cc04#0:FAIL-t1, 5424d03e-9d94-4394-ac5b-bf2bfa423983<-1a416631-4a31-4875-a4dd-145cf773c257#0:FAIL-t1] and 0 exception(s); 5424d03e-9d94-4394-ac5b-bf2bfa423983@group-E3346D9907B5:t1, leader=null, voted=5424d03e-9d94-4394-ac5b-bf2bfa423983, raftlog=5424d03e-9d94-4394-ac5b-bf2bfa423983@group-E3346D9907B5-SegmentedRaftLog:OPENED:c-1,f-1,i0, conf=-1: [1868887e-7e43-4728-b850-ca98b486cc04:192.168.157.199:39043, 5424d03e-9d94-4394-ac5b-bf2bfa423983:192.168.157.199:37801, 1a416631-4a31-4875-a4dd-145cf773c257:192.168.157.199:39698], old=null
2019-11-14 13:39:50,479 [5424d03e-9d94-4394-ac5b-bf2bfa423983@group-E3346D9907B5-LeaderElection10] INFO  impl.RaftServerImpl (RaftServerImpl.java:setRole(173)) - 5424d03e-9d94-4394-ac5b-bf2bfa423983@group-E3346D9907B5: changes role from CANDIDATE to FOLLOWER at term 1 for DISCOVERED_A_NEW_TERM
2019-11-14 13:39:50,480 [5424d03e-9d94-4394-ac5b-bf2bfa423983@group-E3346D9907B5-LeaderElection10] INFO  impl.RoleInfo (RoleInfo.java:shutdownLeaderElection(134)) - 5424d03e-9d94-4394-ac5b-bf2bfa423983: shutdown LeaderElection
2019-11-14 13:39:50,480 [1868887e-7e43-4728-b850-ca98b486cc04@group-E3346D9907B5-LeaderElection9] INFO  impl.LeaderElection (LeaderElection.java:logAndReturn(56)) - 1868887e-7e43-4728-b850-ca98b486cc04@group-E3346D9907B5-LeaderElection9: Election REJECTED; received 2 response(s) [1868887e-7e43-4728-b850-ca98b486cc04<-5424d03e-9d94-4394-ac5b-bf2bfa423983#0:FAIL-t1, 1868887e-7e43-4728-b850-ca98b486cc04<-1a416631-4a31-4875-a4dd-145cf773c257#0:FAIL-t1] and 0 exception(s); 1868887e-7e43-4728-b850-ca98b486cc04@group-E3346D9907B5:t1, leader=null, voted=1868887e-7e43-4728-b850-ca98b486cc04, raftlog=1868887e-7e43-4728-b850-ca98b486cc04@group-E3346D9907B5-SegmentedRaftLog:OPENED:c-1,f-1,i0, conf=-1: [1868887e-7e43-4728-b850-ca98b486cc04:192.168.157.199:39043, 5424d03e-9d94-4394-ac5b-bf2bfa423983:192.168.157.199:37801, 1a416631-4a31-4875-a4dd-145cf773c257:192.168.157.199:39698], old=null
2019-11-14 13:39:50,481 [5424d03e-9d94-4394-ac5b-bf2bfa423983@group-E3346D9907B5-LeaderElection10] INFO  impl.RoleInfo (RoleInfo.java:updateAndGet(143)) - 5424d03e-9d94-4394-ac5b-bf2bfa423983: start FollowerState
2019-11-14 13:39:50,481 [1868887e-7e43-4728-b850-ca98b486cc04@group-E3346D9907B5-LeaderElection9] INFO  impl.RaftServerImpl (RaftServerImpl.java:setRole(173)) - 1868887e-7e43-4728-b850-ca98b486cc04@group-E3346D9907B5: changes role from CANDIDATE to FOLLOWER at term 1 for DISCOVERED_A_NEW_TERM
2019-11-14 13:39:50,485 [1868887e-7e43-4728-b850-ca98b486cc04@group-E3346D9907B5-LeaderElection9] INFO  impl.RoleInfo (RoleInfo.java:shutdownLeaderElection(134)) - 1868887e-7e43-4728-b850-ca98b486cc04: shutdown LeaderElection
2019-11-14 13:39:50,486 [1868887e-7e43-4728-b850-ca98b486cc04@group-E3346D9907B5-LeaderElection9] INFO  impl.RoleInfo (RoleInfo.java:updateAndGet(143)) - 1868887e-7e43-4728-b850-ca98b486cc04: start FollowerState
2019-11-14 13:39:50,898 [Thread-1226] INFO  ozone.MiniOzoneClusterImpl (MiniOzoneClusterImpl.java:lambda$waitForClusterToBeReady$2(163)) - Waiting for 1 number of pipelines out of 4, to report a leader.
2019-11-14 13:39:51,019 [5424d03e-9d94-4394-ac5b-bf2bfa423983@group-59A8BCF6228C-SegmentedRaftLogWorker] INFO  segmented.SegmentedRaftLogWorker (SegmentedRaftLogWorker.java:execute(576)) - 5424d03e-9d94-4394-ac5b-bf2bfa423983@group-59A8BCF6228C-SegmentedRaftLogWorker: created new log segment /workdir/hadoop-ozone/integration-test/target/test-dir/MiniOzoneClusterImpl-b7983275-f915-437c-8a4b-10d135678c30/datanode-1/data/ratis/b20ada39-b798-48f4-8584-59a8bcf6228c/current/log_inprogress_0
2019-11-14 13:39:51,019 [1868887e-7e43-4728-b850-ca98b486cc04@group-5E3F92C686DA-SegmentedRaftLogWorker] INFO  segmented.SegmentedRaftLogWorker (SegmentedRaftLogWorker.java:execute(576)) - 1868887e-7e43-4728-b850-ca98b486cc04@group-5E3F92C686DA-SegmentedRaftLogWorker: created new log segment /workdir/hadoop-ozone/integration-test/target/test-dir/MiniOzoneClusterImpl-b7983275-f915-437c-8a4b-10d135678c30/datanode-2/data/ratis/5b301b72-8911-4199-b54f-5e3f92c686da/current/log_inprogress_0
2019-11-14 13:39:51,898 [Thread-1226] INFO  ozone.MiniOzoneClusterImpl (MiniOzoneClusterImpl.java:lambda$waitForClusterToBeReady$2(163)) - Waiting for 1 number of pipelines out of 4, to report a leader.
2019-11-14 13:39:52,144 [1a416631-4a31-4875-a4dd-145cf773c257@group-6EFCB3B1AA2C-SegmentedRaftLogWorker] INFO  segmented.SegmentedRaftLogWorker (SegmentedRaftLogWorker.java:execute(576)) - 1a416631-4a31-4875-a4dd-145cf773c257@group-6EFCB3B1AA2C-SegmentedRaftLogWorker: created new log segment /workdir/hadoop-ozone/integration-test/target/test-dir/MiniOzoneClusterImpl-b7983275-f915-437c-8a4b-10d135678c30/datanode-0/data/ratis/5ec43e98-9382-4349-8b5c-6efcb3b1aa2c/current/log_inprogress_0
2019-11-14 13:39:52,899 [Thread-1226] INFO  ozone.MiniOzoneClusterImpl (MiniOzoneClusterImpl.java:lambda$waitForClusterToBeReady$2(163)) - Waiting for 1 number of pipelines out of 4, to report a leader.
2019-11-14 13:39:53,899 [Thread-1226] INFO  ozone.MiniOzoneClusterImpl (MiniOzoneClusterImpl.java:lambda$waitForClusterToBeReady$2(163)) - Waiting for 1 number of pipelines out of 4, to report a leader.
2019-11-14 13:39:54,900 [Thread-1226] INFO  ozone.MiniOzoneClusterImpl (MiniOzoneClusterImpl.java:lambda$waitForClusterToBeReady$2(163)) - Waiting for 1 number of pipelines out of 4, to report a leader.
2019-11-14 13:39:55,534 [Thread-1457] INFO  impl.FollowerState (FollowerState.java:run(111)) - 1a416631-4a31-4875-a4dd-145cf773c257@group-E3346D9907B5-FollowerState: change to CANDIDATE, lastRpcTime:5065ms, electionTimeout:5061ms
2019-11-14 13:39:55,534 [Thread-1457] INFO  impl.RoleInfo (RoleInfo.java:shutdownFollowerState(121)) - 1a416631-4a31-4875-a4dd-145cf773c257: shutdown FollowerState
2019-11-14 13:39:55,534 [Thread-1457] INFO  impl.RaftServerImpl (RaftServerImpl.java:setRole(173)) - 1a416631-4a31-4875-a4dd-145cf773c257@group-E3346D9907B5: changes role from  FOLLOWER to CANDIDATE at term 1 for changeToCandidate
2019-11-14 13:39:55,534 [Thread-1457] INFO  impl.RoleInfo (RoleInfo.java:updateAndGet(143)) - 1a416631-4a31-4875-a4dd-145cf773c257: start LeaderElection
2019-11-14 13:39:55,668 [Thread-1458] INFO  impl.FollowerState (FollowerState.java:run(111)) - 5424d03e-9d94-4394-ac5b-bf2bfa423983@group-E3346D9907B5-FollowerState: change to CANDIDATE, lastRpcTime:5187ms, electionTimeout:5182ms
2019-11-14 13:39:55,668 [Thread-1458] INFO  impl.RoleInfo (RoleInfo.java:shutdownFollowerState(121)) - 5424d03e-9d94-4394-ac5b-bf2bfa423983: shutdown FollowerState
2019-11-14 13:39:55,668 [Thread-1459] INFO  impl.FollowerState (FollowerState.java:run(111)) - 1868887e-7e43-4728-b850-ca98b486cc04@group-E3346D9907B5-FollowerState: change to CANDIDATE, lastRpcTime:5182ms, electionTimeout:5182ms
2019-11-14 13:39:55,668 [Thread-1458] INFO  impl.RaftServerImpl (RaftServerImpl.java:setRole(173)) - 5424d03e-9d94-4394-ac5b-bf2bfa423983@group-E3346D9907B5: changes role from  FOLLOWER to CANDIDATE at term 1 for changeToCandidate
2019-11-14 13:39:55,668 [Thread-1459] INFO  impl.RoleInfo (RoleInfo.java:shutdownFollowerState(121)) - 1868887e-7e43-4728-b850-ca98b486cc04: shutdown FollowerState
2019-11-14 13:39:55,668 [Thread-1459] INFO  impl.RaftServerImpl (RaftServerImpl.java:setRole(173)) - 1868887e-7e43-4728-b850-ca98b486cc04@group-E3346D9907B5: changes role from  FOLLOWER to CANDIDATE at term 1 for changeToCandidate
2019-11-14 13:39:55,668 [Thread-1458] INFO  impl.RoleInfo (RoleInfo.java:updateAndGet(143)) - 5424d03e-9d94-4394-ac5b-bf2bfa423983: start LeaderElection
2019-11-14 13:39:55,669 [Thread-1459] INFO  impl.RoleInfo (RoleInfo.java:updateAndGet(143)) - 1868887e-7e43-4728-b850-ca98b486cc04: start LeaderElection
2019-11-14 13:39:55,777 [1a416631-4a31-4875-a4dd-145cf773c257@group-E3346D9907B5-LeaderElection14] INFO  impl.LeaderElection (LeaderElection.java:askForVotes(178)) - 1a416631-4a31-4875-a4dd-145cf773c257@group-E3346D9907B5-LeaderElection14: begin an election at term 2 for -1: [1868887e-7e43-4728-b850-ca98b486cc04:192.168.157.199:39043, 5424d03e-9d94-4394-ac5b-bf2bfa423983:192.168.157.199:37801, 1a416631-4a31-4875-a4dd-145cf773c257:192.168.157.199:39698], old=null
2019-11-14 13:39:55,886 [5424d03e-9d94-4394-ac5b-bf2bfa423983@group-E3346D9907B5-LeaderElection15] INFO  impl.LeaderElection (LeaderElection.java:askForVotes(178)) - 5424d03e-9d94-4394-ac5b-bf2bfa423983@group-E3346D9907B5-LeaderElection15: begin an election at term 2 for -1: [1868887e-7e43-4728-b850-ca98b486cc04:192.168.157.199:39043, 5424d03e-9d94-4394-ac5b-bf2bfa423983:192.168.157.199:37801, 1a416631-4a31-4875-a4dd-145cf773c257:192.168.157.199:39698], old=null
2019-11-14 13:39:55,886 [1868887e-7e43-4728-b850-ca98b486cc04@group-E3346D9907B5-LeaderElection16] INFO  impl.LeaderElection (LeaderElection.java:askForVotes(178)) - 1868887e-7e43-4728-b850-ca98b486cc04@group-E3346D9907B5-LeaderElection16: begin an election at term 2 for -1: [1868887e-7e43-4728-b850-ca98b486cc04:192.168.157.199:39043, 5424d03e-9d94-4394-ac5b-bf2bfa423983:192.168.157.199:37801, 1a416631-4a31-4875-a4dd-145cf773c257:192.168.157.199:39698], old=null
2019-11-14 13:39:55,889 [1a416631-4a31-4875-a4dd-145cf773c257@group-E3346D9907B5-LeaderElection14] INFO  impl.LeaderElection (LeaderElection.java:logAndReturn(56)) - 1a416631-4a31-4875-a4dd-145cf773c257@group-E3346D9907B5-LeaderElection14: Election REJECTED; received 2 response(s) [1a416631-4a31-4875-a4dd-145cf773c257<-1868887e-7e43-4728-b850-ca98b486cc04#0:FAIL-t2, 1a416631-4a31-4875-a4dd-145cf773c257<-5424d03e-9d94-4394-ac5b-bf2bfa423983#0:FAIL-t2] and 0 exception(s); 1a416631-4a31-4875-a4dd-145cf773c257@group-E3346D9907B5:t2, leader=null, voted=1a416631-4a31-4875-a4dd-145cf773c257, raftlog=1a416631-4a31-4875-a4dd-145cf773c257@group-E3346D9907B5-SegmentedRaftLog:OPENED:c-1,f-1,i0, conf=-1: [1868887e-7e43-4728-b850-ca98b486cc04:192.168.157.199:39043, 5424d03e-9d94-4394-ac5b-bf2bfa423983:192.168.157.199:37801, 1a416631-4a31-4875-a4dd-145cf773c257:192.168.157.199:39698], old=null
2019-11-14 13:39:55,889 [1a416631-4a31-4875-a4dd-145cf773c257@group-E3346D9907B5-LeaderElection14] INFO  impl.RaftServerImpl (RaftServerImpl.java:setRole(173)) - 1a416631-4a31-4875-a4dd-145cf773c257@group-E3346D9907B5: changes role from CANDIDATE to FOLLOWER at term 2 for DISCOVERED_A_NEW_TERM
2019-11-14 13:39:55,891 [1a416631-4a31-4875-a4dd-145cf773c257@group-E3346D9907B5-LeaderElection14] INFO  impl.RoleInfo (RoleInfo.java:shutdownLeaderElection(134)) - 1a416631-4a31-4875-a4dd-145cf773c257: shutdown LeaderElection
2019-11-14 13:39:55,891 [1a416631-4a31-4875-a4dd-145cf773c257@group-E3346D9907B5-LeaderElection14] INFO  impl.RoleInfo (RoleInfo.java:updateAndGet(143)) - 1a416631-4a31-4875-a4dd-145cf773c257: start FollowerState
2019-11-14 13:39:55,899 [1868887e-7e43-4728-b850-ca98b486cc04@group-E3346D9907B5-LeaderElection16] INFO  impl.LeaderElection (LeaderElection.java:logAndReturn(56)) - 1868887e-7e43-4728-b850-ca98b486cc04@group-E3346D9907B5-LeaderElection16: Election REJECTED; received 2 response(s) [1868887e-7e43-4728-b850-ca98b486cc04<-5424d03e-9d94-4394-ac5b-bf2bfa423983#0:FAIL-t2, 1868887e-7e43-4728-b850-ca98b486cc04<-1a416631-4a31-4875-a4dd-145cf773c257#0:FAIL-t2] and 0 exception(s); 1868887e-7e43-4728-b850-ca98b486cc04@group-E3346D9907B5:t2, leader=null, voted=1868887e-7e43-4728-b850-ca98b486cc04, raftlog=1868887e-7e43-4728-b850-ca98b486cc04@group-E3346D9907B5-SegmentedRaftLog:OPENED:c-1,f-1,i0, conf=-1: [1868887e-7e43-4728-b850-ca98b486cc04:192.168.157.199:39043, 5424d03e-9d94-4394-ac5b-bf2bfa423983:192.168.157.199:37801, 1a416631-4a31-4875-a4dd-145cf773c257:192.168.157.199:39698], old=null
2019-11-14 13:39:55,900 [Thread-1226] INFO  ozone.MiniOzoneClusterImpl (MiniOzoneClusterImpl.java:lambda$waitForClusterToBeReady$2(163)) - Waiting for 1 number of pipelines out of 4, to report a leader.
2019-11-14 13:39:55,900 [1868887e-7e43-4728-b850-ca98b486cc04@group-E3346D9907B5-LeaderElection16] INFO  impl.RaftServerImpl (RaftServerImpl.java:setRole(173)) - 1868887e-7e43-4728-b850-ca98b486cc04@group-E3346D9907B5: changes role from CANDIDATE to FOLLOWER at term 2 for DISCOVERED_A_NEW_TERM
2019-11-14 13:39:55,904 [1868887e-7e43-4728-b850-ca98b486cc04@group-E3346D9907B5-LeaderElection16] INFO  impl.RoleInfo (RoleInfo.java:shutdownLeaderElection(134)) - 1868887e-7e43-4728-b850-ca98b486cc04: shutdown LeaderElection
2019-11-14 13:39:55,904 [1868887e-7e43-4728-b850-ca98b486cc04@group-E3346D9907B5-LeaderElection16] INFO  impl.RoleInfo (RoleInfo.java:updateAndGet(143)) - 1868887e-7e43-4728-b850-ca98b486cc04: start FollowerState
2019-11-14 13:39:55,906 [5424d03e-9d94-4394-ac5b-bf2bfa423983@group-E3346D9907B5-LeaderElection15] INFO  impl.LeaderElection (LeaderElection.java:logAndReturn(56)) - 5424d03e-9d94-4394-ac5b-bf2bfa423983@group-E3346D9907B5-LeaderElection15: Election REJECTED; received 2 response(s) [5424d03e-9d94-4394-ac5b-bf2bfa423983<-1868887e-7e43-4728-b850-ca98b486cc04#0:FAIL-t2, 5424d03e-9d94-4394-ac5b-bf2bfa423983<-1a416631-4a31-4875-a4dd-145cf773c257#0:FAIL-t2] and 0 exception(s); 5424d03e-9d94-4394-ac5b-bf2bfa423983@group-E3346D9907B5:t2, leader=null, voted=5424d03e-9d94-4394-ac5b-bf2bfa423983, raftlog=5424d03e-9d94-4394-ac5b-bf2bfa423983@group-E3346D9907B5-SegmentedRaftLog:OPENED:c-1,f-1,i0, conf=-1: [1868887e-7e43-4728-b850-ca98b486cc04:192.168.157.199:39043, 5424d03e-9d94-4394-ac5b-bf2bfa423983:192.168.157.199:37801, 1a416631-4a31-4875-a4dd-145cf773c257:192.168.157.199:39698], old=null
2019-11-14 13:39:55,906 [5424d03e-9d94-4394-ac5b-bf2bfa423983@group-E3346D9907B5-LeaderElection15] INFO  impl.RaftServerImpl (RaftServerImpl.java:setRole(173)) - 5424d03e-9d94-4394-ac5b-bf2bfa423983@group-E3346D9907B5: changes role from CANDIDATE to FOLLOWER at term 2 for DISCOVERED_A_NEW_TERM
2019-11-14 13:39:55,907 [5424d03e-9d94-4394-ac5b-bf2bfa423983@group-E3346D9907B5-LeaderElection15] INFO  impl.RoleInfo (RoleInfo.java:shutdownLeaderElection(134)) - 5424d03e-9d94-4394-ac5b-bf2bfa423983: shutdown LeaderElection
2019-11-14 13:39:55,908 [5424d03e-9d94-4394-ac5b-bf2bfa423983@group-E3346D9907B5-LeaderElection15] INFO  impl.RoleInfo (RoleInfo.java:updateAndGet(143)) - 5424d03e-9d94-4394-ac5b-bf2bfa423983: start FollowerState
2019-11-14 13:39:56,902 [Thread-1226] INFO  ozone.MiniOzoneClusterImpl (MiniOzoneClusterImpl.java:lambda$waitForClusterToBeReady$2(163)) - Waiting for 1 number of pipelines out of 4, to report a leader.
2019-11-14 13:39:57,905 [Thread-1226] INFO  ozone.MiniOzoneClusterImpl (MiniOzoneClusterImpl.java:lambda$waitForClusterToBeReady$2(163)) - Waiting for 1 number of pipelines out of 4, to report a leader.
2019-11-14 13:39:58,907 [Thread-1226] INFO  ozone.MiniOzoneClusterImpl (MiniOzoneClusterImpl.java:lambda$waitForClusterToBeReady$2(163)) - Waiting for 1 number of pipelines out of 4, to report a leader.
2019-11-14 13:39:59,908 [Thread-1226] INFO  ozone.MiniOzoneClusterImpl (MiniOzoneClusterImpl.java:lambda$waitForClusterToBeReady$2(163)) - Waiting for 1 number of pipelines out of 4, to report a leader.
2019-11-14 13:40:00,908 [Thread-1226] INFO  ozone.MiniOzoneClusterImpl (MiniOzoneClusterImpl.java:lambda$waitForClusterToBeReady$2(163)) - Waiting for 1 number of pipelines out of 4, to report a leader.
2019-11-14 13:40:00,933 [Thread-1470] INFO  impl.FollowerState (FollowerState.java:run(111)) - 1868887e-7e43-4728-b850-ca98b486cc04@group-E3346D9907B5-FollowerState: change to CANDIDATE, lastRpcTime:5028ms, electionTimeout:5027ms
2019-11-14 13:40:00,933 [Thread-1470] INFO  impl.RoleInfo (RoleInfo.java:shutdownFollowerState(121)) - 1868887e-7e43-4728-b850-ca98b486cc04: shutdown FollowerState
2019-11-14 13:40:00,933 [Thread-1470] INFO  impl.RaftServerImpl (RaftServerImpl.java:setRole(173)) - 1868887e-7e43-4728-b850-ca98b486cc04@group-E3346D9907B5: changes role from  FOLLOWER to CANDIDATE at term 2 for changeToCandidate
2019-11-14 13:40:00,933 [Thread-1470] INFO  impl.RoleInfo (RoleInfo.java:updateAndGet(143)) - 1868887e-7e43-4728-b850-ca98b486cc04: start LeaderElection
2019-11-14 13:40:00,934 [Thread-1469] INFO  impl.FollowerState (FollowerState.java:run(111)) - 1a416631-4a31-4875-a4dd-145cf773c257@group-E3346D9907B5-FollowerState: change to CANDIDATE, lastRpcTime:5042ms, electionTimeout:5040ms
2019-11-14 13:40:00,936 [Thread-1469] INFO  impl.RoleInfo (RoleInfo.java:shutdownFollowerState(121)) - 1a416631-4a31-4875-a4dd-145cf773c257: shutdown FollowerState
2019-11-14 13:40:00,936 [Thread-1469] INFO  impl.RaftServerImpl (RaftServerImpl.java:setRole(173)) - 1a416631-4a31-4875-a4dd-145cf773c257@group-E3346D9907B5: changes role from  FOLLOWER to CANDIDATE at term 2 for changeToCandidate
2019-11-14 13:40:00,936 [Thread-1469] INFO  impl.RoleInfo (RoleInfo.java:updateAndGet(143)) - 1a416631-4a31-4875-a4dd-145cf773c257: start LeaderElection
2019-11-14 13:40:00,971 [Thread-1471] INFO  impl.FollowerState (FollowerState.java:run(111)) - 5424d03e-9d94-4394-ac5b-bf2bfa423983@group-E3346D9907B5-FollowerState: change to CANDIDATE, lastRpcTime:5063ms, electionTimeout:5062ms
2019-11-14 13:40:00,971 [Thread-1471] INFO  impl.RoleInfo (RoleInfo.java:shutdownFollowerState(121)) - 5424d03e-9d94-4394-ac5b-bf2bfa423983: shutdown FollowerState
2019-11-14 13:40:00,971 [Thread-1471] INFO  impl.RaftServerImpl (RaftServerImpl.java:setRole(173)) - 5424d03e-9d94-4394-ac5b-bf2bfa423983@group-E3346D9907B5: changes role from  FOLLOWER to CANDIDATE at term 2 for changeToCandidate
2019-11-14 13:40:00,972 [Thread-1471] INFO  impl.RoleInfo (RoleInfo.java:updateAndGet(143)) - 5424d03e-9d94-4394-ac5b-bf2bfa423983: start LeaderElection
2019-11-14 13:40:01,909 [Thread-1226] INFO  ozone.MiniOzoneClusterImpl (MiniOzoneClusterImpl.java:lambda$waitForClusterToBeReady$2(163)) - Waiting for 1 number of pipelines out of 4, to report a leader.
2019-11-14 13:40:02,303 [1868887e-7e43-4728-b850-ca98b486cc04@group-E3346D9907B5-LeaderElection17] INFO  impl.LeaderElection (LeaderElection.java:askForVotes(178)) - 1868887e-7e43-4728-b850-ca98b486cc04@group-E3346D9907B5-LeaderElection17: begin an election at term 3 for -1: [1868887e-7e43-4728-b850-ca98b486cc04:192.168.157.199:39043, 5424d03e-9d94-4394-ac5b-bf2bfa423983:192.168.157.199:37801, 1a416631-4a31-4875-a4dd-145cf773c257:192.168.157.199:39698], old=null
2019-11-14 13:40:02,303 [5424d03e-9d94-4394-ac5b-bf2bfa423983@group-E3346D9907B5-LeaderElection19] INFO  impl.LeaderElection (LeaderElection.java:askForVotes(178)) - 5424d03e-9d94-4394-ac5b-bf2bfa423983@group-E3346D9907B5-LeaderElection19: begin an election at term 3 for -1: [1868887e-7e43-4728-b850-ca98b486cc04:192.168.157.199:39043, 5424d03e-9d94-4394-ac5b-bf2bfa423983:192.168.157.199:37801, 1a416631-4a31-4875-a4dd-145cf773c257:192.168.157.199:39698], old=null
2019-11-14 13:40:02,303 [1a416631-4a31-4875-a4dd-145cf773c257@group-E3346D9907B5-LeaderElection18] INFO  impl.LeaderElection (LeaderElection.java:askForVotes(178)) - 1a416631-4a31-4875-a4dd-145cf773c257@group-E3346D9907B5-LeaderElection18: begin an election at term 3 for -1: [1868887e-7e43-4728-b850-ca98b486cc04:192.168.157.199:39043, 5424d03e-9d94-4394-ac5b-bf2bfa423983:192.168.157.199:37801, 1a416631-4a31-4875-a4dd-145cf773c257:192.168.157.199:39698], old=null
2019-11-14 13:40:02,318 [1868887e-7e43-4728-b850-ca98b486cc04@group-E3346D9907B5-LeaderElection17] INFO  impl.LeaderElection (LeaderElection.java:logAndReturn(56)) - 1868887e-7e43-4728-b850-ca98b486cc04@group-E3346D9907B5-LeaderElection17: Election REJECTED; received 2 response(s) [1868887e-7e43-4728-b850-ca98b486cc04<-5424d03e-9d94-4394-ac5b-bf2bfa423983#0:FAIL-t3, 1868887e-7e43-4728-b850-ca98b486cc04<-1a416631-4a31-4875-a4dd-145cf773c257#0:FAIL-t3] and 0 exception(s); 1868887e-7e43-4728-b850-ca98b486cc04@group-E3346D9907B5:t3, leader=null, voted=1868887e-7e43-4728-b850-ca98b486cc04, raftlog=1868887e-7e43-4728-b850-ca98b486cc04@group-E3346D9907B5-SegmentedRaftLog:OPENED:c-1,f-1,i0, conf=-1: [1868887e-7e43-4728-b850-ca98b486cc04:192.168.157.199:39043, 5424d03e-9d94-4394-ac5b-bf2bfa423983:192.168.157.199:37801, 1a416631-4a31-4875-a4dd-145cf773c257:192.168.157.199:39698], old=null
2019-11-14 13:40:02,318 [1a416631-4a31-4875-a4dd-145cf773c257@group-E3346D9907B5-LeaderElection18] INFO  impl.LeaderElection (LeaderElection.java:logAndReturn(56)) - 1a416631-4a31-4875-a4dd-145cf773c257@group-E3346D9907B5-LeaderElection18: Election REJECTED; received 2 response(s) [1a416631-4a31-4875-a4dd-145cf773c257<-1868887e-7e43-4728-b850-ca98b486cc04#0:FAIL-t3, 1a416631-4a31-4875-a4dd-145cf773c257<-5424d03e-9d94-4394-ac5b-bf2bfa423983#0:FAIL-t3] and 0 exception(s); 1a416631-4a31-4875-a4dd-145cf773c257@group-E3346D9907B5:t3, leader=null, voted=1a416631-4a31-4875-a4dd-145cf773c257, raftlog=1a416631-4a31-4875-a4dd-145cf773c257@group-E3346D9907B5-SegmentedRaftLog:OPENED:c-1,f-1,i0, conf=-1: [1868887e-7e43-4728-b850-ca98b486cc04:192.168.157.199:39043, 5424d03e-9d94-4394-ac5b-bf2bfa423983:192.168.157.199:37801, 1a416631-4a31-4875-a4dd-145cf773c257:192.168.157.199:39698], old=null
2019-11-14 13:40:02,318 [1868887e-7e43-4728-b850-ca98b486cc04@group-E3346D9907B5-LeaderElection17] INFO  impl.RaftServerImpl (RaftServerImpl.java:setRole(173)) - 1868887e-7e43-4728-b850-ca98b486cc04@group-E3346D9907B5: changes role from CANDIDATE to FOLLOWER at term 3 for DISCOVERED_A_NEW_TERM
2019-11-14 13:40:02,321 [1a416631-4a31-4875-a4dd-145cf773c257@group-E3346D9907B5-LeaderElection18] INFO  impl.RaftServerImpl (RaftServerImpl.java:setRole(173)) - 1a416631-4a31-4875-a4dd-145cf773c257@group-E3346D9907B5: changes role from CANDIDATE to FOLLOWER at term 3 for DISCOVERED_A_NEW_TERM
2019-11-14 13:40:02,323 [1a416631-4a31-4875-a4dd-145cf773c257@group-E3346D9907B5-LeaderElection18] INFO  impl.RoleInfo (RoleInfo.java:shutdownLeaderElection(134)) - 1a416631-4a31-4875-a4dd-145cf773c257: shutdown LeaderElection
2019-11-14 13:40:02,321 [1868887e-7e43-4728-b850-ca98b486cc04@group-E3346D9907B5-LeaderElection17] INFO  impl.RoleInfo (RoleInfo.java:shutdownLeaderElection(134)) - 1868887e-7e43-4728-b850-ca98b486cc04: shutdown LeaderElection
2019-11-14 13:40:02,323 [1a416631-4a31-4875-a4dd-145cf773c257@group-E3346D9907B5-LeaderElection18] INFO  impl.RoleInfo (RoleInfo.java:updateAndGet(143)) - 1a416631-4a31-4875-a4dd-145cf773c257: start FollowerState
2019-11-14 13:40:02,323 [5424d03e-9d94-4394-ac5b-bf2bfa423983@group-E3346D9907B5-LeaderElection19] INFO  impl.LeaderElection (LeaderElection.java:logAndReturn(56)) - 5424d03e-9d94-4394-ac5b-bf2bfa423983@group-E3346D9907B5-LeaderElection19: Election REJECTED; received 2 response(s) [5424d03e-9d94-4394-ac5b-bf2bfa423983<-1868887e-7e43-4728-b850-ca98b486cc04#0:FAIL-t3, 5424d03e-9d94-4394-ac5b-bf2bfa423983<-1a416631-4a31-4875-a4dd-145cf773c257#0:FAIL-t3] and 0 exception(s); 5424d03e-9d94-4394-ac5b-bf2bfa423983@group-E3346D9907B5:t3, leader=null, voted=5424d03e-9d94-4394-ac5b-bf2bfa423983, raftlog=5424d03e-9d94-4394-ac5b-bf2bfa423983@group-E3346D9907B5-SegmentedRaftLog:OPENED:c-1,f-1,i0, conf=-1: [1868887e-7e43-4728-b850-ca98b486cc04:192.168.157.199:39043, 5424d03e-9d94-4394-ac5b-bf2bfa423983:192.168.157.199:37801, 1a416631-4a31-4875-a4dd-145cf773c257:192.168.157.199:39698], old=null
2019-11-14 13:40:02,323 [1868887e-7e43-4728-b850-ca98b486cc04@group-E3346D9907B5-LeaderElection17] INFO  impl.RoleInfo (RoleInfo.java:updateAndGet(143)) - 1868887e-7e43-4728-b850-ca98b486cc04: start FollowerState
2019-11-14 13:40:02,325 [5424d03e-9d94-4394-ac5b-bf2bfa423983@group-E3346D9907B5-LeaderElection19] INFO  impl.RaftServerImpl (RaftServerImpl.java:setRole(173)) - 5424d03e-9d94-4394-ac5b-bf2bfa423983@group-E3346D9907B5: changes role from CANDIDATE to FOLLOWER at term 3 for DISCOVERED_A_NEW_TERM
2019-11-14 13:40:02,332 [5424d03e-9d94-4394-ac5b-bf2bfa423983@group-E3346D9907B5-LeaderElection19] INFO  impl.RoleInfo (RoleInfo.java:shutdownLeaderElection(134)) - 5424d03e-9d94-4394-ac5b-bf2bfa423983: shutdown LeaderElection
2019-11-14 13:40:02,332 [5424d03e-9d94-4394-ac5b-bf2bfa423983@group-E3346D9907B5-LeaderElection19] INFO  impl.RoleInfo (RoleInfo.java:updateAndGet(143)) - 5424d03e-9d94-4394-ac5b-bf2bfa423983: start FollowerState
2019-11-14 13:40:02,910 [Thread-1226] INFO  ozone.MiniOzoneClusterImpl (MiniOzoneClusterImpl.java:lambda$waitForClusterToBeReady$2(163)) - Waiting for 1 number of pipelines out of 4, to report a leader.
2019-11-14 13:40:03,916 [Thread-1226] INFO  ozone.MiniOzoneClusterImpl (MiniOzoneClusterImpl.java:lambda$waitForClusterToBeReady$2(163)) - Waiting for 1 number of pipelines out of 4, to report a leader.
2019-11-14 13:40:04,917 [Thread-1226] INFO  ozone.MiniOzoneClusterImpl (MiniOzoneClusterImpl.java:lambda$waitForClusterToBeReady$2(163)) - Waiting for 1 number of pipelines out of 4, to report a leader.
2019-11-14 13:40:05,917 [Thread-1226] INFO  ozone.MiniOzoneClusterImpl (MiniOzoneClusterImpl.java:lambda$waitForClusterToBeReady$2(163)) - Waiting for 1 number of pipelines out of 4, to report a leader.
2019-11-14 13:40:06,918 [Thread-1226] INFO  ozone.MiniOzoneClusterImpl (MiniOzoneClusterImpl.java:lambda$waitForClusterToBeReady$2(163)) - Waiting for 1 number of pipelines out of 4, to report a leader.
2019-11-14 13:40:07,341 [Thread-1481] INFO  impl.FollowerState (FollowerState.java:run(111)) - 1a416631-4a31-4875-a4dd-145cf773c257@group-E3346D9907B5-FollowerState: change to CANDIDATE, lastRpcTime:5017ms, electionTimeout:5015ms
2019-11-14 13:40:07,341 [Thread-1481] INFO  impl.RoleInfo (RoleInfo.java:shutdownFollowerState(121)) - 1a416631-4a31-4875-a4dd-145cf773c257: shutdown FollowerState
2019-11-14 13:40:07,341 [Thread-1481] INFO  impl.RaftServerImpl (RaftServerImpl.java:setRole(173)) - 1a416631-4a31-4875-a4dd-145cf773c257@group-E3346D9907B5: changes role from  FOLLOWER to CANDIDATE at term 3 for changeToCandidate
2019-11-14 13:40:07,341 [Thread-1481] INFO  impl.RoleInfo (RoleInfo.java:updateAndGet(143)) - 1a416631-4a31-4875-a4dd-145cf773c257: start LeaderElection
2019-11-14 13:40:07,373 [Thread-1482] INFO  impl.FollowerState (FollowerState.java:run(111)) - 1868887e-7e43-4728-b850-ca98b486cc04@group-E3346D9907B5-FollowerState: change to CANDIDATE, lastRpcTime:5049ms, electionTimeout:5041ms
2019-11-14 13:40:07,373 [Thread-1482] INFO  impl.RoleInfo (RoleInfo.java:shutdownFollowerState(121)) - 1868887e-7e43-4728-b850-ca98b486cc04: shutdown FollowerState
2019-11-14 13:40:07,374 [Thread-1482] INFO  impl.RaftServerImpl (RaftServerImpl.java:setRole(173)) - 1868887e-7e43-4728-b850-ca98b486cc04@group-E3346D9907B5: changes role from  FOLLOWER to CANDIDATE at term 3 for changeToCandidate
2019-11-14 13:40:07,374 [Thread-1482] INFO  impl.RoleInfo (RoleInfo.java:updateAndGet(143)) - 1868887e-7e43-4728-b850-ca98b486cc04: start LeaderElection
2019-11-14 13:40:07,504 [Thread-1483] INFO  impl.FollowerState (FollowerState.java:run(111)) - 5424d03e-9d94-4394-ac5b-bf2bfa423983@group-E3346D9907B5-FollowerState: change to CANDIDATE, lastRpcTime:5171ms, electionTimeout:5170ms
2019-11-14 13:40:07,504 [Thread-1483] INFO  impl.RoleInfo (RoleInfo.java:shutdownFollowerState(121)) - 5424d03e-9d94-4394-ac5b-bf2bfa423983: shutdown FollowerState
2019-11-14 13:40:07,504 [Thread-1483] INFO  impl.RaftServerImpl (RaftServerImpl.java:setRole(173)) - 5424d03e-9d94-4394-ac5b-bf2bfa423983@group-E3346D9907B5: changes role from  FOLLOWER to CANDIDATE at term 3 for changeToCandidate
2019-11-14 13:40:07,504 [Thread-1483] INFO  impl.RoleInfo (RoleInfo.java:updateAndGet(143)) - 5424d03e-9d94-4394-ac5b-bf2bfa423983: start LeaderElection
2019-11-14 13:40:07,918 [Thread-1226] INFO  ozone.MiniOzoneClusterImpl (MiniOzoneClusterImpl.java:lambda$waitForClusterToBeReady$2(163)) - Waiting for 1 number of pipelines out of 4, to report a leader.
2019-11-14 13:40:08,919 [Thread-1226] INFO  ozone.MiniOzoneClusterImpl (MiniOzoneClusterImpl.java:lambda$waitForClusterToBeReady$2(163)) - Waiting for 1 number of pipelines out of 4, to report a leader.
2019-11-14 13:40:09,042 [5424d03e-9d94-4394-ac5b-bf2bfa423983@group-E3346D9907B5-LeaderElection22] INFO  impl.LeaderElection (LeaderElection.java:askForVotes(178)) - 5424d03e-9d94-4394-ac5b-bf2bfa423983@group-E3346D9907B5-LeaderElection22: begin an election at term 4 for -1: [1868887e-7e43-4728-b850-ca98b486cc04:192.168.157.199:39043, 5424d03e-9d94-4394-ac5b-bf2bfa423983:192.168.157.199:37801, 1a416631-4a31-4875-a4dd-145cf773c257:192.168.157.199:39698], old=null
2019-11-14 13:40:09,042 [1868887e-7e43-4728-b850-ca98b486cc04@group-E3346D9907B5-LeaderElection21] INFO  impl.LeaderElection (LeaderElection.java:askForVotes(178)) - 1868887e-7e43-4728-b850-ca98b486cc04@group-E3346D9907B5-LeaderElection21: begin an election at term 4 for -1: [1868887e-7e43-4728-b850-ca98b486cc04:192.168.157.199:39043, 5424d03e-9d94-4394-ac5b-bf2bfa423983:192.168.157.199:37801, 1a416631-4a31-4875-a4dd-145cf773c257:192.168.157.199:39698], old=null
2019-11-14 13:40:09,042 [1a416631-4a31-4875-a4dd-145cf773c257@group-E3346D9907B5-LeaderElection20] INFO  impl.LeaderElection (LeaderElection.java:askForVotes(178)) - 1a416631-4a31-4875-a4dd-145cf773c257@group-E3346D9907B5-LeaderElection20: begin an election at term 4 for -1: [1868887e-7e43-4728-b850-ca98b486cc04:192.168.157.199:39043, 5424d03e-9d94-4394-ac5b-bf2bfa423983:192.168.157.199:37801, 1a416631-4a31-4875-a4dd-145cf773c257:192.168.157.199:39698], old=null
2019-11-14 13:40:09,059 [1868887e-7e43-4728-b850-ca98b486cc04@group-E3346D9907B5-LeaderElection21] INFO  impl.LeaderElection (LeaderElection.java:logAndReturn(56)) - 1868887e-7e43-4728-b850-ca98b486cc04@group-E3346D9907B5-LeaderElection21: Election REJECTED; received 2 response(s) [1868887e-7e43-4728-b850-ca98b486cc04<-5424d03e-9d94-4394-ac5b-bf2bfa423983#0:FAIL-t4, 1868887e-7e43-4728-b850-ca98b486cc04<-1a416631-4a31-4875-a4dd-145cf773c257#0:FAIL-t4] and 0 exception(s); 1868887e-7e43-4728-b850-ca98b486cc04@group-E3346D9907B5:t4, leader=null, voted=1868887e-7e43-4728-b850-ca98b486cc04, raftlog=1868887e-7e43-4728-b850-ca98b486cc04@group-E3346D9907B5-SegmentedRaftLog:OPENED:c-1,f-1,i0, conf=-1: [1868887e-7e43-4728-b850-ca98b486cc04:192.168.157.199:39043, 5424d03e-9d94-4394-ac5b-bf2bfa423983:192.168.157.199:37801, 1a416631-4a31-4875-a4dd-145cf773c257:192.168.157.199:39698], old=null
2019-11-14 13:40:09,060 [1a416631-4a31-4875-a4dd-145cf773c257@group-E3346D9907B5-LeaderElection20] INFO  impl.LeaderElection (LeaderElection.java:logAndReturn(56)) - 1a416631-4a31-4875-a4dd-145cf773c257@group-E3346D9907B5-LeaderElection20: Election REJECTED; received 2 response(s) [1a416631-4a31-4875-a4dd-145cf773c257<-1868887e-7e43-4728-b850-ca98b486cc04#0:FAIL-t4, 1a416631-4a31-4875-a4dd-145cf773c257<-5424d03e-9d94-4394-ac5b-bf2bfa423983#0:FAIL-t4] and 0 exception(s); 1a416631-4a31-4875-a4dd-145cf773c257@group-E3346D9907B5:t4, leader=null, voted=1a416631-4a31-4875-a4dd-145cf773c257, raftlog=1a416631-4a31-4875-a4dd-145cf773c257@group-E3346D9907B5-SegmentedRaftLog:OPENED:c-1,f-1,i0, conf=-1: [1868887e-7e43-4728-b850-ca98b486cc04:192.168.157.199:39043, 5424d03e-9d94-4394-ac5b-bf2bfa423983:192.168.157.199:37801, 1a416631-4a31-4875-a4dd-145cf773c257:192.168.157.199:39698], old=null
2019-11-14 13:40:09,065 [1868887e-7e43-4728-b850-ca98b486cc04@group-E3346D9907B5-LeaderElection21] INFO  impl.RaftServerImpl (RaftServerImpl.java:setRole(173)) - 1868887e-7e43-4728-b850-ca98b486cc04@group-E3346D9907B5: changes role from CANDIDATE to FOLLOWER at term 4 for DISCOVERED_A_NEW_TERM
2019-11-14 13:40:09,066 [1868887e-7e43-4728-b850-ca98b486cc04@group-E3346D9907B5-LeaderElection21] INFO  impl.RoleInfo (RoleInfo.java:shutdownLeaderElection(134)) - 1868887e-7e43-4728-b850-ca98b486cc04: shutdown LeaderElection
2019-11-14 13:40:09,066 [1a416631-4a31-4875-a4dd-145cf773c257@group-E3346D9907B5-LeaderElection20] INFO  impl.RaftServerImpl (RaftServerImpl.java:setRole(173)) - 1a416631-4a31-4875-a4dd-145cf773c257@group-E3346D9907B5: changes role from CANDIDATE to FOLLOWER at term 4 for DISCOVERED_A_NEW_TERM
2019-11-14 13:40:09,068 [1a416631-4a31-4875-a4dd-145cf773c257@group-E3346D9907B5-LeaderElection20] INFO  impl.RoleInfo (RoleInfo.java:shutdownLeaderElection(134)) - 1a416631-4a31-4875-a4dd-145cf773c257: shutdown LeaderElection
2019-11-14 13:40:09,068 [1868887e-7e43-4728-b850-ca98b486cc04@group-E3346D9907B5-LeaderElection21] INFO  impl.RoleInfo (RoleInfo.java:updateAndGet(143)) - 1868887e-7e43-4728-b850-ca98b486cc04: start FollowerState
2019-11-14 13:40:09,068 [1a416631-4a31-4875-a4dd-145cf773c257@group-E3346D9907B5-LeaderElection20] INFO  impl.RoleInfo (RoleInfo.java:updateAndGet(143)) - 1a416631-4a31-4875-a4dd-145cf773c257: start FollowerState
2019-11-14 13:40:09,068 [5424d03e-9d94-4394-ac5b-bf2bfa423983@group-E3346D9907B5-LeaderElection22] INFO  impl.LeaderElection (LeaderElection.java:logAndReturn(56)) - 5424d03e-9d94-4394-ac5b-bf2bfa423983@group-E3346D9907B5-LeaderElection22: Election REJECTED; received 2 response(s) [5424d03e-9d94-4394-ac5b-bf2bfa423983<-1868887e-7e43-4728-b850-ca98b486cc04#0:FAIL-t4, 5424d03e-9d94-4394-ac5b-bf2bfa423983<-1a416631-4a31-4875-a4dd-145cf773c257#0:FAIL-t4] and 0 exception(s); 5424d03e-9d94-4394-ac5b-bf2bfa423983@group-E3346D9907B5:t4, leader=null, voted=5424d03e-9d94-4394-ac5b-bf2bfa423983, raftlog=5424d03e-9d94-4394-ac5b-bf2bfa423983@group-E3346D9907B5-SegmentedRaftLog:OPENED:c-1,f-1,i0, conf=-1: [1868887e-7e43-4728-b850-ca98b486cc04:192.168.157.199:39043, 5424d03e-9d94-4394-ac5b-bf2bfa423983:192.168.157.199:37801, 1a416631-4a31-4875-a4dd-145cf773c257:192.168.157.199:39698], old=null
2019-11-14 13:40:09,069 [5424d03e-9d94-4394-ac5b-bf2bfa423983@group-E3346D9907B5-LeaderElection22] INFO  impl.RaftServerImpl (RaftServerImpl.java:setRole(173)) - 5424d03e-9d94-4394-ac5b-bf2bfa423983@group-E3346D9907B5: changes role from CANDIDATE to FOLLOWER at term 4 for DISCOVERED_A_NEW_TERM
2019-11-14 13:40:09,069 [5424d03e-9d94-4394-ac5b-bf2bfa423983@group-E3346D9907B5-LeaderElection22] INFO  impl.RoleInfo (RoleInfo.java:shutdownLeaderElection(134)) - 5424d03e-9d94-4394-ac5b-bf2bfa423983: shutdown LeaderElection
2019-11-14 13:40:09,069 [5424d03e-9d94-4394-ac5b-bf2bfa423983@group-E3346D9907B5-LeaderElection22] INFO  impl.RoleInfo (RoleInfo.java:updateAndGet(143)) - 5424d03e-9d94-4394-ac5b-bf2bfa423983: start FollowerState
2019-11-14 13:40:09,919 [Thread-1226] INFO  ozone.MiniOzoneClusterImpl (MiniOzoneClusterImpl.java:lambda$waitForClusterToBeReady$2(163)) - Waiting for 1 number of pipelines out of 4, to report a leader.
2019-11-14 13:40:10,921 [Thread-1226] INFO  ozone.MiniOzoneClusterImpl (MiniOzoneClusterImpl.java:lambda$waitForClusterToBeReady$2(163)) - Waiting for 1 number of pipelines out of 4, to report a leader.
2019-11-14 13:40:11,922 [Thread-1226] INFO  ozone.MiniOzoneClusterImpl (MiniOzoneClusterImpl.java:lambda$waitForClusterToBeReady$2(163)) - Waiting for 1 number of pipelines out of 4, to report a leader.
2019-11-14 13:40:12,922 [Thread-1226] INFO  ozone.MiniOzoneClusterImpl (MiniOzoneClusterImpl.java:lambda$waitForClusterToBeReady$2(163)) - Waiting for 1 number of pipelines out of 4, to report a leader.
2019-11-14 13:40:13,923 [Thread-1226] INFO  ozone.MiniOzoneClusterImpl (MiniOzoneClusterImpl.java:lambda$waitForClusterToBeReady$2(163)) - Waiting for 1 number of pipelines out of 4, to report a leader.
2019-11-14 13:40:14,105 [Thread-1495] INFO  impl.FollowerState (FollowerState.java:run(111)) - 5424d03e-9d94-4394-ac5b-bf2bfa423983@group-E3346D9907B5-FollowerState: change to CANDIDATE, lastRpcTime:5035ms, electionTimeout:5035ms
2019-11-14 13:40:14,105 [Thread-1495] INFO  impl.RoleInfo (RoleInfo.java:shutdownFollowerState(121)) - 5424d03e-9d94-4394-ac5b-bf2bfa423983: shutdown FollowerState
2019-11-14 13:40:14,105 [Thread-1495] INFO  impl.RaftServerImpl (RaftServerImpl.java:setRole(173)) - 5424d03e-9d94-4394-ac5b-bf2bfa423983@group-E3346D9907B5: changes role from  FOLLOWER to CANDIDATE at term 4 for changeToCandidate
2019-11-14 13:40:14,105 [Thread-1495] INFO  impl.RoleInfo (RoleInfo.java:updateAndGet(143)) - 5424d03e-9d94-4394-ac5b-bf2bfa423983: start LeaderElection
2019-11-14 13:40:14,184 [Thread-1494] INFO  impl.FollowerState (FollowerState.java:run(111)) - 1a416631-4a31-4875-a4dd-145cf773c257@group-E3346D9907B5-FollowerState: change to CANDIDATE, lastRpcTime:5115ms, electionTimeout:5115ms
2019-11-14 13:40:14,184 [Thread-1494] INFO  impl.RoleInfo (RoleInfo.java:shutdownFollowerState(121)) - 1a416631-4a31-4875-a4dd-145cf773c257: shutdown FollowerState
2019-11-14 13:40:14,184 [Thread-1494] INFO  impl.RaftServerImpl (RaftServerImpl.java:setRole(173)) - 1a416631-4a31-4875-a4dd-145cf773c257@group-E3346D9907B5: changes role from  FOLLOWER to CANDIDATE at term 4 for changeToCandidate
2019-11-14 13:40:14,184 [Thread-1494] INFO  impl.RoleInfo (RoleInfo.java:updateAndGet(143)) - 1a416631-4a31-4875-a4dd-145cf773c257: start LeaderElection
2019-11-14 13:40:14,196 [Thread-1493] INFO  impl.FollowerState (FollowerState.java:run(111)) - 1868887e-7e43-4728-b850-ca98b486cc04@group-E3346D9907B5-FollowerState: change to CANDIDATE, lastRpcTime:5128ms, electionTimeout:5127ms
2019-11-14 13:40:14,196 [Thread-1493] INFO  impl.RoleInfo (RoleInfo.java:shutdownFollowerState(121)) - 1868887e-7e43-4728-b850-ca98b486cc04: shutdown FollowerState
2019-11-14 13:40:14,196 [Thread-1493] INFO  impl.RaftServerImpl (RaftServerImpl.java:setRole(173)) - 1868887e-7e43-4728-b850-ca98b486cc04@group-E3346D9907B5: changes role from  FOLLOWER to CANDIDATE at term 4 for changeToCandidate
2019-11-14 13:40:14,196 [Thread-1493] INFO  impl.RoleInfo (RoleInfo.java:updateAndGet(143)) - 1868887e-7e43-4728-b850-ca98b486cc04: start LeaderElection
2019-11-14 13:40:14,923 [Thread-1226] INFO  ozone.MiniOzoneClusterImpl (MiniOzoneClusterImpl.java:lambda$waitForClusterToBeReady$2(163)) - Waiting for 1 number of pipelines out of 4, to report a leader.
2019-11-14 13:40:15,924 [Thread-1226] INFO  ozone.MiniOzoneClusterImpl (MiniOzoneClusterImpl.java:lambda$waitForClusterToBeReady$2(163)) - Waiting for 1 number of pipelines out of 4, to report a leader.
2019-11-14 13:40:16,924 [Thread-1226] INFO  ozone.MiniOzoneClusterImpl (MiniOzoneClusterImpl.java:lambda$waitForClusterToBeReady$2(163)) - Waiting for 1 number of pipelines out of 4, to report a leader.
2019-11-14 13:40:17,099 [1a416631-4a31-4875-a4dd-145cf773c257@group-E3346D9907B5-LeaderElection24] INFO  impl.LeaderElection (LeaderElection.java:askForVotes(178)) - 1a416631-4a31-4875-a4dd-145cf773c257@group-E3346D9907B5-LeaderElection24: begin an election at term 5 for -1: [1868887e-7e43-4728-b850-ca98b486cc04:192.168.157.199:39043, 5424d03e-9d94-4394-ac5b-bf2bfa423983:192.168.157.199:37801, 1a416631-4a31-4875-a4dd-145cf773c257:192.168.157.199:39698], old=null
2019-11-14 13:40:17,099 [1868887e-7e43-4728-b850-ca98b486cc04@group-E3346D9907B5-LeaderElection25] INFO  impl.LeaderElection (LeaderElection.java:askForVotes(178)) - 1868887e-7e43-4728-b850-ca98b486cc04@group-E3346D9907B5-LeaderElection25: begin an election at term 5 for -1: [1868887e-7e43-4728-b850-ca98b486cc04:192.168.157.199:39043, 5424d03e-9d94-4394-ac5b-bf2bfa423983:192.168.157.199:37801, 1a416631-4a31-4875-a4dd-145cf773c257:192.168.157.199:39698], old=null
2019-11-14 13:40:17,099 [5424d03e-9d94-4394-ac5b-bf2bfa423983@group-E3346D9907B5-LeaderElection23] INFO  impl.LeaderElection (LeaderElection.java:askForVotes(178)) - 5424d03e-9d94-4394-ac5b-bf2bfa423983@group-E3346D9907B5-LeaderElection23: begin an election at term 5 for -1: [1868887e-7e43-4728-b850-ca98b486cc04:192.168.157.199:39043, 5424d03e-9d94-4394-ac5b-bf2bfa423983:192.168.157.199:37801, 1a416631-4a31-4875-a4dd-145cf773c257:192.168.157.199:39698], old=null
2019-11-14 13:40:17,106 [1a416631-4a31-4875-a4dd-145cf773c257@group-E3346D9907B5-LeaderElection24] INFO  impl.LeaderElection (LeaderElection.java:logAndReturn(56)) - 1a416631-4a31-4875-a4dd-145cf773c257@group-E3346D9907B5-LeaderElection24: Election REJECTED; received 2 response(s) [1a416631-4a31-4875-a4dd-145cf773c257<-1868887e-7e43-4728-b850-ca98b486cc04#0:FAIL-t5, 1a416631-4a31-4875-a4dd-145cf773c257<-5424d03e-9d94-4394-ac5b-bf2bfa423983#0:FAIL-t5] and 0 exception(s); 1a416631-4a31-4875-a4dd-145cf773c257@group-E3346D9907B5:t5, leader=null, voted=1a416631-4a31-4875-a4dd-145cf773c257, raftlog=1a416631-4a31-4875-a4dd-145cf773c257@group-E3346D9907B5-SegmentedRaftLog:OPENED:c-1,f-1,i0, conf=-1: [1868887e-7e43-4728-b850-ca98b486cc04:192.168.157.199:39043, 5424d03e-9d94-4394-ac5b-bf2bfa423983:192.168.157.199:37801, 1a416631-4a31-4875-a4dd-145cf773c257:192.168.157.199:39698], old=null
2019-11-14 13:40:17,106 [1a416631-4a31-4875-a4dd-145cf773c257@group-E3346D9907B5-LeaderElection24] INFO  impl.RaftServerImpl (RaftServerImpl.java:setRole(173)) - 1a416631-4a31-4875-a4dd-145cf773c257@group-E3346D9907B5: changes role from CANDIDATE to FOLLOWER at term 5 for DISCOVERED_A_NEW_TERM
2019-11-14 13:40:17,106 [1a416631-4a31-4875-a4dd-145cf773c257@group-E3346D9907B5-LeaderElection24] INFO  impl.RoleInfo (RoleInfo.java:shutdownLeaderElection(134)) - 1a416631-4a31-4875-a4dd-145cf773c257: shutdown LeaderElection
2019-11-14 13:40:17,106 [1a416631-4a31-4875-a4dd-145cf773c257@group-E3346D9907B5-LeaderElection24] INFO  impl.RoleInfo (RoleInfo.java:updateAndGet(143)) - 1a416631-4a31-4875-a4dd-145cf773c257: start FollowerState
2019-11-14 13:40:17,107 [1868887e-7e43-4728-b850-ca98b486cc04@group-E3346D9907B5-LeaderElection25] INFO  impl.LeaderElection (LeaderElection.java:logAndReturn(56)) - 1868887e-7e43-4728-b850-ca98b486cc04@group-E3346D9907B5-LeaderElection25: Election REJECTED; received 2 response(s) [1868887e-7e43-4728-b850-ca98b486cc04<-5424d03e-9d94-4394-ac5b-bf2bfa423983#0:FAIL-t5, 1868887e-7e43-4728-b850-ca98b486cc04<-1a416631-4a31-4875-a4dd-145cf773c257#0:FAIL-t5] and 0 exception(s); 1868887e-7e43-4728-b850-ca98b486cc04@group-E3346D9907B5:t5, leader=null, voted=1868887e-7e43-4728-b850-ca98b486cc04, raftlog=1868887e-7e43-4728-b850-ca98b486cc04@group-E3346D9907B5-SegmentedRaftLog:OPENED:c-1,f-1,i0, conf=-1: [1868887e-7e43-4728-b850-ca98b486cc04:192.168.157.199:39043, 5424d03e-9d94-4394-ac5b-bf2bfa423983:192.168.157.199:37801, 1a416631-4a31-4875-a4dd-145cf773c257:192.168.157.199:39698], old=null
2019-11-14 13:40:17,109 [1868887e-7e43-4728-b850-ca98b486cc04@group-E3346D9907B5-LeaderElection25] INFO  impl.RaftServerImpl (RaftServerImpl.java:setRole(173)) - 1868887e-7e43-4728-b850-ca98b486cc04@group-E3346D9907B5: changes role from CANDIDATE to FOLLOWER at term 5 for DISCOVERED_A_NEW_TERM
2019-11-14 13:40:17,109 [1868887e-7e43-4728-b850-ca98b486cc04@group-E3346D9907B5-LeaderElection25] INFO  impl.RoleInfo (RoleInfo.java:shutdownLeaderElection(134)) - 1868887e-7e43-4728-b850-ca98b486cc04: shutdown LeaderElection
2019-11-14 13:40:17,109 [1868887e-7e43-4728-b850-ca98b486cc04@group-E3346D9907B5-LeaderElection25] INFO  impl.RoleInfo (RoleInfo.java:updateAndGet(143)) - 1868887e-7e43-4728-b850-ca98b486cc04: start FollowerState
2019-11-14 13:40:17,109 [5424d03e-9d94-4394-ac5b-bf2bfa423983@group-E3346D9907B5-LeaderElection23] INFO  impl.LeaderElection (LeaderElection.java:logAndReturn(56)) - 5424d03e-9d94-4394-ac5b-bf2bfa423983@group-E3346D9907B5-LeaderElection23: Election REJECTED; received 2 response(s) [5424d03e-9d94-4394-ac5b-bf2bfa423983<-1868887e-7e43-4728-b850-ca98b486cc04#0:FAIL-t5, 5424d03e-9d94-4394-ac5b-bf2bfa423983<-1a416631-4a31-4875-a4dd-145cf773c257#0:FAIL-t5] and 0 exception(s); 5424d03e-9d94-4394-ac5b-bf2bfa423983@group-E3346D9907B5:t5, leader=null, voted=5424d03e-9d94-4394-ac5b-bf2bfa423983, raftlog=5424d03e-9d94-4394-ac5b-bf2bfa423983@group-E3346D9907B5-SegmentedRaftLog:OPENED:c-1,f-1,i0, conf=-1: [1868887e-7e43-4728-b850-ca98b486cc04:192.168.157.199:39043, 5424d03e-9d94-4394-ac5b-bf2bfa423983:192.168.157.199:37801, 1a416631-4a31-4875-a4dd-145cf773c257:192.168.157.199:39698], old=null
2019-11-14 13:40:17,110 [5424d03e-9d94-4394-ac5b-bf2bfa423983@group-E3346D9907B5-LeaderElection23] INFO  impl.RaftServerImpl (RaftServerImpl.java:setRole(173)) - 5424d03e-9d94-4394-ac5b-bf2bfa423983@group-E3346D9907B5: changes role from CANDIDATE to FOLLOWER at term 5 for DISCOVERED_A_NEW_TERM
2019-11-14 13:40:17,111 [5424d03e-9d94-4394-ac5b-bf2bfa423983@group-E3346D9907B5-LeaderElection23] INFO  impl.RoleInfo (RoleInfo.java:shutdownLeaderElection(134)) - 5424d03e-9d94-4394-ac5b-bf2bfa423983: shutdown LeaderElection
2019-11-14 13:40:17,111 [5424d03e-9d94-4394-ac5b-bf2bfa423983@group-E3346D9907B5-LeaderElection23] INFO  impl.RoleInfo (RoleInfo.java:updateAndGet(143)) - 5424d03e-9d94-4394-ac5b-bf2bfa423983: start FollowerState
2019-11-14 13:40:17,925 [Thread-1226] INFO  ozone.MiniOzoneClusterImpl (MiniOzoneClusterImpl.java:lambda$waitForClusterToBeReady$2(163)) - Waiting for 1 number of pipelines out of 4, to report a leader.
2019-11-14 13:40:18,928 [Thread-1226] INFO  ozone.MiniOzoneClusterImpl (MiniOzoneClusterImpl.java:lambda$waitForClusterToBeReady$2(163)) - Waiting for 1 number of pipelines out of 4, to report a leader.
2019-11-14 13:40:19,929 [Thread-1226] INFO  ozone.MiniOzoneClusterImpl (MiniOzoneClusterImpl.java:lambda$waitForClusterToBeReady$2(163)) - Waiting for 1 number of pipelines out of 4, to report a leader.
2019-11-14 13:40:20,929 [Thread-1226] INFO  ozone.MiniOzoneClusterImpl (MiniOzoneClusterImpl.java:lambda$waitForClusterToBeReady$2(163)) - Waiting for 1 number of pipelines out of 4, to report a leader.
]]></system-out>
  </testcase>
  <testcase name="testScmInfo" classname="org.apache.hadoop.ozone.TestStorageContainerManager" time="7.118"/>
</testsuite>