<?xml version="1.0" encoding="UTF-8"?>
<testsuite xmlns:xsi="http://www.w3.org/2001/XMLSchema-instance" xsi:noNamespaceSchemaLocation="https://maven.apache.org/surefire/maven-surefire-plugin/xsd/surefire-test-report.xsd" name="org.apache.hadoop.ozone.freon.TestFreonWithPipelineDestroy" time="52.248" tests="1" errors="1" skipped="0" failures="0">
  <properties>
    <property name="awt.toolkit" value="sun.awt.X11.XToolkit"/>
    <property name="file.encoding.pkg" value="sun.io"/>
    <property name="java.specification.version" value="1.8"/>
    <property name="sun.cpu.isalist" value=""/>
    <property name="sun.jnu.encoding" value="ANSI_X3.4-1968"/>
    <property name="java.class.path" value="/workdir/hadoop-ozone/tools/target/test-classes:/workdir/hadoop-ozone/tools/target/classes:/home/user/.m2/repository/org/apache/hadoop/hadoop-ozone-ozone-manager/0.5.0-SNAPSHOT/hadoop-ozone-ozone-manager-0.5.0-SNAPSHOT.jar:/home/user/.m2/repository/org/apache/hadoop/hadoop-hdds-docs/0.5.0-SNAPSHOT/hadoop-hdds-docs-0.5.0-SNAPSHOT.jar:/home/user/.m2/repository/org/bouncycastle/bcprov-jdk15on/1.60/bcprov-jdk15on-1.60.jar:/home/user/.m2/repository/org/apache/hadoop/hadoop-ozone-common/0.5.0-SNAPSHOT/hadoop-ozone-common-0.5.0-SNAPSHOT.jar:/home/user/.m2/repository/org/apache/commons/commons-compress/1.4.1/commons-compress-1.4.1.jar:/home/user/.m2/repository/org/tukaani/xz/1.0/xz-1.0.jar:/home/user/.m2/repository/org/apache/hadoop/hadoop-hdfs-client/3.2.0/hadoop-hdfs-client-3.2.0.jar:/home/user/.m2/repository/com/fasterxml/jackson/core/jackson-annotations/2.9.9/jackson-annotations-2.9.9.jar:/home/user/.m2/repository/org/apache/hadoop/hadoop-hdds-common/0.5.0-SNAPSHOT/hadoop-hdds-common-0.5.0-SNAPSHOT.jar:/home/user/.m2/repository/org/apache/hadoop/hadoop-hdds-config/0.5.0-SNAPSHOT/hadoop-hdds-config-0.5.0-SNAPSHOT.jar:/home/user/.m2/repository/javax/annotation/javax.annotation-api/1.2/javax.annotation-api-1.2.jar:/home/user/.m2/repository/org/apache/ratis/ratis-server/0.5.0-d6d58d0-SNAPSHOT/ratis-server-0.5.0-d6d58d0-SNAPSHOT.jar:/home/user/.m2/repository/org/apache/ratis/ratis-thirdparty-misc/0.2.0/ratis-thirdparty-misc-0.2.0.jar:/home/user/.m2/repository/org/apache/ratis/ratis-proto/0.5.0-d6d58d0-SNAPSHOT/ratis-proto-0.5.0-d6d58d0-SNAPSHOT.jar:/home/user/.m2/repository/org/apache/ratis/ratis-common/0.5.0-d6d58d0-SNAPSHOT/ratis-common-0.5.0-d6d58d0-SNAPSHOT.jar:/home/user/.m2/repository/org/apache/ratis/ratis-client/0.5.0-d6d58d0-SNAPSHOT/ratis-client-0.5.0-d6d58d0-SNAPSHOT.jar:/home/user/.m2/repository/org/apache/ratis/ratis-metrics/0.5.0-d6d58d0-SNAPSHOT/ratis-metrics-0.5.0-d6d58d0-SNAPSHOT.jar:/home/user/.m2/repository/org/apache/ratis/ratis-netty/0.5.0-d6d58d0-SNAPSHOT/ratis-netty-0.5.0-d6d58d0-SNAPSHOT.jar:/home/user/.m2/repository/org/apache/ratis/ratis-grpc/0.5.0-d6d58d0-SNAPSHOT/ratis-grpc-0.5.0-d6d58d0-SNAPSHOT.jar:/home/user/.m2/repository/org/rocksdb/rocksdbjni/6.0.1/rocksdbjni-6.0.1.jar:/home/user/.m2/repository/org/apache/logging/log4j/log4j-api/2.11.0/log4j-api-2.11.0.jar:/home/user/.m2/repository/org/apache/logging/log4j/log4j-core/2.11.0/log4j-core-2.11.0.jar:/home/user/.m2/repository/com/lmax/disruptor/3.4.2/disruptor-3.4.2.jar:/home/user/.m2/repository/org/apache/commons/commons-pool2/2.6.0/commons-pool2-2.6.0.jar:/home/user/.m2/repository/org/bouncycastle/bcpkix-jdk15on/1.60/bcpkix-jdk15on-1.60.jar:/home/user/.m2/repository/commons-validator/commons-validator/1.6/commons-validator-1.6.jar:/home/user/.m2/repository/commons-digester/commons-digester/1.8.1/commons-digester-1.8.1.jar:/home/user/.m2/repository/io/jaegertracing/jaeger-client/0.34.0/jaeger-client-0.34.0.jar:/home/user/.m2/repository/io/jaegertracing/jaeger-thrift/0.34.0/jaeger-thrift-0.34.0.jar:/home/user/.m2/repository/org/apache/thrift/libthrift/0.12.0/libthrift-0.12.0.jar:/home/user/.m2/repository/com/squareup/okhttp3/okhttp/3.9.0/okhttp-3.9.0.jar:/home/user/.m2/repository/com/squareup/okio/okio/1.13.0/okio-1.13.0.jar:/home/user/.m2/repository/io/jaegertracing/jaeger-core/0.34.0/jaeger-core-0.34.0.jar:/home/user/.m2/repository/io/jaegertracing/jaeger-tracerresolver/0.34.0/jaeger-tracerresolver-0.34.0.jar:/home/user/.m2/repository/io/opentracing/contrib/opentracing-tracerresolver/0.1.5/opentracing-tracerresolver-0.1.5.jar:/home/user/.m2/repository/io/opentracing/opentracing-util/0.31.0/opentracing-util-0.31.0.jar:/home/user/.m2/repository/io/opentracing/opentracing-api/0.31.0/opentracing-api-0.31.0.jar:/home/user/.m2/repository/io/opentracing/opentracing-noop/0.31.0/opentracing-noop-0.31.0.jar:/home/user/.m2/repository/org/yaml/snakeyaml/1.16/snakeyaml-1.16.jar:/home/user/.m2/repository/org/apache/hadoop/hadoop-hdds-container-service/0.5.0-SNAPSHOT/hadoop-hdds-container-service-0.5.0-SNAPSHOT.jar:/home/user/.m2/repository/org/apache/hadoop/hadoop-hdds-client/0.5.0-SNAPSHOT/hadoop-hdds-client-0.5.0-SNAPSHOT.jar:/home/user/.m2/repository/org/apache/hadoop/hadoop-hdds-tools/0.5.0-SNAPSHOT/hadoop-hdds-tools-0.5.0-SNAPSHOT.jar:/home/user/.m2/repository/org/xerial/sqlite-jdbc/3.25.2/sqlite-jdbc-3.25.2.jar:/home/user/.m2/repository/org/apache/hadoop/hadoop-hdds-server-scm/0.5.0-SNAPSHOT/hadoop-hdds-server-scm-0.5.0-SNAPSHOT.jar:/home/user/.m2/repository/org/hamcrest/hamcrest-all/1.3/hamcrest-all-1.3.jar:/home/user/.m2/repository/info/picocli/picocli/3.9.6/picocli-3.9.6.jar:/home/user/.m2/repository/com/google/protobuf/protobuf-java/2.5.0/protobuf-java-2.5.0.jar:/home/user/.m2/repository/com/google/guava/guava/11.0.2/guava-11.0.2.jar:/home/user/.m2/repository/org/apache/hadoop/hadoop-ozone-client/0.5.0-SNAPSHOT/hadoop-ozone-client-0.5.0-SNAPSHOT.jar:/workdir/hadoop-ozone/ozonefs/target/classes:/home/user/.m2/repository/org/apache/httpcomponents/httpclient/4.5.2/httpclient-4.5.2.jar:/home/user/.m2/repository/org/apache/httpcomponents/httpcore/4.4.4/httpcore-4.4.4.jar:/home/user/.m2/repository/org/apache/hadoop/hadoop-hdds-server-framework/0.5.0-SNAPSHOT/hadoop-hdds-server-framework-0.5.0-SNAPSHOT.jar:/home/user/.m2/repository/org/apache/hadoop/hadoop-common/3.2.0/hadoop-common-3.2.0.jar:/home/user/.m2/repository/org/apache/hadoop/hadoop-annotations/3.2.0/hadoop-annotations-3.2.0.jar:/usr/lib/jvm/java-1.8.0-openjdk-1.8.0.222.b10-1.el7_7.x86_64/jre/../lib/tools.jar:/home/user/.m2/repository/commons-cli/commons-cli/1.2/commons-cli-1.2.jar:/home/user/.m2/repository/org/apache/commons/commons-math3/3.1.1/commons-math3-3.1.1.jar:/home/user/.m2/repository/commons-codec/commons-codec/1.11/commons-codec-1.11.jar:/home/user/.m2/repository/commons-io/commons-io/2.5/commons-io-2.5.jar:/home/user/.m2/repository/commons-net/commons-net/3.6/commons-net-3.6.jar:/home/user/.m2/repository/commons-collections/commons-collections/3.2.2/commons-collections-3.2.2.jar:/home/user/.m2/repository/javax/servlet/javax.servlet-api/3.1.0/javax.servlet-api-3.1.0.jar:/home/user/.m2/repository/org/eclipse/jetty/jetty-server/9.3.25.v20180904/jetty-server-9.3.25.v20180904.jar:/home/user/.m2/repository/org/eclipse/jetty/jetty-http/9.3.25.v20180904/jetty-http-9.3.25.v20180904.jar:/home/user/.m2/repository/org/eclipse/jetty/jetty-io/9.3.25.v20180904/jetty-io-9.3.25.v20180904.jar:/home/user/.m2/repository/org/eclipse/jetty/jetty-util/9.3.25.v20180904/jetty-util-9.3.25.v20180904.jar:/home/user/.m2/repository/org/eclipse/jetty/jetty-servlet/9.3.25.v20180904/jetty-servlet-9.3.25.v20180904.jar:/home/user/.m2/repository/org/eclipse/jetty/jetty-security/9.3.25.v20180904/jetty-security-9.3.25.v20180904.jar:/home/user/.m2/repository/org/eclipse/jetty/jetty-webapp/9.3.25.v20180904/jetty-webapp-9.3.25.v20180904.jar:/home/user/.m2/repository/org/eclipse/jetty/jetty-xml/9.3.25.v20180904/jetty-xml-9.3.25.v20180904.jar:/home/user/.m2/repository/javax/servlet/jsp/jsp-api/2.1/jsp-api-2.1.jar:/home/user/.m2/repository/com/sun/jersey/jersey-core/1.19/jersey-core-1.19.jar:/home/user/.m2/repository/javax/ws/rs/jsr311-api/1.1.1/jsr311-api-1.1.1.jar:/home/user/.m2/repository/com/sun/jersey/jersey-servlet/1.19/jersey-servlet-1.19.jar:/home/user/.m2/repository/com/sun/jersey/jersey-json/1.19/jersey-json-1.19.jar:/home/user/.m2/repository/org/codehaus/jettison/jettison/1.1/jettison-1.1.jar:/home/user/.m2/repository/com/sun/xml/bind/jaxb-impl/2.3.0.1/jaxb-impl-2.3.0.1.jar:/home/user/.m2/repository/org/codehaus/jackson/jackson-core-asl/1.9.13/jackson-core-asl-1.9.13.jar:/home/user/.m2/repository/org/codehaus/jackson/jackson-mapper-asl/1.9.13/jackson-mapper-asl-1.9.13.jar:/home/user/.m2/repository/org/codehaus/jackson/jackson-jaxrs/1.9.13/jackson-jaxrs-1.9.13.jar:/home/user/.m2/repository/org/codehaus/jackson/jackson-xc/1.9.13/jackson-xc-1.9.13.jar:/home/user/.m2/repository/com/sun/jersey/jersey-server/1.19/jersey-server-1.19.jar:/home/user/.m2/repository/commons-logging/commons-logging/1.1.3/commons-logging-1.1.3.jar:/home/user/.m2/repository/log4j/log4j/1.2.17/log4j-1.2.17.jar:/home/user/.m2/repository/commons-beanutils/commons-beanutils/1.9.4/commons-beanutils-1.9.4.jar:/home/user/.m2/repository/org/apache/commons/commons-configuration2/2.1.1/commons-configuration2-2.1.1.jar:/home/user/.m2/repository/org/apache/commons/commons-lang3/3.7/commons-lang3-3.7.jar:/home/user/.m2/repository/org/apache/commons/commons-text/1.4/commons-text-1.4.jar:/home/user/.m2/repository/org/slf4j/slf4j-api/1.7.25/slf4j-api-1.7.25.jar:/home/user/.m2/repository/org/slf4j/slf4j-log4j12/1.7.25/slf4j-log4j12-1.7.25.jar:/home/user/.m2/repository/org/apache/avro/avro/1.7.7/avro-1.7.7.jar:/home/user/.m2/repository/com/thoughtworks/paranamer/paranamer/2.3/paranamer-2.3.jar:/home/user/.m2/repository/org/xerial/snappy/snappy-java/1.0.5/snappy-java-1.0.5.jar:/home/user/.m2/repository/com/google/re2j/re2j/1.1/re2j-1.1.jar:/home/user/.m2/repository/com/google/code/gson/gson/2.2.4/gson-2.2.4.jar:/home/user/.m2/repository/org/apache/hadoop/hadoop-auth/3.2.0/hadoop-auth-3.2.0.jar:/home/user/.m2/repository/com/nimbusds/nimbus-jose-jwt/4.41.1/nimbus-jose-jwt-4.41.1.jar:/home/user/.m2/repository/com/github/stephenc/jcip/jcip-annotations/1.0-1/jcip-annotations-1.0-1.jar:/home/user/.m2/repository/net/minidev/json-smart/2.3/json-smart-2.3.jar:/home/user/.m2/repository/net/minidev/accessors-smart/1.2/accessors-smart-1.2.jar:/home/user/.m2/repository/org/apache/curator/curator-framework/2.12.0/curator-framework-2.12.0.jar:/home/user/.m2/repository/com/jcraft/jsch/0.1.54/jsch-0.1.54.jar:/home/user/.m2/repository/org/apache/curator/curator-client/2.12.0/curator-client-2.12.0.jar:/home/user/.m2/repository/org/apache/curator/curator-recipes/2.12.0/curator-recipes-2.12.0.jar:/home/user/.m2/repository/com/google/code/findbugs/jsr305/3.0.0/jsr305-3.0.0.jar:/home/user/.m2/repository/org/apache/htrace/htrace-core4/4.1.0-incubating/htrace-core4-4.1.0-incubating.jar:/home/user/.m2/repository/org/apache/zookeeper/zookeeper/3.4.13/zookeeper-3.4.13.jar:/home/user/.m2/repository/jline/jline/0.9.94/jline-0.9.94.jar:/home/user/.m2/repository/org/apache/yetus/audience-annotations/0.5.0/audience-annotations-0.5.0.jar:/home/user/.m2/repository/org/apache/kerby/kerb-simplekdc/1.0.1/kerb-simplekdc-1.0.1.jar:/home/user/.m2/repository/org/apache/kerby/kerb-client/1.0.1/kerb-client-1.0.1.jar:/home/user/.m2/repository/org/apache/kerby/kerby-config/1.0.1/kerby-config-1.0.1.jar:/home/user/.m2/repository/org/apache/kerby/kerb-core/1.0.1/kerb-core-1.0.1.jar:/home/user/.m2/repository/org/apache/kerby/kerby-pkix/1.0.1/kerby-pkix-1.0.1.jar:/home/user/.m2/repository/org/apache/kerby/kerby-asn1/1.0.1/kerby-asn1-1.0.1.jar:/home/user/.m2/repository/org/apache/kerby/kerby-util/1.0.1/kerby-util-1.0.1.jar:/home/user/.m2/repository/org/apache/kerby/kerb-common/1.0.1/kerb-common-1.0.1.jar:/home/user/.m2/repository/org/apache/kerby/kerb-crypto/1.0.1/kerb-crypto-1.0.1.jar:/home/user/.m2/repository/org/apache/kerby/kerb-util/1.0.1/kerb-util-1.0.1.jar:/home/user/.m2/repository/org/apache/kerby/token-provider/1.0.1/token-provider-1.0.1.jar:/home/user/.m2/repository/org/apache/kerby/kerb-admin/1.0.1/kerb-admin-1.0.1.jar:/home/user/.m2/repository/org/apache/kerby/kerb-server/1.0.1/kerb-server-1.0.1.jar:/home/user/.m2/repository/org/apache/kerby/kerb-identity/1.0.1/kerb-identity-1.0.1.jar:/home/user/.m2/repository/org/apache/kerby/kerby-xdr/1.0.1/kerby-xdr-1.0.1.jar:/home/user/.m2/repository/com/fasterxml/jackson/core/jackson-databind/2.9.9/jackson-databind-2.9.9.jar:/home/user/.m2/repository/com/fasterxml/jackson/core/jackson-core/2.9.9/jackson-core-2.9.9.jar:/home/user/.m2/repository/org/codehaus/woodstox/stax2-api/3.1.4/stax2-api-3.1.4.jar:/home/user/.m2/repository/com/fasterxml/woodstox/woodstox-core/5.0.3/woodstox-core-5.0.3.jar:/home/user/.m2/repository/dnsjava/dnsjava/2.1.7/dnsjava-2.1.7.jar:/home/user/.m2/repository/org/apache/hadoop/hadoop-hdfs/3.2.0/hadoop-hdfs-3.2.0.jar:/home/user/.m2/repository/org/eclipse/jetty/jetty-util-ajax/9.3.25.v20180904/jetty-util-ajax-9.3.25.v20180904.jar:/home/user/.m2/repository/commons-daemon/commons-daemon/1.0.13/commons-daemon-1.0.13.jar:/home/user/.m2/repository/io/netty/netty/3.10.5.Final/netty-3.10.5.Final.jar:/home/user/.m2/repository/io/netty/netty-all/4.0.52.Final/netty-all-4.0.52.Final.jar:/home/user/.m2/repository/org/fusesource/leveldbjni/leveldbjni-all/1.8/leveldbjni-all-1.8.jar:/home/user/.m2/repository/com/sun/xml/bind/jaxb-core/2.3.0.1/jaxb-core-2.3.0.1.jar:/home/user/.m2/repository/javax/xml/bind/jaxb-api/2.3.0/jaxb-api-2.3.0.jar:/home/user/.m2/repository/javax/activation/activation/1.1.1/activation-1.1.1.jar:/home/user/.m2/repository/org/openjdk/jmh/jmh-core/1.19/jmh-core-1.19.jar:/home/user/.m2/repository/net/sf/jopt-simple/jopt-simple/4.6/jopt-simple-4.6.jar:/home/user/.m2/repository/org/openjdk/jmh/jmh-generator-annprocess/1.19/jmh-generator-annprocess-1.19.jar:/home/user/.m2/repository/io/dropwizard/metrics/metrics-core/3.2.4/metrics-core-3.2.4.jar:/home/user/.m2/repository/com/amazonaws/aws-java-sdk-s3/1.11.615/aws-java-sdk-s3-1.11.615.jar:/home/user/.m2/repository/com/amazonaws/aws-java-sdk-kms/1.11.615/aws-java-sdk-kms-1.11.615.jar:/home/user/.m2/repository/com/amazonaws/aws-java-sdk-core/1.11.615/aws-java-sdk-core-1.11.615.jar:/home/user/.m2/repository/software/amazon/ion/ion-java/1.0.2/ion-java-1.0.2.jar:/home/user/.m2/repository/com/fasterxml/jackson/dataformat/jackson-dataformat-cbor/2.9.9/jackson-dataformat-cbor-2.9.9.jar:/home/user/.m2/repository/joda-time/joda-time/2.9.9/joda-time-2.9.9.jar:/home/user/.m2/repository/com/amazonaws/jmespath-java/1.11.615/jmespath-java-1.11.615.jar:/home/user/.m2/repository/com/github/spotbugs/spotbugs/3.1.12/spotbugs-3.1.12.jar:/home/user/.m2/repository/org/ow2/asm/asm/5.0.4/asm-5.0.4.jar:/home/user/.m2/repository/org/ow2/asm/asm-analysis/7.0/asm-analysis-7.0.jar:/home/user/.m2/repository/org/ow2/asm/asm-commons/7.0/asm-commons-7.0.jar:/home/user/.m2/repository/org/ow2/asm/asm-tree/7.0/asm-tree-7.0.jar:/home/user/.m2/repository/org/ow2/asm/asm-util/7.0/asm-util-7.0.jar:/home/user/.m2/repository/org/apache/bcel/bcel/6.3/bcel-6.3.jar:/home/user/.m2/repository/net/jcip/jcip-annotations/1.0/jcip-annotations-1.0.jar:/home/user/.m2/repository/org/dom4j/dom4j/2.1.1/dom4j-2.1.1.jar:/home/user/.m2/repository/jaxen/jaxen/1.1.6/jaxen-1.1.6.jar:/home/user/.m2/repository/commons-lang/commons-lang/2.6/commons-lang-2.6.jar:/home/user/.m2/repository/com/github/spotbugs/spotbugs-annotations/3.1.12/spotbugs-annotations-3.1.12.jar:/home/user/.m2/repository/junit/junit/4.11/junit-4.11.jar:/home/user/.m2/repository/org/hamcrest/hamcrest-core/1.3/hamcrest-core-1.3.jar:/home/user/.m2/repository/org/apache/hadoop/hadoop-common/3.2.0/hadoop-common-3.2.0-tests.jar:/workdir/hadoop-ozone/integration-test/target/test-classes:/home/user/.m2/repository/org/apache/hadoop/hadoop-ozone-s3gateway/0.5.0-SNAPSHOT/hadoop-ozone-s3gateway-0.5.0-SNAPSHOT.jar:/home/user/.m2/repository/org/jboss/weld/servlet/weld-servlet/2.4.7.Final/weld-servlet-2.4.7.Final.jar:/home/user/.m2/repository/org/glassfish/jersey/containers/jersey-container-servlet-core/2.27/jersey-container-servlet-core-2.27.jar:/home/user/.m2/repository/org/glassfish/hk2/external/javax.inject/2.5.0-b42/javax.inject-2.5.0-b42.jar:/home/user/.m2/repository/org/glassfish/jersey/core/jersey-common/2.27/jersey-common-2.27.jar:/home/user/.m2/repository/org/glassfish/hk2/osgi-resource-locator/1.0.1/osgi-resource-locator-1.0.1.jar:/home/user/.m2/repository/javax/ws/rs/javax.ws.rs-api/2.1/javax.ws.rs-api-2.1.jar:/home/user/.m2/repository/org/glassfish/jersey/ext/cdi/jersey-cdi1x/2.27/jersey-cdi1x-2.27.jar:/home/user/.m2/repository/org/glassfish/jersey/inject/jersey-hk2/2.27/jersey-hk2-2.27.jar:/home/user/.m2/repository/org/glassfish/hk2/hk2-locator/2.5.0-b42/hk2-locator-2.5.0-b42.jar:/home/user/.m2/repository/org/javassist/javassist/3.22.0-CR2/javassist-3.22.0-CR2.jar:/home/user/.m2/repository/org/glassfish/hk2/hk2-api/2.5.0/hk2-api-2.5.0.jar:/home/user/.m2/repository/org/glassfish/hk2/external/jakarta.inject/2.5.0/jakarta.inject-2.5.0.jar:/home/user/.m2/repository/org/glassfish/hk2/hk2-utils/2.5.0/hk2-utils-2.5.0.jar:/home/user/.m2/repository/jakarta/annotation/jakarta.annotation-api/1.3.4/jakarta.annotation-api-1.3.4.jar:/home/user/.m2/repository/org/glassfish/hk2/external/aopalliance-repackaged/2.5.0/aopalliance-repackaged-2.5.0.jar:/home/user/.m2/repository/com/fasterxml/jackson/dataformat/jackson-dataformat-xml/2.9.0/jackson-dataformat-xml-2.9.0.jar:/home/user/.m2/repository/com/fasterxml/jackson/module/jackson-module-jaxb-annotations/2.9.9/jackson-module-jaxb-annotations-2.9.9.jar:/home/user/.m2/repository/javax/enterprise/cdi-api/1.2/cdi-api-1.2.jar:/home/user/.m2/repository/javax/el/javax.el-api/3.0.0/javax.el-api-3.0.0.jar:/home/user/.m2/repository/javax/interceptor/javax.interceptor-api/1.2/javax.interceptor-api-1.2.jar:/home/user/.m2/repository/javax/inject/javax.inject/1/javax.inject-1.jar:/home/user/.m2/repository/org/apache/hadoop/hadoop-ozone-csi/0.5.0-SNAPSHOT/hadoop-ozone-csi-0.5.0-SNAPSHOT.jar:/home/user/.m2/repository/com/google/protobuf/protobuf-java-util/3.5.1/protobuf-java-util-3.5.1.jar:/home/user/.m2/repository/io/grpc/grpc-netty/1.17.1/grpc-netty-1.17.1.jar:/home/user/.m2/repository/io/grpc/grpc-core/1.17.1/grpc-core-1.17.1.jar:/home/user/.m2/repository/io/grpc/grpc-context/1.17.1/grpc-context-1.17.1.jar:/home/user/.m2/repository/com/google/errorprone/error_prone_annotations/2.2.0/error_prone_annotations-2.2.0.jar:/home/user/.m2/repository/org/codehaus/mojo/animal-sniffer-annotations/1.17/animal-sniffer-annotations-1.17.jar:/home/user/.m2/repository/io/opencensus/opencensus-api/0.17.0/opencensus-api-0.17.0.jar:/home/user/.m2/repository/io/opencensus/opencensus-contrib-grpc-metrics/0.17.0/opencensus-contrib-grpc-metrics-0.17.0.jar:/home/user/.m2/repository/io/netty/netty-codec-http2/4.1.30.Final/netty-codec-http2-4.1.30.Final.jar:/home/user/.m2/repository/io/netty/netty-codec-http/4.1.30.Final/netty-codec-http-4.1.30.Final.jar:/home/user/.m2/repository/io/netty/netty-codec/4.1.30.Final/netty-codec-4.1.30.Final.jar:/home/user/.m2/repository/io/netty/netty-handler/4.1.30.Final/netty-handler-4.1.30.Final.jar:/home/user/.m2/repository/io/netty/netty-handler-proxy/4.1.30.Final/netty-handler-proxy-4.1.30.Final.jar:/home/user/.m2/repository/io/netty/netty-codec-socks/4.1.30.Final/netty-codec-socks-4.1.30.Final.jar:/home/user/.m2/repository/io/netty/netty-transport-native-epoll/4.1.30.Final/netty-transport-native-epoll-4.1.30.Final.jar:/home/user/.m2/repository/io/netty/netty-common/4.1.30.Final/netty-common-4.1.30.Final.jar:/home/user/.m2/repository/io/netty/netty-buffer/4.1.30.Final/netty-buffer-4.1.30.Final.jar:/home/user/.m2/repository/io/netty/netty-transport/4.1.30.Final/netty-transport-4.1.30.Final.jar:/home/user/.m2/repository/io/netty/netty-resolver/4.1.30.Final/netty-resolver-4.1.30.Final.jar:/home/user/.m2/repository/io/netty/netty-transport-native-unix-common/4.1.30.Final/netty-transport-native-unix-common-4.1.30.Final.jar:/home/user/.m2/repository/io/grpc/grpc-protobuf/1.17.1/grpc-protobuf-1.17.1.jar:/home/user/.m2/repository/com/google/api/grpc/proto-google-common-protos/1.0.0/proto-google-common-protos-1.0.0.jar:/home/user/.m2/repository/io/grpc/grpc-protobuf-lite/1.17.1/grpc-protobuf-lite-1.17.1.jar:/home/user/.m2/repository/io/grpc/grpc-stub/1.17.1/grpc-stub-1.17.1.jar:/home/user/.m2/repository/org/apache/hadoop/hadoop-ozone-recon/0.5.0-SNAPSHOT/hadoop-ozone-recon-0.5.0-SNAPSHOT.jar:/home/user/.m2/repository/org/apache/hadoop/hadoop-ozone-reconcodegen/0.5.0-SNAPSHOT/hadoop-ozone-reconcodegen-0.5.0-SNAPSHOT.jar:/home/user/.m2/repository/com/google/inject/extensions/guice-multibindings/4.0/guice-multibindings-4.0.jar:/home/user/.m2/repository/com/google/inject/guice/4.0/guice-4.0.jar:/home/user/.m2/repository/aopalliance/aopalliance/1.0/aopalliance-1.0.jar:/home/user/.m2/repository/com/google/inject/extensions/guice-servlet/4.0/guice-servlet-4.0.jar:/home/user/.m2/repository/org/glassfish/jersey/containers/jersey-container-servlet/2.27/jersey-container-servlet-2.27.jar:/home/user/.m2/repository/org/glassfish/hk2/guice-bridge/2.5.0/guice-bridge-2.5.0.jar:/home/user/.m2/repository/org/glassfish/jersey/core/jersey-server/2.27/jersey-server-2.27.jar:/home/user/.m2/repository/org/glassfish/jersey/core/jersey-client/2.27/jersey-client-2.27.jar:/home/user/.m2/repository/org/glassfish/jersey/media/jersey-media-jaxb/2.27/jersey-media-jaxb-2.27.jar:/home/user/.m2/repository/javax/validation/validation-api/1.1.0.Final/validation-api-1.1.0.Final.jar:/home/user/.m2/repository/org/glassfish/jersey/media/jersey-media-json-jackson/2.27/jersey-media-json-jackson-2.27.jar:/home/user/.m2/repository/org/glassfish/jersey/ext/jersey-entity-filtering/2.27/jersey-entity-filtering-2.27.jar:/home/user/.m2/repository/com/google/inject/extensions/guice-assistedinject/4.0/guice-assistedinject-4.0.jar:/home/user/.m2/repository/org/jooq/jooq/3.11.10/jooq-3.11.10.jar:/home/user/.m2/repository/org/jooq/jooq-meta/3.11.10/jooq-meta-3.11.10.jar:/home/user/.m2/repository/org/jooq/jooq-codegen/3.11.10/jooq-codegen-3.11.10.jar:/home/user/.m2/repository/com/jolbox/bonecp/0.8.0.RELEASE/bonecp-0.8.0.RELEASE.jar:/home/user/.m2/repository/org/springframework/spring-jdbc/5.1.3.RELEASE/spring-jdbc-5.1.3.RELEASE.jar:/home/user/.m2/repository/org/springframework/spring-beans/5.1.3.RELEASE/spring-beans-5.1.3.RELEASE.jar:/home/user/.m2/repository/org/springframework/spring-core/5.1.3.RELEASE/spring-core-5.1.3.RELEASE.jar:/home/user/.m2/repository/org/springframework/spring-jcl/5.1.3.RELEASE/spring-jcl-5.1.3.RELEASE.jar:/home/user/.m2/repository/org/springframework/spring-tx/5.1.3.RELEASE/spring-tx-5.1.3.RELEASE.jar:/home/user/.m2/repository/org/mockito/mockito-core/2.15.0/mockito-core-2.15.0.jar:/home/user/.m2/repository/net/bytebuddy/byte-buddy/1.7.9/byte-buddy-1.7.9.jar:/home/user/.m2/repository/net/bytebuddy/byte-buddy-agent/1.7.9/byte-buddy-agent-1.7.9.jar:/home/user/.m2/repository/org/objenesis/objenesis/1.0/objenesis-1.0.jar:"/>
    <property name="java.vm.vendor" value="Oracle Corporation"/>
    <property name="sun.arch.data.model" value="64"/>
    <property name="test.build.dir" value="/workdir/hadoop-ozone/tools/target/test-dir"/>
    <property name="test.cache.data" value=""/>
    <property name="java.vendor.url" value="http://java.oracle.com/"/>
    <property name="user.timezone" value=""/>
    <property name="java.vm.specification.version" value="1.8"/>
    <property name="os.name" value="Linux"/>
    <property name="test.build.data" value="/workdir/hadoop-ozone/tools/target/test-dir"/>
    <property name="user.country" value="US"/>
    <property name="sun.java.launcher" value="SUN_STANDARD"/>
    <property name="sun.boot.library.path" value="/usr/lib/jvm/java-1.8.0-openjdk-1.8.0.222.b10-1.el7_7.x86_64/jre/lib/amd64"/>
    <property name="sun.java.command" value="/workdir/hadoop-ozone/tools/target/surefire/surefirebooter8851873084223797648.jar /workdir/hadoop-ozone/tools/target/surefire 2019-11-18T22-48-09_109-jvmRun1 surefire428419358766293032tmp surefire_1025732285359337884080tmp"/>
    <property name="surefire.test.class.path" value="/workdir/hadoop-ozone/tools/target/test-classes:/workdir/hadoop-ozone/tools/target/classes:/home/user/.m2/repository/org/apache/hadoop/hadoop-ozone-ozone-manager/0.5.0-SNAPSHOT/hadoop-ozone-ozone-manager-0.5.0-SNAPSHOT.jar:/home/user/.m2/repository/org/apache/hadoop/hadoop-hdds-docs/0.5.0-SNAPSHOT/hadoop-hdds-docs-0.5.0-SNAPSHOT.jar:/home/user/.m2/repository/org/bouncycastle/bcprov-jdk15on/1.60/bcprov-jdk15on-1.60.jar:/home/user/.m2/repository/org/apache/hadoop/hadoop-ozone-common/0.5.0-SNAPSHOT/hadoop-ozone-common-0.5.0-SNAPSHOT.jar:/home/user/.m2/repository/org/apache/commons/commons-compress/1.4.1/commons-compress-1.4.1.jar:/home/user/.m2/repository/org/tukaani/xz/1.0/xz-1.0.jar:/home/user/.m2/repository/org/apache/hadoop/hadoop-hdfs-client/3.2.0/hadoop-hdfs-client-3.2.0.jar:/home/user/.m2/repository/com/fasterxml/jackson/core/jackson-annotations/2.9.9/jackson-annotations-2.9.9.jar:/home/user/.m2/repository/org/apache/hadoop/hadoop-hdds-common/0.5.0-SNAPSHOT/hadoop-hdds-common-0.5.0-SNAPSHOT.jar:/home/user/.m2/repository/org/apache/hadoop/hadoop-hdds-config/0.5.0-SNAPSHOT/hadoop-hdds-config-0.5.0-SNAPSHOT.jar:/home/user/.m2/repository/javax/annotation/javax.annotation-api/1.2/javax.annotation-api-1.2.jar:/home/user/.m2/repository/org/apache/ratis/ratis-server/0.5.0-d6d58d0-SNAPSHOT/ratis-server-0.5.0-d6d58d0-SNAPSHOT.jar:/home/user/.m2/repository/org/apache/ratis/ratis-thirdparty-misc/0.2.0/ratis-thirdparty-misc-0.2.0.jar:/home/user/.m2/repository/org/apache/ratis/ratis-proto/0.5.0-d6d58d0-SNAPSHOT/ratis-proto-0.5.0-d6d58d0-SNAPSHOT.jar:/home/user/.m2/repository/org/apache/ratis/ratis-common/0.5.0-d6d58d0-SNAPSHOT/ratis-common-0.5.0-d6d58d0-SNAPSHOT.jar:/home/user/.m2/repository/org/apache/ratis/ratis-client/0.5.0-d6d58d0-SNAPSHOT/ratis-client-0.5.0-d6d58d0-SNAPSHOT.jar:/home/user/.m2/repository/org/apache/ratis/ratis-metrics/0.5.0-d6d58d0-SNAPSHOT/ratis-metrics-0.5.0-d6d58d0-SNAPSHOT.jar:/home/user/.m2/repository/org/apache/ratis/ratis-netty/0.5.0-d6d58d0-SNAPSHOT/ratis-netty-0.5.0-d6d58d0-SNAPSHOT.jar:/home/user/.m2/repository/org/apache/ratis/ratis-grpc/0.5.0-d6d58d0-SNAPSHOT/ratis-grpc-0.5.0-d6d58d0-SNAPSHOT.jar:/home/user/.m2/repository/org/rocksdb/rocksdbjni/6.0.1/rocksdbjni-6.0.1.jar:/home/user/.m2/repository/org/apache/logging/log4j/log4j-api/2.11.0/log4j-api-2.11.0.jar:/home/user/.m2/repository/org/apache/logging/log4j/log4j-core/2.11.0/log4j-core-2.11.0.jar:/home/user/.m2/repository/com/lmax/disruptor/3.4.2/disruptor-3.4.2.jar:/home/user/.m2/repository/org/apache/commons/commons-pool2/2.6.0/commons-pool2-2.6.0.jar:/home/user/.m2/repository/org/bouncycastle/bcpkix-jdk15on/1.60/bcpkix-jdk15on-1.60.jar:/home/user/.m2/repository/commons-validator/commons-validator/1.6/commons-validator-1.6.jar:/home/user/.m2/repository/commons-digester/commons-digester/1.8.1/commons-digester-1.8.1.jar:/home/user/.m2/repository/io/jaegertracing/jaeger-client/0.34.0/jaeger-client-0.34.0.jar:/home/user/.m2/repository/io/jaegertracing/jaeger-thrift/0.34.0/jaeger-thrift-0.34.0.jar:/home/user/.m2/repository/org/apache/thrift/libthrift/0.12.0/libthrift-0.12.0.jar:/home/user/.m2/repository/com/squareup/okhttp3/okhttp/3.9.0/okhttp-3.9.0.jar:/home/user/.m2/repository/com/squareup/okio/okio/1.13.0/okio-1.13.0.jar:/home/user/.m2/repository/io/jaegertracing/jaeger-core/0.34.0/jaeger-core-0.34.0.jar:/home/user/.m2/repository/io/jaegertracing/jaeger-tracerresolver/0.34.0/jaeger-tracerresolver-0.34.0.jar:/home/user/.m2/repository/io/opentracing/contrib/opentracing-tracerresolver/0.1.5/opentracing-tracerresolver-0.1.5.jar:/home/user/.m2/repository/io/opentracing/opentracing-util/0.31.0/opentracing-util-0.31.0.jar:/home/user/.m2/repository/io/opentracing/opentracing-api/0.31.0/opentracing-api-0.31.0.jar:/home/user/.m2/repository/io/opentracing/opentracing-noop/0.31.0/opentracing-noop-0.31.0.jar:/home/user/.m2/repository/org/yaml/snakeyaml/1.16/snakeyaml-1.16.jar:/home/user/.m2/repository/org/apache/hadoop/hadoop-hdds-container-service/0.5.0-SNAPSHOT/hadoop-hdds-container-service-0.5.0-SNAPSHOT.jar:/home/user/.m2/repository/org/apache/hadoop/hadoop-hdds-client/0.5.0-SNAPSHOT/hadoop-hdds-client-0.5.0-SNAPSHOT.jar:/home/user/.m2/repository/org/apache/hadoop/hadoop-hdds-tools/0.5.0-SNAPSHOT/hadoop-hdds-tools-0.5.0-SNAPSHOT.jar:/home/user/.m2/repository/org/xerial/sqlite-jdbc/3.25.2/sqlite-jdbc-3.25.2.jar:/home/user/.m2/repository/org/apache/hadoop/hadoop-hdds-server-scm/0.5.0-SNAPSHOT/hadoop-hdds-server-scm-0.5.0-SNAPSHOT.jar:/home/user/.m2/repository/org/hamcrest/hamcrest-all/1.3/hamcrest-all-1.3.jar:/home/user/.m2/repository/info/picocli/picocli/3.9.6/picocli-3.9.6.jar:/home/user/.m2/repository/com/google/protobuf/protobuf-java/2.5.0/protobuf-java-2.5.0.jar:/home/user/.m2/repository/com/google/guava/guava/11.0.2/guava-11.0.2.jar:/home/user/.m2/repository/org/apache/hadoop/hadoop-ozone-client/0.5.0-SNAPSHOT/hadoop-ozone-client-0.5.0-SNAPSHOT.jar:/workdir/hadoop-ozone/ozonefs/target/classes:/home/user/.m2/repository/org/apache/httpcomponents/httpclient/4.5.2/httpclient-4.5.2.jar:/home/user/.m2/repository/org/apache/httpcomponents/httpcore/4.4.4/httpcore-4.4.4.jar:/home/user/.m2/repository/org/apache/hadoop/hadoop-hdds-server-framework/0.5.0-SNAPSHOT/hadoop-hdds-server-framework-0.5.0-SNAPSHOT.jar:/home/user/.m2/repository/org/apache/hadoop/hadoop-common/3.2.0/hadoop-common-3.2.0.jar:/home/user/.m2/repository/org/apache/hadoop/hadoop-annotations/3.2.0/hadoop-annotations-3.2.0.jar:/usr/lib/jvm/java-1.8.0-openjdk-1.8.0.222.b10-1.el7_7.x86_64/jre/../lib/tools.jar:/home/user/.m2/repository/commons-cli/commons-cli/1.2/commons-cli-1.2.jar:/home/user/.m2/repository/org/apache/commons/commons-math3/3.1.1/commons-math3-3.1.1.jar:/home/user/.m2/repository/commons-codec/commons-codec/1.11/commons-codec-1.11.jar:/home/user/.m2/repository/commons-io/commons-io/2.5/commons-io-2.5.jar:/home/user/.m2/repository/commons-net/commons-net/3.6/commons-net-3.6.jar:/home/user/.m2/repository/commons-collections/commons-collections/3.2.2/commons-collections-3.2.2.jar:/home/user/.m2/repository/javax/servlet/javax.servlet-api/3.1.0/javax.servlet-api-3.1.0.jar:/home/user/.m2/repository/org/eclipse/jetty/jetty-server/9.3.25.v20180904/jetty-server-9.3.25.v20180904.jar:/home/user/.m2/repository/org/eclipse/jetty/jetty-http/9.3.25.v20180904/jetty-http-9.3.25.v20180904.jar:/home/user/.m2/repository/org/eclipse/jetty/jetty-io/9.3.25.v20180904/jetty-io-9.3.25.v20180904.jar:/home/user/.m2/repository/org/eclipse/jetty/jetty-util/9.3.25.v20180904/jetty-util-9.3.25.v20180904.jar:/home/user/.m2/repository/org/eclipse/jetty/jetty-servlet/9.3.25.v20180904/jetty-servlet-9.3.25.v20180904.jar:/home/user/.m2/repository/org/eclipse/jetty/jetty-security/9.3.25.v20180904/jetty-security-9.3.25.v20180904.jar:/home/user/.m2/repository/org/eclipse/jetty/jetty-webapp/9.3.25.v20180904/jetty-webapp-9.3.25.v20180904.jar:/home/user/.m2/repository/org/eclipse/jetty/jetty-xml/9.3.25.v20180904/jetty-xml-9.3.25.v20180904.jar:/home/user/.m2/repository/javax/servlet/jsp/jsp-api/2.1/jsp-api-2.1.jar:/home/user/.m2/repository/com/sun/jersey/jersey-core/1.19/jersey-core-1.19.jar:/home/user/.m2/repository/javax/ws/rs/jsr311-api/1.1.1/jsr311-api-1.1.1.jar:/home/user/.m2/repository/com/sun/jersey/jersey-servlet/1.19/jersey-servlet-1.19.jar:/home/user/.m2/repository/com/sun/jersey/jersey-json/1.19/jersey-json-1.19.jar:/home/user/.m2/repository/org/codehaus/jettison/jettison/1.1/jettison-1.1.jar:/home/user/.m2/repository/com/sun/xml/bind/jaxb-impl/2.3.0.1/jaxb-impl-2.3.0.1.jar:/home/user/.m2/repository/org/codehaus/jackson/jackson-core-asl/1.9.13/jackson-core-asl-1.9.13.jar:/home/user/.m2/repository/org/codehaus/jackson/jackson-mapper-asl/1.9.13/jackson-mapper-asl-1.9.13.jar:/home/user/.m2/repository/org/codehaus/jackson/jackson-jaxrs/1.9.13/jackson-jaxrs-1.9.13.jar:/home/user/.m2/repository/org/codehaus/jackson/jackson-xc/1.9.13/jackson-xc-1.9.13.jar:/home/user/.m2/repository/com/sun/jersey/jersey-server/1.19/jersey-server-1.19.jar:/home/user/.m2/repository/commons-logging/commons-logging/1.1.3/commons-logging-1.1.3.jar:/home/user/.m2/repository/log4j/log4j/1.2.17/log4j-1.2.17.jar:/home/user/.m2/repository/commons-beanutils/commons-beanutils/1.9.4/commons-beanutils-1.9.4.jar:/home/user/.m2/repository/org/apache/commons/commons-configuration2/2.1.1/commons-configuration2-2.1.1.jar:/home/user/.m2/repository/org/apache/commons/commons-lang3/3.7/commons-lang3-3.7.jar:/home/user/.m2/repository/org/apache/commons/commons-text/1.4/commons-text-1.4.jar:/home/user/.m2/repository/org/slf4j/slf4j-api/1.7.25/slf4j-api-1.7.25.jar:/home/user/.m2/repository/org/slf4j/slf4j-log4j12/1.7.25/slf4j-log4j12-1.7.25.jar:/home/user/.m2/repository/org/apache/avro/avro/1.7.7/avro-1.7.7.jar:/home/user/.m2/repository/com/thoughtworks/paranamer/paranamer/2.3/paranamer-2.3.jar:/home/user/.m2/repository/org/xerial/snappy/snappy-java/1.0.5/snappy-java-1.0.5.jar:/home/user/.m2/repository/com/google/re2j/re2j/1.1/re2j-1.1.jar:/home/user/.m2/repository/com/google/code/gson/gson/2.2.4/gson-2.2.4.jar:/home/user/.m2/repository/org/apache/hadoop/hadoop-auth/3.2.0/hadoop-auth-3.2.0.jar:/home/user/.m2/repository/com/nimbusds/nimbus-jose-jwt/4.41.1/nimbus-jose-jwt-4.41.1.jar:/home/user/.m2/repository/com/github/stephenc/jcip/jcip-annotations/1.0-1/jcip-annotations-1.0-1.jar:/home/user/.m2/repository/net/minidev/json-smart/2.3/json-smart-2.3.jar:/home/user/.m2/repository/net/minidev/accessors-smart/1.2/accessors-smart-1.2.jar:/home/user/.m2/repository/org/apache/curator/curator-framework/2.12.0/curator-framework-2.12.0.jar:/home/user/.m2/repository/com/jcraft/jsch/0.1.54/jsch-0.1.54.jar:/home/user/.m2/repository/org/apache/curator/curator-client/2.12.0/curator-client-2.12.0.jar:/home/user/.m2/repository/org/apache/curator/curator-recipes/2.12.0/curator-recipes-2.12.0.jar:/home/user/.m2/repository/com/google/code/findbugs/jsr305/3.0.0/jsr305-3.0.0.jar:/home/user/.m2/repository/org/apache/htrace/htrace-core4/4.1.0-incubating/htrace-core4-4.1.0-incubating.jar:/home/user/.m2/repository/org/apache/zookeeper/zookeeper/3.4.13/zookeeper-3.4.13.jar:/home/user/.m2/repository/jline/jline/0.9.94/jline-0.9.94.jar:/home/user/.m2/repository/org/apache/yetus/audience-annotations/0.5.0/audience-annotations-0.5.0.jar:/home/user/.m2/repository/org/apache/kerby/kerb-simplekdc/1.0.1/kerb-simplekdc-1.0.1.jar:/home/user/.m2/repository/org/apache/kerby/kerb-client/1.0.1/kerb-client-1.0.1.jar:/home/user/.m2/repository/org/apache/kerby/kerby-config/1.0.1/kerby-config-1.0.1.jar:/home/user/.m2/repository/org/apache/kerby/kerb-core/1.0.1/kerb-core-1.0.1.jar:/home/user/.m2/repository/org/apache/kerby/kerby-pkix/1.0.1/kerby-pkix-1.0.1.jar:/home/user/.m2/repository/org/apache/kerby/kerby-asn1/1.0.1/kerby-asn1-1.0.1.jar:/home/user/.m2/repository/org/apache/kerby/kerby-util/1.0.1/kerby-util-1.0.1.jar:/home/user/.m2/repository/org/apache/kerby/kerb-common/1.0.1/kerb-common-1.0.1.jar:/home/user/.m2/repository/org/apache/kerby/kerb-crypto/1.0.1/kerb-crypto-1.0.1.jar:/home/user/.m2/repository/org/apache/kerby/kerb-util/1.0.1/kerb-util-1.0.1.jar:/home/user/.m2/repository/org/apache/kerby/token-provider/1.0.1/token-provider-1.0.1.jar:/home/user/.m2/repository/org/apache/kerby/kerb-admin/1.0.1/kerb-admin-1.0.1.jar:/home/user/.m2/repository/org/apache/kerby/kerb-server/1.0.1/kerb-server-1.0.1.jar:/home/user/.m2/repository/org/apache/kerby/kerb-identity/1.0.1/kerb-identity-1.0.1.jar:/home/user/.m2/repository/org/apache/kerby/kerby-xdr/1.0.1/kerby-xdr-1.0.1.jar:/home/user/.m2/repository/com/fasterxml/jackson/core/jackson-databind/2.9.9/jackson-databind-2.9.9.jar:/home/user/.m2/repository/com/fasterxml/jackson/core/jackson-core/2.9.9/jackson-core-2.9.9.jar:/home/user/.m2/repository/org/codehaus/woodstox/stax2-api/3.1.4/stax2-api-3.1.4.jar:/home/user/.m2/repository/com/fasterxml/woodstox/woodstox-core/5.0.3/woodstox-core-5.0.3.jar:/home/user/.m2/repository/dnsjava/dnsjava/2.1.7/dnsjava-2.1.7.jar:/home/user/.m2/repository/org/apache/hadoop/hadoop-hdfs/3.2.0/hadoop-hdfs-3.2.0.jar:/home/user/.m2/repository/org/eclipse/jetty/jetty-util-ajax/9.3.25.v20180904/jetty-util-ajax-9.3.25.v20180904.jar:/home/user/.m2/repository/commons-daemon/commons-daemon/1.0.13/commons-daemon-1.0.13.jar:/home/user/.m2/repository/io/netty/netty/3.10.5.Final/netty-3.10.5.Final.jar:/home/user/.m2/repository/io/netty/netty-all/4.0.52.Final/netty-all-4.0.52.Final.jar:/home/user/.m2/repository/org/fusesource/leveldbjni/leveldbjni-all/1.8/leveldbjni-all-1.8.jar:/home/user/.m2/repository/com/sun/xml/bind/jaxb-core/2.3.0.1/jaxb-core-2.3.0.1.jar:/home/user/.m2/repository/javax/xml/bind/jaxb-api/2.3.0/jaxb-api-2.3.0.jar:/home/user/.m2/repository/javax/activation/activation/1.1.1/activation-1.1.1.jar:/home/user/.m2/repository/org/openjdk/jmh/jmh-core/1.19/jmh-core-1.19.jar:/home/user/.m2/repository/net/sf/jopt-simple/jopt-simple/4.6/jopt-simple-4.6.jar:/home/user/.m2/repository/org/openjdk/jmh/jmh-generator-annprocess/1.19/jmh-generator-annprocess-1.19.jar:/home/user/.m2/repository/io/dropwizard/metrics/metrics-core/3.2.4/metrics-core-3.2.4.jar:/home/user/.m2/repository/com/amazonaws/aws-java-sdk-s3/1.11.615/aws-java-sdk-s3-1.11.615.jar:/home/user/.m2/repository/com/amazonaws/aws-java-sdk-kms/1.11.615/aws-java-sdk-kms-1.11.615.jar:/home/user/.m2/repository/com/amazonaws/aws-java-sdk-core/1.11.615/aws-java-sdk-core-1.11.615.jar:/home/user/.m2/repository/software/amazon/ion/ion-java/1.0.2/ion-java-1.0.2.jar:/home/user/.m2/repository/com/fasterxml/jackson/dataformat/jackson-dataformat-cbor/2.9.9/jackson-dataformat-cbor-2.9.9.jar:/home/user/.m2/repository/joda-time/joda-time/2.9.9/joda-time-2.9.9.jar:/home/user/.m2/repository/com/amazonaws/jmespath-java/1.11.615/jmespath-java-1.11.615.jar:/home/user/.m2/repository/com/github/spotbugs/spotbugs/3.1.12/spotbugs-3.1.12.jar:/home/user/.m2/repository/org/ow2/asm/asm/5.0.4/asm-5.0.4.jar:/home/user/.m2/repository/org/ow2/asm/asm-analysis/7.0/asm-analysis-7.0.jar:/home/user/.m2/repository/org/ow2/asm/asm-commons/7.0/asm-commons-7.0.jar:/home/user/.m2/repository/org/ow2/asm/asm-tree/7.0/asm-tree-7.0.jar:/home/user/.m2/repository/org/ow2/asm/asm-util/7.0/asm-util-7.0.jar:/home/user/.m2/repository/org/apache/bcel/bcel/6.3/bcel-6.3.jar:/home/user/.m2/repository/net/jcip/jcip-annotations/1.0/jcip-annotations-1.0.jar:/home/user/.m2/repository/org/dom4j/dom4j/2.1.1/dom4j-2.1.1.jar:/home/user/.m2/repository/jaxen/jaxen/1.1.6/jaxen-1.1.6.jar:/home/user/.m2/repository/commons-lang/commons-lang/2.6/commons-lang-2.6.jar:/home/user/.m2/repository/com/github/spotbugs/spotbugs-annotations/3.1.12/spotbugs-annotations-3.1.12.jar:/home/user/.m2/repository/junit/junit/4.11/junit-4.11.jar:/home/user/.m2/repository/org/hamcrest/hamcrest-core/1.3/hamcrest-core-1.3.jar:/home/user/.m2/repository/org/apache/hadoop/hadoop-common/3.2.0/hadoop-common-3.2.0-tests.jar:/workdir/hadoop-ozone/integration-test/target/test-classes:/home/user/.m2/repository/org/apache/hadoop/hadoop-ozone-s3gateway/0.5.0-SNAPSHOT/hadoop-ozone-s3gateway-0.5.0-SNAPSHOT.jar:/home/user/.m2/repository/org/jboss/weld/servlet/weld-servlet/2.4.7.Final/weld-servlet-2.4.7.Final.jar:/home/user/.m2/repository/org/glassfish/jersey/containers/jersey-container-servlet-core/2.27/jersey-container-servlet-core-2.27.jar:/home/user/.m2/repository/org/glassfish/hk2/external/javax.inject/2.5.0-b42/javax.inject-2.5.0-b42.jar:/home/user/.m2/repository/org/glassfish/jersey/core/jersey-common/2.27/jersey-common-2.27.jar:/home/user/.m2/repository/org/glassfish/hk2/osgi-resource-locator/1.0.1/osgi-resource-locator-1.0.1.jar:/home/user/.m2/repository/javax/ws/rs/javax.ws.rs-api/2.1/javax.ws.rs-api-2.1.jar:/home/user/.m2/repository/org/glassfish/jersey/ext/cdi/jersey-cdi1x/2.27/jersey-cdi1x-2.27.jar:/home/user/.m2/repository/org/glassfish/jersey/inject/jersey-hk2/2.27/jersey-hk2-2.27.jar:/home/user/.m2/repository/org/glassfish/hk2/hk2-locator/2.5.0-b42/hk2-locator-2.5.0-b42.jar:/home/user/.m2/repository/org/javassist/javassist/3.22.0-CR2/javassist-3.22.0-CR2.jar:/home/user/.m2/repository/org/glassfish/hk2/hk2-api/2.5.0/hk2-api-2.5.0.jar:/home/user/.m2/repository/org/glassfish/hk2/external/jakarta.inject/2.5.0/jakarta.inject-2.5.0.jar:/home/user/.m2/repository/org/glassfish/hk2/hk2-utils/2.5.0/hk2-utils-2.5.0.jar:/home/user/.m2/repository/jakarta/annotation/jakarta.annotation-api/1.3.4/jakarta.annotation-api-1.3.4.jar:/home/user/.m2/repository/org/glassfish/hk2/external/aopalliance-repackaged/2.5.0/aopalliance-repackaged-2.5.0.jar:/home/user/.m2/repository/com/fasterxml/jackson/dataformat/jackson-dataformat-xml/2.9.0/jackson-dataformat-xml-2.9.0.jar:/home/user/.m2/repository/com/fasterxml/jackson/module/jackson-module-jaxb-annotations/2.9.9/jackson-module-jaxb-annotations-2.9.9.jar:/home/user/.m2/repository/javax/enterprise/cdi-api/1.2/cdi-api-1.2.jar:/home/user/.m2/repository/javax/el/javax.el-api/3.0.0/javax.el-api-3.0.0.jar:/home/user/.m2/repository/javax/interceptor/javax.interceptor-api/1.2/javax.interceptor-api-1.2.jar:/home/user/.m2/repository/javax/inject/javax.inject/1/javax.inject-1.jar:/home/user/.m2/repository/org/apache/hadoop/hadoop-ozone-csi/0.5.0-SNAPSHOT/hadoop-ozone-csi-0.5.0-SNAPSHOT.jar:/home/user/.m2/repository/com/google/protobuf/protobuf-java-util/3.5.1/protobuf-java-util-3.5.1.jar:/home/user/.m2/repository/io/grpc/grpc-netty/1.17.1/grpc-netty-1.17.1.jar:/home/user/.m2/repository/io/grpc/grpc-core/1.17.1/grpc-core-1.17.1.jar:/home/user/.m2/repository/io/grpc/grpc-context/1.17.1/grpc-context-1.17.1.jar:/home/user/.m2/repository/com/google/errorprone/error_prone_annotations/2.2.0/error_prone_annotations-2.2.0.jar:/home/user/.m2/repository/org/codehaus/mojo/animal-sniffer-annotations/1.17/animal-sniffer-annotations-1.17.jar:/home/user/.m2/repository/io/opencensus/opencensus-api/0.17.0/opencensus-api-0.17.0.jar:/home/user/.m2/repository/io/opencensus/opencensus-contrib-grpc-metrics/0.17.0/opencensus-contrib-grpc-metrics-0.17.0.jar:/home/user/.m2/repository/io/netty/netty-codec-http2/4.1.30.Final/netty-codec-http2-4.1.30.Final.jar:/home/user/.m2/repository/io/netty/netty-codec-http/4.1.30.Final/netty-codec-http-4.1.30.Final.jar:/home/user/.m2/repository/io/netty/netty-codec/4.1.30.Final/netty-codec-4.1.30.Final.jar:/home/user/.m2/repository/io/netty/netty-handler/4.1.30.Final/netty-handler-4.1.30.Final.jar:/home/user/.m2/repository/io/netty/netty-handler-proxy/4.1.30.Final/netty-handler-proxy-4.1.30.Final.jar:/home/user/.m2/repository/io/netty/netty-codec-socks/4.1.30.Final/netty-codec-socks-4.1.30.Final.jar:/home/user/.m2/repository/io/netty/netty-transport-native-epoll/4.1.30.Final/netty-transport-native-epoll-4.1.30.Final.jar:/home/user/.m2/repository/io/netty/netty-common/4.1.30.Final/netty-common-4.1.30.Final.jar:/home/user/.m2/repository/io/netty/netty-buffer/4.1.30.Final/netty-buffer-4.1.30.Final.jar:/home/user/.m2/repository/io/netty/netty-transport/4.1.30.Final/netty-transport-4.1.30.Final.jar:/home/user/.m2/repository/io/netty/netty-resolver/4.1.30.Final/netty-resolver-4.1.30.Final.jar:/home/user/.m2/repository/io/netty/netty-transport-native-unix-common/4.1.30.Final/netty-transport-native-unix-common-4.1.30.Final.jar:/home/user/.m2/repository/io/grpc/grpc-protobuf/1.17.1/grpc-protobuf-1.17.1.jar:/home/user/.m2/repository/com/google/api/grpc/proto-google-common-protos/1.0.0/proto-google-common-protos-1.0.0.jar:/home/user/.m2/repository/io/grpc/grpc-protobuf-lite/1.17.1/grpc-protobuf-lite-1.17.1.jar:/home/user/.m2/repository/io/grpc/grpc-stub/1.17.1/grpc-stub-1.17.1.jar:/home/user/.m2/repository/org/apache/hadoop/hadoop-ozone-recon/0.5.0-SNAPSHOT/hadoop-ozone-recon-0.5.0-SNAPSHOT.jar:/home/user/.m2/repository/org/apache/hadoop/hadoop-ozone-reconcodegen/0.5.0-SNAPSHOT/hadoop-ozone-reconcodegen-0.5.0-SNAPSHOT.jar:/home/user/.m2/repository/com/google/inject/extensions/guice-multibindings/4.0/guice-multibindings-4.0.jar:/home/user/.m2/repository/com/google/inject/guice/4.0/guice-4.0.jar:/home/user/.m2/repository/aopalliance/aopalliance/1.0/aopalliance-1.0.jar:/home/user/.m2/repository/com/google/inject/extensions/guice-servlet/4.0/guice-servlet-4.0.jar:/home/user/.m2/repository/org/glassfish/jersey/containers/jersey-container-servlet/2.27/jersey-container-servlet-2.27.jar:/home/user/.m2/repository/org/glassfish/hk2/guice-bridge/2.5.0/guice-bridge-2.5.0.jar:/home/user/.m2/repository/org/glassfish/jersey/core/jersey-server/2.27/jersey-server-2.27.jar:/home/user/.m2/repository/org/glassfish/jersey/core/jersey-client/2.27/jersey-client-2.27.jar:/home/user/.m2/repository/org/glassfish/jersey/media/jersey-media-jaxb/2.27/jersey-media-jaxb-2.27.jar:/home/user/.m2/repository/javax/validation/validation-api/1.1.0.Final/validation-api-1.1.0.Final.jar:/home/user/.m2/repository/org/glassfish/jersey/media/jersey-media-json-jackson/2.27/jersey-media-json-jackson-2.27.jar:/home/user/.m2/repository/org/glassfish/jersey/ext/jersey-entity-filtering/2.27/jersey-entity-filtering-2.27.jar:/home/user/.m2/repository/com/google/inject/extensions/guice-assistedinject/4.0/guice-assistedinject-4.0.jar:/home/user/.m2/repository/org/jooq/jooq/3.11.10/jooq-3.11.10.jar:/home/user/.m2/repository/org/jooq/jooq-meta/3.11.10/jooq-meta-3.11.10.jar:/home/user/.m2/repository/org/jooq/jooq-codegen/3.11.10/jooq-codegen-3.11.10.jar:/home/user/.m2/repository/com/jolbox/bonecp/0.8.0.RELEASE/bonecp-0.8.0.RELEASE.jar:/home/user/.m2/repository/org/springframework/spring-jdbc/5.1.3.RELEASE/spring-jdbc-5.1.3.RELEASE.jar:/home/user/.m2/repository/org/springframework/spring-beans/5.1.3.RELEASE/spring-beans-5.1.3.RELEASE.jar:/home/user/.m2/repository/org/springframework/spring-core/5.1.3.RELEASE/spring-core-5.1.3.RELEASE.jar:/home/user/.m2/repository/org/springframework/spring-jcl/5.1.3.RELEASE/spring-jcl-5.1.3.RELEASE.jar:/home/user/.m2/repository/org/springframework/spring-tx/5.1.3.RELEASE/spring-tx-5.1.3.RELEASE.jar:/home/user/.m2/repository/org/mockito/mockito-core/2.15.0/mockito-core-2.15.0.jar:/home/user/.m2/repository/net/bytebuddy/byte-buddy/1.7.9/byte-buddy-1.7.9.jar:/home/user/.m2/repository/net/bytebuddy/byte-buddy-agent/1.7.9/byte-buddy-agent-1.7.9.jar:/home/user/.m2/repository/org/objenesis/objenesis/1.0/objenesis-1.0.jar:"/>
    <property name="sun.cpu.endian" value="little"/>
    <property name="user.home" value="/home/user"/>
    <property name="user.language" value="en"/>
    <property name="java.specification.vendor" value="Oracle Corporation"/>
    <property name="java.home" value="/usr/lib/jvm/java-1.8.0-openjdk-1.8.0.222.b10-1.el7_7.x86_64/jre"/>
    <property name="surefire.excludesFile" value="/tools/ozone-bad-unit-tests"/>
    <property name="java.security.krb5.conf" value="/workdir/hadoop-ozone/tools/target/test-classes/krb5.conf"/>
    <property name="basedir" value="/workdir/hadoop-ozone/tools"/>
    <property name="file.separator" value="/"/>
    <property name="line.separator" value="&#10;"/>
    <property name="java.vm.specification.vendor" value="Oracle Corporation"/>
    <property name="java.specification.name" value="Java Platform API Specification"/>
    <property name="java.awt.graphicsenv" value="sun.awt.X11GraphicsEnvironment"/>
    <property name="surefire.real.class.path" value="/workdir/hadoop-ozone/tools/target/surefire/surefirebooter8851873084223797648.jar"/>
    <property name="hadoop.log.dir" value="/workdir/hadoop-ozone/tools/target/log"/>
    <property name="sun.boot.class.path" value="/usr/lib/jvm/java-1.8.0-openjdk-1.8.0.222.b10-1.el7_7.x86_64/jre/lib/resources.jar:/usr/lib/jvm/java-1.8.0-openjdk-1.8.0.222.b10-1.el7_7.x86_64/jre/lib/rt.jar:/usr/lib/jvm/java-1.8.0-openjdk-1.8.0.222.b10-1.el7_7.x86_64/jre/lib/sunrsasign.jar:/usr/lib/jvm/java-1.8.0-openjdk-1.8.0.222.b10-1.el7_7.x86_64/jre/lib/jsse.jar:/usr/lib/jvm/java-1.8.0-openjdk-1.8.0.222.b10-1.el7_7.x86_64/jre/lib/jce.jar:/usr/lib/jvm/java-1.8.0-openjdk-1.8.0.222.b10-1.el7_7.x86_64/jre/lib/charsets.jar:/usr/lib/jvm/java-1.8.0-openjdk-1.8.0.222.b10-1.el7_7.x86_64/jre/lib/jfr.jar:/usr/lib/jvm/java-1.8.0-openjdk-1.8.0.222.b10-1.el7_7.x86_64/jre/classes"/>
    <property name="sun.management.compiler" value="HotSpot 64-Bit Tiered Compilers"/>
    <property name="java.runtime.version" value="1.8.0_222-b10"/>
    <property name="java.net.preferIPv4Stack" value="true"/>
    <property name="user.name" value="jenkins1000"/>
    <property name="path.separator" value=":"/>
    <property name="java.security.egd" value="file:///dev/urandom"/>
    <property name="os.version" value="3.10.0-957.12.2.el7.x86_64"/>
    <property name="java.endorsed.dirs" value="/usr/lib/jvm/java-1.8.0-openjdk-1.8.0.222.b10-1.el7_7.x86_64/jre/lib/endorsed"/>
    <property name="java.runtime.name" value="OpenJDK Runtime Environment"/>
    <property name="file.encoding" value="ANSI_X3.4-1968"/>
    <property name="java.vm.name" value="OpenJDK 64-Bit Server VM"/>
    <property name="test.build.webapps" value=""/>
    <property name="localRepository" value="/home/user/.m2/repository"/>
    <property name="java.vendor.url.bug" value="http://bugreport.sun.com/bugreport/"/>
    <property name="java.io.tmpdir" value="/tmp"/>
    <property name="require.test.libhadoop" value=""/>
    <property name="java.version" value="1.8.0_222"/>
    <property name="user.dir" value="/workdir/hadoop-ozone/tools"/>
    <property name="os.arch" value="amd64"/>
    <property name="java.vm.specification.name" value="Java Virtual Machine Specification"/>
    <property name="test.build.classes" value="/workdir/hadoop-ozone/tools/target/test-classes"/>
    <property name="java.awt.printerjob" value="sun.print.PSPrinterJob"/>
    <property name="sun.os.patch.level" value="unknown"/>
    <property name="hadoop.tmp.dir" value="/workdir/hadoop-ozone/tools/target/tmp"/>
    <property name="java.library.path" value="/usr/lib:/workdir/hadoop-ozone/tools/target/native/target/usr/local/lib:/workdir/hadoop-ozone/tools/../../hadoop-common-project/hadoop-common/target/native/target/usr/local/lib:/usr/java/packages/lib/amd64:/usr/lib64:/lib64:/lib:/usr/lib"/>
    <property name="java.vm.info" value="mixed mode"/>
    <property name="java.vendor" value="Oracle Corporation"/>
    <property name="java.vm.version" value="25.222-b10"/>
    <property name="java.ext.dirs" value="/usr/lib/jvm/java-1.8.0-openjdk-1.8.0.222.b10-1.el7_7.x86_64/jre/lib/ext:/usr/java/packages/lib/ext"/>
    <property name="sun.io.unicode.encoding" value="UnicodeLittle"/>
    <property name="java.class.version" value="52.0"/>
  </properties>
  <testcase name="testRestart" classname="org.apache.hadoop.ozone.freon.TestFreonWithPipelineDestroy" time="18.779">
    <error message="INTERNAL_ERROR org.apache.hadoop.ozone.om.exceptions.OMException: Allocated 0 blocks. Requested 5 blocks" type="java.lang.RuntimeException">java.lang.RuntimeException: INTERNAL_ERROR org.apache.hadoop.ozone.om.exceptions.OMException: Allocated 0 blocks. Requested 5 blocks
	at org.apache.hadoop.ozone.freon.RandomKeyGenerator.call(RandomKeyGenerator.java:341)
	at org.apache.hadoop.ozone.freon.TestFreonWithPipelineDestroy.startFreon(TestFreonWithPipelineDestroy.java:87)
	at org.apache.hadoop.ozone.freon.TestFreonWithPipelineDestroy.testRestart(TestFreonWithPipelineDestroy.java:74)
	at sun.reflect.NativeMethodAccessorImpl.invoke0(Native Method)
	at sun.reflect.NativeMethodAccessorImpl.invoke(NativeMethodAccessorImpl.java:62)
	at sun.reflect.DelegatingMethodAccessorImpl.invoke(DelegatingMethodAccessorImpl.java:43)
	at java.lang.reflect.Method.invoke(Method.java:498)
	at org.junit.runners.model.FrameworkMethod$1.runReflectiveCall(FrameworkMethod.java:47)
	at org.junit.internal.runners.model.ReflectiveCallable.run(ReflectiveCallable.java:12)
	at org.junit.runners.model.FrameworkMethod.invokeExplosively(FrameworkMethod.java:44)
	at org.junit.internal.runners.statements.InvokeMethod.evaluate(InvokeMethod.java:17)
	at org.junit.runners.ParentRunner.runLeaf(ParentRunner.java:271)
	at org.junit.runners.BlockJUnit4ClassRunner.runChild(BlockJUnit4ClassRunner.java:70)
	at org.junit.runners.BlockJUnit4ClassRunner.runChild(BlockJUnit4ClassRunner.java:50)
	at org.junit.runners.ParentRunner$3.run(ParentRunner.java:238)
	at org.junit.runners.ParentRunner$1.schedule(ParentRunner.java:63)
	at org.junit.runners.ParentRunner.runChildren(ParentRunner.java:236)
	at org.junit.runners.ParentRunner.access$000(ParentRunner.java:53)
	at org.junit.runners.ParentRunner$2.evaluate(ParentRunner.java:229)
	at org.junit.internal.runners.statements.RunBefores.evaluate(RunBefores.java:26)
	at org.junit.internal.runners.statements.RunAfters.evaluate(RunAfters.java:27)
	at org.junit.runners.ParentRunner.run(ParentRunner.java:309)
	at org.apache.maven.surefire.junit4.JUnit4Provider.execute(JUnit4Provider.java:365)
	at org.apache.maven.surefire.junit4.JUnit4Provider.executeWithRerun(JUnit4Provider.java:273)
	at org.apache.maven.surefire.junit4.JUnit4Provider.executeTestSet(JUnit4Provider.java:238)
	at org.apache.maven.surefire.junit4.JUnit4Provider.invoke(JUnit4Provider.java:159)
	at org.apache.maven.surefire.booter.ForkedBooter.invokeProviderInSameClassLoader(ForkedBooter.java:384)
	at org.apache.maven.surefire.booter.ForkedBooter.runSuitesInProcess(ForkedBooter.java:345)
	at org.apache.maven.surefire.booter.ForkedBooter.execute(ForkedBooter.java:126)
	at org.apache.maven.surefire.booter.ForkedBooter.main(ForkedBooter.java:418)
Caused by: INTERNAL_ERROR org.apache.hadoop.ozone.om.exceptions.OMException: Allocated 0 blocks. Requested 5 blocks
	at org.apache.hadoop.ozone.om.protocolPB.OzoneManagerProtocolClientSideTranslatorPB.handleError(OzoneManagerProtocolClientSideTranslatorPB.java:761)
	at org.apache.hadoop.ozone.om.protocolPB.OzoneManagerProtocolClientSideTranslatorPB.openKey(OzoneManagerProtocolClientSideTranslatorPB.java:752)
	at sun.reflect.NativeMethodAccessorImpl.invoke0(Native Method)
	at sun.reflect.NativeMethodAccessorImpl.invoke(NativeMethodAccessorImpl.java:62)
	at sun.reflect.DelegatingMethodAccessorImpl.invoke(DelegatingMethodAccessorImpl.java:43)
	at java.lang.reflect.Method.invoke(Method.java:498)
	at org.apache.hadoop.hdds.tracing.TraceAllMethod.invoke(TraceAllMethod.java:66)
	at com.sun.proxy.$Proxy37.openKey(Unknown Source)
	at org.apache.hadoop.ozone.client.rpc.RpcClient.createKey(RpcClient.java:633)
	at org.apache.hadoop.ozone.client.OzoneBucket.createKey(OzoneBucket.java:325)
	at org.apache.hadoop.ozone.freon.RandomKeyGenerator.createKey(RandomKeyGenerator.java:697)
	at org.apache.hadoop.ozone.freon.RandomKeyGenerator.access$1100(RandomKeyGenerator.java:88)
	at org.apache.hadoop.ozone.freon.RandomKeyGenerator$ObjectCreator.run(RandomKeyGenerator.java:615)
	at java.util.concurrent.Executors$RunnableAdapter.call(Executors.java:511)
	at java.util.concurrent.FutureTask.run(FutureTask.java:266)
	at java.util.concurrent.ThreadPoolExecutor.runWorker(ThreadPoolExecutor.java:1149)
	at java.util.concurrent.ThreadPoolExecutor$Worker.run(ThreadPoolExecutor.java:624)
	at java.lang.Thread.run(Thread.java:748)
</error>
    <system-out><![CDATA[2019-11-19 00:29:54,818 [main] WARN  server.ServerUtils (ServerUtils.java:getScmDbDir(145)) - ozone.scm.db.dirs is not configured. We recommend adding this setting. Falling back to ozone.metadata.dirs instead.
2019-11-19 00:29:54,952 [main] WARN  server.ServerUtils (ServerUtils.java:getScmDbDir(145)) - ozone.scm.db.dirs is not configured. We recommend adding this setting. Falling back to ozone.metadata.dirs instead.
2019-11-19 00:29:54,955 [main] WARN  server.ServerUtils (ServerUtils.java:getScmDbDir(145)) - ozone.scm.db.dirs is not configured. We recommend adding this setting. Falling back to ozone.metadata.dirs instead.
2019-11-19 00:29:54,981 [main] INFO  util.log (Log.java:initialized(192)) - Logging initialized @867ms
2019-11-19 00:29:55,077 [main] INFO  db.DBStoreBuilder (DBStoreBuilder.java:addTable(127)) - using custom profile for table: deletedBlocks
2019-11-19 00:29:55,078 [main] INFO  db.DBStoreBuilder (DBStoreBuilder.java:processTables(183)) - Using default column profile:DBProfile.DISK for Table:deletedBlocks
2019-11-19 00:29:55,078 [main] INFO  db.DBStoreBuilder (DBStoreBuilder.java:addTable(127)) - using custom profile for table: validCerts
2019-11-19 00:29:55,078 [main] INFO  db.DBStoreBuilder (DBStoreBuilder.java:processTables(183)) - Using default column profile:DBProfile.DISK for Table:validCerts
2019-11-19 00:29:55,079 [main] INFO  db.DBStoreBuilder (DBStoreBuilder.java:addTable(127)) - using custom profile for table: revokedCerts
2019-11-19 00:29:55,079 [main] INFO  db.DBStoreBuilder (DBStoreBuilder.java:processTables(183)) - Using default column profile:DBProfile.DISK for Table:revokedCerts
2019-11-19 00:29:55,090 [main] INFO  db.DBStoreBuilder (DBStoreBuilder.java:addTable(127)) - using custom profile for table: default
2019-11-19 00:29:55,090 [main] INFO  db.DBStoreBuilder (DBStoreBuilder.java:processTables(189)) - Using default column profile:DBProfile.DISK for Table:default
2019-11-19 00:29:55,092 [main] INFO  db.DBStoreBuilder (DBStoreBuilder.java:getDbProfile(220)) - Using default options. DBProfile.DISK
2019-11-19 00:29:55,440 [main] INFO  net.NodeSchemaLoader (NodeSchemaLoader.java:loadSchemaFromFile(125)) - Loading file from sun.misc.CompoundEnumeration@5e0e82ae
2019-11-19 00:29:55,442 [main] INFO  net.NodeSchemaLoader (NodeSchemaLoader.java:loadSchema(171)) - Loading network topology layer schema file
2019-11-19 00:29:55,525 [main] INFO  node.SCMNodeManager (SCMNodeManager.java:<init>(116)) - Entering startup safe mode.
2019-11-19 00:29:55,595 [main] INFO  algorithms.ContainerPlacementPolicyFactory (ContainerPlacementPolicyFactory.java:getPolicy(57)) - Create container placement policy of type org.apache.hadoop.hdds.scm.container.placement.algorithms.SCMContainerPlacementRandom
2019-11-19 00:29:55,609 [main] WARN  server.ServerUtils (ServerUtils.java:getScmDbDir(145)) - ozone.scm.db.dirs is not configured. We recommend adding this setting. Falling back to ozone.metadata.dirs instead.
2019-11-19 00:29:55,691 [main] INFO  pipeline.SCMPipelineManager (SCMPipelineManager.java:initializePipelineState(136)) - No pipeline exists in current db
2019-11-19 00:29:55,693 [main] WARN  server.ServerUtils (ServerUtils.java:getScmDbDir(145)) - ozone.scm.db.dirs is not configured. We recommend adding this setting. Falling back to ozone.metadata.dirs instead.
2019-11-19 00:29:55,848 [main] INFO  safemode.HealthyPipelineSafeModeRule (HealthyPipelineSafeModeRule.java:<init>(92)) -  Total pipeline count is 0, healthy pipeline threshold count is 1
2019-11-19 00:29:55,852 [main] INFO  safemode.OneReplicaPipelineSafeModeRule (OneReplicaPipelineSafeModeRule.java:<init>(79)) - Total pipeline count is 0, pipeline's with at least one datanode reported threshold count is 0
2019-11-19 00:29:55,853 [main] WARN  events.EventQueue (EventQueue.java:fireEvent(183)) - No event handler registered for event TypedEvent{payloadType=SafeModeStatus, name='SafeModeStatus'}
2019-11-19 00:29:56,171 [main] INFO  ipc.CallQueueManager (CallQueueManager.java:<init>(84)) - Using callQueue: class java.util.concurrent.LinkedBlockingQueue, queueCapacity: 2000, scheduler: class org.apache.hadoop.ipc.DefaultRpcScheduler, ipcBackoff: false.
2019-11-19 00:29:56,295 [Socket Reader #1 for port 40405] INFO  ipc.Server (Server.java:run(1074)) - Starting Socket Reader #1 for port 40405
2019-11-19 00:29:56,334 [main] INFO  ipc.CallQueueManager (CallQueueManager.java:<init>(84)) - Using callQueue: class java.util.concurrent.LinkedBlockingQueue, queueCapacity: 2000, scheduler: class org.apache.hadoop.ipc.DefaultRpcScheduler, ipcBackoff: false.
2019-11-19 00:29:56,336 [Socket Reader #1 for port 42477] INFO  ipc.Server (Server.java:run(1074)) - Starting Socket Reader #1 for port 42477
2019-11-19 00:29:56,346 [main] INFO  ipc.CallQueueManager (CallQueueManager.java:<init>(84)) - Using callQueue: class java.util.concurrent.LinkedBlockingQueue, queueCapacity: 2000, scheduler: class org.apache.hadoop.ipc.DefaultRpcScheduler, ipcBackoff: false.
2019-11-19 00:29:56,347 [Socket Reader #1 for port 40428] INFO  ipc.Server (Server.java:run(1074)) - Starting Socket Reader #1 for port 40428
2019-11-19 00:29:56,377 [main] INFO  hdfs.DFSUtil (DFSUtil.java:httpServerTemplateForNNAndJN(1641)) - Starting Web-server for scm at: http://0.0.0.0:0
2019-11-19 00:29:56,528 [main] INFO  server.AuthenticationFilter (AuthenticationFilter.java:constructSecretProvider(240)) - Unable to initialize FileSignerSecretProvider, falling back to use random secrets.
2019-11-19 00:29:56,544 [main] WARN  http.HttpRequestLog (HttpRequestLog.java:getRequestLog(97)) - Jetty request log can only be enabled using Log4j
2019-11-19 00:29:56,552 [main] INFO  http.HttpServer2 (HttpServer2.java:addGlobalFilter(975)) - Added global filter 'safety' (class=org.apache.hadoop.http.HttpServer2$QuotingInputFilter)
2019-11-19 00:29:56,555 [main] INFO  http.HttpServer2 (HttpServer2.java:addFilter(948)) - Added filter static_user_filter (class=org.apache.hadoop.http.lib.StaticUserWebFilter$StaticUserFilter) to context scm
2019-11-19 00:29:56,555 [main] INFO  http.HttpServer2 (HttpServer2.java:addFilter(958)) - Added filter static_user_filter (class=org.apache.hadoop.http.lib.StaticUserWebFilter$StaticUserFilter) to context static
2019-11-19 00:29:56,555 [main] INFO  http.HttpServer2 (HttpServer2.java:addFilter(958)) - Added filter static_user_filter (class=org.apache.hadoop.http.lib.StaticUserWebFilter$StaticUserFilter) to context logs
2019-11-19 00:29:56,582 [main] INFO  server.StorageContainerManager (StorageContainerManager.java:start(765)) - StorageContainerLocationProtocol RPC server is listening at /0.0.0.0:40428
2019-11-19 00:29:56,641 [main] WARN  impl.MetricsConfig (MetricsConfig.java:loadFirst(134)) - Cannot locate configuration: tried hadoop-metrics2-storagecontainermanager.properties,hadoop-metrics2.properties
2019-11-19 00:29:56,656 [main] INFO  impl.MetricsSystemImpl (MetricsSystemImpl.java:startTimer(374)) - Scheduled Metric snapshot period at 10 second(s).
2019-11-19 00:29:56,656 [main] INFO  impl.MetricsSystemImpl (MetricsSystemImpl.java:start(191)) - StorageContainerManager metrics system started
2019-11-19 00:29:56,891 [main] INFO  server.SCMClientProtocolServer (SCMClientProtocolServer.java:start(160)) - RPC server for Client  is listening at /0.0.0.0:40428
2019-11-19 00:29:56,891 [IPC Server Responder] INFO  ipc.Server (Server.java:run(1314)) - IPC Server Responder: starting
2019-11-19 00:29:56,892 [IPC Server listener on 40428] INFO  ipc.Server (Server.java:run(1153)) - IPC Server listener on 40428: starting
2019-11-19 00:29:56,895 [main] INFO  server.StorageContainerManager (StorageContainerManager.java:start(775)) - ScmBlockLocationProtocol RPC server is listening at /0.0.0.0:42477
2019-11-19 00:29:56,895 [main] INFO  server.SCMBlockProtocolServer (SCMBlockProtocolServer.java:start(146)) - RPC server for Block Protocol is listening at /0.0.0.0:42477
2019-11-19 00:29:56,896 [IPC Server Responder] INFO  ipc.Server (Server.java:run(1314)) - IPC Server Responder: starting
2019-11-19 00:29:56,896 [IPC Server listener on 42477] INFO  ipc.Server (Server.java:run(1153)) - IPC Server listener on 42477: starting
2019-11-19 00:29:56,898 [main] INFO  server.StorageContainerManager (StorageContainerManager.java:start(779)) - ScmDatanodeProtocl RPC server is listening at /0.0.0.0:40405
2019-11-19 00:29:56,898 [main] INFO  server.SCMDatanodeProtocolServer (SCMDatanodeProtocolServer.java:start(177)) - RPC server for DataNodes is listening at /0.0.0.0:40405
2019-11-19 00:29:56,899 [IPC Server Responder] INFO  ipc.Server (Server.java:run(1314)) - IPC Server Responder: starting
2019-11-19 00:29:56,899 [IPC Server listener on 40405] INFO  ipc.Server (Server.java:run(1153)) - IPC Server listener on 40405: starting
2019-11-19 00:29:56,903 [main] INFO  http.HttpServer2 (HttpServer2.java:bindListener(1191)) - Jetty bound to port 43441
2019-11-19 00:29:56,904 [main] INFO  server.Server (Server.java:doStart(351)) - jetty-9.3.25.v20180904, build timestamp: 2018-09-04T21:11:46Z, git hash: 3ce520221d0240229c862b122d2b06c12a625732
2019-11-19 00:29:56,936 [main] INFO  handler.ContextHandler (ContextHandler.java:doStart(781)) - Started o.e.j.s.ServletContextHandler@4218500f{/logs,file:///workdir/hadoop-ozone/tools/target/log,AVAILABLE}
2019-11-19 00:29:56,937 [main] INFO  handler.ContextHandler (ContextHandler.java:doStart(781)) - Started o.e.j.s.ServletContextHandler@c2db68f{/static,jar:file:/home/user/.m2/repository/org/apache/hadoop/hadoop-hdds-server-scm/0.5.0-SNAPSHOT/hadoop-hdds-server-scm-0.5.0-SNAPSHOT.jar!/webapps/static,AVAILABLE}
2019-11-19 00:29:57,008 [main] INFO  handler.ContextHandler (ContextHandler.java:doStart(781)) - Started o.e.j.w.WebAppContext@37cd92d6{/,file:///tmp/jetty-0.0.0.0-43441-scm-_-any-3341024910524534592.dir/webapp/,AVAILABLE}{/scm}
2019-11-19 00:29:57,013 [main] INFO  server.AbstractConnector (AbstractConnector.java:doStart(278)) - Started ServerConnector@7e0aadd0{HTTP/1.1,[http/1.1]}{0.0.0.0:43441}
2019-11-19 00:29:57,013 [main] INFO  server.Server (Server.java:doStart(419)) - Started @2898ms
2019-11-19 00:29:57,015 [main] INFO  impl.MetricsSinkAdapter (MetricsSinkAdapter.java:start(204)) - Sink prometheus started
2019-11-19 00:29:57,015 [main] INFO  impl.MetricsSystemImpl (MetricsSystemImpl.java:registerSink(301)) - Registered sink prometheus
2019-11-19 00:29:57,017 [main] INFO  server.BaseHttpServer (BaseHttpServer.java:updateConnectorAddress(215)) - HTTP server of SCM is listening at http://0.0.0.0:43441
2019-11-19 00:29:57,025 [org.apache.hadoop.util.JvmPauseMonitor$Monitor@2f66e802] INFO  util.JvmPauseMonitor (JvmPauseMonitor.java:run(188)) - Starting JVM pause monitor
2019-11-19 00:29:57,029 [main] WARN  server.ServerUtils (ServerUtils.java:getDBPath(222)) - ozone.om.db.dirs is not configured. We recommend adding this setting. Falling back to ozone.metadata.dirs instead.
2019-11-19 00:29:57,122 [main] INFO  ha.OMHANodeDetails (OMHANodeDetails.java:loadOMHAConfig(104)) - ozone.om.internal.service.id is not defined, falling back to ozone.om.service.ids to find serviceID for OzoneManager if it is HA enabled cluster
2019-11-19 00:29:57,123 [main] INFO  ha.OMHANodeDetails (OMHANodeDetails.java:loadOMHAConfig(207)) - Configuration either no ozone.om.address set. Falling back to the default OM address /127.0.0.1:0
2019-11-19 00:29:57,123 [main] INFO  ha.OMHANodeDetails (OMHANodeDetails.java:getOMNodeDetails(237)) - OM Service ID is not set. Setting it to the default ID: omServiceIdDefault
2019-11-19 00:29:57,125 [main] WARN  server.ServerUtils (ServerUtils.java:getDBPath(222)) - ozone.om.db.dirs is not configured. We recommend adding this setting. Falling back to ozone.metadata.dirs instead.
2019-11-19 00:29:57,125 [main] WARN  server.ServerUtils (ServerUtils.java:getDBPath(222)) - ozone.om.db.dirs is not configured. We recommend adding this setting. Falling back to ozone.metadata.dirs instead.
2019-11-19 00:29:57,745 [main] WARN  server.ServerUtils (ServerUtils.java:getDBPath(222)) - ozone.om.db.dirs is not configured. We recommend adding this setting. Falling back to ozone.metadata.dirs instead.
2019-11-19 00:29:57,753 [main] INFO  db.DBStoreBuilder (DBStoreBuilder.java:addTable(127)) - using custom profile for table: userTable
2019-11-19 00:29:57,754 [main] INFO  db.DBStoreBuilder (DBStoreBuilder.java:processTables(183)) - Using default column profile:DBProfile.DISK for Table:userTable
2019-11-19 00:29:57,754 [main] INFO  db.DBStoreBuilder (DBStoreBuilder.java:addTable(127)) - using custom profile for table: volumeTable
2019-11-19 00:29:57,754 [main] INFO  db.DBStoreBuilder (DBStoreBuilder.java:processTables(183)) - Using default column profile:DBProfile.DISK for Table:volumeTable
2019-11-19 00:29:57,754 [main] INFO  db.DBStoreBuilder (DBStoreBuilder.java:addTable(127)) - using custom profile for table: bucketTable
2019-11-19 00:29:57,754 [main] INFO  db.DBStoreBuilder (DBStoreBuilder.java:processTables(183)) - Using default column profile:DBProfile.DISK for Table:bucketTable
2019-11-19 00:29:57,755 [main] INFO  db.DBStoreBuilder (DBStoreBuilder.java:addTable(127)) - using custom profile for table: keyTable
2019-11-19 00:29:57,755 [main] INFO  db.DBStoreBuilder (DBStoreBuilder.java:processTables(183)) - Using default column profile:DBProfile.DISK for Table:keyTable
2019-11-19 00:29:57,755 [main] INFO  db.DBStoreBuilder (DBStoreBuilder.java:addTable(127)) - using custom profile for table: deletedTable
2019-11-19 00:29:57,755 [main] INFO  db.DBStoreBuilder (DBStoreBuilder.java:processTables(183)) - Using default column profile:DBProfile.DISK for Table:deletedTable
2019-11-19 00:29:57,756 [main] INFO  db.DBStoreBuilder (DBStoreBuilder.java:addTable(127)) - using custom profile for table: openKeyTable
2019-11-19 00:29:57,756 [main] INFO  db.DBStoreBuilder (DBStoreBuilder.java:processTables(183)) - Using default column profile:DBProfile.DISK for Table:openKeyTable
2019-11-19 00:29:57,756 [main] INFO  db.DBStoreBuilder (DBStoreBuilder.java:addTable(127)) - using custom profile for table: s3Table
2019-11-19 00:29:57,756 [main] INFO  db.DBStoreBuilder (DBStoreBuilder.java:processTables(183)) - Using default column profile:DBProfile.DISK for Table:s3Table
2019-11-19 00:29:57,757 [main] INFO  db.DBStoreBuilder (DBStoreBuilder.java:addTable(127)) - using custom profile for table: multipartInfoTable
2019-11-19 00:29:57,757 [main] INFO  db.DBStoreBuilder (DBStoreBuilder.java:processTables(183)) - Using default column profile:DBProfile.DISK for Table:multipartInfoTable
2019-11-19 00:29:57,757 [main] INFO  db.DBStoreBuilder (DBStoreBuilder.java:addTable(127)) - using custom profile for table: dTokenTable
2019-11-19 00:29:57,757 [main] INFO  db.DBStoreBuilder (DBStoreBuilder.java:processTables(183)) - Using default column profile:DBProfile.DISK for Table:dTokenTable
2019-11-19 00:29:57,758 [main] INFO  db.DBStoreBuilder (DBStoreBuilder.java:addTable(127)) - using custom profile for table: s3SecretTable
2019-11-19 00:29:57,758 [main] INFO  db.DBStoreBuilder (DBStoreBuilder.java:processTables(183)) - Using default column profile:DBProfile.DISK for Table:s3SecretTable
2019-11-19 00:29:57,758 [main] INFO  db.DBStoreBuilder (DBStoreBuilder.java:addTable(127)) - using custom profile for table: prefixTable
2019-11-19 00:29:57,758 [main] INFO  db.DBStoreBuilder (DBStoreBuilder.java:processTables(183)) - Using default column profile:DBProfile.DISK for Table:prefixTable
2019-11-19 00:29:57,759 [main] INFO  db.DBStoreBuilder (DBStoreBuilder.java:addTable(127)) - using custom profile for table: default
2019-11-19 00:29:57,759 [main] INFO  db.DBStoreBuilder (DBStoreBuilder.java:processTables(189)) - Using default column profile:DBProfile.DISK for Table:default
2019-11-19 00:29:57,759 [main] INFO  db.DBStoreBuilder (DBStoreBuilder.java:getDbProfile(220)) - Using default options. DBProfile.DISK
2019-11-19 00:29:58,289 [main] INFO  ipc.CallQueueManager (CallQueueManager.java:<init>(84)) - Using callQueue: class java.util.concurrent.LinkedBlockingQueue, queueCapacity: 2000, scheduler: class org.apache.hadoop.ipc.DefaultRpcScheduler, ipcBackoff: false.
2019-11-19 00:29:58,290 [Socket Reader #1 for port 37180] INFO  ipc.Server (Server.java:run(1074)) - Starting Socket Reader #1 for port 37180
2019-11-19 00:29:58,318 [main] INFO  om.OzoneManager (OzoneManager.java:start(1077)) - OzoneManager RPC server is listening at localhost/127.0.0.1:37180
2019-11-19 00:29:58,319 [main] INFO  impl.MetricsSystemImpl (MetricsSystemImpl.java:init(158)) - OzoneManager metrics system started (again)
2019-11-19 00:29:58,326 [IPC Server Responder] INFO  ipc.Server (Server.java:run(1314)) - IPC Server Responder: starting
2019-11-19 00:29:58,327 [IPC Server listener on 37180] INFO  ipc.Server (Server.java:run(1153)) - IPC Server listener on 37180: starting
2019-11-19 00:29:58,334 [main] INFO  hdfs.DFSUtil (DFSUtil.java:httpServerTemplateForNNAndJN(1641)) - Starting Web-server for ozoneManager at: http://0.0.0.0:0
2019-11-19 00:29:58,337 [main] INFO  server.AuthenticationFilter (AuthenticationFilter.java:constructSecretProvider(240)) - Unable to initialize FileSignerSecretProvider, falling back to use random secrets.
2019-11-19 00:29:58,338 [main] WARN  http.HttpRequestLog (HttpRequestLog.java:getRequestLog(97)) - Jetty request log can only be enabled using Log4j
2019-11-19 00:29:58,341 [main] INFO  http.HttpServer2 (HttpServer2.java:addGlobalFilter(975)) - Added global filter 'safety' (class=org.apache.hadoop.http.HttpServer2$QuotingInputFilter)
2019-11-19 00:29:58,343 [main] INFO  http.HttpServer2 (HttpServer2.java:addFilter(948)) - Added filter static_user_filter (class=org.apache.hadoop.http.lib.StaticUserWebFilter$StaticUserFilter) to context ozoneManager
2019-11-19 00:29:58,343 [main] INFO  http.HttpServer2 (HttpServer2.java:addFilter(958)) - Added filter static_user_filter (class=org.apache.hadoop.http.lib.StaticUserWebFilter$StaticUserFilter) to context static
2019-11-19 00:29:58,343 [main] INFO  http.HttpServer2 (HttpServer2.java:addFilter(958)) - Added filter static_user_filter (class=org.apache.hadoop.http.lib.StaticUserWebFilter$StaticUserFilter) to context logs
2019-11-19 00:29:58,346 [main] INFO  http.HttpServer2 (HttpServer2.java:bindListener(1191)) - Jetty bound to port 32807
2019-11-19 00:29:58,346 [main] INFO  server.Server (Server.java:doStart(351)) - jetty-9.3.25.v20180904, build timestamp: 2018-09-04T21:11:46Z, git hash: 3ce520221d0240229c862b122d2b06c12a625732
2019-11-19 00:29:58,350 [main] INFO  handler.ContextHandler (ContextHandler.java:doStart(781)) - Started o.e.j.s.ServletContextHandler@7e46d648{/logs,file:///workdir/hadoop-ozone/tools/target/log,AVAILABLE}
2019-11-19 00:29:58,351 [main] INFO  handler.ContextHandler (ContextHandler.java:doStart(781)) - Started o.e.j.s.ServletContextHandler@2b0b4d53{/static,jar:file:/home/user/.m2/repository/org/apache/hadoop/hadoop-ozone-ozone-manager/0.5.0-SNAPSHOT/hadoop-ozone-ozone-manager-0.5.0-SNAPSHOT.jar!/webapps/static,AVAILABLE}
2019-11-19 00:29:58,417 [main] INFO  handler.ContextHandler (ContextHandler.java:doStart(781)) - Started o.e.j.w.WebAppContext@4bee18dc{/,file:///tmp/jetty-0.0.0.0-32807-ozoneManager-_-any-4467501943475176214.dir/webapp/,AVAILABLE}{/ozoneManager}
2019-11-19 00:29:58,418 [main] INFO  server.AbstractConnector (AbstractConnector.java:doStart(278)) - Started ServerConnector@44f3fe83{HTTP/1.1,[http/1.1]}{0.0.0.0:32807}
2019-11-19 00:29:58,418 [main] INFO  server.Server (Server.java:doStart(419)) - Started @4303ms
2019-11-19 00:29:58,418 [main] WARN  impl.MetricsSystemImpl (MetricsSystemImpl.java:register(276)) - Sink prometheus already exists!
2019-11-19 00:29:58,420 [main] INFO  server.BaseHttpServer (BaseHttpServer.java:updateConnectorAddress(215)) - HTTP server of OZONEMANAGER is listening at http://0.0.0.0:32807
2019-11-19 00:29:58,721 [main] INFO  impl.MetricsSystemImpl (MetricsSystemImpl.java:init(158)) - HddsDatanode metrics system started (again)
2019-11-19 00:29:58,770 [main] INFO  ozone.HddsDatanodeService (HddsDatanodeService.java:start(186)) - HddsDatanodeService host:pr-hdds-2536-szzs6-2090880147 ip:192.168.69.105
2019-11-19 00:29:58,823 [main] INFO  volume.HddsVolume (HddsVolume.java:<init>(176)) - Creating Volume: /workdir/hadoop-ozone/tools/target/test-dir/MiniOzoneClusterImpl-a19dc363-7e85-4d5f-b92a-6c0ef9d6aade/datanode-0/data/containers/hdds of  storage type : DISK and capacity : 1482555576320
2019-11-19 00:29:58,826 [main] INFO  volume.VolumeSet (VolumeSet.java:initializeVolumeSet(170)) - Added Volume : /workdir/hadoop-ozone/tools/target/test-dir/MiniOzoneClusterImpl-a19dc363-7e85-4d5f-b92a-6c0ef9d6aade/datanode-0/data/containers/hdds to VolumeSet
2019-11-19 00:29:58,830 [main] INFO  volume.ThrottledAsyncChecker (ThrottledAsyncChecker.java:schedule(141)) - Scheduling a check for /workdir/hadoop-ozone/tools/target/test-dir/MiniOzoneClusterImpl-a19dc363-7e85-4d5f-b92a-6c0ef9d6aade/datanode-0/data/containers/hdds
2019-11-19 00:29:58,854 [main] INFO  volume.HddsVolumeChecker (HddsVolumeChecker.java:checkAllVolumes(204)) - Scheduled health check for volume /workdir/hadoop-ozone/tools/target/test-dir/MiniOzoneClusterImpl-a19dc363-7e85-4d5f-b92a-6c0ef9d6aade/datanode-0/data/containers/hdds
2019-11-19 00:29:58,963 [main] INFO  impl.RaftServerProxy (ConfUtils.java:logGet(43)) - raft.rpc.type = GRPC (default)
2019-11-19 00:29:59,022 [main] INFO  grpc.GrpcFactory (GrpcFactory.java:checkPooledByteBufAllocatorUseCacheForAllThreads(45)) - PERFORMANCE WARNING: useCacheForAllThreads is true that may cause Netty to create a lot garbage objects and, as a result, trigger GC.
	It is recommended to disable useCacheForAllThreads by setting -Dorg.apache.ratis.thirdparty.io.netty.allocator.useCacheForAllThreads=false in command line.
2019-11-19 00:29:59,026 [main] INFO  grpc.GrpcConfigKeys$Server (ConfUtils.java:logGet(43)) - raft.grpc.server.port = 0 (default)
2019-11-19 00:29:59,028 [main] INFO  server.GrpcService (ConfUtils.java:logGet(43)) - raft.grpc.message.size.max = 33570816 (custom)
2019-11-19 00:29:59,029 [main] INFO  server.RaftServerConfigKeys (ConfUtils.java:logGet(43)) - raft.server.log.appender.buffer.byte-limit = 33554432 (custom)
2019-11-19 00:29:59,030 [main] INFO  server.GrpcService (ConfUtils.java:logGet(43)) - raft.grpc.flow.control.window = 1MB (=1048576) (default)
2019-11-19 00:29:59,030 [main] INFO  server.RaftServerConfigKeys (ConfUtils.java:logGet(43)) - raft.server.rpc.request.timeout = 3000ms (default)
2019-11-19 00:29:59,187 [main] INFO  server.RaftServerConfigKeys (ConfUtils.java:logGet(43)) - raft.server.storage.dir = [/workdir/hadoop-ozone/tools/target/test-dir/MiniOzoneClusterImpl-a19dc363-7e85-4d5f-b92a-6c0ef9d6aade/datanode-0/data/ratis] (custom)
2019-11-19 00:29:59,242 [main] INFO  hdfs.DFSUtil (DFSUtil.java:httpServerTemplateForNNAndJN(1641)) - Starting Web-server for hddsDatanode at: http://0.0.0.0:0
2019-11-19 00:29:59,245 [main] INFO  server.AuthenticationFilter (AuthenticationFilter.java:constructSecretProvider(240)) - Unable to initialize FileSignerSecretProvider, falling back to use random secrets.
2019-11-19 00:29:59,246 [main] WARN  http.HttpRequestLog (HttpRequestLog.java:getRequestLog(97)) - Jetty request log can only be enabled using Log4j
2019-11-19 00:29:59,250 [main] INFO  http.HttpServer2 (HttpServer2.java:addGlobalFilter(975)) - Added global filter 'safety' (class=org.apache.hadoop.http.HttpServer2$QuotingInputFilter)
2019-11-19 00:29:59,251 [main] INFO  http.HttpServer2 (HttpServer2.java:addFilter(948)) - Added filter static_user_filter (class=org.apache.hadoop.http.lib.StaticUserWebFilter$StaticUserFilter) to context hddsDatanode
2019-11-19 00:29:59,251 [main] INFO  http.HttpServer2 (HttpServer2.java:addFilter(958)) - Added filter static_user_filter (class=org.apache.hadoop.http.lib.StaticUserWebFilter$StaticUserFilter) to context logs
2019-11-19 00:29:59,252 [main] INFO  http.HttpServer2 (HttpServer2.java:addFilter(958)) - Added filter static_user_filter (class=org.apache.hadoop.http.lib.StaticUserWebFilter$StaticUserFilter) to context static
2019-11-19 00:29:59,253 [main] INFO  http.HttpServer2 (HttpServer2.java:bindListener(1191)) - Jetty bound to port 36416
2019-11-19 00:29:59,254 [main] INFO  server.Server (Server.java:doStart(351)) - jetty-9.3.25.v20180904, build timestamp: 2018-09-04T21:11:46Z, git hash: 3ce520221d0240229c862b122d2b06c12a625732
2019-11-19 00:29:59,257 [main] INFO  handler.ContextHandler (ContextHandler.java:doStart(781)) - Started o.e.j.s.ServletContextHandler@f951a7f{/logs,file:///workdir/hadoop-ozone/tools/target/log,AVAILABLE}
2019-11-19 00:29:59,258 [main] INFO  handler.ContextHandler (ContextHandler.java:doStart(781)) - Started o.e.j.s.ServletContextHandler@4c777e7b{/static,jar:file:/home/user/.m2/repository/org/apache/hadoop/hadoop-hdds-container-service/0.5.0-SNAPSHOT/hadoop-hdds-container-service-0.5.0-SNAPSHOT.jar!/webapps/static,AVAILABLE}
2019-11-19 00:29:59,306 [main] INFO  handler.ContextHandler (ContextHandler.java:doStart(781)) - Started o.e.j.w.WebAppContext@b606cb6{/,file:///tmp/jetty-0.0.0.0-36416-hddsDatanode-_-any-3542126619952047008.dir/webapp/,AVAILABLE}{/hddsDatanode}
2019-11-19 00:29:59,307 [main] INFO  server.AbstractConnector (AbstractConnector.java:doStart(278)) - Started ServerConnector@2a3194c6{HTTP/1.1,[http/1.1]}{0.0.0.0:36416}
2019-11-19 00:29:59,308 [main] INFO  server.Server (Server.java:doStart(419)) - Started @5193ms
2019-11-19 00:29:59,309 [main] WARN  impl.MetricsSystemImpl (MetricsSystemImpl.java:register(276)) - Sink prometheus already exists!
2019-11-19 00:29:59,310 [main] INFO  server.BaseHttpServer (BaseHttpServer.java:updateConnectorAddress(215)) - HTTP server of HDDSDATANODE is listening at http://0.0.0.0:36416
2019-11-19 00:29:59,311 [main] INFO  impl.MetricsSystemImpl (MetricsSystemImpl.java:init(158)) - HddsDatanode metrics system started (again)
2019-11-19 00:29:59,314 [main] INFO  ozone.HddsDatanodeService (HddsDatanodeService.java:start(186)) - HddsDatanodeService host:pr-hdds-2536-szzs6-2090880147 ip:192.168.69.105
2019-11-19 00:29:59,317 [org.apache.hadoop.util.JvmPauseMonitor$Monitor@1e625422] INFO  util.JvmPauseMonitor (JvmPauseMonitor.java:run(188)) - Starting JVM pause monitor
2019-11-19 00:29:59,326 [main] INFO  volume.HddsVolume (HddsVolume.java:<init>(176)) - Creating Volume: /workdir/hadoop-ozone/tools/target/test-dir/MiniOzoneClusterImpl-a19dc363-7e85-4d5f-b92a-6c0ef9d6aade/datanode-1/data/containers/hdds of  storage type : DISK and capacity : 1482555576320
2019-11-19 00:29:59,326 [main] INFO  volume.VolumeSet (VolumeSet.java:initializeVolumeSet(170)) - Added Volume : /workdir/hadoop-ozone/tools/target/test-dir/MiniOzoneClusterImpl-a19dc363-7e85-4d5f-b92a-6c0ef9d6aade/datanode-1/data/containers/hdds to VolumeSet
2019-11-19 00:29:59,326 [main] INFO  volume.ThrottledAsyncChecker (ThrottledAsyncChecker.java:schedule(141)) - Scheduling a check for /workdir/hadoop-ozone/tools/target/test-dir/MiniOzoneClusterImpl-a19dc363-7e85-4d5f-b92a-6c0ef9d6aade/datanode-1/data/containers/hdds
2019-11-19 00:29:59,328 [main] INFO  volume.HddsVolumeChecker (HddsVolumeChecker.java:checkAllVolumes(204)) - Scheduled health check for volume /workdir/hadoop-ozone/tools/target/test-dir/MiniOzoneClusterImpl-a19dc363-7e85-4d5f-b92a-6c0ef9d6aade/datanode-1/data/containers/hdds
2019-11-19 00:29:59,346 [main] INFO  impl.RaftServerProxy (ConfUtils.java:logGet(43)) - raft.rpc.type = GRPC (default)
2019-11-19 00:29:59,346 [main] INFO  grpc.GrpcFactory (GrpcFactory.java:checkPooledByteBufAllocatorUseCacheForAllThreads(45)) - PERFORMANCE WARNING: useCacheForAllThreads is true that may cause Netty to create a lot garbage objects and, as a result, trigger GC.
	It is recommended to disable useCacheForAllThreads by setting -Dorg.apache.ratis.thirdparty.io.netty.allocator.useCacheForAllThreads=false in command line.
2019-11-19 00:29:59,346 [main] INFO  grpc.GrpcConfigKeys$Server (ConfUtils.java:logGet(43)) - raft.grpc.server.port = 0 (default)
2019-11-19 00:29:59,347 [main] INFO  server.GrpcService (ConfUtils.java:logGet(43)) - raft.grpc.message.size.max = 33570816 (custom)
2019-11-19 00:29:59,347 [main] INFO  server.RaftServerConfigKeys (ConfUtils.java:logGet(43)) - raft.server.log.appender.buffer.byte-limit = 33554432 (custom)
2019-11-19 00:29:59,347 [main] INFO  server.GrpcService (ConfUtils.java:logGet(43)) - raft.grpc.flow.control.window = 1MB (=1048576) (default)
2019-11-19 00:29:59,348 [main] INFO  server.RaftServerConfigKeys (ConfUtils.java:logGet(43)) - raft.server.rpc.request.timeout = 3000ms (default)
2019-11-19 00:29:59,349 [main] INFO  server.RaftServerConfigKeys (ConfUtils.java:logGet(43)) - raft.server.storage.dir = [/workdir/hadoop-ozone/tools/target/test-dir/MiniOzoneClusterImpl-a19dc363-7e85-4d5f-b92a-6c0ef9d6aade/datanode-1/data/ratis] (custom)
2019-11-19 00:29:59,351 [main] INFO  hdfs.DFSUtil (DFSUtil.java:httpServerTemplateForNNAndJN(1641)) - Starting Web-server for hddsDatanode at: http://0.0.0.0:0
2019-11-19 00:29:59,352 [main] INFO  server.AuthenticationFilter (AuthenticationFilter.java:constructSecretProvider(240)) - Unable to initialize FileSignerSecretProvider, falling back to use random secrets.
2019-11-19 00:29:59,353 [main] WARN  http.HttpRequestLog (HttpRequestLog.java:getRequestLog(97)) - Jetty request log can only be enabled using Log4j
2019-11-19 00:29:59,355 [main] INFO  http.HttpServer2 (HttpServer2.java:addGlobalFilter(975)) - Added global filter 'safety' (class=org.apache.hadoop.http.HttpServer2$QuotingInputFilter)
2019-11-19 00:29:59,355 [main] INFO  http.HttpServer2 (HttpServer2.java:addFilter(948)) - Added filter static_user_filter (class=org.apache.hadoop.http.lib.StaticUserWebFilter$StaticUserFilter) to context hddsDatanode
2019-11-19 00:29:59,355 [main] INFO  http.HttpServer2 (HttpServer2.java:addFilter(958)) - Added filter static_user_filter (class=org.apache.hadoop.http.lib.StaticUserWebFilter$StaticUserFilter) to context logs
2019-11-19 00:29:59,356 [main] INFO  http.HttpServer2 (HttpServer2.java:addFilter(958)) - Added filter static_user_filter (class=org.apache.hadoop.http.lib.StaticUserWebFilter$StaticUserFilter) to context static
2019-11-19 00:29:59,356 [main] INFO  http.HttpServer2 (HttpServer2.java:bindListener(1191)) - Jetty bound to port 38366
2019-11-19 00:29:59,357 [main] INFO  server.Server (Server.java:doStart(351)) - jetty-9.3.25.v20180904, build timestamp: 2018-09-04T21:11:46Z, git hash: 3ce520221d0240229c862b122d2b06c12a625732
2019-11-19 00:29:59,360 [main] INFO  handler.ContextHandler (ContextHandler.java:doStart(781)) - Started o.e.j.s.ServletContextHandler@5e1d03d7{/logs,file:///workdir/hadoop-ozone/tools/target/log,AVAILABLE}
2019-11-19 00:29:59,360 [main] INFO  handler.ContextHandler (ContextHandler.java:doStart(781)) - Started o.e.j.s.ServletContextHandler@48d293ee{/static,jar:file:/home/user/.m2/repository/org/apache/hadoop/hadoop-hdds-container-service/0.5.0-SNAPSHOT/hadoop-hdds-container-service-0.5.0-SNAPSHOT.jar!/webapps/static,AVAILABLE}
2019-11-19 00:29:59,392 [main] INFO  handler.ContextHandler (ContextHandler.java:doStart(781)) - Started o.e.j.w.WebAppContext@1229a2b7{/,file:///tmp/jetty-0.0.0.0-38366-hddsDatanode-_-any-6498509143293576964.dir/webapp/,AVAILABLE}{/hddsDatanode}
2019-11-19 00:29:59,393 [main] INFO  server.AbstractConnector (AbstractConnector.java:doStart(278)) - Started ServerConnector@e5cbff2{HTTP/1.1,[http/1.1]}{0.0.0.0:38366}
2019-11-19 00:29:59,393 [main] INFO  server.Server (Server.java:doStart(419)) - Started @5279ms
2019-11-19 00:29:59,394 [main] WARN  impl.MetricsSystemImpl (MetricsSystemImpl.java:register(276)) - Sink prometheus already exists!
2019-11-19 00:29:59,395 [main] INFO  server.BaseHttpServer (BaseHttpServer.java:updateConnectorAddress(215)) - HTTP server of HDDSDATANODE is listening at http://0.0.0.0:38366
2019-11-19 00:29:59,396 [main] INFO  impl.MetricsSystemImpl (MetricsSystemImpl.java:init(158)) - HddsDatanode metrics system started (again)
2019-11-19 00:29:59,399 [main] INFO  ozone.HddsDatanodeService (HddsDatanodeService.java:start(186)) - HddsDatanodeService host:pr-hdds-2536-szzs6-2090880147 ip:192.168.69.105
2019-11-19 00:29:59,399 [org.apache.hadoop.util.JvmPauseMonitor$Monitor@1c76d485] INFO  util.JvmPauseMonitor (JvmPauseMonitor.java:run(188)) - Starting JVM pause monitor
2019-11-19 00:29:59,408 [main] INFO  volume.HddsVolume (HddsVolume.java:<init>(176)) - Creating Volume: /workdir/hadoop-ozone/tools/target/test-dir/MiniOzoneClusterImpl-a19dc363-7e85-4d5f-b92a-6c0ef9d6aade/datanode-2/data/containers/hdds of  storage type : DISK and capacity : 1482555576320
2019-11-19 00:29:59,408 [main] INFO  volume.VolumeSet (VolumeSet.java:initializeVolumeSet(170)) - Added Volume : /workdir/hadoop-ozone/tools/target/test-dir/MiniOzoneClusterImpl-a19dc363-7e85-4d5f-b92a-6c0ef9d6aade/datanode-2/data/containers/hdds to VolumeSet
2019-11-19 00:29:59,408 [main] INFO  volume.ThrottledAsyncChecker (ThrottledAsyncChecker.java:schedule(141)) - Scheduling a check for /workdir/hadoop-ozone/tools/target/test-dir/MiniOzoneClusterImpl-a19dc363-7e85-4d5f-b92a-6c0ef9d6aade/datanode-2/data/containers/hdds
2019-11-19 00:29:59,409 [main] INFO  volume.HddsVolumeChecker (HddsVolumeChecker.java:checkAllVolumes(204)) - Scheduled health check for volume /workdir/hadoop-ozone/tools/target/test-dir/MiniOzoneClusterImpl-a19dc363-7e85-4d5f-b92a-6c0ef9d6aade/datanode-2/data/containers/hdds
2019-11-19 00:29:59,424 [main] INFO  impl.RaftServerProxy (ConfUtils.java:logGet(43)) - raft.rpc.type = GRPC (default)
2019-11-19 00:29:59,424 [main] INFO  grpc.GrpcFactory (GrpcFactory.java:checkPooledByteBufAllocatorUseCacheForAllThreads(45)) - PERFORMANCE WARNING: useCacheForAllThreads is true that may cause Netty to create a lot garbage objects and, as a result, trigger GC.
	It is recommended to disable useCacheForAllThreads by setting -Dorg.apache.ratis.thirdparty.io.netty.allocator.useCacheForAllThreads=false in command line.
2019-11-19 00:29:59,424 [main] INFO  grpc.GrpcConfigKeys$Server (ConfUtils.java:logGet(43)) - raft.grpc.server.port = 0 (default)
2019-11-19 00:29:59,424 [main] INFO  server.GrpcService (ConfUtils.java:logGet(43)) - raft.grpc.message.size.max = 33570816 (custom)
2019-11-19 00:29:59,425 [main] INFO  server.RaftServerConfigKeys (ConfUtils.java:logGet(43)) - raft.server.log.appender.buffer.byte-limit = 33554432 (custom)
2019-11-19 00:29:59,425 [main] INFO  server.GrpcService (ConfUtils.java:logGet(43)) - raft.grpc.flow.control.window = 1MB (=1048576) (default)
2019-11-19 00:29:59,425 [main] INFO  server.RaftServerConfigKeys (ConfUtils.java:logGet(43)) - raft.server.rpc.request.timeout = 3000ms (default)
2019-11-19 00:29:59,425 [Datanode State Machine Thread - 0] INFO  datanode.InitDatanodeState (InitDatanodeState.java:persistContainerDatanodeDetails(140)) - DatanodeDetails is persisted to /workdir/hadoop-ozone/tools/target/test-dir/MiniOzoneClusterImpl-a19dc363-7e85-4d5f-b92a-6c0ef9d6aade/datanode-0/meta/datanode.id
2019-11-19 00:29:59,426 [main] INFO  server.RaftServerConfigKeys (ConfUtils.java:logGet(43)) - raft.server.storage.dir = [/workdir/hadoop-ozone/tools/target/test-dir/MiniOzoneClusterImpl-a19dc363-7e85-4d5f-b92a-6c0ef9d6aade/datanode-2/data/ratis] (custom)
2019-11-19 00:29:59,429 [Datanode State Machine Thread - 0] INFO  datanode.InitDatanodeState (InitDatanodeState.java:persistContainerDatanodeDetails(140)) - DatanodeDetails is persisted to /workdir/hadoop-ozone/tools/target/test-dir/MiniOzoneClusterImpl-a19dc363-7e85-4d5f-b92a-6c0ef9d6aade/datanode-1/meta/datanode.id
2019-11-19 00:29:59,429 [main] INFO  hdfs.DFSUtil (DFSUtil.java:httpServerTemplateForNNAndJN(1641)) - Starting Web-server for hddsDatanode at: http://0.0.0.0:0
2019-11-19 00:29:59,430 [main] INFO  server.AuthenticationFilter (AuthenticationFilter.java:constructSecretProvider(240)) - Unable to initialize FileSignerSecretProvider, falling back to use random secrets.
2019-11-19 00:29:59,431 [main] WARN  http.HttpRequestLog (HttpRequestLog.java:getRequestLog(97)) - Jetty request log can only be enabled using Log4j
2019-11-19 00:29:59,432 [main] INFO  http.HttpServer2 (HttpServer2.java:addGlobalFilter(975)) - Added global filter 'safety' (class=org.apache.hadoop.http.HttpServer2$QuotingInputFilter)
2019-11-19 00:29:59,433 [main] INFO  http.HttpServer2 (HttpServer2.java:addFilter(948)) - Added filter static_user_filter (class=org.apache.hadoop.http.lib.StaticUserWebFilter$StaticUserFilter) to context hddsDatanode
2019-11-19 00:29:59,433 [main] INFO  http.HttpServer2 (HttpServer2.java:addFilter(958)) - Added filter static_user_filter (class=org.apache.hadoop.http.lib.StaticUserWebFilter$StaticUserFilter) to context logs
2019-11-19 00:29:59,433 [main] INFO  http.HttpServer2 (HttpServer2.java:addFilter(958)) - Added filter static_user_filter (class=org.apache.hadoop.http.lib.StaticUserWebFilter$StaticUserFilter) to context static
2019-11-19 00:29:59,434 [main] INFO  http.HttpServer2 (HttpServer2.java:bindListener(1191)) - Jetty bound to port 39602
2019-11-19 00:29:59,434 [main] INFO  server.Server (Server.java:doStart(351)) - jetty-9.3.25.v20180904, build timestamp: 2018-09-04T21:11:46Z, git hash: 3ce520221d0240229c862b122d2b06c12a625732
2019-11-19 00:29:59,436 [main] INFO  handler.ContextHandler (ContextHandler.java:doStart(781)) - Started o.e.j.s.ServletContextHandler@421056e5{/logs,file:///workdir/hadoop-ozone/tools/target/log,AVAILABLE}
2019-11-19 00:29:59,437 [main] INFO  handler.ContextHandler (ContextHandler.java:doStart(781)) - Started o.e.j.s.ServletContextHandler@60bbacfc{/static,jar:file:/home/user/.m2/repository/org/apache/hadoop/hadoop-hdds-container-service/0.5.0-SNAPSHOT/hadoop-hdds-container-service-0.5.0-SNAPSHOT.jar!/webapps/static,AVAILABLE}
2019-11-19 00:29:59,464 [main] INFO  handler.ContextHandler (ContextHandler.java:doStart(781)) - Started o.e.j.w.WebAppContext@5f7989fa{/,file:///tmp/jetty-0.0.0.0-39602-hddsDatanode-_-any-8543504175213067645.dir/webapp/,AVAILABLE}{/hddsDatanode}
2019-11-19 00:29:59,465 [main] INFO  server.AbstractConnector (AbstractConnector.java:doStart(278)) - Started ServerConnector@5bc28f40{HTTP/1.1,[http/1.1]}{0.0.0.0:39602}
2019-11-19 00:29:59,465 [main] INFO  server.Server (Server.java:doStart(419)) - Started @5350ms
2019-11-19 00:29:59,466 [main] WARN  impl.MetricsSystemImpl (MetricsSystemImpl.java:register(276)) - Sink prometheus already exists!
2019-11-19 00:29:59,467 [main] INFO  server.BaseHttpServer (BaseHttpServer.java:updateConnectorAddress(215)) - HTTP server of HDDSDATANODE is listening at http://0.0.0.0:39602
2019-11-19 00:29:59,469 [main] INFO  ozone.MiniOzoneClusterImpl (MiniOzoneClusterImpl.java:lambda$waitForClusterToBeReady$0(150)) - Waiting for nodes to be ready. Got 0 of 3 DN Heartbeats.
2019-11-19 00:29:59,469 [main] INFO  ozone.MiniOzoneClusterImpl (MiniOzoneClusterImpl.java:lambda$waitForClusterToBeReady$0(153)) - Waiting for cluster to exit safe mode
2019-11-19 00:29:59,470 [org.apache.hadoop.util.JvmPauseMonitor$Monitor@557053d4] INFO  util.JvmPauseMonitor (JvmPauseMonitor.java:run(188)) - Starting JVM pause monitor
2019-11-19 00:29:59,471 [Datanode State Machine Thread - 0] INFO  datanode.InitDatanodeState (InitDatanodeState.java:persistContainerDatanodeDetails(140)) - DatanodeDetails is persisted to /workdir/hadoop-ozone/tools/target/test-dir/MiniOzoneClusterImpl-a19dc363-7e85-4d5f-b92a-6c0ef9d6aade/datanode-2/meta/datanode.id
2019-11-19 00:30:00,469 [main] INFO  ozone.MiniOzoneClusterImpl (MiniOzoneClusterImpl.java:lambda$waitForClusterToBeReady$0(150)) - Waiting for nodes to be ready. Got 0 of 3 DN Heartbeats.
2019-11-19 00:30:00,470 [main] INFO  ozone.MiniOzoneClusterImpl (MiniOzoneClusterImpl.java:lambda$waitForClusterToBeReady$0(153)) - Waiting for cluster to exit safe mode
2019-11-19 00:30:01,409 [Datanode State Machine Thread - 0] INFO  ozoneimpl.OzoneContainer (OzoneContainer.java:start(230)) - Attempting to start container services.
2019-11-19 00:30:01,409 [Datanode State Machine Thread - 0] INFO  ozoneimpl.OzoneContainer (OzoneContainer.java:start(230)) - Attempting to start container services.
2019-11-19 00:30:01,413 [Datanode State Machine Thread - 0] INFO  ozoneimpl.OzoneContainer (OzoneContainer.java:startContainerScrub(194)) - Background container scanner has been disabled.
2019-11-19 00:30:01,413 [Datanode State Machine Thread - 0] INFO  ozoneimpl.OzoneContainer (OzoneContainer.java:startContainerScrub(194)) - Background container scanner has been disabled.
2019-11-19 00:30:01,413 [Datanode State Machine Thread - 0] INFO  ratis.XceiverServerRatis (XceiverServerRatis.java:start(422)) - Starting XceiverServerRatis e40a9ad9-61b8-4c84-9e56-4a58a674b331 at port 0
2019-11-19 00:30:01,413 [Datanode State Machine Thread - 0] INFO  ratis.XceiverServerRatis (XceiverServerRatis.java:start(422)) - Starting XceiverServerRatis 10e43304-02b7-4cde-a6c2-5453586e0897 at port 0
2019-11-19 00:30:01,449 [Datanode State Machine Thread - 0] INFO  impl.RaftServerProxy (RaftServerProxy.java:lambda$start$3(299)) - 10e43304-02b7-4cde-a6c2-5453586e0897: start RPC server
2019-11-19 00:30:01,449 [Datanode State Machine Thread - 0] INFO  impl.RaftServerProxy (RaftServerProxy.java:lambda$start$3(299)) - e40a9ad9-61b8-4c84-9e56-4a58a674b331: start RPC server
2019-11-19 00:30:01,470 [main] INFO  ozone.MiniOzoneClusterImpl (MiniOzoneClusterImpl.java:lambda$waitForClusterToBeReady$0(150)) - Waiting for nodes to be ready. Got 0 of 3 DN Heartbeats.
2019-11-19 00:30:01,472 [main] INFO  ozone.MiniOzoneClusterImpl (MiniOzoneClusterImpl.java:lambda$waitForClusterToBeReady$0(153)) - Waiting for cluster to exit safe mode
2019-11-19 00:30:01,485 [Datanode State Machine Thread - 0] INFO  ozoneimpl.OzoneContainer (OzoneContainer.java:start(230)) - Attempting to start container services.
2019-11-19 00:30:01,489 [Datanode State Machine Thread - 0] INFO  ozoneimpl.OzoneContainer (OzoneContainer.java:startContainerScrub(194)) - Background container scanner has been disabled.
2019-11-19 00:30:01,489 [Datanode State Machine Thread - 0] INFO  ratis.XceiverServerRatis (XceiverServerRatis.java:start(422)) - Starting XceiverServerRatis bc99bf45-4121-4a06-aeae-d9c6d964d059 at port 0
2019-11-19 00:30:01,497 [Datanode State Machine Thread - 0] INFO  impl.RaftServerProxy (RaftServerProxy.java:lambda$start$3(299)) - bc99bf45-4121-4a06-aeae-d9c6d964d059: start RPC server
2019-11-19 00:30:01,579 [Datanode State Machine Thread - 0] INFO  server.GrpcService (GrpcService.java:startImpl(158)) - e40a9ad9-61b8-4c84-9e56-4a58a674b331: GrpcService started, listening on 0.0.0.0/0.0.0.0:41649
2019-11-19 00:30:01,579 [Datanode State Machine Thread - 0] INFO  server.GrpcService (GrpcService.java:startImpl(158)) - bc99bf45-4121-4a06-aeae-d9c6d964d059: GrpcService started, listening on 0.0.0.0/0.0.0.0:40478
2019-11-19 00:30:01,579 [Datanode State Machine Thread - 0] INFO  server.GrpcService (GrpcService.java:startImpl(158)) - 10e43304-02b7-4cde-a6c2-5453586e0897: GrpcService started, listening on 0.0.0.0/0.0.0.0:35821
2019-11-19 00:30:01,580 [Datanode State Machine Thread - 0] INFO  ratis.XceiverServerRatis (XceiverServerRatis.java:start(432)) - XceiverServerRatis bc99bf45-4121-4a06-aeae-d9c6d964d059 is started using port 40478
2019-11-19 00:30:01,580 [Datanode State Machine Thread - 0] INFO  ratis.XceiverServerRatis (XceiverServerRatis.java:start(432)) - XceiverServerRatis e40a9ad9-61b8-4c84-9e56-4a58a674b331 is started using port 41649
2019-11-19 00:30:01,580 [Datanode State Machine Thread - 0] INFO  ratis.XceiverServerRatis (XceiverServerRatis.java:start(432)) - XceiverServerRatis 10e43304-02b7-4cde-a6c2-5453586e0897 is started using port 35821
2019-11-19 00:30:01,587 [Datanode State Machine Thread - 0] INFO  server.XceiverServerGrpc (XceiverServerGrpc.java:start(145)) - XceiverServerGrpc e40a9ad9-61b8-4c84-9e56-4a58a674b331 is started using port 44793
2019-11-19 00:30:01,587 [Datanode State Machine Thread - 0] INFO  server.XceiverServerGrpc (XceiverServerGrpc.java:start(145)) - XceiverServerGrpc bc99bf45-4121-4a06-aeae-d9c6d964d059 is started using port 39436
2019-11-19 00:30:01,587 [Datanode State Machine Thread - 0] INFO  server.XceiverServerGrpc (XceiverServerGrpc.java:start(145)) - XceiverServerGrpc 10e43304-02b7-4cde-a6c2-5453586e0897 is started using port 34284
2019-11-19 00:30:02,472 [main] INFO  ozone.MiniOzoneClusterImpl (MiniOzoneClusterImpl.java:lambda$waitForClusterToBeReady$0(150)) - Waiting for nodes to be ready. Got 0 of 3 DN Heartbeats.
2019-11-19 00:30:02,473 [main] INFO  ozone.MiniOzoneClusterImpl (MiniOzoneClusterImpl.java:lambda$waitForClusterToBeReady$0(153)) - Waiting for cluster to exit safe mode
2019-11-19 00:30:03,363 [IPC Server handler 0 on 40405] INFO  net.NetworkTopology (NetworkTopologyImpl.java:add(111)) - Added a new node: /default-rack/10e43304-02b7-4cde-a6c2-5453586e0897
2019-11-19 00:30:03,363 [IPC Server handler 0 on 40405] INFO  node.SCMNodeManager (SCMNodeManager.java:register(267)) - Registered Data node : 10e43304-02b7-4cde-a6c2-5453586e0897{ip: 192.168.69.105, host: pr-hdds-2536-szzs6-2090880147, networkLocation: /default-rack, certSerialId: null}
2019-11-19 00:30:03,367 [EventQueue-NodeRegistrationContainerReportForContainerSafeModeRule] INFO  safemode.SCMSafeModeManager (SCMSafeModeManager.java:validateSafeModeExitRules(176)) - ContainerSafeModeRule rule is successfully validated
2019-11-19 00:30:03,367 [EventQueue-NodeRegistrationContainerReportForDataNodeSafeModeRule] INFO  safemode.SCMSafeModeManager (DataNodeSafeModeRule.java:process(71)) - SCM in safe mode. 1 DataNodes registered, 1 required.
2019-11-19 00:30:03,368 [EventQueue-NodeRegistrationContainerReportForDataNodeSafeModeRule] INFO  safemode.SCMSafeModeManager (SCMSafeModeManager.java:validateSafeModeExitRules(176)) - DataNodeSafeModeRule rule is successfully validated
2019-11-19 00:30:03,370 [RatisPipelineUtilsThread] INFO  pipeline.RatisPipelineProvider (RatisPipelineProvider.java:lambda$create$4(163)) - Send pipeline:PipelineID=7a192fd9-83ba-43ba-979f-5b30aa9c74d1 create command to datanode 10e43304-02b7-4cde-a6c2-5453586e0897
2019-11-19 00:30:03,381 [RatisPipelineUtilsThread] INFO  pipeline.PipelineStateManager (PipelineStateManager.java:addPipeline(55)) - Created pipeline Pipeline[ Id: 7a192fd9-83ba-43ba-979f-5b30aa9c74d1, Nodes: 10e43304-02b7-4cde-a6c2-5453586e0897{ip: 192.168.69.105, host: pr-hdds-2536-szzs6-2090880147, networkLocation: /default-rack, certSerialId: null}, Type:RATIS, Factor:ONE, State:ALLOCATED]
2019-11-19 00:30:03,402 [IPC Server handler 2 on 40405] INFO  net.NetworkTopology (NetworkTopologyImpl.java:add(111)) - Added a new node: /default-rack/e40a9ad9-61b8-4c84-9e56-4a58a674b331
2019-11-19 00:30:03,403 [IPC Server handler 2 on 40405] INFO  node.SCMNodeManager (SCMNodeManager.java:register(267)) - Registered Data node : e40a9ad9-61b8-4c84-9e56-4a58a674b331{ip: 192.168.69.105, host: pr-hdds-2536-szzs6-2090880147, networkLocation: /default-rack, certSerialId: null}
2019-11-19 00:30:03,403 [EventQueue-NodeRegistrationContainerReportForContainerSafeModeRule] INFO  safemode.SCMSafeModeManager (SCMSafeModeManager.java:validateSafeModeExitRules(176)) - ContainerSafeModeRule rule is successfully validated
2019-11-19 00:30:03,403 [RatisPipelineUtilsThread] INFO  pipeline.RatisPipelineProvider (RatisPipelineProvider.java:lambda$create$4(163)) - Send pipeline:PipelineID=ae457ff7-c89f-40d3-af6e-6394ac593de5 create command to datanode e40a9ad9-61b8-4c84-9e56-4a58a674b331
2019-11-19 00:30:03,403 [EventQueue-NodeRegistrationContainerReportForDataNodeSafeModeRule] INFO  safemode.SCMSafeModeManager (SCMSafeModeManager.java:validateSafeModeExitRules(176)) - DataNodeSafeModeRule rule is successfully validated
2019-11-19 00:30:03,404 [RatisPipelineUtilsThread] INFO  pipeline.PipelineStateManager (PipelineStateManager.java:addPipeline(55)) - Created pipeline Pipeline[ Id: ae457ff7-c89f-40d3-af6e-6394ac593de5, Nodes: e40a9ad9-61b8-4c84-9e56-4a58a674b331{ip: 192.168.69.105, host: pr-hdds-2536-szzs6-2090880147, networkLocation: /default-rack, certSerialId: null}, Type:RATIS, Factor:ONE, State:ALLOCATED]
2019-11-19 00:30:03,473 [IPC Server handler 3 on 40405] INFO  net.NetworkTopology (NetworkTopologyImpl.java:add(111)) - Added a new node: /default-rack/bc99bf45-4121-4a06-aeae-d9c6d964d059
2019-11-19 00:30:03,473 [main] INFO  ozone.MiniOzoneClusterImpl (MiniOzoneClusterImpl.java:lambda$waitForClusterToBeReady$0(150)) - Nodes are ready. Got 3 of 3 DN Heartbeats.
2019-11-19 00:30:03,473 [RatisPipelineUtilsThread] INFO  pipeline.RatisPipelineProvider (RatisPipelineProvider.java:lambda$create$4(163)) - Send pipeline:PipelineID=5d6a2a86-9ed5-4039-91c2-8441dfd180ec create command to datanode bc99bf45-4121-4a06-aeae-d9c6d964d059
2019-11-19 00:30:03,473 [IPC Server handler 3 on 40405] INFO  node.SCMNodeManager (SCMNodeManager.java:register(267)) - Registered Data node : bc99bf45-4121-4a06-aeae-d9c6d964d059{ip: 192.168.69.105, host: pr-hdds-2536-szzs6-2090880147, networkLocation: /default-rack, certSerialId: null}
2019-11-19 00:30:03,474 [main] INFO  ozone.MiniOzoneClusterImpl (MiniOzoneClusterImpl.java:lambda$waitForClusterToBeReady$0(153)) - Waiting for cluster to exit safe mode
2019-11-19 00:30:03,474 [EventQueue-NodeRegistrationContainerReportForContainerSafeModeRule] INFO  safemode.SCMSafeModeManager (SCMSafeModeManager.java:validateSafeModeExitRules(176)) - ContainerSafeModeRule rule is successfully validated
2019-11-19 00:30:03,475 [RatisPipelineUtilsThread] INFO  pipeline.PipelineStateManager (PipelineStateManager.java:addPipeline(55)) - Created pipeline Pipeline[ Id: 5d6a2a86-9ed5-4039-91c2-8441dfd180ec, Nodes: bc99bf45-4121-4a06-aeae-d9c6d964d059{ip: 192.168.69.105, host: pr-hdds-2536-szzs6-2090880147, networkLocation: /default-rack, certSerialId: null}, Type:RATIS, Factor:ONE, State:ALLOCATED]
2019-11-19 00:30:03,475 [EventQueue-NodeRegistrationContainerReportForDataNodeSafeModeRule] INFO  safemode.SCMSafeModeManager (SCMSafeModeManager.java:validateSafeModeExitRules(176)) - DataNodeSafeModeRule rule is successfully validated
2019-11-19 00:30:03,476 [RatisPipelineUtilsThread] INFO  pipeline.RatisPipelineProvider (RatisPipelineProvider.java:lambda$create$4(163)) - Send pipeline:PipelineID=635a24b9-c7d2-4959-a2e8-a8e4bcbbd40e create command to datanode 10e43304-02b7-4cde-a6c2-5453586e0897
2019-11-19 00:30:03,476 [RatisPipelineUtilsThread] INFO  pipeline.RatisPipelineProvider (RatisPipelineProvider.java:lambda$create$4(163)) - Send pipeline:PipelineID=635a24b9-c7d2-4959-a2e8-a8e4bcbbd40e create command to datanode e40a9ad9-61b8-4c84-9e56-4a58a674b331
2019-11-19 00:30:03,477 [RatisPipelineUtilsThread] INFO  pipeline.RatisPipelineProvider (RatisPipelineProvider.java:lambda$create$4(163)) - Send pipeline:PipelineID=635a24b9-c7d2-4959-a2e8-a8e4bcbbd40e create command to datanode bc99bf45-4121-4a06-aeae-d9c6d964d059
2019-11-19 00:30:03,478 [RatisPipelineUtilsThread] INFO  pipeline.PipelineStateManager (PipelineStateManager.java:addPipeline(55)) - Created pipeline Pipeline[ Id: 635a24b9-c7d2-4959-a2e8-a8e4bcbbd40e, Nodes: 10e43304-02b7-4cde-a6c2-5453586e0897{ip: 192.168.69.105, host: pr-hdds-2536-szzs6-2090880147, networkLocation: /default-rack, certSerialId: null}e40a9ad9-61b8-4c84-9e56-4a58a674b331{ip: 192.168.69.105, host: pr-hdds-2536-szzs6-2090880147, networkLocation: /default-rack, certSerialId: null}bc99bf45-4121-4a06-aeae-d9c6d964d059{ip: 192.168.69.105, host: pr-hdds-2536-szzs6-2090880147, networkLocation: /default-rack, certSerialId: null}, Type:RATIS, Factor:THREE, State:ALLOCATED]
2019-11-19 00:30:04,475 [main] INFO  ozone.MiniOzoneClusterImpl (MiniOzoneClusterImpl.java:lambda$waitForClusterToBeReady$0(150)) - Nodes are ready. Got 3 of 3 DN Heartbeats.
2019-11-19 00:30:04,475 [main] INFO  ozone.MiniOzoneClusterImpl (MiniOzoneClusterImpl.java:lambda$waitForClusterToBeReady$0(153)) - Waiting for cluster to exit safe mode
2019-11-19 00:30:05,476 [main] INFO  ozone.MiniOzoneClusterImpl (MiniOzoneClusterImpl.java:lambda$waitForClusterToBeReady$0(150)) - Nodes are ready. Got 3 of 3 DN Heartbeats.
2019-11-19 00:30:05,476 [main] INFO  ozone.MiniOzoneClusterImpl (MiniOzoneClusterImpl.java:lambda$waitForClusterToBeReady$0(153)) - Waiting for cluster to exit safe mode
2019-11-19 00:30:06,368 [Command processor thread] INFO  impl.RaftServerProxy (RaftServerProxy.java:addNew(89)) - 10e43304-02b7-4cde-a6c2-5453586e0897: addNew group-5B30AA9C74D1:[10e43304-02b7-4cde-a6c2-5453586e0897:192.168.69.105:35821] returns group-5B30AA9C74D1:java.util.concurrent.CompletableFuture@128e2f1a[Not completed]
2019-11-19 00:30:06,402 [Command processor thread] INFO  impl.RaftServerProxy (RaftServerProxy.java:addNew(89)) - e40a9ad9-61b8-4c84-9e56-4a58a674b331: addNew group-6394AC593DE5:[e40a9ad9-61b8-4c84-9e56-4a58a674b331:192.168.69.105:41649] returns group-6394AC593DE5:java.util.concurrent.CompletableFuture@56057e6e[Not completed]
2019-11-19 00:30:06,403 [pool-27-thread-1] INFO  impl.RaftServerImpl (RaftServerImpl.java:<init>(98)) - 10e43304-02b7-4cde-a6c2-5453586e0897: new RaftServerImpl for group-5B30AA9C74D1:[10e43304-02b7-4cde-a6c2-5453586e0897:192.168.69.105:35821] with ContainerStateMachine:uninitialized
2019-11-19 00:30:06,421 [pool-27-thread-1] INFO  server.RaftServerConfigKeys (ConfUtils.java:logGet(43)) - raft.server.rpc.timeout.min = 5s (custom)
2019-11-19 00:30:06,427 [pool-27-thread-1] INFO  server.RaftServerConfigKeys (ConfUtils.java:logGet(43)) - raft.server.rpc.timeout.max = 5200ms (custom)
2019-11-19 00:30:06,430 [pool-27-thread-1] INFO  server.RaftServerConfigKeys (ConfUtils.java:logGet(43)) - raft.server.rpcslowness.timeout = 120s (custom)
2019-11-19 00:30:06,430 [pool-27-thread-1] INFO  server.RaftServerConfigKeys (ConfUtils.java:logGet(43)) - raft.server.sleep.deviation.threshold = 300 (default)
2019-11-19 00:30:06,431 [pool-37-thread-1] INFO  impl.RaftServerImpl (RaftServerImpl.java:<init>(98)) - e40a9ad9-61b8-4c84-9e56-4a58a674b331: new RaftServerImpl for group-6394AC593DE5:[e40a9ad9-61b8-4c84-9e56-4a58a674b331:192.168.69.105:41649] with ContainerStateMachine:uninitialized
2019-11-19 00:30:06,433 [pool-37-thread-1] INFO  server.RaftServerConfigKeys (ConfUtils.java:logGet(43)) - raft.server.rpc.timeout.min = 5s (custom)
2019-11-19 00:30:06,433 [pool-27-thread-1] INFO  server.RaftServerConfigKeys (ConfUtils.java:logGet(43)) - raft.server.log.appender.install.snapshot.enabled = false (custom)
2019-11-19 00:30:06,433 [pool-37-thread-1] INFO  server.RaftServerConfigKeys (ConfUtils.java:logGet(43)) - raft.server.rpc.timeout.max = 5200ms (custom)
2019-11-19 00:30:06,433 [pool-37-thread-1] INFO  server.RaftServerConfigKeys (ConfUtils.java:logGet(43)) - raft.server.rpcslowness.timeout = 120s (custom)
2019-11-19 00:30:06,434 [pool-37-thread-1] INFO  server.RaftServerConfigKeys (ConfUtils.java:logGet(43)) - raft.server.sleep.deviation.threshold = 300 (default)
2019-11-19 00:30:06,434 [pool-37-thread-1] INFO  server.RaftServerConfigKeys (ConfUtils.java:logGet(43)) - raft.server.log.appender.install.snapshot.enabled = false (custom)
2019-11-19 00:30:06,443 [pool-27-thread-1] INFO  impl.RaftServerImpl (ServerState.java:<init>(103)) - 10e43304-02b7-4cde-a6c2-5453586e0897@group-5B30AA9C74D1: ConfigurationManager, init=-1: [10e43304-02b7-4cde-a6c2-5453586e0897:192.168.69.105:35821], old=null, confs=<EMPTY_MAP>
2019-11-19 00:30:06,443 [pool-37-thread-1] INFO  impl.RaftServerImpl (ServerState.java:<init>(103)) - e40a9ad9-61b8-4c84-9e56-4a58a674b331@group-6394AC593DE5: ConfigurationManager, init=-1: [e40a9ad9-61b8-4c84-9e56-4a58a674b331:192.168.69.105:41649], old=null, confs=<EMPTY_MAP>
2019-11-19 00:30:06,443 [pool-27-thread-1] INFO  server.RaftServerConfigKeys (ConfUtils.java:logGet(43)) - raft.server.storage.dir = [/workdir/hadoop-ozone/tools/target/test-dir/MiniOzoneClusterImpl-a19dc363-7e85-4d5f-b92a-6c0ef9d6aade/datanode-0/data/ratis] (custom)
2019-11-19 00:30:06,443 [pool-37-thread-1] INFO  server.RaftServerConfigKeys (ConfUtils.java:logGet(43)) - raft.server.storage.dir = [/workdir/hadoop-ozone/tools/target/test-dir/MiniOzoneClusterImpl-a19dc363-7e85-4d5f-b92a-6c0ef9d6aade/datanode-1/data/ratis] (custom)
2019-11-19 00:30:06,451 [pool-27-thread-1] INFO  server.RaftServerConfigKeys (ConfUtils.java:logGet(43)) - raft.server.log.corruption.policy = EXCEPTION (default)
2019-11-19 00:30:06,451 [pool-37-thread-1] INFO  server.RaftServerConfigKeys (ConfUtils.java:logGet(43)) - raft.server.log.corruption.policy = EXCEPTION (default)
2019-11-19 00:30:06,453 [pool-27-thread-1] INFO  storage.RaftStorageDirectory (RaftStorageDirectory.java:analyzeStorage(246)) - The storage directory /workdir/hadoop-ozone/tools/target/test-dir/MiniOzoneClusterImpl-a19dc363-7e85-4d5f-b92a-6c0ef9d6aade/datanode-0/data/ratis/7a192fd9-83ba-43ba-979f-5b30aa9c74d1 does not exist. Creating ...
2019-11-19 00:30:06,453 [pool-37-thread-1] INFO  storage.RaftStorageDirectory (RaftStorageDirectory.java:analyzeStorage(246)) - The storage directory /workdir/hadoop-ozone/tools/target/test-dir/MiniOzoneClusterImpl-a19dc363-7e85-4d5f-b92a-6c0ef9d6aade/datanode-1/data/ratis/ae457ff7-c89f-40d3-af6e-6394ac593de5 does not exist. Creating ...
2019-11-19 00:30:06,472 [Command processor thread] INFO  impl.RaftServerProxy (RaftServerProxy.java:addNew(89)) - bc99bf45-4121-4a06-aeae-d9c6d964d059: addNew group-8441DFD180EC:[bc99bf45-4121-4a06-aeae-d9c6d964d059:192.168.69.105:40478] returns group-8441DFD180EC:java.util.concurrent.CompletableFuture@6a5d9c7b[Not completed]
2019-11-19 00:30:06,474 [pool-27-thread-1] INFO  storage.RaftStorageDirectory (RaftStorageDirectory.java:tryLock(328)) - Lock on /workdir/hadoop-ozone/tools/target/test-dir/MiniOzoneClusterImpl-a19dc363-7e85-4d5f-b92a-6c0ef9d6aade/datanode-0/data/ratis/7a192fd9-83ba-43ba-979f-5b30aa9c74d1/in_use.lock acquired by nodename 31943@pr-hdds-2536-szzs6-2090880147
2019-11-19 00:30:06,474 [pool-37-thread-1] INFO  storage.RaftStorageDirectory (RaftStorageDirectory.java:tryLock(328)) - Lock on /workdir/hadoop-ozone/tools/target/test-dir/MiniOzoneClusterImpl-a19dc363-7e85-4d5f-b92a-6c0ef9d6aade/datanode-1/data/ratis/ae457ff7-c89f-40d3-af6e-6394ac593de5/in_use.lock acquired by nodename 31943@pr-hdds-2536-szzs6-2090880147
2019-11-19 00:30:06,483 [main] INFO  ozone.MiniOzoneClusterImpl (MiniOzoneClusterImpl.java:lambda$waitForClusterToBeReady$0(150)) - Nodes are ready. Got 3 of 3 DN Heartbeats.
2019-11-19 00:30:06,490 [main] INFO  ozone.MiniOzoneClusterImpl (MiniOzoneClusterImpl.java:lambda$waitForClusterToBeReady$0(153)) - Waiting for cluster to exit safe mode
2019-11-19 00:30:06,491 [pool-47-thread-1] INFO  impl.RaftServerImpl (RaftServerImpl.java:<init>(98)) - bc99bf45-4121-4a06-aeae-d9c6d964d059: new RaftServerImpl for group-8441DFD180EC:[bc99bf45-4121-4a06-aeae-d9c6d964d059:192.168.69.105:40478] with ContainerStateMachine:uninitialized
2019-11-19 00:30:06,492 [pool-47-thread-1] INFO  server.RaftServerConfigKeys (ConfUtils.java:logGet(43)) - raft.server.rpc.timeout.min = 5s (custom)
2019-11-19 00:30:06,492 [pool-47-thread-1] INFO  server.RaftServerConfigKeys (ConfUtils.java:logGet(43)) - raft.server.rpc.timeout.max = 5200ms (custom)
2019-11-19 00:30:06,492 [pool-47-thread-1] INFO  server.RaftServerConfigKeys (ConfUtils.java:logGet(43)) - raft.server.rpcslowness.timeout = 120s (custom)
2019-11-19 00:30:06,493 [pool-47-thread-1] INFO  server.RaftServerConfigKeys (ConfUtils.java:logGet(43)) - raft.server.sleep.deviation.threshold = 300 (default)
2019-11-19 00:30:06,493 [pool-47-thread-1] INFO  server.RaftServerConfigKeys (ConfUtils.java:logGet(43)) - raft.server.log.appender.install.snapshot.enabled = false (custom)
2019-11-19 00:30:06,493 [pool-47-thread-1] INFO  impl.RaftServerImpl (ServerState.java:<init>(103)) - bc99bf45-4121-4a06-aeae-d9c6d964d059@group-8441DFD180EC: ConfigurationManager, init=-1: [bc99bf45-4121-4a06-aeae-d9c6d964d059:192.168.69.105:40478], old=null, confs=<EMPTY_MAP>
2019-11-19 00:30:06,493 [pool-47-thread-1] INFO  server.RaftServerConfigKeys (ConfUtils.java:logGet(43)) - raft.server.storage.dir = [/workdir/hadoop-ozone/tools/target/test-dir/MiniOzoneClusterImpl-a19dc363-7e85-4d5f-b92a-6c0ef9d6aade/datanode-2/data/ratis] (custom)
2019-11-19 00:30:06,494 [pool-47-thread-1] INFO  server.RaftServerConfigKeys (ConfUtils.java:logGet(43)) - raft.server.log.corruption.policy = EXCEPTION (default)
2019-11-19 00:30:06,494 [pool-47-thread-1] INFO  storage.RaftStorageDirectory (RaftStorageDirectory.java:analyzeStorage(246)) - The storage directory /workdir/hadoop-ozone/tools/target/test-dir/MiniOzoneClusterImpl-a19dc363-7e85-4d5f-b92a-6c0ef9d6aade/datanode-2/data/ratis/5d6a2a86-9ed5-4039-91c2-8441dfd180ec does not exist. Creating ...
2019-11-19 00:30:06,501 [pool-27-thread-1] INFO  storage.RaftStorage (RaftStorage.java:format(84)) - Storage directory /workdir/hadoop-ozone/tools/target/test-dir/MiniOzoneClusterImpl-a19dc363-7e85-4d5f-b92a-6c0ef9d6aade/datanode-0/data/ratis/7a192fd9-83ba-43ba-979f-5b30aa9c74d1 has been successfully formatted.
2019-11-19 00:30:06,501 [pool-47-thread-1] INFO  storage.RaftStorageDirectory (RaftStorageDirectory.java:tryLock(328)) - Lock on /workdir/hadoop-ozone/tools/target/test-dir/MiniOzoneClusterImpl-a19dc363-7e85-4d5f-b92a-6c0ef9d6aade/datanode-2/data/ratis/5d6a2a86-9ed5-4039-91c2-8441dfd180ec/in_use.lock acquired by nodename 31943@pr-hdds-2536-szzs6-2090880147
2019-11-19 00:30:06,501 [pool-37-thread-1] INFO  storage.RaftStorage (RaftStorage.java:format(84)) - Storage directory /workdir/hadoop-ozone/tools/target/test-dir/MiniOzoneClusterImpl-a19dc363-7e85-4d5f-b92a-6c0ef9d6aade/datanode-1/data/ratis/ae457ff7-c89f-40d3-af6e-6394ac593de5 has been successfully formatted.
2019-11-19 00:30:06,504 [pool-27-thread-1] INFO  ratis.ContainerStateMachine (ContainerStateMachine.java:loadSnapshot(223)) - group-5B30AA9C74D1: The snapshot info is null. Setting the last applied indexto:(t:0, i:~)
2019-11-19 00:30:06,504 [pool-37-thread-1] INFO  ratis.ContainerStateMachine (ContainerStateMachine.java:loadSnapshot(223)) - group-6394AC593DE5: The snapshot info is null. Setting the last applied indexto:(t:0, i:~)
2019-11-19 00:30:06,505 [pool-27-thread-1] INFO  server.RaftServerConfigKeys (ConfUtils.java:logGet(43)) - raft.server.notification.no-leader.timeout = 120s (custom)
2019-11-19 00:30:06,505 [pool-37-thread-1] INFO  server.RaftServerConfigKeys (ConfUtils.java:logGet(43)) - raft.server.notification.no-leader.timeout = 120s (custom)
2019-11-19 00:30:06,506 [pool-47-thread-1] INFO  storage.RaftStorage (RaftStorage.java:format(84)) - Storage directory /workdir/hadoop-ozone/tools/target/test-dir/MiniOzoneClusterImpl-a19dc363-7e85-4d5f-b92a-6c0ef9d6aade/datanode-2/data/ratis/5d6a2a86-9ed5-4039-91c2-8441dfd180ec has been successfully formatted.
2019-11-19 00:30:06,506 [pool-47-thread-1] INFO  ratis.ContainerStateMachine (ContainerStateMachine.java:loadSnapshot(223)) - group-8441DFD180EC: The snapshot info is null. Setting the last applied indexto:(t:0, i:~)
2019-11-19 00:30:06,507 [pool-47-thread-1] INFO  server.RaftServerConfigKeys (ConfUtils.java:logGet(43)) - raft.server.notification.no-leader.timeout = 120s (custom)
2019-11-19 00:30:06,508 [pool-27-thread-1] INFO  server.RaftServerConfigKeys (ConfUtils.java:logGet(43)) - raft.server.log.use.memory = false (default)
2019-11-19 00:30:06,508 [pool-47-thread-1] INFO  server.RaftServerConfigKeys (ConfUtils.java:logGet(43)) - raft.server.log.use.memory = false (default)
2019-11-19 00:30:06,508 [pool-37-thread-1] INFO  server.RaftServerConfigKeys (ConfUtils.java:logGet(43)) - raft.server.log.use.memory = false (default)
2019-11-19 00:30:06,514 [pool-27-thread-1] INFO  server.RaftServerConfigKeys (ConfUtils.java:logGet(43)) - raft.server.log.purge.gap = 1000000 (custom)
2019-11-19 00:30:06,514 [pool-37-thread-1] INFO  server.RaftServerConfigKeys (ConfUtils.java:logGet(43)) - raft.server.log.purge.gap = 1000000 (custom)
2019-11-19 00:30:06,514 [pool-47-thread-1] INFO  server.RaftServerConfigKeys (ConfUtils.java:logGet(43)) - raft.server.log.purge.gap = 1000000 (custom)
2019-11-19 00:30:06,514 [pool-37-thread-1] INFO  server.RaftServerConfigKeys (ConfUtils.java:logGet(43)) - raft.server.log.appender.buffer.byte-limit = 33554432 (custom)
2019-11-19 00:30:06,514 [pool-27-thread-1] INFO  server.RaftServerConfigKeys (ConfUtils.java:logGet(43)) - raft.server.log.appender.buffer.byte-limit = 33554432 (custom)
2019-11-19 00:30:06,514 [pool-47-thread-1] INFO  server.RaftServerConfigKeys (ConfUtils.java:logGet(43)) - raft.server.log.appender.buffer.byte-limit = 33554432 (custom)
2019-11-19 00:30:06,518 [pool-47-thread-1] INFO  server.RaftServerConfigKeys (ConfUtils.java:logGet(43)) - raft.server.log.segment.size.max = 1048576 (custom)
2019-11-19 00:30:06,518 [pool-37-thread-1] INFO  server.RaftServerConfigKeys (ConfUtils.java:logGet(43)) - raft.server.log.segment.size.max = 1048576 (custom)
2019-11-19 00:30:06,518 [pool-27-thread-1] INFO  server.RaftServerConfigKeys (ConfUtils.java:logGet(43)) - raft.server.log.segment.size.max = 1048576 (custom)
2019-11-19 00:30:06,531 [pool-47-thread-1] INFO  metrics.MetricRegistries (MetricRegistriesLoader.java:load(64)) - Loaded MetricRegistries class org.apache.ratis.metrics.impl.MetricRegistriesImpl
2019-11-19 00:30:06,538 [pool-27-thread-1] WARN  impl.MetricRegistriesImpl (MetricRegistriesImpl.java:lambda$create$1(61)) - First MetricRegistry has been created without registering reporters. You may need to call MetricRegistries.global().addReportRegistration(...) before.
2019-11-19 00:30:06,538 [pool-37-thread-1] WARN  impl.MetricRegistriesImpl (MetricRegistriesImpl.java:lambda$create$1(61)) - First MetricRegistry has been created without registering reporters. You may need to call MetricRegistries.global().addReportRegistration(...) before.
2019-11-19 00:30:06,538 [pool-47-thread-1] WARN  impl.MetricRegistriesImpl (MetricRegistriesImpl.java:lambda$create$1(61)) - First MetricRegistry has been created without registering reporters. You may need to call MetricRegistries.global().addReportRegistration(...) before.
2019-11-19 00:30:06,546 [pool-27-thread-1] INFO  server.RaftServerConfigKeys (ConfUtils.java:logGet(43)) - raft.server.log.segment.cache.num.max = 2 (custom)
2019-11-19 00:30:06,546 [pool-37-thread-1] INFO  server.RaftServerConfigKeys (ConfUtils.java:logGet(43)) - raft.server.log.segment.cache.num.max = 2 (custom)
2019-11-19 00:30:06,546 [pool-47-thread-1] INFO  server.RaftServerConfigKeys (ConfUtils.java:logGet(43)) - raft.server.log.segment.cache.num.max = 2 (custom)
2019-11-19 00:30:06,552 [pool-27-thread-1] INFO  segmented.SegmentedRaftLogWorker (SegmentedRaftLogWorker.java:<init>(173)) - new 10e43304-02b7-4cde-a6c2-5453586e0897@group-5B30AA9C74D1-SegmentedRaftLogWorker for RaftStorage:Storage Directory /workdir/hadoop-ozone/tools/target/test-dir/MiniOzoneClusterImpl-a19dc363-7e85-4d5f-b92a-6c0ef9d6aade/datanode-0/data/ratis/7a192fd9-83ba-43ba-979f-5b30aa9c74d1
2019-11-19 00:30:06,552 [pool-37-thread-1] INFO  segmented.SegmentedRaftLogWorker (SegmentedRaftLogWorker.java:<init>(173)) - new e40a9ad9-61b8-4c84-9e56-4a58a674b331@group-6394AC593DE5-SegmentedRaftLogWorker for RaftStorage:Storage Directory /workdir/hadoop-ozone/tools/target/test-dir/MiniOzoneClusterImpl-a19dc363-7e85-4d5f-b92a-6c0ef9d6aade/datanode-1/data/ratis/ae457ff7-c89f-40d3-af6e-6394ac593de5
2019-11-19 00:30:06,552 [pool-47-thread-1] INFO  segmented.SegmentedRaftLogWorker (SegmentedRaftLogWorker.java:<init>(173)) - new bc99bf45-4121-4a06-aeae-d9c6d964d059@group-8441DFD180EC-SegmentedRaftLogWorker for RaftStorage:Storage Directory /workdir/hadoop-ozone/tools/target/test-dir/MiniOzoneClusterImpl-a19dc363-7e85-4d5f-b92a-6c0ef9d6aade/datanode-2/data/ratis/5d6a2a86-9ed5-4039-91c2-8441dfd180ec
2019-11-19 00:30:06,553 [pool-27-thread-1] INFO  server.RaftServerConfigKeys (ConfUtils.java:logGet(43)) - raft.server.log.queue.byte-limit = 2147483647 (custom)
2019-11-19 00:30:06,553 [pool-47-thread-1] INFO  server.RaftServerConfigKeys (ConfUtils.java:logGet(43)) - raft.server.log.queue.byte-limit = 2147483647 (custom)
2019-11-19 00:30:06,554 [pool-37-thread-1] INFO  server.RaftServerConfigKeys (ConfUtils.java:logGet(43)) - raft.server.log.queue.byte-limit = 2147483647 (custom)
2019-11-19 00:30:06,554 [pool-27-thread-1] INFO  server.RaftServerConfigKeys (ConfUtils.java:logGet(43)) - raft.server.log.queue.element-limit = 1024 (custom)
2019-11-19 00:30:06,554 [pool-37-thread-1] INFO  server.RaftServerConfigKeys (ConfUtils.java:logGet(43)) - raft.server.log.queue.element-limit = 1024 (custom)
2019-11-19 00:30:06,554 [pool-47-thread-1] INFO  server.RaftServerConfigKeys (ConfUtils.java:logGet(43)) - raft.server.log.queue.element-limit = 1024 (custom)
2019-11-19 00:30:06,555 [pool-27-thread-1] INFO  server.RaftServerConfigKeys (ConfUtils.java:logGet(43)) - raft.server.log.segment.size.max = 1048576 (custom)
2019-11-19 00:30:06,555 [pool-47-thread-1] INFO  server.RaftServerConfigKeys (ConfUtils.java:logGet(43)) - raft.server.log.segment.size.max = 1048576 (custom)
2019-11-19 00:30:06,555 [pool-37-thread-1] INFO  server.RaftServerConfigKeys (ConfUtils.java:logGet(43)) - raft.server.log.segment.size.max = 1048576 (custom)
2019-11-19 00:30:06,556 [pool-27-thread-1] INFO  server.RaftServerConfigKeys (ConfUtils.java:logGet(43)) - raft.server.log.preallocated.size = 16384 (custom)
2019-11-19 00:30:06,556 [pool-37-thread-1] INFO  server.RaftServerConfigKeys (ConfUtils.java:logGet(43)) - raft.server.log.preallocated.size = 16384 (custom)
2019-11-19 00:30:06,556 [pool-47-thread-1] INFO  server.RaftServerConfigKeys (ConfUtils.java:logGet(43)) - raft.server.log.preallocated.size = 16384 (custom)
2019-11-19 00:30:06,556 [pool-27-thread-1] INFO  server.RaftServerConfigKeys (ConfUtils.java:logGet(43)) - raft.server.log.write.buffer.size = 33554432 (custom)
2019-11-19 00:30:06,556 [pool-47-thread-1] INFO  server.RaftServerConfigKeys (ConfUtils.java:logGet(43)) - raft.server.log.write.buffer.size = 33554432 (custom)
2019-11-19 00:30:06,557 [pool-37-thread-1] INFO  server.RaftServerConfigKeys (ConfUtils.java:logGet(43)) - raft.server.log.write.buffer.size = 33554432 (custom)
2019-11-19 00:30:06,557 [pool-27-thread-1] INFO  server.RaftServerConfigKeys (ConfUtils.java:logGet(43)) - raft.server.log.force.sync.num = 128 (default)
2019-11-19 00:30:06,557 [pool-37-thread-1] INFO  server.RaftServerConfigKeys (ConfUtils.java:logGet(43)) - raft.server.log.force.sync.num = 128 (default)
2019-11-19 00:30:06,557 [pool-47-thread-1] INFO  server.RaftServerConfigKeys (ConfUtils.java:logGet(43)) - raft.server.log.force.sync.num = 128 (default)
2019-11-19 00:30:06,558 [pool-27-thread-1] INFO  server.RaftServerConfigKeys (ConfUtils.java:logGet(43)) - raft.server.log.statemachine.data.sync = true (default)
2019-11-19 00:30:06,558 [pool-47-thread-1] INFO  server.RaftServerConfigKeys (ConfUtils.java:logGet(43)) - raft.server.log.statemachine.data.sync = true (default)
2019-11-19 00:30:06,558 [pool-27-thread-1] INFO  server.RaftServerConfigKeys (ConfUtils.java:logGet(43)) - raft.server.log.statemachine.data.sync.timeout = 10s (default)
2019-11-19 00:30:06,558 [pool-37-thread-1] INFO  server.RaftServerConfigKeys (ConfUtils.java:logGet(43)) - raft.server.log.statemachine.data.sync = true (default)
2019-11-19 00:30:06,559 [pool-47-thread-1] INFO  server.RaftServerConfigKeys (ConfUtils.java:logGet(43)) - raft.server.log.statemachine.data.sync.timeout = 10s (default)
2019-11-19 00:30:06,559 [pool-37-thread-1] INFO  server.RaftServerConfigKeys (ConfUtils.java:logGet(43)) - raft.server.log.statemachine.data.sync.timeout = 10s (default)
2019-11-19 00:30:06,559 [pool-27-thread-1] INFO  server.RaftServerConfigKeys (ConfUtils.java:logGet(43)) - raft.server.log.statemachine.data.sync.timeout.retry = -1 (default)
2019-11-19 00:30:06,559 [pool-37-thread-1] INFO  server.RaftServerConfigKeys (ConfUtils.java:logGet(43)) - raft.server.log.statemachine.data.sync.timeout.retry = -1 (default)
2019-11-19 00:30:06,559 [pool-47-thread-1] INFO  server.RaftServerConfigKeys (ConfUtils.java:logGet(43)) - raft.server.log.statemachine.data.sync.timeout.retry = -1 (default)
2019-11-19 00:30:06,574 [pool-27-thread-1] INFO  server.RaftServerConfigKeys (ConfUtils.java:logGet(43)) - raft.server.log.statemachine.data.caching.enabled = true (custom)
2019-11-19 00:30:06,574 [pool-47-thread-1] INFO  server.RaftServerConfigKeys (ConfUtils.java:logGet(43)) - raft.server.log.statemachine.data.caching.enabled = true (custom)
2019-11-19 00:30:06,574 [pool-37-thread-1] INFO  server.RaftServerConfigKeys (ConfUtils.java:logGet(43)) - raft.server.log.statemachine.data.caching.enabled = true (custom)
2019-11-19 00:30:06,580 [pool-27-thread-1] INFO  segmented.SegmentedRaftLogWorker (SegmentedRaftLogWorker.java:lambda$new$0(128)) - 10e43304-02b7-4cde-a6c2-5453586e0897@group-5B30AA9C74D1-SegmentedRaftLogWorker: flushIndex: setUnconditionally 0 -> -1
2019-11-19 00:30:06,580 [pool-47-thread-1] INFO  segmented.SegmentedRaftLogWorker (SegmentedRaftLogWorker.java:lambda$new$0(128)) - bc99bf45-4121-4a06-aeae-d9c6d964d059@group-8441DFD180EC-SegmentedRaftLogWorker: flushIndex: setUnconditionally 0 -> -1
2019-11-19 00:30:06,580 [pool-37-thread-1] INFO  segmented.SegmentedRaftLogWorker (SegmentedRaftLogWorker.java:lambda$new$0(128)) - e40a9ad9-61b8-4c84-9e56-4a58a674b331@group-6394AC593DE5-SegmentedRaftLogWorker: flushIndex: setUnconditionally 0 -> -1
2019-11-19 00:30:06,585 [pool-27-thread-1] INFO  server.RaftServerConfigKeys (ConfUtils.java:logGet(43)) - raft.server.snapshot.auto.trigger.enabled = true (custom)
2019-11-19 00:30:06,585 [pool-47-thread-1] INFO  server.RaftServerConfigKeys (ConfUtils.java:logGet(43)) - raft.server.snapshot.auto.trigger.enabled = true (custom)
2019-11-19 00:30:06,585 [pool-37-thread-1] INFO  server.RaftServerConfigKeys (ConfUtils.java:logGet(43)) - raft.server.snapshot.auto.trigger.enabled = true (custom)
2019-11-19 00:30:06,586 [pool-27-thread-1] INFO  server.RaftServerConfigKeys (ConfUtils.java:logGet(43)) - raft.server.snapshot.auto.trigger.threshold = 10000 (custom)
2019-11-19 00:30:06,586 [pool-47-thread-1] INFO  server.RaftServerConfigKeys (ConfUtils.java:logGet(43)) - raft.server.snapshot.auto.trigger.threshold = 10000 (custom)
2019-11-19 00:30:06,586 [pool-37-thread-1] INFO  server.RaftServerConfigKeys (ConfUtils.java:logGet(43)) - raft.server.snapshot.auto.trigger.threshold = 10000 (custom)
2019-11-19 00:30:06,587 [pool-27-thread-1] INFO  server.RaftServerConfigKeys (ConfUtils.java:logGet(43)) - raft.server.snapshot.retention.file.num = 5 (custom)
2019-11-19 00:30:06,587 [pool-47-thread-1] INFO  server.RaftServerConfigKeys (ConfUtils.java:logGet(43)) - raft.server.snapshot.retention.file.num = 5 (custom)
2019-11-19 00:30:06,587 [pool-37-thread-1] INFO  server.RaftServerConfigKeys (ConfUtils.java:logGet(43)) - raft.server.snapshot.retention.file.num = 5 (custom)
2019-11-19 00:30:06,587 [pool-27-thread-1] INFO  server.RaftServerConfigKeys (ConfUtils.java:logGet(43)) - raft.server.retrycache.expirytime = 600000ms (custom)
2019-11-19 00:30:06,587 [pool-37-thread-1] INFO  server.RaftServerConfigKeys (ConfUtils.java:logGet(43)) - raft.server.retrycache.expirytime = 600000ms (custom)
2019-11-19 00:30:06,587 [pool-47-thread-1] INFO  server.RaftServerConfigKeys (ConfUtils.java:logGet(43)) - raft.server.retrycache.expirytime = 600000ms (custom)
2019-11-19 00:30:06,607 [pool-27-thread-1] WARN  impl.MetricRegistriesImpl (MetricRegistriesImpl.java:lambda$create$1(61)) - First MetricRegistry has been created without registering reporters. You may need to call MetricRegistries.global().addReportRegistration(...) before.
2019-11-19 00:30:06,607 [pool-37-thread-1] WARN  impl.MetricRegistriesImpl (MetricRegistriesImpl.java:lambda$create$1(61)) - First MetricRegistry has been created without registering reporters. You may need to call MetricRegistries.global().addReportRegistration(...) before.
2019-11-19 00:30:06,607 [pool-47-thread-1] WARN  impl.MetricRegistriesImpl (MetricRegistriesImpl.java:lambda$create$1(61)) - First MetricRegistry has been created without registering reporters. You may need to call MetricRegistries.global().addReportRegistration(...) before.
2019-11-19 00:30:06,610 [pool-27-thread-1] WARN  impl.MetricRegistriesImpl (MetricRegistriesImpl.java:lambda$create$1(61)) - First MetricRegistry has been created without registering reporters. You may need to call MetricRegistries.global().addReportRegistration(...) before.
2019-11-19 00:30:06,610 [pool-37-thread-1] WARN  impl.MetricRegistriesImpl (MetricRegistriesImpl.java:lambda$create$1(61)) - First MetricRegistry has been created without registering reporters. You may need to call MetricRegistries.global().addReportRegistration(...) before.
2019-11-19 00:30:06,610 [pool-47-thread-1] WARN  impl.MetricRegistriesImpl (MetricRegistriesImpl.java:lambda$create$1(61)) - First MetricRegistry has been created without registering reporters. You may need to call MetricRegistries.global().addReportRegistration(...) before.
2019-11-19 00:30:06,611 [pool-27-thread-1] INFO  impl.RaftServerImpl (RaftServerImpl.java:start(184)) - 10e43304-02b7-4cde-a6c2-5453586e0897@group-5B30AA9C74D1: start as a follower, conf=-1: [10e43304-02b7-4cde-a6c2-5453586e0897:192.168.69.105:35821], old=null
2019-11-19 00:30:06,611 [pool-37-thread-1] INFO  impl.RaftServerImpl (RaftServerImpl.java:start(184)) - e40a9ad9-61b8-4c84-9e56-4a58a674b331@group-6394AC593DE5: start as a follower, conf=-1: [e40a9ad9-61b8-4c84-9e56-4a58a674b331:192.168.69.105:41649], old=null
2019-11-19 00:30:06,611 [pool-47-thread-1] INFO  impl.RaftServerImpl (RaftServerImpl.java:start(184)) - bc99bf45-4121-4a06-aeae-d9c6d964d059@group-8441DFD180EC: start as a follower, conf=-1: [bc99bf45-4121-4a06-aeae-d9c6d964d059:192.168.69.105:40478], old=null
2019-11-19 00:30:06,612 [pool-27-thread-1] INFO  impl.RaftServerImpl (RaftServerImpl.java:setRole(173)) - 10e43304-02b7-4cde-a6c2-5453586e0897@group-5B30AA9C74D1: changes role from      null to FOLLOWER at term 0 for startAsFollower
2019-11-19 00:30:06,612 [pool-37-thread-1] INFO  impl.RaftServerImpl (RaftServerImpl.java:setRole(173)) - e40a9ad9-61b8-4c84-9e56-4a58a674b331@group-6394AC593DE5: changes role from      null to FOLLOWER at term 0 for startAsFollower
2019-11-19 00:30:06,612 [pool-47-thread-1] INFO  impl.RaftServerImpl (RaftServerImpl.java:setRole(173)) - bc99bf45-4121-4a06-aeae-d9c6d964d059@group-8441DFD180EC: changes role from      null to FOLLOWER at term 0 for startAsFollower
2019-11-19 00:30:06,614 [pool-27-thread-1] INFO  impl.RoleInfo (RoleInfo.java:updateAndGet(143)) - 10e43304-02b7-4cde-a6c2-5453586e0897: start FollowerState
2019-11-19 00:30:06,614 [pool-37-thread-1] INFO  impl.RoleInfo (RoleInfo.java:updateAndGet(143)) - e40a9ad9-61b8-4c84-9e56-4a58a674b331: start FollowerState
2019-11-19 00:30:06,614 [pool-47-thread-1] INFO  impl.RoleInfo (RoleInfo.java:updateAndGet(143)) - bc99bf45-4121-4a06-aeae-d9c6d964d059: start FollowerState
2019-11-19 00:30:06,619 [pool-47-thread-1] INFO  util.JmxRegister (JmxRegister.java:tryRegister(44)) - Successfully registered JMX Bean with object name Ratis:service=RaftServer,group=group-8441DFD180EC,id=bc99bf45-4121-4a06-aeae-d9c6d964d059
2019-11-19 00:30:06,619 [pool-37-thread-1] INFO  util.JmxRegister (JmxRegister.java:tryRegister(44)) - Successfully registered JMX Bean with object name Ratis:service=RaftServer,group=group-6394AC593DE5,id=e40a9ad9-61b8-4c84-9e56-4a58a674b331
2019-11-19 00:30:06,619 [pool-27-thread-1] INFO  util.JmxRegister (JmxRegister.java:tryRegister(44)) - Successfully registered JMX Bean with object name Ratis:service=RaftServer,group=group-5B30AA9C74D1,id=10e43304-02b7-4cde-a6c2-5453586e0897
2019-11-19 00:30:06,622 [pool-27-thread-1] WARN  impl.MetricRegistriesImpl (MetricRegistriesImpl.java:lambda$create$1(61)) - First MetricRegistry has been created without registering reporters. You may need to call MetricRegistries.global().addReportRegistration(...) before.
2019-11-19 00:30:06,622 [pool-37-thread-1] WARN  impl.MetricRegistriesImpl (MetricRegistriesImpl.java:lambda$create$1(61)) - First MetricRegistry has been created without registering reporters. You may need to call MetricRegistries.global().addReportRegistration(...) before.
2019-11-19 00:30:06,622 [pool-47-thread-1] WARN  impl.MetricRegistriesImpl (MetricRegistriesImpl.java:lambda$create$1(61)) - First MetricRegistry has been created without registering reporters. You may need to call MetricRegistries.global().addReportRegistration(...) before.
2019-11-19 00:30:06,635 [Command processor thread] INFO  commandhandler.CreatePipelineCommandHandler (CreatePipelineCommandHandler.java:handle(86)) - Create Pipeline RATIS ONE #id: "7a192fd9-83ba-43ba-979f-5b30aa9c74d1"
 command succeed on datanode 10e43304-02b7-4cde-a6c2-5453586e0897.
2019-11-19 00:30:06,635 [Command processor thread] INFO  commandhandler.CreatePipelineCommandHandler (CreatePipelineCommandHandler.java:handle(86)) - Create Pipeline RATIS ONE #id: "5d6a2a86-9ed5-4039-91c2-8441dfd180ec"
 command succeed on datanode bc99bf45-4121-4a06-aeae-d9c6d964d059.
2019-11-19 00:30:06,635 [Command processor thread] INFO  commandhandler.CreatePipelineCommandHandler (CreatePipelineCommandHandler.java:handle(86)) - Create Pipeline RATIS ONE #id: "ae457ff7-c89f-40d3-af6e-6394ac593de5"
 command succeed on datanode e40a9ad9-61b8-4c84-9e56-4a58a674b331.
2019-11-19 00:30:06,642 [Command processor thread] INFO  impl.RaftServerProxy (RaftServerProxy.java:addNew(89)) - e40a9ad9-61b8-4c84-9e56-4a58a674b331: addNew group-A8E4BCBBD40E:[e40a9ad9-61b8-4c84-9e56-4a58a674b331:192.168.69.105:41649, bc99bf45-4121-4a06-aeae-d9c6d964d059:192.168.69.105:40478, 10e43304-02b7-4cde-a6c2-5453586e0897:192.168.69.105:35821] returns group-A8E4BCBBD40E:java.util.concurrent.CompletableFuture@523ae076[Not completed]
2019-11-19 00:30:06,643 [Command processor thread] INFO  impl.RaftServerProxy (RaftServerProxy.java:addNew(89)) - bc99bf45-4121-4a06-aeae-d9c6d964d059: addNew group-A8E4BCBBD40E:[e40a9ad9-61b8-4c84-9e56-4a58a674b331:192.168.69.105:41649, bc99bf45-4121-4a06-aeae-d9c6d964d059:192.168.69.105:40478, 10e43304-02b7-4cde-a6c2-5453586e0897:192.168.69.105:35821] returns group-A8E4BCBBD40E:java.util.concurrent.CompletableFuture@6e6205e8[Not completed]
2019-11-19 00:30:06,642 [Command processor thread] INFO  impl.RaftServerProxy (RaftServerProxy.java:addNew(89)) - 10e43304-02b7-4cde-a6c2-5453586e0897: addNew group-A8E4BCBBD40E:[e40a9ad9-61b8-4c84-9e56-4a58a674b331:192.168.69.105:41649, bc99bf45-4121-4a06-aeae-d9c6d964d059:192.168.69.105:40478, 10e43304-02b7-4cde-a6c2-5453586e0897:192.168.69.105:35821] returns group-A8E4BCBBD40E:java.util.concurrent.CompletableFuture@59ae6434[Not completed]
2019-11-19 00:30:06,645 [pool-27-thread-1] INFO  impl.RaftServerImpl (RaftServerImpl.java:<init>(98)) - 10e43304-02b7-4cde-a6c2-5453586e0897: new RaftServerImpl for group-A8E4BCBBD40E:[e40a9ad9-61b8-4c84-9e56-4a58a674b331:192.168.69.105:41649, bc99bf45-4121-4a06-aeae-d9c6d964d059:192.168.69.105:40478, 10e43304-02b7-4cde-a6c2-5453586e0897:192.168.69.105:35821] with ContainerStateMachine:uninitialized
2019-11-19 00:30:06,645 [pool-27-thread-1] INFO  server.RaftServerConfigKeys (ConfUtils.java:logGet(43)) - raft.server.rpc.timeout.min = 5s (custom)
2019-11-19 00:30:06,645 [pool-27-thread-1] INFO  server.RaftServerConfigKeys (ConfUtils.java:logGet(43)) - raft.server.rpc.timeout.max = 5200ms (custom)
2019-11-19 00:30:06,646 [pool-27-thread-1] INFO  server.RaftServerConfigKeys (ConfUtils.java:logGet(43)) - raft.server.rpcslowness.timeout = 120s (custom)
2019-11-19 00:30:06,646 [pool-27-thread-1] INFO  server.RaftServerConfigKeys (ConfUtils.java:logGet(43)) - raft.server.sleep.deviation.threshold = 300 (default)
2019-11-19 00:30:06,646 [pool-27-thread-1] INFO  server.RaftServerConfigKeys (ConfUtils.java:logGet(43)) - raft.server.log.appender.install.snapshot.enabled = false (custom)
2019-11-19 00:30:06,646 [pool-27-thread-1] INFO  impl.RaftServerImpl (ServerState.java:<init>(103)) - 10e43304-02b7-4cde-a6c2-5453586e0897@group-A8E4BCBBD40E: ConfigurationManager, init=-1: [e40a9ad9-61b8-4c84-9e56-4a58a674b331:192.168.69.105:41649, bc99bf45-4121-4a06-aeae-d9c6d964d059:192.168.69.105:40478, 10e43304-02b7-4cde-a6c2-5453586e0897:192.168.69.105:35821], old=null, confs=<EMPTY_MAP>
2019-11-19 00:30:06,646 [pool-27-thread-1] INFO  server.RaftServerConfigKeys (ConfUtils.java:logGet(43)) - raft.server.storage.dir = [/workdir/hadoop-ozone/tools/target/test-dir/MiniOzoneClusterImpl-a19dc363-7e85-4d5f-b92a-6c0ef9d6aade/datanode-0/data/ratis] (custom)
2019-11-19 00:30:06,646 [pool-47-thread-1] INFO  impl.RaftServerImpl (RaftServerImpl.java:<init>(98)) - bc99bf45-4121-4a06-aeae-d9c6d964d059: new RaftServerImpl for group-A8E4BCBBD40E:[e40a9ad9-61b8-4c84-9e56-4a58a674b331:192.168.69.105:41649, bc99bf45-4121-4a06-aeae-d9c6d964d059:192.168.69.105:40478, 10e43304-02b7-4cde-a6c2-5453586e0897:192.168.69.105:35821] with ContainerStateMachine:uninitialized
2019-11-19 00:30:06,646 [pool-27-thread-1] INFO  server.RaftServerConfigKeys (ConfUtils.java:logGet(43)) - raft.server.log.corruption.policy = EXCEPTION (default)
2019-11-19 00:30:06,646 [pool-47-thread-1] INFO  server.RaftServerConfigKeys (ConfUtils.java:logGet(43)) - raft.server.rpc.timeout.min = 5s (custom)
2019-11-19 00:30:06,647 [pool-27-thread-1] INFO  storage.RaftStorageDirectory (RaftStorageDirectory.java:analyzeStorage(246)) - The storage directory /workdir/hadoop-ozone/tools/target/test-dir/MiniOzoneClusterImpl-a19dc363-7e85-4d5f-b92a-6c0ef9d6aade/datanode-0/data/ratis/635a24b9-c7d2-4959-a2e8-a8e4bcbbd40e does not exist. Creating ...
2019-11-19 00:30:06,647 [pool-47-thread-1] INFO  server.RaftServerConfigKeys (ConfUtils.java:logGet(43)) - raft.server.rpc.timeout.max = 5200ms (custom)
2019-11-19 00:30:06,647 [pool-47-thread-1] INFO  server.RaftServerConfigKeys (ConfUtils.java:logGet(43)) - raft.server.rpcslowness.timeout = 120s (custom)
2019-11-19 00:30:06,647 [pool-47-thread-1] INFO  server.RaftServerConfigKeys (ConfUtils.java:logGet(43)) - raft.server.sleep.deviation.threshold = 300 (default)
2019-11-19 00:30:06,647 [pool-47-thread-1] INFO  server.RaftServerConfigKeys (ConfUtils.java:logGet(43)) - raft.server.log.appender.install.snapshot.enabled = false (custom)
2019-11-19 00:30:06,647 [pool-37-thread-1] INFO  impl.RaftServerImpl (RaftServerImpl.java:<init>(98)) - e40a9ad9-61b8-4c84-9e56-4a58a674b331: new RaftServerImpl for group-A8E4BCBBD40E:[e40a9ad9-61b8-4c84-9e56-4a58a674b331:192.168.69.105:41649, bc99bf45-4121-4a06-aeae-d9c6d964d059:192.168.69.105:40478, 10e43304-02b7-4cde-a6c2-5453586e0897:192.168.69.105:35821] with ContainerStateMachine:uninitialized
2019-11-19 00:30:06,647 [pool-47-thread-1] INFO  impl.RaftServerImpl (ServerState.java:<init>(103)) - bc99bf45-4121-4a06-aeae-d9c6d964d059@group-A8E4BCBBD40E: ConfigurationManager, init=-1: [e40a9ad9-61b8-4c84-9e56-4a58a674b331:192.168.69.105:41649, bc99bf45-4121-4a06-aeae-d9c6d964d059:192.168.69.105:40478, 10e43304-02b7-4cde-a6c2-5453586e0897:192.168.69.105:35821], old=null, confs=<EMPTY_MAP>
2019-11-19 00:30:06,647 [pool-37-thread-1] INFO  server.RaftServerConfigKeys (ConfUtils.java:logGet(43)) - raft.server.rpc.timeout.min = 5s (custom)
2019-11-19 00:30:06,648 [pool-47-thread-1] INFO  server.RaftServerConfigKeys (ConfUtils.java:logGet(43)) - raft.server.storage.dir = [/workdir/hadoop-ozone/tools/target/test-dir/MiniOzoneClusterImpl-a19dc363-7e85-4d5f-b92a-6c0ef9d6aade/datanode-2/data/ratis] (custom)
2019-11-19 00:30:06,648 [pool-37-thread-1] INFO  server.RaftServerConfigKeys (ConfUtils.java:logGet(43)) - raft.server.rpc.timeout.max = 5200ms (custom)
2019-11-19 00:30:06,648 [pool-47-thread-1] INFO  server.RaftServerConfigKeys (ConfUtils.java:logGet(43)) - raft.server.log.corruption.policy = EXCEPTION (default)
2019-11-19 00:30:06,648 [pool-37-thread-1] INFO  server.RaftServerConfigKeys (ConfUtils.java:logGet(43)) - raft.server.rpcslowness.timeout = 120s (custom)
2019-11-19 00:30:06,648 [pool-47-thread-1] INFO  storage.RaftStorageDirectory (RaftStorageDirectory.java:analyzeStorage(246)) - The storage directory /workdir/hadoop-ozone/tools/target/test-dir/MiniOzoneClusterImpl-a19dc363-7e85-4d5f-b92a-6c0ef9d6aade/datanode-2/data/ratis/635a24b9-c7d2-4959-a2e8-a8e4bcbbd40e does not exist. Creating ...
2019-11-19 00:30:06,648 [pool-37-thread-1] INFO  server.RaftServerConfigKeys (ConfUtils.java:logGet(43)) - raft.server.sleep.deviation.threshold = 300 (default)
2019-11-19 00:30:06,648 [pool-37-thread-1] INFO  server.RaftServerConfigKeys (ConfUtils.java:logGet(43)) - raft.server.log.appender.install.snapshot.enabled = false (custom)
2019-11-19 00:30:06,649 [pool-37-thread-1] INFO  impl.RaftServerImpl (ServerState.java:<init>(103)) - e40a9ad9-61b8-4c84-9e56-4a58a674b331@group-A8E4BCBBD40E: ConfigurationManager, init=-1: [e40a9ad9-61b8-4c84-9e56-4a58a674b331:192.168.69.105:41649, bc99bf45-4121-4a06-aeae-d9c6d964d059:192.168.69.105:40478, 10e43304-02b7-4cde-a6c2-5453586e0897:192.168.69.105:35821], old=null, confs=<EMPTY_MAP>
2019-11-19 00:30:06,649 [pool-37-thread-1] INFO  server.RaftServerConfigKeys (ConfUtils.java:logGet(43)) - raft.server.storage.dir = [/workdir/hadoop-ozone/tools/target/test-dir/MiniOzoneClusterImpl-a19dc363-7e85-4d5f-b92a-6c0ef9d6aade/datanode-1/data/ratis] (custom)
2019-11-19 00:30:06,649 [pool-37-thread-1] INFO  server.RaftServerConfigKeys (ConfUtils.java:logGet(43)) - raft.server.log.corruption.policy = EXCEPTION (default)
2019-11-19 00:30:06,649 [pool-37-thread-1] INFO  storage.RaftStorageDirectory (RaftStorageDirectory.java:analyzeStorage(246)) - The storage directory /workdir/hadoop-ozone/tools/target/test-dir/MiniOzoneClusterImpl-a19dc363-7e85-4d5f-b92a-6c0ef9d6aade/datanode-1/data/ratis/635a24b9-c7d2-4959-a2e8-a8e4bcbbd40e does not exist. Creating ...
2019-11-19 00:30:06,660 [pool-47-thread-1] INFO  storage.RaftStorageDirectory (RaftStorageDirectory.java:tryLock(328)) - Lock on /workdir/hadoop-ozone/tools/target/test-dir/MiniOzoneClusterImpl-a19dc363-7e85-4d5f-b92a-6c0ef9d6aade/datanode-2/data/ratis/635a24b9-c7d2-4959-a2e8-a8e4bcbbd40e/in_use.lock acquired by nodename 31943@pr-hdds-2536-szzs6-2090880147
2019-11-19 00:30:06,660 [pool-37-thread-1] INFO  storage.RaftStorageDirectory (RaftStorageDirectory.java:tryLock(328)) - Lock on /workdir/hadoop-ozone/tools/target/test-dir/MiniOzoneClusterImpl-a19dc363-7e85-4d5f-b92a-6c0ef9d6aade/datanode-1/data/ratis/635a24b9-c7d2-4959-a2e8-a8e4bcbbd40e/in_use.lock acquired by nodename 31943@pr-hdds-2536-szzs6-2090880147
2019-11-19 00:30:06,660 [pool-27-thread-1] INFO  storage.RaftStorageDirectory (RaftStorageDirectory.java:tryLock(328)) - Lock on /workdir/hadoop-ozone/tools/target/test-dir/MiniOzoneClusterImpl-a19dc363-7e85-4d5f-b92a-6c0ef9d6aade/datanode-0/data/ratis/635a24b9-c7d2-4959-a2e8-a8e4bcbbd40e/in_use.lock acquired by nodename 31943@pr-hdds-2536-szzs6-2090880147
2019-11-19 00:30:06,663 [EventQueue-PipelineReportForPipelineReportHandler] INFO  pipeline.PipelineReportHandler (PipelineReportHandler.java:processPipelineReport(113)) - Pipeline ONE PipelineID=7a192fd9-83ba-43ba-979f-5b30aa9c74d1 reported by 10e43304-02b7-4cde-a6c2-5453586e0897{ip: 192.168.69.105, host: pr-hdds-2536-szzs6-2090880147, networkLocation: /default-rack, certSerialId: null}
2019-11-19 00:30:06,664 [EventQueue-PipelineReportForPipelineReportHandler] INFO  pipeline.PipelineStateManager (PipelineStateManager.java:openPipeline(132)) - Pipeline Pipeline[ Id: 7a192fd9-83ba-43ba-979f-5b30aa9c74d1, Nodes: 10e43304-02b7-4cde-a6c2-5453586e0897{ip: 192.168.69.105, host: pr-hdds-2536-szzs6-2090880147, networkLocation: /default-rack, certSerialId: null}, Type:RATIS, Factor:ONE, State:ALLOCATED] moved to OPEN state
2019-11-19 00:30:06,666 [EventQueue-OpenPipelineForOneReplicaPipelineSafeModeRule] INFO  safemode.SCMSafeModeManager (SCMSafeModeManager.java:validateSafeModeExitRules(176)) - AtleastOneDatanodeReportedRule rule is successfully validated
2019-11-19 00:30:06,666 [EventQueue-PipelineReportForPipelineReportHandler] INFO  pipeline.PipelineReportHandler (PipelineReportHandler.java:processPipelineReport(113)) - Pipeline ONE PipelineID=ae457ff7-c89f-40d3-af6e-6394ac593de5 reported by e40a9ad9-61b8-4c84-9e56-4a58a674b331{ip: 192.168.69.105, host: pr-hdds-2536-szzs6-2090880147, networkLocation: /default-rack, certSerialId: null}
2019-11-19 00:30:06,667 [EventQueue-OpenPipelineForHealthyPipelineSafeModeRule] INFO  safemode.SCMSafeModeManager (HealthyPipelineSafeModeRule.java:process(132)) - SCM in safe mode. Healthy pipelines reported count is 0, required healthy pipeline reported count is 1
2019-11-19 00:30:06,667 [EventQueue-PipelineReportForPipelineReportHandler] INFO  pipeline.PipelineStateManager (PipelineStateManager.java:openPipeline(132)) - Pipeline Pipeline[ Id: ae457ff7-c89f-40d3-af6e-6394ac593de5, Nodes: e40a9ad9-61b8-4c84-9e56-4a58a674b331{ip: 192.168.69.105, host: pr-hdds-2536-szzs6-2090880147, networkLocation: /default-rack, certSerialId: null}, Type:RATIS, Factor:ONE, State:ALLOCATED] moved to OPEN state
2019-11-19 00:30:06,667 [EventQueue-OpenPipelineForOneReplicaPipelineSafeModeRule] INFO  safemode.SCMSafeModeManager (SCMSafeModeManager.java:validateSafeModeExitRules(176)) - AtleastOneDatanodeReportedRule rule is successfully validated
2019-11-19 00:30:06,667 [EventQueue-PipelineReportForPipelineReportHandler] INFO  pipeline.PipelineReportHandler (PipelineReportHandler.java:processPipelineReport(113)) - Pipeline ONE PipelineID=5d6a2a86-9ed5-4039-91c2-8441dfd180ec reported by bc99bf45-4121-4a06-aeae-d9c6d964d059{ip: 192.168.69.105, host: pr-hdds-2536-szzs6-2090880147, networkLocation: /default-rack, certSerialId: null}
2019-11-19 00:30:06,667 [EventQueue-OpenPipelineForHealthyPipelineSafeModeRule] INFO  safemode.SCMSafeModeManager (HealthyPipelineSafeModeRule.java:process(132)) - SCM in safe mode. Healthy pipelines reported count is 0, required healthy pipeline reported count is 1
2019-11-19 00:30:06,667 [EventQueue-PipelineReportForPipelineReportHandler] INFO  pipeline.PipelineStateManager (PipelineStateManager.java:openPipeline(132)) - Pipeline Pipeline[ Id: 5d6a2a86-9ed5-4039-91c2-8441dfd180ec, Nodes: bc99bf45-4121-4a06-aeae-d9c6d964d059{ip: 192.168.69.105, host: pr-hdds-2536-szzs6-2090880147, networkLocation: /default-rack, certSerialId: null}, Type:RATIS, Factor:ONE, State:ALLOCATED] moved to OPEN state
2019-11-19 00:30:06,668 [EventQueue-OpenPipelineForOneReplicaPipelineSafeModeRule] INFO  safemode.SCMSafeModeManager (SCMSafeModeManager.java:validateSafeModeExitRules(176)) - AtleastOneDatanodeReportedRule rule is successfully validated
2019-11-19 00:30:06,668 [EventQueue-OpenPipelineForHealthyPipelineSafeModeRule] INFO  safemode.SCMSafeModeManager (HealthyPipelineSafeModeRule.java:process(132)) - SCM in safe mode. Healthy pipelines reported count is 0, required healthy pipeline reported count is 1
2019-11-19 00:30:06,669 [pool-47-thread-1] INFO  storage.RaftStorage (RaftStorage.java:format(84)) - Storage directory /workdir/hadoop-ozone/tools/target/test-dir/MiniOzoneClusterImpl-a19dc363-7e85-4d5f-b92a-6c0ef9d6aade/datanode-2/data/ratis/635a24b9-c7d2-4959-a2e8-a8e4bcbbd40e has been successfully formatted.
2019-11-19 00:30:06,669 [pool-27-thread-1] INFO  storage.RaftStorage (RaftStorage.java:format(84)) - Storage directory /workdir/hadoop-ozone/tools/target/test-dir/MiniOzoneClusterImpl-a19dc363-7e85-4d5f-b92a-6c0ef9d6aade/datanode-0/data/ratis/635a24b9-c7d2-4959-a2e8-a8e4bcbbd40e has been successfully formatted.
2019-11-19 00:30:06,669 [pool-37-thread-1] INFO  storage.RaftStorage (RaftStorage.java:format(84)) - Storage directory /workdir/hadoop-ozone/tools/target/test-dir/MiniOzoneClusterImpl-a19dc363-7e85-4d5f-b92a-6c0ef9d6aade/datanode-1/data/ratis/635a24b9-c7d2-4959-a2e8-a8e4bcbbd40e has been successfully formatted.
2019-11-19 00:30:06,670 [pool-27-thread-1] INFO  ratis.ContainerStateMachine (ContainerStateMachine.java:loadSnapshot(223)) - group-A8E4BCBBD40E: The snapshot info is null. Setting the last applied indexto:(t:0, i:~)
2019-11-19 00:30:06,670 [pool-47-thread-1] INFO  ratis.ContainerStateMachine (ContainerStateMachine.java:loadSnapshot(223)) - group-A8E4BCBBD40E: The snapshot info is null. Setting the last applied indexto:(t:0, i:~)
2019-11-19 00:30:06,670 [pool-27-thread-1] INFO  server.RaftServerConfigKeys (ConfUtils.java:logGet(43)) - raft.server.notification.no-leader.timeout = 120s (custom)
2019-11-19 00:30:06,670 [pool-47-thread-1] INFO  server.RaftServerConfigKeys (ConfUtils.java:logGet(43)) - raft.server.notification.no-leader.timeout = 120s (custom)
2019-11-19 00:30:06,670 [pool-37-thread-1] INFO  ratis.ContainerStateMachine (ContainerStateMachine.java:loadSnapshot(223)) - group-A8E4BCBBD40E: The snapshot info is null. Setting the last applied indexto:(t:0, i:~)
2019-11-19 00:30:06,670 [pool-47-thread-1] INFO  server.RaftServerConfigKeys (ConfUtils.java:logGet(43)) - raft.server.log.use.memory = false (default)
2019-11-19 00:30:06,670 [pool-37-thread-1] INFO  server.RaftServerConfigKeys (ConfUtils.java:logGet(43)) - raft.server.notification.no-leader.timeout = 120s (custom)
2019-11-19 00:30:06,670 [pool-27-thread-1] INFO  server.RaftServerConfigKeys (ConfUtils.java:logGet(43)) - raft.server.log.use.memory = false (default)
2019-11-19 00:30:06,671 [pool-37-thread-1] INFO  server.RaftServerConfigKeys (ConfUtils.java:logGet(43)) - raft.server.log.use.memory = false (default)
2019-11-19 00:30:06,671 [pool-47-thread-1] INFO  server.RaftServerConfigKeys (ConfUtils.java:logGet(43)) - raft.server.log.purge.gap = 1000000 (custom)
2019-11-19 00:30:06,671 [pool-37-thread-1] INFO  server.RaftServerConfigKeys (ConfUtils.java:logGet(43)) - raft.server.log.purge.gap = 1000000 (custom)
2019-11-19 00:30:06,671 [pool-27-thread-1] INFO  server.RaftServerConfigKeys (ConfUtils.java:logGet(43)) - raft.server.log.purge.gap = 1000000 (custom)
2019-11-19 00:30:06,671 [pool-47-thread-1] INFO  server.RaftServerConfigKeys (ConfUtils.java:logGet(43)) - raft.server.log.appender.buffer.byte-limit = 33554432 (custom)
2019-11-19 00:30:06,671 [pool-27-thread-1] INFO  server.RaftServerConfigKeys (ConfUtils.java:logGet(43)) - raft.server.log.appender.buffer.byte-limit = 33554432 (custom)
2019-11-19 00:30:06,671 [pool-37-thread-1] INFO  server.RaftServerConfigKeys (ConfUtils.java:logGet(43)) - raft.server.log.appender.buffer.byte-limit = 33554432 (custom)
2019-11-19 00:30:06,672 [pool-27-thread-1] INFO  server.RaftServerConfigKeys (ConfUtils.java:logGet(43)) - raft.server.log.segment.size.max = 1048576 (custom)
2019-11-19 00:30:06,672 [pool-47-thread-1] INFO  server.RaftServerConfigKeys (ConfUtils.java:logGet(43)) - raft.server.log.segment.size.max = 1048576 (custom)
2019-11-19 00:30:06,672 [pool-27-thread-1] INFO  server.RaftServerConfigKeys (ConfUtils.java:logGet(43)) - raft.server.log.segment.cache.num.max = 2 (custom)
2019-11-19 00:30:06,672 [pool-37-thread-1] INFO  server.RaftServerConfigKeys (ConfUtils.java:logGet(43)) - raft.server.log.segment.size.max = 1048576 (custom)
2019-11-19 00:30:06,672 [pool-47-thread-1] INFO  server.RaftServerConfigKeys (ConfUtils.java:logGet(43)) - raft.server.log.segment.cache.num.max = 2 (custom)
2019-11-19 00:30:06,672 [pool-27-thread-1] INFO  segmented.SegmentedRaftLogWorker (SegmentedRaftLogWorker.java:<init>(173)) - new 10e43304-02b7-4cde-a6c2-5453586e0897@group-A8E4BCBBD40E-SegmentedRaftLogWorker for RaftStorage:Storage Directory /workdir/hadoop-ozone/tools/target/test-dir/MiniOzoneClusterImpl-a19dc363-7e85-4d5f-b92a-6c0ef9d6aade/datanode-0/data/ratis/635a24b9-c7d2-4959-a2e8-a8e4bcbbd40e
2019-11-19 00:30:06,672 [pool-47-thread-1] INFO  segmented.SegmentedRaftLogWorker (SegmentedRaftLogWorker.java:<init>(173)) - new bc99bf45-4121-4a06-aeae-d9c6d964d059@group-A8E4BCBBD40E-SegmentedRaftLogWorker for RaftStorage:Storage Directory /workdir/hadoop-ozone/tools/target/test-dir/MiniOzoneClusterImpl-a19dc363-7e85-4d5f-b92a-6c0ef9d6aade/datanode-2/data/ratis/635a24b9-c7d2-4959-a2e8-a8e4bcbbd40e
2019-11-19 00:30:06,672 [pool-37-thread-1] INFO  server.RaftServerConfigKeys (ConfUtils.java:logGet(43)) - raft.server.log.segment.cache.num.max = 2 (custom)
2019-11-19 00:30:06,673 [pool-47-thread-1] INFO  server.RaftServerConfigKeys (ConfUtils.java:logGet(43)) - raft.server.log.queue.byte-limit = 2147483647 (custom)
2019-11-19 00:30:06,673 [pool-27-thread-1] INFO  server.RaftServerConfigKeys (ConfUtils.java:logGet(43)) - raft.server.log.queue.byte-limit = 2147483647 (custom)
2019-11-19 00:30:06,673 [pool-47-thread-1] INFO  server.RaftServerConfigKeys (ConfUtils.java:logGet(43)) - raft.server.log.queue.element-limit = 1024 (custom)
2019-11-19 00:30:06,673 [pool-37-thread-1] INFO  segmented.SegmentedRaftLogWorker (SegmentedRaftLogWorker.java:<init>(173)) - new e40a9ad9-61b8-4c84-9e56-4a58a674b331@group-A8E4BCBBD40E-SegmentedRaftLogWorker for RaftStorage:Storage Directory /workdir/hadoop-ozone/tools/target/test-dir/MiniOzoneClusterImpl-a19dc363-7e85-4d5f-b92a-6c0ef9d6aade/datanode-1/data/ratis/635a24b9-c7d2-4959-a2e8-a8e4bcbbd40e
2019-11-19 00:30:06,673 [pool-47-thread-1] INFO  server.RaftServerConfigKeys (ConfUtils.java:logGet(43)) - raft.server.log.segment.size.max = 1048576 (custom)
2019-11-19 00:30:06,673 [pool-27-thread-1] INFO  server.RaftServerConfigKeys (ConfUtils.java:logGet(43)) - raft.server.log.queue.element-limit = 1024 (custom)
2019-11-19 00:30:06,673 [pool-47-thread-1] INFO  server.RaftServerConfigKeys (ConfUtils.java:logGet(43)) - raft.server.log.preallocated.size = 16384 (custom)
2019-11-19 00:30:06,673 [pool-37-thread-1] INFO  server.RaftServerConfigKeys (ConfUtils.java:logGet(43)) - raft.server.log.queue.byte-limit = 2147483647 (custom)
2019-11-19 00:30:06,674 [pool-47-thread-1] INFO  server.RaftServerConfigKeys (ConfUtils.java:logGet(43)) - raft.server.log.write.buffer.size = 33554432 (custom)
2019-11-19 00:30:06,674 [pool-27-thread-1] INFO  server.RaftServerConfigKeys (ConfUtils.java:logGet(43)) - raft.server.log.segment.size.max = 1048576 (custom)
2019-11-19 00:30:06,674 [pool-47-thread-1] INFO  server.RaftServerConfigKeys (ConfUtils.java:logGet(43)) - raft.server.log.force.sync.num = 128 (default)
2019-11-19 00:30:06,674 [pool-37-thread-1] INFO  server.RaftServerConfigKeys (ConfUtils.java:logGet(43)) - raft.server.log.queue.element-limit = 1024 (custom)
2019-11-19 00:30:06,674 [pool-47-thread-1] INFO  server.RaftServerConfigKeys (ConfUtils.java:logGet(43)) - raft.server.log.statemachine.data.sync = true (default)
2019-11-19 00:30:06,674 [pool-27-thread-1] INFO  server.RaftServerConfigKeys (ConfUtils.java:logGet(43)) - raft.server.log.preallocated.size = 16384 (custom)
2019-11-19 00:30:06,674 [pool-47-thread-1] INFO  server.RaftServerConfigKeys (ConfUtils.java:logGet(43)) - raft.server.log.statemachine.data.sync.timeout = 10s (default)
2019-11-19 00:30:06,674 [pool-37-thread-1] INFO  server.RaftServerConfigKeys (ConfUtils.java:logGet(43)) - raft.server.log.segment.size.max = 1048576 (custom)
2019-11-19 00:30:06,675 [pool-47-thread-1] INFO  server.RaftServerConfigKeys (ConfUtils.java:logGet(43)) - raft.server.log.statemachine.data.sync.timeout.retry = -1 (default)
2019-11-19 00:30:06,675 [pool-27-thread-1] INFO  server.RaftServerConfigKeys (ConfUtils.java:logGet(43)) - raft.server.log.write.buffer.size = 33554432 (custom)
2019-11-19 00:30:06,675 [pool-37-thread-1] INFO  server.RaftServerConfigKeys (ConfUtils.java:logGet(43)) - raft.server.log.preallocated.size = 16384 (custom)
2019-11-19 00:30:06,675 [pool-47-thread-1] INFO  server.RaftServerConfigKeys (ConfUtils.java:logGet(43)) - raft.server.log.statemachine.data.caching.enabled = true (custom)
2019-11-19 00:30:06,675 [pool-27-thread-1] INFO  server.RaftServerConfigKeys (ConfUtils.java:logGet(43)) - raft.server.log.force.sync.num = 128 (default)
2019-11-19 00:30:06,675 [pool-37-thread-1] INFO  server.RaftServerConfigKeys (ConfUtils.java:logGet(43)) - raft.server.log.write.buffer.size = 33554432 (custom)
2019-11-19 00:30:06,675 [pool-27-thread-1] INFO  server.RaftServerConfigKeys (ConfUtils.java:logGet(43)) - raft.server.log.statemachine.data.sync = true (default)
2019-11-19 00:30:06,676 [pool-37-thread-1] INFO  server.RaftServerConfigKeys (ConfUtils.java:logGet(43)) - raft.server.log.force.sync.num = 128 (default)
2019-11-19 00:30:06,676 [pool-47-thread-1] INFO  segmented.SegmentedRaftLogWorker (SegmentedRaftLogWorker.java:lambda$new$0(128)) - bc99bf45-4121-4a06-aeae-d9c6d964d059@group-A8E4BCBBD40E-SegmentedRaftLogWorker: flushIndex: setUnconditionally 0 -> -1
2019-11-19 00:30:06,676 [pool-37-thread-1] INFO  server.RaftServerConfigKeys (ConfUtils.java:logGet(43)) - raft.server.log.statemachine.data.sync = true (default)
2019-11-19 00:30:06,676 [pool-27-thread-1] INFO  server.RaftServerConfigKeys (ConfUtils.java:logGet(43)) - raft.server.log.statemachine.data.sync.timeout = 10s (default)
2019-11-19 00:30:06,676 [pool-47-thread-1] INFO  server.RaftServerConfigKeys (ConfUtils.java:logGet(43)) - raft.server.snapshot.auto.trigger.enabled = true (custom)
2019-11-19 00:30:06,676 [pool-27-thread-1] INFO  server.RaftServerConfigKeys (ConfUtils.java:logGet(43)) - raft.server.log.statemachine.data.sync.timeout.retry = -1 (default)
2019-11-19 00:30:06,676 [pool-37-thread-1] INFO  server.RaftServerConfigKeys (ConfUtils.java:logGet(43)) - raft.server.log.statemachine.data.sync.timeout = 10s (default)
2019-11-19 00:30:06,676 [pool-47-thread-1] INFO  server.RaftServerConfigKeys (ConfUtils.java:logGet(43)) - raft.server.snapshot.auto.trigger.threshold = 10000 (custom)
2019-11-19 00:30:06,677 [pool-37-thread-1] INFO  server.RaftServerConfigKeys (ConfUtils.java:logGet(43)) - raft.server.log.statemachine.data.sync.timeout.retry = -1 (default)
2019-11-19 00:30:06,677 [pool-47-thread-1] INFO  server.RaftServerConfigKeys (ConfUtils.java:logGet(43)) - raft.server.snapshot.retention.file.num = 5 (custom)
2019-11-19 00:30:06,680 [pool-27-thread-1] INFO  server.RaftServerConfigKeys (ConfUtils.java:logGet(43)) - raft.server.log.statemachine.data.caching.enabled = true (custom)
2019-11-19 00:30:06,680 [pool-37-thread-1] INFO  server.RaftServerConfigKeys (ConfUtils.java:logGet(43)) - raft.server.log.statemachine.data.caching.enabled = true (custom)
2019-11-19 00:30:06,680 [pool-27-thread-1] INFO  segmented.SegmentedRaftLogWorker (SegmentedRaftLogWorker.java:lambda$new$0(128)) - 10e43304-02b7-4cde-a6c2-5453586e0897@group-A8E4BCBBD40E-SegmentedRaftLogWorker: flushIndex: setUnconditionally 0 -> -1
2019-11-19 00:30:06,680 [pool-47-thread-1] INFO  server.RaftServerConfigKeys (ConfUtils.java:logGet(43)) - raft.server.retrycache.expirytime = 600000ms (custom)
2019-11-19 00:30:06,681 [pool-27-thread-1] INFO  server.RaftServerConfigKeys (ConfUtils.java:logGet(43)) - raft.server.snapshot.auto.trigger.enabled = true (custom)
2019-11-19 00:30:06,681 [pool-47-thread-1] WARN  impl.MetricRegistriesImpl (MetricRegistriesImpl.java:lambda$create$1(61)) - First MetricRegistry has been created without registering reporters. You may need to call MetricRegistries.global().addReportRegistration(...) before.
2019-11-19 00:30:06,681 [pool-37-thread-1] INFO  segmented.SegmentedRaftLogWorker (SegmentedRaftLogWorker.java:lambda$new$0(128)) - e40a9ad9-61b8-4c84-9e56-4a58a674b331@group-A8E4BCBBD40E-SegmentedRaftLogWorker: flushIndex: setUnconditionally 0 -> -1
2019-11-19 00:30:06,685 [pool-47-thread-1] WARN  impl.MetricRegistriesImpl (MetricRegistriesImpl.java:lambda$create$1(61)) - First MetricRegistry has been created without registering reporters. You may need to call MetricRegistries.global().addReportRegistration(...) before.
2019-11-19 00:30:06,681 [pool-27-thread-1] INFO  server.RaftServerConfigKeys (ConfUtils.java:logGet(43)) - raft.server.snapshot.auto.trigger.threshold = 10000 (custom)
2019-11-19 00:30:06,687 [pool-37-thread-1] INFO  server.RaftServerConfigKeys (ConfUtils.java:logGet(43)) - raft.server.snapshot.auto.trigger.enabled = true (custom)
2019-11-19 00:30:06,687 [pool-47-thread-1] INFO  impl.RaftServerImpl (RaftServerImpl.java:start(184)) - bc99bf45-4121-4a06-aeae-d9c6d964d059@group-A8E4BCBBD40E: start as a follower, conf=-1: [e40a9ad9-61b8-4c84-9e56-4a58a674b331:192.168.69.105:41649, bc99bf45-4121-4a06-aeae-d9c6d964d059:192.168.69.105:40478, 10e43304-02b7-4cde-a6c2-5453586e0897:192.168.69.105:35821], old=null
2019-11-19 00:30:06,687 [pool-27-thread-1] INFO  server.RaftServerConfigKeys (ConfUtils.java:logGet(43)) - raft.server.snapshot.retention.file.num = 5 (custom)
2019-11-19 00:30:06,687 [pool-47-thread-1] INFO  impl.RaftServerImpl (RaftServerImpl.java:setRole(173)) - bc99bf45-4121-4a06-aeae-d9c6d964d059@group-A8E4BCBBD40E: changes role from      null to FOLLOWER at term 0 for startAsFollower
2019-11-19 00:30:06,687 [pool-37-thread-1] INFO  server.RaftServerConfigKeys (ConfUtils.java:logGet(43)) - raft.server.snapshot.auto.trigger.threshold = 10000 (custom)
2019-11-19 00:30:06,688 [pool-37-thread-1] INFO  server.RaftServerConfigKeys (ConfUtils.java:logGet(43)) - raft.server.snapshot.retention.file.num = 5 (custom)
2019-11-19 00:30:06,690 [pool-37-thread-1] INFO  server.RaftServerConfigKeys (ConfUtils.java:logGet(43)) - raft.server.retrycache.expirytime = 600000ms (custom)
2019-11-19 00:30:06,690 [pool-47-thread-1] INFO  impl.RoleInfo (RoleInfo.java:updateAndGet(143)) - bc99bf45-4121-4a06-aeae-d9c6d964d059: start FollowerState
2019-11-19 00:30:06,690 [pool-27-thread-1] INFO  server.RaftServerConfigKeys (ConfUtils.java:logGet(43)) - raft.server.retrycache.expirytime = 600000ms (custom)
2019-11-19 00:30:06,690 [pool-37-thread-1] WARN  impl.MetricRegistriesImpl (MetricRegistriesImpl.java:lambda$create$1(61)) - First MetricRegistry has been created without registering reporters. You may need to call MetricRegistries.global().addReportRegistration(...) before.
2019-11-19 00:30:06,691 [pool-27-thread-1] WARN  impl.MetricRegistriesImpl (MetricRegistriesImpl.java:lambda$create$1(61)) - First MetricRegistry has been created without registering reporters. You may need to call MetricRegistries.global().addReportRegistration(...) before.
2019-11-19 00:30:06,692 [pool-37-thread-1] WARN  impl.MetricRegistriesImpl (MetricRegistriesImpl.java:lambda$create$1(61)) - First MetricRegistry has been created without registering reporters. You may need to call MetricRegistries.global().addReportRegistration(...) before.
2019-11-19 00:30:06,703 [pool-47-thread-1] INFO  util.JmxRegister (JmxRegister.java:tryRegister(44)) - Successfully registered JMX Bean with object name Ratis:service=RaftServer,group=group-A8E4BCBBD40E,id=bc99bf45-4121-4a06-aeae-d9c6d964d059
2019-11-19 00:30:06,703 [pool-27-thread-1] WARN  impl.MetricRegistriesImpl (MetricRegistriesImpl.java:lambda$create$1(61)) - First MetricRegistry has been created without registering reporters. You may need to call MetricRegistries.global().addReportRegistration(...) before.
2019-11-19 00:30:06,703 [pool-47-thread-1] WARN  impl.MetricRegistriesImpl (MetricRegistriesImpl.java:lambda$create$1(61)) - First MetricRegistry has been created without registering reporters. You may need to call MetricRegistries.global().addReportRegistration(...) before.
2019-11-19 00:30:06,703 [pool-37-thread-1] INFO  impl.RaftServerImpl (RaftServerImpl.java:start(184)) - e40a9ad9-61b8-4c84-9e56-4a58a674b331@group-A8E4BCBBD40E: start as a follower, conf=-1: [e40a9ad9-61b8-4c84-9e56-4a58a674b331:192.168.69.105:41649, bc99bf45-4121-4a06-aeae-d9c6d964d059:192.168.69.105:40478, 10e43304-02b7-4cde-a6c2-5453586e0897:192.168.69.105:35821], old=null
2019-11-19 00:30:06,703 [pool-27-thread-1] INFO  impl.RaftServerImpl (RaftServerImpl.java:start(184)) - 10e43304-02b7-4cde-a6c2-5453586e0897@group-A8E4BCBBD40E: start as a follower, conf=-1: [e40a9ad9-61b8-4c84-9e56-4a58a674b331:192.168.69.105:41649, bc99bf45-4121-4a06-aeae-d9c6d964d059:192.168.69.105:40478, 10e43304-02b7-4cde-a6c2-5453586e0897:192.168.69.105:35821], old=null
2019-11-19 00:30:06,704 [pool-37-thread-1] INFO  impl.RaftServerImpl (RaftServerImpl.java:setRole(173)) - e40a9ad9-61b8-4c84-9e56-4a58a674b331@group-A8E4BCBBD40E: changes role from      null to FOLLOWER at term 0 for startAsFollower
2019-11-19 00:30:06,704 [pool-27-thread-1] INFO  impl.RaftServerImpl (RaftServerImpl.java:setRole(173)) - 10e43304-02b7-4cde-a6c2-5453586e0897@group-A8E4BCBBD40E: changes role from      null to FOLLOWER at term 0 for startAsFollower
2019-11-19 00:30:06,706 [pool-27-thread-1] INFO  impl.RoleInfo (RoleInfo.java:updateAndGet(143)) - 10e43304-02b7-4cde-a6c2-5453586e0897: start FollowerState
2019-11-19 00:30:06,706 [pool-37-thread-1] INFO  impl.RoleInfo (RoleInfo.java:updateAndGet(143)) - e40a9ad9-61b8-4c84-9e56-4a58a674b331: start FollowerState
2019-11-19 00:30:06,706 [pool-27-thread-1] INFO  util.JmxRegister (JmxRegister.java:tryRegister(44)) - Successfully registered JMX Bean with object name Ratis:service=RaftServer,group=group-A8E4BCBBD40E,id=10e43304-02b7-4cde-a6c2-5453586e0897
2019-11-19 00:30:06,706 [Command processor thread] INFO  commandhandler.CreatePipelineCommandHandler (CreatePipelineCommandHandler.java:handle(86)) - Create Pipeline RATIS THREE #id: "635a24b9-c7d2-4959-a2e8-a8e4bcbbd40e"
 command succeed on datanode bc99bf45-4121-4a06-aeae-d9c6d964d059.
2019-11-19 00:30:06,707 [pool-37-thread-1] INFO  util.JmxRegister (JmxRegister.java:tryRegister(44)) - Successfully registered JMX Bean with object name Ratis:service=RaftServer,group=group-A8E4BCBBD40E,id=e40a9ad9-61b8-4c84-9e56-4a58a674b331
2019-11-19 00:30:06,707 [pool-27-thread-1] WARN  impl.MetricRegistriesImpl (MetricRegistriesImpl.java:lambda$create$1(61)) - First MetricRegistry has been created without registering reporters. You may need to call MetricRegistries.global().addReportRegistration(...) before.
2019-11-19 00:30:06,708 [pool-37-thread-1] WARN  impl.MetricRegistriesImpl (MetricRegistriesImpl.java:lambda$create$1(61)) - First MetricRegistry has been created without registering reporters. You may need to call MetricRegistries.global().addReportRegistration(...) before.
2019-11-19 00:30:06,711 [Command processor thread] INFO  commandhandler.CreatePipelineCommandHandler (CreatePipelineCommandHandler.java:handle(86)) - Create Pipeline RATIS THREE #id: "635a24b9-c7d2-4959-a2e8-a8e4bcbbd40e"
 command succeed on datanode e40a9ad9-61b8-4c84-9e56-4a58a674b331.
2019-11-19 00:30:06,711 [Command processor thread] INFO  commandhandler.CreatePipelineCommandHandler (CreatePipelineCommandHandler.java:handle(86)) - Create Pipeline RATIS THREE #id: "635a24b9-c7d2-4959-a2e8-a8e4bcbbd40e"
 command succeed on datanode 10e43304-02b7-4cde-a6c2-5453586e0897.
2019-11-19 00:30:06,719 [EventQueue-PipelineReportForPipelineReportHandler] INFO  pipeline.PipelineReportHandler (PipelineReportHandler.java:processPipelineReport(113)) - Pipeline THREE PipelineID=635a24b9-c7d2-4959-a2e8-a8e4bcbbd40e reported by bc99bf45-4121-4a06-aeae-d9c6d964d059{ip: 192.168.69.105, host: pr-hdds-2536-szzs6-2090880147, networkLocation: /default-rack, certSerialId: null}
2019-11-19 00:30:06,720 [EventQueue-PipelineReportForPipelineReportHandler] INFO  pipeline.PipelineReportHandler (PipelineReportHandler.java:processPipelineReport(113)) - Pipeline THREE PipelineID=635a24b9-c7d2-4959-a2e8-a8e4bcbbd40e reported by e40a9ad9-61b8-4c84-9e56-4a58a674b331{ip: 192.168.69.105, host: pr-hdds-2536-szzs6-2090880147, networkLocation: /default-rack, certSerialId: null}
2019-11-19 00:30:06,720 [EventQueue-PipelineReportForPipelineReportHandler] INFO  pipeline.PipelineReportHandler (PipelineReportHandler.java:processPipelineReport(113)) - Pipeline THREE PipelineID=635a24b9-c7d2-4959-a2e8-a8e4bcbbd40e reported by 10e43304-02b7-4cde-a6c2-5453586e0897{ip: 192.168.69.105, host: pr-hdds-2536-szzs6-2090880147, networkLocation: /default-rack, certSerialId: null}
2019-11-19 00:30:07,490 [main] INFO  ozone.MiniOzoneClusterImpl (MiniOzoneClusterImpl.java:lambda$waitForClusterToBeReady$0(150)) - Nodes are ready. Got 3 of 3 DN Heartbeats.
2019-11-19 00:30:07,491 [main] INFO  ozone.MiniOzoneClusterImpl (MiniOzoneClusterImpl.java:lambda$waitForClusterToBeReady$0(153)) - Waiting for cluster to exit safe mode
2019-11-19 00:30:08,491 [main] INFO  ozone.MiniOzoneClusterImpl (MiniOzoneClusterImpl.java:lambda$waitForClusterToBeReady$0(150)) - Nodes are ready. Got 3 of 3 DN Heartbeats.
2019-11-19 00:30:08,492 [main] INFO  ozone.MiniOzoneClusterImpl (MiniOzoneClusterImpl.java:lambda$waitForClusterToBeReady$0(153)) - Waiting for cluster to exit safe mode
2019-11-19 00:30:09,492 [main] INFO  ozone.MiniOzoneClusterImpl (MiniOzoneClusterImpl.java:lambda$waitForClusterToBeReady$0(150)) - Nodes are ready. Got 3 of 3 DN Heartbeats.
2019-11-19 00:30:09,493 [main] INFO  ozone.MiniOzoneClusterImpl (MiniOzoneClusterImpl.java:lambda$waitForClusterToBeReady$0(153)) - Waiting for cluster to exit safe mode
2019-11-19 00:30:10,493 [main] INFO  ozone.MiniOzoneClusterImpl (MiniOzoneClusterImpl.java:lambda$waitForClusterToBeReady$0(150)) - Nodes are ready. Got 3 of 3 DN Heartbeats.
2019-11-19 00:30:10,493 [main] INFO  ozone.MiniOzoneClusterImpl (MiniOzoneClusterImpl.java:lambda$waitForClusterToBeReady$0(153)) - Waiting for cluster to exit safe mode
2019-11-19 00:30:11,494 [main] INFO  ozone.MiniOzoneClusterImpl (MiniOzoneClusterImpl.java:lambda$waitForClusterToBeReady$0(150)) - Nodes are ready. Got 3 of 3 DN Heartbeats.
2019-11-19 00:30:11,494 [main] INFO  ozone.MiniOzoneClusterImpl (MiniOzoneClusterImpl.java:lambda$waitForClusterToBeReady$0(153)) - Waiting for cluster to exit safe mode
2019-11-19 00:30:11,682 [Thread-183] INFO  impl.FollowerState (FollowerState.java:run(111)) - e40a9ad9-61b8-4c84-9e56-4a58a674b331@group-6394AC593DE5-FollowerState: change to CANDIDATE, lastRpcTime:5069ms, electionTimeout:5065ms
2019-11-19 00:30:11,684 [Thread-183] INFO  impl.RoleInfo (RoleInfo.java:shutdownFollowerState(121)) - e40a9ad9-61b8-4c84-9e56-4a58a674b331: shutdown FollowerState
2019-11-19 00:30:11,684 [Thread-183] INFO  impl.RaftServerImpl (RaftServerImpl.java:setRole(173)) - e40a9ad9-61b8-4c84-9e56-4a58a674b331@group-6394AC593DE5: changes role from  FOLLOWER to CANDIDATE at term 0 for changeToCandidate
2019-11-19 00:30:11,689 [Thread-183] INFO  impl.RoleInfo (RoleInfo.java:updateAndGet(143)) - e40a9ad9-61b8-4c84-9e56-4a58a674b331: start LeaderElection
2019-11-19 00:30:11,708 [e40a9ad9-61b8-4c84-9e56-4a58a674b331@group-6394AC593DE5-LeaderElection1] INFO  impl.LeaderElection (LeaderElection.java:askForVotes(178)) - e40a9ad9-61b8-4c84-9e56-4a58a674b331@group-6394AC593DE5-LeaderElection1: begin an election at term 1 for -1: [e40a9ad9-61b8-4c84-9e56-4a58a674b331:192.168.69.105:41649], old=null
2019-11-19 00:30:11,710 [e40a9ad9-61b8-4c84-9e56-4a58a674b331@group-6394AC593DE5-LeaderElection1] INFO  impl.RoleInfo (RoleInfo.java:shutdownLeaderElection(134)) - e40a9ad9-61b8-4c84-9e56-4a58a674b331: shutdown LeaderElection
2019-11-19 00:30:11,711 [e40a9ad9-61b8-4c84-9e56-4a58a674b331@group-6394AC593DE5-LeaderElection1] INFO  impl.RaftServerImpl (RaftServerImpl.java:setRole(173)) - e40a9ad9-61b8-4c84-9e56-4a58a674b331@group-6394AC593DE5: changes role from CANDIDATE to LEADER at term 1 for changeToLeader
2019-11-19 00:30:11,711 [e40a9ad9-61b8-4c84-9e56-4a58a674b331@group-6394AC593DE5-LeaderElection1] INFO  ratis.XceiverServerRatis (XceiverServerRatis.java:handleLeaderChangedNotification(733)) - Leader change notification received for group: group-6394AC593DE5 with new leaderId: e40a9ad9-61b8-4c84-9e56-4a58a674b331
2019-11-19 00:30:11,711 [e40a9ad9-61b8-4c84-9e56-4a58a674b331@group-6394AC593DE5-LeaderElection1] INFO  impl.RaftServerImpl (ServerState.java:setLeader(255)) - e40a9ad9-61b8-4c84-9e56-4a58a674b331@group-6394AC593DE5: change Leader from null to e40a9ad9-61b8-4c84-9e56-4a58a674b331 at term 1 for becomeLeader, leader elected after 5206ms
2019-11-19 00:30:11,717 [EventQueue-PipelineReportForPipelineReportHandler] INFO  pipeline.PipelineReportHandler (PipelineReportHandler.java:processPipelineReport(113)) - Pipeline THREE PipelineID=635a24b9-c7d2-4959-a2e8-a8e4bcbbd40e reported by e40a9ad9-61b8-4c84-9e56-4a58a674b331{ip: 192.168.69.105, host: pr-hdds-2536-szzs6-2090880147, networkLocation: /default-rack, certSerialId: null}
2019-11-19 00:30:11,720 [e40a9ad9-61b8-4c84-9e56-4a58a674b331@group-6394AC593DE5-LeaderElection1] INFO  server.RaftServerConfigKeys (ConfUtils.java:logGet(43)) - raft.server.staging.catchup.gap = 1000 (default)
2019-11-19 00:30:11,720 [e40a9ad9-61b8-4c84-9e56-4a58a674b331@group-6394AC593DE5-LeaderElection1] INFO  server.RaftServerConfigKeys (ConfUtils.java:logGet(43)) - raft.server.rpc.sleep.time = 25ms (default)
2019-11-19 00:30:11,726 [e40a9ad9-61b8-4c84-9e56-4a58a674b331@group-6394AC593DE5-LeaderElection1] INFO  server.RaftServerConfigKeys (ConfUtils.java:logGet(43)) - raft.server.write.element-limit = 4096 (default)
2019-11-19 00:30:11,734 [e40a9ad9-61b8-4c84-9e56-4a58a674b331@group-6394AC593DE5-LeaderElection1] INFO  server.RaftServerConfigKeys (ConfUtils.java:logGet(43)) - raft.server.watch.timeout = 10s (default)
2019-11-19 00:30:11,734 [e40a9ad9-61b8-4c84-9e56-4a58a674b331@group-6394AC593DE5-LeaderElection1] INFO  server.RaftServerConfigKeys (ConfUtils.java:logGet(43)) - raft.server.watch.timeout.denomination = 1s (default)
2019-11-19 00:30:11,735 [e40a9ad9-61b8-4c84-9e56-4a58a674b331@group-6394AC593DE5-LeaderElection1] INFO  server.RaftServerConfigKeys (ConfUtils.java:logGet(43)) - raft.server.watch.element-limit = 65536 (default)
2019-11-19 00:30:11,741 [Thread-181] INFO  impl.FollowerState (FollowerState.java:run(111)) - 10e43304-02b7-4cde-a6c2-5453586e0897@group-5B30AA9C74D1-FollowerState: change to CANDIDATE, lastRpcTime:5128ms, electionTimeout:5124ms
2019-11-19 00:30:11,742 [Thread-181] INFO  impl.RoleInfo (RoleInfo.java:shutdownFollowerState(121)) - 10e43304-02b7-4cde-a6c2-5453586e0897: shutdown FollowerState
2019-11-19 00:30:11,742 [Thread-181] INFO  impl.RaftServerImpl (RaftServerImpl.java:setRole(173)) - 10e43304-02b7-4cde-a6c2-5453586e0897@group-5B30AA9C74D1: changes role from  FOLLOWER to CANDIDATE at term 0 for changeToCandidate
2019-11-19 00:30:11,743 [Thread-181] INFO  impl.RoleInfo (RoleInfo.java:updateAndGet(143)) - 10e43304-02b7-4cde-a6c2-5453586e0897: start LeaderElection
2019-11-19 00:30:11,749 [e40a9ad9-61b8-4c84-9e56-4a58a674b331@group-6394AC593DE5-LeaderElection1] INFO  impl.RoleInfo (RoleInfo.java:updateAndGet(143)) - e40a9ad9-61b8-4c84-9e56-4a58a674b331: start LeaderState
2019-11-19 00:30:11,756 [Thread-188] INFO  impl.FollowerState (FollowerState.java:run(111)) - bc99bf45-4121-4a06-aeae-d9c6d964d059@group-A8E4BCBBD40E-FollowerState: change to CANDIDATE, lastRpcTime:5065ms, electionTimeout:5059ms
2019-11-19 00:30:11,756 [Thread-188] INFO  impl.RoleInfo (RoleInfo.java:shutdownFollowerState(121)) - bc99bf45-4121-4a06-aeae-d9c6d964d059: shutdown FollowerState
2019-11-19 00:30:11,756 [Thread-188] INFO  impl.RaftServerImpl (RaftServerImpl.java:setRole(173)) - bc99bf45-4121-4a06-aeae-d9c6d964d059@group-A8E4BCBBD40E: changes role from  FOLLOWER to CANDIDATE at term 0 for changeToCandidate
2019-11-19 00:30:11,756 [Thread-188] INFO  impl.RoleInfo (RoleInfo.java:updateAndGet(143)) - bc99bf45-4121-4a06-aeae-d9c6d964d059: start LeaderElection
2019-11-19 00:30:11,759 [10e43304-02b7-4cde-a6c2-5453586e0897@group-5B30AA9C74D1-LeaderElection2] INFO  impl.LeaderElection (LeaderElection.java:askForVotes(178)) - 10e43304-02b7-4cde-a6c2-5453586e0897@group-5B30AA9C74D1-LeaderElection2: begin an election at term 1 for -1: [10e43304-02b7-4cde-a6c2-5453586e0897:192.168.69.105:35821], old=null
2019-11-19 00:30:11,760 [10e43304-02b7-4cde-a6c2-5453586e0897@group-5B30AA9C74D1-LeaderElection2] INFO  impl.RoleInfo (RoleInfo.java:shutdownLeaderElection(134)) - 10e43304-02b7-4cde-a6c2-5453586e0897: shutdown LeaderElection
2019-11-19 00:30:11,760 [10e43304-02b7-4cde-a6c2-5453586e0897@group-5B30AA9C74D1-LeaderElection2] INFO  impl.RaftServerImpl (RaftServerImpl.java:setRole(173)) - 10e43304-02b7-4cde-a6c2-5453586e0897@group-5B30AA9C74D1: changes role from CANDIDATE to LEADER at term 1 for changeToLeader
2019-11-19 00:30:11,760 [10e43304-02b7-4cde-a6c2-5453586e0897@group-5B30AA9C74D1-LeaderElection2] INFO  ratis.XceiverServerRatis (XceiverServerRatis.java:handleLeaderChangedNotification(733)) - Leader change notification received for group: group-5B30AA9C74D1 with new leaderId: 10e43304-02b7-4cde-a6c2-5453586e0897
2019-11-19 00:30:11,760 [10e43304-02b7-4cde-a6c2-5453586e0897@group-5B30AA9C74D1-LeaderElection2] INFO  impl.RaftServerImpl (ServerState.java:setLeader(255)) - 10e43304-02b7-4cde-a6c2-5453586e0897@group-5B30AA9C74D1: change Leader from null to 10e43304-02b7-4cde-a6c2-5453586e0897 at term 1 for becomeLeader, leader elected after 5255ms
2019-11-19 00:30:11,761 [10e43304-02b7-4cde-a6c2-5453586e0897@group-5B30AA9C74D1-LeaderElection2] INFO  server.RaftServerConfigKeys (ConfUtils.java:logGet(43)) - raft.server.staging.catchup.gap = 1000 (default)
2019-11-19 00:30:11,761 [10e43304-02b7-4cde-a6c2-5453586e0897@group-5B30AA9C74D1-LeaderElection2] INFO  server.RaftServerConfigKeys (ConfUtils.java:logGet(43)) - raft.server.rpc.sleep.time = 25ms (default)
2019-11-19 00:30:11,761 [10e43304-02b7-4cde-a6c2-5453586e0897@group-5B30AA9C74D1-LeaderElection2] INFO  server.RaftServerConfigKeys (ConfUtils.java:logGet(43)) - raft.server.write.element-limit = 4096 (default)
2019-11-19 00:30:11,761 [bc99bf45-4121-4a06-aeae-d9c6d964d059@group-A8E4BCBBD40E-LeaderElection3] INFO  impl.LeaderElection (LeaderElection.java:askForVotes(178)) - bc99bf45-4121-4a06-aeae-d9c6d964d059@group-A8E4BCBBD40E-LeaderElection3: begin an election at term 1 for -1: [e40a9ad9-61b8-4c84-9e56-4a58a674b331:192.168.69.105:41649, bc99bf45-4121-4a06-aeae-d9c6d964d059:192.168.69.105:40478, 10e43304-02b7-4cde-a6c2-5453586e0897:192.168.69.105:35821], old=null
2019-11-19 00:30:11,761 [10e43304-02b7-4cde-a6c2-5453586e0897@group-5B30AA9C74D1-LeaderElection2] INFO  server.RaftServerConfigKeys (ConfUtils.java:logGet(43)) - raft.server.watch.timeout = 10s (default)
2019-11-19 00:30:11,762 [10e43304-02b7-4cde-a6c2-5453586e0897@group-5B30AA9C74D1-LeaderElection2] INFO  server.RaftServerConfigKeys (ConfUtils.java:logGet(43)) - raft.server.watch.timeout.denomination = 1s (default)
2019-11-19 00:30:11,762 [10e43304-02b7-4cde-a6c2-5453586e0897@group-5B30AA9C74D1-LeaderElection2] INFO  server.RaftServerConfigKeys (ConfUtils.java:logGet(43)) - raft.server.watch.element-limit = 65536 (default)
2019-11-19 00:30:11,763 [10e43304-02b7-4cde-a6c2-5453586e0897@group-5B30AA9C74D1-LeaderElection2] INFO  impl.RoleInfo (RoleInfo.java:updateAndGet(143)) - 10e43304-02b7-4cde-a6c2-5453586e0897: start LeaderState
2019-11-19 00:30:11,763 [EventQueue-PipelineReportForPipelineReportHandler] INFO  pipeline.PipelineReportHandler (PipelineReportHandler.java:processPipelineReport(113)) - Pipeline THREE PipelineID=635a24b9-c7d2-4959-a2e8-a8e4bcbbd40e reported by 10e43304-02b7-4cde-a6c2-5453586e0897{ip: 192.168.69.105, host: pr-hdds-2536-szzs6-2090880147, networkLocation: /default-rack, certSerialId: null}
2019-11-19 00:30:11,766 [Thread-190] INFO  impl.FollowerState (FollowerState.java:run(111)) - e40a9ad9-61b8-4c84-9e56-4a58a674b331@group-A8E4BCBBD40E-FollowerState: change to CANDIDATE, lastRpcTime:5060ms, electionTimeout:5059ms
2019-11-19 00:30:11,766 [Thread-190] INFO  impl.RoleInfo (RoleInfo.java:shutdownFollowerState(121)) - e40a9ad9-61b8-4c84-9e56-4a58a674b331: shutdown FollowerState
2019-11-19 00:30:11,767 [Thread-190] INFO  impl.RaftServerImpl (RaftServerImpl.java:setRole(173)) - e40a9ad9-61b8-4c84-9e56-4a58a674b331@group-A8E4BCBBD40E: changes role from  FOLLOWER to CANDIDATE at term 0 for changeToCandidate
2019-11-19 00:30:11,767 [Thread-190] INFO  impl.RoleInfo (RoleInfo.java:updateAndGet(143)) - e40a9ad9-61b8-4c84-9e56-4a58a674b331: start LeaderElection
2019-11-19 00:30:11,775 [e40a9ad9-61b8-4c84-9e56-4a58a674b331@group-A8E4BCBBD40E-LeaderElection4] INFO  impl.LeaderElection (LeaderElection.java:askForVotes(178)) - e40a9ad9-61b8-4c84-9e56-4a58a674b331@group-A8E4BCBBD40E-LeaderElection4: begin an election at term 1 for -1: [e40a9ad9-61b8-4c84-9e56-4a58a674b331:192.168.69.105:41649, bc99bf45-4121-4a06-aeae-d9c6d964d059:192.168.69.105:40478, 10e43304-02b7-4cde-a6c2-5453586e0897:192.168.69.105:35821], old=null
2019-11-19 00:30:11,780 [Thread-182] INFO  impl.FollowerState (FollowerState.java:run(111)) - bc99bf45-4121-4a06-aeae-d9c6d964d059@group-8441DFD180EC-FollowerState: change to CANDIDATE, lastRpcTime:5166ms, electionTimeout:5162ms
2019-11-19 00:30:11,780 [Thread-182] INFO  impl.RoleInfo (RoleInfo.java:shutdownFollowerState(121)) - bc99bf45-4121-4a06-aeae-d9c6d964d059: shutdown FollowerState
2019-11-19 00:30:11,780 [Thread-182] INFO  impl.RaftServerImpl (RaftServerImpl.java:setRole(173)) - bc99bf45-4121-4a06-aeae-d9c6d964d059@group-8441DFD180EC: changes role from  FOLLOWER to CANDIDATE at term 0 for changeToCandidate
2019-11-19 00:30:11,780 [Thread-182] INFO  impl.RoleInfo (RoleInfo.java:updateAndGet(143)) - bc99bf45-4121-4a06-aeae-d9c6d964d059: start LeaderElection
2019-11-19 00:30:11,785 [e40a9ad9-61b8-4c84-9e56-4a58a674b331@group-6394AC593DE5-LeaderElection1] INFO  segmented.SegmentedRaftLogWorker (SegmentedRaftLogWorker.java:startLogSegment(385)) - e40a9ad9-61b8-4c84-9e56-4a58a674b331@group-6394AC593DE5-SegmentedRaftLogWorker: Starting segment from index:0
2019-11-19 00:30:11,785 [10e43304-02b7-4cde-a6c2-5453586e0897@group-5B30AA9C74D1-LeaderElection2] INFO  segmented.SegmentedRaftLogWorker (SegmentedRaftLogWorker.java:startLogSegment(385)) - 10e43304-02b7-4cde-a6c2-5453586e0897@group-5B30AA9C74D1-SegmentedRaftLogWorker: Starting segment from index:0
2019-11-19 00:30:11,786 [bc99bf45-4121-4a06-aeae-d9c6d964d059@group-8441DFD180EC-LeaderElection5] INFO  impl.LeaderElection (LeaderElection.java:askForVotes(178)) - bc99bf45-4121-4a06-aeae-d9c6d964d059@group-8441DFD180EC-LeaderElection5: begin an election at term 1 for -1: [bc99bf45-4121-4a06-aeae-d9c6d964d059:192.168.69.105:40478], old=null
2019-11-19 00:30:11,787 [bc99bf45-4121-4a06-aeae-d9c6d964d059@group-8441DFD180EC-LeaderElection5] INFO  impl.RoleInfo (RoleInfo.java:shutdownLeaderElection(134)) - bc99bf45-4121-4a06-aeae-d9c6d964d059: shutdown LeaderElection
2019-11-19 00:30:11,787 [bc99bf45-4121-4a06-aeae-d9c6d964d059@group-8441DFD180EC-LeaderElection5] INFO  impl.RaftServerImpl (RaftServerImpl.java:setRole(173)) - bc99bf45-4121-4a06-aeae-d9c6d964d059@group-8441DFD180EC: changes role from CANDIDATE to LEADER at term 1 for changeToLeader
2019-11-19 00:30:11,787 [bc99bf45-4121-4a06-aeae-d9c6d964d059@group-8441DFD180EC-LeaderElection5] INFO  ratis.XceiverServerRatis (XceiverServerRatis.java:handleLeaderChangedNotification(733)) - Leader change notification received for group: group-8441DFD180EC with new leaderId: bc99bf45-4121-4a06-aeae-d9c6d964d059
2019-11-19 00:30:11,788 [bc99bf45-4121-4a06-aeae-d9c6d964d059@group-8441DFD180EC-LeaderElection5] INFO  impl.RaftServerImpl (ServerState.java:setLeader(255)) - bc99bf45-4121-4a06-aeae-d9c6d964d059@group-8441DFD180EC: change Leader from null to bc99bf45-4121-4a06-aeae-d9c6d964d059 at term 1 for becomeLeader, leader elected after 5280ms
2019-11-19 00:30:11,788 [bc99bf45-4121-4a06-aeae-d9c6d964d059@group-8441DFD180EC-LeaderElection5] INFO  server.RaftServerConfigKeys (ConfUtils.java:logGet(43)) - raft.server.staging.catchup.gap = 1000 (default)
2019-11-19 00:30:11,788 [bc99bf45-4121-4a06-aeae-d9c6d964d059@group-8441DFD180EC-LeaderElection5] INFO  server.RaftServerConfigKeys (ConfUtils.java:logGet(43)) - raft.server.rpc.sleep.time = 25ms (default)
2019-11-19 00:30:11,790 [bc99bf45-4121-4a06-aeae-d9c6d964d059@group-8441DFD180EC-LeaderElection5] INFO  server.RaftServerConfigKeys (ConfUtils.java:logGet(43)) - raft.server.write.element-limit = 4096 (default)
2019-11-19 00:30:11,790 [bc99bf45-4121-4a06-aeae-d9c6d964d059@group-8441DFD180EC-LeaderElection5] INFO  server.RaftServerConfigKeys (ConfUtils.java:logGet(43)) - raft.server.watch.timeout = 10s (default)
2019-11-19 00:30:11,790 [bc99bf45-4121-4a06-aeae-d9c6d964d059@group-8441DFD180EC-LeaderElection5] INFO  server.RaftServerConfigKeys (ConfUtils.java:logGet(43)) - raft.server.watch.timeout.denomination = 1s (default)
2019-11-19 00:30:11,790 [EventQueue-PipelineReportForPipelineReportHandler] INFO  pipeline.PipelineReportHandler (PipelineReportHandler.java:processPipelineReport(113)) - Pipeline THREE PipelineID=635a24b9-c7d2-4959-a2e8-a8e4bcbbd40e reported by bc99bf45-4121-4a06-aeae-d9c6d964d059{ip: 192.168.69.105, host: pr-hdds-2536-szzs6-2090880147, networkLocation: /default-rack, certSerialId: null}
2019-11-19 00:30:11,791 [bc99bf45-4121-4a06-aeae-d9c6d964d059@group-8441DFD180EC-LeaderElection5] INFO  server.RaftServerConfigKeys (ConfUtils.java:logGet(43)) - raft.server.watch.element-limit = 65536 (default)
2019-11-19 00:30:11,791 [bc99bf45-4121-4a06-aeae-d9c6d964d059@group-8441DFD180EC-LeaderElection5] INFO  impl.RoleInfo (RoleInfo.java:updateAndGet(143)) - bc99bf45-4121-4a06-aeae-d9c6d964d059: start LeaderState
2019-11-19 00:30:11,792 [bc99bf45-4121-4a06-aeae-d9c6d964d059@group-8441DFD180EC-LeaderElection5] INFO  segmented.SegmentedRaftLogWorker (SegmentedRaftLogWorker.java:startLogSegment(385)) - bc99bf45-4121-4a06-aeae-d9c6d964d059@group-8441DFD180EC-SegmentedRaftLogWorker: Starting segment from index:0
2019-11-19 00:30:11,812 [10e43304-02b7-4cde-a6c2-5453586e0897@group-5B30AA9C74D1-LeaderElection2] INFO  impl.RaftServerImpl (ServerState.java:setRaftConf(356)) - 10e43304-02b7-4cde-a6c2-5453586e0897@group-5B30AA9C74D1: set configuration 0: [10e43304-02b7-4cde-a6c2-5453586e0897:192.168.69.105:35821], old=null at 0
2019-11-19 00:30:11,812 [bc99bf45-4121-4a06-aeae-d9c6d964d059@group-8441DFD180EC-LeaderElection5] INFO  impl.RaftServerImpl (ServerState.java:setRaftConf(356)) - bc99bf45-4121-4a06-aeae-d9c6d964d059@group-8441DFD180EC: set configuration 0: [bc99bf45-4121-4a06-aeae-d9c6d964d059:192.168.69.105:40478], old=null at 0
2019-11-19 00:30:11,812 [e40a9ad9-61b8-4c84-9e56-4a58a674b331@group-6394AC593DE5-LeaderElection1] INFO  impl.RaftServerImpl (ServerState.java:setRaftConf(356)) - e40a9ad9-61b8-4c84-9e56-4a58a674b331@group-6394AC593DE5: set configuration 0: [e40a9ad9-61b8-4c84-9e56-4a58a674b331:192.168.69.105:41649], old=null at 0
2019-11-19 00:30:11,815 [Thread-191] INFO  impl.FollowerState (FollowerState.java:run(111)) - 10e43304-02b7-4cde-a6c2-5453586e0897@group-A8E4BCBBD40E-FollowerState: change to CANDIDATE, lastRpcTime:5108ms, electionTimeout:5108ms
2019-11-19 00:30:11,815 [Thread-191] INFO  impl.RoleInfo (RoleInfo.java:shutdownFollowerState(121)) - 10e43304-02b7-4cde-a6c2-5453586e0897: shutdown FollowerState
2019-11-19 00:30:11,815 [Thread-191] INFO  impl.RaftServerImpl (RaftServerImpl.java:setRole(173)) - 10e43304-02b7-4cde-a6c2-5453586e0897@group-A8E4BCBBD40E: changes role from  FOLLOWER to CANDIDATE at term 0 for changeToCandidate
2019-11-19 00:30:11,815 [Thread-191] INFO  impl.RoleInfo (RoleInfo.java:updateAndGet(143)) - 10e43304-02b7-4cde-a6c2-5453586e0897: start LeaderElection
2019-11-19 00:30:11,827 [10e43304-02b7-4cde-a6c2-5453586e0897@group-A8E4BCBBD40E-LeaderElection6] INFO  impl.LeaderElection (LeaderElection.java:askForVotes(178)) - 10e43304-02b7-4cde-a6c2-5453586e0897@group-A8E4BCBBD40E-LeaderElection6: begin an election at term 1 for -1: [e40a9ad9-61b8-4c84-9e56-4a58a674b331:192.168.69.105:41649, bc99bf45-4121-4a06-aeae-d9c6d964d059:192.168.69.105:40478, 10e43304-02b7-4cde-a6c2-5453586e0897:192.168.69.105:35821], old=null
2019-11-19 00:30:11,987 [bc99bf45-4121-4a06-aeae-d9c6d964d059@group-8441DFD180EC-SegmentedRaftLogWorker] INFO  segmented.SegmentedRaftLogWorker (SegmentedRaftLogWorker.java:execute(576)) - bc99bf45-4121-4a06-aeae-d9c6d964d059@group-8441DFD180EC-SegmentedRaftLogWorker: created new log segment /workdir/hadoop-ozone/tools/target/test-dir/MiniOzoneClusterImpl-a19dc363-7e85-4d5f-b92a-6c0ef9d6aade/datanode-2/data/ratis/5d6a2a86-9ed5-4039-91c2-8441dfd180ec/current/log_inprogress_0
2019-11-19 00:30:11,987 [e40a9ad9-61b8-4c84-9e56-4a58a674b331@group-6394AC593DE5-SegmentedRaftLogWorker] INFO  segmented.SegmentedRaftLogWorker (SegmentedRaftLogWorker.java:execute(576)) - e40a9ad9-61b8-4c84-9e56-4a58a674b331@group-6394AC593DE5-SegmentedRaftLogWorker: created new log segment /workdir/hadoop-ozone/tools/target/test-dir/MiniOzoneClusterImpl-a19dc363-7e85-4d5f-b92a-6c0ef9d6aade/datanode-1/data/ratis/ae457ff7-c89f-40d3-af6e-6394ac593de5/current/log_inprogress_0
2019-11-19 00:30:11,987 [10e43304-02b7-4cde-a6c2-5453586e0897@group-5B30AA9C74D1-SegmentedRaftLogWorker] INFO  segmented.SegmentedRaftLogWorker (SegmentedRaftLogWorker.java:execute(576)) - 10e43304-02b7-4cde-a6c2-5453586e0897@group-5B30AA9C74D1-SegmentedRaftLogWorker: created new log segment /workdir/hadoop-ozone/tools/target/test-dir/MiniOzoneClusterImpl-a19dc363-7e85-4d5f-b92a-6c0ef9d6aade/datanode-0/data/ratis/7a192fd9-83ba-43ba-979f-5b30aa9c74d1/current/log_inprogress_0
2019-11-19 00:30:12,192 [bc99bf45-4121-4a06-aeae-d9c6d964d059@group-A8E4BCBBD40E-LeaderElection3] INFO  impl.LeaderElection (LeaderElection.java:logAndReturn(56)) - bc99bf45-4121-4a06-aeae-d9c6d964d059@group-A8E4BCBBD40E-LeaderElection3: Election REJECTED; received 2 response(s) [bc99bf45-4121-4a06-aeae-d9c6d964d059<-e40a9ad9-61b8-4c84-9e56-4a58a674b331#0:FAIL-t1, bc99bf45-4121-4a06-aeae-d9c6d964d059<-10e43304-02b7-4cde-a6c2-5453586e0897#0:FAIL-t1] and 0 exception(s); bc99bf45-4121-4a06-aeae-d9c6d964d059@group-A8E4BCBBD40E:t1, leader=null, voted=bc99bf45-4121-4a06-aeae-d9c6d964d059, raftlog=bc99bf45-4121-4a06-aeae-d9c6d964d059@group-A8E4BCBBD40E-SegmentedRaftLog:OPENED:c-1,f-1,i0, conf=-1: [e40a9ad9-61b8-4c84-9e56-4a58a674b331:192.168.69.105:41649, bc99bf45-4121-4a06-aeae-d9c6d964d059:192.168.69.105:40478, 10e43304-02b7-4cde-a6c2-5453586e0897:192.168.69.105:35821], old=null
2019-11-19 00:30:12,192 [10e43304-02b7-4cde-a6c2-5453586e0897@group-A8E4BCBBD40E-LeaderElection6] INFO  impl.LeaderElection (LeaderElection.java:logAndReturn(56)) - 10e43304-02b7-4cde-a6c2-5453586e0897@group-A8E4BCBBD40E-LeaderElection6: Election REJECTED; received 2 response(s) [10e43304-02b7-4cde-a6c2-5453586e0897<-e40a9ad9-61b8-4c84-9e56-4a58a674b331#0:FAIL-t1, 10e43304-02b7-4cde-a6c2-5453586e0897<-bc99bf45-4121-4a06-aeae-d9c6d964d059#0:FAIL-t1] and 0 exception(s); 10e43304-02b7-4cde-a6c2-5453586e0897@group-A8E4BCBBD40E:t1, leader=null, voted=10e43304-02b7-4cde-a6c2-5453586e0897, raftlog=10e43304-02b7-4cde-a6c2-5453586e0897@group-A8E4BCBBD40E-SegmentedRaftLog:OPENED:c-1,f-1,i0, conf=-1: [e40a9ad9-61b8-4c84-9e56-4a58a674b331:192.168.69.105:41649, bc99bf45-4121-4a06-aeae-d9c6d964d059:192.168.69.105:40478, 10e43304-02b7-4cde-a6c2-5453586e0897:192.168.69.105:35821], old=null
2019-11-19 00:30:12,192 [e40a9ad9-61b8-4c84-9e56-4a58a674b331@group-A8E4BCBBD40E-LeaderElection4] INFO  impl.LeaderElection (LeaderElection.java:logAndReturn(56)) - e40a9ad9-61b8-4c84-9e56-4a58a674b331@group-A8E4BCBBD40E-LeaderElection4: Election REJECTED; received 2 response(s) [e40a9ad9-61b8-4c84-9e56-4a58a674b331<-bc99bf45-4121-4a06-aeae-d9c6d964d059#0:FAIL-t1, e40a9ad9-61b8-4c84-9e56-4a58a674b331<-10e43304-02b7-4cde-a6c2-5453586e0897#0:FAIL-t1] and 0 exception(s); e40a9ad9-61b8-4c84-9e56-4a58a674b331@group-A8E4BCBBD40E:t1, leader=null, voted=e40a9ad9-61b8-4c84-9e56-4a58a674b331, raftlog=e40a9ad9-61b8-4c84-9e56-4a58a674b331@group-A8E4BCBBD40E-SegmentedRaftLog:OPENED:c-1,f-1,i0, conf=-1: [e40a9ad9-61b8-4c84-9e56-4a58a674b331:192.168.69.105:41649, bc99bf45-4121-4a06-aeae-d9c6d964d059:192.168.69.105:40478, 10e43304-02b7-4cde-a6c2-5453586e0897:192.168.69.105:35821], old=null
2019-11-19 00:30:12,195 [e40a9ad9-61b8-4c84-9e56-4a58a674b331@group-A8E4BCBBD40E-LeaderElection4] INFO  impl.RaftServerImpl (RaftServerImpl.java:setRole(173)) - e40a9ad9-61b8-4c84-9e56-4a58a674b331@group-A8E4BCBBD40E: changes role from CANDIDATE to FOLLOWER at term 1 for DISCOVERED_A_NEW_TERM
2019-11-19 00:30:12,197 [bc99bf45-4121-4a06-aeae-d9c6d964d059@group-A8E4BCBBD40E-LeaderElection3] INFO  impl.RaftServerImpl (RaftServerImpl.java:setRole(173)) - bc99bf45-4121-4a06-aeae-d9c6d964d059@group-A8E4BCBBD40E: changes role from CANDIDATE to FOLLOWER at term 1 for DISCOVERED_A_NEW_TERM
2019-11-19 00:30:12,197 [bc99bf45-4121-4a06-aeae-d9c6d964d059@group-A8E4BCBBD40E-LeaderElection3] INFO  impl.RoleInfo (RoleInfo.java:shutdownLeaderElection(134)) - bc99bf45-4121-4a06-aeae-d9c6d964d059: shutdown LeaderElection
2019-11-19 00:30:12,197 [10e43304-02b7-4cde-a6c2-5453586e0897@group-A8E4BCBBD40E-LeaderElection6] INFO  impl.RaftServerImpl (RaftServerImpl.java:setRole(173)) - 10e43304-02b7-4cde-a6c2-5453586e0897@group-A8E4BCBBD40E: changes role from CANDIDATE to FOLLOWER at term 1 for DISCOVERED_A_NEW_TERM
2019-11-19 00:30:12,198 [bc99bf45-4121-4a06-aeae-d9c6d964d059@group-A8E4BCBBD40E-LeaderElection3] INFO  impl.RoleInfo (RoleInfo.java:updateAndGet(143)) - bc99bf45-4121-4a06-aeae-d9c6d964d059: start FollowerState
2019-11-19 00:30:12,197 [e40a9ad9-61b8-4c84-9e56-4a58a674b331@group-A8E4BCBBD40E-LeaderElection4] INFO  impl.RoleInfo (RoleInfo.java:shutdownLeaderElection(134)) - e40a9ad9-61b8-4c84-9e56-4a58a674b331: shutdown LeaderElection
2019-11-19 00:30:12,198 [10e43304-02b7-4cde-a6c2-5453586e0897@group-A8E4BCBBD40E-LeaderElection6] INFO  impl.RoleInfo (RoleInfo.java:shutdownLeaderElection(134)) - 10e43304-02b7-4cde-a6c2-5453586e0897: shutdown LeaderElection
2019-11-19 00:30:12,199 [e40a9ad9-61b8-4c84-9e56-4a58a674b331@group-A8E4BCBBD40E-LeaderElection4] INFO  impl.RoleInfo (RoleInfo.java:updateAndGet(143)) - e40a9ad9-61b8-4c84-9e56-4a58a674b331: start FollowerState
2019-11-19 00:30:12,199 [10e43304-02b7-4cde-a6c2-5453586e0897@group-A8E4BCBBD40E-LeaderElection6] INFO  impl.RoleInfo (RoleInfo.java:updateAndGet(143)) - 10e43304-02b7-4cde-a6c2-5453586e0897: start FollowerState
2019-11-19 00:30:12,495 [main] INFO  ozone.MiniOzoneClusterImpl (MiniOzoneClusterImpl.java:lambda$waitForClusterToBeReady$0(150)) - Nodes are ready. Got 3 of 3 DN Heartbeats.
2019-11-19 00:30:12,495 [main] INFO  ozone.MiniOzoneClusterImpl (MiniOzoneClusterImpl.java:lambda$waitForClusterToBeReady$0(153)) - Waiting for cluster to exit safe mode
2019-11-19 00:30:13,495 [main] INFO  ozone.MiniOzoneClusterImpl (MiniOzoneClusterImpl.java:lambda$waitForClusterToBeReady$0(150)) - Nodes are ready. Got 3 of 3 DN Heartbeats.
2019-11-19 00:30:13,496 [main] INFO  ozone.MiniOzoneClusterImpl (MiniOzoneClusterImpl.java:lambda$waitForClusterToBeReady$0(153)) - Waiting for cluster to exit safe mode
2019-11-19 00:30:14,496 [main] INFO  ozone.MiniOzoneClusterImpl (MiniOzoneClusterImpl.java:lambda$waitForClusterToBeReady$0(150)) - Nodes are ready. Got 3 of 3 DN Heartbeats.
2019-11-19 00:30:14,496 [main] INFO  ozone.MiniOzoneClusterImpl (MiniOzoneClusterImpl.java:lambda$waitForClusterToBeReady$0(153)) - Waiting for cluster to exit safe mode
2019-11-19 00:30:15,497 [main] INFO  ozone.MiniOzoneClusterImpl (MiniOzoneClusterImpl.java:lambda$waitForClusterToBeReady$0(150)) - Nodes are ready. Got 3 of 3 DN Heartbeats.
2019-11-19 00:30:15,497 [main] INFO  ozone.MiniOzoneClusterImpl (MiniOzoneClusterImpl.java:lambda$waitForClusterToBeReady$0(153)) - Waiting for cluster to exit safe mode
2019-11-19 00:30:16,498 [main] INFO  ozone.MiniOzoneClusterImpl (MiniOzoneClusterImpl.java:lambda$waitForClusterToBeReady$0(150)) - Nodes are ready. Got 3 of 3 DN Heartbeats.
2019-11-19 00:30:16,498 [main] INFO  ozone.MiniOzoneClusterImpl (MiniOzoneClusterImpl.java:lambda$waitForClusterToBeReady$0(153)) - Waiting for cluster to exit safe mode
2019-11-19 00:30:17,307 [Thread-208] INFO  impl.FollowerState (FollowerState.java:run(111)) - e40a9ad9-61b8-4c84-9e56-4a58a674b331@group-A8E4BCBBD40E-FollowerState: change to CANDIDATE, lastRpcTime:5108ms, electionTimeout:5107ms
2019-11-19 00:30:17,307 [Thread-208] INFO  impl.RoleInfo (RoleInfo.java:shutdownFollowerState(121)) - e40a9ad9-61b8-4c84-9e56-4a58a674b331: shutdown FollowerState
2019-11-19 00:30:17,307 [Thread-208] INFO  impl.RaftServerImpl (RaftServerImpl.java:setRole(173)) - e40a9ad9-61b8-4c84-9e56-4a58a674b331@group-A8E4BCBBD40E: changes role from  FOLLOWER to CANDIDATE at term 1 for changeToCandidate
2019-11-19 00:30:17,308 [Thread-208] INFO  impl.RoleInfo (RoleInfo.java:updateAndGet(143)) - e40a9ad9-61b8-4c84-9e56-4a58a674b331: start LeaderElection
2019-11-19 00:30:17,316 [e40a9ad9-61b8-4c84-9e56-4a58a674b331@group-A8E4BCBBD40E-LeaderElection7] INFO  impl.LeaderElection (LeaderElection.java:askForVotes(178)) - e40a9ad9-61b8-4c84-9e56-4a58a674b331@group-A8E4BCBBD40E-LeaderElection7: begin an election at term 2 for -1: [e40a9ad9-61b8-4c84-9e56-4a58a674b331:192.168.69.105:41649, bc99bf45-4121-4a06-aeae-d9c6d964d059:192.168.69.105:40478, 10e43304-02b7-4cde-a6c2-5453586e0897:192.168.69.105:35821], old=null
2019-11-19 00:30:17,325 [grpc-default-executor-2] INFO  impl.RaftServerImpl (RaftServerImpl.java:setRole(173)) - 10e43304-02b7-4cde-a6c2-5453586e0897@group-A8E4BCBBD40E: changes role from  FOLLOWER to FOLLOWER at term 2 for recognizeCandidate:e40a9ad9-61b8-4c84-9e56-4a58a674b331
2019-11-19 00:30:17,325 [grpc-default-executor-5] INFO  impl.RaftServerImpl (RaftServerImpl.java:setRole(173)) - bc99bf45-4121-4a06-aeae-d9c6d964d059@group-A8E4BCBBD40E: changes role from  FOLLOWER to FOLLOWER at term 2 for recognizeCandidate:e40a9ad9-61b8-4c84-9e56-4a58a674b331
2019-11-19 00:30:17,325 [grpc-default-executor-2] INFO  impl.RoleInfo (RoleInfo.java:shutdownFollowerState(121)) - 10e43304-02b7-4cde-a6c2-5453586e0897: shutdown FollowerState
2019-11-19 00:30:17,325 [grpc-default-executor-5] INFO  impl.RoleInfo (RoleInfo.java:shutdownFollowerState(121)) - bc99bf45-4121-4a06-aeae-d9c6d964d059: shutdown FollowerState
2019-11-19 00:30:17,326 [grpc-default-executor-2] INFO  impl.RoleInfo (RoleInfo.java:updateAndGet(143)) - 10e43304-02b7-4cde-a6c2-5453586e0897: start FollowerState
2019-11-19 00:30:17,326 [grpc-default-executor-5] INFO  impl.RoleInfo (RoleInfo.java:updateAndGet(143)) - bc99bf45-4121-4a06-aeae-d9c6d964d059: start FollowerState
2019-11-19 00:30:17,326 [Thread-207] INFO  impl.FollowerState (FollowerState.java:run(120)) - bc99bf45-4121-4a06-aeae-d9c6d964d059@group-A8E4BCBBD40E-FollowerState was interrupted: java.lang.InterruptedException: sleep interrupted
2019-11-19 00:30:17,326 [Thread-209] INFO  impl.FollowerState (FollowerState.java:run(120)) - 10e43304-02b7-4cde-a6c2-5453586e0897@group-A8E4BCBBD40E-FollowerState was interrupted: java.lang.InterruptedException: sleep interrupted
2019-11-19 00:30:17,341 [e40a9ad9-61b8-4c84-9e56-4a58a674b331@group-A8E4BCBBD40E-LeaderElection7] INFO  impl.LeaderElection (LeaderElection.java:logAndReturn(56)) - e40a9ad9-61b8-4c84-9e56-4a58a674b331@group-A8E4BCBBD40E-LeaderElection7: Election PASSED; received 1 response(s) [e40a9ad9-61b8-4c84-9e56-4a58a674b331<-bc99bf45-4121-4a06-aeae-d9c6d964d059#0:OK-t2] and 0 exception(s); e40a9ad9-61b8-4c84-9e56-4a58a674b331@group-A8E4BCBBD40E:t2, leader=null, voted=e40a9ad9-61b8-4c84-9e56-4a58a674b331, raftlog=e40a9ad9-61b8-4c84-9e56-4a58a674b331@group-A8E4BCBBD40E-SegmentedRaftLog:OPENED:c-1,f-1,i0, conf=-1: [e40a9ad9-61b8-4c84-9e56-4a58a674b331:192.168.69.105:41649, bc99bf45-4121-4a06-aeae-d9c6d964d059:192.168.69.105:40478, 10e43304-02b7-4cde-a6c2-5453586e0897:192.168.69.105:35821], old=null
2019-11-19 00:30:17,341 [e40a9ad9-61b8-4c84-9e56-4a58a674b331@group-A8E4BCBBD40E-LeaderElection7] INFO  impl.RoleInfo (RoleInfo.java:shutdownLeaderElection(134)) - e40a9ad9-61b8-4c84-9e56-4a58a674b331: shutdown LeaderElection
2019-11-19 00:30:17,342 [e40a9ad9-61b8-4c84-9e56-4a58a674b331@group-A8E4BCBBD40E-LeaderElection7] INFO  impl.RaftServerImpl (RaftServerImpl.java:setRole(173)) - e40a9ad9-61b8-4c84-9e56-4a58a674b331@group-A8E4BCBBD40E: changes role from CANDIDATE to LEADER at term 2 for changeToLeader
2019-11-19 00:30:17,342 [e40a9ad9-61b8-4c84-9e56-4a58a674b331@group-A8E4BCBBD40E-LeaderElection7] INFO  ratis.XceiverServerRatis (XceiverServerRatis.java:handleLeaderChangedNotification(733)) - Leader change notification received for group: group-A8E4BCBBD40E with new leaderId: e40a9ad9-61b8-4c84-9e56-4a58a674b331
2019-11-19 00:30:17,342 [e40a9ad9-61b8-4c84-9e56-4a58a674b331@group-A8E4BCBBD40E-LeaderElection7] INFO  impl.RaftServerImpl (ServerState.java:setLeader(255)) - e40a9ad9-61b8-4c84-9e56-4a58a674b331@group-A8E4BCBBD40E: change Leader from null to e40a9ad9-61b8-4c84-9e56-4a58a674b331 at term 2 for becomeLeader, leader elected after 10671ms
2019-11-19 00:30:17,343 [e40a9ad9-61b8-4c84-9e56-4a58a674b331@group-A8E4BCBBD40E-LeaderElection7] INFO  server.RaftServerConfigKeys (ConfUtils.java:logGet(43)) - raft.server.staging.catchup.gap = 1000 (default)
2019-11-19 00:30:17,343 [e40a9ad9-61b8-4c84-9e56-4a58a674b331@group-A8E4BCBBD40E-LeaderElection7] INFO  server.RaftServerConfigKeys (ConfUtils.java:logGet(43)) - raft.server.rpc.sleep.time = 25ms (default)
2019-11-19 00:30:17,343 [e40a9ad9-61b8-4c84-9e56-4a58a674b331@group-A8E4BCBBD40E-LeaderElection7] INFO  server.RaftServerConfigKeys (ConfUtils.java:logGet(43)) - raft.server.write.element-limit = 4096 (default)
2019-11-19 00:30:17,343 [e40a9ad9-61b8-4c84-9e56-4a58a674b331@group-A8E4BCBBD40E-LeaderElection7] INFO  server.RaftServerConfigKeys (ConfUtils.java:logGet(43)) - raft.server.watch.timeout = 10s (default)
2019-11-19 00:30:17,344 [e40a9ad9-61b8-4c84-9e56-4a58a674b331@group-A8E4BCBBD40E-LeaderElection7] INFO  server.RaftServerConfigKeys (ConfUtils.java:logGet(43)) - raft.server.watch.timeout.denomination = 1s (default)
2019-11-19 00:30:17,345 [e40a9ad9-61b8-4c84-9e56-4a58a674b331@group-A8E4BCBBD40E-LeaderElection7] INFO  server.RaftServerConfigKeys (ConfUtils.java:logGet(43)) - raft.server.watch.element-limit = 65536 (default)
2019-11-19 00:30:17,347 [EventQueue-PipelineReportForPipelineReportHandler] INFO  pipeline.PipelineReportHandler (PipelineReportHandler.java:processPipelineReport(113)) - Pipeline THREE PipelineID=635a24b9-c7d2-4959-a2e8-a8e4bcbbd40e reported by e40a9ad9-61b8-4c84-9e56-4a58a674b331{ip: 192.168.69.105, host: pr-hdds-2536-szzs6-2090880147, networkLocation: /default-rack, certSerialId: null}
2019-11-19 00:30:17,348 [EventQueue-PipelineReportForPipelineReportHandler] INFO  pipeline.PipelineStateManager (PipelineStateManager.java:openPipeline(132)) - Pipeline Pipeline[ Id: 635a24b9-c7d2-4959-a2e8-a8e4bcbbd40e, Nodes: 10e43304-02b7-4cde-a6c2-5453586e0897{ip: 192.168.69.105, host: pr-hdds-2536-szzs6-2090880147, networkLocation: /default-rack, certSerialId: null}e40a9ad9-61b8-4c84-9e56-4a58a674b331{ip: 192.168.69.105, host: pr-hdds-2536-szzs6-2090880147, networkLocation: /default-rack, certSerialId: null}bc99bf45-4121-4a06-aeae-d9c6d964d059{ip: 192.168.69.105, host: pr-hdds-2536-szzs6-2090880147, networkLocation: /default-rack, certSerialId: null}, Type:RATIS, Factor:THREE, State:ALLOCATED] moved to OPEN state
2019-11-19 00:30:17,349 [EventQueue-OpenPipelineForOneReplicaPipelineSafeModeRule] INFO  safemode.SCMSafeModeManager (SCMSafeModeManager.java:validateSafeModeExitRules(176)) - AtleastOneDatanodeReportedRule rule is successfully validated
2019-11-19 00:30:17,349 [EventQueue-OpenPipelineForHealthyPipelineSafeModeRule] INFO  safemode.SCMSafeModeManager (HealthyPipelineSafeModeRule.java:process(132)) - SCM in safe mode. Healthy pipelines reported count is 1, required healthy pipeline reported count is 1
2019-11-19 00:30:17,352 [EventQueue-OpenPipelineForHealthyPipelineSafeModeRule] INFO  safemode.SCMSafeModeManager (SCMSafeModeManager.java:validateSafeModeExitRules(176)) - HealthyPipelineSafeModeRule rule is successfully validated
2019-11-19 00:30:17,352 [EventQueue-OpenPipelineForHealthyPipelineSafeModeRule] INFO  safemode.SCMSafeModeManager (SCMSafeModeManager.java:validateSafeModeExitRules(185)) - ScmSafeModeManager, all rules are successfully validated
2019-11-19 00:30:17,352 [EventQueue-OpenPipelineForHealthyPipelineSafeModeRule] INFO  safemode.SCMSafeModeManager (SCMSafeModeManager.java:exitSafeMode(201)) - SCM exiting safe mode.
2019-11-19 00:30:17,352 [e40a9ad9-61b8-4c84-9e56-4a58a674b331@group-A8E4BCBBD40E-LeaderElection7] INFO  server.RaftServerConfigKeys (ConfUtils.java:logGet(43)) - raft.server.log.appender.snapshot.chunk.size.max = 16MB (=16777216) (default)
2019-11-19 00:30:17,353 [e40a9ad9-61b8-4c84-9e56-4a58a674b331@group-A8E4BCBBD40E-LeaderElection7] INFO  server.RaftServerConfigKeys (ConfUtils.java:logGet(43)) - raft.server.log.appender.buffer.byte-limit = 33554432 (custom)
2019-11-19 00:30:17,353 [e40a9ad9-61b8-4c84-9e56-4a58a674b331@group-A8E4BCBBD40E-LeaderElection7] INFO  server.RaftServerConfigKeys (ConfUtils.java:logGet(43)) - raft.server.log.appender.buffer.element-limit = 1 (custom)
2019-11-19 00:30:17,357 [e40a9ad9-61b8-4c84-9e56-4a58a674b331@group-A8E4BCBBD40E-LeaderElection7] INFO  grpc.GrpcConfigKeys$Server (ConfUtils.java:logGet(43)) - raft.grpc.server.leader.outstanding.appends.max = 128 (default)
2019-11-19 00:30:17,358 [e40a9ad9-61b8-4c84-9e56-4a58a674b331@group-A8E4BCBBD40E-LeaderElection7] INFO  server.RaftServerConfigKeys (ConfUtils.java:logGet(43)) - raft.server.rpc.request.timeout = 3000ms (default)
2019-11-19 00:30:17,358 [e40a9ad9-61b8-4c84-9e56-4a58a674b331@group-A8E4BCBBD40E-LeaderElection7] INFO  server.RaftServerConfigKeys (ConfUtils.java:logGet(43)) - raft.server.log.appender.install.snapshot.enabled = false (custom)
2019-11-19 00:30:17,359 [e40a9ad9-61b8-4c84-9e56-4a58a674b331@group-A8E4BCBBD40E-LeaderElection7] WARN  impl.MetricRegistriesImpl (MetricRegistriesImpl.java:lambda$create$1(61)) - First MetricRegistry has been created without registering reporters. You may need to call MetricRegistries.global().addReportRegistration(...) before.
2019-11-19 00:30:17,361 [e40a9ad9-61b8-4c84-9e56-4a58a674b331@group-A8E4BCBBD40E-LeaderElection7] INFO  server.RaftServerConfigKeys (ConfUtils.java:logGet(43)) - raft.server.log.appender.snapshot.chunk.size.max = 16MB (=16777216) (default)
2019-11-19 00:30:17,361 [e40a9ad9-61b8-4c84-9e56-4a58a674b331@group-A8E4BCBBD40E-LeaderElection7] INFO  server.RaftServerConfigKeys (ConfUtils.java:logGet(43)) - raft.server.log.appender.buffer.byte-limit = 33554432 (custom)
2019-11-19 00:30:17,361 [e40a9ad9-61b8-4c84-9e56-4a58a674b331@group-A8E4BCBBD40E-LeaderElection7] INFO  server.RaftServerConfigKeys (ConfUtils.java:logGet(43)) - raft.server.log.appender.buffer.element-limit = 1 (custom)
2019-11-19 00:30:17,361 [e40a9ad9-61b8-4c84-9e56-4a58a674b331@group-A8E4BCBBD40E-LeaderElection7] INFO  grpc.GrpcConfigKeys$Server (ConfUtils.java:logGet(43)) - raft.grpc.server.leader.outstanding.appends.max = 128 (default)
2019-11-19 00:30:17,362 [e40a9ad9-61b8-4c84-9e56-4a58a674b331@group-A8E4BCBBD40E-LeaderElection7] INFO  server.RaftServerConfigKeys (ConfUtils.java:logGet(43)) - raft.server.rpc.request.timeout = 3000ms (default)
2019-11-19 00:30:17,362 [e40a9ad9-61b8-4c84-9e56-4a58a674b331@group-A8E4BCBBD40E-LeaderElection7] INFO  server.RaftServerConfigKeys (ConfUtils.java:logGet(43)) - raft.server.log.appender.install.snapshot.enabled = false (custom)
2019-11-19 00:30:17,365 [e40a9ad9-61b8-4c84-9e56-4a58a674b331@group-A8E4BCBBD40E-LeaderElection7] INFO  impl.RoleInfo (RoleInfo.java:updateAndGet(143)) - e40a9ad9-61b8-4c84-9e56-4a58a674b331: start LeaderState
2019-11-19 00:30:17,366 [e40a9ad9-61b8-4c84-9e56-4a58a674b331@group-A8E4BCBBD40E-LeaderElection7] INFO  segmented.SegmentedRaftLogWorker (SegmentedRaftLogWorker.java:startLogSegment(385)) - e40a9ad9-61b8-4c84-9e56-4a58a674b331@group-A8E4BCBBD40E-SegmentedRaftLogWorker: Starting segment from index:0
2019-11-19 00:30:17,367 [e40a9ad9-61b8-4c84-9e56-4a58a674b331@group-A8E4BCBBD40E-LeaderElection7] INFO  impl.RaftServerImpl (ServerState.java:setRaftConf(356)) - e40a9ad9-61b8-4c84-9e56-4a58a674b331@group-A8E4BCBBD40E: set configuration 0: [e40a9ad9-61b8-4c84-9e56-4a58a674b331:192.168.69.105:41649, bc99bf45-4121-4a06-aeae-d9c6d964d059:192.168.69.105:40478, 10e43304-02b7-4cde-a6c2-5453586e0897:192.168.69.105:35821], old=null at 0
2019-11-19 00:30:17,421 [e40a9ad9-61b8-4c84-9e56-4a58a674b331@group-A8E4BCBBD40E-SegmentedRaftLogWorker] INFO  segmented.SegmentedRaftLogWorker (SegmentedRaftLogWorker.java:execute(576)) - e40a9ad9-61b8-4c84-9e56-4a58a674b331@group-A8E4BCBBD40E-SegmentedRaftLogWorker: created new log segment /workdir/hadoop-ozone/tools/target/test-dir/MiniOzoneClusterImpl-a19dc363-7e85-4d5f-b92a-6c0ef9d6aade/datanode-1/data/ratis/635a24b9-c7d2-4959-a2e8-a8e4bcbbd40e/current/log_inprogress_0
2019-11-19 00:30:17,446 [grpc-default-executor-2] INFO  ratis.XceiverServerRatis (XceiverServerRatis.java:handleLeaderChangedNotification(733)) - Leader change notification received for group: group-A8E4BCBBD40E with new leaderId: e40a9ad9-61b8-4c84-9e56-4a58a674b331
2019-11-19 00:30:17,446 [grpc-default-executor-5] INFO  ratis.XceiverServerRatis (XceiverServerRatis.java:handleLeaderChangedNotification(733)) - Leader change notification received for group: group-A8E4BCBBD40E with new leaderId: e40a9ad9-61b8-4c84-9e56-4a58a674b331
2019-11-19 00:30:17,446 [grpc-default-executor-2] INFO  impl.RaftServerImpl (ServerState.java:setLeader(255)) - bc99bf45-4121-4a06-aeae-d9c6d964d059@group-A8E4BCBBD40E: change Leader from null to e40a9ad9-61b8-4c84-9e56-4a58a674b331 at term 2 for appendEntries, leader elected after 10775ms
2019-11-19 00:30:17,446 [grpc-default-executor-5] INFO  impl.RaftServerImpl (ServerState.java:setLeader(255)) - 10e43304-02b7-4cde-a6c2-5453586e0897@group-A8E4BCBBD40E: change Leader from null to e40a9ad9-61b8-4c84-9e56-4a58a674b331 at term 2 for appendEntries, leader elected after 10775ms
2019-11-19 00:30:17,482 [grpc-default-executor-5] INFO  impl.RaftServerImpl (ServerState.java:setRaftConf(356)) - 10e43304-02b7-4cde-a6c2-5453586e0897@group-A8E4BCBBD40E: set configuration 0: [e40a9ad9-61b8-4c84-9e56-4a58a674b331:192.168.69.105:41649, bc99bf45-4121-4a06-aeae-d9c6d964d059:192.168.69.105:40478, 10e43304-02b7-4cde-a6c2-5453586e0897:192.168.69.105:35821], old=null at 0
2019-11-19 00:30:17,482 [grpc-default-executor-2] INFO  impl.RaftServerImpl (ServerState.java:setRaftConf(356)) - bc99bf45-4121-4a06-aeae-d9c6d964d059@group-A8E4BCBBD40E: set configuration 0: [e40a9ad9-61b8-4c84-9e56-4a58a674b331:192.168.69.105:41649, bc99bf45-4121-4a06-aeae-d9c6d964d059:192.168.69.105:40478, 10e43304-02b7-4cde-a6c2-5453586e0897:192.168.69.105:35821], old=null at 0
2019-11-19 00:30:17,483 [grpc-default-executor-5] INFO  segmented.SegmentedRaftLogWorker (SegmentedRaftLogWorker.java:startLogSegment(385)) - 10e43304-02b7-4cde-a6c2-5453586e0897@group-A8E4BCBBD40E-SegmentedRaftLogWorker: Starting segment from index:0
2019-11-19 00:30:17,483 [grpc-default-executor-2] INFO  segmented.SegmentedRaftLogWorker (SegmentedRaftLogWorker.java:startLogSegment(385)) - bc99bf45-4121-4a06-aeae-d9c6d964d059@group-A8E4BCBBD40E-SegmentedRaftLogWorker: Starting segment from index:0
2019-11-19 00:30:17,498 [main] INFO  ozone.MiniOzoneClusterImpl (MiniOzoneClusterImpl.java:lambda$waitForClusterToBeReady$0(150)) - Nodes are ready. Got 3 of 3 DN Heartbeats.
2019-11-19 00:30:17,499 [main] INFO  ozone.MiniOzoneClusterImpl (MiniOzoneClusterImpl.java:lambda$waitForClusterToBeReady$0(153)) - Cluster exits safe mode
2019-11-19 00:30:17,534 [bc99bf45-4121-4a06-aeae-d9c6d964d059@group-A8E4BCBBD40E-SegmentedRaftLogWorker] INFO  segmented.SegmentedRaftLogWorker (SegmentedRaftLogWorker.java:execute(576)) - bc99bf45-4121-4a06-aeae-d9c6d964d059@group-A8E4BCBBD40E-SegmentedRaftLogWorker: created new log segment /workdir/hadoop-ozone/tools/target/test-dir/MiniOzoneClusterImpl-a19dc363-7e85-4d5f-b92a-6c0ef9d6aade/datanode-2/data/ratis/635a24b9-c7d2-4959-a2e8-a8e4bcbbd40e/current/log_inprogress_0
2019-11-19 00:30:17,534 [10e43304-02b7-4cde-a6c2-5453586e0897@group-A8E4BCBBD40E-SegmentedRaftLogWorker] INFO  segmented.SegmentedRaftLogWorker (SegmentedRaftLogWorker.java:execute(576)) - 10e43304-02b7-4cde-a6c2-5453586e0897@group-A8E4BCBBD40E-SegmentedRaftLogWorker: created new log segment /workdir/hadoop-ozone/tools/target/test-dir/MiniOzoneClusterImpl-a19dc363-7e85-4d5f-b92a-6c0ef9d6aade/datanode-0/data/ratis/635a24b9-c7d2-4959-a2e8-a8e4bcbbd40e/current/log_inprogress_0
2019-11-19 00:30:18,416 [main] INFO  freon.RandomKeyGenerator (RandomKeyGenerator.java:call(283)) - Number of Threads: 10
2019-11-19 00:30:18,417 [main] INFO  freon.RandomKeyGenerator (RandomKeyGenerator.java:call(288)) - Number of Volumes: 1.
2019-11-19 00:30:18,417 [main] INFO  freon.RandomKeyGenerator (RandomKeyGenerator.java:call(289)) - Number of Buckets per Volume: 1.
2019-11-19 00:30:18,417 [main] INFO  freon.RandomKeyGenerator (RandomKeyGenerator.java:call(290)) - Number of Keys per Bucket: 1.
2019-11-19 00:30:18,417 [main] INFO  freon.RandomKeyGenerator (RandomKeyGenerator.java:call(291)) - Key size: 20971520 bytes
2019-11-19 00:30:18,417 [main] INFO  freon.RandomKeyGenerator (RandomKeyGenerator.java:call(292)) - Buffer size: 4096 bytes
2019-11-19 00:30:18,417 [main] INFO  freon.RandomKeyGenerator (RandomKeyGenerator.java:call(293)) - validateWrites : true
2019-11-19 00:30:18,421 [main] INFO  freon.RandomKeyGenerator (RandomKeyGenerator.java:call(307)) - Data validation is enabled.
2019-11-19 00:30:18,423 [main] INFO  freon.RandomKeyGenerator (RandomKeyGenerator.java:call(313)) - Starting progress bar Thread.

 0.00% |?                                                                                                    |  0/1 Time: 0:00:002019-11-19 00:30:18,441 [pool-53-thread-1] INFO  rpc.RpcClient (RpcClient.java:createVolume(292)) - Creating Volume: vol-0-71695, with jenkins1000 as owner.
2019-11-19 00:30:18,496 [IPC Server handler 0 on 37180] INFO  volume.OMVolumeCreateRequest (OMVolumeCreateRequest.java:validateAndUpdateCache(193)) - created volume:vol-0-71695 for user:jenkins1000
2019-11-19 00:30:18,563 [pool-53-thread-2] INFO  rpc.RpcClient (RpcClient.java:createBucket(431)) - Creating Bucket: vol-0-71695/bucket-0-58883, with Versioning false and Storage Type set to DISK and Encryption set to false 
2019-11-19 00:30:18,758 [pool-53-thread-3] INFO  impl.MetricsSystemImpl (MetricsSystemImpl.java:init(158)) - XceiverClientMetrics metrics system started (again)
 0.00% |?                                                                                                    |  0/1 Time: 0:00:012019-11-19 00:30:20,356 [Thread-217] INFO  container.ReplicationManager (ReplicationManager.java:start(162)) - Starting Replication Monitor Thread.
2019-11-19 00:30:20,358 [ReplicationMonitor] INFO  container.ReplicationManager (ReplicationManager.java:run(225)) - Replication Monitor Thread took 2 milliseconds for processing 3 containers.
 0.00% |?                                                                                                    |  0/1 Time: 0:00:02 100.00% |?????????????????????????????????????????????????????????????????????????????????????????????????????|  1/1 Time: 0:00:03
2019-11-19 00:30:26,128 [main] INFO  pipeline.SCMPipelineManager (SCMPipelineManager.java:finalizeAndDestroyPipeline(333)) - destroying pipeline:Pipeline[ Id: 635a24b9-c7d2-4959-a2e8-a8e4bcbbd40e, Nodes: 10e43304-02b7-4cde-a6c2-5453586e0897{ip: 192.168.69.105, host: pr-hdds-2536-szzs6-2090880147, networkLocation: /default-rack, certSerialId: null}e40a9ad9-61b8-4c84-9e56-4a58a674b331{ip: 192.168.69.105, host: pr-hdds-2536-szzs6-2090880147, networkLocation: /default-rack, certSerialId: null}bc99bf45-4121-4a06-aeae-d9c6d964d059{ip: 192.168.69.105, host: pr-hdds-2536-szzs6-2090880147, networkLocation: /default-rack, certSerialId: null}, Type:RATIS, Factor:THREE, State:OPEN]
2019-11-19 00:30:26,128 [main] INFO  pipeline.PipelineStateManager (PipelineStateManager.java:finalizePipeline(121)) - Pipeline Pipeline[ Id: 635a24b9-c7d2-4959-a2e8-a8e4bcbbd40e, Nodes: 10e43304-02b7-4cde-a6c2-5453586e0897{ip: 192.168.69.105, host: pr-hdds-2536-szzs6-2090880147, networkLocation: /default-rack, certSerialId: null}e40a9ad9-61b8-4c84-9e56-4a58a674b331{ip: 192.168.69.105, host: pr-hdds-2536-szzs6-2090880147, networkLocation: /default-rack, certSerialId: null}bc99bf45-4121-4a06-aeae-d9c6d964d059{ip: 192.168.69.105, host: pr-hdds-2536-szzs6-2090880147, networkLocation: /default-rack, certSerialId: null}, Type:RATIS, Factor:THREE, State:CLOSED] moved to CLOSED state
2019-11-19 00:30:26,129 [EventQueue-CloseContainerForCloseContainerEventHandler] INFO  container.CloseContainerEventHandler (CloseContainerEventHandler.java:onMessage(61)) - Close container Event triggered for container : #1
2019-11-19 00:30:26,130 [main] INFO  pipeline.RatisPipelineProvider (RatisPipelineProvider.java:lambda$close$5(207)) - Send pipeline:PipelineID=635a24b9-c7d2-4959-a2e8-a8e4bcbbd40e close command to datanode 10e43304-02b7-4cde-a6c2-5453586e0897
2019-11-19 00:30:26,131 [main] INFO  pipeline.RatisPipelineProvider (RatisPipelineProvider.java:lambda$close$5(207)) - Send pipeline:PipelineID=635a24b9-c7d2-4959-a2e8-a8e4bcbbd40e close command to datanode e40a9ad9-61b8-4c84-9e56-4a58a674b331
2019-11-19 00:30:26,132 [main] INFO  pipeline.RatisPipelineProvider (RatisPipelineProvider.java:lambda$close$5(207)) - Send pipeline:PipelineID=635a24b9-c7d2-4959-a2e8-a8e4bcbbd40e close command to datanode bc99bf45-4121-4a06-aeae-d9c6d964d059
2019-11-19 00:30:26,144 [main] INFO  pipeline.PipelineStateManager (PipelineStateManager.java:removePipeline(106)) - Pipeline Pipeline[ Id: 635a24b9-c7d2-4959-a2e8-a8e4bcbbd40e, Nodes: 10e43304-02b7-4cde-a6c2-5453586e0897{ip: 192.168.69.105, host: pr-hdds-2536-szzs6-2090880147, networkLocation: /default-rack, certSerialId: null}e40a9ad9-61b8-4c84-9e56-4a58a674b331{ip: 192.168.69.105, host: pr-hdds-2536-szzs6-2090880147, networkLocation: /default-rack, certSerialId: null}bc99bf45-4121-4a06-aeae-d9c6d964d059{ip: 192.168.69.105, host: pr-hdds-2536-szzs6-2090880147, networkLocation: /default-rack, certSerialId: null}, Type:RATIS, Factor:THREE, State:CLOSED] removed from db
2019-11-19 00:30:26,148 [EventQueue-CloseContainerForCloseContainerEventHandler] INFO  container.CloseContainerEventHandler (CloseContainerEventHandler.java:onMessage(61)) - Close container Event triggered for container : #2
2019-11-19 00:30:26,148 [RatisPipelineUtilsThread] INFO  pipeline.RatisPipelineProvider (RatisPipelineProvider.java:lambda$create$4(163)) - Send pipeline:PipelineID=944de819-fd06-401f-b322-1aaeec35c016 create command to datanode 10e43304-02b7-4cde-a6c2-5453586e0897
2019-11-19 00:30:26,149 [RatisPipelineUtilsThread] INFO  pipeline.RatisPipelineProvider (RatisPipelineProvider.java:lambda$create$4(163)) - Send pipeline:PipelineID=944de819-fd06-401f-b322-1aaeec35c016 create command to datanode e40a9ad9-61b8-4c84-9e56-4a58a674b331
2019-11-19 00:30:26,150 [RatisPipelineUtilsThread] INFO  pipeline.RatisPipelineProvider (RatisPipelineProvider.java:lambda$create$4(163)) - Send pipeline:PipelineID=944de819-fd06-401f-b322-1aaeec35c016 create command to datanode bc99bf45-4121-4a06-aeae-d9c6d964d059
2019-11-19 00:30:26,150 [RatisPipelineUtilsThread] INFO  pipeline.PipelineStateManager (PipelineStateManager.java:addPipeline(55)) - Created pipeline Pipeline[ Id: 944de819-fd06-401f-b322-1aaeec35c016, Nodes: 10e43304-02b7-4cde-a6c2-5453586e0897{ip: 192.168.69.105, host: pr-hdds-2536-szzs6-2090880147, networkLocation: /default-rack, certSerialId: null}e40a9ad9-61b8-4c84-9e56-4a58a674b331{ip: 192.168.69.105, host: pr-hdds-2536-szzs6-2090880147, networkLocation: /default-rack, certSerialId: null}bc99bf45-4121-4a06-aeae-d9c6d964d059{ip: 192.168.69.105, host: pr-hdds-2536-szzs6-2090880147, networkLocation: /default-rack, certSerialId: null}, Type:RATIS, Factor:THREE, State:ALLOCATED]
2019-11-19 00:30:26,153 [EventQueue-CloseContainerForCloseContainerEventHandler] ERROR container.CloseContainerEventHandler (CloseContainerEventHandler.java:onMessage(89)) - Failed to close the container #2.
org.apache.hadoop.hdds.scm.pipeline.PipelineNotFoundException: PipelineID=635a24b9-c7d2-4959-a2e8-a8e4bcbbd40e not found
	at org.apache.hadoop.hdds.scm.pipeline.PipelineStateMap.removeContainerFromPipeline(PipelineStateMap.java:351)
	at org.apache.hadoop.hdds.scm.pipeline.PipelineStateManager.removeContainerFromPipeline(PipelineStateManager.java:112)
	at org.apache.hadoop.hdds.scm.pipeline.SCMPipelineManager.removeContainerFromPipeline(SCMPipelineManager.java:286)
	at org.apache.hadoop.hdds.scm.container.SCMContainerManager.updateContainerState(SCMContainerManager.java:331)
	at org.apache.hadoop.hdds.scm.container.CloseContainerEventHandler.onMessage(CloseContainerEventHandler.java:66)
	at org.apache.hadoop.hdds.scm.container.CloseContainerEventHandler.onMessage(CloseContainerEventHandler.java:45)
	at org.apache.hadoop.hdds.server.events.SingleThreadExecutor.lambda$onMessage$1(SingleThreadExecutor.java:85)
	at java.util.concurrent.ThreadPoolExecutor.runWorker(ThreadPoolExecutor.java:1149)
	at java.util.concurrent.ThreadPoolExecutor$Worker.run(ThreadPoolExecutor.java:624)
	at java.lang.Thread.run(Thread.java:748)
2019-11-19 00:30:26,155 [EventQueue-CloseContainerForCloseContainerEventHandler] INFO  container.CloseContainerEventHandler (CloseContainerEventHandler.java:onMessage(61)) - Close container Event triggered for container : #3
2019-11-19 00:30:26,155 [EventQueue-CloseContainerForCloseContainerEventHandler] ERROR container.CloseContainerEventHandler (CloseContainerEventHandler.java:onMessage(89)) - Failed to close the container #3.
org.apache.hadoop.hdds.scm.pipeline.PipelineNotFoundException: PipelineID=635a24b9-c7d2-4959-a2e8-a8e4bcbbd40e not found
	at org.apache.hadoop.hdds.scm.pipeline.PipelineStateMap.removeContainerFromPipeline(PipelineStateMap.java:351)
	at org.apache.hadoop.hdds.scm.pipeline.PipelineStateManager.removeContainerFromPipeline(PipelineStateManager.java:112)
	at org.apache.hadoop.hdds.scm.pipeline.SCMPipelineManager.removeContainerFromPipeline(SCMPipelineManager.java:286)
	at org.apache.hadoop.hdds.scm.container.SCMContainerManager.updateContainerState(SCMContainerManager.java:331)
	at org.apache.hadoop.hdds.scm.container.CloseContainerEventHandler.onMessage(CloseContainerEventHandler.java:66)
	at org.apache.hadoop.hdds.scm.container.CloseContainerEventHandler.onMessage(CloseContainerEventHandler.java:45)
	at org.apache.hadoop.hdds.server.events.SingleThreadExecutor.lambda$onMessage$1(SingleThreadExecutor.java:85)
	at java.util.concurrent.ThreadPoolExecutor.runWorker(ThreadPoolExecutor.java:1149)
	at java.util.concurrent.ThreadPoolExecutor$Worker.run(ThreadPoolExecutor.java:624)
	at java.lang.Thread.run(Thread.java:748)
2019-11-19 00:30:26,264 [main] INFO  freon.RandomKeyGenerator (RandomKeyGenerator.java:call(283)) - Number of Threads: 10
2019-11-19 00:30:26,266 [main] INFO  freon.RandomKeyGenerator (RandomKeyGenerator.java:call(288)) - Number of Volumes: 1.
2019-11-19 00:30:26,266 [main] INFO  freon.RandomKeyGenerator (RandomKeyGenerator.java:call(289)) - Number of Buckets per Volume: 1.
2019-11-19 00:30:26,266 [main] INFO  freon.RandomKeyGenerator (RandomKeyGenerator.java:call(290)) - Number of Keys per Bucket: 1.
2019-11-19 00:30:26,266 [main] INFO  freon.RandomKeyGenerator (RandomKeyGenerator.java:call(291)) - Key size: 20971520 bytes
2019-11-19 00:30:26,266 [main] INFO  freon.RandomKeyGenerator (RandomKeyGenerator.java:call(292)) - Buffer size: 4096 bytes
2019-11-19 00:30:26,266 [main] INFO  freon.RandomKeyGenerator (RandomKeyGenerator.java:call(293)) - validateWrites : true
2019-11-19 00:30:26,267 [pool-59-thread-1] INFO  rpc.RpcClient (RpcClient.java:createVolume(292)) - Creating Volume: vol-0-85153, with jenkins1000 as owner.
2019-11-19 00:30:26,268 [main] INFO  freon.RandomKeyGenerator (RandomKeyGenerator.java:call(307)) - Data validation is enabled.
2019-11-19 00:30:26,268 [main] INFO  freon.RandomKeyGenerator (RandomKeyGenerator.java:call(313)) - Starting progress bar Thread.

 0.00% |?                                                                                                    |  0/1 Time: 0:00:002019-11-19 00:30:26,271 [IPC Server handler 10 on 37180] INFO  volume.OMVolumeCreateRequest (OMVolumeCreateRequest.java:validateAndUpdateCache(193)) - created volume:vol-0-85153 for user:jenkins1000
2019-11-19 00:30:26,297 [pool-59-thread-2] INFO  rpc.RpcClient (RpcClient.java:createBucket(431)) - Creating Bucket: vol-0-85153/bucket-0-85672, with Versioning false and Storage Type set to DISK and Encryption set to false 
2019-11-19 00:30:26,321 [IPC Server handler 0 on 42477] WARN  block.BlockManagerImpl (BlockManagerImpl.java:allocateBlock(203)) - Pipeline creation failed for type:RATIS factor:THREE. Retrying get pipelines call once.
org.apache.hadoop.hdds.scm.pipeline.InsufficientDatanodesException: Cannot create pipeline of factor 3 using 0 nodes.
	at org.apache.hadoop.hdds.scm.pipeline.RatisPipelineProvider.create(RatisPipelineProvider.java:144)
	at org.apache.hadoop.hdds.scm.pipeline.PipelineFactory.create(PipelineFactory.java:60)
	at org.apache.hadoop.hdds.scm.pipeline.SCMPipelineManager.createPipeline(SCMPipelineManager.java:159)
	at org.apache.hadoop.hdds.scm.block.BlockManagerImpl.allocateBlock(BlockManagerImpl.java:199)
	at org.apache.hadoop.hdds.scm.server.SCMBlockProtocolServer.allocateBlock(SCMBlockProtocolServer.java:187)
	at org.apache.hadoop.hdds.scm.protocol.ScmBlockLocationProtocolServerSideTranslatorPB.allocateScmBlock(ScmBlockLocationProtocolServerSideTranslatorPB.java:159)
	at org.apache.hadoop.hdds.scm.protocol.ScmBlockLocationProtocolServerSideTranslatorPB.processMessage(ScmBlockLocationProtocolServerSideTranslatorPB.java:117)
	at org.apache.hadoop.hdds.server.OzoneProtocolMessageDispatcher.processRequest(OzoneProtocolMessageDispatcher.java:72)
	at org.apache.hadoop.hdds.scm.protocol.ScmBlockLocationProtocolServerSideTranslatorPB.send(ScmBlockLocationProtocolServerSideTranslatorPB.java:98)
	at org.apache.hadoop.hdds.protocol.proto.ScmBlockLocationProtocolProtos$ScmBlockLocationProtocolService$2.callBlockingMethod(ScmBlockLocationProtocolProtos.java:13157)
	at org.apache.hadoop.ipc.ProtobufRpcEngine$Server$ProtoBufRpcInvoker.call(ProtobufRpcEngine.java:524)
	at org.apache.hadoop.ipc.RPC$Server.call(RPC.java:1025)
	at org.apache.hadoop.ipc.Server$RpcCall.run(Server.java:876)
	at org.apache.hadoop.ipc.Server$RpcCall.run(Server.java:822)
	at java.security.AccessController.doPrivileged(Native Method)
	at javax.security.auth.Subject.doAs(Subject.java:422)
	at org.apache.hadoop.security.UserGroupInformation.doAs(UserGroupInformation.java:1730)
	at org.apache.hadoop.ipc.Server$Handler.run(Server.java:2682)
2019-11-19 00:30:26,322 [IPC Server handler 0 on 42477] INFO  block.BlockManagerImpl (BlockManagerImpl.java:allocateBlock(215)) - Could not find available pipeline of type:RATIS and factor:THREE even after retrying
2019-11-19 00:30:26,322 [IPC Server handler 0 on 42477] ERROR block.BlockManagerImpl (BlockManagerImpl.java:allocateBlock(239)) - Unable to allocate a block for the size: 4194304, type: RATIS, factor: THREE
2019-11-19 00:30:26,324 [IPC Server handler 0 on 42477] WARN  block.BlockManagerImpl (BlockManagerImpl.java:allocateBlock(203)) - Pipeline creation failed for type:RATIS factor:THREE. Retrying get pipelines call once.
org.apache.hadoop.hdds.scm.pipeline.InsufficientDatanodesException: Cannot create pipeline of factor 3 using 0 nodes.
	at org.apache.hadoop.hdds.scm.pipeline.RatisPipelineProvider.create(RatisPipelineProvider.java:144)
	at org.apache.hadoop.hdds.scm.pipeline.PipelineFactory.create(PipelineFactory.java:60)
	at org.apache.hadoop.hdds.scm.pipeline.SCMPipelineManager.createPipeline(SCMPipelineManager.java:159)
	at org.apache.hadoop.hdds.scm.block.BlockManagerImpl.allocateBlock(BlockManagerImpl.java:199)
	at org.apache.hadoop.hdds.scm.server.SCMBlockProtocolServer.allocateBlock(SCMBlockProtocolServer.java:187)
	at org.apache.hadoop.hdds.scm.protocol.ScmBlockLocationProtocolServerSideTranslatorPB.allocateScmBlock(ScmBlockLocationProtocolServerSideTranslatorPB.java:159)
	at org.apache.hadoop.hdds.scm.protocol.ScmBlockLocationProtocolServerSideTranslatorPB.processMessage(ScmBlockLocationProtocolServerSideTranslatorPB.java:117)
	at org.apache.hadoop.hdds.server.OzoneProtocolMessageDispatcher.processRequest(OzoneProtocolMessageDispatcher.java:72)
	at org.apache.hadoop.hdds.scm.protocol.ScmBlockLocationProtocolServerSideTranslatorPB.send(ScmBlockLocationProtocolServerSideTranslatorPB.java:98)
	at org.apache.hadoop.hdds.protocol.proto.ScmBlockLocationProtocolProtos$ScmBlockLocationProtocolService$2.callBlockingMethod(ScmBlockLocationProtocolProtos.java:13157)
	at org.apache.hadoop.ipc.ProtobufRpcEngine$Server$ProtoBufRpcInvoker.call(ProtobufRpcEngine.java:524)
	at org.apache.hadoop.ipc.RPC$Server.call(RPC.java:1025)
	at org.apache.hadoop.ipc.Server$RpcCall.run(Server.java:876)
	at org.apache.hadoop.ipc.Server$RpcCall.run(Server.java:822)
	at java.security.AccessController.doPrivileged(Native Method)
	at javax.security.auth.Subject.doAs(Subject.java:422)
	at org.apache.hadoop.security.UserGroupInformation.doAs(UserGroupInformation.java:1730)
	at org.apache.hadoop.ipc.Server$Handler.run(Server.java:2682)
2019-11-19 00:30:26,324 [IPC Server handler 0 on 42477] INFO  block.BlockManagerImpl (BlockManagerImpl.java:allocateBlock(215)) - Could not find available pipeline of type:RATIS and factor:THREE even after retrying
2019-11-19 00:30:26,324 [IPC Server handler 0 on 42477] ERROR block.BlockManagerImpl (BlockManagerImpl.java:allocateBlock(239)) - Unable to allocate a block for the size: 4194304, type: RATIS, factor: THREE
2019-11-19 00:30:26,325 [IPC Server handler 0 on 42477] WARN  block.BlockManagerImpl (BlockManagerImpl.java:allocateBlock(203)) - Pipeline creation failed for type:RATIS factor:THREE. Retrying get pipelines call once.
org.apache.hadoop.hdds.scm.pipeline.InsufficientDatanodesException: Cannot create pipeline of factor 3 using 0 nodes.
	at org.apache.hadoop.hdds.scm.pipeline.RatisPipelineProvider.create(RatisPipelineProvider.java:144)
	at org.apache.hadoop.hdds.scm.pipeline.PipelineFactory.create(PipelineFactory.java:60)
	at org.apache.hadoop.hdds.scm.pipeline.SCMPipelineManager.createPipeline(SCMPipelineManager.java:159)
	at org.apache.hadoop.hdds.scm.block.BlockManagerImpl.allocateBlock(BlockManagerImpl.java:199)
	at org.apache.hadoop.hdds.scm.server.SCMBlockProtocolServer.allocateBlock(SCMBlockProtocolServer.java:187)
	at org.apache.hadoop.hdds.scm.protocol.ScmBlockLocationProtocolServerSideTranslatorPB.allocateScmBlock(ScmBlockLocationProtocolServerSideTranslatorPB.java:159)
	at org.apache.hadoop.hdds.scm.protocol.ScmBlockLocationProtocolServerSideTranslatorPB.processMessage(ScmBlockLocationProtocolServerSideTranslatorPB.java:117)
	at org.apache.hadoop.hdds.server.OzoneProtocolMessageDispatcher.processRequest(OzoneProtocolMessageDispatcher.java:72)
	at org.apache.hadoop.hdds.scm.protocol.ScmBlockLocationProtocolServerSideTranslatorPB.send(ScmBlockLocationProtocolServerSideTranslatorPB.java:98)
	at org.apache.hadoop.hdds.protocol.proto.ScmBlockLocationProtocolProtos$ScmBlockLocationProtocolService$2.callBlockingMethod(ScmBlockLocationProtocolProtos.java:13157)
	at org.apache.hadoop.ipc.ProtobufRpcEngine$Server$ProtoBufRpcInvoker.call(ProtobufRpcEngine.java:524)
	at org.apache.hadoop.ipc.RPC$Server.call(RPC.java:1025)
	at org.apache.hadoop.ipc.Server$RpcCall.run(Server.java:876)
	at org.apache.hadoop.ipc.Server$RpcCall.run(Server.java:822)
	at java.security.AccessController.doPrivileged(Native Method)
	at javax.security.auth.Subject.doAs(Subject.java:422)
	at org.apache.hadoop.security.UserGroupInformation.doAs(UserGroupInformation.java:1730)
	at org.apache.hadoop.ipc.Server$Handler.run(Server.java:2682)
2019-11-19 00:30:26,325 [IPC Server handler 0 on 42477] INFO  block.BlockManagerImpl (BlockManagerImpl.java:allocateBlock(215)) - Could not find available pipeline of type:RATIS and factor:THREE even after retrying
2019-11-19 00:30:26,326 [IPC Server handler 0 on 42477] ERROR block.BlockManagerImpl (BlockManagerImpl.java:allocateBlock(239)) - Unable to allocate a block for the size: 4194304, type: RATIS, factor: THREE
2019-11-19 00:30:26,326 [IPC Server handler 0 on 42477] WARN  block.BlockManagerImpl (BlockManagerImpl.java:allocateBlock(203)) - Pipeline creation failed for type:RATIS factor:THREE. Retrying get pipelines call once.
org.apache.hadoop.hdds.scm.pipeline.InsufficientDatanodesException: Cannot create pipeline of factor 3 using 0 nodes.
	at org.apache.hadoop.hdds.scm.pipeline.RatisPipelineProvider.create(RatisPipelineProvider.java:144)
	at org.apache.hadoop.hdds.scm.pipeline.PipelineFactory.create(PipelineFactory.java:60)
	at org.apache.hadoop.hdds.scm.pipeline.SCMPipelineManager.createPipeline(SCMPipelineManager.java:159)
	at org.apache.hadoop.hdds.scm.block.BlockManagerImpl.allocateBlock(BlockManagerImpl.java:199)
	at org.apache.hadoop.hdds.scm.server.SCMBlockProtocolServer.allocateBlock(SCMBlockProtocolServer.java:187)
	at org.apache.hadoop.hdds.scm.protocol.ScmBlockLocationProtocolServerSideTranslatorPB.allocateScmBlock(ScmBlockLocationProtocolServerSideTranslatorPB.java:159)
	at org.apache.hadoop.hdds.scm.protocol.ScmBlockLocationProtocolServerSideTranslatorPB.processMessage(ScmBlockLocationProtocolServerSideTranslatorPB.java:117)
	at org.apache.hadoop.hdds.server.OzoneProtocolMessageDispatcher.processRequest(OzoneProtocolMessageDispatcher.java:72)
	at org.apache.hadoop.hdds.scm.protocol.ScmBlockLocationProtocolServerSideTranslatorPB.send(ScmBlockLocationProtocolServerSideTranslatorPB.java:98)
	at org.apache.hadoop.hdds.protocol.proto.ScmBlockLocationProtocolProtos$ScmBlockLocationProtocolService$2.callBlockingMethod(ScmBlockLocationProtocolProtos.java:13157)
	at org.apache.hadoop.ipc.ProtobufRpcEngine$Server$ProtoBufRpcInvoker.call(ProtobufRpcEngine.java:524)
	at org.apache.hadoop.ipc.RPC$Server.call(RPC.java:1025)
	at org.apache.hadoop.ipc.Server$RpcCall.run(Server.java:876)
	at org.apache.hadoop.ipc.Server$RpcCall.run(Server.java:822)
	at java.security.AccessController.doPrivileged(Native Method)
	at javax.security.auth.Subject.doAs(Subject.java:422)
	at org.apache.hadoop.security.UserGroupInformation.doAs(UserGroupInformation.java:1730)
	at org.apache.hadoop.ipc.Server$Handler.run(Server.java:2682)
2019-11-19 00:30:26,327 [IPC Server handler 0 on 42477] INFO  block.BlockManagerImpl (BlockManagerImpl.java:allocateBlock(215)) - Could not find available pipeline of type:RATIS and factor:THREE even after retrying
2019-11-19 00:30:26,327 [IPC Server handler 0 on 42477] ERROR block.BlockManagerImpl (BlockManagerImpl.java:allocateBlock(239)) - Unable to allocate a block for the size: 4194304, type: RATIS, factor: THREE
2019-11-19 00:30:26,328 [IPC Server handler 0 on 42477] WARN  block.BlockManagerImpl (BlockManagerImpl.java:allocateBlock(203)) - Pipeline creation failed for type:RATIS factor:THREE. Retrying get pipelines call once.
org.apache.hadoop.hdds.scm.pipeline.InsufficientDatanodesException: Cannot create pipeline of factor 3 using 0 nodes.
	at org.apache.hadoop.hdds.scm.pipeline.RatisPipelineProvider.create(RatisPipelineProvider.java:144)
	at org.apache.hadoop.hdds.scm.pipeline.PipelineFactory.create(PipelineFactory.java:60)
	at org.apache.hadoop.hdds.scm.pipeline.SCMPipelineManager.createPipeline(SCMPipelineManager.java:159)
	at org.apache.hadoop.hdds.scm.block.BlockManagerImpl.allocateBlock(BlockManagerImpl.java:199)
	at org.apache.hadoop.hdds.scm.server.SCMBlockProtocolServer.allocateBlock(SCMBlockProtocolServer.java:187)
	at org.apache.hadoop.hdds.scm.protocol.ScmBlockLocationProtocolServerSideTranslatorPB.allocateScmBlock(ScmBlockLocationProtocolServerSideTranslatorPB.java:159)
	at org.apache.hadoop.hdds.scm.protocol.ScmBlockLocationProtocolServerSideTranslatorPB.processMessage(ScmBlockLocationProtocolServerSideTranslatorPB.java:117)
	at org.apache.hadoop.hdds.server.OzoneProtocolMessageDispatcher.processRequest(OzoneProtocolMessageDispatcher.java:72)
	at org.apache.hadoop.hdds.scm.protocol.ScmBlockLocationProtocolServerSideTranslatorPB.send(ScmBlockLocationProtocolServerSideTranslatorPB.java:98)
	at org.apache.hadoop.hdds.protocol.proto.ScmBlockLocationProtocolProtos$ScmBlockLocationProtocolService$2.callBlockingMethod(ScmBlockLocationProtocolProtos.java:13157)
	at org.apache.hadoop.ipc.ProtobufRpcEngine$Server$ProtoBufRpcInvoker.call(ProtobufRpcEngine.java:524)
	at org.apache.hadoop.ipc.RPC$Server.call(RPC.java:1025)
	at org.apache.hadoop.ipc.Server$RpcCall.run(Server.java:876)
	at org.apache.hadoop.ipc.Server$RpcCall.run(Server.java:822)
	at java.security.AccessController.doPrivileged(Native Method)
	at javax.security.auth.Subject.doAs(Subject.java:422)
	at org.apache.hadoop.security.UserGroupInformation.doAs(UserGroupInformation.java:1730)
	at org.apache.hadoop.ipc.Server$Handler.run(Server.java:2682)
2019-11-19 00:30:26,329 [IPC Server handler 0 on 42477] INFO  block.BlockManagerImpl (BlockManagerImpl.java:allocateBlock(215)) - Could not find available pipeline of type:RATIS and factor:THREE even after retrying
2019-11-19 00:30:26,329 [IPC Server handler 0 on 42477] ERROR block.BlockManagerImpl (BlockManagerImpl.java:allocateBlock(239)) - Unable to allocate a block for the size: 4194304, type: RATIS, factor: THREE
2019-11-19 00:30:26,334 [pool-59-thread-4] ERROR freon.RandomKeyGenerator (RandomKeyGenerator.java:createKey(735)) - Exception while adding key: key-0-88626 in bucket: bucket-0-85672 of volume: vol-0-85153.
INTERNAL_ERROR org.apache.hadoop.ozone.om.exceptions.OMException: Allocated 0 blocks. Requested 5 blocks
	at org.apache.hadoop.ozone.om.protocolPB.OzoneManagerProtocolClientSideTranslatorPB.handleError(OzoneManagerProtocolClientSideTranslatorPB.java:761)
	at org.apache.hadoop.ozone.om.protocolPB.OzoneManagerProtocolClientSideTranslatorPB.openKey(OzoneManagerProtocolClientSideTranslatorPB.java:752)
	at sun.reflect.NativeMethodAccessorImpl.invoke0(Native Method)
	at sun.reflect.NativeMethodAccessorImpl.invoke(NativeMethodAccessorImpl.java:62)
	at sun.reflect.DelegatingMethodAccessorImpl.invoke(DelegatingMethodAccessorImpl.java:43)
	at java.lang.reflect.Method.invoke(Method.java:498)
	at org.apache.hadoop.hdds.tracing.TraceAllMethod.invoke(TraceAllMethod.java:66)
	at com.sun.proxy.$Proxy37.openKey(Unknown Source)
	at org.apache.hadoop.ozone.client.rpc.RpcClient.createKey(RpcClient.java:633)
	at org.apache.hadoop.ozone.client.OzoneBucket.createKey(OzoneBucket.java:325)
	at org.apache.hadoop.ozone.freon.RandomKeyGenerator.createKey(RandomKeyGenerator.java:697)
	at org.apache.hadoop.ozone.freon.RandomKeyGenerator.access$1100(RandomKeyGenerator.java:88)
	at org.apache.hadoop.ozone.freon.RandomKeyGenerator$ObjectCreator.run(RandomKeyGenerator.java:615)
	at java.util.concurrent.Executors$RunnableAdapter.call(Executors.java:511)
	at java.util.concurrent.FutureTask.run(FutureTask.java:266)
	at java.util.concurrent.ThreadPoolExecutor.runWorker(ThreadPoolExecutor.java:1149)
	at java.util.concurrent.ThreadPoolExecutor$Worker.run(ThreadPoolExecutor.java:624)
	at java.lang.Thread.run(Thread.java:748)
 0.00% |?                                                                                                    |  0/1 Time: 0:00:012019-11-19 00:30:28,064 [Command processor thread] INFO  impl.RaftServerProxy (RaftServerProxy.java:remove(95)) - bc99bf45-4121-4a06-aeae-d9c6d964d059: remove  FOLLOWER bc99bf45-4121-4a06-aeae-d9c6d964d059@group-A8E4BCBBD40E:t2, leader=e40a9ad9-61b8-4c84-9e56-4a58a674b331, voted=e40a9ad9-61b8-4c84-9e56-4a58a674b331, raftlog=bc99bf45-4121-4a06-aeae-d9c6d964d059@group-A8E4BCBBD40E-SegmentedRaftLog:OPENED:c78,f78,i78, conf=0: [e40a9ad9-61b8-4c84-9e56-4a58a674b331:192.168.69.105:41649, bc99bf45-4121-4a06-aeae-d9c6d964d059:192.168.69.105:40478, 10e43304-02b7-4cde-a6c2-5453586e0897:192.168.69.105:35821], old=null RUNNING
2019-11-19 00:30:28,066 [Command processor thread] INFO  impl.RaftServerImpl (RaftServerImpl.java:lambda$shutdown$3(250)) - bc99bf45-4121-4a06-aeae-d9c6d964d059@group-A8E4BCBBD40E: shutdown
2019-11-19 00:30:28,067 [Command processor thread] INFO  util.JmxRegister (JmxRegister.java:unregister(73)) - Successfully un-registered JMX Bean with object name Ratis:service=RaftServer,group=group-A8E4BCBBD40E,id=bc99bf45-4121-4a06-aeae-d9c6d964d059
2019-11-19 00:30:28,067 [Command processor thread] INFO  impl.RoleInfo (RoleInfo.java:shutdownFollowerState(121)) - bc99bf45-4121-4a06-aeae-d9c6d964d059: shutdown FollowerState
2019-11-19 00:30:28,067 [Command processor thread] INFO  impl.StateMachineUpdater (StateMachineUpdater.java:stopAndJoin(136)) - bc99bf45-4121-4a06-aeae-d9c6d964d059@group-A8E4BCBBD40E-StateMachineUpdater: set stopIndex = 78
2019-11-19 00:30:28,067 [Thread-214] INFO  impl.FollowerState (FollowerState.java:run(120)) - bc99bf45-4121-4a06-aeae-d9c6d964d059@group-A8E4BCBBD40E-FollowerState was interrupted: java.lang.InterruptedException: sleep interrupted
2019-11-19 00:30:28,069 [bc99bf45-4121-4a06-aeae-d9c6d964d059@group-A8E4BCBBD40E-StateMachineUpdater] INFO  ratis.ContainerStateMachine (ContainerStateMachine.java:takeSnapshot(285)) - group-A8E4BCBBD40E: Taking a snapshot at:(t:2, i:76) file /workdir/hadoop-ozone/tools/target/test-dir/MiniOzoneClusterImpl-a19dc363-7e85-4d5f-b92a-6c0ef9d6aade/datanode-2/data/ratis/635a24b9-c7d2-4959-a2e8-a8e4bcbbd40e/sm/snapshot.2_76
2019-11-19 00:30:28,100 [bc99bf45-4121-4a06-aeae-d9c6d964d059@group-A8E4BCBBD40E-StateMachineUpdater] INFO  ratis.ContainerStateMachine (ContainerStateMachine.java:takeSnapshot(296)) - group-A8E4BCBBD40E: Finished taking a snapshot at:(t:2, i:76) file:/workdir/hadoop-ozone/tools/target/test-dir/MiniOzoneClusterImpl-a19dc363-7e85-4d5f-b92a-6c0ef9d6aade/datanode-2/data/ratis/635a24b9-c7d2-4959-a2e8-a8e4bcbbd40e/sm/snapshot.2_76 time:33
2019-11-19 00:30:28,102 [bc99bf45-4121-4a06-aeae-d9c6d964d059@group-A8E4BCBBD40E-StateMachineUpdater] INFO  impl.StateMachineUpdater (StateMachineUpdater.java:takeSnapshot(269)) - bc99bf45-4121-4a06-aeae-d9c6d964d059@group-A8E4BCBBD40E-StateMachineUpdater: Took a snapshot at index 76
2019-11-19 00:30:28,103 [bc99bf45-4121-4a06-aeae-d9c6d964d059@group-A8E4BCBBD40E-StateMachineUpdater] INFO  impl.StateMachineUpdater (StateMachineUpdater.java:lambda$new$0(84)) - bc99bf45-4121-4a06-aeae-d9c6d964d059@group-A8E4BCBBD40E-StateMachineUpdater: snapshotIndex: updateIncreasingly -1 -> 76
2019-11-19 00:30:28,107 [bc99bf45-4121-4a06-aeae-d9c6d964d059@group-A8E4BCBBD40E-StateMachineUpdater] INFO  ratis.ContainerStateMachine (ContainerStateMachine.java:takeSnapshot(285)) - group-A8E4BCBBD40E: Taking a snapshot at:(t:2, i:76) file /workdir/hadoop-ozone/tools/target/test-dir/MiniOzoneClusterImpl-a19dc363-7e85-4d5f-b92a-6c0ef9d6aade/datanode-2/data/ratis/635a24b9-c7d2-4959-a2e8-a8e4bcbbd40e/sm/snapshot.2_76
2019-11-19 00:30:28,119 [bc99bf45-4121-4a06-aeae-d9c6d964d059@group-A8E4BCBBD40E-StateMachineUpdater] INFO  ratis.ContainerStateMachine (ContainerStateMachine.java:takeSnapshot(296)) - group-A8E4BCBBD40E: Finished taking a snapshot at:(t:2, i:76) file:/workdir/hadoop-ozone/tools/target/test-dir/MiniOzoneClusterImpl-a19dc363-7e85-4d5f-b92a-6c0ef9d6aade/datanode-2/data/ratis/635a24b9-c7d2-4959-a2e8-a8e4bcbbd40e/sm/snapshot.2_76 time:12
2019-11-19 00:30:28,119 [bc99bf45-4121-4a06-aeae-d9c6d964d059@group-A8E4BCBBD40E-StateMachineUpdater] INFO  impl.StateMachineUpdater (StateMachineUpdater.java:takeSnapshot(269)) - bc99bf45-4121-4a06-aeae-d9c6d964d059@group-A8E4BCBBD40E-StateMachineUpdater: Took a snapshot at index 76
2019-11-19 00:30:28,119 [bc99bf45-4121-4a06-aeae-d9c6d964d059@group-A8E4BCBBD40E-StateMachineUpdater] INFO  impl.StateMachineUpdater (StateMachineUpdater.java:lambda$new$0(84)) - bc99bf45-4121-4a06-aeae-d9c6d964d059@group-A8E4BCBBD40E-StateMachineUpdater: snapshotIndex: updateIncreasingly 76 -> 76
2019-11-19 00:30:28,120 [Command processor thread] INFO  impl.RaftServerImpl (ServerState.java:close(387)) - bc99bf45-4121-4a06-aeae-d9c6d964d059@group-A8E4BCBBD40E: closes. applyIndex: 78
2019-11-19 00:30:28,122 [bc99bf45-4121-4a06-aeae-d9c6d964d059@group-A8E4BCBBD40E-SegmentedRaftLogWorker] INFO  segmented.SegmentedRaftLogWorker (SegmentedRaftLogWorker.java:run(316)) - bc99bf45-4121-4a06-aeae-d9c6d964d059@group-A8E4BCBBD40E-SegmentedRaftLogWorker was interrupted, exiting. There are 0 tasks remaining in the queue.
2019-11-19 00:30:28,123 [Command processor thread] INFO  segmented.SegmentedRaftLogWorker (SegmentedRaftLogWorker.java:close(224)) - bc99bf45-4121-4a06-aeae-d9c6d964d059@group-A8E4BCBBD40E-SegmentedRaftLogWorker close()
2019-11-19 00:30:28,161 [Command processor thread] INFO  interfaces.Container (KeyValueContainer.java:flushAndSyncDB(400)) - Container 1 is synced with bcsId 60.
2019-11-19 00:30:28,161 [Command processor thread] INFO  interfaces.Container (KeyValueContainer.java:flushAndSyncDB(400)) - Container 1 is synced with bcsId 60.
2019-11-19 00:30:28,178 [EventQueue-IncrementalContainerReportForIncrementalContainerReportHandler] INFO  container.IncrementalContainerReportHandler (AbstractContainerReportHandler.java:updateContainerState(171)) - Moving container #1 to QUASI_CLOSED state, datanode bc99bf45-4121-4a06-aeae-d9c6d964d059{ip: 192.168.69.105, host: pr-hdds-2536-szzs6-2090880147, networkLocation: /default-rack, certSerialId: null} reported QUASI_CLOSED replica.
2019-11-19 00:30:28,193 [Command processor thread] INFO  interfaces.Container (KeyValueContainer.java:flushAndSyncDB(400)) - Container 2 is synced with bcsId 76.
2019-11-19 00:30:28,193 [Command processor thread] INFO  interfaces.Container (KeyValueContainer.java:flushAndSyncDB(400)) - Container 2 is synced with bcsId 76.
2019-11-19 00:30:28,209 [EventQueue-IncrementalContainerReportForIncrementalContainerReportHandler] INFO  container.IncrementalContainerReportHandler (AbstractContainerReportHandler.java:updateContainerState(171)) - Moving container #2 to QUASI_CLOSED state, datanode bc99bf45-4121-4a06-aeae-d9c6d964d059{ip: 192.168.69.105, host: pr-hdds-2536-szzs6-2090880147, networkLocation: /default-rack, certSerialId: null} reported QUASI_CLOSED replica.
2019-11-19 00:30:28,223 [Command processor thread] INFO  interfaces.Container (KeyValueContainer.java:flushAndSyncDB(400)) - Container 3 is synced with bcsId 42.
2019-11-19 00:30:28,223 [Command processor thread] INFO  interfaces.Container (KeyValueContainer.java:flushAndSyncDB(400)) - Container 3 is synced with bcsId 42.
2019-11-19 00:30:28,237 [Command processor thread] INFO  commandhandler.ClosePipelineCommandHandler (ClosePipelineCommandHandler.java:handle(78)) - Close Pipeline #id: "635a24b9-c7d2-4959-a2e8-a8e4bcbbd40e"
 command on datanode #bc99bf45-4121-4a06-aeae-d9c6d964d059.
2019-11-19 00:30:28,238 [EventQueue-IncrementalContainerReportForIncrementalContainerReportHandler] INFO  container.IncrementalContainerReportHandler (AbstractContainerReportHandler.java:updateContainerState(171)) - Moving container #3 to QUASI_CLOSED state, datanode bc99bf45-4121-4a06-aeae-d9c6d964d059{ip: 192.168.69.105, host: pr-hdds-2536-szzs6-2090880147, networkLocation: /default-rack, certSerialId: null} reported QUASI_CLOSED replica.
2019-11-19 00:30:28,239 [Command processor thread] INFO  impl.RaftServerProxy (RaftServerProxy.java:addNew(89)) - bc99bf45-4121-4a06-aeae-d9c6d964d059: addNew group-1AAEEC35C016:[e40a9ad9-61b8-4c84-9e56-4a58a674b331:192.168.69.105:41649, bc99bf45-4121-4a06-aeae-d9c6d964d059:192.168.69.105:40478, 10e43304-02b7-4cde-a6c2-5453586e0897:192.168.69.105:35821] returns group-1AAEEC35C016:java.util.concurrent.CompletableFuture@468ec2f7[Not completed]
2019-11-19 00:30:28,241 [pool-47-thread-1] INFO  impl.RaftServerImpl (RaftServerImpl.java:<init>(98)) - bc99bf45-4121-4a06-aeae-d9c6d964d059: new RaftServerImpl for group-1AAEEC35C016:[e40a9ad9-61b8-4c84-9e56-4a58a674b331:192.168.69.105:41649, bc99bf45-4121-4a06-aeae-d9c6d964d059:192.168.69.105:40478, 10e43304-02b7-4cde-a6c2-5453586e0897:192.168.69.105:35821] with ContainerStateMachine:uninitialized
2019-11-19 00:30:28,241 [pool-47-thread-1] INFO  server.RaftServerConfigKeys (ConfUtils.java:logGet(43)) - raft.server.rpc.timeout.min = 5s (custom)
2019-11-19 00:30:28,241 [pool-47-thread-1] INFO  server.RaftServerConfigKeys (ConfUtils.java:logGet(43)) - raft.server.rpc.timeout.max = 5200ms (custom)
2019-11-19 00:30:28,241 [pool-47-thread-1] INFO  server.RaftServerConfigKeys (ConfUtils.java:logGet(43)) - raft.server.rpcslowness.timeout = 120s (custom)
2019-11-19 00:30:28,241 [pool-47-thread-1] INFO  server.RaftServerConfigKeys (ConfUtils.java:logGet(43)) - raft.server.sleep.deviation.threshold = 300 (default)
2019-11-19 00:30:28,241 [pool-47-thread-1] INFO  server.RaftServerConfigKeys (ConfUtils.java:logGet(43)) - raft.server.log.appender.install.snapshot.enabled = false (custom)
2019-11-19 00:30:28,242 [pool-47-thread-1] INFO  impl.RaftServerImpl (ServerState.java:<init>(103)) - bc99bf45-4121-4a06-aeae-d9c6d964d059@group-1AAEEC35C016: ConfigurationManager, init=-1: [e40a9ad9-61b8-4c84-9e56-4a58a674b331:192.168.69.105:41649, bc99bf45-4121-4a06-aeae-d9c6d964d059:192.168.69.105:40478, 10e43304-02b7-4cde-a6c2-5453586e0897:192.168.69.105:35821], old=null, confs=<EMPTY_MAP>
2019-11-19 00:30:28,242 [pool-47-thread-1] INFO  server.RaftServerConfigKeys (ConfUtils.java:logGet(43)) - raft.server.storage.dir = [/workdir/hadoop-ozone/tools/target/test-dir/MiniOzoneClusterImpl-a19dc363-7e85-4d5f-b92a-6c0ef9d6aade/datanode-2/data/ratis] (custom)
2019-11-19 00:30:28,242 [pool-47-thread-1] INFO  server.RaftServerConfigKeys (ConfUtils.java:logGet(43)) - raft.server.log.corruption.policy = EXCEPTION (default)
2019-11-19 00:30:28,242 [pool-47-thread-1] INFO  storage.RaftStorageDirectory (RaftStorageDirectory.java:analyzeStorage(246)) - The storage directory /workdir/hadoop-ozone/tools/target/test-dir/MiniOzoneClusterImpl-a19dc363-7e85-4d5f-b92a-6c0ef9d6aade/datanode-2/data/ratis/944de819-fd06-401f-b322-1aaeec35c016 does not exist. Creating ...
2019-11-19 00:30:28,256 [pool-47-thread-1] INFO  storage.RaftStorageDirectory (RaftStorageDirectory.java:tryLock(328)) - Lock on /workdir/hadoop-ozone/tools/target/test-dir/MiniOzoneClusterImpl-a19dc363-7e85-4d5f-b92a-6c0ef9d6aade/datanode-2/data/ratis/944de819-fd06-401f-b322-1aaeec35c016/in_use.lock acquired by nodename 31943@pr-hdds-2536-szzs6-2090880147
2019-11-19 00:30:28,269 [pool-47-thread-1] INFO  storage.RaftStorage (RaftStorage.java:format(84)) - Storage directory /workdir/hadoop-ozone/tools/target/test-dir/MiniOzoneClusterImpl-a19dc363-7e85-4d5f-b92a-6c0ef9d6aade/datanode-2/data/ratis/944de819-fd06-401f-b322-1aaeec35c016 has been successfully formatted.
2019-11-19 00:30:28,269 [pool-47-thread-1] INFO  ratis.ContainerStateMachine (ContainerStateMachine.java:loadSnapshot(223)) - group-1AAEEC35C016: The snapshot info is null. Setting the last applied indexto:(t:0, i:~)
2019-11-19 00:30:28,269 [pool-47-thread-1] INFO  server.RaftServerConfigKeys (ConfUtils.java:logGet(43)) - raft.server.notification.no-leader.timeout = 120s (custom)
2019-11-19 00:30:28,269 [pool-47-thread-1] INFO  server.RaftServerConfigKeys (ConfUtils.java:logGet(43)) - raft.server.log.use.memory = false (default)
2019-11-19 00:30:28,270 [pool-47-thread-1] INFO  server.RaftServerConfigKeys (ConfUtils.java:logGet(43)) - raft.server.log.purge.gap = 1000000 (custom)
2019-11-19 00:30:28,270 [pool-47-thread-1] INFO  server.RaftServerConfigKeys (ConfUtils.java:logGet(43)) - raft.server.log.appender.buffer.byte-limit = 33554432 (custom)
2019-11-19 00:30:28,270 [pool-47-thread-1] INFO  server.RaftServerConfigKeys (ConfUtils.java:logGet(43)) - raft.server.log.segment.size.max = 1048576 (custom)
2019-11-19 00:30:28,270 [pool-47-thread-1] INFO  server.RaftServerConfigKeys (ConfUtils.java:logGet(43)) - raft.server.log.segment.cache.num.max = 2 (custom)
2019-11-19 00:30:28,270 [pool-47-thread-1] INFO  segmented.SegmentedRaftLogWorker (SegmentedRaftLogWorker.java:<init>(173)) - new bc99bf45-4121-4a06-aeae-d9c6d964d059@group-1AAEEC35C016-SegmentedRaftLogWorker for RaftStorage:Storage Directory /workdir/hadoop-ozone/tools/target/test-dir/MiniOzoneClusterImpl-a19dc363-7e85-4d5f-b92a-6c0ef9d6aade/datanode-2/data/ratis/944de819-fd06-401f-b322-1aaeec35c016
2019-11-19 00:30:28,270 [pool-47-thread-1] INFO  server.RaftServerConfigKeys (ConfUtils.java:logGet(43)) - raft.server.log.queue.byte-limit = 2147483647 (custom)
2019-11-19 00:30:28,270 [pool-47-thread-1] INFO  server.RaftServerConfigKeys (ConfUtils.java:logGet(43)) - raft.server.log.queue.element-limit = 1024 (custom)
2019-11-19 00:30:28,271 [pool-47-thread-1] INFO  server.RaftServerConfigKeys (ConfUtils.java:logGet(43)) - raft.server.log.segment.size.max = 1048576 (custom)
2019-11-19 00:30:28,271 [pool-47-thread-1] INFO  server.RaftServerConfigKeys (ConfUtils.java:logGet(43)) - raft.server.log.preallocated.size = 16384 (custom)
2019-11-19 00:30:28,271 [pool-47-thread-1] INFO  server.RaftServerConfigKeys (ConfUtils.java:logGet(43)) - raft.server.log.write.buffer.size = 33554432 (custom)
2019-11-19 00:30:28,271 [pool-47-thread-1] INFO  server.RaftServerConfigKeys (ConfUtils.java:logGet(43)) - raft.server.log.force.sync.num = 128 (default)
2019-11-19 00:30:28,271 [pool-47-thread-1] INFO  server.RaftServerConfigKeys (ConfUtils.java:logGet(43)) - raft.server.log.statemachine.data.sync = true (default)
2019-11-19 00:30:28,271 [pool-47-thread-1] INFO  server.RaftServerConfigKeys (ConfUtils.java:logGet(43)) - raft.server.log.statemachine.data.sync.timeout = 10s (default)
2019-11-19 00:30:28,271 [pool-47-thread-1] INFO  server.RaftServerConfigKeys (ConfUtils.java:logGet(43)) - raft.server.log.statemachine.data.sync.timeout.retry = -1 (default)
2019-11-19 00:30:28,272 [pool-47-thread-1] INFO  server.RaftServerConfigKeys (ConfUtils.java:logGet(43)) - raft.server.log.statemachine.data.caching.enabled = true (custom)
 0.00% |?                                                                                                    |  0/1 Time: 0:00:022019-11-19 00:30:28,272 [pool-47-thread-1] INFO  segmented.SegmentedRaftLogWorker (SegmentedRaftLogWorker.java:lambda$new$0(128)) - bc99bf45-4121-4a06-aeae-d9c6d964d059@group-1AAEEC35C016-SegmentedRaftLogWorker: flushIndex: setUnconditionally 0 -> -1
2019-11-19 00:30:28,272 [pool-47-thread-1] INFO  server.RaftServerConfigKeys (ConfUtils.java:logGet(43)) - raft.server.snapshot.auto.trigger.enabled = true (custom)
2019-11-19 00:30:28,272 [pool-47-thread-1] INFO  server.RaftServerConfigKeys (ConfUtils.java:logGet(43)) - raft.server.snapshot.auto.trigger.threshold = 10000 (custom)
2019-11-19 00:30:28,273 [pool-47-thread-1] INFO  server.RaftServerConfigKeys (ConfUtils.java:logGet(43)) - raft.server.snapshot.retention.file.num = 5 (custom)
2019-11-19 00:30:28,273 [pool-47-thread-1] INFO  server.RaftServerConfigKeys (ConfUtils.java:logGet(43)) - raft.server.retrycache.expirytime = 600000ms (custom)
2019-11-19 00:30:28,273 [pool-47-thread-1] WARN  impl.MetricRegistriesImpl (MetricRegistriesImpl.java:lambda$create$1(61)) - First MetricRegistry has been created without registering reporters. You may need to call MetricRegistries.global().addReportRegistration(...) before.
2019-11-19 00:30:28,273 [pool-47-thread-1] WARN  impl.MetricRegistriesImpl (MetricRegistriesImpl.java:lambda$create$1(61)) - First MetricRegistry has been created without registering reporters. You may need to call MetricRegistries.global().addReportRegistration(...) before.
2019-11-19 00:30:28,273 [pool-47-thread-1] INFO  impl.RaftServerImpl (RaftServerImpl.java:start(184)) - bc99bf45-4121-4a06-aeae-d9c6d964d059@group-1AAEEC35C016: start as a follower, conf=-1: [e40a9ad9-61b8-4c84-9e56-4a58a674b331:192.168.69.105:41649, bc99bf45-4121-4a06-aeae-d9c6d964d059:192.168.69.105:40478, 10e43304-02b7-4cde-a6c2-5453586e0897:192.168.69.105:35821], old=null
2019-11-19 00:30:28,274 [pool-47-thread-1] INFO  impl.RaftServerImpl (RaftServerImpl.java:setRole(173)) - bc99bf45-4121-4a06-aeae-d9c6d964d059@group-1AAEEC35C016: changes role from      null to FOLLOWER at term 0 for startAsFollower
2019-11-19 00:30:28,274 [pool-47-thread-1] INFO  impl.RoleInfo (RoleInfo.java:updateAndGet(143)) - bc99bf45-4121-4a06-aeae-d9c6d964d059: start FollowerState
2019-11-19 00:30:28,274 [pool-47-thread-1] INFO  util.JmxRegister (JmxRegister.java:tryRegister(44)) - Successfully registered JMX Bean with object name Ratis:service=RaftServer,group=group-1AAEEC35C016,id=bc99bf45-4121-4a06-aeae-d9c6d964d059
2019-11-19 00:30:28,274 [pool-47-thread-1] WARN  impl.MetricRegistriesImpl (MetricRegistriesImpl.java:lambda$create$1(61)) - First MetricRegistry has been created without registering reporters. You may need to call MetricRegistries.global().addReportRegistration(...) before.
2019-11-19 00:30:28,275 [Command processor thread] INFO  commandhandler.CreatePipelineCommandHandler (CreatePipelineCommandHandler.java:handle(86)) - Create Pipeline RATIS THREE #id: "944de819-fd06-401f-b322-1aaeec35c016"
 command succeed on datanode bc99bf45-4121-4a06-aeae-d9c6d964d059.
2019-11-19 00:30:28,276 [EventQueue-PipelineReportForPipelineReportHandler] INFO  pipeline.PipelineReportHandler (PipelineReportHandler.java:processPipelineReport(113)) - Pipeline THREE PipelineID=944de819-fd06-401f-b322-1aaeec35c016 reported by bc99bf45-4121-4a06-aeae-d9c6d964d059{ip: 192.168.69.105, host: pr-hdds-2536-szzs6-2090880147, networkLocation: /default-rack, certSerialId: null}
2019-11-19 00:30:29,064 [Command processor thread] INFO  impl.RaftServerProxy (RaftServerProxy.java:remove(95)) - e40a9ad9-61b8-4c84-9e56-4a58a674b331: remove    LEADER e40a9ad9-61b8-4c84-9e56-4a58a674b331@group-A8E4BCBBD40E:t2, leader=e40a9ad9-61b8-4c84-9e56-4a58a674b331, voted=e40a9ad9-61b8-4c84-9e56-4a58a674b331, raftlog=e40a9ad9-61b8-4c84-9e56-4a58a674b331@group-A8E4BCBBD40E-SegmentedRaftLog:OPENED:c78,f78,i78, conf=0: [e40a9ad9-61b8-4c84-9e56-4a58a674b331:192.168.69.105:41649, bc99bf45-4121-4a06-aeae-d9c6d964d059:192.168.69.105:40478, 10e43304-02b7-4cde-a6c2-5453586e0897:192.168.69.105:35821], old=null RUNNING
2019-11-19 00:30:29,064 [Command processor thread] INFO  impl.RaftServerImpl (RaftServerImpl.java:lambda$shutdown$3(250)) - e40a9ad9-61b8-4c84-9e56-4a58a674b331@group-A8E4BCBBD40E: shutdown
2019-11-19 00:30:29,064 [Command processor thread] INFO  impl.RaftServerProxy (RaftServerProxy.java:remove(95)) - 10e43304-02b7-4cde-a6c2-5453586e0897: remove  FOLLOWER 10e43304-02b7-4cde-a6c2-5453586e0897@group-A8E4BCBBD40E:t2, leader=e40a9ad9-61b8-4c84-9e56-4a58a674b331, voted=e40a9ad9-61b8-4c84-9e56-4a58a674b331, raftlog=10e43304-02b7-4cde-a6c2-5453586e0897@group-A8E4BCBBD40E-SegmentedRaftLog:OPENED:c78,f78,i78, conf=0: [e40a9ad9-61b8-4c84-9e56-4a58a674b331:192.168.69.105:41649, bc99bf45-4121-4a06-aeae-d9c6d964d059:192.168.69.105:40478, 10e43304-02b7-4cde-a6c2-5453586e0897:192.168.69.105:35821], old=null RUNNING
2019-11-19 00:30:29,066 [Command processor thread] INFO  impl.RaftServerImpl (RaftServerImpl.java:lambda$shutdown$3(250)) - 10e43304-02b7-4cde-a6c2-5453586e0897@group-A8E4BCBBD40E: shutdown
2019-11-19 00:30:29,066 [Command processor thread] INFO  util.JmxRegister (JmxRegister.java:unregister(73)) - Successfully un-registered JMX Bean with object name Ratis:service=RaftServer,group=group-A8E4BCBBD40E,id=e40a9ad9-61b8-4c84-9e56-4a58a674b331
2019-11-19 00:30:29,067 [Command processor thread] INFO  util.JmxRegister (JmxRegister.java:unregister(73)) - Successfully un-registered JMX Bean with object name Ratis:service=RaftServer,group=group-A8E4BCBBD40E,id=10e43304-02b7-4cde-a6c2-5453586e0897
2019-11-19 00:30:29,067 [Command processor thread] INFO  impl.RoleInfo (RoleInfo.java:shutdownLeaderState(104)) - e40a9ad9-61b8-4c84-9e56-4a58a674b331: shutdown LeaderState
2019-11-19 00:30:29,068 [Command processor thread] INFO  impl.RoleInfo (RoleInfo.java:shutdownFollowerState(121)) - 10e43304-02b7-4cde-a6c2-5453586e0897: shutdown FollowerState
2019-11-19 00:30:29,068 [Command processor thread] INFO  impl.StateMachineUpdater (StateMachineUpdater.java:stopAndJoin(136)) - 10e43304-02b7-4cde-a6c2-5453586e0897@group-A8E4BCBBD40E-StateMachineUpdater: set stopIndex = 78
2019-11-19 00:30:29,068 [10e43304-02b7-4cde-a6c2-5453586e0897@group-A8E4BCBBD40E-StateMachineUpdater] INFO  ratis.ContainerStateMachine (ContainerStateMachine.java:takeSnapshot(285)) - group-A8E4BCBBD40E: Taking a snapshot at:(t:2, i:76) file /workdir/hadoop-ozone/tools/target/test-dir/MiniOzoneClusterImpl-a19dc363-7e85-4d5f-b92a-6c0ef9d6aade/datanode-0/data/ratis/635a24b9-c7d2-4959-a2e8-a8e4bcbbd40e/sm/snapshot.2_76
2019-11-19 00:30:29,068 [Thread-213] INFO  impl.FollowerState (FollowerState.java:run(120)) - 10e43304-02b7-4cde-a6c2-5453586e0897@group-A8E4BCBBD40E-FollowerState was interrupted: java.lang.InterruptedException: sleep interrupted
2019-11-19 00:30:29,071 [org.apache.ratis.server.impl.LogAppender$AppenderDaemon$$Lambda$594/1737355475@780c24a7] WARN  server.GrpcLogAppender (GrpcLogAppender.java:mayWait(151)) - e40a9ad9-61b8-4c84-9e56-4a58a674b331@group-A8E4BCBBD40E->10e43304-02b7-4cde-a6c2-5453586e0897-GrpcLogAppender: Wait interrupted by java.lang.InterruptedException
2019-11-19 00:30:29,071 [Command processor thread] INFO  impl.PendingRequests (PendingRequests.java:sendNotLeaderResponses(206)) - e40a9ad9-61b8-4c84-9e56-4a58a674b331@group-A8E4BCBBD40E-PendingRequests: sendNotLeaderResponses
2019-11-19 00:30:29,072 [org.apache.ratis.server.impl.LogAppender$AppenderDaemon$$Lambda$594/1737355475@6f04695f] WARN  server.GrpcLogAppender (GrpcLogAppender.java:mayWait(151)) - e40a9ad9-61b8-4c84-9e56-4a58a674b331@group-A8E4BCBBD40E->bc99bf45-4121-4a06-aeae-d9c6d964d059-GrpcLogAppender: Wait interrupted by java.lang.InterruptedException
2019-11-19 00:30:29,081 [grpc-default-executor-5] INFO  server.GrpcServerProtocolService (GrpcServerProtocolService.java:onCompleted(113)) - bc99bf45-4121-4a06-aeae-d9c6d964d059: Completed APPEND_ENTRIES, lastRequest: e40a9ad9-61b8-4c84-9e56-4a58a674b331->bc99bf45-4121-4a06-aeae-d9c6d964d059#82-t2, previous=(t:2, i:78), leaderCommit=78, initializing? false, entries: <empty>
2019-11-19 00:30:29,081 [grpc-default-executor-0] INFO  server.GrpcServerProtocolService (GrpcServerProtocolService.java:onCompleted(113)) - 10e43304-02b7-4cde-a6c2-5453586e0897: Completed APPEND_ENTRIES, lastRequest: e40a9ad9-61b8-4c84-9e56-4a58a674b331->10e43304-02b7-4cde-a6c2-5453586e0897#82-t2, previous=(t:2, i:78), leaderCommit=78, initializing? false, entries: <empty>
2019-11-19 00:30:29,082 [e40a9ad9-61b8-4c84-9e56-4a58a674b331@group-A8E4BCBBD40E-StateMachineUpdater] INFO  ratis.ContainerStateMachine (ContainerStateMachine.java:takeSnapshot(285)) - group-A8E4BCBBD40E: Taking a snapshot at:(t:2, i:76) file /workdir/hadoop-ozone/tools/target/test-dir/MiniOzoneClusterImpl-a19dc363-7e85-4d5f-b92a-6c0ef9d6aade/datanode-1/data/ratis/635a24b9-c7d2-4959-a2e8-a8e4bcbbd40e/sm/snapshot.2_76
2019-11-19 00:30:29,081 [Command processor thread] INFO  impl.StateMachineUpdater (StateMachineUpdater.java:stopAndJoin(136)) - e40a9ad9-61b8-4c84-9e56-4a58a674b331@group-A8E4BCBBD40E-StateMachineUpdater: set stopIndex = 78
2019-11-19 00:30:29,087 [grpc-default-executor-0] INFO  server.GrpcLogAppender (GrpcLogAppender.java:onCompleted(308)) - e40a9ad9-61b8-4c84-9e56-4a58a674b331@group-A8E4BCBBD40E->bc99bf45-4121-4a06-aeae-d9c6d964d059-AppendLogResponseHandler: follower responses appendEntries COMPLETED
2019-11-19 00:30:29,087 [e40a9ad9-61b8-4c84-9e56-4a58a674b331@group-A8E4BCBBD40E-StateMachineUpdater] INFO  ratis.ContainerStateMachine (ContainerStateMachine.java:takeSnapshot(296)) - group-A8E4BCBBD40E: Finished taking a snapshot at:(t:2, i:76) file:/workdir/hadoop-ozone/tools/target/test-dir/MiniOzoneClusterImpl-a19dc363-7e85-4d5f-b92a-6c0ef9d6aade/datanode-1/data/ratis/635a24b9-c7d2-4959-a2e8-a8e4bcbbd40e/sm/snapshot.2_76 time:5
2019-11-19 00:30:29,087 [10e43304-02b7-4cde-a6c2-5453586e0897@group-A8E4BCBBD40E-StateMachineUpdater] INFO  ratis.ContainerStateMachine (ContainerStateMachine.java:takeSnapshot(296)) - group-A8E4BCBBD40E: Finished taking a snapshot at:(t:2, i:76) file:/workdir/hadoop-ozone/tools/target/test-dir/MiniOzoneClusterImpl-a19dc363-7e85-4d5f-b92a-6c0ef9d6aade/datanode-0/data/ratis/635a24b9-c7d2-4959-a2e8-a8e4bcbbd40e/sm/snapshot.2_76 time:18
2019-11-19 00:30:29,087 [grpc-default-executor-5] INFO  server.GrpcLogAppender (GrpcLogAppender.java:onCompleted(308)) - e40a9ad9-61b8-4c84-9e56-4a58a674b331@group-A8E4BCBBD40E->10e43304-02b7-4cde-a6c2-5453586e0897-AppendLogResponseHandler: follower responses appendEntries COMPLETED
2019-11-19 00:30:29,088 [e40a9ad9-61b8-4c84-9e56-4a58a674b331@group-A8E4BCBBD40E-StateMachineUpdater] INFO  impl.StateMachineUpdater (StateMachineUpdater.java:takeSnapshot(269)) - e40a9ad9-61b8-4c84-9e56-4a58a674b331@group-A8E4BCBBD40E-StateMachineUpdater: Took a snapshot at index 76
2019-11-19 00:30:29,089 [e40a9ad9-61b8-4c84-9e56-4a58a674b331@group-A8E4BCBBD40E-StateMachineUpdater] INFO  impl.StateMachineUpdater (StateMachineUpdater.java:lambda$new$0(84)) - e40a9ad9-61b8-4c84-9e56-4a58a674b331@group-A8E4BCBBD40E-StateMachineUpdater: snapshotIndex: updateIncreasingly -1 -> 76
2019-11-19 00:30:29,089 [10e43304-02b7-4cde-a6c2-5453586e0897@group-A8E4BCBBD40E-StateMachineUpdater] INFO  impl.StateMachineUpdater (StateMachineUpdater.java:takeSnapshot(269)) - 10e43304-02b7-4cde-a6c2-5453586e0897@group-A8E4BCBBD40E-StateMachineUpdater: Took a snapshot at index 76
2019-11-19 00:30:29,089 [10e43304-02b7-4cde-a6c2-5453586e0897@group-A8E4BCBBD40E-StateMachineUpdater] INFO  impl.StateMachineUpdater (StateMachineUpdater.java:lambda$new$0(84)) - 10e43304-02b7-4cde-a6c2-5453586e0897@group-A8E4BCBBD40E-StateMachineUpdater: snapshotIndex: updateIncreasingly -1 -> 76
2019-11-19 00:30:29,089 [e40a9ad9-61b8-4c84-9e56-4a58a674b331@group-A8E4BCBBD40E-StateMachineUpdater] INFO  ratis.ContainerStateMachine (ContainerStateMachine.java:takeSnapshot(285)) - group-A8E4BCBBD40E: Taking a snapshot at:(t:2, i:76) file /workdir/hadoop-ozone/tools/target/test-dir/MiniOzoneClusterImpl-a19dc363-7e85-4d5f-b92a-6c0ef9d6aade/datanode-1/data/ratis/635a24b9-c7d2-4959-a2e8-a8e4bcbbd40e/sm/snapshot.2_76
2019-11-19 00:30:29,091 [10e43304-02b7-4cde-a6c2-5453586e0897@group-A8E4BCBBD40E-StateMachineUpdater] INFO  ratis.ContainerStateMachine (ContainerStateMachine.java:takeSnapshot(285)) - group-A8E4BCBBD40E: Taking a snapshot at:(t:2, i:76) file /workdir/hadoop-ozone/tools/target/test-dir/MiniOzoneClusterImpl-a19dc363-7e85-4d5f-b92a-6c0ef9d6aade/datanode-0/data/ratis/635a24b9-c7d2-4959-a2e8-a8e4bcbbd40e/sm/snapshot.2_76
2019-11-19 00:30:29,093 [grpc-default-executor-5] INFO  impl.FollowerInfo (FollowerInfo.java:lambda$new$0(51)) - e40a9ad9-61b8-4c84-9e56-4a58a674b331@group-A8E4BCBBD40E->10e43304-02b7-4cde-a6c2-5453586e0897: nextIndex: updateUnconditionally 79 -> 78
2019-11-19 00:30:29,093 [grpc-default-executor-0] INFO  impl.FollowerInfo (FollowerInfo.java:lambda$new$0(51)) - e40a9ad9-61b8-4c84-9e56-4a58a674b331@group-A8E4BCBBD40E->bc99bf45-4121-4a06-aeae-d9c6d964d059: nextIndex: updateUnconditionally 79 -> 78
2019-11-19 00:30:29,113 [10e43304-02b7-4cde-a6c2-5453586e0897@group-A8E4BCBBD40E-StateMachineUpdater] INFO  ratis.ContainerStateMachine (ContainerStateMachine.java:takeSnapshot(296)) - group-A8E4BCBBD40E: Finished taking a snapshot at:(t:2, i:76) file:/workdir/hadoop-ozone/tools/target/test-dir/MiniOzoneClusterImpl-a19dc363-7e85-4d5f-b92a-6c0ef9d6aade/datanode-0/data/ratis/635a24b9-c7d2-4959-a2e8-a8e4bcbbd40e/sm/snapshot.2_76 time:21
2019-11-19 00:30:29,113 [e40a9ad9-61b8-4c84-9e56-4a58a674b331@group-A8E4BCBBD40E-StateMachineUpdater] INFO  ratis.ContainerStateMachine (ContainerStateMachine.java:takeSnapshot(296)) - group-A8E4BCBBD40E: Finished taking a snapshot at:(t:2, i:76) file:/workdir/hadoop-ozone/tools/target/test-dir/MiniOzoneClusterImpl-a19dc363-7e85-4d5f-b92a-6c0ef9d6aade/datanode-1/data/ratis/635a24b9-c7d2-4959-a2e8-a8e4bcbbd40e/sm/snapshot.2_76 time:23
2019-11-19 00:30:29,113 [10e43304-02b7-4cde-a6c2-5453586e0897@group-A8E4BCBBD40E-StateMachineUpdater] INFO  impl.StateMachineUpdater (StateMachineUpdater.java:takeSnapshot(269)) - 10e43304-02b7-4cde-a6c2-5453586e0897@group-A8E4BCBBD40E-StateMachineUpdater: Took a snapshot at index 76
2019-11-19 00:30:29,113 [e40a9ad9-61b8-4c84-9e56-4a58a674b331@group-A8E4BCBBD40E-StateMachineUpdater] INFO  impl.StateMachineUpdater (StateMachineUpdater.java:takeSnapshot(269)) - e40a9ad9-61b8-4c84-9e56-4a58a674b331@group-A8E4BCBBD40E-StateMachineUpdater: Took a snapshot at index 76
2019-11-19 00:30:29,113 [10e43304-02b7-4cde-a6c2-5453586e0897@group-A8E4BCBBD40E-StateMachineUpdater] INFO  impl.StateMachineUpdater (StateMachineUpdater.java:lambda$new$0(84)) - 10e43304-02b7-4cde-a6c2-5453586e0897@group-A8E4BCBBD40E-StateMachineUpdater: snapshotIndex: updateIncreasingly 76 -> 76
2019-11-19 00:30:29,113 [e40a9ad9-61b8-4c84-9e56-4a58a674b331@group-A8E4BCBBD40E-StateMachineUpdater] INFO  impl.StateMachineUpdater (StateMachineUpdater.java:lambda$new$0(84)) - e40a9ad9-61b8-4c84-9e56-4a58a674b331@group-A8E4BCBBD40E-StateMachineUpdater: snapshotIndex: updateIncreasingly 76 -> 76
2019-11-19 00:30:29,114 [Command processor thread] INFO  impl.RaftServerImpl (ServerState.java:close(387)) - 10e43304-02b7-4cde-a6c2-5453586e0897@group-A8E4BCBBD40E: closes. applyIndex: 78
2019-11-19 00:30:29,114 [Command processor thread] INFO  impl.RaftServerImpl (ServerState.java:close(387)) - e40a9ad9-61b8-4c84-9e56-4a58a674b331@group-A8E4BCBBD40E: closes. applyIndex: 78
2019-11-19 00:30:29,114 [10e43304-02b7-4cde-a6c2-5453586e0897@group-A8E4BCBBD40E-SegmentedRaftLogWorker] INFO  segmented.SegmentedRaftLogWorker (SegmentedRaftLogWorker.java:run(316)) - 10e43304-02b7-4cde-a6c2-5453586e0897@group-A8E4BCBBD40E-SegmentedRaftLogWorker was interrupted, exiting. There are 0 tasks remaining in the queue.
2019-11-19 00:30:29,114 [e40a9ad9-61b8-4c84-9e56-4a58a674b331@group-A8E4BCBBD40E-SegmentedRaftLogWorker] INFO  segmented.SegmentedRaftLogWorker (SegmentedRaftLogWorker.java:run(316)) - e40a9ad9-61b8-4c84-9e56-4a58a674b331@group-A8E4BCBBD40E-SegmentedRaftLogWorker was interrupted, exiting. There are 0 tasks remaining in the queue.
2019-11-19 00:30:29,115 [Command processor thread] INFO  segmented.SegmentedRaftLogWorker (SegmentedRaftLogWorker.java:close(224)) - 10e43304-02b7-4cde-a6c2-5453586e0897@group-A8E4BCBBD40E-SegmentedRaftLogWorker close()
2019-11-19 00:30:29,116 [Command processor thread] INFO  segmented.SegmentedRaftLogWorker (SegmentedRaftLogWorker.java:close(224)) - e40a9ad9-61b8-4c84-9e56-4a58a674b331@group-A8E4BCBBD40E-SegmentedRaftLogWorker close()
2019-11-19 00:30:29,149 [Command processor thread] INFO  interfaces.Container (KeyValueContainer.java:flushAndSyncDB(400)) - Container 1 is synced with bcsId 60.
2019-11-19 00:30:29,149 [Command processor thread] INFO  interfaces.Container (KeyValueContainer.java:flushAndSyncDB(400)) - Container 1 is synced with bcsId 60.
2019-11-19 00:30:29,150 [Command processor thread] INFO  interfaces.Container (KeyValueContainer.java:flushAndSyncDB(400)) - Container 1 is synced with bcsId 60.
2019-11-19 00:30:29,150 [Command processor thread] INFO  interfaces.Container (KeyValueContainer.java:flushAndSyncDB(400)) - Container 1 is synced with bcsId 60.
2019-11-19 00:30:29,194 [Command processor thread] INFO  interfaces.Container (KeyValueContainer.java:flushAndSyncDB(400)) - Container 2 is synced with bcsId 76.
2019-11-19 00:30:29,194 [Command processor thread] INFO  interfaces.Container (KeyValueContainer.java:flushAndSyncDB(400)) - Container 2 is synced with bcsId 76.
2019-11-19 00:30:29,194 [Command processor thread] INFO  interfaces.Container (KeyValueContainer.java:flushAndSyncDB(400)) - Container 2 is synced with bcsId 76.
2019-11-19 00:30:29,194 [Command processor thread] INFO  interfaces.Container (KeyValueContainer.java:flushAndSyncDB(400)) - Container 2 is synced with bcsId 76.
2019-11-19 00:30:29,226 [Command processor thread] INFO  interfaces.Container (KeyValueContainer.java:flushAndSyncDB(400)) - Container 3 is synced with bcsId 42.
2019-11-19 00:30:29,226 [Command processor thread] INFO  interfaces.Container (KeyValueContainer.java:flushAndSyncDB(400)) - Container 3 is synced with bcsId 42.
2019-11-19 00:30:29,226 [Command processor thread] INFO  interfaces.Container (KeyValueContainer.java:flushAndSyncDB(400)) - Container 3 is synced with bcsId 42.
2019-11-19 00:30:29,226 [Command processor thread] INFO  interfaces.Container (KeyValueContainer.java:flushAndSyncDB(400)) - Container 3 is synced with bcsId 42.
2019-11-19 00:30:29,242 [Command processor thread] INFO  commandhandler.ClosePipelineCommandHandler (ClosePipelineCommandHandler.java:handle(78)) - Close Pipeline #id: "635a24b9-c7d2-4959-a2e8-a8e4bcbbd40e"
 command on datanode #e40a9ad9-61b8-4c84-9e56-4a58a674b331.
2019-11-19 00:30:29,242 [Command processor thread] INFO  commandhandler.ClosePipelineCommandHandler (ClosePipelineCommandHandler.java:handle(78)) - Close Pipeline #id: "635a24b9-c7d2-4959-a2e8-a8e4bcbbd40e"
 command on datanode #10e43304-02b7-4cde-a6c2-5453586e0897.
2019-11-19 00:30:29,243 [Command processor thread] INFO  impl.RaftServerProxy (RaftServerProxy.java:addNew(89)) - 10e43304-02b7-4cde-a6c2-5453586e0897: addNew group-1AAEEC35C016:[e40a9ad9-61b8-4c84-9e56-4a58a674b331:192.168.69.105:41649, bc99bf45-4121-4a06-aeae-d9c6d964d059:192.168.69.105:40478, 10e43304-02b7-4cde-a6c2-5453586e0897:192.168.69.105:35821] returns group-1AAEEC35C016:java.util.concurrent.CompletableFuture@24387f9f[Not completed]
2019-11-19 00:30:29,243 [Command processor thread] INFO  impl.RaftServerProxy (RaftServerProxy.java:addNew(89)) - e40a9ad9-61b8-4c84-9e56-4a58a674b331: addNew group-1AAEEC35C016:[e40a9ad9-61b8-4c84-9e56-4a58a674b331:192.168.69.105:41649, bc99bf45-4121-4a06-aeae-d9c6d964d059:192.168.69.105:40478, 10e43304-02b7-4cde-a6c2-5453586e0897:192.168.69.105:35821] returns group-1AAEEC35C016:java.util.concurrent.CompletableFuture@6e3691b5[Not completed]
2019-11-19 00:30:29,245 [pool-27-thread-1] INFO  impl.RaftServerImpl (RaftServerImpl.java:<init>(98)) - 10e43304-02b7-4cde-a6c2-5453586e0897: new RaftServerImpl for group-1AAEEC35C016:[e40a9ad9-61b8-4c84-9e56-4a58a674b331:192.168.69.105:41649, bc99bf45-4121-4a06-aeae-d9c6d964d059:192.168.69.105:40478, 10e43304-02b7-4cde-a6c2-5453586e0897:192.168.69.105:35821] with ContainerStateMachine:uninitialized
2019-11-19 00:30:29,246 [pool-27-thread-1] INFO  server.RaftServerConfigKeys (ConfUtils.java:logGet(43)) - raft.server.rpc.timeout.min = 5s (custom)
2019-11-19 00:30:29,246 [pool-27-thread-1] INFO  server.RaftServerConfigKeys (ConfUtils.java:logGet(43)) - raft.server.rpc.timeout.max = 5200ms (custom)
2019-11-19 00:30:29,246 [pool-27-thread-1] INFO  server.RaftServerConfigKeys (ConfUtils.java:logGet(43)) - raft.server.rpcslowness.timeout = 120s (custom)
2019-11-19 00:30:29,246 [pool-37-thread-1] INFO  impl.RaftServerImpl (RaftServerImpl.java:<init>(98)) - e40a9ad9-61b8-4c84-9e56-4a58a674b331: new RaftServerImpl for group-1AAEEC35C016:[e40a9ad9-61b8-4c84-9e56-4a58a674b331:192.168.69.105:41649, bc99bf45-4121-4a06-aeae-d9c6d964d059:192.168.69.105:40478, 10e43304-02b7-4cde-a6c2-5453586e0897:192.168.69.105:35821] with ContainerStateMachine:uninitialized
2019-11-19 00:30:29,246 [pool-27-thread-1] INFO  server.RaftServerConfigKeys (ConfUtils.java:logGet(43)) - raft.server.sleep.deviation.threshold = 300 (default)
2019-11-19 00:30:29,246 [pool-37-thread-1] INFO  server.RaftServerConfigKeys (ConfUtils.java:logGet(43)) - raft.server.rpc.timeout.min = 5s (custom)
2019-11-19 00:30:29,246 [pool-27-thread-1] INFO  server.RaftServerConfigKeys (ConfUtils.java:logGet(43)) - raft.server.log.appender.install.snapshot.enabled = false (custom)
2019-11-19 00:30:29,246 [pool-37-thread-1] INFO  server.RaftServerConfigKeys (ConfUtils.java:logGet(43)) - raft.server.rpc.timeout.max = 5200ms (custom)
2019-11-19 00:30:29,246 [pool-27-thread-1] INFO  impl.RaftServerImpl (ServerState.java:<init>(103)) - 10e43304-02b7-4cde-a6c2-5453586e0897@group-1AAEEC35C016: ConfigurationManager, init=-1: [e40a9ad9-61b8-4c84-9e56-4a58a674b331:192.168.69.105:41649, bc99bf45-4121-4a06-aeae-d9c6d964d059:192.168.69.105:40478, 10e43304-02b7-4cde-a6c2-5453586e0897:192.168.69.105:35821], old=null, confs=<EMPTY_MAP>
2019-11-19 00:30:29,246 [pool-37-thread-1] INFO  server.RaftServerConfigKeys (ConfUtils.java:logGet(43)) - raft.server.rpcslowness.timeout = 120s (custom)
2019-11-19 00:30:29,247 [pool-37-thread-1] INFO  server.RaftServerConfigKeys (ConfUtils.java:logGet(43)) - raft.server.sleep.deviation.threshold = 300 (default)
2019-11-19 00:30:29,247 [pool-27-thread-1] INFO  server.RaftServerConfigKeys (ConfUtils.java:logGet(43)) - raft.server.storage.dir = [/workdir/hadoop-ozone/tools/target/test-dir/MiniOzoneClusterImpl-a19dc363-7e85-4d5f-b92a-6c0ef9d6aade/datanode-0/data/ratis] (custom)
2019-11-19 00:30:29,247 [pool-37-thread-1] INFO  server.RaftServerConfigKeys (ConfUtils.java:logGet(43)) - raft.server.log.appender.install.snapshot.enabled = false (custom)
2019-11-19 00:30:29,247 [pool-37-thread-1] INFO  impl.RaftServerImpl (ServerState.java:<init>(103)) - e40a9ad9-61b8-4c84-9e56-4a58a674b331@group-1AAEEC35C016: ConfigurationManager, init=-1: [e40a9ad9-61b8-4c84-9e56-4a58a674b331:192.168.69.105:41649, bc99bf45-4121-4a06-aeae-d9c6d964d059:192.168.69.105:40478, 10e43304-02b7-4cde-a6c2-5453586e0897:192.168.69.105:35821], old=null, confs=<EMPTY_MAP>
2019-11-19 00:30:29,247 [pool-27-thread-1] INFO  server.RaftServerConfigKeys (ConfUtils.java:logGet(43)) - raft.server.log.corruption.policy = EXCEPTION (default)
2019-11-19 00:30:29,247 [pool-37-thread-1] INFO  server.RaftServerConfigKeys (ConfUtils.java:logGet(43)) - raft.server.storage.dir = [/workdir/hadoop-ozone/tools/target/test-dir/MiniOzoneClusterImpl-a19dc363-7e85-4d5f-b92a-6c0ef9d6aade/datanode-1/data/ratis] (custom)
2019-11-19 00:30:29,247 [pool-27-thread-1] INFO  storage.RaftStorageDirectory (RaftStorageDirectory.java:analyzeStorage(246)) - The storage directory /workdir/hadoop-ozone/tools/target/test-dir/MiniOzoneClusterImpl-a19dc363-7e85-4d5f-b92a-6c0ef9d6aade/datanode-0/data/ratis/944de819-fd06-401f-b322-1aaeec35c016 does not exist. Creating ...
2019-11-19 00:30:29,247 [pool-37-thread-1] INFO  server.RaftServerConfigKeys (ConfUtils.java:logGet(43)) - raft.server.log.corruption.policy = EXCEPTION (default)
2019-11-19 00:30:29,248 [pool-37-thread-1] INFO  storage.RaftStorageDirectory (RaftStorageDirectory.java:analyzeStorage(246)) - The storage directory /workdir/hadoop-ozone/tools/target/test-dir/MiniOzoneClusterImpl-a19dc363-7e85-4d5f-b92a-6c0ef9d6aade/datanode-1/data/ratis/944de819-fd06-401f-b322-1aaeec35c016 does not exist. Creating ...
2019-11-19 00:30:29,260 [pool-37-thread-1] INFO  storage.RaftStorageDirectory (RaftStorageDirectory.java:tryLock(328)) - Lock on /workdir/hadoop-ozone/tools/target/test-dir/MiniOzoneClusterImpl-a19dc363-7e85-4d5f-b92a-6c0ef9d6aade/datanode-1/data/ratis/944de819-fd06-401f-b322-1aaeec35c016/in_use.lock acquired by nodename 31943@pr-hdds-2536-szzs6-2090880147
2019-11-19 00:30:29,260 [pool-27-thread-1] INFO  storage.RaftStorageDirectory (RaftStorageDirectory.java:tryLock(328)) - Lock on /workdir/hadoop-ozone/tools/target/test-dir/MiniOzoneClusterImpl-a19dc363-7e85-4d5f-b92a-6c0ef9d6aade/datanode-0/data/ratis/944de819-fd06-401f-b322-1aaeec35c016/in_use.lock acquired by nodename 31943@pr-hdds-2536-szzs6-2090880147
 0.00% |?                                                                                                    |  0/1 Time: 0:00:032019-11-19 00:30:29,274 [pool-37-thread-1] INFO  storage.RaftStorage (RaftStorage.java:format(84)) - Storage directory /workdir/hadoop-ozone/tools/target/test-dir/MiniOzoneClusterImpl-a19dc363-7e85-4d5f-b92a-6c0ef9d6aade/datanode-1/data/ratis/944de819-fd06-401f-b322-1aaeec35c016 has been successfully formatted.
2019-11-19 00:30:29,274 [pool-27-thread-1] INFO  storage.RaftStorage (RaftStorage.java:format(84)) - Storage directory /workdir/hadoop-ozone/tools/target/test-dir/MiniOzoneClusterImpl-a19dc363-7e85-4d5f-b92a-6c0ef9d6aade/datanode-0/data/ratis/944de819-fd06-401f-b322-1aaeec35c016 has been successfully formatted.
2019-11-19 00:30:29,274 [pool-37-thread-1] INFO  ratis.ContainerStateMachine (ContainerStateMachine.java:loadSnapshot(223)) - group-1AAEEC35C016: The snapshot info is null. Setting the last applied indexto:(t:0, i:~)
2019-11-19 00:30:29,274 [pool-37-thread-1] INFO  server.RaftServerConfigKeys (ConfUtils.java:logGet(43)) - raft.server.notification.no-leader.timeout = 120s (custom)
2019-11-19 00:30:29,274 [pool-27-thread-1] INFO  ratis.ContainerStateMachine (ContainerStateMachine.java:loadSnapshot(223)) - group-1AAEEC35C016: The snapshot info is null. Setting the last applied indexto:(t:0, i:~)
2019-11-19 00:30:29,274 [pool-37-thread-1] INFO  server.RaftServerConfigKeys (ConfUtils.java:logGet(43)) - raft.server.log.use.memory = false (default)
2019-11-19 00:30:29,274 [pool-27-thread-1] INFO  server.RaftServerConfigKeys (ConfUtils.java:logGet(43)) - raft.server.notification.no-leader.timeout = 120s (custom)
2019-11-19 00:30:29,275 [pool-37-thread-1] INFO  server.RaftServerConfigKeys (ConfUtils.java:logGet(43)) - raft.server.log.purge.gap = 1000000 (custom)
2019-11-19 00:30:29,275 [pool-27-thread-1] INFO  server.RaftServerConfigKeys (ConfUtils.java:logGet(43)) - raft.server.log.use.memory = false (default)
2019-11-19 00:30:29,275 [pool-37-thread-1] INFO  server.RaftServerConfigKeys (ConfUtils.java:logGet(43)) - raft.server.log.appender.buffer.byte-limit = 33554432 (custom)
2019-11-19 00:30:29,275 [pool-27-thread-1] INFO  server.RaftServerConfigKeys (ConfUtils.java:logGet(43)) - raft.server.log.purge.gap = 1000000 (custom)
2019-11-19 00:30:29,275 [pool-37-thread-1] INFO  server.RaftServerConfigKeys (ConfUtils.java:logGet(43)) - raft.server.log.segment.size.max = 1048576 (custom)
2019-11-19 00:30:29,275 [pool-27-thread-1] INFO  server.RaftServerConfigKeys (ConfUtils.java:logGet(43)) - raft.server.log.appender.buffer.byte-limit = 33554432 (custom)
2019-11-19 00:30:29,275 [pool-37-thread-1] INFO  server.RaftServerConfigKeys (ConfUtils.java:logGet(43)) - raft.server.log.segment.cache.num.max = 2 (custom)
2019-11-19 00:30:29,275 [pool-27-thread-1] INFO  server.RaftServerConfigKeys (ConfUtils.java:logGet(43)) - raft.server.log.segment.size.max = 1048576 (custom)
2019-11-19 00:30:29,275 [pool-37-thread-1] INFO  segmented.SegmentedRaftLogWorker (SegmentedRaftLogWorker.java:<init>(173)) - new e40a9ad9-61b8-4c84-9e56-4a58a674b331@group-1AAEEC35C016-SegmentedRaftLogWorker for RaftStorage:Storage Directory /workdir/hadoop-ozone/tools/target/test-dir/MiniOzoneClusterImpl-a19dc363-7e85-4d5f-b92a-6c0ef9d6aade/datanode-1/data/ratis/944de819-fd06-401f-b322-1aaeec35c016
2019-11-19 00:30:29,276 [pool-27-thread-1] INFO  server.RaftServerConfigKeys (ConfUtils.java:logGet(43)) - raft.server.log.segment.cache.num.max = 2 (custom)
2019-11-19 00:30:29,276 [pool-37-thread-1] INFO  server.RaftServerConfigKeys (ConfUtils.java:logGet(43)) - raft.server.log.queue.byte-limit = 2147483647 (custom)
2019-11-19 00:30:29,276 [pool-27-thread-1] INFO  segmented.SegmentedRaftLogWorker (SegmentedRaftLogWorker.java:<init>(173)) - new 10e43304-02b7-4cde-a6c2-5453586e0897@group-1AAEEC35C016-SegmentedRaftLogWorker for RaftStorage:Storage Directory /workdir/hadoop-ozone/tools/target/test-dir/MiniOzoneClusterImpl-a19dc363-7e85-4d5f-b92a-6c0ef9d6aade/datanode-0/data/ratis/944de819-fd06-401f-b322-1aaeec35c016
2019-11-19 00:30:29,276 [pool-37-thread-1] INFO  server.RaftServerConfigKeys (ConfUtils.java:logGet(43)) - raft.server.log.queue.element-limit = 1024 (custom)
2019-11-19 00:30:29,276 [pool-27-thread-1] INFO  server.RaftServerConfigKeys (ConfUtils.java:logGet(43)) - raft.server.log.queue.byte-limit = 2147483647 (custom)
2019-11-19 00:30:29,276 [pool-37-thread-1] INFO  server.RaftServerConfigKeys (ConfUtils.java:logGet(43)) - raft.server.log.segment.size.max = 1048576 (custom)
2019-11-19 00:30:29,276 [pool-27-thread-1] INFO  server.RaftServerConfigKeys (ConfUtils.java:logGet(43)) - raft.server.log.queue.element-limit = 1024 (custom)
2019-11-19 00:30:29,276 [pool-37-thread-1] INFO  server.RaftServerConfigKeys (ConfUtils.java:logGet(43)) - raft.server.log.preallocated.size = 16384 (custom)
2019-11-19 00:30:29,277 [pool-27-thread-1] INFO  server.RaftServerConfigKeys (ConfUtils.java:logGet(43)) - raft.server.log.segment.size.max = 1048576 (custom)
2019-11-19 00:30:29,277 [pool-37-thread-1] INFO  server.RaftServerConfigKeys (ConfUtils.java:logGet(43)) - raft.server.log.write.buffer.size = 33554432 (custom)
2019-11-19 00:30:29,277 [pool-27-thread-1] INFO  server.RaftServerConfigKeys (ConfUtils.java:logGet(43)) - raft.server.log.preallocated.size = 16384 (custom)
2019-11-19 00:30:29,277 [pool-37-thread-1] INFO  server.RaftServerConfigKeys (ConfUtils.java:logGet(43)) - raft.server.log.force.sync.num = 128 (default)
2019-11-19 00:30:29,277 [pool-27-thread-1] INFO  server.RaftServerConfigKeys (ConfUtils.java:logGet(43)) - raft.server.log.write.buffer.size = 33554432 (custom)
2019-11-19 00:30:29,277 [pool-37-thread-1] INFO  server.RaftServerConfigKeys (ConfUtils.java:logGet(43)) - raft.server.log.statemachine.data.sync = true (default)
2019-11-19 00:30:29,278 [pool-27-thread-1] INFO  server.RaftServerConfigKeys (ConfUtils.java:logGet(43)) - raft.server.log.force.sync.num = 128 (default)
2019-11-19 00:30:29,278 [pool-37-thread-1] INFO  server.RaftServerConfigKeys (ConfUtils.java:logGet(43)) - raft.server.log.statemachine.data.sync.timeout = 10s (default)
2019-11-19 00:30:29,278 [pool-27-thread-1] INFO  server.RaftServerConfigKeys (ConfUtils.java:logGet(43)) - raft.server.log.statemachine.data.sync = true (default)
2019-11-19 00:30:29,278 [pool-37-thread-1] INFO  server.RaftServerConfigKeys (ConfUtils.java:logGet(43)) - raft.server.log.statemachine.data.sync.timeout.retry = -1 (default)
2019-11-19 00:30:29,278 [pool-27-thread-1] INFO  server.RaftServerConfigKeys (ConfUtils.java:logGet(43)) - raft.server.log.statemachine.data.sync.timeout = 10s (default)
2019-11-19 00:30:29,278 [pool-37-thread-1] INFO  server.RaftServerConfigKeys (ConfUtils.java:logGet(43)) - raft.server.log.statemachine.data.caching.enabled = true (custom)
2019-11-19 00:30:29,278 [pool-27-thread-1] INFO  server.RaftServerConfigKeys (ConfUtils.java:logGet(43)) - raft.server.log.statemachine.data.sync.timeout.retry = -1 (default)
2019-11-19 00:30:29,279 [pool-37-thread-1] INFO  segmented.SegmentedRaftLogWorker (SegmentedRaftLogWorker.java:lambda$new$0(128)) - e40a9ad9-61b8-4c84-9e56-4a58a674b331@group-1AAEEC35C016-SegmentedRaftLogWorker: flushIndex: setUnconditionally 0 -> -1
2019-11-19 00:30:29,279 [pool-27-thread-1] INFO  server.RaftServerConfigKeys (ConfUtils.java:logGet(43)) - raft.server.log.statemachine.data.caching.enabled = true (custom)
2019-11-19 00:30:29,279 [pool-37-thread-1] INFO  server.RaftServerConfigKeys (ConfUtils.java:logGet(43)) - raft.server.snapshot.auto.trigger.enabled = true (custom)
2019-11-19 00:30:29,279 [pool-37-thread-1] INFO  server.RaftServerConfigKeys (ConfUtils.java:logGet(43)) - raft.server.snapshot.auto.trigger.threshold = 10000 (custom)
2019-11-19 00:30:29,279 [pool-37-thread-1] INFO  server.RaftServerConfigKeys (ConfUtils.java:logGet(43)) - raft.server.snapshot.retention.file.num = 5 (custom)
2019-11-19 00:30:29,279 [pool-27-thread-1] INFO  segmented.SegmentedRaftLogWorker (SegmentedRaftLogWorker.java:lambda$new$0(128)) - 10e43304-02b7-4cde-a6c2-5453586e0897@group-1AAEEC35C016-SegmentedRaftLogWorker: flushIndex: setUnconditionally 0 -> -1
2019-11-19 00:30:29,279 [pool-37-thread-1] INFO  server.RaftServerConfigKeys (ConfUtils.java:logGet(43)) - raft.server.retrycache.expirytime = 600000ms (custom)
2019-11-19 00:30:29,279 [pool-37-thread-1] WARN  impl.MetricRegistriesImpl (MetricRegistriesImpl.java:lambda$create$1(61)) - First MetricRegistry has been created without registering reporters. You may need to call MetricRegistries.global().addReportRegistration(...) before.
2019-11-19 00:30:29,279 [pool-27-thread-1] INFO  server.RaftServerConfigKeys (ConfUtils.java:logGet(43)) - raft.server.snapshot.auto.trigger.enabled = true (custom)
2019-11-19 00:30:29,280 [pool-37-thread-1] WARN  impl.MetricRegistriesImpl (MetricRegistriesImpl.java:lambda$create$1(61)) - First MetricRegistry has been created without registering reporters. You may need to call MetricRegistries.global().addReportRegistration(...) before.
2019-11-19 00:30:29,280 [pool-27-thread-1] INFO  server.RaftServerConfigKeys (ConfUtils.java:logGet(43)) - raft.server.snapshot.auto.trigger.threshold = 10000 (custom)
2019-11-19 00:30:29,280 [pool-37-thread-1] INFO  impl.RaftServerImpl (RaftServerImpl.java:start(184)) - e40a9ad9-61b8-4c84-9e56-4a58a674b331@group-1AAEEC35C016: start as a follower, conf=-1: [e40a9ad9-61b8-4c84-9e56-4a58a674b331:192.168.69.105:41649, bc99bf45-4121-4a06-aeae-d9c6d964d059:192.168.69.105:40478, 10e43304-02b7-4cde-a6c2-5453586e0897:192.168.69.105:35821], old=null
2019-11-19 00:30:29,280 [pool-27-thread-1] INFO  server.RaftServerConfigKeys (ConfUtils.java:logGet(43)) - raft.server.snapshot.retention.file.num = 5 (custom)
2019-11-19 00:30:29,280 [pool-37-thread-1] INFO  impl.RaftServerImpl (RaftServerImpl.java:setRole(173)) - e40a9ad9-61b8-4c84-9e56-4a58a674b331@group-1AAEEC35C016: changes role from      null to FOLLOWER at term 0 for startAsFollower
2019-11-19 00:30:29,280 [pool-27-thread-1] INFO  server.RaftServerConfigKeys (ConfUtils.java:logGet(43)) - raft.server.retrycache.expirytime = 600000ms (custom)
2019-11-19 00:30:29,280 [pool-37-thread-1] INFO  impl.RoleInfo (RoleInfo.java:updateAndGet(143)) - e40a9ad9-61b8-4c84-9e56-4a58a674b331: start FollowerState
2019-11-19 00:30:29,280 [pool-27-thread-1] WARN  impl.MetricRegistriesImpl (MetricRegistriesImpl.java:lambda$create$1(61)) - First MetricRegistry has been created without registering reporters. You may need to call MetricRegistries.global().addReportRegistration(...) before.
2019-11-19 00:30:29,280 [pool-27-thread-1] WARN  impl.MetricRegistriesImpl (MetricRegistriesImpl.java:lambda$create$1(61)) - First MetricRegistry has been created without registering reporters. You may need to call MetricRegistries.global().addReportRegistration(...) before.
2019-11-19 00:30:29,281 [pool-37-thread-1] INFO  util.JmxRegister (JmxRegister.java:tryRegister(44)) - Successfully registered JMX Bean with object name Ratis:service=RaftServer,group=group-1AAEEC35C016,id=e40a9ad9-61b8-4c84-9e56-4a58a674b331
2019-11-19 00:30:29,281 [pool-37-thread-1] WARN  impl.MetricRegistriesImpl (MetricRegistriesImpl.java:lambda$create$1(61)) - First MetricRegistry has been created without registering reporters. You may need to call MetricRegistries.global().addReportRegistration(...) before.
2019-11-19 00:30:29,281 [pool-27-thread-1] INFO  impl.RaftServerImpl (RaftServerImpl.java:start(184)) - 10e43304-02b7-4cde-a6c2-5453586e0897@group-1AAEEC35C016: start as a follower, conf=-1: [e40a9ad9-61b8-4c84-9e56-4a58a674b331:192.168.69.105:41649, bc99bf45-4121-4a06-aeae-d9c6d964d059:192.168.69.105:40478, 10e43304-02b7-4cde-a6c2-5453586e0897:192.168.69.105:35821], old=null
2019-11-19 00:30:29,281 [pool-27-thread-1] INFO  impl.RaftServerImpl (RaftServerImpl.java:setRole(173)) - 10e43304-02b7-4cde-a6c2-5453586e0897@group-1AAEEC35C016: changes role from      null to FOLLOWER at term 0 for startAsFollower
2019-11-19 00:30:29,281 [pool-27-thread-1] INFO  impl.RoleInfo (RoleInfo.java:updateAndGet(143)) - 10e43304-02b7-4cde-a6c2-5453586e0897: start FollowerState
2019-11-19 00:30:29,281 [Command processor thread] INFO  commandhandler.CreatePipelineCommandHandler (CreatePipelineCommandHandler.java:handle(86)) - Create Pipeline RATIS THREE #id: "944de819-fd06-401f-b322-1aaeec35c016"
 command succeed on datanode e40a9ad9-61b8-4c84-9e56-4a58a674b331.
2019-11-19 00:30:29,282 [pool-27-thread-1] INFO  util.JmxRegister (JmxRegister.java:tryRegister(44)) - Successfully registered JMX Bean with object name Ratis:service=RaftServer,group=group-1AAEEC35C016,id=10e43304-02b7-4cde-a6c2-5453586e0897
2019-11-19 00:30:29,282 [pool-27-thread-1] WARN  impl.MetricRegistriesImpl (MetricRegistriesImpl.java:lambda$create$1(61)) - First MetricRegistry has been created without registering reporters. You may need to call MetricRegistries.global().addReportRegistration(...) before.
2019-11-19 00:30:29,282 [Command processor thread] INFO  commandhandler.CreatePipelineCommandHandler (CreatePipelineCommandHandler.java:handle(86)) - Create Pipeline RATIS THREE #id: "944de819-fd06-401f-b322-1aaeec35c016"
 command succeed on datanode 10e43304-02b7-4cde-a6c2-5453586e0897.
2019-11-19 00:30:29,283 [EventQueue-PipelineReportForPipelineReportHandler] INFO  pipeline.PipelineReportHandler (PipelineReportHandler.java:processPipelineReport(113)) - Pipeline THREE PipelineID=944de819-fd06-401f-b322-1aaeec35c016 reported by e40a9ad9-61b8-4c84-9e56-4a58a674b331{ip: 192.168.69.105, host: pr-hdds-2536-szzs6-2090880147, networkLocation: /default-rack, certSerialId: null}
2019-11-19 00:30:29,283 [EventQueue-PipelineReportForPipelineReportHandler] INFO  pipeline.PipelineReportHandler (PipelineReportHandler.java:processPipelineReport(113)) - Pipeline THREE PipelineID=944de819-fd06-401f-b322-1aaeec35c016 reported by 10e43304-02b7-4cde-a6c2-5453586e0897{ip: 192.168.69.105, host: pr-hdds-2536-szzs6-2090880147, networkLocation: /default-rack, certSerialId: null}
 0.00% |?                                                                                                    |  0/1 Time: 0:00:04 100.00% |?????????????????????????????????????????????????????????????????????????????????????????????????????|  1/1 Time: 0:00:05
2019-11-19 00:30:33,296 [Thread-467] INFO  impl.FollowerState (FollowerState.java:run(111)) - bc99bf45-4121-4a06-aeae-d9c6d964d059@group-1AAEEC35C016-FollowerState: change to CANDIDATE, lastRpcTime:5022ms, electionTimeout:5022ms
2019-11-19 00:30:33,297 [Thread-467] INFO  impl.RoleInfo (RoleInfo.java:shutdownFollowerState(121)) - bc99bf45-4121-4a06-aeae-d9c6d964d059: shutdown FollowerState
2019-11-19 00:30:33,297 [Thread-467] INFO  impl.RaftServerImpl (RaftServerImpl.java:setRole(173)) - bc99bf45-4121-4a06-aeae-d9c6d964d059@group-1AAEEC35C016: changes role from  FOLLOWER to CANDIDATE at term 0 for changeToCandidate
2019-11-19 00:30:33,297 [Thread-467] INFO  impl.RoleInfo (RoleInfo.java:updateAndGet(143)) - bc99bf45-4121-4a06-aeae-d9c6d964d059: start LeaderElection
2019-11-19 00:30:33,307 [bc99bf45-4121-4a06-aeae-d9c6d964d059@group-1AAEEC35C016-LeaderElection8] INFO  impl.LeaderElection (LeaderElection.java:askForVotes(178)) - bc99bf45-4121-4a06-aeae-d9c6d964d059@group-1AAEEC35C016-LeaderElection8: begin an election at term 1 for -1: [e40a9ad9-61b8-4c84-9e56-4a58a674b331:192.168.69.105:41649, bc99bf45-4121-4a06-aeae-d9c6d964d059:192.168.69.105:40478, 10e43304-02b7-4cde-a6c2-5453586e0897:192.168.69.105:35821], old=null
2019-11-19 00:30:33,320 [grpc-default-executor-5] INFO  impl.RaftServerImpl (RaftServerImpl.java:setRole(173)) - e40a9ad9-61b8-4c84-9e56-4a58a674b331@group-1AAEEC35C016: changes role from  FOLLOWER to FOLLOWER at term 1 for recognizeCandidate:bc99bf45-4121-4a06-aeae-d9c6d964d059
2019-11-19 00:30:33,320 [grpc-default-executor-0] INFO  impl.RaftServerImpl (RaftServerImpl.java:setRole(173)) - 10e43304-02b7-4cde-a6c2-5453586e0897@group-1AAEEC35C016: changes role from  FOLLOWER to FOLLOWER at term 1 for recognizeCandidate:bc99bf45-4121-4a06-aeae-d9c6d964d059
2019-11-19 00:30:33,320 [grpc-default-executor-5] INFO  impl.RoleInfo (RoleInfo.java:shutdownFollowerState(121)) - e40a9ad9-61b8-4c84-9e56-4a58a674b331: shutdown FollowerState
2019-11-19 00:30:33,320 [grpc-default-executor-0] INFO  impl.RoleInfo (RoleInfo.java:shutdownFollowerState(121)) - 10e43304-02b7-4cde-a6c2-5453586e0897: shutdown FollowerState
2019-11-19 00:30:33,321 [Thread-470] INFO  impl.FollowerState (FollowerState.java:run(120)) - e40a9ad9-61b8-4c84-9e56-4a58a674b331@group-1AAEEC35C016-FollowerState was interrupted: java.lang.InterruptedException: sleep interrupted
2019-11-19 00:30:33,321 [Thread-471] INFO  impl.FollowerState (FollowerState.java:run(120)) - 10e43304-02b7-4cde-a6c2-5453586e0897@group-1AAEEC35C016-FollowerState was interrupted: java.lang.InterruptedException: sleep interrupted
2019-11-19 00:30:33,321 [grpc-default-executor-5] INFO  impl.RoleInfo (RoleInfo.java:updateAndGet(143)) - e40a9ad9-61b8-4c84-9e56-4a58a674b331: start FollowerState
2019-11-19 00:30:33,321 [grpc-default-executor-0] INFO  impl.RoleInfo (RoleInfo.java:updateAndGet(143)) - 10e43304-02b7-4cde-a6c2-5453586e0897: start FollowerState
2019-11-19 00:30:33,332 [bc99bf45-4121-4a06-aeae-d9c6d964d059@group-1AAEEC35C016-LeaderElection8] INFO  impl.LeaderElection (LeaderElection.java:logAndReturn(56)) - bc99bf45-4121-4a06-aeae-d9c6d964d059@group-1AAEEC35C016-LeaderElection8: Election PASSED; received 1 response(s) [bc99bf45-4121-4a06-aeae-d9c6d964d059<-10e43304-02b7-4cde-a6c2-5453586e0897#0:OK-t1] and 0 exception(s); bc99bf45-4121-4a06-aeae-d9c6d964d059@group-1AAEEC35C016:t1, leader=null, voted=bc99bf45-4121-4a06-aeae-d9c6d964d059, raftlog=bc99bf45-4121-4a06-aeae-d9c6d964d059@group-1AAEEC35C016-SegmentedRaftLog:OPENED:c-1,f-1,i0, conf=-1: [e40a9ad9-61b8-4c84-9e56-4a58a674b331:192.168.69.105:41649, bc99bf45-4121-4a06-aeae-d9c6d964d059:192.168.69.105:40478, 10e43304-02b7-4cde-a6c2-5453586e0897:192.168.69.105:35821], old=null
2019-11-19 00:30:33,333 [bc99bf45-4121-4a06-aeae-d9c6d964d059@group-1AAEEC35C016-LeaderElection8] INFO  impl.RoleInfo (RoleInfo.java:shutdownLeaderElection(134)) - bc99bf45-4121-4a06-aeae-d9c6d964d059: shutdown LeaderElection
2019-11-19 00:30:33,334 [bc99bf45-4121-4a06-aeae-d9c6d964d059@group-1AAEEC35C016-LeaderElection8] INFO  impl.RaftServerImpl (RaftServerImpl.java:setRole(173)) - bc99bf45-4121-4a06-aeae-d9c6d964d059@group-1AAEEC35C016: changes role from CANDIDATE to LEADER at term 1 for changeToLeader
2019-11-19 00:30:33,334 [bc99bf45-4121-4a06-aeae-d9c6d964d059@group-1AAEEC35C016-LeaderElection8] INFO  ratis.XceiverServerRatis (XceiverServerRatis.java:handleLeaderChangedNotification(733)) - Leader change notification received for group: group-1AAEEC35C016 with new leaderId: bc99bf45-4121-4a06-aeae-d9c6d964d059
2019-11-19 00:30:33,334 [bc99bf45-4121-4a06-aeae-d9c6d964d059@group-1AAEEC35C016-LeaderElection8] INFO  impl.RaftServerImpl (ServerState.java:setLeader(255)) - bc99bf45-4121-4a06-aeae-d9c6d964d059@group-1AAEEC35C016: change Leader from null to bc99bf45-4121-4a06-aeae-d9c6d964d059 at term 1 for becomeLeader, leader elected after 5064ms
2019-11-19 00:30:33,335 [bc99bf45-4121-4a06-aeae-d9c6d964d059@group-1AAEEC35C016-LeaderElection8] INFO  server.RaftServerConfigKeys (ConfUtils.java:logGet(43)) - raft.server.staging.catchup.gap = 1000 (default)
2019-11-19 00:30:33,335 [bc99bf45-4121-4a06-aeae-d9c6d964d059@group-1AAEEC35C016-LeaderElection8] INFO  server.RaftServerConfigKeys (ConfUtils.java:logGet(43)) - raft.server.rpc.sleep.time = 25ms (default)
2019-11-19 00:30:33,335 [bc99bf45-4121-4a06-aeae-d9c6d964d059@group-1AAEEC35C016-LeaderElection8] INFO  server.RaftServerConfigKeys (ConfUtils.java:logGet(43)) - raft.server.write.element-limit = 4096 (default)
2019-11-19 00:30:33,336 [bc99bf45-4121-4a06-aeae-d9c6d964d059@group-1AAEEC35C016-LeaderElection8] INFO  server.RaftServerConfigKeys (ConfUtils.java:logGet(43)) - raft.server.watch.timeout = 10s (default)
2019-11-19 00:30:33,336 [bc99bf45-4121-4a06-aeae-d9c6d964d059@group-1AAEEC35C016-LeaderElection8] INFO  server.RaftServerConfigKeys (ConfUtils.java:logGet(43)) - raft.server.watch.timeout.denomination = 1s (default)
2019-11-19 00:30:33,336 [bc99bf45-4121-4a06-aeae-d9c6d964d059@group-1AAEEC35C016-LeaderElection8] INFO  server.RaftServerConfigKeys (ConfUtils.java:logGet(43)) - raft.server.watch.element-limit = 65536 (default)
2019-11-19 00:30:33,337 [EventQueue-PipelineReportForPipelineReportHandler] INFO  pipeline.PipelineReportHandler (PipelineReportHandler.java:processPipelineReport(113)) - Pipeline THREE PipelineID=944de819-fd06-401f-b322-1aaeec35c016 reported by bc99bf45-4121-4a06-aeae-d9c6d964d059{ip: 192.168.69.105, host: pr-hdds-2536-szzs6-2090880147, networkLocation: /default-rack, certSerialId: null}
2019-11-19 00:30:33,337 [bc99bf45-4121-4a06-aeae-d9c6d964d059@group-1AAEEC35C016-LeaderElection8] INFO  server.RaftServerConfigKeys (ConfUtils.java:logGet(43)) - raft.server.log.appender.snapshot.chunk.size.max = 16MB (=16777216) (default)
2019-11-19 00:30:33,338 [EventQueue-PipelineReportForPipelineReportHandler] INFO  pipeline.PipelineStateManager (PipelineStateManager.java:openPipeline(132)) - Pipeline Pipeline[ Id: 944de819-fd06-401f-b322-1aaeec35c016, Nodes: 10e43304-02b7-4cde-a6c2-5453586e0897{ip: 192.168.69.105, host: pr-hdds-2536-szzs6-2090880147, networkLocation: /default-rack, certSerialId: null}e40a9ad9-61b8-4c84-9e56-4a58a674b331{ip: 192.168.69.105, host: pr-hdds-2536-szzs6-2090880147, networkLocation: /default-rack, certSerialId: null}bc99bf45-4121-4a06-aeae-d9c6d964d059{ip: 192.168.69.105, host: pr-hdds-2536-szzs6-2090880147, networkLocation: /default-rack, certSerialId: null}, Type:RATIS, Factor:THREE, State:ALLOCATED] moved to OPEN state
2019-11-19 00:30:33,338 [bc99bf45-4121-4a06-aeae-d9c6d964d059@group-1AAEEC35C016-LeaderElection8] INFO  server.RaftServerConfigKeys (ConfUtils.java:logGet(43)) - raft.server.log.appender.buffer.byte-limit = 33554432 (custom)
2019-11-19 00:30:33,339 [bc99bf45-4121-4a06-aeae-d9c6d964d059@group-1AAEEC35C016-LeaderElection8] INFO  server.RaftServerConfigKeys (ConfUtils.java:logGet(43)) - raft.server.log.appender.buffer.element-limit = 1 (custom)
2019-11-19 00:30:33,339 [bc99bf45-4121-4a06-aeae-d9c6d964d059@group-1AAEEC35C016-LeaderElection8] INFO  grpc.GrpcConfigKeys$Server (ConfUtils.java:logGet(43)) - raft.grpc.server.leader.outstanding.appends.max = 128 (default)
2019-11-19 00:30:33,340 [bc99bf45-4121-4a06-aeae-d9c6d964d059@group-1AAEEC35C016-LeaderElection8] INFO  server.RaftServerConfigKeys (ConfUtils.java:logGet(43)) - raft.server.rpc.request.timeout = 3000ms (default)
2019-11-19 00:30:33,340 [bc99bf45-4121-4a06-aeae-d9c6d964d059@group-1AAEEC35C016-LeaderElection8] INFO  server.RaftServerConfigKeys (ConfUtils.java:logGet(43)) - raft.server.log.appender.install.snapshot.enabled = false (custom)
2019-11-19 00:30:33,341 [bc99bf45-4121-4a06-aeae-d9c6d964d059@group-1AAEEC35C016-LeaderElection8] WARN  impl.MetricRegistriesImpl (MetricRegistriesImpl.java:lambda$create$1(61)) - First MetricRegistry has been created without registering reporters. You may need to call MetricRegistries.global().addReportRegistration(...) before.
2019-11-19 00:30:33,341 [bc99bf45-4121-4a06-aeae-d9c6d964d059@group-1AAEEC35C016-LeaderElection8] INFO  server.RaftServerConfigKeys (ConfUtils.java:logGet(43)) - raft.server.log.appender.snapshot.chunk.size.max = 16MB (=16777216) (default)
2019-11-19 00:30:33,341 [bc99bf45-4121-4a06-aeae-d9c6d964d059@group-1AAEEC35C016-LeaderElection8] INFO  server.RaftServerConfigKeys (ConfUtils.java:logGet(43)) - raft.server.log.appender.buffer.byte-limit = 33554432 (custom)
2019-11-19 00:30:33,341 [bc99bf45-4121-4a06-aeae-d9c6d964d059@group-1AAEEC35C016-LeaderElection8] INFO  server.RaftServerConfigKeys (ConfUtils.java:logGet(43)) - raft.server.log.appender.buffer.element-limit = 1 (custom)
2019-11-19 00:30:33,342 [bc99bf45-4121-4a06-aeae-d9c6d964d059@group-1AAEEC35C016-LeaderElection8] INFO  grpc.GrpcConfigKeys$Server (ConfUtils.java:logGet(43)) - raft.grpc.server.leader.outstanding.appends.max = 128 (default)
2019-11-19 00:30:33,342 [bc99bf45-4121-4a06-aeae-d9c6d964d059@group-1AAEEC35C016-LeaderElection8] INFO  server.RaftServerConfigKeys (ConfUtils.java:logGet(43)) - raft.server.rpc.request.timeout = 3000ms (default)
2019-11-19 00:30:33,342 [bc99bf45-4121-4a06-aeae-d9c6d964d059@group-1AAEEC35C016-LeaderElection8] INFO  server.RaftServerConfigKeys (ConfUtils.java:logGet(43)) - raft.server.log.appender.install.snapshot.enabled = false (custom)
2019-11-19 00:30:33,342 [bc99bf45-4121-4a06-aeae-d9c6d964d059@group-1AAEEC35C016-LeaderElection8] INFO  impl.RoleInfo (RoleInfo.java:updateAndGet(143)) - bc99bf45-4121-4a06-aeae-d9c6d964d059: start LeaderState
2019-11-19 00:30:33,343 [bc99bf45-4121-4a06-aeae-d9c6d964d059@group-1AAEEC35C016-LeaderElection8] INFO  segmented.SegmentedRaftLogWorker (SegmentedRaftLogWorker.java:startLogSegment(385)) - bc99bf45-4121-4a06-aeae-d9c6d964d059@group-1AAEEC35C016-SegmentedRaftLogWorker: Starting segment from index:0
2019-11-19 00:30:33,345 [bc99bf45-4121-4a06-aeae-d9c6d964d059@group-1AAEEC35C016-LeaderElection8] INFO  impl.RaftServerImpl (ServerState.java:setRaftConf(356)) - bc99bf45-4121-4a06-aeae-d9c6d964d059@group-1AAEEC35C016: set configuration 0: [e40a9ad9-61b8-4c84-9e56-4a58a674b331:192.168.69.105:41649, bc99bf45-4121-4a06-aeae-d9c6d964d059:192.168.69.105:40478, 10e43304-02b7-4cde-a6c2-5453586e0897:192.168.69.105:35821], old=null at 0
2019-11-19 00:30:33,384 [grpc-default-executor-5] INFO  ratis.XceiverServerRatis (XceiverServerRatis.java:handleLeaderChangedNotification(733)) - Leader change notification received for group: group-1AAEEC35C016 with new leaderId: bc99bf45-4121-4a06-aeae-d9c6d964d059
2019-11-19 00:30:33,384 [grpc-default-executor-0] INFO  ratis.XceiverServerRatis (XceiverServerRatis.java:handleLeaderChangedNotification(733)) - Leader change notification received for group: group-1AAEEC35C016 with new leaderId: bc99bf45-4121-4a06-aeae-d9c6d964d059
2019-11-19 00:30:33,385 [grpc-default-executor-5] INFO  impl.RaftServerImpl (ServerState.java:setLeader(255)) - e40a9ad9-61b8-4c84-9e56-4a58a674b331@group-1AAEEC35C016: change Leader from null to bc99bf45-4121-4a06-aeae-d9c6d964d059 at term 1 for appendEntries, leader elected after 4109ms
2019-11-19 00:30:33,385 [grpc-default-executor-0] INFO  impl.RaftServerImpl (ServerState.java:setLeader(255)) - 10e43304-02b7-4cde-a6c2-5453586e0897@group-1AAEEC35C016: change Leader from null to bc99bf45-4121-4a06-aeae-d9c6d964d059 at term 1 for appendEntries, leader elected after 4109ms
2019-11-19 00:30:33,391 [grpc-default-executor-5] INFO  impl.RaftServerImpl (ServerState.java:setRaftConf(356)) - 10e43304-02b7-4cde-a6c2-5453586e0897@group-1AAEEC35C016: set configuration 0: [e40a9ad9-61b8-4c84-9e56-4a58a674b331:192.168.69.105:41649, bc99bf45-4121-4a06-aeae-d9c6d964d059:192.168.69.105:40478, 10e43304-02b7-4cde-a6c2-5453586e0897:192.168.69.105:35821], old=null at 0
2019-11-19 00:30:33,391 [grpc-default-executor-0] INFO  impl.RaftServerImpl (ServerState.java:setRaftConf(356)) - e40a9ad9-61b8-4c84-9e56-4a58a674b331@group-1AAEEC35C016: set configuration 0: [e40a9ad9-61b8-4c84-9e56-4a58a674b331:192.168.69.105:41649, bc99bf45-4121-4a06-aeae-d9c6d964d059:192.168.69.105:40478, 10e43304-02b7-4cde-a6c2-5453586e0897:192.168.69.105:35821], old=null at 0
2019-11-19 00:30:33,391 [grpc-default-executor-5] INFO  segmented.SegmentedRaftLogWorker (SegmentedRaftLogWorker.java:startLogSegment(385)) - 10e43304-02b7-4cde-a6c2-5453586e0897@group-1AAEEC35C016-SegmentedRaftLogWorker: Starting segment from index:0
2019-11-19 00:30:33,392 [grpc-default-executor-0] INFO  segmented.SegmentedRaftLogWorker (SegmentedRaftLogWorker.java:startLogSegment(385)) - e40a9ad9-61b8-4c84-9e56-4a58a674b331@group-1AAEEC35C016-SegmentedRaftLogWorker: Starting segment from index:0
2019-11-19 00:30:33,392 [bc99bf45-4121-4a06-aeae-d9c6d964d059@group-1AAEEC35C016-SegmentedRaftLogWorker] INFO  segmented.SegmentedRaftLogWorker (SegmentedRaftLogWorker.java:execute(576)) - bc99bf45-4121-4a06-aeae-d9c6d964d059@group-1AAEEC35C016-SegmentedRaftLogWorker: created new log segment /workdir/hadoop-ozone/tools/target/test-dir/MiniOzoneClusterImpl-a19dc363-7e85-4d5f-b92a-6c0ef9d6aade/datanode-2/data/ratis/944de819-fd06-401f-b322-1aaeec35c016/current/log_inprogress_0
2019-11-19 00:30:33,430 [e40a9ad9-61b8-4c84-9e56-4a58a674b331@group-1AAEEC35C016-SegmentedRaftLogWorker] INFO  segmented.SegmentedRaftLogWorker (SegmentedRaftLogWorker.java:execute(576)) - e40a9ad9-61b8-4c84-9e56-4a58a674b331@group-1AAEEC35C016-SegmentedRaftLogWorker: created new log segment /workdir/hadoop-ozone/tools/target/test-dir/MiniOzoneClusterImpl-a19dc363-7e85-4d5f-b92a-6c0ef9d6aade/datanode-1/data/ratis/944de819-fd06-401f-b322-1aaeec35c016/current/log_inprogress_0
2019-11-19 00:30:33,433 [10e43304-02b7-4cde-a6c2-5453586e0897@group-1AAEEC35C016-SegmentedRaftLogWorker] INFO  segmented.SegmentedRaftLogWorker (SegmentedRaftLogWorker.java:execute(576)) - 10e43304-02b7-4cde-a6c2-5453586e0897@group-1AAEEC35C016-SegmentedRaftLogWorker: created new log segment /workdir/hadoop-ozone/tools/target/test-dir/MiniOzoneClusterImpl-a19dc363-7e85-4d5f-b92a-6c0ef9d6aade/datanode-0/data/ratis/944de819-fd06-401f-b322-1aaeec35c016/current/log_inprogress_0
]]></system-out>
    <system-err><![CDATA[ERROR StatusLogger No Log4j 2 configuration file found. Using default configuration (logging only errors to the console), or user programmatically provided configurations. Set system property 'log4j2.debug' to show Log4j 2 internal initialization logging. See https://logging.apache.org/log4j/2.x/manual/configuration.html for instructions on how to configure Log4j 2
]]></system-err>
  </testcase>
</testsuite>